TRXV5
3
4
4
9
string Extension=J
integer IsArchMeasurement=1
integer IsSpherical=1
string Generator=SPM
string GeneratorVersion=1.3.1 Dev
double ArchRadius=0.449999988079071
integer FrequencyAxisIndex=0
integer AzimuthAxisIndex=1
integer ElevationAxisIndex=2
Frequency
5 136 690000000 960000000 LIN
Azimuth
7 8 0 2.74889357189107 LIN
Elevation
7 15 -2.74889357189107 2.74889357189107 LIN
Polar H Real Part
13
Polar H Imaginary Part
14
Polar V Real Part
13
Polar V Imaginary Part
14
Polar H Magnitude (dB)
12 0xC0000002 0 1
Polar H Phase
7 0xC0000003 0 1
Polar V Magnitude (dB)
12 0xC0000002 2 3
Polar V Phase
7 0xC0000003 2 3
-0.0399093627929688 0.070831298828125 0.1021728515625 0.0208053588867188
0.0302505493164063 0.0666160583496094 0.0460166931152344 0.0300369262695313
0.0508346557617188 0.0084381103515625 0.0357017517089844 0.0442047119140625
0.0355186462402344 -0.0213546752929687 0.0707168579101563 0.0463790893554688
0.0172195434570313 -0.0329570770263672 0.0941848754882813 0.0159378051757812
-0.000865936279296879 -0.0462913513183594 0.096099853515625 -0.0264968872070313
-0.00654220581054688 -0.0423316955566406 0.0817108154296875 -0.0383071899414063
-0.000286102294921876 -0.0401954650878906 0.0608940124511719 -0.0265388488769531
0.0145416259765625 -0.0512313842773438 0.0364189147949219 -0.00651931762695313
0.0427894592285156 -0.0305023193359375 0.0093841552734375 0.00100898742675781
0.0544395446777344 0.00881195068359375 -0.0189361572265625 -0.0247745513916016
0.0382614135742188 0.0409164428710937 -0.00632095336914062 -0.0619316101074219
-0.0109939575195313 0.0627937316894531 0.0610427856445313 -0.0916366577148438
-0.0546836853027344 0.0604972839355469 0.100723266601563 -0.06793212890625
-0.0802001953125 0.0426864624023438 0.0681419372558594 -0.0284347534179687
-0.0737991333007813 0.0684738159179687 0.0809783935546875 0.047149658203125
-0.00428009033203124 0.0823898315429688 0.0315437316894531 0.055908203125
0.0347671508789063 0.0363998413085938 0.0332794189453125 0.0651435852050781
0.0384979248046875 0.0085906982421875 0.0710525512695313 0.0651168823242188
0.0343399047851563 -0.0115299224853516 0.0953216552734375 0.033294677734375
0.0296783447265625 -0.0363121032714844 0.102371215820313 -0.01043701171875
0.0234375 -0.041900634765625 0.0842742919921875 -0.0224533081054688
0.0251502990722656 -0.0377044677734375 0.0589447021484375 -0.0103836059570313
0.0414199829101563 -0.0456047058105469 0.0296287536621094 0.0103855133056641
0.064788818359375 -0.0184097290039063 -0.00250148773193359 0.016845703125
0.0650863647460938 0.027130126953125 -0.0359115600585937 -0.0120887756347656
0.040069580078125 0.0629692077636719 -0.0291366577148438 -0.0540962219238281
-0.0242996215820312 0.0811996459960938 0.0324630737304688 -0.0910568237304688
-0.078826904296875 0.0689697265625 0.0656318664550781 -0.0612945556640625
-0.107231140136719 0.044586181640625 0.0311088562011719 -0.0186996459960937
-0.101036071777344 0.0535049438476563 0.0449752807617187 0.0704803466796875
-0.0445632934570312 0.0847015380859375 0.00344848632812499 0.0819091796875
0.00875091552734375 0.0618782043457031 0.02227783203125 0.0894317626953125
0.033538818359375 0.0423965454101563 0.0650634765625 0.0848846435546875
0.0471649169921875 0.0164413452148438 0.0890350341796875 0.0493621826171875
0.0570945739746094 -0.0178451538085938 0.0987701416015625 0.00714874267578125
0.0507278442382813 -0.0344200134277344 0.0755844116210938 -0.0050506591796875
0.0466804504394531 -0.029388427734375 0.0466995239257813 0.0067291259765625
0.0608139038085937 -0.0353469848632813 0.0160312652587891 0.0278034210205078
0.0764312744140625 -0.007659912109375 -0.0181941986083984 0.0321178436279297
0.0686416625976563 0.0360107421875 -0.0531501770019531 0.00274276733398438
0.0409469604492188 0.0715408325195313 -0.0499725341796875 -0.0410575866699219
-0.0253982543945312 0.087646484375 0.00289154052734375 -0.0819320678710938
-0.0848236083984375 0.0718231201171875 0.02642822265625 -0.0463447570800781
-0.117607116699219 0.0420303344726563 -0.0115528106689453 -0.0069742202758789
-0.111289978027344 0.0298309326171875 -0.00128173828125 0.0850067138671875
-0.0772323608398438 0.0713424682617187 -0.0363388061523438 0.102363586425781
-0.0211563110351563 0.0748443603515625 0.00307464599609376 0.109298706054687
0.0188751220703125 0.0700454711914063 0.0500030517578125 0.0991058349609375
0.0492668151855469 0.0432319641113281 0.0727996826171875 0.060211181640625
0.0747909545898438 0.00583648681640625 0.0826187133789062 0.0215835571289062
0.0700149536132812 -0.0205574035644531 0.0556564331054688 0.0107994079589844
0.0599632263183594 -0.0171585083007813 0.0271186828613281 0.0220813751220703
0.0706939697265625 -0.0205841064453125 -0.00125122070312499 0.0424461364746094
0.0783538818359375 0.003570556640625 -0.0329704284667969 0.0446853637695312
0.0636940002441406 0.0406150817871094 -0.0649833679199219 0.0171051025390625
0.0358200073242188 0.0706253051757813 -0.0634269714355469 -0.0251731872558594
-0.0240097045898438 0.0823287963867188 -0.0201377868652344 -0.0644378662109375
-0.08038330078125 0.0640487670898437 -0.00653839111328126 -0.0235519409179687
-0.113723754882813 0.03173828125 -0.0510978698730469 0.00687789916992188
-0.0990753173828125 0.00141906738281252 -0.0489959716796875 0.0867843627929688
-0.0895538330078125 0.0432815551757813 -0.0792770385742188 0.108779907226562
-0.0453605651855469 0.0677223205566406 -0.0227279663085938 0.120384216308594
-0.00225830078125001 0.0792999267578125 0.0285797119140625 0.102989196777344
0.0383148193359375 0.0607643127441406 0.0506019592285156 0.06195068359375
0.0756454467773438 0.0282363891601563 0.0563545227050781 0.0299491882324219
0.07568359375 -0.00209808349609375 0.027801513671875 0.0222511291503906
0.0630989074707031 -0.002838134765625 0.00279998779296875 0.0335636138916016
0.0721664428710938 -0.00399017333984375 -0.0209617614746094 0.0518798828125
0.072845458984375 0.0161895751953125 -0.0477485656738281 0.0517387390136719
0.0519676208496094 0.0454978942871094 -0.072021484375 0.0257568359375
0.0229606628417969 0.0661430358886719 -0.0670661926269531 -0.0133285522460938
-0.0294570922851562 0.0676612854003906 -0.0313186645507813 -0.0433425903320312
-0.0735702514648438 0.0434646606445312 -0.0298824310302734 -0.000379562377929682
-0.0997695922851563 0.01019287109375 -0.084259033203125 0.017425537109375
-0.0646781921386719 -0.0226898193359375 -0.0844573974609375 0.0779953002929687
-0.0739364624023438 0.00901031494140624 -0.112403869628906 0.10211181640625
-0.051605224609375 0.0410690307617188 -0.0457687377929688 0.117637634277344
-0.0219879150390625 0.0636482238769531 0.00764465332031251 0.0957489013671875
0.0165863037109375 0.0600013732910156 0.0272865295410156 0.0535202026367188
0.0578804016113281 0.043121337890625 0.0265216827392578 0.0298900604248047
0.0669174194335938 0.016082763671875 -0.00113487243652343 0.0277366638183594
0.0568084716796875 0.0113792419433594 -0.0223159790039062 0.040435791015625
0.06488037109375 0.0116195678710938 -0.0407981872558594 0.0554275512695312
0.0611076354980469 0.0296592712402344 -0.0617485046386719 0.0517959594726562
0.0368118286132813 0.0499649047851563 -0.075927734375 0.0257492065429688
0.00596237182617187 0.0625762939453125 -0.0652961730957031 -0.00876998901367188
-0.0403594970703125 0.0496749877929688 -0.0352821350097656 -0.0287933349609375
-0.0678863525390625 0.01531982421875 -0.0442352294921875 0.0132827758789062
-0.0781936645507813 -0.0186920166015625 -0.108001708984375 0.0192642211914063
-0.0162353515625 -0.0392036437988281 -0.1016845703125 0.0631103515625
-0.0352020263671875 -0.0212173461914062 -0.126968383789063 0.0885467529296875
-0.0364112854003906 0.00455093383789063 -0.0574722290039063 0.108512878417969
-0.0321464538574219 0.0285243988037109 -0.00389862060546875 0.082244873046875
-0.00881576538085937 0.0416297912597656 0.0128822326660156 0.0394859313964844
0.0263557434082031 0.0468330383300781 0.00179290771484375 0.0222454071044922
0.0450592041015625 0.032470703125 -0.0262069702148437 0.0259532928466797
0.0409431457519531 0.0239486694335938 -0.0443611145019531 0.0411186218261719
0.0486106872558594 0.0249671936035156 -0.0594253540039063 0.0542030334472656
0.0437774658203125 0.0395927429199219 -0.0760116577148437 0.04486083984375
0.0206985473632813 0.0518455505371094 -0.081817626953125 0.0180740356445312
-0.00987243652343749 0.0566444396972656 -0.0644340515136719 -0.0133705139160156
-0.0514030456542969 0.0303459167480469 -0.0359153747558594 -0.0250396728515625
-0.0611610412597656 -0.0149612426757813 -0.0533065795898438 0.0140495300292969
-0.0515632629394531 -0.0495109558105469 -0.121818542480469 0.0109100341796875
0.0342445373535156 -0.0482444763183594 -0.0950469970703125 0.0490798950195312
0.0109367370605469 -0.0437545776367188 -0.118186950683594 0.0768280029296875
-0.010040283203125 -0.0310535430908203 -0.0541915893554687 0.099456787109375
-0.0327205657958984 -0.0129375457763672 -0.00214004516601563 0.0701255798339844
-0.0311126708984375 0.0140399932861328 0.0106563568115234 0.0261440277099609
-0.00979995727539062 0.0414276123046875 -0.0113153457641602 0.00985527038574219
0.0157928466796875 0.0431327819824219 -0.0414352416992188 0.0178680419921875
0.0194835662841797 0.0331687927246094 -0.0604209899902344 0.0358390808105469
0.0271625518798828 0.0338268280029297 -0.075286865234375 0.046722412109375
0.0218887329101563 0.0433235168457031 -0.0887832641601563 0.0334701538085937
0.0036773681640625 0.0469932556152344 -0.0885772705078125 0.00614166259765625
-0.0233078002929688 0.0451545715332031 -0.0661163330078125 -0.0232505798339844
-0.055877685546875 0.0103111267089844 -0.0380973815917969 -0.0318031311035156
-0.0475120544433594 -0.0411453247070313 -0.0589714050292969 0.00111389160156251
-0.0193252563476563 -0.0738449096679688 -0.124252319335938 -0.00773620605468748
-0.0304794311523438 0.0866165161132813 0.122077941894531 0.0172805786132813
0.0478897094726563 0.0696296691894531 0.0593833923339844 0.0282745361328125
0.0598182678222656 -0.0014190673828125 0.0431251525878906 0.0422782897949219
0.0354576110839844 -0.0327873229980469 0.0798416137695313 0.04443359375
0.0112075805664062 -0.04193115234375 0.104393005371094 0.0101699829101562
-0.0129661560058594 -0.0525016784667969 0.104103088378906 -0.0356521606445313
-0.0174407958984375 -0.0454025268554687 0.0903854370117187 -0.0488739013671875
-0.00983428955078125 -0.044525146484375 0.0691642761230469 -0.0340995788574219
0.00364303588867188 -0.0606346130371094 0.0455322265625 -0.00882339477539063
0.0411338806152344 -0.0438079833984375 0.0157365798950195 0.00423812866210937
0.0631179809570313 -0.001800537109375 -0.0211563110351562 -0.0192737579345703
0.0520744323730469 0.0390052795410156 -0.01422119140625 -0.0623741149902344
-0.000579833984374996 0.075408935546875 0.0552215576171875 -0.106010437011719
-0.052520751953125 0.081756591796875 0.106971740722656 -0.084228515625
-0.0841598510742188 0.0654754638671875 0.0783538818359375 -0.0326461791992188
-0.072235107421875 0.084930419921875 0.102027893066406 0.0504074096679688
0.00765228271484376 0.0895233154296875 0.0471000671386719 0.0589141845703125
0.0429801940917969 0.0318260192871094 0.0436744689941406 0.0666351318359375
0.0409698486328125 0.001800537109375 0.0831832885742188 0.0655136108398438
0.0326080322265625 -0.0186367034912109 0.10888671875 0.0291519165039063
0.0231781005859375 -0.0435752868652344 0.113845825195313 -0.0193328857421875
0.0174522399902344 -0.0474967956542969 0.0962982177734375 -0.0322952270507813
0.0205535888671875 -0.0434455871582031 0.0708084106445313 -0.01678466796875
0.0363502502441406 -0.0558319091796875 0.0420188903808594 0.0104713439941406
0.0675849914550781 -0.0302734375 0.00700569152832032 0.0232944488525391
0.0761947631835938 0.0200881958007813 -0.0373039245605469 -0.00257492065429687
0.0539779663085938 0.0652847290039063 -0.0373344421386719 -0.0493087768554687
-0.0166244506835938 0.0955963134765625 0.0246353149414063 -0.100303649902344
-0.0816421508789063 0.0908279418945313 0.0693206787109375 -0.0709075927734375
-0.117271423339844 0.0666275024414063 0.0378036499023437 -0.0160408020019531
-0.107070922851562 0.0682449340820313 0.0646133422851563 0.0808639526367188
-0.0402603149414063 0.0957260131835938 0.0191116333007812 0.092132568359375
0.0142555236816406 0.0638923645019531 0.0355606079101563 0.0943145751953125
0.0379562377929687 0.0418510437011719 0.0798110961914063 0.08782958984375
0.0504531860351563 0.013275146484375 0.105140686035156 0.0475845336914063
0.0586280822753906 -0.0246925354003906 0.113441467285156 -0.000839233398437502
0.0518112182617188 -0.0416297912597656 0.0890426635742188 -0.0132980346679688
0.0474777221679688 -0.0356979370117188 0.0602569580078125 0.00229644775390625
0.0619277954101563 -0.0443077087402344 0.0292606353759766 0.0299224853515625
0.0835189819335937 -0.0164642333984375 -0.00805282592773437 0.0413665771484375
0.0801925659179688 0.0329818725585938 -0.0529747009277344 0.0145301818847656
0.0540084838867187 0.0763092041015625 -0.0575180053710938 -0.0326919555664062
-0.0206375122070312 0.102546691894531 -0.00672149658203125 -0.0853652954101563
-0.0911331176757813 0.0911941528320313 0.0278816223144531 -0.0487022399902344
-0.131240844726563 0.06103515625 -0.00836181640625001 0.00224018096923829
-0.124031066894531 0.0392837524414063 0.0131912231445312 0.102447509765625
-0.0817031860351563 0.0826492309570312 -0.0229873657226562 0.119056701660156
-0.0209197998046875 0.0828704833984375 0.0167922973632813 0.119674682617188
0.0241546630859375 0.0769882202148438 0.0657196044921875 0.105224609375
0.0566482543945313 0.0459136962890625 0.08917236328125 0.0601119995117188
0.0831069946289063 0.00087738037109375 0.097381591796875 0.0158843994140625
0.076873779296875 -0.0279388427734375 0.0687522888183594 0.00600814819335937
0.0665130615234375 -0.0229377746582031 0.0394363403320313 0.0210075378417969
0.0780868530273438 -0.0277252197265625 0.0111312866210938 0.0462989807128906
0.0887298583984375 -0.001617431640625 -0.0228996276855469 0.0547447204589844
0.0748138427734375 0.042083740234375 -0.0634956359863281 0.0303611755371094
0.0460205078125 0.0780868530273438 -0.0690231323242188 -0.0146026611328125
-0.0229873657226562 0.0955886840820313 -0.0283737182617188 -0.0624885559082031
-0.0900726318359375 0.0794906616210938 -0.00593566894531251 -0.0197696685791016
-0.129783630371094 0.0454177856445313 -0.0519523620605469 0.0210838317871094
-0.115745544433594 0.00380706787109375 -0.0420074462890625 0.108245849609375
-0.101509094238281 0.0513229370117188 -0.0721282958984375 0.131538391113281
-0.0506210327148437 0.0783309936523438 -0.010467529296875 0.134292602539063
0.000198364257812491 0.0914459228515625 0.04315185546875 0.111030578613281
0.0467948913574219 0.0680656433105469 0.0638389587402344 0.0635223388671875
0.0888137817382813 0.0276107788085938 0.0689582824707031 0.0268363952636719
0.0881729125976563 -0.0081024169921875 0.0377273559570313 0.0211448669433594
0.074127197265625 -0.00720977783203125 0.0121688842773438 0.0358467102050781
0.0837020874023438 -0.00881195068359375 -0.0107536315917969 0.0580902099609375
0.0858383178710938 0.0151138305664063 -0.038970947265625 0.062530517578125
0.0631103515625 0.050384521484375 -0.0698509216308594 0.0385894775390625
0.0302658081054688 0.0771560668945313 -0.070404052734375 -0.0024871826171875
-0.0323333740234375 0.0804977416992187 -0.03692626953125 -0.0388679504394531
-0.0869064331054687 0.0537109375 -0.0298213958740234 0.00837326049804688
-0.118118286132813 0.0168609619140625 -0.0894851684570313 0.0339508056640625
-0.0807266235351563 -0.0293807983398438 -0.0860824584960938 0.100257873535156
-0.0904541015625 0.00990295410156251 -0.111595153808594 0.127525329589844
-0.0618515014648438 0.0491676330566406 -0.0356216430664063 0.134857177734375
-0.0246353149414063 0.0781936645507813 0.0194549560546875 0.104667663574219
0.0231246948242187 0.07196044921875 0.0368080139160156 0.0556755065917969
0.0726242065429688 0.0473175048828125 0.0347938537597656 0.0295696258544922
0.0822677612304687 0.013580322265625 0.00401306152343751 0.0298633575439453
0.0701866149902344 0.009368896484375 -0.0169525146484375 0.0454864501953125
0.0793838500976563 0.00981903076171875 -0.0345382690429687 0.0633926391601563
0.0764617919921875 0.0318222045898438 -0.0564041137695312 0.0616722106933594
0.0478858947753906 0.0586395263671875 -0.075225830078125 0.0367355346679688
0.0117263793945313 0.0758209228515625 -0.0683250427246094 -4.57763671874888E-05
-0.0470619201660156 0.0623664855957031 -0.0391769409179687 -0.0235977172851563
-0.0847625732421875 0.0212860107421875 -0.0457763671875 0.0241508483886719
-0.0982894897460938 -0.019012451171875 -0.1171875 0.0355911254882812
-0.0271682739257812 -0.0530357360839844 -0.10931396484375 0.0824813842773437
-0.0504188537597656 -0.0293731689453125 -0.131828308105469 0.112594604492188
-0.0493621826171875 0.0055694580078125 -0.0500030517578125 0.12579345703125
-0.0406265258789062 0.0396194458007813 0.00508880615234375 0.0895767211914063
-0.00783920288085938 0.0545997619628906 0.0179824829101562 0.0402069091796875
0.0388946533203125 0.0561294555664063 0.00439262390136719 0.0223731994628906
0.060943603515625 0.0337753295898438 -0.0265274047851562 0.0303897857666016
0.054779052734375 0.025054931640625 -0.0440216064453125 0.0489730834960937
0.0643692016601563 0.0257759094238281 -0.0584373474121094 0.0630531311035156
0.0592269897460938 0.0439987182617188 -0.0750198364257813 0.0549545288085938
0.03125 0.0616874694824219 -0.0839462280273438 0.0267486572265625
-0.00614166259765626 0.0711746215820313 -0.0682868957519531 -0.00690841674804687
-0.0605926513671875 0.0425643920898437 -0.0400047302246094 -0.0200462341308594
-0.07965087890625 -0.0124893188476563 -0.0577926635742188 0.0243186950683594
-0.0717697143554688 -0.0566482543945312 -0.135536193847656 0.0247039794921875
0.0300788879394531 -0.0672645568847656 -0.106216430664063 0.062591552734375
0.00107955932617187 -0.0592575073242188 -0.125465393066406 0.096405029296875
-0.0223579406738281 -0.0369644165039062 -0.0471343994140625 0.114471435546875
-0.0453300476074219 -0.00757980346679687 0.005859375 0.0737152099609375
-0.0357398986816406 0.0261726379394531 0.0127296447753906 0.0233325958251953
-0.00162506103515625 0.0538406372070313 -0.0143747329711914 0.00905609130859375
0.0292129516601562 0.0482864379882812 -0.0477867126464844 0.0224685668945312
0.0318107604980469 0.0365104675292969 -0.0653915405273438 0.0444259643554688
0.0403900146484375 0.0366630554199219 -0.0794754028320313 0.057464599609375
0.0358428955078125 0.0494537353515625 -0.0932235717773438 0.0428466796875
0.0128135681152344 0.0570793151855469 -0.0942459106445313 0.0135269165039062
-0.0209274291992188 0.0594406127929688 -0.07196044921875 -0.0187454223632813
-0.0660438537597656 0.0214462280273437 -0.0432510375976563 -0.0277175903320313
-0.0661392211914063 -0.0425453186035156 -0.0679130554199219 0.00865173339843749
-0.0373764038085938 -0.086273193359375 -0.142593383789063 0.000579833984374965
-0.0158843994140625 0.0979766845703125 0.140213012695313 0.00726318359375001
0.0655746459960938 0.0650482177734375 0.0719223022460938 0.0206832885742188
0.0638771057128906 -0.0143852233886719 0.0491981506347656 0.0388603210449219
0.0309600830078125 -0.0438194274902344 0.087066650390625 0.0406951904296875
0.0011749267578125 -0.0482254028320312 0.112014770507812 0.00307464599609375
-0.0271873474121094 -0.0535469055175781 0.109062194824219 -0.0460052490234375
-0.028961181640625 -0.043792724609375 0.0957794189453125 -0.0615386962890625
-0.020416259765625 -0.0441169738769531 0.0758209228515625 -0.0446014404296875
-0.0105552673339844 -0.0647773742675781 0.0548515319824219 -0.0145912170410156
0.0336570739746094 -0.0558891296386719 0.0253963470458984 0.00492668151855468
0.0672988891601563 -0.0155601501464844 -0.01959228515625 -0.0131263732910156
0.0640449523925781 0.0311126708984375 -0.0207061767578125 -0.0588645935058594
0.0146408081054688 0.0828704833984375 0.0454940795898438 -0.115272521972656
-0.0414352416992188 0.101547241210938 0.108566284179688 -0.10064697265625
-0.079254150390625 0.0882644653320313 0.0887298583984375 -0.0398025512695312
-0.0642547607421875 0.0991973876953125 0.124237060546875 0.0462646484375
0.02154541015625 0.0910873413085937 0.0634803771972656 0.0555229187011719
0.048004150390625 0.0245323181152344 0.05364990234375 0.0638389587402344
0.0404472351074219 -0.00545120239257812 0.0942230224609375 0.0625686645507813
0.0276718139648438 -0.0236644744873047 0.120223999023438 0.021697998046875
0.0147247314453125 -0.0466537475585938 0.123252868652344 -0.0305404663085938
0.0105705261230469 -0.0502471923828125 0.105453491210938 -0.0456466674804688
0.0143928527832031 -0.0462913513183594 0.0806732177734375 -0.0278091430664063
0.0282859802246094 -0.0625877380371094 0.0547065734863281 0.005157470703125
0.0658721923828125 -0.0419387817382813 0.0191860198974609 0.0257759094238281
0.08416748046875 0.0094757080078125 -0.0326957702636719 0.00694465637207031
0.0684394836425781 0.0616073608398438 -0.04150390625 -0.0409507751464844
-0.00400543212890625 0.107406616210937 0.0145263671875 -0.104530334472656
-0.0767745971679688 0.112403869628906 0.0708389282226563 -0.0805435180664063
-0.11822509765625 0.0909194946289063 0.0479698181152344 -0.0147895812988281
-0.108306884765625 0.0828704833984375 0.0875473022460938 0.0843582153320313
-0.0341949462890625 0.103805541992188 0.0377960205078125 0.0948410034179688
0.018646240234375 0.0639419555664063 0.048858642578125 0.094268798828125
0.0415382385253906 0.0406875610351563 0.0940017700195313 0.0858001708984375
0.0518646240234375 0.0101509094238281 0.11944580078125 0.04058837890625
0.0570030212402344 -0.0305061340332031 0.124801635742188 -0.012939453125
0.0502777099609375 -0.0481605529785156 0.100135803222656 -0.0256500244140625
0.0470199584960938 -0.0416030883789063 0.0723342895507813 -0.00749969482421875
0.0608406066894531 -0.0527153015136719 0.0438957214355469 0.0261650085449219
0.08709716796875 -0.0264892578125 0.00702667236328126 0.045379638671875
0.0901412963867187 0.0274810791015625 -0.0460433959960937 0.0262870788574219
0.0673065185546875 0.0771484375 -0.05987548828125 -0.0211563110351563
-0.0115432739257812 0.115127563476563 -0.0150604248046875 -0.0842819213867187
-0.0915451049804687 0.112525939941406 0.0301856994628906 -0.0510787963867187
-0.137802124023438 0.0834884643554687 -3.71932983398521E-05 0.0105743408203125
-0.134635925292969 0.0518112182617187 0.0334091186523437 0.11334228515625
-0.0840911865234375 0.0950927734375 -0.00469970703125 0.129302978515625
-0.0188217163085938 0.09027099609375 0.0329666137695313 0.122871398925781
0.0300674438476563 0.0825653076171875 0.0817413330078125 0.104911804199219
0.0640335083007813 0.0457344055175781 0.103660583496094 0.0550765991210937
0.0893020629882813 -0.005523681640625 0.110008239746094 0.00553131103515625
0.081878662109375 -0.0363845825195313 0.0798873901367188 -0.0033111572265625
0.071685791015625 -0.0298690795898438 0.0513992309570313 0.0139503479003906
0.0830841064453125 -0.0364837646484375 0.0256462097167969 0.0447616577148438
0.097503662109375 -0.009124755859375 -0.00819778442382812 0.0599555969238281
0.0862045288085937 0.0404586791992187 -0.0551795959472656 0.0416717529296875
0.058135986328125 0.0824966430664062 -0.0682525634765625 -0.002349853515625
-0.01812744140625 0.109138488769531 -0.0335578918457031 -0.0578994750976562
-0.0953521728515625 0.0966567993164063 -0.00223159790039063 -0.0156469345092773
-0.141860961914062 0.0636444091796875 -0.0456962585449219 0.0350799560546875
-0.132072448730469 0.0105514526367187 -0.0277557373046875 0.125808715820312
-0.1131591796875 0.0630645751953125 -0.05657958984375 0.149459838867188
-0.0534744262695313 0.0901947021484375 0.00622558593750001 0.14202880859375
0.00577545166015626 0.103416442871094 0.0586624145507813 0.11346435546875
0.05780029296875 0.0731658935546875 0.0770187377929687 0.05999755859375
0.101570129394531 0.0228958129882813 0.0793991088867188 0.0197296142578125
0.0987319946289063 -0.0175094604492188 0.0470390319824219 0.01654052734375
0.084014892578125 -0.0146636962890625 0.0220432281494141 0.0330924987792969
0.0944061279296875 -0.0170211791992187 0.00136947631835938 0.0593376159667969
0.09918212890625 0.009857177734375 -0.0262222290039063 0.0678558349609375
0.0762176513671875 0.0530471801757812 -0.0622634887695313 0.0483322143554688
0.0410537719726563 0.0864639282226563 -0.0686721801757813 0.00792312622070314
-0.0320968627929688 0.0945281982421875 -0.0389289855957031 -0.0324134826660156
-0.0976409912109375 0.0685577392578125 -0.0249671936035156 0.0168018341064453
-0.135169982910156 0.0295867919921875 -0.0861663818359375 0.0513687133789062
-0.0998992919921875 -0.0307693481445313 -0.0798492431640625 0.121612548828125
-0.108001708984375 0.0163040161132813 -0.102890014648438 0.149932861328125
-0.0704498291015625 0.0606002807617187 -0.02099609375 0.145751953125
-0.0229721069335937 0.0934066772460938 0.032379150390625 0.107749938964844
0.0330886840820312 0.0820693969726562 0.0456809997558594 0.0536308288574219
0.0891571044921875 0.0473709106445313 0.0419578552246094 0.0254287719726563
0.0971755981445313 0.0059356689453125 0.00954437255859375 0.0297317504882813
0.08306884765625 0.00308990478515625 -0.0106353759765625 0.0476264953613281
0.0939178466796875 0.00287628173828125 -0.0265846252441406 0.0671615600585938
0.0929412841796875 0.0282058715820313 -0.047576904296875 0.067779541015625
0.0624961853027344 0.0634078979492188 -0.0699729919433594 0.0444068908691406
0.0215682983398438 0.0882949829101563 -0.0667343139648438 0.00844955444335939
-0.0498809814453125 0.0776824951171875 -0.0389404296875 -0.0174636840820313
-0.10052490234375 0.0334701538085937 -0.0416793823242188 0.0350418090820313
-0.119461059570312 -0.01226806640625 -0.118743896484375 0.0541839599609375
-0.0445175170898438 -0.0638160705566406 -0.111000061035156 0.102745056152344
-0.0696525573730469 -0.0316658020019531 -0.128555297851563 0.13616943359375
-0.0626373291015625 0.0121726989746094 -0.0379104614257813 0.137802124023438
-0.0449295043945313 0.0544967651367187 0.0147933959960938 0.092010498046875
-0.00136566162109374 0.0679702758789062 0.0220794677734375 0.0380058288574219
0.0556144714355469 0.0608482360839844 0.00583839416503906 0.0214004516601563
0.0772933959960937 0.0297775268554688 -0.0263690948486328 0.0341663360595703
0.0695915222167969 0.0206375122070313 -0.0418357849121094 0.0552825927734375
0.0803298950195313 0.0203857421875 -0.0546340942382812 0.0705108642578125
0.076995849609375 0.0423431396484375 -0.07086181640625 0.062103271484375
0.0456390380859375 0.0680046081542969 -0.0822982788085938 0.0348129272460938
0.00328063964843749 0.0851211547851563 -0.0686302185058594 0.000179290771484387
-0.0657844543457031 0.0590133666992188 -0.039886474609375 -0.0145149230957031
-0.098388671875 -0.00363159179687498 -0.0574493408203125 0.0359916687011719
-0.0950546264648437 -0.0556640625 -0.1434326171875 0.041717529296875
0.01788330078125 -0.0849990844726563 -0.113265991210938 0.0779647827148438
-0.0152130126953125 -0.0705337524414063 -0.126045227050781 0.117103576660156
-0.0371818542480469 -0.0385322570800781 -0.0365829467773437 0.124580383300781
-0.0551185607910156 0.00292205810546875 0.0129241943359375 0.0740203857421875
-0.0347747802734375 0.0401763916015625 0.0127487182617188 0.0195465087890625
0.011932373046875 0.0630111694335938 -0.0182819366455078 0.00924301147460938
0.0451698303222656 0.0482101440429688 -0.053070068359375 0.0289382934570313
0.0454368591308594 0.0345077514648438 -0.0679244995117188 0.0545463562011719
0.0549430847167969 0.0338325500488281 -0.0800857543945313 0.0675811767578125
0.0521087646484375 0.049346923828125 -0.0942916870117188 0.0514755249023438
0.0255661010742187 0.0637855529785156 -0.097015380859375 0.0212249755859375
-0.0125198364257812 0.0725479125976563 -0.0757369995117188 -0.01336669921875
-0.0717010498046875 0.0369873046875 -0.0458564758300781 -0.0223884582519531
-0.0850753784179688 -0.035980224609375 -0.0729446411132813 0.0202255249023437
-0.0596771240234375 -0.0917587280273438 -0.156982421875 0.0143585205078125
0.000320434570312501 0.103668212890625 0.155776977539063 -0.00575256347656249
0.0794296264648438 0.0558013916015625 0.0810317993164063 0.0104446411132813
0.0642356872558594 -0.0270919799804688 0.0523185729980469 0.0350608825683594
0.0236053466796875 -0.0519180297851563 0.0925674438476563 0.0379180908203125
-0.00864791870117187 -0.0502891540527344 0.118415832519531 -0.0032806396484375
-0.0399246215820313 -0.0488433837890625 0.113571166992188 -0.0551605224609375
-0.0385665893554687 -0.0392036437988281 0.099365234375 -0.0741729736328125
-0.0297698974609375 -0.0407752990722656 0.0803604125976562 -0.0563888549804687
-0.0240669250488281 -0.0642890930175781 0.0632057189941406 -0.0229148864746094
0.0235481262207031 -0.0637893676757813 0.0352210998535156 0.00237655639648437
0.0669975280761719 -0.0285568237304688 -0.0147762298583984 -0.00801753997802735
0.072662353515625 0.0206375122070312 -0.0229072570800781 -0.0535202026367188
0.0303573608398437 0.0857925415039062 0.0367507934570313 -0.119987487792969
-0.0265274047851562 0.116462707519531 0.108673095703125 -0.115333557128906
-0.0676498413085938 0.107070922851563 0.099761962890625 -0.0482406616210938
-0.0557174682617187 0.108917236328125 0.14459228515625 0.0376739501953125
0.0323638916015625 0.0890426635742188 0.077362060546875 0.04766845703125
0.0493354797363281 0.0169715881347656 0.0598182678222656 0.0597915649414063
0.0371856689453125 -0.010009765625 0.10321044921875 0.0588531494140625
0.0229949951171875 -0.0255031585693359 0.13006591796875 0.0137939453125
0.006622314453125 -0.0466194152832031 0.130393981933594 -0.0427017211914063
0.00470733642578125 -0.0502433776855469 0.1121826171875 -0.0602645874023438
0.00933837890625 -0.0470619201660156 0.0885391235351563 -0.0416259765625
0.0200157165527344 -0.0656013488769531 0.0665130615234375 -0.00415802001953125
0.061614990234375 -0.0505523681640625 0.0330924987792969 0.0236892700195312
0.0883255004882813 -0.00035858154296875 -0.0247955322265625 0.013458251953125
0.0793685913085938 0.0555343627929688 -0.0411338806152344 -0.0329399108886719
0.00995635986328125 0.114349365234375 0.00688934326171874 -0.10491943359375
-0.0672225952148438 0.130966186523438 0.0727691650390625 -0.089141845703125
-0.113929748535156 0.112655639648437 0.0601768493652344 -0.0164337158203125
-0.108116149902344 0.0960006713867188 0.110191345214844 0.0822830200195312
-0.0283966064453125 0.109413146972656 0.0551834106445313 0.0917739868164063
0.0206527709960937 0.0638313293457031 0.0590133666992188 0.0909500122070312
0.0435066223144531 0.0406608581542969 0.105598449707031 0.0823135375976562
0.0530281066894531 0.00908660888671875 0.130767822265625 0.0327224731445313
0.0554962158203125 -0.0335655212402344 0.134391784667969 -0.0258026123046875
0.0484352111816406 -0.052703857421875 0.108749389648438 -0.0396499633789063
0.0466194152832031 -0.0453605651855469 0.0812606811523438 -0.0198898315429688
0.0590095520019531 -0.0583877563476563 0.0572319030761719 0.0177841186523437
0.0890655517578125 -0.035064697265625 0.0223350524902344 0.0436172485351563
0.0981063842773438 0.0207977294921875 -0.0361213684082031 0.0331192016601562
0.0793075561523438 0.076080322265625 -0.0569114685058594 -0.0115890502929687
-0.0012054443359375 0.125091552734375 -0.02020263671875 -0.0813140869140625
-0.0876007080078125 0.131439208984375 0.0342559814453125 -0.0538101196289063
-0.140060424804688 0.1046142578125 0.0125055313110351 0.0153636932373047
-0.143936157226563 0.0648345947265625 0.0553207397460937 0.118072509765625
-0.0861053466796875 0.106719970703125 0.0141220092773438 0.132843017578125
-0.0175857543945313 0.0977630615234375 0.0458908081054688 0.122077941894531
0.0363388061523438 0.0883026123046875 0.094940185546875 0.1021728515625
0.0712509155273438 0.046356201171875 0.115821838378906 0.0479049682617188
0.0953598022460937 -0.0113372802734375 0.119392395019531 -0.0063018798828125
0.0855255126953125 -0.04510498046875 0.08831787109375 -0.014404296875
0.076263427734375 -0.0373382568359375 0.0608444213867188 0.00431060791015625
0.0876998901367187 -0.0450439453125 0.03790283203125 0.0386085510253906
0.105308532714844 -0.0174102783203125 0.00633621215820314 0.0588569641113281
0.0971755981445313 0.037567138671875 -0.0441665649414062 0.0475730895996094
0.0705108642578125 0.0864105224609375 -0.0635147094726563 0.006622314453125
-0.0122756958007813 0.120811462402344 -0.0346221923828125 -0.0526008605957031
-0.0978164672851563 0.115432739257812 0.00444316864013671 -0.0136661529541016
-0.150253295898438 0.083038330078125 -0.0342025756835938 0.04522705078125
-0.149215698242188 0.0204315185546875 -0.0108261108398437 0.138252258300781
-0.123313903808594 0.076934814453125 -0.0396881103515625 0.1600341796875
-0.0556640625 0.102836608886719 0.0202178955078125 0.144134521484375
0.0134963989257812 0.115264892578125 0.0712890625 0.112258911132813
0.069091796875 0.0775527954101563 0.0869903564453125 0.0547561645507813
0.113845825195312 0.0171890258789062 0.0878143310546875 0.0107269287109375
0.107528686523438 -0.0282821655273438 0.0544967651367188 0.00962448120117187
0.0929794311523438 -0.0234527587890625 0.0297870635986328 0.0279769897460938
0.104354858398438 -0.0268402099609375 0.011260986328125 0.0557365417480469
0.112083435058594 0.0019683837890625 -0.0143165588378906 0.0675811767578125
0.0897979736328125 0.0534439086914063 -0.0525245666503906 0.0529670715332031
0.053924560546875 0.093780517578125 -0.0631828308105469 0.0151023864746094
-0.0288772583007812 0.108634948730469 -0.0370635986328125 -0.0279541015625
-0.105888366699219 0.0858840942382812 -0.0170326232910156 0.0223712921142578
-0.14990234375 0.0462188720703125 -0.07806396484375 0.0650558471679687
-0.120864868164063 -0.027008056640625 -0.0702667236328125 0.138587951660156
-0.124687194824219 0.0273056030273437 -0.0902862548828125 0.1669921875
-0.0775680541992187 0.0743255615234375 -0.00706481933593752 0.15093994140625
-0.0185089111328125 0.108688354492188 0.04266357421875 0.107978820800781
0.0454330444335938 0.0897140502929688 0.0519943237304687 0.0503692626953125
0.105819702148438 0.043487548828125 0.0471343994140625 0.0208282470703125
0.110015869140625 -0.00507354736328125 0.0134735107421875 0.0283336639404297
0.094879150390625 -0.00647735595703125 -0.00520706176757812 0.0474739074707031
0.106986999511719 -0.007537841796875 -0.0196571350097656 0.06793212890625
0.1082763671875 0.0209808349609375 -0.039459228515625 0.0695610046386719
0.077667236328125 0.065887451171875 -0.0641021728515625 0.0488739013671875
0.0349884033203125 0.0984039306640625 -0.0627212524414063 0.0139274597167969
-0.0496826171875 0.093963623046875 -0.035491943359375 -0.0136222839355469
-0.114028930664063 0.0496597290039063 -0.0346946716308594 0.0426864624023437
-0.139022827148438 -0.000335693359375009 -0.116142272949219 0.0697708129882813
-0.0654411315917969 -0.0679702758789063 -0.109344482421875 0.121017456054687
-0.0895233154296875 -0.0283279418945313 -0.12213134765625 0.155258178710938
-0.0742416381835937 0.0217819213867188 -0.025665283203125 0.144287109375
-0.0452880859375 0.070343017578125 0.0224380493164063 0.0919036865234375
0.00839996337890624 0.0796432495117188 0.0236549377441406 0.0359306335449219
0.073394775390625 0.0614471435546875 0.0067596435546875 0.0203495025634766
0.0925445556640625 0.0209808349609375 -0.0260200500488281 0.0379714965820312
0.0824661254882812 0.0122604370117187 -0.0399208068847656 0.0605926513671875
0.0942611694335938 0.0108642578125 -0.0515823364257813 0.075531005859375
0.0937347412109375 0.0362548828125 -0.0681381225585937 0.0662155151367188
0.0613632202148438 0.0710601806640625 -0.0806350708007813 0.0387725830078125
0.015869140625 0.09613037109375 -0.0669288635253906 0.00344848632812501
-0.0665206909179687 0.075592041015625 -0.0369415283203125 -0.0111465454101563
-0.114250183105469 0.0106964111328125 -0.0538406372070312 0.0460700988769531
-0.117584228515625 -0.0485687255859375 -0.147003173828125 0.0572967529296875
0.00117492675781251 -0.0972061157226563 -0.118179321289063 0.0936737060546875
-0.0342178344726563 -0.0757369995117188 -0.12384033203125 0.134674072265625
-0.0514755249023438 -0.035003662109375 -0.02606201171875 0.130477905273438
-0.0616264343261719 0.0157737731933594 0.017059326171875 0.071380615234375
-0.0297126770019531 0.0528602600097656 0.0100746154785156 0.0166015625
0.0277786254882812 0.067230224609375 -0.0229072570800781 0.0109043121337891
0.0602760314941406 0.0430984497070313 -0.0573539733886719 0.0373878479003906
0.0572319030761719 0.02874755859375 -0.0688591003417969 0.0646324157714844
0.0682792663574219 0.0275115966796875 -0.0811996459960938 0.0770111083984375
0.0674629211425781 0.0445823669433594 -0.095855712890625 0.0589218139648438
0.0392913818359375 0.0663833618164063 -0.0990142822265625 0.0266647338867187
-0.00113677978515624 0.0829086303710938 -0.0770645141601563 -0.00933837890624998
-0.0733108520507813 0.0526657104492188 -0.0460777282714844 -0.0190391540527344
-0.101676940917969 -0.0251998901367187 -0.0745468139648438 0.0317306518554688
-0.0824050903320313 -0.0893325805664063 -0.16796875 0.029144287109375
0.0142898559570313 0.105842590332031 0.170196533203125 -0.0200958251953125
0.0904617309570313 0.0448760986328125 0.0873184204101563 -0.000541687011718747
0.0617485046386719 -0.0377578735351563 0.0542678833007813 0.0324516296386719
0.0157852172851562 -0.057952880859375 0.0990524291992188 0.0368270874023438
-0.0175933837890625 -0.0502967834472656 0.125778198242188 -0.00843048095703126
-0.050323486328125 -0.0430221557617187 0.120018005371094 -0.063507080078125
-0.0455551147460938 -0.0327262878417969 0.104240417480469 -0.0877304077148438
-0.036865234375 -0.0357246398925781 0.0852432250976563 -0.0702438354492187
-0.0351524353027344 -0.0604515075683594 0.070831298828125 -0.0337448120117188
0.0137176513671875 -0.0688629150390625 0.0450553894042969 -0.00297164916992188
0.0648078918457031 -0.0404548645019531 -0.00806760787963867 -0.00581169128417969
0.0783767700195313 0.0102996826171875 -0.0216293334960937 -0.0500373840332031
0.0443649291992187 0.0866851806640625 0.031982421875 -0.123481750488281
-0.0101318359375 0.127510070800781 0.109725952148438 -0.129554748535156
-0.0552978515625 0.122222900390625 0.112564086914063 -0.0584259033203125
-0.0486373901367188 0.116989135742188 0.16387939453125 0.0270233154296875
0.0401458740234375 0.0861129760742188 0.0881118774414063 0.0384521484375
0.048187255859375 0.0120735168457031 0.0652732849121094 0.0566635131835937
0.0339794158935547 -0.0126266479492188 0.112197875976563 0.0572357177734375
0.0188369750976563 -0.0259666442871094 0.140144348144531 0.00734710693359375
0.00109100341796875 -0.0442771911621094 0.139228820800781 -0.0542221069335938
0.000648498535156251 -0.0489578247070313 0.118789672851563 -0.076019287109375
0.00582885742187499 -0.0467338562011719 0.094696044921875 -0.0566864013671875
0.0135917663574219 -0.0671730041503906 0.0769500732421875 -0.0155715942382813
0.0576667785644531 -0.0582008361816406 0.0461845397949219 0.0179443359375
0.0920181274414063 -0.0093536376953125 -0.0149631500244141 0.0160980224609375
0.0881423950195313 0.0500030517578125 -0.0377044677734375 -0.0273284912109375
0.02239990234375 0.120429992675781 0.00318145751953124 -0.105720520019531
-0.056884765625 0.14776611328125 0.076202392578125 -0.0989303588867188
-0.108345031738281 0.131629943847656 0.0749969482421875 -0.0218048095703125
-0.109573364257813 0.107933044433594 0.132164001464844 0.0768890380859375
-0.0251388549804687 0.115211486816406 0.0697555541992187 0.0863876342773438
0.0211296081542969 0.0661544799804688 0.0670242309570312 0.08868408203125
0.0452423095703125 0.0431480407714844 0.116432189941406 0.0805282592773438
0.0553359985351563 0.00907135009765625 0.142242431640625 0.0253753662109375
0.0561370849609375 -0.0358467102050781 0.143630981445313 -0.0384979248046875
0.0487747192382813 -0.0570106506347656 0.11669921875 -0.0541763305664063
0.0484771728515625 -0.0496788024902344 0.0886917114257813 -0.0344085693359375
0.0589714050292969 -0.0642166137695313 0.0681419372558594 0.00685882568359375
0.0920791625976563 -0.0431747436523438 0.0355758666992188 0.0379142761230469
0.106330871582031 0.0154571533203125 -0.02557373046875 0.0358619689941406
0.0911026000976563 0.0752639770507813 -0.0510940551757812 -0.00497055053710938
0.00823974609375001 0.135047912597656 -0.0213165283203125 -0.0799713134765625
-0.0844879150390625 0.150588989257813 0.0398445129394531 -0.0591087341308594
-0.141693115234375 0.125320434570313 0.027130126953125 0.01611328125
-0.153961181640625 0.078887939453125 0.0756759643554688 0.120094299316406
-0.0900115966796875 0.120292663574219 0.029937744140625 0.133872985839844
-0.0170974731445312 0.107147216796875 0.0557022094726563 0.12103271484375
0.0427093505859375 0.0959091186523438 0.106285095214844 0.101486206054688
0.0796279907226563 0.048004150390625 0.127082824707031 0.0419082641601563
0.102249145507813 -0.016998291015625 0.128677368164063 -0.018341064453125
0.0905914306640625 -0.0540771484375 0.0957870483398438 -0.0269012451171875
0.0817337036132813 -0.0445938110351563 0.0676651000976563 -0.00687408447265625
0.09344482421875 -0.0544967651367188 0.0477294921875 0.0296440124511719
0.113960266113281 -0.0254287719726563 0.018646240234375 0.0545120239257813
0.109672546386719 0.0353317260742187 -0.03436279296875 0.0496749877929687
0.0834884643554688 0.0900497436523438 -0.056640625 0.0120658874511719
-0.00594329833984375 0.134048461914063 -0.0336341857910156 -0.0507240295410156
-0.100601196289063 0.136062622070312 0.0125961303710937 -0.0144500732421875
-0.158416748046875 0.10302734375 -0.0215873718261719 0.0509834289550781
-0.167221069335938 0.032958984375 0.00497436523437498 0.1473388671875
-0.134323120117187 0.093780517578125 -0.02569580078125 0.167678833007813
-0.0581512451171875 0.117698669433594 0.0311126708984375 0.146163940429688
0.0213088989257812 0.128242492675781 0.0816268920898438 0.112548828125
0.0817184448242188 0.082000732421875 0.0957107543945312 0.050262451171875
0.126411437988281 0.0100021362304688 0.0950546264648438 0.0018310546875
0.116355895996094 -0.0402679443359375 0.0601272583007813 0.00245285034179687
0.102363586425781 -0.0333099365234375 0.0351829528808594 0.0215530395507812
0.115058898925781 -0.0383682250976563 0.018524169921875 0.0508499145507813
0.125556945800781 -0.00641632080078125 -0.005523681640625 0.0645751953125
0.105308532714844 0.0532913208007813 -0.0452880859375 0.0537452697753906
0.0687332153320313 0.101150512695313 -0.0575675964355469 0.0189361572265625
-0.0255889892578125 0.124481201171875 -0.0338783264160156 -0.0266284942626953
-0.114021301269531 0.105972290039062 -0.00806236267089844 0.0242271423339844
-0.163833618164062 0.0643157958984375 -0.0690231323242188 0.075164794921875
-0.143157958984375 -0.0188446044921875 -0.0610809326171875 0.153533935546875
-0.141525268554687 0.0419769287109375 -0.0796356201171875 0.180679321289063
-0.0842056274414062 0.0900344848632813 0.00334167480468749 0.154861450195312
-0.011871337890625 0.12481689453125 0.05078125 0.108993530273438
0.0591201782226562 0.0977706909179688 0.0574607849121094 0.0482330322265625
0.122650146484375 0.0373458862304688 0.0508689880371094 0.0158920288085938
0.122093200683594 -0.01776123046875 0.0168285369873047 0.0268898010253906
0.106071472167969 -0.017578125 -0.00189971923828124 0.0470619201660156
0.119583129882813 -0.0195770263671875 -0.0161056518554687 0.0680885314941406
0.124526977539062 0.012298583984375 -0.0345420837402344 0.0694007873535156
0.0947647094726563 0.0663604736328125 -0.0604515075683594 0.0498008728027344
0.0498809814453125 0.107589721679688 -0.05938720703125 0.0157051086425781
-0.0475845336914063 0.110992431640625 -0.0317153930664063 -0.0126056671142578
-0.125534057617188 0.069061279296875 -0.0272254943847656 0.0481033325195313
-0.15771484375 0.015106201171875 -0.112152099609375 0.0826263427734375
-0.0877532958984375 -0.0680694580078125 -0.108474731445313 0.138557434082031
-0.109092712402344 -0.0205459594726562 -0.116729736328125 0.172760009765625
-0.0852737426757813 0.0348739624023437 -0.0172271728515625 0.1500244140625
-0.0440444946289062 0.0865020751953125 0.026702880859375 0.0927352905273438
0.02001953125 0.0899887084960938 0.0242576599121094 0.0352554321289063
0.091156005859375 0.0584716796875 0.00585556030273438 0.0200977325439453
0.105819702148438 0.00991058349609375 -0.0267181396484375 0.0422592163085938
0.0940475463867188 0.0021209716796875 -0.0389480590820312 0.06622314453125
0.1072998046875 -0.000396728515625 -0.0508956909179687 0.0804519653320313
0.109939575195313 0.0277557373046875 -0.0673675537109375 0.0697517395019531
0.077392578125 0.0721588134765625 -0.081268310546875 0.0408401489257812
0.0302963256835937 0.105628967285156 -0.0666885375976563 0.00512313842773439
-0.0661087036132812 0.0931015014648438 -0.0342807769775391 -0.010986328125
-0.128959655761719 0.0279922485351562 -0.049224853515625 0.0539588928222656
-0.139266967773438 -0.0376510620117188 -0.151077270507813 0.072021484375
-0.0172042846679688 -0.105155944824219 -0.124443054199219 0.110298156738281
-0.0536346435546875 -0.0768508911132813 -0.1234130859375 0.151504516601563
-0.0646591186523438 -0.0293159484863281 -0.0195388793945313 0.135467529296875
-0.0656814575195313 0.0296745300292969 0.0181198120117187 0.0701522827148438
-0.0227775573730469 0.0641746520996094 0.00519084930419922 0.0158853530883789
0.0427742004394531 0.0683822631835938 -0.0283584594726563 0.0144729614257813
0.0732269287109375 0.0354995727539063 -0.0611839294433594 0.0466651916503906
0.0678024291992187 0.0207901000976562 -0.0706710815429688 0.0754165649414063
0.0799560546875 0.0185699462890625 -0.0830078125 0.0871047973632813
0.0813446044921875 0.0374984741210937 -0.0992279052734375 0.0652694702148438
0.053375244140625 0.067047119140625 -0.103118896484375 0.0305862426757813
0.011016845703125 0.0905990600585937 -0.0795211791992187 -0.00801086425781248
-0.0726547241210938 0.0667648315429687 -0.0448455810546875 -0.0173988342285156
-0.116050720214844 -0.0123519897460937 -0.0744857788085938 0.042236328125
-0.103271484375 -0.0834732055664063 -0.17852783203125 0.0433349609375
0.0275802612304688 0.107933044433594 0.186126708984375 -0.03692626953125
0.100830078125 0.0346145629882813 0.0934066772460938 -0.0125045776367187
0.0589332580566406 -0.0480461120605469 0.0570068359375 0.0312309265136719
0.00786590576171875 -0.062652587890625 0.108322143554688 0.0359268188476562
-0.0266876220703125 -0.0498771667480469 0.137313842773438 -0.0146942138671875
-0.0594863891601563 -0.0360488891601563 0.129547119140625 -0.07623291015625
-0.0519256591796875 -0.0257759094238281 0.109687805175781 -0.104896545410156
-0.0428199768066406 -0.0305595397949219 0.0893783569335938 -0.0866317749023437
-0.0459251403808594 -0.0563392639160156 0.0783157348632813 -0.0482711791992188
0.003448486328125 -0.0729141235351563 0.0550346374511719 -0.0117111206054688
0.0613059997558594 -0.05108642578125 -0.000381469726562497 -0.00656270980834961
0.0839080810546875 0.00026702880859375 -0.0190620422363281 -0.0492324829101563
0.0596466064453125 0.0860671997070313 0.0287246704101562 -0.129745483398437
0.00755310058593749 0.138023376464844 0.112518310546875 -0.148178100585937
-0.0420455932617187 0.136634826660156 0.126434326171875 -0.0747528076171875
-0.0427093505859375 0.126411437988281 0.18487548828125 0.013031005859375
0.0475234985351563 0.0853424072265625 0.0982284545898438 0.0276336669921875
0.0470771789550781 0.008697509765625 0.0705108642578125 0.0548477172851563
0.0319442749023438 -0.0132656097412109 0.124305725097656 0.0561904907226563
0.0161151885986328 -0.0254859924316406 0.1533203125 -0.000152587890625002
-0.00376129150390625 -0.0425567626953125 0.149444580078125 -0.0689697265625
-0.0024871826171875 -0.0491485595703125 0.125961303710938 -0.0954437255859375
0.00398635864257813 -0.0469856262207031 0.100318908691406 -0.0751571655273438
0.00870513916015624 -0.0688552856445313 0.0862960815429687 -0.031036376953125
0.0553970336914063 -0.0651397705078125 0.0584220886230469 0.009124755859375
0.0959243774414063 -0.0184249877929688 -0.00528526306152343 0.016240119934082
0.098602294921875 0.0447998046875 -0.0327091217041015 -0.0246353149414063
0.0362319946289062 0.127365112304688 0.00128173828125 -0.109306335449219
-0.0454864501953125 0.165451049804688 0.0810012817382813 -0.113113403320313
-0.102676391601563 0.152847290039063 0.09185791015625 -0.0316848754882812
-0.113639831542969 0.124252319335937 0.155014038085937 0.068817138671875
-0.0223922729492187 0.124977111816406 0.0831069946289063 0.0799713134765625
0.0211410522460938 0.0710678100585938 0.074920654296875 0.0875473022460938
0.0501708984375 0.0472640991210938 0.130233764648438 0.079833984375
0.0599861145019531 0.0100555419921875 0.156448364257813 0.0172576904296875
0.0578575134277344 -0.0391654968261719 0.154388427734375 -0.053955078125
0.0510063171386719 -0.06329345703125 0.124275207519531 -0.0731353759765625
0.0505867004394531 -0.0554695129394531 0.0951156616210938 -0.0515899658203125
0.0600433349609375 -0.0722732543945313 0.0776748657226562 -0.00701141357421875
0.0966339111328125 -0.052093505859375 0.0491104125976563 0.0302352905273437
0.117042541503906 0.0088958740234375 -0.0149459838867187 0.0354423522949219
0.104736328125 0.0745773315429688 -0.0450859069824219 -0.00151824951171874
0.0196990966796875 0.147293090820313 -0.022125244140625 -0.081329345703125
-0.07879638671875 0.173675537109375 0.0466766357421875 -0.0681037902832031
-0.14385986328125 0.14996337890625 0.0434494018554687 0.0131454467773438
-0.1673583984375 0.0979156494140625 0.0970458984375 0.120338439941406
-0.0940017700195312 0.138626098632813 0.0442047119140625 0.134353637695312
-0.016998291015625 0.120491027832031 0.06573486328125 0.122604370117188
0.052703857421875 0.105850219726562 0.120376586914063 0.101409912109375
0.0914382934570312 0.0500946044921875 0.139625549316406 0.03485107421875
0.111701965332031 -0.0244216918945313 0.138359069824219 -0.0316009521484375
0.0966339111328125 -0.0660324096679688 0.103172302246094 -0.040771484375
0.0888595581054688 -0.0550308227539063 0.0729522705078125 -0.019439697265625
0.101150512695313 -0.066253662109375 0.0557365417480469 0.0194587707519531
0.125373840332031 -0.0368728637695312 0.0298309326171875 0.0476646423339844
0.1253662109375 0.0317764282226563 -0.0256805419921875 0.0492782592773438
0.100639343261719 0.0941009521484375 -0.0508880615234375 0.0150260925292969
0.00321960449218749 0.150131225585938 -0.0321998596191406 -0.0517768859863281
-0.101806640625 0.160614013671875 0.0209865570068359 -0.0189704895019531
-0.167984008789063 0.127792358398438 -0.00829315185546876 0.0542793273925781
-0.187240600585937 0.0508270263671875 0.0222625732421875 0.156661987304687
-0.1455078125 0.116195678710937 -0.0128326416015625 0.176559448242187
-0.0599822998046875 0.1370849609375 0.0414581298828125 0.15008544921875
0.0333709716796875 0.143798828125 0.0934906005859375 0.114715576171875
0.0978851318359375 0.08642578125 0.105659484863281 0.0462722778320313
0.142196655273438 0.0006866455078125 0.101768493652344 -0.00797271728515625
0.1265869140625 -0.0553054809570312 0.0659294128417969 -0.00601577758789063
0.111984252929688 -0.0467529296875 0.0396461486816406 0.0149955749511719
0.125869750976563 -0.0536346435546875 0.0240364074707031 0.046417236328125
0.140914916992188 -0.0186920166015625 0.00186920166015626 0.0610923767089844
0.124313354492187 0.0513839721679688 -0.0405921936035156 0.054229736328125
0.0866851806640625 0.1083984375 -0.0535163879394531 0.0202102661132813
-0.0191802978515625 0.143753051757813 -0.0314064025878906 -0.0279026031494141
-0.121192932128906 0.131782531738281 0.00115203857421874 0.0243339538574219
-0.179183959960938 0.0877532958984375 -0.0601806640625 0.0841217041015625
-0.167190551757813 -0.00631713867187501 -0.05169677734375 0.169845581054688
-0.159072875976562 0.0625152587890625 -0.071014404296875 0.196731567382813
-0.090301513671875 0.110572814941406 0.0120697021484375 0.16143798828125
-0.00234985351562501 0.144332885742188 0.0583267211914063 0.112396240234375
0.0765609741210938 0.105491638183594 0.0622940063476563 0.0469245910644531
0.14141845703125 0.0288543701171875 0.0539703369140625 0.0110702514648438
0.134597778320313 -0.0328598022460938 0.0197792053222656 0.0256538391113281
0.117645263671875 -0.0313873291015625 0.00010681152343751 0.0472373962402344
0.133132934570313 -0.0360336303710938 -0.0130538940429687 0.0696563720703125
0.141799926757813 -0.000885009765625 -0.0321197509765625 0.0699996948242188
0.114509582519531 0.0656204223632813 -0.0596160888671875 0.0512924194335938
0.0686416625976563 0.116729736328125 -0.0585250854492187 0.0158843994140625
-0.0439376831054687 0.131515502929688 -0.0293769836425781 -0.0152168273925781
-0.137130737304688 0.093048095703125 -0.0188217163085938 0.0520133972167969
-0.177230834960938 0.035552978515625 -0.109733581542969 0.09613037109375
-0.111763000488281 -0.063934326171875 -0.10791015625 0.159255981445313
-0.1302490234375 -0.00748443603515627 -0.113296508789063 0.192489624023438
-0.0961151123046875 0.0502700805664063 -0.00947570800781251 0.157577514648438
-0.0401535034179687 0.105842590332031 0.0302734375 0.0963516235351563
0.0346527099609375 0.099884033203125 0.0238113403320313 0.0357475280761719
0.110816955566406 0.0530853271484375 0.0046520233154297 0.0210304260253906
0.118988037109375 -0.00411224365234375 -0.0269851684570312 0.0483741760253906
0.105316162109375 -0.0106735229492188 -0.0388565063476563 0.073516845703125
0.120353698730469 -0.0147323608398438 -0.0510482788085938 0.0885086059570313
0.126625061035156 0.0161056518554688 -0.0697250366210938 0.0743942260742188
0.0960845947265625 0.0716094970703125 -0.0847015380859375 0.043701171875
0.0469970703125 0.114151000976563 -0.0689048767089844 0.00496292114257814
-0.063018798828125 0.112510681152344 -0.0331954956054688 -0.0131053924560547
-0.142547607421875 0.04931640625 -0.044586181640625 0.0617752075195312
-0.161056518554688 -0.0224609375 -0.15533447265625 0.0883331298828125
-0.036956787109375 -0.1107177734375 -0.131240844726562 0.1309814453125
-0.073883056640625 -0.0746307373046875 -0.124038696289062 0.17181396484375
-0.0780487060546875 -0.020751953125 -0.0135345458984375 0.14227294921875
-0.0682144165039063 0.0453338623046875 0.0184173583984375 0.072296142578125
-0.0133132934570312 0.07489013671875 0.000762939453125001 0.0175933837890625
0.0593528747558594 0.0669708251953125 -0.0337905883789063 0.0197696685791016
0.0853500366210938 0.02557373046875 -0.0652503967285156 0.0589675903320312
0.0774993896484375 0.01116943359375 -0.0720367431640625 0.088775634765625
0.09088134765625 0.00743865966796875 -0.0857009887695312 0.100318908691406
0.095123291015625 0.0284652709960937 -0.105712890625 0.0748138427734375
0.0681953430175781 0.0666160583496094 -0.110885620117188 0.0356521606445313
0.0251083374023437 0.0978469848632813 -0.0844345092773438 -0.0072479248046875
-0.0708847045898438 0.0833282470703125 -0.0458259582519531 -0.0183944702148437
-0.130073547363281 0.00386047363281252 -0.0742950439453125 0.0535659790039062
-0.124595642089844 -0.0755386352539062 -0.191909790039062 0.06109619140625
0.0428009033203125 0.108726501464844 0.202728271484375 -0.0609588623046875
0.110481262207031 0.0215530395507813 0.0980300903320313 -0.0273056030273438
0.0543289184570313 -0.0587539672851563 0.0613937377929688 0.0299224853515625
-0.00115585327148438 -0.0678176879882813 0.121444702148438 0.0326080322265625
-0.0362205505371094 -0.047821044921875 0.151596069335938 -0.0254974365234375
-0.0684928894042969 -0.0267181396484375 0.138740539550781 -0.095184326171875
-0.0575637817382813 -0.0181541442871094 0.112251281738281 -0.128578186035156
-0.0482368469238281 -0.0245742797851563 0.090667724609375 -0.107772827148437
-0.0565032958984375 -0.0501785278320313 0.0828399658203125 -0.0670852661132812
-0.00811004638671875 -0.0760345458984375 0.0643539428710938 -0.0248069763183594
0.0566177368164063 -0.06341552734375 0.00754451751708985 -0.00984764099121094
0.088348388671875 -0.0122528076171875 -0.0165214538574219 -0.0510902404785156
0.0772857666015625 0.0830612182617188 0.0246963500976563 -0.140251159667969
0.0292816162109375 0.14617919921875 0.112472534179688 -0.172073364257813
-0.0251312255859375 0.151123046875 0.140556335449219 -0.09857177734375
-0.0354995727539063 0.138534545898437 0.207290649414062 -0.00843811035156249
0.0565872192382813 0.0847854614257813 0.108123779296875 0.0152435302734375
0.0467720031738281 0.00640869140625 0.077301025390625 0.0533905029296875
0.0304241180419922 -0.0144901275634766 0.140190124511719 0.052703857421875
0.0148067474365234 -0.0251922607421875 0.16937255859375 -0.0127105712890625
-0.00694656372070313 -0.0405921936035156 0.160476684570313 -0.0907745361328125
-0.00457763671875001 -0.0492935180664063 0.130477905273438 -0.121147155761719
0.00245285034179688 -0.0485992431640625 0.10272216796875 -0.098114013671875
0.0034942626953125 -0.07147216796875 0.092498779296875 -0.0513229370117188
0.05206298828125 -0.073638916015625 0.0706024169921875 -0.00478363037109375
0.100471496582031 -0.0302581787109375 0.00508499145507813 0.0124216079711914
0.110671997070313 0.0375289916992188 -0.0282821655273437 -0.0243244171142578
0.053497314453125 0.133392333984375 -0.00189971923828123 -0.115898132324219
-0.028594970703125 0.185348510742188 0.0831146240234375 -0.13311767578125
-0.093109130859375 0.177032470703125 0.107879638671875 -0.048583984375
-0.115615844726562 0.145111083984375 0.18023681640625 0.0550537109375
-0.0171737670898437 0.138351440429688 0.0968856811523438 0.0724258422851563
0.0244522094726563 0.0791168212890625 0.0849075317382813 0.0869216918945313
0.0577468872070313 0.051422119140625 0.148849487304688 0.07672119140625
0.0670318603515625 0.00912857055664063 0.172866821289063 0.004425048828125
0.0616683959960938 -0.0446929931640625 0.1650390625 -0.0761260986328125
0.0515670776367187 -0.0727767944335938 0.129867553710938 -0.097686767578125
0.0535964965820313 -0.0652389526367188 0.0979156494140625 -0.0726089477539063
0.061248779296875 -0.0832061767578125 0.0848922729492188 -0.0247955322265625
0.101615905761719 -0.0657730102539063 0.0603523254394531 0.0172920227050781
0.129966735839844 -0.00103759765625 -0.00437927246093749 0.0331630706787109
0.12286376953125 0.0723876953125 -0.0391006469726562 -0.000419616699218754
0.0360870361328125 0.161209106445313 -0.0243301391601563 -0.0859375
-0.0692291259765625 0.20086669921875 0.0515213012695312 -0.0823593139648437
-0.1422119140625 0.1806640625 0.0607948303222656 0.00451278686523439
-0.179489135742188 0.124832153320313 0.122383117675781 0.117477416992188
-0.09478759765625 0.163864135742187 0.0609283447265625 0.135124206542969
-0.0122299194335938 0.138824462890625 0.0774154663085938 0.124076843261719
0.0684356689453125 0.116523742675781 0.138450622558594 0.100578308105469
0.1072998046875 0.05035400390625 0.155197143554688 0.0245819091796875
0.122749328613281 -0.0360488891601563 0.147781372070313 -0.0510711669921875
0.101898193359375 -0.0827713012695313 0.109237670898438 -0.0599822998046875
0.0954666137695313 -0.0706100463867188 0.0767669677734375 -0.0350570678710938
0.107940673828125 -0.084197998046875 0.0626335144042969 0.00725173950195312
0.137138366699219 -0.053741455078125 0.0393104553222656 0.0387306213378906
0.145004272460938 0.0230865478515625 -0.0176811218261719 0.0476760864257813
0.122833251953125 0.0961151123046875 -0.0455284118652344 0.016357421875
0.0177001953125 0.169586181640625 -0.0329399108886719 -0.0554351806640625
-0.097930908203125 0.192581176757813 0.0282363891601562 -0.0273780822753906
-0.174346923828125 0.161468505859375 0.00658798217773436 0.0546302795410156
-0.208343505859375 0.0778350830078125 0.04248046875 0.165481567382813
-0.15411376953125 0.147811889648438 0.00263977050781249 0.187332153320313
-0.0570831298828125 0.16259765625 0.0544281005859375 0.155075073242188
0.0524444580078125 0.160781860351563 0.109321594238281 0.116653442382813
0.119667053222656 0.089080810546875 0.117050170898438 0.0398712158203125
0.159408569335938 -0.014251708984375 0.109428405761719 -0.0208511352539063
0.135848999023438 -0.0764312744140625 0.070556640625 -0.0169296264648438
0.121696472167969 -0.0655975341796875 0.0426902770996094 0.00770950317382812
0.136711120605469 -0.075958251953125 0.0287818908691406 0.0416488647460937
0.157089233398438 -0.037628173828125 0.00769424438476564 0.057586669921875
0.147537231445313 0.043975830078125 -0.0363540649414062 0.0545005798339844
0.111412048339844 0.113388061523438 -0.0506057739257813 0.0212020874023438
-0.00724792480468749 0.165939331054688 -0.0308170318603516 -0.0316238403320313
-0.12335205078125 0.165618896484375 0.0102119445800781 0.021942138671875
-0.192520141601563 0.120468139648437 -0.0494613647460938 0.0928802490234375
-0.193023681640625 0.0142822265625 -0.039154052734375 0.18988037109375
-0.175430297851563 0.0914459228515625 -0.0590972900390625 0.21722412109375
-0.0928192138671875 0.137489318847656 0.0241851806640625 0.170379638671875
0.0146026611328125 0.165390014648438 0.0707626342773438 0.116447448730469
0.09991455078125 0.110336303710938 0.0686874389648438 0.0453872680664063
0.162811279296875 0.0142974853515625 0.0574226379394531 0.006072998046875
0.146697998046875 -0.05523681640625 0.0227317810058594 0.0248355865478516
0.128822326660156 -0.0503387451171875 0.00309753417968751 0.0489044189453125
0.14581298828125 -0.0583038330078125 -0.0106658935546875 0.0731201171875
0.160110473632813 -0.0196533203125 -0.0308990478515625 0.072235107421875
0.138519287109375 0.059661865234375 -0.0612640380859375 0.0541572570800781
0.0925216674804688 0.123336791992188 -0.0589675903320312 0.0169410705566406
-0.033966064453125 0.154998779296875 -0.028839111328125 -0.0182914733886719
-0.144744873046875 0.125869750976562 -0.00999832153320314 0.0550155639648438
-0.197021484375 0.064300537109375 -0.105598449707031 0.112602233886719
-0.138351440429688 -0.0539474487304688 -0.104751586914063 0.185897827148438
-0.1512451171875 0.0121307373046875 -0.106155395507813 0.218414306640625
-0.104721069335938 0.0725631713867188 0.000427246093750004 0.168060302734375
-0.0304107666015625 0.127426147460938 0.037261962890625 0.101905822753906
0.0542068481445313 0.108573913574219 0.0249519348144531 0.0377960205078125
0.132034301757813 0.04241943359375 0.00387573242187501 0.0230236053466797
0.1324462890625 -0.0230712890625 -0.0261421203613281 0.0569648742675781
0.115829467773438 -0.027618408203125 -0.03704833984375 0.0830154418945313
0.13299560546875 -0.0349044799804688 -0.0504913330078125 0.0998382568359375
0.143722534179688 -0.001495361328125 -0.0722427368164063 0.083404541015625
0.118209838867187 0.0669403076171875 -0.090850830078125 0.0499649047851563
0.069854736328125 0.121353149414063 -0.073577880859375 0.00687408447265627
-0.0555877685546875 0.134872436523438 -0.0335483551025391 -0.0154514312744141
-0.1539306640625 0.077880859375 -0.0384979248046875 0.0705795288085938
-0.183639526367188 0.000442504882812518 -0.160110473632813 0.110107421875
-0.0589675903320312 -0.112411499023438 -0.136489868164063 0.159408569335937
-0.0960235595703125 -0.0678253173828125 -0.121322631835938 0.1983642578125
-0.0920181274414063 -0.00863647460937498 -0.00610351562499999 0.1519775390625
-0.0679092407226563 0.0637092590332031 0.0194625854492187 0.076812744140625
-0.00109863281249999 0.0853424072265625 -0.003814697265625 0.0213756561279297
0.0777816772460938 0.0621871948242188 -0.039337158203125 0.0280723571777344
0.0970306396484375 0.0125656127929687 -0.0670242309570313 0.074493408203125
0.0861663818359375 -0.00052642822265625 -0.071685791015625 0.105720520019531
0.100967407226563 -0.0070343017578125 -0.0871047973632812 0.11846923828125
0.108863830566406 0.0148239135742188 -0.11181640625 0.09002685546875
0.085113525390625 0.0633468627929688 -0.120590209960938 0.0450363159179688
0.0424652099609375 0.104415893554688 -0.0933456420898438 -0.00452423095703125
-0.0659027099609375 0.101470947265625 -0.0481109619140625 -0.0193672180175781
-0.142471313476563 0.0252227783203125 -0.0723342895507813 0.0666427612304687
-0.147171020507812 -0.061676025390625 -0.20513916015625 0.085479736328125
0.0598373413085938 0.107421875 0.213592529296875 -0.094757080078125
0.1181640625 0.00406646728515625 0.0988540649414063 -0.0453109741210937
0.0465278625488281 -0.0695533752441406 0.0666427612304688 0.0274620056152344
-0.0136070251464844 -0.0701828002929688 0.13629150390625 0.0240249633789062
-0.0469017028808594 -0.0437583923339844 0.16448974609375 -0.0451507568359375
-0.0763702392578125 -0.014312744140625 0.14385986328125 -0.122314453125
-0.0620231628417969 -0.00816345214843751 0.106948852539063 -0.159011840820313
-0.0535202026367187 -0.0170211791992188 0.0843734741210938 -0.134346008300781
-0.0660781860351563 -0.0410118103027344 0.0815200805664063 -0.0907440185546875
-0.0213623046875 -0.0768814086914063 0.0700721740722656 -0.042327880859375
0.0476226806640625 -0.076446533203125 0.0146493911743164 -0.0168943405151367
0.0908432006835938 -0.0269775390625 -0.0156059265136719 -0.0543060302734375
0.0961990356445313 0.075469970703125 0.0157928466796875 -0.152511596679688
0.0561370849609375 0.149017333984375 0.103530883789063 -0.202255249023438
-0.000930786132812485 0.163467407226563 0.147811889648438 -0.131790161132813
-0.0233306884765625 0.151077270507812 0.22625732421875 -0.040130615234375
0.0671768188476563 0.0822525024414063 0.115280151367188 -0.00279235839843749
0.0463714599609375 0.00390243530273438 0.0855789184570313 0.049774169921875
0.0302619934082031 -0.0153236389160156 0.158248901367188 0.0420989990234375
0.0132083892822266 -0.0249423980712891 0.184722900390625 -0.0345306396484375
-0.0100936889648438 -0.0381736755371094 0.16552734375 -0.121170043945313
-0.0082855224609375 -0.0506668090820312 0.126632690429688 -0.153564453125
-0.000629425048828127 -0.0516853332519531 0.0979461669921875 -0.12640380859375
-0.0030975341796875 -0.0746002197265625 0.0926895141601563 -0.0762710571289063
0.046112060546875 -0.08416748046875 0.0783157348632812 -0.02484130859375
0.10302734375 -0.0451736450195313 0.0143032073974609 0.00598526000976562
0.123062133789062 0.025238037109375 -0.0241985321044922 -0.0264739990234375
0.0753021240234375 0.136001586914063 -0.0095672607421875 -0.124351501464844
-0.00392150878906248 0.203857421875 0.0779571533203125 -0.157958984375
-0.0744476318359375 0.203170776367188 0.120887756347656 -0.0747146606445312
-0.111923217773438 0.172134399414062 0.205581665039063 0.0314178466796875
-0.005401611328125 0.153488159179688 0.110847473144531 0.0597991943359375
0.0324859619140625 0.0875091552734375 0.0974197387695312 0.0836563110351562
0.070159912109375 0.0532646179199219 0.168838500976563 0.0662078857421875
0.0768966674804688 0.0050811767578125 0.1890869140625 -0.0157470703125
0.0638008117675781 -0.0534515380859375 0.170120239257813 -0.106170654296875
0.04986572265625 -0.0850677490234375 0.128189086914063 -0.127830505371094
0.0533447265625 -0.0777816772460938 0.094635009765625 -0.0983047485351563
0.058563232421875 -0.0981292724609375 0.086944580078125 -0.0471649169921875
0.103729248046875 -0.0839767456054688 0.069122314453125 0.000488281249999995
0.142959594726563 -0.018280029296875 0.00450134277343751 0.0274066925048828
0.143798828125 0.0632781982421875 -0.0339069366455078 -0.000930786132812499
0.060272216796875 0.172454833984375 -0.0298080444335937 -0.091278076171875
-0.047454833984375 0.229934692382813 0.0512237548828125 -0.100677490234375
-0.130813598632813 0.216873168945313 0.0761566162109375 -0.010955810546875
-0.18487548828125 0.161880493164063 0.150527954101563 0.107009887695313
-0.0863189697265625 0.194381713867188 0.080780029296875 0.131927490234375
0.000976562500000011 0.159347534179688 0.093963623046875 0.122993469238281
0.0915145874023437 0.12396240234375 0.160202026367188 0.092926025390625
0.127632141113281 0.043914794921875 0.170059204101562 0.0078125
0.131179809570313 -0.0548629760742188 0.153045654296875 -0.07568359375
0.103042602539063 -0.104972839355469 0.10919189453125 -0.0836257934570312
0.0976333618164063 -0.0920867919921875 0.0757293701171875 -0.0535659790039063
0.108894348144531 -0.108589172363281 0.065216064453125 -0.00851058959960938
0.145553588867188 -0.078399658203125 0.0463294982910156 0.0267181396484375
0.165573120117188 0.005584716796875 -0.0105972290039062 0.0447425842285156
0.149703979492188 0.0898895263671875 -0.0404853820800781 0.0166091918945313
0.0408935546875 0.187240600585938 -0.0361366271972656 -0.0597496032714844
-0.08251953125 0.228988647460938 0.0329399108886719 -0.0397529602050781
-0.170318603515625 0.203109741210938 0.0235633850097656 0.0505599975585938
-0.22369384765625 0.116592407226563 0.069000244140625 0.171188354492188
-0.153182983398438 0.187286376953125 0.0252838134765625 0.19671630859375
-0.0443115234375 0.19183349609375 0.0722198486328125 0.158767700195312
0.0810699462890625 0.17401123046875 0.129783630371094 0.112991333007813
0.14654541015625 0.082550048828125 0.129730224609375 0.0291671752929688
0.175308227539063 -0.038665771484375 0.113082885742188 -0.0377960205078125
0.139228820800781 -0.104171752929688 0.07342529296875 -0.0294189453125
0.1263427734375 -0.09033203125 0.0437278747558594 -0.00112915039062501
0.141708374023438 -0.10552978515625 0.0331535339355469 0.03558349609375
0.170822143554688 -0.0663299560546875 0.0124664306640625 0.0529975891113281
0.172454833984375 0.02838134765625 -0.0324325561523437 0.0556526184082031
0.1419677734375 0.110916137695313 -0.0481452941894531 0.0221748352050781
0.0150604248046875 0.1876220703125 -0.0334968566894531 -0.0358314514160156
-0.1141357421875 0.205474853515625 0.0191802978515625 0.0166988372802734
-0.196502685546875 0.163803100585938 -0.0350112915039063 0.100715637207031
-0.215347290039063 0.047210693359375 -0.0182647705078125 0.209365844726562
-0.182464599609375 0.130645751953125 -0.0380859375 0.238113403320313
-0.086151123046875 0.170318603515625 0.04217529296875 0.177780151367187
0.04193115234375 0.184860229492187 0.0870742797851563 0.11767578125
0.128738403320313 0.108444213867188 0.0768356323242188 0.0413284301757813
0.182449340820312 -0.0105743408203125 0.0595436096191406 -0.000637054443359376
0.152694702148438 -0.0843963623046875 0.0265064239501953 0.0231246948242187
0.134971618652344 -0.0771484375 0.00639343261718751 0.05096435546875
0.152847290039063 -0.08935546875 -0.00572204589843749 0.0774993896484375
0.174362182617188 -0.0483856201171875 -0.0282821655273437 0.0766754150390625
0.165313720703125 0.0444793701171875 -0.0613288879394531 0.0599327087402344
0.123924255371094 0.122154235839844 -0.0603561401367187 0.0191917419433594
-0.014495849609375 0.179107666015625 -0.0308856964111328 -0.0220241546630859
-0.142364501953125 0.164901733398438 0.000816345214843737 0.0556831359863281
-0.207794189453125 0.104736328125 -0.0959548950195313 0.130783081054688
-0.164291381835938 -0.03271484375 -0.0916290283203125 0.217178344726562
-0.168075561523438 0.04205322265625 -0.0896148681640625 0.248092651367188
-0.106452941894531 0.101104736328125 0.0157928466796875 0.17828369140625
-0.01165771484375 0.149063110351563 0.0473098754882812 0.105857849121094
0.079986572265625 0.112052917480469 0.0267829895019531 0.03997802734375
0.152297973632812 0.023101806640625 0.00383186340332032 0.0260887145996094
0.140342712402344 -0.0485153198242188 -0.0222282409667969 0.0673027038574219
0.123001098632813 -0.0504531860351563 -0.0316848754882812 0.0958709716796875
0.14111328125 -0.0628204345703125 -0.045318603515625 0.114402770996094
0.1583251953125 -0.0267791748046875 -0.0721054077148437 0.0966339111328125
0.1424560546875 0.054290771484375 -0.0961532592773437 0.0615234375
0.0979232788085938 0.122116088867188 -0.0802764892578125 0.0111083984375
-0.0394439697265625 0.157730102539062 -0.0365829467773438 -0.017608642578125
-0.157180786132813 0.113677978515625 -0.0279388427734375 0.077911376953125
-0.202102661132812 0.033538818359375 -0.158218383789063 0.137466430664063
-0.0850906372070313 -0.108421325683594 -0.131729125976562 0.1949462890625
-0.11871337890625 -0.0535736083984375 -0.110565185546875 0.230606079101562
-0.103805541992188 0.0104217529296875 0.00675964355468751 0.163162231445313
-0.0607376098632813 0.0836029052734375 0.0247726440429688 0.082305908203125
0.0162353515625 0.0935134887695312 -0.00744056701660156 0.0271797180175781
0.0955276489257813 0.0505523681640625 -0.041961669921875 0.0403480529785156
0.106681823730469 -0.00615692138671875 -0.0636138916015625 0.094879150390625
0.0925750732421875 -0.0168991088867188 -0.0651702880859375 0.126930236816406
0.108131408691406 -0.027069091796875 -0.081512451171875 0.141342163085938
0.119895935058594 -0.00397491455078125 -0.114036560058594 0.110527038574219
0.104202270507813 0.0535888671875 -0.129547119140625 0.061004638671875
0.064544677734375 0.105720520019531 -0.103103637695313 0.00261688232421877
-0.055084228515625 0.121040344238281 -0.0523338317871094 -0.0198326110839844
-0.150741577148438 0.0538177490234375 -0.0657196044921875 0.081329345703125
-0.168792724609375 -0.0396270751953125 -0.2119140625 0.119049072265625
0.0768508911132813 0.0981979370117187 0.211868286132813 -0.134368896484375
0.118453979492188 -0.0172576904296875 0.0915756225585938 -0.064666748046875
0.0357666015625 -0.0790328979492188 0.07183837890625 0.0233612060546875
-0.0261878967285156 -0.0694122314453125 0.148483276367188 0.00836181640625
-0.0551910400390625 -0.0366363525390625 0.1702880859375 -0.0699615478515625
-0.0800933837890625 0.00108337402343751 0.13787841796875 -0.152389526367188
-0.0632286071777344 0.00283050537109374 0.0902557373046875 -0.186111450195313
-0.0543251037597656 -0.00790405273437499 0.0676422119140625 -0.157730102539062
-0.07342529296875 -0.0285568237304688 0.0700225830078125 -0.114120483398437
-0.0353469848632813 -0.0733108520507813 0.0681838989257813 -0.0638542175292969
0.0338668823242188 -0.085693359375 0.0185813903808594 -0.0268611907958984
0.0884552001953125 -0.0436782836914063 -0.0163154602050781 -0.0594863891601562
0.112823486328125 0.0600433349609375 9.15527343750247E-05 -0.161041259765625
0.083831787109375 0.142288208007813 0.0832061767578125 -0.22930908203125
0.0268707275390625 0.165512084960938 0.142440795898438 -0.167800903320313
-0.00636291503906249 0.16107177734375 0.231597900390625 -0.078826904296875
0.0769119262695313 0.07598876953125 0.115234375 -0.0235366821289062
0.0467643737792969 0.00156402587890625 0.09478759765625 0.041534423828125
0.0290374755859375 -0.016693115234375 0.17236328125 0.0239105224609375
0.0123882293701172 -0.0246543884277344 0.192581176757812 -0.063262939453125
-0.0119876861572266 -0.0350341796875 0.158035278320313 -0.154876708984375
-0.0119895935058594 -0.0515670776367188 0.109100341796875 -0.185867309570313
-0.00487136840820312 -0.0543975830078125 0.080169677734375 -0.153549194335938
-0.012298583984375 -0.0750579833984375 0.0829086303710938 -0.102249145507813
0.0355987548828125 -0.09222412109375 0.07879638671875 -0.04718017578125
0.09912109375 -0.062164306640625 0.0216903686523438 -0.00541114807128907
0.132461547851563 0.0083465576171875 -0.0217170715332031 -0.0301895141601563
0.0993576049804688 0.130699157714844 -0.0205841064453125 -0.129325866699219
0.0280609130859375 0.212051391601563 0.0626983642578125 -0.181976318359375
-0.0458831787109375 0.22308349609375 0.122787475585938 -0.106597900390625
-0.0958251953125 0.20050048828125 0.220977783203125 -0.00285339355468749
0.0126190185546875 0.162918090820313 0.120185852050781 0.0404739379882813
0.0454483032226563 0.0941238403320312 0.109573364257813 0.0746307373046875
0.0831756591796875 0.050140380859375 0.185379028320312 0.0469512939453125
0.0844955444335938 -0.0031280517578125 0.197006225585938 -0.04498291015625
0.0622749328613281 -0.0640068054199219 0.163543701171875 -0.139663696289063
0.0432815551757813 -0.098297119140625 0.114181518554688 -0.15875244140625
0.0468978881835937 -0.0915603637695313 0.080841064453125 -0.123100280761719
0.0491180419921875 -0.112503051757813 0.0796585083007813 -0.0702438354492188
0.0977249145507813 -0.104766845703125 0.0712966918945313 -0.0212936401367188
0.149276733398437 -0.0397491455078125 0.0120277404785156 0.0180797576904297
0.163787841796875 0.045684814453125 -0.02874755859375 -0.00412368774414063
0.0891876220703125 0.174575805664063 -0.0387802124023438 -0.0951156616210937
-0.01507568359375 0.251480102539063 0.0435333251953125 -0.118843078613281
-0.10430908203125 0.249038696289063 0.0857009887695313 -0.0328750610351562
-0.17620849609375 0.201995849609375 0.174575805664063 0.085479736328125
-0.0644683837890625 0.2220458984375 0.0994338989257813 0.120857238769531
0.0222015380859375 0.175811767578125 0.109870910644531 0.11614990234375
0.11871337890625 0.121612548828125 0.17999267578125 0.0761871337890625
0.14605712890625 0.0296478271484375 0.178939819335938 -0.016754150390625
0.133468627929688 -0.07757568359375 0.147674560546875 -0.104263305664062
0.0940704345703125 -0.128402709960938 0.100387573242187 -0.1082763671875
0.091827392578125 -0.115989685058594 0.0672760009765625 -0.0715408325195313
0.0998611450195313 -0.133987426757813 0.0631256103515625 -0.0244026184082031
0.143707275390625 -0.107757568359375 0.0495758056640625 0.0121345520019531
0.180618286132813 -0.019287109375 -0.00408935546874999 0.0391769409179688
0.175918579101562 0.0732574462890625 -0.036041259765625 0.0149421691894531
0.0728759765625 0.195587158203125 -0.0420074462890625 -0.0620346069335937
-0.0515594482421875 0.261123657226563 0.0328369140625 -0.0536117553710937
-0.149688720703125 0.243972778320312 0.0382843017578125 0.0404167175292969
-0.22332763671875 0.16204833984375 0.09771728515625 0.16632080078125
-0.134536743164063 0.228073120117187 0.051605224609375 0.197357177734375
-0.019378662109375 0.2181396484375 0.0928955078125 0.154129028320312
0.1158447265625 0.176559448242188 0.148971557617187 0.101486206054688
0.173263549804688 0.0664825439453125 0.138015747070312 0.0129241943359375
0.179931640625 -0.0690460205078125 0.109672546386719 -0.0578765869140625
0.131446838378906 -0.135368347167969 0.0704193115234375 -0.0446319580078125
0.120834350585938 -0.121025085449219 0.0424346923828125 -0.00897598266601563
0.13525390625 -0.13787841796875 0.0344085693359375 0.0281429290771484
0.171249389648438 -0.10052490234375 0.0164260864257813 0.0476455688476562
0.191299438476563 -0.0003204345703125 -0.0282707214355469 0.055694580078125
0.17218017578125 0.0947418212890625 -0.0446891784667969 0.0236587524414063
0.047027587890625 0.202499389648438 -0.0381507873535156 -0.0372657775878906
-0.089111328125 0.241058349609375 0.0261993408203125 0.00815773010253908
-0.18389892578125 0.209701538085938 -0.0170516967773438 0.103752136230469
-0.225433349609375 0.090087890625 0.011810302734375 0.222122192382813
-0.175506591796875 0.173446655273438 -0.00814819335937502 0.251846313476563
-0.0653228759765625 0.201263427734375 0.06341552734375 0.178421020507813
0.0777435302734375 0.191635131835937 0.103431701660156 0.112663269042969
0.157791137695313 0.0948486328125 0.0825576782226563 0.0358200073242188
0.192962646484375 -0.04241943359375 0.0588150024414063 -0.00902175903320313
0.147079467773437 -0.117263793945312 0.0303173065185547 0.0206584930419922
0.131332397460938 -0.107147216796875 0.0115470886230469 0.0527114868164062
0.148117065429688 -0.123016357421875 0.0009307861328125 0.0805587768554687
0.178375244140625 -0.0833587646484375 -0.0233612060546875 0.0811538696289063
0.186233520507813 0.018829345703125 -0.0604591369628906 0.0671882629394531
0.15496826171875 0.110702514648438 -0.0617294311523437 0.0229034423828125
0.0154571533203125 0.196319580078125 -0.0349540710449219 -0.0244197845458984
-0.123687744140625 0.206558227539062 0.0114669799804687 0.0529937744140625
-0.204376220703125 0.150604248046875 -0.0784149169921875 0.14556884765625
-0.182037353515625 -0.00370788574218752 -0.066070556640625 0.243209838867187
-0.171890258789063 0.0777740478515625 -0.05908203125 0.271728515625
-0.098907470703125 0.129135131835938 0.0364227294921875 0.182540893554687
0.0153961181640625 0.163909912109375 0.0590362548828125 0.105934143066406
0.106971740722656 0.104469299316406 0.02923583984375 0.0423583984375
0.166549682617188 -0.006500244140625 0.00445938110351564 0.0303535461425781
0.138519287109375 -0.0781326293945313 -0.014007568359375 0.0771865844726563
0.121307373046875 -0.0770187377929688 -0.0207138061523437 0.10675048828125
0.137550354003906 -0.0922698974609375 -0.0345535278320313 0.127098083496094
0.161956787109375 -0.0596160888671875 -0.0675430297851562 0.111152648925781
0.1627197265625 0.03143310546875 -0.0959625244140625 0.075531005859375
0.1259765625 0.112464904785156 -0.0841522216796875 0.018218994140625
-0.0142059326171875 0.175277709960938 -0.0409774780273438 -0.0185890197753906
-0.14654541015625 0.152816772460937 -0.0160369873046875 0.0827713012695313
-0.207000732421875 0.0734710693359375 -0.144317626953125 0.164291381835938
-0.109100341796875 -0.095428466796875 -0.113922119140625 0.228378295898438
-0.134284973144531 -0.02972412109375 -0.0863189697265625 0.258758544921875
-0.108207702636719 0.0319900512695312 0.0243988037109375 0.167877197265625
-0.0455245971679687 0.102592468261719 0.0307998657226562 0.0857620239257813
0.0365753173828125 0.0938186645507813 -0.00905609130859375 0.0343761444091797
0.110038757324219 0.0319290161132813 -0.041015625 0.0530891418457031
0.10845947265625 -0.02813720703125 -0.052001953125 0.112419128417969
0.0930023193359375 -0.0360336303710938 -0.0486602783203125 0.146896362304688
0.108230590820312 -0.0494232177734375 -0.066802978515625 0.1619873046875
0.125755310058594 -0.0285186767578125 -0.1080322265625 0.134963989257813
0.119537353515625 0.0366897583007813 -0.131820678710938 0.0820159912109375
0.0875930786132813 0.0978622436523438 -0.109909057617188 0.012908935546875
-0.0367279052734375 0.137451171875 -0.0566329956054688 -0.0165557861328125
-0.147567749023438 0.0848388671875 -0.0536041259765625 0.094390869140625
-0.182052612304688 -0.00877380371093748 -0.205947875976563 0.156036376953125
0.0882110595703125 0.0874481201171875 0.195770263671875 -0.167465209960938
0.11224365234375 -0.0348739624023438 0.0796051025390625 -0.0771484375
0.022491455078125 -0.08251953125 0.07415771484375 0.0169448852539063
-0.0369682312011719 -0.0641326904296875 0.152786254882813 -0.00877380371093751
-0.0606918334960937 -0.0255928039550781 0.167999267578125 -0.0966339111328125
-0.0771255493164063 0.0154571533203125 0.122894287109375 -0.176361083984375
-0.0598220825195313 0.0126419067382812 0.06451416015625 -0.206146240234375
-0.0539360046386719 0.000587463378906252 0.0440521240234375 -0.174636840820313
-0.0759201049804687 -0.014892578125 0.0519485473632812 -0.132080078125
-0.0461463928222656 -0.064849853515625 0.0594558715820313 -0.0825653076171875
0.0200729370117187 -0.089630126953125 0.0180625915527344 -0.038360595703125
0.0795669555664063 -0.056060791015625 -0.0181198120117187 -0.0627937316894531
0.120903015136719 0.0413131713867188 -0.014923095703125 -0.163681030273438
0.106681823730469 0.126319885253906 0.05645751953125 -0.245712280273438
0.0524139404296875 0.15997314453125 0.125991821289063 -0.198287963867188
0.0117950439453125 0.16534423828125 0.223831176757813 -0.115890502929688
0.084320068359375 0.06719970703125 0.107887268066406 -0.041473388671875
0.0448722839355469 -6.866455078125E-05 0.0973892211914063 0.0338058471679688
0.0288028717041016 -0.0176544189453125 0.178955078125 0.0030975341796875
0.0113143920898438 -0.0253391265869141 0.187973022460938 -0.09051513671875
-0.0145473480224609 -0.0324802398681641 0.141265869140625 -0.181777954101562
-0.0161209106445312 -0.05072021484375 0.08197021484375 -0.209381103515625
-0.00946044921875 -0.0552597045898438 0.056427001953125 -0.171463012695312
-0.0201873779296875 -0.074066162109375 0.0655746459960938 -0.121612548828125
0.025299072265625 -0.0973968505859375 0.0712051391601563 -0.0674209594726563
0.0920791625976562 -0.0754318237304688 0.0221729278564453 -0.0174388885498047
0.134292602539063 -0.00914764404296875 -0.0199184417724609 -0.0342597961425781
0.119209289550781 0.118431091308594 -0.033203125 -0.131126403808594
0.058990478515625 0.209930419921875 0.0423431396484375 -0.196945190429688
-0.014739990234375 0.230560302734375 0.115486145019531 -0.134262084960938
-0.0747222900390625 0.220718383789062 0.223968505859375 -0.0373382568359375
0.032196044921875 0.16827392578125 0.12261962890625 0.0213699340820313
0.0569534301757813 0.0956039428710938 0.116157531738281 0.0638961791992188
0.09503173828125 0.04278564453125 0.194915771484375 0.02496337890625
0.0898361206054688 -0.0139541625976563 0.1942138671875 -0.0712127685546875
0.0587387084960938 -0.0741195678710938 0.146194458007813 -0.165603637695312
0.032257080078125 -0.107589721679688 0.09033203125 -0.180572509765625
0.0373001098632812 -0.103271484375 0.0612869262695313 -0.139816284179688
0.0362930297851562 -0.122795104980469 0.0659255981445313 -0.0891494750976563
0.086517333984375 -0.121131896972656 0.066375732421875 -0.0394287109375
0.147918701171875 -0.0621185302734375 0.0143413543701172 0.00722217559814453
0.1732177734375 0.02410888671875 -0.0259304046630859 -0.00863456726074219
0.115646362304688 0.16680908203125 -0.0470504760742188 -0.0941314697265625
0.0213775634765625 0.260345458984375 0.0302047729492188 -0.132919311523437
-0.07159423828125 0.269317626953125 0.0871124267578125 -0.0561294555664062
-0.156005859375 0.236495971679687 0.188064575195312 0.0586090087890625
-0.0362701416015625 0.240036010742187 0.112411499023437 0.105010986328125
0.0464935302734375 0.18310546875 0.121566772460938 0.104026794433594
0.141830444335938 0.11029052734375 0.19091796875 0.05535888671875
0.15679931640625 0.009185791015625 0.178070068359375 -0.0398101806640625
0.126182556152344 -0.0992660522460938 0.133285522460938 -0.126670837402344
0.0788421630859375 -0.1473388671875 0.084320068359375 -0.126327514648438
0.0791168212890625 -0.134910583496094 0.0543365478515625 -0.0855178833007813
0.084075927734375 -0.155105590820313 0.0554542541503906 -0.0388221740722656
0.132949829101563 -0.133903503417969 0.0482292175292969 -0.00154495239257813
0.183822631835937 -0.047698974609375 -0.000919342041015615 0.0319576263427734
0.193374633789063 0.0489654541015625 -0.0329494476318359 0.0113887786865234
0.103927612304688 0.193313598632813 -0.0484085083007813 -0.0620498657226562
-0.0139923095703125 0.277603149414062 0.0278091430664063 -0.0650978088378906
-0.118194580078125 0.274002075195313 0.0478515625 0.0253372192382813
-0.208511352539063 0.204330444335938 0.122100830078125 0.15203857421875
-0.10589599609375 0.256561279296875 0.075958251953125 0.1895751953125
0.00991821289062497 0.23223876953125 0.107833862304688 0.145126342773438
0.148300170898438 0.165924072265625 0.162506103515625 0.08526611328125
0.19012451171875 0.042572021484375 0.140182495117188 -0.00301361083984375
0.17578125 -0.0987091064453125 0.101432800292969 -0.0720596313476563
0.115081787109375 -0.159347534179687 0.0635299682617188 -0.0559349060058594
0.106781005859375 -0.145034790039063 0.0391807556152344 -0.0173110961914063
0.1171875 -0.165878295898438 0.0342311859130859 0.0206794738769531
0.161300659179688 -0.131942749023438 0.018768310546875 0.0406570434570312
0.199874877929688 -0.031463623046875 -0.0246391296386719 0.0539169311523438
0.193984985351563 0.0716400146484375 -0.0439376831054687 0.0219841003417969
0.07891845703125 0.2039794921875 -0.0423698425292969 -0.0392875671386719
-0.053619384765625 0.267303466796875 0.0287189483642578 -0.00272750854492186
-0.15716552734375 0.244354248046875 -0.000946044921875008 0.0981979370117188
-0.220458984375 0.130844116210938 0.0405731201171875 0.22259521484375
-0.153305053710938 0.208450317382812 0.023101806640625 0.253707885742188
-0.0393829345703125 0.221099853515625 0.0813751220703125 0.171981811523438
0.111465454101563 0.188095092773438 0.117088317871094 0.102760314941406
0.179443359375 0.073760986328125 0.0861968994140625 0.0274124145507813
0.1903076171875 -0.07501220703125 0.0557022094726563 -0.0145263671875
0.132064819335938 -0.144287109375 0.0324287414550781 0.0176887512207031
0.118133544921875 -0.132720947265625 0.01739501953125 0.052001953125
0.131301879882813 -0.152908325195313 0.00772094726562501 0.080841064453125
0.169769287109375 -0.1170654296875 -0.0177764892578125 0.0830535888671875
0.196151733398438 -0.012542724609375 -0.0567855834960938 0.0726165771484375
0.1785888671875 0.08831787109375 -0.0610809326171875 0.0261459350585938
0.0461578369140625 0.202316284179688 -0.0396537780761719 -0.0252113342285156
-0.0943756103515625 0.234481811523438 0.0205192565917969 0.0471572875976563
-0.185531616210938 0.187789916992188 -0.0589599609375 0.1539306640625
-0.188690185546875 0.02886962890625 -0.0359344482421875 0.2572021484375
-0.163650512695313 0.110702514648437 -0.027374267578125 0.2823486328125
-0.0818328857421875 0.153945922851563 0.0555419921875 0.18023681640625
0.04559326171875 0.166961669921875 0.06964111328125 0.10235595703125
0.128814697265625 0.089813232421875 0.0326576232910156 0.0426712036132813
0.168502807617187 -0.034820556640625 0.00667190551757814 0.0336685180664063
0.127838134765625 -0.103713989257813 -0.00263977050781249 0.0819473266601563
0.111129760742188 -0.100135803222656 -0.00621795654296874 0.113471984863281
0.1248779296875 -0.119743347167969 -0.0199127197265625 0.13531494140625
0.15594482421875 -0.0883941650390625 -0.0576934814453125 0.121551513671875
0.172134399414063 0.0043792724609375 -0.0929718017578125 0.0875091552734375
0.147415161132813 0.093902587890625 -0.0855865478515625 0.0258026123046875
0.01312255859375 0.183563232421875 -0.044891357421875 -0.0184326171875
-0.12493896484375 0.181915283203125 -0.00194549560546877 0.08251953125
-0.198135375976563 0.110671997070313 -0.124038696289063 0.1842041015625
-0.126182556152344 -0.0765380859375 -0.086639404296875 0.25262451171875
-0.1409912109375 -0.00573730468750001 -0.054168701171875 0.274490356445312
-0.104812622070313 0.053985595703125 0.0415496826171875 0.16644287109375
-0.0260162353515625 0.1123046875 0.036590576171875 0.0869598388671875
0.0548934936523438 0.0882797241210938 -0.00678634643554687 0.0419654846191406
0.11627197265625 0.010833740234375 -0.0346527099609375 0.0663490295410156
0.103950500488281 -0.048095703125 -0.0341033935546875 0.125724792480469
0.0878677368164063 -0.0531082153320313 -0.028045654296875 0.157958984375
0.10015869140625 -0.0696487426757813 -0.046630859375 0.176528930664063
0.120948791503906 -0.051239013671875 -0.0948638916015625 0.15191650390625
0.128471374511719 0.0169448852539063 -0.126930236816406 0.100776672363281
0.104530334472656 0.0849838256835938 -0.112686157226562 0.0254440307617188
-0.015289306640625 0.144577026367188 -0.0605659484863281 -0.0149078369140625
-0.134788513183594 0.111381530761719 -0.0381851196289063 0.10003662109375
-0.182601928710938 0.021484375 -0.188522338867187 0.185791015625
0.0957107543945313 0.0764389038085938 0.17779541015625 -0.188980102539063
0.103439331054688 -0.046295166015625 0.0670242309570313 -0.0848007202148438
0.0119857788085938 -0.0821075439453125 0.0756454467773438 0.0130996704101562
-0.0443458557128906 -0.0573463439941406 0.154495239257813 -0.0220794677734375
-0.0627670288085938 -0.0179290771484375 0.160751342773437 -0.116165161132812
-0.072113037109375 0.0254745483398437 0.106369018554688 -0.19354248046875
-0.0552711486816406 0.01898193359375 0.0404510498046875 -0.21728515625
-0.051422119140625 0.00600433349609376 0.0220489501953125 -0.182876586914063
-0.0734634399414063 -0.00415802001953124 0.034515380859375 -0.142120361328125
-0.0529823303222656 -0.0563583374023438 0.0488739013671875 -0.0961227416992188
0.00747680664062499 -0.0897979736328125 0.0155525207519531 -0.0479660034179688
0.0710906982421875 -0.0646133422851563 -0.0205268859863281 -0.0658073425292969
0.124687194824219 0.0256271362304688 -0.0266571044921875 -0.163482666015625
0.119667053222656 0.109207153320313 0.033172607421875 -0.254150390625
0.0702056884765625 0.1495361328125 0.107269287109375 -0.220428466796875
0.027069091796875 0.164871215820313 0.21038818359375 -0.142013549804688
0.088226318359375 0.0607986450195312 0.098663330078125 -0.053741455078125
0.0443763732910156 3.814697265625E-05 0.09912109375 0.027435302734375
0.0285129547119141 -0.0182857513427734 0.1810302734375 -0.0129852294921875
0.0114612579345703 -0.0252513885498047 0.18096923828125 -0.111221313476563
-0.0142078399658203 -0.0300655364990234 0.122543334960937 -0.199966430664062
-0.0194053649902344 -0.0502853393554688 0.0571746826171875 -0.220855712890625
-0.0133781433105469 -0.0560073852539063 0.033416748046875 -0.180389404296875
-0.0250320434570313 -0.0715866088867188 0.0467300415039063 -0.13385009765625
0.0154647827148438 -0.0986709594726562 0.0607681274414063 -0.0832061767578125
0.083770751953125 -0.0853652954101563 0.0203590393066406 -0.0280914306640625
0.13287353515625 -0.0236129760742187 -0.019683837890625 -0.0394744873046875
0.131683349609375 0.105308532714844 -0.0421905517578125 -0.129898071289063
0.0818328857421875 0.201934814453125 0.02374267578125 -0.2052001953125
0.00981140136718752 0.2305908203125 0.104278564453125 -0.15625
-0.0540924072265625 0.2327880859375 0.217727661132813 -0.0641632080078125
0.0490264892578125 0.168685913085938 0.118621826171875 0.00727081298828126
0.0673446655273437 0.0964736938476562 0.119049072265625 0.0549545288085938
0.102981567382813 0.0353012084960938 0.197860717773438 0.0071258544921875
0.0918197631835938 -0.0235977172851563 0.186614990234375 -0.091949462890625
0.052978515625 -0.0811538696289063 0.127456665039063 -0.18267822265625
0.0224609375 -0.114341735839844 0.0672760009765625 -0.1939697265625
0.0279388427734375 -0.110893249511719 0.0405120849609375 -0.148727416992187
0.0242691040039063 -0.129615783691406 0.0500411987304688 -0.100196838378906
0.0745620727539062 -0.132148742675781 0.0574913024902344 -0.0536956787109375
0.143264770507813 -0.0800018310546875 0.0140342712402344 -0.00296115875244141
0.178253173828125 0.005584716796875 -0.0249786376953125 -0.0135459899902344
0.135299682617188 0.157135009765625 -0.0531463623046875 -0.0932693481445312
0.051177978515625 0.260650634765625 0.017578125 -0.142059326171875
-0.0418853759765625 0.278472900390625 0.084014892578125 -0.0759658813476562
-0.1328125 0.260238647460938 0.192230224609375 0.0356292724609375
-0.0104522705078125 0.249176025390625 0.117431640625 0.0902252197265625
0.06768798828125 0.185989379882813 0.126945495605469 0.094573974609375
0.158920288085938 0.096771240234375 0.195510864257812 0.03704833984375
0.162521362304688 -0.00811767578125 0.173309326171875 -0.0569610595703125
0.117919921875 -0.115768432617188 0.117568969726563 -0.1412353515625
0.06390380859375 -0.159225463867188 0.0675811767578125 -0.137886047363281
0.064361572265625 -0.148574829101563 0.041015625 -0.0930633544921875
0.066925048828125 -0.16912841796875 0.0449295043945313 -0.0482101440429688
0.119277954101562 -0.15301513671875 0.042877197265625 -0.0122528076171875
0.18255615234375 -0.07220458984375 -0.00078773498535155 0.0249710083007812
0.20367431640625 0.0272216796875 -0.0319252014160156 0.00705718994140626
0.127777099609375 0.186660766601563 -0.0533561706542969 -0.0618171691894531
0.018524169921875 0.28546142578125 0.0216903686523437 -0.0747146606445312
-0.087890625 0.29095458984375 0.052642822265625 0.0105705261230469
-0.189315795898438 0.235565185546875 0.136177062988281 0.136978149414063
-0.0770721435546875 0.274139404296875 0.0906829833984375 0.178680419921875
0.0368804931640625 0.239730834960938 0.11700439453125 0.135665893554688
0.17254638671875 0.151657104492188 0.168960571289063 0.0706787109375
0.200698852539063 0.02008056640625 0.137466430664063 -0.0147323608398437
0.165390014648438 -0.122512817382813 0.0907211303710938 -0.0812835693359375
0.0972442626953125 -0.176712036132812 0.0554847717285156 -0.0638771057128906
0.090667724609375 -0.162353515625 0.034759521484375 -0.0228729248046875
0.0973968505859375 -0.183975219726563 0.0319976806640625 0.0150299072265625
0.14715576171875 -0.15618896484375 0.0177536010742188 0.0357780456542969
0.200790405273438 -0.057464599609375 -0.0240707397460937 0.051605224609375
0.207916259765625 0.0485076904296875 -0.0439262390136719 0.0207977294921875
0.105133056640625 0.200286865234375 -0.046905517578125 -0.0395393371582031
-0.0213775634765625 0.28057861328125 0.0284309387207031 -0.0115699768066406
-0.130233764648437 0.268020629882813 0.0105819702148437 0.0906982421875
-0.207962036132812 0.162872314453125 0.062713623046875 0.217666625976563
-0.12896728515625 0.230865478515625 0.045989990234375 0.248489379882813
-0.01361083984375 0.234130859375 0.0935821533203125 0.165542602539063
0.1385498046875 0.177841186523438 0.124412536621094 0.0932083129882813
0.193313598632813 0.051361083984375 0.0865631103515625 0.0226516723632813
0.182281494140625 -0.100997924804688 0.0519828796386719 -0.0174026489257813
0.1153564453125 -0.163589477539063 0.0341835021972656 0.0145988464355469
0.102020263671875 -0.151077270507813 0.0221633911132813 0.0502738952636719
0.11212158203125 -0.173599243164062 0.013824462890625 0.0798721313476562
0.15594482421875 -0.14178466796875 -0.0133209228515625 0.08428955078125
0.19873046875 -0.0385894775390625 -0.0533905029296875 0.0762939453125
0.193328857421875 0.0659027099609375 -0.0617637634277344 0.0277290344238281
0.0722198486328125 0.201187133789063 -0.0436553955078125 -0.0257530212402344
-0.0649566650390625 0.252151489257813 0.0257835388183594 0.0397491455078125
-0.163238525390625 0.214508056640625 -0.0427398681640625 0.154510498046875
-0.188064575195313 0.0572967529296875 -0.00994873046875004 0.262542724609375
-0.150009155273437 0.134719848632813 -0.000213623046875009 0.283477783203125
-0.0632476806640625 0.1693115234375 0.068115234375 0.174468994140625
0.0696258544921875 0.164199829101563 0.0771942138671875 0.0987930297851563
0.143356323242188 0.0731048583984375 0.0346145629882813 0.0443649291992188
0.163848876953125 -0.058319091796875 0.00912475585937501 0.0375442504882812
0.114158630371094 -0.122566223144531 0.00756072998046875 0.0839462280273437
0.0986709594726563 -0.117225646972656 0.0070037841796875 0.11553955078125
0.109046936035156 -0.138572692871094 -0.00740814208984376 0.138320922851563
0.1448974609375 -0.11114501953125 -0.04888916015625 0.128639221191406
0.175491333007813 -0.018951416015625 -0.087799072265625 0.0976028442382813
0.161758422851562 0.074493408203125 -0.0858917236328125 0.03179931640625
0.03631591796875 0.18505859375 -0.0481910705566406 -0.0172920227050781
-0.100326538085938 0.201278686523438 0.0077972412109375 0.0789642333984375
-0.18292236328125 0.137374877929687 -0.105056762695313 0.194427490234375
-0.136550903320313 -0.0581893920898438 -0.0615081787109375 0.265914916992188
-0.140640258789062 0.015167236328125 -0.027862548828125 0.28118896484375
-0.0976104736328125 0.070556640625 0.05377197265625 0.162918090820313
-0.00941467285156251 0.116378784179687 0.0417709350585937 0.08758544921875
0.0689315795898438 0.0792007446289063 -0.00440216064453124 0.0496635437011719
0.116386413574219 -0.007171630859375 -0.0270767211914062 0.074493408203125
0.0951156616210938 -0.0634536743164062 -0.017425537109375 0.132942199707031
0.0803146362304688 -0.0661544799804687 -0.00880432128906251 0.163314819335938
0.0899734497070313 -0.0852508544921875 -0.0283203125 0.184066772460937
0.112998962402344 -0.0682144165039063 -0.08160400390625 0.16400146484375
0.131050109863281 -0.000732421875 -0.120048522949219 0.114097595214844
0.115486145019531 0.0698089599609375 -0.112655639648438 0.0351104736328125
0.00274658203124999 0.145950317382812 -0.0631637573242188 -0.0125198364257812
-0.118545532226562 0.129615783691406 -0.0247955322265625 0.101493835449219
-0.176437377929688 0.0453033447265625 -0.169097900390625 0.205352783203125
0.101058959960937 0.0690155029296875 0.164749145507813 -0.20574951171875
0.0975189208984375 -0.053863525390625 0.0572128295898437 -0.0896835327148438
0.00498199462890626 -0.0811996459960938 0.0774383544921875 0.0105438232421875
-0.0499153137207031 -0.0522003173828125 0.15667724609375 -0.032989501953125
-0.0645179748535156 -0.0107345581054688 0.155624389648438 -0.132095336914063
-0.0674057006835938 0.0333404541015625 0.0931243896484375 -0.209197998046875
-0.0518913269042969 0.023468017578125 0.0213623046875 -0.226577758789063
-0.0498313903808594 0.0101585388183594 0.00364685058593749 -0.189361572265625
-0.0711288452148438 0.00318145751953126 0.019012451171875 -0.149795532226563
-0.0569725036621094 -0.049957275390625 0.0383682250976562 -0.107566833496094
-0.001739501953125 -0.0890960693359375 0.0125236511230469 -0.0569305419921875
0.06463623046875 -0.07037353515625 -0.021820068359375 -0.07080078125
0.126136779785156 0.0135345458984375 -0.0340423583984375 -0.165557861328125
0.128128051757813 0.0966262817382813 0.0162200927734375 -0.263458251953125
0.082366943359375 0.14251708984375 0.09356689453125 -0.238861083984375
0.038848876953125 0.167327880859375 0.201507568359375 -0.161209106445312
0.0913925170898438 0.0573577880859375 0.0904922485351563 -0.0614242553710937
0.0462074279785156 0.00083160400390625 0.100837707519531 0.0228805541992187
0.0292606353759766 -0.0184974670410156 0.183700561523438 -0.025787353515625
0.0108833312988281 -0.0259571075439453 0.175308227539063 -0.12799072265625
-0.0135269165039063 -0.0291461944580078 0.1080322265625 -0.215301513671875
-0.0216445922851562 -0.0510025024414063 0.0366973876953125 -0.230941772460937
-0.0168952941894531 -0.0581779479980469 0.0145416259765625 -0.187576293945312
-0.0289382934570313 -0.0707855224609375 0.0306396484375 -0.142578125
0.00860595703124999 -0.101188659667969 0.050262451171875 -0.09637451171875
0.0775985717773437 -0.0930862426757813 0.0174446105957031 -0.0381202697753906
0.132881164550781 -0.0337448120117188 -0.020355224609375 -0.0452003479003906
0.141632080078125 0.095794677734375 -0.0481491088867187 -0.1314697265625
0.0994873046875 0.1964111328125 0.00933837890624999 -0.213653564453125
0.0283203125 0.231124877929688 0.0942840576171875 -0.175857543945312
-0.0373382568359375 0.244705200195313 0.213973999023438 -0.083648681640625
0.061553955078125 0.17071533203125 0.114784240722656 -0.00255584716796874
0.0780487060546875 0.0986709594726563 0.121498107910156 0.0498809814453125
0.11083984375 0.02874755859375 0.200958251953125 -0.006561279296875
0.0943603515625 -0.0319595336914063 0.182571411132813 -0.1068115234375
0.0495452880859375 -0.0875244140625 0.113296508789063 -0.19561767578125
0.0144500732421875 -0.120346069335938 0.0491943359375 -0.203292846679688
0.0189895629882813 -0.118484497070313 0.0244903564453125 -0.15576171875
0.014556884765625 -0.135269165039062 0.0360946655273438 -0.108467102050781
0.064849853515625 -0.142730712890625 0.0488548278808594 -0.0657119750976563
0.13970947265625 -0.09454345703125 0.011260986328125 -0.0115137100219727
0.183059692382813 -0.009735107421875 -0.0253696441650391 -0.0190334320068359
0.151504516601563 0.150375366210938 -0.0579452514648438 -0.094207763671875
0.07501220703125 0.2618408203125 0.00726318359375002 -0.149749755859375
-0.020355224609375 0.2867431640625 0.0801162719726563 -0.0932235717773437
-0.114776611328125 0.280853271484375 0.1953125 0.019287109375
0.0100860595703125 0.258193969726563 0.12066650390625 0.0802383422851563
0.086700439453125 0.190231323242188 0.131805419921875 0.08880615234375
0.173828125 0.0860595703125 0.199981689453125 0.0246124267578125
0.168045043945312 -0.023681640625 0.170150756835937 -0.068939208984375
0.111053466796875 -0.128555297851563 0.105697631835938 -0.150527954101563
0.051055908203125 -0.170166015625 0.0543212890625 -0.14666748046875
0.052001953125 -0.160568237304688 0.0302352905273437 -0.098907470703125
0.0528564453125 -0.180816650390625 0.0354461669921875 -0.0544471740722656
0.10711669921875 -0.169723510742188 0.0368766784667969 -0.0205841064453125
0.180831909179688 -0.0917205810546875 -0.00259017944335936 0.0196914672851562
0.212158203125 0.008941650390625 -0.0323963165283203 0.00310325622558594
0.148635864257812 0.182479858398437 -0.0574836730957031 -0.0625190734863281
0.046295166015625 0.292388916015625 0.0156173706054688 -0.0827713012695312
-0.065216064453125 0.30548095703125 0.0544052124023437 -0.00251770019531248
-0.174087524414063 0.261764526367188 0.146133422851563 0.126846313476563
-0.054107666015625 0.28973388671875 0.100723266601563 0.170974731445313
0.060272216796875 0.24737548828125 0.123992919921875 0.131050109863281
0.19287109375 0.140289306640625 0.174041748046875 0.0607147216796875
0.209259033203125 0.0009765625 0.137008666992188 -0.0220108032226563
0.158203125 -0.14080810546875 0.0833740234375 -0.0864715576171875
0.082794189453125 -0.191162109375 0.0498008728027344 -0.0697021484375
0.076507568359375 -0.177169799804688 0.0307636260986328 -0.0261211395263672
0.0815582275390625 -0.199569702148437 0.0287456512451172 0.0120677947998047
0.13446044921875 -0.176620483398438 0.01617431640625 0.0323963165283203
0.201324462890625 -0.0803070068359375 -0.0241470336914063 0.0510101318359375
0.219497680664063 0.0288543701171875 -0.0449104309082031 0.0191726684570313
0.127853393554688 0.198715209960938 -0.0510444641113281 -0.0398445129394531
0.00613403320312501 0.292388916015625 0.0274257659912109 -0.0194759368896484
-0.107757568359375 0.286529541015625 0.017852783203125 0.0833358764648438
-0.198867797851563 0.189544677734375 0.0787200927734375 0.215850830078125
-0.109909057617188 0.250244140625 0.0619659423828125 0.245849609375
0.00837707519531249 0.245040893554688 0.102005004882813 0.162002563476563
0.160247802734375 0.16900634765625 0.130332946777344 0.0873336791992188
0.20428466796875 0.0329437255859375 0.0881576538085938 0.0208358764648438
0.175277709960937 -0.121353149414063 0.04937744140625 -0.0175590515136719
0.100494384765625 -0.179336547851563 0.0356864929199219 0.0126762390136719
0.0888519287109375 -0.1668701171875 0.02655029296875 0.0493354797363281
0.0964202880859375 -0.190338134765625 0.0174179077148438 0.0807266235351563
0.144454956054688 -0.16259765625 -0.01092529296875 0.086212158203125
0.20068359375 -0.06158447265625 -0.052703857421875 0.0803070068359375
0.20538330078125 0.0475921630859375 -0.0633125305175781 0.0292854309082031
0.0941314697265625 0.201126098632813 -0.0480690002441406 -0.0263404846191406
-0.0393829345703125 0.266189575195313 0.0293426513671875 0.0331878662109375
-0.144973754882812 0.235519409179688 -0.031585693359375 0.154129028320313
-0.186065673828125 0.0799407958984375 0.00851440429687497 0.268325805664063
-0.139495849609375 0.153839111328125 0.01873779296875 0.285797119140625
-0.0483245849609375 0.1827392578125 0.0775909423828125 0.172760009765625
0.08953857421875 0.160232543945313 0.082977294921875 0.0972442626953125
0.1553955078125 0.058502197265625 0.0375556945800781 0.047576904296875
0.159042358398438 -0.077178955078125 0.0112991333007813 0.0424118041992188
0.102531433105469 -0.137954711914063 0.0166778564453125 0.0855789184570312
0.088043212890625 -0.1309814453125 0.0176010131835938 0.117149353027344
0.0961151123046875 -0.154296875 0.0028228759765625 0.1424560546875
0.134742736816406 -0.129402160644531 -0.0419082641601562 0.135467529296875
0.177383422851562 -0.03857421875 -0.0854110717773437 0.105903625488281
0.172958374023438 0.05914306640625 -0.087890625 0.0367965698242188
0.054901123046875 0.18560791015625 -0.0524978637695312 -0.0171852111816406
-0.0804290771484375 0.216583251953125 0.0149002075195312 0.0750350952148438
-0.169647216796875 0.158599853515625 -0.0916595458984375 0.201858520507812
-0.143264770507813 -0.0424652099609375 -0.0428466796875 0.2779541015625
-0.139472961425781 0.0308303833007813 -0.00863647460937498 0.287322998046875
-0.09136962890625 0.0843734741210938 0.0621185302734375 0.16217041015625
0.00528717041015626 0.118217468261719 0.0459671020507813 0.0895538330078125
0.0792694091796875 0.0709152221679688 -0.00122833251953124 0.0569190979003906
0.115219116210938 -0.0211944580078125 -0.0195999145507812 0.0829315185546875
0.0876922607421875 -0.0746917724609375 -0.00257110595703126 0.138259887695313
0.0733718872070313 -0.0763015747070313 0.00769042968750002 0.167098999023438
0.0807266235351563 -0.0966873168945312 -0.013031005859375 0.190689086914063
0.106132507324219 -0.0823822021484375 -0.0717010498046875 0.174880981445313
0.132637023925781 -0.015228271484375 -0.115982055664062 0.126785278320313
0.123802185058594 0.0583267211914062 -0.114402770996094 0.0420455932617188
0.0166015625 0.147201538085938 -0.066314697265625 -0.0114173889160156
-0.105789184570312 0.143341064453125 -0.01519775390625 0.101226806640625
-0.170242309570313 0.062957763671875 -0.155471801757812 0.220596313476563
0.108787536621094 0.0633087158203125 0.157073974609375 -0.225311279296875
0.09393310546875 -0.0610427856445313 0.04998779296875 -0.0948867797851563
-0.000778198242187494 -0.0821762084960938 0.0811843872070312 0.00841522216796874
-0.0544319152832031 -0.0480880737304688 0.16265869140625 -0.0447845458984375
-0.0670089721679688 -0.00453567504882812 0.152938842773438 -0.1514892578125
-0.0640602111816406 0.0409164428710938 0.0809783935546875 -0.229507446289063
-0.0504798889160156 0.0284881591796875 0.00222778320312497 -0.239593505859375
-0.0497512817382813 0.0135498046875 -0.0147247314453125 -0.198684692382813
-0.070556640625 0.00955963134765624 0.003265380859375 -0.160293579101563
-0.0614547729492188 -0.044677734375 0.0272979736328125 -0.120758056640625
-0.0102920532226562 -0.0899887084960938 0.00833892822265624 -0.0668716430664063
0.059844970703125 -0.07733154296875 -0.0249176025390625 -0.078216552734375
0.130477905273438 0.002838134765625 -0.0425872802734375 -0.172103881835938
0.138420104980469 0.08770751953125 -0.000122070312500008 -0.276809692382813
0.0948410034179688 0.138710021972656 0.08038330078125 -0.262893676757813
0.0517120361328125 0.173553466796875 0.196731567382813 -0.183059692382813
0.0970001220703125 0.05621337890625 0.085113525390625 -0.0687484741210938
0.0498886108398438 0.00217056274414062 0.105369567871094 0.0206451416015625
0.0317974090576172 -0.0200996398925781 0.18988037109375 -0.0384063720703125
0.0121784210205078 -0.0275516510009766 0.172836303710937 -0.147293090820312
-0.0128898620605469 -0.0298614501953125 0.0952911376953125 -0.234512329101563
-0.0255813598632813 -0.0537490844726563 0.017120361328125 -0.244735717773437
-0.0219154357910156 -0.06121826171875 -0.00408935546874998 -0.196990966796875
-0.0341033935546875 -0.0723114013671875 0.0152130126953125 -0.152740478515625
0.00177764892578124 -0.10528564453125 0.0395355224609375 -0.109901428222656
0.0728073120117188 -0.101783752441406 0.0136032104492188 -0.0481491088867188
0.135543823242188 -0.0453262329101563 -0.0228042602539062 -0.0523338317871094
0.154815673828125 0.089691162109375 -0.0557937622070313 -0.13623046875
0.117889404296875 0.196487426757813 -0.00561523437500001 -0.226211547851563
0.04522705078125 0.237197875976563 0.0859527587890625 -0.198486328125
-0.021148681640625 0.26220703125 0.214691162109375 -0.103118896484375
0.0769500732421875 0.176849365234375 0.113784790039063 -0.0107879638671875
0.0919876098632813 0.102149963378906 0.127273559570313 0.0470352172851563
0.121337890625 0.0224990844726563 0.208221435546875 -0.01898193359375
0.0986328125 -0.0419158935546875 0.181808471679687 -0.124313354492187
0.0468597412109375 -0.0960159301757812 0.102157592773437 -0.212692260742188
0.00506591796875001 -0.128761291503906 0.0311737060546875 -0.216567993164063
0.00949859619140624 -0.127578735351563 0.00851440429687498 -0.16400146484375
0.00474548339843751 -0.14453125 0.0233154296875 -0.117431640625
0.05633544921875 -0.155242919921875 0.0396957397460938 -0.0773773193359375
0.138778686523438 -0.11138916015625 0.00765419006347657 -0.0192718505859375
0.191787719726563 -0.024810791015625 -0.0278339385986328 -0.0246334075927734
0.171966552734375 0.147354125976563 -0.0647048950195312 -0.0976715087890625
0.099761962890625 0.268951416015625 -0.003814697265625 -0.16094970703125
0.000488281250000027 0.30096435546875 0.0763778686523437 -0.111419677734375
-0.09747314453125 0.307525634765625 0.201812744140625 0.00408935546875002
0.0310821533203125 0.272659301757813 0.125022888183594 0.0739974975585938
0.109329223632813 0.1976318359375 0.139480590820313 0.08648681640625
0.191925048828125 0.076446533203125 0.208221435546875 0.0136871337890625
0.176162719726563 -0.0402679443359375 0.171401977539063 -0.0820465087890625
0.10662841796875 -0.144500732421875 0.0969085693359375 -0.162628173828125
0.03839111328125 -0.1846923828125 0.04193115234375 -0.157150268554688
0.039154052734375 -0.175460815429688 0.0196456909179687 -0.105567932128906
0.0391845703125 -0.196395874023438 0.0270347595214844 -0.05987548828125
0.096954345703125 -0.188323974609375 0.0307960510253906 -0.0284824371337891
0.18255615234375 -0.11419677734375 -0.00554752349853515 0.0156183242797851
0.224716186523437 -0.0094451904296875 -0.03582763671875 8.39233398437533E-05
0.172958374023438 0.181793212890625 -0.0637016296386719 -0.0642738342285156
0.074554443359375 0.304779052734375 0.00911712646484376 -0.0922470092773437
-0.042755126953125 0.32611083984375 0.0557518005371094 -0.0153312683105469
-0.160369873046875 0.292816162109375 0.158920288085938 0.120223999023438
-0.031646728515625 0.309783935546875 0.111892700195313 0.168701171875
0.0863037109375 0.258987426757813 0.133338928222656 0.12994384765625
0.216842651367188 0.131027221679688 0.183425903320312 0.0531005859375
0.221435546875 -0.0184783935546875 0.140625 -0.029296875
0.152984619140625 -0.161575317382813 0.0793533325195313 -0.0920867919921875
0.0681304931640625 -0.209274291992188 0.0447998046875 -0.0764694213867188
0.062652587890625 -0.195358276367187 0.0278034210205078 -0.0303058624267578
0.0655517578125 -0.2186279296875 0.0265483856201172 0.0108203887939453
0.123382568359375 -0.198867797851563 0.0143909454345703 0.0300159454345703
0.204696655273438 -0.104537963867188 -0.0261192321777344 0.0522003173828125
0.234039306640625 0.0095977783203125 -0.0485649108886719 0.0191154479980469
0.15374755859375 0.200027465820312 -0.0570793151855469 -0.0414505004882812
0.03472900390625 0.30804443359375 0.0257568359375 -0.0272426605224609
-0.087921142578125 0.310211181640625 0.0231857299804687 0.0785675048828125
-0.191421508789063 0.219589233398437 0.09564208984375 0.219161987304688
-0.0922698974609375 0.272903442382813 0.0779571533203125 0.249252319335938
0.0316009521484375 0.260818481445313 0.113265991210938 0.162628173828125
0.185516357421875 0.1632080078125 0.139328002929688 0.0843734741210938
0.218582153320313 0.014251708984375 0.0931167602539063 0.019622802734375
0.17193603515625 -0.143081665039063 0.0497627258300781 -0.0166168212890625
0.0875091552734375 -0.198486328125 0.0384483337402344 0.0108985900878906
0.0762176513671875 -0.18487548828125 0.0308685302734375 0.0493736267089844
0.081634521484375 -0.209991455078125 0.0214691162109375 0.08355712890625
0.134613037109375 -0.185577392578125 -0.0081329345703125 0.0905838012695312
0.205169677734375 -0.085357666015625 -0.0526351928710937 0.086822509765625
0.220809936523438 0.0296783447265625 -0.0671005249023437 0.0326004028320312
0.1181640625 0.205001831054688 -0.0539093017578125 -0.0268058776855469
-0.014312744140625 0.2845458984375 0.0323314666748047 0.0281944274902344
-0.129898071289062 0.25994873046875 -0.02239990234375 0.157943725585938
-0.1864013671875 0.104476928710938 0.026641845703125 0.28094482421875
-0.13092041015625 0.174774169921875 0.03717041015625 0.29498291015625
-0.032562255859375 0.199691772460938 0.08837890625 0.175094604492187
0.110244750976563 0.159393310546875 0.0904617309570312 0.0979232788085938
0.169830322265625 0.044647216796875 0.0424461364746094 0.0526504516601563
0.15814208984375 -0.09613037109375 0.0161819458007813 0.04840087890625
0.0926055908203125 -0.154159545898438 0.0261077880859375 0.0880889892578125
0.0779266357421875 -0.146896362304688 0.0289459228515625 0.120498657226562
0.084014892578125 -0.171615600585938 0.0128936767578125 0.149612426757813
0.126815795898438 -0.150070190429688 -0.034637451171875 0.145492553710938
0.1820068359375 -0.0589141845703125 -0.08380126953125 0.11737060546875
0.186981201171875 0.044219970703125 -0.0920944213867187 0.0431747436523438
0.0749969482421875 0.190399169921875 -0.0579643249511719 -0.0166244506835937
-0.06146240234375 0.234817504882813 0.021331787109375 0.0730972290039063
-0.1607666015625 0.181015014648438 -0.0812225341796875 0.214401245117188
-0.151138305664063 -0.029022216796875 -0.02545166015625 0.296112060546875
-0.140670776367188 0.0465240478515625 0.00897216796874999 0.299468994140625
-0.0859832763671875 0.09832763671875 0.072357177734375 0.165634155273438
0.0185089111328125 0.122062683105469 0.0522384643554688 0.0938491821289063
0.0907363891601563 0.06396484375 0.00309753417968751 0.065460205078125
0.1156005859375 -0.0344161987304688 -0.0122833251953125 0.0928192138671875
0.0818328857421875 -0.0866622924804688 0.0118865966796875 0.144821166992188
0.0676803588867188 -0.0876541137695312 0.0239715576171875 0.173370361328125
0.0730514526367188 -0.109275817871094 0.00213623046875002 0.20123291015625
0.101287841796875 -0.0968475341796875 -0.062042236328125 0.189697265625
0.136146545410156 -0.0294265747070312 -0.114227294921875 0.141647338867188
0.1339111328125 0.0480728149414063 -0.119163513183594 0.0510406494140625
0.02984619140625 0.151840209960938 -0.071624755859375 -0.00955200195312499
-0.094268798828125 0.15850830078125 -0.006500244140625 0.102745056152344
-0.167587280273438 0.0795745849609375 -0.146240234375 0.239791870117188
0.118942260742188 0.0566787719726563 0.146087646484375 -0.253448486328125
0.091461181640625 -0.0709075927734375 0.041595458984375 -0.102119445800781
-0.00808715820312501 -0.0849380493164063 0.087432861328125 0.00482940673828124
-0.0609970092773437 -0.0438880920410156 0.1697998046875 -0.061004638671875
-0.07049560546875 0.00380706787109375 0.147628784179688 -0.17681884765625
-0.0605812072753906 0.0499038696289062 0.0615997314453125 -0.254974365234375
-0.0488739013671875 0.0348777770996094 -0.023895263671875 -0.255783081054688
-0.05047607421875 0.0191726684570313 -0.039093017578125 -0.209396362304688
-0.0706787109375 0.0177688598632813 -0.0169830322265625 -0.171981811523437
-0.067962646484375 -0.0390625 0.0114974975585937 -0.135513305664063
-0.0209197998046875 -0.091644287109375 0.00094604492187499 -0.07818603515625
0.0547866821289063 -0.08709716796875 -0.0312728881835937 -0.0865631103515625
0.136795043945313 -0.0107574462890625 -0.0572662353515625 -0.180801391601563
0.153213500976563 0.077850341796875 -0.024932861328125 -0.2962646484375
0.112388610839844 0.1356201171875 0.060455322265625 -0.2945556640625
0.0702056884765625 0.181808471679688 0.190994262695313 -0.212570190429688
0.108139038085938 0.053558349609375 0.0799713134765625 -0.0783843994140625
0.0558891296386719 0.0009307861328125 0.112823486328125 0.0161972045898437
0.0345058441162109 -0.0233001708984375 0.198593139648438 -0.056884765625
0.0117321014404297 -0.0303459167480469 0.169692993164063 -0.173614501953125
-0.0141963958740234 -0.0309085845947266 0.0762176513671875 -0.2598876953125
-0.0325965881347656 -0.0558662414550781 -0.00997924804687502 -0.26177978515625
-0.0297927856445312 -0.0642738342285156 -0.0286102294921875 -0.208297729492188
-0.0412368774414063 -0.0746307373046875 -0.00495910644531248 -0.164779663085938
-0.0074615478515625 -0.111419677734375 0.0246963500976563 -0.125617980957031
0.0671234130859375 -0.114776611328125 0.00663757324218751 -0.0591850280761719
0.139488220214844 -0.06146240234375 -0.0282859802246094 -0.0595016479492188
0.173019409179688 0.080657958984375 -0.068939208984375 -0.142227172851563
0.143539428710938 0.196884155273438 -0.026458740234375 -0.24249267578125
0.0693817138671875 0.247238159179688 0.07257080078125 -0.227218627929687
0.00326538085937502 0.284576416015625 0.216110229492188 -0.12957763671875
0.09912109375 0.184097290039063 0.113975524902344 -0.0204391479492187
0.111862182617188 0.104049682617188 0.137550354003906 0.0421676635742188
0.134506225585938 0.011932373046875 0.218307495117188 -0.03741455078125
0.102806091308594 -0.0562515258789063 0.180572509765625 -0.148468017578125
0.0420608520507813 -0.108139038085938 0.086517333984375 -0.234710693359375
-0.00866699218749999 -0.139678955078125 0.00823974609374999 -0.23260498046875
-0.00478363037109376 -0.139297485351563 -0.0125274658203125 -0.174957275390625
-0.010223388671875 -0.156463623046875 0.0066986083984375 -0.127021789550781
0.0433502197265625 -0.1715087890625 0.0276641845703125 -0.0904388427734375
0.136360168457031 -0.133956909179688 0.00196266174316407 -0.0269985198974609
0.202423095703125 -0.0469970703125 -0.0323371887207031 -0.0299549102783203
0.199234008789063 0.141448974609375 -0.076141357421875 -0.101539611816406
0.134033203125 0.277389526367188 -0.0196685791015625 -0.1741943359375
0.028900146484375 0.320404052734375 0.0692825317382813 -0.13470458984375
-0.07281494140625 0.34161376953125 0.212173461914062 -0.0147705078125
0.061737060546875 0.2896728515625 0.133316040039063 0.066619873046875
0.140411376953125 0.2041015625 0.152435302734375 0.082427978515625
0.2154541015625 0.0617828369140625 0.219436645507813 -0.0025482177734375
0.185409545898438 -0.06378173828125 0.174362182617187 -0.101776123046875
0.0988922119140625 -0.16656494140625 0.0866546630859375 -0.179031372070313
0.0196380615234375 -0.202743530273438 0.0260162353515625 -0.170150756835938
0.0206146240234375 -0.193557739257813 0.006622314453125 -0.114425659179688
0.018707275390625 -0.215728759765625 0.0175743103027344 -0.0657272338867188
0.081817626953125 -0.213272094726563 0.0236587524414063 -0.0366439819335938
0.182754516601563 -0.14300537109375 -0.00928688049316405 0.0132236480712891
0.240768432617187 -0.0355224609375 -0.0405158996582031 -0.00200653076171875
0.206069946289062 0.178268432617188 -0.0738983154296875 -0.0662841796875
0.1129150390625 0.319305419921875 -8.39233398437503E-05 -0.103111267089844
-0.0133056640625 0.35260009765625 0.0558395385742187 -0.029510498046875
-0.139007568359375 0.33349609375 0.17742919921875 0.113296508789063
-0.00119018554687501 0.334869384765625 0.128707885742187 0.167633056640625
0.12335205078125 0.27215576171875 0.14898681640625 0.12847900390625
0.24749755859375 0.116119384765625 0.196868896484375 0.0417022705078125
0.235595703125 -0.04620361328125 0.146560668945313 -0.0411224365234375
0.145401000976563 -0.189132690429688 0.0756072998046875 -0.100898742675781
0.0480804443359375 -0.232025146484375 0.0382919311523438 -0.085174560546875
0.0425567626953125 -0.216934204101563 0.0237236022949219 -0.0348453521728516
0.043487548828125 -0.242431640625 0.0253639221191406 0.00979042053222655
0.107513427734375 -0.228042602539063 0.0130138397216797 0.028970718383789
0.207244873046875 -0.137115478515625 -0.0273056030273437 0.0556259155273437
0.252426147460938 -0.01715087890625 -0.0527839660644531 0.0206375122070312
0.188446044921875 0.19952392578125 -0.0654525756835937 -0.041656494140625
0.07257080078125 0.327056884765625 0.0232315063476563 -0.0358772277832031
-0.060791015625 0.341156005859375 0.030487060546875 0.0746688842773438
-0.1795654296875 0.258880615234375 0.118988037109375 0.22479248046875
-0.0679931640625 0.302001953125 0.1005859375 0.25628662109375
0.064666748046875 0.278488159179688 0.130294799804688 0.164215087890625
0.217041015625 0.1536865234375 0.152679443359375 0.0796356201171875
0.235885620117188 -0.010894775390625 0.101104736328125 0.016845703125
0.16632080078125 -0.172012329101562 0.0525741577148438 -0.0173873901367188
0.06903076171875 -0.221633911132813 0.0421714782714844 0.00782775878906249
0.0575714111328125 -0.207595825195313 0.0369873046875 0.0484733581542969
0.06024169921875 -0.234664916992188 0.02899169921875 0.0877914428710937
0.119522094726563 -0.214675903320313 -0.00305938720703125 0.0963592529296875
0.208953857421875 -0.116317749023438 -0.0512161254882812 0.0971145629882812
0.240036010742188 0.0054779052734375 -0.0718994140625 0.039276123046875
0.151153564453125 0.207565307617188 -0.0612640380859375 -0.0251922607421875
0.0185546875 0.306732177734375 0.0358467102050781 0.0223503112792969
-0.10845947265625 0.29150390625 -0.0100860595703125 0.16473388671875
-0.18597412109375 0.1348876953125 0.052215576171875 0.29815673828125
-0.11859130859375 0.201797485351562 0.063232421875 0.30853271484375
-0.00990295410156248 0.21966552734375 0.104888916015625 0.178695678710937
0.137649536132813 0.156784057617188 0.102127075195313 0.0990447998046875
0.186431884765625 0.026123046875 0.0510444641113281 0.0572433471679688
0.155532836914063 -0.121047973632813 0.0245819091796875 0.0556716918945312
0.078582763671875 -0.175323486328125 0.038421630859375 0.0917205810546875
0.063690185546875 -0.166763305664063 0.0439453125 0.124122619628906
0.067352294921875 -0.192855834960938 0.0283050537109375 0.1591796875
0.116256713867188 -0.175140380859375 -0.0242462158203125 0.158859252929688
0.187210083007812 -0.08514404296875 -0.080413818359375 0.134414672851562
0.204193115234375 0.0249786376953125 -0.096832275390625 0.0536346435546875
0.101730346679688 0.195632934570312 -0.065185546875 -0.0142326354980469
-0.036376953125 0.2569580078125 0.02972412109375 0.0719833374023438
-0.1485595703125 0.209243774414063 -0.0674285888671875 0.232666015625
-0.161849975585938 -0.01153564453125 -0.00137329101562501 0.321044921875
-0.1422119140625 0.0660400390625 0.034759521484375 0.31768798828125
-0.0779876708984375 0.116920471191406 0.08758544921875 0.17022705078125
0.0357437133789062 0.127021789550781 0.0619735717773438 0.0984878540039063
0.103981018066406 0.0550613403320313 0.0114364624023438 0.0752792358398438
0.117095947265625 -0.0506668090820313 5.34057617187507E-05 0.104560852050781
0.0744171142578125 -0.101531982421875 0.0310211181640625 0.152450561523438
0.0601806640625 -0.101875305175781 0.04541015625 0.18048095703125
0.0633163452148438 -0.124977111816406 0.0235595703125 0.214935302734375
0.0939407348632813 -0.114707946777344 -0.0477294921875 0.209228515625
0.140777587890625 -0.0480804443359375 -0.1090087890625 0.163345336914062
0.147293090820313 0.034759521484375 -0.124725341796875 0.0655975341796875
0.048248291015625 0.157745361328125 -0.078643798828125 -0.00596618652343748
-0.08001708984375 0.177444458007812 0.00458526611328124 0.105735778808594
-0.165451049804688 0.10101318359375 -0.13287353515625 0.267349243164063
0.131179809570313 0.0450820922851563 0.122955322265625 -0.287322998046875
0.0860595703125 -0.0836715698242188 0.029083251953125 -0.1094970703125
-0.018310546875 -0.0872039794921875 0.0937576293945313 -0.00240325927734376
-0.0688362121582031 -0.0380783081054688 0.173721313476563 -0.0847930908203125
-0.0724716186523438 0.01483154296875 0.132278442382813 -0.206573486328125
-0.0543785095214844 0.0609283447265625 0.0283966064453125 -0.280029296875
-0.0458183288574219 0.04296875 -0.0629730224609375 -0.266830444335938
-0.0501327514648438 0.0264625549316406 -0.073699951171875 -0.214950561523437
-0.0692710876464844 0.0277328491210938 -0.0460357666015625 -0.179336547851562
-0.0748672485351563 -0.0306777954101562 -0.0120697021484375 -0.147659301757813
-0.0345458984375 -0.090850830078125 -0.0117645263671875 -0.0890121459960938
0.04541015625 -0.0976791381835938 -0.0426712036132813 -0.0935745239257813
0.141937255859375 -0.0296783447265625 -0.0798492431640625 -0.18646240234375
0.168975830078125 0.0613861083984375 -0.062408447265625 -0.31207275390625
0.133796691894531 0.127365112304688 0.025390625 -0.326019287109375
0.09765625 0.184921264648438 0.174606323242188 -0.24871826171875
0.121391296386719 0.0465469360351563 0.0710067749023438 -0.0894088745117188
0.0627365112304687 -0.00376510620117187 0.12091064453125 0.0060272216796875
0.0357208251953125 -0.029266357421875 0.20355224609375 -0.08319091796875
0.009918212890625 -0.0338935852050781 0.155593872070313 -0.204635620117188
-0.0167446136474609 -0.0316143035888672 0.043701171875 -0.285552978515625
-0.0422325134277344 -0.055755615234375 -0.049102783203125 -0.274490356445313
-0.0414237976074219 -0.0650482177734375 -0.0629730224609375 -0.214263916015625
-0.053009033203125 -0.0744857788085938 -0.032958984375 -0.173019409179687
-0.0225906372070313 -0.116264343261719 0.0016326904296875 -0.13946533203125
0.0554962158203125 -0.129592895507813 -0.00463867187499999 -0.0692214965820313
0.139480590820313 -0.0827407836914063 -0.0377082824707031 -0.0657844543457031
0.194183349609375 0.0629425048828125 -0.088287353515625 -0.145034790039063
0.177291870117188 0.190032958984375 -0.0585784912109375 -0.255294799804688
0.103866577148437 0.25323486328125 0.0452728271484375 -0.25811767578125
0.0416259765625 0.304351806640625 0.21112060546875 -0.164230346679687
0.130599975585938 0.184921264648438 0.112998962402344 -0.0334548950195312
0.137062072753906 0.0985641479492187 0.14898681640625 0.0313568115234375
0.146759033203125 -0.005706787109375 0.2252197265625 -0.0643463134765625
0.102287292480469 -0.0752029418945313 0.170944213867188 -0.178207397460938
0.0308456420898437 -0.121322631835938 0.05963134765625 -0.258407592773438
-0.0303192138671875 -0.147872924804688 -0.025848388671875 -0.24609375
-0.0266265869140625 -0.147964477539062 -0.04107666015625 -0.181472778320313
-0.03375244140625 -0.165863037109375 -0.0156326293945312 -0.134017944335938
0.0218353271484375 -0.188705444335938 0.00936889648437501 -0.102394104003906
0.125900268554688 -0.161544799804688 -0.00652694702148437 -0.0337142944335938
0.209228515625 -0.077362060546875 -0.0403518676757812 -0.0327644348144531
0.232254028320313 0.124237060546875 -0.0923995971679687 -0.100433349609375
0.180511474609375 0.27703857421875 -0.044097900390625 -0.184463500976563
0.072845458984375 0.336700439453125 0.053741455078125 -0.160079956054687
-0.028900146484375 0.376129150390625 0.220199584960938 -0.0416107177734375
0.1053466796875 0.300628662109375 0.143157958984375 0.0549468994140625
0.181365966796875 0.201126098632813 0.167999267578125 0.0716400146484375
0.239334106445313 0.0352325439453125 0.230026245117188 -0.0267791748046875
0.188201904296875 -0.0951690673828125 0.170501708984375 -0.126739501953125
0.08184814453125 -0.190963745117188 0.069427490234375 -0.196868896484375
-0.00973510742187498 -0.218490600585938 0.00222778320312501 -0.182769775390625
-0.00843811035156251 -0.20892333984375 -0.012603759765625 -0.12042236328125
-0.012786865234375 -0.232437133789063 0.00489425659179687 -0.0700645446777344
0.0550689697265625 -0.23828125 0.0135002136230469 -0.0437965393066406
0.17340087890625 -0.179672241210938 -0.0132837295532226 0.0115728378295898
0.251708984375 -0.0723114013671875 -0.0462760925292969 -0.00121307373046875
0.246978759765625 0.162567138671875 -0.086700439453125 -0.0636062622070313
0.16619873046875 0.32470703125 -0.0151290893554687 -0.112060546875
0.033416748046875 0.37744140625 0.0528755187988281 -0.0462226867675781
-0.099945068359375 0.376190185546875 0.199005126953125 0.0984649658203125
0.046142578125 0.35626220703125 0.150802612304688 0.161590576171875
0.172073364257813 0.27587890625 0.16943359375 0.12017822265625
0.280593872070313 0.088470458984375 0.210067749023438 0.0233917236328125
0.243453979492188 -0.084747314453125 0.1497802734375 -0.0585784912109375
0.126785278320313 -0.221588134765625 0.0686721801757813 -0.112045288085938
0.014862060546875 -0.252960205078125 0.0276947021484375 -0.0944290161132813
0.0110015869140625 -0.237075805664063 0.0173454284667969 -0.0396461486816406
0.00874328613281247 -0.264739990234375 0.0248451232910156 0.00897598266601561
0.078582763671875 -0.258285522460938 0.0124874114990234 0.0278587341308594
0.19903564453125 -0.177764892578125 -0.0260658264160156 0.0613441467285156
0.265762329101563 -0.0561370849609375 -0.0569686889648437 0.0265350341796875
0.231002807617188 0.186935424804688 -0.0760498046875 -0.0381851196289062
0.12530517578125 0.33819580078125 0.0180587768554688 -0.04443359375
-0.01678466796875 0.37115478515625 0.0392875671386719 0.0685539245605469
-0.15234375 0.30224609375 0.151931762695313 0.225189208984375
-0.029296875 0.330413818359375 0.13323974609375 0.257720947265625
0.1112060546875 0.290008544921875 0.153167724609375 0.159591674804688
0.253707885742188 0.131546020507813 0.168197631835938 0.0684661865234375
0.248275756835937 -0.0482330322265625 0.109931945800781 0.0095977783203125
0.150741577148438 -0.206253051757813 0.0567741394042969 -0.0201492309570313
0.03802490234375 -0.244918823242188 0.0460586547851563 0.00286483764648436
0.0273895263671875 -0.22882080078125 0.0445976257324219 0.0458030700683594
0.027008056640625 -0.258743286132813 0.0412826538085937 0.0908584594726562
0.0930938720703125 -0.245895385742188 0.00635528564453126 0.102867126464844
0.204116821289063 -0.156387329101563 -0.044921875 0.110107421875
0.255569458007813 -0.03057861328125 -0.07440185546875 0.0498504638671875
0.19232177734375 0.200241088867188 -0.069610595703125 -0.0207557678222656
0.06646728515625 0.322418212890625 0.0394744873046875 0.0153274536132813
-0.07275390625 0.3236083984375 0.00848388671874999 0.171188354492188
-0.176071166992188 0.171630859375 0.091339111328125 0.31207275390625
-0.0956573486328125 0.231155395507813 0.101470947265625 0.318511962890625
0.0228424072265625 0.236968994140625 0.12860107421875 0.177764892578125
0.16973876953125 0.14605712890625 0.117774963378906 0.0958633422851563
0.20074462890625 -0.0020751953125 0.0630111694335938 0.0590019226074219
0.145858764648438 -0.151016235351563 0.0377311706542969 0.0598220825195313
0.054962158203125 -0.196365356445313 0.0546951293945313 0.0906448364257812
0.0409088134765625 -0.185943603515625 0.0638275146484375 0.124000549316406
0.0409088134765625 -0.21527099609375 0.0519256591796875 0.166015625
0.0940704345703125 -0.202774047851563 -0.00611877441406248 0.172393798828125
0.185089111328125 -0.119171142578125 -0.0697174072265625 0.154159545898438
0.219802856445313 -0.004547119140625 -0.0987777709960937 0.0692520141601563
0.136627197265625 0.193679809570313 -0.07293701171875 -0.0082244873046875
0.000213623046874982 0.277587890625 0.0399665832519531 0.0679664611816407
-0.124969482421875 0.240768432617188 -0.04266357421875 0.252044677734375
-0.170501708984375 0.012359619140625 0.038421630859375 0.34466552734375
-0.139190673828125 0.0907669067382812 0.074249267578125 0.331787109375
-0.0636367797851563 0.136344909667969 0.109893798828125 0.170028686523438
0.0580902099609375 0.127487182617188 0.075225830078125 0.101272583007813
0.117286682128906 0.0404586791992188 0.02423095703125 0.0836257934570313
0.1138916015625 -0.0712051391601563 0.0193099975585938 0.114242553710937
0.0613555908203125 -0.117385864257813 0.057098388671875 0.155410766601563
0.0458526611328125 -0.116218566894531 0.0742645263671875 0.182830810546875
0.04669189453125 -0.140960693359375 0.0550689697265625 0.224807739257813
0.0803909301757812 -0.134849548339844 -0.02197265625 0.229537963867188
0.1412353515625 -0.0716705322265625 -0.0959930419921875 0.188796997070312
0.159194946289063 0.01495361328125 -0.125724792480469 0.0853347778320312
0.073333740234375 0.160125732421875 -0.08563232421875 0.00167846679687501
-0.0577850341796875 0.197219848632813 0.019317626953125 0.106781005859375
-0.156997680664063 0.127288818359375 -0.105926513671875 0.298828125
0.139755249023438 0.0279922485351563 0.084869384765625 -0.31341552734375
0.0753860473632813 -0.0960693359375 0.0128173828125 -0.11334228515625
-0.0300674438476563 -0.0856552124023438 0.09686279296875 -0.0127334594726563
-0.0755081176757813 -0.0277633666992188 0.167572021484375 -0.110977172851563
-0.0701103210449219 0.0278434753417969 0.103302001953125 -0.230926513671875
-0.0433120727539062 0.0703353881835938 -0.017303466796875 -0.291473388671875
-0.0390129089355469 0.0511932373046875 -0.108123779296875 -0.262954711914063
-0.0466346740722656 0.0349273681640625 -0.11163330078125 -0.206634521484375
-0.0644302368164063 0.0383682250976563 -0.0800628662109375 -0.175949096679688
-0.0794219970703125 -0.0187301635742188 -0.04241943359375 -0.15081787109375
-0.0495147705078125 -0.08514404296875 -0.0294418334960938 -0.0947723388671875
0.0309906005859375 -0.105552673339844 -0.0572280883789062 -0.095245361328125
0.139129638671875 -0.052215576171875 -0.1063232421875 -0.181747436523437
0.180160522460938 0.0371856689453125 -0.109649658203125 -0.311981201171875
0.154205322265625 0.109695434570313 -0.024932861328125 -0.345367431640625
0.128036499023438 0.17767333984375 0.1424560546875 -0.281341552734375
0.132728576660156 0.0318222045898438 0.057220458984375 -0.098785400390625
0.0676155090332031 -0.0118408203125 0.125091552734375 -0.00713348388671875
0.0340652465820313 -0.0362129211425781 0.197494506835937 -0.1134033203125
0.005859375 -0.0365829467773438 0.128204345703125 -0.232025146484375
-0.0203418731689453 -0.0308837890625 -0.000244140624999999 -0.29888916015625
-0.052215576171875 -0.0504531860351562 -0.095794677734375 -0.272064208984375
-0.0535545349121094 -0.0604324340820312 -0.101333618164063 -0.2069091796875
-0.065521240234375 -0.0697364807128906 -0.065948486328125 -0.170425415039063
-0.040771484375 -0.115959167480469 -0.0280609130859375 -0.14422607421875
0.0363311767578125 -0.140457153320313 -0.0204086303710937 -0.0750885009765625
0.130538940429688 -0.105827331542969 -0.0494194030761719 -0.0678024291992188
0.209442138671875 0.0355377197265625 -0.109573364257812 -0.137908935546875
0.210601806640625 0.168991088867188 -0.097869873046875 -0.255584716796875
0.143875122070313 0.244522094726562 0.00531005859375 -0.279006958007813
0.09027099609375 0.309173583984375 0.191329956054687 -0.1993408203125
0.164260864257813 0.17266845703125 0.1064453125 -0.047576904296875
0.160980224609375 0.0818634033203125 0.15570068359375 0.014923095703125
0.152099609375 -0.0297393798828125 0.221420288085938 -0.0956878662109375
0.0940170288085937 -0.0948638916015625 0.148574829101563 -0.20635986328125
0.0130538940429687 -0.130912780761719 0.0210113525390625 -0.272232055664062
-0.0558319091796875 -0.147201538085938 -0.0670013427734375 -0.245941162109375
-0.05303955078125 -0.148345947265625 -0.074188232421875 -0.176513671875
-0.06243896484375 -0.166244506835938 -0.041839599609375 -0.132850646972656
-0.00878906249999998 -0.197418212890625 -0.0147552490234375 -0.107551574707031
0.10296630859375 -0.186538696289062 -0.0177764892578125 -0.0371437072753906
0.203399658203125 -0.112564086914063 -0.0486907958984375 -0.0324974060058594
0.260147094726563 0.0920257568359375 -0.108833312988281 -0.0926284790039063
0.229385375976563 0.258392333984375 -0.0738525390625 -0.185516357421875
0.12567138671875 0.33697509765625 0.0270233154296875 -0.179611206054688
0.030181884765625 0.393829345703125 0.218475341796875 -0.0735626220703125
0.157196044921875 0.294342041015625 0.149765014648438 0.0384368896484375
0.223251342773437 0.180618286132812 0.179763793945313 0.053558349609375
0.253570556640625 -0.0021209716796875 0.230392456054688 -0.05767822265625
0.177688598632813 -0.129623413085938 0.156494140625 -0.152145385742188
0.054107666015625 -0.2095947265625 0.0421142578125 -0.209823608398438
-0.047515869140625 -0.222549438476563 -0.0279693603515625 -0.1854248046875
-0.0456695556640625 -0.212966918945313 -0.0353164672851563 -0.118843078613281
-0.053802490234375 -0.237655639648438 -0.0101776123046875 -0.0701980590820313
0.0158233642578125 -0.254074096679687 -0.000751495361328119 -0.0470352172851563
0.1484375 -0.214828491210938 -0.0174789428710937 0.0121498107910156
0.247390747070312 -0.115966796875 -0.0510978698730469 0.00254058837890625
0.2822265625 0.128326416015625 -0.098663330078125 -0.0553359985351562
0.22393798828125 0.308929443359375 -0.0338592529296875 -0.115577697753906
0.09307861328125 0.383758544921875 0.0429801940917969 -0.0624771118164062
-0.04150390625 0.405517578125 0.2166748046875 0.0738372802734375
0.105682373046875 0.359832763671875 0.172409057617188 0.145050048828125
0.225051879882813 0.258636474609375 0.187255859375 0.101959228515625
0.30389404296875 0.044952392578125 0.216217041015625 -0.0024261474609375
0.235733032226563 -0.127731323242188 0.145965576171875 -0.0779571533203125
0.09442138671875 -0.248489379882813 0.0569686889648438 -0.121849060058594
-0.027740478515625 -0.261810302734375 0.01287841796875 -0.099700927734375
-0.030792236328125 -0.244796752929688 0.00915145874023438 -0.0424270629882813
-0.0379180908203125 -0.27392578125 0.0246086120605469 0.00765228271484373
0.0353240966796875 -0.278244018554688 0.0115509033203125 0.0266036987304687
0.1748046875 -0.217681884765625 -0.0216255187988281 0.0663070678710937
0.264541625976563 -0.101943969726563 -0.0580635070800781 0.0338859558105469
0.271133422851563 0.156158447265625 -0.0853195190429687 -0.0295486450195312
0.18707275390625 0.328216552734375 0.00979614257812501 -0.0516891479492187
0.04205322265625 0.384796142578125 0.0465774536132812 0.059051513671875
-0.1060791015625 0.337554931640625 0.187179565429688 0.211502075195313
0.02410888671875 0.344970703125 0.170013427734375 0.245437622070313
0.16461181640625 0.282989501953125 0.175430297851563 0.143478393554688
0.28302001953125 0.09375 0.179641723632813 0.0501861572265625
0.2454833984375 -0.0924530029296875 0.116127014160156 -0.00270843505859376
0.120101928710937 -0.23687744140625 0.0603790283203125 -0.0259933471679688
-0.00329589843749999 -0.256866455078125 0.0477561950683594 -0.00391006469726564
-0.01171875 -0.238449096679687 0.0510063171386719 0.0399818420410156
-0.0177001953125 -0.2696533203125 0.0556259155273438 0.0887527465820312
0.052001953125 -0.267349243164062 0.0188980102539063 0.104446411132812
0.182418823242188 -0.196090698242188 -0.0317840576171875 0.120704650878906
0.257247924804688 -0.074676513671875 -0.0721282958984375 0.06170654296875
0.23193359375 0.175369262695313 -0.076751708984375 -0.0125198364257812
0.122955322265625 0.3211669921875 0.0412712097167969 0.00669097900390627
-0.021881103515625 0.344512939453125 0.0318450927734375 0.170272827148438
-0.150802612304687 0.206344604492188 0.139373779296875 0.31121826171875
-0.0593719482421875 0.2535400390625 0.147308349609375 0.31243896484375
0.0648651123046875 0.241607666015625 0.152603149414063 0.165451049804688
0.199432373046875 0.121170043945313 0.131866455078125 0.086181640625
0.204010009765625 -0.037017822265625 0.0760726928710938 0.0555419921875
0.123580932617187 -0.179168701171875 0.0533714294433594 0.0586013793945312
0.0214996337890625 -0.209548950195313 0.072296142578125 0.0839462280273437
0.0083160400390625 -0.19671630859375 0.0844650268554688 0.115608215332031
0.00341796874999998 -0.226699829101563 0.079498291015625 0.163238525390625
0.060546875 -0.223373413085938 0.018646240234375 0.178253173828125
0.168991088867188 -0.15350341796875 -0.049102783203125 0.169845581054687
0.223617553710938 -0.0416107177734375 -0.0932998657226562 0.0866165161132813
0.173019409179688 0.177413940429688 -0.0775985717773437 0.00096893310546875
0.04705810546875 0.283782958984375 0.0504302978515625 0.0602188110351563
-0.08734130859375 0.26568603515625 -0.0075531005859375 0.26239013671875
-0.169265747070313 0.0415191650390625 0.0913391113281249 0.353424072265625
-0.125961303710938 0.115028381347656 0.12286376953125 0.330535888671875
-0.04058837890625 0.151885986328125 0.132369995117187 0.16046142578125
0.0816497802734375 0.120018005371094 0.0906982421875 0.0977783203125
0.12579345703125 0.019256591796875 0.0412979125976563 0.0868301391601562
0.102836608886719 -0.0922164916992188 0.0431365966796875 0.116424560546875
0.0410919189453125 -0.129524230957031 0.085205078125 0.148590087890625
0.0260009765625 -0.126075744628906 0.105667114257813 0.1729736328125
0.022796630859375 -0.152008056640625 0.0928192138671875 0.22174072265625
0.0581512451171875 -0.150238037109375 0.0125885009765625 0.238998413085938
0.131690979003906 -0.0973281860351563 -0.0695953369140625 0.21002197265625
0.16424560546875 -0.0109100341796875 -0.118072509765625 0.107070922851562
0.0998992919921875 0.152587890625 -0.0891647338867187 0.0128631591796875
-0.0262908935546875 0.209182739257813 0.0351715087890625 0.102935791015625
-0.137786865234375 0.152450561523438 -0.0643310546875 0.3216552734375
0.140731811523438 0.0095977783203125 0.041229248046875 -0.323455810546875
0.0611724853515625 -0.103431701660156 -0.00324249267578125 -0.111213684082031
-0.0411758422851563 -0.0797042846679688 0.0954513549804688 -0.02294921875
-0.0777435302734375 -0.0163192749023437 0.152679443359375 -0.132232666015625
-0.0632820129394531 0.0380096435546875 0.06915283203125 -0.242279052734375
-0.0298690795898438 0.0745086669921875 -0.061798095703125 -0.28436279296875
-0.0296974182128906 0.0560417175292969 -0.147079467773437 -0.242599487304688
-0.0411415100097656 0.0412521362304687 -0.142852783203125 -0.185195922851563
-0.0568199157714844 0.0462226867675781 -0.1094970703125 -0.16009521484375
-0.0797500610351563 -0.00601959228515623 -0.0702362060546875 -0.142120361328125
-0.0608367919921875 -0.074188232421875 -0.0468902587890625 -0.0941925048828125
0.0153884887695312 -0.107597351074219 -0.070770263671875 -0.09228515625
0.129005432128906 -0.0709686279296875 -0.127304077148437 -0.167678833007813
0.18212890625 0.011932373046875 -0.150726318359375 -0.295806884765625
0.165695190429688 0.087615966796875 -0.075836181640625 -0.344451904296875
0.151870727539063 0.160552978515625 0.102783203125 -0.29962158203125
0.137435913085938 0.0151214599609375 0.0412216186523438 -0.102012634277344
0.0685997009277344 -0.0208549499511719 0.123893737792969 -0.0204086303710937
0.0302352905273438 -0.0416641235351563 0.1812744140625 -0.137405395507813
0.00186538696289063 -0.0378608703613281 0.093994140625 -0.246231079101563
-0.0234642028808594 -0.0296268463134766 -0.044891357421875 -0.2939453125
-0.0596389770507813 -0.0429039001464844 -0.136016845703125 -0.25274658203125
-0.0631370544433594 -0.0517311096191406 -0.132522583007813 -0.186553955078125
-0.076263427734375 -0.0603713989257812 -0.0950469970703125 -0.155853271484375
-0.057403564453125 -0.108955383300781 -0.0567398071289063 -0.137802124023438
0.015411376953125 -0.143417358398438 -0.0364761352539063 -0.0750274658203125
0.113822937011719 -0.123291015625 -0.0596694946289063 -0.0653152465820313
0.21270751953125 0.005523681640625 -0.125892639160156 -0.124977111816406
0.232589721679688 0.138107299804688 -0.132125854492187 -0.241683959960937
0.175537109375 0.2232666015625 -0.038055419921875 -0.28411865234375
0.135528564453125 0.296295166015625 0.16119384765625 -0.223190307617187
0.18975830078125 0.149215698242187 0.0959014892578125 -0.0578460693359375
0.176071166992188 0.058685302734375 0.156021118164063 -0.002227783203125
0.1488037109375 -0.0526580810546875 0.206710815429687 -0.122360229492187
0.0792007446289063 -0.108444213867188 0.118072509765625 -0.222503662109375
-0.0052947998046875 -0.13348388671875 -0.0180206298828125 -0.270431518554688
-0.0785064697265625 -0.137237548828125 -0.103469848632813 -0.231216430664063
-0.0769577026367188 -0.137985229492187 -0.101837158203125 -0.160324096679688
-0.0883026123046875 -0.156036376953125 -0.0648345947265625 -0.122283935546875
-0.0392303466796875 -0.195098876953125 -0.0381622314453125 -0.102745056152344
0.0735321044921875 -0.20074462890625 -0.0287704467773437 -0.0365257263183594
0.185699462890625 -0.142318725585938 -0.0556221008300781 -0.0297927856445313
0.273422241210937 0.0543975830078125 -0.120414733886719 -0.0793533325195313
0.2667236328125 0.223403930664062 -0.0997161865234375 -0.17620849609375
0.1717529296875 0.318145751953125 -0.0033111572265625 -0.188552856445312
0.0885009765625 0.388580322265625 0.205825805664063 -0.101913452148437
0.2008056640625 0.269775390625 0.149017333984375 0.020416259765625
0.252731323242188 0.147674560546875 0.183029174804688 0.032806396484375
0.253677368164063 -0.040802001953125 0.220199584960938 -0.08428955078125
0.156143188476563 -0.15594482421875 0.13427734375 -0.1693115234375
0.0225372314453125 -0.217742919921875 0.0136871337890625 -0.212234497070313
-0.08270263671875 -0.21240234375 -0.0554046630859375 -0.177734375
-0.0801239013671875 -0.20294189453125 -0.05517578125 -0.10943603515625
-0.0914459228515625 -0.227752685546875 -0.0231590270996094 -0.0653114318847656
-0.0247039794921875 -0.254776000976562 -0.0148124694824219 -0.0456428527832031
0.113861083984375 -0.236984252929688 -0.0210990905761719 0.0135765075683594
0.228775024414063 -0.153060913085938 -0.0537109375 0.00695800781249999
0.302581787109375 0.086395263671875 -0.106391906738281 -0.0430831909179687
0.27056884765625 0.274749755859375 -0.0517959594726562 -0.112800598144531
0.147674560546875 0.36846923828125 0.028411865234375 -0.0740432739257812
0.02093505859375 0.40997314453125 0.224868774414063 0.0453338623046875
0.158905029296875 0.341796875 0.185623168945313 0.122161865234375
0.26666259765625 0.223846435546875 0.19549560546875 0.0798797607421875
0.310455322265625 -0.00091552734375 0.213211059570313 -0.0277099609375
0.21356201171875 -0.163101196289063 0.13568115234375 -0.0938644409179688
0.055389404296875 -0.261260986328125 0.0425262451171875 -0.12725830078125
-0.0699615478515625 -0.254043579101563 -0.00180816650390626 -0.0995559692382813
-0.070465087890625 -0.236541748046875 0.000488281249999999 -0.0413475036621094
-0.0826568603515625 -0.265182495117187 0.0236473083496094 0.0059528350830078
-0.00982666015625002 -0.281829833984375 0.00953483581542969 0.0259342193603515
0.1390380859375 -0.24432373046875 -0.0160179138183594 0.0692977905273438
0.247268676757813 -0.144149780273438 -0.0559425354003906 0.0413055419921875
0.295501708984375 0.115142822265625 -0.0897979736328125 -0.0191879272460937
0.23773193359375 0.298919677734375 0.000301361083984387 -0.0553932189941406
0.098785400390625 0.376739501953125 0.049835205078125 0.0459098815917969
-0.052581787109375 0.352783203125 0.215240478515625 0.18682861328125
0.07635498046875 0.33807373046875 0.197265625 0.22216796875
0.210556030273438 0.256973266601563 0.188888549804687 0.12200927734375
0.296722412109375 0.0498046875 0.182998657226563 0.0303192138671875
0.227874755859375 -0.129440307617188 0.117179870605469 -0.014862060546875
0.0821380615234375 -0.252792358398438 0.0605545043945313 -0.0328826904296875
-0.0448455810546875 -0.252304077148438 0.0473709106445313 -0.0108757019042969
-0.0507049560546875 -0.233627319335938 0.0552711486816406 0.0318794250488281
-0.062255859375 -0.264389038085938 0.067718505859375 0.0807037353515625
0.0076751708984375 -0.273681640625 0.0308151245117187 0.101516723632812
0.149993896484375 -0.224456787109375 -0.016754150390625 0.125434875488281
0.243453979492188 -0.115127563476563 -0.0654830932617187 0.0715179443359375
0.259475708007813 0.1397705078125 -0.0794448852539062 -0.00293731689453125
0.172454833984375 0.3004150390625 0.0391731262207031 -0.00258255004882811
0.030059814453125 0.343994140625 0.0513763427734375 0.160690307617188
-0.115570068359375 0.228439331054688 0.182037353515625 0.29351806640625
-0.0195159912109375 0.259231567382813 0.185150146484375 0.290557861328125
0.104537963867187 0.23095703125 0.1689453125 0.146286010742188
0.216903686523437 0.0893402099609375 0.141159057617188 0.072784423828125
0.195175170898438 -0.0691070556640625 0.0869522094726563 0.0477066040039062
0.093170166015625 -0.19622802734375 0.0669288635253906 0.0509490966796875
-0.0127105712890625 -0.209609985351563 0.0850296020507813 0.0714035034179687
-0.0246734619140625 -0.195571899414063 0.0999221801757812 0.101165771484375
-0.0340423583984375 -0.224807739257813 0.103118896484375 0.149856567382813
0.02349853515625 -0.230270385742188 0.0438995361328125 0.174392700195312
0.142318725585938 -0.179443359375 -0.0258026123046875 0.176620483398438
0.214492797851563 -0.0761871337890625 -0.082000732421875 0.0999298095703125
0.199691772460937 0.150238037109375 -0.0783538818359375 0.0106964111328125
0.0904083251953125 0.273223876953125 0.0567436218261719 0.0490875244140625
-0.0463714599609375 0.273880004882813 0.0276641845703125 0.258758544921875
-0.158660888671875 0.066802978515625 0.140472412109375 0.34259033203125
-0.105628967285156 0.133125305175781 0.164215087890625 0.312713623046875
-0.0142669677734375 0.156326293945313 0.148162841796875 0.143630981445313
0.1007080078125 0.104942321777344 0.10235595703125 0.0899505615234375
0.125862121582031 -0.00133514404296875 0.0574874877929688 0.0838165283203125
0.0859375 -0.106636047363281 0.0657577514648438 0.109550476074219
0.019287109375 -0.133056640625 0.107948303222656 0.132011413574219
0.00443267822265625 -0.127548217773437 0.130355834960938 0.1534423828125
-0.00244140624999999 -0.153030395507813 0.125946044921875 0.205123901367188
0.03326416015625 -0.157119750976563 0.0478363037109375 0.235427856445313
0.1151123046875 -0.116714477539063 -0.038848876953125 0.218826293945313
0.159683227539063 -0.036102294921875 -0.103866577148437 0.123184204101563
0.122245788574219 0.136878967285156 -0.0886001586914062 0.023529052734375
0.0061798095703125 0.209396362304687 0.048492431640625 0.0930328369140625
-0.1123046875 0.167160034179687 -0.018707275390625 0.327362060546875
0.137985229492188 -0.00426483154296875 0.00494384765625002 -0.32220458984375
0.0494918823242187 -0.105812072753906 -0.0149459838867187 -0.105422973632812
-0.0482559204101563 -0.0725479125976563 0.0930938720703125 -0.0300827026367188
-0.0773391723632813 -0.00688171386718749 0.136077880859375 -0.145187377929688
-0.0554885864257813 0.0444488525390625 0.0396575927734375 -0.242523193359375
-0.018890380859375 0.0738372802734375 -0.0941619873046875 -0.268035888671875
-0.0213279724121094 0.0577163696289063 -0.172683715820313 -0.217605590820313
-0.0349159240722656 0.0455436706542969 -0.162277221679688 -0.161651611328125
-0.0492210388183594 0.0507278442382812 -0.129295349121094 -0.140182495117187
-0.0770263671875 0.00376129150390627 -0.0903091430664062 -0.12847900390625
-0.0672950744628906 -0.0637130737304687 -0.0614089965820313 -0.0895614624023438
0.00247955322265624 -0.105743408203125 -0.0803909301757813 -0.0881576538085938
0.116790771484375 -0.0840606689453125 -0.140045166015625 -0.15289306640625
0.177627563476563 -0.0089874267578125 -0.178695678710938 -0.273849487304688
0.1695556640625 0.0681610107421875 -0.1163330078125 -0.33343505859375
0.167236328125 0.14154052734375 0.0668640136718751 -0.3045654296875
0.137710571289063 0.000244140625 0.0286407470703125 -0.100547790527344
0.0673141479492188 -0.0283737182617188 0.119850158691406 -0.0299072265625
0.0262374877929688 -0.0452079772949219 0.163101196289063 -0.152603149414062
-0.00181961059570313 -0.0379409790039063 0.064544677734375 -0.248077392578125
-0.0250396728515625 -0.0279579162597656 -0.078643798828125 -0.27960205078125
-0.0634880065917969 -0.0345726013183594 -0.1634521484375 -0.228302001953125
-0.0688095092773438 -0.0426826477050781 -0.152969360351563 -0.162551879882812
-0.08203125 -0.0506134033203125 -0.114173889160156 -0.13739013671875
-0.068817138671875 -0.099395751953125 -0.0778045654296875 -0.125732421875
-0.00128173828124999 -0.141159057617188 -0.0497589111328125 -0.071533203125
0.0977935791015625 -0.133155822753906 -0.0681304931640625 -0.0616569519042969
0.209243774414063 -0.01910400390625 -0.135025024414063 -0.111129760742187
0.243331909179687 0.108673095703125 -0.15570068359375 -0.223602294921875
0.196029663085938 0.200439453125 -0.07403564453125 -0.278579711914063
0.1678466796875 0.27581787109375 0.133636474609375 -0.236068725585937
0.203887939453125 0.124649047851563 0.0851974487304688 -0.063262939453125
0.183273315429688 0.03619384765625 0.151290893554688 -0.0147552490234375
0.140777587890625 -0.07061767578125 0.189041137695313 -0.139328002929687
0.0644912719726563 -0.115951538085937 0.091522216796875 -0.227798461914063
-0.0206375122070312 -0.131340026855469 -0.047698974609375 -0.260482788085938
-0.0940704345703125 -0.12384033203125 -0.128936767578125 -0.211074829101563
-0.0937423706054688 -0.124130249023437 -0.119903564453125 -0.140472412109375
-0.106613159179688 -0.141921997070313 -0.080718994140625 -0.108650207519531
-0.0631866455078125 -0.185638427734375 -0.056365966796875 -0.0933609008789063
0.047210693359375 -0.205474853515625 -0.0382881164550781 -0.0336723327636719
0.16497802734375 -0.16168212890625 -0.0606460571289062 -0.0263290405273437
0.275970458984375 0.021026611328125 -0.125442504882812 -0.0668258666992188
0.289459228515625 0.188751220703125 -0.117935180664063 -0.162734985351563
0.204803466796875 0.29296875 -0.0303497314453125 -0.189498901367187
0.133453369140625 0.371246337890625 0.189208984375 -0.1209716796875
0.228713989257813 0.240997314453125 0.14459228515625 0.00775146484375001
0.269210815429688 0.114044189453125 0.180450439453125 0.01763916015625
0.244338989257813 -0.0719757080078125 0.206283569335938 -0.102264404296875
0.133193969726563 -0.171905517578125 0.113479614257813 -0.177139282226563
-0.00460815429687501 -0.216522216796875 -0.00817871093750001 -0.20770263671875
-0.10772705078125 -0.196365356445313 -0.075775146484375 -0.164947509765625
-0.104751586914063 -0.187408447265625 -0.0680160522460938 -0.097442626953125
-0.120086669921875 -0.210784912109375 -0.0326995849609375 -0.0584449768066406
-0.0578460693359375 -0.246185302734375 -0.0265045166015625 -0.0404281616210938
0.0807342529296875 -0.246383666992188 -0.0242938995361328 0.0153484344482422
0.2052001953125 -0.178665161132813 -0.0546226501464844 0.0105209350585937
0.309478759765625 0.04852294921875 -0.10858154296875 -0.0328292846679687
0.300872802734375 0.2371826171875 -0.06427001953125 -0.106834411621094
0.188018798828125 0.3447265625 0.0136184692382813 -0.0802688598632812
0.06982421875 0.400177001953125 0.22412109375 0.02197265625
0.196075439453125 0.31494140625 0.190948486328125 0.102340698242188
0.29229736328125 0.186859130859375 0.196533203125 0.0623626708984375
0.30511474609375 -0.03973388671875 0.205093383789063 -0.04443359375
0.187454223632813 -0.185379028320313 0.12384033203125 -0.103523254394531
0.0218505859375 -0.262542724609375 0.0309600830078125 -0.128067016601563
-0.100738525390625 -0.238128662109375 -0.0134506225585938 -0.0958175659179688
-0.0999603271484375 -0.220626831054688 -0.00578308105468751 -0.0385780334472656
-0.116378784179688 -0.248382568359375 0.0227699279785156 0.00448036193847655
-0.0468292236328125 -0.273941040039063 0.007171630859375 0.0259780883789062
0.104507446289063 -0.258010864257812 -0.0117111206054687 0.0698089599609375
0.224365234375 -0.1719970703125 -0.0525665283203125 0.0453033447265625
0.3062744140625 0.07672119140625 -0.090789794921875 -0.0102462768554688
0.271530151367188 0.263763427734375 -0.00790405273437498 -0.0566978454589844
0.140380859375 0.356597900390625 0.0488739013671875 0.0355873107910156
-0.00781249999999999 0.35174560546875 0.230804443359375 0.162628173828125
0.115234375 0.321044921875 0.212844848632813 0.197616577148438
0.240066528320313 0.226043701171875 0.193283081054688 0.10369873046875
0.29791259765625 0.011566162109375 0.181640625 0.015838623046875
0.20550537109375 -0.154388427734375 0.115631103515625 -0.0245513916015625
0.0487518310546875 -0.257171630859375 0.0596542358398438 -0.0386619567871094
-0.075958251953125 -0.239517211914063 0.044891357421875 -0.0163764953613281
-0.0809783935546875 -0.220169067382813 0.056304931640625 0.0260238647460937
-0.0962677001953125 -0.2496337890625 0.0755462646484375 0.0713043212890625
-0.029205322265625 -0.26739501953125 0.0383224487304688 0.0967864990234375
0.117111206054688 -0.239044189453125 -0.00415039062500001 0.125236511230469
0.22344970703125 -0.142974853515625 -0.057647705078125 0.0781326293945312
0.27301025390625 0.10528564453125 -0.0793533325195312 0.00493621826171877
0.207977294921875 0.272659301757813 0.0364799499511719 -0.00999450683593748
0.070220947265625 0.331512451171875 0.0642547607421875 0.148361206054688
-0.0836181640625 0.237533569335938 0.211166381835938 0.271270751953125
0.0123443603515625 0.25543212890625 0.209121704101562 0.265899658203125
0.133255004882812 0.212646484375 0.176223754882813 0.12860107421875
0.224166870117188 0.0597076416015625 0.14556884765625 0.0609283447265625
0.180206298828125 -0.091583251953125 0.093475341796875 0.0399627685546875
0.0655059814453125 -0.20257568359375 0.075714111328125 0.041900634765625
-0.039154052734375 -0.201278686523438 0.0920486450195313 0.0584487915039062
-0.04913330078125 -0.185806274414063 0.108726501464844 0.0861282348632812
-0.062957763671875 -0.214401245117188 0.118583679199219 0.133491516113281
-0.00718688964843749 -0.227081298828125 0.06085205078125 0.165512084960937
0.11590576171875 -0.194259643554688 -0.00521850585937501 0.17669677734375
0.199478149414063 -0.101364135742188 -0.0707015991210938 0.107269287109375
0.21453857421875 0.123214721679688 -0.0772247314453125 0.01837158203125
0.123855590820312 0.254714965820313 0.0591316223144531 0.038238525390625
-0.0123443603515625 0.270278930664063 0.0529327392578125 0.248016357421875
-0.144332885742187 0.0839996337890625 0.177154541015625 0.325286865234375
-0.0860443115234375 0.141983032226563 0.191741943359375 0.28936767578125
0.00711059570312499 0.154052734375 0.156143188476563 0.128341674804688
0.111778259277344 0.0891876220703125 0.11029052734375 0.0817184448242187
0.1207275390625 -0.01708984375 0.0696182250976563 0.0777511596679688
0.069061279296875 -0.114410400390625 0.081695556640625 0.0977020263671875
0.00120544433593751 -0.130455017089844 0.121978759765625 0.114303588867187
-0.0123825073242187 -0.123870849609375 0.14471435546875 0.13226318359375
-0.0231475830078125 -0.148147583007812 0.14794921875 0.183746337890625
0.011810302734375 -0.156661987304687 0.073272705078125 0.223907470703125
0.0972366333007813 -0.1285400390625 -0.012420654296875 0.21905517578125
0.150527954101563 -0.053680419921875 -0.0888595581054688 0.132858276367187
0.135879516601562 0.119598388671875 -0.0854110717773437 0.0311737060546875
0.031982421875 0.202224731445312 0.0565719604492188 0.081573486328125
-0.089813232421875 0.172836303710938 0.016815185546875 0.320159912109375
0.13568115234375 -0.01568603515625 -0.024261474609375 -0.3206787109375
0.040374755859375 -0.107749938964844 -0.0235748291015625 -0.101020812988281
-0.05413818359375 -0.06683349609375 0.0916748046875 -0.03570556640625
-0.0766448974609375 0.000457763671874988 0.123062133789063 -0.155166625976563
-0.0494232177734375 0.0485649108886719 0.0182037353515625 -0.24090576171875
-0.010101318359375 0.072601318359375 -0.118408203125 -0.252883911132812
-0.0143814086914063 0.0580863952636719 -0.191757202148437 -0.195648193359375
-0.0298881530761719 0.0488395690917969 -0.175613403320313 -0.140350341796875
-0.0435867309570313 0.0535926818847656 -0.143051147460937 -0.122726440429688
-0.0745162963867188 0.0112075805664063 -0.105323791503906 -0.115013122558594
-0.0712356567382813 -0.0548553466796875 -0.073486328125 -0.0852584838867188
-0.00714874267578126 -0.103469848632813 -0.0887603759765625 -0.0846481323242188
0.106292724609375 -0.0936355590820312 -0.149185180664062 -0.142105102539063
0.17333984375 -0.0247650146484375 -0.20001220703125 -0.255645751953125
0.172653198242187 0.053466796875 -0.14813232421875 -0.32257080078125
0.17926025390625 0.126754760742188 0.03955078125 -0.308197021484375
0.137245178222656 -0.0118942260742188 0.0191802978515625 -0.099334716796875
0.0661811828613281 -0.034881591796875 0.11688232421875 -0.0366973876953125
0.021881103515625 -0.0477523803710938 0.148910522460938 -0.163299560546875
-0.0047607421875 -0.0379409790039063 0.0418853759765625 -0.248580932617188
-0.0273933410644531 -0.02801513671875 -0.103485107421875 -0.266036987304688
-0.0660285949707031 -0.0278358459472656 -0.183364868164062 -0.20684814453125
-0.07275390625 -0.0345077514648438 -0.167022705078125 -0.142410278320313
-0.0865478515625 -0.0422134399414063 -0.128349304199219 -0.12127685546875
-0.078216552734375 -0.090850830078125 -0.09381103515625 -0.113227844238281
-0.0154190063476562 -0.138267517089844 -0.0612640380859375 -0.0674629211425781
0.0841064453125 -0.14068603515625 -0.0750885009765625 -0.059722900390625
0.205245971679688 -0.0381622314453125 -0.1417236328125 -0.100540161132813
0.2509765625 0.08477783203125 -0.173019409179688 -0.2086181640625
0.21087646484375 0.182220458984375 -0.103179931640625 -0.272323608398438
0.19317626953125 0.258987426757813 0.110855102539063 -0.244964599609375
0.214370727539063 0.1043701171875 0.0774688720703125 -0.0666351318359375
0.188125610351563 0.0177001953125 0.148590087890625 -0.0230560302734375
0.133087158203125 -0.08514404296875 0.17578125 -0.151290893554688
0.05242919921875 -0.121795654296875 0.0710906982421875 -0.22979736328125
-0.0335769653320313 -0.129714965820313 -0.07049560546875 -0.25048828125
-0.105415344238281 -0.112373352050781 -0.147964477539063 -0.193984985351562
-0.105484008789063 -0.112449645996094 -0.132415771484375 -0.123733520507812
-0.121711730957031 -0.129196166992187 -0.0924606323242188 -0.096099853515625
-0.082489013671875 -0.17730712890625 -0.0703582763671875 -0.0832901000976563
0.0260009765625 -0.207855224609375 -0.0464134216308594 -0.0298728942871094
0.147216796875 -0.176406860351563 -0.0647621154785156 -0.0244522094726562
0.27655029296875 -0.0061798095703125 -0.128890991210937 -0.057830810546875
0.305908203125 0.15869140625 -0.13201904296875 -0.152297973632813
0.228790283203125 0.272445678710938 -0.05303955078125 -0.1881103515625
0.169097900390625 0.3563232421875 0.1761474609375 -0.135543823242187
0.249603271484375 0.216339111328125 0.140762329101563 -0.00129699707031249
0.28125 0.085113525390625 0.178329467773438 0.00712585449218751
0.235977172851563 -0.0962066650390625 0.195419311523438 -0.114700317382812
0.114089965820312 -0.183578491210938 0.098724365234375 -0.18194580078125
-0.02630615234375 -0.214553833007813 -0.0254669189453125 -0.2030029296875
-0.126419067382812 -0.181488037109375 -0.090362548828125 -0.15362548828125
-0.12335205078125 -0.172698974609375 -0.0770187377929688 -0.0865325927734375
-0.142303466796875 -0.195480346679688 -0.0396690368652344 -0.0520591735839844
-0.0845794677734375 -0.236984252929687 -0.0353469848632813 -0.033935546875
0.05377197265625 -0.253097534179688 -0.0273284912109375 0.017953872680664
0.18487548828125 -0.19805908203125 -0.0556755065917969 0.0137519836425781
0.31329345703125 0.016693115234375 -0.1103515625 -0.0246963500976563
0.323272705078125 0.2042236328125 -0.0751953125 -0.101676940917969
0.217926025390625 0.32452392578125 -0.000221252441406242 -0.0841903686523437
0.109771728515625 0.389404296875 0.224456787109375 0.00334167480468752
0.224609375 0.292266845703125 0.194778442382813 0.0880126953125
0.31024169921875 0.154998779296875 0.196884155273438 0.049591064453125
0.29864501953125 -0.070770263671875 0.199172973632813 -0.05694580078125
0.165908813476563 -0.201995849609375 0.115982055664063 -0.110588073730469
-0.00566101074218749 -0.262115478515625 0.021453857421875 -0.129257202148438
-0.123809814453125 -0.223052978515625 -0.0223541259765625 -0.0925521850585938
-0.121932983398438 -0.205825805664063 -0.0103569030761719 -0.0361976623535156
-0.142868041992187 -0.2318115234375 0.0214347839355469 0.00295639038085936
-0.076751708984375 -0.26531982421875 0.00552749633789062 0.0276107788085937
0.0749664306640625 -0.266830444335938 -0.0084991455078125 0.0710983276367187
0.204299926757813 -0.193435668945313 -0.0500221252441406 0.0485763549804687
0.313140869140625 0.044342041015625 -0.0913467407226562 -0.00363159179687499
0.29791259765625 0.233001708984375 -0.0155601501464844 -0.05816650390625
0.1729736328125 0.339874267578125 0.0453109741210938 0.0278701782226563
0.028289794921875 0.349151611328125 0.24371337890625 0.142990112304688
0.14495849609375 0.305633544921875 0.224090576171875 0.179351806640625
0.262237548828125 0.198593139648438 0.1961669921875 0.091064453125
0.296722412109375 -0.01934814453125 0.180999755859375 0.004547119140625
0.186294555664062 -0.172576904296875 0.115264892578125 -0.0322341918945313
0.020782470703125 -0.258712768554688 0.0593185424804688 -0.0441513061523438
-0.100509643554688 -0.226730346679688 0.0436325073242187 -0.0208854675292969
-0.102783203125 -0.20758056640625 0.0573654174804688 0.0200538635253906
-0.122421264648438 -0.23516845703125 0.0800552368164062 0.06256103515625
-0.0578460693359375 -0.260543823242188 0.04400634765625 0.0932464599609375
0.09014892578125 -0.249465942382813 0.00568389892578126 0.125
0.206375122070313 -0.164840698242188 -0.0515289306640625 0.0822525024414062
0.283416748046875 0.076263427734375 -0.0788192749023438 0.0107192993164063
0.234893798828125 0.247161865234375 0.0326480865478516 -0.0152969360351562
0.101318359375 0.319793701171875 0.0723342895507812 0.138336181640625
-0.056640625 0.242416381835938 0.233901977539063 0.2530517578125
0.0371856689453125 0.2503662109375 0.225875854492188 0.247268676757813
0.154739379882813 0.19610595703125 0.181137084960938 0.116653442382813
0.229400634765625 0.0352783203125 0.148849487304688 0.0527496337890625
0.1680908203125 -0.107986450195312 0.0995941162109375 0.0330810546875
0.0428924560546875 -0.206710815429687 0.0833053588867188 0.0327606201171875
-0.0605010986328125 -0.19268798828125 0.0969085693359375 0.0475234985351562
-0.0684661865234375 -0.1771240234375 0.114242553710938 0.073638916015625
-0.085723876953125 -0.204071044921875 0.129867553710938 0.119186401367188
-0.0324554443359375 -0.222244262695312 0.074249267578125 0.157302856445313
0.0942840576171875 -0.204208374023438 0.0105743408203125 0.17535400390625
0.186660766601563 -0.120162963867188 -0.060791015625 0.112648010253906
0.226333618164062 0.10040283203125 -0.075531005859375 0.023773193359375
0.149063110351563 0.238021850585938 0.06005859375 0.0296821594238281
0.013641357421875 0.266159057617188 0.071868896484375 0.238555908203125
-0.132583618164063 0.0965728759765625 0.206329345703125 0.309722900390625
-0.0697021484375 0.147445678710938 0.21221923828125 0.271896362304688
0.0239410400390625 0.150650024414063 0.161483764648438 0.1175537109375
0.120445251464844 0.074737548828125 0.116714477539063 0.0764541625976563
0.116600036621094 -0.0293807983398438 0.0799331665039063 0.0716018676757813
0.0549774169921875 -0.119094848632813 0.0940780639648438 0.0870895385742187
-0.012969970703125 -0.127578735351563 0.131988525390625 0.0988998413085937
-0.0255813598632812 -0.119178771972656 0.154296875 0.114471435546875
-0.0386505126953125 -0.142684936523438 0.163619995117188 0.165634155273438
-0.00547790527343751 -0.154922485351563 0.093109130859375 0.2132568359375
0.0821609497070313 -0.136703491210937 0.00793457031250002 0.21783447265625
0.142303466796875 -0.0675048828125 -0.0766067504882812 0.139427185058594
0.14654541015625 0.105087280273437 -0.0834274291992187 0.0371780395507813
0.051727294921875 0.195037841796875 0.0621871948242188 0.0721282958984375
-0.072601318359375 0.175628662109375 0.044342041015625 0.314361572265625
0.135185241699219 -0.026275634765625 -0.0521240234375 -0.322540283203125
0.0318756103515625 -0.112335205078125 -0.0321426391601562 -0.098236083984375
-0.0592765808105469 -0.0620384216308594 0.0914459228515625 -0.04168701171875
-0.076904296875 0.00764465332031251 0.112716674804688 -0.16619873046875
-0.0447425842285156 0.0530052185058594 -0.00088500976562499 -0.2427978515625
-0.00370025634765624 0.071746826171875 -0.141311645507813 -0.241226196289063
-0.00854873657226562 0.0581474304199219 -0.21051025390625 -0.177505493164063
-0.0252799987792969 0.0524444580078125 -0.189682006835938 -0.12225341796875
-0.0387191772460938 0.0574760437011719 -0.15594482421875 -0.106521606445312
-0.0729217529296875 0.0189361572265625 -0.119132995605469 -0.103607177734375
-0.0752716064453125 -0.0474853515625 -0.0867691040039063 -0.0805816650390625
-0.0165328979492188 -0.102943420410156 -0.0992660522460937 -0.082733154296875
0.098236083984375 -0.103004455566406 -0.160415649414063 -0.134033203125
0.171401977539063 -0.0391693115234375 -0.222137451171875 -0.242706298828125
0.178466796875 0.041015625 -0.180938720703125 -0.3170166015625
0.192398071289062 0.112701416015625 0.013275146484375 -0.315216064453125
0.139259338378906 -0.02410888671875 0.0110855102539063 -0.0996475219726563
0.0656661987304688 -0.0420722961425781 0.116477966308594 -0.044036865234375
0.0183029174804687 -0.0513572692871094 0.137435913085938 -0.175796508789063
-0.00826644897460938 -0.0385093688964844 0.022491455078125 -0.25213623046875
-0.0307197570800781 -0.0277614593505859 -0.126663208007813 -0.256088256835937
-0.0690193176269531 -0.0221328735351563 -0.203201293945313 -0.189102172851563
-0.076812744140625 -0.0271835327148438 -0.18017578125 -0.124984741210937
-0.0921173095703125 -0.0343475341796875 -0.141769409179687 -0.107070922851563
-0.0871047973632812 -0.0839157104492188 -0.108932495117188 -0.101409912109375
-0.0281143188476562 -0.1375732421875 -0.072845458984375 -0.0629730224609375
0.0721588134765625 -0.150009155273437 -0.0836029052734375 -0.05859375
0.203445434570313 -0.057403564453125 -0.149032592773438 -0.092376708984375
0.261795043945313 0.063232421875 -0.192398071289062 -0.196640014648438
0.228668212890625 0.167129516601562 -0.132369995117187 -0.269821166992188
0.218795776367187 0.24542236328125 0.0909881591796875 -0.257110595703125
0.22711181640625 0.085723876953125 0.0717239379882813 -0.070556640625
0.19390869140625 -0.002044677734375 0.148284912109375 -0.03131103515625
0.126792907714844 -0.0990753173828125 0.166000366210938 -0.164321899414062
0.0414505004882813 -0.128150939941406 0.0545501708984375 -0.235305786132813
-0.046600341796875 -0.129440307617188 -0.0909423828125 -0.244094848632812
-0.117027282714844 -0.102310180664063 -0.165786743164063 -0.179336547851563
-0.117401123046875 -0.102012634277344 -0.143783569335938 -0.109375
-0.136299133300781 -0.117706298828125 -0.103485107421875 -0.0852203369140625
-0.101531982421875 -0.169937133789062 -0.0827407836914063 -0.0731658935546875
0.00518798828125001 -0.212203979492187 -0.0545387268066406 -0.0260124206542969
0.132308959960938 -0.19244384765625 -0.0703201293945313 -0.0229873657226563
0.280105590820312 -0.03228759765625 -0.133926391601562 -0.0504837036132812
0.32421875 0.130859375 -0.146316528320312 -0.143997192382813
0.25543212890625 0.2567138671875 -0.0755462646484375 -0.18817138671875
0.2039794921875 0.344329833984375 0.16693115234375 -0.151199340820312
0.273086547851563 0.194656372070313 0.139793395996094 -0.00981903076171874
0.294677734375 0.057769775390625 0.180130004882813 -0.0025634765625
0.22955322265625 -0.121261596679687 0.188705444335938 -0.127960205078125
0.0976715087890625 -0.195632934570313 0.0866851806640625 -0.188949584960938
-0.048248291015625 -0.214981079101562 -0.0412445068359375 -0.201461791992188
-0.144821166992187 -0.16961669921875 -0.104461669921875 -0.1451416015625
-0.141387939453125 -0.160720825195313 -0.0857620239257813 -0.0780105590820313
-0.164276123046875 -0.181381225585938 -0.0462875366210938 -0.0469093322753907
-0.110214233398438 -0.229660034179687 -0.0430755615234375 -0.027069091796875
0.0285797119140625 -0.260833740234375 -0.0302524566650391 0.0214176177978515
0.167755126953125 -0.218429565429688 -0.0573692321777344 0.01544189453125
0.32000732421875 -0.013824462890625 -0.113090515136719 -0.0183792114257812
0.347808837890625 0.174560546875 -0.0858078002929687 -0.0979995727539062
0.2490234375 0.309722900390625 -0.0136184692382812 -0.087249755859375
0.1473388671875 0.38330078125 0.22735595703125 -0.0145111083984375
0.254119873046875 0.272476196289063 0.200424194335938 0.0754241943359375
0.330078125 0.12591552734375 0.200576782226563 0.0403900146484375
0.295074462890625 -0.101531982421875 0.19635009765625 -0.06829833984375
0.147552490234375 -0.219253540039063 0.110313415527344 -0.118804931640625
-0.031463623046875 -0.263931274414062 0.0131988525390625 -0.132553100585938
-0.146591186523438 -0.211181640625 -0.03070068359375 -0.0906982421875
-0.143295288085937 -0.194107055664063 -0.0140933990478516 -0.0340213775634766
-0.168289184570313 -0.218185424804688 0.0201778411865234 0.00207138061523436
-0.106246948242187 -0.25872802734375 0.00436210632324218 0.0296955108642578
0.048126220703125 -0.276748657226563 -0.005157470703125 0.07330322265625
0.187255859375 -0.215774536132813 -0.0475959777832031 0.05224609375
0.32318115234375 0.013702392578125 -0.0927886962890625 0.00153350830078124
0.324737548828125 0.20458984375 -0.022491455078125 -0.0590896606445312
0.204833984375 0.327484130859375 0.0427589416503906 0.0224533081054688
0.062530517578125 0.349517822265625 0.259475708007813 0.125946044921875
0.17486572265625 0.293853759765625 0.238250732421875 0.165542602539063
0.285064697265625 0.174652099609375 0.202728271484375 0.0812835693359375
0.2979736328125 -0.04913330078125 0.18365478515625 -0.005126953125
0.170806884765625 -0.191177368164063 0.117141723632813 -0.0404434204101563
-0.00534057617187499 -0.262908935546875 0.0593490600585938 -0.0508384704589844
-0.123138427734375 -0.217514038085937 0.042205810546875 -0.0251274108886719
-0.124313354492188 -0.197509765625 0.0580635070800781 0.0151824951171875
-0.1488037109375 -0.22332763671875 0.0858154296875 0.0555801391601562
-0.0866546630859375 -0.256210327148438 0.0504379272460937 0.0915069580078125
0.064422607421875 -0.261444091796875 0.0149459838867188 0.126380920410156
0.191909790039063 -0.187149047851562 -0.0455169677734375 0.08697509765625
0.295257568359375 0.048675537109375 -0.079681396484375 0.0158157348632813
0.26275634765625 0.225051879882813 0.0292625427246094 -0.0211467742919922
0.130401611328125 0.313079833984375 0.0806198120117188 0.132461547851563
-0.033477783203125 0.249801635742187 0.259841918945313 0.238510131835938
0.061187744140625 0.247955322265625 0.246475219726563 0.2337646484375
0.175765991210938 0.182342529296875 0.188949584960938 0.107955932617188
0.23486328125 0.012054443359375 0.155899047851563 0.0461273193359375
0.158233642578125 -0.124374389648438 0.106941223144531 0.0265045166015625
0.022613525390625 -0.211273193359375 0.09002685546875 0.0239486694335937
-0.0798187255859375 -0.1868896484375 0.101982116699219 0.0379409790039062
-0.086639404296875 -0.170211791992188 0.120697021484375 0.0622787475585937
-0.107635498046875 -0.195556640625 0.140884399414063 0.106674194335937
-0.056396484375 -0.220123291015625 0.08746337890625 0.153091430664062
0.0734405517578125 -0.2152099609375 0.0255126953125 0.1763916015625
0.17608642578125 -0.138961791992188 -0.052032470703125 0.118751525878906
0.239044189453125 0.079498291015625 -0.076263427734375 0.0284576416015625
0.174057006835938 0.223373413085938 0.061004638671875 0.0221061706542969
0.0366668701171875 0.265029907226563 0.090423583984375 0.23388671875
-0.122634887695313 0.108909606933594 0.237457275390625 0.29815673828125
-0.0559234619140625 0.154190063476563 0.234024047851563 0.258956909179688
0.0393218994140625 0.14874267578125 0.169357299804688 0.110244750976563
0.128807067871094 0.061767578125 0.125617980957031 0.0721359252929688
0.113632202148437 -0.0409011840820312 0.0903472900390625 0.0666961669921875
0.042510986328125 -0.125167846679688 0.105728149414063 0.0764694213867188
-0.0260086059570312 -0.126007080078125 0.142135620117188 0.0856170654296875
-0.0376434326171875 -0.116989135742187 0.164276123046875 0.099334716796875
-0.0526199340820313 -0.138946533203125 0.178573608398437 0.149887084960938
-0.021453857421875 -0.154647827148438 0.112228393554688 0.206207275390625
0.0694732666015625 -0.14599609375 0.027374267578125 0.218154907226562
0.136734008789063 -0.08087158203125 -0.065643310546875 0.1470947265625
0.157958984375 0.0925445556640625 -0.0818405151367188 0.04327392578125
0.0704803466796875 0.1888427734375 0.0661125183105469 0.0639533996582031
-0.058197021484375 0.180160522460938 0.07061767578125 0.312347412109375
0.135528564453125 -0.0398788452148438 -0.087188720703125 -0.32537841796875
0.0213546752929688 -0.117782592773438 -0.0428085327148438 -0.0965957641601563
-0.0662918090820312 -0.0571670532226563 0.0902099609375 -0.0505523681640625
-0.0770950317382812 0.01641845703125 0.099884033203125 -0.18072509765625
-0.0390090942382812 0.0582122802734375 -0.0244903564453125 -0.245513916015625
0.0037994384765625 0.0716552734375 -0.168502807617187 -0.22930908203125
-0.001983642578125 0.0589408874511719 -0.232864379882813 -0.156707763671875
-0.0199203491210938 0.0562019348144531 -0.205703735351563 -0.102508544921875
-0.0326576232910156 0.0625343322753906 -0.1708984375 -0.0889434814453125
-0.0708160400390625 0.0272903442382812 -0.134689331054688 -0.0899658203125
-0.0806427001953125 -0.0386734008789063 -0.101615905761719 -0.0739288330078125
-0.0274429321289063 -0.102951049804688 -0.112686157226562 -0.07891845703125
0.0878829956054688 -0.115348815917969 -0.175125122070312 -0.124542236328125
0.16973876953125 -0.057342529296875 -0.249664306640625 -0.226821899414063
0.186187744140625 0.0244293212890625 -0.22064208984375 -0.307647705078125
0.209579467773438 0.096221923828125 -0.019622802734375 -0.324371337890625
0.140792846679688 -0.0399627685546875 0.001220703125 -0.101692199707031
0.064422607421875 -0.051544189453125 0.116050720214844 -0.0535888671875
0.0131912231445312 -0.054901123046875 0.124298095703125 -0.192092895507813
-0.0123977661132813 -0.0399360656738281 -0.000473022460937525 -0.257354736328125
-0.0353126525878906 -0.0273818969726563 -0.154891967773437 -0.24603271484375
-0.072265625 -0.0156173706054688 -0.225906372070313 -0.168655395507812
-0.080718994140625 -0.0183792114257812 -0.196441650390625 -0.105575561523438
-0.0985336303710938 -0.0241241455078125 -0.15643310546875 -0.0899810791015625
-0.09857177734375 -0.0753326416015625 -0.124664306640625 -0.0878982543945312
-0.0439376831054688 -0.136802673339844 -0.0863571166992188 -0.0568161010742187
0.0576324462890625 -0.1610107421875 -0.0941009521484375 -0.0556488037109375
0.20196533203125 -0.0805511474609375 -0.16009521484375 -0.0828094482421875
0.27349853515625 0.036285400390625 -0.215087890625 -0.183364868164063
0.251922607421875 0.149093627929688 -0.16796875 -0.264862060546875
0.250335693359375 0.228286743164063 0.0666961669921875 -0.272842407226562
0.242141723632812 0.0618438720703125 0.0655899047851563 -0.0772247314453125
0.20037841796875 -0.0249481201171875 0.148910522460938 -0.0426025390625
0.119071960449219 -0.116989135742188 0.1541748046875 -0.1820068359375
0.028045654296875 -0.136474609375 0.0343475341796875 -0.243682861328125
-0.0634689331054687 -0.128181457519531 -0.1163330078125 -0.238433837890625
-0.130584716796875 -0.0909347534179688 -0.187225341796875 -0.16290283203125
-0.131431579589844 -0.0900421142578125 -0.157989501953125 -0.0937957763671875
-0.153350830078125 -0.103607177734375 -0.115180969238281 -0.0728378295898438
-0.123428344726563 -0.160720825195312 -0.0958251953125 -0.0615386962890625
-0.019256591796875 -0.216888427734375 -0.0630760192871094 -0.0200653076171875
0.113906860351563 -0.212188720703125 -0.076568603515625 -0.0194931030273438
0.283721923828125 -0.064697265625 -0.141677856445312 -0.0416717529296875
0.3470458984375 0.097137451171875 -0.1649169921875 -0.134811401367188
0.288360595703125 0.23724365234375 -0.102737426757812 -0.186920166015625
0.246978759765625 0.330902099609375 0.155746459960938 -0.171401977539063
0.30023193359375 0.167633056640625 0.140701293945313 -0.021728515625
0.308929443359375 0.023712158203125 0.183929443359375 -0.014617919921875
0.221221923828125 -0.1514892578125 0.181427001953125 -0.145492553710937
0.0783233642578125 -0.211227416992188 0.0723724365234375 -0.199813842773438
-0.0742645263671875 -0.21466064453125 -0.06005859375 -0.201126098632813
-0.166412353515625 -0.15606689453125 -0.120918273925781 -0.135391235351563
-0.162933349609375 -0.146240234375 -0.09564208984375 -0.0684967041015625
-0.18927001953125 -0.164505004882812 -0.053680419921875 -0.0408287048339844
-0.140151977539062 -0.220138549804687 -0.0503921508789063 -0.0190658569335938
-0.00273132324218753 -0.269424438476563 -0.0324878692626953 0.026163101196289
0.146591186523437 -0.243453979492188 -0.0594291687011719 0.0192947387695312
0.327484130859375 -0.051544189453125 -0.117515563964844 -0.010894775390625
0.375732421875 0.137481689453125 -0.0988693237304687 -0.0936203002929688
0.287689208984375 0.291534423828125 -0.0282745361328125 -0.0883941650390625
0.192962646484375 0.375640869140625 0.232040405273437 -0.037139892578125
0.289764404296875 0.2496337890625 0.210540771484375 0.0595855712890625
0.35198974609375 0.089813232421875 0.207611083984375 0.0271148681640625
0.28973388671875 -0.138641357421875 0.195816040039063 -0.08544921875
0.125885009765625 -0.240264892578125 0.104255676269531 -0.1309814453125
-0.0626068115234375 -0.265975952148438 0.00289154052734374 -0.137001037597656
-0.17303466796875 -0.197372436523438 -0.0406646728515625 -0.0893783569335938
-0.16845703125 -0.180694580078125 -0.0186042785644531 -0.0323600769042969
-0.198287963867188 -0.20111083984375 0.0199737548828125 0.000827789306640613
-0.1397705078125 -0.250198364257813 0.00416755676269531 0.0328178405761719
0.015594482421875 -0.289093017578125 -9.91821289062563E-05 0.0766983032226562
0.166748046875 -0.243148803710937 -0.045074462890625 0.0561599731445312
0.334259033203125 -0.024444580078125 -0.0953216552734375 0.00865173339843751
0.35589599609375 0.170257568359375 -0.0308570861816406 -0.0604171752929687
0.244293212890625 0.313934326171875 0.0410919189453125 0.0179519653320313
0.103271484375 0.34954833984375 0.280349731445313 0.103561401367188
0.211151123046875 0.280075073242188 0.25787353515625 0.14788818359375
0.311798095703125 0.1446533203125 0.214019775390625 0.0698394775390625
0.298492431640625 -0.08526611328125 0.189132690429688 -0.0185394287109375
0.152740478515625 -0.214080810546875 0.118896484375 -0.0514373779296875
-0.0354156494140625 -0.267608642578125 0.0583724975585938 -0.06005859375
-0.149749755859375 -0.20623779296875 0.0408973693847656 -0.0309524536132813
-0.149612426757813 -0.185836791992187 0.0598297119140625 0.00947189331054686
-0.178482055664063 -0.208908081054687 0.0925140380859375 0.0469894409179687
-0.119873046875 -0.24896240234375 0.0585861206054687 0.0899124145507812
0.0347442626953125 -0.274444580078125 0.0273818969726562 0.128517150878906
0.174392700195313 -0.213516235351563 -0.03839111328125 0.0924530029296875
0.30902099609375 0.0152587890625 -0.0806503295898437 0.0215911865234375
0.29486083984375 0.197174072265625 0.0252761840820313 -0.0267887115478516
0.16650390625 0.3060302734375 0.092529296875 0.127021789550781
-0.00457763671874999 0.258056640625 0.29315185546875 0.22021484375
0.090301513671875 0.245452880859375 0.273727416992188 0.216690063476563
0.200363159179688 0.165451049804688 0.201980590820313 0.0980377197265625
0.240966796875 -0.01629638671875 0.165573120117188 0.036468505859375
0.14678955078125 -0.14483642578125 0.1153564453125 0.017425537109375
-0.00218200683593748 -0.217727661132813 0.0977325439453125 0.0128250122070312
-0.102462768554688 -0.179824829101563 0.108436584472656 0.0262680053710937
-0.108123779296875 -0.162246704101562 0.127799987792969 0.0498504638671875
-0.13299560546875 -0.185440063476563 0.15362548828125 0.0933837890625
-0.084136962890625 -0.216110229492187 0.104339599609375 0.147064208984375
0.0493927001953125 -0.22894287109375 0.0442047119140625 0.177734375
0.164215087890625 -0.161758422851563 -0.0411224365234375 0.126426696777344
0.254638671875 0.053466796875 -0.0758590698242187 0.035400390625
0.202560424804687 0.206680297851563 0.0617599487304688 0.01373291015625
0.0648193359375 0.266204833984375 0.114593505859375 0.2293701171875
-0.111106872558594 0.123558044433594 0.27734375 0.28411865234375
-0.039947509765625 0.16229248046875 0.263931274414063 0.244766235351563
0.057037353515625 0.145858764648438 0.182266235351563 0.101089477539063
0.138252258300781 0.046417236328125 0.137748718261719 0.065582275390625
0.110694885253906 -0.0541610717773438 0.102897644042969 0.0592422485351563
0.0283279418945313 -0.1318359375 0.118896484375 0.0644073486328125
-0.041015625 -0.123916625976562 0.154006958007813 0.069488525390625
-0.0515975952148438 -0.113449096679688 0.176055908203125 0.0820465087890625
-0.0705642700195313 -0.134574890136719 0.197067260742188 0.131637573242188
-0.0402984619140625 -0.154464721679687 0.13592529296875 0.197113037109375
0.053466796875 -0.157119750976563 0.050445556640625 0.219558715820313
0.130500793457031 -0.0970535278320313 -0.05255126953125 0.157012939453125
0.172317504882813 0.07708740234375 -0.0811080932617188 0.0507583618164063
0.0916900634765625 0.182754516601563 0.0720367431640625 0.0560989379882813
-0.04156494140625 0.187820434570313 0.1036376953125 0.31134033203125
0.131980895996094 -0.0571517944335938 -0.1318359375 -0.319580078125
0.00665283203125 -0.122833251953125 -0.0565414428710938 -0.091583251953125
-0.07305908203125 -0.0492935180664062 0.0875473022460938 -0.0609588623046875
-0.0753631591796875 0.027130126953125 0.0799560546875 -0.194717407226563
-0.0315704345703125 0.0637092590332031 -0.0540618896484375 -0.24468994140625
0.0117568969726562 0.0706558227539063 -0.197418212890625 -0.208328247070313
0.00572586059570313 0.0590095520019531 -0.254592895507813 -0.126022338867187
-0.0114173889160156 0.0596427917480469 -0.220458984375 -0.0737762451171875
-0.0245132446289063 0.0674362182617188 -0.185043334960938 -0.065032958984375
-0.0667877197265625 0.0364303588867188 -0.149215698242188 -0.0708770751953125
-0.0857772827148438 -0.0276641845703125 -0.116615295410156 -0.0618209838867187
-0.04156494140625 -0.100143432617188 -0.127738952636719 -0.0695419311523437
0.07293701171875 -0.127227783203125 -0.190628051757813 -0.1072998046875
0.163681030273438 -0.0791015625 -0.2799072265625 -0.200531005859375
0.19244384765625 0.00201416015625 -0.267059326171875 -0.2862548828125
0.225433349609375 0.0713043212890625 -0.06231689453125 -0.32769775390625
0.137771606445312 -0.059600830078125 -0.0123291015625 -0.102073669433594
0.0588874816894531 -0.0619583129882813 0.112800598144531 -0.0660552978515625
0.00669097900390625 -0.0580482482910156 0.10430908203125 -0.20849609375
-0.0178108215332031 -0.0393714904785156 -0.030853271484375 -0.259719848632812
-0.0411453247070312 -0.0237503051757813 -0.185501098632813 -0.227874755859375
-0.0754623413085938 -0.00670623779296875 -0.248886108398438 -0.139190673828125
-0.083984375 -0.00717926025390625 -0.211044311523437 -0.07806396484375
-0.102851867675781 -0.010955810546875 -0.169876098632813 -0.0679931640625
-0.110252380371094 -0.0623397827148438 -0.139755249023438 -0.0686111450195313
-0.061920166015625 -0.131767272949219 -0.0986862182617188 -0.0451889038085938
0.0368804931640625 -0.170608520507813 -0.106224060058594 -0.0486221313476563
0.193206787109375 -0.108322143554687 -0.171249389648438 -0.0687408447265625
0.282135009765625 0.00030517578125 -0.24072265625 -0.160507202148437
0.27532958984375 0.119338989257813 -0.209335327148437 -0.248382568359375
0.2850341796875 0.1986083984375 0.031768798828125 -0.285491943359375
0.253494262695313 0.0293731689453125 0.056243896484375 -0.0843963623046875
0.200225830078125 -0.0542144775390625 0.147903442382813 -0.057952880859375
0.10516357421875 -0.136650085449219 0.135467529296875 -0.200912475585938
0.00926208496093749 -0.142776489257813 0.006591796875 -0.250244140625
-0.0834808349609375 -0.122047424316406 -0.145889282226563 -0.225433349609375
-0.144271850585938 -0.0746917724609375 -0.209426879882813 -0.138427734375
-0.14453125 -0.0716552734375 -0.171035766601563 -0.0717620849609375
-0.169830322265625 -0.0825958251953125 -0.126388549804687 -0.0558242797851563
-0.14776611328125 -0.14410400390625 -0.107421875 -0.0449066162109375
-0.0496368408203125 -0.216537475585938 -0.0706024169921875 -0.0106887817382813
0.086181640625 -0.23077392578125 -0.0840835571289063 -0.0137481689453125
0.2786865234375 -0.104782104492187 -0.147872924804687 -0.0286865234375
0.3641357421875 0.05023193359375 -0.183670043945312 -0.11712646484375
0.324188232421875 0.20379638671875 -0.133255004882813 -0.176589965820313
0.294677734375 0.3023681640625 0.135879516601563 -0.19439697265625
0.325927734375 0.128082275390625 0.13934326171875 -0.0373306274414062
0.316375732421875 -0.018829345703125 0.185333251953125 -0.0325164794921875
0.203140258789063 -0.184356689453125 0.168014526367188 -0.166763305664063
0.050079345703125 -0.224929809570313 0.0508880615234375 -0.210769653320313
-0.106552124023437 -0.207794189453125 -0.08447265625 -0.196044921875
-0.189041137695312 -0.134521484375 -0.139732360839844 -0.12005615234375
-0.183929443359375 -0.125015258789063 -0.105659484863281 -0.0550689697265625
-0.214736938476562 -0.139068603515625 -0.0597724914550781 -0.0322761535644531
-0.173202514648438 -0.201446533203125 -0.0562858581542969 -0.00870513916015626
-0.0407867431640625 -0.272750854492188 -0.032928466796875 0.0327129364013672
0.115264892578125 -0.26788330078125 -0.0609512329101562 0.0236434936523437
0.32537841796875 -0.098297119140625 -0.1212158203125 0.000335693359375019
0.399505615234375 0.085845947265625 -0.113571166992187 -0.084075927734375
0.330413818359375 0.257965087890625 -0.0459060668945312 -0.0869522094726562
0.24761962890625 0.353851318359375 0.232269287109375 -0.0675506591796875
0.326385498046875 0.21295166015625 0.220108032226563 0.0367279052734375
0.369232177734375 0.04107666015625 0.2139892578125 0.0072021484375
0.27471923828125 -0.180953979492187 0.190292358398438 -0.106979370117188
0.0944976806640625 -0.260223388671875 0.0923309326171875 -0.144805908203125
-0.101043701171875 -0.260772705078125 -0.0118865966796875 -0.140335083007813
-0.20159912109375 -0.175827026367188 -0.0523300170898438 -0.084747314453125
-0.194473266601562 -0.158203125 -0.0240039825439453 -0.0293025970458985
-0.22869873046875 -0.174331665039062 0.0193405151367187 -0.000692367553710948
-0.177383422851563 -0.231155395507813 0.00675201416015624 0.0361709594726562
-0.025848388671875 -0.294769287109375 0.0074615478515625 0.0787429809570312
0.134002685546875 -0.26971435546875 -0.0405158996582031 0.0604438781738281
0.335296630859375 -0.07305908203125 -0.0966949462890625 0.017364501953125
0.38397216796875 0.1209716796875 -0.0414657592773437 -0.0593032836914063
0.289337158203125 0.2855224609375 0.0394477844238281 0.0128631591796875
0.15252685546875 0.340057373046875 0.30047607421875 0.07012939453125
0.250228881835938 0.253646850585938 0.278701782226563 0.11981201171875
0.334442138671875 0.103271484375 0.22509765625 0.04974365234375
0.290435791015625 -0.1285400390625 0.19134521484375 -0.0378265380859375
0.1256103515625 -0.2371826171875 0.117149353027344 -0.0659255981445313
-0.0739288330078125 -0.26495361328125 0.0543899536132812 -0.0703048706054688
-0.179672241210937 -0.187225341796875 0.0375442504882812 -0.03753662109375
-0.175643920898438 -0.166763305664062 0.0605392456054687 0.00135421752929686
-0.209640502929688 -0.184951782226562 0.0978927612304687 0.035552978515625
-0.15667724609375 -0.233078002929688 0.06951904296875 0.0850372314453125
-0.00491333007812499 -0.28271484375 0.0432357788085937 0.126869201660156
0.146804809570313 -0.24090576171875 -0.0279312133789062 0.0963973999023437
0.316314697265625 -0.029266357421875 -0.0808944702148437 0.0300216674804687
0.32489013671875 0.156768798828125 0.0197620391845703 -0.0324172973632813
0.20745849609375 0.288116455078125 0.106712341308594 0.116142272949219
0.03155517578125 0.261032104492188 0.328887939453125 0.186370849609375
0.123931884765625 0.235549926757813 0.30340576171875 0.18768310546875
0.225906372070313 0.139190673828125 0.215805053710937 0.079833984375
0.241165161132812 -0.0505828857421875 0.174652099609375 0.0205078125
0.128616333007813 -0.166305541992188 0.122177124023438 0.00315856933593749
-0.032958984375 -0.219757080078125 0.102752685546875 -0.00171661376953126
-0.128387451171875 -0.166915893554688 0.113212585449219 0.0107803344726562
-0.13067626953125 -0.14874267578125 0.13433837890625 0.0329360961914062
-0.160369873046875 -0.168258666992188 0.166168212890625 0.0731201171875
-0.11553955078125 -0.2056884765625 0.122634887695312 0.135368347167969
0.0177764892578125 -0.2384033203125 0.0670928955078125 0.173553466796875
0.143966674804688 -0.185928344726563 -0.0256195068359375 0.132232666015625
0.266220092773438 0.01861572265625 -0.0741653442382813 0.0440673828125
0.232528686523438 0.179031372070312 0.0615005493164063 0.00366973876953126
0.100051879882813 0.25982666015625 0.14373779296875 0.2176513671875
-0.0936126708984375 0.138191223144531 0.32110595703125 0.2542724609375
-0.017669677734375 0.168594360351563 0.29827880859375 0.2181396484375
0.0782241821289063 0.139747619628906 0.197128295898438 0.0859527587890625
0.14520263671875 0.02642822265625 0.150482177734375 0.05322265625
0.104164123535156 -0.0698928833007813 0.11505126953125 0.0468597412109375
0.00931549072265624 -0.136863708496094 0.13067626953125 0.0470046997070312
-0.0586471557617187 -0.118858337402344 0.164749145507813 0.048004150390625
-0.0676651000976563 -0.107032775878906 0.186920166015625 0.0584716796875
-0.0895004272460937 -0.1256103515625 0.214797973632812 0.106033325195312
-0.062835693359375 -0.148788452148438 0.161788940429688 0.181198120117188
0.0323944091796875 -0.165969848632812 0.0794677734375 0.215072631835938
0.1190185546875 -0.115913391113281 -0.0326080322265625 0.164871215820313
0.185562133789063 0.0540771484375 -0.0779800415039062 0.0600967407226563
0.1160888671875 0.170883178710938 0.0773468017578125 0.0448989868164063
-0.0195159912109375 0.194351196289063 0.144500732421875 0.3018798828125
0.12225341796875 -0.0734176635742188 -0.17657470703125 -0.2967529296875
-0.0103759765625 -0.122337341308594 -0.0696487426757813 -0.0801773071289063
-0.0776138305664063 -0.038482666015625 0.0793609619140625 -0.0698699951171875
-0.069305419921875 0.0365219116210938 0.0548248291015625 -0.202804565429688
-0.0216217041015625 0.0663795471191406 -0.0846710205078125 -0.233566284179688
0.0210762023925781 0.0669784545898438 -0.221786499023438 -0.177017211914062
0.0134315490722656 0.0558738708496094 -0.2662353515625 -0.08697509765625
-0.00156021118164063 0.0602569580078125 -0.224929809570313 -0.0395965576171875
-0.0140266418457031 0.0698471069335938 -0.189727783203125 -0.03515625
-0.0599021911621094 0.0453033447265625 -0.157363891601563 -0.045928955078125
-0.0867462158203125 -0.0145721435546875 -0.127220153808594 -0.044189453125
-0.0551071166992188 -0.0924911499023438 -0.139739990234375 -0.0542831420898437
0.0532073974609375 -0.134353637695313 -0.201217651367188 -0.0838775634765625
0.14947509765625 -0.0998077392578125 -0.300933837890625 -0.161590576171875
0.19049072265625 -0.0245513916015625 -0.306488037109375 -0.246551513671875
0.232421875 0.040374755859375 -0.1083984375 -0.31463623046875
0.1263427734375 -0.079254150390625 -0.0271759033203125 -0.0971603393554688
0.0503005981445313 -0.0708389282226563 0.104705810546875 -0.0772933959960938
-0.00157546997070313 -0.0594902038574219 0.0762176513671875 -0.218185424804688
-0.0236473083496094 -0.0369987487792969 -0.0638885498046875 -0.250778198242187
-0.045928955078125 -0.0179939270019531 -0.212417602539063 -0.197357177734375
-0.0753936767578125 0.00301361083984373 -0.2620849609375 -0.100677490234375
-0.0830001831054688 0.00559234619140623 -0.216888427734375 -0.0449676513671875
-0.103408813476563 0.00565338134765627 -0.176300048828125 -0.0403289794921875
-0.116737365722656 -0.044525146484375 -0.14788818359375 -0.043731689453125
-0.0796966552734375 -0.120018005371094 -0.106971740722656 -0.0295562744140625
0.0115814208984375 -0.173736572265625 -0.115982055664063 -0.0358352661132813
0.174789428710937 -0.134445190429687 -0.177093505859375 -0.04876708984375
0.2774658203125 -0.0401763916015625 -0.25848388671875 -0.12762451171875
0.2886962890625 0.080078125 -0.245315551757813 -0.216567993164063
0.309722900390625 0.15582275390625 -0.00900268554687498 -0.28741455078125
0.253036499023438 -0.00872802734375 0.04205322265625 -0.089263916015625
0.18963623046875 -0.0830535888671875 0.140823364257813 -0.0731658935546875
0.0829925537109375 -0.150558471679688 0.10943603515625 -0.214981079101563
-0.011810302734375 -0.142532348632813 -0.0252227783203125 -0.24749755859375
-0.10198974609375 -0.108413696289062 -0.173858642578125 -0.20135498046875
-0.152542114257813 -0.052581787109375 -0.223922729492187 -0.105850219726563
-0.152114868164063 -0.0492401123046875 -0.178070068359375 -0.04425048828125
-0.179229736328125 -0.0542449951171875 -0.132186889648438 -0.0349502563476562
-0.166412353515625 -0.1187744140625 -0.113906860351563 -0.0248641967773437
-0.0810394287109375 -0.205474853515625 -0.0743942260742188 0.000900268554687497
0.0511627197265625 -0.24053955078125 -0.0896682739257813 -0.00502014160156252
0.2589111328125 -0.144622802734375 -0.150299072265625 -0.0126495361328125
0.364532470703125 -0.00396728515625 -0.196884155273438 -0.09320068359375
0.349151611328125 0.15655517578125 -0.1611328125 -0.1556396484375
0.3338623046875 0.255157470703125 0.106948852539063 -0.21148681640625
0.3382568359375 0.0780029296875 0.130821228027344 -0.0535812377929687
0.308837890625 -0.06591796875 0.18072509765625 -0.05303955078125
0.172653198242187 -0.211883544921875 0.146026611328125 -0.184341430664063
0.0158843994140625 -0.228805541992188 0.0250701904296875 -0.214019775390625
-0.136611938476562 -0.188751220703125 -0.10784912109375 -0.1820068359375
-0.205535888671875 -0.104660034179688 -0.15350341796875 -0.097808837890625
-0.198135375976563 -0.094635009765625 -0.111831665039063 -0.0377426147460938
-0.231842041015625 -0.102783203125 -0.0638694763183594 -0.0216445922851563
-0.200592041015625 -0.170166015625 -0.0579071044921875 0.00366210937499998
-0.0818328857421875 -0.2623291015625 -0.0303268432617188 0.0388908386230469
0.072662353515625 -0.281219482421875 -0.0605850219726562 0.0284500122070312
0.305877685546875 -0.146209716796875 -0.120918273925781 0.0134353637695312
0.405731201171875 0.02459716796875 -0.124191284179687 -0.0696334838867188
0.3624267578125 0.208984375 -0.0619277954101562 -0.0789871215820312
0.295440673828125 0.31243896484375 0.2196044921875 -0.0997314453125
0.349700927734375 0.1612548828125 0.220855712890625 0.00782775878906251
0.368865966796875 -0.013671875 0.212997436523438 -0.015869140625
0.243392944335937 -0.2193603515625 0.176361083984375 -0.12725830078125
0.0543670654296875 -0.270004272460938 0.0749664306640625 -0.154693603515625
-0.139663696289063 -0.241256713867187 -0.0290374755859375 -0.13812255859375
-0.222946166992188 -0.142974853515625 -0.0628509521484375 -0.07574462890625
-0.2137451171875 -0.1268310546875 -0.0286712646484375 -0.0243186950683594
-0.251663208007813 -0.135345458984375 0.0177860260009765 -0.00213050842285157
-0.208908081054687 -0.198776245117187 0.00996017456054686 0.0379753112792969
-0.070587158203125 -0.285797119140625 0.016876220703125 0.0786972045898437
0.091888427734375 -0.28656005859375 -0.0351982116699219 0.0622749328613281
0.3199462890625 -0.123291015625 -0.09478759765625 0.0271224975585938
0.394989013671875 0.060943603515625 -0.0506706237792969 -0.0546379089355469
0.325439453125 0.241058349609375 0.0363426208496094 0.00777435302734377
0.2001953125 0.311798095703125 0.306732177734375 0.02728271484375
0.2813720703125 0.2119140625 0.290496826171875 0.08172607421875
0.344085693359375 0.052886962890625 0.229629516601563 0.0237579345703125
0.265228271484375 -0.169815063476563 0.185989379882813 -0.0592041015625
0.0887298583984375 -0.25189208984375 0.110130310058594 -0.08074951171875
-0.113555908203125 -0.249649047851563 0.0458831787109375 -0.0792617797851563
-0.203598022460937 -0.1571044921875 0.0319023132324219 -0.0433006286621094
-0.196945190429688 -0.137435913085937 0.0577659606933594 -0.00684356689453126
-0.233901977539063 -0.149856567382812 0.100502014160156 0.0204238891601562
-0.189453125 -0.203643798828125 0.0786590576171875 0.0760421752929687
-0.047393798828125 -0.2784423828125 0.0593338012695313 0.119293212890625
0.108612060546875 -0.259384155273438 -0.0159835815429687 0.0966262817382812
0.306640625 -0.077056884765625 -0.0768814086914062 0.038665771484375
0.341705322265625 0.104827880859375 0.0123291015625 -0.0363922119140625
0.244766235351563 0.255050659179688 0.119033813476563 0.0999526977539063
0.070526123046875 0.250503540039063 0.35321044921875 0.13812255859375
0.155059814453125 0.212158203125 0.323394775390625 0.146087646484375
0.242355346679688 0.104171752929688 0.223709106445313 0.054779052734375
0.22882080078125 -0.08642578125 0.177734375 0.00123596191406249
0.1021728515625 -0.182464599609375 0.124176025390625 -0.0138397216796875
-0.066162109375 -0.210769653320313 0.103080749511719 -0.0195388793945313
-0.150894165039063 -0.1444091796875 0.11279296875 -0.00651550292968751
-0.150070190429688 -0.126190185546875 0.134895324707031 0.0133438110351562
-0.182846069335938 -0.141525268554687 0.171905517578125 0.0474853515625
-0.144577026367188 -0.18304443359375 0.138267517089844 0.117240905761719
-0.018829345703125 -0.2371826171875 0.089935302734375 0.161285400390625
0.11474609375 -0.205322265625 -0.00833892822265623 0.132186889648438
0.264602661132812 -0.022430419921875 -0.0691680908203125 0.0518608093261719
0.253021240234375 0.140304565429687 0.0590858459472656 -0.00612640380859374
0.133529663085938 0.24212646484375 0.1702880859375 0.1944580078125
-0.07135009765625 0.147247314453125 0.356170654296875 0.207275390625
0.00759887695312499 0.16748046875 0.323577880859375 0.1768798828125
0.0973968505859375 0.125152587890625 0.205551147460938 0.0638885498046875
0.146087646484375 0.003875732421875 0.1583251953125 0.0354766845703125
0.09130859375 -0.084381103515625 0.122589111328125 0.0298538208007812
-0.011260986328125 -0.135330200195313 0.136695861816406 0.0241775512695312
-0.07513427734375 -0.107246398925781 0.168136596679687 0.0223541259765625
-0.0814895629882813 -0.0948944091796875 0.189910888671875 0.0305328369140625
-0.106338500976563 -0.109893798828125 0.224105834960938 0.0737152099609375
-0.083282470703125 -0.136138916015625 0.182693481445313 0.155487060546875
0.00723266601562499 -0.168655395507813 0.107070922851563 0.199935913085937
0.100608825683594 -0.130943298339844 -0.010009765625 0.165451049804688
0.19073486328125 0.025970458984375 -0.0707473754882813 0.068817138671875
0.137588500976563 0.149642944335938 0.0798797607421875 0.0316543579101563
0.0067901611328125 0.193771362304688 0.18450927734375 0.276123046875
0.107894897460938 -0.084320068359375 -0.207015991210938 -0.260177612304688
-0.025848388671875 -0.115226745605469 -0.077850341796875 -0.065765380859375
-0.0779266357421875 -0.0280685424804688 0.0703201293945313 -0.0750732421875
-0.0607147216796875 0.0438575744628906 0.0291900634765625 -0.200531005859375
-0.0124015808105469 0.0656204223632813 -0.108123779296875 -0.212936401367188
0.0267524719238281 0.0613288879394531 -0.231552124023438 -0.140487670898438
0.0196189880371094 0.0515480041503906 -0.263641357421875 -0.04815673828125
0.0073394775390625 0.0572052001953125 -0.21771240234375 -0.00817871093749997
-0.00271224975585937 0.06817626953125 -0.185836791992188 -0.00837707519531246
-0.0497817993164063 0.0512733459472656 -0.156539916992188 -0.0225982666015625
-0.0840530395507813 -0.00295257568359376 -0.13134765625 -0.0252151489257813
-0.0645523071289062 -0.080078125 -0.14410400390625 -0.0358428955078125
0.0342559814453125 -0.134017944335938 -0.201446533203125 -0.060699462890625
0.130966186523438 -0.1138916015625 -0.306610107421875 -0.1199951171875
0.180068969726563 -0.045989990234375 -0.32830810546875 -0.199127197265625
0.2291259765625 0.009002685546875 -0.145721435546875 -0.288299560546875
0.109672546386719 -0.0931243896484375 -0.0394744873046875 -0.0870742797851563
0.0399246215820312 -0.0746917724609375 0.09429931640625 -0.0853424072265625
-0.0105094909667969 -0.0573196411132813 0.0486907958984375 -0.218154907226563
-0.0277919769287109 -0.0324897766113281 -0.0889434814453125 -0.23187255859375
-0.0468482971191406 -0.0103073120117188 -0.225204467773438 -0.161834716796875
-0.0730514526367188 0.0120773315429687 -0.262344360351563 -0.062347412109375
-0.0776596069335937 0.0170135498046875 -0.211135864257813 -0.012939453125
-0.0970611572265625 0.0191497802734375 -0.17279052734375 -0.01422119140625
-0.117515563964844 -0.0254135131835937 -0.148391723632813 -0.019012451171875
-0.0930099487304688 -0.104583740234375 -0.108909606933594 -0.0130233764648438
-0.011688232421875 -0.165908813476563 -0.1201171875 -0.0217666625976563
0.148544311523438 -0.150833129882813 -0.176071166992188 -0.0301971435546875
0.259674072265625 -0.073455810546875 -0.262115478515625 -0.0930633544921875
0.28741455078125 0.0406494140625 -0.2674560546875 -0.177001953125
0.31719970703125 0.110015869140625 -0.0464019775390625 -0.27459716796875
0.239654541015625 -0.041015625 0.0277938842773438 -0.0900344848632813
0.171127319335938 -0.104782104492187 0.128334045410156 -0.0839996337890625
0.0596771240234375 -0.156265258789062 0.08026123046875 -0.21710205078125
-0.03057861328125 -0.134223937988281 -0.0517730712890625 -0.232269287109375
-0.11444091796875 -0.0897750854492188 -0.187973022460938 -0.170700073242187
-0.152374267578125 -0.029449462890625 -0.225509643554687 -0.0715789794921875
-0.151412963867188 -0.025634765625 -0.172714233398438 -0.017669677734375
-0.178024291992187 -0.027374267578125 -0.130439758300781 -0.0147628784179688
-0.175308227539063 -0.0879669189453125 -0.111846923828125 -0.00453948974609375
-0.104995727539062 -0.185699462890625 -0.0735855102539062 0.012603759765625
0.0168914794921875 -0.236740112304688 -0.0911331176757813 0.00431823730468747
0.228469848632812 -0.172836303710937 -0.146881103515625 0.00344848632812497
0.3480224609375 -0.0531005859375 -0.200225830078125 -0.0675811767578125
0.35626220703125 0.1065673828125 -0.178009033203125 -0.128250122070313
0.353057861328125 0.200836181640625 0.0753631591796875 -0.216049194335938
0.3314208984375 0.029022216796875 0.116302490234375 -0.0661697387695313
0.28668212890625 -0.103912353515625 0.169357299804688 -0.0682830810546875
0.136886596679688 -0.2265625 0.120712280273438 -0.19183349609375
-0.0151214599609375 -0.221450805664062 -3.05175781249918E-05 -0.206573486328125
-0.157577514648438 -0.16119384765625 -0.124801635742188 -0.162094116210937
-0.2103271484375 -0.0725860595703125 -0.157577514648438 -0.0734100341796875
-0.201553344726563 -0.0637359619140625 -0.1112060546875 -0.0197982788085938
-0.235275268554688 -0.065704345703125 -0.0649757385253907 -0.0107345581054687
-0.215438842773438 -0.133590698242188 -0.05517578125 0.0149345397949219
-0.113555908203125 -0.239089965820312 -0.0257911682128906 0.0421104431152343
0.030853271484375 -0.279434204101563 -0.059600830078125 0.0335578918457031
0.272537231445313 -0.181365966796875 -0.116287231445312 0.0240936279296875
0.38916015625 -0.03173828125 -0.128791809082031 -0.0539703369140625
0.375030517578125 0.15386962890625 -0.0737533569335937 -0.0669631958007813
0.32366943359375 0.25982666015625 0.197067260742188 -0.124176025390625
0.353118896484375 0.107147216796875 0.210617065429688 -0.01788330078125
0.35009765625 -0.06207275390625 0.205337524414063 -0.036102294921875
0.201126098632813 -0.244232177734375 0.155929565429688 -0.1395263671875
0.01629638671875 -0.264328002929687 0.0559234619140625 -0.15606689453125
-0.167221069335938 -0.210113525390625 -0.0448150634765625 -0.130882263183594
-0.232040405273437 -0.1070556640625 -0.0689353942871094 -0.0649337768554688
-0.222122192382812 -0.090789794921875 -0.0318450927734375 -0.0170879364013672
-0.258026123046875 -0.0943756103515626 0.0154199600219726 -0.00343704223632813
-0.227401733398438 -0.158554077148438 0.0127830505371094 0.0385322570800781
-0.108078002929688 -0.263809204101563 0.0255508422851562 0.0726394653320312
0.047607421875 -0.28717041015625 -0.0290489196777344 0.062164306640625
0.288818359375 -0.1622314453125 -0.089874267578125 0.0351181030273437
0.383575439453125 0.0052490234375 -0.0574913024902344 -0.0479049682617187
0.34368896484375 0.190338134765625 0.0326499938964844 0.00316238403320314
0.231887817382813 0.271041870117188 0.298431396484375 -0.01422119140625
0.294281005859375 0.165740966796875 0.285369873046875 0.04339599609375
0.335693359375 0.006072998046875 0.22381591796875 -0.0002288818359375
0.230636596679688 -0.197601318359375 0.175140380859375 -0.07562255859375
0.0508575439453125 -0.251617431640625 0.0974578857421875 -0.0909881591796875
-0.142913818359375 -0.222640991210938 0.0342864990234375 -0.08404541015625
-0.215545654296875 -0.122421264648437 0.0240020751953125 -0.0455741882324219
-0.205947875976563 -0.1036376953125 0.0530128479003906 -0.012786865234375
-0.243759155273438 -0.110260009765625 0.096832275390625 0.00759887695312499
-0.208999633789063 -0.167266845703125 0.0839080810546875 0.064697265625
-0.0848236083984375 -0.259262084960938 0.070770263671875 0.106330871582031
0.068389892578125 -0.264419555664063 -0.006591796875 0.092254638671875
0.28265380859375 -0.115264892578125 -0.072113037109375 0.0445175170898437
0.3388671875 0.053192138671875 0.00502777099609377 -0.037567138671875
0.267593383789063 0.212310791015625 0.123336791992188 0.0812911987304688
0.099639892578125 0.230575561523438 0.357177734375 0.0875244140625
0.1754150390625 0.181198120117188 0.328033447265625 0.101898193359375
0.245330810546875 0.0686798095703125 0.222320556640625 0.0303955078125
0.205368041992188 -0.11334228515625 0.173233032226563 -0.0175628662109375
0.0729522705078125 -0.187286376953125 0.119735717773438 -0.0292434692382813
-0.0924224853515625 -0.191085815429687 0.0969009399414063 -0.0347442626953125
-0.163742065429688 -0.118438720703125 0.10589599609375 -0.0222320556640625
-0.160247802734375 -0.100448608398437 0.12738037109375 -0.00308227539062501
-0.194686889648438 -0.110137939453125 0.167861938476563 0.0228424072265625
-0.16314697265625 -0.154205322265625 0.145431518554688 0.0962066650390625
-0.0493927001953125 -0.223846435546875 0.106414794921875 0.141693115234375
0.0821685791015625 -0.210678100585938 0.00562286376953126 0.125808715820313
0.24981689453125 -0.0563201904296875 -0.0619049072265625 0.0565834045410156
0.258270263671875 0.097900390625 0.0537872314453125 -0.0144157409667969
0.158309936523438 0.214401245117188 0.185775756835938 0.163589477539063
-0.0476226806640625 0.147369384765625 0.37030029296875 0.1534423828125
0.0286407470703125 0.155502319335938 0.333099365234375 0.13043212890625
0.110176086425781 0.10687255859375 0.204238891601562 0.0398406982421875
0.139434814453125 -0.017547607421875 0.159683227539063 0.01849365234375
0.0754013061523438 -0.0933074951171875 0.123008728027344 0.0134735107421875
-0.0310745239257813 -0.126930236816406 0.134254455566406 0.00421905517578124
-0.086029052734375 -0.0919189453125 0.162445068359375 -0.00140380859375001
-0.090850830078125 -0.0798568725585938 0.183624267578125 0.00540161132812499
-0.116340637207031 -0.091552734375 0.223068237304688 0.039947509765625
-0.0976409912109375 -0.1180419921875 0.192886352539063 0.124542236328125
-0.015411376953125 -0.161529541015625 0.127944946289063 0.176620483398438
0.0804595947265625 -0.138053894042969 0.00971984863281252 0.159133911132813
0.186080932617188 -0.001434326171875 -0.0611495971679688 0.0734939575195312
0.148406982421875 0.1234130859375 0.0768356323242188 0.0189361572265625
0.0299530029296875 0.183578491210938 0.209991455078125 0.240798950195313
0.0945053100585938 -0.0891647338867188 -0.224411010742188 -0.2255859375
-0.035430908203125 -0.106689453125 -0.0809860229492188 -0.0517654418945313
-0.0756072998046875 -0.0191802978515625 0.0618057250976562 -0.0766983032226563
-0.0528488159179688 0.0473594665527344 0.00932312011718751 -0.193283081054688
-0.00415039062499999 0.0626029968261719 -0.121841430664063 -0.191635131835938
0.0322265625 0.05535888671875 -0.230392456054687 -0.10931396484375
0.0239944458007813 0.0469703674316406 -0.252792358398438 -0.018280029296875
0.0135498046875 0.0538711547851562 -0.20501708984375 0.015167236328125
0.00487899780273438 0.0657501220703125 -0.175613403320313 0.0135040283203125
-0.041168212890625 0.0539398193359375 -0.151092529296875 -0.0024261474609375
-0.078826904296875 0.00703430175781249 -0.129188537597656 -0.00925445556640624
-0.0694007873535156 -0.0688438415527344 -0.144607543945313 -0.0214080810546875
0.0187225341796875 -0.130035400390625 -0.196609497070313 -0.041748046875
0.112556457519531 -0.119285583496094 -0.302154541015625 -0.087158203125
0.16729736328125 -0.061492919921875 -0.334625244140625 -0.15692138671875
0.218963623046875 -0.013153076171875 -0.168548583984375 -0.257308959960938
0.0948867797851563 -0.0992660522460938 -0.047393798828125 -0.0768280029296875
0.03106689453125 -0.077056884765625 0.0828628540039063 -0.0871505737304688
-0.0155982971191406 -0.0548477172851562 0.0270233154296875 -0.2115478515625
-0.0302734375 -0.0286998748779297 -0.104629516601563 -0.21075439453125
-0.0470199584960938 -0.00378036499023439 -0.227447509765625 -0.131271362304688
-0.06744384765625 0.0207595825195313 -0.25262451171875 -0.0314178466796875
-0.0708694458007813 0.0247421264648437 -0.199508666992188 0.00979614257812503
-0.0891036987304688 0.0298614501953125 -0.164947509765625 0.00637817382812501
-0.112144470214844 -0.0108871459960938 -0.141525268554688 -0.000610351562500006
-0.0977096557617188 -0.0883407592773438 -0.107978820800781 0.000709533691406221
-0.0291595458984375 -0.156814575195313 -0.120697021484375 -0.0105438232421875
0.125640869140625 -0.157241821289063 -0.169479370117188 -0.0140380859375
0.238235473632812 -0.095947265625 -0.257919311523438 -0.0661468505859375
0.277908325195313 0.0101318359375 -0.274017333984375 -0.140914916992187
0.31317138671875 0.072845458984375 -0.0735321044921875 -0.25469970703125
0.221694946289063 -0.06427001953125 0.0162353515625 -0.0849075317382812
0.151504516601563 -0.118255615234375 0.116424560546875 -0.0888595581054688
0.03857421875 -0.155288696289063 0.058837890625 -0.212905883789063
-0.044036865234375 -0.125076293945313 -0.068572998046875 -0.2152099609375
-0.118820190429688 -0.0709381103515625 -0.19354248046875 -0.143463134765625
-0.148880004882813 -0.0122528076171875 -0.219863891601563 -0.044158935546875
-0.145660400390625 -0.00823974609374997 -0.165130615234375 0.00263977050781251
-0.17169189453125 -0.00550842285156247 -0.124870300292969 0.00199127197265627
-0.174560546875 -0.0632781982421875 -0.105918884277344 0.0100250244140625
-0.11993408203125 -0.163467407226563 -0.0702743530273438 0.0209846496582031
-0.010833740234375 -0.226898193359375 -0.0910186767578125 0.0124359130859375
0.198593139648438 -0.18701171875 -0.139701843261719 0.0135726928710937
0.3238525390625 -0.085540771484375 -0.197402954101562 -0.04705810546875
0.34857177734375 0.06488037109375 -0.18548583984375 -0.103012084960938
0.3555908203125 0.154693603515625 0.046966552734375 -0.212677001953125
0.314483642578125 -0.00628662109375 0.102638244628906 -0.0716018676757813
0.26123046875 -0.12823486328125 0.155792236328125 -0.0776214599609375
0.1044921875 -0.2305908203125 0.099365234375 -0.192123413085938
-0.038665771484375 -0.207855224609375 -0.016754150390625 -0.196533203125
-0.167205810546875 -0.133743286132812 -0.133255004882813 -0.142013549804688
-0.207244873046875 -0.0461578369140625 -0.157089233398438 -0.052825927734375
-0.197189331054688 -0.0377655029296875 -0.106666564941406 -0.00499725341796876
-0.229415893554688 -0.034759521484375 -0.0631484985351563 -0.00169754028320313
-0.217010498046875 -0.099456787109375 -0.0508804321289063 0.0236053466796875
-0.135467529296875 -0.213272094726563 -0.0222625732421875 0.0442390441894531
-0.00146484374999997 -0.26800537109375 -0.0584335327148438 0.0367164611816406
0.238372802734375 -0.200881958007813 -0.109962463378906 0.031982421875
0.364776611328125 -0.071136474609375 -0.129013061523437 -0.0403671264648438
0.371795654296875 0.109344482421875 -0.0799407958984375 -0.0541915893554688
0.332977294921875 0.212921142578125 0.174423217773438 -0.13720703125
0.3441162109375 0.065093994140625 0.195724487304688 -0.036346435546875
0.3255615234375 -0.094024658203125 0.192703247070313 -0.05072021484375
0.165069580078125 -0.251678466796875 0.137786865234375 -0.145965576171875
-0.0133819580078125 -0.253219604492188 0.040283203125 -0.153411865234375
-0.18243408203125 -0.179061889648438 -0.0548171997070312 -0.121871948242188
-0.232406616210938 -0.0756072998046875 -0.0727157592773438 -0.0540618896484375
-0.219268798828125 -0.0618743896484375 -0.0317764282226563 -0.0114040374755859
-0.25506591796875 -0.0600433349609375 0.0127239227294922 -0.0032339096069336
-0.231796264648438 -0.123291015625 0.0159111022949219 0.0379142761230469
-0.132659912109375 -0.237808227539062 0.0295829772949219 0.0683250427246094
0.0134735107421875 -0.277755737304688 -0.0264968872070313 0.0611190795898437
0.255950927734375 -0.18389892578125 -0.0847320556640625 0.0407562255859375
0.36273193359375 -0.036773681640625 -0.0606765747070312 -0.04132080078125
0.344818115234375 0.14697265625 0.0279521942138672 0.00115966796875001
0.248214721679688 0.231109619140625 0.281646728515625 -0.04339599609375
0.29425048828125 0.12481689453125 0.273941040039063 0.014739990234375
0.318359375 -0.029388427734375 0.213653564453125 -0.017120361328125
0.1962890625 -0.212905883789062 0.161666870117188 -0.087249755859375
0.02069091796875 -0.244400024414063 0.0867156982421875 -0.0957107543945313
-0.16015625 -0.193344116210938 0.0246200561523437 -0.0857009887695313
-0.217727661132813 -0.092071533203125 0.0176315307617187 -0.0467758178710938
-0.207015991210938 -0.0757293701171875 0.0479888916015625 -0.0151023864746094
-0.243576049804687 -0.0763092041015625 0.0905303955078125 -0.0016021728515625
-0.21551513671875 -0.133590698242187 0.0848922729492187 0.0553207397460938
-0.10986328125 -0.235885620117188 0.0773544311523438 0.09417724609375
0.0355377197265625 -0.258056640625 -0.000686645507812499 0.088226318359375
0.256256103515625 -0.140289306640625 -0.0666046142578125 0.0486602783203125
0.324615478515625 0.014007568359375 -0.00136947631835936 -0.0370292663574219
0.274642944335938 0.17523193359375 0.123191833496094 0.0655059814453125
0.119049072265625 0.205047607421875 0.349212646484375 0.046722412109375
0.1832275390625 0.153274536132813 0.31988525390625 0.065093994140625
0.238922119140625 0.0398406982421875 0.214431762695313 0.01141357421875
0.182846069335938 -0.128936767578125 0.166152954101563 -0.0312347412109375
0.0484771728515625 -0.186264038085938 0.11370849609375 -0.038299560546875
-0.108932495117188 -0.169525146484375 0.0889053344726563 -0.0447998046875
-0.167266845703125 -0.0925445556640625 0.0982589721679687 -0.0331039428710938
-0.162887573242188 -0.0778961181640625 0.119766235351562 -0.0152511596679688
-0.196578979492188 -0.081573486328125 0.160903930664063 0.00526428222656249
-0.171234130859375 -0.126388549804688 0.146514892578125 0.076446533203125
-0.073272705078125 -0.207748413085938 0.114501953125 0.12396240234375
0.0546875 -0.209762573242188 0.0159225463867188 0.117424011230469
0.231109619140625 -0.080780029296875 -0.0562171936035156 0.0598411560058594
0.253433227539062 0.0672760009765625 0.0459480285644531 -0.0196266174316406
0.1712646484375 0.1875 0.190994262695313 0.1368408203125
-0.0291595458984375 0.142745971679688 0.369659423828125 0.107879638671875
0.0422515869140625 0.143951416015625 0.32757568359375 0.093475341796875
0.114082336425781 0.090240478515625 0.199615478515625 0.02203369140625
0.129707336425781 -0.0304489135742187 0.156219482421875 0.002685546875
0.0608978271484375 -0.0965957641601563 0.121726989746094 0.000267028808593744
-0.0434188842773438 -0.115982055664063 0.127410888671875 -0.0127334594726563
-0.0912704467773438 -0.0765533447265625 0.153732299804688 -0.0196990966796875
-0.0943527221679688 -0.0658645629882813 0.17242431640625 -0.01312255859375
-0.121376037597656 -0.0730056762695313 0.213287353515625 0.0168304443359375
-0.105232238769531 -0.101585388183594 0.193801879882813 0.099822998046875
-0.0324249267578125 -0.15252685546875 0.1380615234375 0.15435791015625
0.0617752075195312 -0.14019775390625 0.023040771484375 0.14813232421875
0.17572021484375 -0.0199127197265625 -0.0533065795898437 0.0753021240234375
0.152206420898438 0.102371215820312 0.07281494140625 0.00953674316406251
0.0457611083984375 0.1708984375 0.22247314453125 0.205841064453125
0.0845489501953125 -0.0917129516601563 -0.233352661132812 -0.196197509765625
-0.0429153442382813 -0.0991363525390625 -0.0820770263671875 -0.040008544921875
-0.0741119384765625 -0.0135040283203125 0.0566329956054687 -0.0764846801757813
-0.0466117858886719 0.0497245788574219 -0.00532531738281251 -0.186553955078125
0.00103759765625001 0.0602302551269531 -0.129196166992188 -0.174118041992188
0.0354080200195313 0.0514907836914063 -0.226882934570312 -0.0863037109375001
0.0271987915039062 0.0429153442382813 -0.24176025390625 0.00323486328125005
0.0193214416503906 0.0504837036132813 -0.192642211914063 0.0317230224609375
0.0112190246582031 0.0622406005859375 -0.166015625 0.0289459228515625
-0.0337715148925781 0.0546417236328125 -0.144119262695313 0.0120086669921875
-0.0737533569335938 0.013397216796875 -0.127128601074219 0.00304412841796874
-0.0719223022460938 -0.0602340698242187 -0.143508911132812 -0.00962829589843752
0.00732421874999999 -0.124519348144531 -0.191207885742188 -0.029205322265625
0.0982437133789063 -0.123390197753906 -0.2965087890625 -0.063323974609375
0.15673828125 -0.0723419189453125 -0.33563232421875 -0.123138427734375
0.20928955078125 -0.0288848876953125 -0.182586669921875 -0.231353759765625
0.0825347900390625 -0.102813720703125 -0.0517692565917969 -0.0665245056152344
0.0237655639648438 -0.077880859375 0.0754547119140625 -0.08856201171875
-0.0200538635253906 -0.0518836975097656 0.0109710693359375 -0.204299926757813
-0.0322933197021484 -0.0250740051269531 -0.115203857421875 -0.194381713867187
-0.0467033386230469 0.00164794921874999 -0.22613525390625 -0.107009887695313
-0.0628623962402344 0.0257415771484375 -0.242706298828125 -0.00848388671874999
-0.0646858215332031 0.0295066833496094 -0.1881103515625 0.0263671875
-0.08209228515625 0.036407470703125 -0.15667724609375 0.02166748046875
-0.107475280761719 0.000717163085937498 -0.134872436523438 0.0136871337890625
-0.100982666015625 -0.0754776000976563 -0.10504150390625 0.0103683471679687
-0.04156494140625 -0.1474609375 -0.120834350585938 -0.0004730224609375
0.107879638671875 -0.160354614257813 -0.16424560546875 -0.00451660156249999
0.220474243164063 -0.112457275390625 -0.25286865234375 -0.0469207763671875
0.268295288085938 -0.0117645263671875 -0.2769775390625 -0.11224365234375
0.3060302734375 0.044769287109375 -0.092071533203125 -0.237228393554688
0.205596923828125 -0.079925537109375 0.00757598876953126 -0.0796661376953125
0.135879516601563 -0.1268310546875 0.107666015625 -0.0914306640625
0.022857666015625 -0.152877807617188 0.042205810546875 -0.207855224609375
-0.0537261962890625 -0.115814208984375 -0.080047607421875 -0.200607299804688
-0.120498657226563 -0.0557632446289062 -0.195632934570313 -0.12322998046875
-0.143951416015625 0.00241088867187503 -0.212158203125 -0.0235137939453125
-0.138946533203125 0.00561523437499997 -0.156463623046875 0.0178070068359375
-0.163345336914062 0.0112457275390625 -0.119514465332031 0.0145645141601563
-0.1712646484375 -0.0431671142578125 -0.10052490234375 0.0213470458984375
-0.129287719726562 -0.14447021484375 -0.0674781799316406 0.0268936157226562
-0.0306243896484375 -0.215316772460937 -0.091766357421875 0.0190353393554687
0.173477172851563 -0.1951904296875 -0.134437561035156 0.020843505859375
0.302215576171875 -0.10986328125 -0.194305419921875 -0.0323944091796875
0.34039306640625 0.035064697265625 -0.188934326171875 -0.0824737548828125
0.3525390625 0.118988037109375 0.0270843505859375 -0.2073974609375
0.299163818359375 -0.03179931640625 0.0904769897460938 -0.074371337890625
0.239669799804688 -0.145065307617188 0.146331787109375 -0.0822601318359375
0.078369140625 -0.22967529296875 0.083770751953125 -0.190460205078125
-0.05584716796875 -0.19482421875 -0.0280609130859375 -0.18707275390625
-0.173095703125 -0.110809326171875 -0.137245178222656 -0.126235961914063
-0.202423095703125 -0.0247802734375 -0.1534423828125 -0.0370025634765625
-0.191757202148438 -0.0182342529296875 -0.101463317871094 0.00630187988281252
-0.222610473632813 -0.011444091796875 -0.060638427734375 0.00544357299804688
-0.215652465820313 -0.074005126953125 -0.0467758178710938 0.03009033203125
-0.149520874023438 -0.190826416015625 -0.0192375183105469 0.0452384948730469
-0.0268402099609375 -0.256210327148438 -0.0579795837402344 0.0402984619140625
0.210357666015625 -0.212539672851563 -0.105453491210938 0.0370254516601562
0.3419189453125 -0.10009765625 -0.128700256347656 -0.03125
0.366180419921875 0.074859619140625 -0.0837478637695312 -0.0443115234375
0.3365478515625 0.17578125 0.1551513671875 -0.146270751953125
0.331878662109375 0.033416748046875 0.181900024414063 -0.047210693359375
0.304168701171875 -0.117828369140625 0.182647705078125 -0.058837890625
0.135040283203125 -0.25567626953125 0.124725341796875 -0.148605346679688
-0.0351409912109375 -0.24017333984375 0.0303955078125 -0.150314331054688
-0.191070556640625 -0.153106689453125 -0.061187744140625 -0.113670349121094
-0.22906494140625 -0.050567626953125 -0.074005126953125 -0.0457839965820313
-0.2144775390625 -0.0392608642578125 -0.0312919616699219 -0.00631332397460937
-0.249557495117187 -0.032379150390625 0.0107326507568359 -0.00308322906494141
-0.231582641601563 -0.095001220703125 0.0184555053710937 0.0377616882324219
-0.149581909179688 -0.214813232421875 0.0325431823730469 0.0630111694335937
-0.0128021240234375 -0.26715087890625 -0.0251350402832031 0.0614395141601562
0.229461669921875 -0.198898315429688 -0.0807723999023437 0.0448760986328125
0.34283447265625 -0.06707763671875 -0.0641593933105468 -0.0366325378417969
0.3426513671875 0.112548828125 0.0246696472167969 -1.71661376953056E-05
0.25640869140625 0.19940185546875 0.265472412109375 -0.064666748046875
0.28973388671875 0.094696044921875 0.261489868164062 -0.00497436523437499
0.30255126953125 -0.054473876953125 0.204498291015625 -0.0283355712890625
0.16778564453125 -0.220428466796875 0.152023315429688 -0.09320068359375
-0.00210571289062498 -0.235198974609375 0.0791091918945313 -0.0979690551757813
-0.1715087890625 -0.168716430664063 0.0167388916015625 -0.085601806640625
-0.216583251953125 -0.0679168701171875 0.0126762390136719 -0.0461578369140625
-0.204803466796875 -0.0538330078125 0.0439414978027344 -0.0168724060058594
-0.24078369140625 -0.0498046875 0.0851364135742187 -0.008148193359375
-0.218124389648438 -0.106460571289062 0.08544921875 0.0480728149414062
-0.127761840820313 -0.216049194335937 0.0807571411132813 0.0840377807617188
0.0100250244140625 -0.25042724609375 0.00238037109374999 0.0847702026367187
0.232147216796875 -0.156509399414063 -0.0633659362792969 0.0514984130859375
0.31011962890625 -0.0146484375 -0.00672912597656248 -0.0367660522460938
0.278579711914063 0.145523071289063 0.122138977050781 0.053436279296875
0.130523681640625 0.184432983398438 0.339202880859375 0.016021728515625
0.185699462890625 0.1304931640625 0.309326171875 0.0394287109375
0.231887817382812 0.0191192626953125 0.207138061523438 -0.000915527343749999
0.162368774414062 -0.139724731445312 0.160308837890625 -0.04071044921875
0.0296783447265625 -0.182113647460938 0.108802795410156 -0.0461349487304688
-0.120162963867188 -0.150863647460938 0.0804290771484375 -0.05218505859375
-0.168075561523438 -0.0729522705078125 0.0897979736328125 -0.0401840209960938
-0.16259765625 -0.059814453125 0.112403869628906 -0.0236053466796875
-0.19622802734375 -0.0598907470703125 0.152511596679688 -0.00726318359375
-0.175079345703125 -0.104598999023437 0.145263671875 0.0630645751953125
-0.0896759033203125 -0.192092895507813 0.118354797363281 0.109199523925781
0.033416748046875 -0.205780029296875 0.0216751098632813 0.111122131347656
0.21380615234375 -0.0976715087890625 -0.0519332885742187 0.0619888305664062
0.24652099609375 0.0419921875 0.0405349731445313 -0.0231704711914062
0.178863525390625 0.166534423828125 0.193496704101563 0.115264892578125
-0.01666259765625 0.136604309082031 0.3653564453125 0.072296142578125
0.051116943359375 0.133621215820313 0.320831298828125 0.065338134765625
0.11712646484375 0.0771865844726563 0.194381713867188 0.00982666015625001
0.120590209960938 -0.0411605834960938 0.153945922851562 -0.0070648193359375
0.0488967895507813 -0.0973587036132813 0.118492126464844 -0.010009765625
-0.052490234375 -0.105194091796875 0.121070861816406 -0.0244674682617188
-0.0942611694335937 -0.0642166137695313 0.14459228515625 -0.0325164794921875
-0.0971145629882812 -0.0545120239257813 0.16302490234375 -0.0261383056640625
-0.123649597167969 -0.0594558715820312 0.203887939453125 -0.001220703125
-0.11004638671875 -0.0870742797851562 0.192184448242188 0.0801239013671875
-0.04534912109375 -0.143081665039063 0.142868041992188 0.135787963867188
0.0470962524414062 -0.139503479003906 0.031280517578125 0.140304565429688
0.166107177734375 -0.0340728759765625 -0.0482559204101562 0.0765457153320313
0.152328491210937 0.0851898193359375 0.0694198608398438 0.00313568115234376
0.05670166015625 0.16064453125 0.229888916015625 0.177902221679688
0.0768661499023438 -0.0943374633789063 -0.24261474609375 -0.171005249023437
-0.0500869750976563 -0.0936050415039063 -0.0818405151367188 -0.0292129516601563
-0.0734405517578125 -0.00890350341796875 0.0525970458984375 -0.0775909423828125
-0.0413703918457031 0.0517578125 -0.0174560546875 -0.18048095703125
0.00526046752929687 0.058746337890625 -0.138137817382813 -0.160797119140625
0.0392684936523438 0.0470619201660156 -0.225006103515625 -0.06646728515625
0.0299110412597656 0.0392074584960937 -0.232925415039063 0.022247314453125
0.0241355895996094 0.0469093322753906 -0.183120727539063 0.046234130859375
0.0175514221191406 0.0589981079101563 -0.158172607421875 0.0425872802734375
-0.027008056640625 0.0560722351074219 -0.138229370117188 0.0245895385742188
-0.0696144104003906 0.01922607421875 -0.125228881835938 0.0149002075195312
-0.0740509033203125 -0.0521774291992188 -0.1435546875 0.0015411376953125
-0.00226593017578124 -0.121429443359375 -0.188629150390625 -0.0185089111328125
0.0865554809570313 -0.128143310546875 -0.293548583984375 -0.04266357421875
0.1474609375 -0.0824432373046875 -0.340057373046875 -0.093292236328125
0.203094482421875 -0.044097900390625 -0.196548461914063 -0.20941162109375
0.0710220336914063 -0.106704711914063 -0.0556106567382813 -0.0576629638671875
0.0173110961914063 -0.0791168212890625 0.0706863403320313 -0.0898895263671875
-0.0249557495117187 -0.049163818359375 -0.00250244140625 -0.199081420898438
-0.0342292785644531 -0.0210018157958984 -0.124435424804687 -0.181289672851563
-0.0453262329101563 0.00708389282226563 -0.226043701171875 -0.0871734619140625
-0.0592498779296875 0.0311546325683594 -0.234939575195313 0.01055908203125
-0.059478759765625 0.03448486328125 -0.178787231445313 0.0420684814453125
-0.0749893188476562 0.0432891845703125 -0.149826049804688 0.035003662109375
-0.103485107421875 0.0101318359375 -0.129180908203125 0.0262298583984375
-0.104148864746094 -0.0636215209960938 -0.103195190429688 0.019989013671875
-0.0523757934570313 -0.139198303222656 -0.121910095214844 0.00920867919921875
0.09228515625 -0.163864135742188 -0.161392211914062 0.00364685058593751
0.2049560546875 -0.126693725585937 -0.250869750976563 -0.029205322265625
0.26129150390625 -0.0322723388671875 -0.281494140625 -0.087493896484375
0.301544189453125 0.0201416015625 -0.1087646484375 -0.222335815429688
0.192092895507813 -0.0942840576171875 0.000679016113281267 -0.075286865234375
0.122291564941406 -0.13629150390625 0.101661682128906 -0.0944442749023438
0.0079803466796875 -0.15087890625 0.0280914306640625 -0.204788208007813
-0.0630569458007812 -0.107559204101562 -0.0899200439453125 -0.190567016601563
-0.122413635253906 -0.041595458984375 -0.197677612304687 -0.104705810546875
-0.139678955078125 0.0151443481445313 -0.207183837890625 -0.00582885742187498
-0.133743286132813 0.0181503295898438 -0.1485595703125 0.03118896484375
-0.156890869140625 0.026123046875 -0.114593505859375 0.0254898071289063
-0.168807983398438 -0.0261077880859375 -0.0950546264648438 0.0317611694335937
-0.138938903808594 -0.128044128417969 -0.0650672912597656 0.0332603454589844
-0.048370361328125 -0.205841064453125 -0.092559814453125 0.0267105102539062
0.153366088867188 -0.2032470703125 -0.131507873535156 0.0271530151367187
0.28399658203125 -0.131683349609375 -0.1929931640625 -0.0197906494140625
0.33526611328125 0.007659912109375 -0.19354248046875 -0.06439208984375
0.35235595703125 0.088226318359375 0.00920104980468753 -0.202728271484375
0.28582763671875 -0.054901123046875 0.0813446044921875 -0.0759124755859375
0.221771240234375 -0.16143798828125 0.139961242675781 -0.08782958984375
0.05535888671875 -0.22979736328125 0.070587158203125 -0.189788818359375
-0.071929931640625 -0.184112548828125 -0.038116455078125 -0.180206298828125
-0.177871704101563 -0.090545654296875 -0.14208984375 -0.113388061523437
-0.199310302734375 -0.00569152832031254 -0.1517333984375 -0.0236968994140625
-0.186386108398438 -0.000747680664062517 -0.0973052978515625 0.0156097412109375
-0.215957641601563 0.00933837890625001 -0.0588836669921875 0.0125389099121094
-0.214675903320312 -0.05120849609375 -0.0424003601074219 0.0359230041503906
-0.163162231445313 -0.171478271484375 -0.0163116455078125 0.0467414855957031
-0.04864501953125 -0.24578857421875 -0.0577545166015625 0.0452423095703125
0.187545776367188 -0.223861694335938 -0.101806640625 0.0420761108398437
0.32342529296875 -0.1251220703125 -0.129875183105469 -0.022705078125
0.3631591796875 0.044219970703125 -0.0876235961914062 -0.0350570678710938
0.340118408203125 0.14349365234375 0.13873291015625 -0.1533203125
0.32293701171875 0.006072998046875 0.171493530273438 -0.0567474365234375
0.286651611328125 -0.138427734375 0.175994873046875 -0.0664215087890625
0.10760498046875 -0.259567260742188 0.113861083984375 -0.152252197265625
-0.0551910400390625 -0.229217529296875 0.0217437744140625 -0.14892578125
-0.198806762695313 -0.129669189453125 -0.0680160522460938 -0.107048034667969
-0.226516723632813 -0.02801513671875 -0.0756912231445313 -0.038330078125
-0.211196899414063 -0.0185546875 -0.0304012298583985 -0.00126266479492187
-0.245330810546875 -0.00830078124999999 0.00925445556640623 -0.00180244445800781
-0.232254028320313 -0.0699310302734375 0.020965576171875 0.0383682250976563
-0.165969848632813 -0.194046020507813 0.035186767578125 0.0596733093261719
-0.0374298095703125 -0.257644653320313 -0.0239143371582031 0.0633125305175781
0.20538330078125 -0.211990356445313 -0.077911376953125 0.0495758056640625
0.326141357421875 -0.094268798828125 -0.0680618286132812 -0.0321273803710938
0.343719482421875 0.083282470703125 0.0220317840576172 -0.000539779663085932
0.264755249023437 0.172836303710938 0.253326416015625 -0.083831787109375
0.28692626953125 0.068939208984375 0.251663208007812 -0.022064208984375
0.290069580078125 -0.076324462890625 0.19903564453125 -0.038299560546875
0.144180297851563 -0.228042602539063 0.144607543945313 -0.100540161132813
-0.0222320556640625 -0.227310180664062 0.0733795166015625 -0.102165222167969
-0.18084716796875 -0.146011352539063 0.00975799560546874 -0.08587646484375
-0.216140747070312 -0.04583740234375 0.00815200805664061 -0.0456199645996094
-0.20343017578125 -0.033294677734375 0.0411300659179687 -0.018035888671875
-0.238510131835938 -0.0258636474609375 0.0809173583984375 -0.0133132934570313
-0.220016479492188 -0.0824127197265625 0.0866241455078125 0.0422821044921875
-0.144561767578125 -0.197891235351563 0.0837173461914063 0.074981689453125
-0.0133209228515625 -0.243911743164063 0.00516510009765625 0.0834197998046875
0.212432861328125 -0.172286987304688 -0.0601806640625 0.0556907653808594
0.298828125 -0.04052734375 -0.0117988586425781 -0.0362701416015625
0.28253173828125 0.120758056640625 0.121055603027344 0.042938232421875
0.140396118164063 0.167678833007813 0.331787109375 -0.012054443359375
0.18878173828125 0.111648559570313 0.302459716796875 0.017822265625
0.227752685546875 0.0009002685546875 0.202865600585938 -0.0128631591796875
0.144744873046875 -0.149322509765625 0.15643310546875 -0.050323486328125
0.013031005859375 -0.1788330078125 0.105659484863281 -0.05328369140625
-0.13006591796875 -0.134002685546875 0.0744094848632813 -0.0583267211914063
-0.16961669921875 -0.05584716796875 0.083526611328125 -0.0468063354492188
-0.163681030273438 -0.0428466796875 0.107093811035156 -0.0304107666015625
-0.19647216796875 -0.0398712158203125 0.146896362304688 -0.0179443359375
-0.178817749023438 -0.0852508544921875 0.14569091796875 0.051177978515625
-0.1055908203125 -0.178802490234375 0.122543334960938 0.0966949462890625
0.014190673828125 -0.20318603515625 0.0264663696289062 0.107040405273437
0.199661254882813 -0.112625122070313 -0.048492431640625 0.0645904541015625
0.241592407226562 0.0206146240234375 0.0356330871582031 -0.0265007019042969
0.187057495117187 0.148056030273438 0.196029663085938 0.0972137451171875
-0.00632476806640624 0.132255554199219 0.362213134765625 0.040374755859375
0.0586395263671875 0.125373840332031 0.316436767578125 0.04150390625
0.120384216308594 0.0662689208984375 0.1912841796875 -0.0010986328125
0.112770080566406 -0.0500411987304687 0.152145385742187 -0.01739501953125
0.0388107299804687 -0.0986099243164063 0.116920471191406 -0.01947021484375
-0.0603713989257813 -0.0960693359375 0.115570068359375 -0.034820556640625
-0.0962677001953125 -0.0540237426757813 0.1368408203125 -0.04425048828125
-0.09912109375 -0.0442886352539063 0.155059814453125 -0.0379486083984375
-0.126411437988281 -0.0466079711914062 0.196762084960938 -0.017425537109375
-0.114776611328125 -0.074981689453125 0.192245483398437 0.064208984375
-0.05712890625 -0.135444641113281 0.14849853515625 0.120315551757812
0.03350830078125 -0.140716552734375 0.0389480590820313 0.133819580078125
0.158615112304688 -0.0462188720703125 -0.0438003540039062 0.07879638671875
0.153366088867188 0.0714111328125 0.0656890869140625 -0.00371551513671875
0.0671844482421875 0.15228271484375 0.236358642578125 0.154342651367187
0.0693359375 -0.0981369018554688 -0.253509521484375 -0.144805908203125
-0.0582504272460937 -0.0870361328125 -0.082183837890625 -0.0183792114257813
-0.0735015869140625 -0.00331115722656251 0.0487747192382812 -0.0809173583984375
-0.0350723266601563 0.0541954040527344 -0.031158447265625 -0.176223754882813
0.0109672546386719 0.057037353515625 -0.147964477539063 -0.14630126953125
0.0431671142578125 0.0428466796875 -0.225311279296875 -0.0461273193359375
0.0331954956054688 0.0357627868652344 -0.224929809570313 0.0421142578125
0.0294189453125 0.042694091796875 -0.173141479492188 0.0618438720703125
0.0239486694335938 0.0556488037109375 -0.150405883789063 0.0579376220703125
-0.0200309753417969 0.05743408203125 -0.133438110351563 0.0376205444335937
-0.0656890869140625 0.0259628295898437 -0.123023986816406 0.027587890625
-0.0769271850585937 -0.0440597534179688 -0.143875122070313 0.0139617919921875
-0.0127792358398438 -0.118682861328125 -0.188461303710937 -0.00636291503906253
0.0733108520507812 -0.133644104003906 -0.292694091796875 -0.0173339843749999
0.138359069824219 -0.0944900512695313 -0.34442138671875 -0.060150146484375
0.197250366210937 -0.060943603515625 -0.212814331054688 -0.186691284179687
0.058563232421875 -0.110877990722656 -0.059600830078125 -0.048583984375
0.00895690917968751 -0.080841064453125 0.065460205078125 -0.0936126708984375
-0.0299034118652344 -0.0457611083984375 -0.0169677734375 -0.195236206054688
-0.0362739562988281 -0.0168685913085938 -0.136337280273438 -0.168350219726562
-0.043212890625 0.0124969482421875 -0.228057861328125 -0.0660400390625
-0.0549468994140625 0.0370292663574219 -0.2271728515625 0.0318603515625
-0.0536384582519531 0.0394935607910156 -0.169052124023438 0.0575103759765625
-0.0683059692382813 0.0501289367675781 -0.142608642578125 0.0498199462890625
-0.0986328125 0.0207595825195313 -0.123519897460938 0.038970947265625
-0.107475280761719 -0.0518035888671875 -0.101081848144531 0.03076171875
-0.0643997192382813 -0.130973815917969 -0.122329711914063 0.0202865600585938
0.0755157470703125 -0.16888427734375 -0.159423828125 0.0140380859375
0.189208984375 -0.143142700195313 -0.250320434570313 -0.008514404296875
0.25457763671875 -0.0556182861328125 -0.287139892578125 -0.058319091796875
0.299468994140625 -0.0067138671875 -0.127761840820313 -0.206558227539062
0.17767333984375 -0.109512329101563 -0.00649261474609374 -0.0698928833007813
0.107131958007812 -0.146392822265625 0.0954513549804687 -0.0999908447265625
-0.00834655761718749 -0.147979736328125 0.0124664306640625 -0.202804565429688
-0.072540283203125 -0.0980911254882812 -0.1024169921875 -0.180221557617188
-0.123191833496094 -0.0268630981445312 -0.202362060546875 -0.0859832763671875
-0.135238647460938 0.0296401977539063 -0.202529907226563 0.012939453125
-0.127799987792969 0.0309677124023438 -0.140609741210938 0.0450592041015625
-0.149993896484375 0.0422210693359375 -0.109359741210938 0.0372467041015625
-0.166305541992188 -0.00761413574218752 -0.08941650390625 0.042205810546875
-0.148574829101563 -0.110382080078125 -0.0629997253417969 0.040191650390625
-0.06744384765625 -0.196334838867187 -0.0920257568359375 0.0357742309570312
0.131881713867187 -0.213333129882812 -0.128829956054688 0.0350875854492187
0.265823364257813 -0.155487060546875 -0.193511962890625 -0.00454711914062503
0.33038330078125 -0.022430419921875 -0.198089599609375 -0.0436553955078125
0.35382080078125 0.054718017578125 -0.0106353759765625 -0.198379516601563
0.273300170898438 -0.0793609619140625 0.0718765258789063 -0.0775985717773438
0.203048706054688 -0.179473876953125 0.133743286132813 -0.0951309204101563
0.030609130859375 -0.230270385742188 0.056396484375 -0.19183349609375
-0.0882415771484375 -0.172012329101562 -0.04998779296875 -0.175369262695313
-0.182586669921875 -0.069061279296875 -0.149276733398438 -0.0994415283203125
-0.194976806640625 0.015167236328125 -0.149932861328125 -0.00872802734375002
-0.181915283203125 0.0181732177734375 -0.0913314819335938 0.0262832641601562
-0.2099609375 0.032318115234375 -0.0566787719726563 0.0198402404785156
-0.212722778320313 -0.0277099609375 -0.0370597839355469 0.0414161682128906
-0.177383422851563 -0.149246215820313 -0.013824462890625 0.0487251281738281
-0.0720977783203125 -0.234451293945313 -0.0563430786132813 0.0516510009765625
0.162506103515625 -0.236801147460938 -0.0987701416015625 0.0491790771484375
0.303070068359375 -0.153106689453125 -0.132041931152344 -0.012298583984375
0.361602783203125 0.01165771484375 -0.0915603637695312 -0.0244369506835937
0.34698486328125 0.109832763671875 0.121002197265625 -0.16217041015625
0.314117431640625 -0.022216796875 0.161636352539063 -0.0669708251953125
0.268234252929688 -0.163345336914063 0.17034912109375 -0.0765838623046875
0.079071044921875 -0.263916015625 0.102096557617188 -0.158065795898438
-0.0764617919921875 -0.217636108398438 0.0117340087890625 -0.14959716796875
-0.206192016601563 -0.104904174804688 -0.0757980346679688 -0.10028076171875
-0.223785400390625 -0.00390625000000001 -0.0768966674804688 -0.0300750732421875
-0.207778930664063 0.00318908691406253 -0.0287551879882813 0.00355720520019532
-0.2406005859375 0.01800537109375 0.00859022140502928 -0.000936508178710936
-0.233154296875 -0.0436248779296875 0.0247039794921875 0.0378761291503906
-0.182907104492187 -0.171798706054688 0.0381660461425781 0.055816650390625
-0.062713623046875 -0.247817993164063 -0.0210189819335938 0.0662269592285156
0.180694580078125 -0.227249145507813 -0.0743637084960937 0.0554046630859375
0.308624267578125 -0.12322998046875 -0.072235107421875 -0.0263671875
0.34576416015625 0.051300048828125 0.0193538665771485 -0.00163078308105468
0.274490356445313 0.144668579101563 0.239944458007813 -0.104721069335937
0.284820556640625 0.042022705078125 0.243194580078125 -0.040191650390625
0.278091430664063 -0.101699829101563 0.194580078125 -0.0510711669921875
0.117019653320313 -0.236221313476563 0.13641357421875 -0.109947204589844
-0.044189453125 -0.219635009765625 0.0663223266601562 -0.107460021972656
-0.19091796875 -0.123046875 0.00196838378906249 -0.087188720703125
-0.21575927734375 -0.0227813720703125 0.00339508056640624 -0.0456047058105469
-0.201950073242187 -0.01220703125 0.0393447875976562 -0.0192489624023438
-0.236679077148437 0.000808715820312495 0.0769729614257813 -0.0189285278320313
-0.223312377929687 -0.05712890625 0.088775634765625 0.0352325439453125
-0.162933349609375 -0.177902221679688 0.0873794555664062 0.0661239624023437
-0.0378570556640625 -0.23681640625 0.00994873046875 0.0831298828125
0.191513061523438 -0.188568115234375 -0.0561943054199219 0.0602798461914063
0.2877197265625 -0.067901611328125 -0.0168342590332031 -0.0354652404785156
0.288604736328125 0.092742919921875 0.120353698730469 0.0319976806640625
0.1513671875 0.15032958984375 0.32403564453125 -0.041717529296875
0.19317626953125 0.0931549072265625 0.297088623046875 -0.00668334960937499
0.224014282226563 -0.0195465087890625 0.200149536132812 -0.025970458984375
0.125991821289063 -0.15936279296875 0.152587890625 -0.061492919921875
-0.00502014160156252 -0.175308227539063 0.101966857910156 -0.0623626708984375
-0.139938354492187 -0.116928100585938 0.0676956176757812 -0.0657234191894531
-0.171127319335938 -0.0366058349609375 0.0768661499023437 -0.053466796875
-0.164566040039063 -0.0253143310546875 0.101524353027344 -0.0381317138671875
-0.197906494140625 -0.01788330078125 0.140228271484375 -0.0307388305664063
-0.183639526367188 -0.0646514892578125 0.1474609375 0.0381011962890625
-0.122634887695312 -0.163742065429688 0.126930236816406 0.0833282470703125
-0.00656127929687501 -0.200668334960938 0.03350830078125 0.104393005371094
0.184478759765625 -0.129302978515625 -0.043670654296875 0.0686149597167968
0.237136840820313 -0.0019989013671875 0.0303497314453125 -0.0307445526123047
0.197052001953125 0.1282958984375 0.199493408203125 0.0766754150390625
0.00399780273437499 0.129463195800781 0.3592529296875 0.00598144531250001
0.0671310424804688 0.117317199707031 0.313751220703125 0.014312744140625
0.12518310546875 0.0548782348632813 0.189178466796875 -0.014617919921875
0.1046142578125 -0.0597381591796875 0.150955200195313 -0.0294036865234375
0.0277252197265625 -0.0997238159179688 0.115974426269531 -0.0302276611328125
-0.0682220458984375 -0.0871963500976562 0.1097412109375 -0.0460357666015625
-0.0993576049804688 -0.0428619384765625 0.129241943359375 -0.0566329956054687
-0.101409912109375 -0.0328521728515625 0.147506713867188 -0.050750732421875
-0.129920959472656 -0.0314865112304688 0.189910888671875 -0.035125732421875
-0.11993408203125 -0.0611419677734375 0.193206787109375 0.045806884765625
-0.0704879760742188 -0.127105712890625 0.154922485351562 0.104949951171875
0.01971435546875 -0.141082763671875 0.0479660034179688 0.129417419433594
0.150924682617187 -0.0601348876953125 -0.0379104614257812 0.0818328857421875
0.155563354492188 0.0566558837890625 0.0625228881835938 -0.0103607177734375
0.079010009765625 0.142913818359375 0.24420166015625 0.128982543945313
0.0592193603515625 -0.102333068847656 -0.260025024414063 -0.112014770507812
-0.06622314453125 -0.0776290893554687 -0.0797805786132812 -0.00694274902343751
-0.0723419189453125 0.00340270996093749 0.0423812866210937 -0.0840377807617188
-0.0285224914550781 0.0558013916015625 -0.0465087890625 -0.168014526367188
0.0165519714355469 0.0536231994628906 -0.158126831054687 -0.12738037109375
0.0466651916503906 0.0365486145019531 -0.221115112304688 -0.02178955078125
0.0365371704101563 0.0309906005859375 -0.211807250976562 0.064239501953125
0.0333786010742188 0.0363426208496094 -0.159164428710938 0.0777435302734375
0.030792236328125 0.0504341125488281 -0.137939453125 0.0728607177734375
-0.0123748779296875 0.0576248168945313 -0.125205993652344 0.0516586303710938
-0.0595664978027344 0.0325355529785156 -0.117942810058594 0.0417022705078125
-0.0788803100585938 -0.034698486328125 -0.140182495117188 0.02862548828125
-0.0246505737304688 -0.113288879394531 -0.185256958007812 0.00926208496093749
0.0568161010742188 -0.137054443359375 -0.2862548828125 0.01068115234375
0.124343872070313 -0.105781555175781 -0.3421630859375 -0.0202331542968751
0.186630249023438 -0.079498291015625 -0.225738525390625 -0.156585693359375
0.0432968139648437 -0.113059997558594 -0.062225341796875 -0.0378799438476563
-0.00125122070312499 -0.0806884765625 0.0577774047851563 -0.097320556640625
-0.0346412658691406 -0.041107177734375 -0.0341339111328125 -0.1878662109375
-0.0369987487792969 -0.0115623474121094 -0.148406982421875 -0.150009155273437
-0.0402488708496094 0.018402099609375 -0.22601318359375 -0.04119873046875
-0.0484123229980469 0.04248046875 -0.216094970703125 0.054412841796875
-0.0465888977050781 0.0435142517089844 -0.154876708984375 0.0729522705078125
-0.0588569641113281 0.0558090209960937 -0.131416320800781 0.0650711059570312
-0.0916213989257812 0.031585693359375 -0.114883422851563 0.0525665283203125
-0.108863830566406 -0.037017822265625 -0.0960464477539063 0.0426864624023437
-0.0761184692382813 -0.118888854980469 -0.119064331054688 0.0332717895507812
0.0558319091796875 -0.171539306640625 -0.155593872070313 0.026275634765625
0.167327880859375 -0.159393310546875 -0.245025634765625 0.0154571533203125
0.241378784179688 -0.080474853515625 -0.28570556640625 -0.0247802734375
0.2906494140625 -0.03778076171875 -0.146102905273437 -0.185317993164063
0.158493041992188 -0.12384033203125 -0.0135536193847656 -0.0640144348144531
0.08746337890625 -0.154296875 0.0863494873046875 -0.105552673339844
-0.02545166015625 -0.141403198242188 -0.005401611328125 -0.197708129882813
-0.0810394287109375 -0.0856781005859375 -0.11572265625 -0.165802001953125
-0.121246337890625 -0.00981903076171874 -0.2037353515625 -0.0636138916015625
-0.126640319824219 0.0447158813476563 -0.192901611328125 0.03424072265625
-0.11871337890625 0.0441131591796875 -0.128562927246094 0.0593719482421875
-0.138633728027344 0.0583343505859375 -0.100639343261719 0.0496063232421875
-0.159271240234375 0.0121307373046875 -0.0808029174804688 0.0519790649414063
-0.1552734375 -0.0883026123046875 -0.0584220886230469 0.0476493835449219
-0.0860595703125 -0.181076049804688 -0.088287353515625 0.045928955078125
0.104644775390625 -0.220123291015625 -0.123329162597656 0.044708251953125
0.238723754882813 -0.178970336914063 -0.190475463867187 0.014312744140625
0.318511962890625 -0.056671142578125 -0.1978759765625 -0.019195556640625
0.348876953125 0.015350341796875 -0.031982421875 -0.18963623046875
0.253250122070313 -0.104400634765625 0.0607147216796875 -0.0787887573242188
0.176803588867188 -0.195892333984375 0.1240234375 -0.103919982910156
0.00265502929687498 -0.224365234375 0.038055419921875 -0.19097900390625
-0.104263305664062 -0.154922485351563 -0.0633392333984375 -0.166656494140625
-0.18206787109375 -0.043548583984375 -0.153884887695313 -0.08172607421875
-0.185943603515625 0.0377349853515625 -0.144805908203125 0.00732421875000002
-0.172012329101562 0.0383758544921875 -0.0828628540039063 0.036529541015625
-0.19757080078125 0.0565948486328125 -0.0522346496582031 0.0269889831542969
-0.207138061523438 -0.00128173828124997 -0.0308380126953125 0.0460739135742187
-0.188247680664063 -0.122528076171875 -0.01025390625 0.0497627258300781
-0.0959320068359375 -0.217636108398437 -0.0521049499511719 0.0583038330078125
0.131393432617188 -0.245849609375 -0.0929641723632812 0.0565109252929688
0.27496337890625 -0.18115234375 -0.132110595703125 0.000785827636718742
0.351348876953125 -0.026611328125 -0.0931015014648437 -0.011871337890625
0.34637451171875 0.0704345703125 0.0990447998046876 -0.169036865234375
0.29852294921875 -0.053741455078125 0.148544311523438 -0.0777740478515625
0.243087768554688 -0.186782836914063 0.160720825195313 -0.0888824462890625
0.04595947265625 -0.261306762695313 0.0859375 -0.163040161132813
-0.0976409912109375 -0.20001220703125 -0.000869750976562494 -0.14862060546875
-0.2093505859375 -0.0760955810546875 -0.08355712890625 -0.0905380249023438
-0.215499877929687 0.021942138671875 -0.0777511596679688 -0.020843505859375
-0.199005126953125 0.0269012451171875 -0.0253887176513672 0.00784492492675781
-0.229278564453125 0.04742431640625 0.00724601745605467 0.00053215026855469
-0.228744506835938 -0.014251708984375 0.0285797119140625 0.0356903076171875
-0.196029663085938 -0.14276123046875 0.0411033630371094 0.0507278442382812
-0.0884246826171875 -0.230667114257813 -0.0160713195800781 0.0690383911132812
0.149703979492188 -0.239395141601563 -0.0683441162109375 0.0605278015136719
0.283935546875 -0.152618408203125 -0.0755691528320312 -0.019012451171875
0.34088134765625 0.0133056640625 0.0166873931884766 -0.00143814086914062
0.280410766601563 0.110885620117187 0.220458984375 -0.126312255859375
0.277999877929688 0.01171875 0.230178833007813 -0.0609893798828125
0.259109497070312 -0.12823486328125 0.186111450195313 -0.06585693359375
0.0853729248046875 -0.239715576171875 0.124519348144531 -0.120033264160156
-0.066680908203125 -0.205718994140625 0.056365966796875 -0.113235473632813
-0.196624755859375 -0.0950927734375 -0.00760650634765625 -0.0860671997070313
-0.209869384765625 0.00314331054687496 -0.00198745727539064 -0.0446090698242188
-0.195083618164063 0.0121002197265625 0.0369071960449219 -0.0213546752929687
-0.2281494140625 0.030059814453125 0.0711288452148437 -0.0251083374023437
-0.221267700195313 -0.0286712646484375 0.0898208618164062 0.0262298583984375
-0.178497314453125 -0.151199340820313 0.0896072387695312 0.0549392700195312
-0.0637664794921875 -0.22344970703125 0.0164642333984375 0.0818557739257812
0.16424560546875 -0.202713012695312 -0.0498123168945312 0.0646705627441406
0.26904296875 -0.0964813232421875 -0.0229949951171875 -0.0337238311767578
0.2900390625 0.059539794921875 0.118331909179688 0.0189285278320313
0.1611328125 0.128829956054688 0.30902099609375 -0.075408935546875
0.195022583007813 0.0700836181640625 0.2862548828125 -0.034210205078125
0.216400146484375 -0.0422210693359375 0.193817138671875 -0.0419464111328125
0.103561401367188 -0.166412353515625 0.144805908203125 -0.0744476318359375
-0.02423095703125 -0.167343139648438 0.0947418212890625 -0.0736541748046875
-0.147308349609375 -0.0952606201171875 0.0581817626953125 -0.0722503662109375
-0.168975830078125 -0.015655517578125 0.0676231384277344 -0.0609054565429688
-0.160980224609375 -0.00529479980468751 0.093994140625 -0.0464935302734375
-0.19342041015625 0.0073699951171875 0.130989074707031 -0.043792724609375
-0.184127807617187 -0.0403289794921875 0.146316528320313 0.0223541259765625
-0.138092041015625 -0.143218994140625 0.130058288574219 0.0670089721679687
-0.0296173095703125 -0.192779541015625 0.0410003662109375 0.09918212890625
0.164413452148437 -0.145004272460937 -0.0370101928710937 0.0718460083007812
0.227828979492187 -0.0268707275390625 0.0240478515625 -0.0334320068359375
0.20440673828125 0.10345458984375 0.199188232421875 0.05322265625
0.0163497924804688 0.123786926269531 0.34808349609375 -0.03302001953125
0.076080322265625 0.106834411621094 0.30517578125 -0.015411376953125
0.128089904785156 0.039947509765625 0.183609008789063 -0.030426025390625
0.0931243896484375 -0.0685577392578125 0.145751953125 -0.04327392578125
0.015350341796875 -0.098663330078125 0.111297607421875 -0.0429000854492188
-0.0754470825195313 -0.0751876831054688 0.101631164550781 -0.057769775390625
-0.100532531738281 -0.0300445556640625 0.117904663085938 -0.0695419311523438
-0.101753234863281 -0.02008056640625 0.136131286621094 -0.0638504028320313
-0.129379272460938 -0.0140914916992187 0.1785888671875 -0.0534515380859375
-0.123214721679688 -0.0448455810546875 0.191390991210938 0.0246734619140625
-0.0834197998046875 -0.114524841308594 0.159637451171875 0.08441162109375
0.00263214111328126 -0.138694763183594 0.0582809448242188 0.121192932128906
0.139518737792969 -0.0742263793945312 -0.0301055908203125 0.083984375
0.154983520507813 0.038726806640625 0.0576515197753906 -0.018035888671875
0.091033935546875 0.130195617675781 0.248428344726562 0.09771728515625
0.0478897094726562 -0.103302001953125 -0.256561279296875 -0.0773468017578125
-0.0711822509765625 -0.0653762817382812 -0.0747528076171875 0.0043182373046875
-0.0696182250976563 0.0104751586914063 0.0344772338867187 -0.0846023559570312
-0.0214004516601563 0.0548858642578125 -0.0588531494140625 -0.154891967773438
0.0210914611816406 0.0489883422851563 -0.161331176757812 -0.104568481445313
0.0483360290527344 0.0297164916992188 -0.209487915039063 0.000610351562499991
0.0381584167480469 0.0253944396972656 -0.192214965820313 0.0817108154296875
0.0355377197265625 0.0298042297363281 -0.140655517578125 0.08868408203125
0.0356369018554688 0.0426101684570313 -0.121299743652344 0.0841140747070313
-0.00434875488281251 0.0551300048828125 -0.112480163574219 0.0627899169921875
-0.0516738891601562 0.0370254516601563 -0.107879638671875 0.0531463623046875
-0.077850341796875 -0.0248184204101562 -0.132034301757813 0.0411224365234375
-0.034820556640625 -0.104820251464844 -0.176254272460938 0.0240631103515625
0.0389556884765625 -0.135383605957031 -0.269744873046875 0.0372314453124999
0.107421875 -0.112754821777344 -0.32525634765625 0.01739501953125
0.17022705078125 -0.09503173828125 -0.228897094726562 -0.122467041015625
0.0282821655273438 -0.110061645507813 -0.0618019104003906 -0.026397705078125
-0.0105819702148438 -0.0767135620117188 0.04803466796875 -0.0986099243164062
-0.0378150939941406 -0.0346565246582031 -0.0487060546875 -0.174209594726563
-0.036224365234375 -0.00625991821289062 -0.154449462890625 -0.127670288085937
-0.034759521484375 0.0228843688964844 -0.21624755859375 -0.016693115234375
-0.040130615234375 0.0459785461425781 -0.196609497070313 0.073272705078125
-0.0382156372070312 0.0448570251464844 -0.136573791503906 0.0848159790039062
-0.0479736328125 0.0588188171386719 -0.115760803222656 0.0759506225585937
-0.080657958984375 0.040069580078125 -0.101699829101563 0.0629348754882813
-0.105636596679688 -0.0218429565429687 -0.0875625610351563 0.0519027709960938
-0.08380126953125 -0.104049682617188 -0.111419677734375 0.0443496704101562
0.0353240966796875 -0.16748046875 -0.146743774414063 0.0375213623046875
0.140304565429688 -0.167892456054687 -0.23089599609375 0.037322998046875
0.220504760742188 -0.100677490234375 -0.273025512695312 0.00836181640625005
0.272003173828125 -0.066253662109375 -0.157608032226562 -0.15814208984375
0.135055541992188 -0.131988525390625 -0.0190773010253906 -0.0553932189941406
0.065673828125 -0.155563354492188 0.0749969482421875 -0.10821533203125
-0.039886474609375 -0.129676818847656 -0.0215911865234375 -0.186660766601562
-0.0848312377929688 -0.0707855224609375 -0.124679565429688 -0.146743774414062
-0.113494873046875 0.00505828857421876 -0.1978759765625 -0.040496826171875
-0.113166809082031 0.0570907592773438 -0.177703857421875 0.051727294921875
-0.105705261230469 0.0534133911132813 -0.112190246582031 0.0685195922851563
-0.122138977050781 0.0705108642578125 -0.0887451171875 0.0589599609375
-0.146530151367188 0.02947998046875 -0.0697021484375 0.0591888427734375
-0.154800415039063 -0.0644378662109375 -0.0517692565917969 0.0525054931640625
-0.10015869140625 -0.160018920898438 -0.0807037353515625 0.0538711547851562
0.0756378173828125 -0.218658447265625 -0.114860534667969 0.0525741577148437
0.20526123046875 -0.194061279296875 -0.180221557617188 0.0312957763671875
0.296051025390625 -0.086273193359375 -0.189453125 0.00439453125000001
0.33172607421875 -0.0208740234375 -0.050323486328125 -0.174407958984375
0.225860595703125 -0.1224365234375 0.0490036010742188 -0.076751708984375
0.145614624023438 -0.204376220703125 0.110649108886719 -0.109352111816406
-0.0216064453125 -0.210159301757813 0.0201873779296875 -0.184036254882813
-0.113883972167969 -0.133499145507813 -0.0749053955078125 -0.15313720703125
-0.174224853515625 -0.02008056640625 -0.153411865234375 -0.062530517578125
-0.169723510742187 0.0565185546875 -0.135498046875 0.0219955444335937
-0.156234741210938 0.0544281005859375 -0.071990966796875 0.0431594848632813
-0.177978515625 0.0765838623046875 -0.0457725524902344 0.0327911376953125
-0.193252563476562 0.0225830078125 -0.0232963562011719 0.0481414794921875
-0.189849853515625 -0.0921783447265625 -0.00594329833984376 0.0500411987304687
-0.113616943359375 -0.19342041015625 -0.0449333190917969 0.0627326965332031
0.0979156494140625 -0.245742797851562 -0.0848236083984375 0.06109619140625
0.23919677734375 -0.199493408203125 -0.127662658691406 0.0135345458984375
0.33062744140625 -0.061126708984375 -0.0895462036132812 0.000358581542968749
0.333984375 0.030487060546875 0.075103759765625 -0.168380737304688
0.273452758789063 -0.079925537109375 0.131340026855469 -0.085113525390625
0.209716796875 -0.20196533203125 0.146514892578125 -0.097503662109375
0.0149078369140625 -0.249069213867188 0.068450927734375 -0.162322998046875
-0.112655639648438 -0.176422119140625 -0.0140533447265625 -0.142593383789063
-0.203201293945313 -0.04705810546875 -0.0884323120117188 -0.0781097412109375
-0.199661254882813 0.0454864501953125 -0.0754470825195313 -0.0115127563476563
-0.183425903320312 0.04705810546875 -0.0208969116210938 0.0110721588134766
-0.208892822265625 0.0720367431640625 0.00716304779052733 0.00206232070922852
-0.214599609375 0.0134735107421875 0.0314903259277344 0.0319843292236328
-0.200607299804687 -0.110305786132813 0.0423469543457031 0.0451583862304687
-0.108779907226563 -0.206314086914062 -0.009552001953125 0.0689582824707031
0.116241455078125 -0.241836547851563 -0.0605201721191406 0.06378173828125
0.249923706054688 -0.173629760742188 -0.076416015625 -0.0102767944335938
0.32391357421875 -0.022674560546875 0.0140981674194336 -0.001434326171875
0.275054931640625 0.075347900390625 0.194259643554688 -0.141326904296875
0.260726928710938 -0.01702880859375 0.210281372070313 -0.07769775390625
0.232498168945313 -0.148056030273438 0.171920776367188 -0.078399658203125
0.0547943115234375 -0.232757568359375 0.108993530273437 -0.125244140625
-0.0839996337890625 -0.1854248046875 0.0439071655273438 -0.11517333984375
-0.1937255859375 -0.0661773681640625 -0.0165786743164063 -0.0817642211914063
-0.196212768554688 0.02655029296875 -0.00675582885742189 -0.0418357849121094
-0.181655883789063 0.032196044921875 0.0336570739746094 -0.0231914520263672
-0.20989990234375 0.0557861328125 0.0640182495117187 -0.0295143127441406
-0.21002197265625 -0.000976562500000046 0.0876235961914062 0.016326904296875
-0.185028076171875 -0.120086669921875 0.0882492065429687 0.0435943603515625
-0.08489990234375 -0.20263671875 0.0224533081054687 0.0774993896484375
0.133590698242188 -0.208755493164063 -0.0423049926757813 0.066162109375
0.24224853515625 -0.119232177734375 -0.0280208587646484 -0.0294399261474609
0.2802734375 0.0261993408203125 0.111854553222656 0.00653839111328125
0.165084838867188 0.104965209960937 0.283416748046875 -0.102752685546875
0.18914794921875 0.046783447265625 0.265975952148438 -0.0594635009765625
0.200775146484375 -0.062744140625 0.180755615234375 -0.0563507080078125
0.0792388916015625 -0.166900634765625 0.132072448730469 -0.0842819213867188
-0.0407562255859375 -0.154510498046875 0.0840911865234375 -0.0808181762695313
-0.147781372070313 -0.0723114013671875 0.0472030639648437 -0.0752944946289063
-0.160293579101562 0.00408935546874998 0.0564155578613281 -0.0644950866699219
-0.152053833007813 0.0124359130859375 0.083770751953125 -0.0527496337890625
-0.180374145507813 0.0307769775390625 0.117668151855469 -0.0532760620117188
-0.17755126953125 -0.016754150390625 0.139930725097656 0.0066986083984375
-0.146408081054688 -0.118408203125 0.127647399902344 0.0504150390625
-0.0489349365234375 -0.177932739257813 0.0482864379882812 0.0908889770507813
0.14031982421875 -0.153701782226562 -0.0284881591796875 0.0720367431640625
0.2108154296875 -0.048492431640625 0.0164451599121094 -0.0346775054931641
0.203781127929688 0.0764312744140625 0.192092895507813 0.029998779296875
0.0275497436523438 0.114822387695312 0.32501220703125 -0.068359375
0.0819244384765625 0.0934295654296875 0.28668212890625 -0.044586181640625
0.126251220703125 0.0245132446289063 0.172042846679688 -0.04449462890625
0.0804519653320313 -0.0741958618164063 0.13604736328125 -0.0553817749023438
0.003662109375 -0.0939102172851563 0.102188110351563 -0.0537796020507813
-0.078765869140625 -0.0617828369140625 0.08966064453125 -0.066680908203125
-0.0980148315429688 -0.0177230834960938 0.10272216796875 -0.0782623291015625
-0.0978546142578125 -0.00756072998046876 0.121040344238281 -0.0736846923828125
-0.123832702636719 0.00266265869140625 0.160797119140625 -0.068634033203125
-0.121116638183594 -0.0283889770507812 0.1824951171875 0.00408935546875
-0.091461181640625 -0.0988388061523438 0.1575927734375 0.0636138916015625
-0.012847900390625 -0.130691528320313 0.0663070678710938 0.109344482421875
0.124092102050781 -0.0838546752929688 -0.021148681640625 0.0826492309570313
0.14996337890625 0.020965576171875 0.0501747131347656 -0.0240478515625
0.0984878540039063 0.113937377929688 0.242568969726563 0.06658935546875
0.0379867553710938 -0.10107421875 -0.243194580078125 -0.0497894287109375
-0.0712738037109375 -0.0542831420898437 -0.067657470703125 0.0122833251953125
-0.0650291442871094 0.0152244567871094 0.0277328491210937 -0.0828475952148438
-0.0159339904785156 0.0527381896972656 -0.0659866333007813 -0.1400146484375
0.0234832763671875 0.0441741943359375 -0.156875610351562 -0.0848388671875
0.0478744506835937 0.0235137939453125 -0.192840576171875 0.015777587890625
0.0383071899414063 0.0203514099121094 -0.170272827148438 0.091064453125
0.0355911254882813 0.02325439453125 -0.122344970703125 0.0921859741210937
0.0369148254394531 0.0350189208984375 -0.104087829589844 0.0876541137695313
0.00164031982421875 0.0509109497070313 -0.0985641479492188 0.0683135986328125
-0.0439224243164062 0.0385513305664063 -0.09613037109375 0.058990478515625
-0.0743331909179688 -0.016815185546875 -0.121353149414062 0.048797607421875
-0.0402603149414063 -0.094207763671875 -0.16424560546875 0.0335235595703125
0.0256271362304688 -0.129035949707031 -0.247604370117188 0.0541839599609375
0.091583251953125 -0.1134033203125 -0.300140380859375 0.04351806640625
0.1524658203125 -0.1025390625 -0.222213745117188 -0.09405517578125
0.0168228149414063 -0.102851867675781 -0.0587692260742188 -0.0165023803710938
-0.0176620483398438 -0.0705490112304687 0.040252685546875 -0.0963516235351563
-0.0387229919433594 -0.0284500122070313 -0.0570831298828125 -0.159194946289063
-0.0337562561035156 -0.001922607421875 -0.152008056640625 -0.108169555664062
-0.0291805267333984 0.0250091552734375 -0.200424194335938 0.000259399414062498
-0.0320816040039063 0.0462417602539062 -0.175613403320313 0.08367919921875
-0.0308494567871094 0.0442733764648437 -0.118400573730469 0.0881805419921875
-0.037994384765625 0.0576667785644531 -0.0995559692382812 0.0809707641601563
-0.0698738098144531 0.0438652038574219 -0.0882339477539063 0.0673141479492187
-0.0983047485351563 -0.0104598999023438 -0.0776596069335938 0.056610107421875
-0.0865859985351563 -0.0888595581054688 -0.10211181640625 0.0508499145507812
0.0190277099609375 -0.158538818359375 -0.135787963867188 0.0437469482421875
0.115966796875 -0.166793823242188 -0.21295166015625 0.051727294921875
0.197265625 -0.111190795898438 -0.252471923828125 0.0306854248046875
0.248321533203125 -0.0836181640625 -0.158950805664063 -0.132278442382813
0.113777160644531 -0.13134765625 -0.0217781066894531 -0.046478271484375
0.0468902587890625 -0.150360107421875 0.0645904541015625 -0.106666564941406
-0.0477218627929688 -0.115867614746094 -0.0321197509765625 -0.172271728515625
-0.0838394165039062 -0.057464599609375 -0.1260986328125 -0.12811279296875
-0.103164672851563 0.016082763671875 -0.186111450195313 -0.022674560546875
-0.09857177734375 0.0631790161132812 -0.159713745117188 0.0622100830078125
-0.0920867919921875 0.05767822265625 -0.0966873168945313 0.0720138549804687
-0.105064392089844 0.0764617919921875 -0.076171875 0.0630645751953125
-0.130897521972656 0.0406646728515625 -0.0586090087890625 0.0616569519042969
-0.14739990234375 -0.0447235107421875 -0.0444793701171875 0.0547142028808594
-0.106216430664063 -0.139495849609375 -0.0727386474609375 0.0578460693359375
0.05303955078125 -0.208633422851563 -0.104927062988281 0.0557327270507813
0.173202514648438 -0.196319580078125 -0.167022705078125 0.0425262451171875
0.268447875976563 -0.103546142578125 -0.175521850585937 0.0207672119140625
0.306610107421875 -0.04595947265625 -0.0610809326171875 -0.1563720703125
0.197738647460938 -0.12939453125 0.0391082763671875 -0.071685791015625
0.118148803710937 -0.202163696289063 0.0975418090820313 -0.10919189453125
-0.0380706787109375 -0.191070556640625 0.0075225830078125 -0.172988891601563
-0.11517333984375 -0.11285400390625 -0.0799179077148438 -0.138633728027344
-0.1611328125 -0.00167846679687502 -0.147354125976562 -0.0467681884765625
-0.150833129882813 0.0676422119140625 -0.123268127441406 0.0309829711914063
-0.138954162597656 0.0629425048828125 -0.0612297058105469 0.0453681945800781
-0.155715942382813 0.0869903564453125 -0.0393257141113281 0.035980224609375
-0.17431640625 0.0383148193359375 -0.016571044921875 0.0477561950683594
-0.182403564453125 -0.066925048828125 -0.00271224975585939 0.0486335754394531
-0.12078857421875 -0.168502807617188 -0.0383262634277344 0.0629959106445312
0.0710296630859375 -0.2359619140625 -0.0763931274414063 0.0619735717773437
0.204025268554688 -0.203994750976563 -0.119338989257812 0.0221939086914062
0.301666259765625 -0.082794189453125 -0.0832290649414062 0.0094146728515625
0.312347412109375 0.001739501953125 0.0554656982421875 -0.16064453125
0.244964599609375 -0.09393310546875 0.11480712890625 -0.0859527587890625
0.1781005859375 -0.204803466796875 0.131706237792969 -0.100364685058594
-0.00746154785156248 -0.229843139648437 0.0545806884765625 -0.155609130859375
-0.117706298828125 -0.152862548828125 -0.0221099853515625 -0.133949279785156
-0.190093994140625 -0.02496337890625 -0.0887832641601562 -0.0664596557617188
-0.179489135742188 0.059783935546875 -0.0707321166992188 -0.004302978515625
-0.1644287109375 0.0586395263671875 -0.0166530609130859 0.0117120742797852
-0.184707641601563 0.0861358642578125 0.00699615478515624 0.00324153900146485
-0.1956787109375 0.032073974609375 0.0322380065917969 0.0289115905761719
-0.194534301757813 -0.08258056640625 0.0411376953125 0.039886474609375
-0.117645263671875 -0.180206298828125 -0.00449752807617188 0.0659751892089844
0.087738037109375 -0.233444213867188 -0.0533103942871094 0.0636482238769531
0.2161865234375 -0.180816650390625 -0.0739517211914062 -0.00335693359375001
0.299530029296875 -0.0469970703125 0.0124845504760742 -0.00066947937011719
0.2606201171875 0.0482940673828125 0.167999267578125 -0.146011352539062
0.238601684570313 -0.033721923828125 0.188217163085938 -0.0852203369140625
0.2039794921875 -0.156723022460938 0.15643310546875 -0.0836334228515625
0.0312347412109375 -0.218582153320313 0.0947647094726562 -0.123832702636719
-0.0919952392578125 -0.163375854492188 0.0335235595703125 -0.1129150390625
-0.182907104492188 -0.0439300537109375 -0.0223388671875 -0.0758209228515625
-0.178863525390625 0.0423431396484375 -0.0100975036621094 -0.03826904296875
-0.164581298828125 0.0451812744140625 0.0304107666015625 -0.0237846374511719
-0.18743896484375 0.071746826171875 0.0559768676757812 -0.0303230285644531
-0.192520141601563 0.0184783935546875 0.0825119018554687 0.00868988037109375
-0.181900024414063 -0.0934295654296875 0.0837554931640625 0.0344314575195313
-0.09600830078125 -0.179061889648437 0.0261459350585938 0.0712814331054687
0.106094360351562 -0.205093383789063 -0.0356407165527343 0.0646820068359375
0.213226318359375 -0.12994384765625 -0.0308170318603516 -0.025634765625
0.262527465820313 0.0018768310546875 0.103424072265625 -0.0015716552734375
0.160064697265625 0.0838775634765625 0.253768920898438 -0.117752075195313
0.177749633789063 0.02984619140625 0.242019653320313 -0.07366943359375
0.182144165039062 -0.0752410888671875 0.165435791015625 -0.063812255859375
0.0592498779296875 -0.159698486328125 0.118827819824219 -0.08807373046875
-0.0492935180664063 -0.138671875 0.0739288330078125 -0.083770751953125
-0.142120361328125 -0.05377197265625 0.0364837646484375 -0.0753250122070313
-0.14794921875 0.017425537109375 0.0462532043457031 -0.0651626586914062
-0.13885498046875 0.024688720703125 0.074066162109375 -0.0551605224609375
-0.162918090820313 0.04583740234375 0.103775024414062 -0.0581283569335938
-0.164871215820313 0.000854492187500029 0.129722595214844 -0.00424957275390625
-0.145965576171875 -0.095123291015625 0.120445251464844 0.03662109375
-0.060760498046875 -0.160430908203125 0.0511550903320313 0.0811920166015625
0.117202758789063 -0.154190063476563 -0.0220069885253906 0.0689353942871094
0.190597534179688 -0.0614776611328125 0.0101680755615234 -0.0341644287109375
0.195343017578125 0.054718017578125 0.178985595703125 0.0130157470703125
0.0335464477539063 0.103828430175781 0.295654296875 -0.089569091796875
0.082427978515625 0.080535888671875 0.26287841796875 -0.062164306640625
0.120620727539062 0.0119171142578125 0.158355712890625 -0.052093505859375
0.0682830810546875 -0.0745773315429688 0.124824523925781 -0.061676025390625
-0.00377655029296876 -0.0866928100585938 0.092132568359375 -0.0594635009765625
-0.0777053833007813 -0.05029296875 0.077056884765625 -0.0701675415039063
-0.092620849609375 -0.00796508789062502 0.0875244140625 -0.0818557739257813
-0.0910110473632813 0.00100708007812502 0.1058349609375 -0.077850341796875
-0.113967895507812 0.014404296875 0.142105102539063 -0.0755462646484375
-0.114334106445312 -0.0149688720703125 0.167938232421875 -0.01019287109375
-0.0940628051757813 -0.0830764770507812 0.148880004882813 0.0465545654296875
-0.0229034423828125 -0.120452880859375 0.0693130493164063 0.0969161987304687
0.108978271484375 -0.0880126953125 -0.0147247314453125 0.0787811279296875
0.140220642089844 0.00890350341796875 0.0423812866210938 -0.0271644592285156
0.100692749023437 0.097869873046875 0.227828979492187 0.04144287109375
0.0320587158203125 -0.0977554321289063 -0.227874755859375 -0.0322113037109375
-0.0693397521972656 -0.0459938049316406 -0.0600395202636719 0.0176506042480469
-0.0606307983398437 0.0177650451660156 0.0238723754882812 -0.0797576904296875
-0.0126914978027344 0.0498809814453125 -0.0672836303710937 -0.128341674804688
0.0245780944824219 0.0402870178222656 -0.149810791015625 -0.0712738037109375
0.0464134216308594 0.0199851989746094 -0.177017211914063 0.02337646484375
0.0374298095703125 0.0166435241699219 -0.152603149414063 0.0931396484375
0.0344161987304688 0.0186939239501953 -0.108528137207031 0.0916900634765625
0.036956787109375 0.0293655395507813 -0.0910263061523437 0.0876007080078125
0.0058441162109375 0.0469779968261719 -0.087554931640625 0.0695037841796875
-0.0380058288574219 0.0381088256835937 -0.0865097045898438 0.0609588623046875
-0.070648193359375 -0.0117950439453125 -0.112808227539063 0.0515670776367188
-0.0429000854492188 -0.0858230590820312 -0.153656005859375 0.0370330810546875
0.0162582397460938 -0.121528625488281 -0.22845458984375 0.0613555908203125
0.07940673828125 -0.110626220703125 -0.277084350585937 0.0563812255859375
0.137771606445313 -0.105133056640625 -0.2108154296875 -0.0744476318359375
0.0102005004882812 -0.0952224731445313 -0.0542144775390625 -0.00911712646484376
-0.0215568542480469 -0.0650711059570313 0.0347518920898438 -0.0925750732421875
-0.0380630493164063 -0.0237655639648438 -0.059417724609375 -0.14642333984375
-0.0313167572021484 0.000503540039062496 -0.146194458007812 -0.0940704345703125
-0.0242748260498047 0.0255908966064453 -0.186431884765625 0.00958251953125001
-0.0260963439941406 0.045654296875 -0.157684326171875 0.08642578125
-0.0258903503417969 0.0418128967285156 -0.104217529296875 0.08709716796875
-0.0306968688964844 0.0552177429199219 -0.0870742797851563 0.0805740356445313
-0.0602607727050781 0.04437255859375 -0.0776824951171875 0.0683822631835938
-0.0906906127929688 -0.00354766845703125 -0.0697250366210937 0.0582351684570313
-0.0851211547851563 -0.077423095703125 -0.0945663452148437 0.0530014038085937
0.00946044921875002 -0.148696899414063 -0.127098083496094 0.0454940795898437
0.0982666015625 -0.160888671875 -0.19683837890625 0.057464599609375
0.178939819335938 -0.113998413085938 -0.232894897460937 0.0428466796875
0.22802734375 -0.0913848876953125 -0.154098510742187 -0.113479614257812
0.0983963012695313 -0.1258544921875 -0.0219306945800781 -0.0388870239257813
0.03448486328125 -0.142730712890625 0.058074951171875 -0.102882385253906
-0.05145263671875 -0.103782653808594 -0.0359344482421875 -0.159881591796875
-0.0806884765625 -0.0481185913085938 -0.122451782226562 -0.114692687988281
-0.0931396484375 0.0214691162109375 -0.173873901367188 -0.012298583984375
-0.0865859985351562 0.06494140625 -0.14434814453125 0.0660858154296875
-0.0817642211914062 0.0579071044921875 -0.0847702026367187 0.0712738037109375
-0.0913925170898437 0.0764846801757813 -0.0664405822753906 0.0636520385742187
-0.116783142089844 0.0451812744140625 -0.0505409240722656 0.0611419677734375
-0.13836669921875 -0.0319442749023438 -0.0394058227539063 0.0549354553222656
-0.106010437011719 -0.123336791992188 -0.0664901733398438 0.0583610534667969
0.038177490234375 -0.197601318359375 -0.0975875854492188 0.0554885864257813
0.149612426757813 -0.191436767578125 -0.155410766601563 0.0473175048828125
0.245437622070313 -0.110000610351563 -0.161895751953125 0.02978515625
0.2835693359375 -0.058929443359375 -0.0649185180664063 -0.140312194824219
0.176345825195312 -0.128036499023438 0.0331993103027344 -0.0652084350585938
0.0982666015625 -0.194717407226563 0.0891036987304688 -0.10589599609375
-0.0461578369140625 -0.173828125 0.00146484375 -0.16204833984375
-0.112388610839844 -0.0980758666992188 -0.0802001953125 -0.127250671386719
-0.147659301757813 0.00852966308593747 -0.139511108398438 -0.0366744995117188
-0.134544372558594 0.0721588134765625 -0.112602233886719 0.035675048828125
-0.124855041503906 0.0657272338867188 -0.0528106689453125 0.0445022583007813
-0.137641906738281 0.0898590087890625 -0.0331382751464844 0.0370140075683594
-0.157379150390625 0.0463409423828125 -0.0121421813964844 0.0462226867675781
-0.171859741210938 -0.049896240234375 -0.000736236572265633 0.0470733642578125
-0.121337890625 -0.149063110351562 -0.0340538024902344 0.06134033203125
0.052947998046875 -0.223434448242188 -0.0707244873046875 0.0604629516601563
0.177566528320313 -0.200057983398438 -0.112541198730469 0.0263214111328125
0.277664184570312 -0.09326171875 -0.07672119140625 0.0142898559570312
0.29058837890625 -0.014801025390625 0.042694091796875 -0.151107788085938
0.22174072265625 -0.0973968505859375 0.102554321289063 -0.0819168090820313
0.154266357421875 -0.200729370117188 0.12091064453125 -0.0987167358398438
-0.01947021484375 -0.211593627929687 0.046295166015625 -0.147720336914063
-0.116500854492188 -0.135055541992188 -0.0259857177734375 -0.126121520996094
-0.175949096679688 -0.011199951171875 -0.0864334106445313 -0.058074951171875
-0.1619873046875 0.066314697265625 -0.0660057067871094 -0.000110626220703129
-0.148727416992188 0.0631561279296875 -0.0138530731201172 0.0114593505859375
-0.163482666015625 0.09136962890625 0.0070352554321289 0.0044398307800293
-0.177688598632813 0.04156494140625 0.0316143035888672 0.0261096954345703
-0.183990478515625 -0.0629425048828125 0.0391654968261719 0.0364913940429687
-0.119735717773438 -0.160186767578125 -0.00209045410156251 0.0626106262207031
0.06903076171875 -0.222244262695313 -0.0484886169433594 0.0611801147460937
0.1898193359375 -0.17901611328125 -0.0714111328125 0.000221252441406246
0.27691650390625 -0.0595703125 0.0115394592285156 6.86645507812464E-05
0.244369506835938 0.0311431884765625 0.147537231445313 -0.143936157226563
0.218704223632813 -0.0421905517578125 0.170440673828125 -0.0864715576171875
0.181381225585937 -0.15771484375 0.144943237304687 -0.083526611328125
0.017333984375 -0.203292846679688 0.0854339599609375 -0.120468139648438
-0.0933685302734375 -0.146286010742188 0.0268173217773437 -0.109077453613281
-0.17041015625 -0.0296630859375 -0.0256729125976563 -0.0703125
-0.162567138671875 0.05029296875 -0.012359619140625 -0.03521728515625
-0.149826049804688 0.0511627197265625 0.0278091430664062 -0.0237102508544922
-0.1680908203125 0.0785064697265625 0.0501480102539062 -0.0295791625976563
-0.17645263671875 0.029754638671875 0.0770950317382812 0.00506591796875
-0.173263549804687 -0.0742950439453125 0.0779800415039062 0.0287704467773437
-0.09893798828125 -0.1605224609375 0.0268096923828125 0.0652732849121094
0.0877838134765625 -0.196487426757812 -0.0316734313964844 0.062286376953125
0.190322875976563 -0.132049560546875 -0.0322628021240234 -0.0222835540771484
0.244918823242188 -0.012176513671875 0.0955581665039063 -0.00601959228515625
0.152664184570313 0.0694427490234375 0.228805541992188 -0.122940063476563
0.166015625 0.02020263671875 0.220138549804688 -0.0789947509765625
0.16632080078125 -0.0804901123046875 0.153488159179687 -0.0650482177734375
0.0466766357421875 -0.150787353515625 0.10943603515625 -0.0876388549804688
-0.0529251098632812 -0.125694274902344 0.06573486328125 -0.0838851928710938
-0.133522033691406 -0.0412826538085937 0.0293655395507812 -0.073516845703125
-0.135963439941406 0.0255203247070312 0.0385360717773437 -0.0629653930664063
-0.127418518066406 0.0304412841796875 0.0664100646972656 -0.054718017578125
-0.147247314453125 0.053192138671875 0.0925369262695312 -0.0575714111328125
-0.152557373046875 0.0115814208984375 0.119583129882813 -0.0097808837890625
-0.141571044921875 -0.0790252685546875 0.112335205078125 0.0287322998046875
-0.0654754638671875 -0.145217895507812 0.051025390625 0.0737762451171875
0.10107421875 -0.150177001953125 -0.0182762145996094 0.0658798217773438
0.173782348632813 -0.067047119140625 0.00539398193359376 -0.0328693389892578
0.184478759765625 0.0411224365234375 0.165802001953125 0.0031280517578125
0.0358428955078125 0.0953598022460938 0.26885986328125 -0.099334716796875
0.0804977416992188 0.0718841552734375 0.241058349609375 -0.069854736328125
0.113807678222656 0.00372314453125 0.146865844726563 -0.0543060302734375
0.059295654296875 -0.07318115234375 0.1158447265625 -0.0631637573242188
-0.00811767578125 -0.080352783203125 0.0839996337890625 -0.0617523193359375
-0.0743255615234375 -0.0420074462890625 0.0674667358398438 -0.071044921875
-0.0871124267578125 -0.00209045410156252 0.0756454467773438 -0.0810775756835938
-0.0849761962890625 0.00588989257812498 0.094146728515625 -0.0774612426757813
-0.104286193847656 0.0205535888671875 0.127174377441406 -0.076690673828125
-0.1072998046875 -0.00653839111328123 0.154693603515625 -0.018035888671875
-0.09246826171875 -0.071441650390625 0.139183044433594 0.0358657836914062
-0.0281448364257813 -0.110733032226563 0.068267822265625 0.0872344970703125
0.0972824096679688 -0.087738037109375 -0.0110626220703125 0.0745010375976563
0.131088256835938 0.001495361328125 0.0359382629394531 -0.0282173156738281
0.0986404418945312 0.0856781005859375 0.212966918945313 0.0269622802734375
0.0280227661132812 -0.0963973999023438 -0.216278076171875 -0.0220184326171875
-0.0670318603515625 -0.0406837463378906 -0.0543098449707031 0.0210838317871094
-0.0582923889160156 0.0200538635253906 0.0215301513671875 -0.0783004760742188
-0.0103683471679687 0.0480842590332031 -0.0674819946289062 -0.120590209960938
0.0245323181152344 0.0374565124511719 -0.144287109375 -0.063507080078125
0.046173095703125 0.0169830322265625 -0.166915893554688 0.0269317626953125
0.0372581481933594 0.0140571594238281 -0.140914916992188 0.0937347412109375
0.0337142944335938 0.0157184600830078 -0.099212646484375 0.089752197265625
0.0362548828125 0.0250434875488281 -0.0823211669921875 0.0866470336914063
0.00848770141601562 0.0436210632324219 -0.0799789428710937 0.0698471069335938
-0.0338478088378906 0.0376167297363281 -0.0805206298828125 0.0618438720703125
-0.0681190490722656 -0.00820541381835936 -0.107460021972656 0.0533905029296875
-0.0439224243164063 -0.0803604125976563 -0.14794921875 0.03875732421875
0.010955810546875 -0.115959167480469 -0.216629028320313 0.0643157958984374
0.0731277465820313 -0.108551025390625 -0.262191772460938 0.063568115234375
0.128776550292969 -0.106315612792969 -0.201858520507813 -0.06201171875
0.00638580322265625 -0.090118408203125 -0.0498504638671875 -0.00386810302734376
-0.0241584777832031 -0.0607337951660156 0.0322494506835938 -0.090179443359375
-0.0375595092773438 -0.0201377868652344 -0.0599212646484375 -0.138031005859375
-0.0294551849365234 0.00236701965332031 -0.141616821289063 -0.0854949951171875
-0.0204753875732422 0.0256004333496094 -0.176101684570313 0.0142059326171875
-0.021484375 0.0443344116210938 -0.146194458007812 0.08740234375
-0.0225639343261719 0.0402030944824219 -0.0952377319335938 0.0856246948242188
-0.0260581970214844 0.0526542663574219 -0.0787811279296875 0.080169677734375
-0.0536270141601563 0.044158935546875 -0.07080078125 0.068145751953125
-0.0847930908203125 0.000640869140624994 -0.0648384094238281 0.0589370727539062
-0.08349609375 -0.069915771484375 -0.0902328491210938 0.0540618896484375
0.00352478027343748 -0.14215087890625 -0.122802734375 0.0457916259765625
0.0865325927734375 -0.156784057617188 -0.187255859375 0.0601959228515625
0.167709350585938 -0.114471435546875 -0.22027587890625 0.0492095947265625
0.215225219726562 -0.0959930419921875 -0.149795532226563 -0.101333618164063
0.0891647338867188 -0.121612548828125 -0.0209064483642578 -0.0328197479248047
0.0269699096679687 -0.137290954589844 0.0548782348632813 -0.100006103515625
-0.0533523559570313 -0.095733642578125 -0.0373992919921875 -0.151824951171875
-0.0775680541992187 -0.0426101684570313 -0.120018005371094 -0.107048034667969
-0.0855560302734375 0.0245895385742187 -0.165481567382813 -0.00700378417968747
-0.0783157348632813 0.0656585693359375 -0.13433837890625 0.0675125122070312
-0.0751953125 0.0577392578125 -0.0770645141601563 0.06951904296875
-0.0819168090820312 0.075653076171875 -0.0599174499511719 0.0633049011230469
-0.107383728027344 0.0472793579101563 -0.0451240539550781 0.060943603515625
-0.130622863769531 -0.0241165161132813 -0.0359649658203125 0.055389404296875
-0.105072021484375 -0.112709045410156 -0.0634346008300781 0.0584869384765625
0.0292205810546875 -0.189682006835938 -0.0946731567382813 0.0543365478515625
0.134384155273438 -0.187347412109375 -0.148208618164063 0.04937744140625
0.231048583984375 -0.113006591796875 -0.152755737304688 0.034515380859375
0.268905639648438 -0.065948486328125 -0.0663299560546875 -0.129386901855469
0.163040161132813 -0.125732421875 0.0302658081054688 -0.059234619140625
0.0861663818359375 -0.189605712890625 0.0850067138671875 -0.103225708007813
-0.0500030517578125 -0.162384033203125 -0.000762939453124989 -0.155426025390625
-0.109169006347656 -0.08905029296875 -0.0799179077148438 -0.120704650878906
-0.13763427734375 0.0139923095703125 -0.133865356445313 -0.0312042236328125
-0.124076843261719 0.0739898681640625 -0.104949951171875 0.0382843017578125
-0.115577697753906 0.0669021606445313 -0.0476570129394531 0.0434494018554687
-0.125221252441406 0.090789794921875 -0.0294342041015625 0.0378036499023438
-0.145233154296875 0.0502166748046875 -0.00943756103515626 0.0456657409667969
-0.163681030273438 -0.03924560546875 -0.000301361083984384 0.0467376708984375
-0.120338439941406 -0.136116027832031 -0.0321235656738281 0.0607948303222656
0.042694091796875 -0.214508056640625 -0.0680160522460938 0.0592460632324219
0.16009521484375 -0.196456909179687 -0.1082763671875 0.028656005859375
0.262191772460938 -0.0982208251953125 -0.0725250244140625 0.0168838500976562
0.2763671875 -0.023773193359375 0.035125732421875 -0.143844604492188
0.207046508789063 -0.0977630615234375 0.09466552734375 -0.0781707763671875
0.139251708984375 -0.197036743164063 0.115798950195313 -0.09619140625
-0.0254669189453125 -0.199203491210938 0.04290771484375 -0.14312744140625
-0.114341735839844 -0.124031066894531 -0.0279693603515625 -0.121597290039063
-0.165390014648438 -0.00373840332031254 -0.0850067138671875 -0.0533676147460938
-0.150054931640625 0.0694580078125 -0.0628242492675781 0.00220489501953126
-0.138565063476563 0.0653533935546875 -0.0114011764526367 0.0107765197753906
-0.14990234375 0.093658447265625 0.0074472427368164 0.00541782379150391
-0.16473388671875 0.047515869140625 0.0310344696044922 0.0251426696777344
-0.176010131835938 -0.0513916015625 0.0374946594238281 0.034942626953125
-0.11956787109375 -0.147476196289063 -0.0011444091796875 0.0606575012207031
0.05731201171875 -0.214309692382813 -0.0462684631347656 0.0596199035644531
0.172515869140625 -0.176910400390625 -0.070037841796875 0.0024566650390625
0.262115478515625 -0.06591796875 0.0106697082519531 0.000471115112304683
0.233444213867188 0.021697998046875 0.134536743164063 -0.140823364257813
0.205703735351562 -0.0452880859375 0.159103393554688 -0.0847320556640625
0.16729736328125 -0.157089233398438 0.13848876953125 -0.0814437866210938
0.00967407226562502 -0.192642211914063 0.0808258056640625 -0.1177978515625
-0.0927352905273438 -0.135711669921875 0.0230712890625 -0.107650756835938
-0.160873413085938 -0.0214996337890625 -0.0277671813964844 -0.0668258666992188
-0.151748657226563 0.054473876953125 -0.0134830474853516 -0.0327587127685547
-0.140625 0.0541534423828125 0.0266017913818359 -0.0235309600830078
-0.154327392578125 0.0817108154296875 0.0472221374511719 -0.0281219482421875
-0.164901733398437 0.0357818603515625 0.0729598999023437 0.00354766845703125
-0.167282104492187 -0.0620574951171875 0.0737838745117187 0.02593994140625
-0.100006103515625 -0.148544311523437 0.0267753601074219 0.0627365112304687
0.0766754150390625 -0.190597534179688 -0.0296401977539063 0.0598869323730469
0.175033569335938 -0.131637573242188 -0.0335254669189453 -0.0200729370117188
0.233169555664062 -0.019744873046875 0.0903396606445313 -0.008453369140625
0.147247314453125 0.0616912841796875 0.212265014648437 -0.124176025390625
0.158523559570313 0.01544189453125 0.206573486328125 -0.0805206298828125
0.155914306640625 -0.0835723876953125 0.146636962890625 -0.064453125
0.0391998291015625 -0.14483642578125 0.104804992675781 -0.0874710083007813
-0.0539169311523438 -0.117561340332031 0.0611953735351563 -0.084381103515625
-0.127372741699219 -0.0340194702148438 0.0245361328125 -0.0714950561523438
-0.127960205078125 0.0301589965820312 0.03338623046875 -0.061248779296875
-0.12017822265625 0.0338897705078125 0.0614356994628906 -0.0540542602539063
-0.136688232421875 0.0573043823242188 0.0858917236328125 -0.056427001953125
-0.143173217773438 0.0181427001953125 0.11248779296875 -0.0126419067382812
-0.137413024902344 -0.0683212280273438 0.106689453125 0.0242385864257812
-0.0680007934570312 -0.135345458984375 0.0498542785644531 0.0687751770019531
0.09130859375 -0.14666748046875 -0.0167961120605469 0.0632209777832031
0.162002563476563 -0.0694427490234375 0.0023632049560547 -0.0319671630859375
0.177459716796875 0.0323638916015625 0.157424926757812 -0.0023193359375
0.0363693237304688 0.0897064208984375 0.251144409179688 -0.103439331054688
0.0792312622070312 0.0669326782226562 0.226852416992188 -0.0734405517578125
0.109619140625 -0.0013275146484375 0.140457153320313 -0.0542678833007813
0.053985595703125 -0.0715255737304688 0.111610412597656 -0.0641860961914063
-0.00977325439453125 -0.0760879516601563 0.0791854858398438 -0.0632247924804688
-0.0720901489257813 -0.0371246337890625 0.0603790283203125 -0.0712127685546875
-0.0834274291992188 0.00215148925781248 0.0679550170898438 -0.0801773071289063
-0.080963134765625 0.00890350341796874 0.086700439453125 -0.0761184692382813
-0.09796142578125 0.02447509765625 0.117469787597656 -0.0759429931640625
-0.102462768554688 -0.00135040283203124 0.1461181640625 -0.02117919921875
-0.09124755859375 -0.0639724731445313 0.13177490234375 0.0301132202148437
-0.0308609008789063 -0.104545593261719 0.0670852661132813 0.08123779296875
0.0903167724609375 -0.0869979858398438 -0.0089569091796875 0.0712432861328125
0.124595642089844 -0.00241851806640625 0.0313129425048828 -0.0291175842285156
0.0965423583984375 0.07855224609375 0.202133178710938 0.018524169921875
0.0242767333984375 -0.096954345703125 -0.210968017578125 -0.01312255859375
-0.0667724609375 -0.0369300842285156 -0.0494155883789062 0.0249252319335938
-0.0570564270019531 0.0226478576660156 0.0196304321289063 -0.0785140991210938
-0.00905609130859375 0.0478324890136719 -0.0690994262695313 -0.115989685058594
0.0260391235351563 0.0366706848144531 -0.14215087890625 -0.0572357177734375
0.0469894409179688 0.0144424438476563 -0.160873413085938 0.031005859375
0.0385780334472656 0.0115318298339844 -0.133270263671875 0.0953369140625
0.0337543487548828 0.0134601593017578 -0.0927200317382812 0.0904617309570313
0.0367965698242188 0.0213127136230469 -0.076202392578125 0.0876083374023438
0.0114059448242187 0.0413169860839844 -0.074951171875 0.0712738037109375
-0.0303688049316406 0.0383567810058594 -0.0767593383789063 0.06439208984375
-0.0669631958007813 -0.00458526611328124 -0.105293273925781 0.0565261840820313
-0.04669189453125 -0.0770492553710938 -0.145599365234375 0.0416717529296875
0.00571441650390624 -0.113471984863281 -0.20965576171875 0.0698394775390625
0.0683975219726563 -0.109169006347656 -0.253189086914063 0.071990966796875
0.122688293457031 -0.110557556152344 -0.19830322265625 -0.052398681640625
0.00289154052734376 -0.0869827270507812 -0.0466766357421875 0.000579833984374988
-0.0272102355957031 -0.0578155517578125 0.0306167602539062 -0.0903091430664063
-0.0378875732421875 -0.0169258117675781 -0.062408447265625 -0.133552551269531
-0.0281352996826172 0.00393486022949219 -0.140823364257813 -0.0796051025390625
-0.0169658660888672 0.0260238647460937 -0.17059326171875 0.019500732421875
-0.0176010131835938 0.0440025329589844 -0.138236999511719 0.0901336669921875
-0.0199508666992188 0.0393142700195312 -0.0884933471679687 0.086273193359375
-0.0220870971679688 0.0511436462402344 -0.0728912353515625 0.081787109375
-0.0487174987792969 0.0446281433105469 -0.0657081604003906 0.0697059631347656
-0.0814361572265625 0.00440979003906249 -0.0615768432617188 0.0608406066894531
-0.0843124389648438 -0.0640411376953125 -0.088226318359375 0.0571975708007812
-0.002777099609375 -0.138908386230469 -0.121383666992188 0.04833984375
0.0771331787109375 -0.155303955078125 -0.181838989257812 0.0650787353515625
0.160171508789063 -0.11871337890625 -0.213104248046875 0.0562744140625
0.207427978515625 -0.1029052734375 -0.148788452148437 -0.091522216796875
0.0823822021484375 -0.120254516601563 -0.0198173522949219 -0.0282802581787109
0.0196075439453125 -0.135299682617187 0.052886962890625 -0.100410461425781
-0.0558319091796875 -0.0898056030273437 -0.03985595703125 -0.148422241210938
-0.0767822265625 -0.0379486083984375 -0.120941162109375 -0.101844787597656
-0.0801773071289063 0.0279464721679687 -0.161529541015625 -0.00163269042968751
-0.0718307495117188 0.0667495727539062 -0.127609252929688 0.0711135864257813
-0.0701980590820313 0.0587997436523438 -0.071502685546875 0.0698928833007813
-0.0754852294921875 0.0763626098632812 -0.0546150207519531 0.0649185180664063
-0.100105285644531 0.0501022338867188 -0.0411224365234375 0.0621604919433594
-0.126693725585938 -0.017059326171875 -0.0336723327636719 0.0565872192382813
-0.106643676757812 -0.104347229003906 -0.0623931884765625 0.060302734375
0.0205230712890625 -0.186264038085938 -0.0936279296875 0.0558395385742187
0.122207641601562 -0.187225341796875 -0.144744873046875 0.0535125732421875
0.221954345703125 -0.118820190429688 -0.147628784179688 0.039520263671875
0.260818481445313 -0.0748748779296875 -0.0693359375 -0.122909545898437
0.154312133789063 -0.126739501953125 0.0282630920410156 -0.0557632446289063
0.075592041015625 -0.1881103515625 0.0823135375976563 -0.103614807128906
-0.0554046630859375 -0.155120849609375 -0.00354003906250001 -0.152969360351562
-0.109390258789063 -0.0821762084960938 -0.0821914672851563 -0.117713928222656
-0.131431579589844 0.0198135375976562 -0.132110595703125 -0.025970458984375
-0.116065979003906 0.0782623291015625 -0.100761413574219 0.0411453247070313
-0.109710693359375 0.069580078125 -0.0435409545898438 0.043243408203125
-0.116058349609375 0.0933074951171875 -0.0261917114257813 0.0391654968261719
-0.137405395507813 0.0553359985351563 -0.00680923461914063 0.046173095703125
-0.15899658203125 -0.0301971435546875 0.000991821289062488 0.0469093322753906
-0.122573852539063 -0.126960754394531 -0.0313606262207031 0.0615196228027344
0.0324859619140625 -0.212127685546875 -0.0675201416015625 0.0590782165527344
0.147064208984375 -0.197372436523437 -0.106422424316406 0.0316238403320312
0.252975463867188 -0.105575561523438 -0.0699539184570312 0.0198593139648438
0.269073486328125 -0.033782958984375 0.0288238525390625 -0.140365600585938
0.198196411132813 -0.101058959960938 0.089996337890625 -0.0764389038085938
0.128219604492188 -0.198013305664063 0.113327026367188 -0.0972518920898438
-0.03302001953125 -0.192169189453125 0.039703369140625 -0.14239501953125
-0.115394592285156 -0.116714477539062 -0.031402587890625 -0.1209716796875
-0.159194946289063 0.00375366210937503 -0.0854110717773438 -0.0491256713867187
-0.142425537109375 0.074981689453125 -0.0609016418457031 0.00489044189453125
-0.132064819335938 0.0690765380859375 -0.00978565216064454 0.0106420516967773
-0.140159606933594 0.0974197387695312 0.00811576843261718 0.00636863708496094
-0.15655517578125 0.0537872314453125 0.0315113067626953 0.0245094299316406
-0.172134399414063 -0.0410919189453125 0.0370216369628906 0.0345726013183594
-0.121978759765625 -0.137947082519531 -0.000904083251953132 0.0604476928710937
0.0474090576171875 -0.212127685546875 -0.0458831787109375 0.0596199035644531
0.1605224609375 -0.1793212890625 -0.07049560546875 0.00522613525390624
0.253860473632813 -0.0743408203125 0.0105142593383789 0.000622749328613277
0.228286743164062 0.0128021240234375 0.125839233398438 -0.140975952148438
0.199111938476563 -0.0496826171875 0.15155029296875 -0.0858154296875
0.1571044921875 -0.160247802734375 0.135787963867188 -0.0830764770507813
0.00170898437500002 -0.187652587890625 0.0783843994140625 -0.118942260742188
-0.094757080078125 -0.129539489746094 0.0190353393554687 -0.108245849609375
-0.15643310546875 -0.0136260986328125 -0.0305290222167969 -0.0645217895507813
-0.1448974609375 0.06048583984375 -0.0150337219238281 -0.0309772491455078
-0.134468078613281 0.0585250854492188 0.0255813598632812 -0.0243186950683594
-0.144943237304687 0.086761474609375 0.0452499389648437 -0.0272674560546875
-0.157363891601563 0.0428009033203125 0.0712814331054687 0.00217437744140625
-0.164688110351563 -0.0521240234375 0.0719223022460938 0.023773193359375
-0.103683471679687 -0.139915466308594 0.0267372131347656 0.0608062744140625
0.066925048828125 -0.189224243164063 -0.028656005859375 0.0591926574707031
0.164901733398438 -0.134857177734375 -0.0354995727539062 -0.0186271667480469
0.227325439453125 -0.0286102294921875 0.0874557495117188 -0.0110397338867188
0.145477294921875 0.0552520751953125 0.20196533203125 -0.128173828125
0.155258178710937 0.0107879638671875 0.198150634765625 -0.08380126953125
0.149368286132813 -0.0881500244140625 0.144180297851563 -0.066497802734375
0.032989501953125 -0.142120361328125 0.102439880371094 -0.0900497436523438
-0.0564117431640625 -0.113578796386719 0.0568771362304688 -0.087158203125
-0.124801635742188 -0.0274429321289063 0.019744873046875 -0.0714111328125
-0.123222351074219 0.0354537963867187 0.0293807983398437 -0.0608062744140625
-0.115638732910156 0.0385055541992188 0.0583343505859375 -0.0549087524414063
-0.129295349121094 0.0619583129882812 0.081207275390625 -0.056640625
-0.137962341308594 0.024169921875 0.1090087890625 -0.015167236328125
-0.136077880859375 -0.0597305297851563 0.103355407714844 0.0206756591796875
-0.0722122192382813 -0.128952026367188 0.0500526428222656 0.0661392211914062
0.0833282470703125 -0.1470947265625 -0.0153083801269531 0.0621528625488281
0.155364990234375 -0.0740966796875 -0.00140762329101562 -0.0319614410400391
0.174819946289063 0.0249481201171875 0.1524658203125 -0.008148193359375
0.038330078125 0.0867691040039063 0.240570068359375 -0.110305786132813
0.0799179077148438 0.0631179809570313 0.218719482421875 -0.078765869140625
0.107627868652344 -0.00650787353515625 0.137962341308594 -0.0562591552734375
0.0495834350585938 -0.0725555419921875 0.109199523925781 -0.0677566528320313
-0.0122909545898438 -0.0743484497070313 0.0758209228515625 -0.0667877197265625
-0.0716629028320313 -0.032806396484375 0.0548629760742187 -0.0722885131835938
-0.0818328857421875 0.00630950927734375 0.0620498657226563 -0.080810546875
-0.0788650512695313 0.0122909545898438 0.0816268920898437 -0.0769882202148437
-0.093780517578125 0.0286331176757812 0.111061096191406 -0.076690673828125
-0.0997390747070313 0.00408935546874998 0.140762329101563 -0.0248870849609375
-0.0919342041015625 -0.0582046508789062 0.128578186035156 0.0252838134765625
-0.0343399047851563 -0.101356506347656 0.0668716430664063 0.0776519775390625
0.0856781005859375 -0.0893020629882813 -0.00749969482421875 0.0699119567871094
0.122093200683594 -0.00670623779296875 0.0272808074951172 -0.03057861328125
0.0972671508789063 0.0727005004882813 0.196868896484375 0.0104522705078125
0.0182418823242187 -0.099853515625 -0.207626342773438 -0.000976562500000004
-0.0677490234375 -0.0321807861328125 -0.0442886352539063 0.0287322998046875
-0.0553474426269531 0.0270652770996094 0.015869140625 -0.0796356201171875
-0.0065460205078125 0.0488510131835938 -0.0735549926757812 -0.110794067382813
0.0279426574707031 0.0353927612304688 -0.142227172851562 -0.0488433837890625
0.0484237670898438 0.0103874206542969 -0.155868530273438 0.037994384765625
0.0395584106445313 0.00803756713867188 -0.125038146972656 0.100967407226563
0.0341911315917969 0.0106067657470703 -0.0861358642578125 0.0942230224609375
0.03759765625 0.0177536010742188 -0.06903076171875 0.0906143188476563
0.0145683288574219 0.0390548706054688 -0.0696029663085937 0.075225830078125
-0.0265998840332031 0.0396881103515625 -0.0724029541015625 0.0682907104492188
-0.0665779113769531 0.000438690185546879 -0.102973937988281 0.0628204345703125
-0.051055908203125 -0.0726852416992188 -0.144302368164063 0.04864501953125
-0.00130462646484375 -0.111381530761719 -0.203140258789063 0.079376220703125
0.0620193481445312 -0.113067626953125 -0.2454833984375 0.0865325927734375
0.114662170410156 -0.1180419921875 -0.19781494140625 -0.0398406982421875
-0.0018463134765625 -0.08544921875 -0.0437164306640625 0.00563049316406249
-0.030975341796875 -0.0548896789550781 0.0269241333007812 -0.091827392578125
-0.0388526916503906 -0.0135154724121094 -0.0673065185546875 -0.129470825195312
-0.0270957946777344 0.0064849853515625 -0.143310546875 -0.0710601806640625
-0.0131931304931641 0.0259513854980469 -0.166641235351563 0.027557373046875
-0.0128326416015625 0.0439682006835938 -0.130546569824219 0.0966415405273437
-0.0170745849609375 0.0393791198730469 -0.0823974609375 0.08905029296875
-0.0176506042480469 0.0509185791015625 -0.0662078857421875 0.084686279296875
-0.0433883666992188 0.0457878112792969 -0.0604019165039063 0.0731887817382813
-0.0784530639648438 0.00978851318359376 -0.0578155517578125 0.0645484924316406
-0.0870819091796875 -0.0573654174804687 -0.0865707397460938 0.0623626708984375
-0.0116500854492187 -0.136482238769531 -0.120002746582031 0.0534286499023437
0.0659027099609375 -0.1573486328125 -0.176742553710937 0.073760986328125
0.151840209960938 -0.127548217773438 -0.20721435546875 0.0680389404296875
0.199356079101563 -0.115127563476563 -0.151596069335938 -0.081695556640625
0.074676513671875 -0.12200927734375 -0.0196247100830078 -0.0238285064697266
0.0102767944335938 -0.134071350097656 0.0485382080078125 -0.102668762207031
-0.0603866577148438 -0.0842056274414063 -0.0457305908203125 -0.145462036132813
-0.0774307250976562 -0.032318115234375 -0.125007629394531 -0.0954971313476563
-0.0750045776367187 0.0322265625 -0.158798217773438 0.0073394775390625
-0.0650482177734375 0.0703353881835938 -0.120834350585938 0.077392578125
-0.0653114318847656 0.0616073608398438 -0.0656967163085938 0.0714263916015625
-0.0678634643554688 0.0792312622070313 -0.0492668151855469 0.067718505859375
-0.0933456420898438 0.0552825927734375 -0.0366058349609375 0.0644149780273437
-0.124153137207031 -0.00840759277343752 -0.0305557250976563 0.0589790344238281
-0.110893249511719 -0.0960769653320313 -0.0606803894042969 0.0642013549804688
0.00834655761718752 -0.185501098632813 -0.0928955078125 0.0597152709960937
0.108245849609375 -0.190872192382813 -0.141647338867188 0.0608673095703125
0.21343994140625 -0.131072998046875 -0.143875122070313 0.0477294921875
0.25323486328125 -0.09014892578125 -0.0743331909179687 -0.116386413574219
0.145339965820313 -0.1318359375 0.0258064270019531 -0.0534477233886719
0.0626220703125 -0.190109252929688 0.0792312622070313 -0.106964111328125
-0.0634613037109375 -0.1483154296875 -0.00982666015625002 -0.152236938476563
-0.112037658691406 -0.0745849609375 -0.0877456665039063 -0.113616943359375
-0.126274108886719 0.0273513793945312 -0.132064819335937 -0.0183258056640625
-0.108085632324219 0.0836563110351563 -0.09600830078125 0.046234130859375
-0.103385925292969 0.0747756958007813 -0.0397834777832031 0.0445098876953125
-0.1065673828125 0.0987701416015625 -0.0225982666015625 0.040863037109375
-0.129524230957031 0.0624237060546875 -0.00357818603515626 0.0471954345703125
-0.156997680664063 -0.0193634033203125 0.00320053100585937 0.047821044921875
-0.128730773925781 -0.117149353027344 -0.0294647216796875 0.0638427734375
0.0189361572265625 -0.21075439453125 -0.0664291381835938 0.0625457763671875
0.131668090820313 -0.20208740234375 -0.105339050292969 0.0374526977539062
0.245025634765625 -0.119033813476563 -0.06829833984375 0.0244865417480469
0.263824462890625 -0.0489349365234375 0.020660400390625 -0.138954162597656
0.189971923828125 -0.10882568359375 0.0851287841796875 -0.0774765014648438
0.114120483398438 -0.203048706054687 0.110015869140625 -0.101837158203125
-0.0433807373046875 -0.1866455078125 0.0343780517578125 -0.144683837890625
-0.119888305664063 -0.108558654785156 -0.03765869140625 -0.119461059570312
-0.154327392578125 0.0132904052734375 -0.0875320434570313 -0.0435867309570312
-0.134002685546875 0.0827865600585938 -0.0594863891601563 0.00880432128906252
-0.125251770019531 0.076385498046875 -0.00789260864257813 0.0104866027832031
-0.129615783691406 0.104736328125 0.00940322875976562 0.00735569000244141
-0.1485595703125 0.0627593994140625 0.0329914093017578 0.0238227844238281
-0.170516967773438 -0.0289459228515625 0.0374374389648437 0.0336875915527344
-0.128189086914063 -0.12774658203125 0.00048446655273437 0.0605621337890625
0.0330657958984375 -0.212417602539063 -0.0443763732910156 0.0611076354980469
0.145889282226563 -0.185073852539062 -0.0713119506835937 0.0094146728515625
0.2469482421875 -0.088623046875 0.0100975036621094 0.000497817993164057
0.226547241210938 -0.000518798828125 0.115707397460938 -0.145187377929688
0.193603515625 -0.05853271484375 0.144607543945313 -0.0899505615234375
0.145477294921875 -0.167739868164063 0.132774353027344 -0.0890121459960938
-0.00880432128906251 -0.18438720703125 0.0733871459960938 -0.123435974121094
-0.100761413574219 -0.122268676757812 0.0126113891601563 -0.110488891601563
-0.153701782226563 -0.00338745117187499 -0.0346908569335937 -0.0617942810058594
-0.137672424316406 0.0689010620117188 -0.0161247253417969 -0.0290813446044922
-0.128097534179687 0.0662689208984375 0.0247840881347656 -0.0256404876708984
-0.135787963867187 0.0942153930664063 0.0433349609375 -0.0282745361328125
-0.150726318359375 0.0524749755859375 0.07073974609375 -9.15527343749968E-05
-0.164199829101563 -0.039642333984375 0.0712966918945312 0.0211181640625
-0.110519409179687 -0.130966186523438 0.0282325744628906 0.0595207214355469
0.05462646484375 -0.19134521484375 -0.0268745422363281 0.0601882934570312
0.153823852539063 -0.14215087890625 -0.0386085510253906 -0.0168304443359375
0.223388671875 -0.04156494140625 0.0849380493164063 -0.015625
0.146652221679688 0.045928955078125 0.190704345703125 -0.137252807617188
0.153945922851563 0.003448486328125 0.190353393554688 -0.091461181640625
0.142684936523438 -0.0957794189453125 0.1417236328125 -0.0727386474609375
0.0244598388671875 -0.141647338867187 0.0990447998046875 -0.09637451171875
-0.0616073608398438 -0.109481811523438 0.0518875122070312 -0.0909576416015625
-0.123779296875 -0.0188064575195313 0.0142288208007812 -0.0717315673828125
-0.118881225585938 0.0433197021484375 0.02490234375 -0.0614471435546875
-0.112312316894531 0.0452804565429687 0.0546493530273437 -0.0575637817382812
-0.122108459472656 0.0693817138671875 0.0770187377929688 -0.0589447021484375
-0.133346557617188 0.0333404541015625 0.106597900390625 -0.0190582275390625
-0.137718200683594 -0.0498123168945312 0.101921081542969 0.0162429809570312
-0.07904052734375 -0.122749328613281 0.051605224609375 0.063079833984375
0.073760986328125 -0.151107788085938 -0.0130729675292969 0.0619659423828125
0.148361206054687 -0.081207275390625 -0.00570678710937499 -0.0320606231689453
0.174072265625 0.014801025390625 0.149185180664063 -0.016876220703125
0.0429611206054688 0.0837936401367188 0.2296142578125 -0.121368408203125
0.0833206176757813 0.0582275390625 0.210433959960938 -0.08807373046875
0.106468200683594 -0.0131759643554688 0.135536193847656 -0.0618133544921875
0.044952392578125 -0.074554443359375 0.106697082519531 -0.07440185546875
-0.0161056518554687 -0.07305908203125 0.0721511840820313 -0.071929931640625
-0.0728073120117188 -0.0276641845703125 0.0487899780273437 -0.0751266479492188
-0.0807876586914063 0.0120086669921875 0.0557479858398437 -0.0830841064453125
-0.0777359008789063 0.0177459716796875 0.0760726928710938 -0.080596923828125
-0.0904083251953125 0.0342559814453125 0.105537414550781 -0.080596923828125
-0.0976333618164063 0.010772705078125 0.137039184570313 -0.0307998657226563
-0.0946197509765625 -0.0508804321289062 0.127037048339844 0.0189895629882812
-0.0407562255859375 -0.0980300903320313 0.069671630859375 0.073272705078125
0.0801620483398438 -0.0936203002929688 -0.0046234130859375 0.0695838928222656
0.120582580566406 -0.0132369995117188 0.0224494934082031 -0.0330867767333984
0.100357055664063 0.0667800903320313 0.19329833984375 -0.000686645507812496
0.0089569091796875 -0.100196838378906 -0.202239990234375 0.01519775390625
-0.0688018798828125 -0.0257225036621094 -0.0381965637207031 0.0327796936035156
-0.0525016784667969 0.0321693420410156 0.0106353759765625 -0.080230712890625
-0.00272750854492187 0.0490951538085938 -0.0789031982421875 -0.103355407714844
0.030853271484375 0.0330333709716797 -0.1416015625 -0.037353515625
0.04901123046875 0.00539016723632812 -0.148605346679687 0.0471649169921875
0.0397186279296875 0.0032501220703125 -0.1136474609375 0.107406616210938
0.0337810516357422 0.005859375 -0.076324462890625 0.0981674194335938
0.0377731323242188 0.0128135681152344 -0.0595703125 0.0935745239257813
0.0183563232421875 0.03546142578125 -0.0617294311523438 0.0788421630859375
-0.0216522216796875 0.0410728454589844 -0.0658645629882812 0.0727691650390625
-0.0648994445800781 0.00628662109375 -0.0976638793945313 0.0702056884765625
-0.0564460754394531 -0.0661430358886719 -0.138916015625 0.0580596923828125
-0.0106658935546875 -0.107879638671875 -0.192474365234375 0.0917205810546875
0.0519256591796875 -0.116828918457031 -0.232681274414062 0.103805541992188
0.101852416992188 -0.126686096191406 -0.19549560546875 -0.023284912109375
-0.00815582275390625 -0.0822677612304688 -0.0398063659667969 0.0109405517578125
-0.0358619689941406 -0.0496826171875 0.020721435546875 -0.0921783447265625
-0.0391731262207031 -0.00861358642578125 -0.0743255615234375 -0.121856689453125
-0.0251789093017578 0.00914192199707032 -0.144638061523438 -0.058929443359375
-0.00950241088867187 0.0260715484619141 -0.160079956054687 0.0387725830078125
-0.00778961181640625 0.0428237915039062 -0.119102478027344 0.10369873046875
-0.0132904052734375 0.0391845703125 -0.0731201171875 0.092620849609375
-0.0123329162597656 0.0495185852050781 -0.056884765625 0.0880203247070313
-0.0368385314941406 0.0468940734863281 -0.0529098510742188 0.0766754150390625
-0.0738677978515625 0.0159454345703125 -0.052093505859375 0.0680809020996094
-0.0892868041992188 -0.0482940673828125 -0.0817947387695312 0.0686569213867188
-0.0227737426757812 -0.131645202636719 -0.115913391113281 0.0615234375
0.0507659912109375 -0.1572265625 -0.167449951171875 0.085052490234375
0.139259338378906 -0.13690185546875 -0.19647216796875 0.083099365234375
0.185012817382813 -0.130142211914063 -0.15411376953125 -0.0674896240234375
0.064178466796875 -0.124176025390625 -0.0189914703369141 -0.0193119049072266
-0.001495361328125 -0.130867004394531 0.0421600341796875 -0.1044921875
-0.0657272338867188 -0.07574462890625 -0.0541000366210938 -0.139602661132813
-0.077880859375 -0.0252304077148438 -0.129470825195313 -0.0846633911132812
-0.0686912536621094 0.0368385314941406 -0.154342651367188 0.0186767578125
-0.0562210083007813 0.0733184814453125 -0.111373901367187 0.0844879150390625
-0.0582351684570313 0.0648117065429687 -0.0582962036132813 0.0738754272460938
-0.0586395263671875 0.0814895629882812 -0.041534423828125 0.0705642700195313
-0.0848922729492187 0.0602798461914063 -0.0298309326171875 0.0661735534667969
-0.119598388671875 0.00247192382812499 -0.02532958984375 0.0613784790039063
-0.115440368652344 -0.084075927734375 -0.0565032958984375 0.0691795349121094
-0.00736999511718749 -0.181045532226562 -0.0887985229492187 0.0656814575195313
0.08905029296875 -0.193283081054687 -0.13421630859375 0.0700149536132813
0.198684692382813 -0.145233154296875 -0.136810302734375 0.0579071044921875
0.24041748046875 -0.1090087890625 -0.0818099975585937 -0.107429504394531
0.132255554199219 -0.1387939453125 0.0228767395019531 -0.05133056640625
0.0454254150390625 -0.190277099609375 0.0718765258789063 -0.11114501953125
-0.0737075805664063 -0.138168334960937 -0.0188140869140625 -0.150054931640625
-0.115028381347656 -0.0638885498046875 -0.095184326171875 -0.105903625488281
-0.118438720703125 0.0361480712890625 -0.13018798828125 -0.00811767578124999
-0.096405029296875 0.0905380249023438 -0.0896453857421875 0.0523834228515625
-0.0939865112304688 0.0807342529296875 -0.0348472595214844 0.045562744140625
-0.094024658203125 0.104141235351563 -0.0174598693847656 0.04217529296875
-0.118568420410156 0.0710678100585938 0.00111770629882812 0.0472373962402344
-0.152481079101563 -0.00509643554687499 0.00642013549804686 0.0481338500976563
-0.133895874023438 -0.103294372558594 -0.0262374877929688 0.0661125183105469
0.000671386718750013 -0.207534790039063 -0.0632591247558594 0.0662384033203125
0.111083984375 -0.205841064453125 -0.101448059082031 0.0448684692382812
0.229949951171875 -0.136215209960937 -0.0644989013671875 0.0290260314941406
0.25360107421875 -0.0696563720703125 0.00907897949218752 -0.136642456054688
0.177505493164063 -0.119400024414063 0.0776748657226563 -0.0786209106445313
0.095367431640625 -0.207656860351563 0.102867126464844 -0.108116149902344
-0.0566253662109375 -0.176773071289063 0.024810791015625 -0.1456298828125
-0.125137329101563 -0.0967483520507813 -0.046630859375 -0.116050720214844
-0.147628784179688 0.0252227783203125 -0.0887908935546875 -0.0357666015625
-0.122489929199219 0.0917816162109375 -0.0570831298828125 0.0134353637695312
-0.115058898925781 0.0841903686523438 -0.00634956359863282 0.0098867416381836
-0.115997314453125 0.112152099609375 0.0108213424682617 0.00767517089843751
-0.137840270996094 0.0732192993164062 0.035430908203125 0.0218849182128906
-0.166763305664062 -0.0133209228515625 0.0384330749511719 0.0313339233398438
-0.134712219238281 -0.11370849609375 0.00313568115234375 0.0610580444335937
0.0146942138671875 -0.20947265625 -0.041351318359375 0.0633888244628906
0.126144409179688 -0.190689086914063 -0.0712203979492187 0.0147781372070312
0.235076904296875 -0.106277465820313 0.00981521606445314 -6.6757202148444E-05
0.220809936523438 -0.0187835693359375 0.101303100585938 -0.150070190429688
0.184616088867188 -0.070404052734375 0.134323120117188 -0.0961532592773437
0.128768920898438 -0.17498779296875 0.126045227050781 -0.0965652465820313
-0.0227203369140625 -0.178482055664063 0.0644912719726562 -0.128028869628906
-0.107810974121094 -0.112022399902344 0.00292205810546874 -0.110748291015625
-0.148040771484375 0.0088348388671875 -0.0394439697265625 -0.0573196411132812
-0.127708435058594 0.0789031982421875 -0.0181827545166016 -0.0269947052001953
-0.119384765625 0.075164794921875 0.022857666015625 -0.0275917053222656
-0.122474670410156 0.102981567382813 0.0414848327636719 -0.0294265747070312
-0.140167236328125 0.0638504028320312 0.0696563720703125 -0.00450134277343749
-0.162399291992188 -0.024566650390625 0.0705413818359375 0.0168075561523438
-0.118057250976563 -0.118675231933594 0.0305252075195312 0.0569381713867187
0.037139892578125 -0.191131591796875 -0.0238227844238281 0.0613250732421875
0.137252807617188 -0.149749755859375 -0.04180908203125 -0.0129203796386719
0.214797973632813 -0.0586090087890625 0.0812225341796875 -0.0217819213867188
0.146804809570313 0.03350830078125 0.174331665039063 -0.147933959960938
0.150772094726563 -0.008087158203125 0.178207397460938 -0.101226806640625
0.13201904296875 -0.105545043945313 0.135574340820313 -0.0808029174804688
0.0130691528320313 -0.140121459960938 0.0909652709960937 -0.102828979492188
-0.0685272216796875 -0.102607727050781 0.0434112548828125 -0.0949020385742188
-0.121131896972656 -0.00824737548828125 0.00753784179687499 -0.0707321166992188
-0.111869812011719 0.0533065795898438 0.01898193359375 -0.0611381530761719
-0.105308532714844 0.053741455078125 0.0491256713867188 -0.0602874755859375
-0.112724304199219 0.07818603515625 0.0711288452148438 -0.0619125366210937
-0.125732421875 0.044189453125 0.102928161621094 -0.0255508422851562
-0.137939453125 -0.0357818603515625 0.0994949340820313 0.009002685546875
-0.0871963500976562 -0.112945556640625 0.0540351867675781 0.0585403442382812
0.0597381591796875 -0.154190063476563 -0.0105476379394531 0.0619468688964844
0.137550354003906 -0.0904769897460937 -0.0111446380615234 -0.0304012298583984
0.171630859375 0.0005035400390625 0.143341064453125 -0.0275115966796875
0.0479354858398438 0.078704833984375 0.213821411132813 -0.135284423828125
0.086029052734375 0.0508575439453125 0.19854736328125 -0.100326538085938
0.103591918945313 -0.02239990234375 0.129692077636719 -0.0698928833007813
0.0378036499023438 -0.0764312744140625 0.100105285644531 -0.082183837890625
-0.021728515625 -0.0714797973632812 0.065032958984375 -0.07733154296875
-0.0730133056640625 -0.0206985473632813 0.0410919189453125 -0.0771560668945313
-0.0775299072265625 0.0197830200195313 0.0471267700195312 -0.0848464965820313
-0.0747909545898437 0.0241012573242188 0.0680770874023438 -0.0840072631835938
-0.0851516723632813 0.0415191650390625 0.0969619750976563 -0.0857086181640625
-0.0935821533203125 0.0193939208984375 0.131271362304688 -0.0395660400390625
-0.0970382690429687 -0.0413894653320313 0.124313354492188 0.0102691650390625
-0.0480499267578125 -0.092498779296875 0.07244873046875 0.0669021606445312
0.071502685546875 -0.099365234375 -0.00149154663085938 0.0682258605957031
0.116981506347656 -0.0219192504882812 0.0159568786621094 -0.0338325500488281
0.103340148925781 0.0572586059570313 0.187759399414062 -0.0160064697265625
-0.00109100341796875 -0.097381591796875 -0.190292358398438 0.0309906005859375
-0.0676689147949219 -0.0184822082519531 -0.0304679870605469 0.0351905822753906
-0.0471038818359375 0.0358085632324219 0.00494384765624999 -0.07733154296875
0.00149154663085938 0.0479927062988281 -0.081756591796875 -0.092926025390625
0.0328311920166016 0.0296421051025391 -0.13641357421875 -0.0252456665039063
0.0472793579101563 -0.000308990478515625 -0.137825012207031 0.0543746948242187
0.0382003784179688 -0.00147247314453125 -0.0988693237304688 0.110275268554687
0.0321388244628906 0.00217056274414063 -0.0649642944335937 0.0983810424804688
0.0365028381347656 0.00738525390625 -0.0487594604492187 0.0932846069335938
0.0210151672363281 0.0306358337402344 -0.0526504516601562 0.0799789428710938
-0.0158309936523438 0.040283203125 -0.0576400756835938 0.0751495361328125
-0.0613670349121094 0.0121879577636719 -0.0887069702148437 0.0755691528320312
-0.0592384338378906 -0.0573539733886719 -0.128990173339844 0.0659408569335937
-0.01904296875 -0.101005554199219 -0.175445556640625 0.1005859375
0.0396499633789062 -0.116310119628906 -0.21209716796875 0.117462158203125
0.0853347778320313 -0.129753112792969 -0.187332153320313 -0.00587463378906252
-0.0145187377929688 -0.0770263671875 -0.0343685150146484 0.0150470733642578
-0.0385894775390625 -0.0431060791015625 0.0143585205078125 -0.0905914306640625
-0.0375785827636719 -0.0035552978515625 -0.078460693359375 -0.111503601074219
-0.0227031707763672 0.0112476348876953 -0.14154052734375 -0.046295166015625
-0.00507545471191406 0.0242671966552734 -0.148773193359375 0.0477447509765625
-0.00281143188476562 0.0401573181152344 -0.104209899902344 0.107177734375
-0.00939559936523438 0.0370750427246094 -0.062255859375 0.0926895141601562
-0.00754547119140625 0.0468673706054687 -0.04638671875 0.088226318359375
-0.0300483703613281 0.0462074279785156 -0.044036865234375 0.0774154663085938
-0.0669708251953125 0.0213356018066406 -0.0446243286132813 0.0697441101074219
-0.087982177734375 -0.0379791259765625 -0.0743637084960937 0.0730819702148438
-0.03314208984375 -0.122367858886719 -0.107933044433594 0.0678558349609375
0.035186767578125 -0.151748657226563 -0.152786254882812 0.0930938720703125
0.12078857421875 -0.14251708984375 -0.180084228515625 0.0950469970703125
0.164596557617188 -0.139419555664063 -0.152175903320313 -0.05133056640625
0.0510330200195312 -0.121986389160156 -0.0173702239990234 -0.0143423080444336
-0.0126571655273437 -0.123367309570313 0.0342178344726562 -0.104293823242188
-0.0685234069824219 -0.0649833679199219 -0.0604248046875 -0.130332946777344
-0.075408935546875 -0.0172653198242188 -0.129554748535156 -0.0711441040039063
-0.0602226257324219 0.0400009155273437 -0.14495849609375 0.028778076171875
-0.04571533203125 0.0730819702148438 -0.0978851318359375 0.087890625
-0.0499038696289063 0.0652351379394531 -0.049346923828125 0.07379150390625
-0.0479202270507812 0.080810546875 -0.0328598022460937 0.0701751708984375
-0.0732879638671875 0.0630035400390625 -0.0222434997558594 0.0657005310058594
-0.111488342285156 0.0119094848632813 -0.0200119018554688 0.0614814758300781
-0.11566162109375 -0.0698165893554688 -0.0501327514648438 0.0718460083007813
-0.0223236083984375 -0.170166015625 -0.082366943359375 0.0699920654296875
0.0680084228515625 -0.188583374023438 -0.123390197753906 0.0768661499023438
0.176986694335938 -0.15521240234375 -0.12554931640625 0.0661697387695312
0.219284057617187 -0.12359619140625 -0.0867996215820312 -0.0950164794921875
0.1153564453125 -0.141036987304688 0.0192489624023438 -0.0475540161132813
0.027313232421875 -0.183853149414063 0.0624542236328125 -0.112403869628906
-0.080322265625 -0.124191284179687 -0.027862548828125 -0.142562866210938
-0.1141357421875 -0.0511474609375 -0.0987777709960938 -0.0947036743164063
-0.107963562011719 0.0436782836914063 -0.124000549316406 0.00225830078125003
-0.0824661254882813 0.0931396484375 -0.08062744140625 0.0567626953125
-0.0820846557617187 0.0836639404296875 -0.0289382934570313 0.0444488525390625
-0.0793991088867188 0.104866027832031 -0.0122489929199219 0.0417861938476563
-0.104316711425781 0.076202392578125 0.00587844848632812 0.0456809997558594
-0.142822265625 0.0077972412109375 0.00905227661132811 0.0467567443847656
-0.134719848632813 -0.08642578125 -0.0218315124511719 0.0669517517089844
-0.01678466796875 -0.196243286132813 -0.057830810546875 0.0687980651855469
0.0874176025390625 -0.2025146484375 -0.0947113037109375 0.0508651733398437
0.20867919921875 -0.148635864257813 -0.0595436096191406 0.03289794921875
0.235443115234375 -0.0862884521484375 -0.00321197509765624 -0.129745483398438
0.15899658203125 -0.125869750976563 0.0685577392578125 -0.0779342651367188
0.073822021484375 -0.204345703125 0.0922698974609375 -0.111305236816406
-0.0672760009765625 -0.16259765625 0.014129638671875 -0.142257690429688
-0.126510620117187 -0.082122802734375 -0.0541915893554688 -0.108306884765625
-0.135917663574219 0.0361785888671875 -0.0874557495117188 -0.0268783569335938
-0.106582641601563 0.0971298217773437 -0.0526123046875 0.0168914794921875
-0.102394104003906 0.0892181396484375 -0.00482559204101563 0.0090484619140625
-0.0991897583007813 0.11505126953125 0.012425422668457 0.00696372985839844
-0.122032165527344 0.0805130004882813 0.0360183715820312 0.0189895629882813
-0.15765380859375 0.00178527832031249 0.0391311645507812 0.0279884338378906
-0.136474609375 -0.0957489013671875 0.00616455078125 0.0593605041503906
-0.0037689208984375 -0.1998291015625 -0.0370559692382812 0.0648002624511719
0.103515625 -0.189239501953125 -0.0683021545410156 0.0202789306640625
0.214950561523438 -0.12005615234375 0.00898170471191408 -0.00108432769775391
0.207870483398438 -0.0352020263671875 0.08319091796875 -0.14935302734375
0.170272827148438 -0.0803070068359375 0.12030029296875 -0.0985641479492188
0.108154296875 -0.176986694335938 0.115463256835937 -0.101699829101563
-0.0353546142578125 -0.166519165039062 0.0532760620117187 -0.128837585449219
-0.111228942871094 -0.09808349609375 -0.00572204589843752 -0.1070556640625
-0.138137817382813 0.0204620361328125 -0.0418128967285156 -0.0507164001464844
-0.112884521484375 0.0861129760742188 -0.0195140838623047 -0.0241203308105469
-0.106521606445313 0.0814208984375 0.0196609497070312 -0.0283260345458984
-0.106071472167969 0.107582092285156 0.0382499694824219 -0.0299644470214844
-0.125137329101563 0.0722885131835937 0.0665397644042969 -0.00841903686523437
-0.154434204101563 -0.00921630859375004 0.0678672790527343 0.0117301940917969
-0.121826171875 -0.10174560546875 0.0317420959472656 0.0531883239746094
0.0191650390625 -0.185028076171875 -0.0204963684082031 0.060943603515625
0.11712646484375 -0.151519775390625 -0.0429115295410156 -0.00819015502929688
0.199676513671875 -0.0731353759765625 0.0746688842773438 -0.0268478393554688
0.141677856445313 0.020477294921875 0.152801513671875 -0.152786254882813
0.142822265625 -0.01861572265625 0.160858154296875 -0.107696533203125
0.117561340332031 -0.111686706542969 0.125106811523438 -0.0869369506835938
0.00112915039062501 -0.134056091308594 0.0805435180664063 -0.106719970703125
-0.0739669799804688 -0.0923995971679688 0.0333480834960938 -0.095245361328125
-0.11431884765625 0.00212860107421876 0.00110244750976562 -0.0672569274902344
-0.100433349609375 0.0607452392578125 0.0127716064453125 -0.0593757629394531
-0.0952987670898438 0.0598678588867187 0.0421791076660156 -0.0614051818847656
-0.098663330078125 0.08380126953125 0.0637016296386719 -0.0632057189941406
-0.113349914550781 0.0529556274414062 0.096405029296875 -0.0310440063476562
-0.133163452148438 -0.021820068359375 0.0944290161132812 0.0026702880859375
-0.09234619140625 -0.0999603271484375 0.0542106628417969 0.0525894165039062
0.04437255859375 -0.15191650390625 -0.00739669799804688 0.0604667663574219
0.122802734375 -0.0958480834960938 -0.0157070159912109 -0.0274677276611328
0.163101196289062 -0.0137176513671875 0.132743835449219 -0.0372314453125
0.05194091796875 0.071502685546875 0.191146850585937 -0.144607543945313
0.0860214233398438 0.0420074462890625 0.18023681640625 -0.109222412109375
0.097320556640625 -0.030609130859375 0.119949340820313 -0.07550048828125
0.0293655395507812 -0.0761032104492188 0.0902099609375 -0.0875167846679688
-0.0271644592285156 -0.0665512084960938 0.0559616088867188 -0.0799713134765625
-0.0706558227539063 -0.01318359375 0.0320968627929688 -0.0763626098632813
-0.0711593627929688 0.0269088745117188 0.0369644165039062 -0.0841598510742188
-0.0693893432617188 0.0302810668945313 0.0583343505859375 -0.08538818359375
-0.0769500732421875 0.04730224609375 0.08575439453125 -0.08807373046875
-0.0863037109375 0.0271148681640625 0.121971130371094 -0.0467147827148438
-0.095794677734375 -0.03076171875 0.11785888671875 0.00115203857421875
-0.0538101196289062 -0.0836334228515625 0.0728607177734375 0.0589141845703125
0.06024169921875 -0.100730895996094 0.00191879272460937 0.0655860900878906
0.109535217285156 -0.0302505493164062 0.00926208496093751 -0.032989501953125
0.102668762207031 0.0461959838867188 0.175643920898438 -0.029632568359375
-0.00829315185546875 -0.091888427734375 -0.175872802734375 0.03973388671875
-0.0647964477539062 -0.0129203796386719 -0.0236549377441406 0.0347080230712891
-0.0419998168945313 0.0378150939941406 0.00132751464843749 -0.0744171142578125
0.00487136840820313 0.0461044311523437 -0.0802841186523438 -0.0836181640625
0.0332431793212891 0.0259799957275391 -0.127838134765625 -0.0177764892578125
0.0446815490722656 -0.004425048828125 -0.125755310058594 0.0570602416992187
0.0360260009765625 -0.00537872314453125 -0.0865478515625 0.107833862304687
0.0298061370849609 -0.000141143798828125 -0.0556259155273438 0.0951080322265625
0.0338306427001953 0.00379371643066406 -0.0397186279296875 0.0896224975585937
0.0219192504882813 0.02545166015625 -0.0446090698242188 0.0780563354492188
-0.011138916015625 0.0381240844726563 -0.0513687133789063 0.0743789672851563
-0.0565338134765625 0.0156669616699219 -0.080322265625 0.077178955078125
-0.0593414306640625 -0.0495414733886719 -0.1181640625 0.0685501098632813
-0.02386474609375 -0.0927047729492187 -0.15850830078125 0.10211181640625
0.0293807983398437 -0.111923217773438 -0.190994262695313 0.121536254882812
0.0706863403320313 -0.126937866210938 -0.175994873046875 0.00576782226562497
-0.0178451538085938 -0.070831298828125 -0.0282516479492187 0.0172901153564453
-0.0384063720703125 -0.0372467041015625 0.00974273681640625 -0.0869140625
-0.0349483489990234 0.000488281249999992 -0.0786972045898437 -0.101219177246094
-0.0195522308349609 0.0124244689941406 -0.134368896484375 -0.0362930297851562
-0.00235176086425781 0.0218620300292969 -0.136566162109375 0.0518264770507812
0.000488281249999998 0.0357704162597656 -0.0914535522460938 0.104988098144531
-0.0064697265625 0.0345306396484375 -0.0529022216796875 0.0896224975585938
-0.0042724609375 0.0427055358886719 -0.037811279296875 0.0845489501953125
-0.0241165161132813 0.0430908203125 -0.0365447998046875 0.07513427734375
-0.0599746704101562 0.023223876953125 -0.0389022827148438 0.0688095092773438
-0.08380126953125 -0.0298843383789063 -0.067047119140625 0.0741806030273438
-0.0384063720703125 -0.111412048339844 -0.0983963012695313 0.0695877075195312
0.0236358642578125 -0.142410278320313 -0.138336181640625 0.0943679809570313
0.104171752929688 -0.141098022460938 -0.163055419921875 0.0986328125
0.144866943359375 -0.140945434570313 -0.145233154296875 -0.0387420654296875
0.0407257080078125 -0.116653442382813 -0.0148868560791016 -0.0104770660400391
-0.019561767578125 -0.11395263671875 0.028411865234375 -0.100318908691406
-0.0671501159667969 -0.0553359985351562 -0.062591552734375 -0.120338439941406
-0.0712127685546875 -0.0113525390625 -0.124984741210938 -0.0606918334960937
-0.0525054931640625 0.0397453308105469 -0.134063720703125 0.0341262817382813
-0.0370330810546875 0.070159912109375 -0.0868911743164063 0.087127685546875
-0.0425682067871094 0.0633087158203125 -0.0421066284179688 0.0709075927734375
-0.0392990112304688 0.0772552490234375 -0.0262870788574219 0.0675392150878906
-0.0632476806640625 0.0613288879394531 -0.0169410705566406 0.063201904296875
-0.101768493652344 0.0171737670898437 -0.0157737731933594 0.0597496032714844
-0.111488342285156 -0.05810546875 -0.0444259643554688 0.0720672607421875
-0.0312957763671875 -0.156570434570313 -0.0750045776367188 0.0709609985351562
0.0520782470703125 -0.177947998046875 -0.112251281738281 0.0783309936523438
0.156784057617187 -0.156265258789063 -0.114067077636719 0.0693283081054687
0.196792602539062 -0.128387451171875 -0.0872650146484375 -0.0826568603515625
0.09979248046875 -0.137718200683594 0.017120361328125 -0.0428276062011719
0.0145721435546875 -0.17327880859375 0.0550765991210937 -0.10955810546875
-0.0815505981445313 -0.110115051269531 -0.032379150390625 -0.134208679199219
-0.109764099121094 -0.041015625 -0.0978851318359375 -0.0840606689453125
-0.0958786010742188 0.0463485717773438 -0.115859985351563 0.00861358642578124
-0.06982421875 0.0911178588867187 -0.0712890625 0.0571060180664063
-0.0717010498046875 0.0825881958007813 -0.0246391296386719 0.04266357421875
-0.0669479370117188 0.101982116699219 -0.00796890258789063 0.0403861999511719
-0.0913543701171875 0.0762405395507813 0.00871658325195312 0.0430068969726563
-0.1312255859375 0.015869140625 0.0107765197753906 0.0442085266113281
-0.130630493164063 -0.0723953247070313 -0.018402099609375 0.06622314453125
-0.027252197265625 -0.181747436523438 -0.0524749755859375 0.0686111450195312
0.0693511962890625 -0.192581176757813 -0.08697509765625 0.0533370971679688
0.186294555664063 -0.151229858398438 -0.0542793273925781 0.034271240234375
0.214859008789063 -0.09478759765625 -0.0102691650390625 -0.119705200195312
0.142486572265625 -0.125381469726563 0.0607376098632813 -0.0732955932617188
0.0567779541015625 -0.195449829101563 0.0832595825195312 -0.109954833984375
-0.0718841552734375 -0.146926879882813 0.00690460205078124 -0.135932922363281
-0.123283386230469 -0.0699005126953125 -0.056793212890625 -0.0993728637695313
-0.123115539550781 0.041046142578125 -0.0830841064453125 -0.0202713012695313
-0.0919723510742188 0.097076416015625 -0.0479202270507813 0.0190200805664063
-0.0896835327148438 0.0892410278320313 -0.00365686416625977 0.00742673873901368
-0.0843124389648438 0.112289428710938 0.0133781433105469 0.00642204284667969
-0.107147216796875 0.0814285278320313 0.0355606079101562 0.0167045593261719
-0.14544677734375 0.01129150390625 0.0376319885253906 0.0257911682128906
-0.133071899414063 -0.0817108154296875 0.00752258300781249 0.0570144653320312
-0.01544189453125 -0.18597412109375 -0.0331687927246094 0.0639305114746094
0.0852813720703125 -0.18060302734375 -0.0645027160644531 0.0236053466796875
0.194366455078125 -0.12518310546875 0.00769948959350587 -0.000780582427978523
0.192306518554688 -0.0449981689453125 0.0690155029296875 -0.143768310546875
0.155319213867188 -0.0832366943359375 0.107810974121094 -0.0959396362304688
0.0911712646484375 -0.171966552734375 0.105201721191406 -0.101760864257813
-0.042633056640625 -0.152618408203125 0.0440139770507813 -0.124725341796875
-0.110137939453125 -0.085479736328125 -0.0121002197265625 -0.101165771484375
-0.126258850097656 0.0266647338867187 -0.042510986328125 -0.0452651977539062
-0.0982742309570313 0.0877227783203125 -0.0194892883300781 -0.0211067199707031
-0.094390869140625 0.0825119018554688 0.0169506072998047 -0.0282363891601562
-0.0914306640625 0.106422424316406 0.035186767578125 -0.0293006896972656
-0.11077880859375 0.074951171875 0.0627708435058594 -0.0104522705078125
-0.143844604492188 0.00132751464843752 0.0638618469238281 0.0086822509765625
-0.119224548339844 -0.0875015258789062 0.0314788818359375 0.0499191284179687
0.00711059570312501 -0.17401123046875 -0.0179786682128906 0.0597152709960937
0.100372314453125 -0.14691162109375 -0.042694091796875 -0.00420761108398439
0.183059692382813 -0.0803375244140625 0.0677757263183594 -0.0286293029785156
0.134101867675781 0.0115585327148438 0.133697509765625 -0.15032958984375
0.13330078125 -0.024627685546875 0.14453125 -0.10675048828125
0.104385375976563 -0.111961364746094 0.114662170410156 -0.0879364013671875
-0.00624084472656251 -0.124847412109375 0.069854736328125 -0.105934143066406
-0.0751724243164063 -0.0829086303710938 0.0256500244140625 -0.092041015625
-0.106010437011719 0.00904083251953124 -0.00262451171875001 -0.0628738403320313
-0.0888671875 0.0636367797851563 0.0084381103515625 -0.0557899475097656
-0.08544921875 0.0627212524414062 0.0359306335449219 -0.0604019165039062
-0.0860977172851563 0.0847015380859375 0.0570259094238281 -0.0616989135742187
-0.101730346679688 0.056732177734375 0.0889053344726563 -0.0334854125976562
-0.125869750976563 -0.011688232421875 0.0880050659179687 -0.001495361328125
-0.09185791015625 -0.0875473022460937 0.0525169372558594 0.0477294921875
0.0322265625 -0.14508056640625 -0.0055999755859375 0.0580635070800781
0.109260559082031 -0.0959548950195313 -0.0187969207763672 -0.0238971710205078
0.151779174804688 -0.0222625732421875 0.121124267578125 -0.0421142578125
0.0526237487792969 0.0638084411621094 0.169631958007813 -0.145217895507813
0.0835113525390625 0.0344085693359375 0.161895751953125 -0.109893798828125
0.0899887084960938 -0.0357437133789063 0.109703063964844 -0.0763320922851562
0.022674560546875 -0.073028564453125 0.0802993774414063 -0.0880508422851563
-0.0298042297363281 -0.0607948303222656 0.0478286743164063 -0.0793380737304688
-0.0661468505859375 -0.00764846801757813 0.025146484375 -0.0730514526367188
-0.0644149780273438 0.0304450988769531 0.0293121337890625 -0.0801849365234375
-0.0629043579101563 0.0332908630371094 0.0495147705078125 -0.0828628540039063
-0.068450927734375 0.0495071411132812 0.076080322265625 -0.0862350463867188
-0.078369140625 0.0311355590820312 0.11224365234375 -0.0494232177734375
-0.0915908813476563 -0.0220413208007812 0.109748840332031 -0.003753662109375
-0.0555419921875 -0.0750579833984375 0.070831298828125 0.0523605346679688
0.0505905151367188 -0.0990982055664063 0.00337982177734375 0.0626487731933594
0.101638793945313 -0.033905029296875 0.00420379638671876 -0.0304298400878906
0.0987930297851563 0.0369033813476563 0.1614990234375 -0.037506103515625
-0.012176513671875 -0.0864028930664063 -0.1639404296875 0.0440216064453125
-0.0611038208007813 -0.00994110107421874 -0.0187759399414063 0.0335712432861328
-0.0378341674804688 0.0381622314453125 -2.28881835937501E-05 -0.0712432861328125
0.00674057006835937 0.0444602966308594 -0.0772247314453125 -0.0781784057617187
0.033477783203125 0.0234642028808594 -0.1201171875 -0.0138320922851563
0.0419921875 -0.00687789916992188 -0.117721557617187 0.0560531616210937
0.0329875946044922 -0.0082550048828125 -0.0784454345703125 0.1029052734375
0.0276699066162109 -0.001922607421875 -0.04962158203125 0.0907135009765625
0.0307865142822266 0.00161170959472656 -0.0343780517578125 0.085418701171875
0.0213623046875 0.0217151641845703 -0.0395965576171875 0.0754928588867188
-0.00819015502929688 0.0353050231933594 -0.0469512939453125 0.0727157592773438
-0.0521278381347656 0.0175247192382812 -0.0741195678710938 0.07635498046875
-0.0572242736816406 -0.0436172485351563 -0.109909057617188 0.0671310424804687
-0.02557373046875 -0.0860061645507813 -0.146759033203125 0.0994110107421875
0.0229949951171875 -0.1068115234375 -0.175262451171875 0.12042236328125
0.060943603515625 -0.122535705566406 -0.165084838867187 0.0121612548828125
-0.0195465087890625 -0.0652427673339844 -0.0234527587890625 0.0178241729736328
-0.0375251770019531 -0.0323219299316406 0.00776672363281251 -0.083709716796875
-0.0320835113525391 0.00290489196777343 -0.0760650634765625 -0.0948257446289062
-0.0171098709106445 0.0128498077392578 -0.127349853515625 -0.03118896484375
-0.000240325927734375 0.0195465087890625 -0.127586364746094 0.0513916015625
0.00249099731445313 0.0322151184082031 -0.0821609497070313 0.100936889648438
-0.00522994995117187 0.0317630767822266 -0.0474853515625 0.0852203369140625
-0.00267791748046875 0.0389785766601563 -0.0327377319335938 0.0807342529296875
-0.0206871032714844 0.0397453308105469 -0.0315780639648437 0.0721359252929688
-0.0538063049316406 0.0228233337402344 -0.0351943969726562 0.0671882629394531
-0.0793304443359375 -0.0241546630859375 -0.0624618530273438 0.0739288330078125
-0.039703369140625 -0.102149963378906 -0.0921630859375 0.068511962890625
0.017425537109375 -0.133697509765625 -0.127906799316406 0.0921707153320312
0.0929412841796875 -0.136772155761719 -0.149658203125 0.0981597900390625
0.130691528320313 -0.138008117675781 -0.137954711914063 -0.03057861328125
0.0348052978515625 -0.10992431640625 -0.0119895935058594 -0.00760841369628907
-0.0227127075195313 -0.105911254882813 0.0255661010742188 -0.09716796875
-0.0643577575683594 -0.0483169555664062 -0.0615005493164063 -0.113929748535156
-0.0669021606445313 -0.00773239135742188 -0.119789123535156 -0.0545425415039062
-0.0463294982910156 0.03826904296875 -0.125251770019531 0.0353164672851562
-0.0310287475585937 0.065582275390625 -0.0785598754882812 0.0843963623046875
-0.0377311706542969 0.0602645874023438 -0.0377388000488281 0.0671615600585938
-0.0340423583984375 0.0723114013671875 -0.0217437744140625 0.0642356872558594
-0.0557098388671875 0.058258056640625 -0.0134849548339844 0.0605354309082031
-0.0929794311523437 0.0190353393554688 -0.0138473510742188 0.0581626892089844
-0.106307983398438 -0.0504531860351562 -0.041168212890625 0.0711517333984375
-0.03436279296875 -0.145599365234375 -0.0706558227539063 0.0699615478515625
0.0429840087890625 -0.1676025390625 -0.104331970214844 0.0770797729492187
0.141998291015625 -0.15264892578125 -0.104705810546875 0.06884765625
0.18048095703125 -0.12823486328125 -0.085052490234375 -0.0739212036132813
0.0903244018554687 -0.131546020507812 0.0165481567382813 -0.0385971069335938
0.00762939453124998 -0.16326904296875 0.050689697265625 -0.106758117675781
-0.0798492431640625 -0.0998916625976563 -0.0336074829101563 -0.127197265625
-0.104293823242188 -0.0348739624023438 -0.0955047607421875 -0.0773849487304688
-0.08697509765625 0.0462646484375 -0.108497619628906 0.0110092163085938
-0.0609817504882813 0.087005615234375 -0.0652580261230469 0.055389404296875
-0.0645294189453125 0.0797805786132812 -0.0221328735351562 0.0397758483886719
-0.0587692260742187 0.0968780517578125 -0.00506973266601563 0.038177490234375
-0.081451416015625 0.0735015869140625 0.0100364685058594 0.0407447814941406
-0.121147155761719 0.0191497802734375 0.0112800598144531 0.0427207946777344
-0.12451171875 -0.0631103515625 -0.01678466796875 0.0650596618652344
-0.0319366455078125 -0.168899536132813 -0.0491981506347656 0.0673828125
0.0589141845703125 -0.181427001953125 -0.0815048217773437 0.0527725219726562
0.170257568359375 -0.149246215820313 -0.0500717163085937 0.0339851379394531
0.198318481445313 -0.09649658203125 -0.0146484375 -0.111083984375
0.130897521972656 -0.12164306640625 0.0565643310546875 -0.068145751953125
0.0466461181640625 -0.18609619140625 0.0776138305664063 -0.107322692871094
-0.0713729858398437 -0.135353088378906 0.00324249267578123 -0.130203247070312
-0.118606567382813 -0.0611648559570312 -0.0573806762695313 -0.0925521850585937
-0.11279296875 0.0420379638671875 -0.0788116455078125 -0.0166702270507813
-0.081024169921875 0.0937271118164063 -0.0445022583007813 0.0192337036132812
-0.0811080932617188 0.0864944458007813 -0.00357103347778321 0.00683784484863282
-0.0742340087890625 0.107429504394531 0.0140237808227539 0.00581741333007813
-0.095947265625 0.0790481567382813 0.0348091125488281 0.0152931213378906
-0.135063171386719 0.0158233642578125 0.0358047485351562 0.0243797302246094
-0.127677917480469 -0.0711898803710937 0.00748825073242186 0.0554656982421875
-0.020904541015625 -0.173660278320312 -0.0310134887695313 0.0625267028808594
0.0741729736328125 -0.171279907226563 -0.0617790222167969 0.0250816345214844
0.178665161132813 -0.12481689453125 0.0067281723022461 -0.00042295455932618
0.179351806640625 -0.048370361328125 0.0592575073242188 -0.135528564453125
0.144302368164063 -0.0826416015625 0.0986251831054688 -0.0907669067382812
0.0805206298828125 -0.165618896484375 0.0979766845703125 -0.0994796752929688
-0.044677734375 -0.141677856445313 0.0383224487304688 -0.120674133300781
-0.107070922851563 -0.0768508911132813 -0.014892578125 -0.0959320068359375
-0.116310119628906 0.029144287109375 -0.04156494140625 -0.0409736633300781
-0.0880126953125 0.0857925415039062 -0.0191669464111328 -0.0190029144287109
-0.0857696533203125 0.0809555053710937 0.0150718688964844 -0.0279083251953125
-0.080718994140625 0.103240966796875 0.0334949493408203 -0.0282154083251953
-0.0996627807617188 0.074066162109375 0.0592842102050781 -0.0113296508789062
-0.134193420410156 0.00717926025390626 0.0595054626464844 0.00770187377929688
-0.115013122558594 -0.0775222778320313 0.0298957824707031 0.0482025146484375
0.000656127929687491 -0.163406372070313 -0.0170516967773437 0.0584945678710937
0.0894851684570313 -0.140235900878906 -0.0419845581054688 -0.00183486938476564
0.169265747070313 -0.0818634033203125 0.0619277954101563 -0.0285491943359375
0.126312255859375 0.00687408447265625 0.119796752929688 -0.144699096679687
0.125198364257812 -0.0266189575195312 0.132400512695312 -0.102210998535156
0.0945587158203125 -0.109535217285156 0.107269287109375 -0.086395263671875
-0.0100250244140625 -0.116928100585937 0.0637588500976562 -0.10296630859375
-0.0741806030273437 -0.0754165649414063 0.02093505859375 -0.08880615234375
-0.098236083984375 0.012176513671875 -0.00515365600585939 -0.0587844848632813
-0.0797653198242187 0.0638351440429688 0.00587463378906249 -0.052642822265625
-0.0775833129882813 0.0628280639648437 0.0317115783691406 -0.0582237243652344
-0.0767898559570313 0.0825119018554687 0.0528602600097656 -0.0592155456542969
-0.0921630859375 0.0571212768554687 0.0831985473632813 -0.0332260131835937
-0.118606567382813 -0.00584411621093748 0.0824737548828125 -0.00269317626953125
-0.08978271484375 -0.0789718627929688 0.0502738952636719 0.0450820922851562
0.0252456665039062 -0.137809753417969 -0.00490570068359375 0.0566177368164062
0.10052490234375 -0.0933456420898437 -0.0204391479492187 -0.0204620361328125
0.142013549804688 -0.02630615234375 0.111724853515625 -0.0429229736328125
0.0519866943359375 0.0589141845703125 0.154693603515625 -0.1407470703125
0.080108642578125 0.0301055908203125 0.1488037109375 -0.105972290039062
0.0836563110351563 -0.0376358032226563 0.103042602539063 -0.0748519897460937
0.018585205078125 -0.0697288513183594 0.0736465454101563 -0.0862197875976563
-0.0309562683105469 -0.0569076538085937 0.0423812866210938 -0.0770645141601563
-0.0624847412109375 -0.0043792724609375 0.0209922790527344 -0.0691146850585938
-0.0586433410644531 0.0326995849609375 0.0242843627929688 -0.0761489868164062
-0.0579299926757812 0.0346908569335938 0.0436325073242188 -0.0800247192382812
-0.0619888305664063 0.0499458312988281 0.0692672729492188 -0.0829620361328125
-0.0719985961914062 0.0325775146484375 0.104583740234375 -0.0489654541015625
-0.087188720703125 -0.016754150390625 0.1031494140625 -0.0056915283203125
-0.0554122924804687 -0.0688056945800781 0.0673408508300781 0.0483627319335937
0.0441970825195312 -0.0958175659179688 0.00370788574218751 0.060302734375
0.094970703125 -0.0353317260742188 0.000707626342773444 -0.0280132293701172
0.0938568115234375 0.0313644409179688 0.149978637695313 -0.039886474609375
-0.0147628784179688 -0.0832748413085938 -0.156585693359375 0.0461883544921875
-0.0590438842773437 -0.00774383544921875 -0.0149631500244141 0.0322971343994141
-0.0349693298339844 0.0379791259765625 -0.000476837158203128 -0.0694427490234375
0.00849151611328125 0.0432319641113281 -0.0755767822265625 -0.0754852294921875
0.0338172912597656 0.0218410491943359 -0.115837097167969 -0.0125350952148438
0.0400390625 -0.00886917114257813 -0.113174438476563 0.0549468994140625
0.0312614440917969 -0.0102081298828125 -0.0734405517578125 0.100181579589844
0.0262889862060547 -0.00337409973144531 -0.0470199584960938 0.088104248046875
0.0291423797607422 -5.53131103515625E-05 -0.0314178466796875 0.08306884765625
0.0205974578857422 0.0189666748046875 -0.0366439819335937 0.0739898681640625
-0.00619316101074219 0.0331306457519531 -0.0443649291992188 0.072021484375
-0.0491714477539063 0.0186614990234375 -0.0707015991210938 0.0761337280273438
-0.0563430786132813 -0.0396995544433594 -0.105903625488281 0.0657119750976562
-0.0263748168945313 -0.0818939208984375 -0.140098571777344 0.0966644287109375
0.0193023681640625 -0.1036376953125 -0.165817260742188 0.11865234375
0.0546951293945313 -0.119972229003906 -0.158538818359375 0.015869140625
-0.0200881958007812 -0.0618209838867188 -0.0194015502929688 0.018402099609375
-0.0361557006835938 -0.029327392578125 0.00762939453125 -0.082305908203125
-0.0293598175048828 0.00463294982910157 -0.0745849609375 -0.0921096801757812
-0.0148086547851562 0.0129308700561523 -0.123458862304687 -0.0289993286132812
0.000512123107910155 0.0168981552124023 -0.122367858886719 0.0509033203125
0.00309562683105469 0.0293407440185547 -0.0775680541992188 0.0985565185546875
-0.00447845458984375 0.0297355651855469 -0.0449676513671875 0.082550048828125
-0.00231170654296875 0.0360679626464844 -0.02960205078125 0.0782012939453125
-0.0184135437011719 0.0362892150878906 -0.0290298461914063 0.0705490112304688
-0.0501136779785156 0.0220947265625 -0.0331573486328125 0.0665473937988281
-0.0762557983398438 -0.0214309692382813 -0.0601577758789063 0.074005126953125
-0.0402603149414063 -0.0962753295898438 -0.0887680053710938 0.066986083984375
0.0141983032226563 -0.127670288085938 -0.122749328613281 0.08978271484375
0.0859451293945312 -0.1337890625 -0.141632080078125 0.0977935791015625
0.121536254882813 -0.136154174804688 -0.133842468261719 -0.0255050659179688
0.0314788818359375 -0.106048583984375 -0.0087742805480957 -0.00585508346557618
-0.02386474609375 -0.100799560546875 0.024200439453125 -0.0964584350585938
-0.0617942810058594 -0.0442771911621094 -0.0609054565429688 -0.110061645507813
-0.0635147094726563 -0.00577926635742188 -0.116737365722656 -0.0514755249023437
-0.042633056640625 0.0365104675292969 -0.119834899902344 0.0355453491210938
-0.027313232421875 0.0623855590820313 -0.0743560791015625 0.0821609497070313
-0.0353050231933594 0.0583686828613281 -0.0356941223144531 0.065032958984375
-0.0310935974121094 0.0692672729492187 -0.0194625854492188 0.0626106262207031
-0.0516090393066406 0.0550765991210937 -0.0111541748046875 0.05908203125
-0.0877227783203125 0.019805908203125 -0.0126113891601563 0.0574417114257813
-0.10260009765625 -0.0458297729492188 -0.0397491455078125 0.0716323852539062
-0.0358810424804688 -0.138511657714844 -0.0676956176757813 0.0687942504882812
0.0385284423828125 -0.160324096679688 -0.1002197265625 0.0751495361328125
0.13336181640625 -0.150482177734375 -0.0991287231445312 0.0685958862304687
0.170089721679688 -0.127334594726563 -0.0837936401367187 -0.0680694580078125
0.084808349609375 -0.12762451171875 0.0176315307617188 -0.0353469848632813
0.00343322753906248 -0.157272338867188 0.0487899780273437 -0.105796813964844
-0.0780792236328125 -0.0933609008789063 -0.0339279174804688 -0.124244689941406
-0.100669860839844 -0.031005859375 -0.0936355590820313 -0.0740966796875
-0.0813140869140625 0.0447235107421875 -0.104598999023437 0.0120010375976562
-0.0550079345703125 0.0841140747070313 -0.0617637634277344 0.0542678833007813
-0.0596923828125 0.0775527954101563 -0.0212554931640625 0.0376091003417969
-0.0531539916992187 0.0929412841796875 -0.00339508056640625 0.0370140075683594
-0.0752639770507813 0.07000732421875 0.0112648010253906 0.0395545959472656
-0.114501953125 0.0204086303710938 0.0110511779785156 0.0423469543457031
-0.120429992675781 -0.0579376220703125 -0.0162696838378906 0.0651817321777344
-0.0343017578125 -0.160995483398438 -0.0471839904785156 0.0672950744628906
0.05340576171875 -0.173919677734375 -0.079193115234375 0.0522689819335937
0.160888671875 -0.14715576171875 -0.0477294921875 0.0345726013183594
0.188735961914063 -0.0966949462890625 -0.016571044921875 -0.105117797851563
0.124351501464844 -0.118339538574219 0.0549163818359375 -0.0638847351074219
0.04156494140625 -0.17999267578125 0.0749588012695312 -0.106437683105469
-0.0711669921875 -0.127639770507813 0.0018157958984375 -0.12713623046875
-0.115608215332031 -0.0564727783203125 -0.0572509765625 -0.08966064453125
-0.105827331542969 0.0418014526367188 -0.0759811401367187 -0.014923095703125
-0.0740280151367187 0.0911636352539063 -0.0423011779785156 0.0193061828613281
-0.075775146484375 0.0849990844726562 -0.00378417968750001 0.005401611328125
-0.0680618286132813 0.104393005371094 0.0147113800048828 0.00545024871826172
-0.0886993408203125 0.0768051147460937 0.0348186492919922 0.0145893096923828
-0.128311157226563 0.0185394287109375 0.0343379974365234 0.0243167877197266
-0.123397827148438 -0.06585693359375 0.00742340087890625 0.0556907653808594
-0.02374267578125 -0.166824340820313 -0.0299453735351562 0.0627822875976562
0.067962646484375 -0.164703369140625 -0.0601959228515625 0.0257568359375
0.169647216796875 -0.123870849609375 0.00634431838989259 -0.000382423400878914
0.171096801757813 -0.050048828125 0.0537872314453125 -0.130455017089844
0.137847900390625 -0.0810165405273438 0.0947723388671875 -0.0859832763671875
0.074310302734375 -0.161834716796875 0.0950241088867188 -0.0987396240234375
-0.0450439453125 -0.135322570800781 0.0354995727539063 -0.118515014648438
-0.1044921875 -0.071746826171875 -0.0166168212890625 -0.0936431884765625
-0.1102294921875 0.03021240234375 -0.0405197143554687 -0.038818359375
-0.08038330078125 0.0843276977539063 -0.0189094543457031 -0.0177154541015625
-0.0801467895507813 0.0801239013671875 0.0137729644775391 -0.0279693603515625
-0.0742645263671875 0.100082397460937 0.0326328277587891 -0.0279502868652344
-0.0925750732421875 0.072174072265625 0.0580368041992187 -0.0110855102539062
-0.128120422363281 0.0103912353515625 0.057403564453125 0.0077667236328125
-0.112411499023437 -0.0720443725585938 0.0290336608886719 0.047454833984375
-0.00296020507812501 -0.157608032226563 -0.016204833984375 0.0582618713378906
0.0840835571289063 -0.135581970214844 -0.0422630310058594 -1.14440917968879E-05
0.161285400390625 -0.08251953125 0.0587806701660156 -0.0280189514160156
0.121925354003906 0.004547119140625 0.112174987792969 -0.140296936035156
0.120826721191406 -0.026947021484375 0.126472473144531 -0.097991943359375
0.0890960693359375 -0.108367919921875 0.103614807128906 -0.0851516723632813
-0.01190185546875 -0.112579345703125 0.0601119995117187 -0.101547241210938
-0.0735855102539062 -0.0712738037109375 0.0182876586914062 -0.0869827270507813
-0.0933761596679688 0.0135040283203125 -0.00603866577148438 -0.0566291809082031
-0.0738449096679688 0.0635986328125 0.00415420532226562 -0.0503044128417969
-0.072967529296875 0.0625 0.0293083190917969 -0.0572319030761719
-0.0714035034179688 0.08123779296875 0.0504493713378906 -0.0580596923828125
-0.085845947265625 0.0563583374023438 0.080413818359375 -0.0329132080078125
-0.113227844238281 -0.00216674804687499 0.078887939453125 -0.0030364990234375
-0.0880279541015625 -0.0738067626953125 0.0482444763183594 0.0439529418945312
0.0213088989257813 -0.133560180664063 -0.00484848022460938 0.0566787719726562
0.0950241088867188 -0.0911407470703125 -0.0216121673583984 -0.0185089111328125
0.135696411132812 -0.0282211303710937 0.106025695800781 -0.0429611206054688
0.0513114929199219 0.0559539794921875 0.145584106445313 -0.136856079101563
0.0783462524414062 0.0277633666992187 0.140731811523438 -0.102645874023438
0.0801773071289063 -0.0390472412109375 0.09942626953125 -0.0736541748046875
0.0162124633789062 -0.0675468444824219 0.0704345703125 -0.0853118896484375
-0.0320053100585938 -0.0542221069335938 0.0393524169921875 -0.076416015625
-0.05975341796875 -0.00274658203124999 0.0188713073730469 -0.0670166015625
-0.0542640686035156 0.0334854125976562 0.0214462280273438 -0.0735397338867188
-0.0545387268066406 0.0356979370117188 0.0406036376953125 -0.0781021118164063
-0.05828857421875 0.0504302978515625 0.0662841796875 -0.0810165405273438
-0.0678863525390625 0.0332221984863281 0.100151062011719 -0.0481643676757813
-0.0843582153320313 -0.0127182006835938 0.098907470703125 -0.00614166259765625
-0.0551185607910156 -0.0651092529296875 0.0650062561035156 0.0470046997070312
0.0401077270507813 -0.094482421875 0.00339889526367188 0.0596771240234375
0.0915756225585938 -0.0356826782226563 -0.00204277038574218 -0.0257854461669922
0.0909271240234375 0.02862548828125 0.142730712890625 -0.0408477783203125
-0.0181732177734375 -0.0815277099609375 -0.152267456054688 0.0507965087890625
-0.0585060119628906 -0.00578689575195312 -0.0115699768066406 0.0319538116455078
-0.0325546264648438 0.0390167236328125 -0.00154495239257812 -0.0697059631347656
0.0109176635742187 0.0429115295410156 -0.0763702392578125 -0.0742416381835937
0.0350284576416016 0.0201740264892578 -0.114082336425781 -0.0111618041992188
0.0392189025878906 -0.0115776062011719 -0.111320495605469 0.0559234619140625
0.0293998718261719 -0.0129051208496094 -0.0701522827148437 0.100250244140625
0.0250968933105469 -0.00466728210449219 -0.0442047119140625 0.0885543823242187
0.0274906158447266 -0.001556396484375 -0.029083251953125 0.082763671875
0.0205497741699219 0.0163230895996094 -0.0342483520507813 0.0741729736328125
-0.00425338745117188 0.03192138671875 -0.042449951171875 0.0736846923828125
-0.0474624633789063 0.0207481384277344 -0.069061279296875 0.0783615112304688
-0.0565147399902344 -0.0367774963378906 -0.103836059570313 0.0657501220703125
-0.0284652709960937 -0.0795974731445313 -0.136497497558594 0.0972824096679687
0.0152740478515625 -0.103179931640625 -0.159500122070313 0.121932983398438
0.0493545532226562 -0.119743347167969 -0.15533447265625 0.0212554931640625
-0.0217857360839844 -0.0600242614746094 -0.016143798828125 0.0189418792724609
-0.0363693237304688 -0.0275650024414063 0.0059814453125 -0.0832748413085938
-0.0273838043212891 0.00609779357910157 -0.0759201049804687 -0.0905914306640625
-0.0133199691772461 0.0130081176757812 -0.122177124023438 -0.0267410278320312
0.00183773040771484 0.0151958465576172 -0.119537353515625 0.0523300170898438
0.00420570373535156 0.0266990661621094 -0.0741958618164063 0.0987625122070313
-0.00355911254882812 0.0288372039794922 -0.0429153442382812 0.0828933715820313
-0.00124168395996094 0.0350704193115234 -0.026824951171875 0.0780792236328125
-0.0169696807861328 0.0350608825683594 -0.026153564453125 0.0706939697265625
-0.0473251342773437 0.0222091674804688 -0.0317344665527344 0.0682106018066406
-0.0753250122070313 -0.0186538696289062 -0.058197021484375 0.076141357421875
-0.0421600341796875 -0.0931396484375 -0.0874176025390625 0.0675735473632813
0.0105667114257812 -0.125251770019531 -0.119544982910156 0.0907211303710937
0.080352783203125 -0.134475708007813 -0.136985778808594 0.100143432617187
0.114860534667969 -0.138221740722656 -0.132240295410156 -0.0197525024414062
0.0282516479492188 -0.104415893554688 -0.0064387321472168 -0.00411224365234375
-0.0267715454101562 -0.098541259765625 0.0226898193359375 -0.09759521484375
-0.0608024597167969 -0.0409278869628906 -0.0622787475585937 -0.109489440917969
-0.0619125366210938 -0.00309371948242186 -0.116889953613281 -0.0487594604492187
-0.039794921875 0.0354042053222656 -0.117889404296875 0.0372161865234375
-0.0239791870117187 0.060302734375 -0.0706558227539063 0.082916259765625
-0.0326957702636719 0.0574722290039062 -0.0341110229492188 0.0644912719726563
-0.0279960632324219 0.067626953125 -0.0169181823730469 0.0620880126953125
-0.0482444763183594 0.053863525390625 -0.00905990600585938 0.0589256286621094
-0.084564208984375 0.0209121704101563 -0.0118141174316406 0.0586051940917969
-0.101692199707031 -0.04205322265625 -0.0385513305664063 0.0736846923828125
-0.0388259887695313 -0.134712219238281 -0.0666084289550781 0.0695953369140625
0.0337066650390625 -0.157623291015625 -0.0981292724609375 0.0762786865234375
0.127304077148438 -0.152023315429688 -0.0960464477539062 0.0705413818359375
0.1634521484375 -0.130859375 -0.08453369140625 -0.0633773803710938
0.0804824829101563 -0.127647399902344 0.0190582275390625 -0.0331783294677735
-0.00112915039062499 -0.15484619140625 0.0466079711914063 -0.107826232910156
-0.0784454345703125 -0.0895767211914063 -0.0359725952148438 -0.123664855957031
-0.0998001098632813 -0.0272369384765625 -0.0952301025390625 -0.0715179443359375
-0.077362060546875 0.0455474853515625 -0.103103637695312 0.0141220092773438
-0.050689697265625 0.0827560424804688 -0.0595474243164063 0.0550537109375
-0.0563430786132812 0.0780563354492188 -0.0206871032714844 0.0374069213867188
-0.0497360229492187 0.0926055908203125 -0.0016326904296875 0.0364532470703125
-0.0705108642578125 0.069610595703125 0.01300048828125 0.0392875671386719
-0.111305236816406 0.0228347778320313 0.0116386413574219 0.0434494018554688
-0.119369506835937 -0.0537185668945313 -0.0150566101074219 0.0673751831054688
-0.037109375 -0.157882690429688 -0.0465049743652344 0.0682411193847656
0.04827880859375 -0.171524047851563 -0.0773696899414062 0.0538177490234375
0.15484619140625 -0.150390625 -0.0459251403808594 0.0358123779296875
0.182754516601563 -0.101043701171875 -0.01953125 -0.101959228515625
0.119972229003906 -0.11859130859375 0.0542945861816406 -0.0618629455566406
0.035491943359375 -0.178756713867188 0.0726089477539063 -0.108924865722656
-0.0723724365234375 -0.122894287109375 -0.000747680664062503 -0.127639770507813
-0.115554809570313 -0.0516128540039063 -0.0598526000976562 -0.0880279541015625
-0.101974487304688 0.0433120727539062 -0.07568359375 -0.0128555297851562
-0.0690155029296875 0.0907211303710937 -0.041229248046875 0.0206718444824219
-0.0718460083007813 0.0859146118164062 -0.00404596328735352 0.00529050827026368
-0.0631332397460938 0.103958129882813 0.0157051086425781 0.00507354736328126
-0.0835494995117188 0.0767440795898438 0.0355491638183594 0.0138931274414063
-0.124343872070313 0.0219497680664062 0.0345630645751953 0.0250205993652344
-0.122917175292969 -0.0611114501953125 0.0078277587890625 0.0569343566894531
-0.02783203125 -0.163284301757813 -0.0289726257324219 0.0640182495117187
0.06317138671875 -0.162811279296875 -0.0602531433105469 0.0275192260742187
0.164199829101563 -0.127059936523438 0.00625658035278321 0.000232696533203117
0.167694091796875 -0.053802490234375 0.048797607421875 -0.127944946289063
0.13446044921875 -0.0826644897460938 0.0922927856445313 -0.0842514038085938
0.0686492919921875 -0.161773681640625 0.0926361083984375 -0.100677490234375
-0.04742431640625 -0.1314697265625 0.0328445434570313 -0.118843078613281
-0.106071472167969 -0.0673141479492187 -0.0194091796875 -0.0928115844726562
-0.106521606445312 0.0322418212890625 -0.0406761169433594 -0.0371284484863281
-0.0749969482421875 0.0843353271484375 -0.019195556640625 -0.0167198181152344
-0.076080322265625 0.081451416015625 0.0123176574707031 -0.0281124114990234
-0.0694961547851563 0.100936889648438 0.0327301025390625 -0.028167724609375
-0.0878067016601563 0.07305908203125 0.057708740234375 -0.0117950439453125
-0.1248779296875 0.014373779296875 0.0565185546875 0.00759124755859375
-0.112648010253906 -0.0677032470703125 0.0289649963378906 0.0485496520996094
-0.0071563720703125 -0.1552734375 -0.0152816772460938 0.0592308044433594
0.0795669555664063 -0.13525390625 -0.0428657531738281 0.00212860107421874
0.156967163085938 -0.0855560302734375 0.0572662353515625 -0.02899169921875
0.120742797851563 0.00128936767578125 0.105949401855469 -0.13958740234375
0.118782043457031 -0.0292816162109375 0.122665405273438 -0.0969696044921875
0.0848541259765625 -0.11029052734375 0.101768493652344 -0.08642578125
-0.014404296875 -0.110054016113281 0.0577011108398438 -0.102653503417969
-0.075347900390625 -0.06781005859375 0.0148544311523437 -0.0872802734375
-0.0910415649414063 0.015838623046875 -0.007568359375 -0.0555992126464844
-0.0690536499023438 0.0646171569824219 0.00284957885742187 -0.049285888671875
-0.0693740844726563 0.0643501281738281 0.026824951171875 -0.057952880859375
-0.0671005249023438 0.082550048828125 0.0494766235351563 -0.0583648681640625
-0.082000732421875 0.0581130981445313 0.0790328979492188 -0.0340499877929687
-0.111320495605469 0.0027008056640625 0.078125 -0.00333404541015625
-0.0894927978515625 -0.069610595703125 0.0485801696777344 0.0438423156738281
0.017547607421875 -0.1331787109375 -0.00392532348632812 0.0574760437011719
0.0919265747070313 -0.0918045043945313 -0.0236892700195312 -0.0162448883056641
0.133697509765625 -0.0312728881835938 0.103363037109375 -0.044647216796875
0.0527076721191406 0.0536346435546875 0.138908386230469 -0.138153076171875
0.0783538818359375 0.0252838134765625 0.135910034179688 -0.10235595703125
0.078155517578125 -0.0419692993164063 0.0975265502929688 -0.0742416381835938
0.0139808654785156 -0.0671501159667969 0.0684356689453125 -0.0866622924804688
-0.03399658203125 -0.0528373718261719 0.036651611328125 -0.0775070190429688
-0.0592727661132813 -0.00014877319335938 0.0162506103515625 -0.0664825439453125
-0.05108642578125 0.0354652404785156 0.0189590454101562 -0.0726242065429688
-0.0517539978027344 0.0382499694824219 0.0375747680664062 -0.0783615112304688
-0.0548744201660156 0.0521354675292969 0.0637893676757813 -0.0816650390625
-0.0651168823242188 0.0356521606445313 0.0985870361328125 -0.0496292114257813
-0.0843124389648438 -0.00902557373046875 0.0970611572265625 -0.0073394775390625
-0.0567398071289062 -0.0626373291015625 0.0650062561035156 0.0458908081054687
0.03729248046875 -0.0952606201171875 0.00440216064453126 0.0609016418457031
0.0905227661132813 -0.03814697265625 -0.00465011596679687 -0.0246181488037109
0.0905838012695313 0.0262069702148438 0.138427734375 -0.043914794921875
-0.023223876953125 -0.0795822143554687 -0.1470947265625 0.0590362548828125
-0.0587959289550781 -0.00217819213867188 -0.00722503662109375 0.0316123962402344
-0.0293502807617188 0.0409698486328125 -0.00461578369140625 -0.070343017578125
0.0145835876464844 0.0423774719238281 -0.0793685913085938 -0.0714035034179687
0.0372810363769531 0.0179595947265625 -0.1142578125 -0.00663757324218752
0.0385894775390625 -0.014984130859375 -0.108695983886719 0.05987548828125
0.0270576477050781 -0.0156688690185547 -0.0645599365234375 0.102981567382813
0.0243892669677734 -0.00701522827148437 -0.0393447875976563 0.090789794921875
0.0267200469970703 -0.0042572021484375 -0.0239486694335938 0.084381103515625
0.0209312438964844 0.0137786865234375 -0.0297164916992188 0.0759735107421875
-0.00215721130371094 0.0309944152832031 -0.0386199951171875 0.077056884765625
-0.0454864501953125 0.02386474609375 -0.0650100708007813 0.0825958251953125
-0.057586669921875 -0.0327377319335937 -0.101531982421875 0.069854736328125
-0.0325164794921875 -0.0773773193359375 -0.131622314453125 0.101921081542969
0.00912475585937501 -0.102813720703125 -0.151107788085937 0.12860107421875
0.04107666015625 -0.121589660644531 -0.151702880859375 0.03070068359375
-0.0242805480957031 -0.0574188232421875 -0.0121440887451172 0.0197563171386719
-0.0375785827636719 -0.0247039794921875 0.00205230712890625 -0.0844802856445313
-0.0253009796142578 0.0077972412109375 -0.0796127319335937 -0.0876312255859375
-0.010838508605957 0.0135736465454102 -0.123191833496094 -0.0210418701171875
0.00333309173583984 0.0133705139160156 -0.116676330566406 0.0575103759765625
0.0050048828125 0.0243740081787109 -0.0685882568359375 0.101654052734375
-0.00238800048828125 0.0276508331298828 -0.0381927490234375 0.0845794677734375
7.62939453124745E-06 0.0334568023681641 -0.022369384765625 0.0800628662109375
-0.0150260925292969 0.03363037109375 -0.0225753784179688 0.0723648071289063
-0.0447959899902344 0.0235137939453125 -0.0283203125 0.070770263671875
-0.074859619140625 -0.0139312744140625 -0.05474853515625 0.0805511474609375
-0.0462570190429688 -0.08941650390625 -0.0843887329101563 0.070709228515625
0.00411987304687501 -0.123611450195312 -0.115333557128906 0.0949020385742187
0.0723724365234375 -0.138023376464844 -0.129859924316406 0.106369018554687
0.105331420898437 -0.143218994140625 -0.131904602050781 -0.0112380981445313
0.0227279663085938 -0.104347229003906 -0.00347805023193359 -0.00308489799499512
-0.0318145751953125 -0.0955047607421875 0.0181655883789062 -0.0999298095703125
-0.061309814453125 -0.036773681640625 -0.0677032470703125 -0.106704711914063
-0.0606575012207031 0.000499725341796862 -0.118812561035156 -0.0433502197265625
-0.0366706848144531 0.0360984802246094 -0.11541748046875 0.0421295166015625
-0.0208320617675781 0.0587959289550781 -0.0661544799804688 0.0855789184570313
-0.0295639038085938 0.0581550598144531 -0.0313911437988281 0.0659141540527344
-0.0240058898925781 0.067626953125 -0.0129852294921875 0.062957763671875
-0.0446891784667969 0.0537338256835938 -0.00568771362304688 0.0595169067382813
-0.0813217163085938 0.0239715576171875 -0.0088348388671875 0.0602264404296875
-0.102943420410156 -0.0362014770507813 -0.0355377197265625 0.0773696899414063
-0.0451812744140625 -0.131156921386719 -0.0641403198242188 0.0726699829101562
0.0257110595703125 -0.15728759765625 -0.0947189331054688 0.0803604125976562
0.118148803710938 -0.157699584960938 -0.0911788940429687 0.0750198364257813
0.155014038085937 -0.1385498046875 -0.0866546630859375 -0.0564346313476563
0.0738296508789063 -0.129745483398437 0.0198383331298828 -0.0317459106445313
-0.0099945068359375 -0.153762817382813 0.0419540405273438 -0.111518859863281
-0.0813064575195313 -0.0836334228515625 -0.0419235229492188 -0.122695922851562
-0.100318908691406 -0.020904541015625 -0.0987701416015625 -0.067291259765625
-0.0732803344726562 0.0476150512695312 -0.101600646972656 0.0187835693359375
-0.0447540283203125 0.0829315185546875 -0.0561370849609375 0.0583000183105469
-0.051666259765625 0.0792922973632812 -0.0188446044921875 0.0381011962890625
-0.0430450439453125 0.0934600830078125 0.00130081176757812 0.0365028381347656
-0.0658950805664062 0.0710830688476563 0.0155982971191406 0.0384902954101563
-0.107345581054687 0.028167724609375 0.0139541625976562 0.0441246032714844
-0.120834350585938 -0.0468597412109375 -0.0123176574707031 0.0700798034667969
-0.044830322265625 -0.154373168945313 -0.0439453125 0.0706939697265625
0.0394439697265625 -0.171478271484375 -0.075958251953125 0.0574951171875
0.145904541015625 -0.157272338867188 -0.0434989929199219 0.0377960205078125
0.175582885742187 -0.109970092773437 -0.0246047973632812 -0.0981369018554687
0.113685607910156 -0.123558044433594 0.05291748046875 -0.0620536804199219
0.0254364013671875 -0.179931640625 0.0678863525390625 -0.113311767578125
-0.0777359008789063 -0.117904663085938 -0.00703430175781249 -0.128608703613281
-0.117439270019531 -0.0441741943359375 -0.0643310546875 -0.0853271484375
-0.0974960327148438 0.046966552734375 -0.0752105712890625 -0.00908660888671874
-0.061737060546875 0.0922088623046875 -0.0397491455078125 0.0223655700683594
-0.0661087036132813 0.0887451171875 -0.00424766540527344 0.00506877899169922
-0.0558013916015625 0.10614013671875 0.016815185546875 0.0043020248413086
-0.07763671875 0.0792388916015625 0.0372161865234375 0.0124969482421875
-0.120338439941406 0.0281982421875 0.0357704162597656 0.0250740051269531
-0.12518310546875 -0.0539627075195312 0.0101814270019531 0.0584373474121094
-0.03570556640625 -0.160873413085938 -0.0262603759765625 0.0658531188964844
0.0545501708984375 -0.164016723632813 -0.0596923828125 0.0308113098144531
0.156082153320313 -0.135482788085938 0.00690746307373048 -0.000152587890625008
0.1630859375 -0.0625457763671875 0.0407333374023437 -0.128158569335938
0.130355834960938 -0.0879669189453125 0.089019775390625 -0.0857772827148438
0.058990478515625 -0.165328979492187 0.08782958984375 -0.10595703125
-0.0534744262695313 -0.127632141113281 0.027252197265625 -0.121292114257813
-0.108802795410156 -0.06036376953125 -0.0244979858398438 -0.091796875
-0.102943420410156 0.0366134643554688 -0.0424461364746094 -0.0345306396484375
-0.0680770874023438 0.0865936279296875 -0.0199260711669922 -0.01483154296875
-0.0706787109375 0.0848007202148437 0.0106315612792969 -0.0288982391357422
-0.0619125366210938 0.10369873046875 0.0321636199951172 -0.0299968719482422
-0.0820159912109375 0.076019287109375 0.0583343505859375 -0.0144386291503906
-0.121543884277344 0.021759033203125 0.0563316345214844 0.0067291259765625
-0.115150451660156 -0.0605697631835937 0.0305290222167969 0.0486640930175781
-0.0156097412109375 -0.15399169921875 -0.0122795104980469 0.06072998046875
0.07232666015625 -0.138076782226563 -0.0440292358398437 0.00531387329101562
0.151397705078125 -0.0929718017578125 0.0549392700195313 -0.0315132141113281
0.120155334472656 -0.005096435546875 0.0972137451171875 -0.142227172851563
0.117561340332031 -0.0347442626953125 0.117340087890625 -0.0997848510742188
0.0787124633789063 -0.11517333984375 0.09771728515625 -0.09130859375
-0.0200424194335937 -0.108634948730469 0.0524444580078125 -0.105628967285156
-0.0793991088867188 -0.0628890991210938 0.0100021362304687 -0.0876693725585938
-0.0889434814453125 0.0209121704101562 -0.0102081298828125 -0.0542106628417969
-0.0634193420410156 0.0673370361328125 -9.53674316406315E-05 -0.0481758117675781
-0.064453125 0.0685386657714844 0.023712158203125 -0.0588912963867188
-0.0609283447265625 0.086151123046875 0.0472869873046875 -0.0605545043945312
-0.07733154296875 0.0616607666015625 0.0783462524414063 -0.0372772216796875
-0.109756469726563 0.00975799560546875 0.0768966674804688 -0.00551605224609375
-0.092742919921875 -0.0641632080078125 0.0495758056640625 0.0429191589355469
0.00964355468750001 -0.133567810058594 -0.000713348388671872 0.0590133666992187
0.08697509765625 -0.0958175659179688 -0.0258293151855469 -0.013946533203125
0.131370544433594 -0.0380477905273438 0.10003662109375 -0.0498886108398437
0.0559539794921875 0.0504837036132813 0.129684448242188 -0.142425537109375
0.0798187255859375 0.02056884765625 0.130928039550781 -0.105720520019531
0.0753250122070313 -0.047332763671875 0.0949249267578125 -0.07794189453125
0.00923538208007813 -0.0670089721679688 0.0639419555664063 -0.0901412963867188
-0.0379562377929688 -0.0497474670410156 0.0319671630859375 -0.0798568725585938
-0.0585060119628906 0.00318908691406249 0.0127754211425781 -0.0664710998535156
-0.04766845703125 0.0383148193359375 0.0145492553710937 -0.0724868774414063
-0.0488204956054687 0.0412979125976563 0.03271484375 -0.079986572265625
-0.0509757995605469 0.0556449890136719 0.0598297119140625 -0.0852127075195313
-0.0618324279785156 0.0392723083496094 0.0962982177734375 -0.0541534423828125
-0.0836105346679688 -0.00286865234375002 0.096405029296875 -0.0106887817382813
-0.0606575012207031 -0.0590934753417969 0.0663070678710937 0.0434341430664062
0.0310745239257812 -0.0973587036132812 0.00724029541015626 0.0618705749511719
0.0881729125976563 -0.0430068969726563 -0.00729751586914062 -0.0230674743652344
0.0921707153320313 0.0216217041015625 0.134773254394531 -0.0502090454101563
-0.0297775268554687 -0.0760116577148438 -0.138084411621094 0.0685958862304688
-0.0573806762695312 0.00281143188476564 -0.00283050537109375 0.0305328369140625
-0.0250358581542969 0.0425643920898438 -0.0093231201171875 -0.069793701171875
0.0183029174804687 0.0395698547363281 -0.0828933715820312 -0.0651702880859375
0.0394325256347656 0.0137252807617188 -0.112648010253906 0.000488281249999976
0.0359268188476563 -0.0191574096679688 -0.103401184082031 0.0657958984375
0.0237140655517578 -0.01824951171875 -0.055816650390625 0.104736328125
0.0222511291503906 -0.00967979431152344 -0.0318069458007812 0.0917739868164062
0.0248699188232422 -0.00695991516113281 -0.0167083740234375 0.0844268798828125
0.0206127166748047 0.0103797912597656 -0.023162841796875 0.0770263671875
0.000566482543945314 0.0291023254394531 -0.0321807861328125 0.0792083740234375
-0.0415000915527344 0.0273551940917969 -0.0583572387695313 0.0865325927734375
-0.0578842163085937 -0.0268135070800781 -0.0962295532226563 0.0747222900390625
-0.0375213623046875 -0.0725250244140625 -0.122108459472656 0.107948303222656
0.000389099121093758 -0.101295471191406 -0.137260437011719 0.136390686035156
0.0301589965820313 -0.120979309082031 -0.14453125 0.0416259765625
-0.0276336669921875 -0.0538101196289063 -0.00767898559570313 0.0197887420654297
-0.0379676818847656 -0.0206375122070313 -0.004150390625 -0.0843505859375
-0.0227069854736328 0.00932502746582031 -0.0843734741210938 -0.0812301635742188
-0.0080556869506836 0.0137338638305664 -0.122116088867188 -0.0125503540039063
0.00409507751464844 0.0109853744506836 -0.110771179199219 0.0635757446289063
0.00604629516601562 0.0216407775878906 -0.0594100952148437 0.104049682617188
-0.000778198242187503 0.0261821746826172 -0.0316162109375 0.0858154296875
0.002685546875 0.0319919586181641 -0.0152359008789062 0.0799636840820312
-0.0123615264892578 0.0322074890136719 -0.0164947509765625 0.07330322265625
-0.0412673950195313 0.0246124267578125 -0.0222854614257812 0.0728302001953125
-0.0729522705078125 -0.00754547119140624 -0.0481948852539063 0.084808349609375
-0.050933837890625 -0.083404541015625 -0.0794525146484375 0.0751266479492188
-0.00516510009765625 -0.120223999023438 -0.107017517089844 0.100425720214844
0.0602264404296875 -0.140716552734375 -0.118186950683594 0.113090515136719
0.091217041015625 -0.14776611328125 -0.128456115722656 1.52587890625179E-05
0.0150527954101562 -0.103378295898438 -0.000755310058593749 -0.00246477127075196
-0.0385360717773438 -0.09063720703125 0.0107879638671875 -0.100883483886719
-0.0613288879394531 -0.0312347412109375 -0.0731048583984375 -0.101264953613281
-0.0576972961425781 0.00542831420898437 -0.120025634765625 -0.03460693359375
-0.0326347351074219 0.0358963012695313 -0.110366821289062 0.0492019653320312
-0.01580810546875 0.0572319030761719 -0.0580978393554687 0.088470458984375
-0.024444580078125 0.0580558776855469 -0.0259666442871094 0.0673637390136719
-0.0178260803222656 0.0667648315429688 -0.007171630859375 0.0627517700195313
-0.0397758483886719 0.0541839599609375 -0.000564575195312506 0.0590858459472656
-0.0766067504882813 0.028564453125 -0.0038604736328125 0.0615730285644531
-0.101943969726563 -0.0277633666992188 -0.0290985107421875 0.08087158203125
-0.0528945922851563 -0.124069213867188 -0.0588607788085938 0.0758438110351562
0.013641357421875 -0.1546630859375 -0.0878219604492188 0.0848922729492187
0.103744506835938 -0.163177490234375 -0.0822830200195313 0.0800247192382812
0.13970947265625 -0.147140502929688 -0.0886001586914062 -0.0472946166992188
0.0634689331054687 -0.131744384765625 0.0194206237792969 -0.0321483612060547
-0.021575927734375 -0.149261474609375 0.032257080078125 -0.113609313964844
-0.0847625732421875 -0.075225830078125 -0.0494842529296875 -0.11865234375
-0.0984268188476563 -0.0125579833984375 -0.101837158203125 -0.059356689453125
-0.06732177734375 0.0503311157226562 -0.0979385375976563 0.0253829956054687
-0.0370025634765625 0.0822601318359375 -0.050323486328125 0.0608673095703125
-0.0443344116210937 0.0810165405273438 -0.0159988403320313 0.0391731262207031
-0.0346527099609375 0.0931930541992187 0.00496292114257812 0.0357742309570313
-0.05841064453125 0.0727462768554688 0.0188484191894531 0.0369644165039063
-0.101531982421875 0.0346298217773437 0.016998291015625 0.0438919067382812
-0.121406555175781 -0.0367965698242187 -0.00713348388671876 0.07196044921875
-0.0548248291015625 -0.147064208984375 -0.038543701171875 0.0725555419921875
0.026885986328125 -0.169403076171875 -0.0709304809570312 0.0622329711914062
0.130859375 -0.164810180664063 -0.039031982421875 0.040618896484375
0.162872314453125 -0.120651245117188 -0.0317230224609375 -0.092437744140625
0.103126525878906 -0.128654479980469 0.0496559143066406 -0.0624465942382813
0.010467529296875 -0.177536010742188 0.0580902099609375 -0.116775512695313
-0.0838623046875 -0.109100341796875 -0.0153732299804687 -0.126426696777344
-0.117362976074219 -0.0340805053710938 -0.0698928833007813 -0.0793685913085938
-0.0908737182617188 0.0519256591796875 -0.0742416381835938 -0.00370788574218751
-0.0528945922851562 0.093353271484375 -0.0371513366699219 0.0252189636230469
-0.0578994750976563 0.0912628173828125 -0.00420570373535157 0.00550413131713868
-0.0460968017578125 0.106948852539063 0.0178108215332031 0.00268173217773438
-0.0693359375 0.0819091796875 0.0383071899414062 0.00998306274414063
-0.114433288574219 0.0363006591796875 0.036651611328125 0.023468017578125
-0.126029968261719 -0.0424270629882812 0.0137672424316406 0.0592765808105469
-0.0467071533203125 -0.154281616210938 -0.0212898254394531 0.0669631958007812
0.0420989990234375 -0.163742065429688 -0.0572090148925781 0.0353889465332031
0.14306640625 -0.143890380859375 0.00666856765747071 -0.000453472137451181
0.154739379882813 -0.0733184814453125 0.0299072265625 -0.12579345703125
0.121482849121094 -0.0949172973632813 0.0825881958007813 -0.0879287719726563
0.045318603515625 -0.165908813476562 0.0788650512695313 -0.11065673828125
-0.0607452392578125 -0.120529174804687 0.0183944702148437 -0.121566772460938
-0.110923767089844 -0.0502700805664063 -0.0315933227539063 -0.088623046875
-0.0972518920898438 0.0427932739257813 -0.0440711975097656 -0.0307083129882812
-0.058929443359375 0.0885696411132812 -0.0206985473632813 -0.0129890441894531
-0.0618743896484375 0.08831787109375 0.0072021484375 -0.0287227630615234
-0.051513671875 0.105476379394531 0.0296802520751953 -0.0321578979492187
-0.0729827880859375 0.0793991088867188 0.0567398071289062 -0.0180587768554687
-0.115882873535156 0.0306320190429688 0.0560417175292969 0.00388336181640625
-0.117095947265625 -0.0503082275390625 0.03350830078125 0.0475044250488281
-0.0272369384765625 -0.149948120117188 -0.00827407836914063 0.061279296875
0.0611724853515625 -0.139320373535156 -0.0440940856933594 0.0093841552734375
0.141510009765625 -0.102249145507813 0.0509872436523438 -0.0345802307128906
0.117019653320312 -0.0139312744140625 0.0836639404296875 -0.144271850585938
0.113426208496094 -0.0423660278320312 0.108985900878906 -0.103134155273438
0.0677337646484375 -0.11962890625 0.0901336669921875 -0.0962600708007813
-0.027374267578125 -0.10430908203125 0.0440597534179688 -0.107635498046875
-0.0827865600585937 -0.0548095703125 0.0027618408203125 -0.0879364013671875
-0.0849990844726563 0.0268325805664063 -0.0138397216796875 -0.0518989562988281
-0.0555992126464844 0.0701980590820313 -0.00366210937500001 -0.0468368530273438
-0.0570907592773437 0.07220458984375 0.0179367065429688 -0.0591964721679687
-0.0515899658203125 0.0892333984375 0.0418167114257813 -0.0637893676757813
-0.0696830749511719 0.06573486328125 0.0745468139648438 -0.04180908203125
-0.105430603027344 0.0186920166015625 0.0750656127929688 -0.0093536376953125
-0.0959930419921875 -0.0555191040039062 0.0515518188476562 0.0401191711425781
-0.000930786132812511 -0.13214111328125 0.00320434570312499 0.0584907531738281
0.0784835815429688 -0.100212097167969 -0.0280189514160156 -0.0102729797363281
0.125900268554688 -0.046630859375 0.0932693481445313 -0.0555038452148438
0.0584716796875 0.0452728271484375 0.115142822265625 -0.146865844726563
0.0801162719726562 0.0146255493164062 0.121246337890625 -0.110618591308594
0.0695686340332031 -0.0529022216796875 0.0887908935546875 -0.0824508666992188
0.00429534912109374 -0.0660209655761719 0.0564422607421875 -0.093505859375
-0.0415725708007813 -0.0449752807617188 0.0251007080078125 -0.0812606811523438
-0.0567398071289063 0.00843048095703126 0.00787353515624999 -0.065765380859375
-0.042205810546875 0.04119873046875 0.008880615234375 -0.0719375610351563
-0.0439529418945313 0.0445709228515625 0.0255966186523438 -0.0809555053710938
-0.0445899963378906 0.059722900390625 0.0523223876953125 -0.088165283203125
-0.0569381713867187 0.0434646606445313 0.0915069580078125 -0.0593719482421875
-0.08172607421875 0.00455474853515625 0.0932159423828125 -0.0161972045898438
-0.0645332336425781 -0.0523681640625 0.0676956176757813 0.0391998291015625
0.0224685668945313 -0.098602294921875 0.01153564453125 0.0611610412597656
0.0833816528320313 -0.04913330078125 -0.0109672546386719 -0.0208530426025391
0.0922164916992188 0.01446533203125 0.127571105957031 -0.059051513671875
-0.0348052978515625 -0.06878662109375 -0.124298095703125 0.0754013061523437
-0.0541191101074219 0.00768661499023437 0.00155448913574218 0.0278606414794922
-0.019989013671875 0.04229736328125 -0.0134315490722656 -0.0664405822753906
0.0218734741210937 0.0360298156738281 -0.0836257934570313 -0.05731201171875
0.0397071838378906 0.00809478759765625 -0.10711669921875 0.00778198242187502
0.0317955017089844 -0.0224514007568359 -0.0942230224609375 0.0697250366210938
0.019622802734375 -0.0200729370117188 -0.0454025268554688 0.103515625
0.0192165374755859 -0.0107460021972656 -0.022918701171875 0.0897598266601563
0.0223712921142578 -0.00876426696777344 -0.00886535644531251 0.0818252563476563
0.0195999145507813 0.00771903991699219 -0.0162582397460938 0.0752639770507812
0.00324630737304687 0.0261898040771484 -0.02423095703125 0.0784835815429688
-0.0361900329589844 0.029571533203125 -0.0485382080078125 0.0876083374023438
-0.0568122863769531 -0.0203857421875 -0.0874404907226563 0.0774917602539063
-0.0411262512207031 -0.0655555725097656 -0.10888671875 0.110137939453125
-0.00782775878906249 -0.0965423583984375 -0.118751525878906 0.137962341308594
0.0182952880859375 -0.116752624511719 -0.132377624511719 0.0507736206054688
-0.030242919921875 -0.0481452941894531 -0.00357437133789063 0.0187873840332031
-0.0373039245605469 -0.0162887573242187 -0.0100555419921875 -0.0808639526367187
-0.0194950103759766 0.0109119415283203 -0.0858001708984375 -0.0724563598632813
-0.00527477264404297 0.0124292373657227 -0.117256164550781 -0.00411224365234374
0.00431156158447266 0.00803518295288086 -0.101432800292969 0.0677871704101563
0.0058441162109375 0.0189323425292969 -0.0488357543945312 0.103012084960938
0.000293731689453125 0.0243511199951172 -0.0231857299804687 0.0842056274414063
0.00403404235839844 0.0287914276123047 -0.00774383544921874 0.0776214599609375
-0.00994300842285157 0.0296745300292969 -0.00980377197265625 0.0710372924804688
-0.0362968444824219 0.02508544921875 -0.015533447265625 0.0716705322265625
-0.0685462951660156 -0.0011138916015625 -0.0394287109375 0.0852737426757812
-0.0535888671875 -0.0743026733398437 -0.0717239379882813 0.076873779296875
-0.01318359375 -0.112419128417969 -0.095123291015625 0.1024169921875
0.04608154296875 -0.137542724609375 -0.102676391601563 0.115409851074219
0.0736236572265625 -0.1466064453125 -0.120758056640625 0.0109405517578125
0.00662994384765626 -0.0985107421875 0.0014958381652832 -0.00227737426757813
-0.043304443359375 -0.0820236206054688 0.00250244140625001 -0.0970840454101562
-0.0588836669921875 -0.0249137878417969 -0.077239990234375 -0.09210205078125
-0.0526046752929688 0.00861358642578124 -0.116203308105469 -0.0244064331054688
-0.0275745391845703 0.0345554351806641 -0.101371765136719 0.0542755126953125
-0.0110435485839844 0.053955078125 -0.0482177734375 0.0880966186523438
-0.0195236206054688 0.0562248229980469 -0.0197639465332031 0.0658035278320313
-0.0124893188476562 0.0635795593261719 -0.00116729736328126 0.0607147216796875
-0.0336837768554688 0.0527610778808594 0.00454330444335938 0.0569610595703125
-0.0693855285644531 0.0311737060546875 0.0010223388671875 0.0599899291992188
-0.0976486206054688 -0.0182266235351562 -0.0221633911132813 0.0811233520507813
-0.0590057373046875 -0.113227844238281 -0.0518341064453125 0.0759735107421875
0.00224304199218749 -0.146148681640625 -0.078338623046875 0.0870208740234375
0.0858917236328125 -0.163040161132813 -0.0715255737304688 0.0819931030273437
0.120498657226563 -0.149734497070312 -0.0867233276367187 -0.0363998413085938
0.0504989624023438 -0.129035949707031 0.0187816619873047 -0.0309524536132813
-0.0322647094726563 -0.139305114746094 0.0227203369140625 -0.111549377441406
-0.0846023559570313 -0.0647048950195312 -0.0554351806640625 -0.110374450683594
-0.093017578125 -0.00426483154296877 -0.101348876953125 -0.0491943359375
-0.0594482421875 0.0512809753417969 -0.0912017822265625 0.031005859375
-0.029022216796875 0.0789413452148438 -0.0432853698730469 0.0617294311523438
-0.0362167358398437 0.0797348022460938 -0.0126838684082031 0.0386161804199219
-0.0252914428710938 0.0901947021484375 0.00816154479980468 0.0335521697998047
-0.0494766235351563 0.0717926025390625 0.0215606689453125 0.0342159271240234
-0.0920791625976563 0.0393295288085937 0.019866943359375 0.0425033569335938
-0.116912841796875 -0.0254287719726563 -0.00169372558593751 0.0713272094726562
-0.0625381469726562 -0.135025024414063 -0.0329742431640625 0.0720901489257812
0.013336181640625 -0.161636352539063 -0.0643463134765625 0.0645942687988281
0.111557006835938 -0.166000366210937 -0.0334358215332031 0.0409736633300781
0.144515991210938 -0.12628173828125 -0.0365371704101562 -0.0831527709960938
0.08905029296875 -0.128562927246094 0.044921875 -0.0613441467285156
-0.00451660156249998 -0.168685913085937 0.046905517578125 -0.115882873535156
-0.0865707397460938 -0.0967636108398438 -0.0235977172851563 -0.120323181152344
-0.1129150390625 -0.0228042602539062 -0.0724716186523438 -0.0707168579101562
-0.0811996459960938 0.055145263671875 -0.0706939697265625 0.00205230712890627
-0.0421218872070312 0.0908126831054688 -0.0330982208251953 0.0268783569335938
-0.0477752685546875 0.0905380249023438 -0.00447750091552735 0.00599050521850586
-0.0347061157226563 0.104209899902344 0.0181770324707031 0.00132369995117188
-0.0588455200195313 0.0814971923828125 0.0382537841796875 0.00700759887695313
-0.104194641113281 0.04248046875 0.0367317199707031 0.0212860107421875
-0.122024536132812 -0.0307464599609375 0.017608642578125 0.0574722290039063
-0.0556793212890625 -0.142959594726563 -0.016632080078125 0.0654830932617187
0.0280914306640625 -0.157455444335937 -0.0527114868164063 0.0383987426757813
0.124740600585938 -0.147247314453125 0.00612211227416993 -0.000874996185302743
0.140823364257813 -0.08026123046875 0.0191192626953125 -0.119438171386719
0.108833312988281 -0.0984268188476563 0.0736846923828125 -0.0870819091796875
0.0292205810546875 -0.161087036132812 0.0673294067382812 -0.110733032226563
-0.0662155151367187 -0.109245300292969 0.00872039794921874 -0.11773681640625
-0.108551025390625 -0.038665771484375 -0.0372695922851563 -0.0820541381835938
-0.08837890625 0.0477294921875 -0.0435523986816406 -0.0258903503417969
-0.0486068725585938 0.0870285034179688 -0.0200614929199219 -0.01025390625
-0.051788330078125 0.0883865356445313 0.00457191467285156 -0.0277767181396484
-0.0401153564453125 0.103614807128906 0.0267295837402344 -0.0329113006591797
-0.0624160766601563 0.080413818359375 0.0530548095703125 -0.0210647583007813
-0.106422424316406 0.0382843017578125 0.0539131164550781 0.00157928466796875
-0.114639282226562 -0.0377120971679687 0.0350875854492187 0.0446281433105469
-0.0368804931640625 -0.140121459960938 -0.00358963012695312 0.0594902038574219
0.0482635498046875 -0.136024475097656 -0.0423812866210938 0.0133743286132812
0.126502990722656 -0.108116149902344 0.045654296875 -0.0367660522460938
0.109359741210938 -0.0220794677734375 0.0677490234375 -0.140403747558594
0.104835510253906 -0.0484085083007813 0.0974349975585938 -0.103225708007812
0.0544967651367187 -0.119041442871094 0.0795745849609375 -0.0979385375976563
-0.0335922241210937 -0.09649658203125 0.0345687866210937 -0.106292724609375
-0.0824508666992187 -0.0447998046875 -0.0047149658203125 -0.0838394165039063
-0.078369140625 0.0320968627929687 -0.0163154602050781 -0.0482635498046875
-0.0465621948242188 0.0701751708984375 -0.00718307495117187 -0.0431251525878906
-0.0481643676757812 0.0725479125976563 0.0119438171386719 -0.0566215515136719
-0.0411453247070313 0.0883560180664063 0.0350875854492187 -0.0634994506835938
-0.0600128173828125 0.0679092407226563 0.0688018798828125 -0.0450325012207031
-0.0970840454101563 0.0265045166015625 0.0710372924804688 -0.0127334594726562
-0.0957412719726562 -0.0443344116210938 0.05145263671875 0.036224365234375
-0.0118179321289063 -0.126312255859375 0.00718307495117188 0.0559043884277344
0.0672149658203125 -0.100807189941406 -0.0284442901611328 -0.0064697265625
0.116195678710938 -0.0540771484375 0.0839385986328125 -0.0593948364257813
0.0588722229003906 0.038421630859375 0.0977783203125 -0.145462036132813
0.077423095703125 0.0078277587890625 0.10797119140625 -0.110618591308594
0.0614967346191406 -0.0568580627441406 0.0800094604492188 -0.0839767456054688
-0.00119781494140626 -0.0627899169921875 0.0474090576171875 -0.0928421020507813
-0.0431747436523438 -0.0388908386230469 0.0170745849609375 -0.0794448852539063
-0.0532913208007813 0.01287841796875 0.002593994140625 -0.0624771118164063
-0.0361061096191406 0.0425376892089844 0.00291824340820313 -0.0683937072753906
-0.0375022888183594 0.0464859008789062 0.0180130004882813 -0.0782470703125
-0.0366592407226562 0.0604629516601563 0.0433883666992187 -0.0875778198242188
-0.0493698120117188 0.0460700988769531 0.0828399658203125 -0.0631256103515625
-0.0765762329101563 0.0118026733398438 0.0878067016601563 -0.0206069946289063
-0.0662422180175781 -0.0439987182617188 0.0669364929199219 0.03375244140625
0.0126419067382813 -0.0959930419921875 0.0152168273925781 0.0579681396484375
0.0758132934570313 -0.0535888671875 -0.0138149261474609 -0.0170278549194336
0.0888519287109375 0.0063934326171875 0.115394592285156 -0.065216064453125
-0.0370635986328125 -0.0613212585449219 -0.110488891601563 0.075958251953125
-0.0500984191894531 0.0103073120117188 0.00393295288085937 0.0244331359863281
-0.015625 0.0407676696777344 -0.0157203674316406 -0.0620002746582031
0.0230083465576172 0.031982421875 -0.08099365234375 -0.0503921508789063
0.0380439758300781 0.00401687622070313 -0.0997085571289063 0.0113449096679687
0.02679443359375 -0.0241603851318359 -0.0857162475585938 0.0695571899414063
0.0153579711914063 -0.0201225280761719 -0.0372314453125 0.0981063842773438
0.0162782669067383 -0.0113677978515625 -0.0162277221679687 0.0847091674804687
0.0192089080810547 -0.0101833343505859 -0.00308990478515626 0.0764923095703125
0.0180740356445313 0.0050048828125 -0.0110931396484375 0.0713043212890625
0.0041961669921875 0.0231342315673828 -0.0181198120117188 0.0749893188476562
-0.0309467315673828 0.0295963287353516 -0.0413436889648438 0.0848922729492188
-0.052825927734375 -0.01556396484375 -0.0793075561523438 0.0762786865234375
-0.0412788391113281 -0.0585365295410156 -0.096710205078125 0.106597900390625
-0.01348876953125 -0.0895233154296875 -0.102302551269531 0.132804870605469
0.00954437255859374 -0.108451843261719 -0.119560241699219 0.054443359375
-0.0303573608398438 -0.0423965454101563 -0.000657081604003907 0.0169124603271484
-0.0348434448242188 -0.0123729705810547 -0.0131683349609375 -0.0753707885742187
-0.016362190246582 0.0108928680419922 -0.0835189819335938 -0.0642013549804687
-0.00300025939941406 0.0106105804443359 -0.109405517578125 0.00108337402343752
0.00413942337036133 0.00569772720336914 -0.0922927856445312 0.0682296752929688
0.0049896240234375 0.0161075592041016 -0.0403213500976562 0.0981521606445313
0.000778198242187502 0.0221595764160156 -0.0169219970703125 0.0795516967773438
0.00441932678222656 0.0257072448730469 -0.00247192382812501 0.0725326538085938
-0.00811767578125 0.0268726348876953 -0.004913330078125 0.0669746398925781
-0.0325031280517578 0.0234375 -0.0104598999023437 0.0689125061035156
-0.0627098083496094 0.00243377685546874 -0.0324020385742188 0.0830078125
-0.0527458190917969 -0.0660057067871094 -0.064605712890625 0.0754013061523437
-0.0177230834960938 -0.1033935546875 -0.0841064453125 0.0992279052734375
0.0348587036132812 -0.130722045898437 -0.0884857177734375 0.111343383789062
0.0600128173828125 -0.138839721679688 -0.11029052734375 0.0169448852539063
0.00174713134765626 -0.0914382934570313 0.00359511375427246 -0.00264167785644532
-0.04443359375 -0.0732650756835937 -0.002716064453125 -0.0913925170898438
-0.0550575256347656 -0.0195121765136719 -0.0765304565429687 -0.0834808349609375
-0.0472602844238281 0.0100250244140625 -0.109817504882813 -0.0176925659179688
-0.0240249633789062 0.0314846038818359 -0.0922775268554688 0.0550994873046875
-0.00850677490234375 0.0492324829101563 -0.0403671264648437 0.08489990234375
-0.0159263610839844 0.0528068542480469 -0.01507568359375 0.0627288818359375
-0.00857925415039063 0.058380126953125 0.00273895263671875 0.0566329956054688
-0.0284500122070312 0.0492820739746094 0.00766372680664063 0.0530815124511719
-0.0620841979980469 0.0311012268066406 0.00453567504882812 0.056976318359375
-0.0908889770507812 -0.0113983154296875 -0.016265869140625 0.0782546997070313
-0.0595779418945312 -0.101936340332031 -0.0463485717773438 0.0738906860351563
-0.00462341308593749 -0.135696411132813 -0.0695419311523438 0.0847702026367187
0.0709228515625 -0.155624389648438 -0.0619125366210937 0.07867431640625
0.10302734375 -0.144744873046875 -0.0815505981445313 -0.028106689453125
0.0411911010742188 -0.121871948242188 0.0181331634521484 -0.0295391082763672
-0.0373764038085937 -0.12689208984375 0.0155181884765625 -0.1046142578125
-0.0808029174804687 -0.0553131103515625 -0.057464599609375 -0.101249694824219
-0.085205078125 0.000450134277343742 -0.0974960327148437 -0.0411834716796875
-0.0516319274902344 0.049041748046875 -0.0835418701171875 0.033050537109375
-0.0229721069335937 0.0737380981445313 -0.0364456176757812 0.0598983764648438
-0.0299758911132812 0.075439453125 -0.0098419189453125 0.0371856689453125
-0.0184478759765625 0.083709716796875 0.00982666015625 0.0305938720703125
-0.0421333312988281 0.0677299499511719 0.0228824615478516 0.0313167572021484
-0.0828704833984375 0.040130615234375 0.021087646484375 0.0397415161132813
-0.109100341796875 -0.01715087890625 0.00243759155273437 0.0692939758300781
-0.06494140625 -0.122627258300781 -0.0284881591796875 0.0693130493164062
0.0052337646484375 -0.150344848632813 -0.0574226379394531 0.0633888244628906
0.0952301025390625 -0.160400390625 -0.028594970703125 0.0390243530273438
0.126914978027344 -0.123878479003906 -0.03778076171875 -0.0735244750976563
0.07696533203125 -0.124282836914063 0.0410804748535156 -0.0581016540527344
-0.0131378173828125 -0.156387329101563 0.0380477905273437 -0.110237121582031
-0.0844192504882813 -0.0853424072265625 -0.027984619140625 -0.111923217773438
-0.105445861816406 -0.0152435302734375 -0.0717697143554688 -0.06256103515625
-0.07257080078125 0.0544509887695313 -0.0656929016113281 0.00515747070312499
-0.0350723266601563 0.0853195190429688 -0.0289745330810547 0.0272121429443359
-0.0397720336914063 0.086669921875 -0.0034170150756836 0.00573873519897461
-0.0259857177734375 0.0976486206054688 0.0169296264648438 3.91006469726622E-05
-0.0494918823242188 0.07745361328125 0.0366897583007812 0.00506210327148438
-0.0936050415039063 0.0444793701171875 0.0362892150878906 0.019805908203125
-0.114959716796875 -0.021636962890625 0.019805908203125 0.055084228515625
-0.0593643188476563 -0.130386352539063 -0.0133171081542969 0.0626258850097656
0.018768310546875 -0.147384643554687 -0.0482597351074219 0.0396270751953125
0.108444213867188 -0.143524169921875 0.00577402114868165 -0.00160312652587892
0.12579345703125 -0.0813369750976562 0.0124664306640625 -0.109565734863281
0.0973587036132813 -0.0973434448242188 0.0660934448242188 -0.0827484130859375
0.018280029296875 -0.151229858398438 0.0578536987304688 -0.105575561523438
-0.0667037963867188 -0.0978775024414062 0.00270843505859374 -0.111160278320313
-0.102333068847656 -0.0297393798828125 -0.039031982421875 -0.0746688842773437
-0.0791549682617188 0.048065185546875 -0.0413475036621094 -0.0219879150390625
-0.0401687622070313 0.0824127197265625 -0.0185699462890625 -0.00782966613769531
-0.0431060791015625 0.0845413208007813 0.00257682800292968 -0.0255184173583984
-0.0308303833007813 0.0980987548828125 0.023468017578125 -0.0322856903076172
-0.0532073974609375 0.0769500732421875 0.0494041442871094 -0.0219535827636719
-0.0952911376953125 0.0406341552734375 0.0507583618164062 0.000133514404296877
-0.108367919921875 -0.0281753540039063 0.0351829528808594 0.0421028137207031
-0.0419769287109375 -0.128669738769531 -0.00126266479492188 0.0561370849609375
0.0383377075195313 -0.128890991210937 -0.0400390625 0.0158424377441406
0.112464904785156 -0.107040405273437 0.0403861999511719 -0.0360641479492188
0.100379943847656 -0.0257949829101563 0.0560302734375 -0.131576538085938
0.0956649780273438 -0.0496902465820313 0.0870437622070313 -0.098907470703125
0.043853759765625 -0.113685607910156 0.0702667236328125 -0.0933151245117188
-0.0359878540039063 -0.0877685546875 0.02764892578125 -0.101608276367188
-0.078948974609375 -0.0369338989257812 -0.00870513916015626 -0.0778045654296875
-0.0709457397460937 0.03363037109375 -0.017425537109375 -0.0439300537109375
-0.0388565063476563 0.0668678283691406 -0.00843048095703125 -0.0396308898925781
-0.0406951904296875 0.0702133178710938 0.00814056396484375 -0.0534019470214844
-0.0325241088867187 0.0845565795898438 0.0296287536621094 -0.0612983703613281
-0.05157470703125 0.0658683776855469 0.0628204345703125 -0.0455780029296875
-0.088134765625 0.0301666259765625 0.06561279296875 -0.0139236450195312
-0.0914382934570313 -0.0348892211914062 0.04986572265625 0.0328636169433594
-0.0179977416992187 -0.117088317871094 0.0085296630859375 0.0524253845214844
0.0579681396484375 -0.0977783203125 -0.0280609130859375 -0.00281143188476564
0.10540771484375 -0.05657958984375 0.0738525390625 -0.0588607788085938
0.0564193725585938 0.0329208374023438 0.0833740234375 -0.137680053710938
0.072845458984375 0.00339508056640625 0.0963211059570313 -0.106063842773438
0.0532646179199219 -0.0565528869628906 0.0723114013671875 -0.0814895629882813
-0.00420761108398437 -0.0580062866210938 0.040252685546875 -0.0891876220703125
-0.0425262451171875 -0.0326919555664063 0.0111770629882813 -0.0753402709960938
-0.0486526489257813 0.0154228210449219 0.000144958496093752 -0.05810546875
-0.030426025390625 0.0414962768554688 -0.000934600830078125 -0.0632095336914063
-0.0316352844238281 0.0452842712402344 0.012054443359375 -0.0735702514648437
-0.0295753479003906 0.0587806701660156 0.0353775024414063 -0.0837783813476563
-0.042938232421875 0.0456314086914062 0.0745620727539063 -0.0628814697265625
-0.0693931579589844 0.01605224609375 0.0810928344726563 -0.0223236083984375
-0.06414794921875 -0.0366477966308594 0.0642051696777344 0.0293655395507812
0.00616455078125 -0.0905914306640625 0.0167121887207031 0.0539627075195312
0.0677719116210938 -0.0545692443847656 -0.0147876739501953 -0.0138387680053711
0.0830001831054688 0.0013580322265625 0.103012084960938 -0.066009521484375
-0.0368766784667969 -0.0546951293945312 -0.100425720214844 0.0736083984375
-0.0461196899414063 0.0114631652832031 0.00543975830078125 0.0215702056884766
-0.0129280090332031 0.0388603210449219 -0.0158042907714844 -0.0581130981445313
0.0238838195800781 0.0286712646484375 -0.0769805908203125 -0.0462417602539063
0.0357894897460938 0.00156021118164063 -0.0934524536132813 0.0120849609375
0.0230178833007812 -0.0237674713134766 -0.0796890258789063 0.0668716430664062
0.0123958587646484 -0.0186176300048828 -0.03302001953125 0.0928726196289063
0.0140037536621094 -0.0111589431762695 -0.0131301879882812 0.0795211791992188
0.0167007446289063 -0.00989246368408203 -0.000534057617187496 0.0712432861328125
0.0163068771362305 0.00332927703857422 -0.00824356079101563 0.0674781799316406
0.00456428527832031 0.0201873779296875 -0.014923095703125 0.0714111328125
-0.0270366668701172 0.0284519195556641 -0.0364303588867188 0.0810775756835938
-0.0489883422851563 -0.0123443603515625 -0.0741958618164062 0.07305908203125
-0.0404319763183594 -0.0533561706542969 -0.0882186889648438 0.100738525390625
-0.015350341796875 -0.0828094482421875 -0.091583251953125 0.124473571777344
0.00489044189453126 -0.0999755859375 -0.108818054199219 0.0538101196289063
-0.0294380187988281 -0.038360595703125 0.00123500823974609 0.0146751403808594
-0.0325164794921875 -0.00990486145019532 -0.014190673828125 -0.0707168579101562
-0.0136270523071289 0.0103340148925781 -0.0801239013671875 -0.0593185424804687
-0.00196647644042969 0.00888156890869141 -0.102088928222656 0.00267791748046876
0.00321006774902344 0.00382161140441894 -0.0851821899414063 0.0657119750976563
0.00415706634521484 0.0147571563720703 -0.0355377197265625 0.092529296875
0.000314712524414064 0.0203495025634766 -0.0138626098632812 0.075225830078125
0.00408935546875 0.02294921875 0.000251770019531248 0.0677757263183594
-0.00746345520019531 0.0239639282226563 -0.00275802612304687 0.0629463195800781
-0.0294094085693359 0.0216388702392578 -0.00741958618164062 0.0652923583984375
-0.057464599609375 0.00359344482421874 -0.0281219482421875 0.0796356201171875
-0.0495567321777344 -0.0601768493652344 -0.0600967407226563 0.0716018676757813
-0.0185470581054687 -0.0955047607421875 -0.0769424438476563 0.0943984985351563
0.0283432006835938 -0.122154235839844 -0.0795059204101562 0.104537963867188
0.0513534545898437 -0.130081176757813 -0.101631164550781 0.0193862915039063
-0.000579833984375003 -0.0845489501953125 0.00572443008422852 -0.00273609161376954
-0.0429000854492187 -0.0663070678710938 -0.00478363037109376 -0.0855331420898438
-0.0504608154296875 -0.0170822143554687 -0.0739822387695313 -0.0773544311523437
-0.0429191589355469 0.0100288391113281 -0.102943420410156 -0.0147552490234375
-0.0220832824707031 0.0287246704101563 -0.0852203369140625 0.053466796875
-0.00737762451171875 0.0455322265625 -0.0356903076171875 0.0805282592773438
-0.0141830444335937 0.0493011474609375 -0.0121650695800781 0.0593376159667969
-0.00712966918945312 0.0542564392089844 0.00485610961914062 0.0522613525390625
-0.0260086059570312 0.0453109741210938 0.00937652587890625 0.049713134765625
-0.0567970275878906 0.0293807983398438 0.00622558593749999 0.0544815063476563
-0.0843124389648438 -0.00865936279296875 -0.0127716064453125 0.0757675170898438
-0.0575485229492187 -0.0936355590820313 -0.0431976318359375 0.0704727172851563
-0.00663757324218749 -0.125068664550781 -0.0636672973632813 0.0810165405273437
0.06182861328125 -0.14697265625 -0.0551300048828125 0.0742721557617187
0.0910186767578125 -0.136146545410156 -0.0760421752929688 -0.0227508544921875
0.03570556640625 -0.114601135253906 0.0184688568115234 -0.0272865295410156
-0.0383987426757813 -0.116462707519531 0.01214599609375 -0.0984954833984375
-0.0757827758789063 -0.0493927001953125 -0.0561447143554687 -0.0946731567382812
-0.0785369873046875 0.00238037109375001 -0.0920562744140625 -0.0366287231445313
-0.0473213195800781 0.0455665588378906 -0.0777740478515625 0.0325164794921875
-0.0201759338378906 0.068267822265625 -0.0326423645019531 0.0571441650390625
-0.0265655517578125 0.0712966918945312 -0.00818634033203125 0.0353431701660156
-0.0153656005859375 0.0777435302734375 0.0104007720947266 0.0281238555908203
-0.0378074645996094 0.0627899169921875 0.0230026245117187 0.0288848876953125
-0.0753402709960938 0.0385971069335937 0.0216407775878906 0.0385017395019531
-0.101638793945313 -0.0130081176757813 0.00416183471679688 0.066558837890625
-0.063079833984375 -0.112876892089844 -0.0268211364746094 0.0662460327148438
0.00170898437500001 -0.139755249023438 -0.0529212951660156 0.0614013671875
0.083953857421875 -0.152297973632813 -0.0255661010742187 0.0365486145019531
0.114509582519531 -0.117515563964844 -0.0362510681152344 -0.0658798217773438
0.0694961547851562 -0.116897583007813 0.0390892028808594 -0.0542831420898438
-0.0164337158203125 -0.14483642578125 0.03350830078125 -0.103378295898438
-0.0799560546875 -0.0772857666015625 -0.0287322998046875 -0.105072021484375
-0.097442626953125 -0.0120010375976563 -0.0687789916992188 -0.0567893981933594
-0.0653915405273437 0.051177978515625 -0.0611038208007813 0.00615692138671874
-0.0306854248046875 0.0794677734375 -0.0261211395263672 0.0264053344726563
-0.0350265502929688 0.0819473266601563 -0.00333452224731446 0.0063471794128418
-0.0216445922851563 0.091156005859375 0.0161685943603516 -0.000626564025878901
-0.0442733764648438 0.0724716186523438 0.0352859497070313 0.0041046142578125
-0.0849685668945313 0.0434951782226562 0.0350112915039062 0.0191173553466797
-0.107086181640625 -0.0167465209960938 0.0196418762207031 0.0533332824707031
-0.0585708618164063 -0.119979858398438 -0.0123672485351563 0.0595245361328125
0.0148544311523438 -0.137443542480469 -0.045135498046875 0.0390701293945312
0.0974578857421875 -0.136695861816406 0.00524425506591797 -0.00143671035766602
0.114860534667969 -0.0781478881835938 0.00926208496093751 -0.100418090820313
0.0892868041992188 -0.092620849609375 0.0624008178710938 -0.0773162841796875
0.0133056640625 -0.141510009765625 0.0525665283203125 -0.09979248046875
-0.0639801025390625 -0.0899658203125 -1.5258789062493E-05 -0.105018615722656
-0.0960922241210938 -0.0256118774414062 -0.0389862060546875 -0.068756103515625
-0.072113037109375 0.0464324951171875 -0.038970947265625 -0.0196800231933594
-0.0351333618164063 0.0777359008789063 -0.0172281265258789 -0.00655269622802734
-0.0384521484375 0.080322265625 0.00130462646484375 -0.0232830047607422
-0.0255813598632813 0.091522216796875 0.0210437774658203 -0.0307407379150391
-0.0470809936523437 0.0725936889648438 0.0468978881835938 -0.0215568542480469
-0.0870285034179688 0.0401535034179688 0.0484886169433594 0.00104904174804688
-0.1014404296875 -0.0231170654296875 0.0339775085449219 0.0406341552734375
-0.0428619384765625 -0.119384765625 -0.000839233398437505 0.0533866882324219
0.0331649780273438 -0.12115478515625 -0.0378303527832031 0.0169906616210938
0.102210998535156 -0.103004455566406 0.0361671447753906 -0.0342941284179688
0.0931549072265625 -0.0256576538085938 0.049072265625 -0.121536254882813
0.088714599609375 -0.04852294921875 0.0809173583984375 -0.0924530029296875
0.037200927734375 -0.107719421386719 0.0648193359375 -0.0892410278320312
-0.0354766845703125 -0.0809402465820313 0.0235824584960938 -0.0958175659179688
-0.0745773315429688 -0.0321044921875 -0.010345458984375 -0.0721588134765625
-0.0644721984863281 0.0330352783203125 -0.0170097351074219 -0.0407600402832031
-0.0346221923828125 0.0636711120605469 -0.008148193359375 -0.0369338989257812
-0.0358695983886719 0.0670356750488281 0.00577163696289062 -0.0496139526367188
-0.0271530151367188 0.0796356201171875 0.0262680053710937 -0.0580825805664062
-0.0456085205078125 0.062347412109375 0.0577621459960938 -0.0440444946289062
-0.0803298950195313 0.0308685302734375 0.0616607666015625 -0.0134201049804687
-0.0862808227539063 -0.0293655395507812 0.0471229553222656 0.0313262939453125
-0.0211563110351562 -0.109115600585937 0.00860977172851562 0.0493659973144531
0.0516128540039063 -0.0930023193359375 -0.0274391174316406 -0.000591278076171887
0.0970535278320313 -0.0554580688476563 0.066650390625 -0.0563850402832031
0.053497314453125 0.0294723510742188 0.0742263793945313 -0.128044128417969
0.0683670043945313 0.00110626220703125 0.0888214111328125 -0.0995254516601563
0.0474967956542969 -0.0546646118164063 0.0675048828125 -0.0777130126953125
-0.0055389404296875 -0.0538063049316406 0.0360031127929688 -0.0853424072265625
-0.0407638549804688 -0.0291862487792969 0.00849151611328124 -0.07037353515625
-0.0444793701171875 0.0161705017089844 -0.000919342041015622 -0.0550193786621094
-0.026702880859375 0.0397758483886719 -0.0027008056640625 -0.0588493347167969
-0.0275993347167969 0.0438957214355469 0.00846099853515624 -0.0685310363769531
-0.0249519348144531 0.0561904907226563 0.0305557250976562 -0.07928466796875
-0.0382537841796875 0.0441055297851562 0.0682563781738281 -0.0606918334960938
-0.0639305114746094 0.017730712890625 0.0754318237304687 -0.0215377807617187
-0.0613517761230469 -0.0311241149902344 0.0604476928710937 0.0270767211914062
0.00177764892578126 -0.0855941772460938 0.016265869140625 0.0506935119628906
0.061981201171875 -0.0535011291503906 -0.0151691436767578 -0.0110340118408203
0.0778427124023438 -0.00122833251953125 0.093475341796875 -0.063232421875
-0.0354804992675781 -0.0504913330078125 -0.0941009521484375 0.0711517333984375
-0.0438308715820313 0.0124588012695313 0.00575828552246093 0.0195407867431641
-0.010955810546875 0.037200927734375 -0.0151405334472656 -0.0559539794921875
0.0236835479736328 0.0263118743896484 -0.074310302734375 -0.04443359375
0.0343647003173828 -0.000745773315429688 -0.0887527465820313 0.010711669921875
0.0201683044433594 -0.0234813690185547 -0.0759429931640625 0.0651016235351563
0.0103893280029297 -0.0174894332885742 -0.03045654296875 0.0891265869140625
0.012725830078125 -0.0108737945556641 -0.0112457275390625 0.0759353637695313
0.0146942138671875 -0.00977897644042969 0.00133514404296874 0.0674896240234375
0.0146217346191406 0.00222492218017578 -0.006805419921875 0.0643196105957031
0.00421142578125 0.0181732177734375 -0.0136451721191406 0.0688514709472656
-0.0240497589111328 0.0272140502929688 -0.0337295532226563 0.078643798828125
-0.0460968017578125 -0.0110244750976563 -0.0712051391601563 0.0699005126953125
-0.0389518737792969 -0.0498580932617187 -0.0840530395507813 0.0959091186523437
-0.0163345336914063 -0.078155517578125 -0.08544921875 0.11737060546875
0.00366210937499999 -0.0935592651367188 -0.101554870605469 0.0521621704101562
-0.0279350280761719 -0.0355987548828125 0.00264167785644531 0.0134449005126953
-0.0301437377929688 -0.00876808166503906 -0.0137710571289063 -0.0676689147949219
-0.0117006301879883 0.00978946685791015 -0.0776443481445313 -0.0571212768554687
-0.00108146667480469 0.00661611557006836 -0.098114013671875 0.00238037109375002
0.00161623954772949 0.00231075286865234 -0.0813522338867188 0.063446044921875
0.00289249420166016 0.0138607025146484 -0.0327301025390625 0.0890274047851563
0.000276565551757813 0.0191898345947266 -0.01220703125 0.0723342895507813
0.00327491760253906 0.021514892578125 0.00171279907226562 0.06488037109375
-0.00757789611816406 0.0224227905273438 -0.00133895874023438 0.0606918334960938
-0.0277652740478516 0.0196456909179688 -0.00658798217773438 0.0634651184082031
-0.0531539916992188 0.00386810302734375 -0.0260772705078125 0.07769775390625
-0.0470352172851563 -0.0562667846679688 -0.058258056640625 0.0690956115722656
-0.0181655883789063 -0.090057373046875 -0.0728530883789063 0.0895004272460937
0.0255126953125 -0.11627197265625 -0.0739364624023438 0.098876953125
0.0473098754882813 -0.122673034667969 -0.0949478149414063 0.0201873779296875
-0.000938415527343745 -0.080047607421875 0.00682592391967773 -0.00240468978881836
-0.0413398742675781 -0.0620231628417969 -0.0045013427734375 -0.081817626953125
-0.0466880798339844 -0.0157127380371094 -0.0716476440429688 -0.073760986328125
-0.0399742126464844 0.00856399536132812 -0.0991134643554688 -0.0140838623046875
-0.0211544036865234 0.0262527465820313 -0.0814971923828125 0.0518417358398438
-0.007293701171875 0.0427818298339844 -0.0328903198242188 0.076751708984375
-0.0133056640625 0.0473098754882813 -0.010955810546875 0.0570449829101562
-0.00678634643554687 0.0505867004394531 0.00558090209960938 0.0500564575195312
-0.0246162414550781 0.0418319702148438 0.00997543334960937 0.0478134155273437
-0.053466796875 0.0268745422363281 0.00675201416015624 0.0534591674804688
-0.0791244506835938 -0.00776672363281251 -0.0112838745117188 0.0742340087890625
-0.0551910400390625 -0.0887069702148438 -0.0423088073730469 0.0682334899902344
-0.00692749023437501 -0.118804931640625 -0.0605239868164063 0.077362060546875
0.0568389892578125 -0.140434265136719 -0.0517654418945313 0.0700263977050781
0.084625244140625 -0.129325866699219 -0.0710906982421875 -0.0195465087890625
0.0332870483398437 -0.108680725097656 0.0198154449462891 -0.0259113311767578
-0.0374374389648438 -0.109893798828125 0.0113601684570312 -0.093597412109375
-0.071380615234375 -0.046295166015625 -0.0545578002929687 -0.0911483764648438
-0.0737457275390625 0.00241851806640626 -0.0883865356445313 -0.0347213745117187
-0.0442466735839844 0.0427398681640625 -0.0738983154296875 0.0319671630859375
-0.0188941955566406 0.0647239685058594 -0.0301132202148438 0.0548553466796875
-0.0246658325195313 0.0682296752929688 -0.00744819641113282 0.0343799591064453
-0.0137176513671875 0.0735321044921875 0.011077880859375 0.0267963409423828
-0.0354423522949219 0.0588226318359375 0.022796630859375 0.02783203125
-0.0708999633789063 0.036041259765625 0.0212516784667969 0.0378570556640625
-0.0956878662109375 -0.0116500854492187 0.00518417358398437 0.0654373168945313
-0.061279296875 -0.107139587402344 -0.0261688232421875 0.0640411376953125
0.00124359130859375 -0.132118225097656 -0.0502891540527344 0.0591621398925781
0.0785675048828125 -0.145919799804688 -0.0239334106445312 0.0346317291259766
0.107246398925781 -0.111984252929688 -0.0346221923828125 -0.060150146484375
0.06561279296875 -0.111793518066406 0.0388069152832031 -0.0510520935058594
-0.0171661376953125 -0.137489318847656 0.0318069458007813 -0.0986328125
-0.0756072998046875 -0.07281494140625 -0.0283737182617188 -0.100898742675781
-0.0927734375 -0.0105438232421875 -0.0664329528808594 -0.0540580749511719
-0.0617637634277344 0.0486373901367188 -0.0581703186035156 0.00600433349609376
-0.0281448364257812 0.0753097534179688 -0.0241031646728516 0.0255279541015625
-0.0324935913085937 0.0784683227539063 -0.00313043594360352 0.00640058517456055
-0.01910400390625 0.086151123046875 0.0159120559692383 -0.000841140747070307
-0.0411148071289063 0.0684623718261719 0.0342235565185547 0.00368118286132813
-0.0800094604492188 0.0410614013671875 0.0343856811523438 0.0195064544677734
-0.101097106933594 -0.0146484375 0.0198631286621094 0.0531768798828125
-0.0572357177734375 -0.113700866699219 -0.0125808715820312 0.0579872131347656
0.0132675170898438 -0.130699157714844 -0.0433692932128906 0.0387954711914062
0.0913009643554688 -0.131507873535156 0.00497198104858399 -0.00179624557495118
0.108230590820313 -0.0744476318359375 0.008453369140625 -0.0933303833007813
0.0849075317382813 -0.0885391235351563 0.06011962890625 -0.0729293823242188
0.0106353759765625 -0.134407043457031 0.0501785278320313 -0.094940185546875
-0.0609207153320313 -0.0847091674804687 -0.00130462646484376 -0.100570678710937
-0.091156005859375 -0.0229415893554687 -0.0377883911132813 -0.0653839111328125
-0.067718505859375 0.0440597534179688 -0.0368614196777344 -0.0186805725097656
-0.0324554443359375 0.073638916015625 -0.0160093307495117 -0.00563335418701171
-0.035308837890625 0.0777435302734375 0.00112152099609375 -0.0221157073974609
-0.0226821899414063 0.0870895385742188 0.0200080871582031 -0.0291938781738281
-0.0433769226074219 0.0683860778808594 0.04473876953125 -0.0211029052734375
-0.0812225341796875 0.0391769409179688 0.0467338562011719 0.00164413452148438
-0.0960769653320312 -0.0203857421875 0.0332489013671875 0.0408668518066406
-0.0429763793945313 -0.11322021484375 -0.00148010253906251 0.0516738891601562
0.0304412841796875 -0.115226745605469 -0.0363311767578125 0.0180435180664062
0.0958786010742188 -0.0993576049804688 0.0338554382324219 -0.0328636169433594
0.0881423950195313 -0.0243682861328125 0.0460662841796875 -0.113807678222656
0.0850753784179688 -0.0470123291015625 0.0777053833007813 -0.0866928100585938
0.0344696044921875 -0.10308837890625 0.0627288818359375 -0.0850067138671875
-0.0340652465820312 -0.0766983032226563 0.0222015380859375 -0.0922775268554688
-0.0717315673828125 -0.0299301147460938 -0.0105934143066406 -0.0687675476074219
-0.0608406066894531 0.0320281982421875 -0.0163459777832031 -0.0388259887695313
-0.0311393737792969 0.0600852966308594 -0.00818634033203125 -0.0345821380615234
-0.03277587890625 0.064666748046875 0.00476837158203125 -0.0468063354492187
-0.0237503051757812 0.0757904052734375 0.024444580078125 -0.0553817749023437
-0.0416603088378906 0.0594711303710938 0.05523681640625 -0.0425567626953125
-0.0749664306640625 0.0302658081054687 0.058807373046875 -0.01165771484375
-0.0817413330078125 -0.026123046875 0.0456924438476562 0.0312995910644531
-0.0227279663085937 -0.103607177734375 0.00795745849609375 0.0482330322265625
0.0484771728515625 -0.0896759033203125 -0.0269222259521484 0.00112533569335938
0.0912551879882813 -0.0536575317382812 0.0623626708984375 -0.05364990234375
0.0514640808105469 0.027984619140625 0.0696258544921875 -0.120254516601563
0.065338134765625 0.000362396240234375 0.0845947265625 -0.0938262939453125
0.0442390441894531 -0.0532417297363281 0.065155029296875 -0.0739059448242188
-0.00635528564453125 -0.0512542724609375 0.0343246459960937 -0.0819091796875
-0.0392532348632812 -0.0269393920898438 0.00738525390624999 -0.0672760009765625
-0.0420761108398438 0.0163688659667969 -0.00131607055664063 -0.0522499084472656
-0.0242042541503906 0.0384750366210938 -0.00329208374023438 -0.0553741455078125
-0.025543212890625 0.0425567626953125 0.00667190551757812 -0.0648460388183594
-0.0220756530761719 0.0539131164550781 0.0284423828125 -0.0758590698242188
-0.035003662109375 0.0429458618164063 0.0649566650390625 -0.0587081909179687
-0.05963134765625 0.0180740356445312 0.0722122192382813 -0.02001953125
-0.0592460632324219 -0.02801513671875 0.0577964782714844 0.0271453857421875
-0.000167846679687495 -0.081298828125 0.0156059265136719 0.0488471984863281
0.0584831237792969 -0.0522270202636719 -0.0154361724853516 -0.00906848907470703
0.0735626220703125 -0.002197265625 0.0874099731445313 -0.060089111328125
-0.0347709655761719 -0.0477218627929688 -0.0899200439453125 0.0697250366210937
-0.0420303344726562 0.0130462646484375 0.0069732666015625 0.0186042785644531
-0.00991439819335938 0.0364570617675781 -0.0148048400878906 -0.0549125671386719
0.0246219635009766 0.0245323181152344 -0.0732421875 -0.0433197021484375
0.0332889556884766 -0.0024566650390625 -0.0873184204101563 0.0107269287109375
0.0183162689208984 -0.0236759185791016 -0.0736236572265625 0.0646438598632813
0.0086832046508789 -0.0167989730834961 -0.0292510986328125 0.0876541137695313
0.0118169784545898 -0.0107612609863281 -0.00982666015625001 0.07476806640625
0.0134592056274414 -0.00968074798583985 0.00207901000976562 0.0656089782714844
0.0134449005126953 0.00121688842773438 -0.00555801391601563 0.0627174377441406
0.00428295135498047 0.0170831680297852 -0.0117225646972656 0.0679206848144531
-0.0219917297363281 0.0269031524658203 -0.031707763671875 0.077667236328125
-0.0439567565917969 -0.00998687744140625 -0.0698814392089844 0.0690879821777344
-0.0386734008789063 -0.0474739074707031 -0.0813217163085938 0.0926895141601563
-0.0176849365234375 -0.0753326416015625 -0.0818252563476562 0.113189697265625
0.00243377685546874 -0.0897979736328125 -0.0971298217773438 0.0523605346679687
-0.0272235870361328 -0.0335865020751953 0.00439167022705078 0.0126237869262695
-0.0289993286132813 -0.00763702392578125 -0.0133743286132813 -0.066070556640625
-0.0097341537475586 0.00881767272949219 -0.0762252807617188 -0.0554733276367187
-0.000725269317626953 0.00545215606689453 -0.0960464477539063 0.00266265869140623
0.000175714492797852 0.00169610977172852 -0.0785293579101563 0.0631179809570313
0.00249576568603516 0.0131587982177734 -0.0302734375 0.0874710083007813
-0.000392913818359375 0.0191001892089844 -0.010284423828125 0.0710296630859375
0.00277328491210938 0.0205211639404297 0.00331497192382813 0.0630111694335937
-0.00821685791015625 0.0204391479492188 -0.000152587890625007 0.0594139099121094
-0.0270156860351562 0.0183773040771484 -0.00510406494140625 0.0631065368652344
-0.0507354736328125 0.00424575805664062 -0.02386474609375 0.07745361328125
-0.0458488464355469 -0.0540542602539062 -0.0575675964355469 0.0681114196777344
-0.0180892944335937 -0.0866012573242187 -0.0707244873046875 0.0872650146484375
0.022430419921875 -0.112762451171875 -0.07080078125 0.0955581665039062
0.0439834594726562 -0.118110656738281 -0.0910568237304688 0.0213699340820312
-0.00157928466796874 -0.0771636962890625 0.00843286514282227 -0.00310564041137696
-0.040802001953125 -0.0592041015625 -0.00503540039062501 -0.0796356201171875
-0.0444145202636719 -0.01507568359375 -0.070648193359375 -0.0723724365234375
-0.038055419921875 0.00786972045898438 -0.0971145629882813 -0.0134506225585938
-0.0211944580078125 0.0245819091796875 -0.0790786743164063 0.0517501831054688
-0.0072479248046875 0.0414619445800781 -0.0307540893554687 0.075836181640625
-0.0127983093261719 0.0463027954101563 -0.0094451904296875 0.0563011169433594
-0.00658798217773437 0.0484161376953125 0.00708770751953125 0.0485382080078125
-0.0239334106445312 0.0400009155273438 0.0106124877929688 0.0468025207519531
-0.0520401000976563 0.0257225036621094 0.00798797607421874 0.0530281066894531
-0.0756301879882812 -0.00676727294921876 -0.00970458984375 0.0740127563476563
-0.053924560546875 -0.0853195190429687 -0.0420761108398438 0.0674247741699219
-0.00751495361328125 -0.114898681640625 -0.0589599609375 0.076324462890625
0.0528793334960938 -0.136917114257813 -0.0492630004882813 0.0682182312011719
0.0809478759765625 -0.125152587890625 -0.0685462951660156 -0.0168190002441406
0.0316314697265625 -0.105781555175781 0.0204524993896484 -0.0246067047119141
-0.0375823974609375 -0.105361938476563 0.0108642578125 -0.0914688110351563
-0.06903076171875 -0.0447120666503906 -0.0546035766601563 -0.089019775390625
-0.0712127685546875 0.00258636474609374 -0.087005615234375 -0.0333404541015625
-0.0432929992675781 0.0407485961914062 -0.0718917846679688 0.0317840576171875
-0.0182533264160156 0.0626220703125 -0.0279197692871094 0.0540122985839844
-0.0233497619628906 0.066741943359375 -0.00678443908691406 0.0337238311767578
-0.0127487182617188 0.0709075927734375 0.0111904144287109 0.026123046875
-0.0339622497558594 0.0566596984863281 0.0234622955322266 0.0270709991455078
-0.06854248046875 0.0349311828613281 0.0224456787109375 0.0378608703613281
-0.0925216674804688 -0.0103836059570312 0.00682830810546875 0.0663871765136719
-0.0604400634765625 -0.103141784667969 -0.0262565612792969 0.0638236999511719
0.00014495849609376 -0.128448486328125 -0.0492286682128906 0.0587844848632813
0.073944091796875 -0.1427001953125 -0.0229339599609375 0.0338211059570312
0.103141784667969 -0.108978271484375 -0.0331306457519531 -0.0563392639160156
0.0631027221679687 -0.109161376953125 0.0388526916503906 -0.0492477416992188
-0.0182876586914063 -0.132759094238281 0.0311050415039062 -0.0960159301757813
-0.0740966796875 -0.0697860717773438 -0.0292816162109375 -0.0987701416015625
-0.0899429321289063 -0.00955963134765626 -0.0654945373535156 -0.0523681640625
-0.0595932006835938 0.0469741821289062 -0.0568733215332031 0.00643539428710937
-0.0268478393554687 0.0730209350585938 -0.0226688385009766 0.0255107879638672
-0.0309982299804688 0.0772552490234375 -0.00313663482666016 0.00703048706054688
-0.01776123046875 0.0835418701171875 0.0158929824829102 -0.000891685485839839
-0.0391654968261719 0.0659255981445313 0.0342330932617188 0.00326347351074219
-0.076019287109375 0.0403213500976563 0.0344562530517578 0.0197296142578125
-0.0976638793945313 -0.0128707885742187 0.0210189819335937 0.053985595703125
-0.0572891235351563 -0.110031127929688 -0.0127143859863281 0.0578346252441406
0.0116348266601563 -0.126716613769531 -0.0421981811523438 0.0384902954101562
0.0868377685546875 -0.129295349121094 0.0044093132019043 -0.0014786720275879
0.104560852050781 -0.0725250244140625 0.007659912109375 -0.0893325805664063
0.08209228515625 -0.0872268676757813 0.0599212646484375 -0.07000732421875
0.00856018066406249 -0.130996704101563 0.0489730834960938 -0.0933456420898438
-0.059906005859375 -0.0813674926757813 -0.00189971923828126 -0.098846435546875
-0.089324951171875 -0.0212173461914062 -0.0377311706542969 -0.0633506774902344
-0.0654182434082031 0.0433731079101563 -0.0363578796386719 -0.0180587768554688
-0.0307693481445313 0.0715103149414062 -0.015538215637207 -0.0051116943359375
-0.0331802368164062 0.07672119140625 0.000598907470703125 -0.0210800170898437
-0.0205154418945313 0.0847625732421875 0.0197982788085938 -0.0285167694091797
-0.0410194396972656 0.0665283203125 0.04443359375 -0.0209808349609375
-0.0777816772460937 0.0386810302734375 0.0459632873535156 0.00278854370117188
-0.0935592651367188 -0.0181808471679688 0.0336723327636719 0.0416526794433594
-0.0437850952148438 -0.109519958496094 -0.00178909301757812 0.0515861511230469
0.0284271240234375 -0.112617492675781 -0.0363731384277344 0.0187873840332031
0.091339111328125 -0.0978469848632813 0.0322971343994141 -0.032257080078125
0.0856094360351563 -0.0244293212890625 0.0439605712890625 -0.108741760253906
0.0828704833984375 -0.0468215942382813 0.0764389038085938 -0.08404541015625
0.031585693359375 -0.100837707519531 0.0609817504882813 -0.083740234375
-0.0339584350585937 -0.074951171875 0.0206069946289062 -0.090972900390625
-0.0699577331542969 -0.0278053283691406 -0.0112762451171875 -0.0673179626464844
-0.0588302612304687 0.0326652526855469 -0.0160140991210938 -0.0379219055175781
-0.0290565490722656 0.0590171813964844 -0.00855827331542969 -0.0331916809082031
-0.0311622619628906 0.0642662048339844 0.003631591796875 -0.0453872680664063
-0.02142333984375 0.0743408203125 0.0229988098144531 -0.0544319152832031
-0.0395889282226563 0.0582351684570313 0.0541152954101563 -0.0423774719238281
-0.0719375610351563 0.030853271484375 0.0579261779785156 -0.0105972290039062
-0.0798873901367188 -0.024017333984375 0.0451698303222656 0.0316581726074219
-0.0238723754882812 -0.100257873535156 0.00744247436523437 0.0476493835449219
0.0453338623046875 -0.088134765625 -0.0270271301269531 0.00263786315917968
0.0879669189453125 -0.053955078125 0.0596237182617188 -0.0524940490722656
0.0505523681640625 0.0265617370605469 0.0660552978515625 -0.115379333496094
0.0643081665039063 -0.00092315673828125 0.0828781127929688 -0.090850830078125
0.0419998168945313 -0.0525588989257813 0.0640335083007813 -0.07293701171875
-0.00654983520507812 -0.0497360229492188 0.0328903198242188 -0.0810775756835938
-0.0390129089355469 -0.0252151489257813 0.0064849853515625 -0.06585693359375
-0.0405158996582031 0.017120361328125 -0.0019683837890625 -0.0511283874511719
-0.0225791931152344 0.0377883911132812 -0.0039825439453125 -0.0538673400878906
-0.0237808227539062 0.0424461364746094 0.00565719604492187 -0.0628204345703125
-0.0194587707519531 0.0527915954589844 0.0264892578125 -0.0746231079101563
-0.0326728820800781 0.0424690246582031 0.0630722045898438 -0.05841064453125
-0.057464599609375 0.0190277099609375 0.0706787109375 -0.0191268920898438
-0.0574226379394531 -0.0255012512207031 0.0570068359375 0.0271377563476563
-0.00296783447265626 -0.0793991088867188 0.0150642395019531 0.0487022399902344
0.0557899475097656 -0.0527076721191406 -0.0161342620849609 -0.00703048706054688
0.0717926025390625 -0.0035400390625 0.08392333984375 -0.0585098266601563
-0.0354690551757812 -0.0451087951660156 -0.0853958129882813 0.0699996948242188
-0.0404624938964844 0.0151748657226563 0.00850868225097656 0.0174064636230469
-0.00792312622070313 0.036590576171875 -0.0150718688964844 -0.0543746948242188
0.0257625579833984 0.0221691131591797 -0.0734024047851562 -0.0411300659179688
0.032379150390625 -0.0050048828125 -0.0865859985351563 0.0122528076171875
0.0156745910644531 -0.0236873626708984 -0.0713882446289063 0.0658645629882812
0.00706386566162109 -0.0164604187011719 -0.0256881713867187 0.0871658325195312
0.0105276107788086 -0.0108242034912109 -0.00672149658203125 0.073638916015625
0.0119943618774414 -0.0104160308837891 0.00512313842773438 0.0643959045410156
0.0121364593505859 0.00046539306640625 -0.003448486328125 0.0623283386230469
0.00435924530029297 0.0157051086425781 -0.00930786132812499 0.06805419921875
-0.0195274353027344 0.0262813568115234 -0.0288543701171875 0.07733154296875
-0.0429344177246094 -0.0081329345703125 -0.0679779052734375 0.0700416564941406
-0.0393905639648438 -0.0447883605957031 -0.0780181884765625 0.0921096801757813
-0.0200653076171875 -0.0722274780273438 -0.0762252807617188 0.112205505371094
-0.000228881835937494 -0.0871124267578125 -0.0925521850585938 0.0537948608398437
-0.0273075103759766 -0.0309410095214844 0.00576305389404297 0.0116643905639648
-0.0279140472412109 -0.00613212585449219 -0.0144157409667969 -0.0649757385253906
-0.00809383392333984 0.00759267807006836 -0.076812744140625 -0.0531692504882813
-0.000559091567993164 0.00394415855407715 -0.0948104858398438 0.00457000732421875
-0.000635087490081787 0.000752627849578857 -0.0761032104492188 0.0646514892578125
0.00144672393798828 0.0125417709350586 -0.02716064453125 0.0868377685546875
-0.000364303588867189 0.0185794830322266 -0.00757598876953125 0.070404052734375
0.00231742858886719 0.0194358825683594 0.00574111938476562 0.0615768432617187
-0.00814628601074219 0.0191612243652344 0.00201034545898437 0.0585517883300781
-0.02630615234375 0.0176887512207031 -0.00281524658203125 0.0630264282226563
-0.0489921569824219 0.00470733642578126 -0.0206375122070312 0.077606201171875
-0.045654296875 -0.0518646240234375 -0.0557823181152344 0.0689010620117188
-0.0202484130859375 -0.0836563110351563 -0.0676956176757813 0.0871200561523438
0.0183258056640625 -0.11041259765625 -0.0662078857421875 0.094635009765625
0.0395736694335938 -0.116363525390625 -0.0871658325195312 0.02423095703125
-0.00365447998046875 -0.074951171875 0.00998973846435547 -0.0031728744506836
-0.0410270690917969 -0.0558052062988281 -0.0067291259765625 -0.0782546997070313
-0.0427131652832031 -0.014129638671875 -0.0720367431640625 -0.0692901611328125
-0.0368919372558594 0.0077667236328125 -0.0963363647460938 -0.0110702514648437
-0.0208396911621094 0.0237712860107422 -0.0768966674804688 0.052978515625
-0.00674057006835938 0.0405693054199219 -0.0271530151367187 0.0752716064453125
-0.0115127563476562 0.04583740234375 -0.00698471069335938 0.0561981201171875
-0.00524139404296875 0.0475273132324219 0.008758544921875 0.0478401184082031
-0.0227775573730469 0.0390396118164063 0.01318359375 0.0458106994628906
-0.0504875183105469 0.0257072448730469 0.0100669860839844 0.0527877807617187
-0.0739669799804688 -0.00487518310546875 -0.00592041015625 0.0748062133789063
-0.0550994873046875 -0.082122802734375 -0.0405464172363281 0.068115234375
-0.010162353515625 -0.111465454101562 -0.0561752319335937 0.0758056640625
0.0472640991210937 -0.135261535644531 -0.0465316772460938 0.0672798156738281
0.0757293701171875 -0.124114990234375 -0.0665740966796875 -0.0133514404296875
0.0282974243164062 -0.103950500488281 0.0212268829345703 -0.0248985290527344
-0.040252685546875 -0.101486206054688 0.00849151611328124 -0.0899200439453125
-0.0676841735839844 -0.0414924621582031 -0.0566558837890625 -0.0866546630859375
-0.0693016052246094 0.00417709350585937 -0.0868301391601563 -0.0309219360351563
-0.0414390563964844 0.0405502319335938 -0.0702095031738281 0.0332870483398437
-0.0156135559082031 0.061279296875 -0.0249671936035156 0.0541229248046875
-0.0209083557128906 0.0667877197265625 -0.00521087646484375 0.0340232849121094
-0.0107498168945312 0.0697174072265625 0.0129299163818359 0.0254859924316406
-0.0321311950683594 0.0556526184082031 0.0247058868408203 0.0256614685058594
-0.0658111572265625 0.0355300903320313 0.023773193359375 0.0376319885253906
-0.0905075073242188 -0.00792694091796874 0.00971221923828125 0.0665855407714844
-0.062255859375 -0.099365234375 -0.0254364013671875 0.0647926330566406
-0.0030059814453125 -0.125099182128906 -0.0473709106445312 0.059234619140625
0.06756591796875 -0.14190673828125 -0.0212554931640625 0.0332260131835938
0.09796142578125 -0.108695983886719 -0.0330734252929687 -0.0526351928710938
0.0589523315429688 -0.108718872070313 0.0385513305664063 -0.0486602783203125
-0.0224533081054687 -0.129341125488281 0.0286178588867188 -0.0956649780273438
-0.0733871459960938 -0.06610107421875 -0.0320281982421875 -0.0967788696289063
-0.0883026123046875 -0.00685882568359374 -0.0665817260742188 -0.0499420166015625
-0.0573005676269531 0.0474014282226563 -0.0558586120605469 0.00794601440429688
-0.0239791870117188 0.0719680786132812 -0.0210342407226562 0.0260162353515625
-0.0277099609375 0.0774002075195313 -0.0028066635131836 0.00751829147338868
-0.0145721435546875 0.0815887451171875 0.0161161422729492 -0.00153923034667968
-0.0365028381347656 0.0651054382324219 0.0346565246582031 0.00236129760742188
-0.0736236572265625 0.0409698486328125 0.0350532531738281 0.0198478698730469
-0.0952911376953125 -0.0100250244140625 0.0236015319824219 0.05438232421875
-0.0597152709960937 -0.106025695800781 -0.0120391845703125 0.0584220886230469
0.007720947265625 -0.124382019042969 -0.0412673950195313 0.0400199890136719
0.0804672241210938 -0.128875732421875 0.00420689582824708 -0.00166296958923341
0.100944519042969 -0.073272705078125 0.00592803955078125 -0.0853424072265625
0.0784072875976563 -0.0885543823242188 0.0583343505859375 -0.0694618225097656
0.00406646728515625 -0.1285400390625 0.0462722778320313 -0.092681884765625
-0.060333251953125 -0.0788650512695312 -0.0051116943359375 -0.0975723266601562
-0.0878982543945313 -0.018218994140625 -0.039398193359375 -0.0616989135742187
-0.0629081726074219 0.0439910888671875 -0.0358734130859375 -0.0168075561523437
-0.0272369384765625 0.070709228515625 -0.0148477554321289 -0.00424957275390625
-0.0301513671875 0.0765304565429688 1.33514404296845E-05 -0.0198478698730469
-0.0170364379882813 0.0831680297851563 0.0186614990234375 -0.0288925170898438
-0.0378684997558594 0.06585693359375 0.0431327819824219 -0.0220527648925781
-0.0744476318359375 0.0396957397460938 0.0463790893554688 0.00272750854492188
-0.0916519165039063 -0.0149765014648437 0.0350761413574219 0.0417213439941406
-0.0473403930664063 -0.105461120605469 -0.00136947631835938 0.0521240234375
0.024322509765625 -0.111503601074219 -0.03558349609375 0.0206451416015625
0.0864410400390625 -0.0985794067382813 0.030059814453125 -0.0322608947753906
0.0839004516601563 -0.0254440307617188 0.040496826171875 -0.105941772460938
0.0801544189453125 -0.049072265625 0.0738296508789063 -0.0830535888671875
0.0276107788085938 -0.100296020507813 0.058807373046875 -0.083953857421875
-0.0355453491210937 -0.0724334716796875 0.017364501953125 -0.090423583984375
-0.06976318359375 -0.0245208740234375 -0.0131645202636719 -0.0660209655761719
-0.0564765930175781 0.0336494445800781 -0.0167884826660156 -0.037261962890625
-0.0255928039550781 0.0589027404785156 -0.00925445556640626 -0.0317420959472656
-0.0276374816894531 0.064605712890625 0.00201416015625 -0.0439529418945312
-0.0178604125976563 0.0728378295898438 0.0208206176757813 -0.0540237426757812
-0.0363044738769531 0.057861328125 0.0524330139160156 -0.0435562133789063
-0.0688133239746094 0.0327377319335938 0.0574226379394531 -0.0109405517578125
-0.0782546997070312 -0.0201263427734375 0.0460739135742187 0.0319252014160156
-0.0276031494140625 -0.0972976684570312 0.00800323486328125 0.0477523803710937
0.0412979125976563 -0.0879592895507813 -0.0275135040283203 0.00455856323242187
0.0841522216796875 -0.0559463500976563 0.0562934875488281 -0.0523834228515625
0.051177978515625 0.0249519348144531 0.0621719360351563 -0.112258911132813
0.0630531311035156 -0.00334930419921875 0.0799102783203125 -0.0897369384765625
0.03814697265625 -0.0535545349121094 0.0625 -0.07403564453125
-0.00870132446289062 -0.0487174987792969 0.0300979614257813 -0.0813522338867188
-0.0397109985351563 -0.0227012634277344 0.00438308715820312 -0.0650482177734375
-0.0390090942382813 0.0183677673339844 -0.00326538085937501 -0.0509719848632813
-0.0198554992675781 0.0379562377929688 -0.00569915771484375 -0.0521888732910156
-0.0212478637695313 0.04302978515625 0.0030670166015625 -0.0610923767089844
-0.01654052734375 0.0525741577148438 0.0230331420898438 -0.0731964111328125
-0.0300941467285156 0.0419464111328125 0.0600624084472656 -0.059478759765625
-0.05487060546875 0.020782470703125 0.0696258544921875 -0.0199928283691406
-0.0571861267089844 -0.022552490234375 0.057342529296875 0.02667236328125
-0.00691223144531251 -0.077362060546875 0.0155525207519531 0.0479545593261719
0.0524177551269531 -0.0543098449707031 -0.016942024230957 -0.00536441802978516
0.0700950622558594 -0.00571060180664063 0.0799407958984375 -0.059844970703125
-0.0359458923339844 -0.0414009094238281 -0.0790252685546875 0.0715560913085938
-0.0380706787109375 0.0170669555664062 0.00999927520751953 0.0152511596679688
-0.0049896240234375 0.0357780456542969 -0.0167160034179688 -0.0529060363769531
0.0265350341796875 0.0192146301269531 -0.0729141235351562 -0.037567138671875
0.0304794311523438 -0.0073089599609375 -0.0841903686523438 0.0151824951171875
0.0133247375488281 -0.0236930847167969 -0.0670433044433594 0.0671157836914063
0.0055856704711914 -0.0160293579101562 -0.0207672119140625 0.0860595703125
0.00907421112060547 -0.0109901428222656 -0.00279998779296875 0.0715789794921875
0.0101194381713867 -0.0102663040161133 0.00803375244140624 0.0615386962890625
0.0104408264160156 -0.000728607177734375 -0.000579833984375005 0.0607223510742188
0.00473594665527344 0.0144071578979492 -0.0059967041015625 0.0670852661132813
-0.0168437957763672 0.0258903503417969 -0.0241928100585938 0.0764236450195313
-0.0413131713867187 -0.00615692138671876 -0.0639572143554688 0.0705718994140625
-0.0405235290527344 -0.0408172607421875 -0.0729522705078125 0.0916061401367187
-0.0234146118164063 -0.0679473876953125 -0.0687637329101562 0.1102294921875
-0.00437164306640625 -0.0835800170898438 -0.0864486694335937 0.0562896728515625
-0.0274982452392578 -0.0278816223144531 0.00760555267333984 0.0101337432861328
-0.0265655517578125 -0.00438308715820313 -0.0161094665527344 -0.0632400512695313
-0.00683164596557617 0.00686502456665039 -0.077301025390625 -0.0486221313476562
-0.00067758560180664 0.00268220901489258 -0.0926055908203125 0.00801086425781252
-0.00128269195556641 0.000430226325988769 -0.0715484619140625 0.06610107421875
0.00118827819824219 0.011967658996582 -0.0220489501953125 0.0854949951171875
1.71661376953143E-05 0.0183067321777344 -0.00360107421875 0.0684776306152344
0.00208854675292969 0.0188922882080078 0.00921630859375001 0.0587387084960938
-0.00825881958007813 0.0181808471679688 0.0051727294921875 0.0565681457519531
-0.0251407623291016 0.0169010162353516 0.00079727172851562 0.0623741149902344
-0.0461006164550781 0.00639343261718749 -0.0160598754882812 0.076904296875
-0.0457077026367188 -0.0481834411621094 -0.0525550842285156 0.0695648193359375
-0.0228424072265625 -0.079742431640625 -0.0627059936523437 0.086700439453125
0.0120773315429687 -0.107231140136719 -0.0597915649414062 0.0927886962890625
0.0329132080078125 -0.113334655761719 -0.0818862915039063 0.0276947021484375
-0.006195068359375 -0.07159423828125 0.0113019943237305 -0.00402927398681641
-0.0417098999023438 -0.0514564514160156 -0.0087127685546875 -0.0760955810546875
-0.0406036376953125 -0.0123672485351562 -0.0730361938476563 -0.065032958984375
-0.0351982116699219 0.00835418701171875 -0.094696044921875 -0.00691986083984375
-0.0199317932128906 0.02349853515625 -0.0723114013671875 0.0552978515625
-0.00529861450195313 0.0387306213378906 -0.0226364135742188 0.0741119384765625
-0.00922393798828125 0.045166015625 -0.00358963012695312 0.0554008483886719
-0.00400161743164063 0.0458030700683594 0.0114059448242188 0.0458526611328125
-0.0213584899902344 0.0376510620117188 0.0150146484375 0.0440864562988281
-0.0479812622070313 0.0257072448730469 0.0130996704101562 0.0522117614746094
-0.0710983276367188 -0.00201416015624999 -0.00167083740234375 0.0739593505859375
-0.05670166015625 -0.076995849609375 -0.0377960205078125 0.0689659118652344
-0.0143051147460938 -0.107185363769531 -0.0520401000976563 0.0756149291992187
0.0391616821289062 -0.132408142089844 -0.0419578552246094 0.066131591796875
0.0678482055664063 -0.12255859375 -0.0636329650878906 -0.00923156738281252
0.0231552124023438 -0.101570129394531 0.021728515625 -0.0245399475097656
-0.043365478515625 -0.0959014892578125 0.00554656982421874 -0.0879669189453125
-0.0659942626953125 -0.0377769470214844 -0.059051513671875 -0.0819931030273438
-0.0668220520019531 0.00629043579101561 -0.0863876342773438 -0.0267791748046875
-0.0386085510253906 0.0403366088867188 -0.0666885375976563 0.035247802734375
-0.0129508972167969 0.0596389770507812 -0.0212135314941406 0.0538482666015625
-0.0171394348144531 0.06591796875 -0.00292778015136719 0.033355712890625
-0.00782012939453125 0.0675010681152344 0.0141754150390625 0.0241928100585938
-0.0289230346679687 0.0539054870605469 0.0258922576904297 0.0238056182861328
-0.0621795654296875 0.0361785888671875 0.0258750915527344 0.0369415283203125
-0.0871124267578125 -0.00380706787109374 0.0135498046875 0.0660133361816406
-0.06475830078125 -0.0932998657226563 -0.0225563049316406 0.0650177001953125
-0.00807952880859374 -0.120635986328125 -0.0439262390136719 0.0598716735839844
0.05853271484375 -0.139762878417969 -0.0196361541748047 0.0323486328125
0.0910110473632813 -0.108848571777344 -0.0332984924316406 -0.0479507446289063
0.052490234375 -0.10772705078125 0.0374412536621094 -0.0482368469238281
-0.027374267578125 -0.123847961425781 0.024139404296875 -0.0942230224609375
-0.0734100341796875 -0.061309814453125 -0.0357742309570313 -0.093170166015625
-0.0856246948242188 -0.00270843505859373 -0.0674285888671875 -0.0460357666015625
-0.0538749694824219 0.0477638244628906 -0.0540885925292969 0.0101242065429688
-0.01983642578125 0.0700454711914063 -0.0182685852050781 0.0262203216552734
-0.02288818359375 0.0764236450195312 -0.00150489807128906 0.00792598724365235
-0.0104522705078125 0.0796432495117188 0.0157756805419922 -0.001922607421875
-0.0326309204101563 0.0634117126464844 0.0346183776855469 0.000452041625976566
-0.0690650939941406 0.042327880859375 0.03662109375 0.0190773010253906
-0.0925064086914063 -0.00569152832031249 0.0263214111328125 0.0537452697753906
-0.063201904296875 -0.0995635986328125 -0.0100593566894531 0.0585594177246094
0.00234222412109376 -0.120315551757813 -0.0389862060546875 0.0412483215332031
0.0717239379882812 -0.128273010253906 0.00368499755859375 -0.00188660621643067
0.0949325561523438 -0.0750656127929688 0.00302124023437501 -0.0808868408203125
0.0724945068359375 -0.0888214111328125 0.05548095703125 -0.0685844421386719
-0.00194549560546876 -0.124519348144531 0.042266845703125 -0.0918655395507813
-0.0614395141601562 -0.0737991333007813 -0.00968933105468751 -0.095306396484375
-0.0861434936523438 -0.0135955810546875 -0.041229248046875 -0.0589447021484375
-0.058868408203125 0.0451011657714844 -0.03607177734375 -0.0149307250976562
-0.02294921875 0.0692176818847656 -0.0139141082763672 -0.00343227386474609
-0.0246429443359375 0.0757675170898438 -0.000879287719726563 -0.0187110900878906
-0.0123519897460938 0.0808486938476563 0.0168418884277344 -0.0286388397216797
-0.0333633422851563 0.0645866394042969 0.0416069030761719 -0.0240211486816406
-0.0697135925292969 0.0415573120117188 0.0462799072265625 0.00139617919921875
-0.0886917114257813 -0.0100479125976562 0.0372390747070313 0.0405426025390625
-0.0508804321289062 -0.100418090820313 0.000560760498046876 0.0520133972167969
0.0182037353515625 -0.108993530273437 -0.0344772338867188 0.02227783203125
0.0786972045898437 -0.0992889404296875 0.027496337890625 -0.0320110321044922
0.08087158203125 -0.0286865234375 0.0355911254882813 -0.101974487304688
0.076080322265625 -0.05157470703125 0.0691986083984375 -0.0825042724609375
0.0210800170898438 -0.0988006591796875 0.0548934936523438 -0.0838623046875
-0.0375823974609375 -0.06878662109375 0.0128097534179688 -0.0889205932617187
-0.0686759948730469 -0.019927978515625 -0.0159988403320313 -0.0641517639160156
-0.0527992248535156 0.0350265502929687 -0.018096923828125 -0.0357856750488281
-0.0217742919921875 0.05804443359375 -0.0101394653320313 -0.0301990509033203
-0.0231132507324219 0.0641670227050781 -0.000331878662109375 -0.0420570373535156
-0.013031005859375 0.0711593627929688 0.0177154541015625 -0.0533485412597656
-0.0315704345703125 0.0571403503417969 0.0490913391113281 -0.0445518493652344
-0.0641860961914063 0.0346336364746094 0.0562171936035156 -0.0119895935058594
-0.0767745971679688 -0.015655517578125 0.0472564697265625 0.0299797058105469
-0.0323562622070312 -0.0926971435546875 0.0094146728515625 0.047210693359375
0.0360183715820313 -0.0875930786132813 -0.026702880859375 0.00677108764648437
0.0785675048828125 -0.0578765869140625 0.0516738891601563 -0.0526657104492188
0.0518341064453125 0.022064208984375 0.0561294555664063 -0.109504699707031
0.0615463256835938 -0.00645828247070313 0.0749588012695313 -0.0892333984375
0.033416748046875 -0.0545158386230469 0.0584030151367188 -0.0745849609375
-0.0107231140136719 -0.0472908020019531 0.0255508422851563 -0.0809402465820312
-0.0395164489746094 -0.0194244384765625 0.0012664794921875 -0.0640869140625
-0.0362205505371094 0.0201797485351563 -0.00555038452148437 -0.0493011474609375
-0.0162124633789063 0.0372695922851562 -0.00805282592773438 -0.049835205078125
-0.0174789428710937 0.0429344177246094 -0.000205993652343757 -0.0591773986816406
-0.0120010375976563 0.0515403747558594 0.0190505981445313 -0.0719757080078125
-0.0264816284179687 0.0418586730957031 0.0555610656738281 -0.060455322265625
-0.0514297485351563 0.0230903625488281 0.0675811767578125 -0.0214653015136719
-0.0564002990722656 -0.0186805725097656 0.0570755004882812 0.024810791015625
-0.0110397338867187 -0.0744781494140625 0.016815185546875 0.047027587890625
0.0474586486816406 -0.0555152893066406 -0.0176982879638672 -0.00294685363769532
0.0672035217285156 -0.00876617431640625 0.0740890502929688 -0.0604629516601563
-0.0357208251953125 -0.0374031066894531 -0.0713729858398438 0.0705413818359375
-0.034423828125 0.0185585021972656 0.0111522674560547 0.0135049819946289
-0.002227783203125 0.0338077545166016 -0.0176162719726562 -0.0505790710449219
0.0260372161865234 0.0157756805419922 -0.0712051391601563 -0.0333328247070312
0.0281257629394531 -0.00943183898925781 -0.0802688598632812 0.0174179077148438
0.0104427337646484 -0.0227279663085938 -0.0615921020507812 0.0665168762207031
0.00396919250488281 -0.0150938034057617 -0.0158920288085938 0.082489013671875
0.00767707824707031 -0.0105171203613281 0.0010223388671875 0.0682754516601563
0.00820350646972656 -0.0104551315307617 0.0105094909667969 0.0571823120117188
0.00912094116210938 -0.00143814086914063 0.00203323364257812 0.0579795837402344
0.00453948974609375 0.0125741958618164 -0.00234222412109376 0.0644416809082031
-0.0139236450195313 0.0247974395751953 -0.0200271606445312 0.0737686157226563
-0.0385818481445313 -0.00392532348632813 -0.0590133666992187 0.069488525390625
-0.039642333984375 -0.0364303588867188 -0.0662918090820313 0.0887374877929688
-0.0253143310546875 -0.0626373291015625 -0.0611801147460937 0.104873657226562
-0.00688934326171875 -0.0781936645507812 -0.0788803100585937 0.056488037109375
-0.0264244079589844 -0.0247135162353516 0.00865507125854492 0.00843238830566406
-0.02435302734375 -0.00301933288574219 -0.017181396484375 -0.0600128173828125
-0.00550365447998047 0.00582218170166016 -0.0756072998046875 -0.0441131591796875
-0.000578880310058594 0.00157797336578369 -0.0885467529296875 0.0105819702148437
-0.00232839584350586 0.000182151794433594 -0.0655021667480469 0.0659942626953125
0.00114727020263672 0.0116977691650391 -0.0167236328125 0.0823516845703125
0.000190734863281252 0.0174760818481445 0.000186920166015621 0.0653953552246094
0.00204277038574219 0.0177078247070313 0.0118026733398437 0.0550422668457031
-0.00830745697021484 0.016998291015625 0.00787734985351563 0.0538520812988281
-0.0234279632568359 0.0164394378662109 0.0034942626953125 0.060272216796875
-0.0425453186035156 0.00689315795898437 -0.0120162963867188 0.0742721557617188
-0.0446929931640625 -0.0438995361328125 -0.0479774475097656 0.0683059692382813
-0.0244216918945312 -0.0736160278320312 -0.0568923950195313 0.08355712890625
0.00678253173828126 -0.100677490234375 -0.0534820556640625 0.0885391235351563
0.0270767211914063 -0.107772827148438 -0.0753707885742188 0.0294876098632812
-0.00849533081054687 -0.066741943359375 0.0121564865112305 -0.00454235076904297
-0.0409278869628906 -0.0465888977050781 -0.0104598999023438 -0.072479248046875
-0.0380783081054687 -0.0110054016113281 -0.0724105834960938 -0.0591812133789063
-0.0329551696777344 0.00831985473632813 -0.0910720825195313 -0.0029144287109375
-0.0182991027832031 0.0223636627197266 -0.0665168762207031 0.055267333984375
-0.00390625 0.0371246337890625 -0.0178604125976562 0.0716094970703125
-0.0073089599609375 0.0434799194335937 -0.000408172607421871 0.0526123046875
-0.00264358520507813 0.0433235168457031 0.0136528015136719 0.0429840087890625
-0.0203361511230469 0.0359992980957031 0.0164642333984375 0.0410881042480469
-0.0447807312011719 0.0257949829101563 0.0151138305664062 0.04998779296875
-0.0670089721679688 -0.000282287597656244 0.002044677734375 0.071502685546875
-0.0558929443359375 -0.0711669921875 -0.0341873168945312 0.0677108764648438
-0.0170516967773437 -0.100471496582031 -0.0472183227539063 0.0736083984375
0.03167724609375 -0.126106262207031 -0.0370254516601563 0.0627288818359375
0.05999755859375 -0.118194580078125 -0.0593681335449219 -0.00532913208007814
0.0178680419921875 -0.09649658203125 0.0215911865234375 -0.0245990753173828
-0.044158935546875 -0.0884857177734375 0.0026397705078125 -0.0839385986328125
-0.0634613037109375 -0.0338935852050781 -0.0598297119140625 -0.075927734375
-0.0630149841308594 0.00802230834960937 -0.0836868286132813 -0.022216796875
-0.0356597900390625 0.0389442443847656 -0.0623130798339844 0.0363998413085937
-0.0104026794433594 0.0563888549804688 -0.0169830322265625 0.0516395568847656
-0.0137786865234375 0.0636367797851563 -0.000795364379882811 0.0325260162353516
-0.00510787963867188 0.0641021728515625 0.0149421691894531 0.0223922729492188
-0.0263862609863281 0.0515861511230469 0.0259628295898438 0.0213737487792969
-0.0579719543457031 0.0359725952148438 0.0270881652832031 0.0350456237792969
-0.0821456909179688 -0.000846862792968759 0.0170555114746094 0.0633773803710938
-0.064849853515625 -0.0859298706054687 -0.0200614929199219 0.0636520385742188
-0.0119400024414062 -0.113578796386719 -0.0402259826660156 0.0587272644042969
0.04949951171875 -0.13409423828125 -0.0175018310546875 0.0308780670166016
0.08221435546875 -0.10601806640625 -0.0321388244628906 -0.0433425903320313
0.0460739135742188 -0.103981018066406 0.0356101989746094 -0.0469131469726563
-0.0308380126953125 -0.115455627441406 0.0205917358398437 -0.090484619140625
-0.0709381103515625 -0.0557403564453125 -0.0376968383789063 -0.0874557495117188
-0.0803909301757812 0.000541687011718746 -0.0665206909179688 -0.0413055419921875
-0.0490798950195313 0.0463943481445313 -0.051300048828125 0.01190185546875
-0.0161857604980469 0.0668373107910156 -0.0154056549072266 0.0252418518066406
-0.0184326171875 0.0736541748046875 -0.000815391540527345 0.00795698165893555
-0.00641632080078125 0.075775146484375 0.0155935287475586 -0.00228500366210937
-0.0290412902832031 0.0607261657714844 0.0335235595703125 -0.00108718872070312
-0.0634727478027344 0.0423202514648437 0.0368728637695312 0.0176887512207031
-0.0874786376953125 -0.00197601318359375 0.0289077758789062 0.051055908203125
-0.0638656616210938 -0.0919418334960937 -0.00780868530273438 0.0569915771484375
-0.00236511230468751 -0.114326477050781 -0.0359458923339844 0.0414237976074219
0.0624465942382812 -0.123558044433594 0.00312948226928711 -0.0025782585144043
0.0878219604492188 -0.074798583984375 0.000907897949218761 -0.0750045776367187
0.0653762817382813 -0.0873260498046875 0.0517616271972656 -0.0665283203125
-0.00750732421875 -0.117904663085937 0.0375289916992187 -0.0886993408203125
-0.0611114501953125 -0.06817626953125 -0.0128936767578125 -0.0902175903320313
-0.0820083618164063 -0.00941467285156251 -0.0421905517578125 -0.054443359375
-0.05401611328125 0.0449562072753906 -0.0348224639892578 -0.0131359100341797
-0.0190620422363281 0.06622314453125 -0.0128364562988281 -0.00284194946289062
-0.0197219848632812 0.0733566284179688 -0.00151252746582031 -0.0173044204711914
-0.00783538818359375 0.0769805908203125 0.0150547027587891 -0.0278110504150391
-0.0290985107421875 0.0618133544921875 0.0394134521484375 -0.0243606567382812
-0.0637397766113281 0.0415763854980469 0.0451622009277344 0.000988006591796878
-0.084014892578125 -0.00615692138671875 0.0384101867675781 0.0384330749511719
-0.0527801513671875 -0.09228515625 0.00189971923828125 0.0504112243652344
0.0130386352539063 -0.104103088378906 -0.0324192047119141 0.0235080718994141
0.0704116821289063 -0.0968780517578125 0.0241928100585938 -0.0311622619628906
0.0763626098632813 -0.030242919921875 0.030792236328125 -0.096221923828125
0.0699577331542969 -0.0521125793457031 0.0644912719726563 -0.0793228149414063
0.01556396484375 -0.0945663452148438 0.049835205078125 -0.0817794799804688
-0.0386810302734375 -0.0640144348144531 0.00856781005859374 -0.0854644775390625
-0.0660285949707031 -0.0160026550292969 -0.0180282592773438 -0.0606117248535156
-0.0482749938964844 0.0357170104980469 -0.0186614990234375 -0.0334625244140625
-0.0180702209472656 0.0549583435058594 -0.0102367401123047 -0.0282135009765625
-0.0184211730957031 0.06219482421875 -0.00218963623046875 -0.0394096374511719
-0.00864410400390624 0.0678825378417969 0.0147209167480469 -0.0515060424804687
-0.0274238586425781 0.054931640625 0.0454483032226563 -0.0447769165039062
-0.0587615966796875 0.0348625183105469 0.0541343688964844 -0.0129890441894531
-0.0732421875 -0.0113677978515625 0.0471038818359375 0.0285682678222656
-0.0350723266601563 -0.08624267578125 0.010223388671875 0.0454673767089844
0.0298614501953125 -0.0844268798828125 -0.0260810852050781 0.00886726379394531
0.0723037719726562 -0.0574111938476562 0.0466995239257813 -0.0513534545898438
0.05023193359375 0.0184211730957031 0.0502471923828125 -0.104042053222656
0.0579872131347656 -0.00926589965820313 0.0690383911132813 -0.0863571166992187
0.02825927734375 -0.0531539916992188 0.0534515380859375 -0.073516845703125
-0.0128250122070313 -0.0440750122070313 0.0212554931640625 -0.07806396484375
-0.0386238098144531 -0.0161514282226562 -0.00181198120117188 -0.0613899230957031
-0.0331859588623047 0.0210361480712891 -0.00746154785156251 -0.047515869140625
-0.0130882263183594 0.0357742309570313 -0.00925827026367188 -0.0467071533203125
-0.0140876770019531 0.0414810180664063 -0.00304794311523438 -0.0551300048828125
-0.00834274291992188 0.0491561889648438 0.0149040222167969 -0.0692329406738281
-0.0224418640136719 0.0404930114746094 0.0505027770996094 -0.0600624084472656
-0.0469398498535156 0.0240821838378906 0.0640830993652344 -0.0223197937011719
-0.0539016723632813 -0.014556884765625 0.0559234619140625 0.0221214294433594
-0.014678955078125 -0.0698699951171875 0.0174446105957031 0.0445594787597656
0.0416908264160156 -0.054779052734375 -0.0174217224121094 -0.0010366439819336
0.0633010864257813 -0.0108184814453125 0.0677871704101563 -0.0597724914550781
-0.0340595245361328 -0.0338420867919922 -0.0653419494628906 0.0673675537109375
-0.0314006805419922 0.0188503265380859 0.0109062194824219 0.0118732452392578
-0.000858306884765623 0.0323162078857422 -0.0166854858398438 -0.0488166809082031
0.0248546600341797 0.0135326385498047 -0.0684928894042969 -0.0310592651367187
0.0257053375244141 -0.00989151000976563 -0.075897216796875 0.01690673828125
0.00844001770019531 -0.0216274261474609 -0.0567665100097656 0.0644264221191406
0.00289058685302734 -0.0137357711791992 -0.0132293701171875 0.0781402587890625
0.00637531280517578 -0.0101299285888672 0.00283432006835938 0.0640487670898437
0.00693988800048828 -0.00909709930419922 0.0110282897949219 0.0534706115722656
0.00725698471069336 -0.00182771682739258 0.00343704223632813 0.0548858642578125
0.00448894500732422 0.0112972259521484 -0.000171661376953123 0.0613212585449219
-0.0117855072021484 0.0228481292724609 -0.0179061889648438 0.070404052734375
-0.0360374450683594 -0.00315856933593749 -0.0557632446289063 0.0664215087890625
-0.038360595703125 -0.0328178405761719 -0.0617218017578125 0.0836029052734375
-0.0247802734375 -0.0576210021972656 -0.0564041137695313 0.0973281860351562
-0.00766754150390626 -0.0726470947265625 -0.0723114013671875 0.05413818359375
-0.02490234375 -0.0224418640136719 0.00970840454101563 0.00736045837402344
-0.0219554901123047 -0.00204658508300781 -0.0165939331054688 -0.0572738647460938
-0.00453996658325195 0.00454187393188477 -0.0723190307617188 -0.0404052734375
-0.000831961631774902 0.00061953067779541 -0.0837478637695313 0.0116348266601562
-0.00316715240478516 -0.000169038772583007 -0.0606956481933594 0.0636634826660156
0.000623703002929687 0.0111675262451172 -0.0140228271484375 0.077667236328125
-0.000215530395507811 0.0166196823120117 0.00210189819335937 0.0616073608398438
0.00140380859375 0.0167512893676758 0.0124092102050781 0.05145263671875
-0.00869941711425781 0.0159635543823242 0.00835418701171875 0.0510177612304687
-0.0222263336181641 0.0154304504394531 0.00550079345703124 0.0573539733886719
-0.0391921997070313 0.00664901733398438 -0.00972747802734375 0.0710296630859375
-0.0423736572265625 -0.040557861328125 -0.045684814453125 0.0656471252441406
-0.0238456726074219 -0.0681877136230469 -0.053314208984375 0.0788497924804688
0.00469970703125 -0.0936050415039063 -0.0487899780273438 0.0820541381835938
0.0234909057617188 -0.100967407226563 -0.0695571899414063 0.0292282104492187
-0.0085601806640625 -0.0618324279785156 0.0129203796386719 -0.00513172149658203
-0.0384788513183594 -0.0423812866210937 -0.0104866027832031 -0.0688362121582031
-0.0351600646972656 -0.0109672546386719 -0.0697593688964844 -0.0552406311035156
-0.0309696197509766 0.00758743286132812 -0.08673095703125 -0.00140380859374999
-0.0176944732666016 0.0205593109130859 -0.0622100830078125 0.0535888671875
-0.0034942626953125 0.0345230102539063 -0.0148582458496094 0.0674095153808594
-0.00638198852539062 0.0414810180664063 0.001312255859375 0.0494880676269531
-0.00223159790039062 0.0412254333496094 0.0143661499023438 0.039794921875
-0.019439697265625 0.0336456298828125 0.0172119140625 0.0387611389160156
-0.0420684814453125 0.0240669250488281 0.0161895751953125 0.0476303100585938
-0.0622634887695313 0.000469207763671868 0.00421905517578125 0.0680465698242188
-0.0536613464355469 -0.0661201477050781 -0.0318641662597656 0.0655555725097656
-0.01751708984375 -0.093475341796875 -0.0440673828125 0.0697402954101563
0.0273590087890625 -0.117919921875 -0.0341911315917969 0.0583114624023437
0.05450439453125 -0.111244201660156 -0.05474853515625 -0.00368881225585939
0.0158157348632813 -0.0904464721679688 0.0217418670654297 -0.0237579345703125
-0.0428085327148437 -0.0818328857421875 0.00179290771484375 -0.0797576904296875
-0.0589370727539063 -0.0315933227539062 -0.0581817626953125 -0.0707015991210938
-0.05889892578125 0.00847244262695313 -0.0804672241210938 -0.0194168090820313
-0.0332832336425781 0.0366401672363281 -0.0581436157226563 0.0351181030273438
-0.00923919677734375 0.0529289245605469 -0.0147933959960937 0.0486412048339844
-0.0119361877441406 0.0601577758789063 0.000316619873046877 0.0306320190429688
-0.00382614135742188 0.0601806640625 0.0156669616699219 0.0204048156738281
-0.0243949890136719 0.0485916137695313 0.0256996154785156 0.0197677612304688
-0.0539627075195313 0.0339927673339844 0.0276050567626953 0.0334949493408203
-0.0770416259765625 0.000129699707031259 0.0182342529296875 0.0605659484863281
-0.06243896484375 -0.0795745849609375 -0.0188484191894531 0.0615653991699219
-0.0127639770507813 -0.106147766113281 -0.037384033203125 0.055755615234375
0.0439987182617187 -0.125999450683594 -0.0160865783691406 0.0286178588867187
0.0760040283203125 -0.100624084472656 -0.0296211242675781 -0.039276123046875
0.041473388671875 -0.0983505249023437 0.0344963073730469 -0.0449066162109375
-0.0314788818359375 -0.107696533203125 0.0187530517578125 -0.0857925415039063
-0.0671310424804688 -0.051849365234375 -0.0373306274414063 -0.0819168090820313
-0.0761566162109375 0.001617431640625 -0.0639381408691406 -0.0379562377929687
-0.0457611083984375 0.0441856384277344 -0.0478897094726563 0.01177978515625
-0.0141754150390625 0.0621681213378906 -0.0135784149169922 0.0238666534423828
-0.0156059265136719 0.0699882507324219 -0.000339508056640625 0.00752782821655274
-0.00446319580078124 0.07098388671875 0.0152873992919922 -0.0025787353515625
-0.0264472961425781 0.0569343566894531 0.0319385528564453 -0.00212478637695312
-0.0590667724609375 0.0398597717285156 0.0365715026855469 0.0166206359863281
-0.0818405151367187 -0.00110626220703125 0.029876708984375 0.0485916137695313
-0.0617828369140625 -0.0852127075195312 -0.00702667236328125 0.0554237365722656
-0.00366973876953125 -0.10687255859375 -0.0336074829101563 0.0400886535644531
0.0562210083007812 -0.116722106933594 0.00281620025634766 -0.0025930404663086
0.082305908203125 -0.0715560913085938 0.00085067749023438 -0.0691680908203125
0.06072998046875 -0.0829086303710938 0.0493583679199219 -0.0629348754882813
-0.00918579101562499 -0.110610961914063 0.0345611572265625 -0.08441162109375
-0.0582122802734375 -0.0631675720214844 -0.0138931274414063 -0.0847396850585938
-0.0773468017578125 -0.00724029541015625 -0.041412353515625 -0.0508003234863281
-0.0499534606933594 0.0431175231933594 -0.0331478118896484 -0.0119266510009766
-0.0166244506835938 0.0617218017578125 -0.0115203857421875 -0.00279712677001953
-0.0166816711425781 0.0694007873535156 -0.0011892318725586 -0.0156717300415039
-0.00535583496093749 0.071929931640625 0.0143947601318359 -0.0261592864990234
-0.0261688232421875 0.0580863952636719 0.0368576049804688 -0.0240249633789063
-0.0592002868652344 0.039642333984375 0.0440940856933594 0.000679016113281252
-0.0788116455078125 -0.00431823730468749 0.0384559631347656 0.0364151000976563
-0.0511245727539062 -0.085296630859375 0.00172042846679688 0.0486793518066406
0.0106430053710938 -0.0976791381835937 -0.0305614471435547 0.0236663818359375
0.06439208984375 -0.0918121337890625 0.022308349609375 -0.0295162200927734
0.07171630859375 -0.02978515625 0.028656005859375 -0.0892562866210938
0.0652275085449219 -0.0506401062011719 0.0609054565429688 -0.0752334594726563
0.0117874145507813 -0.089508056640625 0.046630859375 -0.0778427124023438
-0.0375480651855469 -0.059356689453125 0.00664520263671875 -0.08056640625
-0.0621986389160156 -0.0133514404296875 -0.018829345703125 -0.0569229125976562
-0.0440711975097656 0.0343513488769531 -0.0183258056640625 -0.0317497253417969
-0.0150718688964844 0.0515251159667969 -0.00992774963378906 -0.0268611907958984
-0.0150604248046875 0.0588111877441406 -0.002471923828125 -0.0363845825195312
-0.00559234619140625 0.0637359619140625 0.013031005859375 -0.048126220703125
-0.0248336791992187 0.0516738891601563 0.0422210693359375 -0.0429611206054688
-0.0541534423828125 0.0338401794433594 0.0520744323730469 -0.0122833251953125
-0.0682716369628906 -0.00942230224609374 0.0460586547851562 0.0267219543457031
-0.0352020263671875 -0.0798187255859375 0.00992965698242188 0.0434951782226562
0.0267562866210938 -0.0799560546875 -0.0248584747314453 0.00994300842285156
0.0668449401855469 -0.055694580078125 0.0428733825683594 -0.0484275817871094
0.0481986999511719 0.0155601501464844 0.0465164184570313 -0.0965118408203125
0.0541419982910156 -0.0102882385253906 0.0651626586914063 -0.081329345703125
0.0249176025390625 -0.0506172180175781 0.0502510070800781 -0.0702018737792969
-0.0134391784667969 -0.0413703918457031 0.0187530517578125 -0.0743179321289063
-0.0369071960449219 -0.0137786865234375 -0.00313186645507813 -0.0582313537597656
-0.0300655364990234 0.0208454132080078 -0.00804519653320313 -0.0452117919921875
-0.0111560821533203 0.0334091186523438 -0.0095977783203125 -0.0443153381347656
-0.0113525390625 0.0394630432128906 -0.00380325317382812 -0.0516471862792969
-0.00579452514648438 0.0462646484375 0.0122795104980469 -0.0653915405273438
-0.019866943359375 0.0384597778320313 0.0463981628417969 -0.0578536987304688
-0.0434150695800781 0.0233993530273438 0.0612907409667969 -0.0216217041015625
-0.0505943298339844 -0.0123558044433594 0.0536766052246094 0.0206413269042969
-0.0160713195800781 -0.0648155212402344 0.0170440673828125 0.0423011779785156
0.0377273559570313 -0.0526580810546875 -0.0170297622680664 0.000708580017089843
0.0593528747558594 -0.0117607116699219 0.0625572204589844 -0.0560951232910156
-0.0322685241699219 -0.0320034027099609 -0.0620193481445313 0.0630760192871094
-0.0287265777587891 0.0179119110107422 0.0109701156616211 0.0103788375854492
4.38690185546862E-05 0.0303440093994141 -0.0156517028808594 -0.0472793579101563
0.0237274169921875 0.0120353698730469 -0.0650749206542969 -0.0303535461425781
0.0240268707275391 -0.00994300842285156 -0.0732498168945313 0.0159835815429687
0.00691413879394531 -0.0201377868652344 -0.0547370910644531 0.0613632202148437
0.00229930877685547 -0.0124168395996094 -0.0124740600585938 0.0748062133789062
0.00551700592041016 -0.00916385650634766 0.00320053100585938 0.0606613159179688
0.00555753707885742 -0.00858068466186523 0.0101547241210938 0.0503463745117188
0.00606298446655274 -0.00134611129760742 0.00303649902343751 0.0525016784667969
0.00370693206787109 0.0103569030761719 9.53674316406277E-05 0.0589256286621094
-0.0102024078369141 0.021026611328125 -0.0173492431640625 0.0668907165527344
-0.0335426330566406 -0.00299263000488281 -0.0546035766601562 0.0631942749023438
-0.0353279113769531 -0.0301094055175781 -0.0601577758789062 0.0785369873046875
-0.0232048034667969 -0.0537109375 -0.0546722412109375 0.0904312133789063
-0.00661087036132812 -0.06842041015625 -0.0680961608886719 0.050933837890625
-0.0223464965820313 -0.0206756591796875 0.00988483428955078 0.0058441162109375
-0.0197925567626953 -0.00235748291015625 -0.0150871276855469 -0.0553817749023438
-0.00402259826660156 0.00309181213378906 -0.0689048767089844 -0.0394973754882813
-0.00103878974914551 -1.96099281311037E-05 -0.080841064453125 0.01031494140625
-0.00410890579223633 -0.000218152999877929 -0.0584144592285156 0.0607986450195313
-0.000201225280761718 0.0108509063720703 -0.0132598876953125 0.0742645263671875
-0.00072479248046875 0.0157632827758789 0.00306320190429687 0.0585975646972656
0.00060558319091797 0.016143798828125 0.0120697021484375 0.0486412048339844
-0.00922870635986328 0.015162467956543 0.00808334350585938 0.0487594604492188
-0.0219993591308594 0.0139331817626953 0.00598144531249999 0.0553054809570313
-0.0364570617675781 0.00564193725585938 -0.0088958740234375 0.0677413940429688
-0.0395393371582031 -0.0388870239257812 -0.0450057983398437 0.0625686645507813
-0.0221214294433594 -0.0641212463378906 -0.0519180297851563 0.0743865966796875
0.00487518310546875 -0.088134765625 -0.0477066040039063 0.0763778686523438
0.022979736328125 -0.0952682495117188 -0.0649337768554688 0.0275650024414063
-0.00722122192382812 -0.0580329895019531 0.0134944915771484 -0.00568294525146485
-0.0355949401855469 -0.0406494140625 -0.00904083251953125 -0.0664710998535156
-0.0332279205322266 -0.0113620758056641 -0.0664329528808594 -0.0530738830566406
-0.0292949676513672 0.00655746459960938 -0.0834579467773438 -0.00191497802734375
-0.0179233551025391 0.0191440582275391 -0.0589637756347656 0.0512466430664062
-0.00423049926757813 0.0328941345214844 -0.0138893127441406 0.0643081665039062
-0.00574111938476562 0.0393257141113281 0.0016021728515625 0.0473899841308594
-0.00277328491210938 0.0390701293945313 0.0139999389648438 0.0376701354980469
-0.0189990997314453 0.0315227508544922 0.0166702270507813 0.0369110107421875
-0.0409927368164062 0.0222206115722656 0.0163040161132812 0.0466461181640625
-0.0588150024414063 -0.000560760498046886 0.00448989868164061 0.0659561157226563
-0.050323486328125 -0.06304931640625 -0.0322494506835937 0.0626411437988281
-0.0155105590820313 -0.0885086059570313 -0.0429801940917969 0.0662040710449219
0.0266494750976563 -0.111045837402344 -0.0334243774414062 0.0544815063476563
0.0519561767578125 -0.105209350585938 -0.050689697265625 -0.00310134887695312
0.0156021118164063 -0.0855789184570312 0.0220851898193359 -0.0228004455566406
-0.0402603149414063 -0.0778350830078125 0.00283050537109375 -0.0767669677734375
-0.0554847717285156 -0.0307846069335938 -0.0553703308105469 -0.0677871704101563
-0.0559463500976563 0.00750732421875 -0.0774459838867188 -0.0186920166015625
-0.0322513580322266 0.03436279296875 -0.0554008483886719 0.0335731506347656
-0.00940704345703125 0.0499076843261719 -0.0137596130371094 0.0457496643066406
-0.0111618041992188 0.0574607849121094 0.000984191894531251 0.0294170379638672
-0.00404357910156251 0.0570831298828125 0.0154190063476563 0.0192642211914063
-0.0240325927734375 0.0454902648925781 0.0246429443359375 0.0188541412353516
-0.0522422790527344 0.0316276550292969 0.0270652770996094 0.0325508117675781
-0.0727691650390625 -0.00101470947265625 0.0180625915527344 0.0585784912109375
-0.0586776733398437 -0.0760879516601563 -0.0188446044921875 0.0594635009765625
-0.011474609375 -0.100906372070312 -0.0367546081542969 0.0537261962890625
0.042724609375 -0.11895751953125 -0.0155830383300781 0.0262413024902344
0.0729293823242188 -0.0947036743164062 -0.0265083312988281 -0.0368118286132813
0.0402908325195312 -0.0929031372070313 0.03497314453125 -0.0422401428222656
-0.0291748046875 -0.102592468261719 0.019256591796875 -0.0821075439453125
-0.0630607604980469 -0.0501747131347656 -0.0356826782226563 -0.0782241821289063
-0.072235107421875 0.00105285644531251 -0.0615882873535156 -0.0363922119140625
-0.043609619140625 0.041412353515625 -0.0453643798828125 0.0113372802734375
-0.0143203735351563 0.0588188171386719 -0.0127162933349609 0.0226650238037109
-0.0141639709472656 0.0665664672851563 0.000275135040283202 0.00727224349975586
-0.00417709350585937 0.0670166015625 0.0151596069335937 -0.00238990783691406
-0.0256767272949219 0.0534820556640625 0.0310153961181641 -0.00194740295410156
-0.0565032958984375 0.0372085571289063 0.0358352661132812 0.0169219970703125
-0.0774383544921875 -0.00136566162109374 0.0291061401367187 0.0474586486816406
-0.0583572387695313 -0.0807037353515625 -0.00788879394531251 0.0540275573730469
-0.00250244140624999 -0.101226806640625 -0.0327987670898438 0.0387382507324219
0.0540237426757813 -0.110137939453125 0.00234627723693848 -0.00246310234069825
0.0788803100585937 -0.0676727294921875 0.00277709960937501 -0.0650367736816406
0.05792236328125 -0.0789108276367188 0.0489540100097656 -0.0598220825195313
-0.00898742675781251 -0.104949951171875 0.0345077514648438 -0.0803909301757813
-0.054595947265625 -0.0605239868164062 -0.0129165649414062 -0.080352783203125
-0.0733489990234375 -0.00724792480468751 -0.0394363403320313 -0.04876708984375
-0.04779052734375 0.0401535034179688 -0.0318126678466797 -0.0117454528808594
-0.0160713195800781 0.0581092834472656 -0.0104732513427734 -0.00287628173828125
-0.0151290893554688 0.0662040710449219 -0.000603675842285156 -0.0147275924682617
-0.00487899780273437 0.0682182312011719 0.0145473480224609 -0.0252838134765625
-0.0251541137695313 0.0546188354492187 0.0351123809814453 -0.0229587554931641
-0.0561447143554687 0.0372123718261719 0.0433769226074219 0.00150299072265625
-0.0743942260742188 -0.00456237792968749 0.0377464294433594 0.0359649658203125
-0.0490341186523438 -0.080780029296875 0.00113677978515624 0.0475807189941406
0.0102386474609375 -0.0926437377929688 -0.0297698974609375 0.0234222412109375
0.0618133544921875 -0.0863876342773438 0.0210857391357422 -0.0278530120849609
0.0691146850585938 -0.0287818908691406 0.028717041015625 -0.0828323364257813
0.0621452331542969 -0.0479965209960938 0.0601577758789063 -0.0709152221679688
0.0108489990234375 -0.0845184326171875 0.0457611083984375 -0.0738983154296875
-0.0356903076171875 -0.056915283203125 0.00686645507812499 -0.0765762329101563
-0.0598907470703125 -0.0126190185546875 -0.0177192687988281 -0.0544815063476563
-0.04229736328125 0.03253173828125 -0.0172576904296875 -0.0303401947021484
-0.0144004821777344 0.0481491088867188 -0.00899124145507813 -0.0255699157714844
-0.013824462890625 0.0559959411621094 -0.0016632080078125 -0.0341777801513672
-0.00483322143554687 0.0600624084472656 0.0131340026855469 -0.0457916259765625
-0.0233993530273438 0.0486297607421875 0.0399742126464844 -0.040985107421875
-0.0513992309570313 0.0320816040039062 0.0510368347167969 -0.011322021484375
-0.0645675659179688 -0.00858306884765624 0.0451469421386719 0.026519775390625
-0.0334548950195312 -0.0755615234375 0.00904083251953125 0.0425186157226562
0.0248947143554688 -0.0758056640625 -0.0240306854248047 0.0104885101318359
0.0638236999511719 -0.0521507263183594 0.0406761169433594 -0.0452346801757813
0.0462760925292969 0.0144577026367188 0.045989990234375 -0.090362548828125
0.0513534545898437 -0.0101966857910156 0.0636825561523438 -0.0764541625976563
0.0224151611328125 -0.0481643676757812 0.0492134094238281 -0.0666885375976562
-0.012603759765625 -0.0391311645507813 0.0182266235351563 -0.0711441040039063
-0.0348224639892578 -0.0126895904541016 -0.00284957885742188 -0.0559310913085938
-0.0283164978027344 0.0201148986816406 -0.00809860229492188 -0.0431137084960938
-0.00961112976074219 0.0311031341552734 -0.00868988037109375 -0.0421485900878906
-0.00975799560546875 0.0374069213867188 -0.003143310546875 -0.0483055114746094
-0.00420379638671875 0.04315185546875 0.0122146606445312 -0.0621452331542969
-0.0185661315917969 0.0365715026855469 0.0443992614746094 -0.0547561645507813
-0.0407867431640625 0.022705078125 0.0593299865722656 -0.0200996398925781
-0.0476875305175781 -0.0111923217773437 0.0523567199707031 0.0206985473632813
-0.0155677795410156 -0.0608634948730469 0.0156707763671875 0.0415802001953125
0.0351943969726563 -0.0501937866210938 -0.0167970657348633 0.00224685668945312
0.0567703247070313 -0.0114631652832031 0.0597190856933594 -0.0527267456054688
-0.0308876037597656 -0.0310306549072266 -0.0606155395507813 0.0608406066894531
-0.0273799896240234 0.0178279876708984 0.0108852386474609 0.00931739807128906
0.000850677490234373 0.0290145874023437 -0.0144004821777344 -0.0470085144042969
0.0228481292724609 0.0108699798583984 -0.0637588500976563 -0.0307464599609375
0.0233325958251953 -0.0106010437011719 -0.0729904174804688 0.0144119262695312
0.00656509399414063 -0.0195140838623047 -0.0545005798339844 0.0594406127929688
0.00189208984375 -0.0114336013793945 -0.012359619140625 0.0730209350585937
0.0053257942199707 -0.00860214233398438 0.00293731689453125 0.0589675903320313
0.00483846664428711 -0.00795364379882813 0.00942611694335937 0.0487442016601563
0.00484752655029297 -0.0012822151184082 0.0026397705078125 0.05194091796875
0.00306129455566406 0.00976467132568359 -0.000240325927734369 0.0580711364746094
-0.00956535339355469 0.0191936492919922 -0.0178909301757812 0.0657997131347656
-0.0322437286376953 -0.00333213806152343 -0.0551338195800781 0.0609474182128906
-0.0337429046630859 -0.0285739898681641 -0.060394287109375 0.075042724609375
-0.0217704772949219 -0.0518836975097656 -0.0552597045898438 0.0852203369140625
-0.00576019287109375 -0.0659828186035156 -0.0667533874511719 0.0486831665039062
-0.0208625793457031 -0.0197257995605469 0.0105094909667969 0.00519466400146484
-0.0184402465820313 -0.00259017944335938 -0.0140647888183594 -0.0550613403320312
-0.00379300117492676 0.00203657150268555 -0.0673751831054688 -0.0393905639648438
-0.00139403343200684 -0.00101029872894287 -0.0797271728515625 0.00920104980468749
-0.00430965423583984 -0.000259637832641601 -0.0582504272460938 0.0586662292480469
-0.000936508178710936 0.0108480453491211 -0.0129470825195312 0.07177734375
-0.000885009765624999 0.015803337097168 0.00263595581054688 0.0569610595703125
-0.000588417053222655 0.016200065612793 0.0113601684570313 0.0471763610839844
-0.0103302001953125 0.0147829055786133 0.00769805908203125 0.0481071472167969
-0.0221138000488281 0.0124588012695312 0.00555038452148437 0.054901123046875
-0.0349693298339844 0.0040435791015625 -0.0097503662109375 0.0665397644042969
-0.0374565124511719 -0.0383262634277344 -0.0458946228027344 0.061187744140625
-0.0197029113769531 -0.0617637634277344 -0.0522613525390625 0.07122802734375
0.00610351562500001 -0.08447265625 -0.048248291015625 0.072052001953125
0.0239486694335937 -0.0914535522460937 -0.0629005432128906 0.0258445739746094
-0.00584030151367187 -0.0560722351074219 0.0144405364990234 -0.00600433349609375
-0.0336341857910156 -0.0393447875976563 -0.007354736328125 -0.0657577514648438
-0.0317440032958984 -0.0122909545898438 -0.0645675659179687 -0.0527229309082031
-0.0293140411376953 0.00521087646484376 -0.0819473266601563 -0.00264739990234374
-0.0181922912597656 0.0182533264160156 -0.0588531494140625 0.04931640625
-0.00521087646484375 0.0321807861328125 -0.0139007568359375 0.0622787475585938
-0.00665664672851563 0.0386772155761719 0.00185012817382812 0.0464553833007813
-0.00380325317382812 0.0383377075195313 0.0137596130371094 0.0364646911621094
-0.0201053619384766 0.0304851531982422 0.0162773132324219 0.0363235473632813
-0.0406150817871094 0.0207252502441406 0.01611328125 0.0464210510253906
-0.0570907592773438 -0.00226211547851564 0.00423431396484375 0.0649681091308594
-0.0480308532714844 -0.0623016357421875 -0.032928466796875 0.0615425109863281
-0.0133895874023438 -0.0853958129882813 -0.0434761047363281 0.0638389587402344
0.0271987915039063 -0.10693359375 -0.0340576171875 0.05133056640625
0.0522232055664062 -0.101287841796875 -0.0479087829589844 -0.00352859497070313
0.0169219970703125 -0.0822677612304688 0.0236587524414063 -0.0226707458496094
-0.0376510620117188 -0.0758590698242187 0.00432586669921875 -0.0751113891601563
-0.0531654357910156 -0.0316238403320313 -0.05316162109375 -0.0668525695800781
-0.0549278259277344 0.005828857421875 -0.076202392578125 -0.0194244384765625
-0.0324745178222656 0.0326080322265625 -0.0544624328613281 0.0322113037109375
-0.0105361938476562 0.0486602783203125 -0.0132293701171875 0.0443801879882813
-0.0114326477050781 0.0561294555664063 0.00165748596191406 0.0286331176757813
-0.00481033325195312 0.0555915832519531 0.0153007507324219 0.0188350677490234
-0.0250358581542969 0.0434913635253906 0.0242938995361328 0.0187034606933594
-0.0514259338378906 0.0294532775878906 0.0270957946777344 0.0328178405761719
-0.0707244873046875 -0.002593994140625 0.0180931091308594 0.0580253601074219
-0.0559005737304688 -0.0748138427734375 -0.02001953125 0.0595130920410156
-0.00908660888671874 -0.0975341796875 -0.0373115539550781 0.0524864196777344
0.0432357788085938 -0.114051818847656 -0.0163898468017578 0.0246143341064453
0.0723876953125 -0.091033935546875 -0.0239353179931641 -0.0349998474121094
0.0408172607421875 -0.0896148681640625 0.0362358093261719 -0.040771484375
-0.027313232421875 -0.099609375 0.0205307006835937 -0.0801162719726563
-0.0605697631835937 -0.0505447387695313 -0.0338668823242188 -0.0770645141601563
-0.0706405639648438 -0.000328063964843748 -0.0608291625976563 -0.0362586975097656
-0.0433235168457031 0.0393180847167969 -0.0446014404296875 0.0106201171875
-0.0148696899414063 0.0569038391113281 -0.0119705200195313 0.0214633941650391
-0.0143356323242188 0.0646324157714844 0.00103139877319336 0.00724077224731446
-0.00483322143554687 0.0652847290039062 0.0156993865966797 -0.00249958038330078
-0.0259590148925781 0.051116943359375 0.0307216644287109 -0.00171470642089843
-0.0558815002441406 0.0348587036132813 0.0360946655273438 0.0175056457519531
-0.0750350952148438 -0.00260925292968751 0.0292930603027344 0.0474357604980469
-0.0559005737304688 -0.079376220703125 -0.00857925415039063 0.0539512634277344
-0.00119781494140624 -0.098297119140625 -0.0330352783203125 0.0381660461425781
0.0544967651367187 -0.105758666992188 0.00227427482604981 -0.00285959243774415
0.0778274536132813 -0.0648117065429688 0.00471115112304688 -0.0620918273925781
0.0577392578125 -0.075439453125 0.0502853393554688 -0.0568695068359375
-0.00778961181640625 -0.101882934570313 0.0358734130859375 -0.0779953002929688
-0.0522270202636719 -0.0601043701171875 -0.0115966796875 -0.07867431640625
-0.0716094970703125 -0.00767517089843751 -0.0392189025878906 -0.0483512878417969
-0.0467720031738281 0.0382804870605469 -0.0310173034667969 -0.0115394592285156
-0.0163803100585937 0.05615234375 -0.0100307464599609 -0.00300884246826172
-0.0150527954101563 0.0641746520996094 -2.00271606445332E-05 -0.014256477355957
-0.00499725341796874 0.0660324096679688 0.0144309997558594 -0.0246791839599609
-0.0251235961914063 0.0522232055664063 0.03546142578125 -0.0220718383789062
-0.0550155639648438 0.0352668762207031 0.0438079833984375 0.00264739990234375
-0.07208251953125 -0.00546264648437501 0.0378227233886719 0.0363578796386719
-0.046905517578125 -0.0790786743164063 0.000301361083984369 0.0476646423339844
0.0117416381835937 -0.0901336669921875 -0.0294952392578125 0.0236530303955078
0.0618209838867187 -0.0829315185546875 0.0204048156738281 -0.0267391204833984
0.0682487487792969 -0.0275688171386719 0.0307464599609375 -0.079437255859375
0.061279296875 -0.0464744567871094 0.0611610412597656 -0.0675849914550781
0.01123046875 -0.0821151733398438 0.0466232299804688 -0.0716094970703125
-0.0339927673339844 -0.0561752319335938 0.0075836181640625 -0.0749359130859375
-0.0577812194824219 -0.0126571655273438 -0.0172996520996094 -0.053375244140625
-0.0410118103027344 0.0310745239257812 -0.0169754028320313 -0.0298976898193359
-0.0142440795898437 0.0463676452636719 -0.00818634033203125 -0.025421142578125
-0.0132255554199219 0.0540122985839844 -0.000890731811523437 -0.033355712890625
-0.00477218627929687 0.0579109191894531 0.0137176513671875 -0.0447883605957031
-0.0230445861816406 0.0465736389160156 0.0397377014160156 -0.0397605895996094
-0.0496368408203125 0.03033447265625 0.051116943359375 -0.00977325439453125
-0.0621528625488281 -0.00921630859374999 0.0446510314941406 0.0267753601074219
-0.0324554443359375 -0.0737533569335938 0.00786590576171875 0.0426750183105469
0.02471923828125 -0.073760986328125 -0.023956298828125 0.0112724304199219
0.063323974609375 -0.0496864318847656 0.0403785705566406 -0.0433006286621094
0.0451889038085938 0.0138092041015625 0.047149658203125 -0.08599853515625
0.0496101379394531 -0.00976181030273438 0.0646514892578125 -0.0722732543945313
0.0215568542480469 -0.0463180541992188 0.0503387451171875 -0.0649223327636719
-0.012481689453125 -0.0379142761230469 0.0192146301269531 -0.0693321228027344
-0.0336189270019531 -0.01214599609375 -0.00254058837890625 -0.054962158203125
-0.0272197723388672 0.0193099975585938 -0.00757980346679688 -0.0424995422363281
-0.009429931640625 0.0295372009277344 -0.00789260864257813 -0.0413055419921875
-0.0088348388671875 0.0363693237304688 -0.00248336791992187 -0.0471267700195313
-0.0037994384765625 0.0415763854980469 0.012115478515625 -0.060516357421875
-0.0180339813232422 0.0349044799804688 0.044158935546875 -0.0527420043945313
-0.0393028259277344 0.0216178894042969 0.0591545104980469 -0.0183601379394531
-0.0459175109863281 -0.0115242004394531 0.05157470703125 0.0217781066894531
-0.0151329040527344 -0.0589103698730469 0.014312744140625 0.0417289733886719
0.0341644287109375 -0.0485000610351562 -0.0166473388671875 0.00333690643310547
0.0556106567382813 -0.0106010437011719 0.0587081909179688 -0.0502853393554688
-0.0305690765380859 -0.0303020477294922 -0.0605964660644531 0.0602684020996094
-0.0264644622802734 0.0180435180664063 0.0113382339477539 0.00914192199707031
0.001434326171875 0.0286579132080078 -0.0142936706542969 -0.0482139587402344
0.0221424102783203 0.01019287109375 -0.0636062622070313 -0.0315933227539063
0.0223579406738281 -0.0110816955566406 -0.07354736328125 0.01434326171875
0.00571632385253906 -0.0187702178955078 -0.05517578125 0.0598106384277344
0.00135326385498047 -0.0109624862670898 -0.0119247436523437 0.0722885131835938
0.00478982925415039 -0.00855541229248047 0.00353622436523438 0.0586051940917969
0.00406599044799805 -0.00732707977294922 0.00909423828125 0.0485382080078125
0.00434207916259766 -0.000516653060913086 0.00264739990234375 0.0518150329589844
0.00277423858642578 0.00897216796875 0.000530242919921882 0.0584678649902344
-0.00939369201660157 0.0184974670410156 -0.0176887512207031 0.0662460327148438
-0.0315036773681641 -0.00313377380371093 -0.0565719604492187 0.0607948303222656
-0.0332508087158203 -0.0278720855712891 -0.0611495971679688 0.0733566284179687
-0.0213127136230469 -0.0506324768066406 -0.0565032958984375 0.0831832885742188
-0.00531387329101563 -0.0644645690917969 -0.0656051635742187 0.0479774475097656
-0.0198497772216797 -0.0193767547607422 0.0110540390014648 0.00430583953857422
-0.017730712890625 -0.00247383117675781 -0.0134544372558594 -0.0558052062988281
-0.00385642051696777 0.00103187561035156 -0.0670089721679687 -0.0396270751953125
-0.00152599811553955 -0.00213062763214111 -0.08062744140625 0.00939941406249998
-0.00515127182006836 -0.000113487243652343 -0.0580329895019531 0.0588188171386719
-0.00155735015869141 0.010981559753418 -0.012664794921875 0.0717391967773437
-0.001312255859375 0.0158777236938477 0.00355148315429688 0.05621337890625
-0.00111293792724609 0.0169544219970703 0.0113639831542969 0.0466995239257813
-0.0113077163696289 0.0147781372070313 0.007843017578125 0.0481414794921875
-0.0223846435546875 0.011932373046875 0.00635147094726562 0.05511474609375
-0.0345230102539063 0.00285720825195313 -0.00914382934570313 0.0672111511230469
-0.036865234375 -0.0379600524902344 -0.047088623046875 0.0618095397949219
-0.0187225341796875 -0.0604743957519531 -0.0531387329101563 0.0703964233398438
0.00666046142578125 -0.0831985473632813 -0.0493431091308594 0.0696792602539063
0.0243759155273438 -0.0901336669921875 -0.0616416931152344 0.0256538391113281
-0.0047607421875 -0.0552024841308594 0.0155096054077148 -0.00690841674804688
-0.0328788757324219 -0.0391197204589844 -0.00718307495117188 -0.0664253234863281
-0.0310745239257813 -0.0132160186767578 -0.0643730163574219 -0.0530738830566406
-0.0288734436035156 0.00429534912109375 -0.08270263671875 -0.00229644775390624
-0.0187797546386719 0.0178813934326172 -0.0586662292480469 0.0495681762695313
-0.00575447082519531 0.0320301055908203 -0.0131187438964844 0.0618438720703125
-0.00712203979492188 0.0387153625488281 0.00278091430664063 0.0459747314453125
-0.00436782836914063 0.0380401611328125 0.0139961242675781 0.0360107421875
-0.0213146209716797 0.0300445556640625 0.0163154602050781 0.0364112854003906
-0.0413246154785156 0.0201835632324219 0.0170783996582031 0.0471115112304688
-0.056243896484375 -0.00302124023437501 0.00470352172851563 0.0652427673339844
-0.0468788146972656 -0.0621528625488281 -0.0344924926757813 0.0624885559082031
-0.0120162963867188 -0.0842971801757812 -0.0442886352539062 0.0634269714355469
0.028594970703125 -0.105796813964844 -0.0345382690429688 0.0499496459960937
0.0525665283203125 -0.0996475219726563 -0.0467491149902344 -0.00324630737304689
0.0175399780273438 -0.081085205078125 0.0246829986572266 -0.0232276916503906
-0.0372772216796875 -0.0754852294921875 0.00531768798828124 -0.0758819580078125
-0.0524444580078125 -0.0320854187011719 -0.0529861450195313 -0.0671501159667969
-0.0543594360351563 0.00531768798828126 -0.0766372680664062 -0.019195556640625
-0.0330619812011719 0.03179931640625 -0.0546188354492188 0.0325851440429687
-0.010772705078125 0.0477561950683594 -0.0129241943359375 0.0441741943359375
-0.0114593505859375 0.0558891296386719 0.00222969055175782 0.0284080505371094
-0.00495529174804688 0.0558204650878906 0.0156707763671875 0.018218994140625
-0.0257644653320312 0.0431137084960938 0.0247898101806641 0.0191173553466797
-0.0518531799316406 0.0288543701171875 0.0284786224365234 0.0337047576904297
-0.07061767578125 -0.00353240966796876 0.0192642211914062 0.0586090087890625
-0.05535888671875 -0.0744094848632813 -0.0209693908691406 0.0602226257324219
-0.00778961181640626 -0.0968475341796875 -0.0376853942871094 0.0520744323730469
0.0439834594726563 -0.112838745117188 -0.0171585083007812 0.0240211486816406
0.0723648071289063 -0.0900955200195313 -0.0226116180419922 -0.0344715118408203
0.0407333374023438 -0.0884933471679688 0.0377426147460938 -0.0410079956054688
-0.0272903442382813 -0.0987548828125 0.0217208862304688 -0.080078125
-0.0599327087402344 -0.0507583618164063 -0.0336074829101563 -0.0768508911132812
-0.0702590942382813 -0.00037765502929686 -0.0612106323242188 -0.0360641479492187
-0.0437240600585938 0.0386428833007813 -0.0449295043945312 0.0102920532226562
-0.0153465270996094 0.0563583374023438 -0.0116672515869141 0.0209465026855469
-0.0139274597167969 0.0648956298828125 0.00171184539794922 0.00752830505371094
-0.00513839721679688 0.0647773742675781 0.0159893035888672 -0.00289726257324218
-0.0267295837402344 0.0503959655761719 0.0310382843017578 -0.00165557861328125
-0.0558204650878906 0.03466796875 0.0373687744140625 0.0183029174804688
-0.0750274658203125 -0.00363922119140624 0.0306625366210938 0.0481758117675781
-0.05523681640625 -0.0787353515625 -0.0095062255859375 0.055023193359375
-0.000335693359374995 -0.0978546142578125 -0.0339546203613281 0.0386123657226563
0.0547866821289062 -0.104461669921875 0.00148248672485352 -0.00297665596008301
0.0782089233398438 -0.0645217895507813 0.00630950927734376 -0.0604934692382813
0.0572357177734375 -0.0748214721679687 0.0515708923339844 -0.0567436218261719
-0.00769805908203126 -0.10107421875 0.0367202758789062 -0.07818603515625
-0.0519561767578125 -0.0605087280273438 -0.01129150390625 -0.07861328125
-0.071136474609375 -0.00807952880859376 -0.0394744873046875 -0.0476837158203125
-0.0466232299804688 0.0380821228027344 -0.0307712554931641 -0.011474609375
-0.016632080078125 0.0557022094726563 -0.00947093963623047 -0.00366401672363281
-0.0145645141601562 0.0636062622070313 0.000802040100097654 -0.0140771865844727
-0.004730224609375 0.0653190612792969 0.0150146484375 -0.0247650146484375
-0.0255012512207031 0.0513153076171875 0.0355758666992188 -0.0218505859375
-0.0545158386230469 0.0351181030273437 0.0451202392578125 0.00336837768554688
-0.071075439453125 -0.00604248046875001 0.0390701293945312 0.0367851257324219
-0.0465316772460938 -0.0784759521484375 -0.000514984130859372 0.0488700866699219
0.01141357421875 -0.0893402099609375 -0.0300617218017578 0.0244579315185547
0.06158447265625 -0.0820846557617188 0.0206050872802734 -0.0262451171875
0.0677757263183594 -0.0279083251953125 0.0318145751953125 -0.0778274536132813
0.0610733032226563 -0.0460205078125 0.0628623962402344 -0.0662612915039062
0.0106582641601562 -0.0817184448242188 0.04736328125 -0.0718994140625
-0.0342636108398437 -0.0560379028320313 0.0078887939453125 -0.0749664306640625
-0.0577659606933594 -0.0123558044433594 -0.0176620483398438 -0.0535697937011719
-0.0407142639160156 0.0308456420898437 -0.0171146392822266 -0.0298824310302734
-0.0144157409667969 0.0462684631347656 -0.00789451599121094 -0.0251808166503906
-0.0124931335449219 0.0539703369140625 -0.000396728515625004 -0.0327739715576172
-0.00455856323242188 0.0566864013671875 0.0138511657714844 -0.0446815490722656
-0.0227584838867188 0.0459480285644531 0.0400581359863281 -0.0393218994140625
-0.0493049621582031 0.0297660827636719 0.0522575378417969 -0.008941650390625
-0.0615615844726562 -0.00927352905273437 0.0455474853515625 0.0278778076171875
-0.0321121215820313 -0.0723419189453125 0.00728988647460938 0.0436668395996094
0.024566650390625 -0.0732345581054688 -0.0242786407470703 0.012481689453125
0.063201904296875 -0.0493431091308594 0.040252685546875 -0.0423164367675781
0.04486083984375 0.0129890441894531 0.0489044189453125 -0.0838699340820312
0.0491180419921875 -0.00973129272460937 0.0659713745117188 -0.0711593627929688
0.0206489562988281 -0.0458717346191406 0.051239013671875 -0.0649757385253906
-0.0127754211425781 -0.0376510620117188 0.0194625854492188 -0.0697174072265625
-0.0337791442871094 -0.0110034942626953 -0.00293350219726563 -0.0548553466796875
-0.0264835357666016 0.0195045471191406 -0.00777053833007813 -0.0424270629882813
-0.00919914245605469 0.0292186737060547 -0.00792312622070313 -0.0410232543945313
-0.0082244873046875 0.0357475280761719 -0.00219345092773437 -0.0465545654296875
-0.0031890869140625 0.0409202575683594 0.0123786926269531 -0.059906005859375
-0.0176830291748047 0.0345840454101563 0.0442237854003906 -0.0526237487792969
-0.038543701171875 0.0217437744140625 0.0601463317871094 -0.0180816650390625
-0.045379638671875 -0.01104736328125 0.0517196655273438 0.0220565795898438
-0.0152969360351563 -0.0581130981445313 0.0137443542480469 0.0422592163085938
0.0335006713867188 -0.0481758117675781 -0.0166196823120117 0.00449180603027344
0.0552482604980469 -0.0102424621582031 0.0585975646972656 -0.0493927001953125
-0.00267601094027774 0.0319776664573458 -0.0773292751978006 -0.0199650841125206
0.0291906330280823 0.00934870409012218 -0.00143063897822179 0.00906808570115013
0.0249301089833778 -0.0135819625527257 0.031899250628036 -0.0414795756464075
-0.000996712276044556 -0.0240320673365535 -0.00755166771221897 -0.0685346738026665
-0.0169253596022642 -0.00983070970479665 -0.0520103526798231 -0.0569540669613667
-0.0106824788122208 0.00242875555961358 -0.0753778406379555 -0.0219953087381621
-0.0087780055565295 0.000164605137266792 -0.0712044944310647 0.014364907006707
-0.00926619883539327 -0.00192755845267647 -0.0536767474948283 0.0306866559052777
-0.0073334295237763 -0.00247063073367436 -0.0415342459260639 0.0283818904813878
-0.00334128443676948 -0.00537148970823814 -0.0437568644564995 0.0267363284008715
0.00535789243566931 -0.010287773681981 -0.0549105824802325 0.027858590616279
0.0217788727433589 -0.00631618459679062 -0.0704118462538913 0.0114855030338213
0.0242687574477368 0.0198609346768266 -0.0786019424274843 -0.0168220640668537
0.00168699977746162 0.0360422465574944 -0.0879829552741153 -0.0180560242507744
-0.0261536056754244 0.0358200247557278 -0.0931071654877585 0.00692511927493243
-0.0423513736762038 0.0298663919724274 -0.0678443175805801 -0.0248049624754716
-0.00494192005202642 0.0266843681060871 0.00721429886872935 0.0124013600346175
0.00987919214939941 0.0206103790534764 0.0489031762258302 -0.0453431690344327
0.00889928973192454 0.00565157844449307 0.00419073556075215 -0.0813614869103627
0.00735569065983771 0.00161893908739162 -0.0521833679408519 -0.0698068821215903
0.0106641843935263 2.67542877545974E-05 -0.0775679265832226 -0.0279335383729709
0.0122870387296811 -0.007955451071469 -0.0723054195047427 0.0104003997142237
0.012422719022828 -0.0128058927318316 -0.0533148108682633 0.0286617349608257
0.0164267723007834 -0.0112463375746672 -0.0402167065932799 0.0276310790633642
0.0179047275910869 -0.00207516056613266 -0.0375635983444743 0.0264489438793565
0.024029891716855 0.0068254463387381 -0.0471011099363124 0.0291747583446575
0.0224636830446809 0.0246653452624647 -0.0624949534595812 0.0200070142750136
0.00397036064925498 0.0478595174925985 -0.0715623465242825 -0.0071574842826717
-0.0319342050166177 0.0438530299457622 -0.0813404877573367 -0.00850862960074514
-0.0649556059412994 0.0297230723198144 -0.0824428584877087 0.00876871424960461
-0.0778387653873601 0.0215141185480191 -0.0460276097510089 -0.0272841993652294
-0.0432973577872354 0.0383482041955595 0.023903459337415 0.0181375857848659
-0.0125363292579805 0.0552698823149179 0.0724828614881614 -0.043259734826003
0.0151476627899858 0.0400960055329012 0.0246449562132538 -0.0904932888895701
0.0313590483541254 0.0178889643229139 -0.0422520034100612 -0.0825103647806927
0.0319571410861321 0.000381310091778317 -0.0711781595807525 -0.0352946586724791
0.0328595682354558 -0.014156887251804 -0.0646899889351577 0.00362228652498013
0.0320344840590196 -0.0218195195855665 -0.0452655898525108 0.0216835031103745
0.0360703117381954 -0.020341230179501 -0.0304372595454562 0.0235614958074939
0.0362880967082794 -0.00338671592227711 -0.0239486736430915 0.0256408185026807
0.0414374003541539 0.0157920011692068 -0.033184367162131 0.0332400729208237
0.0295927503858966 0.0472623315002428 -0.0505648069388092 0.0312697826295353
-0.0058103224189453 0.0710124324280975 -0.0635958562783729 0.00556218900785555
-0.054284944656423 0.0530615849495656 -0.0710228690198992 -0.00124974940940401
-0.0930947154042163 0.024591449495254 -0.0610170167258458 0.0112111635763661
-0.101230985713848 0.00724698457260467 -0.0144284945066485 -0.0255927186763559
-0.0791901195374483 0.0382482332444722 0.0449249821426811 0.026782929247744
-0.0404030166161397 0.0801113165099479 0.0956464545343804 -0.0336217217620713
0.0118327723388743 0.0724228824959203 0.0503059048215161 -0.0896424745364036
0.0498570801291918 0.0375923845828581 -0.0233073886954939 -0.0901566228417878
0.0505776177116062 0.00428698869795105 -0.0547063978146946 -0.0415798853228936
0.0494704027813662 -0.0169224556813899 -0.0484470808103444 -0.00471539810380886
0.0476384916144754 -0.0283871179737531 -0.0301088843661025 0.0123764445602307
0.0502995383244214 -0.0276771824219303 -0.0141366427472604 0.0168370070849159
0.0487692356087391 -0.0064797617738351 -0.00523251382580888 0.022854675360641
0.0546308950187119 0.0181888810925193 -0.0151419146499372 0.0357859291309271
0.0373794355368256 0.0594178200562081 -0.0359348086323381 0.0403376123341432
-0.00915091017217498 0.0854057996531182 -0.0535595142791339 0.0160570379365771
-0.0664534353925779 0.0577520899069963 -0.0585735434136057 0.000870916991430609
-0.107000524005524 0.0176630318276955 -0.0324784205956815 0.0111516725432602
-0.106182638865959 -0.00955549573056358 0.0220932178645385 -0.0201337112037318
-0.100748616513896 0.024982846476595 0.0651578743145171 0.0354677168530035
-0.0669190217330742 0.0861531031608509 0.112106070292484 -0.01555004168782
-2.46688843000505E-05 0.0928839917731728 0.0746019921885833 -0.0762656317044347
0.0554583319831291 0.0552069909743251 0.00196494047324218 -0.0868707038142165
0.0612014648334731 0.0101715129827105 -0.031307103047018 -0.0443968505003541
0.0587660512204746 -0.0159995207149701 -0.0268405449586144 -0.0127510196578189
0.055270617001604 -0.0302667313957243 -0.0108850998638398 0.00140443394245229
0.0576336602286327 -0.0320350453845362 0.00479228824307104 0.00792046302176545
0.0549528830189686 -0.00949546587790022 0.0142940185295027 0.0178880441062443
0.0603697329743735 0.0179542215896664 0.00364120306635768 0.0361109740006497
0.0391530719896548 0.0638981560083415 -0.0199521496778691 0.0451005007126509
-0.01293936845656 0.0885292474361282 -0.0423911040875153 0.0233036684236291
-0.0716166887262451 0.0535043449540772 -0.0459124034355691 -0.00089308118642757
-0.106834517278046 0.00665123204769423 -0.00242928336624394 0.00933742433064564
-0.0915612830297445 -0.0236031173921847 0.0560093446276177 -0.0105840163646066
-0.100596005662678 0.00533796435532492 0.0819790375856956 0.0422050260788165
-0.0814007063791515 0.071864359928521 0.116999891528735 0.00514075960306077
-0.0152880168126961 0.0926372172240882 0.0883238228275759 -0.053425767751728
0.0495040956333824 0.0623699985451705 0.0258503482694072 -0.073106580043473
0.0606119197933581 0.0146368123216918 -0.0051415492935358 -0.0417047153401062
0.0577691319263336 -0.0128730538253936 -0.00264062262396235 -0.0186287295443459
0.0551476549789725 -0.0279618693301878 0.00968247954695902 -0.00921580841520182
0.0571051330674743 -0.0310430529703376 0.024588309131266 -0.00182089481775462
0.0547464503678359 -0.0098316929413909 0.0336389544229915 0.0125059220829878
0.0591994159225297 0.0173720866997532 0.0213216078762976 0.0360670452643835
0.0347500160992433 0.0627134724422398 -0.00613341718906303 0.048175465993747
-0.019474104864283 0.0826051325506266 -0.0328204880364969 0.0281325993909051
-0.0720918459775148 0.041068386173413 -0.0334170656382413 -0.00447631020872284
-0.0933092482590439 -0.00794839568859487 0.0255508420380507 0.00860119590704963
-0.0594993097719586 -0.0314501306920678 0.0807534743151588 -0.00200651430410406
-0.0797128249396933 -0.0133435695949759 0.0910717716237627 0.0445550008650538
-0.076097691838742 0.0458804313539688 0.109689256262445 0.0199485363720408
-0.0251471305512881 0.0739516669910121 0.0907198074717514 -0.0300508635665331
0.0347592988857258 0.0559755379891095 0.0433282821646807 -0.0540949049828989
0.0500591600592719 0.0156184611638246 0.0178415774058896 -0.0357612970534864
0.0484324764126628 -0.00873586891907898 0.0191688011323213 -0.0233088578346525
0.0466312116739395 -0.0221798488646511 0.0276703055991295 -0.0185388927019732
0.0489602764588263 -0.0256099252330259 0.0431145683530905 -0.0102829392560113
0.0483539505468126 -0.00786455516386718 0.0504055221266985 0.0092002484508063
0.0517119640352486 0.0166298328432083 0.036187224768105 0.0378620935033445
0.0257228032810685 0.0564545061903711 0.00466641515746247 0.0513811749508015
-0.0256218193855841 0.0693113817857957 -0.0258691201433631 0.0323310793850598
-0.0672923573538955 0.0226161105239524 -0.0223450461446369 -0.00606251942740843
-0.0696251619002969 -0.0231692301183834 0.0492151196674011 0.0117132931631318
-0.0167570391909758 -0.0322122578214558 0.0922771047558857 0.00271320584818138
-0.0431049601210998 -0.0256474070633028 0.0933410384508923 0.0391122175966378
-0.0525569708076919 0.0163470032883846 0.0959043552216992 0.0250701348562472
-0.0244992014569387 0.04266914965657 0.083569803057794 -0.014169421220564
0.0170677978559013 0.0376820001311135 0.0515692813549095 -0.037667320638478
0.0308845730459715 0.0122658069242741 0.0336355364379605 -0.0301184340151676
0.0306294568314461 -0.00472307861922057 0.0344674386728326 -0.0257024342011919
0.0306218175681522 -0.0133590552155132 0.0406161486677161 -0.025136791516438
0.0341990864538774 -0.0165664888117686 0.057470832682752 -0.0158009214662344
0.0361795422826943 -0.00425891272795973 0.0639146629899608 0.00798046136434988
0.038145225172601 0.0139997362946635 0.0474389006435217 0.0427300695098074
0.0141133479047308 0.0437495627116661 0.0105035516967831 0.0566949930524065
-0.0274813573407202 0.0479215274803445 -0.0234146865958279 0.0370583158055386
-0.0537071206807269 0.0027245507402377 -0.0141437388435538 -0.00558969448806323
-0.036957038973681 -0.0350012532134422 0.0659291103904078 0.018375257839716
-0.00100246589330144 0.0313675766762486 -0.0767129721085475 -0.0169172591402022
0.0287991398557907 0.00759383996001232 -0.000895176513961556 0.0089237330968557
0.0233130199378496 -0.0148115490639188 0.0309654099771449 -0.0420946216300213
-0.0024474874735672 -0.0227319175712098 -0.00928049242566694 -0.0683671407595764
-0.017158657271652 -0.00795187370525 -0.0542832794172783 -0.0552478063055439
-0.00989630201095401 0.00292032064674132 -0.0761731682248775 -0.0194925446253823
-0.00840578117722793 0.000715044149502894 -0.0698056864263591 0.0170863158416298
-0.00850614964570877 -0.0011120024381981 -0.0515751827235809 0.0327474350914599
-0.00677098970556419 -0.00245326066944596 -0.0402206864534523 0.0294319978141762
-0.00293841647611021 -0.00471456716056073 -0.0425809681210245 0.0285140421101858
0.00504052201066876 -0.00978824364945624 -0.0532124012367754 0.0303701990882833
0.0201982642585097 -0.00714667367829903 -0.0696002795719176 0.0143541139915265
0.0249066321344923 0.0184838414930382 -0.0796648666992639 -0.0146887377640837
0.00290246429883976 0.0347448877261074 -0.087299078973426 -0.0164258809769279
-0.0241156697622879 0.0360185185592442 -0.0920815416006979 0.00808623094040209
-0.0406862091341853 0.0305048384130608 -0.0675899697745613 -0.0217119538519087
-0.0041891149454243 0.025705823555864 0.00852533088566627 0.0119068583222883
0.0100691692998562 0.0198236257309926 0.0473890863206081 -0.0471033697279989
0.00847106757761666 0.00600383913242248 0.00156224534221451 -0.0810821161003823
0.00714751794962984 0.002473925389074 -0.053979606329856 -0.0677500800753223
0.0112190221460135 0.000307427414786329 -0.0782214232012399 -0.0247279512155469
0.0123135280404652 -0.00863566832078065 -0.0706292061155833 0.0134256501223972
0.0120186142239957 -0.0130268349476361 -0.0513042323519502 0.0306526263668067
0.0158911856224846 -0.0117038106430208 -0.038644078150056 0.0285447935503317
0.0186386589264564 -0.00235439001141557 -0.0364975607639481 0.0282776376492889
0.0243231085445706 0.00672418917585937 -0.0455005168763992 0.0316091810513939
0.0222871608789714 0.0244470703905755 -0.0614749061322324 0.0227280638948799
0.0052966635872459 0.0468250948272115 -0.072590186025562 -0.00506145258447606
-0.0301235162392411 0.0435872446654278 -0.0808324364939847 -0.00684984558169081
-0.0631209495536487 0.0312735036740566 -0.0815783974307639 0.00957659134620401
-0.0759681033777814 0.0235229578883575 -0.0461312864514924 -0.0249394825697714
-0.0413301058480463 0.0382253931314453 0.0248142490906775 0.0173735402290369
-0.0104622469299216 0.0544371356971324 0.0705755308875951 -0.0456737454292139
0.01522354155375 0.0396803427329661 0.0214876996995457 -0.0906720334807866
0.0320397933088835 0.0173986252063295 -0.0454672070951648 -0.0808872300888548
0.0323585044139753 0.000264314347005174 -0.0715176227963923 -0.0326476409848828
0.0325947792579687 -0.0149398009718565 -0.0636286555444717 0.00593734092161998
0.0312162753686158 -0.0228411836917085 -0.0432664934541577 0.0239136146324937
0.0358054027724234 -0.0211815915686288 -0.0289724461646118 0.0247427332858199
0.0360979257634565 -0.00378741873244779 -0.0224587391665398 0.0271542010715467
0.0418827902491626 0.0148665946143517 -0.0313425663794038 0.0354171785472386
0.0304704198951485 0.0460232838460405 -0.0493299647429052 0.0339727466330732
-0.00341285911189311 0.0704071324162299 -0.0642358537522649 0.00761921860450421
-0.0520407553050155 0.0535557619451653 -0.0708798003484981 0.000246974158447407
-0.0910606533457876 0.0268418523729831 -0.0600416135805664 0.0115423515599878
-0.0999285999648558 0.00976608099701125 -0.0153226932221487 -0.0238809944156533
-0.0767615939759512 0.0393430986070178 0.0461110454868671 0.0248178093999449
-0.0371500712097836 0.0798344774647444 0.0944733994363979 -0.036371126820331
0.0136700205102549 0.0721390634560895 0.0470774477448618 -0.0906478678008893
0.0504465575835715 0.0360585140941133 -0.0272970875737522 -0.0886818070216732
0.0505353589676228 0.003349686964452 -0.0561334440767624 -0.0390619015166377
0.0486714686245646 -0.0177572393742605 -0.0478896458408514 -0.0029668921166446
0.0461603769403533 -0.0297532278140946 -0.0289308211938277 0.0138433095793612
0.0491344136379256 -0.0296825699013356 -0.0130823612773456 0.0175991405194901
0.0485868449407294 -0.0075059282549787 -0.00408157982239833 0.0231461241200763
0.0550628795643786 0.016585256834093 -0.0132960960392221 0.0375853556297364
0.0385144759949413 0.0584365134568667 -0.0340063648318714 0.0424444673223701
-0.00615635107140741 0.0845574521571437 -0.053820661899064 0.0179425928602443
-0.0637420631457008 0.0584641704907289 -0.0586641537279655 0.00241613390757179
-0.10520252021018 0.0205779693296941 -0.0322124048432575 0.0112826143345218
-0.105473576940611 -0.00636907872806825 0.0210509425923543 -0.0193963108216766
-0.0985063494528145 0.0275237914609392 0.0665926354019222 0.0331392386427997
-0.0629682415619558 0.0869720195619761 0.111764898817059 -0.0191730902346385
0.00202738784945332 0.0919225776488582 0.0714263641962681 -0.0777763540310598
0.057664532173876 0.0525396299206249 -0.00179580633890956 -0.0865254021673989
0.0609931805832802 0.00875289957718836 -0.0323076765827011 -0.0427143525667669
0.0575079072084886 -0.0172895541539681 -0.0263286572423226 -0.0113552675001963
0.0537132970349581 -0.032157560580361 -0.0100346579120977 0.00237203000549717
0.0557043321762748 -0.0335315095905168 0.0058781403271268 0.00820835590375676
0.054246330122524 -0.0104572396290768 0.0151556672087688 0.0177308767386229
0.0604673637217964 0.0158963631357755 0.0054433925780241 0.0373065615251502
0.0404238241714149 0.0627434174583134 -0.0178796763618383 0.0470687218623493
-0.00956842720673196 0.0880598680749092 -0.0428083832125056 0.0251316816989085
-0.0691859335294072 0.054992334690171 -0.0460463510517355 0.000635179431967368
-0.105436100003377 0.00947371287436182 -0.00237764993244001 0.00905664712006657
-0.0917700284546553 -0.0204222514949761 0.0548828812187518 -0.0109834384724409
-0.0995602031360423 0.00809054768711087 0.0829265457093369 0.0400137233152952
-0.0776647761747723 0.0740705415256769 0.116699991389711 0.00115262021430419
-0.0125809123107587 0.0928698652296573 0.0857740111833443 -0.0561873902579398
0.0512711474296052 0.0599943976437973 0.0226323127308206 -0.0737885445483067
0.0606474739397393 0.0124100055703301 -0.00642847961676842 -0.0411918983230169
0.0570569203413182 -0.0145458041115675 -0.00299154353041783 -0.0184709342382457
0.0534249049502938 -0.0302502324043972 0.00933800665213791 -0.00942946671387966
0.0553082073477419 -0.0327239314549671 0.0248544457813225 -0.00259237494755894
0.0536588483767389 -0.0113125423595562 0.033961548933091 0.0114599555097927
0.0588573174804808 0.0151423426541847 0.0230831619103396 0.0367598618981911
0.0359205629829914 0.0612677497276707 -0.00379234845417946 0.0492634251714277
-0.0160573649308003 0.0825686465156842 -0.033004357811155 0.0297451689021446
-0.069913518926034 0.042692580293842 -0.0343585543900595 -0.00286215172108163
-0.0930081163385812 -0.00492240840141528 0.0252720199045525 0.00763350356313111
-0.0605699159835975 -0.0291390103208576 0.0796256816209185 -0.00299843664461159
-0.0798093960567059 -0.0111763690993178 0.092277174836088 0.0425861055024808
-0.0732140155623479 0.0477728570338804 0.109662821888274 0.0165995860839833
-0.0223299277562513 0.0746177055303543 0.0891755194929052 -0.0325980122403593
0.0368306360187526 0.0537142166904794 0.040226358746309 -0.0556155502038503
0.0498514172387318 0.0132428876024356 0.016144892349857 -0.0360774071154313
0.0471153983069879 -0.0107011361128578 0.0181332830836146 -0.0235344678623004
0.044668995687569 -0.0241630527455407 0.0268852868273619 -0.0189402556395561
0.0470093909787784 -0.0270167670885436 0.0424701802084921 -0.011613826196252
0.0474192189790559 -0.00902028086836535 0.0507199889016521 0.00727365651523305
0.0510583962004854 0.0141192161020497 0.0377246204934672 0.0378221295080641
0.0267934201092786 0.0551218119576549 0.00666545269361394 0.0520066710317549
-0.0225526555270936 0.0691996360313696 -0.0253637195152721 0.0334552453931762
-0.0655244489163033 0.0251306196653384 -0.0228869049041887 -0.00447344320099322
-0.0703478927219798 -0.0207655490363502 0.0490076029263479 0.00979937914156594
-0.0184932490488285 -0.0312000380886 0.0912856014104057 0.00148439128071749
-0.043601426312685 -0.0235939553354639 0.0938726709595219 0.036858705434332
-0.0503560118112946 0.0187878522174693 0.0961919757749145 0.0216398208646662
-0.0221688183849151 0.0434099794320639 0.0829666929636687 -0.0173247315373032
0.0188732238436161 0.0363064070666208 0.0497297544791028 -0.0396181399697211
0.0308581537554815 0.0103219299943996 0.0317889648313776 -0.0313832692685653
0.0295077896332258 -0.00585370125221419 0.0333514627383028 -0.0266753063106575
0.0292852928122632 -0.0145486015928027 0.0398633713221631 -0.0264560672519648
0.032230699691721 -0.0178672854001409 0.0563798589912053 -0.0177857093012521
0.0352115721036956 -0.00594905325992918 0.0636550315751286 0.00613089942374432
0.0375907043665751 0.0121436812200983 0.0489641741695406 0.0415555372668661
0.0157791307163124 0.0426970213193053 0.0124623589089248 0.0567489873427319
-0.0249433205667263 0.0477416568299208 -0.0232838962317665 0.0382453862574893
-0.0529328230379315 0.00523188215798784 -0.015229082628141 -0.00427538761141844
-0.0381799480970457 -0.0332890742016835 0.0654918074410848 0.0157105055696101
0.000325998880777737 0.0298939285185407 -0.074975644734975 -0.0139792664913784
0.0276035446975931 0.00596496334392175 0.000243616309102807 0.00889316196672269
0.021180413538547 -0.0151440384063467 0.0295138489468919 -0.042196672969625
-0.00348118925264449 -0.0215845004127138 -0.0109151145707957 -0.0668777493592543
-0.0163356318885528 -0.00598499668771949 -0.054753169125882 -0.0525100472257124
-0.00867249021735397 0.00311831898678992 -0.0753190013829106 -0.016456352722263
-0.00758529649344769 0.000660566111677079 -0.0668876009080604 0.018790966464231
-0.00844776458310447 -0.00109294025796683 -0.0484478596960016 0.0331608387984934
-0.0056415424168378 -0.00216506661675737 -0.0384409265755799 0.0296624881180995
-0.00220770080355188 -0.0042016068003423 -0.0405263292561742 0.0297400589247338
0.00452012188706293 -0.00903175995996841 -0.0503012583331013 0.0316195564748186
0.018595986235345 -0.00660436760873068 -0.0674702187136433 0.016436949635222
0.0244400895589317 0.0165585661721275 -0.0789522331314603 -0.0121547082391408
0.00354398856257667 0.0328269322942316 -0.0852954639473916 -0.0150662536011701
-0.0219117372737766 0.0351680372016915 -0.0895481393750578 0.0082864202127228
-0.0380406795376431 0.0301984579947975 -0.0658811601368683 -0.0188476393166046
-0.00395440205414956 0.0247757872178389 0.00933458409683804 0.0118025145711617
0.00961538418200843 0.0186980937243707 0.0454076913021839 -0.0473448356466422
0.00777141025630647 0.00643502350845378 -0.000303165311819651 -0.0798611034448508
0.00719966342466228 0.00288031783426097 -0.0556669862373457 -0.0644890905864282
0.0115290738749837 0.000181915479726031 -0.0772977057896407 -0.021803714171296
0.0122681296635297 -0.00817588425855619 -0.0678493242161995 0.0154378639520357
0.0116215251577926 -0.0128535683062232 -0.0479640787068841 0.0313675938917101
0.0158609992945821 -0.0117704956972874 -0.036579885093252 0.0290144025135493
0.0185726979481915 -0.00233943100791559 -0.0344346343910365 0.0292595491040412
0.0240163379869699 0.00607212303046117 -0.0427783938850364 0.0334378868050832
0.0216130051841542 0.0236963970845712 -0.0592105193650389 0.0247432236940753
0.00621709755464185 0.0450984214389175 -0.072137712257946 -0.00255872981797963
-0.0283085219980892 0.0426129133684659 -0.0789533069405582 -0.00561020610304737
-0.060049136436655 0.0319302494382546 -0.0790563431396871 0.0102498447484466
-0.073074551169854 0.0245925554278827 -0.045131673292293 -0.0221559293895558
-0.0396128071058958 0.037972552406416 0.0256440950650515 0.0163130147043157
-0.00893593604904701 0.0528534162976074 0.0678746156612686 -0.0469594985327681
0.015235379298392 0.0387243338303438 0.0185569038284303 -0.0891724091743647
0.0312433333446467 0.0171633551874237 -0.0474404216064162 -0.077332372113646
0.0322322942009231 -4.25310404359456E-05 -0.0707709610979812 -0.0292153503433942
0.0315421627074166 -0.0152649187777647 -0.0608590197411208 0.00819338070398152
0.0299655244307174 -0.0234629254459588 -0.0406192169076428 0.0250460957219375
0.0345020416686703 -0.0216509915636816 -0.0269550330277023 0.0249167416123638
0.03594316547037 -0.00368161116335382 -0.0210418167111683 0.0276793212702166
0.0416070333458669 0.0135339203601746 -0.0288203453669126 0.0368839425932485
0.0302988079000197 0.0451379863896377 -0.0466395640047813 0.0357940994241769
-0.00144608422247951 0.0684241146416382 -0.0636299710992969 0.00949131910663154
-0.0498343753238586 0.0529211550341127 -0.0697033309237366 0.00167034562073059
-0.0874556654038838 0.0285141545049824 -0.0581201749437316 0.0117631434455431
-0.0964843955886569 0.0123008367865578 -0.0150130213391032 -0.0219407559508167
-0.0734680668592469 0.040055279614939 0.0463478136121 0.0231366142186409
-0.0338238192950176 0.0782146707221414 0.0912920985769743 -0.0382422789645694
0.014780239912743 0.070260230409843 0.0436007729137105 -0.0897293168394736
0.0503126837788675 0.0343102951419654 -0.0297258456876243 -0.0856306532433277
0.0499368681881436 0.00200428946744112 -0.0558431774302376 -0.0362517315984334
0.0468791845452314 -0.018442981404731 -0.0463831300042457 -0.000805030509557336
0.043908286710788 -0.0307904454648094 -0.0265529447615208 0.0149365071360335
0.0472637970089688 -0.0304054957984181 -0.0115076944379384 0.0177372275516625
0.0473677265749245 -0.00780376710354301 -0.00296514629812352 0.023544495845091
0.0540449000126638 0.0148160787437225 -0.0110753153693976 0.0383218365839857
0.0384996468335082 0.0563496802946596 -0.0311270453083207 0.0434768067499587
-0.00355218691770403 0.0824794079378938 -0.0532615771505942 0.0195647902425284
-0.0608982326973573 0.0583902558198746 -0.0575860692096107 0.00399390643885934
-0.101749329287088 0.0228071247559709 -0.0312978480758735 0.0108467215508591
-0.102936829949227 -0.00289677310712079 0.0199278364561035 -0.0182045685524053
-0.0955729491946386 0.0291786049816833 0.0664618103929309 0.0311600226276262
-0.0586302200435804 0.0862078458646399 0.108692835720904 -0.0217042986429503
0.00414758891821518 0.089764046040775 0.0671502324875119 -0.0778182085871202
0.0572476997211499 0.0496842034204522 -0.00540524930985184 -0.0840340866378081
0.0601809836266343 0.00692647428771261 -0.0329906959446335 -0.0406165192234776
0.055708229298637 -0.0182260393236481 -0.0254960293903369 -0.0100446398517535
0.050937067507436 -0.0335113715757816 -0.00921577568627079 0.00300523299660281
0.0530191039040074 -0.0348719968357073 0.0063856823065167 0.0078992061605223
0.0526476259777812 -0.0115920756617362 0.016166725077433 0.0172941658545006
0.0591810758794548 0.0134866211785887 0.00720727453881163 0.0375250830082804
0.041143666166385 0.0601764364178607 -0.015672824949009 0.0475895592070641
-0.00677083893232511 0.0857314939944358 -0.0420915839656195 0.0264123773396582
-0.0654285608533764 0.0554145315877932 -0.0456489304399797 0.00222689248736101
-0.10269717553289 0.0122130580136516 -0.00236729334801712 0.00859110158394204
-0.089975432515437 -0.016884468887654 0.0527990663469399 -0.0107681557541078
-0.0967910580910082 0.0106262422551758 0.0826836873732054 0.0372552445505993
-0.072921834336454 0.0744745208958282 0.114097852886734 -0.00238819800562116
-0.0102067859606554 0.0913365976604647 0.082487307588472 -0.0568679670826673
0.0523889129369646 0.0565468567574023 0.0185808800484307 -0.0725069985726743
0.059736687834692 0.0104582477124859 -0.0077933023322043 -0.0397122605647816
0.0547225173880558 -0.0158983739061629 -0.0030264241806359 -0.0177551309474228
0.0506026829942957 -0.0312590032914346 0.00885958966600443 -0.00906277524149885
0.0522319653045486 -0.0339177449752304 0.0246832625784697 -0.00314956238035952
0.0520936510129222 -0.0122359454058701 0.0341970149900727 0.0102448428086614
0.0576421603733712 0.0128959332678565 0.0242696044642444 0.0358903997662602
0.0369142343380694 0.0587704471533845 -0.00177327924556518 0.0491921457995899
-0.0125166347734168 0.0806334168702284 -0.0323407042019335 0.0306731125993847
-0.0666351576208348 0.043573040292895 -0.0345631031322529 -0.00132508852795308
-0.0907986269680011 -0.00214123854145158 0.0246783142849158 0.00666045893604401
-0.0602915097103671 -0.0262884263135577 0.0770426813426298 -0.00322552601399884
-0.0778763067211865 -0.00861374685370499 0.0913691193555712 0.0398265789133062
-0.0691896962727766 0.0492928847263712 0.108329176713012 0.0130042380301702
-0.0195546728912204 0.0735550975272327 0.0863057914301997 -0.0347916874362077
0.0376878374303023 0.0509321766590704 0.0368568240501488 -0.0555701219613893
0.0485787129991535 0.0111292739089563 0.0147301653943389 -0.0356676907675926
0.0451066707038603 -0.0115660436931094 0.0174750498796837 -0.0235457523882193
0.0427636362851962 -0.0250797645653574 0.0255326785075231 -0.0190876536099418
0.0440658010711736 -0.0283283128876691 0.0411323552078918 -0.0126541153932557
0.0457283891233533 -0.010307233955934 0.0501482740416022 0.00573788390096258
0.0500239028227576 0.0120870222014243 0.0386752726561734 0.0364219799033346
0.0278664286804011 0.0528598673165591 0.00769314919506313 0.0514007169565099
-0.0188867500868656 0.0677432375628421 -0.024847808211688 0.0341384040979804
-0.0626994879485987 0.0267310224024933 -0.0236186488290625 -0.00289622143877408
-0.069291801396955 -0.0180182096171979 0.0476815228682171 0.00812285118292169
-0.019413355854094 -0.029267408630186 0.0884422475688746 0.000306302330164642
-0.0434526586017991 -0.0212192148019003 0.0928653215057153 0.0343963499287539
-0.0477356886974838 0.0199538239542174 0.0952021541325163 0.0185736391387187
-0.0199681774264741 0.0428545246371129 0.0806310279137428 -0.0195063521484424
0.0193679165157481 0.0340435542626327 0.0462991398950036 -0.0405158501496484
0.0302390802193674 0.00818090963925334 0.0298670559017589 -0.0316615135060609
0.0280983734387407 -0.00667388672953667 0.031640002142194 -0.0274217334988412
0.0275126051612316 -0.0151716086739203 0.0373080296420545 -0.0267879898577198
0.0299271449583304 -0.0186121984060852 0.0539286630473236 -0.0196228167795206
0.0337920759183065 -0.00701643901560073 0.062562100165435 0.00371279979104791
0.0368850932557248 0.0103133185256424 0.04991082044203 0.0396610807796633
0.0165656731765513 0.0407559633190464 0.0137527021275988 0.0556884368952271
-0.0218920267712682 0.0473757926599552 -0.0223188758319985 0.0384134002931105
-0.0504867614246461 0.00716247731695609 -0.0155934737239 -0.0029738377062349
-0.0383419396282529 -0.0308415743857799 0.0643098430388053 0.0132971549675364
0.00977305683008949 0.0275522813215315 -0.07389004661715 0.00947415842531096
0.0270509371248762 -0.00364007125705964 0.0025276237877154 0.00886346676952302
0.0136452075273826 -0.021180973723539 0.0152169219436591 -0.0471411141940181
-0.0108128602509228 -0.0178690117834666 -0.0291560964516435 -0.0592770220702681
-0.0168313564558946 0.00047413882709405 -0.0667331649963971 -0.0329634869037156
-0.00693607462270094 0.00524368782060311 -0.0748276805314659 0.00871604052796815
-0.00668167369977624 0.00334615315143211 -0.0546080485208854 0.0390467176217136
-0.00754945716855811 0.00194561553431638 -0.0327661103365623 0.0455353915022963
-0.00534496845647507 -0.00043705682296359 -0.0262581091357667 0.0389488281495502
-0.00294045724245358 -0.00318995968593022 -0.0278803687913771 0.0398110797886395
0.00155351297706916 -0.00908347557869358 -0.0353097768803547 0.044512804747597
0.0144733104111361 -0.0110367246762751 -0.0569038831848807 0.0358909633252606
0.0266771854521114 0.00779786286859216 -0.0774518346196804 0.0119726564928929
0.0137567134560639 0.0284109176249123 -0.0828782738733824 0.00975730780473247
-0.00900566866420248 0.0384664173029244 -0.0783811347779369 0.0318252006859364
-0.025950442410027 0.040848923550877 -0.0658721010248714 0.000921459716361291
0.00409007807573961 0.0233409061950373 0.012548882232347 0.00667722585190801
0.0142541563151847 0.0135843361524444 0.0266934513828538 -0.0580378382134144
0.00847849742902447 0.00378567962910939 -0.0255290067993677 -0.0735680344790584
0.0073240821712346 0.000949842216557574 -0.0719117519889911 -0.0429240041404558
0.0100603991755483 -0.00386041795318919 -0.0785094414967198 0.00549099659264894
0.00856406471041477 -0.0113105296244819 -0.0566567031933936 0.0365654044868467
0.00661662414623763 -0.015089120560394 -0.0325659998763377 0.0443015939883464
0.0113286803123826 -0.0160161040288771 -0.024329970598824 0.0383355141055228
0.0173997270950461 -0.00777004653468828 -0.0225745838204076 0.0380281806586739
0.0239773236021943 -0.00137291841491246 -0.0284016043005977 0.044431094774296
0.0268094929074323 0.0158014443783299 -0.0473492197168645 0.0404893281560906
0.0184466531785819 0.0396829025234188 -0.0674433964655688 0.0187003917935461
-0.013121932902808 0.0470464499626076 -0.0737094418206413 0.0174473118687541
-0.0458932763083421 0.0462364310384167 -0.0674581832560136 0.031185409525759
-0.0605510685152246 0.0470201689622727 -0.0471749545781713 -0.00913865838712252
-0.0248799265432287 0.0474501943709871 0.0289373848803967 0.00414683604174139
0.00818619732128921 0.0504882400175048 0.0460917058379656 -0.0657874563220153
0.0266946291273354 0.0305396708273131 -0.0125893258018706 -0.0883505054858497
0.0332803440675309 0.00575660517917215 -0.0691391919011757 -0.0555673827345538
0.0289438035917123 -0.0103976991203751 -0.0748438833142685 -0.00316419352237427
0.0245725277711625 -0.0238566505283384 -0.0531450801850381 0.0280788238405956
0.0200137188406845 -0.030535018768982 -0.027614691822222 0.036214088366404
0.0248008175795217 -0.0307648010582813 -0.0160789164133343 0.0318651773516003
0.0321869064451992 -0.0147919540163576 -0.0109980306378684 0.0326708891889348
0.0424833251177641 -5.50093997246186E-05 -0.0149534329767251 0.0436045004043953
0.04154520558946 0.0328286726951737 -0.0326991369862278 0.0463632554713483
0.0187753696354131 0.0632030034458339 -0.0562819437837917 0.0273599468337697
-0.0290081148181343 0.0630667994045687 -0.0628468823340435 0.0216800904762595
-0.0723448115238338 0.0518472887662058 -0.0479727314156092 0.027862034534308
-0.0864273167474997 0.0428559743265775 -0.0186665662782422 -0.0179249416017187
-0.0549454611746888 0.0604332857897459 0.0509967060588525 0.00322802189848752
-0.00516844199874231 0.0823595752428339 0.0693172821285434 -0.0672170342340175
0.0369512881159757 0.0592948535640922 0.00865872942626845 -0.0975169425714921
0.0560934866264908 0.015140241540343 -0.0566778954987719 -0.0679405729013472
0.0459935392762122 -0.0134384301818886 -0.0633478735293037 -0.0141100143406511
0.0376733818299406 -0.032093584826581 -0.0431565340550533 0.0154525238053562
0.0303215350152363 -0.0410572060986106 -0.0184961543794833 0.0230905290707465
0.0334036702728345 -0.0423824558703836 -0.00431011593250718 0.0204375874357404
0.0414631590304041 -0.0216385972184182 0.00400239467674281 0.0236545781566688
0.0541734613864345 -0.00296245217092132 0.00189652816515608 0.0397697323030739
0.0527539501583972 0.0404175100368906 -0.0162518637198286 0.0495060844506617
0.0215080126894003 0.0766853890219713 -0.0431558472465382 0.0336018953165582
-0.0375927143953909 0.0720096143597228 -0.0509700200590813 0.0210404395227847
-0.0875953891140347 0.0504410939543528 -0.0235777990103743 0.0203111480547061
-0.097886354494874 0.0308011302606918 0.0154882537188089 -0.0242463893426637
-0.0781200054600645 0.0579098294834792 0.0729597937449252 0.00374539961894063
-0.025109310110463 0.0975734938758772 0.0905030927307051 -0.0585635220481121
0.0344732422792659 0.08094063546017 0.0336188608212205 -0.094380233635643
0.0676698225696434 0.0263447660918898 -0.0344793724511198 -0.0740704909015832
0.0567486588777974 -0.0125908031705685 -0.0443432967855613 -0.0245012179741545
0.0455940276000283 -0.0345802728207305 -0.0276294456874636 0.000639797508869465
0.0361826249165296 -0.0457800041574498 -0.00649486719092976 0.00713554035050093
0.0371042654700207 -0.0481694054921558 0.00909187461878763 0.00573623907456818
0.04510765404497 -0.0265231771910153 0.0192713168142763 0.0118135526094963
0.0583226402590441 -0.00553585148368908 0.0185507612880409 0.0333486697005756
0.0560723628931039 0.0425210691093607 -0.000775184795598185 0.0487094806838396
0.0198950992987176 0.0806569581389315 -0.0307315490256336 0.0363694186864984
-0.0429268867291645 0.0703809742425781 -0.0405334984710957 0.0164350525786586
-0.0914543564049562 0.0414105140657295 0.00198733778698588 0.0100217331734897
-0.0898539843559132 0.0132619569071936 0.0484726721058088 -0.0273057814942629
-0.0859209363432587 0.0414050453945105 0.0908947911441051 0.00560874229399881
-0.0419497724293777 0.0915571069513259 0.102471507916792 -0.0428708915835719
0.0223916331597153 0.0865353066959268 0.0543908206223157 -0.0805698809761494
0.0654032952688349 0.0342302869791664 -0.00888233639645589 -0.0709114835480466
0.0573792495049326 -0.00956149007012328 -0.0207090988760085 -0.0319546720070395
0.0460329097063675 -0.032219775419889 -0.00996003049452805 -0.0143324444450377
0.0360083191152584 -0.0438684046420093 0.00633210792970826 -0.00962211885338364
0.0364464681536007 -0.0469889678120962 0.0220812249300506 -0.00970076899111206
0.0440164759083047 -0.0267610210003932 0.0345397922110929 -0.000182740155507973
0.0562984222699533 -0.00587402296861034 0.0334823036790135 0.0265689306334195
0.0519018641421315 0.0430648103348667 0.0128212828867024 0.0457209334459939
0.0128824663973682 0.0772205245085085 -0.0201942648614036 0.0376794441025711
-0.0472873392664128 0.0605616594154817 -0.0310529686322413 0.010532768327323
-0.0853189080437001 0.0252516826059977 0.0258011414570333 0.000920043258498924
-0.0650309934403728 -0.00490136007845601 0.0729391472604479 -0.0266484950444834
-0.0745841084233524 0.0179148299565353 0.0999225299531783 0.0065665296637612
-0.0464772000259731 0.0675950165945419 0.103344150994778 -0.0259711614460016
0.00812443039088568 0.0736195034947247 0.0658956508494063 -0.0610929841138659
0.0508991935179181 0.0334408896528385 0.0138132126437385 -0.0612281656232685
0.047821890337005 -0.00578349684521787 0.00107494124194502 -0.0358713993035815
0.0382450225951013 -0.0253044144771582 0.00682572980861829 -0.0265171607970219
0.0302860830493036 -0.0355757385936749 0.0173372808760237 -0.0243734815181035
0.0304546151093138 -0.0391168109083051 0.0342996490904057 -0.0239781805854335
0.0384271301205652 -0.0238350411551216 0.0473010542336855 -0.00917557489107191
0.0491374970606084 -0.00432123321276776 0.046637445891695 0.0222556674149701
0.0413564167977057 0.0395820983144683 0.022519881753922 0.0448518100223843
0.00401722991452419 0.066864731937297 -0.0125738224520647 0.0384405570684194
-0.048745857537465 0.0436910540365383 -0.0219644490424349 0.00563154656510972
-0.070137365876667 0.0044637976812654 0.0461959663250753 -0.00450797399249703
-0.0273626735390218 -0.0208731218839306 0.0835662788261465 -0.0248553355874212
-0.0470337725820143 -0.00570386663597193 0.099108415862035 0.003809962015396
-0.036123545037977 0.033531782162769 0.0942471398681098 -0.014960778665383
-0.00281257324329223 0.0455768732993367 0.0669507323790798 -0.0452103079802133
0.0286519601508956 0.0238407432812735 0.0287036907780257 -0.0516375437756318
0.0299383091696263 -0.00257032966763795 0.0166166424974274 -0.0376213859281122
0.0237310868434503 -0.0154475784476957 0.018796691244955 -0.0349899039160078
0.0199212271402345 -0.022123546930701 0.0257931105106091 -0.0357373365569693
0.0205956271519356 -0.0260479230195863 0.0434028602977204 -0.0337963997699948
0.0282935176859414 -0.0169118818099332 0.0579589597190747 -0.0147791121836811
0.0361996401935634 -0.00217888113343688 0.0577760973575974 0.0218038371195932
0.0275847612240426 0.0322969724213539 0.0288060408234333 0.0466080933731787
-0.00508621674491246 0.0490450499277405 -0.00838870226941604 0.0423395663640368
-0.0434195249775407 0.0222900936373794 -0.0151909267297072 0.00314011557381578
-0.0454360332449876 -0.0165076891700532 0.0619359266486168 -0.00485867704303208
0.00952889085755249 0.026182636388269 -0.0716434507158105 0.00998566358426897
0.0253920533358738 -0.00389460072726928 0.00329912275786588 0.00859709417337332
0.0125135970191926 -0.0200997813017655 0.015799209969135 -0.0468178273065937
-0.0106933599080829 -0.016463237322027 -0.0294341354553475 -0.0585189854615428
-0.0154082687995982 0.00118600583290185 -0.0658907582146107 -0.0318201770218672
-0.00649403179855481 0.00456236378859654 -0.0737994575812555 0.00962256950557006
-0.00648034899784322 0.00284037268383099 -0.0529194054906936 0.0381325538113389
-0.00699031234327294 0.00218262836648337 -0.0310688536342908 0.0439703938516771
-0.00467820864935691 -0.000538015306697666 -0.0253185084887079 0.0386211892582098
-0.00215022152908605 -0.00309500519350971 -0.026814306736094 0.0393530282353197
0.00196540226933144 -0.00855792175445006 -0.0339070893147262 0.0442799169400879
0.013491357827558 -0.00985351113368919 -0.0554165705743444 0.0359667593320295
0.0257103298842836 0.0073251713953909 -0.0764377268370003 0.0118104412921529
0.0130623571626947 0.0272949903245599 -0.0812490509446078 0.00843896112710869
-0.00838825364158528 0.0369037572293575 -0.0770199619605261 0.0299212332424887
-0.0251840640541873 0.0391589308785572 -0.0638047291914154 0.00143107918338914
0.00351112831679658 0.0227318719110153 0.0128274665854611 0.00618989823761849
0.013245427866958 0.0128968188107698 0.0262423783842834 -0.0574689419089963
0.00846272487548831 0.00470644375126847 -0.0250136590211149 -0.0727391821931915
0.00796605422457307 0.00204560235872078 -0.0711638694913097 -0.0416283873904413
0.0103491625179875 -0.00337322334361571 -0.0769436155730314 0.0055575820581134
0.00882726917910781 -0.0116178642961636 -0.0553193371619449 0.0362063187374633
0.00694425204385824 -0.0149287359139424 -0.0306526313817807 0.0428621116179564
0.010946451441634 -0.0162091968017251 -0.0230928520579107 0.0383615512933876
0.017651484625949 -0.00771458034350261 -0.0210851989172824 0.0378833754094364
0.0238381602870781 -0.000979644626589486 -0.0267963477728489 0.044378435629076
0.0256746531469785 0.0161706635852308 -0.0455913347536513 0.0403670627692192
0.0182611654218348 0.0385623677663545 -0.0673407561092992 0.0191516216383963
-0.0129629274093951 0.0462674687914518 -0.0724400859752165 0.0162239841057772
-0.0445880054954871 0.04477872934925 -0.0666910702267752 0.0300012370051736
-0.0588724921032172 0.0452654158838485 -0.0452625693901082 -0.00828106000136481
-0.0245405567598276 0.0461053097713253 0.029097828220506 0.0038573155184917
0.00772590854438365 0.0494848766640991 0.0452361926065017 -0.0653968228886974
0.0257154856411967 0.030493063534916 -0.0128538205661391 -0.0867189692576679
0.0333590700836691 0.00619580618957316 -0.068276751724271 -0.0541491451609224
0.0286473326491934 -0.010146374514639 -0.0735769774754381 -0.00244231644508325
0.024284078721589 -0.0234801920807421 -0.0513020840261377 0.0275368179371763
0.0193486950572087 -0.0298249048079507 -0.0260619502343409 0.03558647299557
0.0240703827278429 -0.0304872553045078 -0.0152961421751472 0.0314996268483237
0.0323992079658202 -0.0143620292992017 -0.0101058645604765 0.0324732076838138
0.0418359053467867 -1.86452693770687E-05 -0.0131466639605488 0.0436443384568591
0.0407644202530421 0.0328880407786317 -0.0315406344835909 0.0461031503604885
0.0185303305728385 0.06210536171623 -0.0558294467682977 0.0278122004956002
-0.029069064972974 0.0616924213806244 -0.0618169748891299 0.0210717376848381
-0.0709422660523251 0.0504689151201797 -0.0472323454523625 0.0267819750155443
-0.0846911290195388 0.0419214684434838 -0.0170189873113452 -0.0165730839221482
-0.0538949377237 0.0587987495567421 0.0506773728935589 0.00285756660926941
-0.00522213403686287 0.0801579303815611 0.0678992083545342 -0.0664679100351823
0.0361470933180678 0.0589801191743657 0.00818764370163284 -0.0952927996929984
0.055145499524892 0.0149329558809926 -0.0561023871434605 -0.0654873160211258
0.0452110670550642 -0.0134357372454854 -0.0618657916100541 -0.0127691885367081
0.0370321411504546 -0.0313021333314223 -0.0414282453190139 0.0155967373807802
0.0290345046658772 -0.0403933537899355 -0.0166411055592878 0.0229671610258095
0.0322423091266489 -0.0420091203872838 -0.00367423598634847 0.0204170342929857
0.0412292668514239 -0.0216283942523975 0.00472424965208352 0.0232157820056033
0.0529895588757662 -0.00296015043526767 0.00375147767149024 0.0396012569059356
0.0518584623956786 0.0401696285692754 -0.0147956618057975 0.0493242476379414
0.0211793314133596 0.0746140723773694 -0.0432759378022023 0.0341423624159029
-0.0372401233346049 0.0706000313207824 -0.050136868220708 0.0207250190602094
-0.0859129228224108 0.0493247892553916 -0.0235526145685757 0.019304566201505
-0.0956059039252552 0.0303261428227463 0.0158628932110426 -0.0228294998403893
-0.0771270124142063 0.0563902280354007 0.0721134733397183 0.00385974079196908
-0.0242356713539697 0.0950785070683875 0.0884854953970132 -0.0582268196811265
0.0340777907994909 0.0795795301518429 0.0328059185873026 -0.0928710287404382
0.0666107280582679 0.0255753306590463 -0.0345846220641733 -0.0717841558863393
0.0556482577736161 -0.0129474666097223 -0.0433307234784472 -0.0232347274277681
0.0451276342874915 -0.0339060113011045 -0.0268658361815929 0.00056380414465197
0.0346026971728666 -0.0454574343334083 -0.00536795996661358 0.00692935573919258
0.0360384118694435 -0.0475387259737949 0.0094287037647769 0.00536426890224709
0.0441843120709632 -0.0259173436203627 0.0199769501576448 0.0117895492249693
0.0570714064375149 -0.00539296803333766 0.0193757890160231 0.033201627608814
0.055132914482623 0.042115274647456 0.00054738195637118 0.0482862429741227
0.0200436650142619 0.0785107135264094 -0.0308096809194791 0.0370751666763539
-0.0422408136781329 0.0691313883930509 -0.0397863780291616 0.0166727904013142
-0.089612475262402 0.0412171008288272 0.00177158788262739 0.00955086568322366
-0.0877525909355248 0.0139670756203813 0.0480750125100478 -0.0252432303834951
-0.0841910076162797 0.0402847791535203 0.089486475803014 0.00589949039273005
-0.0401808654678305 0.0894590757908597 0.100516217255138 -0.0427997680275407
0.0222739698686963 0.0848526196354829 0.0531791959924901 -0.0789992100736137
0.0647439479433514 0.0326875756417168 -0.00951162217244718 -0.0691065383416584
0.05592800341281 -0.00993654799398921 -0.0206563689711224 -0.0307007578698821
0.0445728940410758 -0.0315260404154681 -0.00909625755500627 -0.0138363655377371
0.0344530432737125 -0.043178981371341 0.00645254390811887 -0.00952194454536984
0.0348791382231665 -0.046263601171544 0.0218506030400163 -0.00994825082084181
0.0428165556446763 -0.0262980801395551 0.0342348731536751 -0.000176189279003343
0.0548705577448853 -0.00625156099865469 0.034064988518655 0.0261751166004594
0.0509377550862854 0.0422267112220506 0.0132841666683664 0.045519292056543
0.0135781718991586 0.0751035232783982 -0.0198944708806518 0.0380531938691045
-0.0457041654866662 0.0592996728381372 -0.0307727761932058 0.0108904732168543
-0.0834079966936267 0.0247915702074847 0.024796040838399 0.00042745768215586
-0.063699281660519 -0.00408192254996761 0.0717768753559686 -0.024411366651072
-0.07342613067365 0.0178349544773505 0.0989158366348873 0.00700755713958304
-0.0447554563518839 0.0663235924183795 0.101411440301102 -0.0266263215808678
0.00827454722886305 0.0721090974192301 0.0644636756659794 -0.060569278057746
0.0501938328957287 0.0320725309736136 0.0127876326021285 -0.0600384080288433
0.0463412286672915 -0.00639126080372441 0.00116441612628248 -0.0348459156553564
0.0368719003574297 -0.0248087695453505 0.00679080703130634 -0.0260162498525411
0.0290256629291797 -0.0348574574273174 0.0168138488298747 -0.0239612242495152
0.0288057589971372 -0.0386639924639784 0.0334914770370031 -0.0234267801838859
0.0370072352666513 -0.0231669274749502 0.0467113685489409 -0.00938436728268677
0.0476714233210224 -0.00465912647041995 0.046782052201035 0.021665087835933
0.0411186412722453 0.0387129838916234 0.022685381814748 0.0443993856282461
0.00455870188131512 0.0652293461141155 -0.0126002942423005 0.0388833093766239
-0.0471084278493502 0.0429806232703917 -0.0214487774854643 0.00638863563353215
-0.0687184908224606 0.0050096797780776 0.0448603767317193 -0.00450297601697309
-0.027282854051282 -0.0197003183852433 0.0823282003373288 -0.0232357183639797
-0.0458002385947317 -0.00493867930342257 0.097421085919 0.00422962822541987
-0.0343949548480486 0.0331858897449022 0.092721033375405 -0.0154339097066082
-0.00212613554011832 0.0446203313331151 0.066124800849999 -0.0449724071689833
0.0287770094740689 0.0223217993116614 0.0271714723687293 -0.0504800930100005
0.0288581638404956 -0.00330846196388126 0.016110980834381 -0.0365107780274627
0.0224259266186026 -0.0149408961220824 0.0183818547007672 -0.0344782668785013
0.0188310997597034 -0.0217132807024536 0.0244643526135812 -0.0348892327545161
0.0194659713396049 -0.0255490947223218 0.0422366084273395 -0.0336914375712215
0.0272792055311879 -0.0169850236378651 0.0570807298340335 -0.015432515099817
0.0350833694464391 -0.00250428908662949 0.0572475351128058 0.0206987082753602
0.0272012599807146 0.0309082637006847 0.0288591821260023 0.0466019390256088
-0.00409361089215314 0.0476548432257655 -0.00837962076351878 0.0420876639361507
-0.0415962440585918 0.0220721951321359 -0.0146672515121977 0.00392546171804237
-0.0447605689297618 -0.0155087258143797 0.0602045015723857 -0.00500105159355926
0.00941665050945626 0.0253868615411244 -0.0711262042288412 0.00959329816020416
0.0244350218734084 -0.00451984626596571 0.00404038955113061 0.0082501792460098
0.0118930115326134 -0.0201481898073241 0.0157215822571541 -0.0478222622251065
-0.0108927366298034 -0.0157493756192944 -0.0298767468616387 -0.0590410104836356
-0.0144419396181339 0.00178605404430763 -0.0669591824724311 -0.0319030477251702
-0.00605142485167634 0.00473563096360577 -0.0738321081096645 0.0105376173433532
-0.0059199728280165 0.00255834631196867 -0.0521910615454925 0.0383313303119487
-0.00675215971454894 0.00219175649907035 -0.0299047701087374 0.0435215626414966
-0.00470925052787514 -0.000469740072063056 -0.0249512263222743 0.0393110735545593
-0.00142167440934103 -0.00277197501243479 -0.026203688057714 0.0400324579645638
0.00234156668588772 -0.00824065626346355 -0.0328356414727633 0.0445728523140154
0.0131169170018216 -0.00960888581429866 -0.0551726748516363 0.0365854282477987
0.0248915938807803 0.00681332782233416 -0.0766663259104673 0.0128002882370185
0.012718468138965 0.0265294425426893 -0.0815436656842396 0.00785270880236591
-0.00782599934239898 0.0361664058241424 -0.0771436363982681 0.0288629529229027
-0.0253609733090211 0.0386611845942866 -0.0627678611242825 0.00212648705674172
0.00278202963601652 0.0221604320793374 0.0129017790429027 0.00644098930477818
0.0120190104227333 0.0131623083269713 0.0265836068146045 -0.057286030932233
0.00794177459842224 0.00549022209457705 -0.0250259319846517 -0.072287780887648
0.00866492754789767 0.00241043494568347 -0.071477906732821 -0.0411128629794495
0.0109168158487549 -0.0030974517653581 -0.0769072901902227 0.00619394890341273
0.009446653578494 -0.0113244871252269 -0.053807931587711 0.0363047150789924
0.0066794729521038 -0.0150274467651837 -0.0293853869028575 0.0424482168357783
0.0112638196726006 -0.0159922759497157 -0.0223800951445601 0.0383201113895914
0.0183553113709405 -0.0075647126977797 -0.0206993351994987 0.03809310011659
0.0241454865554841 -0.000786715513606798 -0.0254545386332658 0.0446269853394241
0.0258429164785936 0.0167397116341169 -0.0449788539293468 0.0414453545131465
0.0175561046184758 0.0382559842398347 -0.0676965194645068 0.0198156216948567
-0.013562732228377 0.0454280785817882 -0.0730536425473998 0.0158989939439602
-0.0438694271447914 0.0441350043619275 -0.0669136972855065 0.0288827117684059
-0.0584283350240375 0.0448903518155588 -0.0443994870109065 -0.00743551887489468
-0.024897663635807 0.0452730903481205 0.0298512236314782 0.0037588793799959
0.0070811863795877 0.048898243985704 0.0450297191581732 -0.0652707000084497
0.025639784799863 0.0313514860042819 -0.0126446832111293 -0.0868417947165653
0.0335394847161954 0.00656645150254671 -0.0690678272427117 -0.0527821657260831
0.0287034957490766 -0.00995181579448633 -0.0733349515098119 -0.00156999464877249
0.0245116413402827 -0.0234653271853289 -0.0506606361213357 0.0278229105388178
0.0189922544591302 -0.0299979262012961 -0.0243650630719559 0.0351714326468814
0.0236415307353986 -0.0308214079424299 -0.0146602841403591 0.0317236600855504
0.0328799011392016 -0.0143938914893113 -0.00867978407111398 0.032693256374062
0.0418944184075441 -0.000172031135830883 -0.0115404632439953 0.0438863402265321
0.0404662176734983 0.0332079817656111 -0.0302546498979697 0.0470563909015958
0.0181736262350611 0.0614469191657117 -0.0564243825279376 0.0287544849130816
-0.0288364026678458 0.0614701690918317 -0.061740623342532 0.0207831847964778
-0.0700564452942486 0.0500978086150117 -0.0472751822115098 0.02587426118897
-0.084032158861536 0.0419588134233413 -0.0164534501425013 -0.0158265300551461
-0.0540400415381678 0.0584294055743176 0.0510783098705459 0.00250025072373747
-0.00531862455406695 0.079426831800396 0.0675978110091735 -0.0668852467058802
0.0359311318167463 0.0590679394189669 0.00795854993049336 -0.0953215996164909
0.0556583015421718 0.0144363611759343 -0.0568634440068617 -0.0645830865395585
0.0453324350540182 -0.0133514337293014 -0.0617957123255721 -0.0121717000636742
0.0372381742533759 -0.0314274222494332 -0.0403872783121221 0.0154434720527917
0.0287977071229606 -0.0407913106286334 -0.0158136993187521 0.0223892504681933
0.0312470390633668 -0.0423700430962764 -0.00286897947582697 0.0199216585570031
0.0412582347875196 -0.0217535890330089 0.0058221552517077 0.0232486321829705
0.053273171233173 -0.00284547316791807 0.00519117465022961 0.0403010123013301
0.0516643551954408 0.0402954895285349 -0.0136705409502006 0.0498491628932056
0.0215947642283396 0.0742571066886598 -0.0432811485606764 0.0357990172754662
-0.0372021780616337 0.0698913196319699 -0.0501060011846484 0.0213198378183911
-0.085218358247838 0.0501073767629216 -0.0233132368543079 0.0188552864959964
-0.0946738214106719 0.0303551465866426 0.016579243759943 -0.021921141198354
-0.0769517475308729 0.0566421041293077 0.0725768714158267 0.00380976178836849
-0.0237588524461776 0.0946092016044706 0.088605926330817 -0.0585990204049809
0.034106903343167 0.0799788204590991 0.032353996302724 -0.0931413068298676
0.0668544652068825 0.0250335300105984 -0.0354944756756299 -0.0706152168128533
0.0550896974631527 -0.0127718483928054 -0.0429684027309641 -0.0224807249148647
0.0447912684134893 -0.0343691968320144 -0.0259022046772872 0.000711068922150668
0.0336747419076817 -0.0454814201458418 -0.00443562105792226 0.00691485037696122
0.034891949601831 -0.0473661867557715 0.00993994515436669 0.00533449483051573
0.0446588669280394 -0.0258441490068898 0.0212326698963659 0.0112536439729025
0.0568926939309657 -0.0056853620642786 0.0213301692251796 0.0332528712198895
0.0550751494004326 0.0423895143510654 0.00141540284527965 0.0490190463294416
0.0204127736778449 0.0776181349819683 -0.0309305629040884 0.0385457803414736
-0.0415469105388141 0.0689400690704218 -0.0397710729855117 0.0172055075854511
-0.0894114312241926 0.0417249739925403 0.00158126508195372 0.00948966577197775
-0.0876355570305742 0.014231575707143 0.0485606796627713 -0.0237658709338818
-0.0842203150410672 0.0405998434215223 0.0900147675513251 0.0060524650458831
-0.0391086720747265 0.088804788419404 0.100201654159443 -0.0432764456204646
0.0226287095086145 0.0851899751059941 0.0527310310501551 -0.0798883395206858
0.0643367363869972 0.0316556963158649 -0.0103823330672149 -0.0681276556686027
0.0552950670876875 -0.0104776324236361 -0.0201983071267671 -0.0303269966783861
0.0444362709715912 -0.0314008307685407 -0.009148323348382 -0.013856169748857
0.0332448299147509 -0.0434927558708991 0.00680829956581699 -0.00950681356098745
0.0329548987003795 -0.046086487043037 0.0220612252107603 -0.00998265003859029
0.0424076738196792 -0.0265026163400906 0.0348842585635065 -0.000600477619013974
0.0544889665963923 -0.00666375361439449 0.035652835232179 0.0262612182752342
0.0509586137741957 0.0416836653924938 0.0145249160567425 0.0463949167282247
0.0142852841944818 0.0744144048515747 -0.0201798368239449 0.0394204481109289
-0.0453432225634097 0.0592256797521958 -0.0301686778784435 0.0114966066075846
-0.0831925252021482 0.0258234145047697 0.0243063517865106 0.000201075289305758
-0.0637330087585041 -0.00332236881805017 0.0721853983386029 -0.0232203002244794
-0.0731670568883279 0.0181749785291675 0.0988084319805842 0.00719135325812898
-0.0440042486822454 0.0659126477338496 0.101513160564759 -0.0263453124652949
0.00879725111932054 0.0718374126031667 0.0642103934598429 -0.0613240138845167
0.0503289122170177 0.0308154134484347 0.0119854837586621 -0.0594105616622883
0.0452900352210458 -0.00710013931389787 0.00106990618330595 -0.034502018579861
0.0360874955275704 -0.0250729625155756 0.0064779823279574 -0.0258023006793668
0.0281401506642493 -0.0352149018933143 0.0172982176013232 -0.023828595106271
0.0278383932986594 -0.0387284816017395 0.0328617789269811 -0.0235405334620601
0.0366089890241258 -0.0238080613578892 0.0466574819820352 -0.0102804042322752
0.0466730173689985 -0.00520065435100297 0.0480035110916424 0.0216231420872033
0.0409938089072144 0.0384772523869028 0.0238175409688828 0.0450500868081177
0.00507420891215095 0.0645955401535432 -0.0126172353691265 0.0401187346231845
-0.0463083830267524 0.042702321923375 -0.0217462590262638 0.00703444993013348
-0.0688645726596451 0.0056334580940071 0.0444447641799899 -0.0048362954322049
-0.0271299563818934 -0.0194071926992752 0.0822524152689647 -0.0216739380884738
-0.045558665864875 -0.0044534047778579 0.0979802398250174 0.00476769299840295
-0.033445753853384 0.0329167877967566 0.0928279255156886 -0.0161962060328625
-0.00143603392479916 0.04438725121375 0.0655417710206789 -0.0457064722163595
0.0285062044683787 0.021194518062179 0.0264884391401264 -0.0503653969192792
0.0279186592790484 -0.0039644258840409 0.0155469555424787 -0.0361501250422047
0.0219809004197043 -0.0147111184483951 0.0180206615719117 -0.0343388934599677
0.0176757498711032 -0.0219474104174834 0.0236574027409292 -0.0343786612247256
0.0182214577470842 -0.0252474373665494 0.0417475539883899 -0.0339387971759751
0.026178173971598 -0.0172415455504453 0.0569227319618887 -0.0161995311470057
0.0342873591857254 -0.00370858967413654 0.0576946487131892 0.0203593353930501
0.0269902783116024 0.0308492253686173 0.0296222200212005 0.0466395062069607
-0.00324448761725898 0.046996279103121 -0.00820532404227385 0.0431184414178508
-0.0410341283201897 0.0223569480311868 -0.0146990113284544 0.00446446332898395
-0.044651034547033 -0.0145384803814455 0.0598594212870233 -0.00548108339974497
0.0101988835466148 0.0243772931127742 -0.0708772883238462 0.0114882563723649
0.023843877143486 -0.00502473951020382 0.00506760848101231 0.0080442189396647
0.0102445203969004 -0.0196590791933403 0.015489902809748 -0.0490487462794446
-0.0115841742911503 -0.0147314607402467 -0.0313196092928242 -0.058680287554839
-0.0136017903986608 0.00266795794074589 -0.0687938834534711 -0.0299681012937555
-0.0052793454767215 0.00489357446323994 -0.0744904592317801 0.0127696851101475
-0.00572104115393452 0.00238271113297535 -0.0513494604925836 0.0394772570153224
-0.0062223386444253 0.00205843698209191 -0.0292172954553093 0.0438892940894708
-0.00428528114938272 -0.000778692399523799 -0.0237373835921078 0.0403378576925036
-0.00154287787203375 -0.00326217828461528 -0.0248405160183106 0.0410461066993909
0.00240966562072706 -0.00838819566627991 -0.0311608278568073 0.045415732216574
0.0124175687835983 -0.00936608549889763 -0.0537287761121557 0.0384090042879038
0.0245086175579852 0.0057937203464055 -0.0776253630337362 0.0149291960796586
0.0131887768490021 0.0260200892837979 -0.0821083112695895 0.00865011111430171
-0.00665695786147022 0.0358175398781386 -0.077804411690152 0.0295342806214268
-0.0242501664482124 0.0383290661294605 -0.0632797589198308 0.00377330770851146
0.00241601351943253 0.0218428451075845 0.0142077785693783 0.00568156659577674
0.0114304312187615 0.0134789061744936 0.0257761851107395 -0.059062655016836
0.00780643079265802 0.00604625664666277 -0.0274609836779525 -0.0723523067826173
0.0093521392196947 0.00272517305736511 -0.073489689081941 -0.0386450836132015
0.0115550055807983 -0.00353542006336998 -0.0769232646929124 0.00886881134041103
0.00970573867036413 -0.0118889916616154 -0.0528104147387303 0.0374019144662169
0.00689900131135172 -0.0151365925789021 -0.0276983304782035 0.0429441914371224
0.0109482859400937 -0.016809376909736 -0.0207132996596089 0.0391619495059966
0.0183905161310685 -0.00822413838267945 -0.0189439123961836 0.0392060848883028
0.0246858076305802 -0.00127150660108725 -0.0234697056177346 0.0455510971944593
0.0259321598973058 0.0173072867310517 -0.0435001730424759 0.0431183721051318
0.0181350704461608 0.0375719510144742 -0.0683397519665773 0.0221711053052337
-0.01276036004525 0.0454586850983637 -0.0732818156621459 0.0168598941893206
-0.0429386580520851 0.0449060105258554 -0.0668792242352769 0.0294167848014911
-0.0573939092770539 0.0458895952643487 -0.0443952229144909 -0.00655266753129887
-0.0246619393698278 0.0453170642146682 0.0304704403251601 0.0028876291132649
0.0078002432398866 0.0490465829770464 0.044087511070475 -0.0673743805340211
0.0262850885513651 0.0317742621943047 -0.014607759262898 -0.0867608219366201
0.0345865313766459 0.00573770695457907 -0.0711116242245494 -0.0507029305180268
0.0293188370159439 -0.010747764945451 -0.0735823553436393 0.000582755430363591
0.0242683344546699 -0.0244746641365091 -0.0490527622041152 0.0294044155478757
0.0185394685185646 -0.0305995109127448 -0.0228603367733617 0.035484075869968
0.0227827154404637 -0.0315999221515129 -0.0129075022877595 0.0323283071988461
0.0330034396172549 -0.0151099831169885 -0.00735332883565156 0.0333750093814365
0.0425398432049475 -0.000798385176231118 -0.00939870865461295 0.0450660025177906
0.0415515588086886 0.0330028649916918 -0.0288429626069051 0.0486813717744331
0.0195298482708737 0.0612051299051836 -0.0564873526170663 0.0313114185877806
-0.028212124606377 0.0621145065109845 -0.0619978243050418 0.0220707857161435
-0.0689473699676888 0.051744617712763 -0.047380208207954 0.0263984578746848
-0.083095413847887 0.0432652542193227 -0.0162810853490511 -0.0146861449793164
-0.0538127603678439 0.0597479279692847 0.0521928797139404 0.00166867319827205
-0.00369660693028012 0.0795478066559609 0.0665250164700081 -0.0693164022969836
0.0374708280835223 0.059481668221054 0.0059767233121253 -0.0965117561621282
0.0563792457125796 0.0131423491057733 -0.0593561244638502 -0.0622869451676691
0.0452658514676065 -0.0147813720834224 -0.0624133061685469 -0.0103350777059817
0.0369949790964971 -0.0325430092226979 -0.0396626299995288 0.0165711414240116
0.0272475970883679 -0.0419169658272764 -0.014628043770844 0.0226634388908653
0.0300527536984962 -0.0434078888304054 -0.00144851370278829 0.0203503403358036
0.0417287059102122 -0.0224910129811618 0.00728393657671783 0.0233023584458895
0.0532820945446255 -0.00419522113179366 0.00723728071823252 0.0405044920095987
0.052998775037159 0.0396434448461214 -0.0116330482252354 0.0514589713033364
0.0233486767553159 0.0738750193468802 -0.04338591380558 0.0379051578045337
-0.0359212278209523 0.0706768943335614 -0.0506048346906577 0.0223971063744184
-0.0841897579828527 0.0519089730439286 -0.0235284640342685 0.018774753779511
-0.0943635342857802 0.032960657873835 0.0170069812492892 -0.0210620460484402
-0.076283065447562 0.058326615119725 0.0735514990159267 0.00239743260973808
-0.0215187504252431 0.0949471963659795 0.0876470505174174 -0.0613166612095301
0.0360111396422432 0.0800201191403128 0.0306511118635424 -0.0943437588740342
0.0672777880955283 0.0230517130052841 -0.0377042727045471 -0.0693244999087014
0.0551549399931753 -0.0145354723241255 -0.0434846234464465 -0.0217126574212192
0.0440741012286597 -0.0357622510359227 -0.0256798649236926 0.00157261005608469
0.0321951507899588 -0.0469694771359627 -0.00369068011943416 0.0069088928987802
0.0327734429301959 -0.0485835815281768 0.0108441800923446 0.00506797376478084
0.0443255282871507 -0.02708981639244 0.0220640916520265 0.0108924876701532
0.056679454584316 -0.00703736301390337 0.023254265446867 0.0329289061839037
0.056691268792929 0.0414932119974258 0.0037251250478047 0.0500257894524688
0.0225934352779206 0.0776407386861456 -0.0304198899122426 0.0407884155094371
-0.0405238069004183 0.070457932108659 -0.0398627416493949 0.0185385948705379
-0.0884997728784779 0.0442025257103553 0.00136416978627569 0.00904798627272347
-0.0874065783253077 0.0162293798138167 0.048611015513535 -0.0237661127621049
-0.0839827808123824 0.0425638332570604 0.0911785282762695 0.00407205559448666
-0.0372596842847108 0.0898318042019876 0.0996258705094909 -0.0460422822539106
0.0249288286203762 0.0851183144563077 0.0512727766240158 -0.0812720107763758
0.0656063079465934 0.0295323543672337 -0.0127260683890129 -0.0677514904520761
0.0550085765839892 -0.0119063976374641 -0.0206968536838188 -0.0297945555200525
0.0436320995322046 -0.0329926844577573 -0.00906003906305569 -0.0135958476187082
0.0320062509231782 -0.0447330245198907 0.00708555829605818 -0.00983316975067769
0.0314382701044372 -0.0475239576520616 0.0220650668877735 -0.0108701550194561
0.0419115036623663 -0.0276312553544668 0.0353088843390007 -0.00158020825024622
0.0541523836525411 -0.00797549993939398 0.0379048134448708 0.0254974640699302
0.0523405142114137 0.0407943804281662 0.0162218349601913 0.046993957170809
0.016440729812112 0.0741598074862898 -0.0196410229809455 0.0413720997358718
-0.0439084360946346 0.0602502783097474 -0.0303360661222543 0.0126739277138335
-0.0833578347598313 0.0281545082699094 0.0242305453564645 -0.000321159734833373
-0.0637418144968709 -0.0016808562217975 0.0725836716318076 -0.0235186207247704
-0.0735177061458438 0.0206675007535748 0.100431832705493 0.0058888250151095
-0.0419695949924372 0.0662850061558748 0.100934480092876 -0.0294622390233091
0.0111838390905001 0.0719789584954651 0.0629124484044242 -0.0632368677401466
0.0509020304980096 0.0290153247386042 0.00999661806489865 -0.0595201581626353
0.0450484459296142 -0.00833349082146364 0.000288330941890835 -0.0345345536528637
0.0357042543564968 -0.0259350355638014 0.00605980006170316 -0.0259238454635417
0.0265296732014569 -0.0362865765666362 0.0167233170034718 -0.0243127557507373
0.0261948606614448 -0.0391770553141128 0.032677769502388 -0.0250720446108668
0.0355440437353154 -0.0244344544678636 0.0472862096648948 -0.0115498204769085
0.0461472287280991 -0.0065212720936143 0.0496793492398836 0.0206942495433259
0.042302182027054 0.0369778728914767 0.0254581937568972 0.0454002064004291
0.00722637893988656 0.0638164079227186 -0.0118455205607032 0.0414557053681992
-0.0447924356294602 0.0444050978767252 -0.0215760150462538 0.00822517440146937
-0.0687230262189417 0.00802894832314102 0.0443139048807866 -0.00601011043894623
-0.0279604203309879 -0.0182261178447231 0.0831203305004337 -0.021812259314645
-0.0460780735793021 -0.00304615929968224 0.0991363443449686 0.0031415257164427
-0.0318774408275621 0.0335595694540737 0.0928615848892358 -0.0188542530179019
-0.000166071793017181 0.0440837919982756 0.0647214718082067 -0.0483907153857344
0.0291402018189929 0.0198075165628817 0.0251910240074743 -0.0512272134819309
0.0273024753263766 -0.00490121405242361 0.0151246134514057 -0.0369427855225075
0.0208820029773095 -0.0155060311578937 0.016876275578445 -0.0344504183970816
0.0168143815134477 -0.0223131003390818 0.0229711899572968 -0.0347935196831122
0.0167803912660678 -0.0256196606036969 0.0401378387809246 -0.0348011699114466
0.0253323473520471 -0.0179383721067088 0.0567604977424419 -0.0179634839666516
0.0336469577638176 -0.00432088425678849 0.0595252198092787 0.0188404434261944
0.0283048856034604 0.0298601697599522 0.0316512075199575 0.0467982304841688
-0.00178220261482599 0.0464594985768348 -0.00751484379719351 0.0445171482756961
-0.0396405871297418 0.0230549604600701 -0.0144383813180373 0.0055095259742361
-0.0451828407453494 -0.0127205326241255 0.05963500066358 -0.00731585929029979
0.0104590387292978 0.023244054713369 -0.0688348560946717 0.0146564299218024
0.0224794255578184 -0.00629554370723661 0.00588151770413688 0.0073972235373176
0.00886598924722021 -0.019218265848721 0.0135054048358521 -0.0502044111847699
-0.0116722532331521 -0.0134639075992616 -0.0337315506752673 -0.0573006195143801
-0.0123989865355682 0.00327008677179078 -0.0699750942463003 -0.0264002467257202
-0.00475674671381133 0.00499169614008496 -0.0735284103136295 0.0163158309176644
-0.00504005433395715 0.00281187373212898 -0.048851605768586 0.0413593055091145
-0.00530838936917178 0.00259681771254294 -0.0264722846753652 0.044174550388494
-0.00432387132615716 -0.000617436572588516 -0.0209003591047233 0.0413029687706958
-0.00104196377662144 -0.0031864350019952 -0.0224763508629569 0.0418069638641258
0.00212121525635355 -0.00795506719924086 -0.0284233534846126 0.0464367625365574
0.0117829303909461 -0.00911276291517136 -0.0512226915717822 0.0403988630525689
0.0237231985546138 0.00534950805243249 -0.0769275229261899 0.0181243091281242
0.0136532993092285 0.0244079176240784 -0.0818043589248892 0.0111648831949428
-0.00479996417851327 0.0345221555775396 -0.0763809018056949 0.030847757778503
-0.0228550735937207 0.0388060779201302 -0.0617236490124641 0.00612244412413597
0.002297657878718 0.0216642119137654 0.0146381203522704 0.00483851229162385
0.0114275568620771 0.0132180453112858 0.0233867522810701 -0.0604224821265716
0.00836246713104461 0.0071556319322734 -0.0302933857691515 -0.0708962133689953
0.0101809455108473 0.00264759067217298 -0.0748900217607379 -0.0347208162848888
0.0116243565348281 -0.00411036669830714 -0.0759627798742491 0.0127789659564339
0.00903884140676303 -0.012830210162357 -0.0508025960870207 0.0392024075899114
0.00647034668452083 -0.0154335225636373 -0.0250317357246803 0.0429514505337188
0.0100693194991813 -0.016978358755978 -0.018198667486454 0.0399333216784921
0.0182931233361169 -0.00903617504478046 -0.0166544907613443 0.0401550579630186
0.0247930600730997 -0.00239276209533838 -0.0206438629865215 0.0462034172462988
0.0265493640995012 0.0169304901250341 -0.0407187355548686 0.0447762125955606
0.0189918508654861 0.0366136974624072 -0.0673351878027817 0.0254835619684344
-0.010944047128841 0.04541113206871 -0.072642398983429 0.0188452933803306
-0.0404643345457897 0.045601522034701 -0.0660734537080202 0.0311980989401271
-0.0547270831345147 0.0472642632903822 -0.043312586284873 -0.00443915599092214
-0.0233568656117412 0.0462402348109271 0.0308482314955258 0.00109285661173791
0.00885794360254773 0.0480365827009289 0.0408161174235678 -0.0687660229345663
0.0269940990573024 0.031553179285355 -0.0179806894043024 -0.0858835268688421
0.034510185186108 0.00487355557411967 -0.0726805489769952 -0.0466598463516719
0.0289818416782686 -0.0118137483945237 -0.0728224538605708 0.00411391069314066
0.0236436503707183 -0.0255834079424342 -0.0472160232731249 0.0312946032925638
0.0170847873761016 -0.0318646621419975 -0.0203770350901399 0.0352197976035629
0.0210849298959281 -0.032520760789577 -0.0109260404331085 0.0327443668177261
0.032581358088988 -0.016702240025993 -0.00494841126274506 0.033487920960853
0.0422849848416595 -0.00267309267340448 -0.00633995237381639 0.0451528693035903
0.0424628849988738 0.0315571113079133 -0.0258496271331833 0.0505546576537374
0.021838430452228 0.0597922322762457 -0.0551814032728749 0.0345935983204325
-0.0260349449506879 0.0625030095521966 -0.0609794837359272 0.0241477694854603
-0.0661486234939083 0.0537546622049389 -0.0464239290475768 0.0274989631443108
-0.0805518529581377 0.0457408762542394 -0.0158132472334024 -0.0133984647758032
-0.0514038795057428 0.0610301262892886 0.0519877108011331 -0.000644981626351786
-0.00102189160594152 0.0784256507424724 0.0628454516290077 -0.0715864093032492
0.0391561390691026 0.0579861206630992 0.00230358614111818 -0.0958152631948505
0.0562353252227244 0.0106124770056164 -0.0612393977658038 -0.0586026490847358
0.0446557786353733 -0.0163332630992316 -0.0616799676987781 -0.00718213341647593
0.0355634480705859 -0.0339785173271662 -0.0379323203523237 0.0182385141882614
0.0251418891512481 -0.0431377384668713 -0.0121513895433899 0.0224854366003141
0.0275760699129826 -0.0444957649064532 -9.60657892774293E-05 0.0200818358984324
0.0405405646288782 -0.0244114960477185 0.00927375956787684 0.0228613468376076
0.0528923147431087 -0.00650185795481991 0.0101442797413085 0.04011020582709
0.0545668417312062 0.0376759796084959 -0.00900230361718545 0.0523526532728893
0.0262201457274769 0.0724667099030727 -0.0415226127077357 0.0407373815982399
-0.0331914197484946 0.0716922842692312 -0.0494151337605189 0.0239689935483221
-0.0815686746113605 0.055060047087468 -0.0230879003490106 0.0191607495578479
-0.0918556859384435 0.0361269956691187 0.0171900930633559 -0.0211866641317403
-0.0740298756696525 0.0607879213667865 0.0738616743493624 -0.000227217955877105
-0.0180172958183068 0.0945708338830879 0.0843464827102734 -0.0642613677999103
0.0390047946856348 0.0783318406398293 0.0266857696710968 -0.0951839805749932
0.0682021529759818 0.019918575262656 -0.0407049568038185 -0.0663363325202684
0.0540410273750917 -0.0165091175950256 -0.0437732177694699 -0.0191958057624983
0.0421839154075328 -0.0371890926579491 -0.0244477066025602 0.00257973509573448
0.0295646200072328 -0.0479893891950436 -0.00256086052435926 0.00646265966046207
0.0298191453123199 -0.0497093472337859 0.0115589886562534 0.00444330331499485
0.0428544395177751 -0.0292646230532935 0.0227858472339015 0.00940405557465035
0.0556537923863467 -0.00946134745207977 0.0257333274591116 0.032076640981023
0.0577470975947495 0.0390505919191196 0.00674763142305826 0.0501945323156691
0.025482842668961 0.0758428691274561 -0.0286442414998039 0.0433027420060931
-0.0370986693112662 0.071087872392524 -0.0389860446118832 0.0201239081748772
-0.085942908635388 0.0475418180672325 0.000962545359522084 0.00858556129739122
-0.0858159529318167 0.0198559528695868 0.0486244970710019 -0.0242922404023031
-0.0823986240898635 0.0458441347225855 0.0913859130545844 0.000832058736822618
-0.0330897336567101 0.0901675061868331 0.0971200128875627 -0.0496384351743809
0.0287373659053913 0.0840344478736083 0.0476921578777422 -0.0836035683331858
0.0661044678014515 0.0264771288120667 -0.0157535442092565 -0.0656957373670832
0.0538190979391342 -0.0143088157497229 -0.0210941859517337 -0.0283855742516189
0.042045696182171 -0.03487963726924 -0.00918526855832226 -0.0129098553298939
0.0291206612521807 -0.045914945840545 0.0070546877237722 -0.00975126528627959
0.0283221842430324 -0.0479873100671551 0.0217555766666897 -0.0120333380759345
0.0402097844470174 -0.0294991100903846 0.0356034862488887 -0.0033490009377286
0.0526075217752756 -0.0101975479326361 0.0398177233025439 0.0237630967186426
0.0538760657275178 0.0385575540166189 0.019224563620507 0.0464664848216896
0.019573209040298 0.0721980543396555 -0.0181053546748767 0.0432703386058695
-0.0409607644425607 0.061859141994557 -0.0296452505120686 0.0140246426471396
-0.0809411360970723 0.031835793518487 0.0234462467123264 -0.00143036159817624
-0.0629741179656478 0.00115259012604576 0.071800733975153 -0.0246625727255708
-0.0722588455052508 0.0231234756173879 0.100747848498054 0.00252977480053859
-0.03779234676578 0.0675972272696132 0.0986664164463247 -0.0336400117278829
0.0142068795608956 0.0717488176095632 0.059893340228354 -0.0657515855485867
0.0520023678836554 0.0260138228247498 0.00687035496073758 -0.0589612871508433
0.0440771817272571 -0.0103257081625961 -0.000532122377323776 -0.0341622803408485
0.0339594128663795 -0.0275358707151978 0.00510231192144084 -0.0263355643479522
0.0242789503748629 -0.0370079281198525 0.0153928914743278 -0.024280194734136
0.0230664353959182 -0.0397652545281522 0.0314774988745551 -0.0260938039848866
0.0342571156813263 -0.0259099321743837 0.0466540639825321 -0.0139198405966118
0.0450123718824045 -0.00816743799146284 0.0513718000054683 0.0179922503052945
0.0436644989407338 0.0347806979863453 0.0279568094802824 0.0446004419653924
0.0101260222637925 0.062471944642157 -0.00997821370302029 0.043086575674402
-0.0420393708607947 0.0452731135606567 -0.0209810327419673 0.00920562993686947
-0.0676535224733178 0.0111893644019997 0.0435089275589937 -0.00773176082649014
-0.0285054152485516 -0.0165369257749474 0.0822828194563213 -0.023841486673881
-0.0458799806296451 -0.000413623961351186 0.0995808708021475 -0.000334659546208408
-0.0301949325661319 0.0342530633421512 0.0911854413907169 -0.0223463026930127
0.00233083921293919 0.0434252091922101 0.0617352499679227 -0.0507617837515937
0.0295078257019413 0.0179231261145633 0.0219487341721014 -0.0514739332455706
0.0256851336078535 -0.00614759423958493 0.0137877683962053 -0.0376239903788932
0.019617168190702 -0.0160133704176517 0.015806788608933 -0.03478901856762
0.0149770929692131 -0.0228249840502399 0.0216520843590444 -0.0351957605331735
0.0147692879863547 -0.0257493065936857 0.0384302254002387 -0.0365020278359842
0.0238487294508079 -0.0190516338826608 0.0551209045971417 -0.0206333758260135
0.0326219933009843 -0.00575667756076098 0.0602175657825755 0.0160196556092117
0.029199338539278 0.0275865002221116 0.0336788437734874 0.0459328664074397
0.000959598446780804 0.0455909130409266 -0.00580407367557656 0.0452619184124388
-0.0376891327403592 0.0244903042064532 -0.0146102801661795 0.00636110119463407
-0.0454055299509767 -0.0104493802156419 0.058231130439861 -0.00977027120723027
0.0125532116189615 0.0206691835705288 -0.0642439402135363 0.0236924659589618
0.0198137989971688 -0.00934413278526702 0.00697105151963743 0.00703310043527236
0.00433476292684987 -0.0198804388604402 0.00619312436824296 -0.0496254065200889
-0.0141522799162731 -0.011124913139443 -0.0400967562161531 -0.0502483485202521
-0.0124523533922395 0.00567832608700767 -0.0712958748854324 -0.0153346983665845
-0.00475761293980408 0.00675464957240432 -0.067456992254216 0.0270997209874207
-0.00453170879623138 0.00415912626640824 -0.0404036658625426 0.0462816872853683
-0.00414784705701346 0.00356787443555988 -0.019000624804964 0.044986664034998
-0.00367539961554705 0.000512159638375099 -0.0148429923246094 0.0424706917715856
-0.000965850332477143 -0.00302382106656269 -0.0162876115657244 0.0435559834999764
0.00132332481039141 -0.0074387341217753 -0.0211721030891638 0.0482271364400898
0.010380210228387 -0.00924179028605078 -0.044558454828013 0.0448412246691232
0.0238378092088916 0.00292781528215828 -0.0729688140041364 0.0266777327006632
0.0166384645386878 0.0217210031092176 -0.0777629545069794 0.019429194271912
-0.000267294395535078 0.0338985813730323 -0.0696441540041179 0.0366546608061973
-0.0165892730852265 0.04064522870274 -0.0581264408454331 0.0129378760396954
0.00541537011832145 0.0200695827884055 0.0142262709962138 0.00150684412154805
0.0124457305642025 0.00992006905458445 0.0123307293810146 -0.0616300662815279
0.00831849339881447 0.00479315314982727 -0.0396204564472906 -0.0635884184330619
0.00877570819947516 0.00092974815510431 -0.0773676921748742 -0.0215843194515374
0.00944571689949075 -0.00401688527024166 -0.0702617702346293 0.0240278830056402
0.00664748025766676 -0.0132457266813082 -0.0424108814086752 0.0456013609818706
0.0045351341411252 -0.0152406093239108 -0.0173333140103341 0.0438774023807034
0.00739051679989665 -0.0178604526248353 -0.0121473410648009 0.040854905844132
0.0173311994422806 -0.0114158894766941 -0.010974745073111 0.0409602040730363
0.0241189747412752 -0.00544416296740521 -0.01377394000302 0.0471437081624546
0.0290145584720257 0.0133385429057291 -0.0340861886130395 0.0482022771266284
0.0237316475933681 0.0332428584772447 -0.0630985858169078 0.0320837874278615
-0.00476304163149108 0.0446938054244498 -0.0676662080976663 0.0266352652847531
-0.0327004699993663 0.049278131143214 -0.058865719569078 0.0362833037444747
-0.0457875338873355 0.0541978234301787 -0.0412711083135431 -0.000774182535864537
-0.0148515606375572 0.0472508406311292 0.0286838481921254 -0.00536315649988478
0.015885091168069 0.0434323625382934 0.0264270944983681 -0.0726410183443296
0.0307327565013578 0.0248838452574244 -0.0321197465508655 -0.0791760308204125
0.0319909240200755 -0.000859119588167545 -0.0773212513319107 -0.0318942064808671
0.0247549485603903 -0.0143605259095576 -0.0680231444808656 0.0155227374883843
0.0188020427899325 -0.0283246179538664 -0.0404750167773113 0.0379332982194626
0.0121282468618311 -0.0315916436075736 -0.0132537533757722 0.0362165797562867
0.0157817310894674 -0.0342742749826953 -0.0053771006512351 0.0331136487512879
0.0299066134521291 -0.0213132884448152 -0.00057058678029289 0.0334117045577076
0.0407213999760771 -0.00840967920425895 -0.000262507974444249 0.0441131350922706
0.0472505559772499 0.0253097121035601 -0.0192762324515595 0.0511892325954813
0.029571370095536 0.0549675728526928 -0.0494787918702648 0.0391842507125021
-0.0159441592949801 0.0633806083590349 -0.0553074315787627 0.0306387562776255
-0.0567327278969949 0.0604279811909611 -0.03991013864978 0.031659462563465
-0.0697035464060931 0.0569162647632685 -0.0158451286195749 -0.0144613758868061
-0.0384646185649715 0.0656233151554041 0.0483936493191372 -0.0116665352017383
0.0113108612694345 0.0734016379848583 0.0461350767717459 -0.0793336472775666
0.0468177488991213 0.0476851192979864 -0.015776205731968 -0.0918833268007312
0.0536132166198404 0.00109486474829537 -0.0685593841248901 -0.0441386073544757
0.0388801512433871 -0.0213217490339679 -0.0593135812052724 0.00373632018888715
0.0287794303156066 -0.039038909855438 -0.0341061072656432 0.024551990433536
0.0179001640092108 -0.0437895341482115 -0.00739071081479561 0.0229172839007088
0.0195233933678385 -0.0468476576673822 0.00347191630088949 0.0193888477878151
0.0365526169065296 -0.0301702491591802 0.0116992202956724 0.0212587084998199
0.0500334133174951 -0.0141388483344735 0.0150998800450939 0.0375272861686307
0.0600552312177857 0.0289640336145632 -0.00276997486464314 0.0511171484626625
0.0354791189008479 0.066008721362876 -0.0351321580330432 0.0432685110111574
-0.021404441247544 0.073381987419962 -0.0431548980204615 0.029743326406881
-0.0711661791437842 0.0637972641230552 -0.0179675582658206 0.0216795240788955
-0.0815235101487647 0.0486481390353347 0.0147582360614866 -0.0260557726188581
-0.0594322449422189 0.0688023627457347 0.0694694883969846 -0.0154043684180409
-0.00141227632217707 0.0915180337543004 0.0664808013926677 -0.077030133770752
0.0504397267043366 0.0671171932559298 0.00678498157929267 -0.0955645352909487
0.0661956738698513 0.00742526476118891 -0.0504155414386367 -0.0541247555832943
0.0476326440842705 -0.0236478348245341 -0.0439586843684813 -0.00986127207470727
0.0347671414302272 -0.0437219473021862 -0.0240120571767827 0.00781918503288068
0.0212694203935799 -0.0496374084500598 -0.000293323185679097 0.0066316498258208
0.020996046410197 -0.0522813174660052 0.0120776211151641 0.00285534210400802
0.0372714104860437 -0.0349523588672806 0.0234050722104864 0.00711875413611436
0.0520961837689166 -0.0172538034850288 0.0294430265933578 0.0279999270799475
0.0629983097538674 0.0293961015658855 0.0118381814474755 0.0473655075914522
0.0362044854101638 0.0688631915044147 -0.0226813683175393 0.0440535073522473
-0.025216387091435 0.0732611133583493 -0.0332976157024412 0.0246414314844755
-0.0764913306263993 0.0574177524824894 0.00374233381251768 0.00923258508462223
-0.0781324019323426 0.0320704052939235 0.0451295390077953 -0.0328596057634983
-0.0688681962009751 0.0565202304853885 0.0876481157271224 -0.0163841093095775
-0.0159330377952943 0.0893991115710589 0.0814646046944565 -0.0651157313030704
0.041795339142006 0.0736711190309995 0.0284375759628727 -0.0876896972553095
0.0657249497208937 0.0133499311896621 -0.0266212170113245 -0.0571569067709928
0.0476147738887998 -0.0219085341448173 -0.0242381869695459 -0.0221588415820568
0.0347757807012875 -0.0411139446664765 -0.011412433458621 -0.00940459248868056
0.0210006717475177 -0.0477267778720847 0.00667158053990442 -0.0101222365735381
0.0195087055225014 -0.0506383085281638 0.020193366709116 -0.013901815124001
0.0343480136348166 -0.0350288706638888 0.0338630770567787 -0.00733591886757582
0.049377270422566 -0.0175403881734816 0.0413253923394709 0.0180951501058605
0.0587159796585629 0.0288911049354864 0.0235251357246608 0.0423952080988571
0.0295290895169568 0.0659133299699844 -0.0116454892043447 0.0429912440439467
-0.0302866719843503 0.0648030053039304 -0.0249237977609054 0.0181397937786348
-0.0739759330704429 0.0416829223614525 0.0236671285918606 -0.00257754512402829
-0.0596342990721884 0.0108156376267345 0.067349069700607 -0.0351277179911049
-0.0631378938087336 0.0331523999104635 0.0973332827121916 -0.0159079272659287
-0.0243600217691364 0.069332660563538 0.0870685394424269 -0.0496898145722027
0.026785407150537 0.0641566646208844 0.0434583914473001 -0.0733989751051193
0.0524036165171798 0.0149328751599392 -0.00388586592723954 -0.0552764160963187
0.038591638853839 -0.016859461150428 -0.00535379650901193 -0.0305657276465759
0.0276301859637066 -0.032677258647519 0.000290289787875517 -0.0240326601711417
0.0172289053062596 -0.0387618320686142 0.0125328321925265 -0.0249038883920237
0.0158215306239609 -0.0418877082826005 0.0268248690600381 -0.0285927873333256
0.0285094495606904 -0.0303383139083604 0.0432981633308007 -0.0184153072201646
0.0416054597888506 -0.015291733196932 0.0513589768038786 0.0113508594278318
0.0480279571340474 0.0265741671524447 0.0315611747233548 0.0391671527403048
0.019184019980614 0.0575579321213158 -0.00388377058866213 0.0421659888095152
-0.0336075396616622 0.0491381359418254 -0.0177275813813898 0.0125149239662671
-0.0639213592108921 0.0194732508719796 0.0411856449035162 -0.0105946741818594
-0.0286377248688656 -0.0119298479664431 0.0772677158404143 -0.0340539763888014
-0.0415748603742851 0.00628710129122244 0.0965890356789303 -0.0164922214788442
-0.0215633978008569 0.036319806325045 0.0826489105982816 -0.0370469444625226
0.0101697493624376 0.0394736827645397 0.0493983022658857 -0.0591773581733438
0.0299877123445679 0.0105647757377653 0.0123086666889431 -0.0512412062858369
0.0221741819437444 -0.0107248557038343 0.00777250383805246 -0.0364374491192373
0.015571852267351 -0.019263471259898 0.00925044771208832 -0.0344656911200048
0.010570864297937 -0.0241959816299027 0.016011622583225 -0.0356568583013684
0.00973301447092067 -0.0274122114154519 0.0325782597361009 -0.0393021156477324
0.0192149388585297 -0.022427194303936 0.0504532069367505 -0.0263683532691359
0.0300522104780713 -0.0108291542109334 0.0602752751686661 0.00820334587611281
0.0330128542904385 0.0212755799379256 0.0373867953215212 0.0398736699759005
0.00796528283975229 0.0425872027653382 0.000583480107775863 0.043806693071891
-0.0318481927459482 0.0284798067239301 -0.0126504124390193 0.0087621543863829
-0.0453395546835161 -0.00404819644763094 0.0549311845355356 -0.0145919119802212
0.0116745741796657 0.019122966903001 -0.0600180175806966 0.0240659434370083
0.0179126730051704 -0.00909846682373671 0.00658422512374939 0.00634949100580626
0.00341150191341063 -0.0182439445078346 0.00444964169015183 -0.0482054514110261
-0.0135325621099798 -0.00927734479273861 -0.0392865967924558 -0.0470974819409009
-0.0106799002708333 0.00547794652071791 -0.0682272697319022 -0.0122264537132669
-0.00380660672143637 0.00623190559903196 -0.0636787728278474 0.0286434897490035
-0.00410260989646047 0.0039527313520326 -0.0372955637086156 0.0453142866010737
-0.00385945434770405 0.00329611644618657 -0.0169235272858105 0.0429006957582636
-0.00321495634693163 0.000171152607643227 -0.0130200463859049 0.0405711431079522
-0.000521827067332733 -0.00263381827872653 -0.0139579746154972 0.0416809904801181
0.00126152850063305 -0.00716890127979558 -0.0185568036238536 0.0457443761714737
0.00988481314590071 -0.00850555541602717 -0.0411841026857213 0.0435622479331873
0.0224549442109803 0.00208912035251254 -0.0691658773810015 0.027695782420316
0.0161270429539424 0.0198582165843383 -0.074472718112403 0.0200323093452541
0.00048028340059491 0.0317341658983685 -0.066327748471269 0.0356238060572557
-0.0151460995175895 0.0385669024217329 -0.0540628526382036 0.0138555225816652
0.00467813809634422 0.0191074215099564 0.0136330369252115 0.000861127975954214
0.0117254114861614 0.0100191809174197 0.0107334542577984 -0.0589288491259435
0.00817789901421484 0.0055465760521797 -0.0390588430462564 -0.0599107333049817
0.00910997660795596 0.000912584620007925 -0.0743675783528848 -0.0180596906405285
0.0093960906543946 -0.00469963476358564 -0.0663860642828705 0.0253325009474213
0.0063783940583463 -0.0129532721324339 -0.0387816323061339 0.0440842999406726
0.00406104737581051 -0.0149282508452593 -0.0153199313475836 0.0415671573656458
0.00704396167198073 -0.0172243231713386 -0.00997433682532604 0.038936375265254
0.0163322973182243 -0.0116779141314965 -0.00862380920930005 0.0394037522510589
0.023027221880366 -0.00604869517344231 -0.0113040623509889 0.0451616996927551
0.028264460832531 0.0124949077649614 -0.0310373503018602 0.0464816240764506
0.022557520604158 0.0310416882798027 -0.0592978979221116 0.0326750160998658
-0.00396718346563703 0.0420717670304445 -0.0644499659517876 0.0262996902728657
-0.0302208097503286 0.0469055073271228 -0.0559970015224227 0.035226703488047
-0.0424622033485506 0.0515737502566343 -0.0385500168686187 0.000232605363682445
-0.0136805128170822 0.0450614831988959 0.0270571183381733 -0.00619710481177119
0.0156699944287546 0.0411966891355757 0.0233227263167308 -0.0699981954967913
0.0298225244602838 0.0237867255388695 -0.0321592619007486 -0.0751011585318029
0.0310328707244179 -0.00122687972765826 -0.0742353108212468 -0.0280271863459973
0.0235097257692811 -0.0140403245675601 -0.0642199167470224 0.0173177682166948
0.0173542261939326 -0.0276789032240631 -0.0371819873000913 0.0370258678201131
0.0109832743211319 -0.0308839346080936 -0.0116279023814645 0.0338268863501762
0.0141013955743878 -0.0332460147340327 -0.00358711016884296 0.0311291785530221
0.0283174608101499 -0.0212257637734396 0.00128855180512994 0.0316980180036838
0.0389806156436198 -0.00908940892546463 0.00147691169913681 0.0423420712215402
0.0459735259220372 0.023608042630474 -0.0163144113746226 0.0494183029208301
0.0288857396579868 0.0514688806746536 -0.0465171546464995 0.0394331247655954
-0.0143590139697131 0.0598597957718544 -0.0525192588933924 0.0301453413252491
-0.0526690857259082 0.0578985971909524 -0.0380818316972107 0.0305910083858312
-0.0645852050404991 0.0551105819381443 -0.0146433629152324 -0.0132506893064751
-0.0358625820584435 0.0634689969473153 0.0461730500291234 -0.0122124015773286
0.0118552279960924 0.0696632485359595 0.0420403568955038 -0.0760901890461197
0.0458901840210332 0.0449335394878292 -0.0170331717799589 -0.0872179837173643
0.0508253378909168 -0.000122909019619998 -0.0658626628416497 -0.0396219463198978
0.0367693235598709 -0.0213552821561714 -0.0561809920609504 0.00544850168164406
0.0266858121771663 -0.0382556077127652 -0.0312938239801703 0.0241476600623184
0.0159694151101889 -0.0425592381009394 -0.0061723420865775 0.021239511484658
0.0172602177083782 -0.0447788996276285 0.0044035279187336 0.0182711846020077
0.034032150659393 -0.0298309573143778 0.0126134816282839 0.0195842988713965
0.0472673608870903 -0.0143306159787235 0.0164081398761969 0.0351823025421531
0.0579675670803751 0.0263814040416027 -0.000631622676051905 0.0489177826713416
0.035313521728769 0.0618446358261093 -0.0327718502018812 0.0431348187142329
-0.0189851969875715 0.0701752868201622 -0.0409373172919339 0.028895233273083
-0.0662061111275887 0.0619012811314342 -0.0174637456794865 0.0208509198262811
-0.076526879743105 0.0476345511941457 0.0142836222090077 -0.0245758110035779
-0.0554389097318873 0.0670105851196877 0.0663803750706655 -0.0159952304840968
0.000297556373114875 0.0865109208464472 0.0617745999580998 -0.0741618795902267
0.0499529818448685 0.0628164842084555 0.00412217620603098 -0.0910976082972127
0.0630413420193386 0.00576046023854658 -0.0490312053820557 -0.0491919314796372
0.0445965425636457 -0.0238273260766955 -0.0419071206800825 -0.00828242358202066
0.0320554912693653 -0.0425441607626039 -0.0221804467256616 0.00795083645281358
0.0184946369756694 -0.0475839631444499 0.000556640474671519 0.00556000821741941
0.0177681872144459 -0.0499847925537808 0.0122041719400229 0.00230220753334068
0.0344168658031488 -0.034332064899054 0.023057937677384 0.00585867187341292
0.0493577004572518 -0.0176995332737173 0.0296311881070428 0.0255145752040873
0.0610645559991173 0.0264030419356059 0.0135481202479813 0.0451550604049935
0.0357117811987415 0.0642325188586382 -0.0200070956322102 0.0435009488304428
-0.0225173154530323 0.070343457106608 -0.0316156353382464 0.0241636885452682
-0.0712595398725785 0.0558591819585471 0.0033524894888563 0.00865288353657373
-0.0733142073487647 0.0320499899755 0.0428415044644552 -0.0318319341212072
-0.0646599448493285 0.0554405648793239 0.0831668610646114 -0.0177043830463791
-0.0134055868621803 0.0850455548541217 0.0759971258725734 -0.0635852979758736
0.0414279172166444 0.0696036100477738 0.0247701723279977 -0.0844546016103048
0.0624372902154279 0.0108074559257261 -0.0267091738110997 -0.0530695644604278
0.0448356116556742 -0.0216447868535965 -0.0233739163602716 -0.0204385863738292
0.0318010718064448 -0.0401626740690615 -0.010736137860862 -0.00859687835142438
0.0185540669584901 -0.0456810966974764 0.00651209838620782 -0.0098672823008521
0.0167688522114423 -0.0483679466038663 0.0189805617164818 -0.0140565939698678
0.0319428180177039 -0.0337964901201017 0.0322724200518285 -0.00857102463057246
0.046008642399613 -0.0179488456962461 0.0404246124752108 0.0159439719931753
0.0566328339158899 0.0258568653114677 0.0243450235934061 0.0402621371037327
0.0294357949307107 0.0615251959527966 -0.0100431029927706 0.0422744563688614
-0.0267068643730292 0.061946362897452 -0.0240849657832772 0.0182544828339169
-0.0689928441442247 0.0411097297631967 0.0221806541010997 -0.00281810829892315
-0.0559926145722684 0.0112282008707158 0.0640817040179183 -0.0338616196484999
-0.059213813035896 0.032951872222393 0.0927886824768782 -0.0170838362317804
-0.0215395775654522 0.0660114219207383 0.0817141881970831 -0.0486560391499747
0.0271221684169403 0.0602266067069794 0.0397746243654367 -0.0708870027968379
0.0497588893087444 0.012571920608752 -0.00489988508290681 -0.0519316212641713
0.0355951920788296 -0.0170871416922224 -0.00565437671767142 -0.0291817330663536
0.025640225259516 -0.0317552766405271 -0.000140896072684929 -0.0231197945207049
0.0150029812080188 -0.0370757700078206 0.0115218037417052 -0.0237980262473785
0.0132133392848509 -0.0397063519574822 0.0251082232492412 -0.0279291767294929
0.025742385001441 -0.0297146513029294 0.0400441168607982 -0.0190700380084148
0.0386762613423438 -0.0155463193007331 0.0498007491490029 0.00945652834755057
0.0464630945730809 0.0237829635625361 0.0319084392985447 0.0366839518998802
0.0198118298983949 0.0535042824615881 -0.0026328282485147 0.0413720999413814
-0.030197838264631 0.0472162917132843 -0.0169057324191506 0.0125213249978282
-0.0600239213953118 0.020529561814435 0.0388576882149554 -0.0107234470966958
-0.0278273055819014 -0.010595075799595 0.0735231381414961 -0.0328014933841472
-0.0392342035764305 0.00684058542913307 0.0917592166348246 -0.0174620576955034
-0.019461530868634 0.034570910087461 0.0783016499715319 -0.0369554243246988
0.0113620699791999 0.0373385940276819 0.0451675481225454 -0.0574192443380565
0.0283592450004581 0.00890635620132911 0.0100452809285654 -0.0488379926421729
0.0201401058969047 -0.0104828154596294 0.00666832114003575 -0.035375814042376
0.0141363260947902 -0.0184332157065142 0.00792376031627075 -0.0333430459545044
0.009227240028199 -0.0230858440612891 0.0139503905433899 -0.0341277249324584
0.00808350553650609 -0.0254154207415146 0.0295689690912969 -0.0378217262437665
0.0173518250998812 -0.0217551234511797 0.0467557075086794 -0.0265839073738242
0.0275660504089341 -0.0113121225680613 0.0574993262622039 0.00640938538309591
0.0319480188039346 0.0191508439072971 0.0373163479348013 0.0372367852921814
0.00862578049296184 0.0394540257645058 0.00193160234806804 0.0422018570452237
-0.0288022723707743 0.027668445911519 -0.0117322681327519 0.00897010989216265
-0.0428802621927302 -0.00252556739534667 0.0512751501349323 -0.0149133658994787
0.0107557069489769 0.0180838481231755 -0.0568195121413363 0.0231265558166941
0.0164529844305488 -0.0083375235454843 0.00617134323156819 0.0058875529647092
0.00379541800737645 -0.0164357079190636 0.00451743648472795 -0.0469000973283913
-0.011874864388726 -0.00825918503907503 -0.0373911653965777 -0.0455852177468425
-0.0092891042360905 0.0049786846523866 -0.0652553648851009 -0.0119017772010478
-0.00315624551223165 0.00585676099245762 -0.0604428695277725 0.0275020743468662
-0.00359423842299728 0.00348510213505221 -0.0356813273742257 0.0435714702606738
-0.00323739952154833 0.00233590205467799 -0.0169500439855442 0.0406736046047277
-0.0026264193300692 -0.000104413606688695 -0.0120107797643874 0.0389655014812707
-0.000244359802293404 -0.00315043493356397 -0.0133104446587476 0.0401506389162608
0.00128413728940395 -0.00676447269132082 -0.0176029574189086 0.0438223327897163
0.00943904305286488 -0.00744676474190681 -0.0390591187955555 0.0415236060123946
0.0208755904648488 0.00199145617446937 -0.0666751655410565 0.0265087118721064
0.0143482187404058 0.0185123001538932 -0.0716024132882155 0.0181379660363062
-0.000112513142035667 0.0295285141699164 -0.0644797127320865 0.0329899843781643
-0.0150969985499005 0.036485570272009 -0.0511265448026432 0.0128465401732496
0.00404855192580881 0.0176422230780234 0.0126725043668195 0.000704522536549854
0.0110379801919184 0.0103008791937989 0.0100505167316649 -0.0565536526506353
0.00833259758045346 0.0055003442122332 -0.0374611953383131 -0.0577291408547754
0.00941062531858701 0.000656492544633392 -0.0708322616285728 -0.0171976653851794
0.00969086371332836 -0.00414185378551476 -0.0628490061433584 0.0247011897904771
0.00605181385877791 -0.0125049038765377 -0.0366254058508881 0.0424827910018774
0.00380785954147856 -0.014590222205593 -0.0146958309469915 0.0390916202766726
0.00711023343726013 -0.0166625694054348 -0.00905225882648137 0.037281213996224
0.0160960714466914 -0.0115537547166126 -0.0081366787799219 0.0376572590261457
0.0222779695889137 -0.00547517973767087 -0.0104174674289748 0.0427669736602093
0.0270792249021531 0.0126471317684776 -0.0295713179637395 0.0441513603474822
0.0209729540430646 0.0297066381475377 -0.057034822793847 0.031688258557856
-0.00433753801597409 0.0397948521960357 -0.0625132961985531 0.0244872767910421
-0.0294454553334793 0.0440263605293911 -0.0544595081281315 0.0329269470627603
-0.0406369481226925 0.0485618765238237 -0.0365610363616019 0.000246800065211326
-0.0134425755655967 0.0430393775609429 0.0257812514554817 -0.00548633938584102
0.0142549508554888 0.0397201048114131 0.0231244935774094 -0.0670671367555345
0.0287493391718814 0.0236157574318475 -0.0305454593940983 -0.0717946704099196
0.0301330290390659 -0.00109556824794644 -0.0702571182003156 -0.0261318190986199
0.0232330533612556 -0.0138142702978659 -0.0611584407850714 0.0168180590344305
0.0165797900421219 -0.0269495328202395 -0.0351554126797354 0.0353373590983862
0.0103890913854311 -0.0300023801125959 -0.0109223616012588 0.0317764286269427
0.0133403424549264 -0.0314174342360857 -0.00289159697823814 0.0293225396926293
0.0277418017247303 -0.0206628862421159 0.0015970264230893 0.0301852656713417
0.0374705863078914 -0.00866665017821274 0.00224410703272843 0.0403477166842885
0.044265974880036 0.0228777799515421 -0.0153520466580267 0.0473055085667116
0.0275322276837184 0.0494857993088505 -0.0444672569127273 0.0378452455049114
-0.0140511677312068 0.0571134402304973 -0.0507002313991215 0.0283504533735092
-0.05058365398498 0.0546842849810339 -0.0371193108317221 0.0285259393822702
-0.0619856136368248 0.0516766599120276 -0.0132597362866132 -0.0125116237235301
-0.0349377239532641 0.0601850243204885 0.0438942701948146 -0.0114274694322329
0.0111400550553804 0.0667098867343176 0.0404224780135725 -0.0729321660806707
0.0442929202645225 0.0439213075862357 -0.0159918253691668 -0.0838075103417436
0.0490928279525426 0.000142785004809379 -0.0628325374187811 -0.0371707108277295
0.035305213844385 -0.0202007464883081 -0.0536248530502709 0.00545886789028212
0.0254530159600006 -0.037124233313832 -0.0291782512781205 0.0230609354933198
0.0151406567956296 -0.0410777486494374 -0.00568482987906715 0.0193990596134661
0.0166704489326054 -0.0426043310528676 0.00474180425609498 0.0167073339651195
0.0331570986861423 -0.0286591229136849 0.0122943973331837 0.0182936139107241
0.0455154296002054 -0.0139276830378805 0.0164143519606207 0.0338291881259541
0.0558497267831857 0.025553513435703 0.000516766076330516 0.0468852489296011
0.0332892382174872 0.0594588649180186 -0.0311265535969941 0.0419055804465283
-0.0185557044406943 0.066364015422315 -0.0398923319269281 0.0276360507048007
-0.0628901287432319 0.0582372305630662 -0.0172063944226723 0.0195451255672328
-0.0731136148142486 0.0447031191108325 0.0142452504520516 -0.0232005600702313
-0.0532652651251812 0.0640013756674736 0.0632916381890496 -0.0156667940570383
-0.000286447768417897 0.0827823964253099 0.0595918895435219 -0.0705206588212994
0.0481049469714731 0.0613036804234559 0.00437583314845388 -0.0877271002794042
0.059882831265689 0.00543956248583124 -0.0463003296948402 -0.0462268828785276
0.0428683472187742 -0.0225645331244126 -0.0398038912384748 -0.00809134033090878
0.0302744688562904 -0.0408089283966682 -0.0206551724263169 0.00744404469297548
0.0175585032438106 -0.0455991843653351 0.000431377275607252 0.0051837894596626
0.0170278957387477 -0.047572648067582 0.0122137539282227 0.00173367134093771
0.0331734809336152 -0.0329847458350498 0.0221220721904646 0.004988270546363
0.0468522061921418 -0.0170612268483895 0.0289172174698221 0.0245982054347694
0.0588554737076886 0.0253714102700614 0.0137717631363967 0.0431830547505653
0.0339223192335654 0.0612400793570357 -0.0191289890679967 0.0423875768245291
-0.0217232197927062 0.067038955829033 -0.0304437137933774 0.0230428906464104
-0.0683012369038351 0.0527750455514838 0.00244975639414738 0.00840271761275417
-0.0700985511032762 0.0301573904192833 0.041690633576086 -0.029747949664632
-0.0620829765817005 0.0527605453690563 0.079764012241472 -0.0170108239134959
-0.0131855243494376 0.08141103679391 0.0733135465528284 -0.0604138084638047
0.0405880418497598 0.0669018760755479 0.0240692143590566 -0.0810868609355091
0.0591726000332441 0.0104087996220131 -0.0251298484416113 -0.0503007478595271
0.0426682237996632 -0.0208698911399183 -0.0221449363350255 -0.0197024380817146
0.0303136617231814 -0.0384431169266845 -0.00938262044635984 -0.00828350341318878
0.0172235095755398 -0.0435390155776881 0.00633593871880145 -0.0102975473831599
0.0154280365044561 -0.0454281952423133 0.0187266519699367 -0.0135187912908422
0.0304299372819729 -0.0328010645877339 0.0309621567468028 -0.00809333742856279
0.0435031058781437 -0.0169241811409278 0.039529212758189 0.0151835519195486
0.0544806740530151 0.0246474880650057 0.0242809218285479 0.038340933707356
0.0278784624851148 0.0583765626997708 -0.00909688474665234 0.0413683975327303
-0.0252831681028142 0.0582749476410899 -0.0232693346071075 0.0174960794542047
-0.0659546481852772 0.0391278168936629 0.0209785723141307 -0.0025884047567941
-0.0537138194664751 0.0105512690192787 0.0620255460641828 -0.0319515835586011
-0.0568878621102956 0.0317717435992275 0.0890041371217232 -0.015774024618481
-0.020762690269647 0.0630928614132623 0.0784445932260576 -0.0462425459518999
0.0263826525603707 0.0577058047851 0.0376870892047682 -0.0679050762022639
0.047299118454547 0.0120124566954452 -0.00433190445332352 -0.0491682972731299
0.0335224401348015 -0.015878465885754 -0.0052213579928403 -0.0282296221264063
0.0241391446086498 -0.030365118574067 0.000122308069459686 -0.0221128853496833
0.0139305516299419 -0.0353345851466606 0.0110877251480756 -0.0230356606506419
0.0124271187202593 -0.0372904884188685 0.0240865543560929 -0.0266163811571338
0.0245071593606996 -0.0283504293273471 0.038117520940342 -0.0189132413470243
0.0366241803498857 -0.0142467090930984 0.0479444094772093 0.00863070944120954
0.0444906169693884 0.0228121134839418 0.0312721946932257 0.035414547133337
0.0184838282715576 0.0508558314835045 -0.00188877423871501 0.0400207600169037
-0.0282778945033588 0.0444889546498002 -0.016531114173631 0.0124212914864518
-0.0570654000040286 0.0198376191661349 0.0371051818734462 -0.0104673337297498
-0.0261622042416611 -0.00991189046438593 0.0714250180599631 -0.0308195073981826
-0.0374153327782839 0.00711621106785723 0.0887790893200502 -0.0165748420367906
-0.0186746234390845 0.0325919210562445 0.0751084987624945 -0.0349236808967459
0.0110772125832122 0.0349616007269694 0.0433091207719619 -0.0552867613571123
0.0265763098467623 0.00804679318515445 0.00981157200134472 -0.0462020433398424
0.0183978819978516 -0.00998229445659686 0.00618651574536735 -0.0335087154036781
0.0133019507769564 -0.0174580271608033 0.00746654396257854 -0.0317151972118039
0.00827782189449187 -0.0216900939893969 0.013917171417263 -0.0319399959315583
0.00716483769510768 -0.0238369410852648 0.0281421698970021 -0.0359847695580359
0.0163800003635506 -0.0204280774927986 0.044316958258072 -0.0251266959140037
0.0259399288148685 -0.0108854533806602 0.0550978989211668 0.00577247900178859
0.0304764540046264 0.0183016783508128 0.0363729354648007 0.0357779018531658
0.00820711278763608 0.0369242099034611 0.00157851077578959 0.0412151483955575
-0.0270914010397648 0.0261076650138228 -0.0118006172676234 0.00871815384198553
-0.0406651188954345 -0.00215980406734208 0.0487445178508901 -0.0140351439961219
0.00965322836506532 0.0175748012503194 -0.0557571836528483 0.0211556262330732
0.0156043579731381 -0.00784777466444069 0.00618663982925735 0.00635949133985581
0.00364081896289903 -0.0157187989653782 0.00508040277098944 -0.0455479605961518
-0.0110169666880039 -0.00783195094794635 -0.0361258615924592 -0.0453525027781135
-0.00852508463293164 0.00473806288856744 -0.063887904034695 -0.0121644819686884
-0.00265936209132248 0.00551281311874116 -0.0592667205000234 0.0265730908832277
-0.00335199891845263 0.00312846437374494 -0.0350600296330796 0.0421660705148419
-0.00286744330783551 0.00235796096586718 -0.0174564493304051 0.039411973450422
-0.00227552507407884 -0.000272462048507197 -0.0121116731786277 0.0377443474118829
9.76717830454691E-05 -0.00319971018341002 -0.013172269973331 0.03922271011593
0.00172717387796147 -0.00647457576150026 -0.0171148105889305 0.0419526775999698
0.00967568058047294 -0.00647804381272009 -0.0387241667420786 0.0395731854583157
0.0198834192243821 0.00213004352362798 -0.066036327508692 0.0254677811465382
0.0130199547658256 0.0178147762020625 -0.0708148043050439 0.0164531299392046
-0.000889483175733187 0.0283933529215673 -0.0645076475541107 0.0300090031421518
-0.0156605944155357 0.0349402583431123 -0.0494913882426857 0.0115141158591897
0.0028525275246637 0.0179299817935068 0.0122535526041777 0.0012333982945689
0.0101656102433333 0.0107582381561689 0.0110155213266809 -0.0555131912286381
0.00874552001111264 0.0063688998047932 -0.0356419012224821 -0.0571401449334476
0.009736268091585 0.00121632645176322 -0.0683536142396268 -0.0173730502400448
0.0100330025265952 -0.00436367706796917 -0.061731025511826 0.0239671031403402
0.00632186627013167 -0.0127217587238688 -0.0361103622885202 0.0409083287712325
0.00432482537479714 -0.0146660097378063 -0.0151766706574891 0.0377512053532988
0.00748521706401556 -0.0163884976546315 -0.00902252715851818 0.0359150762435752
0.0164766632865439 -0.0110738096988145 -0.00799849941109063 0.0364444986740964
0.0219205358618884 -0.00508234280929091 -0.0101038658260548 0.0418515072510257
0.0264806032051982 0.0134615280282596 -0.0289138900411791 0.0425683553172435
0.0198340221360582 0.0294998093834986 -0.0564958874294597 0.030554093897893
-0.00567729601286822 0.0385679406905492 -0.0618868892952256 0.0225353676632557
-0.0296942197464481 0.0414548573581629 -0.0544490304843621 0.0304705194767104
-0.0409525369928985 0.0462467490608638 -0.0351320525054272 -0.000736406406187293
-0.0147728202327499 0.0415547630596048 0.0252453495134792 -0.00511358434680737
0.013138354327364 0.0394150723157796 0.0236266639475536 -0.0652959823821803
0.0283791030775651 0.0244861652894926 -0.0286697661588293 -0.0712121118396933
0.0297953176997927 -0.000198960333650627 -0.0679771518971101 -0.0263602045229099
0.0234814310313596 -0.0130859451002048 -0.0598448824842324 0.0158296541486641
0.0164783068548545 -0.0263533695296629 -0.0343603514313591 0.0339555682181179
0.0106419090332718 -0.0293830729353748 -0.0112512483354977 0.0302251690939156
0.0133206988608119 -0.0305081116844059 -0.00283646988473804 0.028605337146371
0.0272995040698717 -0.0198461760531824 0.00155381338301739 0.0293094714466859
0.0370091333351353 -0.00805527193682564 0.0022048257542505 0.0385554369499963
0.0431560444361712 0.0235240835200998 -0.0147053128772991 0.0460489153246533
0.0256402452005831 0.0489513296521451 -0.0443607248537982 0.0371214166217158
-0.0156486243742727 0.0551136202043426 -0.0509275401825554 0.0267803692512247
-0.0504973731923055 0.0519621073220832 -0.0377954055249556 0.026818926425824
-0.0614206183093682 0.0483668183769638 -0.0126555735494077 -0.0122838016484202
-0.0357126901538217 0.0581109033546816 0.0428497231029848 -0.0104835014310446
0.00877127037555489 0.065709270884878 0.0410992552434987 -0.0705564398624398
0.0428225640585247 0.0440522019672189 -0.0146134915838929 -0.0826028464682975
0.0481294701101614 0.00155780684690178 -0.0601535412809014 -0.0367687489614329
0.0353472490868461 -0.0190632829302093 -0.0520370853816472 0.00467974573378914
0.0249876881951432 -0.0359809004965192 -0.0285857493900014 0.0223749424964659
0.0153858488391935 -0.0397721258647383 -0.00574509337662365 0.0183972737348668
0.0167150603480468 -0.0408021582943364 0.00497052493644033 0.0164445330282316
0.0328423001869326 -0.0277170377359918 0.0120522926405955 0.0180681283268166
0.0445709037846027 -0.0125762894075816 0.0165248140157026 0.032726938727886
0.0544182371163527 0.0259104978921176 0.000268743141683867 0.0458109583678965
0.0312206601901581 0.0582555534790143 -0.0311618894631186 0.0410865658184906
-0.0196446075935396 0.0640159243777522 -0.0399117141282229 0.0261447728103626
-0.0627264910815445 0.0554759660012216 -0.0175976890075511 0.0184822842515845
-0.0718006344360606 0.042189941834501 0.0150933508737957 -0.0221599036083131
-0.0535351519899489 0.0612710238563531 0.0623017944663795 -0.0141640391117777
-0.00219543769268677 0.0810464948671375 0.0596054619837426 -0.0678033159691381
0.046535806067922 0.0607700780667817 0.0057627499180843 -0.0857626158993917
0.0586686040011009 0.00636800554284508 -0.0440076958918523 -0.0456835101446479
0.0422209005031653 -0.021024479369295 -0.0381794682476064 -0.0083191188180237
0.0303198405959661 -0.0400578515967994 -0.0196134609816357 0.00701046589477158
0.0178050763693497 -0.0445878151362282 0.000591730768581178 0.00442733923564133
0.016789913318969 -0.0453114386609351 0.0121355099393725 0.00167965791298745
0.0329221905754666 -0.0318497134177031 0.021502741710877 0.00528691258702717
0.0461792452233009 -0.0155451356172798 0.0286650426636894 0.023879062551239
0.0576484817613903 0.0257392760759228 0.0135030204957762 0.0426225932737262
0.0317142073652649 0.0602047046579201 -0.0189725202608497 0.0419615860755965
-0.0225692318639714 0.0640929537233135 -0.0309532401487051 0.0224668878154402
-0.0673628261752509 0.050313170966614 0.00226516545994895 0.00795396065733482
-0.0690838461295448 0.0277601906378204 0.0416945795050828 -0.0277609205614115
-0.0615830557054904 0.0503642950424458 0.0779601183655758 -0.014592948441203
-0.0147666959346128 0.0790043352101737 0.0726564925826093 -0.0574027266366919
0.0388235801091305 0.0662316621950839 0.0246680851834769 -0.0791477721070498
0.0577912958064898 0.0107829511349854 -0.0232959705745836 -0.0484183013091573
0.0416847399847985 -0.0191420371959047 -0.0207915560639738 -0.0194876205822293
0.0295332635490456 -0.037408959954393 -0.00889327286785195 -0.00821748374674318
0.0172708267558062 -0.0425350591659213 0.0064886939125127 -0.01000258456353
0.0153574476892797 -0.0435231158806891 0.0185465275695759 -0.0131370046115667
0.0299769545293332 -0.0314206197034591 0.0300115422060718 -0.00787055946610815
0.0426364624594813 -0.0157815828222801 0.0391290361232063 0.0151432404744685
0.0533106539127247 0.0246829723452002 0.0235782691322797 0.0380467396449288
0.0264380650540614 0.0576917348175101 -0.00917861406890507 0.040361700783209
-0.025581058953919 0.0560826648781094 -0.0231868700278747 0.0168473614222184
-0.0648149477758062 0.0370496211288038 0.0204372183406292 -0.00196002663558455
-0.0522673105108052 0.00901678236056955 0.0619197381528673 -0.0292711471529836
-0.0559881917397535 0.0303928550963065 0.087226908433545 -0.0136487987354484
-0.0212989269366112 0.0612636267508631 0.0779814038865508 -0.0432790071168389
0.0254884626617095 0.0564812170942 0.0382374228443178 -0.0658622011375434
0.0453579137565882 0.0119205214733001 -0.00346867412917018 -0.0474298633903845
0.0329153152430106 -0.0145818119723807 -0.00441353477323015 -0.0279784277252563
0.0236088721939865 -0.0290689131890707 0.000956658627014135 -0.0212513246382108
0.0140588746774581 -0.0343189403683435 0.0116852758901956 -0.0221543185682682
0.0124677810878595 -0.0356192875505447 0.0239665316633129 -0.0256527357174505
0.0242381672699468 -0.0272959543986291 0.0374939931613372 -0.0179483858824319
0.0355295284940165 -0.0134723473215782 0.0472384505013798 0.00913058884910302
0.0431737345073875 0.0227815698210882 0.0304504132537747 0.0354941585487051
0.0173583999366734 0.049328659147296 -0.00255201123529334 0.0393757533139499
-0.0281385585125407 0.0424272718797443 -0.0165485775535726 0.0120452658374976
-0.0558864781785331 0.0184830088571891 0.0358055649725466 -0.00957341713082011
-0.025524048523715 -0.0100916525941923 0.070411639950393 -0.0278218712494235
-0.0362318750305418 0.00647740490443557 0.0871442945324818 -0.0140155926338128
-0.0182567755711623 0.0314487753018107 0.0742309018383136 -0.03234960692428
0.0105824772327655 0.0339476569366672 0.0426306959839985 -0.0536807341804205
0.0258602144848941 0.00785707059994804 0.0100510092605476 -0.0450509110536167
0.0177754829563373 -0.00875775254883679 0.00648374018518788 -0.0331150132781254
0.0129271362404955 -0.0163241216259247 0.00784042702147326 -0.030816149120524
0.00861196001545077 -0.0206783010331857 0.0144180905512869 -0.0310949548068601
0.0073015085078386 -0.0225753446389812 0.0279504791193972 -0.0346296637706615
0.0155333281655739 -0.0192637794183333 0.0433530725446767 -0.0239010974502525
0.0249579000383921 -0.0101426775799095 0.0539512077283002 0.00661442659512029
0.029727060870517 0.0178776382417632 0.0351216106138929 0.0353277069342896
0.00717190615149561 0.0354857534515642 0.00105473106554474 0.0407787234636423
-0.026697373782454 0.0243542279244487 -0.0118842461980515 0.00860075811424946
-0.0394197713336706 -0.00205835067378637 0.0475769775603852 -0.0127533281992265
0.0091704431710613 0.0174462823525694 -0.0556376279249707 0.02009031751257
0.0150385097961322 -0.00728531623225004 0.00610749795346484 0.00627687863782875
0.0038042095159266 -0.0151116997620346 0.005668359651604 -0.0460823812531013
-0.0109309550828178 -0.00751945228068285 -0.035856677076651 -0.0463012747797603
-0.00812666424890689 0.00434687454454397 -0.0640142594132071 -0.0129592503754983
-0.00224398341504642 0.00510461644422839 -0.0592459897064607 0.0264616388467273
-0.00337035532867926 0.00309104990087529 -0.0354200584390877 0.0418518868367218
-0.00278170568392641 0.00199973597876661 -0.0182087702811444 0.0392150740332701
-0.00155996123072549 -0.000439987246695612 -0.0124665643187269 0.0374793237736532
0.00042453380855212 -0.00311465399911598 -0.0132336540570925 0.0392086161751063
0.00211434957941074 -0.00628659545973717 -0.017800254339714 0.041651284294835
0.00959962178581548 -0.00594453014525362 -0.0394726983428085 0.039016156125483
0.01908691927921 0.00270625593333473 -0.0667335060744177 0.024685660982024
0.0117267768652097 0.0177542533252441 -0.0716197126643657 0.0148177434203044
-0.00143081854879968 0.027863594275389 -0.0663069914071551 0.028341219156782
-0.0163136136559817 0.0344001596335545 -0.0496025029827847 0.0104460301973385
0.00236796142960414 0.0181756465344521 0.0123198055462829 0.00144258482854018
0.0102758586749802 0.0112307218248584 0.011855796792509 -0.0554841471012688
0.00901941281990787 0.00724163073419119 -0.0347376073492533 -0.0583785214940898
0.010693981130057 0.00129966289737002 -0.0682584380409025 -0.0179187994499772
0.0105921683470163 -0.00454243668566307 -0.0618524756918252 0.0234081233717715
0.00656187186835711 -0.0126260299403186 -0.036349472111348 0.0404657837419716
0.00470759667593606 -0.0150025301283976 -0.0157405557499465 0.0373221388918063
0.0076052954104364 -0.016556592170009 -0.00880920756521278 0.035778446025376
0.0170550158414044 -0.0111665174346582 -0.00812289583374505 0.0363577080734142
0.0216817864186593 -0.00469170795460529 -0.0105996930988445 0.0412308449547621
0.0266141106638611 0.014382814747628 -0.0293923847927975 0.0421330454867846
0.0188715329514591 0.0306105747732791 -0.057326994644175 0.0304051086275368
-0.00732975541525537 0.0383034634624217 -0.0626923159075992 0.0217246520222718
-0.0308573758428333 0.0409757086336945 -0.0561240631954143 0.0290110533351541
-0.0416743997709094 0.0450218631975957 -0.0347940289556779 -0.00158491596522868
-0.0159820609945914 0.0413287692796053 0.025320140300463 -0.0042981107883314
0.0121468920504879 0.0401487897518399 0.0247654144844768 -0.0652092512437052
0.0286631311710948 0.0259960659774404 -0.0276509844920583 -0.0723073135559215
0.0305514807175467 9.49361197648772E-05 -0.0673912343222267 -0.0270786109480471
0.0242193237100472 -0.0128158044822887 -0.0596497340449955 0.0156857278789963
0.0168527792521986 -0.0260364032755391 -0.0336393673608545 0.0334994145203137
0.0107746320023255 -0.0298715392552943 -0.0116135563150628 0.0298487637902489
0.0141022510144513 -0.0309278909044592 -0.00260335555550522 0.0282802846683535
0.0279051406015381 -0.0197047636532469 0.00149603293337351 0.0296345698591222
0.0370066272316801 -0.0072414557499249 0.00220285960751583 0.039009035271215
0.0436537629349674 0.024447493285733 -0.0152954059151817 0.0454560330538557
0.0247355247553174 0.0496183576328123 -0.0451019902378687 0.0371791225460938
-0.0168831362739444 0.0546271215319345 -0.0517722923603854 0.0259474631595003
-0.0516127310595571 0.0505779924343714 -0.0385861710105159 0.0256565989352925
-0.0623122623775911 0.0471244236169046 -0.0116216783555722 -0.0127640320391863
-0.036742768614366 0.0575883721989387 0.0434182426668443 -0.00944055081345309
0.00780331257741306 0.0662090562178918 0.0422934759946239 -0.070279666035908
0.0431243194446462 0.0456191857496139 -0.0134597609743003 -0.0834079219190627
0.0487126423801627 0.00201462622203094 -0.0592429257184565 -0.0373028661285587
0.03597155827404 -0.0186708154873131 -0.0518648429011017 0.00384815875689796
0.0254025969620295 -0.0360587097130589 -0.027660291287435 0.0213858564679573
0.0156176322009607 -0.0403299818647418 -0.00622386730452818 0.0180100988684848
0.0172433962652974 -0.0408527945369392 0.00483625087219409 0.0158889359835841
0.0336113720845313 -0.0275185150158983 0.0120547016489628 0.017876012811565
0.0451831239808644 -0.0118459230828197 0.0168339454777119 0.0327000647263964
0.0547803559693858 0.0267311305495981 0.000294025996566595 0.0460463759165163
0.0303645110020857 0.0592150311622856 -0.0320960180298547 0.0413729238434645
-0.0213232618919184 0.0635796730344239 -0.0409483566356944 0.0259088907412359
-0.0640581256661761 0.0542180124387296 -0.0182965999205981 0.0181184766815793
-0.0730300341318847 0.0402076661705071 0.0156960716695358 -0.0216102701701797
-0.0549997506623366 0.060166623309197 0.0625388253914274 -0.0124395629869116
-0.00349859046981364 0.0814367342177367 0.0607259825498328 -0.067194948397323
0.0465358344142395 0.062081231261394 0.00652860288101801 -0.0863438841109529
0.058695169606898 0.00723683021950125 -0.042723641716543 -0.0456623364879583
0.0429576849151626 -0.0203010103133375 -0.0377892207271534 -0.00873370127313484
0.0305101808440957 -0.0399976182945328 -0.0187402793233417 0.00667426231669504
0.0179373389352668 -0.0448678289886016 0.000639306871605839 0.00401641093699658
0.0171665145880643 -0.0451549986999977 0.0124487677900091 0.00139222696756295
0.0334414249920574 -0.0314506438306043 0.0216361879666757 0.0052942272678857
0.0467273912953123 -0.0149403797976652 0.0292307457824456 0.0245036618155264
0.0575889872498608 0.0268215114178018 0.0140759572770376 0.0431941839635189
0.0309487699182806 0.0604610252579113 -0.0198915924063003 0.0423309334928839
-0.0236092339215506 0.0635727686572411 -0.0314699226092136 0.0221264269970425
-0.068234064479265 0.0491950753755258 0.00179459591100693 0.00760928286713883
-0.0696285521408011 0.0264950649133958 0.0426028709815548 -0.0267038620471493
-0.0626486493067936 0.0497524858224323 0.0784405395636009 -0.0135070667367896
-0.0158666829769572 0.079172507503773 0.074004553829303 -0.0561483778742897
0.0387344597208934 0.0668838358548941 0.0251198484251174 -0.0790486538325723
0.0577899354227596 0.0116791445455948 -0.0222961434769196 -0.0481572688836018
0.0421007638618875 -0.0182156889714964 -0.0207925666884957 -0.0201622105420392
0.0299798903750932 -0.037041748975179 -0.00817173190949243 -0.00813399055380734
0.0172175752851765 -0.0426082142443366 0.00691749326658054 -0.0105005542394632
0.0159386102594856 -0.0432335333241007 0.0189258570480492 -0.0131977022268708
0.0304074360752095 -0.0311624534777385 0.0302610410071438 -0.00761885610366563
0.0431574248848376 -0.0149631193847573 0.0395767552307287 0.0150736547058443
0.0531187557093663 0.0254228420867657 0.0239505359170459 0.0387853570708092
0.0257183914352638 0.0574606766191142 -0.00991918871617296 0.0408623121227736
-0.0264266339748902 0.0555425562396104 -0.0237567420501665 0.0167413599646957
-0.0652536355359127 0.03644386985197 0.0201894579426989 -0.00221118032034308
-0.0528563463883783 0.00865993939736003 0.0630007728352835 -0.0276728237103646
-0.0565582683550945 0.0300522248682036 0.0880778144956247 -0.0123855660599644
-0.0219089158593849 0.0608107425951072 0.0785858003730733 -0.042080548808869
0.0254362633618674 0.0569231683332353 0.0380553621955371 -0.0656854150654389
0.0453636261363988 0.0121977842762298 -0.002746063648034 -0.0468008743516575
0.032780478970928 -0.0137231389859159 -0.00390264570030597 -0.0283295503245703
0.0237490047167795 -0.0291297755231019 0.0016814859850493 -0.0214725296862053
0.0141054845363872 -0.0341187143826609 0.0117955742867186 -0.0224441677238229
0.0124001598796293 -0.0350120925171871 0.0241915345212485 -0.0253532686834926
0.023949709989626 -0.0270196969968983 0.0373730765245998 -0.0173364435448594
0.0355543478068174 -0.012886877596225 0.047600638890224 0.00948431530561963
0.0430436931643706 0.0228575567554815 0.0310644036547722 0.0356790797512272
0.0165205486242235 0.0491220724300436 -0.00306226886310141 0.039951644474301
-0.0288783031509907 0.0414649492382672 -0.0171716642854411 0.012102581839953
-0.0558217749213509 0.0178841034893355 0.0358363951468957 -0.00898385790466015
-0.0256729421178259 -0.0101596321716488 0.0719154532818023 -0.0257363038055496
-0.0365101118534802 0.0064979290189009 0.0876637770041352 -0.0127494330055127
-0.0185781421450219 0.0311838047426948 0.0747465154095035 -0.0315038897492893
0.0104911819845079 0.0336492299039064 0.0426622326929282 -0.0530074142239752
0.0250470792172551 0.00787535051320433 0.0106734830314203 -0.044406181970905
0.0175390123832242 -0.00799707161716069 0.00749942604254318 -0.0330236774063213
0.0127660760228976 -0.0159439630912757 0.0083058938290189 -0.0306791141357235
0.00858767260360018 -0.0203066312441977 0.0146984910960569 -0.0310972990236664
0.00735910343960941 -0.0221717784688552 0.0281817459681064 -0.0343395058667615
0.0159854493209649 -0.0191354645239342 0.0432180045827898 -0.0234167438871322
0.0247636325814664 -0.00964480084643416 0.054351640357526 0.00724517231190114
0.029540159772546 0.0178600726119133 0.0351055689479761 0.0362388908549271
0.00676719910088453 0.0352400122724643 0.000598932730330396 0.0408582587121375
-0.0265894171083745 0.0235771624241897 -0.0122474384317393 0.00886335352871607
-0.0390793992270577 -0.00231511484804237 0.0477311670850348 -0.0121624577904499
0.0100087346268697 0.0170844941228066 -0.0563771756963209 0.0229083782564549
0.0137358603387105 -0.00833243284433356 0.00728307463963116 0.00741237093537389
0.00190780305181896 -0.0154880618053627 0.00415885749705605 -0.0463416548403819
-0.011827239349898 -0.00618054233279865 -0.0379275586962825 -0.0457372707536
-0.00786998910332408 0.00551321182946048 -0.0658668765699716 -0.00928933248794746
-0.00170173280994635 0.006205214864081 -0.0576605256146783 0.0304477581043437
-0.00288599310216028 0.00358115441567289 -0.0326755448218736 0.0445174427104519
-0.00232008660892706 0.00227361164192262 -0.0153630163405124 0.0406286238028406
-0.00133162359062585 -0.000775457890232849 -0.0103986402154612 0.0392456391531979
0.000470226459527198 -0.00354958363235365 -0.0110405878982436 0.0415101524650346
0.00136254294034452 -0.0065214330009421 -0.0157313720788738 0.0437671954254542
0.00939621495338189 -0.00707058365662376 -0.0395574324276022 0.042743059016226
0.0194498871011671 0.0002333588146372 -0.0684372664348145 0.0300221739128048
0.0124068458423022 0.0160711495322989 -0.0738796619176 0.0175791819117145
-0.000660235934583842 0.0278242449679688 -0.0670876807712041 0.0303301247676417
-0.0132850054248315 0.0356730759135997 -0.0520063102058689 0.010839817100667
0.00338757580280218 0.017423439226127 0.0117222279391895 0.00136725148174868
0.0104939137000119 0.0103651717381127 0.00791621500538046 -0.0565045742547061
0.00923429655045566 0.00598835203149796 -0.0391872502717268 -0.0565597252304859
0.0100429732607197 0.00130838654134529 -0.0696426233360875 -0.0130417411361579
0.0103811395406534 -0.00440777554241242 -0.060007680029182 0.0285466720046621
0.00550197211130757 -0.0135542926903997 -0.0326472007225673 0.0441680513131533
0.00367757694460454 -0.0152023224713 -0.0134618705361278 0.0380120245434392
0.00635180911470578 -0.0175224689218707 -0.00663082031641102 0.0372856396292346
0.0161039348149518 -0.0130362526953203 -0.00574465889863052 0.0389207709296127
0.0215531708432925 -0.00657128802428735 -0.00808377851141351 0.0438032641742946
0.0280359039804975 0.011492299145479 -0.0295995432541861 0.0461339266668727
0.0209754796819924 0.0282178479056815 -0.0590505552137872 0.0348040333156893
-0.00583367352680945 0.0382409543293242 -0.0629448592308936 0.0239343274278166
-0.0299466244482385 0.0431022787305408 -0.0546479498626529 0.0308972627739305
-0.0381163778520773 0.0485770759758826 -0.0376395684258434 -0.00330740483776956
-0.0125362017967837 0.0418371052679447 0.0228766033971974 -0.00658139383538252
0.0154351779093758 0.0385442620557279 0.0176345504195348 -0.0667539495768358
0.0308587939887301 0.02240831927719 -0.0348330194558168 -0.0697379060062967
0.0291874044183879 -0.0017998551080536 -0.0693429560430582 -0.0209238120141851
0.0237061697068592 -0.0137585509638813 -0.0583485186370621 0.0207438931474865
0.0142038451289997 -0.0283441727323845 -0.0306697318877857 0.038084157241143
0.00898766112766232 -0.0306805953824681 -0.00927510637435549 0.0300605480520413
0.0115548798158706 -0.0317172626869982 -7.58304957116962E-06 0.0285563525951545
0.0267943676755622 -0.0228717251951359 0.00323537085894233 0.0310067098010762
0.0361319836091264 -0.010340826055477 0.00469061021797675 0.0404369816662034
0.0462241918452418 0.0202314695829915 -0.0145871632878176 0.0488700756647033
0.0281383183696572 0.0475099788028546 -0.0466102778124176 0.0399159649615995
-0.014740071848848 0.056412167379235 -0.0499508501618498 0.027862267684701
-0.0512462680050379 0.0548608717204709 -0.0347928724404347 0.0268539236364577
-0.0577443339534227 0.0522973176972504 -0.0151029727501659 -0.0169452226556983
-0.0313798387048019 0.0596000607169987 0.0397307643112266 -0.0140429048949886
0.0133029653659349 0.064412105275259 0.0330814141382678 -0.0730506530205018
0.0473505785409365 0.0406675402996899 -0.0231043736126332 -0.0811416438988648
0.0474932191862075 -0.00157050578509381 -0.061769543876462 -0.0309718187888232
0.034936863616576 -0.0207085333290461 -0.0507120530910922 0.00938424120644738
0.0221817265136792 -0.0390671066770766 -0.0255200996773214 0.0266781985899134
0.012832668254645 -0.0414589113065942 -0.00412239326140861 0.0179052478456243
0.0133970436486295 -0.0425317458676194 0.00652820364424207 0.0156582159485191
0.0313609975827217 -0.0309305614648057 0.0135344999610231 0.0191102643410569
0.0440906624718168 -0.0153767544562069 0.0196469368444451 0.0333187033374219
0.0576689545976039 0.0222541836879888 0.00174587698675504 0.0479978350709915
0.0348424512662648 0.0567922971633835 -0.0326544740845029 0.0435952488914516
-0.0181828596272141 0.0661111650053478 -0.0378837600393275 0.0268370501712111
-0.06350195767748 0.0598226046337876 -0.0133354536144812 0.01842407421644
-0.0685945522127122 0.0461558779152661 0.0131329902264912 -0.0274846299424569
-0.0492485486853352 0.0641445423959179 0.0592066839294019 -0.0191383146836886
0.00388383813757488 0.0805330217886973 0.0505696048867703 -0.0719147847830454
0.0524956956518504 0.0559708577442319 -0.00496817799996093 -0.0850427469526594
0.0580605743779988 0.0021814628143262 -0.0465184946384839 -0.0389227211840257
0.0413493486891898 -0.0227484615534031 -0.0375361634520579 -0.00452306044344406
0.0264514705497152 -0.0431773503695464 -0.0173353425475117 0.0115802848516328
0.0144774152502132 -0.0458312191621632 0.00172076050878424 0.00336094989243126
0.0134165207241741 -0.0466241368500405 0.0131770238322366 0.000143339488312946
0.0309830601812258 -0.0346509741805103 0.0228252631275332 0.00460465354258312
0.0448456832557972 -0.0188105767803623 0.031625655724371 0.0235347316550628
0.060325561889065 0.0215470615585471 0.01561653187334 0.0439093126955794
0.0357959968173627 0.058339574366253 -0.0197400084658506 0.0432710333490739
-0.020297292458999 0.0661544466936469 -0.0281999704478424 0.0225776292993394
-0.0676810618568163 0.0550353003178034 0.0072449236691462 0.00770161084061063
-0.0665986950323533 0.0319620555191471 0.0413190450693842 -0.0332392415001059
-0.0577136500880643 0.0537368926787502 0.0763886387155832 -0.0212703902040452
-0.00829012114820961 0.0795499582266282 0.0645938147905908 -0.0632336510711946
0.0457593714443023 0.061698436851941 0.0143865137591107 -0.0795507992392759
0.0572080261345336 0.00602863536062805 -0.0260521246543528 -0.0431300498636121
0.0400941630489023 -0.0211285644832056 -0.0207201670607284 -0.0172203146551474
0.0261421090390553 -0.040392070652684 -0.00796181908291955 -0.00461967718548192
0.0143102900239088 -0.0435363558986954 0.00695211147441367 -0.011549138047242
0.0122629998050256 -0.0439024277327713 0.0186742656381046 -0.0150620437954367
0.0274333876669995 -0.0335326494768119 0.0306900650598445 -0.00913749365582655
0.0412306222423758 -0.0178164902189568 0.0420470451223452 0.01401358443855
0.0551606187588036 0.0210827361692755 0.0261408018625152 0.0390276184612108
0.0297657472964535 0.0554820206447412 -0.0094422335420221 0.0415860375011237
-0.0237494931049293 0.0578734437707002 -0.0209914138069913 0.0170600097577904
-0.0654950205770658 0.0421960634605247 0.024700550127251 -0.00255143480050099
-0.05160926796355 0.0127053276710639 0.0629403462297432 -0.0337764997679442
-0.0527627471972435 0.0333532155165315 0.0867095307797942 -0.0201194706381381
-0.0153746807187294 0.0617472298609996 0.0718622220951012 -0.0495580695080946
0.0312798941362163 0.0530065685297192 0.0291619625691044 -0.0677200911118381
0.0450163425831466 0.00737805157769051 -0.00658613049469704 -0.0436147844140095
0.0313184771303004 -0.0160823764753165 -0.00541184720296587 -0.0264645453797248
0.0206393262125287 -0.03166499889689 0.000776241503450629 -0.0193159547889714
0.0115817734195858 -0.0354303256222102 0.0112603663539116 -0.0236144859547112
0.00982986929703998 -0.0357712229646157 0.0232915190431618 -0.0279868515361658
0.022054649432203 -0.0284327084106169 0.0374379226632278 -0.0196374375522637
0.0341736869695657 -0.0151970183940556 0.0504626135668932 0.00722278448984198
0.0444034161954176 0.0192500558913348 0.0332495412217665 0.0354909292324405
0.0200687903601873 0.0479407525618891 -0.00190862801477455 0.040241575125288
-0.026673639892589 0.0439931262149683 -0.0144709590089811 0.0127770676516658
-0.0566550663977589 0.0230735658419337 0.0399467683801428 -0.00957914915848442
-0.0259120584079382 -0.00812337805446856 0.0736996201929359 -0.0305490697260922
-0.0349319175345227 0.00832820078437968 0.0878927338379252 -0.0193393690387714
-0.0149697950448675 0.0315815750876012 0.071577469624254 -0.0379093783335837
0.0139532854850068 0.0306815226098978 0.0365684122842052 -0.0558331385436569
0.0250337431487906 0.00448505940104546 0.00727875577136547 -0.0429563415459068
0.0164143241754909 -0.00932944638200101 0.00551341196340374 -0.033198447599348
0.011276157663624 -0.0177282283984344 0.00633682818708831 -0.029846368058241
0.0064308837735237 -0.0212094537666417 0.013593287578192 -0.0324820004802851
0.00563570840442863 -0.0223445629816857 0.0264788938126573 -0.0372754630135305
0.0139538848341806 -0.0200528018284767 0.0431314334561194 -0.0259562752164332
0.0235279038026436 -0.0106978668111434 0.057095386843996 0.00446332953181219
0.0305718067046943 0.0154747031021601 0.0382260376881998 0.035599270933359
0.00917974997241313 0.0343142790693034 0.00225716086921502 0.0416918457264236
-0.0253527637389858 0.0254207263163462 -0.0103446407136724 0.00959260909895784
-0.040015585995731 0.0011168108721912 0.0504022113227924 -0.0129353006213287
0.010433655368261 0.0170767513917408 -0.0557259617159949 0.024454854918662
0.0134640776605765 -0.0081831461757827 0.00783536031504894 0.00735293971641251
0.00165481542293173 -0.0151084448050829 0.00258733787041856 -0.0474512918003756
-0.0119813274683924 -0.0054245853580141 -0.0400204625953374 -0.0450347264647831
-0.00711623673696939 0.00557933935337899 -0.0663621040077712 -0.00694732003564591
-0.00112347788937424 0.00558857267839295 -0.0561618142075486 0.0327983896048029
-0.00260696432855763 0.00338432583635508 -0.0309056999029502 0.0458093763518831
-0.00227929377479186 0.00199195343781579 -0.0140177257604047 0.0414773869502832
-0.00134278013118612 -0.000773967957224341 -0.00860266990474876 0.039948914353202
0.000316517086907697 -0.00350301825173466 -0.0090983918209841 0.0421824826130677
0.0012814922954351 -0.00645815723561012 -0.0143475973353933 0.0443829766268774
0.00927437205561152 -0.00697248551348447 -0.0380332923901894 0.0448232904859247
0.0189371248075512 -0.000125311597685572 -0.0678812669326844 0.0334634961855335
0.0125946201731487 0.0164360639332048 -0.0740698069429105 0.01967659545065
0.000272010443658068 0.0274685262867474 -0.0679337500917224 0.0316161944854681
-0.0128763576989989 0.0364364697917665 -0.0516391089215929 0.0126773204542469
0.0036106876595131 0.0177902632634292 0.0123313013811394 0.000883802006346905
0.0110699701767923 0.0103501493914279 0.00651044114718918 -0.0572936674905621
0.0104761622566798 0.00620809083225602 -0.0416505799116617 -0.0560367084717951
0.0105966500114007 0.000660567892404576 -0.0705322834521624 -0.0109936483085671
0.0110017247121427 -0.00533821842740997 -0.0587208213933078 0.0307142626474554
0.00478259434195501 -0.0136898673353244 -0.0311343373988463 0.0454761669212718
0.00272134050642736 -0.0158854410376787 -0.0120100395735125 0.0388405729648325
0.00583595920852518 -0.0180328074313355 -0.00459822699772138 0.0373077969723084
0.0159260547389642 -0.0140241596950177 -0.00417350326122029 0.0389619454948924
0.0219226731486981 -0.00709848761388187 -0.00640996577490037 0.0437884455615927
0.0295668012430424 0.0111140016311819 -0.0278139277274539 0.0467469629999074
0.0215059170191201 0.0279907263926697 -0.0582845653827914 0.0373187207957854
-0.00542294299277797 0.0391067226955373 -0.0626500774379502 0.0258380092170829
-0.029022966207524 0.0440979296314787 -0.0545957631337123 0.0322823411661503
-0.03695985075204 0.0498368575683039 -0.037724024320794 -0.00238405015573594
-0.01134638522656 0.0429444257963605 0.0232205916677783 -0.00693880974840391
0.0165366679048786 0.0386696659171605 0.0160289695628769 -0.0681186592257299
0.0327546314464085 0.0215720034987434 -0.0379156249846669 -0.0691700228745172
0.0300873528604475 -0.00290358573811279 -0.0700305210359189 -0.0185873615477685
0.0235170325422707 -0.0152636330283723 -0.0569822766909504 0.0229881058299517
0.0127213936561739 -0.0291380556149154 -0.0289715244305001 0.0388114521005967
0.00747960971611547 -0.0313178604186244 -0.00834774282942411 0.0302155098771928
0.010726769941369 -0.0328436341711402 0.000826900350203031 0.028484887169824
0.0262683915074239 -0.0244351985801592 0.00509306859254695 0.030930318311725
0.0362939408686838 -0.0116669339471569 0.00692622650330569 0.0401205864461861
0.0477769708908116 0.0192460872192612 -0.0129692034807819 0.0492337907681539
0.029585138217521 0.0468776753576862 -0.0454234463894108 0.0425166263882625
-0.0139007126983658 0.0573151006770317 -0.0496787648661783 0.0294325408110694
-0.0501145395521014 0.0571740146551428 -0.034899607205478 0.0281152335663833
-0.0567222115476433 0.0542116549229903 -0.0153050485523624 -0.0162702599779475
-0.0303600950537358 0.0612288249120202 0.0401352606864137 -0.0151957776239439
0.0154777617887138 0.065081824933742 0.0310997547907258 -0.0747340432042169
0.0500062849649539 0.0394791474195077 -0.0260765172074148 -0.0810520112343299
0.0479858427505756 -0.00334527421511835 -0.0628643643163726 -0.0285576596360558
0.0347469583237747 -0.0223232711818082 -0.0502888101318446 0.0107311334650838
0.0203090681588022 -0.0401414457489312 -0.0236682313354719 0.0271015865629201
0.0110445712136444 -0.0423981433961702 -0.00363062814296212 0.0175045040682847
0.0128014418920916 -0.0429956498814104 0.00725643990570355 0.014573079825436
0.0304973492293725 -0.0324418248696545 0.0148132406499591 0.0182176131976975
0.043650866166996 -0.0172804699354512 0.021464448502674 0.0324641728725701
0.0590005835357479 0.0200617531737954 0.00389867133402512 0.0484534725442889
0.0369853528231383 0.0558062548525046 -0.0311466257648921 0.0458035411096243
-0.0165158498706065 0.0667214928886109 -0.0377756446117063 0.0287033831602776
-0.0621503413841217 0.0622253273466434 -0.0134569113119283 0.0190176154165619
-0.068122690823327 0.0484297930335924 0.0126288012941842 -0.0275481838114991
-0.0476455034650571 0.0662923478325225 0.0587650688289795 -0.0209109021045335
0.00659701123169957 0.0813849372739542 0.0486541409878256 -0.0746750187763186
0.0554999372364356 0.0549547184079116 -0.00830197530344724 -0.0854645939488274
0.0582585082244155 0.000121769467294924 -0.0474178050571321 -0.0376203456446348
0.0410167627185625 -0.025038864274373 -0.037670478668501 -0.0031806403276295
0.0248448903574846 -0.0446742731783266 -0.0164586538124077 0.0115356912641054
0.0126700324528181 -0.0472722636942122 0.00160721378392288 0.00288237309813376
0.0118909429078828 -0.0469640103237313 0.0133719981800657 -0.00094816187923462
0.029963354050615 -0.0358711119984506 0.0232750534536824 0.00376789286809467
0.0444615604388375 -0.0200168129540203 0.0340332307846313 0.021975722750909
0.0622289774604433 0.0195353605087918 0.0179484890711275 0.0434335587596909
0.0374335990504393 0.0576988355415044 -0.0181462639524832 0.0447552859291816
-0.0192226734130011 0.0672086323025502 -0.0279758947927556 0.0240132927208843
-0.0668105448959523 0.0580104336084937 0.00704353051282247 0.00721788526568697
-0.0666305903101852 0.0341959196909613 0.0409604928449206 -0.0340302679102579
-0.056328907281145 0.0562335569648276 0.0761811371852455 -0.0232546423172872
-0.0053784133635311 0.0801989269915483 0.0629605250546334 -0.0654987451230337
0.0485447578031004 0.0601545700668254 0.0111496798793199 -0.0802556778486777
0.057435733454898 0.00423525600105662 -0.0273317780099415 -0.0422340256715928
0.0399028648304411 -0.0223774288619252 -0.0216364643884515 -0.01648841385665
0.0246158175850659 -0.0419178366893888 -0.00770785442316757 -0.00468525552266831
0.0122852377597391 -0.0446529340121966 0.00641804268556641 -0.0122110025408173
0.0104337291960575 -0.0447315436679124 0.0179559687318785 -0.0162982845893885
0.026703758620363 -0.0346218432369221 0.0306589211472576 -0.0102744503607337
0.0406665298524217 -0.0191577284417869 0.0437076278342432 0.0121671290461863
0.0569317641366142 0.0189478045927844 0.0285118872625661 0.0382423355468377
0.0317042993155043 0.0546773764118072 -0.00783609598543361 0.0428785128944433
-0.0224458281261703 0.0588106264262709 -0.0206085017249557 0.0183865140412509
-0.0643611872453115 0.0446827997522996 0.024644477580984 -0.00329948823097639
-0.0512698751989167 0.0145624487998034 0.0628096131359033 -0.0350513730372817
-0.0521886345068389 0.0355042210710797 0.0869180047014532 -0.022587809493022
-0.0136720373780294 0.0620672388869862 0.0708204745335974 -0.0518500556049727
0.0337784446966151 0.0517358837420687 0.0266058106575984 -0.0688438755862756
0.0451826224862795 0.00577820040102508 -0.0078973292982948 -0.0432360599392009
0.0308102571180553 -0.016757484611753 -0.00600881024137789 -0.0268971699090223
0.019176382570013 -0.032420102705692 7.14400220736825E-05 -0.0195112318838048
0.00995806966606463 -0.0355997580002536 0.0104655282518843 -0.0246780765098854
0.00828490673265288 -0.0359433271939978 0.0224558260832381 -0.0294769167892086
0.0209755926257037 -0.0290162843283762 0.0368595082172045 -0.0211729633580007
0.0335409857612562 -0.015829928716842 0.0508403860009875 0.00538635864331392
0.0459788494961479 0.0175696744865703 0.0350212581683164 0.0346218101323331
0.0215074661080912 0.0471820668350089 -0.000163725287451482 0.0410529016012861
-0.0251239021655634 0.0444581877125703 -0.0143888637595614 0.0132945504353664
-0.0557004545746968 0.025436557969403 0.0396351569913999 -0.0114759026636661
-0.0268190205196656 -0.00728051853962051 0.0736754682945935 -0.0319526001731517
-0.0345309059668507 0.00979396780926922 0.0884130497392606 -0.021792069958163
-0.0135443329911505 0.0319023948582781 0.0709110797530237 -0.0399969912442498
0.0156184876686005 0.0299916996730385 0.0344295859775713 -0.0574103949945029
0.0245291390523305 0.00368899096082477 0.00574967708255921 -0.0434444102596052
0.0159305438274576 -0.00931549495584767 0.00434964474972012 -0.0339634755560073
0.0104988731320443 -0.0179396333861284 0.00526061663960309 -0.0303006684935813
0.0055745026350753 -0.0212623327888269 0.012573057643305 -0.0330214145393995
0.00489251981381805 -0.0219741069015173 0.0254898170330014 -0.0387714815147302
0.0130558791131673 -0.0201492197249032 0.0424386152698462 -0.0276261258449324
0.022727923609941 -0.0115207614970867 0.0575252355987377 0.0020306180031892
0.030825357259877 0.0139972544501926 0.0397690801531004 0.0345487801709165
0.010126512964182 0.0340705613285013 0.0040976818601015 0.0421277560745815
-0.0248489021828482 0.0258423271422619 -0.010409720552061 0.0103960705103801
-0.0399564247798574 0.00300910883445343 0.0497510819443092 -0.0147588117854541
0.0105294606605347 0.0164506470950959 -0.0534476399491081 0.0259508114176233
0.0122519492950725 -0.00806159103115117 0.00876245705937999 0.00692258252872094
0.00126691568648589 -0.0142238328232082 0.000679842721565218 -0.0472915153931165
-0.0113136071395106 -0.00484502920272418 -0.0414272617764069 -0.0429922301455046
-0.00626209224275539 0.00540059231153365 -0.0651894044072023 -0.00418486116702343
-0.000687186761906338 0.00538756518724821 -0.0532653664550788 0.0347765197089206
-0.00218415633014735 0.00360160332474761 -0.028156381781846 0.04622496177841
-0.00216300197633374 0.00187784830710077 -0.0121761609493774 0.0408437746971812
-0.00130955001463505 -0.00121681568253553 -0.00668111014865686 0.0392652648024736
0.000370164111830688 -0.00373953436196692 -0.00696195861184376 0.0415104696357214
0.00107948816678148 -0.00643191768408715 -0.0121808389653556 0.0439185816249383
0.00935211179857638 -0.0072433932852336 -0.0356240344419783 0.0455104414458005
0.018125320361606 -0.000845013689826687 -0.0650322951454936 0.0356357074859355
0.0123188724846369 0.0156482579273218 -0.0719311805538343 0.0211846651831036
0.00130905659394886 0.0267121996295518 -0.0660888453795171 0.0333011891671494
-0.0115756465279621 0.0367202985874216 -0.0497507444019329 0.0140215845322934
0.00342458723449942 0.0173460912129872 0.0122152343844378 0.000741775660329944
0.0113319698189342 0.010023717794356 0.00367945537753014 -0.0567924257273862
0.0112040285964645 0.00606964614446299 -0.0433607116949115 -0.0537177609406348
0.0111239507194675 -0.000258390742462589 -0.0689537043739216 -0.0081405982238237
0.0110884602989958 -0.00608229160273222 -0.0558111768092909 0.0324009884264018
0.00416542281088979 -0.0138970485118018 -0.0277998608136456 0.0452860064616526
0.0019896975998802 -0.016149918606641 -0.010557590080496 0.0383836056353305
0.00514485570414009 -0.0182524708314465 -0.00295376003427125 0.0363781853287593
0.015729146407647 -0.0145995129299068 -0.00183313043438236 0.0383932941797165
0.0210877994609663 -0.00732676138229785 -0.00405359182013162 0.0429539291600552
0.0297533522908383 0.00995176061927988 -0.0257276890517484 0.0472935735127883
0.0217870801281021 0.0267880217068286 -0.0554057679042829 0.0393161694195116
-0.00460763476401441 0.0390166158619743 -0.0608749073724072 0.027630870050612
-0.0268855452561962 0.044638741616171 -0.0530506717495376 0.0333281419042464
-0.0345820667664575 0.0503091776945732 -0.0370305610426305 -0.000947881285961487
-0.0103730675051372 0.0430450429105542 0.0225305617074054 -0.00722505102157771
0.0180412946616847 0.0377759356257788 0.0129176798341539 -0.0678658516126863
0.0332751607829925 0.0199152795255011 -0.0399685444165983 -0.066406393853348
0.0299754254258794 -0.00387767217146618 -0.0687493517886951 -0.0157092043283042
0.0227488457815356 -0.0162486744965802 -0.0544261253598073 0.0247958492707328
0.0115870543318415 -0.0295578209713723 -0.0259974058577186 0.0385608866189381
0.00583891428177813 -0.0314159626454315 -0.00681374697912873 0.0299347459397351
0.00891232115052006 -0.0328705802106189 0.00224035899626477 0.0274287465370162
0.0247096666129126 -0.0252375998103288 0.00683194281877119 0.0299060913572082
0.0354010724603446 -0.0129029142038475 0.00844251877579066 0.0386948058420287
0.0482770788578888 0.0171909196551666 -0.0105308681487984 0.0485675751239589
0.030581413171369 0.0452565259486556 -0.0424425253228375 0.0441874588211882
-0.012118821545912 0.0568590799228251 -0.0479713324572476 0.0306638557716864
-0.0472023919384236 0.0579541586713805 -0.0342731560861624 0.0285390944841157
-0.0542152330085949 0.0548640570900111 -0.0151915039597667 -0.0154446174584451
-0.0279596096152153 0.0611061454253353 0.0386829104878084 -0.0158038436534575
0.0179352528721301 0.0636321903165184 0.0275688008935437 -0.0749205190828145
0.0513673950219491 0.036957101207634 -0.0290287207777009 -0.0784635469256431
0.0469424892700518 -0.00504556887474199 -0.0616161341717696 -0.0259956443765516
0.0335627855066337 -0.0234436000937868 -0.0484949349217453 0.0124812342888875
0.017910099268295 -0.0401195744698818 -0.0216116784352741 0.0267097978963545
0.0087774758020096 -0.042135668789445 -0.0028776680366429 0.0172305746499288
0.0101753277032229 -0.0426800367155065 0.00821421916489057 0.0134780624669153
0.0287118516134053 -0.0331764732791435 0.0158335264645371 0.0174372993565747
0.0422908415398065 -0.0185381668777762 0.0230977597314827 0.0305400012115526
0.0596258246000265 0.0174272026466192 0.00589474151787188 0.0470451847162859
0.0382764131370595 0.0538677383910645 -0.0286520853434349 0.0468014747312748
-0.0146456598750051 0.0662641849293971 -0.0364258545142662 0.0296003989831485
-0.0588446590027945 0.0634936854488681 -0.0130478705876217 0.0188639514011166
-0.065417356060593 0.0500370835605131 0.0118113138340458 -0.027235199827042
-0.0449840966309778 0.0664614981752706 0.0570804442493285 -0.0223985046348776
0.00944317965333847 0.0793895574936782 0.0452809291120025 -0.0749031280396424
0.0576843299379322 0.0512390151720145 -0.0115184495050742 -0.0834402350824928
0.0572756360539243 -0.00218368906684766 -0.0468942226397317 -0.0349526574856259
0.0393764942043981 -0.0258824189300863 -0.0369213640161399 -0.00198784270860139
0.021906167405563 -0.0448885685923932 -0.015070092847757 0.0115772041539665
0.0103011765165041 -0.046873842486503 0.00170517942521497 0.0021293063132508
0.00998847322542904 -0.0465437443474557 0.0133019935983911 -0.00191227407958578
0.0277538716673549 -0.0367257206843449 0.0233360334966874 0.00234009240181275
0.0431661792105032 -0.0212242573517955 0.0346763338731536 0.0196196307057137
0.0616697907826918 0.0162020319420242 0.0199795438599626 0.0419429427646207
0.0391004765364713 0.0548692939829915 -0.0159476648734045 0.045879274525499
-0.0164758621008383 0.0662154963322434 -0.0267053989092872 0.0248582914951041
-0.0632081309824346 0.059331996249765 0.00620732675103772 0.00694890839208974
-0.0641174777251308 0.035957925761263 0.0395337520953883 -0.0342186290449716
-0.053378219951319 0.0572723630082997 0.0734278871725534 -0.0251751006911758
-0.00227948335790136 0.0792608519905606 0.0598228868339966 -0.0667635942211548
0.0507503814940135 0.0568129543608732 0.00741110666875718 -0.0789178785334763
0.0567536970817306 0.00174692955863307 -0.0276326461266209 -0.0401875231179658
0.0386011053946416 -0.023631133776533 -0.0217573085889933 -0.01524019450006
0.0219693809913007 -0.0418443631659722 -0.00751790177642498 -0.0050410938471175
0.009620346213337 -0.0444197768767456 0.00607442438042146 -0.0123609150888594
0.00826776046896795 -0.0439111163075717 0.0172255354324026 -0.0168936298537023
0.0245906009371152 -0.035014297063494 0.0296241851295158 -0.0113422176933044
0.0392664964197185 -0.0205787590726315 0.0434232391027982 0.00938436928723503
0.0567047740456846 0.0159632983293067 0.0298703423052074 0.0364787909962464
0.033134628751307 0.0516390578555351 -0.00568316164548036 0.043268926862861
-0.0201470856826884 0.0579597891387825 -0.0197919902852248 0.0190625510666056
-0.0608694226567301 0.0466604491077718 0.0237228721059077 -0.00472757551817055
-0.0502985120347682 0.0165278161276522 0.0614713190113399 -0.035797024338574
-0.0493124171872368 0.0371158478125287 0.0842591357429412 -0.025021392584542
-0.0105606482249477 0.061740504427321 0.0680815134013004 -0.0535788180729363
0.0350548183644369 0.0491449853597956 0.0231269210082439 -0.0680566491423303
0.0442985950914006 0.00364808068625385 -0.00888127710897984 -0.0418897556874896
0.0299856898791543 -0.0178583506100478 -0.00720695687721185 -0.0263076791008822
0.0170469290234749 -0.0324169135185908 -0.000205077535721772 -0.0193262534071012
0.00773647092738808 -0.0353427303103788 0.00979830117033246 -0.0246701992061241
0.00628765839867578 -0.0353742993287005 0.020784923768689 -0.0297998077160206
0.0190423651516337 -0.0289989780160402 0.0354064971686328 -0.0223468671620911
0.031959740022653 -0.017087118366929 0.0506758784360784 0.00275039260874346
0.0458796204673806 0.015195817840557 0.0364052005946701 0.0321825834125535
0.0232488012320599 0.045087119497265 0.00145752323306119 0.0408186403566113
-0.0233613158669388 0.0442821789893078 -0.0137916935923761 0.0139587631852741
-0.0532704734677741 0.0272615416220341 0.0377192114464876 -0.0123531480968583
-0.0266265489156091 -0.0054112748673395 0.0726559644966898 -0.0336239566887732
-0.0331201671071468 0.0114315821397254 0.0863129692032322 -0.0245509186116542
-0.0119892724114619 0.0315166309443872 0.0679824225487503 -0.0416685001998069
0.0161076521780848 0.0286708119146093 0.0311085339964244 -0.0573295730699088
0.0236508739206251 0.00235937124720784 0.00395591258843841 -0.0423070498757719
0.0149630084269346 -0.00924274477496798 0.0028642948564556 -0.0334546806272424
0.00938642167506578 -0.0174422794247992 0.0043854549215769 -0.0303494803397201
0.00436719213542994 -0.0208556338853735 0.0108822867539052 -0.0331057254318599
0.00325922078979224 -0.0216905757513548 0.022957282119629 -0.0388816279553553
0.0116941820611275 -0.020290312757272 0.0405678911406735 -0.0288171017681687
0.0219105997219153 -0.0118440278681482 0.0568872312740447 -0.000421396707132616
0.0311395951182227 0.0121466250700089 0.0406091907678588 0.0319783245544998
0.0116076543088388 0.0320396448586939 0.00547828028740111 0.0413648994522685
-0.0230087860279115 0.0259582438468914 -0.0100712722276841 0.0107541629331081
-0.0384156160565311 0.00459044317021206 0.0476719129962518 -0.0163152487362572
0.00996871171150492 0.0156350678273098 -0.0504742422838107 0.0255869467665849
0.0111753197778317 -0.00750534926874838 0.00925144645249118 0.00634186389351115
0.000914681562442726 -0.0134612432846573 -0.000443156754924318 -0.0458283653937784
-0.0104685528872675 -0.00450445643578151 -0.0411976991884388 -0.0406303240287039
-0.00558458399453887 0.00499713701443853 -0.0625700822044365 -0.00269884897893548
-0.000233533611023591 0.00423420322160986 -0.0498030902910745 0.0344604218480183
-0.00177131220244857 0.00337157580491818 -0.0257530715347803 0.0446708450003748
-0.00224786017801785 0.00142997002545416 -0.0111553142615546 0.0402333891019084
-0.00124757951894877 -0.00133456053484317 -0.00541082870418747 0.0379122275722674
0.000504339863158854 -0.00425953770793199 -0.00561646124885869 0.0398781504219113
0.00111354164738443 -0.00599666178623812 -0.0111441400723993 0.0424302438693466
0.00881205257648343 -0.00695498036732571 -0.0334976073033951 0.0444233558698801
0.016536812505922 -0.00100594878167091 -0.0619825785462101 0.0357752777888332
0.0114619279527686 0.0156534764555325 -0.0694476162268958 0.0212444721979781
0.00125684868659887 0.0254457431503681 -0.0642024331210795 0.0328657065245641
-0.0107907578057928 0.0349995058611926 -0.0477201003610003 0.014002295959112
0.00332252102671802 0.0175856963212302 0.0124290102245443 0.000830132447424308
0.0110856498309842 0.0102320427198144 0.0021530079293269 -0.0553904947048138
0.0114309254413574 0.00609065452666513 -0.043236297707353 -0.0509671804589348
0.0111434451061692 -0.000722177656849734 -0.0665222937405891 -0.00628516407092179
0.0104605366274392 -0.00674499043147997 -0.0522890549511771 0.0324260649772911
0.00368881147209955 -0.0135361376538347 -0.0256469237738301 0.0440065824327133
0.00158165701901977 -0.0155534989986074 -0.0091944155271039 0.0369176462574451
0.0043621899738128 -0.017609771560099 -0.00171018077990653 0.0349545520463335
0.0144034765791862 -0.0147241836265331 -0.000576239257211163 0.036796539799386
0.0204658089340512 -0.00804425844402052 -0.00323969182020333 0.0408450496483819
0.0296751671069966 0.00913096976235353 -0.0237287316373959 0.0460156226310161
0.0214127107717152 0.0257773753429343 -0.0525108880373247 0.039593053585766
-0.00417808764973181 0.0381740626739831 -0.0586194647263262 0.0270010970622551
-0.0255308545409417 0.042922059369901 -0.0514603598746858 0.0328235892864081
-0.0326569513981772 0.048733799562442 -0.0353901925088906 -0.000211101051771771
-0.00957322685617418 0.0420145431745811 0.0221690830227812 -0.0074631014952072
0.018287370275817 0.0364876815437327 0.011477588446491 -0.0658549004601186
0.0335251903280738 0.0189857023821835 -0.0398768289710201 -0.0637323041499384
0.0292318251257483 -0.00437852229814802 -0.0658701881781084 -0.0144404513711914
0.0220062894976185 -0.0167245538327354 -0.0517124361747799 0.0245286750572918
0.0104852953610012 -0.0283491239494356 -0.0237761638056659 0.0371849463897303
0.00478237117850892 -0.0307311432608857 -0.00638883665460192 0.0287270109817091
0.00810321622223435 -0.0318559596317348 0.00317194340657592 0.0260333466647345
0.0234684255498181 -0.0252656284682568 0.00754527114734264 0.0282796121468108
0.0340978783029009 -0.0133725430353243 0.00936455162892478 0.0364797143974994
0.0477589725269967 0.0151700819566161 -0.00900765396481775 0.0471448004850448
0.0299973661357732 0.0430877162551487 -0.0396257731194145 0.0444239372218993
-0.0116059313705201 0.0553493973372797 -0.0459761170447046 0.0304785060536056
-0.044541589744504 0.0560070081381173 -0.0328221278716082 0.0279732430653056
-0.0515066935803414 0.0539355477390913 -0.0143916294380865 -0.0148402871511095
-0.0262874463931398 0.0596093496381849 0.0371470294298366 -0.0156560300663644
0.0180443492010833 0.0614627126245646 0.0255308940562912 -0.0732613964392604
0.0503257162689173 0.0343443445218013 -0.0299807289312681 -0.0749792024722398
0.0455705594805887 -0.00562399132040515 -0.0589979059185445 -0.0237983247283687
0.0320407780379563 -0.0235938162960491 -0.0460195921164686 0.0129964435973044
0.0165367528468507 -0.0389995750070379 -0.0195258722300332 0.0254473242264992
0.00693503068500688 -0.0411446453254516 -0.00265148105784824 0.0162282291612738
0.00890878812592155 -0.0417664177063918 0.00825811832052177 0.012496562947963
0.0268945751130082 -0.0328126707408839 0.0158169999175418 0.0158854812183391
0.0407851101026744 -0.0188110234449142 0.0232506437407109 0.0280995536749422
0.0588472336253725 0.0153176280139101 0.00681781369191719 0.0448625739016792
0.0377419390815759 0.0511848966327156 -0.026283367485939 0.0467412166149731
-0.0131154266351051 0.0646528125708483 -0.0345606248001239 0.0288566842600473
-0.0553111466253377 0.0621644847884014 -0.0125817679410597 0.0181660249165996
-0.0622220594619664 0.0490054791278479 0.011363482031035 -0.0262625970248791
-0.0428647227316009 0.0650583531091951 0.0549578661371693 -0.0222423115922969
0.0107825920567601 0.076615857013346 0.042101384318883 -0.0736851503460623
0.057109969748622 0.048241829880885 -0.0130575297178922 -0.0799642792497086
0.0555040896078628 -0.00336198535088685 -0.0455230170174195 -0.03305354581369
0.0379114113436593 -0.0263895844867173 -0.0356517591552671 -0.00139891845839514
0.0200527808017833 -0.0433878032315222 -0.0136172942556417 0.0106370520938143
0.00798603870864622 -0.0453541773621703 0.001944370266431 0.00213641955457724
0.00814435328959557 -0.0450854922844774 0.0125934348314011 -0.002706303492053
0.0259898247558604 -0.0358378608630529 0.0231011029932312 0.00182574373978297
0.0409123319488982 -0.0216451532933231 0.0341598938833172 0.0175391584117569
0.0606984895567508 0.0139476702343697 0.019898223163873 0.0399912208074395
0.0388001236400027 0.0519684496568153 -0.0139269274095538 0.0450795813624475
-0.0151065586583262 0.0643267118452317 -0.0256672165250923 0.0248658550460854
-0.0598959922727641 0.0586632703937226 0.00612563578695341 0.00665700312454144
-0.061260964886509 0.0358949446284715 0.0382479385426264 -0.0333321007887286
-0.0509174319743957 0.0563574354017435 0.0710872312430489 -0.025051258253754
-0.000412478053078972 0.0763761508478746 0.056401730168893 -0.0654249945971139
0.0506414708616663 0.0534279372192593 0.00512651312293039 -0.0758138192934365
0.0541398119821416 0.000495766159853823 -0.0271486887634069 -0.0381435480318134
0.0366140215117449 -0.0236419850480091 -0.0211541258407533 -0.0147332344818016
0.0201968393738617 -0.0408057108493565 -0.00691596980565622 -0.00483720780020947
0.0075807169542697 -0.0429635863524976 0.00557446086243957 -0.0120932922554495
0.00739271045400276 -0.042157023837613 0.016160590814527 -0.0171311787964049
0.0228384109695275 -0.0341971344080398 0.0285907650280023 -0.0117272549389606
0.0373371531662951 -0.0205631767551141 0.0427511512675696 0.00742656888525094
0.055061941707799 0.0140376467400739 0.0296070377109619 0.0338836347784492
0.0333085624797802 0.0495207490951579 -0.00457242134519804 0.0422099397088775
-0.0182137448530124 0.056332958680765 -0.0186192828648955 0.0193657776720062
-0.0573260362048679 0.0461701496088736 0.0223601241749198 -0.00472269399452852
-0.0486768874922542 0.0171133649655628 0.0596935813877209 -0.0357289110758626
-0.0469552707586389 0.0366776177221042 0.0810425259003391 -0.0250982771464568
-0.00846204566791797 0.0596949507928172 0.0642514232248567 -0.0528686637186601
0.0353525107909017 0.0463455256343729 0.0206775318264406 -0.0656082282071259
0.0422646942240033 0.00251584746543963 -0.00887080219983861 -0.040514826263288
0.0282132313046688 -0.0176149332425032 -0.00771195245676055 -0.0255294046830487
0.0156120320770049 -0.0313418351088676 -0.000446684482067895 -0.01911982310923
0.00617848467267635 -0.0344344337717058 0.00859771300044375 -0.0237421136097985
0.00550660937503019 -0.0337832395597104 0.0193162604141985 -0.0295389089419024
0.0175823964402492 -0.0283053656557759 0.0337825764544551 -0.0217320559047429
0.0300881339160316 -0.0163389357419259 0.0493459250423948 0.00116532711770923
0.0447548742787141 0.0131104722182633 0.0356122141602761 0.0301452163801715
0.0232561540599015 0.0427180492097092 0.00208025076763899 0.0398673096329638
-0.0217905610718233 0.0430059762047003 -0.0130797521822131 0.0142595627353751
-0.0501730276467414 0.0274097684896239 0.0360005626404415 -0.0125433920522809
-0.026062702717489 -0.00414215443041354 0.0704112513420408 -0.0329634875501288
-0.0315770753677372 0.0117736197316682 0.0829683941690247 -0.0249640170976997
-0.0106175555567895 0.0308151091603663 0.064833697233708 -0.0419406623741544
0.0163693233652203 0.0265860232540111 0.0286118870560066 -0.0547123932534546
0.0223377023899197 0.00174085457392286 0.00304863361521257 -0.0408752864773261
0.0143215287422959 -0.00942225948534536 0.00185779629463189 -0.0326143786746664
0.00780882680084973 -0.0167342185173834 0.00375157250860841 -0.0289880239765587
0.00355063525181906 -0.0199063650146443 0.00991594912994647 -0.0320053319725402
0.00306913969520131 -0.020658129990731 0.0213598871001126 -0.0377818725411743
0.0104855521414081 -0.0195268538332871 0.0384730552081099 -0.0281904338238169
0.0205058487641061 -0.0117910690708957 0.0547670987839326 -0.00191033568538891
0.0298274914252567 0.0106437296390728 0.0397865632741512 0.0302423708228815
0.0116955245897021 0.0304393824854615 0.00668767550488696 0.0400546307552442
-0.0217663567873114 0.0253983451469484 -0.00984685573740956 0.0108499737343537
-0.0365630079519076 0.00587210625258612 0.0453801011883325 -0.0168058555313691
0.00964022725266075 0.015264114932061 -0.0493187398289168 0.0240410486987213
0.0107082560288348 -0.00687003603999769 0.00908747564755918 0.00633365223285253
0.0012721131346241 -0.0128953985770587 -0.000386302046373538 -0.0452142282921908
-0.00969520327260871 -0.00413188095105541 -0.0400397053239608 -0.0396977441547686
-0.00485278654644882 0.00433972119020924 -0.0612148028361398 -0.00302786288863211
0.000192266800258727 0.00410639261418717 -0.04810672364503 0.0330983386310168
-0.0018665737125254 0.00282877275884616 -0.0248915126670149 0.0431924870195968
-0.00190577410471877 0.00116317782331788 -0.0108698785449198 0.0387973606006565
-0.00116513868519685 -0.00151902630254135 -0.00540688638755072 0.0367633558370239
0.000664846518244792 -0.00392063849315457 -0.00521338487818488 0.03881204399306
0.00124083430401798 -0.00552436911665878 -0.0113832481067822 0.0409025337307939
0.00911771437753846 -0.00665161675698164 -0.0332569317811499 0.0430170796522746
0.0156980908615398 -0.000553526545336518 -0.0597540493377993 0.0344649175248652
0.0107282873434902 0.0155586738342477 -0.0681551609880271 0.0194151652454336
0.000967943436569162 0.0246245543167959 -0.0636152646919495 0.0315090081297018
-0.0111520545584175 0.0339077923422663 -0.0462449045190888 0.0131398214155784
0.00289851076279802 0.0173981705049625 0.0126233438343411 0.000592005838738499
0.0107182687640036 0.0102691456666013 0.00254815241504828 -0.0543578327527591
0.0112643630281882 0.00567949314174934 -0.0419912797910732 -0.049558509614797
0.0110326054233416 -0.000927874079534072 -0.0643954229629317 -0.00680350008070744
0.0106331417430046 -0.00692242779204124 -0.0502009248286059 0.0306379903064265
0.00389996217170912 -0.0133088968511784 -0.0247065882210756 0.0415591798946893
0.00136697729370157 -0.0155072425599566 -0.00923067720992893 0.035871044769587
0.00455706417687552 -0.0176654303948194 -0.0017773672766197 0.0335475922236474
0.0144384585324254 -0.0145548885697883 -0.000537972507365163 0.0354159831716754
0.0201938405659475 -0.00752105177652822 -0.00310353493332485 0.0393607052061639
0.0284838278694921 0.00951625542979027 -0.022983082628919 0.044609972071638
0.0201188091300971 0.0251572953987773 -0.0507961599377328 0.0383022251417921
-0.00515311545421154 0.0373314337259973 -0.0570951899630923 0.0256282317768827
-0.025204438304924 0.0410553904519918 -0.0513318686817679 0.0312081832763605
-0.0325288529248843 0.0472438214455576 -0.0341038600070902 -0.000547432644944179
-0.0105416377761805 0.0407523476785745 0.0220395737597604 -0.00683441185307693
0.0174806433667055 0.0355807575353871 0.0110037079541503 -0.0644957792270073
0.032846009874103 0.01845699367101 -0.0388211290471343 -0.0620301914197248
0.0289064324351459 -0.00451835348705973 -0.0637034074434962 -0.0143236933447792
0.0218301850680573 -0.0164096825160868 -0.0499059175400379 0.0233736245562253
0.0102938042628542 -0.0278170663882578 -0.0227913944610197 0.0347728690642634
0.0043541749609881 -0.0298326867409369 -0.00678450475205806 0.0278887686086274
0.00770088978318054 -0.0311736587745644 0.00312799270606481 0.0248533935862659
0.0234305995145836 -0.0246104218197057 0.00762581457026983 0.0272828990145312
0.033010076931194 -0.0124315657849663 0.00956342665090204 0.035191980455058
0.0463794189534803 0.0149333742581616 -0.00879684102247872 0.0459048257457161
0.029052669500829 0.0423374569921275 -0.0387650212988216 0.0432043485281661
-0.0120457382899019 0.0542551703947414 -0.0451401249608328 0.0289452655124213
-0.043370848833623 0.0539414620227202 -0.0329805748826533 0.0264714822146598
-0.0507603171123195 0.0519749878199975 -0.0136563090751474 -0.0142263224335742
-0.0271250515689726 0.0578188052845924 0.0366505544232257 -0.0148536143775764
0.0173457514970526 0.0595714658361366 0.0250137961681324 -0.0711386638060751
0.0495957392029142 0.0337830712030377 -0.0290472418660401 -0.0729599562930489
0.0446336630623212 -0.00552790169184652 -0.057266893071409 -0.0241892408477297
0.0315824795200753 -0.0232461642312767 -0.0445958357833182 0.0123606344951221
0.0156530718680872 -0.0377173466164568 -0.018735413062705 0.0236910137613112
0.00632715373289943 -0.0397531451073977 -0.00248446232903212 0.015657667569788
0.00903817308141267 -0.0403654842514506 0.00799839004441215 0.0117032075236671
0.0266018501260706 -0.0319967489534242 0.0158161164551365 0.0148637228592329
0.0395341098432287 -0.0179385047767738 0.0225433520015498 0.0272986581670994
0.0571279409567994 0.0147506127849602 0.00672386137868343 0.0437497118492313
0.0359876243225901 0.050124705887289 -0.0253258056116841 0.0454955401528552
-0.013919400363646 0.0625217682512359 -0.0338382327368612 0.0283809234398374
-0.0537753311255804 0.0601460325350242 -0.0130949676019919 0.0173404767998431
-0.0614398126364894 0.0470809857028432 0.0121676093682755 -0.0250812822617539
-0.0421242658948705 0.0629043139894241 0.0537760154804209 -0.0205822790274569
0.0101869801161369 0.0746074764488393 0.0411099517507667 -0.071155550986943
0.0553234500238757 0.0471325616242712 -0.0125314900605174 -0.0774871323736768
0.0536126492805558 -0.00281686953051262 -0.0435261654379138 -0.032073203483528
0.0365585381980253 -0.0252846394505187 -0.0345081976765325 -0.00144601885388692
0.0190897321103363 -0.0420848948607897 -0.0131656559083179 0.00936129090021828
0.00707557548468754 -0.0439987795833844 0.00162168617667875 0.00179637412286613
0.00813680794438454 -0.0436681569864566 0.0120364577168687 -0.00253964623059799
0.0253457095005868 -0.0350255657364961 0.0224418219439901 0.00130911183312101
0.0404577560975969 -0.0204396212975999 0.0332318759483469 0.0166359689536698
0.0591099335966283 0.0131553609059403 0.0194061607136057 0.0387307706004876
0.0375403047555164 0.0509378497457472 -0.0136133376675529 0.0445574118301405
-0.0154364323022289 0.0620026080608059 -0.0252959596986841 0.0242557365254827
-0.0580617954347725 0.0561586388620962 0.00473293081029626 0.00644611186606999
-0.0600884100075051 0.0348966299919293 0.0381987252227943 -0.0321602190053203
-0.0501314431490563 0.0549065529822505 0.0692696588799557 -0.0234921775386867
-0.00103843264349707 0.0742317092731593 0.0557023225933547 -0.063260659324214
0.0492216594227145 0.0520705038553714 0.00525079206733256 -0.0734208113592717
0.0522608415871338 0.00102076680195453 -0.0254591725699898 -0.0371869219326523
0.0356007028096466 -0.0229039453119012 -0.0206123525865179 -0.0139870673353789
0.0191947335347572 -0.039024102343467 -0.00614444223960939 -0.00605914435394361
0.007043041045112 -0.0414639281150161 0.005520338700043 -0.0116878046479804
0.00669019341388465 -0.0411071165927582 0.0156521261109433 -0.0168121248393138
0.0220473783093928 -0.0330326170459276 0.028180826303561 -0.0118997180272962
0.0362480736674915 -0.0192115213234784 0.0413374788693702 0.00721901290059557
0.0535332481738877 0.0130818293288223 0.0292939506161539 0.0332481311178334
0.0318770282816099 0.0476131955572989 -0.00443089057130586 0.0415858287024982
-0.0186768547391378 0.05468375970733 -0.0181191677315343 0.0183782601627515
-0.0558988914262839 0.0443063425216139 0.0215333844552966 -0.00401581744778412
-0.0470066443362346 0.016707916740039 0.058908000754518 -0.0340063017876841
-0.0461865915641044 0.035988124806358 0.0788188930149475 -0.0233278633645006
-0.00906947574105125 0.0573472358081554 0.0630242445843668 -0.0509768284699745
0.0340449636867187 0.0444393187781991 0.0200104778398171 -0.0631402602157432
0.0405365405034696 0.00306137562341003 -0.00804244546061564 -0.0387141665489062
0.0271244685909725 -0.0168874543835263 -0.00688918689064396 -0.0247071611030599
0.0150365547361418 -0.0298219375471583 0.000489650240372957 -0.0183941054809465
0.0054184767426121 -0.0331482380132778 0.0086898545477129 -0.0231820620865458
0.00527404241324348 -0.0327272069219982 0.0187141067304672 -0.0284438346807959
0.0171715929855141 -0.0270845570821815 0.0328298119699536 -0.0213630185289891
0.02947658821847 -0.0161102922980787 0.0477656665045798 0.000827764059605538
0.0431056226091062 0.0124403611978256 0.034681126509325 0.0295833876508138
0.0220937145263688 0.0407758225643248 0.00220891168835051 0.0392106682852524
-0.0215630914961659 0.0416799041969863 -0.0131580664689693 0.013789349115385
-0.0481878136488445 0.0265396442663087 0.0347495261367428 -0.0116257056563011
-0.0249615233310111 -0.00359030479736629 0.0693488578052854 -0.0313006232846136
-0.0305872198998068 0.0113959312484315 0.0806740048619776 -0.0233331798560693
-0.0104472423487315 0.0293396027375706 0.0630153503274703 -0.0398580455508669
0.0157676434406108 0.0257552996147102 0.0277132165734732 -0.0527139365190506
0.0210510837177933 0.00231041082576375 0.00361622496613888 -0.03932424434745
0.0136224361769828 -0.00887040287837806 0.00148779613303635 -0.0317390061146398
0.00780689647844793 -0.0159826736708727 0.00410071149135387 -0.028229546174469
0.00285976140931181 -0.0192303087766101 0.0103302696492722 -0.0308240764280803
0.00275540578292982 -0.0196764359034787 0.0209333586413113 -0.0362100037767807
0.0101921589956349 -0.018586680852283 0.0372712004431477 -0.0272809412743902
0.0194941353825077 -0.0113229347549119 0.0532471198214676 -0.00219522612781568
0.0286584363660788 0.0101581364351496 0.039342493356879 0.029628717889019
0.0109383143065308 0.0291733459972251 0.0059926661983252 0.0397191619722049
-0.0211518991177003 0.0240255903697898 -0.00971630089431725 0.0105948956574838
-0.0347517806149543 0.0054354884340836 0.0437183728525695 -0.0157422412957283
0.0110865927722471 0.0131378202811669 -0.0464464347045613 0.0345060167685625
0.009228946421587 -0.00779536789106461 0.0108753944015208 0.00467110961752368
-0.00122382454371215 -0.0125564780719821 -0.00771228444144577 -0.0456741346924763
-0.0103581509222316 -0.00214010910491382 -0.046840684494883 -0.0339496825589976
-0.00452457372566794 0.00534547307918693 -0.061659120620587 0.0077625449739236
0.00115042931131873 0.0040002609302848 -0.0422614553507187 0.0412772062813092
-0.000986461204699521 0.00348213185328304 -0.0175891301309553 0.0459176884519468
-0.0014323607476594 0.00150045513737458 -0.0044487705229996 0.0398732679186875
-0.00115129695704113 -0.00150812802811895 0.000840017883637008 0.0375100169513969
-0.000382649172990368 -0.00350233502037288 0.00204080768881995 0.039672968705561
0.000380650816496987 -0.00482302612290938 -0.00371814168205864 0.0428460538748187
0.00643900392937449 -0.00755856726320346 -0.0252348773707568 0.0498404637956966
0.0136425922615921 -0.00295601127392199 -0.0535668709991805 0.0465470299185373
0.0118195561226131 0.0128942468170164 -0.0659761031973447 0.0321756501608937
0.0036624444081793 0.0234833855053537 -0.0603767890022551 0.0410780562346974
-0.00526605662264686 0.0338214760119165 -0.0466046204102627 0.021824964237491
0.00546183430077148 0.0163821443796013 0.0123591239959269 -0.0012688303095592
0.0123651396675037 0.00748644778397643 -0.00752515820133227 -0.0536217643830281
0.0116957709077843 0.00336297680898998 -0.0503551112022905 -0.0417649997912083
0.0105029733467426 -0.00234818365092694 -0.0649890540337955 0.00471704013304936
0.00927991055110013 -0.00797907974042014 -0.0441466773030441 0.0392687425263062
0.00128654083836909 -0.0131223043537529 -0.0163960421541701 0.0448566945189703
-0.00137421832951155 -0.0151783360364807 -0.00300791946010094 0.0369556794643527
0.00167149532411741 -0.0176357783322938 0.00393327450048247 0.0339335305488117
0.0116622427636998 -0.0161865962480189 0.0060601060667093 0.0359653225221464
0.0181404993218626 -0.0097627406428779 0.00390425552979178 0.0403667262554898
0.0289017451935004 0.00386185799601698 -0.0152985984731739 0.0493452449352147
0.0221783446379334 0.0212628813680392 -0.0450820356781815 0.048535607958811
0.000419830551687669 0.0370828159304243 -0.0542793010119618 0.0346923982738808
-0.0185267754156062 0.0447450853957948 -0.0472500066356117 0.0372038524404963
-0.0233457804908188 0.0495217359924145 -0.0383726434303367 0.00553377392731428
-0.0031358775850186 0.0408910338049121 0.0194929159498317 -0.0101722983916374
0.0226247772777121 0.0307091133912675 -0.00160721575467503 -0.0634794770902704
0.0340104558466729 0.0109996787681671 -0.0498555945085608 -0.0528649323744674
0.0264639341252075 -0.00870452249933936 -0.0646489852651925 -0.00239916616213223
0.0181690061880644 -0.0192100192769875 -0.0439909800982023 0.0317862365692088
0.00441828412489547 -0.0276838082583985 -0.0144265834250962 0.037923872380958
-0.000828980654813041 -0.0291240701337468 -0.001604571067366 0.0280461699242386
0.00234183499103531 -0.0312714560564589 0.00709663550180623 0.0240764101812435
0.0186352548455936 -0.0272090312684796 0.0126796822072367 0.0264853558229545
0.0301029796368542 -0.01676901044199 0.015959964829842 0.0337112739077149
0.0469755230704864 0.00694728950207584 -0.00113061882736609 0.0485085622876402
0.0334737978497013 0.0360844085437602 -0.0326096371898689 0.0515305824974825
-0.00297017146609801 0.0550413794248566 -0.0414434764337347 0.034928024841403
-0.0342226734585901 0.060774631544181 -0.0289272445822412 0.0282918721261409
-0.0399444302325537 0.0568638912506311 -0.0204610930590857 -0.0116849846996928
-0.0159090894396993 0.0596660689134519 0.0317991682479029 -0.0205421540598467
0.0270230846455191 0.0532774726397658 0.0095569615916274 -0.0713783418028818
0.0528338327973841 0.0218897213780531 -0.0422935714761516 -0.063407081744309
0.0410297828150253 -0.0123580805122433 -0.0589540525583659 -0.012336059449408
0.0263575538172078 -0.0272339750553091 -0.0400123927227685 0.0200242611495631
0.00789942644946627 -0.0387399342051599 -0.0116744012431815 0.0261577195882748
-0.000468352324355774 -0.0392067000428519 0.000325275867475419 0.0156447710186353
0.00147509025151257 -0.0401309456169761 0.00992220992649063 0.0105395302814546
0.0200538383997889 -0.0349771620240052 0.018887961040727 0.0130490439285806
0.0352620660984469 -0.0230799292471637 0.0276583163767057 0.0230690934608643
0.0569496978651217 0.00528655209569002 0.0143152651022101 0.0440453500445126
0.0420443936179319 0.0421358290759947 -0.0195683250560395 0.0518691438738858
-0.00305014789142607 0.0634594090059562 -0.0305001962502699 0.0314401470072421
-0.0428374120549169 0.0679463241620052 -0.0103228035111451 0.0151549716798192
-0.0501936649860389 0.0543307625707599 0.00355682668580775 -0.0284145587505434
-0.0296296613138175 0.067404858318484 0.0472575493860325 -0.0299008471604503
0.0224396611777967 0.068575328709461 0.0247716721146031 -0.0741882138137191
0.0606659605708105 0.0334151452463005 -0.0272112332072279 -0.0693823235386461
0.0503769279236956 -0.0115119669483981 -0.046395966958937 -0.0225274379786639
0.0313239043873128 -0.0303104696549355 -0.031843799175771 0.00535495326855406
0.0103232099420996 -0.0434272434826704 -0.00772686986505499 0.0112511482959691
-0.000637089221374403 -0.0432758597055128 0.00193650383894714 0.00144875341334809
0.000639777893021079 -0.0433041848536486 0.0113950730470349 -0.00457654263112506
0.0190257791475919 -0.0374672645630045 0.0231216023679581 -0.001949882314067
0.0350946036832679 -0.0257605241886422 0.0366331773102159 0.0113401085442753
0.0586325061863769 0.00367012611316721 0.0265024736375061 0.0362139618970211
0.043243153755707 0.0428747069438501 -0.00738822807579603 0.0487983868639851
-0.00477327530771602 0.0635513074918083 -0.0219429540038891 0.026172977454297
-0.0468574017973326 0.0652449463213907 0.00716734091013827 0.00112090137879045
-0.0511993187709752 0.0424691015124271 0.0299606836213781 -0.0398801316915668
-0.0383232197446494 0.0606198622309052 0.0625614721565374 -0.0359471427139049
0.0123172948501843 0.0700385735619041 0.0390681268210348 -0.0688854819468211
0.0556937406029466 0.0392396035897404 -0.00923443114818395 -0.0683498610388339
0.0495276090385571 -0.00793656172783757 -0.0294090412997392 -0.0305252982427696
0.0302507506347459 -0.0276631256673761 -0.0203935174621155 -0.00976970438779719
0.0106577848588686 -0.0406131754474525 -0.00320133762863279 -0.00431374642800849
-0.000323351744867021 -0.0408281977885683 0.00341446762250306 -0.0128461634381088
9.74658564488662E-05 -0.0404588528225555 0.0126090281906658 -0.0189183319273049
0.0158831173020442 -0.0355405587650957 0.0262544842172333 -0.0156266220845573
0.0321824529112554 -0.0238835443955419 0.0434532105019228 -0.000220511072852756
0.0532672934910358 0.00415204036876878 0.0348259598093467 0.0287112582125438
0.0376965299907535 0.0404191483004345 0.00116828866469927 0.0439080910440264
-0.00867431041345581 0.0563602654484023 -0.015503058609786 0.0196976515687045
-0.0463114787989927 0.0534223402982341 0.0218259903272283 -0.0115682865283999
-0.0415951299203084 0.0235402487763367 0.0523412145061035 -0.0457309539867898
-0.0379395358533629 0.0419878120253769 0.0739209123659146 -0.0379760374930306
0.00195555449985094 0.0553555821819252 0.0499999267595524 -0.0596416032858615
0.040047959361293 0.0347202978684291 0.00742046521253309 -0.0621445143279903
0.038801284840658 -0.00429258829304633 -0.0130468545119353 -0.0351968395466126
0.0235303429382905 -0.0204903809161849 -0.00958060122174195 -0.0226541834526525
0.00863130449004765 -0.0313424407815732 -0.000150668460756515 -0.0182069943449501
-5.24371270534207E-05 -0.0326145954184513 0.00502655077159946 -0.0243185198207219
-0.000112956772334859 -0.0319719738893477 0.0135699691088698 -0.0311188205875865
0.0123174963127219 -0.0288921834866332 0.0293252491430913 -0.0263452447606406
0.0258472209444943 -0.0192456419520806 0.0483935369103475 -0.00774403572970741
0.0436253590441772 0.00544605043237322 0.0398941084793186 0.0239088479057766
0.0275037946189993 0.0354726654559846 0.00793569060038035 0.0399834726956135
-0.0138584569075934 0.0438051979324001 -0.0107785739707645 0.0142481413182265
-0.0418978060555983 0.0341718011491061 0.0341668708964148 -0.0200665448141325
-0.0235618055635847 0.000825250954814389 0.065531811785015 -0.0452378722086459
-0.0270688524889191 0.0159371281598982 0.0768809784096084 -0.0378495418144858
-0.00474708838520585 0.0293037543467395 0.0541362296213984 -0.0496845098481461
0.0190945747480512 0.0205547873568281 0.0178307818646133 -0.0548218187559526
0.0194869211323516 -0.00187726260154035 -0.00212233196538912 -0.0384438712717926
0.0111647627882379 -0.0104302628372761 -0.00272155247398743 -0.0310210469108506
0.00396787258643212 -0.016450499814623 0.000775478281021614 -0.0280023091200313
-0.000372638080383061 -0.0189546739545609 0.00536194449814507 -0.0322937889060328
-0.000111212463624219 -0.0193911406657483 0.0145378288167739 -0.0394353211801427
0.0068152360491405 -0.0191780549421865 0.0329133338986309 -0.0332477694345206
0.0172972787314097 -0.0131944150494031 0.0534336542706723 -0.0113874876975366
0.0291562716310901 0.00561690510674852 0.0442950891794097 0.0229876269982754
0.0149342122119934 0.0260900927161772 0.0122445624671664 0.0391410967830856
-0.0168620591004324 0.0268508831549284 -0.00775599690337771 0.0115478070729763
-0.0319057863883316 0.0115572254716242 0.0429241259574459 -0.0241729567518489
0.0116534867157815 0.0134436787720565 -0.047112426765675 0.034587352614494
0.00934790846287437 -0.00742737506519637 0.0110552684007648 0.00455599056468904
-0.000979796680680574 -0.012606282484129 -0.00794488488587481 -0.046516555741287
-0.00999967761636819 -0.00196487013207163 -0.0482014376021748 -0.0347748672469588
-0.00473585720806548 0.00488734276618964 -0.0629073045653316 0.00766311413940477
0.00125620356743375 0.00390413896042032 -0.0428154403518166 0.0409941570506845
-0.000667414184514731 0.00296342337568316 -0.018158182143973 0.0471922136605922
-0.00139951113893158 0.00140016182371357 -0.00465683479415206 0.0407865928323698
-0.00157416918035082 -0.00187159254938713 0.000767212070052051 0.0382402701162859
-1.37279317816959E-05 -0.00391790667939629 0.00176004277460441 0.0405306853839767
0.000460273615098449 -0.00488482787058827 -0.00420232724738994 0.0437582633435058
0.00674991262827331 -0.0074735655459563 -0.0254705445021497 0.0510990055604199
0.0135576049334458 -0.00246341443756165 -0.0546437091013105 0.0467564410325082
0.0122509576884006 0.0136132561247728 -0.0683889669268572 0.0312903731302956
0.00378711241141513 0.0237865550970349 -0.0628812291202435 0.0411929431738014
-0.00574898801443871 0.034458990867227 -0.0476795935283729 0.0224160986195215
0.00538582430525315 0.0170947008879629 0.0127318574516 -0.00101465987260425
0.0127422936597655 0.0077891386346224 -0.00801751259806255 -0.0545780132922085
0.0120679930667774 0.00293829497480862 -0.0514727247527879 -0.0426584026406842
0.0108985986599545 -0.00247565312223472 -0.0662252680797725 0.00458948939590269
0.00979534546191497 -0.00899531485680609 -0.0448273420846363 0.0394970364623836
0.00122252534963236 -0.0136284686999219 -0.0167213922517144 0.045171607050394
-0.00138885566676137 -0.0154315345656137 -0.00321201545247608 0.0370478599733156
0.00131821485040789 -0.0186044613077656 0.00418728885913573 0.034356444446057
0.0118672377258375 -0.016755406638031 0.00612347623364272 0.0364816010345089
0.0185218415084589 -0.0100131458468285 0.0038076628034147 0.0409628738701487
0.0294057714086212 0.00419526844061088 -0.0157644106299638 0.0510671928953069
0.0223530515205243 0.0222160709290588 -0.0458136052936717 0.0495141848380009
0.000123568668123837 0.0382257401683536 -0.0562968833245064 0.0345701736353691
-0.0193488068083112 0.0452135993614123 -0.0491260999826864 0.0375249530622465
-0.0244816458434681 0.0503063156849173 -0.0389466240127861 0.00499236485325724
-0.00384249093135896 0.0418107512009367 0.0200190743896704 -0.0100871330568684
0.0229707325638656 0.0317809967456218 -0.0021079542144884 -0.0647661981902687
0.034997470720286 0.0115389818139167 -0.0510365857736201 -0.0536155844063539
0.0271991622338143 -0.00955099816152948 -0.0662514438604291 -0.00278641839873798
0.0190341453309636 -0.0201487761069522 -0.0446537337767753 0.0325050492558892
0.00473734513553901 -0.0288448033884493 -0.0151463672579632 0.0379187194245818
-0.00130968714763342 -0.0297787152386988 -0.00163965215626194 0.0286340241138138
0.00230156482497435 -0.0319213453573641 0.00724208002218845 0.0240920553604715
0.0190359950562681 -0.0283714918555438 0.0130579069543547 0.0264789559380897
0.0310916384005298 -0.0170957550843713 0.0161587865953065 0.0339853149734309
0.0479203755337777 0.00699269317412226 -0.000996668863191889 0.0498810836602329
0.0337462101133097 0.0372920339633674 -0.0330544520180681 0.0531630175018916
-0.00337529688224321 0.0560605959777385 -0.0432637052467803 0.0353179401910198
-0.0351378530557921 0.0614311249055267 -0.0305929936169127 0.028885028732904
-0.0413751581233741 0.057882745176407 -0.0206603175060522 -0.012044904165903
-0.0168780104458521 0.061096116512667 0.0327894166843952 -0.020509528317032
0.0274465714567143 0.0546682939442222 0.00915571941428379 -0.0727201446468867
0.0540390202144034 0.0224545586903699 -0.0431090986990829 -0.0643185471449584
0.042386709925315 -0.0126662122863892 -0.0598574530583695 -0.0128453216686509
0.0271696397717921 -0.0280626845554445 -0.0403140778104773 0.0202604723696526
0.00806914836626999 -0.0392972190831118 -0.0118643721752861 0.0259897229265748
-0.00108285640859575 -0.0399807735398991 7.60322970972323E-05 0.0157536939526744
0.00190280400060596 -0.0408489866534086 0.00983070123962968 0.0105482039210478
0.0207210622687236 -0.0356696998059762 0.019462871052849 0.0131854325607233
0.0366506531177346 -0.0234716093664684 0.0285223867782908 0.0234179436609352
0.0584404980305617 0.00505664862264456 0.0147209932663159 0.0445246937444794
0.0427427591638042 0.0430805860029705 -0.0195301966003224 0.0533461711793176
-0.00423045820026655 0.0652697367651855 -0.0312549650269982 0.0325195003200607
-0.0442153411943162 0.0691281862129433 -0.0111568812652589 0.0154138877112549
-0.051979800083773 0.0549636300512724 0.0039197245476009 -0.0286081790609517
-0.0308818989369605 0.0687374600006114 0.0484544087330136 -0.0297143201363362
0.0229410179138195 0.0701431131908371 0.0247589485631108 -0.0747145225095787
0.0619154336088029 0.0340615936226264 -0.0279091692782289 -0.0702781452544442
0.0516869937861283 -0.0121358632450142 -0.0473120258912863 -0.0231110737877463
0.0319490129263824 -0.0306974114902946 -0.0323278718203142 0.00489385844941589
0.0103311848624677 -0.0441861005888007 -0.00794802179604301 0.0107233886575788
-0.000768462752183757 -0.0438382197824206 0.00203843477113767 0.000994967793624782
0.000545799705593632 -0.0441290152240971 0.0118507833858079 -0.00477669194776412
0.0199095241038601 -0.0382564745323795 0.0237534766574125 -0.00209219524009256
0.0362248581687308 -0.0258676666302239 0.037598090053766 0.0110174617011559
0.0597381451971604 0.00327706981589301 0.0270530731022054 0.0368941962892389
0.0440152510927323 0.043624711868726 -0.00722624846414224 0.049832407087763
-0.00518742591770919 0.0644462770035725 -0.0230242511671314 0.0266799481579254
-0.0477752003915608 0.0665539650614113 0.00692161095300417 0.0012532022067696
-0.0523332991277366 0.043304130749197 0.0317740368763821 -0.0404886797292946
-0.039303977236238 0.0617053332389705 0.0639782470675405 -0.0360923666988415
0.0125023366845824 0.0716908109902461 0.0402400261755624 -0.0700516002509674
0.0571927107018395 0.0397228586045312 -0.00954858794658722 -0.068922624529368
0.0507246734401069 -0.00755304571306567 -0.0295610607650961 -0.0308169088719625
0.0308133503977359 -0.0282193819143338 -0.0206975673028507 -0.0100365327629897
0.0111438815290399 -0.041188724619187 -0.00353476476492252 -0.00496532134848895
-0.000268131208921829 -0.0417004934581609 0.00345722677018646 -0.0131298720634727
-0.000328666012444066 -0.0412143154290431 0.0125157696001063 -0.0194061680597186
0.0163802911464361 -0.0357981153348136 0.0269460935911354 -0.0160662933937508
0.0327239498716949 -0.023938361694339 0.0442293719478466 -0.000453572621789385
0.0545942799679772 0.00378635002214162 0.0354310747927251 0.0291714690670306
0.0380238925824202 0.0411840980423773 0.00171440593845703 0.0452276527026162
-0.00948092047246266 0.0576248282160678 -0.0162023223248577 0.0202317373846432
-0.0471994150885731 0.0539886857365991 0.0217856958334513 -0.011580629601557
-0.042057147239435 0.023931345283969 0.0542591696240486 -0.0462544096311858
-0.0384133132945971 0.0426480232824525 0.0751458632902011 -0.0380389516938548
0.00193807204427777 0.0563852845686469 0.0511343091648102 -0.0601531515514269
0.0404980938145284 0.0352754306848724 0.00753588281699959 -0.0624222221274495
0.0394781082107881 -0.00376964302974427 -0.0124934159994168 -0.0356072824423871
0.0236602943149472 -0.0203991322873814 -0.0096913419198574 -0.0227570796426348
0.00836199748147689 -0.0317957228392877 0.000178399537092382 -0.0189914048144404
-0.000413888765889854 -0.0326920981668973 0.00527768007095838 -0.0252366477817362
-0.000138301730811386 -0.0325775218938622 0.0139718640741659 -0.0319215097613623
0.0125671029631334 -0.0292295417113497 0.0303734802706736 -0.0270536898391698
0.0264374273671908 -0.0194404180488103 0.0493296982234965 -0.00821588552412666
0.0439771855137501 0.00534504200861758 0.0410464690430076 0.0246243235034043
0.0274026544046631 0.0358880238907253 0.0080856476555778 0.0413517530769232
-0.0142080915213453 0.0445255759414435 -0.0113045643731329 0.0147918691656766
-0.0427774936235566 0.0349011528743843 0.0349952558556797 -0.0202290630939612
-0.0237235084295882 0.00133307584443373 0.067696638641663 -0.045664052712776
-0.0271799807163598 0.0162894665018827 0.0786807224301928 -0.038182017656147
-0.00487111768473753 0.0293739925932626 0.0560785659039335 -0.0502703376095043
0.0192523442870601 0.0207735494124839 0.0183648392035329 -0.0551521462308961
0.0200135799776612 -0.00143910695227527 -0.00170827174917034 -0.0384699394306056
0.0113902894951005 -0.0100670657352018 -0.00255927460141678 -0.031634061202423
0.00459537978916678 -0.0167076635495446 0.00111705205665252 -0.0287806451069153
-0.000733840638347266 -0.019010430329879 0.00581985794405656 -0.033023254324466
-0.000308102430318127 -0.0195141509844657 0.0146618688311353 -0.0401528803359618
0.00669599401110265 -0.0193545169800475 0.0334820172594356 -0.0335943143171371
0.0174538967322301 -0.0131351353826385 0.0544560947276989 -0.0119325824853121
0.0292865797300142 0.00524615771079002 0.0448297761233247 0.02366686626582
0.0148829761074019 0.0261245263282157 0.012408389227201 0.0405217844516726
-0.0168811996431493 0.0267223356533947 -0.00791677430427234 0.0121374023899696
-0.0323392361368361 0.011369316300122 0.0435005368274914 -0.0244983376921678
0.0121597709538068 0.0132412119513155 -0.0480495364385786 0.0368618535079244
0.00933684220018208 -0.00764682479142021 0.0116667458068131 0.00443374879312324
-0.00118941350663537 -0.0126308998042324 -0.0101992284775047 -0.0476973502968739
-0.00999390185726226 -0.00195333452098195 -0.0503520722739843 -0.034223678528737
-0.00462123737121842 0.00492992075591495 -0.0642985186078883 0.00943611811420286
0.0012461926410087 0.00325239224896644 -0.0427220297806624 0.0435359171168377
-0.000467979330979814 0.00301756632744426 -0.016924538627404 0.0487392595337924
-0.00147810726513994 0.00118948614631981 -0.00331451249910392 0.0424627078550539
-0.00150692410109136 -0.00185595187694885 0.00223374708789237 0.0391600535001843
0.000149216541951636 -0.00446171073126619 0.00293191509158735 0.04109236916511
0.000675429606754085 -0.005260642830911 -0.00324068138177692 0.045025176395336
0.00703063441495859 -0.00754975989671506 -0.0245880381801071 0.0535262670852938
0.0136211558069875 -0.00225064191548459 -0.0546371584763271 0.0496362571409803
0.012451687019631 0.0140707144442222 -0.069535278282659 0.0339013908634248
0.00430580250174157 0.023691880227298 -0.0645444195005112 0.0442564329383235
-0.00490495638629357 0.0353341403721678 -0.0482685183023876 0.02410594498759
0.00605299346462957 0.0178035963697055 0.0130956607769886 -0.00146731386589152
0.0135472070731035 0.007847773162429 -0.0103104826709191 -0.0553870266630703
0.0132214906298161 0.00265464625393754 -0.0547568057430616 -0.0418490496349668
0.0111827752407873 -0.00332265885977002 -0.0678229664206247 0.00597592736979599
0.00943313255844253 -0.00963530097648897 -0.0446860255411173 0.0415249877927351
0.00104941537219701 -0.0142893749987675 -0.015847836065973 0.0467085189438076
-0.00219083928568976 -0.0159247499564564 -0.00236171359076935 0.0380853400850946
0.000814512537444506 -0.0192139607768579 0.00483442099666909 0.034964387534316
0.0117629748421539 -0.0181091513218902 0.00737744796915503 0.0369737319851913
0.0191352185511822 -0.0105370667692802 0.00521521339032828 0.0416285098412086
0.0303448406482769 0.003323405106348 -0.0144565432095984 0.0530240237745301
0.0231073675242813 0.0225944313217321 -0.0451978219522099 0.0525115723523013
0.000936783351110371 0.0395240928656709 -0.0571342612247924 0.0369248584995153
-0.0187650089162336 0.0471624976514646 -0.0504620481042719 0.0401077710266133
-0.0238810604571487 0.0519556523023771 -0.0399992485887144 0.0068828097621356
-0.00292284264520891 0.0430113410867344 0.0202583643365859 -0.0108602611110231
0.0249950431532394 0.0317042101021121 -0.00417528217327119 -0.0655814808881928
0.0370544237800508 0.0102901750648581 -0.05417118507512 -0.05332689787331
0.0277531334257985 -0.0102021309828714 -0.0677640061755037 -0.00141238004241002
0.0187840861284815 -0.0214230743387765 -0.0446272306120068 0.0344107257433783
0.00409135763964551 -0.0298270083819471 -0.0143637647100783 0.0391003315672752
-0.00245448959371225 -0.0303935820573402 -0.00107998239446363 0.0289179294136301
0.00119422748699273 -0.0334142046817752 0.0078931718475307 0.0245492305727806
0.0187514788107334 -0.0299097813472938 0.0140406091183966 0.0265146405123067
0.0316855686623019 -0.0186399136416899 0.0174150294417087 0.0342490938967893
0.0496204840557129 0.00525260593378884 0.000618288707896665 0.0515356587822279
0.0356595183282879 0.037832726123975 -0.0323363785578155 0.0555907491097721
-0.00256336138832917 0.058259951412277 -0.0436978639614055 0.0373632222323063
-0.0341635212936343 0.0636714266761283 -0.0315320044644698 0.0302501972876299
-0.0410569469246454 0.0603755691181882 -0.0215054169664765 -0.0118946084207887
-0.0156505393035934 0.063480357080844 0.033008227664251 -0.0215315048572069
0.0300680733220409 0.0552686956404807 0.0074094879774267 -0.0742950191066422
0.0565303393662702 0.0209804605986751 -0.0461810142732406 -0.0645347219304516
0.0433516621424826 -0.0144145712562488 -0.0621500729005526 -0.0110895083577958
0.0272641609750327 -0.0300299809416334 -0.0409709622354412 0.0221873788504205
0.00739346405526166 -0.0408057654269418 -0.0114273620645446 0.0264971070814717
-0.00247645574588389 -0.0406744389785613 0.000647135501375128 0.0159857751656993
0.000271333352371682 -0.0421503254337606 0.0102404461771514 0.0100611380560287
0.0207194251260165 -0.0376234830423053 0.0202546741924126 0.0119950428551711
0.0370735079796241 -0.0251590429466955 0.0296715312950227 0.0228355952551163
0.0606048211734727 0.00306277801503358 0.0161166757005719 0.0457718367099301
0.0451983256694735 0.0435864698009193 -0.0181454584637177 0.0548998857572923
-0.00268275924294857 0.0673205474518034 -0.0316973575600959 0.0339643000632069
-0.0433960709975578 0.0719606142338201 -0.0114786003831377 0.0162671000296863
-0.0517415781716087 0.0580460044926714 0.00386683263490538 -0.0293372302672063
-0.0298099042777278 0.0715736077736009 0.0491953116869559 -0.0311752713418845
0.0257567050877355 0.07142658460484 0.0230049983054088 -0.0770575578605009
0.0648050292511396 0.0330307923214261 -0.0308765722647878 -0.0706235750111292
0.0529212765820019 -0.0137826471389835 -0.0492262319903044 -0.0219484230625388
0.0318667607531247 -0.0325831138781672 -0.032817852239389 0.00650922130387075
0.00963191005763915 -0.0455415327316862 -0.00794966445460429 0.0106258133797011
-0.00257588962185066 -0.0444609752508929 0.00211335406377877 0.000638220199488157
-0.00084796690084611 -0.0453454270410263 0.0113728361694028 -0.00546037448133695
0.0188606413091835 -0.040175255342226 0.0245575655076192 -0.00312023504904003
0.0369414893453665 -0.027607566957022 0.0389785807835911 0.00974486196287505
0.0617203235856857 0.00143245148797691 0.0290760859901696 0.0373815247463225
0.046631448387515 0.0433339481811513 -0.00554171073801875 0.0519306250877901
-0.00413524382028043 0.066702493242496 -0.0228349581790653 0.0285652730070224
-0.0473607212884177 0.0694248959327965 0.00612699300376298 0.000917882560257674
-0.0525558105569146 0.0460270077530345 0.031721206810457 -0.0426285273689431
-0.0387409701712584 0.0645668069994983 0.0645570044163868 -0.0384254181453893
0.015240932757628 0.0730061169471273 0.0389272582865529 -0.0727025095885206
0.0595467959747501 0.0391138614015394 -0.011623401885762 -0.0699113856657012
0.0518562725939343 -0.0094876725744039 -0.030999614452335 -0.0305923956524811
0.0310629509013209 -0.0297168340470732 -0.0213137742662806 -0.0094793428864864
0.00981554023218221 -0.0424213717463928 -0.00352551702979469 -0.00569990246357705
-0.00237379266702928 -0.0421624950497397 0.00352805440832186 -0.0138543468006921
-0.00137272125064645 -0.042105758527737 0.0124207297125241 -0.0205974064330578
0.0161199731803742 -0.0371046408879646 0.0269302719552306 -0.0174420408404338
0.0329592170124576 -0.0258058160496805 0.0451545416597861 -0.00201149689810473
0.0558267066273237 0.00220157754293494 0.0377651442236163 0.0292879732925061
0.0407276392693198 0.041087540264697 0.00345612918535378 0.0467184059829897
-0.0082382602255841 0.0587571607530401 -0.0159954640156021 0.0215980580503073
-0.0465830601362565 0.0567736511154171 0.0221011923881271 -0.012412889326438
-0.0422184519914729 0.02623730179575 0.0551185687050378 -0.0480139098404206
-0.037586169658647 0.0450901344244742 0.0760229966671038 -0.0407314793162733
0.00399998712848474 0.0577989166385134 0.0507871388617765 -0.0629045155964345
0.0429858093538901 0.0348042963037337 0.00612017755297091 -0.0634847543307833
0.0403929528102115 -0.00508796201221011 -0.0133693906476239 -0.0361773558135733
0.0237634099265968 -0.0217403316414624 -0.0102106391480093 -0.0229863265073979
0.00788462261296358 -0.0326260525058753 -0.000503694919478839 -0.0202787205526307
-0.00186722303088352 -0.0333576326955909 0.0045078018018675 -0.0265085507473328
-0.00133816538964658 -0.0331425570888069 0.0131551715181352 -0.0327289100646528
0.0117617336597444 -0.0303196689419313 0.0302161433777838 -0.0285357225026696
0.0264374278122381 -0.0208824154843433 0.0506354249016641 -0.0097276013538877
0.0447300585729226 0.00373517553407365 0.0428020976550837 0.0239292371252679
0.0292399591525154 0.0358037218582915 0.010132511458813 0.0426938923024294
-0.0136329688128092 0.0456174908862109 -0.0112316284520337 0.0159283268618967
-0.0422557548456306 0.036640319256479 0.0348808408780081 -0.0217274805960132
-0.0236805420745892 0.00211392684894316 0.0689897487012027 -0.0482137960953377
-0.0267884693048175 0.0176679622627257 0.0796202329374163 -0.0410163353215379
-0.00356678214979818 0.029884641836355 0.0559139633277273 -0.0528455333333047
0.0203543714601023 0.0204440897228124 0.0173708943471152 -0.0562856933984469
0.0201911793701343 -0.0018892117078724 -0.00230242967705052 -0.0394149945465429
0.0115296988454636 -0.0104196837672918 -0.00299127387000683 -0.032212932764012
0.00394758237472183 -0.0168934818723972 0.000498871725527878 -0.0300672573414107
-0.00128202492579866 -0.0193392434136743 0.00500226202923297 -0.0345519228600325
-0.000878737258149987 -0.0200574236622176 0.0139140860516495 -0.0414946872476291
0.00668704061081868 -0.0197565458484308 0.0333705449578726 -0.0354012287569335
0.0172571477775664 -0.0141091443740438 0.0552930767140204 -0.0140456583854002
0.0297940922903174 0.00412196706055728 0.0472432771841563 0.0234419247385592
0.0153249563257073 0.0260256490178813 0.0143891490880094 0.0412903489741067
-0.0166088256865645 0.02787262789995 -0.00788309616188095 0.0129328639500822
-0.03242730146121 0.0127176594950514 0.0444363781376272 -0.0262248584474046
0.0133119233539001 0.012608614563132 -0.0465726841389418 0.0394483765998
0.00942538249632898 -0.00816764852571072 0.0117340709432409 0.00397709247479219
-0.00191190738518226 -0.012450193943418 -0.0130109642535443 -0.046608543506766
-0.00966881414392882 -0.00140916405555339 -0.0526414644515152 -0.0314845837009057
-0.00416874205626926 0.00497727768235192 -0.0637546600802719 0.0129724590879903
0.0013873318368374 0.00263999395509172 -0.0400974265934291 0.0455962987523891
-0.000316154577884169 0.00225547733795659 -0.0142489845286329 0.0497732788470418
-0.0013279368287532 0.00107620448238867 -0.000989583163009234 0.0423165065700978
-0.00178812810638845 -0.00237460727301222 0.00387845346168348 0.0391355791908922
-0.000585050441387756 -0.00480514811613136 0.00540437144090068 0.0411581174188273
0.00106897465659099 -0.00501444111427093 -0.00045592177688694 0.0450852713446304
0.0065919566066526 -0.00766292513448239 -0.0212885154664296 0.0545452288638395
0.0131169514138866 -0.00236402786352921 -0.0517873701175298 0.0519306446673454
0.0131427801908998 0.0136605531943904 -0.0683059011491188 0.0371184547887398
0.00535478866741083 0.0234492164560908 -0.0632688930523386 0.0479603271616569
-0.00278373215924304 0.0354288285562721 -0.047600414173649 0.026726876606356
0.0069106824317912 0.0176766803549203 0.0127026465663324 -0.00191600861504454
0.0141035917141377 0.00701955937258073 -0.0134663792032049 -0.0545290003695463
0.013974327124166 0.00180358189359811 -0.0569123346272928 -0.0390437307832058
0.0108402866380299 -0.0044220964251792 -0.0676439444926661 0.0101911369459946
0.00886037597035816 -0.0109825629458028 -0.0420183842405868 0.043858632988149
0.000240211113770291 -0.014912758762914 -0.0134046930529137 0.0473300813392258
-0.00338461173600354 -0.0156704772907705 -0.000265535009396117 0.0383764878457843
-0.000759100975191764 -0.0193939376953961 0.00660656679456966 0.0341362105559309
0.0108617588198657 -0.0188423909998573 0.00954468176661726 0.0360741692152112
0.01904321263643 -0.0119259523843498 0.00729813680103402 0.0413566265134579
0.0307049952909752 0.00153035362074786 -0.0115781033702925 0.0539729544412357
0.0246344587230052 0.0217761945381711 -0.0423775808880843 0.0548951271672953
0.0026290281470618 0.0398453523452515 -0.056041591750026 0.039472821368699
-0.0161559145144091 0.0474986064065471 -0.0497378341483116 0.0428999391523237
-0.0212192544870383 0.0535337083906618 -0.0396189818795653 0.00869589315313099
-0.000443030340045161 0.0437760266619631 0.0195267374772091 -0.011206826438839
0.0269089360264318 0.030582963825356 -0.00838910019774709 -0.0650828843951217
0.038143403845305 0.00807910585233587 -0.0566835440867236 -0.050411359676909
0.0275370887564254 -0.0123516128436524 -0.0685942236615231 0.00260133719815579
0.0175902916484499 -0.0231699125260334 -0.042931035795297 0.0368723471413521
0.00215108927612072 -0.0301834178929008 -0.0125561498860929 0.0393319063653854
-0.00440444895657622 -0.0301662947038262 0.000522510046022486 0.0290228187881161
-0.000828359031436387 -0.0337896094957038 0.00898184145296183 0.0239554710297301
0.0167954803541 -0.0314907943199395 0.0158686465787905 0.0254924148798103
0.0311171422974438 -0.0207071672471976 0.0193038795441206 0.0333402566367553
0.0502210151039915 0.00234040252724843 0.00368604234993214 0.051520996653156
0.0380667322339201 0.0363115073939943 -0.0289942790348111 0.0574163715556775
0.000170510281696476 0.0587782584787676 -0.0423696104560516 0.0400111544387687
-0.0310429907614102 0.0657213066567337 -0.0308249858472994 0.0322680658012152
-0.0381752800981789 0.0623528156606685 -0.0218935540618557 -0.0105166331692508
-0.0124410274134895 0.0646133665100432 0.03156539867112 -0.0232236528490281
0.0332215695949943 0.0540309450624678 0.00271550904423246 -0.0742271131764844
0.0583115918104024 0.0181474323084834 -0.0498469616318144 -0.0613005869510833
0.0430115432453367 -0.0169685655978423 -0.0624929815461265 -0.00785218404942663
0.0255565045828134 -0.0318360370041407 -0.0395296967734952 0.0242676715932918
0.00516129304258092 -0.0412955543337573 -0.0107541263209636 0.0266202079219118
-0.00526143451629808 -0.0401016006514237 0.00123720179539158 0.0154717793626601
-0.00239308970092056 -0.0423825784988935 0.0103084015382464 0.00956031973290242
0.0183412825818233 -0.0391547041396419 0.0208034172362528 0.0107038785225257
0.0357901115986114 -0.0273908112493263 0.0309099565474823 0.0207684694524034
0.0609857603638796 -0.000559516057900027 0.0196849200074958 0.0452929820358542
0.0475724290731922 0.0415397490320504 -0.0145655919027441 0.0565381373958596
0.000649872995738312 0.0677145388587902 -0.0304702962332032 0.036348351109197
-0.0394053316939489 0.0743799777625117 -0.0116069640357265 0.0169532728676024
-0.0486407172619928 0.060856336139882 0.00246443255577837 -0.0295437560311265
-0.0263453003151856 0.0734406720704073 0.0473376530754268 -0.0337720064755733
0.030128892435555 0.0701679548816615 0.0187183699808599 -0.0781836655826626
0.0674739025136092 0.0290562181225479 -0.034427755118103 -0.0685363453108672
0.0525642681434794 -0.0166831118423863 -0.0502041311772475 -0.0190982966159267
0.0301855412422956 -0.0348370033198191 -0.0320575842360061 0.00826685564902074
0.00726247551512266 -0.0459422931151782 -0.00770877218756236 0.010474214746601
-0.00538811146118724 -0.0438760972232146 0.00221419006966699 0.000364488738636143
-0.00346208569580215 -0.0451520788091868 0.0109304557302917 -0.00637844274826027
0.0171894992269059 -0.041313590198863 0.0238680318091585 -0.0047398940164447
0.0354180602072443 -0.0300736690614728 0.0393781853770941 0.00706178356185991
0.0617314977386711 -0.00253698379157174 0.0314344411543359 0.0361742902735707
0.0492847881074574 0.0410277073901215 -0.00245281147880084 0.0526578599950671
-0.000464129074893335 0.0671466328450536 -0.0216929502336032 0.0296240078982279
-0.0430105020317864 0.071774299941099 0.00624135451655772 0.000563316022291747
-0.0499223515447837 0.0487084898679761 0.0303662169702508 -0.0438028351877896
-0.0353318022518503 0.0672989771153827 0.0626015803263266 -0.0415872874483335
0.0195397961685837 0.0720681511644335 0.0349717398413882 -0.0738921543280056
0.0620428192972993 0.0358141385959181 -0.0149772987357711 -0.0688256601914993
0.0518668760402113 -0.0119792009925992 -0.0325938501673367 -0.0286295327589075
0.0295612462571762 -0.0314123843670776 -0.0216458305225675 -0.00815544659664705
0.00748750995951044 -0.0425841832491722 -0.00467237093773503 -0.00624911084410949
-0.00500478092308415 -0.041343683567315 0.00274054840883859 -0.0145700801939803
-0.00389820827876442 -0.0416699299967427 0.0109554258852695 -0.0209227768948631
0.0138532607267704 -0.038346774700948 0.0258837639013105 -0.0191835776679333
0.0318489530314862 -0.0275385680013733 0.0452087342561788 -0.00524788560817472
0.0562651299921758 -0.00162720067885224 0.0391958981861931 0.0275759376645421
0.0427233431400165 0.0390626788203167 0.00663855588568578 0.0469046587218542
-0.00551245572154 0.0593092920719673 -0.0152040935699964 0.0228811647978455
-0.0430906638087863 0.0591999088405454 0.0210068900039468 -0.0135401911613187
-0.0406838598063549 0.0285217996922906 0.0538761260102818 -0.0514788404161853
-0.0349264233034573 0.0473704801053646 0.0740906949407073 -0.0443623153405528
0.00748795356956499 0.0571575352836032 0.0475188345361631 -0.0647798387001254
0.0449268671940881 0.0321727621873391 0.00322741287425971 -0.063391049901968
0.0400232096940535 -0.00720632483330922 -0.0151637921666185 -0.0351300109808932
0.0228532243381082 -0.0226486031927081 -0.0109708363755094 -0.0223222398370964
0.00612841798135187 -0.0323560952238748 -0.00174180621500325 -0.0205329618202893
-0.00398263594657916 -0.032659162879354 0.00361154269361336 -0.0269894987506066
-0.00301820738729051 -0.033119040167357 0.0113836224331943 -0.0338505289276292
0.0103175867753928 -0.0309003169138828 0.0283214976618888 -0.0303802377592424
0.0256105820157143 -0.0219998195925715 0.0499188251259824 -0.0132289889907416
0.0450595674384125 0.00110491826707679 0.0449428779622024 0.0218819462133899
0.0307132115627843 0.0339739687029751 0.012383515129029 0.0425668261516108
-0.0111069231588053 0.0464083457943016 -0.0103732126149552 0.0170092814399645
-0.0401602011626124 0.0392545290401269 0.0339735498534439 -0.023806714928625
-0.0230048912787889 0.00402831801666561 0.0675787355198069 -0.0520782933588077
-0.0252800865425253 0.0189968268787516 0.0776539021632814 -0.0451275509079463
-0.00212220034274243 0.0303827578628265 0.0531813027043256 -0.0551689700359849
0.0214489661861089 0.0195546818584009 0.0144114149920709 -0.0572632362259915
0.0203311723989227 -0.00268486394872462 -0.00402971011259391 -0.0390158992547944
0.0109412890675859 -0.0110471649471681 -0.00483994294134942 -0.0322392078887017
0.00314893268023988 -0.0168802632689442 -0.000695672041701885 -0.0304084952940978
-0.00253214573374928 -0.0187832443907156 0.0036875104899166 -0.0349675761999743
-0.00217273181413502 -0.019701476667132 0.0117781047472971 -0.0421021900632806
0.00543216305128844 -0.0198740458586646 0.0315700695249397 -0.03752008154174
0.0165006096493719 -0.0144263154796712 0.0547450251972772 -0.0168785178588838
0.0297708517953874 0.00268655969898443 0.0490921406779406 0.0205408974021352
0.0168001913313489 0.0250547753005385 0.0168120739489842 0.0405093360915072
-0.0150172461685826 0.0287054341299441 -0.00734329689045597 0.014047136791559
-0.0310131284330393 0.0142615361326318 0.0427586664450206 -0.0288042959947042
0.0135306540430553 0.0110772137117691 -0.0429626208578371 0.0399466248796478
0.0089347759419517 -0.00765268877462126 0.0117439613842132 0.00346762901238854
-0.00212622319140949 -0.0120927550578331 -0.0147221642691922 -0.0438871237943929
-0.0089199485406545 -0.000964079384950956 -0.0522161062884137 -0.0279029737929721
-0.00360879402182748 0.0047827655868177 -0.0611720420514654 0.0152990954215217
0.00128185191012178 0.00193572492518048 -0.0360070165518112 0.0459510829318318
-0.000332709664317617 0.00194796735265839 -0.0108633893995962 0.0486000615111586
-0.00138442096146858 0.000906113146940327 0.000817634986795998 0.0409891583161256
-0.00153927106437253 -0.00234688787007579 0.00588536875408686 0.037534141468308
-0.000385851014044193 -0.00465692488997326 0.00686120500884007 0.0389429825234977
0.000894539706580155 -0.00514011221669519 0.00144079030708035 0.0433031559168747
0.00619507793790651 -0.00767758151578869 -0.0176127002693726 0.0533016113917372
0.0123953410531658 -0.00272892082070308 -0.0473894057162636 0.0527893887533301
0.0130634436642218 0.01266629869552 -0.0651409019362611 0.0387852802050374
0.00606667946043608 0.0219804965745709 -0.0598310801216324 0.049392264095113
-0.00123332807989436 0.0339807885981808 -0.0450347061921492 0.0281070313326932
0.00724843215255053 0.0171185488871309 0.0127716041691003 -0.00207866740594671
0.0136388397293391 0.00623598354667425 -0.0156557184846191 -0.0516143516039886
0.0139117392322252 0.000895864789667403 -0.0567112936568798 -0.0349851881483931
0.0106743274251432 -0.00491369576550048 -0.0648351934530544 0.0126702612614563
0.00801030309904621 -0.0113870002105253 -0.0383769343309827 0.0446687073631087
-0.000270572744009826 -0.014522783434644 -0.0106801216057191 0.0464163272847794
-0.00387039910764071 -0.0148576341619518 0.00158389897074537 0.0364821218222675
-0.00140303853014865 -0.0192771476040133 0.00779896613404119 0.0324548222506613
0.00962382935078475 -0.0193814303606478 0.0110584007063143 0.0339498150046043
0.0183109629692157 -0.0128396645570852 0.00888058184334078 0.0395290230831784
0.0301112765557283 -0.000224989426206613 -0.0081838272485262 0.0526741712040103
0.0245513556894951 0.0204141778879218 -0.038278805543381 0.0549333799243947
0.00439450845692073 0.0385429189198419 -0.052832490926297 0.0408964892094114
-0.0135918857978377 0.0459375706257484 -0.0469449686728909 0.0438148052443885
-0.0178235158850694 0.0521890213731968 -0.0381382049900512 0.0103549658664086
0.00107887549747423 0.0425610263204002 0.0184909171905991 -0.0116605964425174
0.0276164622775246 0.0281389211869663 -0.0110602083524444 -0.0617599890655685
0.037679691922421 0.00634449935006638 -0.057351011979061 -0.0454487500790164
0.0263155747596326 -0.0132332481821529 -0.0654136413348745 0.00566585426500036
0.0161073484949007 -0.0234785715625467 -0.0392153858292731 0.0371300380895282
0.00077361831026899 -0.0297316399625802 -0.0101815554415418 0.037903610153436
-0.00570189239277699 -0.0287226652829066 0.00164055983004873 0.0274283862169818
-0.00254042013387284 -0.0323117394564075 0.00931459408074779 0.0223081906767825
0.0151887809090717 -0.0315355067946387 0.0160759972454247 0.0233745467621893
0.0291112934190003 -0.0215803599700028 0.0202680981311841 0.0310850983180536
0.0485676077737894 -0.00018975886562341 0.00626659329120497 0.0493979748640202
0.0383846331798285 0.0332351234182224 -0.0252811002285353 0.0570912592973646
0.002678316690358 0.0567795130198498 -0.0395905209707385 0.0405400380437202
-0.0265767139966385 0.0644936484112021 -0.0291700245111453 0.0326547424526066
-0.0338178153380371 0.0619537240757052 -0.0219667967867062 -0.00902366204204546
-0.00966239333858914 0.0630913126974681 0.0290712220184903 -0.0232744092266156
0.0345984003389984 0.0503862901991651 -0.000845101606555197 -0.0711182192344192
0.0573940449696901 0.0145245011419581 -0.0505722996659014 -0.05648409914293
0.0410298857928731 -0.0185246219673142 -0.0606025200482899 -0.00473827916721874
0.0230837348160186 -0.0322475437781808 -0.0365824798040496 0.0254450756826137
0.00298615704082709 -0.0398358253226687 -0.009209827566742 0.0250999193943555
-0.00716752218475283 -0.0381927477021533 0.00192265603256708 0.0148794015608937
-0.00462072863749681 -0.0406617697665299 0.0103246357871918 0.00817200558588519
0.0158574908578739 -0.0389931683633145 0.0205473739615199 0.00907688279874375
0.0333530689299748 -0.0287441286854585 0.0308767653489229 0.0184585455708459
0.0586193559623336 -0.0038909411484649 0.0213037062649696 0.0424894560559407
0.0484003071150067 0.0377644110262516 -0.0112131770827529 0.0555370441468814
0.00393286000760996 0.0655833292726731 -0.0278767908088483 0.0363056826402615
-0.0341319896219716 0.0731953789927539 -0.0108019709516566 0.0171243938778466
-0.0443820608375057 0.060729254606112 0.00149749187111494 -0.0283317754024349
-0.0221050221859889 0.0724119767175291 0.0437976778455672 -0.0343291648148877
0.0328150761593273 0.066075614914088 0.0143864507697345 -0.07559767186584
0.0666924332702055 0.0247638017139576 -0.0361198023546286 -0.0639113949579046
0.0498789704270692 -0.0184436533822867 -0.0490103520722546 -0.0162818477011981
0.0277506150124753 -0.0349898125483326 -0.0300800965047629 0.00913271189530603
0.00458367165926926 -0.0443576391982676 -0.00703116268239721 0.00986800658955311
-0.00741691268845961 -0.0420863568992775 0.00180865862550614 -0.000205549504055845
-0.00577567489792962 -0.0433355823091756 0.00988184174744201 -0.00669932689873658
0.0142716424654374 -0.0412062489271878 0.0228161356037169 -0.0059020422118336
0.0328278053880789 -0.0308252257852679 0.0379334012936789 0.0044462501690158
0.0598608629503837 -0.00569038097064558 0.0324110141647833 0.0329054358768287
0.0496304580671305 0.0374785159206196 0.000495337205088044 0.0509854666010853
0.0024055853673412 0.0648160955237464 -0.0193407827189896 0.0299540394385632
-0.0380412052394325 0.0712159516221683 0.00547618173841125 0.000314820223310499
-0.0458328291186305 0.0493227751042249 0.0274030492043454 -0.0436563560520985
-0.030674984354333 0.06651508625765 0.0582784754912755 -0.0423516968723281
0.022747436175297 0.0683335544324893 0.0303090840776702 -0.0719899083405936
0.0620493419874239 0.0311332268149215 -0.0174304085957084 -0.0650078410485916
0.0496689888402286 -0.0144012172090568 -0.0325022411084151 -0.0259234471359152
0.0273848157249158 -0.0318996811706537 -0.0207279257995976 -0.00690369609437027
0.004983083280216 -0.0416471431720386 -0.00474905354028629 -0.00614554703711591
-0.00666462336467772 -0.039399699761242 0.00182526480317872 -0.0144550459313153
-0.00597288639823587 -0.0399602343409537 0.00932860323815016 -0.0208770905576212
0.0118683147729202 -0.0376805677116573 0.0241345703683299 -0.0196379983597172
0.0291218797691603 -0.0281536502202087 0.043235726519139 -0.00744745634459549
0.053675212689132 -0.00413930603405923 0.0398147132164038 0.0245018287207148
0.0430129328477963 0.0354599757846003 0.00911616748866734 0.0448472034270829
-0.00277552666133013 0.0573619752215167 -0.0131916444079089 0.0230749916862392
-0.0384745613754763 0.0589192001923389 0.0194661241729002 -0.014235290165303
-0.0374754941095317 0.0297515351274668 0.0498174197959934 -0.0518337571451141
-0.0314634075239182 0.0473468657586455 0.0690209996160128 -0.0462700498745508
0.0100850045978301 0.0548466447728764 0.0424913023219595 -0.0641883132336921
0.0449542432522761 0.0288026699481018 0.000374635761651717 -0.0608711729633752
0.0383381375438353 -0.00857442255138993 -0.0158535210822384 -0.0332229735996262
0.0213581960615722 -0.0229054662865167 -0.011580729614107 -0.0212294573824274
0.00437082900267521 -0.0318059249106964 -0.00264313930466418 -0.020372101415636
-0.00571384057646137 -0.0308081258311723 0.00193678030239474 -0.0266859396768336
-0.00481081292512486 -0.0315571773151513 0.00924057209600821 -0.0327422958056239
0.00841626153571505 -0.0302356915828975 0.026184165208883 -0.0304119134846491
0.0235263632904477 -0.0223320411641598 0.0474148479994205 -0.0151394017413447
0.0431900679080288 -0.00112064673616446 0.0444848080355072 0.0186294576361507
0.0309563245503936 0.0308139081678479 0.0142879892530438 0.0406073280513085
-0.00913461756853725 0.0453750267377868 -0.00880866350588157 0.0174340053513178
-0.0362049590454729 0.0397125489288289 0.0315524637786782 -0.024413923919345
-0.0216609449993016 0.00477946131316163 0.0638344145431557 -0.0531632628711646
-0.0230646975423362 0.0195890147455762 0.0727057405718133 -0.0465706699042331
6.54756961297126E-05 0.0290442388112716 0.0489606374013154 -0.0556955356747027
0.0218306115547329 0.0176152930317588 0.0117400708945698 -0.0552327234884827
0.01904861030695 -0.00359281840086331 -0.005425352976449 -0.0379088847797961
0.0105828705985786 -0.0106320034738822 -0.00620939775051858 -0.0309728602774987
0.00242456069060392 -0.0164263898192413 -0.00214070904833473 -0.0296643352915353
-0.0034674037782753 -0.0173935261796057 0.00201843091501622 -0.0340702348556195
-0.00294418336685108 -0.0185775220503262 0.00916503535509315 -0.0412118700346556
0.00411205374878194 -0.0190467565861869 0.0286760224707013 -0.0369532718714631
0.0155010183061048 -0.0147421835029101 0.0517472477205218 -0.0194889189540033
0.0286480667349785 0.00103648779289933 0.0479613469328131 0.0172894018988184
0.0168006166448349 0.0228912709350088 0.0185601923933438 0.0384674170384573
-0.0130594572251 0.0280357554477928 -0.00585915280528738 0.0137376166870559
-0.0287274384529684 0.0154485732830571 0.039535870907494 -0.0301592775758723
0.0134996531999052 0.00987407336237925 -0.0334342000006906 0.0448610491167361
0.00755061978802094 -0.00821273818640216 0.0127427490673102 0.00139631730115208
-0.00478690175340039 -0.0107430366051917 -0.0200576685699191 -0.0400079388380911
-0.00916521780009333 0.000903773386521563 -0.0541696537539286 -0.0191149714346933
-0.0023431922233747 0.00583371285102275 -0.0557999048965977 0.0239903444747659
0.00194828841335261 0.00194529969051511 -0.0274447516226489 0.0486050956541316
0.000369667011891536 0.00182389320602069 -0.00369061652911379 0.0479814974604513
-0.000919506415026596 0.00123104692984934 0.00632562121338912 0.0385097112339345
-0.00192647672515518 -0.00210121297274203 0.0111365015823602 0.0349848242409032
-0.000651788681028036 -0.00444523106669952 0.0129040363999859 0.0360505712888109
0.000699119870171062 -0.00441504897868654 0.00776693356063615 0.0407155602874013
0.00496930677785643 -0.0070676882096739 -0.00838608889558614 0.0525964912165408
0.0108434302914049 -0.00274720948722762 -0.0362693976382842 0.0564467358508666
0.013064531467544 0.0107216316685863 -0.056145298721333 0.0459874628732889
0.00755507121537321 0.0209090898016055 -0.0505122498829912 0.0547958345145741
0.00244610754387735 0.032587506054077 -0.0380101488699899 0.0352309489167973
0.00886488972018385 0.0145390378141581 0.0117350753322736 -0.00331679555025256
0.0127901096126255 0.00365695819129971 -0.0212002785061877 -0.0453307579269154
0.0122136890441813 -0.000389843629959304 -0.0584385693362327 -0.0241472755094728
0.00933541543388608 -0.00492212831946235 -0.0587872919589669 0.021514049554734
0.0065770754023409 -0.0112808914869538 -0.0296680380069383 0.0471434648366769
-0.00196753683134264 -0.0133375111651869 -0.0039198468862447 0.045074862388436
-0.00517869771199676 -0.013652458766443 0.00607289995770338 0.0344648568598668
-0.0039341544964019 -0.0180110476331703 0.0123501582972323 0.0300554377677089
0.0067212008935775 -0.0195069987371069 0.0158614045772131 0.0310070926222236
0.0159287024408447 -0.0135791676270799 0.013975980440271 0.0360780197580151
0.0283360877840302 -0.00286217900905368 0.000483799867342003 0.0506953718420479
0.0250060649127338 0.0172493840084068 -0.0278437711680519 0.0577868241396443
0.00799804156379165 0.0361431729741998 -0.0444683939953342 0.0463249503573225
-0.00845051621843937 0.0458975853837836 -0.0390106470166737 0.0476770335301219
-0.0115298875678503 0.0509597700034503 -0.0353073950983677 0.0182763660724361
0.00629918858661701 0.0389862136646601 0.015765846646316 -0.0119464544960749
0.0277253952707059 0.0221613864756636 -0.0184042596938706 -0.0536586897772865
0.0342742181733087 0.000995414155645087 -0.0589623588979784 -0.0324644414151333
0.0228192685474329 -0.0141869104397036 -0.05936499299339 0.0149738331548253
0.0123896077949013 -0.0238512699272415 -0.031173767543176 0.0399041820504051
-0.00304023880985951 -0.0274343657304827 -0.00409417086800552 0.0369154342618333
-0.00887080734039212 -0.0259111807533854 0.00568367300108564 0.0258238431894298
-0.00652721134316789 -0.0302569654791904 0.0124456684262631 0.0203177415839681
0.0100440477848722 -0.0316971556931204 0.0197145170880568 0.02007453982489
0.025459002468429 -0.0233482679858992 0.0237495897476888 0.0262350011066722
0.0460152693801914 -0.00573324601779856 0.0133058552951062 0.0461529816875379
0.0396569453437622 0.0277290531218263 -0.0149493854682805 0.0579516563713854
0.00893897607319432 0.0535449517880883 -0.0317687480447828 0.0432966759651886
-0.0183207733845816 0.0644161780075929 -0.024116472657052 0.0344139519577358
-0.0249260009441333 0.0610472098731255 -0.0235556627681454 -0.00248206774145058
-0.00112949275733692 0.0592717561738442 0.0235078969107053 -0.0239214815057541
0.0373673385970819 0.0408219559492058 -0.00986514350020848 -0.062214635073227
0.0534778430339945 0.00593249643010375 -0.0533892963862253 -0.0431263381896135
0.0353008773034205 -0.0214534953863036 -0.0554007561659779 0.00406720869146185
0.0182329215222245 -0.0328851267362961 -0.0300273706005237 0.0275614475204129
-0.00209781416084403 -0.037547840406611 -0.00445957375954264 0.0234531504885489
-0.0108692044239442 -0.0344467782458922 0.00373870467699174 0.0129173651089711
-0.00964061927758179 -0.0378510239225276 0.011436516711771 0.00680540384377959
0.0102872275462737 -0.0393242114275687 0.0214097901435181 0.00576378391634291
0.028913496639526 -0.03058283181534 0.0317872777295183 0.0126045940147936
0.0551321258205671 -0.010824064562033 0.0259095574093632 0.0372869314554721
0.0489961332389988 0.0303692455924358 -0.00161860939616062 0.0552139625210828
0.0111632366984849 0.0611513362456384 -0.0217392452206158 0.0381034886583174
-0.0239909977961802 0.0731742844166239 -0.00924000785562446 0.0168961991858908
-0.0348230420172098 0.0606463850429343 -0.0053009653012949 -0.0241797812256089
-0.0115016852679985 0.0686127314484688 0.034524426733138 -0.0359676169690001
0.0369543562942603 0.0555191983171227 0.00296910873706816 -0.0677011288778592
0.0630626233135158 0.0135380728943152 -0.0401738827309666 -0.0508183203038756
0.043496354408355 -0.0226845066403281 -0.0450960732104973 -0.00862109863541743
0.0220100260811971 -0.0357955431059077 -0.0255612977186869 0.0112378825180451
-0.00147206651806746 -0.0419208282250089 -0.0043676301578267 0.00841242645043033
-0.0118700629329759 -0.0383562347868774 0.00185887380730747 -0.000992409113010515
-0.0113415766207204 -0.0401451345987032 0.00874097943957815 -0.00735619324951285
0.00862111589456011 -0.0406546543801687 0.0216658787861652 -0.00922664758309222
0.0277203817659899 -0.0323236740093199 0.0367651411884631 -0.00153662037194739
0.0556279990456131 -0.0123509055907144 0.0352330991218365 0.0266998924981561
0.0495899216621737 0.0298125091973155 0.00875440253737365 0.0493239644040145
0.00995199753269021 0.0608897209985294 -0.0148482359820507 0.0307610813766566
-0.0273040396200119 0.0714848448137429 0.00423159023434266 -0.000723200627406275
-0.0372274730042908 0.0498893592853278 0.016773608196494 -0.0432316746543008
-0.0202693694931095 0.0640990831003047 0.047235276690555 -0.04630338986142
0.0281706231811444 0.0588392271448428 0.0183566166549139 -0.0671414785566797
0.0598593239649869 0.0198125997675086 -0.0230531085338546 -0.0544829908039226
0.0432036967341948 -0.0187504341332159 -0.0305470486855766 -0.020409738904105
0.0219146585313838 -0.0327406173841853 -0.0194054053058407 -0.00547385470964511
-0.000273728130826181 -0.0391566150463391 -0.0046468375333989 -0.00765396673418993
-0.0109234888557694 -0.0355537448639167 -0.000160240150701153 -0.0149231842510013
-0.0106963260737572 -0.0368175612071641 0.00626430384243567 -0.020975948363068
0.00628686806511667 -0.0372176139034755 0.0205978748917068 -0.0224419129882745
0.0250776425985536 -0.0295735237344775 0.039315557292114 -0.0138359261314202
0.0506237686198147 -0.00990157476063685 0.0408319115188268 0.0169123536926798
0.0434499223121429 0.0284328430479256 0.0156911207763552 0.0423991972069701
0.00410900077519264 0.0542594952163613 -0.00995641274397292 0.023098596057569
-0.0290744814102774 0.0595172669822681 0.015636222583291 -0.0167977779335742
-0.0310308571467702 0.0301394958814773 0.0370957434828549 -0.0556356200176127
-0.0229761022493614 0.0460274636750616 0.0571020341823364 -0.0520258326595409
0.0157349098685108 0.0473221079169236 0.0306341800915217 -0.0624885583294252
0.0443547595690001 0.0194435987978696 -0.00623017434684071 -0.0540897056343808
0.0339957941326896 -0.0129303445702037 -0.0173142119586087 -0.0295264115349036
0.0169241054477465 -0.0241577846197182 -0.0127183171570879 -0.0200443951110143
-0.000272054327804648 -0.0295676964337059 -0.00436642745811815 -0.0211782386220848
-0.00879428388074911 -0.0280151437830426 -0.00147477445461368 -0.0263054679510182
-0.00867384673306665 -0.0289120050197644 0.00431246330738871 -0.0325270627057039
0.00439309572251099 -0.029535563739048 0.0206552155742325 -0.0327303836859567
0.0201195520588721 -0.0233436763000658 0.0423582990256155 -0.0221429990212951
0.0409203426940286 -0.00606405734352675 0.0440721224082828 0.0112177191742854
0.0324180111627802 0.0259537633355158 0.0200946222063704 0.036510655351718
-0.0028152894374394 0.0433909661273349 -0.00598230859095864 0.0169107976283031
-0.0285333647754142 0.040894628704896 0.0254823884480053 -0.0280723315788017
-0.0188329974698415 0.00523411200150465 0.0510692652525682 -0.0604079357980765
-0.0188390542360919 0.0189605719006712 0.0608725474214009 -0.0543506140798937
0.003477678254715 0.0249740607182442 0.0374517914476007 -0.0576430301082288
0.0216492713455015 0.0125157938597957 0.00396777475317639 -0.0523317898488854
0.0167421032437755 -0.00551604241116297 -0.00951667366582098 -0.0352313938971727
0.00802051262971949 -0.0113872709409736 -0.00927726010633766 -0.029324019952076
-0.000262698083773264 -0.0152316738578732 -0.00558594570933828 -0.0296189778763093
-0.0052691163998233 -0.0158537696348193 -0.00339837004841641 -0.0332127317548446
-0.0054592914933975 -0.0171662402929394 0.00320729739641488 -0.0400639502742789
0.00166854274097626 -0.0186811152924621 0.0218780724458575 -0.0394253550095394
0.013143772417308 -0.015460286408119 0.0457910467850377 -0.0263721539842815
0.0273829732602161 -0.00253730962739465 0.0475186040537974 0.00938552740811295
0.017901038148767 0.0199028278250283 0.0240417549077795 0.0341104887713887
-0.00908430501494355 0.0280395551729318 -0.00346030471712502 0.0134330791343843
-0.0241968225656266 0.0170841188369837 0.0329042839423321 -0.0339253622270627
0.0128013404343375 0.00918475354232559 -0.0330183727864851 0.042838132366243
0.00723622641351569 -0.00758208733710458 0.0122976722343183 0.00132414871248912
-0.0041801082302288 -0.0100611710706345 -0.0184601094710835 -0.0386742647648998
-0.00890972677252662 0.000484730953052437 -0.0520441932190153 -0.0192470305704435
-0.00255144134425119 0.00538095926245929 -0.054227696649079 0.0219586859431227
0.00142325315626677 0.00163641088808209 -0.0276066588621831 0.0459625095258828
0.000435678915421708 0.00149151757372212 -0.0044655257783435 0.0460149860348684
-0.000739122412504629 0.000912570726065696 0.00519393799658379 0.037128270760849
-0.00142698525490413 -0.00194591275475501 0.0102304311897865 0.033791514141818
-0.000528530882580537 -0.00451135839006932 0.0113174481973228 0.0347078038193657
0.000890977766309377 -0.00442476296943721 0.00666149951794207 0.0393995319399429
0.00495688609399207 -0.00656068973182867 -0.00922069618791103 0.0503006854845652
0.0103640750750546 -0.00206771600074224 -0.0358758584492706 0.0531943840133004
0.0118711378412304 0.0109215742717391 -0.0549710251809801 0.0431762379154765
0.00656632990224029 0.0196984780120654 -0.0504139525999214 0.0516037701252504
0.00156727631102067 0.0308610876042456 -0.0373499222461504 0.0330630024807188
0.00817717352035797 0.014570773725853 0.0116453481298835 -0.00274535062034013
0.0121006393179209 0.00379384392867461 -0.0195094018398326 -0.0436710284593993
0.0118794884272451 -0.000325424395385699 -0.0556957219838919 -0.0237275611870114
0.00946452471092887 -0.0044497220963767 -0.0567728682093076 0.0196922900898364
0.00644761324373035 -0.0111487397266801 -0.0291836757396878 0.0444689555674083
-0.00149853209361583 -0.0131069885503875 -0.00458100801675234 0.0425245419665662
-0.00459310156945009 -0.0129723900087544 0.00521120989908294 0.0330517538958811
-0.00319245804419055 -0.0169397780348819 0.0112468759943756 0.0290290863138138
0.00704658524633416 -0.018945353550532 0.0146049494768151 0.029713034846078
0.0159292650811189 -0.0129997379067016 0.0126611389904562 0.0345716741442743
0.0273221439550027 -0.00229196098582085 -0.000758660865363855 0.0485021045957015
0.0234848884740095 0.0176210490122072 -0.0276797181792997 0.0546940992398394
0.00655958599100654 0.0348659568675829 -0.0442458226339049 0.0431707153516983
-0.00920876219774434 0.0433793652205952 -0.0395085708903133 0.0451254478642542
-0.0122483852471572 0.0487272944724471 -0.0343241546231757 0.0173266777746067
0.00511721626135288 0.0379336939044587 0.0152318775985422 -0.010643039860497
0.0264304786234295 0.0216754162055719 -0.0163676467387486 -0.051842848331017
0.0336030477878815 0.00104167508981169 -0.0554472351078981 -0.0325174549802184
0.0223413923112269 -0.013619616721269 -0.0573843288685276 0.0128487376126489
0.0123649628339614 -0.0226856698306232 -0.0302023312903656 0.0372527692624096
-0.00208752980836852 -0.0266435572526255 -0.00486055387653161 0.0349614016271491
-0.008207745525368 -0.025216437041315 0.00460001173112464 0.0245366787414805
-0.00598658281831624 -0.0291090452418415 0.0115991894969026 0.0193717659853576
0.0103650764324243 -0.030445006658135 0.0179816741328664 0.0193084100066878
0.025193228255631 -0.0221020408626688 0.0220794068798391 0.0254286234963615
0.0447728523820378 -0.0046200933644318 0.0118147459035107 0.0442050524606612
0.0376042672426919 0.0275700630754282 -0.0155931636734391 0.0557816515640007
0.00754546279937716 0.0520370628414629 -0.0324877502197369 0.0413429387920962
-0.0192247795958681 0.0610943149357168 -0.0247248972199136 0.033087188013171
-0.0257548976809939 0.0584549223805089 -0.0225338332674037 -0.00211601218277403
-0.00251366525951002 0.0570886053931821 0.0233359511283641 -0.0217006113633865
0.0349579768057885 0.0400832446383826 -0.00779007994730553 -0.0596383420946947
0.0517866437542559 0.00621645347107926 -0.0500459310512897 -0.0421397997068646
0.0348598615170805 -0.0196783458450995 -0.0533040203565996 0.00259421554874793
0.0183906969202298 -0.0312126595524691 -0.0290450171486119 0.0256089034829042
-0.00172946454383387 -0.0360786700573144 -0.00518680087485672 0.022221015371419
-0.010100811064247 -0.0331735557031168 0.00292009555075343 0.0124824482193908
-0.00863295985403987 -0.036413783267983 0.0107616539933182 0.00654738206357449
0.010719638765662 -0.0377605343771938 0.0202377753425261 0.00552178404606777
0.0282556940816735 -0.0287916476874566 0.0303036463572641 0.0122870568787174
0.0533374880781266 -0.00876807171431337 0.0244871864661868 0.0356965977578232
0.0465685553117322 0.0304913073046072 -0.00268762657471017 0.053367679306516
0.00899576848662848 0.0593397205110498 -0.0220881659459708 0.0363192112738891
-0.0248243997557988 0.0694914033476519 -0.00973059424861342 0.0166546062471608
-0.0346878328438548 0.0575544837212359 -0.00425866998445483 -0.0230158626408696
-0.0128833859306877 0.0663520903118718 0.0345661436494417 -0.0333611458285814
0.0343488735688695 0.0541013045030683 0.00503478163173058 -0.0643738408087361
0.0609695764303123 0.0139561278077607 -0.0371287866407981 -0.0498690124889337
0.0426055513780233 -0.0209528366713814 -0.043073159910014 -0.00954362151072137
0.0220033816755522 -0.0343499372369272 -0.0246479640052967 0.00999221356872584
-0.000481905754854104 -0.0404428712208658 -0.0047204260368727 0.00749653776592621
-0.0107970544694824 -0.0365234269739366 0.00169933272213407 -0.00120763489614076
-0.0101215703929713 -0.0381432745346332 0.00894732503307524 -0.00738661732216687
0.00902343565939789 -0.0390917602253828 0.0208479043014016 -0.00837074567973967
0.0275345867365683 -0.0308452316686897 0.0350446915435914 -0.00134815599372653
0.0538550021931933 -0.011022537782016 0.0338128790149979 0.026122331413976
0.047652366190329 0.0294859348950641 0.00731402061152939 0.0475267735622728
0.00780661856475732 0.0588806626196144 -0.0146899326743406 0.0295039009742504
-0.0275602736747085 0.067566934699311 0.00347096957920894 -0.000319371218401724
-0.0368448746151169 0.0474797888338946 0.0178234779922711 -0.0404455491380524
-0.0207927755789781 0.0613364028299994 0.0461686770856263 -0.0426708274822707
0.0261863035101372 0.0564894818465885 0.0194174415387488 -0.0635178850000171
0.0574660912069963 0.019710169904234 -0.0208604072111144 -0.0528448131347614
0.0421664833234855 -0.017246359521266 -0.0288858317953576 -0.0205615405750145
0.0219598491241065 -0.0311678089610744 -0.0180908343916493 -0.00592742256271336
0.000240898872268813 -0.0374655213384602 -0.00403236170458224 -0.00792962617390562
-0.00995381755971766 -0.034445962965765 1.9296396472539E-05 -0.0146304740559746
-0.00971664033005625 -0.035080755615908 0.00655673813884314 -0.0205773070358919
0.00694755903293722 -0.0354231806021188 0.0199904177391563 -0.021232013734423
0.0248990682404427 -0.0281965156034903 0.0380896099991986 -0.0129610124019476
0.0489110650006595 -0.00884677505619104 0.0391473174979896 0.0170902883386417
0.0413317057784913 0.0282168998620758 0.0147827482550073 0.0410295113542967
0.00277991501597381 0.0524253245790536 -0.00960318931574657 0.0222060623133468
-0.0290976862473401 0.0563219578691166 0.0150655289192479 -0.0152143753850668
-0.030293770408026 0.0283751955903796 0.0377392377105821 -0.052619334609964
-0.0229271397610105 0.0436205391228075 0.0566209554964175 -0.0480422214345592
0.0139152943810338 0.0455020683217192 0.031011368865097 -0.0591437103846481
0.0426367873314573 0.0194148428647876 -0.00501507533482851 -0.0518436456716393
0.0327324141074588 -0.0115964360667876 -0.0158238303916122 -0.0287882930134116
0.0167559041469667 -0.0226145055569323 -0.0119060490649283 -0.0201629906375161
0.000326206216900883 -0.0286955557574352 -0.00389283419746317 -0.0206255209284557
-0.00788191896370499 -0.0265538635747477 -0.00128124957124705 -0.0257706587116349
-0.00803918640236796 -0.0277522163447 0.00477859140112508 -0.0309031597189484
0.00474395336390793 -0.0280577386588221 0.0205833464403574 -0.0307142116870115
0.0195434961399262 -0.0221646290835624 0.040984823482649 -0.0203179409345922
0.0395503246827294 -0.00489058806353431 0.0423896685319017 0.0117212832737864
0.0301654713781508 0.0253619061473507 0.0189603748557593 0.0358460530349485
-0.00375933361602792 0.0418376293601194 -0.00604737313953241 0.0159841798045925
-0.0279684724287526 0.0384510816118141 0.025187802822083 -0.026464666360005
-0.0179698344733302 0.00429125872490331 0.0509269938845763 -0.0568154962344547
-0.0180016822865137 0.017701038819186 0.0604869735683059 -0.0505273487993113
0.00271996776898683 0.0237103496906736 0.0376064081521099 -0.0541112149797547
0.0204233388166583 0.012148516221129 0.00551741347289325 -0.0500872468617488
0.0159655422135809 -0.0048348477045673 -0.008123931376218 -0.0341302996064137
0.00818618953052383 -0.0102712164474807 -0.00875243343556285 -0.0290197937775916
0.000303291410146117 -0.0143074223992642 -0.0048615922533741 -0.0289928379308954
-0.00500893768825144 -0.0149340980728043 -0.00273589991614661 -0.0327089901210184
-0.00457226691642293 -0.0161205492478496 0.00365157590109554 -0.0381989863543261
0.00158367912861506 -0.0178052078732029 0.0222271445753793 -0.0374912410767105
0.0130853450148424 -0.0145962533301446 0.0444349973554868 -0.0245084844955337
0.025996844757952 -0.0015147487587601 0.0456429676690994 0.00993755314828867
0.0165028038932334 0.0193231108778626 0.0224203518040395 0.0332693715146168
-0.00880354577627487 0.0267516690202834 -0.00383738101439398 0.0125610911121827
-0.0230841088866619 0.0159436833521131 0.0319903682118221 -0.0324788271768745
0.0126071140903503 0.00940849827247758 -0.0348960330484689 0.0417490900997155
0.00764421375479646 -0.00720312849264053 0.0123602969224403 0.00218020064139616
-0.00366430423486425 -0.0101356683361096 -0.0169181952751042 -0.0387653075921316
-0.00822588823800018 9.46706922787996E-05 -0.0511393753994254 -0.0211759913907813
-0.0025761485243984 0.00495573773934287 -0.055104454655898 0.0200158718396184
0.00119903096364474 0.00162451102798996 -0.0287580808894145 0.0447174137215814
0.000179973713471804 0.00141401425647853 -0.00581802426827769 0.0455464241163396
-0.000714547028857168 0.000779808396781688 0.00399917749683983 0.0373811997287371
-0.00172886798706988 -0.00230896305265735 0.00883183123198553 0.0340738605196446
-0.000393142344073077 -0.00432212458327421 0.0101097332072144 0.0350062237486511
0.000947718909387797 -0.00435689520592524 0.00511585959099483 0.0394722853128414
0.00534206526278835 -0.00609116405944487 -0.0108088019601253 0.049271869316721
0.010594720092826 -0.00109070550799653 -0.037552336880919 0.051217393167688
0.011396026098148 0.0116260242335445 -0.0568787093355828 0.0406092791616827
0.00556888639247667 0.0198708254799505 -0.05266228380963 0.0503580518863651
5.37737213309759E-05 0.0306231762190516 -0.0386125596029931 0.0321683154629726
0.00772710478306047 0.0152319580550801 0.0121378623744854 -0.00188678187194009
0.0119643734979043 0.00480778669804592 -0.0177531015347069 -0.0440736357636961
0.0118482746694164 -5.41130358170097E-05 -0.0545015567765823 -0.0261548602188804
0.00986589154839028 -0.00443943491334089 -0.0575468838679039 0.017352348616707
0.00683067307334759 -0.0111824502179774 -0.0307824983886072 0.0428395616968321
-0.00157814918104255 -0.0134134842801943 -0.0058495365458198 0.0423703474116462
-0.00440546419493085 -0.0129988828256361 0.00392374654125909 0.0332597585621898
-0.00268299697888947 -0.0173637566296963 0.00989003349891398 0.0294182417175048
0.00773463798148997 -0.0186763990083057 0.0132515649041956 0.0301450808666157
0.0162429080539828 -0.0126766842217922 0.0115825995995542 0.0349076805329614
0.0277799852324652 -0.00108456354618982 -0.00249021237944446 0.0477744063882756
0.0231097753355545 0.0186569967854948 -0.029365927080689 0.0533667580841817
0.00511800748786613 0.0354408488128091 -0.0458027810300156 0.0413599756675668
-0.0108516782874905 0.0423119706143074 -0.0419748829025428 0.0439234473788283
-0.0139479057902447 0.0476188146317099 -0.0346968984468112 0.0159828158638466
0.0033458205968516 0.0381620406546836 0.0161731216712048 -0.0096877424645309
0.0257079900745394 0.0228511495964441 -0.0138360268891152 -0.0516350109030362
0.0338385859860595 0.00205222366017319 -0.0544962722024716 -0.0343417050938388
0.023381240754122 -0.0127849105329429 -0.057437244386111 0.0105040049776705
0.0133065912719792 -0.0225782211346228 -0.0310620644230966 0.0359913253792817
-0.00151829032188518 -0.0266779053225023 -0.00657574487378002 0.0339299141175922
-0.00700554304727948 -0.0254173341045521 0.00335128525349951 0.0243274208334166
-0.0049276920875421 -0.0290294057239728 0.0107100631396515 0.0197353922890662
0.0113948873527408 -0.0302997182116162 0.0171460042471464 0.019701106811476
0.0258472682836668 -0.0213074125371628 0.0210089325529752 0.0256551502929854
0.0448007876691549 -0.00279211184181127 0.0105256504359144 0.0442187449896565
0.0365493258878364 0.0290036794249775 -0.0170570266712596 0.0547740671887363
0.00529689995534737 0.0520786840990294 -0.0337082070064798 0.0399134592935189
-0.0216856467287589 0.0598428079799724 -0.0266567624654426 0.0320190734400707
-0.0275663562414121 0.0570840795377453 -0.0220704964744428 -0.00281828746016427
-0.00499798731617318 0.0572039524224807 0.0244050280927393 -0.0200794635480936
0.0332495567976025 0.0410768815769696 -0.00534359980046798 -0.059107617412649
0.0518043153669983 0.00825984599229152 -0.0481831062035558 -0.0434177147106869
0.0356787539696118 -0.0186306116273487 -0.0527088236102253 0.00083471508931511
0.0195348005370481 -0.0307206687225759 -0.0297125845046614 0.02382186440685
-0.000412241525847208 -0.0362935255801548 -0.00632971290629194 0.0215835524490524
-0.00885117460674627 -0.0333553471354485 0.00253295643345605 0.0122671586350755
-0.00735942304297516 -0.0358731901021697 0.0106469701507938 0.00635946231881974
0.011893581307599 -0.0371555767048843 0.019759600055718 0.00616743482457092
0.0291649325310927 -0.0278761300404516 0.0294106558193911 0.0133072283128952
0.0537662168542544 -0.00706269651134031 0.0234029225012491 0.0363483050022942
0.0455688925551683 0.0320426840381468 -0.00417774654367934 0.053104851801706
0.00649184263731852 0.0598892654885885 -0.0232991201351764 0.0353970117187208
-0.0272665007672723 0.0682056594076152 -0.0108144957472598 0.016387039132064
-0.0365551711161491 0.0562505130943845 -0.00267312530965504 -0.0229773905710906
-0.0152229259450134 0.065860003924367 0.0358740729635536 -0.031144347750275
0.0327390026501244 0.0546508130623613 0.00814882272222407 -0.0631805248445421
0.0604390657354827 0.0158201973872155 -0.0349366387915796 -0.0509873237258806
0.0435024575978056 -0.0194070284993531 -0.0423314181370808 -0.0112285753310322
0.0234134466667785 -0.0335987729645896 -0.0248095838499896 0.00883900260974805
0.000662317203874455 -0.0401807080474853 -0.00541851497091334 0.00655000871985102
-0.00971701323648246 -0.0364138008590557 0.00144238652175918 -0.00153973346415308
-0.00881593061147434 -0.0381555078915789 0.00889296312490084 -0.00684644775048328
0.0102369998185944 -0.0386360992044943 0.0206529991868479 -0.00810832015857489
0.0287419937150179 -0.0301117034338424 0.0345381876643918 -0.000263246877806677
0.0546673664433587 -0.00898823122088033 0.032830502484352 0.0266852882195494
0.0464513897430656 0.031250805037574 0.00602869040716184 0.0477061840374795
0.0057436124456803 0.0589891082580235 -0.0160970712553709 0.0286997638236121
-0.0301910382690228 0.0663653705192206 0.00317489231159764 -0.000383275905736337
-0.037875346177517 0.0454344246746546 0.0195405432926603 -0.0397878287037303
-0.0232341700588008 0.0603173650606762 0.0486864147831192 -0.0399020852584045
0.0239628913280202 0.0571020524104228 0.0220255822844006 -0.0621387885213658
0.0565099491013114 0.0215246974429122 -0.0184156636206081 -0.0528548882946592
0.0430752365880139 -0.0156862796671913 -0.0281698757410642 -0.0215458898496897
0.0231965466899397 -0.0306879022497897 -0.0176470673101338 -0.00695991333603565
0.00179263605385038 -0.0373476481504504 -0.00447078440686866 -0.00830226045270663
-0.00903846239056955 -0.0342317215214613 0.000257205344256477 -0.0150977364512051
-0.00861400167194534 -0.0353531916987551 0.00716311138301663 -0.020203246064402
0.00782039414965876 -0.0350959110505088 0.0208056411899586 -0.0203630268239954
0.0256221272657111 -0.0272009569664355 0.038037381879811 -0.011385786072586
0.0489293912012549 -0.00726050637795419 0.0388896127037751 0.0182108199211027
0.03989879320629 0.0294348587874674 0.0138014831216234 0.041321672235242
0.000830926283161748 0.0527182433187163 -0.0104377112773958 0.0215652002622686
-0.0306612182410639 0.0546541991615138 0.015625868178062 -0.0150452408580105
-0.0312693029886894 0.027290565823731 0.0404609989551271 -0.0506500109829456
-0.02464317236354 0.0424181638973676 0.0587169630469578 -0.0453934697825068
0.0122757881486968 0.0454194462685818 0.0338076911754995 -0.0573488789982647
0.0417554228234018 0.0206750384482535 -0.00264743371667416 -0.0518206580813616
0.0329492939349839 -0.0103238628441802 -0.0141217996864468 -0.029384133248911
0.0177287847209198 -0.0220353076546836 -0.0107342454819298 -0.0204632240463673
0.00150506203264628 -0.0280140727642426 -0.0038497104499467 -0.0215508044137678
-0.00693796439278987 -0.0269357058317176 -0.000634781713654874 -0.0258610384379308
-0.00715331378307675 -0.0275367990211349 0.00633183393739249 -0.0305457291173156
0.00535870074532632 -0.027518292951055 0.0217245166193382 -0.0301092843297782
0.020340827348468 -0.0214667402959948 0.0410763219519631 -0.0193313391208812
0.0391929194831795 -0.00355122083281473 0.0421576745532482 0.0127392432584662
0.0289437523945149 0.0262145204427777 0.0177943080742267 0.0362711973405693
-0.00522731107168943 0.041534252839374 -0.00669405060691197 0.0157810375476474
-0.0292245226388143 0.0366667691355078 0.0255112201496379 -0.0255435042068495
-0.017712906697798 0.00399155069095119 0.0540830889482012 -0.0550075432654868
-0.0182398736719339 0.0168086199404497 0.0624777705272357 -0.047486386694912
0.00166974666269129 0.0233189495561277 0.0397039997020923 -0.0520191583258415
0.0202570824843684 0.0122324603319981 0.00741048898228819 -0.0490630612719901
0.0156835270580235 -0.00428226727435143 -0.00652093227461501 -0.0339637687777023
0.00870679361974815 -0.00985343847604008 -0.00728527923725223 -0.0294090130120043
0.000533179408813053 -0.0144375808410454 -0.00421352156059951 -0.029241664299469
-0.00445304017098211 -0.0149052741471031 -0.0013956270033313 -0.0332132264466551
-0.00454994957389278 -0.016226120223841 0.00520328480337158 -0.0381561221122303
0.00256497455847531 -0.0173431301825378 0.0233166831299697 -0.0366448360135275
0.013462487625183 -0.0137589810147746 0.0448037428075702 -0.0229294208930043
0.0255524054744412 -0.000603711001890163 0.0452107409432121 0.0114398736885906
0.0153627819761349 0.0195283369688944 0.0208564143307105 0.0341031117628704
-0.00995915998728955 0.0259226819998774 -0.00437963374833844 0.0127467024919345
-0.0233941297492354 0.0147160589235355 0.0328136179408629 -0.0309029631816363
0.012544527471715 0.00970284314188343 -0.0369646520807877 0.0423694018090922
0.00820936836558706 -0.00723266205709877 0.0134105266518755 0.00257223262661454
-0.0034765459938276 -0.0100739234263352 -0.015777183493553 -0.0404969103043619
-0.00851309421804648 8.17606067577453E-05 -0.0520318845493221 -0.0225804969978847
-0.00256825274394468 0.00475424822238292 -0.0571878096905832 0.0190261823179985
0.00115023401452877 0.0013685516085621 -0.0307580393601316 0.0451621183735082
-0.000144192530543837 0.00128334932470304 -0.00677929824527536 0.0464991194670956
-0.000867493028657636 0.000711233393281959 0.00319508009848015 0.0390748304518161
-0.00154829006332823 -0.00256862605215792 0.00802902534877721 0.0354985768057638
-0.000243924045757074 -0.00475776993815925 0.00954492474495169 0.0364100929643356
0.00151241269744446 -0.00462172416659367 0.00364369379188864 0.0408605889170747
0.00612693958374419 -0.00577826027343608 -0.0129372601766775 0.050133666294106
0.0109513195054514 -0.000543185600991758 -0.0402154705148167 0.0513629165050693
0.0113860337804416 0.012433556098347 -0.0604163151892887 0.0400085815302481
0.00490241646763336 0.020028178282752 -0.056556652893403 0.0506488805212531
-0.000700945224068316 0.031427426209314 -0.0405657800893713 0.0326528002460846
0.00729203112808783 0.0159965049953778 0.0126760914888244 -0.00133254156769838
0.0119122116265845 0.00520703689662549 -0.0165931666726482 -0.0453388314350992
0.0128479495477971 0.000247363915558706 -0.0552632205698277 -0.0277204077799812
0.010331581191874 -0.00491302142185995 -0.0600025777177113 0.0163455609584779
0.00701280376819549 -0.0117344633645241 -0.0325914995911338 0.0432095786916871
-0.00123346693542744 -0.0138237502430107 -0.00706478622602788 0.0431071698340111
-0.00423353940872156 -0.0139138601680855 0.00328072355736962 0.0346174618850016
-0.00223077372012487 -0.0178300413344986 0.00973729814826193 0.0305419718818458
0.00840334828698641 -0.0191799445257704 0.0129090994509176 0.0311466852549213
0.0174299570747351 -0.0124507284240029 0.0106251021780752 0.0361450504951383
0.0290004930937686 -0.00058328086734025 -0.00392912139325199 0.048861235238761
0.0234433388222826 0.0202647932121811 -0.0315897088971888 0.0540505899705855
0.00382903801561563 0.0371187203360654 -0.0487494887768921 0.0416949583595242
-0.0122931178165582 0.0432856200190011 -0.0447742780815611 0.0444962667519897
-0.0158671463854887 0.0485089682009243 -0.036269218138096 0.0162029217989248
0.00221820112572562 0.0400681511975001 0.0171079113611595 -0.00952247006434598
0.0256184455731255 0.0241647472253581 -0.0123661847635113 -0.0533118001757651
0.0351024852931049 0.0026651878417208 -0.0549094623582766 -0.0367448073934416
0.0246686580333469 -0.0132809287925143 -0.0599383231126954 0.00947244036384301
0.0139010366525998 -0.0234755060494188 -0.0330446461692756 0.03590553007899
-0.000696580239653238 -0.0274101808533224 -0.00752514722475725 0.0343519425506982
-0.00692581656872609 -0.0260228691919694 0.00296535268729615 0.0256563032246825
-0.0042600854048311 -0.0300713276682805 0.0103087417252031 0.0204192395194251
0.0125568525229892 -0.0312696605867313 0.0170172632459848 0.0208900083280368
0.0271447841895304 -0.0215766696976366 0.0208434439304905 0.0272013130872804
0.0466159961021857 -0.00229897447920626 0.00988483618648975 0.0451887610711297
0.0372903838469609 0.0313124667031845 -0.0190080850391776 0.0562364204825506
0.00326658474291508 0.0545630529318043 -0.0359916571197122 0.040518199368009
-0.0241201541333522 0.0607839170776483 -0.0288878419662549 0.0327009166936802
-0.029963972263373 0.0577013348536444 -0.0229676084676985 -0.00318121486522627
-0.00683795266558086 0.0592624389772192 0.0259254296245019 -0.0194407809033479
0.0335817400339869 0.0436602743775265 -0.00363304594238044 -0.0611069727553525
0.0536071336727863 0.00901172122378224 -0.0482316688436092 -0.0463595564480207
0.0377247670576726 -0.0188970818275263 -0.0540884384331047 -0.00110223503944849
0.0208738085212226 -0.0316812584222634 -0.0314667828472862 0.0236626055584451
0.000208509504879107 -0.0374579517025071 -0.00708592254247394 0.0217643679500239
-0.00871029020698012 -0.0342371902979656 0.00187917352670591 0.0128634461524274
-0.00708802709260097 -0.0371664456178253 0.0105144196182104 0.0068622811097248
0.0130670968061666 -0.0386078148248448 0.0200298234574053 0.00678331089818529
0.0308095283934111 -0.0281467164561726 0.0303004012138897 0.0143736890265064
0.0559572822160216 -0.00655886736281955 0.0236110289815876 0.0378995318396391
0.0464543328192617 0.034236347170732 -0.00569039153753836 0.0545620464840518
0.00490663547785012 0.0623534143571288 -0.0250606068239601 0.0359393864834761
-0.0301094325553935 0.0691960636247989 -0.0119118216134797 0.0170422826760814
-0.0396926199197927 0.0567064260575052 -0.00174244936026163 -0.0233007744475858
-0.0175714156596835 0.0679334758095255 0.0387075750398757 -0.0305365208800856
0.0324609764931637 0.057211654400879 0.00993147340251876 -0.0647822274614902
0.0625246888576527 0.0170482862762931 -0.0344558986750232 -0.0528168235240792
0.0457982694839531 -0.0195396623062954 -0.0431790300784243 -0.0129593427589029
0.0248051112717539 -0.0346555390229205 -0.0257364661617032 0.00770239130857643
0.00158864140633692 -0.041334754903132 -0.00627636191909963 0.00600795731191491
-0.00915516223312751 -0.0376298023117531 0.00146419620316685 -0.00197775221392507
-0.00819733564522035 -0.0392562105587383 0.00915743434185131 -0.00728358046221499
0.0114183253661682 -0.0398577502479392 0.0214097543738941 -0.00755292924042634
0.0303830778967625 -0.0301516300775188 0.0358837897102747 0.000545613243662837
0.056367622606469 -0.00817473023407291 0.0335984698173423 0.0277568121418449
0.0471489490804457 0.0331461053561275 0.00578033417548722 0.0495876516339603
0.00403501524655858 0.0614560027173688 -0.0171564052366529 0.0291708816071998
-0.0327685763962663 0.0669991417641497 0.00285327310740025 -0.000358364121586617
-0.0404441615296214 0.0461142749840777 0.0226155645100571 -0.040414354705367
-0.025235373675447 0.0618653829908859 0.0517476962890462 -0.0395754912744093
0.0230280081035946 0.0591911609149995 0.02430737797505 -0.0632649833834208
0.0584533138666734 0.0234048336877706 -0.0173771248451019 -0.0549752497560702
0.0451007282271665 -0.0156239961192966 -0.0276753316968044 -0.0234779213417555
0.02475749615234 -0.0310732072437639 -0.0180657034661225 -0.00797620377685467
0.00256414015326881 -0.0384485241098388 -0.00477054905636619 -0.00923256992687732
-0.00836584388185949 -0.0353139218710421 6.11821138008334E-05 -0.0158871633263176
-0.0082668780326621 -0.035896301743683 0.00799214970661511 -0.0208298952797193
0.00916001775009691 -0.0360853298292294 0.0218887470479323 -0.0206170489649554
0.0271476976679575 -0.0275434155110258 0.0395829204949255 -0.0111787269302086
0.0509534890426852 -0.00634959878867166 0.0400297276332913 0.019223053235193
0.0404410053483741 0.0313515501427973 0.0132155550087396 0.0432447604420474
-0.000457716974198553 0.0541119877541642 -0.0115555955664393 0.0223532729926427
-0.0331824324085247 0.055157476071082 0.0158191889297103 -0.0148446484940597
-0.0325045748915729 0.027011997206894 0.0436728292631345 -0.0515683912210641
-0.0263064878733162 0.043064765222519 0.0624997111040809 -0.0444484769238144
0.0114904991615839 0.0466373890831278 0.0360878834503657 -0.0578811235735893
0.0427611094539132 0.0216574630329921 -0.00108683748595938 -0.0529766645717439
0.0344774040960647 -0.00999622206518679 -0.0137847488177964 -0.0307358866732096
0.0189496150001033 -0.0223808626423284 -0.0108196763217653 -0.0215247906242846
0.00208172988985127 -0.0292296555557453 -0.003318770706249 -0.0226556816556909
-0.00676984121607008 -0.0275007051599389 -0.000274707643078369 -0.0275808950432869
-0.00640346843225878 -0.0282060673453644 0.00674888948230353 -0.032107801877155
0.00617390301108385 -0.0284731094442809 0.0227152348534814 -0.0305041625960453
0.0217803930198868 -0.021398480932919 0.0431764875405162 -0.0185787547860692
0.0404509208373763 -0.00309276087897187 0.0435133777060594 0.0142264980680135
0.0290453695018544 0.0275974563128219 0.0178671448832375 0.0380864542925591
-0.00637377933891919 0.0425999733537482 -0.00716054869587748 0.0167612885474674
-0.0306943379023807 0.0365979075901057 0.026721540474729 -0.025577670202711
-0.0178245238936058 0.00362090938659211 0.0579696526167544 -0.0557043586042148
-0.0193663430741537 0.0164346464591744 0.0665263115682833 -0.0467960600001944
0.00107517051439347 0.0235291611324841 0.0427648245011304 -0.0531450729640318
0.0203875360175368 0.0126220569030907 0.00915794647253754 -0.0502730059785328
0.0165612862429455 -0.00394620790368699 -0.00524179507046197 -0.035345637721972
0.00915257699110333 -0.00998870431943673 -0.00693417823797772 -0.0306515162820375
0.0011085825421265 -0.0146983177336275 -0.00383840003966888 -0.0307817111560077
-0.00423340177257189 -0.0151932768273922 -0.00104707280441755 -0.0348808144559546
-0.00416023826636729 -0.0166310075076784 0.006471158833252 -0.0391024709622384
0.00277007190087023 -0.017706565751544 0.025031095732219 -0.0373259255800441
0.0140759593157837 -0.0140546671145965 0.0467930636498833 -0.0222744755725053
0.0265502139926842 -8.35580942091158E-05 0.0469023907605705 0.0129460133832943
0.0153795393346917 0.020348033008767 0.0213469424230797 0.0358665959254294
-0.0106376518175863 0.0266444570111411 -0.0044499470385014 0.0131597066950529
-0.0241626172990067 0.0142371015423971 0.0347287889642067 -0.0307614447592342
0.0130469892421641 0.00942139928405991 -0.0381833950078995 0.0452611007505542
0.0086410000513242 -0.00813896615693456 0.0144554690978223 0.00256984880518796
-0.00366882555219125 -0.0108394758987117 -0.0174899168168791 -0.0425108886590187
-0.00832832832398456 -0.000306625068129278 -0.0550462870640813 -0.0231555963453377
-0.00271726049568449 0.00495590732159646 -0.0603864677875073 0.0211711901445472
0.00103339984849847 0.00110380377290846 -0.0317563632143739 0.0475884809617273
-0.00022117563758757 0.00100671281157051 -0.00634242716927595 0.0489273457353935
-0.000750603029609327 0.000458981222375607 0.00410560114144667 0.0413752405222579
-0.00187326877073839 -0.00302754107247338 0.00935777140126142 0.0375303842825497
-7.6892592578183E-05 -0.00500615267918651 0.00998907830122318 0.0379986508243069
0.00149941326812988 -0.00484639894294435 0.00400820143628639 0.0425858639516316
0.00635733123742108 -0.00598974024548735 -0.0130484644507718 0.0525585824437694
0.0117625258877519 -0.000154840019415423 -0.0417978477439905 0.0539405493473568
0.011981783184995 0.0132784992273121 -0.0637192736715909 0.0425777990156112
0.00523474260045985 0.0211435689903941 -0.0596630519329171 0.0545922430623538
-0.000389546985571176 0.0325132408702752 -0.0424196584555772 0.0353162827631207
0.0078145567013833 0.0168015692698321 0.0140599007607666 -0.00148785682203614
0.0126807267060144 0.00517821844704647 -0.017560410083718 -0.0478168306600865
0.0138279353828675 -0.000315148584384345 -0.0585787878843781 -0.02861569990482
0.0111340059248199 -0.00563317732052427 -0.0626415702432414 0.0179276274899486
0.00731354309076083 -0.0124892385754424 -0.0336050869520399 0.0456186734802193
-0.00169386859572045 -0.0148008949425822 -0.00701505408833921 0.0448916545156221
-0.00426735844966899 -0.0144227978176579 0.0037736250895657 0.0365020348812246
-0.00280336110555579 -0.0191063631065763 0.0103800982736336 0.0318486638618984
0.00865039837259657 -0.0206415022778975 0.013489475007323 0.0326645055666473
0.018553228170259 -0.0133597679317121 0.0110569539156671 0.0376599395954717
0.0307508952277591 -0.000772426655775835 -0.00311695187601534 0.0516319635852102
0.0252421107253096 0.0209476094354136 -0.0328765865646266 0.0569582800876366
0.00459053611742581 0.0394081517188323 -0.0510631225100144 0.0442606018352692
-0.0129933140466618 0.0456743564196069 -0.0475599225375211 0.0481007306057148
-0.0164055230016184 0.0508996112373944 -0.0377634789288761 0.0185422980118728
0.00267876941344291 0.0423747518409911 0.0181485540589528 -0.0093363539605275
0.0274128356137143 0.0251073009767099 -0.0132906126805842 -0.0559270489850716
0.0370396651016911 0.00216056032816861 -0.0582440284700801 -0.0380453079386192
0.0258239672241265 -0.014614716873757 -0.0628302446138388 0.0103922495309709
0.0145879181519593 -0.0250926717478443 -0.0344678454021942 0.0378351836829567
-0.00156678498874684 -0.0293823985627569 -0.00784120823186956 0.0362218280301854
-0.00771313336702534 -0.027495499616848 0.00271885140567125 0.0268306492120349
-0.00550611792905667 -0.0317866853351036 0.0112457853366052 0.0213306209868823
0.0129653223985291 -0.033274008416236 0.0179460623790666 0.0215790401194686
0.0286202230500426 -0.0232684734969167 0.0218528101560224 0.0277462246921837
0.0493041144374973 -0.00282410582250967 0.0111451509700502 0.0474069101929374
0.0400724693317724 0.0326876164031762 -0.0193228160185494 0.059341475531978
0.00407289817218708 0.0580008715076772 -0.0378383845681588 0.043077467194908
-0.0245676694593073 0.063825333472618 -0.0309479611649588 0.0354888783013455
-0.0313449890589013 0.06097218587631 -0.0235416748524122 -0.00247330030289534
-0.00663005144798354 0.0628349720695608 0.0279034310488005 -0.0204818577455972
0.0358134428238838 0.045236963890185 -0.00394923061075447 -0.0633913430492792
0.057249883199349 0.00852754326127267 -0.0512655398289363 -0.0479439012629578
0.0397159753576664 -0.0205428956814756 -0.0571674147165023 -0.000618164329683756
0.0212166610758555 -0.0341490388851156 -0.0323582276820778 0.0246011536791563
-0.000167941308890826 -0.0395996812711916 -0.00792730299686471 0.0222953680380614
-0.00985511692182294 -0.03597074792487 0.00184416755641106 0.0131235310106596
-0.00790988543060897 -0.0392820431701234 0.0107502115471045 0.00699764114565075
0.0133168373589391 -0.0409044921091101 0.0213074053225196 0.00667446539440829
0.0322657191284928 -0.0302725741132855 0.0316330249776191 0.0139476057158873
0.0586973068908415 -0.00789013844137366 0.0255218776916962 0.0391589784295825
0.0495389399732888 0.03549849328951 -0.00483595868911607 0.0575704058298908
0.00604670837332664 0.0659249951104854 -0.02582468729324 0.0383706613497053
-0.0306306262289751 0.0729375518118186 -0.0132471903371876 0.0182183398016481
-0.040728606349197 0.060023978076322 -0.001414093950867 -0.0241110984045331
-0.0181025264731764 0.0721199553224874 0.0406301566488841 -0.0324577399353216
0.034772522791402 0.0599197773357408 0.0103689483586923 -0.0677852584008314
0.0660788226573027 0.0171816042219879 -0.0365699574810932 -0.0550715455044046
0.0480644848834859 -0.0212403482161477 -0.0453072361587276 -0.013044170196485
0.0259328929714887 -0.037260580792967 -0.0266747240013314 0.0084692522930956
0.0014013558933406 -0.0433083056574671 -0.00701813317715139 0.00633117066768927
-0.0101662484650252 -0.0395741045139598 0.000875568056798903 -0.00180532575974153
-0.00935611687288319 -0.0410077956140287 0.0092664760247929 -0.00824201288579604
0.0113317973859726 -0.0424191304640725 0.0222311742546708 -0.00870449533462099
0.0316639284391535 -0.0324187036144767 0.0376471971091797 -0.000399808045005025
0.0594816616284047 -0.00958494466931925 0.0363303267831898 0.0285301514492486
0.0502023771979295 0.0341250372144635 0.00694154051850638 0.0523506034900118
0.00479990625048721 0.0648688950464447 -0.0176964455089335 0.0309778418125965
-0.0336661136034135 0.0705776673463391 0.00285473194695186 0.000293499035773099
-0.0419659460721261 0.0490924758915551 0.0241430707925176 -0.0427546715114494
-0.0262232047945389 0.0656389807019907 0.0548123558694909 -0.0417820263988948
0.0255235019417908 0.0619581572603049 0.0253640057572211 -0.0662130215769773
0.0621655272476356 0.0231453794564675 -0.0184914983660661 -0.0574239288398743
0.04745885882968 -0.0169718551124064 -0.0294637369305653 -0.0241432178236074
0.0255584965032352 -0.0332904836357728 -0.0185911127553019 -0.00845828620517572
0.00227531854277964 -0.0401446725972879 -0.00561989740016782 -0.0102770208691606
-0.00975468374463514 -0.0368911473853766 -0.000100884097886627 -0.0171796514994331
-0.00922139045339863 -0.0375309224073342 0.00797793885030428 -0.0225528043515503
0.0089490239838875 -0.0381498924167918 0.0226393304166725 -0.0223425704196619
0.0280300173133925 -0.0292565509921818 0.0413981858141152 -0.0121462738625205
0.0535635784492611 -0.00731384090730804 0.0426000813437886 0.0192261131861443
0.0429497396358991 0.0323479112314067 0.0152451946426711 0.0457421912197514
-0.000146642910044696 0.0571411727674482 -0.011313757687836 0.0237869490728812
-0.0336290563133121 0.0584081881075361 0.0162515319502758 -0.0159163418871834
-0.0336120911636868 0.0286504567396622 0.0464134131430076 -0.0548847825379935
-0.0271981149736528 0.0455970930642367 0.0657207194643845 -0.0476714342854872
0.0127013318509986 0.0489208277468397 0.0380757108269897 -0.0611501690937229
0.0455180714288993 0.0215953030245659 -0.00138566246491874 -0.0552076051646631
0.0362092335424337 -0.010963034843291 -0.0143245054838856 -0.031810021719597
0.0199175326659911 -0.0241842922999252 -0.0113937331963237 -0.02288923050417
0.00173282129558827 -0.0298882662845994 -0.00444818827573976 -0.0240321111711361
-0.0076162196721278 -0.0283807416448923 -0.000934671975068106 -0.0291149561059035
-0.00732078918951325 -0.0293491070067345 0.00658761164369792 -0.0339023333434826
0.00608123838533535 -0.0299016137634479 0.0240220674642124 -0.0324859106873031
0.0225395837931712 -0.022933827654574 0.0451912977753021 -0.0204006611112142
0.0421868215590229 -0.00333233066324753 0.0467186442794958 0.0139813471008662
0.0304439099214773 0.0282498666730187 0.019550662749854 0.0399953912378313
-0.0062176819417594 0.0445686544802604 -0.00732266055235802 0.017594898651623
-0.0312230482483762 0.0387372159596539 0.0276379864478887 -0.0274222657739653
-0.0189082429098396 0.00378395574960702 0.0613018079072689 -0.0594520417298269
-0.0199304805245944 0.017440846562961 0.0700911823479675 -0.0504178758827622
0.00156412564365265 0.0245088445136509 0.044390307305114 -0.0556830419569986
0.0215701665824525 0.0130974606813748 0.00930176901792343 -0.0525777855828594
0.017357887848774 -0.00400983173699984 -0.005896552119262 -0.0374353192756985
0.00989378403822052 -0.0107842645901353 -0.00758894036940451 -0.0318809195763147
0.000796984050618812 -0.0151232551507299 -0.00447303117198436 -0.0329057779082374
-0.00475211154386943 -0.0155513277334334 -0.0021782420232862 -0.036846600955533
-0.00456181061772163 -0.0172223378781224 0.00626599511208521 -0.0414534306132847
0.00294604333505004 -0.0183761824158542 0.0266184405229248 -0.0391746944346384
0.0145284193837709 -0.0150362163428003 0.048720530211398 -0.0240125261474537
0.0275271269965146 -0.000598531448690587 0.0490369872005327 0.0131123106713135
0.0160481262637527 0.0211436094460547 0.0227594859711398 0.0378204479539681
-0.0107170781200051 0.0276197604619423 -0.00472311379516935 0.013914423046326
-0.0245302927435511 0.0151412584829699 0.0355027645254657 -0.0332985694049892
0.0111988410053697 0.0128979134469063 -0.0461650538443179 0.040307161488811
0.0100605417413841 -0.00649644042350451 0.014992773464165 0.00476866344777914
-0.00245491386677957 -0.0110935663520674 -0.0102374599154229 -0.0470444202820589
-0.00896587699472161 -0.000529176418915169 -0.053299016978616 -0.0330401771401945
-0.00334791210930449 0.00503635234122555 -0.06571363766953 0.0120888393331161
0.000705057485638113 0.00171306251674895 -0.0407680948806678 0.043753210333624
-0.000241013071529183 0.000860625609273727 -0.0143279093334794 0.0492876000482056
-0.00101610099823711 0.000255744709505966 -0.0028435958567117 0.0435618483245758
-0.00128399050638989 -0.00369224673162409 0.00350154167606473 0.0408168668895589
0.00110581295044473 -0.00517713372903276 0.00455815515563004 0.0412440167115083
0.00265612671348764 -0.00396706949031146 -0.00258768709219913 0.0446511351835853
0.00742912319395673 -0.0049639850745824 -0.0225497972215319 0.0519435548062887
0.0109583634006441 0.00271821224121649 -0.0517327866848077 0.0480327427507913
0.00865751763152476 0.016140633147871 -0.0733212257595513 0.0312796021081852
0.000596375759970394 0.0234444512518578 -0.072350327080683 0.0439962410925007
-0.00687724323905151 0.0330749005032743 -0.0491992451300979 0.0299797547610824
0.00487651405489315 0.018521416940644 0.015202103025765 0.00182098637541968
0.011310552880577 0.00795558729952054 -0.00885950582319978 -0.0513462511708574
0.0136157567118267 0.0024109395232635 -0.0545615723551911 -0.0391000007216329
0.0125738514011393 -0.0023302908911981 -0.0671099173110539 0.00794799693995731
0.0100212770057652 -0.0116877315828568 -0.0419829467640521 0.0410492658713257
0.00100369275324236 -0.0154382310647014 -0.0145967046789497 0.0453706633516186
-0.0013856925820319 -0.0154598825315563 -0.00232751148354229 0.0386583441726381
0.000329228454580927 -0.0199872041065989 0.00561762858651674 0.0356566033510583
0.0128364541639262 -0.0193472260780313 0.0089756927789082 0.0363757617911696
0.0217705966424317 -0.00963684069960625 0.00454820624816228 0.0412176578788539
0.0315282725586084 0.00527412329227278 -0.0137128090291007 0.0523507855775935
0.0206503277572037 0.0277778101031144 -0.0433829296817543 0.0528124552087994
-0.00425890470354511 0.042299101250858 -0.0604093322347528 0.0337837814723006
-0.0236290484094176 0.0457939001697081 -0.0567655503049571 0.0390000341408686
-0.0266969382278554 0.0490512733811493 -0.0421051552461505 0.0144470734326974
-0.00496246757599403 0.042789620965457 0.0205856989587761 -0.00499268094388481
0.0220574846272674 0.0300682397178876 -0.00254067235533622 -0.0570561078096291
0.0363387564137774 0.008954911471737 -0.0511353423357544 -0.0477619529754126
0.0291741453780336 -0.00945867146043478 -0.064587981264628 -0.000896441380242703
0.0195825437329856 -0.0229558260434261 -0.0412483245868171 0.032465409526507
0.00360088527069051 -0.0298903425981799 -0.0137942654342547 0.035298283639805
-0.00246680468825113 -0.0293760108920028 -0.00185785440951816 0.0280112018560203
0.000675606006704652 -0.0330849742265657 0.00825100540358461 0.0242490063154476
0.0193085512565065 -0.0319611513561389 0.0155780235374068 0.0257902644139017
0.0345861529542168 -0.0178615490241209 0.016571279645429 0.0329132342326412
0.0515121325074529 0.0062298812968498 0.00110380241869134 0.0513849094012704
0.0335457977498048 0.0425529136979741 -0.0299422905070334 0.0570336327576523
-0.00803284923729751 0.0608596274907145 -0.0459759301651664 0.0347267019921528
-0.0399491797234273 0.0629228089375204 -0.0363445621341297 0.0282938363248855
-0.0433503277180242 0.0556792056584931 -0.0244563657066263 -0.00400117893622143
-0.018175569633631 0.0619760411569825 0.0320715055916732 -0.0143478767791562
0.0269042522241343 0.0515422667332178 0.00911399791413891 -0.0625717939487554
0.0550355547181677 0.0183991118076696 -0.0413959634390049 -0.055730899044492
0.0439014172828741 -0.0130460667610257 -0.0570138744113672 -0.0117799635832879
0.0283770964708578 -0.0307117035164642 -0.0366697764099909 0.0193169003788379
0.0063563971163094 -0.0404707085689674 -0.0112784138229737 0.0205239129634572
-0.00256985852990365 -0.0384405671643133 -0.000692131450554345 0.0134784882674686
-0.000873081564328896 -0.0416462723353221 0.0103510451935179 0.00951955329252437
0.0210490898999665 -0.0398803488169911 0.0211923972372897 0.0113510761319439
0.039963577247048 -0.0245167998578295 0.02883923472348 0.019996804433336
0.0623609758672311 0.00301685232977458 0.0167896973079865 0.0453444295557724
0.0431813542946534 0.0475187030417953 -0.015081554917735 0.0574564199897657
-0.00800891661848367 0.0697717269943854 -0.0329095940692069 0.0316798844606024
-0.0475741556766404 0.0707678664561399 -0.0141567744514095 0.0132141935542392
-0.0530618307305483 0.0524803121551121 0.00121058369585131 -0.0229300352683149
-0.0311917712037599 0.0683134399343931 0.0469022074582667 -0.0239010502362265
0.0229103648666435 0.0654456703204226 0.0237783686782655 -0.0632512644346002
0.0630340111413363 0.0282309391982829 -0.0243450403219906 -0.0600510184566359
0.0520367484505872 -0.0122510090316082 -0.0416706189309278 -0.0226274563106534
0.0330577735999495 -0.033304807431062 -0.0279618452355943 0.00322235694393222
0.00880749390207996 -0.0439742832027937 -0.00753238071210581 0.0040927386608534
-0.00270502733731884 -0.0421120760644044 0.000689338818996453 -0.00217637926075713
-0.00185425775312802 -0.0432280677771676 0.0113793206813223 -0.00649230676000133
0.0200589464713864 -0.0415142714538696 0.0247388101963983 -0.00464896764171549
0.0394331591737591 -0.0268593888566997 0.0374541268215054 0.00650877219530204
0.0634466441327889 0.0013297953966107 0.0295414506527959 0.0367287756428262
0.0440989717072102 0.046286558005877 -0.0016707923984445 0.0539440508923462
-0.00855255109907356 0.0681228746166399 -0.0235321646808249 0.0260194555843963
-0.0503153330491581 0.0676680601662941 0.0061533873771384 -0.00218461926971677
-0.0513868696750441 0.039768306591314 0.0301759465065428 -0.0376223309301112
-0.0381012149159382 0.0601603045648891 0.062336557436104 -0.0314672190214225
0.0130039893495671 0.065867832861738 0.0384352584826647 -0.0593073574817815
0.0571712517069146 0.0332129581312456 -0.00580005265148023 -0.0591957092771661
0.050408561477816 -0.00859840705087644 -0.023711682559116 -0.030498598300458
0.0322894098435333 -0.0295432380839639 -0.0170954357774968 -0.0130909237782875
0.00896292357919034 -0.0406702492460898 -0.0033095932904145 -0.0126529020918318
-0.0026509707287335 -0.0394944896884517 0.00212585012819732 -0.0177305566085335
-0.00227064788425368 -0.0397933083201334 0.0117165110266766 -0.0217408069849185
0.0163738819891008 -0.0373953075361471 0.0274104634259565 -0.0186486458961323
0.0355725746809491 -0.0247092506060453 0.0434020072598893 -0.00563894447637276
0.0573711907726393 0.00241225713796625 0.0375971659751222 0.0282355293545786
0.0371897551495875 0.0426753503613405 0.00769849809917473 0.0481149109521022
-0.0114641778910668 0.0593129164846312 -0.0155505907838138 0.0193783139763342
-0.0473848753926699 0.0543771655500889 0.0223880341031121 -0.0155258237900118
-0.0396504775837336 0.0208046498978649 0.0555760195904042 -0.0467750052612499
-0.0355060516242932 0.0398034052744716 0.0747048052150806 -0.0362749892703159
0.00299695095812271 0.0500397190264429 0.0496263760576549 -0.0526620560749974
0.0408833542091381 0.0288252116146803 0.0104057281345639 -0.0544437086524862
0.0381214756265199 -0.00433953476996981 -0.0071869692715888 -0.0359502802864732
0.0245031818348956 -0.0211291088956828 -0.00711153890820337 -0.0266369595517499
0.00718307188123153 -0.0306069490075369 -0.000134077704495102 -0.0269039087805657
-0.0023551526909538 -0.0309551707532975 0.00312057577779669 -0.0307855630834375
-0.00213934460947314 -0.0314468721656262 0.0126165262473373 -0.0338827056117256
0.0123253721190777 -0.0294039958590144 0.0305449359508701 -0.029340561380229
0.0285507251155575 -0.0194047581812809 0.0478889449508859 -0.0132860972873986
0.0453379949871162 0.00426199960657411 0.0429495679623588 0.0229181539843055
0.0249665161653037 0.035770237898754 0.0137560908001325 0.0436204521890715
-0.0155460310740906 0.0449423285153326 -0.0102640758685996 0.0144377937824276
-0.0406260727392982 0.0338805240956966 0.0355686459744985 -0.0245292838235389
-0.0195463932110853 -0.00181412032098216 0.0723595410812019 -0.0498732707846335
-0.0228695346920808 0.0124603972926316 0.0798477733498723 -0.0396552336524648
-0.00345075542611434 0.0239475343263574 0.0547916767800924 -0.0476990201014246
0.0184740342529443 0.0155101753480939 0.0200542527804501 -0.0511230679999652
0.0176576684308884 -0.000990481693269878 0.00110533257237283 -0.0392145256399837
0.0115065701014942 -0.00925685407587962 -0.00241032758292541 -0.0349268495756705
0.0033310101546493 -0.015300274848207 0.000735188750461558 -0.0353496278905067
-0.00187042993459493 -0.0168997474699317 0.00390647699885711 -0.0388382065565261
-0.00186678492077206 -0.0180632971765373 0.01347729472138 -0.0420571971045281
0.00641255129434007 -0.0185202679805204 0.0339534233256276 -0.0360928983763537
0.0182377553195976 -0.0124445305452155 0.0531415122921259 -0.0169189891959264
0.0288303394918803 0.00477584071448887 0.047043034554825 0.0222106881255812
0.0114608920890372 0.0253000907262532 0.0174360725158826 0.0418276362990372
-0.0165249000539823 0.0265031863344444 -0.00677692627515592 0.0122485321940827
-0.0283198543021144 0.0103474183279387 0.0437494124299484 -0.028263911088296
0.0119575783190074 0.0117302724459521 -0.0423541538370024 0.0437359342810539
0.00960589756942814 -0.00711696545243329 0.015295303131373 0.00379004410709063
-0.00272400459673148 -0.0110558751745938 -0.0134188245135955 -0.0457013554975725
-0.00870437269213274 -0.000328556322557183 -0.0549769868760632 -0.0292264713177448
-0.00277964959642214 0.00500215864443914 -0.0642651940199484 0.0166066979072744
0.00112882521981572 0.00134057585692175 -0.0376661776305848 0.0461497476133219
-0.000397347935087315 0.000595074669812676 -0.0106776723830747 0.050198211045298
-0.000550553205233098 0.000258123412629092 0.000662782079628062 0.0439540045972867
-0.00179346103381524 -0.00391957742786014 0.00624808199934397 0.0407708157022453
0.000655033962820426 -0.00535626834462714 0.00737653903864882 0.0404077620166146
0.00261736626330305 -0.00418765709211065 0.000339316423140558 0.0446485176862872
0.00729456691684476 -0.00486022448335523 -0.0190086498167262 0.0528206215450559
0.011462831061143 0.00210301463521315 -0.048171835870009 0.0510857103479328
0.00993051106651536 0.0159519700935113 -0.0709626700126413 0.0362213160741417
0.00209229089398842 0.0227437441604183 -0.0694621078826824 0.0492206554104021
-0.00463035770677879 0.0334859421538806 -0.0462771136943122 0.0336907403895347
0.00612652214397703 0.0180236270757432 0.0155516027367455 0.00070974324489909
0.0119745727805549 0.00700418388178195 -0.0119997902028312 -0.0500081350712462
0.0141800599586765 0.00101727466707747 -0.056480133246085 -0.0347362057446879
0.0122690268221959 -0.00380292976914824 -0.0661187477377067 0.0124819702895927
0.00871024560353906 -0.0122397228966357 -0.0386100527095487 0.0435903182135458
-0.000456774623161606 -0.0156337091446243 -0.01114979595693 0.0458358378762113
-0.00259800516430118 -0.0154584630445692 0.000394979636752895 0.038903683945697
-0.000680044615695945 -0.0202731153042791 0.00836000406807767 0.0349508132899784
0.0117747267173234 -0.0206302908872629 0.0113564881371297 0.0357215570717324
0.0211176486564058 -0.0112785131366965 0.00765055230052916 0.0404943600430614
0.0320730973732686 0.00246686646551321 -0.0101700764841202 0.0531154705890784
0.0226696816305693 0.0264058097072131 -0.0393168516310322 0.0552261075213519
-0.00103305562267784 0.0424959784744083 -0.0577552002203536 0.0382525936491327
-0.0202739978012023 0.0467654781364604 -0.0543090680798842 0.0430408444355972
-0.023204097388342 0.0501610066972191 -0.0405694596090401 0.0178157979606213
-0.00172657891566623 0.0433924147974649 0.0207533629852154 -0.00621948750544084
0.0243702651103541 0.0282412691343046 -0.00621224786368101 -0.0564184202220019
0.0371925662231606 0.00576453665540155 -0.0539032927092578 -0.0431870930990469
0.0287139324821176 -0.0118611546045283 -0.0646252927577975 0.00406994946177569
0.0173405319241732 -0.0244049643443139 -0.0383458191940953 0.0348891405065105
0.00107611953648487 -0.0302069456386192 -0.0112264951070294 0.0358084473057674
-0.00445951003029506 -0.028812732729873 0.00022446525189791 0.0283438534777055
-0.00197996798605444 -0.0335934228884147 0.00960470780530847 0.0239172005338798
0.0168487063279391 -0.0334398153841976 0.0170941071197126 0.0246378677139501
0.0332715047779384 -0.0204688416845168 0.0185978062886719 0.0312138937921077
0.0519228414807857 0.00214028147618265 0.00458353784602294 0.0507161710094748
0.0363490043197366 0.0398231765799683 -0.0253538913736681 0.0586525524629256
-0.00379608520266101 0.0615250011299878 -0.0434863280993681 0.0375725681498701
-0.0351042860504996 0.0651770645677144 -0.0344860535626459 0.0310686518091889
-0.039617782496621 0.0580402969313312 -0.0239485156558943 -0.00176682501467881
-0.013369504397017 0.0627247593373842 0.031561890782108 -0.0161255772219784
0.030802186195234 0.0492033579223933 0.00463485507825586 -0.062112927063792
0.0562248719260417 0.0136749877464954 -0.0444516779872469 -0.0519820337993303
0.0429819133459744 -0.0167615435658054 -0.0568449514092452 -0.00755379935857888
0.0255928502259295 -0.0331386122902282 -0.0349959553585804 0.0214967662511707
0.00327233929893087 -0.0405335942514777 -0.0100303395953314 0.0213367291139431
-0.00563940166133902 -0.0381249358428203 0.000165140566055574 0.0136504196691418
-0.00387788018741727 -0.0414132540242214 0.010458594504493 0.0086158913962485
0.0181973169306832 -0.0409829491877342 0.0216693000929859 0.00933537310256647
0.0381551006092307 -0.0275168634072373 0.0296848350994151 0.0180145384279171
0.0628645816154381 -0.00202550884722064 0.0198948326657477 0.0437507882291272
0.045920700658739 0.0440572272623772 -0.010413479511866 0.0582456398315846
-0.00319297934176759 0.0703866884070765 -0.0305274215912005 0.033697927485601
-0.0425586988873497 0.0734735368320754 -0.0136825506229547 0.0145854976110388
-0.0491778477539356 0.0555063334506242 8.52597600528608E-05 -0.0226885872499032
-0.0260822167120799 0.0706043869645732 0.0451087210786126 -0.0266306585761462
0.027658032816963 0.0633732073916438 0.0197481539006887 -0.0641206463375565
0.0647106919830325 0.0228875473400344 -0.0283213930593418 -0.057900023719479
0.0514030369582944 -0.016557553266977 -0.0429660817429689 -0.0198226529250102
0.0303946669429775 -0.0359500890540142 -0.027691130288371 0.00445892441055871
0.00563778239646201 -0.0446345219392131 -0.00752957768215859 0.00395884278296756
-0.00622554552225663 -0.0416526129753287 0.000437225945590259 -0.00218831906869838
-0.00537067225562669 -0.0432277940237966 0.0104489742307988 -0.00733075783132563
0.0167146517547841 -0.0426125058041357 0.024717524759279 -0.00645334255988451
0.0379271321798252 -0.029834074341002 0.0370542382326372 0.00359058824540636
0.0634921444713657 -0.0040989396079014 0.0317737077137557 0.033908461481299
0.0470030075191471 0.0428808034537034 0.00282221591078875 0.0539049536872247
-0.0032422825180033 0.0690177737276255 -0.0210205025536016 0.0270470085383316
-0.0447382017428509 0.0703876555484137 0.00524107132903164 -0.00273246125850632
-0.0484761056269549 0.0432668330470031 0.0278348812846966 -0.0397487739077128
-0.0337010509751727 0.0626596604485769 0.0602055231414858 -0.0352320614139811
0.0180579000115133 0.0641664106944852 0.0346291546980894 -0.0609045046940749
0.0595462246616678 0.0282422862861969 -0.00939915038340141 -0.0577973845497963
0.049814908570238 -0.012432691668297 -0.0254452873451808 -0.0292423750191788
0.0296418154831624 -0.0323284998198352 -0.0177900869873931 -0.0121992781661006
0.00582594682904144 -0.0413907193298177 -0.00469385045887676 -0.0126594713842764
-0.00550986240042627 -0.0387928077942317 0.000355895879999103 -0.0180016003838055
-0.00508518492536159 -0.0392505375438979 0.0103025402255617 -0.0226474799541906
0.0134437953447322 -0.0385942900520366 0.0260430520784178 -0.0209183263404932
0.0334933581267687 -0.0267280957707266 0.0425684223902047 -0.00866128144680402
0.0572507282595445 -0.00230020156220501 0.0395224918746273 0.0251099982756246
0.0396228305386795 0.0396884402620538 0.0116436320763303 0.0476156914226566
-0.00749910865885593 0.0597122459001689 -0.0140543496233195 0.0209613235148308
-0.043306283967501 0.0568774735255446 0.0208692385301576 -0.0172010798454114
-0.0377246463085294 0.0233039745489597 0.0525281796293425 -0.0511503832647683
-0.0323036756790816 0.0421491249551897 0.0722284770698572 -0.0412150093013679
0.00660290501175405 0.0493720430352249 0.0459743496629106 -0.0550213840711217
0.0428752631842081 0.0248959334226975 0.00694470414457401 -0.0545507230913956
0.0375058054559844 -0.00758948044538382 -0.00943416417989832 -0.0352467032768915
0.0228019590872728 -0.0229558915133139 -0.00872427705864731 -0.0259922369445965
0.00504578985918199 -0.0308123471939938 -0.00225788995812637 -0.0268560023489743
-0.00492672498698166 -0.0301433651981676 0.000458802876880497 -0.0309408370763156
-0.00452974877715098 -0.0310229213847309 0.00990887361915482 -0.0350005544283202
0.00976712564467905 -0.030149019242901 0.0282039675638094 -0.0315380510470078
0.0267648522606537 -0.0212623104293814 0.0468862155301357 -0.0165548691821813
0.0452138866427933 0.000606817273250424 0.044255800800241 0.0196840622989902
0.0272089219636802 0.0338705585579563 0.0171225799739774 0.0424577286533556
-0.0123356827427655 0.0455235187553019 -0.0087723563767177 0.0153258022754357
-0.0375772788812775 0.0361785772093937 0.0333640253122583 -0.0269110069224513
-0.019346170063441 -0.000239481078675787 0.0687194162464291 -0.0554508538513365
-0.0217158497000149 0.0138176539602407 0.0769881139335428 -0.0448794587701542
-0.00172911269561708 0.0232929474660324 0.0517498482262393 -0.0508786943737487
0.0195935289062899 0.013445475589163 0.016654581421164 -0.0518769669367446
0.0175336543137132 -0.00230618454826807 -0.00122170628994897 -0.0393678374742449
0.0109748309357554 -0.00993892714845796 -0.00470317134198375 -0.0349672025684337
0.00216605335258308 -0.0153554794201883 -0.00191212548828333 -0.0358138431328307
-0.0033919898034502 -0.0166886135748361 0.000203134480688103 -0.0388793649487579
-0.00290377004501653 -0.0180342347735191 0.0103095472186274 -0.0424841760492021
0.00465554466567717 -0.0185007829413491 0.0314785083177747 -0.0387048378295828
0.017452983691791 -0.0139567630501666 0.0520280891799818 -0.0204949468034782
0.0289062299745849 0.00245800454127836 0.048459245297495 0.0187050125141778
0.0126470384365189 0.0243222258368765 0.0207886390083261 0.0403471387601569
-0.0143307702543171 0.0269598420038168 -0.00582976588705291 0.0125358588168444
-0.0270836884426396 0.0114004854016403 0.0407854635998211 -0.0311758858478125
0.0113096721116023 0.00989539600739009 -0.0381878509380265 0.0441463324452926
0.00884369776156398 -0.00706790881972554 0.0153875940666977 0.00253093321409135
-0.0033973384239105 -0.0100365520149622 -0.014709611939924 -0.0431305456127032
-0.00835490436194777 -0.000167490810306745 -0.0536416662878387 -0.025172557394561
-0.002507280632092 0.00490101634977533 -0.0608643679946202 0.0193521128088361
0.000837726766933407 0.00125546101256303 -0.0336693010384185 0.0461481036835279
-0.000161607581257693 0.000444269174936212 -0.00770158883509206 0.0480902722724027
-0.000547644676480124 0.000189913904884133 0.00304569916068402 0.042495309131478
-0.00216792102764134 -0.00381266265284555 0.00861549597936073 0.0390723306843927
0.000660791449155501 -0.00553590253489954 0.00868489299863594 0.0389528448559764
0.00276595221197701 -0.00434890561439274 0.00257614464672063 0.0425644630237453
0.00698265551988207 -0.00541061053632954 -0.0158328923889916 0.0515116277820457
0.0112925276556429 0.00187346077801513 -0.0438474754496913 0.0507093215083948
0.0105735846686849 0.0147737718053039 -0.0666971845257407 0.037705281542844
0.00249190137838042 0.0212651884386904 -0.0648511137607724 0.0511968824186426
-0.00350924986792475 0.0320794925784123 -0.042545215539472 0.0352573994941282
0.00671079443212784 0.0172324750185126 0.0152320744274253 -0.000264957975429679
0.0122368185584159 0.00641922221900818 -0.0135721400588184 -0.0470956414842647
0.0136596929716028 -9.96168394171615E-06 -0.055732425225154 -0.030461328496979
0.0119003550565674 -0.00469348171253846 -0.0626818231532464 0.0153634556475145
0.00759875347302657 -0.01256238086775 -0.0351927426561351 0.0431021973326798
-0.000945973484797098 -0.0152541696920018 -0.00854869545252337 0.0442837894239215
-0.00317275522478196 -0.014656754094759 0.00251795947971205 0.0375667162489764
-0.00191180938408429 -0.0197067735518543 0.00975466435192822 0.0332614627420138
0.00981367799648925 -0.0207211824972977 0.0124158268823217 0.0336678655766447
0.0199191998385397 -0.0119101519530093 0.00901826503414643 0.0385188326279291
0.0311361790798259 0.000924263256304319 -0.00698089837647207 0.0509539301638293
0.0235268209995213 0.0241270026216486 -0.0349863540519192 0.0544141501128808
0.000955980414210847 0.0411218207382637 -0.0540019591848323 0.0390115075191946
-0.0176276141881486 0.045216090091683 -0.0503913402337287 0.0445125787131352
-0.0201292062049085 0.048802214489376 -0.0373806139781375 0.0195278372656569
0.000748666965719138 0.0419221914877616 0.0197725978336668 -0.00650902044533209
0.0247132500112585 0.0259510809776624 -0.0083840458597803 -0.0535822562964551
0.0360924520920678 0.00306786763546434 -0.0534730871795802 -0.038793608691187
0.026759570953663 -0.0133660048572893 -0.0620027563384967 0.00645190871574868
0.0152757823126496 -0.0249701926288867 -0.0353469438950602 0.0348806859216935
-0.000484430389509541 -0.0293365179548342 -0.00920264524998727 0.0347536387854554
-0.00592065476206795 -0.0275833181594539 0.00162026161479751 0.0273455002771531
-0.00399052103138956 -0.0320506815236079 0.0106859919055407 0.0222923891572903
0.0149352087603277 -0.0332403421854399 0.0175004965945615 0.0227006659178069
0.0312931511400807 -0.021437112293306 0.0195043033422282 0.0292326883028955
0.0499744637879594 -0.000572150647528039 0.00723095744561394 0.0480167180401108
0.0371450599585501 0.0365306475490469 -0.02133554417199 0.0572934322706894
-0.000997681725041088 0.0597609463860742 -0.0395805621242984 0.0381644498639522
-0.0305051585859081 0.0637937890990431 -0.0318672033636096 0.0316721186312014
-0.0352016620859173 0.0574974571856527 -0.0225201690611033 -0.000528031405441819
-0.0100154622110559 0.0613140864604079 0.0292620675427758 -0.0163623225840836
0.031905810995804 0.0455587557977944 0.00225788077798414 -0.059314310669122
0.0547798094065493 0.00940406448307044 -0.0446296560459761 -0.0474540168782966
0.0406649433772732 -0.0187004589227829 -0.0551808501756918 -0.00454167063892972
0.0226091108290548 -0.0333042660361949 -0.0323354784948344 0.0219383468701708
0.000990838096144989 -0.0392856876724512 -0.0089949953922257 0.0206206862197762
-0.0075847575047348 -0.0361218981155624 0.000714760240771701 0.0136860986285772
-0.00600418241449367 -0.0392807947605641 0.0102661643072061 0.00795455162061517
0.0153123319211524 -0.0408675360785759 0.0214069650974867 0.00803155856683704
0.035366456606579 -0.0283733364757137 0.028772750981685 0.0161575306126265
0.0600516789449294 -0.0057256921331569 0.0216713771493722 0.0407853706824638
0.0469349548253547 0.0398381363968108 -0.00687739436098177 0.0562886603276121
0.000785370002771869 0.0679117856890632 -0.0274962358264828 0.0332054763337903
-0.0370266662319 0.0719874926684466 -0.0130709352834135 0.0147116367406709
-0.0446283236375992 0.0552038137366244 -0.000477704352794137 -0.0215738809368776
-0.0215990847669612 0.0693454124006598 0.042469623172714 -0.0270482779163777
0.029547358778766 0.0587835094470649 0.016392624327479 -0.0617168391057897
0.0634727505933372 0.0179651774649742 -0.0293843746036214 -0.0533798444349462
0.048502732015954 -0.0188810604795884 -0.0419446082982478 -0.0169747384051423
0.0270408574678777 -0.0358839494418454 -0.0262452978593371 0.00550794457265452
0.00270116719757884 -0.0433397986770325 -0.00741394067672533 0.00380708374545364
-0.00799022486166015 -0.0392983480040507 -0.000429901915334432 -0.00279562524378378
-0.0070851932807704 -0.0411421024091359 0.00940226523418038 -0.00782201945447437
0.0134273355668886 -0.0421314977951028 0.0230409533029803 -0.00736426058972439
0.034841573515205 -0.0303603643484666 0.0359745905027446 0.00172599937384629
0.0607070677958709 -0.00767011064656451 0.0327159643191128 0.030614614225499
0.0471313647916319 0.0384854793934654 0.0055427883701639 0.0516154146545621
-0.000564684820955921 0.0663069154537709 -0.0185481419775548 0.0272506772261257
-0.0392343904881333 0.0690232450399292 0.00410407315315599 -0.00251109020602108
-0.0446916640696546 0.0435109469945954 0.0252369807295462 -0.039342365103983
-0.0293354509853733 0.0620776291033527 0.0565320575687746 -0.0365145551954586
0.0204311532333735 0.0602239437340249 0.0305378995069451 -0.059643257922431
0.0587051403285764 0.0233777503225154 -0.0113317943553712 -0.0544726160512536
0.0471789819490736 -0.0150179438065161 -0.0255176099751847 -0.0267482699132896
0.0268103466996089 -0.0326478726246112 -0.0177068928277031 -0.0113650457103375
0.00362016630181211 -0.0398330982758033 -0.00540899551924045 -0.0122571530658748
-0.00762068662952587 -0.0363879810582393 -0.00078310507344603 -0.0173679169117856
-0.0071248305447484 -0.0375618679567933 0.0080948309801807 -0.0220909556677818
0.0109579415743849 -0.0379749178211034 0.0239736546932769 -0.0214058732256039
0.0306793911368052 -0.0276687328988478 0.0404140446001517 -0.0103244398039019
0.0550131670795125 -0.00549770442057954 0.0392679763152403 0.021794238233336
0.0396716914724341 0.0355848715205867 0.0136407298759365 0.0451837808574852
-0.00421374760830651 0.0580188056586614 -0.0122394295059895 0.0205331262161848
-0.0379928716683901 0.0562167730370847 0.0185777285015224 -0.0176511274761971
-0.0351012273385483 0.0242634039999695 0.0484719787319427 -0.0514852031821098
-0.0290186535767342 0.0420685235317314 0.0672910990357776 -0.0426085651501986
0.00889154659232396 0.0467267369819254 0.0415046946876241 -0.0545243226322769
0.0421235933439792 0.021166802853042 0.00438310747385442 -0.0521327846713829
0.0356568503856387 -0.00911869781904028 -0.0102843810860744 -0.0339343116868523
0.0207951347069522 -0.0232063453430136 -0.00975243651883213 -0.0249700122214889
0.00306173386127541 -0.0298104221529121 -0.00388314345058315 -0.0258240557547675
-0.00650081098515547 -0.0278283561183545 -0.00140186779880222 -0.0297525232588731
-0.00606047805864003 -0.0290983618548824 0.00736921422041157 -0.0337646793413448
0.00783532830228424 -0.0294376950151925 0.025560385127498 -0.0320180860425048
0.0245994448900952 -0.0215109999982434 0.0443137744336743 -0.0184330091419932
0.0431080521358629 -0.00198196194966571 0.0438570464764412 0.016198190824974
0.0272709786416379 0.0312670319625703 0.0189717240932224 0.0396292041238682
-0.00953744509267426 0.0443283208783172 -0.00768147786001702 0.0148595664288672
-0.0340395479176277 0.0361172525663336 0.03026148681958 -0.0278493324664369
-0.0181858619240041 0.000528973890530711 0.0633442031139948 -0.0567344958274894
-0.0199472578990802 0.014354334292909 0.0718359019554849 -0.0465848750989456
-0.000271723399313018 0.0221487714317177 0.0472466732223497 -0.0509464943528188
0.0190060124875091 0.0116093952425076 0.0135886977890081 -0.0505317510916304
0.0167509022251778 -0.00315305794054933 -0.00267680764705002 -0.0375527461569051
0.0100909508861966 -0.0103254605220022 -0.00626684584868918 -0.0336794863410397
0.00125705978868689 -0.0148691080631907 -0.00413955323005553 -0.0343774443906904
-0.00448514882033166 -0.0153260175482838 -0.00164638932158594 -0.0371110230398206
-0.00403412836671762 -0.0167438623140688 0.00741015627983733 -0.0414992936564354
0.00362321725098927 -0.0178283434218229 0.0278600478673444 -0.0385970975441588
0.0156160664871776 -0.013778777602372 0.048997853757037 -0.0218585067133256
0.0277572408492643 0.000891522775387471 0.0474746175192929 0.0152465441918941
0.0131534761466137 0.02279551319189 0.0221560014864424 0.0379500302591624
-0.0122852583296807 0.0262105058463503 -0.00513868353812344 0.0123111441579761
-0.0249715383881414 0.0116800475437167 0.037369368727964 -0.0321997638825517
0.0101556681857402 0.00938875926819836 -0.0355745935472083 0.042819771577316
0.00846720992342688 -0.00659537475975461 0.0150738680032963 0.00222162503740023
-0.00295664880643779 -0.00907172596061429 -0.0142648321533487 -0.0411103790485415
-0.0078482211084706 -9.28148662094016E-05 -0.0513020472550641 -0.0237341963196496
-0.00216047846710388 0.00440131675932172 -0.058116322267171 0.0192079125086693
0.000551532255752257 0.00116373010271796 -0.0316558885339985 0.0442464207945366
-0.000336988058963072 0.000124329551704926 -0.00650781538477952 0.0454060412467524
-0.000525696417572799 -0.000179694022717341 0.00354839527045595 0.040154554792599
-0.00199136272301992 -0.0038196872007122 0.00872070030443381 0.0374094261752319
0.000456594077660491 -0.00557605166068523 0.00868102481979759 0.0370500459307926
0.0026239629117513 -0.00428230914478333 0.00261506468730571 0.0407826980731814
0.00649727091326499 -0.00505953821578451 -0.0146226905534877 0.0493117406982555
0.0108262384195093 0.00181102878237885 -0.0417584815958282 0.0483390383283631
0.0101623882102369 0.0142864228972448 -0.0638114407319949 0.0367389023538887
0.00209602691530527 0.0199888876627742 -0.061596596458579 0.0502153254643953
-0.00326253368671421 0.0304049587846004 -0.0392592748949098 0.0340169130468054
0.0068583550109672 0.0168126878461611 0.0149261486887126 0.000424347042189047
0.0117948907851255 0.00601721614970718 -0.0134682939432658 -0.0450834512568194
0.0133302163538493 -0.000311077919039243 -0.0531031835262069 -0.0283376094097015
0.0114700890078973 -0.00485289397111313 -0.0599455663324124 0.014994668488559
0.00680033548233841 -0.0121472696651704 -0.0329844418360186 0.0418256194183788
-0.0014087590608073 -0.0148542836500184 -0.00761073463213514 0.0420501556572018
-0.00362690736542944 -0.0140488432931315 0.00288701945917847 0.0360259758571694
-0.00240385846588223 -0.0191153435441773 0.00957457665566178 0.0318182498127411
0.0094587938502425 -0.0198947978362234 0.0121237384620661 0.0317603285440917
0.0194847747123457 -0.0120131448385574 0.00872555376668384 0.0369252191846608
0.0300668217561062 0.000394620494271612 -0.00650430715987411 0.0481506565722595
0.0228368992983911 0.0231936025340609 -0.0323350894008101 0.0519989080534714
0.00115298153166708 0.0396082703586911 -0.0511803269567638 0.0376841713263452
-0.0164101713660629 0.0427757246703433 -0.0484294923622981 0.043459219528948
-0.0190831807560405 0.0464868831973767 -0.0350968160062753 0.0188919243531362
0.000914531359034482 0.0402418621480855 0.0191908439572071 -0.00631810593980543
0.0242408370100452 0.0242977566482684 -0.00797268852736944 -0.0508857707271672
0.0347452649121744 0.00176998075520881 -0.050710889004774 -0.0361904798201839
0.0256241173186806 -0.0137046463709583 -0.0589946961151087 0.00711315421103854
0.0142548740871998 -0.023929017959677 -0.0333656100716742 0.0336732121212964
-0.00122714554729797 -0.0279774735082227 -0.00841230035453776 0.0331430834263797
-0.00590235478088656 -0.026087051974182 0.00198293449149542 0.0263009671208197
-0.00422633841966078 -0.0305000283454661 0.0102465548833535 0.0215869421866311
0.0137879186457935 -0.032038065939271 0.0167343774452626 0.0214814182768906
0.0296394010385548 -0.0208779599371077 0.0183500084455789 0.0283903628453718
0.0480054228903681 -0.00147082723805898 0.00730703120830061 0.0453595217279451
0.0360098398501142 0.0344286319485723 -0.0192692109895212 0.0545393047930021
-0.00020788478330695 0.0571846928119476 -0.0378065200347256 0.0365091346023056
-0.028931846151038 0.060486907272252 -0.0309823224744976 0.0311353775630291
-0.0335030582676239 0.0549287691269505 -0.0211669043999884 -0.000170168431757654
-0.00874181267554217 0.0586344894052091 0.0285611287767797 -0.0155906732584163
0.0312673873218501 0.0428724035801931 0.00190247032614011 -0.0563289802833447
0.052782852871323 0.00747616075438397 -0.0426622301553039 -0.0448894101689456
0.0385588666755323 -0.0189019842883826 -0.0523911729040761 -0.00393762064331069
0.0210175795978779 -0.0324056011216243 -0.0310528060279407 0.0208541540865406
0.000209012124946997 -0.0379132013676833 -0.00859413986112515 0.0198119048492443
-0.00797792198907735 -0.0340321397005684 0.000756740730082682 0.012903427260487
-0.00616734396308881 -0.037593705623272 0.00945887720645613 0.00752706522817879
0.014128941511918 -0.0392136937212528 0.0200857819762966 0.00713108648824901
0.03328516625008 -0.0277996379162836 0.0278223396610226 0.014813015688824
0.0572820025173627 -0.00635761317089934 0.0206623121359213 0.0380595711607615
0.0448823856293658 0.0372889352007727 -0.00507141334049926 0.0535884461039315
0.000929083875238489 0.0649821817284809 -0.0262656244289304 0.0324747124704656
-0.0344880164778059 0.0686702583475318 -0.0123779003375488 0.0144147174955445
-0.0422149843669138 0.0533050015940892 -0.00013630095046393 -0.0204725677341338
-0.0197635783542272 0.0667053635075545 0.0404588872218725 -0.0257233601650954
0.0293520106877599 0.0558715305599738 0.0156908492846686 -0.0585455293379752
0.0607556182334443 0.0158582395191428 -0.0281184064154785 -0.0506664772157913
0.0459696019886597 -0.0188837254133986 -0.0404415581882573 -0.0159192851199238
0.0254859862339124 -0.0354311790747454 -0.0249551062402358 0.00529004806481803
0.00188648273772088 -0.0411959980014637 -0.0074704340452618 0.00415691439149414
-0.00875269547081323 -0.0371504520906638 -9.39788875989061E-05 -0.00233046705836372
-0.00785380090376611 -0.0389230702496935 0.00873785230680712 -0.00698236695537839
0.0126720148998625 -0.0403512459738427 0.0215689643856476 -0.00755477191602746
0.0324861255753087 -0.0299903002777261 0.0339221577818788 0.00110965297505601
0.0577567374020072 -0.00829602116214374 0.0316068226156412 0.028532726840218
0.0454844881745968 0.0359954681432262 0.00641628763270141 0.0490346283363005
0.000371740330150516 0.0636044629761203 -0.0174712888760815 0.0260726056136474
-0.036460171510376 0.0656785181364147 0.00373344902858486 -0.0024850351560867
-0.0423512841901888 0.0417502862084949 0.0240876753647724 -0.0378746848765114
-0.0269473015869754 0.0592238063545641 0.0536226642144732 -0.035314453711387
0.0202851602457476 0.0565444794015447 0.0288968802589072 -0.0565045623794857
0.0562524101653739 0.0206236256431045 -0.0105928171495489 -0.0518248492018123
0.0447104769289761 -0.0151869169522795 -0.0242242804821059 -0.0256026983098243
0.0250815764260298 -0.0316454390105188 -0.0170930117439102 -0.0109452019688216
0.00285305810437757 -0.0380382172577731 -0.00570264959462674 -0.0119717326714675
-0.00823213209478507 -0.0343212579274494 -0.00149816922193002 -0.0165008211381336
-0.00742262995456013 -0.0355212730846514 0.00745835890978509 -0.0210685496458385
0.0101687520827189 -0.0359925179710902 0.0226986647286331 -0.021146303762515
0.0291483377687624 -0.0267774377905285 0.0382678597898896 -0.0104377332958186
0.0519089015856371 -0.00627386100955232 0.0380191665515103 0.0198168234885227
0.0381068082562557 0.0337581885745026 0.0142888614365213 0.0423829597991025
-0.00366105032212293 0.0550838034578226 -0.0117170971270881 0.0197849657983764
-0.0355065340314149 0.0534534511859948 0.0173055532926563 -0.0173920677985531
-0.0329888633765623 0.0235653414591586 0.0455469518608583 -0.0500589512577449
-0.0270133414022368 0.0402325269395763 0.0641868824785203 -0.041125520133049
0.00889708436579601 0.0437561975341191 0.0399776554629869 -0.0521896682109333
0.0401050291388042 0.0190121208258518 0.00440347958973325 -0.0498730589816246
0.0336951683668697 -0.00921242456301842 -0.00988467192796084 -0.032101800975646
0.0191433759659683 -0.0225795416338354 -0.00962119912161031 -0.0240554570033951
0.00239600287752549 -0.0285928734630465 -0.0042376352193994 -0.0249781468295994
-0.00695022738136045 -0.0261525606623987 -0.00207448471461624 -0.0285337125893392
-0.00664282142930825 -0.0276879654806947 0.00660490231474656 -0.0325736214254724
0.00700622540170325 -0.0280653879182481 0.0240155257931789 -0.0311177059665563
0.0230803461938626 -0.0208942504889512 0.0416891079457407 -0.017843708391187
0.0411536728789131 -0.00258080363347814 0.0417645980513613 0.0148046915403036
0.0261977029930818 0.0293316923351005 0.0188287608248269 0.037593179481321
-0.00863829816003957 0.0421408128435178 -0.00691472152559418 0.0144082158832824
-0.0316685412013644 0.034332404286854 0.0280163995467753 -0.0267813795618974
-0.0170102282677141 0.000633720433822848 0.0602298311919681 -0.0550936726033496
-0.0190142407801646 0.0137087971825021 0.0680124129514776 -0.0449700810958923
-0.000305024685780216 0.0211521040451866 0.0447860487717969 -0.0488129444108009
0.0179919595843582 0.0101929525850352 0.0128410608492188 -0.0480113819688142
0.0156746946364165 -0.00348776407375355 -0.00249207250195148 -0.0359383908917916
0.00948275705186799 -0.0100248127824392 -0.00619536040913349 -0.0322511440359894
0.00104531447550501 -0.0140887924751264 -0.00461856205307377 -0.0334137503728072
-0.00425951798283803 -0.0141733874803856 -0.00271840973386028 -0.0358113493165509
-0.00439501477725535 -0.0155939586279645 0.00672561098465962 -0.0396287831518595
0.00334478739654984 -0.0165871078094364 0.0263003962161777 -0.0376177450295586
0.0148504241981291 -0.0137320315563763 0.0462911002437973 -0.0212755414457702
0.0261887563093495 0.000426537412309545 0.0461652977835984 0.0141385622483678
0.0126736708849555 0.0218407955165938 0.0217963199411519 0.0354396935430881
-0.0116574158751818 0.0251837357357185 -0.00446328919699513 0.0121341060920029
-0.0233279132912477 0.011238815451847 0.0348010552639764 -0.0310677854836872
0.00957591810737388 0.00921353346845191 -0.0349087854583134 0.0413859314211495
0.00783313850395899 -0.00588137067633662 0.0147669469874383 0.0028837662264943
-0.00272637981892231 -0.00864097453421981 -0.0129747155264675 -0.040683440126269
-0.00737901946037247 -0.000305287158278276 -0.0494858256706713 -0.0239927148838682
-0.00228511506128728 0.00410226469087394 -0.0571007966447833 0.0173983066572185
0.000536691639521705 0.000816711074748137 -0.0317577297467614 0.0426937859495078
-0.000906519451602556 0.000118459510623969 -0.00700983509734798 0.0444582273448269
-0.000432585132539594 -0.000198974186716252 0.00308482602006772 0.0394078721778321
-0.00194251661354874 -0.00365550970707765 0.00817653891616365 0.0367747430192631
0.00092908463620695 -0.00574827266940254 0.00756793964893331 0.0362869950839678
0.00258576956463916 -0.00404072586898485 0.00198691437952598 0.0396741710108862
0.00682514895755373 -0.00474767319268848 -0.0153162889391817 0.0475760499837042
0.0107554377917166 0.00215055473707133 -0.0412023422907676 0.0458298738615976
0.0096386627437697 0.0140658019666417 -0.0632260044856835 0.0345511420473264
0.00160618349851923 0.0194461975968539 -0.060966123574993 0.0482811640524259
-0.00390424883912356 0.0294743898205 -0.0383724212404108 0.0327936350871579
0.00612355572334764 0.0167122355194746 0.0148567847996071 0.000209353295386246
0.0112391971635872 0.00582387164181858 -0.0120182348716684 -0.0439165666777816
0.0132402172621173 -0.000613613317220175 -0.0510799590909403 -0.0290077851538557
0.0108125722766045 -0.00529737103368913 -0.0589881166428312 0.0136252369542501
0.00688139755338435 -0.0120874737992082 -0.0329052882203131 0.0400640901842012
-0.0016198226322202 -0.0140861217403836 -0.00802056519049648 0.040535364094459
-0.00329669089100779 -0.0137307312468992 0.0026620507861695 0.0349443809677405
-0.00243992608702978 -0.0185161028212631 0.00925866589385911 0.0316569426911742
0.00956249859783452 -0.019891032537079 0.0116118701310944 0.0313689702780065
0.0189712774282082 -0.0113767832489111 0.00767006920097561 0.036251154863386
0.0293195977787483 0.000723705782938903 -0.00689354230220542 0.0467260066969305
0.021826696026373 0.0232036426546293 -0.0327231352380139 0.0495319253649515
0.000740751286799813 0.0388894904763444 -0.050704721691639 0.0360070818739459
-0.0173076606008821 0.0415619739206473 -0.0477653185903982 0.0425160482373127
-0.0194186709822684 0.0455305502357071 -0.0337950500386942 0.0180091416766202
0.000554536402799854 0.0397415137890145 0.0193376319313734 -0.00545873955021658
0.0237542679968603 0.0240796600453077 -0.00653314766753449 -0.0494657423752864
0.0337812319330315 0.00182999832419448 -0.048828374889952 -0.0363303804105498
0.0251961595373014 -0.0132603669177365 -0.0578629047070086 0.00590998434250378
0.0139781700863738 -0.0233307545842701 -0.032820665758348 0.0320882872043949
-0.00104451295568581 -0.0274082530502479 -0.00882024886113294 0.0323496007721892
-0.005689507316859 -0.0258099808608195 0.00166643494741561 0.0256477425937806
-0.00385099791276766 -0.0300301445025618 0.0097846433291834 0.021803889077779
0.0137328497566287 -0.0314560768819853 0.0161370933151105 0.0209623237770066
0.0291799243876943 -0.0203892053669616 0.0176973305479002 0.0277307205043033
0.0468971632030162 -0.000922086739229519 0.00644134348430022 0.0437913324832975
0.0345059997408734 0.0340303422865253 -0.0194738247348015 0.0526915228117962
-0.00109303037710141 0.0561148485288424 -0.0375930211502217 0.0350187564943373
-0.0287932812339721 0.0583611108814962 -0.030606133339783 0.0300982114712422
-0.0336333601302642 0.0532554335809473 -0.0202561207829294 -0.000371185341401858
-0.00924960799482911 0.0573383618811115 0.0281748649486422 -0.0141716235394732
0.0295708538311593 0.0421713258769958 0.00362575166522892 -0.0544578881691443
0.0514366651375878 0.00742753527313109 -0.0407066155609553 -0.0444044239849725
0.037762005381335 -0.0184750975725835 -0.0513078558334465 -0.00505239945283286
0.0208354149290523 -0.0315376922250003 -0.0304532482716047 0.0200241736730306
0.000382977243605508 -0.0367584409170339 -0.00866403964730911 0.0194506535643422
-0.00735323552829586 -0.0331027946071546 0.000495076066055598 0.0124589809467298
-0.0059276461730631 -0.0365544304723159 0.00928693117263741 0.00740395684167072
0.0142947166564343 -0.0383979635212225 0.0194209135674404 0.00727706041141171
0.0328581061544757 -0.0271822712559247 0.0270478209109605 0.0150798941189272
0.0560556889204048 -0.00580354336189776 0.0201861076346984 0.0369952915900661
0.0432055492726236 0.0371464863697384 -0.00537314031421444 0.0521896992867915
0.000148022987390861 0.0637716640326262 -0.0263041246002503 0.0309829948726838
-0.0343907405219754 0.0658105638362649 -0.0129135901848511 0.0142074715686825
-0.0419637674955696 0.051294355747737 0.00053060483946866 -0.0204616237815845
-0.0202408623236465 0.0648207939072319 0.040388103421764 -0.0247497144482991
0.0275126170488235 0.0546452966734512 0.0164054112756336 -0.0567329709798942
0.059314882044056 0.0155364501145026 -0.0258129724998359 -0.0496222707764067
0.0454268575869541 -0.0184158935500538 -0.03882744024029 -0.0163563240901817
0.0254141867146643 -0.0343730575961706 -0.0246403647093317 0.00443978596900067
0.00219891748712958 -0.0405744155662374 -0.00777195485069801 0.00374274985981434
-0.00791493934226451 -0.0360381531537985 -0.0006659094127988 -0.00211606865720998
-0.00737683861043042 -0.0381765461808945 0.0081653940617742 -0.00680753683268772
0.0126576182047284 -0.0392756475052777 0.0212838946292289 -0.007446831188128
0.0321596923539776 -0.0288447276049949 0.0330094237867108 0.00183458656465761
0.0567302004105475 -0.00810572749286998 0.0300896158714391 0.0277283882925857
0.0436244238130528 0.0358664660204852 0.00598188183542655 0.0476762939773209
-0.000676858265073344 0.0625136186690964 -0.017675242779075 0.0252815192670555
-0.0364918858472895 0.0632792738605668 0.003327317106234 -0.00218255475134704
-0.0419455520823686 0.0405001558722103 0.0242861885576322 -0.0367757351560371
-0.0273679459036736 0.0576320970557679 0.0530647771745011 -0.0331881183179739
0.0188251272549407 0.0553650191177465 0.0295695170942934 -0.0543881584342092
0.0540847463154062 0.0204361281443662 -0.00935170329485449 -0.050608832999968
0.0439016792403556 -0.0146722944417566 -0.0232260181824897 -0.0258114680188611
0.0249245511264879 -0.0306114170608706 -0.0162288817731068 -0.0112436388102432
0.00307170396242853 -0.0374492694804564 -0.00551728395865803 -0.0121008464107802
-0.00799132895356752 -0.0334043335007902 -0.0015489982456699 -0.0164084322437666
-0.00734193650418262 -0.0345765364867863 0.00704601860654816 -0.0205262154131872
0.0103625719274933 -0.0351563175229332 0.0221817698770524 -0.0204648364751912
0.0287201252013042 -0.0259856409046491 0.0370123275379274 -0.00918170676914591
0.0508122452966738 -0.00599037391235438 0.0362171584082299 0.0192905031328957
0.0366050548046934 0.0334998352890599 0.0138453066542839 0.0413618537016596
-0.00427548992520189 0.0538602400081844 -0.0117756618787128 0.018833467431198
-0.0351163343593142 0.0513732466442334 0.0166171770541533 -0.0165369884224532
-0.0323624818233426 0.0227071228932593 0.0456001153108663 -0.0481017417018283
-0.0268032019239345 0.0388524204345081 0.0626737109771721 -0.0394314817206601
0.00819179335606137 0.0424288534017853 0.0398652117974102 -0.0495633376028287
0.0388564523022479 0.0184082087761748 0.0053216801147063 -0.0485399996603413
0.0332405828251816 -0.00895844440196354 -0.0091209047312345 -0.0322206601734517
0.0192345074205552 -0.0219124526678698 -0.00895162639816121 -0.0240715209142488
0.00219045176452677 -0.0279711164795239 -0.0044409936882728 -0.0246697902551167
-0.00618233695201112 -0.0253720159894945 -0.00209088774894516 -0.0278685742190388
-0.00597110450094247 -0.0263769154164951 0.00684730786660616 -0.0315044011424226
0.00726531233957175 -0.0272744303871526 0.0235189156002547 -0.0299054995982036
0.0228701201751551 -0.0200611711712954 0.0410617828556704 -0.0163936891212276
0.0400165840777282 -0.00239544759863184 0.0405758805974597 0.0147119760831866
0.0252006134771447 0.0291517207445363 0.0184043742041752 0.0366030469543032
-0.00887713405095096 0.0407843834108835 -0.006957694109846 0.0136784590141077
-0.0311057548135674 0.0322598900011212 0.0269913892827941 -0.025935547721083
-0.0167992379920242 0.000641479773228377 0.0592739916398196 -0.0534235634351607
-0.0184028577974197 0.0130341245931047 0.0668795405329172 -0.0428202936948763
-0.000623756893075761 0.0199328954088951 0.0449320060871783 -0.0464844155100949
0.0171195369282835 0.00991851541162449 0.0137264239635877 -0.0463840137741842
0.015370902709337 -0.00321890192755932 -0.00163724977434886 -0.0356147278209901
0.00938805155629481 -0.00956542052828121 -0.00577174253738774 -0.031603489446739
0.00119097644767921 -0.013385409190014 -0.00435102339331872 -0.0328045810322474
-0.00408744978894754 -0.0135227524875969 -0.00264281932016739 -0.0351072403720144
-0.0038572368283879 -0.0151333233322692 0.0066455713466016 -0.039245277358968
0.00356450266824477 -0.0162162965520536 0.0259928573874616 -0.036419490510725
0.0146672345750525 -0.0130471014042421 0.0455247213702089 -0.02019166672243
0.0249876933619325 0.000755653825640825 0.0445613525272903 0.0142873123875919
0.0118736301171085 0.0215362610607012 0.0207565004333157 0.0344918778142416
-0.0113710637371224 0.0235252648235387 -0.00484840694037503 0.0116104572495712
-0.0221933527466576 0.0102029135509617 0.0336282233367906 -0.0302511950394918
0.0129278701545152 0.00495840952421257 -0.0147711322740511 0.0517049639599446
0.00474864998905754 -0.00868712916493294 0.0150012452786862 -0.00428207483281702
-0.00585165851875153 -0.00653851383731003 -0.0294511927484873 -0.0318250257062749
-0.00666708689429861 0.00323111723096243 -0.0554826936399946 -0.00149490086206607
0.000677512078572452 0.00460224551249156 -0.0443837747602772 0.0402802512001998
0.00116128240951021 0.000538330738126695 -0.0111411894074915 0.0521982799965614
-0.000713025788535112 0.000453937023454986 0.0120045443261635 0.0433366902156644
-0.000359835193432117 -0.000388566716826448 0.019968315128029 0.0347771883896982
-0.00325500674327227 -0.00258820705048487 0.0233979407060923 0.0303926260985029
-0.000911508720677581 -0.00568699241584969 0.0224151176374461 0.0299175844351329
0.001220238519027 -0.00438666412619248 0.018427134703499 0.0354726479817222
0.0039789598067111 -0.00630163368396286 0.00586994043945898 0.0496039567551583
0.0107479529652666 -0.00172296100101829 -0.0189901110852945 0.0585386683446349
0.0140850067167578 0.00919923642639251 -0.0451571623480071 0.057365715338035
0.00930631734262827 0.0179498910244407 -0.0380765472495627 0.0694062715115132
0.00804799104331289 0.0289423798366414 -0.0207250052358328 0.0465826660904884
0.0119702496298894 0.0126742915661349 0.0148814603835328 -0.00576493216981842
0.0128688271296867 0.00200855742459359 -0.028351343590456 -0.0359483836483782
0.0118922392126825 -0.00511263388762233 -0.0578233594914011 -0.00594487852854962
0.00848149210345323 -0.00884485059915845 -0.0480130604064874 0.0365508371356091
0.00172978925979318 -0.0136011850619556 -0.0133844147328038 0.0497746522751766
-0.00746756047974001 -0.0124439978171858 0.00941293156801095 0.0401062498989783
-0.00851199553932187 -0.0120527128548363 0.0175060275326109 0.0306620436914226
-0.00989906766496485 -0.016111763994286 0.0223936802133422 0.0248384883902017
0.000816661769550005 -0.0226140549370384 0.0240619660282257 0.0238294591562048
0.0135917654078667 -0.0183970247914946 0.0225014281110637 0.030552068103151
0.0271783151284714 -0.0104410641208976 0.0136479446657084 0.0474025609941898
0.0292112424498515 0.0132638669462177 -0.0100593745104159 0.0592049771414893
0.0159027205489279 0.0361954959912754 -0.0344356075398137 0.0535774069425172
0.00137261968864205 0.0464684805123897 -0.0296989435584127 0.0571235997315496
-0.000317716017711256 0.0495295780219278 -0.0225492142915841 0.0321849573551856
0.0152834291130851 0.0358362448933577 0.0170180329952522 -0.0131583713260989
0.0301134204044843 0.0133760313276616 -0.0242828375888858 -0.0435120457206919
0.0311328625406996 -0.010999577220769 -0.0586279044377876 -0.0146222475239389
0.0182627884389393 -0.0215746292889366 -0.0507557500565442 0.0280800887733369
0.00363485663915756 -0.0269695762378909 -0.0171854163657285 0.042324621535023
-0.012410118448414 -0.0248428550729731 0.00492030263805971 0.0323760805792975
-0.0154108509966282 -0.0215543826389691 0.0128832129507265 0.0225118532091743
-0.0160346483382592 -0.0260761791047814 0.0189410629317685 0.015415698027469
0.000136276587655263 -0.0354133815883144 0.0245821787762007 0.0125247498995732
0.0193920014627273 -0.0311333759588702 0.0285824085122857 0.0191953231485319
0.0425953685417783 -0.0199378151755748 0.0257410328329255 0.040181925048618
0.0459792189738193 0.0183205129727093 0.00296778848754867 0.0572247715675877
0.0217210126310006 0.0530476381074546 -0.0234865938856114 0.0475150530099772
-0.00242583085506424 0.0679299997038396 -0.0190099236420404 0.0383884166085273
-0.0107624841298561 0.0620260195541496 -0.0171160352026413 0.0102444732320363
0.0132655769719582 0.0561912446776641 0.0218733778696862 -0.0240760007846025
0.0427638546670397 0.0272542198891792 -0.0164317568847796 -0.0519605553054459
0.0485014573063532 -0.0129976760145355 -0.0536194555111671 -0.0259226481567703
0.0274879181530541 -0.0314508140781255 -0.0493606747042635 0.0150399113518074
0.00648036745906828 -0.0374988350372989 -0.0200109601070595 0.0300031362701153
-0.0145381610458589 -0.0335318078165724 -0.000824162764016425 0.0199751834551573
-0.0198698558018632 -0.0278498894562051 0.00581745029668665 0.0111574961784067
-0.0208676408838672 -0.0313931787274232 0.0125956489054215 0.002660049483098
-0.00246169471885022 -0.0419699396964092 0.0220606465537224 -0.0022466292114971
0.019974300013116 -0.0391700121370725 0.0317189283958206 0.00433960091752183
0.0490384271276936 -0.0284688894459043 0.0355676733291093 0.0286756980275653
0.0553820458082139 0.0176952303369407 0.0158055523408692 0.0512557097052982
0.0263740605252456 0.0597201788395937 -0.0148306255986052 0.0389280902893038
-0.00406298330351954 0.0772717277903735 -0.00929506862665267 0.015752605484039
-0.0197538110605603 0.0636679168395442 -0.00651902445567107 -0.0161681040555133
0.00567727106635351 0.0663895174154704 0.0286151988557 -0.0380497568849669
0.0449912827514828 0.0392085608058115 -0.00484755341850533 -0.0587539094803379
0.0584075403552001 -0.00879280951573606 -0.041662374471095 -0.0365533364423627
0.0341476761175828 -0.0345734473575459 -0.0426102745921268 -0.000976830370056067
0.00948334496384624 -0.0416671746305917 -0.0207239612187826 0.013096453294745
-0.0146546690385077 -0.0375608436048027 -0.00640187966715986 0.00502893160700066
-0.0219802409438969 -0.0302328381894502 -0.00146633403049619 -0.00198568457405648
-0.0222828259804739 -0.032359429160213 0.00526894841447263 -0.0104935764094259
-0.00428470446393663 -0.0420735949121528 0.0171149595314541 -0.0158004799235284
0.0187649058408785 -0.0405416964151241 0.0321234933301299 -0.0106715309340536
0.0486192413185745 -0.0305143901504536 0.0410535025576425 0.015750551938097
0.0554671199690431 0.01668886343237 0.0242385729718672 0.0422420158350706
0.0254608277492447 0.0585406987086184 -0.0092814316539975 0.0296961247807999
-0.0068587139868683 0.0750972855358942 -0.00157536474967075 -0.00616450577604591
-0.0240867473311665 0.0531185758758666 0.00848918135370709 -0.0414404541850475
-0.00341873868235025 0.0629499387672751 0.0360789587044741 -0.051142847494749
0.037370198668487 0.0434984701202355 0.00789119522384934 -0.0615406649047876
0.0560105293947548 -0.00237690645993056 -0.0264636458496313 -0.0439189197226586
0.0341792243211786 -0.0300085457719652 -0.0318676672389263 -0.0158071099664688
0.0104312078488495 -0.0383782801472364 -0.0204052667681622 -0.0045140770326841
-0.0123800637729991 -0.0352145491185143 -0.0111861759585629 -0.0100367921513841
-0.0202716294379354 -0.0278051436559345 -0.00805857316085985 -0.0149308947076721
-0.0205621016640812 -0.0289267230673663 -0.0018646148579126 -0.022265547662154
-0.00491418739210717 -0.0372111267190825 0.0123974153809014 -0.0284204310133053
0.0162364519066449 -0.0363478993549129 0.0315592683253297 -0.0229746063462709
0.0442303842323199 -0.0267757389208536 0.0433099980694479 0.00565026144006283
0.047805407646331 0.0171144621412243 0.0289683219782275 0.0332445643617531
0.0185083762204817 0.0521576173829971 -0.00599632094101551 0.0215508182969145
-0.0109449520827551 0.063275619859509 0.0058452608501586 -0.0245731539221663
-0.0230108807500642 0.0328416461948686 0.0231115893237005 -0.0611734018182056
-0.0107092610744037 0.0452891652604612 0.0423456420342895 -0.061111155809634
0.0227094752329647 0.035734763218713 0.0178755226679713 -0.0611491592808169
0.0409022737669283 0.00171691299463344 -0.0128850738588866 -0.0471713998258985
0.026431342190283 -0.0209158261062947 -0.0214434072793359 -0.0270456703760835
0.00880636763972841 -0.0276644765081377 -0.0188560325626698 -0.0192167221498255
-0.0088456917450408 -0.0260558299798247 -0.0152775240897693 -0.0224648049301026
-0.015837133225403 -0.020920279131869 -0.0140183082724103 -0.0251169158512006
-0.0159836984607765 -0.0222060581888648 -0.00723858965896396 -0.0322782324514852
-0.00409607211117744 -0.0282340500628297 0.00896261694269564 -0.0376346560086743
0.0131758522589122 -0.028424943236092 0.0314602774942071 -0.0315113272656751
0.0357625363947304 -0.0186218585787346 0.0446117675478625 -0.00102841710492393
0.0353655300540231 0.0177177581177558 0.0303168245982038 0.0268181967305579
0.00829701212785887 0.0417621080032823 -0.00331951149735103 0.0150570686067042
-0.0148827280370059 0.0436641291523603 0.0127809806874255 -0.0372788524066793
-0.0165073524838774 0.00658105065004742 0.0330335363394911 -0.0721710233610878
-0.0130870662108804 0.0186396475748423 0.043901279923072 -0.0664403822064823
0.0060845909746437 0.0184122448251951 0.0228463706973678 -0.0601782691236708
0.0177901064230323 0.00240875209461095 -0.00567491935962064 -0.0487588526038869
0.0125211840948872 -0.0084689075225736 -0.0164370544894721 -0.0325289902033788
0.00474894292381716 -0.0123745114461553 -0.018524308424688 -0.0272276146282265
-0.00425244262669213 -0.0126673256104819 -0.0186498072984267 -0.0292723562024645
-0.00893521951018603 -0.010492324334426 -0.0179743644914582 -0.0312393002833722
-0.00957617840198706 -0.0119939076604333 -0.010428659692952 -0.0387536448578042
-0.00316709983033538 -0.0165714086944148 0.00843374719518894 -0.0445965785186675
0.00847023355331026 -0.0185082347596715 0.0335653370431086 -0.0366418896476088
0.0237143020980361 -0.00976906897694727 0.0474019930575088 -0.00375899690997958
0.0197791247502049 0.0160336465824149 0.031893349028291 0.0231741285018927
-0.000948031029097171 0.0266609400331841 -0.00158710972122757 0.0121753176388816
-0.016697561139337 0.01884504775335 0.0181734563912046 -0.0426205906369855
0.0127156206311806 0.00507671963119027 -0.0140552781026948 0.0527996897911549
0.00469963470003 -0.00897864881870273 0.015328447225677 -0.00491521994517937
-0.00577913956982009 -0.0064591317572244 -0.0297939724348134 -0.0323560675952795
-0.00661542149371739 0.00329656106670888 -0.0567357565263617 -0.00141989925022967
0.000410052467205388 0.00428798706948099 -0.045471752011869 0.0411774123906798
0.00124773607207363 0.000730818816534832 -0.0111619348525066 0.0534368701936554
-0.000666078009116716 0.000362326739873913 0.0129336656867834 0.0442968975189921
-0.000847850261023619 -0.000459326483022265 0.0211438994508958 0.0350491760519612
-0.00369450789621546 -0.00238608671969081 0.0246113491767632 0.0305681928965628
-0.00145707891864071 -0.00609378349174161 0.0233575526171541 0.0309919474577772
0.00114343480854936 -0.00455090318524935 0.0188840268695038 0.0361905846793781
0.00424013820973436 -0.00643058617652379 0.00622303447618989 0.0505372108644654
0.0111704695200309 -0.00224240534108245 -0.0193928386581292 0.0596440178702811
0.0145712797737446 0.00928265186722356 -0.0460074214086742 0.0590620396071557
0.00909381954127772 0.0180390895162605 -0.0385680391781983 0.0718854468884885
0.00807227959874434 0.0294504827434676 -0.02025527109641 0.0474480319896845
0.0123488089429359 0.0130427528149214 0.0158161810242255 -0.00646484517351538
0.0129866259266317 0.00168269338300317 -0.0290602102080437 -0.0367405758934797
0.0115523821994971 -0.00546077636589624 -0.0598072116601615 -0.00618893889821338
0.00858060166639294 -0.00937800318328367 -0.0493750023688206 0.0378466533060701
0.00158356482513612 -0.0139778406287632 -0.0137573020836578 0.0509383762159672
-0.00775605967493624 -0.0125132208127012 0.00983326325335862 0.0411278065636961
-0.00896704029904479 -0.0120212715044827 0.0182194110332327 0.0315678403292537
-0.0104431989381615 -0.016152534058046 0.0233211115659363 0.0251646094618235
0.000459998579895549 -0.0233202691338681 0.0247302344584653 0.0247452060577552
0.0137490458979691 -0.0193256592614256 0.0234035337948152 0.030909017165279
0.0278825847549664 -0.0112696818329455 0.0142507862535538 0.0482230870573695
0.0302491069985579 0.0132769492423952 -0.00968540351037144 0.0602040718211591
0.0165882281124492 0.0370615920563804 -0.03505995131752 0.0551490477341465
0.00133275504375562 0.047607586763715 -0.0298757790844369 0.0591689010501339
-0.000113334578036741 0.0504200783935152 -0.0221123425311633 0.0326619298476466
0.0164230119803142 0.0368020423799624 0.0177367066501561 -0.0135602490457266
0.0311954036646036 0.0132003488422668 -0.0249330253858402 -0.0446202596332075
0.0311805316207374 -0.0123362772335792 -0.0596884499512204 -0.0146275910772436
0.0181499578140489 -0.022736640173415 -0.0520757973265933 0.0296283209832123
0.00312602888573342 -0.027905995552518 -0.0172224214364667 0.0433744822922815
-0.0128955456304876 -0.0248054975745708 0.00497767215269351 0.0331866666577681
-0.0158861301012637 -0.0216449993014783 0.0130342562392058 0.0230460897077861
-0.0169027571707537 -0.026367849615626 0.0194432921360412 0.0152281994946912
-0.000663277144598017 -0.0364546599607096 0.0249956644414534 0.0125712640161006
0.0196789755553414 -0.032005326490177 0.0296968079440741 0.019336608043151
0.0431063019211815 -0.0210825854718413 0.0263352953204152 0.0410149745023491
0.0470548036006662 0.0186286588133094 0.00373181929170285 0.0581801531585061
0.0231273333059103 0.0546064920121731 -0.0241182388318819 0.0483001298261604
-0.0019761706760909 0.0692702681047279 -0.0194524201567149 0.0396387583752848
-0.0107057739725157 0.0636535274568304 -0.0171702555973519 0.0104648954137684
0.0143488491014424 0.0574392277050271 0.0222765425078581 -0.0250178047147915
0.0440782086698514 0.0274256084338001 -0.017001080111164 -0.0532197903995081
0.0490104323811819 -0.0140665257708185 -0.0542984274206419 -0.0261194637520244
0.0275869544120694 -0.0329504170327731 -0.0511375058701136 0.0158811815736166
0.00642377536653735 -0.0384969228772365 -0.0200828348916257 0.0306790246481416
-0.0155481702344754 -0.0340721756812446 -0.000629817153536247 0.0203554182172943
-0.0210509459593372 -0.0283168294326835 0.00606885566450133 0.0109253478680679
-0.0216257748337688 -0.031639296815772 0.0130347925122163 0.00270750724819774
-0.00304620182349028 -0.0432989372709044 0.0224844881003533 -0.00218554039211111
0.0204838221508751 -0.0402736292697074 0.033158187809698 0.00397339826689424
0.0498597467092654 -0.0301574516570047 0.0363152975072245 0.0293265092524851
0.0568290273865934 0.0176823678224151 0.0166340225230551 0.0520940327231811
0.0276578234904065 0.0611577037049668 -0.0152356091535954 0.0400117105252282
-0.00400834141186591 0.0788392017968973 -0.00996327533462062 0.0164072133222703
-0.0193880565033265 0.0650957842448782 -0.00661850891565877 -0.0165159254018031
0.00700572882515876 0.0681683089922618 0.0294753356946844 -0.0389457380982628
0.0465931708954754 0.0398848787954686 -0.00471573077680151 -0.0603163309080623
0.0590962220451634 -0.0102008779671546 -0.042529716118119 -0.0371507722091691
0.0341598460601955 -0.0358659553365062 -0.0441087804242781 -0.000691338418210981
0.00922063175520338 -0.0429554820228009 -0.0216996140087656 0.0128513464318617
-0.0152965224669551 -0.0383205790904716 -0.00639546996405221 0.00507922959322453
-0.0224252495097783 -0.030230840698426 -0.00178846881864629 -0.00204990633835625
-0.0234392602726566 -0.0323703303742367 0.00525467188056956 -0.0105309054742167
-0.0047606716940824 -0.0431331501041042 0.0173808822931262 -0.0163365180022242
0.0185777735068539 -0.0415945362051429 0.0329710394897041 -0.0113494635130362
0.0496196194970156 -0.0321569331869828 0.0418169382334948 0.0159517212729797
0.0569512656615593 0.0162851248991406 0.0256648216820588 0.0424551999125979
0.026400470005943 0.0600755511111722 -0.00929184140718273 0.0308394907312475
-0.00662110173289048 0.07660024040499 -0.00171796619133492 -0.00586411389275555
-0.0240514746628563 0.0548597733038053 0.00857746924194672 -0.0425981657193958
-0.00296817465072013 0.0645150358501653 0.0370169721054421 -0.0523092004984686
0.0383759072681824 0.0441735546907254 0.00798090936569444 -0.0629709234298615
0.0566144451355672 -0.00355949152741036 -0.027445437709018 -0.0448888192041946
0.0343339669207102 -0.0314790439608703 -0.0332237003422221 -0.0157195654145149
0.0104020407651825 -0.0395431610315339 -0.0208651333801343 -0.00502037027808161
-0.0130716321425857 -0.0359578492382188 -0.012103506539841 -0.0104606355523473
-0.0208930993044893 -0.0279551267260792 -0.00918878931908778 -0.0151402777680349
-0.0218799565811999 -0.029073005842723 -0.00192862961529516 -0.0227354731831369
-0.00529925658012722 -0.0382154816855206 0.0122442827923892 -0.0292628569816141
0.0163261859428495 -0.0373896017317643 0.0321019973404904 -0.0238239543384121
0.0446062439158174 -0.0282571272392638 0.0437760548952137 0.00525948905492754
0.0491006075780225 0.0169859166896292 0.0298896889116705 0.0334830295030714
0.0189505995778887 0.0529941672145716 -0.00580640686085999 0.0222835569880378
-0.0107917704991343 0.0642807450788173 0.00539791828845766 -0.0249019127174081
-0.0227413309552708 0.0338846113639391 0.0228939819126862 -0.0631097132063238
-0.0107362646137328 0.046670244605663 0.0426241325757913 -0.0626359588335979
0.0235895364297575 0.0362917611549341 0.0183940014042737 -0.0625399942621449
0.0416054320743198 0.00100147824509468 -0.0133754846661954 -0.0483638997592349
0.026365630082697 -0.0218137093521226 -0.0221731123181931 -0.0273454153209238
0.00841930817471535 -0.0288818312998161 -0.0197651839586625 -0.0197264583243498
-0.0092613975606257 -0.0267649989990769 -0.0164190902316178 -0.0228943804883241
-0.0162025456959493 -0.0207784718336898 -0.0149231607941599 -0.0253231844652645
-0.0168479886526432 -0.022063855094664 -0.00773665462668575 -0.0325907250274846
-0.00448956514987318 -0.0290150935373335 0.00888744139109457 -0.0391676102601109
0.0131187726168959 -0.029072717649681 0.0320738600676769 -0.0324397583297261
0.0360346815595618 -0.0199139195125779 0.0450008515119556 -0.00126785733974733
0.0365410622837168 0.0180344851157357 0.031593076874416 0.0266267669342266
0.00882766892660432 0.0422887536641526 -0.00310875435839684 0.0155494097332389
-0.0149380851962213 0.0443006137540286 0.0121103494024191 -0.0380523688044242
-0.0166134369015544 0.00689494705208437 0.0329790687246694 -0.0741214712112977
-0.0130860308907248 0.0188362193781086 0.0438497962029848 -0.0679611525364246
0.00628745495565321 0.0186207547505303 0.0228917488507195 -0.0614930785999397
0.0182215764743188 0.00205682776100256 -0.00624816111622395 -0.0498392202354868
0.0129344821011889 -0.00886858259709291 -0.0168331572145028 -0.0337590165884859
0.00466689738223058 -0.0126734855054532 -0.0194646751619906 -0.0281777490166415
-0.00438403504239334 -0.0127031768372389 -0.0199356618189963 -0.0296602209318656
-0.00866590553587323 -0.0103373768572767 -0.0187865897640684 -0.0316598080980127
-0.0099954864950442 -0.0120332143682452 -0.0110753698798019 -0.0393880763154719
-0.00327056822984139 -0.0166887978351526 0.00794777953935809 -0.0458030367160001
0.00824850026542756 -0.0186237199975905 0.0344115469696943 -0.0377222072221353
0.0238046262149038 -0.0104656592984493 0.0478837042766605 -0.00405788388199572
0.0204150354129067 0.0162199834493794 0.03293408498787 0.0231590964498028
-0.00122681328247952 0.0266652124153394 -0.00156498668277824 0.0125701263828339
-0.0171977002263695 0.0195911967490344 0.0178229308727632 -0.0440494241789367
0.0125086847889458 0.00444719786111601 -0.0122181880888416 0.0537138990587964
0.00461611991352005 -0.00902335788207646 0.0160304011314059 -0.00570300678601962
-0.00608774008954615 -0.00622657115753535 -0.0310892428541119 -0.0320026353564823
-0.00627806260691648 0.00325743743855023 -0.057908731272751 7.32120309250742E-05
0.000220852862174961 0.00419586154792349 -0.0449350863948962 0.0438429564747459
0.000919424638013422 0.000373259622837708 -0.00950022601045195 0.0549942611094081
-0.0010978847181238 0.000531556028187575 0.0143253797597448 0.0440760759978994
-0.00089620314820562 -0.000805871631578758 0.022883445929641 0.0349790454875942
-0.00386585899075158 -0.0024568323769731 0.0262252899771516 0.0299010841894723
-0.00198646502194326 -0.00615160063425817 0.0254001963420361 0.0307894711786818
0.00127383508469101 -0.00506977637844378 0.0201203409409124 0.035833728281011
0.00460186498673778 -0.00648616013951372 0.0079494544086418 0.0510885336333263
0.0110907196669075 -0.0020063637127968 -0.0175492376855985 0.0610485498353578
0.0151958737449801 0.00915207973706891 -0.0448710800690663 0.061331273232698
0.00922640513155967 0.0182541024594803 -0.0362805200458222 0.0745944595080467
0.00887907655430477 0.0293123778702193 -0.0187724707634295 0.0489141145821477
0.0134002305292132 0.0128042167156688 0.0156795465056376 -0.00719936433927656
0.0134113007747398 0.00111602634421157 -0.0302580448828386 -0.0364371165323263
0.0113085113911503 -0.00635529965072489 -0.0606152522490699 -0.0043957382175345
0.00792465034068904 -0.0101963768676177 -0.0490330860088828 0.0404586715673784
0.000792142658417742 -0.0144271259914586 -0.0121472030144174 0.0522811726969697
-0.00844378672334765 -0.0123293714235472 0.0114105064123221 0.0406421707150461
-0.00979787279476121 -0.0119477741229475 0.0199788936873662 0.0310937854408609
-0.0113878762093209 -0.0162584790623926 0.0248809553253478 0.0244748102706525
-0.000590379901562456 -0.0240461171642787 0.0263811482126783 0.0239533825232816
0.0134784426009502 -0.0198904715290514 0.0249273258017221 0.0310947501640358
0.0277175954760066 -0.0126949463596705 0.0160499589906607 0.0478825222953449
0.0311980581122329 0.0128323734741814 -0.00785833520518353 0.0606441905556727
0.0183004623230116 0.0373898702798199 -0.034437407164648 0.0568712008259865
0.00241790323894797 0.0480230494666303 -0.0280671635781549 0.0616396970776273
0.00163950076256969 0.0513054813197574 -0.0209035565561671 0.033922117302917
0.0177300592521778 0.0369101965777587 0.017980832853508 -0.0142472199165527
0.0320921914952503 0.0120415583098306 -0.0262661328526399 -0.0445469952267342
0.0307927126753364 -0.0138486980368698 -0.0607515911229713 -0.0133805362932029
0.0172665304972707 -0.0241700924347726 -0.0522864769731916 0.0321225120347979
0.00234764844380165 -0.0286904321927119 -0.0160729182435093 0.0445832957982823
-0.01446664660438 -0.0247442911840642 0.00634283433922817 0.0330083221563086
-0.0171645573487713 -0.0211194769398793 0.0141782952615375 0.0224051701377972
-0.0184209632044712 -0.0260808405901561 0.0207260293013504 0.0148947389909613
-0.00235191666500524 -0.0371265853334657 0.0262942142843777 0.0120707992079864
0.0188590835925541 -0.0334783963771727 0.030592536330321 0.0187250459586545
0.0431184861978449 -0.0233304961498534 0.0277245822450245 0.0403207436782447
0.0486352701505255 0.0172801019049412 0.00571386368557118 0.05809438092541
0.025518462111831 0.054764395016699 -0.0233264359135157 0.0499116436725597
-0.000209930635520196 0.0699917395261199 -0.0186004095101324 0.041416928320818
-0.00835406871837507 0.0645574493783097 -0.0169947882198135 0.0107566641545937
0.0165178378062196 0.0581191053771505 0.0221214161271865 -0.0258903735818607
0.0456085388136608 0.0256455788543026 -0.0185107192539902 -0.0534241848069229
0.0488410927423947 -0.0161685935438915 -0.0561849444064139 -0.0246877089775093
0.026678778418572 -0.0348151346573065 -0.0512834340719589 0.0184403451663754
0.00472561805732079 -0.0396056582529265 -0.0193703114808226 0.0313863406015879
-0.017409375579564 -0.0338912849149212 -0.000105149893774847 0.0203641986427201
-0.0221471757670203 -0.0273485736257914 0.00643814273201945 0.0107134503993985
-0.0233634514282577 -0.0308096411188866 0.0137474499666479 0.00232860269852759
-0.00485501862871403 -0.0439073718753583 0.0225990155025834 -0.00289309899628545
0.0189381968607387 -0.0418471585210636 0.0337388260334532 0.0030742713579767
0.0493810555701656 -0.0324803568146629 0.0375650923648509 0.0281777771970839
0.058462788892245 0.0162040331377102 0.0186940817049619 0.051568578198621
0.030440383605751 0.0612272096548971 -0.0142877774357967 0.0410099197348624
-0.00138688544452601 0.0796525511782049 -0.0100130408842276 0.0174575010775793
-0.0173853238651297 0.0666855561122364 -0.00707922092733427 -0.0164911084091331
0.00904394121238885 0.069247880686996 0.0286146865799934 -0.0402322595627549
0.0484655612107108 0.0385265592765105 -0.00651283531094866 -0.0606900486656714
0.0589954360469099 -0.0125593835420832 -0.0442240829973405 -0.0366094344472603
0.0330063461956114 -0.0382477816643689 -0.0449132148959273 0.00148799518196768
0.00751352151907413 -0.0442592876709893 -0.0217207929298361 0.013959892010837
-0.0169916387627764 -0.0381950147650973 -0.00697570292038497 0.00522599644186012
-0.0239410091448445 -0.0295387818998591 -0.00203823437217744 -0.00238193906527621
-0.0249178348583271 -0.0315061098619245 0.00517256049092354 -0.0109746997788676
-0.00663680219707104 -0.0439322033314983 0.0167827604626021 -0.0170066704097704
0.017357114646991 -0.0429765686773884 0.0332832199252185 -0.0125259991397145
0.0485491997537679 -0.0348560697939773 0.0427434823522883 0.0145261551421984
0.0583969296092613 0.0143890097440635 0.0270995155631941 0.0418565404199303
0.0287632114937992 0.0600487840133957 -0.00884582922702236 0.0314381272795732
-0.00420831209353551 0.0775273333043975 -0.00285755940099033 -0.00593725320751367
-0.0220521445116975 0.0565782214881137 0.00686498309630945 -0.0433491138124827
-0.000691066474076639 0.065290404669318 0.0354295644297387 -0.054103794629473
0.0404336631177134 0.0430111886403003 0.00636838314146158 -0.0637640355415245
0.0567644990289171 -0.00588455096439292 -0.0290880435047542 -0.0447820243076108
0.0335128628208131 -0.0335054284042261 -0.0343794139618475 -0.0148548951580952
0.00866889120356269 -0.0408899218446734 -0.0216552305939491 -0.00444622076419176
-0.0148708880556134 -0.0355154888958379 -0.0131622397720137 -0.0103110720446647
-0.0220328741717519 -0.0269685686036986 -0.0102397917626092 -0.0149073640109186
-0.0229888891286436 -0.0281951419028036 -0.00293500946556919 -0.0228093297179576
-0.00709590638467664 -0.0389280657554873 0.0109435580399282 -0.0297914153917249
0.0150316881865763 -0.0388049724643563 0.0315153029774145 -0.0250837660276782
0.0438632188505424 -0.0304075347370506 0.0442878368949001 0.00364150384224971
0.0505562328030159 0.0153083631644782 0.0314046362411386 0.032181927893113
0.0212006101956987 0.053362343894999 -0.005429382900573 0.0225921956029204
-0.00925412587192299 0.0649719636247453 0.00382283015038046 -0.0252543188182462
-0.0216106596573295 0.0352054321272492 0.0209703018923023 -0.0645037201950039
-0.00899176561840749 0.0477229821672907 0.0411888124414782 -0.0643064750386056
0.0247157896972033 0.0358984089874494 0.0167975213265327 -0.0637339150136914
0.0419675200850647 -0.000825714499266106 -0.014982810350169 -0.0480566456043975
0.0262691129617099 -0.0236542855371446 -0.0239228290951203 -0.0273666674520693
0.00729653842621772 -0.0296194248455905 -0.0207899002269558 -0.0195796438038424
-0.0103987028301423 -0.0264088108559661 -0.0182449878613158 -0.0228123017392201
-0.0172328378693916 -0.0199963805580992 -0.0169069617730177 -0.0251864641974968
-0.0178158118217139 -0.0212858406688324 -0.0094808961249656 -0.0330023232702092
-0.00590273728555647 -0.029473533347378 0.0071282190910994 -0.0398661196912198
0.0120156064558985 -0.0300461987981212 0.0311223106533754 -0.0341069971462785
0.0356427608867195 -0.0215673870829909 0.0456787984057025 -0.00285906052172156
0.0376103671673279 0.0167069036119385 0.0330002478679306 0.0258879893581931
0.0106453390798024 0.0422757137014807 -0.00321751481556859 0.015767270189175
-0.0138710304802941 0.0452999503378958 0.0103241590666707 -0.0385673400802872
-0.0161550713881761 0.00739215328101994 0.0311622826838272 -0.0767194441413535
-0.0124209102924194 0.0193519499163645 0.0419871737050388 -0.0699354572611453
0.00693413416042713 0.0185642099039947 0.0216616096343883 -0.0626425542990387
0.0184167781881567 0.00149781291251267 -0.00755117759594781 -0.0499877928170756
0.0125013833041816 -0.009559265631834 -0.0184113396072775 -0.0336249796960456
0.00443981638090052 -0.0131833332387156 -0.0208803638758279 -0.0280289322528064
-0.00498849155525234 -0.0127666971598816 -0.0217565208262297 -0.0294304950144641
-0.00930589838853382 -0.00988646467482612 -0.0209524900560931 -0.031315714719462
-0.01033875541295 -0.0113617832125714 -0.0129582736073187 -0.0397870925144278
-0.00410715387280139 -0.0167133596623402 0.00640917223713935 -0.0463547287026376
0.00768333143211159 -0.0191340928497685 0.0334685388867606 -0.0395717826993268
0.0237049395461958 -0.0113347060442075 0.0483541282470144 -0.00604629837336699
0.0214167346805635 0.0158305518008188 0.0340296467838552 0.0226704242897776
-0.000179383222559221 0.0271219452235192 -0.00110440020284719 0.0129222012422065
-0.0168259823323762 0.0200396637859062 0.015745305267406 -0.0449935001967992
0.0122406581314094 0.00412961934269223 -0.00942207866281256 0.0530120828399429
0.00425286820736118 -0.00885317010919062 0.0157063168479801 -0.00633730573517521
-0.006164342436836 -0.00608743658639919 -0.032225743712655 -0.0306358682730865
-0.00630517108559358 0.00395261224182723 -0.0572129000710199 0.00182365794389418
0.000345623364809428 0.0043827289159342 -0.0426096187406871 0.0456266083762208
0.000487659175704509 0.000349240790530168 -0.00723763722488982 0.0549244478546785
-0.00105919787922285 0.000542420274352647 0.0155370816590139 0.0431243461790402
-0.00097101989216478 -0.000930412564013076 0.0242981835030893 0.0331538610714661
-0.00377831909845083 -0.00221107092703889 0.027298929665915 0.0285685358544828
-0.00257329964404713 -0.00636494528868613 0.026647269871216 0.0291695683489458
0.00135992973184259 -0.00499969295927481 0.0211346601995852 0.0345512383443437
0.00422905689606687 -0.00679881484851419 0.00941656105400545 0.0497900515479944
0.0107229570108734 -0.00259097855944631 -0.0154881468202591 0.0602346487658462
0.0149239590247199 0.00828954907308159 -0.0423017769493039 0.0625082809875793
0.00963208664019086 0.0172887222983099 -0.0329991369425315 0.075328942579504
0.00958364031754498 0.0286687425488069 -0.0162793273158969 0.0488506304028602
0.0132839550219658 0.0123603832261801 0.015880324328876 -0.00789105795282869
0.013518748556198 0.000284590721846684 -0.0315190393842643 -0.0350472458057442
0.0107451952744276 -0.00674728832950896 -0.0598671338773844 -0.00219564841557378
0.0074286747750222 -0.0107335745439058 -0.0466200277775043 0.0422278199155174
-0.000239526076301135 -0.0144059702492612 -0.0100806608186551 0.0525171883626397
-0.00914695502947068 -0.011863698241197 0.013106638106885 0.0398643785562713
-0.0100252679471029 -0.0114400068729424 0.0214911570962462 0.0294285898323632
-0.0120436846896537 -0.0154080547111443 0.0261741520667394 0.0230508477768999
-0.00208981017485519 -0.024123736637283 0.0274629822654035 0.0229229552446303
0.0125088359555371 -0.0202845713268081 0.0255571109082277 0.0295333686108417
0.0270317425345984 -0.0135699022309573 0.0175312752177784 0.0464309703904676
0.0310658855591224 0.0113434032266278 -0.00536780360721436 0.0598528243844514
0.0194328985392235 0.036066026135187 -0.0320822081620476 0.0570449012829682
0.00410840291717901 0.0470843478911031 -0.025478458026939 0.0619142244336598
0.00367982789531974 0.0503371777273278 -0.0189049386222493 0.0341457367177322
0.0190830437366781 0.0356648839603366 0.0174031889139356 -0.0150086505708742
0.0324902311416608 0.0103909259583394 -0.0276926038068057 -0.0429541630756707
0.0294000215269413 -0.014983395863959 -0.0604002830787963 -0.0108429270242199
0.0153301791345352 -0.0247164497290263 -0.0500509069897054 0.0343741113994039
0.000554920975916302 -0.0285691981374131 -0.0140804355898113 0.0447267006336898
-0.0152427920533372 -0.0234241157750164 0.00727862434221139 0.0322713920809397
-0.0177989186304442 -0.0200541045623598 0.0150094556575801 0.0216042801361936
-0.0197040218884376 -0.0246999175188161 0.0210165331328305 0.0136472245785782
-0.00398704412507037 -0.0369494324031324 0.026156419999573 0.0110296654067266
0.0171912950138439 -0.0341806654435406 0.0311139478931062 0.0176092131976051
0.0413779416544042 -0.0249878571795278 0.0288603358730249 0.0385975926358182
0.0488258123038597 0.01506348506822 0.00789226718948947 0.056773126995707
0.02733453572988 0.0532354026983563 -0.0209070295676888 0.0502901118939535
0.00222611882710245 0.0685042881391406 -0.0164656264363767 0.0417212080577815
-0.00560459857120764 0.0637953337672476 -0.0162443111633712 0.0112571365915313
0.0187466572545762 0.0563013672947675 0.021354358215107 -0.026439405033745
0.0457805826868313 0.0233881200940466 -0.0203795479402503 -0.0518824692685209
0.0469859230824413 -0.0184530309818755 -0.0562655576337043 -0.0222782012980894
0.0243531045223355 -0.0356292833489578 -0.0500022609303773 0.0209345065781779
0.00247306402949946 -0.0397130983966818 -0.0183554083678044 0.0319860806802057
-0.0186273890587239 -0.0326776455640575 0.000521591763291992 0.0201401607814447
-0.0232228611701014 -0.0258606771196821 0.00678203944431184 0.0104903352178078
-0.0247435955928515 -0.0293449249771129 0.0135766207409809 0.00148643381076923
-0.00724004131711832 -0.0433871310317649 0.021998917124707 -0.00364496554647275
0.0167861079180838 -0.0421905946363321 0.0336145777020095 0.00173823569838478
0.0469749381764319 -0.0346787653898148 0.0378051175336099 0.0259644711984185
0.0584521734961784 0.0135386920646272 0.0207035089660842 0.0493384106640439
0.0324451642511425 0.0595253917623033 -0.0129043603958518 0.0411448112865636
0.00153304112523207 0.0784894180056008 -0.00910811634481006 0.0178489438866129
-0.0144843034399672 0.0666394439179988 -0.00737686230474753 -0.0156220401047866
0.0118490725128171 0.0677171249714283 0.0265352780420292 -0.0407079743061146
0.0490694257000725 0.0359238322376776 -0.00855695331853661 -0.0594527072933685
0.057391533871297 -0.0150523282125725 -0.0450055822854443 -0.0343450313914819
0.0307855585880385 -0.0391950199468436 -0.0443444940332126 0.00394846829487504
0.00526543603758094 -0.044425283332474 -0.0210154935009322 0.0147570022845955
-0.0188503253622846 -0.0368588889690596 -0.00706517125188023 0.00543151137147109
-0.0247890275337382 -0.0280119782205044 -0.00242513983999014 -0.00173969546053658
-0.0260772010716552 -0.0296391578353755 0.00466683751320158 -0.0108449863980253
-0.00901943057729332 -0.043295661516518 0.015626990145745 -0.0175401451390507
0.0150685290617089 -0.043479603420507 0.032294381874703 -0.0135635463629479
0.0459541388989745 -0.0368125242604988 0.042508477914179 0.0127296457169839
0.0585974870953344 0.0118631931289205 0.028501262918759 0.039592350903135
0.0309809185493705 0.0579025147396775 -0.00762295047756162 0.0314932652959664
-0.0015519622047154 0.075996288004907 -0.00318893854870573 -0.00544901122695385
-0.0197120230574386 0.0563607009305406 0.00544048202544483 -0.0431340703662295
0.00172586130382364 0.0647847107322092 0.0331684422627325 -0.0543977697478171
0.0410295821723608 0.0405226011197093 0.00371248860107204 -0.0629401141147619
0.0551710567547477 -0.00851722860615626 -0.0302997804394705 -0.042528604029125
0.0315780846979446 -0.0347841955850734 -0.0347852627648641 -0.0128534621395561
0.00638516905324385 -0.0408661266501992 -0.0215546326116209 -0.003583722308115
-0.0165248792951079 -0.0343763065159607 -0.0137206662915167 -0.00943293233859108
-0.0226106107308056 -0.0251002104365612 -0.0110334109908469 -0.013718055170746
-0.0239518417718195 -0.0262537176318066 -0.00393725481934331 -0.0226162002376463
-0.00889892702680286 -0.03793525915342 0.00950157671190895 -0.0296486000393309
0.0132398377566057 -0.0385496325809704 0.0303456905193176 -0.0262519924992677
0.0417996109343735 -0.0322537097109426 0.0437770780850725 0.00181073241420687
0.0506468266547727 0.013093443713601 0.0323377770646157 0.0300063431813581
0.0229836887099818 0.0516586525375142 -0.00474962848434993 0.0228700852508158
-0.00627556282051478 0.0644495793855949 0.00212068202610142 -0.0248009653427748
-0.0197685821645587 0.0354608738085189 0.0183009952220061 -0.0644112258353211
-0.0069182138475318 0.0472431529666956 0.0378471024093722 -0.064443046049933
0.0258306807912528 0.0340515768375595 0.0145542696208459 -0.0632413061423269
0.0409593226613837 -0.00223092896093599 -0.0167337358436649 -0.0469751860050776
0.0248802215407244 -0.0239947189324924 -0.0245407975186197 -0.025831149693609
0.0061102107934211 -0.029869904520304 -0.0212410980426428 -0.0187368918898015
-0.0117408568132207 -0.0257449745027588 -0.0195781207890221 -0.0217578187770741
-0.0172184788646102 -0.0188171000734081 -0.0182882126469658 -0.0239446376984203
-0.0181099772523988 -0.0198637044342768 -0.010766538747173 -0.032287061050748
-0.00688135581028252 -0.0283855431410054 0.00538884558472318 -0.0393753758110362
0.0105910074422354 -0.0298721344536357 0.0295028193414696 -0.0347255458741513
0.0342226160750701 -0.0226355969665651 0.0448001124322728 -0.00443846487376536
0.0380835155174052 0.0149128016956609 0.0334426587699139 0.0236269246796082
0.0118064006617637 0.0416447377248077 -0.00241063950937969 0.0158305682535852
-0.0118190692468297 0.0448866730692623 0.00811859277875756 -0.0389520066857015
-0.0153340724260975 0.00798466448188969 0.0278397002003445 -0.0768305391226406
-0.0108910265758444 0.019590604840807 0.0386798477114554 -0.0702760862359263
0.00712900218042941 0.0180369808099616 0.0192170666795652 -0.0623537832213565
0.01777243551615 0.000531549168528728 -0.00926310683458206 -0.0487216855294454
0.0114807192823655 -0.0101616018154935 -0.0193712571879136 -0.0327219779744819
0.00349188059219446 -0.0129947281378315 -0.0221562844811905 -0.0273027701581724
-0.00502766125963987 -0.0123121503168811 -0.0237104548050787 -0.0285141141538665
-0.00912003393424237 -0.00914715657725339 -0.0223467153599788 -0.0295524806827036
-0.010385236686845 -0.0102812844093198 -0.0149493470692958 -0.0385273874138267
-0.00487499319882185 -0.0163687077061625 0.00395313188511407 -0.0462347179168732
0.00650044069245648 -0.0188034620313796 0.0314234738755639 -0.0407180861136101
0.0225437057048092 -0.01178759146781 0.047464014375766 -0.00773481158299588
0.0217083526543512 0.0145618887713251 0.0343700399690253 0.0206521221965804
0.000797382105527008 0.0264670628153954 -0.00064470762002398 0.0126742799517212
-0.0156489202796897 0.0202454860155021 0.0132072223252942 -0.0452381556974549
0.0115842056563697 0.00399594220044217 -0.00801746437159071 0.0513772387695952
0.00410138215205262 -0.00874380591152107 0.0153351058589604 -0.00649872427249146
-0.00565856420138646 -0.00579180088062082 -0.0316600571559823 -0.0290277385913035
-0.00601327622806248 0.00372148420437822 -0.0554585164175675 0.00303986787757432
0.00028689438109178 0.00436289555572962 -0.0400622829071851 0.0451347968735183
0.000619879227908175 0.000254058746313737 -0.0057090821331322 0.0534604969473384
-0.00121551380757552 0.000733220467466228 0.0163467120141848 0.0411853686424247
-0.0011147731948244 -0.000833634759884971 0.0246390781611682 0.0315934637808043
-0.00412134705908455 -0.00205615807328189 0.0276792229322177 0.0268790825942074
-0.00263055017740011 -0.00625356683469951 0.0261339268929332 0.0277833261881652
0.00137618842209955 -0.00480618313475097 0.0208943088204099 0.0333414991028678
0.00442548569014051 -0.00663006860865623 0.0102990399756002 0.0475419232562062
0.0103172207667135 -0.00233740800960737 -0.0143526279655085 0.0580154078724165
0.0149281746602271 0.00754340965173539 -0.0403585584918022 0.0611997880655493
0.00900010263525909 0.0166164764902153 -0.0300121703245205 0.0739036469913297
0.0100951443693198 0.0276169702494261 -0.0142920883889831 0.0471914977025979
0.0131773344619626 0.0118410271790292 0.0153870851699275 -0.00787976211805859
0.0129458634187587 -0.000287899928337796 -0.0309928303933472 -0.0331274401880743
0.0102219198631139 -0.00669558512975913 -0.0581930375041912 -0.00108611170490398
0.00651905597144203 -0.0104663005473262 -0.0439627661969146 0.0424916587056211
-0.000796763653403454 -0.0142748780726907 -0.00834102152190644 0.0509937606892038
-0.00930013409470611 -0.010884663455157 0.013427908829484 0.0382030584014939
-0.0100416812596279 -0.0107076044513059 0.0211744991851049 0.0280231636212418
-0.01252544363364 -0.0144542618782757 0.0260459740027303 0.0218108299406172
-0.00263721521433143 -0.0235496011974626 0.0268596027522086 0.0214699038699716
0.01207273002682 -0.0198889275925174 0.0253250251225578 0.027958080710419
0.0259793440280868 -0.0137642951571899 0.0176778117238478 0.0446318113848945
0.0304877767981845 0.0101508386378304 -0.00476771128464129 0.0575572148385828
0.0195424249267396 0.0344218638097467 -0.029961188437741 0.0561801185670142
0.00388271418484999 0.0455937865621873 -0.0230339793551995 0.0610972393258139
0.00466443949320579 0.0484600553213483 -0.0172781441461651 0.032980447850856
0.0194164094208262 0.0343090687783715 0.0165900687250489 -0.0143967249808166
0.0311660931062705 0.00912554097217809 -0.0272160667175229 -0.0407318976497816
0.0281035404251023 -0.0152566153766401 -0.0588928406582179 -0.00920608660303843
0.0139786872334818 -0.024766609089418 -0.0473609128930786 0.0350579062660489
-0.000170350432667141 -0.0281092113853754 -0.012917556197383 0.043745524043959
-0.0154497626268967 -0.022390286034655 0.00817648073530769 0.0308755629263133
-0.0174853140926287 -0.0189505376816444 0.0148501781982704 0.0207756903075937
-0.0197807999658877 -0.0233395150860628 0.0208985828607986 0.0124009329854845
-0.00512366993967037 -0.0359326189281824 0.0256454664940061 0.00999454697140779
0.0161434961942286 -0.0334881334359634 0.0307000927325827 0.0161222372916647
0.0396650027995988 -0.0253718874572576 0.0282428021579777 0.0365545416202258
0.0476977427249204 0.0136865113255604 0.00885814288058822 0.0538927719767972
0.0275589468719983 0.0508157441986338 -0.0193683433062341 0.0491191890915248
0.00309905239407944 0.0659124656775942 -0.0153888114004143 0.0412052746427276
-0.00385141820520263 0.0617550097260172 -0.0149338502751848 0.0116132926784605
0.019347153773905 0.0541757584220473 0.0202693917517447 -0.0258553280731027
0.0447365284872074 0.0213956377360037 -0.0201275024619137 -0.0495853503040384
0.0444548491356947 -0.0191548878978163 -0.0545177839418554 -0.0205220341807186
0.0221771463047081 -0.0353929289171297 -0.0476936420480401 0.0216245467527391
0.00120080043659992 -0.0387936282667175 -0.0171572547921425 0.0312866358300446
-0.0193204736706692 -0.0311588294503341 0.000282474543851737 0.0192547052947294
-0.0228925214148877 -0.0245473780336564 0.00672952802858735 0.0101933351651092
-0.0245314487446002 -0.0273786333308035 0.0131374663444805 0.00101889681962549
-0.00833516122136824 -0.0420441845116078 0.0212447389938026 -0.00412359185823435
0.0155719599695225 -0.0414935257023597 0.0325722804051048 0.000260573693515303
0.0446642034109803 -0.0348502367296617 0.0371242234618935 0.0241234595874109
0.0568377447129112 0.0116422561025338 0.021147246331519 0.046709160746595
0.0323855514982515 0.0568582418230195 -0.0115845357578952 0.0401086947351872
0.00278054542459717 0.0754501517307204 -0.00864006964594031 0.0178629778961558
-0.0120537803210918 0.0644572946677796 -0.00746581947031491 -0.0150549661813862
0.0132787447558541 0.0654010224970301 0.0251313366035811 -0.0393441861001934
0.0479971814542777 0.0331562946085785 -0.00912129871728775 -0.0572331610685139
0.054409166541464 -0.0161826537047044 -0.0444895500424817 -0.0321876022213918
0.0286395152197246 -0.0392120362184563 -0.0428265818453893 0.00501748418664014
0.00370778473735053 -0.0433164004781218 -0.0201620200740591 0.0143927041141427
-0.0193667789539376 -0.0348874458984105 -0.00690562598470175 0.00542686703239413
-0.0245770327799573 -0.0263666376920276 -0.00277635941091625 -0.0016199808838357
-0.0259428067410926 -0.0276704396358815 0.00412000460328831 -0.0108911056871224
-0.0102072738060748 -0.0419336256126459 0.0145176428111479 -0.0170361433330332
0.0134317897956346 -0.0423323411525771 0.0312497972858385 -0.0139030214208769
0.043546189417677 -0.0370221448968342 0.0409766041548706 0.0113006626160014
0.0567560985242187 0.0101575932415852 0.0284277293925563 0.0369543828535648
0.0312568301819687 0.0553771108138554 -0.00677629847806304 0.0307202781710489
3.35749937855202E-05 0.0736817555711443 -0.00349622925116063 -0.00486082337600574
-0.017443751688149 0.0546967022389206 0.00420874898952416 -0.0414918508682394
0.00317155413027452 0.0628298080248608 0.031016575330352 -0.0528474671683708
0.0408882322943527 0.0378666795868497 0.00300277947316575 -0.0606025490814356
0.0528269593157639 -0.00953648573937507 -0.029927405541149 -0.0406395498246159
0.0294017945132221 -0.0350735534059893 -0.0336218631582049 -0.0114140055608064
0.00526317789598421 -0.0401037132702463 -0.0207739554493768 -0.00315040637806888
-0.0169571482116743 -0.0331023961323168 -0.0139986206509895 -0.00910066856232428
-0.0224854284713469 -0.0238193472064493 -0.0116816479861664 -0.0128044123334045
-0.0240313807389193 -0.0247172049126949 -0.00496250512478879 -0.0219726334797532
-0.00986032182062789 -0.0364367285683328 0.00803778418207334 -0.0287253610563076
0.0117899821480437 -0.0379838449868293 0.0288857590413174 -0.0259547598133587
0.0393211874921715 -0.0323688477783929 0.0421216000424786 0.00134033630105909
0.049340177768494 0.0113508356131407 0.0316335521286129 0.0283578548472276
0.0237514643639039 0.0493821374095733 -0.00424466736154835 0.0221227943317362
-0.00454201288678541 0.0624333934984978 0.00117612730204105 -0.0237726963619711
-0.0177895828370634 0.0343613897256186 0.0165509558881749 -0.0624960026747202
-0.00524276851656229 0.0456810480824414 0.0355567696155238 -0.0626652531765225
0.0251974748897883 0.0324303669127505 0.0133058838238579 -0.0614368816746661
0.03877088184473 -0.00303026825901378 -0.0165145722581486 -0.045196937044961
0.0232258813576604 -0.0242387989934957 -0.0240241126852111 -0.0242374622722583
0.00468859334088731 -0.0293834192121709 -0.021155007895547 -0.0176034015031019
-0.0116408628878207 -0.0243663177204034 -0.0201968851561403 -0.020708357135647
-0.0169975973653209 -0.0175162880548038 -0.018607476181747 -0.0224436825228724
-0.0181319792734764 -0.0183059676252674 -0.0116953483290435 -0.0305810495077275
-0.00769346516910248 -0.0274326840215304 0.00415523086987189 -0.0379325487025016
0.0094785344243033 -0.029456554876204 0.0281910022480399 -0.0343755742922224
0.0318823748967336 -0.0227610800985466 0.0431870549000638 -0.00512936085103004
0.0370723726582252 0.0135985914805168 0.0329120503559578 0.0219656532847705
0.0125690579218026 0.0398117389078257 -0.00216730289378019 0.0154851588880364
-0.0105440840940244 0.0435730788019239 0.00640013865090619 -0.0372532842897528
-0.0147434045696891 0.00805661197898913 0.0251193431661194 -0.0750140096839524
-0.0102766060963595 0.0189993729614494 0.0356238772049017 -0.0681075305469241
0.00751569091763248 0.0170205672336438 0.0176110951852529 -0.0609257863429065
0.0167170546280029 9.43505639817072E-05 -0.00985543397492963 -0.0472998729171292
0.0109616507670321 -0.0100974130051366 -0.01917750910378 -0.0312052274348099
0.00275732735363038 -0.0130949650765615 -0.0225683207567644 -0.026016951040086
-0.00495520342700442 -0.0115562756043903 -0.0237652943209998 -0.0268417287526312
-0.00880208036300893 -0.00832877382930292 -0.0230303606196185 -0.0280728368475769
-0.00988178248021036 -0.00947793951166027 -0.0155781715338983 -0.0367703713119714
-0.00484909199629242 -0.0153811445390662 0.00253841422103426 -0.0445815236438152
0.00582264754895675 -0.0185669980240598 0.0297803780529585 -0.0398458384601939
0.0214779529683879 -0.0119368405771647 0.0453810416560511 -0.00875956545909271
0.0215521812798817 0.0133245707722231 0.0335992092414705 0.0190830620771342
0.000993208182871839 0.0257339819558898 -0.000349685643838056 0.0122306142769627
-0.0141845693743591 0.0199186129180816 0.0112279606936188 -0.0435204085222499
0.0114571208874392 0.00476089922884443 -0.0105209493409663 0.0486069701238121
0.00455407232207098 -0.00804549319080179 0.0153316080394079 -0.00539814243512519
-0.0054903984660617 -0.00575667162838067 -0.0287614805706716 -0.0299249419100523
-0.00546641609347883 0.00355709648798897 -0.053982359105665 -6.88147012548318E-05
0.000556196740579051 0.00427044179450636 -0.0401716961251323 0.0415094087293709
0.000501005327937124 0.000358392883724572 -0.00782198146542319 0.0511447133571381
-0.00112525663519894 0.000888743935034611 0.0138147796806436 0.040536434961769
-0.00136576628074115 -0.000811572226293491 0.0230561314793178 0.031241528183356
-0.00381844184061895 -0.00212486683755603 0.026342200056452 0.0271651922272381
-0.00256616219012777 -0.00615363020114491 0.0248204018885949 0.0281849196730301
0.00243525643987221 -0.00500088194338978 0.0187740033628161 0.0334619488542664
0.0052088895507842 -0.00529781417901842 0.00741133958344634 0.0461335254219579
0.0100064804857194 -0.000704948965275632 -0.0175451775146535 0.0547803214641672
0.0130966484404612 0.0090099688975783 -0.0429592076838525 0.0569905581127972
0.00816324767255465 0.0172994325934681 -0.0341357167610433 0.0690019043498094
0.00818877657667343 0.0281053667197945 -0.0153697677418043 0.0444384317113995
0.0119553965256483 0.0125756238614419 0.0157971844993378 -0.00719034485065159
0.0124185858650647 0.00120480281765868 -0.0274976622661095 -0.034479062392013
0.0103143536730033 -0.00543952974391127 -0.0563352946862411 -0.00505580050440541
0.00763204569767628 -0.00958369065373803 -0.0448970142846773 0.0382767331015531
-8.49041648098007E-05 -0.0135550458042313 -0.0107724447397706 0.0485816546474785
-0.00824819572747552 -0.0107687922842818 0.0107756388500266 0.0375044501492737
-0.00958880252758812 -0.0113417860556894 0.0197154780896706 0.0277040484176823
-0.0114047865684727 -0.0145007217380136 0.0247146234425304 0.02139103195578
-0.00163120488971393 -0.0235671956771422 0.026102186067955 0.0217939402302924
0.0132240604142174 -0.0196779988283757 0.0242567272729529 0.0282404955838334
0.0264541781930499 -0.011516456319592 0.015827663763158 0.0440748817265406
0.0290159959876344 0.0126627701916786 -0.00767501748684696 0.0554432418825272
0.016873514370017 0.0354188397444008 -0.0332828832918825 0.053332743911444
0.00225173020388104 0.0453412944733416 -0.02777604154242 0.0570623877884666
0.000851267298963464 0.0480848323175356 -0.0168041441078215 0.0314885868226076
0.0164628521748542 0.0348639394871325 0.0186112346667129 -0.0133903534486524
0.0292999647221037 0.011424965244058 -0.0231492694604986 -0.0422647581753998
0.0273884733131366 -0.0124788551649982 -0.0558924215567983 -0.0137767400680954
0.0155625036391786 -0.0229421654437244 -0.0477234457397762 0.0302440068319632
0.00101613474819894 -0.0272393042237225 -0.014828351787745 0.0410001453684702
-0.0140007043782278 -0.0220401612539568 0.00522574397891687 0.030265750369215
-0.0162878746665336 -0.0195604060936241 0.0135917161027885 0.0202474122131758
-0.0182819164406985 -0.0231256089823717 0.0198781161948632 0.0124903771505916
-0.0037840934558841 -0.0359773097137743 0.0254416506306797 0.0103503602043768
0.0178383716730509 -0.0325419832026532 0.0299075717053939 0.0166882687396782
0.040249021804143 -0.0223407778348425 0.027323994191452 0.0369802030939364
0.0459007050344878 0.0168834572661276 0.00528815182499173 0.0535786461494076
0.0238335276178385 0.0518705751999724 -0.0231024134394489 0.0470741287179531
0.00039309676365847 0.0648445636709155 -0.0194614287295909 0.0390534371141321
-0.00838049225156351 0.0606622715361449 -0.0125816620126371 0.0113646711143408
0.0146623018829946 0.0542345056158987 0.0233813021335192 -0.0238943451030634
0.0415356633788556 0.0243724525349964 -0.0148892352931039 -0.0507560489627747
0.0437087253319208 -0.0149269365932787 -0.0507331283428135 -0.0251271854120041
0.0238238095108903 -0.0325774291108827 -0.0473451004843448 0.0175080630046536
0.00340784873010229 -0.0379364319805547 -0.0187177290198483 0.0284816012594381
-0.0168285986622388 -0.0309934536781406 -0.00131545992010967 0.0187541632521976
-0.0212352722726719 -0.0252359455869518 0.0056430028443339 0.0101178239072287
-0.0226525370617995 -0.0278158271487945 0.0130119545013274 0.000954430550522173
-0.00670258085388881 -0.0420719381830476 0.0213343498745437 -0.0031780001687846
0.0172269426265981 -0.0404438495946352 0.0331946489498918 0.00222146414061563
0.0453621614774029 -0.0313273332945063 0.0368236149886456 0.0254394422804394
0.0550593143810811 0.0148689517262053 0.0176471160810717 0.0474115848377644
0.0290693213679118 0.0574563849900268 -0.015266052645971 0.0392022758344055
-0.000551038464483095 0.0733735939711657 -0.0119152944001932 0.0172301879400252
-0.0170529291022106 0.0622023014137593 -0.00361589581982031 -0.0137187697202291
0.00715125536686253 0.0649824224143964 0.0289994432669843 -0.0369229836104335
0.0438959726970154 0.0362096865475397 -0.00355108548331928 -0.0566906817673966
0.0529094557724115 -0.0116427827880055 -0.0394222122735131 -0.0356123532386528
0.0300014931278789 -0.0357233903488743 -0.0418922776582749 0.000959454875906582
0.00576913439135659 -0.0420608664696723 -0.0207554578316246 0.0121756827283772
-0.0168062550162204 -0.0350465723191807 -0.00840222251382365 0.00464106111660602
-0.0226066046186472 -0.0272102205255384 -0.00311024555061206 -0.00188870414015753
-0.0241824694054253 -0.0283475184179572 0.00451517135573439 -0.0112201747877168
-0.00836251844697748 -0.0420722631979401 0.0154578660427594 -0.0166195147369714
0.0156183499871029 -0.0415855766902044 0.0324844484408112 -0.012178908068819
0.044221585217276 -0.0339021824894204 0.0418339659057416 0.0133052941155878
0.055365488858153 0.0136234501335175 0.0257766820823754 0.0387455003208548
0.0278119288444897 0.0564239100947813 -0.0100168915734724 0.0301488991825259
-0.00290490964201449 0.0712546644798314 -0.00522964914680683 -0.00435186802391088
-0.0218890305935432 0.0525069074733805 0.00913879267597397 -0.038434698973665
-0.00185019657476207 0.0616534089227469 0.0351915662742946 -0.0487212761240751
0.0359658831131094 0.0404203823692326 0.00902917838194296 -0.0591082618816773
0.0506879518169944 -0.00521411769290142 -0.0247207629739957 -0.0426306845204422
0.0303490063890276 -0.0317804075715091 -0.0320100288640885 -0.0145275373973167
0.007131020231201 -0.0385829623240764 -0.0209843587060596 -0.00471284873442816
-0.014558243123173 -0.0330367065565118 -0.0149368010771346 -0.0093661866719338
-0.0205928716481037 -0.0250625775485925 -0.0114279016396253 -0.0130696085218166
-0.0222827700490809 -0.0251771399839358 -0.00390243003495927 -0.0216929902092481
-0.00841081337347913 -0.0365835708631677 0.0098324353920881 -0.0280106064995934
0.0133705149483876 -0.0370097435952805 0.0303216185658286 -0.0240383564845602
0.039865201508508 -0.0295086448121013 0.0430991845125627 0.00349619202485231
0.0480114027840704 0.0142552358858866 0.0293948668453511 0.0300723622227875
0.0200812445538781 0.049562710883982 -0.00670255680866923 0.0217338708560669
-0.00725850759871489 0.0599061763325214 0.00048761217323803 -0.0224119846531527
-0.0209702123784131 0.0323407910378479 0.0213281075767518 -0.0583119415708705
-0.00945347076708261 0.0444457384928279 0.0395435010867858 -0.057897706294429
0.0213545541606438 0.0336900428431526 0.0185916904079367 -0.0582953230746454
0.0365941713224414 -0.000180922896758051 -0.0122375758790669 -0.0457673183423701
0.023762189464127 -0.0215720884234902 -0.0223426661236799 -0.0256463117639562
0.00601744699736374 -0.0281815059455585 -0.0203397556391199 -0.0192502020465613
-0.0101778421629974 -0.0247525154116134 -0.0194967793548572 -0.0209159767630794
-0.0156202368861567 -0.0182115602642895 -0.0178023875342106 -0.0224333224996597
-0.0168990947391653 -0.0187521180467311 -0.0101203055598018 -0.0306108459696388
-0.00625769725472896 -0.0275924921646705 0.00562651573511009 -0.0368889568435555
0.0107902049454908 -0.0288312919006062 0.029519991745737 -0.0322430665927459
0.0323114124659754 -0.0209014645349365 0.0439561376112605 -0.00252679445852594
0.0360314475608179 0.0155153656080603 0.0305241024392546 0.0244113116708608
0.00973369679722618 0.0393745192416826 -0.00408589816775145 0.0154782942771614
-0.0116419726341823 0.0415009169788313 0.00678023135589115 -0.0353035039839105
-0.0161749693899284 0.00645012283960396 0.0292514262730041 -0.0701397024493517
-0.0119690028751986 0.0176601755140662 0.0394006652269481 -0.0629063781693354
0.00514293064753631 0.0172641550266922 0.0222127256144159 -0.0571093587604785
0.0151522790490484 0.00173343465548925 -0.00597800086393822 -0.0464489802987305
0.0108446418004974 -0.00912569032650873 -0.0171388068419558 -0.0317262426038776
0.00335497536844596 -0.0121194833358121 -0.0203579883769254 -0.0268941268316533
-0.00419278348727126 -0.0122048852810441 -0.0231675713681076 -0.026982204027796
-0.00777852913903877 -0.00841445335108689 -0.0218633419368716 -0.0275995857195138
-0.00920911075205579 -0.00964474329960343 -0.014437595963598 -0.0361715364539582
-0.00415960132479575 -0.01553987698476 0.0043678202410035 -0.0434829448874331
0.00668241542329921 -0.018078918941659 0.0310808722568671 -0.0372057258875307
0.0217191335829545 -0.0108998854273436 0.0456107596493168 -0.00552524089255076
0.0207571948654429 0.0148183002323894 0.0311352869840258 0.0211205281244591
-0.000409633286509436 0.0251963829207329 -0.00209981428602245 0.0119309722140945
-0.014943408609232 0.0181830121248387 0.0123759809301608 -0.0413833847384638
0.010963523770858 0.00521137699162866 -0.0113191144606548 0.0479990658525158
0.00459692220920625 -0.00754449816555538 0.015863914821955 -0.00514040232184891
-0.00507583735543111 -0.00568222066681167 -0.0277980787744339 -0.0305117005817444
-0.0053755789689799 0.00320906070631241 -0.053839305598636 -0.0017424400437051
0.000338196383920264 0.00416312411690262 -0.0409796874927019 0.040768796678819
0.00039646210506083 0.000390839295153621 -0.008796115793733 0.0511299434433724
-0.00124379309550189 0.00118185713877497 0.0129559704010526 0.0409259002532312
-0.00120569247021439 -0.00111750028663433 0.0223561845807125 0.031465618504593
-0.00376681966486076 -0.00209496949244266 0.0257718961583751 0.027670583340446
-0.00242641382782914 -0.0060326750504816 0.0240043297537105 0.028874789603663
0.00238634364375038 -0.00498269572782991 0.017373111805366 0.0338742188529781
0.00537339363570713 -0.00493652926952259 0.00592207646916261 0.0460314322684191
0.00977359329269164 -0.000577134742496447 -0.0189070027760842 0.053612376105581
0.0126781086762847 0.00896930193679862 -0.0438830428496838 0.0557283820267633
0.00698787460195028 0.0174139074479617 -0.0354305608831223 0.0684067951997331
0.00712392991403518 0.0279600109084245 -0.0161791945066122 0.0439894393320982
0.0119045025205639 0.0127526768749474 0.0161706856181979 -0.00671617443915827
0.0121221156240669 0.000779110038732282 -0.0264161784302656 -0.0348972846525164
0.0107803416644972 -0.00523157523970418 -0.0556837881297688 -0.00655257384021367
0.00753541388795743 -0.00964417782613891 -0.0451273779068854 0.0376357646599215
0.000305344786615006 -0.0139981376474741 -0.0119779916137677 0.0481475955660985
-0.00800616351196279 -0.0107449521817117 0.00993312036950644 0.0378284896037759
-0.00903795408291927 -0.0115113604245552 0.0196717342094661 0.0278824883118209
-0.0112053945843459 -0.0145755558703915 0.0246994029554332 0.0220260542663526
-0.00152225262865584 -0.0235738245612966 0.025671819276258 0.0223770213883588
0.013708589557446 -0.0194512903026145 0.0233872220413734 0.0291391462724862
0.0264410248224718 -0.0112344900851575 0.0147331008583065 0.0443771911833881
0.0288060585612015 0.0134839034398055 -0.00928420035310462 0.0544649916406117
0.0157500730863916 0.0356987995934418 -0.0347926959709668 0.0523149481728247
0.00102912313178501 0.0449439802398292 -0.0288668426737422 0.0563685711329115
-0.000106815941848092 0.0474143902365646 -0.0171124235478511 0.0308813708310945
0.0156963052815099 0.0353430185720673 0.019212688250517 -0.0127125646497173
0.0288466784349775 0.0117635232876485 -0.0217950118850275 -0.0423609311401663
0.0278512106927248 -0.0120293557241002 -0.0552980302683624 -0.0153355681362493
0.0156730819728475 -0.0226180230098173 -0.0477329544151271 0.029614908398804
0.00139527657911846 -0.0274391480034149 -0.0159517818407102 0.0405219891333188
-0.0135684759863098 -0.0225814242387892 0.00473986162697715 0.0300112486300176
-0.0162954396647353 -0.0199499317388547 0.013150886330733 0.0206492454434151
-0.0172898671248677 -0.0236084544126638 0.0197805842709586 0.0126824359890321
-0.00351850399631839 -0.0359562066281911 0.0250907860614132 0.0110833093842454
0.0181688935232249 -0.0324162213572504 0.0294196571415906 0.0182233280837551
0.0402445766662641 -0.0218009416569869 0.0261372659166364 0.0375318181721018
0.0454861432902473 0.0176184621685419 0.00376982399835961 0.0532545859407104
0.0227629103710561 0.052181790823108 -0.0244035734504995 0.0464598296117138
-0.0013093983584152 0.0646153961964422 -0.0205898970267773 0.0385838452232348
-0.00962665269124177 0.0595461418834747 -0.0128627814759603 0.0112431281023787
0.0135860818198266 0.0547295695825553 0.0242891476139576 -0.0229192328949688
0.0404191277828033 0.0250042847437198 -0.0131997523974007 -0.0503311206387976
0.0438492252403401 -0.0142852348019592 -0.0494772779411653 -0.0257278249368131
0.0237837694507581 -0.0323747036081692 -0.0475168590141369 0.0168474242658085
0.00375962783717898 -0.0379522550909119 -0.019049069485083 0.0282913515286684
-0.0163937511227977 -0.0313368591366834 -0.00187541953899842 0.0187032596685453
-0.0205816906608609 -0.0257875504598274 0.00507439591670281 0.0102639740160565
-0.022157426110901 -0.0278962033290176 0.0130973297901563 0.00111383697743202
-0.00636355955512797 -0.0420990434111785 0.0215721696575116 -0.00295005955882034
0.0183221062050794 -0.040062365448132 0.0331248676004459 0.00283061882339247
0.0452028334446254 -0.0309611782448156 0.0360833080628747 0.0264096991311206
0.0548454450178096 0.0162983912632344 0.016469821334283 0.0470029481144847
0.0275657190741377 0.0585289983717178 -0.0160814714456966 0.038593526812865
-0.00252638439718626 0.0730588780733306 -0.012497725741957 0.0173301692706561
-0.018367549135164 0.0612586343556287 -0.00318805637782925 -0.0133046867296475
0.00627953005432384 0.0651161079067153 0.0300072474030336 -0.0353629300663542
0.0427256507200062 0.0368238681058465 -0.00148196629825049 -0.0565917013455069
0.0527397023195291 -0.0105001128864743 -0.0378787586466996 -0.0364190040290506
0.0299302957663223 -0.0354666217508528 -0.0417101962878472 0.000401330433664246
0.00634409381595331 -0.0423543136843115 -0.0211941542285532 0.011481597119034
-0.016069603038575 -0.0353300632075087 -0.00881492359988987 0.00473127606950947
-0.0218069563092905 -0.0275213287378614 -0.00310148769292732 -0.00177800608122231
-0.0235906693522731 -0.0285202792784309 0.00454557347436615 -0.0107308815539745
-0.0080504794277176 -0.0419441500772696 0.0157491519987491 -0.0158532466862424
0.016233860482741 -0.0416004330427386 0.0330310973232107 -0.0115194894885734
0.044302507927936 -0.0333791688557524 0.0412470493641228 0.0143737397249728
0.0549759147058011 0.0144844706228655 0.0246702623471328 0.0384736761175108
0.02636751315258 0.0567306271856352 -0.0103785273321251 0.0302487571763491
-0.00448124449167766 0.0710189572402086 -0.00591483303386776 -0.00407262811780979
-0.0227137833580896 0.051338279821115 0.0102379525366832 -0.0379723195020432
-0.0033165140873062 0.0614858455881464 0.0365917911962778 -0.0473722134928043
0.0347689480024998 0.0408479271818242 0.0109027636017615 -0.0585759393263284
0.0501032106579197 -0.00417215232952133 -0.0230435154495117 -0.0430230491308814
0.030501718209109 -0.0310966995598199 -0.0316698006273807 -0.0148162661494517
0.00754251325688872 -0.0389373872062032 -0.020949359346554 -0.00554716838161733
-0.0141503511694561 -0.0334354746815279 -0.0149302249396938 -0.00994565559213586
-0.0200179994667106 -0.0251431716440739 -0.0115474000507858 -0.0129153659456249
-0.0211296571396293 -0.0250986112618129 -0.00351254645334112 -0.0216064102823614
-0.00789368293280357 -0.036640845641627 0.00999360551401842 -0.0275681586192388
0.0142113191797991 -0.0369127587024993 0.0310237847609311 -0.0233795785587488
0.0399828005931304 -0.0288257428946724 0.04271452699383 0.00444788518697355
0.0474902692596763 0.0150176344887196 0.02841465648871 0.0304975777586668
0.0191686909158405 0.0500780012713014 -0.0070767025525419 0.0218605767023133
-0.00842238751386313 0.0593743088397178 0.000390967649196373 -0.021959762194386
-0.0213874987336792 0.031638860558207 0.0228482695076129 -0.0569922062232806
-0.0104549553865411 0.0441840286305498 0.0407790796551897 -0.0560765796785821
0.0206001089631485 0.0335526075839848 0.0204039382382831 -0.0573966294693284
0.0361865623202548 0.00056335536996793 -0.0109244875185981 -0.0454481214044227
0.0238226713547421 -0.0213576144096532 -0.0215331344697597 -0.0262736897881891
0.00632980342728982 -0.0281043961256624 -0.0201448598813636 -0.0199789512419836
-0.00975171440975972 -0.0249412439212027 -0.0195982512425168 -0.0211060815061487
-0.0149282983265206 -0.0183422882499384 -0.017996738735605 -0.0222241436713851
-0.0159979405577943 -0.0188766884508049 -0.00992286921674165 -0.0303699834343174
-0.00600084344836124 -0.027291847904075 0.00638792941449064 -0.036725345711519
0.0116811370248114 -0.0285909494805901 0.0301986170188621 -0.0317149648980557
0.0321901328846744 -0.0205093334857587 0.04365436441248 -0.00150476823098164
0.0354224038802283 0.015809542883578 0.0297660640619126 0.0247847990536498
0.00921059568085837 0.0397058425936539 -0.00455541282701886 0.01491519199066
-0.0127315009993817 0.0405018931212891 0.00691911444027799 -0.034746316849097
-0.0157403437141788 0.00605681048547193 0.0311291778701107 -0.0686823256387963
-0.0124983440652905 0.0170600907905206 0.0411650299112935 -0.0612212191839104
0.00479293163131958 0.0169257175315365 0.0239977540664856 -0.0565758940319142
0.0148292116530327 0.00208755172924811 -0.00443646166024419 -0.0459611174175118
0.0109851864342839 -0.00861634031009171 -0.0162833703345219 -0.0323219165537002
0.00345009391234992 -0.0121175522706046 -0.0205633242856182 -0.0273097746566382
-0.00428265179683749 -0.0118451409872196 -0.023097791645047 -0.0269797703905092
-0.0074976753110989 -0.00888688568834472 -0.0214858726649276 -0.0274483242847883
-0.00900035810988233 -0.00992893296653554 -0.0135751471272823 -0.0362631682630874
-0.00359412792773348 -0.0152878954781004 0.00537344274799838 -0.0431058904441873
0.00699525749017501 -0.017421373957208 0.0320898538998796 -0.0368065305023439
0.0217534522307131 -0.0102955314184704 0.0460948449306502 -0.00414321846264587
0.0203270304651665 0.0148534542562972 0.0305467672548448 0.0218677321087444
-0.00103330560578879 0.0248318184744583 -0.00242564280910189 0.0115900844796333
-0.0152086405448549 0.0173137236047175 0.0124637658185994 -0.0404764016891335
0.0110347952480617 0.00549864308702336 -0.012192168118637 0.048626308861328
0.00487519046528376 -0.00779192540069094 0.016458776201247 -0.00506181845082009
-0.00526612765964662 -0.00632396356155159 -0.0277624890555008 -0.032032856033126
-0.00569718847398103 0.00333246915454642 -0.0556455486207984 -0.00263818080023361
0.000191681562523032 0.00439229522455534 -0.0429832482515454 0.0415234522989606
8.13094562086749E-06 0.000546302392954328 -0.00973826236354207 0.0528361384029882
-0.00150744684191987 0.00135206537576484 0.0129620426781795 0.0419422652909733
-0.00153788888576376 -0.000830349392225294 0.0229220943012549 0.0323189563406132
-0.00404266631123021 -0.0023152271403028 0.026714213945565 0.0283327152200469
-0.00232458847005332 -0.00665158461375938 0.0242313411449261 0.0303308856209785
0.00283837051810893 -0.0054674515353299 0.0171006913980063 0.0349156937352846
0.00562576846206825 -0.00505907986258788 0.00533331507608414 0.0467578369037537
0.0104145321657074 -2.44477929854511E-05 -0.0210818838794082 0.0540807740201199
0.0129009461377892 0.0098404853480803 -0.0463728666270669 0.0562170765044655
0.00652170850066095 0.0185519817740844 -0.0372177065738676 0.0690636126639545
0.00661763826497558 0.0285579480347109 -0.0169991377624398 0.0444316942509937
0.0119395789332238 0.0135860353280389 0.0173608824797079 -0.00667167046863123
0.0124896884885487 0.00128882861381703 -0.0261452837044473 -0.0365688873717398
0.0105704345929141 -0.00557406358039543 -0.0569038309511191 -0.00794057657650233
0.00760153848058372 -0.00947538097727091 -0.0469773781863448 0.0379760891094156
-3.58687180727745E-05 -0.0139428290886839 -0.0128058577212539 0.0493231484052933
-0.0082629662217434 -0.0110378754848422 0.00960053538116618 0.0391252360897527
-0.00961617241171127 -0.0117907560967934 0.0199848952006631 0.0288456228975298
-0.0112394015551652 -0.0151858616951021 0.0248630575728152 0.0225629604686058
-0.00152684088481555 -0.0243940184201315 0.0258765525229454 0.0237817430852526
0.0145207148350956 -0.0201285452563147 0.0231857921118756 0.0302874624882383
0.0271755336030845 -0.0111687947750682 0.0136989368774186 0.0452687226383404
0.0290372556345403 0.0145346642718349 -0.0113070364263782 0.0554270742031109
0.0155168038582798 0.0369003272225642 -0.036677503484431 0.0528573198894261
-0.000253324043473988 0.0461701612173358 -0.0298517206334103 0.0575911011741001
-0.00113095113131679 0.0483333979592828 -0.0178762698131071 0.0313829256537838
0.015416074310169 0.0361092548473583 0.0204250451844397 -0.0124894466966417
0.0291966966589544 0.0120339384786962 -0.0209568898048267 -0.0438623768341179
0.02802598729719 -0.0120941373655288 -0.0561014691557751 -0.0166595510223719
0.0161745390323861 -0.0227582643975511 -0.0494886547692082 0.0297454431181516
0.00118588719256216 -0.0281425306618936 -0.0170383523231256 0.0416854626401548
-0.0138288696090984 -0.0231047188698933 0.00419065761592726 0.0308898905122104
-0.0163504857921465 -0.0206340873066426 0.0132250781161537 0.0213041460770152
-0.0178161619544298 -0.024237063172263 0.0204333385825468 0.0129597545543834
-0.00361512167727881 -0.0374175571742692 0.025606427352203 0.0120147903225961
0.0193873973281449 -0.0333318459444733 0.0299936395442502 0.0186674434255505
0.0410412688633654 -0.0214632404645819 0.0263386134055284 0.0391529198953334
0.046314383491743 0.018901813448659 0.00245359446195878 0.0540874214606646
0.0223786746938732 0.0539986649007881 -0.0259548582256714 0.0472548225711495
-0.0032714488553451 0.0656067326793777 -0.0216068575789615 0.0395841863510745
-0.0109239283978368 0.0604980293722698 -0.0128780113167136 0.0113685792661825
0.0131088542527143 0.0562401588827802 0.0257560848121951 -0.0225524599383917
0.0407666816322687 0.0260132269185174 -0.0124538004523899 -0.0520085872311643
0.044481658179051 -0.0140939803280213 -0.0503428993683665 -0.0278896492376659
0.0246236991769662 -0.0328340321615277 -0.0484568185546205 0.0166663000615364
0.00361872390911574 -0.0389459285734586 -0.0202180797914335 0.0284552744903076
-0.016618500376575 -0.0324136102329585 -0.00247998141568382 0.0191576691436536
-0.0206989826103212 -0.0265579438285754 0.00527871951824986 0.011140546159586
-0.0224160373825503 -0.0291369538623341 0.0129424036929181 0.0014305452590056
-0.00641622267261095 -0.0437890938220791 0.0222044219881742 -0.00220091714412742
0.0192032262572808 -0.0414436841894043 0.0340036079297355 0.00338658052738331
0.0467638032765076 -0.0310046655822188 0.0363699136821274 0.0278642543901828
0.0557812074825429 0.0176991948035919 0.0157541577761213 0.048203264587282
0.027047140481372 0.0605322109091522 -0.0171220391509087 0.0395253386474259
-0.00418124469045343 0.0744838536534861 -0.0134383427287904 0.0175418221582036
-0.0200343188400276 0.0617609374006523 -0.00273626614771569 -0.0136446458811962
0.00533075618966034 0.0668677633216246 0.0317617798728674 -0.0351593418983665
0.0428983194308857 0.0382685307539664 7.82614403046084E-05 -0.0577562874217499
0.0537976247702363 -0.0101804519260559 -0.037920376881192 -0.0379637507854509
0.0308315570568603 -0.0357220446552684 -0.0423581621045838 -0.000175316277299108
0.00611235367887407 -0.0434662887963006 -0.0219429652153186 0.0118931227097349
-0.0167200754428638 -0.0366278464364794 -0.00923963749954138 0.00458906816881235
-0.0217459086116349 -0.0284873369236775 -0.00364712084319482 -0.00134387672919272
-0.0235718209162631 -0.0294183441106725 0.00467901603908236 -0.0112099080159956
-0.00821590050399272 -0.0432389336130397 0.0166419363172639 -0.0158749456972211
0.0173640481309675 -0.0425567685296939 0.0337475886243567 -0.0115977102668837
0.0458491684061489 -0.0335583099744789 0.0420910376162526 0.0152883134695192
0.05611107262442 0.0156441968628277 0.0242849004038152 0.0396150989488025
0.0259635985627518 0.0586761912881282 -0.0113217345498988 0.0306525057932589
-0.00634711088575561 0.0721337706769063 -0.00616979491636834 -0.00418189699220032
-0.0244291211102651 0.0516322348959168 0.0114204627261448 -0.0384046976363517
-0.00446360969241022 0.0630229210073693 0.038428372667708 -0.0472607970789208
0.0347779649799598 0.0421403010754997 0.0127244275553165 -0.0591427141725622
0.0512967676399716 -0.00393315524037086 -0.0227811942184281 -0.044373508464791
0.0312821704224392 -0.031699134977341 -0.0318248133342713 -0.0153326085261705
0.00765175460500115 -0.0397871976538109 -0.0217754718580413 -0.00637292673543641
-0.0141887459153923 -0.0343302026083887 -0.0155121079814355 -0.0102975428299879
-0.0200242082280303 -0.0258987506923798 -0.0115809812497562 -0.0129147140125297
-0.0213412611151861 -0.0261101137768636 -0.00341658744275609 -0.0218689896008407
-0.00777908433935741 -0.0377206483294964 0.0109881539318584 -0.027931449282478
0.0152500189717662 -0.037751609897678 0.0322065466827169 -0.0236409166452443
0.0408365194339418 -0.0293241712823473 0.0439813558862536 0.0053866854699717
0.0486580378885049 0.0155630942212799 0.0286105130884838 0.031584150901797
0.018709560672936 0.051555033706069 -0.00788952341651267 0.0223914558815409
-0.00948440104078836 0.0605334223130106 -0.000221367947533232 -0.0223305793612504
-0.0227347567246346 0.0313979938112267 0.0248522709948046 -0.0581611021660668
-0.0111821810950842 0.0446191645102553 0.0428292427536968 -0.0561671996415827
0.0203379457711212 0.0345422100449483 0.0221499996901202 -0.0581944483058067
0.0372102618414235 0.000815785343617974 -0.00974470066728633 -0.0464418077221797
0.0242140745354493 -0.0216324835959579 -0.0215143669767289 -0.0270173865873453
0.00650164240412418 -0.0289535467281893 -0.0204677216943666 -0.0207791896778218
-0.00987156078977321 -0.0256000834825996 -0.0205760328262209 -0.021880047437601
-0.0146801733715628 -0.0192021958451182 -0.0181335630801504 -0.0225863601047847
-0.0158820264109044 -0.0192612677636648 -0.0101461122868126 -0.0311238358377046
-0.00611092919872787 -0.0278905097831051 0.0069647887126697 -0.0373192490829618
0.0118776087611798 -0.0291873343547054 0.0317266524425556 -0.0317529021615087
0.0330882885516577 -0.0203337071234122 0.0449869346154486 -0.000604406332020089
0.0357139188446436 0.0166544764122983 0.0299398187659976 0.025751001210584
0.00839982391827914 0.0407168506251793 -0.0047870593543206 0.0155783958703827
-0.013411332363365 0.0410695461746898 0.00653457418495595 -0.0349731350267434
-0.0161848530670364 0.00568023846192896 0.0333962209162724 -0.0693536394280996
-0.0127671652506283 0.0170794265853135 0.0429472570515232 -0.0613902394474252
0.00475263882272286 0.0174304086341067 0.0256959337477408 -0.057122006773632
0.0151175289626065 0.00246811537839569 -0.00330170609187905 -0.047042520462658
0.0108607073422594 -0.0088456468808929 -0.0162289328950374 -0.0330970093512417
0.00356087461021767 -0.0123098856764649 -0.0207054979226002 -0.0285953646391226
-0.00409001806244304 -0.0119825498048224 -0.0238397183313769 -0.0284347177597512
-0.00718227487384985 -0.00923165413831626 -0.0219419579011032 -0.0282774042457312
-0.008512765928286 -0.00981882083515657 -0.0138113953532802 -0.0367953309021356
-0.00373098365183967 -0.0154837451422383 0.00573739602584299 -0.0441064324226108
0.00740992538258807 -0.0181222784138179 0.0333728215554724 -0.0372034770163627
0.0220100950014647 -0.0105935533512745 0.0474602234002694 -0.00330410619504245
0.0203729928873442 0.0153512284797444 0.0305217171722408 0.0227300971887178
-0.00140189278923143 0.0255856047756142 -0.00274769557308419 0.0118239543426488
-0.0153939212210038 0.0171507915085381 0.0127565383368429 -0.0410588428268659
0.0110191966329561 0.00591689921385797 -0.0120099743543112 0.0506839692965571
0.0051251671696615 -0.00812541045407449 0.0172968828289906 -0.00558137148383032
-0.00546324868214872 -0.00634822741681845 -0.0293711359549929 -0.0332113685055966
-0.00553149428877758 0.00356167833316647 -0.0581339833145817 -0.00246344992651851
0.000411139264006344 0.00448734780414116 -0.0438184080971217 0.0436585439404122
0.000101148687294877 0.000770191574878105 -0.0092309604688569 0.0551211562679814
-0.00121005330063934 0.00115390306850154 0.0138924968493944 0.0437333679165642
-0.00153374549845999 -0.000914263805792508 0.0250081657237531 0.033209984371908
-0.00456153623981471 -0.00246561991631143 0.0285748089978289 0.0290440650624729
-0.00292634384290225 -0.00682825515936588 0.026011557495418 0.0312895520651
0.00318804053513701 -0.00572800854239188 0.0181607199016367 0.037043930918295
0.00577653646067399 -0.00511746473350882 0.00567888262122886 0.0486936573581097
0.010936561441277 0.000475105224113956 -0.0227103216274638 0.0564330789606492
0.0133734785633641 0.0100905242527985 -0.0483133828103551 0.0589733453436557
0.00679134881232221 0.0194349771777942 -0.0382782069211281 0.0723506409907263
0.00658410024028638 0.0295213960914183 -0.0172507062233741 0.0464530927621376
0.0127787338050452 0.0139693821097982 0.0184557113701314 -0.00723424734647489
0.0130279456264813 0.000982755833120278 -0.027479381856749 -0.0378954343278686
0.0110077717614461 -0.0059233805880719 -0.0596368182750554 -0.00765874040879147
0.00773378682338253 -0.0103360003534595 -0.0478258462131423 0.040095583275623
-0.000332692664080229 -0.0143452560106008 -0.01270562269033 0.0520758693231972
-0.00896795832261903 -0.0116418171227555 0.0105968150979905 0.0402301794665228
-0.0103344279980421 -0.0118258222371122 0.0211829745575753 0.0296972815051877
-0.0118883071300012 -0.015605862609835 0.026562617579186 0.0234623944974389
-0.00198836600917125 -0.0254731349129967 0.0278580110121613 0.0246237038947693
0.0149658196296928 -0.0214495502637248 0.0243523403730831 0.0314287264514642
0.0284083613503321 -0.0119115029339573 0.0145528044172705 0.0471358094325973
0.0306573952793649 0.0150529196931289 -0.0118835131535368 0.0573814608051464
0.0162190841413561 0.0386691174376798 -0.037932639991216 0.0552286921142499
-6.2620864396591E-05 0.0480873782193457 -0.0312217698673206 0.0603797579325287
-0.00136302975743131 0.0499856775870936 -0.0177541900831449 0.0329207216411479
0.0164940621589429 0.0375681259189959 0.0216934049369985 -0.0128963114530677
0.0301592637470865 0.0121382976281523 -0.0221953270084718 -0.0453738641913856
0.0294450272862057 -0.0130821361210693 -0.0589179842673947 -0.0168550546778738
0.0163592762048818 -0.0239061729473323 -0.0507142892744979 0.0316218964557097
0.000525118425349411 -0.0293041186459177 -0.0171398273778379 0.0436475066451576
-0.0146518771984985 -0.0239305096555368 0.00466801819019361 0.032312567874353
-0.0171360547654994 -0.0213794443990298 0.0149001832291547 0.0219597461812267
-0.018946049328978 -0.0249899227042832 0.0214905645349342 0.0132172803336156
-0.00436403172460423 -0.0389938872418753 0.027267955723596 0.0123737640523303
0.020152695745417 -0.0353176630452455 0.0312619439796772 0.0192794566007253
0.0428291391736738 -0.0233029300244488 0.0270970594802771 0.0406880208132442
0.0485379658491801 0.0197297703259607 0.0020723415974653 0.056078574392986
0.0234977799013081 0.0564273125868386 -0.0269922735606559 0.0492485950049162
-0.00313930680644548 0.0685299242126825 -0.0225094811170902 0.0414371138682887
-0.0115587726176928 0.0628655791753971 -0.0127466441617245 0.012116496876609
0.0139875429400757 0.0584920774958127 0.0270128410199448 -0.0232736623936144
0.042450631336723 0.0265626540654512 -0.0129807019688909 -0.0542169638265055
0.0460517402454185 -0.0153665088059267 -0.0522142853814479 -0.0285188186621382
0.0253077012934271 -0.0343175308872879 -0.0500394325076737 0.0181836826526577
0.00292577747727764 -0.0410022261999492 -0.0207613408990777 0.0301353372931326
-0.017618263629444 -0.0336755548561121 -0.00260334468657397 0.0200037472085035
-0.0220564274431853 -0.0273838790990383 0.00558762045324836 0.0115465800404509
-0.0236029948074339 -0.0296399539860582 0.0135493711997707 0.00100200046466272
-0.0076912328361912 -0.0453769812276547 0.0234015548869198 -0.00218141541034298
0.0198115809558992 -0.0438130451069344 0.0354309372485818 0.0033364105201259
0.0482304283034722 -0.0334082699969241 0.0377652763447409 0.0289200338776314
0.0584824516923227 0.0176983515112427 0.0164037936452508 0.0496635102756122
0.0287733893586615 0.0630377514840123 -0.0177664383511783 0.0410772923577657
-0.00397534539054272 0.0774733484392289 -0.0141413964674927 0.0188352428189868
-0.020482196995076 0.0639313308483382 -0.00267635543533557 -0.0136898767010023
0.00640200131996064 0.069762201131223 0.0334977584516462 -0.0359859305667683
0.0448554773143785 0.0389566854163064 6.698200461844E-05 -0.0597869384945732
0.0553212945641734 -0.0114436387374231 -0.0395240674188985 -0.0392756137402812
0.0317604040434351 -0.0377635096837152 -0.0436108276813117 0.00106786748462849
0.00590743603694009 -0.0459339575630203 -0.0230038536616594 0.0123103244647104
-0.0179842510195821 -0.0380439919210369 -0.0101566695047296 0.00503722480799111
-0.0234218162677737 -0.0294248737981483 -0.00393540478723279 -0.00108878594788769
-0.0249417925278914 -0.0297464959645232 0.00487085022125977 -0.0111044430852164
-0.00929574620461784 -0.0450292451891715 0.0173781235281536 -0.0167854566520388
0.017829392628694 -0.0448593051932054 0.0353569867663639 -0.0125314601002302
0.0468902206753421 -0.0361423654666262 0.0438969479606738 0.0159362813232375
0.0586230946119399 0.0157485012528037 0.0254708224287807 0.0412291174298337
0.0277628248330706 0.0609141835824226 -0.0120844361646949 0.0316850996308001
-0.00610837697221063 0.0752020339239855 -0.00701175049765109 -0.00389253456541404
-0.0254031447361149 0.0534997832676442 0.0123118614396405 -0.0396451497223004
-0.00376527839302083 0.0656732330275615 0.0399520047468308 -0.0491250693707466
0.0362574637177717 0.0436587181416115 0.0135229645948178 -0.0616735114318146
0.0530105753758251 -0.00444126374183112 -0.0237322838227653 -0.0460931281883066
0.0321578644820177 -0.0330754019244602 -0.0328786929713729 -0.0152351702155031
0.00698140999998099 -0.0415421508673126 -0.0229320264867397 -0.00629788426847987
-0.0156350968902884 -0.0359806916064097 -0.0169642390115312 -0.0102594236438132
-0.0210675838643248 -0.0265618951440974 -0.0127197761599881 -0.0132434151731713
-0.0222125948934056 -0.0265655747192473 -0.00400980998449887 -0.0227430127802851
-0.00872891549080207 -0.0392060862965961 0.0109185993509058 -0.0293214720123574
0.0150623755989937 -0.0397611011092345 0.0334550052962595 -0.025128116100096
0.0417726066980838 -0.031312083184426 0.0458614390230541 0.00586563428219585
0.0508606299804737 0.0160063825281782 0.0297647655679089 0.0320951181852274
0.0198583107760182 0.0539120512589388 -0.00798086374542251 0.0229442035671564
-0.00974861447717936 0.0627174609799859 -0.000662865718775756 -0.0230867791940475
-0.0235849831328752 0.0328112988546369 0.0258144902963091 -0.0599832418225259
-0.011171033810294 0.0469408971663177 0.0444476583736221 -0.0583613237502024
0.0213885358115623 0.0359102068907577 0.0230681891891256 -0.0607138569533789
0.0381283202112804 0.000731294257684372 -0.010200433143541 -0.04832767518818
0.0247210622928662 -0.0227574740723428 -0.0223213624961058 -0.0275495057833363
0.00624103318764714 -0.0298785368324449 -0.0217945763953561 -0.0215575538121769
-0.0108546678830497 -0.0267640180711001 -0.0220947614860179 -0.0225337311583042
-0.0156070442802956 -0.0196273663852682 -0.0195459145469701 -0.0228859452633054
-0.0167416665014246 -0.0197846016006095 -0.0111061594910225 -0.0317573794080532
-0.00672584012000245 -0.0290254003284534 0.00698173068411747 -0.0388463109218154
0.0122342300590766 -0.0305910770181809 0.0323970125144694 -0.0335164691944601
0.0339930313427453 -0.0218626469762926 0.0470091323420008 -0.000723698994196405
0.0374796614652577 0.0170117439595057 0.0314008775758621 0.0260316304492657
0.008993303769876 0.0421932120690137 -0.00549081455620123 0.016066000483633
-0.0138620353942273 0.0427642542085007 0.00607276073665257 -0.0366278581249411
-0.0168916609906834 0.0060472594744603 0.0345793318062571 -0.0725975556383961
-0.0134754168211103 0.0178513658548601 0.044263424043834 -0.0636711293357191
0.00477609355826039 0.0182307965999572 0.0270550442050835 -0.0593670834275834
0.0153933111225326 0.00261257686256324 -0.00342647986158319 -0.0486224086283648
0.0110767030405558 -0.00928932035160278 -0.016589032615183 -0.033932609187287
0.00338731322203741 -0.0131116767832144 -0.0221168298727628 -0.0296889590125749
-0.00466931308349774 -0.0123363791104723 -0.0258381555681942 -0.0289768678843179
-0.00744404288685438 -0.00912240250036782 -0.0234109792107062 -0.0285884381638235
-0.00855525846843332 -0.0102173622265224 -0.0147240484697943 -0.0379655493097793
-0.00375532538824526 -0.016121142786679 0.00545715826897127 -0.0457364763793278
0.00728761012306888 -0.0186152206991008 0.0342525869858133 -0.0392706484799736
0.0226814005099486 -0.0113632758212497 0.0488553881426274 -0.00365707798377867
0.0215318187539213 0.0157959141004787 0.0324134581284236 0.0232700606937515
-0.00127250223988974 0.0262119037134549 -0.00330945540732791 0.0124082069404691
-0.0156418783590734 0.017846858727212 0.0120715102891154 -0.0426351943621105
0.0114055146532577 0.00587994862223334 -0.010602764656112 0.0530402827346056
0.00499092210628001 -0.00826680027782928 0.018076447279005 -0.00659063225370989
-0.00600355052970803 -0.00624194291823929 -0.0316247448471778 -0.0332809024161891
-0.00576955841304988 0.00387902417646844 -0.0605839751842342 -5.09602556173423E-05
0.000606028681839207 0.00453082235579863 -0.0436529697203239 0.046746879138282
0.000135605093083435 0.00100495414839134 -0.00680362020054062 0.0579829585633641
-0.0015357242001867 0.00155013114649591 0.0165695773194239 0.0446518485797488
-0.00186812001029967 -0.00102153011740122 0.0271692972752413 0.032948089827567
-0.00510619330575551 -0.00252394105347719 0.0313356433150037 0.0290746818038113
-0.00335541144367475 -0.00675524643346711 0.0286857763411619 0.0317719969497041
0.00289334417650391 -0.00644081613225475 0.0200144869243215 0.0377545459580762
0.00589321431394851 -0.00574340454389282 0.00733307714103238 0.0502437062881426
0.0113272687687887 6.40004268766398E-05 -0.0215716856725808 0.0590497088163281
0.0140775158184259 0.0101048422127723 -0.0479750051610635 0.0630365047694226
0.00735028874023932 0.0197387931056438 -0.036898526450679 0.0767819428161871
0.00790894159537197 0.0299436622597219 -0.015823001605674 0.0485711970295958
0.013683971340192 0.0138080092636052 0.0194346231426755 -0.0077468067707458
0.0130546901816287 0.000288256359825999 -0.0302132868391834 -0.0379141858357736
0.011169590321811 -0.00679003236018983 -0.0625126858299727 -0.00572398186788773
0.00751531370074592 -0.0109474697362542 -0.0479969640059663 0.0437121980882629
-0.00129842483922941 -0.0148369959451221 -0.0110180408242041 0.0543992209081348
-0.0101783984244309 -0.0115278894148897 0.0130497998742564 0.0412589487297932
-0.0110958643708294 -0.0121975296582323 0.0232904726026209 0.0296909542543096
-0.0136492952007945 -0.0155829013296426 0.0288044445069365 0.0230869780612898
-0.00353558491546904 -0.026585331265643 0.0300766709113658 0.0245401144798581
0.0148362829178539 -0.0232362177075199 0.026248245667496 0.0321071253267545
0.0290251305082394 -0.0136657845463034 0.0166648271139352 0.0484140867460663
0.0327449726457821 0.0144013060210193 -0.0104258176900745 0.0597311408297028
0.0187149073064506 0.0393455341205989 -0.0375656550981941 0.0588767242078046
0.00132624550360203 0.049619571454947 -0.0297882442418914 0.0640707074582153
0.000179894538968763 0.0515233091593022 -0.0168534314172381 0.0348798587683213
0.0185584106771633 0.0384724765445038 0.0225002015391539 -0.0144434983905391
0.0314452898873364 0.0115542549632212 -0.0244795913346957 -0.0461054690609569
0.0299840285100631 -0.0147962998286626 -0.0616899130076101 -0.0152635217749448
0.0158555259055029 -0.0254773584738227 -0.0510234354346665 0.0352904870284314
-0.00104226754633663 -0.0303503156596994 -0.0157852784417024 0.0458250537737465
-0.0164326552071617 -0.0238460134330313 0.00605509357544188 0.0333606621328689
-0.0186762057320731 -0.0212202981432162 0.0161003221258078 0.0222993391915974
-0.0209672797645308 -0.0248093639605056 0.0230185215708757 0.0131138445400912
-0.00679736995686004 -0.0404603075653849 0.0290176795644284 0.0117921694637406
0.019262254602131 -0.037567078203604 0.0334454963350165 0.0189439958251433
0.0433171556383093 -0.0261046973995461 0.0298835044602046 0.0412853091741674
0.0511790556568976 0.0183182983684911 0.00451498027928731 0.0576619691943226
0.026797856103013 0.0577131257610074 -0.0260953871947388 0.052415026269276
-0.000590073904894145 0.0708703093854675 -0.0216516823989532 0.0442805048770913
-0.00991121786683041 0.0647025111129209 -0.0127099564750171 0.0131000952652626
0.017335113570492 0.0602578476065876 0.0272796455709084 -0.0252405918392798
0.0445992622756895 0.0254892435523507 -0.0150215284253209 -0.0550032775009606
0.0466235092628772 -0.0179095487576509 -0.0551087884482052 -0.0274018435886554
0.0240206395841129 -0.0369436663318114 -0.0504138633377892 0.0216926486533235
0.000821940979672562 -0.0424257671566247 -0.0201892786666855 0.0324756330484724
-0.0205518457361019 -0.0339263491644245 -0.00200453864310384 0.0210408414046782
-0.0240763774507473 -0.0270924815770255 0.00643906092574622 0.0118869441703677
-0.0256208693063028 -0.0295368173772374 0.0140008351732536 0.000743846652606014
-0.0105947770677308 -0.0469832586312403 0.0246496457034038 -0.00302443432533894
0.0181055731461014 -0.0461942218617694 0.0365895373221697 0.00228295275307806
0.0480652215238493 -0.0369143789549872 0.0408676974534117 0.0287670221975598
0.0615677900119376 0.0157240576191127 0.0184900510444282 0.0506055594427679
0.0325528882109354 0.0641206872423296 -0.0170972009873082 0.0433935171408794
-0.00128908306339208 0.080595502756601 -0.0142402050576665 0.0204564874424285
-0.0189296013694956 0.0668668053459463 -0.00264680501229091 -0.0139207310140999
0.00925614166451592 0.0725257175424091 0.0337114550094961 -0.0385973769089474
0.047613144150308 0.0386354576544377 -0.00153764718197982 -0.061746496539054
0.0572022223482601 -0.0140491916031656 -0.0424838065682344 -0.039306757623695
0.0307272614605116 -0.0406700199710213 -0.0445338554676457 0.00334796705148348
0.00339481865038391 -0.0473086376300855 -0.0234501497650941 0.0137829321500538
-0.0209161308508215 -0.0383774806345775 -0.0106240942964688 0.00574424531072191
-0.0255820117785985 -0.0292576441701422 -0.00377727217150214 -0.00059559005487588
-0.0269646577870063 -0.0298519824240841 0.00383811950230441 -0.0119527182652866
-0.012046908633152 -0.0461408606719647 0.0174586146165344 -0.0183136191273063
0.0162405371046995 -0.0474049728423995 0.0358398342791751 -0.0142780131628547
0.046395982211952 -0.0396722373558456 0.0463238154964738 0.0150876183102487
0.0615652579927077 0.0132936737567915 0.0277652155462023 0.0411618554257109
0.0313882844932515 0.062434533812243 -0.011285655003731 0.0333466050284339
-0.00383869490629947 0.0781686070621086 -0.00793752302285961 -0.00323258648093625
-0.0242423108042267 0.0560255359002611 0.0113186638623683 -0.0416528904624726
-0.00113278807124468 0.0685312343974282 0.0397820671232504 -0.0515610855818569
0.0392857137642065 0.0435680232206476 0.011937543494371 -0.0641707570004592
0.0542972696275836 -0.00678141596615248 -0.0259421329014971 -0.046543835919934
0.031279519764668 -0.0361090913167026 -0.0340453249955839 -0.0138787879059458
0.00483800657066533 -0.0434069494132245 -0.0241429443612026 -0.00535490444885229
-0.0185122414562447 -0.0358088669915649 -0.018502502773641 -0.00979270663627855
-0.0230877229503054 -0.0265258473620718 -0.0137180041385747 -0.0126541711891172
-0.024411535718455 -0.0261537099066571 -0.00558162076190072 -0.0233004236959886
-0.0111489912339096 -0.0401483938679673 0.0105117314214219 -0.030663451517966
0.0138329540967241 -0.041921265114041 0.0336264156834254 -0.0278485276932679
0.0416683004474475 -0.0342329540949429 0.0477905133972621 0.00398154562941996
0.0533549995363759 0.014082001751515 0.0320436484608492 0.0321507082362606
0.0233963775077779 0.0551984386905463 -0.00763941793847386 0.0240321324288348
-0.00768501772550628 0.0650820329144423 -0.00225004938343127 -0.023376549405798
-0.0230160277855885 0.0350196573854027 0.0244926384589519 -0.0632709851093279
-0.0095384697830607 0.0487794103860874 0.0442544752816842 -0.0612964841105716
0.0236667649398305 0.0361049738765925 0.0221525154199248 -0.0639095437464154
0.0392974543208533 -0.000604550456072141 -0.0117354150912866 -0.0492546276576268
0.0242121784910188 -0.0251052752269899 -0.0239407046291326 -0.0275584403830475
0.00465277421144768 -0.0313138009692486 -0.0242080961828268 -0.0212747514159434
-0.013104263456719 -0.0268667592457901 -0.0249319362959983 -0.0220184155835759
-0.017040598247446 -0.0196743506574574 -0.0214596137579935 -0.0219547808765096
-0.0184121710269828 -0.0192405734733686 -0.0126337022948265 -0.0320865657911046
-0.00824191835888027 -0.0297099665050625 0.00534538118424657 -0.0405612578398553
0.0110213463716375 -0.0320928372022718 0.0326409246464806 -0.0362982393648987
0.0338870649119149 -0.0242939943986796 0.0484278393314562 -0.00277696343394694
0.0397663004973582 0.0157857020799815 0.0333753549931111 0.0258719836359937
0.0114181376539528 0.0433901824613823 -0.00536135609990861 0.0166320532990026
-0.0127903948032552 0.0442273789234174 0.00406718712955267 -0.0371426030301699
-0.0173352668609224 0.00703318367674825 0.0329999610045756 -0.0763802304413734
-0.0133688087474333 0.0188203863784897 0.0436149742410679 -0.0672455331105604
0.00572440688084142 0.0182317468739773 0.0259781542560525 -0.0620804746393504
0.0159535420387144 0.00197549671832023 -0.00513152197125724 -0.0500337621536341
0.0109241816967066 -0.010338471063227 -0.0185797660361681 -0.0341575519615023
0.00297060962621018 -0.0133049529778135 -0.0249070555672725 -0.0303644199353533
-0.00547615101110814 -0.0125952013513362 -0.0288096172322433 -0.0286167538337714
-0.00800936566297314 -0.00955809346410371 -0.0256775246597994 -0.0279318697567004
-0.00904444646686474 -0.0101575937169188 -0.0174770304492683 -0.0380331305458961
-0.00463609249390489 -0.0165522070541649 0.00375963576130898 -0.047819300490044
0.00690099720118826 -0.0197008742671903 0.0338373035315716 -0.0419671307923053
0.0230485492760392 -0.0124879201406867 0.0507820339909978 -0.0058176179697293
0.0224383507202473 0.0152055952164492 0.034556889527633 0.0228377279034757
-0.000508166830454808 0.0272238963942408 -0.00309041495490508 0.0130756940092776
-0.0158394665512023 0.0186200475726716 0.0102234626762439 -0.044055272848862
0.00775756076399386 0.0101518394675296 -0.0331184607926441 0.0428830375497188
0.00820805673119095 -0.00550756220246899 0.019722450336776 0.00255134231534178
-0.00261933004766448 -0.00745309191368258 -0.0142691202084554 -0.0443613148600431
-0.00610388934706481 0.0012070310405795 -0.0556241329142669 -0.0268687324310642
-0.000618631366528708 0.00449645729308725 -0.0602833242347924 0.0235064639690558
0.000104613470618481 0.00124997837763842 -0.0314799039562831 0.0495575860345819
-0.0014841895717157 0.00098911730372747 -0.00436376367656303 0.0476999750479566
-0.000928699782735026 -0.00200590120746882 0.0108610749020798 0.0413887609612049
-0.00307916613853616 -0.00420364483299557 0.0163269543927982 0.0393267955135112
0.000355673609271205 -0.00804854621259527 0.0125068842793902 0.041024676204935
0.00608261124808137 -0.00452947165910154 0.00168830837375397 0.0431633934714551
0.00821493025064643 -0.00215532118473091 -0.015929709170283 0.0482016303932878
0.00996289096596098 0.00614084885082056 -0.0469661131718285 0.0435149246113721
0.00795117368922023 0.0159109979506422 -0.0735824764276418 0.0355980948969972
-0.00191304659144161 0.0211308133367869 -0.0703935991022705 0.0519787425048038
-0.00649770965301108 0.0307614628943641 -0.0351190498494083 0.0375850743677376
0.00631788066048988 0.0191346654041283 0.0212030304664683 0.000828900780511415
0.0116452965107244 0.00688050540355634 -0.00983805369843498 -0.0480339010856645
0.0137381318557305 -0.00106656446416953 -0.0546786091420098 -0.0334156405832342
0.0124981047453902 -0.00624829207561924 -0.0631622705780176 0.0188225090165308
0.00602527333032984 -0.0141604419331234 -0.0341473993167871 0.0451921190673935
-0.00410787484870899 -0.0145421809075104 -0.00669043668080929 0.0434635219692837
-0.0046037733900098 -0.0162059270264479 0.00879290255367876 0.0369485024105422
-0.00535404102094229 -0.0202786356957455 0.0166217101005873 0.0331868646829704
0.00782978850376563 -0.0255327560072731 0.0171150662046612 0.0352117629063166
0.0240130901714344 -0.0154466699485302 0.0106314546064764 0.0409600912793997
0.0330485658295202 0.000638388285847694 -0.00582828903934583 0.0512264019592249
0.023082470358946 0.0284216109336699 -0.0372678339571498 0.0497529678323574
-0.00109638529152634 0.0446548977290198 -0.0626495198462855 0.0362979290798386
-0.0210874300602772 0.0455487156878112 -0.0584556668713982 0.0429866587327961
-0.022897890431142 0.046593474457044 -0.0293277897991378 0.0245237150283448
-0.000355375274466435 0.0437898359013542 0.0273656197283615 -0.00406586351834075
0.0232507969929298 0.0250336336988295 -0.00173150962419142 -0.054112549510861
0.0334834637213141 -9.51125277750108E-05 -0.0500943166663104 -0.0420227320400362
0.0264233473588832 -0.0161240512675574 -0.0628555525546027 0.00915996205021612
0.0124313761008711 -0.0280511876124896 -0.0357645974908469 0.0353209677289696
-0.00467704321443823 -0.0284089041066645 -0.00937045367201152 0.0331519758218892
-0.00820746795375995 -0.0276889042912468 0.00499352593647609 0.0268907685330095
-0.0084858086658638 -0.0317398797882312 0.0156693847417176 0.0210700682878828
0.0107792345243572 -0.0399237769779637 0.0217447700343443 0.0232129533927026
0.0348438469045667 -0.0267452983085793 0.0230607569979817 0.0320004715496668
0.0512099460105103 -0.00457155583255425 0.0100058773758215 0.0507143149586234
0.0381506828155556 0.0401603242413079 -0.0225220779284015 0.0553546241128517
-0.00127882332033174 0.0652938231052852 -0.0499705870332687 0.0355529073282935
-0.0320633257069576 0.0642632647907613 -0.0418073973227912 0.0290977865284422
-0.0382543425316029 0.0543839279358093 -0.0151700081460625 0.00674337752614834
-0.0113581876916825 0.0629749148957427 0.0369974133008003 -0.0121473579910049
0.0286588124895191 0.0437413459087569 0.0112864019555185 -0.057889677424658
0.0504299877183222 0.00487621527421496 -0.0389091163688131 -0.0509713632630667
0.0389177837036696 -0.0222744295676465 -0.0566852749007711 -0.00361426480308027
0.01913117834305 -0.0385578194185287 -0.0340756433829434 0.0204214972784686
-0.00444614068761761 -0.0398828303878727 -0.0119829422063247 0.0182622647705794
-0.0103594990702212 -0.0358032278627746 0.000677125607580918 0.0135860606784891
-0.0106443068274984 -0.0379701839195204 0.0127899850857246 0.00644654707914599
0.0100977467395733 -0.0478044749307748 0.02401492754054 0.00749145872295675
0.0375307002763101 -0.0353203124207424 0.034160254469339 0.0178019380819524
0.0600543016351558 -0.0124512444827902 0.0255316695731164 0.04437765306391
0.0489783352491116 0.0426060087937184 -0.00629484058957188 0.0556261183108448
0.00123144805962439 0.0739242917305417 -0.0375647153657788 0.031688937307062
-0.0365884594069827 0.0724347485753209 -0.0240818750397314 0.010791410283313
-0.0477077866592438 0.0520806674253929 0.00655913062691531 -0.0132676296227684
-0.0242056097892243 0.070935535961998 0.0490591782222277 -0.0213816384536917
0.0254236245705439 0.0574481622247733 0.0267667635433314 -0.0583908244871826
0.0576351456665974 0.0124284525318375 -0.0209968044907091 -0.0560306556389003
0.046101480347748 -0.0228187131916821 -0.0432365106068702 -0.0181707258273081
0.0234284985547755 -0.0420198597617469 -0.0285819695877916 0.00235183830841097
-0.00297212150613998 -0.0445512092979233 -0.0130526824531357 0.000530953042882186
-0.0109269243099158 -0.0380907307498061 -0.00333876506948466 -0.00179388976767879
-0.0118476684048038 -0.039072136939719 0.00920551038906919 -0.00913768173562845
0.00806519464701195 -0.047909163955601 0.0238337186773013 -0.00895033094611514
0.0356978897315641 -0.0368301704757535 0.0401725598033648 0.00249143936685152
0.0595912636860669 -0.0159162022668157 0.0368415376621362 0.0349326243071189
0.0502624754935317 0.0402611273999897 0.00682805537399288 0.0511234252486231
0.000786089089306023 0.0712415563913284 -0.0276520216981294 0.0252597600752177
-0.0375248335889504 0.0690205511992526 -0.00710915477853312 -0.00753609505039707
-0.0481217088200935 0.0402438186660463 0.0309897638991353 -0.0318837901330653
-0.0324677834780298 0.0628168439703148 0.0607568175561672 -0.0304321028289226
0.0157165366844661 0.0578958981691371 0.0403992720858932 -0.054218755212056
0.0518616294801509 0.0181880902480668 -0.00314565186506114 -0.0552493163956661
0.0445726447851086 -0.0182507245986993 -0.0257050766054158 -0.029168949679067
0.0230179234764185 -0.0376897479211092 -0.0205668853586114 -0.0158898393966712
-0.00167710783418346 -0.0408696511165933 -0.0131933337434034 -0.0166680299882773
-0.0098821261222624 -0.0347918016712106 -0.00732987414193727 -0.0169897524616687
-0.0110808223812706 -0.0343141274046129 0.0051684079561439 -0.0231559371795671
0.00655041323344382 -0.0416986095666608 0.0227390042064451 -0.0237050744197283
0.0310272755066449 -0.0328008367568866 0.0433161775207088 -0.0107085217801091
0.0527768204927036 -0.0133297672511299 0.0429899956554282 0.0254718235736258
0.042373686835055 0.0368540522088117 0.014824491778247 0.0447156405987542
-0.00300064152496617 0.0609148765069908 -0.0196647145877431 0.0181281529164108
-0.0351891977497072 0.0554714651138175 0.00797130614731723 -0.0226276484988033
-0.0380036420162782 0.0217701829090992 0.0522416771529987 -0.0460515058686873
-0.0314854663308706 0.0408355175810173 0.0683741289677596 -0.0366296458210721
0.0045333037052322 0.0439748242485383 0.0494005896976696 -0.0482782660007439
0.0350969150247561 0.0173018975135217 0.0120389756194841 -0.0512533328115443
0.0325231979983096 -0.0114143063410568 -0.0101103290531253 -0.0362952813968974
0.0174819824774263 -0.0263182018997454 -0.0130971069361674 -0.0305941557604197
-0.000745857266270526 -0.0303613190437593 -0.0136992465676554 -0.0307208451556362
-0.00712085319046581 -0.0259147971245269 -0.0102912754453522 -0.0291461502447881
-0.00822321677741198 -0.0254190943422697 0.00222334403940238 -0.0343813270712991
0.00472261370407836 -0.0308546250065854 0.0224387678362779 -0.0343984201932766
0.0242767950180149 -0.0249842047275716 0.0461566423407352 -0.0190348571311233
0.0413995240307044 -0.00783678650280818 0.0466747962411207 0.0201685703324072
0.0292605642849867 0.0324376066317237 0.0184610103515549 0.0394616131414652
-0.00887362701196968 0.0444894865768269 -0.0139382358188268 0.012875460057907
-0.0311379843642549 0.0345720906403165 0.0204331352168546 -0.0324262342308556
-0.0197820630236622 -0.000967925479817744 0.0653816117756886 -0.0544407544369138
-0.0212619135935091 0.011876628606151 0.0703734047518799 -0.0419281671089647
-0.00360787291263532 0.0194162278076142 0.0521800101362916 -0.0452221105545989
0.0128523373084099 0.0095082518731547 0.0182859469784494 -0.0482625852632937
0.0139064736094597 -0.00442000484300194 -0.0015905685850433 -0.0404859148936796
0.00821559787611734 -0.01062420212171 -0.00976179135565248 -0.0387713849651292
-8.82145534820551E-05 -0.0140750776480718 -0.0142827790984077 -0.0385369913692698
-0.00317625449252124 -0.0124827756162286 -0.0116609573314276 -0.0362529381631704
-0.00398138039381698 -0.0131528822412459 0.000315230203123587 -0.0417723093901986
0.00243810957990927 -0.0167615352775968 0.0238840286144454 -0.0413139573708783
0.014712088034406 -0.0155267155583083 0.0493250900296315 -0.0230928948959507
0.0266199309148723 -0.00186415444910295 0.0495264875296094 0.0177468842719138
0.0139267270178834 0.0245783505125558 0.0208186415086584 0.036867085808213
-0.0120734350571352 0.0245529385650336 -0.00992721428112119 0.00987119581743578
-0.0224955519608148 0.00975272022385767 0.0294438108298486 -0.0352980105157321
0.00782112486087848 0.0104041762829324 -0.0308100853537469 0.0439210643219774
0.00775194828185959 -0.00552769119068033 0.0195019491779644 0.00131959051446036
-0.00272583315995304 -0.00733766614051224 -0.0163359904317299 -0.0424074703985727
-0.00567214951464883 0.00134416356160559 -0.0561926852529626 -0.0231990989501562
-0.00012178891015126 0.00447514319696773 -0.0581849208690076 0.0262048466916222
0.00041232487965497 0.00121234232622792 -0.0282337533394395 0.0504725235325958
-0.00123040187993486 0.00136487478415766 -0.00156286047177312 0.047526506747668
-0.0010835167904448 -0.00197110975491256 0.0132614927443642 0.0398297853407762
-0.00332608075371498 -0.00418484316822239 0.018842850224876 0.0378827611129868
-0.00023224003709751 -0.00799286782087377 0.0151106687649275 0.0400833952875786
0.00580348706233447 -0.00488873302500839 0.00353835211184801 0.0428006947015244
0.00831203204134686 -0.00262676128867522 -0.013719875264067 0.0477889964102302
0.0103874651488092 0.00561891673240681 -0.0450712271537573 0.045006269585467
0.00859089503294136 0.015407845061866 -0.0708349724390862 0.0387457728817008
-0.00107009351937759 0.0208431836036047 -0.0664949615153284 0.0545828893522801
-0.00504144104154389 0.030667643301922 -0.0327876852152204 0.038416218333644
0.00677284485349834 0.0185595990499157 0.021512309278688 0.000136714156808655
0.0119799901636738 0.00598877914369958 -0.0126704732198324 -0.0469402481467803
0.0132948259485962 -0.00178440437152408 -0.0555772221674572 -0.0295545359297054
0.011965291585392 -0.00696399543748759 -0.0610538286202837 0.0217558311604451
0.00481229582561921 -0.0142912889796931 -0.0309747579175376 0.0465372627628241
-0.00443087135078627 -0.0141205952509164 -0.00394179355170576 0.0426674562038956
-0.00578062100720807 -0.0155721551063028 0.0110438546042497 0.035724488811654
-0.00658443943407005 -0.0191626313929193 0.0189976232733748 0.0315573324418191
0.00590953837222788 -0.0260825187280157 0.0189826753232654 0.0341665515036773
0.0231727453304115 -0.0162984055983314 0.0124871163857125 0.0401651354292112
0.0323134598434444 -0.00092137287808703 -0.00338733990460309 0.0507866858137087
0.0244421337524045 0.0273521624866401 -0.0347126528609973 0.0506311182572495
0.00106275297063954 0.0444326607136265 -0.0601878736429937 0.0392030214924761
-0.0183153904956814 0.0459140258828648 -0.0557671149867342 0.0455685076288539
-0.020467684056681 0.0468473873617328 -0.0277696641856013 0.0255810063996601
0.00203618326014354 0.0430841014579145 0.027424096614016 -0.00496776501411065
0.0238552561475702 0.0234072433889862 -0.00433595308643122 -0.0525203835041222
0.0327498698139212 -0.00234842857516326 -0.0511243423235044 -0.0387857954918423
0.0248983032144814 -0.0173559121215003 -0.0611495271060691 0.0126193967139325
0.0104413001142201 -0.0284119258369676 -0.0328297937645029 0.0366919535487198
-0.00659894278678379 -0.0280781882774695 -0.00761159690495984 0.0328485224639238
-0.00942591461281163 -0.0269399647007134 0.00639506808389146 0.026295091489472
-0.0100418619188051 -0.0306258855927494 0.0170496258410237 0.0197648577345159
0.00808780123134943 -0.0404291236258831 0.0230003443670926 0.0218333311080495
0.0330249975751001 -0.0286737992929514 0.024238355957811 0.0308678717936431
0.0499327827628627 -0.00752786001393626 0.0122099116216391 0.0494721323922289
0.040137163608625 0.0378340246812774 -0.0197710052986964 0.0553028277224553
0.00202804330327869 0.0646335702562368 -0.0472781816350767 0.0378231631353135
-0.028472240482696 0.0648515954283901 -0.0401271563101416 0.0307656233522288
-0.0352560576035776 0.0551921427567639 -0.0143257120796509 0.00768115690237613
-0.00788594363030098 0.0631850350067888 0.0366442154750883 -0.0129683165269707
0.030447707837139 0.0414847469996856 0.0082890707574009 -0.0572797772390357
0.0496432939912373 0.00176202792260462 -0.040462277588939 -0.0482374968623617
0.0368786787874312 -0.0243544837276167 -0.0553463369570099 -0.000587073915874312
0.0162860846091103 -0.0389296567682463 -0.0323403063107998 0.022232321617562
-0.00688926744407536 -0.0388656010193567 -0.0108648687085751 0.0184049308504166
-0.0121189671472054 -0.0345578300210229 0.00177385014326445 0.0133439560654048
-0.0129153641013123 -0.036593109193664 0.01301430972434 0.00559923270391077
0.00714637208383801 -0.0474550194589609 0.0246115322678535 0.00608446218892401
0.0350812243112215 -0.0368510522154784 0.0343243722571822 0.0157242880863377
0.0582027241302865 -0.0156352324307394 0.027615460105943 0.0428616540205627
0.0509517202255464 0.0395391464431074 -0.00364806182300129 0.0546923232097728
0.00465164109724338 0.0730432739649762 -0.0357020527584454 0.0331111185018624
-0.0324397333392758 0.0732956191349597 -0.0236786448137856 0.012257030266533
-0.04499004488903 0.053103684403019 0.00567533866836654 -0.0131875281005703
-0.0200641631566623 0.0710831235345387 0.0472749837506341 -0.0227741335064345
0.0276723360401168 0.0550605145981355 0.0235229422605344 -0.0583144677010844
0.0571827002896959 0.0093001575651755 -0.0232867291829659 -0.0535257058371469
0.0439854375162632 -0.0252825689131651 -0.042551361622119 -0.0150866703553272
0.020141939035433 -0.0427337205605535 -0.0276573097287514 0.00380508802243619
-0.00586716955698103 -0.0431601840196261 -0.0129889693250628 0.00140531113565936
-0.0128746394205375 -0.0367511062974245 -0.00379236842664978 -0.00150405548037123
-0.0140215271649581 -0.0371479811376481 0.00828496291668867 -0.00931269105100496
0.0054164032460278 -0.047346159222095 0.0233669347869115 -0.0102020606808272
0.0332271980234024 -0.0387513409168229 0.0399720205247288 0.000780864207180088
0.0574405500937052 -0.0193413563757281 0.0382493485898926 0.0326853123318882
0.0518657366765423 0.0366109519950555 0.00899192022461775 0.0495882272485156
0.00475070422479949 0.0704430119193686 -0.0260650320737568 0.0263031565569349
-0.0337529250052041 0.0698248225213177 -0.00814719037852059 -0.00678118908990693
-0.0457318384823706 0.0418704458077434 0.028993970286173 -0.0328153953549159
-0.0284917616908784 0.0635474452857009 0.0584753956909353 -0.0322977191239246
0.0182780619339445 0.0561745617780515 0.0371252704590802 -0.0550719438324265
0.0517254598249221 0.0149596122618987 -0.00513368068705768 -0.0542415552614375
0.042318023398423 -0.0206503230995029 -0.0259082271196874 -0.0269277926164286
0.0200191170957357 -0.0383842398452802 -0.0210346414087192 -0.0145790429966374
-0.00436737341154743 -0.0400720912521492 -0.0146533294594278 -0.0162977505066235
-0.0117982706630077 -0.033724817524857 -0.00838831971101485 -0.0156917381274454
-0.0126110691385605 -0.0331253674270235 0.00377038150246009 -0.0228319146207749
0.00394835134315302 -0.0409875322123473 0.0209085985765086 -0.0243600469365684
0.0289150768849244 -0.0346870576151623 0.0423320783420377 -0.0127834836517842
0.050781744609043 -0.0164255079194464 0.0441944995713029 0.0230583805308012
0.0439125952660004 0.0338374486543945 0.0168077564437703 0.0427667110914109
0.000177154524697562 0.0600803486647131 -0.0187360864237111 0.0187689340503604
-0.0323647054245135 0.0561812508833914 0.00570564684262266 -0.0226249819667485
-0.0364112727916502 0.0229419663588083 0.0495917677951672 -0.0478531622160383
-0.0287534404235579 0.0419759803604473 0.0659651685946652 -0.0390736170689407
0.00639223392531219 0.0429165118830147 0.0467000530405685 -0.0498876897903362
0.0356307345794095 0.0148997361015975 0.00942010358813815 -0.0507850766203038
0.0313930003853865 -0.013126021747287 -0.0110335891813086 -0.0348528653691918
0.0152777799589296 -0.0269472250690693 -0.0144336603317846 -0.0295049624631998
-0.00293576263847142 -0.0293752980991376 -0.0155396060163509 -0.0295350237006088
-0.00855792210183631 -0.0250052088018805 -0.0120172904175705 -0.0275917669243558
-0.0094456272653288 -0.0246437495721089 1.73693615063078E-05 -0.0338966517939275
0.00311809621070043 -0.0301866149555091 0.0204021062384511 -0.0350452114145155
0.0223647290491315 -0.026112991193069 0.0445574371259241 -0.0214377778209829
0.0400987618831501 -0.0103727070838912 0.0472029893136361 0.0171375707744653
0.0304101026394073 0.029923446116033 0.0204058459491195 0.0377960240457971
-0.00621694953058734 0.0443905303454846 -0.0132884969505641 0.0134686833434242
-0.0288655289699497 0.0350542638658607 0.0179632075024637 -0.03269106289909
-0.0195855351609607 0.000117262674972059 0.0617260822833784 -0.0571568962733984
-0.0205847066941775 0.0127511525985353 0.0671991073181386 -0.0440982804340693
-0.00280299475534943 0.0193083258800395 0.0496997070130533 -0.0467445719318007
0.0130054547265043 0.00852617155397502 0.0158235466460515 -0.0483374408106236
0.0131704460149851 -0.00456250782722114 -0.00321536229775239 -0.0392683913794241
0.00704597629383594 -0.0109250517331908 -0.0116800843899452 -0.0374084261382774
-0.000630337290352282 -0.013501945941089 -0.0170839717117573 -0.0370598706331745
-0.0038110382171562 -0.0118885194244325 -0.014082543025715 -0.0344720919530333
-0.00464599668842849 -0.0126283226509147 -0.00189209751323604 -0.0408857114248715
0.00186747493285468 -0.0166403285536142 0.0207774579213325 -0.0418736224942059
0.0135291271943215 -0.0158512989784309 0.0477448990086883 -0.025739714852181
0.0257086506364048 -0.00319315151879444 0.0500239834603319 0.0149943079078146
0.0153359683397238 0.0227095023267466 0.0220070248060961 0.0352368704121063
-0.0110027072347829 0.024684217158907 -0.00974694290086558 0.0105449071663631
-0.0217216626608772 0.0105469783236723 0.0263891838871882 -0.0360181928654801
0.00765863761112158 0.00990428764796806 -0.028294371858326 0.0439803840998703
0.00712940721981386 -0.00582734322970386 0.0194793036766906 0.00123326641697629
-0.00291762834550645 -0.00688009530795696 -0.017131976903269 -0.0406718500221523
-0.00533688813410664 0.0015886486155182 -0.0556866105949208 -0.0205996897083127
0.00016309253063275 0.00417035816909257 -0.0548852479703625 0.0276455552361565
0.000554177717534863 0.00123588010059806 -0.0251587138544751 0.0505233849821174
-0.00073928981688638 0.00128005798652961 0.000363677777190632 0.0461798282212017
-0.000956370314289768 -0.00163745640030024 0.0145701542072788 0.0378884960536831
-0.00365180034708507 -0.00387795209579642 0.0200835833157486 0.0362915350377056
-0.000766335240655411 -0.00779254291526766 0.0165248291058048 0.0390524009734632
0.00595845128707858 -0.00520047624408139 0.00486068672334943 0.0423713259372929
0.00842233594586702 -0.00246094515645829 -0.0120336681451128 0.0468052862735332
0.0105758723910275 0.00541220370676342 -0.0426294558952553 0.0450018962445766
0.0087612473192993 0.0147346374981481 -0.0676646813306627 0.0399014156191134
-0.000829675657327112 0.0204087905383264 -0.063014180998293 0.0555297809168022
-0.00410796427319889 0.0302671376621145 -0.0303690060444162 0.0387731568335202
0.00770290267187398 0.0179402523289344 0.0211910649118803 -0.000315262304863263
0.0113818038236834 0.00560763883270138 -0.0137920232120912 -0.0447122982809736
0.0125541386090979 -0.00247154030618708 -0.055464068901441 -0.0269784859978821
0.0116065136385607 -0.00738369274959866 -0.058609275017676 0.0233293045891028
0.00430904105432128 -0.0138478643010822 -0.0281947221163694 0.046227401594804
-0.00520798917731332 -0.0133400471922481 -0.00275097912830572 0.0417838935517349
-0.00629855891624606 -0.0148965351298948 0.0121323784293127 0.0340611514917637
-0.00729028502365897 -0.0182446165543723 0.019891828308807 0.0299827710387929
0.00466858817649941 -0.0258792475213464 0.0202007757602886 0.0330609836700447
0.0220876439103855 -0.0171008916054178 0.0134951840517538 0.0388181590889937
0.031645245404542 -0.00249685495736598 -0.00179706678423896 0.0494152117741288
0.0246813143247065 0.0257831926439429 -0.0328374996623695 0.0501224914570961
0.00242722101644897 0.0435329076496347 -0.0572203292061452 0.0401512128145983
-0.0164853042318762 0.0449886731050569 -0.0527495237160578 0.0464546167219904
-0.0189798871494044 0.0463416715128401 -0.0257812217494839 0.0261640791825407
0.00363573142867258 0.0421344134129231 0.0269218368552894 -0.00516301951315316
0.023903903257559 0.0216657167892464 -0.00592468366559826 -0.0506657595633168
0.0316047680424096 -0.00366299188608748 -0.0511141494407248 -0.0363227907054824
0.0236008174716382 -0.0181075059532875 -0.0585760788251104 0.0147234673164157
0.00878917793909435 -0.02819327199071 -0.030210832606206 0.0372014940669872
-0.00756796498560676 -0.0271535046583426 -0.00636468831915089 0.0323402442957956
-0.0102058837900812 -0.0257762390890702 0.00737067820925236 0.0254156204606681
-0.0113527480850505 -0.0295038235345281 0.016887665209496 0.0187330273832255
0.00579548191585152 -0.0397537469935899 0.0235964056774116 0.0206653997544547
0.0310098521927521 -0.0297046496220887 0.0253417820491516 0.0294100479882711
0.0485609544220877 -0.00915744815079002 0.0136611248265494 0.048195338187003
0.0407114951491218 0.0355323757064464 -0.0177492187385054 0.0540768212343924
0.00423747253608113 0.0629427416280844 -0.0450671631282987 0.0380516436776276
-0.0259942303711984 0.0639506529933743 -0.0386220774670622 0.0321147888726894
-0.0327779692513165 0.054666280119257 -0.0131521401090169 0.00831541104286313
-0.0054188866292899 0.062030506203296 0.0358942735275882 -0.0132519055175494
0.0306074421360236 0.0393971354791281 0.00658056915416441 -0.0556399305069196
0.0479469972803028 -0.000297765810132715 -0.0403120260502525 -0.0453844161021693
0.0348086929289467 -0.025149137440036 -0.0534696315596065 0.00176365197914428
0.0140611946366226 -0.0384267287300291 -0.0301177151169851 0.0227329029470508
-0.0088172681220374 -0.0374185988199247 -0.00992205555655316 0.0183823334251641
-0.0130321185934838 -0.0331681311908664 0.00199063991412504 0.0128222656466264
-0.0141802576571593 -0.0350739257558868 0.0128915331827398 0.00500588655209622
0.00489562839656298 -0.0463749595667331 0.0244010234520551 0.00495654794556091
0.0332380559353226 -0.0378378740460878 0.03413667296294 0.0147595715394148
0.0556461391212656 -0.0178696264224666 0.0285525604583845 0.0408088865816432
0.0512262741658502 0.0367038673288432 -0.00246602610892369 0.0531165298524666
0.00735273358604779 0.0711541648693858 -0.0338010429067561 0.0333075682704479
-0.0295842680866009 0.0723095158446879 -0.0232197502942293 0.013021618316802
-0.0422641457745079 0.053250967741299 0.00594350070756459 -0.0128416072668232
-0.0167671236853322 0.0705412940224896 0.0458837161392739 -0.022859994366458
0.0287990662750351 0.0522820441948666 0.0214690599190516 -0.0571156421170674
0.0556858427881263 0.00650362947614197 -0.0240585976163415 -0.0518439287327451
0.0419256615703961 -0.0263124402408736 -0.0412909239166904 -0.0127793851983316
0.017792149218415 -0.042294333790707 -0.02651482889746 0.00440761278139822
-0.00791163782999882 -0.041898579255195 -0.0129106587276214 0.00159082561012025
-0.0141488957700505 -0.0350508983779908 -0.00341510865465391 -0.00116433608687226
-0.0150537660229714 -0.0352032095223381 0.00787659956721706 -0.00924652552386986
0.00302029166435991 -0.0465288590232446 0.0226219904409212 -0.0103205789297073
0.030700776052344 -0.0391813215661828 0.0390744600437449 -0.00116397246921596
0.0549345208845269 -0.0213412900358205 0.03871785712142 0.0305668280674227
0.0515935503582723 0.0340794354944971 0.0104323236060418 0.0477830444252353
0.00704079909544772 0.0689742268018417 -0.0246089481910358 0.0264106916443309
-0.0306124636432802 0.0690915359502067 -0.00865965065107569 -0.00568106669814464
-0.0430763090133438 0.0423178096269529 0.0276736679822023 -0.0330275356431221
-0.0252129233325566 0.0631782873607431 0.0560360765001503 -0.0325547094870617
0.0194291190335861 0.0538856801316438 0.0350210116407277 -0.0542063368355906
0.0508240771918248 0.0125012090906405 -0.00598567942453886 -0.0524108682373834
0.0402651677763317 -0.0219150563497534 -0.0253329672971057 -0.0249858033041656
0.0177339938271991 -0.0380373509597169 -0.0208102827935196 -0.0136038277630864
-0.00630187125630291 -0.0387082855553079 -0.0152878295141359 -0.0148419240880812
-0.0125958348314484 -0.0320916155627596 -0.00876492042219095 -0.0149341439614126
-0.0135828676043713 -0.0311835028429494 0.00269631911963725 -0.0224979046651933
0.00193963894144937 -0.0399474078816994 0.0199598395744229 -0.024476014265869
0.0266141713108903 -0.0347004607563999 0.0406713319867019 -0.0138707769130292
0.0484856219982143 -0.0181137106137975 0.0439729098530017 0.020992032507676
0.0438126118602119 0.0313334060197439 0.0175645385357429 0.0404929074300066
0.00211551042101567 0.0588042196698484 -0.0179205510435498 0.0189406178752276
-0.0293089423271602 0.0555536003342754 0.00414774930886452 -0.0219120694159828
-0.0347328586079739 0.0231711288898454 0.0466676586861374 -0.0479727845329859
-0.0267169366875501 0.0421656611471304 0.0630227213096838 -0.0390947724164834
0.00759392189424856 0.0415065174753326 0.0442473753019698 -0.0495548471134808
0.035096512962211 0.013063007900105 0.00797285728582299 -0.0498153543663575
0.0295272823687241 -0.0141737713906753 -0.011041195148532 -0.0334652585474722
0.0138481688687463 -0.0267833460899674 -0.0150948913615058 -0.0286084654770259
-0.00421282958652902 -0.0285892896835909 -0.0168574149891947 -0.0277177111634768
-0.00922130712000168 -0.0238339347959852 -0.0126743667518679 -0.0258515642100163
-0.0101278304076528 -0.0233026558479797 -0.000812141306407943 -0.033094949618995
0.00169351624044147 -0.029413606039348 0.0182806243361515 -0.0346707952614806
0.0205172169184316 -0.0263206788944878 0.0428178879029203 -0.0221989423404467
0.0381791488746341 -0.0115274768076762 0.0470032510786298 0.0151134394550419
0.0309462066250868 0.0280994401432536 0.0213286909186199 0.0355849394769726
-0.00469059677721222 0.043453242152912 -0.0128245658122392 0.0135154847186388
-0.0267699213920917 0.0346883252487918 0.0152890275494091 -0.0319633175190198
-0.0193475566797439 0.000987165304035632 0.0583960793995559 -0.0573919822925417
-0.0197052663622537 0.0130281428142958 0.0640268090085591 -0.0442277135315218
-0.00182653739383029 0.0188397408527007 0.0470766714012428 -0.046876696227783
0.0130029552183431 0.00811637479605436 0.0139838595432021 -0.0474226451100786
0.0125071251034128 -0.00517903690289043 -0.00407157579534737 -0.0382967313101691
0.00658328713658982 -0.0107491545689097 -0.0130228636607453 -0.0364699557928517
-0.00138482972549851 -0.0129201630102593 -0.0181496146878517 -0.0350959766939056
-0.00397490264422936 -0.0116392201875936 -0.0149272299061139 -0.0324781838956154
-0.0044604453242127 -0.0124176875015862 -0.00320714159865972 -0.0391789130613929
0.00114056352540696 -0.016016908549938 0.0187986859174032 -0.0414669527213518
0.0124576629313086 -0.0157829140172246 0.045612028303702 -0.0270277541917406
0.0245071435012469 -0.00427962162479441 0.0494614213333828 0.0131536204311189
0.0156926235421747 0.0217400538018044 0.0224036171261597 0.0335894407873234
-0.00981810866436214 0.0241799361376279 -0.00936564139900115 0.0107246282314281
-0.0206389194673308 0.0105939817576377 0.0237052491342753 -0.0357474003605725
0.00742646546118416 0.00982977306537792 -0.0265625177960045 0.0433645572130715
0.00720056046854793 -0.0058482114008985 0.0196275337645963 0.00123268158406094
-0.00285484686493983 -0.0066461107405206 -0.0171671464930993 -0.0395476844335375
-0.00524574818562406 0.0013785526364511 -0.0550176803294848 -0.0192066428957559
6.54658469204584E-05 0.00389067204101561 -0.0533640005876291 0.0282343929821035
0.000785171441636875 0.00110178147673373 -0.0229608372310823 0.0498769210838775
-0.00103173582405118 0.000783074870250932 0.00190253616124093 0.0449646572869979
-0.001040432835702 -0.00183243338135205 0.015379558548374 0.0367992085195771
-0.0035687806872264 -0.0035741742599334 0.020728571863674 0.0346662742751148
-0.00072037491501386 -0.00773027493238275 0.017309291203479 0.0378103858718518
0.00544123734884074 -0.00546086278487834 0.00545378150572137 0.0413735665306298
0.00818533321605792 -0.00272147630573295 -0.0108362375466967 0.0457879301590143
0.0102927734139087 0.00509092060000371 -0.0412984684472254 0.044641400200927
0.00911408115504057 0.0138043159267018 -0.0655821596703949 0.0402177401238343
-0.00036674919295976 0.0197684238192574 -0.0602140283600888 0.0556045781364596
-0.00419196275257161 0.029714139721525 -0.0287052736189056 0.0383278811525364
0.00798217714104381 0.0172731402669355 0.0212877117797378 -0.000295005163550948
0.0114312663917343 0.00544706010513291 -0.0143441224975596 -0.0433614453402577
0.0123240170598458 -0.00318349335809351 -0.0546870967047733 -0.0255131264971869
0.010879960398749 -0.00783859393030972 -0.0562730640661982 0.0238383887503197
0.00387357877083705 -0.0137517211053424 -0.0259515203041634 0.045911445705485
-0.00532170289504487 -0.0130286136304323 -0.00149187443012435 0.0406846114881006
-0.00645184333135509 -0.014369635519201 0.0126894981642931 0.0328998246127603
-0.00746325939580273 -0.0177231690617376 0.0202448338923133 0.0286549033496642
0.00403198023461958 -0.0254230746393279 0.0206284622426327 0.0318073763832127
0.0214077257642738 -0.0175365946801278 0.0141468342886167 0.0382076610849569
0.0307863601570146 -0.00291586274588608 -0.000956323058424455 0.0484015547831213
0.0249059043208665 0.0247344764942375 -0.0315816828810259 0.0496997148270423
0.00332837342170812 0.0422591988011892 -0.0550225547511478 0.0404180627720283
-0.0159379369235822 0.0443805146645934 -0.0504806988446322 0.0466355314313062
-0.0178133896170091 0.0455201341054155 -0.0243924838637272 0.0258617368281037
0.0043748963127564 0.0413067088524938 0.0264906751193688 -0.00519722961822426
0.0237704408051038 0.020611259900475 -0.00624083659000037 -0.049053900876442
0.0304295469067925 -0.00445344073168687 -0.0504152750196108 -0.0342334115557194
0.0225710365017792 -0.0185802361377917 -0.056305000204364 0.0154364389834995
0.00784713887356579 -0.0276232383864635 -0.0283379157296405 0.0368663443462866
-0.00818010695144399 -0.0261256603884753 -0.00549287380180205 0.0318745892355214
-0.010829351782115 -0.0248605808675003 0.00807659691129749 0.0241581124436753
-0.0117456166286423 -0.028413078550833 0.017298118129905 0.0178469947159807
0.00453342160323513 -0.039004846455279 0.0238544001699401 0.0197312171050838
0.0295389841538021 -0.0298541031237444 0.0251276268962627 0.0282127811665551
0.0472822257329099 -0.0103350931135331 0.0142332586646411 0.0467777198816022
0.0406982617165903 0.0341332221732056 -0.0171589934073695 0.0528716577737004
0.00535756331096064 0.0620739826772807 -0.0433968781610417 0.0382252684792461
-0.0239880757781436 0.0625448945025286 -0.0370202373274007 0.0318777949032458
-0.0314234338015805 0.0539324470004351 -0.0121792510902664 0.00851364387692611
-0.00389094347734691 0.0604914499645029 0.0352298471525751 -0.0129368449642241
0.030466232669616 0.0379227848094938 0.00564789092660341 -0.054044872331282
0.0463491173750118 -0.00194146269307383 -0.040506048337789 -0.0435201996467649
0.0331522552714974 -0.0256613652156645 -0.0512809715513352 0.0030123211760091
0.0125141235120611 -0.0380640859926367 -0.0284152200480958 0.0226784925816154
-0.00954062945989519 -0.0359935824658525 -0.00942981100930142 0.0181610369948706
-0.0136552143275308 -0.031654299985439 0.00226706676870875 0.0125419002746143
-0.0145322800556221 -0.0336406393616175 0.0128508284868273 0.00457368145951317
0.00329370209862469 -0.0457217264769295 0.0243029029053787 0.00439837022626645
0.0314899475359753 -0.0382737995553628 0.0337479486693033 0.0135472640787069
0.0542861535148992 -0.0186672266509598 0.0289454304004428 0.0394325069088889
0.0508036866539068 0.0347417655667339 -0.00111263246360711 0.0515207637772551
0.00871269759565105 0.0694190047317727 -0.0325328655766703 0.0331774759489384
-0.0274689120625495 0.0706843696148665 -0.0229288653399647 0.0135766528409752
-0.0408382704508062 0.0527653031622276 0.00579259987633497 -0.0124147337863319
-0.0145905875223187 0.06949354876696 0.0453583199997487 -0.0227841136752838
0.0288804390696997 0.0507813910629663 0.0203686628428064 -0.0561049314505851
0.0540109442684526 0.00488079643818416 -0.0245347937199123 -0.050502004006785
0.0399220444645119 -0.026999474845156 -0.0399449760378001 -0.0114206980858784
0.0162671721570863 -0.0420273253915656 -0.0256299187556838 0.00471759808247025
-0.0091257296485307 -0.0404150920098235 -0.0129030865646443 0.00199279584721732
-0.0146750216016355 -0.0338420233689387 -0.00348978320379985 -0.00102001708182808
-0.0159121841593173 -0.0339286729937298 0.00744243522363906 -0.00935012654845004
0.00172023037398683 -0.0455045415547117 0.0220603950289157 -0.0107351005359222
0.0290332632305614 -0.0396011107016769 0.0382870214063517 -0.00154696690968568
0.0529568692666031 -0.0219681834057229 0.0386823240015396 0.0288319620052693
0.0516941302969377 0.0318474716805595 0.0110826760329548 0.0460784538758668
0.00870724253650516 0.067130805936791 -0.0237476286004545 0.0263384205071557
-0.0285202633671483 0.0675754371024217 -0.00928879466160641 -0.0053132716645165
-0.0416185068756831 0.0421109291945374 0.0266815593459824 -0.0323017636428998
-0.0231314359762792 0.0624154617185057 0.0550229555619897 -0.0321251405431188
0.0196488030476995 0.0522172510331256 0.0338951570041684 -0.0534949579983199
0.0496864449336018 0.0110447824756165 -0.00672976933710665 -0.0510712240001425
0.0387292669354201 -0.0223090357383068 -0.0245543096605067 -0.0237948510846879
0.0160578279836482 -0.0377466603993188 -0.0203485213696031 -0.0133647652489906
-0.00744516300749687 -0.0369431692121856 -0.0157190809037367 -0.0143271032756029
-0.0131818861392761 -0.0305649348184625 -0.00894362591401496 -0.0139938714864921
-0.0141612279202244 -0.0297040236065517 0.00215746917397067 -0.0220538511247211
0.000837061689874893 -0.0392511544987413 0.0189884410971496 -0.0240265903050042
0.0248888164124466 -0.0347683906106118 0.0399924533355304 -0.0142824505613061
0.0462466882009927 -0.0191678205717203 0.04361686297554 0.0198607633594806
0.0433682496458965 0.0294689572339335 0.0180950803324039 0.0390781678311997
0.0034383451889632 0.057138750481572 -0.0171515900704596 0.0192769220067997
-0.0273620975789186 0.054531258186974 0.00265567448006102 -0.0210276151045166
-0.0335891331373298 0.0238157973800421 0.0452109907407276 -0.0476370615322233
-0.0249741294828722 0.0418967539819957 0.0616139167951876 -0.0388724338973333
0.00798770308131874 0.0401528574297315 0.0426309852089549 -0.0492993444725605
0.0345637676268721 0.0120366292995002 0.00731137570908123 -0.0484539388060481
0.0287087563888511 -0.0143530231206214 -0.0108795918029851 -0.0326077766058712
0.012581533621711 -0.0263592304961616 -0.0157963778944057 -0.0278790016923011
-0.00487737961672487 -0.027284385835053 -0.0176550280840732 -0.0269616650404186
-0.00966447934666084 -0.0226336426569028 -0.0131552765187058 -0.0242945925559702
-0.0103597040716967 -0.0222734180611762 -0.00172542606732759 -0.0316432322100201
0.00105003199480963 -0.0286861812776038 0.0172085070921178 -0.0341609146054292
0.0192162723589053 -0.0262872174631627 0.0414898087613378 -0.0226014101433877
0.0364359308142893 -0.0122223140484949 0.0463887232282734 0.0141542520091759
0.0306845312988177 0.0263675826780481 0.0211335374796489 0.034177334524668
-0.00378826709675791 0.0425800658403629 -0.0122252268925191 0.0134951002048876
-0.0254687702002264 0.0342444967887293 0.0133024660883947 -0.0315598455235583
-0.0184636027801459 0.00098586210021493 0.0561849839549288 -0.0570352314845135
-0.018780561790114 0.0132045988887614 0.0621811944119905 -0.0438097093329161
-0.00185624759842242 0.018005960769296 0.0455600956251942 -0.0465907077868485
0.0124542014028619 0.00725734901732709 0.0132409011048545 -0.0461439344104298
0.0118449500982655 -0.00529683054269599 -0.00411471302157572 -0.0371082250240125
0.0059573690797771 -0.0104986424156816 -0.0136071280689631 -0.0356311354229387
-0.00159568476611451 -0.0124259266553508 -0.0190040944302571 -0.0336021955834441
-0.00412129586262047 -0.0107719441648554 -0.0149789214938566 -0.0309598536916714
-0.00501927351724977 -0.0114980487562826 -0.00398889519951844 -0.0380910386415001
0.000547284519417908 -0.0158662071530225 0.0173882901138803 -0.0407104807324728
0.0115496165752141 -0.0157082848053526 0.0442674072379152 -0.0274873679468507
0.0236785486785815 -0.00486419784212761 0.0485873162598487 0.0113139640324196
0.0152908142645047 0.0209725848801482 0.0226036930341249 0.0318949874800691
-0.00919248073112778 0.0237640350191763 -0.00924177892319049 0.0108065860424609
-0.0200652945778162 0.010599953943034 0.0217318877792819 -0.0350748129563144
0.00767533240832061 0.00995960256710937 -0.0251775325279359 0.0431008554207215
0.00720585992747233 -0.0058173643153144 0.0201784141177979 0.000917693251191826
-0.00286307005876843 -0.00641584743129923 -0.0177627308447913 -0.0379632286707939
-0.00521882498605195 0.00156189528276781 -0.0539965132958976 -0.0180035757043399
0.000337648711552231 0.00420164918202491 -0.052287218696702 0.0285607365546651
0.000896477882895282 0.000858662551042299 -0.0212267975696362 0.0496280985903554
-0.000641842633249074 0.00080025047836979 0.00260461931104299 0.0441038356872187
-0.0010357862061892 -0.00202784818472562 0.0158280114177791 0.0354812239347424
-0.00376578177985147 -0.00346440289772088 0.0211429597060637 0.033745484778171
-0.00102252211173087 -0.00735281391076334 0.0179167321306555 0.0371008853517608
0.00523657014344898 -0.00596644498261499 0.00604228909793793 0.0409318845324473
0.00788242736816899 -0.00276985127578589 -0.0104955123779715 0.0448810555899662
0.0102553621576191 0.00489865951577017 -0.0405158940035544 0.0444283391538409
0.00860252202433444 0.0133903562038667 -0.0633453212040298 0.0404016676351724
-0.000291097227587846 0.0193640576627751 -0.0584395218390803 0.0554528950671218
-0.00351360245121531 0.0295775256730539 -0.0274909394800061 0.0382578155429535
0.00829623650022984 0.0168652103580894 0.0217538977560138 -0.000620412113137374
0.0110327259229876 0.00529946498927103 -0.0142815780621245 -0.0418749210814919
0.011747276086845 -0.00303624392220432 -0.0543335836513226 -0.0241283752663752
0.0109866394675907 -0.00794763714566193 -0.0548793179057876 0.0245018939841194
0.00327520015275759 -0.0138315245426862 -0.0243701462713148 0.045784167069016
-0.0054884317184947 -0.0126627050645901 -0.000380466975833481 0.0404273330784845
-0.00638894524109732 -0.0142706032696276 0.0127476909491715 0.0320588957393872
-0.0075472412710732 -0.0170910742391627 0.0203229565955936 0.0275301188076429
0.00310120746392235 -0.0252030668493629 0.0216308364959576 0.0313050224405064
0.0205375034325343 -0.0183243678770954 0.014866098363017 0.0380472183577445
0.0304342837417658 -0.00298062185575734 -0.000284174461044425 0.0472278498511567
0.0254651406936494 0.0241108755871816 -0.0306835905997198 0.0493250684915791
0.00436245978561879 0.0415309396049165 -0.0538868942639263 0.0403724485184092
-0.0150359619630679 0.0433363176812902 -0.0488456454360928 0.0465923840735293
-0.0170455114544049 0.0449319527852856 -0.0234775670579896 0.0260323181590444
0.0050892991180781 0.0401268098476377 0.0272464416021411 -0.00502047287162133
0.0232858674375821 0.0199801820106037 -0.00634623907755138 -0.0481355301411556
0.0298224170658415 -0.00512680041264807 -0.0501416918125047 -0.0331379736442427
0.0221921268013313 -0.0187142317056429 -0.0548632148901767 0.0160702018319688
0.00709004212800977 -0.0272835503382929 -0.0268675773277838 0.0368337938440508
-0.00915348457137368 -0.0252832916329991 -0.00483107249437385 0.0316723551079413
-0.0110006895772441 -0.023912988924423 0.00859649248744583 0.0233646041591948
-0.0122910424350207 -0.027269515686092 0.0177610697073255 0.0173750414724457
0.00352782252791309 -0.0388262183034382 0.0246396813447438 0.0190711475159578
0.0289232929100059 -0.0303466921819623 0.0251251113903321 0.027358131735052
0.0458662429078631 -0.0114904362783687 0.0146254574322611 0.0458887013676237
0.0406980762280684 0.0330562422927408 -0.0162121115684508 0.0520954476559951
0.00638253506597028 0.061326037877238 -0.0418014832204544 0.0383535060684134
-0.0227654992845055 0.0624725324850544 -0.0361654885111859 0.0320362308749945
-0.0307256772224498 0.053145436096327 -0.0118992111813309 0.00837852365939692
-0.00251308244803988 0.0598823011718142 0.0352293327967581 -0.0132164316326877
0.0302339882408965 0.0368480231387657 0.0061160411844556 -0.0530070156966453
0.0453270594871345 -0.00263037461018841 -0.0400170866697728 -0.0421708679653488
0.0320899952202403 -0.0259698662947911 -0.0495593954277799 0.00404444920677947
0.0113379591935021 -0.0378408999577787 -0.027158407940667 0.0228128745577564
-0.0105529567814901 -0.0350068187266275 -0.00910325780924933 0.0179571193687405
-0.0140425967366142 -0.0306542525366131 0.00262482382716861 0.0123295105981299
-0.0152702105411734 -0.0324541491123219 0.012928661468494 0.00421678557340043
0.00179621423244812 -0.0449830564742596 0.0244099128514908 0.00370528836472087
0.0300956730387813 -0.0383944979301175 0.0336288131056142 0.0127840400229701
0.0525541018864336 -0.0198803202603009 0.0291854899713336 0.0382131621002772
0.0510402253710832 0.0331536288738835 -0.000995013878743018 0.0504580545216921
0.00976415023577807 0.0686342885264592 -0.0311641293822909 0.0333877454591734
-0.0263968298591289 0.0699202181936922 -0.0226542680205425 0.0141908969420919
-0.0397977803657071 0.0525035654245451 0.0057352091783441 -0.0122592236119704
-0.0134420521185033 0.0685678780989018 0.0443828263949392 -0.0220672197478458
0.0287189591964397 0.0494937448955583 0.0200204537121028 -0.0551359169048109
0.0531939312335489 0.00395673219818418 -0.0241395580847617 -0.0491014617294748
0.0384418024183456 -0.0273376299850789 -0.0380476113151643 -0.010736677622593
0.0142710974836169 -0.041440328271058 -0.0246849498527781 0.00483174730532627
-0.0101186127733037 -0.0391102560836903 -0.0128866665022851 0.00248217025148925
-0.0150830640423363 -0.0329230721900505 -0.00333558800956226 -0.00085443750024251
-0.0161591434438198 -0.032517817301955 0.00748928710100942 -0.00943356515548113
0.00051597455512387 -0.0448786113309154 0.022259307295106 -0.011167667577308
0.0280902804626894 -0.0396787899897043 0.0375096733507379 -0.00242113528404272
0.0517000302688083 -0.0231395858767775 0.0390802797798238 0.0279079773711226
0.0513254647887165 0.0302761801450387 0.0110507110038832 0.0451266794479311
0.00989772775512411 0.0660556136818385 -0.022742261606386 0.0261725972336771
-0.0269676432359823 0.0670841196324279 -0.0094162102992366 -0.00467049079069523
-0.0411563985663427 0.0419127308680129 0.0259662649653525 -0.0319338620213286
-0.0216094155358742 0.0620311529562898 0.0536379101700611 -0.0317205142407792
0.0199932565397646 0.051185090673084 0.0332096781966132 -0.0529480955799836
0.0490495932529229 0.0099874299692563 -0.00695947147198002 -0.0504402402080748
0.037529063496623 -0.0230378897503598 -0.0238250547080558 -0.0230975663900273
0.0149154421850777 -0.0373538707981412 -0.0207011830979478 -0.0131164945866171
-0.00821913516888253 -0.0358652428204373 -0.0162483622867396 -0.0132670540442542
-0.0137932038692723 -0.0299711677823804 -0.00865077493654268 -0.0127983129017084
-0.014593476546339 -0.0287711653113577 0.00161327354970088 -0.0219049884798665
-0.000232760381931423 -0.0387266702312394 0.0186422957078232 -0.0240661688695385
0.0237003925744448 -0.0349295428164301 0.0389227533675816 -0.015107525059867
0.0448248130830099 -0.0199536808567738 0.0439538591042613 0.0188121727464802
0.0436139016610879 0.0278106111626883 0.0178715496546126 0.0378689024984955
0.00501356716139611 0.0563105872597799 -0.0165460319294289 0.0189321025028457
-0.0262570705292583 0.0539472201337806 0.00188945209871666 -0.0204542207338586
-0.0328603547180277 0.0238653328102156 0.044009913938019 -0.0476332375040539
-0.0235551148506187 0.041959241941966 0.0601394869002862 -0.0385413567347088
0.0083560638436887 0.0397027061476948 0.0420467834339728 -0.0489241213730859
0.0339444430536335 0.0112064703747251 0.00657864317938934 -0.047490964015724
0.0276281975546176 -0.0148184183277121 -0.0104405430268395 -0.0319811866113855
0.0116496881389432 -0.0258402233454642 -0.0159710993254287 -0.0276611579137645
-0.00535727597067762 -0.0263516412221628 -0.0184137095138516 -0.0256337975022351
-0.0101565448968979 -0.0220558988457818 -0.013473039541052 -0.0235916893856264
-0.0106777743055583 -0.0213520869370412 -0.00282024847812039 -0.0312540866152647
0.000403856742136048 -0.0282817023634916 0.0161347059527415 -0.0338140577418785
0.0182495444884128 -0.0263322585566886 0.0403997383871247 -0.0231315452560595
0.0351602378987929 -0.0128581628582659 0.0464210912190064 0.0131623379482008
0.0302823914588199 0.0251504867041972 0.02179813806111 0.0329675026766159
-0.00256805108539349 0.0420517353522283 -0.0121867577789508 0.0131240643702894
-0.0247670964406639 0.034018970441507 0.0122409984105007 -0.030753347159814
-0.0180229885091621 0.00129936407629526 0.0542554820921702 -0.0563577771986844
-0.0184555878205509 0.0135167796420935 0.060567141503185 -0.0435617991212217
-0.00172299614477668 0.0180453510433362 0.0441731517846293 -0.0464152746143195
0.0122952343789278 0.00710707303702156 0.0125666744855033 -0.0456695777180905
0.0111135868973236 -0.00558451103036434 -0.00449412835394724 -0.0367151761923816
0.00553214741629506 -0.0105523620934413 -0.0142626682726915 -0.0351564927685333
-0.00149740176207399 -0.0118575052096856 -0.0197484290309 -0.032666989365432
-0.00411942281588345 -0.0108649394268407 -0.0154568332124431 -0.0293353798533057
-0.00481973918897321 -0.0115841239904652 -0.00463450438898313 -0.0372978559492211
0.000580975110893941 -0.0156774189486605 0.0166089526740815 -0.0404936797662537
0.0109604920931903 -0.01533280854174 0.0431441638676851 -0.0281700244050087
0.0225363837112961 -0.00531974286677367 0.0481739471664914 0.0105332039159218
0.0156156872438461 0.0197108852938136 0.0224648796033545 0.0311772953017401
-0.00895970504110521 0.0234652665895936 -0.00916539423488729 0.0108274831421264
-0.0198892276954966 0.010615173715159 0.0203988189437347 -0.0346268548564612
0.00535863703840661 0.0106241458044677 -0.0323745928525802 0.0379614304429038
0.00801699211604701 -0.00412405682527644 0.0196605272497904 0.00495136463528321
-0.000824739898456282 -0.00676763611158743 -0.00900980951673733 -0.0398499132806186
-0.00438235073658089 0.000121498498064851 -0.0489346055798164 -0.0275179741707313
0.000590580786658555 0.00318310728104264 -0.0555725016173124 0.0176042495796511
0.000839483795072846 0.000757380554764314 -0.0295507670736641 0.0439335919052963
-0.000616005340234306 0.000527854655614328 -0.00585744030801623 0.0433679788086987
-0.000616046029143504 -0.00246404512969959 0.00834258318555873 0.0371738719421099
-0.00264921751455036 -0.00366917227337876 0.0145171767845282 0.0365541776150596
0.000631048509950384 -0.0076597494511334 0.0101938394837628 0.039285081150402
0.00683291356651184 -0.0045316856239333 -0.00239307428033304 0.0407692376431717
0.00854601449452679 -0.000687634386214161 -0.0198492613352764 0.04088841420642
0.00905329334000454 0.00773702968021405 -0.0489490744097081 0.0352378035037715
0.00537633797943218 0.0158075800623444 -0.0704537949213874 0.0270582319954434
-0.00410481079740569 0.0183541309230078 -0.0696568374353067 0.0418938835504047
-0.00940166768430437 0.0267532406440126 -0.033532621398317 0.032162141736496
0.00482042188389663 0.0174013380663612 0.0211830394419182 0.00426485285750626
0.0101391982011519 0.00673279224642912 -0.00553574975172947 -0.0428546003973121
0.012079868355847 -0.00122470021315282 -0.047558818661422 -0.0332697807506118
0.0119187847664765 -0.00647571371937906 -0.0571628002850051 0.0132723779238715
0.0058710949202093 -0.0131129895361403 -0.0322690024035484 0.0395702142786242
-0.00252903443647322 -0.0129353015576028 -0.00808805131534613 0.0388369119688998
-0.00309771315396697 -0.015553181606947 0.00618532477302722 0.0331243972937193
-0.0042605572688842 -0.018209037144015 0.0146646950913306 0.0306683514946624
0.00776912672694279 -0.0239214694834286 0.015124866756334 0.0338245663122591
0.024071795744568 -0.0134919183749071 0.00715874711984915 0.0389918821958855
0.0302665683100068 0.00302254151346607 -0.00930631245384992 0.0455926845648878
0.0191703719947347 0.0298212590378673 -0.0397779912256323 0.0420500587296909
-0.00475168480615154 0.0414737959095257 -0.0617015243695829 0.0293272830753979
-0.0235478278343389 0.0387187360353906 -0.0586933936836788 0.0360013889910032
-0.0253808025791427 0.0387438179005886 -0.02772171370236 0.0214005913172798
-0.00235892248278809 0.0396647338599759 0.0261311708391859 0.000256143010627447
0.0190409786019984 0.0236005316002354 0.00269046006510627 -0.0459963117493068
0.0289970737121469 0.000594629777687575 -0.0417319149530269 -0.0409998229241763
0.0248019761795965 -0.0141235189521534 -0.0554692747648093 0.00580016870208153
0.0121668730567974 -0.0251441013622979 -0.0325301170175304 0.0311154389534249
-0.00376536320479896 -0.0260004287423072 -0.0106934239340587 0.0296666063919666
-0.00591190889152514 -0.0256634242657361 0.00358412698959566 0.024442712298108
-0.00603259070016902 -0.0288295545224219 0.0137718458955269 0.0198628867807461
0.0107811639945917 -0.036378481273156 0.0202133274113059 0.0227630823402487
0.0337566223242879 -0.0236888672817791 0.0200045364016346 0.0308036595812042
0.0463904080053946 -0.000924194668832499 0.0060331231826821 0.0468785818037238
0.0323024034517062 0.0415949127662281 -0.025054402927642 0.0483734317175539
-0.0067549710558286 0.0608227660808906 -0.0498496837009829 0.0299046038145391
-0.0355458417846367 0.0545064727433576 -0.0432594514451374 0.0244331055750054
-0.0396236697631898 0.0438765849665579 -0.0131565506333327 0.00667077362770939
-0.0131625877127568 0.0570516620204896 0.0351807643078018 -0.00581516453871246
0.022389728868815 0.041099679379066 0.015257931766729 -0.0489059229098529
0.043337711388412 0.00614241564299523 -0.0300825233826318 -0.0475995384112275
0.0358642507850834 -0.0190612870143074 -0.0483931683512538 -0.0049844880284099
0.0179240953294143 -0.0342974994652778 -0.0298581289755967 0.0170364898348003
-0.00365142753027238 -0.0351985147428156 -0.0121132929590985 0.0158066151256584
-0.00747663001533256 -0.032870789758982 0.000257845478830196 0.0125554200864068
-0.00794249220534836 -0.034151733422709 0.0120114481469407 0.00618637122926996
0.0103243328426561 -0.0428553174374574 0.0232721753071828 0.00825730109712613
0.0365547831957981 -0.03150942274485 0.0310263942984621 0.0177156800511675
0.054635986402616 -0.00789376814925346 0.0219781250032532 0.0424072189142378
0.042428777210247 0.0437918493151205 -0.00954708226625158 0.0496262831294139
-0.00487041093486239 0.0685819740750339 -0.0382018766083792 0.0269323898960994
-0.040234410645235 0.0618650620295475 -0.0257373329405558 0.00947591569639356
-0.0480663609845613 0.0419317229774825 0.00723337709421112 -0.0102285616285603
-0.0245723453774079 0.0633724568703806 0.0457666154756176 -0.0140430613735354
0.0181680084501779 0.053291546372653 0.0285169633363105 -0.0472881356870841
0.0488141245859286 0.0135446947346529 -0.0137760640528402 -0.0506660283214609
0.0421006377447412 -0.0189641423278345 -0.035202403348395 -0.0170851329984308
0.0216641729681119 -0.0367505817052455 -0.0241727706651223 0.00027737532911958
-0.00300980060232448 -0.0386974480595042 -0.013117031843823 -0.000457046279414242
-0.0082054992539541 -0.0349620068675942 -0.00273064397681833 -0.00113235669922804
-0.00901823516038529 -0.034279798994619 0.00872429475978593 -0.00759620405564828
0.00878668431638012 -0.0429491224780073 0.0240696094436628 -0.00663170922884744
0.0345174531713569 -0.0329152668145144 0.0381834939988634 0.00377271316711783
0.0536285290596485 -0.0116383818885666 0.033499308467133 0.0341282316794731
0.0433725555219288 0.0409035382173686 0.00293350141346049 0.04685551415975
-0.00432612169555839 0.0663330829213631 -0.02839637556876 0.0219941583159917
-0.0401076596123104 0.058755099473554 -0.00881532470063316 -0.00604418941826742
-0.0467829381939515 0.0319078825635059 0.0306977763486292 -0.0258513668685746
-0.0314649291222502 0.0557100331474764 0.0562988857989444 -0.0217276209986221
0.00949626660916379 0.0532506704829186 0.0401711453432744 -0.043337576027783
0.0440745879849096 0.0184892133457488 0.00282397926619036 -0.0484074296826097
0.0400459018669329 -0.0147920900972397 -0.0182884999564583 -0.0264149768335794
0.021163198956884 -0.032221647517118 -0.0169198066825627 -0.0163436368326354
-0.00172467300009647 -0.0356601410499197 -0.0132627184152556 -0.0164914481294502
-0.00732642883676425 -0.0314855980195418 -0.0059381904081854 -0.0144866928554236
-0.00806333558782022 -0.0301011152861684 0.00600936655445901 -0.0206600502654285
0.00702748532207441 -0.0370804279111387 0.0233248992314063 -0.0198052463164797
0.029869364308858 -0.029182050424953 0.0417647685934542 -0.00793467318537266
0.0465067875863499 -0.0098907765549025 0.0397476570692449 0.0264877169995253
0.0361241928355936 0.0364538339555588 0.0114685413753308 0.0412703640261839
-0.00725712683532366 0.0555067889696435 -0.0213517525039979 0.0158943428882931
-0.037074590180606 0.046347346216887 0.00627036121881143 -0.0195643821563759
-0.0356594677938355 0.0167656953654178 0.0513103113707062 -0.0372591462749658
-0.0301676052519489 0.0360768944437163 0.064079994704752 -0.0268623201107947
0.000851853098314154 0.0402907877862193 0.0489472032251197 -0.038641094144059
0.0298801004880669 0.0171180442831834 0.0154234493874045 -0.0434394744086997
0.0288892691013852 -0.00852796439603471 -0.00425459208317989 -0.032838568122419
0.0159840711728997 -0.0223064305061377 -0.0101032205282494 -0.0298137765544572
-0.000613736800350616 -0.0261286483515216 -0.0129837822257429 -0.028950487878199
-0.00513259863205438 -0.0234480627331775 -0.00843876895751547 -0.0247019521569381
-0.00556940747483139 -0.0221863965373349 0.00358487291417846 -0.0304922670672767
0.00571703755390198 -0.0268644317968408 0.0231460408653679 -0.0292248277984351
0.0226341697421459 -0.0212954207004734 0.0444497377652934 -0.0153910312024678
0.0362690170837405 -0.00493590074772289 0.0434427695093863 0.0216749671801503
0.024262270461546 0.0310845302597744 0.0151511841354782 0.0370858070289724
-0.0114450922041931 0.0400105320990113 -0.0156931260898282 0.0111275295577117
-0.0313077698670441 0.0273843815107552 0.0180201698143358 -0.0271516756699511
-0.0171126887312064 -0.00120339473238868 0.063363213809858 -0.0442891526442384
-0.0196675957746521 0.0100222722189522 0.0664235175266076 -0.0315065221227287
-0.00475198538395852 0.0180717678000723 0.0514281020550761 -0.0359231291399941
0.0105878249390664 0.00973840931236079 0.0207949582494693 -0.0408311329848487
0.0121756381703718 -0.00267788934577192 0.00284153771730481 -0.0361436609822932
0.00745551919386997 -0.00882516468385782 -0.00727057343797598 -0.0373378070536098
0.000459823272866043 -0.0117347888569887 -0.0132516130907651 -0.0360513620389488
-0.00199617364751524 -0.0115999060156147 -0.00943535617870561 -0.031123147170277
-0.00211523713822753 -0.0113949465913703 0.0028347228379917 -0.0364697280825291
0.00355084403612404 -0.0144342750716448 0.024486356226768 -0.0353900793860682
0.0137208946174006 -0.0128899408480371 0.0471635082446314 -0.0193420099895695
0.0226105073061846 -0.000550728673556579 0.0455259217082901 0.0201931240875982
0.0106627893836592 0.0224145626195935 0.0164897628661113 0.0350441313610327
-0.0137768049106508 0.0206580102934153 -0.0120760856291068 0.008900258862847
-0.0214401374952268 0.00583546871284002 0.0265812728665581 -0.0298399016260053
0.00517771655858538 0.0102220330387759 -0.0312171687083452 0.0371556908234964
0.00738183472006311 -0.00391631367272893 0.0199624122271658 0.00470814425248188
-0.000719055936653139 -0.00647335848911829 -0.00885552803792927 -0.0386519459544467
-0.00416634445280279 1.81286946693186E-05 -0.0484457697940037 -0.0268693426747561
0.000386464507109765 0.0026411122906139 -0.054271663532275 0.0177213542695189
0.000746571774313342 0.000569512496798839 -0.0282211957186348 0.0432149994446627
-0.000499808975981055 0.000813091848872649 -0.00453052142381695 0.0426553810759563
-0.00037436730587105 -0.0027839259068321 0.00890008987252249 0.0355315630059779
-0.00256793942334923 -0.00364244033232067 0.0153268659153213 0.035062490917872
8.12317617061196E-05 -0.00705396751683752 0.0109533228432531 0.0382759992569408
0.00649142920636099 -0.00469628531646045 -0.00172947282280466 0.040362229645613
0.00846454390291521 -0.00116837650747998 -0.0187455720323113 0.0397353583665522
0.00889993510343077 0.00763506207078641 -0.047627877410167 0.0341997322570648
0.00576914263393052 0.0148833293737464 -0.0683418906816272 0.0269976962440523
-0.00406090113651418 0.0178626965046505 -0.0670536649581504 0.0416913222155491
-0.00891950730741936 0.0261169981888698 -0.0323609640268313 0.0323673382111769
0.00494800729086301 0.0175168169112766 0.021333608959908 0.00373362243052246
0.0101066946398467 0.00679121100094025 -0.00521223145776847 -0.041559200420748
0.0119848148268209 -0.000881577397957867 -0.0465368825559526 -0.0317972559180324
0.0121241342431047 -0.00650093555067116 -0.0554787533556291 0.0138535648062648
0.00580383339660437 -0.0130382435749959 -0.0304153072572198 0.0390051445718635
-0.00292847958836957 -0.0127622843699827 -0.00711857759852215 0.0381002527114701
-0.00366114834927282 -0.0151905760494735 0.00706619378877541 0.0323010469788656
-0.00416082351879758 -0.0176859667300498 0.0151833476659193 0.0298418077298864
0.00697877807100401 -0.0233423040870051 0.0156002836002056 0.0329284949413465
0.023293947558159 -0.013635933294717 0.00738494993749461 0.0383438988914638
0.0298638108047248 0.00246575969202538 -0.00841598500015375 0.0443169979495159
0.0193607226111866 0.0284921753063956 -0.0384817317229596 0.0413208408646088
-0.00411502538942366 0.040550221186496 -0.059492110118186 0.0293315424037417
-0.022539153991336 0.0379222358258716 -0.0567454970294927 0.0356309575568941
-0.0246897139555803 0.0379761950407288 -0.0261276629538621 0.0212084407502741
-0.0015166746820896 0.0386673842540539 0.0265277056306756 -4.28454166269507E-05
0.0186661025379178 0.0230392582217527 0.00291056671538003 -0.0449167158682105
0.0283305803510185 5.86072926328139E-05 -0.0412498035600006 -0.0391916009552077
0.0236219874590495 -0.014444874176287 -0.0542030062969115 0.00645649304261803
0.0112596030736619 -0.0250614199165875 -0.0312165820160846 0.0303159871989554
-0.00453604869116556 -0.0250495702705514 -0.00958914991264806 0.0289732951678595
-0.00620005631704626 -0.0251289736328712 0.00406858937178622 0.0237157571053744
-0.00675928706882162 -0.027526752246015 0.0139940749502877 0.0192880978119391
0.00987847094520337 -0.0353447600257739 0.0210151136211906 0.0218118290065681
0.032730650352147 -0.0242158552292016 0.020043061275586 0.030014237541577
0.0454357420479822 -0.00202646004174346 0.0067123012228724 0.0454530181486374
0.0323491762729749 0.039994138526253 -0.0247087752687704 0.0470797703605949
-0.00572252787985606 0.0595097678333594 -0.0483161676122942 0.0293708121685264
-0.0341599238121575 0.053261801455119 -0.0418842996930152 0.0248268636976251
-0.0386500624600105 0.0436819000663648 -0.0124294025234863 0.00666127753379091
-0.0115441404060406 0.0556952730107671 0.0344374420190572 -0.0065225595359714
0.0220067482602706 0.0401617319777256 0.014475367391476 -0.0473533448015809
0.0420928795726434 0.00506634716225091 -0.0299693345682796 -0.0457444322856018
0.034781682683413 -0.0191507447535081 -0.0467730420397486 -0.00434761243333198
0.0166968570511567 -0.033602762590801 -0.0287771984987076 0.0167520120987049
-0.00428217670890061 -0.0337347747969385 -0.0120286063648499 0.0153016046873095
-0.00829007149833934 -0.031885901530198 0.000575441962236796 0.0120653680468686
-0.00846847098612629 -0.0330228603453421 0.0116340066487322 0.00622938457342641
0.00877403503341496 -0.0422173339395976 0.0240056238235375 0.00742093968120295
0.0349497236990411 -0.0316706415559032 0.0309762711987597 0.0170967197121207
0.0526034641983966 -0.00913731341326354 0.0227739155966827 0.0409061747008705
0.0422021060890093 0.0421063651655167 -0.00908993833655365 0.0482028240828296
-0.00386172057850462 0.0675265632849822 -0.0369103443683239 0.0265621397471571
-0.0384847970429564 0.0606753884721581 -0.0252119352395157 0.0100974440179846
-0.0467458852601274 0.041525848263148 0.00747489496142422 -0.00961165230511383
-0.0231488258663513 0.0624935182452001 0.0451286915364378 -0.0139882611713105
0.018216874855706 0.0520556959992266 0.028291148801307 -0.046795424893426
0.0482448768153529 0.0126911456178625 -0.0138619473055687 -0.0493638310297044
0.04073969437112 -0.0193980001189107 -0.0340676437763584 -0.0159902056138428
0.020003936120735 -0.0365871340028772 -0.0237559654254015 3.51602356019156E-05
-0.00374974788679399 -0.0378636346136948 -0.0132593694029756 -6.40561004580335E-05
-0.00889120754630019 -0.033709201020636 -0.00260533076237537 -0.00102259863764662
-0.00921086610263752 -0.0331404727394706 0.00819784759763812 -0.00768431450039615
0.00740574913128001 -0.0417850249653901 0.023780801976785 -0.00685257063364057
0.0332447229191038 -0.0335758914711666 0.0370285216596555 0.00304763096903765
0.0515621215972923 -0.0122605652446916 0.0336431033670758 0.0328792466496715
0.0428854350808586 0.0391843705113981 0.00319105293655347 0.0454901121652497
-0.00312285708401404 0.0650738028485732 -0.0278379321664169 0.0212478644474537
-0.0381735503727667 0.0574457897342242 -0.00880687498090761 -0.00546394363570395
-0.0457375788044322 0.0315401703243249 0.029872818855602 -0.0254564146820975
-0.0297473261304617 0.0548820863473134 0.0554952037314215 -0.0214731852146511
0.00978763815948468 0.052211944801904 0.0395878980304792 -0.0424450053054886
0.0429004606023621 0.0174087880762488 0.00231479518045708 -0.0471371925914864
0.0385353470515625 -0.0148950942737783 -0.0179579983453244 -0.0258015243645358
0.0195727044589081 -0.0321810084099526 -0.0167286332324955 -0.0160383369872409
-0.00242330878772868 -0.0344363177453111 -0.0132666338278118 -0.0157537237728552
-0.00772652085622065 -0.0307323582900952 -0.00570987334735849 -0.0135495990014953
-0.00863498737537321 -0.0294297589223318 0.00564233157389531 -0.0202983275136067
0.00644236746514567 -0.0361843358741687 0.0225129437280434 -0.0197597934548113
0.0286647174709778 -0.0292847971530507 0.040484970278625 -0.00865800742063411
0.0446640826065027 -0.0104454056597814 0.0399610932070898 0.0256640902641888
0.0363383103300994 0.0347691141982127 0.0112972501404153 0.0396065693700023
-0.00643804232637857 0.0544278458978927 -0.0204371272274803 0.0159175157164767
-0.0354872953272718 0.0452421694917136 0.00532646256076451 -0.0184087347100473
-0.0346825539213638 0.0165562227933398 0.0496150399987049 -0.0367562729525133
-0.0287242867810388 0.0358805093735859 0.062493245109131 -0.0267263261201428
0.00121201197289018 0.0389024996533325 0.0473262450704308 -0.0380411595361873
0.0291327045290621 0.0165488580570259 0.0150258241074961 -0.0421195337065106
0.0280140702692279 -0.00909931267298253 -0.00418659415834018 -0.03170796001163
0.015172289556639 -0.0222445242056718 -0.0109476251357125 -0.0298403206168104
-0.00134055241142436 -0.0250847866168297 -0.0135682054812632 -0.0279746895330681
-0.00571199355346624 -0.0225312427810632 -0.00803729096665921 -0.023769273149368
-0.00598372857281505 -0.02151425673279 0.00334254468019749 -0.0296399028531589
0.00498191225943271 -0.0265711205207353 0.0219978687440574 -0.0288705572744225
0.021903708484986 -0.0211679825997777 0.0429306900360036 -0.0157868873103808
0.0348358191953476 -0.00592309938620144 0.0430231254606479 0.0203903971581997
0.0238977135390694 0.0297485194857225 0.0154652452935254 0.0355055242303904
-0.010693911944321 0.0392141758347143 -0.0156898929759288 0.0112107059351771
-0.0296727814649535 0.0266467681285935 0.0169782966263004 -0.0271732821496882
-0.0166897587591682 -0.000747668115870216 0.0615889659903934 -0.0435156578044415
-0.0190707345930041 0.0103993761716007 0.0645838016805716 -0.0307033865463022
-0.00441007827665516 0.0177117314572135 0.049616057270083 -0.0356061063128617
0.0109584793418439 0.00906720471757103 0.0203411774281928 -0.0398293269600595
0.0115526015856997 -0.00263612331882084 0.00233847745717929 -0.0353425774832673
0.00711350284957701 -0.0082598751139286 -0.0083061344587998 -0.0368731617491454
-0.000196642057559429 -0.0108161455817697 -0.0136990567368645 -0.0347499769627685
-0.00231762457478339 -0.0106296169476174 -0.00926817609713217 -0.0302988404704606
-0.00247890158184032 -0.0109941372333005 0.0021701305012709 -0.0352988525153504
0.00315527364337321 -0.0145136798144272 0.0228967532751638 -0.0349653317518998
0.0129085589920915 -0.0124403210465918 0.0457698083867066 -0.01961644965971
0.0214596427903642 -0.000688908756665499 0.0452240912311817 0.0189125057340625
0.0109950723924153 0.0215032031064535 0.0163120823668685 0.0344294172820773
-0.0130047588550804 0.0200685596974704 -0.0117385419498111 0.00947170464626271
-0.0207325946062795 0.0059789208266719 0.0253901491413758 -0.0289174941256506
0.00527801613249409 0.0100947198069805 -0.0300760201647817 0.0369001002619385
0.00736419295876546 -0.00427836346490971 0.0202728130320871 0.00479411950635516
-0.000511504462115777 -0.00655481771074279 -0.00867371824602012 -0.0379823486652567
-0.00402499161019536 1.83478702160598E-05 -0.0470142054230429 -0.0260022044000219
0.00044512763953976 0.00255285371988103 -0.0532158262239559 0.0174464105106473
0.00101334139038419 9.24803419522023E-06 -0.0265531288298926 0.0419627885479403
-0.000435317270965928 0.000576148663839248 -0.00376876762053609 0.0415752020764492
-0.000625607926603659 -0.00258264885446656 0.00882764852779725 0.0346900535366937
-0.00199288293234429 -0.00367478540397406 0.015111498069868 0.033972834710874
0.000310549216657914 -0.00706817534590734 0.0112585668182804 0.0372717512303555
0.00613889488637881 -0.00465461818284376 -0.00201156873839668 0.0390874618104746
0.00821483017848189 -0.00086299233079234 -0.0191825559474153 0.0390165272970232
0.00914659099734546 0.007489601078097 -0.0472945202103182 0.0333380194072936
0.00557796698891514 0.0145127293279067 -0.0664538600373606 0.0255193671617953
-0.00439397505655369 0.0172359844410118 -0.0657421159879761 0.0405958609987205
-0.0088544382263256 0.025543178238655 -0.0312218002910232 0.0313714328388699
0.00537596547951259 0.0166859504652578 0.0217687742204133 0.00379489186174263
0.00986189251282918 0.00636352599865374 -0.00487593435785554 -0.0402055252363078
0.0113666191732413 -0.0016973931258823 -0.0454052599216239 -0.031121435994749
0.0113249757652381 -0.00676497342724464 -0.0544732952932771 0.0134544388584164
0.00568946773060354 -0.0129875602267609 -0.0288180687380072 0.0376824380989426
-0.00283377755985231 -0.0127285248455379 -0.00645959687412494 0.0370739123078154
-0.00394597493053768 -0.0148718762723285 0.00723810904341591 0.0312165576435375
-0.00453664750481833 -0.0173391587018949 0.0157460095266842 0.0286549302155769
0.00668131505645744 -0.0228823972941763 0.0158838829648089 0.0326555989806518
0.0225150772580505 -0.0142637927064397 0.0075855348879774 0.0375020365724717
0.029104669162514 0.00222786920035389 -0.00880076751600762 0.0431920270031216
0.018649028694714 0.0283891981553798 -0.0379954309437648 0.0401311305052362
-0.00414681885831242 0.039924143768866 -0.0578707871626493 0.0285194935983695
-0.0225793923972565 0.0365707416545939 -0.0558365106816976 0.0347296413607401
-0.0243018218299103 0.0370204007907058 -0.0253961382666897 0.0209195330188765
-0.00147381868225768 0.0376941837763186 0.0270083968798313 0.00066480670050745
0.0179613260355495 0.0221862791383208 0.00274135298227014 -0.0435180731173358
0.0274165534127229 -0.000183159279796397 -0.0400411462470635 -0.0382560929926221
0.0230146738893612 -0.0147810575493264 -0.0525442091565608 0.00626525230541842
0.0106905795134035 -0.0246288502083652 -0.0298972309514193 0.0287621664761333
-0.00414014684242209 -0.0243746440762762 -0.00913976264989641 0.0282657690481256
-0.00629318685055838 -0.0247572522478599 0.00433920480125105 0.0231760013114087
-0.00673349355638479 -0.0270674797519438 0.0140271096870228 0.0187481976833163
0.00893398284857976 -0.0345442462906554 0.0208493122366654 0.0211369542908864
0.0320351088635844 -0.0236760050290238 0.0199280216847279 0.0295483798912754
0.0445185817577173 -0.00187059682969773 0.00656631681681386 0.0444194796432212
0.0317957463488664 0.0389274810464062 -0.024210590712727 0.0458601657503827
-0.00549094697877109 0.058285082333808 -0.0468962135921347 0.0286097193012617
-0.0337857669585011 0.0513899006488774 -0.041093663406514 0.0246360805434692
-0.0382446093307379 0.0423317107463194 -0.0119926514826228 0.00664812754852978
-0.0110383345352117 0.0545920427838849 0.0347151236860583 -0.00580924596654708
0.021453002472662 0.0389838334111081 0.0143800376788316 -0.045812695135121
0.0408949921506163 0.00464028096397637 -0.0288401066704057 -0.0447973709599502
0.0334707332030674 -0.0189269936803473 -0.0451146634056193 -0.00430927908081216
0.0158044519274566 -0.0332111212168719 -0.0282536843497192 0.0163534209604247
-0.00444005277581667 -0.032923243714156 -0.0115631559649404 0.0149821936496454
-0.0079614873518462 -0.0311833493286171 0.00113278989194926 0.011885566579881
-0.00903031347705179 -0.0320093715335792 0.0118775258873963 0.00600219291219326
0.00800144818432626 -0.0411881269584623 0.0237352667648028 0.00739021322127948
0.0342692036197113 -0.031607546893598 0.0302497020442227 0.016684344570346
0.0512721931592252 -0.00918597076598864 0.0223188231124855 0.0401037888566151
0.0412794857457433 0.0411614649603032 -0.0091378306338989 0.0470857688197338
-0.00357016941918313 0.0660886624638687 -0.0358298229124657 0.0258528559541292
-0.0379230788156591 0.0584503986237234 -0.0247036094814626 0.0100461037180652
-0.0458524394413963 0.0401275247990795 0.00778311746181742 -0.00971895437991551
-0.022290359703833 0.060830792696761 0.0444209593707839 -0.0133436500061269
0.0179129398780284 0.0508389250568449 0.027190682312377 -0.0449609870151827
0.0467341098772679 0.012066659971638 -0.0132152780146988 -0.0480478549511756
0.0394450872862993 -0.0191892547440986 -0.0320666580081913 -0.0157064232396536
0.0195557254652063 -0.0356651568234485 -0.0232878736865653 -0.000117057043904393
-0.00412358307027001 -0.0362521094723262 -0.0130148303872204 -0.000359107780928682
-0.00890183771109025 -0.0331096763747519 -0.0025450954051255 -0.00108375401522187
-0.00931919695124893 -0.0316519981390436 0.00847508115582377 -0.00756123681043069
0.00680858318160523 -0.0409721373780728 0.0236321095670036 -0.00693839360249082
0.0321401013019394 -0.0327998143305272 0.0364513169861718 0.00278650241396773
0.0501075240162956 -0.0125110762189229 0.0325796447181609 0.0319330645691473
0.0420776897289078 0.0378653755064057 0.00300826095087673 0.0439497937067373
-0.00294640926917017 0.0631529621467657 -0.0270679142133318 0.0210859401559598
-0.0378482832289624 0.0555124926670225 -0.00918694989190562 -0.00515031489269533
-0.0443501911442426 0.0304337910103933 0.0302126934599057 -0.0244737335100053
-0.0288636046946781 0.05398051409991 0.0543602833196395 -0.0205502629752542
0.00995007036447161 0.0510750491361339 0.0387478218462404 -0.0407890634480843
0.0420531376421674 0.0167154766897459 0.00319822993980452 -0.0456606397185621
0.0375603148538631 -0.0149575811305013 -0.0164345896361426 -0.0252692952214209
0.0189582290831385 -0.0316413820944076 -0.0166338650503873 -0.0163424118184776
-0.00270916454077908 -0.0336017153952137 -0.0134368892878814 -0.0156624268191261
-0.00839609794869512 -0.0296978535948319 -0.00553148125213182 -0.0134141374270706
-0.0083809967089854 -0.0280420179869658 0.00517797456500127 -0.019668056458304
0.0054824587540882 -0.034929361676042 0.0224029360051201 -0.0194511574376396
0.0274872572706242 -0.0287558582628167 0.0393755366439321 -0.00816441609588937
0.0433901629280743 -0.0105816506791349 0.03940201025045 0.0246824844616802
0.0349825842650164 0.0337851126642925 0.0107621760648447 0.0386398070059994
-0.00597562747486023 0.0527868272646994 -0.0205808770888996 0.015196148907972
-0.0343763880259387 0.0435340585495274 0.00422518344771666 -0.0176936452716145
-0.0340102026883643 0.0160884937632018 0.0490466746719501 -0.0354959512135798
-0.0279432020976772 0.0351158864755946 0.0614971634224846 -0.0254049195165879
0.000974255456683005 0.0388784154964492 0.0459596693080956 -0.0361440502301236
0.0283532096416142 0.0160787887893775 0.0155422864755123 -0.0411877308657924
0.0274662809583728 -0.00884700873031432 -0.00303378556903029 -0.0313562829585149
0.0146370689821204 -0.0218266138709757 -0.010823142048892 -0.0292762006734222
-0.00128993834666485 -0.0241932025018735 -0.0134591003308525 -0.0268804995254385
-0.00554587993653323 -0.0223420561667611 -0.00813249207736004 -0.0235989709924616
-0.00558799549886994 -0.0210249623448559 0.00301572124128454 -0.0290310688412128
0.00441515823391729 -0.025572132631163 0.021514432235038 -0.0286846715952458
0.020946724372934 -0.0213230338237411 0.0417388114315108 -0.015519382556421
0.0336803318718964 -0.00564061159549139 0.0424317301463093 0.0197264861367123
0.0232867205081306 0.0285850584701242 0.0147632701031954 0.0346615760129078
-0.0103325062316705 0.0378939203026261 -0.0149991596105467 0.0105126434407839
-0.029370093891346 0.0263534309152653 0.0159685234297723 -0.0253977904945137
-0.0164311269936861 -0.00113862037112467 0.0607647178739417 -0.0420861768399078
-0.0185449123732704 0.00994861114078267 0.0631037611696919 -0.029506254088142
-0.00394071946689472 0.0171341595461245 0.048898954840523 -0.0343302167912118
0.00995360730854491 0.00869403090566243 0.0203199228005217 -0.0381526444717154
0.0109331906064321 -0.00275484435643244 0.00313635585944235 -0.0345707240032585
0.0069972438773052 -0.00778688818244855 -0.00878338785582172 -0.0361706068643463
-0.000178902307941372 -0.0107730178168669 -0.0136184197277874 -0.0338204802799093
-0.00249949754296774 -0.0105543886119511 -0.00933234414231901 -0.029397859956653
-0.00237890990890005 -0.0107636051325645 0.00218809223448958 -0.0347933325053036
0.00279665107008736 -0.0137861252174247 0.0222656637469376 -0.0340772745483759
0.0119743939612535 -0.0120399074071843 0.0446011066475991 -0.0191731803608077
0.02089887892215 -0.00110258850784051 0.0437824082184457 0.0177703741814025
0.0106654617420108 0.0210990729999538 0.0160363338236414 0.0329262540789272
-0.0127073922582328 0.0195927084780343 -0.0117014523166511 0.00879737446271553
-0.0203528664937894 0.00599488192724053 0.0242989028728568 -0.0281938338962136
0.00478124051293339 0.0100654334928359 -0.0301132190385351 0.035610489725201
0.00719192639053981 -0.00364093020019107 0.02057849415482 0.00477226589229033
-0.000752806433011787 -0.00627351755878323 -0.00731502538800244 -0.0374248866977692
-0.00426982571443636 -6.83138144701339E-05 -0.045960550643073 -0.0260115121675298
0.000348574176907619 0.00239954993077668 -0.0527702469195185 0.0162396941118751
0.00109360500270352 -6.06719357411186E-05 -0.0270001140966002 0.0408045811930714
-0.000360090215223291 0.000150434705760421 -0.00420243295750849 0.0407510290164444
-0.000448488150172625 -0.00287520974647562 0.00877964252705564 0.0346618465312141
-0.00192834872035638 -0.00393482841731646 0.0147114184050426 0.0338379794838235
0.00023608011117108 -0.00720992929496411 0.0108028444077817 0.0369363229418462
0.00640200144535216 -0.00483820654241173 -0.00193180786813558 0.0390146840569263
0.00836812074185635 -0.000765480520401468 -0.0194096019443455 0.0377810126054546
0.00913260358169938 0.00749091193206523 -0.04689678972018 0.0320420206890609
0.00488605134069695 0.0140068601655909 -0.0659675665694194 0.0236435845704397
-0.00502571607757575 0.0169014338983622 -0.065074487433416 0.0383479042275206
-0.00890512724846359 0.0249174730570191 -0.0312715282246308 0.0306251570810204
0.00483158993682528 0.0164660451066246 0.0220489409456169 0.0038928163718626
0.00952248682359617 0.00658396325752795 -0.00370260200111285 -0.0396817313089643
0.0109617913683578 -0.00145518578022715 -0.0444560034021755 -0.0312176997445073
0.0113075296087624 -0.00674551306310602 -0.0536312670244961 0.012465106806036
0.00533200928777427 -0.0130314857865138 -0.0289367542676025 0.0368342646211941
-0.00270909381535152 -0.0121707362832721 -0.00663135220114821 0.036842765373499
-0.003620153149262 -0.0148019315022236 0.00680937204108964 0.0310319832014078
-0.00381833293350316 -0.0170802899280718 0.0150884365108309 0.0283976404323389
0.00671725451262537 -0.0225834489772156 0.0157539264968696 0.0321104985158099
0.0225451020583901 -0.0138239639204835 0.0068686065991489 0.0373284063136985
0.0285478948687495 0.00217635890601319 -0.00908266638863985 0.0423393801894965
0.0184422530102333 0.0280141849506125 -0.0384750270044817 0.0387894034422448
-0.00444678273311419 0.0392502815698622 -0.0574139507838832 0.0265338625632771
-0.0232441873769401 0.0352127827575559 -0.0552984490522605 0.033635093826082
-0.0246520557181023 0.0362040225119311 -0.0254239575930901 0.0198861179782816
-0.00160163946509411 0.0372250716266701 0.0271364854992888 0.000841703210594091
0.0172808254049875 0.0223753993050427 0.00405858235483296 -0.0425078953909412
0.0268714745740575 2.51491191460735E-05 -0.0387211416887985 -0.0381380546375459
0.0229103759702459 -0.0143088604044623 -0.0517278928142008 0.00501297401289701
0.0106121634583336 -0.0245164375947854 -0.0296468364820865 0.028298730627239
-0.00411463316477872 -0.024001552843457 -0.00938590790413262 0.027829778356518
-0.0061784744521188 -0.02460650459592 0.00421683238090223 0.0224480458294309
-0.00605629717469473 -0.0265360079543129 0.0139093174876106 0.0187319998762235
0.00902988724690272 -0.034556284629087 0.0208015813159809 0.0210115664617602
0.0314699372310372 -0.0234381684043652 0.0193205813278452 0.0296783498037297
0.043690882146391 -0.00179131661672578 0.00589302813822407 0.0437523320917161
0.0306358219428113 0.0387865433829147 -0.0251713514685971 0.04486368021254
-0.00620610762652539 0.0570974396192068 -0.0468337743664877 0.0276880519423465
-0.0339784597694572 0.049632335040061 -0.0411497721422307 0.0235269711117865
-0.0384183013039149 0.0410993057137787 -0.0116210791067253 0.00631824235400039
-0.0117610232180736 0.0536146493985283 0.0349767497836534 -0.00515387784807432
0.0204660478325279 0.0388441886831447 0.015547200231949 -0.0446555717883447
0.0398947307458605 0.0048854294906215 -0.0274965629473839 -0.044332375285045
0.0334618477647542 -0.0185807148169712 -0.0437498646065207 -0.00505696631109155
0.0158916136748098 -0.0323649921477258 -0.0279973237975056 0.0151314234899605
-0.00454242135628035 -0.032303721787246 -0.0115140574541645 0.0150072164692852
-0.0080502464053627 -0.030649338821917 0.00121649405084003 0.0117783738759718
-0.00797493287180433 -0.0314917275939148 0.0118473626650998 0.00610949694764677
0.00837879423417315 -0.0403251170614453 0.0235932997100277 0.00733429080036381
0.0341084869941449 -0.0311529052697209 0.0299130834357192 0.0172330263024049
0.0500621663450467 -0.00868047377678622 0.0211476683237744 0.0396879978219992
0.0399011897072632 0.0407961835105948 -0.00998857639862602 0.0463274099944283
-0.0043038723537486 0.0651013795063432 -0.0359420949184437 0.0246181251125981
-0.0383342851465545 0.0564310230478965 -0.024654972159893 0.00988504161418048
-0.0460468348465129 0.0390875229808955 0.00820730948158148 -0.00906998344621056
-0.0223074934846704 0.0598531750881342 0.0444449972636083 -0.012501590792081
0.0171240905391029 0.0502345545917979 0.0278654949246913 -0.0434579441830877
0.0456472994150139 0.0122706669871226 -0.0118872253542703 -0.0466879607429258
0.0393037554880899 -0.0187822584020196 -0.0306785974300471 -0.0166583773825926
0.0194098757501418 -0.0347362106871388 -0.0231505269475463 -0.000987011223464026
-0.00362652225697799 -0.0360119229701307 -0.0129020216108859 -0.000350089185284003
-0.0089257247971863 -0.0328078407400574 -0.0022469197307572 -0.0010609530484655
-0.008657943865577 -0.0316889813924408 0.00840235502046786 -0.00718279429845596
0.00700547277675887 -0.0398990260611946 0.0235304051627808 -0.00657400499419582
0.0318072636878009 -0.0324841685957089 0.0357110382749462 0.00328357033775962
0.0489828116458129 -0.0121442277280509 0.0326812958527878 0.0315283012815099
0.0411740911898742 0.03788973491086 0.00216729876136162 0.0424967292072631
-0.00388331750356139 0.062625189576037 -0.0270362930082386 0.019915064540781
-0.0378422794653244 0.0538219005315942 -0.0094552485408586 -0.0048618265762902
-0.0447579566416313 0.0294540464299936 0.0306490689469589 -0.0234319205787318
-0.0290718098336477 0.0529332763419198 0.0543286834357199 -0.0190150838053305
0.00906535859490631 0.0504900084554109 0.0392348466128172 -0.0397837430798493
0.0411264143012366 0.0172236646562994 0.00425696610746625 -0.0450219592455619
0.036974675391665 -0.0144455119892293 -0.0152278954950591 -0.0255135878249115
0.0189650987997965 -0.030976483561943 -0.016257629457053 -0.0165225202785028
-0.00238426913553958 -0.032857534965523 -0.0138410645600578 -0.0154219993330451
-0.00797120433400352 -0.0293547783220452 -0.00523801264559247 -0.0134121508481163
-0.00791947658902679 -0.0274628039730963 0.00504479498736699 -0.0193761503594628
0.00543188093863434 -0.0342082920806463 0.0226675620386715 -0.0191530197482207
0.0273078480575362 -0.0283473246825299 0.0387912048625395 -0.00802612136544957
0.0422040311333718 -0.00987574284687842 0.0387017936856869 0.024292911254928
0.0337552100392642 0.0335950536987298 0.00972872351184532 0.0374244962500006
-0.00646191936444257 0.0520438995413606 -0.0203979191318242 0.0148290292930975
-0.0350629429333493 0.0424294246190779 0.00416630445360182 -0.0171932041412035
-0.0336864812306284 0.0151546472991854 0.049365447720916 -0.0342022115415327
-0.0273844127527865 0.034573543583686 0.0610785062250262 -0.0241444812330527
0.0011044713789204 0.037887974613159 0.0469288497714734 -0.0345403037869127
0.0277657282419706 0.0158397516127221 0.0160030635615169 -0.0399333424422014
0.0267997215813785 -0.00864297037027835 -0.00191153339613451 -0.0312662102781544
0.0144257932783465 -0.0210049094032128 -0.010504837418656 -0.0290066984095783
-0.00133748010145357 -0.0236579753839951 -0.0137085752856529 -0.0266608578876398
-0.00557879690404341 -0.0215732125032925 -0.00765079194493207 -0.0229986343536891
-0.00547473165014859 -0.0203793940872861 0.00311611428610327 -0.0283122286123131
0.00513002680259422 -0.0248634424248904 0.0213370174775954 -0.0275290858542125
0.0202214187592141 -0.020731120492134 0.0413417356993508 -0.0151443472835593
0.0325326762509414 -0.0052844429607581 0.0417205128023738 0.0197499544656242
0.0225868921995254 0.0284576095754217 0.0140707308533931 0.0336955268298142
-0.0107614358096619 0.0373693132564647 -0.0149563564540131 0.0103935848492098
-0.0293601684935466 0.0254130145039432 0.0153335173899771 -0.0246453130862725
-0.0161984375576753 -0.00146905626830752 0.0609504163874197 -0.0408199144617469
-0.0181783953109926 0.0102542047034183 0.0632077544742452 -0.0277624366396142
-0.00436751279309222 0.0170983289054257 0.0488997550308546 -0.0330725306378165
0.0100270353996172 0.0087422120171241 0.021289785085198 -0.0369734264635338
0.0109116353218801 -0.00236946746076005 0.0045259431895775 -0.0342173737796844
0.00702771235388721 -0.00776608453287835 -0.00877482956305525 -0.0360678715410812
0.00021114779471877 -0.0101958433162022 -0.01437083183935 -0.0332615737473171
-0.00255123178363146 -0.010403800910036 -0.00885596771737736 -0.0288072250733116
-0.00214610097455826 -0.010567171709373 0.00233583056214709 -0.0340548064252692
0.00277360802011032 -0.0136959637599505 0.0220629331368683 -0.0332639060019116
0.011798149100357 -0.0118896528447876 0.0440974144589642 -0.0184113206889776
0.0200964975922325 -0.0002683773016096 0.0435042864875295 0.0182577010454951
0.00994330318705101 0.0208489594191303 0.0150722903796714 0.0325639262669583
-0.0129336958701724 0.0191968863879578 -0.0120485647368707 0.00859364463814821
-0.0204863928391448 0.00573229689290946 0.0238935501771122 -0.0268291788629195
0.00498242503634575 0.0102968132555848 -0.0311119556283918 0.0355099002869136
0.00723631811812091 -0.0038131845295268 0.0211348948580922 0.0052885318986009
-0.000623448141304934 -0.00649007464631198 -0.0067350329709169 -0.0378415606582812
-0.00422460107293976 -0.000226666837675817 -0.0459521275881981 -0.02710905425602
0.000269102032786201 0.00234190560029144 -0.0536583717833298 0.0156329375159368
0.000954827607442676 -0.000319057574034165 -0.0275649170810242 0.040560775006791
-0.000641755001014855 0.000230992597020423 -0.0040339441863612 0.0407700508142459
-0.000644346767288443 -0.00316140907767677 0.00852052219127742 0.0348711183567602
-0.00201541331617143 -0.00407300131138807 0.0148494690438222 0.0340925411375497
0.000174245736793631 -0.00715551120957306 0.0105331488412666 0.0378527531630351
0.00663528901855862 -0.00471185154592202 -0.00320667477844994 0.0394547842998007
0.00834999391140518 -0.000620722608280286 -0.0204967537555628 0.0374139138578869
0.00905028292191463 0.00805131351975321 -0.0482608229923443 0.0312517539314657
0.00492456425035158 0.014146026889903 -0.0667850537991805 0.0225434606441914
-0.00567532026414432 0.0165321196591565 -0.0665142329558539 0.0372241141107963
-0.0100287297113632 0.0250664199612184 -0.0317985411137424 0.030491435229865
0.00442125201083851 0.0163049031145321 0.0230599891183669 0.00417296882370645
0.00930691862591753 0.00650832006620432 -0.00275190419005926 -0.0393476550128573
0.0110358391411001 -0.00175779939180404 -0.0440843964911086 -0.0324507698837735
0.0114821067111272 -0.00666364347801735 -0.0539742371828006 0.0116980932360783
0.00555260716025259 -0.0129080170828831 -0.0293672946016776 0.036631951274492
-0.00269194101890082 -0.0125271173236928 -0.0069852971748959 0.036708589947904
-0.00390082867703186 -0.0154468341701007 0.00689707028372448 0.0312325713615579
-0.00356946559546062 -0.0172226450495089 0.0152828671757147 0.0289307424839956
0.0068453754277975 -0.0229305193421962 0.016335831535094 0.0325675225514312
0.022813205690281 -0.0137892220500602 0.00623550236328485 0.0379226815421414
0.028465347362563 0.00280060507753436 -0.0102935776435366 0.0420021384854494
0.0180333482004227 0.0286489041473043 -0.0398127517999997 0.0383336622452371
-0.00545072134248769 0.0390812211833759 -0.0581829683873359 0.0254480642784808
-0.0246061858689707 0.0345164531328259 -0.0561332428297998 0.0327834192093454
-0.0258300394840082 0.0358405608887711 -0.0251166920066135 0.019961904499884
-0.00192408207078701 0.0372192804647686 0.0277431556200962 0.00117875877504063
0.0165877648809285 0.0226300503604527 0.00543789175188188 -0.0425169542076179
0.0267663384521096 0.000375022173075205 -0.0379353140507768 -0.0392183508738348
0.0232641124463166 -0.0145334625763896 -0.0515618353757798 0.00426337139108642
0.010781578524693 -0.0248864682569063 -0.0304350544491964 0.0276715465288205
-0.00417843835543148 -0.023954116922975 -0.00988310512221398 0.0276331366559215
-0.00574591832911435 -0.0250637980531035 0.00396941550795841 0.0231992699824452
-0.00617646094269899 -0.0271944708797624 0.014315867475399 0.019193651057103
0.00938836230538026 -0.0344489244006565 0.0210827778188524 0.0215454475612766
0.0319318348005081 -0.0240983047078401 0.0191614853330959 0.0303717347833619
0.0433618745130031 -0.00138475953903581 0.00556349897531824 0.0441173379639835
0.0307166910747326 0.0397930256067167 -0.0266226314263615 0.0447460251463106
-0.00734043136313882 0.0577367326215353 -0.0472333871175956 0.0264441018765458
-0.0357228256127465 0.0489037686004754 -0.041562866801523 0.0231536201022403
-0.0397479112812184 0.0405091173685704 -0.0113284108535682 0.00636441207825633
-0.0125213469751876 0.0535361555345224 0.0358414948834238 -0.00444975365307883
0.019970361379976 0.0395817122885669 0.0170808863858393 -0.044449441896713
0.0398349783861273 0.00567297043466354 -0.0264024129670323 -0.045530131021094
0.0335957768862255 -0.0182682931480528 -0.0438300458379949 -0.00637200242613407
0.0163369850442336 -0.0322894038048306 -0.028513080335442 0.0144895172537641
-0.00425065683920663 -0.0323758539327192 -0.0122372535880181 0.0147440219740194
-0.00800103848096128 -0.0312165586844703 0.000948482764561188 0.0113986631073988
-0.00756367279067536 -0.0316352258450949 0.0120852465680311 0.00635706039672158
0.00889629800623698 -0.0406466754116259 0.0240819060561491 0.00745343677793392
0.0348164308052482 -0.0312376151827178 0.0296069005061972 0.0179830153089899
0.050319271821888 -0.00804697259234502 0.0216868698079836 0.0402580839568301
0.0398510377076439 0.0416465527727806 -0.0112744200157183 0.0461572530042751
-0.00530526946608532 0.0656167167092422 -0.0366115192737845 0.0244292463276537
-0.0400623722741042 0.0556569798288614 -0.0253106935456051 0.00991890219370804
-0.0477829080845598 0.0379689946489057 0.00905320067828615 -0.00907755546671987
-0.0232768464268325 0.0598577147350186 0.0454230079813861 -0.0111733694427602
0.0158177231213099 0.0512701246894094 0.0300858261958929 -0.0424981828721259
0.0455039383405623 0.0131993150352556 -0.010983455352932 -0.0475743787266112
0.0394762284644319 -0.0184098379595896 -0.0305025378499213 -0.0173971745118349
0.0197085862563863 -0.0351397681222844 -0.0234006666058055 -0.00170888037883371
-0.00327447204395036 -0.0359309991527847 -0.0134765295575478 -0.000797308837810272
-0.00849404896507492 -0.033058533611468 -0.00232712964092448 -0.000955476478156868
-0.00857287208288804 -0.0318999527293334 0.0086953616715973 -0.00675669697441467
0.00718517325134544 -0.0401301652101904 0.0240544847467837 -0.0068991958847615
0.0324228872039468 -0.0324635945040925 0.0362798285831744 0.00400708914049156
0.0489505335571696 -0.0115865700930637 0.0320822482215559 0.0324725142045632
0.040743085210034 0.0390724176929166 0.000878285051592827 0.0430493064025186
-0.00483684289044498 0.062889553145695 -0.0275324175608622 0.0196548644527297
-0.0400142605099618 0.05281191502604 -0.00965015666215704 -0.00438703045264743
-0.0461070544434234 0.0287646812962575 0.0311624187543336 -0.0227817236746113
-0.029811421182293 0.0526786681212687 0.0555638573363235 -0.0176786689723861
0.00809101066798534 0.0510347588057045 0.0405218080734576 -0.0381947058276713
0.0411749371774995 0.0180106079045254 0.00570543403956702 -0.0447345026713287
0.0374687410592953 -0.0141587336839327 -0.0142065140003505 -0.0263620655246354
0.0195842134218818 -0.031222307433574 -0.0165485667360609 -0.0173438142116574
-0.00204116358295148 -0.0326165182527246 -0.0139546651937221 -0.015324050325009
-0.00782698228932236 -0.0296111746721914 -0.0054740612036957 -0.0136310592396803
-0.00729958726078562 -0.0276021471112849 0.00544400350237481 -0.0187970450094304
0.00569496466187075 -0.0345183726662094 0.0230745219468949 -0.0188672253382768
0.0273829594934236 -0.0280324901178 0.039630396730029 -0.007281120168255
0.0421033742891045 -0.00958605153195697 0.0387426104505492 0.0251182163972645
0.0335298454301303 0.0345779495050676 0.00905409853465098 0.0378818007292896
-0.00741678423923194 0.052416074420833 -0.020672949527164 0.0144838418188681
-0.0362749584964868 0.0417111666787917 0.00415135791265739 -0.0165080503536955
-0.0345592923658182 0.0150509708983989 0.0506929154461417 -0.0332833167574805
-0.0282088620357536 0.034423676644336 0.062354863990128 -0.0231350443428324
0.000264597579392487 0.0382913709728709 0.0478961692279704 -0.0333704748914613
0.027816332890482 0.0163165607972238 0.0174146262232757 -0.0396737894888599
0.0269737081396016 -0.0084469746402602 -0.00107586542464899 -0.0317789484047337
0.015028646525671 -0.0208681923391128 -0.0105868883750661 -0.0296584273660204
-0.00071036596404391 -0.0238813997021135 -0.0142455971717104 -0.0271705719017548
-0.00554759186331203 -0.0221238447646295 -0.00761337325996614 -0.0231503647220907
-0.00519959859393497 -0.0206358704136236 0.00327374749181426 -0.028373002145123
0.005482904054235 -0.0251799897625203 0.0222772735350991 -0.0276199527928622
0.0208125078768768 -0.0203595916702225 0.0418920230805689 -0.0147086548551068
0.0323413498430185 -0.00467385132605361 0.041914797831556 0.0206107467337824
0.0221340742413987 0.0287616183398468 0.0130535491741296 0.0346656924514862
-0.0118839594871008 0.0373205042494417 -0.0158480409680574 0.0107019122109837
-0.0300625639649478 0.0241792340729526 0.0154882601549681 -0.0242081633015121
-0.0165435148966452 -0.00192221569349731 0.0620893442297447 -0.0393411401232457
-0.0181072380509969 0.00962049447163828 0.0639808535696909 -0.0261968876051442
-0.00440384475393798 0.0168856812054234 0.0499739178620075 -0.0313961334622488
0.00972804601998951 0.00878524400120156 0.022433621287069 -0.0364303695350594
0.0111800656975323 -0.00246309797801424 0.0051523598167634 -0.0348662958486272
0.00708906339599679 -0.00764007055927789 -0.00838813639792882 -0.0363342552376007
0.000408626168953591 -0.0108225451442307 -0.0146019090312181 -0.0330274661398387
-0.00242590592507393 -0.0109571811458888 -0.00848926531388519 -0.0290243283832373
-0.00200105615051382 -0.0106810886501087 0.0027482267490406 -0.034121850775328
0.00339542450329327 -0.0139811324535467 0.0227554238156501 -0.0329020188212556
0.0120611042678158 -0.0115214866341539 0.0443549504323711 -0.0179266683754883
0.0201359823202171 -0.00053484249175305 0.0433133875511506 0.0186866174845984
0.00991531393021145 0.0208621914732971 0.0140331818819076 0.0326396974859193
-0.0137306925574374 0.0189933684703775 -0.0122320910719206 0.00911833312197019
-0.0207122855077193 0.00519316653055678 0.0236307230897953 -0.0265226295107436
0.0101410222714427 0.00635419315257329 -0.00284921528840607 0.0477206174167065
0.00362389212512675 -0.00740301168207599 0.0212867153998955 -0.00913632330129697
-0.00483059070470908 -0.00501137162379988 -0.0279434675919284 -0.0274916348834836
-0.0037695670380184 0.00255059308242236 -0.0548046883052394 0.0054794156808917
0.00135405685052209 0.0016408771597129 -0.0345689194314682 0.0453892623548963
0.000584357902654802 -0.000814177969896159 0.00208465545568487 0.0499588526163105
-0.000270525789729534 -0.000241511305335747 0.0218933006354863 0.0358489715739584
-0.00210230172156389 -0.0020975794592707 0.028069044711884 0.0232796026167476
-0.00421213016822748 -0.0021289608496912 0.0336029329416833 0.0183442809308165
-0.00414414561786235 -0.00607029524879854 0.0322137737453053 0.024787621989048
0.0027574377746319 -0.0080860143346758 0.0218336486209827 0.0346560361535162
0.0069095579581583 -0.00520325222452065 0.00488576881600884 0.0434275915404785
0.0127817186628763 0.00216491516102302 -0.0212940544289347 0.0557823110603043
0.0121711693662363 0.00994283897886872 -0.0413617733595556 0.0603543821612154
0.00442869379237704 0.0189336547377082 -0.0326365328307642 0.0719675979509924
0.00569054498777225 0.0269169079059973 -0.00541894303011062 0.0445579441926454
0.0131254426529393 0.0102790085219318 0.0225768832619317 -0.0100776213732533
0.0109080228198026 6.49920112021071E-05 -0.0250490722120759 -0.0315333609937161
0.00740806231302342 -0.0068927986522582 -0.0557510964549355 -0.000672519688181819
0.00556434775921103 -0.0122093225254167 -0.0374273003873567 0.0416850575463066
-0.00332910745471833 -0.0140654157626957 -0.00196877505044202 0.0472966671836046
-0.00943626507318834 -0.00859180562209636 0.0163192138744708 0.0341963249282987
-0.0125597184097352 -0.0105179190187651 0.0248743335036196 0.020949581889208
-0.0138057231918887 -0.0122360937579141 0.0308175086138029 0.0143648369429019
-0.0080257109816909 -0.0235088693553816 0.0332089621856617 0.0170348255184681
0.0107271241342177 -0.0259341541945169 0.0284212816330445 0.0273596779347993
0.0263085881129784 -0.0145356481241169 0.0170989378803627 0.0412805738808958
0.0337285359792554 0.0141766083376063 -0.00974573785281979 0.0558759353613396
0.0193870640947691 0.0372421602224372 -0.0336482958124806 0.0576920024812783
-0.000217088511360696 0.0452963022662349 -0.0279221233542545 0.0612877243359857
-0.00207463094592817 0.044864072016396 -0.00587183107408383 0.0333263197344719
0.0193800347240286 0.03137185030278 0.0254076563684284 -0.014768182882361
0.0263456061383525 0.00877145036367893 -0.0187468935619766 -0.03909783333719
0.0213002868776005 -0.0144532793681892 -0.0542020209852317 -0.0107897696090993
0.0107750318120233 -0.0250768668535958 -0.0398502940141994 0.0334111737544602
-0.00543985322857379 -0.0264829094864683 -0.00825396215841662 0.0405174695277735
-0.0175492034462834 -0.0170503026392936 0.00850350118116633 0.0289361799479802
-0.0202133761608584 -0.0169616649930843 0.0177613576847793 0.0163461701235903
-0.0212633756567607 -0.0186880424331914 0.0238644946597825 0.00647562311082472
-0.0136431182148448 -0.034845607909645 0.0310292824780276 0.00472781972279227
0.012108905179702 -0.0405742029562705 0.0339030720464156 0.013344702546137
0.0363505499572651 -0.0278867274453278 0.0309577763897019 0.0328100836563336
0.0520106064311372 0.015338454302627 0.0046060580743135 0.0524040038937525
0.0298928938263505 0.0540715531420687 -0.0241833049303323 0.0516364612573209
-0.000724628530722835 0.0649844009866688 -0.0213500468706842 0.0433132186646282
-0.0111967192076878 0.0568296824533062 -0.00224495647095093 0.0143438141337718
0.0201030209891814 0.0504591864342696 0.0285205330314855 -0.0233050073135706
0.0390107863062156 0.0208812299173596 -0.00969927356112141 -0.0464457263498431
0.03513128652434 -0.0176905259522611 -0.0479434349491262 -0.023218625661207
0.0166901514009038 -0.0343653551017723 -0.0396856258195194 0.0199344292772068
-0.00607634802200176 -0.0361671521022931 -0.0145885690274969 0.028003943605754
-0.0224304735580695 -0.0237451122291717 -0.00159392079609025 0.0194511739318827
-0.0261018886060802 -0.0207691628690808 0.00840625146190667 0.00898331664161119
-0.0257724282321645 -0.0217951184428718 0.0141397805222073 -0.00206078589610495
-0.0181971532733378 -0.039510579474663 0.024723894809271 -0.00888201574386382
0.00951046973809654 -0.047820288042987 0.0354307713268517 -0.00358517087280609
0.0376610830868128 -0.0377234115645766 0.0413070626392228 0.0202454595140417
0.0612481794689257 0.0108303721564176 0.0180319163854055 0.0450650992924831
0.0366053321837456 0.0596438345695808 -0.0169884497498449 0.043032404300304
0.000282969495595494 0.0729226752660712 -0.016436160018512 0.0215284136365274
-0.0191075217681357 0.0588616335856942 0.00493242184433705 -0.00985375446199493
0.0148555276716564 0.0617715469934342 0.0325408702348138 -0.0341191334559303
0.0426974003863738 0.0325654800776678 0.00248510305987889 -0.0525983681734144
0.0442090441274257 -0.0148386546278203 -0.0351131169272245 -0.0347870771214886
0.0216774480925011 -0.037797671335281 -0.0347047497355018 0.00275037146003317
-0.00441564549078077 -0.0402544661573342 -0.0200780055753502 0.0117476521705781
-0.0239058866028291 -0.0267049132703484 -0.0121864251228538 0.00798605774220369
-0.0272441099668691 -0.0214860019671594 -0.00246237259205942 0.00024837324011703
-0.0268177442367578 -0.0214830983059613 0.0035313510250336 -0.0111450594930551
-0.0188432099386403 -0.0379019569822051 0.0159194648479526 -0.0204769854160288
0.00675353694825048 -0.0477957363083917 0.0317871116814458 -0.0185083482644365
0.0347106008776675 -0.0393391654150795 0.0464357689093271 0.00669938511788611
0.0602200790448294 0.00781195948523605 0.026447115174467 0.0346733006047725
0.0356754368233234 0.0568173814627458 -0.0128503043750764 0.0335896975457734
-0.000791948376144409 0.0703306689265036 -0.0117384486621649 -0.000279404899829865
-0.0230391738897438 0.0502998982015879 0.0146189394220249 -0.0352144853685013
0.0054073855683753 0.0592395184203527 0.035809535790144 -0.0453455361136824
0.0361116543592497 0.0374370521303533 0.0138003057629202 -0.0548513175439609
0.0432879374135335 -0.00840680754310989 -0.0202570606044221 -0.0419023948340621
0.022319718838719 -0.0330759104907262 -0.0270831160016922 -0.0142402451406531
-0.00221927876790232 -0.0369501428748138 -0.0243935931539119 -0.00503103043377465
-0.0209624183871276 -0.0253600820488867 -0.0220703310912969 -0.00392802498558901
-0.0244472963140913 -0.0193989024180166 -0.0123949262054999 -0.00774225577320639
-0.0232569507478121 -0.018406957188877 -0.00647173459539966 -0.0188484572025153
-0.0162354721830262 -0.0324543700803081 0.00770769219457021 -0.0298967039615549
0.00554530196741126 -0.0409675469163917 0.027273688033196 -0.0300134754783506
0.0299435309468345 -0.0339356725464055 0.0471446986359658 -0.00294753335717632
0.050851120786049 0.00830250444426901 0.029940606460876 0.0256422104870797
0.026487272494832 0.0494233425711701 -0.00972817034908724 0.0250337148211247
-0.00487705242270179 0.057922341207949 -0.00840420321373083 -0.0184038698940594
-0.0210501626872121 0.031717545395259 0.0229276015389672 -0.0556373343662755
-0.00352727982805103 0.0432861592580865 0.0380973482211415 -0.0537356590243715
0.0226291821012761 0.0312091028008531 0.0219785439481955 -0.0553365434507199
0.0316360753240861 -0.00246656467293476 -0.00710132948355179 -0.0441435572847475
0.0171677688226785 -0.0226217114601491 -0.0191767561160825 -0.02656279866274
-0.000321524643746564 -0.0259693955990812 -0.026620618538726 -0.0182893015676704
-0.015039110852476 -0.0181621223367108 -0.0291224772888288 -0.0130724070555476
-0.0180136687260296 -0.0145405574318249 -0.0198464565084983 -0.0147427804546
-0.0170430824583174 -0.0137311280529755 -0.0142071501411646 -0.0255969287773052
-0.0113536833137566 -0.0241278914144145 0.0015773391586739 -0.0366323495988009
0.00496392612693714 -0.030614092216829 0.0251015312172116 -0.0371311021078501
0.0245864242440903 -0.0237718940608199 0.0469122629163434 -0.00873565936035514
0.0377903561486036 0.0107570310896519 0.0312599819367999 0.0197806741866376
0.013348291328596 0.039139313927824 -0.00744288891887367 0.0182869455994288
-0.0102259531102499 0.0397349659260594 -0.00264317070798321 -0.0312977345876604
-0.0147099306903724 0.0073884293267931 0.0279248421452754 -0.0689205241331855
-0.00947771092708079 0.0177137298900475 0.0364744663213846 -0.0588376923158341
0.00649935248932203 0.0158224735797817 0.0236531635097298 -0.0552611619314811
0.0127590271632309 0.00111949731509277 -0.00193679708144295 -0.0442710046044889
0.00756425739666484 -0.00817283947773383 -0.016463729300729 -0.03283190906154
0.00144560864047672 -0.0102854208502505 -0.028967731273913 -0.024861556990074
-0.00579854008487925 -0.00829021449338051 -0.0329669873361329 -0.0184306961699211
-0.00840837169190507 -0.00742404944471977 -0.0246437146264467 -0.0186379747479894
-0.00794327655009127 -0.0077239334784425 -0.0181755454068563 -0.0300368819962494
-0.00592255542830398 -0.0137274495936673 -0.00145845616297396 -0.0410798189654522
0.00341466265660804 -0.0171295883058726 0.0251501314815355 -0.0415920198645627
0.0175467326636266 -0.0125039505177029 0.0469661693690629 -0.0105370536798882
0.0218938158234556 0.0119841255557755 0.0311892523448526 0.0177840789596287
0.000184399894057817 0.0251282708847281 -0.00541845339313371 0.0149634033741332
-0.0139541817875839 0.0171608103198572 0.00294671734741941 -0.0376535075848145
0.010636132028404 0.0064819105960774 -0.000983161510331574 0.0491459032911586
0.0030501776498629 -0.00779229299190876 0.0222625659150019 -0.0106788905613712
-0.00505779321351089 -0.00536277427732966 -0.0294420064714694 -0.0285063266158289
-0.00394892485062318 0.00263718292284096 -0.0565160608990147 0.00719419362163742
0.00155019748489608 0.00169844703444729 -0.0349201323516997 0.0480432095187545
0.000624925943259809 -0.000843936017843958 0.00348599727155643 0.0511851914459171
-0.00021184878693321 -0.000251352838470341 0.023135822490439 0.0356274702281942
-0.00281724775896277 -0.00224282952634063 0.0304381352894282 0.0229761692232902
-0.0044011069412201 -0.00227824542762203 0.0353575552056024 0.0177336610436067
-0.0037493349673574 -0.00632401261558321 0.0343270221835325 0.0245828838774723
0.00293011954066234 -0.00847655733930191 0.0235206318924594 0.0355118684165883
0.00733853782996613 -0.00529718257221443 0.00556969892778598 0.0447802077478106
0.0132966573773271 0.00152218624603702 -0.0212076824801472 0.0579095085498213
0.0123619564676273 0.00973645472765131 -0.0416910738480738 0.0633724565708823
0.00455048851666416 0.0197567477197224 -0.0328724777509239 0.0745523556394856
0.00612692407638945 0.0279904431282167 -0.00503986825001911 0.046287078801752
0.0135356453570909 0.0108384820404411 0.0237943713389359 -0.0115034887719886
0.0109754063498048 -0.00011083502149943 -0.0263711105255099 -0.0323845948427962
0.00788684339549948 -0.00729005300523874 -0.0577241268683683 0.000614393223041961
0.00532251470238038 -0.012284495929491 -0.0380538055153982 0.0443743172181652
-0.00359495770143216 -0.014158390009635 -0.00127597626085291 0.0489106147951409
-0.00995825841123259 -0.00884741981255966 0.0180907373932107 0.0348226955613718
-0.0134315081390786 -0.0103752155716477 0.026391389740145 0.0212938763115971
-0.0145871961010748 -0.0119323445307094 0.0325024619713459 0.0132430181634342
-0.00898813236051809 -0.0240247698390268 0.0349832555907166 0.0165502471554282
0.0103943757950526 -0.0268480525022569 0.0301420517560964 0.028151725030682
0.0263445117208874 -0.0155850361470351 0.0178855574764006 0.0422401252133272
0.0353715176201924 0.0135665169075019 -0.00998860977227048 0.058180683062013
0.0208041671151457 0.038283217849153 -0.0333971468424039 0.0597794308498078
0.000107151193468651 0.0477134263808724 -0.0272215119550597 0.0629388465916457
-0.00135306864021103 0.0470806721988966 -0.00540138815443483 0.033936024775672
0.0203867195629954 0.0318780621256445 0.0262056581825769 -0.0158542264795702
0.0275535100772237 0.00874984303094424 -0.0194898056813939 -0.0394989730421455
0.0218783666658484 -0.0154771184549301 -0.0567405434305475 -0.0100310016294636
0.0106182366357381 -0.0261038713963076 -0.0404733357449864 0.0352774878894994
-0.00636254288184389 -0.0272305676232458 -0.00753012747712441 0.0418372599711102
-0.018375727598476 -0.0170771042393343 0.00961529400735326 0.0294355987840784
-0.0214782738605731 -0.0165318088022121 0.0187297047006354 0.0161642999873116
-0.0227145884501349 -0.0186450376230058 0.0251558400670907 0.00624589507062363
-0.0151003613813951 -0.0354272930545947 0.0322712528620651 0.00398532031180108
0.0113000912642722 -0.0420723283439068 0.0361502333336272 0.0133862352216245
0.0370673209260885 -0.0294469290625998 0.0322801786035431 0.0332773569042501
0.0540365530732965 0.0148120732884933 0.00517681514789784 0.0548078155145547
0.0321634814324063 0.0558700364780741 -0.0244625857363801 0.0533949449106445
-0.000275249132222631 0.0678284906531363 -0.0212003226238517 0.0450367150207582
-0.0105845005038037 0.0592795372237273 -0.00168856884288749 0.0145458090300702
0.0217631754505218 0.0516335717479092 0.0296681335125311 -0.0248191238497928
0.0406010174467387 0.021234842562263 -0.0097121083766752 -0.048325526351752
0.0359902207566527 -0.0187813977005628 -0.050002816790635 -0.0232258146910515
0.0164874137500622 -0.0361854580122314 -0.0409325419456245 0.0210746433172889
-0.00734488056788547 -0.0369021728080632 -0.0149322023628945 0.0291726861975619
-0.0236717021310055 -0.024088614810617 -0.00134955203863807 0.0203287479457368
-0.0272154750936137 -0.0204430925343136 0.00874594790912008 0.00878189988180687
-0.0273113000397525 -0.0216176876096274 0.014721927664583 -0.00305149864726783
-0.0196404571941385 -0.0400701295963166 0.0260447554554635 -0.00963602047994223
0.00864678407014645 -0.0501368999088374 0.0365870526675482 -0.00392369313414675
0.0382080193549314 -0.0396100093645336 0.0433593115829111 0.0197719140640994
0.0638082875098708 0.0102355003066181 0.0190755967667969 0.0462148619281365
0.0393327804155348 0.0608157939572093 -0.0169548115772456 0.0444528534075305
0.000937658792956374 0.075806492541323 -0.0162077765383307 0.0219624400822608
-0.0191365383837892 0.0616871357265562 0.00534230790241541 -0.0103516629914331
0.0167783840180259 0.063631152992502 0.032987087135964 -0.0364979692328531
0.0449298964127526 0.0330052400175231 0.0021840270641145 -0.0543839607815656
0.0453057813137044 -0.0162640519037236 -0.037044077148086 -0.0357579699270106
0.0214570246254879 -0.0398256064124504 -0.0360769228971696 0.00296023232141325
-0.00596459539516214 -0.0413363293263178 -0.0211079995310805 0.0125510706754366
-0.0255643152086334 -0.0267306855264559 -0.0124618344426094 0.00884033220928668
-0.0289019344558045 -0.0215761744464538 -0.00247676423600003 0.000450670317674407
-0.0276487459525422 -0.0210669454557127 0.00346672482731344 -0.0119184327106469
-0.020419852737148 -0.0388603848572569 0.0165345571228381 -0.0218340831748393
0.00558779796103646 -0.0492349482235961 0.0327473390244995 -0.0198414575222788
0.0344815278414581 -0.0415678199806547 0.0479460250145378 0.00576304308057007
0.0624587601577031 0.00663286597224151 0.0273783306390019 0.0354335245368693
0.0382519079659371 0.0579073701230772 -0.0126289290839076 0.0350478541618719
-0.000232319739459202 0.0726738472240791 -0.012644083501046 -6.39560402919306E-06
-0.0230190048856634 0.0524015858410453 0.0147578938104479 -0.0367365182492431
0.00705444394128759 0.0610630788841748 0.036234099950491 -0.047754924398504
0.0382853912959681 0.0377114024522861 0.0143010655853347 -0.0569934602653082
0.0442544388909835 -0.00989791455473457 -0.0209544288934 -0.0430661291710096
0.0222240189588876 -0.0347978986562877 -0.0280417194500664 -0.0148813687747594
-0.00319887697321032 -0.0381693228470959 -0.0254705620400878 -0.00475384275353247
-0.0224184089536629 -0.025149998948046 -0.0229201528788956 -0.00310445565662097
-0.0255897635528916 -0.0193808063831056 -0.0127807021953756 -0.00786322347603096
-0.0244213665628518 -0.0187967057329644 -0.00742952691058567 -0.0194133406641733
-0.0176670503338327 -0.0331656310726918 0.00708705380254695 -0.0310766745719901
0.00483954332937858 -0.0421030317869728 0.0283354803090632 -0.0315026465604655
0.0298036040382978 -0.0354480704693934 0.0486438149086485 -0.00446403770932921
0.0529169114973892 0.00737326229417801 0.0312881556504167 0.0260798990412009
0.0284695585150127 0.0506052166005978 -0.00979119099333954 0.0258683670601806
-0.00454086294822046 0.0600047104698348 -0.00883794757311441 -0.0184395790907777
-0.0212312358248817 0.0334679668280856 0.0232311968985365 -0.0582117582259976
-0.00285054159293131 0.0447707491248729 0.0383372319398895 -0.0566616800781721
0.0242161423049705 0.0314922927006921 0.0227808689472835 -0.0573933220057101
0.032683115180708 -0.00308824146729368 -0.00791202045892272 -0.0462855255730648
0.017128088643442 -0.0235439154091535 -0.0199715332190581 -0.0277799454572825
-0.000859845072822926 -0.0269584412321638 -0.0289625764163297 -0.0181686567757309
-0.0158138442088407 -0.0189198689037398 -0.0303807370614589 -0.0123188009843327
-0.0187153564891925 -0.013801139853319 -0.021184269885004 -0.0141268637943308
-0.0177472127664666 -0.0139053708571861 -0.014846610512417 -0.0261382808135508
-0.0123225525792962 -0.0246866373713916 0.000726764649816579 -0.0378502356404606
0.00403002871187643 -0.0308794787619421 0.025205816975874 -0.0392687518433647
0.0247800995149855 -0.02508457114924 0.0482986413102545 -0.0103849602203071
0.0389391872782874 0.0101925052551943 0.0320661504694819 0.0199208787294866
0.0148258261300286 0.0400914091704928 -0.00777451231084253 0.0193554935232789
-0.00970935004759882 0.0416892576194484 -0.00381189748864255 -0.0318123187232645
-0.0150937155449951 0.00778180595680747 0.0276569869602324 -0.0716790327992848
-0.00927856902598047 0.0187231271960099 0.0371657823252162 -0.060938391264483
0.00689403661160504 0.0159172567871461 0.0237330166369713 -0.0575282103595483
0.0134792748400072 0.00114343792346738 -0.00223670235460773 -0.0461348150654682
0.00743168815071099 -0.00886283231091023 -0.0171172430279743 -0.0338603585656794
0.00133790519532319 -0.0109106696548669 -0.0309769066338211 -0.0248103377414846
-0.00611997589996111 -0.00876142125415196 -0.0347220101683396 -0.0176198355211001
-0.00888798050968933 -0.00690575458182975 -0.0257539983768222 -0.0185115438752085
-0.00862554149321666 -0.00773632057841793 -0.0193654013394323 -0.0303053001869917
-0.00643807404013204 -0.0140525292352474 -0.00234391730192364 -0.0424680662291775
0.00310060735023091 -0.0179527972609413 0.0252177955842052 -0.0435446878099334
0.0173130082091042 -0.0133086158145201 0.0488897759570405 -0.0123304957957283
0.0230341879805236 0.0111711407534216 0.0326916377048788 0.0183055630480084
0.000830583397671173 0.026074592793883 -0.00576120169337343 0.0155584077210196
-0.0138831855904092 0.0180078306203544 0.00227898326314124 -0.0389687639375079
0.0111164961161739 0.00565588276277302 0.000861442438019612 0.0500466516342419
0.00269019264523362 -0.00812542770326985 0.0227531340482264 -0.0122739359812185
-0.00520471271528474 -0.00499831188221243 -0.0308111933919537 -0.0271972596891733
-0.00379234850347339 0.00301643205054837 -0.0567662440072414 0.00948393832671029
0.001632150326849 0.00165286382605322 -0.0335936167640064 0.0508786758297686
0.000279623575893746 -0.000809455427713111 0.00560581495896082 0.0521472600652389
-9.60897434196921E-05 -0.000205020849748943 0.0249084388021391 0.0354549483130204
-0.00297424452236708 -0.00204207239705506 0.031444482189448 0.0214380059603814
-0.00465137695997839 -0.00214395731119047 0.0368788611460042 0.0162423809167241
-0.00492602038468968 -0.00624085219373761 0.0364322724525666 0.0236170172512821
0.00257643220496278 -0.00898737944464587 0.0254778784378874 0.0353550741816685
0.00722138075047338 -0.00596515257989404 0.0070213077836223 0.0456364320109949
0.0134061431181409 0.00109939575138791 -0.0200714140766953 0.060922075349337
0.0124601335963426 0.00970181978449367 -0.0395866049991546 0.0652960739645057
0.00534847520719889 0.019704933568757 -0.0308466375961912 0.0772565744585234
0.00746574048060046 0.0280687712839406 -0.00237154902179894 0.047266340140919
0.0142729439027954 0.0104621144957765 0.0245393380007797 -0.0131494066624804
0.0113164289874319 -0.000645205935114616 -0.0272542002250806 -0.0316819798690764
0.00757916203801083 -0.00745475207886304 -0.0584419367024648 0.00319190286232226
0.00466522945579526 -0.0129043193595461 -0.0368393720937909 0.0473285511901957
-0.00482006801550436 -0.0143227132880541 0.00106328239931127 0.0499588091591131
-0.010871580153974 -0.00866211178575415 0.0198892330531118 0.0341979398083146
-0.0142166345152311 -0.00944767681654057 0.0275646082763376 0.0200048017034214
-0.015279971753405 -0.0119260900630187 0.0336685599419948 0.011538999093506
-0.0106979587492036 -0.0238206088404144 0.0369633599283343 0.0150973127744872
0.00920093799717953 -0.0282736561524414 0.0328258541922946 0.0273719028802567
0.0263277797306565 -0.0172405813567117 0.0196076396294542 0.0422483659498974
0.0365939482046473 0.0125727655114226 -0.00788025277586298 0.060010294766307
0.0222515959266428 0.0384779793800942 -0.0318840761903437 0.061802351797137
0.00130733803067399 0.0490746982021533 -0.0251055931613214 0.0653100259843179
0.000293968441097148 0.0484548322886409 -0.00319153392747311 0.0348909904453682
0.0222627056676094 0.0314860935179273 0.0266416703123017 -0.0179729501293328
0.0285555823268603 0.00806333614675068 -0.0210185806138652 -0.039676940464582
0.0213697156782327 -0.0163882600202432 -0.0578920066100126 -0.00791736321243218
0.00889092227098803 -0.0268955577712558 -0.0397721164289888 0.0377449090335212
-0.00812383700101252 -0.027130411001702 -0.0061403696537805 0.0427137781289808
-0.0196110290661187 -0.0163151272976657 0.0109211605636318 0.0297955116361948
-0.0231546397002248 -0.0158925437708392 0.0197940751683536 0.0150468629970529
-0.0236800907883991 -0.0178584192117164 0.026093126012257 0.00412814867084518
-0.0169735213422975 -0.0350876760857619 0.0334850571859574 0.00212059559189935
0.0092794885861282 -0.043642196430216 0.03737660229606 0.0121288964426026
0.0361052278609322 -0.0314665605417496 0.0340951479230105 0.0326868087771849
0.0556855618625033 0.0128499494866109 0.00687415615534446 0.0557986071646866
0.0344603472383924 0.0553782988343863 -0.0227992569573441 0.0553362651484488
0.00175928831817305 0.0691479745749446 -0.0197105276140313 0.0465266871276621
-0.00844556015146319 0.0614019179621904 -0.000507161207399944 0.0149445442214694
0.0248758006039415 0.0517282981445787 0.0297435168876879 -0.0270827278626
0.0423520443594696 0.0201135030482235 -0.0111333168457162 -0.0487110423076962
0.0356410907132961 -0.0205522432696893 -0.0517992224104912 -0.0215129516780621
0.0149304304309654 -0.0376081295984501 -0.040246611853797 0.0231901166943448
-0.00926408558209235 -0.0376399543447117 -0.014166292694321 0.0304512464307712
-0.0252099173100511 -0.0228315067285579 -0.000571825185754298 0.0215125464042295
-0.028678181721425 -0.019731690946946 0.00915459723087466 0.00817414337202662
-0.0284508117313246 -0.0202910338773824 0.0154243974879897 -0.00407401489237868
-0.0219120339469396 -0.0401632767390402 0.0254385004718266 -0.0113979223670777
0.00615804904530993 -0.0512297605677773 0.0376813624902977 -0.00551516513729023
0.0369974604671574 -0.0418504647702095 0.0447756159150311 0.0179981446482795
0.0651907900927016 0.0071769214734857 0.020626370039929 0.0463363466769326
0.0431998771553526 0.0601880106401954 -0.0157817678734608 0.0460946077934847
0.00317127642866677 0.0773893289117165 -0.0157814763174765 0.0238876513688098
-0.0173629792374791 0.064369078091846 0.00523297168657106 -0.0109485220658913
0.0194573508725183 0.0639318166769101 0.0323595237414435 -0.03851539334946
0.0473325753761613 0.0315304732361 0.000626614850206389 -0.0550587896832119
0.0456092114136174 -0.0188290932419363 -0.0392007002191153 -0.0348872171139303
0.0197217088892598 -0.0413708838962774 -0.0368258720940629 0.00389849917022878
-0.00807535540666961 -0.0421679092413894 -0.0212515748953554 0.0135738100707127
-0.0266173525621149 -0.0263443328116439 -0.0123742517110949 0.0102406132296516
-0.0305004388877674 -0.01994760897087 -0.00262511597266289 0.000203757430821144
-0.0291367347352765 -0.0200518507509519 0.0035295397363444 -0.0125955798948967
-0.0228271615556357 -0.0385618422376112 0.015148276966903 -0.0240909663939606
0.00305467446476852 -0.0508954634920672 0.0326569224328766 -0.0218088269742185
0.0330736633831018 -0.0436377714548514 0.0489973133379951 0.00377462087265523
0.0638162740227153 0.00348441127282981 0.0291695926893602 0.0352444366299627
0.0416454254723621 0.0573699288058033 -0.0120300980198167 0.0359067182347538
0.00206360674636345 0.0742491857901444 -0.0124846545130153 0.000761268064489147
-0.0218190551855224 0.054587183679303 0.0135143781022541 -0.0379221870291447
0.00976854516180226 0.0621219381128008 0.0352642394993346 -0.0498197891759322
0.040582419798472 0.0367998490183754 0.0132735333348229 -0.0587048531264529
0.0446490012290316 -0.0118808814732348 -0.0227796614866275 -0.04348512110868
0.0211509618393556 -0.036537921309869 -0.0292802625400178 -0.0145927126027115
-0.00539489247584774 -0.038509992630241 -0.026379699262848 -0.00372828071443399
-0.024126390584239 -0.0242722028687517 -0.0233516731159363 -0.00137587431551188
-0.0270915243603525 -0.0177666613776718 -0.013527527310844 -0.00687098178845901
-0.0254766512571633 -0.0174410481041604 -0.00791022391959115 -0.0197681441508294
-0.0197923543258838 -0.0328662531376099 0.00598488623712405 -0.0325840934397508
0.00240132496407456 -0.0434409548209214 0.0270065526551473 -0.0332913654759186
0.028491861849145 -0.0374323324654361 0.0491931835054554 -0.00694253716531572
0.0539742416502757 0.00481775570800341 0.0325558635889137 0.0249957797413786
0.0312365671094694 0.0505349723569235 -0.00902434390591851 0.0266860886089441
-0.00241300813269167 0.0615275906039957 -0.00921867623025176 -0.0181672135167169
-0.0204837693749818 0.0352079247594062 0.0212271836979611 -0.0604979269661288
-0.000513207654749584 0.0453377269498811 0.0365952382265305 -0.0586234820599976
0.0255896390119136 0.0306843402812814 0.0209840580369055 -0.059515295301385
0.0330028706901186 -0.00482672042800624 -0.00930753342104813 -0.0467566291443094
0.0160097897769556 -0.0249972733358369 -0.0219695897597058 -0.0278769195288044
-0.00218332948658936 -0.0276222476493053 -0.0301039465593655 -0.0173858421617675
-0.0166624011175205 -0.0180371663377197 -0.0315676557504094 -0.0106100230241826
-0.0201761884061123 -0.0132752265052049 -0.0220382991660644 -0.0136174220426166
-0.018783340595987 -0.013407351071048 -0.0164441388698383 -0.0259236861284892
-0.0136106923712344 -0.0244190770067997 -0.000854372328468458 -0.038798527463763
0.00255376763682563 -0.0319816008350706 0.024093583149534 -0.040977904606139
0.0236722861712188 -0.0262246872371847 0.0490003152280045 -0.012649578679346
0.0400429493966887 0.00829050589679029 0.0330053583688943 0.0193033731849499
0.016349965407084 0.0403200884301157 -0.00737798560296663 0.0198578603141525
-0.00918025291988584 0.0425795619488675 -0.00466865241374015 -0.0315400680584383
-0.0147722762744432 0.00894581789762609 0.0256017936783083 -0.0746838287159179
-0.008588190906585 0.0190907467940565 0.034909257029136 -0.0634538172566575
0.00782210779298697 0.0153945124181247 0.0225079690191363 -0.0594970685306251
0.0135509646448644 0.000243343570650362 -0.00353974784268206 -0.0473677501651453
0.00689856614911057 -0.00929558306932435 -0.0189869740255738 -0.0343345284922239
0.000801327336429607 -0.0113288427946523 -0.0327552106069066 -0.0236272449458036
-0.00674850260261666 -0.00855262678715905 -0.0357115062485612 -0.01581307392465
-0.00917056484394747 -0.0065345910648865 -0.0276795721184712 -0.0172949934652793
-0.00931229171071065 -0.0076980678333049 -0.0210059826507898 -0.0299116636447846
-0.0070289388335487 -0.0140962991461556 -0.00412462772439643 -0.0432105523544428
0.00250446497234001 -0.0178850625664826 0.0237776405411577 -0.0455986538035664
0.0173316134712701 -0.0139722637361829 0.0486912937046524 -0.0145042075982902
0.0236119909011736 0.0109952917262472 0.0336639013859616 0.0171008280446536
0.00150754644455425 0.0264820242798951 -0.00518858254329021 0.0167286462229184
-0.0137422292168641 0.0186669427758782 0.00100809859223031 -0.0385879875852627
0.0109841041937757 0.00562900170655977 0.00352953090375058 0.049552519148665
0.0026716051092076 -0.00784180568902153 0.0223636877770559 -0.0141508882306776
-0.00511714327596778 -0.00487025447553967 -0.0316611530621696 -0.0263015849446261
-0.00361850743654334 0.00341049455007812 -0.0561448350467077 0.0120820669698676
0.0016437279507657 0.0018521087193783 -0.0308401339885843 0.0522868710591419
0.000339193532986138 -0.00101373132322387 0.00825020854168223 0.0513680791981831
-0.000540724222672716 -0.000338057303129516 0.0263654409611847 0.0330485096953634
-0.00359404716258148 -0.00194235236529703 0.0325823583875326 0.0201127912447536
-0.00474580855846784 -0.00182829632776713 0.0377814659608239 0.0138162570143233
-0.00455077451507628 -0.0063593316035835 0.0374252493478809 0.0215103657499651
0.00202718685602753 -0.00896069060887952 0.027693819949133 0.0347783272649008
0.00704637351731122 -0.00611420911708114 0.00851928065257537 0.0456707831232276
0.0134618968348817 0.000302561770751105 -0.0176902661449384 0.0615403070103734
0.0127050810118747 0.0088648542869349 -0.0374377694125034 0.0667077468193546
0.00606591953421364 0.0205491962804751 -0.0276478826340056 0.0781171457844694
0.00841509439246935 0.0280730994971207 0.000140901174551254 0.0471764577990546
0.0143567571939068 0.00971132600815511 0.0236747877469656 -0.0151797183866532
0.0112722662816439 -0.000870450735881004 -0.0281127602730732 -0.0309281341348195
0.00718564090945716 -0.00815475940004123 -0.0582046806982559 0.00555360491024765
0.00378515820834584 -0.0133454494565423 -0.034721907549087 0.04842441614828
-0.00532192932829048 -0.0138819407725301 0.00343222764414396 0.0495967136024791
-0.0111525785351466 -0.00792900138290843 0.0213648745090085 0.0328117806483967
-0.0146081843964337 -0.00892268154346012 0.0284372864855297 0.0182589497565308
-0.0157915071944101 -0.0107924076516021 0.0344227802798633 0.00956392978650121
-0.0120807260588468 -0.0230314832324367 0.0379579854602801 0.0133798856043097
0.00745666595085022 -0.0289853546590186 0.0341322209551621 0.0259865596945442
0.0252716990595497 -0.0181135436370716 0.0203177818570945 0.0414917995684585
0.0370508753261855 0.0104236700203256 -0.00615565509232661 0.061034307174762
0.0239927314895612 0.0372704734720947 -0.0290232978070009 0.062256668080982
0.0031290242620817 0.0492649864488553 -0.0224213523242917 0.0662403289132722
0.00216624502051874 0.0486647996615509 -0.0018626798742037 0.0349711973788872
0.0239361992178666 0.0301029766780947 0.025544557016719 -0.0198983083897401
0.0285750335813796 0.00683247523194988 -0.0219066359732031 -0.0391244112036152
0.0207422152447048 -0.0170878475557574 -0.0583043527266048 -0.0050921162941116
0.00769436797645946 -0.0270827324341988 -0.0376731572320774 0.0396042427801321
-0.00958539292398028 -0.0265470267586753 -0.00427483724307987 0.0432368683305503
-0.0198693173460698 -0.0151936793079206 0.0125425862039259 0.0286702420308788
-0.0239634616521267 -0.0144394776646785 0.0203847939711136 0.0139188392085111
-0.0246550721827427 -0.0164690107819909 0.0265088660264637 0.00221437176880058
-0.0187397728417682 -0.034422097022114 0.0334469151140094 -0.00020342471910749
0.00740064857133063 -0.0441382116431799 0.0383379653925933 0.010317076306465
0.034603975794791 -0.0329065445654065 0.035267420042201 0.030637657621533
0.0560389287812442 0.0100557236993422 0.00908657989569403 0.055613804671698
0.0375651283613949 0.0538962719721144 -0.0206868900806197 0.0556259065940514
0.00444458157613432 0.06912319359405 -0.0176595539361247 0.0473802117960757
-0.00621937816296407 0.0621840163285914 -0.000505888374372782 0.0145259893967413
0.0271225036419968 0.0502760111652355 0.0281253111779111 -0.0285218447109976
0.0432257735076889 0.0180152830231872 -0.012659338494466 -0.0481457718490499
0.0345847352274257 -0.0222310339100431 -0.0520425493755393 -0.0194501146546576
0.0126644948484874 -0.0383494570209934 -0.0390038947394737 0.0244209481493218
-0.0114245174456179 -0.036970379432963 -0.0127898856742199 0.0311667198469175
-0.0258565658962955 -0.0214724205534093 0.000941663897689371 0.0209689426379457
-0.0297681385961577 -0.0182537278717677 0.0093583227141554 0.00774486335925766
-0.0293051327303343 -0.0188826788662312 0.0151733690577986 -0.00502876604066419
-0.0242734538128274 -0.0388868226911133 0.0248454336309082 -0.0134354541999965
0.00289048265792672 -0.0519763591865884 0.037752796838625 -0.00768419558416665
0.0343421231088252 -0.0431784738813629 0.0451924886721545 0.0158766267926235
0.0655986839266391 0.0042659554937466 0.0223843350395242 0.0453007893415651
0.0459909342253481 0.0580522570264948 -0.0142658632582008 0.046227976416707
0.00608102584800785 0.0774016925297833 -0.0144518976989 0.0244658986669104
-0.0142817720473066 0.0651191053782151 0.0047840347652479 -0.011630645802194
0.0232446770706091 0.0622861523792353 0.030368710131891 -0.0395394832887688
0.0490375575300118 0.0293002782505903 -0.000464545254546237 -0.0553221491651194
0.0445315936727025 -0.0204958803223052 -0.0400844084746601 -0.0333802630428408
0.0175579488212056 -0.0421109864384811 -0.0362070448378658 0.00524759545115247
-0.0103866284595567 -0.0416838724969363 -0.0206938238542135 0.0147984627908229
-0.0277379417140593 -0.0242127702049522 -0.0118595876311227 0.0116046844813224
-0.0309772074009145 -0.0182738260254535 -0.00253974423707722 0.000475570510746805
-0.0298162529311751 -0.018106056086146 0.00295898272924726 -0.0133308519698139
-0.0245851630592033 -0.036793244839558 0.0140486461386948 -0.0247911881568129
0.000442006812522273 -0.0506601991185129 0.0322996813827289 -0.0233448212989318
0.0305405915683609 -0.0447408504308908 0.0491758249277139 0.00110261173788137
0.0640754303781613 0.0006585874686115 0.0300384187658843 0.0337630917289167
0.0440156192583267 0.0552124108038302 -0.0110054705322045 0.0361673600160041
0.00482473507151895 0.0740119604602486 -0.012022997432097 0.00195150480920039
-0.0190080876220278 0.0559791235005113 0.0118564759375064 -0.0387773764107954
0.0125486137590347 0.0609242368065881 0.0327008348443312 -0.0508775381423616
0.0423761174827606 0.0351089478570206 0.0108796043360716 -0.0590751614724768
0.0436608976399381 -0.0141992850634791 -0.024498752910909 -0.0422983190237513
0.0187947447665586 -0.0377291472851201 -0.0291762104675399 -0.0137807456045766
-0.0074487516252716 -0.0383786255020854 -0.0266889318895361 -0.00234045864243798
-0.0245831676303267 -0.0224053956491977 -0.023035255681219 0.000643682785597216
-0.0276679207220361 -0.0162656488931905 -0.0144490800020798 -0.0065550682172865
-0.0260356427099791 -0.0160626571206995 -0.0086022667397507 -0.0196575534019417
-0.020989025497762 -0.0315266751422774 0.00397217542062698 -0.0328607080463689
0.00012478146702499 -0.0433576013252312 0.0262437257657174 -0.0347484655354545
0.0264899903016571 -0.03830032409544 0.0487911912175809 -0.00916093201435645
0.0540071617247884 0.00232101488151191 0.0329520806182734 0.0234560025635989
0.0335224474213601 0.0487390239473288 -0.00838093109827429 0.0272147725105321
0.000122079069943117 0.061517969043526 -0.0102426603355667 -0.0168248009120587
-0.0191204471284071 0.036079218171734 0.0189610830367601 -0.0611025718332993
0.00158033102518875 0.0454794445823484 0.0340636859425237 -0.0594879215840996
0.0270966761269493 0.0292878516386726 0.0188660923606651 -0.059972116801809
0.0324014614950958 -0.00664283915163466 -0.0106384042145233 -0.046484254393866
0.0142750264448877 -0.0257773056779468 -0.022636536442193 -0.0279947965256514
-0.00392058111418554 -0.0278579872598259 -0.0310446315100719 -0.0156620934471688
-0.0171707243686315 -0.0169037159001936 -0.0320414509510551 -0.00859958198395832
-0.0203364062204895 -0.0120760669295442 -0.022846799771246 -0.0120757015083438
-0.0186034231499835 -0.0123317384734314 -0.0178497789133925 -0.0248790748208139
-0.0146734920758049 -0.0234242959398919 -0.00310379756052474 -0.0385932941391329
0.00156406200671428 -0.0315255241097129 0.0225202070482169 -0.0416236726383654
0.0222237292106233 -0.026796107852423 0.0479547612125995 -0.014960022479225
0.0400436064285702 0.00660222906844306 0.0339022572656453 0.017876664533157
0.0184490932570016 0.0394502987322974 -0.00683438306767057 0.0200590707386267
-0.0069794911559525 0.0428485394434891 -0.00605499375910301 -0.0308528003106429
-0.0143903391968066 0.0096826729084466 0.0225681148476077 -0.0755807759814304
-0.00757086806727429 0.0190638921538402 0.0323450077624063 -0.0642157263111767
0.00854145567108635 0.0146262904568797 0.0202239764343064 -0.0602326858513307
0.0130011250839008 -0.000874721123134625 -0.0048800129445049 -0.0471854220687828
0.00624530279483328 -0.00919760520839967 -0.0200273568868735 -0.0341365912035009
-3.71299331257221E-05 -0.0113549645986798 -0.0341979796714235 -0.0218371271893541
-0.0065843194174779 -0.00810116826691586 -0.0367007313028604 -0.0136001891533862
-0.0094771233044394 -0.00612035215964755 -0.0281980451660902 -0.0152750754142853
-0.00961777236463578 -0.00731291353546558 -0.0223681247959915 -0.0286525294399949
-0.00753750205028372 -0.0136103646392521 -0.00619160288819547 -0.0427031295076651
0.00176149345702413 -0.0182779166139538 0.0217384902936977 -0.0463074359619059
0.0163158372975942 -0.0142866040847532 0.0477073527867117 -0.0171140098205093
0.0235599133824133 0.00942701452397687 0.0339600578675071 0.0157488814296741
0.00316399818104139 0.0262544395264606 -0.00498935547421459 0.0165148837686184
-0.0129951926208736 0.0195224379218883 -0.000760807707954688 -0.0380260434936388
0.0112367756224432 0.00477624835365945 0.00516788726979487 0.0480063362016126
0.0021805756762507 -0.00766044251137441 0.0214644038099982 -0.0151973003524817
-0.00529910235831333 -0.00449069313507103 -0.0314769392133676 -0.0253145310104061
-0.00340874113316521 0.00361377601792192 -0.0541832356177674 0.0132404468934819
0.00189563363235962 0.00147072522142624 -0.0283023861253063 0.0526968911815933
9.75938672394963E-05 -0.00116738008307576 0.0099323198145046 0.0499977333281974
-0.000527934569085838 -0.000712866559811147 0.0268759743590017 0.0313425197317836
-0.00379334837248381 -0.0020482518192438 0.0320414949718912 0.0181505067927528
-0.00449677409521669 -0.00168874664150827 0.0373123448208887 0.0117002882452003
-0.00503414657259181 -0.00626666177632135 0.0378059980706969 0.0198583375381522
0.00173708286344498 -0.00883182681016842 0.0283771886659351 0.0330659902971085
0.00695336365157349 -0.00647044047720875 0.00840959339144355 0.0450836831143577
0.0134146216678594 0.000150582441904016 -0.0156704461427899 0.0614109635285782
0.0127170560697328 0.0089167371551688 -0.0344961638448416 0.065756484749865
0.00653317470475995 0.0200437954404533 -0.0254961648812474 0.0769642645879002
0.0091850254010869 0.0274878605773782 0.00171876768841999 0.0459020001795114
0.0147208007762308 0.00925129056415072 0.0228703022045306 -0.016098183656991
0.0112975242934585 -0.00136754116438987 -0.0278735604153916 -0.0297802100778161
0.00684013073361305 -0.00814471736230602 -0.0566509654795346 0.0068962440170931
0.0033906301406774 -0.0131336457796942 -0.0321402070483794 0.0487394625952078
-0.00596961599702449 -0.0134011187549455 0.00484583531186116 0.0484809208116016
-0.0110895464648605 -0.00698052087094753 0.021896186165785 0.0310253795974473
-0.0150193064525052 -0.00844575754039341 0.0283960331487974 0.0165419488780219
-0.0159044813020735 -0.0094373808473175 0.0339002512182009 0.0077139438452747
-0.0124262813055082 -0.0227562862970353 0.0376168774907751 0.0112938325761927
0.0063937613428106 -0.0287980720677511 0.0346835499379652 0.024264048908586
0.0243842080123688 -0.0183212838145864 0.0206248877753152 0.0398789268098567
0.0365581592868677 0.00935346756699534 -0.00416262990025832 0.0603831141694845
0.0244584823667589 0.0359996133912568 -0.0266424971811211 0.0615323498542159
0.0043470672794107 0.0486636964674572 -0.0206173235912249 0.0653850236922936
0.00383410285217571 0.0475596590049668 -0.00069639513538256 0.0336128646518846
0.0239752887910598 0.0289539942733827 0.024841454677276 -0.0207681272170127
0.0287832396019009 0.00604435508802879 -0.0221386239188219 -0.0384632496008779
0.0193382865400235 -0.0170429426977424 -0.0566391920048597 -0.00371190470999675
0.00626990492205929 -0.0269048953171297 -0.0361480914686728 0.0402008385031026
-0.0105287909821356 -0.0254793004528413 -0.00294688042802872 0.0422648619175066
-0.0202537219392727 -0.0145202652071316 0.0134325848643827 0.0279002939004276
-0.0237606252500637 -0.0132846090216654 0.0206535702418247 0.0125248718503265
-0.0245431424692116 -0.0149917091393389 0.0260573300807231 0.00129712108411736
-0.0199761116752532 -0.0332641088055564 0.0327196644730079 -0.00145583059209575
0.00500959966880984 -0.043511250231978 0.0384789336520545 0.00898218447906412
0.032702767049127 -0.0332701592387801 0.0351761098115026 0.0293513738507122
0.0556679115533986 0.00815936589419024 0.0103007966563686 0.0548206412863088
0.0382719746207906 0.0521373507803473 -0.0190081903447434 0.0547525688110004
0.00573386289539131 0.068721663647367 -0.0161532065578768 0.04702040278956
-0.00437614044647812 0.0613178493867667 0.000226502131856256 0.014226207126988
0.0279943927962314 0.0482750388883778 0.0269881622878157 -0.0291234876284337
0.0431503770144231 0.016534640668678 -0.0127798942709567 -0.0473696828929502
0.0329171980863928 -0.0227959467898715 -0.0518381119409953 -0.0179767227668478
0.010893212804781 -0.0377957049570172 -0.0377341685723813 0.0247805591990747
-0.0124975434242634 -0.0359835752244659 -0.0116090303251271 0.0310554147442438
-0.0259650893077301 -0.0197029989131566 0.00138072491609146 0.0211574043885834
-0.0295141450634324 -0.0162862246043904 0.00887564650282462 0.00722965925426381
-0.0291630581427616 -0.017180141463523 0.014566245779428 -0.00663973156218181
-0.0252432598947452 -0.0369083261390553 0.0236929508763425 -0.0144482179437418
0.00138090782360145 -0.0509177507353147 0.037021867806871 -0.00894043553382926
0.0320663867824719 -0.0436858135646107 0.0441433505846076 0.0137435621027554
0.0642543390282887 0.00206381647189681 0.0229726235321015 0.0445362832828143
0.0471165472892357 0.0558635289063274 -0.0133991859306252 0.045288671955454
0.00782863308719632 0.0762711562244789 -0.0137047639156269 0.0241574314891554
-0.0123595119384781 0.0645919400899255 0.00421053883665076 -0.0117797601714224
0.0246612854264653 0.0606782870518658 0.0288962937558762 -0.0396000669088212
0.0484090878497267 0.0273974597203416 -0.0011039280997183 -0.0548066941891485
0.0427629332631594 -0.0215276798709404 -0.040393685729396 -0.0315877671208008
0.0153348864606094 -0.0418869379270688 -0.0352348257896497 0.00592640708265767
-0.0120679920217126 -0.0401397970281524 -0.0203242686225523 0.0152531773949161
-0.0276591577498792 -0.0227475673968522 -0.0109888748366068 0.0116554033970504
-0.0305901348235818 -0.0165958570367676 -0.00229959650975234 0.000440646109359666
-0.0294591571464767 -0.0167798326719185 0.00228126743329828 -0.0130317001894052
-0.0254928410287275 -0.0352394160255508 0.0124453820815479 -0.0246407980120151
-0.00109406091519416 -0.0497109552657349 0.0314327960468242 -0.0237398693068474
0.0286911529821334 -0.0445742507267421 0.0476437107279563 -0.000877086978235435
0.0623454826330567 -0.00151465124648109 0.0299139916028848 0.032129998143589
0.0448363002226824 0.0527652693406121 -0.00989212389576304 0.0355346422112388
0.00641425407803722 0.0731994200638796 -0.0119047178165252 0.00269868339274537
-0.0170275552975382 0.0559248773441287 0.0107289351960148 -0.0383761937909077
0.0146361576986143 0.0595752556744273 0.0307318552216873 -0.0507294870003445
0.0423148370562916 0.0327328684911207 0.00995187448811904 -0.058308929250218
0.0424326922607531 -0.0149863792011941 -0.0246191023324326 -0.0410529496654144
0.0167765444023358 -0.0376344377923723 -0.0292042574049312 -0.0133722789791712
-0.00902281162474217 -0.0373437402620484 -0.0268484777176715 -0.00113687980514681
-0.024996592273359 -0.0216793187389658 -0.0223859581111765 0.00141732620773757
-0.0276221115836893 -0.0148815726311012 -0.0138544494274204 -0.00603873756471833
-0.025576485871644 -0.0146371178521408 -0.00935709204921208 -0.0191924082375806
-0.0216314575187493 -0.0302488406627536 0.00300065349344957 -0.0328223104577275
-0.00109138712850096 -0.0420340511275708 0.0250581813378303 -0.0352135821204947
0.0249788280563853 -0.0379004406225604 0.0474001901382335 -0.0107236136103832
0.0527534142909082 0.00033380778240268 0.032512971573395 0.0223366733332923
0.0346997676478961 0.0469194062096985 -0.00833197787053297 0.0266941928333203
0.00127999285148527 0.0605405153639378 -0.0100647808892002 -0.016170746855653
-0.0174134179463151 0.0365494612940521 0.016345357035623 -0.0607381258375091
0.00291302829438325 0.0441366664410452 0.0319663719193286 -0.0585827095160511
0.0276683492374737 0.0279531844750259 0.0172395199953918 -0.0597757029058227
0.0316414334589509 -0.00738575533195429 -0.0115277348625434 -0.0457289900296382
0.0133464168223049 -0.02530459022264 -0.0232600689505002 -0.0270418845185376
-0.0047864520223501 -0.0269603947400898 -0.0313213728431255 -0.0140910981668247
-0.0171184708582558 -0.0158444018733086 -0.0312963510266391 -0.006787935167561
-0.0204461588101152 -0.0108182010125993 -0.0226333496792936 -0.0113522355935311
-0.0186784161517216 -0.0120279671215865 -0.0183071006555912 -0.0242458089415147
-0.0153220986516251 -0.0227494832322701 -0.0043203043314851 -0.0379791528178741
0.000131111452541855 -0.030955370320553 0.0211059768714782 -0.0421004437205994
0.0207552442643324 -0.0268620235070695 0.0466565313113206 -0.0162366313064041
0.0394333822470254 0.00496920441746504 0.0327611938945922 0.0164343984464773
0.0193973840089521 0.0380005656202056 -0.006317448715196 0.0203438166296712
-0.00578075048485796 0.0424729920702405 -0.00719431663718365 -0.0296443220837921
-0.0139097204784697 0.0100139987004954 0.0200608237527448 -0.0749418042044145
-0.00680638611432201 0.0192186499904511 0.0300527173389109 -0.0632492400935446
0.00822356279379103 0.0140099066442969 0.0185509861729946 -0.0601287864796845
0.0126510365017436 -0.000985179288726823 -0.00594908838089288 -0.0472024906034418
0.00562502179670815 -0.00932404176350309 -0.0207552569310857 -0.03377130016433
-0.000451200810124984 -0.0109547039245128 -0.0342655099909095 -0.0200706684216741
-0.0070939590677648 -0.00761678998950309 -0.0359858231852436 -0.0113961205162479
-0.00956378080008084 -0.00551126448284049 -0.0278892315201429 -0.0144838957812518
-0.00910748066723563 -0.00645989675857871 -0.0227511322235864 -0.0271877158618144
-0.00791365313629032 -0.0128259443312779 -0.00754430017774373 -0.041944439780069
0.00131446143800487 -0.0175431023263058 0.0202534162507548 -0.0461666193821664
0.0153028748141109 -0.0145063941006945 0.0463417115148716 -0.0178504499216476
0.0237187895148661 0.00827204810275752 0.0330606155010159 0.0145325987619015
0.00355899448440864 0.0257258797122567 -0.0042072664952922 0.0171289263775614
-0.01185338474343 0.0191487739491906 -0.00219953966850645 -0.0368736957881682
0.00765680259956173 0.00970019497219557 -0.0147382364156945 0.0437804504560935
0.00527729782742892 -0.00578363501477675 0.0252970523770014 -0.00577438825643095
-0.00279729253710006 -0.00621246770263002 -0.0175402921993108 -0.0358471203006999
-0.00407510469401902 0.00188960814226662 -0.0544936847776914 -0.0102514289357764
0.00126904153211937 0.00182755866518636 -0.0471450514815908 0.0352123511477484
0.000694571570470207 -0.00096232100955494 -0.0121315812179375 0.0488175600365431
-0.000212655695339075 -0.000656675457793891 0.010901585538246 0.0387727638636027
-0.00242852679871888 -0.00307170870249221 0.0215724653767095 0.0288499012861687
-0.00329897439024576 -0.0036943966600515 0.0287723530259132 0.0255681853841928
-0.00183194851344088 -0.00771866053589374 0.0267272537410527 0.0330797949021104
0.00567132189852754 -0.0079127957681196 0.0115014996848162 0.040876591115326
0.0094464785787011 -0.00287329876751596 -0.0119948573981923 0.0438809567560183
0.0126351425427243 0.00574426347529504 -0.0394677250535387 0.0485297523515419
0.00834058203717354 0.0142296541974796 -0.0583901872064613 0.0453601134834118
-0.00180492955905373 0.0220901414348272 -0.0560197779233707 0.0584848759430965
-0.00422212601955931 0.0295427318909909 -0.0145312854691579 0.0399162339354462
0.00827237578084505 0.014311179043492 0.0278324259260053 -0.00641691382592728
0.0105337017193547 0.00335157343824945 -0.0117115335670745 -0.039898248923877
0.00948836128947715 -0.00377300192381561 -0.0546318445081335 -0.0176263855525174
0.00864035597835758 -0.0102846525054597 -0.0496277073566186 0.0300026308221089
0.000191493330025732 -0.0143788498818477 -0.0164881779435457 0.0452794620352516
-0.00677199405252172 -0.010885078280813 0.00708670616649475 0.0367821662287198
-0.010373165901751 -0.0131848862067395 0.018681641883964 0.026176177613248
-0.0102977256159084 -0.014991512396928 0.0270500130244804 0.019826396154654
-0.0024957775206422 -0.0253265831438645 0.0298551270680153 0.0251750760973533
0.0173416745754558 -0.0236915412807024 0.021014743748302 0.0356545440503492
0.0299385124155655 -0.00728045318750874 0.00208540814279797 0.0445362769924059
0.0309494919047397 0.0232512507026502 -0.0292144198280356 0.0524846475839695
0.00826217832445145 0.0431496974297842 -0.0505621218402272 0.0458111392564133
-0.0149188882711498 0.0476899977230524 -0.0481662632513 0.049635918017118
-0.0186283764250905 0.0452711779953873 -0.00932835863324584 0.0287078343577334
0.00833641795028766 0.0362342266461501 0.0331207865902494 -0.00997399702122826
0.0232023340604901 0.0176627686344232 -0.00209720457719382 -0.0461408412710119
0.0244872753569365 -0.00679114077696125 -0.0506685067781702 -0.0283993073062376
0.0174178811634497 -0.021269261842065 -0.0500643227275622 0.0203623109295473
0.00122207781675387 -0.0271658336227298 -0.0211503936560246 0.0361438077897818
-0.0114603579252423 -0.0208708169838126 0.000193961935095819 0.0303079866651542
-0.0165726543400225 -0.0214019445878603 0.0131017196879219 0.0198690797561729
-0.0159716757977799 -0.0232147485244326 0.0231647754429372 0.0103665890075897
-0.00556273726086058 -0.0379006928220273 0.0308214934349816 0.0114892417395266
0.0219270665150039 -0.0378537133151402 0.0308677211444319 0.0230953426526072
0.0429760915168292 -0.0171644454368782 0.0193702255482609 0.0404806967490619
0.0488350141330764 0.0295671761817918 -0.0134928310938065 0.053867912466065
0.0154853565036867 0.0627294748439721 -0.0415160957847508 0.0431986345488866
-0.0208814672146371 0.0663745856931706 -0.0369685636752684 0.0341096718636962
-0.0324233704295805 0.054195730944312 0.00127423366972483 0.0118423411419684
0.00350916604405841 0.0547961251471223 0.0391677583731115 -0.0163836204136963
0.0315124886438695 0.0335900666628117 0.0110638623063995 -0.050991345123697
0.0386477846005492 -0.0052839305794498 -0.0399219992517988 -0.0402202871453308
0.0260778662647837 -0.0286913939882581 -0.045838455339486 0.00521924647950654
0.00323203235755379 -0.037000435004402 -0.0247296130210038 0.022467154716147
-0.0145934906659677 -0.0279925449793848 -0.00745108411070583 0.0194472653155766
-0.0201121474019441 -0.0263109238029553 0.00551302021734518 0.0100432834991926
-0.019219177431919 -0.0268978021672804 0.0162582377832515 -0.000734424576958872
-0.00886144076228069 -0.0432166920283725 0.0276399423979068 -0.00399250973961189
0.0208306225188151 -0.0459568329776673 0.0372874713040129 0.00737670822627588
0.0465138986849112 -0.0266862839827581 0.0346297383146176 0.0306789708329861
0.0590606381716511 0.0266431225357044 0.00221350235032857 0.0500795845073272
0.0212270785252284 0.0686722607195328 -0.0325609041794307 0.0379642101469786
-0.0222161292326337 0.0739606026195553 -0.0258428617982101 0.0154271752542166
-0.0405781290988131 0.0543753109235911 0.0163137957981601 -0.00870223269146744
-0.00514786172306329 0.063921145221852 0.0465986298017446 -0.0247434240527966
0.0318512958974996 0.045694431333928 0.0252921142076015 -0.0529673061233874
0.046631400038211 -0.000209808625037361 -0.0230011402262094 -0.0483442174424328
0.0316065422927946 -0.0305285699825436 -0.0355368905269475 -0.0113539332692966
0.00586822480790697 -0.0408241070439699 -0.0258371911609576 0.00461605176737361
-0.0151272609944451 -0.0310962401752862 -0.0146790595796961 0.00625777752614491
-0.0211965349057353 -0.0272661392783719 -0.00263842955210382 -0.000576674322665491
-0.0195509856145614 -0.0267617627169019 0.00795324248189741 -0.0120377098356791
-0.00939497631869671 -0.0421590382067999 0.0219709694728089 -0.0179549928507662
0.0178007401633426 -0.0461224374512147 0.0383097079432688 -0.00861072268511848
0.0433806778332267 -0.0291745075656195 0.0438928273470346 0.0190394922905058
0.0584652590308113 0.022156240602711 0.0132119935049631 0.0423583236784541
0.021051696818518 0.0654695442278252 -0.0258228071909656 0.0303688924266949
-0.0217216454034376 0.0698511661367699 -0.0155720407360723 -0.00413987204554483
-0.0409774624086499 0.0432572594091657 0.0322529466582805 -0.0292514411856007
-0.0136060884530933 0.0586014787234029 0.0519126155831249 -0.0331813706901495
0.0236667870563332 0.0472396426249933 0.0367809647745062 -0.0510731413074656
0.04355103219104 0.00525963691654398 -0.00499088158893788 -0.050370193768932
0.0310305995510863 -0.0260247939769753 -0.0224251078609538 -0.0260300437171606
0.00749084624343278 -0.0368671204635985 -0.0249094967161017 -0.0126309881604207
-0.0129472490711844 -0.0289047542181197 -0.0213533751733231 -0.0074607466290655
-0.0190721508805095 -0.0243692399713471 -0.0108766584203941 -0.0106946641897725
-0.0169123357877527 -0.0234452112461229 -0.00052383255949683 -0.0219687571657027
-0.00779341272317547 -0.0355620082320133 0.0158683449417737 -0.0291387869386521
0.0150610371659752 -0.0392927378741753 0.0369346508697627 -0.0209759628463985
0.0370891184898679 -0.0250192184774186 0.047582245809605 0.00989361614112195
0.0491595973078896 0.0202868343686379 0.0195312049687124 0.0346114934012008
0.0139675000162084 0.0558076447384941 -0.0203409498949096 0.022629834258883
-0.0219812118718075 0.0565413932212293 -0.00547876811435517 -0.0194157454562048
-0.0328029897314162 0.0254060983217612 0.0448118140902569 -0.0463726092236106
-0.0164741896423484 0.0400253969008554 0.0556563293492255 -0.039014534548309
0.012423494197461 0.0362023845927621 0.043174094078032 -0.0476974656193871
0.0301250204595925 0.00690513179909067 0.00922552097243151 -0.0484030647259743
0.0225315259941879 -0.0165463403807082 -0.00985221629716079 -0.0356217465128788
0.00661902177880088 -0.0259559212986505 -0.0233817450776717 -0.0264006142689926
-0.0088953636646563 -0.0209927184280279 -0.0258871293141133 -0.018429475652373
-0.0136367334770127 -0.0179322006278588 -0.0159217932950551 -0.0191096993423729
-0.0122677448047244 -0.0177318377777913 -0.00619635443179025 -0.0296591120089194
-0.00549605763132299 -0.0264622640149253 0.0121433659055789 -0.0360712413077824
0.0119215630210666 -0.0284986911904539 0.0362681268507332 -0.0283470511883286
0.0294623960570144 -0.0163313769933413 0.0487972463360712 0.00454422442953418
0.0344458123116409 0.0194146376887956 0.0221664678980389 0.0291087393891642
0.00348122426367622 0.0417354364121089 -0.0160528193251033 0.0168591519760558
-0.0215387122602783 0.0363420219627324 0.00418433981101578 -0.0304715576207123
-0.0167746672800525 0.00317419256106368 0.050970661711604 -0.0576492489626875
-0.0142162501743644 0.0137746827161412 0.0542593986416633 -0.0430116629188697
0.00165352378270824 0.0156908632151148 0.0435422248599398 -0.0463278360854071
0.0110810226779503 0.00472023472992579 0.0150885311376507 -0.0457737536438294
0.00860929783097301 -0.00542734517951623 -0.00489880296755382 -0.0398729204386049
0.00381605402284487 -0.0101390666881072 -0.0228761731301707 -0.0325857878861808
-0.00293413012809395 -0.00935384883822458 -0.0280498257538492 -0.0247188532296123
-0.0065892679915667 -0.00860830846257034 -0.0191505250234852 -0.0239196257929756
-0.00567951088354851 -0.00950405178955293 -0.00936113468122146 -0.0341633802070791
-0.00244622828940879 -0.0145131901736395 0.0106464054295753 -0.0407542957615206
0.00775330771097805 -0.0157892410847498 0.0371236065375505 -0.0325295337812336
0.0199554930597192 -0.00723990719488738 0.048893689357346 0.00341718035351656
0.0183644969636892 0.016694380414444 0.0226726928854273 0.0271681119293131
-0.00613618700923639 0.0250139950477322 -0.0122314917869313 0.0136793988499246
-0.018167814492803 0.0128933737595368 0.0123199711137136 -0.034464990400602
0.00754573701323399 0.00969177803862805 -0.0142962060898582 0.0437201396887256
0.00484747367409418 -0.00546780922223445 0.0252080556300383 -0.0065278059498327
-0.00306187820451722 -0.00628172423024667 -0.0176547266044277 -0.0361749055286527
-0.00427674339422171 0.00173287026425132 -0.0546909188311639 -0.0102332917264709
0.00121159067048072 0.00210289492568649 -0.046669999223844 0.0358662040798809
0.000684008671636184 -0.000988755064282792 -0.0113804214926589 0.0487917031128206
-0.000397530802192855 -0.000828482008950056 0.0114428261400858 0.0378555603801466
-0.00259479689494641 -0.00322127392339788 0.0223361387812787 0.0288572138750251
-0.00360708433041745 -0.00382695590198815 0.029272255329089 0.0245717906584292
-0.0019550505893359 -0.00772245345128688 0.0271316204992459 0.0327946889112225
0.00563373276152204 -0.00783087954367799 0.0121311555052439 0.0412726954410479
0.00925925824966023 -0.00253192998248333 -0.0118890183808176 0.0446821380502843
0.0125707281406938 0.00580240868452412 -0.0396546336595962 0.0488085909835857
0.00781448099222475 0.0145602250167233 -0.0576090645871923 0.0448623344243955
-0.00152191821136947 0.02282980755559 -0.0563716392141949 0.0589714142714269
-0.00411966038715192 0.0295627627457113 -0.0142076338784713 0.0400066601337715
0.00875720121209011 0.014248158231675 0.0278746594124482 -0.0071362900018797
0.0105697090091808 0.00357397458294798 -0.0116779271312537 -0.0404349831284481
0.00923158891807471 -0.00391809815555732 -0.0545826360933157 -0.0170308879830696
0.00853288812893056 -0.0106636725009383 -0.0491361373690719 0.0309543877402812
-0.000233206390332678 -0.0143757803105919 -0.0158218710921637 0.045195355662859
-0.00707954516363481 -0.011045657712352 0.00711748258563116 0.0362836530208796
-0.0106732988828837 -0.0126872286062759 0.0190705412777538 0.0256689164148383
-0.0100627121687426 -0.0149938143411529 0.0275163668566845 0.0188915799928172
-0.00310052906627662 -0.025694493969454 0.0308866428001388 0.024464026168918
0.0169817889816934 -0.0243268900546321 0.021618489353147 0.0353093405202896
0.0301280200729055 -0.00749013984184778 0.00166089826402924 0.044686731021178
0.0314007522207379 0.0228944103292648 -0.0288686683849074 0.0532326729113795
0.0091088586618377 0.0432817294761598 -0.0507024440509985 0.0451883822168474
-0.0147121939842913 0.0479437310948542 -0.0480167942071966 0.0500155977693888
-0.0183354917300768 0.0460568497945663 -0.00901992845619804 0.0283607331361658
0.0090919640462928 0.0360036529450961 0.0327392322405935 -0.0111094155387343
0.0230595736171049 0.0175377121863064 -0.0017847653220514 -0.0464335146850469
0.0246402956764925 -0.00677896867332527 -0.0507973389416541 -0.0279712004210689
0.0169731342679751 -0.0218680130927537 -0.0495108267386952 0.0205182220655865
0.000372735512334672 -0.0272148885872647 -0.0206879810004016 0.0366349724754277
-0.011932880803566 -0.0206293278323725 0.000769293139294387 0.0302084907050374
-0.0167049123400931 -0.0210694062956847 0.0131612336913537 0.0191520550544954
-0.0159253245229705 -0.0231836689151044 0.0233990890367008 0.00938428699529929
-0.00596895722666854 -0.0377571999164933 0.0313462217745883 0.010928779714906
0.0211859840330247 -0.038673213550436 0.0319231787516829 0.0231507480166938
0.0427127110497207 -0.0173850025375266 0.019284251678446 0.0404789172549927
0.0494646584539569 0.0286127545294389 -0.0134396359027175 0.0541437684838041
0.0158496844161705 0.0623529124142734 -0.0409703375137477 0.0434573217354656
-0.02125549624786 0.0672473810477253 -0.0373874070988381 0.0348065327405158
-0.031356838329977 0.0553623129157152 0.00122316186352491 0.011581866474259
0.00428532767598849 0.0548797407887923 0.0394205693336764 -0.0168440142826579
0.0316724989391791 0.033007356788149 0.0109530812981132 -0.0515384285967367
0.0385505045751328 -0.00618024134558094 -0.0403328735849816 -0.0400969914881939
0.0254464197930739 -0.0290155776240193 -0.045289977227263 0.00569381779771496
0.0024488212383138 -0.0370403780482738 -0.0245948775001534 0.0228576790319914
-0.0149928508846771 -0.0279094427350453 -0.00723770547333319 0.0196631042329496
-0.0206797032088634 -0.025503611341402 0.00531088121991201 0.00983078948350471
-0.0192849727598664 -0.026260992405519 0.0156910847723511 -0.00153762535354032
-0.00931067665849295 -0.0432516761304429 0.027643498120535 -0.00434406188420509
0.0200424585500522 -0.0469372386309703 0.0378383578800718 0.00665951057395141
0.0461008616910486 -0.0272319962268231 0.0342754087853207 0.0299626342106865
0.0593579274573039 0.0260485751300524 0.00176272953853326 0.0502309327458487
0.0224539782679849 0.0693376592534192 -0.0327529330414693 0.0380038218661081
-0.0221295337225579 0.0747938632512555 -0.0262035224122507 0.015856645300545
-0.040464387486108 0.0545034270565037 0.015748835718253 -0.00916391855308716
-0.00407697433822874 0.0637693315292879 0.0462446404056106 -0.0249980320353653
0.0321670364037155 0.0448976926890923 0.0256800286170783 -0.053285421574221
0.046569070044404 -0.000417876869494126 -0.0233940906316544 -0.0485016663407212
0.0312801951866289 -0.0307501614360391 -0.035241161035748 -0.0111918133617217
0.00476259392606934 -0.041011500563623 -0.02632699699681 0.00503465855149646
-0.0152217292013573 -0.0306360124123664 -0.0149824114546259 0.00687634366244956
-0.0218908939297095 -0.0270261767702643 -0.00308824986820729 -0.000585814865493473
-0.0199741955159107 -0.0263985204171347 0.00755746110091357 -0.0127924744637433
-0.0102956343253354 -0.0422227398554238 0.0218908871813477 -0.0185913150105054
0.0173091464999639 -0.0465463457093817 0.0387440121938768 -0.00923327181733178
0.0428588155561107 -0.0298346240108864 0.0440007101592833 0.0182290822226489
0.0592693108685962 0.0217004352233517 0.0132025104310092 0.042527694676662
0.0218909061052669 0.0657674008556403 -0.0258888266305643 0.0306640137711763
-0.0216707288363607 0.0709523152186653 -0.0155632559963758 -0.00351139621762274
-0.041108155568474 0.0442466501967001 0.0320452835178987 -0.0300208990806539
-0.012772213355306 0.0588853952553364 0.0521761371977551 -0.0325848271641735
0.0243256980980783 0.0471768998029691 0.0372016360931606 -0.0517288030586702
0.0438173070418894 0.00450828765685487 -0.00492279444814474 -0.0510851356580248
0.0305253154286545 -0.0262423910523228 -0.02222172929179 -0.0265291077258485
0.00665621342436062 -0.0369507476370653 -0.025354886093663 -0.012497881216645
-0.0130595899061157 -0.0286565583105239 -0.0213433247825869 -0.00729443171811058
-0.0195177273278085 -0.0235760428472964 -0.0106238585226075 -0.0110131066707756
-0.0172261013688602 -0.0230732022952632 -0.000885876505452596 -0.0216905479507166
-0.00851692642998377 -0.035449400698139 0.015260632485136 -0.0291997140068245
0.0141219675962895 -0.0397138773347691 0.0371842066688758 -0.0218310188627832
0.036443188774984 -0.0252748651122106 0.047740145991852 0.00925298215601385
0.0493910731594951 0.0195911325468169 0.0190525581007098 0.0340842882227772
0.0146229235705993 0.0561034731499506 -0.0207744471759793 0.022866490266922
-0.0214739974695183 0.0567344554416062 -0.00542325719019314 -0.0195013502323099
-0.032422956807876 0.0258880994653823 0.0450007380402284 -0.0467966366203052
-0.0164129440610706 0.0403310230151752 0.0559412869332641 -0.0388591276464379
0.0125494294595879 0.0360983517422037 0.0436858804537104 -0.0479219412719362
0.0303713818700236 0.00639323811498245 0.00966262198738749 -0.0483520870535323
0.0220706041342838 -0.0166701206017929 -0.0102797382013579 -0.0364391578572742
0.00601515166464012 -0.0261029085127773 -0.0238247933614088 -0.0260107112013227
-0.00901762344351213 -0.0212761671124905 -0.0257753031419928 -0.0178850305178398
-0.0142371904439112 -0.0170163478110223 -0.0160186564162072 -0.0189036902876124
-0.0124974530101335 -0.0172685021160494 -0.00692580618551294 -0.0295812704456152
-0.00583390279846852 -0.0263581027844265 0.0118118138435455 -0.036842350704296
0.0117614658313506 -0.0282859820847055 0.0365650200090272 -0.0296156446638779
0.0288870910844994 -0.0165781122291 0.0485926936177928 0.00403402151331713
0.0352317193450072 0.0190724411919604 0.0216673400237944 0.0290482217256934
0.00392344630431305 0.0425471082319864 -0.0164606706616405 0.0174148802095274
-0.0211744384822929 0.0368997855834841 0.00364497208637719 -0.0298164600895028
-0.0171396255014794 0.00330810826666453 0.0505419590237962 -0.0579505662878527
-0.0144031451540084 0.0138797191066866 0.0545407496393458 -0.0429141397421991
0.00146012517377461 0.0154839422826076 0.0434438195202935 -0.0467938555663507
0.0109215735295519 0.00443630700877039 0.0155222610309904 -0.0462609964690756
0.00849538935299046 -0.00537713908925883 -0.00526765875226773 -0.0400488182758136
0.003687584020819 -0.0101794611463837 -0.0234216376711872 -0.0323761373853156
-0.00315149770819357 -0.00980972810860247 -0.0283492325712619 -0.0239492591053647
-0.00672017279894167 -0.00858176617204687 -0.01962292271962 -0.0236528188123509
-0.00596803846924434 -0.00936478869105701 -0.00989625119396356 -0.0342351150241763
-0.00285320378756678 -0.014717209608766 0.0101122792338439 -0.0407855831996798
0.0071560747122363 -0.0158979753307379 0.0371495656562479 -0.0335128823395389
0.0197955232036491 -0.00711791706538794 0.0494809953761527 0.00267804793263992
0.0189371566215516 0.0159492496967519 0.0230626851055073 0.0270161730378878
-0.00598390680248985 0.0255446116626662 -0.0124834932454031 0.0142201467623677
-0.0178299374099183 0.0129444373575271 0.0118428770011082 -0.034499347457152
0.00799740796718113 0.00950147857946927 -0.0132488507806571 0.04473314097125
0.00489065152959954 -0.00571658874149239 0.0252572447594103 -0.0079819388204136
-0.00331047308003009 -0.00649529924736165 -0.0188725758858633 -0.0366812590348235
-0.00417299312903822 0.00195079576875837 -0.0553609401775142 -0.00899345476806523
0.00158150294601713 0.00207529801312595 -0.046476458730703 0.0382077889875514
0.000281991654556446 -0.00103263519399316 -0.00968984852757318 0.0497073527043535
-0.000521288221513878 -0.000869545684230869 0.0124301766595942 0.0380382940859009
-0.00276510451192423 -0.00307542561489269 0.0230920655289082 0.02796042554917
-0.00366725282398648 -0.00363827015565688 0.0304163325970754 0.0233464407204476
-0.00216757109829351 -0.00786375420874771 0.0291477603425062 0.0317361830857648
0.00530490702635736 -0.00813043807783242 0.0133548046185599 0.0414827531472375
0.00954223780955509 -0.00289094280073766 -0.011871934977685 0.0456661849994041
0.0128349335484402 0.0056558610109324 -0.0387186130586081 0.0505663787900664
0.00809315170421569 0.0142080940208143 -0.0582570841138207 0.0460803330505193
-0.00130383021840093 0.0232424334178916 -0.0558228720062188 0.0612544578454757
-0.00337989608402714 0.0306700811817889 -0.0134703828178369 0.0408939126452314
0.00910425817500476 0.0145206642059388 0.0275997995879295 -0.00812884760664426
0.0105363880641007 0.0037881207185941 -0.0125411053545459 -0.0410109168762597
0.00953716211864399 -0.0041414797656327 -0.055605315805908 -0.0165349733926059
0.00811569779337977 -0.0109134376818253 -0.0489578787565496 0.0325698584612474
-0.000653425868199572 -0.0143040153329692 -0.0145421202671495 0.0462892950595276
-0.00766284151151002 -0.0112340327251178 0.00861499391903453 0.0361958953742635
-0.0108494993893675 -0.0124888080151676 0.0200180708664316 0.0253885604485674
-0.0109235603069885 -0.0151587288466578 0.0288661265945458 0.0179694676189309
-0.00401309224108722 -0.0257591756372414 0.0321352481505459 0.0234320740162204
0.0164484164432157 -0.0251929821232098 0.0234887278476056 0.0353971196386541
0.0300394647277621 -0.00796790184669294 0.00206916145675103 0.0456221464956084
0.0320360859021026 0.0225981161792761 -0.0282684294512945 0.0544991356350584
0.0097152146861319 0.0441171012302181 -0.05028034085869 0.0462352797247816
-0.0136541941168065 0.0498949787249784 -0.0477982772601311 0.0513630730651348
-0.0177121083315935 0.0473250918073541 -0.00873399452532488 0.0290287299925491
0.00982731677857768 0.035880595201097 0.0329999544979906 -0.0118256346194588
0.0238280202477773 0.0172878104187214 -0.00209718800851849 -0.0471897887737149
0.0243152628334548 -0.00757691155053828 -0.0513648805268092 -0.0271788546920223
0.0162341647341169 -0.0222525011482835 -0.0493527390794088 0.0220270312477713
-0.000323098741747629 -0.0273216485987646 -0.0195121149426781 0.037931878415591
-0.0128291875795008 -0.0206434298444587 0.00172657177063979 0.030092681504127
-0.0174865448093682 -0.0204780033941392 0.0143029095365841 0.0188256869537677
-0.0167671244132242 -0.0225688355757828 0.023746634500959 0.00884679992665284
-0.00752618760341098 -0.0382447744377704 0.0322878398706324 0.00950059571518724
0.0202897359604843 -0.0404077182936402 0.0336583024769838 0.0222327311733315
0.0425503028106915 -0.0190317652989143 0.020062001391888 0.0403652559344711
0.0508703096437389 0.0276943951375704 -0.0129420545197591 0.0553909853450141
0.0176550465392126 0.0635872783611214 -0.0413962968646431 0.0444980205667347
-0.0199248734317669 0.068851909840132 -0.0372356837191451 0.0363353855752836
-0.0307408909792256 0.0571611513881078 0.00147724456667071 0.0117109157592414
0.00611446925407079 0.0553141577829843 0.0394141468876524 -0.0182306501472705
0.0331698998903744 0.0329037901209519 0.0106368261418429 -0.052813756251854
0.0388656017171691 -0.006914938634296 -0.0411503509721869 -0.0395317117520501
0.0246100220081156 -0.0307364007294118 -0.0457464421452009 0.00671403029731821
0.00125964070246672 -0.0377619663004476 -0.0239197148291088 0.0235958848134885
-0.0159137581080856 -0.0276851069423814 -0.00655278143517835 0.019749593045251
-0.0218279210111787 -0.0254266329461946 0.0057157621016669 0.00957144179068181
-0.0204054248485447 -0.0263100475059703 0.0158604579880924 -0.00228548724874537
-0.0107613603730102 -0.0434820583301225 0.0278039234686175 -0.00611760587189217
0.018850331311448 -0.0480264004184424 0.0392572605887047 0.0049540098908289
0.0460529300506092 -0.0290024226244936 0.035394564337147 0.0295786628370835
0.0609925742419796 0.0242432658421172 0.00266525319037711 0.0508330394247715
0.024333421885221 0.0695999719188349 -0.0332288864764466 0.0390902162758054
-0.0212343386111273 0.0767529806181529 -0.0257839012139725 0.0168499282432466
-0.0395356147370815 0.0572396564352308 0.0160547053468296 -0.00959171973208288
-0.00246587586447337 0.0648767778521291 0.0458853745808411 -0.0261256928558929
0.0340346220104635 0.0453529371933264 0.0254615339842233 -0.0552476172920133
0.047058763309794 -0.00202915925667333 -0.0244943855396467 -0.0485456171226485
0.0306295774282634 -0.0324172632246161 -0.0359893752521381 -0.0109533919837568
0.00358352083134278 -0.0416777412164651 -0.0260808610129933 0.00558185057962781
-0.0162161787737912 -0.0309921071172112 -0.0146744086477032 0.00727962919136992
-0.0229911547583797 -0.0257328731020319 -0.00291750720636792 -0.000700215485308703
-0.0205351309125961 -0.0262043423552879 0.0066287561254558 -0.0133059544848142
-0.0116760937587163 -0.0419432984895573 0.0217523882728629 -0.0195358883988624
0.0156074649758757 -0.0476948703754154 0.0394664185263322 -0.011186169678536
0.0422043117656629 -0.0313675108429875 0.0443285659067853 0.0169167439730258
0.0604648228351991 0.0203657363931316 0.0137527650993254 0.042443570587455
0.0240558477844689 0.0658776928000169 -0.0260940988278882 0.0318682692703589
-0.021137623179864 0.0729891055712433 -0.0161354285656864 -0.00310807493879233
-0.0402107522121701 0.0462497385152984 0.0321352244547588 -0.0309407656361525
-0.0113177095399581 0.0598185775759238 0.051996242892093 -0.0344121303539211
0.025986646949804 0.0472508110558636 0.037843775599292 -0.0532402431718692
0.0440769024170462 0.00342987963244149 -0.0056950453686656 -0.0516804363510775
0.029775930963578 -0.027575926469636 -0.0227424866032455 -0.0269082643176735
0.00497979759445037 -0.0375290910667441 -0.0258768687193517 -0.0117944665601801
-0.0140714138033603 -0.0285134279614136 -0.0217115395511247 -0.0063699552627248
-0.0201695004527261 -0.0229734110626448 -0.0108404168526167 -0.0105038369520422
-0.0176529804719737 -0.0226055246339413 -0.00146292152626047 -0.0224307666402578
-0.00985166846891854 -0.035791663330938 0.0153384248110959 -0.0301917704264282
0.0128915410803687 -0.0404352464727796 0.037514767419668 -0.023415028411135
0.0363597441276248 -0.0260629942240657 0.0486373550241335 0.0075822890940784
0.0503018360123995 0.0185073299260315 0.0195763373874436 0.0345237205136953
0.0163536529605158 0.0566561721880204 -0.0209756802286116 0.0241603454154261
-0.0210199491117227 0.0584509163739481 -0.00655695891405227 -0.019606422753666
-0.0320010132531808 0.0272551547899444 0.0447901406692832 -0.0484643841239733
-0.0154638815257928 0.0416659209233087 0.0554290803998795 -0.0396922819772867
0.0138818899649961 0.0363044719388363 0.0435479354206219 -0.0498422756718574
0.0308317763994046 0.00578082167053481 0.00924213794477663 -0.0495827021188427
0.021696472922779 -0.0175366579532533 -0.0113323022861294 -0.0370199210856131
0.00479646566681649 -0.0263886151390395 -0.0247438865487961 -0.02597431040578
-0.00950069814315511 -0.0211176742839745 -0.0266194169351555 -0.0171419884963838
-0.014692769728712 -0.0168502424994312 -0.0168366570836116 -0.0183199812007451
-0.0126190279632516 -0.0172980223313881 -0.00807845900893815 -0.0298551930881594
-0.00689632586271127 -0.0262482352618252 0.010808981208648 -0.0372761157834988
0.0108245058197517 -0.0290878073392905 0.036523983185139 -0.0307595471618208
0.0286641621377284 -0.0175020476099975 0.0492681705970753 0.00264828463279452
0.0358994627575369 0.0177526153184656 0.0227298167001054 0.0288196530674162
0.00545197881249713 0.0429627592199748 -0.0166780986689453 0.0185298278121153
-0.020691900158373 0.0380012333118266 0.00314465057561362 -0.0304404187236302
-0.0169429544040779 0.004045984932056 0.0506018564900109 -0.0595842209599462
-0.013736676169621 0.0143287238012581 0.0545348670517459 -0.0435761784430837
0.00168945987548434 0.0157911803517221 0.0432531591537922 -0.0477748532785773
0.0108819897781091 0.00381181343635844 0.0146005292653833 -0.047460195121483
0.00834928703623709 -0.00529902199721322 -0.00625164082202743 -0.0415273596092372
0.00328716254146814 -0.0101695675179497 -0.0250304987814777 -0.0317691009319103
-0.00317873062548959 -0.00945737134343545 -0.0296419346490024 -0.0232152556671562
-0.00726631951757057 -0.00794213714208428 -0.0201372504733808 -0.0228900854221851
-0.00619696372390952 -0.00945600485304305 -0.011244128587251 -0.0338062553297844
-0.00342827377246444 -0.0146859323101163 0.00938858027215561 -0.0419652137428098
0.00735594237054284 -0.0158529980993612 0.0367587206160941 -0.0353010595222965
0.019789330765216 -0.00817633521025652 0.050323107045458 0.00158085939624693
0.019394846330729 0.0157408624436331 0.0232638670718163 0.0268116261273866
-0.00481573808254861 0.0260072422355041 -0.012299484337168 0.0153765565699649
-0.0181224154070976 0.0137000711654847 0.0112623621328324 -0.0347119749342057
0.00846812301371391 0.00918534378310446 -0.0109233684238927 0.0449656255676095
0.00457827464754957 -0.00572249451727909 0.0244393371778965 -0.00921598683121021
-0.0035844562844644 -0.00614628967968208 -0.020431462066731 -0.0358996708091615
-0.00387886073597 0.0019092213412512 -0.0555880970019564 -0.00706551888626677
0.00152785558331909 0.00139858625255832 -0.0438868473153177 0.0407183683267281
0.00029821776162741 -0.000773733739990554 -0.00781900905159991 0.0500930828758879
-0.000947270208263382 -0.000845359518514302 0.0140179661650324 0.0367875409674107
-0.00296946491955409 -0.00292803963161715 0.0247350497809838 0.0263289269467412
-0.00376257767671767 -0.00374659473216748 0.0317120531001344 0.0217310949032384
-0.00293498315151388 -0.00746734122352481 0.0310137864787881 0.0303390505904598
0.00481848049890595 -0.00873424704262618 0.0156561613765255 0.0413817261792897
0.00959547021075523 -0.00298408148186704 -0.0102434384971216 0.046599074355725
0.0130035042944049 0.00485856277729578 -0.0367532073179657 0.0525602610532966
0.00853588110214624 0.013932533699805 -0.0562584603473111 0.0482641047309827
-0.000276852956199428 0.0233174104213574 -0.0536273393519245 0.0636808179614518
-0.00204025405380033 0.0310280106341132 -0.0112663766367472 0.0409200483113602
0.00979222091839183 0.0142469117916372 0.0275767139844645 -0.00949173564365708
0.0109588037527609 0.00283373870919797 -0.0140273851979102 -0.0407334013739171
0.00888191280113567 -0.00445890564897505 -0.0556288664695607 -0.0140587112103684
0.00764050369428358 -0.0111227306249787 -0.047026859795191 0.0348155274745581
-0.00168417069644841 -0.0140870264612758 -0.012149324567379 0.0467137099459123
-0.0082698122580675 -0.0107090882601995 0.0104577589073219 0.0356425533590195
-0.0118062263649408 -0.0123252102278116 0.0217079431816833 0.0237936638400972
-0.0114614843948625 -0.0143551411241773 0.0299863766481415 0.0158340590045531
-0.00519234980288602 -0.0254468005324364 0.0334897661875067 0.0213524455724857
0.0148203129968487 -0.0262367678145925 0.0254412000654375 0.0344340896228719
0.0303123780283466 -0.00919985152973034 0.00358255364568104 0.0458011253480376
0.0328614903804338 0.0212957422025725 -0.0260429155294996 0.0562033629068112
0.0119357219676399 0.0440597653670682 -0.0489008861254879 0.0481971395796628
-0.012025918177537 0.0511504434343447 -0.0458521001403371 0.0541248732751757
-0.0149630051651744 0.0489064478737808 -0.00744726811032633 0.0292736882376499
0.0118390659240432 0.0357746758265437 0.0324470746260735 -0.0140376594428052
0.0250413675073102 0.0158940861552116 -0.00422318942103974 -0.047621230964815
0.024042173977419 -0.00868934437175483 -0.0525700920708646 -0.0248163896200149
0.0151946366684758 -0.0236876518738428 -0.0481442649205639 0.0243279676573021
-0.00237673921880196 -0.0274997770762518 -0.0180488814002669 0.0384674341808488
-0.0138026731817484 -0.0200385919244453 0.00356792524301296 0.0299725494604925
-0.0188842776756658 -0.0197087594704597 0.0149217736901738 0.0177610368288633
-0.0175130516110335 -0.0217733673095017 0.0240900625431653 0.0066973131293297
-0.00948068090900934 -0.0377959605185459 0.032535560857236 0.00806998904168584
0.0178314743892256 -0.0410548827134001 0.0347771018222827 0.0205775017236868
0.0420020195049629 -0.0211795357446099 0.0213655948683688 0.0396418483613948
0.0521211340838742 0.0253766752971295 -0.010813880085119 0.0564584297400053
0.0207204706258065 0.0629028048119038 -0.0399866505833475 0.0455918647521206
-0.0168348258302069 0.0707814757956891 -0.0355743736240272 0.0378713857811305
-0.0279756808004217 0.0586750611534137 0.00152584569940304 0.0116128996746332
0.00841322523256861 0.054949245455395 0.038238474427683 -0.0199952085135382
0.0349631006391688 0.0311308543387852 0.00891292231709353 -0.0537492650958572
0.0384257602522474 -0.00882438985303122 -0.0424843739459741 -0.037362188577665
0.0235672616708492 -0.0319972244540203 -0.0447088057763254 0.00863436609995099
-0.00109898434680239 -0.0376632190615274 -0.0227207348261616 0.0247804744453756
-0.0175119796279682 -0.0271713024252397 -0.00525562111801878 0.020241363437998
-0.0229738481263549 -0.0237322245827447 0.00653709675684451 0.00964318584551485
-0.0214174390189217 -0.0254699518786213 0.0154329274541703 -0.00392372621177168
-0.0132961983259629 -0.042858054570423 0.0282932490249344 -0.00811395906206367
0.0158995939931372 -0.0491369379774001 0.0400101148303957 0.00324811328517208
0.0445439144212539 -0.031199345161181 0.0363825668547613 0.0283414177241792
0.062715937753231 0.0213989144941978 0.0042905776988464 0.0516378612867797
0.0280394288950276 0.0692171389196825 -0.0314914851277579 0.0401651483588903
-0.0176992527844518 0.0785924314519203 -0.0256098340509248 0.0180249868607121
-0.0369490896235736 0.0595050484517443 0.0152308000788745 -0.0102667699408823
0.000597020894082184 0.0650086970747167 0.0448969528428101 -0.0278698863370806
0.0366110556103801 0.0433327943533893 0.0237040994994422 -0.0566447873077613
0.0471817569799371 -0.00429290819137433 -0.0263059929962705 -0.0476788951611354
0.0289731937929374 -0.0342844239179019 -0.0356941076958504 -0.00951337073233493
0.000934867783000798 -0.0418176357939611 -0.0257074762076039 0.00665876873947981
-0.0181828397209865 -0.0302850553217156 -0.0142427994806143 0.00795638355314531
-0.0240306141072019 -0.0247579603692777 -0.00301255512053025 -0.000473665972740884
-0.0219853105824026 -0.0249130383437108 0.00599162385509701 -0.0140046731256694
-0.0141320020065495 -0.0414626408674787 0.0210042515560105 -0.021186510044765
0.0132888847752018 -0.048848342543651 0.0393647312552773 -0.013749643508613
0.0408152133206576 -0.0335235955815201 0.0451104957694536 0.0150917473208304
0.0613979608220627 0.0170619076018224 0.0151131719092967 0.0425010487335455
0.0274218538985874 0.0655169205127844 -0.0254336559664612 0.0329205491294941
-0.0179608084550882 0.0744180738522178 -0.0161949506544526 -0.00201183389479681
-0.037818469919447 0.0482803839210976 0.0304425005256181 -0.0323414645865872
-0.00855260962105739 0.0602705867373671 0.0509162810622932 -0.0357959318866966
0.028227257446145 0.0457745431969861 0.0351453599231764 -0.0551374672685033
0.0441195095447765 0.00112588626025855 -0.00728182426445302 -0.0514580714064014
0.0280612731292015 -0.0291126766257766 -0.0236507511024095 -0.0263007169936089
0.00285028155992545 -0.0378344375166776 -0.0269751634373743 -0.0106917474243871
-0.0155450120246955 -0.0281117101744573 -0.021883265635493 -0.00490586063051784
-0.0212930482192477 -0.0216802267595914 -0.0116020411277998 -0.00955093602572173
-0.0188137532053841 -0.0220585881475182 -0.00326646002353128 -0.0224526675894836
-0.0118870250503046 -0.0351558639467527 0.0137939577556514 -0.0312187873622836
0.0115724011572595 -0.0410286981104918 0.0371607134816345 -0.0257037727578898
0.0350230070463052 -0.0280091695931072 0.0484076484722509 0.00536615536500988
0.0511873430861629 0.0155929943154813 0.0211826960518292 0.0335444760660621
0.019608574981763 0.0563392028725837 -0.020017947189759 0.0252404361144441
-0.0184449568900712 0.0599151548309235 -0.00690839616050799 -0.0187176465288374
-0.0307626073162194 0.0287982537305594 0.0426340212283482 -0.050900567202987
-0.0134893629845102 0.0419628708907649 0.053829702351048 -0.0419633695214818
0.0152715011310494 0.0352703761988086 0.0416254134731617 -0.051693224372242
0.0306903947403002 0.00426187890169476 0.00731386123289426 -0.0502429649403798
0.0209171213561678 -0.0192169662941442 -0.0125240624121362 -0.0375459879784176
0.003743681992366 -0.0267113449452218 -0.0264427116843872 -0.0245250698394753
-0.0108235215222383 -0.0204325683367171 -0.0273665261671782 -0.0155629852162199
-0.0156187434872867 -0.0154227311820834 -0.0178414613952207 -0.017180777264148
-0.0135712425636534 -0.0164587294138844 -0.00969270642935685 -0.0295030508424927
-0.00807667147110487 -0.0257070936973239 0.00891834667163658 -0.037959817389728
0.00942522432911914 -0.0298506995741743 0.0347093641837457 -0.0331681786744483
0.0279745893129426 -0.0186475083074457 0.0497348795457871 0.000296366739523365
0.0363357984704467 0.0161186084896722 0.023623986507972 0.0285639536888277
0.00735461990390288 0.0429383028634075 -0.0159426051670746 0.0196726852549448
-0.0188271569060983 0.0390374275298946 0.00142408412165948 -0.030564809023039
-0.016633020574736 0.00468537087583004 0.0481773529655799 -0.0618894678153017
-0.0132569935833213 0.0150792488428024 0.0525425961352101 -0.0458299395747722
0.00234637636091874 0.0155631308415426 0.0414267759517508 -0.0500140655749925
0.0109710703152489 0.00354677360077254 0.013457791159621 -0.0481406260431959
0.00818605454800414 -0.00604630860375312 -0.00818443861874213 -0.0416664419468579
0.00242237625058546 -0.0103138930805961 -0.0269060531717856 -0.0308409445383877
-0.00409835346975793 -0.00945408473449619 -0.0306961916272156 -0.0216070008534944
-0.00721221173037058 -0.00723796107305077 -0.0215089442305315 -0.0217943700587966
-0.00679998526755899 -0.00949681418551712 -0.0128593857408432 -0.0330598407341784
-0.00443296752662106 -0.0144134778483568 0.0073379868380133 -0.0419654277645911
0.00607224742067962 -0.016528566572643 0.0353884257371398 -0.0367366261071669
0.0190266886118557 -0.00915895080871322 0.0500100962866298 -0.000851625575543594
0.0196019601920237 0.0147340032114963 0.0247015381245063 0.0261837818368263
-0.00367934825144363 0.0262919472718996 -0.0119733540792013 0.0159956272661727
-0.0171561996071264 0.014757448100987 0.00985180257361661 -0.0350896638627165
0.00869956246044734 0.0087289657099983 -0.0083585289493939 0.0444284689003759
0.00402540520350367 -0.00574403839162066 0.0233373264979133 -0.0102366358369372
-0.00416195436663432 -0.00543182781575212 -0.0210397685064238 -0.0340356811769418
-0.00383814751971742 0.00197605332969781 -0.0540080766394101 -0.00427554068979145
0.0016471658949369 0.00140945550349202 -0.0404377786602338 0.0414076903885648
0.000232505478960714 -0.00125249236658328 -0.00462454570712408 0.0487516470138983
-0.000873078225497788 -0.000730551860533103 0.0152574631519811 0.034666038445053
-0.00326319657364978 -0.00269052953839392 0.0254990157207777 0.0242722063793394
-0.00371379715606846 -0.00334791692818876 0.0312002321400926 0.0188667409456934
-0.00260967794858792 -0.00733143607499236 0.0320732864449328 0.0274311353708987
0.00407538261290375 -0.00893379035076745 0.0174460828508464 0.039474006858439
0.00899548871479574 -0.00337027868934239 -0.00818432602530205 0.0463691339819997
0.0125429305449184 0.00382766826530785 -0.0329361433797531 0.0530640961432944
0.00896388533788291 0.013287289260008 -0.0528761462688953 0.0490204153041339
0.00137864142009292 0.0228408125604586 -0.0491959330246023 0.0649347661775003
-0.000373444045284429 0.0300367287831967 -0.0094307557035443 0.0405332475799379
0.0104614614015843 0.0131030997182919 0.0260423329137705 -0.010977456298269
0.0103587954612972 0.00226146241786992 -0.0154211608555383 -0.039429949416978
0.00872906346506367 -0.00472358932421334 -0.0545504789510397 -0.0112693114430528
0.00681271795766224 -0.0115908897255344 -0.0432769960292654 0.0361889389666894
-0.00243870862685181 -0.0141704158491942 -0.00956312848559519 0.0459527957583527
-0.00829661672820483 -0.0100508428468082 0.0115035879741015 0.0336473430072214
-0.0122109940935561 -0.0110807877371373 0.0223363760869821 0.021876190284841
-0.0121295032976241 -0.0135822422072057 0.0296689999418605 0.0131186263607788
-0.00661599527361685 -0.0247036995656622 0.0336269147830266 0.0186791237243262
0.0127746419094616 -0.0268317594579863 0.0269045839568002 0.0321461964694292
0.02864193121181 -0.0103248617708758 0.00505266664037759 0.0448833135832116
0.0332757465065288 0.0188157444318205 -0.0228690833178289 0.0558439646974028
0.0138349941585531 0.0423710730542044 -0.0458490712008918 0.0487876657257589
-0.00918463639736882 0.050618205219415 -0.0420643558261678 0.0545271021322261
-0.0121546087143708 0.0483250376753596 -0.00567073373116496 0.0294214377496055
0.0130286173856843 0.0341105187390304 0.0304195888670304 -0.0148747821612494
0.0249957136682943 0.0142159019583702 -0.00606420965594485 -0.0466875121211465
0.0226232915337094 -0.00966532582755503 -0.0519081831635884 -0.0218042088655029
0.0135969961329377 -0.0237047614709552 -0.045389365400307 0.0256369497341568
-0.00392407266215369 -0.0262784218930686 -0.0148319987074507 0.0383634720325952
-0.0147573844878545 -0.0184582346439413 0.00472321359209863 0.0285692174466538
-0.0186968571449045 -0.0181438602218468 0.0156021136571693 0.0164401490538733
-0.0183683194187561 -0.0204017781330239 0.02353517018211 0.00464883248141653
-0.0117763506540335 -0.0364995065642516 0.0325073103940897 0.00510699934346324
0.0152985183734094 -0.0414540818387133 0.0356327516174513 0.0177640650149016
0.0398920258915286 -0.0226177242447351 0.0220839108521413 0.0377530168813113
0.0519607646958771 0.0219920986267528 -0.00798615601117714 0.0555349043129361
0.0232458560858386 0.0606143633411601 -0.0368556798705336 0.0460766508467554
-0.013559562010798 0.070338136632627 -0.0331150603708335 0.0385094883730749
-0.0243365132289464 0.0590116208098783 0.0022817762377161 0.0115617676042677
0.0110436656808708 0.0530517077946068 0.0360700225776876 -0.0211187425681487
0.0357574258027598 0.0287722614266199 0.00674793333439375 -0.0531638400585735
0.0368379452207151 -0.0107167394373378 -0.0427993365389031 -0.034641866954811
0.020573621321248 -0.0323534835663057 -0.0432472044343108 0.00977640006576539
-0.00311088829824807 -0.0364421430062563 -0.0208699525287999 0.0254616954737774
-0.0187842997915273 -0.0255609912286966 -0.00413472404301127 0.0198668758381036
-0.0233096856637758 -0.0218217895802468 0.00654728156731566 0.0085706311173847
-0.0220661750047232 -0.0233545112582798 0.0148607719901979 -0.00471362526713223
-0.0154712502734425 -0.0407285752939706 0.0268104587295181 -0.00942527927473657
0.0122988184391212 -0.0495094151066628 0.0390137955553094 0.000674024880607804
0.0416183504978614 -0.0323963066852867 0.0359537686495254 0.0255170440974101
0.0622330282812424 0.0174927340657906 0.00634147182888737 0.050162025996242
0.0306310291762879 0.0660753351552014 -0.0289063106727801 0.0406021823895137
-0.0139526830483434 0.077694371487311 -0.0237532331528703 0.018632623601537
-0.0328788596036337 0.0592292628209602 0.0140565132335365 -0.0105147954401485
0.00345773767456916 0.0629034458663096 0.0423672500747455 -0.0292840120706998
0.0377445481171282 0.0402459264844902 0.0209228396726421 -0.0566073036668649
0.0451818459730092 -0.00685388399047226 -0.0275308299800898 -0.0451640472449502
0.0257970436454702 -0.0347627886095646 -0.0356048871266278 -0.00833747998891446
-0.00150268519278823 -0.0405501256868056 -0.0251016141233895 0.00806846625705993
-0.0191384757436238 -0.0282584494631492 -0.0129951917719971 0.00840484291614896
-0.0246963637595145 -0.0225114581530583 -0.00323914591565586 -0.000181489989228934
-0.0222230475609835 -0.0235581926149343 0.00474739607732992 -0.0138107116971491
-0.0162886131327748 -0.0393781895722599 0.0191082321044644 -0.0220586667572848
0.00995225382061129 -0.0480811590584255 0.0378641301639407 -0.0152227929459144
0.0376000865859195 -0.0343950158949416 0.0440100093518832 0.0122633837889129
0.060455121599914 0.0127964436713703 0.0162459975290646 0.0408624120834099
0.0302375816868439 0.0624029369218856 -0.0234291501364573 0.0333259331856371
-0.0140077700302432 0.073956547325808 -0.0155389188330595 -0.000849279257233995
-0.0343860464838342 0.0487936619447172 0.0279433394238292 -0.0328911950758313
-0.00534002613861358 0.0588889485078942 0.0479954696064618 -0.0371401226074727
0.0298104440439503 0.0431604787221482 0.0326512190391829 -0.0556252374449177
0.0431320336299405 -0.000597357139581758 -0.00932773502434607 -0.049112623919236
0.0258464124166071 -0.0299073343089831 -0.0244105771562696 -0.0248932563097454
0.000564531657212678 -0.0366032490049888 -0.0265968833299243 -0.00916862237520601
-0.0167059159472129 -0.0265112271052354 -0.0217145151682154 -0.00367275791315701
-0.0217194780315912 -0.0191782337068934 -0.0114116856326272 -0.00864874977118906
-0.0193046230536414 -0.0204290151573047 -0.00457986415846745 -0.0216587349895735
-0.0136534807195355 -0.0333451656644454 0.0113953382958177 -0.0311727849218296
0.00842633723584675 -0.0406846507431241 0.0352172870203126 -0.0274794979296577
0.0322623494694421 -0.0287697883292869 0.0469657042537787 0.00254404119600326
0.05042955815922 0.0124411477192346 0.0212864356275925 0.0322198491362469
0.0217945533808158 0.053912164736825 -0.0186357037373927 0.0258635702539825
-0.0146899454974827 0.0594037088900987 -0.00782430084261424 -0.0176915348643593
-0.0282572267035087 0.0295860202692503 0.0390568299153018 -0.0508985257801423
-0.0111750965000289 0.0414419604744238 0.0508696645813959 -0.0431141715690658
0.0164992503563822 0.0336668007678174 0.0387461826876144 -0.0521902227276687
0.0304271416400123 0.00286914507132367 0.00511198717420181 -0.049392942688206
0.0190903325845955 -0.0196747980554178 -0.0142120453478644 -0.0366128169482337
0.00159886539218417 -0.0258943343007483 -0.0268917083492422 -0.0226087919926842
-0.0119577173925925 -0.0193532226578529 -0.0275745077852469 -0.01344639176658
-0.015817688472445 -0.0141447115431199 -0.0182892398761486 -0.0155217006031561
-0.0138665996892722 -0.0151248404012982 -0.0111652197418901 -0.0274445865638701
-0.00949966993328836 -0.0247690556511597 0.00651845311173234 -0.0372839475290941
0.00768367016473412 -0.029173876509121 0.0327071580696206 -0.0341388360451288
0.0258504867094061 -0.0195322445265188 0.0480596835424538 -0.00234002539397462
0.0361703134297037 0.0133787035320389 0.023617809434099 0.0265747399401023
0.00961807874886856 0.0413595143944084 -0.0146274183583207 0.0198511766391912
-0.0162210240210454 0.0394975223591385 0.000101261263622575 -0.0296395610798192
-0.0156431290610953 0.00540345415292828 0.0442316992456677 -0.0631962135542628
-0.0116244427301382 0.0155959048463459 0.0499460281810563 -0.0464686163450913
0.00296222104051807 0.014831423669202 0.0383069150930262 -0.0501816686409518
0.0105767802208244 0.00317395613969883 0.0111114912192777 -0.0479672701108607
0.00757867441442331 -0.00610588045333133 -0.0100014887865043 -0.0408879922797176
0.00250599113576925 -0.0102053240502975 -0.0272965937518362 -0.0285303660871654
-0.00473745782874394 -0.00892860069980321 -0.0311068452524595 -0.0190214153041779
-0.00699838408803114 -0.00666759621875217 -0.0218738955732456 -0.0197813173696857
-0.00740202606039967 -0.00828524363503714 -0.0140262575183004 -0.0308839738703726
-0.00532038021525328 -0.0135788918512188 0.00506093213188498 -0.0412732405668108
0.0057229596438611 -0.0164796778339683 0.0325549435867605 -0.0380429062299419
0.0178948980250789 -0.00977902507723725 0.048626733283448 -0.00347325169516974
0.0200272957915478 0.01293902882993 0.0244671442516746 0.0248576861617068
-0.00207370120068868 0.0258277058789786 -0.0106718352853305 0.0163907571616414
-0.0157376965383912 0.0153896552772542 0.00721827080676106 -0.0344720570331911
0.00976382085365708 0.00764388246299016 -0.00376288842682962 0.0425559501193816
0.00318877926317826 -0.00582509860957347 0.0206781357929945 -0.0123315328203981
-0.0050005582443019 -0.00493034297183831 -0.0239934972812954 -0.029304869616728
-0.00316515713777242 0.00235960176715117 -0.0514847649049545 0.00276764311109007
0.00151962210945805 0.000662640880061135 -0.0330171109606147 0.0446206578005529
0.000119237558189681 -0.00113677699917762 0.00142027577006305 0.0464199605695438
-0.000753407114873368 -0.000537795330265015 0.0181865605277414 0.0315507261840105
-0.00316341401626434 -0.00227403263351707 0.0264891233118555 0.0191214121288237
-0.00413691646965108 -0.00283493053729529 0.0316041559368804 0.014256547320769
-0.00392016042590244 -0.00675229784574046 0.0334662431970287 0.0213280460158475
0.00278303941679963 -0.00956289993745425 0.0205674138886431 0.0351115924706096
0.00887745012328326 -0.00388674375772426 -0.0024163782521672 0.0451073421694334
0.012821084608652 0.00198501321852746 -0.0245632859122467 0.053977612896998
0.0104749625917131 0.0115816319475402 -0.0436464016683225 0.0525176524498108
0.00476321106822184 0.0217075809090199 -0.0390747585365612 0.0677680967932229
0.00365612741706556 0.0296240626670546 -0.00475691068523908 0.0372587294458318
0.0108358173400535 0.0111646523842431 0.0226060461887091 -0.0137587989858629
0.0100681212882456 0.000801761176192056 -0.0194718574186921 -0.0356455203122026
0.00716488497393393 -0.0055586025141071 -0.053606354615182 -0.00349143891017066
0.00470850759124986 -0.0118495699788338 -0.0368056204286906 0.0399638490124703
-0.00383991100353945 -0.0125465182489238 -0.0033675230629657 0.0448879160030076
-0.00917596791254994 -0.00816889194380763 0.0149286934328069 0.0308254163729674
-0.0124754071993603 -0.00929013022672948 0.0230999418767424 0.0177815589292106
-0.0127218580451103 -0.0117524916689962 0.0285891761901226 0.00913424395513018
-0.00928425397077373 -0.0224568831405107 0.0339215937449792 0.0129790809041173
0.00879867776459525 -0.0268346713802235 0.0286688167838722 0.0266685640565903
0.025844365786114 -0.013282755624063 0.0102199507194353 0.0414553170207846
0.0338213974718396 0.0132212016894775 -0.0140336742423467 0.0552661428354576
0.0183390224628706 0.0378449493528956 -0.0359572273270084 0.0527225425257914
-0.00104856025103441 0.0484570782311741 -0.0339774606331908 0.0588537448068689
-0.00519975060891196 0.0490164500344961 -0.00208980774799541 0.024404060261543
0.0164716731912425 0.0302867458232755 0.0264935410505134 -0.0184661117117035
0.0248527504058706 0.0101192972643071 -0.0116764832975147 -0.0444932452182581
0.0201949882484005 -0.0113843989920289 -0.0532143860092067 -0.0142208522237743
0.00996673922354721 -0.0239489317490461 -0.0404426919112933 0.0305112242671095
-0.00649527941184043 -0.0244201332302547 -0.0104793494598645 0.0386360292204274
-0.0156579187784935 -0.015526496707068 0.00714461993233425 0.0268518016188802
-0.0201939625148701 -0.0142204462947611 0.0166262745880022 0.0132402424982901
-0.0199423475176815 -0.0171268608000534 0.0218647781714372 0.00149907444833123
-0.0153962965894108 -0.0327608133838313 0.0303724093361348 5.92820449487978E-05
0.00879030833813549 -0.0409409328269273 0.0345424121149625 0.0121114989716882
0.034777102440646 -0.025866564994603 0.0254461737682888 0.0324887537683947
0.0516416451078708 0.0133844034646305 0.000260214719672532 0.0528805309715965
0.0297510591849001 0.0535227572121096 -0.0275026881723702 0.0496361564486705
-0.00284815131069697 0.0667583432359431 -0.0275778466590637 0.0429215833555528
-0.0158174217556089 0.0604889485553562 0.00447558613891876 0.00590535601698641
0.0161754321846935 0.048525043313999 0.031314929854545 -0.025558086461936
0.0367695879021399 0.0224911452346013 -0.0011987456388603 -0.0536348545360112
0.0334978868130326 -0.0138394565002325 -0.0462013167163105 -0.0272155117570204
0.0154414346435362 -0.0330180531971776 -0.0404711028696486 0.0152034271025896
-0.0074001252102346 -0.0336723089651123 -0.017868146292065 0.0272403030274742
-0.0200014953736739 -0.0216545794083391 -0.00200111699430145 0.0203561562849524
-0.0246566273056824 -0.0174163506181375 0.00714263182999276 0.00710819822160582
-0.0236558872293247 -0.0195119194890035 0.0122215320441626 -0.00672602657872299
-0.0197391093539833 -0.0362248999637285 0.0231733337188836 -0.0131647948946596
0.00546987868879757 -0.0477865603740486 0.036312911339779 -0.00498841127082513
0.0351544835950872 -0.0355917903127796 0.0369474843513983 0.0186339582048309
0.0607554561295953 0.00796773597927517 0.0132819073053717 0.0456350561546178
0.0368906598446989 0.0575831268495158 -0.0201901894274013 0.0437868623931437
-0.00248590086182636 0.0745660498812403 -0.0213764828044918 0.023220537044305
-0.0239201266865513 0.0617578403227914 0.0140564408485413 -0.0169059864687534
0.0104784232245839 0.0589221931076894 0.0361442005955061 -0.034396786725273
0.0399763988252846 0.0335942631366621 0.0118222003997597 -0.0583751234343373
0.041796626581333 -0.0111020675330584 -0.0326811688616097 -0.0399376037791056
0.0203702685956891 -0.0359375146174003 -0.0362849351432446 -0.00343380562536072
-0.00620846137156287 -0.0377951317156748 -0.0243272204966594 0.0113191352992725
-0.0214143056971908 -0.0245356602939535 -0.0125822265896071 0.0104548636939284
-0.0255463190383528 -0.0181555057422198 -0.00306783800579502 0.000315026980975791
-0.0237921809058428 -0.0192640140063532 0.00208757648312333 -0.0137775224150383
-0.020330481261346 -0.0346816013790042 0.0140282130613284 -0.0238439516791548
0.00244014371891719 -0.0464924281715343 0.0330467378746253 -0.019786457155429
0.0311326961394396 -0.036843597106737 0.0428338413294977 0.00546523059409232
0.0582408685466393 0.00369498791185201 0.021170542824698 0.0362522818880284
0.0358807883993138 0.0543020723961628 -0.0156354115442613 0.0368940184775883
-0.00317603771607752 0.0705850727107097 -0.0155658702310535 0.00307823548132727
-0.0269782974575903 0.0515807115293024 0.0246270375679719 -0.0391975936319365
0.00154017798467299 0.055977109739822 0.0407223257624941 -0.042448443468287
0.033089955095527 0.0371825994518633 0.023696082070891 -0.0589056166827442
0.040381620469847 -0.00544323132322546 -0.0161139331670946 -0.046830419400512
0.0206332324565133 -0.0312178695835613 -0.0279762571616098 -0.0205258592315287
-0.00394645585518316 -0.0347593549827727 -0.0277902105646824 -0.00470859872563239
-0.0185812436684763 -0.0225741881112892 -0.0215894641046067 -0.000443358915306497
-0.0225226173993384 -0.0159356592106979 -0.0115454961621752 -0.00667019767633571
-0.020418663265621 -0.0167014881066195 -0.00766057798224624 -0.0198651929007213
-0.0168390825474359 -0.0294260589209973 0.00647095471817766 -0.0312655858795847
0.00240038147663825 -0.038972098136388 0.0289017602389236 -0.0305977239083176
0.0264686979309099 -0.0307189368813147 0.0445422469224173 -0.00408928196065029
0.0481471562215306 0.00427070490088366 0.025211727248738 0.0276713512905317
0.0271478841781103 0.0472824864855982 -0.0129713890544829 0.0286655809210187
-0.00666843007084224 0.0575469561312605 -0.0100746282720892 -0.0144280864233557
-0.0231714134208507 0.0318779044752304 0.0335139984516277 -0.0560190462295165
-0.00620484393599577 0.0400917115556753 0.0433823638848508 -0.0472337631030711
0.0194873729670315 0.0291624178213405 0.0304206212956887 -0.05620739882086
0.0285638639862838 -0.000734286558219691 -0.00203227089232665 -0.0484346863960826
0.015691309683668 -0.0207603369447997 -0.0191543566994455 -0.0325692158370174
-0.00106906180829863 -0.0247488679360305 -0.0293985630737835 -0.0174192838805779
-0.0132958401848768 -0.0167334744453539 -0.0283171947180465 -0.0091881319168353
-0.0163364759649872 -0.0111022682563759 -0.0190436514103674 -0.0121708066704631
-0.0153163898915135 -0.01253122970804 -0.0138744738962891 -0.0246875115746226
-0.0120619523741404 -0.0212808383677201 0.00124563598611537 -0.0364218022551157
0.00296845587356396 -0.0281059354982876 0.0264948391580444 -0.036716280201091
0.0216943429502136 -0.0209200286450198 0.0448502113460279 -0.00881429478533082
0.0348370575545986 0.00765866390905121 0.0262550847389799 0.0222857758306442
0.0138445855744376 0.0369189367002251 -0.00987975850526387 0.022520284345049
-0.0106497385246578 0.0382850431599722 -0.00374311565159791 -0.0264198297557049
-0.0143274568504531 0.00662333765254795 0.0360499685107561 -0.0652822465206015
-0.00948386535764397 0.0154819225444892 0.0424254592144234 -0.05004616863645
0.00458105906938371 0.013314828542849 0.0305271023800767 -0.0531844530334145
0.0100374348192999 0.00185541539666256 0.00430681339685326 -0.0475827579738632
0.00654936470532313 -0.00672616462257519 -0.015649380413344 -0.0377288041718839
0.000727525142650549 -0.0100662407351821 -0.0300735017054411 -0.0235787413039226
-0.00526987600893517 -0.0076007716909343 -0.0320971046525812 -0.0137962528699146
-0.00740729528221308 -0.00540073741148039 -0.0230926502254958 -0.0157877708290229
-0.00809309560810641 -0.00675753802235609 -0.0174751541188805 -0.027537274934118
-0.00684297543531109 -0.0116225570463505 -0.000660076434229107 -0.0397448904916973
0.00284030715879416 -0.015736028687048 0.0257121436726433 -0.0401185303331025
0.0150324963212823 -0.0118530330812709 0.0458845516936777 -0.00957185870868585
0.0200530606142549 0.009409325547412 0.026308459146977 0.0206794393689463
0.00129687827615062 0.0238596949589287 -0.00746048584247742 0.0186852869081372
-0.0128073800901563 0.015630568039258 0.00196427710561428 -0.0329372763130168
0.0095328855040615 0.00744819450981412 -0.00339897489785344 0.0404988258666555
0.00318481756179665 -0.00542976867359618 0.0192804911608003 -0.0110530424492892
-0.00440637180517589 -0.00438083872244825 -0.0223261990510535 -0.0284177185308294
-0.00335393031537438 0.00193568817117291 -0.0496201485515609 0.00177902375294064
0.00161436653041176 0.000620518828463349 -0.0319477709231571 0.0421531480238692
-8.8445287531112E-05 -0.00101668254253709 0.000804112925300412 0.044709281431214
-0.000795617141147899 -0.00051800239440257 0.0166305342775506 0.0294396777582347
-0.0028513608739613 -0.00216401840310376 0.0251271000435632 0.0183231564036195
-0.00390985742514923 -0.00323079709072728 0.0300675355828841 0.0130325669508653
-0.00366276646166343 -0.00654117205849618 0.0318510705649585 0.0199258719166892
0.00289496000866303 -0.00900188308022327 0.0196700420305163 0.0343313338405794
0.00867421229140366 -0.00401050066545255 -0.00300035791677702 0.0436466520648907
0.0122062174477099 0.002389332429322 -0.0241663743326163 0.0510057771655843
0.00996372685660754 0.0115991625996841 -0.0428161144801431 0.0488801481308613
0.00430058988651944 0.020854597790827 -0.0385881679009685 0.0639921670063297
0.00357222562300712 0.0284259637960823 -0.00439877382234058 0.0350851415590584
0.0107188098268212 0.0104434801009317 0.0217766898348018 -0.0127426078280712
0.00915804238937935 0.000914693794688331 -0.0179950660993762 -0.0346431807812448
0.00679522896928583 -0.00513890693868472 -0.0507541777831352 -0.00445597814069593
0.00459857368502515 -0.0115102258794169 -0.0354060761434454 0.0378280324687881
-0.00351565474355618 -0.0120444985237592 -0.00373772238754018 0.0427765983324162
-0.00818563268291446 -0.00772788942285091 0.013811007296211 0.0288996095156338
-0.0119263587708161 -0.00832859197121122 0.0218175885239584 0.016418604215199
-0.0122387217215269 -0.0109490091197823 0.0269697333913056 0.0087602903597106
-0.00899973571209174 -0.0214934042277323 0.0320271764543144 0.0124059234158089
0.00787080870097707 -0.0259222166738342 0.0275328179011737 0.0258407740442969
0.0251068353968691 -0.0126472839794956 0.00877880921826317 0.0402512522114314
0.0322762846358354 0.0128844767506628 -0.0140223578405032 0.0522821164328859
0.0173831743068337 0.0360795660136868 -0.0348921331610861 0.0493708351934572
-0.00183364860448655 0.0458257091774317 -0.0332386497340606 0.055343949610194
-0.00518543317769761 0.0464251958516842 -0.00227426651476847 0.0233810274916672
0.0150568709412397 0.0287067496746768 0.0252223602457027 -0.0170516440653539
0.0239588289684 0.00954664832666242 -0.0106025812291268 -0.0427039210889
0.0189156925828891 -0.0108626170800805 -0.0497791843794381 -0.0143775800973885
0.00936697350199002 -0.0228265552201574 -0.0387522973460876 0.0283942847147849
-0.00616652594525945 -0.0231701496682342 -0.0101935356242478 0.0364340317462008
-0.0150361082498012 -0.0147948824876631 0.00640011615579489 0.0258706976582653
-0.0190271474433156 -0.0135986926094992 0.0154830640346743 0.0129240709002964
-0.0185405301909213 -0.0166381854830121 0.0207632925942111 0.00129012579225019
-0.0150059721952313 -0.0308325827924363 0.0288981526086367 0.000326688915265348
0.00807171219307348 -0.0389870032453497 0.0334680833513396 0.0116359166497132
0.0331855000905171 -0.0243264139432003 0.0234122969626415 0.031464413805914
0.0491842710463411 0.0133291290048155 -0.000565197945630903 0.0508428482273242
0.0275190489189709 0.0509521269433087 -0.0268478963648897 0.0469499687941183
-0.00346849521804113 0.0641504746708456 -0.0269673698424234 0.0407236335913632
-0.0152711738983417 0.0577329492947817 0.00414457753797861 0.00581066803444219
0.0147052028068904 0.046427131301283 0.0300307130808104 -0.0239814439496408
0.0348190000903739 0.021486372182704 -8.79504413513282E-05 -0.0511297240658343
0.0319113126367668 -0.0130444774571806 -0.0436292639276511 -0.026647743285541
0.0143367999859708 -0.0316175425600341 -0.0390617770968208 0.0135853376972932
-0.00725148946994584 -0.0322596799206219 -0.0169670536019633 0.0254023361441411
-0.0191621464866978 -0.0206351796812162 -0.00213848339782108 0.0188614357995226
-0.0234383943984415 -0.0166162537550495 0.0067484773807756 0.00671931004288419
-0.0223191920515726 -0.0186861041145868 0.0113502737731075 -0.00621535712679164
-0.0189494956503767 -0.0345634789819318 0.0216360733442841 -0.0126007703682386
0.00531551893569528 -0.0453438253468987 0.0351784201521555 -0.00488761232591117
0.0333165142822969 -0.0332714936238409 0.0350888004809927 0.0183584698082749
0.0575832327516749 0.00746576767591017 0.011827683692813 0.0434140074296944
0.0344691213300912 0.0549241891720993 -0.0202231039560822 0.0413397640008916
-0.00337050312190939 0.0709337052103584 -0.0205910933987965 0.0219476276076131
-0.0231800596805403 0.0587875185918454 0.0137345446723614 -0.0157858815148582
0.00929943059627259 0.0558397116477923 0.0350547873866614 -0.0318050439486
0.0380527341937016 0.0317219939309696 0.0124851906070589 -0.0560253732245892
0.039881072950556 -0.0103591727576349 -0.0302604630596705 -0.0383158554836871
0.0191446012565029 -0.0339613176716886 -0.0343156625214685 -0.00407913672895274
-0.00568317102639772 -0.035941561942685 -0.0228613302330937 0.0104396210196482
-0.0199925427174832 -0.0233403463070201 -0.0116201642698712 0.00959816745415452
-0.0237796500875358 -0.0171772108851031 -0.00257646114962298 -9.14745029031508E-05
-0.0223755337244979 -0.0184947509551765 0.0018268677972445 -0.0132558822345545
-0.0186930454794186 -0.0330464037462582 0.0131102170251574 -0.0226475615788153
0.00248756763722117 -0.044045086443801 0.0315747631796205 -0.019021522306658
0.0297687923465975 -0.0348590280943313 0.0401729222923282 0.0055200316437787
0.0552945606635486 0.00416985811739221 0.019683179411232 0.0346952350216798
0.0339643575472313 0.0521249295621933 -0.0155266886401875 0.0348852260810135
-0.00391296986353904 0.0678257124069495 -0.0148724545771105 0.00278523222664083
-0.025883517679948 0.0489809902105283 0.0242974942453579 -0.0369331100384492
0.00109860611072318 0.0536239138563372 0.0391231679884798 -0.0395478276284564
0.0311560261823284 0.0354013472170346 0.0229174095993525 -0.0564709882024558
0.0381913233771586 -0.00503877057761628 -0.0138940932380888 -0.04499886833102
0.0197118553147831 -0.0297334683236249 -0.0260547166451988 -0.0204284544027778
-0.003924728459115 -0.0328068840932397 -0.026544503796847 -0.00476797133595396
-0.0176560960877894 -0.0218260855451816 -0.0202084577080343 -0.00019389003328169
-0.0208698643022279 -0.0151238743264621 -0.0115941791134721 -0.00627900427092727
-0.0194301437749348 -0.0160356576623465 -0.00740735267527236 -0.0188860826548769
-0.0160732398815108 -0.02776417591786 0.00596695565550276 -0.0299564807674822
0.00239420670665495 -0.0368858589786088 0.0283475432373186 -0.0294899699708147
0.0250099864381139 -0.0291495142997309 0.0423511205160261 -0.00372324384187136
0.0458507851329583 0.00466840620458443 0.0232555994096687 0.0268714064529923
0.0253628002961079 0.0450038263379796 -0.011945096528658 0.0274172326871949
-0.00690556424736577 0.0547826220819024 -0.0100214588202335 -0.0135042584924692
-0.0224151612997301 0.0301264728105171 0.0323399943989107 -0.0529877543773533
-0.00612733857627093 0.0378691657011638 0.0419891155587079 -0.04419602341235
0.0183441981498908 0.0276390223040985 0.0296067457761656 -0.0532132175983769
0.027057345489958 -0.000599255373111482 -0.000957461454202489 -0.0468963735094748
0.0151294911869031 -0.0194894804913943 -0.0182079109802715 -0.0320927465619588
-0.00104483987580719 -0.0231859055639279 -0.028273809322759 -0.0167422626078523
-0.0125628998732101 -0.0160236364825051 -0.0265785520459196 -0.0085834695688834
-0.0151444932059867 -0.0104440994389372 -0.018220631503177 -0.0118000324221387
-0.0144643095332619 -0.0118466408919826 -0.0132443551339243 -0.0236338523793404
-0.0112727823124686 -0.0201889399560467 0.00156627120322061 -0.0349896644118639
0.00293625103501753 -0.0269741468511486 0.025298391999112 -0.0352332956696194
0.0208328941932483 -0.0198077101099663 0.042658566652451 -0.00820679223974085
0.0328647400660442 0.00705841229613695 0.0246861114373865 0.0220256509394443
0.0134805772866455 0.0352797106971976 -0.00975901899097712 0.0214121481783296
-0.010360513364512 0.0366311396325613 -0.00377573222016838 -0.0254225252105199
-0.0137817740625492 0.0061578143861038 0.0349641579087019 -0.0620466829848764
-0.00909617191935151 0.0146017703643853 0.0413400074910301 -0.0466469176261063
0.00385568228340982 0.0123792282902093 0.0298450598486528 -0.0504683574753697
0.00926345527285758 0.00181147107609445 0.00530023922524466 -0.0458024770580491
0.00632618444235521 -0.00655138832752707 -0.0143223802896671 -0.0370419526086239
0.00123047150726358 -0.00931787266629567 -0.0287261718787579 -0.0223514066303744
-0.00508771643044154 -0.00734519166293277 -0.0303957147905476 -0.0132771630179437
-0.00657672653017063 -0.00473543746604939 -0.0216850606905043 -0.0152428706939019
-0.0075443845336892 -0.00670421443404437 -0.0159537137074731 -0.026644497900839
-0.00606897036329279 -0.0106454341942117 6.16915936760757E-05 -0.0378902206734131
0.00295926200608409 -0.0147723932892627 0.024857463107223 -0.0381387893281354
0.014062348124506 -0.0106271400373787 0.0432275453473451 -0.00809462860399194
0.0186043140100137 0.00901941344938054 0.0250007047350256 0.0200031373649181
0.0017270928424823 0.0228082902644472 -0.00732494092771827 0.0179034552934778
-0.0124674572339226 0.014653951818304 0.00218208274520382 -0.0310392897574334
0.00908782489419033 0.00761169737758541 -0.00482446692683126 0.0392098281198885
0.00327584035385407 -0.00492078655659839 0.0194320305160674 -0.01008016714171
-0.0045081309547111 -0.00476695367415785 -0.0202650543434358 -0.0287175708345499
-0.00310963317069455 0.00201536017390629 -0.048476365945755 -0.000242279521662191
0.0015327970032072 0.000617747392976585 -0.0323774468684212 0.0398519883766136
0.000295317039306689 -0.000945350874454906 -0.000613166715013831 0.0431615836231237
-0.00109204837146883 -0.000869669889100409 0.0154270733973177 0.0295068170987688
-0.00309148464690595 -0.00246985016172558 0.0235972104187346 0.0186944792879477
-0.00380964974145397 -0.00303660097675536 0.0284244985633317 0.0136227531088673
-0.00335082169476221 -0.00723172495050027 0.0300217445767073 0.0206731841671079
0.00268090109970558 -0.00886809045328654 0.0178825114689904 0.0340016063656803
0.0080891022945052 -0.00346793013564667 -0.00469875058610082 0.0434547497736592
0.0112912623233496 0.0029968249919166 -0.0255902635844201 0.0489411667518292
0.00938229878198299 0.0114652357078209 -0.0439772795805528 0.0459048852308585
0.00344633637964479 0.0201644911938731 -0.0399103951678686 0.0612660416644362
0.00267139350407741 0.0277137236730615 -0.00544153354737458 0.0342266821177815
0.00999636790515704 0.0107481572219771 0.0213535936712801 -0.0111502867037448
0.00922708561194423 0.00107310399449561 -0.0164616911076409 -0.0343402581498347
0.00639382808274093 -0.0043733424671115 -0.0494287137256292 -0.00662118059381183
0.00505471529971764 -0.0106402268371651 -0.035489858085014 0.0355433916442838
-0.00307117869581976 -0.0121513833756547 -0.00493836602867186 0.0412587287297964
-0.00812439415084391 -0.00765625202953963 0.0120779604824372 0.0287209110934685
-0.0111826204298019 -0.00874106615287424 0.020537841950747 0.0165436658462236
-0.0114002000586772 -0.0111945629945849 0.0260507057523242 0.00914574353418622
-0.00838321475419027 -0.0212441729336048 0.0307214233633017 0.0125061030464513
0.00879318211746948 -0.0245901802441237 0.0260768044797265 0.0259894187437387
0.0248360477705717 -0.0113174399239098 0.00717994277953722 0.0397603152666476
0.0309427347142915 0.0140895217642631 -0.0156521228220861 0.0507809329145493
0.0154075199038023 0.0359528483774612 -0.0367349051908315 0.0466474161057773
-0.00314571582711398 0.0453465726536418 -0.0341942687102197 0.0529418669944375
-0.0067580181198602 0.0450699137217623 -0.00324742370705412 0.0228331137281838
0.0136335317243077 0.0285543364164637 0.0251218020121879 -0.0150856122239827
0.0228355333642564 0.0101961403174815 -0.0087583294019357 -0.0423876330341494
0.0187005238668204 -0.00937497922522853 -0.0477548644962578 -0.0162264353187775
0.00957359006505103 -0.0219137262247207 -0.0384078273560658 0.0260762389984592
-0.00557946093686347 -0.0231106778165433 -0.0111748697217849 0.0353984655790826
-0.0139474351121983 -0.0149178809102731 0.00572297797810254 0.0249081327021834
-0.0181165239672927 -0.0140352608546185 0.0144240324284344 0.012292299961715
-0.0175053135380974 -0.0168825996617361 0.0196776427868323 0.00215094471009382
-0.0137783394647996 -0.0305625490880282 0.0282346645764782 0.000405094956552462
0.00863221820507478 -0.0380476914355913 0.0325705696229824 0.0121274458488754
0.0334237145340293 -0.0228388508343971 0.0217716308015678 0.0320251933426503
0.0477583826908675 0.0140750554861841 -0.00279758754611041 0.0494551509349159
0.0252956313957593 0.0513301635357642 -0.0280326879000229 0.0450569210495822
-0.00512811094325781 0.0628870814223592 -0.0278129817539982 0.0385843366384955
-0.0171334511660349 0.0556380265668256 0.00383836518116422 0.00623182777627994
0.0128627138415641 0.0454742318706423 0.0294368696591414 -0.0216313991602593
0.0330640021671217 0.0221071297474755 0.00170911274921415 -0.0498502228144595
0.0311773224369978 -0.0116133455858409 -0.040776528398623 -0.0280813584368782
0.0148703621836866 -0.030691248180305 -0.0385436593340014 0.0118336135827646
-0.00587125491374449 -0.0316730229777815 -0.0179490088896483 0.0245246274554848
-0.017976826565601 -0.0204886713922858 -0.00311172470859386 0.018314661083138
-0.0219680044088881 -0.0170073457185452 0.00638074770601789 0.00675082665127457
-0.02096479191255 -0.0193887568241848 0.0112444286544298 -0.00599536291904289
-0.0175651709292126 -0.034545185838146 0.0216467551492697 -0.0115693869725423
0.00593069889764015 -0.0446074295198409 0.0343329553934107 -0.00396605917090938
0.033460454658376 -0.0318380001012045 0.0331326444845562 0.0201407422802786
0.0558568665407908 0.00962234453972979 0.00961375642087893 0.0437697139695283
0.0321096395014086 0.0553384367826949 -0.0212027585785686 0.0400609193706219
-0.0056223229785882 0.069553798047272 -0.0208546593211894 0.0209814847166756
-0.024833939771096 0.0565844892305925 0.0142302500841843 -0.0146463645730709
0.00710542190550292 0.0554696523271036 0.0351215897499472 -0.0295910020626784
0.0360649407439695 0.0323015891866851 0.0141767811841429 -0.0544938500506885
0.0388966555015198 -0.00867682371784529 -0.0276712985061944 -0.0389367063032206
0.0194935565063959 -0.0328950671857524 -0.0335750920066244 -0.00553448500701514
-0.00486996283887093 -0.0351286393696793 -0.0229414279632246 0.00929495008392456
-0.0191285184656763 -0.023021335836309 -0.0114709489254878 0.00916630237876658
-0.0229591050391234 -0.0172996066478006 -0.00252573436482196 -0.000339462506690248
-0.0213562809153757 -0.0193508242092796 0.00168317097278753 -0.0127329860367082
-0.0173504746327214 -0.0328157730173337 0.013970079937729 -0.0218718167773488
0.00339163371603349 -0.0434303564456089 0.0317300176712941 -0.0182269429502219
0.029646029531563 -0.0329994890249181 0.0389385790569547 0.00703551349634773
0.0536267786323528 0.00585475104971154 0.0177011960192671 0.035177583938143
0.0315482744902095 0.0521424483411798 -0.0166386317186191 0.0336579739786947
-0.00613005473621019 0.0658444554531539 -0.0147044739903154 0.00253053743898559
-0.0276941865900341 0.0467754276984947 0.0248752534768813 -0.0341313912829268
-0.000958438725971387 0.0523214137107318 0.0398206427235792 -0.0365651133209112
0.0289716999198656 0.0354361622427243 0.0254271221141076 -0.0541933386536062
0.0375664551677907 -0.00356425909775567 -0.0117534841418184 -0.0450246039254957
0.0202089419089779 -0.0286526850317397 -0.0253055657176893 -0.0216606273191689
-0.00269993986049524 -0.03228689964394 -0.025794496749434 -0.00571579715077661
-0.0168053441528921 -0.0217703244663612 -0.020332853366888 -0.000880291732897517
-0.0202317809648701 -0.0148900828137894 -0.0113033885074907 -0.00660598608522168
-0.0181572961569592 -0.0159526981767824 -0.00656488568525412 -0.018763553899978
-0.0150702332410142 -0.0276608073560512 0.00687793319574084 -0.0290690379640288
0.00333259134474166 -0.0362368028061383 0.0280133276435114 -0.0280503090965166
0.0253545440982839 -0.0272582562005202 0.0412405101954564 -0.00214791939169675
0.0442476963082809 0.00573752012098302 0.0212102280995518 0.0274368199197329
0.0236460414507674 0.0446475415886873 -0.0131083460982969 0.0269250171638169
-0.00815817984818579 0.0529890092148502 -0.00914452510462913 -0.0133471244844665
-0.0231984371610088 0.0287516511673312 0.0338618648273538 -0.0502832104519594
-0.00707453159999227 0.0368174931325514 0.0423885735419744 -0.0413602324668286
0.0167360428024651 0.0278557180497114 0.0312933305584136 -0.0508009344353534
0.0260952623479445 0.000393058608931755 0.00153041608976392 -0.0460404596749793
0.0152192621599878 -0.0188533457881064 -0.016601472669011 -0.0323924311226225
-0.000695222162643875 -0.0229609795290452 -0.0268517362276552 -0.017601173439953
-0.0117168353989242 -0.0155811907606489 -0.0262803987663285 -0.00891079323819804
-0.0142891463274258 -0.0104627621876686 -0.0172561033291521 -0.0126815573136308
-0.0133983674379959 -0.0120434909128453 -0.0125273658159832 -0.0233594254449288
-0.0104122430052304 -0.0196201002084697 0.0023799529137656 -0.0341540974805166
0.00373276348274556 -0.0256144906281137 0.0261635639303234 -0.0335855326076237
0.0202038297286075 -0.0187338776524219 0.0418674439164018 -0.00620943803987693
0.0313003535379 0.00824904671007411 0.0227468819844775 0.0227000664099443
0.0121595744999876 0.0351820788547564 -0.01021009323592 0.0210840498788843
-0.0107354073958485 0.0349665783107603 -0.00286503329569463 -0.024933439924108
-0.0137989576266252 0.00554817099709768 0.0368653895014077 -0.0594533031559268
-0.00938544542735735 0.0141079239031711 0.0422745840558063 -0.0439817776758657
0.00327420148123229 0.0121220426896267 0.0317736129885138 -0.0480072469174317
0.00920111610270341 0.00192770831579093 0.00688292362305906 -0.0450053533901358
0.00594338110185981 -0.00599500715587107 -0.0128319224815019 -0.0369172824716366
0.00107089272192829 -0.0092340471438773 -0.0272194790366887 -0.0229589551549247
-0.00471891300942307 -0.00716900092817254 -0.0295209396063801 -0.0138870223225397
-0.00656331199223961 -0.00504569805597326 -0.0207528247885596 -0.0156997839097173
-0.00714238487944448 -0.00662553199883882 -0.0150123487511361 -0.0259976914608578
-0.00597819881028714 -0.0106099498922246 0.000824709905316332 -0.0371926959829231
0.00312864999108782 -0.0143258230065841 0.0254629713125815 -0.0363763718456813
0.0146254766906025 -0.0096818950932767 0.0429294899552633 -0.00684816270926255
0.0178279131585314 0.00929427060845906 0.0233826000897667 0.0208711338106715
0.00100201271806526 0.0222555402766772 -0.00784136467120963 0.0168721904399566
-0.0123286546452998 0.0138707793480749 0.00316208093311116 -0.0303466441835898
0.00895967749771422 0.00802338405047359 -0.00623123499086971 0.0396054585858669
0.00368441652018947 -0.00528644419578727 0.0199643099212639 -0.00910666241350495
-0.00429041167459084 -0.00484162155106788 -0.0194812004490117 -0.0300467945042882
-0.00320827210646566 0.00222074485975719 -0.049254666170662 -0.00277438902639517
0.0014979924439776 0.000685372079392136 -0.0338257023531848 0.0389837056648333
-3.85975821930051E-05 -0.00086894977824522 -0.00236880665718704 0.0438991952408129
-0.000784315798125092 -0.000515560443903117 0.0140080194693653 0.0304837791290432
-0.00334414603204731 -0.00226093326764427 0.0229107607176638 0.0196944914332366
-0.00350133091668149 -0.0036542234027997 0.0286006145586632 0.0145229434139372
-0.00317894836719447 -0.00712991578227982 0.0299893779544238 0.0216833500019506
0.00343015708792754 -0.00870521040846215 0.0173162463129645 0.0353532705153265
0.0089894411687121 -0.00345124175189684 -0.00649234380770345 0.0438602622725647
0.0115418553183178 0.0035685463437051 -0.0280544130845181 0.0480059431630529
0.00886293538108441 0.0117786915092934 -0.0461135200036816 0.0447365597149039
0.00266112874338021 0.0209830984116533 -0.04265965659049 0.0606047482583142
0.00215103312874348 0.0284091815797901 -0.00708164796737971 0.0350010637164025
0.00967001979540123 0.0112452644508182 0.0222787302941987 -0.0101618132129233
0.0092564809911592 0.00155847574882152 -0.0151933522593046 -0.035572469548894
0.00696222790283 -0.00434560548100503 -0.049507862459267 -0.00846063170310986
0.00526819361937658 -0.0110392792163425 -0.037354169039792 0.0343793389244823
-0.00297529169432191 -0.0120556857301301 -0.00648172128882129 0.0416499371500509
-0.00786985909090927 -0.0083365381748627 0.0111369782739065 0.0292450919273664
-0.0113729764228532 -0.00869622179191161 0.0203639937861904 0.0171489896497326
-0.0109610361715386 -0.0121326424812994 0.0256860216769238 0.00950849989425896
-0.00783886626419332 -0.0217508228409268 0.0306254327792164 0.0132572662312718
0.00951236181650283 -0.0251231950128395 0.0255724242704858 0.0274851196964319
0.0256745237901051 -0.0107364399013255 0.0054846975231856 0.0413390597669631
0.0308212501307844 0.0151620871146993 -0.018368794598993 0.0509355154557092
0.0148207060845437 0.0371970913033571 -0.0392668503813966 0.0455736745030056
-0.00525932237895687 0.0458485685936054 -0.0374984412254487 0.0520780013747322
-0.00817195552491997 0.045954829946085 -0.00379571870734961 0.0237280562009836
0.0126662448126583 0.0297922320171496 0.0260524659523191 -0.0141035525773154
0.0223642180096268 0.0112081079448777 -0.00704941105032892 -0.0432503931325893
0.0190233193213213 -0.0088299072248526 -0.0477873905484227 -0.0187004237541584
0.0102778154019577 -0.0220684320231088 -0.0398071880166463 0.0250002127403976
-0.00480665587982536 -0.0235226399291721 -0.0130458271915464 0.0351659348553168
-0.0138135597738624 -0.0156283949172721 0.00462469362930743 0.0254188745938715
-0.0179131276098331 -0.0146986696145056 0.0144239926084506 0.0128431418931192
-0.0174587840178996 -0.0175073663557226 0.0196309519876954 0.00230432990774479
-0.0127125285237464 -0.0314595861602822 0.0281966714790195 0.00124250334969494
0.010078226462337 -0.0383684527484459 0.0328389304326968 0.0131641879523746
0.0344528629757389 -0.0219075887592842 0.0200436868573343 0.0338883108699281
0.0476178228009078 0.01632377200634 -0.00502478378701818 0.0503693047303512
0.023932083890578 0.0529197920740751 -0.0308648448638409 0.0446133680052256
-0.00759080347430374 0.0638823563973298 -0.0302312768485364 0.0385927097688312
-0.0189014483604794 0.0559224517744595 0.00380283283846819 0.00645854793924725
0.011297410813453 0.0469372180602636 0.0308527231698646 -0.0203118650799844
0.0328589801299375 0.0234883973292789 0.00433718295073642 -0.0510437830045457
0.0318462427994135 -0.0101603485319193 -0.0401831262756346 -0.0304645355162658
0.0162387256137834 -0.0300377279603402 -0.0392981930615427 0.0102734803528602
-0.005167028144328 -0.032250591564349 -0.0188225357284711 0.0241521632052477
-0.0176621550625069 -0.0214402428181578 -0.00329093318622264 0.0182326879251881
-0.0216961469139884 -0.0175214221617287 0.0063131043256005 0.00681808187369875
-0.0204593979028149 -0.0200848704813911 0.0112197387894678 -0.00548416663015032
-0.0164839662992773 -0.0351219389879767 0.0221322541806894 -0.0114927481877449
0.00684952054568978 -0.0450447259105733 0.034875787552352 -0.00338061168406332
0.0351319149690694 -0.0310158325192245 0.0322547985249387 0.0214033476205987
0.0561572744187917 0.0110961657814989 0.00724445069755083 0.045072364181174
0.031402997145687 0.0573600796580456 -0.023601494766865 0.040357919594932
-0.00800097505524472 0.0706275007907053 -0.0223956772790166 0.0206057129238921
-0.0273065878258441 0.0564943107994938 0.0147909310382636 -0.0137085043331561
0.00563870441111846 0.0561324460385837 0.0364347612343753 -0.0280644886308698
0.0354311951463428 0.0342318344733788 0.0167238634620575 -0.0549503348140414
0.0396510394643103 -0.00744220955104119 -0.0262605166018427 -0.0411671618522501
0.0207464746632175 -0.0327197162565385 -0.0338840537278827 -0.00746147761029048
-0.00379316007955606 -0.0356559367546988 -0.0237410723958286 0.00892975235894362
-0.0184676375929005 -0.0242424815222159 -0.0121541679577443 0.00863484360330682
-0.0223953651936319 -0.0177692633001105 -0.00247540396464497 -0.000385817589611411
-0.0209106308775787 -0.0196702865744556 0.0019038880492055 -0.0129424403517892
-0.0171733902423232 -0.0338241215450251 0.0141493492418585 -0.0218758913488902
0.00471462922743445 -0.0439282105312703 0.0330784628214416 -0.0176343464832687
0.0312740737765775 -0.032079544278882 0.0391189507124332 0.00828908431807557
0.0545442748141269 0.00732258304640946 0.0163750066029527 0.0365919231660686
0.0302026601231192 0.0539298041938417 -0.0183476722097959 0.0334379745908613
-0.00857765637818523 0.0670266763029921 -0.0155036432505904 0.00187349095735605
-0.029080803844268 0.0469895965280119 0.0266328142379525 -0.0343468235932287
-0.0026791397886611 0.0529197744422029 0.0416999479699317 -0.03479593404568
0.0281363390191161 0.0369804890009678 0.0275020170843474 -0.054087572056622
0.0377508042991379 -0.00213520482689595 -0.00961149444729587 -0.0463528793928281
0.0210895173016558 -0.0277930694326123 -0.0248220680483373 -0.0233004486596898
-0.00181339606004942 -0.032695332786637 -0.0260418484549307 -0.00631071085978744
-0.0163689490725145 -0.0222511567582315 -0.0202755619857463 -0.00144221624467314
-0.0197555748869725 -0.0158909322277043 -0.0110277864081229 -0.00753544777033627
-0.017954704815412 -0.016983301094523 -0.00639331255114446 -0.0192378868546378
-0.0139493821722249 -0.0280304429467248 0.00722386010261052 -0.0292792909408831
0.00438995774391346 -0.0368972928396002 0.0300319470462728 -0.0276821726061608
0.0266841179550923 -0.0268951948080667 0.0418089061586903 -0.000156765567028054
0.0441043320247058 0.0077569376199729 0.0202913658273698 0.0288995308549662
0.0226146925068612 0.0462344241834085 -0.0142252189909577 0.0267038256376989
-0.010246609563135 0.0538990582661961 -0.00888909239847214 -0.013710611892374
-0.024264172645104 0.0282989819476156 0.0362583244660476 -0.049832000139055
-0.00835555838786923 0.0372012189930729 0.0444921012158482 -0.0395947313075196
0.0161299135621934 0.0286939257120159 0.0336819706117408 -0.0502417011623579
0.0264599968425694 0.00159673655223342 0.00370060659967529 -0.0469369114583448
0.0154878930222677 -0.0179592016281746 -0.0159239091741338 -0.033911502343863
-0.000150235937145738 -0.0230656734498776 -0.0270065122983628 -0.0187989471050873
-0.0113111272456779 -0.0163008781677375 -0.0256076755954378 -0.0102178061157266
-0.01393108555176 -0.0110351748235295 -0.0170543515138865 -0.0132032341773041
-0.0128836075166891 -0.01220691006677 -0.0117750783535937 -0.0237472236381464
-0.010058928025914 -0.0203746947351449 0.00369328977205435 -0.0346751949498922
0.00445791261679895 -0.0264247582143585 0.0272814357129566 -0.0332616768012684
0.0210826230015865 -0.0182164748966565 0.0426223786226469 -0.00427962745013014
0.0316015645286178 0.0093810545371452 0.0220012735729124 0.0242393087644081
0.0110308022897862 0.0356540885305161 -0.011138779063795 0.0204974011974344
-0.012527503491159 0.0354583241822385 -0.0018259481282621 -0.0248791253942779
-0.0140195998147938 0.00497124236314902 0.0396898220496342 -0.0586270925396544
-0.00950545642628512 0.0134080944131028 0.0444574267464909 -0.042574586120816
0.00305388117091718 0.0121504909322359 0.0336052408844453 -0.0477169846892103
0.00911314277286011 0.00237577125063674 0.00889054297053489 -0.0452452290942032
0.00624756720659471 -0.00596181817045255 -0.0119056661678246 -0.0377587996537574
0.00134363587144922 -0.00964601536453677 -0.0270878069693097 -0.0244731758814186
-0.00433192993655811 -0.00760682654784798 -0.0289821102400083 -0.0147272615219589
-0.00631462341952444 -0.00528233937375109 -0.0206775472427519 -0.0165245690008571
-0.00691516782676869 -0.00661703455955948 -0.0143314531484437 -0.0271104279919014
-0.00520354756581212 -0.0103566283552501 0.002045864377602 -0.037426519824145
0.00357976418594386 -0.0145686500631199 0.0271424342853427 -0.0361670637891908
0.0149064269574481 -0.00902611278962046 0.0434403060902254 -0.00504240036508102
0.0175414860052091 0.00983407915434395 0.0222239729818992 0.0225863173091266
0.000178086592041469 0.0223272016904935 -0.00898020319307822 0.0171187794949683
-0.0130303315146292 0.0135333006735192 0.00448616559152024 -0.03039094951876
0.00967855921924388 0.00875209130876368 -0.0071817364694027 0.0410597528041887
0.00407252754860011 -0.00539772797237146 0.0215458778832373 -0.00899762291956395
-0.00448510770950696 -0.00489882715134821 -0.0194543643523926 -0.0315997055990286
-0.00336231100480106 0.00274444025865871 -0.051636577754185 -0.00396549066990053
0.00152028745815568 0.00096279405840589 -0.0361580577927356 0.0403858526114058
-0.000150494190312484 -0.000979180067953124 -0.00308419856029031 0.0456746305227446
-0.00101526040518056 -0.000558880472174158 0.0139365729985626 0.0320884463432132
-0.00321418218196021 -0.00235737450679704 0.0235216948983599 0.0207848829982389
-0.00398439206907043 -0.00414957665473723 0.0291177340293981 0.0154736664414721
-0.00338557768480035 -0.00766695206545043 0.0308097890114848 0.0222781427121885
0.0035458561571083 -0.00934298533719396 0.0179396624024329 0.0371587980354009
0.00936879401759584 -0.00314869806807455 -0.00749601173230385 0.0460401069407602
0.0119818930019361 0.00372259680185504 -0.030418157018313 0.0502828439898417
0.00879413814852994 0.0127052126704417 -0.0493340846223133 0.0451379783267169
0.00265098654838468 0.0216283974825608 -0.046290865182548 0.0624986088190681
0.00179756642377815 0.0296719032363692 -0.00779641770652519 0.0366486314337602
0.0100168225041329 0.0117990316030402 0.0232956816999442 -0.0101526906866336
0.00913497021487431 0.00154329811623745 -0.0153137435498554 -0.037804007932857
0.00714539123203707 -0.00382596973423957 -0.0519859029926418 -0.00991820581115787
0.00558306691506963 -0.0113301650271541 -0.039381548940789 0.0354374167869259
-0.00312876824088001 -0.0129868897875045 -0.00736648447117941 0.0429015358071254
-0.00799050053975162 -0.00882851033528913 0.0106046262687829 0.0305101876783574
-0.0118117793986484 -0.00955974027456365 0.0208551701174461 0.0179242083085426
-0.0116486608578099 -0.0127681024184929 0.0260466309961068 0.0103183780053317
-0.00777456731728218 -0.0230905132228581 0.0320755297783363 0.0140013595828815
0.00988291219123055 -0.0259119121179599 0.0265793902698449 0.0285787339075656
0.027221495165624 -0.010689214566978 0.00499304092657488 0.0438488953928752
0.0316502683201719 0.0166013577320369 -0.0200371378432395 0.0530665465118118
0.0146348871303875 0.0392742702235744 -0.0420246610615313 0.0471052787532564
-0.00609611274460121 0.0482551623842826 -0.0400394411189748 0.0541344367544521
-0.00896786829648397 0.0482441796070544 -0.00366044102856727 0.0250021291243563
0.0130449829278358 0.0309288406648871 0.0272697419382311 -0.0137814814032914
0.0231940106185599 0.0121698384161767 -0.00640649699783133 -0.0461335443047017
0.0202675861233315 -0.00888473722442749 -0.0491880180565001 -0.0205481611001154
0.0110842303985935 -0.0229897583982617 -0.0419820051537558 0.0251302162657069
-0.00522513216560806 -0.0243656696189064 -0.0138754825310513 0.0363244232878378
-0.0142612410140232 -0.0162066817082892 0.00437658654696603 0.0263073947061416
-0.0187129188473357 -0.0154844382594925 0.0148423946648513 0.0134380677538347
-0.0179361764511923 -0.0188889140774636 0.0202844694223263 0.00256404903546276
-0.0133972252681245 -0.0330512225765886 0.0293773756396585 0.00121117575670464
0.010638989599931 -0.040153803726216 0.0338210284216056 0.0139783047270824
0.0363983474215263 -0.0223397333430083 0.0206754496362062 0.035559316222976
0.0497996364900407 0.017957871853599 -0.00628695937291585 0.0528067786364428
0.0248006564998271 0.0556486994662601 -0.0336367718102072 0.0462571939046639
-0.00915653335934886 0.0671242094081123 -0.0319323129614146 0.0398164834502705
-0.0205508715919532 0.0583469634751946 0.00400424939529823 0.00743288351227272
0.0115658911931743 0.0488856748805295 0.0327248732025243 -0.019703805322767
0.0334694800262956 0.0243924347496381 0.00544306563769157 -0.0534255587094755
0.0333240506848772 -0.0107110584116324 -0.0410858285363753 -0.0330659868504236
0.0172484087747137 -0.0314625844192532 -0.0412361163786877 0.00948735393688212
-0.00545003689894186 -0.0339367048718422 -0.0197570646671157 0.0249177298358223
-0.018239000174163 -0.0225651474666454 -0.00373606279518475 0.0190481160850737
-0.0227105055892197 -0.0183827865141157 0.00606243705294133 0.00719308420190804
-0.0213178521119847 -0.0216015571310123 0.0112919388503314 -0.00559880696232076
-0.0174830142040633 -0.0369805319898486 0.0228305672173002 -0.0117792086526121
0.00748078794900719 -0.0473347070297823 0.0366007500871274 -0.00350829250676123
0.0373762729034585 -0.0316776751491271 0.0333761335170145 0.0231388759807222
0.058407008306818 0.0124749227483898 0.00713168540456334 0.0477124197605986
0.0320605254281891 0.0606475117736013 -0.0255515752110201 0.0417587879624441
-0.00923598088192558 0.0744438899421283 -0.0236560050557316 0.0214179561178041
-0.0293061832821287 0.0590814541693606 0.0158074247173843 -0.014115861629656
0.00463298969833863 0.0587366329335332 0.0388833370253366 -0.0274385243432656
0.0360069342756744 0.0360442136223971 0.0186876281758437 -0.0575077056662484
0.0415540047930258 -0.00759930554255154 -0.0260126450545633 -0.0440797074982553
0.0217791160939229 -0.0343231293649048 -0.0354311849916612 -0.00841586326844617
-0.00410162758557153 -0.0373817112391652 -0.0252354806423097 0.00882846126118222
-0.0192073312296787 -0.0248892629079041 -0.0126845083429605 0.00870290195968758
-0.0232258956355357 -0.0189060434664536 -0.00296022259552356 -0.000410559718270006
-0.021767920357685 -0.0211781060890013 0.00185185462138889 -0.013495084408844
-0.0175877750183364 -0.0353657245939306 0.01532696737243 -0.0228770357194984
0.00503650730053338 -0.0456476681053203 0.0348747066499415 -0.0190021964056751
0.0329161951925537 -0.0332652277095177 0.0408276358526532 0.00984555874505341
0.0561142571882622 0.00824256738078392 0.0161285471968946 0.0394129397582795
0.0317016879480914 0.0567104858375016 -0.0201598384169795 0.0349864974400939
-0.00957320609967998 0.0702921321877998 -0.0161936803758375 0.00214765092445084
-0.0310984593336807 0.0482821208147069 0.0284714621970837 -0.0349450781547334
-0.00350687587971157 0.0551192396440303 0.0441553493909048 -0.0350660165273176
0.0287649008161436 0.0388344963495926 0.0296550440113273 -0.0564913870717518
0.0393889898988114 -0.0017726176650447 -0.00916153205175714 -0.0492847504768985
0.0221418789651776 -0.0292419064352633 -0.0255223389458688 -0.0258594865345159
-0.0018423650655894 -0.034277874803158 -0.0275980187811492 -0.00717417189286623
-0.0168322644776825 -0.0234192592882375 -0.0206801156660728 -0.00180826987637549
-0.0201352075239082 -0.0161048949307707 -0.0113718955307473 -0.00794745172653759
-0.0190311733475098 -0.0178551689833248 -0.00637589957597498 -0.0201452065139915
-0.0147863849070374 -0.0296296103659243 0.00795088809786147 -0.030710887298415
0.004620508021287 -0.0387639637361207 0.0311722367553778 -0.02960401563544
0.0279673007925957 -0.0277869161222435 0.043534272601564 0.000408854433545374
0.0459880969407822 0.00845388746629946 0.0206236986095771 0.0315279532543341
0.0233207109873726 0.0486953501883319 -0.015636698862332 0.0278336743650219
-0.0111434059330577 0.0566192112682333 -0.00931715719768432 -0.0142258634624942
-0.0258657405187315 0.0296359924421396 0.0386092727466966 -0.0518475846000201
-0.00886284540166285 0.0387143851763937 0.04782077511093 -0.0403715474952414
0.0162006915898211 0.0302479493437648 0.0360259904072375 -0.0523717096060671
0.0274501545408978 0.0020687361318063 0.00491857936368848 -0.0493100605582774
0.0165296862467706 -0.0188453543032411 -0.0161361227092925 -0.036548403466612
-0.000143081375049707 -0.024402009864027 -0.0277320305770039 -0.0196294064964623
-0.0115532457930317 -0.0172192874070467 -0.0265820783569733 -0.0108185576569475
-0.0141539288318939 -0.0120224029183029 -0.0176944921126699 -0.0140238719482035
-0.0137082552650745 -0.0130904540372228 -0.0119896365491552 -0.0247334931992065
-0.00982853427555037 -0.0215019304392765 0.00429597005029935 -0.0358967533954714
0.00479119761213663 -0.0279737806105302 0.0291593972513888 -0.0350837322103898
0.0225205344584906 -0.0187742131642814 0.0445590086742638 -0.0040753725529205
0.0325105019806238 0.0101181596074759 0.0223513193687889 0.0261154557272589
0.0111373689890561 0.0375218514420886 -0.0120024720581101 0.0219851434049448
-0.0132543234017148 0.0370238760562175 -0.00163601566932639 -0.0258532059005924
-0.0145329077953868 0.00488332853457412 0.0425960631557189 -0.0610502561819703
-0.00983999900406856 0.0146818473379619 0.0476758004818928 -0.0433470921219011
0.00298343470271213 0.0132222470350718 0.0362507472943049 -0.0490274447092154
0.0093550829938136 0.00274765228235063 0.0102911924576253 -0.0475426053287864
0.00628747988638738 -0.00607683589548632 -0.0125927377854248 -0.0405328432417345
0.00104978552501696 -0.00963040311772462 -0.0281250821184285 -0.0254245991317234
-0.00434354153807236 -0.00751747706613914 -0.0300118545615427 -0.0156684437452345
-0.00610358133718895 -0.00535678184979534 -0.0208175524732038 -0.0172172193352863
-0.0071232488017193 -0.00674745919297585 -0.0148487089893144 -0.0283460446338382
-0.00530262829980109 -0.0110393326073345 0.00244963908212276 -0.0393163894524549
0.0040374497781329 -0.0150223842903623 0.0288095845533229 -0.0375056717307912
0.0151935712577558 -0.00961221144250403 0.0454601714835714 -0.00453613570045482
0.0175552854535114 0.010345714574019 0.0227746837255986 0.0239706909667223
0.000237875543647927 0.0234514632568651 -0.00938495629533573 0.0183096485865168
-0.0134867697910175 0.014131489534418 0.00456303602050164 -0.0319429426618872
0.0112527418727899 0.00710547790621791 -0.00192301146813205 0.0452731062191828
0.00364090420588257 -0.00588215821720738 0.0216144444824827 -0.0118437015190665
-0.00486860880589022 -0.00395745463198198 -0.0254949501403414 -0.0303530856147773
-0.00269190694811765 0.00244693884083171 -0.0545017948690061 0.00438419179818551
0.0014288068763651 -0.000204923865989382 -0.0308095009682474 0.0483246987581659
-0.000582032227570302 -0.00128977918091567 0.00371638099899733 0.0483426641013467
-0.0010933101155862 -0.000746037533455726 0.0198753734838546 0.0320650823271398
-0.00409974932981458 -0.00194390598683463 0.0279705608587497 0.0179196999334557
-0.00477581387823769 -0.00324952962424439 0.0325423138617437 0.0113705314331194
-0.00459449444398839 -0.00738365794034505 0.0354772750497087 0.0187515676181839
0.00153119819762039 -0.0100441368358988 0.0240857905254305 0.036672126433811
0.00963616755937058 -0.0050435195724844 -0.00201167729024244 0.0497812300448097
0.0131843341707503 0.00208761058356263 -0.0251400171084508 0.0561703995979748
0.010811678619246 0.0111909999362597 -0.0456751847582679 0.0540124075681498
0.00634250310980348 0.0218246725052689 -0.0400846156132286 0.0716918630438312
0.00658682114261824 0.0308187087921985 -0.00417607115807954 0.0382651273393379
0.0121032931229043 0.0110478684329291 0.0225684194804578 -0.0139608497945785
0.0103608397830101 0.000927381495251788 -0.0216001530190232 -0.0377866383849614
0.00743312287891188 -0.00529176321184456 -0.0562379479527968 -0.00182179888437781
0.00383604791367317 -0.0133695763801847 -0.0356504167182183 0.0441160479469682
-0.0053285658442962 -0.0133632672537124 -0.000972299146422181 0.0469491107773262
-0.00976392484217672 -0.00764156889095427 0.0161983756466795 0.0309813030868821
-0.0136774837478916 -0.00855532737518694 0.023988265176505 0.0156150655938136
-0.0141092271118978 -0.011505495328358 0.0286261493453187 0.00679995855919505
-0.0120792046839549 -0.0225296502263958 0.0348843762276935 0.00935348252575865
0.00562241126787808 -0.0284267816404724 0.0315608622025346 0.0259947907901172
0.0263513669872048 -0.0151970981775904 0.010616657306077 0.0455139265718532
0.0356362842375632 0.0120338707852337 -0.0138490541374249 0.0577859051224783
0.0209816478069716 0.0380287776514055 -0.0371618712410253 0.0542961710730346
0.00110867673853217 0.0503956881100922 -0.0346372394025822 0.0629370518342887
-0.00146319456538362 0.0517985535827662 -0.0028388060231615 0.0236456467152972
0.0182110299590286 0.0315111683346862 0.025563514502709 -0.0192197399037796
0.026143861494511 0.00980195473152941 -0.0152169238427133 -0.0477878364551138
0.0201331778756671 -0.012126485101351 -0.0556405835558413 -0.0127163904384587
0.00777018391948335 -0.0261422397908002 -0.0401861128989001 0.0343883356342108
-0.00897660440248997 -0.0246015526164706 -0.00821224038568398 0.0414710512846074
-0.0168118130199414 -0.0150685908286406 0.00916506339163944 0.0276747849990098
-0.0212981128049688 -0.0132879207026056 0.016904045491328 0.0115828612170457
-0.0213902608733735 -0.0168164611027475 0.0206714728470593 -0.000683885332119127
-0.0187881941426133 -0.0322367906977965 0.0303471357924082 -0.00336599939304117
0.00393011784534674 -0.0428676653271315 0.0374871612111082 0.00969398797087579
0.034342668403281 -0.0281049288879255 0.0256338514159702 0.0348508156524662
0.0536510162990006 0.0104240353573545 0.00077963377188337 0.0559993233558778
0.0334315813960885 0.0535136339761582 -0.0271908055510827 0.052033546866
0.000535975489559064 0.07005678212698 -0.027858109815574 0.0467245249817985
-0.0116967790752849 0.0655279894327613 0.00317941620809957 0.0020524502533149
0.0187785908806022 0.0505702291103671 0.0302349885875353 -0.0273674312142791
0.0390076130778412 0.0214848092004441 -0.00518974434416238 -0.0578942291004377
0.0341145231076625 -0.0155657878963175 -0.0497443805052656 -0.0278420564683157
0.0129859584205225 -0.0354769833856479 -0.0425944987755694 0.0180906323961339
-0.0102804472952003 -0.0342913848656034 -0.016564099262634 0.0303523303804827
-0.0219361052757655 -0.0209115216501398 -0.000718980381656744 0.0217339794389535
-0.0260686776869121 -0.0159461962354342 0.00763814234010207 0.00623074636310171
-0.0251542335617234 -0.0191491204659103 0.01083318994892 -0.00747863011587412
-0.0233952300487723 -0.0355565877574902 0.0214651212739536 -0.0163261710493812
-3.52472693313443E-05 -0.0491496209430311 0.0377794991977343 -0.00908815116219744
0.0337040381161226 -0.0382072882963801 0.0373264210943493 0.0197057312131476
0.062034603811409 0.00378088290990599 0.0134982694142213 0.0480346579406088
0.0424531477784379 0.0573025661853107 -0.0195540966311672 0.0464300436498624
0.00122543381590383 0.0780642132516587 -0.0221313174161571 0.0263726258297754
-0.0208691400848518 0.0678695004692401 0.0123583435542817 -0.0228297198435146
0.0133798265634006 0.061555495400737 0.0348281292932936 -0.0366405458320205
0.0431552615899239 0.0332145296519253 0.00794766837898475 -0.0646087427283377
0.0426903421959757 -0.0134515576321994 -0.036679582406871 -0.0415232800926862
0.0179717385901571 -0.0386104921501886 -0.0397930392704473 -0.00190372831705542
-0.00962741350602683 -0.0385706090643691 -0.0248370176011282 0.015055150787732
-0.023528073861081 -0.0235737067448263 -0.0116519317313023 0.0124710350407348
-0.0267012507646537 -0.0166073735116854 -0.00306513343791722 -3.18665059367074E-06
-0.0259179287764574 -0.0185277720425004 -0.000453322348071034 -0.0143302854421785
-0.0232706161504216 -0.0337988801432573 0.0116413355595675 -0.026080365007226
-0.00214762474800108 -0.0474126472287509 0.0334674794440884 -0.0247106954542753
0.0290750519171507 -0.0389464140409026 0.0429257518744248 0.00494611800842339
0.059237575457749 -0.000612708805471713 0.021714343346861 0.0385312907364822
0.0414034642605123 0.0537333035986323 -0.0149995380717965 0.0389797061276173
0.000767207657939854 0.0741752050990066 -0.0167024103835287 0.00494623094531282
-0.0247663310850953 0.057396619883978 0.0240818561954291 -0.0468788114838
0.00396050995550366 0.0595504143059234 0.0400710001386194 -0.0456988757474591
0.0358537430076055 0.0371918952165972 0.0199799492312707 -0.065561787098672
0.0418736379236054 -0.00667695314856787 -0.0195625144393198 -0.04994658582432
0.0190400373819107 -0.0334285699412491 -0.0325393825252551 -0.0213629384863144
-0.00684165430795526 -0.0355958186416472 -0.0298223061468384 -0.0021278321900736
-0.0212432671600021 -0.0217798059867029 -0.0222659390740809 0.00207844577820255
-0.0230128382567795 -0.0142438540296277 -0.0128785950599987 -0.00646437916624223
-0.0222126327735021 -0.0158287652301853 -0.00987774540583961 -0.0199436495762985
-0.0188466409621858 -0.0283000526746999 0.00313844280407256 -0.0330316128655494
-0.000889514996315241 -0.0398743031523995 0.027989737237231 -0.0352547582888649
0.0244975411287783 -0.0321955200515502 0.0450946695227152 -0.00564261069463454
0.0482292478252514 0.00121659603757911 0.0258192193002851 0.0296107428729721
0.0310637520567554 0.046325948038029 -0.0113055784825153 0.0312022393799496
-0.00376239520671401 0.0599907527747289 -0.0111137580632732 -0.0133406799755801
-0.0224156606051664 0.0365184968138126 0.0325411319466459 -0.064205513026105
-0.00412870967446068 0.0427122924804595 0.0434116761165122 -0.0514992667045889
0.0212163575579777 0.0301057129137903 0.0281515772051553 -0.0619794859700269
0.0292248407905971 -0.00119981458770712 -0.00422005576786663 -0.0527482103674669
0.0150173878095924 -0.0217803608130734 -0.0241039965845235 -0.0351312387052177
-0.00358026742313856 -0.0248984701589762 -0.0326302678628689 -0.0153223710132347
-0.0148300544314965 -0.0161429123162094 -0.0298368450809849 -0.00642078095759925
-0.0160444826869074 -0.0103203422002813 -0.0204885452582067 -0.0115890518007865
-0.0158182677017712 -0.0113374744139272 -0.0163473357245245 -0.0243339766337987
-0.0131808975405276 -0.0199705607807285 -0.00176271861921454 -0.0380537085868639
0.00132011652827812 -0.0288304585892493 0.0251708500921969 -0.0410253848690701
0.0200350205242978 -0.0216936214477193 0.0456969808324815 -0.0105263090405719
0.034313185112928 0.00543587895296394 0.027089314054141 0.0240872514186263
0.0170538592927069 0.0362356166973902 -0.00861752960956494 0.0243263958988694
-0.00844900394946992 0.0397863706211521 -0.00577075407354771 -0.0264662562747029
-0.0143661465224677 0.00868265832002244 0.0361927892576438 -0.0724828778344936
-0.00816230288312028 0.0170272652382657 0.043752038514864 -0.0532672555414736
0.00469773520383557 0.0139019474614034 0.0300642832743892 -0.0577399333562804
0.010379427632227 0.00228118367215297 0.00235051876464011 -0.0524413050849744
0.00617272607963941 -0.00710176180910155 -0.0197293428592227 -0.0399347493569475
9.73792596046117E-05 -0.0102311848927374 -0.0333421674850844 -0.0224446330883666
-0.00543100306223241 -0.00743690200130219 -0.034467029190027 -0.010812276700726
-0.00689239465488845 -0.00460805103940078 -0.0244344639416736 -0.0153075320858848
-0.00811680131696423 -0.0056944184213867 -0.0194044156611497 -0.0270508588122615
-0.00704645069626114 -0.0106559546105961 -0.00338188997173293 -0.0411041575373446
0.00247354813609868 -0.0158126742190654 0.024715506183736 -0.0439488624080916
0.0142042400383363 -0.0115237498037488 0.0467493778228499 -0.0114177941633734
0.0198258509454364 0.00801057785136866 0.0272083835465386 0.0219197359714359
0.00355109831277184 0.0237437504271006 -0.00627797052019608 0.0200213664733733
-0.0119181571955606 0.0160326211008226 0.00016875478541202 -0.0334676496982909
0.0124374389888377 0.00598106669821548 0.00128839453352677 0.0463306463345104
0.00313111296543531 -0.00617355599764767 0.0208680998516338 -0.0138712564761874
-0.00510575296255258 -0.00375488594358986 -0.0273328556872958 -0.0293551277865531
-0.00210338064486013 0.00273777995112059 -0.0550783655531536 0.00840293003700705
0.00127300120504338 -0.000418526657544681 -0.0275447412436029 0.0501970985453671
-0.000851314995510566 -0.000937386424743693 0.0083598974257825 0.048967312134229
-0.000955029899018126 -0.000735300742897747 0.0221767309905663 0.031189952442821
-0.00438387672326736 -0.00157784789571875 0.0290749838674753 0.016233964069375
-0.00516324499742926 -0.00295655885516818 0.0339829429000695 0.00949076007577409
-0.00558001577063457 -0.00718623986769655 0.0372048842130358 0.0163001914394178
0.00128238505025709 -0.0100880165483733 0.0268122794627228 0.0352730543935054
0.00969484212595012 -0.00572774200623968 0.00214211109477116 0.0511883869712351
0.0132692128019871 0.00120898707798977 -0.0209755615861834 0.0584490605160756
0.011719078365942 0.0108676212142828 -0.0427211321467814 0.0576695733474152
0.00814477449583267 0.0218027575853061 -0.0348795683940536 0.0761562430868105
0.00937912086021806 0.0308332516278925 -0.000917480204177802 0.0399748925691409
0.0132016751080252 0.0104570069197459 0.0221995388885794 -0.0154196898026165
0.0103442230071949 -9.93993742787333E-05 -0.0245795502046285 -0.0369818205745761
0.00696569285531796 -0.00555257704564753 -0.0571890538763177 0.00175257885259912
0.00273555255368166 -0.0138790516633956 -0.0323517161259595 0.0467762545255017
-0.00641525087021578 -0.0125469061726889 0.00265934717679099 0.0478273064836258
-0.0106276957506554 -0.00752037385850248 0.0185566284375931 0.030523830377856
-0.0146283225869874 -0.00718587587084035 0.0249865286602302 0.0142975110072214
-0.0153239255770977 -0.010654062342093 0.0291850629424838 0.00472190326643253
-0.0142568910085088 -0.0217526835069723 0.0358691131543111 0.00714729408399152
0.00379369788164538 -0.0290663954533419 0.0339354292338773 0.0240315056008265
0.0262972685711797 -0.0172471703372623 0.0137022977446588 0.0459719003387579
0.0367371465872165 0.00950660547020871 -0.0100680092392562 0.0599029760306691
0.0238108252592533 0.0368521377364729 -0.0340588137834602 0.0579542069638333
0.00486692582459721 0.0510623851217446 -0.0306913029126428 0.0663541495204965
0.00221042233169603 0.0527514973691122 -0.000719954002479862 0.0243396421847619
0.0207727523921939 0.0300912190032735 0.0250827785180885 -0.0207275805108834
0.0273877659499559 0.00770014123976847 -0.0185231541538752 -0.047499924380228
0.0197485192507588 -0.0137203146103523 -0.0575563659767016 -0.00953659339280076
0.00591934424864316 -0.0268515878727604 -0.0383096024961242 0.0371443833588098
-0.0110538504561657 -0.0243785406422217 -0.00478744514269623 0.0423555222581156
-0.0187125964127827 -0.0140749391067823 0.0109249959757858 0.0273751647077217
-0.0225336150736032 -0.0112987129876476 0.0176321680669946 0.0106435001487942
-0.0232307137680129 -0.0154037379437615 0.0211724141260678 -0.00183338563990366
-0.0221198974423861 -0.0309966945497682 0.0300900514496432 -0.00585032612288814
0.00087386706234213 -0.0434226928006263 0.0382751089252523 0.00654999231526716
0.0328620102447354 -0.0313712280899633 0.0283451857133222 0.0338539845532386
0.055627695463563 0.00695448645485335 0.00481568192637557 0.0568384244224356
0.038004285715599 0.051642014546718 -0.0245437727217564 0.0547708480663413
0.00582648943839451 0.0711989626420058 -0.025461527160569 0.049766489721636
-0.00699587376204656 0.0674126881108039 0.00367670767017125 0.00238203036420534
0.0231796375956113 0.0493873749100585 0.0290766096777759 -0.0290306641533076
0.0414324187056222 0.0189635451715097 -0.00918022246957789 -0.0588232162800234
0.0335332166317672 -0.0179417872232175 -0.052489259407657 -0.0248647778625284
0.0104867771540945 -0.0373070743303427 -0.0414558446229745 0.0211616064307766
-0.0139389953409995 -0.0338621092484996 -0.0142367113646496 0.0320648245728788
-0.0239752826083119 -0.0195655156974423 0.00108451882232247 0.0213462917724532
-0.0270137510419213 -0.0138619802056465 0.00765309259718554 0.00587017422132986
-0.0273248891119398 -0.0175279758931543 0.00983687057031033 -0.00858435210011574
-0.0264487982749931 -0.0341333215707928 0.0204796259372294 -0.018348504037274
-0.00376361731563457 -0.0498028851442502 0.0370923948037782 -0.0122369681650473
0.0315300306890023 -0.0410042242457941 0.039308642856112 0.0176184477344257
0.0632184145951564 -0.000927873609477507 0.017403246490626 0.0485200177586585
0.0473635356604378 0.0544347241060947 -0.0169812458842235 0.0489210266594911
0.00730535167016174 0.0793239613578958 -0.0203207612589606 0.0285851278599956
-0.0159602377362022 0.0703983777411162 0.0113484513737638 -0.0236923220462481
0.0180762611348666 0.0614307072055694 0.033390764450871 -0.0390459120348317
0.0464514138162353 0.0303953378215494 0.00380436553798768 -0.066486141931453
0.0429007438774681 -0.0163872909928929 -0.0402358146169095 -0.0398330606812833
0.0149905079281223 -0.0405641242660181 -0.040818739871303 0.000583803591449403
-0.0130743465836579 -0.0382046538186136 -0.0233661462074764 0.0167083293182543
-0.02586534613937 -0.0221890149321981 -0.0108689252418083 0.0135260651246247
-0.0278829685957925 -0.0139587853092584 -0.00329455751606559 -8.96871389157382E-05
-0.0270540387071462 -0.016725096168289 -0.00186392836118268 -0.0147208406384144
-0.0264031936135074 -0.0323537365195957 0.00955828125577055 -0.027703448090957
-0.00594895691793441 -0.0481153563775903 0.0315674556395431 -0.028483666270842
0.0267106725847701 -0.0416352815346249 0.0441062405408932 0.00201902384063836
0.0595068319682693 -0.00486105503822998 0.0249308370195026 0.0376669474225965
0.045868850121883 0.051418003084823 -0.0124008866570513 0.041053498519435
0.00613997959322673 0.0748519707037366 -0.0165447115187366 0.00710747634657828
-0.021068804926394 0.0602762666948995 0.0209659868982286 -0.0489552811999031
0.0085983876328749 0.0601041626670823 0.0371708998778337 -0.0486553181142312
0.0389584480791232 0.0349479320019259 0.0160608091074598 -0.067886615124375
0.0417326356017433 -0.00991829257158431 -0.0232547930633593 -0.0499557701638354
0.0169425469369371 -0.0352305181170231 -0.0347803305362498 -0.0196606181792566
-0.0101372792267023 -0.0356397552544009 -0.0305136306155382 0.000421240600341284
-0.0227123182457505 -0.0205526363186496 -0.0219700231686181 0.00395749299324823
-0.0241610432456114 -0.0125852569763747 -0.0137153292857894 -0.00596034119667678
-0.0236596751416763 -0.0141878531835668 -0.0114041325229633 -0.0192465364631549
-0.0217688272333135 -0.0273430240920353 0.000904153741169256 -0.0344769941748146
-0.0042414589123839 -0.0404350026151028 0.0258799287612912 -0.0386283421353869
0.0224507795140664 -0.0343788877869572 0.0450151941629631 -0.00866396031991092
0.0487772218243106 -0.00238721659344789 0.028327239704261 0.0284930934024387
0.0353529814864069 0.044381880580085 -0.00938822812828777 0.0328617441229182
0.00106916531866633 0.0610568966351769 -0.0123818429215374 -0.012297213608937
-0.0197742350010976 0.0385430621072295 0.0287559766181125 -0.0676051755156108
-0.000843709822339165 0.0434298006095327 0.0408127797875917 -0.0547149412878783
0.023396294189989 0.0288035579437708 0.0248952262649782 -0.0645424738844357
0.0295152441473307 -0.0032876784252054 -0.00825161195101276 -0.0535688527936587
0.0134426726878833 -0.0232131109719014 -0.0276335697223472 -0.0337649641059218
-0.0058143374498361 -0.0258534764593977 -0.0344797556937488 -0.0134012258845885
-0.0157929393091475 -0.0151455594684759 -0.0305685096628036 -0.00388463101864829
-0.0167541697414792 -0.0087944587500643 -0.0214857842011915 -0.0104868846857865
-0.0167340146449982 -0.0100640915316517 -0.0185453803401357 -0.0231788133348162
-0.0147507663428354 -0.0201032522664338 -0.004780227005411 -0.0386734650822195
-0.00104441624022407 -0.0292483193836572 0.0223927005357263 -0.0441625644499554
0.0189801388219496 -0.0235945828776601 0.0452853417721399 -0.0144647744518037
0.0348383799848235 0.00293023769457287 0.0292042439876264 0.0229908560283294
0.0204186324972453 0.0354583506061085 -0.00722157808542887 0.0256955681261075
-0.00528110968167103 0.0404481732000354 -0.00764221214692517 -0.026528032373275
-0.0135190767121484 0.0102953783373859 0.0316005927178696 -0.0764737102550396
-0.00696989444694545 0.0177884249741331 0.0412288287965023 -0.057397993996856
0.00582929714035835 0.013780449859873 0.0265106376177293 -0.0611259652796139
0.0108825174672749 0.00158967152687837 -0.00109184394464748 -0.0531975194634262
0.00556978115740156 -0.00731856494844507 -0.0235649253881387 -0.0398335616204618
-0.00111299888046226 -0.0106744026735868 -0.0358571367816506 -0.0202768546921992
-0.00624513865626572 -0.00692223468243674 -0.0353112799768022 -0.00883147418539711
-0.0068840243096923 -0.00401811717186611 -0.0255180793915742 -0.0133181821854385
-0.00870620985753639 -0.00482358535229715 -0.0216545010232057 -0.0258847969810319
-0.00763095400380874 -0.0101660454923204 -0.00615022417816569 -0.0416161681148919
0.000731070446545911 -0.0162712853962895 0.0213641746692971 -0.0461451876057974
0.0136528504411478 -0.0126355791131429 0.0467160993024816 -0.0151219734492263
0.0205680633305467 0.00685461878169296 0.0292654390134127 0.0207439624325444
0.00537155575478607 0.0235261156556641 -0.00500430131434628 0.0213862863130337
-0.0109546872759139 0.0168151825274809 -0.00217394184422584 -0.0339496759334846
0.0120064686199799 0.00510665159344554 0.00510469748041374 0.0447003884020003
0.00253708759750451 -0.0062891293299171 0.020148646088251 -0.0146764155104717
-0.00517065264229711 -0.00319886874673957 -0.0279253993408261 -0.0266811797498464
-0.001972797820284 0.00302561595013048 -0.0530730452644053 0.0113209593958291
0.00103567715641636 -0.000628013608847257 -0.0232581734361259 0.0506303032159115
-0.000690108014556481 -0.000812461899535337 0.0105787286271167 0.0462142856425422
-0.00075660742197002 -0.000311142072766957 0.0234146576278759 0.0292088911894957
-0.00425040065373981 -0.00132068564396553 0.0287760696565105 0.0135260747040705
-0.00520230706152058 -0.00258387503669042 0.0332015220563574 0.0070809305322465
-0.00568939995586403 -0.00622122703671655 0.0368858361139166 0.0128868685252579
0.000543080038619797 -0.0100072324759702 0.0281353794511719 0.0326065427639256
0.00911636592367053 -0.00639104514548023 0.00476053975168612 0.0492875761415593
0.0126336291717144 0.000430225221806392 -0.0171317664294254 0.0575873707551473
0.0121094080483899 0.0101466060078868 -0.038217753787421 0.0580467210875329
0.00881660026703176 0.0204728155747713 -0.0293509002239958 0.0753472192589124
0.0116108387655935 0.0286271676691068 0.00186777896497446 0.0385979465388891
0.0135791545770184 0.00906419325292941 0.0214863236458949 -0.0158697812387569
0.00978099490589141 -0.000452529301475189 -0.0257581834701838 -0.0342093738135211
0.00657655442882371 -0.00603759411287625 -0.0553446944971218 0.00474774917148561
0.00180065480066348 -0.013591993716476 -0.028716954084223 0.0471550403418346
-0.00737252532233575 -0.0116709351243068 0.00557827051082681 0.0456465095047975
-0.0106935950479954 -0.00654683471323042 0.0196326938489761 0.0283364916989317
-0.0142677249630578 -0.00626010904224948 0.024950099741749 0.0121313754237574
-0.015952501711138 -0.00944453745270202 0.0283641718783076 0.00275484730065869
-0.0149861609117311 -0.0198391482575693 0.034944616349688 0.00392861180204996
0.00179501634855851 -0.0282111318375314 0.0343106975359949 0.0208037625605503
0.0240980096998141 -0.0183167282048203 0.0166960256510068 0.0441269739724388
0.0358622359110045 0.00710378431292645 -0.00583726129391736 0.0584294499535259
0.0254514139684404 0.0341344510271699 -0.0296759446436697 0.0576161069662001
0.00792719120114715 0.0485260244293157 -0.0258075971915935 0.0661691200184157
0.00603728277467682 0.0501664923428945 0.00122609071669743 0.0247798697328875
0.0219034169752328 0.0277221535152165 0.023755513545664 -0.0208541766838803
0.026988693524901 0.00560658356410194 -0.0205121448020298 -0.0448210841239066
0.0180030269402213 -0.0141223566873989 -0.0563981955771544 -0.00620541691755854
0.00342269742461495 -0.0261050716772399 -0.034632326555247 0.0382789618393232
-0.0125346792795472 -0.0227787691995568 -0.00218794805513017 0.0410747449091939
-0.0187539750488627 -0.0121820124960635 0.0123282488601835 0.0255515886201683
-0.0224303263252348 -0.00966474395824889 0.0175299665688085 0.00911035635217228
-0.0235648666610096 -0.0133154398748089 0.0197032886624973 -0.00312671472177183
-0.0233611277282458 -0.0283041590705935 0.0282172166564199 -0.00770261124321282
-0.00242859673325341 -0.0418162220870406 0.0373297823704492 0.00350315120723273
0.0297654001431301 -0.0321203740725335 0.0297236295354292 0.0315698607977791
0.0538500113250952 0.00293422179077278 0.00837342179857311 0.0552689385795804
0.0402707595282327 0.0471313525252465 -0.0208307995466146 0.0545363244169252
0.0101861564023168 0.0688748882493549 -0.0210767854010914 0.0503113115375822
-0.00205420208798582 0.0654209445955456 0.00386481017153366 0.00259490259505394
0.0255402438358944 0.0459320432633138 0.0264938701856935 -0.0293790373305316
0.0408177822980763 0.0156271738737298 -0.0120600737563253 -0.0560098454176687
0.0306445868793288 -0.0198468488306523 -0.0526947019810396 -0.0210273895632467
0.0072235238717637 -0.0367046021759218 -0.0393507207737433 0.0229614048873285
-0.0155789365200708 -0.0314369120063933 -0.0121755854564844 0.031686035386086
-0.0247349587203891 -0.0168710991193617 0.00219828337830584 0.0204353428762
-0.0268774641784421 -0.0113897732062843 0.00738588046824773 0.0049248435913079
-0.0276712338784782 -0.0151653161947777 0.00843921113984937 -0.009004666270371
-0.0280359330387839 -0.0311915317278378 0.0180637220770468 -0.018867732034281
-0.00723469562074188 -0.0480248877292586 0.0351747951652156 -0.0148671597031758
0.0276034340253602 -0.0414798561172153 0.0387465621435058 0.0150605939739335
0.0605525509765136 -0.00482575782622386 0.0199953965903464 0.0459467143337752
0.0493228751629992 0.0494450998625093 -0.01333465915739 0.0482063693351
0.0123239232410521 0.076261724015558 -0.017392023996438 0.0294907612861369
-0.0104813701990332 0.0689355846581435 0.00951965880414971 -0.0232124418901465
0.0212646048592958 0.0582471105282356 0.0299951316951569 -0.0386814022994753
0.0465665587879041 0.0264377162093158 -0.000369023239333131 -0.0644091492169349
0.0401815680868398 -0.0184717490449025 -0.0411419483561297 -0.036577137269781
0.0116396536725604 -0.040038076761365 -0.0393848978754824 0.00275158927787746
-0.0159603881406565 -0.0360178189962485 -0.0220990208948249 0.0179318180665495
-0.0264082880265454 -0.0192889645283289 -0.00945484153857946 0.0132480118526594
-0.0274638656058377 -0.0118855728762868 -0.00306963124199498 -4.07745676745814E-05
-0.0272773406616202 -0.0141260647581403 -0.00300535899841186 -0.0136138641003807
-0.0278068343517271 -0.0289843485117665 0.00721358152606292 -0.027581060337501
-0.00931473647691869 -0.0459226850008946 0.0282622610535862 -0.0299736863208471
0.0229759672570737 -0.0420634908481337 0.0423738569167527 -0.000175750979349076
0.0568395254837773 -0.00868094462997294 0.0265013366129899 0.0352497996520915
0.0477345472421635 0.0462519540473416 -0.00964446954043678 0.0407745680727648
0.0108046316050422 0.0721502895287493 -0.0151484518479211 0.00742928994442696
-0.0159199216513688 0.0592237021130836 0.0171576840351719 -0.0481766293026786
0.0121764021509867 0.0570018489852567 0.0337179454821579 -0.0485413809955773
0.0396245060068658 0.0316515971435276 0.0110130318640851 -0.0664116971171435
0.0397424379248619 -0.0123348448446057 -0.0254262106800698 -0.0467982720555233
0.0138334664969821 -0.0351527768849927 -0.0350569736662555 -0.0172284281992997
-0.0126509553952071 -0.0331467299731608 -0.0296242739287912 0.00246796962111977
-0.0235333210908339 -0.0183300604598657 -0.0210778732930018 0.0052787388683476
-0.0238705662723503 -0.0105024565366467 -0.0138965345966751 -0.00429898911191603
-0.0233909678590324 -0.0116823083186166 -0.0128310074818749 -0.0180377683697711
-0.0229863564558045 -0.0243594540681145 -0.0020373311233809 -0.0330520015761309
-0.00708522298794729 -0.0386894479103203 0.0220673053675433 -0.0395377828066381
0.0196180287066538 -0.0346593070239193 0.0424708198982204 -0.0112001723474088
0.04665210243917 -0.00544031400801868 0.0290036040326375 0.0262436004618012
0.0368328813115752 0.0403511280245519 -0.00706206476707647 0.0324529088622827
0.00554541783792394 0.0587058687073078 -0.0129085905253777 -0.0112105874629998
-0.0165991972628992 0.0388110053028846 0.0233890475056534 -0.066641319008463
0.00189778971530951 0.0416981238426506 0.0363697442136911 -0.0551034981672838
0.0246198649749553 0.0265551638098012 0.0199279862456847 -0.0642333701123874
0.0284653556420375 -0.00533494601759858 -0.0109580858623821 -0.0514725262400749
0.0113417428002445 -0.0232303582467888 -0.0286081589293568 -0.0314003868604112
-0.00761557406243407 -0.0238693587682064 -0.034182255475821 -0.0110405122303374
-0.0167807072120152 -0.0137793583629577 -0.0295179090543709 -0.00214530196573189
-0.0168892639897221 -0.00758692973140989 -0.0214008669560243 -0.00868002322310626
-0.0167211076562379 -0.00834794504625107 -0.0193782491453176 -0.0210702726279669
-0.0154939662521966 -0.017917749063671 -0.00706791117992865 -0.037251015865215
-0.00348585699610761 -0.0282506470360608 0.018709051030705 -0.0439074114592212
0.0166810074253226 -0.0238817216485982 0.0430245572335277 -0.0162176263695394
0.0339941660068412 0.00117850275464543 0.0293267672555665 0.0202874660951182
0.021476026347433 0.0325412848736059 -0.00505391403542935 0.02546870392377
-0.00266895613016549 0.0396393823956419 -0.0093311572653196 -0.0246612161897326
-0.0121339807962509 0.010866798584841 0.0259382547397035 -0.0755277347899221
-0.00561696836113869 0.0176340027752914 0.0361644534673484 -0.0574362301353416
0.00623353907336665 0.0128543305184424 0.0223977848756165 -0.060543977393602
0.0104688757992881 0.00050826721876936 -0.00416112580903786 -0.0518715966188071
0.00505450102017169 -0.00766445823856889 -0.0257042457722282 -0.0367657257469757
-0.00193159904341782 -0.0101299112795189 -0.0364478614546504 -0.0175230799765567
-0.00678307638109881 -0.00633929842925689 -0.0346634412903021 -0.00590966218513665
-0.00700647386946198 -0.00370629741871063 -0.0260157379086586 -0.0109084446688867
-0.00860915757867495 -0.00404407900408604 -0.0228667740111774 -0.0237799201039899
-0.0077871357982022 -0.00911112331433024 -0.00910800841558494 -0.0399296818993173
-0.000500812167079919 -0.0155884223299267 0.0175096701735933 -0.0459575831537703
0.0122373211854301 -0.0127579433811486 0.0441442152461803 -0.0169137669174584
0.0200672794870762 0.00607521358546384 0.0300756436520691 0.0185915209472042
0.00668640179324846 0.0222266685402867 -0.00384251232387241 0.0211308899773747
-0.00970536024601007 0.0168800169019519 -0.00434127578042589 -0.0323650408291365
0.0114943064038975 0.00428758739745065 0.00580397498569126 0.0423901520802723
0.00220124591840154 -0.00626259724185373 0.0191463601805645 -0.0140452650612671
-0.00519399409840588 -0.00266202294686156 -0.0267410537627435 -0.0250828526742589
-0.00183242031739461 0.00285539826282513 -0.0503050732710255 0.0117527092123097
0.0010721526833409 -0.0007160814997911 -0.020663803182614 0.0480404796486556
-0.00075961566812142 -0.000999360217138775 0.0116427148745583 0.0434240191658606
-0.000918522214492951 -0.000990580480620222 0.0229440254283126 0.0268689666297958
-0.00419836632743282 -0.0016262926025686 0.0273360491522862 0.0125573880774488
-0.00547252895744704 -0.00264101097935649 0.0309942656321759 0.00581613051996304
-0.00561295482307037 -0.00595540367380209 0.0345607731043346 0.0115938705251569
0.000309372012585562 -0.00934963517929079 0.0276864534303513 0.0297872810398672
0.00832216657695476 -0.0063995681367369 0.00562920070802091 0.0468350490404032
0.0121030591846771 0.000509861830305437 -0.0151598111272039 0.0547372322037796
0.0112531469380081 0.0091887920074099 -0.0351692265227688 0.0555526281432293
0.00919299302249485 0.0192284007726876 -0.0261982091439951 0.0719547201700917
0.0112509821568714 0.0267651122883103 0.00313598250553279 0.0365440661393522
0.01251624284313 0.0081398191052364 0.0203013695072872 -0.0150763811531793
0.00964982002002027 -0.000707478619553465 -0.0245873850833006 -0.0317287359249111
0.0063932774114684 -0.00572686321292154 -0.052948744083504 0.00548898823274067
0.00101530778010757 -0.0130756318381248 -0.0260105854452207 0.0445627588914839
-0.00677535096969553 -0.0107570526168432 0.00665250472875289 0.0427644607229659
-0.0103378326196344 -0.00571513252937875 0.0196878823849774 0.0265820832079013
-0.0139717278007898 -0.0053337239974355 0.0236883019083097 0.0109910212042628
-0.0153154503506045 -0.00833422487541253 0.0269058344949042 0.00214216552131972
-0.0148161571464802 -0.0184511567880559 0.0327684338993603 0.00293471674004941
0.000421048016695708 -0.0267232269228141 0.0327185527829861 0.0188130742277459
0.0223527207897321 -0.0180056045233212 0.0163976541109603 0.0411621544850241
0.0341565536275507 0.00561097068467277 -0.00454120805654535 0.0553913040483277
0.0243102350176567 0.0317859955086828 -0.0273665406332784 0.0546999060169443
0.00844502862626266 0.046180162901057 -0.0226860656193802 0.0627776123759541
0.00722757736590466 0.0472095884042089 0.00199154175595275 0.0231795970423611
0.0211642999366681 0.0254432240674312 0.022503445139254 -0.019824107696045
0.0253155301558415 0.0050661311335276 -0.0203762741300604 -0.0424831608381575
0.0167491654194037 -0.0139685360612112 -0.0535121062084603 -0.00490875849796438
0.00300861515776539 -0.0247612806462674 -0.0323751462635227 0.0364119375539444
-0.0127670555231149 -0.0210526863350604 -0.00121043486331519 0.0386522305699846
-0.0179406561130967 -0.0109800380685283 0.0125781998709409 0.0237797365509837
-0.021160054524653 -0.0087494537573623 0.0169245534052906 0.00819492828702545
-0.0229847159480213 -0.0122437719568301 0.0181723385062018 -0.0031039255223126
-0.0229628070616534 -0.0261427750973456 0.0261798068686622 -0.0082590158403791
-0.00373608960415757 -0.039290782872764 0.0355032731066557 0.00227795792261972
0.0274645066613006 -0.0316388301343979 0.0290657024645259 0.0294589386414889
0.0505967913024627 0.00143741189489414 0.00856239087525101 0.0519326200875074
0.0389587261068864 0.0438510766780386 -0.0184628199728386 0.0516741449939978
0.011050533719715 0.0649189802083275 -0.0186236257725366 0.0480518289792028
-0.00037714906067845 0.0616381902428322 0.00466618407458406 0.00324803196881177
0.025001146829833 0.0424924056497351 0.0246373232505676 -0.0278182282818034
0.0387697263318133 0.0139143983268778 -0.0126785447047879 -0.0532780164997007
0.0286168054959304 -0.0188280520769642 -0.0499180257668072 -0.0192291383376206
0.00582950225280168 -0.0344311707873309 -0.0367447323906648 0.0222589200473932
-0.0159741143055111 -0.0292529733064949 -0.0106815631416857 0.0301652560514893
-0.0231963965886962 -0.0149603891457778 0.00296462286896325 0.0194503073515317
-0.0258144592444685 -0.010360292738152 0.00723090658943167 0.00473904522244852
-0.0266209635424641 -0.0135171567237885 0.00747551321502303 -0.00833660086345225
-0.0276758018820169 -0.0285560951963356 0.0160518011509339 -0.0182690287020527
-0.0086197959244006 -0.0445517652902295 0.0319107440977647 -0.015325534459893
0.0249193018667975 -0.0399189990872381 0.0370709503724721 0.013636173473524
0.056907618605293 -0.00614938255884887 0.0196058134859492 0.0435476114255131
0.04737681641941 0.0455461222659767 -0.0119458142958312 0.0462424141697407
0.0133015889469883 0.0716787004485135 -0.0155572556147297 0.0280997767750701
-0.00825429491865367 0.0654047572287955 0.009106550713084 -0.0217413909735705
0.0215439737939076 0.0543626419926615 0.0280324119797519 -0.0368232102699657
0.0440973826573852 0.0240738217025903 -0.00141783107700392 -0.0610842703054057
0.0374953180177845 -0.0182966471198262 -0.0395310951749395 -0.0338811907835549
0.00955693013319442 -0.0382040599874588 -0.0378524066666655 0.00351875022955303
-0.0161150089180555 -0.0331799207843223 -0.0203890490165996 0.0169964955078739
-0.0254062389567274 -0.0172930090689711 -0.0087666486563151 0.0129197713773894
-0.0263188134635575 -0.0104920725467639 -0.00332716911699563 0.000207904161673686
-0.0264341000012478 -0.0127728171290749 -0.00340029784048295 -0.0124701229514998
-0.0272028527645452 -0.0267874928298479 0.00559167263960466 -0.0260104482314812
-0.0106264657991811 -0.0427644152827737 0.0253087391030966 -0.0292635716315231
0.0207274605337669 -0.0398328870120153 0.0400860570221204 -0.000743063075793072
0.0530741773988543 -0.00944829474150907 0.0261211572511435 0.0332910922723839
0.0457573273315207 0.0420267794609425 -0.0078740304657075 0.0386659180257294
0.0124660998784322 0.067218684958701 -0.0140248943072258 0.00750957137577222
-0.0136961638326842 0.056178272611228 0.0150973699599602 -0.0452378324786992
0.0128538957716189 0.0537149973819021 0.0310903043270463 -0.0457092256266789
0.0379470546818354 0.0289854024930805 0.0096107813973016 -0.0629739629007396
0.0372117910870252 -0.0125646735984957 -0.0249198008897475 -0.0439402037960114
0.0119754546209167 -0.0335517465646504 -0.0341675784095533 -0.0154961657516546
-0.0133681844084584 -0.0310804219301427 -0.0279263047432316 0.00268192568752681
-0.0222908998989036 -0.0164652589539633 -0.0198191266447246 0.00534135106745082
-0.0226940820947409 -0.0092222526893162 -0.0129052143681678 -0.00369460931202852
-0.0224081025409355 -0.0104212256302941 -0.0127748501008207 -0.0163893148100706
-0.0224291069964257 -0.0224188265644188 -0.00267653378893501 -0.0309189562715441
-0.00794526291085234 -0.0362052725444607 0.0193396146329649 -0.0383052495211021
0.017528989494429 -0.0328320588318665 0.0402268233191764 -0.0109939943804206
0.0436461018222527 -0.00580233186245328 0.0279423338054159 0.0246095097613086
0.035712123314896 0.0370612772208701 -0.00584803339486115 0.0311990646049088
0.00605811794750618 0.0550954810919178 -0.0123460654099667 -0.0102253703124412
-0.0144817332634909 0.0368482502553188 0.0211156204176572 -0.0634663939913152
0.00282832704220181 0.039702801621687 0.0337394202551765 -0.0517454532944023
0.0235008440393507 0.024793679184451 0.0176845924724117 -0.0610264724468217
0.0267967821067391 -0.00533525247751054 -0.0113947417982834 -0.0488349103276592
0.0100789314269576 -0.0221912442001912 -0.028308792232641 -0.0287291021809297
-0.00772193736018767 -0.0222601438963268 -0.0331190244249119 -0.00926920388161056
-0.0160490022067264 -0.0124834439056602 -0.0283259499129273 -0.00110595868498274
-0.0157490664601717 -0.006742214041065 -0.0204179275529031 -0.0075138048238839
-0.0158530809725303 -0.00751297955587398 -0.0192147560002586 -0.01910399082877
-0.0148804551691815 -0.0160572980176081 -0.00748861221448315 -0.0346534503371907
-0.00412241983535956 -0.0260938043374436 0.01619330270883 -0.0423195585348456
0.0152499300293711 -0.0228823362195205 0.0401701659069338 -0.0162739214619798
0.0316946875323414 0.000403519412631498 0.0285015745756296 0.0192692060737855
0.0211418442503645 0.0304120539604027 -0.0042666343368937 0.0243738650480508
-0.0020547032960397 0.037165197503136 -0.00913708950661102 -0.0232131093679993
-0.0112958510104528 0.0102248514963758 0.0227778403518486 -0.0712274075294511
-0.00461498473298916 0.016628067522341 0.0336308855581945 -0.0551695883509138
0.00614233510043944 0.0120706517061951 0.0197335048239324 -0.0573458103191576
0.0101412099299039 0.000393575853488799 -0.00478039356459555 -0.0494094957202957
0.00437923691490298 -0.00735599589568093 -0.0256504250651905 -0.0341799659152522
-0.00270926376744194 -0.00951636192889814 -0.0352039053562934 -0.0155172021153017
-0.00633143095339483 -0.00598284758306918 -0.0328392840786078 -0.00494902609510999
-0.00630612319123433 -0.0031518904001354 -0.0249293888318146 -0.0101346101380745
-0.00761056460273605 -0.00319608059226326 -0.0218490256534115 -0.0216628596330267
-0.00774466340131373 -0.00806126061656222 -0.00974132869741099 -0.037596228703803
-0.00109840949227675 -0.0148634565316034 0.0156644931468783 -0.0443255748545256
0.0112189687631084 -0.0124675430743314 0.0414835546055136 -0.0169446078251242
0.0185304751336654 0.00504980602212015 0.028175481426609 0.0172766009871824
0.0067681723994107 0.0204453172766658 -0.00319577845888452 0.0200806084366365
-0.00892877321841522 0.0160443959837704 -0.0049250095144759 -0.0307379117539988
0.0108272368415493 0.00361122947689666 0.00531230784429295 0.0406206909876244
0.00240557616593782 -0.0058150909518536 0.0190513032824628 -0.0128433441122092
-0.00440401987043831 -0.00279088853076427 -0.0250338716320261 -0.0248147786386366
-0.00163393310578926 0.00248385495257257 -0.0484124875985474 0.0102681339447376
0.000947097322029864 -0.000952594179991554 -0.0206483323721332 0.0457807615272362
-0.000556412386603679 -0.00109692283425536 0.0103456857140908 0.0417154240695945
-0.0011117194906768 -0.000949161652740855 0.0215565214795872 0.0266272818918952
-0.00400385001090144 -0.00139054119116453 0.0263520908159701 0.0126351778846835
-0.00509846788609803 -0.00253118532853026 0.0296696007310602 0.00654681108022145
-0.00581727370012445 -0.00579969637324964 0.0331380509617676 0.0115949608690642
0.000503586620969551 -0.0090607252085885 0.0259384942073262 0.0293814278387471
0.00813952295838067 -0.0059484757350078 0.00438009003879192 0.0455797908904466
0.0122203278523815 0.000469245410434075 -0.0161160519575627 0.0519181887115821
0.0102587413062711 0.00926153357593904 -0.0354802370313563 0.0523080298387514
0.00828205015433008 0.0181106127507757 -0.0262565783130109 0.0680657230657906
0.01048361101606 0.0252445493383265 0.00291524903102765 0.0355873677589157
0.0116610888988777 0.00776356092240888 0.0201932261301753 -0.013957629589815
0.00903016798754383 -0.000599111536198241 -0.0225697551027626 -0.0314867469467278
0.00639084167843326 -0.00562361243987318 -0.0507065395491613 0.0042268890735277
0.000900036489552901 -0.0125845703072333 -0.026043603841756 0.0422605042248676
-0.00662644973312226 -0.0106172254554485 0.00568456567847918 0.0410798969399101
-0.00964729049870509 -0.00531705638945326 0.0180854065935446 0.0258546316595148
-0.0129134229687637 -0.00518040648643555 0.0223090603853471 0.0110611398049122
-0.0145901569124614 -0.00779133971404407 0.0252542293629236 0.00263331030732744
-0.0142713867785589 -0.0177048254498114 0.0311356403593903 0.0032668190979475
0.00076320647277252 -0.0254953975059693 0.0310002922294718 0.0185839588007332
0.0218403963661858 -0.0173022102436847 0.0150205375575165 0.0397271889080292
0.0325268869953407 0.00664046917186227 -0.00586881287181115 0.0525980884533602
0.0221453012995281 0.030940187182275 -0.0280193800028023 0.0524169875794339
0.00725309873185286 0.044069004094853 -0.0226443920667151 0.0598774605857669
0.00593206402723997 0.0448328279416849 0.00205716590655169 0.0227996007763602
0.0195664550740928 0.0246758809040556 0.0223331943909306 -0.0183114039426075
0.0237135695631396 0.00556240748159491 -0.0184401422082073 -0.0414323009107848
0.0168162818778299 -0.0132148453898222 -0.0512134668986146 -0.00602303033455932
0.0026906254550618 -0.0240483234902299 -0.0314585844362705 0.0341819189868987
-0.0116908154045919 -0.0200365768512811 -0.00189678329841381 0.0372609912736661
-0.0169241994450566 -0.0108178454894164 0.0111864845841339 0.0231403070171785
-0.0202187641555157 -0.00853720458057352 0.0159339006446633 0.0083668277551231
-0.0216050765818787 -0.0121316530399655 0.0174898891823591 -0.00254742751401472
-0.0219994005583305 -0.025382712951515 0.0249936034057898 -0.00726840917662084
-0.00284271163226928 -0.0375138960957341 0.0333833775959845 0.00226574872769881
0.0270544727996945 -0.0295234213070739 0.0269865716872104 0.0291106032590073
0.0483996112381819 0.00221943539023141 0.00708827104095336 0.0500844545318523
0.0362873375980823 0.0425775298652714 -0.0192997094480425 0.0498250986545813
0.00930395022688279 0.062425751553 -0.0183601747588082 0.0458567257919257
-0.00126390001669384 0.0586366931425518 0.00434365743848224 0.00331766992052307
0.022978399084173 0.0409773329553718 0.0252547896446923 -0.025025474874059
0.0367718635560013 0.0142996140746678 -0.011023318870658 -0.0512930053448113
0.0281289596119429 -0.0178597694744788 -0.0481086369261479 -0.0199333707268222
0.00580981279372832 -0.0330559848790408 -0.0358761423203655 0.0204117279688018
-0.0152198826328697 -0.0283407933500689 -0.010903226509887 0.0290521555302483
-0.0222554278389303 -0.0151475646302808 0.00170432226948554 0.0184530259707013
-0.0246300393873038 -0.0103603395374698 0.00642092483164209 0.00463680404791897
-0.0253144047979601 -0.0132758749454503 0.00703898146302476 -0.007344081562216
-0.0263750329393902 -0.0274777293301415 0.0154176340072559 -0.0172400324763225
-0.00784435577260272 -0.0429266949898429 0.0306619964108837 -0.0148217582238105
0.0246064410267337 -0.0380241569017418 0.0353798994106388 0.0143503265422046
0.0542599278148829 -0.00510630301752399 0.0179708571649775 0.0425866714903581
0.0446062870623131 0.0445847627654252 -0.0126440631239862 0.0445879128857172
0.0110845459648051 0.0691894215562823 -0.0151202924024954 0.0264011577278068
-0.00900312181583353 0.0622024869312535 0.00896668868512801 -0.0201328393460545
0.0197394822446408 0.0525061923539773 0.0280548069817644 -0.0340086635327576
0.0417917733795541 0.0237365316252958 0.000132216031055252 -0.0584064270034614
0.0363413099608198 -0.0170825618181605 -0.0377850910781067 -0.0333134879389627
0.00994450756395301 -0.0366064583336411 -0.0365882676531694 0.00244489988047106
-0.0153897774343672 -0.0315381170115999 -0.0199986580964259 0.0161306378250833
-0.023837399258958 -0.0169621927893119 -0.00882258278498282 0.0122540814682853
-0.0248531372066468 -0.0103685722671203 -0.00319250398810523 0.000166977442111849
-0.025237797375794 -0.0125363695210998 -0.00325310680105342 -0.011730839073244
-0.0260887657919415 -0.0263195701587753 0.00610752191141212 -0.0247524619854892
-0.0101015156339439 -0.0410376759694645 0.024399963428386 -0.0279290663800891
0.0202041528089659 -0.0378657400088218 0.0385699371630256 -7.3770827988895E-05
0.0509902470751292 -0.0079829379263768 0.0240806227751798 0.0330647353121509
0.0433984775254401 0.0406428199292187 -0.00821688673086198 0.037201569995818
0.0099051103224191 0.0650844007118313 -0.0130822442560761 0.00734452739947622
-0.0135705684083501 0.0530933615696972 0.0155348710125514 -0.0432173326134404
0.0112550036649854 0.0514229488077879 0.0309533626083338 -0.0426681234458591
0.0356823215992714 0.028622685663901 0.0103941992198485 -0.0600577696457245
0.0361257473680048 -0.0116981735959 -0.0228491347042285 -0.0431393649148104
0.0122244368998766 -0.0319506696628907 -0.0326563167120749 -0.0156185596680586
-0.0128768143136083 -0.0297097122405743 -0.0273313289710745 0.0023369943408771
-0.02141195936703 -0.0159947889522349 -0.0189173277054674 0.00504457980759196
-0.0214865036686611 -0.00931712212146102 -0.0123800680712976 -0.00367534802737495
-0.0212638467958783 -0.0104754291983317 -0.0120031167945872 -0.0152693603985032
-0.0212258907745597 -0.0218165877026524 -0.00227742848402099 -0.0296870697447133
-0.00766701050095209 -0.0346472464767309 0.0186376669850011 -0.036121611527395
0.0174633518133022 -0.0311250640573094 0.0389168200117331 -0.00932001898505458
0.0415848339879044 -0.00480159730696433 0.0261677756228983 0.024870037140278
0.0332125834259734 0.0358938647176881 -0.00638464387058369 0.0302255235079562
0.00457912287789495 0.0529233707003796 -0.0112184167062522 -0.0100455548742375
-0.0145364043462217 0.0348583539783771 0.0213901626492459 -0.0597114268254777
0.0021929660729814 0.0378060716767013 0.0333392257248332 -0.0484058599114484
0.0219423739400647 0.0240948944114176 0.01869745199371 -0.0575316932661374
0.0257086109233984 -0.00483517037600534 -0.00957481158950975 -0.0474656098176765
0.010064789752323 -0.0211716356022588 -0.0268285085747223 -0.0284112342243255
-0.00796583015578591 -0.021422713907536 -0.0318673187449069 -0.00921510108446537
-0.0151517358595411 -0.0119364795626415 -0.0270183232458428 -0.00157117345900637
-0.0146852564666586 -0.00690072064831579 -0.0192769189744051 -0.00784166471664079
-0.0147813884230326 -0.00708751285659793 -0.0183895809614843 -0.0189713445279521
-0.0144040191657711 -0.0159322265444373 -0.00689486545269759 -0.0337663169983243
-0.00369147236590322 -0.0253111895405339 0.0157993034803672 -0.0403272759406949
0.0152666137866327 -0.0214918576274647 0.0389400666706332 -0.0143659067942777
0.0302568694513433 0.00120134142739253 0.0268308169674209 0.0195927514526309
0.019457554056022 0.0293083595341443 -0.00427598516052457 0.0238000235486722
-0.00237028479453106 0.035287424120463 -0.00860639517784105 -0.0227494659139612
-0.0109554049196659 0.00931707413946128 0.0232765612124037 -0.0682239364622975
-0.00448354200361452 0.0158507203378841 0.0333488846850125 -0.0519039110296676
0.00552531188962443 0.0115287995707721 0.0199876440977052 -0.0545919465991587
0.00948817010608486 0.000497077488515452 -0.00367789238849383 -0.047897793592564
0.00468157383266822 -0.00668453705480116 -0.0238401183905662 -0.0337007045419375
-0.00239103962714429 -0.00871643618759982 -0.0335908657365857 -0.0153052059032674
-0.00608020889554147 -0.00573563461891263 -0.0315276094853116 -0.00486312942891223
-0.00614629059328274 -0.00335063137883598 -0.0235210693618768 -0.0100820525384702
-0.0071206619193629 -0.00325681071880307 -0.0205686099445705 -0.0212808715054956
-0.00696054466089108 -0.00829972946487094 -0.00835606898988126 -0.0359208489651137
-0.00102785311125399 -0.0143583756102105 0.0156211448057608 -0.0419068771835324
0.0111811548371819 -0.0117276639547705 0.0399286621333637 -0.0156382271208106
0.0180084253256175 0.0053358816858866 0.0267039042939246 0.0176169154637912
0.00579974301418271 0.0194046126812322 -0.00310910817777901 0.0196359698136932
-0.00901008352916064 0.0150734368439082 -0.00454108364065117 -0.0292811063141935
0.0102338754777554 0.00535648373979915 -0.000619048947065772 0.042070586062523
0.0026927961582419 -0.00555412742323983 0.0217909366922938 -0.00970891211841396
-0.00364163923030784 -0.00330740813203695 -0.0201085904732658 -0.029199767336846
-0.0019220881774976 0.00201137654665327 -0.0490862580007099 0.00222382555379742
0.000621951548711745 -0.000661859781670585 -0.02782460404538 0.040913598496421
-0.000187748904392705 -0.000985037367297183 0.00336204174438741 0.0430179394183245
-0.000947787461541708 -0.000729169025250108 0.0176532175568514 0.0299135481300202
-0.00358694858714804 -0.00250239904671503 0.0237427539483421 0.0168699216308309
-0.00441505447681486 -0.00335723781053804 0.0284129715837294 0.011746130811423
-0.00434033926559552 -0.00658630698931786 0.0300495799387184 0.0175741855659427
0.00249811558620079 -0.0082663868483782 0.0199917178080824 0.0337617495162662
0.00985534052970459 -0.00433138961357941 -0.00382858020253136 0.0460814068379365
0.0115923744857877 0.00366709685229408 -0.0250298842236762 0.0473936420825847
0.00864372009882676 0.0119536093295105 -0.0446023606103012 0.0442041489686459
0.00535150114918454 0.0197626124499208 -0.0395552726091516 0.0627808005915396
0.00632255064865323 0.0260507591604584 -0.00408635867846938 0.0354434220361126
0.009915600306832 0.0100292640111541 0.0221351818194852 -0.0100905605401819
0.00905141843953032 0.00131590592417288 -0.0177087143975771 -0.0345844915546916
0.00747170201111346 -0.0045871793637047 -0.0501853619882534 -0.00320838057642878
0.00310171379637827 -0.0120701523801449 -0.0318568828245966 0.0376828699852485
-0.0046558528865036 -0.0114589874067711 -0.000698126894069337 0.0417682962123902
-0.00798505892618441 -0.00769532111027615 0.0142638459438808 0.028314064760843
-0.012026678511307 -0.0075113139336305 0.0200472331915508 0.0150948780338398
-0.0125195964008045 -0.0110462477606303 0.0242756603076818 0.00719111108012668
-0.0103354328840493 -0.0199580989846922 0.0293036999416082 0.00884317280662876
0.00554372598412746 -0.0244667764741408 0.0268093916830559 0.0239141102395231
0.0251145852315008 -0.0126070696335618 0.00681819000875444 0.0426858521156862
0.0310993621632264 0.0125697829149133 -0.0156036978727482 0.050141330098372
0.0163903478047741 0.0350478783524364 -0.036770200021165 0.0452361343955239
-0.000888206153859092 0.0452454678704004 -0.0337304922378255 0.0549147541965916
-0.0010568171235684 0.0446676283013101 -0.00376375253283336 0.0218568169934202
0.0147005024538804 0.0278509961230519 0.0241755126457524 -0.0139604312899663
0.0225061717276976 0.00939544892872264 -0.0119008173183984 -0.043127576217068
0.018901920355866 -0.00985233328152454 -0.0496022201986542 -0.0132417955049673
0.00671652525479277 -0.0228410227438004 -0.0362373402381872 0.0297907114597484
-0.00815032341778644 -0.0217692873856436 -0.00686583724033177 0.037012123601094
-0.0149680314806779 -0.0137160917287462 0.00771128879984358 0.0249204187159161
-0.0181229023161534 -0.01202837083498 0.0137392058286445 0.0107211355967432
-0.0187824330317648 -0.0152461016350408 0.017199622410926 0.00107276528033466
-0.0170286376918604 -0.028445322467406 0.0250455131975878 -0.0022201390062638
0.00404465790383061 -0.037387539673305 0.0315719903260223 0.00841622919300706
0.0322796427540187 -0.0244021965462239 0.0206964753238417 0.0345099829651081
0.0471077639442539 0.0114868127141531 -0.00276694228751015 0.0500036168251983
0.027499293127447 0.0485002686531089 -0.0276866917631638 0.044122817704766
-0.00227763933411965 0.0629507511319359 -0.0262278776955328 0.0409859933336531
-0.010212286535119 0.056571580688638 0.000560474956655022 0.00246984934653047
0.0150870783049059 0.0441738844484409 0.027393751983542 -0.0205175683550826
0.0334522928812526 0.0200801364972064 -0.00350493362907806 -0.0513224689443091
0.0304430229451098 -0.011998991123226 -0.0435056857579955 -0.0254543917260429
0.0112362089318735 -0.0310628907817054 -0.0384841850702057 0.0157621262122131
-0.00978060264883365 -0.0299120468365941 -0.0143408547379058 0.0272553852886689
-0.0192461683574168 -0.0183663658958908 -0.000112100659210945 0.0187842840300174
-0.0217413814667789 -0.0145237704959274 0.0057198232999077 0.00576594248521138
-0.0220959735461085 -0.0174567058550791 0.00808116655571317 -0.00565575875268806
-0.0209563447301204 -0.0314367591817364 0.0177256736108312 -0.0136857110478057
-0.000462889919267277 -0.0432014393471137 0.0317972476037289 -0.00896082987679498
0.0315437083379759 -0.0328351807643319 0.0317603370837322 0.0209836282255184
0.0542656034378042 0.00495086119437767 0.00942665520619492 0.0444555682032454
0.0355793511438785 0.0512585764849539 -0.0197727358290523 0.0402104714402407
-0.00159371971308529 0.0698715052755432 -0.0193425789526811 0.0229337820615812
-0.0180911105438414 0.0587048242039413 0.00887621758872655 -0.0207603523706243
0.0104196270211734 0.0543118885974121 0.0312190682517463 -0.0289457520671201
0.0365918172258933 0.0307173759943704 0.00654425719109251 -0.0561134176267279
0.0383459094584012 -0.0100845852846864 -0.0319714889966088 -0.0370745119168731
0.0156384984924788 -0.0336630672124972 -0.0359276329781265 -0.0016697801816475
-0.00980985727407137 -0.0334231312781999 -0.0216506525663197 0.0135351612903372
-0.0206264902918732 -0.0213137495841065 -0.0101339107326665 0.0112254601183578
-0.0223563989996582 -0.0148914289829386 -0.00347760095562058 -0.000320430842053955
-0.0218727985554032 -0.016318493936176 -0.00148279706874716 -0.0115287086138716
-0.02107683958145 -0.0297618272229065 0.00924033125679218 -0.0224397499606417
-0.00269404396024227 -0.0417395876888083 0.0282603634057178 -0.0229819597244155
0.0267054559397282 -0.0342101131277761 0.0374713128545766 0.00740632622770917
0.0512928504367762 0.00111824805487342 0.0171308622441488 0.0368683153702224
0.0349420294272522 0.0476220130664841 -0.0149095338900863 0.0342941399690346
-0.00230320575675314 0.0657126956339347 -0.0140289774410305 0.00353916258489089
-0.0219230076473603 0.0501169911283766 0.0194497511731315 -0.0425265373273693
0.0020611234754497 0.0524465389909193 0.0356652161844269 -0.0374840359404108
0.0297331367867487 0.034370466744637 0.0178273833928836 -0.0563166465544759
0.0372639819133646 -0.0046632863599661 -0.0163384224820729 -0.0448619454146785
0.0174374023379929 -0.0290446716027841 -0.0300884608200005 -0.018965195056422
-0.00719510603903972 -0.0307321247070976 -0.026310728231213 -0.000933119616946861
-0.0182353327799117 -0.019333620328876 -0.0190290180513774 0.00214830338089927
-0.0195050598141402 -0.0130490259050959 -0.0114914751286677 -0.00613789712053048
-0.0186972574371611 -0.0136465630498916 -0.00951302522942695 -0.0173388690502887
-0.0167573936572862 -0.0250015798336985 0.00233681212311377 -0.0292748344894347
-0.00150946888715631 -0.0351046234124375 0.0238352176577862 -0.0323317321872827
0.0224516116392753 -0.0274762574700005 0.0394668228651416 -0.0018143758301905
0.0417750350275205 0.00246952862735988 0.0209435486653161 0.0286033425413533
0.0266725012284773 0.0408442254242033 -0.0111684256449245 0.0270038187866246
-0.00576991397858143 0.0524716207992031 -0.00920756878108509 -0.0125680941468986
-0.0192094902431963 0.0317139815966055 0.0288615127029625 -0.0578374170016412
-0.00427698806345079 0.037797369489165 0.0394333900521016 -0.0430125895480628
0.0173014245406255 0.0275275691329971 0.0254856640556933 -0.0537279784495564
0.0261839494829676 -9.63071086287937E-05 -0.00294543566492064 -0.0469595603961718
0.013476590523719 -0.0187519811283546 -0.0221983389471458 -0.0310569831671643
-0.00427486644210538 -0.0218073454534595 -0.0292417284742882 -0.0135713785123355
-0.0131356762319336 -0.0149244346389759 -0.0261953763101513 -0.00507538658743708
-0.013294238777369 -0.00935095458313221 -0.0178114842705527 -0.0111621491152498
-0.013091496078498 -0.0094658284807449 -0.0144439417851481 -0.0207468616770603
-0.0111816450864317 -0.0179778800012338 -0.00128016525321301 -0.033843622164556
0.000330539875422097 -0.0252271796402663 0.0220422200130778 -0.0371355524968391
0.018662732092347 -0.0187498229125479 0.0405662501283084 -0.00691525330945547
0.0295713360812085 0.00631999881123938 0.0221215203568337 0.0244562577968975
0.0137433022404279 0.0318615821305135 -0.00813913932313761 0.0216334830872608
-0.00959810254896943 0.0343684680700682 -0.00379771500186053 -0.0242680166070935
-0.0119713054116251 0.00785663872980619 0.0335343502743152 -0.064755733074687
-0.00687089022344865 0.0147621531233199 0.0412620592914894 -0.0462620977862921
0.00351899923430176 0.0122991125609748 0.0283514493271401 -0.0503883816768118
0.00925009804004222 0.00255116496469957 0.00392524107750988 -0.0472949512251444
0.00549006155437246 -0.00606683565548785 -0.0185129199838262 -0.036505302624576
-0.00103117972421685 -0.00880654995562252 -0.0311607418532067 -0.0203179644965028
-0.00540560808043642 -0.00670489845068136 -0.0306345514628283 -0.00961250033322288
-0.00514998066690272 -0.00442019818905928 -0.0213209628698734 -0.0141674269827822
-0.00629598655300254 -0.00432339741346843 -0.0169520545790381 -0.0240536826996407
-0.00553899503151039 -0.00913845858864657 -0.00235208123091043 -0.0366700198873169
0.0014330027094405 -0.0142853832315198 0.0219405231595699 -0.0389062391131537
0.0129974028430778 -0.0104283538577101 0.0418769412485358 -0.00757281383423099
0.0170844849123261 0.00850300856797516 0.0230816350922848 0.0222230562844052
0.00246155803331247 0.0200301767028732 -0.00614469936866546 0.0179582543525052
-0.0120518549297281 0.0128252540056506 0.00123369026677717 -0.0300763083256419
0.00990055005512715 0.00539213564523417 -0.00112097111242897 0.043333041662173
0.00309005502636085 -0.00550738602479756 0.0234965892017742 -0.00955790925199505
-0.00367052648557315 -0.00372323274874452 -0.0201167052340931 -0.0303643527709235
-0.00175508570684143 0.00173051259831855 -0.0508800195825842 0.00158916237229863
0.000765005382783748 -0.000799887165257648 -0.0292249293288606 0.0418518684391396
-0.00012802539539093 -0.00107447071906462 0.00302888226931043 0.044095064930906
-0.000819036375404278 -0.00125508831914738 0.0175000032160957 0.0314132234513146
-0.00369954594332188 -0.00251342289514778 0.0238709842639224 0.0179111999999847
-0.00435600228879856 -0.00356645922038452 0.0289454045085646 0.0126556374864803
-0.00452268967204407 -0.00699294474180126 0.0314519043689191 0.0183304101011331
0.00263892650482865 -0.00896786504661054 0.0197783443930779 0.0354648073587015
0.0105584071081887 -0.00426013898960571 -0.00568444905357039 0.0479578205382205
0.0121134899024871 0.00387596713960506 -0.0273347415320535 0.0480526177446866
0.0085099911596484 0.0124117926837612 -0.0479670776291782 0.0445979832229547
0.0048983126046804 0.0205621580809288 -0.0416370948750793 0.0636093788122724
0.00578008262826372 0.026509334261603 -0.0046863332546885 0.0367612721706965
0.0099098868209785 0.0102254020872889 0.0238092943546708 -0.0102066838901188
0.00919969009500414 0.00154348632122081 -0.0167348126746801 -0.0361646559948685
0.00810431149376328 -0.00491133164965027 -0.0520087525811377 -0.00418106789837716
0.00279604882703141 -0.0124959052660034 -0.0335578700992092 0.0384678118858227
-0.00464464570806536 -0.0119504564169288 -0.00152488300655441 0.0430294169366387
-0.00854379682874006 -0.00805554317688674 0.0137980570139825 0.0296368568545559
-0.0120873386998798 -0.00848577031880472 0.0205917731743559 0.0158012837677057
-0.0132327369836066 -0.0111844494324792 0.0253517881378908 0.00821548031960631
-0.0106687286633198 -0.0208794785700664 0.0297257689878853 0.00967225149363506
0.00635740267336729 -0.0252467428469764 0.0266155926284685 0.0248706518210255
0.0263080543530767 -0.0130032102367056 0.00613530918156431 0.0447832695955824
0.0316331292969794 0.0139502828034285 -0.017256573327283 0.0515018042003575
0.0158187035223853 0.0364466228675314 -0.0387270884367752 0.0458607117303723
-0.00143059163430699 0.046398534268839 -0.0353171765479306 0.0558477594522109
-0.00210775679758197 0.0456434435402288 -0.0035019779313078 0.0227104019175676
0.01459365375127 0.028457367213233 0.0257318062240602 -0.0130392282201136
0.022786040335109 0.0102589402266619 -0.01185527700501 -0.0446404755324287
0.0193755629534299 -0.00997891447683539 -0.0508839618911802 -0.014576436200555
0.00685157306510276 -0.0234659851231134 -0.0380458094971726 0.0300233764766127
-0.00836681210281018 -0.0224422542106428 -0.00791000899654825 0.0377002029504133
-0.0146368185899164 -0.0143294837004271 0.0075271110814962 0.0257425040206476
-0.0184741258906858 -0.012850105945191 0.013987839476877 0.011850906636296
-0.0191652354672492 -0.0160842055102556 0.0174197447721238 0.0018863479905506
-0.0169948259290227 -0.0292742254170609 0.0256460196953226 -0.001567122064728
0.00465728227642072 -0.0383554343407855 0.031992885917294 0.00906038357650472
0.0335730915736873 -0.0246808023372025 0.0208557598560029 0.0362489969309105
0.0486830295820658 0.0131672382008637 -0.00365705684000183 0.0515492895372338
0.0274158031062794 0.0505861463876688 -0.02940848604829 0.0452429049479596
-0.00328005006883164 0.064852208134182 -0.0271754114954156 0.0417451034932144
-0.0113588543761282 0.057545664263837 0.00114698755467441 0.00240051733439606
0.0148773490352594 0.0454735633099231 0.0291040025501146 -0.0198561686303108
0.0340715684193607 0.0213794169151202 -0.00294254205573222 -0.0525831211220118
0.0316642329681378 -0.0120961402010121 -0.0448022151915655 -0.0272053529781784
0.0120440736952285 -0.032026736466368 -0.0396851262263204 0.0152308817414646
-0.0099653354864987 -0.0308606219396606 -0.0151446805495306 0.02768720301304
-0.0193160657890519 -0.0195275223614236 -0.000795652723233499 0.0198263155133744
-0.0220408713469078 -0.0152894636048536 0.00576720594551934 0.00621460102528135
-0.0226363992463202 -0.018073404656841 0.00816048105306664 -0.00527426305830409
-0.0214524271071224 -0.0324159534624256 0.017676908425999 -0.0137857884254383
0.000322269351463112 -0.0445606751891521 0.0324355134390838 -0.00866170608849047
0.0326080162795044 -0.0336453824969884 0.0321421610135547 0.0228233016495184
0.0555583454058878 0.00625699941008088 0.00883595351848098 0.0467959365070412
0.0355894086773571 0.0535066482207099 -0.0209566458202721 0.0412767260974408
-0.0027176208517593 0.0723038657953708 -0.0199759114506113 0.0228633410593684
-0.0195680779808904 0.0599227209487013 0.00968037275241723 -0.0209016500716512
0.00961873032364073 0.0558501921487674 0.0331432557159501 -0.0284039439708885
0.0371061165994522 0.0323874040644178 0.00799332958651351 -0.0579584646664997
0.0397368887290238 -0.00989099166555584 -0.0322692723462317 -0.0394021967110844
0.0168311104301016 -0.0343316635737858 -0.0374008585795913 -0.00274758291650829
-0.00948009327265849 -0.0342859567829468 -0.0222966598673904 0.0139142490374292
-0.0211513276116866 -0.021721163205573 -0.0104991240709112 0.0111870815511947
-0.0223522857119537 -0.0159925666195571 -0.00388875995721901 -8.87109347853058E-05
-0.0224006685791573 -0.0172273483447323 -0.000999047030944366 -0.0117631865779367
-0.0211950650620325 -0.0310632178347175 0.00967530427077505 -0.0232753519205798
-0.00181260794988745 -0.0430221469970735 0.0290484154137945 -0.0235228676227729
0.0282564255409615 -0.0342314768348346 0.0383468524901653 0.00899755020249452
0.0529089701044806 0.00231462457302647 0.0169574860321536 0.0387544385170169
0.0353051766152538 0.0498551259174591 -0.0156435428113389 0.0352569461955383
-0.00338454176157096 0.0677604318739573 -0.0139577565965167 0.0035903967971435
-0.0232832673317243 0.0503607139062728 0.0213413071155239 -0.0428946765172479
0.00143994962879289 0.0534534603675229 0.0380539960742377 -0.0371410856937926
0.0300180968733394 0.036231153952973 0.0197760466345443 -0.0577169413418383
0.0384707418500587 -0.00411719958284945 -0.0160771848708348 -0.0466836561219624
0.0180013707957157 -0.0297979453109791 -0.0304631616460213 -0.0196229249624677
-0.00761047105369551 -0.0315141822238135 -0.0270398091068681 -0.00149944778780677
-0.0186067422529642 -0.0200835969695988 -0.0201969131013369 0.00188767644298681
-0.0192135701200419 -0.0138237999096676 -0.0122658887731885 -0.00630013632985733
-0.0188072723678288 -0.0145311444846488 -0.00937902822363073 -0.0174218356316153
-0.017411222494102 -0.0260021036578539 0.00279419721511523 -0.0296353975446991
-0.00120200097460248 -0.0357640549179446 0.0245598279324687 -0.0330031528636636
0.0238995195535892 -0.0282841899952872 0.0406763212096928 -0.00129311533284179
0.0424501993506665 0.00375792496739173 0.0214850170327773 0.0311101463026013
0.0261954024606785 0.0420939958830679 -0.0115396544850681 0.0285917093332996
-0.00625716614821485 0.0541493330590358 -0.00902213959786567 -0.0131071413997236
-0.0204316805636842 0.0320599611498821 0.0312945330474877 -0.0587292458013111
-0.00492349138623043 0.0383184017177385 0.0420173340689462 -0.0428067293024371
0.0170709322969743 0.0291353243989957 0.0278175969564639 -0.0543658663944207
0.0271425614992901 0.00067577057316725 -0.00168676444456901 -0.0487515405985188
0.0143596429984006 -0.0191117838664308 -0.0224587447707565 -0.0322536454390163
-0.00430128754202976 -0.0224925021201537 -0.0298230643289614 -0.0144609681489101
-0.0131974864596353 -0.0151334150331728 -0.0267772667899118 -0.00543708022577541
-0.0129427629749989 -0.0101577379529564 -0.0183937087938025 -0.0116299288636923
-0.0133586846788224 -0.00998625004173181 -0.0150691827707189 -0.0217012521962915
-0.0115076078311845 -0.0188420907333285 -0.00120984153346779 -0.0349221857500197
0.000818200367689602 -0.026222119388741 0.0226690218086764 -0.0376976027981393
0.0196916040113561 -0.0195262364374489 0.0418178989691641 -0.00628223759799865
0.0304600366812145 0.00725223187737223 0.0225536758924006 0.0259379068514359
0.0139611137685412 0.0328579418664874 -0.00846676408370066 0.0225791504593968
-0.0101661822803328 0.0350776668144161 -0.00412425671396264 -0.0250313357305819
-0.0123472710075243 0.00720229446205246 0.0360041744699689 -0.0657666456258303
-0.00697569366823318 0.0147679313279544 0.0432330053363733 -0.0461401020802208
0.00303038233922268 0.0124892011205038 0.0303527605032421 -0.050809077803327
0.00941999111575966 0.00251552947374465 0.00487259786565283 -0.048866764970132
0.00608079211211251 -0.00630288312138004 -0.0182538760131119 -0.0377289774678223
-0.000946948034828703 -0.00870953219937528 -0.0316565216069609 -0.0212996812084686
-0.00524839353303335 -0.00681709218147831 -0.0311777009313008 -0.0103988866977614
-0.00484975231758536 -0.00441986438882567 -0.0218575462611123 -0.015038653523003
-0.00602020097173031 -0.00449394732100807 -0.0169809377827018 -0.0252173997473014
-0.0056268182456412 -0.00934570238997637 -0.00164319262797596 -0.0377444629279066
0.00153804052357229 -0.0145976749660138 0.0236772657930522 -0.0393126969016865
0.0135170438184436 -0.0108153947601649 0.043456302558841 -0.00706867729954781
0.0173457313142509 0.00908636368138053 0.023240209634764 0.0240963734227812
0.00192743247892052 0.0208033602432849 -0.00678646844125124 0.0181053408361043
-0.0126301722341354 0.0128941892504913 0.00126297093753991 -0.0306531965451806
0.0103764859516669 0.00533936275154249 0.000214585220636452 0.0445103381454085
0.00274237766447598 -0.00560184568777777 0.0244382544763435 -0.0106322284999445
-0.00375801936468486 -0.00384278873211616 -0.0207635220731343 -0.0315549288615453
-0.00184373867957387 0.00148543096431443 -0.0529805340170356 0.00233891911061571
0.000641195797213645 -0.00104330043437062 -0.0295145534897142 0.0441294341494674
-0.000118412015715316 -0.0014179832224623 0.00399622317611143 0.0459689483492425
-0.00106803700515078 -0.00150169217361332 0.0184092723462212 0.0319695339944255
-0.0039332441919928 -0.00238641448454625 0.0256338339641223 0.0183018119373032
-0.00509066277385491 -0.00375415893940193 0.0304839831996881 0.0124452098022055
-0.00466192624072042 -0.00717196653280584 0.0319200551466406 0.0187824544762588
0.00269741125564515 -0.00929144603545829 0.0213662736243764 0.036478021231988
0.0107553688929602 -0.00516503444250061 -0.00473504134920842 0.0501129367533421
0.0126902724836758 0.00422165830507051 -0.0280457481432455 0.0500756685612612
0.00893014670707686 0.0129167949458119 -0.0491087540124604 0.0469692669184608
0.00553715826973799 0.0210388894802723 -0.0419491420610522 0.0666561444342343
0.00646263356910961 0.0272387308413559 -0.00326729371812891 0.0381610333782734
0.010577087293493 0.0102019604498043 0.0253986690467897 -0.0103878411215876
0.00983848258066635 0.00129085188369713 -0.0182053590932437 -0.0374989308316113
0.00799300459969889 -0.00503999076993861 -0.0541724399549068 -0.00382975070930807
0.00286625126133827 -0.012999027448848 -0.0342923341475784 0.0401673524346086
-0.00500855315979101 -0.0120225551737317 -0.000272186538669277 0.0446357037744908
-0.00901706988656632 -0.00784811490422415 0.0151455227278039 0.0307520577098501
-0.0128423607482031 -0.00856492387718253 0.0215871060013612 0.016205452880749
-0.0137956865754157 -0.011523329544682 0.0264064078822757 0.00778045304980555
-0.0117305555582437 -0.0211500212935076 0.0313495432211943 0.00968664244259231
0.00631347046853832 -0.0264062850581102 0.0282580745275889 0.0255471454881014
0.0271660867842688 -0.0142708446749519 0.0069972787760115 0.0462154944660926
0.0333415793688535 0.0137605674380099 -0.0169381517424922 0.0539076884574686
0.016842916241341 0.0376961129080049 -0.0399600755502877 0.0481217306183508
-0.000365451459740388 0.0487621385890076 -0.0351989577769247 0.0581278889723458
-0.00133155703187566 0.0469194602640786 -0.00276856587599345 0.0238965840734204
0.0153849047406241 0.0289375978781893 0.0278580913958291 -0.0141462805437476
0.0238223668212506 0.0100369695943928 -0.0122890343521823 -0.0465611206695721
0.0201132077602927 -0.0104831223200891 -0.0535183924297647 -0.0148376370911874
0.00656996047907822 -0.0245237526138348 -0.0391037094568608 0.0315876927847558
-0.00938535458126565 -0.0227532899655405 -0.00705279501289132 0.039305607376063
-0.0160807428615264 -0.0143095773836213 0.00870791426203368 0.026739885282856
-0.0194211635910142 -0.0129645351637985 0.014798145733075 0.011968095831217
-0.0205043048820469 -0.0166416233282887 0.0186244862529636 0.00180586976964523
-0.0184875930920242 -0.0301323335793061 0.0263665497194269 -0.00225333247973746
0.00365326655199867 -0.0399330468874772 0.0330026794599835 0.00881200247771277
0.0341704000772768 -0.0267694273995847 0.0223238318113764 0.037476211420395
0.0503238331750721 0.0124557114285965 -0.00326358607128372 0.0540100685341329
0.0291059701379508 0.0519502881451626 -0.0298630300088391 0.0473890538804694
-0.00177339743625427 0.0678702014365322 -0.0273050430116391 0.0437592690574794
-0.0104476353092447 0.0598565800717577 0.00154417559008484 0.00296836114457165
0.0160917833408257 0.0467492254985343 0.0309770530248307 -0.0205750600388503
0.0353857921576391 0.0218522668682905 -0.00359939248141372 -0.0552299813276639
0.0327493446898948 -0.0130381659164691 -0.0466900745641269 -0.0276204342792963
0.0115476762633333 -0.0336321610037036 -0.0409290814423058 0.0167143711014657
-0.0113601453267382 -0.0315280634997038 -0.0150989014515002 0.0293881961147299
-0.0212463796149404 -0.019865887333027 -0.000805383928164129 0.0205920249313048
-0.0233188324321886 -0.0153478333727118 0.00570388162998948 0.00622878622927975
-0.0240481216692688 -0.0184648538148942 0.00844730904633043 -0.0052044741218637
-0.0233344520297372 -0.0333597657810336 0.0183243917079973 -0.0142092006665487
-0.00113626934737933 -0.046237094683943 0.0329837490802233 -0.00965488639050344
0.0332032432389397 -0.0350128383759529 0.0340073591515495 0.0234435335167243
0.057747276087111 0.00540454037503345 0.0102820529349835 0.0487436015436332
0.0382356001924091 0.054478170316152 -0.0213937377805271 0.0433363448787547
-0.00137917724321748 0.075127466816998 -0.0204607398601367 0.0245136739043548
-0.0193310714365846 0.0623567989345561 0.0103905955061305 -0.0216387573968099
0.0109960520859597 0.0575738078315388 0.0347973306002482 -0.0291086602550268
0.039071648601915 0.0329662268341813 0.0077517182113893 -0.0603721019766968
0.0409287935183262 -0.0111912116347583 -0.0340918329490691 -0.0403245384417292
0.0162134612926303 -0.0360844595248915 -0.0389002017142269 -0.00186086895165923
-0.0109292396522179 -0.03522722387351 -0.0228136277396233 0.0149416745159264
-0.0224609542847864 -0.0217982165594445 -0.0107744099209415 0.0120479511970733
-0.023698609952589 -0.0163908598303471 -0.00377407534671923 0.000112222040581248
-0.0232105390177116 -0.0175224147254283 -0.0014886604335002 -0.0115578920025804
-0.0230041524133078 -0.031749104502713 0.00940662042658659 -0.0238392499440925
-0.00333138453542855 -0.0446567931010756 0.0287054951588144 -0.0250047623874586
0.0279713053967354 -0.03601719105575 0.0399179880273351 0.00864208388826652
0.0540817436402848 0.00160412045525674 0.0189208293609764 0.0401521175822282
0.0372869123217611 0.0506882664087728 -0.0148097476021991 0.0366716516159074
-0.00203944438698889 0.0708767470964467 -0.0147959068790543 0.00373951707824822
-0.0231985899667722 0.0524027572341394 0.0210642509617111 -0.0440576359388668
0.00258770937846351 0.0553381018948599 0.039425320872664 -0.0380308489356575
0.0317793522409694 0.0371926071763712 0.0198244042383203 -0.0601867160102345
0.0400040453979775 -0.00542630507149116 -0.0171791477664163 -0.048172114403444
0.0177437955983373 -0.0311191837449971 -0.0314129358980142 -0.0200717925302643
-0.00859349926742232 -0.0320283473701448 -0.0284247882859866 -0.000628554269133506
-0.0196974428810927 -0.0203523586646138 -0.0208895229891497 0.00248793804478165
-0.0201067733515266 -0.0141298256595909 -0.0128141458273849 -0.00656757738388509
-0.0195515341139235 -0.0148764362485693 -0.0101150342004411 -0.0171292170128528
-0.0192404723973868 -0.0263386165929084 0.00180429070063451 -0.0305897539524221
-0.00249148379890666 -0.0375234436928581 0.02429166370573 -0.0350662899919665
0.0237773693458071 -0.030082041859141 0.0421820058981749 -0.00170026134184421
0.0442067948578253 0.00309431009578646 0.0230990491727528 0.0323468102927926
0.0282152471398939 0.0431485269643032 -0.0110792244066992 0.0295450601188278
-0.00530161188895808 0.0563898176044901 -0.00936951583206323 -0.0133014057258661
-0.0204031021187432 0.0330874702157469 0.0311477722425516 -0.0606500923842539
-0.00425925995370201 0.0395743724754477 0.0432025543064543 -0.044227401509464
0.0183217741082112 0.0298323463156603 0.0281219409338632 -0.0565080116775916
0.028287011963874 -0.000224350819670431 -0.00233271481510001 -0.0505418495108504
0.0137476801464014 -0.0207588861992181 -0.0238591340741457 -0.0328223657487467
-0.00497612763618567 -0.0226686988163542 -0.0319747204682745 -0.0142258443822694
-0.014241001187568 -0.0152106411809083 -0.0284536596773306 -0.00526161214548462
-0.0134330045280519 -0.0101786401253564 -0.0195418987951806 -0.0118285186338563
-0.0137657755703802 -0.0102140581017344 -0.016102087826337 -0.0218852161100952
-0.01251368797234 -0.0187260690714526 -0.00186516604021154 -0.0359218041399475
9.43279712705776E-05 -0.0268873206811026 0.022488422354861 -0.0397618648746723
0.0192167376689215 -0.0206897644660206 0.0430740723060989 -0.00671572135229102
0.0316253905154554 0.00703194500195713 0.0242591108957583 0.0270683716748684
0.0149872481479681 0.0335557419588347 -0.00817673620290689 0.0234105417586831
-0.00999127370110479 0.0366781310026152 -0.00469211925672047 -0.0259676815988659
-0.0126001530899277 0.00795391603350347 0.0360441218125194 -0.0688201220966875
-0.00690232955746808 0.0150683064686904 0.0440918991823814 -0.0481650055828529
0.00342610081348679 0.0131282667338766 0.0310599120542741 -0.0530860646519932
0.0101414292640861 0.00233407514606669 0.00479803722656751 -0.0506718562516773
0.00577179516514092 -0.00658989046390684 -0.0195738536643089 -0.0387984833105971
-0.00129751877834015 -0.00899500399572199 -0.0334928647712896 -0.021056892158626
-0.00603316474144272 -0.00734046281804903 -0.0331936376498406 -0.00991927123117917
-0.00531754222653088 -0.00488637811576311 -0.0236344021895414 -0.0147187273832792
-0.00624036577670815 -0.00468608244797392 -0.0185194119850153 -0.0256002762096756
-0.00567262502924661 -0.00964631346572771 -0.00269628036088258 -0.0394308527504441
0.00107080633579846 -0.0150529777039926 0.0226158951825099 -0.0410991296157409
0.012979596372468 -0.0108714769723622 0.0450557518726238 -0.00824825494448881
0.0181274046009455 0.00941423141883401 0.0245317831780054 0.0246079851090138
0.00255148019501944 0.021615545197736 -0.00658713544100841 0.0191129709821329
-0.0127920385733771 0.0139228302024238 0.000353956090060151 -0.0315306052577305
0.0106801885884318 0.00474695187539047 0.00304193048885516 0.04523125209046
0.00282272818128987 -0.00613804906071724 0.024871087951355 -0.0118016032418798
-0.00400016934577179 -0.00364705237577658 -0.0223494586400767 -0.0309681308918908
-0.00174315166967909 0.0018716811249799 -0.053873670128535 0.00490406226807781
0.000280207769109184 -0.00102829120639928 -0.0283118937833732 0.0462405575987713
-0.000170614753050513 -0.00145275029553108 0.00638782169866864 0.0460022501010427
-0.000939164709209417 -0.00148878811784854 0.0210168285970162 0.0317580879200264
-0.00419549358472923 -0.00256603703130621 0.0270483760183071 0.0172103939404339
-0.00550992055720006 -0.00336675168336224 0.0317173889631244 0.0115029296731198
-0.00499742102173956 -0.00698327780448841 0.0339071491898603 0.0172538477140852
0.00240417066000895 -0.0097301009655425 0.0230519159064188 0.0365454246519343
0.010527167379742 -0.00565080080226181 -0.00248577990503951 0.0501379571246982
0.0128289804311036 0.00390656433999016 -0.0266063868262796 0.0518839525089925
0.00974591751652737 0.0128511781067452 -0.0477361949289608 0.0494569190286292
0.00644326805758119 0.0212284382699137 -0.0392992679673024 0.069007409635379
0.00753321609624514 0.0270587209764156 -0.000972095300542745 0.0387840378336511
0.0110358827225447 0.00998028551390604 0.0259055195824381 -0.0122929695188963
0.00955970259789353 0.000772426960819533 -0.0197836019564544 -0.0375130092329715
0.00771466779487302 -0.00570498568213699 -0.0550647497387052 -0.00150605171763338
0.00184051050649905 -0.0134514415305173 -0.0328766210065065 0.042370430418877
-0.00585320087146179 -0.0119987209776525 0.00206852905404642 0.0447793502688824
-0.00974026203674446 -0.00775883842621632 0.0166002918898834 0.0300753098363032
-0.0131709117521583 -0.0079717522257999 0.0227914707848358 0.0151788452742491
-0.0147190537681755 -0.0114320588071041 0.0269665392189623 0.00716158067458754
-0.0131077479916587 -0.0211122434416111 0.0321473162425056 0.00798555319723058
0.0048330751591832 -0.0272945453879569 0.0291981506540484 0.0248002430074462
0.0266399119240816 -0.0156627439719769 0.00950041163145083 0.0469611242311099
0.0343879916978594 0.0129577743387195 -0.0151220336750178 0.0550315430426846
0.0190085945838135 0.0376534651564085 -0.0383265614922163 0.0499632042290476
0.00145241877856908 0.0491426752381195 -0.0328508787571292 0.0604556816756775
0.000770162022358124 0.0469506257732118 -0.00101386323730763 0.0245110948863089
0.0168052345289039 0.028612404308356 0.0285272922349953 -0.0153247468299841
0.02458931483239 0.00906883523246181 -0.0144295230224146 -0.0469054331292387
0.0195133943143944 -0.0115421110378267 -0.0543162550339205 -0.0122530100754876
0.00507848121639676 -0.025138873887911 -0.0377008454422786 0.0337246098818436
-0.0105503412694539 -0.0227827616293847 -0.00543237738028684 0.0402456483705362
-0.0166945077431206 -0.0137477764471941 0.00989318124947502 0.026833030427852
-0.0203783575530725 -0.0121910344791725 0.0154699940173379 0.0115687860571412
-0.0218121700052767 -0.0156272814521537 0.0193016418693985 0.000816933515310125
-0.0210500447937964 -0.0293721659464982 0.0265550802572643 -0.00350770767186386
0.00146409511628704 -0.0408354188742525 0.0333111879626596 0.00725239902124703
0.0331532443290227 -0.028686740078821 0.0242240997876201 0.0369780337195149
0.0512723371553072 0.010396020050037 -0.000368145974656544 0.0548270051413522
0.0320179790122388 0.0510762171733078 -0.0278902273166934 0.0492237890427664
0.00100993348159873 0.0689122670667986 -0.0252847361157403 0.0450283752519386
-0.00831482020699214 0.0603302712871414 0.00250156691926605 0.00355089889015676
0.0185528586909474 0.0463340610230425 0.0312540795078403 -0.0217324461835963
0.0366680819294736 0.0205959922516909 -0.00591734960656803 -0.0558330000464732
0.0324566420408463 -0.0152587246655064 -0.0485830901431858 -0.0259724194188708
0.00974180460167538 -0.0344735619911135 -0.0409437914058848 0.0189835485276243
-0.0136627073590748 -0.0307857688776695 -0.0135670036942662 0.0302548991281148
-0.0222407894649126 -0.0186475916456521 0.000348025352857375 0.0205120876839338
-0.0243277644390979 -0.014675651634353 0.00625624653905776 0.00643389071064861
-0.0251065840944321 -0.0177699582267716 0.00842842937558838 -0.00570432683583658
-0.0260050737716207 -0.0326171024824082 0.0176109275431644 -0.0152985919047606
-0.00332730989499876 -0.0465990368165112 0.0320162521856387 -0.0114225383148926
0.0316703275071277 -0.0376764142049337 0.0352772960990776 0.0222652735049458
0.0586818966739643 0.00303395868778633 0.01275697508477 0.0491360177868095
0.0409409298443286 0.0536716419247479 -0.0189696371637315 0.0444854546939669
0.00266816437022949 0.0762435578984399 -0.0191219558812609 0.0251078786518026
-0.0167105242482328 0.0634484446562132 0.00988594669873387 -0.0213227647822079
0.0140237088332471 0.0572641636184476 0.0345056288966909 -0.0304660462279421
0.041000719548726 0.0318419817016404 0.00552357509101987 -0.0614563910581167
0.0411881881245075 -0.0133191364368976 -0.0364765641814197 -0.0394732776338164
0.0142456333567794 -0.0373455406845706 -0.0395037133539397 -1.47121724951702E-05
-0.0131611652500981 -0.0345716084959848 -0.0225160458250733 0.0162125001767352
-0.0236172542345634 -0.0209456479566288 -0.0108361824576648 0.0120970832590422
-0.0242711504659961 -0.0148696727909037 -0.00406348614118241 1.04945175593484E-05
-0.0245288396849978 -0.0160243268103726 -0.00235330905534034 -0.0114458616263924
-0.0250980984649293 -0.0304971273996871 0.00832621606681428 -0.0242002686809932
-0.00600144449210294 -0.0448997130940341 0.0270037086997912 -0.0268622556212945
0.0266903691432651 -0.0387488878917983 0.0409715962022344 0.00707235138372957
0.05508535188236 -0.000966325836458126 0.0210602983931002 0.0402398168621354
0.0404517153210189 0.049626424044779 -0.0135585831296299 0.0375413087763282
0.00146790549937493 0.0715442844906673 -0.0143517874028716 0.00447528596258245
-0.0209756749590213 0.0537603533692009 0.0195762074682291 -0.0454386875161986
0.0054166720659175 0.0556657975851138 0.0385659047378187 -0.0394289162905694
0.0343067531364255 0.0364478361270707 0.0168249388491541 -0.061743179188686
0.0399727044977916 -0.00747015167086343 -0.0194921088783615 -0.0485566461678986
0.0165181239453988 -0.0328640504277011 -0.0330687118640675 -0.0191401638975743
-0.0104555069132032 -0.0315879693380944 -0.0286324674116028 0.000531420581043968
-0.0211075610578661 -0.0194903867983921 -0.0207158473624621 0.00365272929156858
-0.0211321210184228 -0.0134429724904261 -0.013441191039849 -0.00581455429183096
-0.020620442742554 -0.0136891709296707 -0.0111491955886455 -0.0168103780637363
-0.0204681416105628 -0.0257926104540444 0.000218646362424325 -0.0313096646408445
-0.00476665233250972 -0.0376983841621274 0.0225093180779979 -0.0362678775500653
0.0226474196715853 -0.0315575428676118 0.0428735259816088 -0.00343180277902929
0.0449629939094511 0.00144716768568989 0.0249572052751523 0.0320972366857394
0.0307338858483121 0.0423924260862159 -0.00944661424007932 0.0303440695859129
-0.00264466370441751 0.0577440874121942 -0.0102261417083893 -0.0133042385212234
-0.0193194267607977 0.0345238787884764 0.0286322313653557 -0.0625817445918638
-0.00207489635865692 0.039983400780635 0.0416382834972544 -0.046531891359617
0.0206299871067207 0.0294586357597764 0.0255640959307998 -0.0584427867564041
0.028655073596464 -0.00162683755946031 -0.00467000699596994 -0.0514697964754335
0.0132645841512406 -0.0214991988486232 -0.0254757594133037 -0.0325642707020081
-0.00643625054025159 -0.0224099497572112 -0.0326436410281815 -0.0122481833948374
-0.0153013208838206 -0.0145418261339261 -0.0295104858395373 -0.0038787128841025
-0.0145095954464437 -0.00990141852131035 -0.0206762680358055 -0.0112316148271187
-0.0140367077970927 -0.0099524347107761 -0.0172860082116937 -0.0214963263909878
-0.0136040696159057 -0.0185694369154924 -0.00416360600089021 -0.0361090986997861
-0.00155232492997004 -0.0271933187154651 0.0204674175725868 -0.0412615276899264
0.0187447228363306 -0.0220404107668705 0.0433548183816095 -0.00920488136046427
0.0321911691156549 0.00573747844136915 0.0260120446763898 0.0265670715517126
0.0168300775403498 0.033457730493667 -0.0073670264370403 0.0234757081830368
-0.00845599729391125 0.0374210067295431 -0.00576138094014515 -0.0260596985441284
-0.0124974371047779 0.0085841003987222 0.0334690601738782 -0.0710954443009116
-0.00578686073096984 0.0151839058580752 0.0422050487556431 -0.0503247272578562
0.00433677104460559 0.0137207017236454 0.028801946460245 -0.0551714345658048
0.0102323995152926 0.00152261884357758 0.00264952938596339 -0.0516049876492428
0.00593909979120282 -0.00693382421233393 -0.021448004768863 -0.0388584492314347
-0.00195656746721223 -0.00853810289206658 -0.035058623848894 -0.0193247782164014
-0.00641399991090087 -0.00655795621943191 -0.0339454423175659 -0.0082684047454943
-0.00580478385344809 -0.00487311450866968 -0.0244658973415228 -0.0138577681100476
-0.00622499695552302 -0.00453476004000303 -0.0201941906258178 -0.0247584459623282
-0.00638101746014627 -0.00934305057700308 -0.00504395025857576 -0.0396190900984402
0.00063453533478611 -0.0151507440179847 0.0211846706770418 -0.0429473078670231
0.0131766773385843 -0.0118686885502582 0.0450713251544023 -0.0107331372482827
0.0191799574976299 0.0086715985857121 0.0261164766334745 0.0247665950957807
0.00352112285180095 0.0213817703561278 -0.00564717766177791 0.019465886942498
-0.0123968502742983 0.0143954898841185 -0.00126816980398987 -0.0321999879655284
0.0105023629269914 0.0037877707676407 0.00564655079548769 0.0435594550971456
0.00223969792913519 -0.0057723752556077 0.0245374933959305 -0.0132304575850743
-0.0043328628068349 -0.00305843199142733 -0.0226518841438472 -0.0293822279219343
-0.00134246717467994 0.00180335022369133 -0.0524925070786348 0.00684730331842071
-6.86992457654092E-05 -0.000996153906859248 -0.02534909910898 0.0463652403026449
-0.000182051187449132 -0.00136905767876691 0.00841734908657089 0.0442736755638376
-0.00103114821014891 -0.00133074211276828 0.0216672786930423 0.0297974816521057
-0.00438634852548336 -0.00246021712927471 0.0272842078403896 0.0160475685421219
-0.00529125482180366 -0.00325153391225248 0.032134967342787 0.00965609198698469
-0.00560778132821964 -0.00655220457572033 0.0335605543411964 0.0150873459106737
0.00188511613525667 -0.00950453545634784 0.0241895294476295 0.0348256249468939
0.0100738025174752 -0.00532703315364609 -0.000508928021965848 0.0499885712513113
0.0125828082474962 0.00369499671273864 -0.0240113496998685 0.0513540506914625
0.00990349152112258 0.0126415247466977 -0.045107381350522 0.0503805272049508
0.00699254372645563 0.020665521943098 -0.0356132306886006 0.068565345297612
0.00845216613587216 0.0258224734448165 0.00191557264081087 0.0373484406507992
0.0107340713419698 0.00950005691514123 0.0254273299171226 -0.0131907976743808
0.00943302268919078 0.000627717164440874 -0.020607175665965 -0.0357631719921459
0.00707307999147475 -0.00545260192842709 -0.0539463147397352 0.000955962400798535
0.000974527340983992 -0.0132635175539687 -0.0304552528684451 0.0427353876572414
-0.00600430928846053 -0.0115510927221778 0.00383290103960022 0.0432174658684661
-0.00955478770351019 -0.00700153936819549 0.0174787319558551 0.0288345713174515
-0.0133858670505256 -0.00709833284315035 0.0232824650363012 0.0143921081191519
-0.014850635067917 -0.00966809703076912 0.0271601773531337 0.00581319915194335
-0.0141891227106707 -0.020063945095808 0.031314447154725 0.00674313435603819
0.00326864100950598 -0.0268779367079637 0.0299869066531486 0.0228555337455387
0.0253224470153085 -0.0161933401494761 0.011646647292766 0.0455606508473734
0.0341569334707931 0.0115990802544812 -0.0126995792959588 0.0537776182257694
0.0198662996903822 0.0361084857888936 -0.0356115617815254 0.0510566146016531
0.00353895368647661 0.0481297090730569 -0.0294308006277969 0.0598244960259262
0.00258291556911207 0.0452986070829471 0.000449951597347706 0.0239317910775356
0.0174685437184429 0.0270888999966685 0.0274827700584198 -0.0159276025051265
0.0246019840940655 0.0079577573327487 -0.0151388997920957 -0.0451391787539341
0.0187315771502307 -0.0123236358858102 -0.0535223641123243 -0.0103024275243659
0.00313442516516322 -0.0244864771691687 -0.0355348739091752 0.0340449887415423
-0.011227995655649 -0.0212813809250451 -0.00323603581600351 0.0393122643213616
-0.0169481096902241 -0.0126458066050515 0.0104701941678729 0.0254094859169126
-0.0205729759963284 -0.0112222161578759 0.0160105649589582 0.0106052692040566
-0.0220234683650603 -0.0140560138588757 0.0185309989142794 0.000493762230613245
-0.0221096864772031 -0.0274541035796937 0.0259486673763974 -0.00461161493970619
-0.000883516706598607 -0.0399622183547528 0.0327711521325961 0.00602512770019881
0.0309547641192724 -0.029405392624572 0.0254080834758552 0.0356949840381948
0.0508818678815069 0.00834844193937742 0.00182269237799821 0.0535383377382254
0.0336810642515793 0.0489035978055565 -0.025230953083565 0.0486808119185597
0.00400161175326423 0.0673721131663582 -0.022628282314952 0.0446615953408377
-0.00579316778786045 0.0586314026716876 0.00304524800762203 0.00347027200412801
0.0198084654011746 0.0445648510107262 0.030176162173943 -0.0222400312512112
0.0372364386840617 0.0187228286461554 -0.0078182442096783 -0.0542830595721965
0.0309056907937501 -0.016110033396454 -0.0485897225912467 -0.0241346896505186
0.0076181256555611 -0.0340868098020495 -0.0389239295467367 0.0195879637870968
-0.0146646459352871 -0.0292572393248317 -0.0119119623868176 0.030250242160001
-0.0220822817575025 -0.0168332098207759 0.00148750649887893 0.0198590456577211
-0.0243170841426812 -0.013747429646446 0.00650582261946943 0.00579762713134143
-0.0249152450745088 -0.015923338157666 0.00797765170394597 -0.00553671855155341
-0.0269600959173805 -0.0299815666859327 0.0161511338808856 -0.0156483527718999
-0.00583791234417611 -0.0456457851652826 0.0303952116003226 -0.0124172979846929
0.0289446259891623 -0.0380573962326413 0.0355003822728888 0.0204556603944155
0.0577137232726791 0.000744653118495843 0.0146409138718214 0.0472393278540927
0.0421620357119877 0.0509417300152923 -0.0170427891436451 0.0436526047895504
0.00626912080012531 0.0741058221265596 -0.0171665470003964 0.0248401920291594
-0.0139783163837616 0.062161072933093 0.00914487277588651 -0.0211338902600798
0.0157969138050352 0.0552864982012121 0.0333528185727202 -0.0305993593472252
0.0415486998153147 0.0295094443942933 0.00329007224065536 -0.06000493138978
0.03907630282089 -0.0151343143872286 -0.0370504709977226 -0.037369065755413
0.0121128503949834 -0.0371361410080911 -0.0386430960715092 0.00129340762476103
-0.0144369194537433 -0.0327012238808924 -0.0208756747055104 0.0168654152926966
-0.0244390159409675 -0.0191116320138781 -0.00983544610669086 0.0123509358259159
-0.0245065379058627 -0.0140793848853073 -0.00407560278784709 0.000479383652559371
-0.0243808768158117 -0.0148275151312595 -0.00273827344775316 -0.0109952974641418
-0.0262064034731321 -0.0286900461493209 0.00711824376170116 -0.0248619682721212
-0.00799160300133626 -0.0433380305683056 0.0247039675702417 -0.0270042612024945
0.0241704742504871 -0.0386996563140389 0.0405618714259724 0.00537058051102342
0.0539244346845599 -0.00311230563969189 0.0227956009971255 0.0387219205232531
0.0411369070950354 0.0468767198945331 -0.011614103858946 0.0367252680174511
0.00502895688858012 0.0697656186180893 -0.0134957905880521 0.00413488748413656
-0.0185878062521328 0.0534598191162625 0.0179869163909214 -0.0448602188538162
0.00760241553270484 0.0538070553799441 0.0366390728731935 -0.040022470621917
0.0354371336246683 0.0342071375280426 0.0148011564448415 -0.0605112714600405
0.0384586313709072 -0.00926541580137991 -0.0206423392487158 -0.0464258586260989
0.0142754502997684 -0.0325060902170156 -0.0330256641688711 -0.0174275169192103
-0.0114588880867879 -0.0300083945549373 -0.0280207949823976 0.00183248175819341
-0.0218627044652485 -0.0176152925059689 -0.0202889837314768 0.00466546614531117
-0.0210729839047909 -0.0122131992208114 -0.0134099078926467 -0.00523221823765946
-0.0202301433658374 -0.012352080341891 -0.0115555930990858 -0.0154846450067443
-0.0219740135705569 -0.0240190144159129 -0.00130671080690802 -0.0303836327489069
-0.00656144484002448 -0.0362467022097548 0.019849338328529 -0.036099141343494
0.0204756238596476 -0.0318106168425733 0.0416365973431457 -0.00522641013801327
0.0441583428685507 -0.00040575546279918 0.0260522522980359 0.030264139212067
0.0317430329691646 0.0397965289371894 -0.00820719600964326 0.029411319390492
0.000408357951850924 0.0561793525992499 -0.010773516349194 -0.0128453382242151
-0.0177660418390892 0.0340948076048002 0.0259725401542192 -0.0616751610051358
-0.000317432433015656 0.0386060601753966 0.0391477979945598 -0.0467662762719405
0.0213924960177073 0.0278919615904904 0.0228975944312774 -0.0576390100166255
0.0277032481430902 -0.00302358017300306 -0.00569596184834601 -0.0503888892597569
0.0117713975194153 -0.0216741772647241 -0.0264323257811831 -0.0310630187711186
-0.00722269410116064 -0.0209368340339651 -0.0323737811096849 -0.0104157924531849
-0.0154587843652496 -0.0130758242563975 -0.0287658664737534 -0.00212635772173546
-0.0143126198428265 -0.00922285886791723 -0.021417480519949 -0.00948835555341882
-0.0138113752076902 -0.00890888913196881 -0.0178601591734333 -0.0200507884743232
-0.0142788762720645 -0.0173113162798302 -0.00601236557104758 -0.0354609806006779
-0.0034596170808755 -0.0268279090907167 0.0174334407257747 -0.0408871824102498
0.0170291294514684 -0.0215830347801457 0.0419256582668679 -0.0108936668716533
0.0320576677373042 0.00415869362576375 0.026727530474057 0.0249807518645123
0.0177937201208323 0.0314419694896138 -0.00620459737534358 0.0234071185242403
-0.00620017146399563 0.0371701592574088 -0.00721352108199483 -0.0252002815196215
-0.0114594472083233 0.008420829690582 0.0300918915607949 -0.0703788881795717
-0.00524904562156602 0.0148300465429146 0.0396110176047768 -0.0504426613022389
0.00491846498531232 0.0128809200284325 0.0260483009862961 -0.0549267571965939
0.0100527008556415 0.00117764018487522 0.000599493776460506 -0.050422252962729
0.00512175319688723 -0.00743711634097743 -0.022742889859628 -0.0372597475791656
-0.00206955056525538 -0.00797818954496344 -0.0352726341069475 -0.0172456949066262
-0.00675738500203971 -0.00550184656799388 -0.0335480223861885 -0.00617047398864761
-0.00566019960998865 -0.00486844589680222 -0.0246697931190355 -0.0128562417873249
-0.00590276752628561 -0.00413825244646236 -0.0205307542412491 -0.0228426554306879
-0.00706027126548474 -0.00884417841289884 -0.00690657241923856 -0.0387439196140811
-0.000270900103726122 -0.0147294801421985 0.0183665653451208 -0.0426802956659993
0.0123905895054291 -0.0121552614003382 0.0437491444775493 -0.0118712887752147
0.0189689567740984 0.00742423619765782 0.0266980399800601 0.0229261428060083
0.00413419321084786 0.0203852691920651 -0.0056537891997764 0.0191637705489496
-0.011185086857767 0.0146876683521052 -0.00297684388171291 -0.0314748654116144
0.00896745290200525 0.00520530101881749 0.000653187833775377 0.0416552585272462
0.00262801152500257 -0.00486056014698975 0.0254946119381701 -0.0102466247262296
-0.00336210961218908 -0.00370692055862298 -0.0172507374342795 -0.0314182675099204
-0.00201277874854007 0.00117908253081903 -0.0492623940228107 0.000309795518371
0.000146475294966527 -0.00105227803261748 -0.02958942662518 0.0406121393812085
0.000236068278315631 -0.00206117610536765 0.00306792607322877 0.0428580739140415
-0.000511566144882635 -0.00162799687874906 0.0173131510955897 0.0303933237424047
-0.0039294896543702 -0.00234302711222408 0.0244680470310859 0.0188469238963794
-0.00485066631914089 -0.004179935712614 0.0297309192332182 0.0132150516988395
-0.0043163233114844 -0.00729120263506646 0.030152740164617 0.0191153251693517
0.0031778215208186 -0.00948452816449048 0.0187709050121597 0.0368433067290292
0.0109096068375441 -0.00461902165907197 -0.00687610100791614 0.0487989294297901
0.0128350404602432 0.00484140853931428 -0.0301589456691695 0.045767210024136
0.00803120364764276 0.0134375964011774 -0.0511156372350343 0.0426002611464229
0.00462640791635359 0.0203874375473291 -0.0440470352255594 0.0613217634757267
0.00443089365170493 0.0247915409085035 -0.00344073560712921 0.0368014317478177
0.00863918742276791 0.0100428307058616 0.0262371388448095 -0.00887587323700938
0.00865595546852435 0.00189819505531141 -0.0141462929639867 -0.0358032011428974
0.00777259950934684 -0.00434986589326744 -0.0498785188828244 -0.0058023690450229
0.00278377368977719 -0.0122657395732656 -0.0328336836709273 0.0366096460702128
-0.00450273857926392 -0.0118349049009253 -0.00098477243621922 0.0410344393422098
-0.0081137266922775 -0.00774607352018093 0.0137653095113479 0.0293027889262233
-0.0120184866660197 -0.00853784390350092 0.0208188218378385 0.0167694609915574
-0.013169965172462 -0.0114257924224289 0.0255026557572186 0.00899497209872594
-0.0114882618999521 -0.0206285490844522 0.0296698880989261 0.011325406601654
0.0062750623398259 -0.0254287547017757 0.0249839175836393 0.0271390954862039
0.0269555023919544 -0.0129897962894307 0.00436363201704344 0.0464711382261385
0.0320634173535787 0.0150034345720018 -0.0205660529018039 0.0503396250071209
0.0148020408845097 0.0372573822527001 -0.0424463967200542 0.0435753514132226
-0.00178327854561228 0.0472459248917709 -0.0377289015496273 0.0525955675592045
-0.00366414903648954 0.0427610611884135 -0.00381903055438876 0.0236105754116757
0.0124764879129995 0.0276317856131226 0.0280321296008144 -0.0104391164427178
0.0215571608723063 0.0111095496142336 -0.00871178327274983 -0.0428073782513655
0.0192088892280825 -0.0090001336293336 -0.0480139799155054 -0.0149852194254165
0.00651396529411444 -0.0229632992424717 -0.0364059210259716 0.0283647350466679
-0.0081348614044248 -0.021877977159088 -0.00684102607051185 0.0360389517491184
-0.0146033715096221 -0.0144043632482061 0.00722927291206425 0.0254033928652322
-0.0182106836162467 -0.0133496684827149 0.0137387417968824 0.0122175384461712
-0.0190969061243666 -0.0169892138785329 0.0178918363657096 0.00330821874425654
-0.0179243470141364 -0.0288392965081612 0.0251807062914707 -0.000182232466922712
0.0044271898255808 -0.03849956891167 0.0301838314408891 0.0118478141571075
0.0336781723436728 -0.0249425929220534 0.0194286413670761 0.0389538867342087
0.0486994341787457 0.0139502714146166 -0.00689188618218982 0.0511977334860481
0.0267259618960514 0.0513126953391564 -0.0322350597250812 0.0419253740267107
-0.00337057551924385 0.065716658143356 -0.0288855618805222 0.0378695987226279
-0.0133201173166863 0.0539287541971391 -0.000761837547973441 0.00484884630105876
0.0120731485831918 0.0438791797837406 0.0306909910430659 -0.0154285740120018
0.0319725875985135 0.0229621114312209 -0.000591062337778954 -0.0497737337294863
0.031411513796732 -0.010948722392205 -0.041258820526058 -0.0274182258381175
0.0121152932679909 -0.0309349945858345 -0.0375400181457064 0.0149079602679798
-0.0096036700909464 -0.0294260007487616 -0.0136943358907738 0.0263478600428386
-0.0190069004354578 -0.0188307969486795 -0.000543304129854523 0.0194294040345923
-0.0219405956800882 -0.0160616170022981 0.00530650233134529 0.00687622324198241
-0.0226758131538083 -0.0184354799535881 0.00848612767859929 -0.00351117987138981
-0.0220878767233709 -0.0321039017729376 0.0176882993104567 -0.0115913817240062
-0.000210167579875778 -0.0442973873588212 0.0298315332990444 -0.00639071981360194
0.0323848893212158 -0.0334934771038271 0.0317967182061599 0.0255820947235599
0.0558853359046703 0.0070983027476956 0.00620167768657615 0.0474765526272269
0.0345984533400912 0.0542026864147857 -0.0237379769348835 0.0383245827955584
-0.00251554030919309 0.0729833171247031 -0.0217201735350245 0.0190725470852604
-0.021482329923033 0.0556834164403839 0.00720488022562958 -0.0176425684410469
0.00682255462153198 0.0533909535044825 0.0338483195903882 -0.0228908360894389
0.0351748082560537 0.0335059199987308 0.0101834307757777 -0.0528081658355667
0.0393528062693436 -0.00825696409125823 -0.0290040233138658 -0.0379335063185051
0.016973219843866 -0.0334702063541845 -0.034783274672722 -0.00246934075586233
-0.00893612852052583 -0.0325920462053897 -0.0205686139313778 0.0126782599968363
-0.0207460614403884 -0.0210609904951952 -0.0105319629551218 0.011323143844691
-0.0220125742802076 -0.0168165740516643 -0.00403468305328826 0.000303311495470686
-0.0215485705240268 -0.0177271326724354 -0.000389772162275367 -0.0105059530770131
-0.0220215954428363 -0.0302722531493855 0.00950621296083867 -0.0212261707849774
-0.00289234698835158 -0.0427699567455167 0.0263769853356326 -0.0210312595325569
0.0276943620264349 -0.0344149054792893 0.0382158624211376 0.0115747089244326
0.0528100040074108 0.00303170217181467 0.0151642332339716 0.0396201149983354
0.0343382963684495 0.049732876798756 -0.0177553126872341 0.0318313725182712
-0.00312923876791693 0.0678590292560332 -0.0155248131695766 -0.000670218869016948
-0.0245306195485343 0.0469230766966034 0.0186848703915481 -0.0390226249850606
-0.000706477279877755 0.0507659821969416 0.037890383996773 -0.0308191124993568
0.0283474206389876 0.0368494703327528 0.0201642319282801 -0.0522004211998938
0.0378818888079537 -0.00293183049559969 -0.0129501441807234 -0.0445309881586181
0.0184504050609106 -0.0288430817817833 -0.0275806596332008 -0.0191883987477584
-0.0068329601201123 -0.029823776345414 -0.0252026403289833 -0.00197288472218886
-0.0186770641615175 -0.0191247738388962 -0.019617924249555 0.00197828200075538
-0.0189526860344779 -0.0147769457745221 -0.0126919288941088 -0.00650689500554974
-0.0178895449343484 -0.0147398025219091 -0.0094766801113214 -0.0160767099578902
-0.0175405766120034 -0.0249119185492465 0.00283546997307159 -0.0286730515939424
-0.00223768286442371 -0.0355221222583326 0.0230266255412158 -0.0309623884372583
0.0229884207163116 -0.0281889351581853 0.0405511501905884 0.00117581750008975
0.0431871800421137 0.00421420898067267 0.0200991774273662 0.0329354441215191
0.0258655100332395 0.0419776979925948 -0.013289650290758 0.0260050683192574
-0.00620442744638474 0.0544896821423838 -0.010590063831872 -0.0161482852913568
-0.0209901865298742 0.0288920716933673 0.0289526970473824 -0.0546589444842574
-0.00584481145500106 0.0355164123197848 0.0412410771736966 -0.0378117075499502
0.0160522289803206 0.0294440803743163 0.0278329460508916 -0.049575021159678
0.0262856977419494 0.00100240313293773 0.000729000065711888 -0.0465151516522277
0.0142948721300938 -0.0185529858458222 -0.0202167781790611 -0.0316632894982429
-0.0035548889746241 -0.0206714274239676 -0.0287985819017283 -0.014413325966324
-0.013076889773942 -0.0142397151806417 -0.0266630721850578 -0.00511050231801416
-0.0126257234405193 -0.0110138562223138 -0.0192319152377399 -0.0118285805595954
-0.0121851691324949 -0.0100861619129779 -0.0147664662293638 -0.0211323154482111
-0.0116195109724823 -0.0180132647283127 -0.00141524153674291 -0.0337998917551771
3.3470363401477E-07 -0.0255785143030463 0.0213761602780024 -0.0365235906848832
0.0185208792500123 -0.0188216489929366 0.0418186663771288 -0.00440693255375889
0.0301853675638088 0.00751692299408695 0.0221399191642391 0.0274378651599292
0.0134854545529723 0.0322894784844794 -0.00984752394324141 0.0203098357367107
-0.010428715754405 0.0351375685685188 -0.00463993724265816 -0.0270548656344445
-0.0117470940302294 0.00613328125279825 0.0352694368654112 -0.0626046019034205
-0.00682119485322887 0.0127885708383691 0.04257422037517 -0.0426099608218235
0.00304807065338204 0.0129752767106273 0.0307289386112664 -0.0476826272959162
0.00923478793006302 0.00239035799224207 0.00743107524384645 -0.0466142009312728
0.00596365414154017 -0.00601485294015691 -0.016460225886131 -0.0374418289548899
-0.00095445981822365 -0.00717720332262404 -0.031027569270214 -0.0205855050320183
-0.00533694035960793 -0.00633688873843397 -0.0312222882139071 -0.00967702716823216
-0.00508945132529055 -0.00580908677508024 -0.022637825411451 -0.0153185088688314
-0.00547425192350839 -0.00455402536123112 -0.0168633177713214 -0.024504038133817
-0.00503750243816666 -0.00893344863785768 -0.00187251249586441 -0.0371141526157168
0.000994013291253615 -0.0139487242856689 0.0226796856177511 -0.0382828378494073
0.0126663180720812 -0.010383924785793 0.043771727614915 -0.00613356189017095
0.0174827291587425 0.00880241584304697 0.0218156849596879 0.0258043581394442
0.00189690554932296 0.0203361929584752 -0.0079859052793809 0.0166810260309887
-0.0127415507357422 0.0133307777814548 0.000199773956685348 -0.031814001219761
0.00869308139442615 0.0049703952172662 0.000151040926276178 0.0407076738328789
0.00257419540942255 -0.00481589832356696 0.0254890347925788 -0.00920756223578137
-0.00308186684375591 -0.00395024745476751 -0.015779561975456 -0.0313278458761556
-0.00166165344167294 0.00114870527136678 -0.0483982402356483 -0.000639994185407604
-0.000470856720929997 -0.00142649417157198 -0.0299107255528171 0.0390757712446792
-0.000378729541782467 -0.00189251435207759 0.00253487597675629 0.0415053718686772
-0.000753336444384234 -0.00221202306834266 0.0166156783705994 0.0301140769980773
-0.00335224846865746 -0.00282482109184094 0.0235784581061333 0.0189330267914401
-0.00529995737366044 -0.0039300691169295 0.0290378046588612 0.0133566216951833
-0.00431706746943483 -0.00735797523811652 0.0297295851013925 0.0197321319519336
0.00327809454628039 -0.00922037129180704 0.0174608210562058 0.0373384868359758
0.0106032113553691 -0.0042777877746532 -0.00811588343321481 0.0480893522423006
0.0126080568066507 0.00523679824457758 -0.0313979499114626 0.0443282335793623
0.00785862053377157 0.0136291095082792 -0.0509758543853752 0.0401431969569925
0.00414094766571217 0.0203321964730652 -0.0451495691585721 0.0589184081526059
0.00336267887818543 0.024762449393277 -0.00382807267739765 0.035240683129747
0.00788093083397588 0.0103597982595457 0.0266468074544814 -0.00838936421006199
0.00825927214446313 0.0019463565409175 -0.0124703270446916 -0.0361370614019092
0.00755821757974761 -0.00418188275906238 -0.048445290036571 -0.00653954737681772
0.00286132786673346 -0.0119794550424185 -0.0330134355177903 0.035404970127149
-0.00425177862658922 -0.0117796776091556 -0.00182953737238297 0.0399125116356344
-0.00784665717709124 -0.00863741039130517 0.0133104216520348 0.0292954550288121
-0.0117557919623274 -0.0087843702931409 0.0201173914958912 0.0167902825190262
-0.0131986720901122 -0.0114618129601157 0.0251592035875149 0.00991284189206075
-0.0108193314134714 -0.0209591724706689 0.0287795557723272 0.0116756067885835
0.00649595597292678 -0.0256176780716711 0.0236364853332493 0.0273331084003974
0.0263697009209249 -0.0123977931799407 0.00322616657370013 0.0461715993946673
0.0313707131883545 0.0156518737812088 -0.021748544739054 0.0486833535269381
0.0142554733323996 0.0373535429038549 -0.0432957075643928 0.040721201391786
-0.00277544222131273 0.0458940490659231 -0.0382037766368286 0.0501324098625223
-0.00491535952050232 0.0412630550981978 -0.00416275090259707 0.0231953707977149
0.0110980382154338 0.0274204848345057 0.0283618854842805 -0.00968504537999269
0.0206540149007889 0.0114821865204272 -0.00738822604248471 -0.0424713727555376
0.0186471698644414 -0.00822156315066271 -0.046338878297887 -0.0163121920785201
0.00695715603537687 -0.0219664125193287 -0.0362439911940599 0.026748470278335
-0.00741850508698168 -0.0215162461262347 -0.0073197923263419 0.0346282605986364
-0.0139881309651747 -0.0145654101504319 0.00646305083560115 0.0251489003645688
-0.0180583245174931 -0.0136943547106362 0.0138551772483435 0.0122846608975171
-0.0189033799341202 -0.0165919680284816 0.0175514297083421 0.00376152844124022
-0.0170263678551079 -0.028895165308493 0.0245491620571926 0.000848545622976231
0.00486496642442655 -0.0376008829256795 0.0287838543175724 0.0117426564963358
0.0334359334657938 -0.0236006120859758 0.0184498668409403 0.0389842996665923
0.0476117359977344 0.0153824821550043 -0.00824030768339486 0.050821671888053
0.0249117503569911 0.0512389404405474 -0.0328097335193151 0.0397319601819764
-0.00486621321430551 0.0640530482133236 -0.0296926249269343 0.0360479058928042
-0.0144675668972972 0.0523911528572572 -1.61537522089853E-05 0.00449589529378249
0.0107799162459342 0.043032708344973 0.0313302873603802 -0.0138034029204758
0.0307991997980133 0.0231729580563365 0.00130525917102005 -0.0483778822839289
0.0309230259700552 -0.00966475497489127 -0.0399712249750229 -0.0277646288196807
0.012068801135947 -0.0300992611306219 -0.0371559336310956 0.0133154063445777
-0.00901723450449354 -0.0290919632703723 -0.0137163220589173 0.0252154680429734
-0.0182188146679207 -0.0192281034768795 -0.00107920264140107 0.0185353457841631
-0.0211302711494554 -0.0166776482521749 0.00523949697955522 0.00690479650132191
-0.0212131731991109 -0.0190168312496934 0.0085093829559794 -0.00318338989151787
-0.0216304429299211 -0.0314946906767495 0.0176547824079819 -0.0108064363301252
0.00016291275441216 -0.0435304196022829 0.0292405058936701 -0.00501562750952682
0.0323451185777533 -0.0319793477718161 0.0300941145727293 0.0258200566403262
0.054846492113834 0.00841904173814652 0.0053470153727049 0.0466355234571047
0.0329307376977901 0.0537979958448192 -0.0242113598007904 0.0363711731535534
-0.00441520313195365 0.0713172265080955 -0.0217413904382153 0.0176730969098062
-0.0224577875427168 0.0541318278806981 0.00793762670736925 -0.0170755140061465
0.00530461668717829 0.0523890270122017 0.0344092533834172 -0.0209459959489138
0.0337649287117002 0.0338054208139605 0.0112125161518932 -0.0518803084851676
0.0384923883246681 -0.00758333994067152 -0.0270998312744179 -0.0383879553216787
0.0168768060564191 -0.0324841683764693 -0.0336616221215195 -0.00352004871444592
-0.00874657979427069 -0.0320971840620224 -0.0202845453655341 0.012231995865182
-0.0197544413160725 -0.0208744598244773 -0.0108810153770334 0.0104050211053647
-0.0214701128838154 -0.0170292646162914 -0.00380765535879328 -0.000167393859690665
-0.0205724289572921 -0.0180788654441448 -0.000626194455802657 -0.00946814027613496
-0.0213161332647761 -0.0298858055176816 0.00946867533243234 -0.020294849969377
-0.00256694859417723 -0.0417784656678436 0.0266088180581573 -0.0196985418452606
0.0276776738651402 -0.0333056257744864 0.0370802755349063 0.0125785314453417
0.051510985492523 0.00432743659803481 0.0146309882224842 0.0395206159026694
0.0325549871558959 0.049662268883455 -0.0183031380856175 0.0307880148738136
-0.00448233564465412 0.066614581330853 -0.01554264080307 -0.00117984546109771
-0.0253004433270587 0.0451363976864983 0.0193266373175605 -0.0374247635673407
-0.00176257197190415 0.0495405854135024 0.0376503687046094 -0.0293005748846608
0.0274359556745 0.0369025232768629 0.0210887260884406 -0.0503415779958062
0.0371793257967694 -0.00204050312058771 -0.0108727861045904 -0.0443830231130809
0.0181791994321303 -0.0278492173243284 -0.0265236049013467 -0.0198409122567359
-0.00649675397710861 -0.029009924420103 -0.0251471899163738 -0.00239130077601719
-0.0178832276019256 -0.019042870100265 -0.0199572066649416 0.00182847680975082
-0.0181825714855313 -0.0152287959584451 -0.0123839438751306 -0.0065201016611355
-0.0170785935566718 -0.0150724298415117 -0.00834519614217804 -0.0158016617236363
-0.0173243986845422 -0.0249043128114497 0.00315473636812565 -0.027397343375741
-0.0016473576129595 -0.0349485694144183 0.0230030590500326 -0.0299257931117549
0.0228699136769058 -0.0270483723929544 0.0397927329250524 0.00203167276616507
0.0418848113124042 0.00534877531938073 0.019512703225915 0.03198944516075
0.0245789450439008 0.0417609709597931 -0.0137021762475836 0.0248291859050845
-0.00717699590220012 0.053064110537213 -0.0100499178558299 -0.0167759656757047
-0.0214868316336745 0.0277122322489249 0.0301133805459847 -0.0524340176893527
-0.00677290455883422 0.0345181726291176 0.0415818260033519 -0.0357430272207277
0.0152262224531388 0.0288221924287773 0.0288633519425538 -0.0474283240462087
0.0260692068171421 0.00183190412082108 0.00196353518230712 -0.0455970287586316
0.0141290237404371 -0.0178510673149038 -0.0187689672185755 -0.031732887458106
-0.00319338902515346 -0.019905362651719 -0.027781708167422 -0.0144757795317637
-0.0126255757056335 -0.0139154624159241 -0.0267069423367294 -0.00574155496365486
-0.0123185248902233 -0.0109350064421757 -0.0188332816802107 -0.0116741741426025
-0.0113510020507457 -0.0102569256154058 -0.013935834146754 -0.0210040892711113
-0.0109458294719232 -0.0177670353489752 -0.000281033134412482 -0.033130573837739
-7.63992574109678E-05 -0.0249522644921392 0.0217530305324518 -0.0349116978428557
0.018014739289265 -0.0183836345487797 0.041496496643438 -0.00339312273230254
0.0297388071920626 0.00806510261763533 0.0211208132652953 0.0277443313431802
0.0126890000965314 0.0323610762399912 -0.0105526165988547 0.0190722477307633
-0.0110957532785973 0.0341494907172867 -0.00402519387511906 -0.0264386169842972
-0.0116087307108112 0.0054262621007121 0.0367393594834884 -0.0601500624182822
-0.00713782799238481 0.0121745602056219 0.0428430974653656 -0.0398959759147172
0.00285791879617672 0.0129594994540579 0.0311863164351555 -0.0456327342984693
0.00911140618615959 0.00289348493277386 0.0083647430260953 -0.0458724883883084
0.00563669207364538 -0.00554947867620783 -0.0149929578391084 -0.0373359728726549
-0.000666073656743583 -0.00700519815996992 -0.0298509898640018 -0.0210381169218714
-0.0049618859656414 -0.00574679032608018 -0.0303359408441954 -0.00977854662515465
-0.00478116267562019 -0.00551718930720109 -0.0222631815783877 -0.0152751478403672
-0.00474445618469718 -0.00475862441506276 -0.016362604860801 -0.0244389123907218
-0.00506428534508341 -0.00858155359670518 -0.000878374238250717 -0.0365387947877482
0.00142494130409841 -0.0138738902064407 0.0231102536238337 -0.0370967396302647
0.0117320644132568 -0.00954549186622709 0.0426760512925431 -0.00464746815435345
0.016767182044068 0.00905690494052099 0.0211144416112983 0.0254630349742694
0.000892182139232967 0.0197070740729334 -0.00843545671372612 0.0164291155331545
-0.0124362890541606 0.0123360966757643 0.000983810687116029 -0.0303158220026274
0.00810211176535312 0.00550262718624531 -0.000862071306866079 0.0410665474961763
0.00265464507881932 -0.00427397119162196 0.0266719367025789 -0.00936371397522217
-0.0033105622365372 -0.00376174653373622 -0.0148489989502809 -0.0328732278735775
-0.0017351806062319 0.00135820759339958 -0.0490834938003244 -0.00267041736501439
-0.000140364994412785 -0.00136529994196211 -0.0310978367489189 0.0386032223263908
-0.000188271126831011 -0.00222086574610081 0.000659704058196539 0.0419865443191472
-0.000654160525742234 -0.00228565981236051 0.0165138204226143 0.0313149407965153
-0.00379116057259238 -0.00302049177796028 0.024456818572406 0.0196610091693551
-0.0049738470381792 -0.00412245493023411 0.0293733012670879 0.0147129600220544
-0.00476965448814199 -0.0074187728243846 0.0293390231676695 0.0206434124631227
0.00342270527883273 -0.00931534918095503 0.0166245562612668 0.0384040657015569
0.0112369684365864 -0.00445811400993614 -0.00995035790130999 0.0487028885970878
0.0125152500537068 0.00579321273585245 -0.0343549405208625 0.0436988837614226
0.00722139079885234 0.0145572968936382 -0.0537866359102851 0.0386489048264591
0.00315093135059438 0.0204428101592547 -0.0474238234328231 0.0579090140824273
0.00263654850082165 0.0248209143199366 -0.00436458142863922 0.0360052665501913
0.00758688812377605 0.010946790263537 0.0274540115144947 -0.00785475224389249
0.00840391935941991 0.0024145029374794 -0.0116626958056339 -0.0368826874193396
0.00781273810968524 -0.00378076295445541 -0.0491312850737378 -0.00877222473253022
0.00267203667353503 -0.0121648178317866 -0.0344314865305474 0.0349106723088099
-0.00407105747034334 -0.0123780913622738 -0.00268015782282544 0.0403215984048836
-0.00754195780938591 -0.00894690655486833 0.0124600375024713 0.0297319305163482
-0.0117345618735666 -0.00975367201513987 0.0203335572065223 0.0178111044527244
-0.0127639555210945 -0.0120915716005864 0.0252322185235977 0.0103205868097051
-0.0106518553582675 -0.0209521231652089 0.0291517518372289 0.0128450357852361
0.00746759015161149 -0.0253783962742721 0.0237272913734373 0.0290639738491499
0.0273543031511572 -0.011384126460349 0.00137390199932029 0.0469193979693723
0.0317038237933091 0.0171582851501243 -0.023391853546729 0.0482176958086729
0.0130187570565136 0.0387712768505074 -0.0447568779288458 0.0394749322632086
-0.00414213588497914 0.0463390675354891 -0.0401988133024487 0.0496050003029896
-0.00647102462307994 0.0418417887907838 -0.00450508948784016 0.0235533475811067
0.0105965077779066 0.0280921550259759 0.0298770258199584 -0.00853868009100121
0.020892254424026 0.0121497091264235 -0.00521137510204831 -0.0435748712508707
0.0191714102437479 -0.00769615903809229 -0.0467555599186318 -0.0179408620026839
0.00691660665690198 -0.0223596321981536 -0.0374596009620297 0.0256089113448505
-0.00732389232655511 -0.0221566008503162 -0.00833265157533911 0.0352407072949194
-0.0138357129451131 -0.0155768671083525 0.00621547905482742 0.0254050640373595
-0.0179119038284172 -0.0147422804325585 0.0138338575491609 0.0131987353512624
-0.0187645036327454 -0.0175237374021517 0.0185490531638975 0.00404125732429297
-0.0171236962329035 -0.0292576097029521 0.0253348747307 0.00162669833672765
0.00551296400011953 -0.0383381053225311 0.0286780717124078 0.0136545706391271
0.0347379592025168 -0.0227043112747984 0.0172098235117456 0.0401056854381851
0.0484342937200469 0.0169221766657107 -0.00957283572455783 0.0503283802412415
0.0235994098685038 0.0530160269756541 -0.0351425012044552 0.0391038643318512
-0.00658863125948843 0.0647804322242382 -0.0310121037300664 0.0351144821351258
-0.0164045238273781 0.052613909403051 -1.5567329709517E-05 0.00529961879220731
0.00935867430798252 0.0443084964285194 0.0327657767886096 -0.0128373218725712
0.0306981540251902 0.0245407792937022 0.00340128050008312 -0.0494483030657065
0.0318139734583443 -0.00918407832134913 -0.0393436696389407 -0.0298372806755276
0.0125885034620938 -0.0300102311749066 -0.0382193600153791 0.012140780067964
-0.00868239746470209 -0.0295591073046111 -0.0150896363419013 0.0251411891634756
-0.0178743640668225 -0.0198003773968461 -0.0021839844948116 0.0190581573275833
-0.0211977499339136 -0.0176371793267594 0.00548323513879618 0.00673860823401567
-0.0213024910375121 -0.019299527968658 0.00914067116914235 -0.00286418457940918
-0.0212175046703992 -0.0323060183838892 0.0185172650993069 -0.0104668083706357
0.000780161895641951 -0.0441159971730556 0.0296654673246962 -0.00410717818265013
0.0333560628613816 -0.0315710911193602 0.0302504000948212 0.0274704329050705
0.0553151412446879 0.0101693486567292 0.00427239211588202 0.0472615487644032
0.0317075130228239 0.0560883092582625 -0.0262308525331045 0.0355925672533283
-0.00627873181728624 0.0722002354687317 -0.0226767535289926 0.0164531504918495
-0.0249836108170174 0.0540351079675734 0.00933454813616068 -0.0164575905588565
0.00353094062321563 0.0534227782349016 0.0358024691039914 -0.0199231212796651
0.0333928321341157 0.0353010759172172 0.0135946101366234 -0.0517886694531149
0.0393722581496366 -0.00616325694205383 -0.0260612810644815 -0.0401580329555196
0.0176178979255094 -0.032643404535006 -0.0339147326826771 -0.00494555883083406
-0.00760489313155913 -0.0323725066106418 -0.0208501102183259 0.0115242350004031
-0.0196086456138911 -0.022001605224303 -0.0113758351770761 0.0106083510256619
-0.0208590720801495 -0.0182549440765873 -0.00426457369379406 -0.000264688910525115
-0.0204330677375175 -0.018537411312441 -0.000556157421765214 -0.00987379583231474
-0.0208615791253685 -0.0305807372707381 0.0104982917824444 -0.0200136463925528
-0.00189310197737729 -0.0426353401831979 0.026701300733762 -0.0188482153988578
0.0287418984503995 -0.0326268599481297 0.037252050868927 0.0138514042680709
0.0524296018488019 0.00599209472283197 0.0133961730659245 0.0408914907937883
0.0316107500619789 0.051099085297769 -0.0197029579017573 0.0302004279716115
-0.00613017923988834 0.0675099898429762 -0.0161253341878369 -0.00171679572624729
-0.0274767360780748 0.0450625839217995 0.0217136126022124 -0.0373057498403402
-0.00378553969453234 0.0500407231639817 0.0399529523989844 -0.0278687181445877
0.0264865158344878 0.0382872998661252 0.0238617074187864 -0.0502914485687463
0.0377970752775503 -0.000824150350030894 -0.00970092195769189 -0.0456776265891805
0.0190758029741457 -0.0276377279750779 -0.0262124417707675 -0.0222673409646775
-0.00548682853502541 -0.0292469851162247 -0.0254804626430633 -0.00316472150471009
-0.0174921453279514 -0.0201381173015131 -0.0201520057673023 0.00161131887174418
-0.0180955664779196 -0.0162919881321353 -0.0123532428677074 -0.00698554388922964
-0.0169232678117349 -0.0159183105103654 -0.00783491114021459 -0.0160123187695214
-0.0170000268752138 -0.0257328775244477 0.00412049718656166 -0.0278616609309717
-0.00129867024605248 -0.0351823008177948 0.0233922047849331 -0.0289974430025422
0.0234376732739548 -0.0265922621405258 0.0408913454231471 0.00355306969837452
0.0423496029585268 0.00619968471946614 0.0185746839484776 0.033639481484571
0.0237326514122691 0.0433609430485161 -0.0153015915361538 0.0242713516773297
-0.00895645760043837 0.0535523622322429 -0.00989624777804349 -0.0175063433976161
-0.0226464374580229 0.0278899734000892 0.0330615580283844 -0.0523016204680576
-0.0078514170311479 0.0349673113242487 0.0438930975485 -0.0342584492991647
0.014609120761082 0.0296782379397738 0.0306267560030608 -0.0470502877550475
0.0261473337382183 0.00281177498374905 0.00442727430820917 -0.0471187206137197
0.0146026990895033 -0.0180932809102774 -0.017776193685906 -0.0337815777176648
-0.00259129445991362 -0.0201438077589121 -0.0279853215465722 -0.0153346321102015
-0.0122258748210457 -0.0142609278430094 -0.0266944916966858 -0.0060541195593241
-0.0119703007105367 -0.0119277135662177 -0.0194294094411843 -0.0124835255645427
-0.0110503396861507 -0.010908566903613 -0.0133758118421201 -0.0212008468677601
-0.0108219161273801 -0.0179593325841025 0.000472032844653794 -0.0334566413400402
0.000629053699037305 -0.0252319385882034 0.0229182066542811 -0.0347114603661246
0.0185788032587389 -0.0177026750364928 0.0418470465638932 -0.00204851944637154
0.0297035154828233 0.00911422675039588 0.0205234278871026 0.0283608707719501
0.0118747030907445 0.0329443572363942 -0.0116379451456868 0.019096207512381
-0.012149692402415 0.034336043764614 -0.00419968691276838 -0.0268559000888067
-0.0126740678604735 0.00517269145247321 0.0391659239572396 -0.0600560253801869
-0.00753841356185458 0.0119928994630997 0.04501199344242 -0.0387458313160479
0.00243451008450102 0.0127372736792032 0.0333175049771042 -0.0450372878479497
0.00909531380850482 0.00296442447600126 0.0109370235122786 -0.0467440695378553
0.00572331539578693 -0.00541826129531441 -0.0142579813774861 -0.0391876600788955
-0.000494900502669377 -0.00686929297289558 -0.0298345465276872 -0.0221529362352511
-0.00498387059592069 -0.00573067867608686 -0.0310543263920762 -0.0105769001206503
-0.0051052600460558 -0.0059846349262344 -0.0226411364086349 -0.0161546791525327
-0.00432407232762304 -0.00533649146883418 -0.0158294607592151 -0.0249986364003297
-0.00468454094433164 -0.00865622951267589 -0.000313304200011851 -0.0369461051952043
0.00150679760421311 -0.0137241436881499 0.0235153733661507 -0.0367462706789636
0.0124861721055498 -0.00918434268316273 0.0437898985882993 -0.00324876736738917
0.0166877042792761 0.00979307863887032 0.0205424032295793 0.0270906911678082
0.000473261981104254 0.020065351297136 -0.00951673996176249 0.0161392075431293
-0.0134724812019646 0.0121069538820434 0.00163038091072654 -0.0316776401593751
