TRXV5
3
4
4
9
string Extension=J
integer IsArchMeasurement=1
integer IsSpherical=1
string Generator=SPM
string GeneratorVersion=1.3.1 Dev
double ArchRadius=0.449999988079071
integer FrequencyAxisIndex=0
integer AzimuthAxisIndex=1
integer ElevationAxisIndex=2
Frequency
5 136 690000000 960000000 LIN
Azimuth
7 8 0 2.74889357189107 LIN
Elevation
7 15 -2.74889357189107 2.74889357189107 LIN
Polar H Real Part
13
Polar H Imaginary Part
14
Polar V Real Part
13
Polar V Imaginary Part
14
Polar H Magnitude (dB)
12 0xC0000002 0 1
Polar H Phase
7 0xC0000003 0 1
Polar V Magnitude (dB)
12 0xC0000002 2 3
Polar V Phase
7 0xC0000003 2 3
0.0500411987304688 0.0233993530273438 0.0461273193359375 0.131217956542969
0.0726394653320313 -0.0134353637695313 0.0511703491210938 0.0556106567382813
0.0227699279785156 -0.0615234375 -0.00634574890136719 -0.0273303985595703
-0.0273056030273437 -0.0506172180175781 -0.0736465454101563 -0.00412750244140626
-0.0397300720214844 -0.0222663879394531 -0.072662353515625 0.0578384399414062
-0.0455322265625 0.00143814086914063 -0.043182373046875 0.118316650390625
-0.0316028594970703 0.01934814453125 0.0066375732421875 0.145263671875
-0.0291461944580078 0.0101890563964844 0.0292816162109375 0.1417236328125
-0.0309886932373047 0.000909805297851566 0.0156784057617187 0.132484436035156
-0.0243663787841797 -0.00813674926757813 -0.0248489379882812 0.113121032714844
-0.00798892974853515 -0.0140514373779297 -0.0411376953125 0.0714950561523438
0.0031442642211914 -0.0120401382446289 -0.0335826873779297 0.0316791534423828
0.0143461227416992 0.00225353240966797 -0.001007080078125 0.0466651916503906
0.0122718811035156 0.0300922393798828 0.000762939453125016 0.152694702148437
-0.0107955932617187 0.0421867370605469 -0.117538452148437 0.20654296875
0.0660285949707031 -0.0610389709472656 0.0519485473632813 0.128494262695313
0.0622482299804688 -0.08758544921875 0.0531997680664063 0.0575065612792969
-0.0107040405273437 -0.106903076171875 0.00406646728515625 -0.0126676559448242
-0.077392578125 -0.06707763671875 -0.0535545349121094 0.00429153442382812
-0.0860519409179687 -0.00750732421875001 -0.0508193969726563 0.0515594482421875
-0.077362060546875 0.0492019653320313 -0.0274429321289063 0.105873107910156
-0.0400161743164062 0.072967529296875 0.0172805786132812 0.124954223632813
-0.0358390808105469 0.0585975646972656 0.038970947265625 0.122001647949219
-0.0417327880859375 0.0567893981933594 0.0273284912109375 0.116874694824219
-0.0526008605957031 0.0441818237304688 -0.0103607177734375 0.105987548828125
-0.0548477172851563 0.0149497985839844 -0.0240859985351563 0.0698509216308594
-0.0564689636230469 -0.0109214782714844 -0.0204620361328125 0.0414161682128906
-0.0340690612792969 -0.043243408203125 0.00337600708007812 0.0691871643066406
-0.00396728515625 -0.0494651794433594 -0.00469970703125001 0.1632080078125
-0.000495910644531251 -0.0477485656738281 -0.119979858398438 0.210830688476562
0.0712966918945313 -0.138801574707031 0.0607452392578125 0.103645324707031
0.0406341552734375 -0.1519775390625 0.0522613525390625 0.0466995239257812
-0.0470123291015625 -0.138832092285156 0.0107393264770508 0.0021066665649414
-0.11932373046875 -0.0738983154296875 -0.0278701782226563 0.0148715972900391
-0.120254516601563 0.00913238525390624 -0.0209159851074219 0.0410575866699219
-0.0981369018554687 0.0898056030273438 -0.00636291503906251 0.0795135498046875
-0.0429763793945313 0.116012573242188 0.0261077880859375 0.0866928100585938
-0.0380783081054687 0.09814453125 0.0416946411132812 0.0834121704101563
-0.0468292236328125 0.105018615722656 0.0340805053710938 0.0829925537109375
-0.0737991333007813 0.090911865234375 0.00543212890625 0.0810470581054688
-0.0956039428710938 0.04339599609375 -0.00210952758789062 0.0564956665039063
-0.110069274902344 -0.00637054443359376 -0.00141525268554689 0.0458908081054688
-0.0807113647460938 -0.08349609375 0.00976562499999999 0.0857162475585938
-0.020294189453125 -0.123237609863281 -0.012481689453125 0.154876708984375
0.00797271728515625 -0.131332397460938 -0.115280151367188 0.185745239257812
0.0631561279296875 -0.199615478515625 0.0685157775878906 0.0582542419433594
0.00752258300781251 -0.198501586914063 0.044647216796875 0.0237007141113281
-0.08465576171875 -0.151046752929688 0.0129842758178711 0.0140810012817383
-0.148880004882813 -0.065704345703125 -0.000463485717773446 0.0235843658447266
-0.1375732421875 0.0285263061523437 0.0112781524658203 0.0249710083007813
-0.10357666015625 0.119049072265625 0.0157470703125 0.0417633056640625
-0.0388946533203125 0.142349243164063 0.0310707092285156 0.0355796813964844
-0.0344772338867188 0.122489929199219 0.0390739440917969 0.0318946838378906
-0.0451431274414063 0.136695861816406 0.0359687805175781 0.0346336364746094
-0.08343505859375 0.1241455078125 0.0214118957519531 0.0420188903808594
-0.121788024902344 0.0658645629882813 0.0223121643066406 0.0312423706054688
-0.148422241210938 7.62939453125319E-05 0.0212783813476562 0.0420570373535156
-0.11614990234375 -0.110885620117188 0.0177001953125 0.091888427734375
-0.0356292724609375 -0.17694091796875 -0.0205764770507812 0.128677368164063
0.01300048828125 -0.194854736328125 -0.102622985839844 0.136741638183594
0.0443115234375 -0.232513427734375 0.0715103149414063 -0.00363159179687501
-0.02764892578125 -0.218154907226563 0.0296497344970703 -0.00856399536132814
-0.113357543945313 -0.142135620117188 0.0103511810302734 0.0211181640625
-0.159942626953125 -0.0452728271484375 0.0258235931396484 0.0264434814453125
-0.135261535644531 0.046051025390625 0.040130615234375 0.00299453735351563
-0.0925521850585938 0.132286071777344 0.0336132049560547 -0.00312232971191405
-0.0279693603515625 0.14727783203125 0.0299320220947266 -0.0206565856933594
-0.0265731811523438 0.129180908203125 0.0300197601318359 -0.0253734588623047
-0.03741455078125 0.146331787109375 0.0324459075927734 -0.0202350616455078
-0.079193115234375 0.135551452636719 0.0358390808105469 -0.00573730468749999
-0.126358032226563 0.0767974853515625 0.0450248718261719 -0.000846862792968745
-0.160003662109375 0.00621032714843749 0.043914794921875 0.0308799743652344
-0.131111145019531 -0.118087768554687 0.0244522094726562 0.0866622924804687
-0.0435028076171875 -0.199417114257813 -0.028106689453125 0.0875473022460938
0.0130615234375 -0.22613525390625 -0.0837860107421875 0.0705947875976562
0.02325439453125 -0.229095458984375 0.0708770751953125 -0.0714569091796875
-0.05169677734375 -0.20513916015625 0.0118179321289063 -0.0457038879394531
-0.121192932128906 -0.115745544433594 0.00475692749023436 0.0194072723388672
-0.145782470703125 -0.021087646484375 0.0455970764160156 0.0211219787597656
-0.113113403320313 0.0562896728515625 0.0595130920410156 -0.0220375061035156
-0.0692062377929687 0.126388549804688 0.0422515869140625 -0.0475921630859375
-0.0136184692382813 0.130836486816406 0.0229110717773437 -0.0734024047851562
-0.0144195556640625 0.1148681640625 0.0164337158203125 -0.0778961181640625
-0.0243453979492187 0.1314697265625 0.0252914428710938 -0.0727767944335937
-0.0606765747070312 0.122894287109375 0.0465927124023437 -0.0532379150390625
-0.106071472167969 0.0726470947265625 0.0634078979492188 -0.0319290161132812
-0.140327453613281 0.0120391845703125 0.0611419677734375 0.0169448852539063
-0.121597290039063 -0.101539611816406 0.0280685424804687 0.0713272094726563
-0.0461578369140625 -0.1851806640625 -0.0347404479980469 0.0378532409667969
0.00692749023437498 -0.220169067382813 -0.0611305236816406 -0.000202178955078126
0.00415039062499999 -0.189193725585938 0.0699920654296875 -0.1346435546875
-0.055206298828125 -0.160659790039062 -0.00262451171875001 -0.0821533203125
-0.103401184082031 -0.0788116455078125 -0.00222444534301758 0.00854349136352539
-0.109954833984375 -0.00109100341796873 0.0555152893066406 0.0077972412109375
-0.0768356323242188 0.0534286499023438 0.0665626525878906 -0.0462150573730469
-0.0382156372070312 0.0997085571289063 0.0403671264648438 -0.0859451293945313
0.0013580322265625 0.0954437255859375 0.0100326538085938 -0.114418029785156
-0.000473022460937504 0.08306884765625 0.000106811523437499 -0.119178771972656
-0.00731658935546874 0.0948028564453125 0.0160980224609375 -0.113052368164063
-0.03057861328125 0.0901870727539063 0.0526351928710938 -0.08917236328125
-0.0657615661621094 0.0580787658691406 0.073150634765625 -0.05426025390625
-0.0958023071289063 0.0196075439453125 0.0699310302734375 0.005828857421875
-0.0942611694335937 -0.063934326171875 0.0268173217773437 0.0525093078613281
-0.0457992553710937 -0.138710021972656 -0.0385169982910156 -0.00839996337890626
-0.00543212890624999 -0.18121337890625 -0.039642333984375 -0.0639114379882813
-0.0117034912109375 -0.1197509765625 0.0716400146484375 -0.18218994140625
-0.043243408203125 -0.093902587890625 -0.00841522216796875 -0.112785339355469
-0.0652236938476563 -0.0363883972167969 -0.008758544921875 -0.00864696502685547
-0.0581626892089844 0.0109748840332031 0.0553359985351563 -0.0086669921875
-0.0328598022460938 0.0381011962890625 0.0623054504394531 -0.0640411376953125
-0.00675964355468749 0.0564918518066406 0.0319900512695312 -0.1114501953125
0.0142974853515625 0.045013427734375 -0.00531005859375001 -0.138427734375
0.0133094787597656 0.0386734008789063 -0.0158233642578125 -0.14190673828125
0.0118331909179687 0.0431480407714844 0.00571441650390626 -0.135871887207031
0.00722885131835937 0.0462532043457031 0.0533294677734375 -0.108757019042969
-0.0135421752929688 0.0401535034179687 0.0744552612304688 -0.06341552734375
-0.0382423400878906 0.0311050415039063 0.069549560546875 -0.000286102294921873
-0.0613746643066406 -0.0123062133789062 0.0204696655273437 0.0335121154785156
-0.0481338500976562 -0.0712432861328125 -0.0405197143554688 -0.0438766479492188
-0.024627685546875 -0.117500305175781 -0.023193359375 -0.110488891601563
0.0599136352539062 0.0215568542480469 0.0663833618164063 0.12738037109375
0.0800552368164063 -0.0240707397460937 0.062347412109375 0.0502281188964844
0.0187835693359375 -0.071380615234375 -0.00814628601074219 -0.02838134765625
-0.0358848571777344 -0.0534286499023438 -0.0757904052734375 0.00244140625000001
-0.0477447509765625 -0.0199775695800781 -0.0683860778808594 0.06573486328125
-0.0523414611816406 0.00819778442382812 -0.0309066772460938 0.12530517578125
-0.0351638793945313 0.0259857177734375 0.0237579345703125 0.14678955078125
-0.0331764221191406 0.0156288146972656 0.0471038818359375 0.140548706054688
-0.0376815795898438 0.00533676147460938 0.0314865112304687 0.133750915527344
-0.0307750701904297 -0.00827980041503907 -0.0119781494140625 0.118698120117188
-0.0109500885009766 -0.0180950164794922 -0.0344467163085937 0.079437255859375
0.00426101684570312 -0.0177440643310547 -0.0322685241699219 0.0380706787109375
0.0210342407226563 0.000762939453125 0.000217437744140627 0.0481300354003906
0.0221691131591797 0.0345211029052734 0.0150604248046875 0.152755737304688
-0.00240707397460938 0.0515632629394531 -0.101104736328125 0.218612670898438
0.0660438537597656 -0.0657386779785156 0.0730972290039062 0.125846862792969
0.0607681274414063 -0.0974197387695313 0.0654640197753906 0.0526466369628906
-0.01904296875 -0.11322021484375 0.00549793243408203 -0.014826774597168
-0.0881729125976563 -0.0647125244140625 -0.052734375 0.00942230224609374
-0.0923690795898438 -0.000228881835937503 -0.0446090698242188 0.0569229125976563
-0.07781982421875 0.05963134765625 -0.0145416259765625 0.1094970703125
-0.0366058349609375 0.0811386108398438 0.0339431762695312 0.1236572265625
-0.0338973999023438 0.0650672912597656 0.055694580078125 0.118492126464844
-0.04119873046875 0.0635261535644531 0.0441131591796875 0.115669250488281
-0.0526084899902344 0.0488357543945313 0.00379180908203123 0.110183715820312
-0.0555000305175781 0.0171890258789062 -0.0154800415039062 0.0763626098632813
-0.0564041137695313 -0.008514404296875 -0.0167274475097656 0.0481910705566406
-0.033966064453125 -0.0398712158203125 0.008148193359375 0.0724716186523438
-0.00368881225585937 -0.0456352233886719 0.011016845703125 0.165786743164063
-0.0020751953125 -0.0418510437011719 -0.104049682617188 0.2252197265625
0.06134033203125 -0.145416259765625 0.0811309814453125 0.10162353515625
0.030548095703125 -0.159149169921875 0.0646209716796875 0.0419731140136719
-0.0591049194335937 -0.140251159667969 0.0145206451416016 -0.00065326690673829
-0.130348205566406 -0.066253662109375 -0.0245265960693359 0.0177001953125
-0.124320983886719 0.0207901000976562 -0.0141792297363281 0.0432815551757813
-0.0928268432617188 0.102157592773438 0.00568389892578124 0.0795974731445312
-0.0327987670898438 0.1246337890625 0.0394058227539063 0.0825042724609375
-0.0300521850585937 0.10516357421875 0.05609130859375 0.0778045654296875
-0.0391387939453125 0.112945556640625 0.0487213134765625 0.0794219970703125
-0.0672073364257813 0.09979248046875 0.019195556640625 0.0836181640625
-0.0934982299804688 0.0519485473632813 0.00722122192382811 0.0604667663574219
-0.111351013183594 0.00315856933593748 0.00451278686523437 0.0518455505371094
-0.0861129760742188 -0.0757369995117187 0.0176162719726563 0.0896530151367188
-0.0294647216796875 -0.119781494140625 0.00222778320312499 0.160720825195313
-0.00374603271484374 -0.129615783691406 -0.100692749023438 0.2021484375
0.04400634765625 -0.20697021484375 0.0851364135742188 0.056976318359375
-0.0109100341796875 -0.201614379882813 0.0546531677246094 0.0208282470703125
-0.0993194580078125 -0.146728515625 0.0190639495849609 0.0117816925048828
-0.158645629882813 -0.053131103515625 0.00510025024414062 0.0244655609130859
-0.138534545898438 0.0429458618164063 0.0187606811523437 0.0241432189941406
-0.0921783447265625 0.132278442382812 0.0258293151855469 0.0382652282714844
-0.0237579345703125 0.149200439453125 0.0396080017089844 0.029327392578125
-0.0228118896484375 0.129974365234375 0.0477180480957031 0.0249671936035156
-0.03179931640625 0.145294189453125 0.0456695556640625 0.0298690795898438
-0.071502685546875 0.135566711425781 0.0325279235839844 0.0413017272949219
-0.116928100585938 0.0790557861328125 0.0309429168701172 0.0327072143554688
-0.15020751953125 0.01556396484375 0.0287284851074219 0.0454254150390625
-0.126548767089844 -0.099609375 0.0282516479492187 0.0963134765625
-0.05206298828125 -0.174224853515625 -0.00791168212890624 0.136253356933594
-0.00679016113281248 -0.196212768554688 -0.09283447265625 0.153045654296875
0.0195159912109375 -0.2406005859375 0.0819015502929688 -0.00418853759765626
-0.05230712890625 -0.217498779296875 0.0363044738769531 -0.00880432128906251
-0.1292724609375 -0.132591247558594 0.0178012847900391 0.019622802734375
-0.167022705078125 -0.028350830078125 0.0329475402832031 0.0246772766113281
-0.131675720214844 0.0622634887695313 0.0464935302734375 -0.0010223388671875
-0.076812744140625 0.1446533203125 0.0396385192871094 -0.00912475585937499
-0.00975036621093749 0.151962280273438 0.0321903228759766 -0.0277137756347656
-0.0119094848632813 0.134559631347656 0.0319080352783203 -0.0322608947753906
-0.020233154296875 0.153366088867188 0.036163330078125 -0.0262069702148437
-0.0635986328125 0.147674560546875 0.0419921875 -0.00899505615234374
-0.119010925292969 0.0919342041015625 0.0512123107910156 -0.00337219238281249
-0.161468505859375 0.025634765625 0.0512046813964844 0.0309906005859375
-0.144058227539063 -0.104888916015625 0.0368804931640625 0.089569091796875
-0.0654754638671875 -0.197479248046875 -0.0194931030273438 0.0964508056640625
-0.0125274658203125 -0.230194091796875 -0.08038330078125 0.0842514038085937
-0.00416564941406252 -0.236907958984375 0.0734024047851563 -0.0720901489257813
-0.0776824951171875 -0.20306396484375 0.0131683349609375 -0.0436363220214844
-0.137168884277344 -0.104385375976562 0.0117511749267578 0.0190353393554687
-0.151519775390625 -0.00300598144531252 0.0520820617675781 0.0168418884277344
-0.107040405273438 0.0718917846679687 0.0628242492675781 -0.0279121398925781
-0.0512542724609375 0.136146545410156 0.0427818298339844 -0.0546722412109375
0.00520324707031251 0.133453369140625 0.0180511474609375 -0.0801849365234375
0.00092315673828125 0.118316650390625 0.0107955932617187 -0.084381103515625
-0.0063934326171875 0.136405944824219 0.02203369140625 -0.0791854858398438
-0.043914794921875 0.132820129394531 0.0471687316894531 -0.0589866638183594
-0.09832763671875 0.087249755859375 0.06591796875 -0.0379638671875
-0.140823364257813 0.030914306640625 0.0677108764648438 0.0139617919921875
-0.134635925292969 -0.0873565673828125 0.0392303466796875 0.07366943359375
-0.069427490234375 -0.183425903320313 -0.0312881469726563 0.0466537475585937
-0.01995849609375 -0.225723266601562 -0.065277099609375 0.0101089477539062
-0.0196685791015625 -0.196823120117188 0.0644989013671875 -0.137077331542969
-0.080047607421875 -0.158554077148438 -0.0072174072265625 -0.0792999267578125
-0.117263793945313 -0.0678329467773438 0.00298213958740234 0.00916385650634765
-0.11346435546875 0.0143890380859375 0.0597915649414062 0.00231552124023438
-0.0701484680175781 0.0663909912109375 0.0657386779785156 -0.0536003112792969
-0.0224761962890625 0.106002807617188 0.03607177734375 -0.0928573608398438
0.0175323486328125 0.0946121215820313 -0.000915527343750003 -0.12005615234375
0.01275634765625 0.0840988159179688 -0.0111312866210938 -0.123367309570313
0.0080718994140625 0.0966644287109375 0.0063629150390625 -0.118423461914063
-0.0151824951171875 0.0955352783203125 0.0484390258789063 -0.0968017578125
-0.0572280883789063 0.0683784484863281 0.0726318359375 -0.0618667602539062
-0.0934829711914062 0.034637451171875 0.0746536254882813 0.000732421875000002
-0.104011535644531 -0.0505218505859375 0.0352096557617188 0.0533561706542969
-0.0663909912109375 -0.135917663574219 -0.04052734375 0.000106811523437485
-0.031097412109375 -0.186614990234375 -0.0511817932128906 -0.0573005676269532
-0.0282516479492188 -0.126007080078125 0.0590057373046875 -0.1873779296875
-0.0606689453125 -0.09356689453125 -0.0172576904296875 -0.110298156738281
-0.07568359375 -0.0290145874023438 -0.00607490539550782 -0.00800037384033203
-0.0601425170898438 0.0220947265625 0.0576019287109375 -0.0157203674316406
-0.0270767211914063 0.0463447570800781 0.0577468872070313 -0.0726394653320313
0.00524520874023438 0.0597953796386719 0.0214767456054687 -0.117698669433594
0.0254974365234375 0.0424652099609375 -0.0208892822265625 -0.14215087890625
0.0221710205078125 0.0363082885742188 -0.0317535400390625 -0.143585205078125
0.0222969055175781 0.0414009094238281 -0.00815582275390624 -0.139236450195313
0.0189666748046875 0.0454978942871094 0.0449371337890625 -0.116973876953125
-0.00506210327148437 0.0449295043945313 0.0714263916015625 -0.0718002319335938
-0.032745361328125 0.0408287048339844 0.0721969604492188 -0.0061492919921875
-0.0656356811523437 -0.00012969970703124 0.0255355834960938 0.0338344573974609
-0.0637130737304687 -0.0665969848632813 -0.0481758117675781 -0.0367164611816406
-0.0448760986328125 -0.120590209960938 -0.0406341552734375 -0.107574462890625
0.0676383972167969 0.0175857543945313 0.0821075439453125 0.115127563476563
0.0830459594726563 -0.0363235473632813 0.0700836181640625 0.0400772094726563
0.0124435424804687 -0.0786361694335937 -0.00977134704589844 -0.0287933349609375
-0.0445137023925781 -0.0529327392578125 -0.0739288330078125 0.0089111328125
-0.05499267578125 -0.0156364440917969 -0.0605659484863281 0.0700569152832031
-0.0559463500976562 0.0166473388671875 -0.0184173583984375 0.124794006347656
-0.0358619689941406 0.0333671569824219 0.0379257202148437 0.139717102050781
-0.0348224639892578 0.0218372344970703 0.061248779296875 0.1317138671875
-0.0421371459960938 0.012298583984375 0.045989990234375 0.1268310546875
-0.0367813110351563 -0.00600814819335938 0.0012359619140625 0.117744445800781
-0.0153408050537109 -0.02154541015625 -0.02496337890625 0.0828399658203125
0.00341033935546875 -0.0231266021728516 -0.02880859375 0.0429115295410156
0.0268421173095703 -0.0028839111328125 0.0010833740234375 0.0482521057128906
0.0334930419921875 0.0357704162597656 0.025787353515625 0.14520263671875
0.0090789794921875 0.0571441650390625 -0.082427978515625 0.2193603515625
0.0648231506347656 -0.0679893493652344 0.090240478515625 0.114280700683594
0.0572738647460938 -0.103965759277344 0.07470703125 0.0420913696289063
-0.0277938842773437 -0.114990234375 0.005615234375 -0.0168485641479492
-0.0955734252929688 -0.0590667724609375 -0.0494537353515625 0.0137825012207031
-0.0949020385742187 0.00804901123046874 -0.0366058349609375 0.0589942932128906
-0.074951171875 0.067962646484375 -0.0022125244140625 0.106376647949219
-0.0309371948242188 0.0857925415039063 0.0467300415039063 0.114616394042969
-0.0302047729492188 0.0701942443847656 0.0690231323242188 0.106658935546875
-0.0386505126953125 0.0686798095703125 0.0577163696289063 0.106773376464844
-0.0509033203125 0.0523338317871094 0.0182266235351563 0.107139587402344
-0.0548820495605469 0.0181922912597656 -0.00485992431640626 0.0783538818359375
-0.054473876953125 -0.00710296630859375 -0.0113677978515625 0.0529518127441406
-0.0306625366210938 -0.0370330810546875 0.0127639770507812 0.07275390625
-0.000411987304687504 -0.0404396057128906 0.024139404296875 0.160385131835938
-0.00063133239746094 -0.0339717864990234 -0.083160400390625 0.228561401367188
0.051025390625 -0.144607543945313 0.0985488891601563 0.0915069580078125
0.02032470703125 -0.159255981445313 0.0732650756835938 0.032989501953125
-0.068115234375 -0.136238098144531 0.0175619125366211 -0.00406932830810548
-0.135017395019531 -0.0561065673828125 -0.0200786590576172 0.0191230773925781
-0.122261047363281 0.0309906005859375 -0.00619125366210938 0.0419921875
-0.0834579467773438 0.109916687011719 0.01641845703125 0.0733718872070313
-0.022216796875 0.126091003417969 0.0488815307617188 0.0724639892578125
-0.0215225219726562 0.107765197753906 0.0659942626953125 0.0660896301269531
-0.02935791015625 0.115646362304688 0.0602531433105469 0.06982421875
-0.0583267211914063 0.103752136230469 0.03271484375 0.0796966552734375
-0.0875320434570313 0.056884765625 0.0175628662109375 0.0610160827636719
-0.107284545898438 0.011016845703125 0.011474609375 0.0546112060546875
-0.0858612060546875 -0.0661163330078125 0.02557373046875 0.0899887084960938
-0.0344467163085938 -0.110420227050781 0.016693115234375 0.158340454101563
-0.0119247436523437 -0.120262145996094 -0.08099365234375 0.20819091796875
0.0250701904296875 -0.2021484375 0.0999526977539063 0.0493621826171875
-0.0267181396484375 -0.1947021484375 0.0628471374511719 0.0140571594238281
-0.108543395996094 -0.136192321777344 0.0236587524414062 0.00769042968749999
-0.159957885742188 -0.038299560546875 0.0106830596923828 0.0220127105712891
-0.131584167480469 0.054443359375 0.0251140594482422 0.0202617645263672
-0.077239990234375 0.137458801269531 0.0333099365234375 0.0304336547851563
-0.00862121582031251 0.1475830078125 0.0447883605957031 0.0196075439453125
-0.0100936889648438 0.129722595214844 0.0530548095703125 0.0144844055175781
-0.0169677734375 0.145645141601562 0.0530815124511719 0.0202445983886719
-0.0565032958984375 0.138969421386719 0.0424461364746094 0.0367698669433594
-0.107337951660156 0.0876693725585938 0.0386848449707031 0.0301742553710938
-0.144195556640625 0.0285797119140625 0.0359420776367188 0.0468597412109375
-0.128364562988281 -0.0847244262695313 0.0385360717773438 0.0957565307617188
-0.063934326171875 -0.162796020507813 0.00536346435546875 0.137222290039063
-0.024078369140625 -0.186431884765625 -0.0774383544921875 0.16107177734375
-0.00549316406249998 -0.233688354492187 0.0909957885742188 -0.00792694091796876
-0.072174072265625 -0.204925537109375 0.0416183471679687 -0.011627197265625
-0.137733459472656 -0.116897583007813 0.0240898132324219 0.0158767700195312
-0.165069580078125 -0.011474609375 0.0379371643066406 0.0208282470703125
-0.120979309082031 0.0736160278320313 0.0505180358886719 -0.00683593749999999
-0.058349609375 0.14691162109375 0.0426025390625 -0.0168952941894531
0.00732421875000001 0.147247314453125 0.032073974609375 -0.0352554321289062
0.00283050537109374 0.132011413574219 0.0312690734863281 -0.0392532348632813
-0.00250244140625 0.151336669921875 0.0370750427246094 -0.0334243774414062
-0.0452880859375 0.149490356445312 0.0467414855957031 -0.014862060546875
-0.1063232421875 0.101524353027344 0.0562362670898437 -0.00746154785156249
-0.153167724609375 0.0414276123046875 0.0575599670410156 0.0286445617675781
-0.1480712890625 -0.0864410400390625 0.0475921630859375 0.0882797241210938
-0.0824432373046875 -0.18499755859375 -0.00896453857421875 0.100135803222656
-0.0360260009765625 -0.220962524414063 -0.0715255737304688 0.0947418212890625
-0.030426025390625 -0.23040771484375 0.0750274658203125 -0.0719528198242188
-0.099395751953125 -0.187789916992187 0.0154571533203125 -0.0416069030761719
-0.144882202148438 -0.0854644775390625 0.0182437896728516 0.0162487030029297
-0.147216796875 0.0143585205078125 0.0564689636230469 0.0114173889160156
-0.0940704345703125 0.0820541381835937 0.0633964538574219 -0.034454345703125
-0.03167724609375 0.135704040527344 0.0415077209472656 -0.0613479614257813
0.0223312377929688 0.125869750976563 0.0120010375976562 -0.0837326049804687
0.0157089233398438 0.113861083984375 0.00511932373046876 -0.0869293212890625
0.0107879638671875 0.132331848144531 0.0172805786132813 -0.0830459594726562
-0.0254898071289063 0.132972717285156 0.0460586547851563 -0.0638084411621094
-0.0842819213867188 0.09564208984375 0.0661964416503906 -0.0434188842773437
-0.131927490234375 0.0468597412109375 0.07147216796875 0.0094146728515625
-0.138023376464844 -0.069244384765625 0.0491409301757812 0.0709228515625
-0.087677001953125 -0.170303344726563 -0.024688720703125 0.0528335571289062
-0.0459442138671875 -0.2169189453125 -0.0644493103027344 0.0212249755859375
-0.0439910888671875 -0.192398071289063 0.0585174560546875 -0.133140563964844
-0.099578857421875 -0.146011352539063 -0.00843811035156251 -0.0731887817382813
-0.124885559082031 -0.05133056640625 0.00832271575927734 0.00833702087402343
-0.109298706054688 0.0301589965820312 0.0621185302734375 -0.00400161743164062
-0.057952880859375 0.0744400024414062 0.0627174377441406 -0.0596923828125
-0.00502777099609376 0.104766845703125 0.0292587280273437 -0.096099853515625
0.0322647094726563 0.0863800048828125 -0.0114364624023437 -0.11920166015625
0.0248031616210938 0.0782546997070313 -0.0224380493164063 -0.121978759765625
0.0221481323242188 0.0906753540039063 -0.00252532958984376 -0.119285583496094
0.000534057617187494 0.092529296875 0.0415573120117188 -0.100700378417969
-0.0448379516601563 0.0737457275390625 0.0694999694824219 -0.0672035217285156
-0.08380126953125 0.0470046997070313 0.0762481689453125 -0.00446319580078125
-0.105491638183594 -0.0341262817382812 0.0424957275390625 0.051025390625
-0.0825042724609375 -0.123573303222656 -0.0396690368652344 0.0077972412109375
-0.0557098388671875 -0.178756713867188 -0.0578498840332031 -0.0460891723632813
-0.0457000732421875 -0.125205993652344 0.04669189453125 -0.18292236328125
-0.0754165649414062 -0.0861968994140625 -0.0227203369140625 -0.102920532226563
-0.0821762084960938 -0.0183639526367188 -0.00262451171875001 -0.0080714225769043
-0.0581321716308594 0.0331878662109375 0.0564651489257812 -0.0224647521972656
-0.0184402465820313 0.0519294738769531 0.0508804321289063 -0.0776138305664063
0.0174446105957031 0.0576896667480469 0.0106430053710938 -0.11810302734375
0.0350761413574219 0.0351047515869141 -0.035308837890625 -0.136817932128906
0.0297164916992188 0.0308265686035156 -0.0457992553710937 -0.137298583984375
0.0308017730712891 0.0345420837402344 -0.0207901000976563 -0.136077880859375
0.0290679931640625 0.0401535034179688 0.0342254638671875 -0.118988037109375
0.00500869750976562 0.0452766418457031 0.064697265625 -0.0763320922851563
-0.0241470336914063 0.0480003356933594 0.071807861328125 -0.011627197265625
-0.0640144348144531 0.0121955871582031 0.0300464630126953 0.0323410034179688
-0.075164794921875 -0.0559005737304688 -0.0520286560058594 -0.0265388488769531
-0.0649642944335938 -0.114151000976562 -0.0546646118164063 -0.0964736938476563
0.0735321044921875 0.0120162963867187 0.089141845703125 0.0993194580078125
0.0829086303710938 -0.0468673706054687 0.072479248046875 0.0290756225585937
0.0054473876953125 -0.0833816528320312 -0.0106353759765625 -0.0289459228515625
-0.0514869689941406 -0.0516433715820313 -0.0703353881835938 0.01263427734375
-0.0589485168457031 -0.0102462768554688 -0.0535659790039062 0.0697059631347656
-0.0573883056640625 0.024566650390625 -0.00982666015624999 0.11962890625
-0.0351448059082031 0.0401687622070313 0.04559326171875 0.129508972167969
-0.0354576110839844 0.0276870727539063 0.068328857421875 0.119644165039063
-0.0448493957519531 0.0195083618164062 0.053924560546875 0.116569519042969
-0.0420570373535156 -0.00186920166015625 0.01019287109375 0.112220764160156
-0.0205669403076172 -0.0235309600830078 -0.017364501953125 0.082427978515625
0.00140953063964844 -0.0282325744628906 -0.024810791015625 0.0455970764160156
0.0316715240478516 -0.00852394104003906 0.000499725341796878 0.0476608276367188
0.0436286926269531 0.0335884094238281 0.0292816162109375 0.134956359863281
0.0213966369628906 0.0588264465332031 -0.0706787109375 0.21044921875
0.0653114318847656 -0.0671501159667969 0.100067138671875 0.0985260009765625
0.0543746948242188 -0.107925415039063 0.0784378051757813 0.0310211181640625
-0.0333328247070313 -0.115226745605469 0.0062255859375 -0.0191402435302734
-0.0993881225585937 -0.0543289184570313 -0.0453948974609375 0.014923095703125
-0.094970703125 0.013641357421875 -0.029693603515625 0.0562362670898437
-0.0709991455078125 0.07342529296875 0.00549316406249999 0.0988235473632813
-0.0266342163085937 0.0884780883789063 0.052886962890625 0.102760314941406
-0.0269775390625 0.0725173950195313 0.0745697021484375 0.0938873291015625
-0.0368270874023438 0.0718765258789063 0.0648727416992188 0.0949478149414063
-0.0500907897949219 0.0535507202148437 0.0282821655273437 0.100364685058594
-0.0544815063476562 0.0174026489257813 0.00393676757812499 0.076690673828125
-0.0519142150878906 -0.00848770141601562 -0.00551223754882813 0.0548362731933594
-0.0250396728515625 -0.0361061096191406 0.0148544311523437 0.071502685546875
0.00632858276367187 -0.0362548828125 0.030242919921875 0.151443481445313
0.00483322143554688 -0.026580810546875 -0.06842041015625 0.222061157226563
0.0451889038085937 -0.138137817382813 0.108734130859375 0.07769775390625
0.01544189453125 -0.155319213867188 0.0775299072265625 0.0225143432617187
-0.072113037109375 -0.1312255859375 0.0193252563476562 -0.0080242156982422
-0.134956359863281 -0.0478744506835938 -0.0153541564941406 0.0178508758544922
-0.118194580078125 0.0365753173828125 -0.000232696533203135 0.0376358032226563
-0.0754852294921875 0.111610412597656 0.022705078125 0.0650596618652344
-0.0145950317382812 0.124221801757813 0.0530204772949219 0.0607490539550781
-0.0154876708984375 0.106605529785156 0.069122314453125 0.0533218383789063
-0.0233688354492188 0.114921569824219 0.0654029846191406 0.0580215454101563
-0.0518875122070312 0.10284423828125 0.0417327880859375 0.0718460083007812
-0.0818634033203125 0.057403564453125 0.0261039733886719 0.0583343505859375
-0.100860595703125 0.0137863159179687 0.0178680419921875 0.0557670593261719
-0.0799789428710938 -0.0595321655273438 0.0305862426757813 0.0882415771484375
-0.0326385498046875 -0.101516723632813 0.0245208740234375 0.151641845703125
-0.0130538940429688 -0.108535766601562 -0.0662384033203125 0.20513916015625
0.0142822265625 -0.190948486328125 0.10931396484375 0.0391693115234375
-0.0333404541015625 -0.18316650390625 0.0679092407226563 0.00658416748046874
-0.109382629394531 -0.1258544921875 0.0266151428222656 0.00245857238769531
-0.155364990234375 -0.02850341796875 0.0152969360351562 0.0187892913818359
-0.123191833496094 0.05865478515625 0.0296058654785156 0.0146102905273438
-0.0663681030273438 0.135360717773438 0.0371170043945312 0.0219039916992188
0.000503540039062512 0.1412353515625 0.0452804565429688 0.00988388061523438
-0.00156402587890624 0.125267028808594 0.0537338256835938 0.00427627563476563
-0.00695037841796876 0.140556335449219 0.0554313659667969 0.00996017456054688
-0.0452880859375 0.136001586914063 0.04931640625 0.0293464660644531
-0.0971145629882812 0.0890350341796875 0.0455741882324219 0.0267448425292969
-0.134223937988281 0.0346145629882813 0.0423393249511719 0.0453033447265625
-0.123641967773437 -0.0737838745117188 0.0454635620117188 0.0928955078125
-0.066436767578125 -0.149917602539063 0.014892578125 0.134147644042969
-0.0318756103515625 -0.1715087890625 -0.0639190673828125 0.16229248046875
-0.0200042724609375 -0.21844482421875 0.0990676879882813 -0.01220703125
-0.0805206298828125 -0.18731689453125 0.0474739074707031 -0.0147895812988281
-0.136711120605469 -0.102378845214844 0.0282840728759766 0.0106105804443359
-0.156509399414063 -0.000244140624999999 0.0417594909667969 0.0158767700195313
-0.109169006347656 0.076812744140625 0.0523223876953125 -0.0122184753417969
-0.0447998046875 0.141555786132813 0.0437889099121094 -0.0244712829589844
0.0171661376953125 0.136871337890625 0.0299186706542969 -0.0408973693847656
0.0127410888671875 0.124794006347656 0.0290946960449219 -0.045501708984375
0.00885009765624999 0.143646240234375 0.0371017456054688 -0.0399703979492188
-0.0316314697265625 0.144332885742188 0.0494728088378906 -0.0207366943359375
-0.0937881469726563 0.103546142578125 0.0594902038574219 -0.0116424560546875
-0.141464233398437 0.0498504638671875 0.0625343322753906 0.02655029296875
-0.14324951171875 -0.0724029541015625 0.0551681518554687 0.0839309692382813
-0.0890350341796875 -0.169601440429688 0.000274658203124986 0.0995712280273438
-0.048583984375 -0.204025268554687 -0.0621414184570313 0.100234985351562
-0.0478668212890625 -0.215484619140625 0.0795974731445312 -0.0699386596679688
-0.108901977539063 -0.168502807617187 0.0195579528808594 -0.0394020080566406
-0.143585205078125 -0.06951904296875 0.0232925415039062 0.0123786926269531
-0.137321472167969 0.026092529296875 0.0584487915039062 0.00612640380859375
-0.0812301635742188 0.0844039916992187 0.0624313354492187 -0.0391197204589844
-0.0173721313476562 0.127655029296875 0.0393486022949219 -0.0654830932617187
0.031707763671875 0.114234924316406 0.00728607177734375 -0.085052490234375
0.0247955322265625 0.105087280273438 0.000106811523437495 -0.0878448486328125
0.022186279296875 0.122177124023437 0.013427734375 -0.085296630859375
-0.0116195678710938 0.125663757324219 0.0448951721191406 -0.0676040649414062
-0.0713882446289063 0.0965347290039062 0.0658416748046875 -0.0465736389160156
-0.118827819824219 0.054779052734375 0.0741195678710937 0.00630950927734375
-0.133384704589844 -0.0540313720703125 0.0558738708496094 0.0665168762207031
-0.096343994140625 -0.154205322265625 -0.0174903869628906 0.0559806823730469
-0.0620269775390625 -0.20001220703125 -0.059783935546875 0.0303878784179687
-0.060546875 -0.180221557617188 0.0579757690429687 -0.125999450683594
-0.110481262207031 -0.129562377929687 -0.00527572631835939 -0.0663528442382813
-0.124458312988281 -0.0364837646484375 0.0129299163818359 0.00574779510498047
-0.100593566894531 0.0408096313476563 0.0619583129882813 -0.00969314575195313
-0.0458831787109375 0.0765838623046875 0.0587997436523438 -0.0627059936523438
0.00751495361328125 0.0972824096679688 0.023895263671875 -0.0967788696289063
0.0398635864257813 0.0751113891601563 -0.0184707641601562 -0.115341186523438
0.0318145751953125 0.0691757202148438 -0.0286331176757813 -0.116859436035156
0.03076171875 0.08062744140625 -0.00945281982421876 -0.116767883300781
0.0115509033203125 0.0846710205078125 0.0370101928710937 -0.101539611816406
-0.032745361328125 0.0729904174804688 0.0659599304199219 -0.0698699951171875
-0.0718002319335937 0.0532379150390625 0.0763626098632813 -0.00839996337890625
-0.100715637207031 -0.0208282470703125 0.0475044250488281 0.0474586486816406
-0.0910110473632812 -0.108314514160156 -0.0359725952148438 0.014373779296875
-0.072174072265625 -0.163558959960938 -0.0592079162597656 -0.0336799621582031
-0.0596160888671875 -0.11871337890625 0.0418701171875 -0.172637939453125
-0.0853271484375 -0.075653076171875 -0.022796630859375 -0.0937576293945313
-0.0840606689453125 -0.00775146484375001 0.000770568847656245 -0.00936222076416015
-0.0528945922851563 0.0414810180664063 0.0543098449707031 -0.0274429321289062
-0.00986862182617187 0.0539665222167969 0.0444412231445313 -0.078033447265625
0.0271873474121094 0.0515556335449219 0.00318908691406249 -0.114273071289063
0.039764404296875 0.0261268615722656 -0.0428314208984375 -0.12799072265625
0.0338592529296875 0.0226192474365234 -0.0534820556640625 -0.128440856933594
0.0357704162597656 0.0254554748535156 -0.0280838012695312 -0.1285400390625
0.0365447998046875 0.0312080383300781 0.0272979736328125 -0.116531372070313
0.014068603515625 0.0419654846191406 0.0593338012695313 -0.0770111083984375
-0.0136146545410156 0.0506515502929688 0.0703353881835937 -0.0147781372070312
-0.0589065551757812 0.0219612121582031 0.0324249267578125 0.0303020477294922
-0.0814208984375 -0.0432205200195313 -0.0511360168457031 -0.0169868469238281
-0.0789031982421875 -0.102287292480469 -0.0614166259765625 -0.0818023681640625
0.0793685913085938 0.00830078125 0.0910568237304688 0.085296630859375
0.0827102661132812 -0.0556259155273438 0.0714111328125 0.0200729370117187
-0.000534057617187498 -0.0868453979492187 -0.0109710693359375 -0.0301227569580078
-0.0578880310058594 -0.0501976013183594 -0.0679702758789063 0.0132102966308594
-0.0623130798339844 -0.00619506835937501 -0.0500602722167969 0.0675315856933594
-0.0575790405273438 0.0313186645507812 -0.00682067871093749 0.1142578125
-0.0340499877929687 0.0462379455566406 0.0468902587890625 0.121482849121094
-0.0356178283691406 0.0337638854980469 0.069000244140625 0.110130310058594
-0.0468215942382812 0.0262527465820312 0.0561141967773438 0.107925415039063
-0.04656982421875 0.00191497802734375 0.0142059326171875 0.106857299804688
-0.0260276794433594 -0.0251140594482422 -0.01214599609375 0.0803451538085937
-0.00124359130859375 -0.0332717895507813 -0.0219573974609375 0.0472488403320313
0.03631591796875 -0.0137062072753906 -0.00128555297851562 0.0488395690917969
0.0539741516113281 0.0300025939941406 0.026123046875 0.127372741699219
0.0322990417480469 0.0589866638183594 -0.0682373046875 0.201004028320313
0.06903076171875 -0.0657386779785156 0.103958129882813 0.0845260620117188
0.0551376342773438 -0.112075805664063 0.0785675048828125 0.0214614868164062
-0.0370559692382813 -0.116172790527344 0.00597763061523437 -0.0217647552490234
-0.102439880371094 -0.0521697998046875 -0.0424156188964844 0.013763427734375
-0.0960311889648438 0.0167770385742187 -0.0263748168945313 0.05230712890625
-0.0696258544921875 0.0770645141601563 0.00819396972656251 0.0915679931640625
-0.0246505737304688 0.09033203125 0.0528488159179687 0.0928802490234375
-0.0266647338867188 0.0747451782226563 0.0746002197265625 0.0823516845703125
-0.036956787109375 0.074951171875 0.0669708251953125 0.08465576171875
-0.0519638061523438 0.0542716979980469 0.0336151123046875 0.0929641723632813
-0.0562248229980469 0.0145721435546875 0.0101547241210938 0.07415771484375
-0.0506553649902344 -0.012176513671875 -0.000610351562500009 0.0560951232910156
-0.0183296203613281 -0.0383377075195312 0.0150680541992187 0.0724411010742188
0.0151500701904297 -0.0343608856201172 0.030029296875 0.1451416015625
0.0133609771728516 -0.0215301513671875 -0.0636444091796875 0.213699340820313
0.04681396484375 -0.13037109375 0.114852905273438 0.0652389526367187
0.0166168212890625 -0.1529541015625 0.0802078247070313 0.0132980346679687
-0.0722198486328125 -0.129096984863281 0.0197715759277344 -0.0116901397705078
-0.134284973144531 -0.0453720092773438 -0.0124912261962891 0.0151615142822266
-0.1160888671875 0.0378646850585938 0.00305175781249999 0.0324134826660156
-0.07275390625 0.111503601074219 0.0246543884277344 0.05657958984375
-0.0122299194335937 0.122283935546875 0.0525741577148437 0.0508842468261719
-0.0133590698242187 0.105369567871094 0.0685958862304688 0.0422401428222656
-0.0211334228515625 0.114639282226563 0.067169189453125 0.0472831726074219
-0.050537109375 0.101066589355469 0.0470962524414063 0.0643997192382812
-0.080047607421875 0.0550613403320313 0.0322647094726562 0.0546798706054688
-0.0955429077148438 0.0116958618164063 0.0238990783691406 0.0561408996582031
-0.0722198486328125 -0.0587005615234375 0.0327072143554687 0.0874481201171875
-0.02581787109375 -0.0957717895507812 0.0272979736328125 0.147171020507813
-0.00799560546875001 -0.0983123779296875 -0.059906005859375 0.2000732421875
0.0126800537109375 -0.179153442382812 0.11688232421875 0.0300750732421875
-0.0326080322265625 -0.174636840820313 0.0719451904296875 -0.000854492187500011
-0.106437683105469 -0.120643615722656 0.0282859802246094 -0.00187301635742188
-0.15093994140625 -0.024749755859375 0.0183334350585937 0.0149993896484375
-0.118156433105469 0.0584487915039063 0.0323123931884766 0.00905799865722656
-0.0609130859375 0.131362915039062 0.0380744934082031 0.0138931274414063
0.00395965576171875 0.135215759277344 0.04400634765625 0.00204849243164063
0.00138092041015624 0.120513916015625 0.0521926879882813 -0.00506973266601562
-0.00389862060546876 0.135421752929688 0.0560531616210938 0.00131225585937501
-0.04095458984375 0.131439208984375 0.0534477233886719 0.0220832824707031
-0.092041015625 0.0864944458007812 0.0508880615234375 0.0228538513183594
-0.126777648925781 0.03460693359375 0.0478515625 0.0446853637695313
-0.115501403808594 -0.069854736328125 0.0494308471679687 0.0909805297851562
-0.062286376953125 -0.140975952148438 0.019989013671875 0.130950927734375
-0.030670166015625 -0.158447265625 -0.05621337890625 0.1605224609375
-0.0250244140625 -0.20379638671875 0.107078552246094 -0.01654052734375
-0.079986572265625 -0.17413330078125 0.0529670715332031 -0.01885986328125
-0.131141662597656 -0.0941238403320312 0.0315189361572266 0.00571823120117187
-0.148666381835938 0.00381469726562498 0.0443763732910156 0.0112266540527344
-0.102104187011719 0.0755844116210938 0.0545310974121094 -0.0171165466308594
-0.0384063720703125 0.133743286132813 0.0435218811035156 -0.0310935974121094
0.0202178955078125 0.128227233886719 0.0280723571777344 -0.0466804504394531
0.015960693359375 0.117904663085937 0.0276641845703125 -0.0513839721679687
0.0129470825195313 0.135818481445313 0.0359764099121094 -0.046173095703125
-0.0244064331054688 0.137138366699219 0.0519027709960938 -0.026458740234375
-0.0860061645507812 0.101081848144531 0.0628128051757813 -0.0147438049316406
-0.131607055664063 0.051605224609375 0.0670623779296875 0.0243606567382813
-0.135078430175781 -0.0660552978515625 0.0595321655273437 0.0807647705078125
-0.087646484375 -0.157852172851562 0.00637054443359374 0.0982131958007813
-0.0515594482421875 -0.188339233398438 -0.0542449951171875 0.102775573730469
-0.0549774169921875 -0.200973510742188 0.0872726440429688 -0.068115234375
-0.110748291015625 -0.152877807617188 0.0264663696289062 -0.039215087890625
-0.138236999511719 -0.0592575073242187 0.0269832611083984 0.0081939697265625
-0.127388000488281 0.0311508178710938 0.0597686767578125 0.00151443481445313
-0.0715713500976563 0.0820693969726563 0.0626754760742188 -0.0426254272460937
-0.01043701171875 0.118743896484375 0.0382652282714844 -0.0691871643066406
0.034637451171875 0.102874755859375 0.00518035888671876 -0.0865859985351562
0.0276565551757813 0.096527099609375 -0.00240325927734376 -0.0898513793945313
0.0263519287109375 0.112358093261719 0.0115509033203125 -0.087738037109375
-0.00441741943359374 0.116798400878906 0.0456008911132812 -0.0706100463867187
-0.061676025390625 0.0932388305664062 0.0669784545898438 -0.0492897033691406
-0.107818603515625 0.0570297241210937 0.076934814453125 0.003997802734375
-0.125968933105469 -0.0455322265625 0.0602951049804688 0.0631790161132813
-0.0971832275390625 -0.140625 -0.0115814208984375 0.057373046875
-0.06793212890625 -0.184951782226563 -0.0545158386230469 0.0368537902832031
-0.069183349609375 -0.169448852539063 0.06463623046875 -0.1195068359375
-0.114173889160156 -0.115554809570313 0.000709533691406237 -0.0626640319824219
-0.120819091796875 -0.0256729125976563 0.0175819396972656 0.00240325927734375
-0.09222412109375 0.0468673706054688 0.0625114440917969 -0.0127029418945312
-0.036651611328125 0.0754776000976563 0.0567359924316406 -0.0641937255859375
0.015472412109375 0.0878829956054688 0.022186279296875 -0.0972747802734375
0.042633056640625 0.0638771057128906 -0.0208740234375 -0.112213134765625
0.0341796875 0.059906005859375 -0.0310440063476562 -0.113990783691406
0.0347061157226563 0.0706100463867188 -0.0119705200195312 -0.114578247070313
0.0177230834960937 0.0754547119140625 0.0353012084960938 -0.102012634277344
-0.0241508483886719 0.0694694519042969 0.0640106201171875 -0.07086181640625
-0.0615005493164063 0.0544395446777344 0.077423095703125 -0.0100326538085937
-0.09423828125 -0.0120010375976563 0.0507316589355469 0.0442581176757813
-0.0941925048828125 -0.0954437255859375 -0.0307197570800781 0.0193977355957031
-0.07977294921875 -0.149002075195313 -0.0567741394042969 -0.0235481262207031
-0.0684814453125 -0.112892150878906 0.0452117919921875 -0.163009643554688
-0.0914077758789062 -0.0663299560546875 -0.017333984375 -0.0877838134765625
-0.08441162109375 0.001007080078125 0.00420570373535156 -0.0120668411254883
-0.0475349426269531 0.0470924377441406 0.0517082214355469 -0.0302886962890625
-0.00246810913085938 0.05364990234375 0.0406341552734375 -0.0776214599609375
0.0329666137695313 0.0449447631835938 0.000350952148437496 -0.110733032226562
0.0420074462890625 0.0167808532714844 -0.0450439453125 -0.121231079101563
0.0358047485351563 0.0152702331542969 -0.0547637939453125 -0.121055603027344
0.0374908447265625 0.0167579650878906 -0.0303268432617187 -0.123153686523437
0.0407447814941406 0.022705078125 0.02459716796875 -0.114013671875
0.0211868286132813 0.03753662109375 0.056976318359375 -0.0759506225585937
-0.0045318603515625 0.0509071350097656 0.0694580078125 -0.0156211853027344
-0.0527000427246094 0.0293922424316406 0.0342540740966797 0.0292682647705078
-0.084259033203125 -0.0316085815429688 -0.0486526489257813 -0.00963211059570313
-0.0872802734375 -0.0902786254882812 -0.0627288818359375 -0.0686225891113281
0.0863189697265625 0.00363922119140625 0.0904541015625 0.0749053955078125
0.083099365234375 -0.065948486328125 0.0699653625488281 0.0122795104980469
-0.00698089599609374 -0.0919876098632813 -0.01202392578125 -0.0316619873046875
-0.0657005310058594 -0.0490303039550781 -0.0669326782226563 0.0128974914550781
-0.0673294067382813 -0.00190353393554689 -0.0501594543457031 0.0655632019042969
-0.0598373413085938 0.0391082763671875 -0.00704956054687502 0.111526489257813
-0.0330696105957031 0.0529289245605469 0.0457229614257813 0.116912841796875
-0.0362129211425781 0.0397567749023437 0.0680999755859375 0.105270385742188
-0.0482254028320313 0.0349235534667969 0.0564956665039063 0.103187561035156
-0.0518608093261719 0.00664520263671874 0.0165786743164063 0.103134155273438
-0.0327110290527344 -0.0264396667480469 -0.00926971435546875 0.0793228149414063
-0.00498199462890625 -0.0384025573730469 -0.0195503234863281 0.0493316650390625
0.0402488708496094 -0.0211219787597656 -0.00374984741210937 0.0513801574707031
0.0639610290527344 0.025390625 0.0215682983398438 0.125595092773438
0.0433845520019531 0.0578041076660156 -0.0725555419921875 0.195907592773438
0.0758056640625 -0.0662765502929688 0.105934143066406 0.0732192993164063
0.0567626953125 -0.118812561035156 0.0780258178710938 0.0127410888671875
-0.0406723022460937 -0.120132446289063 0.00611686706542968 -0.0247058868408203
-0.107490539550781 -0.0513839721679688 -0.0410804748535156 0.0120925903320312
-0.0996780395507813 0.0193939208984375 -0.02508544921875 0.0487251281738281
-0.0707015991210938 0.0828933715820313 0.00772857666015625 0.0862808227539063
-0.0243606567382812 0.094879150390625 0.0516128540039063 0.0864334106445313
-0.0262603759765625 0.0795440673828125 0.07305908203125 0.07501220703125
-0.0380783081054687 0.0804519653320313 0.0666275024414062 0.076904296875
-0.0555686950683594 0.0569000244140625 0.0367813110351563 0.0878982543945313
-0.0612030029296875 0.0124626159667969 0.01458740234375 0.0721054077148438
-0.0518341064453125 -0.01690673828125 0.00333404541015625 0.0576400756835937
-0.0127410888671875 -0.0432586669921875 0.015289306640625 0.0745925903320313
0.0256423950195313 -0.0369529724121094 0.0278167724609375 0.143722534179688
0.0240325927734375 -0.0181903839111328 -0.0644073486328125 0.2100830078125
0.0529632568359375 -0.127670288085938 0.119132995605469 0.0537490844726562
0.019805908203125 -0.155548095703125 0.0804824829101563 0.00465393066406249
-0.072723388671875 -0.132072448730469 0.0201911926269531 -0.0164470672607422
-0.136734008789063 -0.0455780029296875 -0.0106887817382813 0.0115127563476562
-0.117561340332031 0.0387496948242188 0.00465011596679687 0.0269393920898438
-0.072967529296875 0.113395690917969 0.0238571166992187 0.0494346618652344
-0.0119094848632812 0.123146057128906 0.0498046875 0.0433807373046875
-0.0136795043945313 0.107254028320313 0.0664176940917969 0.0341873168945313
-0.0216064453125 0.115997314453125 0.0667648315429688 0.0389518737792969
-0.0510940551757813 0.101036071777344 0.0509872436523438 0.0573005676269531
-0.0821609497070313 0.0524444580078125 0.03826904296875 0.051361083984375
-0.0947723388671875 0.00787353515625 0.0291900634765625 0.0567207336425781
-0.0662155151367188 -0.0621604919433594 0.035247802734375 0.0898208618164063
-0.0164031982421875 -0.0954437255859375 0.028076171875 0.14599609375
0.000968933105468745 -0.0934066772460937 -0.0577239990234375 0.19793701171875
0.01678466796875 -0.171707153320313 0.124305725097656 0.0207672119140625
-0.028045654296875 -0.171783447265625 0.07501220703125 -0.00864410400390626
-0.103546142578125 -0.121696472167969 0.0299701690673828 -0.00713539123535157
-0.149581909179688 -0.0255584716796875 0.0204067230224609 0.0109081268310547
-0.117584228515625 0.0566482543945313 0.0338706970214844 0.00284004211425782
-0.0610885620117187 0.129547119140625 0.0374908447265625 0.00594711303710938
0.00335693359374999 0.132835388183594 0.0416069030761719 -0.00577545166015624
0.00134277343749999 0.119461059570313 0.0499839782714844 -0.0128707885742187
-0.002899169921875 0.134368896484375 0.0547409057617188 -0.00706481933593749
-0.0400238037109375 0.129020690917969 0.056976318359375 0.0139808654785156
-0.0906600952148437 0.084197998046875 0.0563392639160156 0.0188941955566406
-0.123390197753906 0.032379150390625 0.0540962219238281 0.04425048828125
-0.109504699707031 -0.0702743530273438 0.0540313720703125 0.0914535522460938
-0.0557403564453125 -0.138076782226563 0.0225906372070313 0.130828857421875
-0.025146484375 -0.150283813476563 -0.0525360107421875 0.161422729492187
-0.023681640625 -0.194259643554688 0.117393493652344 -0.0223236083984375
-0.07611083984375 -0.167373657226562 0.0588645935058594 -0.0241432189941406
-0.126808166503906 -0.0920257568359375 0.0336971282958984 0.000972747802734369
-0.1434326171875 0.00347900390625 0.0469932556152344 0.00675201416015625
-0.0984039306640625 0.0720901489257813 0.0556144714355469 -0.0233497619628906
-0.0371017456054687 0.128684997558594 0.0428848266601563 -0.0381736755371094
0.0201492309570312 0.122848510742187 0.0257682800292969 -0.0530128479003906
0.0159835815429687 0.113433837890625 0.0246162414550781 -0.0576591491699219
0.0141983032226563 0.1307373046875 0.0344123840332031 -0.0533485412597656
-0.0226821899414063 0.132102966308594 0.0549049377441406 -0.0334243774414062
-0.0822677612304688 0.0974273681640625 0.0671501159667969 -0.0190811157226562
-0.126312255859375 0.0498199462890625 0.0728378295898437 0.02294921875
-0.129150390625 -0.0643234252929688 0.0648574829101562 0.0801620483398438
-0.0833587646484375 -0.15185546875 0.0108642578125 0.0985641479492187
-0.049163818359375 -0.179183959960938 -0.049346923828125 0.10528564453125
-0.0576934814453125 -0.190933227539063 0.0986251831054688 -0.0697784423828125
-0.10931396484375 -0.142898559570313 0.0343704223632812 -0.0420341491699219
-0.132858276367188 -0.053680419921875 0.0308513641357422 0.00348663330078125
-0.120353698730469 0.032684326171875 0.0618400573730469 -0.00235748291015625
-0.0659713745117187 0.078643798828125 0.0642967224121094 -0.0466880798339844
-0.00805664062499999 0.111495971679688 0.03729248046875 -0.0745391845703125
0.0344390869140625 0.0945892333984375 0.00376129150390625 -0.089599609375
0.02789306640625 0.0899734497070313 -0.00456237792968749 -0.093017578125
0.0279388427734375 0.105377197265625 0.0098724365234375 -0.091888427734375
-0.0015106201171875 0.109260559082031 0.046844482421875 -0.075958251953125
-0.05657958984375 0.0894546508789063 0.0698394775390625 -0.0538558959960937
-0.100143432617187 0.0564041137695313 0.0814971923828125 0.0018310546875
-0.119461059570313 -0.0418472290039063 0.0647315979003906 0.0613937377929688
-0.096160888671875 -0.132186889648438 -0.00584030151367188 0.0584182739257812
-0.0693511962890625 -0.172592163085938 -0.0489921569824219 0.0434074401855469
-0.0755615234375 -0.160690307617187 0.0747222900390625 -0.117454528808594
-0.116310119628906 -0.104736328125 0.00944900512695312 -0.0621910095214844
-0.117988586425781 -0.018035888671875 0.020965576171875 -0.00168609619140625
-0.0845718383789063 0.0500869750976563 0.0627555847167969 -0.0160560607910156
-0.0295791625976562 0.0723495483398438 0.0566635131835938 -0.0662384033203125
0.01922607421875 0.0794677734375 0.0212631225585938 -0.0995635986328125
0.0422286987304688 0.0549430847167969 -0.0218658447265625 -0.112648010253906
0.0347213745117188 0.0531539916992188 -0.0327224731445313 -0.114067077636719
0.0353889465332031 0.0614013671875 -0.01348876953125 -0.115303039550781
0.021026611328125 0.0663337707519531 0.035614013671875 -0.105094909667969
-0.0172920227050781 0.0642242431640625 0.0662307739257813 -0.0729293823242188
-0.052337646484375 0.0545806884765625 0.0793838500976563 -0.012237548828125
-0.0872268676757813 -0.00662994384765625 0.0548095703125 0.0431556701660156
-0.0946731567382813 -0.0847854614257813 -0.0264835357666016 0.0221920013427734
-0.08453369140625 -0.136344909667969 -0.0528488159179688 -0.0143699645996094
-0.0769805908203125 -0.109153747558594 0.0533294677734375 -0.158859252929688
-0.0968780517578125 -0.0584716796875 -0.0102462768554688 -0.0855255126953125
-0.0848770141601563 0.00872802734375 0.00653362274169921 -0.0151453018188477
-0.0418968200683594 0.0525741577148437 0.0509071350097656 -0.0317726135253906
0.00452041625976563 0.0530624389648438 0.0389556884765625 -0.0777206420898438
0.0381927490234375 0.0379219055175781 -0.00102996826171874 -0.109527587890625
0.0417594909667969 0.00847244262695313 -0.0451583862304687 -0.118209838867188
0.0362739562988281 0.00810623168945312 -0.0559539794921875 -0.117424011230469
0.0375442504882813 0.00879669189453125 -0.0309982299804687 -0.121055603027344
0.0429458618164063 0.0132865905761719 0.0248260498046875 -0.113922119140625
0.0272846221923828 0.0326137542724609 0.057647705078125 -0.0757369995117188
0.00389099121093751 0.049468994140625 0.0699996948242188 -0.0166206359863281
-0.0471153259277344 0.034942626953125 0.0360832214355469 0.0285682678222656
-0.0868453979492188 -0.0207901000976562 -0.0443954467773438 -0.00396347045898438
-0.0931777954101563 -0.0793075561523437 -0.0606613159179688 -0.0572242736816406
0.0943603515625 -0.0034027099609375 0.0890884399414063 0.0647506713867187
0.0824966430664063 -0.0782241821289063 0.0672836303710938 0.00537490844726562
-0.0147781372070312 -0.0973281860351562 -0.0145187377929688 -0.0339641571044922
-0.0741043090820313 -0.0464935302734375 -0.0687179565429688 0.012939453125
-0.0725555419921875 0.00437927246093751 -0.0506820678710938 0.0654792785644531
-0.0595817565917969 0.0488204956054688 -0.00731658935546875 0.112045288085938
-0.03094482421875 0.0610885620117188 0.0460968017578125 0.115531921386719
-0.0348472595214844 0.04754638671875 0.0686111450195313 0.102180480957031
-0.04833984375 0.0443992614746094 0.0567855834960938 0.0997085571289063
-0.0571670532226563 0.0134353637695313 0.0185394287109375 0.10089111328125
-0.0408172607421875 -0.0260696411132813 -0.00592041015625 0.0795440673828125
-0.0110359191894531 -0.0439491271972656 -0.017303466796875 0.0521469116210938
0.0429191589355469 -0.0300636291503906 -0.0048828125 0.0565605163574219
0.0745925903320313 0.0170822143554688 0.0169143676757813 0.127738952636719
0.0552940368652344 0.0549659729003906 -0.07891845703125 0.196487426757812
0.0844497680664063 -0.070953369140625 0.10693359375 0.0611343383789063
0.0584030151367187 -0.128730773925781 0.0767440795898437 0.00418090820312499
-0.047149658203125 -0.126106262207031 0.00436592102050781 -0.0285243988037109
-0.115547180175781 -0.0501251220703125 -0.0416717529296875 0.010101318359375
-0.104713439941406 0.0242691040039062 -0.0254287719726563 0.0452919006347656
-0.0718154907226563 0.0906143188476562 0.00682067871093749 0.0836410522460938
-0.0225067138671875 0.102005004882813 0.0495071411132812 0.0821990966796875
-0.0255050659179688 0.0858535766601563 0.0713119506835938 0.0694808959960938
-0.0384445190429688 0.08837890625 0.0669174194335938 0.0709686279296875
-0.0599403381347656 0.0623092651367188 0.040069580078125 0.082489013671875
-0.0675811767578125 0.0122261047363281 0.0193977355957031 0.070159912109375
-0.0562973022460937 -0.022125244140625 0.00844955444335937 0.0594558715820313
-0.00816726684570313 -0.0518074035644531 0.0166778564453125 0.079254150390625
0.036407470703125 -0.0430946350097656 0.0264434814453125 0.145645141601563
0.0362510681152344 -0.019012451171875 -0.0670166015625 0.211471557617188
0.0607376098632813 -0.129287719726562 0.12384033203125 0.041107177734375
0.02264404296875 -0.163528442382813 0.0813446044921875 -0.00494384765625001
-0.076080322265625 -0.137298583984375 0.0194187164306641 -0.0213623046875
-0.142425537109375 -0.0457305908203125 -0.00975418090820313 0.00804328918457031
-0.122512817382813 0.0415725708007812 0.00488090515136718 0.0217666625976563
-0.0739364624023437 0.119163513183594 0.0216636657714844 0.043975830078125
-0.011260986328125 0.127815246582031 0.04681396484375 0.0371475219726563
-0.0131912231445313 0.111541748046875 0.0631179809570313 0.0261344909667969
-0.0221633911132813 0.121543884277344 0.0657691955566406 0.0305747985839844
-0.0539779663085938 0.104026794433594 0.0544700622558594 0.0496330261230469
-0.086517333984375 0.05242919921875 0.0438385009765625 0.0477714538574219
-0.0975494384765625 0.00383758544921876 0.036376953125 0.0568504333496094
-0.0622138977050781 -0.0684623718261719 0.03985595703125 0.0936279296875
-0.00765228271484375 -0.0998992919921875 0.029693603515625 0.148727416992187
0.0107955932617188 -0.091705322265625 -0.0566558837890625 0.200775146484375
0.022857666015625 -0.170364379882813 0.132530212402344 0.00861358642578124
-0.02447509765625 -0.17462158203125 0.0775985717773438 -0.0179824829101563
-0.103797912597656 -0.125274658203125 0.0307044982910156 -0.0132045745849609
-0.151611328125 -0.0269012451171875 0.0218887329101562 0.00606536865234375
-0.120254516601562 0.0571975708007813 0.0352020263671875 -0.00432968139648437
-0.0628204345703125 0.131500244140625 0.0352516174316406 -0.00160980224609374
0.00345611572265626 0.133949279785156 0.0378799438476563 -0.0129127502441406
0.00136566162109374 0.120948791503906 0.0453071594238281 -0.0205802917480469
-0.00276947021484376 0.136344909667969 0.0533447265625 -0.0161018371582031
-0.0405654907226563 0.129684448242188 0.06011962890625 0.00577163696289063
-0.0926666259765625 0.082794189453125 0.0621185302734375 0.0128173828125
-0.12359619140625 0.0304031372070313 0.0622901916503906 0.0422401428222656
-0.105697631835938 -0.0743942260742188 0.0601272583007812 0.0933151245117188
-0.050445556640625 -0.139884948730469 0.0275421142578125 0.132377624511719
-0.0175018310546875 -0.146591186523438 -0.0482177734375 0.165267944335938
-0.0215301513671875 -0.189071655273438 0.127883911132813 -0.0321044921875
-0.07354736328125 -0.164505004882813 0.06353759765625 -0.0328254699707031
-0.1241455078125 -0.0920333862304687 0.0355873107910156 -0.00537872314453126
-0.1419677734375 0.00291442871093751 0.0489463806152344 0.00152587890625
-0.0983657836914063 0.0696487426757813 0.0571632385253906 -0.0299835205078125
-0.0376129150390625 0.1265869140625 0.0411376953125 -0.0458793640136719
0.0189056396484375 0.120018005371094 0.0218124389648438 -0.0594902038574219
0.015960693359375 0.112335205078125 0.0199394226074219 -0.0646743774414063
0.0144119262695312 0.12896728515625 0.0318069458007812 -0.0615425109863281
-0.0214920043945312 0.129676818847656 0.056396484375 -0.04266357421875
-0.0808944702148438 0.0958786010742187 0.07196044921875 -0.0261154174804687
-0.124069213867188 0.0481643676757812 0.0799789428710937 0.0197067260742188
-0.124984741210938 -0.065155029296875 0.0716781616210937 0.0795669555664063
-0.0814208984375 -0.14996337890625 0.0169296264648438 0.0997085571289062
-0.0460052490234375 -0.172439575195312 -0.0434188842773438 0.110099792480469
-0.059112548828125 -0.1829833984375 0.1107177734375 -0.077239990234375
-0.108283996582031 -0.135581970214844 0.0417289733886719 -0.0477867126464844
-0.129432678222656 -0.0501174926757812 0.0335712432861328 -0.00253486633300782
-0.115402221679688 0.0334625244140625 0.0645675659179688 -0.00765609741210937
-0.0626907348632813 0.075592041015625 0.0652503967285156 -0.052886962890625
-0.00720214843750001 0.106094360351562 0.0359649658203125 -0.0814208984375
0.0327377319335937 0.089019775390625 5.34057617187582E-05 -0.0955352783203125
0.0274124145507813 0.0858001708984375 -0.0085906982421875 -0.0986480712890625
0.027374267578125 0.0998611450195313 0.00730133056640626 -0.0984268188476562
-9.91821289062515E-05 0.103889465332031 0.0472488403320313 -0.0840072631835938
-0.0524368286132812 0.0863037109375 0.07257080078125 -0.0595474243164062
-0.094757080078125 0.0555038452148438 0.0867691040039062 -0.00240325927734375
-0.114768981933594 -0.03948974609375 0.0706863403320312 0.0590896606445313
-0.0953140258789063 -0.126022338867188 -0.000213623046875003 0.0601959228515625
-0.0692901611328125 -0.163528442382813 -0.0429344177246094 0.0489501953125
-0.082672119140625 -0.153823852539063 0.087005615234375 -0.121086120605469
-0.119476318359375 -0.0954666137695313 0.0174446105957031 -0.0656661987304688
-0.115982055664063 -0.0113754272460937 0.0242691040039062 -0.00629615783691406
-0.0782318115234375 0.0538253784179688 0.0643539428710938 -0.0203704833984375
-0.0233955383300781 0.070220947265625 0.0578804016113281 -0.0697479248046875
0.0219879150390625 0.0725326538085938 0.0205535888671875 -0.103530883789063
0.0410270690917969 0.0466232299804688 -0.0243911743164062 -0.115280151367188
0.033843994140625 0.0468940734863281 -0.0359573364257813 -0.115852355957031
0.0344772338867188 0.0545578002929688 -0.0152053833007813 -0.118927001953125
0.0223197937011719 0.0583305358886719 0.0353927612304687 -0.1103515625
-0.0122718811035156 0.0589714050292969 0.067962646484375 -0.0777053833007813
-0.0450439453125 0.0525970458984375 0.0834808349609375 -0.0153121948242187
-0.0810928344726563 -0.00239562988281249 0.0589714050292969 0.0402870178222656
-0.0947189331054688 -0.0751266479492188 -0.0203704833984375 0.0251026153564453
-0.087921142578125 -0.12579345703125 -0.0475234985351563 -0.00613784790039064
-0.0873031616210937 -0.103347778320313 0.063568115234375 -0.159866333007813
-0.103950500488281 -0.0495071411132812 -0.00160217285156251 -0.087677001953125
-0.0848922729492188 0.0172576904296875 0.00903320312499999 -0.0192890167236328
-0.035064697265625 0.0582695007324219 0.0507774353027344 -0.0354499816894531
0.0114059448242187 0.0518264770507813 0.0378189086914063 -0.0789947509765625
0.0422096252441406 0.0308074951171875 -0.002044677734375 -0.111099243164062
0.0416145324707031 -0.000370025634765625 -0.0466995239257813 -0.117515563964844
0.0348987579345703 0.00138664245605469 -0.0569915771484375 -0.117294311523438
0.0362777709960938 0.000762939453125 -0.0319442749023438 -0.121902465820312
0.0437202453613281 0.004241943359375 0.02447509765625 -0.116943359375
0.0331707000732422 0.0256404876708984 0.0583648681640625 -0.0786666870117188
0.0126609802246094 0.0474205017089844 0.07305908203125 -0.0179519653320312
-0.0405731201171875 0.041839599609375 0.0393028259277344 0.0274772644042969
-0.0871429443359375 -0.00908660888671875 -0.0396537780761719 0.00082778930664063
-0.100303649902344 -0.067596435546875 -0.0570526123046875 -0.0469245910644531
0.100975036621094 -0.0152587890625 0.0861053466796875 0.0539932250976563
0.0774612426757813 -0.0933074951171875 0.0620918273925781 -0.00242233276367188
-0.027008056640625 -0.100448608398438 -0.0177555084228516 -0.0348625183105469
-0.0846023559570313 -0.04083251953125 -0.0707015991210938 0.0149688720703125
-0.0768203735351562 0.0130538940429688 -0.0516281127929688 0.0663032531738281
-0.057403564453125 0.0599822998046875 -0.00646209716796876 0.113853454589844
-0.025634765625 0.0694656372070313 0.0469741821289062 0.115875244140625
-0.0318183898925781 0.05621337890625 0.0689620971679688 0.0996627807617188
-0.0459060668945313 0.0553779602050781 0.0577392578125 0.0967483520507813
-0.0609321594238281 0.0233039855957031 0.0212554931640625 0.0993499755859375
-0.0507659912109375 -0.0233955383300781 -0.00154113769531251 0.0796890258789063
-0.0189132690429688 -0.0479583740234375 -0.0133132934570313 0.0548591613769531
0.0430183410644531 -0.0418968200683594 -0.00423431396484374 0.0620765686035156
0.0841751098632813 0.00438690185546875 0.0161895751953125 0.131843566894531
0.0682640075683594 0.0486335754394531 -0.0820159912109375 0.202667236328125
0.0918655395507813 -0.08087158203125 0.107078552246094 0.0473785400390625
0.0540618896484375 -0.14276123046875 0.07305908203125 -0.00570678710937501
-0.057464599609375 -0.130882263183594 0.000719070434570312 -0.0316658020019531
-0.125526428222656 -0.045745849609375 -0.0434226989746094 0.00896072387695311
-0.109199523925781 0.0324554443359375 -0.0265312194824219 0.0431900024414063
-0.0696868896484375 0.101852416992188 0.00592803955078124 0.0823593139648438
-0.0178146362304688 0.109336853027344 0.0474319458007812 0.0792694091796875
-0.0221099853515625 0.0933761596679688 0.0694732666015625 0.0640602111816406
-0.03582763671875 0.0983352661132813 0.0656356811523437 0.0646286010742188
-0.0620269775390625 0.070404052734375 0.0426406860351562 0.0760574340820313
-0.0752487182617188 0.015289306640625 0.0253524780273438 0.0669784545898438
-0.0627899169921875 -0.0257530212402344 0.0151863098144531 0.0596466064453125
-0.00746536254882812 -0.0614700317382812 0.0210037231445313 0.084747314453125
0.0457725524902344 -0.0536956787109375 0.0286865234375 0.149826049804688
0.0480537414550781 -0.0244674682617188 -0.0661468505859375 0.217025756835938
0.0672378540039063 -0.135505676269531 0.126937866210938 0.02569580078125
0.0204925537109375 -0.17388916015625 0.0796661376953125 -0.0160140991210938
-0.0842437744140625 -0.14276123046875 0.0167121887207031 -0.0266933441162109
-0.150527954101562 -0.0425262451171875 -0.0107517242431641 0.00417613983154297
-0.126701354980469 0.0481796264648438 0.00327873229980468 0.0157003402709961
-0.0731277465820312 0.128555297851563 0.0197715759277344 0.0391921997070313
-0.00752258300781251 0.1337890625 0.0428619384765625 0.031097412109375
-0.00930786132812501 0.118324279785156 0.0595169067382813 0.0190773010253906
-0.0187606811523438 0.128067016601562 0.0626754760742188 0.0222625732421875
-0.0548629760742188 0.110343933105469 0.0557174682617188 0.0409278869628906
-0.0912704467773438 0.0547409057617187 0.0499992370605469 0.0410614013671875
-0.102493286132813 0.00248718261718752 0.04443359375 0.0542678833007813
-0.0613937377929688 -0.0762786865234375 0.0468063354492187 0.095916748046875
-0.00230407714843749 -0.107742309570313 0.03521728515625 0.151641845703125
0.020416259765625 -0.0940704345703125 -0.0513916015625 0.205917358398438
0.0272216796875 -0.1712646484375 0.137664794921875 -0.00780487060546876
-0.0252685546875 -0.180633544921875 0.0783920288085938 -0.0311660766601563
-0.107337951660156 -0.128623962402344 0.0300312042236328 -0.0197105407714844
-0.156021118164063 -0.0250396728515625 0.0222320556640625 -1.7166137695314E-05
-0.122856140136719 0.0609893798828125 0.0344161987304687 -0.0126819610595703
-0.0616226196289063 0.136680603027344 0.0324001312255859 -0.00867652893066406
0.00534820556640626 0.13653564453125 0.0321063995361328 -0.0205402374267578
0.00393676757812499 0.12384033203125 0.0394859313964844 -0.0285186767578125
0.000450134277343744 0.139724731445313 0.0485382080078125 -0.0250320434570312
-0.03936767578125 0.132072448730469 0.0606918334960938 -0.00451660156249999
-0.0941543579101563 0.0845870971679688 0.0673980712890625 0.00422668457031251
-0.126136779785156 0.02923583984375 0.0708465576171875 0.0373611450195313
-0.105117797851563 -0.0796279907226563 0.0690231323242188 0.0932464599609375
-0.0478363037109375 -0.143722534179688 0.03485107421875 0.134201049804688
-0.01165771484375 -0.146713256835937 -0.0406951904296875 0.16943359375
-0.0207977294921875 -0.18634033203125 0.136589050292969 -0.0488052368164063
-0.07269287109375 -0.162933349609375 0.0678863525390625 -0.0440864562988281
-0.124320983886719 -0.0928878784179687 0.036834716796875 -0.0129432678222656
-0.142196655273438 0.00378417968749999 0.0507736206054687 -0.00579833984375
-0.0995025634765625 0.0702972412109375 0.0568161010742187 -0.0402374267578125
-0.038330078125 0.127479553222656 0.036163330078125 -0.0548210144042969
0.0182113647460938 0.118515014648438 0.0139083862304687 -0.0664558410644531
0.0167236328125 0.111663818359375 0.0120010375976562 -0.07147216796875
0.0160064697265625 0.128143310546875 0.026153564453125 -0.0704574584960938
-0.0201187133789063 0.128753662109375 0.0555191040039063 -0.0539665222167969
-0.0805816650390625 0.0960464477539063 0.0751953125 -0.0359649658203125
-0.122901916503906 0.047607421875 0.0874481201171875 0.0125808715820313
-0.123931884765625 -0.0660324096679688 0.080413818359375 0.0764846801757812
-0.08050537109375 -0.148941040039063 0.0249099731445313 0.0999984741210937
-0.0435333251953125 -0.168380737304688 -0.0343551635742188 0.114494323730469
-0.062835693359375 -0.176528930664063 0.121009826660156 -0.0908050537109375
-0.109245300292969 -0.128570556640625 0.0473213195800781 -0.0572738647460938
-0.127494812011719 -0.04534912109375 0.0345516204833984 -0.0104217529296875
-0.110748291015625 0.0348587036132813 0.0659637451171875 -0.013916015625
-0.0593338012695312 0.0734405517578125 0.0652008056640625 -0.0614738464355469
-0.00632476806640625 0.101974487304688 0.031646728515625 -0.0897674560546875
0.0311431884765625 0.084686279296875 -0.00548553466796876 -0.1009521484375
0.02679443359375 0.0829010009765625 -0.01666259765625 -0.103164672851563
0.0264663696289063 0.0958175659179688 0.000770568847656244 -0.105392456054688
0.00153350830078125 0.0988006591796875 0.0439834594726562 -0.0947036743164062
-0.0489730834960938 0.0830154418945313 0.07427978515625 -0.06878662109375
-0.0901336669921875 0.0549240112304688 0.0922470092773438 -0.00952911376953125
-0.110801696777344 -0.0373764038085937 0.0773773193359375 0.0545120239257813
-0.0956497192382812 -0.120445251464844 0.00789642333984375 0.0604133605957031
-0.0712432861328125 -0.155624389648438 -0.0339546203613281 0.0540313720703125
-0.0908355712890625 -0.14617919921875 0.097320556640625 -0.130653381347656
-0.121124267578125 -0.084686279296875 0.0247039794921875 -0.0726318359375
-0.113754272460938 -0.00332641601562498 0.0266895294189453 -0.0129642486572266
-0.070892333984375 0.057220458984375 0.0656471252441406 -0.0268287658691406
-0.0179176330566406 0.0659828186035156 0.05712890625 -0.0753707885742188
0.0233955383300781 0.0642890930175781 0.016265869140625 -0.109733581542969
0.0376091003417969 0.038970947265625 -0.0294570922851562 -0.118270874023437
0.0317268371582031 0.041046142578125 -0.04217529296875 -0.118705749511719
0.0323982238769531 0.0478668212890625 -0.0207290649414062 -0.124267578125
0.0220794677734375 0.0497245788574219 0.03277587890625 -0.118141174316406
-0.0078887939453125 0.0523490905761719 0.0677490234375 -0.0857009887695313
-0.0385284423828125 0.0490226745605469 0.0874404907226563 -0.0211029052734375
-0.0745162963867188 0.00113677978515625 0.0643501281738281 0.0365486145019531
-0.093963623046875 -0.0637893676757813 -0.0140552520751953 0.0264644622802734
-0.0909042358398438 -0.113105773925781 -0.0395164489746094 0.000854492187499991
-0.098236083984375 -0.0949630737304687 0.0726318359375 -0.166641235351563
-0.108528137207031 -0.0374374389648438 0.00420379638671874 -0.094207763671875
-0.08355712890625 0.0288848876953125 0.0100841522216797 -0.0248870849609375
-0.0272064208984375 0.0623512268066406 0.0495033264160156 -0.0396156311035156
0.0188865661621094 0.0488395690917969 0.03509521484375 -0.0819244384765625
0.0446891784667969 0.0213470458984375 -0.00634002685546876 -0.114028930664063
0.0382118225097656 -0.00905227661132813 -0.049896240234375 -0.117507934570313
0.0309333801269531 -0.00587081909179688 -0.0605926513671875 -0.116287231445313
0.0327663421630859 -0.00716209411621094 -0.0347671508789063 -0.123733520507813
0.0420341491699219 -0.00684356689453125 0.0227737426757813 -0.120750427246094
0.0375900268554688 0.0169448852539062 0.058380126953125 -0.0830612182617188
0.0217475891113281 0.0435829162597656 0.075164794921875 -0.0212249755859375
-0.0315170288085937 0.0461044311523438 0.0431938171386719 0.02587890625
-0.08538818359375 0.00372314453125002 -0.0335578918457031 0.00493621826171875
-0.105705261230469 -0.0528182983398438 -0.0507698059082031 -0.0369110107421875
0.104240417480469 -0.0293731689453125 0.0791091918945312 0.0426101684570312
0.065765380859375 -0.105659484863281 0.0548515319824219 -0.00884246826171876
-0.0391845703125 -0.0993881225585938 -0.0236244201660156 -0.034912109375
-0.091552734375 -0.0314102172851562 -0.0725860595703125 0.0173873901367188
-0.0776824951171875 0.0243148803710938 -0.0490989685058594 0.0682258605957031
-0.0497283935546875 0.0695533752441406 -0.0015106201171875 0.11456298828125
-0.0160293579101563 0.0760116577148438 0.0488510131835938 0.112861633300781
-0.0239982604980469 0.0634956359863281 0.0719223022460938 0.0949554443359375
-0.0394325256347656 0.0651473999023438 0.0584335327148437 0.0924911499023437
-0.0602455139160156 0.0342788696289063 0.023834228515625 0.0950698852539062
-0.0579872131347656 -0.0164794921875 0.00257110595703125 0.076507568359375
-0.0292739868164062 -0.0482139587402344 -0.00760650634765625 0.0565719604492188
0.0389404296875 -0.0532989501953125 -0.00185775756835937 0.0673332214355469
0.0885467529296875 -0.01141357421875 0.0166244506835938 0.135520935058594
0.0791397094726563 0.037353515625 -0.0817108154296875 0.20867919921875
0.09478759765625 -0.0945663452148438 0.100700378417969 0.032196044921875
0.0434417724609375 -0.155197143554688 0.0659408569335938 -0.0142326354980469
-0.0707015991210938 -0.130950927734375 -0.00403022766113282 -0.0348739624023438
-0.132347106933594 -0.034881591796875 -0.0442962646484375 0.00886917114257813
-0.110595703125 0.0431900024414063 -0.0269966125488281 0.0414199829101563
-0.06243896484375 0.111976623535156 0.0057525634765625 0.08099365234375
-0.00760650634765625 0.116104125976562 0.0458602905273438 0.0753860473632813
-0.0140914916992187 0.09893798828125 0.0657806396484375 0.0596084594726562
-0.0273361206054687 0.105918884277344 0.0636062622070313 0.0569725036621094
-0.0616607666015625 0.0797576904296875 0.0414695739746094 0.0686759948730469
-0.0814437866210938 0.020263671875 0.0303726196289063 0.061065673828125
-0.0705795288085938 -0.0266342163085937 0.0222892761230469 0.0579147338867187
-0.010162353515625 -0.0724563598632813 0.0277099609375 0.0850601196289062
0.0468978881835938 -0.0675697326660156 0.03399658203125 0.151321411132813
0.0585174560546875 -0.0320358276367188 -0.060546875 0.22076416015625
0.068756103515625 -0.142807006835937 0.122077941894531 0.00774383544921874
0.013641357421875 -0.183578491210938 0.0725555419921875 -0.0266342163085938
-0.0943145751953125 -0.141571044921875 0.0134296417236328 -0.0318355560302734
-0.155563354492188 -0.035552978515625 -0.0125102996826172 -5.1498413085938E-05
-0.128868103027344 0.0570526123046875 0.00150680541992187 0.0099325180053711
-0.066192626953125 0.135208129882812 0.0162773132324219 0.03570556640625
-5.34057617187586E-05 0.136978149414062 0.0371971130371094 0.0266990661621094
-0.00408935546875 0.120452880859375 0.0521774291992188 0.0126838684082031
-0.0130538940429688 0.134017944335938 0.0587806701660156 0.0134696960449219
-0.0521392822265625 0.117294311523438 0.0543403625488281 0.0307121276855469
-0.0950698852539063 0.0596237182617188 0.0526237487792969 0.0317726135253906
-0.106552124023437 0.0024261474609375 0.05218505859375 0.0482559204101563
-0.0643768310546875 -0.0830230712890625 0.0559844970703125 0.0953216552734375
-0.000801086425781241 -0.118865966796875 0.0428314208984375 0.15081787109375
0.028961181640625 -0.0992584228515625 -0.0425872802734375 0.208343505859375
0.029693603515625 -0.17254638671875 0.135055541992188 -0.0284881591796875
-0.028717041015625 -0.184112548828125 0.072998046875 -0.0416259765625
-0.111015319824219 -0.129539489746094 0.0246009826660156 -0.0261611938476563
-0.160446166992187 -0.0212249755859375 0.0207443237304687 -0.00599479675292969
-0.124229431152344 0.0657119750976562 0.0294132232666016 -0.0207710266113281
-0.0586700439453125 0.140609741210938 0.0253009796142578 -0.0148849487304687
0.00895690917968749 0.137916564941406 0.0218486785888672 -0.0244808197021484
0.0076446533203125 0.124588012695313 0.0288906097412109 -0.0334968566894531
0.00431823730468751 0.142501831054688 0.0404548645019531 -0.0337715148925781
-0.0365676879882813 0.134521484375 0.0565681457519531 -0.017242431640625
-0.0952224731445313 0.0868988037109375 0.0689926147460938 -0.00705337524414062
-0.126174926757813 0.0309371948242187 0.0772781372070312 0.0287933349609375
-0.105911254882813 -0.08172607421875 0.0784530639648438 0.087646484375
-0.0461883544921875 -0.147720336914063 0.042510986328125 0.131538391113281
-0.00715637207031251 -0.145111083984375 -0.0290374755859375 0.1712646484375
-0.01922607421875 -0.182388305664063 0.137802124023438 -0.0673828125
-0.07342529296875 -0.160385131835938 0.0654983520507813 -0.0563468933105469
-0.125579833984375 -0.091766357421875 0.0330982208251953 -0.0206470489501953
-0.140159606933594 0.0058135986328125 0.0495223999023438 -0.0142784118652344
-0.0991973876953125 0.0721206665039063 0.0511016845703125 -0.0490150451660156
-0.0361862182617187 0.127471923828125 0.0277366638183594 -0.0613327026367188
0.0197601318359375 0.117279052734375 0.00537109375 -0.072174072265625
0.0185775756835938 0.110679626464844 0.0013885498046875 -0.077239990234375
0.0178070068359375 0.126899719238281 0.0154342651367187 -0.0757980346679687
-0.0184173583984375 0.128829956054688 0.0487594604492188 -0.0639991760253906
-0.0778732299804688 0.0940475463867188 0.0743179321289063 -0.0487747192382812
-0.119216918945313 0.0486984252929687 0.091949462890625 0.00272369384765625
-0.121627807617188 -0.0657577514648438 0.088897705078125 0.0697860717773437
-0.081207275390625 -0.147735595703125 0.0348968505859375 0.0964508056640625
-0.0410308837890625 -0.163406372070313 -0.0221633911132813 0.11529541015625
-0.0632171630859375 -0.166854858398438 0.123138427734375 -0.107139587402344
-0.107322692871094 -0.121192932128906 0.0489082336425781 -0.0691452026367188
-0.123542785644531 -0.0417404174804688 0.0343475341796875 -0.0166149139404297
-0.104400634765625 0.0360260009765625 0.0648117065429688 -0.0223045349121094
-0.0564994812011719 0.0701217651367188 0.0604209899902344 -0.0693626403808594
-0.00615692138671874 0.0972518920898438 0.0248031616210937 -0.0939483642578125
0.0279541015625 0.078399658203125 -0.0162582397460938 -0.103996276855469
0.0251235961914062 0.0793838500976563 -0.0272445678710938 -0.103843688964844
0.0246429443359375 0.0921173095703125 -0.00931549072265624 -0.108871459960938
0.0010528564453125 0.0929183959960938 0.0372695922851562 -0.102012634277344
-0.04644775390625 0.0791244506835938 0.07080078125 -0.0791168212890625
-0.0850982666015625 0.0527877807617188 0.0941162109375 -0.0188369750976563
-0.105239868164063 -0.0353469848632813 0.0849227905273438 0.0466232299804687
-0.0935821533203125 -0.113418579101563 0.0156440734863281 0.055267333984375
-0.0696563720703125 -0.145843505859375 -0.0212783813476563 0.056182861328125
-0.0947265625 -0.132606506347656 0.101470947265625 -0.142379760742188
-0.12139892578125 -0.0724716186523438 0.0279464721679687 -0.083770751953125
-0.105880737304688 0.00569152832031249 0.0242862701416016 -0.0207767486572266
-0.060455322265625 0.0569076538085938 0.0632171630859375 -0.0329933166503906
-0.0122833251953125 0.0601539611816406 0.0510940551757813 -0.0796356201171875
0.0230255126953125 0.0575218200683594 0.00883483886718749 -0.112205505371094
0.0331840515136719 0.0337429046630859 -0.036102294921875 -0.11907958984375
0.0291748046875 0.0356979370117188 -0.050384521484375 -0.1180419921875
0.0273933410644531 0.0417442321777344 -0.0282974243164063 -0.125015258789063
0.0194511413574219 0.0412635803222656 0.0253067016601562 -0.123977661132813
-0.00629806518554687 0.0424957275390625 0.0642852783203125 -0.0931549072265625
-0.0292510986328125 0.0434989929199219 0.0898590087890625 -0.0295257568359375
-0.0650520324707031 0.00344848632812499 0.066802978515625 0.0311279296875
-0.08941650390625 -0.0539016723632813 -0.00643157958984375 0.0243206024169922
-0.0892562866210938 -0.0986557006835938 -0.0303859710693359 0.00639533996582031
-0.105659484863281 -0.0816726684570313 0.0756378173828125 -0.175933837890625
-0.107086181640625 -0.0220260620117187 0.00594329833984374 -0.101455688476562
-0.075714111328125 0.0380401611328125 0.00897598266601562 -0.0321273803710938
-0.0148582458496094 0.0639266967773438 0.0472183227539063 -0.0441970825195312
0.0263557434082031 0.0432701110839844 0.03082275390625 -0.0844802856445312
0.0439071655273438 0.0104331970214844 -0.0118560791015625 -0.114677429199219
0.0301876068115234 -0.0171451568603516 -0.053863525390625 -0.115303039550781
0.0272846221923828 -0.0124053955078125 -0.06622314453125 -0.114028930664062
0.0255889892578125 -0.0150547027587891 -0.0388717651367187 -0.123611450195313
0.0369415283203125 -0.0169410705566406 0.0176315307617188 -0.125030517578125
0.0385971069335938 0.00604629516601563 0.054840087890625 -0.0873031616210938
0.0318622589111328 0.0344314575195313 0.0751876831054688 -0.025482177734375
-0.0200386047363281 0.0479698181152344 0.045074462890625 0.0200386047363281
-0.0781326293945313 0.017608642578125 -0.0275211334228516 0.00741195678710938
-0.103851318359375 -0.0359649658203125 -0.041748046875 -0.0293083190917969
0.100624084472656 -0.04180908203125 0.0674552917480469 0.0337982177734375
0.0521087646484375 -0.1129150390625 0.0459632873535156 -0.0120582580566406
-0.0504379272460938 -0.094207763671875 -0.0269107818603516 -0.0331687927246094
-0.093994140625 -0.0194091796875 -0.0715866088867188 0.0211029052734375
-0.0744781494140625 0.0329818725585938 -0.0479164123535156 0.0691490173339844
-0.0397491455078125 0.0759506225585937 0.0006561279296875 0.113433837890625
-0.0069732666015625 0.07757568359375 0.0501327514648438 0.110183715820313
-0.0157470703125 0.0657577514648438 0.0685806274414063 0.0906600952148438
-0.029083251953125 0.070404052734375 0.0566787719726562 0.087921142578125
-0.0564842224121094 0.0435447692871094 0.0241928100585937 0.09039306640625
-0.0629539489746094 -0.00806808471679686 0.0054473876953125 0.0723495483398438
-0.0371971130371094 -0.0456428527832031 -0.00352859497070312 0.0539970397949219
0.0299720764160156 -0.0616264343261719 0.00292968750000001 0.0691375732421875
0.085968017578125 -0.0268020629882813 0.0186309814453125 0.1373291015625
0.0842208862304688 0.0233688354492188 -0.0792694091796875 0.209304809570313
0.0918731689453125 -0.103103637695312 0.0896224975585937 0.020843505859375
0.0311737060546875 -0.1610107421875 0.0550270080566406 -0.0186424255371094
-0.07989501953125 -0.125991821289063 -0.00814628601074219 -0.0344715118408203
-0.135581970214844 -0.0258712768554688 -0.0456619262695313 0.00876617431640624
-0.107246398925781 0.0524978637695313 -0.0287399291992188 0.0388336181640625
-0.0518875122070312 0.116600036621094 0.00562286376953124 0.0784988403320313
-0.000244140624999996 0.116462707519531 0.0418624877929688 0.0736312866210938
-0.00727844238281249 0.101829528808594 0.0609550476074219 0.0546836853027344
-0.0196914672851562 0.110504150390625 0.0578842163085938 0.052947998046875
-0.0568313598632812 0.0865936279296875 0.0400619506835937 0.0618057250976563
-0.08477783203125 0.0270614624023438 0.0310783386230469 0.0535964965820313
-0.0767364501953125 -0.0244674682617187 0.0262069702148437 0.05230712890625
-0.0165023803710937 -0.07965087890625 0.032745361328125 0.0847015380859375
0.0479049682617188 -0.0797576904296875 0.0364532470703125 0.14990234375
0.0640983581542969 -0.0427513122558594 -0.0556793212890625 0.218658447265625
0.070220947265625 -0.150009155273438 0.111190795898438 -0.00756835937500001
0.0045166015625 -0.1864013671875 0.0620002746582031 -0.0344085693359375
-0.100784301757812 -0.139717102050781 0.00785827636718749 -0.0341320037841797
-0.1580810546875 -0.02716064453125 -0.0155858993530274 -0.00119304656982422
-0.126106262207031 0.0632400512695312 -0.00298070907592774 0.00704336166381836
-0.057769775390625 0.140045166015625 0.0121803283691406 0.0323944091796875
0.00603485107421874 0.13629150390625 0.0290718078613281 0.0256175994873047
0.00213623046875 0.122215270996094 0.0436820983886719 0.0101814270019531
-0.00603485107421875 0.135566711425781 0.0493659973144531 0.00933074951171876
-0.0482406616210938 0.119941711425781 0.0494308471679688 0.0221443176269531
-0.0961990356445313 0.06280517578125 0.0532264709472656 0.022796630859375
-0.109367370605469 0.00371551513671877 0.0567131042480469 0.0407218933105469
-0.0658645629882813 -0.087921142578125 0.0621414184570312 0.0895843505859375
0.000328063964843749 -0.125648498535156 0.0491180419921875 0.14739990234375
0.0334854125976562 -0.104034423828125 -0.0355987548828125 0.204391479492187
0.031402587890625 -0.174652099609375 0.126541137695313 -0.0431365966796875
-0.0314483642578125 -0.184555053710938 0.063446044921875 -0.0519065856933594
-0.115463256835938 -0.127357482910156 0.0202999114990234 -0.031158447265625
-0.159805297851563 -0.0172576904296875 0.0162086486816406 -0.0106945037841797
-0.123054504394531 0.0691909790039062 0.0236015319824219 -0.0265083312988281
-0.05206298828125 0.143112182617188 0.0181350708007812 -0.0183753967285156
0.0119171142578125 0.136817932128906 0.012847900390625 -0.0259418487548828
0.0108108520507813 0.124351501464844 0.0185813903808594 -0.0359649658203125
0.0079193115234375 0.140487670898437 0.0302085876464844 -0.0371971130371094
-0.033477783203125 0.135086059570313 0.0494728088378906 -0.0249137878417969
-0.0943756103515625 0.0884323120117188 0.0655517578125 -0.0168533325195312
-0.125953674316406 0.0305862426757813 0.079193115234375 0.0189666748046875
-0.105903625488281 -0.08453369140625 0.0838241577148438 0.0808792114257813
-0.0458526611328125 -0.150787353515625 0.0500106811523437 0.125503540039063
-0.00163269042968749 -0.146041870117188 -0.0197601318359375 0.166397094726563
-0.015899658203125 -0.176925659179688 0.129745483398438 -0.0835647583007813
-0.0698699951171875 -0.15740966796875 0.0584907531738281 -0.0673027038574219
-0.122123718261719 -0.0909500122070312 0.0290908813476562 -0.027679443359375
-0.138031005859375 0.00579071044921876 0.045196533203125 -0.019561767578125
-0.0983963012695313 0.0695877075195312 0.0443115234375 -0.0543975830078125
-0.0341110229492187 0.125846862792969 0.019866943359375 -0.0644035339355469
0.0180587768554688 0.114662170410156 -0.004852294921875 -0.0712203979492187
0.01824951171875 0.107582092285156 -0.00922393798828126 -0.0749359130859375
0.018524169921875 0.123886108398437 0.006591796875 -0.0788345336914062
-0.0176544189453125 0.124000549316406 0.0400314331054687 -0.0709152221679687
-0.075775146484375 0.0921173095703125 0.0691070556640625 -0.0568466186523437
-0.117378234863281 0.0466766357421875 0.0914535522460938 -0.00742340087890625
-0.118637084960937 -0.0655517578125 0.0919418334960937 0.0598068237304688
-0.0773162841796875 -0.14471435546875 0.0401229858398437 0.0891342163085938
-0.0358428955078125 -0.1585693359375 -0.0119705200195312 0.111335754394531
-0.0614013671875 -0.156326293945313 0.120376586914062 -0.120864868164063
-0.100494384765625 -0.112823486328125 0.0450668334960937 -0.0793075561523438
-0.11590576171875 -0.0401992797851562 0.0307540893554687 -0.0250720977783203
-0.098480224609375 0.0320968627929688 0.061553955078125 -0.0294952392578125
-0.0554962158203125 0.0649986267089844 0.0533905029296875 -0.0751876831054688
-0.00732421875000001 0.092193603515625 0.0149917602539062 -0.09771728515625
0.0228805541992188 0.0761337280273437 -0.024017333984375 -0.102691650390625
0.0226287841796875 0.074798583984375 -0.0351028442382813 -0.101676940917969
0.0224533081054688 0.0870819091796875 -0.0176467895507812 -0.109321594238281
-0.00126647949218749 0.08721923828125 0.0277328491210937 -0.106956481933594
-0.045806884765625 0.0730743408203125 0.06463623046875 -0.085479736328125
-0.0802459716796875 0.0472183227539063 0.0922164916992188 -0.0284194946289062
-0.0990066528320313 -0.035980224609375 0.0862274169921875 0.0377426147460938
-0.0875778198242187 -0.1068115234375 0.0211143493652344 0.0503883361816406
-0.0637283325195313 -0.135017395019531 -0.0112075805664063 0.0537681579589844
-0.0932769775390625 -0.1180419921875 0.100006103515625 -0.154220581054687
-0.112785339355469 -0.059478759765625 0.02685546875 -0.0910415649414063
-0.0959930419921875 0.008209228515625 0.0226593017578125 -0.0265865325927734
-0.05181884765625 0.052154541015625 0.0588912963867188 -0.0381317138671875
-0.00952529907226563 0.0536308288574219 0.0466232299804688 -0.0855636596679688
0.0194969177246094 0.0494766235351562 0.00343322753906251 -0.113494873046875
0.0250968933105469 0.0284595489501953 -0.0430831909179687 -0.117218017578125
0.0224895477294922 0.0314502716064453 -0.0557022094726562 -0.114936828613281
0.0211524963378906 0.0367927551269531 -0.0345611572265625 -0.12384033203125
0.0122299194335938 0.0355148315429688 0.0172271728515625 -0.126716613769531
-0.0069427490234375 0.0362396240234375 0.0594253540039063 -0.0975570678710938
-0.026275634765625 0.0358810424804688 0.0859909057617188 -0.0362701416015625
-0.0565948486328125 0.00320816040039063 0.0695724487304688 0.0233917236328125
-0.080535888671875 -0.046112060546875 -0.00103569030761719 0.0212059020996094
-0.083770751953125 -0.0855560302734375 -0.0171604156494141 0.00697708129882812
-0.106307983398438 -0.0657577514648438 0.0749664306640625 -0.182281494140625
-0.103233337402344 -0.00893402099609377 0.00730895996093749 -0.106666564941406
-0.0675048828125 0.0437774658203125 0.00555992126464843 -0.0345191955566406
-0.00548171997070313 0.0600967407226562 0.0429801940917969 -0.0461692810058594
0.0299968719482422 0.0347862243652344 0.0261001586914063 -0.0832748413085938
0.0401420593261719 0.00264358520507813 -0.0155258178710938 -0.111434936523438
0.0228347778320313 -0.0210895538330078 -0.0564498901367187 -0.111923217773438
0.0192432403564453 -0.0158042907714844 -0.0678558349609375 -0.109748840332031
0.0171585083007813 -0.0186023712158203 -0.0426483154296875 -0.120780944824219
0.0274486541748047 -0.0242996215820313 0.0127410888671875 -0.124870300292969
0.0360870361328125 -0.00506591796875 0.0523300170898438 -0.0904159545898438
0.0325393676757813 0.0245456695556641 0.0748748779296875 -0.0315017700195313
-0.00931167602539063 0.0455284118652344 0.0478363037109375 0.0175819396972656
-0.0670127868652344 0.0262489318847656 -0.0204620361328125 0.00478744506835938
-0.0973739624023437 -0.0220184326171875 -0.0293750762939453 -0.0241203308105469
0.0947647094726563 -0.0509872436523438 0.0546646118164063 0.0310592651367187
0.040557861328125 -0.11383056640625 0.0373954772949219 -0.0103683471679688
-0.0566482543945313 -0.0879135131835937 -0.0286865234375 -0.0307235717773438
-0.0935516357421875 -0.0107955932617188 -0.0702972412109375 0.021697998046875
-0.0696258544921875 0.0389251708984375 -0.048126220703125 0.0676918029785156
-0.0310821533203125 0.0783462524414063 2.28881835937449E-05 0.111434936523437
0.000419616699218747 0.0772781372070313 0.0475616455078125 0.108901977539063
-0.00908279418945313 0.0667686462402344 0.0653152465820313 0.088348388671875
-0.0204238891601563 0.072662353515625 0.0527496337890625 0.0856857299804688
-0.0519828796386719 0.04925537109375 0.0204238891601563 0.0873870849609375
-0.0640716552734375 -0.00119781494140624 0.00531768798828124 0.0687370300292969
-0.0423469543457031 -0.04254150390625 -0.00124359130859375 0.0507392883300781
0.0228309631347656 -0.0657997131347656 0.00571441650390625 0.0705490112304688
0.0808639526367188 -0.0378494262695313 0.0179214477539062 0.137916564941406
0.0839691162109375 0.0123443603515625 -0.080841064453125 0.208236694335938
0.0900192260742188 -0.109970092773438 0.0755691528320312 0.015380859375
0.0231781005859375 -0.161529541015625 0.0460586547851563 -0.0193252563476563
-0.0841903686523437 -0.121307373046875 -0.0119342803955078 -0.0337276458740235
-0.134124755859375 -0.0183181762695312 -0.0464630126953125 0.00893402099609376
-0.103431701660156 0.0562362670898437 -0.0314521789550781 0.0373573303222656
-0.04449462890625 0.118179321289063 0.00234222412109375 0.0760498046875
0.00524902343750001 0.115501403808594 0.0367050170898438 0.0728836059570313
-0.0022735595703125 0.10125732421875 0.0538902282714844 0.0543251037597656
-0.0129013061523438 0.112136840820313 0.0509719848632813 0.0511741638183594
-0.053466796875 0.0902328491210938 0.0344619750976562 0.0569038391113281
-0.0868682861328125 0.0320663452148438 0.0298805236816406 0.0469245910644531
-0.0803909301757812 -0.0231246948242188 0.0283241271972656 0.0468788146972656
-0.020751953125 -0.0840835571289063 0.0355224609375 0.0830612182617188
0.0462799072265625 -0.090057373046875 0.037017822265625 0.148178100585938
0.0681495666503906 -0.0511474609375 -0.0561676025390625 0.215301513671875
0.0713958740234375 -0.154067993164063 0.0974273681640625 -0.0151214599609375
0.000488281249999997 -0.187332153320313 0.0519332885742188 -0.0360832214355469
-0.103080749511719 -0.137535095214844 0.00305747985839843 -0.0339031219482422
-0.15692138671875 -0.023223876953125 -0.0181751251220703 -0.00287246704101563
-0.123573303222656 0.0652847290039062 -0.00813531875610352 0.00426578521728516
-0.0528182983398438 0.140388488769531 0.00693893432617187 0.0308113098144531
0.0085906982421875 0.136116027832031 0.0218410491943359 0.0263271331787109
0.00428771972656251 0.121559143066406 0.0342960357666016 0.0110645294189453
-0.002044677734375 0.135910034179688 0.0403633117675781 0.00830459594726563
-0.0473251342773438 0.121269226074219 0.0421066284179688 0.0176620483398438
-0.0977249145507813 0.0648651123046875 0.0493927001953125 0.0157546997070313
-0.111686706542969 0.00250244140625002 0.0569915771484375 0.0335731506347656
-0.0675430297851563 -0.0931015014648438 0.0646286010742187 0.0857772827148438
0.00176239013671876 -0.132804870605469 0.0490264892578125 0.143035888671875
0.03973388671875 -0.109832763671875 -0.0334014892578125 0.197860717773438
0.037139892578125 -0.175262451171875 0.114356994628906 -0.0525436401367188
-0.029571533203125 -0.185348510742188 0.0548477172851562 -0.0557594299316406
-0.114799499511719 -0.128585815429688 0.0148067474365234 -0.0332431793212891
-0.158523559570312 -0.0169677734375 0.0124034881591797 -0.0135259628295898
-0.122772216796875 0.0688629150390625 0.0173492431640625 -0.0290813446044922
-0.0502777099609375 0.14227294921875 0.0110073089599609 -0.0191688537597656
0.0117645263671875 0.135704040527344 0.00472450256347656 -0.0242729187011719
0.0108108520507812 0.123550415039062 0.00981903076171875 -0.033355712890625
0.00850677490234374 0.139808654785156 0.0216178894042969 -0.0367317199707031
-0.0342254638671875 0.134086608886719 0.0404739379882813 -0.0286064147949219
-0.0960006713867187 0.0866165161132813 0.0609893798828125 -0.0231132507324219
-0.126350402832031 0.0272064208984375 0.0784225463867187 0.0109481811523438
-0.104408264160156 -0.0889205932617187 0.0848159790039063 0.0736312866210938
-0.0416259765625 -0.1551513671875 0.051910400390625 0.118812561035156
0.0061492919921875 -0.14776611328125 -0.015625 0.158554077148438
-0.00794982910156251 -0.17327880859375 0.121696472167969 -0.0924911499023438
-0.063720703125 -0.156295776367187 0.0518875122070312 -0.0728530883789063
-0.116630554199219 -0.0929641723632812 0.0236721038818359 -0.0311412811279297
-0.136192321777344 0.00118255615234378 0.039886474609375 -0.0238113403320312
-0.0982131958007812 0.066436767578125 0.0381546020507812 -0.0573272705078125
-0.0361557006835938 0.122840881347656 0.013397216796875 -0.0647087097167969
0.0146713256835938 0.114631652832031 -0.0126419067382813 -0.068817138671875
0.014862060546875 0.106864929199219 -0.0163803100585937 -0.07244873046875
0.0151519775390625 0.122200012207031 -0.00166320800781249 -0.0777740478515625
-0.020263671875 0.120964050292969 0.0315475463867188 -0.0736541748046875
-0.0782470703125 0.0878448486328125 0.0635604858398438 -0.0614356994628906
-0.115447998046875 0.0413284301757813 0.0890350341796875 -0.0144500732421875
-0.113922119140625 -0.0700454711914063 0.0917892456054687 0.0525588989257812
-0.0709228515625 -0.145462036132813 0.0416717529296875 0.081695556640625
-0.026611328125 -0.155197143554688 -0.005706787109375 0.104606628417969
-0.0515289306640625 -0.149093627929687 0.117073059082031 -0.128890991210938
-0.0903396606445312 -0.108474731445313 0.0421676635742187 -0.08612060546875
-0.107551574707031 -0.0426864624023438 0.0260086059570312 -0.0288543701171875
-0.0947494506835938 0.02545166015625 0.0567283630371094 -0.0330085754394531
-0.0571746826171875 0.0589752197265625 0.0479202270507813 -0.0774307250976562
-0.0120086669921875 0.08819580078125 0.00948333740234375 -0.0971527099609375
0.01690673828125 0.07586669921875 -0.0295028686523437 -0.0998382568359375
0.01666259765625 0.0741729736328125 -0.0400543212890625 -0.0992813110351562
0.0167312622070313 0.0850448608398438 -0.02288818359375 -0.107002258300781
-0.00761413574218749 0.083648681640625 0.0209503173828125 -0.108222961425781
-0.04876708984375 0.0663604736328125 0.05963134765625 -0.0879745483398438
-0.0780715942382813 0.0398025512695312 0.0894775390625 -0.0334625244140625
-0.0916824340820312 -0.0399551391601563 0.084320068359375 0.0311203002929687
-0.0783538818359375 -0.105400085449219 0.0233955383300781 0.0436172485351563
-0.05303955078125 -0.129371643066406 -0.00335693359375001 0.0487251281738281
-0.0852890014648438 -0.10845947265625 0.100814819335938 -0.160247802734375
-0.10235595703125 -0.0542755126953125 0.0276107788085937 -0.0975112915039063
-0.0869598388671875 0.00716400146484375 0.0189762115478516 -0.0307102203369141
-0.0453948974609375 0.0453681945800781 0.0560455322265625 -0.0412406921386719
-0.0109939575195312 0.0460586547851563 0.04229736328125 -0.0851211547851563
0.013580322265625 0.043487548828125 -0.00113677978515625 -0.112350463867187
0.0176029205322266 0.0276107788085937 -0.0443496704101562 -0.11370849609375
0.0166473388671875 0.0307540893554687 -0.0568466186523438 -0.111091613769531
0.0139541625976563 0.0357551574707031 -0.0375823974609375 -0.1219482421875
0.00504493713378907 0.0305595397949219 0.01287841796875 -0.125587463378906
-0.0115261077880859 0.0282020568847656 0.0553207397460938 -0.0976409912109375
-0.0247516632080078 0.0275821685791016 0.0831985473632813 -0.0392608642578125
-0.0480461120605469 -0.00235366821289063 0.0666923522949219 0.0183181762695313
-0.0693321228027344 -0.0423812866210937 0.00316143035888671 0.0158367156982422
-0.07244873046875 -0.077728271484375 -0.00714254379272461 0.00403642654418945
-0.102912902832031 -0.0550155639648438 0.0773468017578125 -0.185089111328125
-0.0946807861328125 -0.00179290771484374 0.00885772705078124 -0.111480712890625
-0.0579910278320313 0.0458984375 0.00272369384765625 -0.0379981994628906
0.000762939453124999 0.0546226501464844 0.0401191711425781 -0.0473670959472656
0.0303840637207031 0.026611328125 0.0243911743164063 -0.0815887451171875
0.0339279174804688 -0.00363349914550781 -0.015716552734375 -0.108390808105469
0.0146942138671875 -0.0224704742431641 -0.0545196533203125 -0.109146118164063
0.0132942199707031 -0.0163612365722656 -0.0655593872070313 -0.106651306152344
0.009307861328125 -0.0189609527587891 -0.0422592163085938 -0.120018005371094
0.018524169921875 -0.0271835327148438 0.0112991333007813 -0.124763488769531
0.0308418273925781 -0.0120792388916016 0.0507278442382813 -0.0898284912109375
0.0333175659179688 0.0154209136962891 0.0732879638671875 -0.0330352783203125
-0.00119400024414063 0.0408172607421875 0.0469551086425781 0.0141334533691406
-0.0556793212890625 0.0291099548339844 -0.0138864517211914 0.00163936614990234
-0.0865859985351563 -0.0129776000976563 -0.0170307159423828 -0.0234279632568359
0.0912246704101563 -0.0557708740234375 0.042327880859375 0.0315055847167969
0.0335845947265625 -0.114212036132813 0.0313091278076172 -0.00753784179687501
-0.0598526000976563 -0.0836410522460937 -0.0292377471923828 -0.0295810699462891
-0.0921173095703125 -0.00559234619140623 -0.0701942443847656 0.0210380554199219
-0.0664138793945312 0.0416259765625 -0.0505485534667969 0.0664405822753906
-0.0247650146484375 0.07916259765625 -0.00273895263671875 0.111183166503906
0.00490570068359375 0.0772476196289062 0.0436553955078125 0.111045837402344
-0.00494003295898438 0.0669097900390625 0.0604095458984375 0.0906753540039062
-0.0150909423828125 0.0736846923828125 0.0484848022460937 0.08782958984375
-0.0483474731445313 0.05322265625 0.0153884887695312 0.0874862670898438
-0.0651512145996094 0.00415039062500001 0.00307083129882812 0.0660247802734375
-0.0460052490234375 -0.0400009155273438 -0.0011138916015625 0.0491943359375
0.0176010131835938 -0.0691909790039062 0.00658416748046875 0.0729598999023438
0.0767288208007813 -0.044647216796875 0.014434814453125 0.141067504882813
0.08441162109375 0.004730224609375 -0.0889434814453125 0.208816528320313
0.09130859375 -0.115631103515625 0.0624923706054688 0.0142173767089844
0.019317626953125 -0.163558959960937 0.0384979248046875 -0.0174217224121094
-0.0860366821289062 -0.120170593261719 -0.0141983032226563 -0.0326995849609375
-0.133430480957031 -0.0155181884765625 -0.0481719970703125 0.00762939453124999
-0.102653503417969 0.0580291748046875 -0.0352935791015625 0.0354118347167969
-0.0411834716796875 0.118537902832031 -0.00201416015625001 0.0766754150390625
0.00752258300781251 0.115707397460938 0.0310516357421875 0.0762710571289063
-0.000373840332031254 0.102310180664063 0.0479087829589844 0.0569000244140625
-0.00985717773437501 0.113815307617188 0.0446891784667969 0.0533103942871094
-0.0524444580078125 0.0935821533203125 0.0277481079101562 0.05670166015625
-0.0894775390625 0.0351715087890625 0.0261993408203125 0.0441131591796875
-0.0846939086914063 -0.0238494873046875 0.0279273986816406 0.0432662963867188
-0.0239028930664063 -0.0903472900390625 0.0362091064453125 0.0834197998046875
0.0457229614257812 -0.0977706909179688 0.0339508056640625 0.14990234375
0.07220458984375 -0.0590667724609375 -0.0632781982421875 0.213623046875
0.077117919921875 -0.158477783203125 0.0855255126953125 -0.017059326171875
0.00141906738281249 -0.191024780273438 0.0440521240234375 -0.03546142578125
-0.103729248046875 -0.139808654785156 -0.00083160400390626 -0.0348167419433594
-0.157669067382813 -0.02374267578125 -0.0208225250244141 -0.00446510314941407
-0.125106811523438 0.065460205078125 -0.0128774642944336 0.00268268585205078
-0.0521240234375 0.140579223632813 0.00149726867675781 0.0312557220458984
0.00857543945312501 0.137809753417969 0.0155601501464844 0.0293483734130859
0.00399017333984375 0.123359680175781 0.0276908874511719 0.0140533447265625
-0.00214385986328124 0.138160705566406 0.0338516235351563 0.0099163055419922
-0.0485992431640625 0.123626708984375 0.0346412658691406 0.0161876678466797
-0.102424621582031 0.0654754638671875 0.0460433959960937 0.0122222900390625
-0.116233825683594 -0.000205993652343773 0.056060791015625 0.0295639038085938
-0.0689239501953125 -0.101203918457031 0.0651016235351563 0.0839080810546875
0.00410461425781249 -0.141815185546875 0.0473480224609375 0.142364501953125
0.0482177734375 -0.117134094238281 -0.03802490234375 0.195037841796875
0.0467987060546875 -0.178939819335937 0.105606079101563 -0.0563430786132813
-0.024810791015625 -0.190170288085938 0.0481414794921875 -0.0572090148925781
-0.112678527832031 -0.133567810058594 0.0106105804443359 -0.0344791412353516
-0.15966796875 -0.0206451416015625 0.00892925262451171 -0.0151958465576172
-0.125740051269531 0.0675201416015625 0.0116119384765625 -0.0303630828857422
-0.0526275634765625 0.141738891601563 0.00578117370605468 -0.0185947418212891
0.00861358642578124 0.137672424316406 -0.000936508178710936 -0.0209522247314453
0.00750732421875 0.12530517578125 0.00313568115234375 -0.0302505493164062
0.00569152832031249 0.1417236328125 0.0152511596679688 -0.0356216430664062
-0.0384292602539063 0.134918212890625 0.0338039398193359 -0.0297565460205078
-0.101219177246094 0.085174560546875 0.0571403503417969 -0.026947021484375
-0.130340576171875 0.0220565795898438 0.0770416259765625 0.00608062744140625
-0.103347778320313 -0.0974273681640625 0.0852737426757813 0.0710601806640625
-0.03631591796875 -0.162887573242188 0.0506591796875 0.116035461425781
0.0173187255859375 -0.153091430664063 -0.017486572265625 0.154006958007813
0.00410461425781251 -0.174942016601563 0.117500305175781 -0.0971908569335938
-0.0548248291015625 -0.1614990234375 0.0470809936523438 -0.0762557983398438
-0.112777709960937 -0.101119995117188 0.0195274353027344 -0.0332660675048828
-0.13720703125 -0.00539398193359375 0.0357398986816406 -0.0254478454589844
-0.10333251953125 0.0625762939453125 0.0337753295898437 -0.058837890625
-0.0406112670898437 0.122688293457031 0.00920867919921875 -0.0644378662109375
0.00885772705078124 0.116744995117187 -0.0172958374023437 -0.0661239624023437
0.010498046875 0.109100341796875 -0.0209007263183594 -0.0698509216308594
0.0099334716796875 0.123687744140625 -0.0061492919921875 -0.0765762329101562
-0.0261306762695313 0.12091064453125 0.02618408203125 -0.0743942260742188
-0.0843658447265625 0.0846710205078125 0.0602607727050781 -0.0644073486328125
-0.118125915527344 0.0345611572265625 0.0871963500976562 -0.0190277099609375
-0.110511779785156 -0.0787429809570313 0.0909576416015625 0.0489120483398437
-0.0631256103515625 -0.151519775390625 0.0418243408203125 0.077606201171875
-0.0144500732421875 -0.15826416015625 -0.00446319580078125 0.0992965698242187
-0.0398406982421875 -0.148101806640625 0.116943359375 -0.134574890136719
-0.0802459716796875 -0.112480163574219 0.0404510498046875 -0.0913162231445312
-0.101554870605469 -0.050323486328125 0.0225467681884766 -0.0321788787841797
-0.0950088500976563 0.0172119140625 0.0528450012207031 -0.0347785949707031
-0.061859130859375 0.0535812377929688 0.044647216796875 -0.0782546997070313
-0.0185470581054687 0.0862884521484375 0.00672149658203125 -0.0971908569335938
0.0102386474609375 0.0782470703125 -0.0317840576171875 -0.098876953125
0.0115509033203125 0.0760574340820313 -0.04229736328125 -0.0978546142578125
0.0100860595703125 0.08709716796875 -0.0253448486328125 -0.106986999511719
-0.0142974853515625 0.0830001831054688 0.0174560546875 -0.108970642089844
-0.0550498962402344 0.0612754821777344 0.0573959350585938 -0.089996337890625
-0.0805282592773438 0.03173828125 0.0877914428710938 -0.0362930297851563
-0.0871658325195313 -0.047943115234375 0.0822830200195313 0.028106689453125
-0.0689010620117188 -0.109085083007813 0.0239524841308594 0.0387229919433594
-0.0399932861328125 -0.129570007324219 0.00177383422851562 0.0432281494140625
-0.075958251953125 -0.104850769042969 0.104949951171875 -0.1654052734375
-0.0922317504882813 -0.0552597045898438 0.028656005859375 -0.103691101074219
-0.0802001953125 0.00238037109374998 0.0161800384521484 -0.0339298248291016
-0.0441093444824219 0.0377311706542969 0.0540199279785156 -0.0420036315917969
-0.014129638671875 0.0395965576171875 0.0413970947265625 -0.0851287841796875
0.006317138671875 0.041015625 -0.00159454345703124 -0.112007141113281
0.0107192993164063 0.0288639068603516 -0.0431747436523437 -0.113761901855469
0.0106086730957031 0.0323066711425781 -0.0570831298828125 -0.110870361328125
0.00693893432617188 0.0365562438964844 -0.037811279296875 -0.122314453125
-0.00330352783203125 0.0294208526611328 0.0123062133789062 -0.126693725585938
-0.0169906616210938 0.0224170684814453 0.0543060302734375 -0.098602294921875
-0.0263576507568359 0.0198402404785156 0.082733154296875 -0.040802001953125
-0.0427322387695313 -0.00900268554687499 0.0656318664550781 0.0157661437988281
-0.0592803955078125 -0.0444183349609375 0.00527381896972656 0.0111446380615234
-0.0607986450195313 -0.0761489868164063 0.00163221359252929 -0.000588893890380864
-0.0977706909179688 -0.0495452880859375 0.0849151611328125 -0.189682006835938
-0.0870819091796875 0.000556945800781259 0.0116806030273437 -0.117645263671875
-0.0513153076171875 0.0451126098632812 0.000831604003906248 -0.0399589538574219
0.00452423095703125 0.0492973327636719 0.0382957458496094 -0.0471534729003906
0.0289134979248047 0.0207195281982422 0.025177001953125 -0.0804214477539063
0.0281276702880859 -0.00701332092285156 -0.01409912109375 -0.107856750488281
0.00871658325195313 -0.0221500396728516 -0.0514602661132813 -0.110176086425781
0.00779151916503906 -0.0155801773071289 -0.0631790161132813 -0.107757568359375
0.00272941589355469 -0.0183391571044922 -0.0401535034179687 -0.121360778808594
0.0106773376464844 -0.0284194946289063 0.012603759765625 -0.125999450683594
0.0253486633300781 -0.0173473358154297 0.0522918701171875 -0.0897750854492188
0.03192138671875 0.00858497619628906 0.07342529296875 -0.0331039428710938
0.00397872924804687 0.03558349609375 0.0463333129882813 0.0123939514160156
-0.0464973449707031 0.0286293029785156 -0.00961971282958985 -0.00224971771240234
-0.0771865844726563 -0.0098876953125 -0.00492477416992188 -0.026275634765625
0.0902023315429688 -0.0612106323242188 0.0318641662597656 0.0355224609375
0.0285720825195313 -0.11651611328125 0.0262203216552734 -0.00409126281738282
-0.0637054443359375 -0.0823974609375 -0.0308361053466797 -0.0293807983398438
-0.093017578125 -0.00205993652343748 -0.0726776123046875 0.0210189819335938
-0.0654678344726563 0.0454292297363281 -0.0550689697265625 0.0679054260253906
-0.0198898315429688 0.0806045532226563 -0.00591278076171876 0.115150451660156
0.00927734375 0.0785598754882813 0.0413284301757813 0.117317199707031
-0.00131225585937501 0.0687217712402344 0.0582809448242188 0.09649658203125
-0.00986480712890625 0.0761260986328125 0.0452880859375 0.0933990478515625
-0.0460281372070313 0.0574798583984375 0.0106430053710938 0.0911178588867188
-0.0673866271972656 0.00869750976562499 -0.000286102294921875 0.06695556640625
-0.050628662109375 -0.0391845703125 -0.00168991088867188 0.048583984375
0.0131149291992188 -0.0727920532226563 0.00760650634765625 0.0764694213867188
0.0746612548828125 -0.0516586303710938 0.0114898681640625 0.14923095703125
0.085540771484375 -0.00165557861328125 -0.10009765625 0.2171630859375
0.0951995849609375 -0.123619079589844 0.0523834228515625 0.0168685913085937
0.0174713134765625 -0.169769287109375 0.0324916839599609 -0.0146369934082031
-0.0890045166015625 -0.123207092285156 -0.0162467956542969 -0.0330085754394531
-0.136054992675781 -0.0147781372070312 -0.0510101318359375 0.00661468505859375
-0.104545593261719 0.0606765747070312 -0.0407333374023438 0.0361213684082031
-0.0389175415039063 0.121536254882813 -0.00641632080078126 0.0789794921875
0.00974273681640626 0.119606018066406 0.0275802612304688 0.08245849609375
0.00131988525390624 0.106193542480469 0.0442733764648437 0.0625419616699219
-0.00753021240234375 0.118309020996094 0.0409812927246094 0.0578460693359375
-0.0533599853515625 0.0990753173828125 0.0224609375 0.0597610473632813
-0.0944976806640625 0.039031982421875 0.0234909057617187 0.0430526733398438
-0.0912017822265625 -0.0250701904296875 0.0278167724609375 0.0418281555175781
-0.0283126831054687 -0.0983200073242188 0.0380783081054687 0.0859832763671875
0.0461654663085937 -0.108970642089844 0.032135009765625 0.155838012695313
0.07830810546875 -0.0683975219726562 -0.07305908203125 0.219284057617188
0.084442138671875 -0.1685791015625 0.0770034790039063 -0.0170211791992188
0.00218200683593752 -0.199417114257813 0.0388336181640625 -0.0341529846191406
-0.10577392578125 -0.147018432617188 -0.00362586975097657 -0.0346736907958984
-0.162612915039063 -0.0256195068359375 -0.0242805480957031 -0.00539016723632813
-0.129898071289063 0.0671768188476563 -0.018463134765625 0.00216484069824219
-0.0536346435546875 0.144683837890625 -0.00389289855957032 0.0324020385742188
0.008087158203125 0.143768310546875 0.0110034942626953 0.0348854064941406
0.00302124023437501 0.128883361816406 0.0230255126953125 0.0191116333007813
-0.00238037109375 0.144332885742187 0.0286369323730469 0.0130748748779297
-0.0515518188476563 0.129501342773437 0.0291767120361328 0.0174140930175781
-0.109588623046875 0.0686264038085937 0.0431594848632812 0.009552001953125
-0.124465942382812 -0.00335693359374998 0.0562019348144531 0.0268363952636719
-0.0723800659179688 -0.111869812011719 0.0670318603515625 0.0855484008789063
0.00669860839843749 -0.154312133789063 0.0459747314453125 0.145767211914063
0.0571136474609375 -0.127388000488281 -0.045074462890625 0.198211669921875
0.057525634765625 -0.188583374023437 0.10009765625 -0.0593948364257813
-0.02020263671875 -0.201065063476563 0.043182373046875 -0.0580940246582031
-0.11480712890625 -0.144454956054688 0.0074310302734375 -0.0354461669921875
-0.165878295898437 -0.0256805419921875 0.00586795806884765 -0.0163259506225586
-0.133956909179688 0.0673675537109375 0.00744438171386718 -0.0316677093505859
-0.0576171875 0.1463623046875 0.00156402587890625 -0.0181102752685547
0.006134033203125 0.145339965820312 -0.00573348999023438 -0.0175256729125976
0.00547027587890626 0.132133483886719 -0.00102043151855469 -0.0269184112548828
0.0027923583984375 0.149215698242188 0.0104770660400391 -0.0344944000244141
-0.04376220703125 0.140655517578125 0.0289497375488281 -0.0308761596679687
-0.109710693359375 0.0869674682617188 0.0554237365722656 -0.0301704406738281
-0.138710021972656 0.0178298950195312 0.0772933959960938 0.00360870361328125
-0.105857849121094 -0.109390258789063 0.0869598388671875 0.0707550048828125
-0.0326690673828125 -0.176132202148438 0.04925537109375 0.117103576660156
0.0278167724609375 -0.164306640625 -0.02099609375 0.154067993164063
0.015838623046875 -0.183807373046875 0.1163330078125 -0.102813720703125
-0.0483856201171875 -0.172256469726563 0.0444183349609375 -0.0807418823242188
-0.113227844238281 -0.11322021484375 0.0158348083496094 -0.0348300933837891
-0.143508911132812 -0.013397216796875 0.0338554382324219 -0.0271625518798828
-0.111900329589844 0.0610733032226563 0.0311203002929688 -0.0607948303222656
-0.0475692749023437 0.125709533691406 0.00521469116210937 -0.0656051635742187
0.00473022460937501 0.124107360839844 -0.0205802917480469 -0.0654983520507812
0.00641632080078124 0.114921569824219 -0.0250587463378906 -0.0689888000488281
0.00525665283203125 0.130828857421875 -0.010498046875 -0.077545166015625
-0.03363037109375 0.125656127929687 0.0222930908203125 -0.0764617919921875
-0.0936203002929688 0.0846633911132813 0.0590629577636719 -0.0679283142089844
-0.126045227050781 0.0284957885742188 0.0880813598632812 -0.0218276977539062
-0.1119384765625 -0.0903396606445313 0.0916671752929688 0.0484161376953125
-0.0579376220703125 -0.163864135742188 0.0407638549804688 0.0759048461914062
-0.0023345947265625 -0.167343139648438 -0.00405883789062501 0.09600830078125
-0.028839111328125 -0.153701782226563 0.120574951171875 -0.142745971679688
-0.07269287109375 -0.120491027832031 0.0396041870117188 -0.0984573364257813
-0.0998153686523438 -0.0604782104492187 0.0195693969726562 -0.0343475341796875
-0.0986404418945313 0.00895690917968749 0.0518341064453125 -0.0370025634765625
-0.0702095031738281 0.051055908203125 0.044189453125 -0.0808563232421875
-0.0263519287109375 0.0882110595703125 0.00519561767578124 -0.0997390747070312
0.00408935546875 0.0842437744140625 -0.0338363647460937 -0.100776672363281
0.00627899169921874 0.0810775756835938 -0.0447463989257813 -0.0996322631835938
0.0042572021484375 0.09271240234375 -0.0279693603515625 -0.11029052734375
-0.0227737426757813 0.0858993530273438 0.0155792236328125 -0.11236572265625
-0.0635185241699219 0.0590438842773438 0.0579452514648438 -0.093994140625
-0.086151123046875 0.025543212890625 0.089385986328125 -0.0388717651367188
-0.0857620239257812 -0.0579757690429688 0.0825576782226563 0.0264358520507813
-0.0624237060546875 -0.117935180664063 0.0238075256347656 0.0354461669921875
-0.0287322998046875 -0.135978698730469 0.00589752197265625 0.0389366149902344
-0.0687637329101563 -0.106727600097656 0.113433837890625 -0.174697875976563
-0.0856399536132813 -0.0592117309570313 0.0298919677734375 -0.112762451171875
-0.0767669677734375 -0.00380706787109375 0.0142021179199219 -0.0369453430175781
-0.0448837280273438 0.0306854248046875 0.0535125732421875 -0.0437431335449219
-0.0192832946777344 0.0361289978027344 0.042633056640625 -0.0872802734375
-0.000495910644531246 0.0409622192382813 -0.00153350830078125 -0.115104675292969
0.00417518615722656 0.0326099395751953 -0.0437850952148438 -0.118095397949219
0.00499343872070313 0.0355682373046875 -0.0576324462890625 -0.1151123046875
0.000701904296875001 0.0407562255859375 -0.037994384765625 -0.127723693847656
-0.0109844207763672 0.0306015014648438 0.0127639770507813 -0.130897521972656
-0.024444580078125 0.0196723937988281 0.0567398071289062 -0.102348327636719
-0.0302028656005859 0.0132808685302734 0.0849838256835938 -0.0421218872070313
-0.040008544921875 -0.0167160034179687 0.0663299560546875 0.0143394470214844
-0.05230712890625 -0.0497093200683594 0.0062103271484375 0.00685024261474609
-0.0513153076171875 -0.0788040161132813 0.00969219207763672 -0.00558757781982422
-0.094940185546875 -0.0469131469726562 0.0953216552734375 -0.199142456054688
-0.0821914672851563 0.00139617919921876 0.0151748657226562 -0.126564025878906
-0.0474891662597656 0.0447158813476563 -0.000804901123046876 -0.0427322387695313
0.00695419311523438 0.0448646545410156 0.0389785766601563 -0.0484199523925781
0.0273628234863281 0.0169315338134766 0.0277633666992188 -0.081329345703125
0.0234622955322266 -0.00916862487792969 -0.0115203857421875 -0.111404418945313
0.00353813171386719 -0.0215549468994141 -0.0496444702148438 -0.116065979003906
0.00346660614013672 -0.0153865814208984 -0.0615158081054688 -0.113601684570313
-0.00222873687744141 -0.0170221328735352 -0.03912353515625 -0.127243041992188
0.004180908203125 -0.0287361145019531 0.0149917602539062 -0.131263732910156
0.0205802917480469 -0.0219211578369141 0.0557479858398438 -0.0931015014648438
0.0304985046386719 0.00315284729003906 0.0761947631835938 -0.0340118408203125
0.00807762145996094 0.03076171875 0.046875 0.0120353698730469
-0.0398445129394531 0.0282821655273438 -0.00708389282226563 -0.00728797912597656
-0.0708465576171875 -0.00862884521484376 0.00546073913574218 -0.0310802459716797
0.089813232421875 -0.0689315795898438 0.0228729248046875 0.0417137145996094
0.0222396850585937 -0.121932983398438 0.0231781005859375 0.000331878662109368
-0.06927490234375 -0.081695556640625 -0.0331630706787109 -0.0288028717041016
-0.09521484375 0.00306701660156252 -0.076385498046875 0.0225143432617187
-0.065032958984375 0.0510520935058594 -0.05926513671875 0.0718994140625
-0.014556884765625 0.0839309692382812 -0.00751495361328124 0.122512817382813
0.0149917602539062 0.0816268920898437 0.0430831909179688 0.12628173828125
0.00379943847656249 0.071533203125 0.0596542358398438 0.10455322265625
-0.00463867187500001 0.0799026489257813 0.0463790893554687 0.101051330566406
-0.0434188842773438 0.0642204284667969 0.00868225097656249 0.0982666015625
-0.0698585510253906 0.0149650573730469 -0.0016937255859375 0.0695533752441406
-0.0567512512207031 -0.0376777648925781 -0.00167083740234375 0.0499534606933594
0.00707244873046875 -0.078155517578125 0.0103759765625 0.082275390625
0.072998046875 -0.0603256225585938 0.0127716064453125 0.160629272460937
0.0889434814453125 -0.00920867919921875 -0.109664916992187 0.232223510742187
0.0972671508789063 -0.136062622070313 0.0437507629394531 0.0203132629394531
0.012054443359375 -0.17919921875 0.0285491943359375 -0.0114364624023438
-0.0972061157226563 -0.12713623046875 -0.0191287994384766 -0.0327892303466797
-0.142379760742188 -0.011444091796875 -0.0552749633789063 0.00740051269531249
-0.10772705078125 0.0674057006835937 -0.0458984375 0.0387344360351563
-0.0357208251953125 0.127967834472656 -0.00946044921874999 0.085174560546875
0.0148849487304688 0.126235961914063 0.0271759033203125 0.0907211303710938
0.00544738769531251 0.113044738769531 0.0439834594726563 0.0705108642578125
-0.00292205810546875 0.125686645507813 0.039703369140625 0.0638885498046875
-0.053009033203125 0.108314514160156 0.0195541381835938 0.06475830078125
-0.100639343261719 0.0460662841796875 0.0216903686523437 0.0438385009765625
-0.100914001464844 -0.0247344970703125 0.0290260314941406 0.0414047241210938
-0.0349502563476562 -0.108009338378906 0.042144775390625 0.0905838012695312
0.045196533203125 -0.122657775878906 0.0343170166015625 0.16595458984375
0.0840377807617188 -0.0813217163085938 -0.080596923828125 0.232940673828125
0.0899810791015625 -0.184524536132813 0.070220947265625 -0.017364501953125
-0.000503540039062502 -0.2142333984375 0.0339794158935547 -0.0334606170654297
-0.114044189453125 -0.156036376953125 -0.00674819946289063 -0.0350189208984375
-0.171661376953125 -0.025421142578125 -0.0280742645263672 -0.00578880310058593
-0.137313842773437 0.0738296508789063 -0.0242118835449219 0.00278282165527344
-0.0534210205078125 0.153076171875 -0.00806808471679688 0.0359611511230469
0.011505126953125 0.15362548828125 0.00846099853515625 0.0414352416992188
0.00591278076171876 0.138069152832031 0.0206432342529297 0.0251846313476563
0.000610351562500011 0.1544189453125 0.0259227752685547 0.0166969299316406
-0.0534744262695313 0.140373229980469 0.0249652862548828 0.0199260711669922
-0.118400573730469 0.0757980346679688 0.0418930053710937 0.00767898559570313
-0.135978698730469 -0.00347137451171873 0.0578155517578125 0.024383544921875
-0.0811004638671875 -0.124000549316406 0.0722885131835938 0.0881576538085937
0.00531005859375 -0.171585083007813 0.04864501953125 0.153244018554688
0.064300537109375 -0.142913818359375 -0.049530029296875 0.207748413085937
0.0648345947265625 -0.205535888671875 0.0966110229492188 -0.0638198852539063
-0.0215606689453125 -0.217391967773438 0.0385246276855469 -0.0605278015136719
-0.122482299804688 -0.156784057617187 0.00391006469726561 -0.0365943908691406
-0.177459716796875 -0.028564453125 0.00254440307617187 -0.017547607421875
-0.144332885742188 0.072998046875 0.00245666503906249 -0.0330619812011719
-0.0610198974609375 0.155654907226562 -0.00322341918945313 -0.0180168151855469
0.00747680664062501 0.156204223632813 -0.00966358184814453 -0.0135746002197266
0.00631713867187501 0.14190673828125 -0.00523757934570313 -0.0238189697265625
0.00393676757812501 0.160415649414063 0.00612258911132813 -0.0335693359375
-0.047119140625 0.151702880859375 0.0241661071777344 -0.0308113098144531
-0.119941711425781 0.0943069458007813 0.0542335510253906 -0.0344123840332031
-0.151031494140625 0.017242431640625 0.0795669555664062 -0.000503540039062499
-0.114486694335938 -0.121910095214844 0.0919265747070312 0.07122802734375
-0.0341796875 -0.19390869140625 0.0522384643554688 0.120521545410156
0.035614013671875 -0.180526733398438 -0.022857666015625 0.159286499023438
0.024078369140625 -0.198089599609375 0.116073608398438 -0.112899780273438
-0.0473480224609375 -0.187759399414063 0.0409469604492188 -0.0866775512695313
-0.119148254394531 -0.126136779785156 0.0124130249023437 -0.0373153686523438
-0.154098510742188 -0.0178680419921875 0.0322628021240234 -0.0291824340820313
-0.122817993164063 0.064666748046875 0.0279655456542969 -0.0644950866699219
-0.05340576171875 0.1346435546875 0.00129699707031249 -0.0679740905761719
0.0036468505859375 0.134552001953125 -0.0255661010742188 -0.0655136108398438
0.00526428222656249 0.124946594238281 -0.029876708984375 -0.0684890747070312
0.00331115722656249 0.141876220703125 -0.0154190063476563 -0.0801544189453125
-0.038726806640625 0.13543701171875 0.0185699462890625 -0.0802459716796875
-0.103866577148438 0.0896987915039063 0.0583648681640625 -0.0744171142578125
-0.136856079101563 0.0271987915039063 0.090240478515625 -0.0267333984375
-0.119033813476563 -0.102607727050781 0.095672607421875 0.046783447265625
-0.0580596923828125 -0.179718017578125 0.041778564453125 0.0760650634765625
0.00578308105468751 -0.181930541992187 -0.00298309326171874 0.0959396362304687
-0.0221405029296875 -0.164794921875 0.124679565429688 -0.156219482421875
-0.0708389282226563 -0.132118225097656 0.0382461547851562 -0.108016967773438
-0.103279113769531 -0.0712814331054687 0.0169792175292969 -0.0377693176269531
-0.106788635253906 0.00322723388671873 0.051055908203125 -0.040008544921875
-0.0793685913085938 0.0518035888671875 0.0429763793945312 -0.085601806640625
-0.0336074829101563 0.0945281982421875 0.00170898437499999 -0.104537963867188
0.00155639648437499 0.0925827026367188 -0.038055419921875 -0.104293823242188
0.00318145751953125 0.0886611938476563 -0.0497360229492187 -0.102333068847656
0.000503540039062496 0.101699829101562 -0.033538818359375 -0.1153564453125
-0.0292129516601563 0.0931625366210938 0.0120468139648437 -0.11883544921875
-0.0734176635742188 0.06103515625 0.0584487915039062 -0.101493835449219
-0.09503173828125 0.0217666625976563 0.0915679931640625 -0.0440902709960938
-0.0891647338867188 -0.0686874389648438 0.0856704711914063 0.0245819091796875
-0.0604095458984375 -0.129653930664063 0.0245208740234375 0.032297134399414
-0.0212554931640625 -0.146728515625 0.0103588104248047 0.0351047515869141
-0.0638809204101562 -0.110977172851563 0.12030029296875 -0.191268920898438
-0.08270263671875 -0.0644302368164062 0.02972412109375 -0.124702453613281
-0.076629638671875 -0.00911712646484376 0.0118293762207031 -0.0404319763183594
-0.048309326171875 0.0254440307617188 0.053863525390625 -0.0475425720214844
-0.0248298645019531 0.0343914031982422 0.0429153442382813 -0.0926971435546875
-0.00697708129882813 0.0434608459472656 -0.0024261474609375 -0.121223449707031
-2.67028808593743E-05 0.0379714965820312 -0.0475997924804688 -0.1240234375
0.00122833251953125 0.0397453308105469 -0.0620040893554687 -0.120689392089844
-0.0041351318359375 0.0467338562011719 -0.0424575805664063 -0.134910583496094
-0.0182075500488281 0.0346660614013672 0.0103073120117187 -0.139656066894531
-0.0322170257568359 0.0178585052490234 0.0583572387695313 -0.109756469726563
-0.0352287292480469 0.00803375244140625 0.0880279541015625 -0.0469131469726562
-0.0387458801269531 -0.0247039794921875 0.0687637329101563 0.0128517150878906
-0.0479965209960938 -0.0562095642089844 0.00723409652709961 0.00225210189819336
-0.0446014404296875 -0.083984375 0.0165548324584961 -0.0122108459472656
-0.0941314697265625 -0.0445709228515625 0.103927612304687 -0.216415405273438
-0.0801467895507812 0.00243377685546874 0.0153884887695312 -0.139114379882813
-0.0442123413085937 0.0450325012207031 -0.0030364990234375 -0.0458984375
0.00888824462890625 0.0414199829101563 0.039581298828125 -0.0510635375976562
0.0263614654541016 0.0135841369628906 0.0294189453125 -0.08514404296875
0.0186176300048828 -0.0111541748046875 -0.0120086669921875 -0.117500305175781
-0.00169944763183594 -0.0202255249023438 -0.05157470703125 -0.123550415039063
-0.000714302062988281 -0.0144920349121094 -0.0648422241210937 -0.1212158203125
-0.00773811340332031 -0.0151796340942383 -0.04205322265625 -0.136329650878906
-0.00253486633300781 -0.0289115905761719 0.014892578125 -0.140716552734375
0.0151844024658203 -0.0257911682128906 0.05877685546875 -0.0999755859375
0.0292434692382812 -0.00249481201171875 0.080657958984375 -0.037750244140625
0.0119400024414063 0.0269184112548828 0.0491256713867188 0.0109405517578125
-0.0338993072509766 0.0270442962646484 -0.00568580627441406 -0.0114717483520508
-0.0662689208984375 -0.00767517089843749 0.0152435302734375 -0.03839111328125
0.0870742797851563 -0.0785751342773438 0.0160446166992188 0.0490875244140625
0.0124130249023437 -0.126533508300781 0.0204696655273438 0.00444412231445312
-0.0778732299804688 -0.0784378051757812 -0.0363578796386719 -0.0271949768066406
-0.09722900390625 0.0113677978515625 -0.0796737670898438 0.0268402099609375
-0.0627593994140625 0.0583572387695313 -0.0614242553710938 0.0799179077148437
-0.0070343017578125 0.0871658325195313 -0.00407409667968749 0.131881713867188
0.0234832763671875 0.0832061767578125 0.0504379272460938 0.135246276855469
0.01116943359375 0.0743865966796875 0.0662002563476563 0.111122131347656
0.00372314453125001 0.0831375122070313 0.0510406494140625 0.108131408691406
-0.0388031005859375 0.0715408325195313 0.010986328125 0.106330871582031
-0.0718002319335937 0.0236663818359375 -0.00125885009765625 0.0736541748046875
-0.0633010864257813 -0.0340843200683594 -0.000186920166015629 0.0517044067382812
-0.00115966796875 -0.0828170776367188 0.0165481567382812 0.0878448486328125
0.0692367553710938 -0.0706558227539062 0.0193023681640625 0.172561645507813
0.091156005859375 -0.0196914672851563 -0.11114501953125 0.25445556640625
0.0952301025390625 -0.151901245117188 0.0366096496582031 0.0242462158203125
0.000701904296875006 -0.189834594726563 0.0249977111816406 -0.00845527648925783
-0.109046936035156 -0.128410339355469 -0.0229129791259766 -0.0320205688476563
-0.149398803710938 -0.00422668457031248 -0.059234619140625 0.00986480712890625
-0.10931396484375 0.077423095703125 -0.0500221252441406 0.0443534851074219
-0.0293197631835937 0.135726928710938 -0.00965118408203126 0.0922470092773438
0.0242233276367188 0.132781982421875 0.031036376953125 0.099456787109375
0.0136184692382813 0.119354248046875 0.0472412109375 0.07708740234375
0.00611114501953126 0.133415222167969 0.0415000915527344 0.069610595703125
-0.048583984375 0.119895935058594 0.019134521484375 0.0708541870117188
-0.105491638183594 0.05767822265625 0.0215911865234375 0.0444908142089844
-0.111259460449219 -0.020111083984375 0.0308609008789062 0.0406227111816406
-0.0469284057617187 -0.115509033203125 0.0503768920898437 0.094146728515625
0.039276123046875 -0.137886047363281 0.0418701171875 0.175216674804688
0.0861282348632813 -0.0970077514648438 -0.0805206298828125 0.25103759765625
0.0893402099609375 -0.203811645507813 0.0634918212890625 -0.01824951171875
-0.011627197265625 -0.229415893554688 0.0294609069824219 -0.0327243804931641
-0.128952026367187 -0.1617431640625 -0.0110492706298828 -0.0349655151367188
-0.183074951171875 -0.0193939208984375 -0.0323371887207031 -0.00459289550781249
-0.142562866210938 0.08587646484375 -0.0295219421386719 0.00525474548339844
-0.049285888671875 0.16473388671875 -0.0106620788574219 0.0407447814941406
0.0208587646484375 0.162673950195313 0.00820541381835937 0.0483627319335938
0.014434814453125 0.147125244140625 0.0208587646484375 0.0309162139892578
0.009521484375 0.16546630859375 0.0241966247558594 0.02044677734375
-0.0498809814453125 0.153961181640625 0.0229339599609375 0.0231952667236328
-0.124984741210938 0.0891189575195313 0.041259765625 0.00554656982421876
-0.14837646484375 0.00189208984374997 0.0601081848144531 0.0207786560058594
-0.0951690673828125 -0.1328125 0.0804443359375 0.0885543823242187
-0.0034637451171875 -0.189910888671875 0.056610107421875 0.159164428710938
0.0655670166015625 -0.162857055664063 -0.0480804443359375 0.221450805664063
0.0645294189453125 -0.22576904296875 0.0909576416015625 -0.0710372924804688
-0.0311126708984375 -0.234176635742188 0.0332069396972656 -0.0633544921875
-0.13824462890625 -0.166000366210937 -0.000885009765625009 -0.0372848510742188
-0.191635131835938 -0.0248565673828125 -0.00100326538085939 -0.0189876556396484
-0.15234375 0.084197998046875 -0.00293731689453126 -0.0336170196533203
-0.0590972900390625 0.168975830078125 -0.00861072540283203 -0.0169410705566406
0.0147247314453125 0.168228149414063 -0.0130367279052734 -0.00916099548339843
0.0124969482421875 0.153152465820313 -0.00903511047363282 -0.0194969177246094
0.010772705078125 0.173248291015625 0.000883102416992187 -0.0329608917236328
-0.0452728271484375 0.16552734375 0.0196781158447266 -0.0312919616699219
-0.127349853515625 0.10699462890625 0.0522880554199219 -0.0400886535644531
-0.164215087890625 0.023040771484375 0.0813369750976562 -0.00702667236328125
-0.129791259765625 -0.131446838378906 0.0992202758789062 0.06878662109375
-0.0432281494140625 -0.212051391601562 0.0585556030273438 0.123252868652344
0.036163330078125 -0.200759887695313 -0.019989013671875 0.166763305664063
0.0251007080078125 -0.216415405273438 0.112716674804688 -0.125724792480469
-0.0545806884765625 -0.203277587890625 0.0347824096679687 -0.0936737060546875
-0.131866455078125 -0.136482238769531 0.00796127319335936 -0.0389938354492188
-0.168228149414062 -0.016754150390625 0.0289669036865234 -0.0324211120605469
-0.132270812988281 0.0743026733398438 0.0226364135742187 -0.0682640075683594
-0.0550079345703125 0.14752197265625 -0.00551605224609375 -0.0709228515625
0.0079345703125 0.14666748046875 -0.0323028564453125 -0.0642547607421875
0.00923156738281249 0.135627746582031 -0.0367317199707031 -0.0673179626464844
0.008544921875 0.153976440429688 -0.0235748291015625 -0.0822601318359375
-0.0388336181640625 0.147842407226563 0.0115509033203125 -0.0840225219726562
-0.111732482910156 0.100044250488281 0.0553741455078125 -0.0826263427734375
-0.149368286132813 0.03155517578125 0.0916671752929687 -0.0347213745117188
-0.131393432617188 -0.110954284667969 0.101387023925781 0.0426712036132812
-0.065673828125 -0.195541381835938 0.0455245971679687 0.0752029418945312
0.00610351562499998 -0.199127197265625 0.00101470947265626 0.0973358154296875
-0.0210723876953125 -0.176376342773438 0.123199462890625 -0.175064086914063
-0.0742340087890625 -0.143081665039063 0.03240966796875 -0.11895751953125
-0.110801696777344 -0.079193115234375 0.0126266479492187 -0.0408515930175781
-0.117118835449219 0.00164031982421877 0.0496788024902344 -0.0447311401367188
-0.0870513916015625 0.0572357177734375 0.0386810302734375 -0.0920944213867188
-0.0371246337890625 0.103530883789063 -0.00485229492187499 -0.109992980957031
0.002288818359375 0.102523803710938 -0.0464859008789063 -0.10723876953125
0.00495910644531251 0.0974349975585937 -0.0580291748046875 -0.104049682617187
0.00202178955078126 0.112388610839844 -0.04254150390625 -0.119682312011719
-0.0321426391601563 0.102867126464844 0.00458526611328124 -0.125968933105469
-0.0811996459960937 0.0675506591796875 0.0554351806640625 -0.111068725585938
-0.10400390625 0.022796630859375 0.0930099487304688 -0.0526123046875
-0.0967788696289063 -0.0764999389648437 0.089385986328125 0.0202484130859375
-0.0642242431640625 -0.141204833984375 0.0255374908447266 0.0297126770019531
-0.019500732421875 -0.158737182617188 0.0151729583740234 0.0304241180419922
-0.06402587890625 -0.115760803222656 0.120330810546875 -0.213088989257813
-0.0830612182617188 -0.0684814453125 0.025238037109375 -0.137771606445312
-0.0784072875976563 -0.01348876953125 0.00860977172851562 -0.0437774658203125
-0.0521202087402344 0.0224113464355469 0.0526657104492187 -0.0525054931640625
-0.0300235748291016 0.0350017547607422 0.0408477783203125 -0.100044250488281
-0.0117340087890625 0.0472602844238281 -0.0085906982421875 -0.127967834472656
-0.00243759155273438 0.0442619323730469 -0.0558547973632813 -0.129585266113281
-0.000205993652343746 0.0453605651855469 -0.0710296630859375 -0.124847412109375
-0.0064239501953125 0.0537948608398438 -0.0522003173828125 -0.141677856445313
-0.0234146118164063 0.0402336120605469 0.00317382812499998 -0.148956298828125
-0.0404777526855469 0.0191764831542969 0.05621337890625 -0.119789123535156
-0.0411949157714844 0.00479888916015626 0.0899810791015625 -0.055023193359375
-0.0405731201171875 -0.0313453674316406 0.0711669921875 0.00865936279296875
-0.0468063354492187 -0.0629730224609375 0.00721836090087891 -0.00217580795288086
-0.0414581298828125 -0.0895156860351563 0.0228309631347656 -0.0204486846923828
-0.0951309204101563 -0.0402908325195312 0.104934692382813 -0.238998413085938
-0.0780105590820313 0.00543975830078125 0.010711669921875 -0.153472900390625
-0.0405845642089844 0.0455322265625 -0.007080078125 -0.0495719909667969
0.0108489990234375 0.0374069213867188 0.0382652282714844 -0.0553550720214844
0.0254497528076172 0.00967216491699219 0.0284271240234375 -0.0915679931640625
0.0131969451904297 -0.0123205184936523 -0.01593017578125 -0.124008178710938
-0.00693130493164063 -0.0187950134277344 -0.0594100952148438 -0.130523681640625
-0.00534629821777344 -0.0127487182617188 -0.0729904174804687 -0.127449035644531
-0.0133304595947266 -0.0121669769287109 -0.05059814453125 -0.144699096679688
-0.00953292846679687 -0.0278797149658203 0.0093536376953125 -0.15179443359375
0.00801658630371094 -0.0292701721191406 0.05810546875 -0.110359191894531
0.0272026062011719 -0.00844001770019531 0.0835113525390625 -0.0442047119140625
0.0158729553222656 0.0217933654785156 0.0515556335449219 0.00804901123046875
-0.0281620025634766 0.0266799926757812 -0.00497817993164063 -0.0162725448608398
-0.061920166015625 -0.00586318969726563 0.0230674743652344 -0.0486373901367188
0.0790939331054688 -0.0875320434570313 0.0110511779785156 0.0570106506347656
-0.000625610351562493 -0.128005981445313 0.0188331604003906 0.00877761840820312
-0.08477783203125 -0.0712661743164063 -0.03875732421875 -0.0241889953613281
-0.0951614379882813 0.0211563110351563 -0.0808868408203125 0.0325851440429688
-0.0569419860839844 0.0650405883789063 -0.0596771240234375 0.0881118774414063
0.00272369384765625 0.087188720703125 0.00379943847656249 0.13812255859375
0.0333404541015625 0.081573486328125 0.06103515625 0.138938903808594
0.0198822021484375 0.0736923217773438 0.0754013061523438 0.113746643066406
0.0141143798828125 0.083984375 0.0591812133789063 0.111618041992188
-0.0303802490234375 0.07757568359375 0.0170516967773437 0.112525939941406
-0.0701866149902344 0.0329704284667969 0.00163269042968749 0.0767440795898438
-0.0690193176269531 -0.0274162292480469 0.00254058837890624 0.0524787902832031
-0.0113906860351563 -0.08441162109375 0.0252914428710937 0.089996337890625
0.0613327026367188 -0.0801010131835938 0.03143310546875 0.179763793945313
0.0896148681640625 -0.03155517578125 -0.10260009765625 0.273895263671875
0.085296630859375 -0.165878295898438 0.029815673828125 0.0286769866943359
-0.015228271484375 -0.194854736328125 0.0215835571289063 -0.0052776336669922
-0.12176513671875 -0.123764038085938 -0.0259170532226563 -0.0294990539550781
-0.152297973632813 0.00703430175781253 -0.0617866516113281 0.0146598815917969
-0.1053466796875 0.0886917114257813 -0.0511817932128906 0.0507164001464844
-0.018585205078125 0.140274047851563 -0.00605773925781251 0.09869384765625
0.0373687744140625 0.134567260742188 0.0379104614257813 0.104522705078125
0.0253448486328125 0.122016906738281 0.0532608032226562 0.0809326171875
0.019439697265625 0.137382507324219 0.0457305908203125 0.0731582641601563
-0.0397109985351563 0.129127502441406 0.0219345092773438 0.0758514404296875
-0.105178833007813 0.070068359375 0.0225181579589844 0.0445671081542969
-0.119560241699219 -0.0110321044921875 0.0326156616210938 0.0381622314453125
-0.0612869262695313 -0.118270874023438 0.0594406127929687 0.0930709838867187
0.02667236328125 -0.1505126953125 0.05364990234375 0.1790771484375
0.0818099975585937 -0.113449096679687 -0.0714111328125 0.267166137695313
0.0795440673828125 -0.221160888671875 0.0554313659667969 -0.0185585021972656
-0.02935791015625 -0.237075805664063 0.0244503021240234 -0.0310382843017578
-0.145309448242187 -0.15997314453125 -0.0153160095214844 -0.0332317352294922
-0.19122314453125 -0.00846862792968751 -0.0358428955078125 -0.00195693969726563
-0.141708374023438 0.0993499755859375 -0.0336170196533203 0.00947189331054689
-0.0393524169921875 0.17315673828125 -0.0120582580566406 0.0459442138671875
0.03485107421875 0.168014526367188 0.01123046875 0.0544929504394531
0.0262603759765625 0.152481079101563 0.0224571228027344 0.0358543395996094
0.0232696533203125 0.17236328125 0.02349853515625 0.0236358642578125
-0.0402374267578125 0.164962768554687 0.0215187072753906 0.0258903503417969
-0.125152587890625 0.104248046875 0.0392837524414062 0.00262451171875001
-0.157577514648438 0.012237548828125 0.0612449645996094 0.0151824951171875
-0.111724853515625 -0.134658813476563 0.0892333984375 0.0843276977539062
-0.018768310546875 -0.202926635742188 0.067108154296875 0.160491943359375
0.059112548828125 -0.1807861328125 -0.0386810302734375 0.231842041015625
0.0560760498046875 -0.243896484375 0.081329345703125 -0.0768356323242188
-0.047882080078125 -0.24462890625 0.0257949829101563 -0.0648078918457031
-0.155838012695312 -0.1669921875 -0.00555419921875001 -0.0366401672363281
-0.202346801757813 -0.014892578125 -0.00530433654785157 -0.0186557769775391
-0.153579711914063 0.0993194580078125 -0.00913238525390626 -0.0328845977783203
-0.0513763427734375 0.18048095703125 -0.0138835906982422 -0.0136795043945312
0.02740478515625 0.17535400390625 -0.0157346725463867 -0.00393962860107421
0.0240325927734375 0.159820556640625 -0.0115766525268555 -0.0149021148681641
0.0242462158203125 0.181167602539063 -0.00436210632324219 -0.0306377410888672
-0.0362091064453125 0.1778564453125 0.0143833160400391 -0.0307769775390625
-0.128181457519531 0.12158203125 0.0475044250488281 -0.0458412170410156
-0.172897338867188 0.03411865234375 0.0809783935546875 -0.014801025390625
-0.146224975585938 -0.133132934570313 0.106048583984375 0.0624618530273437
-0.0599365234375 -0.224151611328125 0.0662460327148438 0.121337890625
0.0282440185546875 -0.217849731445313 -0.0122833251953125 0.171035766601562
0.0182037353515625 -0.231216430664063 0.102737426757812 -0.138259887695313
-0.067535400390625 -0.213119506835937 0.026092529296875 -0.0990524291992188
-0.147567749023437 -0.138885498046875 0.00314331054687499 -0.0398635864257813
-0.179519653320313 -0.0101776123046875 0.0252113342285156 -0.0349655151367188
-0.135993957519531 0.0867156982421875 0.0154342651367187 -0.0709991455078125
-0.05047607421875 0.158798217773438 -0.0137138366699219 -0.0702590942382812
0.0175628662109375 0.1551513671875 -0.0390167236328125 -0.0609512329101562
0.0181121826171875 0.14300537109375 -0.0434112548828125 -0.0634613037109375
0.018157958984375 0.163436889648438 -0.0328826904296875 -0.0803146362304688
-0.0326995849609375 0.1595458984375 0.0028228759765625 -0.08587646484375
-0.114234924316406 0.1131591796875 0.0485610961914063 -0.089630126953125
-0.157516479492188 0.0401458740234375 0.0889968872070313 -0.0439529418945313
-0.145248413085938 -0.113311767578125 0.105339050292969 0.0358123779296875
-0.0791473388671875 -0.205154418945313 0.0495834350585938 0.0718765258789062
-0.000152587890625003 -0.213714599609375 0.0067291259765625 0.0958480834960937
-0.025390625 -0.185470581054688 0.1134033203125 -0.191970825195313
-0.081024169921875 -0.149826049804688 0.0226211547851562 -0.126838684082031
-0.120475769042969 -0.08282470703125 0.00798034667968749 -0.0426025390625
-0.125755310058594 0.00390625000000003 0.0453758239746094 -0.0488929748535156
-0.0917510986328125 0.064910888671875 0.0315170288085937 -0.096832275390625
-0.0361709594726563 0.113197326660156 -0.0146865844726563 -0.111961364746094
0.00704956054687499 0.110649108886719 -0.0559234619140625 -0.105316162109375
0.00937652587890624 0.10467529296875 -0.068084716796875 -0.101417541503906
0.00720977783203124 0.12115478515625 -0.054962158203125 -0.119697570800781
-0.0301971435546875 0.112503051757813 -0.00649261474609374 -0.128829956054688
-0.0861282348632813 0.0765762329101563 0.0472564697265625 -0.1192626953125
-0.11175537109375 0.0268478393554688 0.0902023315429688 -0.0615005493164063
-0.105842590332031 -0.0801773071289063 0.09173583984375 0.0135116577148437
-0.0718231201171875 -0.148788452148438 0.0263576507568359 0.0254745483398437
-0.0228118896484375 -0.168243408203125 0.0193290710449219 0.02423095703125
-0.0658416748046875 -0.116630554199219 0.111007690429688 -0.233245849609375
-0.0844345092773438 -0.0704116821289063 0.0152587890625 -0.147628784179688
-0.0801544189453125 -0.0156936645507813 0.003570556640625 -0.0464439392089844
-0.0555953979492187 0.0208015441894531 0.0492477416992188 -0.0574455261230469
-0.0332069396972656 0.036834716796875 0.0337371826171875 -0.105796813964844
-0.014617919921875 0.0526657104492188 -0.0179901123046875 -0.130996704101563
-0.00241851806640625 0.0502967834472656 -0.0666122436523438 -0.129890441894531
-9.91821289062445E-05 0.0509185791015625 -0.0818634033203125 -0.123779296875
-0.00608062744140625 0.0608367919921875 -0.06524658203125 -0.14276123046875
-0.0267715454101562 0.0470046997070312 -0.00830078125000001 -0.15411376953125
-0.0469436645507813 0.0233039855957031 0.0488357543945312 -0.128318786621094
-0.0472297668457031 0.0038604736328125 0.0876846313476563 -0.0634231567382813
-0.0436592102050781 -0.0369300842285156 0.0715789794921875 0.00336456298828125
-0.0475692749023438 -0.0676727294921875 0.00665235519409179 -0.00616550445556641
-0.0407257080078125 -0.0932769775390625 0.0265750885009766 -0.0296688079833984
-0.094146728515625 -0.0345001220703125 0.09619140625 -0.259765625
-0.0744247436523438 0.00888824462890625 0.000457763671874984 -0.164016723632812
-0.0351638793945313 0.0452766418457031 -0.0121955871582031 -0.0514373779296875
0.0125217437744141 0.0331783294677734 0.0349578857421875 -0.0591812133789062
0.0232582092285156 0.0058746337890625 0.0239334106445313 -0.0965728759765625
0.00792026519775391 -0.0119638442993164 -0.0235366821289062 -0.1279296875
-0.0121917724609375 -0.0154314041137695 -0.0695114135742187 -0.132774353027344
-0.0097494125366211 -0.0103082656860352 -0.0832595825195313 -0.1280517578125
-0.0173606872558594 -0.00769710540771485 -0.0627593994140625 -0.147781372070313
-0.0171089172363281 -0.0244045257568359 -0.00164794921874999 -0.159286499023438
0.00040245056152344 -0.0308780670166016 0.0528945922851562 -0.118644714355469
0.0231857299804688 -0.0140037536621094 0.083343505859375 -0.0522842407226563
0.0190486907958984 0.0162010192871094 0.0526885986328125 0.00394821166992188
-0.0220813751220703 0.0246982574462891 -0.00528144836425781 -0.0207424163818359
-0.057342529296875 -0.00362777709960936 0.0274314880371094 -0.0589027404785156
0.0697479248046875 -0.0923004150390625 0.00767135620117187 0.0640449523925781
-0.012298583984375 -0.123641967773437 0.0176010131835938 0.0124187469482422
-0.0883102416992187 -0.0622634887695313 -0.0399742126464844 -0.0205612182617188
-0.0901107788085938 0.028228759765625 -0.0792922973632813 0.0375900268554688
-0.049346923828125 0.0689468383789062 -0.0548248291015625 0.0927810668945313
0.0107421875 0.0842819213867188 0.0117568969726562 0.14007568359375
0.04144287109375 0.0766525268554688 0.0699539184570313 0.138015747070312
0.0273056030273437 0.0708236694335938 0.0824127197265625 0.11163330078125
0.0231170654296875 0.0807342529296875 0.0654067993164063 0.110816955566406
-0.0214691162109375 0.0794219970703125 0.0234451293945313 0.114860534667969
-0.0658645629882813 0.0404396057128906 0.00485992431640624 0.0773544311523438
-0.0716552734375 -0.0200119018554688 0.00440216064453125 0.0518417358398438
-0.020782470703125 -0.08221435546875 0.0322341918945313 0.0887985229492188
0.0507125854492187 -0.085296630859375 0.0420379638671875 0.180694580078125
0.0843505859375 -0.0412063598632813 -0.089996337890625 0.284149169921875
0.0737152099609375 -0.1739501953125 0.0240211486816406 0.0343246459960937
-0.0303802490234375 -0.192947387695312 0.0188255310058594 -0.0012340545654297
-0.129447937011719 -0.115127563476563 -0.0279560089111328 -0.0256805419921875
-0.149765014648438 0.017120361328125 -0.0618820190429688 0.0190315246582031
-0.0976638793945313 0.09600830078125 -0.0501976013183594 0.0557327270507813
-0.0083160400390625 0.139915466308594 -0.00171661376953124 0.102134704589844
0.0478973388671875 0.130996704101563 0.0445785522460937 0.106704711914063
0.0350341796875 0.119766235351563 0.0581436157226563 0.0818023681640625
0.03082275390625 0.136123657226563 0.0486831665039063 0.0744400024414063
-0.0286636352539063 0.133018493652344 0.0251235961914062 0.0783920288085938
-0.100395202636719 0.0805740356445313 0.022705078125 0.0437088012695313
-0.122848510742188 -0.00198364257812499 0.0329875946044922 0.03497314453125
-0.0729293823242188 -0.116012573242187 0.065948486328125 0.0888442993164062
0.013671875 -0.156707763671875 0.064056396484375 0.17742919921875
0.074005126953125 -0.124900817871094 -0.0589752197265625 0.27447509765625
0.066375732421875 -0.230804443359375 0.0462989807128906 -0.016448974609375
-0.045867919921875 -0.236740112304687 0.0193042755126953 -0.0278873443603516
-0.157135009765625 -0.15283203125 -0.0183296203613281 -0.0299701690673828
-0.192245483398437 0.00305175781249996 -0.0377883911132813 0.000862121582031247
-0.135322570800781 0.109565734863281 -0.0351333618164063 0.0136699676513672
-0.027740478515625 0.176239013671875 -0.0114402770996094 0.0501251220703125
0.04693603515625 0.166656494140625 0.0141105651855469 0.0584144592285156
0.0373992919921875 0.151947021484375 0.0249671936035156 0.0384902954101563
0.036865234375 0.172561645507813 0.0230655670166016 0.0261688232421875
-0.0290374755859375 0.170578002929688 0.0212345123291016 0.0287151336669922
-0.120491027832031 0.115798950195312 0.0361709594726562 0.000316619873046882
-0.161270141601563 0.0227508544921875 0.0593910217285156 0.0100631713867188
-0.124549865722656 -0.132225036621094 0.094573974609375 0.0772933959960937
-0.0341949462890625 -0.208206176757813 0.07537841796875 0.156661987304688
0.049163818359375 -0.19189453125 -0.02911376953125 0.235214233398438
0.04412841796875 -0.253387451171875 0.0702438354492187 -0.0787811279296875
-0.062835693359375 -0.246337890625 0.0186767578125 -0.063934326171875
-0.16900634765625 -0.162216186523438 -0.00922203063964844 -0.0337562561035156
-0.206283569335938 -0.00431823730468749 -0.00884342193603517 -0.0171518325805664
-0.149658203125 0.110504150390625 -0.0139636993408203 -0.0303478240966797
-0.041534423828125 0.18603515625 -0.0178794860839844 -0.0094318389892578
0.0395355224609375 0.1766357421875 -0.0163202285766602 0.00141239166259766
0.0347900390625 0.161407470703125 -0.0128850936889648 -0.00991249084472655
0.0363311767578125 0.183441162109375 -0.00899505615234375 -0.0259895324707031
-0.0258636474609375 0.183883666992188 0.0102291107177734 -0.0283451080322266
-0.124603271484375 0.133338928222656 0.0410346984863281 -0.0482559204101562
-0.176483154296875 0.043853759765625 0.0767822265625 -0.0212783813476562
-0.158096313476562 -0.12939453125 0.108589172363281 0.0546493530273437
-0.0744781494140625 -0.228439331054688 0.071014404296875 0.1165771484375
0.0184326171875 -0.227523803710938 -0.00466918945312499 0.17041015625
0.00914001464843748 -0.238571166992187 0.08929443359375 -0.144210815429688
-0.0788116455078125 -0.216049194335938 0.0163803100585938 -0.0995712280273438
-0.15948486328125 -0.137161254882812 -0.00138092041015626 -0.0385589599609375
-0.185272216796875 -0.00227355957031252 0.0197944641113281 -0.0353126525878906
-0.134658813476563 0.0968475341796875 0.00816345214843749 -0.0700111389160156
-0.0431976318359375 0.16552734375 -0.0209197998046875 -0.0663108825683594
0.0272216796875 0.158218383789063 -0.0431022644042969 -0.0552177429199219
0.026641845703125 0.145828247070313 -0.0478096008300781 -0.0571861267089844
0.0284576416015625 0.166671752929688 -0.04010009765625 -0.0755615234375
-0.025054931640625 0.166015625 -0.00502777099609375 -0.08306884765625
-0.112678527832031 0.123321533203125 0.0399169921875 -0.0929718017578125
-0.160873413085938 0.0483245849609375 0.0841140747070312 -0.0502471923828125
-0.155380249023437 -0.11083984375 0.105697631835938 0.0279922485351562
-0.0914459228515625 -0.208526611328125 0.0509490966796875 0.0669593811035156
-0.00886535644531248 -0.221176147460938 0.0110931396484375 0.0915069580078125
-0.0301361083984375 -0.189346313476563 0.0994110107421875 -0.202072143554688
-0.0869293212890625 -0.151931762695313 0.0119705200195312 -0.130416870117188
-0.127670288085938 -0.0830459594726563 0.00332260131835936 -0.042633056640625
-0.130851745605469 0.00779724121093747 0.0397186279296875 -0.0514717102050781
-0.0924224853515625 0.0714035034179687 0.0234222412109375 -0.0982894897460938
-0.0333633422851563 0.119277954101563 -0.0237045288085937 -0.10943603515625
0.0129165649414063 0.115669250488281 -0.062835693359375 -0.100090026855469
0.0147705078125 0.108650207519531 -0.0745086669921875 -0.0953369140625
0.0141754150390625 0.125251770019531 -0.0642852783203125 -0.114952087402344
-0.0263290405273438 0.119529724121094 -0.016998291015625 -0.127342224121094
-0.08734130859375 0.0836029052734375 0.0376358032226562 -0.122520446777344
-0.115707397460937 0.03118896484375 0.08416748046875 -0.0678863525390625
-0.112838745117188 -0.081146240234375 0.0896835327148438 0.00704193115234374
-0.0792083740234375 -0.1519775390625 0.0254955291748047 0.021036148071289
-0.0272369384765625 -0.173095703125 0.0213909149169922 0.0170192718505859
-0.0656661987304688 -0.115959167480469 0.09710693359375 -0.245651245117188
-0.0842056274414062 -0.0705642700195313 0.004364013671875 -0.152694702148438
-0.081298828125 -0.0176239013671875 -0.000995635986328128 -0.0467071533203125
-0.0591850280761719 0.0199356079101562 0.0439529418945312 -0.0601234436035156
-0.0361671447753906 0.0382843017578125 0.027008056640625 -0.107566833496094
-0.0156517028808594 0.0568962097167969 -0.0265350341796875 -0.130561828613281
-0.001312255859375 0.0550270080566406 -0.0751419067382812 -0.126045227050781
0.000629425048828122 0.0549163818359375 -0.0895309448242187 -0.118850708007813
-0.003936767578125 0.0660057067871094 -0.0758819580078125 -0.139114379882813
-0.0277366638183594 0.0532341003417969 -0.0197906494140625 -0.153762817382813
-0.0517845153808594 0.0273094177246094 0.039825439453125 -0.132789611816406
-0.0520210266113281 0.00400543212890625 0.0826187133789063 -0.0699996948242188
-0.046783447265625 -0.0409812927246094 0.0699920654296875 -0.00158309936523438
-0.047760009765625 -0.0712738037109375 0.00476646423339844 -0.0102396011352539
-0.0398712158203125 -0.09539794921875 0.0275955200195313 -0.0392799377441406
-0.0906829833984375 -0.0281295776367188 0.0832672119140625 -0.2716064453125
-0.0687484741210938 0.0107421875 -0.010345458984375 -0.168258666992188
-0.0300750732421875 0.043701171875 -0.0165138244628906 -0.0512504577636719
0.0125312805175781 0.0278797149658203 0.0302925109863281 -0.0610771179199219
0.0203914642333984 0.00260543823242188 0.018463134765625 -0.0986328125
0.00292682647705078 -0.0102443695068359 -0.0302810668945312 -0.128097534179688
-0.0158357620239258 -0.0106792449951172 -0.077362060546875 -0.130264282226563
-0.0130586624145508 -0.0064697265625 -0.091766357421875 -0.124534606933594
-0.0203113555908203 -0.00257492065429687 -0.07354736328125 -0.1456298828125
-0.0224323272705078 -0.0193004608154297 -0.0128936767578125 -0.160812377929688
-0.00726890563964844 -0.0295963287353516 0.0452117919921875 -0.123733520507813
0.0185070037841797 -0.0180034637451172 0.07977294921875 -0.0580673217773438
0.0199947357177734 0.009185791015625 0.05169677734375 0.000648498535156251
-0.0167293548583984 0.0213661193847656 -0.00652313232421875 -0.0243854522705078
-0.0515632629394531 -0.00220870971679687 0.0292510986328125 -0.06915283203125
0.0623703002929688 -0.092742919921875 0.00443267822265625 0.0719451904296875
-0.0186691284179687 -0.118316650390625 0.0163917541503906 0.0173807144165039
-0.0881195068359375 -0.0549545288085938 -0.0395278930664063 -0.0175285339355469
-0.0847854614257813 0.032257080078125 -0.0776901245117188 0.0397109985351563
-0.0431175231933594 0.0691108703613281 -0.0516510009765625 0.0943679809570313
0.015167236328125 0.0799102783203125 0.0159454345703125 0.14007568359375
0.0454483032226563 0.0712661743164063 0.0741653442382813 0.136451721191406
0.0313987731933594 0.0662345886230469 0.0857620239257813 0.110687255859375
0.02850341796875 0.076873779296875 0.0684967041015625 0.109687805175781
-0.0149917602539062 0.0791244506835938 0.027130126953125 0.115715026855469
-0.060516357421875 0.0443534851074219 0.00613403320312499 0.0771636962890625
-0.07196044921875 -0.0144195556640625 0.00498580932617188 0.0510978698730469
-0.0266876220703125 -0.0781173706054688 0.0365676879882813 0.086517333984375
0.043060302734375 -0.0868606567382813 0.047271728515625 0.179290771484375
0.0778732299804688 -0.0470733642578125 -0.08251953125 0.288726806640625
0.065093994140625 -0.175460815429687 0.01788330078125 0.0403289794921875
-0.0384521484375 -0.187210083007813 0.0168981552124023 0.00286960601806639
-0.132362365722656 -0.107765197753906 -0.0285682678222656 -0.0225009918212891
-0.146011352539063 0.0224456787109375 -0.0620346069335938 0.0211868286132812
-0.091796875 0.0983123779296875 -0.0488014221191406 0.0586624145507813
-0.00232696533203124 0.137588500976563 0.000526428222656251 0.104118347167969
0.0541763305664063 0.12615966796875 0.0485763549804687 0.107421875
0.0406570434570313 0.116691589355469 0.060638427734375 0.08209228515625
0.0381393432617188 0.132820129394531 0.0501251220703125 0.0754623413085938
-0.0213546752929687 0.1339111328125 0.026824951171875 0.079864501953125
-0.0959625244140625 0.0863113403320313 0.0218963623046875 0.0433578491210938
-0.123764038085938 0.00386810302734377 0.0318832397460937 0.0330581665039062
-0.0801239013671875 -0.112876892089844 0.068878173828125 0.0848541259765625
0.0038604736328125 -0.159378051757812 0.06781005859375 0.174911499023438
0.06719970703125 -0.131401062011719 -0.0530853271484375 0.276336669921875
0.05841064453125 -0.23394775390625 0.038543701171875 -0.0118522644042969
-0.05499267578125 -0.23309326171875 0.0156936645507812 -0.0243244171142578
-0.161605834960938 -0.146957397460938 -0.0194511413574219 -0.0266780853271485
-0.190765380859375 0.00920104980468752 -0.0392723083496094 0.00294876098632813
-0.129692077636719 0.113983154296875 -0.0366630554199219 0.0171775817871094
-0.0209197998046875 0.175460815429688 -0.0114517211914062 0.05377197265625
0.054412841796875 0.1632080078125 0.0160331726074219 0.0616874694824219
0.0436859130859375 0.149490356445313 0.0258064270019531 0.0412025451660156
0.043975830078125 0.170425415039062 0.0224189758300781 0.0291309356689453
-0.0211181640625 0.172439575195312 0.0207958221435547 0.0311355590820313
-0.115966796875 0.122032165527344 0.0329608917236328 -0.000522613525390618
-0.16259765625 0.0292205810546875 0.0566329956054688 0.00709152221679688
-0.131973266601563 -0.129798889160156 0.0955123901367187 0.07208251953125
-0.0440521240234375 -0.2105712890625 0.0782470703125 0.152618408203125
0.041961669921875 -0.198699951171875 -0.023895263671875 0.235183715820313
0.036865234375 -0.257568359375 0.0605010986328125 -0.0763702392578125
-0.07147216796875 -0.244613647460938 0.0134429931640625 -0.0601387023925781
-0.175537109375 -0.157989501953125 -0.0109825134277344 -0.0314903259277344
-0.2078857421875 0.00195312499999996 -0.011159896850586 -0.0151395797729492
-0.146041870117188 0.116119384765625 -0.0174655914306641 -0.0273246765136719
-0.034942626953125 0.187576293945313 -0.0200729370117188 -0.00511741638183593
0.04620361328125 0.175491333007813 -0.0156984329223633 0.0060091018676758
0.04052734375 0.160903930664063 -0.0126943588256836 -0.00578880310058593
0.0440521240234375 0.18328857421875 -0.0115680694580078 -0.0215873718261719
-0.01947021484375 0.18634033203125 0.007293701171875 -0.0250797271728516
-0.121559143066406 0.139350891113281 0.0364761352539062 -0.0491943359375
-0.177886962890625 0.0498504638671875 0.0724411010742187 -0.0244827270507813
-0.16552734375 -0.1275634765625 0.107940673828125 0.0489883422851562
-0.0842132568359375 -0.230697631835938 0.0717315673828125 0.111961364746094
0.0126800537109375 -0.23297119140625 -0.00161743164062498 0.167587280273437
0.00546264648437502 -0.242233276367188 0.079345703125 -0.144683837890625
-0.0839691162109375 -0.21630859375 0.0101242065429688 -0.0981826782226563
-0.165908813476563 -0.135772705078125 -0.00398254394531251 -0.0364570617675781
-0.188735961914063 0.00251770019531252 0.0162239074707031 -0.0341320037841797
-0.133476257324219 0.102188110351563 0.00310516357421874 -0.0679359436035156
-0.0393524169921875 0.169097900390625 -0.0249214172363281 -0.0621757507324219
0.032989501953125 0.159225463867188 -0.044952392578125 -0.0497665405273437
0.0314483642578125 0.14666748046875 -0.0489845275878906 -0.0521583557128906
0.0350494384765625 0.168014526367188 -0.044708251953125 -0.0705413818359375
-0.0200042724609375 0.169479370117187 -0.00942230224609376 -0.0796051025390625
-0.111541748046875 0.12884521484375 0.0335006713867188 -0.0929183959960937
-0.162704467773437 0.0524749755859375 0.0786056518554687 -0.0530624389648438
-0.160842895507813 -0.1107177734375 0.1029052734375 0.0224990844726562
-0.0982666015625 -0.21044921875 0.0498542785644531 0.0625762939453125
-0.0121612548828125 -0.225372314453125 0.0125885009765625 0.087310791015625
-0.03033447265625 -0.191574096679688 0.088958740234375 -0.20458984375
-0.0890655517578125 -0.153564453125 0.00565338134765625 -0.130592346191406
-0.131332397460938 -0.08514404296875 -0.000202178955078138 -0.0418434143066406
-0.134429931640625 0.00890350341796877 0.0359001159667969 -0.0510597229003906
-0.0939712524414063 0.0748291015625 0.0177764892578125 -0.096466064453125
-0.0321502685546875 0.12310791015625 -0.0284194946289063 -0.105339050292969
0.0159454345703125 0.118034362792969 -0.0659408569335937 -0.0954818725585938
0.0177383422851563 0.111007690429687 -0.0770263671875 -0.0900726318359375
0.0173873901367188 0.128067016601563 -0.06976318359375 -0.10968017578125
-0.0240249633789062 0.12359619140625 -0.0226974487304688 -0.123435974121094
-0.0882034301757813 0.0887908935546875 0.030792236328125 -0.122322082519531
-0.118820190429687 0.0337448120117188 0.07867431640625 -0.070770263671875
-0.116462707519531 -0.0827102661132812 0.0867462158203125 0.00351715087890625
-0.082244873046875 -0.154617309570312 0.0233230590820312 0.0178337097167969
-0.027679443359375 -0.176300048828125 0.0215568542480469 0.0109424591064453
-0.0634307861328125 -0.116119384765625 0.0880584716796875 -0.2506103515625
-0.0823593139648438 -0.072296142578125 -0.00234985351562502 -0.153518676757813
-0.0815887451171875 -0.020782470703125 -0.00391387939453126 -0.0466651916503906
-0.0623397827148438 0.0176200866699219 0.0400009155273437 -0.0600509643554687
-0.0386848449707031 0.0390777587890625 0.0212173461914063 -0.106666564941406
-0.0171394348144531 0.0604057312011719 -0.0312652587890625 -0.127769470214844
-0.00100326538085937 0.0590667724609375 -0.0784530639648438 -0.12255859375
0.00143814086914063 0.0582008361816406 -0.0930023193359375 -0.114418029785156
-0.00311279296875 0.0700531005859375 -0.0812454223632812 -0.134864807128906
-0.0285263061523438 0.0584220886230469 -0.0262451171875 -0.150680541992188
-0.0554771423339844 0.0311050415039063 0.0337448120117187 -0.132781982421875
-0.056182861328125 0.00442504882812501 0.0782241821289063 -0.0720367431640625
-0.0491180419921875 -0.0451202392578125 0.0675849914550781 -0.0040435791015625
-0.0475845336914062 -0.075103759765625 0.00275230407714843 -0.0131692886352539
-0.0368499755859375 -0.0974655151367188 0.0283889770507812 -0.0462570190429688
-0.0847091674804688 -0.0256729125976563 0.074798583984375 -0.27752685546875
-0.0636520385742187 0.00996780395507813 -0.016357421875 -0.169830322265625
-0.0273780822753906 0.0395088195800781 -0.0191421508789062 -0.0502281188964844
0.0112571716308594 0.0234947204589844 0.0275764465332031 -0.06085205078125
0.0167303085327148 0.00102424621582031 0.0151290893554687 -0.097869873046875
-0.000901699066162109 -0.00745534896850586 -0.0337142944335938 -0.125823974609375
-0.0177993774414063 -0.00661659240722657 -0.0805740356445313 -0.128211975097656
-0.0145273208618164 -0.00227928161621094 -0.0947265625 -0.121467590332031
-0.0219058990478516 0.00169181823730469 -0.0784759521484375 -0.142868041992187
-0.0260124206542969 -0.0139980316162109 -0.0196380615234375 -0.159622192382812
-0.0128593444824219 -0.0274581909179688 0.0399169921875 -0.125129699707031
0.0134944915771484 -0.0200061798095703 0.076507568359375 -0.060455322265625
0.0190792083740234 0.00285911560058594 0.0498542785644531 -0.00120162963867187
-0.0126743316650391 0.0169172286987305 -0.007781982421875 -0.0273723602294922
-0.0454254150390625 -0.0033721923828125 0.0302734375 -0.0775299072265625
0.0580596923828125 -0.0926055908203125 -0.000137329101562501 0.080322265625
-0.02264404296875 -0.114173889160156 0.0157852172851563 0.0216579437255859
-0.0877151489257812 -0.0511016845703125 -0.0387420654296875 -0.0162086486816406
-0.0807952880859375 0.033905029296875 -0.0779037475585938 0.0409774780273437
-0.0396842956542969 0.0687141418457031 -0.050628662109375 0.0956878662109375
0.0176010131835938 0.0773391723632813 0.0176239013671875 0.141250610351563
0.0479583740234375 0.0677452087402344 0.0767288208007813 0.137779235839844
0.034423828125 0.0639114379882813 0.08740234375 0.111175537109375
0.0317764282226563 0.0740585327148438 0.0699539184570313 0.111610412597656
-0.010498046875 0.0785293579101563 0.0289535522460938 0.117721557617188
-0.0577239990234375 0.0469131469726563 0.00571441650390625 0.0781097412109375
-0.0725326538085938 -0.0110244750976563 0.004669189453125 0.0508270263671875
-0.0300369262695313 -0.0761566162109375 0.0390625 0.08575439453125
0.0375213623046875 -0.0884628295898438 0.049041748046875 0.181182861328125
0.0733261108398437 -0.0508956909179687 -0.082611083984375 0.294189453125
0.061798095703125 -0.177871704101563 0.0131378173828125 0.0474357604980469
-0.0430145263671875 -0.184814453125 0.0156078338623047 0.00748443603515624
-0.134010314941406 -0.105278015136719 -0.0280227661132813 -0.0210895538330078
-0.144485473632813 0.024017333984375 -0.0625953674316406 0.0228843688964844
-0.0892791748046875 0.0992813110351563 -0.0490760803222656 0.0606536865234375
0.000183105468750014 0.136711120605469 0.00159454345703125 0.107025146484375
0.057342529296875 0.124214172363281 0.0510330200195313 0.110023498535156
0.043792724609375 0.115348815917969 0.061859130859375 0.0841522216796875
0.042449951171875 0.131729125976562 0.050567626953125 0.078369140625
-0.0165863037109375 0.135154724121094 0.0279388427734375 0.082550048828125
-0.0942459106445312 0.0907363891601563 0.0204582214355469 0.0441513061523438
-0.126441955566406 0.00720214843750003 0.0301284790039062 0.0324878692626953
-0.0857620239257812 -0.112709045410156 0.07012939453125 0.0834274291992187
-0.00271606445312501 -0.1632080078125 0.0691070556640625 0.175994873046875
0.0637359619140625 -0.137214660644531 -0.0529937744140625 0.280197143554688
0.055511474609375 -0.238082885742187 0.0323867797851563 -0.00566291809082033
-0.0593109130859375 -0.234100341796875 0.0137214660644531 -0.0207252502441406
-0.165802001953125 -0.146347045898438 -0.0195369720458984 -0.0248241424560547
-0.192184448242188 0.0107421875 -0.0404510498046875 0.005035400390625
-0.128852844238281 0.116165161132813 -0.038299560546875 0.0193138122558594
-0.0191192626953125 0.177001953125 -0.0120048522949219 0.0572052001953125
0.0576324462890625 0.16265869140625 0.0181770324707031 0.065093994140625
0.0472259521484375 0.150115966796875 0.0269737243652344 0.0443305969238281
0.0488433837890625 0.171249389648438 0.021484375 0.0326461791992188
-0.0174407958984375 0.17535400390625 0.02081298828125 0.0343208312988281
-0.115570068359375 0.126945495605469 0.0308113098144531 8.01086425781328E-05
-0.16583251953125 0.0325469970703125 0.0535202026367187 0.006011962890625
-0.138496398925781 -0.130767822265625 0.09564208984375 0.069915771484375
-0.0507354736328125 -0.215606689453125 0.07818603515625 0.1522216796875
0.039642333984375 -0.205520629882813 -0.0242767333984375 0.23663330078125
0.0366058349609375 -0.262985229492188 0.0548248291015625 -0.0736770629882813
-0.0747833251953125 -0.247589111328125 0.010467529296875 -0.0577735900878906
-0.181304931640625 -0.159622192382813 -0.0123062133789063 -0.0297126770019531
-0.21221923828125 0.00363159179687496 -0.0132083892822266 -0.0137205123901367
-0.146575927734375 0.119049072265625 -0.0201072692871094 -0.0248737335205078
-0.0333709716796875 0.189987182617187 -0.0211734771728516 -0.000764846801757803
0.0500335693359375 0.176361083984375 -0.0152606964111328 0.0100860595703125
0.04388427734375 0.162460327148438 -0.0123844146728516 -0.00185203552246093
0.047821044921875 0.185501098632812 -0.0131053924560547 -0.0179023742675781
-0.0164031982421875 0.190216064453125 0.00623893737792969 -0.0218544006347656
-0.122283935546875 0.145263671875 0.0334625244140625 -0.0486526489257812
-0.18206787109375 0.0530242919921875 0.0690879821777344 -0.0257949829101563
-0.171875 -0.129959106445313 0.107093811035156 0.0464401245117187
-0.090362548828125 -0.23590087890625 0.070220947265625 0.111122131347656
0.0113983154296875 -0.239974975585938 -0.00234985351562498 0.167205810546875
0.00666809082031249 -0.248886108398437 0.0738983154296875 -0.144683837890625
-0.08642578125 -0.221160888671875 0.00656890869140625 -0.097503662109375
-0.17205810546875 -0.139297485351563 -0.00599670410156251 -0.03558349609375
-0.194808959960938 0.00326538085937496 0.0139064788818359 -0.0330524444580078
-0.135536193847656 0.105369567871094 -0.000194549560546886 -0.06622314453125
-0.03863525390625 0.17376708984375 -0.0267562866210938 -0.0588836669921875
0.035888671875 0.1619873046875 -0.0452499389648438 -0.0465927124023437
0.033966064453125 0.149810791015625 -0.0497894287109375 -0.049346923828125
0.0378265380859375 0.171401977539063 -0.0474281311035156 -0.0668869018554688
-0.018402099609375 0.17431640625 -0.0115432739257813 -0.0771026611328125
-0.113029479980469 0.134056091308594 0.0306015014648437 -0.0927886962890625
-0.167495727539063 0.054656982421875 0.0749969482421875 -0.0544509887695312
-0.166519165039063 -0.113998413085937 0.101470947265625 0.020477294921875
-0.102508544921875 -0.216064453125 0.0478591918945313 0.061065673828125
-0.0110321044921875 -0.232467651367188 0.0115509033203125 0.083831787109375
-0.0277557373046875 -0.197341918945313 0.0847625732421875 -0.207962036132813
-0.089202880859375 -0.159378051757813 0.00187683105468749 -0.132110595703125
-0.136566162109375 -0.089141845703125 -0.00183486938476564 -0.0413818359375
-0.140960693359375 0.00837707519531248 0.0330581665039063 -0.0499534606933594
-0.0968475341796875 0.077545166015625 0.01446533203125 -0.0957870483398438
-0.0324630737304687 0.127922058105469 -0.03076171875 -0.103515625
0.0178146362304687 0.1212158203125 -0.0671844482421875 -0.0932846069335937
0.0185775756835938 0.1141357421875 -0.0783233642578125 -0.0877609252929687
0.0196380615234375 0.13311767578125 -0.0728607177734375 -0.106819152832031
-0.0240478515625 0.128974914550781 -0.025115966796875 -0.121536254882812
-0.091949462890625 0.09271240234375 0.0277481079101562 -0.122810363769531
-0.123748779296875 0.0340957641601562 0.0761947631835937 -0.071746826171875
-0.120948791503906 -0.0871353149414063 0.0845718383789062 0.00206756591796874
-0.084320068359375 -0.16082763671875 0.0205936431884766 0.0158329010009766
-0.02459716796875 -0.18145751953125 0.0216293334960938 0.00551223754882811
-0.0584640502929687 -0.118843078613281 0.08477783203125 -0.255416870117187
-0.0796356201171875 -0.07684326171875 -0.00553894042968752 -0.157470703125
-0.08392333984375 -0.02496337890625 -0.00632476806640626 -0.0466461181640625
-0.0671920776367188 0.0156822204589844 0.0381393432617188 -0.0600357055664063
-0.0421943664550781 0.040008544921875 0.019805908203125 -0.106208801269531
-0.0195388793945313 0.0642852783203125 -0.03302001953125 -0.126594543457031
-0.00109481811523437 0.0635452270507813 -0.0801010131835938 -0.12188720703125
0.000953674316406246 0.0621833801269531 -0.0948944091796875 -0.113258361816406
-0.00244140625 0.0747451782226563 -0.0845260620117188 -0.13323974609375
-0.0296287536621094 0.0636672973632813 -0.0299224853515625 -0.150527954101563
-0.0599441528320312 0.0346641540527344 0.03082275390625 -0.1336669921875
-0.0606842041015625 0.00320816040039062 0.07598876953125 -0.0734100341796875
-0.0518989562988281 -0.0501899719238281 0.0655593872070313 -0.00468063354492188
-0.0471649169921875 -0.0802459716796875 0.00127315521240234 -0.0157804489135742
-0.0325164794921875 -0.101226806640625 0.0285568237304687 -0.0535507202148438
-0.0806655883789063 -0.0248947143554688 0.072998046875 -0.2833251953125
-0.0600814819335937 0.00730133056640624 -0.0187225341796875 -0.173690795898438
-0.0259323120117187 0.0359840393066406 -0.0205650329589844 -0.0505905151367188
0.00899887084960937 0.0210628509521484 0.0262298583984375 -0.0608749389648438
0.0135898590087891 0.000453948974609375 0.0139083862304687 -0.0980072021484375
-0.00387477874755859 -0.00524663925170898 -0.0349655151367188 -0.126602172851563
-0.0190258026123047 -0.00282478332519531 -0.0821914672851562 -0.129142761230469
-0.0159797668457031 0.000564575195312498 -0.0966873168945312 -0.121307373046875
-0.0229072570800781 0.00581169128417968 -0.081695556640625 -0.142837524414063
-0.0287837982177734 -0.0097808837890625 -0.023773193359375 -0.160385131835937
-0.0173835754394531 -0.0254116058349609 0.0378875732421875 -0.12646484375
0.00923538208007813 -0.0216808319091797 0.0756378173828125 -0.0619049072265625
0.0177040100097656 -0.00146484375 0.0486679077148438 -0.00151824951171875
-0.0107765197753906 0.0125055313110352 -0.008575439453125 -0.0310325622558594
-0.0405769348144531 -0.00506210327148438 0.0322799682617188 -0.0861892700195313
0.056427001953125 -0.0938873291015625 -0.00381469726562499 0.0900726318359375
-0.0254364013671875 -0.113105773925781 0.015350341796875 0.0267753601074219
-0.0883331298828125 -0.049560546875 -0.0390510559082031 -0.0151100158691406
-0.0797653198242188 0.0347824096679687 -0.079833984375 0.0429153442382813
-0.0381278991699219 0.0694122314453125 -0.0516738891601563 0.0988235473632812
0.0195236206054688 0.0772628784179688 0.0189056396484375 0.1456298828125
0.0508270263671875 0.0656509399414063 0.080718994140625 0.142562866210938
0.0368156433105469 0.0627403259277344 0.0907821655273438 0.116188049316406
0.0357131958007812 0.0732955932617188 0.0727310180664062 0.116378784179688
-0.00712585449218751 0.0797882080078125 0.0310211181640625 0.122283935546875
-0.0568962097167969 0.049591064453125 0.0058441162109375 0.0808258056640625
-0.0740966796875 -0.00865173339843749 0.00359725952148437 0.0528488159179688
-0.0338211059570313 -0.0757369995117188 0.0413131713867188 0.0877151489257813
0.0338973999023437 -0.0908432006835938 0.0509185791015625 0.187789916992188
0.070587158203125 -0.0547637939453125 -0.085235595703125 0.30572509765625
0.0605621337890625 -0.183364868164063 0.00823593139648437 0.056793212890625
-0.046966552734375 -0.187591552734375 0.0140771865844727 0.0115165710449219
-0.138092041015625 -0.106178283691406 -0.0291481018066406 -0.0202388763427734
-0.146835327148438 0.0253143310546875 -0.0648689270019531 0.0247306823730469
-0.0897140502929687 0.1019287109375 -0.0508651733398438 0.0636558532714844
0.00189208984374999 0.139434814453125 0.0019073486328125 0.111976623535156
0.0607528686523438 0.125404357910156 0.0535049438476563 0.115554809570313
0.0473861694335938 0.117271423339844 0.0646591186523438 0.0893173217773438
0.0470733642578125 0.134223937988281 0.0518112182617188 0.0827178955078125
-0.0135955810546875 0.14019775390625 0.02923583984375 0.0872039794921875
-0.0951690673828125 0.0957870483398438 0.0196304321289062 0.0459823608398438
-0.131362915039063 0.0103988647460938 0.0292301177978516 0.0331134796142578
-0.0917510986328125 -0.114883422851562 0.0722274780273438 0.0841217041015625
-0.00804138183593751 -0.169677734375 0.07037353515625 0.181427001953125
0.061798095703125 -0.145370483398438 -0.056121826171875 0.29132080078125
0.055145263671875 -0.24725341796875 0.0283336639404297 0.000101089477539047
-0.0638580322265625 -0.23980712890625 0.0117921829223633 -0.0173397064208985
-0.17303466796875 -0.149246215820313 -0.0207233428955078 -0.024007797241211
-0.197433471679688 0.0123443603515625 -0.0422248840332031 0.0066375732421875
-0.131362915039062 0.120323181152344 -0.0406990051269531 0.0222206115722656
-0.0181427001953125 0.181777954101563 -0.0121688842773438 0.0620307922363281
0.0616302490234375 0.166259765625 0.0201568603515625 0.0697250366210938
0.0510711669921875 0.1541748046875 0.0283470153808594 0.0486259460449219
0.0537109375 0.1761474609375 0.0218086242675781 0.0371055603027344
-0.0148773193359375 0.182266235351563 0.0213890075683594 0.0376663208007813
-0.118598937988281 0.134696960449219 0.0298404693603516 0.000511169433593758
-0.173263549804688 0.0359649658203125 0.0522842407226562 0.00576019287109375
-0.14739990234375 -0.1348876953125 0.0977096557617187 0.0699462890625
-0.0575714111328125 -0.22564697265625 0.079315185546875 0.156051635742188
0.039093017578125 -0.216659545898438 -0.0264129638671875 0.2440185546875
0.03765869140625 -0.274932861328125 0.0506439208984375 -0.0712661743164063
-0.079193115234375 -0.256240844726563 0.00852203369140625 -0.0566940307617188
-0.190216064453125 -0.164596557617188 -0.0137405395507813 -0.029266357421875
-0.220840454101562 0.00483703613281251 -0.0148658752441406 -0.0121908187866211
-0.151092529296875 0.124008178710938 -0.0225887298583985 -0.0231819152832031
-0.0332794189453125 0.197998046875 -0.0222320556640625 0.00182533264160158
0.053619384765625 0.181976318359375 -0.0148134231567383 0.0133237838745117
0.0470123291015625 0.16778564453125 -0.0124149322509766 0.000747680664062509
0.0527191162109375 0.191848754882813 -0.0146722793579102 -0.0142354965209961
-0.01446533203125 0.198684692382813 0.00597000122070312 -0.0201148986816406
-0.126449584960938 0.15350341796875 0.03131103515625 -0.0491790771484375
-0.191070556640625 0.056396484375 0.0680770874023437 -0.0266151428222656
-0.182052612304688 -0.13568115234375 0.108207702636719 0.045806884765625
-0.0976715087890625 -0.247512817382812 0.070587158203125 0.112442016601563
0.011566162109375 -0.252517700195313 -0.00396728515625 0.170639038085937
0.00892639160156249 -0.260894775390625 0.0704498291015625 -0.14776611328125
-0.0903167724609375 -0.230987548828125 0.00396728515625 -0.0988082885742188
-0.181304931640625 -0.145584106445313 -0.00666809082031251 -0.0357589721679688
-0.204940795898438 0.00357055664062502 0.01263427734375 -0.0325870513916016
-0.141372680664063 0.111190795898438 -0.00197982788085939 -0.065673828125
-0.0395050048828125 0.182373046875 -0.0288848876953125 -0.0578269958496094
0.0383453369140625 0.168472290039063 -0.0461502075195312 -0.0450325012207031
0.035919189453125 0.156906127929688 -0.0512008666992188 -0.0467071533203125
0.041717529296875 0.179534912109375 -0.0497245788574219 -0.0652427673339844
-0.0169677734375 0.182937622070312 -0.0131683349609375 -0.0771865844726562
-0.118240356445313 0.142181396484375 0.0284576416015625 -0.0947647094726562
-0.176467895507812 0.0576629638671875 0.074005126953125 -0.0565719604492187
-0.176422119140625 -0.120819091796875 0.101806640625 0.0200881958007812
-0.10888671875 -0.227279663085937 0.0464248657226562 0.061431884765625
-0.00939941406249999 -0.244308471679688 0.010833740234375 0.0828094482421875
-0.0255889892578125 -0.20758056640625 0.08343505859375 -0.215042114257813
-0.0911865234375 -0.168930053710938 -0.00154876708984376 -0.136734008789063
-0.143829345703125 -0.0952301025390625 -0.00378417968750001 -0.0423698425292969
-0.150161743164063 0.00794982910156252 0.0328102111816406 -0.0504379272460937
-0.103073120117188 0.0817413330078125 0.0125656127929687 -0.0965957641601563
-0.0345001220703125 0.136131286621094 -0.03289794921875 -0.104110717773437
0.0194320678710938 0.128509521484375 -0.0690765380859375 -0.0935745239257813
0.019744873046875 0.121109008789063 -0.0807571411132813 -0.08758544921875
0.0218124389648437 0.139625549316406 -0.0766067504882813 -0.1075439453125
-0.0245895385742188 0.136917114257813 -0.0275497436523438 -0.123786926269531
-0.0973663330078125 0.0994491577148438 0.025909423828125 -0.125930786132813
-0.131752014160156 0.03533935546875 0.0757217407226562 -0.0745010375976563
-0.128410339355469 -0.0943069458007813 0.0847091674804687 0.00196838378906249
-0.0883636474609375 -0.170120239257812 0.0188694000244141 0.0141983032226562
-0.02197265625 -0.19134521484375 0.0217723846435547 0.000921249389648426
-0.05572509765625 -0.125617980957031 0.085723876953125 -0.266647338867188
-0.0800399780273438 -0.08343505859375 -0.00817871093750001 -0.164535522460938
-0.08807373046875 -0.0298995971679688 -0.00693511962890626 -0.048828125
-0.0733184814453125 0.0141525268554687 0.0375709533691406 -0.0612831115722656
-0.0475006103515625 0.0419082641601563 0.0185699462890625 -0.107856750488281
-0.0216255187988281 0.0701675415039063 -0.0350875854492187 -0.129478454589844
-0.00118637084960938 0.0688400268554687 -0.0828399658203125 -0.124778747558594
0.000827789306640624 0.0671577453613281 -0.0979690551757813 -0.115470886230469
-0.00211334228515625 0.0803985595703125 -0.0883102416992187 -0.135551452636719
-0.0308609008789063 0.0704193115234375 -0.0324554443359375 -0.153106689453125
-0.0648612976074219 0.038726806640625 0.0302886962890625 -0.137680053710937
-0.0673179626464844 0.00273132324218749 0.0765533447265625 -0.075836181640625
-0.0563011169433594 -0.0561676025390625 0.0658073425292969 -0.00487518310546875
-0.0484542846679688 -0.087615966796875 -0.000856399536132817 -0.0188655853271484
-0.0293502807617187 -0.10791015625 0.0294914245605469 -0.0624122619628906
-0.0778732299804688 -0.0275650024414063 0.07464599609375 -0.296142578125
-0.0584564208984375 0.00501251220703126 -0.0214080810546875 -0.181915283203125
-0.0262584686279297 0.0340118408203125 -0.022552490234375 -0.0525360107421875
0.00585365295410156 0.0186653137207031 0.026214599609375 -0.0625762939453125
0.0109701156616211 -0.000532150268554687 0.0135726928710938 -0.10052490234375
-0.00587892532348633 -0.00269031524658203 -0.0358505249023437 -0.130752563476563
-0.0203704833984375 0.000967025756835937 -0.0853424072265625 -0.134368896484375
-0.0174293518066406 0.00356292724609375 -0.100601196289063 -0.125236511230469
-0.0241680145263672 0.009124755859375 -0.08575439453125 -0.146621704101562
-0.0308246612548828 -0.00639915466308594 -0.026611328125 -0.16412353515625
-0.0219593048095703 -0.0236339569091797 0.0379562377929687 -0.130508422851563
0.00531387329101562 -0.0232295989990234 0.0768508911132813 -0.0647811889648437
0.0166616439819336 -0.00597095489501953 0.0494651794433594 -0.001861572265625
-0.00949001312255859 0.00872516632080078 -0.00986099243164063 -0.0348644256591797
-0.0370750427246094 -0.00810623168945313 0.0344924926757813 -0.096771240234375
0.054351806640625 -0.0971527099609375 -0.0053558349609375 0.103858947753906
-0.0313796997070313 -0.11328125 0.0157814025878906 0.0328273773193359
-0.0917205810546875 -0.04754638671875 -0.0403175354003906 -0.0146141052246094
-0.0788040161132813 0.037322998046875 -0.0821609497070313 0.0467605590820312
-0.036163330078125 0.0729446411132813 -0.0525436401367187 0.104949951171875
0.022430419921875 0.0778274536132813 0.02362060546875 0.153228759765625
0.0547637939453125 0.0647621154785156 0.0880889892578125 0.149139404296875
0.0411758422851563 0.062774658203125 0.0978012084960937 0.1214599609375
0.0409393310546875 0.0730133056640625 0.0787353515625 0.121879577636719
-0.0030364990234375 0.0826034545898438 0.0358810424804688 0.12890625
-0.0555305480957031 0.054595947265625 0.00719451904296875 0.0852203369140625
-0.0778579711914063 -0.00511932373046873 0.00382614135742187 0.0551300048828125
-0.038665771484375 -0.0758743286132813 0.0459365844726562 0.090240478515625
0.0286788940429688 -0.095306396484375 0.057037353515625 0.197219848632812
0.0685615539550781 -0.0606346130371094 -0.084869384765625 0.325592041015625
0.05804443359375 -0.193267822265625 0.00524520874023438 0.0673675537109375
-0.054901123046875 -0.1922607421875 0.013458251953125 0.016474723815918
-0.14605712890625 -0.106170654296875 -0.0295543670654297 -0.0192813873291016
-0.151779174804688 0.0287933349609375 -0.0670967102050781 0.027740478515625
-0.0899276733398438 0.108261108398437 -0.0530738830566406 0.0687332153320312
0.00607299804687499 0.14434814453125 0.0048370361328125 0.118492126464844
0.0671920776367188 0.127372741699219 0.0594635009765625 0.121963500976563
0.0531158447265625 0.120254516601562 0.069793701171875 0.0939788818359375
0.0539779663085937 0.138214111328125 0.0564346313476562 0.08807373046875
-0.00875854492187501 0.147354125976563 0.0335617065429688 0.0922927856445313
-0.0962066650390625 0.104667663574219 0.0199050903320312 0.0488853454589844
-0.138603210449219 0.015777587890625 0.0289077758789062 0.034881591796875
-0.101821899414062 -0.118057250976563 0.0774688720703125 0.0854949951171875
-0.01666259765625 -0.17901611328125 0.076446533203125 0.188751220703125
0.05889892578125 -0.157058715820313 -0.05548095703125 0.308349609375
0.0524749755859375 -0.262130737304688 0.0239963531494141 0.00615882873535155
-0.07342529296875 -0.248886108398438 0.00984382629394531 -0.01470947265625
-0.185638427734375 -0.152023315429688 -0.0211830139160156 -0.0236053466796875
-0.207244873046875 0.017608642578125 -0.0448112487792969 0.00901031494140626
-0.134757995605469 0.129150390625 -0.042816162109375 0.0256767272949219
-0.0141754150390625 0.191314697265625 -0.0118370056152344 0.0678329467773438
0.0694732666015625 0.171859741210938 0.02398681640625 0.075531005859375
0.0581817626953125 0.160369873046875 0.0312080383300781 0.0533866882324219
0.0626983642578125 0.183029174804688 0.0232391357421875 0.041839599609375
-0.00888061523437498 0.192474365234375 0.0238990783691406 0.0411529541015625
-0.121688842773437 0.146896362304688 0.0291328430175781 0.00110626220703126
-0.183731079101563 0.0431976318359375 0.0522270202636719 0.0053558349609375
-0.161544799804688 -0.139663696289062 0.102424621582031 0.0697250366210937
-0.070037841796875 -0.237869262695313 0.08404541015625 0.16162109375
0.0350189208984375 -0.231613159179688 -0.0251312255859375 0.256927490234375
0.034027099609375 -0.292510986328125 0.0460052490234375 -0.0709304809570313
-0.08953857421875 -0.268325805664063 0.00465011596679687 -0.056976318359375
-0.205795288085938 -0.168624877929687 -0.0147666931152344 -0.02899169921875
-0.233688354492188 0.01007080078125 -0.0171918869018555 -0.0111217498779297
-0.156585693359375 0.135330200195313 -0.0251522064208984 -0.0212974548339844
-0.0303955078125 0.21002197265625 -0.0239715576171875 0.0062084197998047
0.06158447265625 0.190383911132813 -0.0142459869384766 0.0173540115356445
0.05487060546875 0.176666259765625 -0.0121526718139648 0.00491809844970704
0.0624847412109375 0.201812744140625 -0.0166816711425781 -0.0110692977905273
-0.00860595703125001 0.211578369140625 0.00563240051269531 -0.0189189910888672
-0.129791259765625 0.16705322265625 0.0299949645996094 -0.051483154296875
-0.20257568359375 0.0646820068359375 0.0673751831054687 -0.0291786193847656
-0.1982421875 -0.140350341796875 0.111968994140625 0.0446624755859375
-0.11181640625 -0.26019287109375 0.0738296508789063 0.116043090820312
0.00772094726562502 -0.26995849609375 -0.00271606445312498 0.1781005859375
0.00599670410156252 -0.2783203125 0.0667877197265625 -0.153518676757813
-0.0999603271484375 -0.243881225585938 -0.000839233398437501 -0.10302734375
-0.196578979492188 -0.150787353515625 -0.00976181030273439 -0.0363349914550781
-0.218490600585938 0.00852966308593753 0.0106029510498047 -0.0327873229980469
-0.147872924804687 0.121047973632813 -0.00517654418945313 -0.0660324096679687
-0.037109375 0.1947021484375 -0.0320053100585937 -0.0565872192382812
0.0451202392578125 0.178009033203125 -0.0483131408691406 -0.0438575744628906
0.0423431396484375 0.165481567382812 -0.0535354614257813 -0.0453720092773437
0.04864501953125 0.189376831054688 -0.0546188354492188 -0.0637550354003906
-0.012939453125 0.19512939453125 -0.015777587890625 -0.0779571533203125
-0.122909545898437 0.155517578125 0.025482177734375 -0.0997772216796875
-0.187728881835938 0.0640869140625 0.0738449096679687 -0.06085205078125
-0.191253662109375 -0.126205444335937 0.104194641113281 0.0183181762695312
-0.122222900390625 -0.239959716796875 0.0468292236328125 0.0622825622558594
-0.0124359130859375 -0.260147094726563 0.01116943359375 0.0843734741210937
-0.0262908935546875 -0.221694946289063 0.0794830322265625 -0.228057861328125
-0.0984039306640625 -0.180160522460938 -0.00677490234375 -0.14459228515625
-0.15618896484375 -0.100784301757813 -0.00614166259765626 -0.0448837280273438
-0.16259765625 0.011260986328125 0.0310325622558594 -0.0526008605957031
-0.109184265136719 0.0891265869140625 0.010009765625 -0.0994415283203125
-0.033905029296875 0.146530151367188 -0.0369415283203125 -0.106796264648437
0.023345947265625 0.136772155761719 -0.0748062133789062 -0.0956878662109375
0.0236358642578125 0.128974914550781 -0.085968017578125 -0.0884246826171875
0.0266876220703125 0.150039672851563 -0.0832290649414062 -0.107803344726563
-0.0223388671875 0.147750854492187 -0.0325469970703125 -0.127037048339844
-0.10205078125 0.110031127929688 0.022857666015625 -0.13177490234375
-0.14154052734375 0.0396881103515625 0.0756683349609375 -0.0792236328125
-0.139785766601563 -0.099334716796875 0.0861892700195312 0.000129699707031244
-0.0976409912109375 -0.181396484375 0.0173549652099609 0.0128631591796875
-0.0239410400390625 -0.205276489257813 0.0212860107421875 -0.00513076782226564
-0.0565261840820313 -0.13458251953125 0.0819091796875 -0.284515380859375
-0.0837249755859375 -0.0910873413085937 -0.014373779296875 -0.175216674804687
-0.09442138671875 -0.0333099365234375 -0.0101776123046875 -0.0514183044433594
-0.0808181762695313 0.0147705078125 0.0368919372558594 -0.0637321472167969
-0.0519599914550781 0.0455245971679687 0.016571044921875 -0.112266540527344
-0.0227279663085938 0.0775375366210937 -0.0393600463867187 -0.1337890625
0.000335693359375007 0.076324462890625 -0.0896682739257812 -0.1295166015625
0.0025634765625 0.072998046875 -0.104507446289063 -0.117912292480469
-0.000350952148437491 0.08807373046875 -0.0964431762695313 -0.138671875
-0.0314788818359375 0.07861328125 -0.0389251708984375 -0.158721923828125
-0.0702476501464844 0.0453567504882812 0.0272674560546875 -0.1448974609375
-0.0741043090820313 0.00453948974609375 0.0777435302734375 -0.08160400390625
-0.0630760192871094 -0.0624008178710937 0.0665969848632813 -0.00605010986328125
-0.0525283813476563 -0.0953750610351563 -0.00334739685058594 -0.0215339660644531
-0.0277328491210937 -0.116806030273438 0.0304489135742188 -0.0720062255859375
-0.0775604248046875 -0.0284652709960938 0.072662353515625 -0.316162109375
-0.0577888488769531 0.00255966186523436 -0.0268402099609375 -0.194473266601563
-0.0264472961425781 0.0322475433349609 -0.025604248046875 -0.0562057495117187
0.00462150573730469 0.0172185897827148 0.0253791809082031 -0.0656929016113281
0.0087432861328125 -0.00101089477539063 0.012542724609375 -0.104598999023437
-0.00871658325195313 -0.000659942626953125 -0.0405120849609375 -0.136405944824219
-0.022125244140625 0.00496482849121094 -0.0919189453125 -0.139457702636719
-0.0186557769775391 0.00720787048339844 -0.10772705078125 -0.129905700683594
-0.0256366729736328 0.0135574340820312 -0.0937042236328125 -0.151901245117188
-0.0333023071289063 -0.00184059143066406 -0.0326690673828125 -0.171249389648438
-0.0258903503417969 -0.0215511322021484 0.0356292724609375 -0.13909912109375
0.00218391418457031 -0.0251903533935547 0.0786819458007813 -0.070037841796875
0.0155725479125977 -0.0101680755615234 0.0504951477050781 -0.00333404541015625
-0.008331298828125 0.00486946105957031 -0.0117149353027344 -0.0390815734863281
-0.0339221954345703 -0.0106372833251953 0.035369873046875 -0.109504699707031
0.049346923828125 -0.101829528808594 -0.00244140625000001 0.117477416992188
-0.0389404296875 -0.112266540527344 0.0180130004882812 0.0382194519042969
-0.0958404541015625 -0.0430450439453125 -0.0415382385253906 -0.0122871398925781
-0.0781784057617188 0.0420455932617187 -0.0830917358398438 0.0527114868164063
-0.03240966796875 0.0763931274414063 -0.0500869750976563 0.112495422363281
0.0285415649414063 0.0781173706054688 0.0319366455078125 0.158767700195313
0.0602149963378906 0.0617790222167969 0.10089111328125 0.152603149414063
0.0471382141113281 0.0605735778808594 0.108085632324219 0.123695373535156
0.047637939453125 0.0715484619140625 0.0886764526367188 0.125740051269531
0.00368499755859375 0.0851211547851563 0.0441436767578125 0.133628845214844
-0.0529708862304687 0.0604362487792969 0.0105438232421875 0.089263916015625
-0.0807876586914063 0.000663757324218759 0.0058746337890625 0.0580902099609375
-0.0451278686523437 -0.0752410888671875 0.0525741577148438 0.0910873413085938
0.0218658447265625 -0.0998382568359375 0.069122314453125 0.204421997070313
0.0642662048339844 -0.0671005249023438 -0.07476806640625 0.347991943359375
0.0501556396484375 -0.204574584960938 0.00525665283203125 0.0792465209960937
-0.0675048828125 -0.195358276367187 0.0140533447265625 0.0216426849365234
-0.157150268554688 -0.102310180664063 -0.031158447265625 -0.0173702239990235
-0.15557861328125 0.03741455078125 -0.0689125061035156 0.0328598022460938
-0.0880050659179688 0.11676025390625 -0.0523910522460937 0.0759124755859375
0.0138092041015625 0.149810791015625 0.0107574462890625 0.125541687011719
0.0764312744140625 0.128395080566406 0.069610595703125 0.126296997070312
0.0624771118164062 0.121574401855469 0.078460693359375 0.09771728515625
0.0654373168945313 0.140281677246094 0.0630645751953125 0.0926361083984375
0.00137329101562501 0.15380859375 0.0400009155273438 0.0964202880859375
-0.09381103515625 0.116104125976562 0.0220489501953125 0.0506134033203125
-0.1456298828125 0.025360107421875 0.0301399230957031 0.0354843139648438
-0.114990234375 -0.118080139160156 0.084014892578125 0.0845260620117187
-0.0307464599609375 -0.186767578125 0.0879364013671875 0.194564819335938
0.0509490966796875 -0.169387817382812 -0.044708251953125 0.32806396484375
0.04180908203125 -0.278671264648437 0.0210800170898438 0.0130290985107422
-0.0897216796875 -0.25506591796875 0.00745677947998046 -0.0113563537597656
-0.201690673828125 -0.1492919921875 -0.0232563018798828 -0.0221118927001953
-0.215927124023437 0.0282135009765625 -0.0468292236328125 0.0130958557128906
-0.134552001953125 0.142181396484375 -0.0446395874023438 0.0307388305664063
-0.0045928955078125 0.201309204101562 -0.00901794433593751 0.0737991333007813
0.080841064453125 0.175750732421875 0.0301666259765625 0.0805587768554688
0.0697784423828125 0.164825439453125 0.0367698669433594 0.0574874877929688
0.0768585205078125 0.188674926757813 0.0260581970214844 0.0461387634277344
0.00292968750000001 0.2027587890625 0.0274200439453125 0.0438575744628906
-0.119171142578125 0.162460327148438 0.0292034149169922 0.000616073608398447
-0.192596435546875 0.0560760498046875 0.05242919921875 0.00415420532226563
-0.179473876953125 -0.138916015625 0.108413696289062 0.06719970703125
-0.089385986328125 -0.2467041015625 0.09307861328125 0.165283203125
0.024078369140625 -0.248489379882813 -0.0160369873046875 0.270904541015625
0.021697998046875 -0.311126708984375 0.040069580078125 -0.0709304809570313
-0.1077880859375 -0.277389526367187 -0.00065231323242188 -0.0563468933105469
-0.224945068359375 -0.166976928710938 -0.0174388885498047 -0.0283088684082031
-0.245803833007813 0.0227813720703125 -0.0194568634033203 -0.00936508178710937
-0.158416748046875 0.150070190429688 -0.0286026000976563 -0.018707275390625
-0.020782470703125 0.223388671875 -0.0249118804931641 0.0102348327636719
0.073974609375 0.19683837890625 -0.0122394561767578 0.0215320587158203
0.0664825439453125 0.183212280273438 -0.0109472274780273 0.00833606719970704
0.076568603515625 0.208847045898438 -0.0176734924316406 -0.00739288330078123
0.00384521484375 0.22247314453125 0.00530433654785156 -0.0178337097167969
-0.1279296875 0.1846923828125 0.0267219543457031 -0.0542259216308594
-0.212554931640625 0.0794525146484375 0.0659408569335937 -0.0325088500976562
-0.21875 -0.138900756835938 0.116165161132812 0.0404891967773437
-0.133575439453125 -0.268844604492188 0.0796356201171875 0.117668151855469
-0.00381469726562498 -0.28741455078125 0.00305175781250001 0.185134887695313
-0.00527954101562499 -0.296478271484375 0.05743408203125 -0.160369873046875
-0.117172241210937 -0.25390625 -0.00934600830078126 -0.106758117675781
-0.216278076171875 -0.1500244140625 -0.0125961303710938 -0.0366363525390625
-0.23223876953125 0.020477294921875 0.0089893341064453 -0.0332546234130859
-0.15142822265625 0.135528564453125 -0.00978851318359375 -0.0666275024414062
-0.0295562744140625 0.208663940429688 -0.0367698669433594 -0.0547866821289062
0.056060791015625 0.185501098632812 -0.0519218444824219 -0.0410804748535156
0.0531463623046875 0.173355102539063 -0.0571365356445313 -0.0417594909667969
0.062835693359375 0.19830322265625 -0.0600090026855469 -0.0603446960449219
-0.00201416015625001 0.207565307617188 -0.0207061767578125 -0.0790939331054687
-0.121994018554687 0.171554565429687 0.0205917358398437 -0.104141235351563
-0.197341918945313 0.077728271484375 0.0713119506835937 -0.06585693359375
-0.210556030273437 -0.125091552734375 0.107124328613281 0.0143356323242187
-0.141525268554688 -0.247833251953125 0.0490226745605469 0.061920166015625
-0.0240631103515625 -0.276565551757812 0.0134353637695313 0.0839691162109375
-0.034515380859375 -0.23602294921875 0.0690155029296875 -0.24176025390625
-0.110977172851563 -0.1888427734375 -0.0170440673828125 -0.151107788085938
-0.171585083007813 -0.100753784179687 -0.0106124877929688 -0.0461540222167969
-0.174209594726563 0.0199127197265625 0.029052734375 -0.0549888610839844
-0.112800598144531 0.100273132324219 0.00501251220703123 -0.10235595703125
-0.0289154052734375 0.159515380859375 -0.0437774658203125 -0.107307434082031
0.0323028564453125 0.145233154296875 -0.0816497802734375 -0.0951309204101562
0.031646728515625 0.136749267578125 -0.0930862426757813 -0.0862274169921875
0.036712646484375 0.15802001953125 -0.09246826171875 -0.105995178222656
-0.014312744140625 0.15887451171875 -0.0409011840820313 -0.129364013671875
-0.104095458984375 0.12335205078125 0.016143798828125 -0.138420104980469
-0.150665283203125 0.0489654541015625 0.072845458984375 -0.0854644775390625
-0.155242919921875 -0.10064697265625 0.0876846313476562 -0.00347137451171876
-0.111862182617188 -0.188613891601563 0.0157318115234375 0.0113668441772461
-0.0305023193359375 -0.2183837890625 0.0205478668212891 -0.0111980438232422
-0.0606231689453125 -0.141876220703125 0.070831298828125 -0.302825927734375
-0.0902938842773438 -0.0966796875 -0.0256500244140625 -0.185256958007812
-0.102104187011719 -0.0345382690429688 -0.0147285461425781 -0.05340576171875
-0.0883102416992188 0.01922607421875 0.034271240234375 -0.0676956176757813
-0.0549964904785156 0.0507316589355469 0.011474609375 -0.116546630859375
-0.0214309692382813 0.085693359375 -0.0470809936523437 -0.1368408203125
0.00476837158203126 0.0828170776367188 -0.099334716796875 -0.130393981933594
0.0062408447265625 0.0796279907226563 -0.114578247070313 -0.11798095703125
0.00502777099609374 0.094879150390625 -0.107856750488281 -0.138961791992187
-0.0280990600585937 0.0868911743164062 -0.0483551025390625 -0.162689208984375
-0.0736083984375 0.0535507202148437 0.0198822021484375 -0.152801513671875
-0.0817337036132813 0.00788879394531251 0.075531005859375 -0.0886383056640625
-0.0718154907226563 -0.0658645629882812 0.0680694580078125 -0.00923919677734376
-0.0595016479492187 -0.101585388183594 -0.00666427612304688 -0.0242576599121094
-0.03009033203125 -0.125923156738281 0.0273361206054687 -0.08380126953125
-0.0778350830078125 -0.0285186767578125 0.060821533203125 -0.338165283203125
-0.0584182739257812 0.00138854980468751 -0.0388031005859375 -0.205520629882813
-0.0264186859130859 0.0315608978271484 -0.0300331115722656 -0.0578689575195313
0.00268936157226562 0.0162267684936523 0.0232429504394531 -0.0691680908203125
0.00641155242919922 -0.00146675109863281 0.00850677490234376 -0.109748840332031
-0.0105533599853516 0.00253200531005859 -0.0476837158203125 -0.141036987304688
-0.0226707458496094 0.00890159606933593 -0.103164672851562 -0.143035888671875
-0.0193977355957031 0.0109004974365234 -0.118949890136719 -0.131034851074219
-0.0256519317626953 0.0179977416992188 -0.105819702148437 -0.1541748046875
-0.0350456237792969 0.00315666198730469 -0.0435028076171875 -0.176467895507813
-0.0311145782470703 -0.0186367034912109 0.0296173095703125 -0.147186279296875
-0.00245857238769531 -0.0266017913818359 0.0786209106445313 -0.0774765014648438
0.0131759643554688 -0.0152978897094727 0.0521278381347656 -0.00568008422851563
-0.00780200958251953 0.00167036056518555 -0.0162734985351562 -0.0432624816894531
-0.0320091247558594 -0.0135841369628906 0.032501220703125 -0.12420654296875
0.0434951782226563 -0.1038818359375 0.00333404541015625 0.129188537597656
-0.0463180541992187 -0.107528686523437 0.0214691162109375 0.0428199768066406
-0.0985641479492188 -0.036865234375 -0.0416259765625 -0.00920486450195313
-0.0755081176757812 0.04656982421875 -0.0812301635742188 0.0585784912109375
-0.026519775390625 0.0785140991210938 -0.0441970825195312 0.118354797363281
0.0338592529296875 0.0754241943359375 0.0416107177734375 0.160507202148438
0.0649452209472656 0.0581626892089844 0.112457275390625 0.150039672851562
0.0528678894042969 0.0571861267089844 0.118888854980469 0.120597839355469
0.0545692443847656 0.066192626953125 0.0986251831054688 0.125137329101563
0.0126800537109375 0.0845489501953125 0.0543441772460937 0.134269714355469
-0.0483627319335938 0.0656394958496094 0.0153045654296875 0.0912246704101563
-0.081939697265625 0.00788116455078124 0.00939178466796874 0.0600776672363281
-0.0518569946289062 -0.0717239379882813 0.05950927734375 0.089447021484375
0.0126800537109375 -0.101814270019531 0.0819244384765625 0.20526123046875
0.057647705078125 -0.071990966796875 -0.0562744140625 0.3631591796875
0.0375823974609375 -0.211029052734375 0.00765228271484376 0.0899581909179687
-0.081939697265625 -0.192718505859375 0.0142192840576172 0.0270271301269531
-0.165328979492188 -0.093658447265625 -0.031890869140625 -0.0150737762451172
-0.155502319335938 0.047393798828125 -0.0682830810546875 0.0376930236816406
-0.0825347900390625 0.124870300292969 -0.0497589111328125 0.0814666748046875
0.023834228515625 0.151870727539063 0.0176849365234375 0.128959655761719
0.0856475830078125 0.125312805175781 0.080810546875 0.1259765625
0.0721206665039062 0.120079040527344 0.0874481201171875 0.0977325439453125
0.0776824951171875 0.137939453125 0.0703506469726563 0.0941009521484375
0.0135345458984375 0.156417846679688 0.047454833984375 0.0970916748046875
-0.0873794555664062 0.126480102539063 0.0250015258789062 0.0513801574707031
-0.147964477539063 0.03759765625 0.0313301086425781 0.03558349609375
-0.126960754394531 -0.112823486328125 0.0900650024414062 0.0804519653320313
-0.047454833984375 -0.188858032226563 0.0995941162109375 0.194595336914063
0.0389862060546875 -0.178482055664063 -0.028076171875 0.3408203125
0.0252685546875 -0.28961181640625 0.0189113616943359 0.020294189453125
-0.107620239257813 -0.2535400390625 0.00486564636230468 -0.00713682174682619
-0.215240478515625 -0.139175415039062 -0.0248680114746094 -0.0202255249023438
-0.219711303710938 0.042510986328125 -0.0478172302246094 0.0170135498046875
-0.128662109375 0.154449462890625 -0.0440711975097656 0.0366630554199219
0.00840759277343749 0.206817626953125 -0.00502777099609374 0.078948974609375
0.094757080078125 0.175094604492188 0.0369033813476563 0.082183837890625
0.0821075439453125 0.16461181640625 0.04254150390625 0.0591964721679688
0.0924072265625 0.186874389648438 0.0303192138671875 0.0486793518066406
0.0180816650390625 0.206878662109375 0.0315513610839844 0.0445098876953125
-0.111526489257812 0.175872802734375 0.0280857086181641 -0.000253677368164052
-0.195404052734375 0.0713653564453125 0.0509986877441406 0.00307083129882813
-0.195083618164063 -0.131484985351562 0.112922668457031 0.0619125366210938
-0.110626220703125 -0.248046875 0.102828979492188 0.163818359375
0.00894165039062499 -0.258895874023437 -0.0016937255859375 0.279281616210938
0.00506591796875002 -0.322967529296875 0.0336418151855469 -0.0685272216796875
-0.128250122070313 -0.277587890625 -0.00628662109375001 -0.0545539855957031
-0.242034912109375 -0.15716552734375 -0.0204277038574219 -0.0265293121337891
-0.252151489257813 0.0391693115234375 -0.0211849212646484 -0.00702857971191406
-0.15472412109375 0.164871215820313 -0.0306053161621094 -0.0150909423828125
-0.00689697265625002 0.231674194335938 -0.0242061614990234 0.0150375366210938
0.08843994140625 0.197860717773438 -0.0104255676269531 0.0253200531005859
0.0804595947265625 0.184432983398438 -0.00913906097412109 0.0118350982666016
0.093505859375 0.210617065429687 -0.0183639526367187 -0.0031604766845703
0.0201873779296875 0.229400634765625 0.00572872161865234 -0.0168647766113281
-0.119705200195312 0.200103759765625 0.0224533081054687 -0.0563735961914062
-0.2158203125 0.0964202880859376 0.0623283386230469 -0.0352439880371094
-0.23577880859375 -0.130172729492187 0.118858337402344 0.0343246459960937
-0.156509399414062 -0.268783569335938 0.0852508544921875 0.115608215332031
-0.0208740234375 -0.298431396484375 0.01239013671875 0.187759399414062
-0.021453857421875 -0.307708740234375 0.0449066162109375 -0.163253784179688
-0.135955810546875 -0.255126953125 -0.0193634033203125 -0.10626220703125
-0.233108520507812 -0.14166259765625 -0.0168647766113281 -0.0351905822753906
-0.240097045898438 0.03619384765625 0.00651359558105467 -0.0335865020751953
-0.147933959960937 0.1500244140625 -0.0147514343261719 -0.0645828247070312
-0.016082763671875 0.218124389648438 -0.0414199829101563 -0.0507354736328125
0.0705413818359375 0.189407348632813 -0.0542106628417969 -0.0372657775878906
0.06695556640625 0.17620849609375 -0.0588607788085938 -0.0370521545410156
0.0789642333984375 0.20123291015625 -0.0645866394042969 -0.0547637939453125
0.013397216796875 0.214630126953125 -0.0248947143554688 -0.0778961181640625
-0.11602783203125 0.18768310546875 0.0125503540039062 -0.106948852539062
-0.201446533203125 0.09332275390625 0.0652503967285156 -0.0695877075195313
-0.22772216796875 -0.116470336914063 0.108360290527344 0.00908660888671874
-0.162673950195312 -0.247695922851563 0.0499763488769531 0.0601539611816406
-0.03887939453125 -0.28619384765625 0.0163650512695312 0.0829010009765625
-0.0478057861328125 -0.24481201171875 0.0524444580078125 -0.249923706054688
-0.124862670898437 -0.190093994140625 -0.031219482421875 -0.154296875
-0.184234619140625 -0.0951080322265625 -0.0144805908203125 -0.0458946228027344
-0.181503295898438 0.0322113037109375 0.0245857238769531 -0.0562553405761719
-0.112358093261719 0.111289978027344 -0.0022125244140625 -0.102485656738281
-0.0193328857421875 0.16796875 -0.051177978515625 -0.104789733886719
0.0435333251953125 0.14996337890625 -0.0885467529296875 -0.091064453125
0.0420379638671875 0.141128540039063 -0.0997695922851563 -0.0803756713867188
0.0493621826171875 0.16192626953125 -0.10076904296875 -0.100631713867187
-0.00367736816406251 0.166305541992187 -0.0494918823242187 -0.128227233886719
-0.100898742675781 0.137077331542969 0.0068206787109375 -0.142837524414063
-0.155181884765625 0.0612945556640625 0.0662460327148437 -0.0897216796875
-0.169464111328125 -0.096710205078125 0.0874862670898437 -0.00708770751953126
-0.127410888671875 -0.1895751953125 0.014592170715332 0.00971603393554686
-0.0404052734375 -0.227279663085938 0.0174350738525391 -0.017054557800293
-0.0669708251953125 -0.146163940429687 0.052032470703125 -0.315826416015625
-0.097869873046875 -0.0984573364257812 -0.0405426025390625 -0.189178466796875
-0.108688354492188 -0.032958984375 -0.0212326049804688 -0.0537452697753906
-0.0938034057617188 0.0247421264648438 0.0306777954101563 -0.0699539184570313
-0.0564727783203125 0.0577926635742188 0.00511932373046875 -0.119522094726563
-0.0168533325195312 0.0925521850585938 -0.0565567016601563 -0.135879516601563
0.0108184814453125 0.088714599609375 -0.109909057617188 -0.128196716308594
0.0122756958007812 0.0840682983398438 -0.123321533203125 -0.111991882324219
0.0117111206054688 0.101158142089844 -0.119178771972656 -0.134391784667969
-0.0223922729492187 0.0940475463867188 -0.0601043701171875 -0.162384033203125
-0.0738143920898438 0.0626373291015625 0.00993347167968749 -0.157546997070313
-0.0867080688476563 0.0138168334960938 0.0699234008789063 -0.0953750610351562
-0.0807952880859375 -0.0661392211914063 0.0670509338378906 -0.0133819580078125
-0.066986083984375 -0.104148864746094 -0.0110740661621094 -0.0259952545166016
-0.0348052978515625 -0.131477355957031 0.0213470458984375 -0.0932693481445313
-0.0774993896484375 -0.0277633666992187 0.0413818359375 -0.3526611328125
-0.058563232421875 0.000663757324218747 -0.053192138671875 -0.210678100585938
-0.0265293121337891 0.0315456390380859 -0.0352554321289063 -0.0572891235351562
0.00107002258300781 0.0154943466186523 0.0191116333007813 -0.07257080078125
0.00378561019897461 -0.00145530700683594 0.00267791748046876 -0.111640930175781
-0.0114688873291016 0.00577163696289063 -0.0566253662109375 -0.140899658203125
-0.0214481353759766 0.0136070251464844 -0.115371704101563 -0.1409912109375
-0.0197372436523438 0.0151901245117188 -0.129676818847656 -0.127922058105469
-0.0252799987792969 0.022369384765625 -0.117324829101562 -0.151596069335938
-0.0347194671630859 0.00870323181152344 -0.0557403564453125 -0.177032470703125
-0.0341987609863281 -0.0148830413818359 0.0204925537109375 -0.15252685546875
-0.00756072998046875 -0.0271129608154297 0.0741729736328125 -0.0843887329101562
0.00992393493652344 -0.0194187164306641 0.052520751953125 -0.00887298583984375
-0.00712299346923828 -0.00195693969726563 -0.0197525024414062 -0.0459861755371094
-0.0299720764160156 -0.0165462493896484 0.0247879028320312 -0.135818481445312
0.0367202758789063 -0.103408813476563 0.00993347167968749 0.138343811035156
-0.0507049560546875 -0.100982666015625 0.02496337890625 0.0468482971191406
-0.0974044799804688 -0.0302886962890625 -0.0399246215820313 -0.00742340087890626
-0.0696067810058594 0.0495223999023438 -0.078765869140625 0.0626144409179688
-0.0217819213867187 0.07763671875 -0.0388259887695313 0.121315002441406
0.0373916625976563 0.0719451904296875 0.04925537109375 0.1585693359375
0.0684127807617188 0.052825927734375 0.121383666992188 0.145126342773438
0.0561370849609375 0.05206298828125 0.125511169433594 0.116531372070313
0.0568199157714844 0.0595664978027344 0.103660583496094 0.121444702148438
0.0183029174804688 0.0827178955078125 0.0617599487304688 0.131881713867188
-0.0418663024902344 0.0685882568359375 0.0197601318359375 0.0903472900390625
-0.07940673828125 0.014129638671875 0.0116081237792969 0.0602989196777344
-0.0549850463867188 -0.067138671875 0.0629119873046875 0.0859909057617188
0.0047607421875 -0.10040283203125 0.0915069580078125 0.201736450195312
0.049835205078125 -0.0742645263671875 -0.038055419921875 0.368682861328125
0.02520751953125 -0.21270751953125 0.01202392578125 0.09844970703125
-0.0910797119140625 -0.185699462890625 0.0160751342773437 0.0327777862548828
-0.167312622070313 -0.0842742919921875 -0.0314846038818359 -0.0124225616455078
-0.151763916015625 0.055084228515625 -0.0653305053710938 0.0421409606933594
-0.0746612548828125 0.128173828125 -0.0442657470703125 0.0840911865234375
0.032196044921875 0.149520874023438 0.0253982543945313 0.129745483398438
0.0920791625976563 0.11956787109375 0.0881576538085937 0.123870849609375
0.0784072875976563 0.1162109375 0.0925140380859375 0.0937347412109375
0.0868606567382813 0.131790161132813 0.0747909545898438 0.0925750732421875
0.024932861328125 0.15484619140625 0.0517807006835938 0.0957107543945313
-0.080078125 0.132919311523438 0.0273246765136719 0.051025390625
-0.14703369140625 0.047943115234375 0.032867431640625 0.0356788635253906
-0.133636474609375 -0.104743957519531 0.0937347412109375 0.0762939453125
-0.0596923828125 -0.1859130859375 0.108245849609375 0.190032958984375
0.0284576416015625 -0.18060302734375 -0.01165771484375 0.343414306640625
0.010406494140625 -0.2908935546875 0.0187187194824219 0.0277614593505859
-0.120925903320312 -0.246170043945313 0.00384831428527831 -0.00209283828735353
-0.221572875976563 -0.1282958984375 -0.024862289428711 -0.0179843902587891
-0.217300415039063 0.053253173828125 -0.0473480224609375 0.0199012756347656
-0.120742797851562 0.161178588867188 -0.041717529296875 0.0410308837890625
0.0203094482421875 0.207061767578125 -0.000511169433593741 0.0800857543945313
0.103485107421875 0.170486450195313 0.0436172485351563 0.08380126953125
0.0918121337890625 0.160919189453125 0.0481185913085938 0.0585899353027344
0.104263305664063 0.182296752929687 0.0331611633300781 0.0513725280761719
0.0314788818359375 0.205764770507813 0.0336952209472656 0.0440254211425781
-0.100921630859375 0.1851806640625 0.0253944396972656 -0.00187492370605468
-0.19287109375 0.0845794677734375 0.0494346618652344 0.00198745727539063
-0.204925537109375 -0.120849609375 0.115577697753906 0.0564193725585937
-0.12786865234375 -0.241058349609375 0.10791015625 0.159683227539063
-0.00521850585937502 -0.26171875 0.0104827880859375 0.279739379882812
-0.010650634765625 -0.324554443359375 0.0273666381835938 -0.0615005493164063
-0.14111328125 -0.272735595703125 -0.01055908203125 -0.0485000610351563
-0.249420166015625 -0.145843505859375 -0.0207672119140625 -0.0242557525634766
-0.253402709960938 0.0535430908203125 -0.0212879180908203 -0.00491905212402343
-0.1458740234375 0.173095703125 -0.0315895080566406 -0.0114517211914062
0.00787353515625002 0.234268188476563 -0.0243682861328125 0.0171260833740235
0.100067138671875 0.194564819335938 -0.00699615478515624 0.0267200469970703
0.091949462890625 0.181106567382813 -0.00589370727539062 0.015254020690918
0.106002807617188 0.205322265625 -0.0183544158935547 0.00209999084472657
0.0335235595703125 0.229248046875 0.00481319427490235 -0.0158529281616211
-0.108566284179688 0.21075439453125 0.017669677734375 -0.056243896484375
-0.213272094726563 0.110519409179688 0.0585212707519531 -0.0363349914550781
-0.245819091796875 -0.118408203125 0.118278503417969 0.0295944213867187
-0.172531127929688 -0.261627197265625 0.0869064331054688 0.111663818359375
-0.0362548828125 -0.301177978515625 0.018890380859375 0.187469482421875
-0.0347900390625 -0.30853271484375 0.0355224609375 -0.158782958984375
-0.147933959960938 -0.25189208984375 -0.0278396606445313 -0.100692749023438
-0.243621826171875 -0.131454467773438 -0.0189037322998047 -0.0332756042480469
-0.240036010742188 0.0511932373046875 0.00419998168945311 -0.0300540924072266
-0.142913818359375 0.158645629882813 -0.0168228149414063 -0.0608329772949219
-0.00363159179687498 0.22357177734375 -0.0425338745117187 -0.0449371337890625
0.081695556640625 0.187606811523437 -0.0558395385742187 -0.0308113098144531
0.07659912109375 0.173843383789062 -0.0591850280761719 -0.0313568115234375
0.0897064208984375 0.198989868164063 -0.06597900390625 -0.05010986328125
0.0257720947265625 0.213760375976563 -0.0284423828125 -0.0743865966796875
-0.10614013671875 0.196502685546875 0.00682067871093749 -0.105636596679687
-0.199356079101562 0.105422973632813 0.0609664916992187 -0.0694084167480469
-0.236663818359375 -0.108016967773437 0.107810974121094 0.00524902343749999
-0.1767578125 -0.240463256835938 0.049346923828125 0.05755615234375
-0.050506591796875 -0.28753662109375 0.0170135498046875 0.0789031982421875
-0.0559539794921875 -0.24725341796875 0.03704833984375 -0.250534057617188
-0.133316040039062 -0.187759399414063 -0.041656494140625 -0.149627685546875
-0.190933227539063 -0.087677001953125 -0.0184555053710938 -0.0455055236816406
-0.184051513671875 0.0407562255859375 0.0209808349609375 -0.0560646057128906
-0.107566833496094 0.122276306152344 -0.0056915283203125 -0.100906372070312
-0.0096893310546875 0.172897338867188 -0.0569305419921875 -0.101333618164063
0.053497314453125 0.152969360351562 -0.0928115844726563 -0.084564208984375
0.0503387451171875 0.141860961914063 -0.101448059082031 -0.0749130249023437
0.0582122802734375 0.162857055664063 -0.104965209960937 -0.0937347412109375
0.00738525390624999 0.1690673828125 -0.0548629760742188 -0.1239013671875
-0.0930938720703125 0.144607543945313 -0.0028839111328125 -0.141357421875
-0.154495239257813 0.06939697265625 0.0604476928710937 -0.0925979614257812
-0.176315307617188 -0.0908050537109375 0.0858306884765625 -0.010498046875
-0.137741088867187 -0.185012817382813 0.0113239288330078 0.0091876983642578
-0.049560546875 -0.228561401367188 0.0158863067626953 -0.0211219787597656
-0.0699005126953125 -0.14715576171875 0.03387451171875 -0.320098876953125
-0.104293823242188 -0.0977630615234375 -0.0542449951171875 -0.187820434570313
-0.113372802734375 -0.0308837890625 -0.02587890625 -0.0528335571289063
-0.0959854125976562 0.0315093994140625 0.0282669067382812 -0.0720977783203125
-0.0558700561523438 0.0636215209960937 -0.00251007080078125 -0.117233276367188
-0.0119400024414063 0.0972671508789063 -0.0630035400390625 -0.132408142089844
0.0169677734375 0.0897979736328125 -0.113540649414063 -0.121498107910156
0.0177688598632813 0.0880355834960937 -0.127754211425781 -0.105567932128906
0.0181884765625 0.102401733398438 -0.1243896484375 -0.126739501953125
-0.01702880859375 0.0989303588867187 -0.0685272216796875 -0.15826416015625
-0.0731735229492188 0.0709075927734375 -0.000411987304687489 -0.156646728515625
-0.0904922485351563 0.0195083618164062 0.063873291015625 -0.0961227416992188
-0.0868377685546875 -0.063995361328125 0.0654983520507813 -0.0161399841308594
-0.0725555419921875 -0.102767944335938 -0.0129127502441406 -0.0261459350585938
-0.0373077392578125 -0.133964538574219 0.014129638671875 -0.0999755859375
-0.0743789672851563 -0.025909423828125 0.023345947265625 -0.3577880859375
-0.0559616088867188 0.00110244750976563 -0.06689453125 -0.20880126953125
-0.0228900909423828 0.0301723480224609 -0.0412101745605469 -0.0557289123535156
-0.000906944274902345 0.0156898498535156 0.0164031982421875 -0.072235107421875
0.000777482986450195 -0.000328123569488525 -0.00333404541015625 -0.111785888671875
-0.0122137069702148 0.00867462158203125 -0.0625991821289063 -0.137908935546875
-0.0195541381835938 0.0155849456787109 -0.121162414550781 -0.1346435546875
-0.0176277160644531 0.0193691253662109 -0.135444641113281 -0.121162414550781
-0.0229549407958984 0.02557373046875 -0.125076293945313 -0.146377563476563
-0.0338935852050781 0.0126457214355469 -0.0650177001953125 -0.17279052734375
-0.0362777709960938 -0.0101890563964844 0.0116424560546875 -0.153350830078125
-0.010986328125 -0.0276012420654297 0.067474365234375 -0.0883102416992188
0.00616455078125 -0.0217609405517578 0.0521812438964844 -0.00884246826171875
-0.00816965103149414 -0.00517988204956055 -0.0241470336914063 -0.0478286743164063
-0.0259590148925781 -0.0201740264892578 0.01629638671875 -0.14263916015625
0.0331497192382813 -0.102325439453125 0.0151519775390625 0.143356323242188
-0.0527801513671875 -0.0949630737304688 0.0270423889160156 0.0508460998535156
-0.0954666137695313 -0.0264511108398438 -0.0387687683105469 -0.00599288940429688
-0.067047119140625 0.0490531921386719 -0.0764617919921875 0.06365966796875
-0.0187911987304688 0.0769882202148438 -0.0355148315429687 0.120635986328125
0.0407180786132812 0.0688972473144531 0.053802490234375 0.156723022460938
0.0675277709960938 0.0486717224121094 0.125167846679688 0.142593383789063
0.0554389953613281 0.0484962463378906 0.128623962402344 0.113471984863281
0.0599098205566406 0.0568771362304688 0.10797119140625 0.11993408203125
0.0216903686523438 0.0791473388671875 0.0640792846679688 0.13037109375
-0.0391426086425781 0.0694007873535156 0.02154541015625 0.0894546508789062
-0.0780792236328125 0.01715087890625 0.0124893188476563 0.0603561401367188
-0.0566062927246094 -0.0637741088867188 0.0648040771484375 0.0825576782226563
-0.000793457031249998 -0.0986404418945313 0.094879150390625 0.2022705078125
0.0453338623046875 -0.0735397338867188 -0.0299072265625 0.37017822265625
0.0204925537109375 -0.211273193359375 0.0138473510742188 0.104629516601562
-0.0945281982421875 -0.17840576171875 0.0178909301757812 0.0358543395996094
-0.167984008789062 -0.080108642578125 -0.0312347412109375 -0.0108757019042969
-0.1494140625 0.058013916015625 -0.0651397705078125 0.0438423156738281
-0.0706100463867187 0.128044128417969 -0.0436325073242187 0.0867996215820313
0.036956787109375 0.1473388671875 0.0280380249023438 0.129417419433594
0.094879150390625 0.116165161132813 0.0917205810546875 0.122337341308594
0.0823135375976563 0.111061096191406 0.0969467163085938 0.093475341796875
0.0901641845703125 0.127029418945313 0.0791091918945312 0.092529296875
0.030426025390625 0.152557373046875 0.0563201904296875 0.0944061279296875
-0.0736541748046875 0.135299682617188 0.0263481140136719 0.0497245788574219
-0.144485473632812 0.0536041259765625 0.0321388244628906 0.0369491577148438
-0.138130187988281 -0.100265502929688 0.0931396484375 0.0730819702148438
-0.0674896240234375 -0.182815551757813 0.109115600585937 0.189102172851563
0.020782470703125 -0.18182373046875 -0.003997802734375 0.343536376953125
0.00308227539062499 -0.2896728515625 0.0177459716796875 0.0352401733398437
-0.125732421875 -0.24053955078125 0.00423073768615722 0.00398564338684081
-0.223907470703125 -0.1220703125 -0.0256996154785156 -0.0157241821289063
-0.214630126953125 0.059661865234375 -0.0458908081054688 0.0223312377929688
-0.116043090820313 0.164154052734375 -0.0412063598632813 0.04217529296875
0.0269317626953125 0.205596923828125 0.00231170654296875 0.08251953125
0.10870361328125 0.167312622070313 0.0467147827148438 0.0826263427734375
0.096282958984375 0.157516479492188 0.0518379211425781 0.0593147277832031
0.109573364257812 0.177810668945312 0.0354499816894531 0.0518341064453125
0.0391387939453125 0.204544067382813 0.0357933044433594 0.044403076171875
-0.094451904296875 0.1888427734375 0.0252475738525391 -0.000785827636718738
-0.191299438476562 0.0914154052734375 0.0483665466308594 0.00339126586914063
-0.209930419921875 -0.1148681640625 0.113571166992188 0.05291748046875
-0.135055541992187 -0.237823486328125 0.108917236328125 0.157196044921875
-0.0124969482421875 -0.261978149414063 0.0147705078125 0.278732299804688
-0.01898193359375 -0.32562255859375 0.0240516662597656 -0.0564765930175781
-0.1480712890625 -0.265762329101563 -0.0136795043945313 -0.0431060791015625
-0.253402709960938 -0.139572143554687 -0.0222568511962891 -0.0218238830566406
-0.250091552734375 0.0606536865234375 -0.0218086242675781 -0.00255203247070313
-0.141433715820313 0.178421020507812 -0.0319843292236328 -0.00792884826660155
0.0152130126953125 0.2342529296875 -0.0213985443115234 0.0219764709472656
0.106796264648438 0.192306518554688 -0.00424957275390624 0.02935791015625
0.0973358154296875 0.179092407226563 -0.00277042388916015 0.0162715911865234
0.1138916015625 0.202560424804688 -0.0162324905395508 0.00519084930419923
0.043212890625 0.227020263671875 0.00444126129150391 -0.0149202346801758
-0.102035522460938 0.2156982421875 0.0144577026367187 -0.0555953979492187
-0.20965576171875 0.117523193359375 0.0561408996582031 -0.0342025756835937
-0.250930786132813 -0.112106323242187 0.1175537109375 0.0277023315429687
-0.181381225585938 -0.256668090820313 0.0869064331054687 0.110137939453125
-0.042755126953125 -0.3009033203125 0.022216796875 0.184036254882812
-0.04180908203125 -0.310516357421875 0.0285491943359375 -0.155868530273438
-0.154571533203125 -0.24755859375 -0.0317535400390625 -0.0965728759765625
-0.245635986328125 -0.126083374023437 -0.0214157104492188 -0.0311222076416016
-0.240737915039062 0.0575714111328125 0.00242233276367186 -0.0301532745361328
-0.1383056640625 0.164825439453125 -0.019927978515625 -0.0595436096191406
0.00471496582031251 0.224411010742188 -0.0420036315917969 -0.0416641235351562
0.0883026123046875 0.18743896484375 -0.0536956787109375 -0.0288162231445313
0.0831451416015625 0.174285888671875 -0.0565452575683594 -0.02880859375
0.0980682373046875 0.1971435546875 -0.0667839050292969 -0.0446319580078125
0.0340118408203125 0.214645385742188 -0.029998779296875 -0.0721206665039063
-0.100112915039062 0.202423095703125 0.00068664550781249 -0.1048583984375
-0.197372436523437 0.1129150390625 0.0575714111328125 -0.0691642761230469
-0.241546630859375 -0.1007080078125 0.103851318359375 0.00425720214843749
-0.1844482421875 -0.236541748046875 0.0489387512207031 0.0576019287109375
-0.056640625 -0.290863037109375 0.0166778564453125 0.0769729614257812
-0.0610809326171875 -0.248855590820313 0.029541015625 -0.248138427734375
-0.13916015625 -0.187149047851563 -0.048187255859375 -0.147491455078125
-0.194992065429688 -0.08551025390625 -0.0210723876953125 -0.0422134399414063
-0.184402465820312 0.0477294921875 0.0192527770996094 -0.0554771423339844
-0.107208251953125 0.1246337890625 -0.00891876220703127 -0.0980453491210937
-0.00334167480468749 0.175994873046875 -0.0568161010742187 -0.0966339111328125
0.0584564208984375 0.152236938476562 -0.0931625366210938 -0.08184814453125
0.0553436279296875 0.142257690429688 -0.10101318359375 -0.0704498291015625
0.06597900390625 0.162628173828125 -0.106452941894531 -0.0884323120117188
0.0130462646484375 0.169403076171875 -0.058502197265625 -0.120498657226563
-0.09063720703125 0.150436401367187 -0.00756835937500002 -0.139846801757813
-0.155624389648437 0.075653076171875 0.0569534301757813 -0.0908660888671875
-0.181228637695313 -0.086212158203125 0.0840606689453125 -0.011199951171875
-0.142547607421875 -0.184234619140625 0.00982093811035155 0.0093564987182617
-0.0519256591796875 -0.231552124023438 0.0108604431152344 -0.0246334075927735
-0.0717620849609375 -0.148483276367188 0.02374267578125 -0.318145751953125
-0.103736877441406 -0.09869384765625 -0.0613555908203125 -0.186065673828125
-0.114219665527344 -0.0290908813476563 -0.0276832580566406 -0.05047607421875
-0.0977249145507812 0.0323028564453125 0.0243759155273437 -0.0704421997070313
-0.0563735961914063 0.0645408630371094 -0.00382995605468749 -0.115898132324219
-0.00835418701171875 0.0996246337890625 -0.064208984375 -0.128944396972656
0.0211334228515625 0.0919876098632812 -0.118255615234375 -0.1180419921875
0.020599365234375 0.0897369384765625 -0.129127502441406 -0.102012634277344
0.0219497680664062 0.105545043945313 -0.128227233886719 -0.121749877929687
-0.01239013671875 0.100311279296875 -0.071929931640625 -0.153701782226563
-0.0708770751953125 0.0737762451171875 -0.0045928955078125 -0.155990600585938
-0.0923233032226563 0.0221786499023437 0.0605316162109375 -0.0971908569335937
-0.0909347534179688 -0.0623550415039062 0.0651321411132813 -0.0152320861816406
-0.0755767822265625 -0.104148864746094 -0.0163154602050781 -0.0265007019042969
-0.0381317138671875 -0.13836669921875 0.00875091552734376 -0.103775024414063
-0.0718841552734375 -0.026641845703125 0.013580322265625 -0.359130859375
-0.0560722351074219 -0.00257110595703124 -0.07427978515625 -0.209320068359375
-0.0236167907714844 0.0278720855712891 -0.0430068969726562 -0.0548858642578125
-0.00260639190673828 0.0148391723632812 0.0126876831054688 -0.0725250244140625
-0.00171780586242676 5.05447387695316E-05 -0.00387573242187501 -0.110916137695313
-0.0124645233154297 0.0122079849243164 -0.0649185180664063 -0.13763427734375
-0.0181026458740234 0.0195732116699219 -0.125541687011719 -0.133476257324219
-0.0162124633789063 0.0209522247314453 -0.137161254882813 -0.117622375488281
-0.0210685729980469 0.0301055908203125 -0.12939453125 -0.141815185546875
-0.0331039428710937 0.0167388916015625 -0.06982421875 -0.168869018554688
-0.0373191833496094 -0.00630950927734375 0.00646972656249999 -0.151748657226563
-0.0152378082275391 -0.0254878997802734 0.0654830932617188 -0.0887527465820313
0.00288009643554688 -0.0239677429199219 0.0505638122558594 -0.01153564453125
-0.00799369812011719 -0.00684022903442383 -0.0260810852050781 -0.0485000610351563
-0.0251426696777344 -0.0217437744140625 0.0102691650390625 -0.149002075195313
0.0328216552734375 -0.101417541503906 0.01788330078125 0.151870727539063
-0.0525588989257813 -0.0924072265625 0.029815673828125 0.0552787780761719
-0.0950241088867188 -0.026153564453125 -0.0382347106933594 -0.00600051879882813
-0.0660820007324219 0.0486907958984375 -0.0766983032226563 0.0650558471679687
-0.0177459716796875 0.0766525268554688 -0.0366363525390625 0.122383117675781
0.041412353515625 0.0677490234375 0.0550537109375 0.158966064453125
0.068511962890625 0.047607421875 0.128189086914063 0.143798828125
0.0567436218261719 0.0465736389160156 0.131431579589844 0.114463806152344
0.0615921020507813 0.0537376403808594 0.1103515625 0.122291564941406
0.0243301391601563 0.0780105590820313 0.0659027099609375 0.131729125976563
-0.0370025634765625 0.0707931518554687 0.0221405029296875 0.091033935546875
-0.0778656005859375 0.0194625854492187 0.0130729675292969 0.061798095703125
-0.058197021484375 -0.0626983642578125 0.0660400390625 0.0832672119140625
-0.00329589843749999 -0.0977554321289063 0.09698486328125 0.205276489257813
0.0424118041992187 -0.073333740234375 -0.028076171875 0.377166748046875
0.0182952880859375 -0.212677001953125 0.015167236328125 0.113739013671875
-0.0955047607421875 -0.176910400390625 0.019317626953125 0.041290283203125
-0.168716430664063 -0.0796966552734375 -0.0304985046386719 -0.0103397369384766
-0.150009155273438 0.05938720703125 -0.0653800964355469 0.0453224182128907
-0.0700225830078125 0.129981994628906 -0.0436019897460937 0.08795166015625
0.0399322509765625 0.147415161132813 0.029388427734375 0.131881713867187
0.0978317260742187 0.116935729980469 0.0951919555664063 0.12396240234375
0.0849761962890625 0.110702514648438 0.10101318359375 0.0950393676757813
0.0936965942382813 0.125961303710938 0.0810012817382812 0.0953750610351563
0.034027099609375 0.152420043945313 0.0572738647460937 0.0956649780273438
-0.0718154907226563 0.138763427734375 0.0259246826171875 0.0511283874511719
-0.145584106445313 0.056671142578125 0.0325546264648438 0.0384445190429688
-0.141448974609375 -0.100051879882813 0.093841552734375 0.0733489990234375
-0.072052001953125 -0.1837158203125 0.110092163085938 0.192550659179688
0.0185546875 -0.184310913085938 -0.00354003906250004 0.34906005859375
0.00122070312500002 -0.294036865234375 0.0180740356445312 0.042572021484375
-0.128524780273437 -0.2403564453125 0.00414228439331054 0.00865745544433592
-0.226470947265625 -0.123153686523438 -0.0248508453369141 -0.0143547058105469
-0.21795654296875 0.0623016357421875 -0.0465850830078125 0.0237808227539063
-0.115432739257813 0.1671142578125 -0.0410118103027344 0.0437049865722656
0.0311279296875 0.208404541015625 0.00308990478515625 0.0860061645507813
0.112579345703125 0.168991088867188 0.049835205078125 0.084197998046875
0.100006103515625 0.15789794921875 0.0548210144042969 0.0607223510742188
0.114761352539062 0.178939819335938 0.0373306274414063 0.0552558898925781
0.043670654296875 0.205474853515625 0.0365867614746094 0.0447502136230469
-0.0927886962890625 0.1942138671875 0.0235805511474609 -2.28881835937381E-05
-0.19329833984375 0.096527099609375 0.048614501953125 0.00592041015625001
-0.214645385742188 -0.115325927734375 0.1136474609375 0.0534515380859375
-0.140609741210938 -0.239776611328125 0.109085083007812 0.160385131835937
-0.0150146484375 -0.267318725585938 0.015106201171875 0.282135009765625
-0.021148681640625 -0.32977294921875 0.0234298706054688 -0.0506172180175781
-0.15106201171875 -0.267410278320313 -0.0144309997558594 -0.038665771484375
-0.258316040039062 -0.140792846679687 -0.0226211547851563 -0.020294189453125
-0.2537841796875 0.0648040771484374 -0.0222396850585938 -0.00128173828125
-0.141250610351562 0.182586669921875 -0.0320968627929688 -0.0078449249267578
0.0196990966796875 0.237701416015625 -0.0215797424316406 0.0248565673828125
0.111083984375 0.195770263671875 -0.00272941589355468 0.0312385559082031
0.101547241210938 0.181594848632813 0.000244140625000006 0.017852783203125
0.119659423828125 0.2047119140625 -0.0148096084594726 0.00719070434570314
0.0474700927734375 0.22869873046875 0.00537490844726563 -0.0138540267944336
-0.10101318359375 0.221511840820313 0.0128631591796875 -0.0550041198730469
-0.2127685546875 0.123382568359375 0.0568313598632812 -0.0324859619140625
-0.256362915039063 -0.11199951171875 0.117088317871094 0.0275115966796875
-0.186294555664063 -0.259033203125 0.0858917236328125 0.112236022949219
-0.044097900390625 -0.3074951171875 0.02032470703125 0.18634033203125
-0.043914794921875 -0.31689453125 0.0272369384765625 -0.1524658203125
-0.157989501953125 -0.250823974609375 -0.0341033935546875 -0.0929794311523438
-0.251022338867188 -0.127822875976563 -0.0218849182128906 -0.0298042297363281
-0.245468139648438 0.06231689453125 0.00100517272949218 -0.0294666290283203
-0.139175415039063 0.16986083984375 -0.0197563171386719 -0.05865478515625
0.0087432861328125 0.228607177734375 -0.0427207946777344 -0.0400962829589844
0.09381103515625 0.190628051757812 -0.0527000427246094 -0.0277214050292969
0.0876007080078125 0.177093505859375 -0.0545997619628906 -0.0281524658203125
0.103179931640625 0.2001953125 -0.0666999816894531 -0.0415420532226562
0.03802490234375 0.217788696289062 -0.0301132202148437 -0.0717391967773437
-0.0988311767578125 0.2091064453125 -0.0014801025390625 -0.104660034179687
-0.200363159179688 0.118972778320313 0.0573654174804687 -0.0670318603515625
-0.24688720703125 -0.10076904296875 0.104896545410156 0.00458526611328124
-0.189605712890625 -0.23944091796875 0.0468673706054687 0.0588531494140625
-0.05682373046875 -0.297515869140625 0.0153045654296875 0.076385498046875
-0.061676025390625 -0.2540283203125 0.0266876220703125 -0.247756958007813
-0.142181396484375 -0.190902709960938 -0.0511474609375 -0.145416259765625
-0.199539184570313 -0.087921142578125 -0.0232009887695313 -0.0411338806152344
-0.189285278320312 0.0511932373046875 0.0186080932617187 -0.0551490783691406
-0.10858154296875 0.129173278808594 -0.00897979736328125 -0.0981369018554687
1.52587890624946E-05 0.181045532226563 -0.0576095581054688 -0.09515380859375
0.0629730224609375 0.155670166015625 -0.0938949584960938 -0.0811767578125
0.0596923828125 0.146026611328125 -0.10040283203125 -0.070281982421875
0.06964111328125 0.166549682617188 -0.107681274414062 -0.0866928100585937
0.016021728515625 0.172561645507813 -0.0588531494140625 -0.120407104492188
-0.0903167724609375 0.15655517578125 -0.00965881347656249 -0.139846801757813
-0.158538818359375 0.0802001953125 0.0564727783203125 -0.0893707275390625
-0.187393188476562 -0.0872344970703125 0.0842666625976562 -0.0107498168945313
-0.147003173828125 -0.186416625976563 0.00758075714111327 0.00949192047119139
-0.0517425537109375 -0.238372802734375 0.00864028930664062 -0.0275516510009766
-0.0714569091796875 -0.15301513671875 0.02142333984375 -0.321624755859375
-0.105812072753906 -0.1024169921875 -0.065093994140625 -0.187423706054688
-0.117240905761719 -0.031768798828125 -0.0299453735351563 -0.05035400390625
-0.101600646972656 0.0345916748046875 0.022796630859375 -0.0713348388671875
-0.0580329895019531 0.0683670043945313 -0.00321960449218751 -0.116859436035156
-0.00722503662109375 0.104537963867187 -0.065032958984375 -0.129928588867188
0.0249099731445312 0.0951995849609375 -0.119781494140625 -0.118743896484375
0.0236740112304688 0.0925369262695312 -0.129905700683594 -0.102485656738281
0.025482177734375 0.108627319335937 -0.130012512207031 -0.121879577636719
-0.0104141235351562 0.103713989257813 -0.0729522705078125 -0.154983520507813
-0.0715255737304688 0.079559326171875 -0.00624084472656249 -0.15594482421875
-0.0950164794921875 0.0251998901367187 0.0597457885742187 -0.096405029296875
-0.0950241088867187 -0.0643386840820313 0.0652732849121094 -0.0149955749511719
-0.078033447265625 -0.107261657714844 -0.0189304351806641 -0.0283050537109375
-0.036956787109375 -0.144378662109375 0.00614166259765624 -0.108558654785156
-0.070526123046875 -0.0298690795898437 0.00979614257812503 -0.364105224609375
-0.0561141967773438 -0.00508880615234375 -0.078399658203125 -0.212142944335938
-0.0238056182861328 0.0262088775634766 -0.0444183349609375 -0.0550003051757813
-0.00480747222900391 0.0145349502563477 0.01251220703125 -0.0727386474609375
-0.00263214111328125 0.000953197479248047 -0.00400543212890625 -0.111595153808594
-0.0126047134399414 0.0145463943481445 -0.0656967163085937 -0.138404846191406
-0.0167350769042969 0.0213394165039063 -0.128250122070313 -0.134811401367188
-0.0152702331542969 0.0245208740234375 -0.139732360839844 -0.119071960449219
-0.0210056304931641 0.0337276458740234 -0.131668090820313 -0.141876220703125
-0.0329704284667969 0.0197887420654297 -0.071380615234375 -0.169891357421875
-0.0393447875976562 -0.00398635864257813 0.00506591796875 -0.153305053710938
-0.0178661346435547 -0.0239887237548828 0.0647506713867188 -0.0899200439453125
0.00110244750976563 -0.0249385833740234 0.0513038635253906 -0.0114631652832031
-0.00779056549072266 -0.0106039047241211 -0.0284805297851563 -0.0505142211914063
-0.0226726531982422 -0.0267047882080078 0.00724792480468751 -0.1553955078125
0.0328826904296875 -0.103553771972656 0.02056884765625 0.162933349609375
-0.05438232421875 -0.0921707153320313 0.03314208984375 0.0609207153320312
-0.0970306396484375 -0.0260543823242187 -0.0387306213378906 -0.00588607788085938
-0.0666580200195313 0.0497283935546875 -0.0789031982421875 0.068084716796875
-0.0169143676757812 0.0779495239257813 -0.0379409790039063 0.126625061035156
0.0438995361328125 0.067657470703125 0.0575714111328125 0.164413452148437
0.07098388671875 0.0478286743164063 0.13470458984375 0.148605346679688
0.0584220886230469 0.0456581115722656 0.137527465820313 0.117874145507812
0.0640945434570313 0.0524673461914063 0.115875244140625 0.127220153808594
0.0273818969726563 0.078582763671875 0.0695343017578125 0.136329650878906
-0.0354461669921875 0.0733413696289063 0.0225677490234375 0.0946884155273438
-0.0793380737304687 0.021728515625 0.013702392578125 0.0647392272949219
-0.061248779296875 -0.0633659362792969 0.0682144165039063 0.0859451293945313
-0.00674438476562499 -0.0995559692382813 0.101211547851563 0.214401245117188
0.0414581298828125 -0.0746536254882813 -0.027801513671875 0.392364501953125
0.017669677734375 -0.219406127929688 0.0169525146484375 0.124481201171875
-0.0992584228515625 -0.179412841796875 0.0211296081542969 0.0475997924804687
-0.174331665039063 -0.0807647705078125 -0.0308074951171875 -0.0104084014892578
-0.153167724609375 0.06207275390625 -0.0671615600585938 0.0476875305175781
-0.0706253051757813 0.134147644042969 -0.0448837280273437 0.091583251953125
0.043731689453125 0.151260375976562 0.0314102172851563 0.137351989746094
0.1029052734375 0.120025634765625 0.100860595703125 0.128654479980469
0.0891952514648437 0.112533569335937 0.106941223144531 0.09759521484375
0.099029541015625 0.128005981445313 0.0857696533203125 0.100410461425781
0.0380706787109375 0.155960083007813 0.0605316162109375 0.0988311767578125
-0.0717315673828125 0.145767211914063 0.0259742736816406 0.053253173828125
-0.149871826171875 0.0611419677734375 0.0340995788574219 0.0407638549804688
-0.148529052734375 -0.10235595703125 0.0964431762695313 0.075469970703125
-0.0791473388671875 -0.188552856445313 0.114395141601563 0.200820922851563
0.01593017578125 -0.191314697265625 -0.00210571289062503 0.36328125
-0.000640869140625033 -0.303985595703125 0.0196952819824219 0.0510482788085937
-0.132965087890625 -0.245819091796875 0.00503444671630859 0.0143022537231445
-0.235549926757812 -0.126373291015625 -0.025106430053711 -0.013885498046875
-0.223770141601563 0.0672607421875 -0.0479240417480469 0.0255241394042969
-0.117507934570313 0.173980712890625 -0.0433197021484375 0.0462417602539063
0.03582763671875 0.215286254882812 0.00447845458984374 0.0905609130859375
0.119735717773438 0.1739501953125 0.0537567138671875 0.08843994140625
0.106414794921875 0.162994384765625 0.0595893859863281 0.0628318786621094
0.122299194335937 0.183624267578125 0.0404472351074219 0.0596389770507813
0.04864501953125 0.211502075195313 0.0388526916503906 0.0461654663085938
-0.0924530029296875 0.203720092773438 0.0229091644287109 0.0013561248779297
-0.19976806640625 0.103652954101562 0.0504684448242187 0.00718307495117188
-0.225204467773437 -0.117706298828125 0.116920471191406 0.0546798706054687
-0.149032592773438 -0.246963500976563 0.111602783203125 0.167205810546875
-0.0175018310546875 -0.278457641601563 0.015655517578125 0.292755126953125
-0.022674560546875 -0.342620849609375 0.0237197875976562 -0.0461235046386719
-0.157852172851563 -0.275222778320313 -0.0151653289794922 -0.0347537994384766
-0.269439697265625 -0.145431518554687 -0.0232486724853516 -0.0196094512939453
-0.262969970703125 0.0704345703125 -0.023550033569336 0.000408172607421884
-0.144638061523438 0.1915283203125 -0.0333957672119141 -0.00684547424316406
0.024932861328125 0.2467041015625 -0.0211181640625 0.0280246734619141
0.119476318359375 0.201950073242187 -8.39233398437418E-05 0.0335750579833985
0.108413696289063 0.18756103515625 0.00317001342773438 0.0186519622802734
0.1282958984375 0.21185302734375 -0.0139265060424805 0.0107154846191406
0.0528717041015625 0.236526489257812 0.00575351715087891 -0.0141658782958984
-0.100830078125 0.232772827148438 0.0114517211914062 -0.0557403564453125
-0.219802856445312 0.1318359375 0.0588836669921875 -0.0317535400390625
-0.268966674804688 -0.114166259765625 0.120071411132812 0.0287704467773437
-0.197296142578125 -0.26715087890625 0.0874862670898437 0.117317199707031
-0.04681396484375 -0.321044921875 0.0198211669921875 0.192169189453125
-0.0455322265625 -0.3292236328125 0.0259857177734375 -0.153350830078125
-0.165298461914063 -0.259170532226563 -0.0362548828125 -0.0922775268554688
-0.26220703125 -0.13262939453125 -0.0230026245117188 -0.0292625427246094
-0.25543212890625 0.0678253173828125 0.000892639160156233 -0.0288887023925781
-0.1429443359375 0.178756713867188 -0.020721435546875 -0.0598526000976562
0.0135040283203125 0.238143920898438 -0.0431175231933594 -0.0389785766601562
0.102294921875 0.197616577148438 -0.0529670715332031 -0.0272750854492187
0.094635009765625 0.183563232421875 -0.0544090270996094 -0.028656005859375
0.112060546875 0.20794677734375 -0.0677986145019531 -0.0397453308105469
0.0429840087890625 0.22509765625 -0.03094482421875 -0.0733489990234375
-0.0993804931640625 0.22039794921875 -0.00373077392578125 -0.106864929199219
-0.208023071289063 0.12640380859375 0.0590324401855469 -0.0675239562988281
-0.259323120117188 -0.103668212890625 0.107345581054687 0.00481414794921874
-0.198715209960937 -0.247802734375 0.0465431213378906 0.0625724792480469
-0.058349609375 -0.311279296875 0.013641357421875 0.0775985717773437
-0.0633697509765625 -0.266189575195313 0.0250091552734375 -0.253570556640625
-0.148361206054688 -0.199234008789062 -0.0556793212890625 -0.147567749023438
-0.208724975585937 -0.092010498046875 -0.02484130859375 -0.041046142578125
-0.198043823242188 0.0565032958984375 0.0179176330566406 -0.0561714172363281
-0.113021850585937 0.136802673339844 -0.00942230224609377 -0.100791931152344
0.00372314453125 0.189254760742188 -0.0588302612304688 -0.0963973999023437
0.0699462890625 0.161819458007813 -0.0965423583984375 -0.0820541381835938
0.065216064453125 0.15240478515625 -0.102241516113281 -0.0720443725585938
0.0768280029296875 0.174667358398438 -0.110687255859375 -0.087158203125
0.019775390625 0.180557250976563 -0.0609130859375 -0.124107360839844
-0.0918426513671875 0.166290283203125 -0.0124664306640625 -0.143463134765625
-0.165283203125 0.0861968994140625 0.0580520629882812 -0.0910797119140625
-0.196731567382813 -0.0904541015625 0.0864944458007812 -0.010528564453125
-0.1539306640625 -0.193756103515625 0.00523090362548827 0.00984287261962889
-0.0522918701171875 -0.251296997070313 0.00588417053222656 -0.0303745269775391
-0.072967529296875 -0.161270141601563 0.01885986328125 -0.331756591796875
-0.109489440917969 -0.108505249023438 -0.0699310302734375 -0.192550659179688
-0.122222900390625 -0.0351028442382813 -0.0319709777832031 -0.0514640808105469
-0.107627868652344 0.037506103515625 0.0219573974609375 -0.0731353759765625
-0.0616302490234375 0.0733718872070313 -0.00377655029296874 -0.120552062988281
-0.00473785400390625 0.110336303710938 -0.0674285888671875 -0.133544921875
0.028350830078125 0.100456237792969 -0.124801635742187 -0.122123718261719
0.0269927978515625 0.0973281860351563 -0.133819580078125 -0.105339050292969
0.029541015625 0.115455627441406 -0.134819030761719 -0.12469482421875
-0.00928497314453125 0.109169006347656 -0.0758514404296875 -0.158706665039062
-0.0736083984375 0.0859527587890625 -0.00894165039062499 -0.160507202148438
-0.10052490234375 0.02801513671875 0.0611953735351562 -0.0976333618164062
-0.10162353515625 -0.0669479370117188 0.0679855346679688 -0.0150909423828125
-0.0811996459960938 -0.113410949707031 -0.02166748046875 -0.030181884765625
-0.0366363525390625 -0.153701782226563 0.00315093994140624 -0.115715026855469
-0.070892333984375 -0.0326919555664063 0.00689697265625002 -0.377777099609375
-0.0572662353515625 -0.00729751586914062 -0.0845184326171875 -0.220703125
-0.0248126983642578 0.0243644714355469 -0.0472869873046875 -0.0559120178222656
-0.00714683532714844 0.0149641036987305 0.011260986328125 -0.0744247436523438
-0.00507164001464844 0.00255489349365234 -0.00397491455078125 -0.115463256835938
-0.0127239227294922 0.0179481506347656 -0.068145751953125 -0.143081665039063
-0.0164051055908203 0.0237751007080078 -0.134033203125 -0.139541625976563
-0.0142230987548828 0.0274276733398438 -0.145492553710937 -0.122970581054688
-0.019989013671875 0.0376853942871094 -0.137802124023438 -0.146255493164063
-0.0325946807861328 0.0230484008789063 -0.075286865234375 -0.174346923828125
-0.0411911010742188 -0.00124359130859375 0.0034332275390625 -0.158203125
-0.0212249755859375 -0.0231399536132813 0.0663070678710938 -0.0927276611328125
-0.000875473022460936 -0.0263404846191406 0.0530242919921875 -0.012298583984375
-0.00882339477539062 -0.0131216049194336 -0.0313453674316406 -0.0538139343261719
-0.0217533111572266 -0.0319252014160156 0.0038604736328125 -0.165008544921875
0.0318069458007812 -0.108390808105469 0.0277252197265625 0.176254272460937
-0.0580978393554687 -0.0917282104492188 0.0384750366210937 0.0666236877441406
-0.100624084472656 -0.0241470336914062 -0.0398368835449219 -0.0057373046875
-0.0677566528320313 0.0525703430175781 -0.0813369750976562 0.0731353759765625
-0.0149993896484375 0.0807342529296875 -0.0367813110351563 0.134063720703125
0.0481338500976563 0.0685234069824219 0.0646514892578125 0.171661376953125
0.0754776000976563 0.047027587890625 0.146270751953125 0.153152465820313
0.0623779296875 0.0444107055664062 0.1480712890625 0.1209716796875
0.0685577392578125 0.0506820678710938 0.126045227050781 0.13250732421875
0.0318222045898438 0.0792999267578125 0.076934814453125 0.141616821289063
-0.0333404541015625 0.07818603515625 0.025634765625 0.0989227294921875
-0.08135986328125 0.0255813598632813 0.0166511535644531 0.0685195922851563
-0.0656242370605469 -0.0636940002441406 0.0732574462890625 0.0884170532226563
-0.01202392578125 -0.102516174316406 0.112152099609375 0.225082397460938
0.039398193359375 -0.078155517578125 -0.0189208984375 0.415008544921875
0.01336669921875 -0.230850219726563 0.0226516723632812 0.136558532714844
-0.107452392578125 -0.182998657226563 0.0255012512207031 0.053741455078125
-0.185028076171875 -0.0809173583984375 -0.0315723419189453 -0.0101146697998047
-0.15863037109375 0.068206787109375 -0.0694046020507813 0.05218505859375
-0.070037841796875 0.141921997070313 -0.0457077026367187 0.0979537963867188
0.051544189453125 0.156570434570313 0.0370941162109375 0.145172119140625
0.112686157226563 0.121810913085938 0.110740661621094 0.132850646972656
0.0965957641601563 0.114479064941406 0.11602783203125 0.0997848510742188
0.108543395996094 0.130264282226563 0.0939102172851563 0.105857849121094
0.0455322265625 0.160934448242188 0.0657882690429688 0.102752685546875
-0.06890869140625 0.1563720703125 0.027618408203125 0.0567054748535156
-0.155426025390625 0.069427490234375 0.0366401672363281 0.0433158874511719
-0.160293579101563 -0.103439331054688 0.102447509765625 0.0768890380859375
-0.0901031494140625 -0.195144653320313 0.124374389648437 0.211227416992188
0.0110321044921875 -0.20184326171875 0.005645751953125 0.382965087890625
-0.00692749023437502 -0.319671630859375 0.0220489501953125 0.0599288940429687
-0.145370483398437 -0.25311279296875 0.00685310363769531 0.0199909210205078
-0.250274658203125 -0.12701416015625 -0.0257339477539063 -0.0136032104492188
-0.232864379882812 0.0765686035156249 -0.049652099609375 0.02880859375
-0.118759155273437 0.185348510742188 -0.0449333190917969 0.0501327514648438
0.0460052490234375 0.223831176757812 0.00752258300781251 0.0966110229492188
0.132766723632813 0.180007934570313 0.0605545043945313 0.0922622680664063
0.117843627929687 0.16717529296875 0.0658073425292969 0.0642738342285156
0.135940551757813 0.188995361328125 0.0457115173339844 0.0639610290527344
0.0590057373046875 0.219863891601563 0.0421409606933594 0.0477104187011719
-0.0898895263671875 0.219375610351563 0.0228748321533203 0.00185775756835939
-0.207000732421875 0.11572265625 0.0539779663085937 0.00774765014648438
-0.241851806640625 -0.118606567382813 0.123138427734375 0.0553512573242188
-0.165695190429688 -0.255462646484375 0.120162963867187 0.175643920898437
-0.02581787109375 -0.293975830078125 0.02191162109375 0.3084716796875
-0.030731201171875 -0.359619140625 0.0233955383300781 -0.0431594848632813
-0.171905517578125 -0.28472900390625 -0.0161380767822266 -0.0313224792480469
-0.28668212890625 -0.147552490234375 -0.0240287780761719 -0.0196743011474609
-0.274200439453125 0.081695556640625 -0.0249271392822266 0.00199890136718751
-0.147003173828125 0.206207275390625 -0.0362472534179688 -0.00547790527343749
0.0354766845703125 0.258560180664063 -0.0203819274902344 0.0323123931884766
0.133758544921875 0.209457397460938 0.00253295898437501 0.0361785888671875
0.121078491210938 0.19403076171875 0.00620460510253907 0.0190696716308594
0.143035888671875 0.218963623046875 -0.0121870040893555 0.0136842727661133
0.0640411376953125 0.246826171875 0.0064229965209961 -0.015176773071289
-0.09771728515625 0.250534057617188 0.009033203125 -0.0570297241210937
-0.227935791015625 0.145843505859375 0.0619239807128906 -0.0334129333496094
-0.28759765625 -0.114654541015625 0.126068115234375 0.0277633666992187
-0.215362548828125 -0.2762451171875 0.0928497314453125 0.123039245605469
-0.05596923828125 -0.339813232421875 0.023406982421875 0.201858520507812
-0.053466796875 -0.347686767578125 0.023040771484375 -0.156890869140625
-0.179153442382812 -0.269790649414063 -0.0406417846679688 -0.0919876098632813
-0.2803955078125 -0.134994506835938 -0.0245151519775391 -0.0293159484863281
-0.26727294921875 0.0800781250000001 -0.000640869140625015 -0.0285015106201172
-0.146255493164062 0.193313598632813 -0.0234260559082031 -0.0618209838867187
0.024169921875 0.25079345703125 -0.0455207824707031 -0.0374679565429687
0.115264892578125 0.205551147460937 -0.0552711486816406 -0.0260734558105469
0.1064453125 0.19146728515625 -0.0552139282226562 -0.0287208557128906
0.126205444335938 0.2169189453125 -0.0704574584960937 -0.0380859375
0.05316162109375 0.236175537109375 -0.0343856811523438 -0.076171875
-0.0973358154296875 0.237091064453125 -0.00787353515625 -0.110687255859375
-0.215423583984375 0.140121459960938 0.0615158081054687 -0.070892333984375
-0.277755737304688 -0.10382080078125 0.11248779296875 0.00291442871093749
-0.21649169921875 -0.256973266601563 0.0485458374023437 0.0651702880859375
-0.067962646484375 -0.331268310546875 0.013946533203125 0.0811386108398437
-0.0709075927734375 -0.280593872070312 0.01959228515625 -0.26318359375
-0.160507202148438 -0.208999633789063 -0.0626068115234375 -0.151565551757812
-0.224380493164063 -0.0945587158203125 -0.02740478515625 -0.0415573120117188
-0.208282470703125 0.06610107421875 0.0168952941894531 -0.0581779479980469
-0.116226196289063 0.148910522460937 -0.0131759643554688 -0.10540771484375
0.0114288330078125 0.200927734375 -0.0628814697265625 -0.0989990234375
0.08050537109375 0.169448852539063 -0.102981567382813 -0.0838623046875
0.07470703125 0.15948486328125 -0.107444763183594 -0.0735397338867188
0.0890350341796875 0.183685302734375 -0.117233276367188 -0.087188720703125
0.0269622802734375 0.190353393554688 -0.0672454833984375 -0.128097534179688
-0.0905609130859375 0.1807861328125 -0.0179290771484375 -0.148666381835938
-0.173110961914063 0.096527099609375 0.059844970703125 -0.0957794189453125
-0.2117919921875 -0.091064453125 0.0904617309570312 -0.0129165649414063
-0.167236328125 -0.2021484375 0.00411987304687499 0.0107917785644531
-0.059112548828125 -0.268280029296875 0.00262069702148437 -0.0338077545166016
-0.077545166015625 -0.170989990234375 0.011260986328125 -0.34796142578125
-0.117446899414062 -0.114662170410156 -0.0798492431640625 -0.199951171875
-0.130935668945313 -0.0366439819335937 -0.03619384765625 -0.0520095825195313
-0.114006042480469 0.0434112548828125 0.0210037231445313 -0.0757217407226563
-0.0643463134765625 0.0806884765625 -0.00648498535156252 -0.126014709472656
-0.000251770019531261 0.118247985839844 -0.0731887817382812 -0.137702941894531
0.0348587036132812 0.105422973632813 -0.134368896484375 -0.125572204589844
0.0328903198242188 0.103584289550781 -0.142608642578125 -0.108078002929687
0.0370407104492188 0.122406005859375 -0.144912719726563 -0.12640380859375
-0.00507354736328125 0.116966247558594 -0.0839996337890625 -0.163909912109375
-0.0746078491210938 0.0956497192382813 -0.0145263671875 -0.16693115234375
-0.106483459472656 0.0338287353515625 0.0618743896484375 -0.104080200195313
-0.110382080078125 -0.0685272216796875 0.07080078125 -0.0180130004882813
-0.0894241333007813 -0.119606018066406 -0.0257167816162109 -0.0315895080566406
-0.03997802734375 -0.165451049804688 -0.00271606445312499 -0.124252319335938
-0.0724868774414063 -0.0351181030273437 -0.00265502929687498 -0.397613525390625
-0.0601387023925781 -0.0092926025390625 -0.0964202880859375 -0.230377197265625
-0.0256271362304688 0.0237827301025391 -0.0525321960449219 -0.0576095581054688
-0.00915050506591797 0.0164604187011719 0.00955963134765625 -0.0778656005859375
-0.00636672973632812 0.00392961502075195 -0.00643157958984376 -0.120132446289063
-0.0122146606445313 0.0205287933349609 -0.0747222900390625 -0.149948120117188
-0.0152530670166016 0.0264625549316406 -0.144882202148438 -0.143936157226563
-0.0126838684082031 0.0310592651367188 -0.15618896484375 -0.125473022460938
-0.0176925659179688 0.0428886413574219 -0.149703979492188 -0.150192260742187
-0.0324039459228516 0.0272636413574219 -0.0836181640625 -0.181167602539063
-0.0433921813964844 0.00224685668945313 -0.00141906738281251 -0.165298461914063
-0.0248889923095703 -0.0225658416748047 0.0673675537109375 -0.0982894897460937
-0.00300788879394531 -0.0285682678222656 0.05572509765625 -0.01434326171875
-0.00926780700683593 -0.016082763671875 -0.0368499755859375 -0.0574913024902344
-0.0219078063964844 -0.037078857421875 -0.00238037109375001 -0.177291870117188
0.0273513793945312 -0.113082885742187 0.0396575927734375 0.188262939453125
-0.0642852783203125 -0.0892105102539063 0.0462188720703125 0.0714111328125
-0.104606628417969 -0.0199050903320312 -0.0411148071289063 -0.00436782836914064
-0.0670089721679688 0.0563735961914063 -0.0807418823242188 0.0799102783203125
-0.0115966796875 0.0838088989257813 -0.032318115234375 0.142166137695312
0.0533790588378906 0.0670013427734375 0.075897216796875 0.176254272460938
0.0818023681640625 0.0432357788085938 0.161407470703125 0.152816772460938
0.0664901733398437 0.0413246154785156 0.161544799804688 0.11865234375
0.0729598999023438 0.0472793579101563 0.13970947265625 0.133255004882813
0.037628173828125 0.0784683227539063 0.087188720703125 0.143844604492188
-0.02862548828125 0.0830459594726563 0.03131103515625 0.102775573730469
-0.0824050903320313 0.0313034057617188 0.0210800170898438 0.0707168579101563
-0.0727081298828125 -0.06292724609375 0.0804061889648438 0.0887069702148438
-0.0199432373046875 -0.104171752929688 0.129669189453125 0.231674194335938
0.0355453491210938 -0.0813827514648438 0.00216674804687504 0.435546875
0.00267028808593752 -0.2401123046875 0.0318145751953125 0.1480712890625
-0.119705200195313 -0.182220458984375 0.0312614440917969 0.059814453125
-0.195877075195313 -0.074981689453125 -0.0326576232910156 -0.00923728942871095
-0.160659790039063 0.0789794921875 -0.0702400207519531 0.0580062866210938
-0.0653533935546875 0.151290893554688 -0.04364013671875 0.104873657226563
0.0628204345703125 0.158905029296875 0.0464935302734375 0.15087890625
0.125518798828125 0.119842529296875 0.124069213867188 0.133804321289063
0.107398986816406 0.113441467285156 0.127059936523437 0.098114013671875
0.120803833007812 0.128532409667969 0.1055908203125 0.106643676757813
0.0574493408203125 0.163604736328125 0.0743331909179688 0.104095458984375
-0.0614471435546875 0.167312622070313 0.0309867858886719 0.0584526062011719
-0.15771484375 0.0821990966796875 0.0414505004882812 0.0442008972167969
-0.173995971679688 -0.0997314453125 0.110099792480469 0.0752334594726563
-0.106292724609375 -0.19830322265625 0.140594482421875 0.216217041015625
0.000381469726562496 -0.212066650390625 0.02471923828125 0.4007568359375
-0.0218505859375 -0.33343505859375 0.0271530151367188 0.0675849914550781
-0.161972045898438 -0.2548828125 0.0095844268798828 0.0256118774414062
-0.267578125 -0.121292114257813 -0.0273399353027344 -0.0128822326660156
-0.238037109375 0.09228515625 -0.0503959655761719 0.0332908630371094
-0.113311767578125 0.19964599609375 -0.0453300476074219 0.0552749633789063
0.0615234375 0.2296142578125 0.0138473510742188 0.102462768554688
0.150100708007813 0.179443359375 0.0698776245117188 0.0940170288085938
0.132568359375 0.167526245117187 0.0734634399414063 0.0630035400390625
0.1541748046875 0.188644409179688 0.0532798767089844 0.0659904479980469
0.0740966796875 0.224929809570313 0.0463218688964844 0.0477561950683594
-0.0796051025390625 0.234329223632813 0.0228099822998047 0.00249862670898439
-0.209686279296875 0.132949829101563 0.0575027465820312 0.00606536865234376
-0.260452270507813 -0.112136840820312 0.129806518554687 0.0517196655273437
-0.188339233398438 -0.257705688476562 0.1334228515625 0.17938232421875
-0.041534423828125 -0.308502197265625 0.037200927734375 0.32122802734375
-0.04754638671875 -0.376373291015625 0.0230026245117187 -0.0396804809570313
-0.191864013671875 -0.287872314453125 -0.0170688629150391 -0.0271472930908203
-0.30853271484375 -0.14093017578125 -0.02587890625 -0.0181884765625
-0.281341552734375 0.1002197265625 -0.0259170532226563 0.00427818298339844
-0.14227294921875 0.223434448242187 -0.0388717651367188 -0.00288772583007812
0.0535125732421875 0.26708984375 -0.0180587768554688 0.0367507934570313
0.153549194335937 0.211196899414062 0.00633621215820314 0.0384788513183594
0.137680053710938 0.1959228515625 0.00890731811523438 0.0189704895019531
0.16448974609375 0.220932006835938 -0.0101528167724609 0.017242431640625
0.081451416015625 0.253250122070313 0.00580692291259766 -0.015467643737793
-0.08612060546875 0.268463134765625 0.00493621826171874 -0.0581703186035156
-0.230743408203125 0.165542602539062 0.0635833740234375 -0.0368576049804687
-0.309417724609375 -0.10552978515625 0.131721496582031 0.0226211547851562
-0.2403564453125 -0.278213500976563 0.101661682128906 0.125984191894531
-0.07403564453125 -0.35601806640625 0.0326385498046875 0.209869384765625
-0.07000732421875 -0.3624267578125 0.016876220703125 -0.15966796875
-0.199432373046875 -0.273635864257812 -0.04644775390625 -0.0901718139648438
-0.30206298828125 -0.1297607421875 -0.0275001525878906 -0.0281143188476563
-0.27520751953125 0.098663330078125 -0.00196456909179689 -0.0284404754638672
-0.14239501953125 0.211029052734375 -0.0288352966308594 -0.0616340637207031
0.0405731201171875 0.260772705078125 -0.0474128723144531 -0.0352783203125
0.133575439453125 0.208419799804688 -0.0572128295898437 -0.0236968994140625
0.12213134765625 0.194091796875 -0.0579910278320312 -0.0287284851074219
0.147720336914062 0.220245361328125 -0.0736618041992187 -0.0344467163085937
0.06951904296875 0.244003295898437 -0.0396804809570312 -0.0774993896484375
-0.0873565673828125 0.255096435546875 -0.0147857666015625 -0.113113403320312
-0.21856689453125 0.158721923828125 0.0616455078125 -0.0763473510742187
-0.298309326171875 -0.095947265625 0.116615295410156 -0.00225067138671876
-0.240081787109375 -0.258056640625 0.0514030456542969 0.0673866271972656
-0.0853271484375 -0.346954345703125 0.0161514282226562 0.0836715698242187
-0.08489990234375 -0.2930908203125 0.00810241699218752 -0.273056030273438
-0.177841186523437 -0.212493896484375 -0.0735626220703125 -0.152740478515625
-0.241165161132813 -0.091033935546875 -0.0318336486816406 -0.0408859252929688
-0.21533203125 0.0814208984375 0.0142250061035156 -0.0596237182617187
-0.113510131835938 0.162796020507813 -0.019561767578125 -0.1082763671875
0.0244598388671875 0.210433959960938 -0.069854736328125 -0.0984420776367188
0.09515380859375 0.172958374023438 -0.110557556152344 -0.0816726684570312
0.088226318359375 0.1634521484375 -0.114425659179688 -0.0725479125976562
0.106857299804688 0.187744140625 -0.125694274902344 -0.0832595825195312
0.0402069091796875 0.197769165039063 -0.0763092041015625 -0.1300048828125
-0.084320068359375 0.196304321289063 -0.0269622802734375 -0.152313232421875
-0.1766357421875 0.111251831054688 0.0585403442382812 -0.102149963378906
-0.227157592773438 -0.0855712890625 0.093719482421875 -0.0180816650390625
-0.18560791015625 -0.20428466796875 0.00242328643798827 0.0121078491210937
-0.073394775390625 -0.282867431640625 -0.00135040283203126 -0.0364990234375
-0.086944580078125 -0.177902221679688 -0.00546264648437501 -0.362884521484375
-0.128196716308594 -0.117118835449219 -0.0947265625 -0.204360961914063
-0.141082763671875 -0.0353546142578125 -0.0410575866699219 -0.0513687133789063
-0.118423461914063 0.052490234375 0.0169754028320312 -0.0790786743164063
-0.064056396484375 0.0895233154296875 -0.0134506225585938 -0.130744934082031
0.00747680664062499 0.125007629394531 -0.0824813842773437 -0.1396484375
0.0432052612304688 0.109779357910156 -0.146484375 -0.123870849609375
0.0415267944335938 0.107406616210937 -0.153274536132812 -0.106185913085938
0.0488967895507813 0.127952575683594 -0.157135009765625 -0.123779296875
0.00251007080078124 0.12371826171875 -0.0955963134765625 -0.1669921875
-0.072723388671875 0.106147766113281 -0.0247802734375 -0.172439575195313
-0.110992431640625 0.0427703857421875 0.0602188110351562 -0.111099243164063
-0.120780944824219 -0.0673828125 0.0731430053710937 -0.0220413208007813
-0.0998764038085938 -0.1226806640625 -0.0311203002929688 -0.0324115753173828
-0.048858642578125 -0.176376342773438 -0.0118026733398438 -0.131439208984375
-0.0747528076171875 -0.0355758666992187 -0.022674560546875 -0.415924072265625
-0.0629119873046875 -0.0102882385253906 -0.114334106445313 -0.236648559570313
-0.0261135101318359 0.02288818359375 -0.058197021484375 -0.056365966796875
-0.00933074951171875 0.0183238983154297 0.0058135986328125 -0.0813369750976562
-0.00712490081787109 0.00603818893432617 -0.0119781494140625 -0.125297546386719
-0.0103816986083984 0.0239677429199219 -0.084930419921875 -0.153213500976563
-0.0146198272705078 0.0299358367919922 -0.159561157226563 -0.143600463867188
-0.0103874206542969 0.0347995758056641 -0.1695556640625 -0.1241455078125
-0.0138130187988281 0.0473976135253906 -0.164352416992188 -0.14923095703125
-0.0316257476806641 0.0321063995361328 -0.0963592529296875 -0.184173583984375
-0.0462265014648438 0.00701522827148437 -0.010223388671875 -0.17181396484375
-0.0286102294921875 -0.0206184387207031 0.0648956298828125 -0.105224609375
-0.00615310668945313 -0.030242919921875 0.0575065612792969 -0.0182723999023438
-0.0114860534667969 -0.0186176300048828 -0.0438804626464844 -0.0595054626464844
-0.0232505798339844 -0.0421257019042969 -0.014617919921875 -0.187911987304688
0.0213241577148438 -0.115745544433594 0.0534210205078125 0.19476318359375
-0.0680465698242188 -0.08416748046875 0.0545120239257812 0.0739288330078125
-0.106491088867188 -0.0131378173828125 -0.0415878295898438 -0.00292205810546875
-0.064483642578125 0.0603141784667969 -0.0782318115234375 0.0860214233398437
-0.00689697265625 0.0847854614257812 -0.0255126953125 0.147537231445312
0.0587005615234375 0.0636558532714844 0.0882720947265625 0.1766357421875
0.086456298828125 0.0371170043945313 0.174758911132813 0.1468505859375
0.0690803527832031 0.0366859436035156 0.171417236328125 0.112045288085937
0.0766067504882813 0.0418167114257813 0.151901245117188 0.127960205078125
0.0438079833984375 0.0756301879882813 0.0973968505859375 0.141571044921875
-0.0222625732421875 0.0855255126953125 0.037322998046875 0.103233337402344
-0.0815048217773437 0.037445068359375 0.02581787109375 0.0713882446289063
-0.07818603515625 -0.0589523315429687 0.0873336791992188 0.0866317749023438
-0.0280838012695313 -0.103317260742187 0.146453857421875 0.23046875
0.0305252075195312 -0.0835189819335938 0.027557373046875 0.44586181640625
-0.0104827880859375 -0.24517822265625 0.0431365966796875 0.155120849609375
-0.130233764648438 -0.176239013671875 0.0384864807128906 0.0639190673828125
-0.203170776367188 -0.065032958984375 -0.0333175659179688 -0.00744819641113282
-0.158294677734375 0.0880889892578125 -0.068450927734375 0.0634422302246094
-0.05731201171875 0.157180786132813 -0.0394439697265625 0.110267639160156
0.0741424560546875 0.156600952148438 0.0571746826171875 0.152252197265625
0.13616943359375 0.113151550292969 0.135734558105469 0.129936218261719
0.116050720214844 0.107963562011719 0.1361083984375 0.0929946899414063
0.132064819335938 0.121841430664063 0.115310668945313 0.104133605957031
0.0691986083984375 0.161758422851563 0.0816650390625 0.101531982421875
-0.050201416015625 0.1744384765625 0.0343818664550781 0.0588912963867188
-0.155914306640625 0.0935211181640625 0.0450401306152344 0.0425148010253906
-0.185470581054688 -0.0916900634765625 0.115547180175781 0.0710601806640625
-0.122650146484375 -0.194869995117188 0.156295776367187 0.215042114257812
-0.0123291015625 -0.216583251953125 0.048492431640625 0.408203125
-0.040374755859375 -0.340606689453125 0.0327606201171875 0.0741729736328125
-0.178237915039063 -0.248153686523438 0.0139636993408203 0.0303936004638672
-0.28021240234375 -0.109115600585937 -0.0286083221435547 -0.0109691619873047
-0.236724853515625 0.107406616210937 -0.050018310546875 0.037567138671875
-0.103729248046875 0.209976196289063 -0.0440177917480469 0.0602951049804688
0.0780029296875 0.229766845703125 0.0212631225585937 0.105865478515625
0.165878295898437 0.1728515625 0.078643798828125 0.0925979614257813
0.14501953125 0.161819458007813 0.0794448852539063 0.0595626831054688
0.170974731445313 0.182373046875 0.0602569580078125 0.0660743713378906
0.090362548828125 0.223663330078125 0.0498046875 0.0465774536132813
-0.0647125244140625 0.24493408203125 0.0226860046386719 0.0026683807373047
-0.205856323242188 0.148574829101563 0.0593795776367187 0.00319671630859376
-0.275619506835937 -0.0997467041015625 0.134239196777344 0.04595947265625
-0.208938598632813 -0.251937866210938 0.145889282226563 0.177764892578125
-0.05975341796875 -0.315093994140625 0.055389404296875 0.325958251953125
-0.06817626953125 -0.383636474609375 0.0224838256835937 -0.0358085632324219
-0.21044921875 -0.282806396484375 -0.0172195434570313 -0.0223865509033203
-0.324371337890625 -0.12744140625 -0.0275230407714844 -0.0166206359863281
-0.280807495117188 0.11865234375 -0.0262088775634766 0.00746726989746095
-0.13232421875 0.236007690429687 -0.0408744812011719 0.000576019287109388
0.07232666015625 0.268234252929688 -0.0145454406738281 0.0408592224121094
0.170913696289063 0.205230712890625 0.0111045837402344 0.0398521423339844
0.15325927734375 0.19140625 0.010711669921875 0.0176563262939453
0.1844482421875 0.2137451171875 -0.0069599151611328 0.0194931030273438
0.09991455078125 0.25341796875 0.00426292419433594 -0.0158004760742187
-0.06951904296875 0.280746459960938 0.00111007690429687 -0.0578956604003906
-0.226150512695312 0.183486938476563 0.0636367797851562 -0.04156494140625
-0.324310302734375 -0.0914611816406251 0.134796142578125 0.0161972045898437
-0.263717651367188 -0.270477294921875 0.109451293945312 0.125083923339844
-0.09521484375 -0.362823486328125 0.0437164306640625 0.212188720703125
-0.0894775390625 -0.369354248046875 0.00878906249999998 -0.158950805664063
-0.2186279296875 -0.269439697265625 -0.0518417358398438 -0.0855178833007813
-0.318328857421875 -0.117279052734375 -0.0301837921142578 -0.0264186859130859
-0.274917602539063 0.116973876953125 -0.00381851196289064 -0.0271396636962891
-0.133712768554688 0.225234985351562 -0.0341148376464844 -0.0602798461914062
0.058807373046875 0.2630615234375 -0.0486106872558594 -0.0311698913574219
0.151138305664063 0.204910278320312 -0.0579414367675781 -0.020477294921875
0.13739013671875 0.190811157226563 -0.0596694946289062 -0.0271492004394531
0.167694091796875 0.215057373046875 -0.0754013061523437 -0.0290756225585937
0.0872802734375 0.2449951171875 -0.045135498046875 -0.0764236450195313
-0.0714111328125 0.26788330078125 -0.0225143432617188 -0.112442016601562
-0.2144775390625 0.176071166992188 0.0592422485351562 -0.081298828125
-0.312652587890625 -0.08160400390625 0.117515563964844 -0.00851440429687501
-0.2608642578125 -0.25152587890625 0.0554046630859375 0.0673255920410156
-0.10577392578125 -0.353973388671875 0.0195541381835938 0.0842208862304687
-0.10052490234375 -0.298248291015625 -0.00715637207031249 -0.276535034179688
-0.192825317382813 -0.209075927734375 -0.08404541015625 -0.149383544921875
-0.2550048828125 -0.0816650390625 -0.0352630615234375 -0.0385322570800781
-0.215576171875 0.096588134765625 0.0109977722167969 -0.06036376953125
-0.107162475585938 0.174667358398438 -0.0267791748046875 -0.108200073242187
0.040069580078125 0.213409423828125 -0.07568359375 -0.0950469970703125
0.109970092773437 0.171463012695313 -0.117141723632813 -0.0766677856445312
0.101699829101562 0.162567138671875 -0.12042236328125 -0.068634033203125
0.1240234375 0.185470581054688 -0.132003784179687 -0.0767059326171875
0.0549774169921875 0.200912475585938 -0.08612060546875 -0.1278076171875
-0.0728607177734375 0.207794189453125 -0.037078857421875 -0.152206420898438
-0.17523193359375 0.12506103515625 0.0540618896484375 -0.107322692871094
-0.239501953125 -0.0752410888671875 0.0936279296875 -0.0232620239257813
-0.202346801757813 -0.199981689453125 0.00138568878173827 0.0130701065063476
-0.08953857421875 -0.28955078125 -0.00558090209960938 -0.0383338928222656
-0.096435546875 -0.180206298828125 -0.0263671875 -0.369537353515625
-0.138160705566406 -0.115669250488281 -0.10992431640625 -0.202606201171875
-0.148208618164063 -0.03155517578125 -0.0450439453125 -0.0493125915527344
-0.119163513183594 0.0612869262695313 0.012939453125 -0.080047607421875
-0.0614013671875 0.0966796875 -0.0212783813476563 -0.131996154785156
0.0169906616210938 0.128669738769531 -0.0917510986328125 -0.137550354003906
0.0525741577148438 0.11083984375 -0.157012939453125 -0.118118286132813
0.0505828857421875 0.108352661132813 -0.162796020507813 -0.1011962890625
0.0610885620117187 0.128326416015625 -0.167465209960937 -0.116073608398437
0.0114364624023438 0.12786865234375 -0.107513427734375 -0.164031982421875
-0.06707763671875 0.1151123046875 -0.0356292724609375 -0.173477172851563
-0.11212158203125 0.0524368286132813 0.0550003051757813 -0.116844177246094
-0.129539489746094 -0.0632171630859375 0.0732879638671875 -0.026580810546875
-0.109725952148438 -0.121620178222656 -0.0359458923339844 -0.03106689453125
-0.0589141845703125 -0.182159423828125 -0.0220870971679687 -0.135124206542969
-0.0755767822265625 -0.034698486328125 -0.04718017578125 -0.42401123046875
-0.0645980834960938 -0.00963973999023436 -0.132003784179688 -0.235916137695313
-0.0262928009033203 0.0222282409667969 -0.0638427734375 -0.0536727905273437
-0.0102615356445312 0.0189952850341797 0.00112152099609374 -0.0819778442382813
-0.00798654556274414 0.00761079788208008 -0.0191802978515625 -0.127433776855469
-0.00886344909667969 0.0262737274169922 -0.09552001953125 -0.152114868164063
-0.0123081207275391 0.0325908660888672 -0.172882080078125 -0.137619018554688
-0.0078582763671875 0.0368461608886719 -0.180007934570313 -0.117721557617188
-0.00942611694335938 0.050872802734375 -0.17742919921875 -0.141937255859375
-0.0288925170898438 0.0366096496582031 -0.109268188476563 -0.181808471679688
-0.0461997985839844 0.0122642517089844 -0.021148681640625 -0.17376708984375
-0.0322837829589844 -0.0179023742675781 0.060089111328125 -0.111076354980469
-0.00975418090820312 -0.0315456390380859 0.0571784973144531 -0.0222358703613281
-0.0132770538330078 -0.0208606719970703 -0.0513114929199219 -0.0591926574707031
-0.0258445739746094 -0.0457420349121094 -0.02813720703125 -0.193038940429688
0.0165176391601563 -0.115806579589844 0.06536865234375 0.197433471679687
-0.0696868896484375 -0.078643798828125 0.061553955078125 0.0749053955078125
-0.105400085449219 -0.00849914550781251 -0.0417060852050781 -0.00150680541992187
-0.0614395141601563 0.061981201171875 -0.07476806640625 0.0901565551757813
-0.00307464599609375 0.0845565795898438 -0.0193328857421875 0.149429321289063
0.0621871948242188 0.0593223571777344 0.09698486328125 0.173782348632813
0.0882720947265625 0.0314102172851563 0.183380126953125 0.140045166015625
0.0698509216308594 0.0321273803710938 0.177322387695313 0.105560302734375
0.0783615112304688 0.036773681640625 0.159103393554688 0.122817993164063
0.0478439331054688 0.0717926025390625 0.103485107421875 0.138465881347656
-0.0168075561523438 0.086181640625 0.0419235229492188 0.102371215820312
-0.0793380737304688 0.0413055419921875 0.0295867919921875 0.0708389282226563
-0.0815277099609375 -0.0545654296875 0.0910491943359375 0.0837554931640625
-0.0341110229492187 -0.100433349609375 0.15863037109375 0.22637939453125
0.0261306762695313 -0.0836563110351563 0.04583740234375 0.447113037109375
-0.020355224609375 -0.245925903320312 0.0522613525390625 0.159408569335937
-0.13525390625 -0.168609619140625 0.0451507568359375 0.0664291381835937
-0.205917358398437 -0.0566864013671875 -0.0333805084228516 -0.00622558593750001
-0.154022216796875 0.0948944091796875 -0.0656623840332031 0.0676116943359375
-0.051025390625 0.159271240234375 -0.035491943359375 0.113731384277344
0.0824737548828125 0.151885986328125 0.0648193359375 0.151580810546875
0.143142700195313 0.105865478515625 0.144058227539063 0.125137329101563
0.12066650390625 0.102005004882813 0.140640258789063 0.0875701904296875
0.138420104980469 0.114845275878906 0.122032165527344 0.100502014160156
0.077484130859375 0.157379150390625 0.0855865478515625 0.0984878540039063
-0.0403900146484375 0.177108764648438 0.0366363525390625 0.0584678649902344
-0.152267456054688 0.101089477539063 0.0471992492675781 0.0410041809082031
-0.192306518554688 -0.0843963623046875 0.118354797363281 0.066986083984375
-0.133056640625 -0.188827514648438 0.166885375976563 0.2108154296875
-0.0223846435546875 -0.217498779296875 0.064208984375 0.4085693359375
-0.053131103515625 -0.34112548828125 0.0386962890625 0.0791778564453125
-0.186172485351562 -0.2408447265625 0.0187206268310547 0.0342540740966797
-0.2864990234375 -0.0982666015625 -0.0286846160888672 -0.00969314575195313
-0.232192993164063 0.117477416992187 -0.04779052734375 0.040802001953125
-0.0953369140625 0.214935302734375 -0.0425033569335937 0.0640487670898438
0.0897216796875 0.224685668945313 0.0281143188476563 0.1064453125
0.176055908203125 0.164306640625 0.0845870971679688 0.0900955200195313
0.152725219726563 0.155853271484375 0.0826873779296875 0.0560455322265625
0.181427001953125 0.173065185546875 0.0652313232421875 0.0648422241210938
0.102325439453125 0.219223022460937 0.0516738891601563 0.0446624755859375
-0.051239013671875 0.249496459960938 0.0221195220947266 0.00302314758300783
-0.200714111328125 0.158462524414062 0.0599021911621094 0.00077819824218751
-0.28326416015625 -0.0889282226562499 0.135498046875 0.0412521362304687
-0.223373413085938 -0.2432861328125 0.15380859375 0.174270629882812
-0.07275390625 -0.31622314453125 0.067626953125 0.325042724609375
-0.081634521484375 -0.385040283203125 0.0232887268066406 -0.0314617156982422
-0.220672607421875 -0.274871826171875 -0.0160417556762695 -0.0174560546875
-0.334228515625 -0.116485595703125 -0.0280036926269531 -0.0146160125732422
-0.277099609375 0.131072998046875 -0.0255699157714844 0.00976753234863282
-0.12249755859375 0.242691040039062 -0.0419654846191406 0.00387191772460938
0.086944580078125 0.264633178710938 -0.0111083984375 0.0435104370117188
0.182952880859375 0.197341918945313 0.0146026611328125 0.0400657653808594
0.162567138671875 0.185211181640625 0.0120906829833984 0.0165538787841797
0.197525024414063 0.205047607421875 -0.00389480590820311 0.0216922760009766
0.1134033203125 0.249130249023437 0.00324249267578126 -0.0155887603759765
-0.05511474609375 0.285919189453125 -0.00178909301757813 -0.056060791015625
-0.219253540039063 0.194534301757812 0.0618705749511719 -0.0441665649414062
-0.332489013671875 -0.079193115234375 0.134391784667969 0.0113372802734375
-0.277786254882812 -0.260513305664063 0.114463806152344 0.123275756835937
-0.1099853515625 -0.364288330078125 0.0517730712890625 0.211334228515625
-0.10272216796875 -0.3707275390625 0.00389099121093748 -0.156021118164063
-0.229019165039063 -0.26336669921875 -0.05450439453125 -0.080841064453125
-0.328369140625 -0.10723876953125 -0.0307579040527344 -0.0240001678466797
-0.271881103515625 0.12994384765625 -0.00490570068359377 -0.0259952545166016
-0.124481201171875 0.232742309570313 -0.0374183654785156 -0.0574073791503906
0.0736236572265625 0.260711669921875 -0.0483512878417969 -0.0277252197265625
0.1630859375 0.199188232421875 -0.0576629638671875 -0.017120361328125
0.147781372070312 0.186569213867187 -0.0602226257324219 -0.0257606506347656
0.181625366210937 0.207077026367187 -0.07489013671875 -0.025115966796875
0.100555419921875 0.242202758789063 -0.04931640625 -0.0737228393554687
-0.0570220947265625 0.273345947265625 -0.0274581909179688 -0.109664916992187
-0.20794677734375 0.186416625976563 0.0557861328125 -0.0841445922851562
-0.319976806640625 -0.0700683593750001 0.116508483886719 -0.0129241943359375
-0.274749755859375 -0.242294311523438 0.0570564270019531 0.06683349609375
-0.1207275390625 -0.355560302734375 0.02142333984375 0.0829315185546875
-0.111328125 -0.299652099609375 -0.0176544189453125 -0.274063110351563
-0.20233154296875 -0.205047607421875 -0.0905609130859376 -0.144210815429688
-0.26373291015625 -0.0747528076171875 -0.0374946594238281 -0.0360221862792969
-0.2142333984375 0.107009887695312 0.00839233398437499 -0.0594215393066406
-0.101287841796875 0.181594848632813 -0.031890869140625 -0.106338500976563
0.0521240234375 0.212432861328125 -0.0786819458007813 -0.0912094116210937
0.119964599609375 0.168289184570312 -0.119865417480469 -0.07159423828125
0.110122680664062 0.159698486328125 -0.123298645019531 -0.064727783203125
0.136474609375 0.180419921875 -0.134223937988281 -0.070037841796875
0.0658111572265625 0.199493408203125 -0.0920486450195313 -0.123641967773437
-0.062591552734375 0.213226318359375 -0.043975830078125 -0.149749755859375
-0.170913696289063 0.13446044921875 0.0498809814453125 -0.10992431640625
-0.2467041015625 -0.067230224609375 0.0919342041015625 -0.0267257690429688
-0.21258544921875 -0.1934814453125 0.00010585784912108 0.0140666961669922
-0.101531982421875 -0.29241943359375 -0.00918960571289063 -0.039306640625
-0.102249145507813 -0.181442260742188 -0.04205322265625 -0.36895751953125
-0.143173217773438 -0.113601684570313 -0.12017822265625 -0.197525024414063
-0.153533935546875 -0.0287628173828125 -0.0481910705566406 -0.0465736389160156
-0.118751525878906 0.0672683715820313 0.00966644287109375 -0.0798721313476563
-0.0582122802734375 0.100944519042969 -0.027008056640625 -0.130882263183594
0.0239410400390625 0.129058837890625 -0.0973281860351562 -0.134048461914063
0.0591049194335937 0.110122680664062 -0.163055419921875 -0.111785888671875
0.0567779541015625 0.107620239257813 -0.167282104492188 -0.09527587890625
0.0702438354492188 0.126304626464844 -0.1724853515625 -0.1083984375
0.0190048217773437 0.12884521484375 -0.114791870117188 -0.159210205078125
-0.0612030029296875 0.120880126953125 -0.0435028076171875 -0.1707763671875
-0.11138916015625 0.0584945678710938 0.050079345703125 -0.119270324707031
-0.135185241699219 -0.0590667724609375 0.0709152221679687 -0.0295639038085938
-0.116226196289062 -0.119453430175781 -0.0400123596191406 -0.0290756225585938
-0.0666046142578125 -0.185165405273438 -0.0300827026367187 -0.136329650878906
-0.075225830078125 -0.034576416015625 -0.065185546875 -0.424407958984375
-0.0656166076660156 -0.00973129272460938 -0.1448974609375 -0.232086181640625
-0.0270805358886719 0.0203590393066406 -0.0659637451171875 -0.0502128601074219
-0.0106906890869141 0.0195446014404297 -0.002227783203125 -0.0816650390625
-0.00859308242797852 0.00861835479736328 -0.0242233276367188 -0.126747131347656
-0.00715446472167969 0.0277805328369141 -0.102737426757813 -0.149459838867188
-0.0103664398193359 0.0350914001464844 -0.180160522460938 -0.131118774414063
-0.004974365234375 0.0387306213378906 -0.1865234375 -0.110824584960938
-0.00524520874023437 0.0522346496582031 -0.184951782226563 -0.1341552734375
-0.0260086059570312 0.0397872924804688 -0.117584228515625 -0.176895141601563
-0.0461845397949219 0.0165672302246094 -0.029327392578125 -0.1728515625
-0.0336704254150391 -0.0150470733642578 0.0550155639648438 -0.114166259765625
-0.0126857757568359 -0.0320053100585938 0.0558433532714844 -0.0252914428710938
-0.0150547027587891 -0.0227184295654297 -0.0564231872558594 -0.0572929382324219
-0.0276870727539063 -0.0492362976074219 -0.038299560546875 -0.194671630859375
0.0139617919921875 -0.116004943847656 0.0722808837890625 0.201004028320313
-0.0685958862304687 -0.0750885009765625 0.0675888061523438 0.0772476196289063
-0.103675842285156 -0.00622558593749999 -0.0414619445800781 -0.000823974609375005
-0.0597038269042969 0.0623931884765625 -0.0727615356445313 0.0927810668945312
-0.00131988525390625 0.084381103515625 -0.0163116455078125 0.151443481445313
0.0634002685546875 0.0563011169433594 0.102035522460938 0.172683715820313
0.0893478393554688 0.0271377563476563 0.189300537109375 0.136978149414063
0.0703506469726563 0.0296478271484375 0.181243896484375 0.103408813476563
0.0786361694335938 0.03326416015625 0.163467407226563 0.121017456054688
0.0494384765625 0.06903076171875 0.106307983398438 0.136940002441406
-0.0135498046875 0.0858612060546875 0.044281005859375 0.10247802734375
-0.0779800415039062 0.0435028076171875 0.0315170288085937 0.0708084106445313
-0.0841140747070313 -0.0523300170898437 0.0934371948242187 0.0830001831054687
-0.0378570556640625 -0.0980148315429688 0.165603637695313 0.225967407226563
0.0236434936523438 -0.0835647583007813 0.055084228515625 0.449371337890625
-0.024749755859375 -0.247817993164063 0.058929443359375 0.164077758789062
-0.135848999023438 -0.165069580078125 0.0510406494140625 0.0694656372070312
-0.207656860351563 -0.0535888671875 -0.0334129333496094 -0.00569343566894531
-0.151901245117188 0.09783935546875 -0.0641441345214844 0.0698623657226563
-0.04791259765625 0.1611328125 -0.0338897705078125 0.116127014160156
0.0872344970703125 0.148574829101563 0.070037841796875 0.151702880859375
0.146530151367187 0.100753784179688 0.14971923828125 0.122894287109375
0.123481750488281 0.0990524291992187 0.143707275390625 0.08544921875
0.142898559570313 0.109817504882813 0.126419067382813 0.0993270874023438
0.0828704833984375 0.15472412109375 0.0878219604492188 0.0977783203125
-0.0344696044921875 0.179000854492188 0.0379257202148438 0.059051513671875
-0.150863647460938 0.105178833007813 0.04876708984375 0.0407905578613281
-0.1976318359375 -0.0798187255859375 0.120155334472656 0.0660324096679688
-0.139556884765625 -0.185714721679688 0.17327880859375 0.210861206054688
-0.02734375 -0.21875 0.072357177734375 0.410400390625
-0.059112548828125 -0.344390869140625 0.0435638427734375 0.0842437744140625
-0.188812255859375 -0.236984252929687 0.0228805541992187 0.0383720397949219
-0.2911376953125 -0.09375 -0.0287189483642578 -0.00887870788574219
-0.230789184570313 0.122161865234375 -0.0471038818359375 0.0433197021484375
-0.09185791015625 0.218414306640625 -0.0421676635742188 0.0665473937988282
0.0967254638671875 0.222412109375 0.0321884155273437 0.107742309570313
0.182632446289063 0.159423828125 0.089508056640625 0.0889968872070313
0.157882690429688 0.1531982421875 0.0845108032226563 0.054443359375
0.18841552734375 0.16815185546875 0.0691070556640625 0.0652503967285156
0.109466552734375 0.217117309570313 0.0524978637695313 0.04443359375
-0.04345703125 0.252090454101563 0.0224990844726562 0.00418472290039064
-0.19921875 0.164291381835937 0.0599708557128906 0.000102996826171885
-0.290618896484375 -0.083526611328125 0.136322021484375 0.039764404296875
-0.2314453125 -0.2393798828125 0.158798217773437 0.1749267578125
-0.079620361328125 -0.319061279296875 0.073577880859375 0.326263427734375
-0.08807373046875 -0.389312744140625 0.025115966796875 -0.0271778106689453
-0.224838256835938 -0.27337646484375 -0.0138216018676758 -0.0130977630615235
-0.340545654296875 -0.1112060546875 -0.0278987884521485 -0.013946533203125
-0.2762451171875 0.137969970703125 -0.0248832702636719 0.0112705230712891
-0.118667602539062 0.24737548828125 -0.0431060791015625 0.00675964355468752
0.0942840576171875 0.2623291015625 -0.0077667236328125 0.0453758239746094
0.191116333007813 0.193496704101562 0.0177383422851563 0.0404052734375
0.168899536132813 0.18377685546875 0.0127954483032227 0.0159091949462891
0.206329345703125 0.200180053710938 -0.00148963928222655 0.0229511260986328
0.121322631835938 0.24700927734375 0.00272655487060548 -0.0151605606079101
-0.0462646484375 0.28961181640625 -0.00291442871093751 -0.054779052734375
-0.217666625976563 0.200653076171875 0.0606460571289062 -0.0454139709472656
-0.339874267578125 -0.0728759765625 0.134391784667969 0.00969696044921874
-0.286529541015625 -0.256378173828125 0.117523193359375 0.123542785644531
-0.117279052734375 -0.36895751953125 0.0543212890625 0.2113037109375
-0.108856201171875 -0.375640869140625 0.00311279296875 -0.152557373046875
-0.233612060546875 -0.262466430664063 -0.055084228515625 -0.0768966674804688
-0.335906982421875 -0.102996826171875 -0.0316028594970703 -0.0225257873535156
-0.272064208984375 0.13616943359375 -0.00503158569335939 -0.0248050689697266
-0.12164306640625 0.237548828125 -0.0399436950683594 -0.0547943115234375
0.0812835693359375 0.260162353515625 -0.0473098754882812 -0.0252647399902344
0.1710205078125 0.196151733398438 -0.0566558837890625 -0.0153999328613281
0.153884887695313 0.186126708984375 -0.0610885620117188 -0.0252418518066406
0.19036865234375 0.2027587890625 -0.0740585327148437 -0.0220413208007812
0.108551025390625 0.241073608398438 -0.0510101318359375 -0.07232666015625
-0.049224853515625 0.277664184570313 -0.0301742553710938 -0.108047485351562
-0.206939697265625 0.193206787109375 0.053680419921875 -0.0852127075195312
-0.32720947265625 -0.064788818359375 0.116218566894531 -0.0145721435546875
-0.28204345703125 -0.23895263671875 0.0578536987304687 0.0679397583007812
-0.12725830078125 -0.361114501953125 0.0215301513671875 0.0827102661132812
-0.1153564453125 -0.30462646484375 -0.0222930908203125 -0.2728271484375
-0.206985473632813 -0.205535888671875 -0.0941925048828125 -0.141357421875
-0.271072387695313 -0.072174072265625 -0.0381851196289063 -0.0350227355957031
-0.214691162109375 0.112625122070313 0.00744628906249999 -0.0591812133789062
-0.0991058349609375 0.186386108398438 -0.0352096557617188 -0.105209350585938
0.0578155517578125 0.2127685546875 -0.079833984375 -0.0893402099609375
0.12664794921875 0.167373657226563 -0.121360778808594 -0.0688018798828125
0.11639404296875 0.159500122070313 -0.125556945800781 -0.0635757446289062
0.14453125 0.177322387695313 -0.135147094726563 -0.0668487548828125
0.0730438232421875 0.199310302734375 -0.0948257446289062 -0.121437072753906
-0.055938720703125 0.217926025390625 -0.047607421875 -0.147796630859375
-0.170318603515625 0.139923095703125 0.0473785400390625 -0.111778259277344
-0.2529296875 -0.0634613037109375 0.0916061401367188 -0.0285263061523438
-0.218551635742187 -0.19183349609375 -0.00140380859375001 0.0151557922363281
-0.107696533203125 -0.297576904296875 -0.0114707946777344 -0.0400505065917969
-0.10418701171875 -0.184677124023438 -0.04876708984375 -0.368988037109375
-0.14715576171875 -0.114898681640625 -0.12628173828125 -0.195709228515625
-0.159149169921875 -0.0283966064453125 -0.0493240356445313 -0.0449142456054687
-0.120079040527344 0.0710296630859375 0.00807952880859375 -0.0802536010742188
-0.0578384399414063 0.103973388671875 -0.0303192138671875 -0.1300048828125
0.0273361206054687 0.130165100097656 -0.100028991699219 -0.13250732421875
0.0634613037109375 0.110816955566406 -0.166656494140625 -0.108734130859375
0.0611038208007813 0.10894775390625 -0.17108154296875 -0.0935516357421875
0.0763320922851563 0.125297546386719 -0.175018310546875 -0.104934692382812
0.023895263671875 0.129852294921875 -0.11871337890625 -0.157119750976563
-0.0579452514648438 0.124649047851562 -0.0474853515625 -0.169403076171875
-0.11199951171875 0.0621414184570312 0.0480117797851563 -0.121246337890625
-0.138923645019531 -0.0575408935546875 0.0700035095214844 -0.0314483642578125
-0.119796752929688 -0.119308471679688 -0.0427322387695313 -0.0280570983886719
-0.0706634521484375 -0.1900634765625 -0.0351486206054688 -0.138114929199219
-0.0745162963867188 -0.0364913940429687 -0.074676513671875 -0.4256591796875
-0.0673408508300781 -0.0116348266601563 -0.152191162109375 -0.230712890625
-0.0294456481933594 0.0183887481689453 -0.0675888061523438 -0.0491981506347656
-0.0119514465332031 0.0201091766357422 -0.00387573242187501 -0.0822219848632813
-0.00959205627441406 0.0101251602172852 -0.0265960693359375 -0.127029418945313
-0.00646400451660156 0.0295181274414063 -0.106674194335938 -0.1483154296875
-0.00858688354492187 0.0375404357910156 -0.185348510742188 -0.128082275390625
-0.00292587280273437 0.0407943725585938 -0.189895629882813 -0.10888671875
-0.00218582153320312 0.0533790588378906 -0.18890380859375 -0.13043212890625
-0.0238990783691406 0.0415458679199219 -0.12139892578125 -0.1749267578125
-0.0457763671875 0.01959228515625 -0.0331878662109375 -0.171493530273438
-0.0358543395996094 -0.0131683349609375 0.0522994995117188 -0.115921020507813
-0.0141754150390625 -0.0330390930175781 0.0553512573242188 -0.0269584655761719
-0.0161399841308594 -0.0250034332275391 -0.0604972839355469 -0.0571708679199219
-0.0289192199707031 -0.0527229309082031 -0.0447998046875 -0.197280883789062
0.0132598876953125 -0.1185302734375 0.078948974609375 0.2093505859375
-0.0680465698242188 -0.0746078491210937 0.0748825073242188 0.0801773071289063
-0.104789733886719 -0.00553131103515627 -0.0424079895019531 -0.000366210937500003
-0.0597877502441406 0.0633773803710938 -0.0734024047851563 0.096710205078125
-0.000511169433593749 0.0861968994140625 -0.0155181884765625 0.1563720703125
0.0663490295410156 0.0551719665527344 0.106842041015625 0.176422119140625
0.0916290283203125 0.0244979858398437 0.1968994140625 0.137954711914063
0.0719985961914063 0.0286483764648438 0.1875 0.105575561523437
0.08062744140625 0.0317840576171875 0.169357299804688 0.123382568359375
0.0518684387207031 0.0682029724121094 0.110435485839844 0.14013671875
-0.010467529296875 0.0875091552734375 0.0461807250976563 0.104583740234375
-0.07879638671875 0.0457916259765625 0.032958984375 0.0727691650390625
-0.0876388549804688 -0.0514373779296875 0.0972671508789063 0.0850677490234375
-0.0410003662109375 -0.0973663330078125 0.174209594726562 0.232192993164063
0.0233612060546875 -0.0844650268554688 0.060516357421875 0.4620361328125
-0.027435302734375 -0.25445556640625 0.06500244140625 0.17236328125
-0.1375732421875 -0.16705322265625 0.05755615234375 0.0740509033203125
-0.21319580078125 -0.05352783203125 -0.0336360931396485 -0.00504493713378906
-0.154830932617188 0.100250244140625 -0.0642242431640625 0.073150634765625
-0.0480194091796875 0.165542602539063 -0.0340576171875 0.120452880859375
0.0913238525390625 0.149612426757813 0.0752716064453125 0.155654907226563
0.152923583984375 0.0995635986328125 0.157394409179688 0.124755859375
0.127525329589844 0.100425720214844 0.14886474609375 0.0872955322265625
0.148590087890625 0.109268188476563 0.132492065429687 0.102188110351562
0.0873260498046875 0.156005859375 0.09100341796875 0.100212097167969
-0.0315093994140625 0.183517456054687 0.0394363403320313 0.0603218078613281
-0.153900146484375 0.11053466796875 0.0501785278320312 0.0415687561035156
-0.205978393554688 -0.0795135498046875 0.123817443847656 0.0679855346679688
-0.146835327148438 -0.1875 0.180694580078125 0.216812133789063
-0.0297698974609375 -0.225784301757813 0.07745361328125 0.421875
-0.062255859375 -0.3555908203125 0.0485992431640625 0.090667724609375
-0.192520141601563 -0.242172241210937 0.0279731750488281 0.0422401428222656
-0.301055908203125 -0.094635009765625 -0.0288829803466797 -0.00840377807617188
-0.235809326171875 0.126846313476563 -0.0470428466796875 0.0456466674804688
-0.09271240234375 0.225418090820313 -0.0439910888671875 0.070343017578125
0.1029052734375 0.225753784179687 0.0361328125 0.111488342285156
0.190444946289063 0.160125732421875 0.095062255859375 0.0906219482421875
0.164352416992187 0.156051635742187 0.0876235961914063 0.0557708740234375
0.197113037109375 0.16851806640625 0.0732879638671875 0.0671005249023438
0.115798950195313 0.220077514648438 0.0539665222167969 0.0461158752441406
-0.0397796630859375 0.259078979492187 0.0230922698974609 0.00479507446289064
-0.203414916992188 0.171737670898437 0.0613212585449219 -0.000522613525390614
-0.302734375 -0.08270263671875 0.139564514160156 0.0406951904296875
-0.241592407226562 -0.243240356445313 0.165252685546875 0.179885864257812
-0.08355712890625 -0.3299560546875 0.075653076171875 0.33465576171875
-0.091766357421875 -0.403106689453125 0.0287227630615234 -0.0238723754882813
-0.230484008789062 -0.2799072265625 -0.0108909606933594 -0.00972175598144533
-0.35302734375 -0.11285400390625 -0.0285911560058594 -0.0134544372558594
-0.281982421875 0.144195556640625 -0.025360107421875 0.0129890441894531
-0.1209716796875 0.256607055664063 -0.0457077026367188 0.00940322875976565
0.1011962890625 0.267501831054688 -0.00537490844726562 0.0480308532714844
0.200668334960937 0.195541381835937 0.0208663940429688 0.0412216186523438
0.176605224609375 0.187789916992188 0.0133895874023438 0.0161113739013672
0.216354370117187 0.201004028320313 0.00111770629882814 0.0244617462158203
0.129074096679688 0.25152587890625 0.00286388397216798 -0.014286994934082
-0.04180908203125 0.298095703125 -0.00322723388671875 -0.0550041198730468
-0.2225341796875 0.209457397460937 0.0617752075195312 -0.0465927124023437
-0.3541259765625 -0.07208251953125 0.137344360351562 0.00979614257812499
-0.297607421875 -0.260711669921875 0.121688842773438 0.127578735351562
-0.123321533203125 -0.382110595703125 0.0552215576171875 0.216720581054688
-0.112060546875 -0.3897705078125 0.00437927246093749 -0.15313720703125
-0.240463256835938 -0.269790649414063 -0.0551223754882812 -0.0751266479492188
-0.350830078125 -0.10467529296875 -0.0322322845458985 -0.0231227874755859
-0.278762817382813 0.143341064453125 -0.00516891479492189 -0.0248832702636719
-0.124603271484375 0.246261596679688 -0.0425796508789063 -0.0539283752441406
0.08697509765625 0.265975952148438 -0.0469093322753906 -0.024017333984375
0.180526733398438 0.199111938476562 -0.0564956665039062 -0.0150527954101562
0.162033081054688 0.190399169921875 -0.0627861022949219 -0.0256195068359375
0.200775146484375 0.204986572265625 -0.0740737915039062 -0.021728515625
0.115966796875 0.245651245117188 -0.0529556274414063 -0.0728683471679687
-0.045318603515625 0.286590576171875 -0.0316085815429688 -0.109184265136719
-0.212265014648437 0.201080322265625 0.0541915893554687 -0.0880126953125
-0.340484619140625 -0.064056396484375 0.118247985839844 -0.0149993896484375
-0.29266357421875 -0.243560791015625 0.0594558715820312 0.070648193359375
-0.132354736328125 -0.3746337890625 0.0205917358398437 0.0840835571289062
-0.118560791015625 -0.316925048828125 -0.022796630859375 -0.27783203125
-0.213912963867188 -0.212326049804688 -0.0979156494140625 -0.142669677734375
-0.28436279296875 -0.07342529296875 -0.0396881103515625 -0.0354118347167969
-0.220993041992187 0.118972778320313 0.00724029541015624 -0.0598487854003906
-0.101852416992188 0.193862915039062 -0.0382308959960938 -0.105857849121094
0.062835693359375 0.218185424804688 -0.08087158203125 -0.0892791748046875
0.134017944335938 0.171096801757813 -0.1240234375 -0.0689849853515625
0.122772216796875 0.1641845703125 -0.129364013671875 -0.0650863647460937
0.15313720703125 0.179672241210938 -0.137809753417969 -0.0667800903320312
0.079315185546875 0.204299926757813 -0.0984649658203125 -0.123451232910156
-0.0534210205078125 0.225479125976563 -0.049896240234375 -0.149871826171875
-0.1749267578125 0.146469116210938 0.0472869873046875 -0.114814758300781
-0.263717651367188 -0.0632476806640624 0.0924301147460937 -0.0293655395507813
-0.228179931640625 -0.196609497070312 -0.00272178649902345 0.0167722702026367
-0.113037109375 -0.31005859375 -0.0140266418457031 -0.0420684814453125
-0.106781005859375 -0.193832397460938 -0.0523681640625 -0.377044677734375
-0.152069091796875 -0.119873046875 -0.1326904296875 -0.198699951171875
-0.168121337890625 -0.030120849609375 -0.0511970520019531 -0.0463142395019531
-0.124366760253906 0.0742874145507812 0.00751495361328123 -0.0817947387695313
-0.06005859375 0.109260559082031 -0.0330352783203125 -0.132598876953125
0.0305404663085938 0.134353637695312 -0.1031494140625 -0.134193420410156
0.0687484741210938 0.114677429199219 -0.1719970703125 -0.110275268554687
0.06573486328125 0.112953186035156 -0.176162719726563 -0.0955352783203125
0.0820159912109375 0.127548217773438 -0.180465698242188 -0.1058349609375
0.0278167724609375 0.133918762207031 -0.12347412109375 -0.159332275390625
-0.0571212768554688 0.130348205566406 -0.0504608154296875 -0.172225952148438
-0.116157531738281 0.06561279296875 0.0473861694335937 -0.124519348144531
-0.145767211914063 -0.0589141845703125 0.0707626342773437 -0.0330734252929688
-0.126129150390625 -0.123870849609375 -0.0469284057617188 -0.0279350280761719
-0.07391357421875 -0.199462890625 -0.0389556884765625 -0.14300537109375
-0.0747756958007813 -0.0402069091796875 -0.079620361328125 -0.43682861328125
-0.0696792602539063 -0.0135879516601563 -0.160018920898437 -0.235702514648438
-0.0321311950683594 0.0172405242919922 -0.0700531005859375 -0.04962158203125
-0.0135402679443359 0.0208721160888672 -0.00498199462890626 -0.084320068359375
-0.0111942291259766 0.0114822387695313 -0.0284576416015625 -0.130104064941406
-0.00626564025878906 0.0316200256347656 -0.111129760742188 -0.150604248046875
-0.00736236572265625 0.0404434204101563 -0.192550659179687 -0.1295166015625
-0.00136566162109375 0.0428886413574219 -0.1971435546875 -0.110885620117188
-0.000354766845703122 0.0556488037109375 -0.195053100585938 -0.13201904296875
-0.0228614807128906 0.0443267822265625 -0.125961303710937 -0.177780151367188
-0.0466384887695313 0.0226211547851563 -0.0358734130859375 -0.174209594726563
-0.0376129150390625 -0.0120429992675781 0.052978515625 -0.119239807128906
-0.0166397094726563 -0.0346698760986328 0.0555343627929688 -0.0285797119140625
-0.0179004669189453 -0.0282649993896484 -0.0656356811523438 -0.0583381652832031
-0.0307426452636719 -0.0575408935546875 -0.04962158203125 -0.203781127929688
0.0114364624023437 -0.124046325683594 0.08941650390625 0.221664428710937
-0.0694351196289063 -0.075531005859375 0.0853118896484375 0.08392333984375
-0.1080322265625 -0.00380706787109374 -0.0437088012695313 0.000610351562499992
-0.0610427856445313 0.0668792724609375 -0.0737838745117188 0.103721618652344
0.00230407714843751 0.0902938842773438 -0.01251220703125 0.164962768554688
0.0701675415039063 0.0544700622558594 0.11663818359375 0.1824951171875
0.0954818725585938 0.0213241577148438 0.211380004882812 0.140304565429688
0.0755157470703125 0.02740478515625 0.200286865234375 0.108505249023438
0.08538818359375 0.0295181274414063 0.181564331054688 0.12750244140625
0.0556716918945313 0.0684547424316406 0.118133544921875 0.145523071289063
-0.00792694091796875 0.091033935546875 0.0500869750976562 0.10943603515625
-0.0810928344726563 0.0500869750976563 0.0363693237304687 0.0759048461914063
-0.09381103515625 -0.0508270263671875 0.104751586914063 0.0882949829101563
-0.0458831787109375 -0.0991134643554688 0.19085693359375 0.240631103515625
0.0226287841796875 -0.0883560180664063 0.071868896484375 0.48590087890625
-0.033111572265625 -0.26751708984375 0.074737548828125 0.18408203125
-0.14398193359375 -0.172332763671875 0.0669784545898437 0.078643798828125
-0.224044799804688 -0.051544189453125 -0.0348644256591797 -0.0044097900390625
-0.159469604492187 0.107467651367188 -0.06488037109375 0.078826904296875
-0.046783447265625 0.1751708984375 -0.0336685180664063 0.128593444824219
0.1002197265625 0.153289794921875 0.0830535888671875 0.161849975585938
0.162872314453125 0.0986480712890625 0.169403076171875 0.126907348632813
0.136787414550781 0.101768493652344 0.159210205078125 0.089935302734375
0.159683227539063 0.109817504882813 0.142745971679688 0.105865478515625
0.0955047607421875 0.1600341796875 0.09710693359375 0.104583740234375
-0.0271453857421875 0.193008422851562 0.04248046875 0.0634193420410156
-0.15924072265625 0.120040893554688 0.0534324645996094 0.0434455871582031
-0.220367431640625 -0.0776519775390625 0.132026672363281 0.0699920654296875
-0.159393310546875 -0.191558837890625 0.196792602539063 0.225967407226563
-0.0356292724609375 -0.237991333007813 0.087158203125 0.442901611328125
-0.071868896484375 -0.3751220703125 0.0554428100585937 0.0984039306640625
-0.203125 -0.250564575195313 0.0346183776855469 0.0467910766601562
-0.319366455078125 -0.0931396484375 -0.0302104949951172 -0.00834655761718751
-0.244232177734375 0.137664794921875 -0.0478363037109375 0.0496482849121094
-0.093170166015625 0.23931884765625 -0.0455551147460938 0.0770797729492188
0.114395141601563 0.232955932617188 0.0425567626953125 0.117210388183594
0.204788208007812 0.162109375 0.1041259765625 0.092926025390625
0.177337646484375 0.160232543945313 0.0940399169921875 0.0575637817382813
0.211990356445313 0.170440673828125 0.0806350708007813 0.0704498291015625
0.12786865234375 0.227615356445313 0.0573768615722656 0.0481376647949219
-0.03424072265625 0.273101806640625 0.0240612030029297 0.00534629821777345
-0.2109375 0.185958862304688 0.0642013549804688 -0.000877380371093739
-0.322906494140625 -0.07989501953125 0.147079467773437 0.041534423828125
-0.260009765625 -0.248855590820313 0.1783447265625 0.18731689453125
-0.094390869140625 -0.34881591796875 0.0850830078125 0.35125732421875
-0.102996826171875 -0.425811767578125 0.0324668884277344 -0.0214519500732422
-0.244171142578125 -0.2919921875 -0.0081143379211426 -0.00710344314575197
-0.3770751953125 -0.112213134765625 -0.0303516387939453 -0.0132942199707031
-0.294219970703125 0.156524658203125 -0.0259628295898438 0.0149478912353516
-0.123184204101563 0.273269653320312 -0.0482940673828125 0.0136260986328125
0.1134033203125 0.277023315429688 -0.00237274169921875 0.0521888732910156
0.216476440429688 0.20025634765625 0.0252189636230469 0.0428848266601563
0.191070556640625 0.194122314453125 0.0152463912963867 0.0168237686157227
0.23358154296875 0.20458984375 0.0036296844482422 0.0269107818603516
0.14227294921875 0.26043701171875 0.00246620178222657 -0.0142221450805664
-0.03619384765625 0.314117431640625 -0.00466918945312501 -0.0565338134765625
-0.231307983398438 0.225631713867187 0.0634651184082031 -0.0491256713867187
-0.378143310546875 -0.0682373046875 0.143310546875 0.0093231201171875
-0.320159912109375 -0.26641845703125 0.130531311035156 0.133399963378906
-0.136474609375 -0.40386962890625 0.0602569580078125 0.227371215820312
-0.1241455078125 -0.414276123046875 0.00437927246093749 -0.1583251953125
-0.2567138671875 -0.282623291015625 -0.0566024780273438 -0.0757064819335938
-0.375244140625 -0.10418701171875 -0.0346755981445313 -0.0235137939453125
-0.291656494140625 0.156219482421875 -0.00607109069824221 -0.0248432159423828
-0.128158569335938 0.26361083984375 -0.0463943481445313 -0.0534744262695312
0.0993194580078125 0.277450561523438 -0.0469207763671875 -0.022735595703125
0.19635009765625 0.205169677734375 -0.05731201171875 -0.0148162841796875
0.176559448242188 0.197952270507813 -0.0667343139648437 -0.0261497497558594
0.218231201171875 0.209182739257813 -0.0759811401367187 -0.019989013671875
0.129531860351562 0.254837036132813 -0.0570602416992188 -0.0743789672851562
-0.03973388671875 0.30224609375 -0.0358047485351562 -0.113136291503906
-0.22021484375 0.21734619140625 0.0545120239257812 -0.0925140380859375
-0.36322021484375 -0.0604248046875 0.122871398925781 -0.0169677734375
-0.314788818359375 -0.24993896484375 0.062713623046875 0.0749969482421875
-0.146697998046875 -0.396881103515625 0.0211105346679687 0.0880050659179687
-0.129638671875 -0.33697509765625 -0.0274658203125 -0.289764404296875
-0.228103637695313 -0.22235107421875 -0.104278564453125 -0.145339965820313
-0.30487060546875 -0.073486328125 -0.0429801940917969 -0.0364341735839844
-0.232177734375 0.129913330078125 0.00575637817382811 -0.0627479553222656
-0.104904174804687 0.2086181640625 -0.0429916381835937 -0.108116149902344
0.0728759765625 0.228408813476563 -0.0846099853515625 -0.0906219482421875
0.14752197265625 0.177505493164063 -0.130592346191406 -0.0700836181640625
0.134979248046875 0.1710205078125 -0.137603759765625 -0.0660552978515625
0.168060302734375 0.184310913085937 -0.144973754882813 -0.0668182373046875
0.089813232421875 0.21282958984375 -0.105079650878906 -0.126922607421875
-0.049713134765625 0.238937377929688 -0.0554656982421875 -0.154998779296875
-0.18304443359375 0.158523559570312 0.0465164184570312 -0.120948791503906
-0.281219482421875 -0.0618896484375 0.0955581665039062 -0.0321884155273438
-0.245361328125 -0.202529907226562 -0.00477218627929689 0.0189075469970703
-0.12469482421875 -0.3289794921875 -0.017852783203125 -0.0445823669433594
-0.113571166992188 -0.20635986328125 -0.06134033203125 -0.394317626953125
-0.162734985351562 -0.126449584960938 -0.143783569335938 -0.204727172851562
-0.18170166015625 -0.029876708984375 -0.0556640625 -0.0476188659667969
-0.131233215332031 0.0812759399414062 0.0043487548828125 -0.0858993530273438
-0.062469482421875 0.11834716796875 -0.037689208984375 -0.136810302734375
0.0363006591796875 0.141647338867188 -0.109809875488281 -0.137825012207031
0.0767135620117188 0.120246887207031 -0.18292236328125 -0.111236572265625
0.0735626220703125 0.118423461914063 -0.187835693359375 -0.0977325439453125
0.0909576416015625 0.132408142089844 -0.190887451171875 -0.107177734375
0.034149169921875 0.140594482421875 -0.132476806640625 -0.164260864257813
-0.0562515258789063 0.140243530273438 -0.0565643310546875 -0.17816162109375
-0.121749877929688 0.0732269287109375 0.046661376953125 -0.131439208984375
-0.156768798828125 -0.060394287109375 0.0724105834960937 -0.0359954833984375
-0.135581970214844 -0.128646850585938 -0.0524559020996094 -0.0277214050292969
-0.0814361572265625 -0.212539672851562 -0.0458831787109375 -0.150726318359375
-0.0781326293945313 -0.044403076171875 -0.09173583984375 -0.458343505859375
-0.07415771484375 -0.015472412109375 -0.174102783203125 -0.2445068359375
-0.0363349914550781 0.0163459777832031 -0.0756149291992188 -0.0512161254882813
-0.015777587890625 0.0229091644287109 -0.00816345214843751 -0.0883865356445312
-0.0131416320800781 0.0130290985107422 -0.0319595336914063 -0.13555908203125
-0.00593376159667969 0.0351200103759766 -0.119033813476563 -0.155685424804688
-0.00574493408203125 0.0450477600097656 -0.205703735351562 -0.1318359375
0.000450134277343752 0.0466651916503906 -0.209991455078125 -0.113815307617187
0.00234222412109374 0.0596046447753906 -0.207168579101563 -0.13409423828125
-0.0217437744140625 0.0482330322265625 -0.135604858398437 -0.183746337890625
-0.0489311218261719 0.02667236328125 -0.0412445068359375 -0.181686401367188
-0.0417289733886719 -0.0103378295898438 0.052642822265625 -0.125991821289063
-0.0197868347167969 -0.0376358032226563 0.0563201904296875 -0.0315818786621094
-0.0205440521240234 -0.0310935974121094 -0.0737075805664063 -0.0595321655273437
-0.033477783203125 -0.0634346008300781 -0.05816650390625 -0.214889526367187
0.00557708740234374 -0.130142211914063 0.107467651367188 0.233123779296875
-0.073516845703125 -0.0754241943359375 0.0985260009765625 0.0847320556640625
-0.112724304199219 0.000953674316406273 -0.0455245971679688 0.00267028808593751
-0.0605087280273438 0.0723190307617188 -0.0706634521484375 0.113151550292969
0.00704956054687499 0.0953369140625 -0.00541687011718748 0.175689697265625
0.0766754150390625 0.05218505859375 0.1322021484375 0.187179565429688
0.101081848144531 0.0149154663085938 0.231552124023438 0.137985229492188
0.0803909301757813 0.0240859985351563 0.217788696289063 0.10595703125
0.0905303955078125 0.0253753662109375 0.199905395507813 0.127517700195312
0.0618057250976563 0.068115234375 0.13153076171875 0.149505615234375
-0.0018310546875 0.0954360961914062 0.0572586059570313 0.113273620605469
-0.082611083984375 0.0569381713867188 0.0423812866210937 0.0790328979492187
-0.102012634277344 -0.0467605590820313 0.116531372070313 0.0884628295898438
-0.0532302856445313 -0.0994415283203125 0.215789794921875 0.245880126953125
0.0201187133789062 -0.0937423706054688 0.0975341796875 0.511566162109375
-0.048370361328125 -0.2823486328125 0.090606689453125 0.19415283203125
-0.156173706054688 -0.174957275390625 0.0789031982421875 0.0812759399414062
-0.239425659179687 -0.043853759765625 -0.0365066528320313 -0.00328445434570314
-0.163360595703125 0.120513916015625 -0.06329345703125 0.0868682861328125
-0.040618896484375 0.187652587890625 -0.0298233032226562 0.1392822265625
0.113296508789063 0.1549072265625 0.0966644287109375 0.167465209960938
0.176925659179688 0.0934295654296875 0.18695068359375 0.126083374023438
0.150039672851562 0.1004638671875 0.173568725585937 0.0883026123046875
0.173873901367188 0.105178833007813 0.15838623046875 0.106781005859375
0.10968017578125 0.162765502929688 0.107040405273437 0.107208251953125
-0.016998291015625 0.204574584960938 0.0472831726074219 0.0653190612792969
-0.163330078125 0.135635375976563 0.05828857421875 0.0442771911621094
-0.239227294921875 -0.0689697265625 0.143569946289062 0.0689849853515625
-0.177993774414063 -0.192230224609375 0.220260620117188 0.230148315429687
-0.0490264892578125 -0.251388549804688 0.111602783203125 0.466705322265625
-0.093475341796875 -0.3963623046875 0.0667266845703125 0.105445861816406
-0.222732543945313 -0.25732421875 0.0436630249023437 0.0502510070800781
-0.3431396484375 -0.08355712890625 -0.0317611694335938 -0.00728607177734375
-0.251876831054688 0.15582275390625 -0.0473213195800781 0.0555229187011719
-0.0876617431640625 0.258590698242188 -0.0446929931640625 0.0866928100585938
0.133331298828125 0.2386474609375 0.05242919921875 0.122215270996094
0.225479125976563 0.158401489257813 0.116935729980469 0.0930557250976563
0.196090698242188 0.160781860351563 0.102920532226563 0.056610107421875
0.233963012695313 0.167633056640625 0.091094970703125 0.0718154907226563
0.147750854492188 0.232589721679688 0.0628128051757813 0.04962158203125
-0.020477294921875 0.289794921875 0.0257282257080078 0.00523376464843752
-0.215576171875 0.207672119140625 0.0670814514160156 -0.00218963623046874
-0.348480224609375 -0.067413330078125 0.157470703125 0.038238525390625
-0.28759765625 -0.249176025390625 0.198532104492187 0.191146850585937
-0.116058349609375 -0.36767578125 0.10443115234375 0.3692626953125
-0.128082275390625 -0.451141357421875 0.0359458923339844 -0.0210304260253906
-0.26934814453125 -0.30047607421875 -0.0051860809326172 -0.00461959838867189
-0.406829833984375 -0.1014404296875 -0.0330562591552735 -0.013275146484375
-0.304290771484375 0.17919921875 -0.0267486572265625 0.0179214477539063
-0.118896484375 0.297149658203125 -0.0511245727539063 0.0200691223144531
0.134552001953125 0.287017822265625 0.00324630737304688 0.0561943054199219
0.241043090820313 0.199142456054687 0.0307769775390625 0.0439491271972656
0.213623046875 0.196258544921875 0.0173921585083008 0.0171031951904297
0.259201049804688 0.202438354492188 0.00809478759765627 0.0288829803466797
0.165069580078125 0.266876220703125 0.00218391418457032 -0.0143194198608398
-0.02069091796875 0.3336181640625 -0.0076751708984375 -0.0586166381835937
-0.235000610351563 0.251174926757812 0.064178466796875 -0.0538864135742187
-0.406524658203125 -0.053070068359375 0.151077270507813 0.0047760009765625
-0.352020263671875 -0.266815185546875 0.1439208984375 0.137008666992187
-0.16278076171875 -0.4263916015625 0.072296142578125 0.23876953125
-0.149627685546875 -0.439208984375 -0.000152587890625008 -0.165679931640625
-0.28253173828125 -0.290435791015625 -0.0612945556640625 -0.0750045776367188
-0.406768798828125 -0.093048095703125 -0.0387458801269532 -0.0235939025878906
-0.302978515625 0.179962158203125 -0.00814437866210939 -0.0252017974853516
-0.1239013671875 0.2879638671875 -0.0524215698242188 -0.0511054992675781
0.120086669921875 0.287811279296875 -0.0470848083496094 -0.0210723876953125
0.220504760742187 0.206756591796875 -0.0596542358398437 -0.0135879516601562
0.198715209960938 0.201889038085938 -0.0714797973632812 -0.0252304077148437
0.243331909179688 0.208236694335938 -0.0791549682617187 -0.0175552368164062
0.15032958984375 0.26275634765625 -0.0632400512695312 -0.0758895874023437
-0.02581787109375 0.322662353515625 -0.0428237915039062 -0.116790771484375
-0.2242431640625 0.241470336914063 0.0527420043945312 -0.0992584228515625
-0.390594482421875 -0.046234130859375 0.128005981445312 -0.0222320556640625
-0.345550537109375 -0.248931884765625 0.0687103271484375 0.0780715942382812
-0.173187255859375 -0.418853759765625 0.0242538452148437 0.0923614501953125
-0.1519775390625 -0.3570556640625 -0.04052734375 -0.303802490234375
-0.251571655273438 -0.229385375976563 -0.11578369140625 -0.14764404296875
-0.331085205078125 -0.0635070800781249 -0.0487098693847657 -0.0362892150878906
-0.241653442382813 0.149627685546875 0.00170898437499999 -0.0654067993164062
-0.10296630859375 0.228851318359375 -0.050079345703125 -0.10882568359375
0.0896148681640625 0.238250732421875 -0.090423583984375 -0.0911941528320312
0.167953491210937 0.180419921875 -0.140304565429687 -0.0677413940429687
0.153579711914063 0.175445556640625 -0.149032592773437 -0.064849853515625
0.189010620117188 0.185791015625 -0.15447998046875 -0.0640716552734375
0.106842041015625 0.22027587890625 -0.116729736328125 -0.128372192382813
-0.0401763916015625 0.25628662109375 -0.0655670166015625 -0.159957885742187
-0.187652587890625 0.177749633789063 0.043304443359375 -0.129386901855469
-0.30389404296875 -0.052642822265625 0.0982437133789062 -0.0366897583007813
-0.269866943359375 -0.20343017578125 -0.00583267211914064 0.0225257873535156
-0.147491455078125 -0.348114013671875 -0.0229225158691406 -0.0465965270996094
-0.129440307617188 -0.218353271484375 -0.0810546875000001 -0.4150390625
-0.1790771484375 -0.129180908203125 -0.161605834960937 -0.209457397460937
-0.197998046875 -0.0245819091796875 -0.0629386901855469 -0.047515869140625
-0.136695861816406 0.0935897827148438 0.000114440917968751 -0.0903472900390625
-0.0623626708984375 0.130729675292969 -0.046142578125 -0.141159057617187
0.04681396484375 0.149261474609375 -0.120071411132813 -0.139785766601562
0.089935302734375 0.124839782714844 -0.198043823242188 -0.109054565429687
0.085205078125 0.122665405273438 -0.20465087890625 -0.0949249267578125
0.104835510253906 0.134902954101563 -0.20556640625 -0.104263305664062
0.0452117919921875 0.146987915039063 -0.147216796875 -0.167739868164062
-0.05169677734375 0.152191162109375 -0.0675048828125 -0.184738159179688
-0.126876831054688 0.0845108032226563 0.0425567626953125 -0.140899658203125
-0.171005249023438 -0.0570831298828125 0.0731201171875 -0.0403976440429688
-0.151504516601563 -0.1309814453125 -0.0593376159667969 -0.0245018005371094
-0.09637451171875 -0.226165771484375 -0.0576019287109375 -0.158370971679688
-0.0831832885742188 -0.0473861694335938 -0.11767578125 -0.4808349609375
-0.0813369750976562 -0.0151901245117188 -0.19830322265625 -0.250259399414062
-0.0406684875488281 0.0172271728515625 -0.08367919921875 -0.051055908203125
-0.0171661376953125 0.0253829956054687 -0.0144729614257813 -0.0925445556640625
-0.0150823593139648 0.0159950256347656 -0.039642333984375 -0.14105224609375
-0.00395584106445313 0.038970947265625 -0.131591796875 -0.158554077148437
-0.00200653076171875 0.0496444702148437 -0.224411010742188 -0.1292724609375
0.004547119140625 0.0505714416503906 -0.228805541992188 -0.110855102539063
0.0072174072265625 0.0637855529785156 -0.226287841796875 -0.132415771484375
-0.0189132690429687 0.0530471801757813 -0.151535034179688 -0.188217163085937
-0.0494041442871094 0.0328483581542969 -0.0520782470703125 -0.1884765625
-0.0456047058105469 -0.007843017578125 0.048797607421875 -0.135604858398438
-0.0248222351074219 -0.0403594970703125 0.0559005737304688 -0.03594970703125
-0.0249214172363281 -0.0335903167724609 -0.0842437744140625 -0.0579147338867188
-0.0391120910644531 -0.0687637329101563 -0.073699951171875 -0.225799560546875
-0.00433349609374999 -0.134849548339844 0.13067626953125 0.237747192382813
-0.0784759521484375 -0.0727081298828125 0.112892150878906 0.080963134765625
-0.115432739257813 0.00948333740234373 -0.0460700988769531 0.00568389892578126
-0.057220458984375 0.0782852172851562 -0.0640411376953125 0.122573852539063
0.0156173706054687 0.0975570678710938 0.00756835937499999 0.183502197265625
0.0828094482421875 0.046722412109375 0.151092529296875 0.184402465820313
0.10406494140625 0.00614166259765625 0.252044677734375 0.125091552734375
0.084075927734375 0.018463134765625 0.235702514648437 0.0955963134765625
0.0952377319335938 0.0177459716796875 0.218765258789063 0.11962890625
0.068695068359375 0.0643234252929688 0.14801025390625 0.147216796875
0.00650787353515626 0.0977706909179688 0.0673904418945313 0.114036560058594
-0.0807418823242188 0.0660400390625 0.05047607421875 0.07989501953125
-0.109375 -0.0382080078125 0.12982177734375 0.0828018188476562
-0.0628814697265625 -0.0968399047851563 0.244918823242188 0.238418579101563
0.013336181640625 -0.0982589721679688 0.14044189453125 0.52734375
-0.072235107421875 -0.291290283203125 0.11053466796875 0.199127197265625
-0.171920776367188 -0.171905517578125 0.0928878784179687 0.0796279907226562
-0.252197265625 -0.0278778076171875 -0.0374755859375 -0.00117111206054688
-0.160980224609375 0.13623046875 -0.0580978393554688 0.0943756103515625
-0.027740478515625 0.19854736328125 -0.020294189453125 0.149124145507813
0.130477905273438 0.15045166015625 0.1143798828125 0.16693115234375
0.19097900390625 0.081787109375 0.205368041992187 0.116256713867188
0.16314697265625 0.092132568359375 0.188522338867188 0.0797119140625
0.189407348632813 0.094635009765625 0.174819946289062 0.100662231445313
0.12615966796875 0.15966796875 0.119491577148438 0.104652404785156
-0.000717163085937507 0.212234497070313 0.0532760620117188 0.0654335021972656
-0.15985107421875 0.154510498046875 0.06427001953125 0.0431938171386719
-0.25537109375 -0.0518035888671875 0.155487060546875 0.0617218017578125
-0.200439453125 -0.184219360351563 0.249053955078125 0.223587036132813
-0.0699615478515625 -0.259994506835938 0.149993896484375 0.4798583984375
-0.12640380859375 -0.40899658203125 0.0792236328125 0.1085205078125
-0.2484130859375 -0.25347900390625 0.0537796020507812 0.05096435546875
-0.365142822265625 -0.06109619140625 -0.0342884063720703 -0.00555419921875
-0.250656127929687 0.180282592773438 -0.0445060729980469 0.0616416931152344
-0.07232666015625 0.277511596679688 -0.03961181640625 0.0963363647460938
0.157669067382812 0.236312866210938 0.066375732421875 0.123374938964844
0.247604370117188 0.146194458007813 0.130577087402344 0.0875015258789063
0.217239379882813 0.152359008789063 0.112098693847656 0.0521011352539063
0.2579345703125 0.153610229492188 0.102752685546875 0.0692596435546875
0.171630859375 0.22906494140625 0.0690994262695313 0.0480308532714844
0.00186157226562498 0.3023681640625 0.0265922546386719 0.0045909881591797
-0.210006713867188 0.233535766601563 0.069915771484375 -0.00612640380859374
-0.370941162109375 -0.04150390625 0.167266845703125 0.030029296875
-0.317901611328125 -0.235321044921875 0.221817016601562 0.185104370117187
-0.148773193359375 -0.37860107421875 0.133880615234375 0.379241943359375
-0.1668701171875 -0.46600341796875 0.0382537841796875 -0.0213050842285157
-0.300445556640625 -0.296356201171875 -0.00154209136962893 -0.00243592262268068
-0.4345703125 -0.0754394531249999 -0.0364570617675782 -0.0115280151367187
-0.304412841796875 0.209014892578125 -0.0268898010253906 0.0215320587158203
-0.102142333984375 0.320587158203125 -0.0515289306640625 0.027740478515625
0.16339111328125 0.286956787109375 0.0105361938476563 0.0576934814453125
0.267837524414063 0.187484741210938 0.0371665954589844 0.0428848266601563
0.238555908203125 0.1884765625 0.0188827514648438 0.01654052734375
0.28662109375 0.18829345703125 0.012685775756836 0.0302333831787109
0.193252563476562 0.264266967773438 0.0016460418701172 -0.0146045684814453
0.00527954101562502 0.3487548828125 -0.0128021240234375 -0.0598831176757812
-0.228073120117188 0.280685424804688 0.0624771118164062 -0.058929443359375
-0.430328369140625 -0.023284912109375 0.157821655273437 -0.0045166015625
-0.38641357421875 -0.24932861328125 0.160568237304688 0.1334228515625
-0.200958251953125 -0.43798828125 0.0911102294921875 0.244216918945312
-0.188568115234375 -0.452056884765625 -0.0102386474609375 -0.169952392578125
-0.315032958984375 -0.28662109375 -0.06646728515625 -0.0716934204101563
-0.434478759765625 -0.066680908203125 -0.0439224243164063 -0.021209716796875
-0.3043212890625 0.210418701171875 -0.0110092163085938 -0.0239715576171875
-0.10943603515625 0.312774658203125 -0.0579872131347656 -0.0456390380859375
0.148040771484375 0.2899169921875 -0.0469741821289062 -0.0182838439941406
0.248321533203125 0.197402954101563 -0.0609054565429687 -0.0100936889648438
0.224166870117187 0.195205688476562 -0.0771026611328125 -0.021331787109375
0.271041870117188 0.19635009765625 -0.081390380859375 -0.012237548828125
0.178543090820313 0.260208129882813 -0.0708541870117187 -0.073638916015625
-0.00198364257812496 0.337799072265625 -0.0532760620117188 -0.117378234863281
-0.217941284179687 0.269775390625 0.0466995239257813 -0.105827331542969
-0.413604736328125 -0.0179748535156251 0.130943298339844 -0.0305023193359375
-0.378936767578125 -0.233612060546875 0.076751708984375 0.0784988403320312
-0.2117919921875 -0.430328369140625 0.0309295654296875 0.0947341918945312
-0.184814453125 -0.3665771484375 -0.06231689453125 -0.31256103515625
-0.27935791015625 -0.224044799804687 -0.13079833984375 -0.143203735351563
-0.3548583984375 -0.04266357421875 -0.0555915832519531 -0.0341720581054688
-0.243011474609375 0.1749267578125 -0.00439834594726565 -0.0659217834472656
-0.0917816162109375 0.249740600585938 -0.059967041015625 -0.107284545898437
0.113510131835937 0.241104125976563 -0.09747314453125 -0.088531494140625
0.191741943359375 0.175430297851563 -0.149734497070313 -0.060821533203125
0.17529296875 0.17242431640625 -0.160812377929688 -0.057037353515625
0.21295166015625 0.1768798828125 -0.16400146484375 -0.0551605224609375
0.129638671875 0.219955444335938 -0.130836486816406 -0.125328063964844
-0.0208282470703125 0.270965576171875 -0.0800323486328125 -0.160736083984375
-0.183486938476563 0.201187133789062 0.034912109375 -0.136672973632813
-0.324066162109375 -0.0317687988281249 0.09796142578125 -0.0441513061523438
-0.29693603515625 -0.192291259765625 -0.00576972961425783 0.0265598297119141
-0.17919921875 -0.358123779296875 -0.0296173095703125 -0.0473556518554688
-0.151123046875 -0.224212646484375 -0.11297607421875 -0.426605224609375
-0.197433471679688 -0.125946044921875 -0.184371948242188 -0.205520629882812
-0.213043212890625 -0.0117340087890625 -0.0713119506835938 -0.0447921752929688
-0.137947082519531 0.108535766601562 -0.00888061523437501 -0.0921707153320313
-0.0571441650390625 0.143722534179688 -0.0578155517578125 -0.141983032226563
0.0613555908203125 0.152542114257813 -0.132606506347656 -0.136962890625
0.106086730957031 0.1236572265625 -0.214065551757813 -0.098907470703125
0.100860595703125 0.122642517089844 -0.22113037109375 -0.0850830078124999
0.121482849121094 0.132080078125 -0.221878051757812 -0.0941619873046875
0.0592193603515625 0.149520874023438 -0.165390014648438 -0.163772583007813
-0.042022705078125 0.164627075195313 -0.0836639404296875 -0.186386108398437
-0.127479553222656 0.0989456176757812 0.03350830078125 -0.1488037109375
-0.18585205078125 -0.0476226806640625 0.0715103149414062 -0.045623779296875
-0.168441772460938 -0.12591552734375 -0.0656661987304688 -0.0187644958496094
-0.117584228515625 -0.23333740234375 -0.0733795166015625 -0.161239624023438
-0.0894317626953125 -0.0472564697265625 -0.155670166015625 -0.49395751953125
-0.0867843627929687 -0.0125961303710938 -0.225997924804688 -0.2467041015625
-0.0445175170898437 0.0195045471191406 -0.0939178466796875 -0.046295166015625
-0.0179424285888672 0.0281867980957031 -0.0236129760742187 -0.0934295654296875
-0.0157260894775391 0.0199966430664063 -0.0514068603515625 -0.143585205078125
-0.000289916992187502 0.0422744750976563 -0.147003173828125 -0.15576171875
0.0043487548828125 0.0533676147460937 -0.243682861328125 -0.118148803710938
0.00989151000976562 0.0534858703613281 -0.248031616210937 -0.100234985351563
0.0138587951660156 0.0662956237792969 -0.246047973632813 -0.12200927734375
-0.0143318176269531 0.0572013854980469 -0.171890258789063 -0.1849365234375
-0.048736572265625 0.0399742126464844 -0.0673065185546875 -0.191421508789063
-0.0494613647460938 -0.00343704223632812 0.039825439453125 -0.14434814453125
-0.0315742492675781 -0.0414314270019531 0.0537567138671875 -0.04034423828125
-0.0302886962890625 -0.0349864959716797 -0.094390869140625 -0.0518646240234375
-0.04705810546875 -0.0724411010742188 -0.09552001953125 -0.231124877929687
-0.0152435302734375 -0.133552551269531 0.151885986328125 0.232879638671875
-0.0819091796875 -0.0670394897460938 0.123313903808594 0.0718154907226563
-0.113571166992187 0.0181655883789063 -0.044952392578125 0.00894546508789062
-0.0508193969726562 0.082733154296875 -0.053680419921875 0.126991271972656
0.0244903564453125 0.096405029296875 0.0219268798828125 0.18450927734375
0.0865631103515625 0.0389480590820313 0.165802001953125 0.174392700195312
0.102951049804688 -0.00405120849609375 0.264480590820312 0.106094360351562
0.0843429565429687 0.0110244750976562 0.246353149414062 0.0793304443359375
0.095367431640625 0.008819580078125 0.232208251953125 0.10491943359375
0.073822021484375 0.05804443359375 0.16058349609375 0.138702392578125
0.0147476196289063 0.0962295532226562 0.0757675170898438 0.11053466796875
-0.0758514404296875 0.0732421875 0.0571670532226563 0.076995849609375
-0.111968994140625 -0.027740478515625 0.138214111328125 0.0727386474609375
-0.07086181640625 -0.0899276733398437 0.266799926757813 0.219528198242188
0.00549316406250001 -0.0995635986328125 0.181915283203125 0.522613525390625
-0.09649658203125 -0.288299560546875 0.129043579101562 0.196044921875
-0.1832275390625 -0.161209106445312 0.103973388671875 0.072998046875
-0.254974365234375 -0.00816345214843748 -0.0381660461425781 0.00162887573242188
-0.151626586914063 0.149139404296875 -0.050262451171875 0.0995712280273438
-0.01220703125 0.202987670898438 -0.00808715820312498 0.15325927734375
0.143402099609375 0.139083862304688 0.129058837890625 0.158493041992188
0.197250366210938 0.06475830078125 0.2171630859375 0.100326538085938
0.17108154296875 0.0797271728515625 0.196365356445313 0.066650390625
0.197586059570313 0.07757568359375 0.186294555664063 0.0888824462890625
0.139862060546875 0.148910522460938 0.128738403320313 0.0976715087890625
0.016937255859375 0.212844848632813 0.0578575134277344 0.0624198913574219
-0.149734497070312 0.169097900390625 0.0688209533691406 0.03985595703125
-0.261856079101563 -0.029541015625 0.162246704101562 0.0506591796875
-0.21539306640625 -0.167953491210938 0.269439697265625 0.204437255859375
-0.092010498046875 -0.258468627929688 0.187774658203125 0.474212646484375
-0.160552978515625 -0.40478515625 0.090484619140625 0.107025146484375
-0.266571044921875 -0.238815307617188 0.0620918273925781 0.0484428405761719
-0.374267578125 -0.0334777832031249 -0.035736083984375 -0.00304794311523438
-0.239608764648438 0.200714111328125 -0.0396842956542969 0.0662002563476563
-0.0517578125 0.286956787109375 -0.0316619873046875 0.102699279785156
0.177825927734375 0.223648071289063 0.0781784057617188 0.118019104003906
0.261367797851563 0.125030517578125 0.139434814453125 0.077301025390625
0.23162841796875 0.136550903320313 0.117401123046875 0.0445404052734375
0.27142333984375 0.131912231445313 0.111640930175781 0.0624237060546875
0.191436767578125 0.215347290039063 0.0735397338867188 0.0437850952148438
0.02703857421875 0.303955078125 0.0262012481689453 0.00324821472167971
-0.19464111328125 0.253494262695313 0.0705718994140625 -0.00986480712890623
-0.37884521484375 -0.00982666015624994 0.171310424804687 0.0184783935546875
-0.338104248046875 -0.21075439453125 0.238861083984375 0.170135498046875
-0.180938720703125 -0.3743896484375 0.1629638671875 0.373321533203125
-0.20611572265625 -0.461212158203125 0.0398063659667969 -0.0212135314941407
-0.324615478515625 -0.279205322265625 0.00214111804962156 -0.00056958198547365
-0.446746826171875 -0.0412902832031251 -0.0396728515625 -0.00825119018554688
-0.29205322265625 0.23504638671875 -0.0253314971923828 0.0255069732666016
-0.077880859375 0.334625244140625 -0.0485916137695313 0.0354385375976563
0.188796997070312 0.273956298828125 0.0181884765625 0.0563697814941406
0.28662109375 0.165130615234375 0.0419883728027344 0.0394096374511719
0.256942749023438 0.171188354492188 0.020355224609375 0.0154190063476563
0.30462646484375 0.16485595703125 0.0177135467529297 0.0291652679443359
0.216339111328125 0.249374389648437 -8.58306884765505E-05 -0.0140819549560547
0.034210205078125 0.351287841796875 -0.0181312561035156 -0.0582695007324219
-0.208831787109375 0.302825927734375 0.0588760375976562 -0.0626106262207031
-0.4383544921875 0.01202392578125 0.158721923828125 -0.014495849609375
-0.40826416015625 -0.220184326171875 0.17291259765625 0.123992919921875
-0.238555908203125 -0.4317626953125 0.108932495117187 0.240432739257812
-0.2275390625 -0.446807861328125 -0.021240234375 -0.168365478515625
-0.3394775390625 -0.26898193359375 -0.0698165893554688 -0.0656394958496094
-0.4483642578125 -0.0340270996093749 -0.0482978820800781 -0.0173072814941406
-0.29229736328125 0.23663330078125 -0.0136775970458985 -0.0212860107421875
-0.086669921875 0.327117919921875 -0.0607643127441406 -0.0386886596679687
0.173599243164063 0.278564453125 -0.0452423095703125 -0.0166015625
0.268096923828125 0.177276611328125 -0.0612945556640625 -0.00602722167968749
0.242630004882813 0.179656982421875 -0.0793685913085937 -0.0158920288085938
0.28961181640625 0.17431640625 -0.081146240234375 -0.00688171386718749
0.202239990234375 0.247024536132812 -0.0773849487304687 -0.0689697265625
0.026519775390625 0.340576171875 -0.0633697509765625 -0.1134033203125
-0.199920654296875 0.29095458984375 0.039459228515625 -0.108177185058594
-0.42156982421875 0.015106201171875 0.1295166015625 -0.0387115478515625
-0.39849853515625 -0.205535888671875 0.0833206176757812 0.0756301879882812
-0.24847412109375 -0.42333984375 0.0363998413085937 0.0937042236328125
-0.216094970703125 -0.36187744140625 -0.085418701171875 -0.309967041015625
-0.299896240234375 -0.20928955078125 -0.1409912109375 -0.13372802734375
-0.367279052734375 -0.0151977539062501 -0.061553955078125 -0.0283088684082031
-0.233169555664063 0.197036743164063 -0.0104942321777344 -0.0634651184082031
-0.074005126953125 0.262802124023438 -0.0677719116210938 -0.101081848144531
0.1343994140625 0.23370361328125 -0.101730346679687 -0.0835647583007812
0.210525512695313 0.160430908203125 -0.155029296875 -0.05029296875
0.192291259765625 0.160354614257813 -0.167694091796875 -0.045440673828125
0.230087280273438 0.159652709960938 -0.168716430664062 -0.04376220703125
0.14959716796875 0.210342407226562 -0.141738891601562 -0.116287231445312
0.00117492675781248 0.275894165039062 -0.0933685302734375 -0.154998779296875
-0.171142578125 0.219009399414062 0.0244140625 -0.138763427734375
-0.331878662109375 -0.00662231445312497 0.0949020385742187 -0.0494384765625
-0.31402587890625 -0.1702880859375 -0.00417137145996096 0.0295276641845703
-0.210205078125 -0.352264404296875 -0.0350990295410156 -0.0452880859375
-0.170089721679688 -0.219772338867188 -0.146331787109375 -0.421905517578125
-0.2103271484375 -0.115478515625 -0.20166015625 -0.192657470703125
-0.220947265625 0.00421142578125004 -0.0782623291015625 -0.03759765625
-0.133201599121094 0.121772766113281 -0.0169677734375 -0.0894622802734375
-0.047149658203125 0.15277099609375 -0.0682373046875 -0.137191772460938
0.0753326416015625 0.148910522460938 -0.141708374023437 -0.130096435546875
0.120376586914062 0.115623474121094 -0.223419189453125 -0.0837554931640624
0.112861633300781 0.116386413574219 -0.230911254882813 -0.069183349609375
0.134529113769531 0.122787475585937 -0.23077392578125 -0.0782470703125
0.072998046875 0.14569091796875 -0.179397583007812 -0.152542114257813
-0.0274658203125 0.170394897460937 -0.0987548828125 -0.180130004882813
-0.121879577636719 0.111907958984375 0.0217742919921875 -0.151962280273437
-0.193618774414063 -0.033782958984375 0.0673828125 -0.0493278503417969
-0.179855346679688 -0.114669799804688 -0.0685386657714844 -0.0109138488769531
-0.13922119140625 -0.230804443359375 -0.088348388671875 -0.157760620117188
-0.0938644409179688 -0.0443649291992188 -0.194183349609375 -0.485748291015625
-0.0904464721679688 -0.00811004638671874 -0.24755859375 -0.230987548828125
-0.0470161437988281 0.0222511291503906 -0.0999603271484375 -0.038330078125
-0.0182228088378906 0.0309581756591797 -0.03204345703125 -0.090545654296875
-0.0154438018798828 0.0228748321533203 -0.062164306640625 -0.141098022460938
0.00384902954101563 0.0433578491210937 -0.15899658203125 -0.147018432617187
0.0112876892089844 0.0539588928222656 -0.255706787109375 -0.100494384765625
0.0161857604980469 0.0538558959960938 -0.259628295898438 -0.08221435546875
0.0205230712890625 0.0656204223632813 -0.258026123046875 -0.103515625
-0.00883483886718749 0.0592918395996094 -0.187789916992188 -0.1729736328125
-0.045074462890625 0.0466461181640625 -0.08203125 -0.186782836914063
-0.0510177612304688 0.00221633911132812 0.0286712646484375 -0.14813232421875
-0.0375823974609375 -0.040191650390625 0.04931640625 -0.0432243347167969
-0.0347099304199219 -0.0341835021972656 -0.100372314453125 -0.0422821044921875
-0.0544357299804688 -0.0725936889648437 -0.115264892578125 -0.227371215820312
-0.0226669311523437 -0.128997802734375 0.164932250976563 0.225723266601563
-0.08160400390625 -0.0624160766601563 0.128578186035156 0.0640029907226563
-0.109451293945312 0.0231399536132812 -0.0437736511230469 0.0103378295898437
-0.0455245971679688 0.0830001831054687 -0.0457305908203125 0.127281188964844
0.0302352905273437 0.0937118530273438 0.0318756103515625 0.181732177734375
0.0862045288085938 0.0318603515625 0.172637939453125 0.1632080078125
0.09912109375 -0.0105514526367188 0.267288208007813 0.090484619140625
0.0823745727539063 0.0057373046875 0.24896240234375 0.066864013671875
0.0933914184570313 0.00199127197265625 0.237213134765625 0.092041015625
0.0752334594726563 0.0521774291992188 0.166152954101563 0.12994384765625
0.0207290649414063 0.0919342041015625 0.0803451538085937 0.1064453125
-0.0704727172851563 0.0772552490234375 0.0614547729492187 0.0740509033203125
-0.110511779785156 -0.0192794799804688 0.141342163085937 0.0630645751953125
-0.074554443359375 -0.0825729370117187 0.275634765625 0.2008056640625
-0.000404357910156246 -0.0978240966796875 0.20770263671875 0.506378173828125
-0.111953735351563 -0.278488159179688 0.141204833984375 0.191009521484375
-0.187149047851563 -0.150436401367188 0.110580444335938 0.066802978515625
-0.252120971679688 0.00505065917968747 -0.03778076171875 0.00291824340820313
-0.1414794921875 0.154556274414063 -0.0438461303710938 0.100059509277344
-3.05175781250012E-05 0.201446533203125 0.000854492187500009 0.153091430664063
0.148422241210937 0.127243041992187 0.136550903320313 0.1494140625
0.1971435546875 0.0513763427734375 0.221237182617188 0.0875396728515625
0.173065185546875 0.0690155029296875 0.198562622070313 0.056396484375
0.198348999023438 0.063201904296875 0.191329956054688 0.0789642333984375
0.146087646484375 0.13751220703125 0.132080078125 0.0912551879882813
0.029144287109375 0.207992553710937 0.059967041015625 0.0599861145019531
-0.1387939453125 0.176712036132812 0.0708999633789062 0.0365829467773438
-0.259719848632813 -0.0128936767578125 0.1640625 0.04119873046875
-0.220779418945313 -0.151535034179687 0.277862548828125 0.187286376953125
-0.105743408203125 -0.251708984375 0.211181640625 0.459747314453125
-0.18255615234375 -0.39239501953125 0.097686767578125 0.105514526367187
-0.27484130859375 -0.224472045898437 0.0679740905761719 0.0446319580078125
-0.372406005859375 -0.0126342773437499 -0.0367546081542969 -0.0008087158203125
-0.2266845703125 0.211349487304688 -0.0352401733398438 0.0681228637695313
-0.034454345703125 0.28839111328125 -0.0248565673828125 0.105232238769531
0.1876220703125 0.207672119140625 0.0851287841796875 0.111793518066406
0.26568603515625 0.10626220703125 0.143173217773438 0.06805419921875
0.236419677734375 0.121871948242187 0.118904113769531 0.0384979248046875
0.275283813476562 0.112594604492187 0.115951538085938 0.056060791015625
0.201370239257813 0.199722290039063 0.074493408203125 0.040557861328125
0.044219970703125 0.29791259765625 0.0252590179443359 0.00293159484863283
-0.17919921875 0.262741088867188 0.0699234008789062 -0.0113716125488281
-0.375701904296875 0.012176513671875 0.171401977539062 0.00994873046875
-0.344146728515625 -0.18865966796875 0.24591064453125 0.155960083007813
-0.20068359375 -0.363861083984375 0.18017578125 0.362091064453125
-0.230316162109375 -0.448211669921875 0.0405197143554687 -0.019775390625
-0.335205078125 -0.26287841796875 0.00559902191162107 -0.000114440917968766
-0.447967529296875 -0.0166015624999999 -0.0411453247070313 -0.00494384765625
-0.278289794921875 0.249267578125 -0.023712158203125 0.0279273986816406
-0.059234619140625 0.337646484375 -0.0450515747070313 0.040191650390625
0.201675415039063 0.258270263671875 0.0226936340332031 0.0525779724121094
0.2933349609375 0.14453125 0.0453300476074219 0.0358085632324219
0.263198852539063 0.155776977539063 0.0208606719970703 0.0146408081054688
0.310821533203125 0.143402099609375 0.0210037231445313 0.0277938842773438
0.227615356445313 0.231369018554687 -0.000606536865234361 -0.0133914947509765
0.05377197265625 0.344512939453125 -0.0219841003417969 -0.0556869506835937
-0.1923828125 0.3125 0.0552139282226562 -0.0631446838378906
-0.434173583984375 0.0368041992187501 0.157394409179687 -0.02105712890625
-0.413665771484375 -0.1959228515625 0.177688598632812 0.113998413085937
-0.26116943359375 -0.4185791015625 0.11932373046875 0.2335205078125
-0.250579833984375 -0.434722900390625 -0.0277252197265625 -0.163116455078125
-0.351287841796875 -0.2523193359375 -0.0696525573730469 -0.0604133605957032
-0.45086669921875 -0.00796508789062507 -0.0512847900390625 -0.0125350952148437
-0.278472900390625 0.251510620117188 -0.0149612426757813 -0.0177230834960937
-0.067596435546875 0.332305908203125 -0.0608062744140625 -0.0323562622070312
0.187408447265625 0.263946533203125 -0.0436553955078125 -0.0158843994140625
0.277175903320313 0.158004760742188 -0.060394287109375 -0.00413894653320311
0.2518310546875 0.164840698242188 -0.080352783203125 -0.0117111206054687
0.296966552734375 0.153656005859375 -0.078948974609375 -0.00353240966796875
0.213851928710937 0.230941772460938 -0.0804443359375 -0.0643157958984375
0.04534912109375 0.336669921875 -0.0692825317382812 -0.108047485351562
-0.183990478515625 0.300811767578125 0.03350830078125 -0.107376098632812
-0.41851806640625 0.0381469726562499 0.126609802246094 -0.0426788330078125
-0.40435791015625 -0.182037353515625 0.0869369506835937 0.0715179443359375
-0.27081298828125 -0.410308837890625 0.039459228515625 0.0918960571289062
-0.23480224609375 -0.3515625 -0.099700927734375 -0.300933837890625
-0.309722900390625 -0.195770263671875 -0.1453857421875 -0.124038696289062
-0.368865966796875 0.00561523437499999 -0.0650482177734375 -0.0233268737792969
-0.2227783203125 0.209457397460938 -0.0138969421386719 -0.0599365234375
-0.05889892578125 0.268173217773438 -0.07086181640625 -0.0944976806640625
0.147018432617188 0.2213134765625 -0.1031494140625 -0.0795745849609375
0.21942138671875 0.144607543945313 -0.15557861328125 -0.0423583984375
0.20098876953125 0.14886474609375 -0.169647216796875 -0.0368804931640625
0.237045288085938 0.143844604492188 -0.168289184570312 -0.03564453125
0.160430908203125 0.198135375976563 -0.146591186523438 -0.107711791992187
0.01763916015625 0.272979736328125 -0.100677490234375 -0.147994995117187
-0.159347534179687 0.227371215820313 0.01654052734375 -0.137115478515625
-0.33172607421875 0.011322021484375 0.0920562744140625 -0.051239013671875
-0.31854248046875 -0.152557373046875 -0.00261497497558596 0.0313529968261719
-0.228912353515625 -0.342559814453125 -0.0387611389160156 -0.0428390502929688
-0.181533813476563 -0.212921142578125 -0.166046142578125 -0.409912109375
-0.21636962890625 -0.106430053710938 -0.210220336914063 -0.179290771484375
-0.223495483398438 0.0169525146484375 -0.081512451171875 -0.0309982299804688
-0.127082824707031 0.129463195800781 -0.0218734741210938 -0.084808349609375
-0.039031982421875 0.156631469726563 -0.0737457275390625 -0.131385803222656
0.08343505859375 0.142501831054688 -0.145278930664063 -0.122909545898437
0.1280517578125 0.1064453125 -0.225387573242188 -0.0712738037109375
0.120330810546875 0.10931396484375 -0.233627319335937 -0.057037353515625
0.141189575195313 0.112167358398438 -0.232696533203125 -0.0660858154296875
0.0811920166015625 0.138687133789063 -0.185867309570313 -0.141464233398438
-0.016754150390625 0.171051025390625 -0.107040405273438 -0.172225952148438
-0.11590576171875 0.118110656738281 0.01263427734375 -0.150054931640625
-0.196441650390625 -0.0225830078125 0.0643196105957031 -0.0500450134277344
-0.183975219726563 -0.104415893554687 -0.0688285827636719 -0.00439453124999999
-0.151687622070313 -0.225143432617187 -0.09747314453125 -0.152053833007813
-0.0949325561523438 -0.04241943359375 -0.21856689453125 -0.472991943359375
-0.091522216796875 -0.00501251220703126 -0.259078979492188 -0.214340209960937
-0.0491943359375 0.0240287780761719 -0.101997375488281 -0.0298843383789063
-0.0179538726806641 0.0326213836669922 -0.0364151000976563 -0.0853424072265625
-0.0149688720703125 0.0253810882568359 -0.068115234375 -0.136161804199219
0.00640869140625 0.0430984497070313 -0.16375732421875 -0.13909912109375
0.0161323547363281 0.0526580810546875 -0.258255004882813 -0.085845947265625
0.0205230712890625 0.0525169372558594 -0.263107299804688 -0.068450927734375
0.0254058837890625 0.0644302368164063 -0.262008666992187 -0.0900726318359375
-0.00421142578125001 0.0590095520019531 -0.194931030273437 -0.161148071289062
-0.0411262512207031 0.0503349304199219 -0.0909423828125 -0.17962646484375
-0.0512542724609375 0.00644683837890626 0.018829345703125 -0.147659301757813
-0.0424461364746094 -0.0383186340332031 0.0460128784179688 -0.0432815551757812
-0.0377349853515625 -0.0331192016601562 -0.102317810058594 -0.0337295532226562
-0.059661865234375 -0.07208251953125 -0.128082275390625 -0.219650268554687
-0.0263290405273438 -0.124931335449219 0.172653198242187 0.222564697265625
-0.0800018310546875 -0.0595932006835938 0.131752014160156 0.058563232421875
-0.106010437011719 0.0249252319335937 -0.0436058044433594 0.0109291076660156
-0.0423812866210937 0.0816497802734375 -0.0415267944335938 0.126083374023438
0.0336380004882813 0.0906906127929688 0.036865234375 0.179183959960938
0.0853347778320313 0.0274200439453125 0.174606323242188 0.157135009765625
0.095123291015625 -0.0141372680664063 0.267913818359375 0.081878662109375
0.0806350708007813 0.00323486328125 0.250595092773438 0.06060791015625
0.0912246704101563 -0.00164794921875 0.2396240234375 0.0866546630859375
0.0751495361328125 0.0482559204101563 0.16839599609375 0.125808715820313
0.0229034423828125 0.0888442993164063 0.0820541381835937 0.104049682617187
-0.0672454833984375 0.0788040161132812 0.0638275146484375 0.07208251953125
-0.108718872070313 -0.0146713256835938 0.141220092773438 0.0576934814453125
-0.07489013671875 -0.0768814086914062 0.27850341796875 0.190460205078125
-0.00373077392578125 -0.0960311889648437 0.2198486328125 0.49810791015625
-0.119140625 -0.271835327148438 0.148193359375 0.189407348632812
-0.18743896484375 -0.145553588867187 0.114768981933594 0.0621337890625
-0.24859619140625 0.0117797851562501 -0.0384254455566406 0.00392532348632812
-0.136215209960938 0.156051635742187 -0.0403823852539063 0.100517272949219
0.00686645507812499 0.200119018554687 0.005645751953125 0.153152465820313
0.150100708007813 0.119308471679688 0.138961791992188 0.144027709960938
0.195343017578125 0.0427093505859375 0.222320556640625 0.0794677734375
0.173110961914063 0.0642547607421875 0.200164794921875 0.0520477294921875
0.197525024414063 0.0556488037109375 0.194381713867188 0.0739898681640625
0.147994995117188 0.130264282226563 0.133499145507813 0.0882949829101563
0.0351715087890625 0.204055786132812 0.0599288940429688 0.058837890625
-0.13323974609375 0.1802978515625 0.0720367431640625 0.035400390625
-0.256912231445312 -0.00415039062500004 0.164199829101562 0.036102294921875
-0.22137451171875 -0.142715454101563 0.280929565429688 0.177597045898438
-0.113571166992188 -0.247100830078125 0.2210693359375 0.451446533203125
-0.193572998046875 -0.3853759765625 0.103157043457031 0.105392456054687
-0.2772216796875 -0.217681884765625 0.0726318359375 0.0422897338867187
-0.37103271484375 -0.00161743164062502 -0.0384025573730469 0.000774383544921867
-0.219451904296875 0.215530395507813 -0.0328292846679688 0.0689926147460938
-0.025177001953125 0.28863525390625 -0.0199356079101563 0.107368469238281
0.191909790039063 0.198410034179688 0.0876388549804688 0.107078552246094
0.265548706054687 0.0945281982421875 0.145095825195313 0.0627899169921875
0.238433837890625 0.114730834960938 0.119674682617188 0.0358200073242188
0.275177001953125 0.101348876953125 0.118766784667969 0.0522003173828125
0.204299926757813 0.19024658203125 0.0745086669921875 0.0398788452148438
0.0526123046875 0.293212890625 0.0236587524414063 0.00343513488769533
-0.171798706054688 0.267120361328125 0.0700225830078125 -0.0118522644042969
-0.372802734375 0.0234069824218749 0.171096801757812 0.0059051513671875
-0.344573974609375 -0.1766357421875 0.248260498046875 0.147491455078125
-0.210723876953125 -0.357818603515625 0.18756103515625 0.3560791015625
-0.24163818359375 -0.441192626953125 0.0425567626953125 -0.0172843933105469
-0.339508056640625 -0.254486083984375 0.00893783569335936 4.76837158202969E-05
-0.4478759765625 -0.00323486328124992 -0.0435371398925782 -0.00223159790039062
-0.270553588867188 0.255218505859375 -0.0221920013427735 0.0299396514892578
-0.048187255859375 0.339752197265625 -0.0416145324707031 0.0437698364257813
0.207077026367188 0.247390747070313 0.0249862670898438 0.0498237609863281
0.295928955078125 0.131805419921875 0.04644775390625 0.0330657958984375
0.267868041992188 0.147476196289063 0.0208415985107422 0.0145168304443359
0.312255859375 0.130340576171875 0.0233840942382813 0.02642822265625
0.231903076171875 0.22100830078125 -0.0016193389892578 -0.012369155883789
0.0638427734375 0.340606689453125 -0.0242958068847656 -0.0532455444335937
-0.183502197265625 0.31683349609375 0.05419921875 -0.0626564025878906
-0.431060791015625 0.0486450195312501 0.1566162109375 -0.0241546630859375
-0.413848876953125 -0.1834716796875 0.17999267578125 0.109359741210937
-0.272674560546875 -0.41204833984375 0.123306274414062 0.229705810546875
-0.2613525390625 -0.42950439453125 -0.029541015625 -0.1595458984375
-0.35589599609375 -0.245025634765625 -0.0682449340820313 -0.058013916015625
-0.451812744140625 0.00515747070312493 -0.0538711547851563 -0.00886917114257813
-0.271026611328125 0.259002685546875 -0.0148391723632813 -0.0151739120483398
-0.05780029296875 0.335479736328125 -0.0597801208496094 -0.0275802612304687
0.193893432617187 0.254837036132812 -0.0422286987304687 -0.0171623229980469
0.280960083007813 0.145370483398438 -0.0586929321289062 -0.00329208374023438
0.256271362304688 0.156906127929688 -0.080963134765625 -0.00914001464843748
0.299713134765625 0.1417236328125 -0.0772552490234375 -0.002044677734375
0.218063354492188 0.220535278320313 -0.08221435546875 -0.0607757568359375
0.056182861328125 0.3326416015625 -0.0725784301757813 -0.104133605957031
-0.175323486328125 0.305572509765625 0.0308456420898437 -0.106033325195312
-0.41632080078125 0.0496215820312501 0.126029968261719 -0.0441436767578125
-0.40472412109375 -0.170623779296875 0.0888137817382812 0.0702133178710937
-0.282012939453125 -0.405670166015625 0.0405197143554687 0.0901718139648437
-0.244415283203125 -0.34674072265625 -0.10516357421875 -0.295928955078125
-0.313995361328125 -0.189910888671875 -0.146652221679688 -0.119064331054687
-0.371429443359375 0.0167236328125 -0.0670852661132813 -0.0180091857910156
-0.217330932617187 0.215377807617188 -0.0147247314453125 -0.0566978454589844
-0.0516204833984375 0.271728515625 -0.0721282958984375 -0.090240478515625
0.152236938476562 0.214859008789062 -0.103378295898437 -0.0786361694335937
0.223770141601563 0.133895874023438 -0.155075073242188 -0.0387115478515625
0.205734252929688 0.142120361328125 -0.170791625976562 -0.0320892333984375
0.240158081054687 0.1339111328125 -0.16754150390625 -0.0317230224609375
0.164566040039063 0.189834594726563 -0.149017333984375 -0.103164672851563
0.0269622802734375 0.271194458007813 -0.10504150390625 -0.14306640625
-0.152786254882813 0.232452392578125 0.0129470825195312 -0.136032104492187
-0.330718994140625 0.020050048828125 0.0911178588867187 -0.0517807006835938
-0.31939697265625 -0.14337158203125 -0.00141334533691408 0.0329570770263672
-0.2392578125 -0.338470458984375 -0.0405998229980469 -0.0419464111328125
-0.186935424804688 -0.211532592773438 -0.175201416015625 -0.402130126953125
-0.219390869140625 -0.102920532226562 -0.213134765625 -0.171722412109375
-0.22601318359375 0.0240631103515625 -0.0832595825195313 -0.02557373046875
-0.124740600585937 0.134048461914063 -0.023468017578125 -0.0813827514648437
-0.0346221923828125 0.159683227539063 -0.0759201049804688 -0.127281188964844
0.0866622924804688 0.138519287109375 -0.14697265625 -0.120452880859375
0.131813049316406 0.100051879882813 -0.225311279296875 -0.0658416748046875
0.124076843261719 0.104629516601562 -0.235458374023438 -0.0507049560546875
0.144485473632812 0.106918334960937 -0.232940673828125 -0.060150146484375
0.085418701171875 0.134780883789063 -0.188461303710938 -0.135665893554688
-0.0103759765625 0.171524047851563 -0.111007690429687 -0.167404174804688
-0.112739562988281 0.122520446777344 0.00810241699218748 -0.147979736328125
-0.198150634765625 -0.017669677734375 0.0632476806640625 -0.0496864318847656
-0.185806274414063 -0.099639892578125 -0.0685386657714844 -0.000492095947265646
-0.158767700195312 -0.222625732421875 -0.102203369140625 -0.148971557617188
-0.0958328247070313 -0.044189453125 -0.230010986328125 -0.46490478515625
-0.09320068359375 -0.00441741943359373 -0.264450073242188 -0.20587158203125
-0.0512161254882813 0.0260238647460938 -0.103057861328125 -0.024688720703125
-0.0181617736816406 0.0346412658691406 -0.0386123657226562 -0.0814056396484375
-0.0150470733642578 0.0274848937988281 -0.0703582763671875 -0.133346557617188
0.00739288330078125 0.0428924560546875 -0.165252685546875 -0.13543701171875
0.0202484130859375 0.0512237548828125 -0.259597778320313 -0.079498291015625
0.0235061645507813 0.0517044067382813 -0.264404296875 -0.0606689453125
0.0282363891601563 0.0627479553222656 -0.263320922851563 -0.0827178955078125
-0.00145339965820312 0.0585746765136719 -0.197463989257813 -0.154922485351563
-0.037811279296875 0.052520751953125 -0.094818115234375 -0.17523193359375
-0.0515594482421875 0.00919342041015625 0.0139312744140625 -0.146286010742188
-0.0461044311523437 -0.0371894836425781 0.044586181640625 -0.0425682067871094
-0.0396804809570313 -0.0330047607421875 -0.102897644042969 -0.028900146484375
-0.0626602172851563 -0.0724563598632813 -0.135025024414063 -0.215911865234375
-0.0278244018554687 -0.12384033203125 0.180816650390625 0.226242065429688
-0.0797500610351562 -0.0596847534179688 0.136177062988281 0.0572586059570312
-0.105995178222656 0.02520751953125 -0.0444793701171875 0.0111579895019531
-0.0420684814453125 0.0817184448242188 -0.0404052734375 0.127273559570312
0.0359725952148438 0.0898818969726563 0.03961181640625 0.18182373046875
0.0857009887695313 0.0254974365234375 0.177703857421875 0.1573486328125
0.093719482421875 -0.0158538818359375 0.272491455078125 0.0796661376953125
0.080535888671875 0.002685546875 0.256210327148438 0.05975341796875
0.0905075073242188 -0.00408172607421875 0.246322631835938 0.0863494873046875
0.0760040283203125 0.0467147827148438 0.172393798828125 0.127593994140625
0.0239791870117187 0.0881271362304687 0.08380126953125 0.105026245117188
-0.0663223266601563 0.0808334350585938 0.0663909912109375 0.0728302001953125
-0.108230590820312 -0.012481689453125 0.143295288085938 0.0563201904296875
-0.075653076171875 -0.0747833251953125 0.283660888671875 0.1878662109375
-0.00540161132812501 -0.0959091186523438 0.2286376953125 0.50262451171875
-0.124771118164063 -0.2724609375 0.156112670898438 0.192489624023437
-0.189315795898438 -0.14642333984375 0.11932373046875 0.0609130859375
-0.252349853515625 0.0140380859375 -0.0405769348144531 0.00452041625976563
-0.136276245117188 0.158157348632812 -0.0388336181640625 0.101943969726563
0.010772705078125 0.202224731445312 0.008331298828125 0.156204223632813
0.15179443359375 0.11590576171875 0.141128540039063 0.143386840820313
0.196136474609375 0.038909912109375 0.226806640625 0.077362060546875
0.175888061523437 0.0630340576171875 0.205032348632813 0.0516815185546875
0.199508666992188 0.0518798828125 0.200408935546875 0.07330322265625
0.150497436523438 0.128860473632813 0.136184692382813 0.089874267578125
0.03814697265625 0.20501708984375 0.0606117248535156 0.0601043701171875
-0.132415771484375 0.185226440429687 0.0751953125 0.03619384765625
-0.259674072265625 -4.5776367187492E-05 0.16693115234375 0.0344085693359375
-0.224365234375 -0.1409912109375 0.285675048828125 0.176177978515625
-0.119125366210938 -0.250152587890625 0.227630615234375 0.45623779296875
-0.20159912109375 -0.38848876953125 0.109466552734375 0.109046936035156
-0.28204345703125 -0.219818115234375 0.0770339965820312 0.0417938232421875
-0.376800537109375 0.00296020507812506 -0.041015625 0.00265121459960937
-0.220138549804688 0.220718383789062 -0.031707763671875 0.0713272094726563
-0.020477294921875 0.293548583984375 -0.0180130004882813 0.110435485839844
0.195281982421875 0.194808959960937 0.09002685546875 0.106399536132813
0.268753051757813 0.0892181396484375 0.148849487304688 0.06085205078125
0.24365234375 0.113479614257813 0.12200927734375 0.0362167358398438
0.279312133789063 0.0968780517578125 0.1229248046875 0.051910400390625
0.208602905273438 0.187042236328125 0.07611083984375 0.0407562255859375
0.05804443359375 0.2960205078125 0.023101806640625 0.00481605529785158
-0.171798706054688 0.274642944335938 0.072296142578125 -0.01171875
-0.37744140625 0.0292358398437499 0.174270629882812 0.0042724609375
-0.348724365234375 -0.175567626953125 0.252700805664063 0.14654541015625
-0.219940185546875 -0.362640380859375 0.193206787109375 0.360687255859375
-0.252655029296875 -0.44720458984375 0.0455589294433594 -0.0153121948242188
-0.34698486328125 -0.257965087890625 0.0120983123779297 -0.000574111938476578
-0.4564208984375 0.00332641601562493 -0.0469207763671875 0.000373840332031247
-0.271560668945313 0.262985229492187 -0.0214576721191406 0.0325603485107422
-0.04351806640625 0.34735107421875 -0.0403251647949219 0.046722412109375
0.211318969726563 0.245254516601563 0.0261917114257813 0.0486907958984375
0.30010986328125 0.12603759765625 0.0486907958984375 0.0321884155273438
0.27496337890625 0.146270751953125 0.0210704803466797 0.0152606964111328
0.31683349609375 0.1263427734375 0.0257301330566406 0.0253009796142578
0.236846923828125 0.218414306640625 -0.0025663375854492 -0.0112590789794922
0.06927490234375 0.34332275390625 -0.0264167785644531 -0.0524673461914062
-0.184112548828125 0.325714111328125 0.0550346374511719 -0.062469482421875
-0.437774658203125 0.0545654296874999 0.160430908203125 -0.026123046875
-0.4195556640625 -0.182342529296875 0.18377685546875 0.109100341796875
-0.283416748046875 -0.418365478515625 0.126968383789062 0.232315063476562
-0.27288818359375 -0.43572998046875 -0.02978515625 -0.159011840820313
-0.364898681640625 -0.248748779296875 -0.0676345825195313 -0.0584716796875
-0.46173095703125 0.012481689453125 -0.056976318359375 -0.00499725341796875
-0.272994995117188 0.2669677734375 -0.0143098831176758 -0.0131511688232422
-0.05328369140625 0.344635009765625 -0.059234619140625 -0.0255470275878906
0.198684692382812 0.253463745117187 -0.042572021484375 -0.0191879272460937
0.28662109375 0.140106201171875 -0.0589065551757812 -0.00399017333984374
0.264312744140625 0.15655517578125 -0.0834732055664062 -0.00843048095703124
0.3045654296875 0.137939453125 -0.0778427124023437 -0.00299072265625
0.223037719726563 0.218856811523438 -0.0843963623046875 -0.0600128173828125
0.0623779296875 0.336517333984375 -0.0758743286132813 -0.102767944335937
-0.176361083984375 0.3133544921875 0.0308990478515625 -0.106765747070312
-0.42352294921875 0.05419921875 0.128829956054687 -0.0459442138671875
-0.410491943359375 -0.169952392578125 0.0904388427734375 0.0710067749023437
-0.2939453125 -0.411895751953125 0.0408782958984375 0.0909881591796875
-0.2537841796875 -0.35357666015625 -0.109222412109375 -0.29803466796875
-0.32305908203125 -0.192718505859375 -0.149551391601563 -0.1192626953125
-0.381988525390625 0.023101806640625 -0.0700798034667969 -0.0140571594238281
-0.219009399414063 0.22357177734375 -0.0146331787109375 -0.0549468994140625
-0.047210693359375 0.27960205078125 -0.0722732543945312 -0.0889968872070313
0.156143188476563 0.214141845703125 -0.104904174804687 -0.0807418823242188
0.22979736328125 0.1290283203125 -0.157302856445312 -0.038787841796875
0.212631225585938 0.14154052734375 -0.175384521484375 -0.0306243896484375
0.245376586914063 0.130905151367188 -0.170806884765625 -0.0322113037109375
0.168991088867188 0.18829345703125 -0.152450561523437 -0.102386474609375
0.0324554443359375 0.274871826171875 -0.108612060546875 -0.14263916015625
-0.153915405273437 0.238372802734375 0.011993408203125 -0.136268615722656
-0.337677001953125 0.0240783691406249 0.0933380126953125 -0.0529556274414063
-0.324127197265625 -0.143951416015625 -0.000947952270507831 0.0345783233642578
-0.248077392578125 -0.344573974609375 -0.0427627563476563 -0.0426445007324219
-0.193450927734375 -0.216461181640625 -0.182037353515625 -0.40582275390625
-0.226318359375 -0.104827880859375 -0.2183837890625 -0.171051025390625
-0.232620239257813 0.0283203125 -0.0852890014648438 -0.0216293334960938
-0.126068115234375 0.139701843261719 -0.0241622924804688 -0.0799179077148437
-0.0331573486328125 0.165618896484375 -0.0772552490234375 -0.12786865234375
0.089324951171875 0.139266967773438 -0.149642944335937 -0.122695922851562
0.136955261230469 0.0973663330078125 -0.229812622070313 -0.0654296875
0.129768371582031 0.104766845703125 -0.241561889648438 -0.0492401123046875
0.148544311523438 0.105377197265625 -0.238265991210937 -0.0600128173828125
0.0880508422851563 0.13421630859375 -0.192550659179688 -0.1356201171875
-0.00639343261718748 0.17431640625 -0.115020751953125 -0.167282104492188
-0.11370849609375 0.127342224121094 0.00646972656249999 -0.1492919921875
-0.204147338867188 -0.01593017578125 0.0650634765625 -0.0501365661621094
-0.189468383789063 -0.100738525390625 -0.0684776306152344 0.001861572265625
-0.165878295898438 -0.2276611328125 -0.106689453125 -0.150970458984375
-0.0981597900390625 -0.047515869140625 -0.2381591796875 -0.46893310546875
-0.0966110229492188 -0.00527191162109373 -0.271697998046875 -0.204986572265625
-0.0546073913574219 0.0278701782226562 -0.104255676269531 -0.0210342407226562
-0.0192604064941406 0.0372161865234375 -0.0395736694335938 -0.080780029296875
-0.0153903961181641 0.0299091339111328 -0.072601318359375 -0.134994506835938
0.00824356079101563 0.0446357727050781 -0.168716430664063 -0.137344360351563
0.0222930908203125 0.0507698059082031 -0.26422119140625 -0.0783233642578125
0.0258331298828125 0.0520782470703125 -0.2713623046875 -0.0593719482421875
0.0308990478515625 0.0633468627929688 -0.269790649414063 -0.0817718505859374
-0.000183105468750002 0.0590972900390625 -0.202499389648438 -0.155319213867188
-0.0359458923339844 0.0549278259277344 -0.097930908203125 -0.175750732421875
-0.0530052185058594 0.0113029479980469 0.0118255615234375 -0.147796630859375
-0.0503311157226563 -0.0371971130371094 0.0456886291503906 -0.0424461364746094
-0.0419349670410156 -0.0340652465820312 -0.104141235351563 -0.0268096923828125
-0.0660400390625 -0.0753707885742187 -0.14105224609375 -0.217941284179688
-0.0302963256835937 -0.125381469726562 0.194747924804687 0.233734130859375
-0.0819091796875 -0.0612258911132813 0.1436767578125 0.0562286376953125
-0.108146667480469 0.0267486572265625 -0.0472602844238281 0.0121917724609375
-0.0428237915039063 0.0839385986328125 -0.03936767578125 0.132171630859375
0.03961181640625 0.0907440185546875 0.044464111328125 0.18798828125
0.0877304077148438 0.0233840942382813 0.185684204101563 0.160202026367187
0.09429931640625 -0.0178680419921875 0.284881591796875 0.07684326171875
0.0823440551757813 0.00160980224609375 0.269927978515625 0.05743408203125
0.0924072265625 -0.00670623779296875 0.2608642578125 0.08599853515625
0.0785903930664063 0.0460662841796875 0.181442260742188 0.130691528320313
0.0256881713867187 0.0897293090820313 0.0886611938476563 0.108192443847656
-0.0671615600585937 0.0859451293945313 0.071807861328125 0.0738143920898437
-0.1104736328125 -0.01025390625 0.14935302734375 0.0552215576171875
-0.07818603515625 -0.0743484497070313 0.297271728515625 0.18963623046875
-0.00801849365234376 -0.099029541015625 0.245147705078125 0.5189208984375
-0.134323120117188 -0.2796630859375 0.169525146484375 0.199951171875
-0.197280883789063 -0.150970458984375 0.127471923828125 0.0605545043945312
-0.260818481445313 0.0185852050781249 -0.0439376831054688 0.00716018676757813
-0.138641357421875 0.165237426757813 -0.0387115478515625 0.106796264648438
0.0159759521484375 0.208816528320312 0.0124053955078125 0.1624755859375
0.158035278320313 0.115142822265625 0.148452758789063 0.146636962890625
0.201873779296875 0.0351409912109375 0.237762451171875 0.075347900390625
0.1834716796875 0.0617523193359375 0.215576171875 0.051422119140625
0.206222534179688 0.0484771728515625 0.212432861328125 0.0732269287109375
0.157272338867188 0.128814697265625 0.1429443359375 0.0928802490234375
0.0430755615234375 0.210189819335937 0.0629310607910156 0.0620460510253906
-0.13507080078125 0.195816040039062 0.0801849365234375 0.036529541015625
-0.269485473632813 0.00489807128906252 0.17413330078125 0.032257080078125
-0.233078002929687 -0.141357421875 0.299560546875 0.17706298828125
-0.129531860351563 -0.258102416992188 0.2462158203125 0.471099853515625
-0.218017578125 -0.3997802734375 0.119468688964844 0.113578796386719
-0.29583740234375 -0.225860595703125 0.0835647583007812 0.0415496826171875
-0.392608642578125 0.010284423828125 -0.0452919006347656 0.00630569458007812
-0.224563598632813 0.23284912109375 -0.0307235717773438 0.0752334594726563
-0.014495849609375 0.3057861328125 -0.0147933959960937 0.116600036621094
0.20452880859375 0.196243286132812 0.0949020385742188 0.108070373535156
0.278396606445312 0.0847625732421875 0.156097412109375 0.059844970703125
0.256088256835938 0.112701416015625 0.12860107421875 0.0367431640625
0.29144287109375 0.093414306640625 0.131195068359375 0.0516510009765625
0.218673706054688 0.188919067382813 0.0794525146484375 0.0424957275390625
0.065216064453125 0.30462646484375 0.0228996276855469 0.00621604919433596
-0.17498779296875 0.29010009765625 0.076385498046875 -0.0125808715820312
-0.392303466796875 0.03631591796875 0.182037353515625 0.000762939453125002
-0.3634033203125 -0.176849365234375 0.264205932617188 0.147415161132813
-0.23687744140625 -0.37518310546875 0.206634521484375 0.370849609375
-0.272216796875 -0.46240234375 0.0506057739257812 -0.0140838623046875
-0.365631103515625 -0.265289306640625 0.0151329040527344 -0.000842094421386735
-0.476654052734375 0.013214111328125 -0.0513877868652344 0.00543594360351564
-0.277435302734375 0.278244018554687 -0.0204849243164063 0.0354423522949219
-0.03662109375 0.363983154296875 -0.0390090942382813 0.0510215759277344
0.223312377929688 0.24822998046875 0.0278244018554688 0.0487632751464844
0.313873291015625 0.121063232421875 0.0514564514160157 0.031768798828125
0.289703369140625 0.14678955078125 0.021688461303711 0.0161933898925781
0.332061767578125 0.12274169921875 0.0283432006835938 0.0249614715576172
0.248367309570313 0.220550537109375 -0.00330638885498046 -0.0109195709228516
0.080169677734375 0.354522705078125 -0.0293083190917969 -0.0520439147949218
-0.186370849609375 0.344146728515625 0.0578041076660156 -0.0648574829101562
-0.456085205078125 0.0649414062500001 0.167022705078125 -0.0306854248046875
-0.436370849609375 -0.183349609375 0.191757202148438 0.109939575195313
-0.304779052734375 -0.43280029296875 0.134765625 0.23876953125
-0.29412841796875 -0.45050048828125 -0.0313262939453125 -0.163345336914063
-0.385498046875 -0.25640869140625 -0.0692329406738282 -0.0587196350097656
-0.484039306640625 0.023162841796875 -0.0616569519042969 0.000328063964843756
-0.2799072265625 0.284393310546875 -0.0140047073364258 -0.010930061340332
-0.047332763671875 0.36212158203125 -0.0601272583007812 -0.023712158203125
0.210357666015625 0.2574462890625 -0.0449142456054687 -0.0209159851074219
0.299835205078125 0.135833740234375 -0.0610504150390625 -0.00423431396484375
0.279586791992188 0.157379150390625 -0.0877151489257812 -0.00629425048828125
0.320587158203125 0.135650634765625 -0.0811080932617187 -0.00293731689453124
0.234634399414063 0.220657348632813 -0.0896835327148437 -0.0606155395507812
0.07244873046875 0.347625732421875 -0.081695556640625 -0.104019165039062
-0.17889404296875 0.33172607421875 0.0311508178710937 -0.1102294921875
-0.4417724609375 0.065338134765625 0.134574890136719 -0.0509719848632813
-0.4283447265625 -0.171539306640625 0.0952835083007812 0.0719833374023437
-0.314788818359375 -0.4266357421875 0.0425643920898437 0.0931777954101562
-0.27191162109375 -0.366912841796875 -0.116943359375 -0.305938720703125
-0.34197998046875 -0.198089599609375 -0.15570068359375 -0.120773315429688
-0.39996337890625 0.0329589843749999 -0.074371337890625 -0.00916290283203124
-0.224258422851562 0.23858642578125 -0.015625 -0.0544548034667969
-0.043426513671875 0.29461669921875 -0.0753936767578125 -0.0897979736328125
0.165573120117188 0.218063354492188 -0.110298156738281 -0.08428955078125
0.241119384765625 0.126480102539063 -0.164321899414062 -0.0388641357421875
0.225814819335938 0.142913818359375 -0.184951782226563 -0.0288238525390625
0.25787353515625 0.129364013671875 -0.179428100585937 -0.031280517578125
0.178146362304688 0.191116333007813 -0.161422729492187 -0.103485107421875
0.0401611328125 0.284423828125 -0.115753173828125 -0.144500732421875
-0.156600952148438 0.253280639648437 0.0106964111328125 -0.1407470703125
-0.353668212890625 0.0306396484375 0.0977630615234375 -0.0574417114257813
-0.33880615234375 -0.146026611328125 -0.000370025634765649 0.0368232727050781
-0.266998291015625 -0.357208251953125 -0.0471687316894532 -0.0442733764648438
-0.206634521484375 -0.226211547851563 -0.195556640625 -0.41839599609375
-0.23992919921875 -0.106674194335938 -0.229827880859375 -0.17364501953125
-0.244720458984375 0.035797119140625 -0.0893325805664063 -0.0169525146484375
-0.128265380859375 0.149749755859375 -0.0252609252929688 -0.0804061889648437
-0.03070068359375 0.175506591796875 -0.0813980102539062 -0.130722045898438
0.0955047607421875 0.142486572265625 -0.156982421875 -0.126785278320312
0.144943237304688 0.0958099365234375 -0.240646362304688 -0.0645599365234375
0.138259887695313 0.106536865234375 -0.254074096679688 -0.04656982421875
0.15692138671875 0.10595703125 -0.250686645507813 -0.0586090087890624
0.0938034057617188 0.136581420898438 -0.203903198242188 -0.137298583984375
-0.001617431640625 0.181564331054688 -0.121780395507813 -0.170394897460937
-0.1173095703125 0.136100769042969 0.0041351318359375 -0.154342651367188
-0.215728759765625 -0.0128631591796875 0.0678138732910156 -0.0535850524902344
-0.198944091796875 -0.102890014648438 -0.0718154907226563 0.00371551513671874
-0.17791748046875 -0.236404418945313 -0.115707397460938 -0.1552734375
-0.104385375976562 -0.051177978515625 -0.25592041015625 -0.481842041015625
-0.102508544921875 -0.0048065185546875 -0.2860107421875 -0.2073974609375
-0.0579109191894531 0.0309486389160156 -0.107658386230469 -0.0175323486328125
-0.0190048217773438 0.0402793884277344 -0.0421142578125 -0.0812301635742188
-0.0158805847167969 0.0330982208251953 -0.0778884887695313 -0.138969421386719
0.00962066650390625 0.0471954345703125 -0.177230834960937 -0.1417236328125
0.0256156921386719 0.0509910583496094 -0.277084350585938 -0.077789306640625
0.0289077758789063 0.0536117553710938 -0.285552978515625 -0.0570983886718749
0.0343093872070313 0.0654258728027344 -0.284576416015625 -0.080535888671875
0.00150299072265625 0.0614814758300781 -0.213027954101563 -0.158432006835938
-0.0345458984375 0.0583915710449219 -0.104141235351562 -0.180023193359375
-0.0553741455078125 0.0145263671875 0.00886535644531248 -0.153167724609375
-0.0562515258789063 -0.0371627807617188 0.0477104187011719 -0.044708251953125
-0.0455551147460937 -0.0362396240234375 -0.109062194824219 -0.024261474609375
-0.0715789794921875 -0.0797348022460938 -0.152008056640625 -0.225051879882813
-0.0355148315429688 -0.127830505371094 0.217010498046875 0.236801147460937
-0.0860519409179688 -0.0615615844726562 0.154541015625 0.0519256591796875
-0.111473083496094 0.0313339233398437 -0.0506477355957031 0.0153884887695313
-0.042083740234375 0.0882110595703125 -0.035369873046875 0.139167785644531
0.0456161499023437 0.0912551879882813 0.05535888671875 0.194305419921875
0.09130859375 0.01788330078125 0.199905395507813 0.160858154296875
0.0952529907226562 -0.0229339599609375 0.302398681640625 0.068389892578125
0.08544921875 -0.0012359619140625 0.288055419921875 0.049957275390625
0.0944595336914063 -0.0125198364257813 0.281219482421875 0.078521728515625
0.0833587646484375 0.0435256958007813 0.196853637695313 0.1318359375
0.029937744140625 0.0916061401367188 0.096466064453125 0.110160827636719
-0.0656280517578125 0.0925750732421875 0.0794754028320313 0.07366943359375
-0.11407470703125 -0.00589752197265624 0.15899658203125 0.0508270263671875
-0.0836029052734375 -0.0734481811523437 0.318572998046875 0.184326171875
-0.0134124755859375 -0.102012634277344 0.279449462890625 0.532135009765625
-0.15234375 -0.285736083984375 0.189834594726563 0.20318603515625
-0.211227416992187 -0.150909423828125 0.138671875 0.0575180053710937
-0.27252197265625 0.0306854248046875 -0.0476722717285156 0.0114860534667969
-0.139083862304688 0.177444458007813 -0.034515380859375 0.112617492675781
0.0269622802734375 0.216827392578125 0.021697998046875 0.169723510742187
0.1680908203125 0.11102294921875 0.16131591796875 0.147232055664063
0.210372924804688 0.02606201171875 0.253021240234375 0.0684967041015625
0.194564819335938 0.0565185546875 0.230117797851562 0.044830322265625
0.216995239257813 0.039398193359375 0.229156494140625 0.0674896240234375
0.1685791015625 0.126602172851563 0.154693603515625 0.0928955078125
0.0538787841796875 0.217300415039063 0.0677070617675781 0.0638771057128906
-0.133132934570313 0.212112426757813 0.0872421264648438 0.0346145629882813
-0.28131103515625 0.0165100097656249 0.184478759765625 0.0256500244140625
-0.248779296875 -0.13885498046875 0.320892333984375 0.172119140625
-0.14813232421875 -0.26531982421875 0.276824951171875 0.4835205078125
-0.245941162109375 -0.40948486328125 0.134300231933594 0.115570068359375
-0.31915283203125 -0.226837158203125 0.0920257568359375 0.0394210815429687
-0.4119873046875 0.0284729003906249 -0.0485649108886719 0.0130844116210938
-0.225997924804688 0.253173828125 -0.0278244018554688 0.0806350708007813
0.0009765625 0.321868896484375 -0.00859832763671874 0.123283386230469
0.221115112304688 0.19342041015625 0.103408813476563 0.10894775390625
0.293060302734375 0.073974609375 0.166915893554688 0.0555267333984375
0.273757934570313 0.107040405273438 0.1373291015625 0.0334320068359375
0.30810546875 0.082672119140625 0.142349243164063 0.0474090576171875
0.235580444335938 0.186859130859375 0.0850296020507813 0.0426864624023438
0.082794189453125 0.31488037109375 0.0235500335693359 0.00753593444824221
-0.17108154296875 0.314483642578125 0.0812606811523437 -0.0164794921875
-0.41119384765625 0.0552368164062501 0.191131591796875 -0.0088653564453125
-0.386749267578125 -0.17083740234375 0.282989501953125 0.142669677734375
-0.265869140625 -0.3853759765625 0.232147216796875 0.38043212890625
-0.30792236328125 -0.473602294921875 0.0559616088867187 -0.0151786804199219
-0.39483642578125 -0.265594482421875 0.0186767578125 -0.00151062011718752
-0.501861572265625 0.0372009277343751 -0.0550880432128907 0.0133857727050781
-0.279876708984375 0.3035888671875 -0.0186004638671875 0.0394401550292969
-0.0201416015625 0.384490966796875 -0.0366744995117188 0.0564346313476563
0.243743896484375 0.247772216796875 0.0310783386230469 0.0485954284667969
0.3310546875 0.110137939453125 0.0560455322265625 0.0299720764160156
0.311614990234375 0.140411376953125 0.0238208770751953 0.0174369812011719
0.35284423828125 0.111114501953125 0.0319194793701172 0.0237979888916016
0.268264770507813 0.218048095703125 -0.00364398956298826 -0.00990009307861327
0.0994873046875 0.366943359375 -0.0338325500488281 -0.0511283874511718
-0.181640625 0.3712158203125 0.0595245361328125 -0.0701751708984375
-0.477508544921875 0.0878906249999999 0.1737060546875 -0.0412750244140625
-0.4642333984375 -0.176422119140625 0.205245971679687 0.106918334960937
-0.340667724609375 -0.444122314453125 0.150497436523437 0.244171142578125
-0.329437255859375 -0.462738037109375 -0.036865234375 -0.167800903320313
-0.416717529296875 -0.255523681640625 -0.0735702514648438 -0.0588455200195313
-0.511138916015625 0.0492248535156251 -0.0652503967285157 0.00866317749023438
-0.281158447265625 0.312042236328125 -0.012934684753418 -0.00934505462646482
-0.0311279296875 0.384002685546875 -0.0623130798339844 -0.0208320617675781
0.230728149414063 0.259170532226563 -0.0477333068847656 -0.0217933654785156
0.31854248046875 0.126007080078125 -0.0641250610351562 -0.0031890869140625
0.30108642578125 0.151824951171875 -0.0934829711914062 -0.0015106201171875
0.341705322265625 0.125274658203125 -0.0855560302734375 -0.000976562499999992
0.25347900390625 0.219650268554687 -0.0971832275390625 -0.0589828491210937
0.0931396484375 0.359375 -0.0901641845703125 -0.1029052734375
-0.17431640625 0.358428955078125 0.0292892456054687 -0.116287231445312
-0.464324951171875 0.0865478515625 0.139083862304687 -0.0609893798828125
-0.4569091796875 -0.164642333984375 0.102066040039062 0.0720367431640625
-0.35028076171875 -0.437896728515625 0.0476608276367187 0.094970703125
-0.302734375 -0.37725830078125 -0.13433837890625 -0.314727783203125
-0.36895751953125 -0.19683837890625 -0.16741943359375 -0.119827270507812
-0.4215087890625 0.054168701171875 -0.0781021118164063 -0.00101470947265625
-0.225265502929688 0.26123046875 -0.0165672302246094 -0.0544815063476562
-0.0306396484375 0.313629150390625 -0.0817413330078125 -0.0901031494140625
0.18304443359375 0.2216796875 -0.118865966796875 -0.0857772827148438
0.257675170898437 0.118759155273437 -0.174560546875 -0.03466796875
0.24505615234375 0.1392822265625 -0.197555541992187 -0.020782470703125
0.277069091796875 0.122756958007813 -0.191009521484375 -0.0264739990234375
0.194259643554687 0.191024780273437 -0.174346923828125 -0.101211547851562
0.056884765625 0.29534912109375 -0.127670288085938 -0.144607543945312
-0.154434204101562 0.274978637695313 0.0056915283203125 -0.1473388671875
-0.372314453125 0.047576904296875 0.100250244140625 -0.0663681030273438
-0.3612060546875 -0.141448974609375 0.000644683837890605 0.0396652221679687
-0.29705810546875 -0.367523193359375 -0.05340576171875 -0.0450248718261719
-0.228683471679688 -0.231964111328125 -0.2220458984375 -0.4290771484375
-0.258697509765625 -0.104217529296875 -0.248703002929688 -0.171463012695312
-0.257369995117187 0.049591064453125 -0.0929641723632813 -0.0103912353515625
-0.128341674804688 0.163909912109375 -0.0296630859375 -0.0822830200195312
-0.02337646484375 0.188308715820313 -0.090606689453125 -0.132232666015625
0.105270385742188 0.145645141601563 -0.169479370117188 -0.128662109375
0.155563354492188 0.0916748046875 -0.256179809570312 -0.0589599609375
0.15081787109375 0.104644775390625 -0.271636962890625 -0.0373687744140625
0.170501708984375 0.102554321289063 -0.267440795898438 -0.0514068603515625
0.103500366210938 0.137840270996094 -0.220138549804688 -0.135040283203125
0.00805664062499999 0.189926147460938 -0.135116577148438 -0.171859741210937
-0.11737060546875 0.149551391601562 -0.00274658203125002 -0.161148071289063
-0.229965209960937 -0.00361633300781248 0.0690345764160156 -0.0597190856933594
-0.213226318359375 -0.101242065429688 -0.0755462646484375 0.00841522216796875
-0.198867797851563 -0.244247436523437 -0.129974365234375 -0.158309936523438
-0.112617492675781 -0.0531768798828125 -0.2899169921875 -0.494232177734375
-0.109405517578125 -0.00140380859374999 -0.30987548828125 -0.20416259765625
-0.0609893798828125 0.0354270935058594 -0.111137390136719 -0.0115203857421875
-0.0181312561035156 0.0443649291992188 -0.0463714599609375 -0.0819320678710938
-0.0151252746582031 0.0375709533691406 -0.087188720703125 -0.1417236328125
0.0116729736328125 0.0502052307128906 -0.19189453125 -0.142776489257813
0.0299491882324219 0.0515632629394531 -0.295440673828125 -0.0703735351562501
0.033966064453125 0.0543861389160156 -0.30523681640625 -0.047576904296875
0.0402450561523437 0.0667304992675781 -0.304534912109375 -0.071807861328125
0.00510406494140625 0.0648880004882813 -0.231613159179687 -0.157943725585938
-0.0321273803710937 0.0635185241699219 -0.116653442382813 -0.183578491210938
-0.057891845703125 0.0195693969726563 0.00233459472656249 -0.159515380859375
-0.0634040832519531 -0.0360298156738281 0.0478744506835937 -0.0493927001953125
-0.0502357482910156 -0.0368576049804687 -0.1156005859375 -0.0192794799804687
-0.0800857543945313 -0.0829544067382812 -0.171783447265625 -0.228988647460938
-0.0436782836914062 -0.128303527832031 0.243606567382813 0.230575561523438
-0.0914764404296875 -0.0588226318359375 0.164886474609375 0.042510986328125
-0.113143920898438 0.0390396118164062 -0.0519866943359375 0.0206680297851562
-0.03912353515625 0.09259033203125 -0.026458740234375 0.144866943359375
0.053192138671875 0.08856201171875 0.070526123046875 0.196533203125
0.0931167602539063 0.0112228393554688 0.21630859375 0.155029296875
0.0948028564453125 -0.0295028686523438 0.318634033203125 0.0509033203125
0.0870361328125 -0.0068359375 0.30499267578125 0.031402587890625
0.0947647094726563 -0.0201263427734375 0.29986572265625 0.06207275390625
0.0876388549804688 0.0386734008789063 0.213775634765625 0.125213623046875
0.0362472534179688 0.0919189453125 0.106071472167969 0.1083984375
-0.06097412109375 0.100395202636719 0.0879364013671875 0.0700836181640625
-0.116714477539062 0.0011138916015625 0.167648315429688 0.04180908203125
-0.089447021484375 -0.0693511962890625 0.34027099609375 0.169219970703125
-0.0209503173828125 -0.103111267089844 0.325714111328125 0.52984619140625
-0.17510986328125 -0.2843017578125 0.2135009765625 0.197341918945312
-0.227706909179688 -0.144149780273437 0.149154663085937 0.049163818359375
-0.280410766601563 0.050079345703125 -0.0489959716796875 0.01873779296875
-0.133377075195313 0.192184448242187 -0.027374267578125 0.118118286132813
0.0431671142578125 0.221084594726563 0.0350189208984375 0.173507690429688
0.17877197265625 0.101104736328125 0.174697875976563 0.142227172851563
0.216445922851563 0.0124969482421875 0.266952514648437 0.0536346435546875
0.204605102539063 0.046142578125 0.244140625 0.031280517578125
0.224807739257813 0.0250091552734375 0.245315551757813 0.052764892578125
0.181243896484375 0.118499755859375 0.167739868164063 0.0878448486328125
0.069549560546875 0.219818115234375 0.0733489990234375 0.0632171630859375
-0.123153686523437 0.2296142578125 0.0941162109375 0.0294723510742188
-0.289459228515625 0.03533935546875 0.192291259765625 0.012969970703125
-0.264312744140625 -0.127349853515625 0.3416748046875 0.15570068359375
-0.172088623046875 -0.264892578125 0.317535400390625 0.480865478515625
-0.282470703125 -0.40753173828125 0.150863647460938 0.111648559570312
-0.344635009765625 -0.215850830078125 0.100959777832031 0.0338821411132812
-0.425537109375 0.0589599609375 -0.0495681762695313 0.0219879150390625
-0.21820068359375 0.276779174804687 -0.0214920043945313 0.0853347778320313
0.02392578125 0.332000732421875 0.00088500976562501 0.127693176269531
0.239181518554688 0.183364868164063 0.113273620605469 0.105033874511719
0.305023193359375 0.054595947265625 0.177490234375 0.0455322265625
0.2911376953125 0.0919189453125 0.146453857421875 0.0266876220703125
0.322845458984375 0.06170654296875 0.152511596679688 0.0384521484375
0.254104614257813 0.176834106445313 0.0916213989257813 0.0406570434570313
0.10589599609375 0.319366455078125 0.0240821838378906 0.00824737548828127
-0.1563720703125 0.33831787109375 0.0849838256835937 -0.0225296020507812
-0.42254638671875 0.0836181640625001 0.196014404296875 -0.0233917236328125
-0.409820556640625 -0.1534423828125 0.30078125 0.12908935546875
-0.3031005859375 -0.382965087890625 0.264556884765625 0.376739501953125
-0.352294921875 -0.470367431640625 0.061065673828125 -0.0181121826171875
-0.427886962890625 -0.25146484375 0.021921157836914 -0.0031108856201172
-0.518829345703125 0.073699951171875 -0.0553512573242188 0.0240440368652344
-0.27008056640625 0.33367919921875 -0.0144844055175781 0.0426979064941406
0.00738525390625002 0.400421142578125 -0.0322189331054688 0.0612640380859375
0.26617431640625 0.238143920898438 0.0354537963867188 0.0470809936523438
0.347686767578125 0.08905029296875 0.0611534118652344 0.0260848999023438
0.33349609375 0.12371826171875 0.0269050598144531 0.0177173614501953
0.372467041015625 0.089263916015625 0.0351314544677735 0.0220069885253906
0.290496826171875 0.20672607421875 -0.00471067428588865 -0.00834083557128905
0.128662109375 0.371673583984375 -0.0386276245117188 -0.0483131408691406
-0.163055419921875 0.39923095703125 0.058319091796875 -0.0763931274414062
-0.491790771484375 0.122650146484375 0.176193237304687 -0.0559539794921875
-0.492767333984375 -0.15447998046875 0.218490600585937 0.097412109375
-0.385009765625 -0.440673828125 0.170028686523437 0.242263793945312
-0.374847412109375 -0.45849609375 -0.0461578369140625 -0.169921875
-0.452484130859375 -0.239471435546875 -0.0770492553710938 -0.056854248046875
-0.528167724609375 0.08673095703125 -0.0660209655761719 0.0200233459472656
-0.27056884765625 0.34222412109375 -0.012441635131836 -0.00707912445068357
-0.00396728515625004 0.4017333984375 -0.0637016296386719 -0.016754150390625
0.255020141601562 0.251083374023438 -0.0504722595214844 -0.0209999084472656
0.3353271484375 0.106475830078125 -0.0662078857421875 0.000469207763671893
0.324676513671875 0.13592529296875 -0.0972518920898438 0.00579071044921874
0.36236572265625 0.104095458984375 -0.089385986328125 0.0051727294921875
0.27569580078125 0.20892333984375 -0.104850769042969 -0.0533447265625
0.1212158203125 0.365203857421875 -0.1002197265625 -0.0983657836914062
-0.156341552734375 0.385162353515625 0.0240631103515625 -0.122062683105469
-0.4776611328125 0.12078857421875 0.138542175292969 -0.0741043090820312
-0.4830322265625 -0.143646240234375 0.109519958496094 0.0679702758789062
-0.394683837890625 -0.434112548828125 0.052886962890625 0.0949172973632812
-0.341339111328125 -0.3736572265625 -0.157135009765625 -0.3157958984375
-0.39776611328125 -0.181396484375 -0.1798095703125 -0.113067626953125
-0.435699462890625 0.0870666503906249 -0.0787734985351563 0.00940704345703125
-0.2159423828125 0.286102294921875 -0.0191497802734375 -0.0538330078125
-0.00784301757812502 0.329620361328125 -0.088775634765625 -0.0865478515625
0.203659057617188 0.216949462890625 -0.128448486328125 -0.0831298828125
0.272247314453125 0.10321044921875 -0.183578491210937 -0.0252685546875
0.2650146484375 0.127273559570312 -0.207107543945312 -0.00668334960937497
0.295867919921875 0.106048583984375 -0.2015380859375 -0.013824462890625
0.212631225585938 0.18365478515625 -0.187835693359375 -0.0927581787109375
0.079803466796875 0.3016357421875 -0.141403198242188 -0.138961791992188
-0.1409912109375 0.297515869140625 -0.00317382812500001 -0.152587890625
-0.386749267578125 0.0745239257812501 0.0986709594726562 -0.0767974853515625
-0.38311767578125 -0.125518798828125 0.00287628173828122 0.0418663024902344
-0.33544921875 -0.363616943359375 -0.0607795715332031 -0.0432777404785157
-0.253677368164063 -0.228073120117187 -0.258148193359375 -0.428955078125
-0.276657104492188 -0.092498779296875 -0.267578125 -0.160858154296875
-0.265899658203125 0.0699920654296875 -0.09454345703125 -0.00131225585937498
-0.121292114257813 0.179656982421875 -0.0338211059570313 -0.080780029296875
-0.0095672607421875 0.199188232421875 -0.101531982421875 -0.13018798828125
0.118911743164063 0.14471435546875 -0.18408203125 -0.124557495117187
0.166290283203125 0.0823516845703125 -0.270477294921875 -0.04498291015625
0.165069580078125 0.09820556640625 -0.28643798828125 -0.0181884765625
0.18438720703125 0.094329833984375 -0.28369140625 -0.0338134765624999
0.116592407226562 0.135017395019531 -0.237884521484375 -0.125595092773438
0.0228271484375 0.19573974609375 -0.15093994140625 -0.167266845703125
-0.111648559570313 0.165512084960938 -0.0129852294921875 -0.165817260742188
-0.241867065429688 0.0119781494140625 0.0671958923339844 -0.0679092407226563
-0.228118896484375 -0.093170166015625 -0.0771331787109375 0.0151824951171875
-0.224853515625 -0.242584228515625 -0.147720336914063 -0.154708862304688
-0.122230529785156 -0.0504913330078125 -0.3316650390625 -0.490509033203125
-0.11474609375 0.00611877441406248 -0.3343505859375 -0.1898193359375
-0.0625228881835938 0.0409049987792969 -0.112869262695313 -0.00424194335937499
-0.0155181884765625 0.0479011535644531 -0.0523452758789063 -0.080535888671875
-0.0129165649414063 0.0426368713378906 -0.0994110107421875 -0.140266418457031
0.0163116455078125 0.0526924133300781 -0.207183837890625 -0.138397216796875
0.0348968505859375 0.0502815246582031 -0.3125 -0.05401611328125
0.0402069091796875 0.0543289184570312 -0.321746826171875 -0.027191162109375
0.0475997924804687 0.0666770935058594 -0.323577880859375 -0.052337646484375
0.00997161865234374 0.0665397644042969 -0.250335693359375 -0.1483154296875
-0.0273704528808594 0.0676040649414063 -0.131927490234375 -0.181533813476563
-0.0586128234863281 0.0264244079589844 -0.00898742675781251 -0.16424560546875
-0.0711593627929688 -0.0311508178710937 0.0461807250976562 -0.0544242858886719
-0.0559959411621094 -0.0361251831054687 -0.120658874511719 -0.0109024047851563
-0.090789794921875 -0.0832901000976563 -0.195083618164062 -0.225006103515625
-0.0518035888671875 -0.125312805175781 0.262130737304688 0.214828491210937
-0.09539794921875 -0.0542831420898438 0.170333862304688 0.031219482421875
-0.110557556152344 0.0463790893554687 -0.0505561828613281 0.0263214111328125
-0.034332275390625 0.0955276489257813 -0.016571044921875 0.145889282226563
0.0585556030273437 0.083770751953125 0.0838775634765625 0.190689086914062
0.0919723510742187 0.00333404541015625 0.22686767578125 0.143585205078125
0.091705322265625 -0.0355453491210938 0.3243408203125 0.028594970703125
0.0860214233398438 -0.0121688842773438 0.311737060546875 0.0101318359375
0.09149169921875 -0.0271682739257812 0.309112548828125 0.03961181640625
0.0897140502929688 0.0318450927734375 0.2254638671875 0.112258911132813
0.041778564453125 0.0892715454101563 0.113365173339844 0.102462768554687
-0.0540008544921875 0.104728698730469 0.0940170288085938 0.0633316040039063
-0.115867614746094 0.00798797607421876 0.171615600585938 0.0292816162109375
-0.093505859375 -0.0626678466796875 0.352264404296875 0.145294189453125
-0.028411865234375 -0.101409912109375 0.36102294921875 0.509185791015625
-0.1959228515625 -0.272933959960938 0.230606079101563 0.183502197265625
-0.238601684570312 -0.130966186523438 0.155853271484375 0.0384063720703125
-0.278717041015625 0.0697021484375 -0.0470046997070313 0.0265235900878906
-0.12139892578125 0.201675415039063 -0.0186080932617188 0.119400024414063
0.0588836669921875 0.217666625976563 0.0471649169921875 0.171157836914063
0.184341430664063 0.087677001953125 0.18438720703125 0.132354736328125
0.216140747070312 -0.002838134765625 0.27349853515625 0.03521728515625
0.20916748046875 0.032073974609375 0.251007080078125 0.013671875
0.225997924804688 0.008148193359375 0.2528076171875 0.03460693359375
0.188751220703125 0.105865478515625 0.1759033203125 0.0793609619140625
0.0846405029296875 0.21600341796875 0.0775299072265625 0.0601043701171875
-0.107757568359375 0.24041748046875 0.0976638793945313 0.0219802856445313
-0.289276123046875 0.0545959472656251 0.193740844726562 -0.0012969970703125
-0.273086547851563 -0.11065673828125 0.353240966796875 0.132598876953125
-0.192672729492188 -0.255386352539063 0.3511962890625 0.459503173828125
-0.31268310546875 -0.389984130859375 0.162139892578125 0.101715087890625
-0.36236572265625 -0.19610595703125 0.106399536132812 0.0262680053710937
-0.42510986328125 0.08984375 -0.0466461181640625 0.0306549072265625
-0.201080322265625 0.293304443359375 -0.0142593383789063 0.0867691040039063
0.04888916015625 0.33154296875 0.0109634399414062 0.127952575683594
0.250869750976563 0.165939331054688 0.120620727539063 0.0980072021484375
0.307647705078125 0.03265380859375 0.183197021484375 0.0327911376953125
0.300262451171875 0.072357177734375 0.151779174804688 0.016693115234375
0.32781982421875 0.037933349609375 0.1583251953125 0.0267333984375
0.266357421875 0.15869140625 0.0960235595703125 0.0362930297851563
0.12823486328125 0.312774658203125 0.0243511199951172 0.00869560241699221
-0.1341552734375 0.354034423828125 0.08526611328125 -0.0292816162109375
-0.422210693359375 0.113189697265625 0.194351196289062 -0.0382232666015625
-0.42205810546875 -0.128265380859375 0.310211181640625 0.1092529296875
-0.334442138671875 -0.36688232421875 0.290496826171875 0.3594970703125
-0.388763427734375 -0.449310302734375 0.0634002685546875 -0.0220375061035156
-0.448944091796875 -0.227783203125 0.0246429443359375 -0.00575828552246095
-0.519317626953125 0.112762451171875 -0.0511894226074219 0.0335540771484375
-0.249053955078125 0.35595703125 -0.00949096679687502 0.0441322326660156
0.0379638671875 0.402496337890625 -0.0264892578125 0.0639686584472657
0.282989501953125 0.21966552734375 0.0383338928222656 0.0439071655273438
0.353118896484375 0.06427001953125 0.0640182495117188 0.0212135314941406
0.345245361328125 0.100799560546875 0.0294151306152344 0.0167999267578125
0.38006591796875 0.061431884765625 0.0375213623046875 0.0192031860351563
0.305084228515625 0.1868896484375 -0.00530624389648436 -0.00687885284423827
0.15545654296875 0.364013671875 -0.0422630310058594 -0.0434188842773437
-0.136444091796875 0.416473388671875 0.0552597045898437 -0.0814971923828125
-0.490936279296875 0.158203125 0.171539306640625 -0.0696563720703125
-0.5052490234375 -0.12359619140625 0.225311279296875 0.083465576171875
-0.422210693359375 -0.42059326171875 0.185653686523437 0.231689453125
-0.41180419921875 -0.4398193359375 -0.0549468994140625 -0.16717529296875
-0.472747802734375 -0.213836669921875 -0.0796890258789063 -0.0524215698242188
-0.52728271484375 0.1270751953125 -0.061614990234375 0.030029296875
-0.249176025390625 0.364959716796875 -0.0106954574584961 -0.00589561462402342
0.027862548828125 0.406097412109375 -0.0634307861328125 -0.0117416381835937
0.272811889648438 0.233856201171875 -0.0527572631835937 -0.0201950073242187
0.342681884765625 0.081695556640625 -0.0665817260742187 0.00336456298828126
0.337158203125 0.114349365234375 -0.0971527099609375 0.0144805908203125
0.370880126953125 0.076751708984375 -0.0906219482421875 0.0112152099609375
0.2906494140625 0.190093994140625 -0.10955810546875 -0.0454254150390625
0.147613525390625 0.3580322265625 -0.107078552246094 -0.0898818969726562
-0.13006591796875 0.401702880859375 0.0168838500976562 -0.124244689941406
-0.4764404296875 0.155059814453125 0.13189697265625 -0.0855865478515625
-0.495452880859375 -0.113861083984375 0.11419677734375 0.0624618530273438
-0.431182861328125 -0.413604736328125 0.0568313598632812 0.0919952392578125
-0.373382568359375 -0.353271484375 -0.177825927734375 -0.305908203125
-0.414825439453125 -0.157501220703125 -0.187103271484375 -0.101943969726563
-0.4349365234375 0.121124267578125 -0.0750503540039063 0.0188980102539063
-0.19696044921875 0.305145263671875 -0.020751953125 -0.0517234802246093
0.0177001953125 0.3341064453125 -0.0934371948242188 -0.0797882080078125
0.219314575195313 0.203582763671875 -0.135734558105469 -0.07763671875
0.279266357421875 0.08367919921875 -0.186767578125 -0.014007568359375
0.277206420898438 0.109283447265625 -0.210037231445312 0.00975036621093755
0.305419921875 0.0849609375 -0.205657958984375 0.001068115234375
0.225723266601562 0.169387817382813 -0.196380615234375 -0.08001708984375
0.10198974609375 0.2957763671875 -0.151092529296875 -0.128250122070312
-0.12078857421875 0.311859130859375 -0.013031005859375 -0.152328491210937
-0.388214111328125 0.103057861328125 0.0921173095703125 -0.0848312377929688
-0.39508056640625 -0.10198974609375 0.00550079345703122 0.0433578491210938
-0.36663818359375 -0.347747802734375 -0.066558837890625 -0.0382156372070313
-0.273971557617188 -0.2142333984375 -0.285675048828125 -0.4149169921875
-0.287261962890625 -0.075439453125 -0.279953002929687 -0.144210815429688
-0.2647705078125 0.0908355712890625 -0.0915145874023438 0.00731658935546875
-0.109619140625 0.189834594726563 -0.0374984741210938 -0.0784149169921875
0.00611877441406251 0.203140258789063 -0.109245300292969 -0.122688293457031
0.129905700683594 0.13812255859375 -0.194015502929688 -0.116058349609375
0.17242431640625 0.070892333984375 -0.276290893554688 -0.0269012451171875
0.17462158203125 0.086883544921875 -0.29095458984375 0.00308227539062497
0.193130493164063 0.080780029296875 -0.289947509765625 -0.011810302734375
0.126304626464844 0.127716064453125 -0.248794555664062 -0.110122680664062
0.0375213623046875 0.193740844726562 -0.162368774414063 -0.157119750976563
-0.100143432617188 0.176666259765625 -0.0244140625 -0.164825439453125
-0.245941162109375 0.031005859375 0.0619354248046875 -0.0732421875
-0.23681640625 -0.0800323486328125 -0.0764923095703125 0.0223617553710938
-0.246139526367188 -0.231765747070313 -0.161331176757813 -0.14398193359375
-0.128334045410156 -0.0445404052734375 -0.365142822265625 -0.4703369140625
-0.115715026855469 0.0137939453125 -0.348876953125 -0.168060302734375
-0.0612297058105469 0.0452079772949219 -0.111236572265625 0.00376129150390627
-0.0118331909179687 0.0492782592773437 -0.0573272705078125 -0.076080322265625
-0.00894927978515625 0.0454597473144531 -0.108558654785156 -0.133163452148438
0.0215911865234375 0.0534439086914063 -0.217758178710937 -0.12774658203125
0.0383758544921875 0.0474014282226563 -0.3204345703125 -0.0337524414062499
0.0455818176269531 0.0512237548828125 -0.328155517578125 -0.00277709960937497
0.0546836853027344 0.0634269714355469 -0.33154296875 -0.0276489257812501
0.0156021118164062 0.0662307739257812 -0.263519287109375 -0.132843017578125
-0.0212059020996094 0.069183349609375 -0.143997192382813 -0.1728515625
-0.056610107421875 0.0323448181152344 -0.020721435546875 -0.163467407226563
-0.0767974853515625 -0.0246200561523438 0.0424461364746094 -0.0583152770996094
-0.0603752136230469 -0.0336761474609375 -0.12164306640625 -0.001739501953125
-0.099456787109375 -0.0790786743164063 -0.2125244140625 -0.211883544921875
-0.0562896728515625 -0.120346069335937 0.270736694335938 0.199920654296875
-0.096466064453125 -0.0503692626953125 0.17181396484375 0.02215576171875
-0.107017517089844 0.050506591796875 -0.0481033325195313 0.03070068359375
-0.030609130859375 0.0961227416992188 -0.0101165771484375 0.143890380859375
0.0607376098632813 0.0784988403320313 0.09100341796875 0.184127807617188
0.0888290405273438 -0.0016632080078125 0.231338500976563 0.133880615234375
0.0876541137695313 -0.0390396118164063 0.324005126953125 0.01336669921875
0.0842208862304688 -0.0155105590820313 0.311920166015625 -0.0069580078125
0.0868988037109375 -0.0313873291015625 0.31085205078125 0.022216796875
0.0892410278320312 0.0266571044921875 0.231063842773438 0.102554321289063
0.0452499389648437 0.0860748291015625 0.115867614746094 0.0973587036132812
-0.04840087890625 0.106925964355469 0.0964126586914063 0.0569534301757813
-0.113578796386719 0.012176513671875 0.170883178710938 0.0196533203125
-0.094207763671875 -0.0565872192382813 0.35400390625 0.1260986328125
-0.0329513549804688 -0.0982437133789063 0.3802490234375 0.48516845703125
-0.206954956054688 -0.2603759765625 0.238174438476563 0.170822143554687
-0.242355346679687 -0.120574951171875 0.158096313476562 0.0294952392578125
-0.272933959960938 0.0833129882812501 -0.0431900024414063 0.0319404602050781
-0.112396240234375 0.205642700195312 -0.0125961303710937 0.11810302734375
0.0687408447265625 0.2109375 0.0543365478515625 0.16571044921875
0.183486938476563 0.0766754150390625 0.188201904296875 0.123870849609375
0.211135864257813 -0.0136566162109375 0.273818969726563 0.021392822265625
0.208786010742188 0.0220489501953125 0.251632690429688 0.001434326171875
0.221954345703125 -0.00384521484375 0.2548828125 0.0208282470703125
0.190475463867188 0.0955352783203125 0.180038452148438 0.07122802734375
0.0933380126953125 0.209991455078125 0.0785293579101563 0.0575027465820313
-0.09564208984375 0.24462890625 0.0988311767578125 0.0159454345703125
-0.284820556640625 0.066650390625 0.18994140625 -0.0114898681640625
-0.274658203125 -0.097412109375 0.3544921875 0.11444091796875
-0.203826904296875 -0.24456787109375 0.36651611328125 0.436920166015625
-0.329071044921875 -0.371002197265625 0.168304443359375 0.092864990234375
-0.368499755859375 -0.179229736328125 0.109031677246094 0.0196075439453125
-0.416717529296875 0.11138916015625 -0.0408859252929688 0.0370216369628906
-0.186065673828125 0.30023193359375 -0.00901794433593752 0.0854263305664063
0.06536865234375 0.32470703125 0.0170211791992187 0.125717163085938
0.252944946289063 0.150711059570313 0.123374938964844 0.0917892456054688
0.303466796875 0.017059326171875 0.183975219726563 0.0222320556640625
0.301605224609375 0.0577392578125 0.153533935546875 0.0090484619140625
0.324462890625 0.01971435546875 0.159347534179688 0.01788330078125
0.269775390625 0.143798828125 0.0981521606445313 0.0329666137695313
0.1412353515625 0.302978515625 0.0243568420410156 0.00915718078613283
-0.115570068359375 0.358673095703125 0.0842514038085937 -0.0338821411132812
-0.415252685546875 0.132110595703125 0.188705444335938 -0.0477294921875
-0.42401123046875 -0.10943603515625 0.311065673828125 0.094085693359375
-0.350616455078125 -0.349365234375 0.300933837890625 0.3424072265625
-0.408203125 -0.4268798828125 0.0647392272949218 -0.0248260498046875
-0.457611083984375 -0.20648193359375 0.0266227722167968 -0.00848388671875001
-0.50909423828125 0.14007568359375 -0.0446853637695313 0.0404129028320313
-0.23016357421875 0.365386962890625 -0.00579833984375001 0.0438003540039063
0.059326171875 0.396697998046875 -0.0221061706542969 0.0650978088378907
0.288482666015625 0.2022705078125 0.0385627746582031 0.0407638549804688
0.349884033203125 0.0450439453125 0.0654373168945313 0.0159912109375
0.34857177734375 0.083740234375 0.031524658203125 0.0159320831298828
0.37750244140625 0.039306640625 0.0384368896484375 0.0170516967773438
0.3095703125 0.1697998046875 -0.00448751449584959 -0.00498056411743163
0.17120361328125 0.352325439453125 -0.04364013671875 -0.0391197204589844
-0.114532470703125 0.421112060546875 0.05242919921875 -0.0836105346679687
-0.4814453125 0.18048095703125 0.164215087890625 -0.077301025390625
-0.50640869140625 -0.101470947265625 0.225631713867188 0.073638916015625
-0.441070556640625 -0.399139404296875 0.191574096679687 0.220748901367187
-0.4300537109375 -0.415496826171875 -0.0596160888671875 -0.162734985351563
-0.482147216796875 -0.191925048828125 -0.0789337158203125 -0.0496292114257813
-0.51922607421875 0.15399169921875 -0.0544853210449219 0.0363006591796875
-0.22967529296875 0.37408447265625 -0.00928592681884767 -0.00516605377197264
0.04937744140625 0.401702880859375 -0.061767578125 -0.0076942443847656
0.28045654296875 0.2181396484375 -0.0546836853027344 -0.0188484191894531
0.340850830078125 0.0635986328125 -0.0657234191894531 0.00497817993164062
0.342041015625 0.0968017578125 -0.0953216552734375 0.0201263427734375
0.37109375 0.055999755859375 -0.0898590087890625 0.0162582397460937
0.295684814453125 0.173675537109375 -0.111190795898437 -0.0390777587890625
0.164093017578125 0.34600830078125 -0.109619140625 -0.0821304321289062
-0.10931396484375 0.406951904296875 0.0120925903320312 -0.123802185058594
-0.468475341796875 0.17803955078125 0.124420166015625 -0.0908432006835937
-0.497314453125 -0.0929260253906249 0.11541748046875 0.05828857421875
-0.45098876953125 -0.39093017578125 0.0584945678710937 0.0894088745117187
-0.38824462890625 -0.33526611328125 -0.187591552734375 -0.29522705078125
-0.42181396484375 -0.13885498046875 -0.18939208984375 -0.09375
-0.428009033203125 0.143218994140625 -0.0690193176269532 0.0244331359863281
-0.181671142578125 0.312347412109375 -0.021331787109375 -0.0497512817382812
0.03594970703125 0.331329345703125 -0.0942001342773438 -0.0736160278320313
0.2261962890625 0.191207885742187 -0.139549255371094 -0.0731353759765625
0.279312133789063 0.06915283203125 -0.187103271484375 -0.00633239746093751
0.281890869140625 0.09490966796875 -0.208084106445312 0.0215606689453125
0.306396484375 0.067779541015625 -0.205001831054687 0.0130157470703125
0.231231689453125 0.157150268554688 -0.198638916015625 -0.0698089599609375
0.1162109375 0.286956787109375 -0.154434204101562 -0.118484497070312
-0.104400634765625 0.317108154296875 -0.018890380859375 -0.149932861328125
-0.384002685546875 0.123077392578125 0.0850296020507812 -0.0881271362304687
-0.397064208984375 -0.086212158203125 0.00728607177734373 0.0443344116210938
-0.3828125 -0.32940673828125 -0.0694961547851563 -0.0333442687988281
-0.283843994140625 -0.201629638671875 -0.300079345703125 -0.395599365234375
-0.28936767578125 -0.06231689453125 -0.28399658203125 -0.130615234375
-0.260574340820313 0.103790283203125 -0.087066650390625 0.0119552612304688
-0.100189208984375 0.193191528320313 -0.0391311645507813 -0.0745697021484375
0.0174560546875 0.202117919921875 -0.112174987792969 -0.115371704101562
0.136131286621094 0.131423950195313 -0.198699951171875 -0.108642578125
0.17327880859375 0.0611114501953125 -0.277175903320313 -0.014617919921875
0.179092407226563 0.0775604248046875 -0.289947509765625 0.019195556640625
0.195770263671875 0.06927490234375 -0.28955078125 0.004547119140625
0.131240844726563 0.120742797851563 -0.253005981445313 -0.096893310546875
0.04705810546875 0.189346313476563 -0.166702270507813 -0.146759033203125
-0.0897674560546875 0.181716918945313 -0.031524658203125 -0.16107177734375
-0.245147705078125 0.0449066162109375 0.0559921264648437 -0.0753326416015625
-0.2391357421875 -0.0707244873046876 -0.0743408203125 0.0277023315429688
-0.258071899414062 -0.220352172851563 -0.166580200195313 -0.133407592773437
-0.130271911621094 -0.0396881103515625 -0.38189697265625 -0.44879150390625
-0.11395263671875 0.0184249877929687 -0.35394287109375 -0.149627685546875
-0.0599937438964844 0.0484161376953125 -0.108039855957031 0.00720214843749998
-0.00917816162109375 0.0488662719726563 -0.058013916015625 -0.0721511840820313
-0.00582504272460938 0.0468101501464844 -0.112129211425781 -0.126182556152344
0.024688720703125 0.0532073974609375 -0.223281860351563 -0.119674682617188
0.0404548645019531 0.0454216003417969 -0.32196044921875 -0.01812744140625
0.0480117797851562 0.0481834411621094 -0.3280029296875 0.014495849609375
0.0584640502929688 0.0595130920410156 -0.331512451171875 -0.00854492187499998
0.0189895629882812 0.0648956298828125 -0.268524169921875 -0.11846923828125
-0.0170440673828125 0.0692214965820313 -0.149795532226563 -0.164627075195312
-0.0531272888183594 0.0363693237304688 -0.028289794921875 -0.159255981445312
-0.078887939453125 -0.0186004638671875 0.0382118225097656 -0.059112548828125
-0.0635528564453125 -0.0315704345703125 -0.120109558105469 0.00599670410156248
-0.104583740234375 -0.0753631591796875 -0.220611572265625 -0.197982788085938
-0.0579071044921875 -0.117660522460937 0.274932861328125 0.193588256835938
-0.09686279296875 -0.048126220703125 0.173446655273438 0.0176239013671875
-0.10491943359375 0.05267333984375 -0.0451278686523438 0.0333442687988281
-0.0287017822265625 0.0963134765625 -0.00708007812499999 0.142242431640625
0.0615997314453125 0.0756759643554688 0.092559814453125 0.180892944335938
0.0856857299804688 -0.00421905517578125 0.23406982421875 0.13006591796875
0.0846633911132813 -0.0404891967773437 0.324462890625 0.00482177734375
0.0832595825195312 -0.0171051025390625 0.313262939453125 -0.015716552734375
0.0836639404296875 -0.03338623046875 0.31268310546875 0.013092041015625
0.088714599609375 0.0236434936523437 0.23431396484375 0.0976715087890625
0.0466537475585938 0.0845718383789063 0.116889953613281 0.0954666137695313
-0.0451889038085938 0.107994079589844 0.0974044799804687 0.0529251098632813
-0.112716674804688 0.01361083984375 0.170028686523438 0.01483154296875
-0.0939865112304687 -0.0539474487304687 0.354156494140625 0.116241455078125
-0.0352630615234375 -0.0956344604492188 0.38525390625 0.473846435546875
-0.210830688476563 -0.25372314453125 0.242706298828125 0.164276123046875
-0.244598388671875 -0.1153564453125 0.16082763671875 0.0246734619140625
-0.268890380859375 0.0898437499999999 -0.0392074584960938 0.0350875854492188
-0.107254028320313 0.2081298828125 -0.00965118408203125 0.116905212402344
0.0735015869140625 0.206985473632813 0.0572662353515625 0.163864135742187
0.181716918945312 0.0710296630859375 0.19012451171875 0.120880126953125
0.207809448242188 -0.017852783203125 0.275726318359375 0.01324462890625
0.209243774414062 0.0172882080078125 0.253875732421875 -0.0059051513671875
0.218154907226562 -0.00958251953125 0.256317138671875 0.013153076171875
0.190353393554687 0.0898284912109375 0.183074951171875 0.0682525634765625
0.09796142578125 0.2064208984375 0.0787582397460937 0.05743408203125
-0.088592529296875 0.247177124023438 0.099090576171875 0.0126876831054688
-0.28387451171875 0.07281494140625 0.187744140625 -0.016815185546875
-0.27587890625 -0.0922088623046874 0.353759765625 0.10601806640625
-0.210281372070312 -0.238861083984375 0.37127685546875 0.426483154296875
-0.33551025390625 -0.358673095703125 0.171905517578125 0.08807373046875
-0.37286376953125 -0.172454833984375 0.111824035644531 0.0148773193359375
-0.412353515625 0.122894287109375 -0.0357704162597657 0.0409393310546875
-0.178070068359375 0.30377197265625 -0.00595092773437501 0.084716796875
0.073333740234375 0.32049560546875 0.0199203491210938 0.1243896484375
0.252365112304688 0.142868041992188 0.123878479003906 0.0893707275390625
0.30035400390625 0.00927734375 0.185150146484375 0.016265869140625
0.3031005859375 0.050140380859375 0.15484619140625 0.0052032470703125
0.321533203125 0.011322021484375 0.161026000976563 0.0133056640625
0.270919799804688 0.136993408203125 0.100692749023438 0.0315399169921875
0.14776611328125 0.298431396484375 0.0241432189941406 0.0110645294189453
-0.106048583984375 0.362152099609375 0.0843124389648438 -0.0367813110351562
-0.413787841796875 0.142578125 0.185012817382813 -0.0518646240234375
-0.42413330078125 -0.101470947265625 0.311248779296875 0.086944580078125
-0.361114501953125 -0.340728759765625 0.30450439453125 0.334747314453125
-0.417877197265625 -0.41534423828125 0.0659523010253906 -0.0267448425292969
-0.463226318359375 -0.1964111328125 0.0282859802246094 -0.0112972259521485
-0.5048828125 0.155059814453125 -0.0381126403808594 0.0445671081542969
-0.220489501953125 0.370086669921875 -0.00334548950195314 0.0438423156738281
0.07012939453125 0.393585205078125 -0.0191154479980469 0.0653343200683594
0.2896728515625 0.193328857421875 0.0385246276855469 0.0397148132324219
0.34735107421875 0.036468505859375 0.0657997131347657 0.0129814147949219
0.351806640625 0.07525634765625 0.0334014892578125 0.0155124664306641
0.375244140625 0.02911376953125 0.0394477844238282 0.015960693359375
0.311187744140625 0.161346435546875 -0.00361847877502439 -0.0039379596710205
0.177947998046875 0.34613037109375 -0.0439033508300781 -0.0359077453613281
-0.10400390625 0.4246826171875 0.0512771606445312 -0.0847396850585937
-0.480224609375 0.191680908203125 0.159286499023437 -0.07989501953125
-0.507720947265625 -0.092041015625 0.226165771484375 0.06903076171875
-0.450897216796875 -0.38946533203125 0.193603515625 0.21600341796875
-0.44024658203125 -0.403656005859375 -0.06085205078125 -0.1612548828125
-0.486541748046875 -0.181732177734375 -0.0787506103515625 -0.0494918823242188
-0.515045166015625 0.170196533203125 -0.0487289428710938 0.0400924682617188
-0.220489501953125 0.37939453125 -0.00774335861206056 -0.00439691543579099
0.0611572265625 0.399505615234375 -0.0598526000976562 -0.00563430786132809
0.2828369140625 0.209320068359375 -0.0568046569824219 -0.0187721252441406
0.3397216796875 0.054962158203125 -0.06591796875 0.00533294677734377
0.345703125 0.0885009765625 -0.0937957763671875 0.0235443115234375
0.369903564453125 0.045501708984375 -0.08892822265625 0.0198974609375
0.297332763671875 0.165313720703125 -0.111236572265625 -0.0349502563476563
0.17132568359375 0.3397216796875 -0.110404968261719 -0.0771942138671875
-0.0987854003906249 0.410125732421875 0.0106201171875 -0.123458862304687
-0.4674072265625 0.1915283203125 0.11968994140625 -0.0924224853515625
-0.499053955078125 -0.0838317871093751 0.1160888671875 0.0568389892578125
-0.461883544921875 -0.38397216796875 0.0583114624023437 0.0892486572265625
-0.395904541015625 -0.325836181640625 -0.19171142578125 -0.29010009765625
-0.426177978515625 -0.131195068359375 -0.189788818359375 -0.090240478515625
-0.424163818359375 0.1552734375 -0.0639724731445313 0.0275497436523438
-0.173736572265625 0.316162109375 -0.0205612182617188 -0.048736572265625
0.046051025390625 0.330596923828125 -0.093780517578125 -0.0707473754882812
0.23004150390625 0.184890747070313 -0.1424560546875 -0.07171630859375
0.278793334960938 0.061676025390625 -0.187835693359375 -0.00236511230468751
0.28546142578125 0.087677001953125 -0.207061767578125 0.0277099609375
0.306396484375 0.0577392578125 -0.204071044921875 0.019989013671875
0.232711791992188 0.150588989257813 -0.200729370117188 -0.0633087158203124
0.1224365234375 0.2822265625 -0.155227661132813 -0.113235473632812
-0.09552001953125 0.320587158203125 -0.0217742919921875 -0.1484375
-0.3824462890625 0.134063720703125 0.0808258056640625 -0.0887908935546875
-0.398956298828125 -0.078857421875 0.00904464721679685 0.0460090637207031
-0.392425537109375 -0.32159423828125 -0.0710601806640625 -0.0301361083984375
-0.28857421875 -0.1954345703125 -0.306793212890625 -0.38714599609375
-0.291473388671875 -0.0576171875 -0.2860107421875 -0.12396240234375
-0.258651733398437 0.11114501953125 -0.0840682983398438 0.0133209228515625
-0.0955810546875 0.195999145507813 -0.039093017578125 -0.0731048583984375
0.023468017578125 0.201751708984375 -0.112335205078125 -0.112220764160156
0.139419555664063 0.127586364746094 -0.202835083007813 -0.106704711914062
0.17364501953125 0.0572967529296875 -0.279571533203125 -0.00828552246093754
0.182342529296875 0.0733642578125 -0.290069580078125 0.0283508300781251
0.1978759765625 0.063232421875 -0.28936767578125 0.013519287109375
0.133232116699219 0.1165771484375 -0.256118774414063 -0.0896759033203125
0.0522003173828125 0.186874389648438 -0.168182373046875 -0.14190673828125
-0.0841217041015625 0.184494018554688 -0.034576416015625 -0.158523559570313
-0.246017456054688 0.052581787109375 0.0531539916992187 -0.0753326416015625
-0.242156982421875 -0.066680908203125 -0.0728988647460938 0.0309371948242187
-0.265380859375 -0.214553833007813 -0.169509887695313 -0.127243041992187
-0.132194519042969 -0.0384521484375 -0.38787841796875 -0.437774658203125
-0.113754272460937 0.0202407836914062 -0.356231689453125 -0.141448974609375
-0.060302734375 0.0492286682128906 -0.106307983398438 0.00849151611328124
-0.00870895385742187 0.0487785339355469 -0.0583992004394531 -0.0701141357421875
-0.00417327880859375 0.0478935241699219 -0.111930847167969 -0.122779846191406
0.0272979736328125 0.0533370971679688 -0.226760864257813 -0.116500854492187
0.0421943664550781 0.0447196960449219 -0.32403564453125 -0.00946044921875001
0.0500297546386719 0.047210693359375 -0.3284912109375 0.0247192382812501
0.0612564086914062 0.0574531555175781 -0.33172607421875 0.00143432617187507
0.0212211608886719 0.064361572265625 -0.272064208984375 -0.111160278320312
-0.0142250061035156 0.0688018798828125 -0.151199340820313 -0.160476684570312
-0.0521125793457031 0.0381698608398438 -0.0314788818359375 -0.157089233398438
-0.08062744140625 -0.0142288208007812 0.035552978515625 -0.0591239929199219
-0.0655670166015625 -0.031097412109375 -0.118827819824219 0.0102462768554687
-0.10809326171875 -0.0737533569335937 -0.223419189453125 -0.190567016601562
-0.0593948364257813 -0.117919921875 0.281951904296875 0.194580078125
-0.0986480712890625 -0.0470657348632812 0.179000854492188 0.0147247314453125
-0.105316162109375 0.0550003051757813 -0.0428695678710938 0.0358924865722656
-0.0281524658203125 0.098297119140625 -0.00578308105468751 0.143890380859375
0.0627288818359375 0.0745086669921875 0.094268798828125 0.183303833007812
0.0851058959960938 -0.0056915283203125 0.239852905273438 0.131576538085938
0.0837554931640625 -0.0416412353515625 0.33282470703125 0.000152587890624997
0.0844268798828125 -0.0181961059570313 0.32159423828125 -0.021514892578125
0.0829086303710938 -0.0345916748046875 0.3209228515625 0.007720947265625
0.089019775390625 0.0227890014648438 0.242630004882813 0.0974273681640625
0.0485687255859375 0.0851593017578125 0.119178771972656 0.097625732421875
-0.0442276000976562 0.11114501953125 0.099578857421875 0.0515518188476563
-0.114707946777344 0.0139617919921875 0.172698974609375 0.0113067626953125
-0.095611572265625 -0.0526885986328125 0.35931396484375 0.11383056640625
-0.0372314453125 -0.0960159301757813 0.392486572265625 0.47607421875
-0.216629028320312 -0.253616333007813 0.24981689453125 0.16448974609375
-0.250228881835938 -0.11566162109375 0.165756225585937 0.02130126953125
-0.271926879882813 0.095672607421875 -0.0352859497070313 0.0379714965820313
-0.1068115234375 0.212875366210938 -0.00811004638671875 0.118499755859375
0.076995849609375 0.208602905273437 0.058746337890625 0.165878295898438
0.182785034179688 0.0693359375 0.19549560546875 0.122589111328125
0.208877563476563 -0.0207061767578125 0.281951904296875 0.008758544921875
0.21453857421875 0.0153656005859375 0.2608642578125 -0.010284423828125
0.22003173828125 -0.0123291015625 0.263748168945313 0.0084381103515625
0.19390869140625 0.0886077880859375 0.18975830078125 0.0681915283203125
0.101211547851563 0.208831787109375 0.0808334350585938 0.0598297119140625
-0.0872039794921875 0.254058837890625 0.101760864257813 0.0102996826171875
-0.289947509765625 0.077239990234375 0.189468383789062 -0.019805908203125
-0.28094482421875 -0.09130859375 0.359649658203125 0.103851318359375
-0.218582153320313 -0.241195678710938 0.379150390625 0.430419921875
-0.3455810546875 -0.361480712890625 0.177215576171875 0.0873870849609375
-0.381927490234375 -0.171234130859375 0.115768432617187 0.0117340087890625
-0.417266845703125 0.13165283203125 -0.0307540893554688 0.0441551208496094
-0.1778564453125 0.311798095703125 -0.00435638427734377 0.0855484008789063
0.080047607421875 0.32415771484375 0.0217437744140625 0.127227783203125
0.256011962890625 0.14111328125 0.127372741699219 0.09130859375
0.3033447265625 0.006011962890625 0.189559936523438 0.012451171875
0.31182861328125 0.046722412109375 0.160812377929688 0.0022430419921875
0.32568359375 0.00640869140625 0.16595458984375 0.0110626220703125
0.275497436523438 0.134841918945313 0.10455322265625 0.0316543579101563
0.15374755859375 0.301483154296875 0.0250988006591797 0.0130577087402344
-0.102935791015625 0.371795654296875 0.0870208740234375 -0.039398193359375
-0.42193603515625 0.1512451171875 0.185821533203125 -0.0548248291015625
-0.433624267578125 -0.1002197265625 0.3162841796875 0.08502197265625
-0.37420654296875 -0.34381103515625 0.31005859375 0.33721923828125
-0.429534912109375 -0.416229248046875 0.0687103271484375 -0.0280227661132813
-0.47515869140625 -0.195526123046875 0.0301532745361328 -0.0141239166259766
-0.512237548828125 0.16558837890625 -0.033294677734375 0.0474128723144531
-0.219696044921875 0.380157470703125 -0.00194931030273439 0.0442428588867188
0.077880859375 0.399200439453125 -0.0179214477539062 0.0673370361328125
0.29498291015625 0.19329833984375 0.0389518737792969 0.0403556823730469
0.351959228515625 0.031829833984375 0.0674285888671875 0.0103378295898438
0.362274169921875 0.071533203125 0.0355606079101563 0.0152969360351563
0.380706787109375 0.024078369140625 0.0421562194824219 0.0160942077636719
0.317901611328125 0.15997314453125 -0.00258874893188475 -0.00297188758850097
0.186004638671875 0.34979248046875 -0.0445404052734375 -0.0335197448730469
-0.0989990234375 0.436431884765625 0.053314208984375 -0.0878753662109375
-0.489898681640625 0.203765869140625 0.159317016601562 -0.082611083984375
-0.519134521484375 -0.0899353027343751 0.23040771484375 0.068756103515625
-0.468109130859375 -0.39337158203125 0.19635009765625 0.21917724609375
-0.452484130859375 -0.40765380859375 -0.0615386962890625 -0.163543701171875
-0.50030517578125 -0.181365966796875 -0.0799484252929688 -0.0509414672851563
-0.522247314453125 0.181915283203125 -0.0439262390136719 0.0425796508789063
-0.21954345703125 0.389862060546875 -0.00651884078979493 -0.00445318222045896
0.069122314453125 0.40655517578125 -0.0591812133789063 -0.00439453124999997
0.289093017578125 0.209716796875 -0.0593147277832031 -0.01873779296875
0.3450927734375 0.051544189453125 -0.0676612854003906 0.00528717041015626
0.356842041015625 0.08563232421875 -0.0942459106445313 0.0262680053710938
0.37664794921875 0.04022216796875 -0.08905029296875 0.0229568481445313
0.303863525390625 0.16455078125 -0.112953186035156 -0.03375244140625
0.17803955078125 0.342803955078125 -0.112205505371094 -0.0757064819335937
-0.094390869140625 0.42041015625 0.0112762451171875 -0.126068115234375
-0.4761962890625 0.204315185546875 0.118537902832031 -0.0941925048828125
-0.510009765625 -0.0823364257812501 0.118606567382812 0.0581207275390625
-0.478240966796875 -0.386138916015625 0.0591201782226562 0.0915756225585937
-0.40789794921875 -0.328582763671875 -0.1961669921875 -0.292449951171875
-0.4385986328125 -0.130279541015625 -0.195205688476563 -0.0906524658203125
-0.4320068359375 0.165802001953125 -0.0614700317382813 0.0286140441894531
-0.173675537109375 0.325653076171875 -0.0202674865722656 -0.0487327575683594
0.052764892578125 0.3369140625 -0.0936965942382813 -0.0701675415039062
0.2354736328125 0.186309814453125 -0.147628784179687 -0.072509765625
0.2843017578125 0.059539794921875 -0.192855834960937 -0.000442504882812481
0.294921875 0.085845947265625 -0.211181640625 0.0327911376953125
0.31298828125 0.053924560546875 -0.207351684570312 0.024810791015625
0.238510131835938 0.150283813476563 -0.205108642578125 -0.0608062744140625
0.12811279296875 0.285003662109375 -0.158370971679688 -0.112213134765625
-0.092193603515625 0.329132080078125 -0.021820068359375 -0.150558471679687
-0.390655517578125 0.144989013671875 0.0799179077148437 -0.0898666381835938
-0.408966064453125 -0.0776977539062499 0.0097389221191406 0.0489349365234375
-0.408111572265625 -0.325286865234375 -0.0726165771484375 -0.0283737182617188
-0.296844482421875 -0.197662353515625 -0.314544677734375 -0.392547607421875
-0.299102783203125 -0.056365966796875 -0.293670654296875 -0.123443603515625
-0.263519287109375 0.117401123046875 -0.083282470703125 0.0135421752929688
-0.095062255859375 0.1998291015625 -0.039337158203125 -0.07391357421875
0.0279083251953125 0.20721435546875 -0.112777709960937 -0.112838745117188
0.143707275390625 0.129135131835938 -0.209640502929688 -0.1082763671875
0.17779541015625 0.0561676025390625 -0.287078857421875 -0.00378417968750001
0.188751220703125 0.07220458984375 -0.295745849609375 0.03466796875
0.202926635742187 0.0614166259765625 -0.294769287109375 0.0203857421875
0.13702392578125 0.11688232421875 -0.26263427734375 -0.087371826171875
0.0559234619140625 0.188674926757813 -0.171661376953125 -0.141983032226562
-0.082489013671875 0.190597534179688 -0.0358428955078125 -0.160324096679687
-0.251739501953125 0.0600128173828125 0.0516891479492187 -0.075897216796875
-0.248779296875 -0.066253662109375 -0.0729904174804688 0.0347366333007812
-0.2763671875 -0.217071533203125 -0.1729736328125 -0.12664794921875
-0.135368347167969 -0.0394973754882813 -0.396942138671875 -0.442657470703125
-0.115966796875 0.020599365234375 -0.365142822265625 -0.139892578125
-0.0622444152832031 0.0508003234863281 -0.108406066894531 0.00781249999999998
-0.00908660888671875 0.0492286682128906 -0.0591506958007813 -0.0702743530273438
-0.00297927856445313 0.0504112243652344 -0.112892150878906 -0.125137329101563
0.0299873352050781 0.05511474609375 -0.234207153320313 -0.119125366210937
0.0440597534179688 0.0447731018066406 -0.333709716796875 -0.004302978515625
0.0530471801757813 0.0476341247558594 -0.336639404296875 0.0315856933593751
0.0647697448730469 0.0572547912597656 -0.338104248046875 0.00878906250000005
0.0225448608398438 0.0654449462890625 -0.279708862304688 -0.108856201171875
-0.0132369995117188 0.0704345703125 -0.155166625976563 -0.161422729492188
-0.0508155822753906 0.0407600402832031 -0.0336761474609375 -0.15771484375
-0.0840835571289063 -0.0107345581054687 0.0352668762207031 -0.0595741271972656
-0.0693588256835938 -0.0312347412109375 -0.1195068359375 0.0137786865234375
-0.113189697265625 -0.0743026733398438 -0.228103637695313 -0.190872192382812
-0.0638427734375 -0.120529174804687 0.2987060546875 0.196929931640625
-0.102912902832031 -0.0464248657226562 0.189117431640625 0.0093231201171875
-0.106834411621094 0.0595550537109375 -0.0415802001953125 0.038726806640625
-0.0272903442382812 0.102569580078125 -0.00276184082031251 0.149185180664063
0.0663681030273438 0.0752029418945313 0.101089477539063 0.189697265625
0.0864028930664063 -0.007965087890625 0.254974365234375 0.13397216796875
0.08489990234375 -0.0445327758789063 0.3487548828125 -0.009765625
0.08740234375 -0.0211868286132813 0.3377685546875 -0.0323486328125
0.083282470703125 -0.0376968383789062 0.337158203125 -0.001312255859375
0.09259033203125 0.02117919921875 0.257247924804688 0.096466064453125
0.0519790649414062 0.08770751953125 0.12591552734375 0.101089477539063
-0.0431976318359375 0.117042541503906 0.10516357421875 0.05029296875
-0.119834899902344 0.0161209106445312 0.179290771484375 0.006439208984375
-0.0991897583007813 -0.0521087646484375 0.37451171875 0.110748291015625
-0.0410614013671875 -0.0984573364257813 0.415679931640625 0.48858642578125
-0.2303466796875 -0.259429931640625 0.264404296875 0.166168212890625
-0.263290405273438 -0.114822387695313 0.175094604492187 0.01580810546875
-0.280166625976563 0.106582641601562 -0.0318336486816406 0.0409088134765625
-0.1063232421875 0.22418212890625 -0.00579833984375001 0.122428894042969
0.0850067138671875 0.214065551757813 0.06365966796875 0.172332763671875
0.1893310546875 0.068023681640625 0.20703125 0.12554931640625
0.21514892578125 -0.025604248046875 0.2955322265625 0.000457763671874998
0.22454833984375 0.0110931396484375 0.274612426757813 -0.0194549560546875
0.227203369140625 -0.0178985595703125 0.27801513671875 0.000839233398437499
0.2025146484375 0.0877685546875 0.202407836914063 0.0667266845703125
0.110061645507812 0.2152099609375 0.0854873657226563 0.0632858276367188
-0.084930419921875 0.268585205078125 0.107208251953125 0.00666809082031252
-0.30242919921875 0.0875854492187499 0.19573974609375 -0.0253753662109375
-0.294921875 -0.089752197265625 0.375244140625 0.10009765625
-0.234451293945313 -0.24627685546875 0.399749755859375 0.44097900390625
-0.366943359375 -0.3681640625 0.188079833984375 0.086944580078125
-0.403076171875 -0.171234130859375 0.122421264648437 0.00717163085937499
-0.430328369140625 0.147857666015625 -0.0258598327636719 0.0474891662597656
-0.17767333984375 0.328582763671875 -0.00164031982421875 0.0891571044921875
0.09185791015625 0.334930419921875 0.025390625 0.132766723632813
0.267578125 0.141448974609375 0.134521484375 0.0937347412109375
0.314361572265625 6.103515625E-05 0.199447631835938 0.006378173828125
0.32818603515625 0.0416259765625 0.169937133789063 -0.0023651123046875
0.338043212890625 -0.000885009765625 0.17626953125 0.006744384765625
0.28948974609375 0.1348876953125 0.111991882324219 0.0312652587890625
0.166778564453125 0.310546875 0.0264873504638672 0.0158443450927735
-0.099029541015625 0.39215087890625 0.09130859375 -0.044189453125
-0.43902587890625 0.169464111328125 0.191085815429687 -0.060211181640625
-0.454681396484375 -0.0968933105468749 0.329803466796875 0.082366943359375
-0.39947509765625 -0.3505859375 0.327362060546875 0.347259521484375
-0.455413818359375 -0.42474365234375 0.0728759765625 -0.03070068359375
-0.502532958984375 -0.193634033203125 0.0326786041259765 -0.0174808502197266
-0.529052734375 0.1876220703125 -0.0284576416015625 0.0507431030273438
-0.22027587890625 0.40118408203125 0.000347137451171862 0.0463485717773438
0.0928955078125 0.414093017578125 -0.0160598754882812 0.0710906982421875
0.309478759765625 0.194091796875 0.0407142639160156 0.0417251586914063
0.36578369140625 0.025238037109375 0.07073974609375 0.00731658935546875
0.382965087890625 0.066009521484375 0.03985595703125 0.0152397155761719
0.397247314453125 0.016265869140625 0.0466880798339844 0.01580810546875
0.33306884765625 0.159759521484375 -0.00126028060913084 -0.0025649070739746
0.200927734375 0.35986328125 -0.0462913513183594 -0.0313949584960937
-0.09320068359375 0.458831787109375 0.0557098388671875 -0.0941390991210937
-0.50897216796875 0.227081298828125 0.162612915039063 -0.0875701904296875
-0.544219970703125 -0.0859069824218749 0.24078369140625 0.068145751953125
-0.500579833984375 -0.40118408203125 0.207260131835937 0.226165771484375
-0.48046875 -0.415008544921875 -0.066497802734375 -0.169189453125
-0.52850341796875 -0.179962158203125 -0.0840606689453125 -0.0530853271484375
-0.54150390625 0.204498291015625 -0.0405693054199219 0.0460052490234375
-0.220123291015625 0.412261962890625 -0.00559663772583009 -0.00414896011352536
0.08306884765625 0.42340087890625 -0.0601081848144531 -0.00292968749999997
0.30462646484375 0.21258544921875 -0.062896728515625 -0.0185279846191406
0.359710693359375 0.04534912109375 -0.0705490112304687 0.00587463378906251
0.37762451171875 0.080474853515625 -0.0970077514648437 0.0305862426757812
0.393310546875 0.03265380859375 -0.0909957885742187 0.0271759033203125
0.319244384765625 0.164825439453125 -0.118087768554687 -0.031341552734375
0.194122314453125 0.3533935546875 -0.1173095703125 -0.0745391845703125
-0.08807373046875 0.44207763671875 0.0109100341796875 -0.132522583007812
-0.4947509765625 0.22735595703125 0.120330810546875 -0.0984115600585937
-0.534912109375 -0.0771789550781249 0.125129699707031 0.0597915649414063
-0.51104736328125 -0.392730712890625 0.0624313354492187 0.09625244140625
-0.4329833984375 -0.33575439453125 -0.209014892578125 -0.3006591796875
-0.461578369140625 -0.12762451171875 -0.205307006835938 -0.0915679931640625
-0.44866943359375 0.184722900390625 -0.0602569580078125 0.0315322875976563
-0.173797607421875 0.34454345703125 -0.020660400390625 -0.0498199462890625
0.064849853515625 0.351715087890625 -0.0972137451171875 -0.0718154907226562
0.249908447265625 0.188796997070313 -0.157684326171875 -0.0737152099609375
0.297332763671875 0.0556640625 -0.202713012695312 0.00367736816406248
0.313720703125 0.081787109375 -0.2197265625 0.0416717529296875
0.32867431640625 0.04888916015625 -0.215606689453125 0.0334625244140625
0.251373291015625 0.1514892578125 -0.2164306640625 -0.05780029296875
0.140594482421875 0.29400634765625 -0.16632080078125 -0.111801147460937
-0.08782958984375 0.34649658203125 -0.0245361328125 -0.156585693359375
-0.4072265625 0.16278076171875 0.0797576904296875 -0.0934524536132812
-0.4296875 -0.07403564453125 0.0128211975097656 0.0527610778808594
-0.43658447265625 -0.330413818359375 -0.0761032104492188 -0.02655029296875
-0.314300537109375 -0.20086669921875 -0.333831787109375 -0.40130615234375
-0.314971923828125 -0.0545349121093751 -0.309234619140625 -0.12322998046875
-0.274795532226563 0.12969970703125 -0.0853424072265625 0.015411376953125
-0.095794677734375 0.211746215820313 -0.0419387817382813 -0.0752105712890625
0.0353240966796875 0.217147827148437 -0.118263244628906 -0.116378784179687
0.153396606445312 0.132415771484375 -0.223007202148437 -0.11016845703125
0.186386108398438 0.0540313720703125 -0.300750732421875 0.00372314453124995
0.201370239257812 0.0709228515625 -0.3087158203125 0.045562744140625
0.214462280273437 0.059326171875 -0.306793212890625 0.031036376953125
0.14544677734375 0.119842529296875 -0.27728271484375 -0.0841827392578125
0.062713623046875 0.195297241210938 -0.180831909179687 -0.14398193359375
-0.0803680419921875 0.201095581054688 -0.0400390625 -0.16552734375
-0.263046264648438 0.0710296630859375 0.0513687133789062 -0.078460693359375
-0.262893676757813 -0.064666748046875 -0.0734939575195313 0.03948974609375
-0.295562744140625 -0.22064208984375 -0.181350708007813 -0.1270751953125
-0.142501831054688 -0.0403594970703125 -0.4219970703125 -0.450836181640625
-0.120941162109375 0.0227584838867187 -0.38482666015625 -0.13800048828125
-0.0659713745117188 0.0543022155761719 -0.113265991210938 0.00906372070312498
-0.00915145874023438 0.0513153076171875 -0.0626602172851563 -0.0713653564453125
-0.00136566162109375 0.0543098449707031 -0.118499755859375 -0.129203796386719
0.0342750549316406 0.0577430725097656 -0.248916625976563 -0.121551513671875
0.0475921630859375 0.045654296875 -0.350189208984375 0.00503540039062505
0.0585098266601563 0.0490226745605469 -0.3519287109375 0.043975830078125
0.0703048706054688 0.0586700439453125 -0.35357666015625 0.01971435546875
0.0256576538085938 0.0677375793457031 -0.29510498046875 -0.1065673828125
-0.0110626220703125 0.0733718872070312 -0.164047241210937 -0.1654052734375
-0.0518684387207031 0.0440292358398438 -0.0383453369140625 -0.16217041015625
-0.0886611938476563 -0.00696563720703124 0.0350494384765625 -0.0607414245605469
-0.0748138427734375 -0.0314559936523437 -0.123191833496094 0.0190353393554687
-0.121620178222656 -0.0758132934570313 -0.239395141601563 -0.193695068359375
-0.07208251953125 -0.121917724609375 0.322906494140625 0.19293212890625
-0.108444213867187 -0.0436935424804688 0.200271606445312 -0.0016937255859375
-0.107368469238281 0.0672149658203125 -0.0381050109863281 0.0419349670410156
-0.0234603881835937 0.108840942382813 0.00346374511718751 0.154296875
0.072235107421875 0.0741958618164062 0.113983154296875 0.195144653320313
0.087860107421875 -0.0126876831054688 0.27520751953125 0.131515502929688
0.0857315063476563 -0.0495834350585938 0.366943359375 -0.02960205078125
0.0903701782226563 -0.025848388671875 0.35516357421875 -0.054229736328125
0.0838699340820312 -0.0426406860351562 0.355804443359375 -0.020782470703125
0.0974578857421875 0.0171279907226563 0.2779541015625 0.0888214111328125
0.0586929321289063 0.0892791748046875 0.136093139648438 0.10247802734375
-0.03887939453125 0.125137329101563 0.111907958984375 0.0459671020507813
-0.125518798828125 0.0218505859375 0.186859130859375 -0.0037384033203125
-0.105247497558594 -0.0492706298828125 0.395904541015625 0.0975341796875
-0.0480270385742188 -0.0999069213867187 0.455657958984375 0.493988037109375
-0.253463745117188 -0.26007080078125 0.285980224609375 0.161102294921875
-0.281005859375 -0.107101440429688 0.186126708984375 0.00518798828124999
-0.286651611328125 0.125762939453125 -0.0270462036132813 0.0442657470703125
-0.100418090820313 0.239593505859375 0.000663757324218752 0.127326965332031
0.0992584228515625 0.218490600585938 0.0746307373046875 0.17913818359375
0.199676513671875 0.06231689453125 0.224807739257812 0.124237060546875
0.222747802734375 -0.036407470703125 0.311614990234375 -0.016143798828125
0.23822021484375 0.000640869140625 0.28985595703125 -0.036163330078125
0.236282348632812 -0.0292205810546875 0.294830322265625 -0.014862060546875
0.215988159179688 0.08154296875 0.217666625976563 0.06060791015625
0.125381469726562 0.220443725585937 0.0933685302734375 0.0647506713867188
-0.07550048828125 0.286865234375 0.113456726074219 0.000106811523437518
-0.314544677734375 0.107879638671875 0.20306396484375 -0.036895751953125
-0.31292724609375 -0.08111572265625 0.396331787109375 0.08685302734375
-0.258804321289063 -0.247024536132813 0.435943603515625 0.444000244140625
-0.402008056640625 -0.369110107421875 0.202285766601563 0.082244873046875
-0.431427001953125 -0.159637451171875 0.130485534667969 -0.00149536132812501
-0.442474365234375 0.177764892578125 -0.0194549560546875 0.0505142211914063
-0.17041015625 0.352081298828125 0.00363922119140625 0.092742919921875
0.11328125 0.345458984375 0.033477783203125 0.139175415039063
0.28424072265625 0.134857177734375 0.146759033203125 0.0931854248046875
0.32769775390625 -0.01422119140625 0.209640502929688 -0.005706787109375
0.3502197265625 0.027191162109375 0.18060302734375 -0.012451171875
0.353302001953125 -0.017181396484375 0.1883544921875 -0.00299072265625
0.30914306640625 0.12640380859375 0.121131896972656 0.0272903442382813
0.189208984375 0.3179931640625 0.0298805236816406 0.018157958984375
-0.083770751953125 0.417999267578125 0.0952606201171875 -0.0535125732421875
-0.454498291015625 0.20135498046875 0.196029663085937 -0.072265625
-0.48162841796875 -0.081573486328125 0.348907470703125 0.07208251953125
-0.43768310546875 -0.349853515625 0.3568115234375 0.34942626953125
-0.4976806640625 -0.42626953125 0.0770263671875 -0.0365219116210938
-0.536590576171875 -0.18011474609375 0.0345821380615234 -0.0222873687744141
-0.546417236328125 0.224395751953125 -0.0218544006347657 0.0543212890625
-0.210784912109375 0.431671142578125 0.00415420532226561 0.0484580993652344
0.119171142578125 0.4288330078125 -0.0124053955078125 0.0760345458984375
0.33282470703125 0.188568115234375 0.0447273254394531 0.0432624816894531
0.3829345703125 0.009307861328125 0.074615478515625 0.00220489501953125
0.409271240234375 0.049163818359375 0.0441703796386719 0.0135002136230469
0.417388916015625 -0.00335693359375 0.0527000427246094 0.0144233703613281
0.3564453125 0.151336669921875 -4.18424606323023E-05 -0.00197911262512206
0.228363037109375 0.368133544921875 -0.0481605529785156 -0.0284042358398437
-0.07525634765625 0.48834228515625 0.0559463500976562 -0.103691101074219
-0.5244140625 0.266754150390625 0.165359497070312 -0.0983123779296875
-0.57598876953125 -0.0670166015625 0.255096435546875 0.0611419677734375
-0.54730224609375 -0.396942138671875 0.226242065429688 0.229827880859375
-0.5245361328125 -0.41455078125 -0.074798583984375 -0.174362182617188
-0.5654296875 -0.1636962890625 -0.0906753540039063 -0.0535125732421875
-0.558563232421875 0.24237060546875 -0.0360298156738281 0.0491218566894531
-0.2103271484375 0.4437255859375 -0.00382900238037111 -0.00325179100036618
0.11102294921875 0.440185546875 -0.0613365173339844 -2.67028808593399E-05
0.329254150390625 0.208282470703125 -0.0684318542480469 -0.0162887573242188
0.377899169921875 0.030670166015625 -0.075042724609375 0.00887298583984375
0.405181884765625 0.064300537109375 -0.0992279052734375 0.0380630493164063
0.415191650390625 0.01531982421875 -0.0914535522460937 0.033782958984375
0.342376708984375 0.157379150390625 -0.124809265136719 -0.0264129638671875
0.221038818359375 0.360809326171875 -0.124671936035156 -0.0706634521484375
-0.069854736328125 0.470123291015625 0.00747680664062498 -0.14105224609375
-0.5106201171875 0.265899658203125 0.120582580566406 -0.107017517089844
-0.5665283203125 -0.05792236328125 0.135360717773437 0.05865478515625
-0.5592041015625 -0.38763427734375 0.0700607299804687 0.100044250488281
-0.469879150390625 -0.33270263671875 -0.2315673828125 -0.305389404296875
-0.49359130859375 -0.112762451171875 -0.220306396484375 -0.0868530273437499
-0.4630126953125 0.21893310546875 -0.0588874816894532 0.03564453125
-0.16650390625 0.36962890625 -0.0227699279785156 -0.0502662658691406
0.0877685546875 0.36688232421875 -0.10308837890625 -0.0708541870117187
0.271697998046875 0.186279296875 -0.171463012695312 -0.071014404296875
0.31396484375 0.044342041015625 -0.213973999023438 0.014068603515625
0.3369140625 0.06927490234375 -0.227890014648437 0.056304931640625
0.3485107421875 0.034454345703125 -0.222412109375 0.0474853515625
0.270462036132813 0.147552490234375 -0.229568481445312 -0.050140380859375
0.1610107421875 0.301422119140625 -0.177505493164062 -0.108016967773438
-0.074951171875 0.368804931640625 -0.0312042236328125 -0.1636962890625
-0.420440673828125 0.194976806640625 0.0784988403320312 -0.0992889404296875
-0.455352783203125 -0.0589294433593749 0.0172805786132812 0.0569534301757812
-0.477325439453125 -0.326507568359375 -0.0798187255859375 -0.0230026245117188
-0.3392333984375 -0.198760986328125 -0.367431640625 -0.403533935546875
-0.335174560546875 -0.0433349609375 -0.331756591796875 -0.114349365234375
-0.2847900390625 0.151092529296875 -0.0876846313476563 0.0199737548828125
-0.0917205810546875 0.22662353515625 -0.0460739135742188 -0.0755996704101562
0.04925537109375 0.227630615234375 -0.127273559570312 -0.117881774902344
0.168426513671875 0.132400512695313 -0.2420654296875 -0.106353759765625
0.19891357421875 0.0478973388671875 -0.3184814453125 0.019287109375
0.218490600585937 0.0639190673828125 -0.32257080078125 0.066558837890625
0.22894287109375 0.050750732421875 -0.31982421875 0.0510253906249999
0.157745361328125 0.118850708007813 -0.29547119140625 -0.0728149414062499
0.0754547119140625 0.201614379882812 -0.194869995117188 -0.141983032226563
-0.074005126953125 0.216049194335938 -0.0481109619140625 -0.171768188476563
-0.273117065429687 0.090179443359375 0.0499649047851562 -0.0822296142578125
-0.279861450195313 -0.0558319091796875 -0.0733718872070313 0.0473861694335938
-0.322662353515625 -0.217987060546875 -0.194137573242188 -0.124313354492188
-0.152236938476563 -0.03759765625 -0.462005615234375 -0.45404052734375
-0.126853942871094 0.0277786254882812 -0.411285400390625 -0.124969482421875
-0.0693473815917969 0.0606231689453125 -0.118812561035156 0.01434326171875
-0.00911712646484375 0.054473876953125 -0.0680389404296875 -0.0707321166992188
0.00219345092773438 0.0585098266601563 -0.129539489746094 -0.131805419921875
0.0404129028320313 0.0590438842773437 -0.27044677734375 -0.118148803710937
0.0526924133300781 0.04583740234375 -0.370086669921875 0.024688720703125
0.0653114318847656 0.0480079650878906 -0.368682861328125 0.068206787109375
0.0786209106445313 0.0570526123046875 -0.37030029296875 0.041961669921875
0.0311279296875 0.0710983276367188 -0.316650390625 -0.09576416015625
-0.00781250000000001 0.0774612426757813 -0.178817749023438 -0.166488647460937
-0.0511665344238281 0.0490608215332031 -0.04705810546875 -0.167495727539063
-0.0932388305664062 -0.000846862792968743 0.0340118408203125 -0.0638046264648438
-0.081298828125 -0.0294723510742187 -0.126235961914063 0.0278091430664062
-0.133186340332031 -0.07403564453125 -0.258026123046875 -0.192092895507812
-0.0823516845703125 -0.119735717773438 0.34619140625 0.177398681640625
-0.113395690917969 -0.0372085571289062 0.206817626953125 -0.0182342529296875
-0.104087829589844 0.0753860473632812 -0.033782958984375 0.0445289611816406
-0.01641845703125 0.113258361816406 0.01446533203125 0.157546997070313
0.0780487060546875 0.0699996948242188 0.130599975585938 0.195602416992188
0.0877914428710937 -0.0193328857421875 0.29632568359375 0.117523193359375
0.0842666625976563 -0.056243896484375 0.3773193359375 -0.05914306640625
0.0913467407226563 -0.032928466796875 0.36456298828125 -0.085357666015625
0.0817947387695313 -0.0488815307617188 0.368377685546875 -0.05047607421875
0.100456237792969 0.0105133056640625 0.29620361328125 0.0716552734375
0.0675048828125 0.0880966186523438 0.148345947265625 0.09881591796875
-0.0300064086914063 0.13287353515625 0.117881774902344 0.03790283203125
-0.128341674804688 0.0319290161132812 0.19073486328125 -0.0187835693359375
-0.110679626464844 -0.0430145263671875 0.412689208984375 0.07281494140625
-0.0569229125976563 -0.0986480712890625 0.498870849609375 0.480316162109375
-0.277984619140625 -0.249481201171875 0.306365966796875 0.146240234375
-0.296905517578125 -0.090362548828125 0.192947387695312 -0.01043701171875
-0.284942626953125 0.1494140625 -0.0208091735839844 0.0459709167480469
-0.08642578125 0.252685546875 0.0107803344726563 0.129867553710938
0.117904663085937 0.217239379882812 0.089996337890625 0.181365966796875
0.207778930664063 0.05035400390625 0.242889404296875 0.113922119140625
0.226715087890625 -0.05230712890625 0.321014404296875 -0.041961669921875
0.247451782226562 -0.0166168212890625 0.299102783203125 -0.06195068359375
0.241058349609375 -0.046661376953125 0.30657958984375 -0.039764404296875
0.227920532226562 0.06878662109375 0.231948852539063 0.0468597412109375
0.145233154296875 0.219497680664063 0.101524353027344 0.0628814697265625
-0.057037353515625 0.30255126953125 0.117149353027344 -0.00993347167968748
-0.31793212890625 0.134979248046875 0.2054443359375 -0.0523529052734375
-0.327392578125 -0.0628662109374999 0.41253662109375 0.063629150390625
-0.286285400390625 -0.236480712890625 0.477691650390625 0.432220458984375
-0.4388427734375 -0.3521728515625 0.215164184570312 0.06976318359375
-0.455902099609375 -0.134246826171875 0.134895324707031 -0.0134811401367188
-0.443145751953125 0.21575927734375 -0.0121574401855469 0.0519332885742188
-0.150177001953125 0.37445068359375 0.0115585327148437 0.0944366455078125
0.141937255859375 0.3472900390625 0.044769287109375 0.142166137695313
0.301422119140625 0.119537353515625 0.1591796875 0.0873565673828125
0.336151123046875 -0.038299560546875 0.216171264648438 -0.02294921875
0.36639404296875 0.001434326171875 0.188369750976563 -0.0281982421875
0.364654541015625 -0.04315185546875 0.19781494140625 -0.019134521484375
0.326324462890625 0.10906982421875 0.128974914550781 0.0196914672851563
0.217864990234375 0.315673828125 0.0336532592773438 0.0192108154296875
-0.055389404296875 0.439422607421875 0.0951004028320313 -0.0648956298828125
-0.4578857421875 0.242156982421875 0.196319580078125 -0.0869293212890625
-0.50408935546875 -0.052642822265625 0.363677978515625 0.05126953125
-0.480255126953125 -0.3297119140625 0.39117431640625 0.339599609375
-0.5438232421875 -0.405792236328125 0.0784072875976562 -0.0435409545898438
-0.56781005859375 -0.148193359375 0.0338973999023437 -0.0276966094970703
-0.54791259765625 0.272216796875 -0.0139274597167969 0.0563888549804688
-0.186981201171875 0.459808349609375 0.00976181030273436 0.0496368408203125
0.155059814453125 0.43408203125 -0.00628662109374998 0.0806045532226563
0.354949951171875 0.171783447265625 0.0495452880859375 0.0423126220703125
0.3958740234375 -0.016357421875 0.0764694213867188 -0.00453948974609375
0.430084228515625 0.019561767578125 0.0487442016601563 0.00965118408203125
0.43121337890625 -0.0338134765625 0.0591773986816407 0.00935745239257812
0.377471923828125 0.1304931640625 0.00100994110107424 -0.00243377685546874
0.261810302734375 0.363983154296875 -0.0497474670410156 -0.0239486694335937
-0.0418090820312499 0.512237548828125 0.0517578125 -0.1138916015625
-0.524993896484375 0.316314697265625 0.163192749023438 -0.11065673828125
-0.60107421875 -0.02978515625 0.267898559570312 0.047576904296875
-0.59393310546875 -0.3699951171875 0.249435424804687 0.223464965820312
-0.5712890625 -0.3939208984375 -0.0874786376953126 -0.175048828125
-0.59716796875 -0.12957763671875 -0.0976409912109375 -0.05029296875
-0.559906005859375 0.29364013671875 -0.0297355651855469 0.0525779724121094
-0.186920166015625 0.4739990234375 -0.00198626518249513 -0.0028419494628906
0.14862060546875 0.446502685546875 -0.0615386962890625 0.00490951538085941
0.354461669921875 0.1922607421875 -0.0728836059570312 -0.011871337890625
0.392852783203125 0.00555419921875 -0.0786056518554687 0.0135269165039062
0.42755126953125 0.034576416015625 -0.09783935546875 0.046783447265625
0.430938720703125 -0.01641845703125 -0.0885772705078125 0.0414505004882812
0.3646240234375 0.1387939453125 -0.130287170410156 -0.0177764892578125
0.2532958984375 0.3575439453125 -0.131660461425781 -0.06304931640625
-0.037811279296875 0.49267578125 -0.000793457031250013 -0.148956298828125
-0.50921630859375 0.31494140625 0.117324829101562 -0.116058349609375
-0.59014892578125 -0.0209960937500001 0.1446533203125 0.05364990234375
-0.60687255859375 -0.36065673828125 0.0797805786132812 0.099212646484375
-0.50872802734375 -0.3135986328125 -0.2579345703125 -0.299530029296875
-0.520721435546875 -0.0829162597656249 -0.234786987304688 -0.0747528076171875
-0.46630859375 0.260833740234375 -0.0560340881347657 0.0399856567382813
-0.146942138671875 0.39361572265625 -0.0239791870117188 -0.0493927001953125
0.11944580078125 0.373382568359375 -0.110069274902344 -0.0669326782226562
0.294189453125 0.17486572265625 -0.183944702148437 -0.0615997314453125
0.326751708984375 0.02362060546875 -0.22216796875 0.030120849609375
0.357666015625 0.044830322265625 -0.229965209960938 0.0771484375
0.3646240234375 0.0093994140625 -0.223648071289062 0.0665130615234375
0.289093017578125 0.132904052734375 -0.240814208984375 -0.03369140625
0.188262939453125 0.29901123046875 -0.189300537109375 -0.0990753173828125
-0.049896240234375 0.387298583984375 -0.0421295166015625 -0.168350219726562
-0.42083740234375 0.234893798828125 0.0751571655273437 -0.105415344238281
-0.476287841796875 -0.030242919921875 0.0238418579101562 0.0592384338378906
-0.517333984375 -0.303253173828125 -0.0824737548828125 -0.0174331665039063
-0.36627197265625 -0.1844482421875 -0.403778076171875 -0.392547607421875
-0.35113525390625 -0.022491455078125 -0.35205078125 -0.093841552734375
-0.2860107421875 0.17803955078125 -0.0883255004882813 0.0270767211914063
-0.079559326171875 0.241897583007812 -0.0510635375976563 -0.0737686157226562
0.070037841796875 0.232879638671875 -0.13800048828125 -0.114418029785156
0.184814453125 0.12554931640625 -0.261398315429688 -0.0943450927734375
0.208755493164063 0.0362396240234375 -0.32977294921875 0.04461669921875
0.233261108398438 0.048553466796875 -0.327789306640625 0.095611572265625
0.24267578125 0.03460693359375 -0.325042724609375 0.07763671875
0.172439575195313 0.11212158203125 -0.310516357421875 -0.053192138671875
0.0922088623046875 0.202224731445313 -0.209304809570313 -0.133163452148437
-0.0607452392578125 0.228668212890625 -0.0601959228515625 -0.174453735351563
-0.275909423828125 0.11602783203125 0.0465316772460937 -0.085693359375
-0.2943115234375 -0.039337158203125 -0.0694198608398438 0.05572509765625
-0.35107421875 -0.20220947265625 -0.206741333007813 -0.115127563476563
-0.160873413085938 -0.031097412109375 -0.504302978515625 -0.435333251953125
-0.129707336425781 0.035888671875 -0.434539794921875 -0.10040283203125
-0.0698127746582031 0.0687294006347656 -0.122932434082031 0.0235671997070312
-0.00679016113281251 0.0582237243652344 -0.0733642578125 -0.0672531127929688
0.00808334350585938 0.0615653991699219 -0.141357421875 -0.129104614257813
0.0472984313964844 0.0588874816894531 -0.29193115234375 -0.105010986328125
0.0583038330078125 0.0435333251953125 -0.3831787109375 0.054656982421875
0.0727767944335938 0.0439834594726563 -0.37542724609375 0.100677490234375
0.0873641967773438 0.052001953125 -0.378692626953125 0.0732727050781249
0.0376129150390625 0.0716323852539063 -0.3345947265625 -0.07550048828125
-0.00247955322265625 0.080596923828125 -0.195693969726562 -0.159912109375
-0.04937744140625 0.0549087524414063 -0.0601043701171875 -0.168960571289063
-0.0971832275390625 0.00795745849609377 0.0311431884765625 -0.066253662109375
-0.0880661010742188 -0.024688720703125 -0.125381469726563 0.0389480590820313
-0.143600463867188 -0.0676116943359375 -0.277252197265625 -0.181396484375
-0.08978271484375 -0.112968444824219 0.361053466796875 0.155303955078125
-0.114334106445313 -0.0294723510742188 0.2076416015625 -0.035858154296875
-0.0979461669921875 0.0812149047851563 -0.0288848876953125 0.0448074340820313
-0.00847625732421874 0.114013671875 0.0245208740234375 0.155593872070313
0.0827560424804688 0.0636672973632813 0.1446533203125 0.189071655273438
0.0845413208007813 -0.025360107421875 0.30987548828125 0.09881591796875
0.0804214477539063 -0.0622482299804688 0.377166748046875 -0.088653564453125
0.0902938842773438 -0.0395126342773438 0.36199951171875 -0.116455078125
0.0783004760742187 -0.0535812377929688 0.369598388671875 -0.080596923828125
0.100997924804688 0.0025482177734375 0.30609130859375 0.05035400390625
0.0742568969726563 0.0837326049804688 0.156753540039063 0.0917816162109375
-0.0194473266601562 0.135848999023438 0.119911193847656 0.0287094116210938
-0.127388000488281 0.0414505004882813 0.187820434570313 -0.0336456298828125
-0.11248779296875 -0.034759521484375 0.4178466796875 0.045379638671875
-0.0642318725585938 -0.0939865112304687 0.5311279296875 0.451080322265625
-0.296539306640625 -0.23138427734375 0.318084716796875 0.126251220703125
-0.303558349609375 -0.07061767578125 0.192825317382812 -0.027557373046875
-0.274932861328125 0.170318603515625 -0.0141181945800781 0.0450172424316406
-0.069488525390625 0.259262084960938 0.0197067260742188 0.128471374511719
0.133621215820313 0.209030151367188 0.102645874023438 0.178070068359375
0.210372924804688 0.0362701416015625 0.254913330078125 0.0985260009765625
0.223953247070313 -0.0675201416015625 0.320709228515625 -0.067169189453125
0.24981689453125 -0.03564453125 0.29791259765625 -0.087249755859375
0.239059448242187 -0.0633087158203125 0.308563232421875 -0.065277099609375
0.233306884765625 0.0529632568359375 0.239501953125 0.0299072265625
0.162094116210938 0.211318969726563 0.108177185058594 0.0592193603515625
-0.03411865234375 0.3095703125 0.116485595703125 -0.0207061767578125
-0.312591552734375 0.159271240234375 0.200653076171875 -0.06707763671875
-0.33416748046875 -0.041229248046875 0.417724609375 0.0362548828125
-0.305419921875 -0.216339111328125 0.5069580078125 0.40374755859375
-0.465667724609375 -0.3245849609375 0.2213134765625 0.0553436279296875
-0.46868896484375 -0.102783203125 0.13433837890625 -0.026031494140625
-0.428985595703125 0.249176025390625 -0.00438308715820315 0.0505599975585938
-0.12542724609375 0.38653564453125 0.0197677612304687 0.0927581787109375
0.168426513671875 0.338409423828125 0.055816650390625 0.141525268554688
0.309814453125 0.099151611328125 0.167984008789063 0.0780487060546875
0.335205078125 -0.06011962890625 0.215621948242188 -0.0409698486328125
0.372100830078125 -0.026336669921875 0.189102172851563 -0.04498291015625
0.364410400390625 -0.069488525390625 0.201263427734375 -0.0376129150390625
0.336181640625 0.086517333984375 0.13330078125 0.0105056762695313
0.241790771484375 0.303558349609375 0.0370941162109375 0.0192337036132813
-0.02423095703125 0.44805908203125 0.0910568237304688 -0.0746536254882812
-0.44354248046875 0.27935791015625 0.190322875976562 -0.10015869140625
-0.510650634765625 -0.0194091796875 0.3687744140625 0.028533935546875
-0.505462646484375 -0.29736328125 0.414031982421875 0.3172607421875
-0.57586669921875 -0.37066650390625 0.0768508911132812 -0.050048828125
-0.58221435546875 -0.11029052734375 0.0316009521484375 -0.0328807830810547
-0.530426025390625 0.315673828125 -0.00630187988281253 0.0554771423339844
-0.156280517578125 0.47564697265625 0.0158348083496094 0.0482444763183594
0.188690185546875 0.424224853515625 0.000762939453125014 0.082427978515625
0.367584228515625 0.148468017578125 0.0535964965820313 0.0399513244628906
0.396820068359375 -0.04345703125 0.0753250122070313 -0.0113143920898438
0.43951416015625 -0.01422119140625 0.0519676208496094 0.00463104248046875
0.433258056640625 -0.06634521484375 0.0637779235839844 0.0024566650390625
0.389251708984375 0.105194091796875 0.00239419937133791 -0.00219511985778808
0.28948974609375 0.34954833984375 -0.0495185852050781 -0.0188446044921875
-0.00546264648437501 0.519989013671875 0.0447616577148438 -0.121673583984375
-0.506317138671875 0.359466552734375 0.155868530273437 -0.121002197265625
-0.6083984375 0.00854492187500002 0.273590087890625 0.0311279296875
-0.62591552734375 -0.33056640625 0.265823364257813 0.209930419921875
-0.60272216796875 -0.35809326171875 -0.0991516113281251 -0.170928955078125
-0.61322021484375 -0.0879516601562501 -0.102798461914063 -0.04547119140625
-0.54437255859375 0.339691162109375 -0.0230751037597657 0.0537452697753906
-0.1544189453125 0.4903564453125 0.000879526138305655 -0.00285363197326657
0.18304443359375 0.43927001953125 -0.0600051879882812 0.0091514587402344
0.369659423828125 0.1690673828125 -0.0748748779296875 -0.00640869140625
0.39544677734375 -0.021270751953125 -0.0799026489257812 0.0185470581054688
0.437255859375 0.001739501953125 -0.0932159423828125 0.0541152954101562
0.434173583984375 -0.048553466796875 -0.08331298828125 0.0465545654296875
0.377105712890625 0.11407470703125 -0.132316589355469 -0.00787353515624998
0.28082275390625 0.342315673828125 -0.134841918945312 -0.0529251098632812
-0.00225830078124998 0.49993896484375 -0.0105743408203125 -0.1533203125
-0.49139404296875 0.3583984375 0.11053466796875 -0.122817993164062
-0.59881591796875 0.01763916015625 0.151229858398437 0.045379638671875
-0.638671875 -0.32080078125 0.0880661010742187 0.0952987670898437
-0.53607177734375 -0.28466796875 -0.27838134765625 -0.285064697265625
-0.532318115234375 -0.0482177734374999 -0.243057250976563 -0.05877685546875
-0.451324462890625 0.299835205078125 -0.0517120361328125 0.04364013671875
-0.120849609375 0.40802001953125 -0.0247230529785156 -0.0476531982421875
0.149139404296875 0.368316650390625 -0.113876342773437 -0.0599822998046875
0.309173583984375 0.15576171875 -0.191940307617187 -0.0487518310546875
0.3314208984375 0.0015869140625 -0.223648071289063 0.0472412109375
0.367523193359375 0.01739501953125 -0.224563598632812 0.095733642578125
0.369232177734375 -0.01995849609375 -0.217391967773437 0.0836944580078125
0.301422119140625 0.113067626953125 -0.24493408203125 -0.0153656005859375
0.21087646484375 0.2891845703125 -0.19561767578125 -0.086517333984375
-0.0220947265625 0.394805908203125 -0.0529937744140625 -0.169052124023438
-0.4075927734375 0.27032470703125 0.0692291259765625 -0.10858154296875
-0.48358154296875 0.00137329101562508 0.0310287475585937 0.0597190856933594
-0.543121337890625 -0.26971435546875 -0.0819931030273438 -0.0122833251953125
-0.383087158203125 -0.163787841796875 -0.431121826171875 -0.3685302734375
-0.35760498046875 0.000915527343750022 -0.361572265625 -0.0695495605468751
-0.277069091796875 0.202743530273438 -0.0867538452148438 0.0331878662109375
-0.0644989013671875 0.250045776367188 -0.0533828735351563 -0.0696983337402344
0.08843994140625 0.230880737304688 -0.146209716796875 -0.106765747070312
0.19580078125 0.113677978515625 -0.273605346679687 -0.0767974853515625
0.212661743164063 0.02239990234375 -0.331512451171875 0.07135009765625
0.241500854492187 0.0305938720703125 -0.3223876953125 0.122314453125
0.24853515625 0.01483154296875 -0.319793701171875 0.103851318359375
0.18157958984375 0.101043701171875 -0.317779541015625 -0.029693603515625
0.107696533203125 0.197158813476563 -0.219345092773438 -0.119705200195312
-0.044677734375 0.235519409179688 -0.0726776123046875 -0.172164916992187
-0.269424438476563 0.139694213867188 0.0424041748046875 -0.0877151489257812
-0.300994873046875 -0.02008056640625 -0.0631523132324219 0.0620803833007812
-0.368682861328125 -0.179779052734375 -0.213653564453125 -0.10308837890625
-0.164764404296875 -0.0230560302734375 -0.53570556640625 -0.404571533203125
-0.129592895507812 0.0440673828125 -0.4453125 -0.0689086914062501
-0.0677871704101563 0.0761489868164063 -0.122505187988281 0.0330886840820313
-0.00408935546875 0.0602378845214844 -0.0763473510742188 -0.06146240234375
0.0142059326171875 0.0624923706054688 -0.150482177734375 -0.122726440429688
0.0534858703613281 0.0558967590332031 -0.30511474609375 -0.08599853515625
0.0621757507324219 0.0405960083007812 -0.383209228515625 0.0847778320312501
0.0779037475585938 0.0379486083984375 -0.370758056640625 0.132080078125
0.093475341796875 0.0444107055664063 -0.375274658203125 0.10430908203125
0.0440177917480469 0.0700645446777344 -0.343475341796875 -0.0503234863281249
0.0037384033203125 0.0815811157226563 -0.2078857421875 -0.148590087890625
-0.0453948974609375 0.0591011047363281 -0.071075439453125 -0.165176391601563
-0.0972061157226563 0.0168609619140625 0.0284690856933594 -0.0671806335449219
-0.09149169921875 -0.0188217163085938 -0.120674133300781 0.0489425659179687
-0.150833129882813 -0.0591278076171875 -0.2894287109375 -0.165618896484375
-0.0939483642578125 -0.105888366699219 0.36614990234375 0.136993408203125
-0.11328125 -0.0240707397460938 0.20361328125 -0.049072265625
-0.0918350219726562 0.0836105346679688 -0.0251274108886719 0.0432243347167969
-0.00321960449218749 0.113227844238281 0.0310211181640625 0.152313232421875
0.0843734741210937 0.0582504272460937 0.153396606445313 0.18280029296875
0.080902099609375 -0.0296096801757812 0.31573486328125 0.082977294921875
0.0767288208007813 -0.0655136108398438 0.371429443359375 -0.110321044921875
0.088104248046875 -0.044158935546875 0.353271484375 -0.139556884765625
0.0739974975585938 -0.0556640625 0.363311767578125 -0.103515625
0.0987396240234375 -0.0028533935546875 0.309906005859375 0.032501220703125
0.078216552734375 0.07916259765625 0.161666870117187 0.0857086181640625
-0.0113296508789062 0.135887145996094 0.119461059570312 0.0217742919921875
-0.124656677246094 0.04827880859375 0.1820068359375 -0.043426513671875
-0.111259460449219 -0.028411865234375 0.414520263671875 0.0255126953125
-0.0683212280273438 -0.0885162353515625 0.54669189453125 0.4244384765625
-0.304779052734375 -0.21337890625 0.321929931640625 0.110015869140625
-0.3033447265625 -0.05517578125 0.189010620117187 -0.0400848388671875
-0.262481689453125 0.182373046875 -0.00937271118164064 0.042572021484375
-0.0558929443359375 0.259780883789063 0.0255126953125 0.125068664550781
0.142990112304688 0.199371337890625 0.11181640625 0.173538208007813
0.208724975585938 0.0250091552734375 0.26116943359375 0.08612060546875
0.218994140625 -0.0783843994140625 0.3145751953125 -0.085174560546875
0.248825073242188 -0.050079345703125 0.291839599609375 -0.106201171875
0.234298706054687 -0.0752410888671875 0.304931640625 -0.08575439453125
0.233200073242188 0.040985107421875 0.24212646484375 0.0165252685546875
0.172882080078125 0.201919555664063 0.112495422363281 0.0560302734375
-0.016998291015625 0.311065673828125 0.113822937011719 -0.0281829833984375
-0.30194091796875 0.176422119140625 0.1939697265625 -0.076751708984375
-0.33349609375 -0.02545166015625 0.415435791015625 0.0159912109375
-0.31414794921875 -0.1988525390625 0.5213623046875 0.379669189453125
-0.478302001953125 -0.297607421875 0.222427368164063 0.0436859130859375
-0.468658447265625 -0.0787353515625001 0.130683898925781 -0.0358123779296875
-0.413238525390625 0.27117919921875 0.000957489013671845 0.0478515625
-0.104888916015625 0.3890380859375 0.0250930786132812 0.0893936157226563
0.184814453125 0.32598876953125 0.0634231567382813 0.139602661132813
0.31072998046875 0.082977294921875 0.173095703125 0.0696868896484375
0.330078125 -0.076873779296875 0.211578369140625 -0.052978515625
0.371673583984375 -0.0487060546875 0.186721801757813 -0.0576171875
0.35888671875 -0.088897705078125 0.199417114257813 -0.052459716796875
0.337310791015625 0.06915283203125 0.134872436523438 0.00316619873046875
0.256683349609375 0.290008544921875 0.0406341552734375 0.0195732116699219
-0.000854492187500005 0.4483642578125 0.0861129760742188 -0.0817718505859375
-0.4268798828125 0.303192138671875 0.18292236328125 -0.107894897460937
-0.51031494140625 0.00506591796874994 0.368255615234375 0.0115966796875
-0.51849365234375 -0.268829345703125 0.425750732421875 0.297821044921875
-0.59112548828125 -0.34063720703125 0.0740432739257812 -0.053436279296875
-0.58636474609375 -0.07867431640625 0.0282630920410156 -0.0355911254882813
-0.510528564453125 0.3431396484375 -0.000110626220703161 0.0528068542480469
-0.131591796875 0.47967529296875 0.0202217102050781 0.0452499389648438
0.210540771484375 0.41119384765625 0.00634765625000001 0.0827713012695313
0.37200927734375 0.12872314453125 0.0558967590332031 0.0378189086914063
0.39190673828125 -0.063690185546875 0.0726776123046875 -0.0154876708984375
0.43896484375 -0.04095458984375 0.0535354614257813 0.000286102294921873
0.427276611328125 -0.090545654296875 0.0654945373535157 -0.00440216064453126
0.390899658203125 0.084259033203125 0.00343084335327151 -0.00202012062072753
0.30694580078125 0.33294677734375 -0.0475120544433594 -0.0150146484375
0.02276611328125 0.51904296875 0.0374526977539062 -0.126419067382812
-0.483734130859375 0.386383056640625 0.149826049804688 -0.126708984375
-0.6063232421875 0.0384521484375001 0.274810791015625 0.0187835693359375
-0.64013671875 -0.2972412109375 0.27410888671875 0.1966552734375
-0.61993408203125 -0.32598876953125 -0.106185913085938 -0.164840698242188
-0.61297607421875 -0.0571899414062499 -0.106361389160156 -0.0400772094726563
-0.52239990234375 0.36981201171875 -0.0172882080078125 0.0531387329101563
-0.12908935546875 0.49517822265625 0.00366234779357909 -0.00417876243591306
0.20721435546875 0.42608642578125 -0.0574569702148437 0.0125389099121094
0.375579833984375 0.14959716796875 -0.0754470825195312 -0.00151824951171875
0.393524169921875 -0.041107177734375 -0.0804061889648437 0.023834228515625
0.43878173828125 -0.025360107421875 -0.0883102416992187 0.0581512451171875
0.4293212890625 -0.0743408203125 -0.0773773193359375 0.0480194091796875
0.379547119140625 0.094146728515625 -0.131072998046875 2.28881835937449E-05
0.298004150390625 0.32708740234375 -0.134620666503906 -0.0452499389648437
0.023895263671875 0.499053955078125 -0.018218994140625 -0.15521240234375
-0.470123291015625 0.382781982421875 0.104537963867187 -0.125518798828125
-0.59429931640625 0.0463256835937499 0.1553955078125 0.0391693115234375
-0.65185546875 -0.2872314453125 0.0930404663085937 0.0908203125
-0.54791259765625 -0.25640869140625 -0.28961181640625 -0.269500732421875
-0.53375244140625 -0.0204467773437499 -0.245697021484375 -0.04498291015625
-0.43359375 0.325439453125 -0.0466537475585938 0.045440673828125
-0.100189208984375 0.412811279296875 -0.0236091613769531 -0.0470809936523437
0.169677734375 0.358734130859375 -0.115158081054688 -0.05474853515625
0.31622314453125 0.139678955078125 -0.195449829101563 -0.0377197265625
0.330413818359375 -0.0146484375 -0.221771240234375 0.061370849609375
0.3690185546875 -0.00518798828125 -0.2164306640625 0.108322143554688
0.36700439453125 -0.042144775390625 -0.209030151367187 0.093994140625
0.304351806640625 0.097412109375 -0.244110107421875 -0.00067138671875002
0.2249755859375 0.276351928710938 -0.19744873046875 -0.075439453125
-0.00100708007812497 0.394561767578125 -0.061614990234375 -0.16754150390625
-0.3900146484375 0.29248046875 0.06451416015625 -0.109771728515625
-0.482330322265625 0.025360107421875 0.0367927551269531 0.0592308044433594
-0.555206298828125 -0.240264892578125 -0.0807266235351563 -0.00944519042968753
-0.391571044921875 -0.146759033203125 -0.44549560546875 -0.344268798828125
-0.357025146484375 0.0184020996093751 -0.364532470703125 -0.0480346679687499
-0.2657470703125 0.219390869140625 -0.083221435546875 0.0377578735351563
-0.05224609375 0.25335693359375 -0.0534172058105469 -0.0668220520019531
0.102279663085937 0.2247314453125 -0.149993896484375 -0.100357055664063
0.201950073242188 0.103485107421875 -0.279266357421875 -0.0627441406250001
0.214202880859375 0.0125732421875 -0.327545166015625 0.090789794921875
0.243484497070313 0.01483154296875 -0.31207275390625 0.1412353515625
0.24932861328125 -0.00128173828125 -0.31005859375 0.12078857421875
0.18603515625 0.0911865234375 -0.317169189453125 -0.0111389160156249
0.1175537109375 0.19091796875 -0.223846435546875 -0.1083984375
-0.032135009765625 0.23712158203125 -0.079925537109375 -0.168731689453125
-0.260147094726562 0.154739379882813 0.0389480590820312 -0.0874557495117188
-0.301666259765625 -0.00479125976562505 -0.0555839538574219 0.0658912658691406
-0.3768310546875 -0.159820556640625 -0.2149658203125 -0.093902587890625
-0.167083740234375 -0.0169677734375 -0.54931640625 -0.3768310546875
-0.128044128417969 0.049468994140625 -0.4451904296875 -0.04327392578125
-0.0646286010742188 0.081085205078125 -0.120315551757813 0.040130615234375
-0.00159072875976562 0.0613059997558594 -0.0766372680664063 -0.0570526123046875
0.0185585021972656 0.0620040893554688 -0.155715942382813 -0.117019653320312
0.0574531555175781 0.05322265625 -0.31243896484375 -0.070159912109375
0.0651588439941406 0.0379791259765625 -0.37774658203125 0.1082763671875
0.0804672241210938 0.032958984375 -0.360198974609375 0.154388427734375
0.0962600708007812 0.0376052856445312 -0.36572265625 0.126068115234375
0.0481491088867187 0.0674934387207031 -0.344146728515625 -0.02947998046875
0.00815582275390626 0.0805511474609375 -0.214263916015625 -0.138015747070313
-0.0423240661621094 0.0618438720703125 -0.078399658203125 -0.16021728515625
-0.0956878662109375 0.0242919921875 0.0268402099609375 -0.0667381286621094
-0.09332275390625 -0.014404296875 -0.1136474609375 0.0548477172851562
-0.15460205078125 -0.0513153076171875 -0.293731689453125 -0.153533935546875
-0.0950927734375 -0.101531982421875 0.37042236328125 0.127593994140625
-0.1119384765625 -0.0214004516601563 0.200790405273438 -0.057769775390625
-0.0887527465820312 0.0843048095703125 -0.0235977172851563 0.041656494140625
0.000152587890624997 0.11260986328125 0.0346832275390625 0.1502685546875
0.084930419921875 0.0546035766601563 0.161041259765625 0.18017578125
0.07733154296875 -0.0319061279296875 0.321868896484375 0.07293701171875
0.0737457275390625 -0.067626953125 0.367706298828125 -0.12542724609375
0.0872802734375 -0.04718017578125 0.348236083984375 -0.154998779296875
0.0722808837890625 -0.0570526123046875 0.3609619140625 -0.1197509765625
0.0979461669921875 -0.00615692138671875 0.31329345703125 0.021087646484375
0.0814208984375 0.0760574340820312 0.166351318359375 0.082672119140625
-0.00548553466796875 0.136161804199219 0.119392395019531 0.0174026489257813
-0.123130798339844 0.0527725219726563 0.177291870117188 -0.04931640625
-0.110328674316406 -0.024993896484375 0.4127197265625 0.01275634765625
-0.0707931518554688 -0.0845565795898438 0.555328369140625 0.4122314453125
-0.309967041015625 -0.203369140625 0.324462890625 0.101287841796875
-0.302886962890625 -0.045745849609375 0.186126708984375 -0.0479736328125
-0.255355834960938 0.190505981445312 -0.00761032104492189 0.0403556823730469
-0.048431396484375 0.261642456054688 0.029327392578125 0.123031616210938
0.14837646484375 0.193572998046875 0.11907958984375 0.171875
0.20654296875 0.0192108154296875 0.266616821289063 0.0784454345703125
0.2158203125 -0.08575439453125 0.31219482421875 -0.098663330078125
0.249191284179687 -0.060272216796875 0.288848876953125 -0.119598388671875
0.231735229492188 -0.082611083984375 0.303009033203125 -0.1004638671875
0.233322143554688 0.033203125 0.2451171875 0.007659912109375
0.180191040039063 0.196319580078125 0.117088317871094 0.0546035766601563
-0.00558471679687499 0.3125 0.111473083496094 -0.033660888671875
-0.2969970703125 0.1881103515625 0.189529418945312 -0.081878662109375
-0.333526611328125 -0.014404296875 0.414093017578125 0.0052490234375
-0.3211669921875 -0.188629150390625 0.529266357421875 0.367401123046875
-0.486419677734375 -0.282623291015625 0.223480224609375 0.037567138671875
-0.47088623046875 -0.0636901855468751 0.127449035644531 -0.04095458984375
-0.402130126953125 0.286163330078125 0.00440979003906248 0.0452651977539063
-0.09405517578125 0.392364501953125 0.0285797119140625 0.0871047973632813
0.19549560546875 0.318695068359375 0.0696945190429688 0.139427185058594
0.310821533203125 0.073974609375 0.177093505859375 0.06488037109375
0.326904296875 -0.087677001953125 0.20928955078125 -0.0611724853515625
0.373077392578125 -0.063568115234375 0.185653686523438 -0.0667572021484375
0.3558349609375 -0.101837158203125 0.199417114257813 -0.0637969970703125
0.3380126953125 0.058563232421875 0.136589050292969 -0.001953125
0.26800537109375 0.282012939453125 0.0440711975097656 0.0201568603515625
0.01605224609375 0.450531005859375 0.0821914672851563 -0.0875930786132812
-0.417510986328125 0.320098876953125 0.178466796875 -0.112640380859375
-0.510223388671875 0.0199890136718749 0.368408203125 0.001800537109375
-0.527099609375 -0.253326416015625 0.4334716796875 0.2872314453125
-0.6014404296875 -0.3240966796875 0.072174072265625 -0.0553970336914063
-0.5870361328125 -0.05865478515625 0.0250740051269531 -0.0376853942871094
-0.49725341796875 0.363006591796875 0.00397872924804684 0.0509109497070313
-0.11834716796875 0.484710693359375 0.0237884521484375 0.0425300598144531
0.22528076171875 0.403778076171875 0.0105133056640625 0.0838394165039063
0.374420166015625 0.117034912109375 0.0575294494628907 0.0371665954589844
0.390777587890625 -0.075714111328125 0.0714111328125 -0.017547607421875
0.440826416015625 -0.0589599609375 0.0543937683105469 -0.00369644165039063
0.4251708984375 -0.106414794921875 0.0671577453613282 -0.0111846923828125
0.392578125 0.07196044921875 0.00448942184448245 -0.00117111206054687
0.31939697265625 0.32318115234375 -0.0455589294433594 -0.0117607116699219
0.0411376953125 0.520599365234375 0.0319595336914063 -0.130905151367187
-0.471466064453125 0.40606689453125 0.145965576171875 -0.129730224609375
-0.6063232421875 0.0566406249999999 0.276458740234375 0.0128021240234375
-0.650146484375 -0.27752685546875 0.2801513671875 0.189468383789063
-0.6307373046875 -0.3092041015625 -0.110794067382813 -0.161880493164063
-0.61700439453125 -0.0364379882812499 -0.109100341796875 -0.0363693237304688
-0.5084228515625 0.38958740234375 -0.0129737854003907 0.0520858764648438
-0.114990234375 0.49981689453125 0.00632333755493163 -0.00658226013183591
0.223175048828125 0.419281005859375 -0.0560302734375 0.0148658752441407
0.380218505859375 0.137847900390625 -0.0763626098632812 0.00180816650390625
0.39215087890625 -0.053253173828125 -0.0804672241210937 0.0283432006835937
0.440704345703125 -0.044189453125 -0.0849380493164062 0.0611495971679688
0.4276123046875 -0.091644287109375 -0.0744171142578125 0.0476303100585937
0.381195068359375 0.081817626953125 -0.129837036132812 0.00518035888671873
0.309234619140625 0.3170166015625 -0.133773803710937 -0.0404815673828125
0.040557861328125 0.5013427734375 -0.0249786376953125 -0.157318115234375
-0.45587158203125 0.403045654296875 0.101402282714844 -0.12689208984375
-0.59490966796875 0.0648193359374999 0.15875244140625 0.0357513427734375
-0.6632080078125 -0.2667236328125 0.0964508056640625 0.0876541137695312
-0.558624267578125 -0.241729736328125 -0.296630859375 -0.261016845703125
-0.535919189453125 -0.0032958984375 -0.248245239257813 -0.0367584228515625
-0.42242431640625 0.3448486328125 -0.0433769226074219 0.0463142395019531
-0.088226318359375 0.41729736328125 -0.0225677490234375 -0.04803466796875
0.1839599609375 0.352783203125 -0.115745544433594 -0.0514297485351562
0.32061767578125 0.129791259765625 -0.199172973632812 -0.0299835205078125
0.331329345703125 -0.0244140625 -0.220809936523438 0.070831298828125
0.372467041015625 -0.021820068359375 -0.211471557617188 0.116317749023437
0.36541748046875 -0.0567626953125 -0.204360961914062 0.099639892578125
0.307159423828125 0.0875244140625 -0.243850708007812 0.00885009765624997
0.235305786132812 0.269485473632812 -0.19873046875 -0.06939697265625
0.01239013671875 0.39642333984375 -0.0679779052734375 -0.168014526367187
-0.379730224609375 0.30755615234375 0.0623779296875 -0.110321044921875
-0.483306884765625 0.0398254394531251 0.0421829223632812 0.0587158203125
-0.56341552734375 -0.2242431640625 -0.0800552368164063 -0.00870513916015626
-0.39801025390625 -0.13671875 -0.45343017578125 -0.33245849609375
-0.3585205078125 0.030181884765625 -0.36553955078125 -0.035491943359375
-0.259140014648437 0.231369018554688 -0.0805892944335938 0.0404281616210938
-0.0457305908203125 0.255828857421875 -0.0533485412597656 -0.0667533874511719
0.111495971679688 0.22198486328125 -0.153289794921875 -0.097503662109375
0.207321166992188 0.09765625 -0.28521728515625 -0.052490234375
0.216552734375 0.006317138671875 -0.325164794921875 0.10565185546875
0.246185302734375 0.0045928955078125 -0.306060791015625 0.154510498046875
0.248809814453125 -0.0119476318359375 -0.30450439453125 0.13177490234375
0.189010620117188 0.0858917236328125 -0.31756591796875 0.00201416015624994
0.124008178710937 0.1871337890625 -0.226760864257812 -0.101943969726563
-0.024017333984375 0.238815307617188 -0.0865325927734375 -0.167373657226563
-0.254196166992187 0.166244506835938 0.0385589599609375 -0.0871734619140625
-0.30389404296875 0.00378417968750002 -0.0498580932617188 0.0677375793457031
-0.383575439453125 -0.148590087890625 -0.216323852539063 -0.0898590087890625
-0.1708984375 -0.0138092041015625 -0.556671142578125 -0.360870361328125
-0.128028869628906 0.0530853271484375 -0.44683837890625 -0.028076171875
-0.0628662109375 0.0854721069335937 -0.118431091308594 0.0449066162109375
-0.000316619873046874 0.06195068359375 -0.0766754150390625 -0.055572509765625
0.0215415954589844 0.0620079040527344 -0.1605224609375 -0.1138916015625
0.0615081787109375 0.0521621704101563 -0.3193359375 -0.0595703125000001
0.0674057006835938 0.0368766784667969 -0.37567138671875 0.1246337890625
0.082489013671875 0.0298309326171875 -0.353851318359375 0.1700439453125
0.09783935546875 0.0327224731445313 -0.36041259765625 0.140045166015625
0.0511436462402344 0.0664291381835938 -0.3448486328125 -0.016326904296875
0.0111541748046875 0.0806427001953125 -0.21966552734375 -0.132476806640625
-0.0405044555664063 0.063751220703125 -0.0834808349609375 -0.15740966796875
-0.0947113037109375 0.0286941528320312 0.0266380310058594 -0.0664558410644531
-0.0959014892578125 -0.0114288330078125 -0.108619689941406 0.0580596923828125
-0.157363891601563 -0.0474395751953125 -0.295928955078125 -0.148193359375
-0.0974197387695312 -0.09930419921875 0.379913330078125 0.12274169921875
-0.112922668457031 -0.0208053588867187 0.201202392578125 -0.06494140625
-0.0883865356445312 0.0867538452148438 -0.0234718322753906 0.0409889221191406
0.0028533935546875 0.114112854003906 0.0379486083984375 0.152236938476563
0.0862274169921875 0.0525131225585938 0.170211791992187 0.180984497070313
0.0755996704101563 -0.0334091186523438 0.33306884765625 0.0662841796875
0.0719985961914063 -0.0703582763671875 0.371368408203125 -0.141510009765625
0.0882186889648438 -0.0511093139648438 0.3499755859375 -0.170806884765625
0.0724334716796875 -0.0587844848632813 0.365203857421875 -0.134613037109375
0.0985641479492188 -0.008148193359375 0.321929931640625 0.011566162109375
0.0853424072265625 0.0751190185546875 0.174163818359375 0.082244873046875
-0.00106811523437499 0.139045715332031 0.121078491210937 0.01446533203125
-0.123855590820313 0.0576400756835938 0.176498413085938 -0.054229736328125
-0.110847473144531 -0.0228195190429688 0.41815185546875 0.00439453125
-0.0735244750976563 -0.0834197998046875 0.57318115234375 0.4107666015625
-0.319366455078125 -0.198760986328125 0.332000732421875 0.097381591796875
-0.3079833984375 -0.03973388671875 0.18536376953125 -0.0552825927734375
-0.25384521484375 0.200729370117188 -0.00647735595703127 0.0393104553222656
-0.04345703125 0.267059326171875 0.0328598022460938 0.123245239257813
0.156036376953125 0.191909790039063 0.127548217773438 0.174240112304687
0.207916259765625 0.0149078369140625 0.276885986328125 0.0732421875
0.216354370117188 -0.092681884765625 0.315399169921875 -0.11114501953125
0.252822875976562 -0.0702972412109375 0.29046630859375 -0.133392333984375
0.234283447265625 -0.0903472900390625 0.30596923828125 -0.115386962890625
0.237030029296875 0.0286102294921875 0.251861572265625 0.000350952148437502
0.19000244140625 0.19561767578125 0.12384033203125 0.05499267578125
0.0035400390625 0.319732666015625 0.111328125 -0.0386810302734375
-0.297607421875 0.200836181640625 0.188888549804687 -0.0867919921875
-0.33905029296875 -0.00762939453125003 0.419952392578125 -0.0028076171875
-0.33087158203125 -0.183319091796875 0.5460205078125 0.366668701171875
-0.50225830078125 -0.276458740234375 0.227157592773437 0.03466796875
-0.4788818359375 -0.0528564453125001 0.12579345703125 -0.0457763671875
-0.39898681640625 0.302581787109375 0.00684356689453122 0.0435638427734375
-0.086669921875 0.40130615234375 0.0317916870117187 0.0860977172851563
0.207550048828125 0.31829833984375 0.0765228271484375 0.142044067382813
0.316009521484375 0.06854248046875 0.184341430664063 0.062469482421875
0.3297119140625 -0.097869873046875 0.211593627929688 -0.068939208984375
0.38031005859375 -0.07904052734375 0.187164306640625 -0.0763702392578125
0.359466552734375 -0.11383056640625 0.20172119140625 -0.074920654296875
0.344390869140625 0.05181884765625 0.14129638671875 -0.006256103515625
0.281951904296875 0.281463623046875 0.0486030578613281 0.0213432312011719
0.028289794921875 0.460357666015625 0.0793914794921875 -0.093109130859375
-0.4169921875 0.33843994140625 0.17803955078125 -0.117477416992187
-0.5201416015625 0.0321350097656251 0.37432861328125 -0.004547119140625
-0.54473876953125 -0.245391845703125 0.4473876953125 0.28619384765625
-0.6207275390625 -0.31494140625 0.0714035034179687 -0.0564346313476563
-0.59918212890625 -0.0454101562500001 0.0219383239746093 -0.0389404296875
-0.4945068359375 0.38446044921875 0.00706100463867185 0.0496177673339844
-0.107818603515625 0.496673583984375 0.0262107849121094 0.0405616760253907
0.240814208984375 0.40447998046875 0.0149078369140625 0.0872650146484375
0.38232421875 0.11187744140625 0.0606689453125 0.0373573303222656
0.394927978515625 -0.08740234375 0.0719985961914063 -0.0194320678710938
0.449859619140625 -0.07611083984375 0.0556144714355469 -0.00710678100585938
0.430206298828125 -0.121368408203125 0.0680618286132813 -0.0171775817871094
0.3997802734375 0.06451416015625 0.0061759948730469 -0.00154829025268554
0.335113525390625 0.320953369140625 -0.0434722900390625 -0.00932693481445311
0.054840087890625 0.53143310546875 0.02691650390625 -0.136520385742187
-0.469329833984375 0.426849365234375 0.144775390625 -0.134140014648437
-0.615966796875 0.07171630859375 0.284210205078125 0.007537841796875
-0.6715087890625 -0.26812744140625 0.289703369140625 0.18731689453125
-0.65118408203125 -0.29925537109375 -0.116226196289063 -0.1605224609375
-0.62945556640625 -0.0208740234375 -0.113632202148438 -0.0338592529296875
-0.50518798828125 0.413909912109375 -0.00981903076171878 0.0516090393066406
-0.105926513671875 0.51312255859375 0.00757646560668945 -0.00860500335693356
0.240325927734375 0.420654296875 -0.0547752380371094 0.0178756713867188
0.390228271484375 0.132965087890625 -0.0783309936523437 0.00576782226562501
0.398529052734375 -0.064239501953125 -0.0816574096679687 0.032867431640625
0.45013427734375 -0.06170654296875 -0.0839767456054687 0.0638351440429688
0.43231201171875 -0.105987548828125 -0.0740127563476562 0.0476837158203125
0.38824462890625 0.074493408203125 -0.131027221679687 0.0102615356445312
0.324676513671875 0.31549072265625 -0.135322570800781 -0.0367279052734375
0.054779052734375 0.51055908203125 -0.0313720703125 -0.16204833984375
-0.452789306640625 0.42376708984375 0.100738525390625 -0.130302429199219
-0.60595703125 0.0807495117187499 0.165664672851562 0.03375244140625
-0.68231201171875 -0.257080078125 0.100929260253906 0.08648681640625
-0.57794189453125 -0.23419189453125 -0.307342529296875 -0.25830078125
-0.54547119140625 0.00994873046875007 -0.25439453125 -0.029571533203125
-0.419647216796875 0.364990234375 -0.0411872863769532 0.04754638671875
-0.080230712890625 0.42828369140625 -0.0226516723632813 -0.0500946044921875
0.198699951171875 0.35443115234375 -0.118873596191406 -0.049285888671875
0.330596923828125 0.1253662109375 -0.205825805664063 -0.024261474609375
0.33831787109375 -0.03363037109375 -0.22320556640625 0.0815277099609375
0.380706787109375 -0.035369873046875 -0.210662841796875 0.12530517578125
0.3707275390625 -0.069915771484375 -0.204498291015625 0.1044921875
0.314422607421875 0.082000732421875 -0.246902465820313 0.016937255859375
0.246856689453125 0.267654418945313 -0.202529907226562 -0.0652313232421875
0.02264404296875 0.405242919921875 -0.07586669921875 -0.1702880859375
-0.379241943359375 0.32659912109375 0.0630035400390625 -0.112220764160156
-0.492279052734375 0.0518493652343749 0.0483665466308593 0.0591011047363281
-0.58148193359375 -0.21600341796875 -0.0803298950195313 -0.00872802734375
-0.4117431640625 -0.13128662109375 -0.467864990234375 -0.326873779296875
-0.3643798828125 0.0391845703125 -0.373260498046875 -0.025238037109375
-0.2569580078125 0.245315551757813 -0.0795440673828125 0.0437088012695313
-0.04119873046875 0.26275634765625 -0.0544509887695312 -0.0682907104492187
0.1212158203125 0.223373413085937 -0.15887451171875 -0.0964508056640625
0.2149658203125 0.09490966796875 -0.294677734375 -0.04412841796875
0.222274780273438 0.0018768310546875 -0.328033447265625 0.121307373046875
0.252914428710938 -0.004180908203125 -0.30584716796875 0.168121337890625
0.253570556640625 -0.02001953125 -0.305511474609375 0.1424560546875
0.194900512695313 0.0833892822265625 -0.322998046875 0.011810302734375
0.131546020507813 0.187332153320313 -0.233612060546875 -0.0980224609375
-0.0182342529296875 0.245101928710937 -0.0928497314453125 -0.168533325195313
-0.254150390625 0.17803955078125 0.0395355224609375 -0.08892822265625
-0.31097412109375 0.0126953125000001 -0.0449676513671875 0.0697669982910156
-0.395263671875 -0.143829345703125 -0.221023559570313 -0.089996337890625
-0.17669677734375 -0.0113372802734375 -0.57293701171875 -0.35552978515625
-0.129135131835938 0.0563507080078125 -0.453582763671875 -0.0151672363281251
-0.0617446899414062 0.0900955200195313 -0.118827819824219 0.0490036010742188
8.01086425781228E-05 0.0635871887207031 -0.077850341796875 -0.0556182861328125
0.0250663757324219 0.06256103515625 -0.167724609375 -0.11370849609375
0.0656585693359375 0.0512924194335938 -0.33111572265625 -0.05059814453125
0.0722579956054688 0.0362014770507813 -0.379150390625 0.141357421875
0.0857162475585938 0.0274429321289063 -0.35382080078125 0.18603515625
0.100914001464844 0.0291061401367187 -0.362030029296875 0.154022216796875
0.0548858642578125 0.0666694641113281 -0.35211181640625 -0.00555419921875004
0.0135879516601563 0.0824127197265625 -0.227493286132813 -0.129486083984375
-0.0397987365722656 0.0665626525878906 -0.0893707275390625 -0.157333374023438
-0.0957489013671875 0.0338897705078125 0.0278778076171875 -0.0683746337890625
-0.0993881225585938 -0.00872802734374998 -0.105690002441406 0.0610733032226563
-0.162582397460938 -0.0457305908203125 -0.30426025390625 -0.148406982421875
-0.101333618164063 -0.0979385375976562 0.396881103515625 0.115264892578125
-0.116569519042969 -0.0179443359375 0.203018188476563 -0.0762481689453125
-0.0881118774414063 0.092132568359375 -0.023193359375 0.0419425964355469
0.00717926025390624 0.117401123046875 0.0439453125 0.1556396484375
0.0896530151367187 0.0506515502929688 0.184249877929688 0.181793212890625
0.074615478515625 -0.035980224609375 0.350494384765625 0.05487060546875
0.0707626342773437 -0.0747146606445313 0.377960205078125 -0.16326904296875
0.0895919799804687 -0.0567855834960937 0.353271484375 -0.1942138671875
0.073150634765625 -0.0631484985351562 0.372344970703125 -0.157867431640625
0.100570678710938 -0.0128860473632812 0.3349609375 -0.0018310546875
0.091461181640625 0.0737762451171875 0.186019897460938 0.0799102783203125
0.00608825683593749 0.143936157226563 0.12445068359375 0.00983428955078126
-0.125404357910156 0.0651016235351562 0.17657470703125 -0.0617828369140625
-0.113731384277344 -0.0199203491210938 0.430145263671875 -0.008880615234375
-0.0786056518554687 -0.0819244384765625 0.606689453125 0.40948486328125
-0.335357666015625 -0.19305419921875 0.345947265625 0.09051513671875
-0.318389892578125 -0.029266357421875 0.186477661132813 -0.064361572265625
-0.253143310546875 0.216583251953125 -0.00457763671875002 0.0390701293945313
-0.035247802734375 0.276962280273438 0.0376052856445312 0.124778747558594
0.1669921875 0.191757202148437 0.140411376953125 0.176681518554688
0.213226318359375 0.009552001953125 0.291656494140625 0.064788818359375
0.218902587890625 -0.102447509765625 0.321868896484375 -0.129119873046875
0.26043701171875 -0.085113525390625 0.29388427734375 -0.153656005859375
0.239410400390625 -0.102493286132813 0.312286376953125 -0.135467529296875
0.245361328125 0.021148681640625 0.262725830078125 -0.0108184814453125
0.204925537109375 0.195602416992188 0.133270263671875 0.054046630859375
0.017242431640625 0.33160400390625 0.111846923828125 -0.0452880859375
-0.2998046875 0.2200927734375 0.188690185546875 -0.0950927734375
-0.350860595703125 0.00344848632812493 0.4334716796875 -0.016143798828125
-0.349945068359375 -0.177520751953125 0.5782470703125 0.36370849609375
-0.529052734375 -0.26708984375 0.235214233398437 0.0294342041015625
-0.4959716796875 -0.036407470703125 0.125328063964844 -0.0517654418945313
-0.398468017578125 0.328857421875 0.00916671752929685 0.0425529479980469
-0.075439453125 0.417999267578125 0.0358734130859375 0.0858688354492188
0.226287841796875 0.320220947265625 0.08746337890625 0.145919799804688
0.326629638671875 0.061004638671875 0.195175170898438 0.0578765869140625
0.337005615234375 -0.112396240234375 0.215667724609375 -0.08038330078125
0.392181396484375 -0.100128173828125 0.189971923828125 -0.0892486572265625
0.36895751953125 -0.132781982421875 0.205184936523438 -0.0894622802734375
0.356689453125 0.04132080078125 0.1478271484375 -0.0122833251953125
0.3037109375 0.27978515625 0.0545425415039063 0.0213165283203125
0.04840087890625 0.476318359375 0.0756988525390625 -0.101020812988281
-0.417877197265625 0.3671875 0.17840576171875 -0.12567138671875
-0.536651611328125 0.050140380859375 0.38739013671875 -0.016693115234375
-0.5745849609375 -0.23431396484375 0.47271728515625 0.283294677734375
-0.65399169921875 -0.30035400390625 0.0716400146484375 -0.0591812133789063
-0.61883544921875 -0.0249633789062499 0.0189666748046875 -0.0403289794921875
-0.4937744140625 0.4190673828125 0.010162353515625 0.0487823486328125
-0.0950012207031251 0.51849365234375 0.0290718078613281 0.0391578674316407
0.2650146484375 0.4071044921875 0.0218276977539063 0.0913238525390625
0.3980712890625 0.102752685546875 0.06561279296875 0.0374336242675781
0.405426025390625 -0.10504150390625 0.0740814208984375 -0.022216796875
0.46466064453125 -0.10174560546875 0.0575294494628907 -0.0108413696289063
0.44000244140625 -0.144073486328125 0.0695838928222657 -0.0246200561523438
0.415130615234375 0.053375244140625 0.00844097137451174 -0.00203561782836914
0.3602294921875 0.319854736328125 -0.0423545837402343 -0.00764083862304685
0.0788574218749999 0.54864501953125 0.0194244384765625 -0.144088745117187
-0.4698486328125 0.46240234375 0.144943237304687 -0.141525268554687
-0.6363525390625 0.0962524414062501 0.295501708984375 -0.00109863281249999
-0.70587158203125 -0.25250244140625 0.306549072265625 0.1854248046875
-0.68646240234375 -0.2864990234375 -0.1253662109375 -0.161331176757813
-0.6510009765625 0.00238037109375006 -0.120536804199219 -0.0289535522460938
-0.503204345703125 0.450164794921875 -0.00648880004882816 0.0521583557128906
-0.091949462890625 0.53643798828125 0.00835418701171874 -0.0118217468261718
0.266021728515625 0.425628662109375 -0.0538825988769531 0.021759033203125
0.407623291015625 0.1241455078125 -0.0802764892578125 0.0108108520507813
0.41094970703125 -0.08056640625 -0.0826797485351562 0.0392990112304687
0.46539306640625 -0.085662841796875 -0.0837173461914062 0.0692062377929688
0.4432373046875 -0.12969970703125 -0.0753250122070312 0.0494384765625
0.4049072265625 0.063568115234375 -0.134033203125 0.01568603515625
0.34881591796875 0.312957763671875 -0.138130187988281 -0.0329208374023437
0.07733154296875 0.529205322265625 -0.04193115234375 -0.167633056640625
-0.453216552734375 0.459381103515625 0.100723266601562 -0.13671875
-0.6241455078125 0.105224609375 0.175765991210937 0.028778076171875
-0.7186279296875 -0.241455078125 0.107429504394531 0.0848541259765625
-0.61114501953125 -0.22216796875 -0.325592041015625 -0.256011962890625
-0.564697265625 0.0313110351562499 -0.264678955078125 -0.0191497802734375
-0.41827392578125 0.39599609375 -0.0395698547363281 0.0499763488769532
-0.069244384765625 0.447998046875 -0.0240058898925781 -0.0528717041015625
0.22113037109375 0.358978271484375 -0.124221801757812 -0.0459823608398437
0.34759521484375 0.1182861328125 -0.21502685546875 -0.0145416259765625
0.350799560546875 -0.04632568359375 -0.226898193359375 0.09619140625
0.39422607421875 -0.054718017578125 -0.211471557617188 0.139083862304687
0.38079833984375 -0.088592529296875 -0.207656860351562 0.115554809570313
0.328369140625 0.07440185546875 -0.254425048828125 0.0280914306640625
0.266998291015625 0.26715087890625 -0.210189819335937 -0.0597076416015625
0.039581298828125 0.420501708984375 -0.0871124267578125 -0.173797607421875
-0.379302978515625 0.35308837890625 0.0627670288085937 -0.117172241210937
-0.509674072265625 0.071685791015625 0.0562362670898437 0.0584907531738281
-0.612548828125 -0.20196533203125 -0.083282470703125 -0.00910186767578126
-0.433929443359375 -0.12078857421875 -0.49267578125 -0.3209228515625
-0.3756103515625 0.05303955078125 -0.38616943359375 -0.01116943359375
-0.255447387695313 0.264724731445313 -0.0797882080078125 0.0473175048828125
-0.0349273681640625 0.275177001953125 -0.0576362609863281 -0.0698966979980469
0.135665893554688 0.2271728515625 -0.1683349609375 -0.0939483642578125
0.227615356445313 0.0901947021484375 -0.309356689453125 -0.0319824218750001
0.23260498046875 -0.006866455078125 -0.33465576171875 0.141326904296875
0.263092041015625 -0.01617431640625 -0.30767822265625 0.1884765625
0.260482788085938 -0.0324249267578125 -0.30975341796875 0.16015625
0.205398559570313 0.080047607421875 -0.332855224609375 0.0262756347656251
0.14434814453125 0.1888427734375 -0.244796752929687 -0.092926025390625
-0.00997924804687498 0.255294799804688 -0.104141235351563 -0.17010498046875
-0.255569458007813 0.195358276367188 0.0397109985351562 -0.0927810668945313
-0.32232666015625 0.0246582031249999 -0.039581298828125 0.072662353515625
-0.416351318359375 -0.135711669921875 -0.231643676757813 -0.0897216796875
-0.185104370117188 -0.00689697265624998 -0.60223388671875 -0.3492431640625
-0.13165283203125 0.0621566772460937 -0.46734619140625 0.00283813476562501
-0.0609664916992187 0.096282958984375 -0.120796203613281 0.0552597045898438
0.00143432617187499 0.0669059753417969 -0.0811767578125 -0.055694580078125
0.0292434692382813 0.0647506713867188 -0.179336547851563 -0.112747192382813
0.0717315673828125 0.05023193359375 -0.34759521484375 -0.037811279296875
0.078460693359375 0.0351409912109375 -0.385833740234375 0.1656494140625
0.0907745361328125 0.0249176025390625 -0.3564453125 0.209625244140625
0.105667114257813 0.02496337890625 -0.36737060546875 0.175933837890625
0.0601119995117188 0.0677070617675781 -0.364593505859375 0.00909423828125006
0.0178146362304687 0.084716796875 -0.241470336914063 -0.12615966796875
-0.03900146484375 0.0716171264648438 -0.0983734130859375 -0.158065795898438
-0.0974502563476562 0.0394973754882812 0.0288467407226562 -0.0711669921875
-0.105453491210938 -0.004241943359375 -0.103500366210938 0.0656204223632813
-0.1717529296875 -0.0418853759765625 -0.32098388671875 -0.14764404296875
-0.0725933255388568 0.128853804782887 0.154578091332508 0.409023528752301
0.0443897607288675 0.120182292987335 0.195162768366455 0.134370449491232
0.132387104896308 0.0128537976517479 -0.0637746680304648 -0.0301571282835325
0.0894417626206612 -0.105004584143583 -0.151191001738632 0.109965461593506
-0.0521318934359761 -0.117857330285056 -0.0710520303680106 0.294118423197128
-0.110209608051214 -0.0435077756834236 0.118972030511724 0.359660510852213
-0.128314700640869 -0.0115292904244664 0.301141043949417 0.316211855520806
-0.124165904046126 -0.0096903608800594 0.374236412614982 0.253802490352811
-0.127998854406864 -0.0222451553373411 0.315842530644308 0.292017619569858
-0.0958112154291527 -0.0640380668173382 0.161335975802171 0.299435055513465
-0.0197554413478995 -0.125308378561812 0.00434074033637273 0.220981503935276
0.112029299136014 -0.100258757537419 0.0396028867647948 0.102221562283705
0.123678788002965 0.0359108566822764 0.153876984004855 0.0944872671049462
0.0302645859358077 0.0966917728180283 0.240946244279736 0.367063495692279
-0.0550417370235023 0.0870413046571658 0.0638523812947719 0.729850477159549
-0.0148762550395083 0.374101702059526 0.177697118397862 0.327492250922258
0.171073811273369 0.291398098050494 0.203233254522616 0.0937162856409313
0.337393522396978 0.073738806300741 -0.061521854186671 -0.0665658266163099
0.260423080853464 -0.184109182810151 -0.164136999100901 0.0568790843094163
-0.00466217490262448 -0.282628848740988 -0.116593232159145 0.259736172190209
-0.159226964798085 -0.181195946301534 0.0668542802359199 0.328458865238896
-0.233033633175512 -0.131752923707092 0.22950407398441 0.295208923838616
-0.25698916870615 -0.118430793993124 0.29936268424295 0.234981473378339
-0.26042924591155 -0.142883853853854 0.257454503821176 0.261552298251468
-0.162284771597108 -0.202588728839726 0.112003424028054 0.242432041808704
-0.0081104081587909 -0.293864171332642 -0.0220026846434755 0.157491041667276
0.269123585225598 -0.228804579762853 0.0614115144339171 0.0375717862031219
0.356458687141469 0.0385381982286618 0.188442697547541 0.0623682640718848
0.194393550140246 0.263393636844679 0.273350223348866 0.353575062855006
0.0123744588812105 0.351956094377938 0.111992641336665 0.688261591482091
0.0466066726790144 0.578976419376633 0.192039506917432 0.175753334517405
0.28877348601724 0.439182408804731 0.183312461379546 0.0143253148263201
0.519528607624533 0.126736279833755 -0.0668956424083718 -0.0975874740723471
0.413907668683868 -0.250171982321617 -0.162012645391857 0.00597703541370416
0.0497285937528972 -0.421396497576215 -0.141157147020574 0.198049835109676
-0.184662897671225 -0.300599640054255 0.0111972149322209 0.250686759732194
-0.301190044742612 -0.236007387213915 0.127197910485366 0.226277121338021
-0.350189134559038 -0.20964088008472 0.17842219551901 0.178926175898731
-0.357409270133002 -0.237390006005598 0.157487024009772 0.194614422848021
-0.214380851497766 -0.306907509341246 0.0416055913624761 0.1507039378861
-0.0109518916582333 -0.425789939009915 -0.0509177087715852 0.0671786611578929
0.377343409964404 -0.346932935800183 0.0745718294193435 -0.0404704450543059
0.545905609977127 0.0106476033972571 0.205323565209953 0.0171917464720586
0.34839306352505 0.375968220578322 0.269080619691638 0.299634348302802
0.089256967691874 0.5595310928546 0.135573886527168 0.563416496403663
0.109138288149897 0.708254752556101 0.188945713852453 -0.0320626527829563
0.391147447578035 0.527687643430636 0.130549640447812 -0.101556921961984
0.653452074697217 0.148243602075933 -0.0838740055708284 -0.124779137870138
0.515874238192217 -0.303431981867169 -0.146815064788475 -0.0424661613953526
0.0908820581967845 -0.514263565114799 -0.14307143628795 0.107879893425367
-0.186880197837683 -0.378633003999721 -0.0429171124534282 0.13096814131638
-0.32426477766983 -0.306632632549305 0.00727728586009675 0.119287083699038
-0.391338385398183 -0.268211567440786 0.0312506366261431 0.0971983596151229
-0.400427222488451 -0.29419397932148 0.030258601377398 0.102755656198029
-0.236859645760133 -0.3639763833049 -0.0465337480310326 0.0397936045771874
-0.0169233174519637 -0.492888203031672 -0.0832509453595534 -0.0384028554019106
0.425924936604177 -0.418683009591511 0.0730830884864516 -0.122189228111606
0.647580280914855 -0.0249072022603325 0.196496785528736 -0.029282030396188
0.449106827160161 0.422548945675207 0.217083027370008 0.218012162990551
0.150736217836793 0.676360297929365 0.122043490310627 0.374681424296082
0.165016638094999 0.735872330938432 0.16157735298797 -0.268129947614608
0.446385650272082 0.532100376937112 0.0474171582404192 -0.235518243502473
0.688152855836921 0.138301844807388 -0.102748507708308 -0.145154341248499
0.53330567508181 -0.315919909460373 -0.116816239560492 -0.0894451432878863
0.112115053197032 -0.523638137646705 -0.126219123675731 -0.00473418948680445
-0.163428996584264 -0.396895400856903 -0.0930729441135651 -0.0144789943717544
-0.297768408115539 -0.329308387099936 -0.115767473781673 -0.00962641387314264
-0.371828567886518 -0.286423366116141 -0.121855751338856 0.00118774854782578
-0.377779302839898 -0.308179172031895 -0.10637048337557 -0.00106645954788798
-0.21351623221652 -0.366866099798251 -0.1332991383297 -0.0759285009394231
-0.00956454544406491 -0.478052084890523 -0.107742579391545 -0.142923821165483
0.41095222041896 -0.401132843354738 0.0652265180633362 -0.188439114384677
0.635837010333281 -0.0334558680616778 0.16720984137572 -0.060716106736469
0.456541471108349 0.408061952888547 0.12801331732272 0.128567080655451
0.178871649422907 0.684426466610052 0.078871038261083 0.156645594981262
0.200163616970697 0.646042714343792 0.111952081802317 -0.492106242841393
0.427272215074327 0.439296105979081 -0.0527564744875358 -0.356720465577025
0.594557989334712 0.099864307076109 -0.115941432483105 -0.151074578236287
0.444215592216701 -0.267381605167185 -0.0753498701997385 -0.123439835289722
0.106800823877382 -0.434245939067529 -0.0927664177847314 -0.116255939121383
-0.114632631721166 -0.342636522327024 -0.130109371062378 -0.158304013022217
-0.224402766803702 -0.298798605371856 -0.222236580798341 -0.13641924003265
-0.292936601791204 -0.262505537484178 -0.255888779267031 -0.0952462316200523
-0.293635418926823 -0.280083479735988 -0.227296827226621 -0.104650590537279
-0.146793409216162 -0.316578208913269 -0.196732654510168 -0.181469288389236
0.0185980888170164 -0.382645427944704 -0.107244458124161 -0.230068779721155
0.344901106663713 -0.297352952867783 0.0641459247615859 -0.223253219748981
0.511728162383514 -0.00517683634278781 0.132637696974079 -0.067439342994437
0.365847727828345 0.33911143376843 0.0301579783899042 0.0491124986187786
0.164698448976343 0.5846810034178 0.0229133377187408 -0.0537580908140173
0.204564006503582 0.451722939291753 0.0431641420906352 -0.662989647425814
0.331606759118383 0.266083462543913 -0.152323871489263 -0.439241899035882
0.388027738553784 0.043526585279593 -0.124497705262174 -0.138020107558322
0.272632996987559 -0.168600672906838 -0.0355650436315584 -0.133007794685386
0.0805526134527807 -0.266870604332275 -0.0513048297950673 -0.197755006990685
-0.0488630902495483 -0.229184089647857 -0.147718221781725 -0.268728698071348
-0.11719964984704 -0.217621930295456 -0.29430284998636 -0.239841783845321
-0.169840774736447 -0.196549711393823 -0.351679667555872 -0.176447519358685
-0.164418592110856 -0.211445427155397 -0.308641512066591 -0.195037898489501
-0.0560911249347999 -0.22464057398322 -0.222001168706663 -0.26215545980241
0.0487274115635685 -0.234402904715209 -0.0734347440382462 -0.283623112738604
0.234881020454548 -0.147322440843071 0.0763250134736665 -0.219959972840517
0.318352723487274 0.0291500108130686 0.104166195514597 -0.0522740104289076
0.221408555764663 0.226107002792151 -0.0481754929697843 -0.0135608506839214
0.122542582679206 0.399979111567543 -0.0274100514578263 -0.225159468887301
0.174203379504149 0.187036435576964 -0.0328824973085528 -0.751064038243741
0.183678381868752 0.0556231382528137 -0.239652231829495 -0.472088725452156
0.128420682291357 -0.0171400247969635 -0.136832877057475 -0.107434971095064
0.0668698547239551 -0.0470527835682844 -0.00925881194076456 -0.111655022150194
0.0445339095524704 -0.0637807806537069 -0.0115180213867424 -0.231874344854484
0.0259631167440025 -0.0816429770581435 -0.14598996004504 -0.327951875116483
0.00996584288613162 -0.10293765984329 -0.322093546410731 -0.302671865460539
-0.0207234282343703 -0.101686665677746 -0.394682540799784 -0.231291728700894
-0.0140338837882467 -0.111682789180011 -0.34221862233875 -0.259408411849802
0.0326675611254489 -0.10172725531728 -0.205197929063381 -0.310128463239891
0.0612423532220673 -0.0657668169071965 -0.0176492333969881 -0.301168268392067
0.0943237722874526 -0.00396692403715238 0.0921467483062361 -0.186912964277244
0.0969906298643415 0.0387284617370138 0.0815846196880605 -0.0262032826127386
0.068839224716979 0.0795454744138352 -0.0966211802951333 -0.0597746336657554
0.0735010561534764 0.162892946172951 -0.0636069051399929 -0.338403126365362
-0.0662455649542757 0.134349958613696 0.183931322527025 0.407812480822122
0.0535581992225123 0.118507285569027 0.207465765178791 0.120947135866479
0.134105984668743 0.00378365591179365 -0.0666607838891611 -0.0273078376342196
0.082998697168502 -0.112366945210092 -0.146254969326853 0.121442886036035
-0.060522581722578 -0.114901536427334 -0.0500329563810977 0.306103904010223
-0.112966911302416 -0.0366844621764816 0.149006658164802 0.358276578221019
-0.12995456898965 -0.00214219582695851 0.330755828946617 0.297132283098172
-0.127642768110611 0.000290836069179748 0.400687399322084 0.225970257637392
-0.132616207154928 -0.013175531441379 0.347525103699341 0.271936040049566
-0.101901406153812 -0.05734519677864 0.189225235336438 0.293296268041078
-0.0304484182539233 -0.126033953783122 0.0217380317399924 0.227233845865874
0.105018839457903 -0.11093307824641 0.0465646017290886 0.0991833067808384
0.128670667520331 0.0274893256411528 0.159407819687793 0.0843548087171049
0.0359073054086193 0.0959819146725331 0.267017631186764 0.356318500946661
-0.0489816728788789 0.0911560981074389 0.113309123059549 0.741872991640347
0.0110479881641019 0.381342571329831 0.201808980247199 0.322606069434823
0.19320624907395 0.282739469031008 0.210795626225185 0.079262495325686
0.345910799603652 0.0495378052984967 -0.065904258012261 -0.0637539698000475
0.252354082263143 -0.204475833848224 -0.162696852692888 0.0679138799041832
-0.0251726469867798 -0.285524800396929 -0.0981444923140511 0.275320615447868
-0.173153577937558 -0.172938719500288 0.0933981012643021 0.330690058682732
-0.245208872288692 -0.117005824833973 0.257684099529067 0.281585083476146
-0.272076028797272 -0.0997712274269866 0.323799053856557 0.213181858607028
-0.276535526630449 -0.125879392838534 0.284796172783054 0.244767173048651
-0.178447504933659 -0.194251128900511 0.135513019180884 0.238733481116855
-0.0300246137075733 -0.298830284460674 -0.00925265179962703 0.164598639117675
0.256545646061756 -0.253798108696212 0.0642131396940154 0.0316782672140496
0.366141774253228 0.0135010952703666 0.192658011608858 0.0505149683131125
0.216037754587027 0.255451694021676 0.30072080126408 0.34117783499652
0.0391206685631475 0.357312485465814 0.159553087017541 0.695911367457652
0.0884199401905974 0.58611588395685 0.205322896075792 0.167597714692568
0.322482336030871 0.424491634096585 0.184400511878718 0.00144769956972215
0.535407475897685 0.08982685505531 -0.0735453218571388 -0.0945722805947612
0.40449397196298 -0.282460186139026 -0.163148933391209 0.0157820864110052
0.0186323619017462 -0.431581894954269 -0.126707652807887 0.215465171083324
-0.207708681154904 -0.293561168572913 0.0306598060844253 0.256456263578944
-0.322796581027013 -0.218632479679588 0.147649829598712 0.220058113598861
-0.374786989414523 -0.185463654434139 0.196973130769048 0.166430543315994
-0.382678316389249 -0.214284762728767 0.178011190928372 0.183128876427557
-0.238518007846801 -0.297799840632025 0.0560456297036601 0.150774132951536
-0.0444200076225255 -0.432660988839717 -0.0443193700970501 0.0754072042130527
0.359596063989158 -0.383515124944599 0.0707772203580202 -0.0500091230306326
0.557550712458214 -0.0304194941973599 0.206906338826882 0.00376908363331322
0.381303877152178 0.360378672682795 0.293904301258392 0.286982187019145
0.131161177430185 0.565005125512299 0.175745959124023 0.565027526654944
0.160864221795794 0.712279866523933 0.187481033867858 -0.0426027298788837
0.433007569274971 0.50829331737759 0.121840482913734 -0.111558098423123
0.674943859297367 0.101841900926895 -0.0923768278887907 -0.121093130056385
0.505780680075024 -0.342968865859767 -0.150514972067274 -0.0346177167433588
0.0532183384944355 -0.529301031809132 -0.135251264481034 0.124445506875791
-0.215569105117408 -0.37405047466498 -0.0341546296324569 0.13787642641553
-0.352386013304733 -0.289306402773746 0.0165153014166401 0.121471165649474
-0.421661188182324 -0.241884396893185 0.0403257853537914 0.0954664793011723
-0.431386858569537 -0.268395335425694 0.0399745506744197 0.0991755712121096
-0.265367131348872 -0.354731258384478 -0.0425466911841591 0.0437337380936909
-0.0550284645970974 -0.500470337000128 -0.0847733091005542 -0.0303773446004453
0.403327947835161 -0.46052620153572 0.0625746388173003 -0.132390912616519
0.660150072085502 -0.0736094175161969 0.195802050622596 -0.042689301498545
0.487108721880279 0.399566866598855 0.237571947279476 0.208192397829104
0.203872586810216 0.679948058463723 0.150212686708778 0.372340908514421
0.220035880424757 0.738025335896091 0.145276866594164 -0.281668147819266
0.490819016396674 0.510285755732992 0.0281620007558103 -0.241294729703498
0.709339585250116 0.0895755998789999 -0.113753092712187 -0.139509675693455
0.524080826263346 -0.359463788294008 -0.123757605960683 -0.0845284754072019
0.0743179845428008 -0.542091327856887 -0.126658505293267 0.00822601226095242
-0.193566796829709 -0.394302618605868 -0.0965275456246638 -0.00707536510181552
-0.327274521154238 -0.315019093276041 -0.118273632808888 0.000778163379551529
-0.403233933663371 -0.262581586128192 -0.123052590943287 0.0109181638142636
-0.410258254375617 -0.284267984189615 -0.107345690055528 0.00476199107980249
-0.242012130875297 -0.359251147170593 -0.140595225738593 -0.0671465775802695
-0.0445826680578767 -0.485733943417532 -0.117681591347741 -0.136555709690987
0.391404248623568 -0.440219083364945 0.0494864416720859 -0.199412433878032
0.646430958817753 -0.0813885801879375 0.165355796219174 -0.0726825822799673
0.493071910700366 0.384230756567291 0.143092308658903 0.123941143489731
0.231686740684348 0.686550572625062 0.0923782764167235 0.151980161194151
0.249684175631479 0.645109160477511 0.0802658641385739 -0.506778038046673
0.463156369939772 0.416585123069416 -0.0810721651238869 -0.356652301346719
0.612432038786188 0.0563473096615267 -0.128483904585067 -0.144079518977228
0.436947902576315 -0.304744978114603 -0.0837322651118075 -0.121759687979165
0.0746118248500766 -0.451093783946547 -0.101318240210026 -0.108960184772456
-0.142030597569651 -0.343053413865096 -0.146225206273893 -0.150311633302785
-0.252058886304758 -0.289740329053364 -0.237004618395505 -0.119480245533075
-0.321710483666583 -0.244974737947656 -0.267251510634174 -0.0751984793636358
-0.322250945125698 -0.261560752981599 -0.238366370548132 -0.0906702432995149
-0.171429213790454 -0.313852267227852 -0.214047899373324 -0.169319033469787
-0.00956588139623324 -0.390692486702449 -0.124315825446547 -0.225077762226421
0.3313146928017 -0.33042974262247 0.0471282435200356 -0.233079531542134
0.522502613626511 -0.0445568018669205 0.131108673325126 -0.0762452840425124
0.398069280018671 0.318935359388794 0.0391869647147721 0.0494943719110079
0.209942321718189 0.585923346231217 0.020967145338821 -0.0598010684719984
0.241214007997891 0.447236539617291 -0.00038380826082937 -0.674836403637479
0.354254682276912 0.248944360183066 -0.186599023923264 -0.433662921795985
0.398619944547613 0.0162623721771905 -0.135856717359705 -0.130765626126744
0.269557993299653 -0.191255560729118 -0.0443806159245051 -0.13392974304111
0.0610785229946382 -0.279738087208504 -0.0660253439242056 -0.196248471576989
-0.0672520389489108 -0.231635165171879 -0.173036592285234 -0.262716452311362
-0.136733599757698 -0.21538574678542 -0.319806435152169 -0.219164128542267
-0.190418619997162 -0.188127841843203 -0.370553039124034 -0.149892796901946
-0.183603389119946 -0.202449649014133 -0.330223018709176 -0.174573765019382
-0.0730949746793141 -0.22672099968197 -0.246185973529488 -0.250450107455584
0.03318498472107 -0.242306805181556 -0.0951535292360425 -0.284096374748655
0.230325690740668 -0.168175989419566 0.059685898632605 -0.229259710476115
0.326692931440382 0.00541630756938031 0.104093201928439 -0.0589667285350781
0.24196085431719 0.214577396929981 -0.0448420073645412 -0.00930530054811423
0.154810922531151 0.401151219847428 -0.0422281553408071 -0.232476615035822
0.191715177884065 0.18008719474465 -0.081996606458669 -0.762323411293997
0.189746932260522 0.0460109310293772 -0.275975509208118 -0.460720995772143
0.130513980547926 -0.0259235153668772 -0.14655142035685 -0.0985455138434947
0.0667290520525008 -0.0529072550142737 -0.0164372026177116 -0.113052383771363
0.0401305738344789 -0.0694782948791216 -0.0279085011061273 -0.235999016120299
0.0191806927092312 -0.0857545113168929 -0.17523871537221 -0.323916367468457
0.000434870356490591 -0.107823418224499 -0.353421625065741 -0.280798595949448
-0.0305234746644269 -0.103122565869569 -0.418894882174172 -0.200594476908571
-0.0232514845986593 -0.112862815743075 -0.368147919234923 -0.236316013727843
0.0255185617575214 -0.107653162396961 -0.23287988185648 -0.300064955169502
0.0578362747746198 -0.0718161535361315 -0.0409958190693777 -0.306035277063013
0.0974339127046547 -0.0119216832660088 0.0787275923878953 -0.195442123557858
0.102181455346329 0.0311386985130798 0.0838614892820112 -0.0320517783226609
0.0770387993762918 0.0762883119506367 -0.0976970659650965 -0.0532888709831249
0.0871289786351792 0.162986819857633 -0.0875360067914719 -0.345717341566801
-0.0583665530126547 0.136620462389654 0.207494060029773 0.396705182755865
0.0599400420488732 0.113574611657541 0.212012079193675 0.105198031845121
0.132153230756406 -0.00497011065095509 -0.0680682661915743 -0.0238634503605881
0.0753795607663578 -0.116611831799978 -0.138797793509047 0.13024885514728
-0.0671803431768435 -0.108798710745434 -0.0281163259780746 0.310149534289542
-0.11349966067947 -0.0283560252318359 0.175636322520404 0.348291140744901
-0.128956195134393 0.00705291221209277 0.352020114584642 0.270874281859248
-0.12739469928056 0.0101655385422963 0.415793842325505 0.194205710699593
-0.133580678895405 -0.00353012702611321 0.367365417935922 0.244498742021955
-0.104551176287101 -0.0492068483600768 0.211800723175473 0.280119695483087
-0.0400733897881751 -0.122601812956483 0.0378060483541999 0.227813399611725
0.0953208360523359 -0.117635763308926 0.0517328507719527 0.0941666374214432
0.129778989086914 0.0179907716049678 0.160081279871571 0.0739084112461947
0.041627252984073 0.0933428540193453 0.284623296030869 0.338325913320275
-0.0423053168768567 0.0920958080288357 0.158052343953524 0.736086306596765
0.0349787982123582 0.377502027157028 0.219615126938206 0.311013195797015
0.208322300944551 0.26791152579534 0.212043183013363 0.0651362906394292
0.34579764482871 0.0257413629284582 -0.0697517735030682 -0.0600681000307758
0.238812858036681 -0.218762107814724 -0.157305883206303 0.0770079317428325
-0.0434136173737442 -0.281055557244602 -0.0778454412814617 0.282990169700958
-0.182050611166903 -0.16189617583492 0.116819207018106 0.325133163659441
-0.251668173595313 -0.100310127788652 0.277335539901068 0.260985694519237
-0.279021306787353 -0.0791511081666846 0.337829930875939 0.185475628608563
-0.285846710986412 -0.105759949615684 0.303177317129587 0.221219039588838
-0.189379855441843 -0.182298930189122 0.153862493800384 0.228894160590691
-0.0519369886929041 -0.294769987595332 0.00464323814224033 0.167846016500823
0.238520229228662 -0.272220630983559 0.0637555219220985 0.0248146474885829
0.367218646711405 -0.0115325315964229 0.191585012494081 0.0381323127441829
0.231057622096262 0.24134719324399 0.318951446604337 0.321527220345634
0.0624368665777896 0.353426771251603 0.20240118987338 0.685333835802683
0.126243965348426 0.576854289918238 0.212840235845661 0.156458911885157
0.3454553379653 0.400556117656837 0.17993798198868 -0.00986029920830503
0.535887330095341 0.0525106315980228 -0.0789523533519074 -0.0893532270339729
0.3865435887982 -0.307628137679741 -0.161201013946699 0.0246275581894147
-0.0105607633634264 -0.429395546381141 -0.109005224812948 0.225786551979988
-0.224396802858764 -0.280279076879162 0.0491510086950518 0.254529882358213
-0.336137783750463 -0.1968125050805 0.163761761417608 0.207803223444787
-0.389144314912339 -0.156630047409755 0.208696245645084 0.14907949735302
-0.398123780410697 -0.185983128604381 0.191964984196046 0.166843525154146
-0.256416231482152 -0.282168470698761 0.0678908272440295 0.146300694553219
-0.0735137785821874 -0.427002851482516 -0.0360334191609499 0.0802911212095469
0.333080119085872 -0.409728208553141 0.0641102883832303 -0.0568170286979297
0.553470697176124 -0.0672986702183148 0.204040937820848 -0.00792003356816207
0.402026979823818 0.335820333677706 0.311318108286584 0.26929590016293
0.169023324076149 0.556311348557219 0.210280319199149 0.55199920720443
0.206594226876677 0.700232775121824 0.18383607889757 -0.0517506918813722
0.461050986162115 0.478463314473497 0.111329060099132 -0.117067658044237
0.675489082178679 0.0552181124882098 -0.0991898071512857 -0.114200792692505
0.485134924713612 -0.376152374734892 -0.15159053012469 -0.0272013161988824
0.0160033219353456 -0.528432117477811 -0.123068413416916 0.13613400322092
-0.238811628733396 -0.360632460328675 -0.0241353621731172 0.141667162253366
-0.370244895499061 -0.265202754565336 0.0262012904309945 0.119573419574089
-0.440682365378349 -0.209590323658707 0.0475686440463399 0.0912332551034985
-0.449726822551693 -0.236159509742141 0.0480788300725523 0.0929936871318409
-0.286170353028058 -0.337717242586113 -0.0381310208550838 0.0463587991659617
-0.0895309457823148 -0.494075641802087 -0.0833904191029823 -0.0226287938803376
0.373724553158233 -0.487679997488269 0.0503039958531224 -0.138567898410293
0.653121282762855 -0.117521291791287 0.191313748875718 -0.0531347343258364
0.51162299835237 0.37021121827357 0.252641680107328 0.192844467276096
0.248824609117398 0.667145502055946 0.17347682995554 0.361111383429207
0.268642972116998 0.720801836374096 0.127099912223289 -0.286585557420791
0.51890732399905 0.478407168643926 0.010440070067153 -0.239495786492475
0.711522705761913 0.0386219994531308 -0.12192082871736 -0.130878914064689
0.503149403498102 -0.393522959497201 -0.127667051384531 -0.0786861234097806
0.0360722371238583 -0.543528175895538 -0.122393889732469 0.0194873217926858
-0.219521528695998 -0.383043564097266 -0.096775064929634 0.00107889572900895
-0.347911869692221 -0.293517965388457 -0.117147548863258 0.0100323556112966
-0.424086401244171 -0.232272913052162 -0.120309135762262 0.0200279548810497
-0.429351844868757 -0.253373156800021 -0.106082588286392 0.0100998986949848
-0.264458389495028 -0.344245772391461 -0.144511941371764 -0.0578710648464145
-0.0783590118920093 -0.48168458655902 -0.124242503452371 -0.127016051122559
0.362370823136375 -0.468514548977382 0.033311707144756 -0.202947896654886
0.640436164630273 -0.124484371182905 0.160191964093718 -0.0808136613199778
0.515979079932525 0.351476472104907 0.154289868393602 0.114579006149557
0.278581575941147 0.672207822695421 0.101932259132485 0.143079865865736
0.293634750391333 0.628967399786109 0.0480112698468867 -0.508401265186849
0.4870177724362 0.387341283460333 -0.104529544267921 -0.347044351780675
0.61288901882018 0.0146724031808135 -0.136150824579867 -0.134403253570917
0.419977216264347 -0.332076986703402 -0.0901765747337173 -0.118542813857927
0.0429607327187049 -0.455939525720293 -0.105902925765671 -0.0997066957497325
-0.164811086067131 -0.334884665163866 -0.15698114037358 -0.139311173130383
-0.272410644622051 -0.273993262307962 -0.244160853885721 -0.100869045459173
-0.340913330415859 -0.220069761425911 -0.270282283897133 -0.0541236777892437
-0.339951309726957 -0.238475771347291 -0.244123192995275 -0.0743055064321508
-0.190873374131268 -0.303222789269252 -0.225264403368507 -0.154579003070191
-0.0362094052702453 -0.388690885325565 -0.137320238429715 -0.215761607835338
0.309632601652608 -0.35258126267208 0.0287899353581574 -0.235263674280313
0.519862793902173 -0.0809433105719011 0.12709143531414 -0.0835432666636693
0.417647673806745 0.292663030486362 0.0472968073210607 0.0463681282929391
0.248850835834736 0.57347773561445 0.0172459765995995 -0.0644985304493082
0.272112894413528 0.432448813052162 -0.0402162215082251 -0.673574461257187
0.366861459372993 0.228006682122181 -0.21296129920036 -0.416008826760828
0.39914820627571 -0.00944306181478073 -0.14268234696189 -0.121036940938025
0.25954935033319 -0.208856597389318 -0.0510389152500244 -0.132874821313241
0.0406681907279513 -0.28403320540175 -0.077472831939816 -0.190551900791292
-0.0836458987067531 -0.228596424325198 -0.192133291086482 -0.250548320378184
-0.153325297109593 -0.207277621409474 -0.334276013847363 -0.192623123220116
-0.205685989531805 -0.17391373690399 -0.378972538188288 -0.121087687130908
-0.198710522375826 -0.189225682010876 -0.341392021877586 -0.150478727324369
-0.0883003048028524 -0.222970094996243 -0.263717305696649 -0.232604873663749
0.0166652680793872 -0.243386722845486 -0.113494936129779 -0.276929343914642
0.22076124188336 -0.184977205388635 0.0426739942564286 -0.231348137467735
0.327018680166528 -0.0180142135333519 0.101535628170108 -0.0649478592589699
0.254825913389909 0.198940879591728 -0.0402371670451088 -0.00679623964827747
0.181813519265435 0.393090151902251 -0.0563599873360079 -0.232678288767963
0.203691884154952 0.169040027923041 -0.126666743178752 -0.754700485738468
0.190747405218594 0.0365622170860725 -0.302841078348202 -0.438249038865707
0.130041872556495 -0.0336910613298466 -0.151553772064367 -0.088964043409115
0.0648923352725172 -0.0579108681841752 -0.0223414778388117 -0.113106358866616
0.0344981368681604 -0.0727913759037909 -0.0435781100419187 -0.233952004438029
0.0120423429952943 -0.0879504042917904 -0.199252418987268 -0.311836047374206
-0.00882450486345 -0.10878267606692 -0.372410805044578 -0.252012597362319
-0.0386144852027177 -0.101586279411151 -0.430368327270033 -0.167725048409599
-0.0316771597956066 -0.111890896889934 -0.384633499283139 -0.208525662562486
0.0171005751407628 -0.110891864621685 -0.25488644347362 -0.282646791164145
0.053564915906583 -0.0760045403773347 -0.0623652106511959 -0.303086846540582
0.0977207561806815 -0.0202320606221172 0.0649113583508202 -0.198326457975312
0.104558568557404 0.0228496028750556 0.0838918691315731 -0.0377481692110946
0.0824901965802335 0.0715574723434738 -0.0966249814398479 -0.0475343647278207
0.098747302129024 0.159090070713114 -0.109683013412407 -0.343615691779126
-0.00140542043307491 0.150418097791956 0.326466605068685 0.296256365768338
0.0993309703672002 0.082196990763682 0.224542251139983 0.0248729390831664
0.119921591804357 -0.0511116873358269 -0.0739947728039508 0.00819953522049045
0.0253597675486349 -0.133427081517821 -0.0796971036234989 0.176847040554479
-0.0978669370212304 -0.0725929900656591 0.087110172044061 0.298269476944103
-0.110121205913347 0.0169280777455902 0.290938423712604 0.256537605611933
-0.114827226356434 0.0538491889553528 0.427631222381242 0.119090011336654
-0.110832594632263 0.0539069323966527 0.452153959719204 0.0225583636542411
-0.123656626156943 0.0448177189229586 0.425671808549559 0.0936564920013386
-0.111864570728249 -0.0103032097089438 0.297230115873753 0.185447106913364
-0.0802729869652247 -0.0973495043554049 0.118954637011476 0.198926469046703
0.0461113210510273 -0.141710365060858 0.0764611979787686 0.0719484467404717
0.12646440023585 -0.0285000001352473 0.167785730010157 0.0141223233459697
0.0680098552467228 0.0693252173867562 0.375366471907158 0.221119163245562
-0.011704184771928 0.0955367285192553 0.38173800385778 0.630334932238549
0.176088824659878 0.343954824375117 0.297663367532107 0.2101354710588
0.295504310519325 0.172048840184626 0.200256215094893 -0.00971888842715752
0.328232151715607 -0.101440116664502 -0.0938326864908912 -0.0124720780706694
0.138183462098966 -0.290312725055267 -0.112421461879711 0.1436523787217
-0.137710939016332 -0.240228762491314 0.0401453606713364 0.294050855858506
-0.22018294263096 -0.0824991355467094 0.23430523025634 0.256303052611413
-0.270147135298943 -0.003973700581349 0.360901616265666 0.138780941404365
-0.281669316130063 0.0248469780179638 0.380626479556508 0.0396683785637171
-0.299400967884691 0.00410069198140119 0.360648841209699 0.0924148576471413
-0.236789983028433 -0.105044344283857 0.22825546000482 0.159269102602252
-0.151050864310415 -0.253051777793369 0.0710359563388985 0.158121851093605
0.126132830438517 -0.334964706929054 0.0615213268189163 0.00798960952502272
0.33643505721368 -0.137348920279264 0.18088108931832 -0.029736505452496
0.295858500468549 0.14240571611344 0.403563630578977 0.188623940546227
0.17470827564279 0.308743697567987 0.412692927987327 0.560503006222149
0.334696391652795 0.4989496244151 0.231143483395587 0.066217653668604
0.471737014346309 0.246473022876519 0.135779396937337 -0.0651897434210796
0.51368711500942 -0.148013451181399 -0.117298876940104 -0.0253701007064128
0.240815153725629 -0.4294108753314 -0.132006775246925 0.105075390731512
-0.161070295652579 -0.389044097420511 -0.00267786934106338 0.254529872178823
-0.302372639610645 -0.177983199343038 0.150498623924615 0.21475164144831
-0.384939328958843 -0.0657424782266073 0.240702552951348 0.133967318007491
-0.409886700806561 -0.00774399287268097 0.251729109898135 0.0522367105289771
-0.431627718799529 -0.030413417380655 0.239201940079652 0.0798784837194366
-0.333221404931628 -0.174893393809695 0.122712058818212 0.11338640769171
-0.217409834042845 -0.367485729610225 0.00656614421019759 0.0933770161019709
0.169690114522158 -0.495926190128437 0.0332916822121022 -0.0639480402803278
0.490449590385194 -0.252499819618857 0.173498646668808 -0.0775326070673382
0.489141139150559 0.171113599913565 0.379298696846524 0.137309859950128
0.343851339946669 0.466382664132895 0.380262852490257 0.427785929449648
0.455636058385761 0.584209907907463 0.125983180530991 -0.118640335605637
0.607860954079888 0.277031463904859 0.0288506258979565 -0.137919465593459
0.644261276943904 -0.197061014740958 -0.147187795601208 -0.0325105058687236
0.305544614583134 -0.531467490189392 -0.139172283666926 0.0598016518648706
-0.170708632680251 -0.492004525228082 -0.0423543042250174 0.177933340785921
-0.343950180199051 -0.248905110141502 0.0448126059611483 0.136110472526011
-0.444322859353626 -0.119249338455964 0.083749161750587 0.105227694178303
-0.476364477047259 -0.037530311117067 0.0854310386206775 0.0568870569868774
-0.497185087222182 -0.0577829370850986 0.0816606988598328 0.0613255866844079
-0.381140939671383 -0.215456071455104 -0.0092920558918703 0.0574000534689693
-0.253751381119964 -0.424718536365956 -0.0714190790574146 0.0156002346187325
0.176999911407524 -0.583358999868366 -0.00725930162311081 -0.131971715313042
0.564316126956322 -0.33382721542182 0.144881099205227 -0.114470778628534
0.601722363575758 0.165743481616976 0.300222477889566 0.0832981663028434
0.4572316206426 0.545627158770745 0.286432691835589 0.258176768473999
0.519345845830204 0.583749490706749 -0.0080252999185518 -0.318162576293082
0.66106144221448 0.254650017274979 -0.107835099750882 -0.215194184289897
0.675595961947046 -0.226043474519413 -0.174368012993856 -0.038433958154577
0.315751922901162 -0.553439965740968 -0.133250996962864 0.00404040334205714
-0.161209172919401 -0.513504574527624 -0.0809020832402238 0.070176143581029
-0.336172405976184 -0.278132775560986 -0.0726006208968846 0.0325359015732954
-0.435733185997447 -0.153833618850477 -0.089109963381179 0.0579158866198845
-0.470668597263636 -0.0646791277318117 -0.0934755749800115 0.0540259916158876
-0.484678606194251 -0.0817736884321504 -0.0896135656260268 0.0391123797569677
-0.363039503300478 -0.229971832204885 -0.144217882670482 -0.00180245593677388
-0.239181827892382 -0.415286661856169 -0.145933124123041 -0.0666004104708848
0.174948357028213 -0.562724331941193 -0.0442165083722312 -0.185954403034498
0.55112684863177 -0.335974852498857 0.107877590469515 -0.131031843795977
0.600950041405163 0.148453982077854 0.184051742281719 0.0421219406623874
0.486731509985753 0.543043608213404 0.150021657493258 0.0779648911546756
0.506229996110454 0.484397899795189 -0.153789183806629 -0.4958942614571
0.596924956811782 0.185260198822436 -0.246177557811392 -0.275537822110639
0.57514467438576 -0.211670601853738 -0.185270529822403 -0.0425112143046039
0.26318653176008 -0.468126363933358 -0.114468782398418 -0.0519256799990996
-0.124424890882868 -0.4365997652418 -0.111511739388951 -0.0480774756706346
-0.271092078238929 -0.254470253785651 -0.181610193441437 -0.074724672453608
-0.358911055503182 -0.162769833581391 -0.24939213788625 0.00286673972590521
-0.390961128207876 -0.0823535388598163 -0.258197542068858 0.0423508966018051
-0.396909399304214 -0.0985749833119456 -0.246725899513936 0.0122864993462507
-0.281766440518012 -0.215973145711152 -0.254396664991885 -0.0629287495438747
-0.167395664459992 -0.345408398473547 -0.19223221058652 -0.144400069648696
0.167264650910578 -0.437279552575014 -0.0581794011296983 -0.217079280366634
0.453422155408806 -0.254042892316965 0.0799248128388484 -0.123027825771604
0.488607831596302 0.128136268663888 0.0626381010166292 0.0158181347414935
0.426950967859712 0.458897447148477 0.00313167395407278 -0.0846187308729802
0.412024743637598 0.308406811195924 -0.286625743127621 -0.616813187772942
0.425340570024867 0.0800450535285967 -0.360761277984651 -0.305566156188533
0.368154592915744 -0.156089935739976 -0.181463400187426 -0.0400041078094735
0.161583512708451 -0.293802563309242 -0.0869585800652157 -0.0895634852686175
-0.0648911411464785 -0.278174516600153 -0.124174842644188 -0.146404441373814
-0.160822432674168 -0.185338458774595 -0.25880348151671 -0.164341795631482
-0.224400492345278 -0.143239963884812 -0.371465125566118 -0.0500638216848666
-0.252076760461919 -0.0884824805912737 -0.38425617654853 0.024458335449903
-0.250352785252067 -0.104079637098392 -0.364365474609803 -0.0212453517127991
-0.159614363804524 -0.176268395911091 -0.319377130036047 -0.1213258643955
-0.0688346835534653 -0.230498510141108 -0.196253390702335 -0.210901091560927
0.141781525052922 -0.250240429614515 -0.0421686544603037 -0.221440340753917
0.296516992055025 -0.129905527899348 0.0678243038462084 -0.0975577197005958
0.307591344873098 0.0971142780741532 -0.0359758290951617 -0.00214557530095059
0.305187174770851 0.312600392428171 -0.122730402783192 -0.21167105573551
0.249529652702019 0.0832466598703021 -0.383837551814979 -0.659355121451375
0.187714579677657 -0.0339210446190835 -0.437682621896438 -0.297761961905747
0.109032882571965 -0.0783121880869706 -0.172275143811576 -0.0227592558448183
0.0394594291266281 -0.0796239445875846 -0.0588644675774086 -0.0952160982343519
0.00349547747081526 -0.0822799858155017 -0.118049760890677 -0.202438274389406
-0.0239685680171992 -0.0891151668452279 -0.293861732805417 -0.216988530664312
-0.052534398690347 -0.101023751514857 -0.434477105738382 -0.0914914066753869
-0.0744382277890351 -0.0802614774453134 -0.451571302084953 0.00383877608722562
-0.0697732276528248 -0.0921650351995028 -0.425972225805602 -0.0564257768750991
-0.0242650681598627 -0.10799741853877 -0.331370827283742 -0.171883339827952
0.0235330324035711 -0.0899433227505561 -0.162855595940773 -0.254510965621105
0.0846666673209216 -0.0539270154572016 -0.00756126976799887 -0.202230554522746
0.105081174056425 -0.0162115234580708 0.0651026053452156 -0.0663139095193594
0.102995757736019 0.0386990168730026 -0.102931978296285 -0.0168169313267125
0.149576327052607 0.11967183242324 -0.210601857768974 -0.291358463462806
0.00297958231996484 0.150201961040445 0.335172127331791 0.287939113411393
0.100589862128244 0.0783321156514184 0.223016126235401 0.0182336046394525
0.117312775780367 -0.0536482857221164 -0.0744751182107938 0.0104684108095709
0.021671225105682 -0.133078104108922 -0.0730969275504302 0.179513377389713
-0.0983432488797809 -0.0690426553809545 0.0999067714794972 0.295597609659166
-0.107633725677515 0.0201913107022492 0.302570752873945 0.24740910985914
-0.111793353892274 0.0577378665590387 0.430892424107949 0.100027839043129
-0.107881308541795 0.0590186725250725 0.449302038578998 0.00191351438123983
-0.120729805521802 0.0507939489744672 0.430911194717408 0.0735503194089652
-0.111331649628617 -0.00651454399263456 0.306369806548135 0.173661888511473
-0.0834631840010345 -0.0928167400185494 0.128202132292373 0.195700342741685
0.0397088826787836 -0.14256503297034 0.0765793174765326 0.0690499606319368
0.125084389172481 -0.0335048817236184 0.164900467925852 0.0109915911066028
0.0696187530279285 0.0669207686609746 0.38075474889642 0.210983613445834
-0.00889827130804059 0.0937226806987931 0.402674458839943 0.619269507654862
0.186869434449381 0.336572147946711 0.302816699292418 0.203582080220781
0.298651232548912 0.1624487959081 0.1972745312848 -0.0136860949932954
0.321993884780249 -0.111366554755971 -0.0937622252853519 -0.00882817382066799
0.129057794557328 -0.294612453738952 -0.107318960191696 0.146805702601067
-0.144697540171401 -0.234115459956533 0.0530157635466867 0.292419973712367
-0.221399426822368 -0.0759364859761201 0.246049038697447 0.247796463712633
-0.269701410153249 0.0050595412767764 0.365604046780993 0.122576167209312
-0.281171969114951 0.0381411071419141 0.380384760398145 0.0224837299958787
-0.298952426276247 0.0172811577013914 0.364312665895521 0.0747004237003901
-0.239186232117029 -0.0973787710282609 0.236777372874552 0.149074569966007
-0.159487721966278 -0.246649297860093 0.0793720912170078 0.155326281478179
0.114056679343216 -0.340107732446432 0.0592477823573506 0.00623953342680676
0.332055449243875 -0.151011588419849 0.177132589246372 -0.0332094969972479
0.300556385496417 0.13375830082094 0.407670375808061 0.17716670036754
0.185622675048061 0.302168536204861 0.43037389214915 0.549104181601627
0.349400291247498 0.486204110349903 0.232474147688148 0.0613289182154897
0.477659438029197 0.232697785683933 0.132164122807658 -0.06723682757403
0.504880163309809 -0.165111489370961 -0.117467169893729 -0.0204009053400558
0.228582052023184 -0.438582204508522 -0.128644799723385 0.107924333545666
-0.173027563060912 -0.382670376397215 0.00982754055401338 0.254723218604339
-0.306567244080127 -0.168975331287758 0.160019076686178 0.209454044390951
-0.387824883439477 -0.0525147113328239 0.245966187657013 0.123174469817472
-0.411592361071499 0.0105657385825676 0.252576405491598 0.0398701037426402
-0.433147331377921 -0.0109030921122858 0.242748141745551 0.0667409792790697
-0.338432528698829 -0.165195634704486 0.127780170452728 0.107152096165765
-0.230026489485002 -0.358972554762716 0.0121404325182492 0.0926772099487227
0.151279515110942 -0.504459996837022 0.0279424779471298 -0.0641924760697699
0.481678631598338 -0.271803121555759 0.169685268674601 -0.0806448428735343
0.493936252036456 0.156145068892509 0.382914871707053 0.125071527647014
0.362021820636782 0.454878313027158 0.394189025963798 0.416534059398903
0.474781662462609 0.567341913226973 0.12309736239305 -0.12112646893612
0.615544692571871 0.259894815862667 0.0238533171151235 -0.136642623448102
0.634266781614419 -0.218436674465225 -0.147316451079312 -0.026695707417389
0.291219732986118 -0.543193567000453 -0.138046253718702 0.0620578763079383
-0.187337690072062 -0.48484702015293 -0.0323843495238676 0.17964579461735
-0.353376960328683 -0.238803561191314 0.0510162059183148 0.135068303660864
-0.449940218392333 -0.104399735592157 0.088600596244615 0.101009417556796
-0.480186010034609 -0.0173338444658478 0.0878804091205912 0.0519789175144291
-0.499416889555546 -0.0365604077899946 0.0839717976623657 0.0553172104322923
-0.388034182331037 -0.205066047931238 -0.00650788081630256 0.0568710203654242
-0.269898636611672 -0.413339885007393 -0.0688336882747826 0.0171189397784246
0.156044099080803 -0.592150664123875 -0.0143891607268908 -0.130633685903116
0.554015749106231 -0.355195026805755 0.141417862983694 -0.11812264694073
0.607322067411874 0.147856592605545 0.303956258384802 0.0720109627560083
0.477418813769371 0.530829853309518 0.293375220998991 0.24837769866165
0.537547715469737 0.563974146045162 -0.0170707324118131 -0.316506703160513
0.668668349856267 0.23914132610779 -0.113555783273499 -0.209474795266318
0.663411672039104 -0.248126335181084 -0.173849115860419 -0.0316710902814078
0.300437876080543 -0.567094595994184 -0.134799410603185 0.00628377676335031
-0.181009009208576 -0.506749464912997 -0.0749434897286572 0.0728051244317714
-0.346905334118498 -0.267429996863916 -0.0705563864356548 0.0353990695300832
-0.443547824922848 -0.13939221698783 -0.085291789849351 0.0607565663020717
-0.475801604856691 -0.0434797732580897 -0.0901457751120532 0.0566396037579858
-0.488330928677701 -0.0601835877117686 -0.0882228447334738 0.0410409113885869
-0.371219509206466 -0.218860290278143 -0.14453584587532 0.00291543711792592
-0.253345324462535 -0.405597382734752 -0.146987677180522 -0.0623682235055764
0.155567147542722 -0.570770017283267 -0.0525758544360002 -0.182976803053092
0.539574443518429 -0.356030604430191 0.104868010563448 -0.133306619518338
0.606379798932337 0.13039185964327 0.187280947199841 0.0331643041056542
0.509041426997194 0.526578026101131 0.151071049235306 0.07149485583909
0.522448769051409 0.46778630513089 -0.166806548287565 -0.491238381409016
0.602461546301309 0.169892053235822 -0.253178738849221 -0.265887163023515
0.566666944927043 -0.232606433161442 -0.185977214497973 -0.0356258893997734
0.250477921596359 -0.480640129376685 -0.118180831806473 -0.0503647104882123
-0.140931537626073 -0.432123770956631 -0.110746492798347 -0.044669899333091
-0.282467084136563 -0.246235732596521 -0.184058974630679 -0.0687033738801583
-0.368462700207553 -0.150942733194088 -0.247574964193165 0.0134085327069142
-0.397262046970268 -0.0654249756627863 -0.254148196334493 0.052934483625118
-0.40214208307451 -0.0819941109078914 -0.245999561537011 0.0212401889872901
-0.290966384678726 -0.20763889633329 -0.256917501302072 -0.0536214516894803
-0.179733613345358 -0.338271468759807 -0.196263757223098 -0.138284034650991
0.151483655968328 -0.4455108945731 -0.066170770545922 -0.213209358138549
0.444294644948512 -0.271576211263182 0.0775761804248403 -0.125420451978292
0.494309409501871 0.11330019623528 0.0660247304912686 0.00964314027620519
0.446413313714911 0.445616336804445 -0.00121987716296342 -0.0869130818349394
0.422305089293352 0.294601778676646 -0.302431254770714 -0.608397589971428
0.428718755888567 0.0701319356616635 -0.366431481663588 -0.292936722653575
0.363101356968612 -0.167798569501731 -0.181568433943437 -0.0333504837945564
0.153893147695637 -0.301778802302612 -0.0913754448996243 -0.0884224038592208
-0.0767675523698646 -0.275583619967082 -0.128595795159202 -0.143179799994109
-0.169789041666965 -0.18047041996167 -0.266255132389623 -0.155140888246443
-0.23317509988023 -0.135404010369794 -0.371074842356158 -0.0339899083134204
-0.258391634731954 -0.0770990790608505 -0.379872392954119 0.0401956368744283
-0.255181115979152 -0.093738956910604 -0.364365621080618 -0.00532801726260273
-0.168128070897865 -0.172458059210826 -0.324443338581815 -0.108433576364716
-0.0769793722442036 -0.228603046002688 -0.204206217654275 -0.203934279714444
0.132298948684428 -0.257577042386622 -0.0495215294730036 -0.218241843341536
0.291744157387753 -0.142291210384591 0.0665481929509302 -0.101246962718134
0.311312487517732 0.0879716384986476 -0.033423389348555 -0.00423525516755218
0.318688197838095 0.302699937260467 -0.131556475049396 -0.210568899326394
0.252299915465448 0.0760253601283927 -0.401576426960473 -0.649548550381717
0.187235095875794 -0.0364702337055046 -0.443102791261841 -0.283261398275656
0.108125098151049 -0.0820592287085674 -0.172433988047094 -0.0172374699909754
0.037818299475791 -0.0824924986042314 -0.0634516700057403 -0.0939022489021912
-0.000519580444933856 -0.0828801587247474 -0.125935656177326 -0.199500946327674
-0.0286467364846355 -0.0882518616144009 -0.303771568319903 -0.206991337260039
-0.0594789258434114 -0.0993483773672018 -0.436448209145849 -0.0726878229838283
-0.0799374325162141 -0.0766951379548803 -0.448502783569842 0.0230018303095409
-0.0744840157536355 -0.0896330888865423 -0.427375668023264 -0.0378566481157669
-0.0296970257254919 -0.107916972287108 -0.338981048984948 -0.15697996535003
0.0195695935934464 -0.0912597631179609 -0.173017594162146 -0.24809402734053
0.0830979792848297 -0.0593833868479741 -0.0144119946231764 -0.200632141521812
0.104463581289044 -0.0212524300977377 0.0645968042437159 -0.0701825586406766
0.104982700984797 0.0365880375216282 -0.100956731548244 -0.0163026297740638
0.155557743667798 0.116422507028957 -0.222911101364701 -0.287036805834684
0.00747505668479552 0.151264055849172 0.349362076903845 0.285215961246605
0.103098123357857 0.0759892432640071 0.22531727132042 0.0122921181796322
0.117027073415983 -0.0574199830338305 -0.0755948482583626 0.0130301654309872
0.0181723176121749 -0.135421675857009 -0.0663865260165434 0.184719348718476
-0.100797420666892 -0.06647962711792 0.11405781535604 0.297783697491076
-0.106257292986093 0.0237656823460055 0.319430602598534 0.240457807532721
-0.110843212044478 0.0617355641779903 0.439735693380883 0.0848533479693562
-0.106629154379411 0.0651756274872995 0.453797078820844 -0.0170249534957795
-0.120169327635935 0.057758200962828 0.441714155894986 0.0552233113932942
-0.112682220402786 -0.00230846920044478 0.31992685182728 0.163290040817685
-0.0878128283386 -0.0904452908882163 0.139072956769149 0.194631427026441
0.0341935825474636 -0.145183629621699 0.0786705759576761 0.0681387662925047
0.125120483859037 -0.0391217333361678 0.165378956908405 0.00873640267646154
0.0724687955160537 0.0647627730254004 0.391432313792614 0.204707675492199
-0.0063203029250947 0.09342084194653 0.429002383348415 0.619135787441809
0.201027434156348 0.334693488843881 0.314395012131012 0.199816821304924
0.307597613519539 0.155299588435526 0.19853842803423 -0.0188865647719294
0.322352213311322 -0.123096096455064 -0.0952027478489556 -0.00597094356581737
0.122085390818537 -0.304633189543547 -0.103803407362863 0.151526129258111
-0.153848502396313 -0.232443865653903 0.0670492647737374 0.295929178893404
-0.226199300771499 -0.0702165410320811 0.261510762271224 0.243130280699671
-0.274172686497131 0.0138440965084197 0.374543907940966 0.10960117342182
-0.284508949478349 0.0512166036323187 0.384744387466776 0.00598583295100012
-0.302569770031584 0.0319685118774415 0.373790578894782 0.0579942478431877
-0.246939138261626 -0.0921908285764742 0.247247480774029 0.140877925354036
-0.170604058633897 -0.243647457560549 0.0882203851000559 0.155489874855031
0.103145902741588 -0.350598283867598 0.0582589541383605 0.00488185593401676
0.332123004166332 -0.165249015733687 0.177773308874006 -0.0364217861503925
0.310475954403752 0.126089145092805 0.419359476231284 0.168641770707852
0.199597101551879 0.299765691569488 0.455946569559114 0.546668673077585
0.372498443625785 0.48035737782537 0.237563137834198 0.0569154216660807
0.492034223412843 0.221951640952008 0.130900390482596 -0.0698355741697492
0.503845455889234 -0.183169014245023 -0.118586164389366 -0.0157837811349407
0.219124448487943 -0.453899342495348 -0.127339603535437 0.112330953000784
-0.188907605660637 -0.382146619729414 0.0226224611022345 0.25875673875522
-0.317457670127956 -0.162156669590777 0.172381169031162 0.207313420707002
-0.396952798138444 -0.0409749070296227 0.254206090925445 0.114130858335594
-0.418664150025046 0.0299134472353542 0.256698143830588 0.0284688236661178
-0.440444313784161 0.00781266594300461 0.249890491531113 0.0551487480057998
-0.350060541237962 -0.157890309512071 0.134692276687166 0.102362421605247
-0.245747346811197 -0.355629082822184 0.0177996775733715 0.0929692348396499
0.1345782556935 -0.519018718852072 0.0248006057122976 -0.0650707630650225
0.481856234502972 -0.295269352196353 0.16957563004011 -0.0847905372742787
0.509017898556526 0.144255069200952 0.393443113454393 0.114720950005796
0.384487851041209 0.449929710522646 0.413818370382183 0.412690831452073
0.501911344662505 0.559059719891475 0.120920593919442 -0.125642498733853
0.632629195863853 0.246481093496581 0.0203825979358213 -0.136960856316179
0.633239998248435 -0.243271180270829 -0.148976541720243 -0.0204124882966649
0.280660270135743 -0.564127882413718 -0.139697445903912 0.0656318925868752
-0.210175005923794 -0.485683936632184 -0.0223518470617275 0.184134141829102
-0.367941767733783 -0.231840214147448 0.0584461445092377 0.135147276492496
-0.464024529860387 -0.0910865212260935 0.0941280362499285 0.097789884294526
-0.490131881792101 0.00410745332524 0.0908265430530937 0.0472316436517792
-0.508748800522541 -0.0155889889272609 0.0872418747931034 0.0500561326615398
-0.402338799276012 -0.197270102902374 -0.00464217003608662 0.0566277541441616
-0.288262312461431 -0.41147526400178 -0.0678494291971938 0.0185647023143363
0.138441125813203 -0.610908636098183 -0.020506702526518 -0.130857775132678
0.552270940550066 -0.381966056594313 0.14058495529862 -0.122562752879589
0.623985656578388 0.132433994787654 0.311773583290691 0.061669351571336
0.508279163846866 0.522864482582959 0.306045933479997 0.242529632641078
0.567315819428668 0.554587930171759 -0.0268555759954843 -0.322317042590879
0.689324161860067 0.223697859432875 -0.121506373316683 -0.207975918739668
0.66315990714122 -0.274181454586454 -0.175743751241791 -0.0249937964414278
0.288328443822223 -0.589927200991248 -0.138905464311477 0.00934825900919597
-0.201730708684571 -0.508619713808136 -0.0703458774121974 0.0764521587718546
-0.363033150461432 -0.261477429411731 -0.0704366690043309 0.0377783315682488
-0.459007813892328 -0.126400643710096 -0.0834220552774692 0.0637891836099445
-0.487523397407788 -0.0224666697355863 -0.0883445306996873 0.0598970435966679
-0.498387580791303 -0.0398979013549771 -0.0879968445779412 0.0437049074969744
-0.38630192395651 -0.212242428405039 -0.147097833256085 0.00818100419294048
-0.271490138770259 -0.402887631683741 -0.150681926219982 -0.0595253108807993
0.138823859906672 -0.58887265438428 -0.0603301140739007 -0.18301942766473
0.535360653207138 -0.384582597133185 0.103090910949604 -0.138589309237728
0.621630262163414 0.114852813799197 0.192971716703623 0.0242805725618605
0.539096853759664 0.51837404140665 0.155037660867006 0.0669971277501213
0.545347823129652 0.458214171953548 -0.183565040091312 -0.495379046136072
0.620398379462584 0.15670574566812 -0.263594159301469 -0.261915597754158
0.567982888349014 -0.255033601648676 -0.188700286798005 -0.0287194632725586
0.241063797204034 -0.499912200590451 -0.123994345089747 -0.0485084153840905
-0.159794864131195 -0.434002667581233 -0.111843866228867 -0.0419474965223179
-0.298202882731547 -0.240680669374576 -0.189833402670338 -0.0638700307657636
-0.383149353520795 -0.139987857751149 -0.24884009683659 0.0219254926191626
-0.408800012808615 -0.0471701559507599 -0.253693010148933 0.063086975143075
-0.41215337031622 -0.0655246565851858 -0.24905228383842 0.0312837252245031
-0.304539006271482 -0.202816197735656 -0.26408866015271 -0.0442052831884557
-0.193202903205205 -0.33699804093774 -0.204413352664276 -0.134714913776027
0.137985502509712 -0.462234816811434 -0.0758714529572617 -0.212812145551591
0.441422912927722 -0.294764670050036 0.0757759238075832 -0.130921657035252
0.507676098874609 0.100204668291406 0.0687524877858246 0.00387360853786376
0.473969289421934 0.438790980424259 -0.00559176355305863 -0.0902499631707398
0.439776165778622 0.285778303454356 -0.32499715115845 -0.610789670878719
0.439366117309572 0.0615571930351775 -0.380334751175075 -0.286286930397566
0.363716641012661 -0.183196579569402 -0.18515336075507 -0.0274530231745081
0.148749011795194 -0.314451560762119 -0.0987669683523622 -0.0874834452420184
-0.0888732128494229 -0.277460726584332 -0.134845485853603 -0.142040729563405
-0.180650997423729 -0.177256520536179 -0.277655520356416 -0.1482522246121
-0.245438509570238 -0.129076958785107 -0.376555723408398 -0.020284493770975
-0.268372198403858 -0.0666757276089762 -0.381103027779029 0.0560016527728748
-0.264734567723849 -0.0845538604153485 -0.370623853248477 0.00991764450918052
-0.178463060780966 -0.170395220283213 -0.334613731918297 -0.0968371971715603
-0.0864064536004021 -0.229271034989115 -0.215138675813279 -0.199743821847357
0.125842897444066 -0.270036065963393 -0.0575654483834296 -0.218905247168701
0.290752242616295 -0.157359432907612 0.0656724743524302 -0.106853546669824
0.320533297807158 0.0806999084967435 -0.0322195680596156 -0.00709200734653495
0.337667736529565 0.298054927227198 -0.142190945878722 -0.211739164092978
0.25900846380234 0.0701803348743667 -0.424364030063904 -0.651023462422479
0.190811663013803 -0.0399379008907499 -0.457374562048511 -0.275781473939641
0.108374111474405 -0.0872345531838405 -0.175525649547658 -0.0115286386731179
0.0367928015873951 -0.0868628003501604 -0.0695453431468017 -0.0934448151689299
-0.00490114851924674 -0.0833958051611092 -0.13572263721357 -0.200209465619379
-0.0338502250419741 -0.0884313367589895 -0.319691754839753 -0.200472144715434
-0.0668669222174242 -0.0984079154643911 -0.444478880882201 -0.0559033797795183
-0.0860771822904551 -0.074197331426574 -0.450332288205837 0.0417913708585956
-0.0808415297168681 -0.0884243649861208 -0.434861911723847 -0.0191619762519216
-0.0359258177319198 -0.109051084654442 -0.350981937542917 -0.145337418195889
0.0165911592529466 -0.0940780439218617 -0.185945816022515 -0.245029060160107
0.0821593202499433 -0.0657777161179803 -0.0207018481178638 -0.202484528906068
0.105760834398783 -0.027020475214758 0.0645239457292781 -0.075880947307246
0.109395101913862 0.0348054455275228 -0.101266060451275 -0.0164673853044939
0.165174225645905 0.114159523646634 -0.238248116800839 -0.287317144797548
0.0144568338490975 0.153289968525653 0.371651679624511 0.277958118929173
0.108066759195043 0.0718501488573647 0.229708095947422 0.00308042234813092
0.116810026256917 -0.0633372805698538 -0.077272268000957 0.0166310207403423
0.0118505811520965 -0.138890827257265 -0.0571321266571134 0.191378111763181
-0.104994355762179 -0.0629667309147322 0.135199819518637 0.297954574136563
-0.10574801049477 0.0287708587166301 0.343882304620408 0.228807449838341
-0.109618659575323 0.0686193474050986 0.454711636552403 0.0616112255551803
-0.104905987523175 0.0729426346124481 0.459226034400959 -0.044274014080062
-0.117977100874473 0.0671295035537681 0.454617060544431 0.0276721762482626
-0.114683693412292 0.0032965987278348 0.337775436705389 0.147219344312732
-0.0941958341919147 -0.0874255389959385 0.154346033615914 0.191880372322314
0.0264852553381941 -0.149327418081183 0.0826599969660979 0.0658450751401583
0.125521278783417 -0.0472832477494403 0.167355367000983 0.0037999448567211
0.0758481204194828 0.0614782283341874 0.410719526568048 0.192944786672856
-0.00285776807386106 0.094016597254764 0.470482958373363 0.613535711907462
0.222528809691689 0.329847507880963 0.33021090107928 0.19109467338173
0.321738004635024 0.144243301487794 0.200954185163212 -0.0268915892620042
0.321112024420145 -0.14163319076162 -0.0972749007674311 0.000239918473130004
0.111033268174949 -0.318577241202192 -0.0978694885627058 0.158999094834802
-0.168369245986343 -0.229444521182001 0.0888678321097864 0.299000319170785
-0.234293780990648 -0.0618460117251418 0.283780979377509 0.235659859416795
-0.280933181385042 0.0281343082090851 0.38917840290932 0.0902140863028914
-0.288748033566129 0.070112690244553 0.391308337712769 -0.0170617202961627
-0.306533031682245 0.0513870220419088 0.385594385267992 0.0337665383432832
-0.257798204546773 -0.0825401844393311 0.262121301748807 0.128481572013647
-0.186535994098841 -0.240436288692911 0.0999229707670399 0.154455298671111
0.087152626902252 -0.365465165075182 0.0582357328724024 0.00301997864221249
0.330985792298311 -0.189255607242025 0.179149562876827 -0.042776403588287
0.324056917012689 0.113590865248418 0.43674913848492 0.152784505777154
0.221294661016536 0.295662205174448 0.492484996938462 0.537174287793796
0.405018500304703 0.469594012045757 0.244512639599193 0.0495929821531781
0.515197528493696 0.202008835630562 0.130413744122888 -0.0755227009202101
0.505264418765644 -0.212093398798099 -0.120768218263433 -0.00962007186046618
0.201706735253034 -0.477610019181307 -0.125076613472987 0.119643608311379
-0.212953385700827 -0.380646812130972 0.0402850820540944 0.263030767716085
-0.33256516297827 -0.151361311342523 0.189719627966915 0.202705503323482
-0.411429204457857 -0.0213451499432154 0.26626133985733 0.1018961261215
-0.427788397403206 0.0566396692492451 0.262050745352382 0.0126087571634242
-0.449387764256289 0.0352781015221628 0.257808024791961 0.038380563182801
-0.368202037985456 -0.145873793230846 0.143787543822819 0.0954680943722371
-0.26992011552169 -0.350862595123244 0.0243249510245401 0.0933644298894293
0.112616461828505 -0.541193122477708 0.0206347648887381 -0.0673805769660203
0.477443302915236 -0.330306660173639 0.168843323742524 -0.0926308850028298
0.530558132850941 0.121712217243694 0.407802871510349 0.0982116896183899
0.419634414909465 0.440606766969664 0.444813688183961 0.40308215345593
0.541839872426436 0.543896673858339 0.116681537004151 -0.133675675620734
0.660409007083483 0.224610993145323 0.0149138840794463 -0.139545476796631
0.632761179342655 -0.280205021046786 -0.150970648599044 -0.0126435117563351
0.259421545246886 -0.59409267889647 -0.140997039219761 0.0728960423328758
-0.240201116229847 -0.485470110712003 -0.00959489039946996 0.188358457914213
-0.389393561384272 -0.219847917921114 0.0670340639192741 0.135086756547587
-0.482267364505739 -0.0693140265712262 0.101733783779248 0.0936733199180051
-0.502783540203057 0.035377642682161 0.0946641482993675 0.0411253536940755
-0.522478936120075 0.0149242844409499 0.0910337462980238 0.0434171233090295
-0.424335766463704 -0.183098429203004 -0.00184100917424212 0.0568595046844206
-0.315017682864493 -0.405954476070718 -0.0673510419832253 0.0213968663943233
0.110860858097522 -0.636204711565568 -0.0285455664575624 -0.132375480660181
0.544171552314911 -0.423696444527256 0.138306623984102 -0.131181301229058
0.648375328056263 0.105686762741276 0.322050757947343 0.0462951788859692
0.550402803854657 0.510302966187312 0.325106349148004 0.232803326462709
0.608141177371989 0.538341069721442 -0.0430074162231679 -0.328227669921535
0.717020901217501 0.198661247323453 -0.133223626517875 -0.205511618366587
0.663894566229637 -0.314875059446579 -0.179107692057528 -0.0154372918655797
0.268762338486615 -0.621468138821225 -0.143920097140313 0.0153263918387488
-0.233960264800774 -0.509684747611572 -0.0646403731871765 0.0806767165232384
-0.387637917419279 -0.248980171903942 -0.0700234578949415 0.0419731716570802
-0.479973868646474 -0.105061528914153 -0.080676378509801 0.0691837992825305
-0.501653674524906 0.00793694934685096 -0.0860033299686219 0.0635284578968406
-0.513596385492054 -0.0113188240557355 -0.0881479921498527 0.0481350539956709
-0.408925414330491 -0.19856147656251 -0.150770168006911 0.0159376252161078
-0.298227060875966 -0.398458862946352 -0.156474044364899 -0.0534776008074439
0.110444065486648 -0.615066886886064 -0.0715415629078704 -0.183421885687351
0.527516516590999 -0.423932725817358 0.0995472306909828 -0.146361587899524
0.645420375001881 0.0883362038494525 0.19889195250845 0.0126367505273783
0.580918597464266 0.502870032565806 0.160975395367337 0.0594052201884976
0.582825143022481 0.44087398878395 -0.211715902566215 -0.498621873528485
0.645897193227954 0.134035912456811 -0.281291769574829 -0.255418665469494
0.566534677499309 -0.29043555687298 -0.192218534602788 -0.0191580507343916
0.223351595903976 -0.528649529592957 -0.132020914037607 -0.0438161911496273
-0.187436969276265 -0.434428803890586 -0.114381943266318 -0.0385132850843505
-0.320270326472961 -0.231708757549495 -0.199995014003664 -0.0557123879073215
-0.404513236403245 -0.122367673474799 -0.251518413536116 0.0357566747076901
-0.422565190367942 -0.0226891956011151 -0.253277512565982 0.076844388724087
-0.426851397360128 -0.0424680775265442 -0.252442608036067 0.046011791688802
-0.324058543495091 -0.193935469376467 -0.273467866848075 -0.0304514217222994
-0.215184090917547 -0.335083869097475 -0.215985112946455 -0.127447411752227
0.116797137457296 -0.483795967660446 -0.087776381720374 -0.212875744863297
0.436175388695024 -0.327973479170882 0.0722529179553384 -0.13869066376681
0.527284905358601 0.0793816402798522 0.0713365247025508 -0.00275471349572392
0.510471875664326 0.424460026118909 -0.0116397746556416 -0.0940819885207504
0.464304128547827 0.270823738428589 -0.360476440943758 -0.612220959630883
0.455697303068324 0.0452943917465949 -0.400876986293635 -0.276423988626421
0.364335745045045 -0.206837395023964 -0.189327524037579 -0.0185793928800275
0.137730895172757 -0.33304562221404 -0.107759255936339 -0.0840570510579597
-0.107020112959631 -0.279045443179219 -0.145575632133108 -0.139434012044331
-0.196451064040971 -0.172144191754935 -0.295939245574966 -0.138465684239409
-0.262399333355285 -0.118542313994536 -0.3842181243542 -0.000196631841945856
-0.281085162348155 -0.0503991754941616 -0.383628770812392 0.0784124156019517
-0.276887487525034 -0.070115743109049 -0.376682886922418 0.0325902867020109
-0.193857208783905 -0.166903261385468 -0.348943397494905 -0.0796684623419045
-0.100193551263424 -0.229835732737489 -0.230709293317793 -0.19244950389406
0.114023346454387 -0.286496204649009 -0.0697648158495549 -0.220417955714579
0.288831102591046 -0.17874139331892 0.0629750452179478 -0.114473013448839
0.334037316950353 0.0675295359675383 -0.0326463137042638 -0.00906156617770677
0.365424142117928 0.288287166274516 -0.157972778749403 -0.211852609783844
0.269180009896953 0.0597346119965044 -0.46562527952342 -0.648919732472265
0.195235559303573 -0.0473991529325131 -0.479898857711031 -0.262082023004187
0.10756780781651 -0.0953178441724863 -0.179187528899399 -0.0025379792080122
0.0350360541896641 -0.0920713374127895 -0.0770669409915569 -0.0907170170896727
-0.00978612863907434 -0.0844092024435661 -0.151008525604372 -0.198996843062916
-0.0416203536427343 -0.0874831926438116 -0.341299465073564 -0.188274515819993
-0.0765210780234943 -0.096777308694303 -0.455918761723547 -0.0325773372737599
-0.0945471411930665 -0.0702038287739121 -0.455145251162591 0.0690518852000715
-0.0904107820346877 -0.0860367663033687 -0.444204430689901 0.00766838290902646
-0.0447287814897989 -0.110244589480279 -0.368028551576252 -0.126604231027404
0.0114444912778576 -0.0974267175293673 -0.203549275224413 -0.240499069140576
0.0797170874512556 -0.0747150963479421 -0.0308796768831503 -0.205497768268569
0.106340330445753 -0.0348935314121745 0.0632249827824535 -0.0838909942875963
0.11596401824703 0.0309086745804083 -0.10385788304932 -0.0145886895540264
0.178068933676051 0.109078026743235 -0.260830537049617 -0.283764197775235
0.0242822787296987 0.152378326917075 0.395586948324368 0.259535967943676
0.112523469413898 0.0644594409753201 0.231251040044679 -0.0100791019772716
0.113297507568312 -0.0716042699931607 -0.0774686003052821 0.023207707407634
0.00328004018802616 -0.141807235630206 -0.0443249069084834 0.195453075530761
-0.109685223662787 -0.0573818770358172 0.160521201302085 0.291784184261862
-0.102919805657204 0.0342749887076125 0.368044889576418 0.206966991425391
-0.105350909002065 0.0771275556472755 0.464015674512393 0.0286517901179658
-0.100339191018035 0.0816067460310366 0.458156253378565 -0.0783594431656406
-0.11237168185103 0.0764889894544818 0.460955929921201 -0.00903154421207915
-0.114962377458173 0.0117573617695292 0.354147454643605 0.122584558271802
-0.101292830641741 -0.0812608955816297 0.17124982004838 0.183832358098057
0.0159108549232904 -0.152115038121647 0.0868702463231898 0.0620505090537123
0.122402013411032 -0.0572789757191009 0.168960743908241 -0.00355473938124058
0.07841279172695 0.0567248510643358 0.426495574155944 0.170339384051643
0.00250294894416784 0.0935338992893395 0.516858754575285 0.592018045619757
0.246507399394061 0.316234137286362 0.347136241078358 0.175773532343869
0.33336590171607 0.123368217241031 0.200805558089413 -0.0383728463257979
0.313377814313132 -0.164726755427159 -0.0971032891534693 0.00690314246484851
0.09106121391478 -0.329536098209987 -0.0883794580526172 0.164969813093625
-0.184991063731338 -0.220390419089611 0.113615305868192 0.294387356871602
-0.239964812146798 -0.0491171280360503 0.306913311840121 0.217841674679267
-0.28354177495186 0.0482877801486636 0.399973661802585 0.0629701368934618
-0.286755794256037 0.0937164443228569 0.390217690751182 -0.0466861588673941
-0.305318265967391 0.0753453724315553 0.3917797079815 0.00253441763419906
-0.267213082448743 -0.0672026624966877 0.275287134676279 0.109294041404883
-0.206113395830587 -0.230457096980423 0.114090352209404 0.148949560607157
0.0619816478024512 -0.376495000862621 0.0586753994636442 -0.000420761053037076
0.320597109701787 -0.215217270729998 0.177915654543479 -0.0514263663439907
0.335155366749584 0.0937918431180904 0.451576078019842 0.127046830117181
0.244030199149197 0.282133316295093 0.537042899711212 0.513316976380936
0.43984859638466 0.444909762358633 0.250038693835198 0.036621327207604
0.53349041655067 0.171625352696476 0.126793837520315 -0.083376657009567
0.494717741924511 -0.247669586367622 -0.120688276612381 -0.00110048985288944
0.174117096408048 -0.498737933842356 -0.120083113904879 0.127458956668835
-0.241107280892689 -0.369177739294208 0.0636233891890811 0.262222647452449
-0.346948056901531 -0.132740313779743 0.207869565577188 0.191647236837934
-0.41968757573667 0.0073657455445908 0.276831322687816 0.0831566371230993
-0.428989928384191 0.0908338907832493 0.263127716791759 -0.00680004546940734
-0.450919701152305 0.0705762798642159 0.262334738714485 0.0162472988200181
-0.384385714459866 -0.124213650234945 0.152083147250749 0.0846372762426266
-0.296398892992369 -0.337258275211692 0.0325726803999468 0.0926032323325422
0.0754127470956672 -0.559071920124815 0.0154720739528415 -0.0691133407216259
0.460039311704961 -0.369210087117846 0.164821759436686 -0.102004467549039
0.547185055457101 0.0903058014365913 0.417884730200091 0.0728874263747026
0.456428259198413 0.416194146354659 0.474994024045039 0.377034348213061
0.583584810052176 0.513812426752184 0.108015131762989 -0.141002684445536
0.684950627716717 0.182618551579856 0.00525955310322646 -0.141233390742976
0.62039330580868 -0.325050048270895 -0.15107628588007 -0.0023768444812018
0.224024597530114 -0.623517643946184 -0.140520461574829 0.0819469263570633
-0.276481639781732 -0.474308658723158 0.00726396670930306 0.189674794228677
-0.409902009099298 -0.197037802296949 0.0781214557740181 0.131465192299028
-0.49604591845599 -0.0356746934802152 0.110426902060391 0.0857829656286634
-0.508476584550994 0.0754430247909488 0.0968865712419183 0.0330334881990739
-0.525259876108167 0.0567925292239945 0.0940029340997855 0.0339508185761842
-0.444619321301158 -0.159032640745523 0.000789421589652989 0.0567556332512057
-0.345516513243513 -0.389630087913701 -0.0659561311427705 0.0258431838373693
0.0669371246556283 -0.655490745041237 -0.038154306974214 -0.131566287484369
0.522063965286536 -0.469152915892536 0.131657068508551 -0.140980340008984
0.665586648716065 0.0641757335903321 0.328003924378557 0.0244950033557485
0.592576393691254 0.476688791018745 0.343458642751348 0.213185595168559
0.648777723303991 0.50105858286255 -0.066284245692246 -0.328436573211639
0.742084818667272 0.15597747181852 -0.147516835211532 -0.199490543902858
0.647973802156506 -0.361739832902793 -0.178540328164097 -0.00393102270640836
0.231459371251897 -0.651812634650376 -0.147533259324897 0.0244530483435073
-0.272699164169451 -0.497872838063588 -0.0563138613874067 0.0849332308234619
-0.410956888695531 -0.227045933249432 -0.0696661837157 0.0474632493551328
-0.498729425057179 -0.0718672033036055 -0.075497384296856 0.0741243324845796
-0.508383785567223 0.0468409491615566 -0.0826483067446934 0.0688274051831885
-0.519320885531644 0.0301907279684419 -0.086044676919466 0.0529549679896772
-0.430611528260484 -0.175604770906549 -0.152991042032246 0.0267074902235036
-0.327397402979357 -0.382350630288589 -0.16194718054603 -0.0444430849781851
0.0680716146870045 -0.634482020833382 -0.0843777774151639 -0.179537126446477
0.504495673220422 -0.470304423635671 0.0915959859779295 -0.155490726859451
0.661122633246525 0.0464608919179181 0.200703450527076 -0.00241260908840954
0.625546135101982 0.468810892583018 0.165825085764808 0.0476366068383858
0.619255487775421 0.4064346635238 -0.247180241678839 -0.491375687798589
0.664905757428085 0.0957714970766619 -0.300875647512974 -0.241479619784995
0.55384635581386 -0.331195724861948 -0.19293528276767 -0.00734875491012849
0.193891376124408 -0.553070351894042 -0.139242180193756 -0.0354572455698229
-0.221135292806815 -0.425869257817193 -0.116690352578439 -0.0320462062146732
-0.341943068566678 -0.211783150735369 -0.209143924378706 -0.0424927707160394
-0.422130687136325 -0.0947257964724817 -0.251284366814349 0.0524217750107389
-0.431825111103404 0.0115207989134949 -0.249882581106957 0.093798172762205
-0.434322762985462 -0.00855669976763995 -0.251648521440126 0.0640537821071724
-0.344921523710631 -0.17553861783002 -0.279925069890532 -0.0101357856418656
-0.240035274783316 -0.324657498073106 -0.227522681426822 -0.11397074527866
0.0832650090738217 -0.502500389381516 -0.102889325599032 -0.209351719641341
0.418049554662748 -0.363312181410626 0.0646708055020068 -0.146669043630843
0.540802134549591 0.045664958820111 0.0710467278284772 -0.0107647630552642
0.550109481130071 0.393409127823823 -0.0191506355608765 -0.0969245031000015
0.487806973182093 0.244543365421368 -0.404490070799604 -0.598043365537036
0.46803511811043 0.0188658453302778 -0.422958574241635 -0.255429850787853
0.354789403458262 -0.232922883611537 -0.190470286415643 -0.0069376032472824
0.119787330918289 -0.349986556859325 -0.117169464694645 -0.0767287814988055
-0.128548596066524 -0.273938077736806 -0.156639360466248 -0.130543728882607
-0.212626092592301 -0.159205298449005 -0.313163318739476 -0.118995605501913
-0.277971660040618 -0.100064193454237 -0.388148427758569 0.0266001021585159
-0.289638270919503 -0.0282173806132756 -0.379898544412425 0.104931419509382
-0.286471935676503 -0.0487935818640276 -0.377692777166879 0.0611089175649298
-0.210660596957665 -0.156025997823044 -0.358593224082217 -0.0536845276471747
-0.116500657997598 -0.226291318541784 -0.247387561823695 -0.178878237388023
0.0941867579183265 -0.301786369400947 -0.0851438710926047 -0.217585291810402
0.278677638128232 -0.20307949097073 0.0565173460586016 -0.12217270872391
0.345419699953748 0.0453637110345809 -0.0340961190504443 -0.0105118350057129
0.393644470043015 0.266058180150014 -0.174897735499042 -0.206439564640486
0.276409995536274 0.0441693284984292 -0.511142459828009 -0.628939728194297
0.196945062205318 -0.0574384934286418 -0.501606612068285 -0.236462481914515
0.103869762581998 -0.103141445221611 -0.180283164646303 0.00868241490847707
0.0303685721645697 -0.0975460003113158 -0.0856318630697193 -0.0852493880741781
-0.0160837539210418 -0.0839819694450939 -0.168054185237836 -0.191613809242597
-0.0491555891395568 -0.0845209601660026 -0.362856132943613 -0.166805300153248
-0.0864805247708634 -0.0913526640165386 -0.462858315822809 -2.4063590930832E-05
-0.102564305611024 -0.0628895148566422 -0.451862172820396 0.101142921610525
-0.100041943154033 -0.0789673734712093 -0.446014859702018 0.0428641114153804
-0.0556552068099492 -0.108965368745117 -0.381518135038104 -0.0999217169285991
0.00453930253283186 -0.0999476692631199 -0.223457438729577 -0.228079204858545
0.0747757554699415 -0.0842009344543079 -0.0445468736401269 -0.205081568870982
0.104680666270581 -0.0442815213983407 0.057806869208839 -0.0918248009274123
0.12186973607357 0.0235333578123279 -0.106486269905598 -0.0103376879929131
0.19067709983424 0.0983651947507806 -0.284587089610591 -0.271346543486041
0.0615233883343001 0.141884797671876 0.421588120594779 0.183692360843612
0.122930862387404 0.0364441406160735 0.218072761972759 -0.0423409874989585
0.095674931000946 -0.0897604920569872 -0.0699776322351908 0.0444923312609713
-0.0236818802650593 -0.133480489001199 -0.00157314915351359 0.200440493888139
-0.109331525548275 -0.0320959692425679 0.213765326091997 0.250693151435367
-0.0816755514619754 0.0482371140331398 0.394709965639711 0.129811008672625
-0.0837616063538095 0.0923378166355821 0.45977234409584 -0.0572598653801758
-0.079194566234306 0.0896871324976963 0.426649924810391 -0.153499732746763
-0.0922768460156492 0.0904965379036641 0.448511387294359 -0.0843240316645717
-0.109211752541327 0.027082306356867 0.370002570962136 0.064668195591738
-0.110561996550772 -0.062917737305153 0.199012750060389 0.15507843177553
-0.0117114223992861 -0.152466726405509 0.093774079251403 0.0537045912894221
0.107942283363455 -0.0785143902418843 0.162059311144842 -0.023385180635231
0.0811110624264563 0.0373940200029739 0.447757816529485 0.105627101298413
0.0191923907292777 0.0837451946222619 0.587079683972718 0.508218934453705
0.307270861171571 0.256291910607283 0.347549494726759 0.116366239136922
0.348012177754118 0.0507377010583916 0.177360433657349 -0.0572907929266025
0.271749796781179 -0.217753286319686 -0.0903176701457067 0.0441833838404345
0.0237092772933353 -0.335380555999848 -0.0442203393398065 0.188414258964406
-0.213057558332919 -0.175712435892445 0.177463971678582 0.260503366181671
-0.230446257652566 -0.00732942624738077 0.341496515128214 0.147910487164807
-0.267953018782511 0.100045723939366 0.41140023212639 -0.0158337516596763
-0.258629204439686 0.134461207991453 0.367090083211835 -0.115361690066643
-0.281013881398226 0.125676029006308 0.381802440060496 -0.0639882076893049
-0.27490716024145 -0.0227830065908728 0.293247755267875 0.0643209202708779
-0.23873661635995 -0.189681405224293 0.140212216538911 0.130028903832607
-0.00732031553661106 -0.385073023944278 0.0564780412912008 0.00221765906799485
0.274872143986728 -0.267113932687588 0.158418263403602 -0.0703465792706175
0.339754650502848 0.0320531854977252 0.464216806491047 0.052829153233778
0.288035558413794 0.23153421774385 0.595164377186894 0.420129715399963
0.515905992380621 0.345304645621085 0.220433449582115 0.00327062617890445
0.550175004413735 0.0578386954275523 0.0921320105431093 -0.0799890629666877
0.431967908843741 -0.333838683537106 -0.113915269087012 0.0509498663503223
0.0714254418047295 -0.517937979973911 -0.0772718086378517 0.166477606156078
-0.295976965594223 -0.31067333466152 0.130332673526081 0.235848607618707
-0.352026868403554 -0.0689401173560921 0.244300938244101 0.138390314329972
-0.414296888335367 0.0872944734601107 0.300439738036956 0.0253512146559368
-0.398015190210793 0.158344318128025 0.250639598363013 -0.0593000657486047
-0.425619703275015 0.149108980475817 0.257312072440014 -0.0309834645966058
-0.401350434855404 -0.0570913148218827 0.16909155495238 0.0587792895685655
-0.347027003040503 -0.277996064908712 0.0545617905920058 0.0872926265485033
-0.0278045198354675 -0.56770858096715 0.00480675676889966 -0.0546061230713272
0.38440410544508 -0.441121622112332 0.133709014185346 -0.116569706270173
0.547018556104769 -0.00580969486110077 0.420342712411388 -0.00274563022680438
0.518321367749884 0.330596654773701 0.51816263790799 0.286576782591059
0.664738672141944 0.382125744459779 0.0469169677193862 -0.140922057432003
0.698376483249871 0.0408577550333332 -0.0390505776840506 -0.109561151689136
0.538980020500847 -0.430996831114037 -0.141831885222748 0.0619858083131672
0.0948411714765175 -0.649834379182809 -0.100717165884978 0.132248923965038
-0.350588047799135 -0.405515065951406 0.0673566267719691 0.174489609703406
-0.428193713093087 -0.119418697688409 0.109422083795308 0.102175478320509
-0.501311602897074 0.061568268506912 0.142236915373131 0.0579080853558534
-0.478090248765514 0.159560717732017 0.0977498014408761 0.00615369861135029
-0.504116546044689 0.152546077649052 0.0964654274969385 0.0125701308459397
-0.468195263441741 -0.0777088145848201 0.017205790784469 0.0549159404028124
-0.405222301357886 -0.319594819324184 -0.051435836792126 0.0369725163003173
-0.0529367999329292 -0.660732242729196 -0.0561292132983681 -0.106383777960141
0.428368759208979 -0.546773825876196 0.0931882399209039 -0.148588772317405
0.6615927167373 -0.0491029511941784 0.322645705954252 -0.041011156410454
0.664221246165979 0.371661118536143 0.366923732409973 0.139070592465805
0.722569587916523 0.35758354400707 -0.154617421191906 -0.290934353336775
0.74603860500235 0.00537407449984898 -0.197840539215549 -0.138291349249471
0.561282043267936 -0.473567498820388 -0.168711715583237 0.0668875804628634
0.0963663272086174 -0.682443427074726 -0.116727001152736 0.0796044449379764
-0.354314101481013 -0.431265352009687 -0.0133029379087544 0.0839739683738837
-0.43986145125951 -0.147686844864501 -0.0485237444672551 0.0473781589180562
-0.513058728333742 0.0285497957048463 -0.0403218815958515 0.0799123455725218
-0.484615309645408 0.134480850013301 -0.0694814219952027 0.0703775136660345
-0.503639978254438 0.127327114461133 -0.0769950695160378 0.0593793646344733
-0.456630921664588 -0.0950278278518094 -0.139869431914945 0.0492984928352429
-0.384802905026371 -0.314481365868509 -0.156513780785108 -0.0177118027986801
-0.0510869792488859 -0.640346803170384 -0.108938780610748 -0.147847934928182
0.408231424803047 -0.544521666496408 0.0519131176668943 -0.158141979362404
0.65628859524182 -0.0648038904037354 0.191947679771233 -0.0507087777293653
0.693857736557645 0.3600794830721 0.169758806221936 0.000683486017365767
0.668414971709729 0.269771442543041 -0.352942936615614 -0.418649942276227
0.657875428245911 -0.03580423338007 -0.350587875487347 -0.155998931266743
0.47525886412893 -0.425721611683065 -0.182146811357186 0.0605649254648294
0.0791074737329532 -0.580570605279408 -0.122952272450276 0.015499660532354
-0.294423797867939 -0.373183502774579 -0.0971231082691274 -0.0172981363414564
-0.375143288770059 -0.143960332689787 -0.201769403873472 -0.0127052138413124
-0.444745662509924 -0.00688148152566708 -0.217976561331053 0.0916088141327048
-0.418137697742372 0.0884836750346618 -0.225389237493416 0.123695462950759
-0.429867003034563 0.0764050841642869 -0.235361492930121 0.097731872157533
-0.373156971554306 -0.108385404748241 -0.271944551052149 0.0334334085540322
-0.29133543900207 -0.272701128932568 -0.233191203919029 -0.0756906625390417
-0.0111754803077027 -0.51203484932982 -0.131643810025438 -0.178072758842589
0.342777411408879 -0.428423064257157 0.0283138465349617 -0.149167853065362
0.538538826229634 -0.0447240703807584 0.0641970644081362 -0.0370575250420837
0.607000730374904 0.299219983871558 -0.0318232752392289 -0.113118916118189
0.509278463122494 0.138939696258726 -0.513468855313963 -0.498750600838435
0.449416793035556 -0.0689785749832367 -0.46568882224205 -0.157737840146854
0.300580232701089 -0.293159293932765 -0.181407563760934 0.048765483138325
0.0462664026687885 -0.369002869353081 -0.115068325472691 -0.0371099462957758
-0.179034941812871 -0.243207035167312 -0.162797948689165 -0.104067456765138
-0.243590396493863 -0.114672771773016 -0.319911692986426 -0.0641883706774038
-0.302567438929536 -0.0388202561090939 -0.361448922215628 0.0926126194484717
-0.289224794248273 0.0284845637835613 -0.347227998269047 0.158815532318455
-0.293174432079567 0.0110479964676079 -0.358015344333922 0.116959606413584
-0.238264561731689 -0.110656665617584 -0.357817290623475 0.00389395135426739
-0.154740746466112 -0.198172348082621 -0.264740436793346 -0.134803528961934
0.0345345251695164 -0.315037267070679 -0.115517589090827 -0.193715440479928
0.234244366804413 -0.246141996050911 0.0277542741838712 -0.127347738805583
0.347463403399346 -0.011864312609251 -0.0378437353545433 -0.0164280952825841
0.431479422973657 0.199629545140253 -0.200228816339603 -0.192741806343092
0.262311983404333 -0.0133106353873444 -0.60884890337887 -0.514979845777956
0.171183138602734 -0.0900292040057977 -0.531244867671773 -0.137391694764581
0.0806790919457279 -0.118825347340406 -0.170563348363298 0.0463767944526576
0.00906160448951063 -0.104760906986327 -0.0941778829402145 -0.0618849890462837
-0.0366298634734604 -0.0800341576791496 -0.194654369723153 -0.156795098438923
-0.0736550278931521 -0.0701178791563882 -0.380813180336654 -0.0963352174190891
-0.111632809872778 -0.0676031663008781 -0.445607341161757 0.0832027421484165
-0.114132999563616 -0.0364381456329735 -0.416923342025848 0.170967371150235
-0.117017755278855 -0.0528149016458041 -0.427313894614637 0.111787172308614
-0.0767737025921799 -0.0919339275234002 -0.389090864954919 -0.0371415858041625
-0.0162979298075193 -0.0963814543770943 -0.252550719231465 -0.187441079719391
0.0540405668559438 -0.0965582994605331 -0.0741674746340781 -0.19275094278012
0.0927301545432132 -0.0619697516044348 0.0386714469618402 -0.101106277884523
0.126678444684484 0.00322472455670099 -0.107491284079589 2.34245915500914E-05
0.204659965414149 0.0697883680826599 -0.316460596460993 -0.234043913743438
0.0659191590943768 0.133618619088267 0.420088760230974 0.160282873820894
0.117958254391708 0.0295196582201807 0.211864302589746 -0.0496382338187073
0.0881329557176054 -0.0914994161091726 -0.0654609073274755 0.0473775546298277
-0.0286864774850883 -0.12771885599002 0.00815935239195709 0.193335836584684
-0.10757449158869 -0.0263256831795697 0.222277327880119 0.230048400327934
-0.0772634718087816 0.0483212825749248 0.394504230659124 0.10256355127254
-0.0765715912952845 0.0940931858047902 0.444317487861893 -0.0828647317728708
-0.0720886543510141 0.0915727465109579 0.405301561523676 -0.171198850918631
-0.0831229495766841 0.0917049455146241 0.429252569476795 -0.108765850505845
-0.103971530992987 0.0317961430079284 0.363691949733079 0.0402430468679187
-0.110490923707909 -0.0548260000543637 0.202972504960199 0.140340341066955
-0.0184972101634445 -0.146939259477928 0.0928239827034782 0.0478547639230979
0.0994034003152423 -0.0818758142319831 0.15848782041678 -0.0277151832484794
0.0789742697822144 0.0335604655239818 0.441754773769096 0.0837746034989534
0.0210753701228987 0.0797616499796577 0.59681800911321 0.467989504897452
0.309375970846604 0.232558692418825 0.344084352439059 0.0988567766849739
0.338440690981331 0.0318757814691875 0.170576059332217 -0.0614558488186902
0.252340043268218 -0.223646534984284 -0.0847498618705181 0.0473110538400139
0.0079471257699861 -0.328865139145677 -0.0356003446477624 0.184057276116805
-0.215995134570161 -0.159915961763523 0.188212716570591 0.240815888619563
-0.225142471118188 0.00246864726680754 0.342711947027284 0.123523735274583
-0.255552565947458 0.112545984328933 0.398369987217187 -0.0403112411648512
-0.244160388676081 0.146403068229241 0.347653672203275 -0.13075193684306
-0.264631490129747 0.137933903055537 0.364469191500231 -0.0851576158915586
-0.268609108062236 -0.00830830106425871 0.28777960687286 0.0449552234202559
-0.242577722370609 -0.172733684496213 0.144700745946333 0.118814483320335
-0.0278412241948463 -0.375224420842611 0.0542760170126767 -0.000316983613746778
0.252698513983795 -0.274118490592095 0.152596755578282 -0.0738209571129437
0.331414687181068 0.0146852628501447 0.454107173307394 0.0313713592329427
0.290519884922335 0.209167534352333 0.597579027068222 0.381879399510012
0.516157051211303 0.308455214910635 0.214884358495111 -0.0038095096658702
0.537267390830346 0.030122659848887 0.0855612235185538 -0.0797217232395641
0.402721682637435 -0.344446095746464 -0.106675790613459 0.0540029833141969
0.0444401269949985 -0.510965072014511 -0.0693710782769035 0.165724759760541
-0.303067026026774 -0.286737960010614 0.14110605966444 0.218888380101204
-0.347295114212201 -0.0505888378481842 0.246994536040842 0.120976152401446
-0.400228455404937 0.110237013660107 0.293638933820454 0.00504363885011563
-0.379826491888452 0.178325876330665 0.237941495902142 -0.0703077182214892
-0.404372557379958 0.169558234754702 0.245553674005373 -0.0468791946988411
-0.396024243854555 -0.0347760970164465 0.16697639223489 0.0474088560142541
-0.352250523536203 -0.25335795560897 0.0582928017122274 0.0812521501090096
-0.0583820823752592 -0.552257217882326 0.00120848847462468 -0.05381466045813
0.350322778896615 -0.448601233955843 0.126533801549883 -0.118254673182603
0.533007071981942 -0.0322627914783904 0.409315933846733 -0.0209440488815499
0.52102136062134 0.294609720785087 0.517926028807673 0.254416926739264
0.662469483987877 0.337510868316821 0.03840933850339 -0.135549757350063
0.682029229714249 0.00524600336716723 -0.0436043715989406 -0.102781979013057
0.503009335712997 -0.443451656256947 -0.133425706758667 0.0655859670517901
0.0605946478631035 -0.642156724974385 -0.0940663626477094 0.134685092000727
-0.360801522188568 -0.376637539187707 0.0772282683864567 0.162889146175308
-0.425078629052459 -0.0953450470975158 0.112876556330975 0.0937512759355452
-0.487566204159601 0.090107619262972 0.141716879098309 0.0458595762890517
-0.458063415498111 0.18382219955249 0.0929608087601908 0.00101010672100918
-0.479744406382412 0.177307827345362 0.0916137462517113 0.00464864117761305
-0.462668583614156 -0.0515296502533812 0.0185224834293725 0.0528191676031138
-0.410178286306835 -0.291768349726538 -0.0477142979316632 0.0377845972531718
-0.0886770242004031 -0.645075320491794 -0.0610219622381676 -0.100988263843036
0.386391184119431 -0.556642220357335 0.0840957029715136 -0.148427096849668
0.642824294712059 -0.0794915551931464 0.311601460888047 -0.054161171740573
0.664573974516345 0.327119558622877 0.362358913927664 0.117701571891577
0.716793061078869 0.310945249918831 -0.16433729116362 -0.273227966367995
0.728666828600826 -0.031004589586303 -0.200814135625978 -0.124220816375433
0.523783884127701 -0.486470284375182 -0.159688573475999 0.0708743214060507
0.0607832569890121 -0.675630525821579 -0.113291215684663 0.0847940497331117
-0.36773336407802 -0.401673281331166 -0.00607355673867059 0.0800301343788427
-0.437372330584614 -0.12089418348391 -0.0454160235585241 0.0503569110740941
-0.50089003198259 0.0591086283176644 -0.0351103949376948 0.0771310246824626
-0.466110595567134 0.16001581656913 -0.0652790269844004 0.0716953488862242
-0.481367814575785 0.15268688731842 -0.0732016953447462 0.0604450954623539
-0.452717782775216 -0.0691272678490349 -0.134538732424996 0.0567576255983256
-0.392516518078462 -0.287616370542469 -0.152587141423733 -0.00923409977872884
-0.084898053494131 -0.624965910491183 -0.114065065209643 -0.139275845690063
0.369898641181445 -0.551952444243748 0.042170619425573 -0.157011916692634
0.636331619896055 -0.0948055418316651 0.183786126361895 -0.0581807516341581
0.693675986879982 0.312781441533653 0.162972764772971 -0.00931194764691643
0.662490002991869 0.231063868548853 -0.364368435269273 -0.389048171031173
0.642943874931781 -0.0661319592078558 -0.350742568304503 -0.135144232878482
0.443673152415124 -0.436454476195569 -0.173916481631796 0.0647432391914719
0.047286672525354 -0.577234202385952 -0.120691751458438 0.023655488892303
-0.305151239976966 -0.347311371539742 -0.0939453058758162 -0.0144372085281897
-0.37302356508569 -0.120304792095011 -0.19934090716577 0.000976481058792451
-0.436626191373939 0.0213557714946587 -0.207574844064138 0.0990005136860841
-0.403256225822836 0.112368453023502 -0.213252104480028 0.130714134854751
-0.412455800069026 0.0994724180471577 -0.223440266264117 0.107058184707383
-0.372230980630927 -0.0849406803558144 -0.262747587986612 0.0491003830013045
-0.29708396876284 -0.251600776130253 -0.230744420895804 -0.0619606282053528
-0.0407773923536585 -0.500040831457357 -0.136509203441856 -0.166843830058495
0.309896336216376 -0.433761332102204 0.0194541231254311 -0.147364750530487
0.523081979692337 -0.0716409570775095 0.0590700148001684 -0.040081845730057
0.606350307379583 0.258523606384231 -0.0387714557289854 -0.110130455945904
0.500889737172077 0.111270523042569 -0.522984311572844 -0.46066103694564
0.438482428669875 -0.0878280341174845 -0.462708957118235 -0.131923140585219
0.280464147755619 -0.300037411068258 -0.173910331382841 0.0540177424768216
0.0272701448774733 -0.366923602152465 -0.115209810082846 -0.0288072855161006
-0.186439178252088 -0.227335362587346 -0.16323899225062 -0.0936004575344988
-0.24377060787452 -0.0974218715202478 -0.317269642221309 -0.0426599140592228
-0.299999384541688 -0.0181908600721598 -0.346699918074779 0.108961480470092
-0.281103189780759 0.0458178166776329 -0.328926870547618 0.17101551539907
-0.28477943464096 0.0289054029342395 -0.339719513801883 0.132505430548
-0.239860108800929 -0.0948561521276846 -0.347066428136072 0.0252934648486764
-0.161244888814025 -0.185716752100875 -0.263978883195986 -0.117050568875783
0.0142214597373461 -0.310994800607243 -0.122119403018869 -0.182748823866647
0.214637888251241 -0.251885477467262 0.0196719293634529 -0.127693103229567
0.33945242567012 -0.0296795628345568 -0.0384217028878651 -0.014943200034596
0.430564241303459 0.171128258585776 -0.206895808473361 -0.179896241368859
0.255002096141404 -0.024333411651155 -0.614608081239742 -0.473643833506349
0.165833184900374 -0.0939770670956646 -0.525587299784198 -0.109311182181329
0.0744549863001578 -0.120145006336456 -0.164102997479731 0.0518019585720207
0.00398755205945119 -0.105853039311941 -0.0945843806121147 -0.0542692208508535
-0.0389180359526843 -0.0761237237891862 -0.19888422959132 -0.141892023347009
-0.075295934666147 -0.0626918540327783 -0.379011838383633 -0.0704576862580712
-0.113995286207869 -0.0582004379324013 -0.429549268825393 0.105633761477116
-0.114215630766217 -0.027905332216949 -0.39422349342091 0.186188995858256
-0.117633450304482 -0.0432329739216825 -0.406510778793193 0.131771470716177
-0.0817286143337787 -0.0848029626499962 -0.379340342809612 -0.0125004711874106
-0.0209955233469828 -0.0940337523547937 -0.254923411586024 -0.167902039857076
0.0451548752275732 -0.0987619664049687 -0.0815330288451144 -0.183158381642709
0.0867984226572717 -0.0658950360126977 0.0305993195796332 -0.102515755878839
0.125940111750223 -0.00428125806840897 -0.105176518397436 0.00398721614131964
0.204695503810501 0.0563473801159015 -0.321508122370394 -0.21396914788385
0.0662896497435022 0.128296450779167 0.417042873900628 0.148712724356435
0.113154485668968 0.0263505294419721 0.207697459169869 -0.051586666787133
0.0833968772011203 -0.0917538482027532 -0.0617191668678928 0.0487124340655783
-0.0309683839620189 -0.123932644956895 0.0124146890526591 0.187662747536616
-0.105580553882016 -0.0231422115088941 0.224344030085764 0.216786252865853
-0.0748726394241186 0.0475378522383423 0.391673646204478 0.085246434382474
-0.0712028897753844 0.0939636750711835 0.431946778937926 -0.0966696291457151
-0.0683064699070231 0.0922116705302079 0.390033894474596 -0.177630238448863
-0.0770009563028312 0.091099875633938 0.414217475802553 -0.121070953365276
-0.0997920717767811 0.033750051703592 0.356797664114887 0.0267530894986028
-0.109917373502299 -0.0498841045110224 0.20324398182535 0.131321050177647
-0.0219842979289153 -0.142420137002883 0.0914042277498249 0.0454771516802619
0.0941957359029045 -0.0819176447204489 0.156335977244795 -0.0283916252514762
0.0762004539393101 0.0330676579709857 0.435464154898913 0.0730062784961591
0.0206161389858189 0.0767982146373793 0.593456185651744 0.446577935567402
0.305536042020161 0.218959594968887 0.340246329778834 0.0921686858644145
0.328607777080192 0.023545394706132 0.16694216265682 -0.0614250677390248
0.240599679247632 -0.224289070823981 -0.0805712715828495 0.0480158665453671
-0.000151129201778802 -0.323680207669949 -0.0316157421986557 0.180477542109572
-0.214222975253716 -0.151419772751325 0.191734053085258 0.226406285195373
-0.221140155520537 0.00632107115088633 0.341476181984015 0.108386608137669
-0.246956025707724 0.119492634258638 0.388452824765271 -0.0543418511186451
-0.235318337834471 0.152130457180532 0.334338761537764 -0.136416525341996
-0.253258236026228 0.141809019609088 0.350773551229518 -0.0964711883997138
-0.264102952950969 -0.000708225156199971 0.282535813063768 0.0337301194284227
-0.242748892365229 -0.162076455297651 0.14602006220766 0.111594668370398
-0.0373017727036992 -0.367264536516814 0.0520679298874973 -0.00156845030491287
0.239629861749672 -0.27518141728823 0.149304962885622 -0.0736071276819477
0.323366791176244 0.0075512014176985 0.446505492146872 0.0227348760761823
0.287640273545256 0.196745308407809 0.594671161358876 0.360508388364894
0.508713468251805 0.287694600875585 0.210121729356584 -0.00435988367923837
0.524253718623442 0.0162964139157986 0.0829731332431747 -0.0774471231519654
0.384667930486548 -0.345391273303758 -0.102241664401672 0.0541734407650853
0.0304614477993144 -0.504150974144714 -0.0654012989822695 0.164577439324664
-0.303322487017788 -0.272295354153945 0.145597631045494 0.2070205237068
-0.342837911500149 -0.0422375611941199 0.246790724107936 0.109717103878773
-0.389520958157632 0.122198803943574 0.287038841684114 -0.00715735476712068
-0.367528085778989 0.18872446974521 0.228888206845088 -0.074173200025111
-0.387977451754393 0.177606086574926 0.235197644727549 -0.0552729706624621
-0.389929791299273 -0.0232261423033547 0.163870838916598 0.0413291529133558
-0.353062274529455 -0.238968809844224 0.0600636187249281 0.0773008057940705
-0.0745129209733531 -0.542900012721581 -0.00150599548139165 -0.0528398124257027
0.331430997924389 -0.448773748252372 0.121877751790831 -0.117150529789111
0.520519510734778 -0.0441864445389446 0.4017868603077 -0.0277788367344709
0.516307787291604 0.275542677814342 0.513419614090229 0.238828675095342
0.652173125942137 0.315340367831028 0.0348846215918529 -0.128989515399017
0.667694015730842 -0.00952175481380734 -0.0451035764343162 -0.0970449116177761
0.482141835092334 -0.447168540986025 -0.129163196638376 0.0657190472915282
0.043725322889426 -0.637721151201243 -0.0917437296658899 0.135735559079234
-0.363506856645982 -0.359690514754607 0.0812386953663933 0.153584541470738
-0.420193918265417 -0.0830874287464381 0.11401005162211 0.0889153077653939
-0.476841258049697 0.105982818930746 0.13906751976484 0.0372164482775187
-0.443641337071872 0.197200169497875 0.0889122360003041 -0.000797411986545484
-0.461392809577181 0.187767057452234 0.0864911421012737 5.26143802124072E-05
-0.456296280323742 -0.0381594732199199 0.0184446929157661 0.0518256145590917
-0.410478638955611 -0.275488740368946 -0.0452399388236381 0.0368734742789335
-0.107634199667842 -0.632459915656822 -0.063793665523957 -0.0975026565476397
0.363901087203965 -0.555221712488252 0.0791229291986433 -0.146696322949591
0.627204528249021 -0.0934404732837449 0.304239100339842 -0.058122465186395
0.658474627352913 0.300526505354286 0.354464323470389 0.106002826886058
0.706630917937874 0.287785063896203 -0.167306841083929 -0.259958496081057
0.713702748065484 -0.0458750989057594 -0.199632527744095 -0.114930895193676
0.50452946874188 -0.488045278570649 -0.155275630326468 0.0704946375630614
0.0416988192425317 -0.671393703617629 -0.110894407494342 0.0887440847935965
-0.368858704313182 -0.383244088398956 -0.00263221050610176 0.0744897809927243
-0.433175227879396 -0.107256510867124 -0.0432797476683805 0.0522371480926581
-0.491398668490717 0.0766653294381414 -0.0329049061350153 0.0737985684418608
-0.451569957923866 0.174995144234551 -0.0640261810913672 0.0718733310918779
-0.462759459169907 0.165030225454738 -0.0721073716930863 0.0593928068745096
-0.448133892545954 -0.0547181319968997 -0.130529154166527 0.0609873616150018
-0.391746497677803 -0.27298424611815 -0.14969094555588 -0.00668975129910677
-0.102857599461439 -0.612699261588556 -0.116020531737776 -0.134210096333315
0.346829138201921 -0.548203633756514 0.0373510551365163 -0.154873666104631
0.62041109770863 -0.109409511840415 0.178861406367613 -0.059989364249025
0.688052840589635 0.286776160961497 0.156744323348629 -0.0144913693122555
0.652074911237128 0.211398055170587 -0.364910389553024 -0.370248148419531
0.630965470560991 -0.0775453916085322 -0.348050659206994 -0.123792048866361
0.426810648655602 -0.43835582951705 -0.170346162785584 0.065527099033082
0.030414375311133 -0.574130012417725 -0.119957398445244 0.0297759279524775
-0.307311377790371 -0.33226226362515 -0.0917092470903144 -0.0134047652916556
-0.370149732374761 -0.107403055092821 -0.196290012775257 0.00942557697591839
-0.429502230923956 0.0365919456907427 -0.201129503782403 0.101165978335445
-0.39310273503676 0.12472477422941 -0.206344001211199 0.133859445533294
-0.398109835249894 0.111505224063579 -0.216423383587746 0.109436902471527
-0.36912246202956 -0.0720985030422136 -0.255862614312614 0.0579425750690953
-0.297770537950138 -0.239601389738084 -0.227383863864878 -0.055176122646953
-0.0570836005140605 -0.49147883185921 -0.139209521921688 -0.160934127409288
0.291516536115121 -0.432603482576273 0.0143207074484776 -0.145407605478244
0.510838176351489 -0.0843271269670699 0.0565937137268524 -0.0404446903233703
0.599760417920174 0.23621158490301 -0.0432481337194717 -0.109320657320784
0.492125708939769 0.0979605463357436 -0.522248651819303 -0.43775488079943
0.431602736648251 -0.095330363236085 -0.457756346271242 -0.118703739508294
0.270046021424269 -0.300808981806468 -0.170207221943973 0.0552272228987811
0.0166838383351883 -0.366182892569928 -0.114542418204582 -0.0222937411675635
-0.18791910271162 -0.218523297952595 -0.162005502501482 -0.0876168981564489
-0.241973700508839 -0.088512518350404 -0.313607934045565 -0.0287834979377685
-0.29620711692787 -0.00645844199835413 -0.336981115023726 0.115437043407896
-0.274311656804716 0.056072344534596 -0.316857197171234 0.174935728707995
-0.276704234871692 0.0384887813449295 -0.326972291694378 0.13922087800565
-0.239936306978198 -0.0850593240304996 -0.338267643094361 0.0375664821580719
-0.162954095021062 -0.179004876614519 -0.262137976450419 -0.108016696231005
0.0026109723817362 -0.30625616640587 -0.12414005960648 -0.176658980773745
0.202474674559427 -0.252873191746742 0.0140490112446204 -0.125997417029281
0.332555959902013 -0.0392056516687445 -0.0386924786536912 -0.01446843444895
0.426460300737846 0.154266458580948 -0.208805218966037 -0.173129078583135
0.249350819739503 -0.028090028494396 -0.614454320198203 -0.450690624049562
0.164733547426935 -0.0956737614256269 -0.519332545711805 -0.0963106524314203
0.0727358913030454 -0.120071001375538 -0.160232044704082 0.0532520063315953
5.11792777273239E-05 -0.106717678044777 -0.0939485270414803 -0.0486928105697332
-0.0399261850712783 -0.0736567720448074 -0.198560544168919 -0.133393975509346
-0.0748903887312588 -0.0583425640667064 -0.375929698036728 -0.0550999948145108
-0.115375622256614 -0.0520194950230799 -0.417169096270045 0.11703929128811
-0.113840192198669 -0.0226797427216321 -0.380009049583898 0.191938338713579
-0.116616240470797 -0.0363719615567885 -0.390892552555477 0.140969017836278
-0.0844019961083464 -0.0798562356821474 -0.369467689838116 0.000747103140800683
-0.0233841540837566 -0.0922843998881952 -0.253967273760139 -0.156884746578561
0.0395355208319328 -0.0986037535741828 -0.0837445087316042 -0.177781176578627
0.0828132302990464 -0.0682460680296025 0.0253327539365579 -0.101677316478419
0.124505480385081 -0.00934050315761822 -0.103407828155305 0.00540104384417408
0.203956915833807 0.0490607541547536 -0.321628972943286 -0.203779949074325
0.0663262279669357 0.126195358912294 0.417590173412488 0.146216643365168
0.110285930458504 0.0263599983487985 0.209093382132806 -0.053258142546069
0.0806256083316674 -0.0913595139756372 -0.0602456999646845 0.0497007663918066
-0.0310551105573401 -0.123556677889396 0.0141288190938054 0.18558706133739
-0.104842417412755 -0.0222904476193689 0.227558603825453 0.20995056798775
-0.0750991864456379 0.0461916002586635 0.394025511137946 0.0744876126893479
-0.0689063240073508 0.0954779458226368 0.428696746598489 -0.1053621103497
-0.0662755386451565 0.0943296976629272 0.385253274394088 -0.182173362803571
-0.0750322104211294 0.0907827514030407 0.408259241142513 -0.129187172958976
-0.0986676891525746 0.0347971390659356 0.35642135973221 0.0175741667438858
-0.110238400914209 -0.0470404821580828 0.206451783162791 0.128274151273296
-0.0234941838639205 -0.141405653067751 0.0917350970154257 0.0452915215019516
0.0914714255217292 -0.0820470592517776 0.158021249015738 -0.0282993962763701
0.0749024686979641 0.0338570679396234 0.436800027990782 0.0696502295532021
0.0199325172984026 0.0762107107770348 0.59851782610374 0.442238109668646
0.304861932181851 0.214266653945305 0.341140865535726 0.091694182458735
0.325189586207664 0.0202102793492909 0.167943410297214 -0.0614991021726258
0.237234437587729 -0.225253985016872 -0.0795577475455242 0.0479918366011272
-0.00391499607554176 -0.325397529592515 -0.0304340793924268 0.180560174913021
-0.215096602418394 -0.147771565640865 0.194957630941398 0.219800491458232
-0.222283029729657 0.00789100338189815 0.343652219541284 0.0996880682522781
-0.244106645752572 0.125240713079097 0.384699959700663 -0.0635589913501932
-0.232659387295577 0.158828011195846 0.330639377786405 -0.14011477309749
-0.249251965327133 0.144893736951706 0.345879463305823 -0.103641269062503
-0.264321076937014 0.00330346666307571 0.282107417073208 0.0272959123968395
-0.245016226259345 -0.15885748752097 0.148194310906974 0.108691114694378
-0.043524164326871 -0.367719608436284 0.0507201145136297 -0.00158070587314217
0.235690467294389 -0.277124223804906 0.150360456983374 -0.073085934243552
0.323037419738816 0.00582599886554104 0.448978393016557 0.0194818246073778
0.288527193573298 0.193915611844213 0.598344161057654 0.355584844772925
0.508664825863796 0.281168480283359 0.210897830508949 -0.00251328244125724
0.522450818130867 0.0113083673200173 0.0833954836984632 -0.0759018394869881
0.380983406897828 -0.348423223662092 -0.101729164995983 0.0543924592841181
0.023841791505361 -0.508603154925701 -0.0654801067772315 0.165953555764304
-0.305589957790886 -0.268281334993528 0.148314498048615 0.199874771569012
-0.34476680481915 -0.0385312652834217 0.250063954482597 0.104395316540684
-0.38647741499519 0.130938389441439 0.283997314459294 -0.0156710046397234
-0.364453993583774 0.197959549096381 0.225455888723507 -0.0758380416068577
-0.382652348969818 0.183793164356397 0.230212828135684 -0.0602574333301288
-0.391500668813486 -0.0174118307869534 0.164038177189917 0.0380345422246749
-0.355563737336489 -0.234108395574914 0.0616923496340486 0.0747403956188069
-0.0837452638506734 -0.543161603499522 -0.00366401473691902 -0.0523738940499058
0.325362581109287 -0.453421486034519 0.121663557796615 -0.116541436482839
0.519344530721448 -0.0484121846582328 0.402942028602022 -0.0307262220906571
0.518311018064909 0.268722062840492 0.512889620519613 0.233343358617501
0.651972460288846 0.307150631116286 0.0346976956348238 -0.124893973635766
0.666493300043949 -0.0165716539853027 -0.0447647153354408 -0.0941580857243203
0.478060600555529 -0.452018843463582 -0.129144346210768 0.0656179418653577
0.0343502152440959 -0.643091311635965 -0.0921238973148582 0.139439208754845
-0.368047640364112 -0.354576211995327 0.0835357211076921 0.148438911977247
-0.422844687610761 -0.0781392574765169 0.116309643431997 0.0870253613016885
-0.475129351520603 0.117797399593688 0.137150654305887 0.0313261393043491
-0.440343326370309 0.209186048241579 0.0872066793206998 -0.00047039792750126
-0.456533515574794 0.195718228095911 0.0830054408964277 -0.00251553111812841
-0.458736300164539 -0.0300871728273593 0.0189795420915421 0.052226061536939
-0.415113099504693 -0.269679380794408 -0.0441670176905426 0.0360037894444452
-0.118368976624973 -0.633944326991494 -0.0667185083374045 -0.0978943605040413
0.356868748851383 -0.560758839531798 0.0776153880568158 -0.146126415063176
0.625771608470865 -0.101941281157401 0.304744089697241 -0.0607643000446572
0.662225777781231 0.29302196968147 0.354071146831765 0.101163587563548
0.706087894538245 0.282536744742476 -0.168348253106558 -0.254076651360773
0.714098117999923 -0.0537970274691973 -0.200856280042714 -0.110199678293708
0.49966182962102 -0.494887319236339 -0.156039264463472 0.0717573069437259
0.03122632303775 -0.679582030928084 -0.111875820884972 0.0937688473684588
-0.374669707396215 -0.378804571190084 -0.00120541722619823 0.0713549691716292
-0.435651465581484 -0.101284114670239 -0.0423734956354848 0.054604959751484
-0.491695195185967 0.0888320936472287 -0.0338105723753993 0.0714488765223799
-0.45098107915044 0.186762130434169 -0.0639588629785452 0.0743698208358778
-0.457593355043892 0.173663457318473 -0.0733231797650148 0.0597854341245803
-0.450310587044172 -0.0468790052796778 -0.128561533695992 0.0647532344026616
-0.395880030018227 -0.267755127681069 -0.149808861813199 -0.00628240448526964
-0.114990223416414 -0.614506075489207 -0.120116548407909 -0.134052571552092
0.340011255334369 -0.554871559009131 0.0347433589168451 -0.153649217398764
0.619456114552369 -0.116642267707709 0.178588918224238 -0.0615471133152352
0.688678236891207 0.276701876565375 0.15372662926931 -0.0172065670149985
0.652754526122325 0.206557121806418 -0.366378432760374 -0.36462334838942
0.632739102436269 -0.0860021129089404 -0.35032386339785 -0.118782841290903
0.424333252745424 -0.444008536320714 -0.171037897639087 0.0666460041212726
0.0213585289648273 -0.579331967805239 -0.120429997260977 0.0339803192005692
-0.312570294599641 -0.328719186051509 -0.0916158543086112 -0.014267446393829
-0.372014467893228 -0.102251921863519 -0.19696901756198 0.0151593445260711
-0.42993198771443 0.0481021665026419 -0.200503224458942 0.102103424529175
-0.391726278387819 0.135625384366892 -0.204813119252442 0.136896744155521
-0.394405583239763 0.118295806385228 -0.215457623325311 0.112041815590242
-0.371280611711481 -0.0656854904637001 -0.253248137307665 0.0641991459603329
-0.301240360085325 -0.23686769652037 -0.228137721808975 -0.0529242712601447
-0.0672100702152546 -0.492212612868985 -0.142195475859319 -0.159842318193275
0.285563286432133 -0.436811663555511 0.011013614178983 -0.144673568572949
0.509755887449125 -0.0902638855496408 0.0571282687211499 -0.0406096877493044
0.603611075244359 0.227017411106852 -0.0470971191244583 -0.110433413250439
0.491719304124785 0.0947509437371628 -0.523826858153682 -0.432197418596961
0.434254190127248 -0.100139441956297 -0.460782670588187 -0.113403940258536
0.269923283188923 -0.305385810378379 -0.17188148848909 0.0558928001053493
0.0108658784489623 -0.370889275145538 -0.115169481155967 -0.0183928331838835
-0.190862898215898 -0.216439018173502 -0.163705487777986 -0.0869291520838095
-0.242848093435311 -0.0842724908974143 -0.315643198045791 -0.0207074285407145
-0.298144276675 0.00159773285213768 -0.335356007371957 0.120916769322771
-0.274241674980273 0.0637134319412211 -0.314808623495824 0.179583783559258
-0.274347336374628 0.0449760308598364 -0.323448519376462 0.142922462352967
-0.242074764062773 -0.0807818697583399 -0.334996429409234 0.0450677626346233
-0.165951432175717 -0.177239222124761 -0.263127021439 -0.104327420739794
-0.00476439299987411 -0.307444121765591 -0.127149113653722 -0.174679835571153
0.198551157373772 -0.256328615650339 0.0104330422397287 -0.125791778962072
0.331551534234577 -0.0448619290415592 -0.0385776541554977 -0.0137411486920588
0.430497588592181 0.147136748635791 -0.213304794465477 -0.173392367483425
0.249419664552865 -0.0297946196943433 -0.616911174714862 -0.447144223876292
0.166697908056554 -0.0970078758403173 -0.519775083578071 -0.0906818434892184
0.0738852021829809 -0.122111845381961 -0.161635335134484 0.0545988844291511
-0.00227196070272772 -0.109184176211702 -0.0938832343906984 -0.0456273328510831
-0.0408299564864976 -0.0733769132474707 -0.200471026931046 -0.129865329155971
-0.0746331428768099 -0.0568294545832777 -0.37833301706622 -0.0457616899446227
-0.117832204944501 -0.0477667771893847 -0.414123932713756 0.12455756086776
-0.114959533175879 -0.019242358616274 -0.376305240217473 0.196305508458746
-0.11692245425691 -0.0332475827053031 -0.385410877702414 0.146857162368897
-0.0869446577026121 -0.0775167943285308 -0.367047607717923 0.00878449220023765
-0.0261416429797853 -0.0929727488182956 -0.255651396254709 -0.152927347867767
0.0355522450035489 -0.100503305246395 -0.0859595015415935 -0.17650979544782
0.0815362872520533 -0.070743678775079 0.0209201181906105 -0.102198420929291
0.124855627229791 -0.0133599928250597 -0.103575725567755 0.00645665629441099
0.206095047047839 0.0452701135411287 -0.326092663009339 -0.201770158181506
0.0684020041408883 0.127232314683882 0.430718925062543 0.145330218547659
0.111012799851317 0.0264143804098692 0.214128815570514 -0.0582804327118065
0.0801719013217097 -0.0939082790041785 -0.0602786707062842 0.0515407228430609
-0.033115245696994 -0.126378901537294 0.0165527103004422 0.188512345679038
-0.107057642896806 -0.0207442017023958 0.236908495842753 0.207968985148286
-0.0773816406263013 0.0474622432572432 0.405744570040548 0.0644161794138189
-0.0668224605388116 0.0986815301201741 0.433836831488892 -0.119742501918228
-0.0651585061547522 0.0992131761247686 0.38902086491492 -0.194308718406988
-0.0743130306229469 0.0935174204954519 0.412728012154512 -0.142012171576388
-0.0995567528079633 0.0373995832068185 0.36407734045635 0.00838971957914826
-0.112988171620042 -0.0454165028616106 0.214504243806593 0.126961419227603
-0.0271639623862399 -0.144123735509616 0.0945186870068532 0.0454879237362186
0.0911995274128049 -0.0848552739746392 0.163421699948281 -0.03048069987239
0.0770034161443841 0.0358154900547188 0.450097451786367 0.0649614163444757
0.0207434991673208 0.077594656615536 0.619694109770865 0.445465346573402
0.313435377266602 0.213031120963625 0.351317117037173 0.092339767340323
0.331094801992681 0.0170685271478354 0.17193158096247 -0.0650198109071983
0.237550525469844 -0.234431071944927 -0.0804221402392657 0.0505956706573357
-0.0102422893187482 -0.335712029903169 -0.0286192647919992 0.185141210721273
-0.222109929643618 -0.14762073096404 0.203584799315608 0.217255001179896
-0.229189249724305 0.0113136829393962 0.355904540821158 0.0909927629914336
-0.245659853462648 0.135091600478833 0.389230473690571 -0.0774410415727432
-0.233890540791412 0.170851390570606 0.334355424919321 -0.149150352266636
-0.251608233836438 0.153076703696502 0.347790748917951 -0.115503843856377
-0.271439232194064 0.00941079238546811 0.288901110919751 0.0203306940508201
-0.254053708585387 -0.157337654757342 0.154558455740083 0.107250048035428
-0.0530175495412499 -0.376938054108123 0.0511942427116881 -0.0019098281545404
0.235352589034683 -0.287175016233178 0.154716600894155 -0.0759293330073195
0.330468518875077 0.00212088174368134 0.460884422812124 0.0130845323008126
0.298540609582862 0.192810142317606 0.617858137588332 0.356672163356531
0.522909165648959 0.279573533865972 0.217432234953628 -0.00145888907306804
0.531324917177656 0.00242845431563534 0.0861643326704757 -0.0773412992029744
0.382655451235215 -0.363439018575187 -0.1031222344791 0.0573691290676692
0.0118501140353962 -0.525882519152189 -0.0648940382906908 0.173323255266309
-0.317331734439894 -0.268934232715317 0.15562374415684 0.197087053684124
-0.35581467214692 -0.0334541746225411 0.258841078208376 0.0992499734300401
-0.392876316447007 0.146135250238202 0.287175715337972 -0.0256903208412766
-0.367999310369351 0.215722882478458 0.228316345936631 -0.0806973324245959
-0.387321522790995 0.19576500296558 0.231064007728366 -0.0675505196999007
-0.403074553247907 -0.00843952350877279 0.167980660498634 0.0349825216593686
-0.369775632966675 -0.232690917157428 0.0644291785879982 0.0746032163788915
-0.0993397107442751 -0.557632102183151 -0.00651142669106251 -0.0532993186563769
0.325152218253604 -0.470181069327761 0.124310033949526 -0.120191047800757
0.530613696664608 -0.0567355705315806 0.414367254519938 -0.0371594451959933
0.536046773301348 0.264443887429255 0.528319831254572 0.230233348211713
0.669402173045806 0.30371926155224 0.0357197659083885 -0.123799504686594
0.680592735889254 -0.0281941086795901 -0.0464245723846827 -0.0925895114972796
0.481258428752146 -0.471122169621841 -0.131893157568518 0.069031108913436
0.0198283411742234 -0.665080833318959 -0.0924597237066203 0.147493805326147
-0.383560437377613 -0.35536333134891 0.0882907287020098 0.145815697747253
-0.43721142281124 -0.0723934068401202 0.121578399530272 0.0869316951161685
-0.48319763801253 0.135574581264572 0.137279634853428 0.0253127276220299
-0.447016414480834 0.229462061194309 0.0885273702291447 -0.000630232905404766
-0.460713529474841 0.210642317645466 0.0817293030957582 -0.00474714727192249
-0.472727609357414 -0.0213280085317139 0.0206989404726512 0.05361899165797
-0.429836707527759 -0.269302510069646 -0.045372887816668 0.0365589148604946
-0.137808920657225 -0.648294016254161 -0.072060734220852 -0.099193459543554
0.355409389807883 -0.581269886735707 0.078222348040448 -0.149499000784462
0.639197787719692 -0.113216268439005 0.31354030196991 -0.0666484252200237
0.68290277517455 0.28735289663393 0.362527964916856 0.0976121624363876
0.727296398656064 0.278919360105214 -0.174543275045142 -0.254283928331205
0.732425629095542 -0.0681951272802523 -0.207390840959486 -0.107102954469051
0.503839019157536 -0.516321491893322 -0.159859449644216 0.0758272302966925
0.0147238390293322 -0.702717199882026 -0.113102134334232 0.10186654867113
-0.391182106855643 -0.381597098189765 -0.00075782643101583 0.0696565431152557
-0.44979643929669 -0.095456435021728 -0.0422479974377585 0.0587097263020031
-0.501449304511822 0.105662395476896 -0.0368774201158379 0.0708642759174313
-0.45758021177044 0.207571835555006 -0.0641263319446955 0.0783272823103562
-0.462338301529984 0.187344497741509 -0.0763658770799134 0.0625479383141943
-0.464446687513656 -0.0378986734353855 -0.129551703828556 0.0703054106419063
-0.410716882662554 -0.267253810147331 -0.154347453574733 -0.00439908367330107
-0.134172740004412 -0.629950182282516 -0.127764874417171 -0.135160178238012
0.337395710928718 -0.576292266040287 0.0328377090170638 -0.156968698703956
0.631763564455027 -0.130955130789923 0.183613283074022 -0.0656252428352239
0.712783729554665 0.270319430523269 0.15441295209108 -0.0215864728736287
0.670299653603308 0.202504751769598 -0.379527681372894 -0.365653927101987
0.650192329742415 -0.0975512150714998 -0.361262078157003 -0.113316824270389
0.429155860192513 -0.464127853501759 -0.1761584777325 0.0705984946061615
0.00817044632883276 -0.601289938256313 -0.123183160379823 0.0410165985147436
-0.326980893968653 -0.331648868196294 -0.0949160132942871 -0.0147788595041252
-0.38408878852624 -0.0969994503525443 -0.201421561449791 0.0229041649383701
-0.441278437415962 0.0638369814274356 -0.20580270992381 0.107256353808546
-0.399759469632684 0.152412034089313 -0.206844407038655 0.14556943093458
-0.399501588509668 0.130962807607409 -0.21843760176056 0.119751919910658
-0.38349358068561 -0.0579574781605961 -0.256161112970352 0.0727063299500865
-0.313997994497569 -0.237322387878715 -0.235137255259253 -0.0505972960581071
-0.0823185683699875 -0.505187594580757 -0.150302983021702 -0.160814685675518
0.282955165456276 -0.454811677294681 0.00820055667776203 -0.147040091668232
0.519579535320408 -0.103204597920692 0.0584939168463012 -0.0426222793055065
0.622591253215707 0.219132127771595 -0.0535259888251105 -0.113809299932773
0.504920120505918 0.0916825949622952 -0.54151211081372 -0.434970659938997
0.446084029238578 -0.109293842170236 -0.47520427147443 -0.107430705313133
0.274176260724815 -0.319235158751619 -0.176786029161002 0.0602049877898712
0.00031827091891604 -0.384520507205608 -0.117310922265494 -0.0127406027561682
-0.200028808139864 -0.217842758047055 -0.169888186129972 -0.0859201121001971
-0.250840608028924 -0.0816038716032769 -0.324545743401858 -0.00972193817007717
-0.307039095466733 0.0124343318845363 -0.341544497410423 0.130228836460164
-0.280592403727078 0.0745323035939938 -0.318050547925912 0.190256034679299
-0.279252643881766 0.0523391068112525 -0.327836441154443 0.153274835593916
-0.251607855088161 -0.0759326984871306 -0.339398339017619 0.0553248013495385
-0.174086866771855 -0.179363498649849 -0.271584973603912 -0.102046790709731
-0.0138046172561257 -0.315944183179276 -0.134015623737916 -0.177105144036745
0.197943591400326 -0.26750493801459 0.00661680772887532 -0.128209787136364
0.338058834358737 -0.0527516150128519 -0.038960926440218 -0.0140516643785397
0.445117237906322 0.141217783499433 -0.224459454408046 -0.175803326227683
0.256159397774971 -0.0324264537960531 -0.635857507261633 -0.45045363006752
0.17270322983508 -0.102512459584157 -0.536804257032859 -0.0842396585662024
0.0763774622229298 -0.128468219410387 -0.166014612775573 0.0589727562492691
-0.00569841341286473 -0.11371859244652 -0.0956236352780991 -0.0423751372085784
-0.0431907647530239 -0.0743610648170782 -0.208908579988309 -0.127447588771574
-0.076685856331885 -0.0568568747210747 -0.389152863791124 -0.0344100419842116
-0.123073525124967 -0.044440008826879 -0.421661335704892 0.137673834622957
-0.119367575233298 -0.0156652577676701 -0.381057641425004 0.208024037156921
-0.120996224689286 -0.0298157687142686 -0.389384533232612 0.158641197485427
-0.0923802587465052 -0.0766476578432646 -0.371978760881836 0.0190836482049097
-0.0296428240589257 -0.0954041638786564 -0.264574536745094 -0.151264945272379
0.0322663028117306 -0.104529037294477 -0.091853021314831 -0.179079021128163
0.0819499541237541 -0.0762537295265399 0.0175240102890474 -0.104725603413335
0.128560760864477 -0.0174877468310702 -0.105465857717872 0.00828276877972951
0.213782750600248 0.0406759278523364 -0.340194873558178 -0.202792754986179
0.088311576170316 0.112098113159627 0.44523770122633 0.123791244411836
0.113523858330776 0.00984569134678611 0.213662046113582 -0.0719554860075458
0.0682348713636828 -0.103800755287756 -0.0496732544495567 0.0667614362098271
-0.0482523627914275 -0.122043855548419 0.0445353764934948 0.190240272725681
-0.104313284609497 -0.00940625066448614 0.263958861110892 0.179606986355213
-0.0698118251847675 0.0507071450699622 0.418549184932211 0.0173209445670135
-0.0509370846291657 0.106793359605193 0.427200880614707 -0.180066888458851
-0.054020018776186 0.105364187946269 0.376517636897506 -0.241200900592481
-0.0631707512158822 0.104533749693564 0.415634231891809 -0.193351125915177
-0.0977768030203647 0.0531825646366337 0.384389870860507 -0.0324649252122589
-0.121721880801803 -0.0293174840713989 0.242786770973018 0.110341725920237
-0.0469037767170379 -0.142152558844881 0.108594142948661 0.0429140261571914
0.0832127026549623 -0.0931894198226194 0.168642670224719 -0.0430550829314507
0.0801603362619897 0.038954598804313 0.481102313951731 0.0205974670512083
0.0215505387392008 0.0880491584375299 0.689436494288235 0.415368060787251
0.343796947669601 0.167474105917655 0.353041696988914 0.0942077978715842
0.333143883754021 -0.0279936661263888 0.170348177746918 -0.0612616608185167
0.208307443178465 -0.267444610611712 -0.0596555646599353 0.0821005329104048
-0.05749989494279 -0.337142646175021 0.0145557336784826 0.197912637577471
-0.236761257826346 -0.122779593089556 0.238278617669589 0.183500574894788
-0.229076467710642 0.0317941877820203 0.373202493168978 0.0433803187610215
-0.229694444803937 0.171322192452473 0.391992017252181 -0.143377161021316
-0.217808568614235 0.197532894284477 0.322474552698653 -0.190006906937479
-0.235511182412541 0.188129050840763 0.349194276438242 -0.157708184249116
-0.278106161591196 0.0446795010990764 0.310183086397847 -0.0121182773260751
-0.278292275536286 -0.127592509473562 0.181182329445836 0.0958036220973972
-0.104731769311477 -0.378823975547395 0.0626499440573271 0.00424809412830521
0.209155690321861 -0.320166901897509 0.151138000055419 -0.0785668113454624
0.342607921300838 -0.0223224769625829 0.473929005486096 -0.0406772241380548
0.328846658340614 0.182661609426106 0.666779937838179 0.30431482712394
0.561562173384591 0.207921288833366 0.202540804640968 0.0234923200720634
0.5334539917259 -0.0659214428608855 0.081312752669864 -0.0526914933847884
0.338460552767835 -0.419081824694971 -0.0727861665269395 0.104941895758831
-0.0639493479639708 -0.534509802136875 -0.00753214518625359 0.196538401885685
-0.348832070878802 -0.233601953983757 0.195381644673186 0.161219762993998
-0.363402204097769 0.0019470622810164 0.277959611342948 0.056329497814445
-0.37863829338715 0.205510946970164 0.297960851256429 -0.088764161743916
-0.349944183774046 0.259273546679497 0.219114760425875 -0.109461108435503
-0.366709346815629 0.248387465111739 0.231979085534515 -0.0948871600856791
-0.415520493905019 0.0417133158081524 0.188487780290455 0.0154712214843948
-0.404867627515354 -0.19127794035896 0.0859236154724697 0.0687553377294427
-0.173829788329761 -0.559613517487593 0.00065918247400901 -0.0394590673293934
0.280389889490896 -0.5193139570101 0.112586763195658 -0.112684769062169
0.547522583447401 -0.107741698650286 0.406988641588637 -0.0941374071317966
0.588387326225624 0.2334564053154 0.551399175850316 0.167177547008297
0.709615648519271 0.21571730978833 0.00423406865437351 -0.0784984956668988
0.681063866572651 -0.115642547862404 -0.0549523779154015 -0.0472245162011515
0.426329842245981 -0.54300488233003 -0.0929491876996631 0.129866232737933
-0.0794357187981972 -0.677861266182645 -0.0251256084058317 0.176869970204562
-0.42773007630117 -0.312942862451978 0.126550600404381 0.110303666169532
-0.452153722604695 -0.0270982265679924 0.138598023079943 0.0551949285604456
-0.476162663191214 0.210363653469658 0.156649828772067 -0.0244499106906506
-0.428467039878996 0.283270533155616 0.0829816700036463 -0.0132055532490973
-0.440864969467283 0.273159747632451 0.0824585384505324 -0.0132524789211841
-0.488190182222942 0.0368864679071744 0.0365697411131032 0.0504803487869641
-0.469946473409737 -0.222635901182586 -0.0329622969257354 0.0395851369347805
-0.226374351300342 -0.650271988532589 -0.0714134212404417 -0.0787701239304092
0.298546228928173 -0.63909383063871 0.0602547975529416 -0.132867675922006
0.655454923806453 -0.178777313175874 0.290408713484846 -0.115986495749738
0.750316525685741 0.239767518812826 0.359312962423335 0.0324573285207042
0.761031347600842 0.186189093394097 -0.219440940012285 -0.19403978601096
0.726851238678892 -0.158781496364762 -0.219535087897195 -0.0444543879499765
0.443256432515588 -0.592467333513871 -0.116889237882152 0.141986797159747
-0.0897072520073621 -0.71783810709813 -0.0470024489589265 0.133594274353399
-0.441846257010291 -0.337370393065667 0.0297484557735731 0.0410706833217399
-0.469331571866926 -0.0475658917457146 -0.0300893730150079 0.0436937453578544
-0.500197169153144 0.184001658133195 -0.0142601043863355 0.041701795002128
-0.442446953436163 0.262489167682442 -0.0654829877354998 0.0841759933176201
-0.446556110340476 0.250742981801011 -0.0749017056021355 0.0740688068580109
-0.481647938562602 0.0182249367902331 -0.119552141981684 0.0839191173628915
-0.449157491678835 -0.22483295931382 -0.15237100937822 0.00841584266241604
-0.218001703012421 -0.629840014856845 -0.134352174079332 -0.112890954635609
0.281901017471826 -0.631192300657698 0.0122457281069914 -0.137440341221525
0.645638265769428 -0.199573094825944 0.152444101913421 -0.101236173452659
0.781113302808107 0.216265676255829 0.128247989482719 -0.077133228032028
0.692283948189091 0.121304168049233 -0.43283381123117 -0.298577648636348
0.640969663056837 -0.175766144555452 -0.377133334608639 -0.0428415984238897
0.375331426896114 -0.529435938249835 -0.138393933599139 0.1315260020193
-0.0830595801222417 -0.614352680946737 -0.070521028565919 0.0699473344295067
-0.372922698213731 -0.294652627890869 -0.0782015196103381 -0.0306771954194645
-0.405060055473183 -0.0536217090901542 -0.197198924130038 0.0274215079992597
-0.445038839855809 0.13410657172808 -0.183496684753703 0.103401199688145
-0.389720746909673 0.201628950522506 -0.203091926035371 0.168316099953685
-0.388922084676704 0.185168438843256 -0.217229177945127 0.148348661162654
-0.40095277364142 -0.013285709458621 -0.252561843603329 0.100970075968259
-0.346890094220474 -0.20678727486611 -0.244735154230503 -0.0318283157593659
-0.149266944560621 -0.50979853307788 -0.164488603769096 -0.141168187196867
0.240123817030047 -0.501105470834695 -0.0133174503058277 -0.130543894819736
0.533351942500563 -0.160555207850451 0.0286922498489968 -0.0634288433489588
0.682030264781476 0.168718382071673 -0.0943019584494034 -0.151987444048435
0.511263582831408 0.0330897196310479 -0.597849719509363 -0.371216778437163
0.433818290187139 -0.160480356828869 -0.493267937584389 -0.0396889020718543
0.236530582352737 -0.361759629685399 -0.151161180642727 0.105934580542408
-0.0591510922036834 -0.392502606050779 -0.0867328673163947 0.0077603703858985
-0.23294651980111 -0.195203682899559 -0.168281564798257 -0.0858799622157758
-0.267578954424247 -0.0515491453668782 -0.327921449497257 0.0129000440781012
-0.31606154426734 0.0619550916756582 -0.322569611142686 0.153127527182522
-0.277950957593563 0.110887439692745 -0.310639997930375 0.226944147421351
-0.277099181842846 0.0904852192537606 -0.325808665482703 0.194670503708852
-0.266957034680645 -0.048517023802666 -0.344936492609462 0.0926526042831726
-0.196759988801991 -0.164627934040527 -0.291347558182386 -0.0806277577948838
-0.0538039607333329 -0.323120946734752 -0.155156712784498 -0.164184510345071
0.173337510378537 -0.29937329999169 -0.0114787338670926 -0.119627872221236
0.34849088044133 -0.0932010822515631 -0.0614345150583091 -0.0195899528216471
0.487703812925077 0.100812802511547 -0.272763504087181 -0.192814858848619
0.245197294673664 -0.0583395057910583 -0.685980100020808 -0.39995347881413
0.158379795702751 -0.117065665497239 -0.554865226998763 -0.0286743146493423
0.060443962597792 -0.139950664237951 -0.154346194564404 0.0843237098409266
-0.0254258585473142 -0.115607118511591 -0.0896630894457552 -0.0314329033286537
-0.0575867719243525 -0.0694444230895346 -0.221239701295748 -0.112415922356615
-0.0883322471827568 -0.0441821221629937 -0.398706913914025 0.0034275188618468
-0.135991402848109 -0.021968866219828 -0.407615545172217 0.181249282176491
-0.124441827484272 0.0013653542196988 -0.370112598470944 0.252818801034321
-0.127113294612515 -0.0141069697193426 -0.389501116339682 0.20660842764238
-0.103987962748136 -0.0686406245507305 -0.386183232706147 0.059755273287291
-0.039929244176354 -0.0969217074218337 -0.292719819990934 -0.13146612721211
0.0207169344248159 -0.111183889378741 -0.114390740434123 -0.17638947206961
0.0768234184939102 -0.0894345066511883 0.00388605658622572 -0.106130904320136
0.13308369055845 -0.0356593426411638 -0.117571025732476 0.0156742866358612
0.23441420773267 0.0157826547458796 -0.38668484860067 -0.197723245253721
0.0966994782668077 0.107494386325919 0.464973809876197 0.0994822212416624
0.114515603054809 0.00448776490639473 0.213453949702652 -0.0890413986968844
0.0616405882491217 -0.109172253589299 -0.0469233194329105 0.0724970598618861
-0.0579177219680724 -0.122617122843632 0.0569083998516127 0.191012227148883
-0.10708794395843 -0.00339135848653631 0.280469306338699 0.162099012681091
-0.0687619065361477 0.0561950193753259 0.425940824925605 -0.0172379482834648
-0.0427608554734436 0.111663061316304 0.419398697177318 -0.215621173279379
-0.0457752560405711 0.111898027040109 0.365726983616314 -0.272247191519495
-0.0558080266564034 0.110441319108968 0.405878362330874 -0.228912286386976
-0.0951684844149742 0.0605642036483976 0.387641790698572 -0.0625049450270064
-0.125486744430245 -0.0212274677424483 0.256898840000781 0.0954448509772846
-0.0587925255787544 -0.141051348362141 0.114284263495263 0.0367511302209057
0.0786581689760718 -0.0992509377463963 0.170749447014054 -0.0562214627648415
0.0843849780412567 0.0352667059678652 0.493312281519284 -0.0115791625973908
0.0267547464909321 0.0885441395944565 0.735477463496404 0.378319110013772
0.360683233671895 0.146891223125202 0.369966960004819 0.0758281815652644
0.335616470325423 -0.048899403484326 0.170599690967116 -0.0740984126643032
0.193605579865386 -0.287434604584219 -0.0559359359958629 0.0892494197166866
-0.0848860499619432 -0.342207792918269 0.0277743951983495 0.202023683990429
-0.249651290858409 -0.109476084509406 0.254125935480076 0.167800578228314
-0.232867848122776 0.0487475746333715 0.382846352550345 0.0137821693957514
-0.219522285413969 0.191113983739191 0.383998531541619 -0.176270728813146
-0.205863125196269 0.220980097532307 0.31431297054809 -0.216579475166956
-0.225369928975036 0.209257537276659 0.341512246391044 -0.187679643849941
-0.280556346062821 0.0663038954806427 0.313626073587654 -0.0365707332300328
-0.293767439728125 -0.109796182579096 0.192522924861665 0.0842819741952609
-0.135986618796775 -0.380199181884087 0.0635896352565861 0.000859850674080486
0.191710362428587 -0.341026503564481 0.151677452899106 -0.0906322776694429
0.350124554103825 -0.045865505752679 0.483057035672374 -0.075227339800412
0.348737543379067 0.162613711313531 0.703336655661057 0.265989880618059
0.585874877409173 0.1747740032794 0.212279785089281 0.0144627029960658
0.537996593453083 -0.101253504823067 0.0810818453931946 -0.0581502103451802
0.315603199248664 -0.451644249350866 -0.0673249880877594 0.114171884487772
-0.107129313862613 -0.544437549646424 0.00654621042195559 0.202689710905528
-0.372201952127075 -0.214193346392526 0.20797751542122 0.147682238036872
-0.373847128672837 0.0279164673914267 0.287697141786941 0.0359387382998195
-0.370175711700919 0.240006260018255 0.292092654205333 -0.113114722558389
-0.334898021733181 0.295230560592378 0.215882271246661 -0.126872746380247
-0.356190889807977 0.282341463301842 0.225870273725759 -0.113697302126543
-0.422400068530883 0.0743027924541132 0.19213689585576 0.00111764583739291
-0.428193166684082 -0.167417964814777 0.09203075467686 0.063874725648045
-0.222765975151315 -0.56149274758893 -0.0038416971509551 -0.0389305113679496
0.250035729638375 -0.551005354193215 0.110709433183246 -0.12213808781855
0.553436470217163 -0.146264017120772 0.411763272079598 -0.124371347929344
0.618287400253076 0.196283156099995 0.57345565966607 0.133047491436424
0.740000082114566 0.173880671924541 0.00255426059618355 -0.0778793683045609
0.686570305211595 -0.163020976584773 -0.056426918598841 -0.0427178576625078
0.39566712083487 -0.585773975619115 -0.0860638925626983 0.140989797927945
-0.132636965248259 -0.690493164320779 -0.0124679986450401 0.184783377731785
-0.459934204182494 -0.290639839968481 0.134345499206796 0.101384411350518
-0.466652304741163 0.00556907141659824 0.146854603197887 0.0468017587187529
-0.469662991709214 0.252631619946332 0.151608592136892 -0.0361750969688204
-0.414661776955284 0.327105669201063 0.0841211388653516 -0.0181576361885838
-0.430438097094359 0.312717975848592 0.0800097480478815 -0.0189309693554821
-0.497575770864263 0.0746110296074168 0.0410289795911948 0.048303943764635
-0.498718942791043 -0.195196445090191 -0.032212373498363 0.0429384182252371
-0.282115082511086 -0.648647476021943 -0.0807400887018683 -0.0742708578622257
0.259109594402835 -0.677129985928426 0.0552253361201183 -0.138698559054703
0.658333874417205 -0.228392048338252 0.291136769877803 -0.139965983329582
0.784213765306848 0.191819763891286 0.366671093130689 0.00941733544749011
0.79023785806551 0.140430305454584 -0.233848916130421 -0.182188029698366
0.733360508191505 -0.210412687252769 -0.225357661838783 -0.0280380166857377
0.411034088963147 -0.642243607585902 -0.110710334335447 0.15634128830868
-0.147875765687608 -0.730137375476052 -0.0366937108120958 0.142180511172476
-0.475080963909984 -0.313732747044806 0.0308181143742651 0.0378237970651329
-0.486868061563266 -0.0128571171054175 -0.0251896741825946 0.0488582571395906
-0.496774760913332 0.230907284402916 -0.0168062230742165 0.0443815516369547
-0.430734925931403 0.308666157708593 -0.0596779327356232 0.0920131259030443
-0.436824262799894 0.290213840825836 -0.0729874756736369 0.0823303888637406
-0.492194434978967 0.0556289801837133 -0.114581558547309 0.0947556863871779
-0.477121791843805 -0.198757689960015 -0.156982661823279 0.0192623472499839
-0.274282153060215 -0.629754832067811 -0.147090906140307 -0.104283717522267
0.240913372058522 -0.669033504413559 0.00542035555563771 -0.139769935626396
0.648819084017287 -0.247075438116432 0.151286304457012 -0.116754989210586
0.815440819175317 0.164762366444289 0.122290498200608 -0.0879233510219159
0.71524177185272 0.0777064934464529 -0.460152068448536 -0.276650614399818
0.644181067595342 -0.224286227704924 -0.387001768395992 -0.015407243954877
0.348152156763672 -0.570987503404388 -0.133035840842241 0.146354461979933
-0.133267705942001 -0.625129391524775 -0.0644576980002331 0.0783320931272883
-0.401902219175296 -0.274978822462664 -0.0832677131127411 -0.0267415910302191
-0.419823669169909 -0.0257465738159394 -0.196969203682507 0.0460588678061655
-0.443672086250023 0.174249349753145 -0.183845511296735 0.119901714387276
-0.381918883980544 0.241169027012389 -0.194586431690232 0.187533122849795
-0.383284954711716 0.218814109406629 -0.211373779018877 0.168412243194117
-0.412062745500991 0.0172448301996561 -0.249019925854703 0.121596218172331
-0.369855729695613 -0.188219602191275 -0.254450935571214 -0.0146063729274865
-0.193741301398035 -0.509827168417406 -0.179865678622464 -0.130910130411188
0.207685171729303 -0.532308690981299 -0.0211994375727562 -0.131493725501779
0.533463530456803 -0.199392255592215 0.0275421280167235 -0.0681329775544187
0.708962328679534 0.120424990542363 -0.112004984437938 -0.149071841195807
0.527049322693618 0.000995923850737337 -0.634915122130061 -0.342113656615602
0.436331381881078 -0.193962808012088 -0.507069779653546 -0.00410033991223509
0.216848355168867 -0.391219984946062 -0.14737697388178 0.120285813564327
-0.0910092875084569 -0.39997384895833 -0.0859248301064882 0.0156798916841155
-0.251846808651847 -0.183529058389796 -0.178699026960307 -0.0762078494194968
-0.278443034034372 -0.0330929144176695 -0.331594026283209 0.0419416004368114
-0.317424393588849 0.0920383000451832 -0.320263877849435 0.180579533218988
-0.275459272757958 0.138328013023346 -0.300024632610324 0.254167731719957
-0.276552408289392 0.114259723405147 -0.317234958385736 0.224458864965194
-0.277141885644349 -0.0277391803815547 -0.342158565021535 0.120012560765207
-0.214212984315971 -0.155347741820447 -0.305147120543964 -0.061065480946114
-0.0819970033503408 -0.326942281338256 -0.17083881063773 -0.155586846458985
0.153952194960401 -0.320531872724365 -0.0193650471899937 -0.119837532141924
0.349673184585594 -0.118837488427907 -0.0619862283864012 -0.0176406931478275
0.506198972620465 0.0658928271070515 -0.295756340772775 -0.178358829003277
0.24764994661642 -0.0749668708843212 -0.72944126510227 -0.364318499203964
0.157215273737032 -0.131201155045985 -0.569153037794194 0.00989215096720242
0.0532426098982276 -0.150195369516232 -0.152111586226157 0.0974321007132026
-0.0353539319166797 -0.117642862716589 -0.0909323631054964 -0.0250884425851303
-0.0629306446731162 -0.0669174755557594 -0.233517170228624 -0.0992860338132551
-0.0930788877446835 -0.0394222633331172 -0.405141485815839 0.0368336122955503
-0.141034051858648 -0.00924251356341562 -0.401651456546747 0.216369126294062
-0.127902712940403 0.0135488304865912 -0.358785380638958 0.284223354351498
-0.13165801969362 -0.00323318613908318 -0.379656710185947 0.239933262872786
-0.112587718507323 -0.060786938976377 -0.386105627522916 0.0884371320178945
-0.0486365709950691 -0.0966083397103976 -0.308932098136641 -0.112485194663179
0.0105338170331565 -0.115358499372695 -0.12958687200161 -0.171286870719544
0.0698649151685724 -0.098980910254984 -0.00390508103412088 -0.107625838571049
0.133367423681237 -0.047062310485235 -0.117848516831896 0.0234801156150091
0.24220157851789 -0.00288660110744345 -0.412742853672452 -0.174918762416373
0.102319170099109 0.0982943663915359 0.471511371267661 0.066931317021944
0.112071865822625 -0.00191941333956339 0.204948679790968 -0.104390348814846
0.0529605256046805 -0.111990470173767 -0.040804919357699 0.0774768655203001
-0.0675945892195674 -0.118047558448266 0.0697890801106324 0.186259591552578
-0.106128244103301 0.00370620273408311 0.287503115588519 0.138035684578617
-0.0652304569383436 0.0607715436560279 0.418448769124646 -0.0540951306386993
-0.0328376895429971 0.111979487845583 0.39509814987813 -0.246237531480928
-0.0345916016031904 0.11427004390736 0.341326659705347 -0.297599062789303
-0.0463413908305795 0.11371242772827 0.381096189539958 -0.259666948105853
-0.0883484541519906 0.0665696161693173 0.377536782309543 -0.0929724485692998
-0.125453159837769 -0.0107251551106707 0.263533520891423 0.0747248394714753
-0.0686515411083336 -0.13460958276951 0.116226528208508 0.0282384503539816
0.0717846123968671 -0.10287413282836 0.166100962338459 -0.0693076402536651
0.0871248683697462 0.0293574982996967 0.488419291555186 -0.0472577052735013
0.0322630540838086 0.0855447503776186 0.757832885739183 0.322921042674325
0.367608353762757 0.119095425099409 0.37619076229711 0.0514812623502154
0.326482774057605 -0.0709769910822472 0.165046232645755 -0.0852236288225169
0.168992954110667 -0.299095235122299 -0.0485308968680757 0.095087233993518
-0.112463065442809 -0.334161881965647 0.0423170041221591 0.199467988627991
-0.255173569357022 -0.0913449836719399 0.260625405296172 0.145962728982854
-0.229084259783125 0.0664312333445719 0.379019812692985 -0.0183446196133022
-0.2015863894468 0.207036537704522 0.362108604930393 -0.20337452000647
-0.183932236596642 0.237547781532317 0.295149048256519 -0.238046265988278
-0.207179393559595 0.22604784480865 0.320102922634223 -0.212248270125742
-0.273160727018931 0.0873553123765259 0.305852442754022 -0.0611200665454108
-0.300595542628321 -0.0868226366989265 0.198117701967562 0.0691141562926559
-0.166115939797486 -0.367275272185857 0.0628737884633112 -0.00310994743933962
0.164481697799655 -0.353177772199092 0.146423101839899 -0.101780175863776
0.344482847387707 -0.0702670455458327 0.475037127141368 -0.110406572999127
0.35796623345476 0.134192775577114 0.716616634372387 0.213212126239459
0.592533228026971 0.131021519831268 0.216172368647016 0.00170739417794141
0.52495130252607 -0.138199762691878 0.0783988092778728 -0.0629887870196437
0.278679496907725 -0.47432802826538 -0.0579438168600214 0.120524476292624
-0.152218127826756 -0.533452092534223 0.0220642117373723 0.20225872115412
-0.386476222610683 -0.185643418596495 0.213962971544057 0.129556569098883
-0.371225935631803 0.0577655572225048 0.288871656192166 0.0118894990064783
-0.346345863223006 0.267529778649809 0.274756741535818 -0.132099262569571
-0.30557818211365 0.324309463376686 0.204354851132847 -0.14120101987124
-0.33121932137201 0.30909641663132 0.211710583176168 -0.12936571346987
-0.414191042325765 0.107187615601122 0.188733555784521 -0.0139164552474891
-0.439473703027611 -0.133410943178865 0.0961038542732395 0.0565815416377181
-0.268789019856859 -0.540324210506228 -0.00744075997882702 -0.0363524107671926
0.206803976627996 -0.56824114799155 0.103749139539303 -0.129843508889827
0.540235871608707 -0.186224456699271 0.400788126001029 -0.154640513424635
0.628812118059701 0.146644519952614 0.578782057973895 0.0911500344632743
0.746041808430885 0.119880455612514 0.00113081507484396 -0.0748592258736176
0.668875062083685 -0.21085704731543 -0.0563354539868644 -0.0365006939697132
0.347807346799577 -0.614307347995645 -0.0751029325224815 0.149410142521817
-0.192247447018759 -0.679448886649824 0.00272591065984186 0.187218198283314
-0.477282726900668 -0.254051984282848 0.137090858247894 0.0898537527245342
-0.46581072885096 0.042051548400889 0.151275056908061 0.0354270116964133
-0.443552360016747 0.291633012590417 0.141505262997382 -0.0460064674607523
-0.381227147838933 0.363603029456356 0.0830103434898205 -0.0237896169280102
-0.401973732084684 0.34638972739712 0.0759297920689129 -0.0229613735592933
-0.488737998403857 0.114618496054771 0.0439956426262986 0.0451486293569097
-0.511135492611108 -0.155946158201551 -0.0298449255831126 0.0457997560312882
-0.337107329722954 -0.623815666937962 -0.0868966829617627 -0.0655108211187258
0.205147311263569 -0.693483111169934 0.0477878068835978 -0.141988473200663
0.637776465769325 -0.27434630222456 0.280410006249816 -0.162127532150184
0.793082566319459 0.129001210768121 0.361785599670229 -0.0173982002685884
0.794257101104571 0.0836734598058444 -0.242216933263392 -0.162893943540522
0.712926404732518 -0.261859249608878 -0.222049596087939 -0.00973688218318251
0.360462299384508 -0.669598341388098 -0.0984349330853855 0.164829533781339
-0.210511908348033 -0.715692039639526 -0.0234332534206614 0.145991045261503
-0.497519141946017 -0.276867480256982 0.030424843415766 0.0356498789058715
-0.486658209130215 0.0257183719615552 -0.0184325105580876 0.052514528350546
-0.473282598551918 0.271443709594669 -0.0182417085782543 0.0475828722212144
-0.399931893614665 0.345937445263272 -0.0509202763380078 0.0970507953497258
-0.411111274520335 0.324508366177562 -0.0666703069563953 0.0890013020171207
-0.485390504587724 0.0951481422028191 -0.105392544115766 0.103204672446542
-0.490947328280153 -0.161766523431094 -0.156254661782382 0.0322116154972624
-0.327064911061258 -0.604203416407804 -0.15544625334982 -0.0897696249481053
0.18746652234911 -0.684669565807081 -0.0023889738963986 -0.138403980895981
0.623608620305292 -0.293851021311216 0.143132301320101 -0.128511111897352
0.820825023269142 0.0973337487811437 0.110482270250516 -0.0954297829152215
0.717994901015815 0.027044026502684 -0.474973184803081 -0.242178590264024
0.625895561271783 -0.26886731421731 -0.3824626157641 0.0148636464887726
0.302283996971493 -0.599210379212827 -0.12162222798379 0.157091548743364
-0.186826757656322 -0.613645264776605 -0.0558391298939049 0.0843258153496027
-0.420504464675032 -0.24363720658156 -0.0866999700449621 -0.0196254483933631
-0.420848389288616 0.00759406054092423 -0.188291263271443 0.0645265314781357
-0.425285396197576 0.212773944875227 -0.176570757918186 0.135591941464272
-0.356476141236343 0.275529679905089 -0.17683633953451 0.201560542325591
-0.362863107688594 0.249245223875475 -0.195759730360667 0.185230488899371
-0.408614054980145 0.0511481225293105 -0.235510901885827 0.140107257678762
-0.383738518265394 -0.15912881822726 -0.255696034321385 0.00677285804533717
-0.237115592508139 -0.491095024882332 -0.189856045939996 -0.114337354832879
0.163001273419624 -0.546472056020298 -0.0275647870042704 -0.127970205203918
0.514603746395916 -0.236530909638378 0.0240758873819979 -0.072294836550238
0.714970829411707 0.0620308142476049 -0.126392863622051 -0.139634790390281
0.523927200471331 -0.0361018195015189 -0.653953561837446 -0.29502750106997
0.421397544329392 -0.225126056729837 -0.501703435759858 0.0338728815412353
0.187695191645863 -0.407612708749223 -0.137484182263976 0.131598424167003
-0.124988414104362 -0.393365049098761 -0.0816860685248084 0.0230433947306056
-0.263574719039273 -0.16359763303845 -0.184152594269089 -0.0613676928470698
-0.280867805388292 -0.0110978005994633 -0.321366034841093 0.0702431804156368
-0.307311520218368 0.120115223971095 -0.305142613442769 0.205937108041498
-0.261039755904521 0.164140640632842 -0.276138239113922 0.275568821630856
-0.265312830421901 0.136573569777014 -0.29491117831142 0.246660135811633
-0.278788488358829 -0.00386265080064462 -0.327738832157848 0.146004335273294
-0.22675658710313 -0.138344377211327 -0.308316962807218 -0.0357608898012384
-0.111125905619013 -0.317884617587031 -0.1820924742129 -0.139926247862332
0.125110594047021 -0.331314963242081 -0.0269983435434107 -0.116615462794556
0.33832692556175 -0.143989234588993 -0.0613262424750079 -0.014373263999305
0.507226121181683 0.0230444455229204 -0.311012503069519 -0.155326364381644
0.241797054812872 -0.0916320444336772 -0.749963569051503 -0.312626632476785
0.149717367537169 -0.143276315355876 -0.563642960415918 0.052821032879932
0.0422785988368576 -0.155954317073139 -0.143737846368655 0.108874034660061
-0.0450898953641128 -0.1153026717658 -0.0900062960509707 -0.017930904806654
-0.0674470257993973 -0.0613542015100118 -0.238573238653133 -0.0794611507826813
-0.0955664003466725 -0.0319904228180778 -0.395534450451521 0.0713638413719999
-0.139702756420554 0.00539950275141584 -0.380718315678387 0.246251811266947
-0.12523319369962 0.0265874292661469 -0.332978514391638 0.3096479402098
-0.131415062423641 0.00843367300488923 -0.355329726907839 0.266706004506574
-0.116803223215844 -0.0493674267771 -0.372769072125087 0.117235102102603
-0.0580641193915789 -0.0919250367365413 -0.315745387437705 -0.0862873502537164
-0.0009207538764331 -0.114952862477471 -0.142315463368362 -0.158884855696722
0.058865548314259 -0.105163063463554 -0.0117684043415174 -0.105329093196083
0.129762468092681 -0.0577409503149033 -0.113784621793226 0.0306840667704349
0.240663139822734 -0.0240458926624771 -0.425865941006111 -0.143350695202898
0.103056296938774 0.08910513824293 0.464774504816429 0.0433096691932082
0.107150170135941 -0.00617931132096024 0.193409987325935 -0.111650601070895
0.0448771086894193 -0.110911956285699 -0.034530490702969 0.0799644794442868
-0.0724754258544943 -0.111208883281709 0.0781186435543852 0.177233827332465
-0.103699208860297 0.00883118734168688 0.285075445003406 0.117604889769776
-0.0609172832594626 0.0622434997330432 0.400871120387742 -0.078008178548662
-0.0252144727246295 0.109364806209191 0.367067918917172 -0.260743697718389
-0.0257417654028733 0.112678112909886 0.312792253868919 -0.307912283026249
-0.0378166193643477 0.112202274259695 0.351545851565014 -0.272987040968763
-0.0813605327393318 0.0683641292113014 0.358683235926979 -0.111321115305785
-0.121806412901548 -0.00317600174253904 0.261885811123004 0.0574706185589349
-0.0739746443710473 -0.126204632400981 0.114852647758765 0.0208089218961132
0.0649372517716725 -0.103095703303606 0.15861516906422 -0.0768232837888906
0.0859074022718515 0.0246818828290244 0.472697537921519 -0.0715081972060214
0.0348906511103751 0.0808538725033469 0.754020255956054 0.276534133707089
0.360916545194459 0.0953648020303535 0.371822883719608 0.0341424939024603
0.311235490529373 -0.0836681853920401 0.156939883904741 -0.0908486599328325
0.146789098441065 -0.299715044890699 -0.0408756757007142 0.0973755367991748
-0.131296790819436 -0.318492341589478 0.0522717358142334 0.192561175739195
-0.253685846193966 -0.0764001907341044 0.258221017833508 0.127463099711513
-0.220744305704341 0.0785937232574096 0.365775214963262 -0.0411536914524306
-0.182431988358739 0.212181869354366 0.336070166856422 -0.215273934871702
-0.161927312160259 0.242846870615181 0.272172983329424 -0.247041752520668
-0.18712349343078 0.231717180119457 0.295434484915725 -0.223347102389399
-0.260203758289134 0.0999464485919241 0.292066178974734 -0.0765545960005326
-0.297470257858339 -0.0675234508139855 0.197091217537794 0.0557350414489513
-0.184258693988533 -0.347026442565053 0.0608747961016676 -0.00573978806514849
0.141241678306478 -0.352510112970758 0.138723943270488 -0.107606387497141
0.332208198556376 -0.0863253138216229 0.455476751632586 -0.132501088176424
0.354657679190937 0.109260311762039 0.709041113552162 0.171798475700345
0.581082504794878 0.0959017525746775 0.213821366332537 -0.00677465764934401
0.500957331076437 -0.160961356893015 0.0748987255634324 -0.0649533090213982
0.242590765191113 -0.475487760762806 -0.0485112180934557 0.12305864593729
-0.182670897482519 -0.510532647471553 0.0337749345077859 0.197573950220766
-0.385067288925461 -0.161324845709294 0.211214834945864 0.115279829142759
-0.359391251387278 0.078453061505177 0.281742414531445 -0.00581760738496805
-0.319400481672886 0.281193865532169 0.2548342422015 -0.140826609875633
-0.274437305690384 0.336346697069992 0.190048929625721 -0.147955430876547
-0.302323387694768 0.320544481009439 0.195581679008518 -0.136519724203012
-0.396142987456361 0.128026300109272 0.181656450986837 -0.0238023614095492
-0.435689854656789 -0.105657411956761 0.0967918335238721 0.050213497423695
-0.295958609536431 -0.510295966200451 -0.00977352346583627 -0.033029999896943
0.170397433042737 -0.564548229779048 0.0969781700193727 -0.132554452522241
0.515260139791445 -0.208636041356788 0.383213969386949 -0.173274984735039
0.618328898083085 0.103969860380673 0.566078764600324 0.0596775633367142
0.731146273263982 0.0780087228518252 0.00094061661979285 -0.0709408906177586
0.638632155681831 -0.237957624811958 -0.0537834714502833 -0.0324422288334195
0.301973518522621 -0.617293438868003 -0.0631496801635084 0.151882268861942
-0.230784550978015 -0.64859689038881 0.0149427027779247 0.18350377918768
-0.479582564062371 -0.222945869851175 0.135042011223362 0.0819956502570818
-0.453341021282109 0.0691758112041092 0.151411808014655 0.0256605192328586
-0.411422883128032 0.309880417401515 0.130333201577694 -0.0483178805754537
-0.345356975290757 0.37971377415279 0.0798541413798252 -0.0270008206501729
-0.370065766467656 0.360451720254989 0.0704229927950396 -0.0250387022291949
-0.468474369306909 0.140307499104205 0.045120360739149 0.0412635273579457
-0.507374894346489 -0.123687386068483 -0.027186722375353 0.0474546588425525
-0.368035892000641 -0.5873593126198 -0.0891460495752134 -0.0562003095325758
0.160513599247354 -0.686398206236285 0.0422292276694853 -0.141770108909606
0.605628656932843 -0.300938067030101 0.265353703822728 -0.174750312776002
0.778448155944115 0.0772987626925957 0.347579799405338 -0.0349841250830994
0.77625591549484 0.0401576704889151 -0.241237125671496 -0.144816244834913
0.681850017310096 -0.293341153451347 -0.214293527292008 0.00282904787310776
0.312021727160467 -0.674168562308708 -0.0863749951821502 0.168376112288798
-0.250305826190919 -0.685802253735996 -0.0131296989783165 0.145810875946013
-0.498484212771272 -0.244183157462588 0.0287543250203113 0.0349851016047918
-0.475220594649088 0.0538627986596482 -0.0107480057359059 0.0529195858017637
-0.440113647332906 0.294985944003066 -0.0189501915070328 0.0511468664973799
-0.363879508844113 0.364723025010326 -0.0428817036105108 0.0970529618161986
-0.379194752243828 0.340670013031265 -0.0599713101150353 0.0918395164152622
-0.466484860464321 0.12260330005691 -0.0961391319390105 0.106543947569161
-0.488666073368662 -0.130807125795553 -0.151261724962348 0.0414335160772215
-0.356505294173312 -0.5691104719539 -0.157175371265942 -0.0759989887614561
0.142758476461336 -0.676429189110221 -0.00655531154337505 -0.135360068852436
0.592218553322896 -0.318518229922684 0.133325741472571 -0.135819253783893
0.801934059605447 0.0463125833734962 0.0992527007511288 -0.0971463802980162
0.700692929677988 -0.0102557459575536 -0.473451779017439 -0.210743706750605
0.598452829025285 -0.294805369305577 -0.369317422547533 0.0348675964711245
0.260752687938297 -0.60102347477746 -0.109992911774677 0.160982047174774
-0.221977660685499 -0.588589792142473 -0.0476412107482128 0.0872728414060296
-0.423659598313209 -0.215803202750954 -0.0866487436824491 -0.011999629102756
-0.411667831268488 0.0330015823227197 -0.17393101331327 0.074796420739514
-0.399031722834496 0.235166655074742 -0.166440418677344 0.145069487706446
-0.326571886910116 0.293979010718537 -0.159843107954269 0.205960417242606
-0.337340905629421 0.265421749091614 -0.178188516651949 0.190972840817284
-0.393984358978636 0.0754559332107492 -0.21966672385113 0.149121860765511
-0.384792846438543 -0.134458897767078 -0.248865286277697 0.0224226430126668
-0.263867846586696 -0.463188110073468 -0.191544185545007 -0.0983007490742349
0.126249196815005 -0.539610044162986 -0.0313545486409881 -0.123597438124698
0.487680447202943 -0.257585295030077 0.0202527970118242 -0.0739293950213731
0.696905821230447 0.0188576625297052 -0.133772042362246 -0.127980726431452
0.509639094018382 -0.0622788663815838 -0.653141402960809 -0.255386488866281
0.402223797314022 -0.241966607723885 -0.485380855060915 0.0590100104334056
0.160944632454238 -0.410674052318708 -0.128043997237638 0.136058212800452
-0.147346029973741 -0.377309665340653 -0.0766703257505209 0.0277853152938756
-0.266582927274201 -0.146055251087321 -0.181612870513628 -0.0480504474155379
-0.274804694165099 0.00618595983471418 -0.304375806753301 0.0888214119173145
-0.289506043868389 0.138400581229466 -0.285725454895833 0.219839915300168
-0.241259577481703 0.178547695557986 -0.251954437127067 0.283633442845364
-0.249823929155425 0.150534367900296 -0.270390203372119 0.256102404657093
-0.271352006223619 0.014497830028369 -0.307145709772267 0.158572681273142
-0.2301610305626 -0.12261374642762 -0.303313052137695 -0.0152615172147126
-0.129476767867296 -0.301556825937266 -0.184643732773781 -0.124637709509746
0.100218705766923 -0.33000264283985 -0.0308083061242938 -0.112064931295273
0.320757150543157 -0.158562118885278 -0.0594890286586185 -0.0129008264217193
0.493766699789387 -0.00834974261862094 -0.313949397898433 -0.133837697294597
0.232315420402996 -0.101103308133539 -0.747187525956921 -0.268415442868012
0.141492897655811 -0.148386131797822 -0.54435666579488 0.0813384381126357
0.0339016728716115 -0.156405116379272 -0.134929344319994 0.113247174047592
-0.0517535492644047 -0.110779055110171 -0.0869422804464072 -0.0131584888107798
-0.0684470809170965 -0.0573611147858442 -0.235132083464352 -0.0639764166798361
-0.0947053761983236 -0.0259739099310472 -0.377027423158748 0.0943198485212398
-0.134431173655514 0.0160969576263899 -0.355476153173513 0.261178152245372
-0.119446680237021 0.0363013956799464 -0.30484050598054 0.319208470711435
-0.127033260994978 0.0176509661552427 -0.327035569942716 0.279038891108969
-0.117279434513782 -0.0388712264598281 -0.352969873235794 0.133855716859401
-0.0634555526188884 -0.086772751653471 -0.312060037031205 -0.0640686396172953
-0.00989286762610137 -0.111339865250534 -0.147183743422779 -0.146317694645738
0.0490415588708143 -0.10660714552956 -0.0167814122868507 -0.101500702401545
0.123202699203383 -0.0642146620833599 -0.107533058366473 0.0341236774612322
0.231737157148616 -0.0389088087709533 -0.424790711442791 -0.117367211017213
0.101178492808888 0.083390073001066 0.45898058603869 0.0314187528218817
0.102372107375502 -0.00627463584097051 0.185615863944629 -0.113128593013219
0.0393841628440134 -0.108253661826087 -0.0287664098101061 0.0812053211410208
-0.0748120539667131 -0.105955036304373 0.0819915411769046 0.17118071231143
-0.10169133640647 0.0108376722958782 0.279169757933505 0.106393300727495
-0.0591437336630906 0.0624945310166907 0.38580580367286 -0.0893527590000349
-0.0210635420477806 0.105733149948607 0.34863228511736 -0.264724542681211
-0.0203445268300204 0.110037979233607 0.29586906731674 -0.308093928176404
-0.0330908073695417 0.109691829892859 0.332161308810014 -0.276494273045008
-0.0771129331456029 0.0675132535946549 0.344610227326404 -0.119370281317516
-0.118867213704363 0.000646455516964947 0.258677187589131 0.0473440920094216
-0.0755361954546529 -0.120974595467488 0.112598537123881 0.0169877523165096
0.0612701692885972 -0.10180138688444 0.153630589972666 -0.0799226333714045
0.0844785579315098 0.0224776378241118 0.458709983700075 -0.0817016572115045
0.0359764264940982 0.077732006818958 0.744369401623804 0.251125971815389
0.353161771062231 0.0835336030782611 0.369317442210926 0.0256310669124916
0.299927338363271 -0.0872812765624342 0.151186240297039 -0.0924711458466613
0.132510723373365 -0.295560269193258 -0.0345665956590787 0.0984036333032168
-0.139435945175881 -0.306757548753086 0.0576134020715457 0.188093060013571
-0.25118736064921 -0.0675796937442073 0.253805055421476 0.11766806683715
-0.214416523342141 0.0837843530224 0.353909170950982 -0.052697183953935
-0.170767207900278 0.21276320703543 0.31924990909826 -0.217653622385068
-0.146818701463607 0.243128903535604 0.258558643006916 -0.248121220425643
-0.174312748654262 0.232028744335128 0.277796984079345 -0.225082733829624
-0.251299538924424 0.104457799705963 0.280737486309727 -0.0826800347744923
-0.293186656117766 -0.0577686484326589 0.19454640031414 0.0481220045322343
-0.1920874669078 -0.333497348489696 0.0590279063711183 -0.00541838508733006
0.128251836784075 -0.34914911034508 0.134568760733822 -0.109841425711294
0.322831223128482 -0.0922523698961105 0.442089934371751 -0.142893078053999
0.34798066827494 0.0959332270834169 0.696786588262178 0.15201360890022
0.569559796878725 0.0770421611593113 0.21345934970345 -0.00969741081234522
0.484535159543522 -0.167951028904039 0.0740317498990006 -0.064720905088582
0.221214065932981 -0.471428525324062 -0.0420411695323783 0.123896017893264
-0.198238809284297 -0.492389916286261 0.0402414010141842 0.19406022285896
-0.382089120686763 -0.146838268464803 0.207539038171143 0.108535787601099
-0.350075281364306 0.0892145664955604 0.275590069274465 -0.015449833873124
-0.300352961759351 0.285565746914118 0.241914676913285 -0.141142110398981
-0.252257112002198 0.3394888175557 0.181612521714639 -0.149456778447703
-0.28483818438745 0.322989126892695 0.183923611725262 -0.136786113333932
-0.384145030225686 0.13752666291601 0.175679703129336 -0.0280975213763851
-0.431068390350779 -0.0901731776738623 0.0963075856819004 0.0471087279102852
-0.307447464343159 -0.488823271960778 -0.0106158663630768 -0.0301307199593012
0.147741247671254 -0.557479398668405 0.0939321313286378 -0.133682174937887
0.498434108612987 -0.216463729693063 0.369839737782435 -0.180368383765535
0.606575085188377 0.0833866973260747 0.552068964581641 0.0454684390926163
0.714664963739767 0.0569134300529381 0.00311181194273958 -0.0681330358898999
0.617983541777618 -0.24779134780846 -0.0506607648168704 -0.0303520270855121
0.275645519631458 -0.613756899214697 -0.0562317085979533 0.152973926727087
-0.250325522013264 -0.628416341450029 0.021968170036881 0.182378827521201
-0.477369586427345 -0.205224793474347 0.132655837240219 0.0790909059387429
-0.441826063407453 0.0844928191261429 0.151732329478432 0.0195813510873022
-0.389467032551966 0.318037129044746 0.123271486695905 -0.0463721942828059
-0.319988108998173 0.385549231914953 0.0776340472426285 -0.0284160103354045
-0.346767003479706 0.365415799630832 0.0661286695284992 -0.0247868772432475
-0.454013003199898 0.152484181215918 0.0449509444167297 0.0394824785305575
-0.50229799168519 -0.105866891699514 -0.0250975147332551 0.0490167301871505
-0.38294865045127 -0.562188922132298 -0.0887389036999225 -0.0492892079902118
0.135271832854258 -0.677664877957237 0.0396887979668608 -0.140814267181045
0.585334967541265 -0.30941540411613 0.254827650447399 -0.179879299576703
0.761138890245107 0.0511721638536808 0.336565543402667 -0.0413978448572452
0.760828426383821 0.0184048343287053 -0.237144015847311 -0.134289113113138
0.661147905979692 -0.304352357853459 -0.206943464049575 0.00792355616311846
0.284172547511213 -0.67156576180087 -0.0785186784102053 0.170440913053745
-0.270741634634564 -0.6647845002193 -0.00634225779480121 0.145411224114458
-0.497939198117181 -0.225396582226812 0.0293926716331908 0.0369472215896074
-0.464692285613672 0.0691525625272077 -0.00453033883018393 0.0525375942941663
-0.417314688127332 0.304669137884279 -0.0189036672991266 0.0554990388769204
-0.337954721912833 0.372081070303663 -0.038455856523547 0.0963655345609398
-0.358614838727707 0.346066799109255 -0.0561435464517377 0.092742619078664
-0.451922544315464 0.13401127426783 -0.0907883710919242 0.107065674783344
-0.484409228962733 -0.113829761305753 -0.146537922143579 0.0482785292280273
-0.371785665575727 -0.543344079550335 -0.155317844295764 -0.0665710075485406
0.117082826105451 -0.668020885704814 -0.00727273895462873 -0.13307040355753
0.570944751025964 -0.326038313034846 0.127455541604495 -0.138630069365605
0.782693256601939 0.0189849649662764 0.0908282410772233 -0.0959372897900636
0.685052343124861 -0.0283958471847978 -0.467354643303298 -0.194144279277941
0.579399145491997 -0.304754778049326 -0.358613614530842 0.0434016492856571
0.237791749710917 -0.600269619994429 -0.10326680896981 0.163146579417402
-0.238645078909285 -0.571359111040492 -0.0421853650222914 0.0891477335195428
-0.421936909737253 -0.199363674339294 -0.0846091171209593 -0.00625861961481271
-0.402183531741739 0.0465252175857045 -0.163314525288304 0.0791296806910988
-0.378313259425965 0.246160140868274 -0.159393819891357 0.150627682024682
-0.305171922425289 0.302193470810419 -0.149082533454865 0.204958844119917
-0.320224968954675 0.27162867239819 -0.167086791641706 0.192028425266588
-0.382601117036473 0.0866470325189893 -0.208108062001761 0.151859431474047
-0.382698886844317 -0.11959372826052 -0.242451972127454 0.0319388498239808
-0.276289328521414 -0.443530508963466 -0.190185653252879 -0.0885013578233452
0.104198764971496 -0.533349978858489 -0.0319377206959001 -0.120615616211124
0.469164552932169 -0.26684072204037 0.0182935228085613 -0.0751650452628032
0.680048439270559 -0.00605448454953933 -0.137602401266793 -0.120872518580811
0.496874401349147 -0.0732800877352466 -0.644854481252788 -0.232222585365808
0.390490268584125 -0.249368201388909 -0.471760578281595 0.07118273339726
0.145523609719618 -0.409609606208797 -0.121505507172276 0.138334853081015
-0.157976240484758 -0.365741930311588 -0.0720865513897902 0.0301793585995903
-0.265726387634169 -0.137401446743948 -0.177473107676204 -0.0401932954706575
-0.26891124955373 0.0150167464121682 -0.29041010219018 0.0973937375020324
-0.275950992444131 0.147388875396489 -0.273132684748238 0.22579038621395
-0.227538754768238 0.186645371715652 -0.23616822518086 0.282837095449256
-0.238478269310255 0.156868730054997 -0.254077601760225 0.257885078225324
-0.264978878261202 0.0236022650482626 -0.293768253487004 0.163824920586596
-0.230521449276039 -0.112546230487431 -0.296845665601026 -0.00448063348521932
-0.139077792562687 -0.289057358800904 -0.184646305636383 -0.114464852008395
0.0850472700213573 -0.325630051969394 -0.0314336354982298 -0.109436705356071
0.308818904264709 -0.164332140441888 -0.0570775711967915 -0.0131059766160462
0.479968909367491 -0.024267209182964 -0.313983043105713 -0.122161461885521
0.225057736586477 -0.105010054430989 -0.73909353510567 -0.244028990544557
0.137380049837687 -0.151516560182992 -0.531054366531174 0.0932219391666057
0.0300905478157687 -0.156309094170163 -0.129209995857782 0.11564364586379
-0.0551724594054414 -0.107585067809288 -0.0839049288056793 -0.0104572838048875
-0.0677289376585098 -0.0552300244667061 -0.229553540518841 -0.0555380079971894
-0.0938171666128003 -0.0224870116429688 -0.362381391528973 0.104651475553184
-0.12886847271377 0.0219647165442879 -0.339168740454053 0.266835406032389
-0.114049037154484 0.0412935600284708 -0.287933027160949 0.318801089125724
-0.123762011196366 0.0235078552115461 -0.307865211560843 0.280099941509569
-0.11612743042812 -0.0326499951503725 -0.338847007442584 0.140662519013655
-0.0660428871786162 -0.0824395185750164 -0.307174596104606 -0.051564351451137
-0.0161394117824616 -0.107423545893118 -0.147917785203272 -0.136805241804071
0.0422684511805099 -0.106242050944591 -0.018677207333461 -0.098930456071403
0.118409546354853 -0.0676807635444818 -0.103058866865728 0.0345595474707929
0.22422741786236 -0.0466932524937644 -0.421606602361939 -0.103157426486911
0.110496168480895 0.0592309922200172 0.476761470309036 -0.0548524354334801
0.0938554665974854 -0.0256982571513711 0.169341239062119 -0.147153789495692
0.0143913689185005 -0.107827960479582 -7.31966692477123E-05 0.0845656600841473
-0.0919261410830916 -0.0832563126056467 0.121865515767879 0.145506470329299
-0.092011122244219 0.0281734658525939 0.292533649216509 0.0444709400660662
-0.0459054426163445 0.0675496562889268 0.356304340503954 -0.167356228497651
0.00285898817462984 0.100392059202632 0.280702859160656 -0.326154928414647
0.0021282365313321 0.106385656035851 0.227433639710635 -0.361024735942885
-0.00762619739387243 0.107615701487837 0.271489244613327 -0.343835516716546
-0.0580657217311172 0.0786265470427388 0.319208986795787 -0.196114173863167
-0.108787385332983 0.024011257102299 0.269603210294062 -0.012396244213384
-0.0936274955841658 -0.0989798615748171 0.1196896036125 -0.00835490454663855
0.0412017870835427 -0.10783627552825 0.141609033951803 -0.109819112904622
0.0921965951469367 0.00966314163868449 0.437356788415951 -0.182771177606273
0.057821839175186 0.0763243804711553 0.794313486404238 0.0989417913723716
0.347851560874982 0.0116356470028004 0.396212712805765 -0.0309233934092392
0.26477587760704 -0.142913865191609 0.148491345778388 -0.114150990607609
0.0623410967593149 -0.304553068914716 0.0147429279481753 0.0998507622712466
-0.19918755590702 -0.257194803202639 0.115471257562731 0.155887972094577
-0.251191297700274 -0.0154064205869931 0.266971166259855 0.0512540890363315
-0.190086430135017 0.120224212765102 0.327756758512431 -0.130707029465502
-0.113658952051419 0.235345878861465 0.25020789453391 -0.28207453965745
-0.0935651513417298 0.259494008580274 0.201657742817122 -0.294016384855345
-0.118526961446343 0.252911731082332 0.230869185359391 -0.283039371658833
-0.21935951166856 0.149251379247039 0.26667198880392 -0.149223649999026
-0.285815682656739 0.00242965681253411 0.207854847642554 0.000687665345679062
-0.249851815347951 -0.279735563643055 0.0678522241037673 -0.0187968252933069
0.0546616608039411 -0.356918517923977 0.126761653248911 -0.131369840834463
0.300372124363808 -0.152982604722108 0.399744396747827 -0.227015735293287
0.367326987402971 0.0269461959955413 0.710303143503208 0.0185015304758268
0.551111558086561 -0.0345321258059367 0.240997885733424 -0.0259082002603023
0.424996693283062 -0.25840192679804 0.0849914525114623 -0.0658313887147973
0.108500710192671 -0.49056698014986 0.0282521356469507 0.124842021129472
-0.296580081717015 -0.418818823722629 0.112381616584825 0.155137163686782
-0.394351520814686 -0.0640998428844482 0.217982537790383 0.0417444130951765
-0.318638251998656 0.15380925512088 0.253976718117427 -0.0847885429227205
-0.220343810416945 0.334665099944978 0.181167636799094 -0.199049633463456
-0.174398964757515 0.374264182778672 0.14609254888509 -0.183283577476837
-0.20585315417355 0.362798098076007 0.158195810658345 -0.176818274891351
-0.341643932231826 0.207313454880298 0.175041234876414 -0.0746430659043668
-0.424789070609436 -0.0039604281465014 0.109603269055326 0.019718695957538
-0.393085206850116 -0.406820990024101 -0.00226366166937484 -0.0286222375538178
0.0320709464807387 -0.561168500274946 0.0899475684246732 -0.143559393255017
0.445792659089757 -0.311852407281786 0.314869713049682 -0.23984051225643
0.61577448457321 -0.0407778524878622 0.531635652730802 -0.0480287073468693
0.684635289107838 -0.0829950056137427 0.0223391300270176 -0.0352435157468605
0.537585615681615 -0.361688484487246 -0.0267489826479555 -0.00319907629354506
0.13078146100512 -0.638327675130681 0.0316979719092381 0.153689292983028
-0.377871361020645 -0.53435346004509 0.10116868423619 0.13887187910293
-0.497909456954703 -0.099742204253939 0.13687970961234 0.0199185766352625
-0.407856794714287 0.168614336837531 0.136974328540872 -0.0298115604545359
-0.297253289008757 0.386603188201208 0.0784604955506043 -0.0881345856457393
-0.229467936593118 0.431897114092631 0.0678465537727868 -0.0444853123800903
-0.258959268324526 0.416675240389776 0.0660342308980748 -0.0415190319814019
-0.408347210437223 0.235847330864565 0.0595518409579164 0.0197902647916461
-0.497490523897295 -0.00377948063515696 -0.0106991891448473 0.0473025978736232
-0.481635788523279 -0.462210231827983 -0.0821663920415997 -0.0311366241390743
-0.00593325797081563 -0.671729460433853 0.0403372301611732 -0.139332829702414
0.508925214088602 -0.421274169006015 0.198458614250138 -0.207610846322081
0.757192561680361 -0.106787998975924 0.290159688069154 -0.084756122141555
0.72179295589916 -0.12672944407705 -0.23307324641353 -0.0530713198822664
0.56768759256613 -0.425010707388971 -0.173949718828944 0.0675479566939354
0.126246632822763 -0.695288754308156 0.0159196589155258 0.173304940207899
-0.407500154339496 -0.566187130745798 0.0680064886358757 0.105526363408456
-0.523159405959063 -0.113694444017366 0.0251937124259035 -0.00246428192608653
-0.432177020985569 0.16087599110444 -0.0103863354384523 0.0317560435171886
-0.326392292121879 0.381270561692125 -0.0411104772956227 0.0376346753128538
-0.249672130828313 0.424769354822684 -0.0206716694118853 0.100785553231387
-0.273577103136073 0.402562070619137 -0.0308594807966193 0.10000376711437
-0.408880091738987 0.219131121743363 -0.0611438292936442 0.116223226059289
-0.483633877708536 -0.0171049695784221 -0.133538072072834 0.0739501772987801
-0.468158815330822 -0.447393339441629 -0.153641698662892 -0.0333273165768931
-0.0231479261266336 -0.658778311537007 -0.00653480473974353 -0.122371852946923
0.48949254552027 -0.437373467483427 0.0811017990884622 -0.137314550556746
0.769583834256659 -0.14760126122841 0.030734314468798 -0.0873132191251359
0.640696229157066 -0.157713754772306 -0.481792318207083 -0.0719372873822273
0.492535301280191 -0.409555989152318 -0.3237834532836 0.130681305936353
0.0983752808877427 -0.62035163186401 -0.0177999785638866 0.171997982817792
-0.357218764416353 -0.486766594757297 0.0149100965169732 0.0615881814316143
-0.447683959116821 -0.103893016560914 -0.0940011533084931 -0.0182880170762553
-0.377544230922769 0.12834952663286 -0.158456216839559 0.0927674455686693
-0.302655342314106 0.320035378475892 -0.15481888815522 0.159867111933393
-0.232164593917167 0.351520339935957 -0.106206390607398 0.229482905989202
-0.252145931504383 0.325669231358173 -0.120799884566529 0.222140970979022
-0.35363555973532 0.160021033867121 -0.170706435396279 0.188836514064269
-0.389016575258735 -0.0413364503983885 -0.232797203409564 0.0805062013775706
-0.357273424183747 -0.371861063751289 -0.196189294277995 -0.045960807124795
-0.00943820322841858 -0.527958436281444 -0.033566626080841 -0.106159577342829
0.400152864449414 -0.358104092197819 -0.0115052950998552 -0.0549713512278606
0.658652813292611 -0.150552764469026 -0.198221949037741 -0.0678815031036601
0.45464332303438 -0.164432306907796 -0.679328939740155 -0.0852561716491331
0.323586543694881 -0.316714124680203 -0.44221539297571 0.175687963388849
0.0522016305999228 -0.420641648129466 -0.0590337096592347 0.154187167775295
-0.234693419136883 -0.310705883252045 -0.0406215819447632 0.0214785506845336
-0.285133578643687 -0.0756088160017028 -0.18960497779444 -0.0222076974702364
-0.254747908271804 0.0720253922791891 -0.275051140650044 0.142436066241852
-0.227244475495409 0.205515739924804 -0.241760481965494 0.259631935233566
-0.179798474347242 0.225678216598801 -0.175630444631977 0.324111246168305
-0.197286541350064 0.199938541776266 -0.195158014464231 0.305474148505172
-0.252698862017403 0.0765595669432262 -0.254014804103829 0.221161548890254
-0.244314522196969 -0.0634442116387735 -0.294644999562787 0.0592906641003108
-0.193678807527455 -0.249990769526888 -0.201018184856601 -0.0720620218662112
0.0140192161130759 -0.327633096140475 -0.0408785389215936 -0.0969571120200562
0.264713317714063 -0.226991434887131 -0.0689404383053009 0.0143109156696739
0.45826379790376 -0.127655295766082 -0.364840589681265 -0.0396456350449476
0.190877941034198 -0.142969712183459 -0.788907219423095 -0.0915728560353773
0.102030958814391 -0.170049945302251 -0.509637570791059 0.203306227248495
-0.00399717972946494 -0.156333388195391 -0.0950685510155977 0.136809969861441
-0.0782237776059252 -0.0899274455367594 -0.0785003441237302 -0.000931796582456049
-0.0790311632285507 -0.037626424120712 -0.239519064524542 -0.0144863478333281
-0.0939533980891412 0.000803803278708919 -0.338083584311202 0.170872002881064
-0.116315449713131 0.0541819909769748 -0.286001546449006 0.319832389401041
-0.100181983864158 0.0652058713439527 -0.218282504392371 0.368890644467453
-0.114955845018126 0.0515721465748163 -0.245536372850808 0.339782639608755
-0.120426120102485 -0.00676749930472244 -0.305633040184632 0.21116057013051
-0.0830425117566875 -0.0661496032235945 -0.316298688210107 0.0156931377494613
-0.0383514654528259 -0.10121564408335 -0.175441543682396 -0.102889000705701
0.017052604504356 -0.110565987793806 -0.0361481087460301 -0.0921986249090472
0.0991544117026336 -0.0925288733752376 -0.0978784178232832 0.0620890721903473
0.204515793381847 -0.0970937852943832 -0.455491016500915 -0.00719013854379065
0.112177902301225 0.0575283741496909 0.489341360060281 -0.068207714385411
0.0944655154560147 -0.0249378614412842 0.169853045387044 -0.1547543818668
0.0112339751837213 -0.107646359948077 0.00541620848278816 0.0855593238281161
-0.0965072677673369 -0.0815928715234388 0.128444543690895 0.144733464043023
-0.0934223520206497 0.032118031523447 0.29966244306187 0.0387817146310558
-0.0455345138327986 0.0710985502266522 0.355780408488322 -0.181260583908359
0.00522438076602643 0.101139248052407 0.275796881342989 -0.339668403310075
0.00585646646898084 0.107707254912892 0.22205688496404 -0.374152266756698
-0.00443572798811343 0.109292963025336 0.264970327922627 -0.356269122123419
-0.0574186817881811 0.0807539996284636 0.318595058544509 -0.209041843260053
-0.109805668302763 0.0272908066172123 0.275820570838226 -0.0220669151042289
-0.0974861750509168 -0.0982508336000432 0.122437254553265 -0.0129085731697416
0.0402473560917061 -0.110994956578093 0.142140247609894 -0.116548301424092
0.0943823018408426 0.00810000149487789 0.440883310884579 -0.196392265190207
0.0601203404394926 0.076205162004187 0.816124348704426 0.0809086883065821
0.353049612686884 0.00215782378638228 0.408162198532838 -0.041347592111366
0.266090365937558 -0.14928582402099 0.150311732889127 -0.120188709833467
0.053417023158395 -0.30992489355192 0.0218505110534371 0.101297260373043
-0.212942905633402 -0.254858486661376 0.124076455127993 0.155711642816707
-0.258561563430357 -0.00844449426689057 0.27444683255341 0.0466091850446752
-0.190693889052783 0.129102080128012 0.329384988493295 -0.144115649077237
-0.108062625653741 0.242483176737736 0.246513533742722 -0.292440109216671
-0.0837594053095876 0.267275414382884 0.198123249218605 -0.304766530112784
-0.112672684926841 0.262121556928282 0.225896706215999 -0.292518329764124
-0.220597307298089 0.158671142749768 0.266855985356305 -0.158880282445001
-0.292812261140671 0.0105937990031373 0.213007626809573 -0.00602760891095642
-0.264809200374676 -0.278147761839097 0.0703702000837559 -0.021463210061756
0.046198800302763 -0.366398989240342 0.12713672238017 -0.139112710566743
0.303796206880939 -0.163487003954518 0.402186757272239 -0.242121492125289
0.373307923355819 0.016481793566102 0.729154530894384 0.00347817995588888
0.559419460545936 -0.0505356189331054 0.250388469099002 -0.0307575100481277
0.426135498476205 -0.27187205999319 0.0869982579419973 -0.0694716258550081
0.093587668434463 -0.502153057141988 0.0372336487123858 0.127364198194188
-0.31896974576002 -0.417042935129387 0.12262442017424 0.155375581060876
-0.406532003652812 -0.0540461352758002 0.225798346958888 0.0383240964065644
-0.321473726202038 0.167740862765963 0.257584374053368 -0.0960438773833134
-0.212616162695691 0.347888277815192 0.178663278640429 -0.204016024929436
-0.161675198492048 0.386881660163381 0.144229701094155 -0.18960570611591
-0.19741350936601 0.377171642046138 0.154888448355875 -0.182492202944206
-0.344041442092709 0.221771357141144 0.175960674848529 -0.0800953793633006
-0.435529838095162 0.00983001602294328 0.113877024803658 0.0168532956843377
-0.416988023257466 -0.401373466302976 -0.000964834312168838 -0.028621650348953
0.015755419711532 -0.573695312751309 0.0901337176004268 -0.151847722495729
0.447550240592421 -0.330510836677765 0.315120421493603 -0.254145384451229
0.62470373001609 -0.0610177236318838 0.542263700353305 -0.0610108479616399
0.696713618636887 -0.102477204962957 0.0263792948282657 -0.0355533312049899
0.538103798996703 -0.383470037128652 -0.0255582441324272 -0.00233723546851905
0.111228963492657 -0.656465708465093 0.041303120410645 0.157587641321585
-0.406699245546153 -0.533871350802857 0.112044495700483 0.139416315430433
-0.515002283160624 -0.0855448444266015 0.14343301015935 0.0184821150914641
-0.410959532164671 0.185615493068362 0.14082410188104 -0.0374433437044485
-0.288687346667441 0.403596222993428 0.0784599481042357 -0.0871209392056155
-0.214345027906917 0.448681825875996 0.0685668941766018 -0.0462025756101715
-0.250406206398956 0.435066211616335 0.0660997485154486 -0.0418739155983861
-0.410496130993687 0.253077221744785 0.0616467162541969 0.0196136741692146
-0.509699327160702 0.0106458021475008 -0.00864808560464122 0.0499864478084731
-0.509403345707584 -0.455054043517024 -0.0821378148516056 -0.0281168006827331
-0.0286753459429642 -0.687342876688034 0.0395859480973954 -0.146164663668879
0.508984542368199 -0.445396782864921 0.19705139963832 -0.218870016052725
0.765306237025523 -0.134015950147046 0.293339479106619 -0.0909408930780449
0.733476854954736 -0.149074325933135 -0.236641534966857 -0.0471259061784542
0.568954686034403 -0.449536937805172 -0.175056756787208 0.0737307549750449
0.105588784368253 -0.716360895360588 0.0253355443956919 0.179113393256176
-0.437620217384799 -0.565747040158339 0.0776098287056292 0.106482275480476
-0.542104410211947 -0.100768264190863 0.0300921804533239 -0.00190811250427606
-0.436112505598843 0.178213148280875 -0.00644165587100683 0.0299516909627079
-0.317385074573615 0.40077620593877 -0.039965073629739 0.044859472985225
-0.234634621599294 0.443542912703285 -0.0175394745475226 0.104129694437202
-0.264385706478089 0.420112019778151 -0.028469807422249 0.103929137234192
-0.413253035923643 0.236903898857732 -0.0583234019381247 0.121350469423379
-0.495591935527844 -0.00126412022051637 -0.132528905063668 0.0808339857899894
-0.49398799627244 -0.437923478955188 -0.15511832264937 -0.0275456172006463
-0.0463335655673434 -0.671179354336923 -0.00744231441800193 -0.1274411553013
0.488566996663187 -0.460294133801788 0.0783636583650502 -0.144888011295329
0.778350719778661 -0.173306760154612 0.0269520416169857 -0.0879693161003471
0.651086700193035 -0.178012309047557 -0.492620376808373 -0.0600917292782737
0.49244922179029 -0.433437315776273 -0.326279373181649 0.14291450203804
0.0795466353808818 -0.640444827150941 -0.0103702647066766 0.178850109929444
-0.383626014981849 -0.484682223269965 0.0215614718754099 0.062823625978962
-0.463527194425541 -0.0940873010418558 -0.0926579468713841 -0.015017432082701
-0.381704144927108 0.143027253850227 -0.154942600802902 0.0962399813827808
-0.295081457571664 0.337120668695032 -0.152362120003561 0.172247234673102
-0.22050314253087 0.367476154283851 -0.10229807953396 0.238356969620502
-0.245084030777949 0.341678688875948 -0.116288805927 0.230791737039446
-0.356288975092925 0.174171340946873 -0.166828683797656 0.198531014835627
-0.400820230169763 -0.0291304157387498 -0.233619087029322 0.0917354081267273
-0.377528980995818 -0.365072048161654 -0.199590075743129 -0.0391478410046239
-0.0270301142283444 -0.539441611646575 -0.0365954674764105 -0.110005898353885
0.39944001131296 -0.375906557764811 -0.0129537097905785 -0.0592928303265004
0.667153954319434 -0.175095880974717 -0.208356146436351 -0.061724041152885
0.460689680785132 -0.178622184216535 -0.695960846961483 -0.0694197994674178
0.323351250004223 -0.335208907812485 -0.447262720193001 0.191965273833492
0.0394223943474341 -0.435511710008045 -0.0547891054858467 0.161861534720565
-0.251640420495716 -0.311327252052932 -0.0373652078524975 0.023159727828334
-0.296297509751848 -0.0700187812453296 -0.191499594941014 -0.0178394721688202
-0.258494051655348 0.0806714523386203 -0.273163570364186 0.150724507112317
-0.222303396422408 0.217146993132981 -0.237546173873264 0.274609486733319
-0.172057134827444 0.237873357337366 -0.17136684544589 0.335729168748042
-0.193762272281454 0.212026313032339 -0.189131772017316 0.316050393384193
-0.255825860475323 0.08717941667411 -0.251554584289457 0.233375419410021
-0.252881806273427 -0.056489055577184 -0.29789657739146 0.0714622156488187
-0.208362741310136 -0.246764035411065 -0.205884657298131 -0.0660280916654808
0.00187306727102905 -0.334265878678868 -0.0441603028417915 -0.0995968078777688
0.263831296995146 -0.239041271527463 -0.069699291617323 0.0129892046331173
0.46222142438426 -0.146219871645923 -0.377965933406079 -0.0283287326637853
0.192773390920684 -0.150218942285636 -0.809738590992726 -0.074578136207043
0.100887372519648 -0.180348923327228 -0.517011032953128 0.220960542326485
-0.00877405099095174 -0.164323155079448 -0.0929301416468963 0.144009191140355
-0.0840562960384052 -0.0901006749130852 -0.0775658558045854 0.000578161568814272
-0.0829371280028562 -0.0375926274472739 -0.243597073255209 -0.00983665374889219
-0.0959777330806899 0.00256779900663161 -0.337276952397043 0.183435774046369
-0.114898296488458 0.0594716029215327 -0.281373840969761 0.335728771824068
-0.0983622348995412 0.0712036607430231 -0.213270456393262 0.3826261302466
-0.114330935036037 0.0572992933616451 -0.239368264855088 0.351293181124081
-0.123248990279676 -0.00211348484809155 -0.304766021963013 0.22373330976817
-0.0878149980111259 -0.0641097875860079 -0.321564064071719 0.0272681432801155
-0.0439733934912016 -0.10026330062846 -0.182128994442482 -0.098003629557328
0.0117885435036076 -0.113395100519054 -0.0392786697529943 -0.0941235907998567
0.0987749500072137 -0.0989178191452208 -0.0980121474004077 0.0626135985679168
0.205345011030011 -0.106129555805307 -0.470707129143553 0.00649365980808247
0.115819291828443 0.0522253485939822 0.502099391623319 -0.0974552631443918
0.0951926675975356 -0.0271088198962156 0.166001243340107 -0.168532723914108
0.00548286017089839 -0.107828751911468 0.0130261413005823 0.0858315857427355
-0.104318111313014 -0.0767269054026961 0.14015504629294 0.140234332814538
-0.0934619889129148 0.0386377370097299 0.308994838955636 0.0234810855018835
-0.0422624538805648 0.0767645936979916 0.351034718193392 -0.206143072714557
0.0102907222441104 0.102769351170154 0.261248041687085 -0.363443325795507
0.0128480287885687 0.109037269179609 0.206915982746195 -0.395608945262845
0.00200731987120566 0.111640096721946 0.248938389161123 -0.378458504049709
-0.054293497251756 0.0856493460823369 0.313033061642627 -0.232429529879552
-0.110541453635456 0.034735792207942 0.281398060070055 -0.0409766891611388
-0.105378964737835 -0.0951444484004373 0.124264035977536 -0.0211940835559524
0.0360434511840478 -0.116304781856183 0.139769899894013 -0.127915997905319
0.0970434163705102 0.00403486411469769 0.441840298778503 -0.223195473686558
0.0634617135216442 0.074268959377909 0.845035009766681 0.037203113528612
0.358985240768066 -0.0176351387994773 0.421290379152789 -0.0647350275950782
0.262704750665241 -0.163843422348651 0.148404838482526 -0.132068732612651
0.0356884933039314 -0.317483575054397 0.0320034503419221 0.100898898704694
-0.234007217300145 -0.247062308774527 0.137777823771517 0.151430982924539
-0.266359128841899 0.00706740006988485 0.28583344102849 0.0327417228993293
-0.187603481927422 0.144871220607562 0.327482650452151 -0.168026129161564
-0.0952481533369764 0.254392834262679 0.235397856555454 -0.311980948180096
-0.0670223134324639 0.278181409104787 0.186359109711298 -0.322784877999499
-0.098336547099696 0.2749250497281 0.213308146540553 -0.310440417010004
-0.217511880210755 0.175484035575655 0.263502696245716 -0.1773937913552
-0.300089294712859 0.0294529023776266 0.218625039786984 -0.0200655233854385
-0.289319620835494 -0.267577921675482 0.0718787980438735 -0.0269404840215084
0.0255719522697217 -0.378846960661439 0.123802690394704 -0.151330518649875
0.302417083277307 -0.184207943408541 0.400036094841222 -0.270744045645057
0.380619609893624 -0.00540034960968933 0.748785694752465 -0.0369275259612388
0.568194725561523 -0.083307154403393 0.260631192099652 -0.0447765307006834
0.419539541939958 -0.298634168247144 0.0870464821160148 -0.076141216474105
0.06309708513228 -0.516638796991013 0.0504230746668757 0.127419477848777
-0.3532444587409 -0.405838717387965 0.138250889065163 0.15059279716046
-0.422761693795244 -0.0304222664441644 0.236595435423471 0.0265491668348569
-0.318640677530529 0.192070326403067 0.257865136792571 -0.11618942016408
-0.194824414849209 0.368820082039696 0.171849316001528 -0.216224897615095
-0.137689451145107 0.40522641587612 0.137771730896623 -0.201140149803071
-0.177239101318133 0.39941943871492 0.148003537044032 -0.193648015917563
-0.340909857354451 0.248374985747777 0.175566510088165 -0.0909365035549157
-0.447085961021809 0.0364077539921075 0.118736448298219 0.0110470426382913
-0.454577003257735 -0.383926083323983 -0.000199803752909122 -0.0293484629413801
-0.0192680831493824 -0.589946778197355 0.0851634869259817 -0.162836300773445
0.441417814455303 -0.364424837055678 0.308752688802957 -0.279008902427126
0.633713807363509 -0.100821870849109 0.552988957327867 -0.0918365163727208
0.705305064962869 -0.14454954650811 0.0301048839242286 -0.0369586829151152
0.529967850977036 -0.420855868341767 -0.0244339089779575 -0.000618635216243888
0.0727768909829408 -0.678656070387101 0.0566335269977808 0.159582499952926
-0.45227326222264 -0.521055150154255 0.127520362718188 0.134947030838265
-0.535788377371449 -0.0567869354904871 0.152178597656074 0.0105144077692675
-0.410214586173132 0.216346801218074 0.143219813543231 -0.0501302985834164
-0.267576721701453 0.43115236349323 0.0764756491822185 -0.0894815531295936
-0.184781372420535 0.472978227494272 0.0687075838250771 -0.0498231125727421
-0.225447936895138 0.461057675003389 0.0655523029572622 -0.0447472612037019
-0.406591047142548 0.285262012336929 0.0648745067572335 0.0181161263838277
-0.524228792311728 0.0427721692099021 -0.00406772450882446 0.0521431399741889
-0.551454476343525 -0.431295301794624 -0.0821794987601268 -0.0239434353885406
-0.072037857276536 -0.704007094128646 0.0339978482332131 -0.154276122476552
0.497792813376506 -0.484743589256091 0.189578563517599 -0.237560002102226
0.77429168163109 -0.182323397579158 0.294296500105273 -0.10865435041408
0.742086363194308 -0.193002547829493 -0.241001854452141 -0.0348357985186876
0.557573191115966 -0.49354624818249 -0.172525656325171 0.0863694114987934
0.0622864929090624 -0.742859361012623 0.0411598129870868 0.183370839890645
-0.486100099999259 -0.551813214006356 0.0913675928987268 0.103124466606578
-0.565139975509224 -0.070487385491952 0.0349344837575841 -0.00427671891260985
-0.437259244123931 0.210558580081447 -0.00269881186118626 0.0264972538955848
-0.297381421934503 0.429658598229258 -0.0359986013555404 0.0532542194812213
-0.207494050296205 0.467858149153378 -0.0106307314503379 0.109003807392226
-0.241849493887869 0.448573420461006 -0.0222237817364378 0.110136925430297
-0.410305902975513 0.267621754542286 -0.0518608768053952 0.128843029801994
-0.510787375437758 0.0290490909278512 -0.129154181246229 0.092722467551882
-0.536855393574885 -0.415379159495627 -0.157201487279776 -0.0189178787613102
-0.0908596688575611 -0.686943932164206 -0.0135043007360396 -0.132834858322558
0.475432595071233 -0.499619637629871 0.0716113646759114 -0.156103023623462
0.785436385996755 -0.225770805882494 0.0199793445035615 -0.088673506169893
0.657928254103237 -0.217543634489027 -0.506786514439835 -0.0336286684095752
0.480813094496256 -0.473914557762965 -0.326189120247304 0.166095315287211
0.0402005823782931 -0.663874454403762 0.00331336209898488 0.185794102268797
-0.425940823329958 -0.474848883882606 0.0300663537172955 0.0622118867640953
-0.484428467379839 -0.0687505550992374 -0.0931305223838097 -0.011717708545687
-0.382719498245114 0.17004410504243 -0.150869718972943 0.104215800322928
-0.278189258061431 0.36323676076911 -0.14338947097445 0.190006462125889
-0.196892483717882 0.390320841546306 -0.0896980067497396 0.250923943522041
-0.227509345021957 0.366020535716923 -0.105012067435725 0.242799988182609
-0.355353398690675 0.201909164138766 -0.15829998093584 0.213072843665727
-0.413680480445869 -0.00474495041672016 -0.232057187279904 0.109937241483306
-0.411106451580802 -0.346609016219773 -0.203230576283096 -0.0274868776640612
-0.0630035404356649 -0.550394407764201 -0.0426418846257598 -0.1125264200391
0.38820066431414 -0.407980181363761 -0.017931476524898 -0.063384976464274
0.669812018760158 -0.221382648755125 -0.220942721643441 -0.0481293469010649
0.462710773390736 -0.209295863400263 -0.718496342405155 -0.0328087802003633
0.31281922193497 -0.365138638328576 -0.44724008959159 0.222886072202201
0.011740608979135 -0.454558324394863 -0.0449065957949517 0.170710570502198
-0.281080733638941 -0.303989598348443 -0.03322562176229 0.0246425772414026
-0.310744823702316 -0.0549478019970008 -0.195419683495789 -0.00889111896539099
-0.260650871185226 0.0980793617518434 -0.268631490995514 0.167232241171821
-0.211719397161559 0.236074515103332 -0.225835215217139 0.298835386106192
-0.157136831430168 0.254751325717242 -0.155516568832532 0.354768443985013
-0.183068563709888 0.230555986488691 -0.175059797414706 0.333868412510642
-0.257038235994509 0.105303800292317 -0.242651309740382 0.253641567726585
-0.263616292804469 -0.0416257956311752 -0.299376912142388 0.0921327705076819
-0.229984965837195 -0.237513794214523 -0.211973919927824 -0.0545548070803708
-0.0211581019054524 -0.341818475314069 -0.0504385415625424 -0.101514964689564
0.256372834695335 -0.260872678118045 -0.0715185878922705 0.0138423802056189
0.463108952178371 -0.179045092364473 -0.393902111985836 -0.00372639699291345
0.190363472035299 -0.164318768921967 -0.836966641388928 -0.0312764932012044
0.0933749343216792 -0.193190895852206 -0.515914428659651 0.257307345696026
-0.0202415748262559 -0.17186448443482 -0.0866411301675945 0.1546592561795
-0.0935321216257924 -0.0886397450158974 -0.0777375450967743 0.00396196676774211
-0.08876408857528 -0.0350468943747086 -0.249838582703391 0.00245163135526022
-0.09953763576934 0.0074109916633145 -0.332571753287821 0.206418597760728
-0.112599719223759 0.068637479092948 -0.267874105382565 0.362775195687469
-0.0934316855949031 0.0795539109361043 -0.19708185330508 0.405139804803763
-0.112421909011072 0.0670768252967544 -0.224282365406417 0.372135271651629
-0.125704800557549 0.00640081768950444 -0.29859150814979 0.246105258184834
-0.0949294833138351 -0.0595171640162027 -0.326737550000255 0.0488857830519165
-0.0523445328124579 -0.0984185754964441 -0.190601148751256 -0.0878548664262188
0.00283193531311273 -0.116738003906981 -0.046900351676637 -0.0941975348415493
0.095063739189261 -0.108536898953071 -0.0979002765078881 0.0660735122390114
0.203799054927783 -0.122265760420563 -0.48644681958329 0.0362987589831415
0.116617300566889 0.0433277411736082 0.497353756985405 -0.136812903743928
0.0933540242078681 -0.0302064925748946 0.152880331516468 -0.182015847484538
-0.00128156842997411 -0.104306523832029 0.0214948909281884 0.0825381315326287
-0.110307606801133 -0.0674670897116419 0.151644038818489 0.128232190250928
-0.0897998095437972 0.0465685238023036 0.310824457977712 -0.00117900973593765
-0.0360527365140968 0.0808736454827476 0.331716704253661 -0.233790886647267
0.0178895932529965 0.101504948810087 0.230686583106734 -0.383211732752133
0.0219287274126335 0.107026438819341 0.175812411726538 -0.410682995489122
0.0117496159849557 0.11033584893565 0.216822116581415 -0.396342995600081
-0.0476575385302941 0.0890916664820862 0.29230376312879 -0.255469083872496
-0.107430519300582 0.0438942847140588 0.27721046356239 -0.0654314174496454
-0.112479139651225 -0.0867803786436022 0.120922690897482 -0.0322642457975035
0.0275177293071824 -0.119419520235183 0.129986148083382 -0.139453473117818
0.0972456899745574 -0.00213691179482945 0.424630801773152 -0.256257676570126
0.0668818305393483 0.0693617252658163 0.848682931082841 -0.0291957463516807
0.354403335868855 -0.0449536244458775 0.421471472999771 -0.0976342068833171
0.250310212661843 -0.179190331850965 0.139339619732044 -0.143551689683789
0.00947920913597489 -0.315475459000703 0.0429392462273158 0.0964932454926709
-0.254994550096617 -0.224474736307549 0.15113717173543 0.13812828739808
-0.265543475647572 0.0293495245513519 0.289612290936178 0.00917906826966637
-0.175068862881202 0.160353026949102 0.311222084097912 -0.195300524990749
-0.0736927681747988 0.260691095681907 0.2093499951544 -0.327942472413703
-0.0416891268747496 0.282005866851603 0.161740613466144 -0.336647497826906
-0.0741246197904424 0.281665932351371 0.187646450774791 -0.32417409590444
-0.203943252020407 0.193215184333773 0.248325163677844 -0.196899046899749
-0.297297411838295 0.055215346133819 0.216786299259873 -0.0387514558079231
-0.310757896249108 -0.241798806850246 0.0699083464734914 -0.0344647525589768
-0.00498642120744135 -0.38100722521731 0.112806764572482 -0.162636033270053
0.286991728592647 -0.206798968568648 0.379036884404568 -0.300844463365193
0.37594854380994 -0.036396114862618 0.746828879892709 -0.0945621125408022
0.558972659463443 -0.126071709778525 0.26299034933981 -0.0649260479287509
0.395667044927937 -0.326510031204627 0.0824894069586284 -0.0837205780532803
0.0194040927080857 -0.517891383677017 0.0650710621468232 0.120905927659389
-0.388624834659528 -0.373500778071654 0.152628405321797 0.136883020319041
-0.425226575793881 0.00490172765511446 0.240833513854088 0.00678610819893057
-0.301801350378712 0.218035197797645 0.246881713058632 -0.139244416098447
-0.162726948598774 0.382391349668781 0.155835486243437 -0.226316263236419
-0.0994848683930544 0.414592453808879 0.123560420162507 -0.211087165821597
-0.141554634354572 0.412406249597022 0.132461411258414 -0.202709053864478
-0.321207857077498 0.277274478824868 0.168005743984038 -0.103421101658699
-0.445189334027495 0.0750761659612243 0.120734959428193 0.000610511179628949
-0.485892515575252 -0.342014080948425 -0.000739513020173879 -0.0312157953846713
-0.0701649753362305 -0.588126845756227 0.073871354215142 -0.171682843435178
0.412147579192379 -0.39838341096743 0.287870536577034 -0.303733414024181
0.619390767203232 -0.151952558162406 0.5466425379012 -0.13323494750586
0.692836018892528 -0.199041042387968 0.0332284420155361 -0.038750029964599
0.496138345408712 -0.459591123603887 -0.0222605707246692 0.00127942854217505
0.0135202236612997 -0.680422506557753 0.0745743163987626 0.153091198203109
-0.497384614511154 -0.479788254646518 0.14158585738919 0.121630728838558
-0.541857905927373 -0.0121484314398602 0.156291213910679 -0.00323789863218955
-0.392299218871972 0.249720235896433 0.138668685795355 -0.0652441407198977
-0.22947549863751 0.450329592227264 0.0718508188460546 -0.0913615479414462
-0.141172322941797 0.486213231318423 0.0671147170212246 -0.0544401081227733
-0.183735000612663 0.479068692041771 0.0619707166904947 -0.0484978698641515
-0.383764050283684 0.320450012915239 0.0671859955253944 0.0137144703111906
-0.52172291296521 0.0876226948979841 0.00202953518938461 0.0530493560929655
-0.588450566243801 -0.381443622923572 -0.0814076565228092 -0.0190291025246325
-0.132712269029444 -0.698086395043611 0.0224177234336392 -0.159199105244997
0.459878976205186 -0.522109271759836 0.169839940248997 -0.253699893998055
0.752501562973123 -0.246027724005411 0.284535727409166 -0.127959132208195
0.726405548644546 -0.251127221347778 -0.238903585319405 -0.0150244836911604
0.518306688505854 -0.534837116430315 -0.163900331294411 0.0999584550918031
-0.00293118155931754 -0.74730520230194 0.0611990320751569 0.179187208890373
-0.536728178468115 -0.508760578787814 0.103173614183558 0.0929021181997366
-0.573287079839029 -0.023241230976313 0.0380105532214537 -0.00905995686890938
-0.418630438125336 0.246546904306341 -0.000365375090177462 0.0230880551140111
-0.260410921332904 0.452497344120599 -0.0284479788108542 0.0604881499782206
-0.162395742467504 0.482219934674357 -0.000703642697190372 0.110507324710704
-0.20063347435581 0.46800422411258 -0.0126419667515568 0.111954126652114
-0.38825637415925 0.303879617828232 -0.0392150743425407 0.133618135063026
-0.509178846798105 0.0723615009053924 -0.119184494559753 0.103935615578769
-0.572246633603153 -0.365920468207295 -0.15475298306367 -0.00741852203936879
-0.149442530616498 -0.677948405420896 -0.0229232424783165 -0.134165021301459
0.435097750248101 -0.535365697476482 0.0578611416669089 -0.163854937942342
0.760147138991665 -0.289933159888371 0.010955330284519 -0.0854769536691185
0.641052159943328 -0.268737318753569 -0.506268051063523 0.00524068524104437
0.444617745688511 -0.512850702349518 -0.310477321517652 0.191939408158144
-0.0203999648076905 -0.669061115560892 0.023159564139281 0.185319274864652
-0.468864998610438 -0.437286851766705 0.0387967362804889 0.0562925529204309
-0.492990518562843 -0.0274781395290142 -0.0908516856890111 -0.00659127724815736
-0.369150543016824 0.200769308950739 -0.141571445881107 0.112456828090584
-0.245232918884237 0.384536940069328 -0.125006155189217 0.204894292090293
-0.159117746234906 0.40457452222983 -0.0687301083880957 0.258470621539187
-0.193494538699039 0.383837341361042 -0.0849612979032004 0.250632070576687
-0.33892320525965 0.231842629130585 -0.139235393993183 0.225689639927195
-0.414833673289402 0.0301093646331236 -0.220923446989026 0.129484679058498
-0.441086835517649 -0.307773521234234 -0.201396447883272 -0.0117639389730623
-0.112066433340513 -0.542332557531488 -0.0512307035062143 -0.110976280339822
0.355103015168459 -0.438658417180356 -0.0244472424830619 -0.0649293489238327
0.644632538220305 -0.273924333607369 -0.22665636378959 -0.0257582135271341
0.44802093192275 -0.243718748033421 -0.719894202176877 0.0224453972155406
0.284760837229833 -0.391397863410847 -0.429164596572025 0.258741163290435
-0.0293802921889054 -0.457551802703027 -0.0278148765117034 0.174478974925197
-0.308587308606005 -0.280986155522062 -0.0288172336422692 0.0253841209791391
-0.31766181457563 -0.0294677283684503 -0.194826359463936 0.00516075213120826
-0.253639801309388 0.118994586436781 -0.253360078408375 0.18713679614739
-0.189342290440092 0.252956604592425 -0.198565284454325 0.31995849008819
-0.131709208286383 0.266083227337546 -0.126497784884994 0.366901742341776
-0.160856514177542 0.24571832517134 -0.147290245088736 0.346221362632636
-0.247641955986444 0.127672110472811 -0.220151779809728 0.27190825625946
-0.267352483169737 -0.0191261074150882 -0.288719748724953 0.118153612259978
-0.250445921353825 -0.214419253445528 -0.212833808597223 -0.0368015166888549
-0.0524204429277453 -0.33783976265464 -0.0584112191285201 -0.0985104048129255
0.234910063205976 -0.281116652965716 -0.0723933467665719 0.016143313173073
0.445943716976772 -0.216404231291984 -0.396849760828815 0.0308198211388292
0.179731422478476 -0.178109062830166 -0.840665419950098 0.0323608957075182
0.0780198371498576 -0.203161068131677 -0.496625991459541 0.29722381090503
-0.037711912962908 -0.17365480950311 -0.0732302245688425 0.162116813024977
-0.101789217046224 -0.0816100021533803 -0.0761787922135488 0.0087270440205492
-0.0928801672190276 -0.0284616934936116 -0.249644411949854 0.0210507607705009
-0.100071180234582 0.0156871438346448 -0.314437029061713 0.231950177729246
-0.104768052564402 0.0773718621700205 -0.236108224537925 0.385219674925076
-0.0850391918255589 0.0868239193380832 -0.165130682565121 0.420158982008455
-0.104846194044185 0.077872986646407 -0.193254650486956 0.387232458351962
-0.124649398288895 0.0181735659662427 -0.27616744296335 0.267926646633842
-0.100739911120589 -0.050644775143723 -0.319879808854657 0.076858459563155
-0.0612976232030376 -0.091326969199342 -0.195029369218163 -0.0714346518461301
-0.00950818023273925 -0.115825859596773 -0.0547338064890675 -0.0908961318136145
0.0853761540473047 -0.116949153050698 -0.094111078538915 0.0708342510045458
0.192691845000906 -0.139502672069301 -0.486546462113094 0.0781697438300616
0.112316622658382 0.034541263592372 0.472801549558963 -0.167898186409311
0.0893056256644401 -0.031409620244633 0.133959342376807 -0.185440399755359
-0.00526121683116194 -0.097865651288127 0.0269592617483505 0.0761442256877318
-0.110230622813119 -0.0556676814145928 0.154874457959483 0.11170149975423
-0.0826509977329419 0.050550589445121 0.299351087315408 -0.022709766336775
-0.0284641865037658 0.0808875308672323 0.301393696141736 -0.247641471959835
0.0245076305038164 0.0962931086336541 0.193667548155148 -0.384185715874365
0.0288412492039705 0.100963599164536 0.142068461421097 -0.406784720184668
0.0186643148579017 0.104002118891557 0.180487831366085 -0.393415977394382
-0.0403468039050416 0.0886995634869146 0.262469178082722 -0.265547354651546
-0.099272539924868 0.050228139825951 0.260602716176429 -0.0840636419813475
-0.113353175986352 -0.0762089321951935 0.111936069116238 -0.039068804527247
0.0193009578128545 -0.117241388044702 0.115746556653157 -0.143698429997855
0.0931307623794721 -0.00757057639746898 0.391970255401265 -0.274276608850645
0.0668950421592279 0.0635267529484885 0.816421921113448 -0.0867707786999084
0.33503333416843 -0.0669071361531494 0.403723038312179 -0.124533013306423
0.229686226577687 -0.185235547265051 0.124611928930269 -0.148516795677383
-0.011875605761532 -0.300918936351327 0.0502719191278852 0.0874197721550413
-0.261220218031347 -0.196991591274303 0.155854168000523 0.120998646374935
-0.253573611922157 0.0472815434513672 0.279892476393103 -0.0127932040514597
-0.156677680338656 0.167019283189528 0.284045516717903 -0.210480819554917
-0.0520840882355031 0.254900464683886 0.178963265527776 -0.32828825310023
-0.0175107964870434 0.272675657848325 0.134466535699616 -0.334808742334271
-0.0499657760068963 0.274971355421357 0.157648123311957 -0.323434066102263
-0.182694185685656 0.201508702221267 0.225010404825666 -0.205604983724811
-0.281923275259724 0.0743648742536802 0.205853144010749 -0.0539598118980535
-0.316815145367467 -0.209287010224648 0.0644944328465948 -0.0391653725434244
-0.0325029509374695 -0.366017064749799 0.0976818621638704 -0.165855079138443
0.262786313618807 -0.217004464170993 0.344709267734583 -0.313979629822025
0.354748355090152 -0.0594725107519458 0.713559187316027 -0.142767451395853
0.526805115701574 -0.159528386671819 0.254988975925759 -0.0818371509245445
0.35930502880905 -0.335923571218368 0.0756919099513227 -0.0863548920530016
-0.0190884556235347 -0.495643101004631 0.0742836249602573 0.109268787413262
-0.401368421318451 -0.327919636011789 0.157544495001661 0.118269057346217
-0.409438132170507 0.036597242507282 0.233589731269264 -0.0128377835232208
-0.275218828987907 0.231943980855793 0.226614722235075 -0.15348622694174
-0.127844727966856 0.378409339099463 0.135547237262854 -0.225945770922546
-0.0621539867147415 0.403727934284306 0.106486979508008 -0.211633914335411
-0.103710697576908 0.405562267162264 0.112928196653331 -0.202124360665998
-0.289583337006422 0.290709589183541 0.155494868009176 -0.109991231984042
-0.421885007507967 0.104766694891849 0.117277517377753 -0.00842195924916656
-0.492774376593195 -0.292290461579578 -0.00206813786024587 -0.0325473515841242
-0.109693271067996 -0.560992642212987 0.060007932464685 -0.172540241147681
0.368412295595623 -0.409342611599965 0.255579577692148 -0.311861853592395
0.57983837384295 -0.187756278524296 0.51749122677357 -0.164980696149855
0.651391460302575 -0.238496562356393 0.0354780859096809 -0.0406801638580561
0.447194762482624 -0.472303055230618 -0.0186047064894837 0.00190769507744106
-0.039123455855523 -0.653035139059737 0.0866286507382194 0.139460249796611
-0.515382055724512 -0.42316982456084 0.14687746376017 0.104042514426846
-0.524854122978044 0.0287752222972894 0.151955609572836 -0.0170831809608647
-0.359464848553449 0.268823746433797 0.128018863304004 -0.0756226291742793
-0.187566713620883 0.44873519657263 0.0657107518527057 -0.0901751080500403
-0.0964253914786168 0.474805899663208 0.0625065418599955 -0.0572012038721864
-0.13868920469922 0.47277057157153 0.056740853067084 -0.0496926848996475
-0.347927079281073 0.336693260720767 0.066837861820097 0.00948282118063752
-0.495975041412137 0.122611613321306 0.0073951373222634 0.0506927798838257
-0.593451657073742 -0.319594799187455 -0.0786120781298604 -0.0157158736073176
-0.177693250947341 -0.6595651016991 0.0114998938894667 -0.157672259255258
0.406491565935285 -0.533938817306596 0.144953978347059 -0.257685963460752
0.699414543755817 -0.288796495158721 0.265382711007219 -0.138856273589485
0.681326173924301 -0.290944875836787 -0.225616088726823 0.000883746971673742
0.463108051258176 -0.550334849909486 -0.147828445102969 0.107674651421878
-0.0617799648441463 -0.717179434100833 0.0755584686183772 0.166320149055244
-0.555105938401955 -0.448684548605338 0.107649273742971 0.0793764529372841
-0.554879831554288 0.02023307740852 0.0373849792061833 -0.0145023197830962
-0.386614687449138 0.267324539305839 0.00107208989021843 0.01868028172502
-0.215027734625868 0.452637195247289 -0.0194264970117174 0.0626323921146214
-0.117150741578683 0.473566359648551 0.0089333654344362 0.106601871532037
-0.156352705558729 0.462727967244582 -0.00356340302008649 0.109587990552719
-0.352076696388784 0.320585317950265 -0.027261712716425 0.131484404513872
-0.486289469739198 0.108601159201166 -0.104224239168961 0.108463093987741
-0.575753648435244 -0.304821242822295 -0.147602963287172 0.000759499512926832
-0.194519916168361 -0.638823230268828 -0.0308790102082782 -0.129726542408048
0.380897037698046 -0.544816214707928 0.0424881610969043 -0.163622752495718
0.702758359477945 -0.330954398692143 0.00403426911085413 -0.0783609044177234
0.600094231438022 -0.30198136025621 -0.484026723175004 0.0406763818696338
0.392368516471527 -0.524220309024841 -0.283295381812187 0.206553191417579
-0.0706725086434436 -0.641359385384822 0.0385162116817012 0.175544615345037
-0.487215949620489 -0.386496467018218 0.0428636450198451 0.0493808402224321
-0.480092906732561 0.00947987205957337 -0.0855942107178211 -0.00237717530974361
-0.34218906834449 0.219971064526107 -0.127921493909696 0.115949290242404
-0.206594005000857 0.385150933542341 -0.101811957759577 0.208810904190037
-0.120232927102862 0.39840766434534 -0.0467366488730919 0.253984410035176
-0.154396523578618 0.382354837165942 -0.0637695883069267 0.24625866075572
-0.308682513506869 0.248438073840276 -0.116829147626923 0.22669425775113
-0.398366522576726 0.0592531069252823 -0.199810771733135 0.141295442807162
-0.448439838735363 -0.258361959725238 -0.19143047883254 0.000956638002719735
-0.14931465091932 -0.511233705605162 -0.0565774668205329 -0.10512898422186
0.310366660893642 -0.445649669011828 -0.0300938969512808 -0.0627768178572096
0.594987849557983 -0.310273067554107 -0.222000688312004 -0.004053957391774
0.417085713532862 -0.265486918447008 -0.690648050839828 0.0712653314158224
0.247083944829463 -0.39696341861047 -0.393204725980362 0.27842829983793
-0.0658170169223317 -0.439493950712616 -0.0119756773434137 0.16988958122374
-0.321330964567805 -0.249192499185843 -0.024468120926827 0.0248141182720355
-0.310048956640048 -0.00511604265085189 -0.186086940497773 0.0169318568449467
-0.236427002300798 0.133238950946886 -0.230515567968786 0.195151618796399
-0.162351063078555 0.255823752233702 -0.16594433060294 0.324151156019934
-0.103895090249868 0.264322499200599 -0.0964506656445141 0.36226502256528
-0.133538605003751 0.248784448550318 -0.117145360161778 0.342187688103719
-0.228442864902573 0.141925475520779 -0.191698261873303 0.276819316451315
-0.260283878581225 0.00175204751460361 -0.266995397731306 0.135376781372502
-0.256292175164981 -0.184502167041547 -0.204446454276564 -0.0214235538288492
-0.0766755207914097 -0.319116029528152 -0.0635972418598881 -0.0915493655686836
0.205715841169561 -0.286847917495748 -0.0710414952263206 0.0183640692071254
0.408019159538642 -0.239995035649395 -0.3814664922916 0.0622717159277381
0.163336882950693 -0.182913003123273 -0.807614796748168 0.0879329377722415
0.0609647612082197 -0.202773973429594 -0.456443584508346 0.320717432903394
-0.0524544291546183 -0.166998226298559 -0.0576334442146451 0.161716235728099
-0.106529127968314 -0.0724591333394558 -0.0716685341849149 0.0129402079939561
-0.0931119555527156 -0.0206906525041059 -0.238794170208595 0.0366849399575489
-0.0964623695854974 0.022282074366022 -0.285796519966376 0.244240077898727
-0.0940813800352119 0.0821749787777956 -0.198443741490474 0.388034848244873
-0.0737864374467334 0.0896401303438598 -0.130543713390021 0.416557224518433
-0.0930924173677655 0.0832219486569033 -0.159135585965946 0.385198544949562
-0.117780094656962 0.0276704300933568 -0.245918819306657 0.276467157895232
-0.101624483909546 -0.0410126949991896 -0.299266505136539 0.0979947810937902
-0.0663832435304851 -0.0807814584202623 -0.190657274484971 -0.0548934959907114
-0.0201350811669407 -0.109139974683451 -0.0598481509888595 -0.0836217573264884
0.0739428827652325 -0.120181369386309 -0.0880269079519194 0.0721200168460817
0.173565512544346 -0.148810734524901 -0.464974229834152 0.112392000597704
0.110015956643445 0.0101981560004248 0.418106251686285 -0.240312208224624
0.0772930120040917 -0.042553091254769 0.0961974005023228 -0.198720909303667
-0.0141045619646877 -0.0877479714638556 0.0403720025042053 0.0589720072545852
-0.104191672607294 -0.0355464258079704 0.161004256982983 0.0709471483962584
-0.0678003350726734 0.0519430978211311 0.272315949971749 -0.0708084315735217
-0.0186076851956153 0.075940962509976 0.242391014215787 -0.280269922306222
0.0332712458056809 0.0826381724009941 0.122599891287921 -0.392573183522715
0.0380620921574144 0.0873396757588483 0.0697949470229495 -0.406939225526411
0.029415008804072 0.0919987907910439 0.103922028184246 -0.403938840682362
-0.0247558553541341 0.0862398300735488 0.199377443203204 -0.297408609904684
-0.0838289935186625 0.057171016344754 0.229446265850195 -0.126467672819151
-0.116369856106367 -0.0563894665168461 0.0996886884926566 -0.0547307951976
0.00512128192533761 -0.112771314132152 0.0846013131619958 -0.156498104479859
0.0928813467170321 -0.0209798182830114 0.318209243265344 -0.32181893997705
0.0809623143074246 0.0473261274914651 0.748718441253249 -0.207601930919035
0.301648881235898 -0.110506294981584 0.373845239102173 -0.192277730543574
0.184860625412142 -0.203319146080988 0.101626742583794 -0.167455760929321
-0.0503133391963967 -0.27075034103106 0.0677766468544381 0.0506949560316772
-0.264372181906523 -0.13847999324892 0.159497967999551 0.0640287067992738
-0.224667258384308 0.074340102472589 0.244638178790765 -0.0600100491418751
-0.12557096993731 0.174165887926828 0.22612892780833 -0.23952672742251
-0.0128771728882576 0.240740095469977 0.11250166724393 -0.331582271628851
0.019383995792218 0.252903265778959 0.0727719870082945 -0.336778329295052
-0.00851009437471912 0.261764170609708 0.0933508688145429 -0.336958836383018
-0.142408842370932 0.213163131021388 0.173048104041647 -0.239206612424155
-0.251700233134191 0.102507799441588 0.184611635201128 -0.0885972240651349
-0.327168524380583 -0.151300764465613 0.0598310645633631 -0.0471270248313949
-0.0750976204134889 -0.336657362922755 0.0681746339858368 -0.178282719140264
0.219462317030058 -0.241451345791702 0.267953674293927 -0.345231792569213
0.333616041189762 -0.10674363820324 0.644109711427597 -0.238265831137959
0.464931857667491 -0.219693780417858 0.252509367110672 -0.130296764861073
0.282389305501096 -0.361132619518021 0.0732740914526015 -0.10612531639706
-0.0869303311140958 -0.446824692331729 0.0974150850535514 0.0538205670845871
-0.414680244201576 -0.237226218706838 0.157489788764382 0.0476212573836487
-0.370605992423233 0.0888145284284399 0.191261676716207 -0.0548840446488345
-0.226692010274341 0.251755327267508 0.175529319492578 -0.173908021165167
-0.0632031066498234 0.366111351924305 0.0824366144524183 -0.223414560210228
-0.00360254749342462 0.381075343878062 0.0646609684378577 -0.215467581173368
-0.0385960990091368 0.392468730487625 0.0703488685536274 -0.217054859159299
-0.229101560140148 0.314728854111026 0.123445544623361 -0.139968450495347
-0.380741039481719 0.149376961569272 0.110523311877937 -0.0309129312644952
-0.504127372208931 -0.203824407880017 0.00246175435878033 -0.030409276538634
-0.172284181299079 -0.505107362667107 0.0324330323101284 -0.182076404116532
0.289856188667091 -0.436241431902238 0.186368880195096 -0.324360694506608
0.524732305830301 -0.255765555191568 0.459549939988431 -0.22488636516166
0.568462362027612 -0.305455640414209 0.0614446623849869 -0.0563150778616188
0.34295835333038 -0.497680494219256 0.0050552006572078 -0.0110029266996883
-0.128795472575542 -0.587856367304086 0.115922191894377 0.0687846056487993
-0.533477893738868 -0.302277131768482 0.141187728771786 0.0255573800235843
-0.477016756595147 0.101467361528232 0.105869048438394 -0.0468230367223142
-0.299331127585692 0.299946476598268 0.0915957612249367 -0.0834745267857021
-0.106075706794672 0.44139066956979 0.0335323633262887 -0.0801167316217634
-0.0243585927997575 0.451777377793807 0.0467682116434488 -0.0618550653775785
-0.0607232269443075 0.45987205762026 0.0418138615207858 -0.0648392416288044
-0.274881534637253 0.368052310407349 0.0596053939648893 -0.0138127454660535
-0.448172036887646 0.176380669980158 0.0190098654590454 0.0443859552330832
-0.605592729949387 -0.214526098765718 -0.0632578482702279 -0.00225671580377822
-0.249596296902924 -0.587812846064254 -0.0102272845356186 -0.16228487841596
0.303528865083435 -0.555946261286014 0.0944236681550608 -0.251986136580829
0.618924042362208 -0.365052871503646 0.228034269485749 -0.160327858542616
0.587277258736853 -0.352617373990229 -0.17366458184113 0.0273407178114029
0.34837351361527 -0.568673498925992 -0.0968868589718418 0.108362787541851
-0.158640340953193 -0.643780928287654 0.109386826365992 0.0915977010718112
-0.577817907693211 -0.319740085987206 0.0992104082236893 0.00591095515950814
-0.508616621402658 0.0991831747396811 -0.00294049189403313 -0.0251168275638643
-0.323706285705363 0.304370820951599 -0.0137802244839612 0.0265068998262947
-0.129770932316807 0.449344470084222 -0.0241478431087361 0.0790566721686293
-0.042012063312437 0.45380917151932 0.0218744147099623 0.100773070465425
-0.0773511553119984 0.455279431625947 0.0114295412912389 0.0955281594539541
-0.284164552689558 0.353844925718026 -0.00752244084287228 0.118549084692569
-0.441300303239665 0.162399194178921 -0.0751329222831418 0.119070016506701
-0.588088569468115 -0.202394899321264 -0.124940904901988 0.0242720348788166
-0.263004881600017 -0.564138957117849 -0.0453391844497536 -0.12887878841554
0.276704748373514 -0.562938852933752 0.0150343850284902 -0.146977662064327
0.611885714698724 -0.403222505663745 -0.00694004068488812 -0.0623893810953521
0.510213204070477 -0.348665378622568 -0.412727820832189 0.109356964766677
0.286943125953817 -0.535137901292046 -0.210482933373747 0.226527195503196
-0.158431679239887 -0.575232808892879 0.0745358959983621 0.11285934618923
-0.506954086947606 -0.273108472636795 0.0343638810406019 -0.00497322234612609
-0.441715174014377 0.0830986582591489 -0.113089414589679 0.00720217931884805
-0.28782665048078 0.255132444007536 -0.11839038476196 0.137474490148083
-0.12941319531444 0.388224162030184 -0.0790935855418453 0.229243032721429
-0.0545227723636652 0.386262514740859 -0.0070708523047613 0.248880830691249
-0.0857888342037595 0.380002084867121 -0.0219702712616515 0.236717065531923
-0.253469338624352 0.280742539196891 -0.0732676670566478 0.225421984320781
-0.365721239024763 0.107606935800091 -0.159204896014046 0.166923003123647
-0.458910630687843 -0.176887719907649 -0.169126073078787 0.0317444719821261
-0.205253009593881 -0.450631442506882 -0.0664222519722928 -0.0984762530144361
0.223923408892404 -0.460501492059714 -0.0373551385127643 -0.0438039426517723
0.512883595250559 -0.368109827542321 -0.206377493469342 0.0402900194836041
0.344214756512261 -0.289025698757556 -0.61065136561524 0.177128977192085
0.172462241545681 -0.394726701365292 -0.309218691981602 0.317726376230193
-0.124836611312909 -0.390494590355096 0.0216809428798962 0.130115823869423
-0.335190235221117 -0.174957393244696 -0.0291657515181249 -0.00159375524922303
-0.288265383818373 0.0455635547450795 -0.193396827904963 0.0429248952371909
-0.200700469711718 0.161250415122102 -0.196816049230234 0.227123453701133
-0.107015810616118 0.261990240572846 -0.117531870578375 0.34409630364142
-0.0579932950753912 0.260782839065539 -0.0361487392982616 0.35894874229232
-0.0851678553573709 0.253191951237147 -0.0559282372389354 0.337862770037394
-0.193287273527342 0.169986154443425 -0.133561401689159 0.287977429364642
-0.244654625754951 0.0368347219147402 -0.223787333458635 0.173709485949357
-0.268937358435037 -0.134659551888456 -0.188041838482787 0.0136501432364216
-0.11360000418789 -0.28286674405886 -0.0726806818316959 -0.0809671900776864
0.148331976840897 -0.296954034936788 -0.062701342414218 0.035384971993379
0.34395058801548 -0.275969528600991 -0.34616412187343 0.125225773214649
0.119628477283333 -0.178549009715418 -0.731296763884552 0.216465760116397
0.0295658988307504 -0.187935937173965 -0.371058466834655 0.375418276656523
-0.0730479937020496 -0.14346107870607 -0.0267704139196841 0.149285112860924
-0.112080114888239 -0.0475000983413569 -0.0694373018120393 0.0146496819939025
-0.0903382588608739 -0.000612887537148796 -0.225453655569118 0.0727740311889203
-0.0843767002845338 0.0379490669310735 -0.234228708269427 0.278148808795843
-0.0705888296861819 0.0918388335739461 -0.133942863676476 0.404634732001144
-0.0530995395417229 0.095359623648946 -0.0582772512868425 0.41579002750861
-0.0708917417746599 0.0939395283043711 -0.0872594962466513 0.38835750448073
-0.105769861833411 0.0468889548054489 -0.184169741307741 0.300712638294246
-0.102506292644281 -0.0221212128238127 -0.261909133669235 0.145496666332144
-0.0761977839165651 -0.0655659159086123 -0.183994165893873 -0.0185630692641227
-0.0344444417358227 -0.0974896410380578 -0.0700653483091387 -0.0691982871491949
0.049001453656197 -0.12312551920006 -0.0707720846976136 0.084281222542722
0.136868325281405 -0.159906187829337 -0.416716249821552 0.182113292885109
0.102839743126522 0.011632837294834 0.405553450489879 -0.230848746279732
0.0770567193461035 -0.0381187941658756 0.0936484530469854 -0.189007840525185
-0.01062896283424 -0.0842402674205343 0.0400419872863344 0.0557340999099681
-0.0986164307385463 -0.0341693083474021 0.153894723000188 0.0671177967387549
-0.0654653717715106 0.0494570616413791 0.261955764768967 -0.0678929822628579
-0.0180146447040726 0.0731435108718271 0.232026729647144 -0.267904011845837
0.0311007051741459 0.0790288435127223 0.117727742301911 -0.376600408115373
0.036513447034941 0.0836623548492519 0.0692325238229393 -0.392655995883766
0.0277408430603168 0.0873181665777575 0.100866634088357 -0.386930371808035
-0.0247197715593021 0.0819002047420971 0.192140027093125 -0.284281388610799
-0.0794221617212948 0.054321374255157 0.218835116075968 -0.121524717545328
-0.111878980988633 -0.0550515292781091 0.0945447888063336 -0.0513454212103315
0.00532748407578573 -0.108997746517438 0.0816904244438034 -0.150201247138564
0.0902123533588971 -0.017802446025987 0.308153912940425 -0.307991556936412
0.0766181976943479 0.0469662604534409 0.721271409401719 -0.195580105671462
0.286891055184009 -0.103764241069577 0.363826660487027 -0.186324062951647
0.18112303785568 -0.191891542101333 0.0994984389365977 -0.159470126183147
-0.0454978058269058 -0.258485576605596 0.0659897397016636 0.0470456533676221
-0.253277438021492 -0.132557483875177 0.152819611347265 0.0603755232146757
-0.216983300021038 0.0717006898507756 0.234800642688449 -0.0582852527159656
-0.121547562634162 0.167462569300959 0.215618641459621 -0.229492130269938
-0.0126023903925651 0.230433426332581 0.109617084157366 -0.317413410867081
0.0194882159101018 0.241466654221047 0.0722212129569007 -0.324990735109128
-0.00793243012489793 0.250118222926009 0.0903346593216727 -0.321866745827269
-0.137344701360636 0.204780112833262 0.16759546427225 -0.228132977296452
-0.241451063080328 0.0989247687629678 0.176971886932389 -0.0855212449167355
-0.313960665055926 -0.145381849018057 0.0560733022449996 -0.0455640924510268
-0.0714314294170653 -0.324294473423918 0.0657182660061235 -0.173009014414488
0.213660331996252 -0.228968003849889 0.259972245571605 -0.332031471675595
0.319249238570379 -0.0990031813419999 0.622659050479828 -0.226052078702079
0.445916209600311 -0.207619771682166 0.247435052548947 -0.128048823214063
0.275002357438048 -0.343526381025318 0.0728195723792406 -0.101543424724039
-0.0822672041741408 -0.426691048814403 0.0946496083613255 0.0487377617500442
-0.397652154844676 -0.224638615377493 0.150780180785872 0.0439647840202415
-0.357811388208682 0.0849247436816365 0.183651906638896 -0.0533953994013965
-0.218673538230283 0.242424514798725 0.166432924751602 -0.167914000971481
-0.0599355984050318 0.350393817169205 0.0813550792454716 -0.213455445201183
-0.00105164694580474 0.363796222085091 0.0643599918687111 -0.208606813518968
-0.0367570725285581 0.37474004757588 0.0684498332862111 -0.207223815004487
-0.220963680654829 0.303164157512168 0.11986522048715 -0.133592325566522
-0.365542136054111 0.144279606824036 0.106367184200032 -0.0303294147219244
-0.484165541939371 -0.195340012608451 0.000786098984111796 -0.0305269358978219
-0.166762915986795 -0.486375505373958 0.0320391436819267 -0.176981472775231
0.281759942677982 -0.416916370114068 0.180590762855604 -0.312377450546249
0.501938352324956 -0.241787641563367 0.443313873141791 -0.213002403143598
0.545681176511445 -0.290570650180021 0.0637074982645553 -0.0573518983251855
0.333567783703166 -0.475876440652458 0.00691955682309801 -0.0112370431864177
-0.124014181912602 -0.562071141354 0.112864988823042 0.0639241723427381
-0.51470732625148 -0.289528278313957 0.135835208998506 0.0237529970329547
-0.46102048011338 0.097133783566567 0.102098857610781 -0.0460879352902429
-0.28908266012135 0.289020595450515 0.0853047979467244 -0.0814530990050266
-0.0995807713197077 0.422999433097203 0.0360585013155267 -0.0761378145792134
-0.0201470271595494 0.431774223027456 0.0470265354476155 -0.0606694643072449
-0.0564054579573393 0.440041586014961 0.0408734745169259 -0.0609145161122162
-0.265376923636801 0.354765621502726 0.0589489943836261 -0.0120082887102354
-0.432868601286219 0.171461367759613 0.0194144787730756 0.0419827788041355
-0.580991005854036 -0.204382575911697 -0.0625511646078207 -0.00434148766888719
-0.240467208257625 -0.563506401413974 -0.00813469689360701 -0.159397640798717
0.295096258432819 -0.532694002801252 0.0903751600956578 -0.242742882893028
0.592370166672649 -0.345228337404662 0.220935056959741 -0.149910503243022
0.566625491714547 -0.337765424533238 -0.163449125166629 0.0223992825156607
0.338479970528063 -0.545944894156429 -0.0915489331748634 0.102160457457871
-0.153203362956636 -0.615804209218908 0.106603711650321 0.0864563377962512
-0.5591831367832 -0.303732378718863 0.0955587630666981 0.00472605313254169
-0.491072464117602 0.09704758244108 -0.00327517037764675 -0.0256989174456189
-0.312769933958658 0.294098959753733 -0.0148450289105076 0.023154780696912
-0.12278380950758 0.431545991410702 -0.0194478044990532 0.0771941225680468
-0.037657704764388 0.434255399346482 0.0219171261571311 0.0970081966794052
-0.0706424244950577 0.435187634248546 0.0105168693679619 0.0924317642541156
-0.273428637856064 0.34137413338475 -0.00588881178523912 0.11441363375073
-0.424615078747794 0.157533281145588 -0.0709894646282825 0.113216064190058
-0.562952138983874 -0.191564885744402 -0.122272106225109 0.0205734575337694
-0.254387587944758 -0.542128077810396 -0.0430331684984438 -0.126988331939886
0.268472423212842 -0.539515625757386 0.0131315411590896 -0.142481330660275
0.585423289308151 -0.38291785687132 -0.00547229891256428 -0.056260798170952
0.491999526347362 -0.334994554079002 -0.39440471043556 0.10126218789322
0.28059402533783 -0.513792078504686 -0.201956483486913 0.215397825115922
-0.153961221212308 -0.551064035455628 0.0723104595985292 0.107304099787716
-0.4911749152967 -0.259963828915277 0.0335826942308401 -0.00522034218644836
-0.427298269738728 0.0799328717833677 -0.108545580966206 0.00571700821155663
-0.278210942089258 0.245859874687238 -0.114785088356547 0.130258078863364
-0.122702427191854 0.372077392326558 -0.0721129704846434 0.221034363488467
-0.0496116742028338 0.369131100051364 -0.00684678331122743 0.23963597666931
-0.0794112929150134 0.364805157457029 -0.0223833063765147 0.227409146122283
-0.243175507150973 0.270027546804686 -0.0702392570013841 0.216057031235676
-0.353185375546335 0.104696053977947 -0.151480893987027 0.159099834320911
-0.440249831762663 -0.166703994147266 -0.163035033276107 0.0276230644656285
-0.198287353007909 -0.43171424316416 -0.0636423631321772 -0.0974494550280181
0.216423311709475 -0.442139333190108 -0.0379528302710245 -0.0423446148102571
0.490176985016558 -0.34790782171169 -0.197847198379698 0.0420582844673058
0.334457251418759 -0.277008910442117 -0.585166510232253 0.164785498071371
0.168830883531954 -0.380789458566265 -0.297338855639236 0.303114721782616
-0.122538535759806 -0.375462385469673 0.0208521843109164 0.125140040357671
-0.325850052312005 -0.166348705757888 -0.0273532058288663 -0.00197242639437665
-0.278602058362533 0.0446877229069583 -0.186010801418344 0.0401779810876831
-0.194257162351777 0.15493135772733 -0.189846337002361 0.216611095260546
-0.101735916517043 0.25194754319866 -0.110088258863901 0.331085608944488
-0.053999132153068 0.249835304591651 -0.0352297356399313 0.346169059130803
-0.0794494759378362 0.242596831940268 -0.0555868793591291 0.324543504924376
-0.184808151569621 0.164093976962711 -0.128729171966289 0.275150190135435
-0.236063091830127 0.0370130975508841 -0.212638913447981 0.165799656988562
-0.257615518792148 -0.127544604301972 -0.181057264079496 0.011116554201486
-0.10978077765979 -0.269646588368787 -0.0699713159922934 -0.0793607028139491
0.142019154528364 -0.285061712224143 -0.0622673214243929 0.0329819846470927
0.328890658636322 -0.261823210745578 -0.3326641439754 0.122663856775223
0.118287076491417 -0.172605460299272 -0.705489919714806 0.205807215836001
0.0294355697185648 -0.182126234923393 -0.360554487900093 0.357402817004895
-0.0730580714720439 -0.137941146952724 -0.0263221225084841 0.143593163541359
-0.11040519939284 -0.0444007611385012 -0.0664128593567554 0.0139513011964501
-0.0882844315759093 -8.35877431023067E-05 -0.217247297451216 0.0690037670249416
-0.0823029177747968 0.0365076329618687 -0.225369471936357 0.266078197713248
-0.0666982081750179 0.0884564706951848 -0.126818587041547 0.38900160621307
-0.0499346707873344 0.091301053272775 -0.0565541718962578 0.401056390833168
-0.0659507038858814 0.0910313714014019 -0.0859896690296553 0.371831714093685
-0.101131391904338 0.0458430387532701 -0.177598440055287 0.287562699659621
-0.0991871575706725 -0.0192629505459715 -0.249864469506597 0.138216775783431
-0.0726352730467056 -0.0611671035584435 -0.176471180034998 -0.0197012675749126
-0.0343392389862828 -0.0920488578660122 -0.0675932242998006 -0.0671611022812928
0.0453729160937599 -0.119834697082183 -0.0699411792382813 0.0802635291825939
0.130104979464632 -0.152557881783604 -0.401403678922429 0.177713032727935
0.0998548063256072 0.0167114668300283 0.412544706059109 -0.224369808375948
0.0800507696343821 -0.0348489034454168 0.0981770061497698 -0.185130042220772
-0.006638908374609 -0.0838932589248371 0.0396304272823666 0.0555389390602368
-0.0969172945899553 -0.036196043076233 0.151806004807842 0.067833332599792
-0.0665221290400194 0.0479637357339655 0.261635075310952 -0.0639833845372114
-0.0190932586314469 0.0733212729008201 0.23502427461655 -0.261458341085655
0.028495319154321 0.0790445930319959 0.122712127626114 -0.371726609620232
0.0353504427248531 0.0831256579473602 0.0761324033335785 -0.391311481284482
0.0247891003315525 0.0867045017183833 0.108562900364949 -0.382556131309303
-0.0267540094156124 0.0806349344160759 0.196909413423834 -0.27906220166474
-0.0789941115740603 0.0520270687222796 0.218393306536208 -0.116155690173707
-0.110645249664857 -0.0567059151940518 0.0939747015584747 -0.0488537546215169
0.00796814564465042 -0.109290148397534 0.0843172537006557 -0.148621251632213
0.0923547910628964 -0.0145930704777396 0.314830004063537 -0.301421568623162
0.075000323873521 0.0497586427844251 0.724752752760012 -0.181458517486921
0.285551944663392 -0.095084138520833 0.370090216931026 -0.181393697981967
0.186388711686086 -0.186299412241124 0.10345711070713 -0.156588755331572
-0.0393024665025426 -0.257208648936326 0.0657461291012743 0.0467403399885699
-0.249185716470635 -0.135266195460263 0.150012367964779 0.0614484132882944
-0.218415859859308 0.0677595292238831 0.234524311017963 -0.0538982314624227
-0.124256299495964 0.165824586241091 0.217200678329421 -0.224295118252095
-0.0165951000145509 0.228540597239573 0.11491462225669 -0.312677938163428
0.0158426565797298 0.239987255871213 0.0791119143542995 -0.324599707733366
-0.0126407699519755 0.247631715328556 0.0974244411008502 -0.316865715459243
-0.142013156769686 0.201812322174085 0.17236590089145 -0.223190459212562
-0.242238525883954 0.0942323039411968 0.176452389950667 -0.0818957879257314
-0.310521688860773 -0.150019804316539 0.0551628545120684 -0.0447755295375237
-0.0660631206143713 -0.324339530339571 0.0693745872535028 -0.172748454095347
0.219354641424383 -0.222659942252967 0.266127696849872 -0.326137440366393
0.318617336734831 -0.0891433881831108 0.626507302339629 -0.213317010253752
0.444137942141198 -0.196600325275079 0.254461336918997 -0.126456973915476
0.28300513462675 -0.335773843360036 0.0761140881215245 -0.10037128287959
-0.0744571040324715 -0.423853337050854 0.0948125806493076 0.0483829098448919
-0.392237534822023 -0.228753140105954 0.149266818932521 0.0456734395993439
-0.358719335734213 0.0794949476063753 0.183226845260697 -0.0508652345076451
-0.22304142760104 0.238735012771773 0.167059143625015 -0.164335660391419
-0.0657808215781219 0.347480513565252 0.0872172218978082 -0.21015278475706
-0.00576347886893779 0.360598232810897 0.0690887304348424 -0.208196266894144
-0.0429328307756902 0.371069388953499 0.072634805122428 -0.203457427345293
-0.226410896612544 0.298346610779292 0.123235789786839 -0.129653229849723
-0.367171572243409 0.138203794464547 0.106392814768201 -0.0282987739699499
-0.479570266668163 -0.201723694535499 -0.0013312704025823 -0.0313543966369032
-0.158192998134874 -0.486808257873274 0.0358105056904395 -0.17872519529802
0.291700184978059 -0.408246378273436 0.186103363966742 -0.308373033481755
0.50262246740914 -0.227471822289425 0.448494688489911 -0.201769612127587
0.547893468108137 -0.279414419412595 0.0687822988803561 -0.059856500796442
0.344866793895571 -0.468205572277789 0.00843771659582543 -0.0122598596600333
-0.112932013526967 -0.558992589452738 0.112656917071271 0.063915178710016
-0.511413578870526 -0.294556974128023 0.135688262008471 0.0254071924843819
-0.462027957836308 0.090547494149773 0.101985188659268 -0.0445876896799326
-0.294844312831352 0.284207155881225 0.0849119774364368 -0.0802966702718716
-0.104994782859757 0.418356146585341 0.0399983986689606 -0.0736586698565524
-0.0256758226500716 0.428224305767728 0.0491488063231839 -0.0597587577032475
-0.0622324068485968 0.435750607009923 0.041679841774215 -0.0582594321687821
-0.271183908374886 0.348614560572021 0.0602274711089586 -0.0102779900615308
-0.432624297984747 0.163014553011009 0.0186092491643793 0.0421530816291402
-0.574996182375361 -0.21352951602436 -0.0657163726731939 -0.00693020818560554
-0.23136053573814 -0.564776914890761 -0.00486747872498552 -0.162061631947118
0.306696317136625 -0.523451006758448 0.0943747884596166 -0.242112684496844
0.594356202542358 -0.328444758563689 0.224344131650717 -0.143122957292086
0.570089349917474 -0.325164201902167 -0.160321290829026 0.015221668593475
0.350422268830192 -0.53850830752643 -0.0929140753179502 0.098564580064214
-0.143081796827804 -0.61389202508667 0.10647780679962 0.0868139482161081
-0.554425338015084 -0.31046829473896 0.0959729831741032 0.00664379774514594
-0.492782988983434 0.0900910980358495 -0.00295729001248378 -0.026208191981312
-0.318346400704028 0.287855879276727 -0.0168469783647356 0.0217705351948017
-0.128669914415007 0.427628685977318 -0.0170215793262773 0.0777027574617946
-0.0429299861263537 0.430920426963345 0.0212339036948383 0.0971840394597054
-0.0768729283570749 0.429717995587655 0.00840376577255452 0.0942420091787815
-0.277094208537864 0.335324219537921 -0.00657257845656 0.114307636448303
-0.426613547682552 0.150891133298405 -0.0720060081924481 0.111193497546193
-0.557679418430192 -0.200558810932585 -0.124844528092491 0.0169273124252419
-0.24490565890716 -0.542386004588131 -0.0403339931565705 -0.130419728360597
0.279718586405863 -0.530446619055017 0.014249377491237 -0.142947520703851
0.589397658263891 -0.364813243803766 -0.00315501821524255 -0.0535169564162752
0.496898031868618 -0.324583023092798 -0.394221680463401 0.0900290702895377
0.292198921895802 -0.507755912116341 -0.206167480468603 0.209317815116392
-0.146563536461663 -0.549295410561556 0.071290119322525 0.107510068990555
-0.487910272542905 -0.265224890285701 0.0346322768606731 -0.00405892567823658
-0.429253106446538 0.0737585768419474 -0.108503305085462 0.00268798522469216
-0.283271394454488 0.242510683799233 -0.117812473684055 0.125900917137618
-0.127950943543529 0.368292400325727 -0.0718266163476226 0.219546918763828
-0.0531544319894634 0.36568322416303 -0.0102381093938206 0.239462306341322
-0.0837740084557409 0.360353194100833 -0.0273033404922707 0.227645491438343
-0.246960797697247 0.266028967049601 -0.0728795182386435 0.213575411463044
-0.353942893591938 0.100136234683509 -0.151845256644382 0.155173435656721
-0.433995821416172 -0.173695769852372 -0.165650052727844 0.0227699548566337
-0.191215066274397 -0.431299329168034 -0.0619857682323135 -0.101078686599306
0.223714560639146 -0.43524182682753 -0.0380182862070956 -0.0440874995321646
0.491214253725912 -0.332833326011151 -0.197002945470593 0.0411026304879544
0.339596461615715 -0.271621542760043 -0.587790584312264 0.151578196150133
0.176595420210329 -0.378331429886349 -0.30406934663871 0.294625734534198
-0.118640338512837 -0.374445565672114 0.0191165661626577 0.124855542820223
-0.325353502891311 -0.168585065228026 -0.026257350784592 -0.00188398627533954
-0.280249481031794 0.0402168841725487 -0.186345080100475 0.0362508640945981
-0.198762559834086 0.151859359439626 -0.19431722340551 0.210690432792626
-0.1039449679119 0.24886090319078 -0.112338882708558 0.328655400929079
-0.0557095242821084 0.247428704888394 -0.0404636945286949 0.346283504363442
-0.0810201594605516 0.239158311270996 -0.0625312970565977 0.323003430044803
-0.186330108235477 0.160817666403501 -0.132062673411107 0.271395439537135
-0.236987171963136 0.0350633499399713 -0.213138266075814 0.160390878792708
-0.253943195667241 -0.129212101385148 -0.182128034866432 0.00597683184935135
-0.106379522260002 -0.268082890156222 -0.0686341448654678 -0.081743075337639
0.145482601727366 -0.281071792665421 -0.0639924313542006 0.0311614776097935
0.331342688572227 -0.25172855278907 -0.334318648809113 0.118479093627775
0.123193687400312 -0.171183929280611 -0.70880438158725 0.190282514568344
0.0328404642493902 -0.182488268882205 -0.368551022120007 0.347611641869214
-0.0732452576512822 -0.138213854937348 -0.0292037536983223 0.143281506467724
-0.111322961884298 -0.0447238955253239 -0.0657068003054119 0.0123298144767623
-0.0889736562819513 -0.00153826120008211 -0.218028806145793 0.0648217162488459
-0.0833995719035786 0.035175367273995 -0.229791285817911 0.259590161835856
-0.0667654701079838 0.0871326867919424 -0.132043363066692 0.385495575021559
-0.0500067187110252 0.0902802231105535 -0.0636568969978717 0.400823607491391
-0.0647561920176028 0.0896824603366655 -0.0934435056161593 0.369178568274837
-0.100051054056032 0.0444778941949006 -0.182787163522904 0.282161006742988
-0.0985579230660706 -0.0186459568239035 -0.24916723470881 0.132204722703081
-0.0707714992001306 -0.0605433617344403 -0.175378062376481 -0.0236704259095519
-0.0333553448836989 -0.0903762265671252 -0.0668846162564228 -0.0683902774429232
0.0454506856555584 -0.119350826480656 -0.0725486054139951 0.0778822489671723
0.131548316876895 -0.148943092964651 -0.404178691660976 0.172005702564242
0.101302687496156 0.0208855308692046 0.431257889423648 -0.23184741191924
0.0849505180545153 -0.033708594352511 0.105102540904899 -0.189138601458081
-0.00396989461523185 -0.0875010809065645 0.04123045141561 0.0561044586191307
-0.0989431127808187 -0.038919229021331 0.15594475897244 0.0697569567049324
-0.0697342077625222 0.0495097943966438 0.270635265367127 -0.0641424415255922
-0.0201043878261923 0.0762971873018809 0.24517595802183 -0.267967770738912
0.0287706314499992 0.0816614208044126 0.129769428079596 -0.382004427006214
0.0362539723097482 0.0860542306336561 0.0824977448158789 -0.408029475576546
0.0241098601612933 0.089367114208935 0.116771429782404 -0.394372868081597
-0.0296114282002334 0.0829849541479474 0.20675308328718 -0.286314794911046
-0.0810906556884909 0.0518920522525477 0.225833236550184 -0.118535438429323
-0.114259005605531 -0.0597476838083867 0.0972401931966715 -0.0491737315603743
0.00905911879224998 -0.113886469159962 0.0882317590738329 -0.153349312727057
0.0972755139137383 -0.0134129210400563 0.329738357331401 -0.307945718766872
0.0766506732802705 0.0538053319402299 0.752918048395671 -0.181733629840377
0.293549418814997 -0.0936394925072988 0.388574663581361 -0.189148115662219
0.197112874214702 -0.189395418208813 0.110931402469993 -0.160528841264425
-0.0375625483248671 -0.264756987603742 0.0686178912009536 0.0468605921066526
-0.256571231900588 -0.141467009772848 0.154835257889027 0.0634473312907774
-0.227815983218065 0.0686699871225433 0.242639100720693 -0.0541719947364126
-0.130019939778383 0.171295111354735 0.225819999116831 -0.22910924634629
-0.0193110539353318 0.23551351202114 0.122813890164925 -0.322127979614641
0.0157980697574763 0.247011106455616 0.0848943342127549 -0.337584531804532
-0.0153435368829887 0.254866809126649 0.103507281104125 -0.326881538919496
-0.149269071807555 0.207897474814437 0.181215728202168 -0.228615939717242
-0.250128919500421 0.0950954997592073 0.182980918888638 -0.0828061438804727
-0.320753622094511 -0.157821587012109 0.0555964440689618 -0.0452756842618454
-0.0663659738670178 -0.336593524197154 0.0726766762993437 -0.180211659817949
0.232286419792815 -0.226400034921098 0.279017301936823 -0.336558268255236
0.329986945414523 -0.0880146703752415 0.652006377841234 -0.215165791777586
0.459249118288025 -0.197963855116497 0.267866536625724 -0.13346500899644
0.29837170482378 -0.344499843279604 0.0813541207257331 -0.103119702240766
-0.0732240202391837 -0.436130445507885 0.0985443112693201 0.0488895359323971
-0.40675293031116 -0.238758964180552 0.154467094297983 0.0481797640356935
-0.372881504312171 0.0801014553189921 0.189543576102622 -0.0508727577529441
-0.233294089279435 0.246990219821042 0.17260189737916 -0.168114452615074
-0.0699012222299219 0.357851973083712 0.0941752634019671 -0.21555650993629
-0.00620999672563815 0.371793519361825 0.0743976386654451 -0.216623383205025
-0.0460470823445774 0.381893895805823 0.0774895436117401 -0.208293777871606
-0.237196346816608 0.307330357096977 0.129944076996966 -0.1327538557355
-0.38049190285748 0.14118198291597 0.110008291748101 -0.0279858588353403
-0.49466675779163 -0.212702692704369 -0.00459872938754565 -0.0323680841375268
-0.160789153933634 -0.504206293159057 0.039073609487545 -0.188271462922291
0.308813887486624 -0.418170275802761 0.195235458235261 -0.319411849590479
0.519846434428384 -0.228487610683056 0.467049801510081 -0.202595141123603
0.567095705413686 -0.282300022578809 0.0748532192537368 -0.0655190999375231
0.361807598742163 -0.480815568894083 0.00973907038011241 -0.0136096297584754
-0.114789654579592 -0.576141589597172 0.117657184735915 0.0653536162238439
-0.527867330602985 -0.3049079300979 0.141561880070962 0.0269685764134473
-0.48072267656338 0.0917783070487133 0.106397029278041 -0.045655773045184
-0.308169311225931 0.293362555818869 0.0869002764835996 -0.0829734122558635
-0.111486438349919 0.431256215321671 0.045805533436377 -0.0752012982747439
-0.0275798705643806 0.440566879885903 0.0525147072650556 -0.062182575122023
-0.0677706841945284 0.447198479285395 0.0443857961113753 -0.0574979842311079
-0.284051717716041 0.358625105780108 0.0642092731817645 -0.00951206936702608
-0.450380881837002 0.1681749583089 0.019853275479074 0.0436541100042089
-0.594143214966764 -0.223931131954567 -0.0715019729133898 -0.00770012171214275
-0.236235072656511 -0.584230967591057 -0.00456303047622829 -0.171508275115857
0.324159905909995 -0.536652304075234 0.0990467879202081 -0.250339151093179
0.6172742056391 -0.330872183442721 0.234894613578921 -0.143934613090374
0.591752064452472 -0.331219713112797 -0.164297077348975 0.0108254058893379
0.368580953378423 -0.555334992014688 -0.0967898448940414 0.100222634002248
-0.148086264174807 -0.633998337450326 0.111400077692106 0.089481564247871
-0.575899194424302 -0.323063763349531 0.101395512315079 0.0081212162639581
-0.514511496635653 0.0923191050315474 -0.00205643154324839 -0.0277546735388563
-0.334251632543344 0.298456299294281 -0.0194582329363405 0.0215471775442858
-0.134657044032264 0.439636186394867 -0.0142791356753689 0.0810410283999601
-0.0434743946678266 0.44419184056411 0.0225853347319196 0.101494389079092
-0.0808298923219596 0.442042243981927 0.00753682637263858 0.0996727382354833
-0.290656416527271 0.345696641095552 -0.00610002629885323 0.118184611633544
-0.442587369236532 0.156202234595053 -0.0742623776861301 0.114069705308205
-0.574891721722412 -0.210299038681856 -0.133152769301614 0.0157047618882838
-0.250313644881716 -0.55954743094324 -0.0412297511714241 -0.139342505241299
0.295766772459782 -0.544904398068074 0.0146606168336192 -0.149189557876352
0.60898371859235 -0.370316151474162 -0.00249245815167782 -0.0524623700059459
0.518369156639517 -0.332633671417022 -0.408032799126748 0.087802990426562
0.308285709910905 -0.525918615556202 -0.215811411129584 0.2140363601994
-0.149779945639269 -0.56754811530116 0.0749057590968911 0.111510375863228
-0.507852186802516 -0.275017649331623 0.0384984430623747 -0.00341980380574799
-0.446446423392532 0.0752867905588481 -0.112117442174445 0.00207493801242581
-0.297134317377128 0.250394804670595 -0.124378477667534 0.127543616763657
-0.132366210381868 0.380053868115828 -0.0717374871758624 0.228089716879868
-0.0552720458952916 0.377325545521676 -0.0109249008493951 0.249552445380713
-0.0869014128420598 0.369912653783899 -0.0305697356523884 0.237562100235046
-0.256679918017722 0.274155333260107 -0.0759592876526104 0.220758073976095
-0.367361145240501 0.103411314047348 -0.157140303646987 0.159064495655225
-0.448504453138053 -0.182016502171871 -0.174965622695737 0.0219487596916981
-0.195665673644479 -0.44424070741916 -0.0639699757894662 -0.108668035370562
0.2357920019902 -0.446336368938244 -0.0408128012931637 -0.0476114540835186
0.508870001881397 -0.337732374262695 -0.204547588694445 0.0441600996157904
0.35497521477112 -0.279247256510473 -0.611037030919982 0.150748796344008
0.187287998332853 -0.392544280957613 -0.319976963511804 0.302589534820894
-0.122480933656847 -0.387616629352465 0.0206868621267317 0.12987153924012
-0.339502468642854 -0.174301831036883 -0.0251168676004731 -0.00145468109216669
-0.292718246387329 0.040798295689971 -0.192717340421396 0.0360783843125823
-0.208702727548393 0.15762852581157 -0.203281830342627 0.215150652410491
-0.108055171225392 0.256294234449846 -0.115984590059976 0.338859263879695
-0.0567625556426193 0.255131911422597 -0.0438498442342155 0.360175450948052
-0.0830791473638741 0.246171413613307 -0.068659136819509 0.335225207157027
-0.193343706848828 0.165735197071573 -0.138666033140999 0.279992504691143
-0.244411668899239 0.0364439004032865 -0.220372560830618 0.162775796036579
-0.26155443814315 -0.134318231454748 -0.189769693616433 0.00392105400434033
-0.109557139082682 -0.275119256162597 -0.0707517774912914 -0.0876218312903375
0.152379817278022 -0.288352326027982 -0.0681980752586075 0.0295076928099877
0.343484510876839 -0.25585013115279 -0.348784161995933 0.12342994189678
0.130736622055333 -0.177700111016548 -0.739221597543626 0.190753481215516
0.0362664213944998 -0.19093397915458 -0.387631526492307 0.357242133145147
-0.0768729711870769 -0.142971534220567 -0.0301480438415676 0.148870572238389
-0.11741794803811 -0.0449615218536816 -0.0664068649311664 0.0123274904190342
-0.0928211922756049 -0.00245976941679567 -0.225944831744091 0.0651665710114506
-0.0880339168953981 0.036153937163215 -0.24002979223717 0.265493249169472
-0.0684578426844439 0.0896964455228796 -0.13792551614957 0.398160284857374
-0.0504655232766975 0.0933158288437255 -0.0682813457931603 0.417571683409383
-0.0653986984140082 0.0919222900318083 -0.101784755321761 0.381371653716027
-0.102450877046928 0.0462750831371737 -0.191205967229164 0.290289697059105
-0.102080016163249 -0.0178375099858962 -0.257369501650567 0.133873315274916
-0.072436894270099 -0.0614152683822364 -0.181968925831877 -0.0267460991256524
-0.0355395333941455 -0.0917158638609477 -0.069082648457511 -0.0718416212105065
0.0460656956011146 -0.122858004928266 -0.0769175717279687 0.0791447120312618
0.136796961557738 -0.152058821737331 -0.42097056889226 0.177817617897741
0.106646779843641 0.0222608561395246 0.452726187205375 -0.260943082092655
0.091027626885787 -0.0363729026641431 0.107464526688565 -0.202416032260482
-0.00499540331350485 -0.0928985275799734 0.0454943459285115 0.0569708349175166
-0.104585902836049 -0.0388385356922375 0.164920593618314 0.0681665492322598
-0.0720979110514884 0.0546472978957054 0.283528330170078 -0.0761535288700082
-0.0180313633101737 0.0817972010182495 0.250631029287846 -0.289581869309617
0.0316478246099276 0.0857812622571961 0.1248548868787 -0.406396541634065
0.0408759480478506 0.0888833092837233 0.0736432529544964 -0.436148276314009
0.0273603459207854 0.0938176964834188 0.111827976740572 -0.420503491791332
-0.0294074972310786 0.0884752277833483 0.210534625756078 -0.307258525919056
-0.0835125350752312 0.0553192975427906 0.233484580336128 -0.131079345477175
-0.122916124184362 -0.0600719203849435 0.100145568621098 -0.053793721748084
0.0062186975838948 -0.12150339625568 0.0882930715549172 -0.164846560055228
0.104005999229464 -0.0161624918950073 0.34081835290845 -0.334683395458794
0.0823663874876918 0.0550868885251603 0.792178217485237 -0.214930831380528
0.304984496769273 -0.103901436398417 0.40847217884974 -0.214577271329821
0.204922586172946 -0.203757749820616 0.115026772458414 -0.172624304774441
-0.046650058001899 -0.277387826158439 0.0749175025612096 0.0457555879681576
-0.275444645765296 -0.140602712560442 0.16458124397462 0.0608458548717492
-0.23929280738911 0.0802573657391732 0.254319370205141 -0.0647872754819421
-0.131700732080925 0.186232338420695 0.230367872325825 -0.247657858818608
-0.0132418695143494 0.249465371327749 0.120841245282373 -0.342640560571035
0.0260237469121526 0.259483283295318 0.0793337429054348 -0.361734321917472
-0.00919169982932837 0.269511064668418 0.101449221917527 -0.347478540489824
-0.152060378420756 0.224832560997942 0.186493982687734 -0.247569855513053
-0.261602603964365 0.107686939450546 0.190245765129412 -0.092196327773977
-0.344035976765551 -0.156775552777913 0.0545732605067664 -0.0488251786928357
-0.0820526974013932 -0.353479789546997 0.0718096826520269 -0.194196157099258
0.242330670573822 -0.246601647946252 0.285954368313966 -0.363622199791971
0.344414916030266 -0.100840324231192 0.685551093860081 -0.246347996195724
0.475789032584714 -0.218537291211476 0.281804268159218 -0.153494843204147
0.306454695158595 -0.371361069485394 0.0847076918091045 -0.111868093027995
-0.0896896617514179 -0.455616879986418 0.106610468945521 0.0466745815500886
-0.436233823178785 -0.236614027476809 0.16532516595646 0.0450576464560324
-0.392885476280822 0.0986401845873839 0.199434855991443 -0.0592768834083867
-0.239341301663089 0.269658147999585 0.175557436305892 -0.182127772843879
-0.062124674779506 0.379249565341584 0.0954964969705883 -0.229636599778119
0.0077996419804937 0.390907232338242 0.0722086139653324 -0.232585761490831
-0.0375134023834185 0.404057087626628 0.0770754892294919 -0.220627852841561
-0.241749039495591 0.33302449745006 0.135641371410638 -0.143998734532907
-0.397777662471621 0.160194869388102 0.11557501029866 -0.0321225213670926
-0.530678284344854 -0.209720120773175 -0.0092108538004584 -0.0325698256192294
-0.186403449569721 -0.52686135826711 0.0343451600154108 -0.203432886405206
0.317973667319387 -0.449638563741315 0.195952565678416 -0.343891341085847
0.541790194859327 -0.254651803854609 0.489859476682505 -0.228503130949859
0.587467143226966 -0.312580505591483 0.0792813238671491 -0.076276934728564
0.369616081062188 -0.518891288294246 0.0112215057448096 -0.0152261512637118
-0.139382735116278 -0.600942232521674 0.1277748233048 0.0636026986716139
-0.57044859231542 -0.302604191768947 0.151918389720253 0.023982029266599
-0.508990317657059 0.114211855665888 0.112011153513944 -0.0511567376942942
-0.316805927328658 0.321797509361845 0.0875789421808641 -0.0903747685645699
-0.10431907912654 0.457273890350493 0.0497152908105584 -0.079587074492152
-0.0104773008938506 0.465049214320905 0.0547137130061706 -0.0685676115283975
-0.0560932667515432 0.473738463075888 0.0461123178265488 -0.0601013690602869
-0.290821320666513 0.390060164362655 0.0698495631762249 -0.0119523977921196
-0.470300801243496 0.191350457391806 0.0220911269455792 0.0465040322026898
-0.635812172639336 -0.217176685112382 -0.0794714692682079 -0.00492852016772283
-0.269652680668007 -0.608326933545887 -0.00944104043510988 -0.186192762757384
0.330794275154475 -0.574053378350042 0.09544637540896 -0.269844951378583
0.640748530450414 -0.366163273677473 0.243961575641347 -0.157480382305773
0.61176626809556 -0.367797017561667 -0.171325941339689 0.0129302732960224
0.374728311278267 -0.598336406521371 -0.0985137152461474 0.108333900203611
-0.176146844595093 -0.661846323728155 0.122679637007762 0.0897567014314831
-0.620793007751431 -0.317941143352787 0.110318388625256 0.00465082908748373
-0.542452186516858 0.115207230383788 -0.00168424559071312 -0.0289710908053462
-0.343785455165209 0.327818802751786 -0.0220853102721415 0.0228865273219463
-0.126832978399464 0.467769295472756 -0.00827219776297713 0.0862086947855286
-0.0282910672649274 0.46768536447261 0.0284869454276962 0.106175769258689
-0.0708942205810136 0.46766138635764 0.0120075302658997 0.107815237445419
-0.295450702290056 0.37577335640554 -0.000801920950546657 0.124571095183131
-0.462329016417802 0.179483665062006 -0.0740039266859928 0.123104429382421
-0.615872083804909 -0.204163533984273 -0.143696519452606 0.0224730341396325
-0.283448386166184 -0.579434863043778 -0.0489157292887605 -0.151727447589794
0.299422721867123 -0.581862484203664 0.00842424133814456 -0.160239584657409
0.631106354872105 -0.405386966215596 -0.00321168467170893 -0.0523876278319402
0.536846025501604 -0.366390476701285 -0.428176415040634 0.101765425890126
0.311639985811697 -0.568036075656793 -0.223097145241427 0.232801940295549
-0.177423606214015 -0.592921864385209 0.0846338637889066 0.115496126923925
-0.548998065778023 -0.269964698315524 0.0440430961439635 -0.00524059494517141
-0.473140459784475 0.0950072834517593 -0.11704275126847 0.00465106238963345
-0.307539581606781 0.276499213822487 -0.129395319473408 0.138687438570978
-0.127051839405046 0.404195148543414 -0.0651895007112279 0.242402681965708
-0.0419478852502888 0.399201320191365 -0.00208557374211609 0.264654318376681
-0.0791277266996673 0.39187065417691 -0.024661488810808 0.254311553666946
-0.262538650978703 0.298168063448272 -0.0717118126458984 0.234666034078811
-0.383522952043635 0.121726522326026 -0.15990388922013 0.172238260507658
-0.478737584451629 -0.176506374376204 -0.187021401325563 0.0291083185358957
-0.221017634106688 -0.459603692463686 -0.0720184818536214 -0.117502692497415
0.23825996207531 -0.475368975568974 -0.0468862889012006 -0.0513385480311083
0.526811922618869 -0.369822369381968 -0.215226485916207 0.0569567133258272
0.36629494192582 -0.306554321775294 -0.643274015195789 0.176603800346919
0.187793198848434 -0.422957462484535 -0.331297290387786 0.330080788206054
-0.143288425778055 -0.404502627191001 0.0279461610809509 0.136771116130301
-0.366944893662486 -0.170330725877839 -0.0231314203856074 -0.0016114408148918
-0.31034853101365 0.0540546028494959 -0.201979273639545 0.0435836389585334
-0.216915086862014 0.175180989559374 -0.209890318409112 0.232663098784567
-0.105186538657087 0.272678627707588 -0.109118225555767 0.362055118496119
-0.0488581563690836 0.2707069893925 -0.0330372307761807 0.38397100803232
-0.0777858010331179 0.261422909232202 -0.0628585849773321 0.358071520282571
-0.197885441239536 0.181275692797158 -0.138196226104964 0.298780697024251
-0.256956581731899 0.0483460778466704 -0.22636243031126 0.177939143746111
-0.280419586158553 -0.131988812944862 -0.202235489553435 0.0104435950371989
-0.12491947121667 -0.283530501943125 -0.0788468419345878 -0.0933690168523209
0.152431896567237 -0.307513092248578 -0.073456763922807 0.0316579323461057
0.353263695444976 -0.279626669880687 -0.364480630363646 0.145649808907725
0.134125406182254 -0.194016877865223 -0.776433426772246 0.223426718577087
0.0326738385660705 -0.205065696633248 -0.400397767338156 0.392327909021277
-0.0877490594957695 -0.147915785918247 -0.0258067421044774 0.158150202276455
-0.127095996572458 -0.0413830742722465 -0.0676399961336109 0.0139426063576592
-0.0995285369664993 0.000953913510256832 -0.236603141863976 0.074720000708301
-0.0936200103125169 0.0424481595900853 -0.24670036266967 0.287376821509408
-0.068295313326741 0.0958820700179753 -0.132025090319329 0.424973546189175
-0.0482859363605545 0.100540073764309 -0.0576337567978858 0.444336534702942
-0.0641029474060036 0.0992112656959026 -0.0959247469137554 0.407774428683913
-0.106052591600468 0.052939905900688 -0.193556937525257 0.311678876795643
-0.107558962343463 -0.0131265963389656 -0.26637145347111 0.147878907097652
-0.0783441204106617 -0.060794087509126 -0.192925410108604 -0.0227078702699172
-0.0409519698508221 -0.0932130104905276 -0.0764057192742694 -0.0743944563777327
0.0432668203895194 -0.130483391524769 -0.0800333175733298 0.0839185570787011
0.139604039480914 -0.164495604687683 -0.440630806344615 0.204577523757263
0.104929934818646 0.0324178130164017 0.508159193801057 -0.197962837503623
0.0973092302113105 -0.0225904799420734 0.146344341934486 -0.193788511326753
0.0131051979981985 -0.0956581276206416 0.0385278242781051 0.0587159006870007
-0.0965280219121388 -0.0588897998448577 0.15478360388094 0.0900002234344943
-0.0827682056663189 0.0377406339229708 0.301374785244469 -0.0344430248724891
-0.032708651144057 0.0771856758746182 0.302120177738417 -0.262132230693752
0.0182077294450171 0.0905954546248391 0.189902119418372 -0.403520913614697
0.0237846061672635 0.0954585495527191 0.142721676651784 -0.445945847465631
0.0113410041593006 0.101390614089476 0.178243519258829 -0.425816089115146
-0.0456774478720426 0.0845507945095062 0.263718358506772 -0.291824693329512
-0.0956340608969832 0.0397895044630673 0.26266746403064 -0.103224600273769
-0.116249083703853 -0.0830054436450678 0.118518419171697 -0.0389611091871418
0.0318344388559652 -0.126672565324801 0.115171586324731 -0.154643498505675
0.120594128231291 0.000128542227499834 0.397103395432588 -0.291961311052701
0.0842884471103194 0.0715342740068277 0.856154861695951 -0.094548468708378
0.327344413910033 -0.0604471477685208 0.465156945019816 -0.162249923754514
0.239420164833627 -0.174184821787999 0.152788491687077 -0.16774099048628
0.00252424447930457 -0.287760613740772 0.0678571019952115 0.0402287099320227
-0.253907242357868 -0.185470014094112 0.14804522917754 0.0717291027693604
-0.256953615953455 0.0375840085940829 0.261414228371699 -0.0232243027495471
-0.16766202444843 0.167153779791899 0.271804207419743 -0.219519640144463
-0.0531459512633074 0.250738550784583 0.17248336407772 -0.333909218542541
-0.0226970704385497 0.268410508713211 0.137076617666466 -0.366456368926745
-0.0553398401553434 0.276166982760446 0.154431840045641 -0.352907953141567
-0.196026936999946 0.205772917553993 0.229337956439563 -0.237138968623562
-0.291328999545997 0.0599977012073826 0.219672877558621 -0.0705474780399061
-0.332739689342745 -0.218816350562744 0.0845315054223372 -0.0399811418550192
-0.0135147623136223 -0.384103825362907 0.102725105862813 -0.183839817643827
0.30575568018781 -0.214545976451049 0.337555739926013 -0.319094844874948
0.392820684252202 -0.0451961721532934 0.733693304408356 -0.142033758442015
0.519767942412315 -0.145900544449932 0.334102464385869 -0.121543328929458
0.369256098858826 -0.325659426186002 0.115847171682411 -0.114784824148641
-0.012785325369823 -0.474129522974585 0.0992590176181033 0.0351022699434628
-0.403832291317 -0.304063251434047 0.144078712505299 0.0449889565529345
-0.418362670530904 0.0324977522985627 0.195832512974387 -0.0237086941921593
-0.291805372193201 0.236870790473676 0.201367796613841 -0.157552581599292
-0.123940121145591 0.37589386804075 0.125927248737876 -0.217149801972551
-0.0641324278467833 0.401443813128335 0.11097848995872 -0.232344829066781
-0.106695874417978 0.409612730354713 0.109762488279815 -0.225288713420113
-0.308253967149511 0.303120829540637 0.162436966505704 -0.140574758261101
-0.444197796796996 0.0894061916540391 0.139041276512826 -0.0203566689354814
-0.520169362586166 -0.303789461276884 0.0269651889764446 -0.0333412664924651
-0.0902617998754124 -0.584013555510043 0.0667466630604763 -0.194769968115229
0.421770681847466 -0.412618771025418 0.236901281967956 -0.30361607620476
0.63106039990095 -0.169217489384972 0.514228944936012 -0.152835802437418
0.647016795209869 -0.216600576970721 0.120720293580372 -0.0768330776881917
0.459169403519628 -0.464960772499911 0.0272532131245471 -0.0298848265591928
-0.0384747285799361 -0.629306408772299 0.11651770421766 0.0468743559338725
-0.52797137361979 -0.389070338794814 0.12776653170206 0.0137097058133891
-0.537827572113791 0.0315617027154175 0.0977057464566667 -0.0260031196364427
-0.381162581307495 0.280772557164006 0.0938128473738599 -0.0741613207228187
-0.178116822915669 0.45034942616718 0.0538763310322706 -0.0666448138633908
-0.0956181287366207 0.474444178607602 0.0681606076887353 -0.0625110996925795
-0.137337220177907 0.477038486466849 0.0541679417057436 -0.0615597674082283
-0.368017454909701 0.355051896045506 0.0750993402006765 -0.014539169787016
-0.526185608444133 0.109414071903579 0.0351273186996263 0.0465669087101419
-0.629217940163509 -0.329422441667314 -0.0442741842279833 -0.0169253157124997
-0.160515739862118 -0.68243753596743 0.0186120811713372 -0.1821549546073
0.455434860749784 -0.54001541540299 0.120052701458087 -0.237369065049708
0.754580415180886 -0.269666964930127 0.239936880503553 -0.115393888270663
0.680350616994477 -0.263014920633488 -0.148317644597426 -0.0255993805510076
0.476634473583588 -0.544410887607822 -0.105465624350065 0.0803423971031202
-0.0666762160316117 -0.696725473826801 0.105015822479789 0.0688479480303857
-0.579841543156081 -0.41027059696552 0.0854044489104618 -0.0147464232061978
-0.574530168976042 0.0310658494078852 -0.024861318747354 -0.0197277696488063
-0.410229869914913 0.284190559758069 -0.0373287154328159 0.0275090998612645
-0.202647238140829 0.456550120782077 -0.0316265596273274 0.0983045446598074
-0.113842514637474 0.476406089901883 0.0152329133502274 0.115518087593712
-0.150873061327171 0.468698801565894 -0.00674371779883544 0.108755155479645
-0.371067679214383 0.339756996522002 -0.0182785441144827 0.117278355665949
-0.516891036155319 0.099513695147149 -0.0759827918181216 0.111880477655633
-0.610460804427874 -0.310582114680782 -0.115954776947685 0.000867344536326942
-0.18108306880368 -0.654384807847415 -0.026708042918637 -0.153304388768032
0.420227825895635 -0.551256309362489 0.0156230761499733 -0.138230648868111
0.749663664009083 -0.309369184547425 -0.0349132572241348 -0.0457096036101631
0.603007408115314 -0.270641453352931 -0.428120017466728 0.0267814334791429
0.408331864797484 -0.520851311113053 -0.254908907915968 0.191690775833924
-0.0802743132023596 -0.628228919594339 0.0622766374955891 0.0946264628269647
-0.515438818029476 -0.352087122785461 0.021670332506331 -0.0300669016949339
-0.499457861527353 0.0231295420047219 -0.146099216597979 -0.00283627684167941
-0.363884964497916 0.238364252555109 -0.165224005971524 0.130397087703781
-0.192362715063587 0.393133466586338 -0.114128115132911 0.251466968460225
-0.113612025148949 0.403660551580982 -0.0411550443094624 0.277181984250065
-0.146869866401556 0.388771713953806 -0.0656297530492025 0.257914010132596
-0.323437050845893 0.266767537004156 -0.108151822629641 0.22343456359408
-0.424015011051337 0.0554549280784409 -0.174922882446125 0.151803150572598
-0.475333897067896 -0.260154573414657 -0.169053657299532 0.00294825459502545
-0.141320363789789 -0.516961176977911 -0.0564243115972921 -0.123090106462736
0.33404310396005 -0.45083937172683 -0.0547950429961741 -0.0406475259951775
0.627815366021598 -0.29207156693405 -0.267761214040264 0.0331582109097252
0.419914719528971 -0.237049384507097 -0.667251203165371 0.0715081491653693
0.261757928124062 -0.393825954247704 -0.386777110469004 0.282344497823987
-0.0768255509215998 -0.432522767119866 0.00171051394523221 0.120356816889122
-0.347398129202186 -0.223211682798682 -0.0403046453478541 -0.0259184157654691
-0.326551023520251 0.00964327061176747 -0.231901680896273 0.0203586179381673
-0.253090096436357 0.150257316654444 -0.259814726398843 0.214161463619754
-0.149070294468574 0.263682708048726 -0.174777919251308 0.368309836153317
-0.0966315196671508 0.271860960126009 -0.0905788670590413 0.396634161811905
-0.123165109498393 0.255521734920925 -0.119945532666401 0.362966136323582
-0.236068219024696 0.156771473930185 -0.185647732504767 0.283313087181174
-0.278672980874386 0.00378572151174042 -0.249930374459041 0.151317056470293
-0.273157745064439 -0.181476410250562 -0.193346268952138 -0.0181052246675459
-0.0751223763160294 -0.316985934500754 -0.068292096739844 -0.10285241647894
0.212825587739065 -0.290823624348153 -0.0896583774633395 0.0334326791396955
0.424827044220784 -0.227580196941384 -0.427440585523866 0.0992720281146525
0.162668617993103 -0.159202417663961 -0.823230342486964 0.102843247355995
0.0701221212808208 -0.196907191155109 -0.473402250221199 0.343717786306428
-0.0637486971279281 -0.162858290253749 -0.0541655961316739 0.150285602061139
-0.12374268594364 -0.056416904911525 -0.0777310396280219 -0.00233999209226416
-0.102869279191963 -0.00975653396559698 -0.262448878727999 0.0427158483311741
-0.103524164821412 0.0339533887656087 -0.302225996911656 0.263289169098651
-0.0836976880359618 0.0891973834627739 -0.203445346165533 0.425267233579881
-0.065192115520316 0.0972502309437813 -0.126282177794935 0.456949859241797
-0.0807637604898431 0.0904826029599821 -0.161488160713582 0.411747037834594
-0.118711958414357 0.0392417323249715 -0.246630284104012 0.293658563999938
-0.111329111197946 -0.0320070342161616 -0.292320043237193 0.114882247638545
-0.0744836645798703 -0.0757533756908885 -0.190673675933588 -0.0504513013106175
-0.0258425042107206 -0.103722868447769 -0.0689890400850524 -0.0864797372047762
0.0649554765347327 -0.126341279678186 -0.0988032432896245 0.0781391094762379
0.175628948243253 -0.145971357029802 -0.502744584314441 0.147630401034503
0.106721524953782 0.025374695039591 0.492512125466234 -0.24820573442423
0.0981501129852131 -0.0295993803928382 0.130448426017579 -0.208190850962724
0.00609833482634217 -0.0967577460094139 0.0443125045137298 0.0551586169266977
-0.101745194330166 -0.0518469917413525 0.161478856290934 0.0752954679804127
-0.0791752817544675 0.0448629322168139 0.298210287740088 -0.0626631940130503
-0.0251751856332211 0.0800508921458014 0.278469326807205 -0.289367597937807
0.0261526308410936 0.0897002626351402 0.152868489795607 -0.420172258110417
0.0320375053779129 0.0928832070171223 0.0991600821765589 -0.459218035169965
0.0197827122424758 0.100235727254733 0.138909833822873 -0.442732586900013
-0.0391054157631004 0.0888566644187882 0.238180432957975 -0.315891067179967
-0.0916692378712116 0.0466614215629134 0.252317325951891 -0.126179581692921
-0.124451982369838 -0.0724327156340603 0.114065700355016 -0.0488096182845016
0.0198780155232992 -0.130228221300499 0.101550200289679 -0.165339987676479
0.121763289239632 -0.011306491374674 0.37149525877821 -0.325873552384432
0.0897248233008888 0.0646424398911763 0.848180319007783 -0.174140537966306
0.320180384965961 -0.0873782836275881 0.450751811297777 -0.209720559707102
0.225572524838236 -0.193777543376537 0.139312235418685 -0.18271248350608
-0.0232785097864343 -0.285882723422343 0.0726684275548032 0.0325927535190433
-0.271977266998488 -0.161302741341637 0.153473704687477 0.0571501561208744
-0.253738467320519 0.0622374355359616 0.260027367071756 -0.047591553973627
-0.150561620520501 0.183193976987565 0.251034584613381 -0.244192984664374
-0.0299645836726499 0.255203861262961 0.143890604958534 -0.34924778034016
0.00405614904135792 0.269273641838769 0.101957616625528 -0.381768915772227
-0.0306860004004422 0.280923800699252 0.123702468045558 -0.367085173140156
-0.17834377294884 0.224244749349005 0.209400085333427 -0.258329118155851
-0.285750710575644 0.0850604494196809 0.212995923478424 -0.0898501087435409
-0.35387486615856 -0.188086071944249 0.0787346218105 -0.0455631337127146
-0.0494156430828673 -0.381434822561039 0.0851687673847971 -0.195006979490361
0.289583483387998 -0.242888725500876 0.307304574619699 -0.348808331792757
0.387027796513022 -0.0798310218059061 0.720894769084694 -0.208727141819229
0.502978304230584 -0.189532205173742 0.324178124326048 -0.157230614793583
0.341635389798537 -0.358679025017501 0.107314654226258 -0.126084091085947
-0.0568649255941907 -0.468162526577216 0.103665638246504 0.024053560014367
-0.432808916146709 -0.263430540177882 0.148475257766554 0.0301746251553551
-0.415317720841532 0.0726721660204079 0.194383342150323 -0.0419376379951691
-0.268680523871659 0.265292126312412 0.18702268344342 -0.175785184897045
-0.088654743692156 0.387145098027692 0.10902413865506 -0.229837292192689
-0.0241994742450205 0.40536240288673 0.0895840912923939 -0.244170915554537
-0.0680404192413744 0.418522028083095 0.0912401955896153 -0.234402818580999
-0.280985561960186 0.332679187105516 0.150341910220327 -0.156865485975244
-0.435652787651433 0.129496325811151 0.138479993988224 -0.0327684509207916
-0.549519737742834 -0.253983145543635 0.0214562238413293 -0.0341264675755576
-0.143852646914492 -0.57308314398907 0.0469505965398614 -0.204627163936428
0.388138240658954 -0.450962185586717 0.206586782992765 -0.324967092508197
0.612617074777454 -0.226092736118113 0.4995003841997 -0.199433817269786
0.624632516838603 -0.272851446256596 0.115329804132921 -0.091820535657648
0.416857633162909 -0.505037738882022 0.026132611598888 -0.0325193554183935
-0.0976097939378165 -0.621650476890358 0.121908268990851 0.0332609573712865
-0.566728187686821 -0.333828095002833 0.130694036319556 -0.000614514986997522
-0.536150714005302 0.0851095867127048 0.0972491802640142 -0.0357493836596064
-0.353430930382371 0.318586583111476 0.0860397679622857 -0.0827414820032185
-0.136162388475696 0.467104754269887 0.052468521882613 -0.0727593269139609
-0.0474039222098717 0.480783514966252 0.0632903384268209 -0.0704185641728977
-0.0919408091642865 0.490206285354313 0.050856093323742 -0.0652795830742064
-0.335138371668076 0.389343757455592 0.0746504870549563 -0.0225865914351375
-0.515282720585513 0.157663203445013 0.0409387574637816 0.0432905255146911
-0.658671859970887 -0.269003787410737 -0.0490309914171151 -0.0102429691848344
-0.223831157203282 -0.663929891528529 -0.00116532821177245 -0.189031110074304
0.410448201017021 -0.581808808624413 0.0950617510312786 -0.248402343796509
0.724491753979221 -0.334503364296776 0.229844363908744 -0.134741075353825
0.65542550570278 -0.323405364781373 -0.149437632535157 -0.0144143797610896
0.428233808148603 -0.589009399073945 -0.0969654277381271 0.0894656139603123
-0.131661322753361 -0.686249902636868 0.113432056933959 0.057111338609213
-0.619916764374236 -0.351293564017604 0.0868852171343223 -0.0246898431430218
-0.57282246597857 0.0884917449775514 -0.0250999303122238 -0.0181866008635175
-0.382472540691373 0.325797741923922 -0.0357291743886559 0.0304041700988504
-0.159688745895043 0.475600246594688 -0.0179312792530966 0.0998706618494276
-0.0643589842295154 0.48290271679359 0.0275624538668618 0.113821652812317
-0.106132925855163 0.480570067898802 0.00617430236826182 0.111753574905674
-0.340096360788082 0.374797618802534 -0.00653629437404132 0.118084462998287
-0.507504983378935 0.146203664284119 -0.0638239658263162 0.118835010166558
-0.640196282678011 -0.250935976677467 -0.118829599507797 0.0142402186569061
-0.239698417734762 -0.63401909467826 -0.0447950026328824 -0.155232709114177
0.373935250415718 -0.588986687675872 -0.00110511980412817 -0.140707135998909
0.715713464581954 -0.377093244437309 -0.0390194700560441 -0.0383855622556178
0.577328987399079 -0.323670686600194 -0.423994072293862 0.064601994865104
0.360751241607751 -0.560366568725628 -0.237036136106375 0.215885369083468
-0.139404626517287 -0.617843102323769 0.072616945733041 0.0865419853604678
-0.550247202811218 -0.299245565743222 0.0216719732688309 -0.034431619956137
-0.499644448497987 0.0737376864446187 -0.145877849558814 0.00945621917652751
-0.342183029388393 0.275259875535376 -0.154081117506441 0.145305208939313
-0.15553337913494 0.409815605630772 -0.0863841405822121 0.261358740070902
-0.0714172915294245 0.411965048099766 -0.012817831830561 0.280474547468952
-0.109148362275353 0.400779180550891 -0.0397082269884567 0.265919462465451
-0.299249053320019 0.296140454032052 -0.0878960524362421 0.232688461567999
-0.418966204018623 0.0953315766677278 -0.158816792718916 0.1672639351774
-0.498763615962711 -0.214011500829491 -0.1715782691023 0.0199005934506411
-0.187307969429207 -0.499775098092036 -0.0723031493640393 -0.12229562360756
0.295652649534776 -0.480913255736162 -0.0626429912263302 -0.036043546398002
0.597727043371711 -0.34638978954877 -0.26421888458086 0.0619061604638054
0.398721858753085 -0.274348262330953 -0.658264681191625 0.131897919286388
0.225101243423144 -0.420418440561013 -0.360931241754885 0.319053938099172
-0.119330653520549 -0.423226913406004 0.0141394965270516 0.117937150245258
-0.369292737631017 -0.185530009177806 -0.0400926473905249 -0.0241908329546583
-0.327035698859697 0.0421266090016125 -0.229814208364172 0.0406192092695212
-0.239322976957538 0.176460942011495 -0.241213255114168 0.238226374050997
-0.123854935037528 0.277793063710451 -0.137721598114675 0.383511357472503
-0.0678505538508718 0.278852877040773 -0.0516086194657518 0.405993730017776
-0.0975028064251776 0.265132284986508 -0.0846710719143599 0.376184185543882
-0.221306198070292 0.178329056416427 -0.160454533746425 0.299655143449877
-0.277477564730444 0.030219106030507 -0.234159511118002 0.172157777402687
-0.290487634542101 -0.154127345892539 -0.196399684750334 0.00104314241081966
-0.103067086344959 -0.304903832328566 -0.0806978341845734 -0.0996924897205649
0.186872395203321 -0.309141171013933 -0.0900648376675278 0.0399251480797158
0.403604800993087 -0.264401578331999 -0.41844723787166 0.14313473562324
0.149112183137275 -0.175357053165043 -0.812214517523516 0.178205531030172
0.0516672722811855 -0.205498190868598 -0.443089517612456 0.388505087759386
-0.0809195783221218 -0.156550940610304 -0.03984342317477 0.153646031957888
-0.129693244800559 -0.0417270513250485 -0.0768604161383461 0.0034061845929571
-0.105035424770722 0.000635329074933506 -0.257754150052538 0.0658118690369407
-0.100818065974327 0.0450780593275138 -0.279533978587419 0.29137624352249
-0.0748529085572763 0.096724322627035 -0.16263113656912 0.445156297448715
-0.0539116796544603 0.1026905339969 -0.0815379659862467 0.470130619697407
-0.0700530551850942 0.0974133231804428 -0.122953258750033 0.42761498169896
-0.113513378673461 0.0502993229618927 -0.220334046805031 0.315225968912175
-0.113332498623598 -0.0193993114622855 -0.280833057109962 0.140090412196842
-0.0809344884677824 -0.0663493149821669 -0.195917128044166 -0.0325216861684985
-0.0350930688260125 -0.0991705894948971 -0.0791775157817362 -0.0809560027006283
0.0527578314652028 -0.13144710136455 -0.0937492943972459 0.0854786637720031
0.162125386243659 -0.161013661249387 -0.489377606578256 0.197286148638661
0.104253940526451 0.0199048300310626 0.454420487605295 -0.279413230935956
0.0954269390304323 -0.0337958366639393 0.113305710550947 -0.210798596535034
0.000813806720404714 -0.0940544778274615 0.0476176665209762 0.0494626208093292
-0.101773900042052 -0.0438599299341618 0.158912668432015 0.0608083844045783
-0.0734519242722321 0.0490243155592241 0.283013683412906 -0.080904936170659
-0.0173565997739117 0.0787558106414979 0.248642905217663 -0.298340999035046
0.0312326658355439 0.0850830533911619 0.118368202393159 -0.414671996934666
0.0373712742606978 0.0874571677331237 0.0616745859495824 -0.451600776611353
0.0248234931643219 0.0952827839561351 0.10273028243086 -0.436889705517152
-0.0328976220493059 0.0883507040290738 0.207805057234096 -0.321157458585031
-0.0856125844458445 0.0499723263902704 0.234041922732752 -0.137978832716513
-0.125138444551949 -0.0610068308290842 0.105306423551337 -0.0543273682278564
0.00978758697945955 -0.126406795643221 0.0855676703502926 -0.166581666667727
0.117618031521959 -0.0190690619621248 0.33661047220419 -0.339380682516039
0.0902188105240484 0.0567695111836883 0.803663210789418 -0.227826663346515
0.300903254899522 -0.102474088289911 0.418804205230894 -0.238090485760968
0.206274382610417 -0.201021251358504 0.122637378970853 -0.187366300801085
-0.0410987053454483 -0.271903980488377 0.0725877324055759 0.0252971138266141
-0.273333397618607 -0.135256282989781 0.150964613798639 0.0428001139273584
-0.240396352565281 0.0792882594182218 0.24626095102965 -0.0640728987585192
-0.130951797535258 0.187647357094371 0.225498410363345 -0.253113587156051
-0.0108324355725955 0.247855101522551 0.116469854860443 -0.347085133801126
0.0240715925585084 0.257638168638047 0.0707186788495784 -0.376743727230901
-0.00977329690066451 0.272988121545676 0.0941934490485104 -0.36301509423637
-0.157614578921666 0.229225752670479 0.184889918827616 -0.264469741743553
-0.270606397187447 0.101355980162444 0.199846519899397 -0.101041551348437
-0.355100384422986 -0.156383505777411 0.0713853407920473 -0.0479094992072086
-0.0741862800568768 -0.361868451511645 0.0670800708721578 -0.195839777716255
0.26484003835949 -0.254625829373216 0.271260949094874 -0.356555118857698
0.365659924859919 -0.101080812113483 0.68054886288997 -0.250861544691029
0.470124152525965 -0.213420002151733 0.301024771264249 -0.178240970365766
0.305382025286259 -0.367607625468835 0.0964604679940448 -0.130712324243281
-0.0861995233277619 -0.444256620583845 0.101509932091636 0.0139973201179695
-0.434395274463172 -0.219366249827299 0.144740816118783 0.0163995861406663
-0.394866661328737 0.102182809579905 0.185068204177736 -0.0543609268348689
-0.238763950850384 0.275671699513206 0.167532960550007 -0.182497156135147
-0.0576302874570181 0.379119914216172 0.0918834195020115 -0.230879927632138
0.0073242244610817 0.390154747539562 0.0688721019808935 -0.243730111083703
-0.0360107197789553 0.407763127702393 0.0731863482130291 -0.231835062398721
-0.24897316676729 0.342110827769399 0.134661447055274 -0.16245783139577
-0.411146925705917 0.154891686117595 0.132844572362603 -0.0415197344482702
-0.548361746320745 -0.205886035810707 0.0163792482080467 -0.0315804471256335
-0.177123210889704 -0.540290298366858 0.0281224974361366 -0.203625126953267
0.345959736481875 -0.462206279495867 0.175279888736403 -0.326817097736493
0.571022575165901 -0.256341126881008 0.467788744036725 -0.225538696954595
0.58169743913913 -0.303931007491869 0.104847407062441 -0.0999369578133244
0.367891762853288 -0.51631481222997 0.0244287875100459 -0.0351403560330178
-0.137438790734141 -0.58798240036476 0.120000536789144 0.0215935914519958
-0.569232691048673 -0.277708962739558 0.126117548541046 -0.0119916384497985
-0.51023780448098 0.123325303544795 0.0923421891762059 -0.0416247894341927
-0.315890335884488 0.332146943005502 0.0771140839343049 -0.085752503365003
-0.0962833176652536 0.458094763987795 0.0486057172967403 -0.0763235360368901
-0.00964003612830915 0.463995879992295 0.0565137908191834 -0.074407713854123
-0.0531237020797128 0.478616359874784 0.0468093459972204 -0.0664134331388242
-0.296554171448211 0.400579957698697 0.0702851185583774 -0.027784734392946
-0.485544944101391 0.188333416136948 0.043941949176552 0.037707296456523
-0.656121910258414 -0.211613991995718 -0.0500856404791121 -0.0037849871646536
-0.259593486002995 -0.62063889592842 -0.0184233396218312 -0.185256895051936
0.35881794612047 -0.589579428605059 0.0717593192316855 -0.245027278965781
0.670957477316095 -0.369482809170781 0.213325967881634 -0.143191283675264
0.607972547178944 -0.353911948323789 -0.14345003102861 -0.00607300365400427
0.373885888314693 -0.59699094087811 -0.0863840126515706 0.0924987570109328
-0.17478126374599 -0.647971892956611 0.113363853532631 0.0448993378640816
-0.622278301305208 -0.289332460493727 0.0827527339372519 -0.0327179605732744
-0.547034018129594 0.129065540335944 -0.024520245437787 -0.01666394083265
-0.344923039563653 0.341836990079675 -0.0326347593963901 0.0317777414930428
-0.120880143774122 0.468569891485603 -0.00644478502219862 0.0952675491031975
-0.0236699026288118 0.467141900609616 0.0356055097241485 0.105723488996604
-0.0684673493228851 0.470522540039192 0.016604200707151 0.107960024923052
-0.300992642080717 0.385923549459843 0.0014239778818689 0.11373971667552
-0.478421681091873 0.177270466209137 -0.0516048711252401 0.117938097663429
-0.635449043909406 -0.195485053353861 -0.116022468713595 0.0240170690276337
-0.274054018681259 -0.588808259120747 -0.0586276297694015 -0.150828442544861
0.323063502357731 -0.59303483499973 -0.0141178100346062 -0.134641916873102
0.659300600602125 -0.408593201245295 -0.0386899250545723 -0.030822926271145
0.533234866884087 -0.351984127179245 -0.402129379544413 0.0903678067165831
0.309566518854083 -0.568003222573286 -0.212649275414373 0.22473759481983
-0.17998572581585 -0.581652358473565 0.076426025252198 0.0766727609143468
-0.552479460343997 -0.243802492411055 0.0204594786345898 -0.0371465127420366
-0.476730820966473 0.108512497555761 -0.138165774622916 0.0185302197164992
-0.308801302724649 0.291872384919456 -0.139311561988373 0.150518466450839
-0.119913759599951 0.405817172671302 -0.0617105346185993 0.255518300361217
-0.036351057365071 0.399644707759892 0.00898642044786081 0.269938808017151
-0.0749833177720786 0.393022823085624 -0.016991961505994 0.259611532467166
-0.267186886772403 0.30740033005639 -0.0687598616550496 0.22991906438975
-0.396481320434034 0.121587970973337 -0.14031237252528 0.171500595842787
-0.495380273135781 -0.168964983015373 -0.165612749530026 0.0337780121709909
-0.21412658792124 -0.464788901053241 -0.0822110615493406 -0.116368219919665
0.254671531921878 -0.483017527372257 -0.0662967353772195 -0.0303481718922685
0.548044125348458 -0.372920590599044 -0.249273012666193 0.0822271197190595
0.365072863846089 -0.291341943171296 -0.623723431654971 0.173541197098636
0.186594279044407 -0.422296902094837 -0.325929471192621 0.333770287320915
-0.145850666620458 -0.397019660788828 0.0217750618367739 0.110731053065689
-0.37019811451214 -0.148298135353501 -0.0391362745914146 -0.0227500699794548
-0.313388154000304 0.0654571089486155 -0.217668962823586 0.054272131014393
-0.217915680095242 0.189236612176777 -0.21649289305267 0.247107263707706
-0.0989358108562161 0.275918076096809 -0.103250261444858 0.377475129703413
-0.0424747231875551 0.271653115273711 -0.0194073501866874 0.394070366925966
-0.0733266090295199 0.262148368661298 -0.0532469357893298 0.368940601316774
-0.200195441546496 0.188004966766976 -0.134797759455403 0.300370911833382
-0.264448358699014 0.0494360071660951 -0.212452486481988 0.180599755379377
-0.289990840591967 -0.125827145966146 -0.190582500270298 0.0162714596665247
-0.119421381968684 -0.283824461852918 -0.0883427273909754 -0.0919422893197987
0.160222133475558 -0.309330525824419 -0.0867648017470008 0.0436961510879901
0.366581302783248 -0.282435792795577 -0.391803849885463 0.171284114217877
0.132225656465116 -0.179949076515689 -0.767281992034546 0.231324427807358
0.0339517903343694 -0.203542968965088 -0.400061458571318 0.406656935327735
-0.0911040836953989 -0.143735591761145 -0.0275840543921093 0.150598992863487
-0.127728111527479 -0.0281744206188323 -0.0721999322539184 0.00780350306948143
-0.101868068522631 0.0087522112765685 -0.245033991301446 0.0811086305911289
-0.0944013975584182 0.0517298162388755 -0.25017045319108 0.300015600443829
-0.06530205845752 0.0983113431070243 -0.125026936662295 0.440339848899244
-0.0422089318878766 0.10131114325856 -0.0433353312618547 0.459268269995192
-0.0586610909756547 0.0982284567220702 -0.0876710635135574 0.421662874289813
-0.105194062203525 0.0565425267403196 -0.190232238597675 0.319683784947302
-0.109266515825609 -0.00979419322044941 -0.260434550079554 0.154291531776363
-0.0824308297519384 -0.056217464794222 -0.191685226956282 -0.0167016334462366
-0.0410300882007379 -0.0910546884217283 -0.0830796553842796 -0.0721397780882841
0.040737945781977 -0.129513307635717 -0.0867018557286324 0.0879291470097603
0.144249002546679 -0.165967180520664 -0.456802204106711 0.229176277128051
0.100308033023096 0.0181970785472152 0.424382497653491 -0.2852926554998
0.0931628384334236 -0.0350219265038184 0.102037647158257 -0.206686412491677
-0.000385238127714863 -0.0906996232965784 0.047920740865763 0.0455785104704827
-0.0990279340087757 -0.0390248787435206 0.153270979309557 0.0527436834131904
-0.0690065115113394 0.0493155465319953 0.268208531334195 -0.0875662150378209
-0.013514140302155 0.0762697443705309 0.228621100912501 -0.294261399190989
0.032655385094133 0.0810281870275526 0.0996459720096998 -0.401697742311749
0.038667174882132 0.0826803618359693 0.0426829506211927 -0.436189234070574
0.0262961751052099 0.0910759259128656 0.0845602662588437 -0.422483912426675
-0.0292073129070868 0.0862715023617045 0.189631700516459 -0.315196525244559
-0.0807601980387123 0.0497245531453789 0.219237515085247 -0.138946755283983
-0.122331348234554 -0.0546395835310986 0.0985984466215873 -0.0549176797162529
0.00542849805859922 -0.121100730870817 0.0771712288447393 -0.162645256249996
0.11280641669213 -0.0226717387727163 0.311866417842039 -0.335132040611401
0.0874062334988502 0.0526289260755612 0.762000547262654 -0.24455648299632
0.284788858720959 -0.105052973248851 0.392361328123414 -0.24588938835958
0.193956624783026 -0.197770939238018 0.112647256118155 -0.185590594906001
-0.0463756236214661 -0.257914149169177 0.0702601600784685 0.0206360158569384
-0.266706328875678 -0.119065747603399 0.144544320190539 0.0357886692212467
-0.22777910006898 0.0846959810552123 0.234613423571478 -0.0699992736167233
-0.11818371047106 0.184035268062279 0.207778470656103 -0.250118228083759
-0.00200727413163173 0.238539699592422 0.100973803173925 -0.338746644570598
0.0325449502194115 0.245242420126907 0.0539244002285175 -0.364430926249369
-0.000436501324212692 0.262428408603214 0.0788746690355116 -0.352311028630495
-0.144674077821439 0.226365935983743 0.16921313773039 -0.260207506256286
-0.255952719305186 0.105498682206262 0.188113316323247 -0.102955325915301
-0.345426032971824 -0.137108177087085 0.0653151150821184 -0.0470982268324113
-0.0828390484301754 -0.344060641291659 0.0560082654433757 -0.191699361073623
0.247898652929222 -0.253217380624306 0.248570653342798 -0.349316363094283
0.344762735853071 -0.106689703934295 0.64457556276474 -0.262768621347801
0.441809513115656 -0.216480288664372 0.281883711760943 -0.184799104538435
0.28262628431337 -0.360052967918394 0.0884697390293059 -0.130496707546245
-0.0954247621128726 -0.419375326973005 0.0971601602439409 0.00877339863340259
-0.424431547385069 -0.192784121117063 0.138225867901825 0.00936640294682724
-0.375965628194529 0.113228635194213 0.176450519773925 -0.0589132154925057
-0.217758221603483 0.272312181318249 0.15466973073395 -0.181729610662956
-0.0417164244624475 0.365745947258584 0.0825737385122098 -0.226789535581005
0.022392609596192 0.372043149322757 0.0569369792925355 -0.237956997970695
-0.0200761709728816 0.39270438129267 0.0644008111785983 -0.225977968905513
-0.228010264914521 0.337821537556947 0.124046911002785 -0.160740992007909
-0.390416866198957 0.162201143750624 0.126405200520934 -0.044790018189219
-0.533749360381264 -0.177569620813651 0.0130349354201171 -0.0286406509026401
-0.187192786925804 -0.509338524653057 0.0173383769778002 -0.199387523684181
0.320754108886679 -0.455435257906481 0.156661579313323 -0.317263026507804
0.536365296243557 -0.261369634230877 0.441679592891189 -0.229806103271566
0.547444696822136 -0.306029586494603 0.0972610278553035 -0.102317859403035
0.335462807073782 -0.505051752770854 0.0234993494175621 -0.0362348823309676
-0.149536634188445 -0.554130417773076 0.115022682003588 0.0151225056125562
-0.55456805591717 -0.240074290195532 0.120183845038027 -0.0176109177395896
-0.484217756641561 0.138714376672633 0.0889051211000335 -0.0439021101357792
-0.291416497601337 0.330471669922271 0.0708404248879942 -0.0857781767697701
-0.0765306645267225 0.443072960765529 0.0472466164343546 -0.0775180529689528
0.00942356377089923 0.442890521098588 0.0515128053915984 -0.0745759916151007
-0.0350368923756158 0.459644288017808 0.0447971230402856 -0.0659667325787069
-0.271911312960397 0.394743394742997 0.0669076890537136 -0.0296417025069001
-0.460752240016909 0.196714143164112 0.0447032151471336 0.0329653057476872
-0.637645158896669 -0.179782191072044 -0.0496881466764781 0.000777693937787374
-0.266974673868869 -0.58435676825129 -0.0285197541611755 -0.1808193278434
0.329695287601806 -0.576920345992512 0.0589576304326192 -0.236433229235539
0.628351033566656 -0.371937726144734 0.200092305410289 -0.142183893184848
0.57145029520288 -0.356519507252173 -0.136341906869979 -0.0034829615191046
0.337388152773624 -0.583313290205564 -0.078766170572337 0.0903149381818638
-0.189784279223306 -0.610349868457216 0.109427087342842 0.0376798767195159
-0.606312205170883 -0.250717847671875 0.0793058256145181 -0.0357891173691603
-0.519923230235243 0.145114029584288 -0.0221109617879753 -0.0163156118839508
-0.318913936233063 0.339896674471822 -0.031186819408027 0.0300036696010081
-0.0985367511365053 0.454562191321957 -4.98967250882566E-05 0.0883895698296448
-0.00536527560431019 0.446299521058934 0.03818710982131 0.0993064838126319
-0.0463827431796453 0.453587705355588 0.0220166960209148 0.101962709515168
-0.277606010082046 0.381836202638766 0.00513248543392329 0.108523216297015
-0.454098833320797 0.186403013851086 -0.0438952628621268 0.113865827258535
-0.616927437892933 -0.164401332261354 -0.111661329898601 0.0303905185851536
-0.278691834867796 -0.552156697474762 -0.0658568413371817 -0.145711001938629
0.294826132839339 -0.579617660464699 -0.0202174831974967 -0.127858411873344
0.615829584137703 -0.408220734621777 -0.037198454807175 -0.025654595229089
0.499970153037556 -0.353018322720001 -0.380451274795416 0.098687815790343
0.278267378942057 -0.553955622237146 -0.195577725490922 0.222084977250411
-0.192439975587569 -0.549439115399441 0.07547682062475 0.0689652290661844
-0.53651606716314 -0.209820353457901 0.019576018681562 -0.038104124976008
-0.452660227740804 0.123984804648403 -0.130564645171752 0.0212432733785088
-0.286364574426188 0.291308212539151 -0.129197311381687 0.14863162672236
-0.101018810373903 0.393833143756761 -0.0472807612446492 0.244411134544229
-0.0184775948226284 0.381589551993235 0.0188944949628298 0.258665966337499
-0.0565556138396606 0.378717825135632 -0.00613383093790252 0.24918506301107
-0.246861913253852 0.304244646213028 -0.0588508833526233 0.222327732200754
-0.376028045511948 0.130623041418179 -0.127511695102147 0.166993799860278
-0.480583965411623 -0.142225600550464 -0.158912614444407 0.0403551719298604
-0.217241926035321 -0.434190291722925 -0.08728365886947 -0.110891172451469
0.229963741194876 -0.471698311380066 -0.0669605612106163 -0.0267277542839599
0.511312665743643 -0.370255044086173 -0.235261416684887 0.0907030926217552
0.340030168492609 -0.291303404331926 -0.588842977015525 0.186103065731001
0.165630587461873 -0.411076599703204 -0.300433690801372 0.331083385766287
-0.154963852903338 -0.373988404890035 0.0242004334615961 0.10500346401656
-0.359147061860498 -0.125646413100147 -0.0366236034001112 -0.0220393613067699
-0.298937877299817 0.075953087647092 -0.206573212733279 0.0585959648286791
-0.202841613362198 0.189340149996645 -0.201227063547474 0.243137780540477
-0.0846693237385098 0.267569752858375 -0.0841409982554217 0.364600126008652
-0.0289241808780056 0.259505684708754 -0.00423197625381982 0.379232031142374
-0.059939917587255 0.252426887629875 -0.0373406158680817 0.355888002240257
-0.185646392992944 0.187684463590629 -0.119840168034467 0.292618310422865
-0.252132647451824 0.057348133796813 -0.19679664989756 0.179486605322637
-0.281677835391759 -0.108700034130394 -0.183469873313828 0.0235812674841683
-0.122633275983634 -0.265732160029908 -0.0913663396375476 -0.086415845835199
0.14434920300776 -0.301129036571443 -0.0846819506941938 0.0444394825090843
0.341979328923967 -0.279619565316377 -0.368572075390033 0.180868105807904
0.121515584884402 -0.177969670269512 -0.724317266068084 0.244602745600067
0.0246899795261792 -0.196643738627499 -0.369904777893527 0.405604619371598
-0.0938072474644711 -0.134310619869946 -0.0218623038504185 0.144503098532133
-0.122559011973763 -0.0204204236765027 -0.0677534706807717 0.0083816928642672
-0.0977819417896162 0.0127641966755057 -0.231662090620565 0.0853984425341131
-0.0890406816573789 0.0540279121333666 -0.230463469931066 0.296259433286689
-0.0583057308310311 0.0960124752869245 -0.103310324289546 0.426372742610162
-0.0356113210810738 0.0967146429529335 -0.0236294397656548 0.441802059724995
-0.0510016846761854 0.0944441576705926 -0.0699081384367342 0.408726680513579
-0.0980388920017905 0.0582387449616575 -0.173263019447425 0.313346207438934
-0.104852433942565 -0.00420068080543446 -0.244222449672449 0.155531465284932
-0.080104955443283 -0.0494667221840777 -0.184523215033402 -0.00895452403283795
-0.0422145557116715 -0.0847576169886934 -0.0840377526484955 -0.0663443239316493
0.0344850815453984 -0.125271862095069 -0.0826185804969424 0.0857132086843593
0.132951563257629 -0.163453565004192 -0.429014103732647 0.23825202011404
0.0987811379289129 0.0191378052942688 0.410822903532459 -0.286421671438477
0.0939487333401863 -0.0342168365977077 0.0988897955740728 -0.205348865848891
0.000649155799164404 -0.089848057823842 0.048301286211468 0.0437525580637753
-0.0979441746314256 -0.0379821224124956 0.149182508797508 0.0506229969525513
-0.0674267990550852 0.0488781423243379 0.261261819312069 -0.0884740441299828
-0.0119837571821242 0.0738696021801265 0.221061458213447 -0.291402499166899
0.0331369687740976 0.0792762546489712 0.0949866430558406 -0.39556299353631
0.0386909323406541 0.0810893255476277 0.0359159552140757 -0.428230662311026
0.0260811431716784 0.089779396306965 0.0781160590567884 -0.41573053998092
-0.0287151012080268 0.0851841753494831 0.184289845321165 -0.31121631764606
-0.0789221714459268 0.048415720066429 0.213808598555087 -0.136424545637261
-0.11995886898208 -0.0525429715159941 0.0948140298575496 -0.0537716388540881
0.00430562269205314 -0.117585493653113 0.0738084491288429 -0.161224069311797
0.111323731163583 -0.0229283503366089 0.304891034924866 -0.329931364720278
0.0852616974473913 0.0517775841850591 0.743763181723045 -0.247564913798154
0.278000723260561 -0.102247188208603 0.379646159467919 -0.246847425088881
0.190669504095805 -0.194162648740823 0.108735849549545 -0.184703557941211
-0.0462884075009177 -0.251080286574764 0.0692460649110729 0.0193040344599969
-0.261659722760255 -0.112477149067304 0.140982110277632 0.0331386011459551
-0.222492455753286 0.0863251040693212 0.22964427004904 -0.0715189492598657
-0.113293758088648 0.180938285195096 0.201251833426125 -0.248129143041366
0.000547290423806005 0.233954314569824 0.0969957640293016 -0.334512893145906
0.0349711218279403 0.239214184849547 0.0475683865752188 -0.358894105675285
0.00203664765099213 0.257706530764133 0.0744152730282818 -0.347357992880951
-0.141058386587491 0.224766950682089 0.164152538103175 -0.257759150857249
-0.251104984876558 0.104904582718513 0.183857394701141 -0.102357244899793
-0.341320231202071 -0.130738125825501 0.0620504463326133 -0.0451527355332701
-0.0817533092651063 -0.334720905329785 0.050971245955777 -0.190802053037174
0.242665281106007 -0.250844305373983 0.242695803408561 -0.343549472820423
0.335501649097995 -0.104731979185301 0.627736220907884 -0.264021607217073
0.431824901902231 -0.213637055318989 0.273205732498259 -0.185791493031428
0.275964409501138 -0.354974899257256 0.0854331325107051 -0.130636356628115
-0.0956867812444075 -0.407594726550803 0.0950101180694612 0.0071866289598916
-0.417404028699122 -0.181564494420275 0.134907392719992 0.00742422992481616
-0.36688307484725 0.116663560682335 0.17399590823618 -0.060003618776203
-0.210062370325487 0.269044435994127 0.149053260941965 -0.180394783422645
-0.0367906992487681 0.359280240981787 0.0800365737586506 -0.226098949114364
0.0269607609303228 0.362109859255076 0.0524719961161728 -0.234495211877477
-0.0153849852286655 0.385802923823318 0.0613346342850503 -0.223704958063121
-0.221100924619194 0.334825463952183 0.120313782613962 -0.159759902311024
-0.381467536258683 0.162634573545255 0.124215170825383 -0.045860351382665
-0.525832557302528 -0.166648616120064 0.0113443417616129 -0.0259703432659673
-0.185470438389691 -0.495613660297552 0.0113064756418833 -0.198415626173205
0.311538083050673 -0.449655128930026 0.151107018054404 -0.310528063783992
0.520996250128329 -0.255828049775158 0.431092811337673 -0.227244990005214
0.532201021512482 -0.301852288192779 0.0944612883775968 -0.102914975281215
0.325921950132809 -0.49650450255191 0.0225968904669047 -0.037175273156154
-0.150725525528093 -0.536959938065903 0.112504192623985 0.0130819847235986
-0.54550178433196 -0.225352312748233 0.118101142452131 -0.0194309291074761
-0.473514757779707 0.143421387522679 0.0884753271556393 -0.0452702105883191
-0.280297216406675 0.326884911728995 0.0677339270238965 -0.0861781084935988
-0.0701995432273335 0.435353376830826 0.0471387855660651 -0.0804458888836326
0.0160233001833869 0.431827473066821 0.0495674687765031 -0.0751610254203653
-0.0277787272261619 0.451534021521357 0.0444479734726368 -0.0667362490716508
-0.264220676006988 0.392031229296261 0.0653640513445646 -0.0295917414994687
-0.449539838228301 0.197405537541774 0.0447767730723006 0.0306233239657006
-0.627281263772486 -0.165967950009914 -0.0497793834964288 0.00393963524385442
-0.264249953699768 -0.568546326982227 -0.0343185580185933 -0.179517215149287
0.320359856901175 -0.570182155456136 0.0550861051720128 -0.229926098656672
0.610568756844964 -0.365069988168654 0.195379257492545 -0.139165015402225
0.556589398528884 -0.353432260388825 -0.131980041195424 -0.00416720943162716
0.326826924669554 -0.573185627925614 -0.076024157283691 0.0879582543362929
-0.19050236384235 -0.592755064349591 0.106851214576875 0.0355996651549865
-0.594584639545683 -0.234124241051012 0.0783228062346261 -0.037512787018309
-0.506917705814282 0.150628659253356 -0.0191199506899673 -0.0168930403539348
-0.308264932001905 0.339424519037149 -0.0308859637128185 0.0285626964364203
-0.0898582524701479 0.447115821278543 0.00287944014837974 0.0828804235077763
0.00273044805237049 0.435006579878995 0.0391492193943149 0.0957660282041991
-0.0393813070517292 0.445552861326162 0.0237417418850805 0.0983004441885279
-0.269407804622325 0.379543584351483 0.00581336033280978 0.106818009510434
-0.442846770258031 0.187697633091399 -0.0414394581602602 0.109407543148091
-0.606214344995647 -0.15166453909828 -0.110562275694295 0.033090182014389
-0.27679467905121 -0.537613254889898 -0.0709057656544882 -0.144650172853618
0.285623233207975 -0.571517860120738 -0.0223683542509936 -0.123746466092695
0.597615717254693 -0.401005400099059 -0.0361866880447559 -0.0215147392875259
0.485648849518481 -0.347965172741237 -0.368786482537413 0.0989167318139932
0.267864641547391 -0.543711157364947 -0.189196824637767 0.219543450869388
-0.194685819003182 -0.533322414575002 0.0742189670280776 0.0672261089741475
-0.527974673113357 -0.194940519231145 0.0206750341173242 -0.039445519020095
-0.443153344736699 0.130220191799409 -0.125275646740804 0.021048460711066
-0.277552461244524 0.29063291425024 -0.126621366291189 0.145503872719077
-0.0932381297602468 0.387524267130753 -0.0422669793134048 0.237790204527373
-0.0120702074509152 0.371148611764349 0.0221165194647136 0.251376376709814
-0.0491879001335631 0.371036298861834 -0.00220067118349294 0.243631663057951
-0.239290289950049 0.30274744537174 -0.055915115207905 0.219367962903198
-0.368018705906314 0.132883251599638 -0.123046340356242 0.162883285008568
-0.473027601692313 -0.131299229599065 -0.155864971372652 0.0431237325903718
-0.214533169190394 -0.421127939314719 -0.0913292911211322 -0.109683867461308
0.22403041082725 -0.46407995868404 -0.0677105500474998 -0.0251822526289785
0.495481548787014 -0.362641389966848 -0.228139069242657 0.094130673750942
0.332170598143725 -0.288594347731069 -0.57205553759589 0.186347954871409
0.157357171554646 -0.404804138767133 -0.29051015301226 0.328045817464742
-0.156758995867966 -0.36294481373855 0.0246371391910047 0.102370003326072
-0.352459011875421 -0.116097590647022 -0.0343279742146791 -0.0230667538425732
-0.292559668681598 0.0793667823223335 -0.200126439211358 0.0580594920607978
-0.197168483755688 0.189596489679358 -0.195751456195949 0.240148448086399
-0.0790942901551648 0.263595638862175 -0.0779270206882511 0.356803546957569
-0.0239047260017473 0.251794667546732 0.00168829488101691 0.370942265863595
-0.0536114357899665 0.247055076382975 -0.0321660159241638 0.349217977114979
-0.180551778856016 0.186157786741465 -0.115341220131099 0.289469739593879
-0.245877753104862 0.0602429808296654 -0.190541988767198 0.175780918403283
-0.277669635739718 -0.10114619223399 -0.1787644733537 0.0263020863706078
-0.121017208390298 -0.257644784828892 -0.0935433739110401 -0.0842630752713543
0.139157682860352 -0.296390404059318 -0.0844308643167621 0.044881949144949
0.329865597743431 -0.274349985203299 -0.35769085565652 0.18493428979642
0.117873818796357 -0.176540856781564 -0.7048380996922 0.246189494278462
0.0215949809611836 -0.193807621996496 -0.358342625799828 0.401638459972435
-0.0945742529551251 -0.128967212944876 -0.0203377604533252 0.141446981972271
-0.119477859921142 -0.0166981178864308 -0.064661422970479 0.00765105711817842
-0.0966305316367674 0.0140533273776449 -0.22549534693201 0.0846436695183863
-0.087349032863408 0.0549809105495247 -0.224139520732815 0.292851765456592
-0.0558831066395107 0.0948208028985504 -0.0967862911142389 0.418275473587678
-0.033192478217581 0.093156258963067 -0.017826913977653 0.434899048814757
-0.0474488894938568 0.0921447751675092 -0.0633361470254368 0.402620192523571
-0.0952055862921469 0.0583749552149112 -0.167194855136052 0.310647951557021
-0.101919507127574 -0.00182866672441099 -0.238038926664404 0.153620861874436
-0.0785647040063632 -0.045409652179563 -0.1800041636186 -0.00602233981373172
-0.042662848963651 -0.081787406257705 -0.0840179759105727 -0.0637023537751117
0.0322273588759646 -0.122870496698289 -0.0825654978365051 0.0838487523888277
0.128287404864882 -0.161400905145293 -0.415766758010355 0.240935401909518
0.0904065263010521 -0.0221365558789877 0.253580957706064 -0.441123203304143
0.0699684246671985 -0.0682651785453964 -0.00128020545964842 -0.233715514344637
-0.0349222818761175 -0.084377181222539 0.0590750348963534 0.0165569669588088
-0.104142071607836 0.00397171343007943 0.153290563161295 -0.0165773808509468
-0.0446768659220103 0.0706657315755466 0.19824823397788 -0.193126294983569
0.0177636175897002 0.0714930644639914 0.0729601289801429 -0.361753394110522
0.0640074767297995 0.0579035421045061 -0.0860459418679538 -0.400509448143753
0.0688931124061954 0.0618633990224743 -0.160390977546998 -0.404748668179588
0.062606124712216 0.0716335323696666 -0.117503297954691 -0.412005385928631
0.00900793948926187 0.0908875667183921 0.0262839638838782 -0.36459238967551
-0.0538692077381417 0.0772933337261108 0.131344439214328 -0.218487098096907
-0.130988565624194 0.00339640894906741 0.0605373702247359 -0.0984260347146855
-0.0444015024407358 -0.112482626067434 0.000297831202703188 -0.177862383586409
0.0977557748114537 -0.0737524465192987 0.137850429622082 -0.425654358456268
0.108544509681243 0.00741690606272031 0.569554980575638 -0.539918163125043
0.20570004866824 -0.204578340325088 0.241817206524097 -0.400775569225245
0.0916962359289836 -0.251677117434054 0.012734828499863 -0.223009651689147
-0.142679444418793 -0.209385333207041 0.0593648798662706 -0.0144145953326387
-0.279594683075515 0.00764889710608155 0.129419690004389 -0.0254484385627211
-0.167313140423661 0.169578991767288 0.176994012099774 -0.157440334614039
-0.0286665101019398 0.212268602437705 0.0738212486157804 -0.309106081519406
0.100346864321756 0.211001247847382 -0.0564422502645762 -0.342022802582277
0.132772579944135 0.209927115728255 -0.119697988851377 -0.346438872833768
0.112927527456145 0.237406627183017 -0.0921348197789176 -0.348118443049954
-0.0346016945983586 0.268361221834027 0.0260209299626978 -0.307212942889442
-0.189546072004762 0.204982588758444 0.115234442671185 -0.183150344642441
-0.36567696834563 0.0310120234772374 0.0321938856337809 -0.0930992807952756
-0.218157016311564 -0.278042843684057 -0.0269456671161361 -0.199958408942233
0.119168274343516 -0.342400342381244 0.0885966657386884 -0.403764190063845
0.268132537681911 -0.254223876221498 0.462306162021854 -0.488493797716103
0.303940503857044 -0.365954822652372 0.170510102735835 -0.308292267849297
0.103292510930502 -0.430075863728964 0.0116048288552244 -0.166588541639366
-0.252285262218139 -0.3297638994496 0.0692317745483445 -0.0360581506855239
-0.445139802850096 0.0123144799258042 0.105701936624325 -0.0439526707651201
-0.28339909699707 0.258273716196323 0.130465987852278 -0.117164158719643
-0.0788378310435279 0.334053394132607 0.0565138879302271 -0.220745780756056
0.119436717924238 0.340613305760688 -0.0223278907728579 -0.231460319058073
0.176745582579542 0.325673958442732 -0.0604765914937911 -0.234820717694843
0.15160915496745 0.362098966317117 -0.0506917654483365 -0.229993666679357
-0.0611809974865144 0.405287894748797 0.0271209176048214 -0.198390964792689
-0.286744278178204 0.315425733323446 0.082039597263415 -0.112220358479698
-0.549277793516489 0.0802044041187274 -0.00942516152997402 -0.0653016465642466
-0.382568554999975 -0.38444915425804 -0.0619770315002227 -0.195217081787585
0.0956842202106159 -0.556329080646864 0.0291421385014511 -0.331364396817565
0.368816844813136 -0.478802431472317 0.305618432671567 -0.358597748975504
0.363576802339949 -0.488085026563882 0.0428304109797646 -0.162671815002634
0.0917360306707721 -0.57888519810404 -0.00800412766387577 -0.0562197005555761
-0.353585904628268 -0.42424788963371 0.0807220434985024 -0.0380876909913933
-0.575830657578231 0.0266121326418089 0.0730161207594028 -0.0577941831142757
-0.36879901100606 0.328238735650175 0.0594462637445057 -0.0614614743170491
-0.117467078109387 0.417730848196815 0.0241022050218093 -0.0970705789120415
0.120913655085019 0.422788029175363 0.0119677674669247 -0.0811230868827612
0.195277948620038 0.392249791568239 0.00819660003382847 -0.0879140248074101
0.167398308950014 0.42773015564951 0.00370973986985855 -0.0793070507250776
-0.0766656667268237 0.4775347942695 0.0333905478840096 -0.0554497828401759
-0.334954943293807 0.37847455597377 0.042103449786607 -0.0114470413152518
-0.641316337635131 0.125421292952369 -0.0549996089762354 -0.0178234266750015
-0.486671804554164 -0.416296564545662 -0.094313559437216 -0.161841280639545
0.0486400537336386 -0.66934130778468 -0.0186546800666784 -0.216338318473043
0.401214113691433 -0.619845488313756 0.134704670204315 -0.170709261944173
0.367671080513981 -0.541375115564383 -0.122219221624529 0.0222529315352743
0.0630012521427935 -0.652225450266679 -0.0439374604824547 0.10090174454526
-0.414391666701314 -0.458619518133992 0.0828079570364804 -0.0137517688340632
-0.623291128064851 0.0424607745078465 0.0274406187287842 -0.0557840756680317
-0.393272394931978 0.349588521121507 -0.0250395920534777 0.0131228668950876
-0.135749651740864 0.438921162807181 -0.0146425820637358 0.0520300820496168
0.107886301211708 0.442277330377656 0.0434803120844093 0.0878873029240931
0.184211083772417 0.399589011070015 0.0759179870528114 0.0719412159438785
0.153422307691063 0.426662283515383 0.0592550334064802 0.0799671624202107
-0.0856628329375856 0.467825560503906 0.0399203080956839 0.0946061368859418
-0.332125150901396 0.367455117058284 -0.00164531138589722 0.0971865488970658
-0.616472470703052 0.130319088169562 -0.0966699093824079 0.0364568083299731
-0.484180962387012 -0.382596143621187 -0.11372591317619 -0.114054880408356
0.0142565833480211 -0.654643802145948 -0.0441051735448118 -0.0883040280627969
0.372198705202972 -0.646398195522648 -0.0243489005822918 0.0355426382124207
0.311043145501835 -0.510279930462551 -0.29534681654474 0.218621225188126
0.0245750332028646 -0.602085411684048 -0.0888833809258667 0.271960825233797
-0.392435055975678 -0.40449472864312 0.0691541372923268 0.0296747814718684
-0.549013893808384 0.048982968935026 -0.0225005401236779 -0.0344261605801984
-0.342502258075578 0.305342743786623 -0.104816707377271 0.0921716165734973
-0.127020098682273 0.384492390097545 -0.0499849403111445 0.199359073535459
0.0788281206120504 0.390423807034139 0.07013648003226 0.247425265147059
0.145116211890589 0.345913177863075 0.13061630265869 0.221386474005947
0.112750700113144 0.363054883582235 0.102289315228168 0.223297915524003
-0.0904959347117918 0.383770086547662 0.0362502906566697 0.224984084587757
-0.285043250252286 0.284232845279103 -0.0493461931516621 0.184401323952473
-0.487183689222034 0.0903238028921158 -0.130139231453863 0.0742408968250943
-0.37909051591504 -0.300873343108183 -0.119491724193038 -0.0704099451995127
0.00299217848867251 -0.526582272760536 -0.0493603777581004 0.01783479731461
0.292761026433674 -0.564069698808432 -0.150584118277486 0.218416294382157
0.19749317545362 -0.391293983016337 -0.445328453167898 0.392464825773063
-0.0161727415343711 -0.432416855025601 -0.130308382314336 0.419542113180761
-0.289412330591503 -0.264341726138149 0.0480007598532395 0.0840534256741256
-0.361066632489177 0.0464549190934831 -0.0562426908707958 0.00120381727080952
-0.227447285494883 0.197131119231412 -0.156317994361382 0.153255306425343
-0.0955691857827741 0.258306281653831 -0.0716022549005352 0.312546884500305
0.0391517530732947 0.272039584132103 0.0890691717339154 0.368380413493704
0.0836541562343431 0.239880310393201 0.166690572989748 0.337647537995112
0.0553430593143371 0.250492993656113 0.123492804456127 0.333148488120192
-0.0849147572047841 0.250715934624333 0.0179845070776514 0.313621340038312
-0.202747482807446 0.164298972997459 -0.100718612468919 0.231634809809019
-0.296560763929741 0.033577831695263 -0.152399029175315 0.0816387385224619
-0.223642468327297 -0.187914433459152 -0.114531735423358 -0.0409331755038395
-0.00304039101732644 -0.3336135650037 -0.0439870269926613 0.0834816686929624
0.179821767187733 -0.404424238942187 -0.233231501628798 0.346923872180973
0.0490373485016438 -0.20330522099002 -0.541334190288018 0.513236174278335
-0.0520667100444168 -0.185730118731034 -0.152684158512222 0.521517103324285
-0.137151707190514 -0.0780261770165911 0.0357699969815656 0.139167553174549
-0.111948865533958 0.03673286894168 -0.0590066540823423 0.0369416370875399
-0.0772122641122566 0.0556950762759121 -0.167148436910002 0.180325416147466
-0.0526221742993042 0.0885728420116991 -0.0743860491472775 0.368715218678074
-0.0109454612268445 0.109452477046641 0.0984149670070528 0.428752019352908
0.00907278675387414 0.0964596599805097 0.179615940589636 0.40228164910343
-0.00471167944113744 0.104481043437921 0.121944333903762 0.394364007611136
-0.0609338644846866 0.0960870617063329 -0.0154516311204664 0.357101412714058
-0.0944478002879138 0.0444079843841295 -0.149369797171391 0.238752819889304
-0.0920179034022778 -0.00494131047726189 -0.164695901766711 0.0674845519955209
-0.0758713675909916 -0.0575351250694016 -0.101755473951038 -0.0220388799084966
-0.0254978153892005 -0.12626084630861 -0.0344058495931464 0.113259918735338
0.0424029578393819 -0.207627999951 -0.267316291878259 0.410163095291884
0.0931880390926476 -0.0246128203260461 0.241656556443411 -0.459541521506638
0.0718423383953739 -0.0729773890598092 -0.0101249415674224 -0.239969154847943
-0.0380915317044054 -0.0871859822987862 0.0623549164805922 0.0144078433647047
-0.107126813865073 0.00706595419376868 0.156698524059238 -0.021849797113147
-0.0433060540831801 0.0745801681150834 0.196454590185636 -0.206389531562367
0.0202981149296998 0.0721194611924035 0.0613552131230658 -0.37461478726275
0.0682499569644448 0.0576763031699278 -0.102733406629898 -0.409168863799912
0.0736323255604499 0.0614604771308794 -0.18126448871004 -0.409115803052868
0.0671364570375741 0.0724760226288285 -0.135877193287956 -0.420339215270028
0.0121225256043925 0.0932993274813589 0.01378471248449 -0.375974416733664
-0.0535767323044418 0.080378572238613 0.127703910180596 -0.22733810969179
-0.134140813292039 0.00773125877623134 0.0577756428913702 -0.101079823828866
-0.0477691049556315 -0.113996881584325 -0.00736446207259069 -0.182048277199883
0.0986165173193824 -0.0787888524836357 0.129331122989394 -0.441080949631245
0.111146427467596 0.0062709234590943 0.563888553873358 -0.572137837714253
0.203929680082851 -0.214133954017817 0.231017769840904 -0.418831878291239
0.0885658710486075 -0.260630604751456 0.00442338772641166 -0.229221995932484
-0.151913056978286 -0.210068595524386 0.0614619849595424 -0.0172379773063434
-0.284563287048121 0.018029732325901 0.132063241919201 -0.0307093663279371
-0.165313042687586 0.180954466273505 0.176275330988543 -0.168926393234136
-0.023473526704441 0.218406186586316 0.0647409429088647 -0.319917312950307
0.110708415398328 0.213352112317292 -0.0709751839681042 -0.349989203560466
0.143839116973481 0.20959240252368 -0.137395964693859 -0.351134835865551
0.125125652337818 0.239838730997603 -0.107980187240676 -0.354340159666582
-0.0260143317014406 0.278230582006336 0.0162830284112427 -0.316681989423927
-0.188034560831745 0.21692138146764 0.111941088472483 -0.192189884412451
-0.373851707169097 0.0451146192588346 0.0292283165844482 -0.0939704538725611
-0.231260809915692 -0.277818628738626 -0.037644243970881 -0.203434503645988
0.111391617337884 -0.356278247822818 0.0785150587601442 -0.416008794464401
0.266320858544426 -0.265950724569393 0.457350897820251 -0.514414564064708
0.297049136356697 -0.383550127584354 0.162656070469207 -0.323600288493232
0.0946713523108399 -0.443218743819198 0.00484283330214904 -0.171747951636812
-0.267066419542196 -0.327436646440611 0.071234163091069 -0.0393435966429881
-0.451915291382418 0.0300506875503367 0.107518772447701 -0.049226545230307
-0.279095924897579 0.275880909249236 0.130950784653736 -0.127082872251341
-0.0699091399099075 0.345967365891569 0.0496210002230572 -0.228823073670818
0.135073111452077 0.344126658777702 -0.032854045150395 -0.239032640004288
0.192916602313387 0.325678387649583 -0.0713956103831196 -0.238552494125243
0.169841669715579 0.36624551260538 -0.0610719136764789 -0.234801634274754
-0.0485683246561994 0.42024611779769 0.0213301244188439 -0.205318935977969
-0.283274193000235 0.334404010932113 0.0801353348242305 -0.119102461273764
-0.560189545308018 0.103502366697399 -0.0118666414801185 -0.0645120275477018
-0.402639726624153 -0.381235223158759 -0.0757316030924472 -0.196878554263612
0.0805406797123211 -0.574817573940095 0.0200414861008206 -0.340214284994802
0.363493741989251 -0.498919668185165 0.302194162965169 -0.376906384767476
0.353971943299459 -0.509909811548028 0.0384106501375073 -0.17089323076249
0.077263838063757 -0.595735081652924 -0.0111938221158237 -0.0580634364338438
-0.374380703039077 -0.419685875423493 0.0829910417982551 -0.0419223404202272
-0.584929008641932 0.0506402671994724 0.0737914117542917 -0.0637884728148987
-0.362935163009514 0.351976982635264 0.0615635856693692 -0.0687074502958782
-0.107100799774902 0.433213798156384 0.0199186435121663 -0.100600808985912
0.139473276315115 0.429349939519101 0.00773963244537204 -0.0861937233657327
0.214508759278185 0.391828906870998 0.00438038600455431 -0.0907202821210863
0.190288348106728 0.431263920076407 0.000269968700328448 -0.0824076042131283
-0.0604887527087118 0.493958544382849 0.0325933897545032 -0.0585431995492021
-0.329867083847537 0.401016142639067 0.0418325614130487 -0.0152820968422387
-0.652073583811534 0.155067244882567 -0.0564896548686378 -0.0136899038441238
-0.510539688376478 -0.410269555299263 -0.108299983562696 -0.160997260884108
0.0284455252564504 -0.69020630100555 -0.0251211554026001 -0.220686882602776
0.390946933764682 -0.643886856771308 0.13396766089472 -0.177150126403077
0.358710985986872 -0.566345950827181 -0.123130074450109 0.0227096660317543
0.044875519243734 -0.67002672883207 -0.0420664869828759 0.103794696604125
-0.436643766848978 -0.451942860804044 0.086017058526304 -0.0173089043938288
-0.635520033916241 0.0677360040890665 0.027895183366029 -0.0610518699589653
-0.38807473385901 0.374770249297886 -0.0230266475866911 0.0103832642255606
-0.124319616335243 0.458034377515827 -0.0152667390152031 0.0537298843446114
0.126265118814925 0.450055515451612 0.0466663411183415 0.0855326347210656
0.202330325765745 0.399675957069569 0.0801150370274088 0.0704236780496371
0.174922236676954 0.430522582806136 0.0631863575044791 0.0786684031131938
-0.0696302434207297 0.484698001584971 0.0453665819678981 0.0957994118796643
-0.328426364998442 0.390269466172542 0.000800955707055136 0.0972863109950155
-0.62501393186623 0.159210780491793 -0.0963792072393012 0.0430056495955056
-0.507352706761119 -0.375484953532168 -0.126266240777714 -0.11082568099685
-0.00655115343870391 -0.672167151663998 -0.0478903081794388 -0.0883112000610674
0.358740024141293 -0.670893386680619 -0.0200390714618584 0.0399085859805982
0.29980069830789 -0.532794271821693 -0.293015124140276 0.229390038023826
0.00645511705640999 -0.618400015686181 -0.0810241041954227 0.281877859128347
-0.414832684128691 -0.397661234439248 0.073685917788809 0.0279560933881269
-0.558760304605043 0.0726479268423125 -0.0222866181583091 -0.0370792692802052
-0.338909474738723 0.326941927757576 -0.102466858153189 0.0939223085625632
-0.116764249468636 0.400203400983901 -0.0454021419671929 0.206329168045347
0.0957787250797062 0.397320027180813 0.0794416256953828 0.249488320275058
0.160523988620262 0.346172127246108 0.143018960581694 0.221356049829507
0.130158603867348 0.366731290551367 0.113165754754906 0.224784241537065
-0.0791173332379157 0.398456471093575 0.0467214553956042 0.229046956936822
-0.28155409561211 0.302688779801297 -0.0446506410293081 0.188780806124206
-0.494295984870011 0.113995340352334 -0.128981031262999 0.0819411508310272
-0.397120569756953 -0.295184841353117 -0.129819723688151 -0.0662491334563674
-0.0138486063381262 -0.538253582323341 -0.0508338812446198 0.0199595078737013
0.281640226855044 -0.585058829545717 -0.142949622880976 0.231456550032298
0.187125385671509 -0.408475112054101 -0.440680232424445 0.411447572185949
-0.0314307923642424 -0.443356818835435 -0.117001055022368 0.434731284977209
-0.304649890291567 -0.258681413980354 0.0524635617790186 0.0844158430756933
-0.365284297479636 0.0627353240649393 -0.0566772184124852 0.000318121263236198
-0.225802194700866 0.211772539998844 -0.153241794271071 0.159666192278176
-0.0887526529501839 0.269988007054765 -0.0637227125394452 0.323354734385661
0.050067050419964 0.277673778664202 0.104612422371608 0.37348793776907
0.0941703206392714 0.239944474018818 0.18470137881669 0.339702525830693
0.0675257503109569 0.252508484705395 0.139839977654579 0.336442117948154
-0.0771197318084365 0.261966167501406 0.0300756840592578 0.321654614004408
-0.200661065124221 0.176511756582269 -0.0956006024767703 0.239558408794172
-0.300821803045891 0.047458140159518 -0.152044312167248 0.0902606196800686
-0.234783979032438 -0.183198112009544 -0.121682851584084 -0.0372902371373641
-0.0139198571863566 -0.341369142242877 -0.0438120208532923 0.0873727075438977
0.170012025115202 -0.419492969959789 -0.22325458140958 0.365768812118311
0.0425526444296869 -0.210334910609542 -0.533699013746716 0.540309498551309
-0.0604444217418098 -0.188779407794499 -0.138617418318367 0.540019173198896
-0.143577818798085 -0.0722808458396045 0.0404309532682693 0.1413851492844
-0.111677105449563 0.0430163281036811 -0.0586099500994322 0.0372935693851803
-0.0776938616315115 0.0604044854088899 -0.165352282594685 0.1885294933157
-0.0503910364773177 0.0939304710470845 -0.064220018124143 0.381602720857745
-0.00727307396094847 0.112150660961113 0.116928703461532 0.43532032332592
0.0120443336468717 0.0968769408121384 0.200485227048255 0.405810139684131
-0.0010114199127001 0.104818278540656 0.140639153711613 0.400421586581063
-0.0580223496199527 0.100644860127804 -0.00264963957330548 0.367724677165706
-0.0942141900058875 0.0498468977455289 -0.144953573394564 0.249942125130638
-0.0931702196176591 0.0001691485652053 -0.165154186764527 0.0748726420470048
-0.0809492816408479 -0.0550101772559385 -0.105599858181622 -0.017983206812689
-0.0307032011666826 -0.127640376485092 -0.0332688048113969 0.11763329385367
0.0356233470966616 -0.215493753884561 -0.255472086942995 0.432077493106118
0.0937063119351988 -0.0289593682180952 0.213762201496696 -0.478277329317379
0.0706271866394485 -0.079669091601435 -0.0262048282269523 -0.241960596323008
-0.0437031249961199 -0.0877801353015838 0.0657883421863544 0.00983761865840702
-0.108723766747833 0.0126192892118412 0.157540854661516 -0.0316571795996506
-0.0387188114663641 0.0787265728825055 0.186141204351167 -0.222108528652422
0.0244842902145362 0.0721405008746716 0.0393480427034628 -0.385248525753162
0.0731315666668791 0.0536834151405123 -0.130210463160837 -0.40909203478539
0.0792511749010899 0.058186040325163 -0.210893519700876 -0.402750260231955
0.0728829655317121 0.0705110438648575 -0.164431096424452 -0.417476817778917
0.0177049881586508 0.0952390955274715 -0.00921301967201855 -0.381945063460401
-0.0510131634446023 0.0842812705618405 0.116820900065793 -0.237439034875398
-0.13612521906018 0.0156309857427173 0.0511990223620741 -0.104101458880582
-0.0538621197858465 -0.113113347654375 -0.0196134648015062 -0.183154249170931
0.0954684831015575 -0.0852794221000955 0.107002940513507 -0.455815244807943
0.112733826627177 0.00216143914826449 0.531254933558958 -0.611736824661425
0.193075750022656 -0.227183840379403 0.205435434646311 -0.437827532976632
0.0755554140240705 -0.269765577858062 -0.0110185152406638 -0.232261241460032
-0.165410219875433 -0.203403641674716 0.0637252977582481 -0.021972330335288
-0.285824515457107 0.0360016848661829 0.132392832508231 -0.0399055292418512
-0.155081300620694 0.194630171999593 0.169342870396384 -0.184973661083768
-0.0102113939956289 0.222909897389143 0.0448153819746306 -0.329510903329629
0.126028027873717 0.208573299259439 -0.0948432323586998 -0.35148574843624
0.159387278613802 0.202314568033811 -0.163122798273923 -0.346413375854323
0.143482974457912 0.235562723141251 -0.132881475659508 -0.353178541080087
-0.00867734326679102 0.285066163458737 -0.00300399293291146 -0.322740096280649
-0.178805227076424 0.231370426584341 0.101792354711522 -0.201970447005107
-0.375380807457786 0.0698124138467635 0.023633722013166 -0.0944917087264906
-0.249381857797891 -0.268727217185514 -0.0534650572082799 -0.202510637577597
0.0920168857928822 -0.367370616243085 0.0567256256846666 -0.427093493269936
0.253742319674752 -0.280088010597342 0.43119836969655 -0.548777025176842
0.275584009570688 -0.403407519945563 0.142612208762544 -0.338399560310906
0.0700636412223586 -0.453883403214929 -0.00665621767482976 -0.174531781298995
-0.287084749092239 -0.312916283517233 0.0725135885540016 -0.0450354333913949
-0.453761257681337 0.0590732454366819 0.106310231887924 -0.0582381607290836
-0.263379200202665 0.298093221100419 0.126966434976593 -0.141189633305554
-0.0503184330881221 0.355011720387155 0.034992482157923 -0.236195526587982
0.159085232098455 0.340286828889446 -0.0502253070922613 -0.24192527130782
0.216304417223296 0.315293485633095 -0.089034603107625 -0.236692524030641
0.197196992623279 0.359424863268692 -0.0781005769912975 -0.23458417589399
-0.022797916673687 0.4318967990646 0.0093727132736553 -0.20988474760514
-0.267774919081949 0.356091471022446 0.0730448082476573 -0.126238574625059
-0.559574269168242 0.142382085010291 -0.0150979819731361 -0.062068878043733
-0.429133253334234 -0.362766960035594 -0.0936351976735244 -0.192197221343972
0.0458664566528322 -0.587426454809694 0.00134753910477791 -0.346383976963178
0.337344010948661 -0.519987661608673 0.28456897771281 -0.397947481772061
0.325173811292995 -0.533107861877887 0.0279267470977009 -0.179412911481643
0.0431630848266051 -0.607244855517787 -0.0153903984926933 -0.0580323622914665
-0.401363169045884 -0.398670683907053 0.0845796982304358 -0.0479664652567652
-0.585966016055178 0.0898214333841397 0.0723970693168637 -0.0714153740403037
-0.344166863023802 0.379647425845165 0.0600861820876193 -0.0788367585060036
-0.081743337777492 0.447035872880944 0.0130543558506264 -0.103603467472208
0.169222403082173 0.425395986267882 0.00034116082954215 -0.0899564928718711
0.241484643969951 0.381574275417775 -0.00165622287840888 -0.0924813348390456
0.220551534430091 0.424118401087738 -0.00565145400762528 -0.0838962140202609
-0.0284132031774031 0.50822647597133 0.0305955279493561 -0.0625927173980029
-0.310271818660399 0.426722927414991 0.0394285785441653 -0.0196479135466845
-0.649387140331738 0.201590576923578 -0.056167895853672 -0.00823711971461701
-0.540495403021084 -0.386078337863441 -0.124992662542211 -0.154032175817422
-0.0123677013693044 -0.700980410733376 -0.0381957570236079 -0.222830607057188
0.357171040810819 -0.668227529482392 0.12729888439185 -0.18648209019232
0.326286080471317 -0.591596835694997 -0.122260569612505 0.0249679066544569
0.00561855034837118 -0.678624393782094 -0.0362918429058507 0.107415747901752
-0.468244834814336 -0.427166422243942 0.0887740682907882 -0.0236524033783095
-0.633681779871205 0.111805816611816 0.026106357885241 -0.0670077658481015
-0.368830320191742 0.405418786189646 -0.020125985752207 0.00638456428833722
-0.0961481122237777 0.474822222879766 -0.0132879263515448 0.055566512839551
0.156930119640582 0.446255049077933 0.050798493886371 0.0822768934672518
0.230546831088016 0.389087568754955 0.0853663866255494 0.0652731763493245
0.20550286091381 0.42348126195572 0.0688795635363005 0.0751655958003957
-0.040549203245022 0.498549742268299 0.0535382256992449 0.093219447664964
-0.308384578099742 0.417025353896328 0.00541750542545901 0.0971202475443238
-0.622623082203019 0.203509600028145 -0.0925772711426836 0.0516685294249176
-0.53430630074298 -0.350534076535291 -0.140896491822589 -0.101146274315025
-0.0464525758803838 -0.680024261251104 -0.0542066989553143 -0.087006221970664
0.322701062023973 -0.694727056917931 -0.013460995391846 0.0430487509855818
0.269314928507282 -0.556571703950103 -0.280739514744546 0.242390512906678
-0.0305518280635193 -0.625427990622623 -0.0642170167972068 0.289328126132095
-0.441978549520022 -0.373295554337155 0.0782886262599707 0.0233882677253754
-0.557104683364164 0.11133000079877 -0.0239443215651386 -0.0399416954575176
-0.32202428156295 0.353926726885404 -0.095238732731119 0.0971918934187856
-0.0930448576525404 0.415544123747064 -0.0352406741875956 0.213097867226568
0.122750460086535 0.396325560082038 0.0952418180660097 0.246141970907001
0.182848332038301 0.337027239643628 0.159515474024922 0.214258446674961
0.156024557202716 0.36059131417368 0.12868552909873 0.220170192017465
-0.0533051136113851 0.411569617594493 0.0628523730066692 0.228786431550708
-0.266128397942322 0.32555822012988 -0.0357717258510705 0.1924223909062
-0.492286843973553 0.148452410415238 -0.122559644431342 0.0919004894688688
-0.418307168904863 -0.273760051176659 -0.140486930949207 -0.0566430621577586
-0.0459626805395177 -0.543644864243942 -0.0511153232190282 0.023021162658222
0.248630725264079 -0.604046281206644 -0.125035103794349 0.243915817536626
0.163899580227135 -0.424117941317227 -0.417769578622245 0.436819195221546
-0.0580717138205604 -0.447327152378499 -0.0909619241580936 0.446499261802281
-0.323182426347197 -0.240156368294645 0.0595240297632294 0.081776314173872
-0.363307013561336 0.0885723467256116 -0.0562175143182339 0.00036567743979815
-0.214746776466972 0.229912407712893 -0.144432448268101 0.167829325414789
-0.0724061690102647 0.281976323291809 -0.0449417416834622 0.333556783668696
0.0687619966008207 0.278348684471826 0.129429954580035 0.371021105900448
0.108515717759526 0.234693335598949 0.210569867985484 0.331329611079363
0.0842522574820598 0.24883101094811 0.164451196361986 0.332264304734267
-0.0609122033173792 0.270719249223649 0.052226938463155 0.32463900659472
-0.191199317641013 0.192405952787545 -0.0840226011726386 0.247559258271142
-0.29901898654563 0.0691230930374046 -0.146326442441457 0.101227908549801
-0.248627961971753 -0.169768233454732 -0.128572377705157 -0.0286417195762565
-0.0343024849229146 -0.344099681247552 -0.0402361448393847 0.0917540215288022
0.145470136784762 -0.433586666160102 -0.197419906822503 0.385548933142657
0.0294267454936976 -0.216211477468404 -0.506287742814881 0.572881025060577
-0.0737092544927628 -0.187537895378418 -0.104812261692328 0.55425903004839
-0.149323294928547 -0.063191713118255 0.0500192947555323 0.140773986645274
-0.108891158741063 0.0518321816059004 -0.0567914166798854 0.0387584275890694
-0.0752813006352149 0.0673205597471384 -0.155716504416727 0.19976665850843
-0.0446447011320612 0.0994914661765712 -0.0415025865328249 0.392045013883306
-0.000100300427175378 0.1140110109618 0.147122976810924 0.434493850044907
0.0168788466425057 0.0956104196035669 0.230099887521101 0.397694631304956
0.00544833266750924 0.103838309236636 0.16963600335622 0.396793889471221
-0.0509685091605595 0.105046693884229 0.0222226402352578 0.372944454893856
-0.0905685992854651 0.0568804141477923 -0.131446066000632 0.261831309807452
-0.0923586321609911 0.00757337587110814 -0.160402852437289 0.0861398363053187
-0.0861815246145032 -0.0484632241073528 -0.109031727893489 -0.0112919615637645
-0.039061778496237 -0.127055874211829 -0.0288384939022255 0.121830523309928
0.0226805042987475 -0.220706168578611 -0.226153625099179 0.453339646753595
0.0909216366190425 -0.0334608269041941 0.174750766407824 -0.482375717954985
0.0662727961734945 -0.0841368090708313 -0.0428785229480273 -0.236153814183101
-0.0490549844355081 -0.0847774477367957 0.0670032195625846 0.00412889981048708
-0.107482958825228 0.0188422777243605 0.15329878326483 -0.0424301240756844
-0.032200150578328 0.0798148564116399 0.168633266661214 -0.233390724435913
0.0285529933149821 0.0694654888121762 0.0112564862609481 -0.383687133998798
0.0763500431792746 0.0479889101249468 -0.156608140890197 -0.394405215755658
0.0825836502317339 0.0520175159171498 -0.235689227459921 -0.380773830137063
0.077500457476463 0.0659437093815372 -0.191512984724934 -0.399866216437602
0.0236993288411127 0.0932646299342402 -0.0345570369872759 -0.376087369119797
-0.0462977183757516 0.0862692452017907 0.100792839088697 -0.24077778663643
-0.13322744162184 0.0242123054304002 0.0430155810016921 -0.103123069875895
-0.0590347637448826 -0.108479370349864 -0.0316651259569681 -0.178282029452338
0.0884176949330243 -0.089694275766137 0.0770335529639484 -0.456817559318509
0.111693876825319 -0.00235455102460869 0.481945596539418 -0.636116716974856
0.174147543998186 -0.232500301109364 0.170636120171398 -0.443135195936962
0.0593371597110029 -0.270037120155533 -0.0268968652066941 -0.226729847502113
-0.174075778932249 -0.187848898623197 0.0638286558551987 -0.027142448599473
-0.278213267908689 0.0543357116189907 0.128101966377996 -0.0494356876719005
-0.138021198937492 0.201855808155377 0.154259027936093 -0.196663946640121
0.00438179928044229 0.221130366587333 0.0212629134439795 -0.329089237156765
0.138728767721252 0.196473328008847 -0.118826914639173 -0.340784096989144
0.170489180391512 0.187385647761808 -0.184161964683232 -0.328732540154092
0.15824360012221 0.222618178232708 -0.156214712503096 -0.338201794224742
0.0108346292144889 0.28403115469925 -0.0242145327520556 -0.319132042553231
-0.162467792796996 0.24074193856358 0.0872531054728108 -0.205370835777237
-0.36459690728632 0.0959498200508413 0.0171432716591786 -0.0923316750552171
-0.260505261360689 -0.248784595943419 -0.0684498255037435 -0.193354605127329
0.0672465388699091 -0.367063843894902 0.0292875112698136 -0.42580438925688
0.231793517617847 -0.287553613860653 0.386674240160467 -0.565742071260789
0.242822527330748 -0.41004376229803 0.116398381074452 -0.343360474432319
0.0427673902927972 -0.450809566081431 -0.0182244910693886 -0.170157806559375
-0.299318741914782 -0.286984243495104 0.0713579085739315 -0.0510786133642889
-0.437899973016098 0.0895263960228339 0.101504311775009 -0.0666991960025743
-0.238312511938014 0.312391543886214 0.115974249595112 -0.152820779906037
-0.0251643154520085 0.354400975877165 0.0174360161190178 -0.235594386541312
0.180140639314261 0.322806706997186 -0.0673159900041298 -0.235484348460803
0.233047640581543 0.294381678482421 -0.103706679641706 -0.226670871941889
0.219831602604328 0.340273263231468 -0.0935179743668475 -0.225004705452146
0.0085632012287715 0.428813357578562 -0.00443289771972315 -0.208815753355399
-0.240588201321731 0.369830421572368 0.0623659405805994 -0.130156253577152
-0.540908447572879 0.179290142429594 -0.0175428213332403 -0.0580273018551279
-0.443178249713396 -0.330338678601607 -0.108914356798895 -0.179393831126016
0.00813423510983049 -0.580191034645205 -0.019798583057884 -0.34243960781485
0.300161155144982 -0.527376844111934 0.253174353406259 -0.408978419316911
0.282452040882994 -0.540613895807642 0.0145758495786838 -0.180898420724935
0.00677706283420463 -0.598254203258366 -0.0184761100968562 -0.0564642169236366
-0.418373637196891 -0.363495224782287 0.0839587559182056 -0.0549393595883505
-0.564719881056581 0.129529710977589 0.0675799385711607 -0.079177913444799
-0.310324089761418 0.398369412531405 0.0545452072301785 -0.0884903260110446
-0.0502888569375984 0.448022953195525 0.00451421131373784 -0.103375914765145
0.196785419380761 0.407381895892785 -0.00705723069083303 -0.0898563460399759
0.26181568581688 0.35624845705187 -0.00760863198499446 -0.0909998309554934
0.24741109344425 0.400346409602535 -0.0118741616235395 -0.0822184595711598
0.00678594641468555 0.505088860678393 0.0267287097388388 -0.0653886222732205
-0.278260627947661 0.443320779135243 0.036148884594776 -0.0228442836742069
-0.622092808665535 0.243061540440941 -0.0538643199035058 -0.00231532397619
-0.55450415199569 -0.343729332321167 -0.137400794026494 -0.139482850066005
-0.0555654029392116 -0.687417979295944 -0.0520617091275508 -0.217975911750407
0.308111395181205 -0.673648557722435 0.116096725880629 -0.191255386145324
0.278706247630153 -0.600246954739888 -0.118672589376902 0.0274343751028022
-0.0376060337797576 -0.666875044381739 -0.0278280802386419 0.107437203702383
-0.484649951521296 -0.385362274160666 0.0893654696925433 -0.030899009488145
-0.611000753147849 0.154101884633314 0.0222928836277965 -0.0716236131913627
-0.333772476559417 0.42586923003067 -0.0183301588852482 0.000329311311993794
-0.0630259061419917 0.475482440212304 -0.0104269680932236 0.0556655723590649
0.185376076781809 0.428841966846797 0.0542170757847343 0.0767755607119711
0.250200688934707 0.364419177894072 0.0894007395718753 0.0579510000744025
0.232360971257824 0.399350879550788 0.0728000719967448 0.0698148663929201
-0.00398876517342569 0.496283940077035 0.0603734399633614 0.0868514842074297
-0.275317952433107 0.430300936832445 0.00906466723229519 0.0947933617213416
-0.595129531099887 0.243230710723693 -0.0850194435114207 0.0577836488739365
-0.547831802308451 -0.310449086828865 -0.148702289566494 -0.086538494254712
-0.0878040223539405 -0.664039819096588 -0.0598399024371376 -0.0835989848560866
0.273803167764868 -0.697350922327377 -0.0062457714704341 0.0430743085319667
0.226102218776313 -0.561261142464716 -0.259299591489912 0.250961005276289
-0.0696928315021218 -0.613970701881918 -0.0431805083785214 0.28811018182982
-0.457130457310414 -0.335064663445152 0.0816213087448533 0.0158031078362863
-0.536316229489311 0.149469369497567 -0.0250949122322889 -0.0421594261700724
-0.292616177492532 0.372269550192961 -0.0867291562816706 0.0953890786158412
-0.0627211423081843 0.417786411273553 -0.0209169949508175 0.212200826757654
0.148238810914703 0.38162033815972 0.109836501273876 0.234805403893531
0.20122369026804 0.317413479875728 0.173044554215743 0.198744625715607
0.178884040207967 0.341327346604898 0.142025422121406 0.207876429803674
-0.0232335751737021 0.410226873339382 0.0787376685934163 0.220122994433285
-0.240018514144925 0.338832930083263 -0.0245601795010605 0.191393343898292
-0.470344983686058 0.182249481291524 -0.112460801521715 0.0989352474130625
-0.428731699674751 -0.241256369657993 -0.145323746732283 -0.0434376973349528
-0.0791883662276848 -0.531224040809381 -0.050387499151539 0.0259838399644001
0.204129492787529 -0.606068257044136 -0.101768162799809 0.248725870164769
0.132295543225951 -0.427421657658636 -0.379851079598346 0.449154494562967
-0.085521189701438 -0.43668477125022 -0.0590155117582648 0.443933157958908
-0.332789927532993 -0.21282990304579 0.0652805265725303 0.0754793226843018
-0.348133079016288 0.112930955289781 -0.0547762538615386 0.0005319348631827
-0.195549951725682 0.24328610665901 -0.130402768200103 0.170266621340596
-0.0520211006947752 0.284004849827044 -0.0229194471508015 0.332580396225449
0.0866698696712289 0.268503039976239 0.15225235537908 0.3558997922178
0.120768179863806 0.222072604754662 0.230623858379417 0.310912639989363
0.0996525203509984 0.235707267257033 0.184404394545296 0.316065622772554
-0.0399942739419016 0.271438262992381 0.0745253311807566 0.315148927834485
-0.174181552541905 0.202777143783889 -0.0666173350272848 0.249488488797815
-0.286438503773593 0.0902700713466937 -0.135385940532184 0.108619933039504
-0.255823647059128 -0.148688649029455 -0.130729545565392 -0.0180369275659979
-0.0555242863747241 -0.335382502999235 -0.035639898045044 0.0930876306845033
0.11303058306702 -0.432536698317399 -0.162572865099401 0.391327373451235
0.0140961640311625 -0.215010696954011 -0.457736856644786 0.588880394657606
-0.0857554251902407 -0.180079569930872 -0.0651303752667001 0.550228658780939
-0.150216258058489 -0.0504119176218453 0.058940388544402 0.13598763000925
-0.101439143155667 0.059330856424568 -0.053215556706124 0.0396013586895742
-0.0702205183745517 0.072845432108825 -0.140210454249999 0.205098847988193
-0.0368056582623198 0.102085025170947 -0.0152339428543007 0.390261714787998
0.0073873678244746 0.112075945296895 0.175074885415721 0.418035825286067
0.0212852066224896 0.0920702488039761 0.255246642231389 0.374413383188516
0.0116282983920746 0.0990791343294043 0.195539616347932 0.37893894062468
-0.0416388974220211 0.106120294919392 0.0483726680119795 0.36572111510489
-0.0832631070199855 0.06227168222475 -0.112747584129839 0.266786229970615
-0.0880459754867754 0.0147280189896472 -0.150685025974092 0.0948816001124764
-0.0883576452002247 -0.0389442201004574 -0.10835890886997 -0.00335688968555525
-0.0469508477618265 -0.121954323146826 -0.0222436914423428 0.122911061302448
0.00575234620605439 -0.219060734065747 -0.186448462039018 0.461186048502404
0.0863928775138224 -0.0348280362549993 0.145573069133012 -0.469302137178347
0.0621348582172555 -0.0854943071017679 -0.05161407014167 -0.225078675844647
-0.0518392811151542 -0.080347277199955 0.0663816819950844 -0.00108060047194064
-0.104290003021778 0.0222775642640018 0.145995702404005 -0.0492376387513383
-0.0274191550037918 0.0782505193085058 0.149696053259827 -0.234471105473582
0.030741379282153 0.0654437892291028 -0.00847139782636684 -0.373189058869322
0.0764785269439213 0.042615287602192 -0.170168012002428 -0.3744251739679
0.0831429714585714 0.0460073218681908 -0.246648163432271 -0.354991324278533
0.0787529059040324 0.0608444761032023 -0.204985867039363 -0.375291666410843
0.0263145034470223 0.0898327396366925 -0.0506199197480921 -0.36171815410342
-0.0421073219409227 0.0857293923531071 0.0869532995136 -0.236568947023837
-0.127671653296654 0.0298716352627208 0.0364936490631488 -0.0990730701981631
-0.0608035687593652 -0.103527666619254 -0.0391154117969498 -0.168375565760867
0.0819711240348313 -0.0893640833684355 0.0550351750559839 -0.446223083314402
0.108751883229303 -0.00489577085513587 0.433025229961223 -0.630210214627957
0.156587250555169 -0.228335952041225 0.141541797505846 -0.433249497725012
0.0474828135731459 -0.262971462507547 -0.0362954201822639 -0.216372003807014
-0.174141414251587 -0.172691259516347 0.0626521884617363 -0.0318869329427267
-0.264308345741535 0.0649042985241376 0.120681985124483 -0.0555795528418545
-0.122841297880445 0.201191396439527 0.138147906210225 -0.201336943970326
0.0146220596540955 0.214246407956331 0.004298683911488 -0.320180554507007
0.142929375324867 0.182707199962309 -0.131327697196737 -0.324180463111844
0.173696010231984 0.171758030483619 -0.193800198349412 -0.308379501348457
0.164310505981324 0.207275786653581 -0.167843378635037 -0.317288169407311
0.0242596560113293 0.275006837892201 -0.0383667752221624 -0.307379423444294
-0.146804419058698 0.239534690110111 0.074435654713374 -0.202199701972195
-0.346569925592371 0.110119339073611 0.0128528791214793 -0.0878993366821574
-0.261163967568019 -0.229533716308235 -0.0763774507329564 -0.180687189304167
0.0494513134041447 -0.356054028913956 0.0103755234840058 -0.414415777903093
0.212310590207041 -0.282319186167095 0.346468736280275 -0.56012554493709
0.214450972359306 -0.399975282465896 0.0948618223047753 -0.336607127056086
0.0227334427668613 -0.435665742528796 -0.0249339588567104 -0.162893234443503
-0.298112988780107 -0.260819529802409 0.069765072855986 -0.0556885213731608
-0.414819216250691 0.107747393945764 0.0947649131026677 -0.0724366903020002
-0.213787853195343 0.312147338321224 0.102926344608082 -0.158638576674738
-0.00813254975832624 0.344675908497909 0.00456387923390303 -0.229314194300306
0.18864921554128 0.302758825212283 -0.0767119803463353 -0.224981661802189
0.238141794636949 0.27116302461851 -0.111343671984623 -0.213395725330837
0.228988540654945 0.315726474111208 -0.100897320049967 -0.212198630234842
0.0291995447655252 0.415586212207643 -0.0135633445242644 -0.202768979643163
-0.216288365577721 0.368385107357465 0.0532890475354063 -0.128567336473883
-0.510693123679511 0.198969736492264 -0.018385764058546 -0.0531385597239048
-0.440660576691264 -0.299622062121166 -0.115140318051789 -0.164404824455744
-0.0159012897529862 -0.560353025098204 -0.0343734971957321 -0.330595477724982
0.265417547180457 -0.514719514147295 0.228366930505036 -0.404439504024648
0.245256594117166 -0.527013418474245 0.00437265357299382 -0.178228755009782
-0.0189745664958804 -0.576282215155195 -0.0198945239119717 -0.0538406101973798
-0.414977323815691 -0.327465445104698 0.0817604251116606 -0.0599312573115354
-0.533078747518514 0.150792958272559 0.0616531520867798 -0.0841095761317895
-0.279064149124698 0.398596569598093 0.0472499475519181 -0.0953462853165207
-0.0262439413562951 0.436753708015946 -0.00152446282423262 -0.100843709913645
0.20844180601281 0.382765487887677 -0.0118470839753489 -0.0871294975804641
0.269185161490546 0.329312044121808 -0.0108227979015574 -0.0880254635037834
0.258156740644476 0.3709845379865 -0.0158550598138731 -0.0775732227385922
0.0318871818796924 0.488607656972057 0.0233070815582437 -0.0658358594774321
-0.247551699486076 0.439836663525859 0.0321326765624937 -0.02352711356544
-0.588056865424359 0.264296551601629 -0.0493960942646322 0.0010637562891994
-0.549204175418393 -0.308084840135029 -0.141997187303858 -0.123473962059885
-0.0832839914460606 -0.660283748185128 -0.0602638322321833 -0.208638403898353
0.267914257921658 -0.655847995042598 0.106926491498666 -0.189014526706686
0.238726465636458 -0.583747149921619 -0.113733586130086 0.0258525984277915
-0.0642691121384988 -0.640133054331343 -0.0209320563255555 0.103782859848326
-0.480366051765731 -0.347280612837624 0.0874784610297445 -0.0372767357995078
-0.576085036002988 0.177945152542721 0.0182413373937226 -0.0753938648220659
-0.298668456313559 0.426702090692776 -0.018670136048374 -0.00713751619583024
-0.0383944803342249 0.464415719089657 -0.00871681914677668 0.0533304687578031
0.198877881343327 0.404334369187774 0.0553819032873559 0.0708570706961977
0.257220327851074 0.337371155841573 0.0900335616129825 0.0508176803645653
0.241964443770317 0.37091720779613 0.0732553245742445 0.0642335790478906
0.0193611311192399 0.479920843859199 0.062834803226128 0.0792640411555441
-0.245181792267651 0.429154603201064 0.011059482896123 0.0906386002256665
-0.558688989235897 0.263239860443472 -0.0774388384579438 0.0598132347200138
-0.538757844221772 -0.273353394034275 -0.151035903662298 -0.0731990993478151
-0.112495691151393 -0.635018389502658 -0.0627096457663302 -0.0777677831040461
0.232899778780602 -0.676518103358145 0.000569959823526673 0.0411270441906761
0.18964070036877 -0.547744808313504 -0.239291405472279 0.246101313848446
-0.0954836626506699 -0.588017577644967 -0.0273208899383734 0.278449659108618
-0.452831842938029 -0.300707060858488 0.0814628576247275 0.00936254326765539
-0.505173319508564 0.169100901957926 -0.0258342453767669 -0.0438959578051751
-0.261597244049931 0.374285357760519 -0.0798376921735846 0.0892116364650638
-0.0400380908412768 0.408541869665618 -0.010865000007272 0.206106635928172
0.160650250835399 0.360084030485779 0.117032392972926 0.220521102658319
0.206574820905797 0.295244948108806 0.176524196715035 0.182927580114354
0.187153597997877 0.316608503807092 0.147566594657198 0.194640619095565
-0.00139717823397247 0.397891130693837 0.0872294320904919 0.20685292571985
-0.215108410203991 0.33799462670569 -0.0163580421368445 0.185695538868709
-0.442354246395523 0.199892726945987 -0.101635408333822 0.100119044029382
-0.422680080682561 -0.211558013549549 -0.145287708029073 -0.0315773648624902
-0.0973672700492998 -0.508716050312347 -0.0495417352451134 0.027896776744636
0.170502051654101 -0.586160156860533 -0.0814940101991942 0.242208253365905
0.106353858520919 -0.415030267907167 -0.346838041146757 0.442680301033354
-0.103298561868197 -0.416718636812088 -0.0356364955365765 0.428537830187137
-0.32845160305473 -0.188166098871267 0.0683918138373849 0.0695795193910318
-0.327079257337212 0.126045187820274 -0.0533873680851094 -0.00136436323710082
-0.176352382985474 0.245817110212871 -0.118604057268644 0.165261196295207
-0.035978963610514 0.2783235330118 -0.00652595908024891 0.323301120579916
0.0964004818512909 0.255003562475671 0.164811444050903 0.336215987030305
0.124681557006684 0.207033834945691 0.238405498471342 0.287398314554569
0.105857526351795 0.219711761668813 0.194990739449477 0.296144920644028
-0.0241290705242187 0.263797320350275 0.0877678219130357 0.300382638620972
-0.157323812347424 0.204356292547824 -0.0541311706728701 0.243630580802161
-0.268392953716021 0.101826350446775 -0.124260215713029 0.110163181329946
-0.251670476579359 -0.129351519930552 -0.129161273958937 -0.00955681239867857
-0.0679550692463605 -0.32064148674215 -0.0322335082356848 0.0922387222169658
0.0888215665693532 -0.419274957756947 -0.13348275117076 0.383633972661931
0.00322393360201538 -0.20833159082578 -0.415702229593235 0.581223198968938
-0.0918440712563702 -0.169281948842738 -0.0360459407139451 0.531195054529025
-0.146710127015463 -0.0408256502267973 0.0627047929889483 0.128225350061331
-0.0922050463670347 0.0623905762264101 -0.0495435565776284 0.038004659980248
-0.0638993365385475 0.0747682353541602 -0.125553367377652 0.201908233288977
-0.0299416412143648 0.101005963620036 0.00416219060185429 0.378942791713207
0.0122083420098755 0.107765856126671 0.189705924019931 0.39488228702024
0.0229795661617348 0.087397160282398 0.265639850977649 0.34791205840351
0.0144694226867687 0.0928741328971166 0.207862195296006 0.354928804634769
-0.0341446936576658 0.103243476153242 0.0648143685711295 0.349709349621176
-0.0757968371226361 0.0644022715987342 -0.0960960865531678 0.26322911743413
-0.081817101391362 0.0195209312325947 -0.139228422723659 0.0973516845707026
-0.0870778982503742 -0.0306272875015643 -0.105761851244098 0.00244569333929958
-0.0510731684429888 -0.115665429904205 -0.0176593059262249 0.120536029643928
-0.00597805442654147 -0.210880510611645 -0.153469578327734 0.452785078910706
0.0822301880805298 -0.0264568329136338 0.158145106834924 -0.447169712088008
0.0645665040633443 -0.0793437612047236 -0.0455884866824155 -0.218710057933616
-0.046883482115384 -0.0823547451946512 0.0622600186767961 0.0011924555564134
-0.103803998353475 0.0162269260459701 0.139696736681542 -0.0400134859605508
-0.0327981707702767 0.0734875764554662 0.149839173278189 -0.219745270479335
0.024753899206909 0.0651664423295321 0.00204560256428529 -0.357531239599021
0.0714646801397056 0.0403718625532969 -0.15480491978202 -0.366682906985964
0.0812330767698571 0.0471548903054218 -0.232353258157792 -0.344742771382383
0.0754569756119211 0.0597079535222135 -0.193737037254044 -0.364420502928881
0.0224112154326497 0.0884449612597954 -0.0452895384029452 -0.349219610596747
-0.0454536285599736 0.0819888098862454 0.0876654339399752 -0.225078411066621
-0.12434914711901 0.0234771831081832 0.0322974798559073 -0.0941707095398271
-0.0554137016721282 -0.106272717923555 -0.0296764189039797 -0.165006440701244
0.085436675027781 -0.0902149812693978 0.0718650482993861 -0.426231684344766
0.106693490859847 -0.00960893804954229 0.440616470163823 -0.576887572581764
0.161379888627189 -0.210665861360631 0.14685948519497 -0.420239086233453
0.0602544177668044 -0.252098307656112 -0.0355897541510317 -0.209682316412987
-0.160558321512243 -0.176220426454176 0.0561039999567966 -0.0238985042342169
-0.256214923223031 0.0512545052661933 0.112995892511969 -0.0415113802522362
-0.12853966383189 0.188439229676455 0.139507059207553 -0.182515489424873
0.00421370527565773 0.209194765734386 0.0153512121209659 -0.304505871970597
0.131150709999608 0.179252190763778 -0.114451245206332 -0.315752806743587
0.164708965118833 0.174850039807149 -0.180844512641405 -0.296987110445702
0.155205586761832 0.204700303291817 -0.159542616864398 -0.306866771435618
0.017694384828583 0.270932835308773 -0.0368325548531259 -0.29507402670115
-0.152341869795412 0.232231831665876 0.0666266904244781 -0.19386946545729
-0.336414773362975 0.0956722681046912 0.000334346856721998 -0.088729057355014
-0.247254100292487 -0.235902218852899 -0.0655839262333364 -0.184682081475215
0.0595337147278147 -0.35008328175426 0.0348636161519556 -0.398753686318669
0.210233509604891 -0.273855403554091 0.363868608619756 -0.513481828749343
0.228042114681801 -0.373438774159371 0.0905510209081163 -0.335038118363305
0.0447917224467699 -0.418834835646408 -0.0313307025560133 -0.156634066484299
-0.275086163006234 -0.266713101848109 0.0604503947870027 -0.0422157051848734
-0.400542472686972 0.0856091759654478 0.0854044464745357 -0.053658771698218
-0.219966925947694 0.291458503044156 0.10620518797891 -0.138330430535149
-0.0212928010128539 0.335715502368302 0.0165742266027128 -0.214052815691915
0.171469680554654 0.298623262880386 -0.0607470191513346 -0.217034337426412
0.224009490181498 0.275659577164656 -0.100532255651791 -0.204479539158905
0.21631549574902 0.31204531944979 -0.0975979837735199 -0.201642518804856
0.020673205589965 0.409877994871695 -0.0167783584545034 -0.192443188137284
-0.223480574379322 0.357591678718148 0.039153312504093 -0.124014083835888
-0.497102882266204 0.179279976836588 -0.0388383970468003 -0.0592782181576532
-0.421492489082927 -0.308552201795133 -0.105290024288944 -0.176055550376273
0.000536882594011634 -0.549689254481589 -0.00428703841352444 -0.322699829209819
0.265474918260566 -0.49505596203786 0.253803989506664 -0.370705904000025
0.267488849503906 -0.496525520061415 -0.00713873442385818 -0.191211088746034
0.012235464663845 -0.557670311542632 -0.0338693853875876 -0.0498924714946628
-0.385228705237767 -0.33769105625248 0.0684063996313324 -0.0413650035420369
-0.514584791266374 0.123138755111119 0.0522383155372942 -0.0619439336596531
-0.284551095491101 0.372772730747979 0.0528508276082262 -0.0758477608584555
-0.042332544724489 0.424102030217348 0.00913791176860173 -0.0898330054951165
0.187590883113156 0.37821515255079 0.000829184963162149 -0.0817134639398095
0.251250404542046 0.333263126589106 -0.00455150865898076 -0.081825118886308
0.242819449265915 0.369133746817197 -0.0165624509900657 -0.0700964392668378
0.023435721680201 0.482424061753807 0.0157298494487564 -0.0590479272362479
-0.255029025517419 0.428190884490194 0.0128196011100513 -0.0236202397478245
-0.571048843813489 0.241913361941597 -0.0746490196929443 -0.00840724739006647
-0.526980202934803 -0.319002497824298 -0.135396481977217 -0.140293453070196
-0.0625269909259089 -0.64518049372526 -0.0317081320482576 -0.208239250755533
0.270738917973969 -0.62766965866189 0.133151160651767 -0.17247764545452
0.266976244663779 -0.553122277623689 -0.131969156994839 -0.00147606550491182
-0.0263802818558132 -0.624346101821352 -0.0421993259628806 0.102989791655979
-0.446863782050169 -0.360561280571279 0.0720093510244556 -0.0163720058605281
-0.555245912048998 0.147605593902066 0.0102640198143248 -0.0531065702524562
-0.303621564719335 0.400018227041387 -0.0117508619572875 0.0077432320217168
-0.0530639700907787 0.450049295530409 -0.00112793604176426 0.0584559226680312
0.177542704800157 0.400849197616976 0.0632084285369037 0.0724499432729917
0.239550874286815 0.34249620818575 0.0906277335980727 0.0532534148423148
0.228504859987465 0.368023810069065 0.0672597664498088 0.068225816089706
0.0139598340234923 0.473597630348729 0.0514855218266165 0.081294992861132
-0.251437956374478 0.418260950569203 -0.00981104383345738 0.0857491941842239
-0.544166772663995 0.244266418457085 -0.102338613582948 0.0473428826613733
-0.518026183906415 -0.28336057350008 -0.146618448796574 -0.0913126902125613
-0.092775068753469 -0.621333795772631 -0.0408286426859282 -0.082974963553061
0.235197975649505 -0.647087432772774 0.022965571949571 0.0409994617460033
0.220524708295231 -0.520660208052808 -0.261640675571643 0.206689082394569
-0.0591432693044192 -0.577769245623886 -0.0528895817524964 0.27041334516553
-0.423766010813648 -0.313013065897589 0.0653820073677831 0.0285370839950446
-0.487349995837201 0.142284879420389 -0.0314711804126126 -0.0268502335343142
-0.264116954256771 0.351981541190487 -0.0735263933713523 0.0963936472430613
-0.0511603570093423 0.396267973710433 -0.00792861318757992 0.204209962525452
0.143448135161183 0.3579053957853 0.118146367897619 0.218636161827647
0.190733672171227 0.297842165401008 0.172202992956951 0.18063468206741
0.175537402498643 0.314544248518156 0.137754240200397 0.193839103252747
-0.00684555562222238 0.39230720799254 0.0745892306980255 0.204474860732203
-0.217735392706743 0.330308693319254 -0.0352033705847661 0.176533068935213
-0.428649254100186 0.185604476635132 -0.121255535527887 0.0866197499973155
-0.405906803757115 -0.217850175239337 -0.142150334092997 -0.0480406122185406
-0.0821930111987489 -0.496093994361515 -0.0358360312202797 0.020452079191625
0.172556613793589 -0.55968090151183 -0.0669301133581695 0.227827036715273
0.133559393472075 -0.398300124142161 -0.371656001457347 0.395762107201424
-0.0760238108007511 -0.412559478818609 -0.0610549150128633 0.415335337971762
-0.309025299244484 -0.199009461080179 0.0549303400185911 0.0813453679173725
-0.314502309157759 0.10813335002712 -0.0557685745838674 0.00785683744533311
-0.175377819178863 0.231104469114881 -0.114282454016893 0.163729349133949
-0.0411846083473617 0.269259041532442 -0.0086948828755286 0.314434380881789
0.0851856475506317 0.254440704198238 0.159131804187262 0.330204709690792
0.114029966787598 0.208758974832576 0.228936012112576 0.281213276996688
0.0978948617501137 0.217958194108895 0.18245796566939 0.290905453923155
-0.0263675992559114 0.259476834495783 0.0763844399159075 0.293198076773051
-0.156857438290217 0.199320801827517 -0.0674657695177867 0.231732181163975
-0.259579440451798 0.0959407328484041 -0.133954817010689 0.096939447441775
-0.242529929208107 -0.131182586103141 -0.126404287373831 -0.020542310031053
-0.0589016451957817 -0.311672073818554 -0.0267055134488918 0.0857069618226199
0.0910380360838341 -0.399129058027304 -0.126897814764228 0.359174432640956
0.0219051980449307 -0.203094704766723 -0.434720913945526 0.533350607679358
-0.0766808813273785 -0.17256233657051 -0.0574985945744856 0.513280137168868
-0.139388459464694 -0.0475278857280938 0.0533193745875876 0.132203009456418
-0.0879541523223942 0.0559390308762199 -0.049543670359023 0.0373706980966344
-0.0609436179851696 0.0708693141908663 -0.125036391138377 0.192050142446107
-0.0295889544794674 0.0969170272524338 -0.00349279259639387 0.365879997024072
0.00917766204975701 0.108971851396296 0.177551131347934 0.386659379756653
0.0183127430299858 0.0877018183126156 0.252448891216174 0.338460754722716
0.0114965306994312 0.0925105467412634 0.196167464910843 0.346876959673416
-0.0334804919732687 0.102002627541343 0.0571599982777016 0.33949649335827
-0.0736321247747819 0.0634960026278115 -0.10109264548287 0.250341296017889
-0.0788001434676626 0.0202229763481053 -0.139357781119658 0.087363047252381
-0.0850393205810741 -0.0298785515843231 -0.103336500085224 -0.00347693763133368
-0.0482919330966931 -0.112125401716484 -0.0192739666283481 0.114989914852733
-0.00413494062706337 -0.199048531467463 -0.155798794304884 0.423047742037631
0.0821796937145556 -0.0246378090111104 0.156176270983808 -0.438698311826778
0.0659389066775139 -0.0803029537283295 -0.0450918752107641 -0.216047007579718
-0.046144134462617 -0.0823512511101242 0.0633211002336394 -0.00198699611369295
-0.104515064537878 0.0165791722302983 0.13806572949609 -0.0416201320081932
-0.0330329714279551 0.0727597598281504 0.145309422981835 -0.218620196708963
0.0245197496101143 0.064460174383823 -0.00137605321396245 -0.355079037350546
0.0711710260708781 0.0389120836088457 -0.155621787317715 -0.363189493220888
0.0810744398028905 0.0461622168702974 -0.231781152446867 -0.339801729482701
0.0763342802062703 0.0596401096450529 -0.193470605357344 -0.359578270647848
0.0224190737216112 0.0886893949516048 -0.044798155190136 -0.346575973563819
-0.0469127434221864 0.0823691356111313 0.087915383338627 -0.222717339707123
-0.123266199592931 0.0231918868377348 0.0325344082137786 -0.0910481769035469
-0.0546715500348425 -0.107006396126723 -0.0284926907886885 -0.162579005247392
0.0862278532701108 -0.0882867194859303 0.0713985615425251 -0.424167993489822
0.107159636142341 -0.00754559379419353 0.435157830625869 -0.567978810340894
0.160235297866884 -0.203099586551724 0.144229937678527 -0.412984962920061
0.0609893020671601 -0.249965341206879 -0.0346580461305469 -0.206750091792525
-0.156622598524032 -0.173890536433982 0.0577871166274316 -0.0277485129726545
-0.253429064797105 0.0519423933959129 0.11061087187696 -0.0436470506797387
-0.127058059731265 0.186789579965624 0.134297984341038 -0.184011922404629
0.00465040249810481 0.208122677515655 0.0122190765921678 -0.302470919250231
0.130540835742387 0.177265441208054 -0.115200382743198 -0.313150370499751
0.164016214990728 0.171801613780391 -0.180178822352056 -0.293944466585761
0.155994689540821 0.201869914932921 -0.158530841050246 -0.301638636637623
0.018989689029506 0.2708688945589 -0.0369228826379594 -0.293353671384477
-0.151477801780183 0.230947718422059 0.0663944661970375 -0.191550172200071
-0.333384340802689 0.0959434913134712 0.00124651553974992 -0.0855055664695559
-0.244563459933948 -0.234211239061585 -0.0648569529332403 -0.180836495323742
0.061740433406039 -0.345965415736526 0.0358225017079446 -0.397045332164337
0.211064520253564 -0.266556761538133 0.360389626982083 -0.506414788622165
0.224724757640684 -0.363060235538777 0.088186821333118 -0.331488686695843
0.0473745370564085 -0.414325925615489 -0.0301331671868447 -0.15429169314369
-0.269836879228532 -0.261995619088869 0.0624503473967282 -0.0467838387565194
-0.393968307919348 0.0856031533549078 0.0827843580488036 -0.0568417418174978
-0.21476507872639 0.289249915313363 0.10090573365263 -0.14118583632561
-0.0190376433786248 0.335184814789803 0.0136623231999787 -0.21279842513814
0.170388897027573 0.295328913157365 -0.0623432299914288 -0.215587495945959
0.222918831152069 0.271183040246285 -0.0996220440581225 -0.203039502509061
0.2154903822481 0.307995027790044 -0.0962160322845657 -0.198333496600078
0.0227830416569977 0.408430627318632 -0.0169356454240726 -0.191978219312653
-0.22194932483685 0.356098537478506 0.0385508931071772 -0.122329953789035
-0.48927848822668 0.179526421183471 -0.0372537131554649 -0.0576463856643643
-0.414996967096812 -0.306330555506982 -0.105263850305527 -0.170986888319125
0.00383010262845013 -0.543257632218376 -0.00468561632329014 -0.321170453968331
0.265754572211508 -0.484259376819925 0.252667515803823 -0.364801597200879
0.263580945986918 -0.48279679028882 -0.00821020567953124 -0.192097503741705
0.0146287257429188 -0.550420107335374 -0.0330094240284694 -0.050112795280655
-0.375842328133345 -0.331099432037623 0.0703184497055016 -0.0459132191150493
-0.504121082707852 0.122420100346035 0.0501643468836012 -0.0652118891263407
-0.278240954817439 0.369811089069988 0.048072681916803 -0.0810952686827139
-0.0399339163893255 0.423802783707859 0.00675653770235213 -0.0891565614125929
0.18632513834213 0.373934534511411 0.000143153613111104 -0.0817513452964791
0.249000333510933 0.3292726212757 -0.00487968424458346 -0.0828983203613078
0.240978381376977 0.362318613236032 -0.0155354668957407 -0.0686209457810896
0.0249596293620368 0.479460013134083 0.0154981682728534 -0.0598613943501937
-0.254573684249996 0.425655142527357 0.0122702298895557 -0.0222380889257135
-0.563316519861396 0.243360454025187 -0.0721887205076361 -0.0083285262792029
-0.519931666448301 -0.315808848856761 -0.13563412850546 -0.135135649688671
-0.0575054992449447 -0.640293347485007 -0.0322843399602293 -0.20717465428186
0.271209728080686 -0.614937438031621 0.134326372132971 -0.170275679514115
0.264022207414563 -0.538870917823435 -0.131774550482078 -0.00684106847567512
-0.0256724215853023 -0.618546677226314 -0.0412800075980468 0.100175581605697
-0.438993498571411 -0.354255012219649 0.0737295802913741 -0.0203532707499005
-0.544456926765423 0.146547259625026 0.00897283098007996 -0.0572067146665916
-0.297052380619206 0.397296457213934 -0.0156912095814527 0.000947389900858544
-0.0493741411156782 0.449877811965286 -0.0027793173049781 0.0581277334164483
0.178013902198944 0.396238238567346 0.062474900221671 0.0702393304826989
0.235601725972852 0.337092088050007 0.0908203941821476 0.0498485562698863
0.224713543273821 0.361822595994126 0.0682103832770939 0.0676688557144134
0.014963387470452 0.471359619594144 0.0511560745842338 0.0791714997621642
-0.250133215417727 0.415628038266916 -0.0107910840345791 0.0864211832238249
-0.536587742659826 0.245322280457991 -0.0985810106901454 0.0462279663845275
-0.512025856256472 -0.280676111587848 -0.147661487635954 -0.0861022882549051
-0.0876572861455373 -0.615661568679834 -0.0411623756347364 -0.0823904606370006
0.23532615328809 -0.632336979733313 0.0265395428479806 0.039375411592728
0.21842891524144 -0.508640264793482 -0.260303447655407 0.197496288786704
-0.0577466744468556 -0.570369772295529 -0.0518557635370058 0.266040482517242
-0.416143092046551 -0.308762888626066 0.0670530298568038 0.0248556693665068
-0.47737072301439 0.140836800830489 -0.032510329868017 -0.0309002535406165
-0.25906410739641 0.34948440318589 -0.0756902670231662 0.0893275154137621
-0.0480497490685057 0.394743009520929 -0.00840175084259609 0.203443611088807
0.143555405168327 0.355402652509774 0.118271242033496 0.215621923671599
0.188564062529421 0.29382846226757 0.172310687803454 0.175658084535534
0.17304039779021 0.308881395456791 0.138297674246472 0.192032935209669
-0.00458562721856396 0.389043819659535 0.0747189120671433 0.20147910793116
-0.214995916247016 0.327632010912039 -0.0355411777504498 0.176076061454637
-0.420116003597227 0.185768044003082 -0.118521344408681 0.0842720446988122
-0.400345715613979 -0.214239149221525 -0.143309040780999 -0.0440208568166923
-0.0797117783094297 -0.491700517654122 -0.036812213910336 0.0208078668485871
0.171643465806114 -0.54934695776658 -0.0613562229472546 0.224112959517042
0.131458014295587 -0.390867716912466 -0.368063290251404 0.382976109705551
-0.0745205946407024 -0.408140265848618 -0.0599475912448798 0.408850018383853
-0.30482252607309 -0.195271301758757 0.0553944412534301 0.0793021222780718
-0.307962919708424 0.107509658522635 -0.0557083762860606 0.00412840272374929
-0.171349715839728 0.230356861464766 -0.114798282029712 0.157474651956497
-0.0387657725164515 0.26888484752389 -0.00854938296600088 0.31266515051534
0.0856192978325507 0.252252648217119 0.159766803362942 0.3266940677027
0.111933806051675 0.206500176958219 0.229002420140951 0.275548871452387
0.0956696830151576 0.213673763329882 0.183342109276178 0.286694755170338
-0.0244154559481069 0.256306373037354 0.0766151868723602 0.289528508168396
-0.15397000709947 0.197351586264388 -0.066462337551111 0.230696524647412
-0.253316324254281 0.0962626857698902 -0.131507026335821 0.0953252897984658
-0.239229434708536 -0.127055518379921 -0.127398534606177 -0.0182024681118353
-0.0583584990867789 -0.308222318241698 -0.0275417461959844 0.0860006788034392
0.0900754913205179 -0.391763101328562 -0.12081174565456 0.353652838474856
0.0210844273176028 -0.200787766705047 -0.432828618119313 0.519895141536796
-0.0767678107068667 -0.170202595718023 -0.0565537076672433 0.505600030935694
-0.138461118872771 -0.0460778876504922 0.0534057398463915 0.131062632933056
-0.0848905050122692 0.0547157467182961 -0.0486734377458774 0.0347799374688809
-0.0592092906329156 0.0711846591201574 -0.124146020509426 0.187960448239314
-0.0280018829385066 0.0968461206854454 -0.00164342525223979 0.363745311971405
0.00973158909656018 0.107939303367175 0.178291117809505 0.381651460768145
0.0170436302077333 0.0866375900968864 0.252304787842954 0.332840025852564
0.00924795729325207 0.0899864358984181 0.19683116676754 0.341687730823613
-0.0326001630361223 0.0995154548269253 0.0575063388737203 0.336556101610261
-0.0707462955770058 0.0621147223965445 -0.0986786904989414 0.248816416615452
-0.0753962603768254 0.0208922557943603 -0.136834701671452 0.0861196609370845
-0.083837902587638 -0.0261314574034311 -0.104375140715823 -0.00187602082687626
-0.0493254461781547 -0.110932918977645 -0.0204444795719389 0.115357824037481
-0.00573336823031788 -0.195984397894052 -0.148596218533056 0.416224248674466
0.0843277098997942 -0.0232565532812967 0.156667619535409 -0.443382871712675
0.0682682995554856 -0.0831930472347695 -0.0466534271093069 -0.21785865786698
-0.047459463115715 -0.0840891141594187 0.0659782092030871 -0.00569812815921548
-0.107918646430771 0.0183367028089538 0.13950498944301 -0.0444367850615196
-0.0340404584232175 0.0739996458477612 0.143123270997578 -0.224368014672683
0.0250683364084079 0.0652114161929083 -0.00700200991041702 -0.362148450959545
0.0720770203325089 0.0392756072784443 -0.163651169286201 -0.369216918078043
0.0839839243472954 0.0460116168087104 -0.239668646050837 -0.34294440484467
0.0792765508391862 0.0603002144349096 -0.200105605965765 -0.363009271393788
0.0239785668873179 0.092278972420037 -0.0479392806453644 -0.3530302731618
-0.048276295578889 0.0847530410234815 0.0900417488097574 -0.226205132096342
-0.126773850201458 0.0243594741654223 0.0337390114837056 -0.0904298047166774
-0.055633573239601 -0.109894962690793 -0.0288147202195004 -0.164307288949763
0.0892732846117373 -0.0896219622369337 0.0711164661396229 -0.432830498792268
0.110139396237292 -0.00683381157519212 0.437094604004293 -0.575856639007454
0.162719212253955 -0.202490995357041 0.144233791785276 -0.418273619268633
0.0638007524755528 -0.254234834650063 -0.0361225782417349 -0.208585875544608
-0.15815004604797 -0.175544069124184 0.0603553422515469 -0.0331581605713785
-0.257482499909646 0.0543707974843012 0.110805198673703 -0.0471583001274718
-0.127970949747724 0.19045728629262 0.132240122808416 -0.189555389013453
0.00658459955398868 0.212606900171857 0.0071319114300359 -0.308321952556666
0.133347672609544 0.179548992025557 -0.122207913679397 -0.318512792463032
0.168759896658916 0.173016969917152 -0.185578376724812 -0.297004390485332
0.161047022702044 0.203907322275194 -0.163217477787545 -0.305205568119936
0.0224351197837261 0.277827634699746 -0.0396331253872125 -0.299438288263352
-0.154715341807088 0.237011476459028 0.0678864897337777 -0.194782410432713
-0.338734634278825 0.100006802168428 0.00214157826332214 -0.0859628005299801
-0.249283714642163 -0.239623226099225 -0.0663870131298842 -0.181817142865472
0.0641409884490639 -0.352325907479542 0.0351347467194944 -0.40539789094699
0.215632238130333 -0.268138026579447 0.364337930251794 -0.514109218951476
0.229336991696549 -0.361771281340221 0.0874012183984989 -0.337545350906244
0.0482017433614726 -0.42073190301862 -0.030741782914772 -0.156441032531871
-0.270239954778547 -0.26285430250142 0.0648604210381389 -0.0533228430023576
-0.397626655273949 0.0895963092007781 0.0827793285489276 -0.0608410172796886
-0.215966667158124 0.294869307348019 0.0974559536598492 -0.147994357856217
-0.0166036317850493 0.341579452104484 0.0101235255312463 -0.21706965468859
0.174808666941919 0.299748618769714 -0.0659156488551139 -0.22006072412596
0.227912842168662 0.273290308478289 -0.102985715112302 -0.20684959391441
0.222394627833512 0.311003934662557 -0.0982768844806753 -0.201085982891772
0.0274852093847888 0.417904555311814 -0.0183775798502254 -0.196303441323661
-0.225269973493804 0.36340685999037 0.0392698142294851 -0.123495031532249
-0.497782521825998 0.185028257363974 -0.0361405933817753 -0.057819907465015
-0.423332997174796 -0.311309703856503 -0.108340772389761 -0.170568095315673
0.00591062723312808 -0.553106344223905 -0.00615052156246453 -0.329070142318737
0.272435454760436 -0.486452516110541 0.255545352521172 -0.371803524984996
0.266825069215679 -0.482862637053442 -0.0111898210766413 -0.197292077041751
0.0154154594157286 -0.559328967114944 -0.0331180898254986 -0.051451759173279
-0.377751259491403 -0.330880793821568 0.0735250637642383 -0.0525171929489819
-0.50944445005489 0.126609794624985 0.0489635869132451 -0.0704519767585869
-0.278807900698658 0.377162349103157 0.0443521161672764 -0.0876179465787475
-0.0356182386853803 0.43291052397259 0.00408158266318495 -0.0908495236708616
0.193081971973615 0.380842464880396 -0.00149936332109906 -0.0839638250435748
0.255156476158025 0.332636839853995 -0.00500804042129231 -0.0867219658526095
0.247014665436631 0.367175971582954 -0.0150208446724458 -0.0693634355258589
0.0313585954826932 0.489586146609388 0.0150218053103168 -0.0623090482636202
-0.255999878868183 0.435369895165079 0.0123536090335797 -0.0213169981459536
-0.568906870104765 0.25030785635779 -0.071764186360945 -0.00847767079468757
-0.527228878564086 -0.319637542229695 -0.139417417941892 -0.132872716894299
-0.0586323014959872 -0.650604494414793 -0.0344201773537365 -0.211660683807639
0.276639827483833 -0.619431406218862 0.13908761628158 -0.17398442430303
0.265950706784599 -0.540201601704257 -0.136635236651305 -0.0114869229479542
-0.0261884197668551 -0.627708493544358 -0.0411151961056991 0.100972860730056
-0.443558864787882 -0.355755008769375 0.0766624683532245 -0.0259977347844908
-0.550017639136935 0.150862665212997 0.00714037770771226 -0.0624133310859138
-0.29649989718411 0.405543883397753 -0.020042821436148 -0.00477497018934927
-0.0454435646094561 0.460552031638253 -0.0039114328388777 0.0599353106114489
0.184358947699672 0.403693415943168 0.0640892841360001 0.0708030493820926
0.241546147176963 0.340262535190593 0.0931173705358201 0.0469335476246434
0.230425856126959 0.365287609249554 0.0713699449681802 0.0684475220410905
0.0196059503657364 0.481189218305597 0.0524799390024264 0.07945414378362
-0.251455630306146 0.424130095847675 -0.0110050086531496 0.0894415582976722
-0.540636705045242 0.252686386026059 -0.0986021003515506 0.0470195041607841
-0.51919625106999 -0.282419736423392 -0.152707933968241 -0.0829058812732655
-0.0882990815894693 -0.627647966469437 -0.0438136048672045 -0.0841041256662194
0.24045680069481 -0.638009549187892 0.0306667839113875 0.038465424275236
0.22023367025593 -0.512247606805431 -0.266937096573292 0.194642075182657
-0.0583521099860125 -0.579441022009061 -0.0514475968387603 0.26883911954505
-0.421042227433132 -0.308291426267017 0.0701336058516386 0.0218366256386205
-0.481582553846611 0.145528486313689 -0.0344348437644542 -0.0351273483394594
-0.25835254953591 0.357292416977917 -0.0798875145769227 0.0852262331702246
-0.0429797380786897 0.40485075585413 -0.00756870315607373 0.207660095794942
0.149717352468795 0.36126635459582 0.122340608117046 0.218200183763644
0.192841929985925 0.29712085282212 0.177189275178523 0.174772365641271
0.176454795984111 0.311665054858539 0.143654026517741 0.193669370502059
-0.00097110957364121 0.396252426968162 0.0776534612238194 0.204568776798274
-0.216232482908142 0.334207121349071 -0.0361861660833007 0.181252291850692
-0.422901919921194 0.192717558362269 -0.119431047966746 0.0856339096230372
-0.406625842088988 -0.213898849140887 -0.148722928812835 -0.040313513023476
-0.0816604130413091 -0.499044402751763 -0.0384256605397883 0.0214860476830128
0.174770214828841 -0.5532209395098 -0.0572144189750674 0.225968075305842
0.132169682474818 -0.394138101541035 -0.376738412574989 0.385382347654416
-0.0767510588155132 -0.413817423953453 -0.059434016994467 0.41404706679769
-0.309100312656671 -0.194990046642659 0.0581100468807036 0.0791088204203122
-0.309997306191447 0.110267881760011 -0.0578996867853285 0.00113519626328673
-0.170898631168232 0.235498019884084 -0.118007574164403 0.156150491371476
-0.0355320712900504 0.276097361955522 -0.00602773883699953 0.319461845152172
0.0897643571657723 0.256784970640937 0.165608872845163 0.330802562366627
0.114232217456384 0.208701128163655 0.235363843480229 0.275624121037531
0.0965009265568332 0.215486121700822 0.18958350449094 0.28954555519576
-0.0232139979183059 0.260136566970498 0.0805333473291708 0.294248917177606
-0.1539052210967 0.200714898908972 -0.066441427464801 0.236183486860747
-0.253379372249401 0.100712213498217 -0.132843282906837 0.09687491525193
-0.241896637352114 -0.125792666671366 -0.132237363016952 -0.0145628426319352
-0.0603064538510231 -0.313138633620157 -0.0285014125438928 0.088361887196408
0.0895398502277106 -0.394529613594653 -0.11524812200724 0.357275516520219
0.0201451904099639 -0.203891218683008 -0.439903506545637 0.523121174098253
-0.0793131936388482 -0.172441347296542 -0.0573254006291404 0.511740958791694
-0.140354505004524 -0.0444927473515773 0.0559930013772912 0.133845922027631
-0.0841738234254367 0.0552023044278028 -0.0496744969969443 0.0332413763186131
-0.0581891507065546 0.0731653397608711 -0.126032648424723 0.189035798019928
-0.0271789216378044 0.0993401324236553 0.00184093230035378 0.371106881246422
0.0118877849444232 0.109633922347633 0.186408778889972 0.386314645544343
0.0166546471837784 0.0880357580640135 0.260037212634148 0.333836759123966
0.00804468148949707 0.0906611174866052 0.204052607639402 0.344998920147563
-0.0323254937432648 0.0994170030573507 0.0625161357728795 0.342123675740791
-0.0693440932602494 0.0623895438900992 -0.0988472031499296 0.254560208483545
-0.073221523213649 0.0221474845068919 -0.138162763197469 0.0876861263754069
-0.0842302799682497 -0.0236435907764362 -0.108103362070224 0.000426327627509922
-0.0521878984353137 -0.112562869795772 -0.0208909990324449 0.118887346871531
-0.00794835670388479 -0.198005264252549 -0.143963779386218 0.421250766139039
0.0886526448154737 -0.0246553918156687 0.150423730508197 -0.458164978965262
0.0693120928282133 -0.0895995510338668 -0.0532111661643126 -0.222164144088044
-0.0507803069401784 -0.0868981594426037 0.0689434295660945 -0.0117091230757122
-0.112928710118335 0.0233524301931059 0.141925672149449 -0.0517454948323513
-0.0342025541484054 0.0778924985853415 0.138337146028952 -0.235558612190169
0.0268097850339304 0.066955561604091 -0.0223368951371595 -0.375197596981678
0.0753936868996789 0.0382220836126736 -0.182944339244724 -0.376646609402883
0.0888020027526367 0.0445859906628844 -0.257946532018313 -0.34602735651516
0.0856989704148626 0.0602280344586015 -0.21794083451291 -0.368164595348868
0.0277071335191374 0.095917467866366 -0.0601281626774766 -0.364364115623578
-0.0492803398849426 0.0902381037234885 0.0884652950355027 -0.236233061526751
-0.131507132662598 0.0288872687312682 0.0330793705539615 -0.0918568851461076
-0.0604427139143773 -0.113615169150519 -0.0335967818776482 -0.168785838360844
0.0922185284974633 -0.0951285426792578 0.0608328851347969 -0.45272403766633
0.115126714323987 -0.0081869903522331 0.434899952225577 -0.602788595878297
0.164802400528124 -0.208170519421081 0.137369842568534 -0.433349805984058
0.0608877271711161 -0.265708295002781 -0.0421325917887182 -0.214203358519628
-0.165142573100113 -0.176656143093824 0.0626261067836745 -0.0411580970756526
-0.264095682256711 0.0644020483143716 0.112063467480501 -0.0546103925572429
-0.126960206613186 0.200480631749748 0.126764459178779 -0.201299772620839
0.0133475342763399 0.220494466003897 -0.00431721192601244 -0.31887917801862
0.143992751081479 0.182263730763115 -0.137931345388763 -0.324901231773459
0.180263689508001 0.172983000286558 -0.20220191340346 -0.301142449735915
0.174208087084263 0.205417747374522 -0.177582006930544 -0.310007063545681
0.0331656902961731 0.288081782050409 -0.0503935381433416 -0.309191247606824
-0.154636436354794 0.250208897549752 0.0660700422119362 -0.202696268176093
-0.347222769572622 0.114317451584423 0.000985416139965569 -0.0882347232311006
-0.263509968398482 -0.242092183217474 -0.073223044056625 -0.184379643291354
0.0596349251420586 -0.366272732207182 0.0248684714231624 -0.422323269491973
0.219072111644527 -0.279338785817294 0.362386075175943 -0.538515135189567
0.228645096010888 -0.373030781516368 0.0797642621788071 -0.350081971486995
0.0418470151152016 -0.437037042309522 -0.0355413411543142 -0.160659662170929
-0.281750756413194 -0.264315130851758 0.0663324827216017 -0.0624367292566254
-0.406141409740095 0.102763505321222 0.0819739800886411 -0.0684273462844368
-0.213506644156696 0.310956310531925 0.0925052153704682 -0.158592731056986
-0.00555597341028737 0.355425726812126 0.00112383818621874 -0.224555431494001
0.190117423162124 0.304857470654648 -0.0765571359363047 -0.225217829784962
0.24459688788897 0.274930334830926 -0.113753537726382 -0.211891633445886
0.239575931383631 0.313770148321222 -0.107124945511212 -0.204182154124879
0.042595517485956 0.433793734699074 -0.0250451066117334 -0.203856123581077
-0.223938769428829 0.384210561794545 0.037633011839776 -0.128033313622832
-0.508081850784748 0.208293537239275 -0.0376005275102585 -0.0588868358947177
-0.444536700373079 -0.310076406278487 -0.11670700864972 -0.171103144416754
-0.00569046707353901 -0.572049618168337 -0.0157175507961853 -0.341241112671068
0.270694448582844 -0.506033191775266 0.257406461451245 -0.389833175812718
0.265462202783295 -0.496555192110961 -0.0190056721904996 -0.206073108980078
0.0030082081929135 -0.577849122279658 -0.0350269947116493 -0.0524256853678309
-0.393444606009317 -0.331695795587837 0.0752726752610479 -0.0621760086033387
-0.518689547019738 0.145754472804194 0.0465922907917516 -0.077547610618333
-0.275132866349525 0.398212484054676 0.0377140613378255 -0.0967204787068699
-0.0219153072825481 0.449844198556763 -0.000293541723070923 -0.0938513977289267
0.211911063408258 0.388834123878293 -0.0049383759408297 -0.0869088059973357
0.273135093101825 0.335592756499575 -0.00871111527102601 -0.0911926564614415
0.266476747661548 0.370844209760445 -0.0159689283852594 -0.0712805016679143
0.0479568061244741 0.506763484981549 0.013600405756431 -0.0659117855703046
-0.254005230936111 0.458562032666068 0.0125077559667185 -0.0212214792437964
-0.578463593509265 0.277957928236969 -0.0730704630767429 -0.00741642740702626
-0.551912728896 -0.319026163180687 -0.14951473247686 -0.129844933379826
-0.0746488719765897 -0.672767447589739 -0.042296429530116 -0.219372189960683
0.273246712832278 -0.641498965481042 0.141206925661252 -0.183984587061949
0.264013874226367 -0.559225616377385 -0.144688266223485 -0.0128887196618343
-0.0418153163614743 -0.648730938068589 -0.03952277004062 0.104282909539631
-0.461643260553837 -0.352992807369633 0.0794037857827006 -0.0338007705541372
-0.561596035222884 0.171795608205795 0.00400770720500504 -0.0687196871441957
-0.292445101220273 0.4280226355111 -0.026453190388658 -0.0104034063972671
-0.0301016216957689 0.479479133091876 -0.00352361208841259 0.0628339254811498
0.203630518591765 0.411984129872422 0.0678676383466737 0.0706296390727918
0.259688757037617 0.344167066616605 0.0969641673266452 0.0432528224959335
0.247440848739085 0.369031973035581 0.0770515942944835 0.0678926928083796
0.0365642783243116 0.498300114345184 0.0565779594795954 0.0798866368199991
-0.248909435691708 0.447241887253554 -0.00867748275506816 0.0942596544774906
-0.547764929680516 0.278418671374738 -0.10078206008969 0.0496580069027715
-0.543390870695723 -0.277908938237134 -0.161575650678618 -0.077444087659923
-0.106458003105314 -0.646366592164136 -0.0482344295996337 -0.085829409855185
0.235949419979899 -0.660953533663952 0.0362558761580469 0.0368373556311877
0.215994284277423 -0.52990223781244 -0.274533861435397 0.201750147999263
-0.0750992448419736 -0.598576184109168 -0.0462442009012046 0.278303803619523
-0.440274638740055 -0.305687566495139 0.0738499237898221 0.0170228376203043
-0.490909099711174 0.163315809182703 -0.0379196689350383 -0.0391365362095712
-0.254498275381153 0.376929079657061 -0.0849954588054307 0.0846860542336642
-0.0294589163867728 0.421750007678915 -0.00213256096564023 0.215490402013632
0.167533291196914 0.370004207903296 0.133892285499302 0.221119658080515
0.206909584068393 0.300733006497669 0.188018481637486 0.172216277292281
0.189120811384635 0.315578061574875 0.155529596848199 0.195015186903262
0.0116292587876028 0.409806657394186 0.0858985252350316 0.209156964213249
-0.214409447816916 0.352065431218833 -0.0313912524425247 0.190354373611487
-0.427161057179371 0.213309021950405 -0.120029645859105 0.0903665685916368
-0.424430728540058 -0.209184341484222 -0.156531474689317 -0.0334216155219857
-0.0963607665502147 -0.514118010922363 -0.0403838968309673 0.0239836197457364
0.166914947154872 -0.570366494196865 -0.0476518520883278 0.231610036648759
0.127473762112611 -0.408458926774289 -0.382818122980941 0.39981954822641
-0.0901063636765423 -0.427563776045052 -0.0511100144881197 0.428847866979779
-0.322293313034182 -0.191231606405396 0.0634084919550215 0.0781832632147551
-0.315104288280999 0.12199567244236 -0.0604565268271312 -0.00026781860561982
-0.167759558328663 0.24844570123439 -0.121159652731093 0.15978571595547
-0.0251242973355108 0.287008586589725 0.00466701441323127 0.331825582019029
0.103221416690578 0.263008317843524 0.183466217403359 0.336484191862784
0.124008170423396 0.212173058824177 0.252417032109335 0.27588393974325
0.103935258242306 0.21859773570205 0.206974075018487 0.293715608001536
-0.0155611657195879 0.269226971272966 0.0933269867813208 0.30216363428148
-0.152504784340876 0.211284696260334 -0.0617792560896368 0.247797026882731
-0.254661053357915 0.111680471674057 -0.134104901464341 0.102729310688087
-0.251456089556728 -0.120608570580425 -0.139108759858258 -0.0082065944476643
-0.0712795068133473 -0.321738246337626 -0.0279239399171433 0.09308834866203
0.0825257462746322 -0.40647822145021 -0.104225692468635 0.369002529847737
0.014500508984833 -0.211035264747081 -0.445849097337105 0.543490334592907
-0.0871737932242664 -0.176281715845699 -0.0446757159133477 0.529750723580118
-0.146228857607895 -0.040462584006086 0.062801306062581 0.137092833141508
-0.0836187988272466 0.0579125737357541 -0.0510817108180342 0.0333976083656705
-0.0566115860238404 0.0769882562777857 -0.126814064114243 0.195669280402637
-0.023327801684561 0.104033316023643 0.0146033721098974 0.383485432330709
0.0163531737320103 0.112929667222738 0.206557676392509 0.393976420147971
0.0187927198777038 0.0905698735689714 0.279590948420245 0.334953069978025
0.00872367453271536 0.0930409268004019 0.222295913937143 0.349179489767103
-0.0307435411837587 0.102024310740192 0.075893069594646 0.352418489024542
-0.0683806828379703 0.0644738321088479 -0.0934905358930737 0.266488644270559
-0.0717271426370596 0.025097768535743 -0.140156572032997 0.0943389424627951
-0.0865089684473907 -0.018923917778458 -0.113787189360076 0.00576970957843641
-0.0582900784442825 -0.114015980726827 -0.0188316049338957 0.124830129625772
-0.014496794841739 -0.203186905974047 -0.131231140735212 0.435300324958486
0.091715496303487 -0.0290844581294248 0.129939495126155 -0.475972471907584
0.0673874168852442 -0.0984288332563072 -0.066808203190177 -0.22479801637969
-0.0575393135759188 -0.0874561321412104 0.0708679353811812 -0.0203804199766742
-0.116716502360324 0.0323351031500584 0.140516701296833 -0.063890585588471
-0.0315082649050994 0.0826666289525684 0.124640889212864 -0.249903380420796
0.0302651066984537 0.0676264710910783 -0.0495750504373296 -0.381794001131817
0.0789738493473531 0.0348898261865545 -0.213556259018386 -0.37353634494292
0.0948599419256391 0.0393553680505922 -0.287169135762523 -0.337699255290123
0.0938754062750366 0.056066843708461 -0.246877201504013 -0.364084939671092
0.0355784639775212 0.098567853843597 -0.0839825905437556 -0.371634334036876
-0.0464379019068185 0.0971359492522627 0.0791145337635896 -0.248648847888662
-0.134031225851922 0.0381494475831601 0.0294383855130076 -0.0945891491418882
-0.068563145362968 -0.115429196366476 -0.043366917984437 -0.171374397315971
0.0914801202098027 -0.103274836644633 0.0345870801981043 -0.469899589449119
0.119372839189809 -0.013935205605331 0.409318775545408 -0.639530217494679
0.160286348279068 -0.219099288835271 0.115984972781686 -0.450607043386236
0.0494700016695241 -0.278054721517931 -0.0542517914740162 -0.216618357213598
-0.177550517958174 -0.172470881453376 0.0622750614898796 -0.0510346404366598
-0.267444903492132 0.0830399616649873 0.109366776832946 -0.0655216961367282
-0.118314350421316 0.213922231890177 0.113517064233764 -0.214820895756575
0.0277093219590665 0.226190945433278 -0.0275003154527767 -0.326830951753125
0.15854447683201 0.178453993798307 -0.1635632292559 -0.324484114129825
0.195551137925552 0.165199919614007 -0.227170416409256 -0.296490592320042
0.192792059689665 0.199252511668392 -0.201750574844273 -0.306246563813899
0.0532586129607607 0.295699931288044 -0.0711118329148958 -0.31570154333447
-0.146451542948238 0.269150875772509 0.0575557910784523 -0.212498140640493
-0.349029825509861 0.139204353882814 -0.00356793783608098 -0.089511984147754
-0.284436525239903 -0.234595922875903 -0.0848132648768401 -0.184378056264785
0.0425105323080573 -0.381055380943534 -0.000881017410047221 -0.438548145906414
0.211079836853871 -0.296886673296156 0.339532084429926 -0.569165778872788
0.217522647582885 -0.389739242383725 0.0597638836243718 -0.364002318068899
0.0193897123186825 -0.451611294552237 -0.0442664821419005 -0.162797261520815
-0.298922059328723 -0.254595957428595 0.0648996846384327 -0.0738721610975722
-0.409228994784039 0.13083192704583 0.0772694549609146 -0.0779806796084044
-0.200800335590699 0.332509231389082 0.0792776399798019 -0.170880737852905
0.0172105879033667 0.36633032070232 -0.0147835320955447 -0.229972232409741
0.215353042224677 0.302287981266911 -0.0940570342773583 -0.225824610654775
0.267702959178228 0.266317842337585 -0.131323751736186 -0.210811172107325
0.265719798304154 0.306171684892176 -0.121710062101629 -0.202536615352536
0.0725233714394469 0.443400813369008 -0.0384186850597672 -0.20882526600879
-0.209561402406515 0.41083009819046 0.0326530857300802 -0.132970960094826
-0.50615252238649 0.245374632925139 -0.0420495858167494 -0.0583033293264051
-0.47623142336214 -0.29497409983015 -0.129246925705918 -0.165916184472431
-0.0367965644854176 -0.589700446663987 -0.0379120823535376 -0.351463981702878
0.254308831995309 -0.530889037377442 0.241630133623534 -0.413380077895291
0.248047951926293 -0.519228512906962 -0.0345175057659796 -0.212382900946269
-0.0279114379758589 -0.594943533616166 -0.0381990446988366 -0.0525583530729894
-0.418084626312906 -0.316411775259081 0.0737652151670902 -0.0739338026790306
-0.521143563779529 0.180622151024559 0.0407911337808338 -0.0862613027322081
-0.258509702705692 0.424228806571017 0.026474681837537 -0.105740423532022
0.00904950591048703 0.464951086101501 -0.0086966121769206 -0.0954750776503767
0.245124171386891 0.386411018627584 -0.011294554827367 -0.0889013994436831
0.301270202015376 0.325297441712386 -0.0162957511042928 -0.0946987377855664
0.296230176536699 0.363238363041531 -0.0202446105642151 -0.0720821016507773
0.0820891514022376 0.518178190524502 0.0100641881043897 -0.0693613208152959
-0.23520122468358 0.48768290372125 0.0130362642281511 -0.0217672630533937
-0.576018674954377 0.320164148477608 -0.0753922457623336 -0.00403067858948462
-0.586050736502617 -0.294840907900568 -0.161576370726647 -0.121231166094559
-0.112050384798381 -0.68906290401816 -0.058171099878331 -0.22373478682579
0.249033848776485 -0.668721219662328 0.136315297946848 -0.198233239442981
0.241088662112593 -0.580605936847378 -0.153552425265116 -0.00871208945986939
-0.0786092020369828 -0.662936967014152 -0.0344851547220012 0.108389147412096
-0.489283566658402 -0.334724816470262 0.0797199567317469 -0.044084087678668
-0.563414367607254 0.207664919331724 -0.00240020121327342 -0.0746880680706884
-0.273954633094501 0.456192168509935 -0.0344567843281611 -0.0142997587804932
0.00267941656988389 0.495062383674152 -0.00143446115812807 0.0651489740009149
0.237956578498035 0.411271989985174 0.0740318862612707 0.0682171127939517
0.287837905730523 0.337164559073094 0.100299268055119 0.0364574875478653
0.277145811050667 0.362367025010157 0.0841900435114535 0.0653900363422694
0.070023494106092 0.508998744402147 0.0631825623159931 0.0783156327633883
-0.230505435275047 0.475333900311569 -0.00186435052610424 0.0995587884215209
-0.542465178398878 0.32049765757843 -0.100660480191008 0.0564522011276971
-0.573042220177943 -0.254062080840241 -0.171523000791893 -0.0656101179470974
-0.144221944745334 -0.659546773010302 -0.0567830992628325 -0.0854024141491497
0.207238630913676 -0.686400543331463 0.0426001805710574 0.0333591194144117
0.19214192964806 -0.551385198315379 -0.275868808690052 0.218244619983754
-0.111826742003643 -0.611872521237349 -0.0314589857165814 0.287565390356593
-0.466002847235195 -0.286258485402586 0.0774784156696781 0.00934521260162503
-0.491337468474867 0.195444136490025 -0.0434966164161342 -0.0418263432780073
-0.237832858500304 0.401536464852647 -0.0883151524264352 0.0862530098791449
-0.00125134947880406 0.436166154336199 0.0104659546625648 0.222709375911759
0.197899033896555 0.369225129989257 0.151809703349426 0.219166312215367
0.230906058417061 0.296313064251199 0.202278896964229 0.16292134352513
0.21258728965141 0.311286676553141 0.173046441423521 0.190200622018074
0.0386374769337654 0.420279440430905 0.10201159234877 0.209363268460622
-0.198944030232595 0.374985573872718 -0.0202291694250494 0.199394227195415
-0.42193420972234 0.243204795325695 -0.118439542449176 0.0992934377175393
-0.445925282904286 -0.189499603225915 -0.165037696152049 -0.0202537311349084
-0.128594085291115 -0.523010625818614 -0.0412572747973693 0.0278811707376869
0.141196819264825 -0.591449902000949 -0.0317768898550696 0.236915354769889
0.106712313481563 -0.423211728230765 -0.377238619347864 0.425823957798033
-0.118402327195172 -0.434284499921048 -0.0276306592259812 0.441852326955206
-0.340110837906268 -0.175389032539557 0.0699636459511279 0.0751971338272461
-0.314377752668265 0.143145207138656 -0.0637542795418423 0.000450742674632902
-0.155811014272151 0.265018092414847 -0.119945817825103 0.167398067124589
-0.00666876554111546 0.29670423551799 0.0249125122505248 0.340358880378631
0.123920190449343 0.262381804426854 0.209935257434134 0.332388657559739
0.138937367038519 0.210728873563862 0.275486648842222 0.264653200953716
0.117816307414036 0.217422601916115 0.231229737744842 0.287491046103014
0.00116973921054493 0.276495488210978 0.115225201955231 0.304883744838935
-0.143585320581605 0.225654596037917 -0.0479059778628164 0.259478532574323
-0.250412060365819 0.12970064123215 -0.131717266056682 0.113313830370815
-0.262871028443299 -0.106097356393841 -0.145766768221762 0.00378467718199941
-0.0919981903072979 -0.325493990574448 -0.024281144441789 0.0984876046979328
0.0615952240150148 -0.41957796903689 -0.0804977911019792 0.380380562960414
0.00200529717801745 -0.217423752695088 -0.432824667035013 0.579636851301939
-0.100275029480728 -0.176212761511757 -0.0165292058870987 0.545463360477985
-0.152524328331964 -0.0315298473444215 0.0735567042474132 0.137860246613462
-0.0813080760246193 0.0628951051605941 -0.051459943602072 0.0351066547745214
-0.0527616160843121 0.082080787679519 -0.121652667583547 0.205254822924285
-0.016222631186447 0.108025729676664 0.0388199704880376 0.393631086433506
0.0246351783482502 0.113818281876188 0.237994280653798 0.390158287068434
0.0242777479688176 0.0920566221781582 0.307578130548285 0.324287243287439
0.0121282636965032 0.094460164305948 0.250189889687161 0.343867132807575
-0.0261202995538763 0.10511963976534 0.101552588861888 0.357833790254003
-0.065069373486322 0.0690379900613853 -0.079045563607957 0.281283409310533
-0.0683350952732228 0.0294668914288006 -0.137738493176085 0.105350058650666
-0.0886960815345701 -0.0112078361822503 -0.118269259281327 0.0158300122159608
-0.0681297544113067 -0.112514542331434 -0.0119500773270956 0.13064557750259
-0.0278890674523838 -0.206660093385686 -0.105342559873282 0.450063017109437
0.0918015011142492 0.0173061961330537 0.324155663248733 -0.380365191430923
0.104590022352724 -0.0592711583474696 0.0317565098297724 -0.231380109520775
-0.0154756938616112 -0.106959423835629 0.0736898270798667 0.0110822571311896
-0.122853473774788 -0.0189578360318879 0.155709069783324 0.00150350098928463
-0.0693923782896544 0.0624626402163866 0.219727997021588 -0.172837089041374
-0.00498944528437644 0.0753016993705839 0.118738627012277 -0.369492168736757
0.0546199991312806 0.0632197647463481 -0.0354098304960345 -0.430305343896824
0.0701411702777436 0.0763533213083014 -0.120126504640439 -0.422444625255526
0.0612340020768548 0.0898883800444473 -0.0748134410855025 -0.429004115996833
-0.00951683819010938 0.104061060994971 0.0758295358514169 -0.369062467611133
-0.0854343154345991 0.0690104471135837 0.173820803983094 -0.191492045250186
-0.137955985260801 -0.0224011583771704 0.063082121358263 -0.0724078135016
-0.0116993960000581 -0.138351825914873 0.038117735299671 -0.177343139720969
0.129971615696665 -0.0617376068473002 0.241333811396525 -0.413211555624015
0.113916962702411 0.0379515295637829 0.663207303948171 -0.385250961072451
0.236612555637497 -0.123393765003881 0.295850650310343 -0.366324708162209
0.164631818318541 -0.231310588478888 0.0371728758809584 -0.214465920142187
-0.0865564405226534 -0.234396411033756 0.0787531835759303 -0.0166088257026866
-0.278238421857173 -0.0360498488951457 0.128411888513505 -0.00883728100245272
-0.203193297710012 0.143373032380548 0.200463987244556 -0.142627492413393
-0.0740220899694688 0.219485359243628 0.119240742649883 -0.309991742069956
0.0680321165865092 0.228915181493711 -0.00928089382870187 -0.364543745757731
0.108603569464755 0.235845840952024 -0.0811661693381448 -0.360408264260414
0.0917460212816725 0.260997226527296 -0.0579653323605432 -0.358298958785541
-0.0727819612827161 0.292508883229789 0.0624825720473391 -0.312535086286367
-0.248563775796294 0.186404163885132 0.133205895850024 -0.168530879431439
-0.373052099192386 -0.0203233095124764 0.0246562283778198 -0.08597560093246
-0.157095641076118 -0.339808175587935 0.00598161299963336 -0.212874168769751
0.202163853050944 -0.334822343405135 0.20231992942967 -0.398225992171477
0.31770459170067 -0.177490263916291 0.572275674356413 -0.350991334019167
0.363586700322057 -0.252431454309027 0.200931333462656 -0.314737320281663
0.212087662451393 -0.402234216965613 0.0223600067717384 -0.156628622199525
-0.161917446827354 -0.36094157192683 0.0911182556811708 -0.0317652618284304
-0.424719842559727 -0.052572451807633 0.105799224923913 -0.0307223820060659
-0.32661249904502 0.214720868478048 0.155903031264072 -0.11379597323679
-0.140271422133633 0.343256108464389 0.0922804054995131 -0.217998690034024
0.0705462233218036 0.366588019231856 0.0137645905756575 -0.246600812157548
0.132119800371279 0.359386472013951 -0.0293699714073458 -0.244375938526124
0.114563911836616 0.387697633755858 -0.0287666049899989 -0.231116147449661
-0.114606062541693 0.437205327012677 0.0453346505781159 -0.202079517305212
-0.365453279898119 0.289584732003328 0.0726455243901722 -0.106375042562036
-0.559654385200731 0.0101508948118466 -0.0289586452799209 -0.0759129608860473
-0.304148107283518 -0.475827967950734 -0.043875855010153 -0.219944337778855
0.219968478033715 -0.556522273047116 0.135899023600573 -0.334617688486544
0.45592641396113 -0.37050678909985 0.413952402595561 -0.253513058494262
0.449970717684508 -0.356471171406005 0.0450145532470066 -0.219106591725322
0.230770386284111 -0.555265463748605 -0.0211679875176389 -0.0493923629960771
-0.243007639675787 -0.46813223996578 0.0998016402832603 -0.0236734147654829
-0.545304782034575 -0.0554863311140179 0.0772639427035097 -0.0510399365890896
-0.417470840600577 0.275687449411271 0.0831354676677965 -0.0752983364038634
-0.188524163157013 0.430369626136997 0.0438333267992192 -0.0934137103095188
0.0629452548804299 0.458562558710532 0.0317195749492592 -0.0868599587925792
0.137118404910322 0.429979900338804 0.0270824676215033 -0.0928399667266756
0.117583858005001 0.451767115977339 0.009470268879492 -0.0716572354809072
-0.135428336964384 0.510035090607863 0.030627326796875 -0.0562759965212591
-0.422531986567327 0.349952347906681 0.00499343004450153 -0.0128466414143535
-0.650740077090693 0.049980067205196 -0.0863064994372334 -0.0426861134794803
-0.404095724181115 -0.522550369362475 -0.094316873128661 -0.194063703913018
0.192412233982824 -0.675540733559569 0.0625060005794288 -0.227175648855638
0.509222296885557 -0.497520312635411 0.223584986251909 -0.106373831230521
0.474846278780838 -0.416877112797362 -0.154861940070618 -0.0861972773122706
0.215409780426127 -0.643084264772775 -0.0874696394199433 0.101679238437516
-0.300728483180291 -0.516309181308242 0.0935830933093848 0.00903902898688883
-0.594557032954416 -0.0463626518393022 0.0334599851446399 -0.0577138313305029
-0.443374058840486 0.296147400545572 -0.0100519531101475 -0.0185702358179311
-0.204356639866468 0.453216948478131 -0.0175365040456946 0.055649379669807
0.0480397979634599 0.478681277518156 0.0428029799757887 0.0916963786653182
0.121144382147836 0.434501933822193 0.0780113953424234 0.0733470418822534
0.101677122957173 0.442450080712925 0.0479930697825298 0.0952670532039193
-0.141485992253252 0.496773703121058 0.0177359450208676 0.0991638053071647
-0.411295588217084 0.341605007021367 -0.0589176822512517 0.0905865619341336
-0.621102258557355 0.0648281678426113 -0.133687877712012 0.00203263581073916
-0.410296856417896 -0.477339018925059 -0.130552214422337 -0.146656927574251
0.149857565946554 -0.662200682767021 0.00145829144841106 -0.100566281866499
0.480599595791949 -0.529579329536772 0.0329322180116135 0.0576074979637607
0.420756261137656 -0.41225963795218 -0.365381438638854 0.0686762911740504
0.162959008289875 -0.610394402904697 -0.159520268749061 0.265457856088519
-0.300772976149381 -0.461535058774385 0.0684726430564029 0.0568370087461768
-0.523984925065337 -0.0288861916812382 -0.0177516342866755 -0.0460473350854791
-0.384457546828158 0.262025243975564 -0.103797986146662 0.0483562410026978
-0.181123697980618 0.39832189025608 -0.0758079872158777 0.204425367093291
0.0306635126735605 0.423163092288418 0.0495516420016925 0.260860356938206
0.0869484191508615 0.372712228138883 0.117813589009671 0.228779608726647
0.0650051838865619 0.36989982480514 0.0775472360036364 0.244858185320953
-0.134168474178177 0.40040237657861 2.41089757198443E-07 0.232924678611597
-0.339364891833995 0.262808057128573 -0.113924542863817 0.173286584967798
-0.479656774026879 0.0471783989617566 -0.164192574564756 0.0343596336281065
-0.322196757302642 -0.362002666146364 -0.144788813143838 -0.0996963072034023
0.104753608754062 -0.528016603587981 -0.0385364672825952 0.00965187017783368
0.380412650763929 -0.471832432229968 -0.12734741461299 0.205837627597336
0.289426146470497 -0.336501706851336 -0.545083652079363 0.218114466667321
0.0807070050673337 -0.453125524144613 -0.218829852936009 0.404608954200121
-0.234250864570076 -0.306542319658395 0.0345664971378612 0.109267801097127
-0.340679464307377 -0.00340493117942578 -0.0551095580633238 -0.0203311800842411
-0.250546453034652 0.172988019294124 -0.172169444643828 0.10533619949508
-0.125906802812297 0.268922249089949 -0.116327401260074 0.319113144057528
0.00734378429292201 0.295336142850821 0.0528153138074049 0.390694423005548
0.0390256010777186 0.254240551486264 0.140556395446171 0.351207334345303
0.0185117147462598 0.245860972024084 0.0896879094981719 0.35593881747783
-0.109702309642433 0.25327377292655 -0.0247586799814612 0.323555857192978
-0.224059797055949 0.148043293702868 -0.159542794844335 0.216343263453664
-0.276342023069506 0.0163445653655284 -0.176083711418133 0.0427501999886659
-0.192644515072487 -0.207237468820598 -0.137679554863105 -0.0637575835249399
0.05325636291093 -0.332451961939112 -0.0589104818133563 0.080915657057502
0.231990242465001 -0.352014663594894 -0.239161778995297 0.310489861664856
0.104558607990377 -0.198340408761156 -0.655653384175956 0.336962144044862
-0.0123678408342351 -0.210955183469137 -0.249442339959166 0.496745283531667
-0.125372974189536 -0.094504360832826 0.0111352987311842 0.161448479215429
-0.0970476752611954 0.0218694805922684 -0.0600436174808628 0.0107160691824574
-0.0784218017543824 0.0518686467819308 -0.197077450730597 0.134948639681603
-0.056039065150168 0.091711431253621 -0.131925716387212 0.373683976455782
-0.0215784399729956 0.116800789575613 0.0518235809795636 0.454517303286266
-0.0164560575620664 0.0959876459244283 0.145088377652211 0.418002736164658
-0.0275211212575218 0.0905812382921824 0.0861341323854454 0.413192564471029
-0.0650911947723065 0.0854571347540771 -0.0560378862419608 0.365017667869718
-0.0852593117344769 0.0366815499367527 -0.19234121936214 0.222245087835896
-0.0715913780683774 0.000721794453073549 -0.171729741403778 0.0361927354376998
-0.0761111579543981 -0.0442230527614351 -0.11791517452509 -0.0367049394290421
-0.0159416455481283 -0.129053210318445 -0.0665746297419746 0.114963147372707
0.0608689910438412 -0.198730843004298 -0.295243175356675 0.359643486238114
0.0922856389550766 0.0116026363623788 0.292356896806487 -0.391449180261095
0.0998829104336684 -0.067105695263996 0.016739333686943 -0.227857326603626
-0.0221507312852051 -0.105247378064247 0.0739511146827664 0.00163045550406478
-0.123002888609969 -0.00886514632632253 0.150486859937735 -0.0117402327343828
-0.0647142776967478 0.0666789910460494 0.201687288281534 -0.183726741699053
-0.000699947603738022 0.0749899774365194 0.0872703347617278 -0.36928144069985
0.0574240842188994 0.0588896902426556 -0.0663461911966364 -0.417347331320966
0.0745445712521713 0.0687517937069295 -0.146906846130027 -0.40222943879085
0.0677278325690733 0.0831531799394516 -0.102486564980428 -0.412454939776088
-0.00161235303321096 0.10391161531602 0.0493862036048459 -0.366695407246258
-0.0806868824412557 0.0745039547488843 0.159210956976681 -0.199219395198384
-0.13650055431909 -0.0129884443635121 0.0570982619987763 -0.0727402631507795
-0.0203161846466938 -0.136211488859786 0.0264477187736328 -0.176029413341976
0.125523866975237 -0.0685230508270978 0.206708408640395 -0.422747461400743
0.115158855142856 0.0318097858038313 0.619913904895151 -0.415136553194278
0.225356578142407 -0.131784267813967 0.263955128469937 -0.375799246175473
0.14816751035994 -0.238181503340028 0.0233289542322963 -0.212179281738081
-0.0978983183796757 -0.223779242653304 0.0773408720064514 -0.0268606556392267
-0.274465747578106 -0.0148895901181883 0.12240443249892 -0.020596133999936
-0.189516874398103 0.155136659210953 0.182854753829829 -0.154239383692589
-0.057264511695251 0.220595956742534 0.0919598816627873 -0.310825187932984
0.0835717529399503 0.219681170415297 -0.0360143060740471 -0.35521652206141
0.123936015258446 0.222447344051994 -0.104892737991916 -0.345440701814959
0.109493692128036 0.247804852316127 -0.0813932667690631 -0.344757705652721
-0.0504467693492723 0.292587334291856 0.0398506319922618 -0.310817520665406
-0.232661881281266 0.200859312352363 0.120370430961456 -0.173805153398358
-0.3659629008808 0.00583217665815923 0.0181169311795676 -0.0840778888945525
-0.175185644493445 -0.324100277077139 -0.00783732433877976 -0.207181846574184
0.179884578442846 -0.340500361335736 0.169229839028776 -0.404196709581619
0.300355373626062 -0.190475292272511 0.534933667437093 -0.376063530877078
0.342465604788489 -0.263428019099932 0.174945382393223 -0.320908121630513
0.18315181394752 -0.40741203865472 0.0117935559287479 -0.155108064650645
-0.176877060461343 -0.341258687921137 0.0883889492917454 -0.0429717609592447
-0.416686812638814 -0.0208028655671965 0.0988150195599588 -0.040765459011933
-0.304269435276189 0.233572990882961 0.13994930471885 -0.125444575566782
-0.112797551665455 0.346290812277534 0.0726181205343743 -0.218999186527656
0.0951253557899417 0.354273104750791 -0.00409918957851781 -0.240402604988761
0.154565143770565 0.34167381341388 -0.046306924573943 -0.236283376385533
0.138981772437662 0.370548121327312 -0.0432953928217069 -0.222521984517237
-0.0811992722549931 0.436606269465954 0.030010758644701 -0.202183853522187
-0.340280623792896 0.310725436844267 0.0652867547109069 -0.109210363819344
-0.543944876088202 0.0489205665029716 -0.0344339774848474 -0.0721835493579661
-0.327935059453557 -0.446273032676593 -0.0578024583264104 -0.210221774578879
0.181803222449244 -0.558691715535897 0.108783120550865 -0.338376488952767
0.424968362178098 -0.387344407708638 0.389297281584537 -0.272651857157733
0.419437415366117 -0.368309151140749 0.0273153733873828 -0.219803175399893
0.19203439554467 -0.557450990886346 -0.0235853621767905 -0.0474750024606286
-0.262502526404514 -0.440460379876254 0.0972968598179776 -0.0346686477650149
-0.533968015593941 -0.0169255794894372 0.06993928669087 -0.0591053283785452
-0.388583311666301 0.297363619721444 0.0703334467639868 -0.084644448501351
-0.153717202253219 0.433607526347588 0.033493514987519 -0.0935109973773878
0.0939697518606099 0.443084809532507 0.0248162965224572 -0.0868655203577093
0.163097006671816 0.409782785254561 0.018426607770844 -0.09252794325835
0.147249803909777 0.431853890624608 0.00557543936672778 -0.0692478976331146
-0.0975343077650557 0.508807648920579 0.0261664901576712 -0.058250803553532
-0.391776971538446 0.373607253863863 0.00571766151010121 -0.0127879031466309
-0.631560974429798 0.0950480928710761 -0.0878086619164757 -0.0360214148903056
-0.427579526726979 -0.484915710406951 -0.107082300512168 -0.180414655538259
0.14847366250057 -0.674294068989211 0.0436440443063774 -0.228170530840078
0.469860634832741 -0.512202106132294 0.213713026302992 -0.118870576044511
0.438514866415518 -0.429448022844867 -0.160346861032492 -0.0785403318404417
0.170173071737272 -0.642366754817912 -0.078828521711504 0.104222201342653
-0.322309542886817 -0.482316551679507 0.093183567896624 -0.00146871490988268
-0.5813914386444 -0.00726845281715067 0.027541409144784 -0.0627277009455971
-0.411843612051093 0.319004541444641 -0.0171701472293095 -0.0238682264500243
-0.166374275540916 0.459201237775314 -0.0163524821500034 0.0558135386451047
0.0826594612812463 0.463972156771411 0.0484976456167507 0.0868967375475451
0.147368137012911 0.415308696014003 0.0799269436119539 0.0654407538577648
0.128286296054036 0.425052353225704 0.0544325278355551 0.0910052123864304
-0.104715074370535 0.495174136419715 0.0246176734263107 0.0948712839182263
-0.380307143337806 0.364053684354751 -0.050300839773987 0.0933254466002773
-0.599498780069253 0.107013287732333 -0.131911504631988 0.0101726847019941
-0.430075884795752 -0.43943848666071 -0.140375377581788 -0.131281329586718
0.107654325171901 -0.657385231047003 -0.00803848175604501 -0.0989448324000254
0.437305404148798 -0.543425291078088 0.0393066964632889 0.0529944834695501
0.385053003233929 -0.424520255437526 -0.356887653499191 0.0851668969060385
0.120689632807345 -0.608145733843999 -0.139629086516482 0.269052349119168
-0.319588675396371 -0.430286990731399 0.0714417863479006 0.0482882686342534
-0.511272115466648 0.00719244933429181 -0.0214130658415561 -0.0475208484624314
-0.356729095558281 0.282408538259908 -0.104445938561865 0.0475697962930713
-0.147624489607417 0.402513440264942 -0.0627765845563304 0.205251845860322
0.0613618288523345 0.410642553277419 0.0668877600193285 0.251972436655972
0.109955329628075 0.357574778653593 0.129725250839011 0.214663682799416
0.0870453884705875 0.356356337573793 0.092518373046405 0.234243193118248
-0.104023158593384 0.4011309128542 0.0167112616851064 0.227337402598896
-0.314280364225089 0.280653607375781 -0.0992923568254026 0.178793653411154
-0.459713908493295 0.0792817206611861 -0.160085931450998 0.0442479934073326
-0.338381759313051 -0.330255404010196 -0.150915609663599 -0.0833152821363191
0.0705146849899989 -0.523443183476872 -0.0387523064637231 0.0123616527314447
0.340618854076007 -0.48140974615285 -0.106542160172641 0.206424952222701
0.260396107747621 -0.34469536176838 -0.522775302936148 0.243181448445594
0.0491453004786277 -0.448292586812785 -0.188545973001482 0.408704473570207
-0.246784339000297 -0.28202867487306 0.0416424170094454 0.103911904594953
-0.331313444671235 0.0189635504754775 -0.0558443136662225 -0.0192337588414411
-0.232506867410036 0.186304775584249 -0.165916791653418 0.108965977140513
-0.102845553182785 0.271466622705425 -0.0942949173606917 0.319788237936157
0.0297293290093549 0.287002793787628 0.079100717398818 0.37770505087582
0.0547134118673772 0.245137719019705 0.160723725084167 0.331941726592047
0.0324340130417802 0.238317876574991 0.113106360368219 0.340981526831455
-0.0896724762263738 0.25410776097915 -0.00104170259292558 0.318672069186364
-0.208163595944497 0.159905606348045 -0.141174022794694 0.223940187062604
-0.265112316966729 0.0345016828014332 -0.170439333695713 0.053138125677344
-0.20054672294571 -0.186378796973132 -0.142264953182899 -0.0495529630413596
0.0299729468507362 -0.32827294664934 -0.0531303603601966 0.0842039198610775
0.203595026879021 -0.35623000107763 -0.207986239771116 0.314949348408409
0.0885964280535708 -0.200000499525287 -0.622939082726849 0.364896772992172
-0.0270523535599492 -0.205676912661659 -0.212268049086892 0.501714837486652
-0.128274505470295 -0.0819644355396883 0.0219174393033154 0.158195912522513
-0.0922452733519822 0.0264424018890649 -0.0575423711247122 0.0123193473298891
-0.0722567148140792 0.0550879578588451 -0.186802873144045 0.141125525779746
-0.0469296987011449 0.0928942163728387 -0.103604040362418 0.374468310513569
-0.0119264861564111 0.114411874527929 0.0826911193612369 0.440063377783218
-0.0108717140517506 0.0946380474792419 0.170211733833005 0.397000257199334
-0.0227849048055463 0.0905205780037735 0.112114797204778 0.396723592416589
-0.0583066353779506 0.0865348100341057 -0.0288408479067394 0.361615800853596
-0.0790787054742416 0.0403560530284216 -0.172210996051002 0.231553675185218
-0.0665553990022738 0.00552333690505287 -0.16486961197848 0.0467971716847514
-0.075775689852739 -0.0347241242220166 -0.120840796004268 -0.0243368470455809
-0.0258236922996656 -0.123840033193646 -0.0582465173200723 0.117820351402617
0.0452386273290881 -0.197123830138907 -0.260222310974569 0.367187269413628
0.0909774795157914 0.00804274194638652 0.2650410766056 -0.390499763912488
0.0949117963935883 -0.0717330769624375 0.00609741044138831 -0.220506548188674
-0.0270724954491526 -0.102828790562921 0.0725155925859773 -0.006391225755663
-0.120481700022508 -0.000591466551128749 0.142198610205522 -0.0206796637254709
-0.0604086828145801 0.0689731075373242 0.183819087315445 -0.186568297856304
0.00248932345804843 0.0735098193205714 0.0633139157420897 -0.361559902500731
0.0586284543370569 0.0550955676529174 -0.0869184493293731 -0.399116690224675
0.0763257372108681 0.0624108383805632 -0.162048924227749 -0.380060989311057
0.0707715576226832 0.0760754291698281 -0.119353587325821 -0.393094032947364
0.00411315853593249 0.101868242361028 0.0295709935612632 -0.358595722030012
-0.0764192125138689 0.0776363314661839 0.145716330422329 -0.200230416347729
-0.133592584712384 -0.00630955063403895 0.0521080742119289 -0.0703572339075436
-0.0262745627537862 -0.132986299990829 0.0178615486493684 -0.171828600185155
0.120412894411328 -0.072561915138087 0.176011434036456 -0.419174641647638
0.114185519681229 0.0269856748401712 0.579685936810231 -0.425277196759025
0.213788911668285 -0.133846191237413 0.237379208954225 -0.375334714698487
0.133336720814567 -0.238115553973977 0.0127926389639185 -0.20588084945959
-0.102977106422391 -0.21295543905375 0.0742849369712787 -0.0348289887499586
-0.265288232935892 0.000595764102807 0.114649923135238 -0.0289907369587586
-0.176221368514213 0.160776199781596 0.165921016889916 -0.159148783302371
-0.0444175340962609 0.217630518141874 0.0700477184761428 -0.304703970479154
0.0923880530614289 0.208545686375465 -0.0531986982989744 -0.34007190839809
0.131339846971471 0.207517060329839 -0.118890529358238 -0.327308531320348
0.119916216268406 0.233121179632766 -0.0941511788471491 -0.32767225579755
-0.033411290003332 0.287042307784719 0.0223225731400246 -0.303951947774572
-0.217823352599966 0.207957483333468 0.109392128633753 -0.174385946726847
-0.354281239630715 0.0233752624190716 0.0130215860978532 -0.0804739846590822
-0.184320922146533 -0.306935213215258 -0.0174413073632167 -0.199569854444611
0.161292836789365 -0.338917964742484 0.141454979714989 -0.401492219316419
0.284610900075969 -0.194476616149254 0.50027886333712 -0.385297747074908
0.319453846428503 -0.264760458652803 0.15177664078489 -0.318703567484488
0.161067335033134 -0.40374059463512 0.00388340150418386 -0.15096276682463
-0.18301982377477 -0.322234531837452 0.0840910362164304 -0.0512396685034976
-0.401730752190773 0.000605899381957303 0.0908475180273944 -0.0476343521468993
-0.28358344012768 0.241177717539062 0.123556443219387 -0.13060250299193
-0.0916039739865079 0.341567430636379 0.0563505750380075 -0.214696277134843
0.112140392364345 0.336919645389058 -0.0162648822306836 -0.23211230733632
0.166961065871771 0.321581134092506 -0.0570350211302897 -0.225081922586791
0.154043463169663 0.350026992671858 -0.0512997943376243 -0.211557092282505
-0.054712550560964 0.427321114396256 0.0190761771110918 -0.19817114759936
-0.316433257618286 0.319528146292019 0.0589742948955462 -0.109191320558432
-0.522664028525545 0.073529917454563 -0.0381381697419715 -0.0671992988002592
-0.335981522108823 -0.418894122423102 -0.0664109400807243 -0.199292273257578
0.152133197235803 -0.551263232934167 0.086196428116541 -0.334151539820994
0.395805814954383 -0.388645259549046 0.365853299553644 -0.280471245297926
0.391030888451948 -0.369969646075677 0.0130450654979006 -0.215937122783867
0.161848346675296 -0.550056858921349 -0.0256951630170336 -0.0457032374360547
-0.268054596299693 -0.412331248982136 0.0934065829829627 -0.0435956674226812
-0.514137830047414 0.0102023982378553 0.0620774348468847 -0.064190798307972
-0.360537459403797 0.308132150443239 0.0570711393450712 -0.0893465553120772
-0.12632205921413 0.428765252741151 0.0245841299485935 -0.0912498631471224
0.116365702103047 0.422221247069326 0.0197586421751539 -0.0845698879032381
0.179717006208613 0.386670362140284 0.0125161714042625 -0.0907155352172856
0.162850236262462 0.408694276545826 0.00335348510529236 -0.0660527599297712
-0.0674463027281382 0.499646147753773 0.0217562944794127 -0.0588314935387477
-0.361805306338557 0.382855686562181 0.00545034217492641 -0.0121086647041945
-0.604272385148883 0.121651287878521 -0.0884611242187854 -0.0300183486647318
-0.43539461738595 -0.451413894113649 -0.113302866607587 -0.16598007076559
0.11492678145012 -0.66183163773874 0.0285442320946898 -0.223992119040674
0.432982478314223 -0.511463506500895 0.204165147834612 -0.125210019517736
0.406931677283298 -0.429438843945527 -0.163187233956862 -0.0722759702600627
0.136788245340194 -0.62857996259167 -0.0725492805661981 0.10362911465406
-0.328052319506869 -0.45170306821287 0.0908645342019224 -0.0106477645502907
-0.559157608048888 0.022056823636235 0.0216261468986084 -0.0656518212116907
-0.381879149956443 0.329853981320359 -0.0253553709014361 -0.02747116975695
-0.136455346182081 0.453076877186146 -0.0160335139531744 0.0565645494213352
0.106175294467241 0.443347303208198 0.0514551045754631 0.0820124294129432
0.163732849933699 0.39413333739063 0.079441726237202 0.0586364833077481
0.143788471540143 0.403852521974255 0.0586495831069646 0.0862038098099896
-0.0759517677266233 0.484956474635758 0.0278863158893854 0.0899643458434427
-0.350632261809531 0.373101330699472 -0.0432041474475093 0.0938846209721194
-0.570376265233509 0.13296103920649 -0.12903398282244 0.0168943241344041
-0.436134597347294 -0.405168442693133 -0.144388026761308 -0.116180661202954
0.0751929915619687 -0.643903247786386 -0.0148737469713073 -0.0955982899714455
0.400830022485476 -0.54142299526407 0.0438976401051443 0.0468285214421007
0.353988546230364 -0.422798502586564 -0.345754886844263 0.093981647185852
0.0879009164216454 -0.594552489588886 -0.123601228511919 0.266569103484101
-0.325628506169651 -0.398990248722959 0.0726605942292516 0.0405666468847811
-0.492215836861311 0.0314935628362711 -0.0243079836789919 -0.0489002089930317
-0.331635958741642 0.291573674711511 -0.105863814753139 0.046281117754847
-0.119752646327403 0.396928318945238 -0.0525035685947804 0.203035447200172
0.0819945501420346 0.391873400723934 0.0782705690185198 0.240330894185181
0.12471334928153 0.339633573269024 0.134791215271202 0.199319734889356
0.100755504382014 0.340495967389359 0.102442198888379 0.222896077229257
-0.0802164489170586 0.393250705165726 0.0279950531615814 0.219601889744244
-0.290105703261964 0.288582318616008 -0.086572674025193 0.178844409812835
-0.43764063002357 0.0987491116563138 -0.153929569754778 0.050190780311745
-0.338872990538643 -0.303124101998993 -0.153168005958646 -0.0685224968690723
0.0449248814471923 -0.511209216519622 -0.039135541292059 0.0140010878113131
0.308745578358591 -0.477623987359543 -0.0894701195184566 0.201216319372545
0.237658040108685 -0.341911089400714 -0.498835296188516 0.252323930819607
0.026112882154379 -0.43719449853185 -0.164204855586584 0.403796519283612
-0.249460514506062 -0.26016467974411 0.0467318958451841 0.0973146603778412
-0.318202128049176 0.0337045803303655 -0.0553517183428149 -0.0185241808648517
-0.215164707753187 0.191331535270095 -0.160883112514804 0.10915517525389
-0.0837502254172173 0.267674693697752 -0.0750285950833148 0.315592438799827
0.0452965819408863 0.274117401365589 0.0971094353483546 0.360998728388822
0.0651718452900443 0.234150932915298 0.171285055968395 0.310929877203944
0.0412967973036266 0.229128694338555 0.127180301592532 0.32407592165322
-0.0745667273057063 0.249333669096876 0.015842289779589 0.309026260816881
-0.192409669070975 0.164907565946309 -0.124979345411567 0.225845669512791
-0.250669973217235 0.0461285388649564 -0.162823106348495 0.0605007636168267
-0.200483338072466 -0.167927063121823 -0.142831293658878 -0.0364540001066858
0.0130626817417219 -0.319058435915138 -0.0484813867723019 0.0848512682317116
0.180649064430266 -0.351403028994827 -0.182409035920647 0.309871873086081
0.0753735640589109 -0.196713844871792 -0.589739594962924 0.378449195380409
-0.0361596153433922 -0.197306939235868 -0.183593338848015 0.495129868662079
-0.126735837983393 -0.0715157233641006 0.0299501867150905 0.152573120874002
-0.0867453083644638 0.0291764409021526 -0.0547123053626619 0.0122908070428323
-0.0664979130378408 0.0567940453053988 -0.177704992634577 0.142746888406728
-0.039649164115208 0.0918775810312858 -0.0817901212666265 0.367892022813497
-0.00504266421965199 0.110008061330835 0.103189394849532 0.420095455740138
-0.0060096834654422 0.0926928578692286 0.183528496198007 0.372845243500246
-0.0189734978406487 0.0888577021617909 0.128368488407035 0.377492781896483
-0.052681696303203 0.0856275530323795 -0.00765994462991934 0.351770428797393
-0.0727854917490252 0.0416113902117587 -0.153815115616353 0.234488264090185
-0.0601557663589775 0.00820651331300329 -0.15711409532198 0.0539223972662004
-0.0733154688791123 -0.0262357171640112 -0.120681549412398 -0.0143995920702627
-0.0324592526302147 -0.117448209175585 -0.051101778525675 0.117409615731799
0.0337406891155671 -0.191854143411025 -0.229357136253558 0.362886111013501
0.0896183035038871 0.00594849306257076 0.244120030303926 -0.387035606860318
0.0908936029228617 -0.0750131898010249 -0.00120263875225045 -0.214394798826475
-0.0308367346673784 -0.100241497217958 0.0704796651127279 -0.0129068203334882
-0.11824012934343 0.00530563529733045 0.134556655573807 -0.0275481101767947
-0.0571950153573847 0.0707688278062211 0.169749938292445 -0.18756376113246
0.00421079797799397 0.0732442775192968 0.0459523941146755 -0.352676538242889
0.059507418394896 0.0524986941482046 -0.100447721890919 -0.384020984349622
0.0774180506896535 0.0568702176498935 -0.170598177588521 -0.362078892833335
0.0725892815723737 0.0701720324668503 -0.128951101721942 -0.375928856487465
0.00851805167444078 0.100022500821205 0.0158301870721102 -0.349920455312956
-0.0729272917691823 0.0800153813098366 0.136374238716838 -0.200579001597669
-0.131803351310417 -0.00141078860430367 0.0491642863220722 -0.0674793855661813
-0.0305681376838906 -0.130915230641534 0.0121238833502627 -0.168479295971972
0.11657620681092 -0.0747487816564513 0.154690843441071 -0.413699381114072
0.112926079398858 0.0240893384119782 0.54773408479038 -0.426527924610993
0.205765781649822 -0.133344171063562 0.217215663684204 -0.371591041183761
0.122988400767393 -0.23751756228332 0.00563250078755801 -0.200237486432829
-0.105670122746302 -0.204832016979702 0.0710546517479837 -0.0415376315568899
-0.257485205328756 0.0110207090577865 0.107080664228686 -0.0343182608153006
-0.166029338835258 0.1642737143281 0.151452167018928 -0.160799236406396
-0.0350611265063082 0.214746120848415 0.0545944957834435 -0.297289966222698
0.0987125617318788 0.199292258632489 -0.0646353868469321 -0.327614792216206
0.136023059886417 0.196618745454629 -0.126921415272285 -0.313075106366764
0.125043234534916 0.221109818154244 -0.101406735804959 -0.313154203256464
-0.020672094725286 0.281271604656809 0.0098159647681778 -0.297133757734337
-0.205891391865056 0.212272064615661 0.10126147800701 -0.174227926516663
-0.343519603056395 0.0352108968758088 0.00964399924072735 -0.0770561828948396
-0.18958783256708 -0.294033115927979 -0.0238262916468187 -0.193740705056579
0.147705440536574 -0.335786348673225 0.121213922836067 -0.395355199308897
0.271994470795282 -0.195440735536273 0.47557050956346 -0.386854292643474
0.306471291333459 -0.261873075132454 0.134096869132189 -0.314812109833116
0.144179382206402 -0.397856527708911 -0.00183263901630089 -0.146859731172993
-0.183618821331382 -0.307705204780379 0.0803729786267354 -0.0583557818249675
-0.388166029167903 0.0145314982953248 0.0830403157603118 -0.0523904561586377
-0.266550808219779 0.246424507615586 0.109801259112405 -0.133445649766809
-0.0758026217495436 0.336997367908558 0.0435167044836086 -0.209115387745363
0.12189734274979 0.323252990010722 -0.0245439916120105 -0.22379217794016
0.174134567470012 0.304925113754863 -0.0638993334082677 -0.215877175850362
0.162798866307176 0.333874241704186 -0.0559877572820455 -0.20308051136141
-0.037655854027659 0.419401128473805 0.0102692710674032 -0.194262736603278
-0.297990347970642 0.324490869559804 0.0548511072020653 -0.108834161943691
-0.505719726212926 0.0897843453606943 -0.0400932967778043 -0.0626996276444275
-0.340994860288563 -0.39729733431993 -0.0721258761011756 -0.189341044429963
0.134772196465172 -0.541663764382893 0.0693187216349315 -0.328354738695947
0.375667812172219 -0.38562998371573 0.348056984043228 -0.283372032247729
0.372956493510655 -0.364793518997871 0.00151406479776482 -0.2116127877712
0.140419970712289 -0.537983750886638 -0.0273516518544859 -0.0434133829557959
-0.269996587982589 -0.393691178484476 0.0893215931422631 -0.0503772464580584
-0.495993656883105 0.0278176126656567 0.0550137345064388 -0.0676962006670527
-0.338954086403832 0.313321745577677 0.0452450173331289 -0.0921729492007964
-0.105591430243537 0.422030498750086 0.017106109371898 -0.0877107575805819
0.130215117957124 0.404515580542361 0.0161620325723951 -0.0822607401615217
0.188377499660646 0.368059099911569 0.00805817264157082 -0.0882812500839234
0.174210385986124 0.391636630315128 0.00234597292617764 -0.0634140640814518
-0.0468280694268687 0.488504348428395 0.0178188960140482 -0.0583023732342054
-0.340072203263242 0.388261604972542 0.00615189839669151 -0.0124671304908562
-0.581243796474246 0.139362758988459 -0.0885010063789877 -0.0251009968862364
-0.437591828761489 -0.424412865796496 -0.116971810820777 -0.154683749702291
0.0937102447347165 -0.648340624340946 0.0169006739339119 -0.21922658306495
0.40655871428007 -0.508717926901293 0.196995023032775 -0.12940950573473
0.384800465384952 -0.424541530858109 -0.165369559018991 -0.0676624123955891
0.112460119875878 -0.616854287857343 -0.0684842578562255 0.103508798611228
-0.328182698857835 -0.42738554705851 0.088731055240475 -0.0173520054598329
-0.539784205259446 0.0401190589665201 0.0165657984179784 -0.0683751843842608
-0.359250438783189 0.33594935164056 -0.0339117041983075 -0.0300976797701558
-0.114435361616287 0.445692388631416 -0.0168176650309249 0.0575473290948511
0.120580055028678 0.423550628581663 0.0540768237961861 0.0784353453961903
0.172508451674491 0.375130764134458 0.0775468848147727 0.0534090492856225
0.154511911222249 0.38751754166746 0.0616831066956482 0.0825297738433124
-0.0566626296331852 0.475820298752605 0.0296095539845693 0.0861774654173992
-0.329022032734701 0.376682057248305 -0.0379142208243904 0.0931530358568055
-0.548050360399144 0.148839454404366 -0.126559531842766 0.0214240741702127
-0.435824139564202 -0.378988559231636 -0.14551579411241 -0.103663394986092
0.053799734414352 -0.629145908031076 -0.020107769892797 -0.0928637615021961
0.372056131395777 -0.534335069964435 0.0476869089476478 0.0412320013134236
0.333347581937905 -0.417510123326025 -0.337812720819978 0.0989344100799011
0.0686702748962918 -0.580987037167323 -0.113000188203756 0.26337254229723
-0.323502358283487 -0.378388369919209 0.0728924127200069 0.0340500850456094
-0.474465064404415 0.0465593005191631 -0.0272279232332525 -0.0500498875564889
-0.310976433021747 0.295686209140913 -0.109364621088747 0.0445730753717937
-0.100214713284909 0.390582756580381 -0.0460131237415649 0.201503573115118
0.0952826111547704 0.376012092224739 0.0857741152210207 0.23089800531327
0.133325585643134 0.323927082776037 0.136147543888614 0.188488642137854
0.109039660624233 0.326302557581516 0.109336659570111 0.213039981016704
-0.0639318144158517 0.386136579516298 0.0349868419303944 0.212514659270786
-0.271771990123618 0.291786949246256 -0.0770523695527095 0.178573246622926
-0.419791956387476 0.110594052201496 -0.149560592250006 0.0555203039607245
-0.338604976046898 -0.281451940368208 -0.153346136435994 -0.0568215367988455
0.0266870626289148 -0.498820597767005 -0.039455786458123 0.0153022536389476
0.286169706354305 -0.471785292964785 -0.0771261897176651 0.194814776223266
0.220867076914755 -0.336552769011177 -0.481955536131383 0.257763828598537
0.0104491422260083 -0.427163320924362 -0.147926066489275 0.398749537608163
-0.247439863362849 -0.243735797849108 0.0498776812618501 0.091994985263934
-0.30593553594642 0.0430966199563256 -0.0546741518641403 -0.0191105264476454
-0.201009257547821 0.193822427428552 -0.158948345733222 0.108005212744772
-0.0700316153289897 0.262298397533815 -0.0634388902177674 0.310507622726944
0.0544216225935175 0.261771652870526 0.108884390509627 0.346989276829108
0.0711363416700705 0.22446646160741 0.175932470266595 0.294395083802395
0.0472900546091013 0.221237710479155 0.135950371934265 0.31101241814336
-0.0642259595668078 0.245357024211766 0.0275564104482299 0.300057662405025
-0.179734406451166 0.166484339284369 -0.112022376811798 0.225574944428977
-0.237607801521483 0.0531251829964585 -0.15737152467892 0.0654228802051774
-0.197860264575344 -0.153499738142083 -0.142358736359774 -0.0260073385280388
0.00240762482446883 -0.308698563335386 -0.0449633673708332 0.0844850328197347
0.163166254438297 -0.34393582553586 -0.163236055241375 0.302897620530718
0.0662966724810658 -0.192721257639935 -0.565444684091509 0.381115199243007
-0.0422855937455958 -0.190543696769759 -0.162491492731269 0.487779762650648
-0.123664790394312 -0.0638727338858526 0.0356233407679592 0.147970668358213
-0.081764687102868 0.0296290427661641 -0.052664720437183 0.0112930712112686
-0.0619610588049182 0.0565811479842642 -0.171624935618602 0.14241407659173
-0.0342530977439153 0.0898878278254926 -0.0662839886601719 0.362341754065775
-0.00128447584079558 0.106001870837335 0.116433459170277 0.404433194812124
-0.00315997837541306 0.0901579636565583 0.190509061874424 0.353346918938716
-0.0165800947511892 0.0882894550244226 0.138613572762654 0.361928796992509
-0.0489798831454451 0.084602129240915 0.00712422345834919 0.342257903229114
-0.0678804016358376 0.0412070687497787 -0.140457083488943 0.235248468716809
-0.0543847044904456 0.00981817949751465 -0.151338059655789 0.059219712027674
-0.0702415248062753 -0.019744026122717 -0.119315956240701 -0.00609328644285598
-0.0364454662334087 -0.112155914467771 -0.0458147209466044 0.116351693679022
0.0254969707327347 -0.186619712156521 -0.207004294263327 0.355446154670102
0.0893921890347643 0.00467493122124805 0.228240167578178 -0.3832691233911
0.087288503567541 -0.0781735839227391 -0.00731719963779666 -0.209722755087192
-0.034508146804176 -0.0981920504596537 0.0687590806253309 -0.0194963825829755
-0.116603303324446 0.0108616471148267 0.127683352862768 -0.0330779677786582
-0.0540150931466605 0.0731877064541745 0.15903024630811 -0.188883329874438
0.00659546419647104 0.0731245531605403 0.0311571803984234 -0.344656773853132
0.0606785095767281 0.0498641820102267 -0.111912175997563 -0.371973407503508
0.0784634943026388 0.0528424416174666 -0.177074458867713 -0.347059134875502
0.07420341855307 0.0657659989696114 -0.13684374591966 -0.363662040274126
0.0123903120698971 0.0987293814646567 0.00304447112579444 -0.344253457072398
-0.0696529679379783 0.0830154790837019 0.12933260471212 -0.20130115779612
-0.130578354924556 0.00313496072746463 0.0467937010136635 -0.0652733178531437
-0.0344717874547739 -0.128943180406066 0.00623596762157768 -0.166192435264
0.114468291784882 -0.0770521693625543 0.138345444650729 -0.409465940651709
0.112445483049672 0.0217082036244846 0.524062182197509 -0.428379266094325
0.200515903292328 -0.133003389320946 0.199716348523903 -0.368808855927056
0.114315910707234 -0.237625517013769 -0.000585535557565516 -0.195990950999326
-0.107760087306922 -0.198211848572935 0.0681670510311819 -0.0486533484290641
-0.250700936574728 0.0206032150427017 0.100366160147953 -0.0385940422520658
-0.157139946557983 0.167467233930927 0.139321164468191 -0.162131302161745
-0.0272102809280874 0.212684269433993 0.041461188624708 -0.290789015270479
0.104157239938061 0.192168118037715 -0.0748429754339814 -0.317950223584082
0.140169316146268 0.187407354422672 -0.133259705691237 -0.301209676247458
0.130829355814716 0.212415836535144 -0.107508743585917 -0.302404583003432
-0.0099357758637428 0.277809769469811 -0.000549269839941506 -0.292070226085093
-0.195419149455656 0.216995261556357 0.095380451046464 -0.173850973151622
-0.335954511834637 0.0455753912554121 0.00694059198044746 -0.0741592200342771
-0.195820801962138 -0.283034318589498 -0.0295505898543437 -0.188801395438647
0.138076317300478 -0.335249673494271 0.103465299536931 -0.392489495417326
0.263351011398592 -0.195888158824289 0.454393518700807 -0.39070784658981
0.294570128471748 -0.259156693771598 0.119140860559452 -0.311432671805313
0.129684627018492 -0.394856039218765 -0.00685334939649221 -0.142929495820601
-0.185284767580426 -0.296706477443494 0.0765877522736994 -0.0658164490507557
-0.377048101959746 0.0278027297708336 0.0758925316407894 -0.0561553119510265
-0.251929804399744 0.250982432257249 0.0969984672481624 -0.135349376020876
-0.0611928078432352 0.332936166879554 0.0338859301535458 -0.204029049016962
0.130661068794046 0.311673116022348 -0.030831264493486 -0.21764487468685
0.18118629780368 0.292986525884012 -0.0691600712041985 -0.209853542354327
0.170589514514316 0.321604396563574 -0.0589466646713523 -0.196782493993038
-0.0224235771397105 0.413916069110133 0.00264898566376469 -0.191436698046083
-0.281930247576252 0.330424831869916 0.050618501916522 -0.108240461170798
-0.49183299751501 0.105504263447732 -0.0417202476469574 -0.0586644720713757
-0.344808346248519 -0.380845707764892 -0.0774001937319686 -0.182333616810951
0.118417269685164 -0.53746495440739 0.0539619953143161 -0.32530671769199
0.359264925428206 -0.384744240659677 0.334577624104969 -0.287604923693673
0.359358552491998 -0.361404503249143 -0.00887214900710807 -0.208079601804116
0.124090625232584 -0.53304129907904 -0.0294512572368778 -0.040883873305611
-0.269889594802344 -0.378850538221955 0.0862746416568807 -0.0581216439714873
-0.482835064106535 0.0414658624410705 0.0488990251668861 -0.0712746906144416
-0.321565523061914 0.31731336019691 0.0335096573385141 -0.0941749802981858
-0.0876530607720568 0.417446709410979 0.0112867690578042 -0.0835574318724602
0.140849814187379 0.390311306916322 0.0140956976584331 -0.0809405049331891
0.196481018192141 0.353185641029684 0.00461774069925883 -0.0867638068286582
0.183143863530331 0.376771886573694 0.00261475669653713 -0.062550736543836
-0.0304813349694697 0.482366950450669 0.0144780085354242 -0.0583295601416755
-0.322217320741377 0.393609613238834 0.00587786208887104 -0.0124874044132065
-0.56494428310802 0.155027329403032 -0.0890518388261166 -0.0201399231556923
-0.440993711332317 -0.404821858099087 -0.120214935084595 -0.14534852519096
0.0733572144050974 -0.640752355632686 0.00705193165184543 -0.215593509702784
0.387447811384034 -0.502920935973344 0.19106508981744 -0.134859274175527
0.370630885352162 -0.419782046998893 -0.169216478191482 -0.0637853930081641
0.0942938763583064 -0.607045281634672 -0.0655608075488194 0.104115508337584
-0.329092719455657 -0.410645657767503 0.0871870496838086 -0.0240436457990422
-0.524794618366897 0.0554312838637912 0.0116636208837709 -0.0711134222515607
-0.340055648014575 0.341080415112908 -0.0428041703889626 -0.0313353977674379
-0.0943575278475105 0.439461448539553 -0.0163298710473572 0.0593436648009177
0.133329000164319 0.409747741159368 0.0565973128423517 0.0754586466607185
0.182538353949511 0.360828747994246 0.0765492384557602 0.0494143622964832
0.163862951500345 0.374775637871896 0.0653665183617956 0.0789264883159357
-0.0373652878791707 0.469303056280025 0.0307416183486064 0.0833647620416328
-0.310974704470472 0.381073027383697 -0.0335822044232916 0.0928679116037621
-0.530038526606778 0.162731269555464 -0.125337900426919 0.0263254081258189
-0.436022495521385 -0.358247705381045 -0.147740714477431 -0.0936857957618213
0.0366695372519898 -0.618931248448186 -0.0254725678465524 -0.0905254796935302
0.352853979112731 -0.530227353745831 0.0502150214787558 0.035517808309145
0.317699555737914 -0.411532339783791 -0.333332229932872 0.103358516686444
0.0488407192764323 -0.570529670054969 -0.104078659901306 0.261916613507766
-0.322550730194272 -0.360889640712412 0.0739507583504071 0.0279271103401388
-0.460694890133056 0.0598508583062618 -0.0295905738979971 -0.0523580369734778
-0.293682829733405 0.300102300352501 -0.113279110721352 0.0437800611088859
-0.0835290001483891 0.385819422320424 -0.040322160428052 0.20130667865521
0.108439305621175 0.362415336945337 0.092949039933072 0.223413494959008
0.13975979482915 0.314180522552544 0.137483220291294 0.179370956279401
0.117472910760557 0.316096791745335 0.115127716091755 0.205993614237405
-0.0501461663429092 0.380485143830891 0.0410285818750099 0.207046463283712
-0.25660969003249 0.295126133152081 -0.0685413338175719 0.178402005628724
-0.403299420830655 0.121637376637539 -0.146591770452488 0.0599522342243169
-0.336599645882969 -0.263545559180816 -0.15438300576597 -0.0460171957182487
0.0129497731194945 -0.489850622112786 -0.0404566981151257 0.0158341055270009
0.265678061100711 -0.464941506027842 -0.0667493988061529 0.187782794921903
0.206241603978893 -0.332554633978305 -0.467636620728842 0.262548718669692
-0.00212873395971511 -0.418676517163907 -0.134670947056572 0.395686347452532
-0.245979245595621 -0.231656095000958 0.0531986643270846 0.0873023153052628
-0.295915856888361 0.0505648798478833 -0.0548913599685455 -0.0216512096290191
-0.189690510799107 0.19540648191834 -0.158332871363556 0.108313812657957
-0.059197855328125 0.258479475260069 -0.0525967094085846 0.308535429544307
0.0622977368288132 0.253094343210318 0.119739363848487 0.335546311490456
0.0765208888627129 0.21745047002808 0.18043270280211 0.28142576153301
0.052878046713431 0.21613523036163 0.144544586435659 0.299266216885653
-0.0545052874371877 0.242818435986242 0.0364744172152545 0.293074574078592
-0.169773535470916 0.16803852790369 -0.101076320486463 0.225988803203113
-0.22683195564842 0.0585494687834193 -0.152789532938085 0.0701338177425148
-0.195616262339437 -0.141524420181506 -0.141776738187533 -0.015819651501924
-0.00735499597185565 -0.302036071949005 -0.0430637534371274 0.0838605497809937
0.149644772222078 -0.339085276414192 -0.147812948953339 0.296647486772799
0.0589487657597666 -0.1895311276706 -0.547100489598837 0.38423847349684
-0.0475540339581549 -0.185769418900548 -0.14511564266655 0.482196115177827
-0.121142211746189 -0.0580973591066315 0.0411389629652659 0.143769322678605
-0.0788772822722925 0.0301757057432249 -0.050875902754051 0.00940352115802767
-0.0583392624439893 0.0566496323070502 -0.167839089896444 0.142425644686369
-0.0298980780353387 0.0879045629066597 -0.0532380637356687 0.35759230497089
0.00202619641902443 0.102194556240908 0.128173751905593 0.391710999454769
-0.000546269468645201 0.0891726097585005 0.196566686832052 0.340061623431434
-0.014540407657455 0.0871719484091807 0.148359309076789 0.350384955037701
-0.0459271330677228 0.0843791045145338 0.0196518099608474 0.335663747634105
-0.0636583502085882 0.0406872862766439 -0.128021771521303 0.235374796427365
-0.0494891833544239 0.00976006767462117 -0.145884750966215 0.0632129809191982
-0.0666330118941592 -0.0139255864460859 -0.118756838270497 0.00189239504179229
-0.0402003089396228 -0.107576367504922 -0.0419613238619277 0.115597286408207
0.0185201539310866 -0.182661510585749 -0.189608676222652 0.350055840351927
0.0865730174132909 0.0275064204948582 0.287637631155421 -0.329814906676221
0.0983280737375009 -0.0588503388283763 0.0310925654060836 -0.199010291753794
-0.0174020357099624 -0.0989394589117502 0.0721233953556523 -0.0121034171820142
-0.112621216004208 -0.00639111708396488 0.125379054276652 -0.0133282330498815
-0.0658409952048534 0.0649636860409511 0.183964475742664 -0.155463975299874
-0.00739275131634191 0.0756787616292029 0.0881650115725855 -0.328615198436357
0.0483789997017741 0.0599303463743331 -0.0400399314342813 -0.380891912870152
0.0675386919113843 0.0663822985916122 -0.104987001447499 -0.364855020842374
0.0594885057895015 0.0779013151960645 -0.063339965787174 -0.372667634019074
-0.0071594882080486 0.098462189163382 0.0674593447811167 -0.327123822361312
-0.0843779577763134 0.0683546158150175 0.160246118039698 -0.166832022071589
-0.126447661701413 -0.0230286919327328 0.0545826093156695 -0.051104945781453
-0.00763521248328419 -0.134363771202709 0.0353381015828683 -0.165549250294447
0.125265306130893 -0.0548885940117832 0.209810014673111 -0.37617072066946
0.104779144534419 0.0455559117739076 0.609251714436809 -0.315379486505321
0.218205271642325 -0.0805018026256335 0.257749940279501 -0.321680366335698
0.150764514109847 -0.204016274485115 0.0400110778264652 -0.182481637722588
-0.0674658409718165 -0.20614913643966 0.0804259710609233 -0.0418336884104675
-0.23723468989513 -0.0213391156939142 0.0993060817966094 -0.0270110746705842
-0.179845768692604 0.135369506920557 0.160535031941454 -0.136065012679886
-0.0632597087329834 0.202259440061149 0.086702387094574 -0.276988080185501
0.065943054174934 0.202385960715288 -0.0147929404379948 -0.32081246588817
0.102663037775068 0.207843230630789 -0.0715792489723415 -0.312806655156147
0.0860382218147762 0.228574774674152 -0.046452199494759 -0.309322884674167
-0.0601895541326833 0.265629999968743 0.0516064298482007 -0.275582785714943
-0.230989921997749 0.173824062682453 0.118287670912407 -0.143265317843243
-0.32814511114556 -0.0230884152997474 0.0100365614291291 -0.0660092167239247
-0.13000336301275 -0.318438999935657 -0.000913351154128482 -0.197910246835764
0.198889031087794 -0.297850187075019 0.179048563783498 -0.367611756724325
0.293661520912705 -0.132794686773188 0.530277585974854 -0.293575718657571
0.332171423556876 -0.18191078907586 0.170554108694546 -0.281397614935035
0.191713968454861 -0.349043116394707 0.0307267190312231 -0.130655128344318
-0.121846568498552 -0.313124615126747 0.0948894978363823 -0.0592528555299896
-0.355021194924957 -0.0365921461124365 0.0788608467828957 -0.0513861819562884
-0.283495737296274 0.196403056078707 0.115365468591446 -0.119720496215621
-0.117558039965249 0.310659298604613 0.0618679865595854 -0.195403421194359
0.0716810826534016 0.32112695253425 0.00888936022463784 -0.214483365658675
0.123055033638622 0.317448871444687 -0.0272894863169934 -0.214130645852904
0.103379246203876 0.340474428390169 -0.020217248274865 -0.197308545344944
-0.0967106319141575 0.392819734359889 0.0337892789099297 -0.176520830396863
-0.335044682451426 0.265474020621126 0.0598591824432297 -0.0842766826361187
-0.487114003655996 0.00236292035176518 -0.0450479012408823 -0.0580326824955716
-0.25524451972651 -0.443410317836804 -0.0541801363149829 -0.201958591557831
0.220813702835569 -0.496941405276819 0.1210457017897 -0.314503599885373
0.423435591386017 -0.294122754466571 0.39271823619775 -0.218777189184426
0.411086510542608 -0.268400049385356 0.0290809356641554 -0.205294878725606
0.207701071269054 -0.482390670622099 -0.00372706419404263 -0.0348906480647179
-0.186421555272391 -0.405190208452907 0.106087317054087 -0.0520320536709905
-0.454387102352701 -0.0424772075233222 0.0560582432223564 -0.0730946847494633
-0.358975407567954 0.24625583438893 0.0470088044232322 -0.092659913984584
-0.157803683067486 0.384372999976781 0.0176500063271566 -0.0843467583098965
0.068438503056697 0.39736779750294 0.0261186823931066 -0.0723703011422061
0.127652491982354 0.379753477294649 0.0199940424005499 -0.0831165736368163
0.104872615092638 0.395837370460606 0.0140854458638299 -0.0570439621702106
-0.117055486319654 0.45709658749836 0.0202898056928401 -0.0461222483057252
-0.386090806975264 0.319373432735185 -0.00217688179347021 0.00187231899773709
-0.564217955469381 0.0341023969949955 -0.100323817678994 -0.028737337060449
-0.341338226927307 -0.483345667528044 -0.106843430416863 -0.172872193187252
0.199851487684927 -0.603433520813635 0.0533149237213155 -0.217167960038211
0.476035136648424 -0.403132730517166 0.21895256552607 -0.100112693270854
0.431615613685868 -0.324594424210107 -0.150960616396376 -0.0961848931889489
0.190182296470557 -0.558941435526366 -0.0605986998088397 0.0985951507765783
-0.237247453673872 -0.44583944410205 0.102814704426675 -0.0197758289652582
-0.495869099481206 -0.0382264510086704 0.0197956710795113 -0.0810424304329174
-0.380596568677336 0.26302929353672 -0.0380832487624993 -0.0465190422070545
-0.167955338917733 0.401966947496814 -0.0348187620087564 0.0491365039689434
0.0576521717131106 0.413457178620589 0.0383411614731257 0.0868560885339412
0.112073443647661 0.383733497728002 0.0633830655299712 0.0601663337367444
0.0856395736919469 0.389089124294753 0.0483208578485397 0.0902378913032094
-0.123378146083944 0.442931677336255 0.00895848700808902 0.0927738209330075
-0.370860833249793 0.308176160261299 -0.0591619100142681 0.0960472297493215
-0.531453216598316 0.0492962869238253 -0.144215418629326 0.00920765023004141
-0.345502713290769 -0.439308796055248 -0.142944058316548 -0.124636408635592
0.158677561800304 -0.589522678370669 -0.00282903929243091 -0.100091185776019
0.44675560967551 -0.434857040985552 0.0449360144892064 0.0388711446756078
0.380457647806139 -0.332194774145836 -0.340280109513359 0.0358496611206699
0.139629698101211 -0.535037710734532 -0.125734348615346 0.24297178447089
-0.241818432769827 -0.399064606404797 0.0796929302812851 0.0293985723315362
-0.437696037744358 -0.0230616098964201 -0.0217184758131897 -0.068685815838637
-0.329601331709637 0.231003572105904 -0.119644942228414 0.0138336781303813
-0.146048732375386 0.351012778988648 -0.081578044433719 0.182883311318753
0.0425664093615534 0.364047287644064 0.0473074461843169 0.237249380797154
0.0803661894203177 0.329597718980309 0.0974925498426727 0.196054906650661
0.052209713845214 0.325303618208733 0.0733530791495273 0.220012747877915
-0.117924240969196 0.355028669497463 -0.00291454498035142 0.211257468596932
-0.302522486838942 0.235088316263122 -0.106605892282004 0.169064182123761
-0.401416929779971 0.0368816235267941 -0.166876063956126 0.0361112597199863
-0.270068086269016 -0.324076046688092 -0.154989911704954 -0.0761716188839158
0.108593449485371 -0.468522141651375 -0.037799334873566 0.00258272445538102
0.349702613424839 -0.39168274899643 -0.102238731869734 0.165783577276451
0.258647365719912 -0.281590998220482 -0.498949259504532 0.165417759575429
0.0638487882959749 -0.400653862473806 -0.181707673613782 0.363516783207391
-0.19293768506046 -0.262482770263094 0.0461975779441024 0.0855767633423893
-0.282737196813355 -0.00462117517726869 -0.0505730363741989 -0.0397898351686935
-0.212543422391403 0.149123271224602 -0.173917171358733 0.0702187166228076
-0.100087780649588 0.233162756230337 -0.110513554315822 0.285531199936614
0.0177033586300447 0.250085874504003 0.052073347937908 0.350347850826753
0.0351533639505773 0.224418087157353 0.119625092447253 0.301618487855031
0.00853104688994899 0.215712988434914 0.0837809584476585 0.314764783531435
-0.0972843086212977 0.221200038134157 -0.021879622927621 0.291522221946075
-0.194368538662373 0.128195745696207 -0.142532382197061 0.204740894920118
-0.221467513574666 0.0113237036152799 -0.168694975093875 0.04167936853761
-0.157449613159336 -0.174221774134793 -0.143863584396607 -0.041399996629131
0.0525063967263786 -0.28971290432309 -0.0548929014563374 0.0705432804575474
0.21196079223654 -0.295041338348011 -0.203369848746138 0.257107750319916
0.0905578742145727 -0.176446345182912 -0.597017942388234 0.270495970801013
-0.0196491152783558 -0.188953360118807 -0.215087628519612 0.441890635788697
-0.106058880321967 -0.0763147652301926 0.0188760038888742 0.141809502980068
-0.07754865850328 0.0128709979357759 -0.0511173107698583 -0.00511969375281751
-0.0633814097167138 0.0400222097996804 -0.189083601315681 0.105520547694612
-0.0426832642015455 0.0747278312015861 -0.117266988705455 0.335451393955284
-0.0140328085559692 0.0961069680070393 0.0503814822635005 0.405285147976941
-0.0168733621506036 0.0857583347465384 0.124386270814937 0.359743416127271
-0.0320241575719488 0.0805887885618851 0.0782259168024014 0.363666522878768
-0.0591959415470936 0.0709177203608167 -0.043673936582541 0.326105379494468
-0.0673342902711632 0.0248142084601586 -0.166288976665281 0.206128736567861
-0.0447517019014704 0.000115439744517003 -0.154734482567367 0.0352197947915354
-0.0599236832135692 -0.0235725082664002 -0.119694845244865 -0.0156506118354171
-0.0181812729606198 -0.108996715772517 -0.0619772800464205 0.103832477173514
0.0531929950159752 -0.172651570334335 -0.257569426957419 0.304367760851754
0.0868076307136712 0.0262550439839634 0.26976480935531 -0.326283926025652
0.0951798903709799 -0.0614015473395604 0.0249661318561136 -0.194055976577189
-0.0203740935396572 -0.0956602008594867 0.0693505230260591 -0.018007087225479
-0.110415919490689 -0.000863367302410222 0.118171547947212 -0.018015448977593
-0.0618475755468682 0.0669506708350954 0.172630751106351 -0.156054707781512
-0.00508993730966712 0.0758757622931736 0.073041306353149 -0.321553533416239
0.0494430466423244 0.0572066876963684 -0.0525343815262969 -0.368038226603498
0.0686966302841779 0.0624310506414233 -0.111041922180004 -0.351586680086115
0.060421343203478 0.0737684881508671 -0.0717584215514818 -0.359939868378982
-0.00318405572000725 0.0964327936565485 0.0556537403414218 -0.320542171543326
-0.0815530665348422 0.0710133001237605 0.15292951218484 -0.167900290901487
-0.124998650895033 -0.018123081772844 0.0524768515228879 -0.0495318256608775
-0.0118922816500848 -0.132480326721251 0.028789287738226 -0.162559819850936
0.122788917675822 -0.056999232549911 0.192160467571338 -0.372521582949598
0.103214051600563 0.0440111539192258 0.582893637238303 -0.318031222742695
0.213120937656377 -0.0803040314341143 0.240302495414315 -0.317623476638417
0.142147544634265 -0.202860896108734 0.0337293723119043 -0.177216365061123
-0.0697458220625291 -0.198351074327064 0.0762229189777319 -0.0490025759814887
-0.230836531805802 -0.0118458532725829 0.0920122462100405 -0.0302909915701772
-0.170170707934364 0.1389436401854 0.148653466313293 -0.137553194382285
-0.0555336530251592 0.200790220743613 0.0731829203456139 -0.270315524946228
0.0708157424734562 0.195358910375958 -0.0249090081093285 -0.311192716167579
0.107242759362778 0.198311454072912 -0.0776047856877125 -0.302690587619731
0.0913826307452735 0.219347348022096 -0.0527706127926223 -0.299320551607007
-0.0503878273572422 0.261339490455324 0.0409890384117414 -0.26954451206518
-0.221129117036597 0.178343868933115 0.111820443681815 -0.143458983507501
-0.320452363828569 -0.0112256722037743 0.0076225920653479 -0.062668114855313
-0.134947287286204 -0.306842154686022 -0.007549500626754 -0.192594884997512
0.187421104268263 -0.295842577573117 0.161319440762693 -0.361900674665477
0.283391584067538 -0.132957084375715 0.508641008142436 -0.297398785122118
0.321634524635718 -0.179682068896611 0.155298786409131 -0.275990915838243
0.178109226613999 -0.34589245523622 0.0260121376979435 -0.126017531164436
-0.123951594805216 -0.30028592096937 0.0903704843110189 -0.0664485489737378
-0.344507159740626 -0.0253120297658802 0.0713019355860388 -0.0546125363309644
-0.269427376080983 0.201196656476551 0.101816796666611 -0.120638679505037
-0.104722195307938 0.30669583638614 0.0525550241527263 -0.190237081676027
0.0798040636212479 0.310011479940059 0.00194112518553666 -0.208562067649738
0.130288271911149 0.304910132092005 -0.0325457760238735 -0.207578356864228
0.111143894348291 0.327356359786969 -0.0232112121137947 -0.192099640067657
-0.0814788574145279 0.385673467404491 0.0265175646867086 -0.173153154849453
-0.320465697731649 0.272280682168968 0.0568366421022712 -0.0845476719886184
-0.472749883431049 0.016560786086408 -0.0470799093940178 -0.0532183819431146
-0.257857471118197 -0.425658978508812 -0.0599669014701128 -0.193702850219387
0.204973686752715 -0.489584598838036 0.104717686532871 -0.309687848894651
0.406908773943738 -0.291800910393431 0.375712482255572 -0.223968767685198
0.396897937811767 -0.265582142923215 0.0186979194821597 -0.200089067455018
0.190247512970768 -0.47413692261342 -0.00557087785894221 -0.031550748095308
-0.18712771531779 -0.389814579182081 0.102346597490669 -0.0595357474599456
-0.439972005861944 -0.0285600205402163 0.0482302116360679 -0.0764517963282248
-0.341733216818337 0.249530903896112 0.0343579768433302 -0.0929152396266495
-0.138784567942867 0.379328541927818 0.0130725338873073 -0.0799914525408236
0.079191147424557 0.383178569946948 0.0244327490734654 -0.0711591646559598
0.135479292148225 0.365796016479044 0.016587527118165 -0.0814955694273519
0.113562787981703 0.380593933448092 0.014189597733592 -0.0555910861626198
-0.0987780577633061 0.449099370098407 0.0165570867070851 -0.0453370167404162
-0.367904467642788 0.323962574023013 -0.000898851958022138 0.00201647544966738
-0.545663834021692 0.05285897910667 -0.100418238598765 -0.0236711224077407
-0.342764301625388 -0.461756952344214 -0.110793582965154 -0.162204355715864
0.180343211848379 -0.593654527418265 0.0419980923511792 -0.213210320094943
0.453662767500249 -0.398577595782327 0.211518920510875 -0.105570912541936
0.415157902110519 -0.321626384803692 -0.154605984156672 -0.0893293105562423
0.171284156658166 -0.549598944881672 -0.0569958262804697 0.100259776871388
-0.237701935062097 -0.42738660705539 0.100832333069413 -0.0277067224272375
-0.479875819563551 -0.0231051083307909 0.0143764063431627 -0.0831170814186825
-0.362398968803931 0.266412547526794 -0.0472601370462138 -0.0467960931636667
-0.148985149127829 0.396179491715916 -0.0339074907138364 0.0513975075880869
0.069655347788282 0.399891842589955 0.0423508859013939 0.0835198507027173
0.120230000465226 0.369796143670751 0.0624214600856773 0.0572888597392721
0.0956143266556933 0.375205472966897 0.0517288029014642 0.0853291833132077
-0.106021921356439 0.434522214766413 0.0107891817722115 0.0902975401522212
-0.35379776187387 0.312574526678631 -0.0538764850213563 0.0956477758693487
-0.513386948211146 0.0638772265574562 -0.141665852636933 0.0151571513164172
-0.346692819811889 -0.416451405418355 -0.14444701235195 -0.112281676703356
0.140175422171602 -0.578217648813341 -0.00885000404293031 -0.0977327379593691
0.423363178467841 -0.429266777246918 0.0466978896708797 0.0326708983259991
0.362846727615926 -0.326965985723287 -0.335135604062255 0.0419392553357438
0.121618626462481 -0.525969469695814 -0.115785653772649 0.241420555922974
-0.242234429196239 -0.380909860563209 0.0802781377169239 0.0219352014240201
-0.423183408113086 -0.010964105131026 -0.0255289382704487 -0.0706425562103935
-0.311445298713106 0.233310890555993 -0.124037706516663 0.0140107224494986
-0.130203766713477 0.344817527404027 -0.0748520653070578 0.182256087733628
0.0522464753988192 0.349513593258881 0.0552533747023281 0.229423635841496
0.0881572620189305 0.317022338957379 0.0989025587200992 0.187334232271612
0.0597817368897893 0.314062515141755 0.0797697432713903 0.211876758153671
-0.103125325798334 0.350112646944262 0.00312387807203496 0.206323437385059
-0.287942603409946 0.238317699331104 -0.0972011269209871 0.168936968958784
-0.386364844986141 0.0464577201896109 -0.162460694185363 0.0416978262747107
-0.268402732855596 -0.305382644547741 -0.154618770864858 -0.065114424534499
0.0960723154348511 -0.457402996101849 -0.039806260107452 0.00342120573134389
0.330044451055936 -0.384836579030772 -0.0925104630759582 0.158539612688862
0.245857806412712 -0.2776779837538 -0.4859112611758 0.171257011923086
0.050590582370581 -0.39268507693124 -0.166751479467818 0.359648789574721
-0.19293856431713 -0.250568914235956 0.0493047091155209 0.0789118012096358
-0.273139215885057 0.00301534435721698 -0.0519493525981636 -0.0413838505222519
-0.201039343885118 0.150144388259181 -0.174362526787101 0.0708542621151956
-0.0896218856567747 0.228326171124045 -0.0988335547755536 0.282376122334316
0.0252770917555394 0.242044214153328 0.0634595143400319 0.33898146332518
0.040793788958528 0.217247638647957 0.123366127146272 0.289831990597839
0.0144510416216498 0.21001880112351 0.0920691915942397 0.303095454895568
-0.0879535144659322 0.218139179522355 -0.011958068107704 0.284303162820831
-0.184219295011695 0.12952732647758 -0.130804754610425 0.204515616987046
-0.211268818261235 0.0166430654796575 -0.163336438710153 0.0478754502246333
-0.154399591487457 -0.162195866148935 -0.1426796488182 -0.0311309708799977
0.0435922954725988 -0.281812944933869 -0.0530872049682254 0.069772593775051
0.195380983953874 -0.290059279494017 -0.187679064802743 0.250012636000548
0.0831971377806777 -0.173711676287778 -0.577511085691118 0.273651389328761
-0.0250649675740808 -0.184200282893936 -0.195999452496679 0.437352498367044
-0.104284556532533 -0.071589472193255 0.024829796713413 0.136471439868312
-0.0745533450548751 0.0134135286392163 -0.0501865369124572 -0.00742590154933081
-0.0600900699667234 0.0396969209016228 -0.184642726186567 0.106023278251406
-0.0390101574829264 0.072678234644842 -0.103958036988293 0.330929677382497
-0.0112061920657977 0.0934929731640052 0.0630477781941761 0.392825797355341
-0.0142184453869194 0.0841344453332633 0.129636143474148 0.345642662094623
-0.0291021152523491 0.0801712665065719 0.0871106300421645 0.349805435820137
-0.0555710750547867 0.0704256679310431 -0.0309775044954696 0.318432748802896
-0.0633484247713969 0.0240978887667809 -0.152964186778327 0.20719647603186
-0.0397592267094971 -0.000289921975569393 -0.148278076152109 0.040340349848677
-0.0560259178933471 -0.0175090791632702 -0.118504516209236 -0.00754912098556068
-0.0214549789258011 -0.103829276087688 -0.058232015392378 0.102757400999564
0.0460249750230438 -0.168950232967379 -0.238937931126621 0.296568084664149
0.0866184360598872 0.0253688032845048 0.256185016613479 -0.31813728099863
0.0926583079765572 -0.0622411218522325 0.0215240504010013 -0.187545634551256
-0.0211519155930194 -0.092907702314316 0.0661112247124768 -0.0227847888196108
-0.107580172851659 0.00270019856794519 0.111393375128479 -0.0198232865004786
-0.0584533562036468 0.0681846772396238 0.162956687209574 -0.155118527609137
-0.00264222612087662 0.0764912131341924 0.0633427984310115 -0.312790533982405
0.0499822385677565 0.0554446401937052 -0.0592104552242816 -0.355705542217272
0.0685341661218301 0.0585371322535908 -0.112734145170071 -0.340020163066526
0.0609432019100014 0.0707156778289783 -0.0746136397011337 -0.349092456407771
-0.000676925517890458 0.0950924084456491 0.0481420315549148 -0.312645130046334
-0.0784923109963974 0.0726388191751635 0.147567061344899 -0.166848731868724
-0.123256579428187 -0.0144747786774655 0.0504807533763577 -0.0472928089971654
-0.0144723607765227 -0.130292710535267 0.0253566500678725 -0.158771467859456
0.120432134565391 -0.057662828625384 0.178509703167157 -0.362863819960759
0.102068298546942 0.0435088469162391 0.561979945051427 -0.313834904702065
0.209309194963238 -0.0779832302760502 0.228168269668796 -0.307679721175287
0.136712883192076 -0.200036015193731 0.0304800265006932 -0.171159695030492
-0.0690467100677764 -0.192059317612906 0.0719961069894736 -0.0539055661794586
-0.223131759173102 -0.0066163250571025 0.0848749648523237 -0.0321658076704636
-0.162251113130002 0.139217182608585 0.137886677491926 -0.13527999820463
-0.0487956040691948 0.198185191790549 0.0650964206094294 -0.262118237387055
0.0731348572896929 0.188655650690229 -0.0303735165259191 -0.301910293948916
0.108538730437048 0.190671448894474 -0.0798505453769641 -0.292896570718239
0.0934660035860722 0.2114782879991 -0.0539829986944341 -0.290134542918293
-0.043148832161952 0.255457883161486 0.0338468184952606 -0.262878335538996
-0.212978652336591 0.179853987088665 0.107317260245469 -0.142229412830137
-0.311758561677634 -0.00470890935028842 0.00576382838526945 -0.0590155307385043
-0.135732325841234 -0.297576649402826 -0.0118998752645053 -0.187000098843402
0.180320945728068 -0.290765807333494 0.149185938693887 -0.35442719765683
0.274926301141044 -0.127965429923274 0.490323877767918 -0.294443078115197
0.314957805311113 -0.175245266713555 0.143778023499481 -0.268042779622045
0.168957986709981 -0.338717406080442 0.0237863749572664 -0.120437774912442
-0.120633990739607 -0.291108572475221 0.0860243216813012 -0.0719653042348687
-0.332820279905333 -0.0180339718785175 0.0644566405727339 -0.0559276650417941
-0.257821706177703 0.20018735989339 0.0906573337015189 -0.119205142446504
-0.0958081285507618 0.301486540622352 0.046579932706363 -0.183334801635291
0.0834593077138309 0.299182439499695 -0.00157215451896469 -0.203185004647506
0.132204439469877 0.294206692191442 -0.0351079490090628 -0.20133534484043
0.114779799330795 0.315470643389187 -0.0238542441436645 -0.186324565826648
-0.0710271914755398 0.378383035603444 0.021384126056634 -0.168809964404233
-0.308611873644818 0.271729894370369 0.0547593124366283 -0.0840061363645738
-0.45896730943878 0.0263843633049484 -0.0480777482659835 -0.049164307999068
-0.257103011312147 -0.409888825820718 -0.0630533610140882 -0.185553994790025
0.19373886022597 -0.48069688491905 0.0938343861304868 -0.301390010641354
0.392965201278123 -0.281948573114572 0.364145720297372 -0.223487883267563
0.387112988205834 -0.257779273890251 0.0112782786128362 -0.192471500668706
0.178712174106826 -0.464023449523208 -0.00516421256721185 -0.0282536937517817
-0.18355461247049 -0.377453860446902 0.0985315909998741 -0.0663238401849136
-0.425915538884668 -0.021593671610712 0.0419905337794166 -0.0775259354368566
-0.327277082034565 0.248268903415667 0.0240403103505978 -0.0919488050422993
-0.127193226684047 0.372411570876169 0.0103732814721184 -0.0762733230165533
0.0838264000548378 0.370275985154731 0.0239038107523168 -0.0698892655030685
0.137907947637064 0.351220466731178 0.0140215887802545 -0.0789380121046543
0.117256468603905 0.368581249402594 0.01484933400261 -0.0559609643419243
-0.086947966445672 0.439394836085572 0.0141154937957253 -0.0437090665215867
-0.353020807408659 0.324794972285303 -0.000157440763401882 0.00173016561953617
-0.527827857300837 0.0600392538878566 -0.0995617759013586 -0.0192195315049664
-0.338420307993801 -0.445275369640247 -0.111861829185338 -0.15351153513807
0.16944786140463 -0.580016982093065 0.0338558330835999 -0.207853264475053
0.439170718402861 -0.387210667939168 0.205119947610933 -0.10788724174848
0.403461264609251 -0.312970435827471 -0.156993698347544 -0.0842523110931305
0.159324407139626 -0.536350836446451 -0.0535355418664059 0.100091625720089
-0.233676163513522 -0.413566781394339 0.0981025836003157 -0.0348704011265684
-0.464864704904208 -0.0160489499368058 0.00895740306927867 -0.0841916012951468
-0.346991165212671 0.265394580746446 -0.0557235031945412 -0.0452754942625548
-0.137962959461184 0.388252797221131 -0.0325679364503545 0.0525861449449541
0.0751026239437112 0.385772435349215 0.0448100691515158 0.0803227752208511
0.125021150138706 0.356578672946676 0.0604666040924519 0.054976780229727
0.0985294042502464 0.364498120038859 0.053692742584776 0.0813298293502547
-0.0948279885329784 0.425148207147202 0.010852854702845 0.0885862938160257
-0.339443492572724 0.312058869942262 -0.0488662081969211 0.0938723753055117
-0.494567685019422 0.0730799382076874 -0.139135882834036 0.0188481569794377
-0.340530374381919 -0.397888009292852 -0.143982141193458 -0.103683736106163
0.130471506861619 -0.564712083216061 -0.0143873269560707 -0.0950522329927816
0.407620455242335 -0.416633524310289 0.0468154734431323 0.0267315587616969
0.351895511983143 -0.318926665982535 -0.330510916462713 0.0441232382987865
0.110346410300393 -0.512958539087735 -0.10837483580503 0.238523368693519
-0.239631703360717 -0.367226458380472 0.0796427335708128 0.0147696096418347
-0.410269734956391 -0.00580382673343464 -0.0283276834672769 -0.0720007230524342
-0.298381517660256 0.230498036395988 -0.12937008462164 0.0151938755293338
-0.120629453354166 0.336217231446261 -0.0693936262683014 0.17991115735879
0.0568747908295406 0.338421977443952 0.0606553838431478 0.221318395631578
0.0909261342414349 0.30675734657235 0.0982852981797253 0.181961850494972
0.0629528697845433 0.304138865293915 0.0824215511468122 0.203355537102403
-0.0937670165811267 0.342224545733413 0.00713023868225716 0.20090862776547
-0.276207327153544 0.237732328001412 -0.0899916786181659 0.166641935044461
-0.37099792176726 0.0509869142811825 -0.158882027127118 0.0455356149771946
-0.261466348797714 -0.292328311904768 -0.152918975184268 -0.0561660332682627
0.086937533031098 -0.44528755102743 -0.0415150493727924 0.00323598779331646
0.314655878890376 -0.373215104477361 -0.0856756424953066 0.150532597431061
0.236250253050864 -0.271890295920277 -0.47512756089352 0.170706099068057
0.0426907178093809 -0.382580095910794 -0.155804519859817 0.353014701374456
-0.189867501194108 -0.240352465007463 0.0511179364905277 0.0723059929123323
-0.264481478095551 0.00599430348712817 -0.0531217320986107 -0.0432786586343214
-0.192895077579325 0.148507218802326 -0.175351983787423 0.0705451952631689
-0.082898501769461 0.222274955669607 -0.0907889425274146 0.27701920808474
0.0281382421377047 0.233166826785706 0.0703154978599986 0.327238805256452
0.0428949543893366 0.210574444889882 0.123394764631931 0.280328685737453
0.0170128851425533 0.204016325157857 0.0959019871391386 0.292017862556621
-0.0820963347137656 0.213991245548835 -0.00488510060890643 0.276683879818958
-0.176356181168304 0.128474945568678 -0.121500203696304 0.202158740094989
-0.201285447740826 0.0181911967169435 -0.158291213566654 0.0509955729761616
-0.149519939372457 -0.153294061887024 -0.139881740056861 -0.023254254236245
0.0375757188027117 -0.27321128321354 -0.052833483088926 0.0679932689942979
0.185938904552243 -0.280051073205262 -0.177161999272726 0.240342875732163
0.0774623403327629 -0.168220948660685 -0.561191257435754 0.271833873595584
-0.0285302593075417 -0.179158660989859 -0.182903000576829 0.427291668768855
-0.102208498008561 -0.0666205924666885 0.0283368210205207 0.130770965692141
-0.0717626706126274 0.0135550892740445 -0.0498949576304567 -0.00991671446300277
-0.057698277623315 0.0385154746383755 -0.18267689158403 0.103799034334479
-0.036869662272867 0.0696366368621465 -0.0943857788912956 0.322523217613639
-0.00944178085301329 0.0898571955083335 0.0715235873912795 0.380276111222459
-0.0123255871228191 0.0824696250211573 0.130302670953775 0.335230726587872
-0.0280841711190961 0.0783418869455205 0.0913906565524845 0.338881233469969
-0.0531914458850331 0.0694129608734 -0.0217182077415183 0.309906919084611
-0.0603513896956247 0.0224350458312222 -0.142925836708924 0.204998197673231
-0.0358801109594101 -0.00143981570612539 -0.142329988532658 0.0431090257069025
-0.0517376022974904 -0.0132952477625705 -0.115293040436879 -0.00113291403638471
-0.0234457618096577 -0.0987334338876303 -0.0562005884431898 0.100172313225993
0.0407941103957834 -0.164321240480639 -0.224433620924633 0.287056887085016
0.0870460903071914 0.0254308574467864 0.251830317593014 -0.30957562326557
0.0920966283532806 -0.062878671207782 0.021528303493687 -0.182482907311119
-0.0204753014004379 -0.0914307363409382 0.0640001130605583 -0.0266523878392908
-0.105720102005527 0.00459447377129896 0.106771041305869 -0.0207208834651764
-0.0572899112197923 0.0690670050994633 0.157467883381478 -0.152701558701138
-0.00109717735877642 0.0770615225522944 0.0582505066620398 -0.305974478861638
0.0503246012095765 0.0552281036906657 -0.0614889983551149 -0.349006203441779
0.0685323516305897 0.0567157248612883 -0.110955874544294 -0.334512088608138
0.0612022254796001 0.0689913388228653 -0.0726643739666425 -0.343404535760683
0.000292554362893917 0.0938414018154478 0.0453451709968708 -0.306774299155363
-0.0776266293230603 0.0737190428890853 0.144717640401896 -0.164356484838288
-0.122240862487854 -0.0121712004528071 0.0502131585898084 -0.044280923073901
-0.0155058615092814 -0.12901916955948 0.0238033879436589 -0.155969139023469
0.119963380006676 -0.0578366170500851 0.17116269236413 -0.355075681844766
0.101958390367222 0.0453120550406586 0.551307495368475 -0.303541847018042
0.208742536728203 -0.0744291484526416 0.220883626657604 -0.298919269658239
0.13507512253695 -0.197959968679409 0.0303116468290422 -0.166007897305323
-0.0659002294442821 -0.188998855817674 0.0694101355304857 -0.0584077169656891
-0.218188032254339 -0.00476789358296061 0.0792488222364439 -0.0322716047126096
-0.158211654696957 0.138230436186786 0.130445079872274 -0.133367504828323
-0.0464857487769177 0.196920825039598 0.061082024569461 -0.256338434442287
0.0733112914627641 0.185420441016307 -0.0314623651864999 -0.295667637284578
0.108170912775286 0.186269841082425 -0.0787560494273686 -0.288251664875246
0.0937031484920111 0.206443622593072 -0.0530136439719155 -0.286149402736843
-0.0399174975083898 0.252499658743963 0.0310974182297931 -0.257669080261732
-0.208943795064765 0.180917287891834 0.105880674807739 -0.14072491759053
-0.306077227837729 -0.00142463980068925 0.00479066523796988 -0.0558672116034394
-0.133862891067862 -0.292793376054944 -0.0127844459303031 -0.182628163946567
0.179701390638727 -0.287042647105838 0.140701443612107 -0.347983129915301
0.272469188076816 -0.120336929715566 0.480852900107476 -0.288774847098385
0.31339947648752 -0.168232831720225 0.138097164371723 -0.259314543075675
0.167222881200059 -0.333426376589948 0.0236004815390773 -0.116323351624787
-0.116140755207882 -0.286700838432537 0.0829505095054225 -0.0771907752236122
-0.324902773662731 -0.0160408360188101 0.0591140902948273 -0.0557965795144052
-0.252449743741335 0.197885590434329 0.0822386939159551 -0.115528453860547
-0.0915943446978064 0.297470345444278 0.04310262952081 -0.17832189023976
0.0841715572186238 0.293871605433221 -0.00145724147558892 -0.19974292578518
0.132922064896458 0.28714012362926 -0.0351516662774779 -0.198439025925125
0.114770283191071 0.308626899468603 -0.0220144902999289 -0.18427832511514
-0.0679576793256201 0.372289620680771 0.0192274783318634 -0.165088473369588
-0.303112989766318 0.272873099163781 0.0542627613199703 -0.0832325505818268
-0.448889721385848 0.0273285691133466 -0.0488421577726894 -0.0463405314758422
-0.25240896514017 -0.402518432717639 -0.0633508252365362 -0.180632054498752
0.191468725822224 -0.471460061070064 0.0877482888184017 -0.29601675812482
0.389120337012865 -0.27072902848369 0.356852921673458 -0.219897738167613
0.385072398135131 -0.249119122458896 0.00728367169958833 -0.186202268947326
0.176886996673219 -0.455436198972441 -0.00497964616212509 -0.0254202707192697
-0.177534768711719 -0.370743083488864 0.094896694606189 -0.0722549658271373
-0.415735368035752 -0.0202198258107775 0.0369275265851699 -0.0779492344452943
-0.320959859985644 0.244664383097132 0.0151450269270923 -0.0893253808089509
-0.123423411761323 0.367071382287282 0.00866085597541542 -0.0722385170241221
0.0847807728395222 0.36383638295921 0.0245719029508964 -0.069416297094959
0.138466632770537 0.345361154030729 0.0133121279141196 -0.077873627026203
0.117906018367215 0.360228696365461 0.0159663260849176 -0.0558899511521246
-0.0831345186203491 0.433267685717725 0.0128138559466705 -0.0419975515797516
-0.344972043935039 0.324203051851413 0.000824436965670624 0.00100542322185708
-0.516474937537026 0.0609497590855497 -0.0992338146096184 -0.0165208890540675
-0.331606604656254 -0.437055548262335 -0.111331393498165 -0.147362920277516
0.168708879172887 -0.571688487399972 0.0288220625355765 -0.203345029315136
0.433285187794831 -0.371872570666928 0.201643770366657 -0.109052810477198
0.400165165405614 -0.302116753993604 -0.158187410549495 -0.0813004993581269
0.156257146901359 -0.52617983827985 -0.051285295495385 0.100659382807628
-0.225036078316113 -0.40759237117345 0.0953200423740508 -0.041093086873019
-0.453589785122975 -0.0153069094764209 0.00510111976066459 -0.0852363461950074
-0.339695753271092 0.261037195326552 -0.0636175872540441 -0.0436817503435316
-0.134536818046505 0.381767329817036 -0.0326863128534982 0.0536521589108535
0.0752321013793126 0.378141326232343 0.0469041542225848 0.0767131581662891
0.124385274744843 0.349115071307782 0.0592225063374276 0.0545666082232653
0.0985678563062851 0.355443103618919 0.0548487938682533 0.0786999657190281
-0.0903771387063633 0.41924493959997 0.0109476773391064 0.0877336643276359
-0.331764222703137 0.31021688961516 -0.0462476675318381 0.092211157167441
-0.48260511097837 0.0720530468534211 -0.137850173874193 0.0212360490264925
-0.332615656662404 -0.390852063548241 -0.142991570170701 -0.0974874503693113
0.130134161016916 -0.555686824931979 -0.0180137163653503 -0.0922461445184289
0.402808182628877 -0.400166341022556 0.046124626903982 0.021445486342328
0.348899578033072 -0.310143497490073 -0.329775267872399 0.0438279553384296
0.107178810511751 -0.502774576246497 -0.105275745521625 0.236192030133936
-0.233173738856868 -0.360379510888391 0.0782460365311089 0.00792175474084572
-0.401725551624721 -0.00450117224997116 -0.0310855902002532 -0.0733055048624977
-0.292328438377209 0.226286247456557 -0.135618756225895 0.0151785738026178
-0.117149111275439 0.329869487998964 -0.0678264036086775 0.178563702399621
0.0569717929219945 0.33042736670854 0.0634942088502357 0.214775551771142
0.0913273727666945 0.300117063348711 0.0969431351242823 0.179409412678015
0.0631636085756757 0.297803202190881 0.0834827038089846 0.198544695040045
-0.0908004228773122 0.33722779224123 0.0079192994185246 0.198914030665917
-0.270384033918921 0.234965322998301 -0.0857023677716713 0.164032508733098
-0.360863934549682 0.0505427855770986 -0.15640965517171 0.0470407438835064
-0.254665704837091 -0.285007893205932 -0.151114943667054 -0.0500149936800328
0.0858363371403838 -0.43780185455735 -0.044504301622687 0.00390284695329656
0.309551325371595 -0.361513401084699 -0.0831923877997924 0.14202507221014
0.233620849833403 -0.262942634338343 -0.471187311043925 0.16727084187603
0.0395045497900639 -0.375208827118654 -0.151381968995676 0.347759009597539
-0.185724714166782 -0.234965247679882 0.0504736868720827 0.0667116943662867
-0.25873941403891 0.00573007468993185 -0.0544323674966957 -0.0457872074459047
-0.188800766450068 0.144994419344442 -0.178720346001289 0.0697761234462861
-0.0817175495102361 0.217359363643144 -0.088381471700919 0.272773726894447
0.027575036783745 0.227859469459906 0.0727440884184582 0.318969559101606
0.0431971864280187 0.20609025621614 0.12198273280904 0.275795985239309
0.0169326078991962 0.200037346636192 0.0967412408396618 0.286608908990555
-0.0791820315770478 0.210670611358829 -0.00143377594003675 0.27239211737571
-0.172253114483233 0.126554297420745 -0.115786458164118 0.199216359873001
-0.194515947933798 0.0166715177744132 -0.15484383249273 0.0520583451636613
-0.143400929962819 -0.147933565209826 -0.137848368697764 -0.0175999111374309
0.0370917117745503 -0.267372021125145 -0.0543693454873249 0.0664210773686596
0.181109456431155 -0.271942074702301 -0.171998343129909 0.230082503315121
0.0757005006712548 -0.163893766113466 -0.555519663863933 0.262586538612175
-0.030237150686777 -0.175390721407268 -0.177722425082819 0.419585165518036
-0.100832842836659 -0.0643015972175134 0.0292678161267224 0.125878316520418
-0.0704216946575724 0.0130393510549417 -0.0501499874131846 -0.0131464568830428
-0.0570268701934381 0.0371299791315686 -0.183972278247217 0.101858933260544
-0.0369791669391573 0.0677083941739154 -0.0920039253037846 0.316863029126138
-0.0100372240133461 0.0877670099758582 0.0729716687174824 0.370728642931815
-0.0123122630022505 0.0804927401182533 0.128788216911441 0.329060470762825
-0.0283032129168449 0.0774795788174035 0.0920030533515781 0.332088869429229
-0.0527166870606849 0.0681293714362528 -0.017991090443005 0.304180542118351
-0.0589400562800256 0.0198916953912598 -0.137090402007438 0.201933640117597
-0.0321623509965406 -0.00342472538186508 -0.138346639352719 0.0444381013067774
-0.0471700435337095 -0.0105234786996308 -0.11351624089223 0.00379576581217177
-0.0244417021785857 -0.0956680975745031 -0.0566943848713082 0.0986900292231812
0.0373632597183425 -0.161089285991752 -0.218428301444079 0.277007742662951
0.0890280663096382 0.0262674884965613 0.252115358213546 -0.30693526792321
0.0934864385685927 -0.0656085306510097 0.0228483177748787 -0.18175515304843
-0.0199390886749736 -0.0925931720662651 0.0628799469899914 -0.0300474335413451
-0.105416154786226 0.00668577691682033 0.103904459505651 -0.0206870706371609
-0.0561642821385291 0.0706670610484624 0.154889381254417 -0.153001762093983
0.000564425404072074 0.0797147521998107 0.0559347711379236 -0.305513067717659
0.0523967858793052 0.0560459394833183 -0.0636031926552621 -0.347664692534811
0.0697412283131471 0.0558821245184526 -0.111763026539784 -0.335482136081895
0.0630468095636539 0.0687019328603429 -0.0712288602078842 -0.344643427328323
0.00107181492960405 0.0952385366314422 0.0453685758217499 -0.30700337529119
-0.0785283352787626 0.0768101378600604 0.14574188726581 -0.165467323438106
-0.122979299783629 -0.0115008422193795 0.0501722684786873 -0.0425190817660499
-0.0159976765861174 -0.130065694902268 0.0226765920816839 -0.156256042262164
0.122625059894433 -0.0584721438881481 0.169890750919962 -0.354332426810695
0.103856724244415 0.0488387929816669 0.553803562833946 -0.297371115960128
0.212792119627652 -0.0716749017233302 0.221078427708956 -0.295380445717623
0.137134356739282 -0.19948217779348 0.0311645115762172 -0.16440746982328
-0.0632526670528088 -0.191591778730419 0.0675218958280481 -0.0631567382336027
-0.217068108941449 -0.00399220395360987 0.0760797871516029 -0.0323556259740439
-0.157707725133272 0.14001985827638 0.126383894323155 -0.131793045340432
-0.0448393923419737 0.198889810575868 0.0590435721519175 -0.255108769242644
0.0751212034458889 0.1859112766573 -0.032940002341493 -0.294933317229642
0.110092170862491 0.186300319400924 -0.0792218128129299 -0.289277798155604
0.0955067987304359 0.206146046954207 -0.051610528778756 -0.287821167623731
-0.0385109993551719 0.253592657199622 0.0304911927101239 -0.257526287343434
-0.209546721286322 0.184338566045543 0.106447789250329 -0.141121383091133
-0.305472507978106 -0.00047182324881443 0.00354091341684238 -0.0531383491480009
-0.133207026927102 -0.295032175351374 -0.0141456333035784 -0.182523618736033
0.183044261864971 -0.287594308700702 0.139191639130658 -0.345790547715004
0.275936521753759 -0.114640852637698 0.482484720109428 -0.283780121490037
0.318794268293203 -0.164204090813235 0.137409790538012 -0.255707568069053
0.169920857844356 -0.334019380861967 0.0244366519860618 -0.114140943780593
-0.112076907116319 -0.288961610946595 0.0807129645770306 -0.0831078646431599
-0.322483720055735 -0.0172219762533896 0.0550070463232961 -0.0560774818803299
-0.25241474468331 0.199043373925998 0.0768934780752072 -0.114525169769108
-0.0904989534822057 0.299454126111306 0.0417858059655757 -0.176482377208248
0.0855642783556995 0.294566742232629 -0.00120076142004363 -0.199997939280152
0.134265117355111 0.28714506225285 -0.0354809070200731 -0.19859198310772
0.116441764754222 0.308560124302442 -0.0209398767842149 -0.185639920488806
-0.0668134092415086 0.373453504560267 0.0181068333853895 -0.163886476319878
-0.302486150818542 0.275045690697194 0.0548684450803163 -0.0837005294487939
-0.448658299146827 0.028930688808359 -0.0500135952753173 -0.0434770723883888
-0.250300483286728 -0.405451642044648 -0.0649046944788537 -0.179044962173771
0.197998418683596 -0.475085338593992 0.083932751626428 -0.295987397459221
0.395337262739735 -0.261958859003188 0.35850279639727 -0.219884882400281
0.392243837145958 -0.244401064842182 0.00466834142431413 -0.183978734404118
0.179872022378775 -0.454906950981257 -0.00342059461908127 -0.0227432951386287
-0.172550905264713 -0.373484544012402 0.0934636887404973 -0.0781339503362467
-0.413923326861515 -0.0216077996768896 0.0330578085479193 -0.0787182325225508
-0.32105150910834 0.245034615851078 0.00794611813927383 -0.0878134731432073
-0.122694240818971 0.368839125619274 0.00746090092966162 -0.0703022639295638
0.0853858173727167 0.363328407788475 0.0265699149846795 -0.071003545337824
0.140449735057297 0.345333841825423 0.0128883375027794 -0.0775821589147409
0.119678999794287 0.360464731701544 0.0175363056159705 -0.0575985285016382
-0.0829309174091322 0.435721229250162 0.0117176431723771 -0.0406530881507894
-0.346364283306432 0.327728303559398 0.00222017997648085 0.000110644810993955
-0.515336881468687 0.0604172118248115 -0.101181167081552 -0.0129590905529247
-0.329715573781894 -0.439694531157579 -0.113151574634804 -0.144998842074517
0.175121338151769 -0.573252095764488 0.0245450644755693 -0.202659209834708
0.437844416758494 -0.363986638858233 0.202235758301029 -0.110834133200739
0.408011384127426 -0.297229088179805 -0.162234937934982 -0.0798224333112997
0.15873332815272 -0.526770333329077 -0.0502226435604783 0.103433907075123
-0.221508721767604 -0.408781723970626 0.0935284527668158 -0.0472023294148759
-0.450939847858789 -0.0173564505713171 0.00154551753820092 -0.0869846603336601
-0.340297721802385 0.262059137735496 -0.0717042820546647 -0.0418097729403454
-0.134234664070795 0.382048214499249 -0.033051612283638 0.0560338466186802
0.0761067917243891 0.377757874637038 0.0497999331751082 0.0750278878185071
0.125725416293417 0.349074043854357 0.0591167546765836 0.0555191111400628
0.0997457240388889 0.355737853643272 0.0556904233150303 0.0776170179424882
-0.0910353448831251 0.421258400426627 0.0104748380870236 0.090099740185163
-0.332291912517618 0.31492652413748 -0.0453037675841309 0.0919851446233364
-0.479687767642461 0.0708959713965409 -0.138583709805019 0.0244524349983597
-0.330091523262436 -0.393194711966991 -0.144320428018278 -0.0937233099339188
0.132958592810459 -0.556756133407764 -0.0226740985290837 -0.091644167177187
0.407127140225393 -0.393352426471117 0.0458246360029855 0.0172557480960591
0.353565853222645 -0.304483424815017 -0.335223292578918 0.0447652261863064
0.107417294673579 -0.502015930132284 -0.104043467650569 0.238205157465995
-0.229183146937758 -0.361732251566552 0.0770146336979864 0.00322228034297173
-0.400302976859058 -0.0067353496660185 -0.0341578723934068 -0.0755367898793422
-0.294001658476182 0.225858882489901 -0.143665855043133 0.0164783520612339
-0.117877867314049 0.330484893135516 -0.0686107610130566 0.180454930148358
0.0565308764091143 0.330371006267932 0.0663759663866859 0.212283703923653
0.0918918562636833 0.300373633330457 0.0976252259953961 0.180648073999161
0.0633048920653692 0.297642344679118 0.0849153452685374 0.197760552552515
-0.0906890568618987 0.339313984602663 0.00863633867762658 0.200196255339246
-0.268685269867518 0.237762068083503 -0.083461200659714 0.164103291354857
-0.357658443845849 0.0493761206705355 -0.156915275737816 0.0498028939707498
-0.251342553197253 -0.285231363961548 -0.15220911818715 -0.0457300459931993
0.0881734404725576 -0.437638072643324 -0.0483939448211436 0.00491190332793159
0.312212279706964 -0.35512320010447 -0.0836477382635928 0.136117026201379
0.236778568965154 -0.25973247071982 -0.477629555577907 0.165155525505708
0.0382851837017605 -0.375316645175192 -0.150601342007739 0.349719905102878
-0.184567454850733 -0.234882257990918 0.0502570776914525 0.063257123519562
-0.258126384220966 0.00473307401185112 -0.0567390123893186 -0.048519984579534
-0.190037920401608 0.145047276161884 -0.185975869573766 0.0701027092942636
-0.0829458897527305 0.216777195099633 -0.0890933817851165 0.27336432884563
0.0270951501126542 0.226953974747505 0.0762844065261252 0.315919422277923
0.0429923362470506 0.205671788330229 0.122773359049123 0.277222738231629
0.0157691919764774 0.20070790918693 0.0983819205061591 0.286118332100527
-0.0802412924336998 0.211297500139387 0.000311245259786763 0.273190698663908
-0.17176098419456 0.125928646988901 -0.113290073509685 0.19998381036827
-0.191239018149022 0.0147506614088809 -0.154195478458851 0.0540063487424824
-0.139905775783551 -0.146439624087672 -0.138868059956086 -0.0129873975719619
0.0377215625278982 -0.266315358190099 -0.0568596284667761 0.0677162353578172
0.181331341623649 -0.268329975305471 -0.171708005166969 0.224087041386574
0.0761480987233362 -0.16284220249034 -0.563142026506356 0.259119509875718
-0.0319985551871842 -0.174435580703301 -0.176863638334994 0.420118791912372
-0.101015863290836 -0.0627479869649146 0.0299922159275105 0.123748201753846
-0.07077507449216 0.0123054749579824 -0.0518231880349157 -0.0160559691318388
-0.0578873092632849 0.0362533013222993 -0.188744154905038 0.101560675438851
-0.0382271220309412 0.0664999018047259 -0.0932031444768043 0.316996170927096
-0.0107779761875873 0.086864742583092 0.0742631120356996 0.369359504533169
-0.0129519475865428 0.0807603619166357 0.129549153935798 0.330171412475798
-0.0286221987032022 0.0783127694884296 0.0929467360114959 0.331717576251405
-0.0532836448428598 0.0681786680345953 -0.0151964950248705 0.304619505051612
-0.0589781750126244 0.0177124000704892 -0.133212471629028 0.202737471477548
-0.0302487791464148 -0.00597642372946761 -0.136216176242858 0.0453304193518404
-0.0440510755532173 -0.00802365862765808 -0.113622562605818 0.0084279871620302
-0.0251871860336982 -0.0945411316365708 -0.0580266492596624 0.0988435249446538
0.0350565997740626 -0.160570286876624 -0.217543600938733 0.271274862044925
0.0908698427981501 -0.0320002764349027 0.0194563461294961 -0.405002252271831
0.0355754322582013 -0.109376699675117 -0.0907024533347249 -0.165093467274252
-0.0709500422826552 -0.0656484811419127 0.0254897706536345 -0.0671127150629688
-0.0793877561791917 0.0655893500405133 0.0664059815324568 -0.0756391741601149
-0.00292564149238693 0.090187784352755 0.0298001792022896 -0.213097207577495
0.0492677032614336 0.0642539852280937 -0.142920014945225 -0.275097499886907
0.0753928808051236 0.0142758999633388 -0.26818279254132 -0.240134153027188
0.0909445142382111 0.000734137574111301 -0.297448606666957 -0.202746020571968
0.0926194851981896 0.0147609346247594 -0.273079238282099 -0.235239285202026
0.0598848030027437 0.0762348747699611 -0.153635924411677 -0.278276083528066
-0.014452085118407 0.112768114473282 0.0169308715012977 -0.224216777201173
-0.109453375909145 0.0672790066337682 0.0173613655763053 -0.0635728271484914
-0.100285361580258 -0.102573200757412 -0.0800357208611377 -0.138535189499428
0.0635071679597442 -0.134793487786064 -0.0886887932682787 -0.388276634951544
0.129540793010287 -0.0316960182219035 0.263109342533046 -0.593218757179922
0.139905442054294 -0.183743586650443 -0.00785649085896741 -0.382501701555568
-0.00493244332324857 -0.240879499271361 -0.0758302111220362 -0.160879266463703
-0.163199607389778 -0.121732772225039 0.00286542359426449 -0.0967826508050467
-0.174897689398167 0.12036015184933 0.0331780742672491 -0.063218771911796
-0.0438072797520298 0.20578048414685 0.0194620651084657 -0.175016223033532
0.0844197645654868 0.187859458394193 -0.108931879762515 -0.233229530295389
0.17294582355347 0.103523584478949 -0.207744748747437 -0.21848485034934
0.204048480728419 0.0814752106935246 -0.243225785191929 -0.184509995766094
0.205647256405312 0.10677545775227 -0.223497406792555 -0.201469304384319
0.126497217904973 0.231475993618267 -0.135178367727284 -0.228666042907788
-0.0549363783172384 0.284266873719873 0.00136626905946057 -0.180246693544389
-0.254407528169606 0.188417166745292 -0.0255267405274023 -0.0435283311760251
-0.304725391512804 -0.167024533683958 -0.124162596002369 -0.134347574201428
-0.0320921877135915 -0.364020902528214 -0.102514316712217 -0.362964801766138
0.170377881920395 -0.277463410891594 0.213525225320066 -0.526919385536325
0.177075824624261 -0.320702668346024 -0.0592479120882463 -0.305770140757015
-0.0553075937147486 -0.36636720256885 -0.0528413081420994 -0.121222006660514
-0.258569901855236 -0.173296391870654 -0.00365864948065362 -0.121235974444096
-0.267567428655885 0.168519756417412 -0.00149278873830391 -0.0661620184531281
-0.085880697399942 0.308235828390441 -0.00970183393919674 -0.126881214556114
0.107673184912276 0.295757646983959 -0.0739775959786857 -0.155814803468331
0.246052881695999 0.183689381601848 -0.120531395285309 -0.160441009710243
0.286966588697739 0.148928037932778 -0.152211540436097 -0.138813848291405
0.28632828687897 0.178089312966963 -0.136354399950515 -0.138251487147499
0.180319876376597 0.348254368895689 -0.0878825126498402 -0.144916654863387
-0.0742753095802316 0.420236042247264 -0.00286158509564786 -0.102356771691935
-0.355004935939855 0.300442365603017 -0.0613981274079206 -0.00180603452256069
-0.47478069967286 -0.185576887963169 -0.160807979464134 -0.0975533837363096
-0.139966339488573 -0.526792027116096 -0.108733804976335 -0.285185272077786
0.173452965902141 -0.476483423025249 0.154491703699257 -0.386635906756235
0.192728168052669 -0.427610020375337 -0.12874325002478 -0.170242055199304
-0.115229091718937 -0.467146619500293 -0.0224186132262019 -0.0339586221403443
-0.356091713798724 -0.207202386247495 0.00456641932082319 -0.124813388516861
-0.342674931346077 0.216257184118706 -0.0365577744354418 -0.0677135188089019
-0.114275824505681 0.38635176091043 -0.0493158510386024 -0.0602314965414398
0.122266883155759 0.371368212842228 -0.0357244789908434 -0.0473142137097348
0.288456322229968 0.23865149867977 -0.0163248690722097 -0.0739058954962864
0.327735018647972 0.192636795315406 -0.0383198132980582 -0.0706425744526867
0.321874814283523 0.220339348951982 -0.0259529332846079 -0.0584937604128834
0.204867435248898 0.408078139130273 -0.0163529541557214 -0.0399946356624067
-0.0771799534890113 0.490334096142328 0.00836366677559201 -0.00227064208042968
-0.389417706694519 0.369117331453301 -0.0830613015893331 0.0537832922960555
-0.564224931693139 -0.16350269448261 -0.176034701503457 -0.0388036993985945
-0.222466462592034 -0.593712451265528 -0.0944045928723679 -0.172129572137181
0.144502414082546 -0.586757050367824 0.0968505296752567 -0.195169199314801
0.175188664187756 -0.478269889288744 -0.205022492665856 0.0149774834671431
-0.172540631167614 -0.511074522792918 0.0139391370425153 0.0951246226850017
-0.416811980960325 -0.207065639172074 0.0219403811968493 -0.0990494760352788
-0.370970795714639 0.242836898888617 -0.0684384001243366 -0.0543345823566044
-0.120901611089316 0.410689301792541 -0.0864651542837982 0.0258287378502579
0.120741126253584 0.388811417585495 0.00930362072968496 0.0793247408941498
0.288858774533956 0.25526741473517 0.0937525808553997 0.0302306996841472
0.318325883750862 0.205444249444603 0.0813009898701557 0.00806027509843067
0.303680654854112 0.229018329716201 0.0893109087544372 0.0271756034088098
0.190095602918873 0.402091826726403 0.0639245147939468 0.0662879687734271
-0.0743327831254431 0.470092207576458 0.0268794945771973 0.100655382112177
-0.354511329868921 0.354885775959714 -0.0912501882119698 0.10750065507575
-0.531618964554146 -0.121830108341018 -0.168000669298212 0.0224433892015774
-0.244260116855978 -0.551312003904266 -0.0620436343623293 -0.053685457401893
0.0950547756308262 -0.588740144528659 0.0522353978204752 0.0082771497381361
0.123780284773726 -0.454199193651064 -0.26931930273825 0.222866617450971
-0.19806678466932 -0.460850402009256 0.0521869637304515 0.238068190525765
-0.3951299329632 -0.162142680337687 0.0415649612679023 -0.0458239590032241
-0.324073767841572 0.221251687845379 -0.0889348424446877 -0.0253302409095318
-0.104639558513611 0.354581324280899 -0.108305787321625 0.115544046381909
0.102556637171002 0.337534584382266 0.0566649251872448 0.199210161779143
0.245125572086648 0.228619950080784 0.192012700346378 0.130350795899654
0.260534096362244 0.186813110125645 0.189714698190289 0.0853381569335557
0.238498667770654 0.205681772592664 0.188581285102865 0.106339323343459
0.139482997596347 0.33493832941992 0.131873162741607 0.156734576123659
-0.0718724674204344 0.366139133854049 0.0404315612314487 0.182597568877321
-0.265763324085919 0.260053395292635 -0.0903179673751174 0.138944846588029
-0.395003106402024 -0.0800461579351596 -0.144701691621497 0.0659197691703877
-0.207244509080762 -0.420801729000355 -0.0240234699912968 0.0396754338554051
0.0363623872330198 -0.493323445805677 0.0226599079988571 0.183296714188795
0.0495376665621937 -0.347581617257804 -0.306688839149033 0.413528417953453
-0.181042524566699 -0.318870421965996 0.0849677901671674 0.361022457308187
-0.283339407564904 -0.0829608449226458 0.0633142318173165 0.0207331750155009
-0.204436790313975 0.151045731512266 -0.085860165112937 0.00525858185745618
-0.0681033311768892 0.22884995886303 -0.109911582667266 0.179691452190534
0.0632129962308731 0.224733626625407 0.0969891886901029 0.282252105451329
0.159232942148445 0.164259847150285 0.262913128333158 0.208719266007208
0.16245138811531 0.140773121913967 0.269685040791293 0.147909888260756
0.139673154344826 0.156572780449993 0.255222379129551 0.168844410635192
0.0684682444935556 0.224250401278837 0.170357255461511 0.221171870220411
-0.0623163184524592 0.21260443060605 0.0376925534021539 0.229616373644773
-0.148842959627836 0.128440246975475 -0.0874196609157997 0.140285981176581
-0.20956072669666 -0.033711697664173 -0.115015259987442 0.0825478349085201
-0.137961849472917 -0.242546965003561 0.0043218763995129 0.0938572025684661
-0.0218972687344191 -0.334821201720331 0.00659335586375349 0.302966012990122
-0.0310216021667445 -0.1747964971489 -0.310952163905233 0.551799686013072
-0.123975530986613 -0.117229416578719 0.109322464063484 0.440425057352897
-0.1158912883883 0.00978959279542279 0.0943934567177182 0.0836102604300258
-0.0499147050012686 0.050310617408592 -0.0564926580793496 0.0204793853034175
-0.0254957704205081 0.0633501234244834 -0.093231513692102 0.201188710893278
0.00904453022175954 0.0763759097803183 0.119487813679531 0.314728689077336
0.0439603532528443 0.0750024051195928 0.291099735844134 0.252182643764379
0.0395166647284334 0.0744007011432297 0.308319188437283 0.186606797074725
0.026418574201892 0.0844428442551994 0.281251078862069 0.209039424635199
0.000217829377741148 0.0896481169786991 0.178018164913807 0.255075724179801
-0.0380759029379452 0.0517483586845792 0.0219093282002189 0.244376155002613
-0.0283281575590432 0.0117264114423047 -0.0791347995180788 0.121095442045092
-0.0390143015442574 0.0223728944754312 -0.0826579059221008 0.0820126878091794
-0.0809593615896583 -0.0583339948059736 0.0189752717672247 0.117955172043599
-0.0793490715452035 -0.149631509411795 -0.000207978457004865 0.361982423909578
0.0945657860460406 -0.0373026094419486 0.00825838459225272 -0.413594238383212
0.0313371195482158 -0.116187711269138 -0.0984963980991652 -0.16663877547409
-0.0767255928540616 -0.0665989984425623 0.019607117134652 -0.0727643106134129
-0.0787192340960111 0.0708736782217435 0.0627578492687814 -0.0783213566763616
0.00246787806100669 0.0927648689700582 0.020733311232335 -0.217634975423641
0.0557727376900682 0.0634524404335617 -0.157468201885163 -0.27392770894284
0.0794550268692308 0.0101500145641756 -0.283485219351937 -0.234351737195119
0.0937083979245334 -0.00472184831606516 -0.313283663075917 -0.196947621250231
0.0965283629969151 0.00932870599149247 -0.2893073767013 -0.231992638217256
0.0654360380077947 0.0762646132243243 -0.166998043639624 -0.280140530903948
-0.00839052068599053 0.118481122023158 0.00952632327525662 -0.231428248498947
-0.109308007440726 0.0744326847042901 0.0174996273737754 -0.0636955464080844
-0.108297316794678 -0.102378410704813 -0.0876899078967477 -0.138840721277365
0.0608007162445539 -0.143209823438475 -0.106351637953263 -0.39115900940426
0.135823334730786 -0.037484198684209 0.251718586148856 -0.61585747679555
0.142031881340525 -0.19550496569634 -0.0185317191210935 -0.389209990669773
-0.0142585546157136 -0.249698924314274 -0.0814394444494981 -0.162624367313223
-0.172544648833998 -0.121675033004834 -0.00611698890053222 -0.102346391726473
-0.173886707210895 0.128913239465678 0.0288599904607671 -0.0640608292303477
-0.0360283127250438 0.213333481697458 0.0121133378340249 -0.177066290852511
0.096132556859182 0.189279649066851 -0.119431978797079 -0.232565171978258
0.182431853125043 0.0983857411418571 -0.221162417181063 -0.215701136037111
0.212973509702039 0.0737615945881439 -0.257551862574014 -0.180131411722992
0.215231290745132 0.0996836854204425 -0.237633644521715 -0.199866812825472
0.140026510412951 0.232942399733917 -0.146654660538289 -0.228756418050948
-0.0431465751324653 0.295910916690959 -0.00498374290017985 -0.185945721865231
-0.253326065829017 0.203121820878862 -0.0262679564139663 -0.0403708959399677
-0.320039679653091 -0.161972275601946 -0.133196062670132 -0.131424555231656
-0.044728310392297 -0.375512966684082 -0.12053454778031 -0.364298938428007
0.172923956067688 -0.290864313872487 0.200802899851544 -0.544864821210686
0.177981103428494 -0.336841495629196 -0.0688994602531596 -0.307706880719584
-0.0680299946907992 -0.375630118510418 -0.0552259869692554 -0.122472466266664
-0.271807002882504 -0.172637177136005 -0.0148167467223612 -0.127659385443881
-0.267062848198679 0.181335846261405 -0.00665585303451502 -0.0655095392032108
-0.0745280120717219 0.320403630113413 -0.0164865246545188 -0.124769984476824
0.123604208775242 0.300359094240604 -0.0802673421684663 -0.154841363754364
0.26074231203881 0.177546693723571 -0.129964913094633 -0.161647012359098
0.299810064263762 0.139516125675794 -0.161240156750694 -0.135666186186846
0.300911976972355 0.169836058386072 -0.146243752506596 -0.138302816429615
0.199974162074963 0.351490968322522 -0.0942187973989193 -0.143836283494727
-0.0580296889653694 0.435530597931383 -0.00648492305914213 -0.106419172700801
-0.352563578395148 0.320265001803037 -0.061197089359866 0.00395059096391974
-0.494792727091302 -0.175664970591965 -0.168669845729336 -0.0914185242547579
-0.160943591540454 -0.539975924585293 -0.123834802258915 -0.283702135486376
0.172049606353122 -0.495528979341747 0.14305290738369 -0.401164836915919
0.188921287426134 -0.448454495140149 -0.136594871175149 -0.165213633050028
-0.134611672423042 -0.478101091561818 -0.02040366964466 -0.033543061762845
-0.372138162961702 -0.203665867343438 -0.00637454032877631 -0.131449538093264
-0.344134762503628 0.231154793610744 -0.0427304231295433 -0.0664327128287058
-0.10228034006762 0.401624868103284 -0.0556373045673899 -0.0538638577223624
0.141210855840145 0.377263348098849 -0.037139733640213 -0.0450261454045404
0.304254883074817 0.233184298045558 -0.0201319311446759 -0.0775620066969285
0.344632791501793 0.184243263883904 -0.0410834736204257 -0.0709929274999215
0.337983279244455 0.2115576868414 -0.0292667608033319 -0.0602847015300746
0.229069417187625 0.412549281035959 -0.0166234975964688 -0.0390190193762391
-0.0580916019442573 0.507733600761752 0.00852925056297385 -0.00384203766395539
-0.386182815301951 0.390383410042033 -0.0814264830042345 0.062423315765699
-0.584741855054891 -0.149702975569267 -0.180902022849936 -0.0290144853630744
-0.248913460597584 -0.604959228676525 -0.104291573833942 -0.167541971544383
0.136447263279699 -0.605402460621158 0.0904124300475582 -0.204260123460084
0.169243403896108 -0.499576073680146 -0.209433711031839 0.0270843474210778
-0.193091806159433 -0.518880623451225 0.02273561442414 0.0967452686045903
-0.433733970924351 -0.201087066468954 0.0126953016179444 -0.105140886964413
-0.372753060863595 0.260570680295253 -0.0754788877986639 -0.0519422940220582
-0.108828277532231 0.425809248416223 -0.0911359549048331 0.0363080085928117
0.140764926353257 0.396397249370031 0.0132500346616131 0.0829895653684561
0.305991587867726 0.251057897651122 0.0967646163271117 0.0230820886151221
0.334642929615188 0.198278360081594 0.0848108035555809 0.00554580065386098
0.319964307381915 0.222375709540907 0.0927305634550953 0.0224969957551477
0.212387306397064 0.406174049893963 0.0712044910252394 0.0668624627557877
-0.056388805233864 0.486561388310117 0.0322210562412408 0.100701573742224
-0.350599202503101 0.374859282346535 -0.0875611976600722 0.116942171942007
-0.548642346753333 -0.110103387902547 -0.169715595450138 0.0346318674752634
-0.270135289469914 -0.5597242342571 -0.066466277067794 -0.0473585323263326
0.0858457803323762 -0.604012665665345 0.0498271128558229 0.00390980611865601
0.116860812592014 -0.471699767423913 -0.270027450079686 0.242298413679919
-0.218839308734989 -0.465888899980569 0.0666976194214309 0.242171765783119
-0.409038373519978 -0.155938156926412 0.0365731555177072 -0.0511354960740536
-0.323661888658404 0.23729355816108 -0.0952264005682157 -0.022350608289487
-0.0943406699235306 0.369457501065617 -0.111045022813289 0.128333008948287
0.118248289629585 0.344259167085665 0.0662211956334193 0.203417067012014
0.259742946591195 0.224546837640394 0.200788671632176 0.122239460715801
0.27382439012003 0.181432626439166 0.199220130986813 0.0802997793361674
0.251887803397867 0.201582518841402 0.197496886072011 0.0992805811258189
0.156578291977939 0.339670741980804 0.144304610389246 0.156617624701468
-0.0587669174701501 0.379225741891965 0.0491444570779608 0.184293513855078
-0.262155161625696 0.27332594827701 -0.0857924858665634 0.14827533997824
-0.404497278189338 -0.0701532939816915 -0.143280150105241 0.077870087156832
-0.226813795262401 -0.424574246960373 -0.0238812275149925 0.0456568934076601
0.02679685632996 -0.502791726458317 0.0245874906664436 0.183068249799516
0.0417854992935354 -0.359531138096668 -0.304108962950774 0.436162057014983
-0.195876726124725 -0.319317861183336 0.103055462727908 0.36561306213764
-0.291922993255702 -0.0755574147192702 0.063410671666997 0.0169503955872223
-0.202812487972612 0.161876300569189 -0.0903303796665092 0.00836960265237542
-0.0621254532896716 0.237658459851762 -0.109713144855645 0.193144233926794
0.0725112003894166 0.229539920086823 0.110353979067779 0.287171987417811
0.1687473157479 0.162568290760716 0.275909013093038 0.199882310867222
0.171186255907803 0.138538687437754 0.283059325836994 0.141564020382334
0.148314378340345 0.154981539449266 0.269162318813359 0.161412028282585
0.0787197911317703 0.228261396455689 0.185975381548958 0.219284107221621
-0.0563116233992007 0.219900405798276 0.0484903562814143 0.231666756716184
-0.148067623068552 0.133763935804284 -0.0822579622873784 0.147004043796117
-0.212341743189624 -0.0291035000939552 -0.111914071234402 0.0933318274015627
-0.149274435273176 -0.242615015667719 0.00803967846824986 0.0992495151397218
-0.0312040230277182 -0.338029705143556 0.0121637617733466 0.305621274231472
-0.0374195264003048 -0.17751601941766 -0.304251140753972 0.575667900214737
-0.132047297247052 -0.11391956504599 0.12961902223261 0.446290312862727
-0.116247710397152 0.015688001259431 0.0996710194974963 0.0810082486752774
-0.0490725351454554 0.0532524963486109 -0.0602842031198507 0.0231153880069336
-0.0245116931796534 0.0667697222034642 -0.0916682574247718 0.212489254536119
0.0112229423080252 0.0794167644710947 0.133389776970506 0.320003824958404
0.0467489448798034 0.0757894727290356 0.307822241362311 0.244723131894375
0.0424521970539103 0.0755898151609652 0.324041487845869 0.179828281692362
0.0299924000674477 0.0869189875916225 0.29722944101975 0.203156131868723
0.00332707496358994 0.0927351123130629 0.193343872130596 0.253215356233038
-0.0397938225633657 0.0525718096369253 0.0340138937540033 0.247269665693724
-0.0287873151107456 0.00955182280110889 -0.0745754781421227 0.125710388170545
-0.0349046423593604 0.023199424517017 -0.0776779980754686 0.091155096508869
-0.0844145515458762 -0.0545748444190224 0.0242404343380525 0.12148110637627
-0.0870683597832448 -0.14710055880351 0.00902085686260588 0.365413693627253
0.0956046961044522 -0.0452581172896602 -0.0131125279354872 -0.414861357778278
0.0233363975110429 -0.121739583758571 -0.107901504170508 -0.162515951361177
-0.0838602213992731 -0.0637875175562479 0.0102815841506144 -0.0766641841641473
-0.0744453704620366 0.0770515670282471 0.0558782224974171 -0.0805241972492079
0.00900100122744769 0.0934218729754616 0.00672860431440483 -0.218085934564562
0.062587829684849 0.0594451385877211 -0.174997888548324 -0.264452297927187
0.0818949623526448 0.00373546483226236 -0.299459847517641 -0.217632858023848
0.0943025374241777 -0.0124890321277333 -0.328127638503665 -0.17890758402939
0.0984512770327888 0.00165656284485659 -0.307456304735121 -0.218398786585004
0.0720502277583913 0.0732975862045317 -0.184941167494754 -0.273630111185479
0.00117035904972797 0.121057580625004 -0.00317031392896729 -0.235249437077873
-0.105745709211918 0.083309865561535 0.0168593932519002 -0.0628382831147158
-0.116801122810711 -0.0973528278409087 -0.0977921179176797 -0.134423688848104
0.0533504415691177 -0.150701988364208 -0.130464450275701 -0.384594989872479
0.139242406433225 -0.0472709476551732 0.221834841601364 -0.632625816660182
0.136359127939582 -0.208235600567907 -0.0377581063658381 -0.388298854056195
-0.0300742390754136 -0.253164640722971 -0.0895138217142396 -0.158902478344654
-0.18275430771643 -0.116043484338995 -0.0187330953944013 -0.104749981452501
-0.16740421107768 0.140526445851553 0.0230266570254559 -0.0637598355424567
-0.0222621234826343 0.217341549067819 0.000234414342480333 -0.175121941568183
0.111314485487926 0.184089398263508 -0.133953684602974 -0.224927399811661
0.190879598701395 0.0867414786147448 -0.235932509726842 -0.204086807827902
0.219209132344193 0.0592574050874669 -0.270028716210027 -0.16638690536702
0.222690385383842 0.0850699847272913 -0.252657823260981 -0.188238637531405
0.157597511918015 0.226734763888577 -0.160100562037085 -0.22203926003493
-0.023488251451639 0.301971197843193 -0.0156164028055212 -0.187938526153255
-0.24283095303169 0.219188242573823 -0.0260120588036701 -0.0359059166844811
-0.333416654198344 -0.146261265731839 -0.142565954085106 -0.123225604966215
-0.0661462838445328 -0.379678599028769 -0.143271396079585 -0.354308491948235
0.165633438029172 -0.305469474785679 0.17500682465107 -0.560354547261303
0.165583037641406 -0.354506066220363 -0.0830492318990422 -0.302489737882344
-0.0909476128798311 -0.378108933881028 -0.0589691509789329 -0.120200378461343
-0.284843781125528 -0.162927990499337 -0.0294475651949888 -0.129798931290813
-0.259014257192061 0.197675072314099 -0.0138188853265664 -0.0635299053494784
-0.0563815435415387 0.329054567944908 -0.0252131069478918 -0.119463471665028
0.146328361124205 0.295651055630191 -0.0887178578843659 -0.150051977015409
0.274462411994611 0.161473312352581 -0.141727474082694 -0.156242519904348
0.312246732519179 0.121408024061319 -0.170346325285183 -0.127176146530595
0.313819933017608 0.150902229584259 -0.156450018363097 -0.132001847953454
0.224926649433771 0.341671233468156 -0.101604582960656 -0.138947056171516
-0.0292798356162627 0.443623881875921 -0.0130481977778505 -0.107877995497425
-0.335702225358859 0.343248303668168 -0.058682326647639 0.0114125284587943
-0.510577560792591 -0.150349457769096 -0.174596784505092 -0.0790548515818522
-0.192857220494937 -0.539429664617674 -0.141509185398616 -0.27261215358681
0.156414285594442 -0.511070218397292 0.120490608066147 -0.413389773217938
0.172516501663167 -0.465526651873266 -0.144386634810841 -0.155698365265097
-0.161937486426368 -0.47584681464691 -0.0176568962155964 -0.03395385222562
-0.386524770955317 -0.189609724409513 -0.0209016991423653 -0.134472997973148
-0.333426183832466 0.25275901140863 -0.0500234633958163 -0.0625710709140746
-0.0795539989481603 0.411634337138244 -0.0614739057525365 -0.0449125041962517
0.16700881588317 0.372723029662336 -0.0381545722646966 -0.041426257410293
0.322122607811568 0.214758877834083 -0.0259852705185862 -0.080229770876209
0.357962907361837 0.162648087561693 -0.0448368004958304 -0.0690504711950218
0.353664204158632 0.191826558020894 -0.0342105231374656 -0.0603168868879668
0.257610822756303 0.402283597691949 -0.0159329489548823 -0.0376513423943206
-0.0286454248726098 0.517141977243629 0.00839871539527221 -0.00526415317834006
-0.366493179970544 0.416352637947835 -0.0761176831960968 0.0709447717649411
-0.598617585631126 -0.119807925682882 -0.182213707735999 -0.0147633669072979
-0.285674209046302 -0.600435972922262 -0.115685426672689 -0.157458716932763
0.114971503714691 -0.61917463790927 0.0756864383863721 -0.211272179090281
0.14882573904467 -0.516958554455064 -0.207787354924749 0.0425198826758845
-0.224280015289893 -0.513412831533176 0.0339658074608615 0.0952310693217169
-0.448346467596005 -0.181967977631288 0.000636969360882018 -0.109427530794838
-0.361151464148617 0.282704566309265 -0.0819654852343089 -0.0469466999378442
-0.083457393505824 0.438457912618192 -0.0926851059952258 0.0485597735413442
0.167826593151288 0.392823928086892 0.0201255951035061 0.0849662566669992
0.323047991237107 0.232667876512244 0.0967977215350264 0.0142716172920076
0.350355745560969 0.178009960894027 0.0868619619401898 0.000395306054743757
0.335053431178811 0.204338349336622 0.0949123933359724 0.0163927412696486
0.240625383068194 0.398907671024332 0.0785665981364508 0.0634834579744825
-0.0274592959703409 0.494576028352545 0.0387767387270058 0.0990149355170651
-0.33046664171023 0.397168745457591 -0.0790570323403568 0.125874413841657
-0.560467311006747 -0.0825888075490993 -0.165845807688083 0.0501137199771651
-0.304297136884396 -0.550493756126563 -0.0698119360331024 -0.0383077642659554
0.0620593349097712 -0.615120336558416 0.0454353095805266 0.000387676903444355
0.0949809728282804 -0.484663972167657 -0.259035197093121 0.261893460208953
-0.247710897213624 -0.45812334809385 0.085516265806382 0.23794091721602
-0.419464909247437 -0.13655238245122 0.0294793910119001 -0.0557998550434606
-0.311443752815272 0.257872663698127 -0.0999580992113877 -0.0164416737474292
-0.0731927045919293 0.379133798602559 -0.108168263577128 0.14256713958301
0.142873012418707 0.341891780060838 0.0802594624942196 0.203552285596096
0.274235840753618 0.211199799488333 0.207628436527143 0.107969098400339
0.286884065947245 0.166666116222899 0.206531440604051 0.068873471832906
0.265243364963708 0.188041588672913 0.205961864069807 0.0877079233035507
0.179737007489202 0.334187942209782 0.157956993062153 0.148651581787087
-0.0374802713807259 0.385259992634283 0.0613080250511484 0.181170229629902
-0.249145810636594 0.288340928886906 -0.0754654605567402 0.156095835521693
-0.409927064061071 -0.0504602233403711 -0.135554346579339 0.092489134894386
-0.25221955740171 -0.415481974141912 -0.0212120878052193 0.0522022438171856
0.00624618623799393 -0.508590480523681 0.0295239286733535 0.181438030084505
0.0228939629509798 -0.365724095593249 -0.283373806952233 0.460634033407059
-0.216154795467406 -0.309897960192907 0.127682240774745 0.359733439115077
-0.295922247259999 -0.0609361929061282 0.0624792609367838 0.0120064502137642
-0.194883506543696 0.174083213118155 -0.0934064590186787 0.0139846449908311
-0.0484314743535351 0.244410034496006 -0.102423268976114 0.206654150403266
0.0877990116611518 0.22906302880192 0.127828802544608 0.285358467240594
0.179071693307842 0.15406842292263 0.287896935564512 0.182842537520387
0.180372217654771 0.130451647067107 0.295148616427955 0.124788274620097
0.158360956869918 0.148438434937819 0.282010634433461 0.146815490886267
0.0936124889741963 0.226574858935948 0.203059590080944 0.209142278122224
-0.0453927984153329 0.224497094702499 0.0641417909723555 0.228387163236849
-0.141811057099778 0.139956808325604 -0.072056443217438 0.153506156000619
-0.212318167589753 -0.0192233928264244 -0.101608352210401 0.105758909521197
-0.163939921857686 -0.235073651907157 0.0146113994845573 0.102042381530743
-0.0471583431350084 -0.335782211551476 0.0246429759972272 0.303852850232473
-0.0488913446849971 -0.176336423232674 -0.277890606892472 0.599211336065222
-0.139523747515196 -0.105462599686722 0.157769276003852 0.43932157974503
-0.113443093400682 0.0226183514861626 0.105164762198322 0.0741619223651566
-0.0458934214693446 0.05659295744343 -0.0615069912788528 0.0264909971150305
-0.0210123569775194 0.0689773033690721 -0.0837122896944712 0.224314290235499
0.0155276395279764 0.0807635960629917 0.152962028507862 0.316180467069023
0.0506755711824948 0.0742041200856392 0.322266538460436 0.228319995361514
0.0469101781824445 0.0756081420535827 0.337737279195317 0.161824387108276
0.0352778611597044 0.0875881220747661 0.312890885888367 0.185716780218008
0.00852126921814271 0.0937422321100331 0.212706450205609 0.240649466544827
-0.0393369811723259 0.054650384586581 0.0506066190393747 0.24517602622416
-0.029014280656678 0.00796305386886753 -0.0656261831143013 0.129713200193616
-0.0293991326498876 0.0236962773751672 -0.068387998451702 0.0998634578690581
-0.0875409336975247 -0.047765575500611 0.0327505628592974 0.122124615025363
-0.0972743061183838 -0.139135723557217 0.0252155771349132 0.363576356571196
0.0933931241091118 -0.0529535229913105 -0.0328790373907141 -0.406036697331491
0.0130697908276226 -0.123923365103002 -0.114878886487085 -0.153562237151502
-0.0892381488927957 -0.0586582587077156 -0.000140896073523028 -0.0774564153072651
-0.0684703752231609 0.0816960815126625 0.0473344112902919 -0.0795564804445921
0.0158453445244441 0.0918429100888601 -0.00818206948763624 -0.211788477764256
0.0673026477103999 0.0530710587012656 -0.187569485832705 -0.246631187204621
0.0813740730089893 -0.00293443319279534 -0.307894417493876 -0.194147955075671
0.0911025432677173 -0.0201021318100963 -0.334374158482491 -0.15646472506074
0.0968596065813781 -0.00666023268132005 -0.31643575540181 -0.196790855977435
0.0763753694463746 0.0677069739438524 -0.198271795289078 -0.258671093468123
0.0108743883320498 0.119450623643609 -0.0161560616771212 -0.232184712917907
-0.0981863337039495 0.0892948727746415 0.0164428820008151 -0.0607295607280881
-0.122468657035944 -0.0889366191262721 -0.105619242568933 -0.125076441049772
0.0436231471031804 -0.154955361936825 -0.150175298845667 -0.366867232615797
0.138137472158886 -0.057016054422687 0.187016199490729 -0.63221339803552
0.125080232394089 -0.216489355359936 -0.0550742669050923 -0.376694256355493
-0.0461423493390376 -0.250339284629765 -0.0950590281597659 -0.151304835901729
-0.189333795018199 -0.105161911292571 -0.031558408584727 -0.103565431263749
-0.156376027609383 0.148818300829766 0.0165042867260487 -0.0614485730788325
-0.00755493415200255 0.215989407079083 -0.0105913444830884 -0.167646126171559
0.123353344170509 0.17381054037788 -0.144150581455858 -0.211395665884944
0.193782309932553 0.0712167922112646 -0.245509570302155 -0.185358094049716
0.21951230962568 0.0425863068571412 -0.274996144984897 -0.147034931956185
0.223739015848592 0.0674877207901322 -0.26150793318698 -0.170945039065043
0.170031084837931 0.213391932437992 -0.169900048201904 -0.208501699929261
-0.00256858222211059 0.298576000206588 -0.025871014034614 -0.184982099588429
-0.22548485389546 0.230549627807586 -0.0242311508881753 -0.0306809136840424
-0.338583510066305 -0.125727363168668 -0.147690238577984 -0.110440842613377
-0.0873654223771311 -0.373182468759534 -0.161095577675046 -0.333893277517801
0.152576602611535 -0.313320526999044 0.14000669064444 -0.559761318092147
0.145769242841736 -0.36222537617148 -0.0952500148871443 -0.289636547986908
-0.112281996132634 -0.368005173787647 -0.0614640677439481 -0.115958535984046
-0.291881400495302 -0.147077555593721 -0.0439378020085245 -0.126880866509846
-0.243394945080792 0.209488945227557 -0.0199589519604156 -0.0590998372512378
-0.0340973596486101 0.327329282373074 -0.0334083418724341 -0.110895161398915
0.163990960376419 0.281826932392925 -0.0949078451645232 -0.140514579587699
0.280036892851624 0.140584893385732 -0.14996039832969 -0.146235337926801
0.314090846537996 0.0978079373824618 -0.174042793337553 -0.114947488073719
0.31649414256938 0.126002802920324 -0.162758159786941 -0.121161191238068
0.245022876078777 0.323931812151127 -0.106257407603596 -0.130647452411072
-0.00190537809032723 0.439659189124767 -0.0192687817284392 -0.106028184747962
-0.310047185496525 0.356971593327934 -0.0533115976536544 0.0181249251720747
-0.514427913257501 -0.121400989728883 -0.17525843887767 -0.0641218225443584
-0.221234961190014 -0.524543738328492 -0.155341465356771 -0.25369859728751
0.133138820804171 -0.514538682020558 0.094893303063418 -0.410880369257238
0.146708728123865 -0.473120559073158 -0.147420814398806 -0.14080723894315
-0.188220447746488 -0.461984093091776 -0.0149685298619141 -0.0344027126103973
-0.393507989234069 -0.168272823635291 -0.0364587582598563 -0.131974956013624
-0.313719904578666 0.267403984968877 -0.0555420705709538 -0.056920671723993
-0.0521295815247376 0.412372170156312 -0.0648910668775702 -0.0345269738803279
0.189298506034629 0.357320909763885 -0.0383920869521991 -0.0372766034977956
0.330560291995466 0.190962006978994 -0.0329746725504227 -0.0793559936129196
0.362248109464947 0.136740691514169 -0.0471050490631367 -0.06571857013496
0.357697670547279 0.165216879263628 -0.0370589155145482 -0.0573535312789855
0.279927234769758 0.38105451450478 -0.0153678888270207 -0.036255480629685
0.00557241399321915 0.511478996711049 0.0076248788917587 -0.00702917524505544
-0.335488926417817 0.429660834379682 -0.0671299208152225 0.077892052108336
-0.598906273869313 -0.0857114362769215 -0.177526182922765 0.00121077067180421
-0.315617101773206 -0.57725941495025 -0.122593556735115 -0.142598443095942
0.0894595032546881 -0.620288190003455 0.0593782891710367 -0.210808685990513
0.119625817584743 -0.521512443608578 -0.199693427705815 0.0573550804816997
-0.250561952372459 -0.494258039172571 0.0430666660702578 0.0881222425848719
-0.451929210446536 -0.158310149949202 -0.0125099864019903 -0.108529886136936
-0.338720614683873 0.297541431135295 -0.0865119855950281 -0.0403162452674775
-0.0560968078122827 0.437578129139169 -0.0906907309701827 0.0608283721446642
0.190710360318038 0.377954816776533 0.0268099441459202 0.0840910584870227
0.332647345120649 0.208968857202893 0.0930360622639903 0.00542583252179884
0.354095907796977 0.154030548474118 0.0873187699636646 -0.00536899201899236
0.340038889914314 0.178860715435829 0.094462598318535 0.0102541202710551
0.263073024755459 0.379113402059147 0.0848090012076377 0.0574376443200379
0.0026169395315463 0.490713356468576 0.0437593176490177 0.0927504083929005
-0.301963922245373 0.407495621378028 -0.0672816782169134 0.131429918608342
-0.555757810291242 -0.0515413300677138 -0.155725109311827 0.0640955357705785
-0.332263511809279 -0.527276636347601 -0.0693532078755602 -0.0280747801709538
0.0352548692027675 -0.609814031241366 0.0398913517729698 -0.00206896844876015
0.0678665008536597 -0.484511399788164 -0.238860879233863 0.27612859680489
-0.270338743775676 -0.436885106779043 0.101773725811914 0.224790348953617
-0.42055538119248 -0.11301759234838 0.020214518907106 -0.058261332223263
-0.292235894225947 0.270601076411569 -0.101755867012204 -0.00922642689401137
-0.0495831792722208 0.378998383675881 -0.0999519174089615 0.153304129107
0.160992620680842 0.329398586566987 0.0922612037838484 0.197010075947203
0.281586843735839 0.190576088599056 0.208173238951799 0.0910456294097127
0.291774784222284 0.146396395240741 0.208888683041647 0.0547936018097716
0.270807837697414 0.169679336829542 0.20904261930388 0.0734016243346813
0.198726355084865 0.318904949530638 0.167711967248789 0.135601681022851
-0.0130163354583455 0.382179834721455 0.0714626368386456 0.172309414114163
-0.228567017315372 0.295108596070558 -0.0623729753107564 0.159606625303402
-0.405305394177253 -0.028593043308459 -0.121720049955687 0.103893337438923
-0.27114089110053 -0.395477793355924 -0.0162133017456975 0.0568094555363248
-0.0151269596024813 -0.49939415671799 0.0332564312634532 0.175525629323835
0.0025704646494605 -0.361497483280205 -0.254579902195054 0.47213923775942
-0.231554142617861 -0.291143873070561 0.149397194022361 0.342135882297555
-0.292470527077114 -0.0436570243722522 0.0595276239650399 0.00639329476701491
-0.180993460169506 0.181953029542739 -0.0931530059002219 0.0193731831768147
-0.0336688266822375 0.244065126354946 -0.0909581072444441 0.215229544404228
0.101349407241519 0.22136850440082 0.143897004371668 0.274909554677
0.183858499627544 0.140868132940757 0.292164440581459 0.16061552184282
0.184903532935316 0.118130270560182 0.29847351157781 0.105203343727013
0.16418086884343 0.137671859045193 0.286733499985669 0.125963708445172
0.106161419916313 0.218105486624438 0.21536881194444 0.190361321577368
-0.0326508538202743 0.224046504865011 0.0781089836320105 0.218916758637615
-0.132496118039036 0.142839433493983 -0.0600092802455502 0.155628473132895
-0.206902641899798 -0.00962759768486991 -0.0875799741883083 0.113807215279127
-0.17455471778136 -0.220328758744327 0.0211056394728658 0.102037410594226
-0.0617006627703732 -0.325235646124609 0.0353544340556551 0.295735212035545
-0.0585918912405884 -0.169089707205929 -0.24263914850654 0.608385172517405
-0.143118001660735 -0.0929958805673206 0.18195372917219 0.418593719626595
-0.107478649049041 0.0288692142986619 0.107299203608373 0.0647907106577406
-0.0407508749043014 0.057538256987016 -0.0612676972182412 0.0292649347197962
-0.0167791451317124 0.0696335865407997 -0.0712846646254038 0.22944495122565
0.020221472052128 0.0793983646839453 0.168505739868262 0.304659029984273
0.0535320727433804 0.0713935625681091 0.330554495220316 0.20371799949479
0.0501124194863017 0.0727217793463192 0.341865827776459 0.138857135034177
0.0397556656868823 0.0853914107173712 0.320104603399888 0.162526917991954
0.0129925097157648 0.0918987076067608 0.225322308066316 0.22176412663719
-0.0376655942087159 0.0558472644201258 0.0656409638706309 0.235406534286123
-0.0293730293910513 0.00645527755282085 -0.0553624877903351 0.130150492432386
-0.0234582687219357 0.0225618810721808 -0.0547348096326767 0.10542809955606
-0.0876010323680145 -0.0388645841780558 0.0409172391447365 0.118956016000372
-0.103286567139119 -0.127093297419184 0.0409965557230229 0.353219684046233
0.0889310273623743 -0.0584063636738415 -0.0437208956715558 -0.389178552886855
0.0043024154958491 -0.122276050192052 -0.116359268567642 -0.143246408176637
-0.0916497710272213 -0.0536990535942947 -0.00936021700400664 -0.075516350046343
-0.0620763378501348 0.0829497471932716 0.0397535721794834 -0.0760461982553821
0.0202019505843734 0.0883924103206473 -0.0174904215512122 -0.201382515494068
0.0691112522886088 0.046645298476008 -0.191802235032724 -0.228558340524485
0.0792078095285302 -0.00883879308529273 -0.305851380917555 -0.172658619621884
0.0867651099689719 -0.0255156595241356 -0.331209794417952 -0.137729830237726
0.0928729950104089 -0.0132889306739005 -0.316336589087619 -0.17712466990966
0.0784235524886072 0.0612002612845156 -0.20239672636057 -0.242617908807385
0.0180798820877208 0.115085309416038 -0.0253332929155714 -0.225844904436978
-0.0902806828902605 0.0915699494339259 0.0171723133421442 -0.0584486954973631
-0.124876921094341 -0.0815033898312382 -0.108757255095241 -0.114596031863838
0.0353405049257921 -0.154112984737024 -0.160979403107616 -0.342388200600888
0.134696827498993 -0.0644760003230907 0.158565044421375 -0.619509657510254
0.114135693556222 -0.219329869180154 -0.0642081402935952 -0.360089599437187
-0.0573769569831314 -0.242621585945097 -0.095567074064162 -0.143408873053354
-0.190878157519506 -0.0955060644438441 -0.0419200574178883 -0.0978707653866829
-0.14461204439975 0.151272267001855 0.0113965639037842 -0.0570408553009766
0.00349595654810673 0.209761954721775 -0.0184201341977659 -0.157649758528138
0.129021780719372 0.161471441939235 -0.148228785918275 -0.197175990230531
0.191055029110938 0.0578254234286471 -0.246400089213611 -0.168713674231727
0.213208908666548 0.0295149630365489 -0.273567971023121 -0.130771886651545
0.218232564106225 0.0531321317574764 -0.261141236092504 -0.154358710690267
0.175580518558533 0.198820506386141 -0.171974681772591 -0.19579884822531
0.0127498373423455 0.290762171148761 -0.0333120987617813 -0.178913524994414
-0.207509532939901 0.232595054090768 -0.0206448244539255 -0.0258090805388755
-0.335220145910966 -0.109381493262977 -0.147411338918463 -0.0976199450714405
-0.100046532384214 -0.360471949779413 -0.1684827111721 -0.310899295982193
0.141896286849744 -0.313160038804929 0.116459884697336 -0.545646732143352
0.128861855714025 -0.362035822618333 -0.0991079854748558 -0.273705918455714
-0.125452131605078 -0.354292764236083 -0.0610422529352335 -0.111592385408229
-0.291380637129372 -0.132858719970836 -0.0555988758777473 -0.12008366624817
-0.227049509373925 0.212282768014728 -0.0238055772611407 -0.0538058617896237
-0.017603805586877 0.318683389313358 -0.0381334111316305 -0.0998292329294375
0.173819420250914 0.264834038794745 -0.09703222000696 -0.130743517561954
0.276990175351648 0.122056647584268 -0.154325061057392 -0.135389109062117
0.308722282863877 0.0789948281608931 -0.173357701305952 -0.104807000107172
0.310004571539204 0.107178537716341 -0.163675971800741 -0.109808805100068
0.253316929961036 0.301683143053252 -0.106462683639277 -0.122326540838947
0.0197253298401786 0.428369893408178 -0.023373282713261 -0.103150908132275
-0.284344255418635 0.358403134692201 -0.0468250316359875 0.0227107060268345
-0.504303671956815 -0.0989574977258061 -0.169981860133024 -0.0510038882051741
-0.23469457320224 -0.502182249964425 -0.159740543245929 -0.23403263873731
0.1166788158445 -0.507123689995083 0.0756230999306134 -0.39925415945002
0.125755973520136 -0.469492334097139 -0.143694294775809 -0.128256135667664
-0.200725425757446 -0.440687981458084 -0.0122621006050633 -0.0359552540794097
-0.389483417121257 -0.151516670183528 -0.0484653500430476 -0.125496379096027
-0.292663243242213 0.271088726894589 -0.0583141406312788 -0.0508769127182618
-0.0323773408633617 0.401689921732303 -0.0655089380277958 -0.0238984693044109
0.201683833279923 0.337566737724824 -0.0376690752347108 -0.0327680138130424
0.325954646290603 0.168432305716966 -0.0383186784158307 -0.0760573256492053
0.357121533071692 0.112884722574437 -0.0474173073874861 -0.06268206031223
0.351152140512285 0.143298628244437 -0.0385107991520061 -0.0543935638640786
0.290061252157963 0.357695670890808 -0.0132773673804577 -0.0355550795383289
0.0301499904814983 0.497150012136464 0.00660119661222893 -0.00801130447615285
-0.306721242945005 0.428853691138848 -0.0577657131203231 0.0811782509418318
-0.585256649413441 -0.0616146843586492 -0.16737001483951 0.013061290487808
-0.329154500115316 -0.549504788614815 -0.122642529049499 -0.126338478525847
0.0701684184458085 -0.607978482505531 0.0470741129909608 -0.205055296207864
0.0974165087948134 -0.513890964979359 -0.188044038903544 0.0659719280367737
-0.262854452197247 -0.468873418311467 0.0487389852262698 0.0798827518530838
-0.444585383091291 -0.138534008559873 -0.023150728753061 -0.104125606136054
-0.315827390718019 0.301232744653178 -0.0872878611298641 -0.0339050858907117
-0.0345206189272812 0.426689774265789 -0.0865286743527644 0.0695770798520891
0.203053737252903 0.358327462597961 0.0306523333894297 0.0818323061445603
0.328862364703267 0.186730601137794 0.0868263683720641 -9.15988851604504E-05
0.349564340645085 0.131876740859028 0.0857988655937937 -0.00995183375388721
0.33653589157489 0.157630072229774 0.0923856651283907 0.00532069477381159
0.273349155534551 0.356221926077971 0.087916075996271 0.0503403274363223
0.0245950178301599 0.476536615379073 0.0459838181232856 0.0873756080110387
-0.276618203213285 0.406397824320554 -0.0558918006843575 0.132720889426767
-0.541951641388665 -0.029329665901751 -0.141374374151208 0.0732153624092519
-0.343308719521926 -0.499243493170059 -0.0669098188225792 -0.0199663093529961
0.0185227385065362 -0.596138197408658 0.0342128293865649 -0.00214086886604894
0.0490873686131609 -0.473396756222612 -0.218963904540475 0.278794584011054
-0.277448125411611 -0.410892807578323 0.109862258179201 0.20892720651044
-0.411879907833365 -0.0950852959793655 0.0122698702322267 -0.0573516942001439
-0.271782470099554 0.272287736303184 -0.101064125892673 -0.00432036089634592
-0.0317843216454568 0.369377126105548 -0.0919225671456742 0.159514475961588
0.172173644279321 0.312712296420677 0.0993257509742228 0.189163711743894
0.279668312341323 0.172469458424821 0.20190091727198 0.0773511737400235
0.288419212340938 0.129157436262848 0.205985078293212 0.0429782681680673
0.268703140179427 0.151582403428507 0.206230517072944 0.0613451555358798
0.207908522784798 0.301607783749069 0.171347008483516 0.121078884619447
0.00272856642620712 0.372238660083092 0.0768982003398995 0.16240903881585
-0.209661208353683 0.293227495475709 -0.0507279865786139 0.15863636467144
-0.392498115192021 -0.0139900065672406 -0.106318725490324 0.109982533948113
-0.277442834096082 -0.371830275455756 -0.0118480299462617 0.0586505390348326
-0.0285939228203975 -0.483890931991191 0.03399755043838 0.169023719845005
-0.00973129169679039 -0.349850061359781 -0.228607334658766 0.468807314864204
-0.234049305342264 -0.269702861968309 0.159399110626063 0.320293338441905
-0.283297124371284 -0.0330224402748421 0.0548788397223628 0.00242330545046451
-0.167243728319492 0.182013820310554 -0.0908850686950766 0.0223326437652153
-0.0220037376987381 0.238373237058952 -0.0810488184600989 0.218246279355456
0.108177502149313 0.210805126345399 0.152212578289637 0.262384921302686
0.18335117171152 0.129605209071897 0.287123276330529 0.141435485961081
0.184128412423617 0.106452552097753 0.2946862263468 0.0882529777936272
0.164390206814141 0.126908443418815 0.284755826034888 0.108430484085271
0.112943994962785 0.207335652750167 0.219599837752066 0.172205217269382
-0.0233171776892581 0.218572222134253 0.0853583679832974 0.206600481314045
-0.123406263679286 0.140617809562422 -0.0495014341162648 0.153125430944645
-0.198835489541647 -0.00411133299164784 -0.0722814013683392 0.116662683547975
-0.176340143826052 -0.205267279910108 0.0265236798884318 0.0997268657131723
-0.068094004389782 -0.309771240311726 0.0404472806972397 0.283287000793509
-0.0635940517583135 -0.159622021212866 -0.213963057657201 0.598525349551503
-0.141868821945922 -0.081405866051217 0.192707890615428 0.3935539514922
-0.100489537550914 0.0313452014212634 0.105884949293378 0.0563724481954394
-0.0364939406575842 0.0562736741773975 -0.059872657200022 0.0302512022125756
-0.013625930833871 0.0681321899485027 -0.0615730762548449 0.229037604842132
0.0230563367605307 0.0770483660969684 0.177117233951035 0.290328066422247
0.0540806667944081 0.0682357093060533 0.326193115058129 0.182403470380349
0.0517650030578385 0.0697766443073396 0.338021855498969 0.118651028250575
0.0425742623429789 0.0821227141433462 0.318313532286843 0.142015966579837
0.0161411000349296 0.0893090757171903 0.229583953296749 0.200674981914254
-0.0367621069668329 0.055464440840672 0.0755260567376376 0.221898809411272
-0.0300785541515721 0.00465868232649028 -0.0469488626982735 0.126764356508079
-0.0192621477801777 0.0200122021741626 -0.0413347029420955 0.10580120538647
-0.0848840086766494 -0.0321889137849621 0.0452532567672816 0.113404522375669
-0.104089540677859 -0.114737858733008 0.0492696993054565 0.337836302448201
0.107834324516693 -0.016141824977774 0.113127625499658 -0.370440210214262
0.0531886596179853 -0.107134062898053 -0.0513354984676049 -0.175534895756269
-0.0618408046217155 -0.0864086178304211 0.0121184416178164 -0.0676555965455134
-0.0890691547686999 0.0480261558979839 0.066552016876912 -0.0455268937179125
-0.0182182899621783 0.088628203268202 0.0685537573286719 -0.183395578982589
0.0440269682119609 0.0682307978346637 -0.0759316903908828 -0.278537943185554
0.0742744830799909 0.0214730739077848 -0.203137189950067 -0.275759507729612
0.0870299084896666 0.00849714749728436 -0.239619392631225 -0.25265207282687
0.0855233106048187 0.0225577337118864 -0.211223314198207 -0.280977331662524
0.0454180580200074 0.085079042383396 -0.0847164785794205 -0.296277284059933
-0.0280296321262097 0.109834292751428 0.0692071267841433 -0.208700972230523
-0.115270615139051 0.0480860539207256 0.0401381764255372 -0.0428616571136761
-0.0883998854607688 -0.120420636698945 -0.0506219359060307 -0.145522545185995
0.0820374476557681 -0.131101837725036 -0.00311694480217724 -0.362390392277433
0.149515411254248 -0.0217892974942336 0.392955619660856 -0.480220035377243
0.202388264849915 -0.151554138104517 0.0654623997174002 -0.351360964552233
0.0505416913495433 -0.238060101042229 -0.0384663228809536 -0.164741405919827
-0.132267375417388 -0.165790795497027 -0.0117120056656892 -0.094182759253691
-0.188431218172913 0.0720741499821975 0.0357541207395407 -0.0336050170301555
-0.0823647410507115 0.187119357232804 0.0560103697038872 -0.141428738155448
0.0512018924733044 0.192951084796408 -0.0439435846301693 -0.232043325798005
0.144822788266395 0.124360262106267 -0.150107589296891 -0.249331540378512
0.178494879847505 0.107630642109621 -0.190255770013597 -0.224353871150157
0.172006028409707 0.129395639260128 -0.171707467718803 -0.236198202329298
0.0809188350147569 0.243916360635222 -0.0770299097487872 -0.239566324828693
-0.098421755507975 0.264963451158797 0.0419671806778104 -0.169866489446408
-0.274292250509393 0.128941138029451 -0.00994522903799981 -0.0294169365121021
-0.269514371965518 -0.224912403717592 -0.0921234536174245 -0.148836080458667
0.0353369002412583 -0.365489699129124 -0.0153896155716874 -0.347320774435819
0.247111475852311 -0.2451033850264 0.334014516884294 -0.427028522271492
0.279119031829112 -0.273025237102753 -0.0161356817386733 -0.286551950802694
0.0397136110365584 -0.364364955273277 -0.0261764656705253 -0.120483888034551
-0.204635660203893 -0.241842535418682 -0.0192465441143886 -0.113296324887422
-0.285492178226245 0.0904897526524452 0.00537052790924989 -0.0386396823531887
-0.146060849637087 0.273699770165818 0.0202588746713899 -0.0941011148253616
0.0481311575309045 0.30240364243717 -0.0206810542879155 -0.151631607214922
0.194665918264192 0.214582067354879 -0.0790883389105469 -0.183889229627561
0.243968718015435 0.188939086492118 -0.111581202619838 -0.162597594303446
0.23336645258703 0.213182450387974 -0.102563636484489 -0.157054631129719
0.110833143338135 0.365732345772452 -0.0480531678213286 -0.146405424003856
-0.142982330627884 0.391389808551924 0.0189526779716578 -0.0978676101114249
-0.390095451639265 0.211707465692519 -0.0553246081708059 0.00450709630776468
-0.427333534258313 -0.276234253393347 -0.131157071878784 -0.118719522681267
-0.0322746794212197 -0.5407887119567 -0.0320744461478874 -0.281069839064722
0.296195063461846 -0.430499161599815 0.248074581777441 -0.310219559626221
0.324577224526163 -0.371955835102743 -0.126574078978912 -0.172639399430007
0.0121217357336114 -0.47178080076739 -0.0178138936473879 -0.0307046677820684
-0.283474699143494 -0.299868315217772 -0.0120444654130057 -0.109449734816129
-0.368380821208916 0.111783181314358 -0.0254233796362658 -0.0456326551708652
-0.19322890817239 0.339991736115982 -0.0317587011385295 -0.0349655402042904
0.0427521737656573 0.377912411892884 -0.00363439384068084 -0.039454437686416
0.219135820917159 0.276607630138638 0.000725219930909912 -0.0856150641718256
0.274034535168996 0.23987859392385 -0.0162398296316567 -0.0755989532131267
0.257415280001554 0.261705667237928 -0.0133081585893791 -0.0571873572425694
0.124681735876305 0.428581123920733 0.000624245561716616 -0.0310035326759139
-0.159088587907341 0.457245429612584 0.00712507736670296 -0.0020461785624508
-0.436245028990804 0.266401872116582 -0.0896556554621047 0.0524423372117725
-0.513078943604264 -0.273728065977582 -0.153653139273487 -0.0607941544881545
-0.0982903595973761 -0.616928192361152 -0.0383374064806779 -0.177308270698782
0.290759832959462 -0.533785518149603 0.148697829147903 -0.148816164810595
0.317913527203782 -0.421921700694531 -0.249699723449885 -0.0145719805596789
-0.0306191356163643 -0.520899216772928 -0.0115666963718494 0.0984850978790688
-0.335723182087279 -0.311789122415793 0.00296660722852814 -0.07666188065139
-0.399857952725692 0.128174174438945 -0.056534324267606 -0.0410518587102091
-0.206219268905027 0.360073256691957 -0.0873936341721012 0.0402456453284098
0.0353586246769056 0.396350486450782 0.0115478336106556 0.090214864583398
0.21313748035646 0.294499435762546 0.0819262634780518 0.031938159646673
0.261107268995437 0.252928983301689 0.0813812893382881 0.0229790031523115
0.238796408435217 0.268347661307984 0.0789447613357874 0.0466001568870788
0.111161453768456 0.420707621067034 0.0576375762859175 0.08448685435977
-0.154938303873139 0.43785030050992 0.00394867274812644 0.0974822483112872
-0.401066831862975 0.256719565406418 -0.108225533150223 0.0980755170396767
-0.484588060629561 -0.227886175811014 -0.153200039375967 0.00319872547009792
-0.127136019229579 -0.57449379142584 -0.0323217548516881 -0.0599623077913346
0.238709418743718 -0.537043586942322 0.0553597812719245 0.0238947768920764
0.255409214560792 -0.406180288715408 -0.360182372766909 0.166099325777737
-0.0674882809306216 -0.47643645344563 -0.00759572425555765 0.239614561345941
-0.322328885157805 -0.258884174532781 0.0201568137906743 -0.0225853314875956
-0.348377374546621 0.121981612179897 -0.0809815065477249 -0.0240178281247273
-0.178837737918153 0.310793956856258 -0.13218770581804 0.117360472262659
0.0262221420868819 0.343533233048434 0.0265576672104606 0.212212775979392
0.175747491313697 0.262029944544549 0.152264877896796 0.147598279514617
0.207941488277865 0.227680051641892 0.167016547593746 0.118327764555247
0.181262600084319 0.23930669640626 0.158119080219772 0.139530048766605
0.0737418210581941 0.346851926851529 0.104245251613933 0.179582289478729
-0.136144545376291 0.336680602755104 0.00179601796460717 0.174971484023263
-0.297935425142851 0.181260686378866 -0.112366586987971 0.121904612209463
-0.35231925987218 -0.15897350371035 -0.134382538367778 0.0519285063754208
-0.112753654115053 -0.435499852924416 -0.0186822921117651 0.0343251970345382
0.15435214954927 -0.448102697391962 -0.0185272281262856 0.171290250053236
0.146125936767652 -0.32036049930324 -0.43079830777467 0.334501392529526
-0.0892706685349659 -0.333775605634062 -0.00104000415648054 0.356319538490519
-0.234437058010427 -0.148446808009826 0.0415451667126201 0.0408111829043845
-0.219548180490208 0.0872440857790869 -0.0852483061247052 -0.00423332796186364
-0.11678201166432 0.197582704144629 -0.151681448899883 0.170073339718013
0.00975892923337079 0.228156776207048 0.0392551140019606 0.298210048735348
0.107945399711745 0.1868186442924 0.201374410594527 0.239406177655268
0.122698369829037 0.16837611783 0.227727617406297 0.193157082371907
0.0993370146318364 0.176838606413356 0.209670212590433 0.210052869235316
0.0250645446589051 0.227224754386464 0.126633386254626 0.241938173542535
-0.101522409384542 0.187581153522294 -0.00671949929261406 0.21514252038148
-0.163287121620703 0.0775882540344653 -0.105687544170103 0.115880410361558
-0.176581807389178 -0.0780407295067403 -0.105449212652899 0.0748870465448747
-0.0812347899847699 -0.245779665356353 -0.00686673561188524 0.0901584198050429
0.0531944660933077 -0.299853748769929 -0.0660696712507101 0.270022921970528
0.0124765601821512 -0.170119710445611 -0.450592116927816 0.457488562464575
-0.0890060706528547 -0.129299789797201 0.00895582686708986 0.430537651598973
-0.0986724168284985 -0.0140375327185599 0.0725428563887482 0.097629349383393
-0.0541069690708905 0.0323783974296091 -0.0644650592218208 0.00505044794966184
-0.0395276157993952 0.0519650713064543 -0.147242674523742 0.183826158005474
-0.0117501373205546 0.0762222893641378 0.0436017108486525 0.331295399145374
0.0194699095374659 0.0822399554725774 0.218649106931226 0.292155629729449
0.0188378052830671 0.0841193609536457 0.253814558715403 0.239586509205682
0.00804465035672501 0.0907955789392579 0.22569135379959 0.250069081732944
-0.0171453473923695 0.0845745393714082 0.124543173890698 0.268546442507705
-0.053106110357161 0.0362116097913519 -0.0206515169571389 0.2228544334731
-0.0287077074337892 -0.00874506798386126 -0.0906968268074398 0.0923633881426965
-0.0201610907454601 0.0107418733549032 -0.0733311357394797 0.0798019856925572
-0.0617282905209702 -0.0559584157012164 -0.00283711955949359 0.115437507676208
-0.0520119595507982 -0.132600678128865 -0.0884010248902526 0.315383869847247
0.10750677631929 -0.0208138667295447 0.108532428423291 -0.365267160149984
0.048075767787296 -0.109366791513224 -0.052596881932387 -0.171808421216805
-0.0665254930988469 -0.0845403044761391 0.00513345060876566 -0.0676280352903892
-0.0872617740689697 0.0513460453867874 0.0617500116871792 -0.0431497153535929
-0.0146670904285322 0.0890127224231237 0.0625123103700725 -0.179701400292549
0.0469097095251586 0.0652242507455975 -0.0813128794279111 -0.27170960280135
0.0741687266008794 0.0178707637495118 -0.206273172165048 -0.266677423274408
0.0856786255589241 0.0045382420550396 -0.242966159861294 -0.245217389884992
0.0839883930532455 0.0184292844514594 -0.216022743108349 -0.274147465812083
0.0480271544554431 0.0831722706327369 -0.0892333857657792 -0.292048209154127
-0.0235852842207877 0.109229421963687 0.0657883966982045 -0.209173826164203
-0.112328797158751 0.0509902377753649 0.0426078864222471 -0.041562884896009
-0.0909693815270929 -0.118038118287026 -0.0541776876755551 -0.141103701388635
0.0787531154515841 -0.13347211732133 -0.00951582003664408 -0.352652770123594
0.151262610976565 -0.0275281009986163 0.383687157338433 -0.480612318015895
0.199390683971731 -0.15659452663635 0.0626111503217462 -0.344975998216647
0.0432904831971117 -0.238438454440621 -0.0387411389450622 -0.162767126988942
-0.13705451601576 -0.162800981082216 -0.0199642362909569 -0.0926284080460898
-0.184730253815359 0.0759320481121263 0.031493364193421 -0.0314701927243217
-0.0764572736459138 0.18849229356302 0.050941269500879 -0.135846254765503
0.0567897529719105 0.189253370174449 -0.049087226693769 -0.226935181709996
0.146417864733295 0.118142202936866 -0.154272367087439 -0.242391550449935
0.179301518582972 0.100218849808056 -0.192176338358353 -0.219083691121005
0.171484384756999 0.12271436554527 -0.17513945276007 -0.230622858440931
0.0866614733185018 0.240282855969162 -0.0801569426329058 -0.236288221377477
-0.0897920737893282 0.26486315202 0.0388005892892048 -0.169498370311697
-0.267319520253685 0.133305083071289 -0.00608131930914143 -0.0256123797583028
-0.272841928436123 -0.218402358561892 -0.0939969191497649 -0.142847118130625
0.0313431531424773 -0.36556521739121 -0.020522383026754 -0.337825511225499
0.247160742728359 -0.251283391544561 0.32537516573168 -0.4262053357398
0.274248038793548 -0.278720776754667 -0.0169966972442267 -0.279850338808783
0.031520419413533 -0.362171479966238 -0.0249665723860925 -0.119780501701754
-0.209551294494249 -0.23894749830144 -0.0282417957756892 -0.111404717236786
-0.280681567928515 0.0951297715407246 0.00175861942857547 -0.0365224760405613
-0.137590717680613 0.275553249778313 0.0162486991173599 -0.0884309441483723
0.0562974092856251 0.297298846670109 -0.0234946017777054 -0.147923508196589
0.196993019398665 0.207358386546331 -0.0844769188259523 -0.179944737778883
0.24587123827369 0.179891189398078 -0.112635232696226 -0.159385844286493
0.233751975150498 0.203395592518551 -0.104581332658547 -0.153174048343735
0.119414004084768 0.361355306825066 -0.0487369707816278 -0.144863415632132
-0.132510650735856 0.390536984263008 0.017210820669053 -0.0980359873931763
-0.381969116005916 0.216637799738829 -0.050201140273159 0.00962062503079719
-0.430391399335798 -0.268652088333099 -0.129681801124014 -0.110602320236192
-0.0408499552345618 -0.538031197762785 -0.0357267461047416 -0.271791447691002
0.295094769825921 -0.432632480172129 0.239816008287276 -0.310160200035828
0.317538167276448 -0.376528279927429 -0.124923902643045 -0.165425682024541
0.00315502955711272 -0.467863574258315 -0.0146757847779281 -0.032730961090126
-0.285704577621745 -0.295975132959599 -0.0210488125714817 -0.107877166054227
-0.361707701637161 0.117051597082883 -0.0286490902211602 -0.0438908688242807
-0.182884521710706 0.342014884551506 -0.0351139310494845 -0.0275377109306677
0.0527734637270105 0.374128640775943 -0.0039363624363018 -0.0365796793722823
0.221388784369318 0.269060596451727 -0.00400247482150048 -0.0852542458297434
0.2763731740514 0.230141714310534 -0.0163045361261329 -0.0756528814334076
0.258584204206826 0.252174539320964 -0.0136303957903798 -0.0564851070404928
0.13448031687176 0.422519039538716 0.00250484429464575 -0.0315565068132714
-0.147253690114489 0.457763681769075 0.00618735538725553 -0.00260219578781675
-0.427501972945591 0.270264965924618 -0.0833581446604101 0.057722519399399
-0.51438113139476 -0.263441147166968 -0.149057389810254 -0.0531769688537246
-0.108458268407194 -0.611586730608998 -0.0403506671805436 -0.168583890518306
0.287507915477851 -0.536411347386069 0.142883905105666 -0.147805817579201
0.310060390306084 -0.425335054596379 -0.244955070003187 -0.00754208629341988
-0.0376313961353986 -0.515097535338126 -0.00691407123613801 0.0943155126676071
-0.338366330583456 -0.307034513188846 -0.00503294198126327 -0.0762134654397731
-0.392394287881975 0.132418023835797 -0.059042416235207 -0.0397606641000713
-0.197003994335944 0.36073670996299 -0.0895261641920229 0.0488413908881985
0.0446398852587606 0.390866474089952 0.0144633508694826 0.0915718857293897
0.216256342701093 0.287385973889608 0.0784062656698609 0.0293087777345911
0.263167523956535 0.24463493445965 0.0824922000145694 0.0197252028932736
0.239556582377626 0.260652332277091 0.0807440082767501 0.0439738935325108
0.121893086421126 0.415252628995109 0.0612230565427728 0.0810355034491846
-0.144048823341344 0.438187928645443 0.00558029248394622 0.0959720484147394
-0.392159899638361 0.260082543053309 -0.101494562421934 0.102527191671257
-0.484764327834934 -0.218043470192674 -0.146117737025492 0.0106437453586151
-0.134849872215421 -0.5696060491411 -0.0321860251760347 -0.0543971768431468
0.235877839328744 -0.537053583695518 0.051247705970692 0.0240737839049626
0.247095763463079 -0.407904937541178 -0.352371336485539 0.17235663364272
-0.07482894398936 -0.468177342888368 -0.000904381832142564 0.232453109306798
-0.323177026544782 -0.253673120671895 0.0150360003230812 -0.0234040846912448
-0.342321266896285 0.124759682573582 -0.0827867461866047 -0.0235028466095367
-0.170708430244857 0.3114862230128 -0.131553922951645 0.125081467998577
0.0342616694973124 0.340364375362268 0.0314044660033996 0.212042329678264
0.178483068277901 0.256629768763993 0.151359448351314 0.14143966580969
0.21022722516852 0.2201708901862 0.169044438269081 0.112339626227239
0.182692630191899 0.233071538993682 0.161369208694887 0.134121885805613
0.0816864916608367 0.343155280014126 0.109297671567687 0.173317457510424
-0.127277478175341 0.336118331323318 0.0059225575260346 0.172343483059762
-0.292272676497244 0.182489992141556 -0.10589847260031 0.12515043395713
-0.350262539906765 -0.153296997411479 -0.125169133185205 0.0585204710784171
-0.119666708526655 -0.428731189775731 -0.0169143873235813 0.0377698712430496
0.151201551244073 -0.445179162198666 -0.0198148327403408 0.170094896572968
0.139579939543713 -0.317830651985676 -0.423632312707296 0.337911438831582
-0.0937268105898831 -0.325536454883869 0.00484097476651615 0.348092564383072
-0.232601490504455 -0.145316203582268 0.0387710742250836 0.0380325328201096
-0.214551170104572 0.0880210936635432 -0.0859328810072583 -0.00461328082357654
-0.112061893420655 0.19819479550954 -0.149871663245768 0.176213820248976
0.0147030326364383 0.226005337650356 0.0454315721744698 0.297486841985749
0.109901025558986 0.183987754850777 0.202289315930678 0.231981228422173
0.12477675844296 0.164697697868791 0.230867450185129 0.186000462091958
0.100376996077399 0.173859702376445 0.213189663956667 0.202376247042838
0.0301710553834298 0.224782234887243 0.132454274684827 0.233405248675175
-0.0976684103187645 0.188439325355152 -0.0016126783434261 0.211659867555746
-0.161029896564248 0.0771944960388752 -0.100605451688536 0.117984315654523
-0.173833080061303 -0.0754532154541312 -0.0956289973307692 0.0794694177174453
-0.0837780771987872 -0.240773625379247 -0.00423100036346368 0.0912488696070868
0.0510996657702921 -0.295524995766616 -0.0654035726091222 0.267121995008938
0.00871902156328387 -0.166089161356259 -0.442535851875982 0.458737144570426
-0.0896243757573387 -0.123323641293055 0.0151998482374413 0.421252675099589
-0.0952964993158111 -0.0127394707126594 0.0728002544533169 0.0928711280019517
-0.0513709622287237 0.0314970000987826 -0.0661186066790544 0.00384035269352543
-0.038567357679635 0.0521518610269339 -0.144948171055332 0.18834023204157
-0.0110075391370204 0.0757877304848903 0.0497109813345734 0.330531191590588
0.0201297720135085 0.082195527668419 0.221615962399756 0.284463931163626
0.0201028861585934 0.0842622120595203 0.256362881474366 0.230758716261559
0.00997640043264179 0.0910245585075758 0.230114446154236 0.241103791902333
-0.0157212725467399 0.0850604661764143 0.130219783794122 0.25975269875891
-0.0539962918699207 0.0366458418155637 -0.0141831948754892 0.218741342108819
-0.0300969996499201 -0.0108265203799234 -0.0859124922626148 0.0919055401916211
-0.0168354677712831 0.00866499151543182 -0.0635054280253175 0.0825688435075517
-0.0613235143863196 -0.0512965282150384 0.000601358487041479 0.113888181036778
-0.0536527653030906 -0.125803554459949 -0.0854179334440797 0.310255408315472
0.107805739407422 -0.0267366219625918 0.102144267283265 -0.366364727171214
0.0407696192118411 -0.112714525188711 -0.0554033252607336 -0.170260190214025
-0.0727243626549475 -0.081714282728141 -0.00291294181429847 -0.067501786164749
-0.0846427907153343 0.0561559122714597 0.0574490948952454 -0.0419626324228874
-0.0099026361084975 0.0903602442914958 0.0557890351196704 -0.177705116491311
0.0506334817647077 0.0620556955181769 -0.0910723703306088 -0.266475750369278
0.0751508426100982 0.0129801307618998 -0.214868830897017 -0.257188979073744
0.0851042139781499 0.000341703833487833 -0.250655688233575 -0.236342247637556
0.0841115775660659 0.0136023377021199 -0.227179040095433 -0.266529750247724
0.0516202199415492 0.0809049263085927 -0.098877776782312 -0.291149271642692
-0.0179122051123083 0.110626713355735 0.0596695844188354 -0.21295963656823
-0.109811946772544 0.055456920710134 0.045490525546193 -0.0414681321248507
-0.0969462569695315 -0.115333007978674 -0.0590726340553835 -0.137364659325297
0.074761346929973 -0.13851138120254 -0.0195231424568677 -0.346668388135312
0.153014024391528 -0.0360815262198039 0.371919838758859 -0.488016144507176
0.195534296135621 -0.165630030004804 0.0585465026454228 -0.344031419508818
0.0335242206339023 -0.240325819046118 -0.0411473894826721 -0.161507672767784
-0.145227993636976 -0.159013733722881 -0.0295759039511443 -0.0909258104711608
-0.182016660264146 0.0833780215775332 0.0278623775176736 -0.0289383497249249
-0.0681589399077931 0.192303886703768 0.0450482832229292 -0.132907316007906
0.065124091454527 0.186088273593892 -0.056113936241319 -0.222255499340796
0.150105741307699 0.111793155841773 -0.163622354047882 -0.235313637355353
0.181802031062908 0.0920295961413976 -0.199844207474186 -0.212812482412405
0.173564583689711 0.115185937417765 -0.183649469692636 -0.224229827488537
0.0963571283318552 0.237145996466086 -0.0866572554630956 -0.234777499296336
-0.0789058136521577 0.269134725225292 0.0331541315013148 -0.172223107989278
-0.26267612736541 0.141118037884171 -0.00233742601032351 -0.0226600359872149
-0.281457395488169 -0.211079313216256 -0.0971857972955121 -0.13653994528743
0.0197754888285018 -0.369719410519893 -0.0299134355910889 -0.329694233321291
0.244757498743886 -0.262646080565032 0.315304145799412 -0.433320336599179
0.267264945627368 -0.290533197579891 -0.0196641833572212 -0.276223058767405
0.0186162634733173 -0.362870961783868 -0.0254865017663531 -0.120234614024367
-0.219578784120992 -0.233930217992241 -0.0387270085813023 -0.109266679242057
-0.277252828714398 0.10439972142305 -0.00249906623491533 -0.0343631128770676
-0.126746380537774 0.281108592323719 0.011635493094745 -0.0830480894303615
0.0692810951099489 0.295510243155235 -0.0282513387339569 -0.144195369720753
0.202995069621694 0.199388500679279 -0.0922068271439643 -0.176359777246874
0.251076723290383 0.168865607525481 -0.117600146800255 -0.157092052910952
0.238674386985183 0.194312466907916 -0.109428425851134 -0.149472062675428
0.13382280764728 0.356465555690442 -0.0522597085887888 -0.144067882142066
-0.116864142981076 0.397098498566904 0.0131628084768942 -0.0996672328737249
-0.374762742569942 0.227181146436673 -0.045349534181994 0.0139097550324097
-0.441353779916901 -0.257841515073837 -0.131026373231449 -0.103035056195609
-0.0560723230145199 -0.540049482286533 -0.0430135540287743 -0.26451401308108
0.289166898968186 -0.448284382892733 0.231171951216736 -0.31419230071184
0.307684780713819 -0.387718544211292 -0.125137892700334 -0.159648688406025
-0.0116302498530308 -0.467466891801455 -0.0126727188159045 -0.0346498796220194
-0.299082993251612 -0.28991660556559 -0.0315737848079935 -0.10597499098176
-0.357632719231248 0.128237530108871 -0.0327742084701758 -0.0418846070160202
-0.170985316548561 0.349848185007055 -0.0376220828654328 -0.0188456000102184
0.0676953683543346 0.371845071737439 -0.00408646044958544 -0.0342272512396464
0.230134889708308 0.260377172313992 -0.00923726908454637 -0.0847649132618077
0.282492301763124 0.217418801981538 -0.0179124710756984 -0.0768300785825393
0.264044444521555 0.242431131557082 -0.0141645724266505 -0.0566170093678942
0.151164298718387 0.419173644029448 0.00340590557331755 -0.0335758863312714
-0.130628620029042 0.464949333747738 0.00533392101160088 -0.00378778426074694
-0.418721041942417 0.283412664510311 -0.076560591697277 0.0633373537080659
-0.525450576247174 -0.249795080931422 -0.145377744608526 -0.0447150267135888
-0.12636538046416 -0.611986672213946 -0.0439194539549966 -0.161472814582906
0.280466388631004 -0.549902859200812 0.136555789054445 -0.149504541033282
0.298720272562798 -0.436155035424678 -0.24206195753401 0.00133295484003126
-0.0532281557781342 -0.513506851834506 -0.00220371305285423 0.0907879906996295
-0.348653253641604 -0.300281930157929 -0.0135715014987079 -0.0747784076719233
-0.389093430485483 0.143167382473663 -0.0631008155138134 -0.038154391200291
-0.18461202839555 0.369136003666991 -0.0897936531493065 0.0598516195775673
0.0609602360036241 0.390238813046203 0.0184404487736619 0.0942466962607303
0.225181079808364 0.280849083282389 0.0766006160259116 0.026476218005124
0.270850608751637 0.233793680363602 0.0837902623313395 0.015289031896521
0.246476467818908 0.253019140696009 0.0840642939701117 0.0405261529127888
0.137466707506351 0.413203842740538 0.0660989174776025 0.0769192068707825
-0.128801325013967 0.444963888078248 0.0082984378757032 0.0949157821541126
-0.384327105211635 0.271528137305302 -0.093320980644006 0.108436491857286
-0.492740132269462 -0.206534310541619 -0.138763051367697 0.0186286365257352
-0.151321422751532 -0.566438351911395 -0.0321152904717561 -0.0492729465263602
0.227364688230914 -0.546640855647748 0.0483942896519418 0.0240344536132998
0.236817293854515 -0.415515289686215 -0.346610026854949 0.183034358481286
-0.0874825095562417 -0.465760200917577 0.00689913671611093 0.228758478975644
-0.329370791430959 -0.24770351088529 0.00854571656880012 -0.0240762969243808
-0.338372674282734 0.133134187364026 -0.0857720720665844 -0.021965770625232
-0.161547440002811 0.317618486799195 -0.129614680392256 0.136523120872884
0.0460389620438081 0.339333271327949 0.0401702527640638 0.214257662194848
0.186061390822158 0.251501146760095 0.152927070943467 0.136484336368563
0.216643431687874 0.213098397369392 0.174073405452787 0.104784226498574
0.189240512135255 0.227888436817695 0.167859202610535 0.127032921617385
0.0955627205655637 0.340779865202274 0.117541319269387 0.166910831005349
-0.114844189466977 0.341823918276745 0.0112643256970422 0.1707191369686
-0.287055001041547 0.190744439834303 -0.0977086630809713 0.130588828743218
-0.355930269536752 -0.143792602417353 -0.115747241829549 0.0655119520430422
-0.131285582217658 -0.426652085004127 -0.0144190753590742 0.0413515633589066
0.14370976772265 -0.449375646472464 -0.0192861496436908 0.171408354223665
0.130105433669474 -0.32093481112826 -0.414735358928523 0.351396459880272
-0.101938392978192 -0.32054678782587 0.0151026848475153 0.343830370064571
-0.235170375948944 -0.140752545769754 0.0365759683607986 0.0359608915420035
-0.21147939070569 0.0918015139049292 -0.0885464889016946 -0.00402152442187854
-0.106502363093671 0.201602900225696 -0.145969620264845 0.187086760773728
0.0226764796766548 0.225644754151161 0.056340863507697 0.298635960171734
0.115121195787367 0.181428981427545 0.207545435507568 0.224547821561796
0.130058256901292 0.160567481126279 0.236866480139758 0.176871292314461
0.105696575856858 0.17153610858935 0.221530164223016 0.192448505096544
0.0391265324771705 0.224721704235637 0.142679054417427 0.225721428093262
-0.0926045912915023 0.192321573134323 0.00666339200680058 0.210324410117565
-0.159958224482421 0.0800704341518674 -0.0937798569465463 0.121978498431843
-0.174142624073368 -0.0727189339059948 -0.0852718404771491 0.0849200372699612
-0.0904055700697542 -0.236607989530541 -0.000202454223812007 0.0929953477712689
0.0454499756885199 -0.295116291349206 -0.0623978211866841 0.269184563120831
0.00299733184431259 -0.16454188797967 -0.433255542283791 0.472510737064508
-0.0919248421011205 -0.117950519543621 0.0265441490355078 0.415998523938921
-0.0933368471831725 -0.0112177260800871 0.0744326636663194 0.0880784383770011
-0.0501587390432846 0.0302728514297192 -0.0675991874470961 0.00357365557871158
-0.0381029836159101 0.0525596794198878 -0.140509357221034 0.196988880015362
-0.00873493305013931 0.0763720254307634 0.0621308487588673 0.33226418351646
0.0222760590475625 0.0831311009072505 0.229760912785041 0.277251522251433
0.0228156389515221 0.0849107747893594 0.264340412830839 0.221973114628354
0.0127834415202796 0.0920909921116962 0.23909741634207 0.230864919707312
-0.0123176428099807 0.0857086606927209 0.140144896434048 0.252680478223233
-0.054908962162876 0.0383130453992915 -0.0050533997203192 0.216608548067619
-0.0320423435469024 -0.0121664012137423 -0.0814175751047493 0.0933371293216071
-0.0131722317609143 0.00675952788699796 -0.0538788165051615 0.0858196504021559
-0.0614557656976952 -0.0469446620821904 0.00451080231083241 0.113619409468673
-0.0560878815077402 -0.1202111555928 -0.0802707544848234 0.311696792823942
0.105454838208623 -0.0351338832726871 0.0884421836280609 -0.366133285525455
0.0316566025540089 -0.114534789232582 -0.0614279197329878 -0.165907654136015
-0.0794212928642444 -0.0753263770415479 -0.0105162696894417 -0.0652367903675053
-0.0797079593290109 0.062912685347811 0.0526259536085398 -0.0403138325667564
-0.00293903551680771 0.0906893869086256 0.0453263905855185 -0.175182487277605
0.0542233635290927 0.0569990251442296 -0.104237747193521 -0.25570257732412
0.0746684744480692 0.0071491042503368 -0.226139164289379 -0.240129232928715
0.0830161789358993 -0.00590066425793383 -0.260457054945172 -0.220531692889183
0.0826003262138313 0.00737382731789115 -0.239075446343927 -0.25148596312455
0.0563979992508946 0.0770768474656801 -0.113020682729121 -0.283367859413432
-0.0100335966874377 0.110029174791003 0.0485316357734346 -0.216062771748752
-0.104886059663162 0.0608530178433039 0.0465489025341867 -0.042918062431714
-0.103890737623262 -0.108655649151613 -0.065975371666011 -0.129865027459638
0.0666856998274209 -0.143837169141083 -0.0349970846079273 -0.33556350068855
0.151222500081614 -0.047160368751413 0.346896558851646 -0.502982137359822
0.185805418894681 -0.176339327088991 0.0469887112199502 -0.34158736261449
0.0185491850976106 -0.240494177719469 -0.0468844101033029 -0.158898852036736
-0.155063207162748 -0.149172710600277 -0.0396292160098711 -0.0863208666089372
-0.173996875008527 0.0933568013925551 0.0246123088691049 -0.0270904802098866
-0.0549471619561347 0.194364132453147 0.037206031231776 -0.129389948815048
0.0763200481289796 0.179026880417277 -0.0672801866994337 -0.214042407299343
0.154191653245636 0.100751877634638 -0.174982132310387 -0.222223840446633
0.183701793435369 0.0795262247386022 -0.208414407038807 -0.200682387121914
0.176355159281239 0.103037021785739 -0.193727036983978 -0.21187093781004
0.108878482062702 0.229180107543174 -0.0978956550344228 -0.228927977888204
-0.0624200699230964 0.270890177741452 0.0243126523422178 -0.173058155176986
-0.251751345141337 0.153718785852197 0.00152404988970269 -0.0209395866700395
-0.29158323677736 -0.194704005921386 -0.102615901893237 -0.127365118856673
0.00105721789284233 -0.370322019594085 -0.0450630788811208 -0.318016541020063
0.233414366363818 -0.277083766342908 0.292252967440453 -0.442471774200815
0.251010529597455 -0.303565070762302 -0.0270186832064876 -0.271043546099852
-0.000484006187369111 -0.360954931323456 -0.0283606777635601 -0.12008089753425
-0.232737967167705 -0.220952092292788 -0.0497556820546173 -0.103680951481365
-0.267737980345621 0.11817480727885 -0.00612153455989007 -0.0308275321574782
-0.10902831434124 0.286124934273867 0.00671116990782438 -0.0759379528166329
0.0863409600594677 0.287252011313423 -0.0339141277721117 -0.138049529201499
0.211707946104386 0.185388718647251 -0.102099475965075 -0.168344947234962
0.256917844556616 0.151879048157902 -0.124545161337684 -0.150761035761815
0.24440422149637 0.179122316788488 -0.115580425747205 -0.142212456516032
0.152858497258513 0.346656439216403 -0.0575047021787062 -0.141106413481111
-0.0937693933425794 0.400131298267051 0.00739263315794233 -0.100256686345183
-0.359479331334905 0.243788380939412 -0.038315364395505 0.0183227634716786
-0.452001351058675 -0.232392884524005 -0.131110095317351 -0.0925053998024882
-0.0834371587131336 -0.536593276536256 -0.0539620458834073 -0.253098094287473
0.268724956688118 -0.463305184368654 0.213957797059975 -0.3199472002573
0.286064027036029 -0.401276040811504 -0.126328214502047 -0.150243213691974
-0.0344407134238928 -0.463113833263106 -0.0119884689744796 -0.0366425983033825
-0.313875177774314 -0.273783752663421 -0.0430812323737117 -0.100559040513645
-0.347208441872428 0.145009220241767 -0.0375699805682105 -0.0382166951983656
-0.150124860742158 0.355235847322585 -0.03881874781242 -0.0091996926376312
0.0888394934621751 0.364055502458425 -0.00387709137059945 -0.0302595772109275
0.241469118419322 0.245296220308647 -0.0155156760408357 -0.0826952551780499
0.290546289191406 0.19892032113496 -0.0220333743492918 -0.0774562042303803
0.272737737193165 0.22549625354611 -0.0165524295088146 -0.0562343273102763
0.173949791015179 0.406894304217686 0.00298541270927102 -0.0349799448695522
-0.103417101945618 0.468471743244493 0.00398846215395267 -0.00477064111287827
-0.401535636046336 0.301380195130792 -0.0663361635813596 0.0682406346916426
-0.535192766892818 -0.221323017001909 -0.141290967774842 -0.0337689462006737
-0.154791502604518 -0.602828819881368 -0.0492512661195393 -0.152571016293513
0.254892408478054 -0.563055024938005 0.127197884435944 -0.152565901705495
0.276022370675001 -0.448221018591669 -0.236870911390742 0.014668953908482
-0.0776267958686536 -0.505655921887731 0.00399639164319716 0.0868956025421293
-0.363052760298879 -0.282999602281161 -0.0233553849285252 -0.0720863941566945
-0.378498459871635 0.160083921799425 -0.0680361812277854 -0.0341941161787181
-0.163878268627484 0.374570283482238 -0.0867168694998375 0.0714731753775087
0.0820550524372002 0.383083555145685 0.025031420480629 0.0954248352599847
0.238209916080637 0.266831721772951 0.0751117608562702 0.0225196404348588
0.279497740510405 0.215625004784601 0.0836785788905715 0.00895940446381531
0.255887000741475 0.237836887877234 0.0866893543474997 0.0339422759929986
0.161101706679803 0.400110933406554 0.0710722620738589 0.0702878820413986
-0.103541800483126 0.447860427468997 0.0123789034864989 0.0933608210120433
-0.366962917811079 0.287293834396715 -0.0818281640934351 0.114012431770704
-0.497628493117936 -0.179627621136201 -0.129865719050259 0.0285899872410667
-0.179521989926447 -0.555580613331366 -0.0316446494651486 -0.0421187632660658
0.201830282929636 -0.55703730286472 0.0469650993236929 0.0243952722505748
0.21436091530633 -0.422624713125857 -0.333248539987835 0.200102683597825
-0.107727421953919 -0.454097320312192 0.0180646261857187 0.222006534635456
-0.338871830414672 -0.231120196597135 0.00237034892308721 -0.0228880935516967
-0.328264897369037 0.146561464468311 -0.0898579259981181 -0.0188321874722991
-0.143058158338666 0.322998925721839 -0.122574120754554 0.149165485258768
0.0653173942451877 0.333657456110976 0.0527091352275793 0.213101337049769
0.197298440898425 0.24021617952887 0.156284415773762 0.126935423824791
0.225769687012331 0.198548416854311 0.176732384363789 0.0928447941071529
0.198275715993904 0.215392413427509 0.173681331435044 0.114631425396981
0.115376614600921 0.332001928935914 0.126534908681437 0.156181072757345
-0.0957041776491229 0.345322380510032 0.0203079165825417 0.167408948110569
-0.275093711123792 0.202396946724918 -0.0855293179985027 0.135058380079681
-0.358751485697535 -0.125128782694245 -0.103319676407906 0.072510325209947
-0.150269881667458 -0.415288237334874 -0.0101712875184546 0.0445784752436352
0.12457986987948 -0.454744491833546 -0.0142673664327357 0.173013888848986
0.113968901742362 -0.322810527117146 -0.395445290658284 0.368898591718546
-0.114698933015066 -0.309448653517448 0.0307644452035828 0.335372340061723
-0.23941597152181 -0.129197031782759 0.0346388818372636 0.0337286544766622
-0.204891130949689 0.0988036215484436 -0.0908459951453815 -0.00159843630507302
-0.0948668507554764 0.205628196305289 -0.1367303804762 0.198303065265006
0.0346310054510415 0.222588077136792 0.0731573127395409 0.296015881448046
0.123249080858788 0.174612504748882 0.215677928781225 0.211364474474663
0.136573458060248 0.152042167630418 0.243229467976672 0.161803379573013
0.113628167591395 0.165308490993003 0.230525221627404 0.175525577241561
0.0518181810648834 0.220195539764624 0.154151035884404 0.212683190181951
-0.0820546947738285 0.19567672076914 0.017923963102028 0.20590024602502
-0.154872130250232 0.0863726550933972 -0.083048892293911 0.125080402386374
-0.174650349194963 -0.0648339073767397 -0.0718099765096052 0.0887726623255153
-0.0993012383216557 -0.228174944097042 0.0053486736477401 0.0930123083946862
0.033690779888188 -0.292708883833973 -0.0524530661449275 0.27050047802539
-0.0054220922262677 -0.159511139472028 -0.40842944261627 0.491155529690856
-0.095237030729792 -0.109827795740954 0.0444387424635868 0.407328356140249
-0.0911039767749851 -0.00846527598534722 0.0764143776435728 0.0818969125759966
-0.047923986947168 0.0301104790171756 -0.0689490276529674 0.00528773984712889
-0.0358581865143505 0.0544031094374435 -0.130694229328091 0.206641068263383
-0.00513533598812788 0.0764951584695418 0.0803147548609815 0.327154489636897
0.0258774519030934 0.0823927041438877 0.241036442428306 0.261612466206348
0.0269693589363618 0.0838157703095937 0.273274439356643 0.205639555976453
0.0184681144104299 0.0914321758566461 0.24874444196826 0.212762151836369
-0.00802580127661597 0.0854134888317152 0.152216566014829 0.238742422859476
-0.0543894655858671 0.0410332211058327 0.00754533762927558 0.211866209862604
-0.0335376378179683 -0.0123274893964447 -0.0737804487770831 0.0955331813430924
-0.0108234598706963 0.00487270487469454 -0.0418046016983943 0.0877444871241217
-0.0612731041968131 -0.0408691096760111 0.0108101609211333 0.11210568786765
-0.0598860043356542 -0.111424600318934 -0.0685589797244287 0.31175788190925
0.0992143675566359 -0.0419002413946207 0.0717655088531487 -0.356164683987003
0.0213286693264721 -0.112123851410647 -0.066249349130593 -0.157788984986469
-0.0828513180967305 -0.0663406368450009 -0.0188019219520363 -0.0603543263984702
-0.0711498657944269 0.0667547320854768 0.0471292062295051 -0.0374665108258928
0.00443016152547007 0.0867516222777402 0.0347098648952653 -0.166864718114894
0.0564554672831798 0.0506564708534326 -0.112189629622012 -0.237744484417352
0.0717988307459454 0.000947819130921438 -0.228564936094971 -0.216634065527722
0.0782801353196764 -0.0110838436776582 -0.262041556760296 -0.198502818851743
0.078110266283396 0.00131621179013754 -0.243556341546885 -0.227641015564134
0.0591409849895627 0.0708106142466969 -0.123996188349271 -0.26800966528584
-0.00204360160698018 0.105764259390773 0.0362184723334803 -0.212319120136369
-0.0965169118441452 0.0645809666145963 0.0464367192007774 -0.0439625448691123
-0.107655273578377 -0.0986391005637825 -0.0693883544181615 -0.11931320508756
0.0552177385685265 -0.144001495198862 -0.047985843756055 -0.314878266120643
0.143767931759341 -0.0564364801145855 0.312215285300212 -0.499438051299472
0.169881355295993 -0.182843591709289 0.0333673384965321 -0.331347180330047
0.00315650894979435 -0.231593229395795 -0.0504923485915335 -0.151899187825453
-0.159790519578893 -0.133696941571973 -0.0466655684041899 -0.0782110574335587
-0.160950417195196 0.100406250900873 0.0203423483732005 -0.0240046147781952
-0.0400612829215253 0.190116058260628 0.0303683362617983 -0.12148077976549
0.0842566725495509 0.166566510608963 -0.0741232361250319 -0.199869303968858
0.153365167938206 0.0868494620312347 -0.179869895571878 -0.202270020520639
0.179714774634274 0.0649675346306344 -0.211480207398587 -0.183203264829531
0.173048944031775 0.0886845750453993 -0.197297124800438 -0.193401256401308
0.118385738574882 0.214488569348714 -0.105918698579652 -0.216141380227601
-0.0438812042777645 0.263396155282618 0.01380141920122 -0.169425796887224
-0.233966971861594 0.159893586275583 0.00548837656526791 -0.0200116647588529
-0.291687295359054 -0.172508835036101 -0.103016455430052 -0.114572397473582
-0.0185885364500888 -0.358951809086372 -0.0557758258920693 -0.29774684256441
0.213249616077901 -0.283508542170963 0.261927248570622 -0.438143891630147
0.225989067018279 -0.307753576400231 -0.0335799729280483 -0.259568637933223
-0.0203539719655593 -0.346820851336804 -0.0312990600273943 -0.116223803631576
-0.238750045742291 -0.199594695890636 -0.0583136794131261 -0.0938878846296601
-0.250753112454966 0.127291720668179 -0.010027836609913 -0.0274234788446466
-0.0873011282070549 0.281176084012325 0.00381442909349863 -0.0678291896864124
0.0996633677927998 0.270344158540944 -0.0377971125263652 -0.128064315583189
0.213441360476527 0.166250632758394 -0.107610289722568 -0.154476155759075
0.253049583073395 0.130746318212822 -0.127880856317858 -0.140457035181972
0.242396030073652 0.159074733053676 -0.118274866349099 -0.13149658500598
0.166219726734869 0.324830588017874 -0.0622660226714773 -0.134305939829913
-0.0675743090343845 0.390331296631856 0.000565737085214195 -0.0976001977295823
-0.331738574451378 0.252915190545656 -0.0304751093337269 0.0200386579085269
-0.448924546025623 -0.201473653694281 -0.127445925052051 -0.0793246361035672
-0.107309246635109 -0.515275311849733 -0.060476407404206 -0.236222755460876
0.238951130508889 -0.46560410798061 0.190483356808285 -0.316171805342116
0.257266952497313 -0.401628798155805 -0.123878317550624 -0.138650115019436
-0.0564318657231873 -0.442427858820565 -0.0111138631573056 -0.0373881985288384
-0.317412237443155 -0.248148288742508 -0.0515087571749296 -0.0918726940663546
-0.327380277074673 0.156035425825583 -0.0407658849981891 -0.0331652300872111
-0.12431163327787 0.350243302500546 -0.0367165097357505 0.00048180647594439
0.106026890560779 0.343287760076721 -0.00282345768842869 -0.026101236824801
0.245358708759268 0.222236705426531 -0.0206176049797421 -0.0769025305555788
0.28927664909985 0.173580045874009 -0.0260120227975084 -0.0747883708634249
0.272067445363768 0.202992749918291 -0.017830330645218 -0.0546627457494171
0.1898980448391 0.380870758773092 0.00163968672672951 -0.0356907780823325
-0.0733220832844249 0.456366320624148 0.00287993079870315 -0.00486742120309808
-0.369331449957363 0.310188227448665 -0.0552186872200205 0.0701378395944171
-0.52689599257125 -0.185583367722022 -0.131590053092119 -0.0230998001423142
-0.180280814633054 -0.575831039126896 -0.0511813649043288 -0.139188081795499
0.22201298885699 -0.561429061629842 0.113518509733144 -0.149986123909339
0.243499267912547 -0.445374405799097 -0.223100049338128 0.0258543383286301
-0.0978891093189593 -0.481501872634252 0.00924920856565854 0.0800728157159222
-0.364443129690047 -0.254897615761805 -0.0312248134516339 -0.0655009688438704
-0.355652889796109 0.170955651380759 -0.070438591072746 -0.0293980790959662
-0.135920476654312 0.371131340134498 -0.0788433707441422 0.0810301924009831
0.100456005180633 0.363289415071298 0.0323411141047058 0.0932196640870707
0.243335877513961 0.243867171210319 0.0712112284148087 0.0180930029672722
0.278479922278331 0.190898433059162 0.0804804094994617 0.00231052777283199
0.257342338232721 0.215330363932091 0.0855865770143456 0.025706652309716
0.178289239235277 0.376316913137286 0.0728611676423721 0.0613885225959923
-0.0735342053680938 0.438479647685308 0.0155509652782269 0.0883347343831419
-0.337913978676741 0.29426865130961 -0.0676360855473692 0.114045607473741
-0.489986770647932 -0.147606924067799 -0.116451928903548 0.0354107682716234
-0.199999721596019 -0.52815120366649 -0.0295872646725969 -0.0348839606690483
0.171674728003192 -0.549279293642127 0.0450204504277639 0.0237659237487303
0.185860723435807 -0.416348785931063 -0.309088182965742 0.209119761290285
-0.12438435427128 -0.430045421456303 0.0286085689810887 0.210134823498454
-0.339942095974801 -0.208082003784197 -0.00246865710150695 -0.0199750550358778
-0.30974944332953 0.155881416178396 -0.0907330306319581 -0.014365931166333
-0.120372512959576 0.318603534653148 -0.110262742096406 0.156983885161612
0.0799816528872694 0.317934519744575 0.0644203206974418 0.204881092294455
0.202373768362393 0.221896555260039 0.155100040257819 0.114500165569568
0.22627430052596 0.178934332952581 0.174227480920005 0.0784888675395189
0.202068121702057 0.19801365639266 0.173039394300295 0.0980516787911332
0.130103228953071 0.312775547398303 0.130908631184885 0.140493443919556
-0.0727120680933214 0.33836871748625 0.0275784153856223 0.159422501253667
-0.254306372719752 0.207721827257173 -0.0715174647206585 0.134557454439538
-0.350676028092608 -0.104091060444376 -0.0882911363719567 0.0752006829128303
-0.164047776608318 -0.391415068366578 -0.00614506147076589 0.0458003874630787
0.101758115297474 -0.443830126411498 -0.00826929696498478 0.16959836492605
0.0942940653766963 -0.312582176599388 -0.364112099727238 0.377291387049404
-0.122648087129403 -0.290207458362321 0.0445659871291914 0.318738827869089
-0.23586392317658 -0.114514293313063 0.0323603416219381 0.0310532551649253
-0.192929658461027 0.102861004566683 -0.0915990833437811 0.00107218448595512
-0.0812363432827469 0.202751964159272 -0.121703978619796 0.204062829578439
0.0449458400297782 0.211981709335668 0.0878927248064623 0.282531127279203
0.128245067500446 0.16225013029893 0.216354926203078 0.192261756505842
0.13937529159865 0.139432891974949 0.242125148776815 0.142066479066699
0.118347543527342 0.153670312743418 0.230427650118001 0.154259288032021
0.0621132340751359 0.208518465104521 0.159729768360921 0.193119591443822
-0.0692033326380372 0.192928176238788 0.0283579604936884 0.195307293505203
-0.145465326551417 0.0894773234634634 -0.070223196572199 0.124125090748788
-0.170708176253123 -0.0554683025709091 -0.0573505527643011 0.0885740103217996
-0.104493395285289 -0.213168129987897 0.0103347337682403 0.0901848771876939
0.0218537956774865 -0.281457785532217 -0.0406313444908601 0.263808138426727
-0.0125952798100049 -0.149857833464852 -0.371872129162548 0.493149531887751
-0.0945572182523677 -0.0983854053104029 0.0593682207656941 0.38773252481343
-0.0868411769978674 -0.00458593756757003 0.075572082171056 0.0744428150221241
-0.0460713782485137 0.0294066679104111 -0.0700757204853365 0.00680936350519259
-0.0322205409338188 0.054265834520268 -0.115694476145156 0.209232025824056
-0.00133861974556571 0.0744412616397704 0.0957759546564022 0.312705020243788
0.029496659582309 0.0791862869507364 0.244337545260618 0.238836249642015
0.0307436279415016 0.0803320700804955 0.273271792911023 0.183081914326876
0.0232280076679041 0.0882112832952672 0.249290239013689 0.189144299786618
-0.0037660042003979 0.0819467521817321 0.15894403423289 0.218423437802805
-0.0515631938802745 0.0424839056977615 0.0196424651669679 0.200432140972494
-0.0346223636985638 -0.0116859690053842 -0.0639869571921132 0.0941073334555885
-0.00829924017047514 0.00206273932140357 -0.0290399160368666 0.0852780796292164
-0.0584698071835927 -0.0339265012258447 0.0155359834399876 0.106829893946633
-0.0606028208363602 -0.100396050565047 -0.0538683443921723 0.303205708642308
0.0880765489870206 -0.0588209008837458 0.0225066106573026 -0.339715987101751
0.0041148383862693 -0.107300954939592 -0.0801973551781373 -0.13778103447463
-0.0867928485651102 -0.0503224049130754 -0.0246636749550148 -0.0489765761006266
-0.0570013199722001 0.0705903359841652 0.0429298149265898 -0.0390420419003945
0.0163159881578308 0.0799155736657329 0.014388622409662 -0.161265155219379
0.0581856660657091 0.0394056784406288 -0.132383372351948 -0.210932616561062
0.0639604748661202 -0.00852169850711457 -0.240768131804731 -0.179764970939003
0.0700965276087318 -0.0203848939814364 -0.267638080774113 -0.153207653713659
0.0712709506231585 -0.00740924362004599 -0.252927698544873 -0.185509852350375
0.063430710182865 0.0600329141915348 -0.147124275940319 -0.236030691748963
0.0104984395561982 0.100040541651375 0.0121712217380885 -0.20425583375702
-0.0815158887768659 0.0704438694408391 0.0426631116567331 -0.0444333237736534
-0.113627849728297 -0.0756729199978864 -0.0834859210648289 -0.100963091833988
0.0286411888200116 -0.137327087131302 -0.0801311307180805 -0.291129379185715
0.118306598168666 -0.0769085260634811 0.240660187730843 -0.508949358539702
0.13704830374427 -0.202641826095885 -0.0135192132290696 -0.298093792102642
-0.02450790540601 -0.21773463608015 -0.0644093070005715 -0.131001617441633
-0.167543255437583 -0.10467479733296 -0.0509316979634813 -0.0585675259374643
-0.137151250875418 0.110561874568393 0.0227579078732876 -0.0219868412677313
-0.0133981047203608 0.18103446810467 0.0204196083049987 -0.119742016483737
0.0971390179774915 0.144148785705738 -0.0887010635258277 -0.183538470410708
0.149321326695426 0.0625155043153898 -0.190908120747718 -0.173658317041269
0.172891550381867 0.0385348460613688 -0.218448124188978 -0.146257928058667
0.170040061413448 0.0633598037732109 -0.20302740969267 -0.158944710203146
0.135411761580459 0.184734127929224 -0.120412910186491 -0.18841650476347
-0.00877227287228423 0.250435986303673 -0.00043951713611385 -0.158970356577408
-0.1973536678661 0.173420653788057 0.00739918696017062 -0.0117673759123881
-0.29443021904376 -0.12072096651675 -0.118961489606276 -0.0891619343261813
-0.0620710749165181 -0.326359827828144 -0.0941574853889509 -0.280382045150836
0.154871616190842 -0.293416398487983 0.20274125079766 -0.450531714648464
0.176870868258347 -0.328050420322495 -0.0715080852690385 -0.21144294681407
-0.0571934817518511 -0.322077905454027 -0.0406454069713626 -0.0967396357855178
-0.248618483309249 -0.158347204143469 -0.06040882502706 -0.0676981561504966
-0.218998435811715 0.144978309308355 -0.0039341519419103 -0.0208812200289219
-0.0478236005681921 0.271600248688843 0.00659376351147692 -0.0670818523569049
0.123908549721514 0.240081099561799 -0.0432146091360103 -0.124258987782157
0.215095192070094 0.129954533373438 -0.114253122176187 -0.138046536032823
0.249414918394578 0.0908812617129632 -0.135606547285904 -0.116394633774886
0.243118087193377 0.119699600386787 -0.119787461355091 -0.111428793497655
0.193765146726665 0.279665433855709 -0.0660917710261417 -0.116637513470442
-0.0136843393428553 0.370760583837673 -0.00120105189060345 -0.0881400584929531
-0.277857439199843 0.270532832038405 -0.0196477385295798 0.0335586620889996
-0.442806483564348 -0.128397398795214 -0.139936627979627 -0.0508586135781879
-0.160231493488628 -0.458874061812704 -0.0988016853329707 -0.226350433166992
0.157371603203173 -0.461879328819662 0.151027119815403 -0.331947438536205
0.193623267028706 -0.422610372898846 -0.14422097445875 -0.0780818154425728
-0.100267349372768 -0.409336798018502 -0.01165163932524 -0.0228487117261926
-0.329403274994985 -0.195956471532771 -0.0512693870225722 -0.0638522984029089
-0.288750653237486 0.178487771783784 -0.0321256512691455 -0.0224873208361721
-0.0746060987747826 0.341088607460423 -0.0194796117069747 0.00080330578336419
0.136841368214466 0.3080848451655 0.00428180300139717 -0.0337639323837051
0.251933871481944 0.179876484892625 -0.0214044463449638 -0.0766625213341028
0.287912385229969 0.1280499367298 -0.0321562497828187 -0.0686060136868702
0.27677678574628 0.156553874138662 -0.0163301642285715 -0.0515663584014132
0.222904415091246 0.328739989227696 0.00795395627099117 -0.0325006742538812
-0.0124625264372652 0.432427941945544 0.0125309846843633 -0.000750666972989083
-0.305784917112891 0.327285865304418 -0.0362900323628068 0.0850497443476774
-0.513947898219384 -0.103007679970319 -0.137655896606228 0.00447143145956668
-0.233269185560477 -0.505965314371071 -0.0833617135075511 -0.138577533440864
0.133378612357592 -0.546142522996772 0.0973303519704789 -0.169102883210889
0.176483434366809 -0.457401177039092 -0.217511671774451 0.0917703367179865
-0.141124675529776 -0.440900357980585 0.0222559893833131 0.0862518675356583
-0.373488954581589 -0.197090339619936 -0.0262969590604618 -0.0410872215458108
-0.314964261599464 0.195290126406483 -0.0593729100506315 -0.0156859529576259
-0.0855433542976303 0.360593531724045 -0.048182477878789 0.0824190383289696
0.13511920073765 0.328643739707402 0.0527851278720055 0.0740987259313655
0.25261232152844 0.1999031560326 0.0778186585938468 0.0040590158471211
0.280944783895865 0.145702855585311 0.0759610505642394 -0.00892045213376296
0.264219562121851 0.170900991129964 0.0896273502879853 0.011734963644932
0.210739502203774 0.325340662086882 0.0860375666380604 0.0494884533301681
-0.0134323395429136 0.41538593722681 0.0345825785769068 0.0855918324963719
-0.277136220924346 0.310442944104897 -0.0430402269403796 0.127217198272735
-0.47443096680384 -0.0752226373952109 -0.112603413247184 0.0560556887227427
-0.244816937115311 -0.460227515421118 -0.0503423729363564 -0.0423432056452377
0.0916292267146415 -0.529592112559984 0.050347575898034 0.00429686164411691
0.127917550160821 -0.420392490018501 -0.274535830761908 0.271083484979408
-0.15868088013459 -0.389375983831766 0.0558318397819584 0.204812402080604
-0.342672548121024 -0.157213299837099 0.00592035377782126 -0.00491508589298225
-0.273843436246025 0.175232731807068 -0.0790536102724678 0.000249851202234968
-0.0775269303006326 0.310902479692756 -0.0704736962111836 0.158238553119743
0.110925686503929 0.287653534748606 0.0957827382082638 0.177790383287037
0.213698048239608 0.184359282906811 0.167491431256441 0.0860069967645682
0.231937582818726 0.139987474292854 0.172743440884778 0.0511507718613375
0.211553464313807 0.160594587366431 0.178857981410138 0.0696922693467412
0.158048159712836 0.271763687124528 0.147686361646756 0.115649301908727
-0.0260958306003117 0.321523333595642 0.0516469894827796 0.149324818946699
-0.209923083125954 0.219345165974143 -0.0458805001921128 0.143507150340033
-0.337235513499347 -0.0524979030344851 -0.0767918470215277 0.086105964133964
-0.194381390317527 -0.341338441595715 -0.0146369465828527 0.0338960507119482
0.0402754411975513 -0.421733332990658 0.0152890184365179 0.150899347844786
0.0518064324799904 -0.306720590991596 -0.301297881655082 0.424918360777758
-0.141966864881359 -0.257013809626395 0.0828658743523793 0.300547920940255
-0.233621350327547 -0.0817717918718598 0.0410322159787438 0.0331262323766215
-0.171295867318966 0.114457793185184 -0.081765825906379 0.0144054615220316
-0.0545481712547461 0.198295953213313 -0.0804934415780445 0.20665378137079
0.0660222263370529 0.194055477147353 0.123372905868565 0.25074386521139
0.13836645096333 0.137834211918755 0.233176062193087 0.15492170192178
0.145957649960481 0.114607240514802 0.242838333856961 0.102017210002433
0.129088206491637 0.12875669614599 0.236062814652279 0.115912120336719
0.0821684897097915 0.1828869875868 0.177718982806723 0.159896024962522
-0.0407285166941389 0.186057152231362 0.0532199129662135 0.181005077926273
-0.123493768140922 0.097474648250736 -0.0495801578311563 0.12875760233648
-0.162940777234663 -0.0320035328540347 -0.0419937966380416 0.0909820622182339
-0.117184066072249 -0.18329637544657 0.0120944710285561 0.0782211714180647
-0.00941655667034047 -0.259093720014852 -0.00761903043472029 0.247534719425418
-0.0295255343821774 -0.135072033933695 -0.290056594817845 0.520226336398111
-0.0955811783312702 -0.0794940997445329 0.103507428980069 0.357493621047973
-0.080405132070986 0.00369388264682349 0.0819419108165718 0.0606521056969797
-0.0416702246617936 0.0305116197231213 -0.0664248295464622 0.0154184603047742
-0.0257046972727202 0.0540305773761012 -0.0802572724293375 0.213551521414429
0.00767515128080701 0.0702813905010429 0.130731698928751 0.282804512687765
0.0379245991793799 0.071401292491895 0.262169463687515 0.198460506986657
0.0386912080702452 0.0725347656925217 0.276417830573612 0.137727121939286
0.0330916199530539 0.0784686222297706 0.254700203307919 0.147132639600423
0.00557122588505322 0.0744020645942763 0.175677665340125 0.182550761780693
-0.04375216745427 0.0443920954652453 0.0414583641364073 0.184933148118719
-0.0334719227091919 -0.00836706005504401 -0.0488479933730973 0.0949313221842929
-0.00527600874309382 7.26029051562054E-05 -0.0120098286614161 0.080643108059872
-0.0528967176532358 -0.0243051359372356 0.0242204812197987 0.0987611479841407
-0.0617707288091618 -0.0813166977180682 -0.0187164449651382 0.290080869946089
0.081630048002399 -0.0572670080929546 0.0279208218205812 -0.322443066367056
0.00237939792642283 -0.100301914673332 -0.0736632108745746 -0.132881510654014
-0.0826527814204421 -0.0458729230534142 -0.0256881944150801 -0.0445670474011978
-0.0515980325804453 0.0667043595849324 0.0409607110682195 -0.0341282078059875
0.0165275380329583 0.0748503586190002 0.0162407951257298 -0.149654711249445
0.0551776256381205 0.0361639229938446 -0.122437176757956 -0.199260016204305
0.0593222596067728 -0.008407458508573 -0.224708037450988 -0.170172792539907
0.0647363835046602 -0.0193607559247212 -0.251233247618178 -0.147993727668354
0.0658151276247768 -0.00672623879080326 -0.237069617212317 -0.1771681676951
0.0598411561690168 0.0568094995291361 -0.137752217853393 -0.224988785557169
0.01030792951352 0.0942264681561474 0.0132542685731771 -0.194742008569504
-0.0773260142019334 0.0652129338297168 0.0435911174488156 -0.0429874814524599
-0.107691743331033 -0.0716498444028246 -0.0762915570748595 -0.0941562252456266
0.0270575693264086 -0.131103300634353 -0.0691611564442093 -0.271412967671244
0.111824199024043 -0.0744628260504859 0.23431248452955 -0.478290662218764
0.130592358774788 -0.19236986871706 -0.00570154489756634 -0.283753153965053
-0.0230365757675251 -0.205069382428482 -0.0579777170937031 -0.126640134346525
-0.158481710255934 -0.0979996442029722 -0.0509820687797369 -0.052420419118736
-0.127809766617997 0.103920701119637 0.0211608611147582 -0.018143532086799
-0.0120936961538284 0.170075504556628 0.0221501576397331 -0.110017063499359
0.0922940154429535 0.135060597489339 -0.0808366931943764 -0.173084725038196
0.140003677483839 0.0595027668160983 -0.177673696038933 -0.164377253324385
0.162108446269012 0.0368992135303921 -0.205102188219032 -0.140228559274329
0.158154593280173 0.060616156121008 -0.190011921020747 -0.152597705617582
0.127438413390142 0.175085404877155 -0.112374856675247 -0.180118271601226
-0.00821669126338436 0.236742123598013 -4.25620397979097E-05 -0.150704564102572
-0.18771371753964 0.161628903969494 0.0112204445109541 -0.0121464140143578
-0.277742561542317 -0.116390478373637 -0.109170761342798 -0.0839107295536894
-0.0561937753604492 -0.311358639563643 -0.0815133760165879 -0.262173083699833
0.150112177242082 -0.279343981214963 0.199249798284336 -0.422447965775109
0.169526080857295 -0.310843061123478 -0.0611518070416315 -0.202127689572775
-0.0519395239240306 -0.305014047465871 -0.035642040620736 -0.0949791577123307
-0.23467675405711 -0.150522451896071 -0.0596197462893669 -0.0609957823083537
-0.206610538001799 0.135176103800492 -0.00531703147616556 -0.016760141577457
-0.0452646925246143 0.255972036222879 0.00940823182261852 -0.0592326649092159
0.116558052013565 0.225805736158281 -0.0371755540661007 -0.116882938173485
0.201772518295313 0.123579369828975 -0.107396976193961 -0.130508805753479
0.234103953255538 0.0875613802116203 -0.127771238621264 -0.111751618394736
0.226982108102584 0.115676805606175 -0.111934901499111 -0.107179286295601
0.181842735500345 0.265779761367207 -0.0622293451508679 -0.112251519821843
-0.0151921499495417 0.349922560030676 -0.0020489322755027 -0.0834582240461296
-0.264592554450686 0.251649072994793 -0.0148836712140431 0.0303492286625404
-0.417117011726612 -0.125509053337164 -0.127441720615681 -0.0487191494043903
-0.147678130270573 -0.437655022818047 -0.0871205634525079 -0.212165351874913
0.155787463809133 -0.440307145505233 0.148126327297326 -0.312091860569693
0.188564996841458 -0.398204275791185 -0.131914548623264 -0.0772167658029496
-0.0904022936382497 -0.387768490866282 -0.00956447432505777 -0.0254721950163867
-0.310859128177443 -0.188003982946129 -0.0506965658376398 -0.0572085994281423
-0.272677901506329 0.166102709742501 -0.0328521633802415 -0.019074923826712
-0.0722289692519937 0.321898482844047 -0.0159030626251236 0.0061106240411707
0.129417387490922 0.291985602466981 0.00750866812163353 -0.0312028577215242
0.236788784902356 0.171569551112634 -0.020550219486682 -0.0715997365704127
0.270092923299859 0.123791777525625 -0.0310910464780978 -0.0654506909947679
0.258454032053267 0.151057109030184 -0.0149544239293991 -0.049895234212027
0.208756138418835 0.312608773666126 0.00737559275464614 -0.0323726548760085
-0.0122902787211729 0.410179672809453 0.0102451717899458 -0.00059206910555924
-0.292248922399093 0.305975172222475 -0.0305644350702861 0.0786134964122004
-0.484852179751992 -0.103786729424762 -0.124727727248123 0.00227563461020028
-0.21551997404261 -0.483689910542336 -0.0734952925786672 -0.129447619467743
0.133620821582709 -0.519958120457392 0.094850156859107 -0.156587328866163
0.176014395503301 -0.433179218929435 -0.204973718569218 0.0829317250796087
-0.126931691001516 -0.417692248445642 0.0214847585842571 0.078760511946623
-0.352502289501132 -0.191389000884897 -0.0272781316013876 -0.0359085234779673
-0.299543197851871 0.180873255683142 -0.0600942620391578 -0.0132582904815593
-0.0832023458132394 0.340920923730643 -0.0442909374084846 0.0831577941113147
0.12589956847224 0.310983158091734 0.0526265038274478 0.0715455193397198
0.2379280989319 0.191034928634998 0.0722508977967757 0.00451501227921527
0.264667146746996 0.13970816806744 0.0704287378413459 -0.00827252356672213
0.247886498621415 0.163580565092121 0.084016388828824 0.0103943438095367
0.199434544599562 0.308646741898418 0.0810259907343304 0.0452297057886619
-0.0150484382829521 0.393045522253752 0.031013005340762 0.0808525246220279
-0.264777289805944 0.289599934720035 -0.0378902246160912 0.118204280382468
-0.447022568491564 -0.0752143004482621 -0.101415716413316 0.0502390302532204
-0.226255090757951 -0.440318021133957 -0.0444076846066371 -0.0379497637238448
0.09418012497058 -0.502360156551383 0.0479639820440367 0.00587539248708221
0.126434246198122 -0.395323886672974 -0.262402747777091 0.253290209704153
-0.143559642300048 -0.369473882889321 0.0507800542142909 0.191151359913066
-0.322940687799385 -0.152768061284207 0.00317473376267562 -0.00220763599207794
-0.261886502808144 0.161703688111636 -0.0789937097006738 0.000592432460188932
-0.0762194549772356 0.293634647859275 -0.0665878827220591 0.154502712537564
0.103155289762648 0.272527570572221 0.0917874162131426 0.16970503419714
0.201145710911356 0.176217962353508 0.156339640926846 0.0833019125077703
0.217672218607146 0.134069652469325 0.161811282364524 0.0497690396111449
0.198547650469423 0.154091774186023 0.167068013739468 0.0648368818905059
0.147926795709015 0.256883412766879 0.13810910549149 0.107557516388458
-0.0261234613711236 0.304792102707717 0.0467420460893939 0.141072479361049
-0.201125372590117 0.203960601443169 -0.0416868407383839 0.133085611786602
-0.317637640805829 -0.0535798760947045 -0.0680173266501886 0.0777831042784523
-0.178567611607903 -0.325893160600492 -0.0118334019869496 0.0336720499681713
0.0463555128331179 -0.400276667431507 0.0117347591486447 0.145158517405865
0.0550162714563883 -0.287235756183627 -0.2915377078276 0.398200383130554
-0.127738805025969 -0.24361702847163 0.0736600171460998 0.282758828087377
-0.219272825997347 -0.0810189678049997 0.0369050331417896 0.0328046803209135
-0.164263674009517 0.104597421904633 -0.0824393803815355 0.0127863774254996
-0.0534726883715907 0.187148184980762 -0.0767109157420259 0.19911076900042
0.0605441701095045 0.184140379746679 0.117541819897674 0.239238799975932
0.130571300492639 0.132508830305485 0.217555362311356 0.148356398840338
0.137462412815096 0.109860218966826 0.228044890981327 0.0982154490795718
0.121404952926449 0.123933140718535 0.221004322377744 0.1096566983815
0.0768104445254616 0.172890713939611 0.165498061147751 0.149778854132237
-0.0401296633550927 0.176310375923911 0.0480057245653425 0.170282168918372
-0.118175453312961 0.0897613410155701 -0.0454520814202435 0.119341451124787
-0.152452086068194 -0.0335178588651595 -0.0351490123438973 0.0816966355088039
-0.107449377094024 -0.174827425366335 0.0113858877513002 0.074819079640704
-0.00299195585437669 -0.244409574617536 -0.0115378273529335 0.235358139766701
-0.0244791359713722 -0.125619786745449 -0.282730064613547 0.491146739468378
-0.086764741114354 -0.0748854752655607 0.0917021313693634 0.337768267254589
-0.0751971818083935 0.00164681648772196 0.0754443565849718 0.0582700292989604
-0.0410369099623667 0.0274171319472362 -0.0664724336055426 0.0142507933209539
-0.024903774665325 0.0515903527396776 -0.0780441574977657 0.204585290139945
0.0053331130550396 0.0668988900390191 0.123452508425057 0.269857109915671
0.0360094299302384 0.0689133708422047 0.245577485452044 0.190538888259801
0.0367422248103002 0.0697670937280526 0.26020405326671 0.132581823856457
0.0313358488319034 0.0749259289991314 0.238121235920621 0.139949603383712
0.00445360955458722 0.0704360384448355 0.163970811339363 0.171809086790154
-0.0429686384381505 0.0425222088218036 0.0375876796504798 0.172103139379114
-0.0332316908913327 -0.00942066368738316 -0.0466838519039724 0.0874341887488328
-0.00366447100447203 -0.0025195473831991 -0.00783507225576392 0.0727824525795015
-0.0471644944870428 -0.0228974777689044 0.0215418420030349 0.0933387253651315
-0.054224965355374 -0.0752313474840138 -0.0232383874073605 0.274978058306067
0.0793976380482254 -0.0547612996607336 0.0426866177067675 -0.314744261833349
0.00289266192628411 -0.096272378864184 -0.0664824384565928 -0.133199825446715
-0.0794404448913448 -0.0451011216003279 -0.0265383049181494 -0.0420154644474099
-0.0504477144339901 0.0633728802008867 0.041128718615628 -0.0288817064171779
0.0150143336982818 0.0724956403594881 0.022718211893978 -0.142590885343643
0.0527472590110082 0.0351161143758085 -0.110594071533212 -0.196039003054569
0.0572826274109202 -0.0067944450948138 -0.210798968218272 -0.171797906154286
0.0628425591573696 -0.0172675384331419 -0.239272806883113 -0.152338260434841
0.0624686152536171 -0.00468225656634884 -0.224253346256946 -0.180671196371574
0.0576754248842702 0.0576348989293454 -0.127591304199511 -0.224581819268618
0.00854645790125103 0.0914857295782298 0.0188266141018064 -0.18980113560433
-0.0771902026639622 0.0611151177454204 0.0464231783130266 -0.0408509880104778
-0.103335707246607 -0.0722835145501527 -0.0689937154624936 -0.0922607271974862
0.0293143943163407 -0.127839056536907 -0.0522814394623782 -0.263766842379019
0.11060751137979 -0.0711385532801427 0.247689996393609 -0.455013773442413
0.132393385169982 -0.183783268772008 0.00910091108647607 -0.278816234635698
-0.0168365007075438 -0.198957888379787 -0.0510735587776411 -0.127112863521198
-0.151000615435079 -0.0981896579908383 -0.0499620479557828 -0.050126948858701
-0.126048891351762 0.0965231607239082 0.0208385789037635 -0.0140831754986536
-0.0155501729668964 0.16417376789925 0.0277379452435655 -0.102803178855213
0.0852627932341427 0.13317138333491 -0.0704694341125491 -0.170349361243761
0.133766471700414 0.0616880099801284 -0.166562488154477 -0.16489961223979
0.155062884198358 0.0408088476335051 -0.195005319169596 -0.143438375214356
0.150221115756169 0.0649960401540282 -0.179382354853943 -0.155591949978343
0.119141952031429 0.17456620225396 -0.103168864420669 -0.179784932500682
-0.0149361199995118 0.230017224255336 0.0042066653674749 -0.146975159114033
-0.187913282557499 0.149680411553681 0.0145588515909266 -0.0122328959435716
-0.266046007758345 -0.122607913297737 -0.100556350913512 -0.084119964071977
-0.0449809704809565 -0.306799009671037 -0.064751582891351 -0.255222890772779
0.157111992740924 -0.270261952964993 0.210777062037273 -0.404382834623375
0.175730862937242 -0.297901882786377 -0.048321598267205 -0.201333452011141
-0.0402082008005863 -0.298020691544747 -0.0301763634126155 -0.0963701535288942
-0.223129938499144 -0.152509653372592 -0.0586656125914101 -0.0585788034353555
-0.204004507939013 0.123802275359079 -0.00586002783765462 -0.0136219525322991
-0.0508663892799232 0.246783792375057 0.0137194618759367 -0.0537991511976095
0.106414749411109 0.222734868483874 -0.029744622415518 -0.115060728059272
0.191615753511245 0.126624504240297 -0.099894252513808 -0.129937303057476
0.223664325484481 0.0918018415165588 -0.121301836031251 -0.113660553240043
0.21518659945105 0.120440977236453 -0.10457578919953 -0.108955750239517
0.167930844996296 0.264447534263014 -0.0566279588930928 -0.112880752672424
-0.0246111160746208 0.340981932690057 -0.000340366482266192 -0.080883000884109
-0.265649011552893 0.234984471439825 -0.0117473555385956 0.027776801377331
-0.402941515244112 -0.136532769360701 -0.118670785907291 -0.0513718705430626
-0.129085113587972 -0.434694754666538 -0.0720897478575836 -0.206592983321692
0.167966854788309 -0.426668317145891 0.157287766125457 -0.295184088600042
0.197564611340176 -0.381596244988522 -0.122562567369272 -0.0818254013127714
-0.072705451219592 -0.379829957710453 -0.00660441375377952 -0.0282504499546306
-0.295758390241717 -0.192745444871194 -0.050056253259174 -0.0544063909559182
-0.270876382860415 0.151827801033241 -0.033824284236868 -0.0170335178087904
-0.0794942653882887 0.309680977130719 -0.012726651412408 0.00974108375993119
0.116354828028743 0.287141197400392 0.0111646539813684 -0.0298611433400171
0.224778523727371 0.174955529038083 -0.0187189940244121 -0.0694809315718558
0.257313367719581 0.127955088537792 -0.0292303662839541 -0.0650260038393979
0.24508149145645 0.156732320672557 -0.0127804598882939 -0.0500908770054206
0.193665089473151 0.311101912487632 0.0080428957868645 -0.0332478082571928
-0.0238311979458312 0.399957523814534 0.00838047542970722 0.000388949533116053
-0.294844348986359 0.286244510475658 -0.0289109248339728 0.074019993531628
-0.467844274001111 -0.117674058131444 -0.116772785080105 -0.0032555712621278
-0.193022462108535 -0.481089907950404 -0.0633782791694545 -0.126160053339783
0.151043757186787 -0.505514751502145 0.0993113499908648 -0.148633249395255
0.187095619437115 -0.415354947365859 -0.199957005644192 0.0722136563557474
-0.106526160423442 -0.411848796123782 0.0188666196671956 0.0734883291155379
-0.336694069627424 -0.198914307033406 -0.0278473834461092 -0.0330350699434551
-0.29943737716169 0.164562459409549 -0.0612320653651013 -0.0123199293827579
-0.0911430914874882 0.328866086303166 -0.042702453065024 0.0838379358027456
0.112151752969904 0.305829777366764 0.0520775539404106 0.0711194393823915
0.225684850809616 0.193784080010554 0.0685248637199726 0.00749495948820327
0.251773353403331 0.14417317393411 0.0674590015809602 -0.00636615548585756
0.235318378629715 0.168694841792885 0.0811435753964651 0.0111506892873192
0.183516588875129 0.305995758060364 0.0770559295718679 0.0445185385043382
-0.0266021439670895 0.383375769946933 0.0259995914968056 0.0796851955158395
-0.268093130855582 0.27173697144697 -0.0372375061855093 0.112235298437341
-0.432604168557149 -0.089403523226458 -0.0951423255672766 0.0429518364312962
-0.204751571693122 -0.438957648112668 -0.0387629750219282 -0.0368974209799925
0.112994381947573 -0.488675207099099 0.0468234345157418 0.00913070593465251
0.140317722467035 -0.379946329350827 -0.263736863868302 0.236706245055679
-0.122189251132764 -0.364131594893892 0.0425358930258007 0.185056035270021
-0.3079668592942 -0.161068952334525 0.00111036837965461 -8.11491649617026E-05
-0.26104234699153 0.146354841909181 -0.081521304293097 -0.00021611855856409
-0.0830465012802414 0.283133352136369 -0.0676636252731652 0.153294877006435
0.0910461077130359 0.26866679340483 0.0869877970344014 0.168367026895542
0.190879038930839 0.178606914641613 0.14754524441141 0.0868065621740519
0.207173994982492 0.138547442602128 0.15498577317472 0.0534202319763479
0.187876361517301 0.15755265677309 0.1596132023027 0.0680919236965977
0.136217849887536 0.255063981311405 0.130031138865273 0.107221696330927
-0.0344673797904029 0.296486394869466 0.0402083612786675 0.138367404498713
-0.201538161062658 0.190649147369646 -0.0420734195061383 0.126372703291454
-0.30665716331339 -0.0645212596639824 -0.0635474736762028 0.0706828029293462
-0.162091018633179 -0.324329926984094 -0.0107510293885315 0.0332531369879157
0.0630336051883579 -0.389534024237358 0.00600127711268368 0.142678045677428
0.0672230790832569 -0.276632738283939 -0.29839602112083 0.379098960597961
-0.112437120731476 -0.241416336558377 0.0596401125868141 0.275575132170728
-0.209436496690865 -0.087448153187432 0.0332793706624722 0.0341126314744417
-0.163922434852947 0.0952679446588 -0.0844367534687094 0.0108899542160363
-0.0585222803843877 0.180065095420549 -0.0809211566807471 0.195264979376381
0.0525121249323893 0.181091907307225 0.108670408127048 0.237931352272591
0.123081976912923 0.133567329199543 0.205896747317026 0.152253106289997
0.130240775209274 0.112109240865618 0.217587968240545 0.103375924940293
0.114008691207923 0.124481493637178 0.20994080088875 0.113084046138358
0.0688624750140952 0.170677325508461 0.155287089409449 0.148826988308558
-0.0451243074516692 0.170502295047022 0.0407841210184476 0.165684785815239
-0.118865730309169 0.0819577802805065 -0.0469595716978992 0.112132084986824
-0.145920552239805 -0.0393485983949233 -0.0328008078293518 0.0747837662420057
-0.0961765047192968 -0.17429742331863 0.00953039163739216 0.0740086054904579
0.0088276683891987 -0.237853160402899 -0.0202252528409854 0.229558509841442
-0.0162926459905683 -0.120921598634057 -0.295780401465203 0.469145599078435
-0.0785404606685458 -0.0752180475814399 0.0745640684874911 0.329251974925591
-0.0722744135211266 -0.00171058981981466 0.0694107817622029 0.0590892379927692
-0.0414371272939499 0.0245481161198141 -0.0685768953609001 0.0114047065133799
-0.026959645569009 0.0489813726564408 -0.0830030436863306 0.199371516415335
0.00220798548165981 0.0663668885603907 0.112476474363828 0.267456768761314
0.0332758915010199 0.068674561061043 0.231379689632217 0.193632607406114
0.0340079714281457 0.0702247539430653 0.248762100629523 0.13770431892016
0.0288313461317904 0.0743112611734433 0.225100401922905 0.143551349146526
0.00152228943268287 0.0691247828139566 0.152454295061365 0.170268205286992
-0.0446178564122967 0.0411195014924532 0.0299740798773982 0.166278825784405
-0.0333311504717249 -0.0112714734258902 -0.0472396670556818 0.0811245045751189
-0.00269770315098349 -0.00521049598351832 -0.00613478661328976 0.0668334028228325
-0.0426634396013034 -0.0237348146263715 0.0180487338442729 0.0921632883754374
-0.047181621997969 -0.0732086160866379 -0.0344752544393072 0.26685431492408
0.0799659049428347 -0.0533071381331784 0.0580005234997672 -0.319243057268005
0.00415806162161293 -0.0954279165684114 -0.0613357484607225 -0.138541123956371
-0.0793537778068301 -0.046263404958669 -0.0279884481891902 -0.0411893079418316
-0.0516715177811701 0.0624647205040814 0.0434375339439051 -0.0247432099423523
0.0137738331702338 0.0732868360616202 0.0302738904487318 -0.141222661724211
0.0524157380792749 0.0361329320368108 -0.103388862216839 -0.201675063069374
0.0580765997755882 -0.0056404154874285 -0.205143548816382 -0.181135247072112
0.0628389291910612 -0.0155657737715303 -0.236419550524073 -0.163042499457231
0.0616654862977714 -0.00190423140702325 -0.219512632883107 -0.191227425043927
0.0567077797911633 0.0600636032672158 -0.121100249394215 -0.232156303137181
0.00650847801265361 0.0928059176150675 0.0256009872420774 -0.192229804006519
-0.0791837044888054 0.0591598600846542 0.0520776874579651 -0.0407717701567189
-0.102938721158131 -0.0759663030927988 -0.0650288600078377 -0.0936931224071608
0.0330183127522141 -0.128854278767954 -0.0380927515794926 -0.265659453286114
0.113808187666258 -0.0701694724570761 0.270348915543453 -0.449758223950721
0.138800002468886 -0.18262687845809 0.0228849206377684 -0.28398696613086
-0.0112320792408495 -0.200901439664813 -0.0454883038893503 -0.132463269306865
-0.149457026041373 -0.102649383716312 -0.0514556708903835 -0.0497490514168011
-0.128935037284623 0.0931799653186172 0.0212768481242529 -0.010613671796192
-0.0206518149542441 0.164601810069619 0.0343127260098082 -0.100681467858357
0.0822119033521981 0.136267581327596 -0.0636600088283752 -0.174405872272444
0.132859287085368 0.0666571758885233 -0.161447657127929 -0.172317078244296
0.153507238008168 0.0458878543251162 -0.192892548706609 -0.153006256197363
0.147963634018355 0.071892016975404 -0.17527155018656 -0.164252079700094
0.114805735955163 0.181379133404877 -0.098450962276564 -0.186874808030799
-0.0221693429550753 0.232054610820604 0.00905842602630514 -0.148841020264596
-0.194887079477819 0.144273945456655 0.0187884999366211 -0.0130190822943687
-0.266110733594156 -0.133413001090794 -0.0956284985334373 -0.0879677490042299
-0.0348639464549641 -0.314477590680051 -0.0500227384514305 -0.25768832984861
0.168854989513039 -0.270548914833129 0.231067468853516 -0.400880038917711
0.188248519237969 -0.295745181192626 -0.0376996662748098 -0.208224850011864
-0.0296363781027218 -0.302759039948219 -0.0258322296913951 -0.10174708911307
-0.220532201266969 -0.1600824985096 -0.0593772353398715 -0.0577584214363088
-0.209692176705454 0.117762694819477 -0.00648004405293409 -0.0111268048008115
-0.0587637341158947 0.247350961042986 0.0194389450269019 -0.0503679502134365
0.100346572083815 0.227413420217089 -0.0236073904056048 -0.11709202458771
0.189524921684256 0.134401124925864 -0.0965927681719884 -0.134529187044913
0.221307200383609 0.100703838849346 -0.119160212853634 -0.118842929474329
0.211420267912745 0.131114966939292 -0.102154782569062 -0.114683580588589
0.161477473764478 0.273570408242682 -0.0537507385313717 -0.117095899211504
-0.0358751630552163 0.344337645049194 0.00135379079398163 -0.0814870916477534
-0.276618469634091 0.227229693743067 -0.00833725144128318 0.0262209973294781
-0.402784801638523 -0.154378166656137 -0.114480155434167 -0.0563303525087737
-0.114899452888576 -0.447184730702394 -0.0607803886409098 -0.209167535230588
0.188333516286814 -0.428031542111956 0.173447749490643 -0.293598933545793
0.214581766399765 -0.380049067283501 -0.117837010802641 -0.089294229495761
-0.0596052676258379 -0.387640790371399 -0.00462278980203125 -0.0323162955357741
-0.291947842062527 -0.204103961756152 -0.050984746679857 -0.053964291594708
-0.279002454148646 0.142337248744361 -0.0358218921955401 -0.0154210838640415
-0.0907350388905548 0.311126868928543 -0.0095923526955172 0.0132755767191136
0.108277948533696 0.294381286156006 0.0154737568763904 -0.0300127582730147
0.221577017071098 0.184146323714075 -0.0169974085947846 -0.0707084505911734
0.254629218875085 0.138647501465872 -0.0274264856305549 -0.0674127802721273
0.241200696165165 0.168199587560273 -0.0116030212900135 -0.0529265713717919
0.186702318036605 0.321305102767207 0.00870143342876626 -0.0343534117048569
-0.0374822981548609 0.404838328235963 0.00755760137246087 0.00119288706826086
-0.308299001336139 0.277686997660769 -0.0278751904320054 0.0718875692052072
-0.469709913950133 -0.137130840266608 -0.1136545225427 -0.00917817079315281
-0.179145837913443 -0.497619384326662 -0.0553453489209821 -0.128067165845404
0.173279912657735 -0.509196657510799 0.107698462723361 -0.145948176424085
0.20646219840422 -0.413731022232299 -0.203204522708674 0.0640753513844092
-0.0899801899094365 -0.421684095382516 0.0160978406319194 0.0716893412205393
-0.332712781302703 -0.212431913906429 -0.0288564604296195 -0.0313415743428973
-0.308743356135464 0.15610532766035 -0.0643718645051305 -0.0118044457214016
-0.103290615596785 0.330448052086597 -0.0429249906887101 0.0880313772188776
0.103517795762197 0.314132235063387 0.0528322058535512 0.0738946025266289
0.22130729260689 0.204457287942236 0.0673406423080923 0.0108915107648395
0.249012668554664 0.155457592168467 0.068663964130837 -0.00419373333874085
0.231050533102422 0.180337353695461 0.0813128966736288 0.0132688928433003
0.174849400940222 0.316050772614076 0.0759273954279063 0.0462360000044348
-0.0386065971123608 0.387575175015329 0.0227169015557371 0.0823134939194187
-0.281003219090377 0.264629819129534 -0.0384363967188579 0.109821925361139
-0.435372919986697 -0.10710795829744 -0.0934130421625355 0.0374806331591656
-0.192700648184073 -0.453442935521755 -0.0341547988550552 -0.0371384878035843
0.135524011261432 -0.49317111300253 0.0473452371471184 0.0114267497012285
0.158859080681118 -0.378378068887375 -0.274868226570235 0.22958632870766
-0.107350297199086 -0.374377954260543 0.0358521143621632 0.185394255111436
-0.305158369700151 -0.175002847836995 -0.000879946364007908 0.00183607124732937
-0.269836536004722 0.13757642495775 -0.0861956287050107 -0.0010325638325722
-0.0943188019795271 0.283626149491074 -0.0714760670156429 0.156902324745169
0.0825096387527365 0.276473164983794 0.0848445214352168 0.174018828773423
0.186941718814856 0.187892262056465 0.144391309622113 0.0941614454830818
0.204337993924136 0.147749125662368 0.154246750304984 0.0595502565742806
0.184663527588823 0.166907727049528 0.158700691189695 0.0736563733113896
0.128771948219686 0.26266229990979 0.12708440149493 0.110572372336427
-0.0446636153459645 0.299567519693884 0.0347334132350576 0.1414178770272
-0.211614068169518 0.184281462227159 -0.0446597323881422 0.123788697663833
-0.306626421399526 -0.0783825105932888 -0.0624160718359139 0.0659150063026746
-0.151939334273711 -0.335707665023695 -0.00967079262679368 0.0347768749389411
0.0814785195889905 -0.391742681335567 0.000145278594344556 0.145292665954221
0.0809157915373349 -0.27643945719634 -0.317117798991315 0.372350492248469
-0.10118668460428 -0.248788428774829 0.0488380134133313 0.278754319350411
-0.206845120508166 -0.0970235919051396 0.0304279819736254 0.0368180151829735
-0.170221774756136 0.0891692146239562 -0.0892122424380702 0.00947152383930747
-0.0660413292827046 0.180800600130839 -0.0870904783360298 0.197656842135208
0.0455727830188788 0.186619975457508 0.103633475254142 0.244721010769863
0.119573378704201 0.14010591769661 0.201143545593267 0.162593975073719
0.128312431746719 0.118701373077643 0.216982555733033 0.112294645344377
0.111393314026106 0.130479603110308 0.206850688906206 0.12128096544268
0.0637169679567687 0.174596975210852 0.150463421194137 0.154139206476797
-0.0523227081997549 0.172282407235197 0.0347855213689992 0.167517745624141
-0.123773895245393 0.0773504220552325 -0.0498777239163983 0.109952636553081
-0.145078515608045 -0.0474488001555513 -0.0315983571411168 0.070922350125057
-0.0895176859850119 -0.181070103916028 0.00787517691652564 0.0759941076289202
0.0207298845123054 -0.239756289219591 -0.0309007627550268 0.231816556775798
-0.00927262013074207 -0.121146619150166 -0.318436233169322 0.464218740855077
-0.0731020310549044 -0.0789798878551158 0.0601719753327252 0.334525965838745
-0.0717800912709268 -0.00503759052018778 0.0662891324134019 0.0618044274819672
-0.0439359190653671 0.0223884635153268 -0.07327814559631 0.0100080927924183
-0.0289944087377769 0.0488093140126354 -0.091186361009571 0.201454360604841
-0.000510705064276499 0.0683060978617065 0.10516276892813 0.275895427864457
0.0311651338399341 0.0717321646355739 0.226616298782557 0.205149401149994
0.0329025525007633 0.0731809252473273 0.245648803938895 0.148150463063611
0.0273781972747295 0.0764748509957539 0.22146617121022 0.15319152149505
-0.0018835737582275 0.069963386178277 0.146032459454209 0.174869770958925
-0.0478484205079124 0.0406680475302311 0.0238613159640785 0.166545888994616
-0.0347642293947085 -0.0136700066073579 -0.0504261082127511 0.0782307205937561
-0.0014770467569017 -0.00764649534630832 -0.00542975426184283 0.0637445221300245
-0.0397092494501606 -0.0257632323596902 0.0142833337061199 0.0943292500877283
-0.0415777592396224 -0.0739012170422391 -0.0472882385560368 0.268617405556335
0.0822719678280774 -0.055927929173473 0.0682783682141045 -0.336279479109449
0.00400217973879365 -0.0986274353062718 -0.0617801297288493 -0.147814803649905
-0.0827801249902552 -0.0473121514522678 -0.0313094640907081 -0.0408497189491212
-0.0523356961691881 0.0649580039475429 0.0461413478594153 -0.023112166216558
0.0143093598609178 0.0759598163865208 0.0350790855655043 -0.145753535000732
0.0546970490213508 0.0364486111071311 -0.103957118088669 -0.211939685339239
0.0598069997901908 -0.00638146570935816 -0.210063394297762 -0.191580775036317
0.0647785666742121 -0.0156494812735255 -0.24467304037137 -0.174095654228939
0.0636691659571546 -0.000483274886604783 -0.227699349305063 -0.20424123167838
0.0597091637473514 0.063714444692159 -0.12410642398484 -0.244936556007539
0.00714435851996013 0.096334494448693 0.0289246957454583 -0.201955571201243
-0.0830331727010036 0.060984142284411 0.0572465454827559 -0.0434421074016006
-0.107629646674645 -0.0797236810280221 -0.0644241810236272 -0.0977319241569254
0.0348430886901792 -0.135634795569652 -0.0305781015224999 -0.275912098853184
0.1191160212902 -0.0740527357815639 0.29161460156202 -0.466357449983129
0.146057473368124 -0.189947831341037 0.0311385354987108 -0.299355136434216
-0.0102667443170908 -0.20885653303853 -0.0448448061094213 -0.142245927225764
-0.154869859659575 -0.107059257590502 -0.0549834550683596 -0.0498103268997236
-0.133980979888216 0.0951947887184749 0.0225087004120582 -0.00832768545609837
-0.0220186677297629 0.171600072387267 0.0398122461157004 -0.102845069362489
0.0846424863329628 0.141715482745509 -0.062212409042236 -0.183310947991454
0.137545561608861 0.0703608862361717 -0.165558277427522 -0.181881509040579
0.159283138952015 0.0497515754147826 -0.198928837615404 -0.162547549596172
0.152283043816411 0.0782915810565178 -0.181099666088011 -0.175653613804031
0.118849696199543 0.191517942297262 -0.101225107345906 -0.19719887026686
-0.0243217652437497 0.242541190510938 0.0109735033479445 -0.15522494809794
-0.204676081041187 0.148066735666038 0.0238873324773923 -0.0155721444657124
-0.277021117383319 -0.143448478722564 -0.0958058672316194 -0.0925802839177676
-0.0333744289474683 -0.330824810594821 -0.0441454753341361 -0.268212565255664
0.18118217290863 -0.283617764683328 0.249892651668392 -0.41489510026381
0.199748925719854 -0.30713414592598 -0.0332049287470203 -0.220802837773851
-0.02783109829299 -0.316227786380753 -0.0244685705987801 -0.110266995264544
-0.228851521011746 -0.169166763826593 -0.0629734844341791 -0.0583373548506186
-0.218269333225202 0.120449697785471 -0.00746201536343147 -0.00856494795136842
-0.0635853567661519 0.257573907769548 0.0240977583878964 -0.0492125343595383
0.103065015942761 0.238256574715438 -0.0214241898239764 -0.122711766167295
0.197017955508467 0.142723930658819 -0.0990746023973156 -0.14078174218486
0.228853379918628 0.106844892295254 -0.123648869637936 -0.127012882975761
0.219314734076309 0.140882929897978 -0.104956121323592 -0.123235824599614
0.167494318725533 0.288771230569998 -0.0552387849644741 -0.123821586657934
-0.0399734907318073 0.360459642643678 0.00203410406287942 -0.0846457858710077
-0.292086980383848 0.233312595892808 -0.00522398689855184 0.0248137258977401
-0.418736950769029 -0.165882689188108 -0.115790028652394 -0.0613775424454182
-0.11529367702482 -0.472224512070575 -0.0552841550099638 -0.218092950501524
0.20401802429539 -0.450266259737201 0.186689317043179 -0.3051424757196
0.230257619272551 -0.395802746290325 -0.118649494506584 -0.0968896012091643
-0.0563798488969542 -0.406944454703355 -0.003254097287419 -0.0383955752420491
-0.302159437481128 -0.217157822876215 -0.0548566151409499 -0.0533830247615395
-0.293316213820982 0.144702910700844 -0.0386764292339716 -0.0132256935466878
-0.0971042358332384 0.324185272423096 -0.00630306067988178 0.0171626449409857
0.110651959950399 0.308917590893947 0.0193527237441178 -0.0325339577800287
0.230448483923426 0.195131293078218 -0.0177508622499775 -0.0728579810023314
0.264340397885473 0.148108766512271 -0.0286658867875917 -0.0710978640430912
0.249278864829157 0.180227853302788 -0.01097044305127 -0.0566777629671702
0.192190797267664 0.339267001734051 0.00934857100187488 -0.0368831790239853
-0.0421892468180226 0.423862576183212 0.00700815786040588 0.0026000213826643
-0.325227276940925 0.286210884219547 -0.0265720212261018 0.0725448175623208
-0.49056763202273 -0.149486547846745 -0.114561699685623 -0.0129760159340294
-0.181818262204644 -0.525786369318693 -0.0510853977822196 -0.133270278153576
0.191287792581203 -0.534076159409188 0.115236218685763 -0.151685902464599
0.221901712369487 -0.430850714003709 -0.211209769224038 0.0641009812342614
-0.086039045341857 -0.442242182823094 0.0169674997240512 0.0710428993891647
-0.343968654343339 -0.228915141177535 -0.0318234212876356 -0.0303812505699534
-0.325451383330625 0.1575020348101 -0.0701792341892442 -0.0100862013526249
-0.11132041671241 0.344241918130964 -0.0417203370805129 0.0952586533629027
0.105541040493518 0.331264086066236 0.0576942937596183 0.0777175266926546
0.230910801828269 0.216710420762538 0.0695515987022685 0.0132509898345944
0.257465634501939 0.165130858059402 0.0710370557418439 -0.0040369675629309
0.239262942465921 0.192453802555276 0.0848347394946861 0.0133304774045634
0.180552435143449 0.333350019691388 0.0778348812187281 0.0479932537869541
-0.0430949595044162 0.406552064394965 0.0217376344592142 0.0871564735885347
-0.297545769805194 0.272139263730024 -0.0388018171347302 0.111554112371129
-0.453029776359586 -0.118902995822885 -0.0935969321201636 0.034785894299188
-0.196703618605244 -0.479747875713415 -0.0314106757462184 -0.0385526052550889
0.150299323083162 -0.517121002567539 0.0494834109941833 0.0128309670385862
0.174651133908205 -0.394685270230754 -0.290335901015088 0.235595620424559
-0.103886666047644 -0.394052084793891 0.0339580984920024 0.191255009164523
-0.315179472033684 -0.187723735159204 -0.0024571290377414 0.00433871226802137
-0.284691640935334 0.138632798244588 -0.0930139189060396 0.000647931543096379
-0.101941718694045 0.295974033711953 -0.0741155244563427 0.167445589639119
0.0834508879033584 0.291523362783196 0.0898835445743358 0.183143995877243
0.194391738285135 0.199170572533668 0.148669225605766 0.101382631449356
0.212483822532018 0.156924538059482 0.160277168760888 0.0634238379902962
0.191684504037508 0.177608228709021 0.164221188651989 0.0776466864864328
0.132925289593682 0.27650307109271 0.130748201465842 0.115771975740455
-0.0491086356864511 0.313761691486468 0.0333188260699895 0.147687115161867
-0.223777023426058 0.188652472979718 -0.0461900446978015 0.126726032141964
-0.319737895179758 -0.086150659258452 -0.0617326339514718 0.063834044701098
-0.154378821010944 -0.355671399765141 -0.00766069315474861 0.037071825930798
0.0922321554743425 -0.41139329881582 -0.00250522928145811 0.152380968599035
0.0919508702356418 -0.28709245444344 -0.337509704909192 0.383731257234534
-0.0988345960798961 -0.262127142488945 0.0457360367246318 0.289846046178165
-0.213437130638312 -0.105965291069544 0.0297497283300689 0.0394106413248946
-0.18003216147746 0.0898057784722715 -0.09718468681528 0.0103121863813143
-0.0716519863880779 0.188189072944468 -0.0924803122818743 0.209922398296504
0.0455593985363951 0.197277930879783 0.108351654676942 0.25850722586999
0.124464725006866 0.148890614027891 0.2075620477457 0.173696387313687
0.132965753171611 0.126460845577893 0.224411347632126 0.120363392559588
0.1158650649193 0.138880414728723 0.214568013658928 0.128559687352514
0.0642088931444267 0.18414765293053 0.154120156691578 0.160458096120477
-0.0564499482437871 0.180880593895904 0.0327792795390966 0.174596007215586
-0.131115282049381 0.077866132706072 -0.0526260371126508 0.111914729785492
-0.149870135820349 -0.0538338665520243 -0.0304416237166483 0.0701268030892418
-0.089936494591133 -0.191020971693396 0.00846724677412845 0.0795414052359784
0.0286954770925771 -0.250288071049965 -0.0367202687593626 0.243246533924974
-0.00536587957230821 -0.12586293404285 -0.341030471301001 0.482028412282631
-0.0726619179099622 -0.0835480210699242 0.0551104140320149 0.349711135559551
-0.0727974595043114 -0.00762983598171537 0.0663814595030692 0.0649995817923294
-0.0468769914760371 0.0218332385278864 -0.079652341936243 0.0103944198585947
-0.0315772420082173 0.0510892473758945 -0.0971225999940576 0.21297275862901
-0.00176893926376561 0.0728676657703424 0.109016093183317 0.29174865706693
0.0322376044900477 0.0767605818569877 0.233566523026654 0.217893400232683
0.0339158596447931 0.0773754682440644 0.254483524382031 0.157830250785159
0.028592380588329 0.0809091595053926 0.228534600531969 0.162857617050217
-0.00292090200683826 0.0735269227008897 0.149159826842875 0.182927934841568
-0.0520957019704382 0.0436236127452709 0.021870147784468 0.171731513106994
-0.038014478798245 -0.0159435626313941 -0.0539265599955742 0.0788472586981132
-0.000690760018487995 -0.0103912783827753 -0.00323154897747552 0.0630990350437624
-0.0384021397559333 -0.0276602596819974 0.014677584655046 0.0996386624149233
-0.0396000551890589 -0.0765894208468857 -0.0555507404816842 0.281463762633766
0.0778572014960615 -0.0704624922485438 0.0176442161558398 -0.360566644911548
-0.00968445825636001 -0.101828761101351 -0.085637693760077 -0.143683381936798
-0.0932040199569154 -0.0349850780397562 -0.0349981890033111 -0.0359049744948953
-0.0442056580608462 0.0753771916056318 0.0477346831766326 -0.0327987290985886
0.028029509668681 0.0772977187515645 0.0133187088724086 -0.161031849610478
0.0631970532264736 0.0292091369814863 -0.14378950249286 -0.207111742969351
0.062065327691105 -0.0156805059007591 -0.254638613628108 -0.169520234903172
0.0658655007047897 -0.0267514842603385 -0.280592735555984 -0.145293295906303
0.0659016616848772 -0.0106558865853007 -0.269150901943698 -0.180701017968121
0.0743515631880907 0.0566897635143732 -0.166626942563259 -0.239238630134945
0.0245091376298495 0.0990016351570324 0.00177129369424759 -0.219421982813213
-0.0774594503356097 0.0749659557573617 0.0586480820456935 -0.0564014406965436
-0.123559242605198 -0.0645791486709691 -0.0797225600534554 -0.0895901616896782
0.0145044574622224 -0.14285545810846 -0.0707388436161131 -0.2827466099934
0.106322294045853 -0.0940781991493237 0.24153344949473 -0.530915471298237
0.123942653481909 -0.224938728794522 -0.0109864994966563 -0.303900899447208
-0.0397228986310656 -0.216961150333981 -0.0634181683697242 -0.137702582383531
-0.177097967624016 -0.0880211857138668 -0.0556706535268247 -0.0393446415206432
-0.125271553820336 0.11716505090005 0.0287293467032244 -0.0150096106337965
0.00287967480407069 0.181273834362659 0.0272927380282069 -0.121816074729098
0.109384945278759 0.135412280151447 -0.0979438871242555 -0.18953066428324
0.153815331370814 0.0539991313332045 -0.207527204013791 -0.169099754972485
0.173459778722119 0.0279107195047447 -0.231664219740991 -0.139825581833238
0.169815034999737 0.0586000286145224 -0.216308454556941 -0.158999202542605
0.153735847544622 0.179751093217454 -0.134219365924717 -0.193090092868121
0.0131263690946232 0.253309475259336 -0.0100163169521638 -0.168552413652842
-0.192726179210277 0.180628582351951 0.0309462382489997 -0.0224441570340804
-0.307811629490361 -0.105484946769758 -0.110537641959478 -0.0769752265510833
-0.0833801448977855 -0.335063858986247 -0.0876949812721309 -0.271107132609829
0.140822530322255 -0.31929174315262 0.206866146547973 -0.473050019405363
0.162645576406798 -0.361091520630266 -0.0617647038288569 -0.198453100370184
-0.0728600083250142 -0.3289518165094 -0.0340833393656616 -0.104343495992074
-0.26312457756397 -0.142697399264682 -0.0600229440785401 -0.045685962509961
-0.21089867304556 0.154195239226116 0.00154540983680202 -0.011435370332693
-0.0290515309098728 0.276380827296898 0.0228180614513564 -0.0682686309189058
0.14270983061479 0.234560284399819 -0.0457580146679613 -0.137882615359935
0.225528294500834 0.121720456774806 -0.131245739153604 -0.138539977401422
0.253966344751144 0.0784355262762485 -0.14879161314649 -0.113970591121332
0.247963496275166 0.11426951813981 -0.129039418537501 -0.115905783686457
0.217318948020557 0.273926784473046 -0.0738226646551557 -0.124050169406637
0.0148160360569917 0.378596305997645 -0.00853458524931841 -0.0933142157191769
-0.271675344845329 0.280013824095039 0.00835003616880613 0.0234839706182956
-0.459374618668173 -0.107739408110829 -0.125018435993488 -0.0401349491030347
-0.188248735304724 -0.470671752178488 -0.0956612508823645 -0.214778499481276
0.142588701903406 -0.493943448714648 0.154797777929651 -0.349823630429783
0.181076202315056 -0.460077215878916 -0.128574457197348 -0.0454344647453655
-0.114639121689586 -0.422197086833608 0.00227529850491514 -0.0290578288438397
-0.349199249205468 -0.183260343989454 -0.0438345576297855 -0.0414188855092233
-0.286016186896537 0.189689312527506 -0.0291327053071354 -0.0116828214921076
-0.0565904667965264 0.350566038086642 0.00399978575359414 0.00433986135145818
0.16112399298827 0.307511884475173 0.0107965464860688 -0.052386898116823
0.268254890293073 0.173131793105851 -0.0341611780791152 -0.0817786398219309
0.296069376151901 0.116428244492973 -0.0428446670986886 -0.0704551410463422
0.286057509893403 0.15176415576414 -0.0205967215558813 -0.0603434962439692
0.250580238103495 0.322588738406929 0.00649989676486738 -0.0435361231359534
0.0213940443968917 0.444259685505537 0.00996977741722193 -0.00294476827861688
-0.298185913884519 0.339289509842171 -0.00576419364707953 0.0755629216725562
-0.529303350070237 -0.0800053039824094 -0.115764150315611 0.0105530609187683
-0.263237343429615 -0.51500032059091 -0.0815086177530782 -0.126023521346908
0.118288379236302 -0.579108020712374 0.100512629809092 -0.178541453418691
0.167620574340125 -0.497552285088119 -0.198206113297851 0.142311216361831
-0.153186443114229 -0.457524747302244 0.042561978586799 0.0835129207895286
-0.394244536899207 -0.190329139257845 -0.0138170055243697 -0.0212441044959849
-0.318095637879973 0.206425077748869 -0.0607948997909866 -0.00361827879616239
-0.0696927754357468 0.372349430421813 -0.0200641083290979 0.0914459222079202
0.158507709043806 0.3325208952996 0.0691383466446034 0.0558489981939385
0.271234597116697 0.195346521698032 0.072861280531906 -0.00487589198305338
0.291764663984004 0.136035343907847 0.0704821003863188 -0.0151133053530476
0.277095158585446 0.165626487546471 0.090790139612545 -0.00114435565858541
0.235720419550369 0.318680296402442 0.0914793771706532 0.0349059976502417
0.0167164028636509 0.427297317559248 0.0380479804092255 0.0840109433179197
-0.270528556161298 0.320528176675805 -0.0142844850549696 0.119334362459907
-0.485815412164103 -0.0530508196161678 -0.0865257833522648 0.0554339002645826
-0.271828926270471 -0.467947804482294 -0.0460336178088149 -0.0295316009272389
0.0799623170970603 -0.555963707655341 0.0534973751922279 0.00431036519406684
0.121149555196586 -0.452604260884805 -0.253375816990517 0.332947399525258
-0.163954190206924 -0.404655682860818 0.0774209449142537 0.206404059659972
-0.358189481920411 -0.153710025043155 0.0204195732451851 0.00875871822099453
-0.279787419097461 0.180978459250701 -0.085617221628055 0.0115958028294424
-0.0678407371921777 0.320672186599815 -0.0416383346202897 0.174418518596015
0.128262038575616 0.293993157404663 0.120724058204059 0.163906218812333
0.229799487844245 0.182746737290827 0.173074871019437 0.0756089556144844
0.242231714849312 0.134902033522758 0.173486865533953 0.0418159530297972
0.224927742240082 0.157342408829935 0.183332718112363 0.0547139008955678
0.176886257439532 0.267282738892509 0.155440128378434 0.098271994855364
-0.00469666788207389 0.332368302471734 0.0584483489130686 0.146717986351556
-0.206480262124466 0.224397687109245 -0.0229569348526454 0.136793610698827
-0.342671940098163 -0.0419820776750646 -0.0503928924460903 0.078022471160416
-0.210150253702232 -0.343856914747148 -0.00845745119544024 0.0437640606031008
0.037989795906751 -0.437298424672838 0.0184875018210133 0.159767694319124
0.0519863492383508 -0.326712614142616 -0.280659116714087 0.486555002311022
-0.140240622390371 -0.265875919020963 0.100416130013056 0.304673808722575
-0.239143138684643 -0.0825023396889573 0.0515413871552727 0.0382039308358507
-0.17741822255985 0.114948029347717 -0.0936770017120858 0.0250267972835197
-0.0517654820931938 0.203760655280485 -0.0571558841024887 0.227690296550942
0.0745484472378657 0.200396393059082 0.154246925815506 0.244766437024766
0.15022982745464 0.139933530206316 0.247708711702403 0.144743084412313
0.155642687692332 0.114805900022427 0.249986749356372 0.0913331086850203
0.14041201717802 0.128721155389443 0.242478355248488 0.101583926259468
0.0914474594807678 0.181436390617367 0.185580587765478 0.141716676966902
-0.0328996864459133 0.19631920474602 0.0609516699613207 0.175236469095707
-0.126563716820575 0.0964940481121028 -0.0353590793923053 0.123399963798111
-0.162279778115819 -0.0344442207505449 -0.017931415351294 0.0755417146181342
-0.118582460688742 -0.184721876550949 0.0178650214919551 0.0844619810415923
-0.0028377675674535 -0.261994967329558 -0.00554866484605551 0.261004558662641
-0.0253188755690837 -0.139147919385307 -0.275655495518034 0.574977881952047
-0.0886025033763645 -0.0804286338777505 0.113780668484048 0.361067565320746
-0.0772045129837617 0.00128528497931115 0.0828290605558272 0.0567424414264415
-0.0473632458954496 0.0273872994518823 -0.0821470575543497 0.0244867844718473
-0.0289743152686216 0.0558629418530427 -0.0640112821684499 0.238797988695744
0.00701245433603764 0.0770471598683261 0.162877964503422 0.286080022714454
0.0440557008924749 0.0771954917136924 0.284635627878362 0.190539480486284
0.0462081192453116 0.0781621235337664 0.287105448485728 0.126533961795047
0.0410780919934906 0.0808773119078778 0.262252223550542 0.136196017899583
0.00493788035785382 0.077626888109781 0.181705473117928 0.167319539885419
-0.0494659078936975 0.0540211573071106 0.0475425930759658 0.175076727103227
-0.0433227669605234 -0.0123712582214997 -0.0445548282373963 0.0902061827003611
-0.00178777280018746 -0.0140342445142261 0.00812745691874279 0.0621422050300015
-0.0416361958977336 -0.0240793544820633 0.0300184993204205 0.103012855212834
-0.046705853909317 -0.0730808214086446 -0.0196566309589373 0.304072734456955
0.0715567981004612 -0.0772812099967237 -0.00817571326478017 -0.372176288520343
-0.0191871989350856 -0.100245703910457 -0.0990369930746716 -0.142713544595082
-0.0970638823787824 -0.0264926770481034 -0.0392602241371826 -0.0311253037945995
-0.0373878127005996 0.0793753625194242 0.0475901052305405 -0.0357109863393188
0.035352428566955 0.07544661398148 0.00307757088956275 -0.164458512352708
0.0650688350954647 0.0234201799080871 -0.161373307324034 -0.19970779517113
0.0603742606958787 -0.0217737807247882 -0.270093078380875 -0.154548078989338
0.0637152013044931 -0.0324371626206958 -0.295524996564551 -0.127860806424881
0.0657355258360651 -0.0149125418764898 -0.288344818936656 -0.164589812888354
0.0806766176614704 0.0512174226994628 -0.188699069290267 -0.230802422998357
0.0336761701110296 0.0973292841615041 -0.0154576353856919 -0.224169523912319
-0.0725939268150538 0.08202514794425 0.0578039798142981 -0.0643127155723604
-0.13143993689219 -0.0543952176486141 -0.0857204699049081 -0.0850503222220364
0.00212653647596534 -0.145947962953148 -0.0870270970847891 -0.281998480126832
0.098895305393084 -0.105108659591601 0.209187692891066 -0.559018220472345
0.106876894928139 -0.237844632223943 -0.0318991699274448 -0.312544521487369
-0.0578517139107839 -0.215894172887517 -0.0754087726792092 -0.138958752096989
-0.186302796501736 -0.0737180666690982 -0.0600277912254769 -0.0329686235450507
-0.116511917400229 0.127708638532764 0.0297185585516163 -0.0150195768326262
0.0180906500659857 0.183693029911031 0.0221549555596761 -0.125304972706574
0.121660255444994 0.128357011546822 -0.11268612315057 -0.186386883443244
0.15950871119705 0.042214969301392 -0.22224803415987 -0.156199721429029
0.176594809918957 0.0155328704600757 -0.246327101530957 -0.125982874159921
0.176756469220083 0.0480127843474728 -0.232542811392484 -0.145857266987469
0.171407062368339 0.171086144696657 -0.151255524232665 -0.186992773567761
0.033808514462048 0.257032182426313 -0.0230198737136183 -0.170237763536333
-0.182628252330858 0.198024602376972 0.0328519585283098 -0.0276844504721651
-0.321684671450587 -0.0830056769632159 -0.115902893172376 -0.071115186466043
-0.112283002638933 -0.335019368541669 -0.104262355016781 -0.269302046271117
0.118406719639971 -0.33790214228343 0.176402589980415 -0.497709191607445
0.136366476057549 -0.37933047892116 -0.0753289640317803 -0.20192529699906
-0.0998781637849106 -0.328130910771516 -0.0432461410652699 -0.108306113136009
-0.278140464464689 -0.123675377693411 -0.0648551382832052 -0.0383818982288108
-0.201761632044101 0.171182301273973 0.00160092297145121 -0.00832329640894713
-0.00682885945338611 0.283586090406967 0.0219325039942486 -0.0702249378374671
0.163261548457503 0.227028000576532 -0.0555265224160665 -0.138630140863606
0.238200126637728 0.105056695802636 -0.143029654914039 -0.130923924430809
0.263068262947194 0.0610226348446844 -0.16068909162264 -0.105621953155349
0.260855493499565 0.0994523087639095 -0.14051334171429 -0.109300164895693
0.243805993869239 0.26187091685765 -0.0845484379624439 -0.121536987431349
0.0452077098404815 0.384616221896297 -0.0155754795551365 -0.0932815844781779
-0.255380701959683 0.305018508176418 0.0130986458242013 0.0197901807987106
-0.475966987386766 -0.0749376326012965 -0.127284200245457 -0.0333200569967408
-0.228440120608627 -0.463708003933589 -0.10809531370627 -0.212454860729525
0.10754069233538 -0.517105676192492 0.13273122898984 -0.368745226921277
0.147183610043473 -0.483372339774522 -0.131735806078789 -0.0399475846434258
-0.148162365037958 -0.421120941792864 -0.00128784603640506 -0.0349338190803336
-0.36752483327736 -0.159557522398093 -0.0487743586768713 -0.0352921448387918
-0.276689328732894 0.21343824091508 -0.0299767834393907 -0.00575999242221177
-0.0292386006715006 0.360617916526671 0.00921607388199003 0.00501668361197306
0.188210331400425 0.301256624619282 0.00897518185432389 -0.055821257780603
0.286357431709109 0.154039930488467 -0.040410188834769 -0.0794846842581664
0.309393303373863 0.0958385623091688 -0.049038589017354 -0.0686389378471157
0.303101474833197 0.134086079805307 -0.0255650397061297 -0.0610665372352619
0.280397307332628 0.309893694509534 0.00325302608465742 -0.0456757505442866
0.0587057672857307 0.451076702181912 0.0094965550824231 -0.00208697380685003
-0.278310042044657 0.367724846879366 0.00208307182669207 0.0735922307929597
-0.546088444082256 -0.0421757074778785 -0.114149739018744 0.0155635686570886
-0.310520538651679 -0.50596971317443 -0.0870431745529457 -0.122687779079235
0.0767548602720136 -0.601457113174922 0.0884122367064323 -0.190748033251197
0.133666795591956 -0.520686537218242 -0.188919095606833 0.156808266106002
-0.189941188716507 -0.454961741903219 0.0479687582195743 0.0771973129591414
-0.414197615904849 -0.164385920763771 -0.0158974136154392 -0.0177564584404847
-0.308968377591574 0.233750358936412 -0.0627397171308738 0.00444426475199957
-0.0423632599899553 0.385607987881406 -0.00830713039091258 0.096462018779789
0.187408282193282 0.327263030448555 0.0779087907029601 0.0498394675902457
0.291419188167201 0.177560116192942 0.0740581092093141 -0.00953905405855016
0.307078948687297 0.116076045257712 0.0706569434338659 -0.0210896217851461
0.295213144979456 0.148734731517978 0.0916472344012367 -0.00869359760764961
0.266084884911243 0.306486844616168 0.0952317063724038 0.0271744900266044
0.0527662993961376 0.434440002954348 0.0447810967906765 0.0845967279938374
-0.251519535842809 0.345539294644753 -0.0039843394835408 0.118846176563933
-0.498959693655088 -0.0181437266558037 -0.0804112351895864 0.0581184399001318
-0.313336772114786 -0.454702508634274 -0.0451129903147146 -0.0279010663932833
0.0407423113999263 -0.574134263093966 0.0548435882486162 -0.000456154105051905
0.0921223230227243 -0.470480946582719 -0.23169151160883 0.357062717747542
-0.195359661280271 -0.401227139345425 0.0931060885439347 0.200888519313754
-0.374304996179613 -0.131507429809741 0.0207191145089211 0.00925195713055913
-0.272608456229909 0.205155125278584 -0.0872291001164882 0.0216409859651112
-0.0447927182624226 0.3320647158053 -0.0245407468544588 0.182607061106142
0.154594625496437 0.289788479392128 0.138902856918849 0.156182562687863
0.249749317619476 0.168495735755115 0.181366780156407 0.0654802203533438
0.256821730638404 0.119427474338261 0.179539116997345 0.0294799888135234
0.241059474574364 0.142723107072412 0.190351811196004 0.0409149559602663
0.201836441741495 0.258340309517818 0.164862693814656 0.0861541151304614
0.0232222373937837 0.340224320934351 0.0703983916897012 0.145460968464113
-0.194436875207326 0.242833270006354 -0.0128098610436263 0.137705604901514
-0.351162385755303 -0.0183782019629292 -0.042976753176452 0.0779645416245235
-0.239799987851072 -0.333756791049997 -0.00232074064065433 0.0439526818888642
0.00838088192077813 -0.449337354359975 0.0300348136439802 0.160597777818305
0.0310669054691849 -0.33576858650547 -0.248580957112767 0.51645172801959
-0.159529890708948 -0.262264060651189 0.123142938104631 0.301358440289138
-0.248214720779259 -0.0682730734004366 0.0541391522855674 0.0362100952230826
-0.173773724979597 0.129813266356413 -0.0956187698326505 0.0350006052511144
-0.0381542520584584 0.212230842419014 -0.0370003486845921 0.237973498772286
0.0923036290905818 0.200101407806542 0.178886253784132 0.237234424800601
0.164791466377175 0.131721412348578 0.263270362438626 0.129846125702584
0.167388869180782 0.105186664012407 0.259991351594965 0.0744576450827829
0.15348612845202 0.120528997231218 0.253710658000808 0.0842671122389117
0.107992269726674 0.178187776140009 0.197967171512736 0.128914804166707
-0.0178264975940381 0.203514383007838 0.0743183033066167 0.173166478575305
-0.123377012796911 0.107007726873457 -0.0268304343978865 0.125525242202956
-0.167264067839019 -0.0254606774547798 -0.0109437760013009 0.0729711693604159
-0.133918614778545 -0.179713358907864 0.026189456858194 0.0835798776857959
-0.0191995898637435 -0.267106613479774 0.0131135063351493 0.265859012057362
-0.0335941783018322 -0.139331263704556 -0.236784504925905 0.605043918737778
-0.0933279653583349 -0.0763736252141916 0.140113872608442 0.3593122904437
-0.0772611767613301 0.00493982179718051 0.0870341871227384 0.0517979759570674
-0.0477432458452373 0.0308747291207923 -0.0843522187491896 0.0328956895848018
-0.0260007384614887 0.0594924829952256 -0.0458288450964014 0.24999328561035
0.0143479484306792 0.0796687287948783 0.190108156060735 0.278816490181883
0.0516926673010678 0.0764494843052944 0.304498957197225 0.173817913646578
0.0542305278948828 0.076873940547717 0.301256772989602 0.107883376262911
0.0487098163432754 0.0793967856833949 0.277046784942015 0.119100202813168
0.0106774388528198 0.0795777432794914 0.19511782609135 0.15513791955597
-0.0466862402871956 0.0608877341548691 0.0596724824971818 0.172797536150238
-0.0468154675546955 -0.00892404563254765 -0.0397444892332817 0.0930994425381199
-0.00303951415221751 -0.016791729499614 0.0144882281103255 0.0583167670354821
-0.04220871312832 -0.0223212249488431 0.0388921284264239 0.10157247770898
-0.0489561737867025 -0.0699559021717621 0.000564580927016583 0.312263900160847
0.0619930717208423 -0.079116684750269 -0.0332253178217932 -0.364497257966661
-0.0263385139765032 -0.0931625766842188 -0.107129583278572 -0.134156885364501
-0.0956163249493985 -0.016850940058112 -0.0414803549050545 -0.0248448181259656
-0.0292815544134778 0.0784148665363281 0.045058709271835 -0.0357023598484757
0.0403965894642669 0.0704771926275474 -0.00651694046576432 -0.159301082737978
0.0637907369260711 0.0172716172888301 -0.169792548823807 -0.183241296292896
0.0559883596829704 -0.0258271804326683 -0.271252542618541 -0.131946232516142
0.0587154274675349 -0.0353191771379751 -0.295149486522095 -0.104495396161787
0.0625543999097784 -0.0171199535313683 -0.291084113144893 -0.140498499052866
0.0825853224870952 0.0433571955151917 -0.199212879074475 -0.21075595949938
0.0396699269057196 0.0908944125475789 -0.0307260763881518 -0.217248901079523
-0.0644043565917042 0.0837396835904901 0.0534482029617964 -0.0690310495917416
-0.130928442739452 -0.0420583951576951 -0.0865829483685308 -0.0767274810805808
-0.00916531431377946 -0.140911897967444 -0.0975902577682149 -0.267119792951047
0.0865206588732279 -0.109792610111241 0.166772309007287 -0.556968292420839
0.0846714695387259 -0.237744667511936 -0.0509842208601579 -0.304480162638747
-0.0714487873716404 -0.202657845885794 -0.0834238047053033 -0.133638216297538
-0.184042731703398 -0.0568865548599014 -0.060750126241865 -0.024939238957703
-0.102951177856253 0.130441708463646 0.0293540257242263 -0.014690227575763
0.0313370994490374 0.176631741788142 0.0149493241636578 -0.123341052906875
0.12605672884942 0.115164886055063 -0.121955225639243 -0.173881651722609
0.15621805986712 0.0285764706379392 -0.224859424022882 -0.136763634718324
0.171322220777245 0.00317015125169588 -0.248132421507411 -0.106318713708816
0.175037756736736 0.0356787555784405 -0.236028077612265 -0.127242712537815
0.178446333794706 0.153749166176418 -0.1598663159267 -0.17165341466223
0.0514294326830795 0.245765080200986 -0.0334861174322106 -0.163870736880034
-0.164109217146069 0.202600688407547 0.0316270617338268 -0.0327270277956027
-0.317588519839797 -0.0571653668569402 -0.114650456728917 -0.0618223467042933
-0.132799090125985 -0.316662232740488 -0.113545955596154 -0.254167164524967
0.0907906081709642 -0.336816594936204 0.137748306641434 -0.495474768730592
0.10334146584023 -0.377491676690834 -0.0854376560171424 -0.193827427586943
-0.119973452679568 -0.309581589421144 -0.0502764692239303 -0.106637675425983
-0.276784453257037 -0.10018756759685 -0.0656775869940302 -0.0294903839829191
-0.182748021272432 0.178666516619364 0.0028703548796419 -0.00614943287658617
0.0146043917889078 0.274641104236137 0.0199785826225649 -0.0697505738647519
0.174965054707081 0.208198028292719 -0.0624783988551893 -0.132132597678895
0.237862495728858 0.0845950530691588 -0.146770986821101 -0.11638753685444
0.258203490425672 0.0414384361389938 -0.162688518604239 -0.0928289315532934
0.260039683778739 0.0796746239863515 -0.143677040263189 -0.0977178731176452
0.255699968384758 0.237043339300256 -0.0906384883002931 -0.112723303532094
0.0720211565553714 0.368772528150882 -0.0210668128226839 -0.0884471989251723
-0.22825722838457 0.311714528467727 0.0160479629283406 0.0148237105642286
-0.465855072854874 -0.039330224095041 -0.123366720948565 -0.0271676605109897
-0.255646128735759 -0.434259229552131 -0.114537255246069 -0.199699701421532
0.0695931354054255 -0.51151433251479 0.102207013829574 -0.368219017537153
0.109062956263618 -0.477907708645083 -0.128633218859825 -0.0335921325567215
-0.173287391714021 -0.397674848364626 -0.00477864355912483 -0.038536925271426
-0.366979025956034 -0.129168241421033 -0.0494734337988206 -0.027689321311429
-0.253232777260762 0.224680630758324 -0.0286473853413811 -0.00123221692381701
-0.00181476521657272 0.352038188017089 0.0137792695061775 0.00399049791488646
0.205285229598045 0.279097630728054 0.00699320415125989 -0.0571183792583901
0.287827679305212 0.129358714288746 -0.0440320496690212 -0.0740553904861446
0.305482434269701 0.0717400705987979 -0.0523691358753753 -0.0644863462593159
0.303146811232353 0.109542797324771 -0.0296468849676688 -0.0591878651122341
0.295573170571105 0.279826366692492 -6.74745994469849E-05 -0.0459511171204927
0.0900677357937097 0.434255248936527 0.00994357680835178 -0.000882435026760471
-0.246014127450574 0.373792147023465 0.00879148936285683 0.067614421292597
-0.531745436546733 -0.00212148746491565 -0.106997990679091 0.0188603706544183
-0.337926525716981 -0.468391970130881 -0.0884721573509555 -0.114798927256317
0.0348538317337815 -0.590483276588661 0.0723433329069128 -0.192627893825786
0.0927724770937154 -0.513487249421201 -0.169448952680611 0.162195378058767
-0.213416730656841 -0.429343623379752 0.0500673268335854 0.0678322949939567
-0.411798450508932 -0.132386598578765 -0.0163937343268042 -0.0132857738828638
-0.285147323300189 0.246934901951857 -0.0595610737036436 0.0113201033472143
-0.0127312073450058 0.378051098794366 0.00360387832537387 0.0943985074190456
0.207527491137319 0.304914891723454 0.0815951563615955 0.0404371955882461
0.295675778749801 0.150699188417412 0.0718526204388918 -0.0135151063560223
0.305022253297163 0.0928952204167408 0.0666477925436036 -0.0256787934260668
0.296685905682877 0.124271988876624 0.0880567165125724 -0.016472522787558
0.280843443176304 0.278093950642318 0.0935235418957258 0.0185108848375363
0.082891447173493 0.417534016065445 0.0494973480274773 0.0801919980332707
-0.220913875849327 0.351127836844894 0.00538542801234269 0.111305744496256
-0.483615460570785 0.0155333427615191 -0.0721590542720026 0.0562611276585977
-0.335848457753085 -0.418078043047553 -0.0429872592636953 -0.0262704948870384
0.00118190725123689 -0.560761013557728 0.0517681167573937 -0.00452511836248026
0.0578653604088816 -0.461759026213481 -0.197712255592167 0.359208657649074
-0.21539339931199 -0.377714788199125 0.101476834948628 0.184838722326364
-0.371453092279463 -0.104650300978542 0.0204522186716731 0.00971300093522861
-0.252385228192276 0.216406561941304 -0.0840356417341339 0.030508681873317
-0.0207647243358192 0.326283323269585 -0.0074948751304588 0.180267448052929
0.172350312053419 0.272208347253969 0.148980939579749 0.140062884238486
0.25464171813625 0.145631943515007 0.181785120105434 0.0521326831541781
0.257020393656104 0.0986525316795756 0.175822481899119 0.0155027130042401
0.244795486876013 0.122574280408802 0.18658066393982 0.0248529653850419
0.214437559551951 0.236862990267492 0.165092367383355 0.070837667973268
0.0478924439213194 0.328989640075075 0.0786181881339845 0.136948955658067
-0.172384533131344 0.247802073683428 -0.00219373414657666 0.130721561814522
-0.341582959840759 0.00504177354370426 -0.0346968741654982 0.0726971145079259
-0.256170230718693 -0.30693428044153 0.00332756693251363 0.0404804107752339
-0.0207549872424788 -0.436553598885414 0.0394506406747333 0.153395093627624
0.00874256919701089 -0.328011325246334 -0.206118415581277 0.516897800820665
-0.169577271158298 -0.246134818748176 0.137080890496579 0.281757631203388
-0.243614428335401 -0.052072977816008 0.0545569982227372 0.0323094702243371
-0.161489569695447 0.136673365658924 -0.0918137943416106 0.0430430480374304
-0.0230798513405101 0.209295483761246 -0.0165271424187605 0.235118400335417
0.105509497787976 0.189092795119143 0.193381450792027 0.216045355211136
0.169781711033564 0.116713091326455 0.265051000153414 0.109297750408832
0.170069830509158 0.0912935363986635 0.257164998993411 0.0538318110013599
0.157144438993248 0.1064172876211 0.251457459472143 0.0635941529562808
0.116749263320837 0.165762498598357 0.198828786766939 0.110193409183902
-0.0015662157467736 0.200036102840054 0.0825956939010091 0.162541572397826
-0.11394173534601 0.112170242917745 -0.0171131012990116 0.121520783217735
-0.163450441626217 -0.0160598073106153 -0.00429045239360882 0.0663996203606177
-0.140969380498645 -0.165115364369933 0.0322672838706645 0.0778758851772762
-0.033284596099122 -0.257860871437758 0.0293155430897985 0.257362344524526
-0.0395352866773523 -0.132512413614142 -0.189066902944494 0.604644295931543
-0.0929578091599829 -0.0702447980147442 0.156890760740864 0.338851242270809
-0.0734763256682895 0.0076216175732705 0.0865608707688074 0.0451009232943339
-0.0453606538106753 0.0330112535480918 -0.0814548086911868 0.0397735911539798
-0.0218513420314938 0.0598549871000452 -0.0257738561769849 0.247671558192063
0.019857910588381 0.0778442793842595 0.206953126330641 0.257047449520644
0.056974049266036 0.0709233218048809 0.307712060735603 0.14907694321955
0.0587538924480329 0.0711423086663492 0.299513190583716 0.084900228787614
0.0524873976433692 0.073888290563016 0.276066827919336 0.096343739879196
0.0155721105743305 0.0774375718359453 0.198147184760488 0.136491887246837
-0.0401480720139602 0.0639338796180635 0.0674917415824479 0.162615301303485
-0.0479029505890299 -0.00490135233734118 -0.0328825654324824 0.0906739228350968
-0.00467697637003869 -0.0189171392145583 0.0188628729095473 0.0503833015384197
-0.0404695930838012 -0.0194634187527968 0.0447910847268635 0.095325714626126
-0.0482436197267328 -0.0652571225252325 0.021376634612958 0.303047505410606
0.0541633302011057 -0.0762431089774094 -0.0419791727626589 -0.345802939384983
-0.0278050672966429 -0.08444579439172 -0.106882618152652 -0.126585540585037
-0.0903873591363827 -0.0116646093561785 -0.0405403836656176 -0.019568681137762
-0.0242698242106462 0.0742321351126671 0.0431533173315997 -0.0340881717640339
0.0414161221403676 0.0645488427610222 -0.00937920607154977 -0.150070484791242
0.0595249726756865 0.0134695123123414 -0.167054191154357 -0.168700902223893
0.0506611209375184 -0.0262794585199663 -0.260445315489823 -0.118981945079876
0.0531580233164884 -0.0345854331902799 -0.28311580388334 -0.0930490442032153
0.0588349253801753 -0.0174062561265141 -0.280149163033142 -0.125147985987802
0.0801354682016152 0.0381465567545849 -0.195171944551799 -0.194995406928155
0.0402111443538942 0.0835365768266767 -0.0362240369199301 -0.206291188470067
-0.0584871923900959 0.0807336586190254 0.0500573339032323 -0.0701290021237646
-0.124750583074083 -0.0348810123939338 -0.0821327931685732 -0.0703385213387486
-0.0136830463389389 -0.132332122652615 -0.0935228122713907 -0.250627633166563
0.0762682891551522 -0.106426762109606 0.143112688423105 -0.532059816313424
0.0712458726300954 -0.226341572865913 -0.0567683523104692 -0.290671923645576
-0.0739698289949885 -0.187082426416965 -0.0843960193794648 -0.127421188799194
-0.174724744009333 -0.0473699312274753 -0.0583028585165521 -0.0192149812657053
-0.0930786957176651 0.125263151062566 0.0283114989285797 -0.0132670729104745
0.0362517588287709 0.165351419995435 0.0133356491999305 -0.117376460835825
0.123037024268964 0.104894885383328 -0.120074161104239 -0.162624192697339
0.147605603241706 0.022191725339939 -0.216615185063526 -0.124295060127996
0.161243579221566 -0.00135359949327623 -0.238167836084978 -0.09583742254192
0.167331308118947 0.0303489553384594 -0.228102039623865 -0.114915806568798
0.174551444872137 0.139992511392925 -0.155950835358722 -0.158715923366905
0.056379903127541 0.230196169329685 -0.0361920344789768 -0.153814091203861
-0.150897279924121 0.195543982280535 0.0309141205407045 -0.0351711988145446
-0.30178299239792 -0.045015819385094 -0.108085423396125 -0.0567668746017479
-0.134572044591547 -0.295951455242144 -0.109115980934957 -0.239188545828073
0.075624972019013 -0.32338934559194 0.117270156094707 -0.47439950668509
0.0849194641945524 -0.359699370767998 -0.0849677957413885 -0.184828451365867
-0.12266298926497 -0.288059312867613 -0.0526246734008776 -0.103329263876568
-0.263825581214909 -0.0856748968848027 -0.0628289352815183 -0.023749337866383
-0.167949593036122 0.172784465498051 0.00355820449837798 -0.00417436863495615
0.0230465014650848 0.259701705355253 0.0203437011228415 -0.0670484754993024
0.172485266510932 0.19182222388111 -0.0623378084606865 -0.124653769249586
0.227072693132863 0.0729784176977151 -0.141990970975555 -0.107307787843823
0.244507734832798 0.032812108222322 -0.157293321749021 -0.0847861556528609
0.249594563226524 0.0688228367782431 -0.13951036132833 -0.0900741534835731
0.250177922396988 0.217549995851258 -0.0891390949321373 -0.105296364264043
0.0805880973239757 0.346791351528495 -0.0219416281193003 -0.0817915675440498
-0.208030622702363 0.300696756369482 0.0170918215947546 0.00982411557958484
-0.442188454181721 -0.0239994504222064 -0.115797577754321 -0.0244935568155
-0.2545167927924 -0.403152159520796 -0.109002423683646 -0.187768356962228
0.0504666989413951 -0.486741205875963 0.0857979976120719 -0.353620286701721
0.086241669593012 -0.454448875153601 -0.120800011150061 -0.0321438408458663
-0.175925979315322 -0.369379814449899 -0.00781245214892983 -0.0411155853231787
-0.349464599844628 -0.112313573087766 -0.0473738218733929 -0.0224484131112649
-0.233528531839716 0.218990394626264 -0.0259925622842926 0.00168379053295691
0.00990280063756007 0.335206848771641 0.0174383019595198 0.00277880214101997
0.203975742168517 0.258415402694749 0.00626055533233851 -0.0564197316812569
0.276524030431189 0.113211163203395 -0.0432068347411434 -0.0688588835352776
0.290744546836087 0.0596514947981457 -0.0517603558616465 -0.0602066255439988
0.29130169221497 0.0959556863395233 -0.0297164230581067 -0.0561497968595519
0.290305186214761 0.256808163497954 -0.00122427853573914 -0.0443092174085419
0.100483796575631 0.408255672234155 0.0103602633173981 0.000343160587587631
-0.22310869589391 0.360664157133038 0.0110318485600056 0.059918849263859
-0.503446751710077 0.0102575238250285 -0.098941777864319 0.0165393290140991
-0.332691043954293 -0.433272789017469 -0.0836577743135673 -0.108723915120814
0.0154406294941024 -0.561753833991038 0.0614764600141984 -0.185018937369431
0.0719578044784267 -0.487957360785459 -0.154275927185056 0.154912381688448
-0.213862804979598 -0.402189334307753 0.0472057847488745 0.0586749350897671
-0.392678759074537 -0.115015949384871 -0.0161755156249128 -0.0101113927816426
-0.264157007088982 0.241118314687328 -0.0557520688074863 0.0148848968481028
3.94932255587503E-05 0.358899509823237 0.0102831331564423 0.0887443086488335
0.209055242633163 0.282807768265884 0.0809154120958327 0.032976467794378
0.284803570120193 0.13334505890378 0.0684933016739239 -0.014765931971371
0.291468265069686 0.0791437468121136 0.062301162626296 -0.026623702591737
0.285350866887654 0.11003428722872 0.0828154160668767 -0.0192204756775624
0.275570217270422 0.254990167234068 0.0891305657550113 0.0132991860649138
0.0951122847946838 0.393784940021085 0.0499784365165621 0.0763176539906262
-0.200260989167304 0.338900662228465 0.0086148201002704 0.102408571043702
-0.457613140316081 0.0283197407136362 -0.0653735056020303 0.0509210374920524
-0.330532899549072 -0.385358887155702 -0.0385170878678807 -0.0260743938526845
-0.0128571763999887 -0.533414318889068 0.0472760999966293 -0.00608881849407781
0.0413897143248132 -0.439067392646525 -0.175091803442871 0.343725885135983
-0.213208002618031 -0.353079892590856 0.0994146394420461 0.169467637359316
-0.353625278639273 -0.0917640110701373 0.0199190175337256 0.0102605130494696
-0.233954198028211 0.211238327066507 -0.07913872516882 0.0333584038880097
-0.00994592134529706 0.311291246627655 0.00248605220622684 0.170404050727256
0.173660105490484 0.253203574389126 0.148016855573565 0.12547461075091
0.246023031357435 0.129643244165835 0.174267478610234 0.0445264359188045
0.246774103413717 0.0865164604857448 0.166536359790841 0.0101835471585552
0.235402718958937 0.109247116806589 0.177767734499119 0.0178413674920069
0.210906083860373 0.21823843646464 0.15712120164133 0.060472376101967
0.0576129441822217 0.30988408421972 0.0786900467694212 0.128702719902552
-0.157675670358035 0.239178849178268 0.00146316538152817 0.121805525291562
-0.322703195500486 0.0122717417945475 -0.0296447308900135 0.0643640107108352
-0.250188284596212 -0.281991162568659 0.00524745727782355 0.036338928137393
-0.0287832877933358 -0.413309948686684 0.0404959873376944 0.144006963022484
0.000522732577154933 -0.310689557181893 -0.178908990737247 0.494681853586764
-0.166178788653021 -0.230759927384612 0.13622432970833 0.261689391819957
-0.230953573406609 -0.0462413044873662 0.0518134563844791 0.0301766445711523
-0.150643261442171 0.133164231781082 -0.0869817262203832 0.0453601099736711
-0.0157706076397784 0.1999613410724 -0.00552603458406088 0.223799027985447
0.107539094772843 0.177239987326797 0.193053747392421 0.196473210800288
0.165493481206015 0.10579842257244 0.255671574271936 0.0960664400405284
0.164693393121347 0.0819296735333527 0.245098877411159 0.0457292762994488
0.152153135122365 0.0964988782946029 0.239856983986749 0.0528318392370094
0.116083413503387 0.154542581225032 0.190091807738275 0.0974996834629102
0.00616780492844528 0.190252785543047 0.0828298774267408 0.151791272917411
-0.106071703989483 0.110123638528621 -0.0132277285508563 0.113180356999329
-0.155679137014313 -0.0128334680514394 -0.00127362340922853 0.058232162081213
-0.137167118065692 -0.152009926706067 0.0325325795830343 0.0713427941501607
-0.0353634550810128 -0.244147696272178 0.0344598447452412 0.242598752724675
-0.039498770925292 -0.12489129067556 -0.160997735103705 0.577105573274039
-0.0884238939303423 -0.0662736733069394 0.156574189418904 0.316466488551845
-0.0688492646282882 0.00700161167028693 0.0817620567161116 0.0408314170094157
-0.0432891260113188 0.032419541046192 -0.0781441393034177 0.0419820235463047
-0.0199522732200096 0.0580129120078111 -0.0156483627652824 0.236364511526335
0.0226088176940049 0.0735021829259985 0.206927629440869 0.23711418026262
0.0571151616790503 0.0657138478303974 0.2970323400476 0.132517152740036
0.0589742529572152 0.0656238970623662 0.287014021742236 0.0736709203634738
0.0528579628804937 0.0681947685078576 0.264246771333026 0.0835280849500882
0.0167532093798133 0.0739432013895583 0.189469012186647 0.123111991946014
-0.0355425340243154 0.0634028197453513 0.0674722106631903 0.151379209569006
-0.0469722911759885 -0.0026880205133372 -0.0294983594509639 0.0854929745233661
-0.00648059764327524 -0.0206612565719124 0.0193874427744862 0.0433820233460721
-0.0373634312144207 -0.0190306865159196 0.0449018824525128 0.0884387389000848
-0.0437930170922419 -0.0613108184768963 0.0282825091829497 0.287945629573604
0.0511313120985992 -0.0717119742047461 -0.0366553661955311 -0.336205402834838
-0.0256362573377993 -0.0791748448846054 -0.104211825830875 -0.125130587446429
-0.0860058719603941 -0.0103345876821557 -0.0393524363460773 -0.0170471671766338
-0.0230325848471795 0.0704984306969643 0.0426821013034342 -0.031066346170835
0.0397292831949061 0.0619705265856228 -0.00612440590305278 -0.144533210347546
0.0561777680892236 0.0135281895825277 -0.159284763358545 -0.163668911738665
0.0474477771170377 -0.0251187931487848 -0.249955725909074 -0.118910886214528
0.0514673522379003 -0.0328462074299843 -0.272589403030881 -0.0941798258244111
0.057173699168879 -0.0156666526596027 -0.26969158924655 -0.124618116710289
0.0773494177082388 0.0372503564947744 -0.186935146670751 -0.190843869520558
0.0380144765692163 0.080364323755416 -0.0331314650063348 -0.199463487673529
-0.0577743858025148 0.0767635121276204 0.0501353236201735 -0.0694470665933343
-0.118801199757261 -0.0330102243492713 -0.0766407424918923 -0.0685720909643907
-0.0127958564161653 -0.126990061339911 -0.0816963167473112 -0.244509297136691
0.0728641681491307 -0.101784477851669 0.145438057103336 -0.511775852449831
0.0687206324908476 -0.21572936486839 -0.0515387339781682 -0.283538255285637
-0.068988190089221 -0.178781996747318 -0.0825828617883396 -0.126761785383929
-0.167244641650292 -0.0460572389933199 -0.0559098296017316 -0.0166681062625954
-0.090054850216142 0.118323631590956 0.0287931016271009 -0.0109866786753128
0.0348865588598046 0.159211391042058 0.0159509031723196 -0.113154788433394
0.116978374673582 0.101756103739703 -0.114607098630526 -0.157998566461697
0.140548928593878 0.0221668032559561 -0.207514874756116 -0.122709336061039
0.154615580396142 0.00109121079527547 -0.229523167580588 -0.0965220955977624
0.16119638986499 0.0315961036186701 -0.218901099452436 -0.114194905124335
0.167729505386868 0.13679467802912 -0.149788519082021 -0.155821136705249
0.0524362214384185 0.221909542178798 -0.0331491133153497 -0.148398364832124
-0.148415878262897 0.186453456021706 0.0312541073148843 -0.0362905169688123
-0.289356041033555 -0.0460596409766205 -0.101948912001218 -0.0579664825645897
-0.125845323522496 -0.286735989454879 -0.0975377727250605 -0.233412297843852
0.0759830885206565 -0.311558018053799 0.118019448397743 -0.457576319434384
0.0822565721182237 -0.341960207778286 -0.079146111177994 -0.182915290571726
-0.114613308723481 -0.276652549458209 -0.0525056067030905 -0.103983314655733
-0.251787643511678 -0.0845378089025006 -0.0600250154617205 -0.0209188375123968
-0.164046867512837 0.164281155539329 0.00451916116958881 -0.00263490888251921
0.02168009603778 0.250754442688808 0.0231662540932667 -0.0651570061570244
0.165299773252884 0.186095107292057 -0.0583654662089284 -0.122298681839039
0.217165132644114 0.071211967665416 -0.135878138700526 -0.105529133270988
0.23488595589813 0.0340799015813811 -0.151322053679184 -0.0846199981544276
0.239834210747802 0.0700428916494005 -0.133494909595649 -0.0897164691536433
0.240595522506989 0.211457007493047 -0.0853754749865767 -0.103689743723774
0.0752393797322399 0.334621802577737 -0.0192013884255017 -0.0781916638290022
-0.205881871658742 0.287286715318691 0.0171250567045214 0.00609407858114821
-0.425517242696558 -0.0287670577924342 -0.109432992897133 -0.0278746343490122
-0.240220166110903 -0.390957243163608 -0.0991163164376277 -0.184709482856166
0.0539868973585216 -0.471217385509235 0.0852656424629762 -0.340022413091886
0.0866448684724422 -0.435056560713863 -0.114415431425609 -0.0354810510391385
-0.165374964015896 -0.357605390288664 -0.0102148698848423 -0.0430742059561565
-0.33426472604295 -0.112632284062193 -0.0449767387563714 -0.0194019732547224
-0.227925758297556 0.207457813904124 -0.0243708636165738 0.00267673403721373
0.008192178406 0.32272488548411 0.019741028448062 0.00209975092230049
0.196756260347072 0.250080222774823 0.00816742274593128 -0.0571569431886401
0.264858295108135 0.110556778178526 -0.0405909186790081 -0.0669414655532894
0.279535510441697 0.0615829527409743 -0.049776158407866 -0.0594646795410194
0.280161051153179 0.0962921139758846 -0.027710991112428 -0.0565773764333006
0.278182448939088 0.250485794924733 -0.00105505784823316 -0.0441197143688164
0.0944757788535384 0.3938875641088 0.0113497312357462 0.00253271241294488
-0.221835170789421 0.344704246063388 0.0103836463108477 0.0544207947654258
-0.484723965690473 0.00460052730299083 -0.0943339828101991 0.0106988267949502
-0.315950672783361 -0.419706280414808 -0.0769819971043259 -0.107908773484957
0.0218988902690004 -0.543647712080942 0.0597687718157335 -0.177190800236667
0.0748960568649276 -0.466620480144626 -0.148478990237781 0.144089523752769
-0.201599969549858 -0.38870817884454 0.0418884049340547 0.0523770287954315
-0.37613233959257 -0.117943283442437 -0.0151759536176933 -0.00793603088488319
-0.258117984618003 0.228741779484388 -0.0539036097217584 0.0157467617301777
-0.0021611250225412 0.346411488568787 0.0125172224962101 0.0846787251570434
0.200166607712962 0.273520816986773 0.0800130550130911 0.0295343866192563
0.272898975253158 0.131087712950957 0.0668066870641718 -0.0134646994241989
0.279093564893933 0.0793950340016145 0.0600160733784936 -0.0256007757878339
0.274629944563257 0.109089702500617 0.079809615507492 -0.0192494337838728
0.264695789626923 0.249264700324421 0.0849930498018535 0.0119846502302665
0.09075682014481 0.380363595847555 0.0494683256259237 0.0752626998282833
-0.198204460106114 0.324034186191549 0.00754865201644801 0.0958401284280577
-0.440697872368997 0.0184962924358507 -0.0628820848053733 0.0431275638167982
-0.312952942729233 -0.374743805626118 -0.0359088358491123 -0.0282228916679792
-0.00602322677492358 -0.516308751949464 0.0440120212558664 -0.00548049151996871
0.0452551131905529 -0.420084789872958 -0.170452946695095 0.326107963031258
-0.200944958764568 -0.343435490876269 0.0914804796948734 0.16089755434924
-0.339149426898675 -0.0945013972493243 0.0187417493973935 0.0113291196167833
-0.230402003727634 0.200496880470877 -0.0773001588053522 0.0331476552477631
-0.0117479142483352 0.300694069703069 0.00402868014640027 0.164020268534748
0.167716820183248 0.245953870031668 0.144397085206408 0.118407713473307
0.236147565116318 0.127828502236376 0.168697574736687 0.044700630408662
0.237136296588496 0.0870751267205852 0.16116784257721 0.0115786089471082
0.225632515199535 0.108594957692302 0.170845010855253 0.0176711803461076
0.202471598354356 0.212495288004648 0.149951015898889 0.0586660900805391
0.0547594797434648 0.29927928582076 0.0755357956452881 0.125041629562661
-0.156017959566645 0.229298019072825 -4.23158501812746E-05 0.114945480552352
-0.310580824724539 0.00626333678202841 -0.0291081428344497 0.056821176574992
-0.237490548924281 -0.272912312776281 0.00457025484266751 0.0333485143875716
-0.0206557442401904 -0.402869056596047 0.035730348326843 0.13922498318224
0.00617108686107009 -0.297968574185496 -0.175399796285157 0.471940528660359
-0.15664796650332 -0.226679427436566 0.125752906268886 0.251887839172841
-0.221862327755515 -0.0496622250152479 0.048746391686941 0.030447212031817
-0.148726523709461 0.125909072442523 -0.0855533205021643 0.0447767379928823
-0.0180425651247949 0.193439269545344 -0.00548236537157705 0.21588499683345
0.103277771896247 0.172405045282684 0.18624657468096 0.188544985393604
0.159012302959593 0.103338210190091 0.246863059525401 0.0958313640977323
0.158317055666616 0.081593515243833 0.236091670862696 0.0470770315178984
0.145924493685807 0.0951947027749668 0.230378779765728 0.0523000063818128
0.110776777689943 0.150898156529536 0.181027886959193 0.0956372023924797
0.00525208445393661 0.184205681990007 0.0782172108110551 0.146992952056192
-0.104703664298323 0.105000036354706 -0.0146364426571627 0.107385732053628
-0.150740695942268 -0.0164361172953391 -0.00209779427159787 0.051096919983662
-0.128742103290393 -0.147833716589294 0.0303089194335717 0.0677291248187024
-0.0284912651954013 -0.237780089555954 0.0297690358151228 0.235443932756453
-0.0345037509521695 -0.120158570138802 -0.15973346017106 0.552250815453772
-0.083666883611762 -0.0669275871605515 0.144999391689063 0.307371492026948
-0.0661335394577555 0.00339160414312253 0.0768358288095547 0.0407036847383342
-0.0432058051837522 0.0304075711045096 -0.0770051776366161 0.041323753552213
-0.0199400684179165 0.0567213047922471 -0.0165008271828523 0.228781010167326
0.0227914881616918 0.0720392422893074 0.199852353131844 0.228402764073727
0.0558996069360164 0.0645287195092674 0.286687742339187 0.130944271495786
0.0568923773541968 0.0644537361526037 0.276275345005173 0.0755564620884102
0.0506048325709885 0.0664502340948301 0.253909937867953 0.0841545720913328
0.015463906811964 0.0719498704002093 0.180281679460757 0.1205582309819
-0.0341298375635772 0.0623303718999058 0.0625955646482154 0.146588104546316
-0.0470352192839783 -0.00206750698794217 -0.0298138358861805 0.0811749830318599
-0.00734580121897409 -0.0224435240724509 0.0187888940870117 0.037459496389895
-0.0344178199530441 -0.0195672675564044 0.0417523330834516 0.0852564427510737
-0.0381849039904215 -0.0609166179368218 0.0242874973129772 0.278990013866734
0.059321820436827 -0.061722195839178 0.0144232195796751 -0.334226966818922
-0.0111874500742849 -0.080232901075441 -0.0834175474447917 -0.140589203132545
-0.0817594919586633 -0.0219018433838287 -0.0336970381103059 -0.0250220386217125
-0.0339509995042487 0.0642458861056821 0.0468880637317825 -0.0264703258489055
0.0294965299592428 0.0661524040740149 0.013186888377408 -0.144351384034936
0.0523410732435546 0.0236935148756709 -0.135917353738294 -0.185740704645064
0.0486629424937642 -0.0165933280839942 -0.23272637642503 -0.155107715265199
0.0537120137328626 -0.0235418645688981 -0.253265255416499 -0.140664584682729
0.0552675979677625 -0.00352566861869024 -0.247154148816935 -0.170212951774138
0.0679120867139612 0.0486484916609205 -0.15218147490211 -0.221661083530364
0.0216268852814571 0.081981314099657 0.00290097257209776 -0.205487708927868
-0.0711460584630133 0.0639738964929715 0.0647854457088268 -0.0623767590958509
-0.111680817327294 -0.0509341049254509 -0.0619543874900845 -0.0784984951811339
0.00594689958723273 -0.125947949157453 -0.0362910857842153 -0.254715122173767
0.0820794775684197 -0.0899134259653621 0.235698404916326 -0.484087862773599
0.0974862575531328 -0.199550678563569 0.0017001627450453 -0.278231740059182
-0.0378223919464011 -0.184670496772618 -0.0566183635033643 -0.138385675452356
-0.154969423099855 -0.0705915908819204 -0.0449562226901993 -0.0300344379539382
-0.107580312026787 0.0988989868382542 0.0315300570983726 -0.0122166794483015
0.00699441415294613 0.159907899320746 0.0299697411878626 -0.115187459741875
0.0976751719295738 0.120484830866207 -0.0965190330373332 -0.175551798955835
0.133309131383739 0.04701405998308 -0.192066043628747 -0.154524200551513
0.150666815285503 0.0277533654444707 -0.20990571489653 -0.134779949000681
0.149406491921429 0.0600382011350019 -0.196960823271492 -0.152655773669587
0.140318363940943 0.161250558455515 -0.119248513009238 -0.183091951104853
0.0117865554862663 0.222944498777896 -0.00293313697234648 -0.15512845407271
-0.179945779146429 0.155194701821349 0.0421675454160608 -0.034763591730298
-0.275938495941697 -0.0928279528226042 -0.0871156295319414 -0.0700337735024252
-0.0775367722068016 -0.301560406050933 -0.0571255313301279 -0.243305820985236
0.123030199087274 -0.295421612602452 0.19570113880531 -0.432985258946669
0.130543688993744 -0.322122514304022 -0.0321415077960598 -0.178047896969698
-0.0675737180469134 -0.289169032980793 -0.0241367440497924 -0.111382981685595
-0.231896180975387 -0.122669322111274 -0.0426054104034294 -0.0375198417401328
-0.187130232009595 0.130274137307959 0.00847783154661952 -0.010903832157122
-0.0215307520746512 0.246179521226658 0.0299995377804816 -0.0717524021877004
0.132233058158324 0.210579875008045 -0.0499610033156467 -0.134226355535343
0.200988292797183 0.108275960504445 -0.12440794910282 -0.127836663042708
0.224233294739605 0.074435004626873 -0.135168964073233 -0.10906823605403
0.22043565359599 0.109752876580454 -0.116825711365371 -0.114117628270585
0.198928638481414 0.246819487132407 -0.0627026516909562 -0.1219495196189
0.0154423154048149 0.336634472889466 0.000888098700713551 -0.0823329963271622
-0.253805858759018 0.244371601743627 0.0223701808782858 0.00448525018662628
-0.411427645971058 -0.0985384124520353 -0.0991422141167195 -0.0413310119251714
-0.168602726921751 -0.423619972419656 -0.070512598652914 -0.191568840181572
0.131738158432848 -0.456130505353265 0.140167333181973 -0.320418236881947
0.147419160376647 -0.412109118522232 -0.0820346980781459 -0.033454911744903
-0.10410319117806 -0.376694178517907 0.0133247299634046 -0.0452500269064264
-0.309536037841064 -0.163739990411056 -0.0234418269437538 -0.0371016866092335
-0.258931519164712 0.161578599654615 -0.0196825296204914 -0.0123892386836915
-0.0475975370403811 0.314769678367202 0.0174966016167872 -0.0100461268772715
0.15295451377248 0.278227434524469 0.00356926287583485 -0.0613986851923154
0.242516144456296 0.154485892947947 -0.035489512956041 -0.0770433066130755
0.26370382270459 0.108763500626809 -0.0389129467279404 -0.066684364837175
0.255807810981552 0.141904233279978 -0.0173131411462696 -0.0642528194701935
0.229882765356425 0.291705646173125 0.0112423714942607 -0.050559844818162
0.0260869762390281 0.39769946715884 0.0184548664450272 0.00233974133226323
-0.27813924975186 0.29775135703284 0.00781782692871104 0.0506005307396369
-0.474283075463369 -0.0767986369082037 -0.0901247152167323 -0.00146016152847406
-0.236119015614398 -0.463866947168516 -0.0625407967596811 -0.109633137221965
0.116411846054085 -0.53342253912051 0.0841231901593303 -0.161397877895077
0.141621652199133 -0.446204439819938 -0.139081875002585 0.140048328706364
-0.134616222900212 -0.415402454762393 0.0532672076154027 0.0587339539797654
-0.350103043474375 -0.177699988285893 0.00572750463178054 -0.0231841177005798
-0.293225335469836 0.176959285322936 -0.0499842712938399 -0.00581295595134044
-0.0638063950496878 0.336437358030913 -0.0024745013914206 0.0695513476580711
0.152557503246821 0.301191708517216 0.0610479369732574 0.0342810222509587
0.248300412693533 0.176444993240847 0.063891529145633 -0.00877204937844233
0.262274145211412 0.126361301072505 0.0636839571235402 -0.014065837201519
0.248699513633694 0.152974425612742 0.0841304508480512 -0.00945215622112467
0.218762060788709 0.285988405076251 0.0865256300737056 0.0201050979901155
0.0261116431468659 0.384121608764026 0.0433961976262972 0.0811129750333766
-0.251149737599254 0.282497763786528 -0.00290917536081685 0.0915450431113393
-0.431778949487521 -0.054390545769252 -0.0654540258896356 0.0346582362803115
-0.240083533073734 -0.418815210102085 -0.0363873469069145 -0.0237757745797794
0.0853474207003678 -0.50889150149753 0.0387791232054681 0.00781827696703541
0.109003659187272 -0.406395564799813 -0.189993292114998 0.314228507206724
-0.140945684293911 -0.371389864492526 0.0842775863968824 0.173425548207573
-0.316969210825845 -0.15151548421138 0.0334364410712677 0.00197543407886345
-0.261143974855448 0.153761293737333 -0.0766947077255391 0.0105208979713006
-0.066273691430237 0.290659557724507 -0.0221875030052685 0.148201245717178
0.124717474156028 0.26812412459993 0.114231932523712 0.133313493587875
0.213576397597965 0.166961340878571 0.157753868601457 0.0644360740147535
0.219746987082044 0.126261134481399 0.15652066345316 0.0398405734350927
0.203137640079239 0.143482961757983 0.167480003160473 0.0428550415109482
0.163957648288238 0.240189899676506 0.141924503712204 0.078420931057146
0.00625068703129426 0.299781566253048 0.0591916766174172 0.135502254838222
-0.192722473689027 0.197502759695901 -0.0149626410901746 0.110220831164089
-0.303933645648015 -0.0460760355094277 -0.0357947877637555 0.0511565847349571
-0.182734696019499 -0.308738329298691 -0.00589161628762071 0.0414120375617084
0.0533830867645951 -0.399487170530729 0.00650433636283419 0.15023372277818
0.0516530823767548 -0.29330927272638 -0.224112834282865 0.451626958731116
-0.116754456313788 -0.249996068192746 0.0992294993634985 0.269000669585838
-0.209254990934806 -0.0882974108665139 0.0536389889005217 0.0297946502196611
-0.169271514823628 0.0958152286294151 -0.0884040625917574 0.0253887713385539
-0.0530417249968016 0.185809469241808 -0.0380902949237983 0.202762451644476
0.0745121420100885 0.185321159052048 0.149920790274234 0.211756930069197
0.142336666947563 0.129827618774766 0.229860301117509 0.128061464856216
0.143918771689761 0.108019680727177 0.225500196474714 0.0878432378671485
0.128348656591209 0.11636736475267 0.219969551948832 0.0897303467644358
0.0846853574668358 0.165869264470267 0.164435233808432 0.121306317304431
-0.0223043335422341 0.180369621012676 0.0550295678569554 0.158085649272303
-0.121368449169232 0.0851326104884364 -0.0306935805257044 0.101810603073518
-0.14409585731927 -0.0431170510449229 -0.0102889257455244 0.0478849857531414
-0.0971352132941745 -0.167002143487849 0.0150996980541783 0.0764476519916247
0.0197048340640773 -0.239259449465686 -0.014122822663867 0.242882329761219
-0.0138439687827884 -0.124787912709178 -0.232159939598349 0.526072631605658
-0.0719610126111168 -0.0814861346034862 0.100803516350586 0.32711349353183
-0.0654327351949439 -0.0096598137463623 0.0706222773181615 0.0497909434847665
-0.0497320650317295 0.0217920818154193 -0.0824281411220431 0.0284275070544856
-0.0311159025757394 0.0520625222332239 -0.0495842143255517 0.22094489071433
0.0115777599356072 0.0727245408752436 0.16173400850261 0.255230117776517
0.0467232728724727 0.0727440502762772 0.266552940149009 0.170676552195764
0.0474843815461791 0.0735330210200117 0.26057866271945 0.121899324791639
0.0407507404542697 0.071954941032831 0.237735942024083 0.126116107350971
0.0044958216738363 0.0737145266432516 0.157779713536353 0.148809156889658
-0.0412147468072071 0.0562438725630342 0.0372426952837015 0.155562610094891
-0.0461958104366341 -0.00878516461280568 -0.0431001285387458 0.0755541875800327
-0.0042578262804977 -0.0251427753455929 0.0113422486493778 0.036213099411892
-0.0273126081093771 -0.0256813618756769 0.025553313524638 0.0926408324966419
-0.0199561365877942 -0.0669963986158273 -0.0262719140600649 0.284937004827538
0.0602511465315374 -0.0619761150234769 0.0166309706398027 -0.347337256233471
-0.0103586905466934 -0.080952123306161 -0.0882104143323248 -0.145962292380933
-0.0835827798334454 -0.0211778637412933 -0.0344452821681454 -0.0241693285905607
-0.033875338935532 0.0653818072609956 0.0498594449123427 -0.0256873796043791
0.0313278435097954 0.0673769250213571 0.0162700159884178 -0.147695461697301
0.053108508364556 0.0249272370102893 -0.139573736365499 -0.19087476697404
0.0492645197663241 -0.0175338676977556 -0.239794281733935 -0.161882281468652
0.0552920989266011 -0.0236997379345654 -0.261920274747836 -0.148624904953794
0.057704240551057 -0.00252809505508712 -0.254934431942826 -0.177660584212487
0.071000997481015 0.0497913856647706 -0.157193345596043 -0.230859773295244
0.0208367504340762 0.0835590842937914 0.0037231897439029 -0.213442597510438
-0.0741713803202913 0.0648558226673043 0.0681198854625753 -0.0668560009431241
-0.113612238951308 -0.0525878512191447 -0.0612254136217511 -0.0812422237285413
0.00648997217233581 -0.129895486571065 -0.0300368434965045 -0.263930750268573
0.0829516473473584 -0.0920247273053217 0.246081826488034 -0.497700085236552
0.100604032008537 -0.203045829885451 0.00321877084289731 -0.289707522956641
-0.0373327035575587 -0.189309777849384 -0.0606598034388093 -0.145224439649001
-0.158398479756821 -0.0723487199393437 -0.0454479818357669 -0.0288781140417928
-0.110751808508893 0.100892790599094 0.0335377700355274 -0.0106974832234909
0.00853201661106627 0.164346175978264 0.0330668340326925 -0.117990936819085
0.100739383991043 0.124429057392556 -0.0995686468172439 -0.181430482713806
0.13628356552703 0.0484305829442708 -0.197086286870891 -0.160833573624088
0.154444273716022 0.0299819718962811 -0.217406516520482 -0.142505264508393
0.154453273329894 0.0636843950282374 -0.203604628742563 -0.160550774022933
0.144995557266809 0.166837246512699 -0.122881177655139 -0.190708805088917
0.0105587415968328 0.229517215562524 -0.00195843183333973 -0.16031070249998
-0.187204087716298 0.158993547374722 0.0443745167614468 -0.0381479028151557
-0.282803879423256 -0.0987196446643379 -0.0887640840002293 -0.0744783833579654
-0.0766881090326765 -0.312279470896779 -0.0533274054489528 -0.252719623590001
0.128139502998691 -0.305270614048574 0.203354671534732 -0.444780702090013
0.135482200783409 -0.327897568443313 -0.0320936363885713 -0.187032418552707
-0.0666214319161762 -0.296604288512596 -0.0282233444723441 -0.118271977341394
-0.236984323670869 -0.127815074001482 -0.0434489624370832 -0.0368596716014538
-0.193541759653922 0.13310111552642 0.00928846928457446 -0.00956421285696003
-0.0215134734776508 0.254097743716021 0.0331388143565376 -0.0735388610803595
0.136627360012932 0.21755245623621 -0.0515556887839913 -0.139796519883746
0.20675376252747 0.112192926086038 -0.12776524088868 -0.132915948648134
0.230443896742818 0.0786261098547186 -0.139761301839519 -0.114821993265003
0.227584657003512 0.115981619055714 -0.120076293636797 -0.120874683598041
0.206747199899748 0.25596167957168 -0.0646212360677071 -0.127929105690214
0.0157830654193893 0.34678322786537 0.00280014216098505 -0.0841436512569247
-0.26544354645416 0.250089600435575 0.0238827118451626 0.00185732487459782
-0.422337922412254 -0.106349224779359 -0.101856910221682 -0.0467786869983495
-0.170681993104539 -0.438287053438913 -0.0688140728249484 -0.199594918350168
0.139177787358277 -0.471906370263541 0.143827080061401 -0.329119221748081
0.154536522218694 -0.421021303945809 -0.0838558577139773 -0.0395146116233203
-0.103587518425222 -0.388506498560567 0.0102366074557707 -0.0497124075145907
-0.316920756716914 -0.171984403328755 -0.0235563211219829 -0.0360090876539258
-0.268375941269929 0.165320901287089 -0.0201997877155893 -0.0109803616622212
-0.0494966554594993 0.325409622138253 0.0195959024478311 -0.0107918537606876
0.159005084486138 0.286528154661019 0.00404039096882854 -0.0658859351137215
0.25031915573284 0.161040327790355 -0.0365620531024039 -0.0797244205910144
0.271204304155366 0.114027628262454 -0.0406323869611306 -0.0703853862412063
0.263657395419615 0.148654057305882 -0.0181012663893775 -0.06866027373141
0.238850502980696 0.301470651035512 0.0112063430878159 -0.0534025824570763
0.0270482916069551 0.409598140247536 0.0212130051844669 0.00363751825220352
-0.289984273444512 0.305492591057656 0.00831755952295369 0.0495018872037922
-0.487747224998526 -0.0855341323624361 -0.0939157575757071 -0.00618362477562174
-0.23955065980163 -0.481259305439557 -0.063142948015998 -0.115443350543939
0.12272927596851 -0.551598774269091 0.0847915461525997 -0.165216820585888
0.149986284628402 -0.456900871147413 -0.143348688535824 0.139460546723861
-0.134718230398251 -0.430093082407027 0.0501973881288631 0.0568868358966223
-0.358018174824435 -0.188487382898852 0.0063108938976841 -0.0210658694999661
-0.3067162038291 0.179875153127333 -0.0516211086371014 -0.00336792911763777
-0.0662343265467081 0.347236100139392 -0.000727387503877592 0.070875632510592
0.158328018710856 0.310237739992186 0.0636258529803541 0.0327353794823488
0.255833461955882 0.182771679347832 0.0659258885087227 -0.00887124855158311
0.269125428898089 0.132728505680163 0.0655348029382895 -0.014653447769313
0.256212061437759 0.159799966019961 0.086429908687401 -0.0110899717214688
0.226086139559125 0.296873291154445 0.0884433619664994 0.0194542022933849
0.0263055285417553 0.395344851282992 0.0466679460533371 0.0847662745700777
-0.261722478134421 0.28936416025987 -0.00341848556576358 0.092445793248303
-0.445821766877096 -0.0600395474794695 -0.0687518876556521 0.0294143955604252
-0.243707490579325 -0.433812863317066 -0.0378156099694849 -0.0262836214578439
0.0937966875184718 -0.527671125435665 0.0367294277466741 0.00853220018924027
0.1171038002319 -0.415540723331036 -0.197394491195481 0.318188484008788
-0.141719139475236 -0.386427526075727 0.0819899686064868 0.176456773829663
-0.325356858480439 -0.161937916804228 0.0348243203825921 0.0041882473134625
-0.273128979407443 0.156668671499236 -0.0800444668308653 0.0129444527764507
-0.0690355432813359 0.299931389800439 -0.0225981567281394 0.152014162403188
0.129772847283388 0.276705333698429 0.117812670030473 0.134285880150396
0.220236305842533 0.173136162804585 0.16338194655258 0.0675688855630187
0.225951204230229 0.132173583442576 0.162196710061902 0.0426398578017674
0.208514020880654 0.14929320372647 0.172192745007676 0.0440496212710196
0.169398253213952 0.249785294116241 0.145130585135563 0.0801573286118442
0.00609873125570425 0.30967495746538 0.0618455601715245 0.140319538514025
-0.200954279587735 0.202786350529639 -0.0161288497779957 0.111794531935596
-0.313170893843678 -0.052588508093158 -0.0383626024421496 0.0466464121548994
-0.18353685263628 -0.318745921870521 -0.00734171730861647 0.0413827422031491
0.0584518533896746 -0.413547744746019 0.00389878843905214 0.15539163708844
0.0581300565738835 -0.299700455500081 -0.233291994693721 0.460893160083039
-0.117596559824211 -0.260382670875417 0.0971452884771136 0.276872464402265
-0.215118010937356 -0.09642486426338 0.0548077232328087 0.0328522890195867
-0.177437855877334 0.0976802122650669 -0.0929218102590928 0.0278021724909699
-0.0567301294073897 0.192609208416048 -0.0404129146958141 0.208995521084676
0.0776394710264564 0.19113901608713 0.154882554994208 0.215909352057302
0.147285087694696 0.134820880653014 0.237529705117999 0.132856794767929
0.148114413505458 0.113147048130821 0.233052375876983 0.0929114013327658
0.131647787755331 0.12103268458575 0.225874116557868 0.0931335303380629
0.0876058024592147 0.172041972457713 0.168425006169149 0.125070354170437
-0.0227276838594082 0.186495998471975 0.0568618153408519 0.163498767091546
-0.12646227288199 0.087440816083 -0.0319280865446682 0.10339285911061
-0.149144140525426 -0.0475754984796563 -0.0116516280295236 0.0443604784838744
-0.0980283804361047 -0.173363192125099 0.0139420374738595 0.0788229151386654
0.0232931199884687 -0.247994269450146 -0.0173137059156849 0.25063295790946
-0.0113810165643277 -0.128344795698533 -0.242066799081269 0.537909983436917
-0.0731266423681736 -0.0862660244698566 0.0993504196868841 0.338657169385043
-0.0673406699458966 -0.0132269916053573 0.0719859688691021 0.0535545803238052
-0.0528866090392108 0.0220662913885387 -0.0868837894055969 0.0311243482028654
-0.0330255419503385 0.054154567075916 -0.052272613565018 0.22885217215216
0.0128386161968623 0.0751774262864548 0.168454816486137 0.262264737481189
0.0489938016724279 0.076058931570352 0.275970232885117 0.177755414306384
0.0492091784880029 0.0766483941714453 0.269880067665241 0.129716063656086
0.0413407523781058 0.0746035272689689 0.244960821703659 0.131550072303265
0.00478476288903162 0.0769847537845015 0.161291424703735 0.153788342399062
-0.0417795393763624 0.0590862944977814 0.0368721789384092 0.160380941662138
-0.0484784801983218 -0.00836807665401693 -0.0458275989200709 0.0762146616633696
-0.00591362749037301 -0.0281768480177656 0.0109041092715367 0.0335714462658466
-0.0263683814400347 -0.0281151999363863 0.0248425041246209 0.0960924381514779
-0.0177442223773981 -0.0706986261537379 -0.028252285800672 0.293268578497808
0.0592608906350789 -0.0646995443302245 0.00454148006344719 -0.361199928297227
-0.0125748693518642 -0.0821512714649492 -0.100046062669672 -0.148761658656417
-0.0860452848799694 -0.0172687038260335 -0.0374388219152852 -0.0223248007655245
-0.0313803073832866 0.0681654102025492 0.0512499540545593 -0.0267005886987671
0.0358568934057535 0.068018669701483 0.0138295864709705 -0.152797681307494
0.0556807155932999 0.0241740605575948 -0.15231974489192 -0.191663814942628
0.0493906536856022 -0.0198940551623845 -0.255261912844805 -0.160010166169764
0.056429892988348 -0.0269089602035921 -0.279155182777618 -0.147190283624012
0.0606723523613984 -0.00469826003787098 -0.272564019161877 -0.17670893273357
0.0760435203020947 0.0480175598373077 -0.172244796606159 -0.234817846601259
0.0245964702487251 0.0860361658499386 -0.00346872412086358 -0.222919065087827
-0.0746888809497437 0.070340838099644 0.0687386933831865 -0.0736068391298755
-0.118942133362321 -0.0508170383100609 -0.0644862319932428 -0.0819301410986141
0.00163712624602704 -0.134859528747909 -0.0350093055930504 -0.275921655289628
0.0823183883708272 -0.0980653062053695 0.237087489789559 -0.523522918797406
0.0971718703962472 -0.211391104313735 -0.00800253151771855 -0.302545023068431
-0.043977933645591 -0.193561515649134 -0.0717632317065489 -0.149208503182299
-0.165357197987544 -0.0689291335499523 -0.0486583704863531 -0.0273868334927208
-0.110379836327904 0.108423949202095 0.0347972696989087 -0.0107909880660244
0.016644125919926 0.169035008848512 0.0321014905027785 -0.123287912199518
0.109935273663452 0.125501874774615 -0.11049368722263 -0.184313649085303
0.141872312388355 0.0448779371523438 -0.211966587261915 -0.160252154414572
0.161156128424058 0.0263470518282288 -0.232635918937929 -0.143383719070938
0.163703939895789 0.0610072827060179 -0.218947141982047 -0.161284877544784
0.158008070537268 0.167778920004859 -0.13517606019238 -0.194984501815381
0.0181076851140225 0.237531182031554 -0.00599353305471913 -0.166034283682532
-0.190155151479184 0.171032288223872 0.04524872617774 -0.0430423197192373
-0.296095359760529 -0.0949299869466111 -0.0935671507182317 -0.0756724138056211
-0.0895870986485214 -0.321813670632829 -0.0603180035580662 -0.262682682098775
0.121826347741414 -0.321428865841474 0.194277204976095 -0.46597678425683
0.131021458863626 -0.341408922572362 -0.0402733900392427 -0.19643711157925
-0.0784852168489703 -0.304025643872778 -0.0375653983287496 -0.123746109554821
-0.24853213938464 -0.12455920841695 -0.0458842885374934 -0.0349939757108599
-0.196287728842328 0.144382707383782 0.00941143612333083 -0.00768863739395878
-0.0111132094030437 0.262957677660064 0.0335475580003851 -0.0780590998954288
0.151169632358747 0.219824446172733 -0.0589281256146527 -0.144313151416584
0.21825372909707 0.108645353213632 -0.138108993075661 -0.133662756625146
0.241435990769502 0.0744448779015641 -0.15042442462152 -0.116628126628738
0.241320426614432 0.113258093831061 -0.130371157330753 -0.123655565068815
0.226162361423696 0.258374089004397 -0.0723440682024729 -0.131798112584
0.0277216606344407 0.359320851104678 0.00188047387678717 -0.0876912607900189
-0.267793799497452 0.268804943756514 0.0251912091356809 -0.00169907195782413
-0.441983291185917 -0.0987338594924978 -0.107673716017028 -0.0482673856269303
-0.190344304081134 -0.451165793864422 -0.0763825246928936 -0.206118060597588
0.128722036592851 -0.496187248865443 0.134822994653074 -0.342877063462159
0.148167693648246 -0.438017619766396 -0.0884624491032981 -0.0423765913321063
-0.119384145902434 -0.398599376128312 0.00441957776258983 -0.0553146051704547
-0.333337672081263 -0.169599356741968 -0.0248843530523318 -0.0342585079894825
-0.27395779012771 0.180103361375251 -0.0207113165560468 -0.00796387795569052
-0.0384672383055737 0.337593235246424 0.0209709536814401 -0.0117922384551168
0.176681166421857 0.29092080955826 0.000729705371194358 -0.0706071401328787
0.265183284551526 0.157421544392308 -0.0408700531475004 -0.0811419123154542
0.285267355906268 0.10990172360709 -0.0450961387579615 -0.0724157006617288
0.2796055098551 0.145668882940966 -0.0223097495920058 -0.0726068188629323
0.260257274779378 0.304822070532072 0.00943519495629424 -0.0566664636070127
0.0424998632200519 0.424238885831556 0.0245631005826755 0.00358742502843475
-0.291909098950667 0.32877273316616 0.00980082406896462 0.0483525038431548
-0.509738707728833 -0.0750795248062448 -0.0995642869855755 -0.00780029906136401
-0.263795506552794 -0.492521774049733 -0.0689561391103585 -0.118584905575904
0.108911013901681 -0.578220949012723 0.0789288055612549 -0.171899624062659
0.14357225458816 -0.475585425931468 -0.144311403968634 0.144436134405105
-0.153171821378737 -0.441234174939487 0.0497258938489523 0.0549805770148293
-0.378850191947286 -0.186313909366509 0.00704282925945369 -0.0201458303654507
-0.311958304419894 0.196585560685703 -0.0541884350373231 0.000937242796782161
-0.0555635907015661 0.362702846066737 0.00194828362259427 0.0734529667574151
0.178014198642437 0.315588748543639 0.0667389831038919 0.0286515157389349
0.272642075247905 0.180848457835675 0.0683483346244113 -0.010884693466885
0.283691111496023 0.129854799925249 0.0677386566877302 -0.0178699832093271
0.27268257596463 0.157318334155192 0.0882959005049888 -0.016646511629326
0.247756709171805 0.300263194269423 0.0920931363255803 0.0157599235660046
0.0422942954548101 0.409356928481171 0.0535826932084616 0.0870999981049971
-0.262434744802668 0.310108208874908 -0.000951867082416016 0.0932093314262209
-0.464248983601057 -0.050662927959908 -0.0730922678038179 0.0284027376938651
-0.266709439106586 -0.442558061601527 -0.0404934556539396 -0.0265181744052394
0.0793487405263304 -0.55230110934936 0.0354391345002007 0.00971434216265479
0.112043234610344 -0.432424443119962 -0.194710480881589 0.331705272546552
-0.158268957734343 -0.396294625326354 0.0873698678396115 0.178450302060186
-0.34438284782413 -0.160480874045404 0.0369522226292443 0.00511067599348722
-0.280535155831736 0.172385687672426 -0.0827175528747218 0.0188594930303041
-0.0605375065586271 0.315030802530949 -0.0178916245323883 0.159023116248103
0.14684785533598 0.281506107667292 0.12725113873863 0.13215946472196
0.235945807794281 0.172176004126936 0.171562035410192 0.0637435496272887
0.239040293293262 0.130467867341188 0.170172235895913 0.0388289242932879
0.22201098941905 0.149040836653731 0.179309057174243 0.0386564588971287
0.186969527457831 0.253153041084079 0.152321094016562 0.0766760826683116
0.0192753849364902 0.32082825595036 0.0710932025687694 0.144388479402688
-0.202737375311766 0.218041496749638 -0.0140478527918353 0.114200502799696
-0.327049066872132 -0.046812367232484 -0.0406615816293792 0.0450738420292348
-0.200046496401786 -0.325208486778057 -0.00782547730617126 0.0433898812848917
0.0477037632135339 -0.433452127208969 0.0067422742997148 0.162386231385284
0.0538092614178977 -0.311925068665783 -0.22828944395424 0.481488692056449
-0.12971730437004 -0.268021024610223 0.10718735654544 0.282567590739607
-0.227105923063384 -0.0969189838039889 0.0585856395487293 0.034085993972402
-0.18398476852242 0.108100384954909 -0.096345834680329 0.034736986533467
-0.0521864840128428 0.202548332904462 -0.0350315487464149 0.219500436731988
0.0889961954540642 0.194989590640139 0.169402897975869 0.215778689268107
0.158977694294429 0.134855671034833 0.252669899080014 0.129852685908398
0.158627301111668 0.112827382949743 0.247185382984474 0.0894293976189624
0.141064686678287 0.121851743851168 0.23842756937909 0.0880706001391283
0.0986247228157264 0.176080628133021 0.178343083977899 0.123027581213645
-0.0157594927046649 0.194675767047271 0.0653275761407858 0.167572233686152
-0.1291170845569 0.0960994020857208 -0.0303816824229691 0.107009244203626
-0.157536250305192 -0.0462612890354507 -0.0124964471808957 0.0416192766166607
-0.105787709683993 -0.177947696922394 0.0159599421051333 0.0816688267898483
0.016679240270366 -0.260973151273959 -0.0102619841950517 0.261891396362443
-0.0134096761082624 -0.133249842940115 -0.235749371132508 0.565422178095161
-0.0786054480900961 -0.0881328824548955 0.113574849976989 0.346775049558154
-0.0707939787812222 -0.0147099432756467 0.0754604534643539 0.0549116412456221
-0.0556693958220735 0.0255016461381794 -0.0910029158269237 0.0372424857816222
-0.0335593482717146 0.0585371008972128 -0.0469497111359958 0.240538597153529
0.0166015354349058 0.07718963095745 0.18506949938709 0.264440462938165
0.0551815805426381 0.0772135268828911 0.294227970291498 0.175254341291975
0.0545477901495021 0.0781537693217209 0.286907855088077 0.126711696299388
0.0456615022662401 0.0766106199249071 0.259711105395914 0.128456330071719
0.0077511001443649 0.0809988533736922 0.17215001494193 0.153750774412921
-0.0407142174084023 0.0633971368896652 0.0432948733041425 0.164679254883876
-0.0514742800665154 -0.00667001780638823 -0.0447018684930195 0.0797023718445044
-0.00889729520526011 -0.0305029788044986 0.0117073221018002 0.0302721619035353
-0.0269432394685174 -0.029463421121375 0.0283130268176621 0.0999239553964172
-0.0191632683113128 -0.0739951334402701 -0.0192669824062204 0.305653271221063
0.0550468157236354 -0.0679062905123638 -0.0184033069015949 -0.365050921498233
-0.0163024713060224 -0.0811168002108058 -0.113248497116835 -0.142598424981757
-0.0861992348198414 -0.0101909650325904 -0.040703692841986 -0.0186759135914904
-0.0265824857021698 0.0696423245378834 0.0513882732377637 -0.028680238364846
0.0416538933143453 0.0647782755410974 0.00657063496178452 -0.155132491165594
0.0576590827617534 0.0208041064438972 -0.165494681539112 -0.181966306535994
0.046663915421948 -0.0227688681721405 -0.268679574511492 -0.145755844290703
0.0546202248547389 -0.0304220888241681 -0.294838171940425 -0.133256167595735
0.0618114687687095 -0.0084182580807018 -0.287017135621718 -0.162165485287953
0.0805418232090184 0.0428683218709945 -0.189938643885142 -0.226579700624408
0.0295848459330236 0.0848677041067794 -0.0184255807314443 -0.22610206828215
-0.0711894286739342 0.0758268383926114 0.0649195594170639 -0.0807571421659925
-0.121622540623062 -0.0440552926210626 -0.067881666809226 -0.0796007396039771
-0.00607089659613927 -0.136083273709753 -0.04851818420211 -0.27906141621325
0.0757810748495331 -0.10394536985599 0.208008758857345 -0.537922209145184
0.0850340438586281 -0.217528601226793 -0.0271875607210091 -0.306990275453831
-0.0548375135478858 -0.190760587776826 -0.0859912435144982 -0.146400571537715
-0.169082931822797 -0.0580899211536606 -0.0511384553007873 -0.0234039941637554
-0.104133986133744 0.114979951699031 0.0359467748220709 -0.0113744456659817
0.0291596604004204 0.168024756653511 0.0263735219330561 -0.126451666999408
0.119375662188057 0.118930996289213 -0.123798256372289 -0.177794800717755
0.145145624411936 0.0366106996251387 -0.224343155513458 -0.148717600907062
0.163757179655795 0.0163276143226829 -0.24710287668205 -0.132100893777128
0.169912351038123 0.0523673097841385 -0.232555162845933 -0.150925581006068
0.172113919409222 0.159055756173171 -0.150017973091494 -0.189056814476642
0.033128950422031 0.239242301614226 -0.0161152877521919 -0.168835118890878
-0.182681886466518 0.184572328682021 0.0435951028863197 -0.0485127142894001
-0.304129458623343 -0.0801970507287412 -0.0994645351756391 -0.0721974147926723
-0.109287561213389 -0.320693923304344 -0.0741874075421498 -0.263346909324621
0.10246814099961 -0.333222079111712 0.164614610198086 -0.478702259865712
0.112110254505018 -0.349776179947838 -0.0530907207288362 -0.198611482068433
-0.0965402100416512 -0.300319052651621 -0.0498495368698882 -0.122933237864316
-0.256928922634177 -0.110892836848718 -0.0481593160469499 -0.0307454852331807
-0.188477100487808 0.156786542741181 0.00966012476954236 -0.00612343327524347
0.007066119878959 0.264983565728863 0.0300333909991738 -0.0807794415748151
0.168292949305005 0.210435059129111 -0.0698895154892334 -0.142506150788338
0.226029397823787 0.0957554152124614 -0.148176127770914 -0.125901688184612
0.248636985968455 0.060644292712266 -0.161681420178291 -0.109971612705548
0.251362746304465 0.0999713922687207 -0.141485260925564 -0.118270028793421
0.246103551152047 0.246352342633222 -0.0824049123052904 -0.129987779375196
0.051071461148892 0.362257547637818 -0.0019652153271739 -0.0890406830165572
-0.254637599173714 0.288668756753568 0.0249424040089265 -0.00551103165827492
-0.451790665463535 -0.0762729053705013 -0.113160870911422 -0.0443874417547102
-0.21839241380907 -0.445687343635779 -0.0883210450730536 -0.205198558751508
0.0976959277236095 -0.509207552590583 0.112555504505129 -0.351577387886572
0.126173729473997 -0.447901866912455 -0.0927115349165348 -0.041728497591085
-0.143169902375943 -0.39497350718572 -0.00403309458181405 -0.0569273093648424
-0.346255226247351 -0.153308864729776 -0.0264379037125846 -0.0319215696545706
-0.265162503721369 0.198786676795549 -0.0213870434784306 -0.00375660837281334
-0.0147115567111609 0.342946679076989 0.0217852636954423 -0.012803854993831
0.198269783113895 0.280855684906247 -0.0045604107883001 -0.0724476638226646
0.277427201633052 0.142058282443841 -0.0468720991657584 -0.0790562087049164
0.294942735874319 0.0945721291461535 -0.0518569300501033 -0.071591951533281
0.292148414303146 0.130694729236181 -0.0282231744952899 -0.0738200992794861
0.284837707356875 0.290468450294715 0.00489864603350431 -0.0594953440595236
0.0705368727881023 0.425875804676994 0.0276783645811245 0.00183873972552177
-0.275953972764723 0.349448968675598 0.0122939509826584 0.0460512400490617
-0.519628287616997 -0.0481868161104487 -0.103856835486514 -0.00429773418467942
-0.293356977055033 -0.481963740078522 -0.0770336970852882 -0.1158383983804
0.072620990903847 -0.59180813824582 0.0659603751602329 -0.174484210143923
0.119780623719235 -0.485916854065362 -0.137377721079286 0.149650186955089
-0.180086570577676 -0.435538754819153 0.0493526613273702 0.0503100137123488
-0.394866593999817 -0.168181908849022 0.00742077153019769 -0.0192008324089335
-0.30387580764885 0.219431268941701 -0.0541182840694425 0.00743530365711012
-0.0318322469659818 0.369233387879267 0.00749041667880654 0.0748034093787644
0.200732118943599 0.306097031044926 0.0683937238608806 0.0217076423856032
0.287293042174795 0.164679554081745 0.0677850246628492 -0.0150656209259155
0.294692798611919 0.114599450550865 0.0663480452882883 -0.0228664451856681
0.285003357833184 0.143303579007169 0.0867907673628371 -0.0238720858645514
0.271635208108664 0.287243491722474 0.0927835487053109 0.00902307062280034
0.069278949670872 0.410504481291448 0.0625803848181825 0.0847935122169257
-0.247432267783056 0.330186187477398 0.00408629086985509 0.0916193406734823
-0.473574059853695 -0.0272677213973178 -0.0754854058418097 0.0297273066213444
-0.294791569381077 -0.431608602629356 -0.0435137420993306 -0.0237741231484869
0.0455176733120512 -0.563095314467193 0.0331501486818305 0.010490701465871
0.0887491088142014 -0.441387041659416 -0.176726671218631 0.342215794859464
-0.183145088627485 -0.392633875171757 0.0952863990917894 0.173246522261907
-0.358245110760204 -0.145711635822709 0.0394638403437818 0.00496757574888458
-0.274373280831887 0.193015753451539 -0.0828567808976236 0.0274213547250543
-0.041608871301532 0.322850559646444 -0.00823802223757053 0.163097173380037
0.167091458365443 0.273773664345493 0.136655761374311 0.122609081857869
0.250022643663734 0.158760760346607 0.178054687095062 0.053870086846227
0.249981559649821 0.118058120710951 0.175209537662282 0.0289241615211185
0.233952665677319 0.137893559261544 0.183222638631519 0.0265786379685103
0.207160516218245 0.244510830458675 0.157244511570806 0.0671405160494103
0.0409837064748552 0.322198774541754 0.0826379729500393 0.14094945808158
-0.191677765253047 0.232301336863261 -0.00732706694134586 0.114228202326809
-0.334526785752778 -0.0298771178471853 -0.0422778922099624 0.0443501458532331
-0.220496617177569 -0.318295293897426 -0.00645232095591613 0.04528746690894
0.0216338557970384 -0.441129580385077 0.0147310185567573 0.165139415989147
0.0387562082193296 -0.31771610834037 -0.202679715119975 0.495064049806429
-0.146922807783597 -0.26408344730827 0.122949492077238 0.277583234565031
-0.236937969638939 -0.0881238698981296 0.0619552986828296 0.032524451330378
-0.180159540139484 0.121387361819049 -0.0958351934928 0.0431806421425475
-0.040474471930044 0.209150571684438 -0.0221171944456956 0.225857190347604
0.103177028158366 0.190192662093804 0.18378393877963 0.204315850837451
0.170467029209556 0.126006238581456 0.263823180810201 0.115205943669278
0.167737417538904 0.105130588089274 0.256894321161002 0.0760873394215953
0.150413751755943 0.11487369671292 0.246122237074706 0.0736722630685702
0.111611556467423 0.172369808914021 0.186139284315238 0.112960988465623
-0.00256940593399584 0.197643114257566 0.0773752350880457 0.164740312725755
-0.125335523956516 0.105989485330958 -0.0246048402277064 0.108078940304592
-0.164147781468645 -0.0386357831440799 -0.0134077504989658 0.0392092349843055
-0.116600361904818 -0.174281515203128 0.0199053333447466 0.0833355675791008
0.00168748359078529 -0.264909164282893 0.00459551542483302 0.265273367622754
-0.018732495295606 -0.134034511221041 -0.205433170647833 0.58169195646454
-0.0846621270615264 -0.08533787527452 0.134043816677025 0.342994686801805
-0.0737220248253086 -0.0134807893249403 0.0799196497732715 0.0523445903799816
-0.055498418853672 0.0302115474574435 -0.0907442904440128 0.0451862937925448
-0.0304690485283327 0.061665197333956 -0.0330769140916479 0.248647341802363
0.0219168557364728 0.0762519615862617 0.204182684354729 0.25308378342732
0.0620965970064409 0.0739504998927989 0.309409546494975 0.15797385487043
0.0611277060109965 0.0760265074735284 0.300511608980366 0.11176480075945
0.0512361604990093 0.0751330604062736 0.270594162763481 0.113985820512676
0.0136138513162607 0.0820534876325229 0.182889936764497 0.144274525822775
-0.0363962123295807 0.0670591571010771 0.0537279307736752 0.163324681158191
-0.0530469477428413 -0.00206202110882272 -0.040695033346958 0.0819039149497357
-0.0132115848649658 -0.0306818939330589 0.0119264424994394 0.0268057094795138
-0.0279631108656133 -0.0296282073169598 0.0349603702292504 0.100237120526315
-0.0220271097646673 -0.0752139368863738 6.21081699863751E-05 0.308830663412253
0.0490828205026193 -0.0682284248270472 -0.0392780663614451 -0.353397550457828
-0.0191330685096004 -0.0775269834447371 -0.120912466951968 -0.131212818839799
-0.0816235120268028 -0.00381658800304279 -0.0413342715047331 -0.0144384981064235
-0.0210795894486446 0.0680101146074497 0.0494322821326658 -0.0299566405581054
0.0446745418699668 0.0589097799580784 -0.000431169267256915 -0.151920192318227
0.0571907354564959 0.0174418363493152 -0.170508908019282 -0.166687472065739
0.0424944174745839 -0.0242595219619149 -0.27007323170414 -0.126687057557799
0.0507019558192886 -0.0328539186198293 -0.296759269456078 -0.114374901608782
0.0606727949163131 -0.0125892682225088 -0.290215023989684 -0.142470407635245
0.0813024516029768 0.036062683846606 -0.199085147853397 -0.209593893829881
0.033524205118701 0.0806237655256292 -0.0314624741473555 -0.21970711345668
-0.0646238175544287 0.077502814882467 0.0587539734043489 -0.083413038315374
-0.119740766095785 -0.036646502156724 -0.0685287181911079 -0.0738428257471409
-0.014101318559312 -0.131679037918042 -0.0579224653738616 -0.270097592898558
0.0670282543424156 -0.104452230119833 0.172659780751027 -0.53220056301578
0.0707822046034779 -0.214279900645352 -0.044223410195641 -0.296966290084189
-0.0624285168032028 -0.181583502045367 -0.0944382035725073 -0.136860317806834
-0.164921405150091 -0.0470641610367431 -0.0512699556050254 -0.0187534589030368
-0.0938133483084948 0.116251498833923 0.0350674916324016 -0.0113936616174918
0.0386197569176716 0.159854570487862 0.0206542293185762 -0.124356031402426
0.123415168660512 0.107801613007801 -0.130576489132384 -0.165277028942304
0.142169806431278 0.0276007625961053 -0.226853324242239 -0.132195219436339
0.160028074241673 0.00729332414176765 -0.250107337503267 -0.116384735318261
0.169633667512036 0.0412175897001749 -0.236048725570755 -0.134301246636271
0.177515302855316 0.144263578831501 -0.157334110047475 -0.176501320106595
0.0454776204839179 0.230863823359064 -0.0241561582594112 -0.163912310588604
-0.167484212628737 0.189541353914576 0.0399798058975972 -0.0513512382778681
-0.299935982783998 -0.0630691420617932 -0.0999014431930937 -0.0658196147990672
-0.122813794678566 -0.306501817513138 -0.0835692933756151 -0.253599387046704
0.0803629745917358 -0.329155150322728 0.134016779947346 -0.471457938863744
0.0915067553532766 -0.343977776299453 -0.0642680680941116 -0.19158799469778
-0.10867375706096 -0.285851888809142 -0.058741022749261 -0.116636753232129
-0.254104423401075 -0.094121161566127 -0.0481717632863127 -0.0262558817320053
-0.173554774277138 0.16253173145843 0.0105991561174324 -0.00444688261731501
0.0227145120941293 0.255077929253898 0.0263880720165733 -0.0797007153638681
0.176241005111393 0.193900747621741 -0.0769464468778997 -0.134805376390486
0.224143339678266 0.0802606813002219 -0.151281983691672 -0.114225954932758
0.244920934469916 0.0460054655719146 -0.165895911988071 -0.099113314290988
0.250911647648024 0.084230934335679 -0.146011805321913 -0.108678288477797
0.25498648961094 0.224410518070499 -0.0885403156284363 -0.122137303228705
0.0695208439065715 0.349661243397987 -0.00509653281734082 -0.0873615632649618
-0.232029412747437 0.29467566825805 0.0237145454931281 -0.00888355445366766
-0.445277864358474 -0.05379680465645 -0.114301708968634 -0.037628082927479
-0.234508152532093 -0.422754315058754 -0.0960213380526866 -0.194642700019238
0.0664976732433557 -0.500139276699023 0.0888069172958774 -0.342387012371113
0.101802634929911 -0.439646561984617 -0.0938555530003527 -0.0390519863165284
-0.159578705815458 -0.375005424141688 -0.0109305228062546 -0.0560941270841756
-0.34427144057029 -0.131066604781506 -0.0260213288505836 -0.0286545083186182
-0.246247490383345 0.207577261172429 -0.0190934624481165 0.000322642473654661
0.00481606166313451 0.332766909854049 0.0220091237768325 -0.0132717821396724
0.209546770855914 0.259614889618322 -0.009957870481902 -0.0716114028483204
0.276598688812168 0.121600024703604 -0.050456857547566 -0.0737657336090119
0.291505564832069 0.076584686177311 -0.055717632652573 -0.0680665464267013
0.292009363361512 0.112010164785834 -0.0333805735802804 -0.0714951476022929
0.2959132443983 0.265330695114452 0.000279465905227085 -0.0595912243388261
0.0928971048356595 0.410594624882713 0.0295590336152333 -0.000430524820413838
-0.247774854681007 0.355337591170497 0.0135557666602971 0.0419554808602592
-0.509444641870346 -0.0213216911859815 -0.104189301498997 -0.00011016372677512
-0.310344667603578 -0.455524066040568 -0.0811692019939381 -0.106824651178427
0.0375113524302302 -0.578679300140526 0.0526709684810017 -0.168864301249042
0.0933142732928143 -0.476434972291837 -0.127044398188271 0.14855036350847
-0.197586692903412 -0.413456607873306 0.0463190768380067 0.0451078278716275
-0.393222377169088 -0.145587350741282 0.00735152419429949 -0.0184671493266798
-0.283899474885779 0.229188694287677 -0.0511697346700225 0.012834786557529
-0.00982427489528688 0.361115300356867 0.0123136627952807 0.0730313281838699
0.213108130348657 0.284579488900243 0.0661770149782235 0.0154859253120561
0.288262949360388 0.142991620233927 0.0646787635732058 -0.0183375235330784
0.293116520732373 0.0964308270614831 0.0631083798853903 -0.0264500299603219
0.28561687726712 0.124437883393717 0.0815414473690744 -0.0289972512655866
0.282630818809034 0.263068609247487 0.0886140649627972 0.00214990787710378
0.0922342076138531 0.394770115123394 0.0677111804944028 0.0780146525672114
-0.22189840393306 0.3340998290284 0.00783322143444395 0.08712247166601
-0.463480416483519 -0.00381895833769984 -0.0758321940842256 0.0314763959880972
-0.308143769491659 -0.404809318244029 -0.044720833456135 -0.0187082833374603
0.0129344476262363 -0.54938765689954 0.030990830096837 0.0124052353350284
0.0675980553973315 -0.433594964144458 -0.155812214752499 0.33728295260002
-0.197554162082134 -0.372053414930373 0.0976851935061041 0.162059856370454
-0.357631315464257 -0.125835825296133 0.0398537666994485 0.00302403879518863
-0.256711606450917 0.202064129331237 -0.0784804930930499 0.0340978852049797
-0.0224564181887544 0.316248765076216 0.00184333688983534 0.161881739115025
0.17802953006917 0.25467009222615 0.138467071102478 0.109647949401441
0.252070428301713 0.138910710223121 0.175900146581815 0.0424092909770201
0.250119035978241 0.102681837514658 0.172177012395069 0.0186087526751086
0.234929360816672 0.121935318858352 0.178279059438255 0.0149851924184969
0.216511141022787 0.224802768396133 0.155141752253985 0.0560220289514069
0.0592782192016948 0.310397510835232 0.0897015604643353 0.130930969898352
-0.17349722999318 0.237169749625789 -0.0016841743930624 0.109924999822318
-0.328157508806758 -0.0128082933771066 -0.042786125052206 0.0440088216606585
-0.230391809734204 -0.29839164884696 -0.00457537320745711 0.0463405906279067
-0.00300809954606092 -0.429959625250745 0.0218506990795352 0.162543033201997
0.0246995754864705 -0.31104642529107 -0.173141128224465 0.4887730926705
-0.156568463154894 -0.249086628029743 0.13133202645699 0.261954191477984
-0.237848802520126 -0.0759533267431092 0.0632417412001202 0.0284745806881001
-0.169537556439969 0.128286132299748 -0.0908270989561906 0.0502386669786571
-0.0277603256951569 0.206953475282924 -0.00875666310815104 0.223680993451383
0.110851998559694 0.178300861351695 0.189301430701319 0.186591813924896
0.173537691406153 0.111680988391414 0.263216244590335 0.0966895656353756
0.169196557185632 0.0941528678829156 0.256057655833325 0.0604328088424775
0.152507743241154 0.104066417167335 0.242270668857424 0.0579298014573354
0.11950989356925 0.161076906229531 0.186296232618644 0.099101298715432
0.0101427940033761 0.191359092656776 0.0849049906458769 0.155011290855083
-0.116133278277922 0.110728056255135 -0.0187844043145714 0.104781549973911
-0.163655124896377 -0.0300022889723868 -0.0139635293009802 0.0368920778210424
-0.121460653637523 -0.164743897227922 0.0231369933124149 0.0820237682314699
-0.0114521973519684 -0.258096783384314 0.0182253408218936 0.258081872179094
-0.02310178955572 -0.129171191472584 -0.169862755876338 0.573196922130741
-0.0868989598139139 -0.0791435415507646 0.146836410132244 0.32575521962456
-0.0745192490131887 -0.0108454048527997 0.0814231533538098 0.0476907734874878
-0.052631391970704 0.033342411346647 -0.0857987258975513 0.0510759447982881
-0.0263415584486012 0.0633969998237523 -0.0182664907623581 0.24568556016562
0.0256853626578238 0.0724603883841409 0.213508348938468 0.233082997844679
0.0655280952714203 0.0674090162709734 0.310047905290173 0.135980364073243
0.0646224784965301 0.0708830909688322 0.30102735126188 0.0927243331988104
0.0536419064937282 0.0709297967982894 0.269284909078768 0.096201734912882
0.0184994691912601 0.0791947465927911 0.184819584593451 0.130032369096984
-0.0306276173458784 0.0672460495257556 0.060879641087262 0.155275959857364
-0.0523462339236323 0.00172324973258074 -0.0359131691151261 0.0804006238410148
-0.0164576523885204 -0.0298101847246837 0.0104706393522979 0.0229247626931597
-0.0281504703122266 -0.0288282564658025 0.0395952278012071 0.0972237234554218
-0.0238123613109307 -0.0730100674858928 0.0173661231235376 0.299575992962899
0.0529260560004 -0.0560008179088304 0.00476060007753913 -0.332298664683827
-0.00709004627093091 -0.0738043267644297 -0.0994318147043739 -0.137357385500289
-0.0731708955822805 -0.0130797383757919 -0.03994918877847 -0.0201538765201814
-0.0285991837093555 0.0598216082295455 0.0473361297204052 -0.0226744131457517
0.034517550816381 0.0604390194497642 0.0137584057300522 -0.140881734552026
0.0540145994036997 0.0244629000098676 -0.142687241734653 -0.170007834241035
0.0424792956320243 -0.0160469537675183 -0.243376193772516 -0.147811605806058
0.0513361804132713 -0.0249327154244312 -0.272607321820007 -0.144525844005664
0.0599756766344629 -0.00243921763693129 -0.264395850230484 -0.17098428796443
0.0734971603500772 0.0447200531013724 -0.169730054429876 -0.22573042422696
0.0211519405796886 0.0825889171796064 -0.00556816407880198 -0.219253169719867
-0.0725810001652435 0.0674986852027846 0.0690849121193536 -0.0780866519112906
-0.11010293047695 -0.0470809296499275 -0.0520049124188645 -0.0775848631930013
-0.000502174600952131 -0.125461958673997 -0.0218308283306912 -0.265390712954087
0.0720549590120178 -0.0902928392264347 0.228349398664117 -0.493331616210505
0.0916133341211034 -0.188773913086923 0.00348377825608716 -0.283602473102719
-0.0344443410443428 -0.175404733429847 -0.0721868965277098 -0.145334551882246
-0.145347982799038 -0.0640128684223527 -0.0477063633051905 -0.0310513269578389
-0.102803805949264 0.0951520924916488 0.0309740563107707 -0.00960557913734684
0.0148425785417937 0.154448440699433 0.0265289134730604 -0.115293429839217
0.105207749200932 0.116926122729674 -0.109212381187914 -0.162142588959886
0.130584806656937 0.044748004097675 -0.203832630614845 -0.147817607546653
0.151276645189503 0.0266737408176135 -0.227400380173333 -0.141165471946206
0.15762364827357 0.0611250703047898 -0.215125805514399 -0.159149275271004
0.15299011998776 0.158612406355325 -0.135195091530365 -0.194469813842816
0.0147895186359985 0.227559018098458 -0.00285559198257058 -0.170471695850607
-0.184668110885031 0.162569745172659 0.048808499801329 -0.0528419304439507
-0.280943603042346 -0.0933727536304673 -0.0795282536552542 -0.0708967926254104
-0.0842387697389675 -0.306831243336093 -0.0439051339400998 -0.243046140090048
0.110492012832256 -0.306050510634252 0.187355114777167 -0.426813683869069
0.125803698323186 -0.305947060336154 -0.0172172374353248 -0.19096676925453
-0.0637794337284566 -0.277206177797185 -0.0380109403771226 -0.128705194882032
-0.222925775531284 -0.120016268862393 -0.0430080840943756 -0.0447697186091548
-0.18419355611957 0.127316766963879 0.00621233217783445 -0.0090297525159159
-0.0140156743972622 0.242070929725448 0.0238152841009337 -0.0751265120316095
0.143381149674588 0.20400501637859 -0.065021109107745 -0.125759097134634
0.202833269199502 0.102691062594739 -0.134801397055043 -0.12308546222604
0.228482110720556 0.073902208738733 -0.147615549678493 -0.116474123576259
0.230017239214589 0.111769832766073 -0.131262040698996 -0.125972214372382
0.218585621177572 0.244325606662324 -0.075709240441087 -0.138392091978205
0.0243962034620981 0.343740539997724 0.00885325916760456 -0.0993378879368391
-0.259502645901478 0.25567511340416 0.0300028783060691 -0.0168426451546688
-0.42124639278277 -0.100246503963454 -0.0931875339655874 -0.0450415744299758
-0.178412877523487 -0.431164987488722 -0.0582357153914227 -0.181549938444712
0.116371691811189 -0.473357051373347 0.133227391936891 -0.301029624190151
0.146837860777924 -0.394201362601921 -0.0542791730029507 -0.053791131458576
-0.0992472294423152 -0.366615756243317 0.00281518111808088 -0.0716730494122331
-0.302946372681458 -0.167047150235639 -0.02104852463418 -0.0496734902686697
-0.259474960327783 0.159456365809782 -0.0235053379306127 -0.0105413010294098
-0.0419280118905776 0.312934846600034 0.00981080015496761 -0.0154935054163662
0.165232442730322 0.269017022687649 -0.0109425881943425 -0.0583143714698633
0.248042278514845 0.148037345697605 -0.0442702729295779 -0.0743940895201023
0.270832149584448 0.109417039008915 -0.0452146827842387 -0.0738490405912474
0.266101822308334 0.14331526477528 -0.027770311502815 -0.0779725794318854
0.252742394996239 0.287721648327032 0.00197615041314477 -0.0695064403104253
0.0400043596877458 0.404271610921362 0.0326933725794126 -0.0143374984382133
-0.281347861263648 0.311015138099032 0.0147949603518863 0.0293233294333113
-0.48626995692475 -0.0778993751831321 -0.0867806401988697 -0.00757287934868517
-0.245266448334636 -0.471732642902473 -0.0503321298702952 -0.0926915149645459
0.100064695111903 -0.553530147612154 0.0804458295067121 -0.132295172613359
0.145531494852453 -0.429435937620472 -0.103034024038624 0.114962615451907
-0.130011354545871 -0.408138946275311 0.0465090536438595 0.0265483624577252
-0.347723642996768 -0.186608594175948 0.00895296800473851 -0.0399845846984678
-0.29746234119116 0.176005966421668 -0.0550790917839034 -0.00393923487074612
-0.062137843635178 0.337813592181008 -0.00894881631003057 0.0642914332586268
0.163585496259107 0.292554552297302 0.0503262056905053 0.031616900257782
0.256880044396636 0.168897515268568 0.0586011712971872 -0.00971613480398169
0.270563547269694 0.128635028285144 0.0646657016426966 -0.0203537244861
0.25709258551805 0.154040505883728 0.0780264131350266 -0.0240313053748034
0.238980494566992 0.282230444166693 0.0806214089548364 -0.00029346135984289
0.0417029007044504 0.38775055833293 0.0601971228593188 0.0659733838804944
-0.253253545525592 0.293735156234547 0.00305934325449281 0.0732976796371672
-0.44444442081867 -0.0556979177065502 -0.0652073464235061 0.0248004168732771
-0.248709009960258 -0.424099558364109 -0.0258902304480719 -0.00419465419378374
0.0720245330059658 -0.52812335779073 0.039333467261415 0.0398845353636307
0.117306000546138 -0.392505149746636 -0.15310518845249 0.288314019624567
-0.135298013318564 -0.37053340786762 0.0815890163484849 0.142732899218366
-0.318536643382995 -0.164290737549965 0.0364893125772581 -0.0144327781113226
-0.269104899454354 0.153335743101303 -0.0826137695722303 0.0138810505180367
-0.0669706503168328 0.294984084547191 -0.0262019697622689 0.145730859357468
0.133460529992751 0.260151352894842 0.10945551428933 0.125001734549511
0.223398895365667 0.159748740395033 0.158078493622537 0.0589925445237122
0.22870423097039 0.128543038494353 0.164428211125472 0.0352487192333272
0.208596050410957 0.144443543741519 0.167134228754398 0.0301267897146106
0.180627053055668 0.238185558323865 0.139131820659143 0.060480435773871
0.0197015860256841 0.303234274921043 0.074826147339198 0.123531489428998
-0.194565067879318 0.20607866462544 -0.0105195437897867 0.0975770427580112
-0.314695205713812 -0.0494339574695665 -0.0391116517779057 0.0394995536862461
-0.185459690820867 -0.312866735696591 0.00141965363999181 0.0588141650190738
0.0457715167108185 -0.416480357394071 0.0119341792515448 0.179340855182124
0.0623349482150858 -0.285358025590572 -0.192489481690066 0.429423921650939
-0.112729976408905 -0.251330982033984 0.0993502128446364 0.246032677021999
-0.21321001782645 -0.103209512683158 0.0555824402723132 0.0193960335687135
-0.177259468862018 0.0958623271840039 -0.0941312694272403 0.0311387346804286
-0.0573112031062881 0.190788040461186 -0.0385031661241153 0.204382985890645
0.0786888946329172 0.179944985845868 0.152748454419827 0.199383506258358
0.152572624757478 0.125185611769144 0.236012983134955 0.119141164461255
0.152857173971516 0.110883007309209 0.239552426212773 0.0854803742027399
0.132816442655354 0.116919106110362 0.225572503566807 0.079744261862492
0.0958086547420242 0.166267837923267 0.165906041678845 0.108864302135439
-0.0125592615583134 0.183429562647754 0.066791228870704 0.151136157233968
-0.123980656739448 0.092120401323779 -0.0277317282035466 0.0947317978657455
-0.154838540488108 -0.0475677710429261 -0.0156983249064012 0.0351423551333134
-0.0967276613448258 -0.172650513262157 0.0204252893488374 0.0905095234566743
0.0187502787889169 -0.252429496326076 -0.00479873931150374 0.264717467666201
-0.00443894180543824 -0.122687346013222 -0.212484306701695 0.509692236419667
-0.0707304368158962 -0.084411631576285 0.10322409364785 0.315017030385186
-0.0699076194336019 -0.0209377570489981 0.0702168789505424 0.0495713288673735
-0.0547056369368728 0.0236263561674318 -0.0867961159758657 0.0376834617511899
-0.0349228780965159 0.0559611846352998 -0.0451051679319241 0.226753417934064
0.0117185518195475 0.0698717872360244 0.173684718740622 0.242138640025228
0.0551996989718581 0.0699684222170939 0.279083809649383 0.160174829790122
0.0550221108568933 0.0755892762038631 0.278897163064922 0.122011825691136
0.0426918620309748 0.0730025492462031 0.248731573426183 0.122370319341558
0.00852380266796593 0.0770335898284424 0.162464739738924 0.14249035954248
-0.0364078211143724 0.0591583626474777 0.0425976090639574 0.153455786816699
-0.0496682800452294 -0.00452787433319165 -0.0428972239794837 0.073121995739231
-0.0140589482816197 -0.0308624476776935 0.00573842977440977 0.0230151272384194
-0.0227364965557087 -0.032725444786224 0.0297495612206948 0.100818520925726
-0.0129834930863884 -0.0764396165283818 -0.0133439846884065 0.296260529470412
0.051564753779637 -0.0536712143158678 0.00828489820929789 -0.322360751271153
-0.00554966399478132 -0.0720114481510425 -0.09663338939147 -0.133380091475427
-0.0695096162074086 -0.0135671353199101 -0.0394120537910544 -0.0184982108428476
-0.0275762544838335 0.0572932104538043 0.0475609599740639 -0.0208656975274983
0.0327150145473335 0.0580463386842293 0.0164603940881834 -0.137480650512486
0.0526233950457191 0.0240472597217688 -0.136405205225325 -0.165506528143383
0.0404695002318781 -0.0140999072752967 -0.235716296900671 -0.146524752154817
0.0497649388405361 -0.023797213446708 -0.267806889230577 -0.144460800261945
0.0589549462944679 -0.0021842557603285 -0.257255791010098 -0.16952805673117
0.0721225887440184 0.0438530430695874 -0.163838058186007 -0.22217351164346
0.0196403630945406 0.0807502322291112 -0.00376547128005358 -0.21498206423073
-0.0713374212732045 0.0646599932210262 0.0689798420600122 -0.0770210971962579
-0.106361751641958 -0.048222898870106 -0.0483904676033796 -0.0770045652584116
0.000743723142511609 -0.12209874933738 -0.0146593718869059 -0.259897103360129
0.0705396403594158 -0.0863927055451537 0.229718496501076 -0.471612053438691
0.0917667227231016 -0.181678642323908 0.00624209188024422 -0.276078525629743
-0.0303650799765594 -0.170129851118043 -0.0706436796229835 -0.141414332279599
-0.138793584184691 -0.0643421512943684 -0.0464590996120651 -0.0299826840482418
-0.0997185178767265 0.0904584025563242 0.031864289069139 -0.00810276723305509
0.0130781319637985 0.149247088320306 0.028835593073267 -0.112053056816954
0.101751512051409 0.11428340577089 -0.104248197594348 -0.1579817752459
0.125871257671146 0.0456624438222556 -0.197226351509727 -0.146105146477993
0.147082264341738 0.0287420170833063 -0.222876756920526 -0.140829633599261
0.153282423401904 0.0616260208685797 -0.208730685491519 -0.158298032057952
0.148555526258331 0.155638522617155 -0.130345832696779 -0.191006786626718
0.0125481925171962 0.222405798713376 -0.000696962010668711 -0.168028078258641
-0.182385916202399 0.155811791042798 0.0486636395374746 -0.0533909532668908
-0.272198122599578 -0.0966633872805969 -0.0764433098436966 -0.0695760832210459
-0.0781382484794408 -0.30091331611058 -0.0371169361334305 -0.237740078639135
0.110830998638305 -0.296053082490185 0.1887448273343 -0.408381902873268
0.127629703647459 -0.29522382532855 -0.0148052339240922 -0.186830294566053
-0.0573002572670608 -0.270129934811806 -0.0377364116050681 -0.125740583747972
-0.214605946966993 -0.120217940934685 -0.0407975042891218 -0.0432636770285977
-0.179895709299311 0.12071375732389 0.00814436025483482 -0.00726069842340934
-0.0153871706292762 0.235120958513961 0.0259071263631254 -0.0727704009986465
0.138059142701125 0.199446353965224 -0.061796455105779 -0.122932778272717
0.195509073673597 0.103705737787349 -0.130563435791379 -0.120755924744659
0.22202336696528 0.0762161216658504 -0.145432107230666 -0.115630066357024
0.224018150584192 0.112085558210071 -0.128321929372486 -0.125115988158795
0.211761452932062 0.2396875963179 -0.0735178761640206 -0.136286836055618
0.0203412708296867 0.336172154644879 0.010733810569655 -0.0983860349245349
-0.255555996371434 0.245113304765627 0.0288604315020916 -0.0176909644989321
-0.410771779062799 -0.107017420113671 -0.0911740721281188 -0.0443864603518657
-0.167666450418291 -0.424652424897606 -0.0519136817326323 -0.176868342524795
0.11987168836445 -0.457617184816183 0.133285484687559 -0.285604349239215
0.150961963491774 -0.381950521444238 -0.0536346657783571 -0.0553315367607921
-0.0916762656237696 -0.357856150480263 0.000597276801072634 -0.0697658958174415
-0.293434696872543 -0.16833355259262 -0.019559368520212 -0.0486400644575021
-0.253730362792913 0.151412004527604 -0.0208467507883361 -0.00916739450590424
-0.0436895138908266 0.304260157261268 0.0116825122243545 -0.0135373457805076
0.158277300974012 0.263120686408044 -0.0103778628812059 -0.0571630908940373
0.239395179388394 0.147795525094114 -0.0429008277215264 -0.0726294332706503
0.263050117892584 0.111656305557731 -0.0451408581297166 -0.0727992055205168
0.257626205612727 0.143827860404138 -0.0274682480490432 -0.077536607969585
0.244947807338597 0.281376115580934 0.00129621180548057 -0.0681814831040728
0.0357509365421336 0.395571520486046 0.0328214405891492 -0.0156350847276635
-0.278600225402515 0.298465675585354 0.0133552260979342 0.0273549399956632
-0.475019437899377 -0.0836149905382229 -0.0865202029453587 -0.00798243036336044
-0.233652787173761 -0.465020973231284 -0.0462307163613503 -0.0888697250446061
0.102624270102778 -0.537112774606894 0.0798656320162205 -0.123022410796185
0.150450823263523 -0.415311032205183 -0.103324033741337 0.108387640321081
-0.119308247425261 -0.397932650789445 0.0419377168932202 0.025540676137331
-0.338239129318399 -0.188414927324077 0.0102538730636365 -0.0388222527711716
-0.292212890272649 0.165602426650326 -0.0518629409633505 -0.00220459508033065
-0.0628110779510254 0.32886652089501 -0.00743725545073056 0.0640830835985832
0.15666066740223 0.285617452090219 0.0479322564948345 0.0302257527418441
0.248280381101523 0.167551130841057 0.0575363174333062 -0.00846264408720246
0.261954511408346 0.130223497025527 0.0623756419365526 -0.019740910228392
0.24898816227766 0.154238989324135 0.0752495696019781 -0.0234295817299878
0.23207831756795 0.277569096731665 0.0770015974172097 0.000166618202984084
0.0384173893935742 0.377902146371016 0.058773820130878 0.063398351751129
-0.250744620226916 0.282601084267925 0.00128835631004927 0.0701936910803246
-0.435166085990052 -0.0610192574137201 -0.0664372930090113 0.0235399143262447
-0.23654637301982 -0.418717516382101 -0.0233066616642084 -0.00173428301269872
0.07652259707327 -0.5135924782377 0.0380203446164582 0.0436913724801046
0.12265144468761 -0.381275105778719 -0.154132344598149 0.275160638199382
-0.125125584968428 -0.362054341457095 0.0745835604923297 0.13973357979952
-0.310371437883053 -0.166050774375751 0.0370451484907378 -0.014394883443522
-0.264542248011337 0.145740768676897 -0.079311192148965 0.0144078051049385
-0.0685545025017289 0.287215892402579 -0.0257251710561691 0.143843928998149
0.127358371718212 0.254993037300226 0.103802761178705 0.121750607111752
0.216190939868543 0.158714644356316 0.15356207270923 0.0597998792798533
0.222455929458982 0.12991696350503 0.160846707119121 0.0363345272999748
0.202551323492526 0.14380978312072 0.162042542318838 0.0308725602044598
0.174977832016815 0.233478409841593 0.134229625870841 0.0601438682262095
0.0180394887368144 0.29479331209258 0.0723428503130475 0.11961346621904
-0.191739415715027 0.198150820282998 -0.0125953197489834 0.0938886014070307
-0.307836770242155 -0.0530235946644962 -0.0417598835483476 0.0380706767728111
-0.176757251867145 -0.309031910220133 0.00192500269425539 0.0601528754024382
0.0501843127671208 -0.405702970632582 0.00957722612292903 0.176873940316193
0.0678062931887048 -0.277196646902681 -0.195878046206071 0.411694994614404
-0.105322581878073 -0.246503442225632 0.090837448139123 0.240351508757878
-0.208093897745433 -0.105398905247298 0.054316899693956 0.0191395556556841
-0.17427530329326 0.0913620821795267 -0.0916592770414256 0.0308950946994389
-0.0572380632780492 0.186443528394412 -0.0394393753718537 0.201146663088793
0.0745071549706912 0.175915707526407 0.145940079350259 0.195103667959053
0.147269641522861 0.12306719117534 0.229392850088341 0.118585653229634
0.149065494462104 0.111507093089568 0.234513863108087 0.0852783231305291
0.12859042135978 0.116789105170124 0.218794390019382 0.0802028306338917
0.092606458329779 0.162400588485345 0.159121921431031 0.107398506459958
-0.012914100626907 0.177892010099366 0.0637650049095712 0.147159297233665
-0.121585567567522 0.0887339828699364 -0.0287982749107486 0.0913279947758845
-0.151777643936398 -0.048414992107931 -0.0179153260061711 0.033160342018723
-0.09186639216979 -0.171084176948958 0.019194959561382 0.0904412649105174
0.0226504340747712 -0.24591638306652 -0.00758591158421215 0.25809411949997
-0.000438167094313111 -0.120294209172503 -0.215387293954234 0.491372212711399
-0.0673352445657553 -0.082504406224486 0.0943799318908302 0.307651512850162
-0.068875812771144 -0.0222259804139594 0.0677407625717069 0.0494183774599736
-0.0537802501115744 0.0224979704793263 -0.085386653046026 0.0373791937533305
-0.034789651107495 0.0551257678535026 -0.0457052266343574 0.223232081505763
0.0102651815313609 0.0679188644969976 0.166369752153686 0.236141308931643
0.0537048850034573 0.0677605026628866 0.270868020447016 0.159005508527058
0.0536653516470971 0.0750869362850209 0.273771490363031 0.122806984295399
0.0402422819036268 0.0728334511784393 0.242261731325498 0.12079498371156
0.00785634780530594 0.0749242714448239 0.155887610004424 0.140222767073615
-0.0357119717087056 0.0578148079882605 0.0394982413411074 0.149528600666882
-0.0487108273784919 -0.00402353425999745 -0.0435162659976766 0.07000102881633
-0.0149861802269654 -0.0304103012931346 0.00392020168771439 0.0212353745635207
-0.0210803169900069 -0.0340296258318654 0.0291038608446545 0.100037073824931
-0.0105172012150909 -0.0757395188039071 -0.0161483781750583 0.286810173088651
0.0519453030818194 -0.0520105570958218 0.015788101212072 -0.324492181586663
-0.00367116563007825 -0.0725098876404631 -0.096401287493046 -0.135567037446412
-0.0683749610796051 -0.0153698702182773 -0.0401959462819788 -0.0176140902703577
-0.0286660755127854 0.0564219309487015 0.0499189527027482 -0.0192789194904766
0.0326741042251177 0.0585865061715445 0.0206268437633626 -0.139196693797741
0.0530837487512731 0.0251556203557733 -0.132731036856904 -0.168400744001612
0.0404546898988773 -0.0124988338887909 -0.235417525019379 -0.152590822439511
0.0497613194494985 -0.0227300040956345 -0.269716925463211 -0.151418407952415
0.0599701034084858 -0.00166198861464473 -0.257742502470263 -0.177794329185072
0.0721245751476596 0.0454539443675237 -0.161535368147985 -0.227702306106637
0.0183785707376039 0.082353674624489 -0.000262915599657009 -0.21796987533607
-0.0737489081343682 0.0637354142909524 0.0713199968610462 -0.0776299143944868
-0.10541889456179 -0.0513983867579 -0.0449594024975846 -0.0795349061688181
0.00353488887101516 -0.122083392021422 -0.00670222495746299 -0.265459395812284
0.0723305671303366 -0.0850800104355592 0.242639336404795 -0.46661192506133
0.0960494666550744 -0.179901464952305 0.0126842834408335 -0.278979562639852
-0.0259619042717548 -0.172067602998825 -0.0702483188404559 -0.143966675250099
-0.137225751103537 -0.0684464967272226 -0.0468406234560582 -0.03030722289936
-0.101897141168314 0.0882313240234971 0.0338561804777168 -0.00666158514136224
0.0108243374304928 0.15040844473148 0.0330567886050336 -0.1129469430942
0.101116397051032 0.116502161443339 -0.101136013586643 -0.160319996554803
0.124902035477023 0.0499007235725521 -0.196384129910993 -0.151357528333735
0.147472916481285 0.0325440405230143 -0.226048230976848 -0.147465790716958
0.154046444224778 0.0652927514141675 -0.209322194657352 -0.165656989453434
0.147528564882229 0.159568887584071 -0.128508616330751 -0.195369792452148
0.00857358381960996 0.225570031665856 0.00312954021931824 -0.171136980208116
-0.187890879281176 0.153181734392677 0.0503451571693095 -0.0542098904614488
-0.274123121319388 -0.105586081322388 -0.0745889343807372 -0.0719880925426583
-0.0720460903770353 -0.306332682670859 -0.0282524955282958 -0.241551474811626
0.11779282000473 -0.295036703180967 0.200887455096326 -0.402656388404596
0.136198890235998 -0.293989181796079 -0.0118316749266956 -0.190067658321298
-0.0509072691084035 -0.272365358417918 -0.0381085315014199 -0.127521493502777
-0.212415133631269 -0.12703343863103 -0.0404057747403962 -0.0442338547861678
-0.182831859172617 0.116789938255212 0.0103703925271201 -0.00631181650188175
-0.0197120711665628 0.23558063001496 0.0301087306771816 -0.0724112975042934
0.135755752351998 0.202448448044679 -0.060147526136159 -0.124438383238521
0.19404748440735 0.109750615801557 -0.129595520809072 -0.125009218435456
0.222454029002702 0.0825233977616889 -0.147737201709467 -0.120099113366943
0.22382519836372 0.1182583172553 -0.128806026326291 -0.130499318658854
0.211011282698648 0.245163790006768 -0.0726189972530925 -0.139328059959516
0.0154029894736732 0.340864283028259 0.0131853508460638 -0.100882940948952
-0.265093763965132 0.241677334744777 0.0292350673754694 -0.0188126539468084
-0.41452028712226 -0.117736684806775 -0.0915990619535684 -0.0461907161459113
-0.159618596259765 -0.435103363385048 -0.0451111213551908 -0.17839794178312
0.130484751161595 -0.459149861710961 0.141152590743231 -0.279839087854409
0.162930569679357 -0.380609869675996 -0.0532619949914889 -0.0588141054390919
-0.0817191870508998 -0.361703665975758 -0.000647822596118544 -0.0717407864397034
-0.291431002763136 -0.177876226788523 -0.0185406606047785 -0.0493949673505995
-0.258275827523796 0.145712915247731 -0.0185284769913391 -0.00851702497486771
-0.0496453022733443 0.305289020855636 0.0149394452459543 -0.0127364255153105
0.155230042543691 0.268024005201836 -0.00995633491400397 -0.057974326233058
0.237725052602145 0.155181939342193 -0.0413550362971812 -0.0745278625046289
0.263482769645117 0.119386947939226 -0.0454535562660153 -0.0750838223955385
0.257232559309157 0.151425651119678 -0.0277847915883288 -0.0797567292811719
0.244349786586528 0.289096233367345 0.00133019225852836 -0.0698593584107082
0.0295776202154044 0.399795309013087 0.0342955899897238 -0.0169209911719744
-0.288434555005451 0.295408687395419 0.0120553557259756 0.0262675021073854
-0.479138728822719 -0.0974966091178335 -0.0893646347958651 -0.00902528362189951
-0.224988700230564 -0.476635128378375 -0.0418738948174131 -0.088601708735491
0.116031814930354 -0.537758947506678 0.0842450612194591 -0.117024789715922
0.164417803541774 -0.414823389929021 -0.107992039253665 0.104042510151382
-0.109436876021703 -0.404351776460248 0.0388903466155463 0.0260040629629256
-0.336564961169489 -0.19979611603387 0.0118321398387516 -0.03970595078684
-0.299327438912498 0.161513192577986 -0.0502580249315177 -0.00200142034615877
-0.0703357901607463 0.330951640178654 -0.00633505565631351 0.0660026265068086
0.1517565646124 0.290069990844024 0.0469940718373623 0.0312581997026813
0.246440742855311 0.174994492986026 0.0583320471773251 -0.00765639643290351
0.262919493712243 0.139212589447576 0.0626615861100563 -0.0185920421957128
0.248938313229943 0.161640107703419 0.0760217871492604 -0.0228991500413956
0.229957438493383 0.282878564297669 0.0763549021553042 0.0014931722055476
0.0327934013019131 0.382224199538393 0.0585394818084988 0.0637325727693245
-0.25883797280517 0.278392012477154 -0.000910752876806068 0.0699751111392592
-0.438977340992093 -0.0729469559968862 -0.0695880490857921 0.0234906601448516
-0.229305299810216 -0.43031074534916 -0.0210407161091021 7.60829200887062E-05
0.0895432257486267 -0.51446278184163 0.0380644018115728 0.0484741802594918
0.13526989725775 -0.380997320871259 -0.164157185438541 0.271510121962049
-0.115407355081181 -0.369116589412061 0.0698003067598763 0.14109250294512
-0.309483979357774 -0.177658119243391 0.0376963720578859 -0.013889110301703
-0.27081797257906 0.14008996097945 -0.0792607098937954 0.0142545525309399
-0.0746224428650403 0.289195960298395 -0.0269775754811815 0.14660898021423
0.122541296199214 0.259249657365191 0.101923083370667 0.123856154502528
0.214841374344709 0.164324529696626 0.154404395655564 0.0632426119350564
0.222961900642472 0.137827063508057 0.162213690978416 0.0399335172077262
0.201771907408403 0.151490949442901 0.162373308464015 0.0337917286958175
0.173456586463889 0.237993540753558 0.132372991466756 0.0627152517852686
0.0141547979178305 0.297957266535931 0.0702058249915416 0.120861057385347
-0.197228762816413 0.195380593239939 -0.0154616050787372 0.0935175390496841
-0.311255149885468 -0.0606776750506292 -0.0447973575582625 0.0377942209063655
-0.171303581691507 -0.317286513644556 0.00293232976710124 0.0632210158236564
0.0592940249157626 -0.406594990834278 0.00643725983628773 0.181022197934122
0.0771539616423753 -0.278651628508158 -0.209289404020652 0.408058182976959
-0.0983423445179477 -0.251141383108883 0.0840215098648192 0.243972136154898
-0.208524130566279 -0.112829307281031 0.0548962203175661 0.0206191924261911
-0.179130637565802 0.0882355933434617 -0.0923806415665481 0.0308511517043099
-0.0616260731893357 0.187899959369096 -0.0416822212015951 0.205458537519531
0.0714448787813507 0.178941358660887 0.142471151717584 0.198505367374639
0.14646785230587 0.127062165867642 0.230351309049279 0.124418671739899
0.149408216351906 0.116384190912491 0.2370806826635 0.0911393593304949
0.127173892760584 0.121683428759896 0.219212225117825 0.0863247662446805
0.0907909788829315 0.165133386983196 0.157560446600155 0.111145820953735
-0.0149414834854177 0.17866454360307 0.061008059733805 0.14913559000385
-0.124238982862216 0.087054803364062 -0.031384919382037 0.0902826606856517
-0.153581452972459 -0.0525420514075516 -0.0209251272200211 0.0336263399640913
-0.0884086958108116 -0.175575003981165 0.0195720025548226 0.0939738200104183
0.0283029753891475 -0.248061187712311 -0.012045887592217 0.260615073054305
0.00475402145985863 -0.121912113258111 -0.232038851227274 0.487473628776482
-0.0644540989132728 -0.0849424923616191 0.0864856778970619 0.312032291886098
-0.0698758869991683 -0.0247867295908101 0.0671842251046192 0.0517407385525378
-0.0551163946649695 0.0216902364833058 -0.0873825121586023 0.0375399849239618
-0.0364790291947781 0.0552032881571779 -0.0500763898702383 0.226630381606512
0.00805833684345987 0.0690924364428039 0.162605549888782 0.240698896644458
0.0530729829716842 0.0684913134622365 0.270963535057072 0.165867085965484
0.0538082148817988 0.077384246446 0.276190939632805 0.129214005108548
0.0397090117411466 0.0748736257780572 0.242486053222826 0.127854089866865
0.00610005489383854 0.0761791664985931 0.153722495462145 0.144563915760571
-0.0364499309951781 0.0575395636799306 0.0358258896348214 0.151166598876051
-0.0487609153822172 -0.0046045802704082 -0.0457151434170982 0.0691040929118185
-0.0152324986751657 -0.0309272406352051 0.00208997352585864 0.0203355165065789
-0.0201642798294781 -0.0367087005185468 0.0283530256899367 0.103156217002845
-0.00707437979026351 -0.0775538720668133 -0.0222013257598938 0.287636085343786
