TRXV5
3
4
4
9
string Extension=J
integer IsArchMeasurement=1
integer IsSpherical=1
string Generator=SPM
string GeneratorVersion=1.3.1 Dev
double ArchRadius=0.449999988079071
integer FrequencyAxisIndex=0
integer AzimuthAxisIndex=1
integer ElevationAxisIndex=2
Frequency
5 136 690000000 960000000 LIN
Azimuth
7 8 0 2.74889357189107 LIN
Elevation
7 15 -2.74889357189107 2.74889357189107 LIN
Polar H Real Part
13
Polar H Imaginary Part
14
Polar V Real Part
13
Polar V Imaginary Part
14
Polar H Magnitude (dB)
12 0xC0000002 0 1
Polar H Phase
7 0xC0000003 0 1
Polar V Magnitude (dB)
12 0xC0000002 2 3
Polar V Phase
7 0xC0000003 2 3
-0.0327835083007812 0.0285758972167969 0.0518302917480469 0.0229682922363281
0.0055084228515625 0.0382194519042969 0.0197544097900391 0.0194606781005859
0.0228538513183594 0.0112686157226563 0.00995826721191406 0.0269031524658203
0.0198860168457031 -0.00477218627929687 0.0286598205566406 0.0338993072509766
0.0135469436645508 -0.0129146575927734 0.0455284118652344 0.0206489562988281
0.00653076171875 -0.0223121643066406 0.051849365234375 -0.000549316406250001
0.00329208374023437 -0.0210800170898438 0.0462722778320313 -0.0077972412109375
0.00592994689941406 -0.0188846588134766 0.0341663360595703 -0.00457572937011719
0.0146331787109375 -0.0222797393798828 0.01953125 0.00231742858886719
0.0255203247070313 -0.00818252563476563 0.00427842140197754 0.00307846069335937
0.0252494812011719 0.0135211944580078 -0.00704669952392578 -0.0147819519042969
0.0115032196044922 0.0268020629882813 0.0053253173828125 -0.0321693420410156
-0.01605224609375 0.0283355712890625 0.0450019836425781 -0.0359153747558594
-0.0355186462402344 0.0208663940429688 0.0594291687011719 -0.015869140625
-0.0483055114746094 0.00830459594726561 0.0338592529296875 -0.0019989013671875
-0.0498390197753906 0.0220947265625 0.0366897583007813 0.0329856872558594
-0.014495849609375 0.0405349731445313 0.00803756713867187 0.0307521820068359
0.0106372833251953 0.022674560546875 0.0059661865234375 0.0373306274414063
0.0170793533325195 0.0109014511108398 0.0265922546386719 0.0432968139648437
0.0192718505859375 0.000173568725585938 0.0438919067382813 0.0289840698242187
0.0200977325439453 -0.0130825042724609 0.0522537231445313 0.00777816772460937
0.01837158203125 -0.0167922973632812 0.0446929931640625 0.000400543212890624
0.0181636810302734 -0.0142288208007812 0.0305461883544922 0.00300788879394531
0.0268783569335937 -0.0158100128173828 0.0134572982788086 0.00980758666992187
0.0351428985595703 0.00118255615234375 -0.00397586822509765 0.00884246826171875
0.0285243988037109 0.0243721008300781 -0.0173549652099609 -0.0113916397094727
0.00954055786132813 0.0384750366210938 -0.00647926330566406 -0.0313129425048828
-0.0253982543945312 0.0357322692871094 0.0310821533203125 -0.0397491455078125
-0.0491180419921875 0.0219612121582031 0.0409622192382813 -0.0169525146484375
-0.062652587890625 0.00563812255859376 0.0135498046875 -0.00237274169921875
-0.0610427856445313 0.0106277465820313 0.014495849609375 0.0387802124023438
-0.034759521484375 0.0360488891601563 -0.0102310180664063 0.0403060913085938
-0.00601959228515625 0.0316658020019531 -0.001800537109375 0.0485687255859375
0.00958061218261719 0.026947021484375 0.021759033203125 0.0518684387207031
0.0215072631835937 0.0160484313964844 0.0392074584960938 0.0358467102050781
0.03143310546875 9.72747802734375E-05 0.0482254028320313 0.0152740478515625
0.0306320190429688 -0.0091552734375 0.0376930236816406 0.0070648193359375
0.0272502899169922 -0.00751686096191406 0.0215663909912109 0.009521484375
0.0355300903320312 -0.00809097290039063 0.00332164764404297 0.0160083770751953
0.0394172668457031 0.00816726684570313 -0.0144586563110352 0.0136508941650391
0.0292377471923828 0.0291233062744141 -0.0283222198486328 -0.007080078125
0.00905609130859375 0.0427932739257813 -0.0184612274169922 -0.0287303924560547
-0.0272102355957031 0.0395050048828125 0.0153465270996094 -0.0389213562011719
-0.0527267456054688 0.0224037170410156 0.0192050933837891 -0.0148086547851563
-0.0672874450683594 0.00282287597656249 -0.00941181182861328 -0.00251388549804688
-0.06243896484375 -0.002716064453125 -0.0111427307128906 0.0391426086425781
-0.0488243103027344 0.0252532958984375 -0.0329856872558594 0.0446624755859375
-0.0225563049316406 0.0342864990234375 -0.0149116516113281 0.0562973022460937
-0.00107955932617187 0.0385169982910156 0.0125885009765625 0.0572357177734375
0.0189628601074219 0.0291519165039063 0.0297355651855469 0.0387229919433594
0.0367851257324219 0.0137100219726563 0.0378150939941406 0.0202865600585938
0.0380134582519531 0.0001220703125 0.0246868133544922 0.0123004913330078
0.0321235656738281 0.000200271606445313 0.00947666168212891 0.014185905456543
0.0380592346191406 0 -0.00763511657714843 0.0207672119140625
0.0388679504394531 0.0134010314941406 -0.0241184234619141 0.0175952911376953
0.0262336730957031 0.0301837921142578 -0.0363731384277344 -0.00161743164062499
0.0069580078125 0.0414199829101563 -0.027313232421875 -0.0230426788330078
-0.0251846313476563 0.0368766784667969 0.00156021118164062 -0.034027099609375
-0.0492095947265625 0.0196609497070313 -0.000106334686279299 -0.00829887390136718
-0.0635108947753906 -0.00182723999023438 -0.0311870574951172 -0.00119781494140625
-0.0523681640625 -0.0140342712402344 -0.0357704162597656 0.0328369140625
-0.05035400390625 0.00982284545898437 -0.0560111999511719 0.0421524047851562
-0.0332107543945313 0.0273685455322266 -0.0292472839355469 0.0582542419433594
-0.0126953125 0.0399932861328125 0.00188446044921875 0.0560493469238281
0.0114898681640625 0.0359001159667969 0.0183067321777344 0.0358123779296875
0.0336036682128906 0.0244522094726563 0.0234012603759766 0.0201148986816406
0.0379562377929688 0.00951385498046875 0.00921058654785156 0.0138893127441406
0.0314445495605469 0.00739288330078125 -0.00512886047363281 0.0169639587402344
0.0361824035644531 0.00822830200195313 -0.0188961029052734 0.0230369567871094
0.0339164733886719 0.01849365234375 -0.0327873229980469 0.0188140869140625
0.0196380615234375 0.0304832458496094 -0.0409927368164062 0.00144577026367189
0.00115203857421875 0.0376815795898438 -0.0309734344482422 -0.0180282592773438
-0.0256748199462891 0.0290622711181641 -0.00686454772949219 -0.0251083374023437
-0.0429000854492188 0.0105743408203125 -0.0153331756591797 0.000597000122070315
-0.0532569885253906 -0.0103721618652344 -0.0500984191894531 -0.000820159912109386
-0.0307807922363281 -0.0207271575927734 -0.0520553588867187 0.023345947265625
-0.0377159118652344 -0.00453186035156249 -0.0714874267578125 0.0337600708007813
-0.0315456390380859 0.0134811401367187 -0.04052734375 0.0533790588378906
-0.0194911956787109 0.0294380187988281 -0.00787353515625 0.0495414733886719
0.00109481811523437 0.0322971343994141 0.00799560546875 0.0289192199707031
0.0228767395019531 0.0287857055664062 0.00884532928466797 0.0161590576171875
0.0303115844726562 0.0173454284667969 -0.00590801239013672 0.0121183395385742
0.0258579254150391 0.0135669708251953 -0.0186729431152344 0.0164775848388672
0.029510498046875 0.0145416259765625 -0.0295886993408203 0.0221519470214844
0.02557373046875 0.0226783752441406 -0.0396461486816406 0.0166778564453125
0.0112762451171875 0.0300922393798828 -0.0429649353027344 0.000991821289062502
-0.00611305236816406 0.03216552734375 -0.0308742523193359 -0.0150585174560547
-0.0280075073242187 0.0182456970214844 -0.0112037658691406 -0.0186271667480469
-0.0353050231933594 -0.00262451171875 -0.0248203277587891 0.00472831726074219
-0.0378913879394531 -0.0215072631835938 -0.0615425109863281 -0.003662109375
-0.00368881225585938 -0.0208206176757813 -0.0584869384765625 0.0139961242675781
-0.0136470794677734 -0.0137052536010742 -0.0762100219726563 0.0247726440429688
-0.0185699462890625 -0.00250244140625 -0.0452728271484375 0.047271728515625
-0.01910400390625 0.0104198455810547 -0.0118484497070313 0.0402450561523438
-0.00853538513183594 0.0183353424072266 0.00263023376464844 0.0199604034423828
0.00608062744140625 0.0254840850830078 -0.00273895263671875 0.00891399383544922
0.0167484283447266 0.0214214324951172 -0.0178318023681641 0.00849723815917969
0.0157976150512695 0.0174350738525391 -0.0294704437255859 0.0139312744140625
0.0193138122558594 0.0185985565185547 -0.0381622314453125 0.018798828125
0.0153179168701172 0.0248889923095703 -0.0454940795898437 0.0123023986816406
0.00306892395019531 0.0283985137939453 -0.0447006225585938 -0.00346374511718749
-0.0132217407226563 0.0267601013183594 -0.0297451019287109 -0.0170536041259766
-0.0303401947021484 0.00685119628906249 -0.0121145248413086 -0.0170822143554687
-0.0272026062011719 -0.0166034698486328 -0.0289325714111328 0.00393867492675781
-0.0199756622314453 -0.0325469970703125 -0.0677223205566406 -0.00955963134765626
0.0230979919433594 -0.0177574157714844 -0.0527000427246094 0.00808334350585938
0.0130252838134766 -0.0185546875 -0.0697555541992188 0.0191421508789063
-0.000187873840332033 -0.0162782669067383 -0.0422172546386719 0.0422782897949219
-0.0133094787597656 -0.0110263824462891 -0.0104122161865234 0.0349273681640625
-0.016139030456543 0.00140666961669922 0.00254535675048828 0.0132160186767578
-0.0109024047851563 0.0172443389892578 -0.00772285461425781 0.00168895721435547
0.000518798828124999 0.0224361419677734 -0.0241355895996094 0.0024871826171875
0.00345039367675781 0.0183963775634766 -0.0358009338378906 0.00905609130859375
0.00693702697753906 0.0200824737548828 -0.0446929931640625 0.0128517150878906
0.003936767578125 0.0234870910644531 -0.0497589111328125 0.004486083984375
-0.00446891784667969 0.0232124328613281 -0.0459556579589844 -0.00988388061523436
-0.0178184509277344 0.0191402435302734 -0.0294628143310547 -0.0216140747070313
-0.0291194915771484 -0.00382423400878906 -0.0130939483642578 -0.0203495025634766
-0.0165729522705078 -0.0275325775146484 -0.0295238494873047 -0.00445556640625
0.000225067138671876 -0.0395698547363281 -0.0650558471679687 -0.0197219848632813
-0.0310096740722656 0.0368499755859375 0.0601959228515625 0.0250129699707031
0.0125656127929687 0.041717529296875 0.0256767272949219 0.0204296112060547
0.0279712677001953 0.00839042663574219 0.0128765106201172 0.027252197265625
0.0215053558349609 -0.00917816162109375 0.0323657989501953 0.0343647003173828
0.0125942230224609 -0.0176219940185547 0.0502395629882812 0.0202713012695313
0.00195693969726563 -0.0269680023193359 0.0564918518066406 -0.00244140625
-0.000606536865234373 -0.0241050720214844 0.0511283874511719 -0.0105094909667969
0.00253105163574219 -0.0218772888183594 0.0391082763671875 -0.00650405883789063
0.0112342834472656 -0.0278415679931641 0.0240116119384766 0.00331687927246094
0.0268173217773438 -0.0140266418457031 0.0073094367980957 0.00582647323608398
0.0308265686035156 0.0102863311767578 -0.00812721252441406 -0.0118379592895508
0.0176029205322266 0.0276374816894531 0.0026092529296875 -0.0326557159423828
-0.0136795043945312 0.0351104736328125 0.0448379516601563 -0.0423164367675781
-0.0376930236816406 0.030303955078125 0.0652580261230469 -0.0208892822265625
-0.0534629821777344 0.0177879333496094 0.0386390686035156 -0.000984191894531249
-0.0510368347167969 0.0294952392578125 0.0448684692382813 0.0376472473144531
-0.0098114013671875 0.0450935363769531 0.0145454406738281 0.0345134735107422
0.0147151947021484 0.0220966339111328 0.0101089477539063 0.0392265319824219
0.0189075469970703 0.00828170776367188 0.0314254760742188 0.0447502136230469
0.0193061828613281 -0.00320625305175781 0.0499076843261719 0.02978515625
0.0182399749755859 -0.0168056488037109 0.0587806701660156 0.00660324096679687
0.0165042877197266 -0.0195674896240234 0.0511245727539063 -0.00163650512695313
0.0171327590942383 -0.017268180847168 0.0365409851074219 0.00226593017578125
0.0266284942626953 -0.0206680297851563 0.0188503265380859 0.01171875
0.0379562377929688 -0.00376510620117188 -0.000539779663085936 0.0130033493041992
0.0338211059570313 0.0229778289794922 -0.0187530517578125 -0.00716018676757812
0.0151329040527344 0.0413322448730469 -0.0106124877929687 -0.0301246643066406
-0.0245628356933594 0.0431671142578125 0.0292015075683594 -0.0442047119140625
-0.0538406372070313 0.0300559997558594 0.0443038940429688 -0.0198936462402344
-0.0701065063476563 0.0133132934570313 0.0161771774291992 0.00111770629882813
-0.0659637451171875 0.0154609680175781 0.0207405090332031 0.0468673706054688
-0.0345916748046875 0.0407142639160156 -0.00444412231445313 0.0467681884765625
-0.00443649291992188 0.0330944061279297 0.00238037109375 0.0523567199707031
0.0112037658691406 0.0274085998535156 0.0271415710449219 0.0550994873046875
0.0231533050537109 0.0149650573730469 0.0454216003417969 0.0375785827636719
0.0323390960693359 -0.0026397705078125 0.0554084777832031 0.0148429870605469
0.0318660736083984 -0.0115985870361328 0.0442390441894531 0.0065460205078125
0.0287742614746094 -0.00926780700683594 0.0282440185546875 0.00963783264160156
0.0373306274414063 -0.0114898681640625 0.00911712646484375 0.0192298889160156
0.043701171875 0.005615234375 -0.0107879638671875 0.0192108154296875
0.0344886779785156 0.02972412109375 -0.0293006896972656 -0.00149154663085938
0.0136070251464844 0.0471382141113281 -0.0225620269775391 -0.0254096984863281
-0.027496337890625 0.0465278625488281 0.0126762390136719 -0.0418319702148438
-0.05902099609375 0.0294952392578125 0.02093505859375 -0.0149497985839844
-0.076019287109375 0.00831604003906249 -0.00926971435546876 0.00263500213623047
-0.0690689086914063 -0.000720977783203136 -0.00777053833007813 0.0486717224121094
-0.0526504516601563 0.0281639099121094 -0.0299224853515625 0.0537567138671875
-0.0241622924804687 0.037567138671875 -0.0103721618652344 0.0623855590820312
-0.000579833984375002 0.0421943664550781 0.0178871154785156 0.0616302490234375
0.0213298797607422 0.0314559936523437 0.0361328125 0.0409469604492188
0.040191650390625 0.0131950378417969 0.0447463989257813 0.0206794738769531
0.0421104431152344 -0.00130844116210938 0.0309772491455078 0.0122509002685547
0.0357551574707031 -0.000217437744140625 0.0149450302124023 0.0155305862426758
0.0420684814453125 -0.00133895874023438 -0.00235366821289062 0.0244674682617188
0.0436744689941406 0.0132102966308594 -0.0204219818115234 0.0233154296875
0.030303955078125 0.0330123901367188 -0.0371780395507813 0.00436782836914063
0.00971984863281249 0.0466842651367188 -0.0309906005859375 -0.0187797546386719
-0.027496337890625 0.0427360534667969 -0.0015716552734375 -0.0340042114257813
-0.0559654235839844 0.0239295959472656 4.19616699218719E-05 -0.00614547729492187
-0.0731201171875 0.00119781494140625 -0.0336551666259766 0.00514221191406251
-0.0598030090332031 -0.0168228149414062 -0.0359077453613281 0.0427436828613281
-0.0572166442871094 0.010467529296875 -0.0563125610351563 0.0525703430175781
-0.0375251770019531 0.0304145812988281 -0.0261421203613281 0.0658035278320313
-0.0139961242675781 0.0460662841796875 0.00626754760742187 0.0614509582519531
0.0133514404296875 0.0405502319335938 0.0237197875976562 0.0380134582519531
0.0388336181640625 0.0264129638671875 0.0289230346679688 0.0207901000976563
0.0438728332519531 0.0093994140625 0.0133743286132813 0.0144729614257813
0.0367202758789063 0.00800323486328125 -0.000774383544921873 0.018798828125
0.0413665771484375 0.0082244873046875 -0.0151882171630859 0.0267810821533203
0.0393867492675781 0.0204849243164063 -0.0298557281494141 0.0244789123535156
0.0234146118164063 0.0348663330078125 -0.0420341491699219 0.00692367553710938
0.00243759155273438 0.0434608459472656 -0.033447265625 -0.01373291015625
-0.0293083190917969 0.0338420867919922 -0.00939559936523438 -0.0240612030029297
-0.0505180358886719 0.0118827819824219 -0.0158500671386719 0.0046539306640625
-0.0627479553222656 -0.0105552673339844 -0.05438232421875 0.00570297241210937
-0.0363349914550781 -0.0261268615722656 -0.0555305480957031 0.0323715209960938
-0.0450515747070313 -0.00778961181640625 -0.0748291015625 0.0441436767578125
-0.0379600524902344 0.0148582458496094 -0.0386390686035156 0.0614395141601563
-0.0231666564941406 0.035308837890625 -0.00455474853515625 0.0543632507324219
0.001190185546875 0.0381355285644531 0.0111255645751953 0.0309715270996094
0.028106689453125 0.0331687927246094 0.012237548828125 0.0168676376342774
0.0372123718261719 0.0191154479980469 -0.00441169738769531 0.0138206481933594
0.0315113067626953 0.0153293609619141 -0.0169582366943359 0.0188083648681641
0.0361175537109375 0.0162582397460938 -0.0274238586425781 0.0259151458740234
0.0321941375732422 0.026519775390625 -0.0382003784179688 0.021636962890625
0.0144004821777344 0.0358352661132812 -0.0442314147949219 0.00559997558593751
-0.0064697265625 0.0394554138183594 -0.0325145721435547 -0.0119781494140625
-0.0332832336425781 0.0222911834716797 -0.0130081176757813 -0.0163602828979492
-0.0440826416015625 -0.00334548950195312 -0.0265388488769531 0.00921249389648438
-0.0464096069335937 -0.0252571105957031 -0.06781005859375 0.00183486938476563
-0.00632286071777343 -0.0289344787597656 -0.0649909973144531 0.0197982788085938
-0.0184822082519531 -0.0203838348388672 -0.0816726684570313 0.0336837768554687
-0.0246429443359375 -0.0037384033203125 -0.0446815490722656 0.0548973083496094
-0.0244045257568359 0.01361083984375 -0.0098419189453125 0.0446014404296875
-0.0103607177734375 0.0244674682617188 0.00412559509277343 0.0203609466552734
0.0103759765625 0.0318069458007812 -0.00210952758789063 0.00927734375
0.0235691070556641 0.0253105163574219 -0.0189189910888672 0.00949668884277344
0.0220775604248047 0.0200691223144531 -0.0304355621337891 0.0172462463378906
0.0256214141845703 0.0220661163330078 -0.0390434265136719 0.0226669311523438
0.0214481353759766 0.0293998718261719 -0.0459556579589844 0.0156364440917969
0.00584793090820312 0.0343666076660156 -0.0466346740722656 0.00017547607421876
-0.0140514373779297 0.0338783264160156 -0.0318737030029297 -0.0149669647216797
-0.0364837646484375 0.0104408264160156 -0.0137510299682617 -0.0150785446166992
-0.0361366271972656 -0.0193214416503906 -0.0319671630859375 0.00769805908203125
-0.0275230407714844 -0.0387344360351563 -0.0750961303710938 -0.00634002685546876
0.0243549346923828 -0.0271492004394531 -0.0594024658203125 0.0115318298339844
0.0112247467041016 -0.0270404815673828 -0.07574462890625 0.02581787109375
-0.0043182373046875 -0.0212001800537109 -0.0416908264160156 0.0490608215332031
-0.0193271636962891 -0.0104084014892578 -0.00825119018554688 0.0365180969238281
-0.0198287963867187 0.00619125366210937 0.00380134582519531 0.0117311477661133
-0.00958442687988281 0.0243072509765625 -0.00936508178710938 0.000503540039062502
0.00577735900878906 0.0271549224853516 -0.0279312133789063 0.00318145751953125
0.00862503051757813 0.0222530364990234 -0.0395088195800781 0.0113487243652344
0.0123538970947266 0.0234050750732422 -0.0473556518554688 0.0160446166992188
0.00913429260253906 0.0283451080322266 -0.0522994995117188 0.00695800781249999
-0.00237083435058594 0.0288791656494141 -0.0494766235351563 -0.00763702392578125
-0.0191497802734375 0.0255775451660156 -0.0320072174072266 -0.0207424163818359
-0.0356521606445313 -0.000366210937500007 -0.0152778625488281 -0.0196609497070312
-0.0244464874267578 -0.0313301086425781 -0.0344467163085938 -0.00291252136230468
-0.005584716796875 -0.0479965209960938 -0.0742645263671875 -0.0192794799804688
-0.025970458984375 0.0438919067382813 0.0692481994628906 0.0240821838378906
0.0209770202636719 0.0419387817382813 0.0319652557373047 0.0194263458251953
0.0316085815429688 0.00367546081542969 0.0158596038818359 0.0262184143066406
0.021148681640625 -0.0144729614257813 0.0352325439453125 0.0341529846191406
0.00919532775878907 -0.0218391418457031 0.0535621643066406 0.0190925598144531
-0.00381278991699219 -0.0290851593017578 0.05975341796875 -0.00501251220703125
-0.00574111938476563 -0.0249462127685547 0.0555648803710937 -0.0138168334960938
-0.00175094604492187 -0.0233364105224609 0.043487548828125 -0.00905990600585938
0.00623893737792969 -0.0312824249267578 0.0290889739990234 0.00250434875488281
0.0254383087158203 -0.0200939178466797 0.0115108489990234 0.00773525238037109
0.0342788696289063 0.00471305847167969 -0.00796079635620117 -0.00863552093505859
0.0241241455078125 0.0264701843261719 -0.000518798828124995 -0.0313777923583984
-0.00819015502929687 0.0407218933105469 0.042083740234375 -0.0470352172851563
-0.036346435546875 0.0400238037109375 0.0684852600097656 -0.0268592834472656
-0.0547294616699219 0.0284347534179687 0.0443572998046875 -0.00103759765625
-0.0498161315917969 0.0359611511230469 0.0545196533203125 0.0400924682617188
-0.00468826293945312 0.0471878051757813 0.0219001770019531 0.0353126525878906
0.0172824859619141 0.0193023681640625 0.0144271850585937 0.0394134521484375
0.0192432403564453 0.00504875183105469 0.0353622436523438 0.0452423095703125
0.0173740386962891 -0.00597953796386719 0.0549507141113281 0.0289306640625
0.0149116516113281 -0.0193309783935547 0.0634765625 0.00376510620117187
0.0138931274414063 -0.0215015411376953 0.0569877624511719 -0.00530624389648438
0.0147533416748047 -0.0187015533447266 0.0427665710449219 -0.000419616699218751
0.0238761901855469 -0.0242843627929687 0.0256252288818359 0.0114688873291016
0.0386314392089844 -0.007843017578125 0.00502681732177735 0.0160388946533203
0.0385208129882813 0.0198173522949219 -0.0175533294677734 -0.00199985504150391
0.0212631225585938 0.04205322265625 -0.0130348205566406 -0.0271892547607422
-0.0213813781738281 0.0499534606933594 0.0260162353515625 -0.0470924377441406
-0.0554389953613281 0.0396652221679688 0.0472335815429688 -0.0226249694824219
-0.0740432739257813 0.02313232421875 0.0208625793457031 0.00376319885253906
-0.0684318542480469 0.0206375122070313 0.029998779296875 0.0520973205566406
-0.0331649780273438 0.044036865234375 0.00298309326171875 0.0504188537597656
-0.00325775146484375 0.0329875946044922 0.00757980346679687 0.0540580749511719
0.0124340057373047 0.0276775360107422 0.0324630737304687 0.056365966796875
0.0238170623779297 0.0137500762939453 0.0514373779296875 0.0371322631835938
0.0323066711425781 -0.00480079650878906 0.0612869262695313 0.0121688842773438
0.0322895050048828 -0.0140380859375 0.0507049560546875 0.00354766845703125
0.0296573638916016 -0.0112533569335938 0.0347061157226563 0.00779151916503906
0.0374183654785156 -0.0142784118652344 0.0162067413330078 0.0199470520019531
0.0464057922363281 0.00265121459960938 -0.00435829162597656 0.0231456756591797
0.0388221740722656 0.0291023254394531 -0.0276241302490234 0.00451087951660156
0.0187835693359375 0.0494194030761719 -0.0246677398681641 -0.0209083557128906
-0.0261726379394531 0.0527572631835938 0.0092620849609375 -0.0423164367675781
-0.0624771118164063 0.0373077392578125 0.0230293273925781 -0.0148296356201172
-0.082550048828125 0.0159683227539063 -0.00621843338012696 0.00836849212646484
-0.0753631591796875 0.00183868408203124 -0.000980377197265626 0.0562705993652344
-0.0554924011230469 0.031768798828125 -0.0234260559082031 0.0600547790527344
-0.0249977111816406 0.0397071838378906 -0.00479507446289062 0.0656089782714844
0.000732421874999996 0.0452308654785156 0.0238494873046875 0.063262939453125
0.0234947204589844 0.0327205657958984 0.0424690246582031 0.0411949157714844
0.0436134338378906 0.0123558044433594 0.0509529113769531 0.0181770324707031
0.0450515747070312 -0.00387191772460938 0.0371932983398438 0.0106887817382813
0.0388336181640625 -0.00196075439453125 0.0210418701171875 0.0146331787109375
0.0453338623046875 -0.00331497192382813 0.00429725646972656 0.0259323120117188
0.0484962463378906 0.0121803283691406 -0.0146675109863281 0.0273227691650391
0.0350418090820313 0.0342979431152344 -0.0345668792724609 0.0102710723876953
0.0134429931640625 0.0504112243652344 -0.0318183898925781 -0.0138740539550781
-0.027923583984375 0.0485877990722656 -0.00395584106445313 -0.0327129364013672
-0.0614051818847656 0.0295829772949219 0.00167775154113769 -0.0036008358001709
-0.0805282592773438 0.00610351562499999 -0.0324039459228516 0.0124969482421875
-0.0672760009765625 -0.0170135498046875 -0.0326347351074219 0.0520439147949219
-0.0640525817871094 0.0124244689941406 -0.0521926879882812 0.0615081787109375
-0.0414314270019531 0.0346031188964844 -0.0204925537109375 0.0705108642578125
-0.01409912109375 0.0513877868652344 0.0113906860351562 0.0639686584472656
0.0164833068847656 0.0442695617675781 0.0287132263183594 0.0386695861816406
0.0445060729980469 0.0272598266601563 0.0340118408203125 0.0197124481201172
0.049774169921875 0.00803756713867188 0.0179691314697266 0.0144767761230469
0.0421218872070313 0.007415771484375 0.00335884094238281 0.0194072723388672
0.0472526550292969 0.00775146484375 -0.0101413726806641 0.0286140441894531
0.0455474853515625 0.0209808349609375 -0.0248470306396484 0.0282802581787109
0.0282440185546875 0.0381355285644531 -0.0390777587890625 0.0123519897460938
0.00538253784179688 0.0490303039550781 -0.0341377258300781 -0.00903701782226563
-0.032379150390625 0.0394058227539063 -0.0102634429931641 -0.0216388702392578
-0.0575752258300781 0.0159072875976562 -0.0144386291503906 0.0091390609741211
-0.0716781616210938 -0.00868225097656249 -0.0545921325683594 0.0138053894042969
-0.0444107055664063 -0.0307426452636719 -0.0569839477539063 0.0412559509277344
-0.0534782409667969 -0.00875473022460937 -0.0740509033203125 0.053375244140625
-0.0438613891601563 0.0179977416992188 -0.034210205078125 0.0674629211425781
-0.0255546569824219 0.0412826538085937 -0.000282287597656251 0.0569229125976563
0.00347900390625 0.0441818237304687 0.0144977569580078 0.0311107635498047
0.0347328186035156 0.0362281799316406 0.0149917602539063 0.0165786743164063
0.0450325012207031 0.0184249877929688 -0.00216865539550781 0.0144224166870117
0.0385169982910156 0.0150794982910156 -0.0144805908203125 0.0207176208496094
0.0431747436523438 0.0165214538574219 -0.0246829986572266 0.0277214050292969
0.0393218994140625 0.0279998779296875 -0.0347671508789063 0.0247097015380859
0.0198287963867187 0.0404205322265625 -0.0423545837402344 0.00907135009765626
-0.00448226928710937 0.0463066101074219 -0.0327548980712891 -0.00800895690917968
-0.037139892578125 0.0281753540039063 -0.013148307800293 -0.0141286849975586
-0.0528831481933594 -0.00165176391601562 -0.0257549285888672 0.0139865875244141
-0.0567588806152344 -0.0262374877929688 -0.0709609985351563 0.00925445556640623
-0.0121307373046875 -0.0365638732910156 -0.0689620971679688 0.0272331237792969
-0.0264415740966797 -0.0250873565673828 -0.0840225219726562 0.0423431396484375
-0.0314407348632813 -0.00414466857910156 -0.04107666015625 0.0609359741210938
-0.0288524627685547 0.0192813873291016 -0.00641632080078125 0.0462150573730469
-0.0104045867919922 0.0313014984130859 0.00547027587890625 0.0198326110839844
0.0164909362792969 0.03668212890625 -0.00197029113769531 0.00861072540283203
0.0314846038818359 0.0262088775634766 -0.0197525024414062 0.0114250183105469
0.0287570953369141 0.0210533142089844 -0.0304374694824219 0.0195045471191406
0.0331840515136719 0.022308349609375 -0.0385894775390625 0.0250968933105469
0.0291481018066406 0.0319080352783203 -0.044769287109375 0.0185432434082031
0.0112037658691406 0.0394935607910156 -0.0468635559082031 0.00292205810546875
-0.012420654296875 0.0410041809082031 -0.0324573516845703 -0.012542724609375
-0.0414085388183594 0.0167503356933594 -0.0142784118652344 -0.0127487182617187
-0.0454368591308594 -0.01861572265625 -0.0331668853759766 0.0124092102050781
-0.0375938415527344 -0.0422172546386719 -0.080230712890625 -0.000373840332031237
0.0221900939941406 -0.0364608764648438 -0.0648536682128906 0.0156288146972656
0.00612640380859375 -0.0350112915039063 -0.0791854858398438 0.0334396362304687
-0.0104026794433594 -0.0240917205810547 -0.0387306213378906 0.0537948608398438
-0.0253028869628906 -0.00748443603515625 -0.00511550903320313 0.0370674133300781
-0.0221271514892578 0.0124378204345703 0.00349617004394531 0.0100564956665039
-0.00493431091308594 0.0302639007568359 -0.0110607147216797 -0.00037097930908203
0.012420654296875 0.0292720794677734 -0.0311145782470703 0.00467872619628906
0.0145339965820313 0.0237579345703125 -0.0421905517578125 0.0149955749511719
0.0195884704589844 0.0251922607421875 -0.049560546875 0.0191421508789062
0.0158977508544922 0.030914306640625 -0.0538177490234375 0.00971221923828125
0.00174903869628906 0.0337562561035156 -0.0504570007324219 -0.00559997558593751
-0.0177936553955078 0.0324897766113281 -0.0333271026611328 -0.0192718505859375
-0.0402908325195312 0.00476074218750001 -0.0169906616210938 -0.0180854797363281
-0.0334491729736328 -0.0322132110595703 -0.0377235412597656 0.000885009765624996
-0.0144577026367188 -0.0534896850585938 -0.081573486328125 -0.0162353515625
-0.0203704833984375 0.0477027893066406 0.0769805908203125 0.0217971801757813
0.0280113220214844 0.0397415161132813 0.0371780395507813 0.0164718627929688
0.0332775115966797 -0.00142669677734375 0.0171241760253906 0.0249404907226563
0.01934814453125 -0.0191116333007813 0.03662109375 0.0341987609863281
0.00533676147460938 -0.0242271423339844 0.0561790466308594 0.0183448791503906
-0.009735107421875 -0.0294399261474609 0.0625839233398438 -0.0069122314453125
-0.0100860595703125 -0.0242118835449219 0.059295654296875 -0.0178642272949219
-0.0063018798828125 -0.0234355926513672 0.0477523803710938 -0.0124626159667969
0.000213623046875004 -0.0326004028320313 0.0341873168945313 0.000862121582031248
0.0225982666015625 -0.0245895385742187 0.0162715911865234 0.0082559585571289
0.0365180969238281 -0.00014495849609375 -0.00627517700195312 -0.00570917129516602
0.029052734375 0.0233917236328125 -0.00128555297851562 -0.0288658142089844
-0.00252151489257813 0.0440559387207031 0.0397300720214844 -0.0493087768554688
-0.0328865051269531 0.0483932495117187 0.0714569091796875 -0.031402587890625
-0.0532073974609375 0.0375328063964844 0.0511856079101563 -0.00209426879882812
-0.0472335815429688 0.0407142639160156 0.0639915466308594 0.0402641296386719
-0.000205993652343755 0.0471687316894531 0.0283985137939453 0.0341548919677734
0.0189380645751953 0.0163726806640625 0.0166969299316406 0.0384559631347656
0.0186271667480469 0.00291824340820313 0.0384063720703125 0.0456161499023438
0.0154523849487305 -0.00750350952148438 0.0592231750488281 0.0279541015625
0.0116615295410156 -0.0198860168457031 0.0679283142089844 0.00145339965820312
0.011749267578125 -0.0219192504882813 0.0617179870605469 -0.009185791015625
0.0133991241455078 -0.0193347930908203 0.0483055114746094 -0.00456619262695313
0.0213356018066406 -0.0259532928466797 0.0317802429199219 0.0097198486328125
0.037994384765625 -0.0120506286621094 0.0113162994384766 0.0175437927246094
0.0414466857910156 0.0167465209960938 -0.0146160125732422 0.00226116180419922
0.0262413024902344 0.0412445068359375 -0.0131816864013672 -0.0230884552001953
-0.0170097351074219 0.054412841796875 0.0237617492675781 -0.0473556518554687
-0.0547142028808594 0.0480232238769531 0.049835205078125 -0.0250625610351562
-0.0752639770507813 0.0318984985351562 0.0269927978515625 0.00600433349609375
-0.0697097778320312 0.0246238708496094 0.0389671325683594 0.0547256469726563
-0.0324668884277344 0.0460586547851563 0.00986862182617188 0.0512275695800781
-0.00300025939941406 0.0331382751464844 0.0114936828613281 0.0537185668945313
0.0124034881591797 0.0275135040283203 0.036102294921875 0.0569114685058594
0.0232982635498047 0.0140571594238281 0.0566520690917969 0.0361251831054688
0.0319576263427734 -0.00593948364257812 0.066497802734375 0.00924301147460938
0.0325508117675781 -0.0155429840087891 0.0562515258789063 -0.000171661376953126
0.0303153991699219 -0.0119819641113281 0.0406417846679688 0.00468063354492187
0.0377540588378906 -0.0161895751953125 0.0232925415039063 0.0182437896728516
0.0481376647949219 5.7220458984375E-05 0.00218963623046875 0.0248394012451172
0.0425338745117188 0.0280113220214844 -0.0239696502685547 0.00935173034667969
0.022796630859375 0.0505752563476562 -0.0240287780761719 -0.0162982940673828
-0.0239791870117188 0.0575447082519531 0.00732040405273437 -0.0408210754394531
-0.0645523071289063 0.0447540283203125 0.0259342193603516 -0.0150394439697266
-0.086883544921875 0.0238265991210937 -0.00112152099609375 0.0126123428344727
-0.0806121826171875 0.0049285888671875 0.00660324096679687 0.0619239807128906
-0.0589065551757812 0.0351676940917969 -0.01678466796875 0.0634307861328125
-0.0263633728027344 0.0424118041992188 0.000129699707031249 0.0665054321289063
0.000762939453124999 0.0483131408691406 0.0283660888671875 0.0642204284667969
0.0253658294677734 0.0346813201904297 0.0471649169921875 0.0404701232910156
0.0464096069335938 0.0112533569335938 0.05621337890625 0.0153884887695313
0.0483016967773438 -0.005950927734375 0.042449951171875 0.0076751708984375
0.0425682067871094 -0.0035247802734375 0.0260581970214844 0.0122184753417969
0.0489234924316406 -0.005157470703125 0.0104732513427734 0.0250377655029297
0.0526199340820313 0.0107688903808594 -0.00816917419433593 0.0288314819335937
0.0395774841308594 0.035552978515625 -0.0301609039306641 0.0144004821777344
0.0176773071289063 0.0540504455566406 -0.030364990234375 -0.00913047790527343
-0.0279922485351562 0.05401611328125 -0.00427436828613281 -0.0301532745361328
-0.0661048889160156 0.0357437133789063 0.00484275817871093 -0.00150156021118164
-0.0871505737304687 0.0117034912109375 -0.0287284851074219 0.0183696746826172
-0.0755386352539063 -0.0168533325195312 -0.0282936096191406 0.0591278076171875
-0.07086181640625 0.0151214599609375 -0.0470237731933594 0.0671806335449219
-0.0446701049804687 0.0387306213378906 -0.0156402587890625 0.0727920532226562
-0.0138206481933594 0.057281494140625 0.0161170959472656 0.0651817321777344
0.0198020935058594 0.0482864379882813 0.0326042175292969 0.038238525390625
0.0500106811523438 0.0274581909179688 0.0384635925292969 0.0173606872558594
0.0549087524414063 0.00555419921875 0.0218868255615234 0.0130939483642578
0.047271728515625 0.00572586059570313 0.0074462890625 0.0181465148925781
0.0532302856445313 0.0057220458984375 -0.00534439086914062 0.0282154083251953
0.0517845153808594 0.0203475952148438 -0.0195732116699219 0.0296649932861328
0.0331192016601563 0.0412788391113281 -0.0355300903320313 0.0151214599609375
0.00847625732421874 0.054290771484375 -0.0315589904785156 -0.0051746368408203
-0.0336837768554688 0.0452728271484375 -0.00943183898925782 -0.0194873809814453
-0.0647239685058594 0.0207481384277344 -0.0112457275390625 0.0120143890380859
-0.0802536010742188 -0.005157470703125 -0.0527229309082031 0.0204811096191406
-0.0529861450195312 -0.0333938598632813 -0.0557022094726563 0.0492668151855469
-0.0621528625488281 -0.00822067260742188 -0.0717239379882813 0.06134033203125
-0.0495643615722656 0.0217628479003906 -0.029754638671875 0.0703277587890625
-0.0267906188964844 0.0482940673828125 0.00320816040039063 0.0579566955566406
0.00680160522460937 0.04962158203125 0.0169925689697266 0.0305252075195313
0.0419387817382813 0.0379714965820313 0.0175466537475586 0.0153789520263672
0.0515823364257813 0.0163688659667969 -0.000252723693847655 0.014653205871582
0.0445747375488281 0.0137977600097656 -0.0120983123779297 0.0208587646484375
0.0501785278320312 0.0151634216308594 -0.0217494964599609 0.0283908843994141
0.0466156005859375 0.0281944274902344 -0.0315475463867188 0.0258865356445312
0.0251693725585937 0.0440635681152344 -0.0397682189941406 0.0112228393554688
-0.000961303710937502 0.0524864196777344 -0.0310764312744141 -0.00571250915527344
-0.0405120849609375 0.0347557067871094 -0.0117712020874023 -0.0121135711669922
-0.0613594055175781 0.00229263305664062 -0.0233860015869141 0.0182895660400391
-0.0663223266601562 -0.0247421264648438 -0.0709609985351563 0.0153045654296875
-0.0191726684570312 -0.0424118041992188 -0.07122802734375 0.0341415405273438
-0.0352249145507813 -0.0274696350097656 -0.0840072631835938 0.0502471923828125
-0.0380630493164063 -0.00203323364257812 -0.0373268127441406 0.0638771057128906
-0.0322227478027344 0.0251617431640625 -0.00421142578125 0.0468482971191406
-0.00871658325195313 0.037506103515625 0.00580787658691406 0.0188026428222656
0.0232925415039063 0.040008544921875 -0.00147438049316406 0.00844240188598633
0.0386428833007813 0.0253410339355469 -0.0205726623535156 0.0126628875732422
0.0352821350097656 0.0199661254882812 -0.0304508209228516 0.0211524963378906
0.0406036376953125 0.0212936401367188 -0.0377922058105469 0.0267753601074219
0.0366439819335938 0.0325546264648438 -0.0440826416015625 0.0199165344238281
0.0165328979492187 0.0434074401855469 -0.0455207824707031 0.00405502319335938
-0.00957489013671875 0.0479278564453125 -0.0320796966552734 -0.0109214782714844
-0.0448074340820313 0.0229949951171875 -0.0132961273193359 -0.0116987228393555
-0.0546722412109375 -0.0158615112304687 -0.03271484375 0.0163364410400391
-0.0480537414550781 -0.0431785583496094 -0.083984375 0.00473022460937499
0.01727294921875 -0.0440177917480469 -0.0699272155761719 0.0200920104980469
-0.00106430053710938 -0.0401687622070313 -0.0810089111328125 0.03936767578125
-0.0171298980712891 -0.0247745513916016 -0.0357894897460937 0.0565910339355469
-0.0303840637207031 -0.00351142883300782 -0.00377273559570312 0.0360336303710937
-0.0217227935791016 0.0180225372314453 0.00198507308959961 0.00788211822509766
0.000329971313476566 0.0345802307128906 -0.0135526657104492 -0.000300407409667969
0.0195045471191406 0.0298404693603516 -0.0343265533447266 0.00671195983886718
0.0206813812255859 0.0232486724853516 -0.0443229675292969 0.0180130004882812
0.0257015228271484 0.0246849060058594 -0.05126953125 0.0221824645996094
0.0226840972900391 0.031707763671875 -0.0553474426269531 0.0114898681640625
0.00690841674804687 0.0370674133300781 -0.0515785217285156 -0.00434494018554686
-0.0150337219238281 0.0379753112792969 -0.0341548919677734 -0.0184154510498047
-0.0435256958007813 0.010894775390625 -0.0166387557983399 -0.0165185928344727
-0.0423126220703125 -0.0301437377929688 -0.0396957397460937 0.00494384765625
-0.0237007141113281 -0.0561370849609375 -0.0875625610351563 -0.0131912231445312
-0.0152359008789063 0.0505485534667969 0.0849227905273438 0.0199813842773438
0.0333518981933594 0.0378608703613281 0.0410423278808594 0.0137252807617188
0.0343456268310547 -0.00612258911132813 0.0178279876708984 0.0246410369873047
0.0173969268798828 -0.0224838256835938 0.0385055541992188 0.0353431701660156
0.0018768310546875 -0.0254058837890625 0.0596885681152344 0.0188217163085938
-0.0143756866455078 -0.0284919738769531 0.066497802734375 -0.00811767578125
-0.0141773223876953 -0.0228767395019531 0.06353759765625 -0.0211944580078125
-0.00946044921875 -0.0221271514892578 0.0520401000976563 -0.0161018371582031
-0.00436019897460937 -0.0330562591552734 0.0392684936523438 -0.00193405151367188
0.0193119049072266 -0.0282211303710938 0.0220241546630859 0.00823974609375
0.0371055603027344 -0.00537490844726562 -0.00320148468017578 -0.00324296951293945
0.0324611663818359 0.0206851959228516 -0.00069427490234375 -0.0266971588134766
0.00308990478515625 0.046661376953125 0.0388870239257813 -0.0503387451171875
-0.0284957885742187 0.0548477172851563 0.074615478515625 -0.0355224609375
-0.0502204895019531 0.0451889038085938 0.0583152770996094 -0.0029296875
-0.0461311340332031 0.0435714721679687 0.0725479125976563 0.0405960083007813
0.00255966186523438 0.0468215942382813 0.0342006683349609 0.0323810577392578
0.0185031890869141 0.0143032073974609 0.0185165405273438 0.0378189086914063
0.0171651840209961 0.00156307220458984 0.0410804748535156 0.0467681884765625
0.0138139724731445 -0.00765800476074219 0.06353759765625 0.0281181335449219
0.00873184204101563 -0.0196552276611328 0.0727310180664063 -0.000816345214843751
0.0103073120117188 -0.0215950012207031 0.06787109375 -0.0130157470703125
0.0120983123779297 -0.0190315246582031 0.0537872314453125 -0.0085601806640625
0.0191516876220703 -0.0265731811523438 0.0381011962890625 0.00737762451171875
0.0372314453125 -0.014404296875 0.018035888671875 0.0173110961914063
0.0436058044433594 0.0141029357910156 -0.0104923248291016 0.00515651702880859
0.0300102233886719 0.040740966796875 -0.0120162963867187 -0.0194988250732422
-0.0139312744140625 0.0586318969726563 0.0229949951171875 -0.0470771789550781
-0.0538101196289062 0.0556907653808594 0.0535812377929687 -0.0273895263671875
-0.0763473510742188 0.0395660400390625 0.0339679718017578 0.00744819641113281
-0.0726699829101563 0.028228759765625 0.0479049682617187 0.0567588806152344
-0.0332412719726563 0.0480995178222656 0.0166015625 0.0508880615234375
-0.00382614135742187 0.0337028503417969 0.0140838623046875 0.0536003112792969
0.0123462677001953 0.0290775299072266 0.0394134521484375 0.0586166381835937
0.0240573883056641 0.0150966644287109 0.06146240234375 0.0362319946289063
0.03240966796875 -0.00564384460449219 0.0723419189453125 0.0066680908203125
0.0338001251220703 -0.0166759490966797 0.0617408752441406 -0.00409698486328125
0.0315055847167969 -0.0129966735839844 0.0458602905273437 0.000396728515624999
0.0386428833007813 -0.0175018310546875 0.0299167633056641 0.0161228179931641
0.0506210327148438 -0.00132369995117188 0.00896453857421876 0.0245361328125
0.0463943481445313 0.0280227661132813 -0.0189895629882812 0.0119056701660156
0.0271186828613281 0.0526046752929688 -0.0220870971679688 -0.0125503540039062
-0.0227851867675781 0.0626564025878906 0.00726318359375 -0.0399055480957031
-0.0667724609375 0.0523567199707031 0.0296916961669922 -0.0155982971191406
-0.0909576416015625 0.0304794311523437 0.00508975982666015 0.0159215927124023
-0.0869979858398438 0.00704193115234374 0.0141830444335937 0.0658721923828125
-0.0633316040039063 0.0384750366210937 -0.0109977722167969 0.0657958984375
-0.0286903381347656 0.0455513000488281 0.00298309326171875 0.0668792724609375
0.00163650512695313 0.0526771545410156 0.031829833984375 0.0658531188964844
0.0281791687011719 0.0365943908691406 0.0513038635253906 0.0402336120605469
0.0493316650390625 0.0113601684570313 0.0612335205078125 0.0132408142089844
0.0517921447753906 -0.0078582763671875 0.04681396484375 0.0045318603515625
0.0460472106933594 -0.00455474853515625 0.0306568145751953 0.00931358337402344
0.05291748046875 -0.00677108764648438 0.0158214569091797 0.0229015350341797
0.0569229125976562 0.00973129272460938 -0.00153732299804687 0.0285282135009766
0.0441818237304688 0.0375289916992188 -0.0257511138916016 0.0161361694335938
0.02105712890625 0.0575752258300781 -0.0276718139648438 -0.00569534301757812
-0.0288963317871094 0.0601921081542969 -0.00335502624511719 -0.0291061401367187
-0.070831298828125 0.042388916015625 0.0086836814880371 -0.000155925750732419
-0.0936737060546875 0.0168380737304688 -0.0235519409179688 0.0226001739501953
-0.0847702026367188 -0.0162887573242188 -0.0237312316894531 0.0649452209472656
-0.0785064697265625 0.0184402465820313 -0.0434188842773437 0.0711288452148438
-0.0490303039550781 0.0436973571777344 -0.0128173828125 0.0738525390625
-0.0133934020996094 0.063079833984375 0.0187721252441406 0.066558837890625
0.0227584838867188 0.0524177551269531 0.0361099243164063 0.0381965637207031
0.0559158325195313 0.0272331237792969 0.0419273376464844 0.015960693359375
0.0608291625976563 0.00336837768554688 0.0254077911376953 0.0112266540527344
0.0528373718261719 0.00387191772460938 0.0105724334716797 0.0163106918334961
0.059539794921875 0.00411605834960938 -0.00183677673339844 0.0268459320068359
0.058380126953125 0.0205345153808594 -0.0152034759521484 0.0292205810546875
0.0389671325683594 0.0445060729980469 -0.0317401885986328 0.0159988403320313
0.0127716064453125 0.0600204467773438 -0.0294914245605469 -0.00317192077636719
-0.0361137390136719 0.052001953125 -0.00795364379882813 -0.0183162689208984
-0.0718231201171875 0.0263671875 -0.00759506225585938 0.014246940612793
-0.089141845703125 -0.00109863281250001 -0.0501136779785156 0.0251235961914063
-0.0627479553222656 -0.0352630615234375 -0.0551910400390625 0.0560569763183594
-0.0722732543945313 -0.00630950927734376 -0.0699081420898437 0.0668487548828125
-0.0551719665527344 0.0264396667480469 -0.027740478515625 0.0724639892578125
-0.0275535583496094 0.0554122924804687 0.00487136840820312 0.0592422485351562
0.0103340148925781 0.0551490783691406 0.0184364318847656 0.0304222106933594
0.0491371154785156 0.0388069152832031 0.0194187164306641 0.0144805908203125
0.0584564208984375 0.0146141052246094 0.00126934051513672 0.0142078399658203
0.0509452819824219 0.011688232421875 -0.0109405517578125 0.020782470703125
0.057647705078125 0.0129966735839844 -0.0207576751708984 0.0283069610595703
0.0542106628417969 0.0281639099121094 -0.0294227600097656 0.0254688262939453
0.0308952331542969 0.048095703125 -0.03802490234375 0.0114822387695312
0.00238037109374999 0.0587158203125 -0.0297451019287109 -0.00524520874023437
-0.0434303283691406 0.0413322448730469 -0.00942325592041016 -0.011509895324707
-0.0699081420898437 0.00723648071289062 -0.0210533142089844 0.0212364196777344
-0.0767822265625 -0.022735595703125 -0.0714263916015625 0.0204849243164062
-0.0278244018554687 -0.0467910766601563 -0.0741195678710938 0.0400390625
-0.044677734375 -0.0283317565917969 -0.0849533081054687 0.056304931640625
-0.0445747375488281 0.00123214721679687 -0.0355300903320313 0.0659294128417969
-0.0351200103759766 0.0317497253417969 -0.00298309326171875 0.0473823547363281
-0.00672149658203125 0.0440750122070313 0.00571441650390625 0.0186538696289063
0.0307807922363281 0.0421867370605469 -0.00244903564453125 0.0081028938293457
0.0458335876464844 0.0236701965332031 -0.0212230682373047 0.0139369964599609
0.0416336059570313 0.0182113647460938 -0.0313968658447266 0.0229930877685547
0.0477561950683594 0.0194320678710937 -0.0384864807128906 0.0280227661132813
0.0441360473632813 0.0320358276367188 -0.0442619323730469 0.0193290710449219
0.0218467712402344 0.0464859008789063 -0.0458869934082031 0.00412368774414062
-0.00564956665039063 0.0538978576660156 -0.0307960510253906 -0.0109386444091797
-0.0476226806640625 0.0293159484863281 -0.0112886428833008 -0.0113096237182617
-0.06353759765625 -0.0123977661132812 -0.0321369171142578 0.0198955535888672
-0.0577888488769531 -0.0427894592285156 -0.086700439453125 0.00803375244140626
0.0117340087890625 -0.0504035949707031 -0.0755462646484375 0.0244369506835937
-0.008941650390625 -0.0440025329589844 -0.0842132568359375 0.0443801879882813
-0.0234489440917969 -0.0246334075927734 -0.0343666076660156 0.0578994750976563
-0.0341701507568359 0.00130653381347656 -0.00436782836914063 0.0353431701660156
-0.0210742950439453 0.0239734649658203 -0.000219345092773439 0.00693559646606445
0.00621414184570312 0.0376167297363281 -0.0166025161743164 -0.000174522399902345
0.0258979797363281 0.0289535522460938 -0.037506103515625 0.00983047485351564
0.0262851715087891 0.0219860076904297 -0.0467605590820313 0.0215911865234375
0.0314693450927734 0.0228176116943359 -0.0539360046386719 0.0244636535644531
0.02947998046875 0.0311393737792969 -0.057342529296875 0.0122604370117187
0.0121345520019531 0.0397491455078125 -0.0532875061035156 -0.00478363037109374
-0.0116424560546875 0.0432891845703125 -0.0346240997314453 -0.0190105438232422
-0.0455551147460937 0.0165824890136719 -0.0161056518554688 -0.0160388946533203
-0.0499763488769531 -0.0276527404785156 -0.0410346984863281 0.00880050659179688
-0.0325355529785156 -0.0573997497558594 -0.0938262939453125 -0.0107803344726563
-0.0104255676269531 0.0534400939941406 0.09381103515625 0.017547607421875
0.0387535095214844 0.0355758666992187 0.0456047058105469 0.0100021362304688
0.0341167449951172 -0.0101127624511719 0.0185279846191406 0.0247974395751953
0.0152664184570312 -0.0254554748535156 0.0414810180664063 0.0377464294433594
-0.00145721435546875 -0.0267677307128906 0.0643882751464844 0.0194206237792969
-0.0192661285400391 -0.0268802642822266 0.07269287109375 -0.010101318359375
-0.0172958374023438 -0.0215072631835937 0.0691108703613281 -0.0255622863769531
-0.0123939514160156 -0.0206222534179687 0.0567054748535156 -0.0212669372558594
-0.00946426391601562 -0.0323562622070312 0.0450668334960938 -0.00615310668945313
0.0161190032958984 -0.0307598114013672 0.02752685546875 0.00652694702148437
0.0371665954589844 -0.0099334716796875 0.00104618072509766 -0.00154221057891846
0.0361595153808594 0.0174331665039063 0.00110626220703125 -0.025909423828125
0.00845718383789063 0.0489387512207031 0.0393714904785156 -0.0523033142089844
-0.0234565734863281 0.0617942810058594 0.079498291015625 -0.04046630859375
-0.0472640991210937 0.0530548095703125 0.0675315856933594 -0.005401611328125
-0.0462455749511719 0.0476799011230469 0.0829849243164063 0.0394744873046875
0.00504302978515624 0.0476799011230469 0.0397529602050781 0.029296875
0.0183677673339844 0.0128860473632812 0.0200538635253906 0.0384330749511719
0.0159721374511719 0.000947952270507813 0.0448112487792969 0.0492820739746094
0.0123252868652344 -0.00740814208984375 0.0695724487304688 0.0287742614746094
0.00694656372070312 -0.0189132690429688 0.0797119140625 -0.0035247802734375
0.00892257690429688 -0.0216293334960938 0.0738677978515625 -0.0184783935546875
0.0119152069091797 -0.0191764831542969 0.0592155456542969 -0.0140495300292969
0.0179367065429688 -0.0279827117919922 0.0444488525390625 0.00317764282226562
0.0376853942871094 -0.0172691345214844 0.0247116088867188 0.0157699584960938
0.0467529296875 0.0117759704589844 -0.00584554672241211 0.00715780258178711
0.0344810485839844 0.040496826171875 -0.00951957702636718 -0.0174770355224609
-0.0106849670410156 0.0630531311035156 0.0237464904785156 -0.0482254028320312
-0.0530204772949219 0.0636749267578125 0.0581932067871094 -0.0308761596679687
-0.0775527954101563 0.047943115234375 0.0432395935058594 0.00673675537109375
-0.0774307250976563 0.03265380859375 0.0580635070800781 0.0580291748046875
-0.0347213745117188 0.051605224609375 0.0218925476074219 0.0509719848632812
-0.00537490844726563 0.035430908203125 0.0163803100585938 0.0539169311523437
0.0126895904541016 0.0316410064697266 0.0438423156738281 0.0609359741210938
0.0255279541015625 0.0170173645019531 0.0674209594726563 0.0365829467773438
0.0339069366455078 -0.00559234619140625 0.0788345336914063 0.00376129150390625
0.0354576110839844 -0.0182418823242188 0.0684585571289063 -0.00948715209960938
0.0345211029052734 -0.0137310028076172 0.0516471862792969 -0.00469589233398438
0.041656494140625 -0.0192375183105469 0.0358200073242188 0.0120658874511719
0.0536880493164062 -0.00424575805664063 0.0155658721923828 0.0229358673095703
0.0512580871582031 0.0277976989746094 -0.0140390396118164 0.0135059356689453
0.0315399169921875 0.0552139282226563 -0.0195064544677734 -0.0104904174804687
-0.0215187072753906 0.0694007873535156 0.00807571411132812 -0.0397453308105469
-0.0696792602539063 0.0606918334960937 0.0341682434082031 -0.0171661376953125
-0.0963058471679687 0.03802490234375 0.0123691558837891 0.0176620483398438
-0.0954971313476562 0.0111770629882812 0.0220489501953125 0.0705947875976563
-0.0688743591308594 0.0436859130859375 -0.00607299804687501 0.0679512023925781
-0.0318870544433594 0.0507392883300781 0.00542449951171875 0.0684738159179688
0.00289535522460937 0.0586624145507813 0.035675048828125 0.068817138671875
0.0317649841308594 0.0405311584472656 0.0569953918457031 0.0408515930175781
0.0545463562011719 0.0111312866210938 0.0671806335449219 0.0102958679199219
0.0560798645019531 -0.0102005004882813 0.052734375 0.00101089477539062
0.0506706237792969 -0.00640106201171875 0.0351676940917969 0.00526046752929688
0.0583839416503906 -0.00902938842773438 0.0201911926269531 0.0199203491210938
0.0637893676757813 0.00830078125 0.00323486328125 0.0270595550537109
0.0506553649902344 0.0393218994140625 -0.0220756530761719 0.0166568756103516
0.0261650085449219 0.0631484985351563 -0.0248641967773438 -0.00425529479980469
-0.0295829772949219 0.0674896240234375 -0.00196456909179688 -0.029144287109375
-0.0774307250976563 0.0508499145507813 0.0135021209716797 -0.000698089599609372
-0.101951599121094 0.0245742797851563 -0.0187931060791016 0.0260200500488281
-0.0958251953125 -0.0141983032226562 -0.0190505981445313 0.0716400146484375
-0.0873641967773438 0.024017333984375 -0.040283203125 0.0755767822265625
-0.0541648864746094 0.0500221252441406 -0.01068115234375 0.0762405395507813
-0.0131378173828125 0.0711288452148438 0.0212364196777344 0.0693283081054688
0.027740478515625 0.0575714111328125 0.039886474609375 0.0391845703125
0.0634269714355469 0.0278396606445313 0.0463523864746094 0.0138320922851563
0.067413330078125 -0.000244140625 0.0287189483642578 0.00938796997070313
0.0594673156738281 0.00194549560546875 0.01324462890625 0.0145158767700195
0.0664443969726563 0.00110244750976562 0.00102043151855469 0.0254173278808594
0.0665931701660156 0.0193557739257813 -0.0119380950927734 0.0280284881591797
0.0460357666015625 0.0476913452148438 -0.0296669006347656 0.0160007476806641
0.016937255859375 0.0660934448242188 -0.0272083282470703 -0.00268363952636718
-0.0380096435546875 0.0602493286132813 -0.00592803955078125 -0.0186367034912109
-0.080047607421875 0.0346527099609375 -0.00378608703613282 0.0152139663696289
-0.0992584228515625 0.00431823730468749 -0.0481796264648438 0.02911376953125
-0.0746231079101563 -0.0355453491210938 -0.0549278259277344 0.0626068115234375
-0.0825042724609375 -0.00248718261718751 -0.0701522827148438 0.0729141235351562
-0.0619010925292969 0.0322761535644531 -0.0263214111328125 0.0754165649414063
-0.028045654296875 0.0645675659179687 0.0064239501953125 0.0619392395019531
0.0150070190429688 0.0615653991699219 0.0199108123779297 0.0307483673095703
0.0577316284179688 0.0396957397460938 0.0206737518310547 0.0130519866943359
0.0663185119628906 0.0109481811523438 0.0021209716796875 0.0146617889404297
0.058013916015625 0.00914382934570313 -0.0106105804443359 0.0211753845214844
0.0655670166015625 0.00996780395507813 -0.0202255249023437 0.0289249420166016
0.0629501342773438 0.0271453857421875 -0.0284881591796875 0.024993896484375
0.0385017395019531 0.0516777038574219 -0.0376052856445313 0.0105781555175781
0.00764846801757813 0.0657806396484375 -0.0282688140869141 -0.00569725036621093
-0.0459938049316406 0.0497245788574219 -0.00782966613769532 -0.0122356414794922
-0.0793991088867188 0.01422119140625 -0.0185260772705078 0.0238857269287109
-0.0878753662109375 -0.0192184448242187 -0.0724029541015625 0.0247879028320312
-0.0377540588378906 -0.0492172241210937 -0.0779876708984375 0.0471725463867187
-0.055328369140625 -0.0277824401855469 -0.0877227783203125 0.0624771118164063
-0.0521736145019531 0.00467681884765626 -0.0352706909179688 0.0693283081054688
-0.036956787109375 0.0402145385742187 -0.00388717651367188 0.0491752624511719
-0.0028839111328125 0.0504035949707031 0.00484848022460938 0.01898193359375
0.0392379760742187 0.0441398620605469 -0.00259876251220703 0.00830507278442383
0.0537452697753906 0.0210151672363281 -0.0233154296875 0.0166110992431641
0.0481834411621094 0.0157508850097656 -0.0328693389892578 0.0254230499267578
0.0553817749023438 0.0166740417480469 -0.0402717590332031 0.0299720764160156
0.0526237487792969 0.0313301086425781 -0.0462112426757812 0.0202598571777344
0.0289344787597656 0.0501213073730469 -0.0472602844238281 0.00326538085937501
-0.00104522705078126 0.0604362487792969 -0.0316638946533203 -0.0123157501220703
-0.04986572265625 0.0373268127441406 -0.0105171203613281 -0.0121364593505859
-0.0731124877929688 -0.00672912597656249 -0.0314903259277344 0.0233726501464844
-0.0686187744140625 -0.0412368774414063 -0.0912551879882813 0.0125045776367188
0.00495529174804687 -0.0558128356933594 -0.0824356079101563 0.0303115844726563
-0.0172843933105469 -0.0465545654296875 -0.0879592895507813 0.0506744384765625
-0.0304241180419922 -0.0239238739013672 -0.0347862243652344 0.0610389709472656
-0.0377044677734375 0.00655364990234375 -0.0054473876953125 0.0355987548828125
-0.0199146270751953 0.0297737121582031 -0.00256443023681641 0.00694799423217774
0.013427734375 0.0403556823730469 -0.020172119140625 0.000659942626953132
0.0322017669677734 0.0280094146728516 -0.0416831970214844 0.0133438110351563
0.0312995910644531 0.0197925567626953 -0.050079345703125 0.0256195068359375
0.0379219055175781 0.0208549499511719 -0.0579071044921875 0.0284423828125
0.0361709594726563 0.03021240234375 -0.0619316101074219 0.0135421752929688
0.0174026489257813 0.042327880859375 -0.0567359924316406 -0.00505828857421876
-0.00765228271484375 0.0484733581542969 -0.0363426208496094 -0.0203971862792969
-0.0476722717285156 0.0229530334472656 -0.0152502059936523 -0.0170793533325195
-0.0581817626953125 -0.0241355895996094 -0.0434226989746094 0.0128402709960938
-0.0416297912597656 -0.0577583312988281 -0.101921081542969 -0.00738525390625002
-0.00516128540039063 0.0562667846679688 0.104103088378906 0.0124359130859375
0.0440559387207031 0.0321044921875 0.0495758056640625 0.00586318969726563
0.0346584320068359 -0.0146102905273438 0.0193462371826172 0.0254840850830078
0.0125255584716797 -0.0289554595947266 0.0462532043457031 0.0395584106445313
-0.00532722473144532 -0.0277214050292969 0.0717620849609375 0.019073486328125
-0.0240745544433594 -0.0251865386962891 0.07977294921875 -0.0139236450195313
-0.0204544067382813 -0.0188407897949219 0.075225830078125 -0.0333480834960938
-0.0152568817138672 -0.0193920135498047 0.0617408752441406 -0.0284309387207031
-0.0139389038085938 -0.0319881439208984 0.0505905151367188 -0.0117645263671875
0.0122509002685547 -0.0334815979003906 0.0339584350585938 0.00316619873046875
0.0374794006347656 -0.0150375366210938 0.00499534606933594 -0.00156450271606445
0.0397262573242188 0.0139846801757812 0.00299644470214844 -0.0254039764404297
0.0151596069335938 0.0507774353027344 0.0405197143554688 -0.0556297302246094
-0.0171623229980469 0.068145751953125 0.0848464965820313 -0.0482101440429687
-0.04388427734375 0.0606803894042969 0.0773239135742188 -0.0109710693359375
-0.0458869934082031 0.0524978637695312 0.0949630737304688 0.036468505859375
0.00777435302734375 0.0485992431640625 0.0451583862304688 0.0264816284179688
0.0179672241210938 0.0119285583496094 0.0222587585449219 0.0390815734863281
0.0154953002929688 0.000979423522949219 0.0506782531738281 0.0517959594726563
0.0119876861572266 -0.00733566284179688 0.0775070190429688 0.0275802612304688
0.00514984130859375 -0.0184955596923828 0.0878067016601563 -0.0083770751953125
0.00894927978515625 -0.0216617584228516 0.0811386108398438 -0.0265960693359375
0.0119037628173828 -0.0195808410644531 0.0647048950195313 -0.021942138671875
0.0170059204101562 -0.0288658142089844 0.0512123107910156 -0.00347137451171875
0.0379180908203125 -0.0200424194335938 0.0321788787841797 0.0128040313720703
0.0502510070800781 0.00889968872070312 -0.0007786750793457 0.00733661651611328
0.0395278930664063 0.0405921936035156 -0.0069122314453125 -0.016413688659668
-0.00583267211914062 0.06805419921875 0.0243110656738281 -0.0502891540527344
-0.0508575439453125 0.0735397338867188 0.0635032653808594 -0.0372734069824219
-0.0791702270507812 0.057647705078125 0.0529632568359375 0.004364013671875
-0.082733154296875 0.0385971069335937 0.0701446533203125 0.0581932067871094
-0.0357208251953125 0.0568428039550781 0.0281486511230469 0.0502395629882813
-0.0065460205078125 0.0391654968261719 0.0191841125488281 0.0554924011230469
0.0140419006347656 0.0350418090820313 0.0503692626953125 0.0636940002441406
0.0277881622314453 0.0182895660400391 0.0753707885742187 0.0355987548828125
0.0364418029785156 -0.00620269775390625 0.0868453979492188 -0.0013580322265625
0.0381584167480469 -0.0207557678222656 0.0754318237304688 -0.0166702270507813
0.0376319885253906 -0.0164451599121094 0.056793212890625 -0.0114898681640625
0.0445480346679688 -0.0229034423828125 0.0420455932617188 0.00647735595703125
0.0584564208984375 -0.00698089599609375 0.0228252410888672 0.0203399658203125
0.057281494140625 0.0273208618164063 -0.00949478149414062 0.0135955810546875
0.0382843017578125 0.0583648681640625 -0.0166025161743164 -0.00924587249755859
-0.0191268920898437 0.0769882202148438 0.00923156738281249 -0.0421829223632812
-0.0716171264648438 0.0721893310546875 0.0399703979492187 -0.0211753845214844
-0.101638793945313 0.0492172241210938 0.0209598541259766 0.0177764892578125
-0.105522155761719 0.016876220703125 0.0311050415039063 0.074188232421875
-0.0749053955078125 0.0524139404296875 -0.00129699707031251 0.0704498291015625
-0.0349769592285156 0.0580406188964844 0.00847625732421875 0.0710678100585937
0.00555801391601562 0.0657424926757812 0.0415878295898438 0.0719757080078125
0.0372886657714844 0.0439796447753906 0.0637550354003906 0.0404930114746094
0.0606956481933594 0.00970077514648438 0.0738525390625 0.00572967529296875
0.0619316101074219 -0.0148468017578125 0.0584335327148438 -0.0047760009765625
0.0567893981933594 -0.0110588073730469 0.0398178100585938 0.000366210937499999
0.0642852783203125 -0.0141563415527344 0.0250358581542969 0.0158882141113281
0.071441650390625 0.0053253173828125 0.00891876220703126 0.0251235961914062
0.0587806701660156 0.0407333374023438 -0.0184249877929687 0.0172538757324219
0.0335350036621094 0.0681838989257813 -0.0228157043457031 -0.00316619873046874
-0.0287017822265625 0.0769424438476562 -0.000558853149414067 -0.0306034088134766
-0.0826263427734375 0.0630035400390625 0.0186862945556641 -0.00178146362304687
-0.111282348632812 0.0341567993164062 -0.0128917694091797 0.0285472869873047
-0.108680725097656 -0.00923919677734375 -0.01422119140625 0.077667236328125
-0.0970458984375 0.0331649780273438 -0.0369949340820312 0.081512451171875
-0.0584754943847656 0.0595664978027344 -0.00743103027343751 0.0801467895507813
-0.00966644287109374 0.0816268920898438 0.0260238647460938 0.0733184814453125
0.0349998474121094 0.0626754760742188 0.0440139770507813 0.0390434265136719
0.0723114013671875 0.0263748168945313 0.0507240295410156 0.0104217529296875
0.0747222900390625 -0.00562286376953125 0.0322666168212891 0.00628471374511719
0.066680908203125 -0.003387451171875 0.0154085159301758 0.0119285583496094
0.0748977661132813 -0.00460052490234375 0.00323677062988282 0.0239238739013672
0.076080322265625 0.015960693359375 -0.00957489013671874 0.0273952484130859
0.0555648803710938 0.0500602722167969 -0.0281906127929687 0.0164775848388672
0.0253753662109375 0.073516845703125 -0.0257930755615234 -0.00220108032226563
-0.0383453369140625 0.0704193115234375 -0.00445747375488282 -0.0203800201416016
-0.088104248046875 0.0456390380859375 0.000612258911132806 0.0165643692016602
-0.110542297363281 0.0128326416015625 -0.0455741882324219 0.0338783264160156
-0.0880203247070313 -0.03326416015625 -0.0541305541992188 0.07196044921875
-0.0947723388671875 0.00499725341796877 -0.0700836181640625 0.0811996459960937
-0.0688667297363281 0.0414047241210937 -0.0245208740234375 0.0804214477539063
-0.0270156860351563 0.0758514404296875 0.00896835327148438 0.0655174255371094
0.0220947265625 0.0678977966308594 0.0219993591308594 0.0316123962402344
0.0679893493652344 0.0386505126953125 0.0225811004638672 0.0118083953857422
0.0746994018554687 0.00556182861328125 0.00339984893798829 0.0146389007568359
0.0662117004394531 0.00456619262695313 -0.0100021362304687 0.0216236114501953
0.0748825073242188 0.004486083984375 -0.0203056335449219 0.0298881530761719
0.0734710693359375 0.0235977172851563 -0.0287837982177734 0.0254631042480469
0.0485343933105469 0.0545654296875 -0.038482666015625 0.0106735229492188
0.01519775390625 0.0733108520507813 -0.0287399291992188 -0.0058917999267578
-0.0474090576171875 0.0600395202636719 -0.00641536712646485 -0.01348876953125
-0.0883636474609375 0.0239715576171875 -0.0153999328613281 0.0265254974365234
-0.100517272949219 -0.0124740600585937 -0.073760986328125 0.030609130859375
-0.0499038696289063 -0.0509834289550781 -0.0819168090820313 0.0568313598632812
-0.066864013671875 -0.02435302734375 -0.0904922485351563 0.0717086791992188
-0.0597915649414062 0.0106697082519531 -0.0340957641601563 0.0737686157226563
-0.0381317138671875 0.0499420166015625 -0.0032501220703125 0.0517959594726563
0.00279617309570313 0.0574607849121094 0.00362586975097656 0.0197658538818359
0.0484695434570312 0.0439529418945312 -0.00447320938110351 0.00856256484985352
0.0616226196289062 0.0165977478027344 -0.0248165130615234 0.0189971923828125
0.0558433532714844 0.0115776062011719 -0.0341262817382813 0.0290966033935547
0.063812255859375 0.0125541687011719 -0.0432167053222656 0.0335617065429688
0.0621490478515625 0.0281410217285156 -0.0487136840820313 0.0222702026367188
0.0383682250976563 0.0526847839355469 -0.0506668090820313 0.00370788574218751
0.00507736206054688 0.0674018859863281 -0.0335407257080078 -0.0127124786376953
-0.0523719787597656 0.0465927124023438 -0.00967121124267579 -0.0132007598876953
-0.0825729370117188 0.00153350830078126 -0.0305862426757813 0.0269756317138672
-0.0808639526367188 -0.0374069213867187 -0.096527099609375 0.0183563232421875
-0.00299453735351563 -0.0610694885253906 -0.089874267578125 0.0386734008789062
-0.0263214111328125 -0.0480766296386719 -0.0931320190429688 0.0590972900390625
-0.0376625061035156 -0.021575927734375 -0.0345382690429688 0.0654067993164063
-0.0409469604492188 0.0137519836425781 -0.00648117065429688 0.0374412536621094
-0.0165901184082031 0.0355644226074219 -0.00547218322753906 0.00709629058837891
0.0204925537109375 0.0415115356445313 -0.0242233276367188 0.00258255004882813
0.0385971069335938 0.0247077941894531 -0.0453910827636719 0.0187263488769531
0.0368728637695313 0.0176315307617188 -0.0536880493164063 0.031951904296875
0.0446357727050781 0.0174293518066406 -0.0618362426757812 0.03411865234375
0.0434646606445313 0.028106689453125 -0.06707763671875 0.016632080078125
0.0245132446289062 0.0439834594726563 -0.0620651245117188 -0.00452423095703126
-0.0024566650390625 0.053741455078125 -0.0393409729003906 -0.0215263366699219
-0.0495834350585938 0.0301628112792969 -0.0157566070556641 -0.0181217193603516
-0.0665740966796875 -0.0191650390625 -0.045257568359375 0.0177841186523438
-0.0518646240234375 -0.0571212768554688 -0.110916137695313 -0.00205230712890624
0.000156402587890624 0.0576515197753906 0.114028930664063 0.00270843505859375
0.0499687194824219 0.0265541076660156 0.052398681640625 -0.000690460205078123
0.0339012145996094 -0.0202178955078125 0.0214920043945313 0.0252571105957031
0.009002685546875 -0.0321903228759766 0.0529861450195313 0.0398712158203125
-0.00996780395507813 -0.0277175903320313 0.0799179077148438 0.01568603515625
-0.0295238494873047 -0.0214424133300781 0.086517333984375 -0.0218505859375
-0.0241031646728516 -0.0158920288085938 0.0788955688476562 -0.0440139770507813
-0.0174903869628906 -0.0176792144775391 0.0652084350585938 -0.0382499694824219
-0.0187625885009766 -0.0302391052246094 0.054412841796875 -0.0208702087402344
0.00748062133789063 -0.0363883972167969 0.040374755859375 -0.002105712890625
0.0363197326660156 -0.0205650329589844 0.00981330871582032 -0.00320625305175781
0.0430488586425781 0.00926971435546875 0.00527191162109375 -0.0260963439941406
0.0228919982910156 0.0510330200195313 0.0399856567382812 -0.0610389709472656
-0.00794219970703125 0.073516845703125 0.087005615234375 -0.0597457885742187
-0.0372695922851562 0.0689048767089844 0.08648681640625 -0.0203857421875
-0.0445404052734375 0.0588150024414063 0.107574462890625 0.0291595458984375
0.0105056762695313 0.0493049621582031 0.0503158569335938 0.0215644836425781
0.0176296234130859 0.0113620758056641 0.025238037109375 0.0390625
0.0152902603149414 0.000884056091308594 0.0583992004394531 0.0522117614746094
0.0109062194824219 -0.00711917877197266 0.086456298828125 0.02349853515625
0.00428962707519531 -0.0177822113037109 0.0958175659179687 -0.0172653198242188
0.00852584838867188 -0.0229301452636719 0.0856475830078125 -0.0388870239257813
0.0114860534667969 -0.0208110809326172 0.067901611328125 -0.0330734252929688
0.0152969360351562 -0.031402587890625 0.0562477111816406 -0.0127830505371094
0.0377960205078125 -0.024322509765625 0.0392303466796875 0.0067291259765625
0.0529441833496094 0.004730224609375 0.00478315353393555 0.00648307800292969
0.0456771850585938 0.0387153625488281 -0.00399112701416016 -0.0164785385131836
0.00108337402343751 0.0734405517578125 0.023834228515625 -0.0538482666015625
-0.045501708984375 0.0839080810546875 0.0671882629394531 -0.0463066101074219
-0.077239990234375 0.069854736328125 0.0625190734863281 -0.00215530395507812
-0.0863265991210938 0.0479736328125 0.0828094482421875 0.05419921875
-0.0345993041992188 0.0634307861328125 0.0353164672851563 0.0477828979492188
-0.00582504272460938 0.0438766479492187 0.0231056213378906 0.0565223693847656
0.0179595947265625 0.0385856628417969 0.0588455200195313 0.0644493103027344
0.0324382781982422 0.0195102691650391 0.0845870971679688 0.0317611694335938
0.0385551452636719 -0.00833892822265625 0.0935134887695313 -0.0104446411132813
0.0395240783691406 -0.0247879028320313 0.081085205078125 -0.0275802612304688
0.040374755859375 -0.0205459594726562 0.0604057312011719 -0.02130126953125
0.0466957092285156 -0.0281219482421875 0.046478271484375 -0.00123977661132813
0.0626945495605469 -0.0128135681152344 0.0292263031005859 0.0151252746582031
0.0647773742675781 0.0246009826660156 -0.00420188903808593 0.0127286911010742
0.0472640991210938 0.05950927734375 -0.013340950012207 -0.00813293457031249
-0.0127334594726563 0.0847015380859375 0.00878143310546875 -0.0448036193847656
-0.0706787109375 0.08648681640625 0.0438804626464844 -0.02764892578125
-0.104545593261719 0.0636978149414063 0.0293312072753906 0.0158748626708984
-0.11517333984375 0.0278701782226563 0.0423431396484375 0.0744400024414063
-0.0782852172851562 0.0642242431640625 0.00623321533203124 0.0722885131835938
-0.0348777770996094 0.0677947998046875 0.013946533203125 0.0731353759765625
0.0120697021484375 0.072998046875 0.0495147705078125 0.0741806030273437
0.0449371337890625 0.0461540222167969 0.0711669921875 0.0377273559570313
0.0671615600585938 0.00513458251953125 0.0799407958984375 -0.0017852783203125
0.0666160583496094 -0.0221672058105469 0.0629348754882813 -0.0134925842285156
0.0617904663085938 -0.0174140930175781 0.0427398681640625 -0.00681304931640625
0.0699005126953125 -0.0218849182128906 0.0288162231445313 0.0103359222412109
0.079559326171875 -0.002349853515625 0.0135326385498047 0.0214729309082031
0.0695686340332031 0.0393867492675781 -0.0149822235107422 0.0162134170532227
0.04400634765625 0.0715866088867188 -0.019866943359375 -0.00304794311523437
-0.02471923828125 0.0878219604492188 -0.000377655029296878 -0.0325412750244141
-0.0849151611328125 0.078216552734375 0.0230331420898438 -0.0048980712890625
-0.117904663085937 0.0497055053710938 -0.00581932067871095 0.0305671691894531
-0.1219482421875 0.00165557861328126 -0.00563049316406251 0.0842361450195313
-0.105155944824219 0.0472488403320312 -0.0318069458007813 0.0878143310546875
-0.0600738525390625 0.0720901489257812 -0.00363922119140625 0.0836639404296875
-0.00252532958984376 0.0922088623046875 0.0328903198242188 0.0758132934570313
0.0452194213867188 0.06646728515625 0.0498809814453125 0.0375480651855469
0.0826416015625 0.0212554931640625 0.0549087524414063 0.0053253173828125
0.0815048217773438 -0.0142135620117188 0.0354728698730469 0.00159454345703125
0.0734939575195313 -0.0114593505859375 0.0176544189453125 0.00875663757324219
0.0828323364257813 -0.0135726928710937 0.0056610107421875 0.0220279693603516
0.0860366821289063 0.00812530517578125 -0.00672721862792968 0.0252647399902344
0.0675430297851563 0.0495109558105469 -0.0266532897949219 0.0165596008300781
0.0360565185546875 0.0785598754882813 -0.0251598358154297 -0.00148963928222656
-0.034912109375 0.0828323364257813 -0.00421524047851563 -0.0218181610107422
-0.0928497314453125 0.0607452392578125 0.00535774230957031 0.0157585144042969
-0.12042236328125 0.02685546875 -0.0413284301757813 0.0384101867675781
-0.102554321289063 -0.0258255004882813 -0.05096435546875 0.0821151733398438
-0.104927062988281 0.0171966552734375 -0.0673294067382812 0.09136962890625
-0.0728759765625 0.05419921875 -0.0205612182617188 0.0854721069335938
-0.0209197998046875 0.0877838134765625 0.0128822326660156 0.0683822631835938
0.0327606201171875 0.073089599609375 0.0249576568603516 0.031890869140625
0.0793533325195313 0.0336074829101563 0.0246982574462891 0.0101814270019531
0.082427978515625 -0.00350189208984375 0.00433921813964844 0.014796257019043
0.0739059448242187 -0.003570556640625 -0.00974464416503906 0.0228900909423828
0.0830764770507813 -0.00504302978515625 -0.0197906494140625 0.0315341949462891
0.0839080810546875 0.0161209106445313 -0.0287399291992188 0.0265026092529297
0.0607261657714844 0.0539817810058594 -0.0396881103515625 0.0118827819824219
0.0261459350585938 0.0792312622070312 -0.0288753509521484 -0.00587081909179688
-0.0450897216796875 0.072509765625 -0.00610637664794922 -0.0155887603759766
-0.0954055786132813 0.038909912109375 -0.0112800598144531 0.0291519165039063
-0.112098693847656 -0.000457763671875013 -0.073760986328125 0.0383377075195313
-0.062286376953125 -0.0487442016601563 -0.083648681640625 0.0695877075195313
-0.0790634155273438 -0.0172042846679688 -0.0911483764648438 0.084503173828125
-0.0662765502929688 0.0202980041503906 -0.0317001342773438 0.0790328979492188
-0.0362396240234375 0.0607223510742188 -0.000991821289062507 0.0544624328613281
0.0110969543457031 0.0632286071777344 0.00307464599609375 0.0209064483642578
0.0594863891601562 0.0414276123046875 -0.00568580627441406 0.0101051330566406
0.0696907043457031 0.00904083251953125 -0.0254764556884766 0.0233573913574219
0.0623435974121094 0.00466537475585938 -0.0349044799804687 0.0340137481689453
0.07208251953125 0.00389862060546875 -0.0445442199707031 0.0388755798339844
0.0718612670898438 0.0214157104492188 -0.0513916015625 0.0259552001953125
0.0491828918457031 0.0527153015136719 -0.0548095703125 0.00523757934570312
0.0146636962890625 0.072906494140625 -0.0356864929199219 -0.0128517150878906
-0.051239013671875 0.0583229064941406 -0.0100021362304688 -0.0153408050537109
-0.0911712646484375 0.0141830444335937 -0.0283966064453125 0.03125
-0.0932159423828125 -0.0290603637695313 -0.101470947265625 0.0281600952148438
-0.0129508972167969 -0.0634994506835938 -0.0950775146484375 0.0504684448242187
-0.0373992919921875 -0.046844482421875 -0.0953292846679687 0.0714569091796875
-0.0449943542480469 -0.0170097351074219 -0.0321998596191406 0.0699539184570313
-0.0427322387695313 0.0224723815917969 -0.00687408447265625 0.0398368835449219
-0.0118141174316406 0.0415573120117188 -0.00847816467285156 0.00882530212402344
0.0290184020996094 0.0403976440429688 -0.0282001495361328 0.00657653808593751
0.044647216796875 0.019561767578125 -0.048065185546875 0.0261001586914063
0.0425376892089844 0.012603759765625 -0.0553016662597656 0.0397758483886719
0.0508995056152344 0.0112762451171875 -0.0647773742675781 0.042327880859375
0.0512046813964844 0.0230522155761719 -0.072265625 0.0227203369140625
0.0328559875488281 0.043853759765625 -0.0676116943359375 -0.00126647949218751
0.0050506591796875 0.0582351684570313 -0.0433120727539063 -0.02142333984375
-0.0496635437011719 0.0391654968261719 -0.0167751312255859 -0.0184764862060547
-0.0744781494140625 -0.0106887817382813 -0.0446929931640625 0.0237312316894531
-0.0630035400390625 -0.0525779724121094 -0.119636535644531 0.00818634033203125
0.00845718383789063 0.0584869384765625 0.120223999023437 -0.0105667114257812
0.0522613525390625 0.0202217102050781 0.0528984069824219 -0.00900650024414062
0.0316238403320313 -0.0250320434570313 0.0234451293945313 0.0255947113037109
0.0038604736328125 -0.0325260162353516 0.0586395263671875 0.0371131896972656
-0.0141811370849609 -0.0258960723876953 0.08575439453125 0.0087127685546875
-0.033111572265625 -0.017181396484375 0.0904693603515625 -0.0321197509765625
-0.0252685546875 -0.0116405487060547 0.0784454345703125 -0.05731201171875
-0.0201644897460937 -0.0145702362060547 0.0628585815429688 -0.0497932434082031
-0.0231056213378906 -0.026275634765625 0.0554771423339844 -0.0306968688964844
0.00229644775390625 -0.0364646911621094 0.0432624816894531 -0.0108642578125
0.0327568054199219 -0.0253162384033203 0.0138444900512695 -0.00638866424560547
0.0442924499511719 0.00301742553710937 0.00710105895996094 -0.0279903411865234
0.0301895141601562 0.0484504699707031 0.0368232727050781 -0.0664405822753906
0.0023956298828125 0.0747146606445313 0.0858383178710938 -0.0722198486328125
-0.02825927734375 0.0749969482421875 0.0914840698242188 -0.0337371826171875
-0.0414581298828125 0.0648078918457031 0.116233825683594 0.0167694091796875
0.0144996643066406 0.0478668212890625 0.0531425476074219 0.0137596130371094
0.0173683166503906 0.0101909637451172 0.0276145935058594 0.03863525390625
0.0158748626708984 0.000697135925292969 0.0666084289550781 0.0504226684570313
0.00963306427001953 -0.00659561157226563 0.0931472778320313 0.0164260864257813
0.00278854370117188 -0.0162620544433594 0.0989837646484375 -0.0288238525390625
0.00752830505371094 -0.0233192443847656 0.0852737426757812 -0.0522384643554687
0.010589599609375 -0.0225067138671875 0.0673713684082031 -0.0452804565429688
0.0134029388427734 -0.0326061248779297 0.0569839477539062 -0.0243644714355469
0.0353546142578125 -0.028472900390625 0.0439262390136719 -0.000633239746093752
0.0559425354003906 -0.00159454345703125 0.00938796997070313 0.00332832336425781
0.0515327453613281 0.0354957580566406 -0.00142478942871093 -0.0181312561035156
0.0102996826171875 0.0753326416015625 0.0216217041015625 -0.0578842163085937
-0.0363311767578125 0.0920257568359375 0.0673942565917969 -0.0562362670898438
-0.0706100463867188 0.0807647705078125 0.0703811645507813 -0.01275634765625
-0.0872039794921875 0.05914306640625 0.093963623046875 0.04638671875
-0.0316009521484375 0.0704345703125 0.0413398742675781 0.0427322387695313
-0.00420761108398437 0.0489883422851562 0.0270271301269531 0.0562705993652344
0.0212860107421875 0.0405044555664063 0.0674552917480469 0.0602951049804688
0.036376953125 0.01824951171875 0.0919570922851563 0.0225372314453125
0.0404472351074219 -0.0120964050292969 0.0973052978515625 -0.0225601196289063
0.0396499633789063 -0.0302352905273438 0.0824127197265625 -0.0405426025390625
0.041748046875 -0.02618408203125 0.0601463317871094 -0.0321502685546875
0.0461387634277344 -0.0340423583984375 0.0480575561523438 -0.0104827880859375
0.0638427734375 -0.0194549560546875 0.0333881378173828 0.00780296325683594
0.0707778930664063 0.0180511474609375 -0.000253677368164059 0.00985336303710938
0.0555648803710938 0.0563774108886719 -0.0106754302978516 -0.0096597671508789
-0.00433349609375 0.0908584594726563 0.00743865966796875 -0.0470771789550781
-0.0640792846679688 0.09893798828125 0.0456047058105469 -0.0339393615722656
-0.101387023925781 0.078216552734375 0.0375442504882813 0.010406494140625
-0.120010375976562 0.0433883666992187 0.0535736083984375 0.0711593627929688
-0.0767135620117187 0.0763473510742188 0.0147018432617187 0.0715103149414063
-0.030670166015625 0.076904296875 0.0191497802734375 0.072784423828125
0.0214614868164063 0.0774383544921875 0.0586700439453125 0.0712356567382813
0.0535049438476563 0.0457649230957031 0.0787353515625 0.0308685302734375
0.0713348388671875 -0.00171661376953125 0.0829010009765625 -0.0115432739257813
0.067230224609375 -0.0308685302734375 0.0637435913085938 -0.0220184326171875
0.0639915466308594 -0.0261001586914063 0.0429496765136719 -0.0148353576660156
0.0718994140625 -0.0327987670898438 0.0310401916503906 0.00403213500976562
0.0839385986328125 -0.011932373046875 0.0165395736694336 0.0173406600952148
0.0787506103515625 0.031585693359375 -0.0104265213012695 0.0145578384399414
0.0558242797851562 0.0712356567382813 -0.0173416137695313 -0.00303173065185547
-0.01519775390625 0.0957489013671875 -0.000988006591796879 -0.0348186492919922
-0.0795822143554687 0.093841552734375 0.0260982513427734 -0.00970458984374999
-0.118621826171875 0.0662384033203125 0.00312232971191406 0.028900146484375
-0.130996704101563 0.0166854858398438 0.0046539306640625 0.0867843627929688
-0.105224609375 0.0631103515625 -0.0236663818359375 0.0916061401367187
-0.057708740234375 0.08465576171875 0.0022735595703125 0.0852737426757813
0.008575439453125 0.0986099243164063 0.0418319702148437 0.0743942260742188
0.0564918518066406 0.0664482116699219 0.0542945861816406 0.0331039428710938
0.0906906127929687 0.0120620727539062 0.0560951232910156 -0.000240325927734374
0.0835647583007813 -0.0271072387695312 0.0370674133300781 -0.00360488891601563
0.0762481689453125 -0.0213546752929688 0.0189762115478516 0.00625991821289062
0.0871353149414063 -0.0258026123046875 0.00766181945800782 0.0197067260742188
0.09295654296875 -0.0019989013671875 -0.00441360473632812 0.0235424041748047
0.0792160034179688 0.0432891845703125 -0.0249671936035156 0.0159206390380859
0.04931640625 0.0792465209960938 -0.0230045318603516 -0.00239944458007812
-0.0284042358398438 0.0926513671875 -0.00427627563476563 -0.0238037109375
-0.0913467407226563 0.0788192749023437 0.0113019943237305 0.0142698287963867
-0.124443054199219 0.043548583984375 -0.0341911315917969 0.0420150756835938
-0.11419677734375 -0.014129638671875 -0.0432205200195313 0.0909347534179688
-0.110031127929688 0.0334014892578125 -0.059814453125 0.100601196289063
-0.0718612670898437 0.0680465698242188 -0.0140762329101562 0.0887832641601563
-0.0103912353515625 0.0964584350585938 0.0194931030273437 0.0691642761230469
0.0437164306640625 0.0752182006835938 0.0276317596435547 0.0303630828857422
0.0886459350585938 0.0242462158203125 0.0256309509277344 0.00704193115234375
0.086761474609375 -0.0154190063476563 0.0061025619506836 0.013798713684082
0.078033447265625 -0.0142364501953125 -0.00873374938964843 0.0238075256347656
0.0870208740234375 -0.0181350708007812 -0.0181808471679687 0.0333805084228516
0.0916671752929688 0.004486083984375 -0.0283069610595703 0.0276012420654297
0.0720138549804687 0.0488357543945312 -0.0396690368652344 0.0135231018066406
0.0392837524414063 0.0801773071289062 -0.0299949645996094 -0.00584793090820312
-0.03973388671875 0.0833511352539063 -0.00653362274169922 -0.0169134140014648
-0.0958786010742188 0.0552749633789063 -0.00659561157226563 0.0288734436035156
-0.118614196777344 0.0148696899414062 -0.0693931579589844 0.0456428527832031
-0.07421875 -0.04071044921875 -0.0788497924804688 0.0814132690429687
-0.0868148803710937 -0.00624084472656249 -0.0854873657226562 0.0964279174804688
-0.0691452026367188 0.0319709777832031 -0.0249404907226563 0.0834197998046875
-0.0296401977539062 0.0714874267578125 0.00100326538085938 0.0571136474609375
0.0215492248535156 0.0671195983886719 0.00371742248535156 0.0216083526611328
0.0686798095703125 0.03411865234375 -0.00639152526855468 0.0124454498291016
0.0730667114257812 -0.00243377685546875 -0.0247650146484375 0.0283050537109375
0.0662879943847656 -0.00371170043945313 -0.033172607421875 0.0398941040039063
0.0769119262695313 -0.0064849853515625 -0.04364013671875 0.0438499450683594
0.079620361328125 0.0110931396484375 -0.0526504516601563 0.0321388244628906
0.0596961975097656 0.0494728088378906 -0.0573348999023438 0.00856781005859377
0.0273895263671875 0.0735321044921875 -0.0381851196289063 -0.0115089416503906
-0.0460014343261719 0.0682754516601562 -0.00973701477050781 -0.0169105529785156
-0.0942764282226563 0.0280380249023437 -0.0237617492675781 0.0348892211914063
-0.102386474609375 -0.0156173706054687 -0.101364135742188 0.0396728515625
-0.0239830017089844 -0.0630989074707031 -0.0950927734375 0.0649337768554688
-0.0471153259277344 -0.0409584045410156 -0.0923690795898438 0.0849227905273437
-0.0512886047363281 -0.0101737976074219 -0.0283660888671875 0.074462890625
-0.0396347045898438 0.0313606262207031 -0.00724411010742187 0.0416412353515625
-0.00559234619140625 0.0453948974609375 -0.0101146697998047 0.0100803375244141
0.0381355285644531 0.0354995727539063 -0.0293483734130859 0.0107803344726563
0.050018310546875 0.0108833312988281 -0.0473289489746094 0.0347900390625
0.0459213256835938 0.00553512573242188 -0.0529899597167969 0.0491943359375
0.0545196533203125 0.00432968139648438 -0.0639457702636719 0.0510444641113281
0.056732177734375 0.0153427124023438 -0.0749588012695313 0.0310592651367187
0.041015625 0.0415687561035156 -0.0719375610351563 0.00447845458984374
0.01409912109375 0.0594863891601563 -0.0480575561523438 -0.0202903747558594
-0.0466842651367188 0.0474166870117188 -0.0169506072998047 -0.0197486877441406
-0.0800704956054687 0.00118255615234373 -0.0427703857421875 0.0291748046875
-0.07269287109375 -0.0438156127929688 -0.123863220214844 0.0206527709960937
0.0133705139160156 0.0549430847167969 0.120323181152344 -0.0229415893554687
0.0531158447265625 0.0126113891601563 0.050079345703125 -0.0147972106933594
0.0269145965576172 -0.0274238586425781 0.0242195129394531 0.0238265991210938
-0.00016975402832031 -0.0331802368164063 0.0623626708984375 0.0329170227050781
-0.0176429748535156 -0.0240097045898438 0.089263916015625 0.000556945800781248
-0.0337581634521484 -0.0110282897949219 0.0896759033203125 -0.0415115356445312
-0.0258007049560547 -0.00786972045898438 0.0741195678710938 -0.0667495727539063
-0.0202732086181641 -0.0116329193115234 0.0590362548828125 -0.0584678649902344
-0.0255050659179688 -0.0219688415527344 0.0525169372558594 -0.0394630432128906
-0.00262069702148437 -0.0353507995605469 0.0437202453613281 -0.0177421569824219
0.0285720825195313 -0.0299186706542969 0.0157661437988281 -0.0100135803222656
0.0432357788085937 -0.00244522094726562 0.00700759887695313 -0.0287418365478516
0.0358543395996094 0.0437850952148437 0.0329551696777344 -0.0675849914550781
0.0120925903320312 0.0737228393554688 0.0809173583984375 -0.0804290771484375
-0.0184707641601563 0.0751800537109375 0.0920486450195313 -0.0447769165039062
-0.0359230041503906 0.0682106018066406 0.119255065917969 0.003692626953125
0.0184059143066406 0.0467338562011719 0.0538063049316406 0.006195068359375
0.0167980194091797 0.0101022720336914 0.0296096801757813 0.0356636047363281
0.0145406723022461 0.000710487365722656 0.0706634521484375 0.0435333251953125
0.0101985931396484 -0.00607585906982422 0.0962905883789063 0.00684356689453125
0.00268268585205078 -0.015284538269043 0.0974349975585938 -0.0397415161132813
0.00658607482910156 -0.0230693817138672 0.0803451538085938 -0.0633621215820313
0.0100841522216797 -0.0230579376220703 0.0621757507324219 -0.054656982421875
0.0105533599853516 -0.0329627990722656 0.0546340942382812 -0.0330162048339844
0.0327301025390625 -0.0310554504394531 0.0448036193847656 -0.00948715209960938
0.0546913146972656 -0.00766372680664063 0.0129909515380859 -0.00134658813476563
0.0542869567871094 0.0293121337890625 0.000434875488281252 -0.0185508728027344
0.0168838500976563 0.0739593505859375 0.0188636779785156 -0.0592041015625
-0.0260848999023438 0.0949325561523438 0.0629692077636719 -0.0634307861328125
-0.0617599487304688 0.0874252319335938 0.0730209350585938 -0.0222549438476562
-0.0835723876953125 0.0684051513671875 0.0996017456054688 0.0349044799804688
-0.0269927978515625 0.0738601684570313 0.0446739196777344 0.0356178283691406
-0.00164794921874999 0.0509986877441406 0.0307388305664062 0.0531730651855469
0.026519775390625 0.0400924682617188 0.072265625 0.0557708740234375
0.0387840270996094 0.0159988403320313 0.09454345703125 0.0156707763671875
0.0405464172363281 -0.0151863098144531 0.0959014892578125 -0.033050537109375
0.0388145446777344 -0.0345191955566406 0.0768203735351563 -0.0511856079101563
0.0401725769042969 -0.0314483642578125 0.0557823181152344 -0.0412216186523438
0.0440750122070313 -0.0395317077636719 0.0464248657226563 -0.01995849609375
0.0639266967773438 -0.0266532897949219 0.0352020263671875 -0.000228881835937502
0.0736160278320313 0.010833740234375 0.00367975234985352 0.00650310516357422
0.0624504089355469 0.0522727966308594 -0.00778770446777343 -0.0100440979003906
0.00396728515625001 0.0925979614257813 0.00571060180664063 -0.0480575561523437
-0.0536041259765625 0.10711669921875 0.0443191528320313 -0.0415687561035156
-0.0938262939453125 0.08966064453125 0.0433998107910156 0.00241470336914063
-0.118820190429687 0.056549072265625 0.0621490478515625 0.0643157958984375
-0.0711746215820313 0.0864181518554688 0.0199089050292969 0.0671844482421875
-0.0256881713867187 0.0831756591796875 0.0234527587890625 0.0709991455078125
0.0305099487304688 0.0772476196289063 0.0643424987792969 0.0667457580566406
0.0605926513671875 0.0408439636230469 0.0808029174804688 0.0239486694335938
0.0731353759765625 -0.0091705322265625 0.0812759399414062 -0.0212326049804688
0.0657272338867188 -0.0394058227539063 0.0614280700683594 -0.0312080383300781
0.063262939453125 -0.0344467163085938 0.0403175354003906 -0.021331787109375
0.0699081420898438 -0.0412139892578125 0.0303859710693359 -0.00309371948242188
0.084442138671875 -0.0215682983398438 0.0189323425292969 0.0100898742675781
0.0844192504882813 0.0249252319335938 -0.00818634033203125 0.0122785568237305
0.0647125244140625 0.0663795471191406 -0.0149755477905273 -0.00451946258544921
-0.0060577392578125 0.100799560546875 -0.00269317626953125 -0.0356826782226562
-0.0719375610351563 0.105232238769531 0.0273284912109375 -0.0151576995849609
-0.113029479980469 0.0804214477539062 0.00855827331542968 0.0255832672119141
-0.132408142089844 0.0318145751953125 0.014190673828125 0.085693359375
-0.102210998535156 0.0771102905273438 -0.01458740234375 0.0921173095703125
-0.0513381958007812 0.0948486328125 0.00907897949218749 0.084320068359375
0.0196990966796875 0.101791381835938 0.0470962524414062 0.0722427368164063
0.065643310546875 0.0619544982910156 0.0569190979003906 0.0287551879882813
0.092620849609375 0.00191497802734375 0.0549774169921875 -0.00684738159179688
0.0830841064453125 -0.035980224609375 0.0359268188476563 -0.00762557983398438
0.0771713256835937 -0.0316085815429687 0.0180187225341797 0.00238227844238281
0.08502197265625 -0.0376434326171875 0.00840473175048829 0.0164756774902344
0.09515380859375 -0.014862060546875 -0.00268745422363281 0.0208797454833984
0.086761474609375 0.0349273681640625 -0.0233592987060547 0.0155353546142578
0.0604400634765625 0.074981689453125 -0.0224075317382813 -0.00292968749999999
-0.018157958984375 0.0990829467773437 -0.00531196594238281 -0.0252475738525391
-0.0850601196289063 0.0921783447265625 0.0122652053833008 0.0103902816772461
-0.121482849121094 0.0597381591796875 -0.0281562805175781 0.0432052612304688
-0.118515014648438 -0.00013732910156252 -0.0344085693359375 0.0944671630859375
-0.109527587890625 0.0468368530273438 -0.0506591796875 0.104324340820313
-0.0679397583007813 0.0785751342773438 -0.00842285156250001 0.0884552001953125
0.000381469726562495 0.100852966308594 0.02392578125 0.0678901672363281
0.054595947265625 0.0706939697265625 0.0284976959228516 0.0290489196777344
0.0930328369140625 0.014434814453125 0.0240306854248047 0.00514030456542969
0.0852813720703125 -0.0263290405273437 0.00656986236572266 0.0140514373779297
0.077789306640625 -0.0243911743164063 -0.00663948059082031 0.02508544921875
0.0869064331054688 -0.02886962890625 -0.0163211822509766 0.0342216491699219
0.0937423706054688 -0.00669097900390625 -0.0274009704589844 0.02880859375
0.0804977416992188 0.0411834716796875 -0.0400848388671875 0.01519775390625
0.0495834350585938 0.0771865844726563 -0.0297222137451172 -0.00499534606933594
-0.03070068359375 0.0906753540039063 -0.00740623474121094 -0.0185737609863281
-0.0927886962890625 0.0697860717773437 -0.00209236145019532 0.0279026031494141
-0.118995666503906 0.030548095703125 -0.0637130737304688 0.0506706237792969
-0.0820236206054688 -0.0318832397460937 -0.07269287109375 0.0902099609375
-0.0903167724609375 0.00642395019531252 -0.076446533203125 0.103530883789063
-0.0687446594238281 0.0419464111328125 -0.020904541015625 0.0846939086914063
-0.0200119018554688 0.076812744140625 0.00514984130859375 0.0566482543945313
0.0306816101074219 0.0650062561035156 0.00341606140136719 0.022735595703125
0.0737762451171875 0.0245819091796875 -0.00701045989990234 0.0128087997436523
0.0737457275390625 -0.0116195678710937 -0.0217666625976562 0.0312786102294922
0.0667724609375 -0.013519287109375 -0.0300140380859375 0.0439186096191406
0.0768508911132812 -0.0176773071289062 -0.0396957397460938 0.0485382080078125
0.0813751220703125 0.00052642822265625 -0.0513801574707031 0.0347366333007813
0.066802978515625 0.0412559509277344 -0.0572166442871094 0.0134124755859375
0.03704833984375 0.0724334716796875 -0.0396347045898438 -0.0110092163085937
-0.03887939453125 0.0753173828125 -0.0113716125488281 -0.017120361328125
-0.0914077758789063 0.0414047241210938 -0.0195503234863281 0.0359458923339844
-0.105384826660156 -0.00257110595703124 -0.0966873168945312 0.0473175048828125
-0.0324020385742188 -0.0598793029785156 -0.091094970703125 0.0759048461914063
-0.0535736083984375 -0.034881591796875 -0.0854644775390625 0.09326171875
-0.0534210205078125 -0.00259399414062501 -0.0228652954101563 0.0755615234375
-0.0356521606445313 0.0386276245117188 -0.00497055053710938 0.0430335998535156
0.00185012817382813 0.0465507507324219 -0.0125627517700195 0.0140018463134766
0.0428504943847656 0.0304489135742187 -0.0307712554931641 0.0164566040039063
0.0513229370117187 0.0042266845703125 -0.0442924499511719 0.0418319702148438
0.0461387634277344 -0.000743865966796875 -0.0485076904296875 0.056396484375
0.0548553466796875 -0.00457000732421875 -0.0598945617675781 0.0584678649902344
0.0585823059082031 0.00748825073242188 -0.0732803344726563 0.0383071899414063
0.046173095703125 0.0358200073242188 -0.0732345581054687 0.0105133056640625
0.0220146179199219 0.0575408935546875 -0.0500335693359375 -0.0167465209960937
-0.0398902893066406 0.0529861450195313 -0.0191192626953125 -0.0193901062011719
-0.078765869140625 0.0121002197265625 -0.03778076171875 0.0337448120117188
-0.0779647827148438 -0.034271240234375 -0.122200012207031 0.0329666137695313
0.0159149169921875 0.0526161193847656 0.117462158203125 -0.030731201171875
0.0512313842773438 0.00794219970703125 0.0472679138183594 -0.0191459655761719
0.0235996246337891 -0.0284442901611328 0.0242252349853516 0.0227718353271484
-0.00364494323730469 -0.0318031311035156 0.0641517639160156 0.0298500061035156
-0.019439697265625 -0.0214557647705078 0.089752197265625 -0.00521087646484375
-0.0335330963134766 -0.00708198547363282 0.087158203125 -0.048370361328125
-0.0249557495117188 -0.00570487976074218 0.0690383911132813 -0.072845458984375
-0.0199947357177734 -0.00962066650390625 0.0538558959960938 -0.0641593933105469
-0.02618408203125 -0.0184440612792969 0.0485458374023438 -0.0456314086914063
-0.00615692138671875 -0.0328807830810547 0.0428543090820313 -0.0239486694335938
0.024688720703125 -0.0312881469726563 0.0176734924316406 -0.0133953094482422
0.0415496826171875 -0.00611495971679688 0.00869369506835937 -0.0298175811767578
0.0391159057617188 0.0390434265136719 0.0309867858886719 -0.0682907104492188
0.0181655883789063 0.0694847106933594 0.076080322265625 -0.0849609375
-0.011932373046875 0.0736770629882813 0.0906448364257813 -0.0536270141601563
-0.0319938659667969 0.069000244140625 0.117950439453125 -0.00469207763671875
0.0187301635742187 0.0445823669433594 0.051971435546875 0.00162506103515625
0.0156412124633789 0.0103759765625 0.0301399230957031 0.0344104766845703
0.014495849609375 0.000764846801757812 0.0728759765625 0.0399017333984375
0.0101051330566406 -0.00652599334716797 0.096771240234375 0.00060272216796875
0.0022268295288086 -0.0138053894042969 0.0944061279296875 -0.0473098754882813
0.00602531433105468 -0.0235157012939453 0.0751495361328125 -0.0701751708984375
0.00980758666992188 -0.0243206024169922 0.0570449829101563 -0.0603904724121094
0.00926399230957031 -0.0322589874267578 0.0506629943847656 -0.0396575927734375
0.0307750701904297 -0.0321884155273438 0.0440177917480469 -0.0168266296386719
0.0530166625976563 -0.0104789733886719 0.0149288177490234 -0.00533676147460938
0.0553741455078125 0.0253105163574219 0.0028076171875 -0.02008056640625
0.02178955078125 0.0714797973632812 0.0172119140625 -0.0590133666992188
-0.0192108154296875 0.0952987670898438 0.0599784851074219 -0.0683631896972656
-0.0545806884765625 0.0899124145507813 0.074066162109375 -0.0300064086914062
-0.0803604125976563 0.0744857788085938 0.10125732421875 0.0269775390625
-0.02349853515625 0.0760726928710938 0.0438117980957031 0.0302848815917969
0.000541687011718745 0.0529975891113281 0.0315513610839844 0.0503082275390625
0.0296287536621094 0.0400466918945313 0.0747146606445313 0.0516128540039063
0.0409698486328125 0.0145187377929688 0.0943679809570313 0.009307861328125
0.0404052734375 -0.0167922973632812 0.0924606323242188 -0.0399246215820313
0.0372734069824219 -0.0371513366699219 0.07196044921875 -0.057891845703125
0.0387649536132812 -0.0344734191894531 0.0512123107910156 -0.0469932556152344
0.041748046875 -0.0426177978515625 0.0433387756347656 -0.0261306762695313
0.0619697570800781 -0.0309524536132813 0.0354957580566406 -0.00638198852539063
0.074371337890625 0.0059814453125 0.00568771362304688 0.00224113464355469
0.06597900390625 0.0475311279296875 -0.00551509857177734 -0.0118465423583984
0.0107269287109375 0.0927352905273438 0.004669189453125 -0.0482330322265625
-0.0460662841796875 0.110397338867187 0.0423622131347656 -0.0454521179199219
-0.0869293212890625 0.09521484375 0.0464973449707031 -0.00380325317382812
-0.116676330566406 0.0657958984375 0.066436767578125 0.057861328125
-0.0656051635742187 0.092071533203125 0.0227737426757813 0.0618019104003906
-0.0212249755859375 0.0873641967773438 0.025482177734375 0.06756591796875
0.0361862182617188 0.076904296875 0.0667304992675781 0.0622444152832031
0.0639610290527344 0.0368728637695313 0.0808563232421875 0.0190200805664063
0.0731353759765625 -0.0146255493164062 0.0780487060546875 -0.0266876220703125
0.0640602111816406 -0.0443496704101562 0.0585479736328125 -0.0367279052734375
0.0617408752441406 -0.0401763916015625 0.0373039245605469 -0.0256004333496094
0.0679817199707031 -0.0469093322753906 0.0283775329589844 -0.00722503662109375
0.0833892822265625 -0.0282135009765625 0.0187568664550781 0.00549888610839844
0.0873184204101563 0.0186843872070313 -0.00683212280273437 0.00886631011962891
0.0703887939453125 0.0621490478515625 -0.0131359100341797 -0.00596332550048828
0.000534057617187501 0.102226257324219 -0.00326919555664062 -0.0363426208496094
-0.0644378662109375 0.11175537109375 0.0274219512939453 -0.0185680389404297
-0.106948852539062 0.0887832641601563 0.0130500793457031 0.0209865570068359
-0.13165283203125 0.0422897338867188 0.019287109375 0.08221435546875
-0.0970993041992188 0.0853500366210938 -0.00992584228515625 0.0888442993164062
-0.0456771850585937 0.100593566894531 0.0107879638671875 0.0816497802734375
0.0279922485351563 0.101036071777344 0.0489425659179688 0.0686225891113281
0.0717620849609375 0.05743408203125 0.0569496154785156 0.0259857177734375
0.0930557250976563 -0.005645751953125 0.0534858703613281 -0.0104827880859375
0.0805892944335938 -0.0432662963867187 0.0348472595214844 -0.0113582611083984
0.0748443603515625 -0.0393218994140625 0.0173358917236328 0.000125885009765623
0.0823516845703125 -0.0456695556640625 0.0074615478515625 0.0137605667114258
0.0945968627929688 -0.0227508544921875 -0.00298309326171874 0.0179710388183594
0.0910263061523438 0.0279617309570313 -0.0225696563720703 0.0137081146240234
0.0670318603515625 0.07061767578125 -0.0211143493652344 -0.00422477722167968
-0.011199951171875 0.101982116699219 -0.00585746765136719 -0.0266151428222656
-0.0782546997070313 0.10052490234375 0.0151128768920898 0.00692558288574219
-0.116897583007813 0.06976318359375 -0.02288818359375 0.0410728454589844
-0.120567321777344 0.010284423828125 -0.0282363891601563 0.094970703125
-0.106170654296875 0.0565261840820313 -0.0440292358398438 0.10430908203125
-0.0631332397460938 0.086273193359375 -0.00561523437500001 0.0866851806640625
0.00917053222656249 0.102256774902344 0.0260391235351563 0.0660438537597656
0.0615310668945313 0.0668716430664063 0.0281143188476563 0.0277824401855469
0.0945968627929687 0.00582122802734375 0.0224399566650391 0.00432014465332031
0.083526611328125 -0.0342636108398438 0.00751876831054688 0.0130319595336914
0.0760955810546875 -0.0322647094726562 -0.00515174865722656 0.0250129699707031
0.0849685668945313 -0.03778076171875 -0.0153656005859375 0.0338249206542969
0.0941085815429688 -0.0154342651367188 -0.0270404815673828 0.0286922454833984
0.0851287841796875 0.0337677001953125 -0.0395355224609375 0.0155105590820313
0.0572357177734375 0.0728530883789063 -0.0296630859375 -0.00582504272460936
-0.0233230590820312 0.0938034057617187 -0.00838661193847656 -0.0200920104980469
-0.0868759155273437 0.07904052734375 0.00104331970214843 0.0257854461669922
-0.116264343261719 0.0405502319335937 -0.0581512451171875 0.0515289306640625
-0.0858917236328125 -0.0242385864257813 -0.0674209594726562 0.0940170288085938
-0.089447021484375 0.0153045654296875 -0.0697479248046875 0.105690002441406
-0.0654296875 0.0494575500488281 -0.0172882080078125 0.0836257934570313
-0.0129547119140625 0.0798797607421875 0.00676727294921875 0.0564193725585938
0.0382041931152344 0.0622673034667969 0.00296211242675782 0.0231075286865234
0.076263427734375 0.017181396484375 -0.00774002075195312 0.0147733688354492
0.0729141235351563 -0.019256591796875 -0.0191917419433594 0.0335712432861328
0.0660133361816406 -0.0204391479492188 -0.0265159606933594 0.0458335876464844
0.0744552612304688 -0.0254974365234375 -0.0375862121582031 0.0510978698730469
0.0816268920898438 -0.00679779052734375 -0.0502815246582031 0.0369529724121094
0.0710525512695313 0.0351333618164063 -0.0578575134277344 0.0156135559082031
0.0428543090820312 0.0679473876953125 -0.0402030944824219 -0.00990676879882812
-0.032562255859375 0.0783233642578125 -0.0126075744628906 -0.018463134765625
-0.0877151489257813 0.05047607421875 -0.0155181884765625 0.0357704162597656
-0.104072570800781 0.00685882568359373 -0.0923614501953125 0.0513687133789062
-0.0377311706542969 -0.0548477172851563 -0.0867843627929687 0.0823974609375
-0.0558891296386719 -0.028076171875 -0.079864501953125 0.0970840454101563
-0.0537948608398438 0.00366592407226563 -0.0205535888671875 0.0751266479492188
-0.0310478210449219 0.0416603088378906 -0.00503921508789063 0.0431137084960938
0.00767898559570313 0.046112060546875 -0.0139989852905273 0.0164852142333984
0.045257568359375 0.0248374938964844 -0.0301322937011719 0.02056884765625
0.050384521484375 -0.00107574462890625 -0.0405654907226563 0.046356201171875
0.0456962585449219 -0.00597381591796875 -0.0439605712890625 0.0599708557128906
0.0542068481445312 -0.0105209350585937 -0.0561294555664063 0.0631256103515625
0.0588798522949219 0.00120925903320313 -0.0717926025390625 0.0424423217773437
0.0498199462890625 0.0308876037597656 -0.0736007690429688 0.013946533203125
0.027069091796875 0.0548477172851562 -0.0509071350097656 -0.0149078369140625
-0.0352058410644531 0.0557518005371094 -0.0199623107910156 -0.0201854705810547
-0.076934814453125 0.01922607421875 -0.0345382690429688 0.0357170104980469
-0.0788726806640625 -0.0263671875 -0.11865234375 0.0395278930664062
0.0171775817871094 0.0510673522949219 0.116851806640625 -0.0343475341796875
0.0496139526367188 0.00542449951171875 0.0450172424316406 -0.02081298828125
0.0216445922851563 -0.0282936096191406 0.0238151550292969 0.0233898162841797
-0.00521659851074219 -0.0307807922363281 0.06536865234375 0.0290336608886719
-0.0204105377197266 -0.0200843811035156 0.0910491943359375 -0.008209228515625
-0.0326595306396484 -0.00419425964355469 0.087615966796875 -0.0523605346679688
-0.0239772796630859 -0.00444793701171875 0.06640625 -0.0770263671875
-0.0199241638183594 -0.00881195068359375 0.0507736206054687 -0.0678863525390625
-0.0256786346435547 -0.0156421661376953 0.0463600158691406 -0.0495491027832031
-0.00754547119140625 -0.0313968658447266 0.0424270629882813 -0.0287132263183594
0.022247314453125 -0.0322132110595703 0.01922607421875 -0.0167083740234375
0.0406684875488281 -0.0079193115234375 0.0109062194824219 -0.0312576293945313
0.0403480529785156 0.0363006591796875 0.0313682556152344 -0.0681724548339844
0.0212326049804688 0.0668258666992188 0.0743179321289063 -0.0876541137695313
-0.00835418701171874 0.0728607177734375 0.0917892456054688 -0.0589141845703125
-0.0307083129882813 0.0706024169921875 0.118125915527344 -0.00897979736328125
0.0182456970214844 0.0446815490722656 0.0498580932617187 -0.00144195556640625
0.0152921676635742 0.0118379592895508 0.0297393798828125 0.0341701507568359
0.0146055221557617 0.00174427032470703 0.073760986328125 0.0387954711914063
0.0105781555175781 -0.00553989410400391 0.0973587036132813 -0.00267791748046875
0.00223636627197266 -0.0126466751098633 0.0938873291015625 -0.0517807006835938
0.00611114501953125 -0.0238666534423828 0.0723037719726563 -0.0748291015625
0.00997161865234375 -0.0248775482177734 0.0536727905273438 -0.0646781921386719
0.00874900817871093 -0.0323276519775391 0.0483360290527344 -0.0446090698242187
0.029693603515625 -0.0329532623291016 0.0436019897460938 -0.0219345092773438
0.0520973205566406 -0.0122833251953125 0.0162630081176758 -0.00901222229003906
0.0562858581542969 0.0232734680175781 0.0050201416015625 -0.0220165252685547
0.0241470336914062 0.0706253051757813 0.0177116394042969 -0.0592193603515625
-0.0158462524414063 0.0957183837890625 0.0591812133789063 -0.071075439453125
-0.0512161254882813 0.0907058715820313 0.0759735107421875 -0.0357742309570312
-0.0793533325195313 0.0784759521484375 0.101882934570313 0.0225906372070313
-0.022491455078125 0.0781326293945313 0.0433387756347656 0.0271186828613281
0.00141143798828126 0.0554008483886719 0.03118896484375 0.0497970581054688
0.0321884155273438 0.0400428771972656 0.0758895874023438 0.0498046875
0.0425186157226563 0.0132713317871094 0.0946807861328125 0.00640869140625
0.0410881042480469 -0.0180320739746094 0.0909500122070313 -0.0435638427734375
0.0369453430175781 -0.0396270751953125 0.0694503784179688 -0.0620994567871094
0.0385894775390625 -0.0375595092773438 0.0483131408691406 -0.050872802734375
0.0413665771484375 -0.0445899963378906 0.0411758422851562 -0.0301666259765625
0.0614280700683594 -0.0340538024902344 0.0351524353027344 -0.0113716125488281
0.0758514404296875 0.00273895263671875 0.00698232650756836 -0.00151729583740234
0.0688209533691406 0.0455589294433594 -0.00341606140136718 -0.0141153335571289
0.0137786865234375 0.09393310546875 0.00481033325195312 -0.0487174987792969
-0.0421829223632813 0.113365173339844 0.042449951171875 -0.0487213134765625
-0.0837326049804688 0.0981063842773438 0.049102783203125 -0.00909805297851562
-0.116371154785156 0.0712356567382813 0.0682334899902344 0.054656982421875
-0.0637130737304688 0.0961990356445313 0.023284912109375 0.0591239929199219
-0.0188751220703125 0.091461181640625 0.0246658325195312 0.0673866271972656
0.0402755737304688 0.0772857666015625 0.0677986145019531 0.0606536865234375
0.0673332214355469 0.0350303649902344 0.0810775756835938 0.0170135498046875
0.0740966796875 -0.017425537109375 0.076202392578125 -0.0292205810546875
0.0633087158203125 -0.0485572814941406 0.0562248229980469 -0.0401077270507813
0.0614967346191406 -0.0450668334960937 0.0356063842773438 -0.0282821655273438
0.0664558410644531 -0.0515785217285156 0.0265960693359375 -0.0107536315917969
0.0833892822265625 -0.0330352783203125 0.0183048248291016 0.00157737731933594
0.0903549194335938 0.0145645141601563 -0.00646305084228515 0.00606966018676758
0.0744094848632813 0.0600128173828125 -0.0117874145507812 -0.00852584838867187
0.0047760009765625 0.104545593261719 -0.00283432006835937 -0.0374488830566406
-0.0605545043945312 0.116966247558594 0.0284175872802734 -0.0218486785888672
-0.104621887207031 0.0935821533203125 0.0166444778442383 0.0171451568603516
-0.13360595703125 0.049468994140625 0.022064208984375 0.0805435180664063
-0.095184326171875 0.09124755859375 -0.00817108154296875 0.0872955322265625
-0.0430450439453125 0.106124877929688 0.0105361938476563 0.0809402465820313
0.0337448120117187 0.101966857910156 0.0500831604003906 0.0673904418945313
0.0764236450195313 0.0548248291015625 0.0565452575683594 0.0250473022460938
0.0937423706054688 -0.0102767944335938 0.0512580871582031 -0.011749267578125
0.0796432495117188 -0.0482864379882813 0.0345058441162109 -0.0132350921630859
0.0743255615234375 -0.04412841796875 0.0166501998901367 -0.00160694122314453
0.081695556640625 -0.0513229370117187 0.00648307800292969 0.0120334625244141
0.094940185546875 -0.0288162231445312 -0.00316905975341796 0.0158329010009766
0.0944290161132812 0.02349853515625 -0.0228691101074219 0.0119037628173828
0.0718612670898438 0.0684890747070313 -0.0205364227294922 -0.00607872009277344
-0.00665283203125001 0.10528564453125 -0.00603675842285156 -0.0279464721679687
-0.0746078491210938 0.107032775878906 0.0161771774291992 0.00449943542480469
-0.115264892578125 0.07525634765625 -0.0198440551757813 0.038665771484375
-0.122489929199219 0.016510009765625 -0.0262603759765625 0.09521484375
-0.105110168457031 0.0632171630859375 -0.0416107177734375 0.103507995605469
-0.0611419677734375 0.0917434692382813 -0.00522613525390626 0.0863189697265625
0.0146102905273438 0.103775024414062 0.0265121459960937 0.0657196044921875
0.0665054321289063 0.0645942687988281 0.0276546478271484 0.0282020568847656
0.09539794921875 0.00112152099609375 0.0208511352539063 0.00444602966308594
0.0827713012695313 -0.039398193359375 0.00815010070800782 0.0133237838745117
0.0756454467773438 -0.0373992919921875 -0.00503730773925781 0.0244007110595703
0.0841217041015625 -0.0444869995117188 -0.0155048370361328 0.0336818695068359
0.0939483642578125 -0.021697998046875 -0.0271453857421875 0.0281028747558594
0.088897705078125 0.0295562744140625 -0.0406608581542969 0.0150222778320312
0.0625457763671875 0.0712738037109375 -0.0299835205078125 -0.00705909729003905
-0.0192642211914063 0.0970306396484375 -0.00887489318847657 -0.0216655731201172
-0.0840911865234375 0.0855789184570313 0.00269508361816406 0.0242080688476563
-0.114997863769531 0.0474700927734375 -0.0559768676757813 0.0514907836914062
-0.0887680053710938 -0.0189056396484375 -0.0648422241210938 0.0965652465820312
-0.08990478515625 0.0204544067382813 -0.0678787231445312 0.107406616210938
-0.06500244140625 0.0549125671386719 -0.0174789428710937 0.0830001831054687
-0.00796508789062499 0.0818939208984375 0.00617218017578125 0.0564842224121094
0.0421257019042969 0.0606765747070313 0.00153541564941406 0.0249176025390625
0.0777435302734375 0.0128555297851563 -0.00864410400390625 0.0167598724365234
0.072174072265625 -0.0243148803710938 -0.0177955627441406 0.0347537994384766
0.0654144287109375 -0.0254325866699219 -0.0250244140625 0.0472602844238281
0.0740966796875 -0.0309295654296875 -0.0370063781738281 0.0530052185058594
0.0814971923828125 -0.01239013671875 -0.0506515502929687 0.0385398864746094
0.0741958618164063 0.0314712524414063 -0.0587348937988281 0.0163383483886719
0.0478248596191406 0.0662345886230469 -0.0409049987792969 -0.0102882385253906
-0.0293426513671875 0.0806503295898438 -0.0126628875732422 -0.0197105407714844
-0.0856170654296875 0.0572052001953125 -0.0135650634765625 0.0352630615234375
-0.103645324707031 0.0132675170898437 -0.089996337890625 0.0528945922851562
-0.0413665771484375 -0.0522956848144531 -0.0855026245117188 0.086334228515625
-0.0575370788574219 -0.0240669250488281 -0.0778427124023438 0.0993118286132812
-0.0545082092285156 0.00740051269531251 -0.0206146240234375 0.0747451782226563
-0.0274810791015625 0.0445709228515625 -0.00600433349609375 0.043914794921875
0.011383056640625 0.0450630187988281 -0.0151519775390625 0.0186710357666016
0.0469436645507813 0.0208702087402344 -0.0305271148681641 0.0237808227539062
0.0498085021972656 -0.00487518310546875 -0.0378913879394531 0.0492362976074219
0.0456199645996094 -0.00901031494140625 -0.0407867431640625 0.06268310546875
0.0535316467285156 -0.0146980285644531 -0.0544586181640625 0.0655326843261719
0.0588798522949219 -0.00323104858398437 -0.0713348388671875 0.0451583862304687
0.0518302917480469 0.0278205871582031 -0.0749893188476563 0.0157928466796875
0.0302009582519531 0.0531425476074219 -0.0516471862792969 -0.01483154296875
-0.03253173828125 0.0573539733886719 -0.0201091766357422 -0.0207443237304687
-0.0753631591796875 0.024017333984375 -0.0316963195800781 0.036285400390625
-0.078765869140625 -0.0213623046875 -0.117462158203125 0.042633056640625
0.0187149047851563 0.0516510009765625 0.119857788085938 -0.0376739501953125
0.049285888671875 0.0043487548828125 0.0445098876953125 -0.0219497680664062
0.0211315155029297 -0.02899169921875 0.0240821838378906 0.0245342254638672
-0.00671005249023437 -0.0306510925292969 0.06829833984375 0.029632568359375
-0.0215091705322266 -0.0193061828613281 0.0944747924804688 -0.0106277465820313
-0.0327835083007812 -0.00249862670898438 0.0904464721679687 -0.057769775390625
-0.0243358612060547 -0.0030975341796875 0.0661849975585937 -0.082244873046875
-0.0199146270751953 -0.00858116149902344 0.0496749877929688 -0.0728683471679688
-0.0261383056640625 -0.0145912170410156 0.0454750061035156 -0.0544967651367188
-0.00907516479492187 -0.0307502746582031 0.0433197021484375 -0.0338668823242188
0.021026611328125 -0.0328273773193359 0.0215911865234375 -0.0203647613525391
0.0408706665039063 -0.00940704345703125 0.0131778717041016 -0.0334320068359375
0.0422134399414063 0.03533935546875 0.0330047607421875 -0.0701065063476563
0.0233612060546875 0.0664749145507813 0.0764923095703125 -0.0920562744140625
-0.00660705566406249 0.073089599609375 0.095672607421875 -0.0655441284179688
-0.0309600830078125 0.0736618041992188 0.121429443359375 -0.011627197265625
0.0185356140136719 0.0455856323242188 0.0492820739746094 -0.00301742553710937
0.0151777267456055 0.0138835906982422 0.0301704406738281 0.0356674194335938
0.0151548385620117 0.00252437591552734 0.0766830444335938 0.0388031005859375
0.0112123489379883 -0.00584030151367187 0.101043701171875 -0.00441741943359375
0.00387954711914063 -0.012516975402832 0.096710205078125 -0.0562591552734375
0.00672149658203125 -0.0246162414550781 0.0720367431640625 -0.0805587768554688
0.0103054046630859 -0.0265960693359375 0.052581787109375 -0.0697097778320313
0.00920486450195312 -0.0331516265869141 0.047332763671875 -0.0488662719726563
0.0300254821777344 -0.034393310546875 0.0446128845214844 -0.0271148681640625
0.0530586242675781 -0.0140800476074219 0.0181751251220703 -0.0128192901611328
0.0579910278320313 0.0228767395019531 0.00755882263183594 -0.0245628356933594
0.0266342163085937 0.0724334716796875 0.0194969177246094 -0.0615806579589844
-0.0136947631835938 0.0985336303710938 0.0608139038085938 -0.075592041015625
-0.050933837890625 0.0938949584960938 0.0801544189453125 -0.0411529541015625
-0.0814285278320313 0.08392333984375 0.105308532714844 0.0204925537109375
-0.0225067138671875 0.0820541381835938 0.0429649353027344 0.0260581970214844
0.00241851806640625 0.0600624084472656 0.031158447265625 0.0515708923339844
0.0351142883300781 0.041473388671875 0.078643798828125 0.0504302978515625
0.0455436706542969 0.0131492614746094 0.0976638793945313 0.00472259521484375
0.0429496765136719 -0.0196418762207031 0.0927658081054688 -0.04736328125
0.0380439758300781 -0.0427627563476563 0.0693321228027344 -0.0672492980957031
0.0394210815429688 -0.0412254333496094 0.0474166870117187 -0.0549392700195312
0.0424003601074219 -0.0480003356933594 0.0399589538574219 -0.0346298217773438
0.0627632141113281 -0.0373458862304687 0.0348949432373047 -0.0163040161132813
0.078765869140625 0.0006866455078125 0.00801372528076172 -0.00450706481933594
0.0725860595703125 0.0455856323242188 -0.00193214416503906 -0.0166969299316406
0.0164642333984375 0.0974273681640625 0.0063629150390625 -0.0511932373046875
-0.0409469604492188 0.119056701660156 0.0435028076171875 -0.0523414611816406
-0.0844879150390625 0.103897094726563 0.0528755187988281 -0.0139007568359375
-0.120063781738281 0.0782470703125 0.0710296630859375 0.0543365478515625
-0.0644683837890625 0.102371215820312 0.0233268737792969 0.0585403442382813
-0.0175628662109375 0.0979080200195312 0.0244941711425781 0.0687789916992187
0.044769287109375 0.07989501953125 0.0699539184570313 0.0617866516113281
0.0724945068359375 0.0345840454101563 0.0829315185546875 0.0162734985351563
0.0768051147460938 -0.0198593139648437 0.0771865844726563 -0.0315017700195313
0.0644111633300781 -0.053009033203125 0.0563507080078125 -0.0440483093261719
0.0627212524414063 -0.0496253967285156 0.0347537994384766 -0.0315647125244141
0.068115234375 -0.0565567016601563 0.0251274108886719 -0.0135841369628906
0.0859298706054688 -0.0381240844726563 0.0179042816162109 -0.00165557861328125
0.094635009765625 0.0114822387695312 -0.00642585754394531 0.00318717956542969
0.0799942016601563 0.059906005859375 -0.0116567611694336 -0.0108404159545898
0.00804138183593751 0.110038757324219 -0.00251007080078125 -0.0395851135253906
-0.0591354370117187 0.124374389648438 0.0293998718261719 -0.0252742767333984
-0.106346130371094 0.100151062011719 0.0190486907958984 0.0135498046875
-0.137420654296875 0.056884765625 0.0237045288085937 0.0821762084960938
-0.09619140625 0.0985488891601563 -0.00808715820312501 0.0876846313476562
-0.0423660278320313 0.113639831542969 0.01019287109375 0.0827865600585938
0.0390090942382812 0.105766296386719 0.0509300231933594 0.06884765625
0.082305908203125 0.0545425415039063 0.0579986572265625 0.0261306762695313
0.097625732421875 -0.0135269165039063 0.0513725280761719 -0.0127792358398438
0.0808944702148437 -0.053558349609375 0.034749984741211 -0.0152397155761719
0.07598876953125 -0.0505142211914063 0.0166454315185547 -0.00302886962890625
0.0829315185546875 -0.0571670532226563 0.00553607940673829 0.0107851028442383
0.0975341796875 -0.034912109375 -0.00380706787109374 0.0138130187988281
0.100112915039063 0.0204849243164063 -0.0239810943603516 0.00984001159667968
0.078033447265625 0.0687332153320313 -0.0210552215576172 -0.00797462463378906
-0.00385284423828125 0.110969543457031 -0.00615692138671875 -0.0297908782958984
-0.0738372802734375 0.115180969238281 0.0175695419311523 0.00223445892333985
-0.117584228515625 0.0826568603515625 -0.0182304382324219 0.0375747680664063
-0.127899169921875 0.0230560302734375 -0.025634765625 0.0985870361328125
-0.107536315917969 0.0694732666015625 -0.0419387817382813 0.105995178222656
-0.0614852905273438 0.0994415283203125 -0.00608825683593751 0.0882110595703125
0.0197677612304688 0.108161926269531 0.02716064453125 0.0676345825195313
0.0726394653320313 0.064666748046875 0.0277690887451172 0.0299720764160156
0.09906005859375 -0.00258636474609375 0.0201644897460938 0.00581932067871094
0.0845489501953125 -0.0449371337890625 0.00831890106201172 0.0135612487792969
0.076873779296875 -0.0431289672851563 -0.00420761108398437 0.0253086090087891
0.085723876953125 -0.0501708984375 -0.0164165496826172 0.0346794128417969
0.0971832275390625 -0.0276641845703125 -0.0287113189697266 0.0290412902832031
0.0941925048828125 0.026397705078125 -0.042388916015625 0.0146255493164063
0.0679244995117188 0.0713272094726563 -0.0310783386230469 -0.00830078125
-0.0169601440429688 0.103042602539062 -0.00921058654785156 -0.023590087890625
-0.0840072631835938 0.0935211181640625 0.00428962707519531 0.0229568481445313
-0.117790222167969 0.0536651611328125 -0.0554618835449219 0.0519256591796875
-0.093475341796875 -0.015472412109375 -0.06622314453125 0.100685119628906
-0.092742919921875 0.0255584716796875 -0.0679397583007813 0.10980224609375
-0.0657577514648438 0.0607795715332031 -0.018585205078125 0.0848922729492187
-0.00466918945312499 0.0858001708984375 0.00576019287109375 0.0583457946777344
0.0472679138183594 0.0606498718261719 0.000837326049804688 0.0277462005615234
0.080474853515625 0.00917816162109375 -0.00940322875976562 0.0195407867431641
0.0736541748046875 -0.0284805297851563 -0.0166168212890625 0.0374183654785156
0.0667381286621094 -0.0296096801757813 -0.0242576599121094 0.0495986938476563
0.0755691528320313 -0.0362319946289063 -0.0372505187988281 0.0554733276367188
0.0842208862304687 -0.0171966552734375 -0.0520744323730469 0.0403785705566406
0.0789413452148438 0.02911376953125 -0.0615768432617187 0.017547607421875
0.0523567199707031 0.0667076110839844 -0.0428085327148438 -0.0115623474121094
-0.0273971557617187 0.0858688354492188 -0.013641357421875 -0.0215167999267578
-0.0861434936523438 0.0636138916015625 -0.0123653411865234 0.0349502563476563
-0.105812072753906 0.0185012817382812 -0.0914306640625 0.0548248291015625
-0.0444145202636719 -0.0513763427734375 -0.087799072265625 0.0916976928710938
-0.0606117248535156 -0.0217819213867187 -0.0790176391601563 0.103279113769531
-0.0562057495117188 0.0111923217773437 -0.0214767456054688 0.0765304565429687
-0.0258598327636719 0.0471229553222656 -0.00710678100585938 0.0464210510253906
0.0145912170410156 0.0457878112792969 -0.0166664123535156 0.0218849182128906
0.0487442016601563 0.0186080932617188 -0.0311927795410156 0.0278587341308594
0.0511436462402344 -0.00817489624023438 -0.0368232727050781 0.0527229309082031
0.0465621948242188 -0.0125312805175781 -0.0404777526855469 0.0666084289550781
0.0543212890625 -0.0179824829101563 -0.055023193359375 0.0696678161621094
0.0607719421386719 -0.00666427612304687 -0.0734329223632812 0.0482940673828125
0.0552520751953125 0.0262680053710938 -0.0781631469726562 0.01763916015625
0.0334701538085938 0.0528068542480469 -0.0540924072265625 -0.0155563354492187
-0.0316734313964844 0.0600738525390625 -0.0210437774658203 -0.0225238800048828
-0.0764083862304687 0.0285720825195312 -0.0305404663085938 0.0367813110351563
-0.0803985595703125 -0.0185699462890625 -0.120658874511719 0.0457229614257812
0.021087646484375 0.0524520874023437 0.125938415527344 -0.0429534912109375
0.0511932373046875 0.00313186645507813 0.0444412231445313 -0.0245208740234375
0.0212059020996094 -0.0303230285644531 0.0253467559814453 0.0261497497558594
-0.00811004638671875 -0.0315532684326172 0.0732879638671875 0.029449462890625
-0.0242404937744141 -0.0189247131347656 0.0999832153320313 -0.015350341796875
-0.0338039398193359 -9.1552734375001E-05 0.09375 -0.0665435791015625
-0.0253124237060547 -0.00213623046875 0.0665664672851563 -0.090850830078125
-0.0212326049804688 -0.00778770446777343 0.0485458374023437 -0.0802764892578125
-0.0271415710449219 -0.0136566162109375 0.0456199645996094 -0.0612869262695313
-0.0105781555175781 -0.0309772491455078 0.0440444946289063 -0.0409393310546875
0.0188999176025391 -0.0349330902099609 0.0235862731933594 -0.0247020721435547
0.0418815612792969 -0.0115699768066406 0.0154228210449219 -0.0371665954589844
0.0460052490234375 0.0345268249511719 0.0346755981445313 -0.0748443603515625
0.027008056640625 0.0679206848144531 0.0784683227539063 -0.100273132324219
-0.00399017333984376 0.0763702392578125 0.101036071777344 -0.0750045776367188
-0.0313339233398438 0.079345703125 0.128326416015625 -0.0163955688476562
0.0202751159667969 0.0486602783203125 0.0502662658691406 -0.00510406494140625
0.01654052734375 0.0161066055297852 0.0313453674316406 0.0375747680664063
0.0170125961303711 0.00294399261474609 0.0820236206054688 0.0394439697265625
0.0124368667602539 -0.00582790374755859 0.106369018554687 -0.0087738037109375
0.0049896240234375 -0.0130395889282227 0.100173950195313 -0.0641860961914063
0.00658607482910156 -0.0266742706298828 0.0721664428710938 -0.0889205932617188
0.0102558135986328 -0.0292739868164062 0.0503616333007813 -0.0770645141601563
0.0096435546875 -0.03533935546875 0.0463752746582031 -0.0557594299316406
0.0305900573730469 -0.0371131896972656 0.0449409484863281 -0.034088134765625
0.0552787780761719 -0.0168914794921875 0.0199394226074219 -0.0173301696777344
0.0623893737792969 0.0221786499023438 0.00906753540039063 -0.0279998779296875
0.030792236328125 0.0756378173828125 0.020233154296875 -0.0659065246582031
-0.011016845703125 0.104461669921875 0.062896728515625 -0.082916259765625
-0.05072021484375 0.100799560546875 0.08538818359375 -0.0497207641601562
-0.0839614868164063 0.0930252075195312 0.112014770507813 0.0176010131835938
-0.0212860107421875 0.0886001586914063 0.0442161560058594 0.0244331359863281
0.0049591064453125 0.0657615661621094 0.0327796936035156 0.0539665222167969
0.0394821166992188 0.044036865234375 0.0838394165039063 0.0512008666992188
0.0499000549316406 0.0120773315429688 0.103240966796875 0.001953125
0.045440673828125 -0.0226211547851563 0.0957183837890625 -0.0532608032226562
0.0386695861816406 -0.0471992492675781 0.0691299438476563 -0.0746307373046875
0.0402946472167969 -0.046722412109375 0.0462226867675781 -0.061553955078125
0.0433883666992188 -0.053436279296875 0.0386886596679688 -0.0400886535644531
0.0652885437011719 -0.0424575805664063 0.035430908203125 -0.0218849182128906
0.0841827392578125 -0.002960205078125 0.00876903533935548 -0.00854110717773438
0.0796051025390625 0.0457611083984375 -0.00101089477539062 -0.0203304290771484
0.0217361450195313 0.103736877441406 0.00662994384765625 -0.0547523498535156
-0.0383224487304688 0.128654479980469 0.0449905395507813 -0.0583229064941406
-0.0857162475585937 0.112953186035156 0.0575218200683594 -0.0200271606445312
-0.125381469726562 0.0899810791015625 0.076904296875 0.0544586181640625
-0.0648345947265625 0.11273193359375 0.0249977111816406 0.0595054626464844
-0.0147933959960938 0.107505798339844 0.026031494140625 0.0720748901367188
0.0521926879882813 0.0838699340820312 0.074859619140625 0.0632553100585938
0.07965087890625 0.033538818359375 0.0879058837890625 0.0151290893554688
0.0814590454101563 -0.024993896484375 0.0797653198242187 -0.0353469848632813
0.066009521484375 -0.0604095458984375 0.0570182800292969 -0.0492820739746094
0.0637321472167969 -0.0574226379394531 0.0342674255371094 -0.0358543395996094
0.0700187683105469 -0.0645217895507813 0.0238590240478516 -0.0169830322265625
0.08929443359375 -0.0452117919921875 0.0180912017822266 -0.00571823120117188
0.102081298828125 0.00710296630859375 -0.00696277618408203 0.000778198242187501
0.088714599609375 0.060394287109375 -0.0115766525268555 -0.0135459899902344
0.0135879516601563 0.118263244628906 -0.00265121459960937 -0.0427284240722656
-0.05682373046875 0.136451721191406 0.0306816101074219 -0.0294952392578125
-0.109237670898437 0.111312866210938 0.0222949981689453 0.0107746124267578
-0.144912719726563 0.0678558349609375 0.0269699096679687 0.0852432250976563
-0.0985641479492187 0.109359741210938 -0.00741577148437501 0.09100341796875
-0.0403671264648438 0.125343322753906 0.0114822387695313 0.0869598388671875
0.0468063354492188 0.111686706542969 0.0545578002929687 0.0714111328125
0.0911331176757813 0.0538482666015625 0.0614395141601563 0.0267066955566406
0.102973937988281 -0.01910400390625 0.0525703430175781 -0.0130805969238281
0.0834503173828125 -0.0621566772460937 0.0356674194335938 -0.0174331665039063
0.0780258178710937 -0.0584640502929688 0.0166959762573242 -0.00462436676025391
0.085479736328125 -0.06610107421875 0.00475597381591797 0.0105524063110352
0.10186767578125 -0.0432968139648438 -0.00491142272949218 0.0125141143798828
0.108329772949219 0.0160446166992188 -0.0256633758544922 0.009613037109375
0.0878448486328125 0.0692672729492188 -0.0224895477294922 -0.0103302001953125
0.00153350830078126 0.120018005371094 -0.00699615478515625 -0.0322303771972656
-0.0728302001953125 0.127548217773438 0.0191822052001953 2.09808349609453E-05
-0.12103271484375 0.0930252075195313 -0.016387939453125 0.0371284484863281
-0.1357421875 0.031494140625 -0.0244369506835937 0.104728698730469
-0.111328125 0.079345703125 -0.0417861938476563 0.111564636230469
-0.0610580444335938 0.110794067382812 -0.00588226318359375 0.0927886962890625
0.026519775390625 0.114601135253906 0.028594970703125 0.0705795288085938
0.0815200805664063 0.0648956298828125 0.0290985107421875 0.0325908660888672
0.104995727539063 -0.008331298828125 0.0210018157958984 0.00779151916503906
0.0872344970703125 -0.0531158447265625 0.00982093811035157 0.0141029357910156
0.079803466796875 -0.0510101318359375 -0.00343132019042968 0.0264549255371094
0.0886688232421875 -0.0590972900390625 -0.0170326232910156 0.0369758605957031
0.101722717285156 -0.035675048828125 -0.0297985076904297 0.0302963256835938
0.102828979492188 0.0227508544921875 -0.0452880859375 0.0160980224609375
0.0770721435546875 0.0719985961914062 -0.0343475341796875 -0.00970649719238281
-0.0127487182617188 0.111671447753906 -0.0107173919677734 -0.0255279541015625
-0.0843658447265625 0.104896545410156 0.00573539733886718 0.0223140716552734
-0.122138977050781 0.0630340576171875 -0.05633544921875 0.0546875
-0.100898742675781 -0.0103073120117188 -0.06756591796875 0.109397888183594
-0.0972442626953125 0.0319900512695313 -0.069488525390625 0.116889953613281
-0.0671463012695312 0.0698127746582031 -0.0179672241210937 0.0896835327148438
0.000442504882812491 0.0916824340820313 0.00580596923828125 0.0618209838867188
0.0542945861816406 0.0619010925292969 0.000875473022460943 0.0313396453857422
0.0862579345703125 0.004791259765625 -0.00985908508300781 0.0234527587890625
0.0763168334960938 -0.0353012084960937 -0.0157814025878906 0.0408477783203125
0.0691032409667969 -0.0361137390136719 -0.0228462219238281 0.0538749694824219
0.0777053833007813 -0.0438613891601562 -0.0376014709472656 0.0607147216796875
0.0882034301757813 -0.024200439453125 -0.0548553466796875 0.0447921752929687
0.0859527587890625 0.0255889892578125 -0.06597900390625 0.0202980041503906
0.0597915649414063 0.0675735473632812 -0.0466804504394531 -0.0117530822753906
-0.02471923828125 0.0932846069335938 -0.0153236389160156 -0.0231399536132812
-0.0870819091796875 0.0727005004882813 -0.0106086730957031 0.0366401672363281
-0.110809326171875 0.024749755859375 -0.09454345703125 0.0596694946289063
-0.0499725341796875 -0.0507392883300781 -0.0914154052734375 0.100845336914063
-0.0649833679199219 -0.0189971923828125 -0.0810470581054688 0.111228942871094
-0.0590896606445313 0.0160713195800781 -0.0217666625976562 0.08074951171875
-0.0239830017089844 0.0517196655273438 -0.00815582275390625 0.04986572265625
0.0190391540527344 0.0468063354492187 -0.018341064453125 0.0266227722167969
0.0527572631835938 0.0163002014160156 -0.03216552734375 0.0333232879638672
0.0530624389648437 -0.0123214721679687 -0.0355262756347656 0.0586509704589844
0.0485038757324219 -0.0165214538574219 -0.0384979248046875 0.072662353515625
0.0559959411621094 -0.0230255126953125 -0.0550155639648438 0.0773391723632813
0.0633049011230469 -0.0112266540527344 -0.076904296875 0.0544815063476563
0.0604515075683594 0.0241775512695313 -0.0832061767578125 0.0216522216796875
0.0385704040527344 0.0537757873535156 -0.0590972900390625 -0.0157203674316406
-0.0306739807128906 0.0656547546386719 -0.0231437683105469 -0.0240535736083984
-0.0781097412109375 0.034027099609375 -0.0294609069824219 0.0392265319824219
-0.08428955078125 -0.015228271484375 -0.125991821289063 0.0515899658203125
0.025665283203125 0.0539169311523438 0.131729125976562 -0.0531845092773438
0.0535163879394531 0.000457763671875 0.0444526672363281 -0.0286140441894531
0.0203857421875 -0.0330963134765625 0.0278606414794922 0.0275726318359375
-0.0105056762695313 -0.0323677062988281 0.07965087890625 0.0281982421875
-0.0268535614013672 -0.0169525146484375 0.104896545410156 -0.0232086181640625
-0.0351390838623047 0.00328826904296875 0.0949249267578125 -0.0784988403320313
-0.0265274047851563 4.57763671875001E-05 0.06365966796875 -0.102119445800781
-0.0225067138671875 -0.00661277770996093 0.04473876953125 -0.0895614624023438
-0.0285129547119141 -0.0115604400634766 0.0424346923828125 -0.0699195861816406
-0.0132770538330078 -0.0312900543212891 0.0432052612304687 -0.0492172241210938
0.016754150390625 -0.0374259948730469 0.024505615234375 -0.0304031372070313
0.042877197265625 -0.0153083801269531 0.0164794921875 -0.0416793823242188
0.0510292053222656 0.0330467224121094 0.0340652465820312 -0.0813980102539063
0.032806396484375 0.0696601867675781 0.0779571533203125 -0.11151123046875
0.000740051269531249 0.080291748046875 0.104850769042969 -0.088531494140625
-0.0289230346679687 0.0865554809570313 0.135162353515625 -0.025054931640625
0.023468017578125 0.0515670776367188 0.0511360168457031 -0.008270263671875
0.0193004608154297 0.0174713134765625 0.0345611572265625 0.0390205383300781
0.0191268920898437 0.00252342224121094 0.0893325805664062 0.0374908447265625
0.0135278701782227 -0.00652694702148438 0.112037658691406 -0.0164031982421875
0.00521183013916016 -0.0134315490722656 0.101219177246094 -0.0756149291992187
0.00511360168457031 -0.0292987823486328 0.0692825317382813 -0.100692749023438
0.00881195068359375 -0.0322704315185547 0.0469207763671875 -0.0861358642578125
0.00807952880859375 -0.0387153625488281 0.0434837341308594 -0.0640106201171875
0.0301551818847656 -0.0411033630371094 0.0444297790527344 -0.0428428649902344
0.0570220947265625 -0.0212173461914062 0.0205307006835938 -0.02264404296875
0.0673713684082031 0.0189399719238281 0.00985336303710938 -0.0321693420410156
0.0376968383789062 0.078399658203125 0.0189361572265625 -0.07122802734375
-0.00518035888671875 0.111663818359375 0.0618972778320313 -0.092498779296875
-0.04730224609375 0.109443664550781 0.08978271484375 -0.0614242553710937
-0.0832443237304687 0.105705261230469 0.119651794433594 0.0114822387695313
-0.017303466796875 0.0974807739257813 0.0462837219238281 0.0225982666015625
0.0102081298828125 0.0725173950195313 0.0365829467773438 0.0561408996582031
0.0463180541992187 0.0448379516601562 0.0912399291992188 0.049835205078125
0.0551986694335938 0.00916671752929688 0.109046936035156 -0.00414276123046875
0.0479049682617188 -0.0270423889160156 0.0974655151367188 -0.0632553100585938
0.0378837585449219 -0.0541114807128906 0.0670318603515625 -0.0852432250976563
0.0390968322753906 -0.0535202026367187 0.0429725646972656 -0.0695724487304688
0.0425872802734375 -0.0611419677734375 0.0363922119140625 -0.0468940734863281
0.0663070678710938 -0.0504341125488281 0.0347785949707031 -0.0293617248535156
0.0895462036132813 -0.009552001953125 0.00889301300048829 -0.012873649597168
0.0881271362304688 0.0425033569335937 -0.000707626342773432 -0.0238189697265625
0.0304107666015625 0.110008239746094 0.00487899780273437 -0.0590362548828125
-0.0321426391601562 0.140495300292969 0.0447235107421875 -0.0662269592285156
-0.0842971801757812 0.126235961914063 0.0614776611328125 -0.0283432006835937
-0.127510070800781 0.105926513671875 0.0843353271484375 0.0524444580078125
-0.0609054565429688 0.125663757324219 0.0277519226074219 0.0595932006835938
-0.00769805908203126 0.118316650390625 0.030029296875 0.0752639770507813
0.0626754760742188 0.0859909057617188 0.0821151733398438 0.0632247924804688
0.088043212890625 0.0293502807617188 0.0935134887695313 0.0110015869140625
0.0853271484375 -0.0329360961914063 0.0816726684570313 -0.0418472290039063
0.0655708312988281 -0.0701065063476563 0.0556678771972656 -0.0571060180664063
0.0630912780761719 -0.0671043395996094 0.0322265625 -0.0415725708007813
0.0696258544921875 -0.0753250122070313 0.0225563049316406 -0.0206279754638672
0.0915298461914063 -0.0562362670898438 0.0169639587402344 -0.0101375579833984
0.110275268554688 -0.00055694580078125 -0.00778484344482421 -0.0013427734375
0.0999374389648438 0.0567626953125 -0.0125513076782227 -0.0161895751953125
0.0235137939453125 0.126640319824219 -0.00455856323242187 -0.0462112426757812
-0.0508575439453125 0.150955200195313 0.0309295654296875 -0.0349330902099609
-0.108428955078125 0.126449584960938 0.02618408203125 0.00630187988281251
-0.150177001953125 0.0841522216796875 0.0333023071289062 0.0887298583984375
-0.096923828125 0.125022888183594 -0.0034332275390625 0.09521484375
-0.0335922241210938 0.139350891113281 0.0152359008789062 0.091156005859375
0.0593643188476563 0.115684509277344 0.060760498046875 0.0726470947265625
0.10247802734375 0.0496597290039063 0.066070556640625 0.0253639221191406
0.108894348144531 -0.02886962890625 0.054718017578125 -0.0158653259277344
0.0836868286132813 -0.0738906860351563 0.0360031127929688 -0.0212478637695313
0.0777664184570313 -0.0705795288085938 0.0162668228149414 -0.00715732574462891
0.0852890014648438 -0.0789794921875 0.00368213653564454 0.0100393295288086
0.104766845703125 -0.0550918579101562 -0.00555896759033202 0.0119609832763672
0.117591857910156 0.0072479248046875 -0.0274887084960937 0.00995445251464844
0.0995254516601563 0.066619873046875 -0.0246677398681641 -0.0109958648681641
0.0113754272460938 0.129409790039063 -0.00939178466796875 -0.0350189208984375
-0.06756591796875 0.142868041992188 0.0204296112060547 -0.00336837768554687
-0.122627258300781 0.108840942382813 -0.0139961242675781 0.0374717712402344
-0.142837524414063 0.04541015625 -0.0207061767578125 0.1134033203125
-0.112327575683594 0.0937576293945312 -0.0386886596679688 0.119361877441406
-0.0565719604492188 0.125434875488281 -0.00225067138671875 0.0979690551757813
0.0380325317382813 0.120758056640625 0.033050537109375 0.0733108520507813
0.0927352905273438 0.0620498657226563 0.0322074890136719 0.0346431732177734
0.111251831054688 -0.0174026489257813 0.0221939086914063 0.009613037109375
0.087890625 -0.0645217895507812 0.0117616653442383 0.0141992568969727
0.0798721313476563 -0.0626754760742188 -0.00204658508300781 0.0276870727539063
0.0885009765625 -0.0715255737304688 -0.0166397094726562 0.0405845642089844
0.105148315429688 -0.0470657348632813 -0.0307636260986328 0.0330467224121094
0.111862182617188 0.014984130859375 -0.0484848022460937 0.0193634033203125
0.0886001586914063 0.0699539184570313 -0.0374717712402344 -0.00928497314453124
-0.00409698486328126 0.121086120605469 -0.0127696990966797 -0.0278263092041016
-0.0810470581054688 0.119552612304687 0.00806045532226562 0.0216827392578125
-0.124931335449219 0.076995849609375 -0.0551986694335938 0.0593681335449219
-0.108627319335937 -0.00163269042968748 -0.0663909912109375 0.120834350585938
-0.101333618164063 0.0428085327148438 -0.067138671875 0.127632141113281
-0.0665206909179688 0.081573486328125 -0.0156707763671875 0.0948867797851563
0.00890350341796875 0.0980072021484375 0.00817871093750001 0.0656356811523438
0.0636672973632813 0.0609283447265625 0.00183486938476563 0.03564453125
0.0920639038085938 -0.00223541259765625 -0.00881195068359375 0.0286636352539063
0.0775604248046875 -0.0443649291992188 -0.0128746032714844 0.0446319580078125
0.0700759887695313 -0.0455513000488281 -0.0200080871582031 0.0582695007324219
0.0786285400390625 -0.0540237426757813 -0.0366172790527344 0.06744384765625
0.0913619995117188 -0.0340728759765625 -0.0560150146484375 0.0511398315429688
0.0941162109375 0.0196685791015625 -0.0694923400878906 0.0254631042480469
0.0694847106933594 0.0664710998535156 -0.0510482788085937 -0.0101203918457031
-0.018890380859375 0.101898193359375 -0.0175380706787109 -0.0243072509765625
-0.0867080688476563 0.0848922729492188 -0.00784301757812501 0.0382614135742188
-0.114501953125 0.03509521484375 -0.0963058471679688 0.0682296752929688
-0.0565109252929688 -0.0485343933105469 -0.0925750732421875 0.114532470703125
-0.0704345703125 -0.01434326171875 -0.0797805786132812 0.122421264648438
-0.0615005493164063 0.0233383178710938 -0.0197906494140625 0.0864486694335938
-0.0202217102050781 0.0572967529296875 -0.00746917724609375 0.053924560546875
0.0249099731445313 0.0471878051757813 -0.0182418823242188 0.031463623046875
0.0568656921386719 0.01214599609375 -0.0313606262207031 0.0402565002441406
0.0543251037597656 -0.0182723999023438 -0.0321769714355469 0.0652885437011719
0.0495414733886719 -0.0224761962890625 -0.0347137451171875 0.0795974731445312
0.05755615234375 -0.0295257568359375 -0.0532379150390625 0.0862655639648437
0.0659217834472656 -0.017913818359375 -0.0780715942382812 0.0636062622070313
0.0660057067871094 0.0201072692871094 -0.0878067016601563 0.02886962890625
0.045379638671875 0.0536346435546875 -0.0644569396972656 -0.0135040283203125
-0.0276031494140625 0.0719985961914063 -0.0256824493408203 -0.0253200531005859
-0.0792465209960938 0.042633056640625 -0.0270957946777344 0.0427665710449219
-0.0886993408203125 -0.00965118408203125 -0.13037109375 0.062835693359375
0.0304145812988281 0.0538558959960938 0.133522033691406 -0.0660400390625
0.0545578002929688 -0.00362777709960937 0.0424613952636719 -0.0324172973632813
0.0180282592773438 -0.0355987548828125 0.0306968688964844 0.0275669097900391
-0.0135688781738281 -0.0319099426269531 0.0848922729492188 0.0234909057617188
-0.0295276641845703 -0.0142345428466797 0.106727600097656 -0.0333786010742188
-0.0348796844482422 0.00714492797851562 0.09112548828125 -0.0908279418945313
-0.0271015167236328 0.00258064270019531 0.055450439453125 -0.112075805664063
-0.0239791870117188 -0.00467109680175781 0.0367507934570313 -0.097198486328125
-0.0298423767089844 -0.00918197631835938 0.035858154296875 -0.0777435302734375
-0.0163555145263672 -0.0298423767089844 0.0388908386230469 -0.0573310852050781
0.0132484436035156 -0.0394668579101562 0.023773193359375 -0.0365676879882813
0.04254150390625 -0.0193977355957031 0.0157737731933594 -0.046478271484375
0.055328369140625 0.0294609069824219 0.0305557250976563 -0.0866546630859375
0.0395584106445313 0.0683364868164063 0.0726470947265625 -0.122489929199219
0.007476806640625 0.082000732421875 0.102828979492187 -0.104034423828125
-0.0230026245117187 0.093353271484375 0.139320373535156 -0.0376358032226562
0.028594970703125 0.0523757934570312 0.0506401062011719 -0.0125236511230469
0.0218696594238281 0.0181865692138672 0.0377769470214844 0.0390472412109375
0.0207748413085937 0.00159645080566406 0.0955276489257813 0.0325546264648438
0.0136194229125977 -0.00782680511474609 0.114860534667969 -0.0264968872070313
0.00517177581787109 -0.0144195556640625 0.0979385375976563 -0.0882568359375
0.0029754638671875 -0.0308113098144531 0.0614700317382812 -0.111076354980469
0.00600433349609375 -0.0345420837402344 0.038909912109375 -0.0940170288085937
0.0053253173828125 -0.0409088134765625 0.0373611450195313 -0.07208251953125
0.0274887084960938 -0.0453567504882813 0.0406036376953125 -0.05120849609375
0.0571174621582031 -0.0268478393554688 0.0197772979736328 -0.0286922454833984
0.0714187622070313 0.0141677856445313 0.00926971435546876 -0.0363044738769531
0.046173095703125 0.078643798828125 0.0156402587890625 -0.0754013061523438
0.00431060791015626 0.116798400878906 0.056793212890625 -0.102035522460937
-0.0405044555664062 0.117561340332031 0.0894546508789063 -0.0749130249023437
-0.0786056518554688 0.118766784667969 0.125083923339844 0.00191497802734376
-0.00974273681640626 0.104019165039063 0.0475883483886719 0.0191001892089844
0.0181121826171875 0.0764694213867188 0.0401802062988281 0.0558128356933594
0.0530891418457031 0.0426216125488281 0.0981216430664063 0.04510498046875
0.0584220886230469 0.00413131713867188 0.112403869628906 -0.0131149291992188
0.0480270385742188 -0.032562255859375 0.094940185546875 -0.0739593505859375
0.0340003967285156 -0.0607109069824219 0.0608139038085937 -0.0946197509765625
0.0347785949707031 -0.0602874755859375 0.0362548828125 -0.0767822265625
0.0388679504394531 -0.0681915283203125 0.0312423706054687 -0.0528411865234375
0.0640640258789063 -0.05914306640625 0.0314216613769531 -0.0366477966308594
0.092071533203125 -0.0185012817382812 0.00736236572265626 -0.0171422958374023
0.095916748046875 0.0359573364257813 -0.00197410583496093 -0.0266647338867188
0.0420989990234375 0.112922668457031 0.00143051147460938 -0.0619354248046875
-0.0205230712890625 0.149887084960938 0.0410537719726563 -0.0733871459960937
-0.0768966674804688 0.138832092285156 0.0631484985351563 -0.0389137268066406
-0.123542785644531 0.123130798339844 0.0912933349609375 0.0474700927734375
-0.0519180297851562 0.137794494628906 0.0314102172851563 0.0591583251953125
0.00377655029296875 0.1265869140625 0.03485107421875 0.0759658813476563
0.0739059448242188 0.08447265625 0.0884780883789063 0.0595855712890625
0.095184326171875 0.021270751953125 0.0972518920898437 0.0045166015625
0.08599853515625 -0.0422897338867187 0.0807647705078125 -0.0495986938476563
0.0606002807617188 -0.080322265625 0.0522651672363281 -0.0645904541015625
0.0583724975585938 -0.0770950317382813 0.0279579162597656 -0.0470314025878906
0.064300537109375 -0.0864181518554687 0.0193920135498047 -0.0240707397460938
0.0896224975585938 -0.0679092407226563 0.0147819519042969 -0.014897346496582
0.114845275878906 -0.0123367309570312 -0.00931262969970702 -0.00340843200683594
0.110107421875 0.049835205078125 -0.0144081115722656 -0.0179347991943359
0.037261962890625 0.130874633789063 -0.00829696655273437 -0.0481605529785156
-0.038818359375 0.163558959960938 0.0295257568359375 -0.0398941040039062
-0.102127075195313 0.14166259765625 0.0288143157958984 0.000839233398437509
-0.148757934570313 0.103271484375 0.0412445068359375 0.0898361206054688
-0.0897140502929688 0.140327453613281 0.00193023681640625 0.0980148315429688
-0.0209808349609375 0.150909423828125 0.0211410522460938 0.0931930541992188
0.0739822387695313 0.115013122558594 0.0666885375976563 0.0710830688476563
0.111885070800781 0.0409011840820313 0.0696144104003906 0.0229148864746094
0.110557556152344 -0.0409469604492188 0.0555801391601563 -0.0193214416503906
0.0788345336914063 -0.086029052734375 0.0350570678710938 -0.025360107421875
0.072906494140625 -0.0819244384765625 0.015172004699707 -0.00942420959472657
0.0806732177734375 -0.0923843383789063 0.00339126586914063 0.0102558135986328
0.103240966796875 -0.0684890747070313 -0.00636863708496093 0.0111179351806641
0.123794555664063 -0.00481414794921875 -0.0290184020996094 0.0108089447021484
0.111106872558594 0.058990478515625 -0.0271148681640625 -0.0110225677490234
0.0251083374023438 0.135528564453125 -0.0121116638183594 -0.0364608764648437
-0.056304931640625 0.157073974609375 0.02117919921875 -0.0065479278564453
-0.117424011230469 0.125106811523438 -0.0101165771484375 0.0372276306152344
-0.145004272460938 0.0624237060546875 -0.0131301879882813 0.119911193847656
-0.108375549316406 0.108917236328125 -0.0322647094726563 0.125900268554688
-0.0463638305664062 0.138473510742188 0.00323486328124999 0.101188659667969
0.0517807006835937 0.122383117675781 0.03765869140625 0.0741653442382813
0.103111267089844 0.0545120239257813 0.0354156494140625 0.0348281860351563
0.11395263671875 -0.0295639038085937 0.0246124267578125 0.0101757049560547
0.0838699340820312 -0.0762405395507812 0.0136289596557617 0.0138311386108398
0.0759735107421875 -0.0739288330078125 -8.39233398437436E-05 0.0285186767578125
0.0842056274414063 -0.08489990234375 -0.014556884765625 0.0441246032714844
0.103851318359375 -0.0606842041015625 -0.0301055908203125 0.0361328125
0.118827819824219 0.0033111572265625 -0.0498542785644531 0.0233154296875
0.100013732910156 0.0640945434570313 -0.0405120849609375 -0.00760269165039061
0.0080108642578125 0.127883911132813 -0.0155277252197266 -0.0284519195556641
-0.072052001953125 0.133544921875 0.0107994079589844 0.0202274322509766
-0.122047424316406 0.09234619140625 -0.0523605346679688 0.0640335083007813
-0.113174438476563 0.0100479125976562 -0.0606689453125 0.132492065429688
-0.101188659667969 0.0550384521484375 -0.0609588623046875 0.13726806640625
-0.0607528686523438 0.093353271484375 -0.0109024047851563 0.0993270874023438
0.0194320678710937 0.101921081542969 0.0114173889160156 0.06829833984375
0.0731124877929688 0.0555648803710938 0.00423431396484375 0.0390357971191406
0.095306396484375 -0.0122756958007813 -0.00597763061523436 0.0333442687988281
0.0749435424804688 -0.0547866821289063 -0.00864410400390624 0.047943115234375
0.0676689147949219 -0.0552177429199219 -0.0149040222167969 0.0617561340332031
0.07574462890625 -0.065277099609375 -0.0318450927734375 0.0740432739257813
0.0907135009765625 -0.0453414916992188 -0.0541267395019531 0.0577964782714844
0.100753784179688 0.0105056762695313 -0.0714340209960938 0.0325088500976563
0.0789260864257813 0.0622940063476563 -0.0546531677246094 -0.00740814208984375
-0.00922393798828124 0.10870361328125 -0.0205879211425781 -0.0244541168212891
-0.080810546875 0.0975341796875 -0.00402450561523438 0.03900146484375
-0.114593505859375 0.0480880737304687 -0.0943374633789063 0.0778274536132812
-0.0633087158203125 -0.0438232421875 -0.0883941650390625 0.128608703613281
-0.0740280151367188 -0.0070648193359375 -0.0740280151367188 0.133377075195313
-0.0607566833496094 0.0314292907714844 -0.0154495239257813 0.0903778076171875
-0.0141334533691406 0.0620269775390625 -0.00541305541992188 0.0579643249511719
0.0312919616699219 0.0455665588378906 -0.0169296264648438 0.0374603271484375
0.0602912902832031 0.00580215454101563 -0.0278244018554687 0.0473480224609375
0.0536003112792969 -0.0248794555664063 -0.0259933471679687 0.0713043212890625
0.0485267639160156 -0.0285530090332031 -0.02734375 0.0860595703125
0.0557136535644531 -0.03741455078125 -0.0467147827148438 0.0952987670898438
0.0656280517578125 -0.0253829956054688 -0.0758438110351562 0.0734024047851563
0.0707244873046875 0.0139999389648438 -0.0901107788085938 0.0377578735351562
0.0520439147949219 0.0508155822753906 -0.0686149597167969 -0.00894165039062498
-0.0220565795898438 0.0773239135742187 -0.0285511016845703 -0.0250873565673828
-0.0770187377929688 0.0517730712890625 -0.0234642028808594 0.0454635620117187
-0.0914459228515625 -0.00209045410156248 -0.130172729492188 0.0758209228515625
0.0340728759765625 0.0518760681152344 0.130790710449219 -0.0766983032226563
0.0540885925292969 -0.00661087036132812 0.0393562316894531 -0.0348243713378906
0.0157737731933594 -0.0367164611816406 0.0323143005371094 0.0267066955566406
-0.0162639617919922 -0.0309181213378906 0.0882797241210938 0.0186920166015625
-0.0308990478515625 -0.0110645294189453 0.104698181152344 -0.0416030883789063
-0.0337123870849609 0.0114555358886719 0.0836868286132813 -0.0996780395507813
-0.0265007019042969 0.00564193725585937 0.0461502075195313 -0.118423461914062
-0.0248546600341797 -0.00229263305664063 0.027496337890625 -0.101417541503906
-0.0303134918212891 -0.00634384155273438 0.0279617309570312 -0.0824356079101563
-0.0192165374755859 -0.0281333923339844 0.03240966796875 -0.063262939453125
0.00921249389648438 -0.0402259826660156 0.0218276977539062 -0.0418624877929688
0.0407752990722656 -0.0227508544921875 0.0142898559570313 -0.0500946044921875
0.0578689575195312 0.0250167846679687 0.026153564453125 -0.089385986328125
0.0445137023925781 0.0658416748046875 0.0646209716796875 -0.129508972167969
0.0133590698242187 0.081634521484375 0.0972747802734375 -0.115959167480469
-0.0163345336914062 0.0968093872070313 0.138496398925781 -0.048065185546875
0.0327987670898438 0.0519676208496094 0.0486602783203125 -0.0160675048828125
0.0246067047119141 0.0179100036621094 0.0400199890136719 0.0375480651855469
0.0218658447265625 -0.000116348266601563 0.0985488891601563 0.0269775390625
0.013371467590332 -0.00864505767822266 0.112701416015625 -0.0354461669921875
0.00500297546386719 -0.0144834518432617 0.0909881591796875 -0.0971527099609375
0.000307083129882812 -0.0319118499755859 0.0514755249023438 -0.117401123046875
0.00263214111328125 -0.0357933044433594 0.0295791625976562 -0.0981979370117188
0.00230026245117187 -0.0420341491699219 0.029754638671875 -0.0768051147460937
0.0241775512695313 -0.0480079650878906 0.0339622497558594 -0.0581893920898437
0.0547409057617188 -0.0316543579101563 0.0172920227050781 -0.0335292816162109
0.07330322265625 0.00850677490234375 0.00809478759765626 -0.0392112731933594
0.0533218383789063 0.0761489868164063 0.011260986328125 -0.0771484375
0.0133819580078125 0.118057250976562 0.0506057739257813 -0.108146667480469
-0.0320663452148438 0.122222900390625 0.0859375 -0.0860443115234375
-0.0701828002929687 0.127388000488281 0.126815795898438 -0.00751495361328124
-0.00101470947265625 0.107330322265625 0.0477218627929687 0.0161895751953125
0.0255966186523438 0.0782012939453125 0.0433006286621094 0.054443359375
0.0582962036132813 0.0393829345703125 0.101600646972656 0.0395660400390625
0.0599479675292969 -0.000713348388671875 0.111923217773438 -0.021240234375
0.0468025207519531 -0.0372085571289063 0.0897293090820313 -0.0817031860351563
0.0283584594726562 -0.0648307800292969 0.0524368286132813 -0.100563049316406
0.0291862487792969 -0.0646286010742188 0.0282821655273438 -0.0803146362304688
0.032745361328125 -0.07330322265625 0.0252342224121094 -0.0567054748535156
0.0597648620605469 -0.066070556640625 0.0260658264160156 -0.042022705078125
0.0917892456054688 -0.0267486572265625 0.00543212890625001 -0.0211639404296875
0.100212097167969 0.0291290283203125 -0.00311088562011718 -0.0288982391357422
0.0524139404296875 0.111549377441406 -0.00248336791992187 -0.06329345703125
-0.00817871093749999 0.15447998046875 0.0364532470703125 -0.0785369873046875
-0.0677032470703125 0.147018432617188 0.0617027282714844 -0.0476341247558594
-0.115394592285156 0.1365966796875 0.0955276489257812 0.0411834716796875
-0.0412139892578125 0.14471435546875 0.0340614318847656 0.056854248046875
0.015869140625 0.130035400390625 0.0386886596679687 0.0746307373046875
0.0830764770507813 0.0798492431640625 0.0924148559570312 0.054595947265625
0.0984649658203125 0.013092041015625 0.0978317260742187 -0.00162506103515625
0.0840301513671875 -0.0508041381835938 0.0776596069335938 -0.0552978515625
0.053497314453125 -0.0865631103515625 0.0461387634277344 -0.0695266723632813
0.0509490966796875 -0.0836715698242188 0.0225296020507812 -0.0496253967285156
0.0567474365234375 -0.094268798828125 0.0158634185791016 -0.0263633728027344
0.0841598510742188 -0.0778045654296875 0.0118255615234375 -0.0183124542236328
0.116081237792969 -0.023345947265625 -0.0108423233032226 -0.00461769104003907
0.116828918457031 0.041107177734375 -0.0157546997070312 -0.0187721252441406
0.0497970581054688 0.130912780761719 -0.011138916015625 -0.0487327575683594
-0.0249481201171875 0.170028686523438 0.0270156860351563 -0.0438690185546875
-0.0921478271484375 0.152297973632813 0.0300350189208984 -0.00547599792480468
-0.142044067382813 0.118606567382812 0.0478668212890625 0.0878524780273438
-0.07861328125 0.150238037109375 0.00724029541015626 0.098052978515625
-0.00704956054687501 0.156692504882813 0.0254669189453125 0.0929107666015625
0.0858535766601563 0.11083984375 0.070709228515625 0.0683746337890625
0.116958618164062 0.0308456420898438 0.0713577270507813 0.019439697265625
0.108612060546875 -0.0515518188476563 0.0551719665527344 -0.0221900939941406
0.0714187622070312 -0.0943145751953125 0.0327548980712891 -0.028656005859375
0.065032958984375 -0.0899887084960938 0.0134305953979492 -0.0109100341796875
0.0723114013671875 -0.10205078125 0.00334835052490235 0.00979518890380859
0.0978240966796875 -0.0801544189453125 -0.00692367553710937 0.00980567932128906
0.125205993652344 -0.017059326171875 -0.0295200347900391 0.0125980377197266
0.118759155273437 0.0500411987304688 -0.0283260345458984 -0.0106945037841797
0.0381698608398438 0.1365966796875 -0.0150527954101563 -0.0368919372558594
-0.042449951171875 0.165390014648437 0.0210189819335937 -0.0096149444580078
-0.108161926269531 0.137481689453125 -0.00718879699707032 0.0350780487060547
-0.141220092773438 0.0769805908203125 -0.00511169433593751 0.123336791992188
-0.0998382568359375 0.120414733886719 -0.0249557495117188 0.128807067871094
-0.0344390869140625 0.146224975585938 0.00811004638671875 0.101509094238281
0.0641021728515625 0.119834899902344 0.0417709350585938 0.073028564453125
0.109512329101563 0.0453720092773438 0.0383377075195313 0.0348014831542969
0.112648010253906 -0.04058837890625 0.0263042449951172 0.0107040405273437
0.077362060546875 -0.0856246948242187 0.0148391723632813 0.0132980346679687
0.069061279296875 -0.0818328857421875 0.00177574157714844 0.0285511016845703
0.0770492553710938 -0.09417724609375 -0.0113372802734375 0.0461959838867188
0.0988845825195313 -0.0718231201171875 -0.0286827087402344 0.0381965637207031
0.120643615722656 -0.00824737548828125 -0.0497856140136719 0.0270042419433594
0.107765197753906 0.0553817749023437 -0.0422744750976562 -0.00545120239257813
0.0199737548828125 0.130477905273438 -0.0177822113037109 -0.0282516479492187
-0.0602569580078125 0.142837524414063 0.0127334594726562 0.0182304382324219
-0.11492919921875 0.104080200195312 -0.0472259521484375 0.0664787292480469
-0.113739013671875 0.0213775634765625 -0.05230712890625 0.140419006347656
-0.096954345703125 0.0651702880859375 -0.052642822265625 0.14251708984375
-0.053009033203125 0.101486206054688 -0.00581359863281251 0.100082397460938
0.0293350219726563 0.101768493652344 0.0145034790039062 0.0694122314453125
0.0789642333984375 0.049285888671875 0.00752639770507813 0.0414886474609375
0.095458984375 -0.0217971801757812 -0.00198745727539062 0.0360946655273438
0.0700912475585938 -0.0623130798339844 -0.00395584106445311 0.0492210388183594
0.0618667602539063 -0.0623359680175781 -0.00966262817382813 0.063262939453125
0.0694732666015625 -0.0738525390625 -0.0260391235351563 0.077728271484375
0.0874862670898438 -0.0550003051757813 -0.0505180358886719 0.0627174377441406
0.102638244628906 0.0005950927734375 -0.0700111389160156 0.0384025573730469
0.0858383178710938 0.0548553466796875 -0.0568885803222656 -0.0035247802734375
0.000251770019531248 0.111534118652344 -0.0227909088134766 -0.0243663787841797
-0.0723800659179688 0.106651306152344 -0.00101470947265626 0.0380630493164063
-0.110664367675781 0.0577850341796875 -0.0889663696289063 0.0846939086914063
-0.0673408508300781 -0.03753662109375 -0.0806808471679688 0.138778686523438
-0.0751266479492188 -5.3405761718745E-05 -0.0658035278320312 0.140472412109375
-0.0582084655761719 0.038726806640625 -0.0110626220703125 0.0916519165039063
-0.00819015502929687 0.0641517639160156 -0.00329589843750001 0.0600547790527344
0.0361213684082031 0.0426559448242188 -0.0144500732421875 0.0414657592773438
0.0609169006347656 -0.000583648681640625 -0.0226020812988281 0.0525550842285156
0.0511512756347656 -0.0303306579589844 -0.01898193359375 0.0746307373046875
0.0452957153320313 -0.0339851379394531 -0.0197677612304688 0.0885391235351563
0.0521736145019531 -0.0433616638183594 -0.0387496948242188 0.100555419921875
0.0635871887207031 -0.0321235656738281 -0.07080078125 0.0805206298828125
0.0727005004882813 0.0074462890625 -0.0879745483398438 0.0458221435546875
0.0571212768554688 0.0461692810058594 -0.071075439453125 -0.00374603271484374
-0.0153732299804688 0.0805130004882813 -0.0309104919433594 -0.0240688323974609
-0.072479248046875 0.0595474243164063 -0.0190849304199219 0.0465774536132813
-0.0904769897460938 0.00554656982421876 -0.125595092773437 0.0859527587890625
0.0359992980957031 0.0506591796875 0.128265380859375 -0.083160400390625
0.0532684326171875 -0.0088043212890625 0.0371818542480469 -0.0364227294921875
0.0139122009277344 -0.037322998046875 0.0332622528076172 0.0267066955566406
-0.0180530548095703 -0.0301055908203125 0.089324951171875 0.0152511596679687
-0.03106689453125 -0.00862884521484375 0.102012634277344 -0.0467071533203125
-0.0319633483886719 0.0132560729980469 0.0772781372070313 -0.104362487792969
-0.0255203247070313 0.00734519958496094 0.0385818481445313 -0.121284484863281
-0.0248699188232422 -0.000696182250976561 0.020660400390625 -0.102882385253906
-0.0299606323242188 -0.00462913513183593 0.0212631225585938 -0.0847091674804688
-0.0206165313720703 -0.0265045166015625 0.0270156860351563 -0.0664482116699219
0.00671005249023438 -0.0397491455078125 0.0191078186035156 -0.0455589294433594
0.0391197204589844 -0.0249366760253906 0.0138778686523437 -0.0524978637695313
0.05902099609375 0.0215530395507813 0.02349853515625 -0.0905990600585938
0.0483169555664063 0.0633468627929688 0.059326171875 -0.133056640625
0.0165863037109375 0.080902099609375 0.0925750732421875 -0.123908996582031
-0.012420654296875 0.098724365234375 0.137275695800781 -0.0552825927734375
0.0355453491210938 0.0511627197265625 0.0466423034667969 -0.0178604125976562
0.0262413024902344 0.0173454284667969 0.04058837890625 0.0371589660644531
0.0222301483154297 -0.000957489013671875 0.0995559692382813 0.0232696533203125
0.0136566162109375 -0.00923442840576172 0.11083984375 -0.04046630859375
0.00503158569335937 -0.01519775390625 0.0849685668945313 -0.102157592773438
-0.00146675109863281 -0.0319671630859375 0.044036865234375 -0.120475769042969
0.000202178955078123 -0.036041259765625 0.0223007202148438 -0.0997543334960937
7.6293945312501E-05 -0.0425567626953125 0.0232009887695313 -0.0787429809570313
0.021453857421875 -0.0498199462890625 0.0286178588867188 -0.0618095397949219
0.0530281066894531 -0.0345993041992188 0.0151481628417969 -0.0371780395507813
0.073944091796875 0.00470733642578125 0.00735092163085938 -0.0418663024902344
0.0569381713867187 0.07379150390625 0.00933074951171875 -0.0777816772460938
0.0198516845703125 0.118507385253906 0.0460128784179687 -0.111244201660156
-0.0272445678710938 0.124061584472656 0.0826263427734375 -0.0940704345703125
-0.063934326171875 0.132881164550781 0.127227783203125 -0.0132217407226562
0.00431060791015624 0.108589172363281 0.0464630126953125 0.013702392578125
0.0313491821289063 0.078125 0.0440177917480469 0.0536880493164063
0.0616302490234375 0.0364646911621094 0.102737426757813 0.0358810424804688
0.0602912902832031 -0.00419998168945313 0.110061645507812 -0.0256271362304688
0.0456161499023438 -0.0402565002441406 0.0852432250976563 -0.0863189697265625
0.0243072509765625 -0.0667076110839844 0.0455093383789062 -0.103080749511719
0.025054931640625 -0.0669021606445312 0.0219497680664063 -0.08172607421875
0.0281295776367188 -0.0760116577148438 0.0201301574707031 -0.0583114624023438
0.0559043884277344 -0.0699615478515625 0.0211105346679688 -0.0457725524902344
0.0902557373046875 -0.0327301025390625 0.00294113159179688 -0.0237331390380859
0.102516174316406 0.0231246948242188 -0.00400352478027343 -0.0307598114013672
0.0596847534179688 0.110137939453125 -0.0041046142578125 -0.0631561279296875
0.000473022460937514 0.156448364257813 0.0331497192382812 -0.08135986328125
-0.0606689453125 0.151275634765625 0.0599937438964844 -0.0545310974121094
-0.108734130859375 0.144760131835938 0.0977020263671875 0.0369491577148438
-0.0330810546875 0.148147583007812 0.0349464416503906 0.0551185607910156
0.024444580078125 0.131614685058594 0.0399856567382813 0.0735092163085938
0.0889511108398438 0.0757369995117188 0.0933380126953125 0.0517501831054688
0.0993881225585938 0.00687408447265625 0.09710693359375 -0.0048675537109375
0.0815200805664063 -0.0560379028320313 0.0755538940429688 -0.0584335327148438
0.0477752685546875 -0.090789794921875 0.0417404174804688 -0.0717849731445313
0.0454864501953125 -0.087371826171875 0.0179443359375 -0.0510978698730469
0.0506057739257813 -0.099151611328125 0.0129966735839844 -0.0275249481201172
0.0793609619140625 -0.0841445922851562 0.00798988342285157 -0.0210857391357422
0.114814758300781 -0.0311279296875 -0.0120677947998047 -0.00643157958984375
0.119514465332031 0.0338134765625 -0.0166282653808594 -0.0196781158447266
0.058319091796875 0.129684448242188 -0.0130729675292969 -0.0487899780273437
-0.014495849609375 0.173660278320313 0.0253791809082031 -0.0466537475585937
-0.0844268798828125 0.1583251953125 0.0299892425537109 -0.0105628967285156
-0.135658264160156 0.127830505371094 0.0520095825195313 0.086090087890625
-0.070281982421875 0.155319213867188 0.0101089477539062 0.097320556640625
0.00311279296875001 0.159393310546875 0.0272674560546875 0.0916213989257813
0.0932693481445313 0.107002258300781 0.0720291137695313 0.0661239624023438
0.11907958984375 0.0239181518554688 0.071929931640625 0.0175552368164063
0.106033325195313 -0.0587615966796875 0.05474853515625 -0.0233001708984375
0.0650253295898438 -0.09918212890625 0.0308456420898438 -0.0303592681884766
0.0588302612304688 -0.0945663452148438 0.0115594863891602 -0.012115478515625
0.0650634765625 -0.107795715332031 0.00298404693603516 0.00967121124267577
0.0928878784179688 -0.0871429443359375 -0.00860786437988281 0.00899028778076171
0.124969482421875 -0.0257568359375 -0.0301189422607422 0.0123519897460937
0.122772216796875 0.042236328125 -0.0298252105712891 -0.0103511810302734
0.0473251342773438 0.136337280273438 -0.0165138244628906 -0.0364570617675781
-0.0321044921875 0.16998291015625 0.0212345123291016 -0.0121498107910156
-0.100845336914063 0.144058227539063 -0.00546264648437501 0.032379150390625
-0.137237548828125 0.0863571166992188 -2.28881835937704E-05 0.125099182128906
-0.0929183959960938 0.126693725585938 -0.0207443237304688 0.129524230957031
-0.0249176025390625 0.150177001953125 0.0101852416992187 0.1009521484375
0.0723419189453125 0.117149353027344 0.0428085327148438 0.0726547241210938
0.112190246582031 0.0386734008789063 0.0396842956542969 0.0352554321289063
0.110443115234375 -0.0478897094726562 0.0282192230224609 0.0107574462890625
0.071380615234375 -0.0903701782226563 0.0158195495605469 0.0124721527099609
0.0633163452148438 -0.086944580078125 0.00303077697753906 0.0282173156738281
0.0699310302734375 -0.100273132324219 -0.0089111328125 0.0469589233398437
0.0940093994140625 -0.079498291015625 -0.0281219482421875 0.038787841796875
0.120841979980469 -0.01715087890625 -0.0492668151855469 0.0293121337890625
0.111434936523438 0.04840087890625 -0.043121337890625 -0.00383377075195312
0.028594970703125 0.131004333496094 -0.0195560455322266 -0.0280914306640625
-0.0510101318359375 0.1484375 0.0143203735351563 0.0165014266967774
-0.109649658203125 0.110710144042969 -0.0440750122070313 0.0669288635253906
-0.112518310546875 0.0292892456054687 -0.04644775390625 0.14556884765625
-0.0932846069335937 0.07147216796875 -0.0478057861328125 0.144683837890625
-0.046417236328125 0.105934143066406 -0.00404357910156251 0.100212097167969
0.0367279052734375 0.100791931152344 0.015472412109375 0.0696945190429688
0.0820999145507812 0.0439071655273438 0.00914764404296875 0.0433464050292969
0.0938796997070313 -0.0283889770507812 0.00136184692382813 0.0380821228027344
0.0653228759765625 -0.0674858093261719 -0.00037765502929687 0.0493316650390625
0.0573234558105469 -0.0669784545898437 -0.00577163696289062 0.0634689331054688
0.0641098022460938 -0.0789718627929688 -0.0209121704101562 0.0794219970703125
0.0834274291992188 -0.061553955078125 -0.0477066040039063 0.065032958984375
0.103401184082031 -0.006317138671875 -0.0684013366699219 0.0424118041992188
0.0898284912109375 0.0498580932617188 -0.0578765869140625 -0.00102996826171875
0.00759124755859374 0.11297607421875 -0.0244388580322266 -0.0238227844238281
-0.0655593872070313 0.112274169921875 0.00185775756835937 0.0371856689453125
-0.10687255859375 0.0639419555664063 -0.08502197265625 0.0876693725585938
-0.0692481994628906 -0.0330429077148437 -0.075653076171875 0.145721435546875
-0.0749053955078125 0.004669189453125 -0.0608367919921875 0.14337158203125
-0.0555839538574219 0.0431404113769531 -0.00962829589843751 0.0916290283203125
-0.00342178344726563 0.0653533935546875 -0.00205230712890625 0.0618438720703125
0.0382461547851563 0.0400009155273438 -0.0120124816894531 0.0440826416015625
0.0608367919921875 -0.0048980712890625 -0.0182991027832031 0.0554580688476563
0.0485038757324219 -0.0336723327636719 -0.0138626098632812 0.0754547119140625
0.0428810119628906 -0.0370864868164063 -0.0141448974609375 0.0885848999023438
0.0492668151855469 -0.0471458435058594 -0.0326385498046875 0.103096008300781
0.0611343383789063 -0.0367507934570313 -0.0662155151367187 0.084716796875
0.0733718872070313 0.00276947021484375 -0.086395263671875 0.050811767578125
0.059539794921875 0.0425643920898438 -0.07159423828125 -0.000595092773437484
-0.0108871459960938 0.0822219848632813 -0.0321063995361328 -0.0233058929443359
-0.0686874389648437 0.0639419555664063 -0.0158615112304687 0.046661376953125
-0.0891799926757813 0.010101318359375 -0.121681213378906 0.09173583984375
0.0376853942871094 0.0506019592285156 0.128639221191406 -0.0887527465820313
0.0539398193359375 -0.0101547241210938 0.0361976623535156 -0.0373916625976563
0.0128326416015625 -0.0382347106933594 0.0342082977294922 0.0275840759277344
-0.0197219848632813 -0.0298080444335938 0.091552734375 0.0135879516601563
-0.0319671630859375 -0.00708961486816406 0.102043151855469 -0.0503692626953125
-0.0311527252197266 0.0144519805908203 0.0740509033203125 -0.10845947265625
-0.0252132415771484 0.00880050659179688 0.0342025756835937 -0.124641418457031
-0.0255393981933594 0.000457763671874996 0.015716552734375 -0.105155944824219
-0.0303077697753906 -0.00338172912597656 0.0167999267578125 -0.0872573852539063
-0.0217208862304687 -0.0252628326416016 0.0226402282714844 -0.0696067810058594
0.00469970703125 -0.0398902893066406 0.0176200866699219 -0.0493202209472656
0.0387001037597656 -0.026031494140625 0.0142059326171875 -0.0558433532714844
0.0605659484863281 0.0196952819824219 0.0231170654296875 -0.0925827026367188
0.050445556640625 0.0626869201660156 0.0573883056640625 -0.137344360351563
0.01849365234375 0.0816726684570313 0.091583251953125 -0.131904602050781
-0.00935363769531251 0.101600646972656 0.138565063476563 -0.0607986450195312
0.0375862121582031 0.0522651672363281 0.0458984375 -0.0186958312988281
0.0284156799316406 0.0179634094238281 0.0416259765625 0.0383453369140625
0.0233783721923828 -0.00137519836425781 0.101799011230469 0.0214691162109375
0.0138263702392578 -0.00976848602294922 0.1112060546875 -0.0432510375976563
0.00577449798583985 -0.0161294937133789 0.082733154296875 -0.106071472167969
-0.00269317626953125 -0.0325031280517578 0.0396804809570313 -0.123619079589844
-0.00151443481445312 -0.0370063781738281 0.0178756713867188 -0.101913452148438
-0.0015106201171875 -0.0441856384277344 0.0188140869140625 -0.0812225341796875
0.0200424194335938 -0.0512886047363281 0.0240859985351563 -0.0652732849121094
0.0524978637695313 -0.0367507934570313 0.0135040283203125 -0.0411376953125
0.0756072998046875 0.00232696533203125 0.0082244873046875 -0.0445823669433594
0.0610809326171875 0.0733184814453125 0.00897979736328125 -0.0792922973632813
0.0240936279296875 0.120246887207031 0.0442352294921875 -0.114952087402344
-0.0246963500976562 0.127395629882813 0.0820846557617188 -0.101455688476562
-0.0606918334960938 0.138381958007812 0.12933349609375 -0.0171279907226562
0.00881958007812501 0.111717224121094 0.0462303161621094 0.0130767822265625
0.0359954833984375 0.0797958374023438 0.0447158813476562 0.05462646484375
0.0651702880859375 0.0348701477050781 0.1048583984375 0.0350418090820313
0.0617446899414063 -0.0064697265625 0.110870361328125 -0.02801513671875
0.0454635620117188 -0.0436248779296875 0.0833511352539063 -0.0892181396484375
0.0219268798828125 -0.0687294006347656 0.0419158935546875 -0.106163024902344
0.0216941833496094 -0.0688514709472656 0.0177993774414063 -0.0833053588867188
0.024993896484375 -0.0792236328125 0.0165519714355469 -0.0606842041015625
0.0536880493164063 -0.074066162109375 0.016998291015625 -0.0490608215332031
0.0908584594726563 -0.0373306274414063 0.00141525268554688 -0.0270519256591797
0.105415344238281 0.019744873046875 -0.00403785705566406 -0.0330410003662109
0.065093994140625 0.110916137695312 -0.00498580932617187 -0.0646858215332031
0.00659179687499999 0.160247802734375 0.031646728515625 -0.0844650268554688
-0.0580291748046875 0.1566162109375 0.0598983764648438 -0.0609550476074219
-0.105560302734375 0.152328491210938 0.100555419921875 0.0355682373046875
-0.0283355712890625 0.1529541015625 0.0348701477050781 0.05499267578125
0.0312652587890625 0.134315490722656 0.0402145385742187 0.0750503540039063
0.09466552734375 0.073333740234375 0.0954666137695313 0.0512847900390625
0.101898193359375 0.00299835205078125 0.0981674194335938 -0.00608062744140625
0.0813751220703125 -0.060882568359375 0.0749588012695313 -0.0606842041015625
0.0445556640625 -0.094512939453125 0.0390472412109375 -0.0742111206054688
0.0417556762695313 -0.09112548828125 0.0152664184570313 -0.0520591735839844
0.0465087890625 -0.103446960449219 0.0107975006103516 -0.0288639068603516
0.0770187377929688 -0.0899429321289063 0.00481986999511719 -0.0231838226318359
0.115791320800781 -0.0374298095703125 -0.0142955780029297 -0.00816726684570313
0.123786926269531 0.029876708984375 -0.0169525146484375 -0.0209445953369141
0.0652313232421875 0.131019592285156 -0.0137596130371094 -0.0497169494628906
-0.00747680664062502 0.178924560546875 0.024932861328125 -0.0494575500488281
-0.081207275390625 0.164779663085937 0.0301647186279297 -0.0152988433837891
-0.133926391601563 0.136421203613281 0.054840087890625 0.0875930786132813
-0.0655059814453125 0.16168212890625 0.0109710693359375 0.0977859497070313
0.010650634765625 0.16351318359375 0.0272445678710937 0.092498779296875
0.100204467773438 0.105827331542969 0.0734786987304687 0.0667343139648438
0.122276306152344 0.0193328857421875 0.073333740234375 0.01763916015625
0.105873107910156 -0.06463623046875 0.0559806823730469 -0.0241203308105469
0.0612335205078125 -0.103561401367188 0.0302848815917969 -0.0319232940673828
0.0551071166992187 -0.0990524291992188 0.0102472305297852 -0.0128145217895508
0.0608367919921875 -0.113555908203125 0.00245761871337891 0.0094308853149414
0.0902099609375 -0.0940093994140625 -0.0109539031982422 0.00804710388183593
0.126472473144531 -0.0328140258789063 -0.0314216613769531 0.0125102996826172
0.127212524414063 0.0378799438476563 -0.0306148529052734 -0.0103912353515625
0.0551071166992188 0.138328552246094 -0.0171585083007813 -0.0371322631835937
-0.0250244140625 0.17578125 0.0214080810546875 -0.014404296875
-0.0980682373046875 0.150222778320312 -0.00484848022460938 0.0301647186279297
-0.136550903320313 0.0941009521484375 0.0029754638671875 0.128578186035156
-0.08966064453125 0.133026123046875 -0.0192031860351563 0.13165283203125
-0.0189361572265625 0.155426025390625 0.00997161865234375 0.102439880371094
0.0794525146484375 0.117095947265625 0.0434799194335938 0.0742034912109375
0.1158447265625 0.03436279296875 0.0414810180664063 0.0361289978027344
0.110809326171875 -0.0539703369140625 0.0306472778320313 0.0116119384765625
0.0680923461914063 -0.0953598022460938 0.0165224075317383 0.0121231079101562
0.05987548828125 -0.091461181640625 0.00372123718261719 0.0280685424804687
0.0661849975585938 -0.106086730957031 -0.00768280029296874 0.0478935241699219
0.0914459228515625 -0.0858078002929688 -0.028564453125 0.039764404296875
0.122962951660156 -0.0232315063476563 -0.0498771667480469 0.0307197570800781
0.11639404296875 0.044830322265625 -0.0442581176757812 -0.00329589843750001
0.035247802734375 0.133476257324219 -0.0206737518310547 -0.0285205841064453
-0.0453948974609375 0.154586791992188 0.0151996612548828 0.0147361755371094
-0.107063293457031 0.116600036621094 -0.0435829162597656 0.0669212341308594
-0.113395690917969 0.0349197387695313 -0.04412841796875 0.15106201171875
-0.0921401977539062 0.076568603515625 -0.0460357666015625 0.148269653320313
-0.0425262451171875 0.111099243164062 -0.004058837890625 0.101531982421875
0.0420074462890625 0.101875305175781 0.0157394409179688 0.0725250244140625
0.0850830078125 0.0412216186523437 0.0106277465820313 0.0456886291503906
0.0937652587890625 -0.032958984375 0.00436019897460938 0.0401382446289063
0.0631256103515625 -0.0714035034179688 0.00203704833984376 0.050506591796875
0.0546417236328125 -0.070770263671875 -0.00420761108398438 0.0645866394042969
0.061187744140625 -0.0837554931640625 -0.01812744140625 0.0816802978515625
0.0816192626953125 -0.0666961669921875 -0.0471458435058594 0.067596435546875
0.104904174804688 -0.0114364624023437 -0.0689849853515625 0.0452995300292969
0.0936965942382813 0.04681396484375 -0.0591278076171875 0.000801086425781241
0.012359619140625 0.115859985351563 -0.0253467559814453 -0.0238113403320312
-0.061614990234375 0.117225646972656 0.00352478027343749 0.0364723205566406
-0.105758666992188 0.0686111450195312 -0.0841598510742188 0.0905303955078125
-0.071258544921875 -0.0302276611328125 -0.07403564453125 0.152999877929687
-0.0757217407226563 0.00801086425781249 -0.059661865234375 0.147445678710938
-0.0537910461425781 0.046905517578125 -0.0102767944335938 0.0928802490234375
0.00015640258789062 0.0668067932128906 -0.00284576416015625 0.0650634765625
0.0408210754394531 0.0383644104003906 -0.0100784301757813 0.0477409362792969
0.0608482360839844 -0.00806427001953125 -0.0145034790039062 0.0580482482910156
0.0469398498535156 -0.0366020202636719 -0.0100631713867188 0.0771026611328125
0.0410232543945313 -0.0395889282226563 -0.0105056762695312 0.090576171875
0.0470085144042969 -0.0501022338867188 -0.0285568237304687 0.105560302734375
0.0603599548339844 -0.0403823852539063 -0.0643997192382813 0.0884552001953125
0.0748062133789063 -0.00078582763671875 -0.0862197875976563 0.0542449951171875
0.0625152587890625 0.0409431457519531 -0.0735855102539063 0.00112152099609375
-0.00772857666015626 0.0846481323242187 -0.0333099365234375 -0.0235385894775391
-0.066680908203125 0.0677223205566406 -0.0140037536621094 0.0465583801269531
-0.0892181396484375 0.0120162963867187 -0.121353149414062 0.0967025756835937
0.0408096313476563 0.0523338317871094 0.132888793945313 -0.0971908569335938
0.0560836791992187 -0.0113716125488281 0.0366134643554688 -0.03973388671875
0.0121231079101563 -0.0400733947753906 0.0364990234375 0.029052734375
-0.021453857421875 -0.0304908752441406 0.0962600708007812 0.012451171875
-0.0332241058349609 -0.0060882568359375 0.104888916015625 -0.0541534423828125
-0.0306053161621094 0.0159378051757812 0.0731582641601563 -0.114959716796875
-0.0257644653320313 0.0104389190673828 0.0304641723632813 -0.130516052246094
-0.0269374847412109 0.00141334533691407 0.0121917724609375 -0.110206604003906
-0.0318794250488281 -0.00227546691894532 0.012939453125 -0.0913925170898438
-0.0235767364501953 -0.0249443054199219 0.0200042724609375 -0.0742263793945313
0.00321578979492187 -0.0411109924316406 0.0171356201171875 -0.0545845031738281
0.0393714904785156 -0.0284423828125 0.0147743225097656 -0.060699462890625
0.0631599426269531 0.0178565979003906 0.0240478515625 -0.09686279296875
0.054290771484375 0.0633964538574219 0.05718994140625 -0.145217895507813
0.0207290649414063 0.0850982666015625 0.0930938720703125 -0.143081665039063
-0.00713348388671874 0.106742858886719 0.1439208984375 -0.0672760009765625
0.0416336059570313 0.0541000366210938 0.0469703674316406 -0.0202980041503906
0.0308685302734375 0.0180206298828125 0.043853759765625 0.0400848388671875
0.0244827270507812 -0.00197792053222656 0.106735229492187 0.0213088989257812
0.014251708984375 -0.0105772018432617 0.114120483398438 -0.0469436645507813
0.00652313232421875 -0.01763916015625 0.0821762084960938 -0.112396240234375
-0.00377273559570313 -0.0336494445800781 0.0365066528320312 -0.130157470703125
-0.00392913818359375 -0.0383262634277344 0.0140914916992187 -0.106163024902344
-0.00359725952148437 -0.0463943481445313 0.0152053833007813 -0.08514404296875
0.0181694030761719 -0.0538787841796875 0.0207138061523438 -0.069976806640625
0.0529975891113281 -0.0400009155273438 0.0116462707519531 -0.0458908081054688
0.0786895751953125 0.000335693359375 0.00881958007812501 -0.0490608215332031
0.0662841796875 0.0749130249023438 0.00926208496093751 -0.08319091796875
0.0289154052734375 0.125205993652344 0.0438003540039062 -0.121208190917969
-0.022705078125 0.134368896484375 0.0831146240234375 -0.111381530761719
-0.0594482421875 0.14727783203125 0.135147094726563 -0.0214080810546875
0.0129470825195313 0.1165771484375 0.0476036071777344 0.012969970703125
0.041839599609375 0.0831832885742188 0.04632568359375 0.0571708679199219
0.0694580078125 0.0348320007324219 0.109107971191406 0.0348358154296875
0.0643577575683594 -0.00914764404296875 0.114479064941406 -0.0308151245117188
0.0467147827148438 -0.047576904296875 0.0842742919921875 -0.095184326171875
0.0203781127929688 -0.0722732543945313 0.0392303466796875 -0.112373352050781
0.0193634033203125 -0.07318115234375 0.0143966674804687 -0.0870742797851563
0.0230026245117188 -0.084381103515625 0.0132560729980469 -0.0638465881347656
0.0528182983398438 -0.0799026489257813 0.0132560729980469 -0.0526199340820312
0.093505859375 -0.0427474975585938 -0.000480651855468743 -0.0302047729492188
0.111534118652344 0.0171127319335938 -0.00428009033203124 -0.0363807678222656
0.0721054077148437 0.1138916015625 -0.0049285888671875 -0.067840576171875
0.0129852294921875 0.168304443359375 0.0312423706054687 -0.0899429321289062
-0.0563812255859375 0.16619873046875 0.0606422424316406 -0.068817138671875
-0.10614013671875 0.163742065429687 0.106124877929688 0.0348434448242188
-0.0238800048828125 0.161148071289063 0.036041259765625 0.0561790466308594
0.03924560546875 0.140380859375 0.0415191650390625 0.0779800415039063
0.102432250976563 0.073822021484375 0.0993576049804688 0.0526809692382813
0.106979370117187 -0.000396728515625 0.101982116699219 -0.0077972412109375
0.0832443237304687 -0.067291259765625 0.0764541625976563 -0.0646591186523438
0.0421905517578125 -0.100227355957031 0.0376052856445313 -0.078338623046875
0.0392608642578125 -0.0967864990234375 0.0129356384277344 -0.0539741516113281
0.043212890625 -0.110488891601563 0.00857734680175782 -0.030517578125
0.0761184692382813 -0.0977325439453125 0.00141334533691407 -0.0254554748535156
0.119834899902344 -0.0442657470703125 -0.0161590576171875 -0.00981426239013672
0.131256103515625 0.0259323120117188 -0.0180759429931641 -0.0222988128662109
0.074371337890625 0.135993957519531 -0.0143394470214844 -0.0520896911621094
-0.00030517578124998 0.1878662109375 0.0246849060058594 -0.05352783203125
-0.0802001953125 0.1754150390625 0.0306644439697266 -0.0202732086181641
-0.13519287109375 0.148513793945313 0.059844970703125 0.0909652709960938
-0.06280517578125 0.17138671875 0.012176513671875 0.102348327636719
0.01824951171875 0.17156982421875 0.0275650024414063 0.0970458984375
0.109519958496094 0.106986999511719 0.0764389038085937 0.0693511962890625
0.128715515136719 0.014984130859375 0.0774078369140625 0.0182571411132813
0.108497619628906 -0.072235107421875 0.0588951110839844 -0.0259475708007813
0.0597610473632812 -0.110832214355469 0.0299835205078125 -0.0347175598144531
0.0527420043945312 -0.105392456054687 0.00961875915527344 -0.0137357711791992
0.0579376220703125 -0.120986938476563 0.00214385986328125 0.00939559936523437
0.0892715454101563 -0.102912902832031 -0.0135164260864258 0.00802993774414062
0.131256103515625 -0.0402755737304688 -0.0334377288818359 0.0125751495361328
0.135101318359375 0.0347900390625 -0.0318355560302734 -0.0109405517578125
0.064178466796875 0.143844604492188 -0.0187721252441406 -0.0390625
-0.0182037353515625 0.185928344726563 0.0224819183349609 -0.0174503326416015
-0.0980072021484375 0.160751342773437 -0.00451469421386719 0.0287189483642578
-0.139350891113281 0.10406494140625 0.00634765625 0.135765075683594
-0.08966064453125 0.142105102539063 -0.018402099609375 0.137840270996094
-0.0129241943359375 0.1639404296875 0.00978088378906251 0.107345581054688
0.0885467529296875 0.119590759277344 0.04559326171875 0.078521728515625
0.121833801269531 0.0313034057617187 0.0444259643554688 0.0391349792480469
0.113197326660156 -0.0611495971679688 0.0333824157714844 0.0126380920410156
0.0667343139648438 -0.102333068847656 0.01812744140625 0.0120220184326172
0.0578536987304688 -0.0981216430664062 0.00427436828613282 0.0289859771728516
0.0636520385742188 -0.113929748535156 -0.00618743896484375 0.0498809814453125
0.0914764404296875 -0.094451904296875 -0.0302047729492187 0.041717529296875
0.12774658203125 -0.030242919921875 -0.0519638061523438 0.0329780578613281
0.123588562011719 0.0424270629882813 -0.0461387634277344 -0.00264739990234374
0.0429458618164062 0.138938903808594 -0.0216388702392578 -0.0298004150390625
-0.0405120849609375 0.163665771484375 0.0168476104736328 0.0135478973388672
-0.108428955078125 0.125411987304687 -0.044189453125 0.0687789916992188
-0.116973876953125 0.0409774780273438 -0.0432891845703125 0.160385131835938
-0.0938796997070313 0.0830459594726562 -0.04638671875 0.156036376953125
-0.03955078125 0.118309020996094 -0.00429534912109376 0.105720520019531
0.04888916015625 0.105140686035156 0.0162734985351562 0.0772171020507813
0.0903244018554688 0.0394134521484375 0.0126457214355469 0.0499038696289063
0.0970458984375 -0.0390625 0.0075225830078125 0.0423469543457031
0.0623092651367187 -0.0772857666015625 0.00427627563476562 0.0526924133300781
0.0542755126953125 -0.0759048461914063 -0.00131225585937499 0.0667190551757813
0.0605010986328125 -0.0904388427734375 -0.016204833984375 0.084991455078125
0.08184814453125 -0.073822021484375 -0.0475311279296875 0.071807861328125
0.109657287597656 -0.0170974731445313 -0.0713043212890625 0.0492095947265625
0.0992889404296875 0.0452728271484375 -0.0619049072265625 0.00220489501953126
0.0176315307617187 0.121566772460938 -0.0265636444091797 -0.0255699157714844
-0.0588531494140625 0.12493896484375 0.00497817993164062 0.0360641479492188
-0.107643127441406 0.0743026733398438 -0.0862579345703125 0.0958633422851563
-0.0751495361328125 -0.027984619140625 -0.07373046875 0.163742065429688
-0.078125 0.0117568969726562 -0.060333251953125 0.155685424804688
-0.054229736328125 0.0516891479492187 -0.0111465454101563 0.0973052978515625
0.00363922119140625 0.0698204040527344 -0.00314712524414062 0.0697402954101563
0.044219970703125 0.0385093688964844 -0.00927352905273438 0.0521965026855469
0.0632171630859375 -0.0113105773925781 -0.0115432739257812 0.0622787475585938
0.0472564697265625 -0.0396308898925781 -0.00690460205078125 0.0803070068359375
0.0409202575683594 -0.0430488586425781 -0.00760650634765624 0.0938873291015625
0.0467681884765625 -0.0545234680175781 -0.0259857177734375 0.110427856445313
0.0609550476074219 -0.04461669921875 -0.064697265625 0.0938034057617188
0.0786285400390625 -0.00397491455078125 -0.088714599609375 0.0594863891601563
0.0663223266601563 0.0402450561523438 -0.0770263671875 0.00351715087890626
-0.00514221191406251 0.0893402099609375 -0.03497314453125 -0.0249900817871094
-0.066558837890625 0.0723495483398437 -0.012542724609375 0.0473251342773438
-0.0917510986328125 0.0145797729492187 -0.124107360839844 0.103614807128906
0.0456695556640625 0.0534896850585938 0.137657165527344 -0.110733032226563
0.0592498779296875 -0.0148200988769531 0.0370750427246094 -0.0439567565917969
0.0109710693359375 -0.0429801940917969 0.0395584106445313 0.0301094055175781
-0.0246658325195312 -0.0312595367431641 0.103096008300781 0.00939178466796875
-0.0351638793945313 -0.00453948974609375 0.1083984375 -0.0617828369140625
-0.0310878753662109 0.0178146362304688 0.0713653564453125 -0.124580383300781
-0.0259037017822266 0.0120353698730469 0.0253448486328125 -0.139671325683594
-0.0283775329589844 0.00317764282226563 0.00553131103515625 -0.116653442382812
-0.0340118408203125 -0.000791549682617189 0.00711059570312499 -0.0973587036132813
-0.026031494140625 -0.0246696472167969 0.0153274536132813 -0.0803909301757813
0.000865936279296872 -0.0430221557617188 0.0143966674804688 -0.06170654296875
0.0396957397460938 -0.0325393676757813 0.0148200988769531 -0.0679130554199219
0.0680885314941406 0.015594482421875 0.0228729248046875 -0.104393005371094
0.0603675842285156 0.0643768310546875 0.0546722412109375 -0.156158447265625
0.025970458984375 0.08984375 0.0929718017578125 -0.159149169921875
-0.0022125244140625 0.114974975585938 0.150863647460938 -0.079193115234375
0.0472602844238281 0.0557518005371094 0.048431396484375 -0.0238838195800781
0.0345382690429687 0.0183944702148437 0.0472068786621094 0.0418624877929688
0.02618408203125 -0.00429725646972656 0.1143798828125 0.0185317993164063
0.0155010223388672 -0.0121393203735352 0.119300842285156 -0.0543670654296875
0.00631904602050781 -0.0203685760498047 0.081207275390625 -0.122291564941406
-0.00566864013671875 -0.0356407165527344 0.0309066772460937 -0.139190673828125
-0.0062713623046875 -0.0402488708496094 0.00810241699218751 -0.112541198730469
-0.00685501098632813 -0.0491104125976563 0.00958251953124999 -0.0913162231445313
0.0165901184082031 -0.0585708618164063 0.0154876708984375 -0.0758438110351563
0.0540618896484375 -0.0454673767089844 0.00959396362304688 -0.0518722534179688
0.0841293334960938 -0.00399017333984375 0.00820159912109375 -0.0552864074707031
0.0741348266601563 0.0757369995117187 0.00803375244140626 -0.0887680053710938
0.0376205444335938 0.131416320800781 0.04156494140625 -0.131683349609375
-0.0182037353515625 0.144866943359375 0.0836868286132813 -0.126029968261719
-0.055877685546875 0.160308837890625 0.1435546875 -0.0296478271484375
0.020416259765625 0.123802185058594 0.0504264831542969 0.0117988586425781
0.0502471923828125 0.0862960815429688 0.0504379272460938 0.0602302551269531
0.0767669677734375 0.0323333740234375 0.116813659667969 0.0335769653320313
0.0683021545410156 -0.0137367248535156 0.119842529296875 -0.0366439819335938
0.0473556518554688 -0.0543861389160156 0.0845870971679688 -0.104454040527344
0.017303466796875 -0.0781631469726563 0.0351333618164062 -0.120689392089844
0.0157470703125 -0.0786056518554688 0.0098724365234375 -0.0925369262695313
0.0182342529296875 -0.0913772583007813 0.00886535644531251 -0.0688095092773438
0.0506057739257813 -0.0885162353515625 0.00869750976562501 -0.0576210021972656
0.096588134765625 -0.0506973266601563 -0.00360107421874999 -0.0346927642822266
0.119697570800781 0.011932373046875 -0.00501632690429687 -0.0408897399902344
0.0841751098632813 0.117889404296875 -0.0065460205078125 -0.0718002319335937
0.0239715576171875 0.178512573242188 0.0295944213867187 -0.0980224609375
-0.0524749755859375 0.180267333984375 0.0607681274414063 -0.0801925659179688
-0.103378295898438 0.1800537109375 0.115165710449219 0.0318832397460938
-0.01593017578125 0.172760009765625 0.039825439453125 0.0585441589355469
0.05084228515625 0.147247314453125 0.0451278686523438 0.0823898315429688
0.114158630371094 0.0726470947265625 0.106910705566406 0.053375244140625
0.1141357421875 -0.00701141357421875 0.108070373535156 -0.01129150390625
0.0843353271484375 -0.0774002075195312 0.0786819458007813 -0.0716781616210938
0.0388412475585938 -0.108695983886719 0.0355377197265625 -0.0848770141601563
0.0351181030273437 -0.105072021484375 0.0101661682128906 -0.0584144592285156
0.0380020141601563 -0.120872497558594 0.00631332397460938 -0.0330734252929688
0.0737457275390625 -0.109283447265625 -0.00261878967285156 -0.0278816223144531
0.124809265136719 -0.0553207397460938 -0.0191440582275391 -0.0115928649902344
0.14190673828125 0.0195465087890625 -0.0192699432373047 -0.0254878997802734
0.0882644653320313 0.140533447265625 -0.0163078308105469 -0.0550308227539062
0.0121002197265625 0.200912475585938 0.0240287780761719 -0.0595436096191406
-0.0770263671875 0.1915283203125 0.0309925079345703 -0.0263442993164062
-0.135711669921875 0.165664672851562 0.0681915283203125 0.09503173828125
-0.0565185546875 0.186111450195313 0.0165939331054687 0.107521057128906
0.0302276611328125 0.182098388671875 0.0307540893554688 0.102363586425781
0.123908996582031 0.107170104980469 0.0826263427734375 0.0728073120117188
0.137832641601563 0.00923919677734375 0.0826797485351563 0.0179519653320313
0.110733032226563 -0.0836029052734375 0.0617637634277344 -0.0299606323242188
0.0563507080078125 -0.120384216308594 0.0302238464355469 -0.0382308959960938
0.049530029296875 -0.115020751953125 0.00930595397949219 -0.0153141021728516
0.052978515625 -0.133056640625 0.002410888671875 0.00950527191162109
0.08746337890625 -0.115608215332031 -0.016143798828125 0.00868606567382812
0.137351989746094 -0.0518417358398438 -0.0365982055664062 0.013763427734375
0.146835327148438 0.0280303955078125 -0.0341472625732422 -0.0112438201904297
0.0777740478515625 0.149124145507813 -0.0202293395996094 -0.0411911010742188
-0.00686645507812501 0.19976806640625 0.0235481262207031 -0.0208644866943359
-0.096343994140625 0.176483154296875 -0.00447273254394532 0.0277671813964844
-0.142318725585938 0.119308471679688 0.0130157470703125 0.145889282226562
-0.0864410400390625 0.156585693359375 -0.014984130859375 0.147369384765625
-0.00326538085937501 0.175369262695313 0.0121612548828125 0.11370849609375
0.102119445800781 0.121894836425781 0.0500335693359375 0.0826950073242188
0.131782531738281 0.0263214111328125 0.0492782592773438 0.0414009094238281
0.117210388183594 -0.0723190307617187 0.0376853942871094 0.0122146606445312
0.0641937255859375 -0.112449645996094 0.0204334259033203 0.0114269256591797
0.0549468994140625 -0.107818603515625 0.00611305236816406 0.0295181274414062
0.0594635009765625 -0.125816345214844 -0.00430679321289063 0.0524368286132812
0.0901336669921875 -0.106620788574219 -0.0310897827148437 0.0448722839355469
0.133697509765625 -0.040802001953125 -0.053863525390625 0.0373039245605469
0.1346435546875 0.036834716796875 -0.0489349365234375 -0.000850677490234362
0.0556640625 0.146255493164063 -0.0235881805419922 -0.0313014984130859
-0.031707763671875 0.176773071289063 0.0187397003173828 0.0117015838623047
-0.108688354492188 0.139289855957031 -0.0441818237304687 0.073486328125
-0.122039794921875 0.0516357421875 -0.0377960205078125 0.175643920898437
-0.0949249267578125 0.09393310546875 -0.04315185546875 0.168060302734375
-0.034454345703125 0.128395080566406 -0.00343322753906251 0.113479614257813
0.0593109130859375 0.108894348144531 0.0190582275390625 0.0836868286132813
0.0986251831054688 0.036407470703125 0.0162925720214844 0.0539207458496094
0.100334167480469 -0.0474929809570313 0.0116233825683594 0.046295166015625
0.0611343383789063 -0.0854721069335938 0.00767135620117187 0.0553436279296875
0.05181884765625 -0.0841445922851563 0.00164794921875 0.0704498291015625
0.0574874877929688 -0.099945068359375 -0.0124893188476563 0.0907363891601563
0.0817794799804688 -0.084381103515625 -0.0475616455078125 0.078399658203125
0.115463256835937 -0.0253219604492187 -0.0734100341796875 0.0558395385742187
0.108749389648438 0.0419464111328125 -0.0656356811523438 0.00560760498046875
0.0268402099609375 0.129165649414063 -0.0291805267333984 -0.0261039733886719
-0.0539321899414062 0.136123657226562 0.00735855102539062 0.036773681640625
-0.110504150390625 0.0841751098632813 -0.0871047973632813 0.104751586914063
-0.0808792114257812 -0.0249404907226563 -0.071563720703125 0.180984497070312
-0.0828781127929688 0.0172119140625 -0.0585174560546875 0.168289184570313
-0.0544548034667969 0.0583381652832031 -0.0104827880859375 0.104217529296875
0.00909423828125 0.073272705078125 -0.00166320800781251 0.0765762329101563
0.0492782592773437 0.03814697265625 -0.00673675537109374 0.0577888488769531
0.0663909912109375 -0.0159759521484375 -0.00726318359375 0.0671348571777344
0.0469779968261719 -0.045623779296875 -0.00255584716796874 0.0854949951171875
0.0404930114746094 -0.0479621887207031 -0.002838134765625 0.0986251831054688
0.0459556579589844 -0.0609321594238281 -0.0208587646484375 0.118179321289063
0.06158447265625 -0.0513267517089844 -0.063720703125 0.102890014648438
0.0832901000976562 -0.00897979736328125 -0.0907440185546875 0.0676956176757812
0.0725326538085938 0.0392303466796875 -0.081878662109375 0.00747680664062502
0.00037384033203126 0.0958404541015625 -0.0387725830078125 -0.0257110595703125
-0.0656051635742188 0.081024169921875 -0.0103530883789063 0.04962158203125
-0.0963668823242188 0.0192031860351562 -0.127372741699219 0.115875244140625
0.0522918701171875 0.0531387329101563 0.137557983398438 -0.12957763671875
0.0619354248046875 -0.0204734802246094 0.0353546142578125 -0.0499916076660156
0.00807571411132812 -0.0456352233886719 0.0439605712890625 0.0301895141601562
-0.0293865203857422 -0.0304660797119141 0.110328674316406 0.00295257568359375
-0.0373001098632813 -0.0017547607421875 0.110343933105469 -0.0729141235351562
-0.0309524536132813 0.0210342407226563 0.0651321411132812 -0.136337280273438
-0.0259819030761719 0.0146389007568359 0.0143280029296875 -0.149002075195313
-0.0296573638916016 0.00694656372070312 -0.00437164306640624 -0.122817993164063
-0.0358200073242188 0.00202560424804688 -0.00157165527343751 -0.103126525878906
-0.0300006866455078 -0.0233421325683594 0.0084686279296875 -0.08636474609375
-0.00311660766601562 -0.0448341369628906 0.00948715209960938 -0.0686874389648438
0.039031982421875 -0.0374488830566406 0.0114364624023438 -0.0756378173828125
0.0730438232421875 0.0106201171875 0.0188674926757813 -0.111717224121094
0.0686759948730469 0.0632972717285156 0.046722412109375 -0.16961669921875
0.034393310546875 0.0935134887695313 0.0860595703125 -0.178970336914062
0.0068359375 0.122627258300781 0.154739379882813 -0.096771240234375
0.0554313659667969 0.0549240112304688 0.0490303039550781 -0.0290298461914062
0.0393829345703125 0.0164794921875 0.0522384643554688 0.0419464111328125
0.0280170440673828 -0.00653076171875 0.122215270996094 0.012237548828125
0.0155420303344727 -0.0144109725952148 0.122245788574219 -0.065887451171875
0.00523757934570313 -0.0230255126953125 0.0762100219726563 -0.134750366210937
-0.00917434692382812 -0.037261962890625 0.0207061767578125 -0.148956298828125
-0.0102996826171875 -0.0415725708007812 -0.00152587890625 -0.118972778320313
-0.01165771484375 -0.0511093139648438 0.00158691406250001 -0.0967483520507813
0.0118179321289063 -0.0633430480957031 0.0084075927734375 -0.0822677612304688
0.05340576171875 -0.0523185729980469 0.00474548339843751 -0.0576629638671875
0.088836669921875 -0.0113906860351563 0.00561904907226563 -0.0616836547851563
0.0857315063476563 0.0741653442382812 0.00395202636718751 -0.0950393676757812
0.0510025024414063 0.136093139648438 0.0350189208984375 -0.142807006835938
-0.0081024169921875 0.156082153320312 0.078826904296875 -0.143783569335937
-0.04608154296875 0.17529296875 0.150497436523438 -0.0428009033203125
0.0330810546875 0.129753112792969 0.0533943176269531 0.00836181640625001
0.0617599487304688 0.0876235961914063 0.0562286376953125 0.0613937377929688
0.0845947265625 0.0272598266601562 0.125892639160156 0.028472900390625
0.071746826171875 -0.0206680297851562 0.124420166015625 -0.0465469360351563
0.0455131530761719 -0.062713623046875 0.0815200805664063 -0.116378784179687
0.01141357421875 -0.0839462280273438 0.026763916015625 -0.129890441894531
0.00972747802734375 -0.0840072631835938 0.00131225585937501 -0.0983352661132813
0.0106887817382812 -0.098297119140625 0.00262451171874999 -0.0731124877929688
0.0451812744140625 -0.0982437133789063 0.0015716552734375 -0.0621147155761719
0.0978775024414063 -0.062347412109375 -0.00811386108398437 -0.0379981994628906
0.128669738769531 0.0012969970703125 -0.00720977783203124 -0.0455436706542969
0.0999069213867187 0.117057800292969 -0.0106124877929687 -0.0763931274414062
0.0411224365234375 0.187271118164062 0.0240020751953125 -0.106117248535156
-0.041107177734375 0.195892333984375 0.0571517944335938 -0.0927658081054688
-0.094085693359375 0.20037841796875 0.125175476074219 0.0249252319335938
-0.0017547607421875 0.18365478515625 0.0452919006347656 0.0586929321289063
0.0674285888671875 0.151901245117188 0.0515518188476563 0.0854263305664063
0.128433227539062 0.066558837890625 0.115852355957031 0.0502471923828125
0.120513916015625 -0.0170059204101563 0.1141357421875 -0.0180587768554688
0.0830078125 -0.090576171875 0.0784378051757813 -0.081024169921875
0.0311737060546875 -0.117683410644531 0.030303955078125 -0.0926666259765625
0.0277862548828125 -0.113548278808594 0.00481414794921875 -0.06243896484375
0.0288467407226563 -0.131881713867188 0.002960205078125 -0.0358428955078125
0.06719970703125 -0.122077941894531 -0.00774002075195312 -0.0301094055175781
0.126815795898438 -0.0697708129882813 -0.0227546691894531 -0.0114860534667969
0.152481079101563 0.007904052734375 -0.0213470458984375 -0.0272293090820312
0.1068115234375 0.141616821289063 -0.0194931030273437 -0.0582771301269531
0.031280517578125 0.211334228515625 0.0214729309082031 -0.0657958984375
-0.066131591796875 0.20977783203125 0.0295295715332031 -0.033487319946289
-0.129409790039063 0.187652587890625 0.080535888671875 0.0955810546875
-0.0436248779296875 0.200897216796875 0.0235366821289062 0.112815856933594
0.0485992431640625 0.190475463867188 0.0374679565429688 0.107696533203125
0.141647338867188 0.10198974609375 0.0919189453125 0.0726165771484375
0.146484375 -0.0028076171875 0.0896530151367188 0.0143585205078125
0.110305786132813 -0.0994186401367187 0.0651893615722656 -0.0350990295410156
0.0484542846679687 -0.132827758789063 0.0287818908691406 -0.0426902770996094
0.041046142578125 -0.125946044921875 0.0076284408569336 -0.0173759460449219
0.0431365966796875 -0.145645141601563 0.00226497650146485 0.0094776153564453
0.0807266235351563 -0.13037109375 -0.0181179046630859 0.00921440124511718
0.14068603515625 -0.0681915283203125 -0.0384063720703125 0.0169830322265625
0.158355712890625 0.0159454345703125 -0.0360527038574219 -0.0108375549316406
0.097564697265625 0.151840209960938 -0.0234718322753906 -0.0430946350097656
0.0115814208984375 0.211273193359375 0.0228900909423828 -0.0254726409912109
-0.0875396728515625 0.195114135742188 -0.00357055664062501 0.0272693634033203
-0.140083312988281 0.1392822265625 0.025909423828125 0.154953002929688
-0.078460693359375 0.172760009765625 -0.0055999755859375 0.157058715820313
0.0120849609375 0.186187744140625 0.0180816650390625 0.120773315429688
0.119529724121094 0.119422912597656 0.0576171875 0.0866241455078125
0.142257690429688 0.0162353515625 0.0556411743164063 0.04156494140625
0.117179870605469 -0.08758544921875 0.042694091796875 0.0108413696289062
0.0574874877929688 -0.12457275390625 0.0229034423828125 0.0106296539306641
0.0484161376953125 -0.118904113769531 0.0086669921875 0.0302257537841797
0.0510330200195312 -0.138435363769531 -0.000663757324218751 0.0550041198730469
0.0846405029296875 -0.121749877929688 -0.0309371948242187 0.0497932434082031
0.138229370117188 -0.0560226440429688 -0.0546913146972656 0.0434494018554688
0.146392822265625 0.026702880859375 -0.0512542724609375 0.00231552124023438
0.0724639892578125 0.150405883789063 -0.0264568328857422 -0.0328006744384765
-0.0163726806640625 0.189544677734375 0.0209865570068359 0.00949859619140626
-0.103973388671875 0.15570068359375 -0.0415725708007812 0.07977294921875
-0.1240234375 0.0650558471679688 -0.026580810546875 0.19134521484375
-0.0918426513671875 0.107955932617188 -0.0348052978515625 0.181472778320313
-0.0252685546875 0.139183044433594 0.00149536132812499 0.121360778808594
0.0729217529296875 0.109367370605469 0.0245819091796875 0.0890274047851563
0.108161926269531 0.029876708984375 0.0216560363769531 0.0577354431152344
0.101654052734375 -0.05987548828125 0.0183029174804688 0.048248291015625
0.056488037109375 -0.0959854125976563 0.0137290954589844 0.0576934814453125
0.0472030639648438 -0.0934066772460937 0.00738525390625 0.0728073120117188
0.0510711669921875 -0.111244201660156 -0.00553894042968749 0.0960845947265625
0.077850341796875 -0.0968093872070313 -0.04486083984375 0.0860214233398438
0.120231628417969 -0.0375823974609375 -0.07342529296875 0.0644989013671875
0.119514465332031 0.0352249145507813 -0.0686569213867187 0.0104179382324219
0.0406036376953125 0.1343994140625 -0.0323066711425781 -0.0267467498779297
-0.0440826416015625 0.148727416992188 0.0114212036132812 0.0365753173828125
-0.110076904296875 0.0979461669921875 -0.0845870971679687 0.116630554199219
-0.0866928100585938 -0.0188522338867188 -0.0611572265625 0.200103759765625
-0.0854721069335937 0.0253753662109375 -0.0508575439453125 0.183700561523438
-0.0518379211425781 0.0664024353027344 -0.00594329833984374 0.111946105957031
0.0165557861328125 0.0764694213867188 0.00268554687499999 0.082611083984375
0.0555267333984375 0.0357322692871094 -0.00179290771484374 0.0634269714355469
0.068450927734375 -0.0234336853027344 -0.000297546386718746 0.0721664428710938
0.0459365844726563 -0.0521774291992187 0.00578308105468751 0.0902862548828125
0.0377922058105469 -0.0542793273925781 0.00542449951171876 0.103446960449219
0.0429344177246094 -0.0687522888183594 -0.0124435424804687 0.126091003417969
0.0598030090332031 -0.05987548828125 -0.0593109130859375 0.113685607910156
0.0873870849609375 -0.0172653198242188 -0.0907821655273438 0.0788116455078125
0.0799179077148438 0.0358200073242188 -0.08624267578125 0.0138931274414062
0.00893402099609376 0.101394653320313 -0.0420799255371094 -0.0254669189453125
-0.0618667602539062 0.0906906127929688 -0.006439208984375 0.0515899658203125
-0.100372314453125 0.0273208618164062 -0.126296997070313 0.1326904296875
0.0593681335449219 0.0495491027832031 0.130477905273438 -0.147796630859375
0.0627784729003906 -0.0270919799804688 0.0309638977050781 -0.0549697875976563
0.00401687622070313 -0.0473785400390625 0.0477333068847656 0.0291099548339844
-0.0333309173583984 -0.0280227661132812 0.115028381347656 -0.00506591796875
-0.0380973815917969 0.00224685668945313 0.1075439453125 -0.0847702026367188
-0.0297431945800781 0.0237083435058594 0.0536346435546875 -0.146286010742188
-0.0247383117675781 0.0172061920166016 0.000396728515625014 -0.154464721679688
-0.0306320190429688 0.0102348327636719 -0.0163497924804687 -0.125442504882813
-0.0362930297851562 0.00643157958984375 -0.012481689453125 -0.105903625488281
-0.0332050323486328 -0.0204734802246094 -0.000930786132812494 -0.0906448364257813
-0.0074310302734375 -0.0455284118652344 0.00260162353515625 -0.0738677978515625
0.0363693237304687 -0.042572021484375 0.00612640380859375 -0.0819168090820312
0.0760269165039062 0.003448486328125 0.0117111206054688 -0.117378234863281
0.0767288208007813 0.0588836669921875 0.0339508056640625 -0.180267333984375
0.0443496704101562 0.0933074951171875 0.072784423828125 -0.19598388671875
0.0185089111328125 0.126380920410156 0.150863647460938 -0.116226196289062
0.0630264282226563 0.051727294921875 0.0473518371582031 -0.0347404479980469
0.0430374145507813 0.0128593444824219 0.0573692321777344 0.0399284362792969
0.0287265777587891 -0.00877761840820313 0.127204895019531 0.00287628173828125
0.0154609680175781 -0.0163679122924805 0.120262145996094 -0.0775146484375
0.00366020202636718 -0.0249042510986328 0.0661468505859375 -0.145599365234375
-0.0127830505371094 -0.0374565124511719 0.0066375732421875 -0.154876708984375
-0.0153961181640625 -0.0412330627441406 -0.0134353637695312 -0.121719360351563
-0.0176048278808594 -0.051910400390625 -0.00960540771484376 -0.099639892578125
0.00530624389648437 -0.0669441223144531 -0.00154876708984375 -0.08575439453125
0.0492401123046875 -0.058868408203125 -0.00228118896484375 -0.0621109008789063
0.09051513671875 -0.0207061767578125 0.000602722167968752 -0.0672721862792969
0.0963592529296875 0.0675430297851563 -0.0018768310546875 -0.0987319946289063
0.0662002563476563 0.136001586914063 0.0242156982421875 -0.151275634765625
0.00636291503906251 0.163131713867188 0.0666046142578125 -0.159072875976563
-0.031097412109375 0.1868896484375 0.152999877929688 -0.0594024658203125
0.0470962524414063 0.130325317382813 0.0548973083496094 0.00339126586914063
0.0736312866210938 0.0837249755859375 0.061859130859375 0.0604171752929688
0.0917129516601563 0.0195388793945313 0.131980895996094 0.0199203491210938
0.072784423828125 -0.0290985107421875 0.12518310546875 -0.05828857421875
0.0402603149414063 -0.0707015991210938 0.0743637084960938 -0.126441955566406
0.00371551513671876 -0.0875778198242188 0.0151290893554687 -0.135826110839844
0.00135040283203124 -0.0874862670898438 -0.0086669921875 -0.100975036621094
0.000358581542968757 -0.102378845214844 -0.00577545166015625 -0.0756378173828125
0.035614013671875 -0.105949401855469 -0.00703430175781249 -0.0648155212402344
0.0945053100585938 -0.0751571655273438 -0.01324462890625 -0.0399665832519531
0.133445739746094 -0.0117950439453125 -0.0111732482910156 -0.0490608215332031
0.115524291992188 0.111312866210938 -0.01593017578125 -0.0788040161132813
0.0617218017578125 0.189010620117187 0.016632080078125 -0.112655639648437
-0.02410888671875 0.207504272460938 0.0505294799804688 -0.104019165039063
-0.07843017578125 0.216827392578125 0.132972717285156 0.0134506225585938
0.0167694091796875 0.189117431640625 0.0512428283691406 0.0568046569824219
0.085479736328125 0.149917602539063 0.0589218139648438 0.0855636596679688
0.139823913574219 0.0550308227539063 0.123428344726563 0.04400634765625
0.123138427734375 -0.0306015014648437 0.116455078125 -0.0274658203125
0.0762863159179688 -0.103363037109375 0.0741348266601563 -0.0905532836914063
0.02001953125 -0.124366760253906 0.0221481323242188 -0.0976715087890625
0.0165328979492187 -0.119651794433594 -0.00196075439453124 -0.064666748046875
0.0155029296875 -0.138076782226563 -0.0012359619140625 -0.0373458862304688
0.0556182861328125 -0.133331298828125 -0.0135421752929687 -0.0305213928222656
0.12396240234375 -0.0857467651367188 -0.0256080627441406 -0.0107784271240234
0.15966796875 -0.00823974609375 -0.0243473052978515 -0.0286178588867188
0.125328063964844 0.134544372558594 -0.0236778259277344 -0.0594253540039062
0.0547027587890625 0.214935302734375 0.016632080078125 -0.0703201293945312
-0.0483551025390625 0.223403930664062 0.0258102416992188 -0.0399589538574219
-0.114181518554688 0.207366943359375 0.093292236328125 0.0918426513671875
-0.0246734619140625 0.211013793945313 0.0338287353515625 0.114242553710938
0.0697479248046875 0.191543579101563 0.0454330444335938 0.109161376953125
0.157073974609375 0.090850830078125 0.0997695922851563 0.068695068359375
0.151626586914063 -0.0182647705078125 0.0938873291015625 0.0086517333984375
0.103042602539062 -0.115081787109375 0.0655136108398438 -0.0416374206542969
0.0363311767578125 -0.141738891601563 0.0262031555175781 -0.0464439392089844
0.0289077758789062 -0.133903503417969 0.00469970703125 -0.0190677642822266
0.0281524658203125 -0.1546630859375 0.00219774246215821 0.00864696502685546
0.0680999755859375 -0.143707275390625 -0.0196361541748047 0.0112628936767578
0.137840270996094 -0.085784912109375 -0.0389900207519531 0.0203475952148437
0.16607666015625 -0.0002899169921875 -0.0381965637207031 -0.00949096679687499
0.116973876953125 0.146408081054688 -0.0262985229492187 -0.0441055297851563
0.0345001220703125 0.216400146484375 0.0223884582519531 -0.0297813415527344
-0.0723419189453125 0.210647583007813 -0.00242996215820313 0.0261821746826172
-0.130416870117188 0.15814208984375 0.0425262451171875 0.158966064453125
-0.062896728515625 0.185134887695313 0.0072784423828125 0.162750244140625
0.0315093994140625 0.191085815429688 0.0274581909179688 0.125038146972656
0.136177062988281 0.110671997070313 0.0657119750976563 0.086517333984375
0.148681640625 0.002410888671875 0.0617485046386719 0.0399360656738281
0.111396789550781 -0.103599548339844 0.0476455688476563 0.00743865966796874
0.0465545654296875 -0.134674072265625 0.0258979797363281 0.00890541076660155
0.03741455078125 -0.12738037109375 0.0106849670410156 0.0290412902832031
0.0369720458984375 -0.14825439453125 0.00424957275390625 0.0564117431640625
0.0736312866210938 -0.134635925292969 -0.028167724609375 0.0537872314453125
0.137397766113281 -0.073638916015625 -0.05340576171875 0.0498504638671875
0.153717041015625 0.0123138427734375 -0.0516700744628906 0.00559997558593751
0.091796875 0.1475830078125 -0.0296897888183594 -0.0328903198242187
0.0027008056640625 0.196395874023438 0.0226764678955078 0.00678253173828126
-0.092620849609375 0.171585083007812 -0.0366744995117188 0.0848236083984375
-0.120643615722656 0.0800018310546875 -0.00883483886718753 0.202590942382813
-0.0841827392578125 0.120567321777344 -0.0204315185546875 0.191253662109375
-0.01141357421875 0.14617919921875 0.00949096679687501 0.125885009765625
0.087005615234375 0.10491943359375 0.0322265625 0.0923385620117188
0.114555358886719 0.0201034545898438 0.0286407470703125 0.0597991943359375
0.0986099243164063 -0.0726165771484375 0.0261917114257813 0.0481529235839844
0.047698974609375 -0.105072021484375 0.020355224609375 0.0575332641601562
0.039093017578125 -0.100318908691406 0.014373779296875 0.0737686157226563
0.0408782958984375 -0.120353698730469 0.00392150878906249 0.0988082885742187
0.0689163208007812 -0.107658386230469 -0.0384750366210937 0.0924453735351563
0.120010375976563 -0.0518417358398438 -0.069580078125 0.073822021484375
0.127037048339844 0.0239410400390625 -0.0694541931152344 0.0157928466796875
0.0564956665039062 0.13446044921875 -0.0352096557617188 -0.025634765625
-0.0294952392578125 0.157119750976563 0.0149803161621094 0.0358657836914063
-0.104393005371094 0.111015319824219 -0.076873779296875 0.127960205078125
-0.0904998779296875 -0.0111618041992188 -0.0439453125 0.21563720703125
-0.0848312377929688 0.0352630615234375 -0.0366363525390625 0.19488525390625
-0.0464630126953125 0.0729293823242188 0.00127410888671874 0.117225646972656
0.0261459350585938 0.0771942138671875 0.00913238525390626 0.0878677368164063
0.0611648559570313 0.0313034057617188 0.00460052490234375 0.0680694580078125
0.0676994323730469 -0.0323028564453125 0.00845336914062501 0.075164794921875
0.0416603088378906 -0.0585212707519531 0.0151824951171875 0.0922164916992188
0.0340385437011719 -0.0607414245605469 0.015380859375 0.105575561523438
0.0373306274414063 -0.076507568359375 -0.00081634521484376 0.129974365234375
0.0549163818359375 -0.0681037902832031 -0.0506591796875 0.122039794921875
0.088714599609375 -0.027374267578125 -0.0857696533203125 0.08935546875
0.0866012573242188 0.028472900390625 -0.0869827270507813 0.0220413208007813
0.0192337036132813 0.104179382324219 -0.0457115173339844 -0.0237617492675781
-0.0536651611328125 0.0985565185546875 -0.00149154663085938 0.0521812438964844
-0.100990295410156 0.0369033813476563 -0.117645263671875 0.148696899414063
0.0632400512695313 0.0458450317382813 0.118911743164063 -0.161087036132813
0.0598182678222656 -0.0334091186523438 0.025787353515625 -0.0586090087890625
0.000743865966796872 -0.0478744506835938 0.0497779846191406 0.0257987976074219
-0.0353164672851563 -0.0252189636230469 0.116256713867188 -0.0139083862304688
-0.038116455078125 0.00514602661132813 0.101219177246094 -0.0925979614257813
-0.0282306671142578 0.0271568298339844 0.0420684814453125 -0.150543212890625
-0.0229320526123047 0.0194664001464844 -0.0125579833984375 -0.15472412109375
-0.0296726226806641 0.0132312774658203 -0.0292434692382813 -0.122917175292969
-0.0363578796386719 0.00973892211914063 -0.022705078125 -0.105735778808594
-0.0339298248291016 -0.0180873870849609 -0.0102081298828125 -0.0908355712890625
-0.0117835998535156 -0.0449714660644531 -0.00438690185546876 -0.0758209228515625
0.0318946838378906 -0.0457534790039063 -0.00029754638671875 -0.0855255126953125
0.0755767822265625 -0.0029144287109375 0.00564575195312501 -0.118309020996094
0.0827865600585938 0.0523681640625 0.0227508544921875 -0.183837890625
0.0520248413085938 0.09075927734375 0.056976318359375 -0.206222534179687
0.0280685424804688 0.126274108886719 0.14404296875 -0.130172729492188
0.06884765625 0.0450859069824219 0.04339599609375 -0.0402183532714844
0.0443267822265625 0.0100250244140625 0.0589408874511719 0.0380897521972656
0.0289173126220703 -0.0126190185546875 0.130088806152344 -0.007049560546875
0.0135498046875 -0.0184268951416016 0.11505126953125 -0.0872421264648438
0.00113487243652344 -0.0266208648681641 0.0538787841796875 -0.150787353515625
-0.0154876708984375 -0.0366668701171875 -0.007537841796875 -0.15576171875
-0.0196075439453125 -0.0394744873046875 -0.0256729125976563 -0.120330810546875
-0.0227317810058594 -0.0502967834472656 -0.0189743041992188 -0.09796142578125
-0.00206756591796875 -0.0658111572265625 -0.0102386474609375 -0.085479736328125
0.0450057983398438 -0.0642509460449219 -0.0084381103515625 -0.0630722045898437
0.09027099609375 -0.0282211303710937 -0.00376892089843749 -0.0714874267578125
0.102104187011719 0.0583953857421875 -0.00742340087890625 -0.099029541015625
0.0787277221679688 0.130821228027344 0.013427734375 -0.154296875
0.0195770263671875 0.165512084960938 0.0543975830078125 -0.168075561523438
-0.0146484375 0.191299438476563 0.14892578125 -0.0750885009765625
0.05914306640625 0.126144409179688 0.0548553466796875 -0.00117111206054687
0.0816879272460937 0.077972412109375 0.0648574829101563 0.0568351745605469
0.0947189331054688 0.0101089477539063 0.135185241699219 0.0122604370117188
0.0702972412109375 -0.0352630615234375 0.121482849121094 -0.067108154296875
0.0342636108398438 -0.074798583984375 0.064208984375 -0.131851196289062
-0.0044708251953125 -0.0885772705078125 0.00245666503906249 -0.136611938476563
-0.00656890869140626 -0.0866775512695313 -0.0177536010742187 -0.0995254516601563
-0.00925445556640626 -0.102546691894531 -0.0133132934570312 -0.0758590698242188
0.024627685546875 -0.110107421875 -0.0146751403808594 -0.0644798278808594
0.0882720947265625 -0.0844802856445313 -0.0184783935546875 -0.0410957336425781
0.132743835449219 -0.0236740112304688 -0.0148468017578125 -0.0520286560058594
0.126205444335938 0.100982666015625 -0.0200424194335937 -0.0791549682617188
0.07891845703125 0.184768676757813 0.00930023193359376 -0.115867614746094
-0.00659179687499999 0.210952758789063 0.0396270751953125 -0.111434936523437
-0.0598907470703125 0.224533081054688 0.136054992675781 0.00152587890625001
0.0338897705078125 0.188339233398438 0.0548210144042969 0.0510673522949219
0.100051879882813 0.142745971679688 0.0639266967773438 0.0838775634765625
0.145950317382813 0.0423583984375 0.126510620117188 0.0359954833984375
0.120819091796875 -0.0422897338867188 0.116188049316406 -0.0354690551757813
0.0662841796875 -0.111160278320312 0.068756103515625 -0.0959396362304688
0.00959777832031251 -0.128143310546875 0.0137557983398437 -0.100547790527344
0.0047149658203125 -0.122749328613281 -0.00788116455078125 -0.0645751953125
0.00136566162109374 -0.139968872070313 -0.0055389404296875 -0.0380859375
0.0422897338867187 -0.138923645019531 -0.0188255310058594 -0.0297966003417969
0.115989685058594 -0.098052978515625 -0.0280933380126953 -0.00906944274902345
0.16009521484375 -0.023345947265625 -0.0268268585205078 -0.0307159423828125
0.139427185058594 0.124435424804687 -0.02777099609375 -0.05938720703125
0.0754852294921875 0.2108154296875 0.0123977661132813 -0.0737991333007813
-0.03045654296875 0.230270385742188 0.0222053527832031 -0.0447654724121094
-0.0967559814453125 0.218658447265625 0.101966857910156 0.0848617553710938
-0.00642395019531249 0.21429443359375 0.0421905517578125 0.111717224121094
0.0879364013671875 0.185745239257812 0.0519790649414063 0.108131408691406
0.167510986328125 0.07666015625 0.105461120605469 0.0634765625
0.151382446289063 -0.0324554443359375 0.09649658203125 0.00135040283203125
0.0921554565429688 -0.126396179199219 0.0641746520996094 -0.0478973388671875
0.023223876953125 -0.14453125 0.0218772888183594 -0.0495262145996094
0.016845703125 -0.138168334960938 0.00355148315429688 -0.0203590393066406
0.0131072998046875 -0.158493041992188 0.00266551971435547 0.00996208190917968
0.05419921875 -0.1497802734375 -0.0203342437744141 0.0130405426025391
0.130027770996094 -0.0989761352539063 -0.0374984741210937 0.0239906311035156
0.1678466796875 -0.0167694091796875 -0.0375633239746094 -0.00994873046875
0.132530212402344 0.136268615722656 -0.0285758972167969 -0.0438575744628906
0.056121826171875 0.213424682617188 0.0206336975097656 -0.0324420928955078
-0.05450439453125 0.218551635742188 -0.000795364379882817 0.0249385833740235
-0.117385864257813 0.171417236328125 0.057281494140625 0.157180786132813
-0.046234130859375 0.191558837890625 0.01904296875 0.1627197265625
0.0484771728515625 0.18853759765625 0.036285400390625 0.124351501464844
0.147491455078125 0.0987701416015625 0.0713958740234375 0.0830917358398437
0.149612426757813 -0.0113067626953125 0.06597900390625 0.0371322631835938
0.102432250976563 -0.115242004394531 0.0501899719238281 0.00393295288085937
0.0339431762695313 -0.139251708984375 0.0264396667480469 0.00688171386718749
0.0262069702148438 -0.131683349609375 0.0124645233154297 0.0287189483642578
0.0222015380859375 -0.153076171875 0.00895309448242187 0.0547294616699219
0.0608673095703125 -0.142105102539063 -0.0256195068359375 0.0566825866699219
0.130790710449219 -0.0866546630859375 -0.0491676330566406 0.0536346435546875
0.156265258789063 -0.002593994140625 -0.0511856079101562 0.0080413818359375
0.10675048828125 0.139930725097656 -0.0311336517333984 -0.0330600738525391
0.022125244140625 0.19696044921875 0.0235424041748047 0.00347518920898439
-0.0783538818359375 0.18017578125 -0.0304794311523437 0.0869979858398438
-0.113845825195313 0.0911331176757813 0.009368896484375 0.20538330078125
-0.0723953247070313 0.128738403320312 -0.0059661865234375 0.193069458007813
9.0739264742454E-18 0.148193359375 0.0177993774414062 0.12762451171875
0.0963211059570312 0.0970687866210937 0.0369415283203125 0.0919952392578125
0.118118286132813 0.0093231201171875 0.0348587036132813 0.0593032836914063
0.0916900634765625 -0.0827407836914063 0.0313758850097656 0.0464248657226562
0.0382843017578125 -0.108894348144531 0.0250129699707031 0.0557136535644531
0.0291748046875 -0.105171203613281 0.020782470703125 0.0727386474609375
0.0291671752929687 -0.125015258789063 0.0120620727539062 0.0988006591796875
0.058624267578125 -0.114097595214844 -0.031768798828125 0.09442138671875
0.1156005859375 -0.0651931762695313 -0.0640411376953125 0.08056640625
0.130706787109375 0.0113449096679688 -0.067779541015625 0.0200767517089844
0.0705795288085938 0.130172729492188 -0.03826904296875 -0.0249748229980469
-0.015380859375 0.158065795898438 0.0186729431152344 0.0333080291748047
-0.0957183837890625 0.1202392578125 -0.0652923583984375 0.133544921875
-0.0903167724609375 -0.00224304199218751 -0.0250396728515625 0.223678588867188
-0.0822296142578125 0.0423507690429688 -0.0215301513671875 0.1998291015625
-0.0397186279296875 0.0803985595703125 0.00752258300781249 0.118255615234375
0.033416748046875 0.0733718872070312 0.0144119262695312 0.09027099609375
0.0643768310546875 0.0255622863769531 0.0112228393554687 0.0679740905761719
0.0648765563964844 -0.039215087890625 0.017333984375 0.0741119384765625
0.03472900390625 -0.0627861022949219 0.0232696533203125 0.0915298461914063
0.0277595520019531 -0.0623779296875 0.0245208740234375 0.104049682617188
0.0301284790039063 -0.0804061889648438 0.0100021362304688 0.129753112792969
0.0495376586914062 -0.0745391845703125 -0.0407333374023437 0.126083374023438
0.087310791015625 -0.0363311767578125 -0.0783615112304687 0.0981979370117188
0.0907745361328125 0.0218276977539063 -0.0854644775390625 0.02874755859375
0.0288314819335938 0.103271484375 -0.0468559265136719 -0.0217361450195312
-0.04620361328125 0.102485656738281 0.00203323364257812 0.0510749816894531
-0.0985107421875 0.0443344116210938 -0.105789184570313 0.15960693359375
0.0652732849121094 0.0421257019042969 0.108428955078125 -0.1680908203125
0.0587272644042969 -0.0364418029785156 0.0204734802246094 -0.06048583984375
-0.00128555297851562 -0.0484886169433594 0.0506439208984375 0.0251655578613281
-0.0366439819335938 -0.0230903625488281 0.115013122558594 -0.0200881958007812
-0.0378799438476563 0.00771331787109375 0.0975570678710937 -0.0978546142578125
-0.0266342163085937 0.0282230377197266 0.0335693359375 -0.152023315429688
-0.0222187042236328 0.0211620330810547 -0.0223846435546875 -0.152862548828125
-0.0277748107910156 0.0161228179931641 -0.035919189453125 -0.120353698730469
-0.0357933044433594 0.0127372741699219 -0.0298690795898438 -0.103446960449219
-0.0360450744628906 -0.0149688720703125 -0.0171051025390625 -0.0892333984375
-0.0144844055175781 -0.0430526733398438 -0.01092529296875 -0.078094482421875
0.0298309326171875 -0.0480537414550781 -0.00540161132812499 -0.0884857177734375
0.075164794921875 -0.00746917724609375 0.000213623046874995 -0.119117736816406
0.084747314453125 0.0483245849609375 0.012969970703125 -0.185440063476563
0.05792236328125 0.088775634765625 0.044158935546875 -0.21173095703125
0.0357208251953125 0.125717163085938 0.134407043457031 -0.138671875
0.0711288452148438 0.0417251586914063 0.0398788452148438 -0.0423088073730469
0.0466651916503906 0.00722122192382812 0.0609054565429688 0.03643798828125
0.0286712646484375 -0.0143775939941406 0.1290283203125 -0.0121917724609375
0.0133800506591797 -0.0199775695800781 0.110649108886719 -0.0924835205078125
-0.00231361389160157 -0.0272579193115234 0.0461273193359375 -0.153106689453125
-0.0188789367675781 -0.0367889404296875 -0.01611328125 -0.154067993164063
-0.02203369140625 -0.0381965637207031 -0.0322647094726562 -0.117271423339844
-0.0258331298828125 -0.04815673828125 -0.0257339477539062 -0.09722900390625
-0.00613784790039063 -0.0661163330078125 -0.0177764892578125 -0.0849456787109375
0.0398445129394531 -0.066162109375 -0.0137062072753906 -0.0643234252929688
0.0869064331054688 -0.03515625 -0.00820922851562499 -0.0738601684570313
0.105361938476563 0.0533065795898438 -0.0109634399414062 -0.100311279296875
0.08660888671875 0.126167297363281 0.00717163085937501 -0.155593872070313
0.029388427734375 0.16351318359375 0.043304443359375 -0.174606323242188
-0.00320434570312502 0.192062377929688 0.144943237304688 -0.083282470703125
0.0665740966796875 0.1217041015625 0.0533370971679688 -0.00571441650390624
0.0873794555664062 0.073883056640625 0.0679168701171875 0.0568580627441406
0.0959854125976563 0.00464630126953125 0.135116577148438 0.005584716796875
0.0687637329101563 -0.04052734375 0.117790222167969 -0.0725555419921875
0.0280685424804687 -0.0783615112304688 0.0574874877929688 -0.135490417480469
-0.0103607177734375 -0.0893173217773438 -0.00536346435546874 -0.136802673339844
-0.0125961303710938 -0.0866470336914063 -0.0244903564453125 -0.097747802734375
-0.0172653198242188 -0.101776123046875 -0.0189590454101562 -0.0736541748046875
0.017120361328125 -0.110450744628906 -0.0209884643554688 -0.0626068115234375
0.08184814453125 -0.0900650024414063 -0.0222854614257812 -0.0407180786132813
0.13165283203125 -0.0334701538085938 -0.0173759460449219 -0.0540580749511719
0.133010864257812 0.0928802490234375 -0.0230331420898437 -0.0799407958984375
0.0910186767578125 0.17913818359375 0.00354766845703127 -0.116409301757813
0.00569152832031249 0.213470458984375 0.0325088500976562 -0.116683959960937
-0.0452423095703125 0.228195190429688 0.135826110839844 -0.00707244873046874
0.0442657470703125 0.18438720703125 0.0571136474609375 0.0481986999511719
0.109092712402344 0.1368408203125 0.0669326782226563 0.0818328857421875
0.14935302734375 0.0321807861328125 0.129096984863281 0.0315780639648437
0.118156433105469 -0.0501785278320313 0.113937377929688 -0.0399932861328125
0.05780029296875 -0.116127014160156 0.0642166137695313 -0.100166320800781
0.000541687011718738 -0.128578186035156 0.00716400146484376 -0.100975036621094
-0.00330352783203125 -0.121223449707031 -0.0137100219726563 -0.0635147094726563
-0.00868225097656251 -0.140052795410156 -0.00835418701171875 -0.0375518798828125
0.0314788818359375 -0.14111328125 -0.0226593017578125 -0.0278263092041016
0.108856201171875 -0.1065673828125 -0.0302352905273437 -0.0093536376953125
0.157882690429688 -0.0347900390625 -0.0280113220214844 -0.0320987701416016
0.14715576171875 0.114654541015625 -0.0294837951660156 -0.0593490600585937
0.0892486572265625 0.205307006835938 0.00907135009765625 -0.075042724609375
-0.0164337158203125 0.232040405273438 0.0176506042480469 -0.0482215881347656
-0.0825347900390625 0.22430419921875 0.107620239257813 0.0778274536132813
0.00685119628906248 0.212173461914063 0.0481338500976563 0.108734130859375
0.099212646484375 0.1805419921875 0.0567855834960938 0.107231140136719
0.171585083007813 0.0648651123046875 0.108711242675781 0.060760498046875
0.147857666015625 -0.042266845703125 0.0967254638671875 -0.00146484375
0.082366943359375 -0.132034301757813 0.0624198913574219 -0.0509757995605469
0.013092041015625 -0.147598266601563 0.0191116333007813 -0.0504302978515625
0.00795745849609375 -0.138076782226563 7.24792480468765E-05 -0.0197963714599609
0.0016021728515625 -0.15899658203125 0.00184535980224609 0.00703287124633788
0.0425262451171875 -0.153152465820313 -0.0219860076904297 0.0142459869384765
0.123023986816406 -0.109840393066406 -0.0374259948730469 0.02490234375
0.166351318359375 -0.028533935546875 -0.0385017395019531 -0.00998687744140625
0.141342163085938 0.127182006835938 -0.0316200256347656 -0.0440330505371094
0.0690765380859375 0.209609985351563 0.0186920166015625 -0.0352935791015625
-0.041259765625 0.222152709960937 -0.000661849975585941 0.0228271484375
-0.1048583984375 0.177902221679688 0.06646728515625 0.153182983398438
-0.034576416015625 0.192977905273438 0.0279083251953125 0.160690307617187
0.060546875 0.185714721679688 0.0390090942382813 0.123558044433594
0.153228759765625 0.0885009765625 0.0758438110351563 0.0826492309570313
0.148605346679688 -0.0215911865234375 0.0687141418457031 0.0345497131347656
0.0932235717773438 -0.122673034667969 0.0512580871582031 0.000465393066406243
0.0245361328125 -0.142425537109375 0.0268611907958984 0.00406455993652343
0.0164642333984375 -0.133041381835937 0.0132255554199219 0.0269699096679687
0.01202392578125 -0.154815673828125 0.0116729736328125 0.05401611328125
0.0489959716796875 -0.146133422851563 -0.0230255126953125 0.0574836730957031
0.124588012695313 -0.0970535278320313 -0.04632568359375 0.0566673278808594
0.15740966796875 -0.013946533203125 -0.05072021484375 0.00831604003906249
0.115882873535156 0.132644653320313 -0.0332984924316406 -0.0316925048828125
0.035064697265625 0.194244384765625 0.0237026214599609 0.000112533569335949
-0.067596435546875 0.185653686523438 -0.0259780883789063 0.0875473022460938
-0.106048583984375 0.0988311767578125 0.0222625732421875 0.205718994140625
-0.064208984375 0.131706237792969 0.00389099121093749 0.194229125976563
0.0101470947265625 0.147994995117188 0.0221939086914062 0.127861022949219
0.103408813476563 0.090240478515625 0.0426177978515625 0.0927200317382813
0.118186950683594 0.001739501953125 0.0383453369140625 0.0589561462402344
0.0849456787109375 -0.0899581909179688 0.0358200073242188 0.0446357727050781
0.0306472778320312 -0.113227844238281 0.0299301147460938 0.0534553527832031
0.0223312377929688 -0.107337951660156 0.0240325927734375 0.0699310302734375
0.020416259765625 -0.127555847167969 0.0173110961914062 0.0960617065429687
0.0501480102539063 -0.118499755859375 -0.0272445678710937 0.096405029296875
0.112220764160156 -0.0732345581054688 -0.0589981079101563 0.0826644897460938
0.131988525390625 0.0031890869140625 -0.0659332275390625 0.0232582092285156
0.0787734985351563 0.125961303710938 -0.03887939453125 -0.0238456726074219
-0.00485229492187501 0.159805297851562 0.0199699401855469 0.0305347442626953
-0.08831787109375 0.126258850097656 -0.0596923828125 0.137245178222656
-0.089385986328125 0.00248718261718749 -0.0105133056640625 0.226318359375
-0.0779495239257812 0.0465240478515625 -0.0117950439453125 0.2015380859375
-0.0353317260742187 0.0821685791015625 0.0125198364257813 0.120330810546875
0.03839111328125 0.0714645385742188 0.0191879272460938 0.0911712646484375
0.0662765502929688 0.0202522277832031 0.015869140625 0.0695304870605469
0.0617828369140625 -0.0434608459472656 0.0223464965820312 0.0734176635742187
0.0308647155761719 -0.0651206970214844 0.0304641723632812 0.0888900756835938
0.024261474609375 -0.0654487609863281 0.03009033203125 0.101432800292969
0.0252914428710937 -0.0823898315429688 0.0183944702148437 0.128593444824219
0.0434646606445313 -0.076812744140625 -0.0331802368164062 0.128204345703125
0.084991455078125 -0.0415573120117188 -0.0724334716796875 0.100685119628906
0.0914764404296875 0.0161361694335938 -0.0834732055664063 0.0318756103515625
0.036468505859375 0.101432800292969 -0.0489120483398437 -0.020263671875
-0.0391921997070312 0.104957580566406 0.00587844848632812 0.0495834350585938
-0.0958480834960938 0.0495834350585937 -0.09619140625 0.1650390625
0.0669631958007813 0.0411911010742187 0.101760864257813 -0.17559814453125
0.0578880310058594 -0.0398750305175781 0.0163192749023438 -0.061248779296875
-0.00246047973632813 -0.0484580993652344 0.0518836975097656 0.0254669189453125
-0.0380325317382813 -0.0214729309082031 0.1168212890625 -0.0234603881835937
-0.03729248046875 0.00976562500000001 0.0959625244140625 -0.101699829101562
-0.0259742736816406 0.0297031402587891 0.0280914306640625 -0.153884887695313
-0.0214996337890625 0.0225009918212891 -0.029632568359375 -0.152801513671875
-0.0271358489990234 0.0189418792724609 -0.04156494140625 -0.118888854980469
-0.0352706909179688 0.0152397155761719 -0.0359268188476562 -0.102462768554688
-0.0364227294921875 -0.0127754211425781 -0.0224075317382813 -0.0901718139648438
-0.0168228149414063 -0.0420379638671875 -0.0149612426757813 -0.08001708984375
0.027679443359375 -0.0496826171875 -0.00910186767578125 -0.091827392578125
0.0755462646484375 -0.01080322265625 -0.000717163085937492 -0.121360778808594
0.0879364013671875 0.0458602905273438 0.00781249999999998 -0.189071655273438
0.0622787475585937 0.0881118774414062 0.0369415283203125 -0.219482421875
0.0410842895507812 0.126518249511719 0.130905151367188 -0.147506713867188
0.0740280151367187 0.0387725830078125 0.0368423461914063 -0.0448989868164062
0.0487785339355469 0.00600814819335938 0.0626754760742188 0.0368919372558594
0.0291862487792969 -0.0167217254638672 0.130615234375 -0.0157623291015625
0.0122394561767578 -0.0209484100341797 0.109733581542969 -0.0963516235351562
-0.00406837463378906 -0.0276470184326172 0.04119873046875 -0.155975341796875
-0.0209083557128906 -0.0364189147949219 -0.0228271484375 -0.154739379882813
-0.0235176086425781 -0.037017822265625 -0.0386199951171875 -0.116226196289063
-0.0292854309082031 -0.0469970703125 -0.0314865112304687 -0.0972137451171875
-0.00980377197265626 -0.0658302307128906 -0.0232620239257812 -0.0846023559570313
0.0372962951660156 -0.0688362121582031 -0.0176811218261719 -0.0660514831542969
0.0870742797851563 -0.0391464233398438 -0.0112533569335938 -0.0772171020507813
0.108489990234375 0.04986572265625 -0.0123062133789062 -0.102088928222656
0.0932540893554688 0.124244689941406 0.00323486328125 -0.158599853515625
0.036590576171875 0.16546630859375 0.03643798828125 -0.180648803710937
0.00384521484374998 0.195663452148438 0.143081665039063 -0.09112548828125
0.07257080078125 0.119224548339844 0.0518875122070313 -0.00785827636718749
0.0927658081054687 0.0711898803710937 0.0690803527832031 0.0569343566894531
0.0975570678710938 -0.0006866455078125 0.1375732421875 0.00225830078125
0.0674362182617187 -0.0452041625976562 0.117599487304688 -0.0757217407226563
0.0234375 -0.0811614990234375 0.0532760620117188 -0.139328002929688
-0.0155029296875 -0.0901947021484375 -0.0113143920898438 -0.13702392578125
-0.0168914794921875 -0.0866851806640625 -0.0304183959960937 -0.0965728759765625
-0.022705078125 -0.101272583007813 -0.0234832763671875 -0.07403564453125
0.0111312866210938 -0.111656188964844 -0.0255622863769531 -0.0619354248046875
0.0781784057617188 -0.09576416015625 -0.0251350402832031 -0.0414237976074219
0.131614685058594 -0.0402908325195312 -0.0201835632324219 -0.0575942993164062
0.138282775878906 0.088470458984375 -0.0239639282226563 -0.0806427001953125
0.100204467773438 0.17724609375 0.00104522705078125 -0.1195068359375
0.01446533203125 0.216354370117188 0.0275115966796875 -0.121772766113281
-0.03643798828125 0.233673095703125 0.137008666992188 -0.0129547119140625
0.053741455078125 0.184555053710938 0.0576095581054687 0.0454292297363281
0.116218566894531 0.134468078613281 0.069305419921875 0.083038330078125
0.152923583984375 0.024932861328125 0.131500244140625 0.0294036865234375
0.117195129394531 -0.0567474365234375 0.11474609375 -0.0430374145507813
0.052001953125 -0.120796203613281 0.0615615844726563 -0.103584289550781
-0.00587463378906249 -0.130088806152344 0.003204345703125 -0.101882934570313
-0.00873565673828124 -0.122848510742187 -0.0174331665039063 -0.062896728515625
-0.016357421875 -0.14117431640625 -0.0121040344238281 -0.0372505187988281
0.0235137939453125 -0.143646240234375 -0.0259799957275391 -0.0268745422363281
0.104690551757813 -0.114364624023437 -0.0315456390380859 -0.00908470153808594
0.157821655273438 -0.043212890625 -0.0304374694824219 -0.0344963073730469
0.1546630859375 0.109512329101563 -0.0306053161621094 -0.0609016418457031
0.0991058349609375 0.203399658203125 0.00772094726562501 -0.0778884887695312
-0.00784301757812502 0.237060546875 0.0145339965820313 -0.0510025024414062
-0.0742645263671875 0.23046875 0.112136840820312 0.0739517211914063
0.0156707763671875 0.213363647460938 0.0508270263671875 0.106582641601563
0.107955932617188 0.179000854492188 0.0591278076171875 0.108612060546875
0.17694091796875 0.0574188232421875 0.111198425292969 0.060089111328125
0.148529052734375 -0.0496826171875 0.0987701416015625 -0.00222015380859375
0.0757904052734375 -0.138275146484375 0.0622787475585938 -0.0544548034667969
0.00624084472656249 -0.150421142578125 0.0169029235839844 -0.0525550842285156
0.000709533691406252 -0.140052795410156 -0.00207328796386719 -0.0194454193115234
-0.00700378417968751 -0.160797119140625 0.000805377960205077 0.00672626495361327
0.0342559814453125 -0.156265258789063 -0.023895263671875 0.0157546997070312
0.118568420410156 -0.118064880371094 -0.037353515625 0.0259590148925781
0.166641235351563 -0.03753662109375 -0.0400161743164063 -0.0118675231933594
0.149002075195313 0.122589111328125 -0.0330276489257812 -0.0450782775878906
0.079986572265625 0.208267211914062 0.0181312561035156 -0.0381278991699219
-0.033477783203125 0.227264404296875 -0.00128555297851562 0.0218448638916016
-0.098388671875 0.184341430664063 0.07403564453125 0.15277099609375
-0.0271759033203125 0.1949462890625 0.0331573486328125 0.160751342773438
0.06903076171875 0.186660766601563 0.0415802001953125 0.125816345214844
0.160186767578125 0.0821075439453125 0.079132080078125 0.0839691162109375
0.149368286132813 -0.029144287109375 0.0710830688476563 0.0348739624023438
0.0869064331054688 -0.128761291503906 0.0539016723632813 -0.00164413452148438
0.0172119140625 -0.145156860351563 0.0271892547607422 0.0026111602783203
0.0101470947265625 -0.135673522949219 0.0135040283203125 0.0263938903808594
0.00303649902343751 -0.158157348632813 0.012725830078125 0.0535469055175781
0.0415191650390625 -0.149658203125 -0.022674560546875 0.0590438842773437
0.120857238769531 -0.1058349609375 -0.0452117919921875 0.0585212707519531
0.158782958984375 -0.0223388671875 -0.0515632629394531 0.00849533081054687
0.124427795410156 0.128303527832031 -0.0355186462402344 -0.0330085754394531
0.0445709228515625 0.193878173828125 0.0249519348144531 -0.00236892700195311
-0.0615386962890625 0.19122314453125 -0.0236968994140625 0.088592529296875
-0.102386474609375 0.103874206542969 0.0313568115234375 0.20843505859375
-0.059539794921875 0.135284423828125 0.011322021484375 0.1956787109375
0.016326904296875 0.150222778320313 0.0248260498046875 0.129890441894531
0.109535217285156 0.086517333984375 0.0459442138671875 0.0944595336914062
0.120018005371094 -0.004638671875 0.041168212890625 0.0604896545410156
0.0809326171875 -0.0952682495117188 0.0393028259277344 0.04327392578125
0.024871826171875 -0.115547180175781 0.0329360961914063 0.0521049499511719
0.0169830322265625 -0.110107421875 0.0261955261230469 0.06915283203125
0.0134735107421875 -0.131080627441406 0.02056884765625 0.0956878662109375
0.0445098876953125 -0.122627258300781 -0.0247344970703125 0.0988845825195312
0.110214233398438 -0.0804977416992188 -0.0565109252929688 0.0853805541992188
0.133857727050781 -0.003387451171875 -0.0660209655761719 0.023895263671875
0.0858917236328125 0.123924255371094 -0.0412483215332031 -0.0248374938964844
0.00216674804687499 0.160888671875 0.0218696594238281 0.0289440155029297
-0.08502197265625 0.131011962890625 -0.0550689697265625 0.140480041503906
-0.0884857177734375 0.00642395019531252 -0.00148010253906249 0.230926513671875
-0.0767593383789062 0.0502090454101563 -0.00508117675781251 0.204818725585938
-0.03265380859375 0.084442138671875 0.0148391723632812 0.122627258300781
0.0427017211914062 0.0705337524414063 0.0220870971679688 0.0945205688476563
0.0683746337890625 0.0173721313476563 0.0190582275390625 0.0717086791992188
0.0590553283691406 -0.047576904296875 0.0266876220703125 0.0725479125976563
0.0275077819824219 -0.0674400329589844 0.0350341796875 0.0872650146484375
0.0211906433105469 -0.068023681640625 0.0349044799804688 0.100723266601562
0.0208358764648438 -0.0853652954101562 0.02386474609375 0.128509521484375
0.039947509765625 -0.0803985595703125 -0.0294952392578125 0.130203247070313
0.0841217041015625 -0.04736328125 -0.0691680908203125 0.104751586914062
0.0937423706054688 0.0115737915039063 -0.083465576171875 0.0339736938476563
0.0414505004882813 0.100799560546875 -0.0503311157226563 -0.0205078125
-0.0357742309570312 0.106857299804688 0.00776290893554687 0.0489921569824219
-0.0954360961914063 0.0542755126953125 -0.0903778076171875 0.17071533203125
0.0703048706054688 0.0409317016601562 0.09771728515625 -0.18548583984375
0.0580673217773437 -0.0441017150878906 0.012451171875 -0.0637054443359375
-0.00379180908203125 -0.0506401062011719 0.05426025390625 0.0268440246582031
-0.0405311584472656 -0.0201759338378906 0.1202392578125 -0.0275497436523438
-0.0385475158691406 0.0115165710449219 0.0961456298828125 -0.108184814453125
-0.0257415771484375 0.0323810577392578 0.024169921875 -0.1588134765625
-0.0213642120361328 0.0245132446289063 -0.0365753173828125 -0.156402587890625
-0.02642822265625 0.0210666656494141 -0.0479888916015625 -0.120315551757813
-0.0355186462402344 0.01837158203125 -0.0423507690429687 -0.103912353515625
-0.0382652282714844 -0.0107345581054688 -0.0276412963867188 -0.0917129516601563
-0.0194053649902344 -0.0420722961425781 -0.0205078125 -0.0831375122070313
0.0264778137207031 -0.0521278381347656 -0.0126190185546875 -0.0968399047851562
0.0776443481445313 -0.0140762329101563 -0.00235748291015625 -0.126655578613281
0.09283447265625 0.0440139770507813 0.00299072265624999 -0.196517944335938
0.0688323974609375 0.0892715454101563 0.0279541015625 -0.231231689453125
0.047271728515625 0.131080627441406 0.128555297851563 -0.158065795898438
0.0780868530273438 0.0365753173828125 0.0348472595214844 -0.0479927062988281
0.05157470703125 0.00395965576171875 0.0654411315917969 0.0383529663085938
0.0289630889892578 -0.0189495086669922 0.134712219238281 -0.019683837890625
0.0113544464111328 -0.0221309661865234 0.111068725585938 -0.102668762207031
-0.00655364990234375 -0.0284423828125 0.0371246337890625 -0.161544799804688
-0.023834228515625 -0.0364112854003906 -0.0296783447265625 -0.157943725585938
-0.0261306762695312 -0.0362548828125 -0.045318603515625 -0.117637634277344
-0.0330886840820313 -0.0461807250976563 -0.0377273559570313 -0.0986404418945313
-0.0135841369628906 -0.066650390625 -0.0291595458984375 -0.0860595703125
0.0349807739257812 -0.0729827880859375 -0.0223846435546875 -0.0689582824707031
0.0874786376953125 -0.044647216796875 -0.0153045654296875 -0.0824050903320313
0.114341735839844 0.047576904296875 -0.0137863159179687 -0.106285095214844
0.101913452148438 0.124290466308594 -0.00099182128906249 -0.16546630859375
0.0444488525390625 0.170944213867188 0.0295257568359375 -0.19122314453125
0.0121612548828125 0.202850341796875 0.143997192382813 -0.100204467773437
0.0801010131835937 0.120223999023437 0.0508499145507813 -0.0106697082519531
0.0998001098632813 0.0697174072265625 0.0725860595703125 0.05914306640625
0.100975036621094 -0.005706787109375 0.142410278320313 -0.0005035400390625
0.0678215026855469 -0.0501136779785156 0.119743347167969 -0.0813674926757813
0.0187911987304688 -0.084869384765625 0.0507049560546875 -0.145233154296875
-0.0206527709960938 -0.0924453735351563 -0.0173492431640625 -0.140899658203125
-0.0221481323242187 -0.0882034301757813 -0.0360031127929688 -0.09710693359375
-0.0293960571289063 -0.103279113769531 -0.0285797119140625 -0.0751190185546875
0.00462341308593751 -0.1146240234375 -0.0310554504394531 -0.0623626708984375
0.0756759643554688 -0.102218627929688 -0.0289268493652344 -0.0428695678710938
0.13372802734375 -0.0478363037109375 -0.0242271423339844 -0.0623550415039063
0.146743774414062 0.08575439453125 -0.025665283203125 -0.0843658447265625
0.111495971679688 0.178802490234375 -0.00218963623046873 -0.125373840332031
0.0229644775390625 0.224029541015625 0.0221786499023438 -0.128753662109375
-0.0279083251953125 0.243316650390625 0.141036987304688 -0.0196075439453125
0.062347412109375 0.18670654296875 0.0589179992675781 0.0440940856933594
0.127235412597656 0.134475708007813 0.0720977783203125 0.0865859985351563
0.15924072265625 0.01812744140625 0.137016296386719 0.0283584594726562
0.117927551269531 -0.064208984375 0.117919921875 -0.0458755493164063
0.04644775390625 -0.127418518066406 0.0605621337890625 -0.108650207519531
-0.0127487182617187 -0.134506225585937 -0.000778198242187502 -0.104942321777344
-0.0155029296875 -0.12567138671875 -0.0218772888183594 -0.0632858276367188
-0.024383544921875 -0.144454956054688 -0.0157127380371094 -0.038421630859375
0.0168914794921875 -0.148422241210938 -0.0296115875244141 -0.0257549285888672
0.101821899414063 -0.123947143554687 -0.0342502593994141 -0.00877571105957032
0.16131591796875 -0.0527191162109375 -0.0343360900878906 -0.037353515625
0.16436767578125 0.106475830078125 -0.0327987670898437 -0.0637016296386719
0.1119384765625 0.205398559570313 0.00605010986328126 -0.0824356079101562
0.000701904296874982 0.246429443359375 0.0117835998535156 -0.0553321838378906
-0.067657470703125 0.241073608398438 0.118721008300781 0.0716400146484375
0.0247955322265625 0.218856811523437 0.054290771484375 0.107192993164063
0.119491577148438 0.181442260742188 0.06201171875 0.112403869628906
0.185195922851563 0.0503082275390625 0.116310119628906 0.060821533203125
0.150588989257813 -0.0582733154296875 0.102737426757813 -0.00373077392578125
0.0700225830078125 -0.14654541015625 0.06304931640625 -0.0586891174316406
-0.00177001953125 -0.155624389648438 0.0151824951171875 -0.0548248291015625
-0.00708007812500001 -0.144546508789063 -0.0042724609375 -0.0193405151367188
-0.0162811279296875 -0.166000366210937 0.000122547149658202 0.00695610046386718
0.0263214111328125 -0.163177490234375 -0.0259647369384766 0.0172805786132812
0.116546630859375 -0.128746032714844 -0.0384254455566406 0.0274276733398437
0.170394897460937 -0.04779052734375 -0.0434646606445312 -0.0134696960449219
0.160049438476563 0.119461059570313 -0.0355796813964844 -0.0473213195800781
0.092437744140625 0.210479736328125 0.0178413391113281 -0.0417747497558594
-0.0261688232421875 0.237335205078125 -0.00194740295410156 0.0214061737060547
-0.0932769775390625 0.194259643554688 0.08282470703125 0.155044555664063
-0.02020263671875 0.20184326171875 0.0379791259765625 0.163665771484375
0.0782928466796875 0.190261840820313 0.0446929931640625 0.13067626953125
0.168609619140625 0.076385498046875 0.0838470458984375 0.086700439453125
0.153091430664062 -0.0370941162109375 0.0757293701171875 0.03564453125
0.082000732421875 -0.136817932128906 0.0562629699707031 -0.00373458862304688
0.0100555419921875 -0.15093994140625 0.0281963348388672 0.00122833251953124
0.00314331054687499 -0.140487670898437 0.0134601593017578 0.0270347595214844
-0.00511169433593751 -0.163467407226562 0.0147171020507813 0.0541038513183594
0.03436279296875 -0.15625 -0.0225372314453125 0.0620574951171875
0.119216918945313 -0.11627197265625 -0.0441398620605469 0.0614280700683594
0.162689208984375 -0.0313262939453125 -0.0541915893554687 0.00837326049804687
0.134536743164062 0.127555847167969 -0.0383415222167969 -0.0341262817382812
0.054473876953125 0.19805908203125 0.0257225036621094 -0.00437736511230467
-0.0560760498046875 0.200820922851562 -0.021636962890625 0.0917129516601563
-0.100624084472656 0.111724853515625 0.0412139892578125 0.214385986328125
-0.0564422607421875 0.140670776367188 0.016143798828125 0.201019287109375
0.0229949951171875 0.155960083007813 0.0271835327148437 0.134941101074219
0.116836547851563 0.084075927734375 0.050048828125 0.0990447998046875
0.122955322265625 -0.0104751586914062 0.0459175109863281 0.0630264282226563
0.077850341796875 -0.102447509765625 0.0438041687011719 0.0428276062011719
0.0193634033203125 -0.120651245117188 0.0367202758789063 0.0519981384277344
0.011688232421875 -0.115196228027344 0.0287017822265625 0.0699882507324219
0.00688171386718749 -0.136634826660156 0.0249710083007812 0.0974502563476562
0.0391616821289063 -0.128639221191406 -0.0225143432617187 0.103103637695312
0.109710693359375 -0.089599609375 -0.0542526245117187 0.0904769897460938
0.138694763183594 -0.0103759765625 -0.0682563781738281 0.025299072265625
0.0941925048828125 0.1240234375 -0.0438957214355469 -0.0252113342285156
0.00927734374999999 0.16552734375 0.0237541198730469 0.0277023315429688
-0.0830917358398437 0.139488220214844 -0.051025390625 0.147323608398438
-0.0907974243164063 0.0097808837890625 0.00833129882812501 0.239959716796875
-0.0771026611328125 0.0539932250976563 0.00152587890624998 0.212158203125
-0.03057861328125 0.0890731811523438 0.01708984375 0.127593994140625
0.0475921630859375 0.0704345703125 0.0259017944335938 0.099761962890625
0.0713272094726563 0.0142669677734375 0.022613525390625 0.0751266479492187
0.0577850341796875 -0.0521202087402344 0.032073974609375 0.0740127563476563
0.0245895385742188 -0.0711746215820313 0.0403518676757812 0.0889739990234375
0.018646240234375 -0.0714340209960938 0.039459228515625 0.101860046386719
0.0163803100585937 -0.0902023315429688 0.0290603637695312 0.131492614746094
0.0370254516601562 -0.0853500366210938 -0.0259017944335938 0.135528564453125
0.084991455078125 -0.0535812377929687 -0.0680999755859375 0.11029052734375
0.0979995727539063 0.0076904296875 -0.0854568481445312 0.036834716796875
0.0472564697265625 0.102500915527344 -0.053192138671875 -0.0204238891601563
-0.0324020385742188 0.111366271972656 0.00966262817382813 0.0493965148925781
-0.0967864990234375 0.05963134765625 -0.0868072509765625 0.17938232421875
0.0754241943359375 0.0407257080078125 0.09185791015625 -0.200164794921875
0.0587539672851563 -0.0495223999023438 0.00798797607421876 -0.066558837890625
-0.00592041015625 -0.0531005859375 0.0588836669921875 0.02825927734375
-0.042999267578125 -0.0186500549316406 0.124649047851562 -0.0341949462890625
-0.0395240783691406 0.0147361755371094 0.0956039428710938 -0.118354797363281
-0.0250091552734375 0.0359611511230469 0.0171051025390625 -0.167037963867188
-0.0207347869873047 0.0270137786865234 -0.0469207763671875 -0.160446166992188
-0.0257987976074219 0.0250358581542969 -0.0569000244140625 -0.12213134765625
-0.03546142578125 0.0227241516113281 -0.0515823364257813 -0.105392456054687
-0.0401802062988281 -0.00802993774414062 -0.0353164672851562 -0.0945892333984375
-0.0230941772460938 -0.0423355102539062 -0.02764892578125 -0.0873565673828125
0.0238723754882813 -0.0558662414550781 -0.01885986328125 -0.102912902832031
0.080078125 -0.0188217163085938 -0.00603485107421874 -0.134307861328125
0.0999832153320312 0.04107666015625 -0.006011962890625 -0.2073974609375
0.0774002075195313 0.0901412963867188 0.0149078369140625 -0.24658203125
0.0568313598632813 0.135711669921875 0.125350952148438 -0.1734619140625
0.084259033203125 0.0334320068359375 0.0313911437988281 -0.0515899658203125
0.0557403564453125 0.00067138671875 0.0705490112304688 0.0398941040039063
0.0290870666503906 -0.0217933654785156 0.140190124511719 -0.0261688232421875
0.0103282928466797 -0.0244083404541016 0.112052917480469 -0.112655639648438
-0.00984764099121094 -0.0287685394287109 0.030731201171875 -0.1707763671875
-0.0278053283691406 -0.0364913940429688 -0.04034423828125 -0.163284301757813
-0.0296287536621094 -0.0355720520019531 -0.0545272827148437 -0.118865966796875
-0.0377769470214844 -0.0451927185058594 -0.046844482421875 -0.100471496582031
-0.0184288024902344 -0.0678329467773438 -0.036895751953125 -0.0875167846679688
0.0312271118164062 -0.0778732299804687 -0.029083251953125 -0.0720138549804688
0.088592529296875 -0.05169677734375 -0.0211868286132813 -0.0882720947265625
0.122909545898438 0.0432357788085938 -0.017608642578125 -0.111961364746094
0.114578247070313 0.124664306640625 -0.00859069824218749 -0.1749267578125
0.0560455322265625 0.17742919921875 0.01873779296875 -0.20458984375
0.02398681640625 0.213577270507813 0.144683837890625 -0.113845825195313
0.0905380249023438 0.120162963867187 0.0506210327148438 -0.0139846801757812
0.109931945800781 0.0669937133789063 0.0785293579101563 0.0618438720703125
0.105140686035156 -0.01373291015625 0.148971557617188 -0.005950927734375
0.0664749145507812 -0.0571136474609375 0.122825622558594 -0.0898208618164063
0.013427734375 -0.0898361206054687 0.046142578125 -0.154708862304688
-0.0284423828125 -0.0955657958984375 -0.026641845703125 -0.145843505859375
-0.0286788940429688 -0.089996337890625 -0.0445327758789062 -0.0985794067382813
-0.0374908447265625 -0.105262756347656 -0.0362396240234375 -0.0766220092773438
-0.00295257568359374 -0.119186401367188 -0.0376968383789063 -0.0629310607910156
0.0711669921875 -0.112350463867188 -0.0344123840332031 -0.0446052551269531
0.136611938476563 -0.05865478515625 -0.0304183959960937 -0.0659255981445313
0.15887451171875 0.08203125 -0.0298538208007812 -0.088653564453125
0.12774658203125 0.180648803710937 -0.0075225830078125 -0.133285522460938
0.03680419921875 0.2349853515625 0.014495849609375 -0.1387939453125
-0.0164337158203125 0.257003784179688 0.14605712890625 -0.029144287109375
0.075408935546875 0.191116333007813 0.0615196228027344 0.0424842834472656
0.141738891601563 0.134185791015625 0.0790481567382813 0.08966064453125
0.167678833007812 0.0081939697265625 0.144607543945313 0.02508544921875
0.118309020996094 -0.0749664306640625 0.12298583984375 -0.0525741577148438
0.0389328002929688 -0.135749816894531 0.0586090087890625 -0.117164611816406
-0.0231704711914063 -0.140129089355469 -0.00792694091796876 -0.109230041503906
-0.0249710083007813 -0.130050659179688 -0.0281639099121094 -0.0637550354003906
-0.036285400390625 -0.149444580078125 -0.0199813842773438 -0.0389518737792969
0.00666809082031249 -0.155227661132813 -0.0341968536376953 -0.0246505737304688
0.0975799560546875 -0.136444091796875 -0.0375480651855469 -0.00862121582031251
0.164276123046875 -0.0655364990234375 -0.0398597717285156 -0.0401573181152344
0.1788330078125 0.1014404296875 -0.0372467041015625 -0.0666770935058594
0.129104614257813 0.20758056640625 0.00244140625000001 -0.0889205932617187
0.0144195556640625 0.259445190429687 0.00731658935546876 -0.0606689453125
-0.0573272705078125 0.256820678710938 0.128097534179688 0.067657470703125
0.0374908447265625 0.226119995117188 0.0600128173828125 0.108535766601563
0.136093139648438 0.183578491210938 0.0682907104492188 0.118156433105469
0.196487426757812 0.040313720703125 0.125144958496094 0.0608444213867188
0.153213500976563 -0.0709075927734375 0.108505249023438 -0.00679779052734375
0.06207275390625 -0.156707763671875 0.0638236999511719 -0.0653114318847657
-0.0128326416015625 -0.162460327148438 0.0124282836914063 -0.0584297180175781
-0.016845703125 -0.150039672851563 -0.00732231140136719 -0.0191459655761719
-0.0294189453125 -0.1722412109375 -0.00119876861572266 0.00662040710449218
0.0161895751953125 -0.17095947265625 -0.0279369354248047 0.0203590393066406
0.112197875976562 -0.143157958984375 -0.0395431518554687 0.0297431945800781
0.174819946289063 -0.06109619140625 -0.0477561950683594 -0.0138092041015625
0.17510986328125 0.11566162109375 -0.0394401550292969 -0.0489234924316406
0.109451293945312 0.2139892578125 0.0171928405761719 -0.046630859375
-0.0143585205078125 0.251190185546875 -0.00208473205566406 0.0207347869873047
-0.086700439453125 0.208358764648438 0.0955047607421875 0.157623291015625
-0.010223388671875 0.211380004882813 0.04638671875 0.168975830078125
0.09375 0.196487426757812 0.0510482788085937 0.136993408203125
0.181503295898438 0.069122314453125 0.0916595458984375 0.0888900756835938
0.157867431640625 -0.048583984375 0.0827865600585938 0.0358352661132813
0.07562255859375 -0.1480712890625 0.0599441528320313 -0.00767517089843751
-0.000213623046874992 -0.1583251953125 0.029998779296875 -0.00089263916015626
-0.00654602050781251 -0.147506713867187 0.0144443511962891 0.0283737182617187
-0.018280029296875 -0.171127319335938 0.0171356201171875 0.0552330017089844
0.0248260498046875 -0.165328979492188 -0.0215263366699219 0.0663414001464844
0.116073608398438 -0.131263732910156 -0.0433769226074219 0.0658226013183594
0.16802978515625 -0.0442657470703125 -0.0580062866210937 0.00954818725585938
0.149169921875 0.125 -0.0426063537597656 -0.0353050231933594
0.069427490234375 0.203445434570313 0.0272388458251953 -0.00781249999999999
-0.0480194091796875 0.214248657226563 -0.0186614990234375 0.0958251953125
-0.0987472534179687 0.121490478515625 0.0555877685546875 0.222412109375
-0.05181884765625 0.149673461914062 0.0260467529296875 0.209335327148438
0.0325469970703125 0.162734985351563 0.032806396484375 0.142623901367188
0.127517700195313 0.0796432495117187 0.0574493408203125 0.104034423828125
0.128211975097656 -0.0182952880859375 0.05218505859375 0.0654830932617188
0.0736236572265625 -0.112144470214844 0.0492668151855469 0.0420455932617187
0.0118942260742188 -0.127838134765625 0.0415916442871094 0.0518836975097656
0.0045013427734375 -0.121253967285156 0.0333480834960938 0.07208251953125
-0.00363159179687502 -0.144317626953125 0.0308761596679688 0.100044250488281
0.0312118530273438 -0.137496948242188 -0.0185012817382812 0.109703063964844
0.108489990234375 -0.101654052734375 -0.0521011352539062 0.096649169921875
0.144515991210938 -0.02020263671875 -0.0717239379882812 0.0286941528320313
0.106033325195313 0.123680114746094 -0.0481796264648437 -0.025390625
0.01934814453125 0.172286987304688 0.0265998840332031 0.0265617370605469
-0.0791473388671875 0.151107788085938 -0.0460205078125 0.156112670898438
-0.0939407348632813 0.0142364501953125 0.02386474609375 0.2515869140625
-0.0777206420898438 0.0601730346679687 0.011383056640625 0.222442626953125
-0.027191162109375 0.09600830078125 0.0224609375 0.134536743164063
0.0542259216308594 0.0698890686035156 0.032501220703125 0.105270385742188
0.0754547119140625 0.010009765625 0.029449462890625 0.0794754028320313
0.0563507080078125 -0.0583267211914063 0.038665771484375 0.0756301879882812
0.021240234375 -0.0757904052734375 0.04815673828125 0.0898056030273438
0.0142288208007813 -0.0761642456054688 0.046234130859375 0.104179382324219
0.0103530883789063 -0.0963516235351563 0.0380020141601563 0.135292053222656
0.0329971313476563 -0.0922470092773438 -0.0199127197265625 0.143447875976563
0.085418701171875 -0.0619354248046875 -0.0647506713867188 0.118232727050781
0.103828430175781 0.001708984375 -0.088226318359375 0.0421066284179687
0.0558547973632812 0.104866027832031 -0.0583000183105469 -0.0202674865722656
-0.0282516479492188 0.117881774902344 0.0139808654785156 0.0503387451171875
-0.09869384765625 0.0682601928710937 -0.0800323486328125 0.191909790039063
0.0817184448242188 0.0380630493164063 0.0787353515625 -0.215835571289062
0.0566253662109375 -0.056915283203125 0.00105285644531251 -0.0691871643066406
-0.00949859619140625 -0.0561790466308594 0.0640869140625 0.0277595520019531
-0.0461502075195313 -0.0156402587890625 0.127716064453125 -0.0439682006835938
-0.0400962829589844 0.0185623168945312 0.0909500122070313 -0.130180358886719
-0.022705078125 0.0399627685546875 0.00540161132812499 -0.17401123046875
-0.0192985534667969 0.0305118560791016 -0.0616607666015625 -0.162353515625
-0.02386474609375 0.0285530090332031 -0.068695068359375 -0.121116638183594
-0.0339984893798828 0.0275478363037109 -0.063140869140625 -0.104598999023437
-0.0430793762207031 -0.00410842895507813 -0.04486083984375 -0.0952911376953125
-0.0278549194335937 -0.0410995483398437 -0.0370635986328125 -0.089813232421875
0.0203895568847656 -0.0595321655273438 -0.0278472900390625 -0.107688903808594
0.0822219848632812 -0.0260772705078125 -0.0139007568359375 -0.141326904296875
0.107406616210937 0.0347518920898437 -0.0211944580078125 -0.215774536132813
0.0877914428710938 0.0884933471679688 -0.00502014160156248 -0.259124755859375
0.0700149536132812 0.138877868652344 0.115829467773438 -0.190750122070312
0.0895156860351563 0.0268630981445313 0.0267181396484375 -0.0559616088867187
0.0591239929199219 -0.00501632690429688 0.0763168334960938 0.039215087890625
0.0284614562988281 -0.0260162353515625 0.144622802734375 -0.0360565185546875
0.00786972045898438 -0.0266075134277344 0.109451293945313 -0.124847412109375
-0.0134963989257813 -0.0285911560058594 0.01922607421875 -0.17913818359375
-0.0329360961914062 -0.0352630615234375 -0.0548248291015625 -0.165679931640625
-0.0333766937255859 -0.0338058471679687 -0.0665740966796875 -0.117721557617187
-0.0427780151367188 -0.0428085327148438 -0.0577850341796875 -0.099884033203125
-0.0259780883789062 -0.0675697326660156 -0.0463943481445312 -0.0877227783203125
0.024871826171875 -0.0832748413085938 -0.0374984741210938 -0.0741348266601563
0.08740234375 -0.0609817504882813 -0.0296401977539062 -0.09234619140625
0.130844116210937 0.0355224609375 -0.0242538452148438 -0.117530822753906
0.12921142578125 0.11968994140625 -0.021514892578125 -0.183013916015625
0.07257080078125 0.1807861328125 0.00144958496093749 -0.216140747070313
0.041351318359375 0.22161865234375 0.14080810546875 -0.1304931640625
0.103080749511719 0.116531372070313 0.0496559143066406 -0.0184440612792969
0.121185302734375 0.0604324340820312 0.0857162475585938 0.0613861083984375
0.10772705078125 -0.0237808227539063 0.155487060546875 -0.015228271484375
0.0635032653808594 -0.06488037109375 0.122940063476563 -0.101806640625
0.0042877197265625 -0.0933761596679688 0.0370025634765625 -0.164047241210937
-0.0384445190429688 -0.0961761474609375 -0.038818359375 -0.148895263671875
-0.03729248046875 -0.0901260375976563 -0.0542755126953125 -0.0969467163085938
-0.0491485595703125 -0.105155944824219 -0.045257568359375 -0.0763015747070313
-0.0142745971679688 -0.122322082519531 -0.0456123352050781 -0.0611419677734375
0.0631256103515625 -0.122215270996094 -0.0405426025390625 -0.04510498046875
0.135879516601563 -0.0719528198242188 -0.0378761291503906 -0.0689239501953125
0.171737670898438 0.0727081298828125 -0.0356369018554687 -0.0918807983398438
0.14813232421875 0.176498413085938 -0.0172119140625 -0.139938354492188
0.0574798583984375 0.242767333984375 0.00158691406249999 -0.147293090820312
0.00299072265624997 0.269638061523438 0.148941040039063 -0.0424652099609375
0.0925750732421875 0.1912841796875 0.0645408630371094 0.0391044616699219
0.158782958984375 0.128067016601563 0.0871505737304688 0.0912704467773438
0.17376708984375 -0.0065765380859375 0.1527099609375 0.0184478759765625
0.116462707519531 -0.0870819091796875 0.126182556152344 -0.0624847412109375
0.026641845703125 -0.143310546875 0.0528640747070313 -0.126312255859375
-0.0374908447265625 -0.143142700195313 -0.0167083740234375 -0.1129150390625
-0.03753662109375 -0.131866455078125 -0.0350494384765625 -0.0619697570800781
-0.05224609375 -0.151153564453125 -0.0257720947265625 -0.0389976501464844
-0.00741577148437501 -0.160446166992188 -0.0395584106445313 -0.0222587585449219
0.0876312255859375 -0.150558471679688 -0.0408096313476562 -0.00738906860351564
0.164535522460938 -0.0818023681640625 -0.0463409423828125 -0.0405006408691406
0.194046020507813 0.0913238525390625 -0.0427055358886719 -0.0683784484863281
0.151458740234375 0.204635620117188 -0.00386047363281249 -0.0948867797851563
0.035614013671875 0.270233154296875 0.00100326538085938 -0.0649147033691406
-0.0397186279296875 0.271484375 0.13861083984375 0.0596389770507813
0.05615234375 0.230789184570313 0.0676422119140625 0.107795715332031
0.156661987304688 0.180068969726563 0.077972412109375 0.120948791503906
0.206695556640625 0.0245819091796875 0.134620666503906 0.0570220947265625
0.152069091796875 -0.085693359375 0.115188598632813 -0.0130996704101563
0.0490875244140625 -0.167266845703125 0.0624160766601563 -0.0727920532226563
-0.02825927734375 -0.167068481445313 0.00794219970703125 -0.0617141723632813
-0.030975341796875 -0.153732299804688 -0.0105438232421875 -0.018056869506836
-0.047760009765625 -0.176101684570313 -0.00238370895385743 0.00697708129882811
0.00013732910156251 -0.178070068359375 -0.0289230346679687 0.0242977142333984
0.101852416992188 -0.158889770507812 -0.039703369140625 0.03265380859375
0.175308227539062 -0.0790557861328125 -0.0529556274414062 -0.0125961303710937
0.191116333007812 0.105636596679687 -0.0448989868164062 -0.0495758056640625
0.130905151367188 0.213348388671875 0.0146675109863281 -0.0520362854003906
0.00434875488281247 0.262985229492188 -0.00213432312011719 0.0205249786376953
-0.074005126953125 0.223251342773438 0.111785888671875 0.156021118164062
0.00526428222656248 0.218887329101563 0.058380126953125 0.1712646484375
0.113250732421875 0.197418212890625 0.06072998046875 0.141571044921875
0.192718505859375 0.05535888671875 0.102188110351563 0.0886383056640625
0.158843994140625 -0.0634002685546875 0.0905380249023438 0.033477783203125
0.0641326904296875 -0.159210205078125 0.0630836486816406 -0.0132102966308594
-0.0144195556640625 -0.16357421875 0.0310344696044922 -0.00370216369628907
-0.0198822021484375 -0.151626586914062 0.0160923004150391 0.0289077758789062
-0.0362091064453125 -0.176040649414063 0.0207977294921875 0.0553321838378906
0.0100555419921875 -0.173324584960938 -0.018341064453125 0.071502685546875
0.107421875 -0.14678955078125 -0.0406265258789063 0.0705795288085937
0.1697998046875 -0.061126708984375 -0.0612869262695312 0.0132980346679687
0.1656494140625 0.118011474609375 -0.0473556518554688 -0.0348777770996094
0.0884857177734375 0.204605102539063 0.0278568267822266 -0.0123653411865234
-0.0331573486328125 0.227493286132812 -0.0131988525390625 0.100059509277344
-0.0933303833007813 0.133430480957031 0.076141357421875 0.22705078125
-0.0424957275390625 0.158355712890625 0.0415496826171875 0.21527099609375
0.0466766357421875 0.168045043945313 0.0424346923828125 0.1474609375
0.138137817382813 0.0710525512695313 0.0665969848632813 0.106788635253906
0.130813598632813 -0.0307159423828125 0.0612373352050781 0.0665702819824219
0.0651016235351563 -0.122085571289063 0.0558891296386719 0.0393867492675781
0.000793457031249989 -0.13311767578125 0.0476646423339844 0.0501136779785156
-0.00653839111328126 -0.126075744628906 0.0390167236328125 0.0720977783203125
-0.0185699462890625 -0.14990234375 0.0392837524414063 0.100814819335937
0.0193328857421875 -0.145370483398437 -0.0116806030273437 0.115127563476562
0.102935791015625 -0.116317749023438 -0.046844482421875 0.103172302246094
0.148330688476563 -0.0342864990234375 -0.0739669799804687 0.0343017578125
0.12091064453125 0.120155334472656 -0.0529212951660156 -0.0242271423339844
0.0339202880859375 0.176712036132812 0.0302925109863281 0.0236167907714844
-0.0711669921875 0.164031982421875 -0.0354766845703125 0.164718627929688
-0.0960769653320313 0.0212478637695312 0.0458526611328125 0.26043701171875
-0.0768508911132813 0.0678787231445313 0.0272674560546875 0.230758666992188
-0.0210037231445312 0.102867126464844 0.0315093994140625 0.140144348144531
0.0617485046386719 0.0680084228515625 0.0411758422851563 0.110031127929688
0.0786895751953125 0.00327301025390625 0.0376434326171875 0.0818405151367188
0.0528984069824219 -0.0651092529296875 0.04742431640625 0.0753631591796875
0.01531982421875 -0.0804519653320313 0.0578155517578125 0.0888137817382813
0.00780487060546875 -0.080596923828125 0.0561599731445313 0.103958129882813
0.0013275146484375 -0.101608276367187 0.0504302978515625 0.136558532714844
0.0256729125976563 -0.098785400390625 -0.0103912353515625 0.150054931640625
0.0833282470703125 -0.0730972290039063 -0.0579147338867188 0.127006530761719
0.108238220214844 -0.0072479248046875 -0.0901870727539062 0.04931640625
0.0662460327148438 0.104766845703125 -0.0626945495605469 -0.0176887512207031
-0.0205154418945313 0.124046325683594 0.0190048217773438 0.0498733520507813
-0.0974807739257813 0.0781631469726563 -0.0680084228515625 0.204681396484375
0.087249755859375 0.0339508056640625 0.061126708984375 -0.22607421875
0.0519790649414063 -0.063568115234375 -0.00680160522460937 -0.0696640014648438
-0.0145912170410156 -0.05755615234375 0.0683822631835938 0.0252342224121094
-0.0481491088867188 -0.0122604370117187 0.127288818359375 -0.0540618896484375
-0.0392570495605469 0.0224189758300781 0.0823745727539063 -0.139678955078125
-0.0197715759277344 0.0431137084960937 -0.00791931152343751 -0.176834106445313
-0.0168704986572266 0.0332984924316406 -0.0762786865234375 -0.159698486328125
-0.0206470489501953 0.0315265655517578 -0.0793685913085938 -0.1168212890625
-0.0308341979980469 0.03204345703125 -0.0738143920898438 -0.10040283203125
-0.0438499450683594 0.000751495361328117 -0.0551986694335937 -0.0931396484375
-0.0321998596191406 -0.0380821228027344 -0.0472412109375 -0.0889205932617188
0.0158615112304688 -0.0623703002929687 -0.0371627807617187 -0.109397888183594
0.0815353393554688 -0.0331649780273437 -0.0232086181640625 -0.144561767578125
0.112815856933594 0.0257110595703125 -0.0379791259765625 -0.219100952148438
0.09710693359375 0.0829086303710938 -0.0288543701171875 -0.264419555664063
0.0837020874023438 0.137344360351563 0.100372314453125 -0.2041015625
0.092529296875 0.0183639526367188 0.0203170776367188 -0.0587234497070313
0.06036376953125 -0.0115089416503906 0.0820388793945313 0.0365447998046875
0.0259666442871094 -0.0295467376708984 0.145477294921875 -0.0469818115234375
0.00511360168457031 -0.0276126861572266 0.102081298828125 -0.135810852050781
-0.0170707702636719 -0.02691650390625 0.00567626953124999 -0.183944702148438
-0.037200927734375 -0.0323104858398438 -0.0696258544921875 -0.163711547851563
-0.0359001159667969 -0.0300483703613281 -0.076690673828125 -0.11236572265625
-0.0472640991210938 -0.0379486083984375 -0.0681991577148438 -0.0954818725585937
-0.0324592590332031 -0.0650215148925781 -0.05621337890625 -0.0845108032226562
0.016693115234375 -0.0853118896484375 -0.0458450317382813 -0.0734710693359375
0.0831756591796875 -0.0696182250976563 -0.0386428833007812 -0.0934982299804688
0.13623046875 0.0251846313476562 -0.0320358276367187 -0.119789123535156
0.142318725585938 0.1107177734375 -0.03607177734375 -0.186141967773437
0.0899810791015625 0.178924560546875 -0.01885986328125 -0.220916748046875
0.06103515625 0.223800659179688 0.13165283203125 -0.14508056640625
0.113174438476563 0.108573913574219 0.0463027954101563 -0.0227890014648437
0.129508972167969 0.0505447387695313 0.0924606323242188 0.05908203125
0.106422424316406 -0.0344696044921875 0.158004760742188 -0.0256195068359375
0.0582351684570313 -0.07122802734375 0.118293762207031 -0.112472534179687
-0.00518035888671874 -0.0942001342773438 0.0245819091796875 -0.169418334960938
-0.0488967895507813 -0.0936813354492188 -0.05230712890625 -0.147872924804688
-0.0459671020507813 -0.0872116088867188 -0.0636215209960937 -0.0919952392578125
-0.0599212646484375 -0.10107421875 -0.053741455078125 -0.0726394653320313
-0.026214599609375 -0.121589660644531 -0.0532112121582031 -0.0578269958496094
0.0518341064453125 -0.129005432128906 -0.0470657348632813 -0.0434989929199219
0.131668090820313 -0.084747314453125 -0.0455551147460937 -0.0690650939941406
0.181076049804688 0.0592498779296875 -0.0418472290039062 -0.0935897827148438
0.165679931640625 0.166030883789063 -0.028533935546875 -0.143112182617188
0.0781097412109375 0.243438720703125 -0.0126495361328125 -0.150665283203125
0.0253753662109375 0.275680541992188 0.148025512695313 -0.0558013916015625
0.108505249023438 0.185165405273438 0.0661888122558594 0.0344390869140625
0.1737060546875 0.116592407226563 0.0953750610351563 0.0894851684570313
0.174835205078125 -0.0222625732421875 0.157669067382813 0.0091094970703125
0.109382629394531 -0.0983352661132812 0.125709533691406 -0.0720291137695312
0.012969970703125 -0.147140502929688 0.04449462890625 -0.133270263671875
-0.0513916015625 -0.14093017578125 -0.0265426635742187 -0.113128662109375
-0.0488739013671875 -0.129920959472656 -0.0411148071289063 -0.0580673217773438
-0.0675048828125 -0.147552490234375 -0.0311508178710938 -0.03662109375
-0.023040771484375 -0.16107177734375 -0.0433692932128906 -0.0184288024902344
0.0736846923828125 -0.160629272460938 -0.0439796447753906 -0.00551605224609375
0.158966064453125 -0.09796142578125 -0.0523643493652344 -0.039398193359375
0.2059326171875 0.07647705078125 -0.0480308532714843 -0.0687484741210938
0.171768188476563 0.194305419921875 -0.0112533569335937 -0.0987472534179687
0.0587615966796875 0.272628784179688 -0.00672149658203124 -0.0668296813964844
-0.017669677734375 0.280014038085938 0.145477294921875 0.0484466552734375
0.07464599609375 0.228256225585938 0.0749893188476563 0.103645324707031
0.175704956054688 0.170806884765625 0.0874862670898438 0.120475769042969
0.2105712890625 0.0062255859375 0.141937255859375 0.049957275390625
0.1461181640625 -0.100021362304688 0.118553161621094 -0.0207977294921875
0.0337982177734375 -0.172744750976562 0.0587081909179688 -0.0800933837890625
-0.044647216796875 -0.1666259765625 0.0028228759765625 -0.0635948181152344
-0.0454254150390625 -0.152420043945313 -0.0127401351928711 -0.0156078338623047
-0.0664825439453125 -0.173171997070313 -0.0035848617553711 0.00740909576416015
-0.016632080078125 -0.179916381835938 -0.0289459228515625 0.0277309417724609
0.087066650390625 -0.170852661132813 -0.0391082763671875 0.0345458984375
0.169601440429688 -0.0958404541015625 -0.05694580078125 -0.00954818725585939
0.20416259765625 0.0909576416015625 -0.0492477416992188 -0.0481986999511719
0.151687622070313 0.204757690429687 0.0103530883789063 -0.0562362670898437
0.026763916015625 0.268829345703125 -0.00237083435058594 0.0199680328369141
-0.05657958984375 0.233154296875 0.12689208984375 0.148895263671875
0.02227783203125 0.220794677734375 0.0708465576171875 0.169418334960937
0.132431030273438 0.192230224609375 0.071197509765625 0.142044067382813
0.199539184570312 0.0395355224609375 0.110877990722656 0.0853729248046875
0.154495239257812 -0.0774993896484375 0.0970535278320313 0.0282669067382812
0.04937744140625 -0.166336059570313 0.0641517639160156 -0.0191383361816406
-0.030181884765625 -0.164947509765625 0.0309791564941406 -0.00644302368164064
-0.034149169921875 -0.151885986328125 0.0178337097167969 0.0294075012207031
-0.05511474609375 -0.174102783203125 0.0244140625 0.0540504455566406
-0.00704956054687498 -0.176177978515625 -0.013916015625 0.07421875
0.094482421875 -0.160247802734375 -0.0361557006835938 0.0735092163085937
0.166488647460938 -0.0772552490234375 -0.0631561279296875 0.0178070068359375
0.1790771484375 0.10540771484375 -0.0511436462402344 -0.032928466796875
0.107513427734375 0.199508666992188 0.0272121429443359 -0.0168075561523437
-0.0149383544921875 0.23504638671875 -0.00576019287109374 0.101608276367188
-0.083526611328125 0.143218994140625 0.0971832275390625 0.2247314453125
-0.031402587890625 0.163894653320313 0.0581817626953125 0.215972900390625
0.062103271484375 0.168182373046875 0.0528106689453125 0.149398803710938
0.1461181640625 0.060516357421875 0.0762710571289063 0.105873107910156
0.129646301269531 -0.0419845581054688 0.0699005126953125 0.0642509460449219
0.0544662475585938 -0.128868103027344 0.0614166259765625 0.0351219177246094
-0.0116500854492188 -0.134933471679688 0.0526199340820313 0.0463638305664062
-0.0181503295898438 -0.127044677734375 0.0454177856445312 0.0704727172851562
-0.0344390869140625 -0.149688720703125 0.047760009765625 0.0982131958007812
0.0056610107421875 -0.149551391601563 -0.00295257568359374 0.118148803710937
0.0925979614257812 -0.128425598144531 -0.0397109985351562 0.10748291015625
0.14691162109375 -0.0483856201171875 -0.0736160278320312 0.0402603149414063
0.133804321289063 0.111740112304688 -0.0559539794921875 -0.0210304260253906
0.049346923828125 0.175735473632813 0.0331459045410156 0.0198574066162109
-0.05902099609375 0.173049926757813 -0.0230255126953125 0.169189453125
-0.0960464477539063 0.0288848876953125 0.0689849853515625 0.261306762695313
-0.072998046875 0.0748748779296875 0.0455322265625 0.232925415039062
-0.0122146606445313 0.108238220214844 0.0408477783203125 0.141921997070313
0.0682411193847656 0.0630645751953125 0.0509109497070313 0.110885620117188
0.0799179077148438 -0.00347900390625 0.0467910766601563 0.0819015502929688
0.0473785400390625 -0.070831298828125 0.0558242797851563 0.0720367431640625
0.00765991210937499 -0.0837173461914062 0.066986083984375 0.08465576171875
3.05175781250069E-05 -0.0823516845703125 0.0653915405273438 0.100425720214844
-0.00949096679687501 -0.103546142578125 0.0621337890625 0.133476257324219
0.0165786743164063 -0.103012084960938 0.00183105468750002 0.1531982421875
0.0776748657226563 -0.08258056640625 -0.0487594604492188 0.132987976074219
0.109756469726562 -0.0174789428710938 -0.0883102416992187 0.056976318359375
0.07586669921875 0.101081848144531 -0.0659103393554688 -0.0140533447265625
-0.010589599609375 0.127593994140625 0.0240974426269531 0.0475425720214844
-0.0932235717773437 0.0870361328125 -0.0518341064453125 0.213104248046875
0.09100341796875 0.0299835205078125 0.04461669921875 -0.230377197265625
0.0468597412109375 -0.0672340393066406 -0.0133705139160156 -0.0679817199707031
-0.0187187194824219 -0.057891845703125 0.0720443725585938 0.0227584838867187
-0.0487861633300781 -0.00952148437500001 0.125419616699219 -0.0610809326171875
-0.0378341674804688 0.0251998901367187 0.074127197265625 -0.144882202148438
-0.0175018310546875 0.0450706481933594 -0.0189666748046875 -0.17559814453125
-0.0144062042236328 0.0349082946777344 -0.086700439453125 -0.153915405273438
-0.0173110961914063 0.0334014892578125 -0.0867538452148437 -0.110679626464844
-0.0275745391845703 0.0349597930908203 -0.081634521484375 -0.0943069458007812
-0.0435867309570313 0.0051727294921875 -0.0629196166992188 -0.0889511108398437
-0.0353355407714844 -0.0352401733398438 -0.0548782348632813 -0.0862197875976562
0.0113792419433594 -0.0642013549804687 -0.0449142456054688 -0.109748840332031
0.0797119140625 -0.03887939453125 -0.0302886962890625 -0.14654541015625
0.115150451660156 0.0179595947265625 -0.051605224609375 -0.217880249023438
0.103248596191406 0.0774002075195313 -0.04803466796875 -0.263763427734375
0.0941390991210938 0.133888244628906 0.0863037109375 -0.211761474609375
0.0931167602539063 0.0117034912109375 0.0134429931640625 -0.0597763061523438
0.0602149963378906 -0.0167732238769531 0.085662841796875 0.0337371826171875
0.0236034393310547 -0.0320949554443359 0.143722534179688 -0.0550384521484375
0.0023040771484375 -0.0278415679931641 0.0941314697265625 -0.142410278320313
-0.0197849273681641 -0.0248317718505859 -0.0054931640625 -0.1839599609375
-0.040008544921875 -0.0288162231445313 -0.081146240234375 -0.158447265625
-0.0375823974609375 -0.0275535583496094 -0.08367919921875 -0.106330871582031
-0.0493927001953125 -0.0336418151855469 -0.0758590698242187 -0.089691162109375
-0.0373649597167969 -0.0609169006347656 -0.0629501342773437 -0.0806808471679688
0.010284423828125 -0.0858078002929688 -0.0529022216796875 -0.0710525512695313
0.0781402587890625 -0.0750732421875 -0.045623779296875 -0.0940628051757813
0.138893127441406 0.0160980224609375 -0.0376129150390625 -0.121047973632812
0.150253295898438 0.1004638671875 -0.0477294921875 -0.185928344726563
0.102127075195312 0.174102783203125 -0.0355987548828125 -0.220657348632813
0.076690673828125 0.221755981445313 0.120925903320313 -0.155303955078125
0.119789123535156 0.100624084472656 0.0419349670410156 -0.0256500244140625
0.13385009765625 0.0406265258789063 0.0969467163085938 0.0562744140625
0.103355407714844 -0.0423583984375 0.1575927734375 -0.033660888671875
0.0524749755859375 -0.0751419067382813 0.113548278808594 -0.119644165039063
-0.0133895874023438 -0.0924148559570312 0.0140533447265625 -0.171783447265625
-0.0565032958984375 -0.08941650390625 -0.062835693359375 -0.144149780273437
-0.0516586303710938 -0.0833358764648437 -0.0692825317382812 -0.0861663818359375
-0.068084716796875 -0.0951004028320313 -0.0605316162109375 -0.0683059692382813
-0.0349807739257812 -0.117805480957031 -0.0586013793945313 -0.0533714294433594
0.0409698486328125 -0.132240295410156 -0.0521736145019531 -0.0417137145996094
0.125282287597656 -0.0942459106445312 -0.0518760681152344 -0.0684547424316406
0.186309814453125 0.046905517578125 -0.0462265014648438 -0.0936126708984375
0.1773681640625 0.154754638671875 -0.037628173828125 -0.143875122070313
0.094696044921875 0.239776611328125 -0.0244140625 -0.150680541992187
0.0434722900390625 0.2757568359375 0.143447875976562 -0.0666351318359375
0.119705200195313 0.178054809570313 0.0653877258300781 0.0302619934082031
0.182754516601562 0.104766845703125 0.1009521484375 0.0870208740234375
0.172683715820313 -0.0349884033203125 0.159332275390625 0.001953125
0.101753234863281 -0.10577392578125 0.123908996582031 -0.0793533325195313
0.000930786132812501 -0.146408081054688 0.0363845825195313 -0.136886596679688
-0.0628738403320312 -0.13653564453125 -0.0344772338867188 -0.111663818359375
-0.0583419799804687 -0.125495910644531 -0.0452041625976563 -0.0536422729492187
-0.0796661376953125 -0.140899658203125 -0.0357818603515625 -0.0336952209472656
-0.03564453125 -0.1575927734375 -0.0461540222167969 -0.0148124694824219
0.0604705810546875 -0.165267944335938 -0.0464248657226562 -0.00383758544921875
0.151458740234375 -0.109283447265625 -0.0565567016601562 -0.0375900268554688
0.211639404296875 0.0626678466796875 -0.0516281127929687 -0.0680274963378906
0.185821533203125 0.182220458984375 -0.01800537109375 -0.100715637207031
0.0767822265625 0.270950317382813 -0.0130691528320312 -0.0668716430664062
0.000427246093749988 0.282012939453125 0.148086547851562 0.0380859375
0.0882110595703125 0.222686767578125 0.079010009765625 0.0987319946289063
0.18865966796875 0.159622192382813 0.094268798828125 0.118881225585938
0.210601806640625 -0.0081024169921875 0.14569091796875 0.0448760986328125
0.138931274414063 -0.109519958496094 0.120452880859375 -0.0274581909179688
0.0204620361328125 -0.173782348632813 0.0546112060546875 -0.0848464965820313
-0.0576019287109375 -0.162734985351563 -0.00207138061523438 -0.0639152526855469
-0.0556640625 -0.149063110351563 -0.0138740539550781 -0.013214111328125
-0.08056640625 -0.166702270507812 -0.00502490997314453 0.00782346725463866
-0.0315704345703125 -0.177200317382813 -0.0281639099121094 0.0298957824707031
0.07275390625 -0.177291870117188 -0.0386390686035156 0.0363502502441406
0.16217041015625 -0.107864379882813 -0.059814453125 -0.00723648071289062
0.211227416992188 0.0772705078125 -0.0521965026855469 -0.0472755432128906
0.166336059570313 0.193939208984375 0.00672149658203126 -0.0595779418945312
0.0456390380859375 0.2689208984375 -0.002838134765625 0.0198135375976563
-0.041351318359375 0.237472534179688 0.136772155761719 0.139991760253906
0.03472900390625 0.218475341796875 0.0797882080078125 0.164718627929688
0.146759033203125 0.18487548828125 0.0782623291015625 0.140914916992188
0.201156616210938 0.02545166015625 0.116775512695313 0.0812759399414062
0.148468017578125 -0.0883331298828125 0.102027893066406 0.02386474609375
0.036590576171875 -0.168899536132813 0.064178466796875 -0.024139404296875
-0.042938232421875 -0.162063598632813 0.0303440093994141 -0.00934791564941407
-0.04522705078125 -0.14935302734375 0.0193767547607422 0.0292167663574219
-0.069732666015625 -0.168869018554688 0.026397705078125 0.0521888732910156
-0.021209716796875 -0.175033569335938 -0.00971221923828125 0.0755691528320312
0.080657958984375 -0.166915893554688 -0.032379150390625 0.0745315551757812
0.160186767578125 -0.08966064453125 -0.0632820129394531 0.0209846496582031
0.186798095703125 0.0937042236328125 -0.0534439086914062 -0.031036376953125
0.121353149414063 0.191787719726563 0.0263538360595703 -0.0207901000976562
0.000671386718749991 0.23724365234375 -0.000694274902343758 0.10125732421875
-0.0743865966796875 0.148040771484375 0.1126708984375 0.21826171875
-0.02178955078125 0.165084838867188 0.070343017578125 0.212234497070312
0.0749053955078125 0.16546630859375 0.0603790283203125 0.148666381835938
0.149978637695313 0.050567626953125 0.0831985473632813 0.104164123535156
0.126335144042969 -0.0510101318359375 0.07635498046875 0.0613327026367187
0.0445709228515625 -0.132316589355469 0.0651664733886719 0.0303611755371094
-0.02197265625 -0.134613037109375 0.0562667846679688 0.0417556762695313
-0.0270843505859375 -0.125640869140625 0.0496330261230469 0.067626953125
-0.0472259521484375 -0.147003173828125 0.0530014038085938 0.0940475463867187
-0.006927490234375 -0.149688720703125 0.00435638427734376 0.118003845214844
0.0819854736328125 -0.136032104492188 -0.0327606201171875 0.108627319335938
0.143875122070313 -0.0588836669921875 -0.072052001953125 0.0443801879882812
0.142440795898438 0.10296630859375 -0.0578765869140625 -0.0182418823242187
0.0612945556640625 0.1724853515625 0.0351371765136719 0.0155487060546875
-0.0477447509765625 0.177490234375 -0.0124359130859375 0.169921875
-0.094482421875 0.0346298217773438 0.0875701904296875 0.256576538085938
-0.06927490234375 0.0796051025390625 0.0595245361328125 0.231521606445313
-0.00444030761718751 0.110862731933594 0.0479736328125 0.141372680664063
0.0728607177734375 0.0584869384765625 0.0578384399414063 0.110519409179688
0.0793685913085938 -0.00917816162109375 0.0541458129882813 0.0803146362304688
0.041473388671875 -0.0742416381835937 0.0623779296875 0.0680694580078125
0.00200653076171875 -0.0844039916992188 0.0734481811523438 0.0793838500976563
-0.00589752197265625 -0.0828628540039063 0.0715255737304688 0.0958786010742187
-0.0189132690429688 -0.102706909179688 0.0704116821289063 0.128135681152344
0.00839996337890625 -0.104736328125 0.011322021484375 0.152938842773438
0.0716018676757813 -0.089202880859375 -0.0402679443359375 0.134994506835937
0.108642578125 -0.0250396728515625 -0.08551025390625 0.0622024536132813
0.0831985473632813 0.0966567993164063 -0.0674362182617188 -0.0108909606933594
-0.00319671630859374 0.128547668457031 0.0278434753417969 0.0442886352539063
-0.088104248046875 0.0934066772460937 -0.0374908447265625 0.215362548828125
0.0951690673828125 0.0273895263671875 0.0332489013671875 -0.232864379882812
0.0430221557617188 -0.0697441101074219 -0.0191459655761719 -0.0659866333007812
-0.0221672058105469 -0.0588760375976562 0.0749130249023438 0.022003173828125
-0.0500717163085938 -0.0079193115234375 0.124900817871094 -0.0662460327148438
-0.0379257202148438 0.0270729064941406 0.0685272216796875 -0.148452758789063
-0.0153923034667969 0.04718017578125 -0.025299072265625 -0.175369262695313
-0.0128288269042969 0.0367813110351563 -0.0944976806640625 -0.150421142578125
-0.0151615142822266 0.0341300964355469 -0.0919723510742188 -0.106910705566406
-0.0246162414550781 0.0364456176757813 -0.0865631103515625 -0.0898284912109375
-0.0428848266601563 0.00840377807617188 -0.0683441162109375 -0.0865554809570313
-0.0368118286132813 -0.0327186584472656 -0.0601730346679687 -0.0850601196289063
0.00822830200195313 -0.0652122497558594 -0.0504837036132813 -0.110977172851563
0.0785598754882813 -0.0433807373046875 -0.0346527099609375 -0.148696899414063
0.11700439453125 0.0124588012695313 -0.0595703125 -0.218185424804688
0.107887268066406 0.0743331909179688 -0.06097412109375 -0.2640380859375
0.102874755859375 0.132423400878906 0.0751800537109375 -0.217117309570313
0.0925750732421875 0.0076751708984375 0.00805664062500001 -0.0597496032714844
0.0596046447753906 -0.0214424133300781 0.0886154174804688 0.03314208984375
0.0211086273193359 -0.0344142913818359 0.14404296875 -0.05999755859375
0.000759124755859372 -0.0276336669921875 0.0900115966796875 -0.14703369140625
-0.0223197937011719 -0.0226078033447266 -0.0131378173828125 -0.184829711914063
-0.0420913696289062 -0.0256767272949219 -0.0887908935546875 -0.154922485351563
-0.0385284423828125 -0.0254783630371094 -0.0886306762695313 -0.102447509765625
-0.0505561828613281 -0.0303688049316406 -0.0815811157226563 -0.0858535766601563
-0.0406303405761719 -0.05767822265625 -0.068115234375 -0.0775070190429688
0.0048065185546875 -0.0854110717773438 -0.0581588745117188 -0.0699462890625
0.0744400024414063 -0.0795364379882813 -0.05084228515625 -0.0947113037109375
0.14111328125 0.0093994140625 -0.0409011840820313 -0.123207092285156
0.15643310546875 0.0937652587890625 -0.0547027587890625 -0.186492919921875
0.111251831054687 0.172027587890625 -0.046630859375 -0.221176147460938
0.0888214111328125 0.221160888671875 0.113739013671875 -0.161911010742187
0.123115539550781 0.0953750610351563 0.0377349853515625 -0.0268058776855469
0.13720703125 0.033782958984375 0.100379943847656 0.055816650390625
0.101539611816406 -0.0482101440429688 0.15875244140625 -0.0383758544921875
0.048248291015625 -0.0776901245117188 0.111083984375 -0.125251770019531
-0.019134521484375 -0.0907211303710938 0.0076751708984375 -0.174179077148438
-0.0618362426757812 -0.0856857299804688 -0.0696563720703125 -0.142044067382813
-0.0552291870117187 -0.0809555053710938 -0.0727462768554688 -0.0823822021484375
-0.0730056762695313 -0.09063720703125 -0.0647430419921875 -0.0645294189453125
-0.0418319702148438 -0.114875793457031 -0.0626564025878906 -0.0505142211914063
0.0338516235351562 -0.133750915527344 -0.0558090209960938 -0.040130615234375
0.120925903320313 -0.100814819335938 -0.0561408996582031 -0.0686836242675781
0.190292358398438 0.0387420654296875 -0.0493850708007812 -0.0952835083007813
0.186386108398438 0.146224975585938 -0.043121337890625 -0.145462036132813
0.106597900390625 0.238845825195312 -0.0329437255859375 -0.150726318359375
0.056884765625 0.276351928710938 0.139930725097656 -0.0738449096679687
0.12664794921875 0.172470092773438 0.0640945434570313 0.027801513671875
0.189956665039062 0.0968017578125 0.104942321777344 0.0870361328125
0.170639038085938 -0.04364013671875 0.16192626953125 -0.001922607421875
0.0969009399414062 -0.110260009765625 0.124252319335938 -0.0842742919921875
-0.00698852539062499 -0.145095825195312 0.031585693359375 -0.1402587890625
-0.070465087890625 -0.133445739746094 -0.0401840209960938 -0.110252380371094
-0.0639724731445312 -0.123397827148438 -0.047088623046875 -0.050323486328125
-0.0876235961914063 -0.135749816894531 -0.0388755798339844 -0.0313186645507813
-0.0445404052734375 -0.154800415039063 -0.0483055114746094 -0.0122032165527344
0.050689697265625 -0.16802978515625 -0.0489768981933594 -0.00274276733398439
0.146163940429688 -0.116943359375 -0.059967041015625 -0.0372123718261719
0.217254638671875 0.052978515625 -0.0538444519042969 -0.069427490234375
0.194915771484375 0.173812866210938 -0.0222549438476562 -0.102699279785156
0.08978271484375 0.2708740234375 -0.0176849365234375 -0.0672035217285156
0.013092041015625 0.28497314453125 0.14984130859375 0.030731201171875
0.09649658203125 0.219436645507813 0.0805511474609375 0.0960922241210938
0.198013305664063 0.152450561523438 0.0985641479492188 0.118919372558594
0.210205078125 -0.018585205078125 0.14935302734375 0.0419464111328125
0.134071350097656 -0.115409851074219 0.122833251953125 -0.0315780639648438
0.011016845703125 -0.174423217773438 0.0521392822265625 -0.088409423828125
-0.066680908203125 -0.159988403320313 -0.00477981567382813 -0.064178466796875
-0.0632781982421875 -0.146499633789063 -0.0142955780029297 -0.0116338729858399
-0.090301513671875 -0.161605834960938 -0.006439208984375 0.00891876220703124
-0.041412353515625 -0.174896240234375 -0.0288028717041016 0.0316524505615234
0.0622406005859375 -0.181350708007813 -0.0390510559082031 0.036773681640625
0.157379150390625 -0.116851806640625 -0.0613136291503906 -0.00603485107421875
0.216873168945313 0.0677032470703125 -0.0539894104003906 -0.0475807189941406
0.175994873046875 0.185836791992188 0.00352096557617189 -0.0624351501464844
0.0573883056640625 0.269943237304688 -0.00343704223632812 0.0198802947998047
-0.0313873291015625 0.240737915039063 0.143295288085938 0.134140014648438
0.0427093505859375 0.2177734375 0.08477783203125 0.162582397460938
0.1573486328125 0.179733276367187 0.0827789306640625 0.141815185546875
0.202972412109375 0.01654052734375 0.121475219726563 0.080657958984375
0.14495849609375 -0.0948638916015625 0.106559753417969 0.0207901000976562
0.0278472900390625 -0.170074462890625 0.0647811889648438 -0.0281906127929688
-0.0520477294921875 -0.160324096679688 0.030426025390625 -0.0114059448242188
-0.052642822265625 -0.147857666015625 0.0209102630615234 0.0295009613037109
-0.0801849365234375 -0.164306640625 0.0271530151367187 0.0514907836914063
-0.0316162109375 -0.173690795898437 -0.00733184814453124 0.0762557983398437
0.0710601806640625 -0.172210693359375 -0.0308074951171875 0.0747756958007812
0.156585693359375 -0.0984344482421875 -0.0635414123535156 0.0230560302734375
0.19287109375 0.085174560546875 -0.055328369140625 -0.0304450988769531
0.130630493164063 0.186721801757813 0.0255603790283203 -0.0245571136474609
0.011566162109375 0.239730834960938 0.00294494628906251 0.101776123046875
-0.06842041015625 0.151901245117188 0.123397827148438 0.213973999023438
-0.0160675048828125 0.166427612304688 0.0776214599609375 0.211212158203125
0.0838470458984375 0.16455078125 0.0644683837890625 0.149826049804688
0.15240478515625 0.0442962646484375 0.0884017944335938 0.104598999023438
0.124656677246094 -0.0563278198242188 0.0817413330078125 0.0597076416015625
0.0376052856445313 -0.134521484375 0.0680084228515625 0.0267562866210937
-0.0294876098632813 -0.134262084960938 0.0588531494140625 0.0385665893554687
-0.0339279174804688 -0.125167846679688 0.0528411865234375 0.0666236877441406
-0.05615234375 -0.14385986328125 0.056365966796875 0.0917587280273437
-0.0152130126953125 -0.149810791015625 0.00892639160156251 0.118240356445312
0.07476806640625 -0.141082763671875 -0.0290069580078125 0.109474182128906
0.141708374023438 -0.0669097900390625 -0.071136474609375 0.047027587890625
0.148284912109375 0.0974884033203125 -0.0591659545898437 -0.0169944763183594
0.069000244140625 0.170501708984375 0.0360488891601563 0.0122566223144531
-0.0399169921875 0.1812744140625 -0.00538635253906251 0.170944213867188
-0.0934829711914063 0.0377960205078125 0.100570678710938 0.253982543945313
-0.0672225952148438 0.0830764770507813 0.0688629150390625 0.230682373046875
0.00167083740234374 0.112838745117188 0.05218505859375 0.1429443359375
0.0760040283203125 0.0557022094726563 0.0626983642578125 0.111618041992188
0.079254150390625 -0.012725830078125 0.0594024658203125 0.0800094604492188
0.0379791259765625 -0.0764541625976563 0.0671653747558594 0.0651397705078125
-0.00289154052734374 -0.0857315063476563 0.0783004760742188 0.0751800537109375
-0.0101165771484375 -0.0834808349609375 0.076141357421875 0.093292236328125
-0.0252227783203125 -0.101905822753906 0.0755844116210938 0.125137329101563
0.00183105468750001 -0.105972290039063 0.017791748046875 0.152236938476562
0.0672378540039063 -0.0938949584960937 -0.0348663330078125 0.136077880859375
0.108505249023438 -0.030853271484375 -0.0840225219726563 0.0657577514648438
0.08843994140625 0.094329833984375 -0.0688209533691406 -0.00880813598632812
0.00173950195312501 0.129508972167969 0.0307807922363281 0.0416259765625
-0.0845870971679688 0.0981826782226563 -0.028564453125 0.217437744140625
0.101181030273438 0.0262374877929688 0.0261383056640625 -0.240280151367187
0.0417556762695313 -0.0731277465820312 -0.0243682861328125 -0.0653038024902344
-0.0259170532226563 -0.0611305236816406 0.07928466796875 0.02178955078125
-0.0521621704101563 -0.0068817138671875 0.127731323242188 -0.0717239379882813
-0.0382118225097656 0.0295066833496094 0.06640625 -0.154830932617188
-0.0142364501953125 0.0504302978515625 -0.0309295654296875 -0.178955078125
-0.0112724304199219 0.0392951965332031 -0.101669311523437 -0.150787353515625
-0.0133476257324219 0.0360336303710938 -0.0977325439453125 -0.106101989746094
-0.0223617553710937 0.0389251708984375 -0.09234619140625 -0.0884857177734375
-0.0428848266601563 0.0118598937988281 -0.073760986328125 -0.085968017578125
-0.0396881103515625 -0.0316390991210937 -0.0656509399414063 -0.0859527587890625
0.00548171997070312 -0.0684432983398438 -0.0558319091796875 -0.114891052246094
0.0795135498046875 -0.0476531982421875 -0.0385894775390625 -0.155242919921875
0.121009826660156 0.00782012939453125 -0.0677642822265625 -0.223983764648438
0.114616394042969 0.0733108520507813 -0.0721435546875 -0.270645141601563
0.112411499023437 0.134010314941406 0.069549560546875 -0.225814819335937
0.0945968627929688 0.0045166015625 0.00349807739257814 -0.0603065490722656
0.0606613159179687 -0.0251846313476562 0.093780517578125 0.0333175659179688
0.0200729370117188 -0.0365409851074219 0.147674560546875 -0.0653839111328125
-0.00115776062011719 -0.0282783508300781 0.0896759033203125 -0.154525756835937
-0.0240421295166016 -0.0208663940429688 -0.01861572265625 -0.189529418945313
-0.0443649291992188 -0.0235786437988281 -0.096649169921875 -0.156158447265625
-0.0398826599121094 -0.0244789123535156 -0.09429931640625 -0.101524353027344
-0.0524978637695312 -0.0283241271972656 -0.0871505737304688 -0.08441162109375
-0.0439224243164063 -0.0556831359863281 -0.0741195678710937 -0.0769195556640625
0.00130462646484374 -0.0869522094726562 -0.0633544921875 -0.0706100463867188
0.0730667114257812 -0.085357666015625 -0.05633544921875 -0.0980606079101563
0.14599609375 0.0045623779296875 -0.0445938110351563 -0.129074096679688
0.164169311523438 0.089599609375 -0.061981201171875 -0.192428588867188
0.1204833984375 0.174911499023438 -0.056549072265625 -0.226654052734375
0.100051879882812 0.226211547851563 0.110580444335938 -0.170089721679688
0.128730773925781 0.0937881469726563 0.0349292755126953 -0.0279064178466797
0.142593383789063 0.029205322265625 0.106239318847656 0.05743408203125
0.100929260253906 -0.0537567138671875 0.163528442382813 -0.04266357421875
0.0467529296875 -0.0809555053710938 0.113014221191406 -0.132705688476563
-0.02410888671875 -0.0909194946289062 0.0031890869140625 -0.179214477539063
-0.0676651000976563 -0.084747314453125 -0.07672119140625 -0.1435546875
-0.0594940185546875 -0.080902099609375 -0.0768814086914063 -0.0816116333007813
-0.0780792236328125 -0.0891876220703125 -0.0703277587890625 -0.063232421875
-0.047454833984375 -0.114341735839844 -0.0674858093261719 -0.0491218566894531
0.0285568237304688 -0.137420654296875 -0.0604896545410156 -0.0405540466308594
0.120010375976563 -0.107734680175781 -0.0610809326171875 -0.0711822509765625
0.198226928710938 0.033416748046875 -0.0524749755859375 -0.100357055664063
0.196990966796875 0.143173217773437 -0.0491943359375 -0.150558471679688
0.118255615234375 0.244171142578125 -0.0398406982421875 -0.15435791015625
0.068511962890625 0.284423828125 0.140884399414063 -0.0811309814453125
0.13330078125 0.173721313476562 0.0633468627929688 0.0272636413574219
0.200546264648437 0.0924072265625 0.110771179199219 0.0897979736328125
0.173355102539063 -0.0516357421875 0.168365478515625 -0.0038299560546875
0.0956039428710938 -0.115699768066406 0.127716064453125 -0.0908737182617188
-0.0131378173828125 -0.147171020507813 0.02874755859375 -0.14605712890625
-0.0784988403320313 -0.1329345703125 -0.0454483032226563 -0.112167358398438
-0.0702438354492187 -0.124069213867188 -0.0496444702148437 -0.0492630004882813
-0.0954055786132813 -0.13427734375 -0.0426788330078125 -0.0301513671875
-0.051971435546875 -0.15521240234375 -0.0517921447753906 -0.0100440979003906
0.0439453125 -0.173583984375 -0.0523643493652344 -0.00205993652343751
0.145401000976563 -0.126052856445313 -0.064117431640625 -0.0384712219238281
0.226181030273438 0.047119140625 -0.0566024780273437 -0.0725173950195312
0.207366943359375 0.17095947265625 -0.0265579223632812 -0.107460021972656
0.10186767578125 0.277328491210938 -0.021575927734375 -0.0685806274414062
0.023162841796875 0.293701171875 0.154266357421875 0.02655029296875
0.104263305664063 0.222900390625 0.0822525024414063 0.0962677001953125
0.210739135742188 0.150543212890625 0.103843688964844 0.123695373535156
0.214706420898438 -0.0266876220703125 0.156219482421875 0.0422210693359375
0.133918762207031 -0.123321533203125 0.128959655761719 -0.035430908203125
0.00401306152343748 -0.17779541015625 0.0512771606445313 -0.0938720703125
-0.0755462646484375 -0.1612548828125 -0.00764846801757813 -0.0664215087890625
-0.0706329345703125 -0.148468017578125 -0.0146522521972656 -0.0102777481079102
-0.0997467041015625 -0.160720825195313 -0.00794696807861329 0.00986194610595702
-0.05010986328125 -0.176315307617188 -0.0296058654785156 0.0339488983154297
0.0556793212890625 -0.18817138671875 -0.0409393310546875 0.0380821228027344
0.156829833984375 -0.125717163085938 -0.0641937255859375 -0.00590133666992189
0.226806640625 0.062164306640625 -0.0571556091308594 -0.0500679016113281
0.188079833984375 0.184722900390625 0.00163650512695314 -0.0667915344238281
0.0680694580078125 0.277481079101563 -0.00425910949707031 0.020528793334961
-0.024627685546875 0.249313354492188 0.151504516601563 0.132278442382813
0.04931640625 0.222366333007813 0.08966064453125 0.1640625
0.169418334960938 0.180038452148438 0.087738037109375 0.147781372070313
0.208648681640625 0.010101318359375 0.128669738769531 0.08331298828125
0.146163940429688 -0.101394653320313 0.113456726074219 0.0188522338867187
0.0214996337890625 -0.174163818359375 0.0667152404785156 -0.0325584411621094
-0.0605010986328125 -0.162429809570313 0.0305919647216797 -0.0135650634765625
-0.059722900390625 -0.149932861328125 0.0226020812988281 0.0304775238037109
-0.0893707275390625 -0.164230346679688 0.0277061462402344 0.0521316528320313
-0.0403900146484375 -0.175872802734375 -0.00673675537109375 0.078887939453125
0.06500244140625 -0.179153442382812 -0.0303268432617187 0.0770492553710937
0.157135009765625 -0.1072998046875 -0.0659103393554687 0.0240249633789063
0.202682495117188 0.0807952880859375 -0.057586669921875 -0.031707763671875
0.141357421875 0.186614990234375 0.0258712768554688 -0.0278568267822266
0.0198211669921875 0.247100830078125 0.0054168701171875 0.1044921875
-0.066253662109375 0.158660888671875 0.134246826171875 0.214996337890625
-0.01300048828125 0.172073364257813 0.0847930908203125 0.214111328125
0.093048095703125 0.167098999023438 0.0688629150390625 0.155548095703125
0.158493041992188 0.0399017333984375 0.0949554443359375 0.1087646484375
0.126945495605469 -0.0615615844726563 0.0887298583984375 0.0605239868164062
0.033294677734375 -0.138626098632813 0.07220458984375 0.0236587524414062
-0.03607177734375 -0.136878967285156 0.0617904663085937 0.0367622375488281
-0.0394821166992187 -0.127944946289063 0.0565071105957031 0.0672187805175781
-0.06463623046875 -0.144500732421875 0.0589599609375 0.0925140380859375
-0.022705078125 -0.152816772460937 0.0115585327148437 0.120872497558594
0.0696258544921875 -0.14849853515625 -0.0274887084960938 0.112007141113281
0.143280029296875 -0.074249267578125 -0.0723190307617187 0.0494842529296875
0.1571044921875 0.0950164794921875 -0.0615730285644531 -0.0175018310546875
0.0764617919921875 0.172882080078125 0.037841796875 0.00959396362304688
-0.034912109375 0.188827514648438 -0.000381469726562484 0.176010131835938
-0.0958633422851562 0.0412673950195313 0.112136840820312 0.257492065429688
-0.0673980712890625 0.08770751953125 0.0771636962890625 0.235397338867188
0.00675964355468749 0.117561340332031 0.0560150146484375 0.1484375
0.0806198120117188 0.0547027587890625 0.0687484741210938 0.11651611328125
0.0817489624023438 -0.0152359008789063 0.0660324096679688 0.0820770263671875
0.0361099243164063 -0.0799026489257813 0.073028564453125 0.063934326171875
-0.00656127929687499 -0.0888824462890625 0.0834503173828125 0.0736007690429688
-0.0135955810546875 -0.0863265991210938 0.0810317993164063 0.0934066772460938
-0.03057861328125 -0.103225708007813 0.0806198120117188 0.125442504882813
-0.00257110595703126 -0.109214782714844 0.022308349609375 0.155166625976563
0.0649642944335938 -0.0998611450195313 -0.0322341918945312 0.140037536621094
0.11102294921875 -0.03564453125 -0.0851211547851563 0.0693206787109375
0.0945968627929688 0.09442138671875 -0.0712814331054688 -0.00828552246093749
0.00559234619140626 0.133766174316406 0.0340080261230469 0.0396499633789063
-0.0842514038085938 0.104393005371094 -0.0226898193359375 0.2239990234375
0.110664367675781 0.023193359375 0.015869140625 -0.253402709960938
0.040191650390625 -0.0791473388671875 -0.0308380126953125 -0.0650177001953125
-0.0312004089355469 -0.064178466796875 0.0865097045898438 0.0207290649414062
-0.056182861328125 -0.00534439086914063 0.132461547851563 -0.0805816650390625
-0.0396347045898438 0.0332603454589844 0.063751220703125 -0.165603637695313
-0.0115699768066406 0.0553054809570313 -0.0389404296875 -0.1864013671875
-0.00879287719726562 0.0433082580566406 -0.113815307617188 -0.153518676757813
-0.0112419128417969 0.0390739440917969 -0.107154846191406 -0.107345581054688
-0.02032470703125 0.0423851013183594 -0.101890563964844 -0.088134765625
-0.04351806640625 0.016021728515625 -0.0821380615234375 -0.087005615234375
-0.0433616638183594 -0.0302314758300781 -0.0744094848632813 -0.0883102416992187
0.00177764892578125 -0.0726852416992188 -0.0649185180664063 -0.121353149414063
0.0815353393554688 -0.055084228515625 -0.046173095703125 -0.165145874023437
0.127944946289063 0.00173187255859375 -0.080291748046875 -0.23358154296875
0.125099182128906 0.0732040405273437 -0.0897216796875 -0.28265380859375
0.127113342285156 0.136749267578125 0.0618743896484375 -0.240097045898438
0.09912109375 0.00049591064453125 -0.00253677368164062 -0.0615005493164063
0.0622749328613281 -0.0311126708984375 0.101860046386719 0.0330810546875
0.0181427001953125 -0.0401496887207031 0.154037475585937 -0.0745086669921875
-0.00277137756347656 -0.0293998718261719 0.0886383056640625 -0.166656494140625
-0.0264835357666016 -0.0186958312988281 -0.0271453857421875 -0.198867797851563
-0.0478706359863281 -0.0207138061523437 -0.109207153320312 -0.159713745117188
-0.04193115234375 -0.0233078002929687 -0.103271484375 -0.102508544921875
-0.0555152893066406 -0.0261344909667969 -0.096405029296875 -0.0837936401367188
-0.047821044921875 -0.0546188354492187 -0.0826797485351563 -0.076568603515625
-0.00360107421875001 -0.090301513671875 -0.0717849731445313 -0.0721206665039063
0.0721511840820313 -0.09295654296875 -0.06427001953125 -0.103927612304688
0.154983520507813 -0.0032501220703125 -0.0515899658203125 -0.138191223144531
0.177169799804688 0.085357666015625 -0.0740509033203125 -0.20196533203125
0.136245727539063 0.179428100585938 -0.0711669921875 -0.236953735351563
0.117767333984375 0.23565673828125 0.107666015625 -0.183883666992188
0.138114929199219 0.0931854248046875 0.0318260192871094 -0.0296401977539062
0.152191162109375 0.022186279296875 0.115669250488281 0.058990478515625
0.102821350097656 -0.0621261596679688 0.173019409179688 -0.050140380859375
0.0447235107421875 -0.0874176025390625 0.115432739257812 -0.145004272460938
-0.0301361083984375 -0.0927276611328125 -0.00419616699218751 -0.189544677734375
-0.0758056640625 -0.0839462280273437 -0.087615966796875 -0.14691162109375
-0.0663604736328125 -0.08197021484375 -0.0841598510742188 -0.0813446044921875
-0.0865554809570313 -0.0877227783203125 -0.0779266357421875 -0.0622100830078125
-0.0551528930664062 -0.115493774414063 -0.0748291015625 -0.0478439331054688
0.0218048095703125 -0.14459228515625 -0.0678596496582031 -0.0403823852539063
0.120559692382812 -0.119880676269531 -0.0687484741210937 -0.075225830078125
0.211380004882813 0.024688720703125 -0.0588150024414062 -0.107200622558594
0.2144775390625 0.139892578125 -0.0586395263671875 -0.158645629882813
0.136672973632813 0.252944946289063 -0.0502166748046875 -0.161605834960937
0.086273193359375 0.298309326171875 0.143661499023438 -0.09136962890625
0.1466064453125 0.177505493164063 0.0640602111816406 0.0271759033203125
0.216262817382813 0.0869293212890625 0.121246337890625 0.0939178466796875
0.179153442382813 -0.0629425048828125 0.179061889648438 -0.00909423828125
0.09576416015625 -0.12646484375 0.134269714355469 -0.101715087890625
-0.0219268798828125 -0.152420043945313 0.024139404296875 -0.15625
-0.0900192260742188 -0.134979248046875 -0.0534744262695312 -0.116012573242188
-0.0804977416992188 -0.127128601074219 -0.0537376403808594 -0.0484580993652344
-0.107475280761719 -0.135017395019531 -0.047760009765625 -0.0287704467773437
-0.0628814697265625 -0.158920288085938 -0.0566482543945313 -0.00748443603515626
0.03643798828125 -0.183807373046875 -0.0574188232421875 -0.000667572021484392
0.146682739257812 -0.139556884765625 -0.0704116821289062 -0.0406646728515625
0.242431640625 0.0377044677734375 -0.062530517578125 -0.0778579711914063
0.226730346679687 0.168899536132812 -0.03289794921875 -0.114700317382813
0.120513916015625 0.28948974609375 -0.0268478393554687 -0.0715484619140625
0.0382080078125 0.31011962890625 0.1630859375 0.0208282470703125
0.117950439453125 0.230056762695313 0.0876235961914063 0.0987472534179688
0.229995727539062 0.148101806640625 0.114639282226563 0.130409240722656
0.22369384765625 -0.0381927490234375 0.168624877929688 0.041534423828125
0.135871887207031 -0.135208129882813 0.137893676757813 -0.043426513671875
-0.004852294921875 -0.1854248046875 0.0509719848632813 -0.102424621582031
-0.088165283203125 -0.164581298828125 -0.0112495422363281 -0.0695953369140625
-0.0816192626953125 -0.153213500976563 -0.0152597427368164 -0.00874614715576173
-0.113739013671875 -0.162109375 -0.00993919372558595 0.011652946472168
-0.0625762939453125 -0.181472778320312 -0.0313339233398438 0.0376663208007812
0.046783447265625 -0.199493408203125 -0.0430030822753906 0.0411224365234375
0.15887451171875 -0.14068603515625 -0.0689010620117187 -0.00564956665039065
0.243255615234375 0.053802490234375 -0.0622673034667969 -0.0526657104492188
0.20684814453125 0.184600830078125 -0.00124359130859373 -0.0728530883789062
0.085235595703125 0.290740966796875 -0.00430488586425781 0.0217075347900391
-0.0146942138671875 0.264251708984375 0.164718627929688 0.132369995117188
0.0594482421875 0.232589721679688 0.0989532470703125 0.16949462890625
0.18817138671875 0.182281494140625 0.097930908203125 0.156234741210937
0.219573974609375 0.0010528564453125 0.141098022460938 0.08599853515625
0.15008544921875 -0.113327026367188 0.123931884765625 0.0157546997070312
0.0137786865234375 -0.1837158203125 0.0690422058105469 -0.0390739440917969
-0.07275390625 -0.167739868164063 0.0308952331542969 -0.0163803100585938
-0.07073974609375 -0.154876708984375 0.0257530212402344 0.0321788787841797
-0.103240966796875 -0.166427612304688 0.0298614501953125 0.0538406372070312
-0.0520782470703125 -0.181533813476562 -0.00504302978515626 0.0832061767578125
0.0573577880859375 -0.191299438476563 -0.0305709838867187 0.0812301635742187
0.15960693359375 -0.12127685546875 -0.0690574645996094 0.026611328125
0.219146728515625 0.0754852294921875 -0.0619659423828125 -0.0327377319335938
0.157760620117188 0.1893310546875 0.0262432098388672 -0.0329303741455078
0.0328521728515625 0.261276245117188 0.00943756103515625 0.10992431640625
-0.0635986328125 0.169967651367188 0.150543212890625 0.220046997070313
-0.00755310058593752 0.18280029296875 0.0969085693359375 0.221832275390625
0.107070922851562 0.172805786132813 0.0776824951171875 0.16485595703125
0.168807983398438 0.035125732421875 0.106582641601563 0.113998413085938
0.13165283203125 -0.0704803466796875 0.09930419921875 0.0602188110351563
0.028045654296875 -0.1474609375 0.0782241821289063 0.0198822021484375
-0.046112060546875 -0.142349243164063 0.0670852661132813 0.0347480773925781
-0.0486831665039062 -0.133338928222656 0.0626182556152344 0.0687828063964844
-0.0766143798828125 -0.14813232421875 0.0649032592773438 0.0947189331054687
-0.0332183837890625 -0.158889770507813 0.0166702270507813 0.126731872558594
0.0649566650390625 -0.16015625 -0.0253143310546875 0.118072509765625
0.147293090820313 -0.08575439453125 -0.074737548828125 0.0543975830078125
0.171295166015625 0.0935516357421875 -0.065460205078125 -0.0170135498046875
0.0883331298828125 0.178543090820313 0.0412025451660156 0.00544357299804689
-0.028564453125 0.20123291015625 0.00736999511718751 0.185134887695313
-0.0997695922851563 0.04779052734375 0.129669189453125 0.265151977539063
-0.0681991577148437 0.09613037109375 0.090972900390625 0.244491577148437
0.01385498046875 0.124786376953125 0.0638275146484375 0.156997680664063
0.0881805419921875 0.0541305541992188 0.078765869140625 0.123634338378906
0.086273193359375 -0.019683837890625 0.0756072998046875 0.0845260620117188
0.0336761474609375 -0.086151123046875 0.0810699462890625 0.0623321533203125
-0.0124053955078125 -0.0942611694335937 0.0916519165039063 0.0722732543945313
-0.0187911987304688 -0.0908584594726563 0.0894622802734375 0.0951004028320313
-0.0380783081054688 -0.107330322265625 0.0894088745117187 0.128311157226563
-0.00962066650390624 -0.1153564453125 0.0289306640625 0.162887573242187
0.0629425048828125 -0.10919189453125 -0.0286102294921875 0.147628784179688
0.116073608398438 -0.0440597534179688 -0.08721923828125 0.0754547119140625
0.105514526367188 0.0967483520507813 -0.0755157470703125 -0.00701141357421873
0.01165771484375 0.141799926757813 0.0390129089355469 0.0380058288574219
-0.0845870971679688 0.113845825195312 -0.0136871337890625 0.236007690429688
0.122688293457031 0.015228271484375 -0.00192260742187501 -0.269577026367188
0.0360870361328125 -0.0874252319335938 -0.0401992797851562 -0.0636405944824219
-0.0398941040039063 -0.066680908203125 0.0947647094726563 0.0170364379882812
-0.0611724853515625 -0.00194168090820312 0.135391235351563 -0.094451904296875
-0.0402259826660156 0.0388946533203125 0.0555877685546875 -0.180191040039063
-0.00696563720703125 0.0610275268554688 -0.053558349609375 -0.195098876953125
-0.00484466552734375 0.0483169555664063 -0.13134765625 -0.153549194335938
-0.00769805908203125 0.0421066284179688 -0.121147155761719 -0.105697631835937
-0.0164222717285156 0.0470771789550781 -0.114875793457031 -0.0846786499023438
-0.0436782836914062 0.0213661193847656 -0.0949249267578125 -0.085968017578125
-0.0486831665039063 -0.027191162109375 -0.08636474609375 -0.0890731811523438
-0.00473785400390625 -0.0779876708984375 -0.0793914794921875 -0.126991271972656
0.0824508666992188 -0.0662078857421875 -0.06048583984375 -0.1756591796875
0.135574340820313 -0.0085601806640625 -0.101959228515625 -0.243255615234375
0.140151977539063 0.0688629150390625 -0.118072509765625 -0.29400634765625
0.149337768554688 0.135635375976563 0.0475006103515625 -0.258941650390625
0.104484558105469 -0.0067901611328125 -0.0100555419921875 -0.0622138977050781
0.06292724609375 -0.0392951965332031 0.112236022949219 0.0296859741210937
0.0141220092773438 -0.0446243286132812 0.15972900390625 -0.0891876220703125
-0.00650787353515625 -0.0304832458496094 0.0831146240234375 -0.183792114257812
-0.0294723510742188 -0.0155029296875 -0.0425262451171875 -0.208786010742188
-0.0516548156738281 -0.0162391662597656 -0.127395629882813 -0.160430908203125
-0.0460624694824219 -0.0208816528320312 -0.116439819335938 -0.100540161132813
-0.0598526000976562 -0.021820068359375 -0.109413146972656 -0.0807952880859375
-0.0539436340332031 -0.0519866943359375 -0.094085693359375 -0.074920654296875
-0.0112762451171875 -0.0937881469726563 -0.0829544067382813 -0.0718765258789063
0.0687408447265625 -0.104713439941406 -0.0778045654296875 -0.108940124511719
0.163711547851563 -0.016265869140625 -0.064422607421875 -0.146591186523438
0.194015502929688 0.0755157470703125 -0.0936126708984375 -0.210205078125
0.1595458984375 0.181915283203125 -0.0940399169921875 -0.246719360351563
0.145858764648437 0.242294311523437 0.100112915039063 -0.203262329101563
0.1531982421875 0.08953857421875 0.0279998779296875 -0.0316143035888672
0.163589477539063 0.0102691650390625 0.128555297851562 0.057159423828125
0.102958679199219 -0.0745391845703125 0.181854248046875 -0.0641937255859375
0.0404815673828125 -0.0960769653320312 0.113784790039063 -0.163558959960938
-0.0390853881835938 -0.093658447265625 -0.0176849365234375 -0.201690673828125
-0.087615966796875 -0.0809097290039062 -0.1046142578125 -0.149154663085938
-0.0764083862304688 -0.0813980102539062 -0.0945663452148437 -0.07940673828125
-0.0978164672851562 -0.0851287841796875 -0.0880355834960938 -0.0594406127929688
-0.067352294921875 -0.115570068359375 -0.0839080810546875 -0.0446243286132813
0.010986328125 -0.15283203125 -0.077117919921875 -0.0387039184570312
0.117591857910156 -0.136207580566406 -0.0804672241210937 -0.0781631469726563
0.227035522460938 0.008697509765625 -0.0704803466796875 -0.113876342773437
0.237930297851563 0.129959106445313 -0.07464599609375 -0.166305541992188
0.165603637695313 0.259994506835938 -0.0662384033203125 -0.168136596679687
0.116424560546875 0.3116455078125 0.145309448242188 -0.108383178710938
0.167739868164063 0.17877197265625 0.0661430358886719 0.0255470275878906
0.237075805664063 0.07525634765625 0.1368408203125 0.0955276489257813
0.1842041015625 -0.080657958984375 0.192596435546875 -0.0199127197265625
0.0918121337890625 -0.141342163085938 0.138046264648438 -0.118911743164063
-0.0356903076171875 -0.157928466796875 0.0139923095703125 -0.168746948242188
-0.106452941894531 -0.134101867675781 -0.0660476684570312 -0.118820190429688
-0.09490966796875 -0.128677368164063 -0.0596084594726563 -0.0466346740722656
-0.124656677246094 -0.132797241210937 -0.05426025390625 -0.0253372192382813
-0.0794830322265625 -0.1610107421875 -0.0624427795410156 -0.00282669067382813
0.0232086181640625 -0.195816040039063 -0.0632171630859375 0.00285720825195311
0.144088745117188 -0.159820556640625 -0.0794677734375 -0.0406570434570313
0.260940551757813 0.02093505859375 -0.0722503662109375 -0.081817626953125
0.25347900390625 0.159683227539063 -0.0437240600585937 -0.121803283691406
0.15130615234375 0.300262451171875 -0.03436279296875 -0.0741653442382812
0.064453125 0.3272705078125 0.174087524414063 0.00978088378906252
0.140579223632813 0.237075805664062 0.0963287353515625 0.0990753173828125
0.256668090820312 0.1395263671875 0.131324768066406 0.134994506835938
0.234146118164063 -0.0576019287109375 0.184906005859375 0.0351715087890625
0.134979248046875 -0.154052734375 0.146713256835938 -0.0566558837890625
-0.019927978515625 -0.194778442382813 0.0464706420898438 -0.114151000976563
-0.10772705078125 -0.166458129882813 -0.0179977416992188 -0.072998046875
-0.0986785888671875 -0.155746459960938 -0.0159740447998047 -0.00711250305175782
-0.13348388671875 -0.160842895507812 -0.0111942291259766 0.0141267776489258
-0.081268310546875 -0.18524169921875 -0.0324592590332031 0.0434341430664062
0.0327911376953125 -0.214065551757813 -0.044769287109375 0.0462303161621093
0.1572265625 -0.161651611328125 -0.0756378173828125 -0.00314331054687503
0.264114379882813 0.0374755859375 -0.0701980590820312 -0.0550460815429687
0.233169555664063 0.177978515625 -0.00708770751953123 -0.0799713134765625
0.11322021484375 0.30487060546875 -0.00336837768554687 0.0228843688964844
0.00421142578124999 0.282562255859375 0.184585571289063 0.128173828125
0.07904052734375 0.243576049804688 0.113967895507813 0.172470092773438
0.215118408203125 0.180252075195313 0.115142822265625 0.16351318359375
0.233245849609375 -0.015960693359375 0.158660888671875 0.0849151611328125
0.15252685546875 -0.131851196289063 0.136344909667969 0.00698089599609374
0.000152587890625006 -0.194320678710937 0.0707015991210938 -0.0481948852539063
-0.0916595458984375 -0.170852661132812 0.0313796997070313 -0.0199394226074219
-0.0877685546875 -0.1590576171875 0.0300445556640625 0.0328807830810547
-0.123550415039062 -0.166763305664063 0.0338058471679688 0.0560951232910156
-0.070831298828125 -0.186614990234375 -0.000915527343750008 0.0897750854492187
0.0442047119140625 -0.207000732421875 -0.0279464721679688 0.087249755859375
0.159866333007812 -0.141265869140625 -0.0723876953125 0.0314178466796875
0.239593505859375 0.0630340576171875 -0.0677604675292968 -0.0327262878417969
0.181549072265625 0.187774658203125 0.0252418518066406 -0.0397148132324219
0.0549774169921875 0.276535034179688 0.0183639526367188 0.115875244140625
-0.05517578125 0.186370849609375 0.17584228515625 0.221694946289062
0.00340270996093749 0.195266723632813 0.116851806640625 0.228271484375
0.1285400390625 0.17724609375 0.0935821533203125 0.173904418945313
0.182037353515625 0.02447509765625 0.123687744140625 0.117263793945313
0.136314392089844 -0.0845870971679687 0.113273620605469 0.0570755004882812
0.0174713134765625 -0.157638549804687 0.08465576171875 0.0141143798828125
-0.0618133544921875 -0.147628784179688 0.0734405517578125 0.031036376953125
-0.0627593994140625 -0.138656616210938 0.072235107421875 0.06884765625
-0.093109130859375 -0.149551391601563 0.074371337890625 0.0964508056640625
-0.049072265625 -0.164718627929688 0.0249099731445313 0.13360595703125
0.055206298828125 -0.174484252929688 -0.019805908203125 0.125831604003906
0.149520874023437 -0.103073120117187 -0.0766677856445312 0.0616531372070312
0.190780639648438 0.0863037109375 -0.070892333984375 -0.0152740478515625
0.107696533203125 0.182449340820312 0.0451812744140625 -5.72204589843638E-05
-0.0147552490234375 0.21746826171875 0.0211944580078125 0.195388793945313
-0.103111267089844 0.058746337890625 0.157546997070313 0.271514892578125
-0.0662384033203125 0.108345031738281 0.113525390625 0.252914428710938
0.0255355834960938 0.132926940917969 0.07830810546875 0.166000366210937
0.098602294921875 0.0504989624023437 0.0948104858398438 0.128517150878906
0.0917205810546875 -0.0275726318359375 0.0894012451171875 0.0850067138671875
0.02899169921875 -0.0943222045898438 0.0913772583007812 0.058868408203125
-0.0221099853515625 -0.099639892578125 0.102996826171875 0.068572998046875
-0.0278701782226563 -0.0961151123046875 0.102256774902344 0.0938644409179688
-0.0499801635742187 -0.110450744628906 0.102645874023438 0.129776000976563
-0.02032470703125 -0.121292114257812 0.041595458984375 0.171005249023438
0.0577850341796875 -0.122032165527344 -0.020721435546875 0.157501220703125
0.120559692382813 -0.0565719604492188 -0.0880050659179687 0.0856170654296875
0.120857238769531 0.095794677734375 -0.0809173583984375 -0.00380706787109373
0.0235137939453125 0.150360107421875 0.0457992553710938 0.0340805053710938
-0.0811767578125 0.127914428710938 0.00285339355468752 0.2509765625
0.132308959960938 0.0013275146484375 -0.0299072265625 -0.281524658203125
0.0280380249023437 -0.095123291015625 -0.0498123168945313 -0.0582656860351562
-0.0505599975585938 -0.0664253234863281 0.102645874023438 0.0092010498046875
-0.0657234191894531 0.00457763671874999 0.132781982421875 -0.111030578613281
-0.0388946533203125 0.0459442138671875 0.0409088134765625 -0.193008422851563
0.00119781494140625 0.0656318664550781 -0.0738677978515625 -0.1983642578125
0.00188064575195313 0.0517997741699219 -0.15277099609375 -0.146804809570313
-0.00219345092773438 0.0449752807617188 -0.137130737304687 -0.0984954833984375
-0.00976562500000001 0.0505905151367188 -0.129119873046875 -0.0755691528320313
-0.0412559509277344 0.0288047790527344 -0.108612060546875 -0.079620361328125
-0.0533065795898437 -0.0216789245605469 -0.100372314453125 -0.0850753784179688
-0.0143661499023438 -0.0806045532226563 -0.097747802734375 -0.127578735351563
0.0781784057617188 -0.078857421875 -0.0811309814453125 -0.1805419921875
0.140487670898438 -0.02349853515625 -0.131149291992188 -0.244461059570313
0.156204223632813 0.0578460693359375 -0.154693603515625 -0.295013427734375
0.173248291015625 0.125625610351563 0.02276611328125 -0.276046752929688
0.108451843261719 -0.01812744140625 -0.0194664001464844 -0.0605964660644531
0.0596809387207031 -0.0487480163574219 0.122428894042969 0.02191162109375
0.00865173339843751 -0.0485153198242188 0.159591674804688 -0.108169555664063
-0.0110874176025391 -0.0304069519042969 0.0692138671875 -0.200637817382813
-0.0312023162841797 -0.0108509063720703 -0.064727783203125 -0.214096069335938
-0.0546493530273438 -0.00966644287109375 -0.149688720703125 -0.153823852539063
-0.0494232177734375 -0.0167388916015625 -0.130935668945312 -0.09283447265625
-0.0630073547363281 -0.015899658203125 -0.122947692871094 -0.0719375610351563
-0.0606346130371094 -0.0468292236328125 -0.107276916503906 -0.0675125122070313
-0.02215576171875 -0.0944290161132813 -0.0958480834960938 -0.0675125122070312
0.0596771240234375 -0.116226196289062 -0.094879150390625 -0.108848571777344
0.1689453125 -0.036041259765625 -0.0826873779296875 -0.150909423828125
0.209640502929688 0.057037353515625 -0.118942260742188 -0.211212158203125
0.1883544921875 0.173995971679688 -0.125213623046875 -0.248855590820313
0.181106567382813 0.237747192382813 0.083343505859375 -0.223419189453125
0.16802978515625 0.078460693359375 0.0225868225097656 -0.0334014892578125
0.17205810546875 -0.00787353515625 0.14215087890625 0.0500335693359375
0.0982284545898438 -0.0889968872070313 0.18634033203125 -0.0836181640625
0.0316696166992188 -0.104156494140625 0.103729248046875 -0.183563232421875
-0.0504150390625 -0.0910110473632813 -0.0388946533203125 -0.208999633789062
-0.09918212890625 -0.0730056762695313 -0.124496459960938 -0.1441650390625
-0.0874862670898438 -0.076263427734375 -0.106178283691406 -0.0726242065429688
-0.110076904296875 -0.0769882202148438 -0.0991287231445313 -0.0508193969726563
-0.0816268920898438 -0.111213684082031 -0.09381103515625 -0.0364837646484375
-0.0055389404296875 -0.158843994140625 -0.086334228515625 -0.0329360961914063
0.108078002929687 -0.154617309570312 -0.0946426391601563 -0.076568603515625
0.23834228515625 -0.0160675048828125 -0.0855331420898437 -0.116409301757813
0.261032104492187 0.108795166015625 -0.0951080322265625 -0.16827392578125
0.201950073242188 0.25689697265625 -0.0876312255859375 -0.169296264648437
0.15655517578125 0.31494140625 0.140823364257813 -0.129058837890625
0.19287109375 0.169921875 0.0683479309082032 0.0219802856445313
0.256484985351563 0.052276611328125 0.154525756835938 0.090087890625
0.1827392578125 -0.103988647460938 0.202590942382813 -0.037689208984375
0.0815277099609375 -0.157821655273438 0.134506225585937 -0.139579772949219
-0.0537872314453125 -0.158660888671875 -0.0025787353515625 -0.178329467773438
-0.125831604003906 -0.126838684082031 -0.0813217163085937 -0.116783142089844
-0.113121032714844 -0.123580932617187 -0.0662956237792969 -0.0418472290039063
-0.14324951171875 -0.12322998046875 -0.0606460571289063 -0.0194282531738281
-0.0999603271484375 -0.157470703125 -0.0668869018554688 0.00451660156249999
0.00169372558593752 -0.205230712890625 -0.0682601928710938 0.00917053222656248
0.132949829101563 -0.182113647460938 -0.0900497436523438 -0.0373382568359375
0.275527954101563 -0.0075225830078125 -0.085113525390625 -0.0823211669921875
0.28070068359375 0.138580322265625 -0.0595016479492188 -0.125205993652344
0.19158935546875 0.300384521484375 -0.0442276000976562 -0.0742263793945312
0.102874755859375 0.336517333984375 0.183090209960938 -0.00790405273437498
0.169586181640625 0.234725952148437 0.107330322265625 0.0948028564453125
0.28411865234375 0.118072509765625 0.152816772460938 0.132720947265625
0.237808227539063 -0.0845794677734375 0.20050048828125 0.0211334228515625
0.126373291015625 -0.175537109375 0.151046752929687 -0.0757904052734375
-0.0417938232421875 -0.199356079101563 0.0365219116210937 -0.124679565429688
-0.131240844726563 -0.16058349609375 -0.0264511108398438 -0.0745620727539063
-0.120254516601563 -0.152084350585938 -0.016636848449707 -0.00498676300048829
-0.156890869140625 -0.151473999023438 -0.0117626190185547 0.0182876586914062
-0.105422973632812 -0.181808471679687 -0.0314865112304688 0.0500526428222656
0.00978088378906252 -0.225448608398437 -0.0445823669433594 0.0523643493652344
0.145828247070313 -0.185775756835938 -0.0814285278320312 0.00164794921874999
0.280563354492187 0.0101318359375 -0.0791397094726563 -0.0540771484375
0.2623291015625 0.160110473632813 -0.0163116455078125 -0.0858306884765625
0.15179443359375 0.308197021484375 -0.0017414093017578 0.0244979858398438
0.03424072265625 0.2965087890625 0.206253051757812 0.114288330078125
0.10638427734375 0.248046875 0.133651733398437 0.169509887695313
0.244705200195312 0.165878295898437 0.13726806640625 0.164291381835938
0.241897583007813 -0.040771484375 0.178115844726563 0.0759124755859375
0.1468505859375 -0.154327392578125 0.146652221679688 -0.00764465332031251
-0.02105712890625 -0.201995849609375 0.0684623718261719 -0.0585975646972656
-0.115768432617188 -0.167495727539063 0.0302333831787109 -0.0241737365722656
-0.109176635742188 -0.156814575195312 0.035797119140625 0.0321807861328125
-0.147308349609375 -0.1588134765625 0.0398139953613281 0.0567474365234375
-0.0953216552734375 -0.184768676757813 0.00665283203124999 0.095062255859375
0.022552490234375 -0.219818115234375 -0.0226287841796875 0.093994140625
0.151596069335938 -0.165008544921875 -0.0743942260742187 0.0382537841796875
0.258377075195313 0.03961181640625 -0.0755691528320313 -0.0305633544921875
0.209014892578125 0.17559814453125 0.0217781066894531 -0.0475616455078125
0.087371826171875 0.284454345703125 0.03106689453125 0.118972778320313
-0.0383148193359375 0.201263427734375 0.20660400390625 0.213226318359375
0.0229034423828125 0.205123901367188 0.1429443359375 0.227203369140625
0.15399169921875 0.17315673828125 0.115554809570313 0.176528930664063
0.19329833984375 0.0071563720703125 0.144058227539063 0.11328125
0.134376525878906 -0.10369873046875 0.126792907714844 0.0478286743164062
0.000915527343750005 -0.1663818359375 0.0896453857421875 0.00482940673828124
-0.082244873046875 -0.147109985351563 0.0796966552734375 0.0242691040039062
-0.0816726684570313 -0.137992858886719 0.0830841064453125 0.0651168823242187
-0.114334106445312 -0.144744873046875 0.0861053466796875 0.0940780639648437
-0.0702667236328125 -0.16522216796875 0.0382308959960937 0.138252258300781
0.03753662109375 -0.188812255859375 -0.00989532470703125 0.132804870605469
0.145645141601563 -0.124481201171875 -0.0748519897460937 0.0701446533203125
0.210128784179688 0.069976806640625 -0.0760116577148437 -0.011383056640625
0.131607055664063 0.179168701171875 0.0467033386230469 -0.00832748413085936
0.00723266601562502 0.229949951171875 0.042449951171875 0.2012939453125
-0.102691650390625 0.0720901489257813 0.192672729492187 0.267440795898437
-0.0584640502929688 0.121925354003906 0.142501831054688 0.253005981445313
0.0419540405273438 0.137763977050781 0.0984954833984375 0.168899536132813
0.10894775390625 0.0423126220703125 0.115158081054688 0.127639770507813
0.0941009521484375 -0.03900146484375 0.104995727539063 0.0800857543945313
0.0191802978515625 -0.101646423339844 0.101577758789063 0.0510025024414063
-0.0360870361328125 -0.102287292480469 0.114982604980469 0.0598983764648437
-0.0408554077148437 -0.0980987548828125 0.117012023925781 0.0887832641601563
-0.0648574829101563 -0.109733581542969 0.1202392578125 0.125717163085938
-0.0359344482421875 -0.124153137207031 0.059600830078125 0.174423217773438
0.0463485717773438 -0.134635925292969 -0.00782775878906248 0.166107177734375
0.120491027832031 -0.0727996826171875 -0.0847930908203125 0.0968170166015625
0.138442993164063 0.0881271362304688 -0.085479736328125 0.00241088867187499
0.03985595703125 0.15570068359375 0.0519485473632813 0.0271224975585938
-0.0718536376953125 0.143020629882813 0.0290985107421875 0.261795043945313
0.13641357421875 -0.0157394409179688 -0.061737060546875 -0.281829833984375
0.018035888671875 -0.099609375 -0.0577354431152344 -0.0493583679199219
-0.0608863830566406 -0.0612335205078125 0.106674194335938 -0.000572204589843754
-0.0681190490722656 0.0121307373046875 0.124176025390625 -0.125595092773438
-0.0351066589355469 0.0525016784667969 0.0217437744140625 -0.198593139648437
0.0102348327636719 0.0670928955078125 -0.0944366455078125 -0.19342041015625
0.010284423828125 0.0524253845214844 -0.169525146484375 -0.131820678710938
0.00443649291992188 0.044891357421875 -0.1494140625 -0.0844573974609375
-0.00225448608398437 0.0515289306640625 -0.138679504394531 -0.061676025390625
-0.0359992980957031 0.0343742370605469 -0.119316101074219 -0.0686187744140625
-0.0562400817871094 -0.0142631530761719 -0.112335205078125 -0.0764617919921875
-0.0246353149414062 -0.079803466796875 -0.115272521972656 -0.120857238769531
0.0691909790039063 -0.0895843505859375 -0.102157592773438 -0.176376342773437
0.139106750488281 -0.0396728515625 -0.1573486328125 -0.233978271484375
0.166580200195313 0.040252685546875 -0.189971923828125 -0.281585693359375
0.191543579101563 0.105972290039063 -0.00823974609374996 -0.282379150390625
0.10699462890625 -0.0299072265625 -0.0282516479492187 -0.0554733276367188
0.053680419921875 -0.0572624206542969 0.128242492675781 0.010406494140625
0.000991821289062501 -0.0495529174804688 0.152023315429688 -0.124969482421875
-0.0154590606689453 -0.0288524627685547 0.04913330078125 -0.210174560546875
-0.031158447265625 -0.00546836853027343 -0.08734130859375 -0.2100830078125
-0.0545654296875 -0.00195693969726564 -0.167465209960938 -0.138992309570312
-0.0505294799804688 -0.0113601684570313 -0.142288208007813 -0.079620361328125
-0.0634994506835938 -0.00854873657226563 -0.13214111328125 -0.0581207275390625
-0.0644187927246094 -0.03863525390625 -0.116744995117188 -0.05670166015625
-0.0325164794921875 -0.0905990600585938 -0.105606079101563 -0.058746337890625
0.046142578125 -0.1240234375 -0.110755920410156 -0.102638244628906
0.166168212890625 -0.056182861328125 -0.100692749023437 -0.146820068359375
0.2171630859375 0.0339508056640625 -0.143218994140625 -0.201568603515625
0.212127685546875 0.154998779296875 -0.154922485351563 -0.238189697265625
0.211837768554688 0.219970703125 0.0594940185546875 -0.23651123046875
0.178253173828125 0.0606536865234375 0.0162277221679688 -0.032867431640625
0.17236328125 -0.028289794921875 0.151962280273437 0.0381317138671875
0.0873336791992188 -0.100753784179688 0.18255615234375 -0.10302734375
0.0197067260742188 -0.108543395996094 0.0870819091796875 -0.197509765625
-0.0600814819335938 -0.0843582153320312 -0.0615997314453125 -0.207870483398437
-0.107696533203125 -0.0604705810546875 -0.141281127929688 -0.131973266601563
-0.0967636108398438 -0.06732177734375 -0.114234924316406 -0.0623397827148438
-0.1180419921875 -0.0637588500976562 -0.10626220703125 -0.0395431518554688
-0.09320068359375 -0.100662231445312 -0.0998764038085938 -0.025726318359375
-0.023193359375 -0.157562255859375 -0.0935745239257812 -0.0250015258789063
0.091156005859375 -0.168197631835937 -0.107345581054687 -0.0704574584960938
0.239028930664062 -0.0444488525390625 -0.100799560546875 -0.112358093261719
0.274215698242188 0.080230712890625 -0.115280151367187 -0.161636352539063
0.235107421875 0.238067626953125 -0.1082763671875 -0.162246704101562
0.195587158203125 0.301177978515625 0.127334594726563 -0.147079467773437
0.212448120117188 0.151885986328125 0.0678634643554688 0.0172805786132813
0.265579223632813 0.023468017578125 0.1685791015625 0.078826904296875
0.171951293945313 -0.124984741210938 0.205169677734375 -0.0583648681640625
0.0649871826171875 -0.169509887695312 0.123550415039063 -0.157867431640625
-0.0714111328125 -0.1524658203125 -0.0215911865234375 -0.180984497070313
-0.141357421875 -0.1114501953125 -0.0947341918945313 -0.1085205078125
-0.127769470214844 -0.112068176269531 -0.0703887939453125 -0.0347976684570313
-0.158004760742188 -0.106689453125 -0.0641670227050782 -0.0111236572265625
-0.11767578125 -0.144393920898437 -0.0688743591308594 0.0137252807617187
-0.0215911865234375 -0.204910278320313 -0.0703887939453125 0.016265869140625
0.113006591796875 -0.19879150390625 -0.098541259765625 -0.0303878784179688
0.277923583984375 -0.0398406982421875 -0.096405029296875 -0.07843017578125
0.29754638671875 0.107147216796875 -0.0747146606445313 -0.122833251953125
0.229583740234375 0.28387451171875 -0.0538482666015625 -0.0712661743164063
0.142608642578125 0.33013916015625 0.183502197265625 -0.029296875
0.196243286132813 0.219635009765625 0.115631103515625 0.086151123046875
0.30242919921875 0.088043212890625 0.170425415039063 0.122787475585938
0.230819702148438 -0.1114501953125 0.209259033203125 0.00225830078124999
0.10791015625 -0.192031860351563 0.147308349609375 -0.0947418212890625
-0.064544677734375 -0.194732666015625 0.0228958129882812 -0.13104248046875
-0.151702880859375 -0.145065307617188 -0.0350494384765625 -0.0721588134765625
-0.138801574707031 -0.139785766601563 -0.0162734985351563 -0.00263977050781251
-0.175399780273437 -0.133026123046875 -0.0111026763916016 0.0213718414306641
-0.126968383789063 -0.1693115234375 -0.0277252197265625 0.0555000305175781
-0.01654052734375 -0.227386474609375 -0.0418052673339844 0.0579261779785156
0.126617431640625 -0.20465087890625 -0.0853958129882812 0.00836944580078122
0.285369873046875 -0.022552490234375 -0.087890625 -0.0503997802734375
0.280792236328125 0.131820678710938 -0.0271377563476562 -0.0874862670898437
0.189544677734375 0.296539306640625 0.000724792480468759 0.02471923828125
0.06756591796875 0.296783447265625 0.220352172851563 0.0922088623046875
0.132949829101563 0.24127197265625 0.149795532226563 0.158035278320313
0.267913818359375 0.142333984375 0.157821655273438 0.156936645507812
0.239959716796875 -0.067626953125 0.192047119140625 0.060028076171875
0.132125854492188 -0.173431396484375 0.150192260742188 -0.0248870849609375
-0.0443267822265625 -0.1998291015625 0.0625534057617188 -0.0673255920410156
-0.137344360351563 -0.154586791992188 0.0274620056152344 -0.0276889801025391
-0.129180908203125 -0.14569091796875 0.0406684875488281 0.0291595458984375
-0.16754150390625 -0.1416015625 0.0451316833496094 0.05499267578125
-0.117645263671875 -0.173385620117188 0.0153961181640625 0.0974044799804687
-0.00323486328124998 -0.223220825195313 -0.0150604248046875 0.0970611572265625
0.134109497070313 -0.184402465820313 -0.0737762451171875 0.0450897216796875
0.266693115234375 0.0096588134765625 -0.0814590454101562 -0.0263595581054687
0.22967529296875 0.153884887695313 0.0157737731933594 -0.0538520812988281
0.12158203125 0.279800415039063 0.0441818237304688 0.116348266601563
-0.017303466796875 0.207778930664063 0.231399536132813 0.192764282226563
0.044342041015625 0.207229614257813 0.165878295898438 0.214599609375
0.17730712890625 0.159408569335938 0.136260986328125 0.170852661132813
0.196945190429688 -0.014129638671875 0.161361694335938 0.101028442382813
0.126068115234375 -0.120597839355469 0.136589050292969 0.0339508056640625
-0.017852783203125 -0.167160034179688 0.0907821655273438 -0.00545501708984376
-0.101493835449219 -0.137596130371094 0.0829086303710938 0.0155029296875
-0.09881591796875 -0.130157470703125 0.0915908813476563 0.0573272705078125
-0.133033752441406 -0.131851196289062 0.09600830078125 0.087432861328125
-0.0904693603515625 -0.157394409179688 0.05206298828125 0.137115478515625
0.016021728515625 -0.194473266601563 0.0021820068359375 0.135017395019531
0.133514404296875 -0.143234252929688 -0.0705490112304688 0.0775604248046875
0.2216796875 0.0472412109375 -0.0793685913085937 -0.006500244140625
0.151962280273438 0.166549682617188 0.0453453063964844 -0.0168380737304687
0.0333251953125 0.232696533203125 0.064605712890625 0.1982421875
-0.0966873168945313 0.0845184326171875 0.223556518554688 0.248458862304688
-0.04638671875 0.130744934082031 0.16943359375 0.240509033203125
0.0597610473632813 0.135917663574219 0.117218017578125 0.163803100585938
0.1162109375 0.0301513671875 0.132987976074219 0.119087219238281
0.0922775268554688 -0.05120849609375 0.117195129394531 0.0700149536132812
0.00694274902343751 -0.105384826660156 0.108917236328125 0.0395050048828125
-0.0503311157226562 -0.0988006591796875 0.12249755859375 0.04730224609375
-0.05450439453125 -0.0951156616210938 0.128715515136719 0.0768814086914063
-0.0794906616210938 -0.103294372558594 0.13409423828125 0.115402221679688
-0.0513763427734375 -0.12091064453125 0.0778961181640625 0.1715087890625
0.030670166015625 -0.142196655273438 0.00822448730468749 0.168411254882813
0.11407470703125 -0.088134765625 -0.07708740234375 0.106796264648438
0.151870727539063 0.0745697021484375 -0.087554931640625 0.00862884521484374
0.0574951171875 0.15435791015625 0.0549507141113281 0.0179634094238281
-0.0571136474609375 0.153564453125 0.0579833984375 0.260574340820313
0.134498596191406 -0.0301437377929688 -0.0872802734375 -0.274017333984375
0.00808715820312501 -0.100982666015625 -0.0614585876464844 -0.0394439697265625
-0.0675735473632813 -0.0550270080566406 0.107757568359375 -0.00833892822265625
-0.0687332153320313 0.0192070007324219 0.115203857421875 -0.13427734375
-0.0303916931152344 0.0566864013671875 0.006256103515625 -0.1978759765625
0.0184097290039063 0.0662918090820313 -0.10797119140625 -0.185012817382812
0.0175285339355469 0.0511703491210938 -0.179443359375 -0.116409301757812
0.00928497314453124 0.0433616638183594 -0.154800415039063 -0.0714569091796875
0.00400161743164062 0.0493202209472656 -0.14312744140625 -0.0483551025390625
-0.0300216674804688 0.0376930236816406 -0.125381469726563 -0.0579452514648437
-0.0560455322265625 -0.00736618041992186 -0.119979858398438 -0.067413330078125
-0.033416748046875 -0.0768890380859375 -0.12762451171875 -0.111923217773438
0.0588836669921875 -0.0952682495117188 -0.116836547851563 -0.168060302734375
0.133338928222656 -0.0522003173828125 -0.1746826171875 -0.218887329101563
0.170822143554688 0.0235443115234375 -0.21417236328125 -0.262176513671875
0.20166015625 0.0849761962890625 -0.0345916748046875 -0.279830932617188
0.102973937988281 -0.0395126342773438 -0.0345001220703125 -0.0481758117675781
0.0462265014648438 -0.0618858337402344 0.130577087402344 0.0015716552734375
-0.00596237182617188 -0.048248291015625 0.14288330078125 -0.136123657226563
-0.0186519622802734 -0.0256614685058594 0.032196044921875 -0.213546752929688
-0.029296875 -0.00110435485839843 -0.103729248046875 -0.20208740234375
-0.0518455505371094 0.00415802001953126 -0.177597045898438 -0.122955322265625
-0.0499610900878906 -0.00700378417968749 -0.14697265625 -0.0670928955078125
-0.0617599487304688 -0.00300216674804687 -0.13677978515625 -0.0453338623046875
-0.0645484924316406 -0.0309562683105469 -0.121902465820313 -0.045501708984375
-0.03961181640625 -0.0844802856445313 -0.111961364746094 -0.0507583618164063
0.0337677001953125 -0.126396179199219 -0.121620178222656 -0.0948104858398438
0.158416748046875 -0.0715484619140625 -0.113739013671875 -0.139732360839844
0.217041015625 0.0134735107421875 -0.158615112304687 -0.188812255859375
0.226470947265625 0.134429931640625 -0.17584228515625 -0.222915649414063
0.232681274414063 0.197219848632813 0.03668212890625 -0.24041748046875
0.181396484375 0.0449371337890625 0.0103282928466797 -0.0301170349121094
0.167724609375 -0.044525146484375 0.157135009765625 0.02777099609375
0.075286865234375 -0.107177734375 0.175689697265625 -0.117507934570313
0.00902557373046875 -0.109237670898438 0.0706024169921875 -0.205047607421875
-0.0660018920898438 -0.0755157470703125 -0.0785980224609375 -0.201766967773437
-0.110877990722656 -0.0481414794921875 -0.1517333984375 -0.11798095703125
-0.1011962890625 -0.0576324462890625 -0.11761474609375 -0.0525436401367187
-0.121376037597656 -0.051300048828125 -0.109214782714844 -0.0283050537109375
-0.0996551513671875 -0.0891494750976563 -0.102348327636719 -0.0160293579101563
-0.0366668701171875 -0.151687622070313 -0.09710693359375 -0.0173797607421875
0.07427978515625 -0.174407958984375 -0.116188049316406 -0.0628433227539063
0.2313232421875 -0.06622314453125 -0.111297607421875 -0.10565185546875
0.276763916015625 0.0538482666015625 -0.128707885742187 -0.151885986328125
0.256973266601563 0.215118408203125 -0.122238159179687 -0.151641845703125
0.222381591796875 0.281585693359375 0.112472534179688 -0.158294677734375
0.223846435546875 0.132888793945313 0.0652236938476563 0.0145263671875
0.265945434570313 -0.0013275146484375 0.177291870117188 0.0674285888671875
0.158111572265625 -0.138992309570313 0.202484130859375 -0.074462890625
0.0485076904296875 -0.1741943359375 0.110336303710938 -0.168792724609375
-0.0841217041015625 -0.1422119140625 -0.037017822265625 -0.177978515625
-0.1497802734375 -0.095428466796875 -0.103866577148438 -0.0987319946289063
-0.136734008789062 -0.099273681640625 -0.0714492797851563 -0.0286712646484375
-0.164718627929688 -0.089385986328125 -0.0647735595703125 -0.00326156616210939
-0.127876281738281 -0.129783630371094 -0.0681648254394531 0.0212249755859375
-0.04010009765625 -0.198654174804688 -0.0707855224609375 0.0222625732421875
0.0940399169921875 -0.207321166992187 -0.10418701171875 -0.024261474609375
0.27099609375 -0.065399169921875 -0.104804992675781 -0.0726776123046875
0.30218505859375 0.078826904296875 -0.0853042602539062 -0.11724853515625
0.255462646484375 0.261199951171875 -0.0604629516601562 -0.0657539367675781
0.172637939453125 0.314727783203125 0.178970336914063 -0.04632568359375
0.213104248046875 0.202316284179687 0.118057250976563 0.0781936645507813
0.308807373046875 0.059783935546875 0.182662963867188 0.111831665039062
0.218246459960937 -0.130523681640625 0.212387084960938 -0.014801025390625
0.0897979736328125 -0.201980590820313 0.13983154296875 -0.108642578125
-0.0810089111328125 -0.184738159179688 0.0110855102539062 -0.132041931152344
-0.163894653320313 -0.127197265625 -0.0412063598632813 -0.0681304931640625
-0.150588989257813 -0.125564575195312 -0.0147981643676758 -0.0011587142944336
-0.185134887695313 -0.113861083984375 -0.00940704345703127 0.0244503021240234
-0.14044189453125 -0.153030395507813 -0.0238151550292969 0.0594902038574219
-0.03753662109375 -0.221878051757813 -0.0389633178710937 0.0608482360839844
0.106033325195312 -0.214401245117187 -0.0876541137695312 0.0135726928710937
0.281097412109375 -0.049285888671875 -0.0939712524414062 -0.045166015625
0.28851318359375 0.104217529296875 -0.0358657836914062 -0.0871353149414063
0.216751098632812 0.278289794921875 0.00200843811035158 0.0235710144042969
0.09356689453125 0.288818359375 0.226165771484375 0.0709991455078125
0.151947021484375 0.2286376953125 0.158096313476563 0.145477294921875
0.280563354492188 0.1171875 0.172225952148438 0.146133422851563
0.23211669921875 -0.0877227783203125 0.199630737304688 0.044189453125
0.116409301757813 -0.185165405273438 0.14947509765625 -0.0389862060546875
-0.0617523193359375 -0.192047119140625 0.0555572509765625 -0.0728683471679688
-0.151199340820312 -0.138259887695313 0.0246524810791016 -0.0300483703613281
-0.142196655273438 -0.133041381835937 0.0440864562988281 0.0255203247070312
-0.1788330078125 -0.123550415039063 0.0488090515136719 0.0528526306152344
-0.1324462890625 -0.158432006835937 0.0223312377929687 0.0972976684570313
-0.0247344970703125 -0.220458984375 -0.0088958740234375 0.0975341796875
0.115829467773438 -0.195419311523438 -0.0726318359375 0.0491714477539063
0.26629638671875 -0.0151824951171875 -0.085693359375 -0.0223007202148437
0.239852905273438 0.132003784179688 0.00934982299804688 -0.0578536987304687
0.146697998046875 0.267105102539063 0.05352783203125 0.110992431640625
0.000915527343749994 0.208847045898438 0.245620727539062 0.169143676757812
0.0614166259765625 0.203338623046875 0.179779052734375 0.1990966796875
0.192306518554688 0.142929077148438 0.151321411132813 0.161529541015625
0.1949462890625 -0.0318450927734375 0.172088623046875 0.088134765625
0.114982604980469 -0.132591247558594 0.140670776367188 0.02093505859375
-0.033477783203125 -0.163116455078125 0.0894546508789063 -0.0139389038085938
-0.115074157714844 -0.125511169433594 0.0834274291992187 0.00777435302734374
-0.111740112304688 -0.119895935058594 0.097320556640625 0.0490188598632812
-0.145233154296875 -0.116867065429687 0.102615356445312 0.0803680419921875
-0.104873657226563 -0.1461181640625 0.0629043579101563 0.1326904296875
-0.00430297851562499 -0.194503784179688 0.012115478515625 0.13360595703125
0.118438720703125 -0.154617309570312 -0.0656661987304688 0.0819854736328125
0.226287841796875 0.026123046875 -0.0822296142578125 -0.00240325927734376
0.165130615234375 0.152359008789063 0.0418548583984375 -0.0245590209960937
0.0548553466796875 0.228713989257813 0.0813751220703125 0.190017700195313
-0.0897369384765625 0.0930023193359375 0.243423461914063 0.226333618164063
-0.0352783203125 0.135299682617187 0.186691284179688 0.223907470703125
0.0738525390625 0.130813598632813 0.130569458007813 0.155776977539063
0.118385314941406 0.0193710327148438 0.14459228515625 0.10833740234375
0.0877304077148438 -0.0606689453125 0.125076293945313 0.0592498779296875
-0.00353240966796875 -0.104682922363281 0.111396789550781 0.0288009643554687
-0.06109619140625 -0.092193603515625 0.125503540039063 0.0352249145507812
-0.0648193359375 -0.0894012451171875 0.13525390625 0.065277099609375
-0.0903396606445313 -0.095062255859375 0.142578125 0.104660034179688
-0.0632781982421875 -0.114097595214844 0.091522216796875 0.16497802734375
0.0159759521484375 -0.144699096679687 0.021026611328125 0.166275024414063
0.105079650878906 -0.0988082885742187 -0.0687255859375 0.111785888671875
0.159759521484375 0.0596466064453125 -0.0881881713867187 0.0134658813476562
0.0708770751953125 0.14892578125 0.0549125671386719 0.00933837890625001
-0.04278564453125 0.157272338867188 0.080047607421875 0.252410888671875
0.132225036621094 -0.0416641235351563 -0.1055908203125 -0.266998291015625
0.000656127929687504 -0.101150512695313 -0.0632247924804687 -0.0310325622558594
-0.0729827880859375 -0.0489273071289063 0.108879089355469 -0.013763427734375
-0.0685615539550781 0.0257415771484375 0.108871459960938 -0.140357971191406
-0.0263481140136719 0.0606269836425781 -0.0045166015625 -0.197555541992187
0.0251617431640625 0.0643081665039063 -0.117889404296875 -0.178909301757813
0.0237503051757813 0.0490951538085938 -0.185592651367187 -0.1044921875
0.0130882263183594 0.0419692993164063 -0.15826416015625 -0.0619049072265625
0.00900268554687501 0.0477447509765625 -0.145706176757813 -0.03875732421875
-0.0244865417480469 0.0392723083496094 -0.129371643066406 -0.04931640625
-0.0548324584960938 -0.00167083740234374 -0.126258850097656 -0.0611419677734375
-0.0400238037109375 -0.0736923217773438 -0.136665344238281 -0.104866027832031
0.05059814453125 -0.09912109375 -0.126251220703125 -0.1617431640625
0.129119873046875 -0.0609130859375 -0.1854248046875 -0.207809448242188
0.172836303710938 0.0099334716796875 -0.230209350585938 -0.24615478515625
0.207244873046875 0.069091796875 -0.0546722412109375 -0.276275634765625
0.0988845825195313 -0.04632568359375 -0.038360595703125 -0.0415420532226563
0.0401535034179688 -0.0647087097167969 0.133102416992188 -0.00518798828125001
-0.0109672546386719 -0.0460777282714844 0.13653564453125 -0.144378662109375
-0.0205364227294922 -0.0227012634277344 0.0202178955078125 -0.214645385742188
-0.0271644592285156 0.00211906433105468 -0.114669799804687 -0.195663452148438
-0.0483551025390625 0.00841903686523437 -0.184112548828125 -0.110916137695313
-0.0489311218261719 -0.00390243530273437 -0.150238037109375 -0.05792236328125
-0.0598411560058594 0.00069427490234374 -0.138832092285156 -0.0355987548828125
-0.0630226135253906 -0.0257492065429688 -0.124908447265625 -0.03692626953125
-0.043670654296875 -0.0790634155273438 -0.117050170898437 -0.044403076171875
0.0235671997070312 -0.12701416015625 -0.130516052246094 -0.0887374877929688
0.150543212890625 -0.0817108154296875 -0.122383117675781 -0.134223937988281
0.215042114257813 -0.0011444091796875 -0.16900634765625 -0.178756713867188
0.235336303710937 0.117324829101562 -0.190093994140625 -0.209609985351563
0.24615478515625 0.179107666015625 0.0190582275390625 -0.242935180664063
0.182968139648438 0.033050537109375 0.00607299804687501 -0.0268630981445313
0.16265869140625 -0.0560302734375 0.16217041015625 0.0200347900390625
0.0659637451171875 -0.110466003417969 0.170852661132813 -0.127944946289063
0.00126647949218751 -0.108436584472656 0.05859375 -0.209716796875
-0.0688552856445312 -0.0685043334960938 -0.09063720703125 -0.196243286132813
-0.110862731933594 -0.0385971069335938 -0.158035278320313 -0.107620239257812
-0.103828430175781 -0.0507736206054687 -0.119171142578125 -0.0449752807617188
-0.122055053710938 -0.042694091796875 -0.110496520996094 -0.019805908203125
-0.102424621582031 -0.0798568725585938 -0.103729248046875 -0.00799560546874999
-0.045806884765625 -0.145660400390625 -0.0997314453125 -0.0113067626953125
0.0616302490234375 -0.177383422851563 -0.123802185058594 -0.0574493408203125
0.224197387695313 -0.0820465087890625 -0.119064331054687 -0.100730895996094
0.27691650390625 0.0350341796875 -0.13812255859375 -0.144271850585938
0.27130126953125 0.1959228515625 -0.132781982421875 -0.143356323242188
0.241943359375 0.263687133789063 0.09967041015625 -0.16607666015625
0.23114013671875 0.118209838867188 0.0627784729003906 0.0138816833496094
0.264892578125 -0.02001953125 0.184783935546875 0.0591278076171875
0.146453857421875 -0.147979736328125 0.200210571289063 -0.0866241455078125
0.0361328125 -0.176956176757813 0.101165771484375 -0.1766357421875
-0.0919265747070313 -0.13299560546875 -0.0478057861328125 -0.174972534179688
-0.15399169921875 -0.081787109375 -0.109649658203125 -0.0915145874023437
-0.1422119140625 -0.089385986328125 -0.0714645385742188 -0.0242996215820312
-0.168441772460938 -0.076080322265625 -0.0649604797363281 0.00264358520507812
-0.133712768554687 -0.117973327636719 -0.0669174194335938 0.0271186828613281
-0.0530242919921875 -0.19268798828125 -0.0714950561523437 0.026336669921875
0.0792236328125 -0.211578369140625 -0.10931396484375 -0.0192642211914063
0.26458740234375 -0.083709716796875 -0.11151123046875 -0.068603515625
0.304168701171875 0.05828857421875 -0.0935440063476562 -0.112716674804688
0.272354125976563 0.243408203125 -0.0653266906738281 -0.0620574951171875
0.19342041015625 0.301239013671875 0.173126220703125 -0.0593109130859375
0.2236328125 0.189285278320313 0.118644714355469 0.0730667114257813
0.312255859375 0.038726806640625 0.192855834960938 0.103363037109375
0.207199096679687 -0.143966674804687 0.214111328125 -0.0271759033203125
0.0758056640625 -0.207550048828125 0.1341552734375 -0.118339538574219
-0.092193603515625 -0.176376342773438 0.00252532958984376 -0.132614135742188
-0.170639038085938 -0.112396240234375 -0.0458335876464844 -0.064910888671875
-0.158676147460938 -0.114212036132813 -0.0133485794067383 -0.000720977783203133
-0.190628051757813 -0.09844970703125 -0.00844001770019532 0.0271892547607422
-0.147964477539063 -0.139328002929688 -0.02044677734375 0.0625877380371094
-0.0531005859375 -0.215835571289062 -0.0369682312011719 0.0628433227539063
0.0901641845703125 -0.21990966796875 -0.0905838012695313 0.017822265625
0.27581787109375 -0.068603515625 -0.0998764038085937 -0.0412139892578125
0.291961669921875 0.084991455078125 -0.0427093505859375 -0.0863113403320312
0.235321044921875 0.262619018554688 0.00294685363769533 0.0228271484375
0.112579345703125 0.281646728515625 0.227859497070313 0.0547637939453125
0.164932250976562 0.2198486328125 0.16290283203125 0.136199951171875
0.28863525390625 0.0977783203125 0.183090209960938 0.138519287109375
0.224624633789063 -0.102691650390625 0.205032348632812 0.032470703125
0.103408813476562 -0.193588256835938 0.14825439453125 -0.05029296875
-0.0742034912109375 -0.185043334960938 0.0506591796875 -0.0758285522460938
-0.160491943359375 -0.123870849609375 0.02191162109375 -0.0317707061767578
-0.151275634765625 -0.121795654296875 0.0466957092285156 0.0222587585449219
-0.186141967773438 -0.107986450195312 0.052032470703125 0.05120849609375
-0.141494750976563 -0.14569091796875 0.0274429321289063 0.0972518920898437
-0.04083251953125 -0.216400146484375 -0.00488281249999999 0.0977249145507813
0.101333618164063 -0.201919555664063 -0.0723114013671875 0.0521163940429687
0.263763427734375 -0.03363037109375 -0.0894775390625 -0.0184478759765625
0.24609375 0.115707397460937 0.00320053100585939 -0.0602912902832031
0.165145874023438 0.2564697265625 0.0596237182617187 0.106071472167969
0.014129638671875 0.208786010742188 0.253982543945313 0.152114868164063
0.0739898681640625 0.199996948242188 0.188262939453125 0.187652587890625
0.20245361328125 0.130218505859375 0.161712646484375 0.154739379882813
0.191650390625 -0.044158935546875 0.179824829101563 0.0773162841796875
0.106002807617187 -0.14154052734375 0.143646240234375 0.0107421875
-0.0443572998046875 -0.158538818359375 0.0874252319335938 -0.0198593139648438
-0.124290466308594 -0.113945007324219 0.0829620361328125 0.00170135498046874
-0.12127685546875 -0.111351013183594 0.100791931152344 0.042572021484375
-0.152740478515625 -0.104660034179687 0.107002258300781 0.0750885009765625
-0.11456298828125 -0.135032653808594 0.07012939453125 0.1297607421875
-0.0188751220703125 -0.192626953125 0.0185317993164062 0.132438659667969
0.107284545898438 -0.162490844726562 -0.062835693359375 0.0848770141601562
0.227691650390625 0.0105133056640625 -0.0848007202148438 0.000762939453125006
0.17376708984375 0.141159057617188 0.037994384765625 -0.0298728942871094
0.0700836181640625 0.224258422851563 0.0928497314453125 0.183517456054688
-0.083709716796875 0.0991744995117187 0.255416870117188 0.208755493164063
-0.026153564453125 0.138427734375 0.197280883789063 0.211593627929688
0.0845489501953125 0.125717163085938 0.139816284179688 0.149826049804688
0.119865417480469 0.0103378295898438 0.153274536132813 0.099761962890625
0.0836181640625 -0.0680389404296875 0.130157470703125 0.0505828857421875
-0.0110397338867187 -0.103630065917969 0.112510681152344 0.020782470703125
-0.069244384765625 -0.0852508544921875 0.126487731933594 0.0261077880859375
-0.0723724365234375 -0.083831787109375 0.139076232910156 0.05609130859375
-0.09796142578125 -0.0866622924804688 0.148391723632813 0.0958709716796875
-0.071929931640625 -0.10784912109375 0.100738525390625 0.159896850585938
0.00439453125000001 -0.145797729492188 0.0293731689453125 0.164276123046875
0.0977096557617188 -0.106826782226563 -0.0641021728515625 0.114601135253906
0.165145874023438 0.048828125 -0.0899581909179687 0.0171585083007813
0.0804290771484375 0.145339965820313 0.0531349182128906 0.00208663940429688
-0.032684326171875 0.159713745117188 0.095672607421875 0.245025634765625
0.132003784179688 -0.0518722534179688 -0.123031616210937 -0.264389038085938
-0.00579071044921874 -0.102996826171875 -0.064788818359375 -0.0245094299316406
-0.0779647827148438 -0.0443496704101563 0.112052917480469 -0.0190582275390625
-0.0686149597167969 0.0321769714355469 0.105789184570312 -0.147689819335937
-0.0228233337402344 0.0654449462890625 -0.011871337890625 -0.200164794921875
0.0314407348632813 0.0637397766113281 -0.12786865234375 -0.177459716796875
0.0298614501953125 0.0467529296875 -0.193328857421875 -0.096649169921875
0.0165863037109375 0.0409660339355469 -0.164779663085938 -0.0551910400390625
0.0127944946289062 0.0461273193359375 -0.149566650390625 -0.0316162109375
-0.0204429626464844 0.0403938293457031 -0.13482666015625 -0.042572021484375
-0.05389404296875 0.00300979614257814 -0.133613586425781 -0.0555801391601563
-0.0460052490234375 -0.0712814331054688 -0.146514892578125 -0.100967407226563
0.0443954467773437 -0.103286743164062 -0.135345458984375 -0.159347534179688
0.126930236816406 -0.0696640014648438 -0.196212768554688 -0.202285766601563
0.176055908203125 -0.0008697509765625 -0.247207641601562 -0.236083984375
0.214202880859375 0.0559234619140625 -0.0720367431640625 -0.276779174804688
0.0965576171875 -0.0525436401367187 -0.04144287109375 -0.0353469848632812
0.0354461669921875 -0.06719970703125 0.1380615234375 -0.0111083984375
-0.01507568359375 -0.0433082580566406 0.134002685546875 -0.153244018554688
-0.0223636627197266 -0.0197944641113281 0.011383056640625 -0.2193603515625
-0.0246543884277344 0.00430870056152344 -0.125518798828125 -0.1934814453125
-0.0453224182128906 0.0115013122558594 -0.192794799804688 -0.102935791015625
-0.0484428405761719 -0.00194549560546876 -0.155441284179688 -0.0517578125
-0.0585975646972656 0.003387451171875 -0.143020629882812 -0.0283203125
-0.0620536804199219 -0.0226783752441406 -0.129684448242188 -0.0301666259765625
-0.0467987060546875 -0.076019287109375 -0.123947143554688 -0.039306640625
0.0164947509765625 -0.129287719726562 -0.14068603515625 -0.0846405029296875
0.1463623046875 -0.090576171875 -0.131065368652344 -0.132003784179687
0.21575927734375 -0.013214111328125 -0.179153442382812 -0.174362182617188
0.246002197265625 0.10504150390625 -0.2047119140625 -0.20233154296875
0.26068115234375 0.166473388671875 0.00346374511718753 -0.247512817382813
0.186279296875 0.0236968994140625 0.00303268432617188 -0.0227565765380859
0.160659790039062 -0.0665283203125 0.169326782226563 0.013519287109375
0.0589141845703125 -0.113304138183594 0.170135498046875 -0.138580322265625
-0.0057220458984375 -0.108680725097656 0.050140380859375 -0.216903686523438
-0.0710906982421875 -0.0637130737304688 -0.100997924804687 -0.195144653320313
-0.111679077148437 -0.0311965942382813 -0.166030883789063 -0.100051879882812
-0.106895446777344 -0.0452880859375 -0.123001098632813 -0.0404052734375
-0.1243896484375 -0.0363235473632813 -0.113311767578125 -0.0137939453125
-0.10455322265625 -0.07452392578125 -0.106170654296875 -0.00174713134765623
-0.0526123046875 -0.14276123046875 -0.104835510253906 -0.00703430175781252
0.0523834228515625 -0.182479858398438 -0.133033752441406 -0.0531997680664063
0.221282958984375 -0.0951995849609375 -0.127006530761719 -0.09869384765625
0.280120849609375 0.0206756591796875 -0.14697265625 -0.14093017578125
0.28680419921875 0.183074951171875 -0.1434326171875 -0.137802124023438
0.260986328125 0.252487182617188 0.0894622802734375 -0.174331665039062
0.239547729492187 0.108596801757812 0.0615005493164063 0.0150413513183594
0.26690673828125 -0.036102294921875 0.19476318359375 0.052337646484375
0.138671875 -0.15655517578125 0.2025146484375 -0.0979156494140625
0.0259552001953125 -0.180740356445313 0.09466552734375 -0.186325073242188
-0.0981597900390625 -0.127632141113281 -0.0577392578125 -0.17578125
-0.15869140625 -0.072052001953125 -0.115753173828125 -0.0867691040039063
-0.148712158203125 -0.081939697265625 -0.0731735229492188 -0.02191162109375
-0.173263549804688 -0.0669403076171875 -0.0656776428222656 0.00773239135742188
-0.1390380859375 -0.109870910644531 -0.0673446655273438 0.0326423645019531
-0.0636749267578125 -0.19024658203125 -0.07373046875 0.0306396484375
0.0675811767578125 -0.217697143554687 -0.1165771484375 -0.01519775390625
0.262649536132813 -0.0994873046875 -0.119300842285156 -0.0659561157226563
0.308624267578125 0.042755126953125 -0.101325988769531 -0.1114501953125
0.290679931640625 0.231842041015625 -0.0705032348632812 -0.0593032836914063
0.21319580078125 0.295074462890625 0.170196533203125 -0.069427490234375
0.236618041992188 0.180892944335938 0.120246887207031 0.07147216796875
0.31982421875 0.021087646484375 0.204818725585938 0.097412109375
0.20196533203125 -0.15606689453125 0.219757080078125 -0.0384521484375
0.0648345947265625 -0.215744018554688 0.131988525390625 -0.129035949707031
-0.1015625 -0.170730590820313 -0.00406646728515626 -0.134811401367188
-0.177886962890625 -0.101531982421875 -0.0501174926757813 -0.0633583068847656
-0.16754150390625 -0.106277465820313 -0.0125255584716797 -0.000646591186523442
-0.197906494140625 -0.087890625 -0.00654029846191408 0.0300579071044922
-0.15576171875 -0.13055419921875 -0.0183753967285156 0.0665626525878906
-0.0659637451171875 -0.214065551757813 -0.0367965698242188 0.065948486328125
0.0787506103515625 -0.226760864257813 -0.0949478149414062 0.021453857421875
0.27581787109375 -0.0844879150390625 -0.106086730957031 -0.0386505126953125
0.298797607421875 0.07012939453125 -0.0497894287109375 -0.0874862670898438
0.253860473632812 0.25335693359375 0.0029582977294922 0.023101806640625
0.129989624023438 0.2799072265625 0.23187255859375 0.0426177978515625
0.178146362304688 0.21624755859375 0.168228149414063 0.1324462890625
0.299530029296875 0.083465576171875 0.195724487304688 0.134002685546875
0.222320556640625 -0.115570068359375 0.212615966796875 0.022857666015625
0.0937957763671875 -0.203155517578125 0.149703979492187 -0.060333251953125
-0.08428955078125 -0.181808471679687 0.0467987060546875 -0.0797805786132813
-0.168930053710937 -0.113250732421875 0.0203323364257812 -0.0334529876708984
-0.161087036132813 -0.114242553710938 0.0500411987304687 0.0193214416503906
-0.19415283203125 -0.09765625 0.0551261901855469 0.0515708923339844
-0.1505126953125 -0.136917114257812 0.0327835083007812 0.0985946655273437
-0.054443359375 -0.215057373046875 -0.00206756591796875 0.09942626953125
0.090545654296875 -0.210311889648437 -0.0745773315429688 0.056365966796875
0.2659912109375 -0.0489044189453125 -0.0951766967773437 -0.0154190063476563
0.254180908203125 0.10498046875 -0.00179290771484374 -0.063720703125
0.181472778320313 0.2513427734375 0.0655441284179688 0.104499816894531
0.0253753662109375 0.211929321289062 0.26416015625 0.139999389648437
0.08441162109375 0.200942993164063 0.196426391601563 0.18194580078125
0.215011596679687 0.120620727539063 0.17352294921875 0.15191650390625
0.192337036132813 -0.055755615234375 0.188720703125 0.070068359375
0.0994873046875 -0.15142822265625 0.148223876953125 0.00306701660156249
-0.0539703369140625 -0.157241821289063 0.08758544921875 -0.0251235961914063
-0.132774353027344 -0.105728149414063 0.0833282470703125 -0.00376129150390626
-0.130714416503906 -0.104583740234375 0.105720520019531 0.0368576049804688
-0.162017822265625 -0.09588623046875 0.112480163574219 0.072906494140625
-0.123176574707031 -0.128433227539063 0.0767745971679687 0.130134582519531
-0.0318603515625 -0.193634033203125 0.0235595703125 0.133399963378906
0.09893798828125 -0.17138671875 -0.0621719360351563 0.0887374877929687
0.23272705078125 -0.0028533935546875 -0.0894927978515625 0.00413513183593748
0.183242797851563 0.135147094726563 0.0348434448242188 -0.0349750518798828
0.08367919921875 0.223587036132813 0.10308837890625 0.180618286132813
-0.0803985595703125 0.106544494628906 0.269088745117188 0.1976318359375
-0.019256591796875 0.143234252929688 0.207977294921875 0.204421997070313
0.0950775146484375 0.123085021972656 0.149337768554688 0.147781372070313
0.122787475585938 0.00284576416015625 0.162521362304688 0.0944366455078125
0.0809173583984375 -0.0756454467773438 0.137046813964844 0.0441055297851563
-0.0177536010742188 -0.104034423828125 0.11505126953125 0.0148849487304687
-0.0765380859375 -0.0804901123046875 0.129127502441406 0.0190963745117187
-0.0800704956054688 -0.080230712890625 0.144729614257813 0.0490875244140625
-0.10601806640625 -0.0813140869140625 0.15618896484375 0.0907745361328125
-0.0802688598632812 -0.10369873046875 0.109420776367188 0.158706665039063
-0.00604248046875 -0.148574829101563 0.036163330078125 0.165145874023438
0.09356689453125 -0.1146240234375 -0.0618515014648437 0.119186401367188
0.172088623046875 0.039459228515625 -0.0937728881835937 0.0207138061523438
0.0897979736328125 0.144332885742188 0.0518798828125 -0.00368499755859374
-0.0242767333984375 0.164276123046875 0.109832763671875 0.242889404296875
0.132743835449219 -0.064605712890625 -0.145797729492187 -0.264419555664063
-0.0136032104492188 -0.106498718261719 -0.0673332214355469 -0.0173530578613281
-0.0843124389648438 -0.0392532348632813 0.117576599121094 -0.0262985229492188
-0.0697898864746094 0.0403823852539063 0.1031494140625 -0.160324096679688
-0.01806640625 0.0720748901367188 -0.022613525390625 -0.207275390625
0.0391578674316406 0.0628166198730469 -0.141647338867188 -0.177810668945313
0.0364303588867188 0.0439910888671875 -0.205596923828125 -0.0888824462890625
0.0212821960449219 0.0397415161132812 -0.174880981445313 -0.0471954345703125
0.0174903869628906 0.0451698303222656 -0.157943725585938 -0.023223876953125
-0.01593017578125 0.0417289733886719 -0.143280029296875 -0.03521728515625
-0.053375244140625 0.00724411010742188 -0.145278930664063 -0.0498199462890625
-0.0536422729492187 -0.0691184997558594 -0.161209106445313 -0.096099853515625
0.0378646850585937 -0.109321594238281 -0.148208618164063 -0.159713745117188
0.126174926757813 -0.0806121826171875 -0.213882446289062 -0.199493408203125
0.182449340820313 -0.013580322265625 -0.270736694335937 -0.2279052734375
0.225357055664062 0.0406951904296875 -0.0946655273437499 -0.280517578125
0.0956039428710938 -0.0607070922851563 -0.0445594787597656 -0.0289878845214844
0.0312728881835938 -0.070770263671875 0.145919799804688 -0.019622802734375
-0.0192146301269531 -0.0414352416992188 0.131744384765625 -0.16802978515625
-0.0244045257568359 -0.0163784027099609 -0.000747680664062515 -0.22906494140625
-0.0220699310302734 0.00703811645507813 -0.141357421875 -0.193634033203125
-0.0427513122558594 0.0136146545410156 -0.206039428710938 -0.0941314697265625
-0.0488014221191406 0.000827789306640633 -0.164627075195313 -0.04473876953125
-0.0592269897460938 0.00662612915039063 -0.150070190429688 -0.019805908203125
-0.0624809265136719 -0.0196113586425781 -0.136825561523438 -0.022369384765625
-0.050811767578125 -0.07366943359375 -0.133575439453125 -0.0329971313476562
0.00768280029296874 -0.133171081542969 -0.154891967773437 -0.079833984375
0.143936157226563 -0.1025390625 -0.143386840820313 -0.13104248046875
0.220611572265625 -0.027496337890625 -0.195327758789063 -0.17120361328125
0.261932373046875 0.0915985107421875 -0.22528076171875 -0.195281982421875
0.280960083007813 0.152099609375 -0.015350341796875 -0.2554931640625
0.193496704101563 0.012908935546875 0.000495910644531261 -0.0188007354736328
0.161300659179688 -0.079437255859375 0.180557250976563 0.00395202636718749
0.0524826049804688 -0.119102478027344 0.170669555664063 -0.154434204101563
-0.0137252807617187 -0.1102294921875 0.039703369140625 -0.22955322265625
-0.0750350952148438 -0.0601882934570313 -0.116500854492187 -0.19635009765625
-0.114486694335938 -0.0241470336914063 -0.178207397460937 -0.093292236328125
-0.112815856933594 -0.0396041870117188 -0.130409240722656 -0.0348129272460938
-0.128974914550781 -0.029327392578125 -0.118637084960938 -0.00570678710937499
-0.109512329101563 -0.0693817138671875 -0.111175537109375 0.00593566894531249
-0.062042236328125 -0.142425537109375 -0.112380981445313 -0.000457763671875017
0.0413818359375 -0.1910400390625 -0.145156860351563 -0.047882080078125
0.222122192382813 -0.111907958984375 -0.139060974121094 -0.09637451171875
0.289276123046875 0.0037841796875 -0.160751342773437 -0.138641357421875
0.309967041015625 0.170806884765625 -0.158309936523438 -0.13311767578125
0.287261962890625 0.243072509765625 0.0785064697265625 -0.185958862304687
0.253570556640625 0.0979156494140625 0.0623779296875 0.016510009765625
0.273941040039063 -0.0556793212890625 0.210113525390625 0.0438690185546875
0.132766723632813 -0.169509887695313 0.207595825195313 -0.114395141601563
0.014007568359375 -0.188522338867188 0.0876007080078125 -0.200714111328125
-0.107551574707031 -0.123779296875 -0.07025146484375 -0.178558349609375
-0.165603637695313 -0.061767578125 -0.126205444335938 -0.0823211669921875
-0.158523559570313 -0.074737548828125 -0.0766143798828125 -0.01904296875
-0.181915283203125 -0.0568084716796875 -0.0676383972167969 0.013458251953125
-0.148178100585938 -0.10308837890625 -0.0682220458984375 0.0394134521484375
-0.077606201171875 -0.19000244140625 -0.0778045654296875 0.0363311767578125
0.0554656982421875 -0.229034423828125 -0.1265869140625 -0.00928497314453127
0.264328002929688 -0.118820190429688 -0.129035949707031 -0.0627059936523438
0.31988525390625 0.02484130859375 -0.112693786621094 -0.111099243164063
0.31719970703125 0.220428466796875 -0.0782623291015625 -0.0562896728515625
0.24102783203125 0.291168212890625 0.169097900390625 -0.083953857421875
0.255783081054687 0.174041748046875 0.125564575195313 0.07061767578125
0.33349609375 -6.103515625E-05 0.222824096679688 0.0902557373046875
0.19769287109375 -0.173538208007812 0.22882080078125 -0.0532684326171875
0.052490234375 -0.227325439453125 0.1300048828125 -0.143936157226563
-0.11407470703125 -0.168487548828125 -0.01318359375 -0.139816284179688
-0.1884765625 -0.089813232421875 -0.0565414428710938 -0.0625686645507812
-0.180465698242188 -0.0977935791015625 -0.0124654769897461 -0.00115394592285157
-0.20965576171875 -0.075836181640625 -0.00436973571777345 0.0333671569824219
-0.16693115234375 -0.12298583984375 -0.0150527954101563 0.0720977783203125
-0.082427978515625 -0.214370727539063 -0.03729248046875 0.0704269409179687
0.066192626953125 -0.2401123046875 -0.101524353027344 0.027679443359375
0.279586791992188 -0.105361938476563 -0.115081787109375 -0.0346527099609375
0.312255859375 0.054473876953125 -0.0588912963867187 -0.0891265869140625
0.28033447265625 0.245712280273438 0.00369453430175783 0.0242843627929688
0.15283203125 0.281280517578125 0.240036010742187 0.0283966064453125
0.197402954101563 0.214340209960938 0.178176879882813 0.130050659179688
0.317138671875 0.066162109375 0.214324951171875 0.1287841796875
0.222030639648438 -0.133529663085938 0.225173950195313 0.0109405517578125
0.08306884765625 -0.21728515625 0.153060913085938 -0.0732879638671875
-0.0980224609375 -0.1810302734375 0.0433502197265625 -0.0858917236328125
-0.18017578125 -0.102996826171875 0.01806640625 -0.036102294921875
-0.174758911132813 -0.105972290039062 0.0535011291503906 0.0156631469726562
-0.2066650390625 -0.0860137939453125 0.0613136291503906 0.0520591735839844
-0.1634521484375 -0.129104614257813 0.039154052734375 0.102424621582031
-0.07177734375 -0.216949462890625 0.000991821289062502 0.103042602539062
0.0794830322265625 -0.223922729492188 -0.0776901245117188 0.0625
0.273193359375 -0.068359375 -0.102737426757813 -0.0107269287109375
0.269699096679688 0.092742919921875 -0.00811767578124999 -0.0680389404296875
0.204849243164063 0.249008178710938 0.0732803344726563 0.103759765625
0.0403594970703125 0.2183837890625 0.280303955078125 0.12689208984375
0.0998077392578125 0.204742431640625 0.210525512695313 0.178665161132812
0.23297119140625 0.111129760742187 0.190887451171875 0.148681640625
0.1953125 -0.069793701171875 0.202346801757812 0.061737060546875
0.0921478271484375 -0.164932250976563 0.15582275390625 -0.00779724121093751
-0.06573486328125 -0.158477783203125 0.08868408203125 -0.0313034057617188
-0.14422607421875 -0.09747314453125 0.0853424072265625 -0.00942230224609376
-0.143264770507813 -0.0982666015625 0.112258911132812 0.0306472778320312
-0.174026489257813 -0.08648681640625 0.121932983398437 0.0696640014648438
-0.135940551757812 -0.122726440429687 0.0878372192382813 0.131996154785156
-0.0478973388671875 -0.196868896484375 0.0302047729492187 0.136573791503906
0.090484619140625 -0.185287475585937 -0.0624160766601562 0.095703125
0.241867065429688 -0.0186767578125 -0.095855712890625 0.00990295410156252
0.198333740234375 0.12908935546875 0.0311126708984375 -0.0404701232910156
0.101333618164062 0.226898193359375 0.117813110351563 0.17974853515625
-0.0759963989257812 0.116439819335938 0.289093017578125 0.18524169921875
-0.01031494140625 0.151229858398438 0.22393798828125 0.200302124023438
0.1087646484375 0.121055603027344 0.163726806640625 0.147018432617188
0.126655578613281 -0.00551605224609375 0.176528930664063 0.0886077880859375
0.078155517578125 -0.0859146118164063 0.147262573242188 0.0360565185546875
-0.026123046875 -0.106407165527344 0.1195068359375 0.00773620605468749
-0.0854568481445313 -0.075286865234375 0.134384155273438 0.0103759765625
-0.0903549194335938 -0.0756378173828125 0.153594970703125 0.0407867431640625
-0.116912841796875 -0.0755844116210937 0.168365478515625 0.0855865478515625
-0.0909347534179688 -0.100830078125 0.1236572265625 0.15887451171875
-0.018646240234375 -0.1534423828125 0.0459747314453125 0.169784545898438
0.088409423828125 -0.126190185546875 -0.0585784912109375 0.127540588378906
0.183120727539063 0.0290374755859375 -0.0993270874023438 0.0271682739257812
0.103179931640625 0.144775390625 0.0505142211914063 -0.00976181030273437
-0.0149383544921875 0.17205810546875 0.128799438476562 0.243896484375
0.131568908691406 -0.08135986328125 -0.176101684570312 -0.259140014648438
-0.0252532958984375 -0.109184265136719 -0.0692329406738281 -0.00758743286132812
-0.0916976928710938 -0.0315475463867188 0.122528076171875 -0.0380935668945313
-0.06793212890625 0.0510597229003906 0.0953369140625 -0.176559448242188
-0.0104522705078125 0.07861328125 -0.0400238037109375 -0.214248657226563
0.0494537353515625 0.0611419677734375 -0.161895751953125 -0.174652099609375
0.0442161560058594 0.039276123046875 -0.221633911132813 -0.0738983154296875
0.0275077819824219 0.0380439758300781 -0.1868896484375 -0.0329742431640625
0.0233230590820312 0.043853759765625 -0.166976928710938 -0.00862121582031251
-0.0102348327636719 0.0432510375976562 -0.153289794921875 -0.0232696533203125
-0.0524978637695312 0.0130462646484375 -0.157928466796875 -0.0381622314453125
-0.0628852844238281 -0.065277099609375 -0.1790771484375 -0.086029052734375
0.0271530151367188 -0.116584777832031 -0.166839599609375 -0.156585693359375
0.122482299804687 -0.09588623046875 -0.237991333007812 -0.190719604492188
0.188430786132813 -0.032623291015625 -0.3009033203125 -0.210235595703125
0.237411499023437 0.0193939208984375 -0.125839233398438 -0.280593872070313
0.092193603515625 -0.0711669921875 -0.048065185546875 -0.021148681640625
0.0249557495117187 -0.0764694213867188 0.153121948242187 -0.0335235595703125
-0.0241737365722656 -0.0377922058105469 0.124923706054688 -0.187164306640625
-0.0259151458740234 -0.012298583984375 -0.01910400390625 -0.23870849609375
-0.0189170837402344 0.00920486450195312 -0.163330078125 -0.18988037109375
-0.0395927429199219 0.0161514282226562 -0.2222900390625 -0.079437255859375
-0.0492172241210937 0.00418472290039063 -0.17633056640625 -0.031982421875
-0.0588035583496094 0.0116081237792969 -0.159622192382813 -0.00559997558593753
-0.0630645751953125 -0.0156745910644531 -0.145294189453125 -0.010101318359375
-0.0570755004882812 -0.0707626342773438 -0.144943237304688 -0.0217437744140625
-0.00454711914062499 -0.1373291015625 -0.1719970703125 -0.0694580078125001
0.139091491699219 -0.118637084960938 -0.160614013671875 -0.126861572265625
0.225051879882813 -0.04803466796875 -0.217193603515625 -0.16278076171875
0.28143310546875 0.069610595703125 -0.25189208984375 -0.180892944335937
0.3065185546875 0.129852294921875 -0.041748046875 -0.26226806640625
0.201461791992188 -0.003753662109375 -0.000845909118652331 -0.0137958526611328
0.159408569335938 -0.098236083984375 0.192184448242187 -0.012451171875
0.0432662963867187 -0.125831604003906 0.16668701171875 -0.177139282226563
-0.0243606567382813 -0.110969543457031 0.02203369140625 -0.243576049804688
-0.079681396484375 -0.0545120239257813 -0.137939453125 -0.194717407226563
-0.117393493652344 -0.0147476196289063 -0.19384765625 -0.080535888671875
-0.119026184082031 -0.0311355590820312 -0.139228820800781 -0.0257720947265625
-0.134750366210938 -0.018341064453125 -0.124252319335938 0.00611877441406247
-0.116470336914063 -0.062255859375 -0.115829467773438 0.0172653198242188
-0.07513427734375 -0.140174865722656 -0.120048522949219 0.0100173950195313
0.0252685546875 -0.200531005859375 -0.160186767578125 -0.0370025634765625
0.219223022460937 -0.135726928710938 -0.15399169921875 -0.090728759765625
0.29852294921875 -0.020904541015625 -0.179672241210937 -0.131805419921875
0.3389892578125 0.14776611328125 -0.176742553710937 -0.122756958007812
0.3212890625 0.22381591796875 0.061920166015625 -0.199844360351563
0.271881103515625 0.0797576904296875 0.0648345947265625 0.01715087890625
0.279586791992188 -0.08447265625 0.2266845703125 0.026336669921875
0.121139526367188 -0.186111450195312 0.2088623046875 -0.13861083984375
-0.00405883789062502 -0.195404052734375 0.074005126953125 -0.21844482421875
-0.120208740234375 -0.117095947265625 -0.089263916015625 -0.179458618164063
-0.173934936523438 -0.047332763671875 -0.138824462890625 -0.07403564453125
-0.170440673828125 -0.0627899169921875 -0.0816726684570313 -0.0142745971679688
-0.192459106445312 -0.0411224365234375 -0.0692100524902344 0.021575927734375
-0.159942626953125 -0.092376708984375 -0.0679283142089844 0.0486679077148438
-0.09637451171875 -0.187515258789063 -0.0807876586914063 0.0454635620117187
0.036407470703125 -0.242568969726563 -0.137863159179688 0.0017242431640625
0.263198852539063 -0.148162841796875 -0.141830444335937 -0.055023193359375
0.332275390625 -0.001373291015625 -0.128364562988281 -0.107452392578125
0.350189208984375 0.2000732421875 -0.0867767333984375 -0.0505218505859375
0.277389526367187 0.278732299804688 0.16412353515625 -0.102615356445312
0.28070068359375 0.159469604492188 0.134376525878906 0.0672073364257813
0.346527099609375 -0.031463623046875 0.243804931640625 0.0737152099609375
0.188735961914063 -0.196823120117187 0.236038208007813 -0.0765380859375
0.0315093994140625 -0.240570068359375 0.123565673828125 -0.16357421875
-0.1324462890625 -0.16253662109375 -0.0259246826171875 -0.143722534179688
-0.201324462890625 -0.074127197265625 -0.0652275085449219 -0.0591468811035156
-0.195816040039063 -0.084136962890625 -0.0129470825195313 -0.00125312805175782
-0.223312377929687 -0.05780029296875 -0.00131607055664064 0.03704833984375
-0.182144165039063 -0.110549926757812 -0.00968170166015626 0.0779953002929687
-0.105239868164062 -0.212646484375 -0.035980224609375 0.0773468017578125
0.046417236328125 -0.254959106445313 -0.108375549316406 0.0377655029296875
0.28076171875 -0.135513305664063 -0.124977111816406 -0.026153564453125
0.327667236328125 0.02923583984375 -0.0706329345703125 -0.0896453857421875
0.3148193359375 0.229705810546875 0.00569152832031252 0.025543212890625
0.185638427734375 0.277679443359375 0.248214721679687 0.00697326660156252
0.224502563476563 0.20654296875 0.1932373046875 0.12310791015625
0.33721923828125 0.03765869140625 0.237106323242188 0.115386962890625
0.2178955078125 -0.15826416015625 0.237747192382813 -0.00859069824218751
0.0648040771484375 -0.234405517578125 0.1536865234375 -0.092376708984375
-0.1170654296875 -0.177703857421875 0.037109375 -0.0926742553710938
-0.194931030273437 -0.0871124267578125 0.0142593383789062 -0.0388336181640625
-0.191741943359375 -0.0921173095703125 0.057220458984375 0.0102653503417969
-0.221817016601563 -0.067779541015625 0.069122314453125 0.0502548217773438
-0.179611206054688 -0.116897583007812 0.050018310546875 0.10504150390625
-0.095947265625 -0.216323852539063 0.00714111328124999 0.108299255371094
0.060516357421875 -0.240493774414063 -0.0796661376953125 0.0718917846679687
0.2779541015625 -0.097076416015625 -0.109970092773438 -0.00216674804687499
0.2872314453125 0.073272705078125 -0.0165786743164062 -0.0723342895507813
0.236923217773438 0.240570068359375 0.08551025390625 0.101425170898438
0.0625457763671875 0.22357177734375 0.299224853515625 0.104705810546875
0.1231689453125 0.20562744140625 0.230560302734375 0.169677734375
0.25457763671875 0.0932464599609375 0.212615966796875 0.13946533203125
0.196548461914063 -0.0906219482421875 0.218215942382813 0.0462799072265625
0.0792999267578125 -0.181732177734375 0.162994384765625 -0.0240020751953125
-0.0830535888671875 -0.1573486328125 0.0888214111328125 -0.0401611328125
-0.158004760742188 -0.0849761962890625 0.086700439453125 -0.0172348022460938
-0.158828735351563 -0.087127685546875 0.119384765625 0.020233154296875
-0.189620971679688 -0.0711517333984375 0.134078979492187 0.0631637573242188
-0.15203857421875 -0.1124267578125 0.102699279785156 0.131721496582031
-0.070220947265625 -0.199020385742188 0.0406875610351563 0.140548706054688
0.07635498046875 -0.201065063476562 -0.0597152709960937 0.104957580566406
0.251083374023438 -0.043060302734375 -0.100914001464844 0.0194244384765625
0.217971801757813 0.117080688476563 0.02593994140625 -0.0476417541503906
0.1263427734375 0.227188110351563 0.138824462890625 0.175582885742188
-0.0677337646484375 0.128707885742188 0.31475830078125 0.165191650390625
0.00306701660156251 0.158843994140625 0.246627807617188 0.190155029296875
0.127265930175781 0.115341186523437 0.183090209960937 0.140151977539063
0.131271362304688 -0.01837158203125 0.192520141601563 0.077239990234375
0.07208251953125 -0.0984344482421875 0.158096313476563 0.0231170654296875
-0.0381698608398438 -0.1077880859375 0.124343872070312 -0.00248718261718751
-0.0963516235351563 -0.067901611328125 0.139640808105469 -0.00154876708984375
-0.102264404296875 -0.0690460205078125 0.164215087890625 0.026824951171875
-0.130111694335938 -0.065582275390625 0.18438720703125 0.07476806640625
-0.104804992675781 -0.0947799682617187 0.142410278320313 0.156158447265625
-0.03643798828125 -0.156997680664063 0.0603790283203125 0.17303466796875
0.0797271728515625 -0.141250610351563 -0.0522079467773438 0.138008117675781
0.195053100585938 0.0116729736328125 -0.1033935546875 0.0375747680664063
0.122222900390625 0.142181396484375 0.04931640625 -0.0177383422851562
-9.1552734374987E-05 0.181365966796875 0.155319213867188 0.24078369140625
0.123588562011719 -0.100090026855469 -0.2100830078125 -0.24139404296875
-0.0391311645507813 -0.108352661132813 -0.0684089660644531 0.0035400390625
-0.097808837890625 -0.0204544067382812 0.123207092285156 -0.052459716796875
-0.0627403259277344 0.0623703002929688 0.0804595947265625 -0.192031860351563
0.00123596191406251 0.0837783813476563 -0.0630340576171875 -0.215713500976563
0.0606117248535156 0.0544509887695313 -0.184539794921875 -0.162551879882813
0.0511589050292969 0.0310821533203125 -0.235031127929688 -0.0504150390625
0.0332908630371094 0.0338344573974609 -0.195907592773438 -0.0118865966796875
0.0297584533691406 0.0400047302246094 -0.172439575195312 0.011566162109375
-0.00343704223632813 0.0436134338378906 -0.160400390625 -0.00566101074218748
-0.04962158203125 0.0199317932128906 -0.168212890625 -0.0195159912109375
-0.07257080078125 -0.057464599609375 -0.195098876953125 -0.06744384765625
0.0133132934570313 -0.120872497558594 -0.188232421875 -0.145050048828125
0.113822937011719 -0.112007141113281 -0.263702392578125 -0.17010498046875
0.188858032226563 -0.0564727783203125 -0.32958984375 -0.1783447265625
0.243515014648438 -0.009765625 -0.161148071289062 -0.269241333007813
0.0848007202148438 -0.0825576782226563 -0.0492477416992187 -0.0111846923828125
0.0160064697265625 -0.0793914794921875 0.155654907226563 -0.0529937744140625
-0.0282306671142578 -0.0332660675048828 0.109603881835938 -0.206466674804688
-0.0255641937255859 -0.00679779052734375 -0.04510498046875 -0.24267578125
-0.0147151947021484 0.0108375549316406 -0.186782836914063 -0.177688598632813
-0.0360565185546875 0.0188751220703125 -0.235458374023437 -0.055877685546875
-0.0483512878417969 0.00840377807617187 -0.184677124023437 -0.012451171875
-0.05682373046875 0.0171165466308594 -0.164566040039062 0.013916015625
-0.0632057189941406 -0.00973892211914062 -0.150650024414063 0.006866455078125
-0.0630722045898438 -0.0644378662109375 -0.153564453125 -0.00479125976562501
-0.02099609375 -0.137916564941406 -0.187362670898437 -0.0520172119140625
0.127548217773438 -0.135528564453125 -0.17840576171875 -0.115188598632813
0.22259521484375 -0.0733795166015625 -0.239364624023438 -0.1436767578125
0.2958984375 0.037384033203125 -0.276641845703125 -0.154098510742188
0.326507568359375 0.094635009765625 -0.0752410888671875 -0.260986328125
0.204086303710937 -0.025177001953125 -0.00157022476196288 -0.00839471817016602
0.150314331054688 -0.119003295898438 0.198410034179688 -0.0355987548828125
0.0297470092773437 -0.130615234375 0.1539306640625 -0.200103759765625
-0.0373077392578125 -0.107894897460938 -0.0041046142578125 -0.252822875976563
-0.0839691162109375 -0.045623779296875 -0.161483764648438 -0.184066772460937
-0.117645263671875 -0.0028076171875 -0.206939697265625 -0.0599517822265625
-0.123390197753906 -0.019073486328125 -0.145767211914063 -0.0103607177734375
-0.137550354003906 -0.00350952148437503 -0.126884460449219 0.0224456787109375
-0.122634887695313 -0.0508193969726562 -0.117156982421875 0.0326919555664062
-0.0898590087890625 -0.132438659667969 -0.124534606933594 0.0255203247070313
0.00283813476562501 -0.20587158203125 -0.172760009765625 -0.01910400390625
0.207412719726563 -0.162307739257813 -0.168197631835938 -0.07830810546875
0.300048828125 -0.0548095703125 -0.198562622070313 -0.116378784179687
0.363677978515625 0.11090087890625 -0.194198608398438 -0.102920532226562
0.353759765625 0.189666748046875 0.036529541015625 -0.209030151367188
0.28668212890625 0.051666259765625 0.0673789978027344 0.015838623046875
0.274703979492188 -0.119949340820313 0.2379150390625 -0.000549316406250007
0.102203369140625 -0.201950073242187 0.200759887695313 -0.165573120117188
-0.0272216796875 -0.197006225585937 0.051727294921875 -0.232940673828125
-0.132850646972656 -0.104438781738281 -0.110580444335938 -0.173477172851563
-0.179580688476563 -0.0285491943359375 -0.150527954101563 -0.059051513671875
-0.180130004882813 -0.0443267822265625 -0.085693359375 -0.0057220458984375
-0.198928833007812 -0.0190887451171875 -0.0674552917480469 0.0317115783691406
-0.170318603515625 -0.075958251953125 -0.0643196105957031 0.0596809387207031
-0.118026733398438 -0.178237915039063 -0.0806503295898438 0.0571136474609375
0.00852966308593752 -0.250015258789063 -0.145965576171875 0.017822265625
0.251754760742188 -0.180999755859375 -0.152191162109375 -0.0424957275390625
0.337493896484375 -0.0382080078125 -0.144729614257813 -0.096832275390625
0.38238525390625 0.1630859375 -0.0942764282226562 -0.0403289794921875
0.315093994140625 0.2513427734375 0.15234375 -0.122406005859375
0.304656982421875 0.132354736328125 0.142929077148438 0.0585479736328125
0.35015869140625 -0.074981689453125 0.260330200195312 0.0473175048828125
0.169723510742187 -0.221145629882812 0.236114501953125 -0.105239868164063
0.00346374511718751 -0.248703002929688 0.108169555664062 -0.182815551757813
-0.151153564453125 -0.149765014648437 -0.0429534912109375 -0.143875122070313
-0.210418701171875 -0.0514373779296875 -0.0739669799804688 -0.0520782470703125
-0.20916748046875 -0.0626220703125 -0.0139474868774414 -0.000761985778808598
-0.23291015625 -0.0313262939453125 0.00395965576171873 0.0393829345703125
-0.196029663085938 -0.0904541015625 -0.00116729736328127 0.0832366943359375
-0.13116455078125 -0.20208740234375 -0.0311813354492188 0.0847930908203125
0.0166778564453125 -0.264495849609375 -0.111610412597656 0.0522079467773437
0.271255493164063 -0.170242309570312 -0.132095336914062 -0.013885498046875
0.33697509765625 -0.00634765625 -0.0843353271484375 -0.085723876953125
0.34893798828125 0.1988525390625 0.00899314880371096 0.026153564453125
0.220794677734375 0.26153564453125 0.250411987304688 -0.0216064453125
0.252273559570313 0.18768310546875 0.207412719726563 0.108489990234375
0.3497314453125 -0.001922607421875 0.257644653320313 0.0915985107421875
0.20440673828125 -0.18548583984375 0.244522094726563 -0.036163330078125
0.0372772216796875 -0.246566772460938 0.147613525390625 -0.113174438476563
-0.139175415039063 -0.16693115234375 0.02716064453125 -0.0981979370117188
-0.206085205078125 -0.06488037109375 0.00936508178710936 -0.0409736633300781
-0.205856323242188 -0.0708465576171875 0.0593032836914062 0.00265884399414062
-0.234130859375 -0.0410308837890625 0.0775680541992187 0.0445709228515625
-0.195022583007812 -0.096954345703125 0.0629119873046875 0.104202270507812
-0.123184204101563 -0.207138061523437 0.016357421875 0.111114501953125
0.0330047607421875 -0.252166748046875 -0.0778961181640625 0.0833511352539062
0.273269653320313 -0.13189697265625 -0.114227294921875 0.0101242065429687
0.30108642578125 0.04229736328125 -0.0278396606445312 -0.0739288330078125
0.270248413085937 0.218414306640625 0.0988693237304688 0.09368896484375
0.08978271484375 0.221389770507813 0.314300537109375 0.072113037109375
0.14898681640625 0.197860717773438 0.251068115234375 0.150955200195313
0.272308349609375 0.064117431640625 0.234024047851563 0.120223999023437
0.190048217773437 -0.114883422851563 0.230316162109375 0.023162841796875
0.0582122802734375 -0.195205688476563 0.164703369140625 -0.0447235107421875
-0.1029052734375 -0.150482177734375 0.085906982421875 -0.0507125854492188
-0.169662475585938 -0.065704345703125 0.0856475830078125 -0.0275344848632813
-0.172988891601563 -0.0690765380859375 0.123855590820313 0.00565338134765625
-0.202239990234375 -0.04779052734375 0.145889282226563 0.0499420166015625
-0.168197631835938 -0.0957183837890625 0.120185852050781 0.1248779296875
-0.0965118408203125 -0.192153930664062 0.0540313720703125 0.139968872070313
0.0525054931640625 -0.21453857421875 -0.0529708862304687 0.114837646484375
0.252609252929688 -0.0743865966796875 -0.10272216796875 0.0313796997070312
0.236801147460938 0.09552001953125 0.0179481506347656 -0.0537834167480469
0.155426025390625 0.218185424804688 0.161270141601563 0.162994384765625
-0.054443359375 0.140151977539063 0.3370361328125 0.131683349609375
0.0223541259765625 0.16302490234375 0.269271850585938 0.168853759765625
0.146041870117188 0.101364135742187 0.203338623046875 0.126373291015625
0.131721496582031 -0.0347137451171875 0.207015991210938 0.05780029296875
0.060211181640625 -0.11016845703125 0.165374755859375 0.00358581542968749
-0.0525894165039063 -0.105110168457031 0.126594543457031 -0.0166091918945313
-0.105949401855469 -0.0553359985351562 0.141571044921875 -0.0181884765625
-0.113807678222656 -0.0561981201171875 0.170684814453125 0.0077362060546875
-0.141571044921875 -0.0489044189453125 0.198287963867188 0.05474853515625
-0.118988037109375 -0.0829544067382812 0.1640625 0.145126342773438
-0.058135986328125 -0.15423583984375 0.078704833984375 0.17083740234375
0.0635833740234375 -0.1552734375 -0.0402679443359375 0.1470947265625
0.202178955078125 -0.01263427734375 -0.10333251953125 0.050811767578125
0.142715454101563 0.132354736328125 0.044921875 -0.0262031555175781
0.0209808349609375 0.186248779296875 0.185928344726563 0.2265625
0.108375549316406 -0.115325927734375 -0.234466552734375 -0.211685180664063
-0.0516281127929688 -0.102058410644531 -0.0632743835449219 0.0138702392578125
-0.0993804931640625 -0.00657653808593748 0.118255615234375 -0.066497802734375
-0.0532455444335938 0.0708770751953125 0.0598602294921875 -0.200531005859375
0.0147018432617188 0.083984375 -0.0849456787109375 -0.207672119140625
0.0691184997558594 0.0437355041503906 -0.201889038085937 -0.142547607421875
0.0547828674316406 0.0209884643554687 -0.237640380859375 -0.0232391357421875
0.0374946594238281 0.0269622802734375 -0.195327758789063 0.01220703125
0.0348930358886719 0.0336780548095703 -0.169265747070313 0.0334320068359375
0.00310516357421875 0.041107177734375 -0.160324096679688 0.0136260986328125
-0.0442733764648438 0.0249786376953125 -0.170455932617188 0.00143432617187497
-0.0791015625 -0.0455856323242187 -0.203338623046875 -0.04388427734375
-0.00236511230468749 -0.119583129882813 -0.203109741210938 -0.125930786132813
0.0982742309570313 -0.123779296875 -0.278732299804688 -0.140106201171875
0.180328369140625 -0.0798187255859375 -0.34393310546875 -0.136474609375
0.237472534179688 -0.0405731201171875 -0.191268920898437 -0.243637084960938
0.0737838745117187 -0.0904006958007812 -0.0466270446777344 -0.00254440307617188
0.00499725341796875 -0.0794754028320313 0.150314331054688 -0.071136474609375
-0.0307559967041016 -0.0270290374755859 0.087677001953125 -0.218017578125
-0.0233898162841797 -0.00163841247558593 -0.071044921875 -0.235946655273438
-0.00947856903076172 0.0109233856201172 -0.2047119140625 -0.156600952148438
-0.0311603546142578 0.0200424194335937 -0.239334106445313 -0.028167724609375
-0.0456390380859375 0.0120658874511719 -0.185043334960938 0.00967407226562498
-0.0523948669433594 0.0219345092773438 -0.1610107421875 0.0350494384765625
-0.060760498046875 -0.00445175170898437 -0.149337768554688 0.0255126953125
-0.0662803649902344 -0.05609130859375 -0.154647827148438 0.01458740234375
-0.0364151000976563 -0.13140869140625 -0.19488525390625 -0.028411865234375
0.109085083007813 -0.1466064453125 -0.190658569335937 -0.0967864990234375
0.209625244140625 -0.09722900390625 -0.252853393554688 -0.11651611328125
0.296600341796875 0.001068115234375 -0.28924560546875 -0.118133544921875
0.33233642578125 0.052490234375 -0.106002807617188 -0.245330810546875
0.197723388671875 -0.0482940673828125 -0.000643253326416004 -0.00342965126037598
0.132354736328125 -0.134590148925781 0.194107055664063 -0.0591278076171875
0.0142440795898438 -0.129859924316406 0.132308959960938 -0.216537475585938
-0.0478363037109375 -0.099700927734375 -0.0319976806640625 -0.24932861328125
-0.08453369140625 -0.0359420776367188 -0.1810302734375 -0.16424560546875
-0.113716125488281 0.00898742675781252 -0.211593627929688 -0.03460693359375
-0.123695373535156 -0.00595092773437498 -0.146469116210938 0.00709533691406248
-0.133255004882813 0.0121612548828125 -0.122184753417969 0.03857421875
-0.123458862304687 -0.0371170043945313 -0.112663269042969 0.0471649169921875
-0.10101318359375 -0.119590759277344 -0.123077392578125 0.0412445068359375
-0.021636962890625 -0.2021484375 -0.1776123046875 0.00210571289062498
0.185775756835938 -0.182449340820313 -0.176651000976563 -0.060760498046875
0.288726806640625 -0.0869140625 -0.21063232421875 -0.0939178466796875
0.37255859375 0.0660400390625 -0.202041625976562 -0.077911376953125
0.370391845703125 0.1434326171875 0.00941467285156254 -0.208816528320313
0.28863525390625 0.019195556640625 0.0689926147460938 0.0133934020996094
0.255905151367188 -0.15142822265625 0.236618041992188 -0.0286407470703125
0.0769805908203125 -0.208908081054688 0.182662963867188 -0.1878662109375
-0.0494232177734375 -0.189193725585938 0.0249481201171875 -0.237869262695312
-0.140060424804687 -0.0869293212890625 -0.1292724609375 -0.159286499023438
-0.177078247070313 -0.00793457031250001 -0.1558837890625 -0.0400848388671875
-0.181930541992188 -0.0233612060546875 -0.086334228515625 0.00390625000000001
-0.19622802734375 0.00517272949218754 -0.0623626708984375 0.0410079956054688
-0.173538208007813 -0.0553131103515625 -0.0571861267089844 0.0680274963378906
-0.134689331054687 -0.16064453125 -0.0767898559570313 0.06829833984375
-0.0205078125 -0.246292114257813 -0.147445678710938 0.0364532470703125
0.2271728515625 -0.20721435546875 -0.157272338867187 -0.02667236328125
0.327789306640625 -0.075531005859375 -0.155364990234375 -0.080841064453125
0.3980712890625 0.115753173828125 -0.0966033935546875 -0.0275802612304688
0.339874267578125 0.2098388671875 0.132118225097656 -0.137252807617188
0.3162841796875 0.097198486328125 0.14654541015625 0.0468597412109375
0.337310791015625 -0.116455078125 0.263748168945313 0.0160369873046875
0.141693115234375 -0.236923217773437 0.224029541015625 -0.132125854492188
-0.0266876220703125 -0.243896484375 0.0866851806640625 -0.195022583007813
-0.164947509765625 -0.129165649414063 -0.0589752197265625 -0.136581420898438
-0.210357666015625 -0.025848388671875 -0.0799179077148438 -0.0419082641601563
-0.213165283203125 -0.036865234375 -0.0146903991699219 0.000428199768066405
-0.23150634765625 -0.00254821777343749 0.00928115844726561 0.0399131774902344
-0.201309204101563 -0.065673828125 0.00812530517578124 0.0846481323242188
-0.151565551757812 -0.181610107421875 -0.024566650390625 0.0897064208984375
-0.015289306640625 -0.26239013671875 -0.108932495117188 0.066253662109375
0.248214721679688 -0.20086669921875 -0.133895874023438 0.000106811523437513
0.3306884765625 -0.04412841796875 -0.0959320068359375 -0.07647705078125
0.36962890625 0.154541015625 0.0120677947998047 0.0249080657958984
0.248672485351563 0.232376098632813 0.240432739257813 -0.049102783203125
0.271514892578125 0.158065795898438 0.215118408203125 0.0881500244140625
0.345550537109375 -0.04437255859375 0.265670776367187 0.061065673828125
0.1805419921875 -0.205947875976563 0.240020751953125 -0.064361572265625
0.00639343261718751 -0.247116088867188 0.132987976074219 -0.130889892578125
-0.15570068359375 -0.147445678710938 0.0152587890625 -0.099639892578125
-0.208541870117188 -0.03900146484375 0.00371932983398436 -0.0404090881347656
-0.212112426757813 -0.044769287109375 0.0577507019042969 -0.00461196899414063
-0.234451293945312 -0.0105438232421875 0.0830841064453125 0.035736083984375
-0.20208740234375 -0.0714569091796875 0.0744476318359375 0.0977859497070313
-0.146026611328125 -0.186798095703125 0.0259628295898437 0.10992431640625
0.00155639648437498 -0.252914428710938 -0.0718154907226563 0.09295654296875
0.254776000976563 -0.163497924804687 -0.113311767578125 0.0222854614257813
0.302459716796875 0.007904052734375 -0.0395736694335937 -0.071502685546875
0.29345703125 0.18475341796875 0.108474731445313 0.0804672241210938
0.11395263671875 0.20819091796875 0.314300537109375 0.035125732421875
0.170913696289063 0.180068969726563 0.261917114257813 0.124557495117188
0.2789306640625 0.029022216796875 0.244888305664063 0.094146728515625
0.174209594726563 -0.13531494140625 0.232284545898438 -0.00312805175781251
0.0328826904296875 -0.199539184570313 0.157852172851563 -0.0646514892578125
-0.119865417480469 -0.135665893554687 0.07891845703125 -0.0594635009765625
-0.173171997070312 -0.043365478515625 0.080780029296875 -0.0368576049804688
-0.179458618164062 -0.0462493896484375 0.122596740722656 -0.0098876953125
-0.205459594726563 -0.0210113525390625 0.151107788085938 0.03192138671875
-0.176300048828125 -0.0725860595703125 0.134132385253906 0.111305236816406
-0.1197509765625 -0.175308227539063 0.0671463012695313 0.133872985839844
0.0243682861328125 -0.21917724609375 -0.0426788330078125 0.120597839355469
0.241897583007812 -0.105026245117187 -0.0997695922851562 0.0426483154296875
0.245635986328125 0.0673370361328125 0.00845718383789064 -0.0570068359375
0.18011474609375 0.198028564453125 0.178054809570313 0.140777587890625
-0.03704833984375 0.1446533203125 0.343902587890625 0.091278076171875
0.041656494140625 0.159744262695313 0.2816162109375 0.139678955078125
0.157867431640625 0.080657958984375 0.215347290039063 0.104812622070313
0.125511169433594 -0.0501861572265625 0.213104248046875 0.033660888671875
0.0443267822265625 -0.116683959960938 0.164825439453125 -0.01708984375
-0.0659713745117188 -0.0971527099609375 0.123313903808594 -0.0303878784179688
-0.110984802246094 -0.040283203125 0.137130737304688 -0.0344161987304687
-0.120063781738281 -0.04022216796875 0.1688232421875 -0.0142059326171875
-0.147369384765625 -0.02862548828125 0.203521728515625 0.03094482421875
-0.127853393554688 -0.0658798217773437 0.17987060546875 0.125473022460938
-0.07781982421875 -0.143997192382813 0.0955657958984375 0.161148071289063
0.04248046875 -0.162155151367188 -0.025634765625 0.151092529296875
0.19989013671875 -0.0390472412109375 -0.0981292724609375 0.0623550415039062
0.158248901367188 0.114517211914063 0.0376091003417969 -0.0329017639160156
0.0430755615234375 0.183013916015625 0.20892333984375 0.200653076171875
0.09161376953125 -0.123603820800781 -0.246017456054688 -0.181259155273437
-0.0613021850585938 -0.0938949584960937 -0.0570106506347656 0.0211105346679687
-0.096893310546875 0.00441741943359373 0.110481262207031 -0.0754547119140625
-0.0435104370117187 0.076171875 0.042327880859375 -0.201736450195313
0.0263214111328125 0.0800094604492188 -0.099761962890625 -0.195068359375
0.0727462768554687 0.0322799682617187 -0.209609985351563 -0.122512817382813
0.0539474487304688 0.0114059448242188 -0.232879638671875 -0.00106811523437496
0.0390281677246094 0.0204963684082031 -0.188644409179688 0.031005859375
0.0374565124511719 0.0268516540527344 -0.160552978515625 0.049774169921875
0.00817108154296875 0.0374870300292969 -0.154815673828125 0.029510498046875
-0.0378265380859375 0.0280799865722656 -0.1669921875 0.0183868408203125
-0.0804290771484375 -0.0335769653320312 -0.203781127929688 -0.02276611328125
-0.0144729614257812 -0.113906860351563 -0.2093505859375 -0.107635498046875
0.0825958251953125 -0.129051208496094 -0.28167724609375 -0.111785888671875
0.166412353515625 -0.0958709716796875 -0.342315673828125 -0.098480224609375
0.22418212890625 -0.06390380859375 -0.207611083984375 -0.21588134765625
0.0618820190429687 -0.094268798828125 -0.0421943664550781 0.005096435546875
-0.00334930419921875 -0.076080322265625 0.140975952148437 -0.0839080810546875
-0.0308742523193359 -0.020599365234375 0.067474365234375 -0.221359252929687
-0.019134521484375 0.0018768310546875 -0.0891571044921875 -0.223648071289062
-0.00456666946411133 0.0086817741394043 -0.213760375976563 -0.135101318359375
-0.0279731750488281 0.0187740325927734 -0.2352294921875 -0.00506591796875002
-0.0428428649902344 0.01416015625 -0.17889404296875 0.0279083251953125
-0.0469818115234375 0.0238533020019531 -0.15228271484375 0.0509490966796875
-0.05755615234375 -0.000308990478515616 -0.143310546875 0.0404815673828125
-0.0669136047363281 -0.04833984375 -0.151077270507813 0.030029296875
-0.0472488403320313 -0.121299743652344 -0.195358276367187 -0.00814819335937499
0.0916748046875 -0.150665283203125 -0.195175170898438 -0.0800933837890625
0.193222045898437 -0.112991333007812 -0.255126953125 -0.091278076171875
0.28717041015625 -0.028076171875 -0.28900146484375 -0.086395263671875
0.324188232421875 0.01776123046875 -0.1273193359375 -0.225555419921875
0.1866455078125 -0.06463623046875 0.00120007991790773 0.00104737281799316
0.114166259765625 -0.142822265625 0.183975219726563 -0.0760498046875
0.00231933593750001 -0.124519348144531 0.110519409179688 -0.224212646484375
-0.0533828735351563 -0.0900039672851562 -0.0530548095703125 -0.240432739257813
-0.0816574096679688 -0.02825927734375 -0.19110107421875 -0.144638061523438
-0.107559204101563 0.0169830322265625 -0.208831787109375 -0.013275146484375
-0.119590759277344 0.00437927246093748 -0.142242431640625 0.021087646484375
-0.126449584960938 0.0230712890625 -0.115097045898438 0.05120849609375
-0.120986938476563 -0.025634765625 -0.105133056640625 0.0584945678710938
-0.106155395507812 -0.106224060058594 -0.117996215820312 0.0541458129882813
-0.039306640625 -0.192031860351563 -0.176284790039063 0.0207061767578125
0.1627197265625 -0.193130493164062 -0.178955078125 -0.04583740234375
0.270843505859375 -0.109115600585938 -0.213333129882812 -0.0729217529296875
0.367401123046875 0.028289794921875 -0.201629638671875 -0.0550079345703125
0.37060546875 0.102264404296875 -0.0129241943359375 -0.2000732421875
0.280807495117188 -0.0069427490234375 0.0690193176269532 0.0115318298339844
0.231643676757812 -0.170989990234375 0.227935791015625 -0.05072021484375
0.055389404296875 -0.207427978515625 0.1632080078125 -0.200607299804688
-0.0648956298828125 -0.176513671875 0.00308227539062502 -0.234130859375
-0.140884399414063 -0.07135009765625 -0.139923095703125 -0.142959594726562
-0.170181274414063 0.00740051269531253 -0.154922485351563 -0.0233612060546875
-0.178802490234375 -0.00622558593749999 -0.0843124389648438 0.012542724609375
-0.187576293945313 0.0235137939453125 -0.0558700561523438 0.0472488403320312
-0.170944213867188 -0.03802490234375 -0.0492477416992188 0.0739059448242188
-0.14263916015625 -0.141616821289062 -0.0709457397460938 0.075897216796875
-0.0434417724609375 -0.235198974609375 -0.14453125 0.0516510009765625
0.201004028320313 -0.221084594726563 -0.15716552734375 -0.014190673828125
0.309661865234375 -0.101959228515625 -0.160110473632812 -0.0653533935546875
0.396881103515625 0.0745849609375 -0.0952301025390625 -0.0171661376953125
0.347869873046875 0.16986083984375 0.111114501953125 -0.14300537109375
0.31585693359375 0.066741943359375 0.14556884765625 0.037567138671875
0.314361572265625 -0.1455078125 0.257797241210938 -0.00863647460937501
0.115020751953125 -0.240997314453125 0.208160400390625 -0.149826049804688
-0.0486907958984375 -0.232406616210938 0.0659942626953125 -0.198898315429688
-0.168914794921875 -0.109100341796875 -0.0691986083984375 -0.127212524414063
-0.2039794921875 -0.0057373046875 -0.0817642211914063 -0.0322113037109375
-0.210556030273438 -0.0155181884765625 -0.0154962539672852 0.00202751159667969
-0.222686767578125 0.020843505859375 0.0140151977539062 0.0389404296875
-0.19830322265625 -0.044525146484375 0.0164794921875 0.0837936401367187
-0.161941528320313 -0.159439086914063 -0.0180435180664063 0.092498779296875
-0.0404205322265625 -0.2510986328125 -0.104278564453125 0.0770111083984375
0.221786499023438 -0.218399047851563 -0.132270812988281 0.010467529296875
0.316070556640625 -0.07269287109375 -0.102783203125 -0.0663833618164063
0.37347412109375 0.11492919921875 0.0148105621337891 0.0232887268066406
0.261459350585938 0.201034545898438 0.224395751953125 -0.068359375
0.27825927734375 0.129745483398437 0.214797973632813 0.0713653564453125
0.32989501953125 -0.0777587890625 0.263320922851563 0.0361175537109375
0.155303955078125 -0.215789794921875 0.229461669921875 -0.084503173828125
-0.0174713134765625 -0.239105224609375 0.116775512695313 -0.140960693359375
-0.163528442382812 -0.127227783203125 0.00632476806640623 -0.0975494384765625
-0.203216552734375 -0.0175018310546875 -0.000740051269531258 -0.0383453369140625
-0.210556030273438 -0.022552490234375 0.0546302795410156 -0.0103950500488281
-0.227249145507813 0.013946533203125 0.085113525390625 0.0274810791015625
-0.20074462890625 -0.0492706298828125 0.0819625854492187 0.089813232421875
-0.158370971679688 -0.164581298828125 0.0323715209960937 0.106704711914062
-0.02325439453125 -0.244110107421875 -0.0656356811523438 0.0989990234375
0.231979370117188 -0.183807373046875 -0.10986328125 0.0308609008789062
0.294219970703125 -0.019256591796875 -0.0478935241699218 -0.0662918090820313
0.303070068359375 0.150909423828125 0.112510681152344 0.0672683715820313
0.12939453125 0.190872192382813 0.303009033203125 0.00637817382812501
0.18255615234375 0.160354614257813 0.262619018554688 0.101898193359375
0.272994995117188 0.000396728515625 0.24664306640625 0.071258544921875
0.156021118164063 -0.147323608398438 0.226791381835938 -0.02435302734375
0.011322021484375 -0.195632934570313 0.146835327148438 -0.0792694091796875
-0.1282958984375 -0.119186401367187 0.07171630859375 -0.0644989013671875
-0.17083740234375 -0.0246124267578125 0.0739288330078125 -0.0422210693359375
-0.178298950195313 -0.0265045166015625 0.116912841796875 -0.0213546752929688
-0.200408935546875 0.00242614746093746 0.149642944335938 0.016937255859375
-0.177032470703125 -0.0518341064453125 0.140716552734375 0.0969085693359375
-0.133132934570312 -0.156051635742188 0.0747222900390625 0.125900268554687
0.00134277343750001 -0.214492797851563 -0.0339584350585937 0.12286376953125
0.224822998046875 -0.1278076171875 -0.0944747924804688 0.0497512817382813
0.245712280273437 0.0423431396484375 -0.00115966796874999 -0.0574989318847656
0.194412231445313 0.175003051757813 0.1842041015625 0.118972778320313
-0.0225372314453125 0.143966674804688 0.33734130859375 0.056671142578125
0.0561981201171875 0.151901245117188 0.283172607421875 0.11279296875
0.162399291992188 0.0608367919921875 0.218353271484375 0.085479736328125
0.116668701171875 -0.0607681274414063 0.211563110351562 0.0138702392578125
0.0299148559570312 -0.117568969726563 0.158676147460937 -0.0331878662109375
-0.0741424560546875 -0.0866165161132813 0.116912841796875 -0.04046630859375
-0.111137390136719 -0.0266342163085938 0.129119873046875 -0.04595947265625
-0.120712280273438 -0.02569580078125 0.161209106445312 -0.0303802490234375
-0.14544677734375 -0.0102996826171875 0.200668334960938 0.01019287109375
-0.130508422851563 -0.0495758056640625 0.18707275390625 0.106109619140625
-0.0910110473632812 -0.129722595214844 0.10546875 0.149749755859375
0.023101806640625 -0.161361694335938 -0.0139312744140625 0.149826049804688
0.190994262695312 -0.0599517822265625 -0.0909881591796875 0.0691986083984375
0.166168212890625 0.095794677734375 0.0295906066894531 -0.037384033203125
0.0604248046875 0.17352294921875 0.22021484375 0.173080444335938
0.0770187377929688 -0.126968383789063 -0.251220703125 -0.15692138671875
-0.0674972534179687 -0.0860443115234375 -0.0507049560546875 0.0256156921386719
-0.0935821533203125 0.0126724243164062 0.103858947753906 -0.081634521484375
-0.03424072265625 0.079254150390625 0.0286712646484375 -0.201339721679688
0.035308837890625 0.0753860473632813 -0.108551025390625 -0.184890747070313
0.0743179321289062 0.0225677490234375 -0.214401245117188 -0.1063232421875
0.051788330078125 0.00445556640625 -0.227523803710938 0.014923095703125
0.0388336181640625 0.0153961181640625 -0.181182861328125 0.044158935546875
0.038299560546875 0.0211868286132813 -0.1519775390625 0.061798095703125
0.0116901397705078 0.0336856842041016 -0.148468017578125 0.0410003662109375
-0.0325050354003906 0.0285797119140625 -0.162353515625 0.0314483642578125
-0.0795822143554687 -0.0241012573242187 -0.201614379882812 -0.00666809082031248
-0.02239990234375 -0.107452392578125 -0.212615966796875 -0.0926513671875
0.0711593627929688 -0.131210327148438 -0.280029296875 -0.0917510986328125
0.153778076171875 -0.107421875 -0.335662841796875 -0.0721435546875001
0.209228515625 -0.078369140625 -0.216400146484375 -0.191940307617187
0.0523681640625 -0.0950469970703125 -0.0380630493164063 0.0106430053710938
-0.00925445556640624 -0.07196044921875 0.132179260253906 -0.0915374755859375
-0.0297107696533203 -0.0156230926513672 0.0522003173828125 -0.221908569335938
-0.0148372650146484 0.00401020050048828 -0.100540161132812 -0.212814331054688
-0.00228309631347656 0.00564002990722656 -0.218246459960938 -0.118331909179688
-0.0255489349365234 0.0172576904296875 -0.229110717773437 0.011871337890625
-0.0409927368164063 0.0147857666015625 -0.17242431640625 0.0403289794921875
-0.0433197021484375 0.0243377685546875 -0.144058227539063 0.061859130859375
-0.0537872314453125 0.00123596191406249 -0.136512756347656 0.0510635375976562
-0.0653152465820313 -0.0433883666992188 -0.146286010742188 0.0418853759765625
-0.0532684326171875 -0.111381530761719 -0.193267822265625 0.00706481933593747
0.0782470703125 -0.15032958984375 -0.196731567382812 -0.0673217773437501
0.178878784179688 -0.121536254882813 -0.253326416015625 -0.0728302001953125
0.276580810546875 -0.049530029296875 -0.2830810546875 -0.063568115234375
0.312744140625 -0.00750732421875 -0.14031982421875 -0.20648193359375
0.175796508789063 -0.0749359130859375 0.00329256057739259 0.00455427169799804
0.0992889404296875 -0.145538330078125 0.174591064453125 -0.08697509765625
-0.00518798828125 -0.118637084960938 0.0946197509765625 -0.227523803710938
-0.0552597045898438 -0.0823135375976563 -0.0671844482421875 -0.231170654296875
-0.0783615112304688 -0.0235061645507812 -0.19580078125 -0.128143310546875
-0.102279663085937 0.0216903686523437 -0.204086303710938 0.00257873535156248
-0.116287231445313 0.01153564453125 -0.137840270996094 0.0314865112304687
-0.119720458984375 0.0296478271484375 -0.107368469238281 0.0596771240234375
-0.116607666015625 -0.0184478759765625 -0.0985488891601563 0.0662307739257812
-0.107292175292969 -0.095947265625 -0.113258361816406 0.06298828125
-0.0502777099609375 -0.181442260742188 -0.174346923828125 0.0348510742187499
0.145034790039063 -0.197830200195312 -0.179458618164063 -0.0357513427734375
0.254745483398438 -0.122802734375 -0.2127685546875 -0.0577392578125
0.358856201171875 -0.00018310546875 -0.19708251953125 -0.039459228515625
0.36383056640625 0.07177734375 -0.0290679931640625 -0.190277099609375
0.272064208984375 -0.0254058837890625 0.0689620971679688 0.011260986328125
0.21142578125 -0.183120727539062 0.218948364257813 -0.0651702880859375
0.039031982421875 -0.203201293945312 0.1473388671875 -0.208389282226563
-0.0739593505859375 -0.16473388671875 -0.01251220703125 -0.22930908203125
-0.138359069824219 -0.06024169921875 -0.145965576171875 -0.130096435546875
-0.163055419921875 0.018218994140625 -0.152374267578125 -0.0105743408203125
-0.174331665039063 0.0062408447265625 -0.0821914672851563 0.0189132690429687
-0.178619384765625 0.03533935546875 -0.0503654479980469 0.0513114929199219
-0.165740966796875 -0.0255584716796875 -0.0425643920898438 0.0776824951171875
-0.145950317382813 -0.126663208007813 -0.0659713745117188 0.0815505981445312
-0.058624267578125 -0.223281860351563 -0.141494750976563 0.0632171630859375
0.180068969726563 -0.228179931640625 -0.156997680664063 -0.00547790527343754
0.292877197265625 -0.118499755859375 -0.161483764648438 -0.053985595703125
0.391387939453125 0.042724609375 -0.0923004150390625 -0.00983428955078125
0.346893310546875 0.139739990234375 0.0949554443359375 -0.143661499023438
0.31170654296875 0.04400634765625 0.14398193359375 0.0319671630859375
0.29315185546875 -0.164337158203125 0.250213623046875 -0.0254974365234375
0.0948486328125 -0.240966796875 0.194320678710938 -0.161361694335938
-0.0634765625 -0.220474243164063 0.0503692626953125 -0.19866943359375
-0.169586181640625 -0.0942535400390625 -0.0753936767578125 -0.118927001953125
-0.195953369140625 0.00828552246093747 -0.0823211669921875 -0.0239105224609375
-0.206008911132812 -6.10351562499665E-05 -0.0160017013549805 0.00336742401123047
-0.21270751953125 0.03692626953125 0.016937255859375 0.0378913879394531
-0.193588256835938 -0.0293121337890625 0.0224227905273437 0.082489013671875
-0.166671752929688 -0.141586303710938 -0.0136947631835938 0.0940093994140625
-0.057525634765625 -0.239212036132813 -0.100494384765625 0.0854415893554688
0.2001953125 -0.228317260742188 -0.130729675292969 0.0172119140625
0.301605224609375 -0.090972900390625 -0.107009887695312 -0.0580291748046875
0.371490478515625 0.0849609375 0.0159778594970703 0.0213718414306641
0.26568603515625 0.176071166992188 0.208587646484375 -0.07879638671875
0.279647827148438 0.10858154296875 0.212615966796875 0.0595550537109375
0.314666748046875 -0.099822998046875 0.2587890625 0.018707275390625
0.135528564453125 -0.219161987304687 0.219161987304688 -0.0992889404296875
-0.03436279296875 -0.2298583984375 0.103591918945313 -0.146209716796875
-0.1663818359375 -0.111480712890625 -9.91821289062695E-05 -0.0952682495117188
-0.19732666015625 -0.00228881835937501 -0.00382614135742189 -0.0360069274902344
-0.206451416015625 -0.00662231445312503 0.0511589050292969 -0.0135955810546875
-0.217880249023437 0.0316314697265625 0.0852584838867187 0.0211563110351563
-0.19671630859375 -0.0326690673828125 0.0869903564453125 0.0835342407226563
-0.16448974609375 -0.146347045898437 0.0362167358398437 0.104454040527344
-0.0419921875 -0.233856201171875 -0.060821533203125 0.103202819824219
0.21246337890625 -0.196670532226563 -0.107376098632812 0.0362625122070312
0.28387451171875 -0.03887939453125 -0.0544319152832031 -0.06195068359375
0.305419921875 0.124786376953125 0.113021850585938 0.0568695068359375
0.138092041015625 0.176223754882813 0.289886474609375 -0.01361083984375
0.189437866210938 0.144363403320313 0.259780883789063 0.0853118896484375
0.265579223632813 -0.020751953125 0.24462890625 0.0550537109375
0.141159057617188 -0.154052734375 0.220687866210938 -0.039306640625
-0.00401306152343752 -0.190948486328125 0.137138366699219 -0.0882034301757813
-0.133071899414063 -0.105888366699219 0.065643310546875 -0.06719970703125
-0.16656494140625 -0.0111083984375 0.0682868957519531 -0.0454940795898438
-0.17608642578125 -0.0118255615234375 0.1109619140625 -0.02972412109375
-0.193771362304688 0.0192413330078125 0.147232055664063 0.0055084228515625
-0.174362182617187 -0.035980224609375 0.144973754882813 0.085601806640625
-0.140281677246094 -0.140182495117187 0.0796432495117187 0.120010375976562
-0.0162811279296875 -0.207870483398438 -0.0281524658203125 0.123359680175781
0.209228515625 -0.14263916015625 -0.0908584594726563 0.05419921875
0.243057250976563 0.0235748291015625 -0.00888061523437498 -0.0565147399902344
0.20208740234375 0.155654907226563 0.185836791992188 0.1016845703125
-0.012481689453125 0.142166137695312 0.326263427734375 0.03326416015625
0.06585693359375 0.144622802734375 0.280914306640625 0.0945281982421875
0.162887573242188 0.0454864501953125 0.219207763671875 0.071502685546875
0.108787536621094 -0.0677719116210938 0.207992553710938 -0.000274658203125004
0.0188980102539063 -0.116409301757813 0.15179443359375 -0.04425048828125
-0.0790786743164063 -0.0778121948242188 0.111640930175781 -0.047119140625
-0.109695434570313 -0.0162277221679688 0.121772766113281 -0.0543060302734375
-0.119773864746094 -0.0145721435546875 0.153579711914063 -0.0421142578125
-0.142074584960938 0.00373840332031253 0.195480346679687 -0.0054168701171875
-0.130142211914063 -0.0365371704101562 0.190444946289063 0.0910186767578125
-0.0987701416015625 -0.117424011230469 0.111038208007813 0.139976501464844
0.00843811035156248 -0.158676147460937 -0.00596618652343749 0.147232055664063
0.180694580078125 -0.0751495361328125 -0.0860748291015625 0.0734024047851563
0.170364379882813 0.0810546875 0.021881103515625 -0.0396232604980469
0.0718231201171875 0.16461181640625 0.22381591796875 0.151885986328125
0.0658187866210938 -0.128547668457031 -0.255844116210938 -0.138519287109375
-0.0732345581054688 -0.0801467895507812 -0.0459861755371094 0.0289840698242187
-0.0917434692382813 0.019561767578125 0.0989761352539063 -0.0863800048828125
-0.0266952514648437 0.08203125 0.0178070068359375 -0.202667236328125
0.042816162109375 0.0711212158203125 -0.11712646484375 -0.178909301757813
0.0740432739257813 0.0141677856445313 -0.2200927734375 -0.094146728515625
0.0497550964355469 -0.000911712646484375 -0.2252197265625 0.0285491943359375
0.0386238098144531 0.0113067626953125 -0.177200317382813 0.0555877685546875
0.038299560546875 0.0167770385742188 -0.145172119140625 0.0713958740234375
0.0147686004638672 0.0300998687744141 -0.14495849609375 0.0501708984375
-0.0287570953369141 0.0293083190917969 -0.160324096679688 0.0418701171875
-0.0784835815429688 -0.0165023803710937 -0.201431274414063 0.00651550292968749
-0.0290679931640625 -0.102523803710938 -0.216873168945313 -0.082733154296875
0.0609283447265625 -0.13372802734375 -0.280288696289063 -0.0769500732421876
0.143692016601563 -0.116943359375 -0.331817626953125 -0.0520019531250001
0.199127197265625 -0.0895538330078125 -0.224945068359375 -0.174545288085937
0.0442047119140625 -0.0958786010742187 -0.0342540740966797 0.0152530670166016
-0.0144500732421875 -0.0690498352050781 0.126640319824219 -0.0983352661132813
-0.0280342102050781 -0.0106849670410156 0.0398712158203125 -0.224105834960937
-0.0105314254760742 0.00444698333740235 -0.11077880859375 -0.206802368164063
-0.000504732131958008 0.00202083587646484 -0.224365234375 -0.105300903320312
-0.0253067016601563 0.0161323547363281 -0.226821899414063 0.026336669921875
-0.0399208068847656 0.0157585144042969 -0.168975830078125 0.0517578125
-0.0412940979003906 0.0244560241699219 -0.13763427734375 0.0718154907226563
-0.0512008666992188 0.00196456909179687 -0.132133483886719 0.0601043701171875
-0.0645484924316406 -0.040130615234375 -0.144287109375 0.051788330078125
-0.0575485229492187 -0.104789733886719 -0.193496704101563 0.020721435546875
0.0691680908203125 -0.150894165039063 -0.200515747070313 -0.058624267578125
0.168609619140625 -0.129302978515625 -0.254486083984375 -0.0594024658203125
0.268905639648438 -0.066009521484375 -0.280303955078125 -0.0460052490234375
0.305450439453125 -0.02545166015625 -0.151107788085937 -0.192276000976563
0.16827392578125 -0.083465576171875 0.00609922409057618 0.00801229476928711
0.0879669189453125 -0.14849853515625 0.167953491210938 -0.0961151123046875
-0.0106582641601562 -0.113807678222656 0.081817626953125 -0.233016967773438
-0.0569992065429688 -0.0774078369140625 -0.0787506103515625 -0.2266845703125
-0.0762786865234375 -0.0208587646484375 -0.20166015625 -0.115890502929688
-0.0990829467773438 0.02587890625 -0.20172119140625 0.0161285400390625
-0.114776611328125 0.0174942016601563 -0.134849548339844 0.0402374267578125
-0.115119934082031 0.0349807739257813 -0.101776123046875 0.0670318603515625
-0.113914489746094 -0.013214111328125 -0.0936737060546875 0.0736083984375
-0.108963012695313 -0.0891494750976563 -0.1102294921875 0.0716781616210938
-0.059173583984375 -0.173980712890625 -0.174163818359375 0.0477752685546875
0.131546020507813 -0.202102661132813 -0.182647705078125 -0.0272979736328125
0.2435302734375 -0.13446044921875 -0.213958740234375 -0.0462799072265625
0.353851318359375 -0.022613525390625 -0.195144653320312 -0.02734375
0.3597412109375 0.049041748046875 -0.041748046875 -0.182601928710938
0.266983032226563 -0.040435791015625 0.0699310302734375 0.0118255615234375
0.19598388671875 -0.192367553710937 0.212738037109375 -0.076202392578125
0.027313232421875 -0.200454711914062 0.134872436523438 -0.216537475585937
-0.0809478759765625 -0.157821655273437 -0.02532958984375 -0.227203369140625
-0.137908935546875 -0.0525054931640625 -0.151840209960937 -0.120223999023438
-0.158950805664063 0.0258941650390625 -0.151947021484375 0.000381469726562483
-0.17230224609375 0.016815185546875 -0.0811538696289063 0.0242385864257812
-0.17242431640625 0.0446929931640625 -0.046142578125 0.0549736022949219
-0.16290283203125 -0.0169830322265625 -0.0369415283203125 0.081512451171875
-0.148757934570313 -0.116409301757812 -0.0626449584960938 0.0877227783203125
-0.07000732421875 -0.215484619140625 -0.1405029296875 0.0747604370117188
0.164505004882813 -0.2359619140625 -0.159255981445313 0.00146484374999999
0.281524658203125 -0.13311767578125 -0.1646728515625 -0.04412841796875
0.3885498046875 0.017913818359375 -0.0904083251953125 -0.00460052490234375
0.34832763671875 0.117034912109375 0.082305908203125 -0.143661499023438
0.310516357421875 0.026519775390625 0.144729614257813 0.0282135009765625
0.278289794921875 -0.179397583007813 0.246139526367188 -0.038421630859375
0.0799560546875 -0.24102783203125 0.184585571289063 -0.1732177734375
-0.0748291015625 -0.213058471679688 0.0387725830078125 -0.201126098632813
-0.170944213867188 -0.083740234375 -0.0814437866210938 -0.113807678222656
-0.192123413085937 0.01904296875 -0.0830154418945313 -0.0175628662109375
-0.204147338867188 0.0125579833984375 -0.0165672302246094 0.00460624694824219
-0.206451416015625 0.0493316650390625 0.0191879272460937 0.0369606018066406
-0.190277099609375 -0.0179595947265625 0.0272979736328125 0.0824203491210938
-0.1710205078125 -0.12921142578125 -0.0103683471679688 0.0972518920898437
-0.07080078125 -0.231430053710937 -0.0994796752929688 0.0939102172851562
0.183883666992188 -0.237808227539063 -0.132240295410156 0.0231552124023437
0.2919921875 -0.105621337890625 -0.111488342285156 -0.0516281127929687
0.3721923828125 0.060455322265625 0.017333984375 0.0193843841552734
0.271072387695312 0.15869140625 0.197769165039063 -0.08734130859375
0.28326416015625 0.092193603515625 0.213150024414063 0.0517425537109375
0.30450439453125 -0.118133544921875 0.257156372070312 0.00553894042968749
0.121536254882813 -0.223419189453125 0.212554931640625 -0.112289428710938
-0.047637939453125 -0.224700927734375 0.0936737060546875 -0.1513671875
-0.169677734375 -0.09979248046875 -0.00518035888671875 -0.0938262939453125
-0.194351196289063 0.0091705322265625 -0.0062694549560547 -0.0343437194824219
-0.205093383789063 0.00711059570312502 0.0485610961914062 -0.0164756774902344
-0.21136474609375 0.04559326171875 0.08563232421875 0.0157089233398438
-0.193740844726562 -0.0198516845703125 0.0915679931640625 0.0789642333984375
-0.170089721679688 -0.133132934570313 0.0396957397460937 0.104568481445312
-0.0556640625 -0.226699829101562 -0.0584564208984375 0.109306335449219
0.19720458984375 -0.208831787109375 -0.107437133789062 0.0410079956054687
0.278915405273438 -0.0554046630859375 -0.0605926513671875 -0.05816650390625
0.3101806640625 0.10382080078125 0.114341735839844 0.0487747192382813
0.145462036132813 0.16693115234375 0.2816162109375 -0.027069091796875
0.196853637695313 0.132705688476563 0.260726928710938 0.0737152099609375
0.26129150390625 -0.0381317138671875 0.245880126953125 0.0428924560546875
0.130874633789063 -0.160446166992188 0.218048095703125 -0.0517578125
-0.0159454345703125 -0.188385009765625 0.130683898925781 -0.09619140625
-0.137626647949219 -0.096435546875 0.0617942810058594 -0.0698471069335938
-0.164474487304688 0.000503540039062525 0.0638961791992188 -0.0487327575683594
-0.176025390625 0.000991821289062501 0.106117248535156 -0.0361404418945313
-0.188461303710938 0.0331573486328125 0.145782470703125 -0.0032958984375
-0.173049926757813 -0.0233917236328125 0.149688720703125 0.077301025390625
-0.146957397460937 -0.127548217773438 0.0835113525390625 0.116249084472656
-0.030487060546875 -0.20318603515625 -0.0244979858398437 0.126007080078125
0.197067260742188 -0.156021118164063 -0.0893020629882813 0.0578994750976562
0.242294311523438 0.007904052734375 -0.015960693359375 -0.0557022094726563
0.210006713867187 0.141189575195313 0.188247680664063 0.0878448486328125
-0.00447082519531251 0.142196655273438 0.3199462890625 0.0167236328125
0.0753402709960938 0.139778137207031 0.281341552734375 0.08172607421875
0.163986206054688 0.0331878662109375 0.2225341796875 0.06201171875
0.103050231933594 -0.0739517211914063 0.208251953125 -0.01171875
0.010894775390625 -0.116096496582031 0.147476196289063 -0.052947998046875
-0.083831787109375 -0.071075439453125 0.108467102050781 -0.05303955078125
-0.109077453613281 -0.00759887695312501 0.116142272949219 -0.0610504150390625
-0.120086669921875 -0.00557708740234373 0.14825439453125 -0.0507965087890625
-0.139488220214844 0.0151596069335938 0.192840576171875 -0.0175323486328125
-0.130348205566406 -0.0258331298828125 0.19464111328125 0.0792236328125
-0.105865478515625 -0.107414245605469 0.116233825683594 0.13421630859375
-0.00413513183593749 -0.156509399414063 -0.000717163085937494 0.147857666015625
0.173187255859375 -0.0879974365234375 -0.0834274291992187 0.0771484375
0.174896240234375 0.068267822265625 0.0152549743652344 -0.0409164428710937
0.0815277099609375 0.157577514648438 0.228225708007813 0.135086059570313
0.055999755859375 -0.132164001464844 -0.265350341796875 -0.119964599609375
-0.081024169921875 -0.07403564453125 -0.0419692993164063 0.0338249206542969
-0.0907974243164063 0.0276870727539062 0.0961761474609375 -0.0929107666015625
-0.0178298950195312 0.0856094360351563 0.0053253173828125 -0.20684814453125
0.0508651733398438 0.0665550231933594 -0.128982543945313 -0.175827026367188
0.0742645263671875 0.00572967529296875 -0.230117797851563 -0.080963134765625
0.0482177734375 -0.00609970092773438 -0.225372314453125 0.0452423095703125
0.0391159057617188 0.00739288330078125 -0.174819946289063 0.069732666015625
0.0392913818359375 0.0120010375976563 -0.140357971191406 0.0829391479492188
0.0172348022460938 0.0265388488769531 -0.142684936523438 0.0612030029296875
-0.0249671936035156 0.0303688049316406 -0.160293579101563 0.054962158203125
-0.0785980224609375 -0.00873565673828125 -0.203765869140625 0.0211334228515625
-0.0356903076171875 -0.0995635986328125 -0.225296020507813 -0.071380615234375
0.0505752563476562 -0.138374328613281 -0.286102294921875 -0.061065673828125
0.133644104003906 -0.127723693847656 -0.333953857421875 -0.0310974121093751
0.191665649414063 -0.1024169921875 -0.2364501953125 -0.157760620117187
0.037017822265625 -0.09808349609375 -0.0304412841796875 0.0196323394775391
-0.0191802978515625 -0.0664634704589844 0.12225341796875 -0.106605529785156
-0.0263137817382813 -0.00726509094238281 0.02606201171875 -0.230743408203125
-0.00744962692260742 0.00404071807861328 -0.124374389648438 -0.202682495117188
9.07778739929199E-05 -0.000825703144073486 -0.234664916992187 -0.0916290283203125
-0.0250034332275391 0.0164337158203125 -0.2266845703125 0.0433197021484375
-0.0403327941894531 0.0174407958984375 -0.167068481445313 0.065582275390625
-0.0399627685546875 0.0249595642089844 -0.132774353027344 0.0835342407226563
-0.0500946044921875 0.00271224975585938 -0.12939453125 0.071136474609375
-0.0651512145996094 -0.0376396179199219 -0.1436767578125 0.063934326171875
-0.0630111694335938 -0.0996017456054688 -0.19580078125 0.0363311767578125
0.0598297119140625 -0.154937744140625 -0.208724975585938 -0.0479736328125
0.159835815429687 -0.14056396484375 -0.259033203125 -0.045257568359375
0.263717651367188 -0.085906982421875 -0.281585693359375 -0.0281982421875001
0.302459716796875 -0.045623779296875 -0.165130615234375 -0.180084228515625
0.162384033203125 -0.09381103515625 0.00882816314697267 0.0113105773925781
0.076934814453125 -0.153549194335938 0.163650512695313 -0.107147216796875
-0.01708984375 -0.1112060546875 0.0679779052734375 -0.242034912109375
-0.0595474243164063 -0.0734710693359375 -0.0933074951171875 -0.225494384765625
-0.0767440795898438 -0.0190887451171875 -0.212249755859375 -0.104217529296875
-0.0976028442382813 0.0310516357421875 -0.201873779296875 0.0315399169921875
-0.114997863769531 0.02508544921875 -0.13409423828125 0.0515518188476563
-0.113121032714844 0.0407791137695312 -0.0974273681640625 0.0757217407226563
-0.113655090332031 -0.00811767578124998 -0.0890960693359375 0.0824127197265625
-0.113151550292969 -0.0835723876953125 -0.108184814453125 0.0819931030273437
-0.0695343017578125 -0.169143676757812 -0.174942016601563 0.0636138916015625
0.11981201171875 -0.211441040039063 -0.189376831054688 -0.0179290771484375
0.234771728515625 -0.150680541992188 -0.21917724609375 -0.033660888671875
0.35321044921875 -0.047454833984375 -0.195571899414062 -0.0146636962890625
0.363128662109375 0.026153564453125 -0.055267333984375 -0.176284790039062
0.265792846679688 -0.05780029296875 0.0729141235351563 0.0116043090820312
0.182281494140625 -0.206771850585938 0.209518432617188 -0.09002685546875
0.015594482421875 -0.200698852539062 0.122909545898438 -0.229705810546875
-0.0901336669921875 -0.152496337890625 -0.0397796630859375 -0.22930908203125
-0.140838623046875 -0.0456695556640625 -0.161605834960938 -0.11199951171875
-0.156753540039063 0.0358123779296875 -0.15264892578125 0.0124969482421875
-0.173675537109375 0.028594970703125 -0.081085205078125 0.0313339233398438
-0.169815063476563 0.055511474609375 -0.0425758361816406 0.0598602294921875
-0.162704467773437 -0.0078582763671875 -0.0312042236328125 0.0869293212890625
-0.155181884765625 -0.107467651367188 -0.0596160888671875 0.0963592529296875
-0.0839691162109375 -0.21075439453125 -0.139785766601563 0.08917236328125
0.149887084960937 -0.248306274414063 -0.163818359375 0.0104827880859375
0.273635864257813 -0.150375366210937 -0.169845581054687 -0.034515380859375
0.391510009765625 -0.0091552734375 -0.0903854370117187 0.00128173828125001
0.35516357421875 0.095123291015625 0.0706024169921875 -0.146286010742188
0.31402587890625 0.007049560546875 0.147933959960938 0.02362060546875
0.266311645507813 -0.199722290039062 0.246337890625 -0.053009033203125
0.06524658203125 -0.246047973632812 0.175521850585938 -0.188385009765625
-0.089019775390625 -0.2088623046875 0.0255279541015625 -0.205886840820313
-0.175949096679688 -0.07354736328125 -0.0896530151367188 -0.109031677246094
-0.190872192382813 0.031890869140625 -0.084442138671875 -0.00987243652343752
-0.205978393554688 0.0278472900390625 -0.0176753997802735 0.00653076171875
-0.202713012695313 0.063201904296875 0.0224533081054687 0.0367584228515625
-0.190444946289062 -0.00556945800781248 0.0340423583984375 0.08294677734375
-0.178756713867188 -0.117568969726563 -0.00592041015625002 0.102264404296875
-0.08642578125 -0.2264404296875 -0.0973587036132812 0.106025695800781
0.167816162109375 -0.2529296875 -0.135498046875 0.031036376953125
0.286407470703125 -0.1256103515625 -0.118133544921875 -0.0450668334960937
0.377777099609375 0.03436279296875 0.0187969207763672 0.0181770324707031
0.28131103515625 0.142578125 0.189544677734375 -0.0976715087890625
0.2926025390625 0.074981689453125 0.217391967773438 0.04290771484375
0.297454833984375 -0.140167236328125 0.260345458984375 -0.00929260253906251
0.107376098632813 -0.232177734375 0.208358764648438 -0.128341674804688
-0.0633544921875 -0.222747802734375 0.0844879150390625 -0.159881591796875
-0.176284790039063 -0.08984375 -0.0112075805664063 -0.0948944091796875
-0.193588256835938 0.022857666015625 -0.00898361206054689 -0.0325851440429687
-0.206939697265625 0.02276611328125 0.0467567443847656 -0.0193748474121094
-0.207717895507813 0.0607147216796875 0.08770751953125 0.0105438232421875
-0.194320678710937 -0.00596618652343754 0.09881591796875 0.0747528076171875
-0.178680419921875 -0.12042236328125 0.04522705078125 0.106163024902344
-0.0721588134765625 -0.22308349609375 -0.0555801391601562 0.118583679199219
0.1827392578125 -0.224960327148438 -0.109085083007813 0.0474090576171875
0.277252197265625 -0.0742034912109375 -0.068267822265625 -0.0548744201660156
0.3189697265625 0.08221435546875 0.117530822753906 0.0403900146484375
0.1563720703125 0.159103393554688 0.277008056640625 -0.0426483154296875
0.208343505859375 0.120758056640625 0.266006469726563 0.0618743896484375
0.261276245117188 -0.0574798583984375 0.251998901367188 0.0289154052734375
0.121002197265625 -0.170547485351562 0.217514038085938 -0.0681915283203125
-0.029815673828125 -0.18878173828125 0.125358581542969 -0.105903625488281
-0.145217895507813 -0.0865936279296875 0.0582962036132812 -0.075103759765625
-0.164703369140625 0.0128326416015625 0.0613441467285156 -0.0523872375488281
-0.177459716796875 0.014678955078125 0.103179931640625 -0.04388427734375
-0.185760498046875 0.0480804443359375 0.146575927734375 -0.0133056640625
-0.173965454101563 -0.010528564453125 0.156707763671875 0.06866455078125
-0.156036376953125 -0.115570068359375 0.089752197265625 0.115028381347656
-0.0462646484375 -0.200653076171875 -0.02008056640625 0.132308959960938
0.186447143554688 -0.173095703125 -0.0893783569335937 0.064178466796875
0.245193481445313 -0.0088653564453125 -0.02337646484375 -0.0551528930664063
0.220550537109375 0.12664794921875 0.193634033203125 0.0753326416015625
0.00498962402343749 0.144302368164063 0.31854248046875 -0.00228881835937499
0.0860748291015625 0.136329650878906 0.2867431640625 0.06781005859375
0.167526245117188 0.01934814453125 0.229965209960937 0.05023193359375
0.0989456176757813 -0.0821456909179688 0.211196899414063 -0.02593994140625
0.000274658203124992 -0.1181640625 0.14581298828125 -0.0638885498046875
-0.09075927734375 -0.0643234252929688 0.106544494628906 -0.0612945556640625
-0.110054016113281 0.00245666503906252 0.112030029296875 -0.0693588256835938
-0.121681213378906 0.005126953125 0.143630981445313 -0.061981201171875
-0.138023376464844 0.0278854370117188 0.192718505859375 -0.0315093994140625
-0.132194519042969 -0.0150375366210937 0.20245361328125 0.0674285888671875
-0.114845275878906 -0.0983200073242188 0.124420166015625 0.129959106445313
-0.016815185546875 -0.15631103515625 0.00621032714843749 0.15155029296875
0.166610717773438 -0.103973388671875 -0.0811080932617187 0.0831375122070312
0.182052612304688 0.054473876953125 0.00882720947265626 -0.0429496765136719
0.0933380126953125 0.152328491210938 0.236846923828125 0.120513916015625
0.0431365966796875 -0.136795043945313 -0.275726318359375 -0.096343994140625
-0.089508056640625 -0.0653915405273438 -0.0363960266113281 0.0387458801269531
-0.0888824462890625 0.0380096435546875 0.0906906127929687 -0.102264404296875
-0.00678253173828126 0.0882034301757813 -0.011383056640625 -0.210647583007812
0.0600166320800781 0.059783935546875 -0.14508056640625 -0.167388916015625
0.0739822387695312 -0.00431060791015625 -0.240081787109375 -0.0612030029296875
0.0459098815917969 -0.0116500854492187 -0.2230224609375 0.0663299560546875
0.039215087890625 0.00286483764648438 -0.169479370117188 0.0879058837890625
0.0394134521484375 0.0066375732421875 -0.132713317871094 0.0972976684570312
0.0197601318359375 0.0220184326171875 -0.138648986816406 0.0752792358398438
-0.0212535858154297 0.0310459136962891 -0.157470703125 0.0712890625
-0.0776901245117188 1.52587890624878E-05 -0.203720092773438 0.0408935546875
-0.0445709228515625 -0.0948028564453125 -0.234970092773438 -0.0540771484375
0.0369110107421875 -0.1431884765625 -0.2923583984375 -0.039031982421875
0.12078857421875 -0.141555786132813 -0.33453369140625 -0.00317382812500002
0.18115234375 -0.118301391601563 -0.250274658203125 -0.13482666015625
0.0270233154296875 -0.100044250488281 -0.0258808135986328 0.0248508453369141
-0.0255393981933594 -0.0631446838378906 0.1153564453125 -0.11712646484375
-0.0231304168701172 -0.00357437133789063 0.00677490234374998 -0.235931396484375
-0.00430083274841309 0.0029904842376709 -0.143020629882813 -0.196121215820312
-0.000519514083862304 -0.00438380241394043 -0.245819091796875 -0.071624755859375
-0.0244617462158203 0.0165729522705078 -0.224334716796875 0.0654449462890625
-0.0400199890136719 0.0202484130859375 -0.162155151367188 0.0828857421875
-0.0383720397949219 0.0268173217773437 -0.124977111816406 0.097564697265625
-0.0497055053710938 0.00372314453125 -0.1236572265625 0.0847320556640625
-0.0671920776367188 -0.0341300964355469 -0.140213012695312 0.0799484252929687
-0.0697708129882813 -0.0931243896484375 -0.195159912109375 0.0569305419921875
0.0474395751953125 -0.159454345703125 -0.216690063476562 -0.0319366455078125
0.1473388671875 -0.153701782226563 -0.263595581054688 -0.024749755859375
0.254959106445313 -0.111083984375 -0.282684326171875 -0.00433349609374996
0.297698974609375 -0.0718994140625 -0.180740356445312 -0.162704467773438
0.1536865234375 -0.107437133789063 0.0124235153198242 0.0138645172119141
0.0623779296875 -0.159500122070312 0.156692504882813 -0.121185302734375
-0.0237808227539062 -0.108116149902344 0.048004150390625 -0.251388549804688
-0.0643997192382813 -0.06927490234375 -0.114303588867187 -0.221023559570312
-0.0784454345703125 -0.014678955078125 -0.223831176757813 -0.086090087890625
-0.0953445434570313 0.0383758544921875 -0.20001220703125 0.05133056640625
-0.114067077636719 0.0348052978515625 -0.130767822265625 0.0660324096679687
-0.110321044921875 0.04937744140625 -0.0902175903320313 0.0869216918945313
-0.113517761230469 -0.00107574462890624 -0.0820388793945313 0.0923919677734375
-0.119041442871094 -0.0758590698242188 -0.103759765625 0.0957870483398438
-0.082855224609375 -0.162841796875 -0.172698974609375 0.0842590332031249
0.102203369140625 -0.222213745117188 -0.196060180664063 -0.00279235839843756
0.222412109375 -0.170440673828125 -0.223358154296875 -0.0159454345703125
0.34814453125 -0.080596923828125 -0.196060180664063 0.00189208984375001
0.365234375 -0.004791259765625 -0.0723419189453125 -0.168472290039063
0.26123046875 -0.080596923828125 0.0765762329101563 0.00957489013671874
0.16302490234375 -0.22247314453125 0.20404052734375 -0.10693359375
-0.000717163085937498 -0.2015380859375 0.1036376953125 -0.2437744140625
-0.102920532226563 -0.144927978515625 -0.0606689453125 -0.229263305664063
-0.143707275390625 -0.03533935546875 -0.17327880859375 -0.0988311767578125
-0.1539306640625 0.04876708984375 -0.151535034179688 0.02801513671875
-0.172714233398437 0.04486083984375 -0.07952880859375 0.040618896484375
-0.164779663085937 0.069976806640625 -0.0366744995117188 0.0658416748046875
-0.1630859375 0.00436401367187498 -0.022918701171875 0.0924072265625
-0.163192749023437 -0.095367431640625 -0.0529937744140625 0.106010437011719
-0.101470947265625 -0.203048706054687 -0.135665893554688 0.10784912109375
0.128219604492188 -0.263229370117188 -0.16864013671875 0.023651123046875
0.261138916015625 -0.174362182617188 -0.175323486328125 -0.0207977294921875
0.3914794921875 -0.04669189453125 -0.0896987915039062 0.00865936279296874
0.3642578125 0.06591796875 0.05621337890625 -0.148727416992188
0.316680908203125 -0.0201416015625 0.151885986328125 0.0155792236328125
0.24810791015625 -0.2247314453125 0.243804931640625 -0.073486328125
0.044586181640625 -0.251510620117188 0.160888671875 -0.207321166992188
-0.107513427734375 -0.201431274414063 0.00781249999999999 -0.212188720703125
-0.181884765625 -0.0592498779296875 -0.100318908691406 -0.102951049804688
-0.187728881835937 0.0485687255859375 -0.0853729248046875 -0.00060272216796875
-0.205047607421875 0.047332763671875 -0.0177955627441406 0.00969886779785157
-0.197174072265625 0.0815582275390625 0.0261688232421875 0.0364189147949219
-0.190170288085938 0.00987243652343752 0.0432052612304687 0.0824813842773437
-0.187911987304688 -0.102188110351563 0.00193023681640624 0.107933044433594
-0.106460571289062 -0.21826171875 -0.0914764404296875 0.121284484863281
0.145584106445312 -0.270263671875 -0.138351440429687 0.0427017211914062
0.276138305664063 -0.150588989257813 -0.125450134277344 -0.034881591796875
0.381988525390625 -0.001556396484375 0.0203285217285156 0.0160675048828125
0.29443359375 0.11993408203125 0.17889404296875 -0.1102294921875
0.3016357421875 0.04986572265625 0.22216796875 0.0294952392578125
0.28619384765625 -0.16912841796875 0.262466430664063 -0.030548095703125
0.088104248046875 -0.2423095703125 0.199234008789063 -0.149581909179688
-0.08416748046875 -0.218124389648438 0.0710601806640625 -0.169998168945313
-0.184738159179688 -0.07501220703125 -0.0194015502929688 -0.0947494506835938
-0.191024780273438 0.0410919189453125 -0.0117073059082031 -0.0304584503173828
-0.206588745117187 0.043914794921875 0.0438766479492187 -0.0227813720703125
-0.202117919921875 0.08087158203125 0.0888519287109375 0.00331878662109375
-0.194198608398438 0.0107574462890625 0.107330322265625 0.0680618286132813
-0.188796997070312 -0.103973388671875 0.0535736083984375 0.106788635253906
-0.0928955078125 -0.21588134765625 -0.0477218627929688 0.129554748535156
0.162353515625 -0.24383544921875 -0.109588623046875 0.0573883056640625
0.271499633789063 -0.099853515625 -0.0766448974609375 -0.0495758056640625
0.327178955078125 0.05291748046875 0.120704650878906 0.0299911499023438
0.171112060546875 0.148330688476563 0.270843505859375 -0.0630950927734375
0.221282958984375 0.103897094726563 0.272445678710938 0.0435791015625
0.2569580078125 -0.0836029052734375 0.257080078125 0.00994873046874999
0.107162475585938 -0.182357788085937 0.214157104492187 -0.08880615234375
-0.048828125 -0.187149047851563 0.117164611816406 -0.11871337890625
-0.154296875 -0.07342529296875 0.0528182983398437 -0.0810394287109375
-0.163070678710938 0.0291748046875 0.0565452575683594 -0.0573463439941406
-0.1773681640625 0.03375244140625 0.0984039306640625 -0.0533523559570313
-0.18109130859375 0.066925048828125 0.146560668945313 -0.0266265869140625
-0.17437744140625 0.00608825683593752 0.16461181640625 0.055419921875
-0.166656494140625 -0.100433349609375 0.0990219116210937 0.111480712890625
-0.065216064453125 -0.19586181640625 -0.010498046875 0.139335632324219
0.169723510742188 -0.19305419921875 -0.0872726440429687 0.0724945068359375
0.245574951171875 -0.0324859619140625 -0.0318832397460937 -0.0533981323242188
0.23272705078125 0.106674194335937 0.199005126953125 0.0582122802734375
0.0184783935546875 0.146713256835938 0.31536865234375 -0.026458740234375
0.10076904296875 0.128829956054688 0.2930908203125 0.046722412109375
0.170623779296875 0.001495361328125 0.23870849609375 0.033050537109375
0.091583251953125 -0.092620849609375 0.212615966796875 -0.0453948974609375
-0.0124893188476562 -0.118888854980469 0.142105102539063 -0.078704833984375
-0.09808349609375 -0.0548553466796875 0.102645874023437 -0.0716705322265625
-0.108871459960938 0.0144271850585937 0.10540771484375 -0.0794830322265625
-0.122482299804688 0.019195556640625 0.137474060058594 -0.076171875
-0.135246276855469 0.0428314208984375 0.190261840820313 -0.049530029296875
-0.133621215820313 -0.00132751464843753 0.210556030273438 0.0489654541015625
-0.124290466308594 -0.0860824584960938 0.135856628417969 0.122512817382813
-0.0330657958984375 -0.154541015625 0.0171661376953125 0.155319213867188
0.156280517578125 -0.122390747070313 -0.076934814453125 0.0909194946289063
0.188858032226563 0.03582763671875 0.000888824462890637 -0.0440025329589844
0.107437133789063 0.144256591796875 0.246505737304688 0.099578857421875
0.0273818969726563 -0.137855529785156 -0.280044555664063 -0.0649871826171875
-0.0957794189453125 -0.0523223876953125 -0.0287704467773438 0.0425643920898437
-0.082611083984375 0.0492477416992188 0.0814971923828125 -0.110527038574219
0.00618743896484375 0.0872039794921875 -0.0327606201171875 -0.207962036132813
0.0670242309570313 0.0495872497558594 -0.161056518554688 -0.153305053710938
0.07073974609375 -0.0137252807617188 -0.24468994140625 -0.0357208251953125
0.0422439575195313 -0.0174293518066406 -0.213455200195312 0.0896453857421875
0.037994384765625 -0.00265121459960937 -0.156478881835938 0.106338500976563
0.0382461547851563 0.000408172607421875 -0.11834716796875 0.110549926757813
0.021331787109375 0.0170078277587891 -0.129043579101563 0.0895004272460938
-0.0166873931884766 0.0311183929443359 -0.148513793945312 0.08892822265625
-0.07379150390625 0.00968170166015626 -0.197189331054687 0.0624847412109375
-0.0527572631835938 -0.0869979858398438 -0.239608764648438 -0.030670166015625
0.019775390625 -0.144195556640625 -0.291168212890625 -0.0113830566406249
0.1009521484375 -0.152023315429688 -0.3250732421875 0.029327392578125
0.164962768554688 -0.13433837890625 -0.258575439453125 -0.104736328125
0.0151748657226562 -0.0995635986328125 -0.0194473266601562 0.0287914276123047
-0.0318107604980469 -0.056732177734375 0.103729248046875 -0.127670288085938
-0.0198993682861328 -0.000522613525390623 -0.017822265625 -0.235214233398437
-0.00187563896179199 0.00119686126708984 -0.162384033203125 -0.180557250976563
-0.00165557861328125 -0.00650548934936524 -0.250839233398438 -0.0450592041015625
-0.0237445831298828 0.0173206329345703 -0.2139892578125 0.0896148681640625
-0.0381851196289063 0.023101806640625 -0.150421142578125 0.10101318359375
-0.0361862182617188 0.0283851623535156 -0.111625671386719 0.110702514648438
-0.0487556457519531 0.00553512573242188 -0.113044738769531 0.097900390625
-0.0687599182128906 -0.0286178588867188 -0.131538391113281 0.09637451171875
-0.0760498046875 -0.0833282470703125 -0.187850952148438 0.0788116455078125
0.031158447265625 -0.160797119140625 -0.220504760742188 -0.011383056640625
0.127532958984375 -0.1650390625 -0.262680053710938 0.00028991699218754
0.236770629882813 -0.135910034179688 -0.2755126953125 0.0231018066406251
0.283782958984375 -0.0997314453125 -0.194168090820312 -0.137786865234375
0.139205932617188 -0.120796203613281 0.0171642303466797 0.0152692794799805
0.044097900390625 -0.1612548828125 0.143417358398438 -0.13494873046875
-0.0316925048828125 -0.102676391601563 0.0208282470703125 -0.255020141601562
-0.0684432983398437 -0.0626068115234375 -0.136322021484375 -0.208084106445313
-0.07843017578125 -0.0088348388671875 -0.231353759765625 -0.0624237060546875
-0.0904998779296875 0.0456771850585937 -0.19134521484375 0.07281494140625
-0.109603881835938 0.046630859375 -0.1214599609375 0.0811996459960937
-0.103813171386719 0.059112548828125 -0.0788497924804687 0.0971908569335938
-0.111640930175781 0.00732421874999999 -0.0703201293945313 0.101799011230469
-0.123222351074219 -0.0644912719726563 -0.0932846069335938 0.108901977539063
-0.0963287353515625 -0.151046752929688 -0.1632080078125 0.104888916015625
0.07781982421875 -0.22869873046875 -0.196929931640625 0.0162506103515625
0.2003173828125 -0.188796997070313 -0.222549438476563 0.00541687011718747
0.33233642578125 -0.115966796875 -0.190353393554688 0.0207977294921875
0.356842041015625 -0.04150390625 -0.088409423828125 -0.154266357421875
0.248123168945313 -0.105300903320313 0.07916259765625 0.00582885742187499
0.135955810546875 -0.23504638671875 0.191802978515625 -0.125701904296875
-0.0190887451171875 -0.196487426757812 0.076995849609375 -0.25341796875
-0.114906311035156 -0.132316589355469 -0.0843963623046875 -0.222488403320313
-0.144775390625 -0.02166748046875 -0.182373046875 -0.0794677734375
-0.145721435546875 0.0628662109375 -0.145767211914063 0.0452728271484375
-0.165725708007813 0.063262939453125 -0.0741653442382813 0.0504608154296875
-0.154739379882812 0.085540771484375 -0.0284500122070313 0.0703659057617188
-0.158721923828125 0.0191650390625 -0.011474609375 0.095245361328125
-0.169082641601562 -0.0787811279296875 -0.0420913696289063 0.113807678222656
-0.119293212890625 -0.188705444335938 -0.124107360839844 0.125343322753906
0.098724365234375 -0.272628784179688 -0.168548583984375 0.040435791015625
0.239242553710937 -0.197494506835938 -0.176620483398437 -0.00338745117187503
0.378631591796875 -0.086944580078125 -0.0859375 0.017059326171875
0.364013671875 0.029266357421875 0.038665771484375 -0.147186279296875
0.3096923828125 -0.0523681640625 0.153289794921875 0.0047760009765625
0.220321655273438 -0.247406005859375 0.234085083007813 -0.0963592529296875
0.019287109375 -0.25054931640625 0.137710571289063 -0.223037719726563
-0.126190185546875 -0.1875 -0.0153045654296875 -0.211837768554688
-0.184432983398438 -0.0404510498046875 -0.109848022460938 -0.0909957885742188
-0.1785888671875 0.0665283203125 -0.0835800170898438 0.00983428955078123
-0.197113037109375 0.070037841796875 -0.0173397064208984 0.0129184722900391
-0.184600830078125 0.101165771484375 0.0298919677734375 0.0344047546386719
-0.184585571289063 0.02801513671875 0.0525894165039062 0.0780029296875
-0.19427490234375 -0.081512451171875 0.0121383666992187 0.11053466796875
-0.126571655273438 -0.202911376953125 -0.07916259765625 0.134864807128906
0.113739013671875 -0.28155517578125 -0.1365966796875 0.0568695068359375
0.25640869140625 -0.177032470703125 -0.129219055175781 -0.021942138671875
0.374664306640625 -0.04150390625 0.0221710205078125 0.0129661560058594
0.3031005859375 0.08978271484375 0.16278076171875 -0.121658325195313
0.3031005859375 0.017364501953125 0.223175048828125 0.0112762451171875
0.26324462890625 -0.197128295898438 0.256729125976563 -0.0553741455078125
0.0633392333984375 -0.247390747070312 0.181198120117188 -0.169204711914063
-0.106033325195313 -0.205459594726563 0.0524444580078125 -0.176544189453125
-0.189254760742188 -0.05401611328125 -0.02880859375 -0.091766357421875
-0.182403564453125 0.060638427734375 -0.0139560699462891 -0.0271377563476562
-0.199050903320313 0.066864013671875 0.0401382446289062 -0.0261421203613281
-0.189071655273438 0.102005004882812 0.08807373046875 -0.00547790527343749
-0.188125610351563 0.0304107666015625 0.114356994628906 0.0563201904296875
-0.195266723632812 -0.081298828125 0.0640716552734375 0.104248046875
-0.114044189453125 -0.201324462890625 -0.0350112915039063 0.137802124023438
0.132080078125 -0.257980346679688 -0.106277465820312 0.0684814453125
0.257339477539063 -0.127182006835938 -0.0835342407226562 -0.0409622192382813
0.32623291015625 0.01727294921875 0.121177673339844 0.016632080078125
0.184707641601563 0.129638671875 0.257049560546875 -0.08502197265625
0.230316162109375 0.078704833984375 0.273178100585938 0.0196990966796875
0.243637084960938 -0.111862182617187 0.256088256835938 -0.0151214599609375
0.0861358642578125 -0.191253662109375 0.202728271484375 -0.110824584960938
-0.0690460205078125 -0.179229736328125 0.103286743164063 -0.130783081054688
-0.159423828125 -0.05560302734375 0.0440292358398437 -0.0864639282226563
-0.155426025390625 0.0465545654296875 0.0499114990234375 -0.0612983703613281
-0.171310424804687 0.0546112060546875 0.0904769897460937 -0.0621871948242188
-0.1695556640625 0.0868988037109375 0.140960693359375 -0.0418853759765625
-0.169601440429688 0.02532958984375 0.169692993164063 0.03753662109375
-0.17352294921875 -0.080047607421875 0.109275817871094 0.103492736816406
-0.085540771484375 -0.184326171875 0.00209045410156248 0.142715454101563
0.143798828125 -0.20947265625 -0.082061767578125 0.081024169921875
0.239044189453125 -0.059661865234375 -0.0408210754394531 -0.0491142272949219
0.240615844726563 0.0791473388671875 0.201095581054688 0.036102294921875
0.03472900390625 0.143600463867188 0.304901123046875 -0.05389404296875
0.113754272460938 0.115638732910156 0.29254150390625 0.021087646484375
0.167755126953125 -0.0198516845703125 0.240890502929688 0.0099945068359375
0.0802536010742188 -0.102043151855469 0.205413818359375 -0.068511962890625
-0.0269088745117188 -0.115226745605469 0.132583618164062 -0.093536376953125
-0.102935791015625 -0.0421295166015625 0.0948410034179688 -0.0825881958007813
-0.103950500488281 0.0279769897460937 0.0950241088867188 -0.0891876220703125
-0.1180419921875 0.0347366333007813 0.125358581542969 -0.0895156860351563
-0.126564025878906 0.059295654296875 0.18182373046875 -0.0702362060546875
-0.130294799804688 0.0144729614257812 0.213912963867188 0.025360107421875
-0.131050109863281 -0.0698623657226563 0.1463623046875 0.109817504882813
-0.0505523681640625 -0.14703369140625 0.031890869140625 0.15472412109375
0.138290405273437 -0.139259338378906 -0.0690155029296875 0.098419189453125
0.190155029296875 0.01275634765625 -0.00780868530273437 -0.0435829162597656
0.121162414550781 0.129928588867188 0.251205444335938 0.072174072265625
0.0121612548828125 -0.133689880371094 -0.272842407226563 -0.033447265625
-0.097442626953125 -0.0376663208007813 -0.0205650329589844 0.0438423156738281
-0.0725555419921875 0.0572357177734375 0.0701904296875 -0.114799499511719
0.017486572265625 0.0809326171875 -0.051177978515625 -0.198028564453125
0.0701980590820313 0.0381813049316406 -0.170578002929688 -0.133209228515625
0.0642471313476563 -0.0221099853515625 -0.239852905273437 -0.0102844238281251
0.0367546081542969 -0.0218124389648438 -0.19610595703125 0.1082763671875
0.0349464416503906 -0.00702095031738281 -0.13836669921875 0.118324279785156
0.0352401733398438 -0.00530624389648438 -0.100898742675781 0.117401123046875
0.0206737518310547 0.011199951171875 -0.115249633789063 0.0996246337890625
-0.0121192932128906 0.0300273895263672 -0.134231567382813 0.101692199707031
-0.0671424865722656 0.0178871154785156 -0.183319091796875 0.079620361328125
-0.0583572387695312 -0.0768203735351563 -0.234512329101562 -0.00830078125000004
0.00283813476562501 -0.138679504394531 -0.279449462890625 0.0140838623046874
0.07904052734375 -0.15399169921875 -0.303924560546875 0.0569152832031249
0.143707275390625 -0.143417358398438 -0.256057739257813 -0.0731964111328125
0.0038909912109375 -0.0943679809570312 -0.0122699737548828 0.0305671691894531
-0.0355033874511719 -0.0488204956054688 0.089630126953125 -0.132652282714844
-0.0154552459716797 0.000727653503417968 -0.0395660400390625 -0.225845336914063
-6.58631324768067E-05 -0.000546485185623169 -0.174041748046875 -0.15997314453125
-0.00331735610961914 -0.00870227813720703 -0.24603271484375 -0.0183563232421875
-0.0223197937011719 0.0173625946044922 -0.195999145507812 0.107513427734375
-0.0354232788085938 0.025177001953125 -0.133262634277344 0.113739013671875
-0.0332221984863281 0.0291366577148438 -0.094085693359375 0.11810302734375
-0.0467987060546875 0.00705718994140624 -0.099029541015625 0.106346130371094
-0.0677108764648437 -0.022918701171875 -0.117317199707031 0.107894897460937
-0.078125 -0.0714492797851563 -0.172836303710937 0.0955963134765625
0.0145416259765625 -0.155929565429688 -0.214706420898438 0.00898742675781249
0.105209350585938 -0.168914794921875 -0.251922607421875 0.0232696533203125
0.210617065429688 -0.152420043945313 -0.257980346679688 0.0464324951171875
0.26025390625 -0.1224365234375 -0.197341918945312 -0.110519409179688
0.120651245117188 -0.127456665039063 0.0220203399658203 0.0152454376220703
0.0258941650390625 -0.156494140625 0.127059936523438 -0.143310546875
-0.0369720458984375 -0.0947418212890625 -0.00460815429687499 -0.248458862304688
-0.0702133178710937 -0.0544967651367188 -0.151962280273438 -0.1883544921875
-0.0759658813476563 -0.00342559814453126 -0.228683471679687 -0.0361175537109375
-0.0828704833984375 0.0513687133789063 -0.17498779296875 0.09027099609375
-0.101417541503906 0.05523681640625 -0.107475280761719 0.0918655395507813
-0.09429931640625 0.064910888671875 -0.06414794921875 0.102119445800781
-0.106651306152344 0.0153961181640625 -0.0568313598632813 0.105903625488281
-0.123542785644531 -0.0518646240234375 -0.0792160034179688 0.117225646972656
-0.104812622070313 -0.135017395019531 -0.146499633789063 0.120391845703125
0.0528106689453125 -0.22613525390625 -0.191360473632813 0.0336151123046875
0.173187255859375 -0.19818115234375 -0.213607788085938 0.024627685546875
0.303802490234375 -0.142486572265625 -0.1778564453125 0.036407470703125
0.33709716796875 -0.073699951171875 -0.0990753173828125 -0.135139465332031
0.226455688476563 -0.123916625976563 0.0797500610351563 0.00159454345703124
0.10601806640625 -0.236282348632813 0.173995971679687 -0.138107299804688
-0.0343475341796875 -0.185577392578125 0.0490264892578125 -0.251785278320313
-0.121574401855469 -0.115951538085938 -0.103500366210937 -0.20703125
-0.140052795410156 -0.00835418701171875 -0.183273315429688 -0.058868408203125
-0.133255004882813 0.0727157592773438 -0.133552551269531 0.0588226318359375
-0.152679443359375 0.07781982421875 -0.0657806396484375 0.0579147338867188
-0.140037536621094 0.0959625244140625 -0.0192184448242188 0.0716552734375
-0.149993896484375 0.031036376953125 -0.000373840332031262 0.0935516357421875
-0.168350219726563 -0.0607452392578125 -0.0292739868164063 0.11749267578125
-0.131362915039063 -0.168548583984375 -0.106971740722656 0.137672424316406
0.06695556640625 -0.270263671875 -0.16156005859375 0.0554656982421875
0.209335327148438 -0.211196899414063 -0.171417236328125 0.0126953125
0.350982666015625 -0.120147705078125 -0.0792617797851562 0.02313232421875
0.351715087890625 -0.00665283203125 0.0223236083984375 -0.140640258789063
0.29144287109375 -0.07952880859375 0.14996337890625 -0.00601196289062501
0.185134887695313 -0.257766723632813 0.217422485351563 -0.11328125
-0.00384521484375001 -0.241836547851563 0.1097412109375 -0.228805541992188
-0.139083862304688 -0.167144775390625 -0.0365142822265625 -0.203659057617188
-0.180328369140625 -0.021881103515625 -0.114776611328125 -0.0767898559570312
-0.163482666015625 0.080474853515625 -0.0771636962890625 0.0186767578125
-0.18170166015625 0.0879364013671875 -0.0155105590820313 0.0160531997680664
-0.16552734375 0.114959716796875 0.0328044891357422 0.0312995910644531
-0.173171997070313 0.0431365966796875 0.0594406127929687 0.0704116821289063
-0.1925048828125 -0.06005859375 0.0227203369140625 0.109275817871094
-0.1400146484375 -0.181304931640625 -0.0633087158203125 0.142349243164063
0.0803375244140625 -0.280120849609375 -0.129280090332031 0.0685501098632812
0.227874755859375 -0.193832397460938 -0.128715515136719 -0.00887298583984378
0.352569580078125 -0.0765380859375 0.0227756500244141 0.00946998596191406
0.299163818359375 0.05755615234375 0.142623901367188 -0.127426147460938
0.291839599609375 -0.012115478515625 0.216873168945313 -0.0061798095703125
0.231170654296875 -0.215576171875 0.242691040039062 -0.076202392578125
0.0370330810546875 -0.242706298828125 0.15740966796875 -0.181732177734375
-0.122177124023438 -0.186294555664062 0.032318115234375 -0.17633056640625
-0.186386108398438 -0.0330810546875 -0.0365524291992188 -0.0856857299804688
-0.167037963867188 0.0751800537109375 -0.0146942138671875 -0.0236377716064453
-0.18316650390625 0.0858154296875 0.0351486206054687 -0.0277633666992187
-0.169540405273438 0.116714477539063 0.0846099853515625 -0.0130615234375
-0.175445556640625 0.04718017578125 0.116653442382813 0.0428085327148438
-0.193161010742188 -0.0588226318359375 0.0714035034179687 0.0979690551757813
-0.127975463867188 -0.180694580078125 -0.0207061767578125 0.140945434570313
0.0990753173828125 -0.260543823242188 -0.0987548828125 0.0770950317382812
0.233322143554688 -0.146865844726562 -0.0874252319335938 -0.0304946899414062
0.312835693359375 -0.016143798828125 0.116714477539063 0.0040435791015625
0.191268920898438 0.107650756835938 0.236236572265625 -0.101669311523438
0.2301025390625 0.0527496337890625 0.26385498046875 -0.0023345947265625
0.221282958984375 -0.133041381835938 0.246139526367188 -0.0374908447265625
0.063720703125 -0.192520141601563 0.183120727539063 -0.127410888671875
-0.0852813720703125 -0.164169311523437 0.0859603881835937 -0.13671875
-0.157669067382813 -0.0360870361328125 0.0345840454101562 -0.0881195068359375
-0.142333984375 0.06060791015625 0.0422630310058594 -0.0630340576171875
-0.157440185546875 0.0715484619140625 0.078948974609375 -0.067535400390625
-0.151412963867188 0.101409912109375 0.130844116210938 -0.0538558959960937
-0.158065795898437 0.0409698486328125 0.167617797851562 0.018890380859375
-0.1728515625 -0.057373046875 0.115020751953125 0.0921401977539063
-0.100433349609375 -0.166656494140625 0.015594482421875 0.141159057617188
0.114715576171875 -0.216049194335937 -0.07354736328125 0.08636474609375
0.222198486328125 -0.0814971923828125 -0.0475120544433594 -0.04241943359375
0.236907958984375 0.052154541015625 0.194000244140625 0.01519775390625
0.0491714477539063 0.134895324707031 0.2847900390625 -0.075836181640625
0.122039794921875 0.0984420776367188 0.28289794921875 -0.00396728515624999
0.157562255859375 -0.0390167236328125 0.234222412109375 -0.01251220703125
0.0659408569335938 -0.106712341308594 0.191314697265625 -0.0865325927734375
-0.0386199951171875 -0.107208251953125 0.118202209472656 -0.104141235351563
-0.10296630859375 -0.0286407470703125 0.0830764770507812 -0.0896682739257812
-0.0946731567382813 0.0379791259765625 0.0821914672851563 -0.0944366455078125
-0.108375549316406 0.0473480224609375 0.109710693359375 -0.0977096557617188
-0.113121032714844 0.0717391967773437 0.166412353515625 -0.085693359375
-0.122024536132812 0.0277862548828125 0.20770263671875 0.0023193359375
-0.131919860839844 -0.0514144897460938 0.151046752929687 0.0942230224609375
-0.0640335083007812 -0.134498596191406 0.04486083984375 0.148529052734375
0.115768432617188 -0.1484375 -0.0589828491210938 0.101943969726562
0.18292236328125 -0.0092010498046875 -0.0157432556152344 -0.0397186279296875
0.128990173339844 0.112876892089844 0.245590209960938 0.044708251953125
0.000572204589843754 -0.125862121582031 -0.2589111328125 -0.011016845703125
-0.0945358276367188 -0.0260772705078125 -0.0133895874023438 0.0427703857421875
-0.0623970031738281 0.0614280700683594 0.0601348876953125 -0.114936828613281
0.0248489379882812 0.0731658935546875 -0.0625 -0.185699462890625
0.0693893432617188 0.0278854370117188 -0.171783447265625 -0.115509033203125
0.0571517944335937 -0.0270957946777344 -0.228378295898438 0.00827026367187501
0.0312137603759766 -0.02392578125 -0.1767578125 0.118087768554688
0.0311336517333984 -0.00999641418457031 -0.1197509765625 0.123313903808594
0.0303573608398438 -0.008819580078125 -0.0848007202148438 0.118011474609375
0.0189285278320313 0.00684356689453125 -0.101692199707031 0.103912353515625
-0.00844955444335938 0.0272369384765625 -0.119148254394531 0.108375549316406
-0.0592155456542969 0.0224418640136719 -0.168319702148438 0.0892486572265625
-0.0599899291992187 -0.0669593811035156 -0.224472045898438 0.00717163085937499
-0.00933837890624999 -0.129478454589844 -0.262741088867188 0.030426025390625
0.0611724853515625 -0.149307250976562 -0.279312133789063 0.071258544921875
0.123733520507813 -0.14471435546875 -0.245407104492188 -0.049072265625
-0.00326538085937499 -0.08642578125 -0.00605201721191406 0.0306339263916016
-0.0355758666992188 -0.0414009094238281 0.0769882202148437 -0.132797241210937
-0.0117073059082031 0.000710487365722658 -0.0538177490234375 -0.211990356445313
0.000686168670654297 -0.00259566307067871 -0.177383422851563 -0.139739990234375
-0.00515174865722656 -0.00982666015625 -0.235397338867187 0.00114440917968752
-0.0215015411376953 0.0166969299316406 -0.17626953125 0.1170654296875
-0.0321235656738281 0.0262393951416016 -0.1156005859375 0.118797302246094
-0.0306529998779297 0.0284137725830078 -0.0780181884765625 0.118362426757812
-0.04541015625 0.00754547119140626 -0.0853652954101563 0.109275817871094
-0.06500244140625 -0.0186004638671875 -0.10321044921875 0.113563537597656
-0.0762481689453125 -0.0611953735351563 -0.157272338867188 0.104934692382813
0.00326538085937501 -0.147293090820313 -0.205245971679688 0.022125244140625
0.0858001708984375 -0.164962768554688 -0.236648559570313 0.0377655029296875
0.184768676757813 -0.157318115234375 -0.2369384765625 0.05889892578125
0.234664916992188 -0.132797241210938 -0.192794799804688 -0.0875396728515625
0.103431701660156 -0.126495361328125 0.0260086059570313 0.0143165588378906
0.0137939453125 -0.147323608398438 0.111846923828125 -0.144607543945312
-0.03936767578125 -0.0868301391601562 -0.0223846435546875 -0.236297607421875
-0.0685844421386719 -0.04754638671875 -0.15899658203125 -0.16815185546875
-0.0725021362304687 0.000564575195312484 -0.219940185546875 -0.01751708984375
-0.0750503540039063 0.0527114868164062 -0.157623291015625 0.0988311767578125
-0.0923843383789063 0.0599288940429688 -0.0935897827148438 0.0968475341796875
-0.08502197265625 0.0671234130859375 -0.0512237548828125 0.102226257324219
-0.100784301757813 0.019561767578125 -0.0450897216796875 0.105766296386719
-0.119979858398438 -0.0425186157226562 -0.066314697265625 0.120353698730469
-0.106788635253906 -0.119911193847656 -0.129859924316406 0.127593994140625
0.0337371826171875 -0.21697998046875 -0.182205200195313 0.045684814453125
0.148529052734375 -0.198379516601563 -0.2010498046875 0.03729248046875
0.274658203125 -0.15625 -0.16339111328125 0.0450592041015625
0.3116455078125 -0.092315673828125 -0.101974487304688 -0.116668701171875
0.204254150390625 -0.1318359375 0.0795440673828125 -0.00184631347656251
0.0822296142578125 -0.22930908203125 0.156509399414063 -0.142776489257813
-0.0434722900390625 -0.172637939453125 0.0277099609375 -0.243118286132813
-0.122169494628906 -0.100914001464844 -0.114990234375 -0.189498901367187
-0.132720947265625 0.000236511230468731 -0.178131103515625 -0.0414886474609375
-0.120086669921875 0.0772552490234375 -0.12066650390625 0.0663681030273438
-0.138847351074219 0.0855865478515625 -0.0569648742675781 0.0608863830566406
-0.125015258789063 0.100326538085937 -0.01092529296875 0.0701065063476563
-0.139076232910156 0.0381546020507813 0.00767517089843748 0.0893325805664063
-0.162841796875 -0.0463714599609375 -0.0184249877929688 0.117599487304688
-0.134506225585938 -0.149871826171875 -0.090606689453125 0.142410278320313
0.0434112548828125 -0.259124755859375 -0.152374267578125 0.0643768310546875
0.181640625 -0.21319580078125 -0.162750244140625 0.02392578125
0.3206787109375 -0.13800048828125 -0.0721435546875 0.0254364013671875
0.330810546875 -0.031219482421875 0.0113677978515625 -0.130104064941406
0.268966674804688 -0.0960693359375 0.14453125 -0.0131378173828125
0.15533447265625 -0.255996704101563 0.198974609375 -0.122222900390625
-0.0192718505859375 -0.227645874023437 0.0867156982421875 -0.2249755859375
-0.142578125 -0.147613525390625 -0.050567626953125 -0.192108154296875
-0.17144775390625 -0.00914001464843753 -0.114410400390625 -0.0639801025390625
-0.147384643554687 0.086181640625 -0.0699539184570313 0.0240631103515625
-0.164398193359375 0.097900390625 -0.0130043029785156 0.0177574157714844
-0.147048950195313 0.120559692382812 0.0343666076660156 0.0283737182617188
-0.159469604492188 0.052001953125 0.06298828125 0.0625534057617188
-0.184890747070312 -0.043212890625 0.0301284790039062 0.105522155761719
-0.144088745117188 -0.160736083984375 -0.0482635498046875 0.1444091796875
0.0543670654296875 -0.270660400390625 -0.120933532714844 0.075408935546875
0.200286865234375 -0.198104858398437 -0.124900817871094 0.000869750976562491
0.325653076171875 -0.098175048828125 0.0224323272705078 0.00647544860839843
0.2869873046875 0.03375244140625 0.1251220703125 -0.125907897949219
0.275283813476563 -0.0326385498046875 0.206527709960938 -0.0175323486328125
0.201309204101563 -0.221099853515625 0.225494384765625 -0.08837890625
0.0182342529296875 -0.232666015625 0.13507080078125 -0.183868408203125
-0.129684448242188 -0.166366577148437 0.0166015625 -0.170639038085938
-0.177642822265625 -0.01837158203125 -0.0410842895507813 -0.0785751342773437
-0.15081787109375 0.08233642578125 -0.0141716003417969 -0.0208892822265625
-0.165313720703125 0.0964508056640625 0.0308361053466797 -0.0275058746337891
-0.149124145507812 0.123687744140625 0.079620361328125 -0.0178680419921875
-0.1612548828125 0.0564727783203125 0.114509582519531 0.032196044921875
-0.185592651367188 -0.0412139892578125 0.0759811401367187 0.0913238525390625
-0.133544921875 -0.160049438476562 -0.00812530517578127 0.1397705078125
0.072601318359375 -0.2529296875 -0.091278076171875 0.0811920166015625
0.208786010742187 -0.156463623046875 -0.08770751953125 -0.0217819213867187
0.29241943359375 -0.0377197265625 0.109542846679688 -0.00524139404296875
0.1903076171875 0.088226318359375 0.21441650390625 -0.108047485351563
0.221099853515625 0.0326385498046875 0.250534057617188 -0.016448974609375
0.197250366210937 -0.143844604492187 0.231826782226563 -0.05218505859375
0.0462646484375 -0.187789916992187 0.164199829101563 -0.134262084960938
-0.093353271484375 -0.14825439453125 0.0709915161132812 -0.137153625488281
-0.151687622070313 -0.0214385986328125 0.0258331298828125 -0.0863113403320313
-0.12774658203125 0.067291259765625 0.0361366271972656 -0.062286376953125
-0.1416015625 0.081756591796875 0.0690841674804687 -0.0685768127441406
-0.132583618164063 0.108314514160156 0.119674682617187 -0.060028076171875
-0.144424438476563 0.0503387451171875 0.160629272460938 0.0055084228515625
-0.166091918945313 -0.0406494140625 0.116363525390625 0.0819778442382812
-0.107086181640625 -0.148208618164063 0.0255813598632812 0.136749267578125
0.08966064453125 -0.212295532226563 -0.0658721923828125 0.088348388671875
0.202728271484375 -0.094635009765625 -0.0512161254882812 -0.03564453125
0.226882934570313 0.03204345703125 0.183135986328125 0.000259399414062502
0.0588455200195313 0.124099731445313 0.261459350585938 -0.0875091552734375
0.123611450195313 0.0825119018554688 0.267242431640625 -0.0201568603515625
0.143280029296875 -0.050750732421875 0.2225341796875 -0.0276641845703125
0.0527725219726563 -0.1063232421875 0.175460815429688 -0.09637451171875
-0.0461883544921875 -0.0972137451171875 0.104316711425781 -0.10833740234375
-0.0988082885742188 -0.0167617797851563 0.0716934204101563 -0.0925521850585938
-0.0839385986328125 0.0435562133789062 0.0708160400390625 -0.0952911376953125
-0.0964431762695313 0.0551528930664062 0.09503173828125 -0.0995559692382813
-0.0987014770507812 0.0781784057617188 0.150314331054688 -0.0929107666015625
-0.111442565917969 0.0362548828125 0.196975708007813 -0.0135955810546875
-0.127731323242188 -0.0373001098632813 0.15087890625 0.08087158203125
-0.0708389282226563 -0.120521545410156 0.0529937744140625 0.140655517578125
0.095367431640625 -0.149581909179688 -0.0508193969726563 0.101692199707031
0.170852661132813 -0.0243377685546875 -0.0212936401367187 -0.0352287292480469
0.130584716796875 0.0966796875 0.233673095703125 0.024810791015625
-0.00656127929687501 -0.119110107421875 -0.244766235351563 0.00273132324218753
-0.090240478515625 -0.0174636840820313 -0.0083770751953125 0.0410003662109375
-0.0540008544921875 0.0629081726074219 0.0535964965820313 -0.113929748535156
0.0282478332519531 0.0664291381835938 -0.0688323974609375 -0.175338745117188
0.06793212890625 0.02081298828125 -0.170745849609375 -0.103164672851563
0.0507087707519531 -0.0298042297363281 -0.218582153320312 0.019439697265625
0.0262298583984375 -0.0246410369873047 -0.161361694335938 0.122634887695313
0.0281543731689453 -0.0121078491210937 -0.106285095214844 0.123970031738281
0.0265445709228516 -0.0109195709228516 -0.0741043090820312 0.11541748046875
0.0158843994140625 0.00384426116943359 -0.091705322265625 0.104621887207031
-0.00643157958984375 0.0250167846679688 -0.108078002929687 0.111503601074219
-0.0520439147949219 0.0244674682617188 -0.15582275390625 0.09393310546875
-0.059814453125 -0.05938720703125 -0.215164184570313 0.0160064697265625
-0.01690673828125 -0.120475769042969 -0.248123168945313 0.039520263671875
0.048919677734375 -0.1429443359375 -0.2593994140625 0.076507568359375
0.108779907226563 -0.1424560546875 -0.233749389648437 -0.0333709716796875
-0.0077056884765625 -0.0790863037109375 -0.000823974609375001 0.029693603515625
-0.0345535278320312 -0.0359764099121094 0.0688247680664063 -0.131401062011719
-0.00888919830322266 -0.000211715698242188 -0.0617523193359375 -0.20037841796875
0.00193119049072266 -0.00478172302246094 -0.177398681640625 -0.125595092773438
-0.00648307800292969 -0.0109052658081055 -0.22509765625 0.01287841796875
-0.0212192535400391 0.0164890289306641 -0.160720825195313 0.122222900390625
-0.0305271148681641 0.0258293151855469 -0.102058410644531 0.119842529296875
-0.0298480987548828 0.0272560119628906 -0.067108154296875 0.117057800292969
-0.0447578430175781 0.00704193115234376 -0.0756072998046875 0.109291076660156
-0.0627326965332031 -0.0168113708496094 -0.0919570922851562 0.11614990234375
-0.0728912353515625 -0.0552444458007812 -0.144378662109375 0.109588623046875
-0.00363159179687499 -0.139480590820312 -0.197433471679688 0.0298309326171875
0.072601318359375 -0.158493041992188 -0.223480224609375 0.044891357421875
0.166397094726563 -0.156661987304688 -0.22088623046875 0.0626373291015625
0.215499877929688 -0.136932373046875 -0.184890747070312 -0.0719451904296875
0.092132568359375 -0.123519897460937 0.0294246673583984 0.0130748748779297
0.00634002685546875 -0.138671875 0.101486206054688 -0.143539428710938
-0.0388641357421875 -0.08154296875 -0.0334625244140625 -0.224334716796875
-0.0663948059082031 -0.0432586669921875 -0.161819458007813 -0.153778076171875
-0.0692214965820313 0.00166320800781251 -0.210845947265625 -0.00502014160156253
-0.0696296691894531 0.0527076721191406 -0.143814086914063 0.102951049804688
-0.0855560302734375 0.061279296875 -0.0827255249023438 0.0980377197265625
-0.078521728515625 0.0669403076171875 -0.0422286987304688 0.100387573242187
-0.0957794189453125 0.021209716796875 -0.0368423461914063 0.103683471679688
-0.116424560546875 -0.0365524291992187 -0.0567092895507813 0.120933532714844
-0.104896545410156 -0.108627319335938 -0.116981506347656 0.130859375
0.0214996337890625 -0.2069091796875 -0.174407958984375 0.0517425537109375
0.130538940429688 -0.193283081054688 -0.190841674804688 0.0437164306640625
0.250930786132812 -0.160003662109375 -0.151168823242187 0.04705810546875
0.28985595703125 -0.10198974609375 -0.100639343261719 -0.102928161621094
0.186981201171875 -0.133941650390625 0.079620361328125 -0.00360870361328126
0.066986083984375 -0.220626831054687 0.143890380859375 -0.143600463867188
-0.0478515625 -0.1619873046875 0.01373291015625 -0.2340087890625
-0.120185852050781 -0.0907669067382813 -0.120407104492188 -0.176223754882813
-0.126083374023438 0.00504302978515624 -0.172119140625 -0.0299835205078125
-0.110748291015625 0.0775222778320313 -0.109970092773438 0.0699539184570312
-0.127349853515625 0.0890884399414063 -0.0496330261230469 0.0626792907714844
-0.114036560058594 0.101028442382813 -0.00508880615234375 0.0683822631835938
-0.131378173828125 0.040740966796875 0.0126113891601562 0.08526611328125
-0.156646728515625 -0.037841796875 -0.0109100341796875 0.116058349609375
-0.133705139160156 -0.136314392089844 -0.0784454345703125 0.1441650390625
0.0285491943359375 -0.248428344726563 -0.145675659179688 0.0697479248046875
0.162109375 -0.209243774414063 -0.15533447265625 0.02984619140625
0.296173095703125 -0.145721435546875 -0.0664329528808593 0.0257682800292969
0.31268310546875 -0.0452880859375 0.00588226318359378 -0.120231628417969
0.250503540039063 -0.103591918945313 0.140396118164063 -0.0166778564453125
0.133560180664062 -0.250961303710938 0.185531616210937 -0.124618530273438
-0.02813720703125 -0.215408325195313 0.0706787109375 -0.219161987304688
-0.142593383789063 -0.13330078125 -0.0595245361328125 -0.18145751953125
-0.162948608398438 -0.000518798828124993 -0.112312316894531 -0.055206298828125
-0.135726928710937 0.0878372192382813 -0.0639381408691406 0.0266838073730469
-0.15081787109375 0.102066040039062 -0.0105571746826172 0.0191116333007813
-0.132392883300781 0.121627807617188 0.0360183715820313 0.0261764526367188
-0.148239135742187 0.0558319091796875 0.0642585754394531 0.0566024780273438
-0.177444458007813 -0.0334930419921875 0.0354461669921875 0.102981567382813
-0.143417358398438 -0.145599365234375 -0.0377349853515625 0.143814086914063
0.0373382568359375 -0.258468627929688 -0.115005493164063 0.0790328979492187
0.180313110351563 -0.197296142578125 -0.120887756347656 0.00734710693359375
0.302886962890625 -0.107757568359375 0.0213146209716797 0.00364112854003906
0.275344848632812 0.01806640625 0.113037109375 -0.121116638183594
0.260284423828125 -0.0444488525390625 0.198074340820313 -0.0230712890625
0.178726196289063 -0.220611572265625 0.212066650390625 -0.0933837890625
0.00659179687500001 -0.222244262695313 0.118972778320313 -0.181640625
-0.13189697265625 -0.151718139648438 0.00628662109375 -0.164505004882813
-0.1693115234375 -0.00885009765625002 -0.0427932739257813 -0.0730667114257812
-0.137825012207031 0.0850448608398437 -0.0135116577148438 -0.0192070007324219
-0.150802612304688 0.101669311523437 0.0285911560058594 -0.0262603759765625
-0.133506774902344 0.124862670898438 0.0757293701171875 -0.0200119018554687
-0.148452758789063 0.060821533203125 0.111778259277344 0.0246047973632813
-0.177108764648438 -0.030120849609375 0.0781784057617187 0.08648681640625
-0.133804321289062 -0.144973754882813 3.0517578125006E-05 0.137435913085938
0.0549163818359375 -0.243820190429688 -0.086029052734375 0.0834808349609375
0.19012451171875 -0.158233642578125 -0.0871963500976562 -0.0153656005859375
0.275360107421875 -0.049468994140625 0.103622436523438 -0.0105361938476563
0.186431884765625 0.0746612548828125 0.198104858398438 -0.108352661132813
0.212066650390625 0.019317626953125 0.239181518554688 -0.0243682861328125
0.178741455078125 -0.147903442382813 0.219894409179688 -0.0590667724609375
0.033966064453125 -0.180557250976563 0.149688720703125 -0.1357421875
-0.0971908569335938 -0.135238647460938 0.0600738525390625 -0.135360717773437
-0.144195556640625 -0.0123443603515625 0.0206680297851562 -0.083648681640625
-0.116813659667969 0.0704421997070312 0.032318115234375 -0.0611114501953125
-0.128578186035156 0.0859222412109375 0.0619850158691406 -0.0670967102050781
-0.118156433105469 0.110054016113281 0.110916137695312 -0.062530517578125
-0.133522033691406 0.0549468994140625 0.153533935546875 -0.003448486328125
-0.158340454101563 -0.0294647216796875 0.116134643554687 0.075592041015625
-0.108039855957031 -0.134239196777344 0.0319900512695312 0.132293701171875
0.0721282958984375 -0.205963134765625 -0.06109619140625 0.0881118774414062
0.187408447265625 -0.100845336914062 -0.0536918640136719 -0.0296745300292969
0.217254638671875 0.0197296142578125 0.172698974609375 -0.00799560546875
0.064605712890625 0.114059448242188 0.243927001953125 -0.090972900390625
0.121803283691406 0.0709304809570313 0.253875732421875 -0.0280914306640625
0.13177490234375 -0.0575408935546875 0.2122802734375 -0.0355072021484375
0.0432815551757813 -0.10418701171875 0.162796020507813 -0.100540161132812
-0.0501937866210937 -0.0887527465820313 0.0936965942382813 -0.109725952148438
-0.0942459106445313 -0.00934600830078125 0.0639572143554688 -0.09271240234375
-0.0757217407226563 0.0458602905273437 0.0628433227539063 -0.0939102172851563
-0.0870742797851563 0.0588302612304687 0.084625244140625 -0.098388671875
-0.0861587524414062 0.0800323486328125 0.138038635253906 -0.0964202880859375
-0.102836608886719 0.0408172607421875 0.18658447265625 -0.023162841796875
-0.122871398925781 -0.0272598266601562 0.148834228515625 0.0720672607421875
-0.0735397338867188 -0.109184265136719 0.0576248168945313 0.133918762207031
0.0806884765625 -0.147659301757813 -0.0452194213867187 0.100418090820312
0.16015625 -0.033843994140625 -0.0252037048339844 -0.0307960510253906
0.129302978515625 0.085174560546875 0.2213134765625 0.0130157470703125
-0.0119476318359375 -0.1136474609375 -0.235549926757813 0.012237548828125
-0.0868301391601563 -0.0104293823242187 -0.00449371337890625 0.0397300720214844
-0.0476188659667969 0.0641136169433594 0.049468994140625 -0.114013671875
0.0315437316894531 0.0615348815917969 -0.0731658935546875 -0.169021606445313
0.0670623779296875 0.0150909423828125 -0.170516967773438 -0.0945281982421875
0.0463027954101563 -0.0317916870117188 -0.2132568359375 0.0272369384765625
0.0225429534912109 -0.0247440338134766 -0.150588989257813 0.125640869140625
0.025360107421875 -0.0133171081542969 -0.0965118408203125 0.124710083007813
0.0227832794189453 -0.0120697021484375 -0.0673446655273438 0.1138916015625
0.0138063430786133 0.00225925445556641 -0.0851364135742188 0.106285095214844
-0.00533294677734375 0.0225753784179688 -0.0997238159179688 0.114334106445312
-0.046630859375 0.0252227783203125 -0.148178100585938 0.0973968505859375
-0.0593147277832031 -0.0541496276855469 -0.210800170898437 0.022125244140625
-0.0222015380859375 -0.11279296875 -0.239166259765625 0.0445098876953124
0.0411148071289063 -0.13897705078125 -0.24652099609375 0.0782928466796875
0.0982818603515625 -0.140945434570313 -0.225387573242188 -0.02276611328125
-0.0096282958984375 -0.0740737915039063 0.00341796875 0.0281505584716797
-0.03289794921875 -0.0319480895996094 0.0638580322265625 -0.131141662597656
-0.00711965560913086 -0.00181293487548828 -0.0675811767578125 -0.193435668945313
0.00227880477905273 -0.00668478012084961 -0.178909301757813 -0.116363525390625
-0.00851058959960938 -0.0120029449462891 -0.2188720703125 0.0215301513671875
-0.0217761993408203 0.0163860321044922 -0.149948120117188 0.125335693359375
-0.029937744140625 0.0260581970214844 -0.0923309326171875 0.120925903320313
-0.0299110412597656 0.0270957946777344 -0.059539794921875 0.115715026855469
-0.0449867248535156 0.00730514526367187 -0.0687942504882812 0.110305786132813
-0.0618019104003906 -0.0155296325683594 -0.0844497680664063 0.11865234375
-0.0697517395019531 -0.0514335632324219 -0.135795593261719 0.113204956054688
-0.00780487060546875 -0.134002685546875 -0.194015502929688 0.0355682373046875
0.0638275146484375 -0.15338134765625 -0.215301513671875 0.0493927001953125
0.153900146484375 -0.156173706054688 -0.209854125976563 0.064544677734375
0.201919555664063 -0.139007568359375 -0.179977416992188 -0.0610198974609375
0.0845260620117187 -0.120635986328125 0.0327377319335938 0.0118751525878906
0.00151824951171875 -0.133621215820313 0.0948333740234375 -0.144317626953125
-0.0383834838867187 -0.0788955688476563 -0.041351318359375 -0.217514038085938
-0.0647964477539063 -0.04095458984375 -0.164169311523438 -0.144287109375
-0.067626953125 0.00242996215820313 -0.205459594726563 0.00387573242187502
-0.0664443969726563 0.0525321960449219 -0.134048461914063 0.106407165527344
-0.0805740356445312 0.0630340576171875 -0.0745773315429687 0.09967041015625
-0.0751953125 0.0672454833984375 -0.0353927612304688 0.099029541015625
-0.0938949584960938 0.0222625732421875 -0.0314712524414063 0.103065490722656
-0.114288330078125 -0.0327529907226563 -0.049896240234375 0.122589111328125
-0.103286743164063 -0.10321044921875 -0.10845947265625 0.1348876953125
0.013702392578125 -0.200408935546875 -0.171127319335938 0.0566253662109375
0.119522094726563 -0.189483642578125 -0.1845703125 0.0474090576171875
0.235824584960938 -0.161666870117187 -0.143798828125 0.0473175048828125
0.275863647460938 -0.1083984375 -0.0994415283203125 -0.0935745239257813
0.175491333007813 -0.13507080078125 0.0807418823242188 -0.00540161132812501
0.05572509765625 -0.214859008789063 0.136337280273437 -0.145095825195313
-0.0498046875 -0.155746459960938 0.00422668457031249 -0.228103637695312
-0.119094848632813 -0.0840988159179688 -0.1256103515625 -0.167327880859375
-0.121810913085938 0.00772857666015627 -0.168991088867187 -0.0220947265625
-0.105133056640625 0.0784149169921875 -0.102508544921875 0.0723114013671875
-0.119819641113281 0.0914993286132813 -0.0442161560058594 0.0641975402832031
-0.10699462890625 0.101997375488281 -0.000595092773437512 0.0670242309570313
-0.125892639160156 0.0423355102539063 0.016265869140625 0.0831451416015625
-0.153518676757813 -0.0322723388671875 -0.00466918945312501 0.116920471191406
-0.132438659667969 -0.127738952636719 -0.0697021484375 0.146728515625
0.018768310546875 -0.240921020507812 -0.142486572265625 0.073822021484375
0.149627685546875 -0.206893920898438 -0.151138305664063 0.034088134765625
0.280441284179688 -0.15008544921875 -0.0628852844238281 0.0247154235839844
0.300994873046875 -0.0545654296875 0.00282287597656252 -0.113761901855469
0.238906860351563 -0.108306884765625 0.139198303222656 -0.0189285278320313
0.118881225585938 -0.246841430664063 0.17718505859375 -0.127716064453125
-0.0336151123046875 -0.208145141601563 0.060546875 -0.21539306640625
-0.142730712890625 -0.123855590820312 -0.0665130615234375 -0.174575805664063
-0.157623291015625 0.00369262695312501 -0.111686706542969 -0.0491943359375
-0.128265380859375 0.0895919799804688 -0.0594635009765625 0.0280799865722656
-0.141250610351562 0.105636596679688 -0.00813293457031251 0.0201244354248047
-0.123077392578125 0.1226806640625 0.037322998046875 0.0246047973632813
-0.1417236328125 0.05767822265625 0.0654563903808594 0.053192138671875
-0.172317504882813 -0.026641845703125 0.0396499633789062 0.101577758789062
-0.143218994140625 -0.13653564453125 -0.0297088623046875 0.145065307617188
0.025909423828125 -0.251800537109375 -0.111991882324219 0.0820159912109375
0.167251586914063 -0.19677734375 -0.119300842285156 0.0116500854492187
0.288360595703125 -0.114044189453125 0.0210704803466797 0.00114631652832031
0.2677001953125 0.007415771484375 0.106056213378906 -0.117546081542969
0.250045776367188 -0.0527191162109375 0.193679809570313 -0.0263824462890625
0.162933349609375 -0.220703125 0.204345703125 -0.097381591796875
-0.00080871582031248 -0.215682983398438 0.108840942382813 -0.181076049804687
-0.1337890625 -0.141403198242187 -0.00205993652343752 -0.1610107421875
-0.163772583007813 -0.00233459472656253 -0.0445327758789063 -0.0690574645996094
-0.129707336425781 0.086669921875 -0.0122795104980469 -0.0179805755615234
-0.140914916992187 0.105056762695313 0.0276565551757812 -0.025177001953125
-0.12298583984375 0.125968933105469 0.0739517211914062 -0.0221786499023437
-0.140579223632813 0.0629653930664062 0.110282897949219 0.0200576782226563
-0.171951293945313 -0.0229034423828125 0.0810470581054687 0.0842056274414062
-0.134254455566406 -0.135017395019531 0.00690460205078125 0.136810302734375
0.042266845703125 -0.237747192382813 -0.0833587646484375 0.0855560302734375
0.1778564453125 -0.160049438476563 -0.0879974365234375 -0.0103530883789063
0.2642822265625 -0.05780029296875 0.0989990234375 -0.0141067504882813
0.184738159179687 0.064300537109375 0.188217163085938 -0.107635498046875
0.206695556640625 0.0100860595703125 0.233184814453125 -0.028533935546875
0.165542602539063 -0.1513671875 0.213104248046875 -0.0644378662109375
0.0263519287109375 -0.176162719726563 0.140884399414063 -0.136734008789063
-0.100410461425781 -0.126655578613281 0.0521469116210937 -0.134757995605469
-0.139595031738281 -0.00577545166015625 0.0164642333984375 -0.083160400390625
-0.108772277832031 0.0719680786132813 0.0296974182128906 -0.0606002807617187
-0.119110107421875 0.08953857421875 0.0580024719238281 -0.0664787292480469
-0.107406616210938 0.112075805664063 0.105728149414063 -0.0649566650390625
-0.125762939453125 0.05792236328125 0.148834228515625 -0.0090789794921875
-0.15374755859375 -0.021942138671875 0.117088317871094 0.0717391967773438
-0.109580993652344 -0.124839782714844 0.0374679565429688 0.130096435546875
0.0605316162109375 -0.202178955078125 -0.0583267211914062 0.0896072387695312
0.176742553710938 -0.10546875 -0.0557518005371094 -0.0251197814941406
0.210739135742187 0.01129150390625 0.166122436523438 -0.0135345458984375
0.06878662109375 0.107078552246094 0.232330322265625 -0.0924530029296875
0.120887756347656 0.06243896484375 0.246795654296875 -0.032440185546875
0.123146057128906 -0.061767578125 0.207168579101562 -0.0414886474609375
0.037078857421875 -0.102561950683594 0.155136108398438 -0.1033935546875
-0.0531768798828125 -0.0828475952148437 0.086578369140625 -0.111549377441406
-0.0909423828125 -0.00415802001953127 0.0582427978515625 -0.09320068359375
-0.0697517395019531 0.0472869873046875 0.0571746826171875 -0.0938186645507813
-0.0795364379882812 0.0616683959960938 0.0780868530273438 -0.0976104736328125
-0.0779647827148438 0.0813751220703125 0.129913330078125 -0.0987472534179687
-0.0963516235351563 0.0438613891601563 0.17974853515625 -0.0298004150390625
-0.118980407714844 -0.0203399658203125 0.14886474609375 0.066131591796875
-0.0750198364257812 -0.101898193359375 0.0618743896484375 0.130104064941406
0.0699462890625 -0.145751953125 -0.0424041748046875 0.100006103515625
0.15283203125 -0.04046630859375 -0.0288162231445312 -0.0267982482910156
0.12921142578125 0.0773162841796875 0.214431762695312 0.00482177734375
-0.0179061889648438 -0.110359191894531 -0.2303466796875 0.022613525390625
-0.084228515625 -0.00483703613281248 -0.000530242919921877 0.0384902954101563
-0.0419349670410156 0.0659713745117188 0.044586181640625 -0.115951538085938
0.0344619750976563 0.0570297241210938 -0.0803070068359375 -0.164581298828125
0.0668182373046875 0.00902175903320313 -0.174575805664063 -0.08673095703125
0.0415496826171875 -0.0341377258300781 -0.21026611328125 0.03790283203125
0.0190029144287109 -0.0251998901367188 -0.141464233398438 0.13226318359375
0.0229625701904297 -0.0145092010498047 -0.0878219604492187 0.127647399902344
0.0200710296630859 -0.0129814147949219 -0.0610504150390625 0.1148681640625
0.0114288330078125 0.00067138671875 -0.0789718627929688 0.11016845703125
-0.00444412231445313 0.0211715698242188 -0.0924148559570312 0.118598937988281
-0.0421257019042969 0.0256538391113281 -0.142547607421875 0.103790283203125
-0.0600776672363281 -0.0496101379394531 -0.209869384765625 0.030059814453125
-0.0269088745117187 -0.106719970703125 -0.233383178710938 0.0512542724609375
0.0334014892578125 -0.137016296386719 -0.239166259765625 0.0826568603515625
0.089385986328125 -0.140853881835938 -0.221221923828125 -0.0120086669921875
-0.0115966796875 -0.0700454711914063 0.00730514526367188 0.0269279479980469
-0.0319671630859375 -0.0293445587158203 0.0579147338867188 -0.13372802734375
-0.00556135177612305 -0.00288915634155274 -0.0754852294921875 -0.188751220703125
0.00249862670898437 -0.00935840606689453 -0.183547973632812 -0.106964111328125
-0.0103950500488281 -0.0132808685302734 -0.215713500976563 0.0319061279296875
-0.0224361419677734 0.0166225433349609 -0.140945434570313 0.1309814453125
-0.0291061401367187 0.0273857116699219 -0.0834274291992188 0.124343872070313
-0.0302925109863281 0.0284099578857422 -0.0524520874023438 0.116142272949219
-0.0462532043457031 0.00759506225585938 -0.0623855590820313 0.113334655761719
-0.0623664855957031 -0.0146369934082031 -0.07708740234375 0.123634338378906
-0.0687179565429688 -0.0487327575683594 -0.129287719726563 0.120101928710938
-0.0127182006835938 -0.130844116210937 -0.1929931640625 0.043182373046875
0.0561065673828125 -0.150833129882813 -0.210525512695313 0.055938720703125
0.143722534179688 -0.158203125 -0.203582763671875 0.0677337646484375
0.191696166992188 -0.143951416015625 -0.178085327148438 -0.0511932373046875
0.0777587890625 -0.120452880859375 0.0363502502441406 0.00988006591796874
-0.00336456298828126 -0.130378723144531 0.0892486572265625 -0.147537231445313
-0.03955078125 -0.07708740234375 -0.0511016845703125 -0.21331787109375
-0.0648269653320313 -0.0392036437988281 -0.17034912109375 -0.135238647460938
-0.0678329467773438 0.00329208374023437 -0.203292846679688 0.0137786865234375
-0.0647010803222656 0.0540504455566406 -0.125846862792969 0.111160278320312
-0.077667236328125 0.0657577514648437 -0.0662612915039063 0.102622985839844
-0.072418212890625 0.0694808959960938 -0.0289459228515625 0.0992965698242187
-0.0929107666015625 0.0243072509765625 -0.0257339477539063 0.104835510253906
-0.115226745605469 -0.029205322265625 -0.042083740234375 0.1265869140625
-0.104820251464844 -0.097991943359375 -0.10009765625 0.140182495117188
0.00563049316406251 -0.197830200195313 -0.1697998046875 0.063873291015625
0.110153198242188 -0.189376831054688 -0.180770874023437 0.0534820556640625
0.224868774414063 -0.167678833007813 -0.139572143554688 0.049224853515625
0.265869140625 -0.118194580078125 -0.10052490234375 -0.085723876953125
0.166732788085937 -0.1390380859375 0.0829086303710938 -0.00855255126953126
0.044952392578125 -0.212814331054688 0.12982177734375 -0.149429321289063
-0.05419921875 -0.151565551757813 -0.0060272216796875 -0.225982666015625
-0.120368957519531 -0.0782012939453125 -0.13385009765625 -0.1597900390625
-0.120368957519531 0.0115127563476562 -0.16766357421875 -0.0134124755859375
-0.100593566894531 0.080963134765625 -0.0964279174804688 0.0763320922851562
-0.113540649414063 0.0962982177734375 -0.0388221740722656 0.0661735534667969
-0.101287841796875 0.104766845703125 0.0041656494140625 0.0663337707519531
-0.123161315917969 0.045318603515625 0.0206527709960937 0.081878662109375
-0.153305053710938 -0.026763916015625 0.00205993652343749 0.118812561035156
-0.134880065917969 -0.121505737304688 -0.0607147216796875 0.1507568359375
0.00769042968749998 -0.23785400390625 -0.140838623046875 0.0804443359375
0.13873291015625 -0.208251953125 -0.149703979492187 0.0400848388671875
0.26934814453125 -0.158203125 -0.0616836547851562 0.0245437622070313
0.293731689453125 -0.066070556640625 -0.00105285644531249 -0.109375
0.229354858398438 -0.116073608398438 0.139617919921875 -0.0237350463867188
0.105239868164063 -0.247833251953125 0.171218872070312 -0.133651733398438
-0.0406036376953125 -0.203903198242187 0.049896240234375 -0.21551513671875
-0.146102905273438 -0.116226196289062 -0.075225830078125 -0.1702880859375
-0.15509033203125 0.00968933105468753 -0.112091064453125 -0.0427932739257813
-0.122550964355469 0.0928421020507813 -0.0562095642089844 0.0307121276855469
-0.133186340332031 0.111763000488281 -0.00567817687988282 0.0211563110351563
-0.115470886230469 0.126327514648438 0.0402412414550781 0.0227317810058594
-0.137367248535156 0.0613632202148437 0.0679092407226562 0.0501213073730469
-0.171005249023438 -0.0191650390625 0.0461654663085937 0.101974487304688
-0.146377563476563 -0.128799438476563 -0.0210113525390625 0.14776611328125
0.0143890380859375 -0.248779296875 -0.110092163085937 0.0885467529296875
0.156570434570313 -0.199905395507813 -0.119056701660156 0.0179061889648438
0.279464721679687 -0.123947143554687 0.02001953125 -0.0013713836669922
0.265090942382813 -0.0045928955078125 0.100067138671875 -0.117080688476563
0.243743896484375 -0.062408447265625 0.193710327148438 -0.0321807861328125
0.148880004882813 -0.223892211914063 0.199996948242187 -0.104629516601563
-0.009246826171875 -0.21258544921875 0.0995025634765625 -0.18316650390625
-0.138328552246094 -0.133316040039063 -0.0107421875 -0.15972900390625
-0.160995483398438 0.00434875488281253 -0.0472564697265625 -0.0663070678710938
-0.123756408691406 0.090301513671875 -0.0122842788696289 -0.0173282623291016
-0.132583618164063 0.110946655273438 0.0270843505859375 -0.0255680084228516
-0.11328125 0.129371643066406 0.0733871459960938 -0.0247421264648437
-0.135566711425781 0.0672225952148438 0.110504150390625 0.0146331787109375
-0.1700439453125 -0.015045166015625 0.0864410400390625 0.0823898315429688
-0.137031555175781 -0.127342224121094 0.0145492553710937 0.137870788574219
0.03033447265625 -0.235488891601563 -0.0810775756835938 0.0901870727539062
0.16766357421875 -0.164901733398438 -0.0893096923828125 -0.00507354736328125
0.258514404296875 -0.0671844482421875 0.09649658203125 -0.0189971923828125
0.18597412109375 0.0544891357421875 0.181121826171875 -0.109970092773437
0.203475952148438 0.00054931640625 0.230972290039062 -0.0355072021484375
0.154251098632812 -0.156524658203125 0.210159301757813 -0.072052001953125
0.0180511474609375 -0.175308227539062 0.133193969726563 -0.1416015625
-0.105247497558594 -0.118850708007812 0.04425048828125 -0.1361083984375
-0.137321472167969 0.00115203857421872 0.0124053955078125 -0.0827178955078125
-0.103424072265625 0.0753097534179688 0.026824951171875 -0.0614852905273438
-0.111358642578125 0.094879150390625 0.0548057556152344 -0.0672645568847656
-0.0984039306640625 0.114479064941406 0.102302551269531 -0.0686721801757812
-0.120094299316406 0.0616378784179688 0.146942138671875 -0.0154571533203125
-0.151580810546875 -0.01409912109375 0.12158203125 0.0681076049804688
-0.112785339355469 -0.11785888671875 0.0443878173828125 0.129890441894531
0.04827880859375 -0.201019287109375 -0.0563201904296875 0.0924453735351563
0.168167114257813 -0.112457275390625 -0.0583877563476562 -0.0195999145507813
0.208786010742188 0.002349853515625 0.162796020507813 -0.0204010009765625
0.0738601684570313 0.100303649902344 0.22509765625 -0.0962982177734375
0.121772766113281 0.0549240112304688 0.243408203125 -0.039581298828125
0.116050720214844 -0.0671844482421875 0.205093383789062 -0.049072265625
0.030914306640625 -0.102798461914062 0.149139404296875 -0.110076904296875
-0.05712890625 -0.0777740478515625 0.079010009765625 -0.115379333496094
-0.088897705078125 0.00170135498046875 0.0529098510742187 -0.095367431640625
-0.0648422241210938 0.0497817993164062 0.0518341064453125 -0.0950775146484375
-0.0734176635742188 0.0653610229492187 0.072509765625 -0.099334716796875
-0.0697860717773438 0.0837860107421875 0.123390197753906 -0.103668212890625
-0.0914382934570313 0.0479507446289063 0.175888061523438 -0.0382843017578125
-0.117088317871094 -0.0134353637695313 0.151840209960938 0.0601806640625
-0.0782546997070313 -0.0957260131835937 0.0678558349609375 0.128105163574219
0.059844970703125 -0.146255493164063 -0.0396194458007813 0.102409362792969
0.147293090820313 -0.048095703125 -0.0317306518554687 -0.0228614807128906
0.131271362304688 0.069549560546875 0.21136474609375 -0.003814697265625
-0.0495999322073762 0.065813126903001 -0.134374485588368 -0.169166941202361
0.0497921332439904 0.0633021831615348 -0.0231934986035781 0.00771677272535458
0.0759814252807166 0.00430223154639998 0.12113689176629 -0.0386703415316914
0.029897478140597 -0.0559293041200379 0.0850927682441633 -0.152717705105742
-0.026027767100886 -0.0453307799732285 -0.0256913849224531 -0.196887045522505
-0.0288643013743499 -0.00856370295055894 -0.127810113788766 -0.157935474166031
-0.0219063542650361 -0.00953823208843405 -0.173003027484934 -0.0755457958140286
-0.0196076451031374 -0.0149934629218924 -0.160674594956462 -0.0149028145864594
-0.0151222644347966 -0.0138734222432956 -0.129743103687428 -0.00398742933412344
-0.00354325992028613 -0.0149364725048835 -0.130803926081032 -0.0102669446974869
0.0217107951041404 -0.0150883143314811 -0.155458259457404 -0.0237613166341691
0.0527391557617507 0.0113707928324279 -0.163014279751105 -0.0819693343577826
0.026266313471376 0.0739656930561193 -0.134401487672593 -0.15337493342573
-0.0466596712141075 0.0793505904874609 -0.149792074502017 -0.162364912515209
-0.10601376249916 0.0378732671233768 -0.201407593516979 -0.11572696860616
-0.130450125630121 0.00221643784580864 -0.105541986472456 -0.164613829332562
-0.0477713592744535 0.0498252149714075 -0.00684102961050325 0.0291318791570586
-0.00587590083799451 0.0548773692872872 0.164374332954441 -0.0238455800014522
0.00823009928405233 0.0206168024148475 0.128197441354298 -0.164311033438811
0.0091283188738831 0.0135444521479747 -0.00807616433703544 -0.225174778439113
0.0190316734285248 0.0171002679869152 -0.124936330590686 -0.173375842492973
0.0350617172195538 0.00424240394585127 -0.170209151453497 -0.0844010975682193
0.0424455689251981 -0.00525567907716717 -0.157097821077032 -0.0183856046038308
0.0477817604241621 0.00320264438930674 -0.126973156958457 -0.00221646202425658
0.0377218929238738 0.0244502859281303 -0.120101665335216 -0.000945558793708369
0.0356045797555478 0.04993822811319 -0.143316227420647 -0.00968862065148193
0.00710025178998408 0.0793339060183567 -0.160056008811922 -0.054624309914934
-0.0601456129599155 0.10089845423176 -0.133164107973815 -0.124207166182875
-0.129409349413397 0.0444973061761183 -0.148730461939504 -0.132116697334608
-0.178766729043866 -0.0329729897594603 -0.18088502441583 -0.0949870772870192
-0.191727176855121 -0.0698022851028432 -0.0573829313105871 -0.138119650969779
-0.14688761906538 0.01432445248719 0.0199087387662592 0.0674009953392695
-0.10534685992073 0.0948912857720266 0.213600041176447 0.0140261167367542
-0.0303094944258354 0.103195691059629 0.185138897160669 -0.155510980940117
0.0373206316776127 0.0851011402118991 0.0298180251336804 -0.239103162916544
0.0653755499757634 0.0505676636325572 -0.101906833887096 -0.17960544715768
0.0882990744214731 0.0210689412833381 -0.14508247523764 -0.0866250105312483
0.0993287102854662 0.00427320363033541 -0.130248935467113 -0.019007157683069
0.104814264065346 0.0145808433138539 -0.10121281398338 0.00599637119890855
0.0780704013307436 0.050283580173684 -0.0907830744082274 0.0193180243024169
0.0592772228708595 0.0962347266390758 -0.12206452814681 0.0204349291657226
-0.0127947631416374 0.139461410021459 -0.154434550413789 -0.0155007259663147
-0.117166902017695 0.135837657156889 -0.134026145689732 -0.0881260295716362
-0.190448076525553 0.0289207654318557 -0.136463197951326 -0.101648139658409
-0.228817387126999 -0.0870118620721625 -0.138518168462901 -0.0580066600198308
-0.219013677997357 -0.136859441990533 0.00527538888442342 -0.0861188108714003
-0.222150831618699 -0.0395533059553359 0.051730848856831 0.117542579600669
-0.203713777360521 0.106656634127587 0.250910484697325 0.0702959591066864
-0.0850174923261665 0.170091762537252 0.239578662332361 -0.117631989313774
0.0481616145039933 0.155000143412933 0.0804019511672286 -0.228097883029191
0.100004531085599 0.0860263695654564 -0.0600746688059669 -0.169301589270404
0.128632614266413 0.039469004566344 -0.10012642430677 -0.0794383986432452
0.141823232092997 0.0121551896280877 -0.0843448101478506 -0.0154706099658388
0.147547630923486 0.0185324704562465 -0.0572435075160813 0.0164460806254156
0.111450803419429 0.0610276027824764 -0.0478092334190647 0.0417440198128234
0.0850600460508398 0.121610876612273 -0.0897406285008446 0.0529414721391677
-0.0148963640704447 0.178236998600794 -0.138076865137001 0.0259326525271607
-0.146013521544391 0.161553941876652 -0.128531843477121 -0.0524708185412852
-0.223504508845965 0.0204279006796038 -0.11283336591707 -0.0794269582892787
-0.247938671424746 -0.123346265599647 -0.0792274587921103 -0.0155401635637705
-0.204890810222033 -0.181283149119253 0.0716350445104553 -0.0180764370604002
-0.250047652322799 -0.101167713418979 0.0818340462041676 0.168500526805715
-0.271125673725605 0.0801420270731743 0.260637128500145 0.133386029972483
-0.141799530904256 0.196015549319787 0.270911069178652 -0.0540700661220245
0.0361320562855971 0.20184385707891 0.128453406680509 -0.185176162759189
0.115033329303129 0.114309507590819 -0.00656570202230389 -0.139457005333111
0.147969718960101 0.0538637061270166 -0.0425176774559504 -0.0630608985635345
0.163120065792231 0.0190285213329397 -0.0267391798616145 -0.00944109198753498
0.169357797145155 0.0192914523811896 -0.00347995893494494 0.0270092895070191
0.129424279615023 0.0627626840186657 0.0014780738177199 0.0619115258071665
0.100202097683085 0.128999776261268 -0.0511640898191809 0.0819662173945783
-0.0155763562752916 0.191821551792748 -0.113223209130659 0.0597711465344809
-0.15923666896357 0.164389647030421 -0.117572708484163 -0.0217923576089495
-0.229647788425013 0.00413375805207726 -0.0823855705029023 -0.0648443503889166
-0.230759019279955 -0.146743926809498 -0.0139763865336706 0.0260722806217793
-0.153857265154346 -0.189126926281674 0.129178119875942 0.0522021758363944
-0.22244994563389 -0.143342987263253 0.105574111834763 0.208540728734537
-0.282617937547406 0.029375094704354 0.239882732684095 0.183359664242733
-0.175519747149378 0.175801883693704 0.267409612686555 0.0151086528326185
0.0132664220238128 0.209515471350463 0.158823159260634 -0.119920234545512
0.109020737042758 0.122974054294629 0.0446305761164627 -0.0940048568491304
0.143810048434525 0.0586665413062346 0.0186233492896657 -0.0402033269138356
0.160064473878556 0.0216550581883437 0.0329236512079108 -0.00204476000502974
0.167932305440994 0.0178609782680361 0.0536910701171686 0.036261401080351
0.130997290780111 0.0594387564826586 0.0499853500600435 0.0794410734351764
0.10055607734662 0.125009511661434 -0.0135179826751991 0.107447344534141
-0.0212308952477094 0.183956975440462 -0.0872159447733087 0.0870787952273017
-0.16341371885637 0.144762923045229 -0.105054423977581 0.00309748992171361
-0.213294031576793 -0.0223298427227048 -0.0519740393813559 -0.0537816370026754
-0.182458305514215 -0.158023046746786 0.0455559734345464 0.0664899416180409
-0.0760631201629646 -0.158736601362236 0.168733966187594 0.108857145836268
-0.151261364744764 -0.150761584426688 0.122281015942868 0.226744514760836
-0.233171610430869 -0.0162406865603848 0.199674999660507 0.204391891185797
-0.166659146608473 0.123413665494532 0.235067790997732 0.0685163868141363
-0.00684396482777106 0.17468116609496 0.167227610668686 -0.0529184341266244
0.0857155090717245 0.106881970375455 0.0851272204709812 -0.0468064512837716
0.117875952305964 0.0510465202604702 0.0718667622712476 -0.0171683946298107
0.133192851917043 0.020253311559008 0.086008917665542 0.0052649292528366
0.143030862994118 0.0156983496853802 0.104903181306475 0.0458719179830215
0.116130939940278 0.0530301595129421 0.0919108308966212 0.0965656556617301
0.0872656102370903 0.111045313594537 0.0156251315291165 0.133364053272348
-0.0297055397395324 0.158234691490845 -0.0691272108892892 0.10976087560352
-0.155627908162897 0.108113410360469 -0.0962570686631627 0.0235291949244295
-0.176893820630043 -0.0519992242874456 -0.0269196173315442 -0.0406005896607623
-0.110281239710934 -0.154697852741902 0.0903698694346983 0.107194342782236
0.0133437759923886 -0.0963255889894728 0.18559429901257 0.134947370870653
-0.0570375273171148 -0.119846634512913 0.133189722605944 0.216483680588327
-0.139265072868405 -0.0404555877954011 0.160714872322934 0.194314364579575
-0.117240243213569 0.059729684576864 0.196016045010557 0.0943455645200805
-0.0165877791370194 0.108661568984531 0.161392426212131 -0.00302638723799601
0.0519842709671383 0.0713693199810205 0.112214388245557 -0.0113919538743008
0.0739050396798315 0.0334637042619565 0.110319878770618 5.31983799370829E-05
0.0872352962164741 0.0142558306886903 0.124583087625081 0.0100216268493859
0.0988946370182769 0.0112619445345173 0.144767165075012 0.0535024038881505
0.0860112528442436 0.0412634671142727 0.121847919811739 0.112763327113297
0.0633928772426957 0.0862084461672841 0.0339173499846154 0.1593318033027
-0.0335408996974757 0.116102899854218 -0.0622354378699885 0.130081700449144
-0.129369707397846 0.061415029011357 -0.0984497115819132 0.0393289848183239
-0.120115037932074 -0.0739338038906516 -0.0119724063686429 -0.0266832690876004
-0.0241956877125253 -0.130697554875724 0.114812347834737 0.145755747109155
-0.0419654556545824 0.0670001461030337 -0.143032093316182 -0.154633420326873
0.0525564200893446 0.0559889992090125 -0.0208529247472022 0.0106567787744441
0.0726174406902332 -0.00277702665914644 0.11763557347483 -0.0451964704973125
0.0231528319649296 -0.0564384455940703 0.0737849826380655 -0.155460301164546
-0.0300139283939089 -0.0400734590869138 -0.0390859943623258 -0.192028738141471
-0.0274292672434868 -0.00463869436745423 -0.137375050050425 -0.145941687397785
-0.0208049519269534 -0.00690214776280008 -0.1732932708753 -0.0602621669016282
-0.0195206840743266 -0.0120882588420678 -0.156380455076148 -0.00216759691154772
-0.01406226903036 -0.0109855775573645 -0.127199994808722 0.00471941961315236
-0.00374502277920139 -0.0129293338808501 -0.129400288150774 0.000103772416488416
0.0194008998112229 -0.0148845673378602 -0.15319002238672 -0.0102066558931838
0.0496271815779531 0.00724671318329844 -0.166248896576607 -0.0676502020317983
0.0314557183407729 0.0686636154798674 -0.143602942144086 -0.142246052498593
-0.0385009901538974 0.0783422798034251 -0.154516452570828 -0.149834933732734
-0.0991161969583894 0.0440242408787874 -0.200998674696355 -0.102769704515204
-0.125397809553529 0.0105887689552653 -0.114299841660713 -0.151707346782042
-0.0425629216963452 0.0499086417274925 -0.00356727091804509 0.0302424337986876
-0.00265288829163591 0.0523945746487065 0.160579527487302 -0.0342364226752856
0.00701739615545803 0.0200679937411808 0.114668920338178 -0.16971253123068
0.00799622105378612 0.0149476641734024 -0.0244314751415432 -0.220588596560664
0.0208553092032965 0.0178344973193765 -0.134918420598141 -0.16089852461217
0.0360562574799227 0.00251462957499788 -0.171856011044683 -0.0688012039543185
0.0419111980828113 -0.00749221112108356 -0.153696620018019 -0.00472108092241206
0.0484142106891882 0.000974551249819605 -0.123702575152124 0.00719860854882461
0.0393480957421971 0.0234005977321496 -0.117731988794051 0.0088353819513222
0.0374545032110861 0.047629881277009 -0.141261324645338 0.00379709761751606
0.00956752369367646 0.0771423999625362 -0.161626467253906 -0.0408602369982655
-0.0518134290629732 0.101396090882585 -0.141235691715253 -0.114445726551925
-0.121842614720524 0.0501198333173822 -0.152879214363856 -0.121019787698058
-0.174788628139245 -0.0201931516473645 -0.180868502333915 -0.0835543259752433
-0.189898283903833 -0.0553579335259778 -0.0655833218668638 -0.128307870315236
-0.140829430437292 0.0227003307090144 0.0256993409269715 0.065938666937609
-0.0957426371275564 0.0982015443595941 0.210377506054905 -0.000894490929865381
-0.0247447168853331 0.102589375669953 0.170124131281271 -0.164460531563371
0.0406793583093104 0.0811035479398766 0.0108597352416996 -0.236975023879418
0.0675144809629217 0.0466122673735216 -0.112750676386396 -0.16766083647553
0.0882405946087499 0.0153870702844663 -0.14724206935938 -0.0722018742421859
0.097635165184473 -0.00265969938087958 -0.127398618862897 -0.00685586545535548
0.104299836502591 0.00715028704689127 -0.0978904007932905 0.0142882047942343
0.0801839045054445 0.0455651222364982 -0.0877811432932071 0.0268706971769369
0.0645587392034838 0.091462699749015 -0.11910329059374 0.0316669144457076
-0.00517716194742987 0.13700850850076 -0.153022340329633 -0.00140978365938541
-0.104831912986677 0.139690870331034 -0.14051983599054 -0.0786124519393238
-0.18304772424512 0.0391560981315964 -0.140309240229317 -0.0922778843947069
-0.227744548122082 -0.069800662951931 -0.137719912353431 -0.0494936561184596
-0.222034440804021 -0.118346394843794 -0.00154085759480424 -0.0823601139337839
-0.218077072605673 -0.0243429899504803 0.0604986713543102 0.113201802001431
-0.189946872045668 0.117097110210616 0.251097200921349 0.0518846360330774
-0.0732578229550003 0.171548643897977 0.225905834279991 -0.13156401330551
0.0564729657458194 0.148685488200673 0.0606400411697683 -0.229872562901515
0.103606459781208 0.0784884827953918 -0.0710315308348859 -0.160165253414736
0.128477509255404 0.0303672694992346 -0.10276659295875 -0.0685247930242186
0.139571016729829 0.00168451104854203 -0.0825081371411192 -0.00678435702320946
0.145770566328346 0.00808840725441177 -0.0540604721268981 0.0214862292481624
0.112898726142544 0.0539544003212942 -0.0440999908496795 0.0458580351632793
0.0911394554350992 0.113792234610701 -0.0844479916120553 0.0620180876175272
-0.00382647303287245 0.175487629788863 -0.134050128324849 0.0380631888494116
-0.130937103014642 0.167602932240833 -0.133682128784641 -0.0433945999541325
-0.215916360023747 0.0339220555396387 -0.116817033097492 -0.071228943147846
-0.249326639470415 -0.103720535184665 -0.07701682819249 -0.01190166502747
-0.212244335272714 -0.162899002533263 0.0667948229736667 -0.0204885131163875
-0.249827966513835 -0.0815247417736377 0.092517480080359 0.161429819255978
-0.25762981945222 0.0968467125037863 0.265160727725294 0.113387885494453
-0.126357807111578 0.201381472844077 0.261074447215439 -0.0712437418239361
0.0491949338826953 0.194760636049576 0.110862036227662 -0.191273257756985
0.119642487379764 0.1047197956877 -0.0168206298522961 -0.135028496349507
0.147827344669129 0.042902533033147 -0.0453507701466277 -0.057225673196445
0.160198127838718 0.0058600289562965 -0.026406358040251 -0.00512070505574166
0.166391858515548 0.00628603003380486 -9.51869491552468E-06 0.0280432633839266
0.130215408628242 0.0531672602218735 0.00582640148399933 0.062003119791589
0.105945040010304 0.118984311516005 -0.0448052666215318 0.0875078456717456
-0.0032837362563208 0.188688725774657 -0.107150474791124 0.0700309397715863
-0.143384567597979 0.171884740755262 -0.120199042928918 -0.0138934571917543
-0.222867880478835 0.019167346341004 -0.0868400871644413 -0.0585791463509691
-0.234907489903887 -0.127581746480082 -0.0113671239846294 0.0249514702389098
-0.16367939492434 -0.174102334337687 0.12730144030159 0.0447260006069908
-0.22604794756001 -0.124918629230223 0.118265073647409 0.198776394863989
-0.272373100143905 0.0494804150349195 0.247933976098705 0.163226008351386
-0.160368494880451 0.183746097633436 0.262196967715256 -0.003396179538875
0.0283322741767377 0.203315944439073 0.144976553392779 -0.130061668481539
0.114863181598516 0.111937827321038 0.0361889696563916 -0.0949916975791046
0.144086369422156 0.0471958730528623 0.015570247092604 -0.0399052926751309
0.157041882909822 0.00842017735412625 0.0322376491844185 -0.00301895459668329
0.164330429164621 0.00413052230316689 0.0557034739175226 0.0329932991810869
0.13141457455186 0.0495201748695344 0.0551368313653119 0.0750174252501655
0.10651677813219 0.113870521872551 -0.00643313791858633 0.110271037469986
-0.00874511655660028 0.180756767769609 -0.08026789893206 0.0944672011952144
-0.147926975525917 0.153058370483666 -0.105670351751207 0.00986895006609043
-0.208689466363047 -0.00662529954690514 -0.056942081202137 -0.0493797638700963
-0.18903122620667 -0.141862738239987 0.0489522164478616 0.0609571628442792
-0.0868392748179887 -0.149651978124859 0.168594281860133 0.0973973780796723
-0.158394930675902 -0.137054221717907 0.133265269105285 0.21540141768754
-0.227478552072841 0.00187696299688584 0.211071775374551 0.18637665341536
-0.154552699041072 0.133343277056914 0.234833330248503 0.0513168580995903
0.00726374517033146 0.170676837290287 0.158310892358446 -0.0651561495279678
0.0920394860880187 0.0977431287823192 0.0800120740638871 -0.0524401981009864
0.118031537363129 0.0406329648596796 0.0692088001926826 -0.0214544444505207
0.130744358785485 0.00853937041198356 0.0839637142967089 -0.000453393510884936
0.139386956434188 0.0031216023665311 0.106219002730068 0.0377421926774969
0.115819160729484 0.0431887759795 0.0971100045734007 0.0885843447615313
0.09284653834356 0.10089067532145 0.0244844604666361 0.132844511793088
-0.0184307102844328 0.155897272829572 -0.0609705459554807 0.115070605050871
-0.142551159469088 0.117098568878163 -0.0955838024713792 0.0288252385194086
-0.176060740772601 -0.0371396042508078 -0.0319740834795212 -0.0375835909471915
-0.119340622070416 -0.143308134750342 0.0950634667393594 0.0981793238876976
0.00454537906576225 -0.0946421192785849 0.186864674633085 0.121813643838068
-0.0649977306275656 -0.112646065762787 0.143130490855609 0.205444143524211
-0.138036687012107 -0.0275766831412228 0.172154534771528 0.179845011577384
-0.109301662228667 0.067718501165835 0.198891736778699 0.0781540288900031
-0.00700160547930548 0.106687290249379 0.156945904263803 -0.0156832103038858
0.0566455292940515 0.0643169325615616 0.108252792587419 -0.0199500336766139
0.0737100883784964 0.0259695910370063 0.107609934106854 -0.00780040119631933
0.0847160002920838 0.00635351387397546 0.122325478985864 0.000627392759112293
0.095812860927108 0.00218011724101179 0.144923499596665 0.0418280464049404
0.0861551843430551 0.0335417909180086 0.12745298016685 0.101913310192833
0.0679165549259796 0.0778429798985948 0.0442440484137762 0.156303945395879
-0.0240827496770019 0.114980149070991 -0.0526374635604669 0.133361838923185
-0.119919047919315 0.069908605144084 -0.09608739298448 0.0450464398192535
-0.122016445022526 -0.0614513725358386 -0.0164242039837985 -0.0250249322829148
-0.0340123648699038 -0.125754226786588 0.121362012972876 0.134302324187314
-0.0345175219231362 0.0661171808105909 -0.145600830701607 -0.137504799260539
0.0532951413216541 0.0483172693766664 -0.0181787544593433 0.013238925374524
0.0678372106282664 -0.00885492212844041 0.111639173886745 -0.050837521200927
0.0170781935368541 -0.0546156645155993 0.0618019753028046 -0.154676122519295
-0.0322583893112229 -0.0330628685624194 -0.0493428413057964 -0.182637701681692
-0.0252837858423243 -0.00154560961700968 -0.142243383418589 -0.131439486080179
-0.0191922323854525 -0.00476035584497585 -0.169555816247847 -0.0457978531225235
-0.0191679208895172 -0.00951624404196506 -0.148185711485054 0.0089564524052541
-0.0129148482615489 -0.00870265567843585 -0.121980866415334 0.0128887115010371
-0.00309728936978517 -0.0107677493064247 -0.124938343179624 0.00938282164854
0.0172641158368632 -0.0142930116884491 -0.147222875561175 0.00143667525284262
0.0456443263771531 0.0035348788151835 -0.163916172528294 -0.0537291460537116
0.03423012384618 0.062528174121853 -0.14783772532528 -0.129577997310074
-0.0310105698661654 0.0752001495600888 -0.155092941523978 -0.136856037276591
-0.0904870635109064 0.0485053750174386 -0.196247489409917 -0.0897424842133331
-0.11774688485949 0.0172653948115119 -0.118752357003767 -0.136730208728296
-0.0376804604319113 0.0480079002380877 0.000602428347822037 0.0305927148288979
-0.000183351539820967 0.0487294039636611 0.153207709694179 -0.042342480003728
0.00583049602729366 0.0193225485949464 0.100011313068681 -0.170377567652588
0.00751654714016337 0.0161866386337375 -0.037771982335867 -0.210988241148119
0.0217712464840582 0.0171450257486934 -0.140810711241942 -0.145678912266566
0.035259360705252 0.000627205409122259 -0.168414514191241 -0.0532855097087191
0.0398676521400229 -0.00924760167799357 -0.145647563891549 0.00695377986362768
0.0477062195674355 -0.00107195111878041 -0.118071616263232 0.0153634850090783
0.0401145102809632 0.0215612386363148 -0.112809185799113 0.0175849276676329
0.0387775177947074 0.0448097039607291 -0.135473408040173 0.0148317510576272
0.0112925303680155 0.0739572504124672 -0.158165628679874 -0.0276656822917937
-0.0434535674980612 0.0992437054307717 -0.145388530581982 -0.102581099271328
-0.112497798287222 0.0530531751462776 -0.152664354754894 -0.108783579240823
-0.167101816124427 -0.00909840889046904 -0.176151547438327 -0.0722760597663269
-0.184066319168134 -0.0420188218027997 -0.0705842798570946 -0.116974091260324
-0.132523776191911 0.0284209624697302 0.0306186330251746 0.0628833256064082
-0.0853180175148568 0.0982587551013913 0.203571023395627 -0.0139818016378304
-0.0198809018523725 0.100597101308421 0.154028021717064 -0.168187813783814
0.0427838857899543 0.0772860851474133 -0.00547246445562234 -0.228761537088989
0.0675609096638339 0.042250226504514 -0.119559231907919 -0.1531737341268
0.085730990931605 0.0104434362163519 -0.145173224802876 -0.0582430019513218
0.0939161785742797 -0.00887168273020546 -0.121256884975713 0.00347778958347582
0.10154327512957 0.000870580049739337 -0.0921618532650939 0.0205429527042657
0.0802432989379654 0.0400894289038304 -0.0827379104034282 0.0334254508791174
0.0678302006098599 0.0848109237687325 -0.112780911586427 0.0414516542506085
0.00136033581032171 0.132508150747904 -0.147426056179327 0.0104732059799369
-0.0918481211149235 0.139436351488827 -0.143296396513681 -0.0678352264647002
-0.172445241010357 0.0469780006288062 -0.139627014861955 -0.0815189386916122
-0.221610803205024 -0.0529736665642429 -0.133327760079989 -0.0416350358418937
-0.219415616633037 -0.0993076263284733 -0.00711282134868576 -0.0761120106692521
-0.209683939758502 -0.011546246086253 0.0664329871688364 0.106013315776709
-0.173953701604254 0.122910306912455 0.245249374459693 0.0342431583829386
-0.0621017977535681 0.168841585198553 0.208618559068739 -0.139930371549106
0.0628132646237731 0.139718936615595 0.0417516436306485 -0.225277377657207
0.104205019956817 0.0703215008647211 -0.0785291918658266 -0.148782885560615
0.124803911693009 0.0220734352250295 -0.102254834381414 -0.0581075791141527
0.134118866994347 -0.00766193818287143 -0.078488858554909 0.000220437316764091
0.140508418430501 -0.0020568747044864 -0.0495450709932705 0.0252018486152035
0.111728485070659 0.0459167443132867 -0.0392927259236113 0.048997504940934
0.0940684181713096 0.104032298574455 -0.0776677926866102 0.0690681682102781
0.00571096643465512 0.169141227144887 -0.126885272588597 0.0479827258354683
-0.114971309621958 0.167851573549872 -0.134831827559158 -0.0340070751614223
-0.204848816675605 0.0442720295539518 -0.117209312326939 -0.0620847433353496
-0.244823941852897 -0.0842525427631756 -0.0738476139957538 -0.00851933852866026
-0.213681964618172 -0.142781499802287 0.0610834744228162 -0.0206951574742118
-0.243277597262419 -0.0640147076660893 0.0997647742464828 0.150602353885902
-0.239285368607938 0.108556227455183 0.262562955533293 0.0929798530548485
-0.110472386590015 0.201068408308302 0.246087672669111 -0.083981617890985
0.059666244523753 0.183982135231812 0.0918300784899829 -0.191288729997297
0.121579651097701 0.0936376897645283 -0.0253145706530862 -0.128310722470632
0.144202268667758 0.0323348223717358 -0.0466539978099462 -0.0505605780285905
0.15372053565392 -0.00563681643633811 -0.0246162745991554 -0.00196198744473661
0.159789821662926 -0.00542929657178007 0.00284272119141402 0.0278949894804673
0.128154544719479 0.0444155662683621 0.0104102743266845 0.0608193557325553
0.109073759398499 0.107449459174169 -0.0379478760528926 0.0912539921233944
0.00759700427650926 0.181583283598585 -0.0986978668436624 0.0769264316238196
-0.125740396479648 0.173068723301484 -0.120263489914632 -0.00580298183841826
-0.212450433515323 0.0316651041000763 -0.0887847218640174 -0.0513770155971803
-0.232907412145786 -0.108132829976162 -0.00899534631349118 0.0230761312040539
-0.167930387744112 -0.156375223797099 0.122433069498976 0.037746703757531
-0.224130461192786 -0.106764333449421 0.125494221898655 0.185463707842758
-0.256918778945729 0.0649053441629368 0.248699380419826 0.142160993315419
-0.142964507583966 0.186946549479126 0.251273292651185 -0.0192398588429762
0.0405960972077653 0.192776795586312 0.129077488985529 -0.134931875324846
0.117234762320562 0.100775900214334 0.0288022330149384 -0.0929844393956925
0.140613607022369 0.036093937084665 0.012636884031395 -0.038395034654967
0.150271520921096 -0.0032553087274424 0.0306140347761238 -0.00345028987803139
0.156755084557063 -0.0075279104858095 0.0564611054238861 0.0283046242902446
0.128415509160148 0.0395941142409942 0.0584477379281581 0.069797374333759
0.108737517784618 0.102060586745718 0.00105371223187702 0.109929654029592
0.00220760628173962 0.174303585270097 -0.0714411094858058 0.098690443948759
-0.131642686908513 0.155513622495255 -0.104503359592377 0.0163682943062355
-0.19999257695959 0.00641733093713681 -0.0601527667868138 -0.0433523382311851
-0.190438774685226 -0.123674754598979 0.0509660042992459 0.0544854566989406
-0.093353355204838 -0.137758164775108 0.16464910232509 0.0857108153527895
-0.160498841479182 -0.121913991401322 0.140138698305619 0.201167968954897
-0.217265615203676 0.0169484538963524 0.214035121209713 0.167126180681462
-0.139785743498942 0.137956035435508 0.229051786963519 0.0347247212154864
0.0187584985493288 0.162622993038823 0.1462873901725 -0.0734662292263781
0.0939449952951864 0.086848490315799 0.073129550798881 -0.0551064683180027
0.114769324734008 0.0310950553769526 0.0654462128371177 -0.0247491858260864
0.124653931864634 -0.00121088269775767 0.0804218774181755 -0.00539109173372535
0.132317774907129 -0.00730280163767921 0.104602541114998 0.0288780444739517
0.113048440729343 0.0337616279522456 0.0993827090583185 0.0794332893402687
0.0946495976338972 0.089703679909457 0.0324029709740567 0.128810643070041
-0.00763631156805313 0.150226566989864 -0.0518811412791707 0.116329423707577
-0.127528008667551 0.121146058052022 -0.0927930551873417 0.0340851440209645
-0.169818762260728 -0.0238621738246436 -0.035693783222194 -0.0336895774087306
-0.123930726622572 -0.130094218798824 0.0974884359555022 0.0875628412182367
-0.00294629837870158 -0.0908359128439613 0.183589483752518 0.108260880997199
-0.069979289833584 -0.103771936976595 0.148792573252825 0.190809330816667
-0.133017030422654 -0.0159785630593156 0.177052200335664 0.163180239166497
-0.0996987172869778 0.0727307885699715 0.19671263586699 0.0629374293239372
0.00230107332084619 0.102064026097348 0.148916801798268 -0.0262012364910348
0.0589919666238621 0.0561292567034598 0.101978923109486 -0.0264279079076486
0.0710302099858306 0.01892733101202 0.102408219997157 -0.0146011715939205
0.0804812715626468 -0.000526298001962104 0.115839484426906 -0.00731960554369919
0.0902780993256802 -0.0056788741280814 0.141676121664154 0.0300336564815651
0.084363279044208 0.0254546092815493 0.129041818897865 0.0897685323471752
0.0696261803773197 0.0690026406314995 0.05326182270888 0.149168456460966
-0.0157872099932642 0.111512917321948 -0.0430029173578443 0.13262948460031
-0.108589015041272 0.0753199228827791 -0.091972194291233 0.0491713990140314
-0.119826134330946 -0.0499502473491743 -0.0199817930615267 -0.022597813625586
-0.0418828985169641 -0.118691260912413 0.125139493132123 0.120656620423493
-0.00914797426770989 0.07229606953974 -0.176951714049419 -0.077955130063856
0.0642017000285791 0.0228601333732385 -0.013958285874459 0.0195979029789538
0.0560641856898964 -0.0330643892111343 0.0847142022308787 -0.0790115369426379
-0.00578138415282541 -0.0538135286623168 0.00800816361160761 -0.159911361658319
-0.0399765411854725 -0.0170950236484977 -0.103605141200797 -0.15062577233342
-0.0229648582340744 0.00588967188026197 -0.172920785775124 -0.0701845498692227
-0.0194266493027244 0.00233407445667666 -0.165850878573742 0.0183920583844717
-0.0197963056766723 -0.00137402443233969 -0.126371087638559 0.0583037053979316
-0.0129801272739908 -0.00361655275081745 -0.104874400437294 0.0516736717072533
-0.00507229219994652 -0.00778551577025127 -0.108601236737249 0.0505844373974545
0.0103692144888013 -0.0175750138356415 -0.129415638523965 0.0520184449132314
0.0399097778361504 -0.0109716931810885 -0.16500025035409 0.005910823629687
0.0501248361329294 0.0438638990578875 -0.176947427691082 -0.0704721367980551
-0.00146761136371216 0.0765424641967393 -0.181263263732614 -0.0770333047836937
-0.0637634341509513 0.0722684357341442 -0.198326410025747 -0.0219277348461066
-0.102430174625255 0.0565211713958638 -0.149328748796089 -0.0867336375951283
-0.0173890559255743 0.0556452671935488 0.0114952931753712 0.0249793911310151
0.0153853829857763 0.0412842652260432 0.122510204023209 -0.0904303432865032
0.0107222589186407 0.0154971724250193 0.0333888465930871 -0.188301582042625
0.0114213540247701 0.012619404857966 -0.105536153269166 -0.17826111474203
0.0247450155433414 0.00709797532730949 -0.177200804781822 -0.0814729855490075
0.0322352047463814 -0.0109989287216884 -0.168786797984423 0.0120055155120347
0.0323295793391778 -0.0206833256270047 -0.124947211996062 0.0577605806029613
0.0429932749839667 -0.0171777128261972 -0.0999952120400089 0.0538199715498944
0.0440463092620449 0.00741292671333843 -0.0959012827280911 0.054108101891113
0.0491045401696373 0.0279245485617627 -0.115737205663491 0.0602105599836659
0.0331136203829418 0.0637721682961405 -0.150419451752575 0.0266984465061526
-0.00714478575242311 0.101832136985966 -0.164261739736229 -0.0466184628640927
-0.0825537218124869 0.0839311452380812 -0.169603830327945 -0.050754519175718
-0.151941714946651 0.0443863287549714 -0.175497623730792 -0.00934070852941035
-0.183020218555116 0.025757398444227 -0.0965976400182347 -0.0849547910617602
-0.109542059915576 0.0713441176311369 0.052544062343316 0.0408726905181706
-0.0427966680204904 0.115788553533543 0.176048682479708 -0.0864503787877295
0.0175246302324938 0.096373954584764 0.0787413534559839 -0.20669820713293
0.0634444360647319 0.0541156495551768 -0.0851500328568866 -0.203521051783993
0.0734923224557847 0.0145133930940675 -0.161808520594071 -0.0940547007203023
0.0814911021749547 -0.0192270352142286 -0.151125879847174 -0.000366317695323891
0.0799742066393929 -0.0385332699467803 -0.104784767132785 0.0476201531421835
0.0906814211719927 -0.0332875933564356 -0.0746019305974163 0.0510497945332019
0.0866984867954944 0.0110503419970479 -0.0648289016810001 0.0587733111221953
0.0884251632645644 0.0538839945459566 -0.087614124891215 0.0765841341106238
0.0437450743184317 0.119755854686874 -0.129280410910361 0.0564227995895948
-0.0375655666878219 0.154018043401056 -0.15075884789176 -0.0161655339421321
-0.138581192019743 0.0982690028102234 -0.149758766031089 -0.028246843580703
-0.21610971466056 0.0217858121888676 -0.128641361073429 0.00750008238579697
-0.23530069107615 -0.0149956547683962 -0.023614775820007 -0.0684963678138077
-0.192354564136992 0.0625197595359195 0.102837028726191 0.0661782767014551
-0.111772628218434 0.168783919585907 0.229665288961811 -0.0622035076739743
0.00532790315816194 0.172732209675518 0.134868648936412 -0.202072383722818
0.102922705708718 0.10164049467623 -0.0453397720329413 -0.215363300048982
0.115557487925307 0.0271616722673568 -0.124915127218791 -0.103029106496523
0.120564616589067 -0.0220955693819997 -0.114388012038569 -0.0144756381523561
0.115512958586242 -0.0508278695048737 -0.0681275235580042 0.0315623097163238
0.12422122415396 -0.0490743214550262 -0.0350293949566815 0.0418546099792337
0.116127426141119 0.00544025949087451 -0.0205544179636242 0.0585270036519639
0.118568381291673 0.0619109911059684 -0.0479753731066892 0.0899940419435756
0.0599721619958014 0.151136117907664 -0.0986457913841909 0.0831422426915411
-0.0483653579829462 0.187287754268065 -0.131512759792836 0.0122910740366372
-0.16795687067692 0.107386832886269 -0.123544677958632 -0.0164036076166548
-0.248443781081873 0.00064172188969952 -0.06646866420693 0.0204577062026223
-0.245432255439792 -0.0567402654256849 0.056762744022454 -0.0398198045563694
-0.241445668476704 0.0277626232808365 0.15001082427061 0.0955990767094835
-0.175083104906955 0.180060208846003 0.266459578071639 -0.0187841858280082
-0.0256306283361886 0.218984950423698 0.186176171527468 -0.16683152912221
0.115918700884188 0.141775083359971 0.00903800558266627 -0.202254434021718
0.138972951289875 0.0418593764326352 -0.070585306325512 -0.102426357813155
0.141792417376688 -0.0197381063033198 -0.0626737288192853 -0.0277785573701787
0.133635619217165 -0.0555440079882508 -0.022085547037125 0.0112229344850041
0.139300080634834 -0.0586884830077915 0.0122485952806887 0.0265420011685166
0.129471865853193 -0.001774054487931 0.0271426571839797 0.0529517908391679
0.132612165921578 0.0596755677469095 -0.00488394213462751 0.0969255444791144
0.066010932406121 0.161153742128417 -0.0644240579122029 0.100257307930336
-0.0553639457791422 0.195629166045116 -0.109055506579422 0.0327674699789858
-0.179321520986342 0.0990524309424867 -0.0948869887500292 -0.0146277507603455
-0.246251167540413 -0.0240374003492757 0.000516988566391779 0.0294766349302798
-0.209106198423895 -0.0847197990699759 0.130297377948135 -0.00426492039397301
-0.239115583239507 -0.0176386008266029 0.185267016693567 0.121593488762497
-0.205114349881796 0.147540303881892 0.273484443246233 0.0305873675533826
-0.0587213534119421 0.218383420643429 0.213539737817963 -0.11117025871396
0.102754533027397 0.156111070326841 0.061285796193131 -0.164694902529152
0.137889044502386 0.0487557810309992 -0.0105883120090583 -0.0897004435961908
0.139460789576805 -0.0152742038245515 -0.00599320988822768 -0.0376723695071122
0.131383760321158 -0.0528212490710577 0.0258620412449832 -0.0100860108554356
0.135850081195327 -0.0594577335010559 0.0602362863611061 0.00900715382152358
0.127466764725483 -0.00691614286361877 0.0735076459740169 0.0449921776672722
0.129702760026875 0.0546545827282233 0.0361113835714827 0.10028920619913
0.0591589448130424 0.155703577956906 -0.0324993609675252 0.110745693450811
-0.0656153940113617 0.181780328357723 -0.0875438770092029 0.0482296115379765
-0.176425324440092 0.0727874864274305 -0.0675998890982025 -0.0158334847359967
-0.213369875482735 -0.0522024451933682 0.0621807700326871 0.0386446732185183
-0.133824299822403 -0.0937042586689423 0.181511157385317 0.0268398398923761
-0.186845286890117 -0.0529595829607501 0.203302478250422 0.134168829414274
-0.185583835560449 0.091423205500189 0.252186471917284 0.0675733496335237
-0.0722916700329292 0.173759935073957 0.214592475501142 -0.0545878499460584
0.0742043428865784 0.136338601602694 0.0993290528223983 -0.116081341826164
0.113190711464561 0.0441046777310937 0.0422976363854935 -0.0717103584536028
0.11450220891764 -0.0113381116754681 0.0461837931024348 -0.0442799382742662
0.109158766246603 -0.0430590127322228 0.068458740330923 -0.0293390613107407
0.113666820796711 -0.051377186414582 0.102960037451381 -0.00756091784079509
0.111802562999431 -0.00805174170515585 0.113266954399193 0.0399711132106673
0.113120553431453 0.0476653618690331 0.0701468559523697 0.106004478687384
0.0430158245554777 0.136707325571593 -0.00957860228977392 0.119939650946935
-0.0726131575082399 0.149846423136733 -0.0714051628717686 0.0608345529071342
-0.15894267912044 0.0361806564018668 -0.0433390909905708 -0.0151651379509693
-0.15561806519705 -0.0783725275897374 0.112329774376267 0.0524632303093184
-0.0340838990707333 -0.0819894567163588 0.202856267229796 0.0430698031207852
-0.0984794947957244 -0.0681908737556777 0.203257636947249 0.126193257873083
-0.12150114267886 0.0331137545859967 0.218047040086547 0.0812753068306819
-0.0594204010353516 0.101056280846965 0.197368353332474 -0.0159844881999347
0.0389597474404014 0.0881659518847211 0.120179616856527 -0.0748886276706573
0.0713043072963986 0.0282512504822378 0.0794774956793823 -0.0567481888720662
0.07046912348934 -0.00766941138375711 0.083940964704319 -0.04890103316464
0.0702057131448252 -0.0275416103258993 0.0992752726486928 -0.0445932787838415
0.0764020944385358 -0.0357544239596343 0.135590785954754 -0.0191267997988334
0.0827963537440438 -0.00658406065425264 0.143393550819113 0.0388164550631112
0.0837240538614607 0.0370718876855769 0.0955992391196292 0.1161786106467
0.0233139994967842 0.104296405843153 0.00399365161549122 0.132110807209346
-0.0701771900843675 0.101674479032595 -0.0659608288096483 0.0745300421592219
-0.122722484820537 -0.0034935084123451 -0.026189082655687 -0.010747187991931
-0.0777406190293451 -0.0936156758793619 0.146163555962616 0.0711934977601082
-0.0057857679573179 0.0682800250457412 -0.171872372731876 -0.0690678635447588
0.0616422587965683 0.0188486915157306 -0.0116299166350191 0.0197943439879947
0.0506384006748009 -0.0343471243847298 0.0817498189480279 -0.0793342079794978
-0.00846458164396979 -0.0504066234761057 0.003375218173023 -0.155931501393427
-0.0379614284480881 -0.0126419807012126 -0.106196183544304 -0.143315009016079
-0.0210663281628116 0.00665887232417874 -0.170427854023837 -0.0617530507886414
-0.0176808487142215 0.00266749947897882 -0.158850514574526 0.0231894552488177
-0.0182038232101204 8.44651824656647E-05 -0.118207017398023 0.0605393127934984
-0.0119694673486302 -0.00294213279510858 -0.100026175199357 0.0539264885225277
-0.00378884412026472 -0.00665485041943796 -0.102774100640883 0.0531786217103388
0.00949025808530543 -0.0159693783214506 -0.121903674989316 0.0553087768511927
0.036656905360391 -0.0108897821495892 -0.158632984498707 0.0119456649089042
0.0485809203126012 0.039076544592348 -0.174804363629935 -0.0631043170135441
0.000536439624431045 0.0729173012420279 -0.176415574323822 -0.0720797237122524
-0.0574587886648647 0.0708884816015196 -0.191323647331238 -0.018904162707051
-0.0962064549854507 0.0564182677900443 -0.14536170727594 -0.0779058818883805
-0.0161974502705649 0.0521901013239687 0.0134406550529963 0.0243263830459213
0.0140954876692819 0.0390772309903967 0.117584310473714 -0.0913087781013118
0.00905767429057096 0.0162020792944657 0.0273051115329677 -0.183553130167462
0.0118730934177953 0.0142077538897786 -0.108270583337444 -0.169040161486916
0.0251056686906843 0.00705078593203965 -0.17462575838061 -0.0726946195624107
0.0314650153462306 -0.0110571172599246 -0.16106511770809 0.0174035318891472
0.0313541871986081 -0.0209298790738612 -0.116077041236659 0.0599205843774045
0.0419437019199683 -0.0179422672501505 -0.0947035642784856 0.0563222123140091
0.044136394360248 0.00663170702244743 -0.0903904899750687 0.0570427330643507
0.0486861203812875 0.026503887919658 -0.10899479413541 0.0635202709492786
0.0319451015035704 0.0615988114688798 -0.144717845081754 0.0321548361739799
-0.00475788112781697 0.0974523170140797 -0.162764907358137 -0.0398378286622504
-0.0776735369743205 0.0818627740562764 -0.16557678503101 -0.0463054873546512
-0.144696194998354 0.0463887172144742 -0.169367480633811 -0.00697020498202587
-0.175304916465611 0.0294077829639222 -0.0945546777764614 -0.0775735367353363
-0.104180782561478 0.0704305641552469 0.053551504577452 0.0381656498868298
-0.0385978215451755 0.111910791806191 0.168494601616602 -0.0887376773202957
0.0176928528202202 0.0939416595124908 0.0697558272632539 -0.20245148071654
0.0631634006059882 0.0519254272787794 -0.0903784043836792 -0.193799811943411
0.0727601567236027 0.0126149769876741 -0.159366294340258 -0.0852729184639705
0.0789410643138177 -0.0203470988643268 -0.144599556126932 0.00523975494398748
0.0759147868223334 -0.0396827216694622 -0.0970126374558993 0.0499866695840713
0.0868836669876887 -0.0354960357384594 -0.069768844625485 0.0528607597146596
0.085159270518437 0.00923394974553183 -0.0596635352634536 0.0603965313590259
0.0875763126860196 0.0502299331919463 -0.0807750779519683 0.079489961270952
0.0445505364848605 0.115512659620222 -0.122820529409634 0.0608313539329544
-0.0318903183589504 0.149111726570356 -0.148826467982897 -0.0100649723786633
-0.131678868759812 0.0974649412105522 -0.146313658214744 -0.0241326254574036
-0.207787811761445 0.0267774192942706 -0.123668810644227 0.00842034261574599
-0.227366244127354 -0.00796002342257722 -0.0244739716705707 -0.0624242532048353
-0.184026824573323 0.0648075640194048 0.102601962106819 0.0612499829989165
-0.102846958472708 0.165614987865712 0.221056568410981 -0.0675852216445738
0.00916827331073166 0.168097945003632 0.12458041065234 -0.19911884190199
0.10285745950878 0.095884470028132 -0.052077330068624 -0.206348514246322
0.112969093801543 0.0235368133756105 -0.123261813709501 -0.0947403174854637
0.116445691895162 -0.0242754971131307 -0.109402576967326 -0.00921977513584063
0.109674518941897 -0.0535077154360165 -0.062669001296295 0.0335317429457897
0.117727362283473 -0.052278485758929 -0.0311826660553599 0.0423080519247979
0.112713704005166 0.00232099904615981 -0.0170134940136952 0.0588537956224181
0.116641316062184 0.0562395909229941 -0.0415827757313622 0.0915648613483904
0.062028311835841 0.144988396044624 -0.0920287357714433 0.0860799784966128
-0.0410752577894787 0.181712672281244 -0.129954166122013 0.0173479200047614
-0.159432654783702 0.10739779657452 -0.120996709493548 -0.0129773266593692
-0.239674494117954 0.0076093497303165 -0.0634141036426492 0.0196092290846876
-0.237849094874938 -0.0472277817125383 0.0531150801375114 -0.036494297645951
-0.232639882738793 0.0323612155484732 0.14883749152353 0.0893482647030062
-0.162716427334098 0.178120543123156 0.257837537222808 -0.0260584277517378
-0.0192077428442349 0.213557894696415 0.175256989346596 -0.166473454338106
0.116495617099053 0.133422971517835 0.000909786392066767 -0.195347778842677
0.13575025392049 0.0357628072049543 -0.0716647584610445 -0.0956124082142747
0.136054890777307 -0.0227302202424393 -0.0604574005155034 -0.0238403804429775
0.126465855129304 -0.0587393727369794 -0.0194906672096771 0.0122471316242974
0.131707937539083 -0.0621247555610479 0.0141997232905699 0.0255165454246498
0.12513880845878 -0.00542312319529216 0.0295793503906369 0.0514174130658712
0.129347939226324 0.053192711738002 0.000251230829873036 0.0965369368465352
0.068537652950446 0.154552633386978 -0.0581962994107089 0.101365237463375
-0.047420839573743 0.190220663372636 -0.107254628087971 0.0370268385705559
-0.17017036982196 0.100087522291462 -0.0935160575928688 -0.0108889309650434
-0.238524160189346 -0.0154174065608643 0.00134172155172551 0.0268846017410361
-0.203792478076037 -0.074711279450106 0.125134892750789 -0.00480650244669834
-0.232139332140242 -0.0106104811718679 0.183447836243492 0.113573620450606
-0.191864596151274 0.147833386479354 0.265666496403369 0.0211195247353605
-0.0500688804139435 0.213522919286243 0.204038560471634 -0.114085722548976
0.105031699094134 0.146691056854501 0.0519845854731036 -0.160783384724423
0.13492681703531 0.0419994026343327 -0.0135676153441445 -0.0853028529021163
0.133805817772898 -0.0187031920372961 -0.00589618417782112 -0.0357258553193919
0.12420882207066 -0.0561135100497717 0.025305939727633 -0.0098096638877358
0.127065475965985 -0.0626145807980677 0.059201375639208 0.00665153114422928
0.122992137223797 -0.0102994141772608 0.0735176328434005 0.0417108453288573
0.126518593600784 0.0480538764828499 0.040072009192335 0.0982943364149307
0.0615317761616442 0.148600161324446 -0.0274853816449843 0.110739451217831
-0.0565618562423894 0.176778605144313 -0.0859416202592847 0.0510906741685542
-0.167271951590458 0.0752239777141978 -0.066988933463047 -0.012366943947486
-0.207994579154846 -0.0433545832003749 0.0607774993856367 0.0347342653055924
-0.132491122823638 -0.0855198392610936 0.175524924458751 0.0248548604479086
-0.182618355339693 -0.0454362653433153 0.200467429533022 0.126267619126375
-0.174860465415643 0.0944547026690644 0.246786892407199 0.0573249027737909
-0.0638190332130299 0.171340174286818 0.206351946965367 -0.0596968256533637
0.0771236277591121 0.128110654807419 0.0906691626781519 -0.115342373089991
0.110517111980284 0.037366676074375 0.0381431978448157 -0.06952553117945
0.109212438454598 -0.0143117010923327 0.0435959080159099 -0.0442966654097565
0.103042209038446 -0.0455319511773232 0.0649941003992472 -0.0299125057929553
0.106231969317135 -0.0540356788282449 0.0993759502847332 -0.0103978990209201
0.106943864564797 -0.0116061182185518 0.11160975619237 0.0348662811185115
0.109654459372042 0.0415458535920099 0.0730634936150853 0.102267086300005
0.0457861503226203 0.130653996392764 -0.00474918156535497 0.118512687619465
-0.0639677550527102 0.145970278796151 -0.0696339887965926 0.0627833879552816
-0.151240397272278 0.0398034326502305 -0.0434051197729997 -0.011720866738333
-0.153314657581335 -0.0703371444555432 0.109720877057803 0.0469883592925291
-0.0362428679435165 -0.0771435998250474 0.196027870503778 0.0394492068660721
-0.0975464644083191 -0.0623464609016072 0.200380790740875 0.118331012230926
-0.114616182293098 0.0360307811596379 0.214540745758609 0.0721337559982812
-0.0531882778091425 0.0996228684987003 0.191625210677702 -0.0224064132430689
0.0416779516476633 0.0819819245474016 0.112296970299735 -0.0764250725939888
0.0689075191114706 0.0231118002704528 0.0746349730683653 -0.0572222585337228
0.0666297995978563 -0.0103233695359494 0.0789601821327477 -0.0499722896757392
0.0653778583876237 -0.0298603904613226 0.0935055290606597 -0.0455051466525868
0.0704561911018421 -0.0375672338134844 0.129752808285717 -0.023584782786382
0.0785685561580868 -0.0100659488232378 0.140210183523908 0.032370073979392
0.0815511985846342 0.0317059177491987 0.0974690600556594 0.110076096718907
0.0262495297714416 0.0994785704285409 0.00786283866259698 0.129631839997632
-0.0623181381214508 0.100254271096522 -0.0630269279233422 0.0754990955992114
-0.116977365727861 0.00154673935174763 -0.0269341212887363 -0.00792528378680624
-0.0788581697514947 -0.0867594365515276 0.142526513890932 0.0639495344101413
-0.00288087675071687 0.0658815005431667 -0.17075097573248 -0.0619589550874767
0.0595163862069349 0.0153722551989306 -0.00842763151422091 0.0201176571411442
0.0462646631765964 -0.0352868754764674 0.0797683918889448 -0.0810881948997464
-0.0107702222135378 -0.0471838358725826 -0.00145937015711959 -0.155012912448656
-0.0365530142347517 -0.00910393294562473 -0.110103174685371 -0.13835835781804
-0.01944464603488 0.00763438557899533 -0.170808812796081 -0.0554947146085143
-0.0160295452117874 0.00330242834013265 -0.154361474500655 0.0280443441329076
-0.0172815292788796 0.00164755243151071 -0.112713412764646 0.0624754643469713
-0.0105711485492329 -0.00235886808454444 -0.0966036690731396 0.0568247971860686
-0.00322017803629593 -0.00604869771780454 -0.0986768225529641 0.056760433774523
0.00928995073227766 -0.014764316190978 -0.117144316412965 0.058966437080919
0.0342417690617709 -0.0112270133298526 -0.155951205377683 0.0172866882356034
0.0481758953146153 0.035486390958042 -0.175924590292371 -0.0567870028222859
0.00195391906233111 0.0701050452290132 -0.175335188770945 -0.0682608532438567
-0.0529684208357451 0.0704203688004529 -0.188999574464409 -0.0168649695610923
-0.0921158155258916 0.0570254500207242 -0.143928329952811 -0.0716851460657844
-0.0156501464280832 0.0502204310066883 0.0157018646235736 0.0238513300964781
0.0131213653469428 0.0375632617127695 0.114604406274659 -0.0937507908400685
0.00835648509240394 0.0176402733588691 0.0216018520951806 -0.182004533398912
0.0132982488564553 0.0158769331781641 -0.113187944584887 -0.162937727630203
0.0258299543844266 0.0068827257041491 -0.174830456415316 -0.065016095258802
0.031898441541799 -0.0117489269129888 -0.156637177780316 0.022552487990191
0.0307491397486884 -0.0214027921685408 -0.110419004487079 0.0626603881839977
0.0411452885211328 -0.0191550435196491 -0.0905994576143607 0.0596428717477825
0.0448406261567859 0.00588269011444765 -0.0860300835901031 0.0604816887591659
0.049496200573441 0.0255083511279598 -0.103352885190727 0.0676990856239219
0.0321788220758962 0.0611550405926052 -0.141285081544136 0.0375489483510436
-0.00256522016798968 0.0951292091031792 -0.163731118562028 -0.0342036663249699
-0.0748439391874629 0.0813143193476073 -0.16394628431012 -0.0430351782803282
-0.139568902638739 0.0491961468614565 -0.167046894171213 -0.00507996156600893
-0.170645451602719 0.0329539837513733 -0.0939248123389735 -0.0717560692336195
-0.101086816660314 0.0707399661708207 0.0555663220855284 0.036016972193345
-0.0356928173694877 0.109888147341967 0.164443338213808 -0.0931126197926114
0.0189317628939055 0.0936259968141037 0.0629231264188605 -0.201459781463182
0.0636358627909705 0.0506899416908543 -0.0961563338301734 -0.187238299381833
0.0722217444231408 0.0108963386129755 -0.159673492395946 -0.0778646511216864
0.0776978948890309 -0.0220773893631902 -0.140569403007769 0.0107394350971828
0.073780544170548 -0.0416831177324848 -0.0908508138671891 0.0528997002923213
0.0844745330725753 -0.0383537806355029 -0.0659563906539109 0.0552943505622395
0.0851668722648137 0.00670876493534932 -0.0551902672946195 0.0629481721250456
0.0880123570850127 0.0477546720388325 -0.074662675918802 0.0827831961867571
0.0464294589853935 0.113631461845771 -0.11857326689034 0.0656521637190369
-0.0272711999730684 0.147171400202826 -0.149083827283533 -0.00424180062063211
-0.126954596998978 0.0984796413247691 -0.145122764290916 -0.0213427152471159
-0.202700063095218 0.0319424078828741 -0.121554033678232 0.00938418506055807
-0.22271426194632 -0.00108766399728547 -0.0247236066536527 -0.0586488706968412
-0.179556730295094 0.0674228456173995 0.10367112060298 0.0578391899547915
-0.0961246913426921 0.164275494631614 0.216114139514336 -0.0739060626490926
0.0130486000191402 0.166471045239884 0.116945615829487 -0.200019625011238
0.10404019536077 0.0919955307599208 -0.0588574507176801 -0.200229377797398
0.112392362176041 0.0198267621243811 -0.125020376449699 -0.0885619114703725
0.114322306932314 -0.0271964632660023 -0.10620682668616 -0.00509875412630417
0.10572454883758 -0.0566008658305242 -0.0583570921659821 0.0357540138007597
0.113511985029346 -0.0558455995568161 -0.0279634440276974 0.0431550193969162
0.112144915002369 -0.000618842612116637 -0.0133449320179109 0.0596675846487486
0.116558379141505 0.0522556671623745 -0.0356436855581883 0.0937122901357486
0.064785447432295 0.142153720569906 -0.0876832693442894 0.0897484305914007
-0.034401959939471 0.179916644244933 -0.130079116867933 0.0229632929553968
-0.15484732047458 0.109620292317675 -0.120273226691912 -0.00974296002618476
-0.235232544445226 0.0142829884686975 -0.0623829397210159 0.0194965751964666
-0.235317805090685 -0.0389753575637401 0.0522333109351291 -0.0343843648208801
-0.228828841019801 0.0374266199925379 0.149948789464805 0.0843547797582391
-0.154113894194383 0.178752912489856 0.253657822244921 -0.0342047370697886
-0.0131823507251845 0.211674507048049 0.167975869394434 -0.170222429969567
0.119209338636139 0.127405166826012 -0.00730267503403726 -0.191414809268064
0.135206202989872 0.0309019047113956 -0.0733773896550177 -0.0910729272897055
0.133524051757794 -0.0261256227632531 -0.0587802064788335 -0.0209894890625591
0.121816369506464 -0.0625583606201463 -0.0171001608729933 0.0133862527703969
0.12617482836131 -0.0663207814174458 0.0157815474319977 0.0250046014486289
0.123675058628669 -0.00896117864749495 0.0322569361627342 0.0503489512652161
0.128782881819124 0.0480206716286018 0.00600420216940855 0.0972657087179139
0.0721933939288132 0.150678202595972 -0.0532846320178761 0.104482316398416
-0.0400933247991681 0.188569897994878 -0.107541283204475 0.0421542314154315
-0.164725493242937 0.102881180913967 -0.0931959944534752 -0.00708045277683828
-0.235410062837994 -0.00824446366681138 0.001531134671008 0.0251861557020083
-0.203015379028796 -0.0670687269221621 0.122854345029748 -0.00436824499517377
-0.229251381340186 -0.00422750658590115 0.184726031845728 0.108177265772688
-0.183058822812436 0.151301490087617 0.262932852621091 0.0124301173265494
-0.0427867561837414 0.21231213480581 0.197428292795364 -0.119087466213556
0.108308957412933 0.13996167230533 0.0442071549013175 -0.158893419133364
0.133492888693669 0.0363643224058974 -0.0158897017355325 -0.0825382451588851
0.130942731477521 -0.022526488149134 -0.00593570204950949 -0.0344153856360541
0.119367147373691 -0.059873794492595 0.0255762136718592 -0.00971870322385515
0.121662240586916 -0.0665455682952457 0.0590953170437592 0.00475774660447574
0.120707030585901 -0.0138425306131878 0.0749945407495149 0.0388152808925315
0.125192227675687 0.0428961004737901 0.0452802603427543 0.0967347580044557
0.0652797949188469 0.144755277540875 -0.0227465334337905 0.112491343814611
-0.04923145242862 0.175160078287615 -0.0851044159036946 0.0556948800939555
-0.162045460658473 0.0791054266381505 -0.0673795492961966 -0.00901943695928816
-0.206920420829452 -0.0358114824946439 0.0601610330800085 0.0312759099636678
-0.13306268703621 -0.0792949853780025 0.172836709951057 0.0233741987287796
-0.181468199803403 -0.0396992321753619 0.201690001061928 0.120742769825923
-0.167374328126984 0.0982097838141797 0.245056732447301 0.0482784942780237
-0.0569533553807841 0.170538565660827 0.201435321595108 -0.0655259240765871
0.0805744967069797 0.122190076689883 0.0837185620236684 -0.115819172570051
0.109299916750534 0.0318162368471573 0.0357019021243842 -0.069072469048881
0.106391996528375 -0.0178300650994119 0.0416334439433316 -0.0448154095460442
0.0983470569193048 -0.0493817904432271 0.0629364617761007 -0.0308307727755388
0.100951553026893 -0.0570763704306073 0.0976228719669093 -0.0140042703166272
0.103763427536017 -0.0146779384799145 0.112336694835534 0.0305701925597729
0.108733987230554 0.0362176920383704 0.0774088451451203 0.0990067089127124
0.049280324190008 0.127221846666304 -0.000390762927284978 0.118850614201999
-0.0569142714366503 0.145119841389112 -0.0686410209989993 0.0658594567003859
-0.146761106352355 0.043914704471712 -0.0439629635965776 -0.00877441697484588
-0.153750156711441 -0.0632590284429273 0.108639061419924 0.0419976820245345
-0.0386404859162733 -0.0736043122036462 0.193826401147721 0.0374115028296945
-0.0981424805644263 -0.0579711708885537 0.201347548147547 0.113245690616788
-0.109738360039004 0.0395501597516732 0.214038647513554 0.0643840190245313
-0.0481121367811188 0.0992904244967463 0.188271071677229 -0.0288109396437675
0.0444282180235269 0.0776923778424006 0.107090777452057 -0.0793680170558689
0.0675752445927478 0.0183755430142126 0.0716669025696846 -0.0580572426596435
0.0636036398452636 -0.012615187708 0.0755972603864899 -0.0516862004637552
0.0624744653911443 -0.0316859854528692 0.0895564377851313 -0.0479477201609932
0.0660238483841921 -0.0395251794235358 0.126357481561636 -0.027399130517254
0.0760379905580539 -0.0132335056917539 0.139504308582584 0.0268008034085282
0.0803858904556941 0.0270778591919279 0.101203005517646 0.10633473958458
0.0293748247690249 0.0964477818809911 0.0122929467035671 0.129503835877678
-0.0565353625055432 0.0996039286048458 -0.0617491977950156 0.0780125362236235
-0.113323049326578 0.00593119319067856 -0.0274679821205695 -0.00627492195172249
-0.0811603181500852 -0.0819043039451446 0.142057167347204 0.0575286967122103
0.000205645587393203 0.0635280329058315 -0.170728949791592 -0.0527059053888592
0.0581401929039246 0.0118253440078214 -0.00553840496142883 0.0206277774029508
0.0417209180736368 -0.0364099431858758 0.0771875911163876 -0.0852907993344321
-0.0141271602623238 -0.0442001532809344 -0.00817580626892598 -0.154726762912929
-0.0348905187800667 -0.00577053054990155 -0.117585354656346 -0.132208528846302
-0.0176684675820587 0.00881430012487868 -0.173123194972465 -0.0456649743597881
-0.0151830613660796 0.00362490581582283 -0.150585520093991 0.0352874460718278
-0.0157989702633808 0.00269534238600945 -0.107166287090669 0.0663432925039952
-0.00979590593891797 -0.00191405275706829 -0.0924630489794661 0.0624732923148516
-0.00243930688362981 -0.00583549117856963 -0.0949126803014087 0.0622362794787299
0.00873528643140147 -0.0144564760687139 -0.112018977666689 0.0648750668179546
0.0317944292900331 -0.01112775441302 -0.152499712717083 0.0262245311247348
0.0478851903996385 0.031873785783028 -0.178132801892352 -0.0480575951713464
0.0054860676090819 0.0679846105323215 -0.177646913483131 -0.0623453286441961
-0.0478665918723644 0.070909637696632 -0.187914445806125 -0.0117107231985625
-0.0882844967750061 0.0590884149314235 -0.144426601336182 -0.0635395947847887
-0.0145925155828299 0.0490801840346329 0.0182159398670415 0.0231603934522573
0.0128948981314207 0.0361439847626244 0.109974901509449 -0.0990914867586912
0.00770494465848146 0.0189990952668213 0.0123781857800038 -0.18162061103332
0.0149276377969944 0.0167761376318594 -0.121544136411757 -0.156023447293168
0.0270501357016208 0.00611463184271424 -0.176830297188367 -0.0555586347472026
0.0323258435007885 -0.0133873801987066 -0.152544886242673 0.0302636452925121
0.0299327863660194 -0.0229420916798238 -0.103827848203067 0.0663237034987751
0.0401689988284308 -0.0214752181945222 -0.0858840310653245 0.0649870017655136
0.0462541634612197 0.00394026108750732 -0.0819291737596983 0.0650969751305411
0.0504543939247486 0.0237722962889668 -0.0974019684789069 0.0733572636260206
0.033318050668225 0.0607758986116622 -0.137399938963972 0.045494029561338
0.000689017605205648 0.0935983411804092 -0.165942867765453 -0.0254368191044881
-0.0707772503046301 0.0829956045311708 -0.165102735509387 -0.0371393503816583
-0.134864831150054 0.0541117985878058 -0.165911975774022 -0.000263688774632308
-0.1668151396334 0.0400063692010212 -0.094838794486495 -0.065193807076689
-0.0978353479219433 0.0727059418018085 0.0578301102487867 0.0336304282933478
-0.0316250678217479 0.109998696857956 0.159268972457351 -0.100757143158086
0.0222790870360776 0.0936390069211128 0.0531019067172749 -0.202469439403664
0.0664227593398886 0.0487183300106216 -0.105803575656895 -0.180392091014524
0.0729363937547957 0.00813369734365828 -0.162224572074617 -0.0684822783187154
0.0769275272086976 -0.0258525033616038 -0.137503326850695 0.0177364905109472
0.0716230033317423 -0.0453383590310095 -0.0847699783673777 0.0565197855700671
0.0817080638482586 -0.0425943191890675 -0.0612899040351901 0.0590527591640957
0.0858829964488246 0.0030106897965603 -0.0504152055294691 0.0662426850021098
0.090128867270145 0.0431815444141341 -0.0681476420083012 0.0875639830052519
0.0509063148815654 0.112574496559398 -0.113901723534823 0.0729344750481001
-0.0206136806241976 0.146864384717758 -0.15067771996071 0.00428634373505345
-0.12214408955918 0.102544354309207 -0.145157976710795 -0.015693185378117
-0.198287794749849 0.0407082393914425 -0.120320987356163 0.0128756206485401
-0.219898747202496 0.00862288749640853 -0.0259756839103754 -0.0547027993503329
-0.175781893827018 0.0739002066226528 0.107196608843629 0.0528442857636612
-0.0878374242988399 0.166289667966112 0.210844171936135 -0.0836696978206164
0.0193510915349813 0.164783203770775 0.106647179310368 -0.203639185494354
0.107904151224131 0.086404754488616 -0.0700526039266694 -0.19448467446551
0.112543898575653 0.0150665043274867 -0.127746002425835 -0.0808367908205632
0.112806157241684 -0.0323365486304214 -0.104443358881569 0.000698912695653307
0.101857742211406 -0.0617628481782975 -0.0532831251564334 0.0380596861856793
0.109058043815693 -0.0617649368546116 -0.0243204909358958 0.0451910757262422
0.112047835841212 -0.00552272486548044 -0.00837239969414613 0.0605654746821166
0.118126621510354 0.0462879858069259 -0.0279371589918081 0.0967088128636991
0.0708431782859818 0.139560651886659 -0.0811619910343394 0.0959082180970292
-0.0263886616064981 0.179918987748524 -0.1303310316504 0.0308430371317806
-0.148823256659668 0.115455027169939 -0.119912574815317 -0.00413047544891452
-0.232034475432406 0.0253057830224281 -0.0610838897739133 0.0207138437774182
-0.234466809009151 -0.0274634734887853 0.0513825904012148 -0.0330550886291224
-0.225165809391263 0.0468167274195286 0.153559752183638 0.077675085747956
-0.143433261807287 0.182951894659666 0.249394451199672 -0.046265281660481
-0.00360242449450779 0.211346833315193 0.158861334273671 -0.176639100555513
0.124959912289552 0.119765230147674 -0.0188416971532976 -0.18824207718169
0.135153534389525 0.0241517318939305 -0.0762158162764631 -0.0854051368264852
0.13212427235739 -0.0325561181175338 -0.0585500004897217 -0.0175924146922202
0.117202723244869 -0.0690611865842552 -0.0141672983644061 0.0148085050115381
0.1207471563067 -0.0725255770446373 0.0181284108028493 0.0251240794600144
0.122950473267035 -0.0145425871410836 0.0356768013856725 0.0485874515102692
0.129784771658659 0.0419408167319747 0.0135978153420749 0.097895979273823
0.0780860854522351 0.146457438386314 -0.0471363108667 0.108863659489112
-0.0307647206064275 0.188105248662546 -0.106289734699976 0.0497673674511287
-0.158383379401904 0.10951469048776 -0.0934032265056242 -0.00234322284162373
-0.233747931677083 0.00412394283249759 0.00199144828877788 0.0236923487146158
-0.20403132424135 -0.0562961403672639 0.122353664234723 -0.00667835271386362
-0.22801704495284 0.00611717836397401 0.188933985924698 0.100100535219756
-0.17324481889348 0.157199475521572 0.260743518738261 -0.00019736318932637
-0.0324588332600743 0.213597086909138 0.190594809500922 -0.127404931316114
0.114915915712053 0.132290159377131 0.034395220045264 -0.158554711988143
0.133667965305772 0.0288816486926135 -0.0188559469413758 -0.0802201907973099
0.128908417778782 -0.0288403244544034 -0.00720412979716344 -0.0335083820729749
0.114384236891061 -0.0662383756852002 0.0261038610374608 -0.0103394069321537
0.115329007744264 -0.0727270161205427 0.0596610715754325 0.00208069629174896
0.118631024743156 -0.0196369776819704 0.0777848972614828 0.0347579927505876
0.12550332733216 0.0359816335143475 0.0523579122741092 0.0953390938673137
0.0718210435659711 0.14052909428042 -0.0164087212333769 0.115219917293384
-0.0398212095172661 0.175613710261462 -0.0836120463595395 0.0620699696244725
-0.15625146643383 0.0859062194948693 -0.0679608251383388 -0.00497227798624403
-0.206814288744167 -0.0248385502223825 0.060224620630942 0.0272642209783525
-0.13585671950409 -0.0715712299855038 0.172920417291215 0.0191721023617288
-0.182264628054478 -0.0304621349980243 0.206257667155518 0.112010840279894
-0.159862242935507 0.105125744848753 0.245582368778497 0.0365511821506053
-0.0479057380700861 0.172112443526182 0.197228853511562 -0.0750635071639121
0.0864958603717607 0.115444255903284 0.0762261272715934 -0.118169213684642
0.108475376004435 0.0254180906038491 0.032579410974078 -0.0692654419986732
0.103749676716451 -0.0231678898564264 0.0390103540193263 -0.0458849016613776
0.0940774123610996 -0.0544141123784038 0.0612659141763642 -0.0330932167120203
0.0945501525474131 -0.0620895942586697 0.0960295078630582 -0.018450848306412
0.101958431793743 -0.0200447467983087 0.113382897866808 0.0241566330556926
0.108140206979799 0.0299918805403606 0.0836688156409184 0.0956307801201676
0.0551650743523797 0.1238519975011 0.00635416193527393 0.120635213755178
-0.0480285779918511 0.145799484184754 -0.0663797884954976 0.0711763627677207
-0.142192436113694 0.050825729781259 -0.0448447328046396 -0.00577797318459972
-0.156009489748882 -0.0538282725824312 0.109258048147198 0.035706068330597
-0.0420403518266774 -0.070305307043188 0.193660310491675 0.0318737227750241
-0.100468059290761 -0.0517894604003797 0.206143317218082 0.10523178131347
-0.105317741612379 0.0440003266856057 0.215420856107459 0.0529928720859263
-0.0420359685883674 0.100810550759993 0.185644052831304 -0.0389924184913728
0.048157322341274 0.0730050601252648 0.101180125795347 -0.0839526430166295
0.0664591317438293 0.0134887306338559 0.0686842537298003 -0.0608173993375233
0.0612708190305847 -0.0159547890268687 0.0720031783288445 -0.0547619518679538
0.0583647487487837 -0.0351424397317008 0.0859172424044563 -0.0507047835150082
0.0614581933124363 -0.0427056273114496 0.122892372819484 -0.0337286717571052
0.0735122584206723 -0.0174628215902935 0.13969863345049 0.0186516184975757
0.0802499437815333 0.0217499943483779 0.10659511710977 0.100158552724817
0.0339862314424913 0.0936499763912821 0.0187147105826886 0.129225467844173
-0.0498960686979945 0.10045204672656 -0.0587094041246446 0.0826529046067421
-0.110801924318547 0.0116283192474968 -0.0286827651233607 -0.00390751810751307
-0.0852118784044326 -0.0758476434531997 0.143323761465762 0.0495519071225584
0.00431912563925606 0.0602825841097097 -0.16942824316131 -0.0402349449418193
0.0558167113714822 0.00668007626029589 -0.00260018267840741 0.0199845423528932
0.0367508837688897 -0.0373545659076129 0.0716289069158468 -0.0898382826998682
-0.016457765300823 -0.0407609573967622 -0.0180986753767724 -0.151807560964218
-0.0328468098261126 -0.00166743376190166 -0.124967830987655 -0.121475806227296
-0.0156770115265738 0.0101611043650165 -0.173835347096653 -0.0324445209187641
-0.0137367470895367 0.00467637611571564 -0.144855870190586 0.0446310048147178
-0.0141737816178744 0.00412296183950686 -0.0997174945258662 0.0705277307996744
-0.00897182123461591 -0.00108626945206221 -0.0856961108211877 0.0681688902551669
-0.0017422378829797 -0.00521206497314994 -0.0877728604661629 0.0677177161227519
0.00807484158221244 -0.014486594293997 -0.104037902298439 0.0710578021209913
0.0289608300095812 -0.0114463817557667 -0.147192528206092 0.0362403220011358
0.0474076016373793 0.0275522275800333 -0.179315188708525 -0.0356933137217601
0.00936549264120434 0.0649071505781518 -0.178044918065759 -0.0525141270072906
-0.0413458967343698 0.0706443337754134 -0.185143374803609 -0.00313611868490424
-0.0819411050343554 0.0617803583322488 -0.145292532394605 -0.0518990587962485
-0.0125540383736342 0.0480270636740838 0.0206214670882962 0.0206766757664216
0.0130090001472493 0.0349435853665689 0.103145160657923 -0.105410202152719
0.0084359358152453 0.0201326955718644 0.000917279169270761 -0.17924610926281
0.0163966608995474 0.0169298336090268 -0.130165082737068 -0.144199676946366
0.0281896539488891 0.00481908908842237 -0.177466128592267 -0.0419350362609977
0.031683050001267 -0.0153810575668718 -0.147270186503119 0.0397460411942385
0.0289219539473828 -0.0240665461821579 -0.0954237961597123 0.0709094464066968
0.0380776435264112 -0.0234728230247343 -0.0784944134825124 0.0698997951056639
0.0465987161281665 0.000931089933244257 -0.0742513677564426 0.0703913500251789
0.0516091864554826 0.0204343974031543 -0.0891567393284399 0.0795624886590686
0.0359881856054131 0.0588068673884041 -0.130694559153914 0.0549456160809347
0.00571535163784721 0.0912373050170569 -0.166113566262348 -0.0132344515411908
-0.0643027848622783 0.0841428658812077 -0.16422413588619 -0.0279485824627128
-0.127607491457076 0.0606317231822735 -0.162889596029435 0.0077106194006549
-0.160482335416079 0.0483431409134874 -0.0957103824307426 -0.0562062361624506
-0.0927032513751389 0.0762586797476827 0.0600804408357733 0.0290952370701368
-0.0250879787237883 0.109077833010477 0.150252989022476 -0.109754554273646
0.0267979735774153 0.0921933539239071 0.0400333169276049 -0.202317074642276
0.0688020604576882 0.0438497794731909 -0.11645947537389 -0.168386124290006
0.0729256736802235 0.00364952650509817 -0.163704158878622 -0.0557153480613237
0.0752143226186052 -0.0302027317656908 -0.132131053149018 0.0265259019174762
0.0670190978272977 -0.0492851083088901 -0.0771170272866455 0.0603774433190463
0.0770267962400051 -0.047496092831373 -0.0545972852496184 0.0627818330276581
0.0860208130191072 -0.00220949054681062 -0.043467855033416 0.0691105377027966
0.0914485715226327 0.0369255539209336 -0.0589193055513618 0.0915085544176608
0.0572278002637632 0.10853986211503 -0.105671728864541 0.0803621374310243
-0.011738351248742 0.144600735220665 -0.149286916262207 0.0155963625287077
-0.113811040725797 0.107400638963586 -0.143650471707936 -0.00752747101361801
-0.19140443189293 0.0515224356571841 -0.117811598570495 0.0180511732311341
-0.214299382755164 0.0214251734423252 -0.0271404263348017 -0.049801634112181
-0.168705168919008 0.0815374454317657 0.109356146919142 0.0453230679237313
-0.076238171396259 0.167188364009087 0.202090759956619 -0.095324664823566
0.0283671144889676 0.162653184777705 0.0921084793868255 -0.206344155140936
0.111146078466139 0.077656870920233 -0.0822955440724482 -0.183724265741073
0.111765274091105 0.0074075015009885 -0.129956537405343 -0.0696801731309773
0.109383315270768 -0.0393367535107179 -0.100573223248073 0.00795897189815798
0.095437891694937 -0.0675528380933375 -0.0473990405712434 0.0406721166201202
0.101811833558702 -0.0675713365404633 -0.0189630698914788 0.0465781242277434
0.1110360026542 -0.0124781639358086 -0.00265446333662194 0.0603199135678662
0.118932153411731 0.0380163115582469 -0.0185371884406353 0.0979751155686292
0.0779081948629088 0.133561060877973 -0.0722769773126815 0.101652142907992
-0.0141819794563507 0.177489870060073 -0.127011915438618 0.0414074314595237
-0.138939878313988 0.121764069225687 -0.118053002360914 0.0029443615252695
-0.225476081943347 0.0396000509318353 -0.0592238512990377 0.0226385873848783
-0.230194388890579 -0.0125870988143469 0.0492772477230763 -0.0334534230044233
-0.21824545610636 0.0587639085909572 0.156558619439249 0.0676091704385027
-0.129093999467739 0.187144932708161 0.241527726713455 -0.0609589050437279
0.00909173425240064 0.20831947616831 0.144986290754835 -0.183073959429443
0.130196562269211 0.10833295682561 -0.0313582892288376 -0.181061989852622
0.134143150300136 0.0152671834982554 -0.0796803202177722 -0.0782945811029026
0.12757862617403 -0.0407278545011477 -0.0569981424051061 -0.012913451784355
0.109457853465512 -0.0759537813073215 -0.0107373487853363 0.015124122458575
0.111746285138997 -0.0793498719942488 0.0208522909637294 0.0233121718098317
0.119881296848327 -0.0219929716685666 0.0402470301541388 0.0455559334967802
0.129330346313519 0.0325316727207814 0.0225116510600083 0.0962614026460264
0.0863955171729295 0.140133748823644 -0.0372599356297137 0.112244828921009
-0.0172419551798858 0.185668046921754 -0.101881710695762 0.0580562645351301
-0.148118839081983 0.116898801201876 -0.091867716440203 0.00360619360886544
-0.228626000480403 0.0187960914033437 0.00271813033716845 0.0223878949969754
-0.202701011635958 -0.0422850143165923 0.120818965564518 -0.0107583077485703
-0.223959409610484 0.0198747013729289 0.192478864333433 0.087824056944288
-0.159487208094863 0.164100568608253 0.255337756122711 -0.016908669622399
-0.0180282351221587 0.211995250539633 0.179186353660654 -0.137760030664893
0.120986153574437 0.121622674618284 0.0218644519025614 -0.1564130359026
0.132114091869509 0.0191680032528635 -0.0230725288575642 -0.0769496910593171
0.124486778618408 -0.0376634369661069 -0.00806801358721604 -0.0317365707131491
0.106206902428686 -0.0726945227199663 0.0264047611907222 -0.0117792387000866
0.106483543169976 -0.0788902568007186 0.0593201689337686 -0.00223364720570016
0.114878304933648 -0.0267796249871527 0.0801211471598959 0.0289806368571978
0.124363097204238 0.0268338485645701 0.0600663105818161 0.0908324768199098
0.0797137934149046 0.133872631920465 -0.00703475754381544 0.115955634262502
-0.0266808771826468 0.17354418080243 -0.0789427720082078 0.0685707200723403
-0.147251856333065 0.0943498449500464 -0.0668869560072368 6.24389119295183E-05
-0.204018628264872 -0.00967921633100625 0.0600079065869834 0.0222693718162147
-0.137580630317803 -0.0612665285160788 0.171245742491202 0.0113763337105198
-0.181375571699366 -0.0182268210428336 0.210656269022778 0.0978593283683031
-0.149076613509412 0.11248426659802 0.242730863660388 0.0202481428398228
-0.0354943043976947 0.172107385994444 0.188800420920191 -0.0872144277816085
0.0918308199613134 0.105458369461626 0.0655290150240823 -0.119779412810366
0.106912609955396 0.0166009774881494 0.0284843862168463 -0.0695636095813619
0.100014853267955 -0.0295760718178931 0.0358140435690273 -0.0471276886621503
0.0869187296718886 -0.0597786707478473 0.0582620243209191 -0.0356867021557785
0.08690290579856 -0.0666839609280172 0.0928511027992633 -0.024625484678745
0.0975570248578385 -0.0271856563499469 0.113392182329666 0.0159558913974984
0.106819886417539 0.0217493226273292 0.0900132811072029 0.0884011850667696
0.062622879096437 0.117217377925004 0.0151069880890629 0.119222881800463
-0.0364924614179742 0.144840981750025 -0.061461056517366 0.0770297501906872
-0.134862977233441 0.0594666983543293 -0.0447103800689958 -0.00195343760051745
-0.156192840873328 -0.041643784500311 0.10839536054754 0.0274681357372351
-0.0461781335098104 -0.0654971059047722 0.192405606201273 0.0230059957427077
-0.10236856497351 -0.0436062996647725 0.209722137720094 0.0920694450085222
-0.0985427338388303 0.0495137428892733 0.214132596864024 0.038283896494717
-0.0338365519028153 0.100961350602748 0.179495195896706 -0.0507500215473506
0.0517668387930501 0.066286789180562 0.0932429231507129 -0.0884890243249834
0.0638822809970673 0.00780777425166878 0.0637736983761953 -0.0636054355234879
0.0581023099951264 -0.0195600198178695 0.0666769429777325 -0.0580817578482729
0.0537067123792475 -0.0387561160808299 0.0800168646421804 -0.0545052655544452
0.0551901124210196 -0.0458003606597176 0.117899863103231 -0.0410860951332771
0.0693836874616262 -0.0220219105103029 0.13820616657225 0.00833247418429062
0.0786152552645705 0.0150488022537366 0.112594898790037 0.0917740028173734
0.0403818201230497 0.0889193339365637 0.0277128605066592 0.127120446335653
-0.0407165963141161 0.100321303178384 -0.052963706497721 0.0865268336558042
-0.106245286410249 0.0190657916093101 -0.0286530498735786 -0.00148824009008028
-0.0882820440403075 -0.0673052862626816 0.14197007765091 0.0385566250524204
0.0113162514010681 0.0562260957032263 -0.167129184986757 -0.0108390479703064
0.0521146518698187 -0.0038799681045788 0.000441520966021525 0.0208335040172479
0.0261435592100424 -0.0425518115407447 0.0544304239281503 -0.09574474548793
-0.025052095774796 -0.0360966770550693 -0.0400838456771502 -0.140476631903056
-0.033360616743119 0.00390677828142702 -0.139065003516116 -0.0954632306320135
-0.0165255161849869 0.0136535517628136 -0.169066557907239 -0.000540064770181421
-0.0129442408376532 0.00838225448107239 -0.128479870260838 0.0657604535260789
-0.0115084993624197 0.00756161490061198 -0.0813441764952607 0.0807511988298825
-0.0078423374342123 0.00199665597187061 -0.0705601725539256 0.0771813811051507
-0.000981647714725704 -0.00358122859625463 -0.0739408755287718 0.0772704157613303
0.0061365507276857 -0.013014218946361 -0.0871940733840828 0.0825695135544676
0.0265254597266315 -0.0128699041809413 -0.134958360097709 0.0545488891194922
0.0485392006172164 0.0207336701484556 -0.177891667491689 -0.0093416007543631
0.0194668653109164 0.0602465460805687 -0.176898802837645 -0.0282968454108456
-0.0279424800476512 0.0734735857313997 -0.173870749056643 0.0183256951421084
-0.0694625485898734 0.0729937484770842 -0.142811682044261 -0.0290056726683287
-0.00381242979098187 0.0468170155897801 0.0219905358360585 0.0142361203122961
0.0174566185371251 0.0284540680683122 0.07784321338881 -0.117044718556398
0.00968898792538442 0.0165907940972371 -0.0295422348123977 -0.16979785690483
0.0156640938873969 0.0122054017168084 -0.148624744061722 -0.112976453444273
0.0237295655418578 0.00164846677565722 -0.173689443504577 -0.00781595573160993
0.0272326041679654 -0.0191222592153695 -0.132244981400853 0.0631227164531543
0.0235238355221966 -0.0254050053413043 -0.0766656505904966 0.0808667088870793
0.0331987343144878 -0.0276182973857394 -0.0629825422779304 0.0787327218553317
0.0468029347320848 -0.00589642271765642 -0.0607717371774213 0.0784065252684099
0.0534017637307914 0.0122669769847332 -0.0726234985109123 0.0882036406938148
0.0453727783219697 0.0533695953763137 -0.117001872981336 0.0690776118573856
0.0197108807605951 0.0871211131327438 -0.160600158882746 0.00902693632319677
-0.0473065181795657 0.0903864640878137 -0.159259724772252 -0.0045187847799974
-0.111168501985856 0.0764902356828734 -0.150450420655776 0.0277046992573337
-0.144281200717775 0.0738106691077636 -0.0954247033501118 -0.0434166402260943
-0.0725046228652927 0.0878143876725773 0.0606298922937499 0.0115551472578968
-0.00447580696971902 0.104182319200937 0.118726921818524 -0.132012154702796
0.040666447053193 0.0796431951388686 -0.00040044602211059 -0.198684524336641
0.0685667930656149 0.0279599253642573 -0.141165167999212 -0.136132559589796
0.065714585257534 -0.00691998484073205 -0.163010039505933 -0.0225370383697527
0.0659229461207912 -0.0417674590175177 -0.121411477294833 0.0493162152260838
0.0552373648074347 -0.0555662000616782 -0.0602764068701566 0.0688245376159961
0.0656566102441769 -0.0573819060439898 -0.0405112808464861 0.0684819511906361
0.0833114321768791 -0.0162408447938466 -0.0315363516595441 0.0732042343996464
0.0936372966553057 0.02064097958909 -0.0424414715612172 0.0962328762307722
0.0740300354238689 0.0965123637124699 -0.0902696372249612 0.0895928476989105
0.0121071822431659 0.140024730544043 -0.139723494956042 0.0338466496726245
-0.0905013825650687 0.11936576756084 -0.135503682044007 0.0138456982129056
-0.174075264290734 0.0776398964764842 -0.105639247810314 0.0342209671818473
-0.198426602183018 0.0580979963195403 -0.0281731618698005 -0.0490991084790181
-0.140932017474791 0.106522683465437 0.110236134125145 0.0160377740081028
-0.0406610308359549 0.166630426424422 0.167260914806756 -0.130963420315622
0.0568055450508752 0.144663880254454 0.044894461910747 -0.213242432727177
0.11420970700667 0.0512364602663493 -0.113299465840947 -0.154536245846229
0.102923956241672 -0.0104037324318007 -0.134040574274717 -0.0400604862974533
0.0975329000989646 -0.0571654370801698 -0.0958977736729262 0.0273953537439369
0.0782421100439914 -0.0776734280853656 -0.0350895069907146 0.0462272620188177
0.0846985761841816 -0.0813760084445843 -0.00934779665913067 0.0477270849124841
0.105226614911277 -0.0306055920166343 0.00621241671222795 0.0590531323613885
0.119681558774434 0.0163335804855752 -0.00359718852850131 0.0966056156280892
0.0990871133539474 0.115829449571704 -0.0554850759766157 0.105277543720573
0.0156898814780214 0.170845724230388 -0.114713902852594 0.0551548688949421
-0.111123066587391 0.136898713974999 -0.109455968881165 0.0213999027084802
-0.20805542629676 0.0715203618511792 -0.0497352889877165 0.0323526115603107
-0.217829553137841 0.0290246407036584 0.0478109379794328 -0.0461618252708241
-0.190970730294654 0.0948415048550258 0.160454866846742 0.0272903858563664
-0.0854371606728532 0.195097911261847 0.209897175481991 -0.107561840484887
0.048544568835936 0.190839744021609 0.0967204879928246 -0.201824336142499
0.137554770817341 0.0759015654424924 -0.066036397092968 -0.159920377532504
0.125140475461144 -0.00881457581491189 -0.0887520741476867 -0.0553484792504509
0.114912124269875 -0.0626294312874657 -0.0590419314180423 0.000510292378341425
0.0898287111795531 -0.0878461166876752 -0.00569577928789397 0.0175877431028575
0.0918081266698054 -0.0941844102045858 0.0247379706844607 0.0200319559268462
0.111787720340927 -0.0415235999787117 0.0444702120640852 0.0388328315421768
0.127862143422271 0.00924576077720012 0.0353538422554512 0.0889323589877077
0.108439652079815 0.119562029046255 -0.0213740524243449 0.110421314027637
0.014762290403076 0.178600498627491 -0.0879635969146375 0.0680541033037495
-0.120751061475691 0.133507525164219 -0.0845215536713391 0.0192095450573198
-0.213856877011205 0.0523827593110224 0.0082147000122203 0.0250506473104467
-0.196279208983652 -0.00413328300111173 0.11817565543677 -0.0338758551261219
-0.20220567522512 0.0595715357845757 0.199833716156295 0.0415822434729883
-0.116914298920742 0.179499049801747 0.231797382976474 -0.0694792665781232
0.0246486059281331 0.199482955182145 0.136932910319401 -0.16576892293967
0.13296463422546 0.0880673119096725 -0.0124956912631015 -0.145216177710908
0.12463858144054 -0.00556941018779959 -0.0349789081134719 -0.0637994340750726
0.112019973571344 -0.0591454780504305 -0.0161799133480254 -0.0252303795002322
0.0873153766012099 -0.0854805055525442 0.0247179021108198 -0.012974399585222
0.0859988583701609 -0.0936465200427365 0.0572884900566616 -0.00962832388894196
0.1051596017125 -0.0459176691922326 0.0796900743782878 0.017104099912803
0.121589757636037 0.00395863452610356 0.0699436916080082 0.0786801900881845
0.100801332552622 0.113737559796474 0.00840126112079926 0.109775099008686
0.00471012197522438 0.167707303727548 -0.0639404692941002 0.0748113983048795
-0.122606601847333 0.112223873200355 -0.0610606029825116 0.0128031755737775
-0.19582798221995 0.021515974630086 0.0616711408350402 0.0179550995711597
-0.137633766172247 -0.0337644426881299 0.168478247664499 -0.0182335275336116
-0.168954182262699 0.0161990642850177 0.219503255248416 0.0518085371287425
-0.115819333491903 0.130184601924624 0.228589925475362 -0.0304152079966947
0.002027694353228 0.165611168193577 0.156269832789091 -0.12046547867978
0.104149816881223 0.0787205457968638 0.0359145880015307 -0.119969173260361
0.100798744249764 -0.00450570535692467 0.0145709807176913 -0.0660639096209584
0.0898183248245778 -0.048021025180298 0.0231669924187213 -0.0476793615161303
0.0711819508336283 -0.0707969503462366 0.0503905734173821 -0.0407739478970115
0.0695844332425555 -0.0792432305415381 0.0852539563291094 -0.0359328123208297
0.0874407249791724 -0.0434191926425835 0.109154055340223 -0.000567118916857872
0.104121121520912 0.00154933428897492 0.0976233463386307 0.0720995330591137
0.0813788975207046 0.100233157224276 0.0297001411139057 0.110458324699679
-0.00876692062242659 0.141472800377979 -0.0461694109838985 0.0805349937481229
-0.116505859151682 0.07742875308055 -0.0407593247205541 0.00733721022101176
-0.155084601433956 -0.0161603027208628 0.106452933466846 0.0158539377061242
-0.0523372009773381 -0.0544723546791986 0.188828363551933 -0.00684397258107431
-0.099520131568107 -0.0221342091002894 0.217189300781534 0.0499103645225951
-0.0798996284546704 0.0626554317226658 0.207719525641341 -0.00499232282220027
-0.00925838629055537 0.0985755772441611 0.155990036272721 -0.0823767460791237
0.0606292532134099 0.0488848119513488 0.0686822233522251 -0.0968047785336837
0.0601329964454585 -0.00647296008104168 0.0489363526757156 -0.0677834496041149
0.0507543708931966 -0.030517221555767 0.0518409464460021 -0.0637781202343494
0.0430649717318731 -0.0454847578959788 0.0670000780060721 -0.0619515773857699
0.0434752647247375 -0.0536133736211531 0.105585309705396 -0.055454675029495
0.0609306163479515 -0.034661262601681 0.131661746988419 -0.0114613930394735
0.0758825983005218 -0.000504192352423435 0.119337518740631 0.0713145744371806
0.0548414837520386 0.0764786135308566 0.0435308618575214 0.116181035699491
-0.019857985924219 0.0998736478331709 -0.0367628715337064 0.0888404688059377
-0.0954246995637146 0.0351236555658773 -0.0270775234101708 0.00600012540961775
-0.0940516981972678 -0.0510826584392465 0.137581661425607 0.0204538932847805
0.0121551549349293 0.0508822675697324 -0.156004084792273 -0.00233168956569299
0.0467448773848577 -0.00579943031977955 0.00141883316108279 0.018732761796224
0.0214471249057744 -0.0393819098542125 0.0476171750243647 -0.0936872649264006
-0.0247882928348949 -0.0313702287348345 -0.0440413441706159 -0.130713462802105
-0.0294802460677895 0.00582565671550619 -0.135706494385614 -0.082332410590864
-0.0136090744732765 0.0141339406320108 -0.158987076130095 0.00880097328693795
-0.0112583145158915 0.00847822941877809 -0.11785069249127 0.0676711613095137
-0.00993479977125812 0.00747170849746902 -0.0729404020286752 0.0786933250436362
-0.00592381263474357 0.00198020708997292 -0.0622696178950437 0.0759638795007671
-0.000491188108323872 -0.00316922021903747 -0.0654602370878918 0.0769316778511407
0.0053214079128176 -0.0122436050965665 -0.0775868853607626 0.0809730789351543
0.0232065798219573 -0.0118960826155591 -0.123343080935905 0.0573293689024696
0.0452851395195614 0.0170535362811048 -0.168173231578719 -0.000697642871236013
0.0199556751851168 0.0537407785981211 -0.16831684279304 -0.0199561697204227
-0.0228928736489857 0.0681807671251354 -0.163741805193335 0.0219577177877437
-0.0624019816314456 0.0703268135276141 -0.134044498210065 -0.0207613556952492
-0.00291431545218226 0.0435084892693814 0.0215011644916626 0.011701354913492
0.0162016359307844 0.0269875078794337 0.068145369716237 -0.114388734937959
0.00970097093921532 0.0168118510059172 -0.0351627318809813 -0.158921453944918
0.0161160282545523 0.0115075879096676 -0.145269125018652 -0.0982086308143197
0.0234073399677737 0.00102258153590017 -0.163638143456268 0.00150314320815219
0.0250574243704351 -0.0196500698316312 -0.120384598007096 0.0655865632903691
0.021595318224397 -0.0255840542673755 -0.067591622233374 0.078132179578746
0.0305315512056429 -0.0278216306441348 -0.054271602322854 0.0770549874053554
0.0448932898333924 -0.00770400230478204 -0.0523088753822196 0.0768902922753983
0.0509037381385815 0.0092866981295429 -0.0626885888617672 0.0864205857282712
0.0448238119944242 0.0495344196584425 -0.105576367029772 0.070232081082174
0.0212792953108186 0.080931472924075 -0.151695888386877 0.0163570805934431
-0.0416882988992137 0.0849792754708762 -0.15130497438561 0.0014982930930715
-0.101170242587031 0.0753040439456403 -0.141148944066841 0.0302908110928188
-0.131942952260629 0.0742440605933471 -0.0897262015326077 -0.0357822521589698
-0.0654106594014827 0.0849967645660678 0.0578031552533264 0.00792782804385374
-0.000982068491436859 0.0983464337419126 0.105826522119264 -0.129531317623673
0.0415373532652685 0.0749604638732183 -0.008904919205084 -0.186948124931691
0.0661198265959182 0.0241215974790508 -0.13886620145313 -0.119588729559231
0.0625039505710244 -0.00903288899824123 -0.154023393306397 -0.0127497627944374
0.0606125082432532 -0.0431866641937108 -0.110666815819061 0.0520891780036244
0.0496415022360475 -0.0551142666995082 -0.0525459349204315 0.0658942497398578
0.0584461463111585 -0.0569802678384343 -0.0335895921591375 0.0663650700189817
0.0787331913330697 -0.0193306666030822 -0.0247987472036087 0.0700919800982435
0.0893503757097034 0.0152958072006195 -0.033485424344214 0.0926039497088384
0.0744959324169932 0.0888231424702078 -0.0790807910051179 0.0893255966912382
0.0169237288371922 0.130617761886998 -0.131051022469308 0.0391400147684042
-0.0799358816501272 0.115033685360721 -0.128432802134141 0.0174538817497204
-0.159531902996796 0.0790713669136848 -0.0989938061284408 0.0349370276308699
-0.183135039793216 0.0624580132085338 -0.0266910801425349 -0.0443848385546539
-0.12876089608051 0.10558077542828 0.104774343980737 0.0100578105722488
-0.0324637403084615 0.158222341234254 0.151415815079181 -0.130224044046079
0.0590780188508297 0.134998974769872 0.033276168682987 -0.202702404069175
0.109537522663523 0.0433772962241213 -0.113079075304528 -0.138379284025305
0.0965797314238046 -0.0145757569922817 -0.12750349807088 -0.0307873597007956
0.0893791765619541 -0.0588218521529889 -0.0873736455531605 0.0308617138674662
0.0703372801453562 -0.0770519070979881 -0.0296185860405123 0.0437486953009417
0.0751374169583839 -0.0802613517096045 -0.00487635983427262 0.0453973210450058
0.0982441908684965 -0.0336990353501026 0.0098118586029915 0.0553702756266703
0.113309655209124 0.0101940256826767 0.0032516259374675 0.0911469504677387
0.0994556835580977 0.1057841474412 -0.0454515622306694 0.102304954450424
0.0223719712023357 0.159205529664777 -0.10573761950408 0.0590592723002548
-0.0989538711760369 0.132647171545806 -0.103153594233348 0.0243259621945017
-0.191915038437133 0.0755078607889194 -0.0460972403284241 0.0314628848461431
-0.202824946953091 0.0359636678143092 0.0446932651187845 -0.043828632145457
-0.176262993619096 0.0968755807361302 0.152788574300347 0.0189203403307991
-0.0725502828994585 0.186088155491505 0.192692220726746 -0.109729775145937
0.053755375710786 0.179041136521535 0.0824475965677892 -0.194657100102033
0.132442534426726 0.0647640709369494 -0.0695549117914454 -0.144812610012602
0.11710866202848 -0.0133785864849195 -0.0849554812592631 -0.0477196696868692
0.105047766326802 -0.0651079182914457 -0.0539419289367601 0.00355299566564219
0.0798343011465554 -0.0869977126948399 -0.00264535407395274 0.0157596948621811
0.0804551218340885 -0.092386538017069 0.0255337534275993 0.0175556444659932
0.103279502413707 -0.0445004095839894 0.0448541182062259 0.0339915357862716
0.120413224541562 0.0031331922818647 0.0396912075559231 0.0823287053821407
0.107995629391108 0.108309190036459 -0.0125122019603644 0.106449905381277
0.0214657542157284 0.166241708398666 -0.0800648535144634 0.0704895434038006
-0.107499356518154 0.130856613693171 -0.0788856484081548 0.0216734333059315
-0.19820059543321 0.0587154656508687 0.00803321733298983 0.0222962019497452
-0.183818038014247 0.00439584719020641 0.111327599230541 -0.0351395738601702
-0.188170828685995 0.0645149494671129 0.189951010795053 0.0303904226524866
-0.102350509885448 0.17302137222572 0.214976678132358 -0.0747538693833535
0.0327999676175596 0.188057969326274 0.121632503617116 -0.162481949774595
0.12812184530588 0.0762995551197984 -0.0188126741505982 -0.134187248126602
0.115644800800866 -0.0106861082620805 -0.0354159985219692 -0.0584561675443129
0.10236384256547 -0.0612113962610251 -0.0153437524098118 -0.0226449933969118
0.0776103641382781 -0.0846902553316338 0.0236097511824572 -0.0138706169906536
0.0750446867217727 -0.0910525282932471 0.0537790814868793 -0.0119060255576682
0.0962712141141419 -0.0482690235979608 0.0760380391170392 0.011787867403653
0.113739728348745 -0.00195041440882657 0.0712193761044509 0.0710077591976045
0.100679281338977 0.102532383371649 0.0143504657164462 0.104642561291866
0.012006527612417 0.156254403862244 -0.0572002151517021 0.0756232721405112
-0.109746638474836 0.110447501824953 -0.0575450253906112 0.0147202504596214
-0.182370339760542 0.0289670699497459 0.0577463679342957 0.0137842134452813
-0.130855241664215 -0.0255742255710474 0.159087592269153 -0.0220558490536346
-0.158453237017366 0.0228235519498916 0.208919566430018 0.0392115029783534
-0.103191879928418 0.126294805759302 0.213841738633882 -0.0373677866833687
0.0104306727421386 0.156192958114651 0.141267531630245 -0.120645546356983
0.100970482824647 0.0682513247592056 0.0280599313084256 -0.113394705749586
0.0929965261078185 -0.00850649930574349 0.0112912420655441 -0.0628705714813085
0.081171055479669 -0.0495583561814234 0.0203677804641988 -0.0458177308652049
0.0625128117263875 -0.0698895880586423 0.0457746200935912 -0.0404625288804786
0.0597733410193216 -0.0766556029847793 0.078326067416649 -0.0373660136504883
0.0793126969504493 -0.0446433962964761 0.102566119072424 -0.00647122554967636
0.0963498443841583 -0.00362353865110568 0.0967270637516457 0.0630984959786855
0.0814426199271453 0.0902828802234998 0.0345673755594088 0.103440972320504
-0.00144276153246893 0.131951000908653 -0.0395586622832482 0.0794445581406101
-0.10501078858272 0.0776111953117876 -0.0387627529614344 0.00931140488216061
-0.146141497858146 -0.00791862944224597 0.0995847837578086 0.0100737202147354
-0.0516981691667344 -0.0491691027007126 0.178058751304815 -0.0119915844334043
-0.0948830376425533 -0.0152957951134673 0.207752979838522 0.0384676769347097
-0.0712422963668637 0.061903367274707 0.194988244569954 -0.0125120609151535
-0.00308746091651185 0.0929701091687474 0.143016551891535 -0.085217957681438
0.058115584464398 0.0416067402579489 0.0593998786564368 -0.0936611109529775
0.0540418844622113 -0.00910409716847596 0.0433627530503984 -0.0664076295971904
0.0451632588959921 -0.030918865818434 0.0456558945129193 -0.0621428944495142
0.0373702240594887 -0.0443599173516607 0.0601887571607983 -0.0606367889818285
0.0370105505766214 -0.0516740595789652 0.0955152953495738 -0.0566536425685569
0.0542710593207719 -0.0353876729877803 0.122748363359077 -0.017485127938677
0.0704459012728235 -0.00456078841098516 0.116378283150345 0.061377148204512
0.0559632228016698 0.0684193321740738 0.0465737854378287 0.107796896232234
-0.0133290724716129 0.0936168247006301 -0.030934250773374 0.0864452847245017
-0.0865860114183939 0.0366614123801669 -0.0257531105639321 0.00696404544482361
-0.0908680332512012 -0.0428342306742594 0.130164435952028 0.0130476414480273
0.0116864459962677 0.0466463261475501 -0.146133880507042 0.00053894237865115
0.0428858448764677 -0.00642788542487675 0.00192911258350659 0.0174607166691718
0.0190980530357333 -0.0363057322322028 0.0430370877463068 -0.0905432312729863
-0.0235216211387334 -0.0273442361790702 -0.0437281803713384 -0.123363163286088
-0.026185319727763 0.00646456542404417 -0.12973655683065 -0.0748082272057827
-0.011363525111089 0.0135874879445389 -0.150172447466953 0.0132283110303733
-0.00981673011928953 0.00768649737371853 -0.109656052108624 0.0662307109953569
-0.0080544943548249 0.00679792531089448 -0.0679066047953733 0.0749201001725284
-0.00492666769288205 0.00177825119719672 -0.0566438291959863 0.0734271429386579
0.000238872245556934 -0.00330626376584386 -0.0596314202177415 0.0744521123709637
0.0050509460832286 -0.0113387490518146 -0.0705517319233703 0.0779563462496923
0.0215291588432428 -0.0105019575993428 -0.114934883584797 0.0557843605423812
0.0418285517845238 0.0155362126571951 -0.159945202109586 0.00309959884731044
0.0184800470025611 0.0488651777500773 -0.160202857629245 -0.0173246925119067
-0.020638306955567 0.0632208847589099 -0.15528583022029 0.0207608894081953
-0.0579351643863146 0.0662593084026982 -0.125552287732336 -0.0166691154227108
-0.00349336934575058 0.0411096698285954 0.0203769751769449 0.0105122468360976
0.0151124709532626 0.0264560885944297 0.0628084576440049 -0.109966597619072
0.00979196781497482 0.0172821977198066 -0.0356503287865185 -0.149388239477055
0.0170526851737922 0.0111898374901922 -0.138462671514738 -0.0892266993655259
0.0233530142842103 0.000721556952796337 -0.154596864496999 0.00612248528602066
0.023799093494377 -0.0194051712778482 -0.111523902763449 0.064621237716365
0.0209680590414447 -0.0251749950162532 -0.062451185778847 0.0738035591045366
0.0287675140544568 -0.0268534146977787 -0.0486580516451317 0.0739439980226806
0.0429871009151201 -0.00858902516302919 -0.0471267852698629 0.074166363613053
0.0486530452489546 0.00818703677688675 -0.0564067489938689 0.0828835951398424
0.0432574420291783 0.0475241931862839 -0.0979091648221821 0.0682611806184373
0.0203136324198734 0.0758347257556066 -0.14401809672522 0.0194289852501801
-0.0388171825354152 0.0795282042894157 -0.143623640638559 0.00233569551435128
-0.0943034498729445 0.0706872675817162 -0.134037405363289 0.0286984847301574
-0.123258393986636 0.0711498884311032 -0.0842053914161819 -0.0322329035992001
-0.0614922245193339 0.0805644318576499 0.0544096933107239 0.00604983552137449
-0.000294198937766464 0.0932168598993661 0.0982945727933448 -0.124139454771887
0.0408105448263832 0.072226674062732 -0.0113223013033425 -0.177171355850288
0.0636190082549263 0.0223586236409792 -0.13276600654492 -0.10934642826759
0.0598360388651486 -0.0092425169777679 -0.145401163170266 -0.00786706203059776
0.0563103421194536 -0.042737388601056 -0.101828632863116 0.0520954859208477
0.0465454615707614 -0.0536298108820427 -0.0478717444837242 0.0618966479292299
0.0544782043918438 -0.0544811144827583 -0.028873902417537 0.0632295417664217
0.0750199031750245 -0.0200433195835144 -0.0210457506008239 0.0669674144111016
0.0847681417729599 0.0129344455989582 -0.028207540336219 0.088379908322626
0.0722962410269767 0.0837011410578105 -0.0719456669452694 0.0861302713865811
0.0174824644721076 0.123254873341478 -0.123784401044682 0.0411702801955233
-0.0749389334515379 0.108440984879804 -0.12207204136846 0.0177224831177027
-0.148690343488675 0.0759112145500518 -0.0941232395069141 0.032435541856228
-0.171501935996526 0.0603846701909981 -0.0248124667147797 -0.0409671632878919
-0.120584636593299 0.101334542572339 0.0991068376854515 0.00777663982406617
-0.0289590309224161 0.14981960843483 0.141757756379312 -0.125146004335027
0.0585362303737204 0.128512129432507 0.0287692737807983 -0.1930293158331
0.104395068843592 0.0397733738402406 -0.109223765523455 -0.126733120189284
0.0919002498731492 -0.0147997190838602 -0.120492003444472 -0.0260467381347243
0.0833382199468874 -0.0581697999997758 -0.0807143210631974 0.0308884903436878
0.0645866852056498 -0.0747509631589718 -0.0261196485887634 0.0405083893298497
0.0686242879548751 -0.0768646703297838 -0.00205116094010844 0.0424760069490252
0.0927407021510122 -0.0337787380107037 0.0114187165721649 0.0517023170695255
0.107292593399452 0.00780032977363308 0.00664042823692218 0.0861993813715714
0.0967240818687827 0.0985513167896456 -0.0395084311500706 0.0989024868006501
0.0231088761417012 0.149841337765768 -0.0994875949746511 0.0592985919529751
-0.0913050651399641 0.125560054020565 -0.0981779632584108 0.0241982631169499
-0.179028450791005 0.0738178029938198 -0.043725639163769 0.0293485680002901
-0.19021622328458 0.0366384262424117 0.0425940651641297 -0.0409541573079924
-0.165292152826357 0.0939588458658681 0.144696205981358 0.0150019491870099
-0.0664670893427521 0.176840653950888 0.181091028698491 -0.106477112137697
0.0547099495033955 0.16977999920651 0.0749241937389797 -0.185353987550092
0.126231060476553 0.0590485206545015 -0.0684419653633357 -0.133582611417362
0.11012056417 -0.0146091508102529 -0.0806619469571346 -0.0431279694419012
0.0974382258836238 -0.0642856821482588 -0.0498335795959087 0.00497788941994684
0.0735170513614495 -0.0843317118052779 -0.00130155866268167 0.0138053264953269
0.0734085947619244 -0.0884412063151676 0.0255443754999915 0.0152798387839266
0.0970059299183003 -0.044248111369315 0.0439750360212779 0.0310500987159113
0.114047037321161 0.000980834494197098 0.0410888025026429 0.0769454429712963
0.105158620233644 0.100793693037042 -0.00850556628095581 0.101515976743953
0.0232030536668603 0.156091524548752 -0.0746001069170573 0.0696644303736457
-0.098790705920527 0.124151208564166 -0.0754410446789016 0.0215507518359623
-0.185664503611615 0.058188718200017 0.00716930188047445 0.0200599655909073
-0.173064334841499 0.00687580151674245 0.105640501124976 -0.0335770533672188
-0.177097318106417 0.0640280674227477 0.180639734470789 0.0259840156654065
-0.0942941253327535 0.164648946205843 0.202344176376061 -0.0732741072096549
0.0352590040939197 0.177388201413097 0.111250794072362 -0.156645636441658
0.122099953871806 0.0692858363189803 -0.0198692396597061 -0.124853106593241
0.108254432590354 -0.0119426535143068 -0.0338013492594813 -0.0545772310195509
0.0947797844827432 -0.0604296415241085 -0.0143520282821854 -0.0207233210005563
0.0707515815133807 -0.0817199415725638 0.0231004743605035 -0.0142696479857995
0.0675851610857985 -0.0870422244556095 0.0512172457911703 -0.0120968433254144
0.0894331923009304 -0.0475981363272867 0.0729017160942542 0.00850997188630234
0.106779600106296 -0.00366297836403142 0.0704101391473769 0.0656790028588771
0.0976261942131764 0.0948842542383607 0.0173928227845056 0.0995006604351615
0.0142067152216841 0.14663748828508 -0.0521378051445338 0.074229168002412
-0.1005433017823 0.105446514374334 -0.0552007450616986 0.0151390722759732
-0.171095580686422 0.0305315192495608 0.0544667424052466 0.011463090154528
-0.123277477171991 -0.0218553655532114 0.150728001648602 -0.0216000946378643
-0.149387148106227 0.0250460920797413 0.199272033579444 0.0339132649601322
-0.0947853210596764 0.12101583540226 0.201535284496905 -0.038764316787187
0.0134730989739196 0.147625759739204 0.131312316495737 -0.116608313647595
0.0959581234117951 0.0618444161950446 0.0237065868824205 -0.105959911898176
0.0865424396940416 -0.00964686936002746 0.0100540453679362 -0.0601060512097579
0.0752981044960832 -0.0485879077869023 0.0189667212577822 -0.0433950012257192
0.0570954319504944 -0.0671136408622084 0.0432982159030774 -0.0389770011291081
0.053581542249031 -0.0725999484119349 0.0735467011831005 -0.0368063288021484
0.073476337966016 -0.0437978245166949 0.096825273093711 -0.00861685143518952
0.0902045335139625 -0.00516136854994797 0.0940540298388254 0.0576200685468312
0.0789210052412805 0.0833810617606224 0.0355159150549012 0.0981060241750349
0.00134065641410673 0.123372674417836 -0.0358883978409762 0.0772876104624157
-0.0962436042616039 0.0742189735486816 -0.0368487664228263 0.00982654297372222
-0.137396770298833 -0.00389500406941279 0.0939237600723447 0.00773312240875586
-0.0499838235849055 -0.0445094002982852 0.169057804557678 -0.0117044270897116
-0.0893928766015604 -0.0120394208289716 0.197468701921774 0.0334817754066118
-0.0659770645438496 0.0595736820590268 0.184506338346855 -0.0148303707576941
-0.000397797737028294 0.0873257811882343 0.13307602984382 -0.083811256600871
0.0554213252908461 0.0372288316164964 0.0537605079174727 -0.0884423891771926
0.0486639627536986 -0.00919622461649507 0.0401902578386507 -0.0636958683378263
0.0416404560350864 -0.029614296859319 0.0417312880698417 -0.0598755333362216
0.0335287867413074 -0.0425966711103773 0.0561509395763567 -0.0574200202751447
0.0322743195115366 -0.0487420371081804 0.0888600646412887 -0.0549891398429683
0.0497435612310263 -0.0345093574081267 0.114229671891997 -0.0195857638479131
0.0651991138253609 -0.00554538178339312 0.111684205846253 0.0558572082914789
0.0544363071239182 0.0626044718133308 0.0465197654880111 0.101881771284535
-0.0109133897377327 0.0872905394845614 -0.0274033019458969 0.0837456483519102
-0.0795662974904653 0.0358495548404261 -0.0248672361572791 0.00737151062138112
-0.0859777708582722 -0.0378146010754764 0.122260239675218 0.0100190524634683
0.0108934158581725 0.0442128441923979 -0.139741119270171 0.0013360397573197
0.0401150478513785 -0.00634168051085645 0.00180267713242262 0.0173253054221889
0.0182263812456397 -0.0338089887753507 0.0410011083385262 -0.088638778208578
-0.0224507711451673 -0.0250940397206954 -0.042760948101869 -0.119451016808543
-0.0232174367519572 0.00647876730564034 -0.125307758003299 -0.0712690239216782
-0.00943780043057578 0.0131512295978501 -0.144404260892617 0.0146942941473896
-0.0089206361173943 0.00790722864761421 -0.104663839433885 0.064703622801493
-0.00716147899174828 0.00620699542871068 -0.0655007334645363 0.0720485854761889
-0.00370630783935518 0.0015111880857436 -0.0539326309488168 0.0703733575701125
0.000928726992931864 -0.00309894192142007 -0.0568812660462945 0.0723942911919427
0.00500571337695616 -0.0107201994202402 -0.0671080962166955 0.074738960008352
0.0204994719446068 -0.00905048919216473 -0.11072301693134 0.0535263391902311
0.0394076518189886 0.0145677740530095 -0.154836711447937 0.00350128604497783
0.0164016203935507 0.0458309164936966 -0.154656038239001 -0.0175194107267815
-0.0202075003326561 0.0597959354817783 -0.1509253480601 0.0178381856886135
-0.056095868581355 0.062882812370609 -0.119966437857519 -0.0161559612162808
-0.00459382890432048 0.0394066369947186 0.0198768448117832 0.0104574180807231
0.0137145848998826 0.026858594199604 0.0605021821671067 -0.106857062577887
0.00992931669526577 0.0182975987328262 -0.0341920828520836 -0.145368013338062
0.0179522487053182 0.0114669709035078 -0.133490283228173 -0.0848359351433042
0.0239206450872687 0.000840484236608962 -0.14867197575199 0.00811440563831682
0.0231443401422323 -0.0192458885959639 -0.106244089481955 0.0628464741622274
0.020485035342875 -0.025095883641463 -0.0595234064686183 0.0704053365188883
0.0282581008007436 -0.0261924174695347 -0.0456501094380504 0.0712103642651229
0.0420533142096757 -0.00823149029860439 -0.044267251139014 0.0718694791498801
0.0470602260188481 0.00801885087076698 -0.0530510736811613 0.0801755498726376
0.0420592386538859 0.0470271743118745 -0.0933560954069963 0.0663008038228008
0.0190468560537096 0.0731810055334701 -0.139818618829038 0.0197653413253795
-0.0385269083702871 0.0751794159368876 -0.139256552455871 0.00170933041270903
-0.0908739349571446 0.0672427067044017 -0.130430814003863 0.0254748317059783
-0.11853409040362 0.0675704354924252 -0.0797189458535407 -0.0310396208402375
-0.0603228950945913 0.0774237574391044 0.0526705757767055 0.00626477651841863
-0.0011025865929068 0.0904273296460352 0.0948360294761085 -0.120299416244622
0.0401539667150039 0.0712480186747663 -0.0108248992216805 -0.171656401407381
0.0623071600139591 0.022222310996619 -0.127589376025913 -0.103274839418565
0.0590029453357495 -0.0089710606453647 -0.139888588086662 -0.00604889273280763
0.0545571180534085 -0.0421771490933296 -0.0968157868220526 0.0508607669816064
0.0444140284116708 -0.052818320404453 -0.0452858398531776 0.0582912203495256
0.0524757860100675 -0.0530399829826906 -0.026507875665472 0.0605328876589958
0.0730165809163583 -0.0197239271799093 -0.0191477448561957 0.0647750690396445
0.0821238826925644 0.0126318266346005 -0.0255084825278732 0.0856220177006094
0.0703652277146522 0.0815402966609264 -0.0678208381044771 0.083834609677568
0.016333762491626 0.118773617420583 -0.119806299582772 0.0407816728331572
-0.0730449335187314 0.103167608874804 -0.118834046626207 0.0169757894658769
-0.143793221679159 0.0725057405907066 -0.0913519997431851 0.030278079216771
-0.164383630593004 0.0573842460825613 -0.0230190191486813 -0.0390898748745836
-0.117032376401964 0.097015729103922 0.0956922607872175 0.0074463060800976
-0.0288077131900092 0.144434730459435 0.136238145117334 -0.120836738455251
0.0577128859918035 0.125675052444557 0.0272933626973781 -0.187138143577109
0.101096291779055 0.0382473378832946 -0.104756176630185 -0.120132987657473
0.0888638810725399 -0.013877619258534 -0.11524284845638 -0.0239809962292855
0.0798034803697265 -0.057658394470729 -0.0761270154490137 0.0307528414029347
0.0617858940597248 -0.0732534076761556 -0.0243831223592548 0.0383471444173655
0.0657449541279899 -0.073877419039015 -0.000532964713649483 0.0403085031805048
0.0898816967317655 -0.0337667129774873 0.0118867920786355 0.0496085202098239
0.103833421112065 0.00743319035052091 0.00876335932089775 0.0831173003112819
0.0945009871769145 0.0957494835153127 -0.0365907752997701 0.0956725529345618
0.0219716189178159 0.144170785357153 -0.0961785182976817 0.0588869515295438
-0.0886352932141746 0.11999813670272 -0.0957693177904917 0.023352550018532
-0.17273807215519 0.0701370113799579 -0.0428971876359223 0.0271758896998516
-0.182480994085869 0.0343001718293271 0.0420368584513288 -0.0391415964008773
-0.160077030926232 0.0905316096824096 0.139635200808929 0.0145902928967267
-0.0643284775187262 0.170189491780916 0.174598599802421 -0.102743350736222
0.0542503594282603 0.165338301084559 0.0713137883945 -0.180795266321447
0.121614925253067 0.056645107919515 -0.065701653243732 -0.126878109431337
0.106304705013097 -0.0141293756699993 -0.077353499563226 -0.0410892503765185
0.093289943194139 -0.0627513348405651 -0.0466968518586345 0.00534308749604318
0.0699246398815327 -0.0821078711011264 -0.000533653732272645 0.0123639717599842
0.0693016793031156 -0.0845639482336238 0.0262339036202371 0.0144616557708492
0.0933776580388359 -0.0429782451583898 0.0427491074742357 0.0289389932431307
0.109243062206902 0.000252936692787419 0.0413567870966782 0.0741622774926962
0.102304317846367 0.0969356559196117 -0.00638443145704806 0.0988675654642225
0.0225498139684555 0.150283570711159 -0.071323458211334 0.0687196872535849
-0.0949690290781989 0.119139025402757 -0.0735917537770278 0.0210091409536065
-0.178593694566232 0.0562744573964757 0.00648598497513897 0.0188356028110086
-0.166458707368457 0.00601813466784443 0.102612614669846 -0.0310398890351036
-0.171112742953044 0.0624008974828096 0.174513880042828 0.0248630918734804
-0.0907854778039802 0.158718049413789 0.19501088723442 -0.0705057574621675
0.0349380021788504 0.17230064304612 0.106980133305596 -0.15188061241537
0.117597330629629 0.0659582262605244 -0.019301634473589 -0.118589997485177
0.103882578120335 -0.0112918145383774 -0.0319366244187114 -0.0522716130742759
0.0905432810118007 -0.0590118329609063 -0.0123690739858785 -0.0201270310749797
0.067424440732057 -0.0794797531530137 0.0230023823382449 -0.0142846775798835
0.064109715527216 -0.0829630883636616 0.0501821930565351 -0.0125933543056948
0.085971525605994 -0.0466483742642069 0.0698031294517376 0.00780839798573117
0.102448855892653 -0.00371581676515558 0.0696000432021373 0.0630294886802448
0.0947895112422972 0.0912284230535011 0.0186967320869693 0.0968777824988293
0.0138883241801741 0.140537978447902 -0.049982402642721 0.0732185329917256
-0.0962976152234921 0.100705724873713 -0.05363336022481 0.0149778997994441
-0.164524400161465 0.0300361061417022 0.0520492005262543 0.0108424866428962
-0.119029456616466 -0.0211382624567313 0.146606483442141 -0.0189206996128192
-0.143964878144228 0.0249504218995682 0.192428681272779 0.0333897800779237
-0.0913057115254305 0.116849910485195 0.194381801498174 -0.036581820736249
0.0144903004043684 0.142835438666221 0.125561152734736 -0.11383704391069
0.0921185485792554 0.0584023168861636 0.0227131638291057 -0.101047329594207
0.0823702847268453 -0.00930951979925332 0.00969567301686603 -0.0585433216722913
0.0719229859731046 -0.0470747747660548 0.0187200804591135 -0.0417879947797212
0.0538145640891067 -0.0648059144227818 0.0422478538914186 -0.0380683632652076
0.0505223706000099 -0.0692323582163742 0.0706801945337708 -0.0356893880548683
0.0698758833591814 -0.0424862637043326 0.0926532679781955 -0.00905826896515048
0.0860329313612726 -0.00505413802827633 0.0917890494394463 0.0554072578702884
0.0768256704360973 0.0795052598617254 0.0358482984405824 0.0955193359460387
0.00161591266641862 0.117953877488318 -0.0344749421361765 0.0759697284032148
-0.0918089941183999 0.0706112887966118 -0.0364756239236212 0.0101185766960147
-0.132029289946048 -0.00330605460940552 0.0893936734308429 0.00711264843074289
-0.0484730751954517 -0.0425007718329005 0.164087690101323 -0.00935949391919848
-0.0858810783647412 -0.0107696748516357 0.190904456780175 0.0323105671876294
-0.0626397827280591 0.0577849737203135 0.17768763677559 -0.0140606138295119
0.000521058159958195 0.0835748012981098 0.127410715569944 -0.0821934086836061
0.0530886293981116 0.0346381089437772 0.0509401524666046 -0.085099533921543
0.0456255792915942 -0.00840218577130761 0.0385900990672266 -0.0622757038256153
0.0391877578449453 -0.0282248195098658 0.0402365898092276 -0.0579062204790065
0.0311483527421096 -0.0408051301740873 0.0539004374295886 -0.0551981402615275
0.0302487423587425 -0.0458327009118077 0.0851668135481837 -0.053469883342622
0.0468610837258417 -0.0331241214206499 0.109115052593832 -0.0193892089550594
0.0617524621131065 -0.0059417411464772 0.108302465502267 0.0533743255007882
0.052706471434058 0.059687778777751 0.0461980272401641 0.0985562147146967
-0.00942863794581492 0.0828643854887965 -0.0264524129317778 0.0816659156583198
-0.0754642479042185 0.0339063114724365 -0.0246004951595481 0.00769980384371631
-0.0828312208485589 -0.0352320558751093 0.117020784523114 0.00908696547827317
0.00953872663809169 0.0431643005109831 -0.137246624442222 0.0012504390991129
0.0382213247517874 -0.00635119678805135 0.00181961531199857 0.0176815201240161
0.0175873736990717 -0.032408697862256 0.040472922326297 -0.0882715743236414
-0.0219561971679272 -0.0235672220064925 -0.0429234162382706 -0.11889916564038
-0.0215988293418462 0.00663350500148826 -0.124838315294851 -0.0695576007381079
-0.0079284780131933 0.0127266577777463 -0.142361328113362 0.017288859982203
-0.00778312229904411 0.00732174645521635 -0.103252224245532 0.0653749465986508
-0.00587276613561686 0.00561773544389478 -0.0645483089552583 0.0713351282377463
-0.00292146242055173 0.000668517993828202 -0.0526660727685405 0.0705657163320271
0.00148800978530715 -0.00339708630477494 -0.055010614697231 0.0724897573784553
0.00490888187053797 -0.010196727397977 -0.0655733783378766 0.0738888125238332
0.0199598779591637 -0.00758072766209097 -0.108749332065611 0.0530523699198707
0.0381917745916011 0.0143302065507636 -0.154361094662158 0.00475905079496922
0.014758289564718 0.0440439098754773 -0.153339684385037 -0.0180349931184408
-0.0201182404469578 0.058424808666336 -0.15094181378176 0.0154105431821253
-0.0557041669043675 0.0613142509842838 -0.117833467511348 -0.0154636788832096
-0.00559599638750866 0.0388506693625687 0.0195624999767798 0.0107888684070972
0.0134792764123385 0.0272351593323976 0.0597393839946406 -0.106711194081459
0.0104536160647594 0.0195538038038975 -0.0348315660142944 -0.144038761673409
0.0185212235541896 0.0118924455868065 -0.132062629929392 -0.0823871347072993
0.0250623558437365 6.86168528443876E-05 -0.146398618810025 0.0104662068333008
0.0230083349301521 -0.0196601021343643 -0.103724466273634 0.0630492209174898
0.0204685753514567 -0.0254736350124865 -0.0582370126285501 0.0690514198596518
0.0283060345692112 -0.0264827777612145 -0.0435768713877619 0.0704999114042203
0.042958905195457 -0.00886770250632503 -0.0421942901401032 0.0720107881645527
0.0470291414436726 0.00798244916749601 -0.0506509318598849 0.0790589293320965
0.0421365873082873 0.0475166417905119 -0.0917411520578164 0.0659717428610739
0.017984877506175 0.072473132888557 -0.139355590173355 0.0210708565478467
-0.0397075763357507 0.0734391578081824 -0.138898347410495 0.00081279593553995
-0.0904840782686135 0.0658636176465599 -0.13000970529385 0.0239417344730816
-0.117441233067688 0.0656760296962624 -0.0786556466162957 -0.0304096516105547
-0.060582641669162 0.075886468585797 0.0515486686989154 0.00624479302742945
-0.00147493871673823 0.0899072615127558 0.0937173019815481 -0.119124572158527
0.0407035577454622 0.0724503332586994 -0.0111413123259774 -0.170834374168263
0.0624558587401013 0.0218438689508735 -0.126334928133277 -0.100698463475331
0.0596159818701542 -0.00904665921044857 -0.137428889172431 -0.00403501080337671
0.053712773627604 -0.0423416999392864 -0.0935196506421124 0.0508549573917137
0.0442773727523665 -0.0531437505217498 -0.044148289635586 0.0572218165195283
0.0515010068657438 -0.0525936831109202 -0.0242291887648826 0.0596034255956623
0.0729257334170566 -0.0203562221494876 -0.0176858443896479 0.0644551569470579
0.0817210158750498 0.0124591759370243 -0.0230707337593597 0.0846049724327911
0.0710979263203558 0.0820400225382549 -0.0658533362865943 0.0828994682230813
0.015880410645165 0.117647843104264 -0.119195538293436 0.0424818909994127
-0.07292338513803 0.101751031209399 -0.118395873737663 0.0167906796467574
-0.141909527571331 0.071263686613656 -0.091561586221702 0.0285724105437594
-0.162253580254381 0.0557432212014991 -0.0221511935924626 -0.0383154152929912
-0.116743777842751 0.0960989794291731 0.094294304071826 0.00734544739434628
-0.0291307808982797 0.143145240568105 0.135072499780029 -0.119665543572031
0.0584157466406115 0.125796959286279 0.0260218364475096 -0.185632496846864
0.100624638128761 0.0377444732196517 -0.103170210461163 -0.117072631225248
0.089187041890828 -0.0142208924399189 -0.113676382706533 -0.0225987661105781
0.0785291397594664 -0.0579158913158085 -0.0734837160129962 0.0307431112615282
0.0605641032073415 -0.0733346633198847 -0.0236663310031154 0.0368407657044092
0.0648213853606005 -0.0731397455803678 0.000859384488805926 0.0394445579600298
0.0892033212761225 -0.0338998139706835 0.0129714660591653 0.0488669679721841
0.102924336646711 0.00702902147265938 0.0106900621261951 0.0822065137231705
0.0946337875727054 0.0953279743297118 -0.0340264307428396 0.0951888474045931
0.022041845024384 0.142971749996797 -0.0952188630693471 0.0601254173561322
-0.0881683787815218 0.118126116302308 -0.0956337065500032 0.0232179008123767
-0.170741711318053 0.0696001795958082 -0.043557051966514 0.0262540899154421
-0.179987351755351 0.0331926012843025 0.0417667925367907 -0.0379120069401687
-0.158419952968844 0.0892203188977481 0.137674562640467 0.0143345172040138
-0.0634272535569346 0.168823734639646 0.172392595126678 -0.101585863617076
0.0555315453956553 0.164393095100418 0.0693367042588303 -0.179519029011971
0.120776800159448 0.0551855628631411 -0.0648407350012271 -0.123627605250504
0.105693575566367 -0.0142175471908233 -0.076136468164377 -0.039983182452772
0.0914197295912667 -0.0635410672927569 -0.0440574309642861 0.00605995971576842
0.0683372637706461 -0.0824796700309303 2.61336094305079E-05 0.0112656313282464
0.0676802445011568 -0.0834587107236138 0.0268523401253754 0.0135933289169898
0.0921380595964644 -0.0437087283627355 0.0430165665554611 0.0279286982201578
0.108165352217317 0.00025778606657988 0.0433535231730561 0.0731744710741106
0.102790051833044 0.0960891021558191 -0.00403564705204994 0.0981472885584804
0.0229360602198543 0.148325784275351 -0.0705979575122344 0.0701887012337292
-0.0935668427350907 0.11698084339787 -0.0735601203987621 0.0214063081327281
-0.176572606313347 0.0556397893901774 0.00593477496094545 0.018159763197236
-0.165111204735104 0.00547251147951353 0.102159657509609 -0.029780187157651
-0.169410586048021 0.0619308142767895 0.172499339721614 0.0243944944313803
-0.0895580743521371 0.157631734044692 0.193406743511542 -0.0700692587303266
0.036758498499903 0.170893269906942 0.104368883362833 -0.151537946638576
0.116428048360711 0.0640995654210094 -0.0188194301229514 -0.11569183054481
0.102744442707208 -0.0113709116327564 -0.0314661322751169 -0.0517022764268007
0.0885860841393994 -0.0594708310889377 -0.0114445664414924 -0.0195779547058709
0.0655300809669507 -0.0795863645910694 0.0228545661910659 -0.0152800040323463
0.0619522263273179 -0.0816378726141815 0.0501292394135928 -0.0132612956330642
0.0845341375643491 -0.0464089058044224 0.0694501859537658 0.00643934408685083
0.101096232256703 -0.0040734169150306 0.0707194725429994 0.0617451684366601
0.0953841311005867 0.089810411811916 0.0207170948610248 0.0962528024915396
0.0143601877115591 0.138343182816063 -0.0492497896416852 0.0741094765587652
-0.0942517145271119 0.0986518872976282 -0.0542264345574109 0.0155125949445428
-0.162247549129774 0.0304315180846734 0.0507855506902842 0.00998952432659247
-0.117900153621963 -0.0204849014454884 0.145543419681902 -0.017630552689555
-0.142709359360385 0.0250896153190864 0.190410884234474 0.0326730929515728
-0.0889036498178318 0.115660017712984 0.192272525638001 -0.0369889185986076
0.01610902556436 0.141288651926709 0.123093521846258 -0.113631699138259
0.0911519339109437 0.056480831372333 0.0222421300486749 -0.0985588301083763
0.0804493720050274 -0.00935724996648911 0.00979435281980555 -0.0584239023981847
0.0692879674273669 -0.047375295283889 0.0189106977538179 -0.0410496936970692
0.0523046996396229 -0.0649230413023058 0.0416221896238107 -0.0379465144017371
0.0482904218038331 -0.0675656402920102 0.0703223766843489 -0.0360210004763324
0.0686558662712418 -0.042227514496245 0.0913448447999973 -0.00997242754081677
0.0842234559154612 -0.00556650757844261 0.0924606487970682 0.054123224148104
0.0770561787543591 0.0780495509024676 0.0376314828597152 0.0947881182437131
0.00215145087537163 0.115820999255666 -0.033607207750188 0.0765579364273765
-0.0895910981755969 0.0690621984258585 -0.0368041757649395 0.0103492904025487
-0.130603505781435 -0.00191454507581807 0.0881865749557366 0.00665095486675284
-0.0487615765041696 -0.0411130855887375 0.163262845816443 -0.00780796555765855
-0.0843046450053679 -0.00977587899789613 0.189384637758603 0.0325247364155359
-0.0607863904519547 0.057039767717894 0.176440652051981 -0.0148247087765045
0.00206423758285507 0.082320816125055 0.124345117162841 -0.0819612524731721
0.0518783747777366 0.0329332508030178 0.0499087010837696 -0.0836453056940909
0.0442363966781802 -0.00821452471666556 0.0382904327256431 -0.0620786936049199
0.0381753843610049 -0.0279741009113404 0.0394984427851812 -0.056939895639784
0.0302791015351142 -0.0402046255039118 0.0535024569782952 -0.0547531089370579
0.0286367389890023 -0.0449512998540477 0.0836685599394027 -0.0532131326779798
0.0456436582876201 -0.0326457361017855 0.107624417330753 -0.0194958086105881
0.0600130609646272 -0.0061772324755357 0.108505551583439 0.0521875031293515
0.0527448976449242 0.0580451649923598 0.0471775114699668 0.0979614185254149
-0.00895565973677618 0.0814104495374939 -0.0255962747044748 0.0817467339382922
-0.0731321041349715 0.0329266271800663 -0.024846004265012 0.00791238960577217
-0.0819490450329734 -0.033375933270016 0.115039462158937 0.00841858032358309
0.0128865562716076 0.0427527582012687 -0.138658760807919 0.00992434444108308
0.0354772368054668 -0.00995175489659354 0.00405981402071348 0.0206178676060811
0.0124492274097971 -0.0338782201183585 0.0367861600329981 -0.0898167048050906
-0.0255524398132825 -0.0208376496011263 -0.0494159176319025 -0.11669034632066
-0.0216220493640874 0.00964982180339073 -0.130196679774189 -0.0605216334927601
-0.00645912593987477 0.0145808511616616 -0.139792892959076 0.0286310745652677
-0.00687232385424218 0.00927521404778709 -0.0958132557783111 0.0733217471964252
-0.00512890021480463 0.00610321841821279 -0.0584095814917024 0.0764419347726809
-0.00215228233100279 0.000586874018551974 -0.0471812413800472 0.0758734704193504
0.0016212785346291 -0.00460019484854018 -0.0498298663176505 0.0790441090302785
0.00368147828795813 -0.0108819588796235 -0.0603114799021806 0.0797238805895319
0.0193190118569396 -0.0111208539144587 -0.108017558433746 0.0629314814279958
0.0392230938118199 0.00780102850798123 -0.159864258412528 0.0180468548645026
0.0181260576976457 0.040296217052916 -0.158627099298362 -0.0107988713395493
-0.0164188512595792 0.058131603825558 -0.150798327523337 0.0202090052578954
-0.0489318847893177 0.0669893311655921 -0.121329284240401 -0.0137347516954021
-0.00228918211216501 0.0379574538643803 0.018178252745551 0.00935519568366711
0.0149964505417282 0.0246541137083491 0.049385972656382 -0.109459013682415
0.0117384976096132 0.0178486705942698 -0.0469131374740344 -0.140492818071648
0.0180434630861377 0.0101977857230713 -0.138052405537411 -0.0699339228370676
0.0248276903025784 -0.000322023287671929 -0.143468762716553 0.0237005518220336
0.0206890769801739 -0.0219214170027469 -0.096434533060745 0.0741760036447763
0.0184776892247121 -0.0269516229863197 -0.0520139510070221 0.0734124259380235
0.0256396289447109 -0.0295793383332495 -0.037628792892239 0.0753456146608751
0.0420223888065208 -0.0142136112604068 -0.0373418445124022 0.0776698984874689
0.0465130466370105 0.00286064809824171 -0.0455453687282861 0.0850215489598061
0.0468374677841102 0.04188707932369 -0.0908614452272323 0.0740439103880027
0.0243626869864583 0.0680956104638031 -0.142627373523594 0.0304981623828351
-0.0350072971313248 0.0748945125211906 -0.13857735349231 0.00871051169581998
-0.0880270966361146 0.0716517474172138 -0.125295283602923 0.0302842303695893
-0.107820827038894 0.0773959532242919 -0.0828048786855792 -0.0345686567998739
-0.0514925893127895 0.0797791737781348 0.0477040531184924 -0.00029446299725448
0.00733838260338174 0.0877285531054106 0.0773208037361841 -0.126555565653933
0.0479021298597258 0.065229467017219 -0.0307326672416063 -0.167212689998003
0.0612482317008016 0.0158624617700585 -0.133645314281847 -0.0855080303524099
0.057734117420078 -0.012634024235108 -0.13540904169037 0.0100052118358209
0.048398707536967 -0.0482878493396572 -0.0877391789004184 0.0635383438904935
0.0390761747659151 -0.0561910857328404 -0.0377418390357882 0.059960681965131
0.0459785239853825 -0.0575358129570236 -0.0186830957081585 0.0620104480192949
0.0708398897054258 -0.028447238406301 -0.0127583265009637 0.0687081069625538
0.0811549193905028 0.00356178886855781 -0.0172922595763212 0.0888708743139557
0.0795691713249432 0.0727485323440287 -0.0637787668492383 0.0897105634289801
0.0265888461546781 0.113514349787388 -0.121553478280177 0.0489163585069566
-0.0660784921303296 0.106156964880735 -0.114319967275304 0.0229880788271389
-0.140599744958563 0.0814478059578216 -0.0827868017235473 0.034749538413962
-0.15265917945356 0.070991582985428 -0.0265990106772174 -0.0483071850010283
-0.103537158823177 0.104320177259581 0.0891449387173003 -0.00536294005442965
-0.0129299845802582 0.142068780507116 0.113339281384966 -0.133002787956741
0.0719629918826445 0.114762395398664 0.000448445815398138 -0.184709526963982
0.0997180772338428 0.0264801819048652 -0.113578052570103 -0.100549989107579
0.0858368262894815 -0.0206267799675069 -0.113483178442015 -0.00856729080192564
0.0711848875951411 -0.0666337402270399 -0.0693233493787221 0.0434896579107622
0.0534936230687255 -0.0775674813280583 -0.0185571879785037 0.0376096980624495
0.0558972128539489 -0.0791514578739901 0.00514310256214848 0.0391725573891556
0.0852723564161284 -0.0432124994694589 0.0169438019758851 0.0504024776087807
0.100915931198261 -0.00298658536037131 0.0173693500561444 0.0844491847724079
0.104028435221113 0.0835323464219858 -0.0307877050980991 0.0999293974230646
0.0345883465974546 0.138329233813074 -0.0960504821325563 0.0646810868443645
-0.0797815938597686 0.124964957616301 -0.0886167988341632 0.0277468827540142
-0.169763093105219 0.0832004970675487 -0.032025522414417 0.0305343796546722
-0.17249233149012 0.0509606423561318 0.0387766239064505 -0.0520932435719472
-0.144725847098454 0.101871668525182 0.133101543718688 -0.00415343855230008
-0.043791777760138 0.170665875519351 0.150323990417672 -0.120409655515275
0.0745685616469842 0.152429014540253 0.0409546599122929 -0.18292750116118
0.121421860819375 0.0412613929393273 -0.0764694106880276 -0.108917975026946
0.101974747980896 -0.0220572653888774 -0.077235878216503 -0.0287951114957082
0.0831900036730086 -0.074439256215147 -0.043246507884451 0.0172955530765123
0.060278849221111 -0.0872496323287939 0.00300728972035158 0.0100582472170179
0.0574070017889119 -0.0890556504979465 0.0291810805137249 0.0107063878252921
0.0863253284230537 -0.0525001150162408 0.0457490643711687 0.0271721682398446
0.10501069131196 -0.0100067459709153 0.050377996537115 0.072481391393814
0.110927642510566 0.0836520398378656 0.000837366683768663 0.100554899761583
0.0356614531644187 0.143966477792654 -0.0698969236266896 0.0723605621266132
-0.0856477832028268 0.124436086646101 -0.0661475599796011 0.0252503803992608
-0.176217859571194 0.070465776122147 0.0172922138106308 0.020672034038569
-0.159757464909444 0.0216343251082576 0.100901118848087 -0.0458519317389326
-0.157398315623867 0.0760034559571496 0.169913343191524 0.00303680646507539
-0.0692205705264386 0.162716140467655 0.174156829709006 -0.0926030573872079
0.0572341403495999 0.160716553728764 0.0775943218322665 -0.15873484905929
0.118722656233124 0.049390163495232 -0.0313666236094958 -0.104775695049995
0.09892212457422 -0.0198153177023094 -0.0342396708381133 -0.0440031218911534
0.0805477082907073 -0.0702795740316502 -0.0130384393368459 -0.0109474512607276
0.0570726486263522 -0.0841882693581506 0.0235632177223046 -0.0176275445494146
0.0519173038344018 -0.0859082153514166 0.0503712572360532 -0.0183076460824035
0.0786868818684109 -0.053990306077207 0.0703348413609146 0.00288651454997595
0.0974117933441588 -0.0131706192608044 0.0771958139761131 0.0587477193205104
0.102646698774121 0.0786643624514233 0.0255940572365581 0.0962667920050458
0.0265944854730919 0.134905629675955 -0.0468464739110791 0.0750298163721682
-0.0875635046074889 0.106176481899627 -0.0468654298828634 0.0186556913129451
-0.164014782372005 0.0449955597410911 0.0607695756413357 0.0111362102421565
-0.116928738493694 -0.00910345920250741 0.147057294880095 -0.031838735068317
-0.13449172166823 0.0377517723805621 0.19109697981654 0.0115813762021033
-0.07282356121866 0.121472012736293 0.17962079549833 -0.0591848520721617
0.0347159336198741 0.133677293557119 0.100939395521527 -0.123824170665023
0.093874207413062 0.0435580816091041 0.0107802190673236 -0.0929287067904487
0.0776098382347662 -0.0159082437616829 0.00590796368992583 -0.0552088291727857
0.0633117312860143 -0.0556882790726832 0.014565401177073 -0.0361821364757029
0.0453368347397706 -0.0682837357011608 0.0402964546851168 -0.0416631954412971
0.040172748756873 -0.0705416296544434 0.0685974076818583 -0.0428782551213009
0.0626849455916155 -0.0479430724667047 0.0908808823690732 -0.0158726406111185
0.0808982185465392 -0.0126237826149489 0.0982961035611393 0.0487130276999227
0.0830584566789666 0.068593059613991 0.0434237329790193 0.0935346926627625
0.0124247207455775 0.113610408981374 -0.0298361592464387 0.0769202119119941
-0.084190365245762 0.0762839495509656 -0.0310731871068886 0.0128434858498925
-0.13339835521552 0.0101457564111627 0.0963109611950095 0.00568848155097933
-0.0513769981597618 -0.0369216187925685 0.166006261571643 -0.0179146992367186
-0.08120821597432 -0.00260252871452067 0.191807223896035 0.0153673785136581
-0.0512454290486839 0.0604917731438542 0.169832837219295 -0.0331518287457554
0.0136069117556741 0.0773810170198844 0.109546162659251 -0.092338518253823
0.0530428499630892 0.0240643303029164 0.0404018569132984 -0.0826860609376189
0.0415995772953977 -0.012453520645838 0.0335351410217906 -0.0630304071127042
0.0337279984386036 -0.0330429953480992 0.0339545995476171 -0.0567432486651277
0.0256160647523866 -0.0423357778532585 0.0499780969775061 -0.0586151440406542
0.0233086233214937 -0.0458760073977992 0.0807035699837293 -0.0607384178906558
0.0406580279199371 -0.0359076645481726 0.107257392979266 -0.0272173076386268
0.0566237936172187 -0.0106272151729977 0.114274576186152 0.0455272634687575
0.0569024573692372 0.0512991712725808 0.0543498206650713 0.0959584528606469
-0.00187851838290106 0.0797342383386967 -0.0206055285752616 0.0829864652858961
-0.0701907164989171 0.0384840980177841 -0.0207123150277011 0.0106421448795747
-0.0859321704298885 -0.0251215752360975 0.120161281513985 0.00611189823914429
0.0142170964089396 0.0414627829516494 -0.13619319769032 0.0154897276431303
0.033752154245379 -0.0109305388886856 0.00574355158005244 0.0209963068209244
0.0107606102724283 -0.0338052115582881 0.0318596628978068 -0.0918753560665821
-0.0255479956946096 -0.0180499713475039 -0.0546576817595368 -0.114212501601826
-0.019363532718757 0.0102177372057465 -0.132307525346085 -0.0527366696558488
-0.00480401043508489 0.0141475181270819 -0.135876591716256 0.0365819837053872
-0.00586608817192683 0.00846149881668814 -0.090690904383471 0.0774907786862476
-0.00440846414560741 0.00579450041136454 -0.0544046496220547 0.0784630717273507
-0.00159260964960502 0.000328034601184005 -0.0424411751515901 0.0775696521741417
0.00176755299583498 -0.00453444949556472 -0.0445027148346977 0.0810296924192798
0.00339596653917825 -0.0108407306747015 -0.0556033783002137 0.0815395066998434
0.0190879779309208 -0.0106549829711836 -0.104710154734975 0.0677041175244625
0.0382648589059248 0.00583176554010518 -0.157679333014418 0.0266872291212918
0.0180007228226091 0.0392707282442852 -0.157759662563607 -0.00463926435693767
-0.0137903290615977 0.0582207599669277 -0.150642126865898 0.0256407022870408
-0.04564508719285 0.0682700829639885 -0.120619422957296 -0.00807245847873414
-0.0019135387484901 0.0378214837668003 0.0193822370044713 0.00928583384201634
0.015667782875235 0.0242950983549689 0.043954709615919 -0.111774665380326
0.0134499733734041 0.0184296105615222 -0.0536015028751337 -0.138252774233949
0.0195961561730914 0.00937950963862292 -0.14015161546167 -0.0622224602930438
0.0260386936051243 -0.00209255967833677 -0.139738397889325 0.0311304924823565
0.0193531030506048 -0.0232277207604262 -0.0902055184892298 0.0781114743859455
0.0167231323923594 -0.0284597954420069 -0.0476436650955948 0.0751092647541309
0.0242325659957736 -0.0313229929617025 -0.0330440536404815 0.0761051034618234
0.0409507672772675 -0.0167415292803598 -0.031807371830344 0.0790497598888158
0.0467681342245103 0.000669852213886253 -0.0403408955570419 0.0859670682604244
0.0496926382800944 0.0400943528674763 -0.0866730672796061 0.0779250728441219
0.026342028393535 0.0663601429592845 -0.140548005204333 0.0388389964767087
-0.0331638120824213 0.0756353740459817 -0.137486065529518 0.0143509507617544
-0.0841720441014445 0.0745905107972261 -0.124340039283829 0.0342406963645682
-0.103781260564298 0.080738390189993 -0.0832286614894467 -0.0304695702520707
-0.0482340675665601 0.0816705371112398 0.0478977675504117 -0.00191399444141326
0.0113297498278606 0.0873089766772536 0.0708258606569204 -0.130287309065001
0.0517837322646943 0.0636310421741957 -0.0388681610574284 -0.165015762707899
0.0626143843612681 0.0130408324282009 -0.135845142413535 -0.0777250663446292
0.0579007231323835 -0.0159889050156307 -0.132407101504575 0.0174010146691264
0.0454067505376328 -0.0506433605636427 -0.0821191965807149 0.067164157207424
0.0354665329196082 -0.05883557514742 -0.0342230548612135 0.060859986253549
0.0424575884827777 -0.0597319547607245 -0.0144028918553715 0.0621940802899698
0.0693801003044307 -0.0324225061385351 -0.00808790340656224 0.0686844346520944
0.080804001034642 -0.000128343737958872 -0.0115365890600308 0.0887007173937449
0.0833498965858666 0.0691106983625603 -0.0583002308854022 0.0920703138329856
0.0308639725750188 0.111524992273683 -0.118152039203287 0.0563085565107776
-0.0624094197417614 0.108455114612761 -0.112510920829903 0.0283765634320611
-0.135812627446323 0.0870821462134948 -0.0815726233678973 0.0368698495475128
-0.14877549730359 0.0771921540211129 -0.0281088266235194 -0.0461960544703339
-0.0985606392671692 0.107950443172171 0.0880668555926322 -0.00887895874819944
-0.0065880658068201 0.142356674429618 0.106840866687424 -0.137358203215951
0.0790338912292955 0.111366027419666 -0.00916493473161422 -0.183835341311568
0.101080207808822 0.0220003115512005 -0.116079585373871 -0.0937731479163136
0.0855737773043038 -0.0252319417053129 -0.111878337032497 -0.00249774833009439
0.0664841189611517 -0.0703437899703831 -0.0644787057853613 0.0458774588826898
0.0485406293283253 -0.0804897954135793 -0.0165804045759425 0.0372904094209255
0.0513857768501197 -0.0810648338373425 0.00789761549234968 0.0378962590419709
0.0827025980066274 -0.0479828014788081 0.0203582204399928 0.049208681367028
0.100204873356895 -0.00809905931688393 0.0233124854226631 0.0821569447644695
0.108495636530354 0.0781468043260814 -0.0247798270995136 0.100668086659735
0.0407552786078152 0.135459291595988 -0.0923115515736099 0.0706627299472872
-0.0743230288775418 0.127299848274093 -0.087633172529294 0.0325870682403839
-0.164734024946648 0.0903155054382634 -0.0314339138561445 0.0311099822875814
-0.169058859345666 0.0573491856238404 0.0364753774780393 -0.0523386323334304
-0.139816334973859 0.107920949003747 0.131424158041296 -0.00947820052822244
-0.0356742057711773 0.172183968975158 0.14372871126081 -0.126899059968444
0.0829848522571011 0.14801503345008 0.0304066332480937 -0.182817652539225
0.122403486566672 0.0349117160025567 -0.0798799550456035 -0.103332262760883
0.101137887908655 -0.0272990893343055 -0.0779410323791606 -0.024742330363312
0.077469353029851 -0.0783254383529023 -0.0397968757863673 0.018723344081449
0.0542004436573588 -0.0905843649514777 0.00349982215221302 0.00920506537667138
0.0521383550112444 -0.0907528648114185 0.0299574908662054 0.00844867921846144
0.0834337102065637 -0.0565518857334909 0.0472908204048473 0.0240236545178266
0.104019649961733 -0.015388817424659 0.0551039617675764 0.069065621770167
0.115816329175219 0.0769992749066288 0.00694461458863167 0.0998418992401389
0.0428920935642046 0.141077687677075 -0.0653336379049039 0.0766258195668998
-0.0795645624792519 0.126691477324206 -0.0654839511856291 0.0282487687970315
-0.172080443845834 0.078986920870589 0.0173355531746741 0.018944014549026
-0.158114414437804 0.0287008163406066 0.0987665099039857 -0.0485328367254766
-0.153332337794648 0.0829945963316313 0.168365980453146 -0.00417104032165346
-0.0606420167050659 0.164983683509587 0.168405471735665 -0.099893891349355
0.0662676983901938 0.156742311108688 0.0681577654271078 -0.16147965915305
0.11956212020418 0.0427160776357605 -0.0355335642067316 -0.100995686838278
0.0978908126838941 -0.0245048748118391 -0.035864602709692 -0.0423399483256097
0.0754478220774218 -0.074069857606005 -0.0118831714836159 -0.0106874626371678
0.0517452288226147 -0.0869030610163482 0.0223942293248572 -0.0190206431954237
0.0467679305741763 -0.0875330327635744 0.049139234717465 -0.0210683771365566
0.0748174858215755 -0.0572597632126036 0.0702964443801099 -0.000787597478793028
0.0958065560975659 -0.0173674884766814 0.0816195749230375 0.0538756875078951
0.10626420038129 0.072544983941008 0.0317398964636637 0.0945141061624263
0.0335160769267014 0.132211642315949 -0.0426916997893704 0.0781219113915601
-0.0816551461641068 0.108887468105483 -0.0466539684861485 0.0213045940089208
-0.160097011706151 0.0531174830810441 0.060200487144028 0.00758670281266956
-0.117211051247063 -0.00312397858939394 0.145213388567245 -0.0365941555331879
-0.132025823022191 0.0441881892766669 0.189842695388154 0.00366002539037454
-0.0657271245950969 0.124027606996134 0.175051493087831 -0.0668538549533406
0.0417028163433426 0.130295956745993 0.0930140178738495 -0.127466622573087
0.0944558368458791 0.0377314162528718 0.00652474153271076 -0.0911388313571829
0.0757933140545167 -0.0193561719316182 0.00316595178466265 -0.055349637441438
0.0590229784871113 -0.0584985920210607 0.0131097874566804 -0.0372913456786331
0.0406438245731379 -0.0703759806131705 0.0382951648916005 -0.0437283736850261
0.0360015842339243 -0.0715016223620489 0.0654142021312946 -0.0464487345966419
0.0595085006031443 -0.0504410382481666 0.0894279342717462 -0.0203326037147003
0.0788997641595115 -0.0161003884655167 0.101186559161822 0.0431202799966627
0.0863142940101886 0.0632335549369895 0.049218860521634 0.0908002801230152
0.0179012380984898 0.111158577727319 -0.025983173510799 0.0791250070160325
-0.0801038613491473 0.0787282126755636 -0.0309256160783131 0.0152084967065805
-0.131133199562649 0.0179675809629034 0.0949630283510337 0.000694670640392179
-0.0535550525524459 -0.0325287649350052 0.165803590462147 -0.0237237271534678
-0.0802062531198393 0.00200227071725392 0.191048345783911 0.00681316920297884
-0.0472946084327286 0.0623702646503566 0.167284305722395 -0.0406210267790277
0.0177580136828556 0.0751281366605226 0.102691529251452 -0.0966889219659759
0.0526519128325994 0.0204083862702292 0.0361130954341493 -0.0829906270986644
0.0398262710307603 -0.0136465656433761 0.0298345439552926 -0.0643287643671429
0.0315169515850537 -0.0341295050629876 0.0308163623554447 -0.0575921350209437
0.0227164993332717 -0.0433909275703039 0.0469361141000643 -0.0609916792789466
0.0203070045418656 -0.0457363754283359 0.0765136483016007 -0.0648062101170572
0.0377798276192537 -0.0376396277044506 0.104333958809361 -0.0322935409612731
0.0545684368747665 -0.0131781228391392 0.117074069741806 0.0392174432171838
0.058832696006359 0.0473510569476078 0.0593462367852457 0.0932750642401324
0.0024711361645629 0.0780608413064902 -0.0165081150498866 0.0841022716195342
-0.0679652907631209 0.0404742886013941 -0.021113274486374 0.0121959948853296
-0.0858162642861238 -0.0190885932525293 0.118292295618567 -0.000288890267009483
0.0152261841133993 0.0393078463296724 -0.130395570021075 0.0217086230294479
0.0310946105886582 -0.0114076744792167 0.00797178385205476 0.0203713508919094
0.00848001511989221 -0.0323678993260519 0.0267381514971987 -0.0915152494307322
-0.0243325078455219 -0.0150444792934221 -0.0596135811185101 -0.108414781002071
-0.0170112552585272 0.0108522712391626 -0.130551166989546 -0.0440339185259094
-0.00291082144228606 0.0136562531626492 -0.127765493919819 0.0428567287790124
-0.00499879262821743 0.00850392267868525 -0.0828399832897069 0.0800759159015378
-0.00380280100562647 0.0049676393721206 -0.0481416909929728 0.0788183011679967
-0.00101185724989068 4.11495648891726E-05 -0.0365976154553664 0.0772834769720172
0.00202726715570318 -0.004901562956198 -0.0379098031557007 0.080401272342773
0.00263669604392122 -0.00995131497327051 -0.049479019416486 0.0811277421445079
0.0182708032783824 -0.010793357466838 -0.0978610208190867 0.070919579339451
0.0360110819527008 0.00377099885428887 -0.150489304350612 0.0353145947134068
0.0180710186717871 0.0378178242887461 -0.153051457009582 0.00187781723999186
-0.0105096073786593 0.0558354152150388 -0.146619057570856 0.0309096696667746
-0.0415860353057911 0.0681481147403632 -0.115908709836571 -0.00226375825868208
-0.00074847138767454 0.0377604225501735 0.0198246854553438 0.00873709345127741
0.016119540164331 0.0240739976275941 0.0373020052061559 -0.111625309408345
0.0154710184685096 0.0177971980857711 -0.0593766776955375 -0.131239163148917
0.0206125882784571 0.00801340138306829 -0.137868639717512 -0.0525470458186747
0.0263222875567116 -0.00395261347210818 -0.132206907782909 0.0382819218371467
0.0178938708263563 -0.0239422902844241 -0.082003555405691 0.0795444290789199
0.0146716080633456 -0.0293971251979647 -0.0419274994284443 0.0747221627725022
0.0221042149101895 -0.0318671831398725 -0.0267765873915698 0.0748315117972373
0.0397362080275977 -0.0188446582840698 -0.025941399965871 0.0776629061196265
0.0456166969632991 -0.00132440784831556 -0.0337258016858229 0.0842849663139421
0.0510305602949388 0.0365255994105572 -0.0799958813612817 0.0799622616011345
0.027772071782582 0.062997795147734 -0.133693536631804 0.0465629067772229
-0.0297592094000173 0.0752500321488246 -0.132599617118717 0.0199442128619601
-0.0778062471228486 0.0760860470079728 -0.120016136116924 0.038140142689442
-0.0974960562180783 0.0828015121608662 -0.0813875273930852 -0.0251118732807514
-0.0439202746691835 0.081705270834122 0.0464502786862535 -0.00376259552660861
0.0148912760390053 0.084616486394549 0.0622752362205992 -0.130311908118965
0.0547047853538014 0.059528455012412 -0.0462228982781085 -0.157905599144454
0.0621399105085733 0.00955205161518789 -0.134027979412389 -0.0677417544774348
0.0558800749028543 -0.0194170572577606 -0.126192998233186 0.0242449929927414
0.0408041513899077 -0.0518068721561392 -0.0738948605009689 0.0680459081801481
0.030643799375019 -0.0596862445110929 -0.030134754491996 0.059700790761935
0.0382305297426012 -0.0603244812303618 -0.00936829953403341 0.0596302935746736
0.0659826666098232 -0.0352924650353496 -0.00306010151841425 0.0667360345156006
0.0787306308756908 -0.00410146798964887 -0.00514863708290275 0.0852993444553294
0.085529896545283 0.0629186179848897 -0.0509931103986889 0.0922793511377214
0.0348028707062631 0.106572611028214 -0.111715719279103 0.0623984480268632
-0.0561471648090473 0.107801090637973 -0.108488637183358 0.0321670930634518
-0.127153903667093 0.091270731400179 -0.0781136861402082 0.0387083395565968
-0.140820520773701 0.0813744127713364 -0.0287422177811125 -0.0427712872831433
-0.0910665734890628 0.109207675405319 0.0847351146596696 -0.0124441416635676
0.000976106935870625 0.138982988445845 0.0966638140992251 -0.138724747966898
0.0832509352914563 0.103972809255843 -0.0191398841681535 -0.177443053938432
0.0991063303688753 0.0164127039759641 -0.115366527042338 -0.084082970669203
0.0819796619743464 -0.0291599977044343 -0.107094975576232 0.00338576197149812
0.0600040673632639 -0.0719689773054504 -0.0579358050413874 0.0468788396310751
0.0413104387876775 -0.0813337136900408 -0.0138535870749067 0.0364253921872129
0.0453627371863034 -0.0810893179956005 0.0105217734762336 0.0349291713013271
0.0773079763896782 -0.0510249861948102 0.0232926428466564 0.0461135281934231
0.0965984892417404 -0.0127692939092072 0.0284950546141042 0.0776955003380889
0.110358301564224 0.070281223726945 -0.0178308342765112 0.0981772752951643
0.046038888548562 0.129673489574126 -0.0849619477392659 0.0748009472698386
-0.0667858523314089 0.126746811806721 -0.0838814719626917 0.0358875482178719
-0.154695174403241 0.0962774577326314 -0.0296922593572788 0.0307243634133701
-0.161059791770952 0.0638132157059444 0.0338558736298771 -0.0509923969238001
-0.130216914635787 0.111142932000377 0.126308980967279 -0.0148669309928577
-0.0255857756130883 0.168864842527014 0.132672326654884 -0.130151877536117
0.0889939140384493 0.138783488536425 0.0196907436633456 -0.178646017311311
0.120520642485631 0.0274114060950535 -0.0810444513053004 -0.0949350465744537
0.0965085052067938 -0.031888760058741 -0.0755010615707138 -0.019672866055549
0.0704228518322622 -0.0799987000298482 -0.0360415402615324 0.0194365786045595
0.0463709438858837 -0.090930724740695 0.00363445696844453 0.0081396343306728
0.0457906200871418 -0.0903024698707677 0.0297722101915672 0.00554101147779029
0.0776320356356888 -0.0601197079274541 0.0478910325231121 0.0207952789324198
0.100223550665447 -0.0200786286575564 0.0581553170016705 0.0626191167174502
0.117340886398791 0.0682854433967089 0.0131487937202391 0.0961102517909279
0.0485557369355934 0.133930401120633 -0.0593977846631028 0.0798662776313452
-0.0712016799608 0.12606305199065 -0.0624742862795633 0.0314888273537946
-0.161667146351798 0.085477142614545 0.0169166388982962 0.0171091957463398
-0.151925577561723 0.0357674133353889 0.0945250124691278 -0.0504378097457229
-0.144214354782114 0.0879724449701936 0.162184810134369 -0.0119765582510818
-0.0499488844441386 0.162528824066608 0.158010527388024 -0.10497552587459
0.073640021131297 0.14760407978218 0.056375231231973 -0.158750385004125
0.117783157193834 0.0351959483110869 -0.0384446272252514 -0.0953260978938838
0.0932980785630742 -0.0291184358877571 -0.0364245066222549 -0.0393581452448466
0.0680596737116087 -0.0755671165383283 -0.0107657347950971 -0.0104792252885956
0.0439256065516386 -0.0873168642555642 0.0207319776856116 -0.0200754046128205
0.040397671374768 -0.0864696456573035 0.0464522058173472 -0.0239526773997308
0.0690694712930918 -0.0596457017803033 0.068230116451446 -0.00482165272430111
0.0915804522233118 -0.0215909721114723 0.0826437474067258 0.0468616308236261
0.107626400421585 0.0638695991457555 0.0368443710414338 0.0893871265382825
0.0389215539257707 0.125567514035362 -0.0374258160632879 0.0796001389539884
-0.0740899364569851 0.10868645467299 -0.0441008917679155 0.0238197895070996
-0.151397331066583 0.0604912401860149 0.0577672846011035 0.00333281461883173
-0.114046925768536 0.00320665076939148 0.140059973973094 -0.0410560334874184
-0.125575762618575 0.0496922783553647 0.183447088366108 -0.00537285171650353
-0.0572792085068391 0.123030670856251 0.1666004533726 -0.0730412443076201
0.047903391073241 0.123297799776163 0.0818315465041263 -0.127555327892032
0.0920710157537815 0.0316477843202208 0.00209213961042482 -0.087969971189652
0.0721975601744033 -0.0224385143162235 -0.000165756665654639 -0.05368684707893
0.0530896828836203 -0.0595639360213683 0.011714852521839 -0.0369526274712436
0.0342069227861756 -0.0705420264673366 0.0344654063963471 -0.0446233053024582
0.0308802753342594 -0.0707901829380045 0.0606262578109875 -0.0487064711504217
0.0540322249466135 -0.0516619127966743 0.0854846184483196 -0.0243477149390625
0.0751006649746207 -0.0192119242424623 0.101492318702162 0.0352594223061201
0.0872689658066306 0.0561239552780805 0.0531059467552647 0.0851934702501257
0.0234800757650156 0.10573365923841 -0.0211261404813963 0.0792481924361157
-0.0734429503027869 0.0795786997700769 -0.0296926147637297 0.0171404278681325
-0.125319227783362 0.0250042748152426 0.0912491317597354 -0.00454763658435751
-0.0537637564036696 -0.0282851893608096 0.161064951348143 -0.0295149255770232
-0.0775923020234593 0.00619201966654248 0.185567096197884 -0.00227568260010278
-0.0416866457778247 0.0618487603754398 0.159451458071096 -0.0477196462835868
0.0214051448645837 0.070834220088293 0.0931687653486894 -0.0987166867527583
0.0508743262409763 0.0162616767021459 0.0306124600309287 -0.0812453357815722
0.037177984273919 -0.0145490937256733 0.0250805155572742 -0.0644856484372258
0.027810478459722 -0.033963793477267 0.0267989881874955 -0.0575418890659651
0.0189277663587076 -0.0429747149711461 0.0423812416493681 -0.0615554128900523
0.0170672004180746 -0.0449861144642741 0.0697827486830741 -0.0662464403566373
0.0340567914409351 -0.0377898036464404 0.0986620183094085 -0.0364235839183988
0.0517074285440157 -0.0154295547740543 0.115169571230211 0.0310026872318885
0.0597058744852761 0.0415582360969784 0.0625987419627275 0.0870414647053647
0.00675919238049164 0.0744541177454939 -0.011898900019277 0.082861956190305
-0.0626643436477554 0.0422641593981289 -0.0204793479335915 0.0132916822671067
-0.0830893910262891 -0.0129086636713669 0.113755914542803 -0.00660900418881988
0.0152171167701464 0.0370132641416711 -0.122904048735307 0.0238636684289064
0.0282223177834739 -0.0105974726084643 0.00913083078408301 0.0190691942361119
0.00734916769583181 -0.0297916658630204 0.0221208881445338 -0.0888310935110956
-0.023067435816924 -0.0129228378692248 -0.0605389661318048 -0.101388328151116
-0.0148920238769444 0.00984292814335689 -0.125310592908845 -0.0375850937501308
-0.00158174272447398 0.0121218294703964 -0.11875634010575 0.0449558404763138
-0.00395350693448478 0.00826482461987309 -0.0749699717218887 0.0783630757373445
-0.00313473270879867 0.00491199416770751 -0.0431968346539576 0.0763329074455305
-0.000645018565299957 -0.000768116871949397 -0.0312496192359285 0.0744423272647686
0.00190364144907501 -0.00489052164320119 -0.0327289359557683 0.0772346708331931
0.00243686155825933 -0.00917837563715335 -0.0443118282882028 0.0781144817557378
0.0168351664730306 -0.0101439742703126 -0.091132714767354 0.0704023061249873
0.0328388148910212 0.00257573485226414 -0.141123845735682 0.0386899567480007
0.0174259635489844 0.0359438111138938 -0.146011308510495 0.00501503791699852
-0.00798963670851973 0.0530155303680954 -0.140012910390227 0.0324684844106306
-0.0382063088836818 0.0658461836592601 -0.109942184959248 0.0013644487703067
-0.000441534108202752 0.0362984403084919 0.0202148908937602 0.00756159530236237
0.0162460086457953 0.0232793172812934 0.0319936850258861 -0.108379720743399
0.0162771929776608 0.017062902839361 -0.061172137548755 -0.123512302811241
0.0207486390130473 0.00666075450988457 -0.131686362203997 -0.0455729743683628
0.0255259005213958 -0.00563388068377201 -0.123095683641205 0.0405459549030724
0.0160036590562246 -0.0236146609147112 -0.0739371982052298 0.0773857061980411
0.0130585766129883 -0.0286795544090382 -0.0371693331408053 0.0720523088928308
0.0203158520837925 -0.0316107670728565 -0.02209586834057 0.071091359926161
0.0377066340928319 -0.0193618576210732 -0.0208193419888441 0.0743822551618178
0.0437080310974889 -0.00237785798306242 -0.0290206745622548 0.0807767127894627
0.0505865708246571 0.0340286450206114 -0.0732115296028315 0.0783028732840255
0.0274048203143751 0.0594884777378641 -0.125230465911236 0.0495909698870897
-0.027180227279053 0.072945500959834 -0.126177334541023 0.0221529432133384
-0.0722092554330177 0.0738402204446736 -0.114802308794525 0.0384237477219275
-0.0906731682387837 0.0815592009747855 -0.0773022132008763 -0.0218597761190069
-0.0404485422017122 0.078838002112537 0.0446700622906587 -0.00435799609324695
0.0172980144834118 0.0808257929631485 0.055226438779879 -0.126663158594846
0.055380902043657 0.0551436425480332 -0.0494847499453661 -0.148861312556527
0.0600064519415373 0.00717823074400417 -0.128644946843352 -0.0605103981342223
0.0537948571584909 -0.0207835378859017 -0.117766690488731 0.0266890892462341
0.0367977663854837 -0.0510974371639685 -0.0667020293825246 0.0663238600142635
0.0265162932878342 -0.0584263042655131 -0.026744657936483 0.0572772573171215
0.0342808835191812 -0.0590607859282408 -0.00632346496251259 0.0558281291132918
0.0615974934293699 -0.0365311093234549 0.000692479514901232 0.0629341493020345
0.075145094052421 -0.00642457129245166 -0.00111366305098787 0.0804207250523055
0.0843174716244018 0.057113279781983 -0.045199819004351 0.0891708726342241
0.0356733106924855 0.100440882920078 -0.103857342449918 0.0643226754127782
-0.0512827846652328 0.104528602929305 -0.102694445975143 0.0336813826217571
-0.117911111609164 0.0899465018446504 -0.0746419034558799 0.0381268432532209
-0.132215223586685 0.0809471900649418 -0.0279671386354023 -0.0393989085513357
-0.0842532372166762 0.106214777370697 0.0807426311026807 -0.0139022324676343
0.00490951945253297 0.132483192197358 0.0879815837950973 -0.135423978976863
0.0835434973736143 0.0966123191863125 -0.0238314707338795 -0.167813978219487
0.0953813397055946 0.0120856963390959 -0.111393556879447 -0.0768339237800851
0.0779548842284777 -0.0311521720879929 -0.100939152791277 0.00650256014651341
0.053952333920024 -0.0706076704230348 -0.052457214964646 0.0453669744444361
0.0358942755533442 -0.0791693462263082 -0.0120405286452468 0.0342641683084937
0.0402577225755485 -0.0790614509527216 0.0115055761361832 0.0319185777678383
0.0718925741466476 -0.0517621666061413 0.0247318936019671 0.0424396732970119
0.0919263021028872 -0.015489857380663 0.0305211327408684 0.0716855792016405
0.108236163202588 0.0627609680785542 -0.0129406843539562 0.0940525130656353
0.047459660576104 0.121776115823442 -0.0782118733294241 0.0758095055179495
-0.0606819446718685 0.122766532398276 -0.0794051035458506 0.0362857486665048
-0.143845800321294 0.0959259685299867 -0.0287964063352538 0.0290736670179237
-0.151871774814249 0.0649668375585165 0.0310930056257343 -0.049334224590464
-0.121513196836912 0.109969341159921 0.119811338084034 -0.0176536954013246
-0.01906888798926 0.161313947809766 0.122516033920369 -0.127898534485944
0.0905155620158541 0.129222207714771 0.0124724893074368 -0.17046410617995
0.115228000540147 0.0220997362043234 -0.0784846931779544 -0.0877438778400643
0.0911553026616462 -0.0342692514132628 -0.0723701341766312 -0.0164374829796185
0.0633856961717119 -0.0782831931617602 -0.0318415391638044 0.018251454834358
0.0399627022682882 -0.0883528808316881 0.00365260393439637 0.00706002395189528
0.0402879412012626 -0.0876476431094641 0.0288901186280774 0.00341121589038668
0.0717820443663158 -0.0594848965753576 0.0468224539483834 0.0174032293099301
0.0944693431206988 -0.0218442706869102 0.0588102269719501 0.0565964112959633
0.114479412960564 0.0608085756825895 0.0165712133389294 0.0906523741115687
0.050003858990801 0.125812828982676 -0.0529750206283541 0.0791091148596042
-0.0648617268926023 0.12197471738111 -0.0587029024567292 0.0323252551292214
-0.150542794646234 0.0864943304446374 0.015553819371523 0.0154094538387285
-0.144128362083674 0.0385094970763715 0.0894242853679086 -0.0493717863653558
-0.134982829498635 0.0881656363412837 0.154192509429148 -0.0146973708749635
-0.0423584812889302 0.156216605584195 0.147455834176603 -0.104679097065117
0.0754217811073542 0.13718819841467 0.047747554857301 -0.152483683571024
0.112203003161604 0.0296020306227264 -0.0380660398141805 -0.088978494256747
0.0877163130958929 -0.0305319311995678 -0.0358234730074069 -0.0362999352389508
0.0613668610543272 -0.0738414393331577 -0.00917333415908364 -0.0104535384730155
0.037631275132953 -0.0848203049933347 0.0192214552797945 -0.0202821772054491
0.0354220003135991 -0.0836526815455164 0.0434518561893002 -0.0249559832877532
0.063160671767445 -0.0591433576170268 0.0650559480015494 -0.00673960188557331
0.0863606082855659 -0.0234711617524009 0.0809139609089462 0.0405601057082801
0.105358222773934 0.0565111753972787 0.0386739683062114 0.0837467173160136
0.0413037999774357 0.117634515550814 -0.0322797515336542 0.07853993221147
-0.0672413921769349 0.10524714492862 -0.0418067113639686 0.0246581856549725
-0.14143128971622 0.06192574812861 0.0538867358559374 0.00177888738236158
-0.10866408411227 0.00735432329692467 0.133791913251206 -0.0417958106818374
-0.118134030214609 0.0515943962395038 0.174483144108206 -0.0101539909051507
-0.0504775833678822 0.119001570095868 0.156476669280122 -0.0748687778490095
0.0500146816451231 0.115101980447949 0.073029438407765 -0.12294278008191
0.0876331183831852 0.0265021315137677 0.000130193444727894 -0.0827415893337272
0.0676411828690415 -0.0235772943418403 -0.00141589471091542 -0.0515233357835927
0.0475034271542 -0.0581009703682347 0.0110069226960677 -0.0358727592856216
0.0292402258535818 -0.06820996270423 0.0312423094306785 -0.0435391742725635
0.0266127364499629 -0.0676850915802688 0.0558820953375425 -0.0485627642785814
0.0489872032864057 -0.0508090941658751 0.0803167372104461 -0.0260743059202214
0.0700522755716384 -0.0204611308456863 0.0980633896931729 0.0295349462568679
0.0853239344989106 0.0495160746622941 0.053894856974288 0.0790776652872908
0.0255657504882078 0.0984819754892832 -0.0172839968102259 0.0771631822989787
-0.0673029033632745 0.0772444218612287 -0.0281354618750338 0.0176709847629101
-0.11699233349999 0.0280025737695402 0.0854162303585175 -0.00680119117683975
-0.0520555159832724 -0.0243995443279669 0.153743460198798 -0.0310237635019695
-0.0734907439030482 0.00909455348046168 0.176706307711782 -0.00709409243297066
-0.0376068540695586 0.0595942569754827 0.150675788977234 -0.0497934477623933
0.0227353848676399 0.0658398159524242 0.0845004595847715 -0.095633006503238
0.0476314647230183 0.0136730379036188 0.0268109033914368 -0.0773375913740881
0.0343096229720558 -0.0146648538159553 0.0213910706875939 -0.0622594885562961
0.0247282812032538 -0.0326954948422935 0.024223032723302 -0.0557110921976337
0.0156233288926507 -0.0415402825583622 0.0382050500510877 -0.0593225163729834
0.0146236400763057 -0.0425426225478423 0.064093634077457 -0.065541383608341
0.0298764979263891 -0.0368117111580333 0.092119105740231 -0.0369077875657495
0.0476974984054968 -0.0161048320645074 0.111017447442822 0.0252892540010114
0.0579157421685278 0.0365296494617901 0.0624321669076972 0.0805933567110565
0.00915513777633855 0.069460908364703 -0.0082044382869641 0.0801786325222003
-0.0581530302963928 0.0416252815818798 -0.0197008553079198 0.0139898830910559
-0.0781249252887359 -0.00924848891799803 0.106895494030156 -0.00972504794312434
0.0143530123273936 0.0357062250316272 -0.117245203644592 0.023049440581429
0.0263413731860127 -0.00917833727292303 0.0101111437252171 0.0176114587838092
0.0067186521914821 -0.0279362649245485 0.020319447826434 -0.0862534442248048
-0.0209952691183187 -0.011698256311724 -0.0591792751765625 -0.0968650112777042
-0.0131479105377551 0.00868525546259624 -0.120176565116685 -0.0350510894566255
-0.000813128534233687 0.0105792304358993 -0.112307760712687 0.0441985276391439
-0.00368357196130114 0.0075251600222992 -0.0706048464934016 0.0757402974645009
-0.00267708525040858 0.00423716172406779 -0.0407425162475696 0.0732970516076192
-0.000630817639996464 -0.00100068150813271 -0.0291625500031615 0.0709168390280263
0.0024043104161696 -0.00495724662870174 -0.0305300542279032 0.0743157859474716
0.00239385429810034 -0.00828125482178067 -0.0422615265707094 0.0747457664604119
0.0166244950527314 -0.0095422545478569 -0.0873182597461232 0.0682483218267319
0.0305257085507712 0.00259317100328015 -0.134357698451597 0.0381840794513373
0.0159427505110473 0.0346190151574694 -0.13993171150878 0.004240230844748
-0.00778253483103149 0.0499730537517884 -0.13570091279899 0.0304796607824993
-0.0368667956518569 0.0630383752989346 -0.104892178054927 0.00144168177292573
-0.00116247020766007 0.0352900623972184 0.0200818369731406 0.0074490227595086
0.0161857136528229 0.0227391172910568 0.0298066306366245 -0.104736449805784
0.0167601754484955 0.0166697932968486 -0.0598258465899949 -0.118319282494694
0.0214835912838619 0.00591661606149666 -0.126457801208593 -0.0435060009890906
0.0248476938147122 -0.00641798782428138 -0.116421069208897 0.0395682298772833
0.0156734416297932 -0.023033116103948 -0.0695292034812782 0.0745795029790344
0.0116457824882138 -0.0280511458222469 -0.0354013496344213 0.0687209546603839
0.0189535253977245 -0.031134845859984 -0.0200474472528626 0.0675216942926136
0.0363832285900035 -0.0194174588473355 -0.0185670577028616 0.0711051389699601
0.0421868782791501 -0.00245563156512165 -0.0268786709441413 0.0770213454716922
0.0494785087961558 0.0325212987796312 -0.0696131903116053 0.0753114946834618
0.0252877412577487 0.0570177150874069 -0.119063624868675 0.0485054167735846
-0.0268133367735284 0.0702487935143756 -0.12145208797739 0.0203322086934587
-0.0687848702623895 0.0707368784794884 -0.111262214277225 0.0363173877285631
-0.0866678333257759 0.0779468905532609 -0.0738456460408738 -0.0201406534231778
-0.0391450278387519 0.0758215181652459 0.0433804171390952 -0.0040791813288163
0.0166591973330885 0.0776874385118555 0.051534119128066 -0.122110612096335
0.0541279013968584 0.0527224309778552 -0.048582223521883 -0.142762469886152
0.0586327507719745 0.00623656645913191 -0.122686093460562 -0.057624285935487
0.0515406394996719 -0.0209258027396356 -0.11180499893699 0.0261520419582886
0.0351533469706434 -0.0492737972376575 -0.0622069470181544 0.0621040069970938
0.0242391528093546 -0.0564823271012153 -0.024714066430245 0.0546794099723667
0.0325546046092935 -0.0575115469268992 -0.00511390553589268 0.0526914546145498
0.0592407893945052 -0.0358672374655764 0.00215056191652632 0.0598996583474196
0.0724095155092254 -0.00654966755343319 -0.000142880777635777 0.0763241815614423
0.08230711260306 0.0540030098226664 -0.0427472217327114 0.0856429710266383
0.0341232307658179 0.0967620411062178 -0.0986201966067637 0.0631504354348669
-0.0499305687441579 0.100580370485792 -0.0990438568407942 0.0317549954316022
-0.112827347817261 0.0866375456208519 -0.0727532521425981 0.0356285236760628
-0.126426785541139 0.077734432711927 -0.0260423242791782 -0.0372838321348355
-0.0815382110590948 0.102598136250074 0.0775001228752986 -0.0128183618172926
0.0058237848594922 0.127312192426164 0.083039475765749 -0.130986436428568
0.0815179414706224 0.0918170510233121 -0.0246514165543758 -0.160975437105018
0.0920805042997389 0.01154884563855 -0.105978006861119 -0.0733873456655105
0.075064772853662 -0.0309353264946446 -0.0959892455255344 0.00663602775783009
0.0510684951447642 -0.0674933151801718 -0.0485820026629501 0.0420381992090742
0.0322989133284744 -0.0765109832359959 -0.0112220826854438 0.0320882486055395
0.0378824041687446 -0.0760763741653603 0.011779922534141 0.0296050082939873
0.0687443651397602 -0.050068614987782 0.0245858872601021 0.0400800238298493
0.0884606332907137 -0.0151441779639211 0.0303942124589796 0.0674188505335423
0.105056255115101 0.0592079754237837 -0.0111020926947481 0.0902223024249922
0.0458620450466763 0.116528332918532 -0.0737195447454875 0.0740632217391538
-0.0583827522304628 0.117621502990207 -0.0763793125977945 0.0354244761496375
-0.137139272744629 0.092102966263012 -0.0285655174155517 0.0271228483451609
-0.145971800427509 0.0627244419711778 0.0308821762816594 -0.0459355364867761
-0.116546916150263 0.105876020851794 0.115278630788645 -0.0160606651771835
-0.0175122810790899 0.155228770775484 0.116337151669823 -0.123429215452696
0.0881253044234375 0.123137606487325 0.0101693783757585 -0.162887850144677
0.110548393430191 0.0209201600868429 -0.0752637735883202 -0.0839357501328268
0.0872869519261822 -0.0334163727273463 -0.0689266966595643 -0.0151539663719355
0.0598157706175792 -0.0755278705003498 -0.0294059188915432 0.0161326500265356
0.0360284904471039 -0.0851623142368189 0.0040671674684139 0.0065374530270237
0.0375961205468244 -0.0845073747543335 0.0274086256972586 0.00227988332158258
0.0681390781783755 -0.0574923765889301 0.0452739019891948 0.0157430502575302
0.0905891428650035 -0.0217611651096468 0.0574859301060932 0.0530071223425694
0.111496267853909 0.0569714308535055 0.0167791452774893 0.0865559877718465
0.0483555926488285 0.120334903410568 -0.0501376252152376 0.0776473573604281
-0.0621126825153137 0.11700259219584 -0.0567712589127071 0.0316318857567067
-0.143254026333761 0.0833325529305115 0.0141216474058192 0.0140352733011647
-0.138549022038118 0.0375879001953562 0.0866314086651031 -0.0462794219906059
-0.129840988070016 0.0850268061089264 0.147669418360162 -0.0145343132203525
-0.0399256877680907 0.149838643150463 0.140556617700261 -0.101091377757147
0.0741250537708836 0.13112554422909 0.0440063912378795 -0.145743111522529
0.107371117054867 0.0279725033758937 -0.0362415735419501 -0.0851426404940202
0.0840151088697843 -0.030244058484401 -0.0349222359711108 -0.0344164182949345
0.0576647589800363 -0.0704253370747747 -0.00780308472276427 -0.0110209981528112
0.0340518167198817 -0.0816082838911761 0.0181171244682764 -0.0196962668055705
0.032605710867153 -0.080238864994696 0.0412756114655912 -0.024494807674556
0.0597817595534773 -0.0568758957938871 0.0625424222293373 -0.00760061303639096
0.0821460518266507 -0.0230442535978058 0.0785668208281064 0.0377131375219432
0.101607601430125 0.0525796775477967 0.0383247966280776 0.079891789630322
0.0399372659314768 0.111848087149018 -0.0299507414280832 0.0767485299581934
-0.0641105872654425 0.100910438908939 -0.0401953717763883 0.0238055920076379
-0.134541608383341 0.0601739591810841 0.0507385957469119 0.00175882489703442
-0.10431430710439 0.00822265262565506 0.129073802143878 -0.0391100651742497
-0.11307316589038 0.0500847862642039 0.167144274494415 -0.00937816394303986
-0.0473496694835707 0.113990821453438 0.14905357997265 -0.07181280152822
0.0489617777063239 0.108870857672571 0.0684896490440801 -0.117320018907847
0.0835166673823585 0.0252883308731721 0.000108924793257158 -0.0789974497446252
0.0642880343963919 -0.0223617564646576 -0.00247164991787387 -0.0491157016069426
0.0446721497383228 -0.0552728669372016 0.010874899678238 -0.0354627770642468
0.0262669665614476 -0.0653584854416664 0.0299650558475922 -0.0418222564421939
0.0248644987643597 -0.0651870703025499 0.0527522047030558 -0.0475111036716885
0.0461405312555271 -0.0487768353512074 0.0765570339954447 -0.0252326084718786
0.0666025400148691 -0.0201169985865546 0.0949593210013183 0.0267692799503679
0.0819107498410176 0.0459577381710347 0.0526025710249525 0.075367685457217
0.0249054475851075 0.0937262998441737 -0.0156957072979396 0.0750593309890384
-0.0639043933324961 0.0738465539884759 -0.0274823127773388 0.0171350192396475
-0.111069720052238 0.0277266957123393 0.0814405881942433 -0.00677729823262744
-0.0501687706922094 -0.0219934296094515 0.148830536868482 -0.0287452728109754
-0.0700169658417643 0.00980143885479646 0.169479915432345 -0.00715808527991891
-0.0354828836668953 0.0567649127983501 0.143981427470173 -0.0481054468628668
0.021922062170271 0.0614258518071887 0.0796120357110596 -0.0910225213535423
0.0446909017771794 0.0129030369039092 0.0253599329936202 -0.0739089541816607
0.032100606523608 -0.0136812813535101 0.0197785627842274 -0.0593655933156571
0.0229822446851969 -0.0310541350284219 0.0231248712430746 -0.053167573911219
0.013923509546095 -0.0394376458739911 0.0369945712827246 -0.0567515298461865
0.01342687677716 -0.0405188599942625 0.0598939389284949 -0.0625241611801624
0.0277894989547188 -0.0353125932792041 0.087481767103602 -0.0359506631207269
0.0451136783263374 -0.0152738760888409 0.106622403380184 0.0223889282749427
0.0558270558158067 0.0337294678598419 0.0608717674316538 0.0764667597418361
0.00899181240329065 0.0654208922855923 -0.00721269835840125 0.0778076541830897
-0.05547555639844 0.0395333688223542 -0.0196906158410995 0.0138226895964315
-0.0737844977564759 -0.00788286467037169 0.101343347177712 -0.00943799077906068
0.0186888140075906 0.0310115562113452 -0.114189910056306 0.0465257849830739
0.0230358362523477 -0.0128037977645852 0.0149094021010551 0.0163971000538075
0.00150600597527994 -0.0274174721264887 0.00575343961963172 -0.090519951957087
-0.0229783244290073 -0.0072633719703643 -0.0758586458423858 -0.0874393812645038
-0.0116676440066446 0.0110308421229335 -0.12518938552003 -0.0133482961105154
0.0020177941352316 0.0108571956650661 -0.102603031022246 0.062483801234524
-0.00166605606061499 0.00819482398153146 -0.0561452929714814 0.0850741153641444
-0.00169784808890047 0.00456074595197959 -0.0272132013144427 0.0781327108830542
-0.000527257442439578 -0.00092026271924848 -0.0162593554260074 0.0750890089766153
0.00140525431196269 -0.00473679605910559 -0.0156259407156394 0.0788545482234456
0.000743672932728145 -0.00716571094471473 -0.0276013873145278 0.0818634089150896
0.0124001779373495 -0.0116840835024187 -0.0726720852115122 0.0849489895620861
0.0266214719443906 -0.00293345745938469 -0.125367801371046 0.0645994241443818
0.0194808449383521 0.0293897281706603 -0.140844921162346 0.0295276954614291
-0.00123529174513609 0.0485002277503368 -0.131995325137866 0.051302642268744
-0.0243411177539007 0.0647517664674575 -0.109143985633098 0.0211661035041479
0.00485427880364334 0.0340172199491933 0.0205487183254222 0.00452478634167357
0.0188061745508078 0.0180570468226306 0.00906976200991763 -0.106792207695659
0.0182310653775558 0.0119841099800264 -0.0808328707290368 -0.10481223141612
0.020341823746692 0.0025134631632295 -0.130912345326618 -0.0192651929736038
0.0233258041902687 -0.00983307487544404 -0.105083657588518 0.0594452054454922
0.01051687194492 -0.0237536543545766 -0.0525721840193202 0.0833982937624509
0.00628004211129087 -0.0284567119301839 -0.0220452879321533 0.0729870633426646
0.0132923489935112 -0.0328355689150248 -0.00807162991055342 0.0696463146917307
0.0308807607852494 -0.0246308761378469 -0.00501539736642236 0.0745016982567746
0.0389050383045249 -0.00793897879847699 -0.011813916363697 0.0816096024435532
0.0508525089578508 0.0221583390701543 -0.0556027838861919 0.0892726382226167
0.0313683840121885 0.0493300883600477 -0.111039006251147 0.0717936931697537
-0.0151297429844961 0.07203057047883 -0.11800758940918 0.0392382780133727
-0.0554602089001343 0.07963304677177 -0.104506899851314 0.0495042966395392
-0.0682906309122146 0.0866441683041394 -0.0845506881127567 -0.00772187400577226
-0.0238593858288259 0.0787393960239854 0.0385000249499064 -0.0109391993679982
0.0298065121085661 0.0692672174779155 0.0242761426228567 -0.125485770536054
0.0601090293000396 0.0376554735150815 -0.0760192628376218 -0.126402023544199
0.0555226685769923 -0.00377620653986826 -0.12834812235669 -0.0324528970273653
0.0460361892508251 -0.0287358753135361 -0.101730335906391 0.0465486711064442
0.0231093954468458 -0.0523466626461971 -0.0449168579593209 0.0715313070497665
0.0133936900100698 -0.0572911511114819 -0.0142663415605904 0.0567964795569151
0.021001601746972 -0.0594340143303106 0.00403346922956793 0.0526688058538436
0.050128811202899 -0.0441436855779365 0.0127860896315236 0.0599447217170708
0.0665629732440465 -0.0167098699391004 0.0145707489299556 0.0762829590308992
0.0864802155213226 0.0371741543595625 -0.0277432832304742 0.094085937785624
0.0470901162849261 0.085133193433047 -0.0894421894296277 0.0823330179192523
-0.0312538809405543 0.105734689867616 -0.0932749773472772 0.0447511556053124
-0.0947189841898435 0.1033937279808 -0.0645514450587835 0.0402397803455961
-0.105248718885379 0.0933183037195994 -0.0411184937194259 -0.0344331804813631
-0.0589085497961647 0.110422852260561 0.0690633086898552 -0.0261386070131872
0.0279733904523127 0.117376667586067 0.0498853775119062 -0.137775501157926
0.0931819887413645 0.0687642540793112 -0.0572700532600524 -0.145257803551907
0.0876388405912789 -0.00485292893866429 -0.113409887322933 -0.0486593085679368
0.0658043585612916 -0.0418081553734075 -0.0887968109652381 0.0254024022627909
0.0346343183947017 -0.0728979316157389 -0.0333389336036251 0.0497855671092495
0.0176396631824995 -0.078040078978381 -0.00486683278844624 0.0331886746257138
0.0228750174204209 -0.0784992626314326 0.0161362582493938 0.0270235649772312
0.0572101861983319 -0.059389462791734 0.0320877880639042 0.0365238406511188
0.0805906186876973 -0.0276391332600366 0.0436157477129944 0.0615475750147373
0.109094544341675 0.0382880869022786 0.00445714241487917 0.0928804310119537
0.0617130756253981 0.101930752965292 -0.064171978358187 0.0891638078645863
-0.0364576316703704 0.123508147050588 -0.0701461348402224 0.0432414223557121
-0.116579719318268 0.113416404516844 -0.0211100666337785 0.0232222856778097
-0.126049172571201 0.0825275366176507 0.0143201608013126 -0.0550459080076969
-0.0915801955358758 0.119875412464952 0.104560076420032 -0.0377301364016245
0.0121983791526437 0.147271272638571 0.0813907757367944 -0.136440259560018
0.105230538851566 0.0957931848467537 -0.0251661970785468 -0.151295941600367
0.106849708192119 0.000389736616386588 -0.0847003952683469 -0.0629322475862277
0.0770477431279563 -0.0462656436010921 -0.0655201497300373 -6.22359675752501E-05
0.0409369691266529 -0.0820358958004247 -0.0184297340956864 0.0221076451732448
0.0196892090087684 -0.0868887357626113 0.005592759614001 0.00522500137618944
0.021263064309844 -0.0858807533324343 0.0266912742485878 -0.00228934287512842
0.0550841296958712 -0.066107191762024 0.0481332416468336 0.00916113377615567
0.0820616611776811 -0.0338204881270088 0.0671902282281137 0.0417021586597453
0.114296242988289 0.0347261318682574 0.0315827333873312 0.0842765771512563
0.0651181545818781 0.104661415714397 -0.0393397063336664 0.088538536252211
-0.0393317977929017 0.123456992720628 -0.0511502063493125 0.0354298619735058
-0.123205584702828 0.106627072107215 0.0195374780187503 0.00302369168724675
-0.122362249735997 0.0585702137416099 0.0721420236400495 -0.0663233754263075
-0.107160970801903 0.102843241990978 0.13827236484214 -0.0423547564126174
-0.00929459485877325 0.146309595530819 0.108712208996554 -0.120073047469864
0.0937331882798419 0.10551424237045 0.00993087178072648 -0.140394959444545
0.104757250496198 0.00684544709677275 -0.0467908192633269 -0.0703217946295705
0.0741502705079412 -0.0423879359742319 -0.0357845473449797 -0.0252269105836882
0.0400874195914964 -0.0773122392865554 -0.00270138083795634 -0.00746165593141862
0.0179833055672766 -0.0826473874701614 0.014926185061668 -0.022604961467392
0.0176265777595274 -0.0808574206223153 0.0351975504944921 -0.0309810912646202
0.0474547622281375 -0.0633655856673261 0.0607293972106185 -0.0172298799118229
0.0738149372832302 -0.0337310224648163 0.0854048381090935 0.0228371597480601
0.104958420725577 0.0328345646683222 0.0518523445322821 0.0730823719373748
0.0559626587097501 0.0979732151334783 -0.0195851794130814 0.0829594571885313
-0.0442853506532532 0.107932691975206 -0.0361367429467317 0.0259826272598003
-0.117553714029664 0.0829246840000459 0.0544600629090413 -0.0147044985118778
-0.0953815782294784 0.0254711208919484 0.119294787797237 -0.0662869697390149
-0.0969892054559424 0.066855353236876 0.160660658147746 -0.0415869038191527
-0.0225053860187502 0.113765649316686 0.124358491752192 -0.0951903830872669
0.0663406665748419 0.0895655540797026 0.0401550971714296 -0.11920422254718
0.0815667433927422 0.00818450899498509 -0.0106038736745936 -0.0715760601729535
0.0561542516161566 -0.0322817333658273 -0.00750229151660634 -0.0453611295260635
0.0307136896863599 -0.0602531074413924 0.0103474233809685 -0.0345695368395674
0.0137262731748728 -0.066162012727323 0.0222851688227342 -0.0460981419401258
0.0120963792662524 -0.0656655573799374 0.0425866901305897 -0.0550567811832403
0.0357310117323069 -0.0535910696033371 0.0714755005319359 -0.0376064964679504
0.0598728344388583 -0.0284388837665836 0.0992893067679496 0.0090207401237823
0.0850647395373275 0.0300578514229076 0.0648046557898412 0.0654203072292158
0.0389887238190287 0.0836891057081328 -0.00526993544987508 0.0785211604340424
-0.0481727304760991 0.0820918431496131 -0.0240645709864193 0.0181785432200269
-0.100214342986485 0.0475150388365131 0.08286160643774 -0.0257434558557661
-0.0497603502786898 -0.0107721141445429 0.144809281985762 -0.0584452042872688
-0.0634571655341177 0.0210462396445183 0.166540019484076 -0.0391561320783547
-0.0220068735978048 0.0582000491351122 0.128157209078929 -0.072307914466815
0.0324904797249728 0.0513946705873652 0.0587273632378038 -0.0991103842152307
0.0431405228180988 0.00363609840017286 0.0135940775942207 -0.073641496793153
0.0270627832971121 -0.0180304683986483 0.0107667996637059 -0.0607261373278549
0.0149343777836644 -0.0332983983022645 0.0171912562523388 -0.0547134699297298
0.00614340692342394 -0.0399158789677814 0.0266103829749803 -0.0614556891120192
0.0062408752866896 -0.0405417067114065 0.0473217627331716 -0.0716290387893276
0.020908615845386 -0.0376999208916475 0.0802557353033288 -0.0506167746224173
0.0403873040656025 -0.0207948465499736 0.110159906475705 0.00218842129299944
0.0581267323229667 0.0232405149072174 0.0740469246781731 0.0647377986621007
0.0185452915053718 0.0596311228987541 0.00513400078476475 0.079109606966568
-0.0457561643984301 0.0476280184014897 -0.0159644702622744 0.0149642725803679
-0.0703416535600975 0.00635288648722095 0.101878244576369 -0.0290692163202136
0.0194302753252885 0.0315497584263296 -0.115087967962731 0.0468064956463254
0.0229043867285253 -0.012075238828484 0.0150157315126223 0.0163681682438622
0.00162118808378938 -0.0277884039003039 0.00436459612605454 -0.0909408962757259
-0.0220856739280456 -0.00663663479987778 -0.0768849093092272 -0.087473526427393
-0.0114821633472 0.0104923401525211 -0.12548391008317 -0.0127693972198049
0.00186925687507168 0.00974711743894482 -0.101872023053434 0.0630142950305073
-0.00056957503876269 0.0077421030596636 -0.0555570457076215 0.0855191103663781
-0.00167557444060764 0.00395990732826693 -0.0265676072867722 0.0793184510929725
-0.000274269575004733 -0.00161887851629653 -0.015345882611404 0.0754134651550248
0.00164509265976184 -0.00518094874809632 -0.0153250267366576 0.0796087812153601
0.000891277603646108 -0.00680197155774001 -0.0279845557838946 0.0820311087297755
0.0123463800486643 -0.0117080098169831 -0.072669969488016 0.0864613403163833
0.025707273308445 -0.00246256773543605 -0.125078981815035 0.0656124757672664
0.019223397167735 0.0302023272152055 -0.142599513571206 0.0289085514989524
-0.0011591519222815 0.0485496335561685 -0.135316849779297 0.0514425934530731
-0.0239705747213455 0.0651832738861674 -0.11005808387286 0.0214009697018437
0.00494716621330647 0.0348125838254272 0.020641139158194 0.00440464375235203
0.0196389935805399 0.018557296526096 0.00724607892628052 -0.108050955991407
0.0190731037716711 0.0120599644268076 -0.0824511264235233 -0.104678101441607
0.0209918055427369 0.00175992658784047 -0.132161209782985 -0.0189099952875939
0.0236786615572852 -0.0113577945668831 -0.10509895760476 0.0601538632723374
0.0104606384700305 -0.0245117740369868 -0.0522381615086627 0.0835296129563423
0.0058319057833252 -0.02918149626343 -0.0218153846282962 0.0730263859015399
0.0128929089453539 -0.0339645549015302 -0.0074101203392984 0.069702027914114
0.031419550617125 -0.0253048257328956 -0.0040158523421626 0.0744809374323983
0.0397826795426555 -0.00828717635510215 -0.011550107760513 0.0817166830295573
0.0519502215563499 0.0223681814347445 -0.0555028560453581 0.0906145398627358
0.0314389279169321 0.0503490975695876 -0.110684606502322 0.0732143222794658
-0.0152147079299496 0.0730540955156736 -0.120023199322085 0.0390849540842563
-0.0559648283920296 0.0801287567483488 -0.106963381593055 0.0497358907372072
-0.0688485211415401 0.0874401422659161 -0.0848938041580553 -0.0077101402469844
-0.0239262443091085 0.0795379231450248 0.0392916200416022 -0.0110937423532724
0.0309608075992548 0.0701640978299201 0.022571480432069 -0.126258976342762
0.0618565084923 0.038115464601117 -0.0776983773304666 -0.126914841482737
0.0563269201719045 -0.00460447842248543 -0.129607244781093 -0.0324482604318699
0.0462707876605556 -0.0299954719588461 -0.101498411859549 0.0471132641743286
0.0232292247277057 -0.053196127216338 -0.0445565946349581 0.0709650385332125
0.0120504324451487 -0.0580726197264967 -0.0139203215031674 0.0569925443370313
0.020456581973001 -0.0611392333882409 0.00430355386707772 0.0525011505027849
0.0504901535107094 -0.0451679482871965 0.0140349389928241 0.0595617476140087
0.0676959156497028 -0.0170097135055499 0.0155027682244997 0.0760305069979065
0.0878395910804259 0.036765190919057 -0.0270607344565385 0.0959656515287767
0.0472856385332474 0.0862831046237063 -0.0889898301633014 0.0841713148356772
-0.0321350625877803 0.106971241474456 -0.0947389555287369 0.0451647095759381
-0.0952219804739413 0.104487164008335 -0.0666906903464724 0.0405668904307735
-0.10593282825195 0.0940771366788906 -0.0409658540260156 -0.0346121929132236
-0.0593887694318581 0.112109709641427 0.0693416988825115 -0.0264760771688424
0.0295808758617812 0.118403449978634 0.0487974647129338 -0.139187504860909
0.0952047377226495 0.0683642577317582 -0.0588005556413898 -0.145048780151755
0.0891993098397448 -0.00548447486384477 -0.114699134607403 -0.0485752782797821
0.066080452110285 -0.0432385778537435 -0.088899486035372 0.0259739125538183
0.0341505565470711 -0.0736383887309138 -0.0333028801070057 0.0488819994306987
0.0165679084006821 -0.0785979864703159 -0.0044555667609313 0.0327931691545332
0.0223278397430038 -0.0795009548106888 0.016084164071592 0.0263800844234527
0.0573941233814313 -0.0603866453931075 0.0330745272439978 0.0358374137997134
0.0818106892479494 -0.0283605973269585 0.0444764522377985 0.0606159526643106
0.110773374435639 0.0373513617569947 0.00511170744289078 0.0939942811942679
0.0622186871718989 0.102529073269754 -0.0632021478541881 0.091224547105236
-0.0368375452909332 0.125010479570197 -0.0714678755665337 0.0438104797607782
-0.116493843888936 0.114661029155609 -0.0227798620513949 0.0230778152716497
-0.126734026595701 0.0837048822442269 0.0153827362306476 -0.0553050324258219
-0.0921428227540416 0.121525010279604 0.105140717991586 -0.0376884935369107
0.0131993499331856 0.148215869468975 0.0806127450495299 -0.137805375516696
0.107778983337424 0.0958641506564919 -0.0268218457176486 -0.151435784126442
0.10775933712104 -0.000428522316863533 -0.085344602377452 -0.0627268777993466
0.0770515240866356 -0.0473053786250863 -0.0656099920631489 0.000335728510869592
0.0406581472162978 -0.0822496141612499 -0.0183569656043627 0.0208972324677403
0.0178364277434403 -0.0871206521783624 0.0057871673680917 0.00453071620552827
0.0205553744406396 -0.0868074202151722 0.0266649251347483 -0.00328241934552831
0.0554274188299675 -0.0666815654265028 0.0489231909220547 0.00846066907654608
0.0825222089113827 -0.0347830353850868 0.0682701405081375 0.0407216956357431
0.115712389981536 0.0337758683829931 0.0328307896260365 0.0847301648644834
0.065928439098768 0.105019691857392 -0.0385873354670878 0.0903286864302389
-0.0395540813919362 0.12459030508269 -0.0519926240939735 0.0365104658640569
-0.123339485329482 0.107764262344181 0.018645627151827 0.00275710555597787
-0.123377354222566 0.0594995739550791 0.0737656977845299 -0.0661627328593575
-0.107381478601371 0.105129657850692 0.139054513776706 -0.0423840454464076
-0.00794310158409972 0.147598912666842 0.108026797317097 -0.120972020428421
0.095699688044651 0.105381422700179 0.00905478779981047 -0.140162086847488
0.105910545219601 0.00652114669680773 -0.0473245520211095 -0.0703129315070983
0.0744628101078648 -0.0430237779474871 -0.0361431779931244 -0.0243077750372626
0.0393211455619871 -0.0775641106535752 -0.00253537279367036 -0.00885337855010133
0.0170427301395658 -0.0833093410244973 0.0151531283212556 -0.0233397162127735
0.0167879182575666 -0.0820253651016253 0.0349592490178926 -0.0317629842177215
0.0472756845777722 -0.0646079597823843 0.061037065824888 -0.0180796189685391
0.0744609745753664 -0.0342061670785596 0.0862050904395963 0.0215730149942381
0.106031820528928 0.0317258936841411 0.0531944675272434 0.0733436186021117
0.056701778555268 0.0980315832700376 -0.0185822818754165 0.085074955017434
-0.0443511016471275 0.10887882302359 -0.0365024569281584 0.0271985753427815
-0.117426944026821 0.0840461581635281 0.0543778641668524 -0.0149856956128658
-0.0955934959708598 0.0270768497187801 0.121434308671378 -0.0662649898773342
-0.0968388209000463 0.068742636176019 0.16170342435065 -0.0420835081784372
-0.021735448886805 0.114599176470255 0.12461693472847 -0.0959383536870015
0.0675533005358609 0.0898747432255851 0.0395114927473484 -0.118774453415366
0.0819380029096999 0.00816025976594379 -0.0108230008567504 -0.0720326041527934
0.0566183613857708 -0.0321652876223368 -0.00753292475678542 -0.0454097148375311
0.030175728717965 -0.0604314481802527 0.0103914994426046 -0.0353547001545954
0.011717216730387 -0.0664274518052428 0.0228140750647343 -0.0466017866606105
0.0119206907820474 -0.0656854778647745 0.0421196235240635 -0.0557137447574136
0.0357212359852224 -0.0537255082817392 0.0716008083532291 -0.038216191981704
0.0598024447325934 -0.0286625182569413 0.100008598512216 0.00767175122974331
0.0854877744593137 0.0286655256161158 0.0662735563136123 0.0661646372182517
0.039437917198725 0.0832532377593935 -0.00415362852703637 0.0798948134179702
-0.0483096434652935 0.0822593064823661 -0.0242023349875155 0.0195791154526885
-0.100110510821644 0.0480473296798523 0.0832912151328798 -0.0260297062133724
-0.0492619563215427 -0.0095590477531706 0.147341781640287 -0.0587562516322744
-0.0631775572987227 0.0221345751168931 0.166959770129331 -0.0397467083751766
-0.0218344361902168 0.0588146386367949 0.129103435528395 -0.0731124638151441
0.0325519175478753 0.051008726596466 0.0582572190654944 -0.0985700728251471
0.0428781124760903 0.00374375422540355 0.0138687210036158 -0.073432983697343
0.0273170414031734 -0.0174555289890398 0.0105098487576298 -0.0611296117043288
0.0149176645970033 -0.0331855616410036 0.0172348393831482 -0.0554851098496792
0.00532914876963761 -0.03970978581039 0.0267881947250054 -0.0621722370871537
0.00562790088488174 -0.0402963437476375 0.0472718896598375 -0.0723171280164905
0.0204473576646612 -0.0372944717005348 0.0803561281597017 -0.0511382786961396
0.0399687214041791 -0.021060053849305 0.110687829869225 0.00131273933048585
0.0580850835777577 0.0216150043937095 0.0751751700677925 0.0655053991065717
0.0189249829697338 0.0592309867081142 0.00583810687929497 0.0804501811473157
-0.0458310790030054 0.047299820527129 -0.0163481098546333 0.0160179932007244
-0.0702280818752834 0.0071723349885696 0.102826159032158 -0.0295643544806158
0.0207552148451357 0.0308769208364862 -0.115101183224019 0.0510723806049979
0.0229257703371198 -0.01230106153767 0.0158235533000856 0.0161908536986656
0.000431651003983942 -0.0276411299068446 0.00013631605361814 -0.091930534536705
-0.0222209454642579 -0.00612474992828194 -0.0815073969305156 -0.0857858504945722
-0.0110417123362814 0.0106402774608655 -0.127980102193302 -0.00842867903346947
0.00251444258577382 0.00900916865222317 -0.100340104368773 0.0677359127823943
-5.82321892229004E-05 0.00723379297604875 -0.0526827456570108 0.088854868771527
-0.00123554595211718 0.00383279196495591 -0.0238669827512111 0.0814526379554928
-0.000532328670519922 -0.00234123853150338 -0.0132299515652424 0.077112280375684
0.00173805017806545 -0.00588229780958857 -0.0120349622157691 0.0802224001476006
0.00146975377585781 -0.0066218642304204 -0.0254034273295646 0.0840047051131728
0.012098886762082 -0.0115612743395159 -0.0701054676638935 0.0908202892972003
0.0246482957280764 -0.00251691727324038 -0.124343100927262 0.0707191566710352
0.0201954613191162 0.0302788693745294 -0.14457323174707 0.0333928334122713
0.000755705909229537 0.0484124476317793 -0.13753433057035 0.0565757698379483
-0.0220719027581341 0.0666789599887865 -0.111005308298576 0.0254898706419241
0.00576391211923934 0.0357534222363904 0.0208576664064947 0.00370200532944884
0.0210646884645335 0.0179632751909786 0.00245976693517493 -0.109152895371763
0.0212159397484153 0.0116211517134221 -0.087417260139928 -0.102948614980077
0.021875336120151 0.000632553847093906 -0.134675468180246 -0.0146697164454653
0.023733235156208 -0.0131536220638087 -0.103707573172756 0.0643479821974935
0.00990704970071622 -0.0258574334739654 -0.0493613059371295 0.0858724760404143
0.00433435446467394 -0.0298408743021788 -0.0193809093907853 0.0747305063123671
0.011488130014331 -0.0352353307446959 -0.00462836798688483 0.0706313442869272
0.0313733375875198 -0.0271819101676677 -0.00117000367050593 0.0752470981824203
0.0408047115143416 -0.00986643596096416 -0.00901857760391979 0.0827016723841638
0.0537428199567555 0.0203872138713523 -0.0528074953606547 0.0945627096128837
0.0331867433533753 0.0507123798100634 -0.109045604786296 0.0781644113915888
-0.0140457754684051 0.0751086667567273 -0.121357421861171 0.043711253368638
-0.0540204317588628 0.0828744294388317 -0.108971304609689 0.054135586293332
-0.0665813800758456 0.0909435516975639 -0.086453823299069 -0.00516591576223682
-0.0221554130434866 0.0817156565959069 0.0393792433009735 -0.0124460106953497
0.0343075842637209 0.0701898199413594 0.0173519947946894 -0.128443995205214
0.0651328350186767 0.0362111411002287 -0.0833051733871923 -0.125038766868367
0.05802430102228 -0.00676229657932104 -0.133057887184398 -0.0283524694735496
0.0458256788436534 -0.032897790487038 -0.100672858788548 0.0508836246365025
0.021678678540647 -0.0547768480379851 -0.0429819832124793 0.0723061967857407
0.00975621246870332 -0.0589488839913156 -0.0121528768826515 0.0575421931940016
0.0180830903546436 -0.0631482466570453 0.00616291161070513 0.0521748113700459
0.0501245999388764 -0.0483921458011987 0.0165877423622324 0.0590354225353827
0.0683957148532934 -0.0202196265011236 0.0183573761203488 0.0756600415892825
0.0913268187172748 0.0335771503314607 -0.0238057022013142 0.098897381870781
0.0510682092464076 0.0865737657690536 -0.0863375678227879 0.0889702272736921
-0.0296470489485693 0.110289333924946 -0.0952914596300616 0.049221277550705
-0.0933977098179779 0.108879816108867 -0.0679198706103824 0.0434636373605933
-0.104273616057785 0.0990748279768608 -0.0427292269556868 -0.0336876889208027
-0.0568530309380341 0.116149832916604 0.0694035201010133 -0.0286991244179185
0.0345408643871709 0.119156805451029 0.0435106647036694 -0.141759495722402
0.0997106321778492 0.0657916504502321 -0.0649439187857234 -0.143966116726487
0.0904199272255751 -0.00926259219021208 -0.118474252194806 -0.0453654384906272
0.0654893409678417 -0.0468803707881288 -0.0884370916631585 0.0297756897860721
0.0321767173664358 -0.0758921565516339 -0.0318079324132571 0.0492942819732519
0.0130510477915859 -0.0796995233599374 -0.00359144931948686 0.0328100686789198
0.0190579130748481 -0.0817064592910729 0.0174646512268352 0.0256934816481695
0.0561448418837633 -0.0638701286837907 0.0351567709289863 0.0342424842701326
0.0824382874270536 -0.0325587867328121 0.0474020902939617 0.0596473410969353
0.114350122449611 0.0328722836079378 0.00954862829997612 0.09537259199389
0.067345478590058 0.102809781876872 -0.0598019935072168 0.0951193798886395
-0.0332973912186398 0.128491168483876 -0.07162733583508 0.0474300410099672
-0.11439105123581 0.120654467878943 -0.0234125783685532 0.0242674726783338
-0.125796092240451 0.0891234088650744 0.0143784553281683 -0.0566097546214222
-0.08964598605073 0.126676189993288 0.105237382251593 -0.041410013477969
0.0193614445293054 0.149862351856603 0.0757033506668897 -0.141721809671276
0.112899871155985 0.0929589413061958 -0.033195010047058 -0.151188219831372
0.110071897470226 -0.00416993188255976 -0.0886417355085161 -0.0606052734287347
0.0765161928471689 -0.0513262775005165 -0.0662894315840803 0.00318044592471081
0.0380403031705826 -0.0846877878133178 -0.0178806775147086 0.0203640303157727
0.0141226971434031 -0.0883699571471863 0.00612873199197233 0.00390930299195976
0.0169465362873323 -0.0888175201485538 0.0265862767988108 -0.00454707019702941
0.0537114112405818 -0.0702787585153067 0.0497889469065354 0.0057575045624662
0.0825645143663647 -0.0385603135444344 0.0711613108109383 0.0379957626777929
0.119318447912904 0.0290190419103293 0.0367630482087132 0.0850292626917278
0.071299533734311 0.104361816137443 -0.0351816443755982 0.0936433035571694
-0.0363619586873188 0.127950042487313 -0.0522460297755557 0.0396558401940436
-0.120956012257009 0.113709481980943 0.0181139726190936 0.00219884036146131
-0.122847267946503 0.0651831201536049 0.0740120187047446 -0.0692475232214771
-0.104873273319937 0.110355756876079 0.139270934946291 -0.0479402644971349
-0.00227753978179679 0.150210001360935 0.104703466710738 -0.125989233047963
0.101393634295316 0.102950215266526 0.00386304946251936 -0.141401718617751
0.107882807058716 0.00276268705445671 -0.0501438846743365 -0.0690965804113091
0.0736066183776897 -0.0461882343995704 -0.0368268427208261 -0.0230431779158791
0.0364177600528572 -0.079791796583143 -0.00261957634198737 -0.00991785053010519
0.0128321254073817 -0.0842057603358522 0.01464200731615 -0.0245295508221855
0.0136163768517855 -0.0832927776591872 0.0339520696488907 -0.0337973311887835
0.0457785169827243 -0.0667914391875275 0.0613858672942235 -0.020689891154707
0.074374195488222 -0.0375051648047422 0.0882887921559685 0.0176931846233882
0.108440460023215 0.0274836017729505 0.056922884996043 0.0722862208215621
0.0610340235656583 0.0970018861779655 -0.015059806739129 0.0879063415986372
-0.0410456016731789 0.111735215312274 -0.0364818075163162 0.0295841745625778
-0.115409460189821 0.0895835959401672 0.0542197599639704 -0.0168399193668328
-0.0955136565292921 0.03121297235785 0.122157971246111 -0.0710315806197205
-0.0951605684801921 0.0734484433829765 0.16216185209614 -0.047876336234558
-0.0173605987524989 0.116999376610938 0.122374784180142 -0.100713625558409
0.0716882372023848 0.0880904650512198 0.0355861203575015 -0.120725872522951
0.0833395334742357 0.00564504924331421 -0.012818669295036 -0.0719871352141912
0.0562366752745305 -0.034236502842721 -0.00897305037307422 -0.0451738408359586
0.0278339551452317 -0.0621298692326793 0.00942816697627169 -0.0377316055700695
0.00910672576494488 -0.0669686373488203 0.0216682556028466 -0.048692503507172
0.00910401985120143 -0.0665601088139779 0.0405840534620191 -0.0582124442627246
0.0342095275222794 -0.0556582180753918 0.0709344515939654 -0.0414755394066957
0.0592996022320305 -0.0310968472272512 0.101355618729012 0.003727190637471
0.087655248648645 0.0251116313607382 0.0698152057621804 0.0641469445491168
0.0425389754514903 0.0820082724256807 -0.000637434883943789 0.0820123044660026
-0.0457911179426415 0.084658650702721 -0.0242807782411515 0.0216232077400383
-0.0989186802606741 0.0529879825580432 0.0836309522366504 -0.0294032023674357
-0.0493217609760497 -0.00725307232461898 0.149323681323348 -0.0643870563604004
-0.0621382504009645 0.0252308373855731 0.168689963788803 -0.0460515076303992
-0.0199976633802303 0.060995274847486 0.128150229908186 -0.078166229944088
0.0349371752389192 0.0504385063001366 0.055771774966549 -0.100806712784446
0.0430908321176061 0.00280671264729256 0.0116903937524101 -0.0746775737884641
0.0273136350078063 -0.0182419248118319 0.00893123109235613 -0.0619137410270169
0.0133847388658392 -0.0336730814615154 0.0156257842213965 -0.0570022074005543
0.00318180332040892 -0.0399414582185526 0.0253422386550478 -0.0647046328916359
0.00392820836488529 -0.0407997889872877 0.044672754859858 -0.0747571580475917
0.0188615944402919 -0.038114926660303 0.0792760341627789 -0.0544059962700307
0.0395732297210807 -0.022263182226769 0.11275547457113 -0.00315530251218211
0.0585352816673838 0.0197066740769116 0.0795056554876945 0.0635500797876628
0.020841763246117 0.0584079016208131 0.00918852299281041 0.0822323550026312
-0.0443343893424131 0.0491584210087464 -0.0160073416460388 0.0178373703237951
-0.0701732650370419 0.010079784057976 0.103078557080286 -0.0336248405458702
0.0229284776909741 0.0292626193335096 -0.111357116493601 0.0577066744263001
0.0223531725805435 -0.0131497114611414 0.0167265741814919 0.0153825428018283
-0.00100795228931737 -0.0273531849279137 -0.00562427592164434 -0.0907187096296987
-0.0214204785380921 -0.00485944179138361 -0.0862001621215038 -0.0800262379814613
-0.00985418994157976 0.0108541142853508 -0.127341496616325 -0.000267405887127357
0.00328609830080123 0.00743790251031039 -0.0948788313797988 0.072799802432663
0.000847748427745474 0.00640077466200875 -0.0463958321240574 0.0911875905232584
-0.000863385674136224 0.00366769935362087 -0.0189816803891608 0.0821666540819099
-0.000570583568822426 -0.00276791320216453 -0.00815882191201352 0.0771771364277522
0.00135842272433493 -0.00604136048081603 -0.0069225516088747 0.0803334435901993
0.00162421997461019 -0.00647889248518458 -0.0198714983229425 0.0844329882532807
0.0117021270751515 -0.0117600189080359 -0.0629619879572348 0.094026752605962
0.0237332514923637 -0.00316825216958548 -0.117905810957393 0.0769163696919419
0.0217013627763423 0.0293463892833175 -0.142557425396863 0.0407338404668347
0.00312778398923813 0.0480344422110386 -0.134245682987051 0.0642764470553699
-0.0176995015728894 0.0670993394523792 -0.109126765208339 0.0315952049517736
0.00731690549241281 0.0352941736875618 0.0211673510155719 0.00283867921571393
0.0218858785229953 0.0165131913166471 -0.00469778027036966 -0.107388687001546
0.0222746880348863 0.00991005674763961 -0.0930262739277649 -0.0959893961807959
0.0221187020173978 -0.00100304913243807 -0.134116177460837 -0.00621709177802501
0.0225193943808648 -0.0155238660270393 -0.0981585301144922 0.0702859651126528
0.00861603420310506 -0.0268122184419468 -0.043905481123312 0.0876191372028581
0.00224840172488498 -0.0302959745671528 -0.0147097841720028 0.0747422464798255
0.00883822655131777 -0.0362615236683877 -0.000969690178335211 0.0698302746751224
0.0296413937984576 -0.0296655287576873 0.00345438503003801 0.0738520377726333
0.0402546600395685 -0.0121240206882534 -0.00418489524737435 0.0823578220272015
0.0546509016027474 0.0169252314879231 -0.0458832968158651 0.0976824496282933
0.0352357152651697 0.0491478842105071 -0.103021133040406 0.0837936518619125
-0.00926931572389793 0.0754687215661684 -0.118844853905956 0.0493448092881566
-0.0485357920084667 0.0849359873693476 -0.106890260753011 0.0598014753306586
-0.0605088533706304 0.0934430642094653 -0.0866667825201292 -0.000109010452362081
-0.0175949567604502 0.0827425217043843 0.0382486058088095 -0.0139444307634391
0.0384735052573999 0.0670754186114516 0.00900837329905944 -0.127385373495366
0.0677402351555167 0.0319636856025942 -0.0903120970086928 -0.118534398108945
0.0574062968991374 -0.0106219751841722 -0.13345153760354 -0.019830140787177
0.0438198781683965 -0.0362274596890577 -0.0962483673648141 0.0567842451603026
0.0179885329159036 -0.0564044018933255 -0.0378894784771352 0.0730880965201585
0.00518282942394528 -0.0592807221965547 -0.0091134603776544 0.05741374399602
0.0135797087622062 -0.0642187445307787 0.00869629481933737 0.0506357555934612
0.0466835501608869 -0.051505091369896 0.0203622875469837 0.0567201883575021
0.0674928649161376 -0.0243839410086331 0.0230479109368995 0.0733092144051928
0.0921999327086745 0.0272033883181926 -0.0167907736142408 0.100295302794217
0.0556607296832331 0.0838891444119898 -0.080006773222171 0.0937090688905547
-0.0230856930982179 0.111153600785811 -0.0925102479980013 0.0542828764832929
-0.0853601309422598 0.112991810907556 -0.0665806208870676 0.0468170374484509
-0.0975953382658317 0.103654895298021 -0.0438882938845505 -0.030605565442766
-0.0500168183208053 0.118519445696828 0.0666762029355313 -0.0319480151588178
0.0419749562561631 0.115795037842304 0.033419156311083 -0.14220136647131
0.103630185185644 0.0589468778910109 -0.073364546981657 -0.13762411163684
0.0898861579311492 -0.0150493548850673 -0.119669661031492 -0.0376352972752378
0.0620951008761025 -0.0507854556379641 -0.0850499491611785 0.0346724109254848
0.0271674463672969 -0.0771629272731128 -0.0285676406674624 0.0497974900439332
0.00695887048080552 -0.0798481500915153 -0.00178314998625271 0.0321322377672332
0.0135205806526036 -0.0825019576223082 0.0183008987846451 0.0234211656926938
0.0519770902106756 -0.0674840006614578 0.0365274226943326 0.0312400105284792
0.08016032975075 -0.0372336996659496 0.0504414402176065 0.0553985188395916
0.115841455591311 0.0247745291665854 0.015450232428546 0.0946294345593452
0.0730679506879931 0.0981310350421996 -0.0532196477145231 0.0985002808117021
-0.0255786948129268 0.12965314692889 -0.0689901880652054 0.0514199106378345
-0.105693322696687 0.126440542603615 -0.0230820727786168 0.0254173181931574
-0.119116696011316 0.0954394171591705 0.0113509806946422 -0.0563172987810179
-0.0813081171823361 0.131303247325911 0.10150744854975 -0.0463776982345182
0.0291547481377285 0.147694066014885 0.0658174999748678 -0.143641143103951
0.118303348968469 0.0849917843923297 -0.0415834700087314 -0.146310365327239
0.109196428131671 -0.010675303342496 -0.0911620242348704 -0.0543294936602551
0.0733633227393502 -0.0557315882260757 -0.0646778545300161 0.00734507550029939
0.0320882465592923 -0.0862645466165681 -0.0164617324771176 0.0198934564655945
0.00788984556319545 -0.0880647161622445 0.00607164977663711 0.00277908954850454
0.0105779548753655 -0.0885200491915835 0.0259886313653736 -0.00672084053432188
0.0491209973948291 -0.0735305241116868 0.0496541894175727 0.00209916941687703
0.0799270024639084 -0.0430007287093693 0.0728006365442533 0.0321621740274931
0.119979439313034 0.0210013007667154 0.0424967767845313 0.0820948769444516
0.0765730649602304 0.0991958218665268 -0.028505086493869 0.0954909639134248
-0.0285485950332824 0.128606829417283 -0.0495451937282523 0.0430249096168995
-0.112058352480248 0.119968534889404 0.0176309735673761 0.00114555332775063
-0.117270695855525 0.071550459781133 0.0696311024428543 -0.0728333946348861
-0.0976456118831205 0.115900247639797 0.134197954979819 -0.0547325798645824
0.00755577987314562 0.148643188351334 0.095528906524465 -0.129893754841595
0.107051120191648 0.0955236925314153 -0.00445486504216816 -0.138508198369859
0.106835856031615 -0.00356289510929513 -0.0532513514081949 -0.0649493895113831
0.0706670620861334 -0.0502022337825869 -0.0370233239281147 -0.0208358997126273
0.031573947412021 -0.081198123085442 -0.00346671639835724 -0.0107509549986091
0.00671929624249607 -0.0833476898730078 0.0131556761173945 -0.0258853878892496
0.00761300819556713 -0.0829540922459867 0.0316464281955149 -0.0356481138254123
0.0415216629010178 -0.0690485945886786 0.0594327986685648 -0.0249881364460984
0.0713585056993401 -0.0412663051161246 0.0885384679621303 0.0112503205374194
0.108929595785688 0.0195582182579442 0.0615534739754225 0.068710501424048
0.0662534962717745 0.0922297787834495 -0.00894492482839053 0.088462981103974
-0.0342529368660907 0.112864912070333 -0.0346700391689912 0.0321363165526033
-0.108161896844532 0.0956712637250657 0.0522273208464925 -0.0202689271721974
-0.0924960973367807 0.0372564859630621 0.11814387769428 -0.0768145393764672
-0.0892415776990246 0.0786414547061787 0.156698040498813 -0.0560227954770901
-0.00919114952777762 0.116475844885428 0.114457645493569 -0.106240008376194
0.0770862189518482 0.0824482384337267 0.0283097224867771 -0.120425512447998
0.0829668015830249 0.000617211487389447 -0.0167206645088472 -0.0700530087449369
0.0538155493307537 -0.0372114064941739 -0.0111561612024509 -0.0440825579625896
0.0238173420449698 -0.0621763325323547 0.00726786262474018 -0.0385970712213335
0.0039604481731338 -0.0660576009467154 0.0192022308706909 -0.0501639129207148
0.00460214144897273 -0.0659471785910065 0.0364321514317387 -0.0597218362442687
0.0301531845279077 -0.0566579908116013 0.0676713509629867 -0.0455365845292187
0.0568611403598906 -0.0341606525053006 0.100447336996954 -0.00303589226926008
0.0874545450685786 0.0191711255963895 0.073986220903028 0.0600192205697414
0.0470501199139596 0.0781387706736768 0.00505709770481885 0.0822543367782432
-0.040620433901977 0.0860514389340747 -0.022791598544949 0.0233760251340407
-0.0940412373281239 0.0582684330709797 0.0807787992678208 -0.0342449425459613
-0.0486764956986216 -0.00345244062805859 0.14561090038736 -0.0719315191069132
-0.0588129439344649 0.0293547280400881 0.163503742516797 -0.0549968260071674
-0.0149173831116219 0.0607025026382833 0.121828862094895 -0.0839341062416733
0.0372878625517593 0.0476523652122108 0.0496797122649802 -0.102084441430015
0.0425593918245541 0.00073040168669787 0.00793364882185297 -0.0745008437496875
0.0259717873285794 -0.0194819535348956 0.00570564767986387 -0.0616993756207944
0.0112606986762643 -0.0335763824404949 0.0124949561994602 -0.058401585967016
0.000194812100163848 -0.0390605888321766 0.0214734161968057 -0.0659696376352871
0.00122153622491561 -0.039982559957718 0.0399099980160285 -0.0764949291125259
0.0162280709077453 -0.0384665680033666 0.0754984580450488 -0.058439996374741
0.037429043824874 -0.0239244591943417 0.111451089955578 -0.0102985409384456
0.058640987420931 0.0153055292025609 0.0823335029972647 0.0583014456982131
0.0239497785072585 0.0559360391086915 0.0145430134582559 0.0810876729587236
-0.0408308840247681 0.0509523834818457 -0.0150265706403909 0.0192109589526555
-0.0679124843428884 0.0146338388014709 0.100054791146731 -0.0399297159931428
0.0235895454775251 0.026260820782245 -0.103350527129717 0.0606478569945373
0.0204716050973703 -0.0130731341185108 0.0169452059856311 0.013967313882464
-0.00208585839181043 -0.0260634496537262 -0.0103191269056033 -0.0854909181979363
-0.0202018670484445 -0.00340745996775608 -0.086724838209123 -0.0719058006792181
-0.00863285416395215 0.0105938665382421 -0.121812863338894 0.00644023663779807
0.00345531628828183 0.006235996689808 -0.086417380163109 0.0745527925729423
0.00117460264691006 0.005335521809404 -0.0389427608092786 0.0893208048794012
-0.000848240425039481 0.0029051337095053 -0.0134018135380799 0.0793829938086731
-0.000802116613824203 -0.00307141933814798 -0.00355661572867221 0.0741306158274223
0.00121114507775557 -0.0062359508162737 -0.00249158931943551 0.076524784046769
0.00171148957363176 -0.00651291569233606 -0.0149165461897296 0.0816557688480722
0.0107094075950282 -0.011668993405969 -0.0546405649068358 0.0932521133050854
0.0222309366447105 -0.00313674579788738 -0.108194548222069 0.0792816725528919
0.0217022082066531 0.0273069993194678 -0.134889987371283 0.0453484481420823
0.00554108741590458 0.0448085720419362 -0.126907044657939 0.068330827926273
-0.0132124353734539 0.0645071759491409 -0.102720346844531 0.0362137494429374
0.00886164865447277 0.0338206422911863 0.020339793006238 0.00225239872560798
0.0220265541092336 0.0147753538299422 -0.010472862792217 -0.101668268902182
0.022808370708885 0.00821758432830279 -0.0941295167212389 -0.0870199548176398
0.0214612493337289 -0.00249407306727819 -0.128459233965098 0.00127873187024512
0.020702585388855 -0.0164451071340964 -0.0892948397862053 0.0718098036195624
0.00659028204443016 -0.0267972842468021 -0.0372719293184111 0.0855768311814421
0.000288071516489577 -0.0286970576338316 -0.0101509340817962 0.0718901286047674
0.00657807859360188 -0.0352957876259314 0.00297321568419694 0.0662690620543335
0.0267141030131625 -0.0303999809572939 0.00747204541520568 0.0692360334888658
0.0384588952313066 -0.0142824771944487 0.000360100121609524 0.0784281656639929
0.0538289925223913 0.0133775423062452 -0.0378654780523953 0.0955930466982942
0.0359798903730437 0.0463365215768374 -0.0933418340193451 0.0850296631739783
-0.00524603346743668 0.0730692086693061 -0.111734899541114 0.052909019431924
-0.0413946434079624 0.0826978317685345 -0.100725392780678 0.0626313723016081
-0.0529167010111163 0.0919625939448098 -0.0827950907399012 0.00517274900219345
-0.0128772488066765 0.0803675643110144 0.035582380449817 -0.0148060347313029
0.0403945783241697 0.0621794800073516 0.00133282270067179 -0.120791716181312
0.0673209281534391 0.0264520982422184 -0.0922997844575462 -0.107888317525047
0.0549340543083726 -0.0137771097452425 -0.128467055780606 -0.0118329320070884
0.039897107648321 -0.0376723822020696 -0.0885555263654635 0.0594213150502582
0.0142160945190111 -0.0547252902620055 -0.032635479954124 0.0710972580832938
0.00162077700783651 -0.0564701108712325 -0.0056845404529376 0.0550414139180266
0.00898221679476314 -0.0621487651762448 0.0107477799516685 0.0474390946412383
0.041934768237126 -0.052648542708685 0.0221675919953516 0.0525324017839022
0.0639753748638688 -0.0273524103875301 0.0258999832751453 0.0682209846474183
0.0903678056624703 0.0207279301776909 -0.00985390774987534 0.0965738953438235
0.0574290012998209 0.0775848241099483 -0.0708985378913308 0.0937581231842522
-0.0166422753044363 0.107833345696979 -0.0866094646889193 0.0567331664364073
-0.0746736785714873 0.11218157681243 -0.0628919733867745 0.0478744198887744
-0.0878767944426664 0.103841881827434 -0.044054740665637 -0.0267773451581969
-0.0420937973374446 0.116005098328418 0.0615856482819839 -0.0331648261163525
0.0469150479168865 0.107988937628956 0.0241168918739993 -0.136363737487385
0.102868953943135 0.0506202553635556 -0.0769453796480182 -0.126979772138702
0.08545439178179 -0.0189849671457473 -0.116413050495134 -0.0292021846911766
0.0569945704170262 -0.0522024282902169 -0.0790834342725578 0.0375476189790638
0.0217842936634178 -0.0754380742028193 -0.0252022972203472 0.0475849036955983
0.0018076688018432 -0.0758970867273693 -0.000112599431503201 0.0303540770155449
0.00785736340214165 -0.0793767117315041 0.0186478691250401 0.0210289626594764
0.0460077974927664 -0.0676989511157153 0.0367196091076085 0.0266488462416781
0.0750718766116004 -0.0401522005096249 0.0513257711379598 0.0493393702151668
0.111681437031965 0.0168400865872369 0.0206382762516079 0.0899280127734361
0.0751797676938693 0.0895953234879838 -0.045249578000309 0.097010362542391
-0.0186300319197998 0.125461834839551 -0.0637374956522775 0.0530828963594035
-0.0932625891052153 0.125599878787274 -0.0220175421058784 0.0255080412891415
-0.108489454203309 0.0974863210347681 0.00795277720660695 -0.0538209525317053
-0.0712783175298887 0.129769432128946 0.0939376927173758 -0.0488677533087304
0.0360035889978483 0.139069037663637 0.0546245297241967 -0.139144031641598
0.118127598453768 0.0746936243792701 -0.0471334735242598 -0.136612711295736
0.104061831965466 -0.0162362076399077 -0.0894498582849243 -0.0465516824311633
0.0672896992750633 -0.0569392766318426 -0.0605028336056875 0.0100190923932519
0.0259258878986906 -0.0838254786456916 -0.0153404795958291 0.0191631673414784
0.00188658864854532 -0.0837852664644661 0.00565372205991764 0.00194422113128516
0.00475401350468022 -0.08503567531733 0.0238369914508824 -0.00785308783033646
0.0429462341492575 -0.0725239036706505 0.0477115444671203 -0.00101776483448289
0.0743794679561339 -0.0459599713684663 0.070747924655753 0.0260258576169907
0.115585720495747 0.0128724267363692 0.046015824430287 0.0767990896151029
0.078924349399373 0.0903459011691108 -0.0212430981237654 0.0934375768540744
-0.0211195413837043 0.124591110073947 -0.0452696180517329 0.044149311785057
-0.099900745602792 0.120042839403978 0.0157646426097702 -0.000252447003686139
-0.107682835753681 0.0750161517349389 0.0638005844296343 -0.0723480569788317
-0.0866460827612373 0.115751128444594 0.124833404375647 -0.0580822250059315
0.0162250364077738 0.141038781248631 0.0840639075860845 -0.127697478876533
0.10801348163286 0.08564297845629 -0.0108909782774254 -0.130701414327505
0.102252092196372 -0.00912442789689909 -0.0533732032714743 -0.0589805190213942
0.0652845920953381 -0.0516130835816101 -0.0361152250691698 -0.017892820002852
0.0257103296978009 -0.0788810030403957 -0.00410787305310786 -0.0115207440465583
0.00133912098550916 -0.0789887200683297 0.0111240817610561 -0.0260968971056471
0.00241259627432698 -0.0791724049850908 0.0280144187932876 -0.0358108224443526
0.0357169717620153 -0.0679765546596482 0.0552823784394476 -0.0269461356047392
0.0663886134535468 -0.0433911745666744 0.0849636047662378 0.00548842255225443
0.104784574214922 0.0122649616406645 0.0629939328363136 0.062404404300248
0.068486068439379 0.0841349132281286 -0.00339354056734898 0.0853465334310815
-0.0275260733006085 0.109204272297804 -0.0314709342334503 0.0332185930235915
-0.0971678276717762 0.0968971790108112 0.0484321277508003 -0.0222730394671883
-0.0856133077482505 0.0405880297411352 0.110164667224481 -0.0791311688339094
-0.0801131816205529 0.0796875344864834 0.146085198437212 -0.0608215146362817
-0.00177099577446751 0.111075869004453 0.103614505708509 -0.106306021105132
0.0780712105424381 0.0746288853246808 0.021355957981546 -0.114904618543225
0.0791580353219242 -0.00362713894434538 -0.0187881698132079 -0.066107892200869
0.0500380147028243 -0.0381690298316871 -0.012073624068579 -0.0419894808476292
0.0195198148771448 -0.060380759778688 0.00503249431990045 -0.0382870261718374
0.000115774627058432 -0.0622734409400487 0.0153969992632767 -0.0498445897674332
0.000660727449100315 -0.062743088627572 0.0314002049302035 -0.0589619836541412
0.025760496749344 -0.0554728684347216 0.0622140006653937 -0.047361889065532
0.052619787577137 -0.0353779061151013 0.0960185396266103 -0.00912360783272097
0.0840035382262094 0.0128918976522684 0.0740404762399531 0.0532319196817254
0.0489193295992158 0.0718039523324656 0.00967736953490443 0.0785326254384256
-0.0341541334154399 0.0837993758882045 -0.0200741456493441 0.0242476324422631
-0.0854827419502938 0.0607586253231179 0.0749949116192739 -0.0372841303285728
-0.0459336928776004 -0.000310213476012523 0.137294412597141 -0.0758816664997753
-0.0535147077499359 0.0309009418213296 0.153164544250577 -0.0598834242302
-0.0102868630274414 0.0583865109145204 0.11167225334416 -0.0856056309465739
0.0386005934808056 0.043376322948633 0.042239669557953 -0.0990979577687138
0.0405765595004539 -0.00192290344241579 0.00397018754425874 -0.0710170410169678
0.024165981637646 -0.0193094497139781 0.00262260231481734 -0.059471003363655
0.00926864679496758 -0.0322786144795742 0.00899192188029305 -0.05714728333076
-0.00206283495985017 -0.0365715671146604 0.0175211577389442 -0.0653135470142965
-0.00106599290527264 -0.0377369638002213 0.0336876680415941 -0.0747326212516591
0.0133840568079128 -0.0370279887083337 0.0688056723804493 -0.059900603970459
0.0344017868015368 -0.0243236662970394 0.105035126322721 -0.0162915792965545
0.0561512044999249 0.0105726212039913 0.0820844125545765 0.0512889792760043
0.0252495051645323 0.0513718154678153 0.0189750369494917 0.07701900349005
-0.0364125100651085 0.0505576239310919 -0.0133132218682101 0.0196317940319982
-0.0629297052016433 0.0177313811464549 0.0930744884932786 -0.0437410117850041
0.0240611235148862 0.0229725134165991 -0.0852689180078065 0.0747656279932509
0.0177012824165035 -0.0150628036240474 0.0198041712301206 0.0104402748039435
-0.00710368958986384 -0.0232076351377246 -0.0224339289710686 -0.0792146640458398
-0.0203511277835677 0.000736432240539524 -0.0941405082013022 -0.0550072612034356
-0.0065181416552075 0.0128629619321891 -0.113907930718094 0.0257417198985298
0.00450096663968301 0.00588470967903924 -0.0696252471882432 0.0828801091582534
0.00210778953643423 0.00425603199241211 -0.0243010887986418 0.0906108676260852
0.000220429926573696 0.00283877151218674 -0.0015937203496867 0.0763439794051125
-0.000894639552982641 -0.00275043726502496 0.00773522587100176 0.070493255412635
0.000875637553467578 -0.00613932871771235 0.00985184225796429 0.0725365408825324
0.00173891640664598 -0.00570299376258491 -0.0014229910244456 0.0788010961744239
0.00793425762395326 -0.0102051310751433 -0.0356086462147291 0.0944853596053064
0.0191045244517602 -0.00388147258977192 -0.088533403963222 0.0908319124619566
0.0217424190976532 0.0224155269937067 -0.119476628809982 0.0630329500144845
0.00878810316835911 0.0419978703894241 -0.110460594803895 0.0813677872446876
-0.00574796711165868 0.0622528203313659 -0.0909654595796187 0.0534167148050046
0.012684550138247 0.0295290648180764 0.0199855062416043 0.000519260664750064
0.0202589492117736 0.00982538539320352 -0.0240887158203155 -0.09123062994602
0.0200900265521006 0.00523039040055676 -0.100572882694615 -0.0655143706943354
0.0190182947221952 -0.00305628803078424 -0.118692161626023 0.0215325698918046
0.0180068913748802 -0.0175779546569867 -0.0724712312197756 0.0799851707678338
0.00290724987597193 -0.0252965967954519 -0.0219822371380248 0.085414867903493
-0.00266724765445881 -0.0265684938860359 0.000768079906076559 0.0684442849951151
0.00169846474980244 -0.0339530116278247 0.0127970354303818 0.0628461953813024
0.0215188154156649 -0.0319795414120367 0.018270420095067 0.0645863568877633
0.0349396136476596 -0.0168190852616519 0.0124824155394515 0.0731650548582649
0.0516322619665652 0.00706441221598399 -0.0206112950584027 0.0945183162980764
0.0375970387963363 0.0402228236819781 -0.073672763399868 0.0953702979909064
0.00242260412097397 0.0690298979324809 -0.0973361578999275 0.066096131967202
-0.030401646220224 0.0831833527261893 -0.0869908134167612 0.0720386300667336
-0.0392605093388098 0.0912364729870654 -0.0792575167615254 0.0223153514029663
-0.00168876127273066 0.0744818409355024 0.0299576519986771 -0.0158391097458077
0.0428069720298914 0.0502661741133271 -0.0158508633066879 -0.107173630430298
0.0625696840454314 0.014993815384669 -0.100094093293733 -0.0824698672538941
0.0477714205304025 -0.0173972720424229 -0.118257925221113 0.00835956581595782
0.0328876258527443 -0.0392547048272343 -0.0723619686232688 0.0669525445210559
0.00641052850667121 -0.0523847032650513 -0.0195376040674617 0.069818067886221
-0.00523708056741721 -0.0521406010710894 0.0027489731362272 0.0515357333194492
0.000225697791484758 -0.0591036399411385 0.0178585367450978 0.0442484552175605
0.0325434633158288 -0.0549810420227399 0.0301594776026547 0.046216728470051
0.0570954507851183 -0.0323736068943166 0.0344424713884299 0.0593428632213572
0.0872434676633423 0.00891854219104343 0.00479046705582677 0.0914636833369804
0.0612081805276167 0.0662136291286031 -0.0515903171517307 0.100038435143795
-0.00319138213984141 0.102889728020295 -0.073673445816804 0.0648932043003076
-0.0577687775487844 0.114257192293238 -0.0539900551277387 0.052616944080305
-0.069757563640727 0.105176667745607 -0.0496612125952958 -0.0131479141037709
-0.0237969117958202 0.110353273412722 0.0501772388904754 -0.035842737371748
0.0544601901503161 0.0907487466019313 0.00273462515332801 -0.121595299607024
0.0983230502556671 0.0314658867204182 -0.0868320204842546 -0.100090185004983
0.0747668703771522 -0.0266965856862639 -0.107471525937575 -0.0100514640059842
0.0467242110166973 -0.0550560251592859 -0.0655305884204769 0.0445449979254203
0.0100628628060801 -0.0725103295925371 -0.0148078801126517 0.0454284525412429
-0.00717691047198818 -0.0697597890146572 0.00455314241474357 0.0277826570096062
-0.003265790523165 -0.0746089336389326 0.0214174877290084 0.0179664363988405
0.0345158819062316 -0.069658914470462 0.0400478206978806 0.0205922871634215
0.0662818415046663 -0.0455195381035185 0.0554187447356179 0.0376924887607006
0.107245512292432 0.00221582899806855 0.0321107428073439 0.0805367311475135
0.0791697933207393 0.0754339306354569 -0.026395138961562 0.0997398045489602
-0.00193109023430487 0.119111480326231 -0.0529784979867069 0.0577733662847087
-0.0724984311658119 0.128418418433181 -0.019039433588847 0.0253799452844781
-0.0894347750982515 0.100763647349109 -0.0062600919840545 -0.0465680336315175
-0.0484754182141306 0.12635476523473 0.0766568574156634 -0.0555406086594158
0.0494113698441891 0.119358486769716 0.0296373818827538 -0.127164854982032
0.115750103497679 0.0505403785521155 -0.060011846925817 -0.111411529471131
0.091749516992712 -0.0270136946225626 -0.0835388714003149 -0.029845721763088
0.0553386907996565 -0.0605210078061282 -0.0518257720132952 0.015684019028362
0.0129316963981622 -0.0806276529121203 -0.00900989805296422 0.0158522638459872
-0.00814684162641967 -0.0771186881552851 0.00594354336710148 -0.000364452430873457
-0.00652675103332019 -0.079806432393383 0.0220499398700018 -0.0105700333582804
0.0308519591403085 -0.0738161176877873 0.0454685153948594 -0.00751784748309588
0.0650992794750109 -0.0505322879995394 0.0701289360904963 0.0130266320583171
0.110062315735412 -0.00215490828525494 0.0533763479137803 0.0645185406294437
0.0828311328153944 0.0748601562201191 -0.00480864982337499 0.0926238015221574
-0.00450965787240614 0.11832009484877 -0.0368062955985188 0.0465961839247587
-0.0792122300027091 0.124184843262436 0.0129863266287492 -0.00340902343011251
-0.0903931240454659 0.0794253540131975 0.0429437813485983 -0.0739310123927854
-0.0643789131121448 0.115265106494449 0.103655366126804 -0.0694599891917249
0.0313330497220713 0.123161377419676 0.0576533659115201 -0.121008375212045
0.107437339362272 0.0610515376251002 -0.0259552016511197 -0.111517121125403
0.0910307777767167 -0.0209406002215509 -0.0518838703337515 -0.0467849781401949
0.0541225967280275 -0.0558993787185246 -0.0331784909065236 -0.0140361873972977
0.0126932881473818 -0.0760284255035399 -0.00270595815491392 -0.0144152195444245
-0.00864513732609287 -0.073028672981256 0.00737759293078039 -0.0274334688976153
-0.00859781761882857 -0.0741273685995494 0.0216530818539428 -0.0374329230167691
0.02494659307941 -0.0682808685088031 0.0487840859312268 -0.033603633683256
0.0573941656677957 -0.0474969970082445 0.0802822108214835 -0.00896018513705088
0.0999342564295487 -0.00131622314772321 0.0671808522875586 0.0487311132348476
0.0720020131896056 0.0702774444462541 0.0108653571958235 0.0820744303165319
-0.0118605592494079 0.105109145175622 -0.0252110233280395 0.0341789611414225
-0.0783949901655324 0.101236125805266 0.04050964242946 -0.0284008364367387
-0.0726505640201567 0.0442275229081717 0.0860177586157048 -0.0893726134537238
-0.0628200382079373 0.0802608546450739 0.124377743073782 -0.0765583203964752
0.0119946238352364 0.0979675811723617 0.0785609993256842 -0.107024986612687
0.0800000619811556 0.0547607766624287 0.00489259832283427 -0.103149001065802
0.0707404643517064 -0.013509349962278 -0.0220614997895119 -0.0587343342948785
0.0413563511978247 -0.0412608467905696 -0.0149198337240429 -0.0395067366663881
0.00946746549901116 -0.0582020138177605 0.00132431956446097 -0.0399145357022522
-0.00803628992533377 -0.0575989988541994 0.00786715850645798 -0.0500216672183475
-0.0077277372983493 -0.0583566333658015 0.0214543967133495 -0.0598439127854138
0.0169288154373131 -0.0555109273863239 0.0519666854987983 -0.0533980704783589
0.045857420609892 -0.0389859564129545 0.0878053317228511 -0.0241253577697898
0.0806843920369127 0.00236109114248345 0.0763332077053838 0.0379861247167883
0.0523818130421113 0.060735291975271 0.0218644721389053 0.0736565080194268
-0.0212940767734077 0.0822246457809169 -0.0154874434017363 0.0245610252803641
-0.0714563394882455 0.0659034911010892 0.0636222974334746 -0.0462807194279349
-0.0400833670783515 0.00199907808411574 0.114172853496713 -0.0928827860002876
-0.0440163190555319 0.0318781434091137 0.132132016706056 -0.0785714582210902
-0.0019324782691658 0.051355225398625 0.0898968971901413 -0.0928882670357067
0.0397973763658074 0.0318044780720527 0.0260456270288518 -0.0950461356399251
0.0352473054348719 -0.00698635645132961 -0.00361367271820317 -0.067236309793809
0.0189499149457956 -0.020451748557891 -0.00512080370972195 -0.0578578971022
0.00361863996503919 -0.0305675340858232 0.00188230230014506 -0.057695261395344
-0.00636620454736522 -0.0332187717000498 0.0074354782480747 -0.0643458577969089
-0.00613134068016504 -0.035334518360001 0.0211323328744152 -0.074821463537856
0.0074307682758187 -0.0365059937406679 0.0558200012638354 -0.066203618864302
0.0300090556816203 -0.0268041881140208 0.0955506854366257 -0.0320705213328332
0.0540819890271833 0.00378060632397609 0.0837238348575253 0.0354076662499607
0.0285642956050442 0.0444958520738224 0.02942707596138 0.0701342438926729
-0.027115997373582 0.0513504916776421 -0.00951641041947699 0.0194084681925475
-0.0546678163193332 0.0228954095015575 0.0794648369578261 -0.0544211775440205
0.0227157868979324 0.0217848184628498 -0.0828168800463112 0.070034236038289
0.0173700463845824 -0.01376656283428 0.019387673786718 0.010567339680919
-0.0062228060660753 -0.0217602273474557 -0.0199908126662899 -0.0762647289173178
-0.0185940615751555 0.000426959968581779 -0.0886360028583882 -0.0539041755827594
-0.00632100557033847 0.01174246058872 -0.109145500582285 0.0228038618126026
0.00387406857747811 0.00499989141107683 -0.0672500519043644 0.0776678175889926
0.00204770830112457 0.00368926124477402 -0.0240044679096019 0.0860115225670525
0.000381661281272489 0.00287567571891492 -0.00235288278791388 0.0731721886405646
-0.000504827531399549 -0.00311868034684853 0.00629160831056126 0.0674307357145538
0.00100696257854509 -0.00593492897304615 0.00792420559245383 0.0691687741919371
0.00165233186883906 -0.00521525512397895 -0.00265356022163309 0.0748167878650984
0.00822169580444656 -0.00937012653753599 -0.0353757936001368 0.0887217605838377
0.0181582939723498 -0.00263056748535668 -0.0847156034161541 0.0840749086253532
0.0201775190172561 0.022285632657541 -0.115730988153214 0.057364264740288
0.00735393426648107 0.0394568206866747 -0.108043151987372 0.0760831731612246
-0.00625835839494332 0.0585567324576099 -0.0875015249829309 0.0494637966512027
0.0114471351700339 0.0286258232317866 0.0198768050375061 0.00124495010854336
0.0192924054873958 0.00994966309938403 -0.0211648457803747 -0.0865461090841315
0.0203933875247159 0.00501026609148456 -0.095147879078683 -0.063600055481213
0.0191675489019704 -0.00273151591798391 -0.113840175387773 0.01809196836808
0.017303368590405 -0.0172250009052799 -0.0697189665411044 0.0746723330340798
0.00307220113374875 -0.0245653413800837 -0.0222245537999009 0.0805103673425236
-0.00215769638588373 -0.0253399133674929 -0.000686256078381564 0.0656845839600476
0.00183742753112612 -0.0323046035489053 0.0113316338590158 0.0598692895978104
0.0208678915947308 -0.030938298691904 0.0164264576642427 0.0613713248811739
0.0337542957241762 -0.015731189723256 0.0106858761289907 0.0690485438672495
0.049645724953827 0.00749557323593677 -0.0207702165723932 0.0894898570143723
0.0354314364503599 0.0395566923806668 -0.0712251324321593 0.0892970607811451
0.000772983757004822 0.0659720410070252 -0.0951132903687487 0.0610162092960098
-0.0304928087778612 0.0782188857513756 -0.0854071752683992 0.0678209588482747
-0.0390792085536674 0.0858819815400785 -0.0761368782381555 0.0206117543628145
-0.00323366534370315 0.0717682573890527 0.0292965622109648 -0.0136564981891151
0.0403735227961655 0.0485475407548943 -0.0131191335292068 -0.101398210790832
0.0600694185378277 0.015210528958703 -0.0940292755259467 -0.0802044066965043
0.0465522648519103 -0.0162552651733688 -0.113153250672507 0.00621098349215276
0.0318635192817039 -0.0373196311284575 -0.0691555202316334 0.0622871892298267
0.0065644501419986 -0.0497894362678156 -0.0198264512783581 0.0654600155904125
-0.00417188908699202 -0.0491924022257713 0.00126146035987894 0.0492651217454145
0.000958084396495541 -0.056147951951433 0.016188792071407 0.0415835381825011
0.0318050205651834 -0.052188586153277 0.0278373033759264 0.0442337532973142
0.0550931596569284 -0.0304950117154858 0.0319367909574513 0.0567056550106076
0.0833041995432344 0.00933372523161308 0.00400630809867942 0.0868793179676041
0.0575100176251766 0.0645627595373497 -0.0500295269807389 0.0947558600667468
-0.00500971969259731 0.09812609995975 -0.0718344758856658 0.0608240531770156
-0.0567726503845844 0.10712064506859 -0.0538650678677452 0.0493120447038508
-0.068413989906254 0.0989250542154999 -0.047125839271698 -0.0122960568953883
-0.0247676211929896 0.10570125085703 0.0483587681478194 -0.0325911885651904
0.0506871109381328 0.0870838654196029 0.0048800918772138 -0.114769994304058
0.0938655022731816 0.0308765285487272 -0.0810925277320981 -0.0960269822773906
0.0721251411678778 -0.0245365551239113 -0.102149643382087 -0.0110116646377028
0.0456110615545529 -0.052301181384964 -0.0626171455441248 0.0414366964472548
0.0102268726209428 -0.0689796332564815 -0.0152346395466815 0.042411143937283
-0.00638939995716419 -0.066246428293725 0.0037836654451997 0.0259656664593252
-0.00275952598295425 -0.0708010205560073 0.0197565907987953 0.0173733082390248
0.0338732146146727 -0.0665712015907933 0.0374834253460516 0.0192239659132589
0.0640282194252493 -0.0430355053261404 0.0519850143918841 0.0362121375604379
0.102346808626359 0.00339738644790707 0.0300649426234596 0.0770721544366437
0.0743619778055215 0.0735751754279067 -0.0262618396154012 0.0950961847848697
-0.0041581547941219 0.113815835176262 -0.0519160140708117 0.0547511176656254
-0.0711437484969498 0.120970998233151 -0.0197775124352507 0.024090643115656
-0.0870372160831631 0.0947234912648083 -0.00481708607551667 -0.0440909289399824
-0.0488119259602983 0.120116169925417 0.0740920804984171 -0.0498023841988452
0.0452839375244145 0.114635899910233 0.0305512502811765 -0.119432851650653
0.110336169625794 0.0494439978970479 -0.0551156291717606 -0.106875025634374
0.0886493026739283 -0.0247569285630749 -0.0790473552104157 -0.0300724161719632
0.0543366200515173 -0.0575579174386843 -0.0489518092275523 0.0136232758403124
0.0134401911999775 -0.0767345554570131 -0.00925485615087505 0.0143434145759293
-0.00686832966493892 -0.0733485872448753 0.00538213276403584 -0.000757433648066629
-0.00573914394852237 -0.0757141500528901 0.0212637250308649 -0.00948730965044295
0.030633697630314 -0.0702400298553603 0.0432426075159625 -0.00740832782811306
0.062818932683179 -0.0476481895655184 0.0668577617939422 0.0126791972106308
0.105032037471207 -0.00103573197056741 0.0506033375797285 0.0620611897046641
0.0778092799296956 0.0726379906344087 -0.00552401730700825 0.0887786207565168
-0.00605248268766567 0.11331864149073 -0.036021464705093 0.0443150374707518
-0.0763066379332599 0.116014497985852 0.0112663984051231 -0.00294894162046333
-0.0872431537919916 0.0741774927629432 0.0424885927308818 -0.0691869593059119
-0.0633160139510238 0.108390011718421 0.099937230818626 -0.0627974232356087
0.0283379982140543 0.117341151297658 0.0569139227256993 -0.113434964781554
0.102383520094353 0.0596187912089679 -0.0221661053924286 -0.10582040722879
0.0876794189903304 -0.0188020143903232 -0.0483261690950059 -0.0456216614510057
0.0529637832951034 -0.0523950995833396 -0.0306495306982052 -0.0149724384621151
0.013217104691584 -0.0716268748920273 -0.002972222755092 -0.0145959365475855
-0.00745791091965962 -0.0688991926707251 0.00711537403806927 -0.0267406046488986
-0.00734439750327412 -0.0698559957530285 0.0211532768025034 -0.0351562329766082
0.0244536534186019 -0.064710293174732 0.046869023235579 -0.0315825115107812
0.0557069228858889 -0.0444680753829541 0.076467750503915 -0.0078374838196508
0.0954331348849144 0.000110291816360057 0.0642778240518341 0.0471651142852647
0.0674251756889282 0.0676751617657967 0.00989526600761782 0.0792428952468495
-0.0133689969073867 0.0999897377962368 -0.0242292229879458 0.0328455247858226
-0.0756587492502734 0.0947630015286787 0.0383231323245231 -0.0266864120514173
-0.0695924121927131 0.0414636244047722 0.0850227849653401 -0.0835812010504493
-0.0605977530900268 0.0755227576190545 0.119860975238732 -0.0695380746577497
0.0101856777728531 0.093014000342656 0.0772188760543008 -0.0997860147366479
0.075997577156515 0.0532958495517363 0.00719014600231359 -0.0975241141052995
0.0673164854498117 -0.0117667804043851 -0.0195795474652448 -0.0564278273562399
0.0397527893378588 -0.0388659643472422 -0.0134017372376462 -0.0388610410072078
0.00974323763566705 -0.0551599592417293 0.00170824910140514 -0.039152546118347
-0.00698824296265694 -0.0543647766386137 0.00784170578344181 -0.0484917146269396
-0.00696787033480328 -0.0553192682968852 0.0213278315295356 -0.0567837810443015
0.0168406941062402 -0.0523560105305738 0.0504138452097804 -0.0502275127265577
0.0444061435666189 -0.035924766512194 0.0840318679762145 -0.0221884210904674
0.0766039929307239 0.00306127165748348 0.0727245735562986 0.0371818761638161
0.0486704587009639 0.0583611350330883 0.0203121535849132 0.0709340143859262
-0.0214435002728397 0.0780948947814752 -0.0148041249158652 0.0230517920047007
-0.0679373468385214 0.0613725041571744 0.0609933165761741 -0.0430817461201102
-0.0378818723670458 0.00145834901999171 0.111838432551101 -0.0868542309772814
-0.0418521534588473 0.0294583983476788 0.127695376093961 -0.0716206370295893
-0.00226077832622133 0.048378331532115 0.0877162093197761 -0.0866731214744852
0.0377088452729068 0.0307411776827871 0.0268558555717161 -0.0895629965874052
0.0334861913062005 -0.00567858766638138 -0.00216203026777262 -0.0638495195855415
0.0189239470750603 -0.0190762513638385 -0.0040742411933587 -0.0556965922083599
0.00378641362869116 -0.0289821670485591 0.00255148293371962 -0.0558282765539112
-0.00595886542353954 -0.03109024737158 0.00806180955712954 -0.0624569918605906
-0.00568564324427123 -0.0330228194270884 0.0213538444671709 -0.0709740797068868
0.00756337893599754 -0.0342971292841437 0.0549187013641414 -0.0623348198540131
0.0289439882761962 -0.0249661101940687 0.0913369236989957 -0.0297949624395429
0.0510108377120833 0.00434888331704413 0.0796437657054925 0.0346720713698289
0.026042638579003 0.0424753185956981 0.0273228904976124 0.0674912749946463
-0.0267730334217418 0.0483385355529433 -0.00905282406989479 0.0182544034005599
-0.0517177599860654 0.0209725054695506 0.0768109278717833 -0.0510105503205144
0.021916793102541 0.0211744938009274 -0.0840604993122727 0.0672722098184407
0.0176325153644189 -0.0127925451254198 0.0194752445628139 0.0114522639535004
-0.0056334366565808 -0.0215398130548781 -0.0171588262652174 -0.0753789771740329
-0.0176645218343111 -0.000279146196432125 -0.0863226384162842 -0.0558679991586207
-0.00595569422239778 0.0109715177764301 -0.108639175362771 0.0188915840704744
0.00349201225347765 0.00448208190603504 -0.0686767098058076 0.0743474201916968
0.00202954973076865 0.00340363542340155 -0.0255119090051527 0.0836106388302142
0.000305459843110727 0.00230460974194695 -0.00494094046800965 0.0721457445927859
-0.000459316878602088 -0.0031758081428305 0.00397769536956542 0.0668056563667671
0.00153366773874462 -0.0062307336401797 0.00545147598241192 0.0684384400062847
0.00215407368430151 -0.00530087012523715 -0.00521866041225248 0.0735454973752577
0.00887547344129784 -0.00853027546375089 -0.0379069007211153 0.0856040593695317
0.0177391451204779 -0.00102411385157816 -0.0865111801637021 0.079639408239175
0.0189284980985156 0.0229866513833813 -0.117219661232349 0.0526595535350642
0.0057704899539393 0.0387577200383936 -0.11045041685498 0.0719919050168436
-0.00784415317002681 0.0568935695957664 -0.0885661686609092 0.0471893794041729
0.0103511067479706 0.0291450571109405 0.019844262481488 0.00275383284513247
0.0184609934009191 0.0107123033002392 -0.0178658635846121 -0.0862544405673167
0.0201789002638573 0.00545528466830677 -0.0920982798522573 -0.0658817792908396
0.0190984426345079 -0.00285998865815126 -0.113132539266254 0.0144083360247989
0.0176363191637434 -0.0170441921827167 -0.0709144234368042 0.070974621183832
0.00367122500660765 -0.0242383214250222 -0.0242526947607155 0.0784005707662691
-0.00148130517875733 -0.0253064810975673 -0.00308036694898306 0.064595781649066
0.00254168413360475 -0.0321192587441055 0.00911980200500071 0.0593662295795289
0.0214261162093036 -0.0302000442344176 0.0139197879039826 0.0610191723990853
0.0341931684271666 -0.0145421251821355 0.00784033203663637 0.0689699509115952
0.0491728907115639 0.00951248383551452 -0.0229164083692281 0.0868196524348725
0.0337603241990203 0.0404305641549284 -0.0730018707710039 0.0853307801727068
-0.0018973738424054 0.0658917044313735 -0.0964496088374845 0.057223703709805
-0.0326453036616064 0.0754463932386861 -0.0884621112588477 0.0645479373258009
-0.0412110748656154 0.0832211111938171 -0.0762181870158925 0.0186427838399504
-0.00559592875249958 0.0710796926588756 0.0295240442974768 -0.0120693698377513
0.0384513819568891 0.0493670703610818 -0.00910433914970726 -0.100279422395102
0.0596763477318743 0.0164210713318758 -0.0904177219352715 -0.0816283235995174
0.0470426276624171 -0.0150407233747781 -0.11163470831163 0.00256471606494567
0.0329395148056875 -0.0367961203566288 -0.069634297869853 0.059099564015797
0.00774447499660583 -0.0497180520721623 -0.0218068320068576 0.0635531402727207
-0.00325451454695496 -0.0489357705186074 -0.000534430394526137 0.0484830779521931
0.00254526938688467 -0.0552478499028418 0.0146350093872431 0.0413024101019477
0.0330327288664271 -0.051285433968334 0.0257425682844065 0.0442038354598977
0.055562756498442 -0.0285575495059129 0.0291706949772272 0.0563932840030873
0.0823712553177429 0.0116647152299262 0.00190394694515896 0.0857134446032192
0.055442716354474 0.0659889873618342 -0.0525584127698109 0.0921550234837501
-0.00883267152279725 0.0973071922526499 -0.0735391752680729 0.0579543220960576
-0.060059319137772 0.103237291311661 -0.0561214738797003 0.0474647540778012
-0.0704347824675131 0.0953633004082261 -0.0463537180365539 -0.0125292764864892
-0.0282633142809799 0.104264526851761 0.049229882491919 -0.0289724342750513
0.0476795619826106 0.087578743268966 0.00848943726872808 -0.112094251068494
0.0929045913427146 0.0332102468357648 -0.0767897442747803 -0.0971835264393495
0.072920908496056 -0.0225347054151124 -0.0999129829037377 -0.0142187660363213
0.047060734745768 -0.0509032671877439 -0.06257303418698 0.0380056938974871
0.0123235110006195 -0.0682332711654843 -0.0167611166335841 0.0404424319338739
-0.00449935221995188 -0.0653687126759586 0.00242625557971316 0.024886554015227
-0.000448641663121161 -0.0698684969213986 0.0186446198057138 0.0169866160290622
0.0358423047980631 -0.06507023167736 0.0361939082090376 0.0198248785325819
0.064466560714147 -0.0406592729236428 0.0499726884333976 0.0367020321330414
0.101337169116728 0.00650257708560767 0.0283058889733733 0.0763909186681583
0.0715490046822369 0.0749942013894093 -0.0284104634057124 0.0933799786952371
-0.00822292316929663 0.112991900636625 -0.0532307193595214 0.0526346924882141
-0.0741885307295796 0.116201228143462 -0.0216824237163201 0.0236151081539639
-0.0885527500222408 0.0909977771642051 -0.00257622088948605 -0.0431501643767945
-0.0524655367987933 0.117495213539133 0.07471501652514 -0.0455882122809578
0.0415517099686876 0.114183525220207 0.0343278806004381 -0.115736242282709
0.108114698419063 0.0517650017047573 -0.0506065763839262 -0.106860475109761
0.0887735469353377 -0.0220289065819397 -0.0762690772366184 -0.0324904069458451
0.0554700377070178 -0.0556422328823985 -0.0485011341742772 0.0110734055776899
0.0152031683122922 -0.0754287290405325 -0.00996478090727829 0.0126588045866373
-0.00497534039471952 -0.0721944066087894 0.00524944099924606 -0.00117145232192385
-0.00382665958281906 -0.073979334237059 0.0212780076696418 -0.00974210463697478
0.0322417555428197 -0.0687355098232811 0.0426691074242173 -0.0059405991742566
0.0635254686991636 -0.0458898847436275 0.0652380868926102 0.0140983215567935
0.104025174992666 0.00194791555977284 0.0493147540110088 0.0622687952031082
0.074962456646732 0.0741097220855114 -0.0075014958140279 0.0876571673910484
-0.00994748116146149 0.112005920106018 -0.0371982938131334 0.0429797673083678
-0.0788635651893663 0.111551805100144 0.0103153943361365 -0.00236415983337839
-0.0880804185874506 0.0704035818479331 0.0454902643358201 -0.0663779468511674
-0.0657567125166756 0.105413038963133 0.101383828743302 -0.0573243628261247
0.0245974408970636 0.116114636196289 0.0601099067584903 -0.109366553463965
0.100422907739553 0.0613588747074531 -0.018445276446208 -0.104744987388372
0.087387322965801 -0.0160580283381354 -0.0458469013267758 -0.046757259326404
0.0539582684587134 -0.0503172094736951 -0.029400288731998 -0.0161097316979179
0.0154305705074089 -0.070213984473787 -0.00299059479264195 -0.0156090963992374
-0.00555285575592137 -0.067980870008189 0.00749916020499451 -0.0271920927092493
-0.00526044857686916 -0.0685807919935445 0.022045781728966 -0.034509060628636
0.026031896985578 -0.0636063190205206 0.0470511696851737 -0.0297519429348825
0.0563599057805564 -0.0429671204501147 0.0751425620601627 -0.00595004104782282
0.0940361672857586 0.00269793351005099 0.0628662739019629 0.0477591200560281
0.0648981152801379 0.0687430818030602 0.00794302038691282 0.0786700805854226
-0.0165435446174756 0.0985607011983211 -0.0251333595475074 0.0318423597596583
-0.0771672463760151 0.0905180302412795 0.0380581756001516 -0.0250556804055786
-0.069468037580524 0.0385053205843844 0.0879382179102683 -0.0796682201833432
-0.0621502044713404 0.0728940515402885 0.121506399806061 -0.0631118082577909
0.00729448707230529 0.0912655173669314 0.0798111965942853 -0.0956204285061277
0.0741644647862663 0.0538880664203418 0.0104744368346627 -0.0957670647027881
0.0674333482353065 -0.0096152120520528 -0.0171699928530247 -0.0565921863811824
0.0411543493781185 -0.0372025390858817 -0.0115666927254107 -0.0394937943469388
0.0116148404423857 -0.0540405116053426 0.00249643568209566 -0.0394543284344819
-0.00589477582623174 -0.0534460482260101 0.00940582293721362 -0.048811890712463
-0.00570300677155464 -0.0541229426205189 0.0229193342009245 -0.055542253228786
0.0182096531758278 -0.0510575215279248 0.0511776986385043 -0.0483727495516646
0.0447756404886683 -0.034418733329467 0.0832010907465976 -0.01972205380951
0.0753227941174913 0.00556507421318259 0.0714001045441686 0.0383033815732325
0.0460777011916315 0.0587270064112513 0.0182004860057441 0.0705991384541472
-0.0239055525856444 0.0764266482386718 -0.0156807708208981 0.0228429831922673
-0.0681301624764661 0.0581556728857384 0.0610753685740489 -0.0411856907378015
-0.0365956844550725 -8.14679342087503E-05 0.114373280294352 -0.0822077291280211
-0.0418351474699224 0.0273568182048352 0.129251455092206 -0.0656192045377808
-0.00378683375587296 0.0466326120291114 0.0896186475260546 -0.0824831829920268
0.0367636535044589 0.0306317522420444 0.0296781806332966 -0.0875256482212266
0.0332874471044949 -0.00464684741047322 0.000505197296556622 -0.0633790673961458
0.0192443834376758 -0.017953348598504 -0.00186620039904768 -0.0555229652799792
0.00467122568645849 -0.028032525560425 0.00386579557974838 -0.0561353511511429
-0.00501728702273798 -0.0304229287714369 0.00971240555436778 -0.0624162274145947
-0.00464127046547731 -0.0325587649853023 0.0229995219588458 -0.06975761308137
0.00850688794635658 -0.0331530492930214 0.0563537078017239 -0.0596336548265458
0.0293525947866748 -0.0236008888538701 0.0908337682729436 -0.0268340337577741
0.0497418306500163 0.00559737989983335 0.0778108197071481 0.0370042677922129
0.0241556056159572 0.0424375441788625 0.0256147332085342 0.0676663615331035
-0.0277891005144422 0.046825726221163 -0.00933654311509092 0.018388315755964
-0.0504403066558102 0.0188012542167541 0.0767573665021151 -0.0485883065004576
0.0215192338227899 0.0212704879862778 -0.0877478214275174 0.0677977664383999
0.0182516799931614 -0.0126190042521483 0.0206368260308089 0.0123480682720748
-0.0053640403985597 -0.0219835407938778 -0.0155957604170029 -0.0773664235401032
-0.0178836685017954 -0.0009262686325609 -0.0870885144270475 -0.0582218939867284
-0.00631165226915338 0.0103519056550564 -0.111919359793691 0.0176803926592378
0.00322123873155524 0.00456681727763817 -0.0714965691278097 0.0743658849905225
0.0016674429008469 0.00336094498690898 -0.0273483885285224 0.0850387294909757
0.000369682461648756 0.00193627554416616 -0.00665237343032543 0.0739701347469157
-0.000182338547671249 -0.00388240564309687 0.00283058539140595 0.0691219570875339
0.00186640011039108 -0.00619384114218401 0.00464482838816013 0.0700851849373479
0.00284090014476896 -0.00537970516771557 -0.00702301797953428 0.0749293255762826
0.00946243146766401 -0.00853126089216398 -0.0408384661976565 0.0859219653307234
0.018176893038737 0.000117892528618392 -0.0895605955654922 0.0791610189948259
0.0185106721680983 0.0245843297782094 -0.122123439436943 0.0511061857321058
0.0046323275276342 0.0391740064781907 -0.116199418215686 0.0717975325176808
-0.00975614612290783 0.0577023265999913 -0.0917033102577882 0.0474463234005297
0.00972096991742091 0.0305268990834406 0.0207784187071421 0.00357746006544278
0.0189083459728234 0.0114693753795741 -0.0159944514358021 -0.0875909698527123
0.0209956632131195 0.00578708399772187 -0.0928640905819081 -0.068956707802736
0.0202606193343884 -0.00310322330222801 -0.1157055019216 0.0123822131946897
0.0179347245097086 -0.0175101220701795 -0.0736754032869108 0.0708880585137924
0.0043854482531806 -0.025353673480745 -0.0258946010586374 0.0792495632766788
-0.00121451117544823 -0.025942662000423 -0.00482179617686248 0.0659891716407922
0.00326381437736639 -0.0330600429864313 0.00787078426208687 0.0608808011720134
0.0227504706627419 -0.0305692264382379 0.0128314786779106 0.0628037645191635
0.0356871903121475 -0.0145776689082659 0.00650488081742538 0.0700874179142086
0.0508542790186586 0.00988826150426013 -0.0249249705279841 0.0876046734166284
0.0342811730797199 0.0430920347213837 -0.0765972281079281 0.0857664732490244
-0.00355486021277257 0.0676859134005867 -0.100983176009188 0.0563440523223323
-0.035781706297292 0.0761209501517328 -0.0929520013017709 0.0642891813539309
-0.0438347215720415 0.0842147555250378 -0.0782055774229744 0.0184755656882566
-0.00768682568431612 0.0734200679707489 0.0312739615472097 -0.01059842106644
0.0388686502685031 0.0514951424407668 -0.00696364869221108 -0.101857129557425
0.0615866766001217 0.0174283246016125 -0.0906737732179609 -0.0849767990031837
0.0494289692666411 -0.0147675157644736 -0.113801334698062 -0.000201246575842231
0.0341811483220447 -0.0377054144342385 -0.0722162757792502 0.0585537026883235
0.00867638826334503 -0.0511584438043634 -0.0234963590057602 0.0635441507898069
-0.00246587667745126 -0.0498387724292767 -0.0014560429556309 0.0489438028001517
0.00350795658185871 -0.0564266577405085 0.0136893818599082 0.0423254094393645
0.0347231359669228 -0.0521779936132274 0.0254636092906892 0.0452117811967156
0.0579122230216332 -0.0283598934804009 0.028718799617032 0.0579980656479687
0.0846903741926985 0.0130938649086589 0.000347802867830729 0.0872473148686571
0.0556116325229433 0.0690335812187445 -0.055232696183361 0.0936334956441321
-0.01144174862756 0.100552458103803 -0.0769353991688325 0.0582073285724306
-0.0630986701318312 0.104106591152071 -0.0596191853061996 0.0479938108211289
-0.0743952721522654 0.0958979424321492 -0.0468713368475889 -0.0127837543625833
-0.0314664803168754 0.106711640096974 0.0515569569762813 -0.0276020631208779
0.0472342546095943 0.0904369014779622 0.0118061510164426 -0.114257575965471
0.0956030842547705 0.0352352083192135 -0.0764552091480766 -0.101074922257559
0.0758932802391238 -0.0221518418293547 -0.101852509480608 -0.0173365845357026
0.0493204008920428 -0.0522071098799311 -0.0642434552630854 0.0368476905793263
0.0138459431292013 -0.0695914155107714 -0.0184172317374819 0.040212149740307
-0.00374584240133585 -0.0670276041973234 0.00150678537967776 0.0255868566375379
0.000631796578250947 -0.0712853481100894 0.0182361993045413 0.0170678637379873
0.0375151766802472 -0.0665958146317087 0.0362846349454009 0.020921039446315
0.0671717103733026 -0.0408679484782504 0.0504827312345433 0.0378263426143577
0.104135468754746 0.00806671684838881 0.0285431112972604 0.0782002655003286
0.072710020327256 0.0783165234154719 -0.0307601007739701 0.0956827773552878
-0.0113255713101885 0.115730114496385 -0.0556490475127749 0.0531878922968753
-0.0780806487033674 0.117302897747861 -0.0235207360379536 0.02411204660955
-0.0925711353322165 0.0905247799070267 -0.00142624943093669 -0.0435144671500083
-0.0560834897508037 0.11970270445247 0.0784277180602308 -0.044043440556205
0.0402998165302738 0.117463747119361 0.0380912789015934 -0.117946442034324
0.110847415645845 0.0545170737626112 -0.0492757053769363 -0.109524685840699
0.0920105469110762 -0.0211616400599389 -0.0771877587145113 -0.0349578628040102
0.0582717644062139 -0.0567858887501885 -0.0492269352948243 0.0100266469255495
0.0170736794218799 -0.0768259989877964 -0.0110814495264407 0.0117619584514905
-0.00457876118893777 -0.0734953122245449 0.00477638274781002 -0.00188921088459842
-0.00223565356647409 -0.0754860727016461 0.0216527820548927 -0.0102371107995958
0.0342716660665162 -0.0699926463001267 0.0436816823785284 -0.00559014240259736
0.0663909217310522 -0.045491201674417 0.06620514961955 0.0149736876749896
0.106991865781091 0.00387569171687814 0.0498489823361236 0.0636601595971697
0.0756936078708024 0.0771094014178069 -0.00919061116133534 0.090456940993909
-0.0129348598192656 0.114424287259333 -0.0389579735616487 0.043519938958597
-0.0829091256354881 0.112199044466397 0.00994860683835796 -0.00198793472245078
-0.0915850266529605 0.0703480727906023 0.0487446502434152 -0.0664380539664972
-0.0699655048304283 0.107360073825516 0.105730029657908 -0.0554444735410122
0.0229999377080366 0.119199628110952 0.0641199224668013 -0.110240215643235
0.102023225446934 0.0641861167238742 -0.0167945736257664 -0.107486654510793
0.0903594658344152 -0.0147802349351772 -0.0455242336373269 -0.0488283576426692
0.0567427050282768 -0.0512089427798637 -0.0292694621744774 -0.0177964824419187
0.0167560092305023 -0.0720686615472656 -0.00344564742283683 -0.016784978059506
-0.00472801046684476 -0.0694779492206865 0.00731817686288855 -0.0285410353738633
-0.00428903561483096 -0.0695581181689622 0.0230997178461486 -0.0356964913740182
0.0277007712671893 -0.0645484882823256 0.0486130147191931 -0.0302016784387608
0.0585202020350661 -0.042802037635797 0.0772222234933032 -0.00498070163498876
0.0963890040982744 0.00428961239791511 0.0637890519578479 0.0498363321104967
0.0651623995985202 0.0710882693280867 0.00715890307755331 0.0810655081539129
-0.0189202538154674 0.100555438386844 -0.0264444416436747 0.0323163050401555
-0.0802768526043272 0.090858702895072 0.0391514213724523 -0.0249769749970209
-0.0715022920407425 0.0381744333605935 0.0932278201898002 -0.0800283715473429
-0.0653259802210865 0.0735051372722733 0.126885984955887 -0.0615742909341656
0.00570139039633578 0.093250660559289 0.0839260040401492 -0.0951068119110803
0.0750829240279294 0.0562761358622963 0.0128266051797916 -0.0973892324237565
0.0694561170255191 -0.00850428921832181 -0.0159932739431167 -0.0579352973990857
0.0431768340334603 -0.0375285325843591 -0.0107281480056776 -0.0412415283267239
0.0125491949736838 -0.0547529782854164 0.00286737321460806 -0.0416816639709664
-0.00525571632686027 -0.0540570109955983 0.00970310124722194 -0.0507352932183437
-0.00494620747190285 -0.0550290167355681 0.0245230463800024 -0.0569677229421409
0.0191826066072065 -0.0516807583390348 0.0535086852034053 -0.0485642411019593
0.0462555808447373 -0.0343794783773684 0.0854979450761886 -0.0185574159463195
0.0772116563249151 0.00657469329407382 0.0728217296830623 0.0404980276965732
0.0458730194194966 0.0606959969099676 0.0180713215362482 0.0730862945202851
-0.0263364852380411 0.0777896099376527 -0.016061977546099 0.0233241902019429
-0.0702163025517888 0.0578125716117128 0.0630689407651412 -0.0411633493813909
-0.0368043613544677 -0.000203769705274625 0.121138088214932 -0.0820776642027834
-0.0430706145017668 0.0272406876788088 0.135342314828471 -0.0641672145085502
-0.00487612405083758 0.0472140132749041 0.0940795655583457 -0.0823207333321303
0.0372846050047697 0.0314063805928739 0.032440442952804 -0.0880635157594759
0.0341009454991638 -0.00372108957241864 0.0021563613255221 -0.0647828088481901
0.02035606178555 -0.0179454602121516 -0.000730370757036561 -0.0572706486281125
0.00526096991400733 -0.0283632540547758 0.00453825937670472 -0.057920331177082
-0.00504648181254291 -0.0307818818385543 0.0104897413004771 -0.065011113750856
-0.00449175246434839 -0.0329739455929683 0.0256003914757417 -0.0710020234796123
0.00905287109755264 -0.0336161900443962 0.0587024260351197 -0.06002678842599
0.0305574594172895 -0.0237556238364566 0.0932887874880524 -0.0255009844147786
0.0508318005189555 0.00690445851099757 0.0792969630022305 0.0390065368382672
0.0234525375926581 0.0435195014688858 0.025320595905497 0.0699910681503581
-0.0290300378231507 0.0472094857932102 -0.0100505148202041 0.0186248654301015
-0.0512060330042622 0.0179774155781972 0.0793859094367501 -0.048446054471989
0.0230714438217162 0.0210154197457197 -0.0905533847888566 0.0728206817932689
0.0189971576143416 -0.0135115796750346 0.022619617365037 0.0123721425387318
-0.0058000940881855 -0.0223187344226754 -0.0171272633115543 -0.0804074375139492
-0.0181023933861292 -0.000492908757617027 -0.0920074498359812 -0.0586587660090201
-0.00584120568126291 0.0105296101242065 -0.116416042095353 0.0205280242149764
0.00320024526105282 0.00393725420681111 -0.0735688420970863 0.0787186685822944
0.00148455375269271 0.00272815959870965 -0.026413068683852 0.0887493123168204
0.000631085190008109 0.00183785571271427 -0.00492947518125847 0.0778813354137197
-0.000414601784979109 -0.00411606503144179 0.00412504703478671 0.0725531167352354
0.00198983671188561 -0.00712881782511628 0.00554556457929369 0.0727761148254292
0.00320367515828619 -0.0053891142120557 -0.00682510267149167 0.0781582308372226
0.0101548519232269 -0.00865205269268324 -0.0413525061850487 0.0903761548579752
0.0190486424979394 0.000778350190526318 -0.092268740081582 0.0834855367883551
0.0197722678291888 0.0260599491639825 -0.12742204620973 0.0546011459991054
0.00536745814054281 0.0400743057601662 -0.121710335487958 0.0782554472689348
-0.00926625755688815 0.0591775188999067 -0.0948234558572505 0.0523092562769896
0.0106530714627805 0.0319246368979426 0.0227197370610562 0.00365648772571298
0.0205306956853911 0.011967077472131 -0.0177593467569222 -0.0912392886372955
0.022949357940697 0.00484826676881465 -0.0979692577165141 -0.069843810973721
0.0217663459947893 -0.00440537616971046 -0.121059767967198 0.015176619527693
0.0185501534487415 -0.0196304028538402 -0.0752659576218364 0.0749240310945169
0.00347210221031199 -0.0267052674840085 -0.0257992153469454 0.0823809473035091
-0.00167346219321019 -0.0269769795523165 -0.00357988549310901 0.0696026269013857
0.00267402024477944 -0.0347170591625854 0.009187087795459 0.0634401468376115
0.0235238168410125 -0.0330272946676464 0.0141278706680691 0.0648441371079894
0.0374316947783074 -0.0160191803662086 0.00722778773743901 0.0731650148091942
0.053788837491162 0.00978985662871582 -0.0245484393122784 0.0917842947587791
0.0365517195718836 0.0453040741354361 -0.0778891039504084 0.0905542214971903
-0.00295713076742815 0.0716306999163674 -0.105356736504258 0.0605863635832488
-0.0359143848004966 0.0797454293626672 -0.0977420597193608 0.069957222344035
-0.045116102397974 0.087969062018503 -0.0813208116279221 0.0219102473985161
-0.00700769323002549 0.0772895331775034 0.0333038303906662 -0.0110577138356909
0.0418397123608851 0.0530519836249901 -0.00881012219243422 -0.105957961203536
0.0658981053409353 0.0165793361774365 -0.0965057629171855 -0.0869369060979316
0.0521717844441557 -0.0174565276596287 -0.119139855894492 0.00196233427758873
0.0352054116626649 -0.0409167210330885 -0.0742063236742872 0.0616790379048621
0.00790315320708563 -0.05367396359272 -0.0239919834836825 0.0664831269403422
-0.00383589746877683 -0.052114751987162 -0.00156435973726133 0.0515989752600602
0.00231169243683127 -0.059372837948505 0.0148504518532109 0.0438045058388407
0.0355524891110111 -0.0558918454103216 0.026964329241226 0.0467146593928819
0.0601324951415832 -0.0314278776413639 0.030353893717461 0.0597529733964946
0.0894079098669525 0.0120754734075571 0.00263473041126866 0.0904360484567415
0.0600145226208349 0.0715221007865004 -0.0555960193916284 0.0989744781542904
-0.0106436846074427 0.105734427469578 -0.0797943406863064 0.0621769176892971
-0.0645417762716884 0.109706377819667 -0.0630718908187716 0.0515810111945857
-0.0764675700918213 0.101021424779652 -0.0484243753464214 -0.0118403465634218
-0.0312588022694074 0.11289288048988 0.0543580431165823 -0.0289611554040942
0.0509589405852769 0.0937488103726465 0.0108827937714634 -0.118658140790676
0.101652188208158 0.0347662964577616 -0.0814683238272345 -0.103415763643644
0.0800530561587841 -0.0254105217716897 -0.106255096201432 -0.0165153487521057
0.0507916854115289 -0.0560388359721017 -0.0662049359810632 0.0392376400759781
0.012666408000661 -0.073020593482289 -0.0190737405512853 0.041375710333909
-0.00538530528539778 -0.0695654621859513 0.00140800099579472 0.0259493709515578
-0.000794347095511854 -0.0740058751935413 0.0188045457992194 0.0173428512213119
0.03755962717831 -0.0704299050766728 0.0378781947053263 0.0205334947158399
0.0696783010299165 -0.0445389300548833 0.0528838408696303 0.0380893621295712
0.109418461591648 0.00609092710708813 0.0316138013662418 0.0807142025732546
0.07775312629651 0.0802644563412482 -0.0298644580360466 0.100655890850142
-0.0103320897690908 0.121810552155422 -0.0574284747171582 0.0567011278082114
-0.0794018692720593 0.123550035396551 -0.0255684728659897 0.025592866303136
-0.0952018107580616 0.096326212535778 -0.000757375871722652 -0.0443005049920809
-0.0570752082527673 0.126590043849193 0.0823571467888071 -0.0460020382334838
0.0448581214394249 0.121422375894193 0.038145810886659 -0.122651903559725
0.117322817858969 0.0541546950673171 -0.0531447446880919 -0.113118167126021
0.0966823029823833 -0.0243726790764529 -0.0808674814687924 -0.0356990825391115
0.0602187897702662 -0.061119722056695 -0.0508851378570905 0.010488240818634
0.0162491445636688 -0.0807262146180508 -0.0123147062555713 0.0114689774357606
-0.00672403728600736 -0.0767317545284299 0.00412432075247951 -0.00252139042455533
-0.00433436024291912 -0.0787975369794925 0.0218168349104819 -0.0113272220181326
0.0341799659593783 -0.0740219275008187 0.0453222578496253 -0.0070135548995553
0.0681022204912952 -0.0493449621304984 0.0692876897823653 0.0140533844177192
0.112322922764029 0.00196389068659626 0.0541279920108304 0.0646092097269392
0.0808729329712524 0.0788751199505579 -0.00682578199931749 0.0947960499678526
-0.0120927399446173 0.120523294341364 -0.0398588175068468 0.0462873870562149
-0.0844146458443991 0.118482938193314 0.009653954404372 -0.00240870572060897
-0.0941398782073883 0.0747874917547881 0.051788055700525 -0.0701671143681569
-0.0710616250426051 0.113609374217888 0.110992400705396 -0.0591671697942087
0.0261363702397307 0.123516478251805 0.0653829549981513 -0.114950886678571
0.108779297104233 0.0640969870934157 -0.0188841747011057 -0.111146185601377
0.0945656481405027 -0.0178506732418634 -0.0478596458977579 -0.0504429823144503
0.0585476011709195 -0.0551534543993516 -0.0307013055829849 -0.0187015398475822
0.0160293965874353 -0.0752846788536199 -0.00427167063703515 -0.0184346963103569
-0.00702630349404675 -0.0720511609974263 0.00665604763193385 -0.0307498925795433
-0.00596805351612143 -0.0723847868959654 0.0232168545181603 -0.0384539135514949
0.027598606724527 -0.0680050629851138 0.0505498775092646 -0.0325637234776586
0.0604533302930644 -0.0460019279978517 0.0801233628592418 -0.00720933743620878
0.101367276893836 0.00275383625758751 0.0681787294349162 0.0498433352599961
0.069243557296702 0.0727489112153379 0.00957719034155026 0.085521357519452
-0.018291080649249 0.105640849215412 -0.0266875919139429 0.0346634854943431
-0.0817668861707064 0.0960624022138983 0.0397634219920417 -0.0271123640003362
-0.0737494538580816 0.0410429775079972 0.0977846935630651 -0.0849592789454486
-0.0664776261630527 0.0778344988467099 0.132281503688541 -0.0659744478854501
0.0077374745409651 0.0967124905463636 0.0861296528921277 -0.100413001004439
0.0800509724865112 0.056290043832732 0.0122970599821146 -0.101052399939467
0.0724789017763031 -0.0108009629099689 -0.0169198961958481 -0.06021899903058
0.0443493289237249 -0.0403427886484023 -0.0119498961346072 -0.0434044120173571
0.0121347990447698 -0.0570407965005686 0.00173400658255759 -0.0447414488397003
-0.00657590405043902 -0.055948792342844 0.00846760920462921 -0.0537755524032592
-0.00624554039333165 -0.0571567836479647 0.0242662566887351 -0.0604946894678939
0.0191747353102019 -0.0542648162207712 0.0552725340494654 -0.0514830909849681
0.0479711060306175 -0.0366988224962773 0.0885643968283353 -0.0215187669103555
0.0808589621377716 0.00536529012647828 0.0777717887679177 0.0406972132338229
0.0487252404270284 0.0623987823643319 0.0211404450968648 0.0765213865042706
-0.0258949242691961 0.0816699612302893 -0.0164936020693087 0.0248558748327553
-0.0717169404164446 0.0611166012762249 0.0645332813759705 -0.0446547360482098
-0.0379589296163101 0.000308400361001739 0.126544653729984 -0.0884259602919575
-0.0441760672444214 0.0289164987207136 0.140978928427857 -0.0687858012733589
-0.00395515609056873 0.0489482026159293 0.0968649814052233 -0.086810999979705
0.0400480537426804 0.031775680155003 0.0324378535379974 -0.0919477038098847
0.0357396204846552 -0.00477133097823999 0.0017865376620478 -0.067563067392126
0.0211788966642478 -0.0190260274174343 -0.00188029471385205 -0.0603960720218141
0.00499399043515857 -0.0295096940980652 0.00343103098301223 -0.0615285677578818
-0.00614544869388803 -0.0313775922779636 0.00897810143596703 -0.0691615584069901
-0.00533104287957894 -0.0338850462509166 0.0247596425370771 -0.0748632421027322
0.00862925830193878 -0.034893959085965 0.0611095173879908 -0.0638469835986408
0.031156705113262 -0.0250750426960103 0.0970576957167215 -0.0278144875815836
0.0530584383282466 0.00599167507285021 0.0837902878681981 0.0392219447360662
0.0247339114534005 0.0448459449925184 0.0283940096982437 0.0733753735622867
-0.0290149803231805 0.0495002733572647 -0.0104826882241597 0.019762632221824
-0.0521953412397117 0.0193898414138105 0.081453525651665 -0.0525974558551145
0.0185982505918046 0.0266229166792404 -0.102025019567349 0.0604605905370811
0.021210885512298 -0.0105884105195952 0.0218950359752167 0.0156552756502844
-0.00324094132214518 -0.0229948204746152 -0.00462163529118233 -0.0859864577002775
-0.0189485401934292 -0.00239829532543055 -0.0858628233530929 -0.0753974689916118
-0.00770231827900877 0.0113929020906538 -0.122525754958953 0.00349062446675622
0.00280543579594648 0.00505465651853446 -0.0873099431501647 0.0689277706861607
0.00112717351188972 0.00320389173428308 -0.0414676789142579 0.0875266302400315
0.000731044083888221 0.00226039221108271 -0.0180420626075941 0.0798842237048175
0.000375497461233443 -0.00495195245110892 -0.00688935357597367 0.0759102026189353
0.00370713312649501 -0.00641246161404464 -0.0057654770929487 0.0761750309841135
0.0042948664175093 -0.00446792525831329 -0.01910792175885 0.0790900212789165
0.0112185995457804 -0.00608968701075276 -0.057292237193109 0.0851635215372463
0.0179055877097768 0.00555657345788749 -0.106994462013077 0.0694124523869243
0.0132002329320606 0.0304884053459532 -0.139969712338406 0.0326368701984635
-0.00330587274175734 0.0436605001264457 -0.139545352480173 0.0561409035951973
-0.0208465820743461 0.0591513894073795 -0.104743029903595 0.0396281137557854
0.00496045972388806 0.0335503180923661 0.0233766909960486 0.00863746377439686
0.016856572918024 0.0155114746121039 -0.00192019158536301 -0.0942482178085156
0.0211358543359371 0.00988147789664299 -0.0879051853683709 -0.0866741852865329
0.0228434111149285 0.00155750330551225 -0.124733773400598 -0.00412040137589751
0.0221376730184492 -0.0160402525151852 -0.0885302033815222 0.0642248722767092
0.00829521388914125 -0.0264698022964391 -0.0385990258128821 0.0802280974361547
0.00381608717610006 -0.0275593663462852 -0.0151713648869219 0.0717181885977526
0.00923257049987816 -0.0351992609772239 -0.000341193190317835 0.067560507492803
0.0301212146969976 -0.0295316695129702 0.00426677437152008 0.0698561825227211
0.0417699510596255 -0.00789838081353656 -0.0050548579968074 0.0756543579544548
0.0530102235548734 0.0200692328471336 -0.042777304624002 0.0891508652894351
0.0271190173121668 0.0545226665706792 -0.0939379139834161 0.0786654482206853
-0.0187174348460108 0.0735036578964159 -0.116766268554552 0.0405412219680357
-0.0548392516174326 0.0766445352781171 -0.110332788517875 0.0511449381271914
-0.0622010742586426 0.0806923647010606 -0.0878220721318023 0.0127112698562811
-0.020227921951839 0.0757934044511378 0.0356838942848494 -0.00301255926835455
0.030476924135821 0.0601146431172322 0.0109738717620822 -0.104972315127385
0.0615465407043696 0.0275555335157425 -0.0807619265442795 -0.101841942991907
0.0555231935600805 -0.0065665948278022 -0.119551066433699 -0.0188392711826978
0.0428816912389343 -0.0347004496432563 -0.0847317272190755 0.0501981038249123
0.0166876858082986 -0.0525131575314914 -0.0338564704679789 0.0629289484899007
0.00653823281662971 -0.0534590594407035 -0.0107751633055874 0.0528135388764134
0.0128650504002757 -0.0599739981974221 0.00866734908504718 0.0482910233166817
0.0465947596908945 -0.0508798652067133 0.0207480219813976 0.0530738402639075
0.0682958077525279 -0.0193464009169543 0.0191957992646521 0.0662598568637472
0.0895376819155046 0.0287770695634913 -0.0166183101344085 0.0928259064603274
0.0458061781044667 0.0860512685551811 -0.0727495020441917 0.0903478470290275
-0.0333152420829321 0.10747341053514 -0.0906720663774962 0.0450554867664779
-0.0906178205307581 0.101979010567108 -0.0694264845361323 0.0381961562980158
-0.0953139935405878 0.0875620369797842 -0.049652405780965 -0.0159395547899115
-0.0513003106309038 0.106899875270581 0.0592240711067964 -0.0167073533110748
0.0325447760822091 0.10170685781323 0.0331902524945521 -0.111616770023922
0.0941817115418594 0.0503932795039713 -0.0609317384666158 -0.114374436943994
0.0849132702198293 -0.0102768308325119 -0.101973637569142 -0.0354286078421959
0.0615229212093944 -0.0477300672843129 -0.0726553823504842 0.0276489019105791
0.0250665597273534 -0.0715821670583872 -0.0251502404915092 0.0375341633108513
0.00799547612153858 -0.071387262677672 -0.00345317060006051 0.0267257575152195
0.012647870535392 -0.0756010960207257 0.0174521429165404 0.0212606583849919
0.0519662440450551 -0.0657898132624357 0.0361514719990368 0.0287440083938109
0.0808951049525576 -0.0313356682694771 0.0456713475660694 0.0478765352794634
0.111709569907108 0.0257889400444617 0.0133774987960164 0.0884448702159928
0.0623350934962273 0.0988762886938004 -0.0470447217136722 0.0961298931617553
-0.0352123491243493 0.123875519390987 -0.0668609558889205 0.0427331120863441
-0.108483918883482 0.114007518210355 -0.024563298451497 0.0176994295276253
-0.113460737775234 0.0781678629625144 0.00292775882335064 -0.0415289784204121
-0.0787611026447652 0.115452094425037 0.0899518021882589 -0.0296944159744681
0.0215841862562096 0.127572189442565 0.0607486621040389 -0.109764674879861
0.106360143733264 0.0722085343980046 -0.0298398839058641 -0.118466109311854
0.100728211867085 -0.00654203042064892 -0.0718156164047844 -0.0510796376066102
0.0718359930711182 -0.0514571007968842 -0.0517508727152942 0.000454939651850148
0.0295403812147817 -0.0789467122703098 -0.0126068236240235 0.00770240038184052
0.00810495709176358 -0.0786023468829558 0.00389371487521799 -0.00265337062230135
0.0102222998433781 -0.0804103563115444 0.0246988713090143 -0.00783168756969494
0.0489595300483083 -0.0697856928050985 0.0482239656005326 0.00105789937739737
0.0807623901967118 -0.0367168518281164 0.0658587468482254 0.0258751789848392
0.115318552743003 0.0217816887181541 0.0389155743753437 0.0765782071645398
0.0657896866831666 0.0978493791901771 -0.0225915180603947 0.0942619220199843
-0.0362908413204523 0.122098419837495 -0.0467869891392849 0.0352777857506984
-0.112267865021521 0.107633568970585 0.0162479325365099 -0.00480543648627572
-0.107984802375581 0.0555207368820324 0.0604808067512581 -0.0595408659853164
-0.0908757706265854 0.0991117154369202 0.120784259925837 -0.0386089528059385
0.00287640541495547 0.125871865790441 0.0863417922130418 -0.0979339435707205
0.0966370549766557 0.0802547309855034 0.00435674823476357 -0.109489470794342
0.0972551518268797 -0.000698995072632696 -0.035367710311479 -0.0608033347853603
0.0690321137670587 -0.0460411632196724 -0.0263737012682643 -0.0257596565439961
0.028813719289699 -0.0735409135838012 0.000185132484365133 -0.0222914352412155
0.00670595441101179 -0.0738268034315141 0.0111824544720342 -0.0312011769215677
0.00693526599630039 -0.0742604318476347 0.0304582361492106 -0.0354988153448277
0.0406405096422296 -0.0646439003766727 0.0575277673057527 -0.0242548629515454
0.0720920041265354 -0.0350028606503597 0.0805589274756646 0.00562789588254734
0.104636796904808 0.020508296499902 0.0564025639585151 0.0628839883812169
0.0550121029952122 0.0889084747764729 -0.00392265469785917 0.0866211220597744
-0.0395346837318085 0.105476460984525 -0.0312782952938304 0.0260708750224257
-0.104392648122796 0.08412077555888 0.0511164105152157 -0.0240137495376178
-0.080830071268127 0.02446180576398 0.110554966599649 -0.0685258704417912
-0.0797640956921637 0.0639382652587446 0.144352823941554 -0.0434316656677323
-0.0102184333020925 0.0957750159884112 0.104090297159296 -0.0813714736104692
0.0691923333455731 0.0670935369115457 0.0331722986574068 -0.0955274973994875
0.0735812143801616 0.00198921961420122 -0.00329720970740697 -0.065045940725503
0.0521379443676277 -0.0335803056973874 -0.00381340780875084 -0.0478256495231907
0.0216696893277547 -0.0558361254932946 0.00989804183202064 -0.0471902228861247
0.00362496147235715 -0.0580480611501204 0.0167540970403671 -0.0552307474155183
0.00411883124780525 -0.0587372614162585 0.0351625085868457 -0.058246250408254
0.0292349013946199 -0.0516252691578512 0.0656127904843362 -0.0433139157357096
0.0571018131115571 -0.0285902777296908 0.0920218013477438 -0.00763881287900646
0.0826129279029728 0.0196922613439801 0.0680261601672555 0.0550373636801638
0.0361771668718608 0.0742739557401669 0.0089576569984275 0.0801582479823283
-0.0423714489393707 0.0788247928427588 -0.019069869847747 0.0192929310927124
-0.0862086618602748 0.0493333279283411 0.0786832003610254 -0.0358768771073391
-0.0373432897112816 -0.00982479893259719 0.142525954769121 -0.068789480829489
-0.0486163931320257 0.0183455617703956 0.153728192391587 -0.0467917766271978
-0.013031524476929 0.0452807210398233 0.111656574393047 -0.069340878974218
0.0331520151931172 0.0355704459529394 0.0501482303879236 -0.0858449202307605
0.0351381955571595 0.000999436283198899 0.0149001437139699 -0.0688410070801825
0.0245357029170082 -0.0159912450604671 0.00830893880722879 -0.062850552289578
0.00995580033879428 -0.0289860194557058 0.0140415013361938 -0.0640661362751771
-0.000347453270241139 -0.0332069950050688 0.0193483420486349 -0.0705058521334778
0.000546294951818473 -0.0352289121545279 0.0380279607343712 -0.0733671098065093
0.0151226466173257 -0.0339044784707824 0.0727029747924227 -0.0554229327437455
0.0374932072363868 -0.0196269052276709 0.101584506351016 -0.013073546622011
0.0542094225772021 0.0159020075552109 0.0761878828356115 0.0542399307469617
0.0149009683579797 0.0514331702605433 0.017473559312611 0.0780858611903549
-0.0389508679922931 0.0450741545375231 -0.0125182250010419 0.0165201737724445
-0.0567090047438902 0.00842109341373848 0.0950503701501786 -0.0399010666174529
0.0198991562412344 0.0240205896323688 -0.0957330131744604 0.0684736486527521
0.0202599927847151 -0.011632773879198 0.0235787410630499 0.0139396838684825
-0.00475700297373675 -0.0221939417496223 -0.0107220639436189 -0.084358670165393
-0.0183205275953283 -0.00103941375143981 -0.0901862479039911 -0.0673184226985146
-0.00640090724081217 0.0114982899505608 -0.120749876862173 0.0128319165904294
0.00285235718690811 0.0045847600811104 -0.0810114361703385 0.0747360048908826
0.00144863065513318 0.00225131539008454 -0.0332022730969512 0.0888892326268015
0.00133978662755671 0.00199050165763579 -0.0110217629078336 0.0807195254565019
6.98861322206861E-05 -0.00531297702355812 -0.000801428892650369 0.0760125491631278
0.00379851915542346 -0.00699341513934207 1.69073451891594E-05 0.0753854127285468
0.00457252910336908 -0.00459948877669634 -0.0135461880958618 0.0801339744178222
0.0111652445944023 -0.00656231779368332 -0.0502746696034789 0.0883204429811756
0.0181095726382076 0.00485475993553839 -0.100679787109126 0.0756168026022286
0.0157610407989495 0.0296332312434856 -0.136273464059132 0.0425059754774419
-0.000183879849604123 0.0423232224589005 -0.13468859850545 0.0665763076471543
-0.0165049720404333 0.0590054357558256 -0.0996481505777234 0.0486544114856482
0.00748053140514321 0.0334283965609286 0.0240887621817859 0.00715618526189572
0.018090551842443 0.0144281682131865 -0.00848091357493159 -0.0928151642255114
0.0223004391318704 0.0075231824011106 -0.0928617763741633 -0.0781666661784323
0.0228390624363116 -0.00124358704934597 -0.123724472069267 0.00558568622815652
0.0204482531023321 -0.0184100495703584 -0.0824075875941716 0.0698972079846271
0.00607901800580558 -0.027682260175596 -0.0321387213133943 0.081644619854019
0.00173761976740428 -0.0276701979532497 -0.00975348278464576 0.0716544485807176
0.00615435116255925 -0.0360666763254057 0.00471474652325804 0.0674231537647165
0.028126866656799 -0.0316620191119094 0.00956717476063229 0.0683286226261841
0.041186628801563 -0.0115577431439299 -0.000126826380270284 0.0752504015836082
0.054063350674864 0.0156866037792307 -0.0354631008718556 0.0910320947600588
0.031170172565553 0.0521719009957119 -0.0866485459510675 0.0845414127585486
-0.0128836954529914 0.0743053780019864 -0.112434397904103 0.0485690836498105
-0.0485872906039359 0.0790596357344767 -0.106310884659084 0.0595155052526274
-0.0551890399697158 0.0839647186151444 -0.0847951247223873 0.0202029425038457
-0.0142490987384953 0.0769658425949679 0.03557076803346 -0.00481105851465208
0.0351876169884554 0.0566604749766216 0.00327313561140458 -0.103708277377401
0.0638583306091092 0.0217680761463852 -0.0870476929287436 -0.0938745495101691
0.0547237286615459 -0.0118022523790211 -0.119458797768236 -0.00906328872302909
0.0393472265810793 -0.0385637740346133 -0.0793159186875001 0.0553039551566416
0.012357033338351 -0.053963211195093 -0.0289556959142699 0.0643942927167227
0.00180501275563873 -0.052947555500491 -0.00612140425407061 0.0532631303519368
0.0077910166296981 -0.0603818715812436 0.0122076182968075 0.0471769530165228
0.042221998893738 -0.0541197469883601 0.0242874269901576 0.0510559663079555
0.0664939347542395 -0.0245020852232785 0.0236334491770154 0.0636846195840806
0.0913214848682906 0.0211957017885048 -0.00904824051808245 0.0922827882051935
0.0523331578418804 0.0818582600364399 -0.0641962941651849 0.0945679832514172
-0.0247252674041941 0.109379823438732 -0.0860153511297173 0.0511367810881674
-0.0814833078624033 0.107174557835513 -0.0663949607362354 0.0435994546850737
-0.08803777750311 0.0933980507054391 -0.0495904173965708 -0.0111721197557934
-0.0422212761529444 0.110319640446296 0.0577730640235556 -0.0202218005537234
0.0411363524431261 0.0975819859526137 0.0247352980348195 -0.112218345314712
0.097803069792172 0.0418074669795151 -0.0686424792092838 -0.107537174661414
0.0835877964836226 -0.0173665849994991 -0.103404452010473 -0.0277059839594412
0.0565911885713849 -0.0530306001868136 -0.0691974690902254 0.0325898446221015
0.0188574216517397 -0.0729417166298367 -0.0222565353949884 0.0386989278055162
0.00205140601492455 -0.070794906838416 -0.00188606668397239 0.0266543900788599
0.00590786292643233 -0.0758987234490548 0.0184771843435096 0.0192509273801548
0.0459549146213492 -0.0689006365800097 0.0377029259741863 0.0251735370779448
0.0777748432811547 -0.0376052048090797 0.0481388861647871 0.0432036979199515
0.112898549966688 0.0160933188732437 0.0203465696482534 0.0853509467914609
0.0695770725611539 0.0929260085503038 -0.0380466280145584 0.0988696096592841
-0.0255765559022708 0.125627987035313 -0.0626912662904796 0.0471491215102845
-0.0979146632375719 0.120225484473376 -0.0241431699506498 0.0195158907876931
-0.106226438340756 0.0851932261612319 0.000976963877444494 -0.0408543838306908
-0.0691176609019872 0.120863262455723 0.0868318130036871 -0.0349287155119594
0.0316016881641782 0.123954841627324 0.0523940010982848 -0.111838876284737
0.111833615807281 0.0618207235923857 -0.0378257708767365 -0.113241843892077
0.0993683901028056 -0.015144833805458 -0.0744025428438701 -0.0451822516326421
0.0666640058736884 -0.0571669691371139 -0.0510463551593112 0.00400372712369592
0.0229275633019106 -0.0801835837495431 -0.0127304364951444 0.00778707109032278
0.00126718815196662 -0.0783031127876883 0.00292979850406604 -0.00294582304327141
0.00308393293363169 -0.0797552449383548 0.0230618251078771 -0.009772564897967
0.0421818386983042 -0.0732420785273955 0.0479406064793063 -0.00286169428131469
0.0769978455663432 -0.0428112604873013 0.0666838025683174 0.0196974372381
0.11620214763112 0.0116099605861954 0.0446683498862416 0.0712814074838765
0.0724089052478328 0.0914083933735888 -0.0142972342017676 0.0946206833486485
-0.0268940857071112 0.123702245985143 -0.0434902937021172 0.0384478899053749
-0.10199299480947 0.11412184738243 0.0148651937759564 -0.00582782094178662
-0.102434270683725 0.062592607520455 0.056241244546904 -0.0635980991923421
-0.0820077391864729 0.105460770198037 0.117057292130064 -0.046270720524819
0.0128498511581193 0.12340016195876 0.0780284350003206 -0.101918973096977
0.102049609227241 0.070441994958044 -0.00326248980743968 -0.10743977765304
0.0962605111322145 -0.00936370514481847 -0.0390712540961743 -0.0572141020302796
0.0645007540894206 -0.0514092220538787 -0.0276915340464129 -0.0242480827983012
0.0228179967769258 -0.0748844739297659 -0.00231591557820815 -0.0227484694034593
7.19632817464215E-05 -0.0732251783561404 0.00778000187546047 -0.0322285525357735
0.000746397529316575 -0.0738146598902957 0.026453299825801 -0.0373513131684921
0.0347178942952291 -0.0671633562392884 0.0548175843703848 -0.0284842544074702
0.0684519111809752 -0.0403824607845635 0.0797438478480529 -0.00144687529786282
0.104976488002669 0.0110625346678943 0.0614984728044168 0.0574345539631564
0.0613276115207778 0.0833248332119857 0.00405543214735659 0.0864688003191209
-0.031254166651905 0.107203873794471 -0.0287152556098991 0.0283404797842089
-0.0958323544150672 0.0901304196579285 0.0482037617843861 -0.0275538555043178
-0.0775505901349096 0.0297941531615808 0.10519547518959 -0.0764937895568287
-0.0735564433324409 0.0691603029085882 0.139170987312333 -0.0532393432652835
-0.0025225575133195 0.0943337444026018 0.0965948507536752 -0.0870413530569378
0.0740034535517233 0.0595842747818805 0.0260439971314056 -0.0955138140640477
0.072807421735087 -0.0042634422417271 -0.00717120316251119 -0.0640070093028705
0.0487059404108947 -0.0376203212763768 -0.00734000994152239 -0.0473294384579802
0.0171401930190419 -0.0569492761441092 0.00586362362702075 -0.0485969268949507
-0.00169824449431395 -0.0572864751891102 0.0111684405062712 -0.0560758082909881
-0.000914557622891335 -0.0578151892832212 0.0292767855286344 -0.060974427048934
0.024809881600877 -0.0534882112060018 0.0615806930779934 -0.0483807128049172
0.0546298313650383 -0.0325161490746415 0.0895978428020494 -0.014712872120389
0.0831884375861058 0.0124353190716631 0.0714425972587051 0.0485782005305431
0.0408021962132726 0.0696902652676283 0.016589875421395 0.0783336478100874
-0.0357474632404839 0.0811190801260082 -0.0172662271260776 0.0204751147837548
-0.0799853545596068 0.0543931209258973 0.0739512337215339 -0.0419755047214549
-0.0371922247457857 -0.00707488231742555 0.135832288435317 -0.0796100562357686
-0.0463272789152193 0.0217853910408442 0.148777664735553 -0.0578151951572288
-0.0093425714364394 0.0453095987029149 0.105465735537252 -0.0757630082423225
0.0359023200200823 0.0310463910303463 0.0442257426675718 -0.0876043767849561
0.0345640692090578 -0.00184038794660054 0.0101342993992754 -0.0689784358642976
0.0229784286250684 -0.0174919065041617 0.00385310995018182 -0.063378182901647
0.00738060159049354 -0.0291741222864256 0.00834546472726468 -0.0652735980243191
-0.00345869258678911 -0.0324776395598178 0.0128071795887476 -0.071282798500138
-0.00276637828269612 -0.0344805562831877 0.0313396816450647 -0.0753518597583014
0.0120555802691438 -0.0343447318949818 0.0682460322908627 -0.0607503741062164
0.0352958534434878 -0.0221051854023463 0.0991276919051539 -0.0211265847279701
0.0536731864647134 0.0110076159301717 0.079919587895104 0.047948377703073
0.0180478689075915 0.0492716347705346 0.0243916054954668 0.0755167866433035
-0.0348057054453007 0.0468067285691973 -0.0108976307635016 0.0173706083515319
-0.0545396610663035 0.0125156957140516 0.0897687213715176 -0.0468307326111873
0.0191731885594441 0.020935249932401 -0.0862623198250416 0.070665155131955
0.0185021761218547 -0.0120187082156317 0.0238160350258924 0.012070186376641
-0.00511430123853124 -0.0203903870344429 -0.0142354348883391 -0.079755413594359
-0.0168355879094543 -0.000376292833479434 -0.0888881583504312 -0.0594998003468938
-0.00534344230316257 0.0106856243925331 -0.114286075556624 0.0184477002475457
0.00260615423968865 0.00372733121492159 -0.0731318214521452 0.0749446831106199
0.00128912760954065 0.00175524992116649 -0.0263479172285911 0.0858531829514278
0.00161229686149183 0.00142147992457081 -0.00561488793737864 0.0778980275227325
-0.000354411793039027 -0.00549400614803044 0.00365929861593097 0.0729284748647531
0.00315374399329215 -0.00726390926579886 0.00379921407541477 0.0717069274589268
0.0042997618765402 -0.00475839849506981 -0.00919911286082889 0.0766293606305273
0.0102882817507941 -0.00703660407514166 -0.043554917667093 0.0865460484003049
0.0179590055959063 0.00387311925573589 -0.0914716006621619 0.0762052531145954
0.0164043314306398 0.0277496147099767 -0.128003994408791 0.0472047664840076
0.00143259306358633 0.0396268003837866 -0.125617036538353 0.0713569628644247
-0.013369315500293 0.0563153084902275 -0.0916775936344346 0.0526646862142423
0.00878566135012928 0.0319119677926791 0.0239953902869562 0.00598927767024463
0.0182237346674163 0.0130379994679421 -0.0130245253425757 -0.0875371537966887
0.0218941103974747 0.00527916072210215 -0.092317135289056 -0.069238381273471
0.0223668533492021 -0.00286536262946246 -0.117856799780382 0.0119178382800616
0.018378787212865 -0.0191346333712354 -0.0743788670568306 0.0703825797121012
0.00389990130148018 -0.0264098618919041 -0.0262551832989912 0.0792204751571262
9.97611120709934E-05 -0.0264444813434177 -0.00506067694207376 0.0693195711239162
0.00353220730334412 -0.0350712462593861 0.00809362326148744 0.0640433660405109
0.0251509406709386 -0.032510767936735 0.012498583352995 0.0650223100966744
0.0386924747453869 -0.0133481932149818 0.00391764987346678 0.0719388978403749
0.052579330265499 0.0117567360795341 -0.0288086037600936 0.0884205881490418
0.0329413415067277 0.0485134870621488 -0.0775229420621068 0.0844739398918644
-0.00835007141285597 0.0721584329171451 -0.104878691938201 0.0513748311080401
-0.0419322640560626 0.0768627098590542 -0.099646040924875 0.0631488806443797
-0.0487089513617634 0.0823182994186479 -0.078776161621886 0.0245217577475584
-0.00961941726561144 0.0744776508985179 0.0342350691208682 -0.00586708990166761
0.0366021885546669 0.051951359044236 -0.00162909888164638 -0.0980393147760645
0.0626676102516632 0.0160744699669764 -0.0870679266549995 -0.0841575633794644
0.0518018638393356 -0.0150699096123147 -0.11412922522452 -0.00231838907386262
0.0351412795890488 -0.0395833232092858 -0.072414884843272 0.0566399334879641
0.0082960216288984 -0.052399225087383 -0.0243959409766986 0.0628146231161648
-0.00124324782537391 -0.0503690739659092 -0.00305812799904995 0.0513243646036247
0.00381773419044362 -0.0583202678421008 0.0136725720509966 0.0444883058773653
0.0372584382364642 -0.0541783144294879 0.0253948246733282 0.0469913893909958
0.0627321459606611 -0.0273449564852892 0.0258559264673213 0.0594055259535144
0.0881870686769687 0.0145868475390119 -0.00332209909100121 0.0880107142070257
0.05447526559285 0.0753595982151898 -0.0556455601796647 0.0933347251501445
-0.0180087192740234 0.105927479265999 -0.0795776166663509 0.0535719355310722
-0.0716839370942559 0.105859555769319 -0.0620554040656876 0.0452054183672262
-0.0794561325549381 0.0929059636147709 -0.0468078757248795 -0.00734476554925992
-0.0342556071994666 0.107676393113149 0.0542269238372973 -0.0214938215683845
0.0442763487094264 0.0905628171993705 0.0182734021111632 -0.106944735640007
0.0958211283973127 0.0331174855013368 -0.069796856726117 -0.0977247621709523
0.0786192884433363 -0.0222583162720611 -0.0998855944084159 -0.0211512463651814
0.050701608233949 -0.0538889047236706 -0.0637909325779003 0.0338803988597971
0.0136046716536746 -0.0713833246692421 -0.0195153421957631 0.037448931152454
-0.00287485042473336 -0.0671922914275396 -0.000674515777565267 0.0257019776739219
0.00159366845387416 -0.0723438015373809 0.0182760224120162 0.0178052163906476
0.0395474936503443 -0.068668458142317 0.0371525767142021 0.0218313515352107
0.0724275152096519 -0.0402564411024276 0.0476820848830943 0.0385126965967794
0.10901311805955 0.00862397711988253 0.0244055841287375 0.079070713125888
0.0715120591218389 0.0840006766419575 -0.0301752445402539 0.0962426489559252
-0.0181404345299167 0.121557744808476 -0.0570764937036566 0.04853040198917
-0.0861055432613335 0.118923817390352 -0.0230404584806699 0.0201487393427175
-0.0964900277823485 0.0864814524031974 -0.000640127940044903 -0.0384693682650589
-0.0591841767980732 0.11870896266568 0.0813710811093511 -0.0371586209580777
0.0369082204247796 0.116009806784756 0.0444047081179483 -0.107569705056916
0.110266374510487 0.0513544312654315 -0.0408913515645173 -0.105048513298099
0.0942260465694376 -0.0207889534217967 -0.0730384919881036 -0.0389967784290105
0.0604187614085553 -0.0587911678461484 -0.0483826024335427 0.00563153073795396
0.0170002527963217 -0.0781284033241069 -0.0122486156075391 0.00772062665020103
-0.00354264551860404 -0.0738245430943296 0.00250313434515527 -0.00322144577547655
-0.00150721649571034 -0.0761451000053292 0.0210667627283015 -0.010797740707138
0.0365174520885755 -0.0721114831778403 0.0452323324978149 -0.006060384130438
0.0706973391037963 -0.0451797078111902 0.0643406248833259 0.0155492215303766
0.111446126119869 0.00399175111378045 0.0470084314454899 0.0652984959513869
0.0739220993627867 0.0824913958916333 -0.00742864885894555 0.09071983732274
-0.0194019474793804 0.119740801368304 -0.0386211876587438 0.039250077698234
-0.0900974164091721 0.113246683696301 0.0129544035209696 -0.00660415186124067
-0.0940939583252324 0.0645907904097876 0.0510536569078003 -0.0631360881197622
-0.0718994949646392 0.104871382776532 0.10892761218568 -0.0497634571262892
0.0192259891896537 0.116522474402278 0.0699474967411197 -0.0997760392289674
0.101320862326876 0.0599760274075322 -0.00780483792118631 -0.101322923803109
0.0913424735712489 -0.0144095951901656 -0.0393838792391703 -0.0523036720025243
0.0583436226496566 -0.0529953964145357 -0.0276422651662068 -0.0222540239714547
0.0170066950422143 -0.0723768370566934 -0.00387668607787435 -0.0221629197694084
-0.00451398550624703 -0.0692407763300279 0.00484165058355611 -0.0309648000929019
-0.00412887389547325 -0.0702401117188139 0.0225540466443283 -0.0373174350626334
0.0294044484656171 -0.0658999434361345 0.0505751721540914 -0.0305690870001409
0.0627818153697177 -0.0423323704316128 0.0750327496483759 -0.00527920753619548
0.100749659351396 0.00405913176623425 0.061854981876034 0.0508112965276747
0.0618888120969823 0.075585922040448 0.00960724317878075 0.082008560692186
-0.0243146931627239 0.103688527738171 -0.025143502946794 0.0287579802220514
-0.0853472553444311 0.090506882898619 0.0433673935889327 -0.0291420448590815
-0.0723045973241286 0.0325977635350205 0.0960825129197192 -0.078478000783448
-0.0658274562231433 0.0695293794503777 0.130360525454904 -0.0577317277524271
0.00318563438145844 0.0893990754356946 0.0879903972418859 -0.0868529721622951
0.0736309250690657 0.0514382467174413 0.0204454595906688 -0.0915885675842172
0.0692653051924674 -0.00840873534392521 -0.00967628522425187 -0.0611500903319056
0.044503552937455 -0.0388164555454755 -0.00950272961635807 -0.0453246372067518
0.0126606473913459 -0.0549399608121401 0.00250318942673603 -0.0472011517970051
-0.00528907594635539 -0.0538367284198037 0.00690042390078209 -0.0539832756266983
-0.00459309511121777 -0.0549043877663362 0.0243346178083378 -0.0595373551362846
0.020492131005201 -0.0517775611990282 0.0557528048610927 -0.0500631277866276
0.0497363806935709 -0.0337602798316069 0.0841581027482334 -0.0186693872073553
0.0793933883239537 0.00668506426643082 0.0712310761721416 0.0424171346803556
0.0422819490471786 0.0641491967557401 0.0204887382125564 0.0740438783171839
-0.0296573457718373 0.078787082928352 -0.0149979861192376 0.020537874976147
-0.0724518227771354 0.0552838133816194 0.0677443389161372 -0.0442212734223714
-0.035512965534529 -0.0048399880640954 0.125641481975914 -0.0840595939604502
-0.042018595870902 0.023010700633081 0.138650215053051 -0.0629444827599536
-0.00616226568441756 0.0430632539908526 0.0971263964866134 -0.0771192343411429
0.0354455673041082 0.026573587490304 0.0382486699694198 -0.0849942875388679
0.0330309068045154 -0.00347349543809643 0.00694841398416474 -0.066379439039866
0.0209927080904951 -0.018307761231141 -4.03447123433752E-05 -0.0610141731868352
0.00557971770051883 -0.0280132928309079 0.00398312772725418 -0.0634528356198196
-0.00534390129404296 -0.0299031752539104 0.00744368395741329 -0.068563549627688
-0.00485851447308193 -0.0325627872605346 0.0253897979525726 -0.0738543642130858
0.00967089858167981 -0.0330109335343215 0.0617118116350255 -0.062175745754025
0.0323490911817704 -0.0231817578927701 0.0929025022318946 -0.0250845447247134
0.0516296353523923 0.00709688621670348 0.078637676804264 0.040878225788293
0.0191876113543093 0.0453964893845666 0.0275497088539741 0.0707000266658246
-0.0301673917631933 0.0458502746755481 -0.00934249289288011 0.0174480428417438
-0.04996019631153 0.014179616503382 0.0813145114491968 -0.0498712085702375
0.0178352007650116 0.019095503762879 -0.0800885185368992 0.0683986810452902
0.0171333401789215 -0.0114086888836192 0.023253166869256 0.0112170349803012
-0.00532587822682229 -0.0186712746177725 -0.0145969365407974 -0.0754290402586753
-0.0161772180673955 1.6112085443205E-05 -0.084517232877746 -0.0544627002516949
-0.00479729535207364 0.00961677856362572 -0.107928762986588 0.0191378354840321
0.00257150872149582 0.00331564471272307 -0.0679511593122386 0.0716826256642776
0.00107039896305723 0.0014298314199841 -0.0232725522845119 0.0813451764826051
0.00160492663576346 0.00103252694803994 -0.00385783524013188 0.0743138411047374
-0.000516582216448406 -0.00525914373557518 0.00475115638576434 0.0694850864971218
0.0032904227385185 -0.00717680139682393 0.00440361683653666 0.0681905338315206
0.00452756527319805 -0.00448030302100689 -0.00721369161612548 0.0726870246092874
0.00973372460836641 -0.00658777387981858 -0.0398208310155783 0.0822818543199017
0.0172189111349238 0.00378727708881492 -0.0857738951487365 0.0730158009266813
0.0161045358245362 0.026085163049709 -0.121199269903505 0.0460416006046258
0.00133286678010423 0.036522618072386 -0.118719901059254 0.0700798680701773
-0.0121329733447799 0.0532718287222595 -0.0850005247306662 0.0516329394868982
0.00880994200101826 0.0298740630079988 0.0234944903939988 0.00588305650739431
0.0175567091362475 0.0118108002469296 -0.0130236442136818 -0.0823036249904132
0.0213962580150767 0.00411421537103641 -0.0874397288674683 -0.0637568485540375
0.0210785400718383 -0.00399933015674946 -0.111146714846712 0.0128625816083193
0.0165939325590698 -0.0186656146578526 -0.0693294898159278 0.0672960848428699
0.00290518075225112 -0.0255499345296874 -0.0235139529309193 0.0752589372176696
-0.000624084659391327 -0.0251811461456776 -0.00307267887266545 0.065932547191684
0.00255044185917112 -0.0332155870299089 0.00895926042317407 0.0607067683292146
0.0232639575399995 -0.0313926334426095 0.0128015094249662 0.0608885753027383
0.0368661597660603 -0.0134717943080832 0.00430369458182396 0.067788052227477
0.0502839954611842 0.0101485352334582 -0.0254969797953001 0.0835682401259027
0.031736839218093 0.0453956855897361 -0.0718146743574959 0.0803693694644821
-0.00689464098307725 0.0687877032011501 -0.0990703223576176 0.0501353462961801
-0.0387888315093681 0.0726181975356856 -0.0935998988128272 0.0620036226125636
-0.0455155393381984 0.0781401189446498 -0.0731789042625619 0.0249110642708508
-0.00782777754340503 0.0712629375648656 0.033055010376806 -0.00547445571782916
0.0360694152227039 0.0482734109432386 -0.00224581423881714 -0.0922897130194344
0.0599475245275591 0.0132822399445908 -0.0831213071907494 -0.0777324192595607
0.0489574626798696 -0.0161459413423796 -0.108237735562645 -0.00100397019769009
0.0322500586881359 -0.0385015560939386 -0.0681506736213423 0.0542947766402985
0.00669893317752881 -0.049810546183075 -0.0224418755257989 0.0593211227721025
-0.00252724682709587 -0.0479381164502317 -0.0021413351144809 0.0489651148035489
0.00227680308623775 -0.0553201676987571 0.0139263169747599 0.0420881429398865
0.034312022567002 -0.0527853731722006 0.0247084411919708 0.0440894220705426
0.0587418878712855 -0.0274724021504398 0.0247431122303127 0.0561714244593998
0.0841223440108825 0.0119254063695501 -0.00179639076170406 0.0826672829070157
0.0528888017289638 0.0701201318411693 -0.0507832875159435 0.0888682096806189
-0.0154799556960169 0.100888759659409 -0.0746546120235332 0.0509917968203909
-0.0662040667759399 0.100575005133301 -0.0587765033776627 0.0445009275229614
-0.0738420693882029 0.0887641723569724 -0.0432620315576912 -0.00563992176306715
-0.0310406270463907 0.102830152148797 0.0520305019134905 -0.0204415773500697
0.0438554613240421 0.084560637372111 0.0166107357745899 -0.100867842381829
0.0913756933308681 0.0287555426857544 -0.0668877166647094 -0.0913415456939511
0.0744725347919527 -0.0233451239825103 -0.0947090664300084 -0.0184865122238408
0.0468744646823352 -0.0525744244687483 -0.0603070406964176 0.0326490724733827
0.0111932978377265 -0.0677436561950234 -0.018621470396073 0.0356679795489144
-0.00420849882965832 -0.0633853582758756 -0.000472303924271027 0.02433659646665
-0.000179304428027393 -0.0690252252178148 0.0172102821454867 0.0172350975673703
0.0365218396083782 -0.0663121006831 0.0355932274288745 0.0195804202710558
0.0677691336749662 -0.0396107988655349 0.0449426866377344 0.036138433510906
0.103810630475657 0.00548164759141958 0.0245364215299015 0.0739778455045638
0.0686752363774975 0.0784061948706852 -0.0261352055887448 0.0913905117039866
-0.0157119273378039 0.116103912978703 -0.0529769401766141 0.0465624308267795
-0.0799105980744183 0.113036688040408 -0.0220165217692298 0.0197773118390672
-0.0907728782731656 0.0831003109730005 -0.00030276336958156 -0.0362158115685184
-0.0537154869222311 0.11424749182073 0.0771029792465861 -0.035516354489106
0.0368319501901689 0.108608101534479 0.0413311461051783 -0.101984011446994
0.105665738199146 0.0453100646053999 -0.0392740462462842 -0.0983092427826953
0.0886810357223907 -0.0219658688612999 -0.0694701680175506 -0.0367939370808898
0.0559211736450787 -0.0571647823396164 -0.0455987099401456 0.00571818611735454
0.0143341863419026 -0.0748218116821072 -0.0120460800875746 0.00745606581188161
-0.00530044281288614 -0.0696205016699033 0.0017768041335462 -0.00299446286846415
-0.00327928624806311 -0.0723714285327837 0.0192810232582326 -0.0102511571245983
0.0330039242863168 -0.0690704016076242 0.0427120784878522 -0.00683832827667956
0.0669352152606453 -0.0445356373584593 0.0605023714322337 0.0130791663296903
0.105782482093978 0.000965065055891346 0.0457197137167874 0.0600731937807887
0.0709126979591885 0.0766580973269832 -0.00437706820865392 0.086054489704153
-0.0164205702725905 0.113938919607625 -0.0363229955409349 0.0372954537806103
-0.0831631484169419 0.107394242969531 0.0114931968680692 -0.00657033262019745
-0.088213249802191 0.0626097298000521 0.0484036582951137 -0.0607849004215729
-0.0667056262875424 0.100354306868047 0.102659975001717 -0.0483319343289976
0.0202247678936214 0.10912590406177 0.064978332968464 -0.0946684939053049
0.0969178645655328 0.0538972391213327 -0.00834022470548088 -0.0950240829338539
0.0860574647604 -0.0158366744614631 -0.0381517905040225 -0.0497590717492945
0.0543291630561692 -0.0516248223954331 -0.0267914055344043 -0.0212293252017728
0.0147263946094882 -0.0690866467587506 -0.00459821460587783 -0.0212836838725152
-0.00595185356465632 -0.0647808146271618 0.00345088049876055 -0.0296650992274069
-0.00529474482110478 -0.066276409100735 0.0203931663580576 -0.0360633346577108
0.0268818747214057 -0.0627176431273003 0.0470433357256291 -0.0305115834940967
0.058915479011058 -0.0414948045012539 0.0709527246021991 -0.00591828064258456
0.0954021846129913 0.00162323502696969 0.0590627807217437 0.0463375448202111
0.0597858722940926 0.0706340971687273 0.0114034020156893 0.0772571641053749
-0.0212580502830112 0.0989955414346909 -0.0235562507539914 0.0273146556964502
-0.0787712043722749 0.0859274248916515 0.0394908008891588 -0.0284999059958474
-0.0680075177850136 0.0324188321584826 0.0906098897082842 -0.0759501018240385
-0.0613029930694356 0.0665831215260568 0.122316284576452 -0.0562917092046633
0.0042487752272649 0.0842472132491055 0.0825996809969313 -0.0831822696135749
0.0705851109530495 0.0459456993957586 0.0183381006038623 -0.0866665086948998
0.0653887587373544 -0.00934727090309546 -0.00945057845867598 -0.0582634660441684
0.0413734444651782 -0.0374809949996472 -0.00943239119995122 -0.0435293577273691
0.0108403921454721 -0.0521218232115799 0.000903580462972034 -0.0453250623025376
-0.00617355310818233 -0.0504059443840747 0.00501495080896865 -0.0518253596847701
-0.00569636580332368 -0.051483547649845 0.0214742165856618 -0.0567148757038635
0.0185590183885878 -0.0491913720526741 0.0518267061563261 -0.0489752277181551
0.0463642033125766 -0.0331108996931927 0.0794379234359998 -0.0191561437733601
0.0756927548139667 0.00430517027803178 0.0680257904800088 0.0379325605967158
0.040766194291495 0.0599856794888465 0.0211997107042225 0.0696252827802847
-0.0266948153037044 0.0744013834108222 -0.0143214678347213 0.0194447407897731
-0.0668882924990247 0.0526049865774995 0.0619246124163259 -0.0432629399348765
-0.0335263446612524 -0.00398244425788105 0.118503585347187 -0.0816607357451677
-0.0389637969446852 0.022010015859638 0.130426133417525 -0.0614445831842027
-0.00525454340271667 0.0404498586205895 0.0909462558216587 -0.0740264205646595
0.0333811638959526 0.0236043097042689 0.0348219068910044 -0.0807960457239272
0.0311449353884156 -0.0038947281847172 0.00617482758254388 -0.0633623041430837
0.019771564001887 -0.0177833393148366 -0.000683989459319735 -0.0584573361878112
0.00425766317187598 -0.0262962035999415 0.00224386839712732 -0.0606580382966916
-0.0060666791307161 -0.0274489699509397 0.00539020318820754 -0.0655972007880391
-0.00542289045884499 -0.0306109209310036 0.0223533178921971 -0.0697276336582965
0.00862343068075953 -0.0310225682485126 0.0569568881722637 -0.0600223719475388
0.0299326898884751 -0.0227566744131922 0.0877344484503779 -0.0251590403605424
0.0488100602591719 0.0053578193724521 0.075184282025499 0.0366962416394814
0.0183048369444134 0.0430605175955746 0.0274357936526444 0.0660932588962732
-0.0277769542137314 0.0433768617253518 -0.00886869232326553 0.0165235160576011
-0.0464889453084247 0.0134233403734703 0.075512691665233 -0.048973499535753
0.0168212713161392 0.0183241912225729 -0.0771585436824435 0.0662851627659789
0.0164747571319614 -0.0106595142938416 0.0231027921022232 0.0112137322093451
-0.0045998063900777 -0.0175184615455288 -0.0129972698856279 -0.0732125206292951
-0.0149997692380381 -0.000526279939751231 -0.0806610805420561 -0.0540616107861263
-0.0045616212153724 0.00898474527954184 -0.104904836464972 0.0177800164002378
0.00218494140171817 0.00285073781377838 -0.0663956118213338 0.0689425500398614
0.000686065926850205 0.0012522289028352 -0.0228925455059453 0.078171479742112
0.00145915693787474 0.000555178060628214 -0.0038702021599558 0.071922827847472
-0.000684280932413828 -0.00545654215713558 0.0047413820358328 0.0676260013118766
0.00349215596540849 -0.00746063233959326 0.00327547026823097 0.0662143408113572
0.0043320637163678 -0.00410506505206558 -0.00775283324113573 0.0700718310987895
0.00949215976607438 -0.00582284799195562 -0.0392403497085401 0.0787176822057589
0.0168778260374749 0.00434015298522881 -0.0837429432107135 0.068915564808562
0.0154540716986499 0.0252282604205247 -0.118693610768838 0.0432737362873037
0.00032424693181945 0.0348337513966462 -0.116305603725945 0.0676394811796743
-0.0128588860237154 0.0514450194405785 -0.0820380616018729 0.0498384244254428
0.00796950153748094 0.029331754781561 0.023914366344019 0.00630907148848479
0.0169740882276823 0.0118892477449583 -0.0112297890576095 -0.0798539101281542
0.0210020752555252 0.00330272387789625 -0.0835414574615857 -0.0630135941045089
0.0208910401940499 -0.00446554965570454 -0.107899034081451 0.0110738635943701
0.0158866783944822 -0.0179057936152178 -0.0679968381656191 0.0647580343102558
0.00264717662666281 -0.0248730686973121 -0.0233161978202171 0.0721118942877845
-0.000585698643579709 -0.0246103210736395 -0.00294708393191054 0.0643419550682462
0.00232949018963591 -0.0324456056610604 0.00853030103304679 0.059523738160534
0.0229892932214501 -0.0309310248641094 0.0116508851252538 0.0596613360025291
0.0361948346827268 -0.0128818326573231 0.00360874348133899 0.0663382881611797
0.0488890362912011 0.010372682448615 -0.0260970723307138 0.0800489765254382
0.0309673570447744 0.0445145035800618 -0.0704782917235905 0.0769479048162299
-0.00759903368023689 0.0667665148502485 -0.0970037114456181 0.0476009189158023
-0.0387761125422963 0.0693001907290565 -0.09209196849547 0.0594088289642028
-0.0452946201474787 0.0751037463707353 -0.0700587729201706 0.0238765452373277
-0.00820595755998921 0.0691311535685688 0.0325806131037523 -0.00420303485734104
0.0352570184222001 0.0470206152216253 -0.000535293902669814 -0.0894562291872168
0.0582135036359914 0.0122514023731716 -0.0786481601112585 -0.0760112901811734
0.0479582344527272 -0.0156367807039918 -0.104792377131532 -0.00220858473503276
0.0315767439442534 -0.0372151969318227 -0.0658995068857967 0.0515544832080746
0.00657186899347936 -0.0485728038127915 -0.0218906193072079 0.0571349989747384
-0.00214845883896139 -0.0461325799326232 -0.00205144489940286 0.0472313188748972
0.00226715100906537 -0.0539503071620968 0.0132102095029676 0.0409775829524318
0.0338546971791886 -0.0512796741883205 0.0234542105870753 0.0426721761376303
0.0573134781097089 -0.0259967806131597 0.0233641234067402 0.0549001950379125
0.0816778227264012 0.0117309814415448 -0.00226938787665656 0.0793811099565513
0.0507786312549039 0.0684658931276219 -0.0492653887193401 0.085631407165681
-0.0159451653835982 0.0980395313630472 -0.0733224027731331 0.0483660612463816
-0.0652532807727559 0.0962773381626641 -0.0581870278606043 0.0432405959407217
-0.0731374716654108 0.0853883533598814 -0.0411343191021957 -0.0054262859606569
-0.0305732499149362 0.0997189281223416 0.0508796351347679 -0.0183393998566461
0.0417107042690787 0.0818538734307496 0.0184132203131614 -0.0970166125620854
0.0888235891437348 0.0272322310163932 -0.0627427607978142 -0.0882903916072982
0.0727126016498213 -0.0229335404047839 -0.0914459875022686 -0.0192536589613627
0.0453046092510189 -0.0509539105930901 -0.0584023568128072 0.0306269824983748
0.0108010270833483 -0.0655308194281478 -0.0179750698983054 0.034409498007157
-0.00395594700737752 -0.0610986213996352 -0.000541191452604996 0.0237361727481132
-0.000503319366951395 -0.0670088521040244 0.0163285205805531 0.0169394278400051
0.0359961900334759 -0.064493526901075 0.0339463094374944 0.0192398045779258
0.0659136228370406 -0.0383409793198516 0.0433156164124121 0.0354198050631645
0.100396956427127 0.00545539404638713 0.0234478948862589 0.071260335757175
0.0661232971762554 0.0764762440520737 -0.0253606532787838 0.0881960421286188
-0.0161110576182616 0.112801121803605 -0.0522965085445729 0.0440537071091284
-0.0782138484490313 0.107991641353514 -0.0224814756832365 0.0191230247252194
-0.0884954833640486 0.0793396153770206 0.00081170150064557 -0.0353548095384617
-0.0534124475876897 0.110338559227724 0.0752410324072761 -0.0330573392282394
0.0348512125704725 0.105030444172527 0.0421387614486246 -0.0978902001390432
0.101955543042356 0.0435920988566578 -0.0361604093128463 -0.0952507957236304
0.0868676491313297 -0.021733499659032 -0.0666949648739469 -0.0367849698597062
0.0543281749117707 -0.0555925361066018 -0.0440690029932625 0.00441955663470436
0.0141271964193035 -0.0727481285398148 -0.0121683399487566 0.00641031930520926
-0.00507462319691745 -0.0667250260038989 0.00149977595313983 -0.00295583307788638
-0.00333056391150655 -0.0699981039399627 0.0186498317370551 -0.00973755223948761
0.0326674359824927 -0.0670077217337023 0.0412039459718739 -0.00624436950575374
0.0647947905761773 -0.0428157509253372 0.0581824827865629 0.0136041819709691
0.102893921031784 0.00108367151985672 0.0436269512851987 0.0574908958729408
0.0681465158906328 0.0747576996459271 -0.00459727291081247 0.083261158230852
-0.017253807455399 0.110621277876297 -0.035748186710207 0.0351916104527285
-0.0809140190696731 0.102244966882306 0.0101037166703259 -0.00624119927555054
-0.0863958795304212 0.0598654482358524 0.0481058029619109 -0.0585101449975944
-0.0656508421574427 0.0967032519411016 0.100446410410291 -0.0452083625950735
0.0186502960649467 0.105327865841788 0.064472435606143 -0.0903951490157077
0.0934148213880958 0.0517607144164889 -0.00627882152078836 -0.0916997660554833
0.0836523569164263 -0.0157554601236586 -0.0359330242434624 -0.0488913048497119
0.0528424249021176 -0.0498252791646823 -0.0256391149172003 -0.021272359725653
0.0141227247177025 -0.0670693819316575 -0.00475813089427602 -0.0209312474970253
-0.00582913619319983 -0.0621100406818379 0.00328181604534262 -0.0288400733098072
-0.00505489934215025 -0.0639507838518756 0.0195817566034226 -0.0345399111004176
0.0263654291171167 -0.0605695782656893 0.0459825244192043 -0.0293896089714832
0.0572623940545131 -0.0398247336501435 0.0686248256825598 -0.00513718630143482
0.0923945655419987 0.00138539227952973 0.0568803158100711 0.0448832731971764
0.0571291976297415 0.0687340011630866 0.0111513701802588 0.0744737396091532
-0.0212581021852451 0.0953308262333471 -0.0233535619954993 0.0258991368512171
-0.0766799564086578 0.0817237022844092 0.0383283245138429 -0.0272037024608078
-0.0661770102691078 0.030628248429471 0.0893362254723563 -0.0732707067742281
-0.0600282785406337 0.0642037465128147 0.118782844526285 -0.0530452341826896
0.00310542194788471 0.080849745104981 0.0811448774119583 -0.0787432425651634
0.0674357311065607 0.044495559766483 0.0193030002207069 -0.083321821098381
0.0633956880201928 -0.00902683375827172 -0.00852897289756031 -0.0565953184948843
0.0405461912774503 -0.0361228180458199 -0.00899706086942082 -0.0427255329289468
0.0105472399253014 -0.0501822067501436 0.000681418803784348 -0.0446051991550011
-0.00634094070328077 -0.0479683177665357 0.00455686926837751 -0.0501138496631154
-0.00527017632710411 -0.0498029564479819 0.0213059158087103 -0.0546659800588012
0.0186213137284446 -0.047419943095434 0.0504232812891856 -0.0472163450621178
0.0453890062019654 -0.0315146222683822 0.0764634651570147 -0.0179083852742166
0.0727035709666101 0.00386893509032928 0.065680681048164 0.037359022754722
0.038352182571946 0.0583614223372373 0.0206521586991849 0.0669048569308192
-0.0263603651597812 0.0716699673658813 -0.0140760183195682 0.0186583553186082
-0.064960406081228 0.0491763176148505 0.0597493077171093 -0.0416637752820872
-0.0322873863340433 -0.00412064353436007 0.115097358933797 -0.0786441132098177
-0.0378211941807678 0.0210025437226174 0.126876496375991 -0.0586669755731418
-0.00564443974626772 0.0384977332956308 0.0889128999964929 -0.0707335283821557
0.031774186410768 0.022210088187656 0.0345977979066541 -0.0772993789930887
0.0299994017310712 -0.00391169206912787 0.00719846201893859 -0.0616714979734188
0.0190230388316633 -0.017168051120397 -0.000383303422115518 -0.0572109788291818
0.00418531763047278 -0.0252125779200827 0.00228773452569203 -0.0596857962222932
-0.00544598846722 -0.0261558798389855 0.00510426661329912 -0.0636223768454323
-0.00556003041646542 -0.0287683134312624 0.0221820502559788 -0.0681535758284839
0.00863829141618407 -0.0294168764975978 0.055559527057238 -0.0580957856680916
0.0291521855056019 -0.0216895065212173 0.0853011291710168 -0.0236479185668455
0.0468610629714222 0.00550651074156332 0.0724781439898834 0.0364378361687817
0.0171082814234623 0.042097054422281 0.0265578458063963 0.063957350041676
-0.026876799380288 0.0413578828361771 -0.00908454375870373 0.0158968423128588
-0.0447563437734441 0.0116205846702886 0.0728366484227024 -0.0467581556483932
0.0233914260935146 0.0108011128525852 -0.0422565889620499 0.0911752140692265
0.0104297747453417 -0.0162710738716105 0.0256311305151842 -0.000502082480579172
-0.011324641427108 -0.0128814030764252 -0.0424561344572561 -0.0606798418237153
-0.0130976740611834 0.00683299076539033 -0.0962834016964384 -0.0155854498492764
0.000853495930462486 0.0106371783266367 -0.0873647455072522 0.0600171252580519
0.0036676505426794 0.00195814027704636 -0.0313379189559876 0.0902741052854104
0.000795506320403476 0.000710498072351976 0.011962544250571 0.0804249817502127
0.00148191326289188 -0.000727773579313267 0.0275541193451996 0.0666193724222189
-0.00326300620685472 -0.00486247949324082 0.0335518069800278 0.0600349658334025
0.000199891651041269 -0.00849903391718906 0.0315964186348456 0.0591351976951083
0.00308037361259135 -0.00535936552237097 0.0219243040429646 0.0663224452632593
0.00631180179272078 -0.00789237191935144 -0.00293882835503597 0.0876274860189436
0.0165998160924561 -0.00238452144130956 -0.0474666496300338 0.0963299918690527
0.0233648219695457 0.0170567952246005 -0.0922239059906006 0.0876063659052444
0.0142209411773475 0.0330838379995309 -0.081223722997245 0.109225524927046
0.00873770184172337 0.0520870196207563 -0.0525670384127177 0.0799146318146174
0.0183362723983778 0.0232380728973239 0.0255675239077186 -0.00458564215926378
0.0198372421682384 0.00512881769111865 -0.0416515852571803 -0.0687290897416021
0.020229558954415 -0.0040528471927703 -0.10090532461434 -0.0232192701143229
0.0179494219106763 -0.0115869552145845 -0.0927462409721324 0.0545463217483968
0.00767256423400083 -0.022921555512754 -0.0346483405097303 0.0860546717948759
-0.00800737805611778 -0.0233491322715585 0.00885953039672633 0.0741869461795813
-0.0101495408919875 -0.0230304962601828 0.0247905678630398 0.059711090625101
-0.0113969787264255 -0.0308164547712458 0.0339146698587708 0.0502482285968844
0.00873160317214566 -0.0380337926570659 0.0367894883464282 0.0491508387187329
0.0289329932031142 -0.0268500298413854 0.0313812152977561 0.0599351178652623
0.0488200102160208 -0.00978137814162272 0.0106077808734603 0.0863420907676503
0.0459964573982162 0.02946084389466 -0.0333505069158057 0.0987940786855767
0.0196921607774845 0.0650472485594689 -0.0727473956941995 0.0818486465232003
-0.00707787888033747 0.0820502864681377 -0.0638277270157382 0.0897833150957446
-0.012161086569376 0.0864129350069463 -0.0524038613057304 0.0533070096525094
0.0190346862271296 0.0658658537736578 0.0307510788319527 -0.01656917376991
0.048424945906627 0.03014427303961 -0.033639638658254 -0.0813530578540779
0.0563261697671616 -0.0109645478361305 -0.100791116178465 -0.0384856728373684
0.037714756633735 -0.0325969223076148 -0.0960707643551794 0.0400912078055769
0.0139208432566176 -0.0465938417355031 -0.0386081237548644 0.0729820194452237
-0.0142853519342222 -0.0463335485329997 0.00314803894245464 0.0593501040817797
-0.020029066360297 -0.041779614314268 0.0187465795570338 0.0432111105909152
-0.0198693217006628 -0.0502981888026973 0.0306083053994578 0.031961023678152
0.0105341524006989 -0.0613436757800973 0.0410087242083984 0.0288230871483247
0.042935461259404 -0.0479943446565838 0.0452570889604666 0.0422655273025468
0.0787694983421732 -0.0222076941548158 0.0328378571714644 0.078381992774136
0.0742483490901502 0.0441343084898608 -0.0113300790307169 0.0992238840273688
0.0253689823681866 0.0977465646972866 -0.0522342802091437 0.0732922168736094
-0.0197739638006959 0.118135521551834 -0.0406949360750198 0.0585275428713056
-0.0341055642286929 0.106233836371543 -0.0377774796441718 0.0158342533353872
0.00997591421367872 0.101761408994092 0.0419503976243242 -0.0361723807329454
0.0680983637008366 0.0585481754990585 -0.0184210190357926 -0.0956894917690187
0.0887136242034934 -0.00985042129937226 -0.089946740557857 -0.0571282917893668
0.0567773296575201 -0.0485800770580237 -0.0912572821107066 0.017603627165109
0.0209314898226903 -0.0646632191611711 -0.0406442500737689 0.0501269462465911
-0.0170250105671153 -0.0636680568378682 -0.00321054347211614 0.0365479896750743
-0.0280166319573155 -0.0549818831173529 0.0100189542028599 0.020896889948049
-0.0274324566211905 -0.060793852436149 0.0235615618487979 0.00809805621473882
0.00706290890829988 -0.074477557664727 0.0406219251399929 0.00259922912514645
0.046456473825064 -0.0631888484052411 0.0560227198203755 0.0169394728598637
0.093352665658469 -0.0367239986746993 0.0529795584693284 0.0609619189790352
0.0921411583013271 0.0451719746132331 0.0115724911332999 0.0922029697645878
0.0313580121596789 0.111125579678886 -0.0355854449031978 0.0604640956406612
-0.0259925166691752 0.134757602307075 -0.0180630433859225 0.0213404498572365
-0.0518509720676216 0.106869728397908 -0.0121976118980604 -0.0277745802386431
-0.00671144461460252 0.119919709163668 0.0579698488806493 -0.0589822982897597
0.0700929169739319 0.0816242107140384 0.0039051265530765 -0.105497692099667
0.106393942266543 -0.000842259348506214 -0.0675607156257379 -0.0738524143835272
0.0695791667812257 -0.0530035438741138 -0.0755043602622235 -0.00874063009848764
0.0269034686872947 -0.0723119881086837 -0.0384496581661544 0.0203664958134776
-0.0163886750570043 -0.0706553452671614 -0.00949454105272565 0.00814233794105362
-0.031463367576916 -0.0593831237646358 0.000265872434206933 -0.00401630556025629
-0.0314537092543852 -0.0629194967711282 0.0135898315496113 -0.0166464371438591
0.00266487584034831 -0.0757667187054629 0.036482828337067 -0.0234733885728907
0.0431772541411957 -0.0667266889075906 0.0605523586603548 -0.00936596662253123
0.0937432917617932 -0.0421597203173944 0.0660389231992541 0.0405245198699315
0.0931900096433042 0.0426203486136991 0.0286999788064191 0.0791822532760888
0.0302126276992714 0.109111412106634 -0.024058240990072 0.0459146588998565
-0.0307851369504433 0.130723305726956 0.0020698268826336 -0.0154734020751282
-0.0574013887643049 0.0877442288088833 0.0206483230806756 -0.0685087638312477
-0.0232533181003816 0.112189159307765 0.0751118450915022 -0.0804869028083898
0.0553168129300367 0.088114123834228 0.0264682858016751 -0.107078775697927
0.101311853304445 0.00976455542334522 -0.0384485561492425 -0.0829596439409016
0.0690503009998008 -0.0464930533788117 -0.0528773087061143 -0.0328152543100854
0.0276995530376585 -0.0667503404514926 -0.0322326418057851 -0.0107990056617721
-0.0142504785944794 -0.0660638950823232 -0.0147818065640752 -0.0200285607275843
-0.0305394807289762 -0.0546815306487794 -0.00927120304770655 -0.0281070019476591
-0.0304106345398289 -0.0563832841645378 0.0041635071110251 -0.0397073438678571
-0.000310051916108299 -0.0670091515302985 0.0306232297467522 -0.0467228255180106
0.0371185383280774 -0.0608751660658162 0.0615747275054304 -0.0306919882659952
0.0845890425769669 -0.0370336638311801 0.0727491864243983 0.0224310855579098
0.0805981213427051 0.0415491117792696 0.039100590117973 0.064677830541403
0.0197707757764803 0.0970535606771431 -0.0155494470568406 0.0321071953826078
-0.0356595388226075 0.10881336347214 0.019526540512759 -0.0458094866064289
-0.0503140967747067 0.0522279664040453 0.051481976718206 -0.0996975006953188
-0.0312024859942576 0.0802542328128242 0.0880709854199999 -0.0956110082583495
0.0320461892065985 0.0715312039277619 0.0450004431723153 -0.103004023885065
0.0756442142199622 0.0128182280076699 -0.012922795101301 -0.0849237647724504
0.0530414447416269 -0.0329476295611747 -0.0304006946066415 -0.0507689452239085
0.0218791776283112 -0.0490961653792469 -0.0260842516453083 -0.0371203944993468
-0.0106238969328069 -0.0499012126973574 -0.0195789598485033 -0.0431561060950799
-0.0244046238911011 -0.0411572845765385 -0.0174738280369222 -0.0480043933562682
-0.0253152693374315 -0.0430172278641375 -0.00382105639367923 -0.059341231696972
-0.00232330039292298 -0.0512417234428402 0.0268832030706526 -0.0644069921976137
0.0290763917272888 -0.0480285102163227 0.063530349570466 -0.0460277139765664
0.0682930903607359 -0.0262235806505078 0.0765299827101757 0.011126878323366
0.0595674208376964 0.0396775131908884 0.0444466817515115 0.0532525478859806
0.00513645142288216 0.0768559331290473 -0.00914436252751476 0.0216116987425094
-0.038823239821914 0.073383411398184 0.0350698767479572 -0.0664859719394165
-0.0331507897252227 0.00784651514757691 0.0729155074362854 -0.117135752508907
-0.0279847321337473 0.0328911165617394 0.09125707092695 -0.104189501736283
0.00778892414948842 0.0365167463934575 0.0531629976374813 -0.0989017814071638
0.0352816478832398 0.00771958201200241 0.00130545927102879 -0.0849979519671371
0.0246260680189631 -0.014605623593147 -0.0193082064018012 -0.0603687043993742
0.0100746534590451 -0.0230456153242083 -0.0241975953764994 -0.0526046287788474
-0.00608177710221684 -0.0242676618889412 -0.0242383536817947 -0.0567810496240967
-0.0156444949329529 -0.0209212292977079 -0.0234108076932873 -0.0605612780835746
-0.0163723031923051 -0.0240495632093868 -0.00866660577288547 -0.0715180566368838
-0.00384628455657281 -0.0304836513407208 0.0257990714982394 -0.0768568744929164
0.0178532354259806 -0.0324175240864337 0.0682877894923109 -0.0556381301283704
0.045440120162767 -0.0139183797386894 0.0816081207993405 0.00557072715875342
0.0332464629125818 0.0328941327869924 0.0485241935975464 0.0478320452780809
-0.00816365164786547 0.0484622244475431 -0.00423491859072831 0.0169573746460566
-0.0360684113354213 0.0294978864941433 0.0465414920596239 -0.0748157475035982
0.0229967993544595 0.0106224241300477 -0.0411013061839141 0.0929999897487851
0.0106603166851651 -0.0162660327977201 0.0266784042991315 -0.00126106495622725
-0.0115080517555095 -0.0129148919274581 -0.0438364022962099 -0.0617980896103124
-0.0137108287331447 0.00660543891545782 -0.0981412990897096 -0.0154122148747199
0.000927365091049777 0.0104366533408063 -0.0884967142435129 0.0628857161139841
0.00365038748658706 0.00194183060564115 -0.030850783766705 0.0922693242272038
0.000704986975572444 0.00104275176043961 0.0129798101319099 0.0809653050387437
0.00149010095248122 -0.00119637449340538 0.029427517240979 0.0676348844180665
-0.00346759235871228 -0.00486637726550668 0.0358495156560268 0.0600340704753865
3.60305205081325E-05 -0.00908712601453828 0.0329566185411864 0.0598920432894398
0.00344912871685025 -0.00515027830712015 0.0229446496845703 0.0674737429749657
0.00668093665674388 -0.00797256368743029 -0.00201127068271218 0.0887781811791117
0.0169106956849468 -0.00259078229348569 -0.0475505085188081 0.0977873134562528
0.0239263088375125 0.0168397769885635 -0.0930264772592643 0.0901619509197301
0.0138474154279954 0.0333365410567724 -0.0808940620852013 0.112532671368247
0.00923045892233468 0.0529035234321395 -0.051474139935645 0.0815600084196105
0.0188723517966747 0.0238236206766031 0.0267216811204321 -0.00505904890736407
0.0202446706838779 0.00517858091659768 -0.0421801726409801 -0.0694566614420575
0.0200918291858239 -0.00477132560426684 -0.102381581683273 -0.0232437753865048
0.0179988996932987 -0.0125360166507779 -0.0943901563337573 0.0568634545634596
0.00749280685768483 -0.0238176656143226 -0.0345206447711716 0.0879257766817397
-0.00892654258366878 -0.0237496317627192 0.00983519377821234 0.0750240630503344
-0.010595246723791 -0.023178432944524 0.026698899035343 0.0599095689752121
-0.0121128110682295 -0.0309871563922251 0.0357818529369993 0.0504347820899679
0.00821141848568172 -0.0397586029824271 0.0381463001496831 0.0499171986991029
0.0290561075956155 -0.027873514527319 0.0324116851318881 0.0603580141598907
0.0493518814026002 -0.0109240228466814 0.01186513156873 0.0868106937541989
0.0469180813360493 0.0294046154357044 -0.0325224179397826 0.100032248690429
0.0207771363316333 0.06631423403205 -0.0734424693641018 0.0843144034838736
-0.00679738068715018 0.0831903153570419 -0.0635308803573123 0.0925444839113079
-0.0113059129478202 0.0880455808794994 -0.0512515789746529 0.0544904915768558
0.0201061191326018 0.0667307867971677 0.0317700901725615 -0.0172202570617857
0.0499681575700386 0.0296885511773299 -0.0347610307157489 -0.0826408507656483
0.0565654087229093 -0.0125985784331639 -0.102112490972361 -0.0385672782262827
0.037434028187768 -0.0347570230315941 -0.0975564855216839 0.042004869066159
0.0132985190866102 -0.0478525689696286 -0.038600796368078 0.0744616363939286
-0.0157392341697928 -0.0466003821172299 0.00390495119517072 0.0600360228212184
-0.021398005271377 -0.0423383039945803 0.0197885036251812 0.0436949570986906
-0.0217448205440515 -0.050574768736666 0.0319693194090286 0.0319746181715835
0.0093986570413576 -0.0635166582294906 0.041955824226514 0.0293009570535488
0.042956343776312 -0.0496720538840984 0.0466939188584741 0.0426031419350298
0.0797030677159387 -0.0242982188979753 0.033772263091064 0.0787965102737518
0.0763089782979318 0.0435138716140217 -0.0102845753826727 0.100011126769117
0.0269031259237303 0.0992991706044797 -0.0527899839485784 0.0749070403395727
-0.0193728363134008 0.120021246509729 -0.0412051010153806 0.0609867170077168
-0.0331096073900623 0.108838376627288 -0.0377985290738763 0.0163000967269895
0.0117907407666653 0.103250028175684 0.0430464481403528 -0.0370814923056036
0.0700928900560744 0.0582276120618369 -0.0190214489997481 -0.0968457369612437
0.0897602057415265 -0.0123961334825245 -0.0915923118803223 -0.0573819600265934
0.056605621585696 -0.050869775747531 -0.0929509460447539 0.0196258592023108
0.0201838363626405 -0.0665536103936562 -0.0410278132083714 0.0511757725004752
-0.0190294278507517 -0.0642927011654963 -0.00283420690749651 0.0367827579146
-0.0294160649608788 -0.0548107510934513 0.0104972920759206 0.021412043405413
-0.0292870123524022 -0.0614777363012444 0.0242645502293142 0.00801571708901374
0.00568354769586475 -0.0763069125762423 0.0412881182668289 0.00247510545149813
0.0458734094798167 -0.0645961607451676 0.0573184734052256 0.016407428472812
0.0941540044611631 -0.0391353267780933 0.0546227312647474 0.0607508238573335
0.0943028880083411 0.0446177203025509 0.0131931344479186 0.092779133862476
0.0335743312911684 0.113025983644467 -0.0358924141500303 0.0615380805897526
-0.0252472425200423 0.136792998487113 -0.0187982953203977 0.0223940749143018
-0.0509285793568786 0.10916772480111 -0.0121975104660384 -0.0279484782317711
-0.00510805278835787 0.121855261275479 0.0584930132898916 -0.060365631707729
0.0723428521264623 0.0816058332991148 0.00337963548141617 -0.107000305073657
0.107562487960691 -0.00325384227654619 -0.0688643289072036 -0.0743603933419764
0.06954906353458 -0.0555448456746424 -0.0778250052774893 -0.00783057663665086
0.0262564524390929 -0.0745069906562194 -0.0392175506036877 0.0210046377065491
-0.0181992755307759 -0.0718885119876714 -0.0099368945771057 0.00823339787015953
-0.0327794727111607 -0.0593092125167461 -8.82402190713798E-05 -0.00412986090231931
-0.0333639114376321 -0.0625831471349926 0.0139786338052182 -0.0169632767118461
0.00136747086784442 -0.0769431354241478 0.0363017255663995 -0.024377573039289
0.0425377390271812 -0.0685869803345351 0.0616141704429641 -0.00972946369178161
0.0943992469918014 -0.0446533675553752 0.0676656483317815 0.0398191578111151
0.0956476787888781 0.0423733097133803 0.0309232155113399 0.0793752298272106
0.0321442473586615 0.110918412642679 -0.0239905757677409 0.0470505543537311
-0.0300065589922527 0.132670217961303 0.000940662257864386 -0.0153754189453904
-0.0570283929061377 0.0894876451068459 0.0206175378472761 -0.0703703816188071
-0.0222933514070918 0.114169291127979 0.0753348833061326 -0.0821328515903428
0.0572906767261682 0.0882428101705675 0.0263307789463636 -0.108615815468487
0.102574029023063 0.00761483180011126 -0.0396581024222757 -0.0836282323489135
0.0692976264097574 -0.0488924521508857 -0.0542532336859454 -0.0328535365973958
0.0273411857261155 -0.0687541174641916 -0.0332999943061412 -0.0112621364718559
-0.0157273981586651 -0.0669609604126862 -0.0158027215352088 -0.0204951024741514
-0.0313802714431806 -0.0542421185706543 -0.0105974836258089 -0.0285794154653573
-0.0321127817928437 -0.0562416071702876 0.00336432777459482 -0.0405745451322232
-0.00156761086646903 -0.0686396353053107 0.029736301241503 -0.0476771463878487
0.0370138288058542 -0.0622626178712975 0.0624399152211508 -0.031888397820473
0.0849488649362402 -0.0396983041229626 0.0739369002145873 0.021613797417467
0.0828401530864755 0.0415046822737541 0.0409642676800426 0.0644940596259075
0.0215923572559597 0.0982876299537776 -0.015720361585135 0.0327495677960257
-0.0353013482075052 0.11024168201408 0.018437270682115 -0.0466974700497449
-0.0502722533312529 0.054144814418236 0.0515287564691856 -0.102341155289986
-0.0306166563312419 0.0815795463406486 0.087609504972009 -0.0977223590173149
0.0331205583821819 0.0716719843263234 0.0449390800064836 -0.104408414101574
0.0759285298604793 0.0117561541210818 -0.0132629585142663 -0.0857463474572827
0.0532319563739764 -0.0339857202046489 -0.0321542840694848 -0.051457862682164
0.0212515439922471 -0.0508977375508501 -0.0272003791636243 -0.0379421745454906
-0.0117503315770265 -0.0501983672705956 -0.0210913383162088 -0.0435909142209466
-0.0256078769871206 -0.0403713535512169 -0.0192470868145261 -0.0486652609835797
-0.0263648906128442 -0.0425697530800578 -0.00503483292734468 -0.0600863934657148
-0.00309863723066779 -0.0517332833281104 0.0254709519136884 -0.0659208672777359
0.028689253235387 -0.049357632708483 0.063824708580876 -0.0476103158919741
0.0683305790820474 -0.0281104566288678 0.0779023039279916 0.0101470856479495
0.0610705809816569 0.0394743083148844 0.0463256676414865 0.052865990151106
0.00608368677821867 0.07776658119794 -0.00925983751143217 0.0216526414279186
-0.0388720226854142 0.0744486092648934 0.0336346628272189 -0.0680582674383858
-0.0330260640425664 0.00815903796657106 0.0724462679777886 -0.120312474992181
-0.0278807873425947 0.0331069286635784 0.0904629791685072 -0.106624310429035
0.00801667209864918 0.0367550004556218 0.0534109528517467 -0.10026313635349
0.0352638553881704 0.00696213703598112 0.000976739296098989 -0.0864315443610101
0.0248241539367647 -0.015612450715415 -0.0202193827586691 -0.0613282084734423
0.0101719866809067 -0.0235182351089901 -0.0259489532557699 -0.0537508221136321
-0.0065114081735147 -0.0243603346344354 -0.0263093187897989 -0.0577701646983322
-0.0159146813798853 -0.0201253388049064 -0.0255569388808179 -0.0603542870391539
-0.0165596368027779 -0.023462953801035 -0.0103043805524502 -0.0724037735709097
-0.00417720485882669 -0.0309757821540104 0.024931876633341 -0.0785694155559965
0.0177718000803007 -0.0328221455617077 0.0685368611997216 -0.0572234260458783
0.0452824198043124 -0.0147189869070076 0.0827604073338171 0.00467753098929807
0.034281665785307 0.0330336557079503 0.0499571831430548 0.0471999858605964
-0.00755054671980246 0.0487739943989273 -0.00440698211129415 0.0170720359079942
-0.0368400631571737 0.0300226056886101 0.0455020408247772 -0.076448769276345
0.0225744187083479 0.00988211011290279 -0.0369119866997761 0.0944587460311352
0.00999341052688178 -0.0161855266538856 0.0270911366889989 -0.0026596450836242
-0.0116070547766461 -0.0124097095450167 -0.0461558621799581 -0.0608859404497638
-0.0132135679810323 0.00736324061560445 -0.0993907759939582 -0.0123642077950081
0.000990509219302796 0.00977746030471267 -0.0869158205987478 0.0664526322693632
0.00315253382908199 0.0015444020035064 -0.0280056840932367 0.0944363678021764
0.000514040771243789 0.000707261066481161 0.0160996959761003 0.080542204572576
0.00136983996897101 -0.00157679524905063 0.0327205521635617 0.0665138005393245
-0.00370278097367803 -0.00462160975296534 0.0388544359570899 0.0591937074080915
-0.000538120416282127 -0.0095482140934359 0.0357632068384511 0.0593233706776928
0.003588731717522 -0.00576041310226797 0.0250785215305767 0.0671874753640374
0.00664561832185826 -0.00824994188395638 0.00106174967629828 0.0890612933607351
0.0169902042195324 -0.00317884474197563 -0.0445092996430177 0.0990546182758211
0.0247493275778088 0.0161416350214337 -0.0909246787454918 0.0944513312043175
0.0146700908907785 0.0328584625858427 -0.077215066159048 0.117639001180775
0.010350170176031 0.0528927494557641 -0.0479683884994864 0.0836463273868609
0.0202218423046894 0.0234443731841696 0.0271447862795014 -0.00603944046366421
0.0213236409721301 0.00424415597408183 -0.0451709123792265 -0.0686562863426718
0.0196559868117837 -0.00597567587205719 -0.104123456756139 -0.0199826365722686
0.0170884455859904 -0.0136427577436249 -0.0933309325685983 0.0609142463021084
0.00610208611374689 -0.0245160135305228 -0.0312288970760837 0.0900096319065501
-0.0100875301293744 -0.0235341237172951 0.0129865854802633 0.0749177804434292
-0.0118625255673328 -0.0231055490807774 0.0293740321921047 0.0591649363111088
-0.0138871942219342 -0.0309457175673658 0.0384798689659703 0.0493459805428511
0.00627475185528996 -0.0407881862587966 0.0407452935495395 0.0493729730177421
0.0287916298651272 -0.0291847055727998 0.0349410237537134 0.0599697279800156
0.0494234059244859 -0.0130149308737035 0.0148073369754988 0.0865901739002987
0.048746583073319 0.0280639192284888 -0.0289150834063895 0.101563771415895
0.0235589060849762 0.0660775974393168 -0.0711084429351448 0.0875073066368849
-0.00439535752840521 0.0836840549637251 -0.0601798187256361 0.0965679557932262
-0.00773984214808511 0.0889624045721908 -0.0487815427765433 0.0566409285079266
0.0230689880700806 0.0667097696017194 0.0318493969476642 -0.018477479781928
0.051359988635854 0.0275841205871594 -0.0376236379347665 -0.0822229485541939
0.0559237667418666 -0.0157736950263063 -0.104020225608847 -0.0350803033686289
0.0355714893273997 -0.0372537514467641 -0.0976595701363739 0.0467268512442753
0.0111518870377931 -0.0490154546179572 -0.036272117213551 0.0760963548222607
-0.0179300501799675 -0.0461610525714869 0.00619688379574123 0.0601302645710608
-0.0235031013398935 -0.0413591736868908 0.0218044236304071 0.0430200476598937
-0.0243099427344369 -0.0495606953895915 0.0337187006475736 0.0307201262160869
0.00649027895777988 -0.0648557831826326 0.0433786889586814 0.0278112965648694
0.0415427325638256 -0.0520022787546127 0.0486051756538583 0.0413253298044472
0.0794574194872131 -0.0281708666653086 0.0367883484696664 0.077155351499031
0.0784331880611618 0.0410887438117799 -0.00554301030407616 0.1000392968376
0.0309536943097421 0.0991781957619 -0.0508745526416692 0.0773879751558346
-0.0153853750472602 0.120912271184381 -0.0391884276125381 0.0635623967704142
-0.029128013873524 0.11076905251828 -0.0368747282633252 0.0182802996221747
0.0157493666812144 0.10404652477473 0.0423242172073741 -0.0390846035180627
0.0725897486170353 0.0554220274591847 -0.0223872873576176 -0.0968894453644
0.0887808715991914 -0.016825013564069 -0.0940808094261547 -0.0544614075307467
0.0544977526263471 -0.054224300719178 -0.0935842548006953 0.0239035795704531
0.0177510768405496 -0.0684307273474205 -0.03925017744923 0.0527520373542354
-0.0220715045454136 -0.0634899957210102 -0.00213662404943399 0.0368528401862224
-0.031972543090255 -0.0535615084202911 0.0110718059217464 0.0212253275112263
-0.0326594845155853 -0.0599392323281327 0.0247672541385402 0.00688794310749766
0.00201146387144884 -0.0776255010391025 0.0415313520394276 0.00131220521122215
0.0436665278493404 -0.0676800837582607 0.0579841190380053 0.0148100950780873
0.0927728482221143 -0.0439624412202138 0.0568912357332454 0.058818811964617
0.0966881271976637 0.041335686431114 0.0173934223525391 0.0922527246690812
0.0385399463535092 0.112442613583114 -0.0343704144687028 0.0637183399088057
-0.0207175289656945 0.137899859711516 -0.0186228797540684 0.0236951817074272
-0.046800698309044 0.11193190386666 -0.0129396024565519 -0.0275368869016258
-0.000213573798148634 0.122960812522169 0.0569127934973476 -0.0625579542339467
0.075926444850969 0.0788856844781692 -9.02828012608166E-05 -0.107406144499671
0.107450616656928 -0.00812009555701429 -0.071688065796422 -0.0723438346100225
0.0675546336054009 -0.0594711280185496 -0.0786546773112505 -0.00461131712135891
0.0233123966687958 -0.0764284923686486 -0.0386835369151822 0.0222850303775832
-0.0220467462520939 -0.0712572837829125 -0.0105758665261148 0.00864904188032424
-0.0352292839259582 -0.057720752395329 -0.000699900968006449 -0.00431848360049331
-0.0367911486458098 -0.0612740919757378 0.0133437877821137 -0.018056018691719
-0.00230122186472273 -0.0782685109680619 0.0353511019698276 -0.025370742830921
0.040041822495804 -0.0711986373841145 0.0617607121768227 -0.0120954291373338
0.0927661131729287 -0.0496139479792195 0.0689058793809559 0.0372172781371067
0.0979073912627781 0.0389385040442221 0.0349960077161738 0.0778260170076557
0.0367042787315036 0.110524486301768 -0.0226021716972105 0.0485271312326227
-0.0255603974616638 0.133749250922086 -0.000442084114579509 -0.0150749336782241
-0.0535989031088444 0.0924847704278035 0.0181926806389822 -0.0715168367434637
-0.017924231984109 0.115998870912831 0.0724452986338519 -0.0847723328923384
0.0605153450445551 0.086157784842807 0.0231060048037714 -0.109629188007347
0.10254964181132 0.00306898582409054 -0.0427989549191808 -0.0824714760577005
0.0676635641436701 -0.0525903317425786 -0.0563217875893735 -0.0309336351480285
0.0247204166122568 -0.0707565554641677 -0.0340271471137838 -0.0101990120710703
-0.0189210683588179 -0.0666859287855921 -0.0175034335141449 -0.0203394530214567
-0.0336280393155419 -0.0527600348859949 -0.0121598118238835 -0.0284040657443035
-0.0350903890494642 -0.0546782085305529 0.00161838612363476 -0.0413966112269091
-0.00463413728587055 -0.0689633363956664 0.027853022706151 -0.0489682452968181
0.0341671530066656 -0.0644657025040957 0.0614674210032869 -0.0344416756988143
0.0833577071135001 -0.044221090104274 0.0745608712215753 0.018653940787894
0.0852340262415574 0.0382974604453887 0.0438235979458247 0.0626382705901656
0.0252359922669369 0.0982342880954196 -0.0146105123643176 0.0336748302039693
-0.0312679594865059 0.111707920169024 0.0157307831335665 -0.0475380226473056
-0.0480300933946196 0.056230448533335 0.0478189146016528 -0.104562055160238
-0.0275312400724241 0.0836656533903041 0.0840419237398441 -0.101031801414402
0.0360463352713608 0.0705508512017865 0.0416451197518528 -0.10603969886189
0.0761687415425261 0.00792357063153011 -0.016464180460834 -0.0854859417544751
0.052097251398332 -0.0372345302305599 -0.0344857500321339 -0.0501765487469197
0.0192640405845585 -0.0520539992178635 -0.0291816709079641 -0.0373073019557772
-0.0141714344838073 -0.0499921779197643 -0.0241802923896405 -0.0438201806869855
-0.0269315285646492 -0.0390187376741581 -0.0221540820330787 -0.0477635683458292
-0.0284084200732051 -0.0409672451193173 -0.00806854795177377 -0.0600844906504049
-0.00540269106564288 -0.0522968522185214 0.0227106714082549 -0.0675021772757691
0.0264446135443962 -0.0506209025015622 0.062641585452341 -0.0503701091440414
0.0674064601368822 -0.0311335475659601 0.0780582174435228 0.00712010124601695
0.0632034672957251 0.0371607618345001 0.0487702529438744 0.0510290619422166
0.00898172774385244 0.0778561559495087 -0.00863638542590245 0.0225073239704732
-0.035884431257233 0.076469892127203 0.0299975838508549 -0.0700176162905262
-0.0328508672267367 0.00967186782919675 0.0686019886099085 -0.123664024927073
-0.0267191395114326 0.034183688504481 0.086803370813791 -0.110368439208838
0.00972413455329214 0.0364558279014677 0.0503044477313121 -0.102250415693166
0.0348234891775583 0.00514159398028936 -0.00200547070636586 -0.086633182300103
0.024718547319914 -0.0166408075361547 -0.0223758962931428 -0.0613148786352781
0.00912250720934323 -0.0242548101824182 -0.0284618492760359 -0.0537354675956977
-0.00725714194928368 -0.0238416045908617 -0.0301157439306499 -0.0574666277736143
-0.0161489114201916 -0.0190380209089165 -0.028593900277949 -0.0598498192138714
-0.0176783857335738 -0.0216533800883928 -0.0138353356404115 -0.0727444903803786
-0.00525441931943377 -0.0306081470729457 0.0215994378293125 -0.0797638203164566
0.0161748008295912 -0.0333628576868455 0.0667639277756856 -0.0602976273007181
0.0445599611394754 -0.0168360522221111 0.0830314805904273 0.00131621122439513
0.0361646161289273 0.0320734528122257 0.0518887096002316 0.0454254218327948
-0.00611210574297192 0.0491093731741878 -0.00383419970922372 0.0176247063259291
-0.0357361627251626 0.0314962141926076 0.041457747672563 -0.0790586316529663
0.0218483110989157 0.00876948939075366 -0.0312540558414626 0.0937971743273533
0.00906447733074396 -0.0164921894783656 0.026890554249973 -0.00366687601500956
-0.0112306301810725 -0.0117217080762696 -0.047605950183305 -0.058140413435398
-0.0123333378687031 0.00796069271557967 -0.0978327020437789 -0.00821951334215166
0.00102117582152914 0.00946761442822625 -0.0823330962211771 0.0695099806851559
0.00273486408279684 0.00120779847141231 -0.0230902090179685 0.0942237025261639
0.000145783804374014 0.000692973511984848 0.0194826197150713 0.0781981127880051
0.000942191325491211 -0.00170930620351038 0.0357219821493188 0.0636577512340166
-0.00416696635536856 -0.00463367678604082 0.041462107287517 0.0562089182166008
-0.00127284648838267 -0.00975075548733911 0.0379519006034221 0.056886541384115
0.00369433919792281 -0.00544908532823541 0.0270936627329707 0.0647794056861597
0.00636831782858509 -0.00824777893032016 0.0046132622486629 0.0865616116022732
0.0165007271313536 -0.00321791890323804 -0.0397623394297353 0.0981323211471356
0.0246969310809081 0.0146552145292107 -0.0855739764216033 0.0964789039850339
0.0149925328510848 0.0311669240999942 -0.0704696694802432 0.118733275237491
0.0124483254611529 0.0511722036640782 -0.0426940067209199 0.0838482283342806
0.0208575678379045 0.0224586885885336 0.0267951090800133 -0.00719726035083981
0.0211270746009653 0.00264515181125901 -0.0470243851367915 -0.0655769616950043
0.0188473214509296 -0.0068137610295207 -0.10297860270843 -0.0157049724877614
0.0156799349149141 -0.014969638432334 -0.0887496885305845 0.0647513343793153
0.00470595043491342 -0.024396509986683 -0.026625614938121 0.0894705765656484
-0.0113723152625313 -0.0224181881696756 0.015932804274559 0.0724718057066868
-0.0127845053244229 -0.0221099646122134 0.0319413358356555 0.0566125687674493
-0.0154179042653934 -0.0291174770604074 0.0404412288672508 0.0462735391101254
0.00356811418606892 -0.0407012074178254 0.0421092571599657 0.0465934275614861
0.0270383093227093 -0.0297786580344509 0.0366599130716792 0.0573251956813074
0.047945968264745 -0.0150409318194857 0.0181641974678832 0.0841114719371128
0.0487707808747485 0.0256928473490892 -0.024181713431039 0.0996432709344734
0.0260067146378805 0.0642005626268235 -0.0664462065542211 0.0886787304588368
-0.00150107171871407 0.0816657366400946 -0.0549133990164868 0.0976862534883105
-0.00403649625438166 0.0873129642132851 -0.0448248275078955 0.0575284222658977
0.0258300095714283 0.0644775343350353 0.031223520396341 -0.0197117897532746
0.0518136479465144 0.0238270130634402 -0.0398331154595293 -0.0789884446139017
0.0536658613725484 -0.018169795005604 -0.103546552866795 -0.0301700856170899
0.0327493068165432 -0.0381341568088518 -0.0933973168045664 0.0511222123284944
0.00835693192961769 -0.0491717480229052 -0.0323966431512597 0.0763307386970499
-0.0201144371799289 -0.0443137731965655 0.00857763120621765 0.0582684822813922
-0.0249318106381177 -0.0394781295583388 0.0232890874710897 0.0414994850196162
-0.0263461220215937 -0.047715320693994 0.0347312425770382 0.0284612855876366
0.00239218620860631 -0.0644660547457339 0.0439345414231225 0.0256154467693512
0.0384032352567373 -0.0532547795603518 0.0496348624796404 0.0383088535501334
0.0760205217357587 -0.0316388542570024 0.0386953341457601 0.0736792767437863
0.0785823331297703 0.0369078596420475 -0.00131103653866102 0.0974761867818478
0.0347388301250819 0.0960139410518306 -0.0467588215855822 0.0781438705551457
-0.0105224168357987 0.118352320834255 -0.0359178974536553 0.0645849084003717
-0.0232380899818785 0.109273708490498 -0.0344353985245597 0.0191714793587709
0.0201213746136995 0.101078048577599 0.0406776022342299 -0.0395117078088269
0.0735878232074114 0.0508489781339098 -0.025458744106591 -0.093993171514331
0.0852736299020948 -0.020793860553841 -0.0939198145378969 -0.0491760385876241
0.0502986800582893 -0.0561191149338045 -0.0910047355856089 0.0285257473485723
0.0136070478974775 -0.068374622739956 -0.0362599540309255 0.0539632591461009
-0.0249339393721089 -0.0611514511379472 -0.000702408337138811 0.0362303164189134
-0.0334523901131987 -0.050654083531288 0.0115483135189272 0.019939263728958
-0.0350983302226075 -0.0564067024771131 0.0246665318399395 0.00554337993815461
-0.0020948896679141 -0.076628647047506 0.0405323942402423 -0.000671577882940947
0.0398951710245903 -0.0681841449957483 0.0580459196097887 0.0116177880378346
0.0888200042913988 -0.0478725783517666 0.0576539612878576 0.0549933280199943
0.0964398575163382 0.0363742338457921 0.0214021674743425 0.08855918343133
0.0424665199710145 0.108815686486446 -0.0310696763932657 0.0642905441954456
-0.0149353614448368 0.134879784324441 -0.0175552036920136 0.0247451324294628
-0.0404636281958074 0.111538640988051 -0.0135079672120382 -0.026634538311801
0.00526741858988138 0.120579134537481 0.0534387195749846 -0.0631873143451971
0.0773583677944523 0.0734276964111561 -0.00439216597651975 -0.104573464696727
0.1039535138666 -0.0132966782561021 -0.0728489104237694 -0.0674369792552253
0.0626484099285548 -0.0624497995295901 -0.0776953510144345 -0.000188455533529871
0.0190548353475884 -0.0767135715877203 -0.0371609098033243 0.0231607568973339
-0.0250716701405568 -0.0685519556894156 -0.0101833145547996 0.00857290868151027
-0.0371189855795669 -0.054426674219586 -0.00141989029462314 -0.00414168240012709
-0.038889245674226 -0.0575161809849106 0.0120485593027557 -0.0181350547299832
-0.00642206879829941 -0.0770384472082356 0.0331859160437511 -0.0263118339342627
0.0357073955708309 -0.0715814900775442 0.0602957449144783 -0.0145666962640563
0.0881700717392683 -0.053257040461715 0.068785200498774 0.0336410855890734
0.0975564185385848 0.0337897414335324 0.0376092037328978 0.0739171002928563
0.0407864928522509 0.106733764305813 -0.0202675874933819 0.0481492417013786
-0.0197743125096312 0.131634418968486 -0.00176664900218159 -0.0140063782572844
-0.0479587398059712 0.0928613497598723 0.014810081838217 -0.0706863993622057
-0.012603207717088 0.114604524181979 0.0673608831417172 -0.0859169797132738
0.062749612808134 0.0812621542082838 0.0188328850616776 -0.107779358938737
0.0996229459876749 -0.00189870595348426 -0.0449482728734849 -0.0787862386681475
0.0633328637055528 -0.0550258998715292 -0.0567986335241643 -0.0270287656724656
0.0206578710987637 -0.0712704569866594 -0.0345294616838607 -0.00896687575104472
-0.0219608375112057 -0.0643746898252438 -0.018888246262766 -0.0194109267191788
-0.0349820963956245 -0.0497543767085604 -0.013866714850916 -0.0269864788305406
-0.0370217395660371 -0.0511175151777954 -0.000264540485127098 -0.040540877648151
-0.00798909469674819 -0.0677682955876034 0.0244932485278246 -0.049276734079225
0.0305070595014661 -0.0647560676666987 0.059186057640272 -0.0362943531617754
0.0789148399353971 -0.0475640454623015 0.0733996850354488 0.0152686924241485
0.0855446902761672 0.0337455150934141 0.0459923581898154 0.058295097958582
0.0291089905871621 0.0949911069718953 -0.0127537233523338 0.0339530852632519
-0.0256592322440263 0.110384841189617 0.0117424593604987 -0.0469421138575373
-0.0443331407805657 0.0569991331013105 0.042643004997939 -0.104490998234219
-0.0229431802328317 0.0830142695606729 0.0778708981913229 -0.102220955707544
0.0379583148369893 0.0674388963209951 0.0370362438029311 -0.104871536652321
0.0743347907849544 0.00433819656108581 -0.0195053511712232 -0.0830162871911208
0.049096217784482 -0.0389268896254766 -0.0356972985951151 -0.0477640764533084
0.0162639944506915 -0.0525144416143291 -0.030628115403989 -0.0358916945020567
-0.0159580875406417 -0.0479433197202731 -0.0266559116735641 -0.0421281578138147
-0.0279510662290123 -0.0367914608533148 -0.0243796022239614 -0.0457398110599044
-0.0293074153058179 -0.0380257678591276 -0.011176684242223 -0.0587090428252329
-0.00778465051614399 -0.0511928463171744 0.0188316080555503 -0.0668226268016603
0.0239165714947499 -0.0508493231708862 0.0592968309100022 -0.0519158541019252
0.0635922914737411 -0.033880915808122 0.0765322810415755 0.0035165462933751
0.0638062917651575 0.0335774358396547 0.0499616129366169 0.0475495056445523
0.0121053286026665 0.0757779980826421 -0.0074266786710479 0.0226882739752208
-0.0321614984974546 0.0757485647353684 0.0255736466301165 -0.069306956469251
-0.0312438438290022 0.0107710928188547 0.0612100518056735 -0.12427583118105
-0.0246222502829654 0.0344380986974358 0.0800697832517038 -0.110879972905155
0.0105092940774097 0.0351971004997579 0.0454306562656164 -0.101810762126676
0.0337802936654583 0.00350155763267214 -0.0053443313479501 -0.084179963173475
0.0235553290925596 -0.0177405271942724 -0.0245089479508711 -0.0592226446997443
0.00782118417725877 -0.0243856786110041 -0.0304438162438756 -0.0519200335652705
-0.00802686600989549 -0.0231259087930687 -0.0332816240696816 -0.0549989854707911
-0.0162605143473633 -0.0178462218631627 -0.0318436892152828 -0.0570052765460497
-0.0179760010549961 -0.0200697685505131 -0.0175819795335357 -0.0703398346671233
-0.00659079286924476 -0.0297468548687766 0.017254516481316 -0.0788066831430796
0.0143464378015947 -0.0337220074540946 0.0628533571639299 -0.0621675780137103
0.0422609628175925 -0.018436630590258 0.081350003883206 -0.00195047348150255
0.0366603950305009 0.0299952743017305 0.0524994990405969 0.0421229271989004
-0.00420260606070847 0.048070569711608 -0.0028555603729234 0.017612553320153
-0.0331758303090939 0.0320711959974 0.0360707064235217 -0.0790512271676826
0.0207726215118331 0.0081447964148992 -0.0274647819073235 0.0902293209153843
0.00817528016570579 -0.0158783149219779 0.0261323126370516 -0.00399424433363902
-0.0108974552159447 -0.0108250529070863 -0.0470152627269169 -0.0548744041788105
-0.0116609313588394 0.00799919896747309 -0.0943360039191512 -0.00608985269458318
0.000987312375479174 0.00893930265924026 -0.0772666981027514 0.0691499831461418
0.00223963672828049 0.000897035282066973 -0.0196488496529854 0.091560233076455
1.05388768962859E-05 0.000530485087911381 0.0205761628987343 0.0745747903277804
0.000823769283478303 -0.00178547960017354 0.0362488547507784 0.0600346625511885
-0.00418120912818847 -0.00449890405885828 0.0418592465888515 0.0528904190341038
-0.00188086205641599 -0.00898314911576685 0.0383811246288042 0.0536190266723138
0.00396023950759522 -0.00545966867181424 0.0273095285850901 0.061258405131505
0.00595503321318192 -0.00827693429518225 0.0064917075230375 0.0831557930382765
0.0155515435862169 -0.00332099341248272 -0.036603068265395 0.0943294541921876
0.0242182091627629 0.0136260679967898 -0.0804853947129911 0.0941768973966668
0.0142690541082701 0.029472876431313 -0.0647618371417842 0.116189654819408
0.0126114704109125 0.0488304221714859 -0.0382300608973057 0.0813339697117206
0.020585562741925 0.0210335694825163 0.0263409325170325 -0.00771577511588829
0.0202922079075835 0.00176384950389619 -0.0465387548632463 -0.062239356895499
0.0177116241716558 -0.0076508658267051 -0.0993786241536892 -0.0130353758417639
0.0141219952526843 -0.0149289752897062 -0.0836760226673009 0.064932127458022
0.00294190310061263 -0.0237196563540727 -0.0239656836608926 0.0875137803633387
-0.0115095001036686 -0.0213288701264516 0.0165957957860116 0.06915526522529
-0.0132109420772327 -0.0211243280720645 0.0327158490003802 0.0534671506580932
-0.0160755683417709 -0.027638633113409 0.0407831485202056 0.0437632430688425
0.00176207407224532 -0.0397052972143717 0.0418121067372801 0.0437994612637237
0.025430893982901 -0.0300092284681563 0.0367015381727894 0.0543402567762746
0.0461019473955716 -0.0159373592493819 0.0189538444006434 0.079718624973876
0.0474122491842049 0.0233725804597816 -0.0210554951138804 0.095445655765781
0.0263740530520474 0.060631572256655 -0.0624870355896556 0.0872260327698026
-0.000330727109748762 0.0779910817183564 -0.0504489368145881 0.0960160183995056
-0.00204487725895382 0.0838400714721706 -0.0408544886448621 0.0562022578176126
0.0264834649896576 0.0613045633775149 0.0299592530730716 -0.0194104157791244
0.0503060073440128 0.0216911317407987 -0.0401026516003522 -0.0749054298262406
0.0505786979713952 -0.0188288212062302 -0.099672891246421 -0.0267056389726476
0.0302334282462046 -0.0382029147343323 -0.0882501955506674 0.05221808207739
0.0060337664987839 -0.0479722054799259 -0.0290379235094749 0.0746656478210909
-0.0209362200911381 -0.0418508142535209 0.00944208512861982 0.0558855714637845
-0.0249282936175576 -0.036970156163141 0.0233972766490248 0.0390648898080873
-0.0273561190661692 -0.0447178763603747 0.0347620369203211 0.0263765600045205
0.00034213058803225 -0.0627072801774051 0.0431247174632967 0.0237494958881494
0.0358112475522325 -0.0521176982076882 0.0487526688582567 0.0358305555026519
0.0723868856365051 -0.0326819383357936 0.0385926292388576 0.0696257105755921
0.0765935733569924 0.0338140630946845 0.000612277495322123 0.0928027720922372
0.035599796078559 0.0917126691392751 -0.0432955461104074 0.0762368927030691
-0.00784186734983607 0.113453959005076 -0.0329851815652545 0.0633929070080295
-0.0196592008529234 0.105383094123415 -0.0325380579623085 0.0192420201123216
0.0218847167711643 0.096973135561815 0.0383677211057809 -0.0382040113897043
0.0716800093006593 0.046337854937737 -0.0264715271588483 -0.0893528874032054
0.0808047448057396 -0.022785266426997 -0.0910997773893013 -0.0450045198077717
0.0462900948292767 -0.0559551523028696 -0.0865623100755658 0.0301847938047248
0.0110201961431485 -0.0668953528055197 -0.0333983278980825 0.0526721102311998
-0.0262113081922894 -0.0580377557168846 4.09856589067395E-05 0.0346305065622592
-0.0336599302609618 -0.0475955100815049 0.0112761808137621 0.0190460337167169
-0.0356183740081392 -0.0533008031250823 0.0239617806321405 0.0042783593746824
-0.00503012739318128 -0.0739756804934721 0.0390463149201649 -0.00110061011984227
0.0363671783786549 -0.0671458046858967 0.0564217513751006 0.0103721913274983
0.0832632404621814 -0.0485200656895038 0.0566405634218302 0.0517412835801237
0.0938102983986976 0.0325602382490686 0.022641488076645 0.083375321520276
0.0435223722978985 0.103755180729806 -0.0286565178151069 0.0625479240698169
-0.0115748427041064 0.129894684441298 -0.0165652698806204 0.0244195177734377
-0.035554034002222 0.107613972758373 -0.013396884539549 -0.024943823468799
0.00771696700736638 0.116060518061463 0.050485818794494 -0.0612404088109272
0.0758307575168709 0.0684137878506006 -0.00584182647800457 -0.0999694758775765
0.0986139955705621 -0.0157924907369443 -0.0712281312600638 -0.0629213807022991
0.0582112017075637 -0.0619489467142089 -0.0749485448905204 0.00254597989236303
0.0154531447464931 -0.0751851701841856 -0.0351344737924995 0.0230049261216102
-0.0263363817785265 -0.0653683114054781 -0.0103113219205038 0.00828838985775453
-0.0370333097265877 -0.0510795433148126 -0.00196414691237596 -0.00344179528325038
-0.0389451673639273 -0.0535014632021004 0.0112067084979576 -0.0181506041002648
-0.00904445841128635 -0.0741447528549707 0.0309700622013818 -0.0262049417122107
0.0325716433000679 -0.0698741542770966 0.0578988415545802 -0.0156163484146378
0.0827500159167446 -0.0541762874445721 0.0666763165398192 0.0302747419578629
0.0949856656395085 0.0296809602699275 0.0381113123821627 0.0689786769601634
0.0416348323453143 0.102026906207799 -0.0186761962562218 0.0469214476270013
-0.016074594121317 0.126227781693143 -0.00303186223169652 -0.0130216525340168
-0.0434954509596407 0.0898561278257211 0.0127746641474197 -0.0679068352941119
-0.0089253386666005 0.110725043797033 0.0626679064776169 -0.0828731257008312
0.0621349065087312 0.0764872722751836 0.0161872467011334 -0.10332760211421
0.095033851601992 -0.00487256795226437 -0.0439148780137814 -0.0745787175770202
0.0590508203813684 -0.0552670526376253 -0.055333612777822 -0.0242480438166491
0.0173994614107132 -0.0696305912470546 -0.0333534851138933 -0.00800631369411391
-0.0228764551756988 -0.0612628048261924 -0.0194281952508257 -0.0183477903889486
-0.03476090002716 -0.0464077795854944 -0.0153337767223957 -0.0250896696868576
-0.0366002622299091 -0.0474846755149663 -0.00226946036016276 -0.038813822607778
-0.010147945455145 -0.0650719246995889 0.0222145774544776 -0.0477242887500826
0.0277643254342753 -0.0633102197466047 0.0558510203588695 -0.0368885039737093
0.0741201537445907 -0.048073172459512 0.0704121678755784 0.013183632355817
0.0827159430625847 0.0297776900577147 0.0456268405822656 0.0546424352371439
0.0298672760351974 0.0905396723514546 -0.01182691538419 0.0329811727537057
-0.0225482902556142 0.106114274788552 0.00963426716292025 -0.0448886635974432
-0.0408606911549011 0.0550132223772681 0.0381123425582975 -0.101060113605347
-0.0202235777720706 0.0801776910658014 0.0726456106359866 -0.0988160855123034
0.0377847365929792 0.0634615586430601 0.0338288183837995 -0.100996553172993
0.0705181630558236 0.00227419620573089 -0.0198704660688127 -0.0786878053797341
0.0460280655454258 -0.039627163379035 -0.0358620945705861 -0.0447196948339569
0.0139157005526139 -0.0512582036987324 -0.0304397118746626 -0.0343199409216847
-0.0166906757322145 -0.0458434018342319 -0.0279438077772423 -0.0397931610921034
-0.027384228630076 -0.0341306507979642 -0.0263111353689569 -0.0430079884536831
-0.0289969320690118 -0.0348884010279856 -0.0122351784578547 -0.0562007385000201
-0.00885770900534165 -0.0487496797477242 0.0164452354382778 -0.0642576095298172
0.0214261215217303 -0.0495624108106141 0.0556732784906577 -0.0518467265816529
0.060229407622271 -0.0345743556193515 0.0734653003817778 0.00188766161724445
0.0620302877984496 0.0303420965407661 0.0492074619912374 0.0437648983149827
0.0131191465579535 0.0723107386761475 -0.00653629714314077 0.0223635804281843
-0.0287361295742361 0.0734853497764346 0.0214855740316435 -0.0668482942676455
-0.0292439010780427 0.0107121009375574 0.0562096097728431 -0.120504439656106
-0.0223583566912115 0.0332696136956502 0.0743001605203791 -0.107395432041261
0.0112463432170487 0.0333435934702946 0.0425215410022698 -0.0980952277008347
0.0317212437378075 0.00278186565111108 -0.00599158609038196 -0.0804071113936619
0.0218041922101727 -0.0179443201471437 -0.0249389231761249 -0.0566092232001546
0.00661252537864111 -0.023630244834329 -0.0307871599385861 -0.0496832563159329
-0.00850209987960897 -0.0215244900323979 -0.0346118559173452 -0.0523732481163236
-0.0153683364872606 -0.016113938537497 -0.0330153933655862 -0.0536657754166346
-0.0173286330360393 -0.0182106013363527 -0.0191117949696219 -0.0667820330838391
-0.00741908555079168 -0.0279194386024868 0.0145864794285863 -0.0765073180890218
0.012793228132315 -0.0321134745627608 0.0588439450418989 -0.0615287252595202
0.0399058974668625 -0.0188727610384314 0.0783968631673296 -0.00377343083516875
0.0358244955768533 0.0272762150643916 0.0517239010441333 0.0390084363698302
-0.00332273861485374 0.0460903351309014 -0.00229958973502767 0.0171953707805945
-0.0306866856401196 0.0316294821225626 0.0316892927128392 -0.0766227012549255
0.0199676390765379 0.00972996098514173 -0.0313541447116454 0.0844188752872664
0.00868819921531544 -0.0147313118169693 0.0256222703363879 -0.00287529967410203
-0.0101209807912904 -0.0110388213386129 -0.0422030016878325 -0.0551172005606049
-0.011308720973791 0.00784496626233809 -0.0907609342726496 -0.0105127808514099
0.00129371468342035 0.00871287305364307 -0.0767534800245796 0.0631593913363926
0.00227364297298522 0.00111803926899024 -0.0227983701884684 0.086498028687797
-0.000235986825911768 0.00144007369348744 0.0163234931902902 0.0725135214145619
0.000677657859147449 -0.00184768414132527 0.0339305987433197 0.0592537144984025
-0.00387740162575691 -0.00416984895156409 0.0393788396343875 0.0526913926950891
-0.00115337111818516 -0.00930574325269874 0.0353067524959267 0.0537315554531491
0.00510072368824807 -0.00524492652867495 0.0235720524283455 0.0602299879479748
0.00694575185214317 -0.00607186606739145 0.00213881166072284 0.0791864019347001
0.0146055734533099 -0.000454134374625847 -0.0406723224266382 0.0873630927993307
0.0213167723954554 0.0153722358979605 -0.08292177026922 0.0862634670367459
0.0119769181835154 0.0305129710875545 -0.0695978381300818 0.107534899823541
0.00944520855828613 0.0486960066978899 -0.0394465277348432 0.0757923488014918
0.0183852473047094 0.0220051981057526 0.0267719957762292 -0.00635514521423991
0.018958644733852 0.00368159154913914 -0.0404485153044335 -0.0628506654029634
0.0172721853127447 -0.00519835841902893 -0.0941189573479586 -0.0186508595652296
0.0153120695193014 -0.0131136544052885 -0.0831731058735416 0.0578411045655273
0.00452285447217704 -0.023086449977382 -0.0274976556720344 0.0816105850282411
-0.0104043058427648 -0.020313539934037 0.0126133020739194 0.0673342380859569
-0.0118570051784861 -0.0214661424200622 0.0295906972682791 0.052385365287216
-0.0145449414403767 -0.0275551455433993 0.0385078985905673 0.043117981750069
0.00352601695179275 -0.0392360662841742 0.0398856657634711 0.0435244428484354
0.027309559671567 -0.0283695991943022 0.0337441254341479 0.054545846050586
0.0457319286995613 -0.0121743322662287 0.0160649213389095 0.0782785227480567
0.0446662248521567 0.0269337491348491 -0.0254796961027979 0.090289804924232
0.0213936705948658 0.0612890146870769 -0.0666059374466741 0.0807205905163077
-0.00369351903721712 0.0764066342848452 -0.0564347174470324 0.0890221857119484
-0.00762754726309972 0.0816562817457135 -0.0394373289969017 0.0529933175140829
0.0211693857568302 0.0612297576163328 0.0323489657873965 -0.0174271634721996
0.0464826172010337 0.0248334314704747 -0.0322516680136575 -0.0757474912007424
0.0488048557817655 -0.0144383799527711 -0.0932347729272035 -0.0334349606129437
0.0318779742648693 -0.0344402891951973 -0.0874275724190124 0.0441680018597379
0.00852433878742956 -0.0463261555242556 -0.032260477141552 0.0688311668676964
-0.0179142451318199 -0.0412178205325559 0.00545007928885695 0.0535443377964235
-0.0225257187828105 -0.0375360333935403 0.0210217724857421 0.037978329401977
-0.0245990514040271 -0.0445468107015711 0.0330205543591535 0.0258755129177121
0.00268484270545116 -0.0618800176750336 0.0417909512040375 0.0241161220130283
0.0379827543328658 -0.0502764014149852 0.0475877127481849 0.0369198987619307
0.0721740970536963 -0.0277300409993073 0.0372378055211368 0.0701350333215893
0.0725861242914396 0.0380901353200873 -0.00427888509735013 0.090478098691891
0.0296010281840685 0.0918482396536719 -0.0488376596899543 0.0719687200448399
-0.0121722877678684 0.109821522353608 -0.0390125196334758 0.0591651634146798
-0.0266381111779198 0.101310507923937 -0.028228283720464 0.0189925472089961
0.0141703727842708 0.0958492997096034 0.0425229571283558 -0.0349728764378024
0.0651735238156237 0.0504000473179018 -0.0169055868669423 -0.0891801412662236
0.0778998123875083 -0.016054631138893 -0.0831028552191672 -0.051298716258803
0.0481465027786662 -0.051017762725171 -0.0848020877698596 0.0226294134490972
0.0141476222779119 -0.0644943571314226 -0.0361150077899547 0.0471758116516047
-0.0219639211333198 -0.0571303255176989 -0.00342728035979551 0.0328347992653981
-0.0303404808236697 -0.0484692578260996 0.00959947999609463 0.0185002277093187
-0.0326423243365442 -0.0531045903387746 0.0235756314185197 0.00467416368841378
-0.00228056346076361 -0.0736645207983029 0.0389158656969364 -0.000648065327391485
0.0393900398517873 -0.0648996607437659 0.0565010459064572 0.0127581186995782
0.0834969556499444 -0.0429696014736715 0.0558521718268935 0.05277887221641
0.0895906460404634 0.0373500639239137 0.0175605033708014 0.0833113404743472
0.0367189717294652 0.10346580326534 -0.033838523783348 0.0598343932536291
-0.0158358644091416 0.125252228590122 -0.0218677159015047 0.0233852262869673
-0.0433679820556479 0.102635265784267 -0.0072006433231927 -0.0216730678279356
-0.00125137056249033 0.113531332559956 0.0553252975529972 -0.0555014129185887
0.0675441263543035 0.0718378442551595 0.00402796548824547 -0.0979476969303208
0.0940447693127611 -0.00842037347021771 -0.0623435730472441 -0.0676005630468122
0.059704010088982 -0.0555086695034305 -0.0723862961987538 -0.00395132289056797
0.0188717949224426 -0.0718977709249062 -0.0363668822703505 0.0189034920003505
-0.0221432129234072 -0.0647217553590046 -0.0126620062700467 0.00671523543663162
-0.0332182136298605 -0.0522833591822194 -0.00312888689805909 -0.00379910566375886
-0.0356033867245299 -0.0538340403679242 0.0117792888603335 -0.017821529429535
-0.00620125536856876 -0.0736221272111409 0.0317858552421882 -0.0246503103562985
0.0352542951874874 -0.0681583882659093 0.0588434229935251 -0.011819135496039
0.0828101278998532 -0.0488905483468951 0.0662853582118755 0.0334031081127152
0.0914872782208247 0.0344590650970549 0.0327751311736131 0.0701925621059168
0.0356013565993745 0.101217085426679 -0.0234720280706489 0.0457302775416425
-0.0199204495273902 0.12109279585379 -0.00601822011149502 -0.0121005976676968
-0.0500329416374571 0.0845739772551788 0.0198459962033745 -0.0611914981719375
-0.0173266280291872 0.106613304541677 0.0691261298631398 -0.075297807709804
0.0535184957951164 0.0781763330845563 0.0251651692805481 -0.0991282477394305
0.0899554506394712 0.00172719687281577 -0.0355375916112396 -0.0769193846091549
0.0598860044952498 -0.0491432681260748 -0.0517448348435958 -0.028548346153583
0.0199750645888712 -0.0665828257951633 -0.0329888793612792 -0.010822145351226
-0.0190234560198964 -0.0606818852261477 -0.0205002040081413 -0.018988450090552
-0.0310871881256763 -0.0474476911964685 -0.0148617051946168 -0.0248742771220648
-0.0333174199813394 -0.0477203802411945 -0.000188422017946891 -0.0381790176013491
-0.00748202599174616 -0.064453974327163 0.0239211731832722 -0.0460756139057681
0.0300965881970606 -0.0616057587602991 0.0578869739455403 -0.0328763962937906
0.0742982227594045 -0.0436643611386389 0.0711319066837098 0.0172108562344429
0.0797154583637708 0.0337217770694816 0.0412269214807528 0.0567403688960796
0.0247343866966496 0.089741729281997 -0.0155529244083659 0.0319651909596778
-0.0253727636973309 0.101460154180608 0.00786771388234438 -0.0419312509093339
-0.0452534155033117 0.0511050594096005 0.0452276190026034 -0.0923565565966248
-0.0265536194679018 0.0763069065199586 0.0777586841906666 -0.0895720768857278
0.0306959236735987 0.0641204537565095 0.041715465391846 -0.0953136252674529
0.0659134131298357 0.0066175302171958 -0.0120098548849359 -0.0783868671975506
0.0459966691055571 -0.0346165251196943 -0.0322203438802623 -0.0471791782488539
0.0157818004871351 -0.048512196995337 -0.0287130960222403 -0.0358178913274347
-0.0139719248471185 -0.0456303876735238 -0.0274871101619443 -0.0400286728807645
-0.0243155385147465 -0.0351347547059443 -0.0245283767948256 -0.0425503210803825
-0.0264251261982522 -0.0352861139811395 -0.0103384366575341 -0.0552475507545888
-0.00716609803291623 -0.048678458529665 0.0184716777340665 -0.0620986671394775
0.0231872562387207 -0.0482614392409613 0.0580478652796499 -0.0473736576363148
0.0597926639131345 -0.0311965461416911 0.0733862031894365 0.00640197090289158
0.059686439565514 0.033133081675498 0.0445705747878652 0.0466900464645009
0.00924878168469984 0.0710565396029662 -0.00971114114502401 0.0213071891274528
-0.0302244555872268 0.068827363747779 0.0215675297566436 -0.0627848905073281
-0.0312018435244504 0.00820055279048187 0.0618389057221416 -0.110884981660597
-0.0253469967938038 0.0301495422487652 0.0786325630577163 -0.0976896603879499
0.00699954765699617 0.032740035146048 0.0486093728434739 -0.0910612432675849
0.0285661337906637 0.00486361173712693 -0.000245059517595687 -0.0782140329134363
0.0212477121276518 -0.0157567207571499 -0.0210317317236698 -0.0568234684274886
0.0071522944388275 -0.022309697001263 -0.0278245857325817 -0.0498450698263552
-0.00722903391188477 -0.022080448847914 -0.0327515390304694 -0.0518308903755738
-0.0140007387968753 -0.0167832347846185 -0.0310004706917519 -0.05241997649465
-0.015658125426565 -0.0184122609625766 -0.0162027547906094 -0.0652163674356048
-0.00607708044673934 -0.0281222662763304 0.0162984106466971 -0.0732494802455713
0.0139594629145466 -0.0317504191861243 0.0602343875209063 -0.0565689385635458
0.040418747470879 -0.0167600309692455 0.0772155797239653 0.000880291145081083
0.0340040087402001 0.0290815003586717 0.0469269816260675 0.0414362510504392
-0.00541130842714926 0.0446917888018978 -0.00487918082355207 0.0161571841970253
-0.0306208938754349 0.0283659095219737 0.0331815606240441 -0.0713100163547686
0.0191517599568373 0.0101191770010393 -0.0318667709950276 0.0824030787735776
0.00909475291529986 -0.0142174936626348 0.0256330813269921 -0.00229328664945576
-0.00985320440273673 -0.0109715370032014 -0.0405889045894034 -0.0551034082335939
-0.0107125132743026 0.00781754973172987 -0.0899199427605898 -0.0126810115962747
0.00098920629209703 0.00887379419348475 -0.0770361969584777 0.0616440557153693
0.00175100505373636 0.00122135823653685 -0.0240624334506929 0.0857133208281712
-0.000183471772896346 0.0014893347023426 0.0153173101519365 0.0726475737569715
0.000297459655054771 -0.00216501804190012 0.0329000563999878 0.0587772023130088
-0.00388140824515936 -0.00436125068823765 0.0387751670017169 0.0526460203146753
-0.0014563897371469 -0.00943056114835439 0.0347227613325448 0.0545670757787396
0.00527918422649274 -0.00560035890758811 0.0215400603417099 0.060686736999346
0.00734226026648797 -0.00593579242128447 -7.22311959993535E-05 0.0782011144754613
0.0147932029337586 -6.84102000930017E-05 -0.0429801460776005 0.0850561694334647
0.0203686656990141 0.0151971739894257 -0.0845664932863144 0.0835859480821471
0.010821910309353 0.0305653569606758 -0.070878358059918 0.105140819159035
0.0078412669462147 0.0485045084252004 -0.0397578261262921 0.0739807916858148
0.0175972549926813 0.0222274979390339 0.0275320080023583 -0.00609092792888008
0.0189691661529448 0.00351495394138166 -0.0386255630082245 -0.0630569893093246
0.0173333019622052 -0.0050858037628492 -0.0931609230131783 -0.0203766618245978
0.0153538195770524 -0.0127603202164814 -0.0832057775532835 0.0563833260241315
0.0039658934243398 -0.0227953354260558 -0.028163667467069 0.0807258020538004
-0.00987349948847167 -0.020222741065867 0.0112251261554745 0.0666086347848865
-0.0116312482438385 -0.0214049119041965 0.0289401100631483 0.0520901325565153
-0.0141252316493207 -0.0273750327995028 0.0380284557776434 0.0432105534649974
0.00396562098877261 -0.0392109667114908 0.0385364628914438 0.0444065800374907
0.0276961910297229 -0.0280033925401514 0.0322967422886214 0.054755545082267
0.0454827119417025 -0.0110027655821523 0.0140847703740991 0.0773091557264852
0.0433853378106407 0.0276946187471469 -0.027699185286696 0.0883602769418057
0.0198757304278059 0.0611598191154188 -0.0678151898379108 0.078584093124303
-0.00601766922430846 0.0756069967181485 -0.057449365520245 0.087110961901218
-0.00917055011204747 0.0800522106851001 -0.0395464710364639 0.0515389008995485
0.0199042788077971 0.0614203191259923 0.032940319682478 -0.0163203887945397
0.0452628492434019 0.0246722930172298 -0.030040126847468 -0.0753297583090307
0.0486852675661615 -0.0134938709090284 -0.0919379466074533 -0.0347775514824544
0.0315497993477619 -0.033820733565267 -0.0868982844848421 0.042865086002975
0.00826907259499971 -0.0460605943522962 -0.0333742326828432 0.0675991093094026
-0.0173347451714568 -0.0409590103322878 0.00389940142045493 0.0530645426862415
-0.0219786541784064 -0.0374991903306161 0.0202083245968275 0.0381650366057034
-0.0239907381380097 -0.0441962686490098 0.0327989431931558 0.0261434778059827
0.00316369307057884 -0.0616204278369734 0.0411109438671662 0.0249812916490778
0.0390071754254973 -0.0494490882360123 0.0463411277575123 0.0379001422255204
0.0718123483055656 -0.026603532510943 0.0345257764295714 0.0696689221807222
0.0712636508201537 0.0391168202374611 -0.0062827678430029 0.0884983507938542
0.0274149356280226 0.0920037376335346 -0.0500790943333513 0.0702596857151516
-0.0148002715165901 0.108385297017684 -0.0399427946490012 0.0581681350108137
-0.0286177045785626 0.0988941049005931 -0.028062274318331 0.0183739108472881
0.0122280120454547 0.0949317940289124 0.0437530051403741 -0.0332740607716411
0.0635018677324701 0.0501932176140554 -0.0142835197594426 -0.0881829391420965
0.0767638891106551 -0.014778897766347 -0.0809354734905397 -0.0526453109998609
0.0479091937655968 -0.0496733342803931 -0.0839412995977262 0.021477260991651
0.0141605796548048 -0.0638519881456656 -0.0363730036445945 0.0459028138910579
-0.0209131058221999 -0.056991474638247 -0.004255754836344 0.0322804291877802
-0.0291608094328921 -0.0487367578961596 0.00897263503099116 0.0188502753528365
-0.0309704279896716 -0.0527922956113761 0.0236178902754724 0.00461452475624595
-0.00155375441856561 -0.0734115535225585 0.0389653790341766 0.000660207547150613
0.0400159730473889 -0.0638977308496085 0.0558545187416431 0.0132032674560954
0.0829700852860309 -0.0420027607950675 0.053910691534294 0.0535493398045875
0.0885942911334048 0.0384903418523835 0.0158302315319065 0.0819336288861127
0.0346054693868149 0.10301720869536 -0.034643413019731 0.0583918506748734
-0.0188661440499894 0.122505296644232 -0.0223751052676511 0.0231118355941861
-0.0444402486146574 0.0997878292195622 -0.00619249669985567 -0.0214415656948842
-0.00351942093613581 0.112325260574739 0.0566865616617046 -0.053034751108868
0.0649754958767502 0.071813025830722 0.00671034850362368 -0.0961799246478333
0.0928764081282012 -0.00685045589122153 -0.0593456863332165 -0.068194669320523
0.0595061092473241 -0.0544797538066422 -0.0708346784133957 -0.00450207117623774
0.0190871903630558 -0.0714684515566215 -0.0364281486647833 0.0176185177987915
-0.0209687265959619 -0.0645438310930231 -0.0131009277144018 0.00659489239941628
-0.032183608723896 -0.0517888509649015 -0.00330900090695947 -0.00310212083411034
-0.0342388660006198 -0.0536354195950954 0.011527166097631 -0.0174478319015515
-0.00508870553823296 -0.0733360860371968 0.0321718423997756 -0.0238206262385144
0.036359176396373 -0.066987859070507 0.0588492790065944 -0.0114152617933488
0.082347709891885 -0.0475311342320673 0.0648529556837711 0.0343236117488901
0.0901701654790321 0.0357977507275875 0.0311476857972838 0.0694040076767383
0.0327565903909402 0.10111724214428 -0.0239785092195992 0.0447422983740191
-0.0224454235074321 0.119082925401454 -0.0067200055719101 -0.0116463791526956
-0.050799599438218 0.0818396613675244 0.0210610803777181 -0.0600293263340477
-0.0190820774526979 0.105285716367523 0.0699153082726314 -0.0721391235633017
0.0510515059530358 0.0783842056327366 0.0279402381291928 -0.0969096581134291
0.0883998993308701 0.00351430768400827 -0.0330052868143571 -0.0760891479385621
0.0595752503446637 -0.0482309676561897 -0.0503648622585601 -0.0286583658535901
0.0204383991738093 -0.0658337742363349 -0.0325888328333642 -0.0120756835793867
-0.0182857601577152 -0.0607246203244966 -0.021115945449444 -0.0195959143309464
-0.030049365190244 -0.0474402148148002 -0.0149712279822052 -0.0245505452074226
-0.0320791303437789 -0.0473187676404329 -0.000204897695294204 -0.0375093279840445
-0.00665084994771837 -0.0638787403138462 0.0246728289476738 -0.0445513366191874
0.030784387781396 -0.0603591735364476 0.0582813473973876 -0.0316679023835706
0.0735171203664857 -0.0420995654422865 0.0700904368039127 0.0180055798944285
0.0784278884427457 0.0346574228123993 0.0396849072506011 0.0563270494458623
0.0227558397248463 0.0896171034780572 -0.0164374164843256 0.0312760189407477
-0.027350846417846 0.0992360892022617 0.00786751808562097 -0.0407743235099361
-0.0455635373047117 0.0489281974376477 0.0471347299867387 -0.0904476440861248
-0.0273591630083408 0.0750173935097064 0.0791259713348096 -0.0859657932417105
0.0289654211096201 0.0635682620313045 0.0439772309935435 -0.0926183922513049
0.064330071721372 0.00780566158064474 -0.0100921199896043 -0.0776818851635979
0.045643229721201 -0.0337357751689348 -0.0305738216646975 -0.0470844212904371
0.0159389346821491 -0.0480291958496099 -0.0281496749502085 -0.0364619264794725
-0.0132133407299992 -0.0455115312394246 -0.0273844222345369 -0.0404542456496003
-0.0232748259925755 -0.0347294987024828 -0.024376900012803 -0.0416714631727399
-0.0253514088269853 -0.0351286246105364 -0.00972957082051517 -0.0543104281760324
-0.00663226976043424 -0.0479507894982616 0.019295435042105 -0.0613014263049074
0.0238936480909755 -0.047270490598942 0.0586480879194053 -0.0461779788450034
0.059288016061494 -0.0301601462673957 0.0727253644992325 0.00807712196371025
0.0581738792638082 0.0335985238565506 0.0428060118802027 0.0463491738729732
0.00789248752212867 0.0705514893811146 -0.0105247228211341 0.0208898472530453
-0.0310277045601653 0.0670993794913344 0.021336943982845 -0.0613335499438414
-0.0302729788228432 0.00716426896705753 0.0638125896779389 -0.107969479296442
-0.0256365829297177 0.0293148107539553 0.0799312050120614 -0.0940345792095957
0.00645836945404182 0.0323711908054561 0.0505338504560161 -0.0887098028920816
0.0276554090136977 0.00531858320445169 0.00161521437667424 -0.0771618932959932
0.0210759426636287 -0.0152632464817417 -0.0199622694456118 -0.0567171829049781
0.00727223597737232 -0.0218600954638451 -0.0271938448532688 -0.0507500374259728
-0.00667637834033686 -0.0220977079228484 -0.0322875109280861 -0.0517264869698061
-0.0130105124809692 -0.0167521938676113 -0.0305542038348307 -0.0518666931337209
-0.0150456533793802 -0.0183464507983212 -0.015742001303055 -0.0647397326859721
-0.00560208031996617 -0.0274293744409082 0.0174543115977015 -0.0722467452865634
0.0141964266468497 -0.0305437496346986 0.061100883191092 -0.0550558252949281
0.0395531506795226 -0.0156366745136479 0.0766478290608317 0.00298146263949845
0.0331892019517524 0.0294641835974469 0.0454068182002663 0.0417254343552358
-0.0062080948842318 0.0439571378247052 -0.00537977708082852 0.0157534955404301
-0.0306664505410573 0.0271129242715216 0.0326932706562979 -0.0695266434568465
0.0186193611620231 0.0108772238008965 -0.0337012658751417 0.0829487371327621
0.00971843203046163 -0.014119044189415 0.0270430991259986 -0.00229258154019146
-0.0097754965494422 -0.0116431190916269 -0.0402560585742574 -0.0574273984334685
-0.011082777440562 0.00751035596670877 -0.0916578647523299 -0.0145487881329471
0.000658744350468456 0.00904108241165048 -0.0789831525100944 0.0620243282524019
0.00215724125303254 0.00169773616069854 -0.0251034678233383 0.0878142133981109
-0.000315302523840856 0.00138270939979066 0.0149032210235048 0.0741234219404611
0.000364565344059456 -0.00205316477259072 0.0335589938493106 0.060035042456648
-0.00388976895116781 -0.00453721155693526 0.0398930290820696 0.053961839737903
-0.00143929089226598 -0.00942516570333224 0.034450561423414 0.0562823123842424
0.0059774061998267 -0.00598592635547291 0.0206655452915587 0.0624400970747271
0.0079148736750302 -0.00595716572619513 -0.00130556459227152 0.0789005261116965
0.0151137005444673 0.000696496163437449 -0.0459205219630504 0.0851259425891113
0.020696924889483 0.0157688069178683 -0.087861599214426 0.0839136724043055
0.00964351802869821 0.0315224663639445 -0.0736243061690418 0.106126901411445
0.00702011299315823 0.0490831085033212 -0.0411359614333962 0.074509046626246
0.0179680529975059 0.023175837961411 0.0287737853924019 -0.0054678462765982
0.0189104540536759 0.00325089464882352 -0.0377954833576666 -0.0649384008716692
0.0176137932560395 -0.00481818687926494 -0.0946205579208442 -0.0228764646516363
0.0152629743549839 -0.0127798403784084 -0.0848941364257819 0.0567868805807113
0.00389599141303697 -0.0232159671247842 -0.0296914409200627 0.0825237335495548
-0.0100835532156087 -0.020858274000292 0.010638577674623 0.0682203550649102
-0.0119643812495589 -0.0219397248923401 0.0297195790058892 0.0535328312380131
-0.0141003775944284 -0.0281523787124721 0.0387556043205087 0.0443463950572344
0.0038447621966053 -0.0400164036078878 0.0392672597844625 0.0460397488013895
0.028985535578436 -0.028604653447044 0.0319680531451672 0.0564856744861567
0.047079698677864 -0.0108777382843039 0.012564085276431 0.078708844321662
0.0441629109155306 0.0290480804513396 -0.0306434360761625 0.0885564849850367
0.0191098094511056 0.0627351030242185 -0.0704692000914344 0.0792335955782281
-0.00768245960317267 0.0768365453729396 -0.0599262432858619 0.0880079195294826
-0.010575950804992 0.0808456749433032 -0.0400460043633665 0.0521965564411199
0.0193450230231865 0.0628767807087625 0.0346308424210785 -0.0156505127148013
0.0454902503074395 0.0254224753563427 -0.0286428427086786 -0.0771613743334649
0.0493297792327066 -0.0135886325068823 -0.0927837448995985 -0.0370969391623016
0.0322082652965047 -0.0341185860899633 -0.0884038727447384 0.0428833865697931
0.00865875159942655 -0.0467504022100627 -0.0349474271646994 0.0689247648461073
-0.0177077663396871 -0.0419244807378419 0.00362935389722633 0.054247120975173
-0.0222559848236963 -0.0387926299016486 0.0203634135110525 0.0392349030872292
-0.0236414351800895 -0.0451270846164943 0.0331128968255264 0.0269553741375397
0.00313457141932005 -0.0629806524886995 0.0418860477753807 0.0261594634200131
0.0404628827964172 -0.0508405922296119 0.0466245131636736 0.0392297429665704
0.0732518778316338 -0.026060358177241 0.0340990383321339 0.0715045119792085
0.0724913456560403 0.040992958009036 -0.00876337824818178 0.0891978243060217
0.0267064584002958 0.0942438272011578 -0.0519592351451916 0.0713078511783179
-0.0169730808234973 0.110191828753628 -0.0419516547018648 0.0588239364301283
-0.0302759630431771 0.0993277791797514 -0.028037093598376 0.0186464848574281
0.0110830058192826 0.0972903243889298 0.0454210046660431 -0.0323159824524402
0.0632369539126222 0.0515651772614384 -0.0129601705108737 -0.0897569983703089
0.0781979861764251 -0.0141889509059134 -0.0811029180462079 -0.0551184390254437
0.048694821068435 -0.0505619589298946 -0.0851331995650498 0.0215732627356846
0.014270689191827 -0.0654322753192172 -0.0378675105608016 0.0466442532140877
-0.0214405922547368 -0.0584452189439332 -0.0054798170918751 0.0327108824852346
-0.0294222081254174 -0.0496562883739162 0.00868412546099602 0.0196974395242453
-0.0313555055544393 -0.0539460545935406 0.0234670435376464 0.00497377115158527
-0.00153110001621614 -0.0750342398090965 0.0396758741041233 0.00140176185638619
0.0417929347444219 -0.065048631183633 0.0566126710374573 0.0146692649296344
0.0852354189018773 -0.0419909610900787 0.0535835447947531 0.0554802044781481
0.0895759935840721 0.0404509617230295 0.0140666524653434 0.083059521316204
0.0332860260730004 0.106308915915847 -0.0362471033676044 0.0591968153938486
-0.0214979165376078 0.124930969338517 -0.023898113780826 0.0233669328358547
-0.0471951982581444 0.0998808056961293 -0.00570581049168771 -0.0213350561613738
-0.00482862892824494 0.114364979289819 0.0588381899438508 -0.0521275549683078
0.064784418035864 0.073702264609963 0.00904471198634648 -0.0973667504784376
0.0940400761297488 -0.00652802670962012 -0.0590921028114608 -0.0701947163130665
0.0600463353701701 -0.0553031602976775 -0.071616878496587 -0.00496655627869418
0.0196960432653575 -0.0733445654296289 -0.0373277980809082 0.0176471161864958
-0.0211932641731374 -0.0661808433209257 -0.014137137650493 0.00705603728237597
-0.0321375172689074 -0.0531270229095853 -0.00357735230942332 -0.00288551856387993
-0.0343491551801459 -0.0547083642929137 0.011980834697314 -0.0176750599168244
-0.00505041419078672 -0.0752270708602833 0.0332547060150886 -0.0236314380456811
0.0380371009867733 -0.0680897750154424 0.0601291592298458 -0.0107718128778223
0.0837682548147564 -0.0479722564941091 0.0653945864603434 0.0364589338754261
0.0913968549724889 0.0374983617925913 0.0303609372725508 0.0708570848279055
0.0317100808555921 0.104287739793812 -0.0250679625377356 0.0451517270497045
-0.0253193077791836 0.120373089901407 -0.00712294925365153 -0.0116715762680351
-0.052954964176448 0.0818512719746497 0.022881144996158 -0.060063745655448
-0.0212600710019841 0.10678879895539 0.0724277469915014 -0.0713197979902054
0.0507315703066301 0.0801108488280496 0.0310519838424114 -0.0973553424936855
0.0894754452949207 0.00418798076288178 -0.0319070155440551 -0.0781166145793376
0.0604901168158515 -0.0486393605610419 -0.0503986477134186 -0.0293271774389148
0.0206243678909488 -0.0678682580227215 -0.0333983347292678 -0.0128337159493887
-0.0183390189803871 -0.0621547297425672 -0.0219707691869383 -0.0200376174282881
-0.0300942216345519 -0.0483231592288746 -0.0155271449679719 -0.0242414670714782
-0.0323148078558512 -0.0478762310065816 -0.000137959813443773 -0.0384071543629138
-0.00670435133096258 -0.0654395226485982 0.0254589355859154 -0.0450831552694475
0.0320570360203866 -0.0614964990567616 0.0599343061589429 -0.0313296481886474
0.0747762177093419 -0.0423379423892558 0.0708179005840754 0.0199755409125313
0.0793313132473389 0.0360643246930662 0.0393153898433983 0.0576400454438585
0.0218272343287671 0.0916288253740812 -0.0172630997887755 0.0316916670759278
-0.0292700777512311 0.100119263983638 0.00769447514894738 -0.0414983755716055
-0.0467346644945596 0.0486041816402051 0.0493462626253667 -0.0907049173477387
-0.0291172060160158 0.0760022542671064 0.0820060438797174 -0.0849229954100742
0.0280992883799646 0.0652482409045011 0.0468813678572788 -0.0931463464552134
0.0651599206079686 0.00866485212037765 -0.00831297183630732 -0.0788046498041701
0.0463920677314068 -0.0341138538028345 -0.0303242960826263 -0.0476795809950676
0.0161864732584402 -0.0492591396360179 -0.0286489931554629 -0.0380750674049517
-0.0135241649615971 -0.0465528955415131 -0.0285374915595801 -0.0410864593520649
-0.0232576336027023 -0.0356278861795005 -0.025200705307459 -0.0417153385472431
-0.0247344229613987 -0.0354953950147248 -0.00995308144651189 -0.0552366694936353
-0.00639810856793772 -0.0488333583504115 0.0203394468078019 -0.0615878625006145
0.02485391451924 -0.0482218382897225 0.0601146626125051 -0.0462290571769242
0.0599996365714552 -0.0301575381945786 0.0743901887391891 0.00917460848250833
0.0588347171034593 0.0352831319914187 0.0431646880618971 0.0478723166095847
0.00692263758572376 0.0715874822665178 -0.0112543586940215 0.0210683990045478
-0.0325662163384177 0.0672974473265874 0.0215021360428191 -0.0619539273691386
-0.030980423122905 0.0066863977536296 0.0670944362014097 -0.109026672588927
-0.0265192901266221 0.029188540909878 0.0830588448017259 -0.0935952812561312
0.00543578069988237 0.0329900084900822 0.053627777489334 -0.0893666587970542
0.0277182541272851 0.00634360046677293 0.00380057359910569 -0.077818441512156
0.0210965994017991 -0.0154797462506897 -0.0198403544467228 -0.0578602413145388
0.00749300060844347 -0.0222375664823326 -0.0279172319575381 -0.0522153752386912
-0.00651559605842113 -0.0226406042060234 -0.0339495995645664 -0.0530868831288471
-0.0124902005903838 -0.0170269066410221 -0.0308559640984152 -0.0527767219217196
-0.014495993405432 -0.0186428898552089 -0.0158477682218043 -0.0652710507297026
-0.00526878043110395 -0.0276804194252181 0.0188238170842456 -0.0731172682290969
0.0148684324972637 -0.0310058316898088 0.0628284040643014 -0.0553451779865849
0.0402240340988011 -0.0160096476982821 0.0782859073227339 0.00418909031886503
0.0333087101941527 0.0301393548661792 0.0455117215733192 0.0430401821505262
-0.00716960071020131 0.0445103720006637 -0.00610544878131422 0.0159953292092109
-0.0314793966483257 0.0266937163918727 0.0334372321842277 -0.0702934475188917
0.0188842996379815 0.0112557754503495 -0.0338026280986055 0.0857935861164859
0.0101187245666667 -0.0144679432670698 0.0284148276999209 -0.00262284021711087
-0.0103561791759298 -0.0117803682975583 -0.0422541080839274 -0.0593262342415291
-0.0109862682714133 0.00780345301550316 -0.0957552926742973 -0.0143331986289668
0.00111526224044936 0.00964116543547791 -0.0813174001765363 0.0650358468064688
0.00204415850025428 0.00186671765597631 -0.02482891245722 0.0917374987623054
-0.000361735893400155 0.00169248299602853 0.016759760696554 0.0768386941873271
0.000154564414545067 -0.00253725523554873 0.0363121587104876 0.0615325625899162
-0.00472482671625866 -0.00483147529857763 0.0422703980040928 0.0557525559706088
-0.00156345570928737 -0.0103461963457961 0.0366886091464935 0.0579761334313858
0.00601393583631057 -0.00661343441108011 0.021883208827594 0.0649105750273531
0.00818767338469188 -0.0059633684978989 -0.000979496341069137 0.0811922183178858
0.0157054699389639 0.000760135311872542 -0.0474971396404011 0.0881465215221288
0.0214474751786111 0.0161671369730594 -0.0906678624934818 0.0875827879960276
0.00984682418713234 0.0325880228604914 -0.075446544193055 0.110746249166943
0.00727853208114515 0.0505905456908815 -0.0415620953087073 0.0770739255991724
0.0192656293455977 0.0236534720757066 0.030112349923579 -0.00586021515256585
0.0193082847532717 0.00293295680445873 -0.0396912618294652 -0.067122606457433
0.0187153141455931 -0.00579518299863383 -0.0989905531031499 -0.0229553355423596
0.0154932599988898 -0.0137411088332679 -0.0872393085431959 0.0598085423417704
0.00346919961721371 -0.0238520857977523 -0.0294714461973452 0.0861726068057538
-0.0110673114733179 -0.0213617017042908 0.0121031259369596 0.0705689896232198
-0.0126224290143097 -0.0224896981788158 0.0317207325612055 0.0548042563236108
-0.0151403385210417 -0.0291103445819137 0.0409612877377195 0.0458314453935488
0.00283660321627729 -0.042384241372478 0.0418613225139358 0.048002990961343
0.0300369244572065 -0.0309270153294621 0.0334234653183891 0.0584332431356956
0.0484580665870912 -0.0120601540741954 0.0132965627239026 0.081341554054263
0.0459938338996842 0.0302551932600702 -0.0319803509070151 0.0913233721532382
0.0202951986771773 0.0651671078725809 -0.073006993614646 0.082538937288223
-0.00799722449695685 0.0797636504165541 -0.0612300244533694 0.0920356829536558
-0.0111729438903182 0.0832182170888595 -0.040646708645935 0.0538731020222529
0.0202643319578498 0.0650036545991913 0.0365375830144442 -0.0159130940039933
0.0469737589785829 0.0253588302705114 -0.030161190310558 -0.0796310472706201
0.0508452563685832 -0.0150333113247149 -0.0961113338808794 -0.0378969496492063
0.0322917907129742 -0.0361169714105503 -0.0908861033675643 0.0459847804770694
0.00737295944193646 -0.0488495137551182 -0.0352735847442237 0.0721205726070275
-0.0188579436877554 -0.0432578581413781 0.00410046220166426 0.0563217755926469
-0.0236078672907936 -0.0394196318284203 0.0215894002274195 0.0403679866833862
-0.0258251989820888 -0.0463565422347765 0.0348603854193892 0.0272313018254241
0.00159793493766495 -0.0660187512571306 0.0440489385078257 0.0272390201542726
0.0414084989776127 -0.0535592238900852 0.0485229913976022 0.0402680321755584
0.0758164560359707 -0.028457557326586 0.0356868076783654 0.073967364751247
0.075541680303131 0.0415918914980283 -0.0086598749361909 0.0920997944017513
0.0283737781699411 0.0976361390597704 -0.0537768125870109 0.0742737597214328
-0.0179435909119122 0.114097544109125 -0.0431496061259543 0.0618664045545622
-0.0312188264689324 0.102265156898365 -0.0284079686277339 0.0197122505848928
0.0123842915827936 0.100577970364609 0.0477007758997783 -0.0335230745285723
0.0655725938316601 0.0524360951562268 -0.0131721686678687 -0.0926890819742012
0.0805604801651287 -0.0157766848798568 -0.0845425210329549 -0.056123762227145
0.0495763348970412 -0.0531226644390236 -0.0876235302843713 0.0240447231811412
0.0130676693854323 -0.0684027355966093 -0.0388088973353924 0.048839229383809
-0.0232611921150333 -0.0604684685881047 -0.00550584772172039 0.0344726930951499
-0.031357446380448 -0.0511574033038773 0.00975969473417814 0.0202232883092139
-0.0332398483650182 -0.0549932878918197 0.0247211747921116 0.00515270504560498
-0.00324504020548402 -0.0783066256491046 0.0410524993359163 0.00115559255137072
0.0425713905984529 -0.0683958476766508 0.0591234295409946 0.0140382324369163
0.087405529454279 -0.0451547656447428 0.0562080696523911 0.0575891823683512
0.0936211488840769 0.0407664578343469 0.0147258350855459 0.0854764185905477
0.0358724340917754 0.110695596098274 -0.0374218961978883 0.0620192245055514
-0.021794909282125 0.129226227574498 -0.0249215118943146 0.0249964783412524
-0.0480927407738857 0.103173589939993 -0.00539948981991512 -0.021379760678689
-0.00391961864363237 0.119300056479912 0.0611516881154912 -0.0536466934064046
0.0671620781173258 0.0756592596844245 0.00957897557950164 -0.100231729769837
0.0972965682397224 -0.00765708948085065 -0.0611213423197957 -0.0721099006828946
0.0615297655837839 -0.0584297820067236 -0.0736519456547183 -0.00362850630444516
0.0185246092653429 -0.0765727195213195 -0.0386376691997923 0.0184792431991565
-0.0234456617676383 -0.0683429424520927 -0.0152226267388859 0.0071485663143376
-0.0343167402081511 -0.0546323629375067 -0.0038080628813061 -0.0020029816952313
-0.036224703117195 -0.0557120215067299 0.0117854632901983 -0.0182830634931517
-0.00683720734364143 -0.0776788381188236 0.0340726151493308 -0.0247685257799519
0.038673450519103 -0.0719732893277654 0.0625246373856029 -0.0117945107074911
0.0856816031050992 -0.051233895955408 0.0684748056974766 0.0373761792503156
0.0951090047238612 0.0373837595224155 0.0320626350759865 0.072368984110186
0.0344323976579834 0.10781738790088 -0.0259221354864565 0.0471220590794638
-0.0251529575037398 0.124652319067154 -0.00871190720247745 -0.0113792172875389
-0.0546113063601715 0.0842944891928972 0.0240093054022606 -0.062000066375675
-0.0207037878069679 0.111219530400493 0.0746576915172943 -0.0737254736317096
0.052773518788893 0.0823144188307714 0.0317464750714864 -0.100907859858505
0.0925134370565202 0.00333522521638456 -0.0330922316623712 -0.080444186130932
0.0617557347611475 -0.0512729437662474 -0.0527469423476363 -0.0294716363066675
0.0198430893083532 -0.0707059717399266 -0.0351584238672276 -0.0132109772723569
-0.0204856485123051 -0.0641563504324076 -0.0233975112572791 -0.020493086649155
-0.0316006569407655 -0.0494279322801925 -0.0167838931910658 -0.0246470960271448
-0.033515567299428 -0.0492683250281229 -0.000712377974442697 -0.0392116791429658
-0.00797212002250469 -0.067535372284544 0.0259714732630403 -0.0472028525022411
0.0323633988148282 -0.0646718319806161 0.061503446467387 -0.0337004246340179
0.0765116202366035 -0.0454053880036954 0.0741000862466416 0.020281306499769
0.0828422329722254 0.0362108266411292 0.0411437504783822 0.0587004056034685
0.0237065862197322 0.0949449865279968 -0.0178182275880605 0.032910961249538
-0.029474398499621 0.103868406163632 0.00628494464240859 -0.0424245675716666
-0.0486259417934016 0.0504765592586495 0.0512928432968583 -0.0939152425148688
-0.029226369430002 0.079094533164519 0.0842685476447025 -0.0880573329257022
0.0300460959910322 0.0670586234556287 0.0486062416170702 -0.0964651692822387
0.0674681580416985 0.00856199776891581 -0.00904821664109032 -0.0811646136772307
0.0470771402219283 -0.036201107889032 -0.0315473822065523 -0.048473742042967
0.0155301673998273 -0.0514285717794583 -0.0310800419589435 -0.039357214832434
-0.0151441650120564 -0.0479944858249109 -0.0313380794454075 -0.0422945354849789
-0.0243983805350717 -0.0366440557152869 -0.0271592797580852 -0.0422078778094294
-0.026097039756631 -0.0366233706782238 -0.0114767740861589 -0.056090155989482
-0.00719390089212851 -0.0501503029989265 0.0203503573268322 -0.0643856400932276
0.0251042366174465 -0.0499983043405937 0.0618922960505956 -0.0492675637421247
0.0615092999808888 -0.0325679169410866 0.0767651953000647 0.00919758259903214
0.0612269371404977 0.0352013041793944 0.0451414735650164 0.0488372875014949
0.00730343722765997 0.074390537300362 -0.011565257407565 0.0220698426935351
-0.0330204340795099 0.0695381760339586 0.0203360970742793 -0.0640719605444994
-0.0322183060592163 0.00713019806627463 0.0686850521167501 -0.112683989807916
-0.0272534201021943 0.0300866492489925 0.0852812901984222 -0.0968604773493736
0.00612157400175303 0.0339092032481954 0.0549588046531092 -0.092867493093581
0.0286214780058569 0.00641205095404533 0.00356811352481162 -0.0803089131411114
0.0214906972657494 -0.0163114094222762 -0.0203416333687195 -0.0590913616661002
0.00732462289091616 -0.0231319713127125 -0.0301924426190535 -0.0544124532033742
-0.00697446257936169 -0.0229200647410879 -0.0368296814521413 -0.0545098626318581
-0.0130322353203714 -0.017623030077422 -0.033891655988983 -0.0529113634821994
-0.0152006364296636 -0.0189025983794555 -0.0176292079645678 -0.0667154066917544
-0.00540656483087286 -0.0283078847797657 0.0181204165035204 -0.0763527466618266
0.0147083088660169 -0.0319816904755779 0.0646671219387067 -0.0583703514777223
0.0408108881041924 -0.0168063769818236 0.0810048580241599 0.00378778830124264
0.0347890354632968 0.0307758973339772 0.0479461487959701 0.0439289619974525
-0.00710342892627313 0.0460542663778621 -0.00654062661740383 0.0164939355737642
-0.0318365626343258 0.027529730059144 0.0321415531039916 -0.0728080570258616
0.019083116751632 0.01122354340089 -0.0313244702088158 0.0894254038181102
0.00971895867020676 -0.0151785507914546 0.0299109836985479 -0.00416294092376528
-0.0109504262279772 -0.0118435083618291 -0.0464086001438708 -0.059100586084669
-0.0106613454780426 0.00834438409004671 -0.0999658552132992 -0.0105064608472579
0.00172458813590309 0.00946267221306618 -0.0804154378099338 0.0706738859491281
0.00185239713774464 0.00235010776891381 -0.0204942190806919 0.0957802155526863
-0.000343778372405697 0.00167786610274723 0.0212084353844935 0.0780397787841621
-0.00038846059338982 -0.00276936672700159 0.0406644476775077 0.0610214248384012
-0.0052203642919033 -0.00504822215152554 0.0469082482541086 0.0547258839633514
-0.00274187033161309 -0.0108535840824533 0.041490923500881 0.0589904787887067
0.00648370839458168 -0.00746975486288468 0.0248681494782474 0.0666262847246065
0.00813845622982714 -0.00636700791777927 0.00159728033739346 0.0830397630706859
0.0164650740209744 0.000444328699860328 -0.0465147540815991 0.0928390256250032
0.0225643617821488 0.0160389981170611 -0.090184253016194 0.0939093572865503
0.0111763085138243 0.0336548496995671 -0.0719498368213267 0.117291601231908
0.00876213064628542 0.0513595319472027 -0.0390540384124682 0.0810832311559662
0.0206920661591893 0.023795974935132 0.0316973246828273 -0.00742638304831046
0.0197541588254875 0.002313911959099 -0.043521916652722 -0.0674242032084323
0.018730115317318 -0.00728580835822701 -0.102938009885441 -0.0194140242109378
0.0152780368783582 -0.0148383448317033 -0.0869893814122255 0.0660553062568257
0.00229257201915142 -0.0247393955665147 -0.0257037569747572 0.0908052432421051
-0.0126416452336316 -0.0215582898489434 0.0159841259167506 0.0722294689176974
-0.0143855823980733 -0.0226427135552012 0.0355169853301586 0.0547649880068587
-0.0172385973344505 -0.0292450408442041 0.0449104419426957 0.0443496080480352
0.000416963125532778 -0.0437204368558486 0.045891512106578 0.0481763727584787
0.0296403798132565 -0.0334891740674901 0.0370899743907715 0.0594018211206017
0.0494540075411872 -0.0152539465686034 0.0163998737493262 0.0832554676111428
0.0489907882276904 0.029644999812907 -0.0294706537982799 0.0953497701610842
0.0239489098347046 0.0667683862314078 -0.0720999449277256 0.0883338679275478
-0.00516490516233264 0.082470586832638 -0.0591403175598321 0.0980285466012149
-0.00826036200993153 0.0854766479164412 -0.0390773472764723 0.0572587087499908
0.0242377735045038 0.0663282441365372 0.0378360928071221 -0.0181692373766287
0.0489851703026237 0.0238998577853453 -0.0343064733948504 -0.0807485685025218
0.0512107659496063 -0.0181730268119494 -0.100997114519529 -0.03528087105161
0.0314412448622577 -0.0389879045569803 -0.0911318791702662 0.0519979396545351
0.00495992684660008 -0.0508978797230821 -0.0326122980642263 0.0764461526852283
-0.0219347907540904 -0.0438299751543361 0.00705219366553479 0.0577856248080354
-0.0262615140681176 -0.0396845737641827 0.0251416977228253 0.0406055109611293
-0.028936261857122 -0.046285082635572 0.0374383884670445 0.0264297508669492
-0.00218588000699502 -0.0680128699551912 0.047410181819101 0.02668542690612
0.0404367240873429 -0.0577143447239552 0.0520756955233731 0.0398828553824194
0.0764051463809562 -0.0331823671342745 0.0398951302564711 0.0749535607287207
0.0799914011265661 0.0398917708425946 -0.00596853462604027 0.0945780519428348
0.0333826770746693 0.0995842450094853 -0.0524186935494884 0.0789594910993291
-0.0136477863061136 0.118068171148524 -0.0420921955646942 0.0662555737831008
-0.0286411610625689 0.106216235179914 -0.0275442731090946 0.0217107505986976
0.017481810228804 0.103539348582191 0.0484522282402954 -0.0354779386624199
0.0695247827727388 0.0509952529720407 -0.0169518773143549 -0.0943062744786629
0.081636916188148 -0.0206598844677221 -0.0894897762262198 -0.0543459137014592
0.0479486926862768 -0.0569270184977985 -0.0885810407822315 0.0293182581982914
0.00964651340609903 -0.0714717322809611 -0.0375107335712573 0.0524239667925732
-0.0277027855614783 -0.061182658691319 -0.00418657096374981 0.0356629213740238
-0.0347958844364963 -0.050902686800582 0.011382781741597 0.0210029096691908
-0.037050700748738 -0.0550859658917757 0.0257850573603479 0.00377194653753558
-0.00764107901778622 -0.0805570481723336 0.0430008360329949 -0.000623874922319441
0.0411315381193212 -0.073310575153857 0.0613390535694617 0.0125198574514115
0.0875325457050924 -0.0513502864040764 0.0601360540469159 0.0573011615092337
0.0987595285957669 0.0380278230694335 0.0186372125468568 0.0869068638609136
0.0420644160721416 0.112452719434273 -0.0362973935632389 0.0655122919268006
-0.0172942113032695 0.134169712016984 -0.0250840342697438 0.0275801124767562
-0.0458721655838124 0.107549810762427 -0.00564269857367512 -0.0218059193367705
0.000995187938694042 0.123136941200148 0.0616437166022569 -0.0568868911465238
0.0721730944641413 0.0751082145850137 0.00597067593527814 -0.103296280491459
0.0996153181496152 -0.0126245438394157 -0.0655881461597901 -0.072009760905203
0.0602297789591692 -0.0633512022879861 -0.0754138697140113 -4.75317639560993E-05
0.0146624232687628 -0.0801933394900474 -0.0393729554231179 0.021136558399207
-0.0280215892679676 -0.069117873661567 -0.0158673041193854 0.00826337043869198
-0.0378657570250747 -0.054423432174039 -0.00379817533500098 -0.00154412730231971
-0.0399206624507926 -0.0555614248264831 0.0115368114636707 -0.0190894266871311
-0.011463088463936 -0.0800113147082221 0.0347152773126784 -0.0266078863645619
0.0361912199694505 -0.076651973343028 0.0637991201822737 -0.0149963323352665
0.0850237723151072 -0.0572960721497361 0.0719431836847447 0.0356833410708551
0.100171295007604 0.0340247115998315 0.035790443682986 0.0730632119735078
0.0403505007712785 0.110124195202655 -0.0245558958922221 0.0494467240612878
-0.0213492080419826 0.129323734293455 -0.0103742740482187 -0.0108151768616683
-0.0530690017583035 0.0892539969646703 0.0229903631025785 -0.0645328819945108
-0.0166245548241245 0.116097285024717 0.0746848750528387 -0.0774275455726326
0.057482499042098 0.082575845025224 0.0292115061119754 -0.104812586940381
0.0948625039657548 -0.000453879288344075 -0.0368330781014346 -0.08118966492131
0.0609773773969521 -0.0559573773942212 -0.0541481248931748 -0.0268518230754593
0.0165782884810157 -0.073920514355648 -0.0369519000816719 -0.0120471795207891
-0.0249940223904668 -0.0650412744536141 -0.0264591125776152 -0.0195498474030045
-0.0351341525701394 -0.0495203297469506 -0.0188084628435389 -0.0237604263163151
-0.0373998606251997 -0.0487475909432941 -0.00273918489123594 -0.03999383681117
-0.0120088292156602 -0.0690178937395867 0.0243222397603127 -0.0493343093476235
0.0302530482916424 -0.0682317642198716 0.0619877510036522 -0.0378782179908014
0.0759050221293495 -0.0507956914547395 0.0769807771239075 0.0182206691423917
0.0870949256415274 0.033385548028216 0.0446646267598383 0.0582430101526916
0.0287689816670881 0.0971409128390688 -0.0174242554377851 0.0346193872494395
-0.0264453055097136 0.107485583838483 0.00344181158912031 -0.0435463497544896
-0.0480854435823089 0.0535650846767358 0.0496141942794593 -0.09849688014489
-0.0264846456982567 0.0828609491274785 0.0838586396482987 -0.0929281614108267
0.0334041777777651 0.0675136653355208 0.0469319999972673 -0.10075539025245
0.0691655524747052 0.00581340246235486 -0.0118126116119237 -0.0830343989593319
0.0465203242865338 -0.0396996461690357 -0.033919744520891 -0.0477369364693391
0.0131029349485913 -0.0540036718147245 -0.0342334652853476 -0.039348079475426
-0.0185326037269576 -0.0484994556440128 -0.0352941774380068 -0.0420082249524556
-0.0269337109570534 -0.0363772000576211 -0.0300890675676071 -0.0421306418733785
-0.0284732904873522 -0.0358374109146094 -0.014386374448584 -0.0567147723281453
-0.00979427720129706 -0.0512024118693515 0.0174918799644172 -0.0669582667600097
0.023056810363759 -0.0529840193919642 0.0617205312589691 -0.0534330302185169
0.0613589060512756 -0.0364789552376154 0.0800134156611953 0.00623998950013443
0.0644051802153363 0.0330461520116558 0.0484363875344738 0.0480661538897877
0.0116571219254376 0.0761222908754529 -0.0116089978442334 0.0232349744399065
-0.0313365264507355 0.0727506494001582 0.0169734722494263 -0.0662303654710625
-0.0328217678506818 0.00849397529274326 0.0668007051269636 -0.118863985842018
-0.0268032062733596 0.0323826723710221 0.083806889947984 -0.102458312120439
0.00813148367299348 0.0344331983892145 0.053534442711709 -0.0973688434403825
0.0294374578612198 0.00511911407716268 0.000571411029177093 -0.0826125118409561
0.0207252124460617 -0.0178006665654096 -0.0234480229368874 -0.0598445208468254
0.00633610416344028 -0.0238356527876957 -0.0341455844266912 -0.0550378249542959
-0.00852470630429614 -0.023033245287275 -0.0417535048874341 -0.0539027664255782
-0.0142282678962902 -0.0177156618175644 -0.0375936374023033 -0.0525683347553818
-0.0159437807869287 -0.0189048894017977 -0.0215238766185236 -0.0676208243980528
-0.00682942029647689 -0.0288931011186707 0.0147911957852788 -0.0792000521772509
0.0137221494407068 -0.0334305847325147 0.0639600904280901 -0.0629561330901223
0.0413524879752053 -0.019031759375277 0.0843383176144059 0.000179455318992119
0.0372163927137171 0.0298703328201813 0.0509147481870129 0.0431666591593431
-0.00534641460098129 0.0473127793238876 -0.00704911233058477 0.0175377568072467
-0.0317938684021974 0.0289476577591844 0.0287292305874153 -0.0755732948729313
0.0131517791772363 0.0184521444354329 -0.0677521508436741 0.0671621846108184
0.0150726351326711 -0.00982936805357806 0.0288350415276264 0.00990986418035197
-0.0048695652765483 -0.0143988211895212 -0.0160563091138484 -0.0736173714515426
-0.0121633466205263 0.00354832811773047 -0.0868321404877638 -0.0529497336934934
-0.00150942006126421 0.00985300627116871 -0.103452906372038 0.0291947034441549
0.0017403392265363 0.00317347521433723 -0.0605092200043384 0.0779816200167042
-0.000483432606867886 0.00217766399552558 -0.0148117194525785 0.0798030850253362
0.0010456741063686 -0.00250396662072083 0.0109351525382749 0.0719167993873228
-0.00231140038183739 -0.00653530055947471 0.0196750357341619 0.0696022476963839
0.00278551809275157 -0.0107904162022658 0.0123138625366253 0.0709770795304136
0.0097621587200775 -0.00414616575487009 -0.00685188910935778 0.0711839010204897
0.0113677623320543 -0.00113503602700556 -0.0355534760092499 0.0749829972842701
0.0142297542986885 0.00921396997090659 -0.0844111849268176 0.0617214247901819
0.0115835894436144 0.0255926567206544 -0.126014661930685 0.0445842672152744
-0.00462755641258027 0.0352977574394638 -0.121872498961159 0.0712564914533621
-0.0145780390640045 0.0503692680713442 -0.0701949629513932 0.0565953888595831
0.00814210762718558 0.0308627068845617 0.0327067705582252 0.00684786044663215
0.0165639746159748 0.0119486344471206 -0.0102018069882105 -0.0811869513937238
0.0207345416657581 0.00230987143776818 -0.0856909027081262 -0.0632401136199334
0.0220566856772734 -0.00661589131386367 -0.107974442955884 0.021066975337434
0.0135636259540774 -0.021351271774791 -0.0639551858173905 0.0709627895437523
-0.00214482571582567 -0.0242471898139577 -0.0171889647167032 0.0721806375399745
-0.00310965593249905 -0.0273393293311337 0.0087554384404555 0.0641659459421827
-0.00310402828718761 -0.0343156518855828 0.022257954270711 0.0592212793950343
0.0190672133439279 -0.0399798308453423 0.0216922098729 0.0629479997149133
0.0421927366787605 -0.0182411021776048 0.00845541554818546 0.0706039065177095
0.0513696482724896 0.00856827241092402 -0.0204279285286619 0.0830534974920546
0.0308179515948887 0.0494829241778039 -0.0708147268757524 0.0735328652191626
-0.00881748423175577 0.0720588478697174 -0.108066361849832 0.0470143949791239
-0.0410333656575155 0.0725871639446994 -0.101243022014928 0.0595212637697283
-0.0456114119731008 0.0736805584330808 -0.0584776978337307 0.0354821830336861
-0.00754419258747554 0.0715162814872583 0.043417523768328 -0.00129571360239125
0.033234942185374 0.0442866338208586 0.0048968483249114 -0.0896572743822683
0.0547447268893318 0.00659665720363098 -0.0771310609144989 -0.0775629258257876
0.0466273948064541 -0.020727344444558 -0.106712382481881 0.00592757442140583
0.0266529322516981 -0.0438756343430894 -0.0646053800788896 0.0548538955077961
-0.0013176977475216 -0.0490105473395684 -0.0194395051723006 0.0552144126762262
-0.00641905106629841 -0.0478023172064101 0.0051935389810566 0.0468489563977085
-0.00647977272574936 -0.0542025264650525 0.0235267925528411 0.0393411446056713
0.027034938579751 -0.0635789190990255 0.0324294716905709 0.0438156649798196
0.0628238307427564 -0.0357180723134362 0.0313961293752499 0.0591833261792312
0.0842873303691204 0.00326066937856309 0.00471024222871087 0.085835571245152
0.0544314509873563 0.0726837992593431 -0.0486824023467989 0.0849565473733402
-0.0139510130305879 0.106377289940143 -0.0869755060181522 0.0474906746693547
-0.0639337176329845 0.100907648850942 -0.071555256144291 0.0384851351663953
-0.0733618468217974 0.0827872584515173 -0.0316435731298366 0.00898266556371547
-0.0300863858666571 0.102710317600982 0.0615650487893735 -0.0130686952582075
0.0396280189725269 0.0783618520378545 0.0269847524873336 -0.0952815895758402
0.0826327847619257 0.0179733232772728 -0.0576671155795469 -0.0908735880453707
0.0692605318197215 -0.0296390642371832 -0.0947105317885249 -0.0142285098884161
0.0394109818844022 -0.0606460938533338 -0.0589443049076166 0.0312597708520811
0.000642726464195257 -0.0675305658798562 -0.0203684862463666 0.0302553310106577
-0.00960103616867343 -0.0621439494977258 0.000912011413920603 0.0235763454955597
-0.010113622836559 -0.0656796435680106 0.0219590179553823 0.0143191917628356
0.0265768178956251 -0.0770702162197825 0.0401143059322848 0.017772612897721
0.0695400738980162 -0.0502662123803592 0.0524818403111606 0.0377121953202575
0.101331952833224 -0.00861892782278228 0.0320046763017234 0.0792737930204864
0.0728177702712506 0.0792116909531014 -0.0224494803322421 0.0888330270452378
-0.0119760459297798 0.121761394530379 -0.0664684134469614 0.042590207150106
-0.0741850922028031 0.113724331994499 -0.038011474227666 0.0114965984932184
-0.0905187440873269 0.0769563639118819 0.00821453169640721 -0.0206103255442978
-0.0541238833215782 0.113953942495264 0.0834885808430127 -0.0267281751334762
0.0317216646675898 0.100888927316906 0.052733306708138 -0.0932797086619817
0.0945878748419214 0.0326870376806575 -0.0279784119072536 -0.0969800679723283
0.082579597424044 -0.0298342342273746 -0.0706943494420965 -0.0348354736901759
0.0474906896731 -0.0668842211892948 -0.0468889358643028 0.00155238373194612
0.00323040512721128 -0.0754441866302814 -0.0195313381967 0.000607855025054941
-0.0110921859760886 -0.0665239866216966 -0.00371306909718528 -0.00260325844181061
-0.0129426275782232 -0.0673099681127503 0.0187061512241586 -0.012694878500928
0.0223151721123423 -0.0782109899357712 0.0431707321019086 -0.00929361794638576
0.0662098837307472 -0.0550754375716006 0.0665737140269269 0.0137675519128861
0.102135572098776 -0.0157313740114009 0.0522979764012767 0.0653799147447475
0.0758033678501772 0.0761912584800167 -0.000518274460648377 0.0840987236871658
-0.0118715009244488 0.118456138910819 -0.0483597470722556 0.0333946496792863
-0.0755662041566598 0.107928089936176 -0.00642396915906483 -0.0159607620185601
-0.0891035831929391 0.0571090518699314 0.0527282644378662 -0.0469265110685997
-0.0678614813269349 0.0991836217507007 0.10500251870835 -0.038898900367239
0.0144954424401335 0.101537950181717 0.0746557642757072 -0.0835932807049815
0.0850208342398599 0.0412708810217166 0.00301063747146114 -0.0922376542650967
0.0793788219569009 -0.0232870236704423 -0.0389110294540844 -0.0507148741762004
0.0459827467177738 -0.0606487410939656 -0.0300546856941698 -0.0278598059531871
0.00419427071429992 -0.0702400388420421 -0.0166880654500374 -0.029368052248384
-0.0106133040487833 -0.0608699227797435 -0.00753327492474227 -0.0288915455126676
-0.0131281370402103 -0.0598548689580219 0.0144554291873072 -0.0377425325202897
0.0178427153883568 -0.0690008958140197 0.0441032423131348 -0.0340965489718512
0.0573423108195774 -0.050255232372749 0.0745300744989578 -0.00718204252887709
0.0908155302730482 -0.0139125852756776 0.0644352174137357 0.0516210079019191
0.064249217034139 0.0692237612072469 0.0142813283303704 0.0751335174139653
-0.0166763881082088 0.101148656588102 -0.0346945033809096 0.0228781019562343
-0.070638616832455 0.0860921023675425 0.0215851360532845 -0.0389224105106442
-0.0692248556722525 0.0275465013316953 0.0912015860263043 -0.0663734420848821
-0.0623714236506216 0.0642565932763018 0.119372497732319 -0.0486933353460852
-0.00107341462533631 0.0767276629395263 0.0885347635318541 -0.0715413284181689
0.0585122600202183 0.0358922155071146 0.0265847425507295 -0.0820353258889
0.0584502057471596 -0.0148254391495141 -0.0109588916155052 -0.0602420585264726
0.0345084314445142 -0.0430796654301059 -0.0148958097976537 -0.0513330232133998
0.00343721177208963 -0.0523147085248318 -0.0150202337710071 -0.0533365792442757
-0.00888630241184298 -0.0452717714474585 -0.0107405399785378 -0.0501578086079592
-0.010542739461063 -0.0446404855274283 0.0111992046491997 -0.0575654257965525
0.0122863784274108 -0.0515552722249308 0.0448089802489365 -0.0528358706600722
0.0442303048455629 -0.0391494665212918 0.0802794791542558 -0.0212552236628945
0.0713738502741499 -0.00704485713910964 0.0711859120310477 0.0422382976046062
0.0443281611638523 0.0593102318937284 0.0223726581837498 0.0670109583856476
-0.0230475117202711 0.0742697435049005 -0.0233284297647155 0.0145606934975312
-0.0597542560533357 0.051641201446677 0.0448674247378253 -0.0528899687986081
-0.0352206907285461 -0.00641825059073197 0.114687766403975 -0.0777480222691648
-0.0405083026045448 0.0183401964222462 0.122865056710911 -0.0553294840153246
-0.009540581821564 0.0354317993413436 0.0930585328009134 -0.0643550956457949
0.0227928366688922 0.0181092106462152 0.0381525164999384 -0.0748655461331915
0.0258210718383258 -0.0064436207013535 0.00495619904098138 -0.0652948358600406
0.015485888269589 -0.0188108751463546 -0.00751240925921272 -0.065057256249662
0.00112963356169581 -0.0247981957355046 -0.0153759000529964 -0.066180529974733
-0.00522727352275255 -0.022640007990108 -0.0124899550342973 -0.0627880939668307
-0.00629974078261232 -0.0239167645078403 0.00913551788745365 -0.0696100967419477
0.00570263829835608 -0.0292468733728985 0.0474565283176615 -0.0645784563381748
0.0267025879762973 -0.0251793160725859 0.0863313756764947 -0.029369933697143
0.0460561433991436 3.00583361068085E-05 0.0771833655554396 0.0385377489908994
0.0208605023190353 0.0435351662759592 0.0262475215741798 0.063260520006429
-0.0255717069339656 0.0407764145926886 -0.0158364566265183 0.011965726516282
-0.0410370005449149 0.0119262711199002 0.0605539617041661 -0.0553504591773462
0.0130599759555095 0.0181207532419434 -0.0629735386610705 0.0693762537403443
0.0143817055170549 -0.0101236244104718 0.0291125790578218 0.00874307947372627
-0.00571288034438822 -0.0135737279786851 -0.0197743604374776 -0.071262935258796
-0.0113222058402978 0.00394321617975524 -0.088217836497945 -0.0468232341657853
-0.000656304383923024 0.00990110812252482 -0.0995373545418307 0.0345977490341585
0.00196766203247405 0.0034877747840501 -0.0548034982576502 0.0801539923038885
1.54452357313409E-06 0.00253947017560651 -0.00991149419301183 0.0790446244808502
0.00116564435199845 -0.00269052461954745 0.0154694567948478 0.0691062901605844
-0.00288536666551697 -0.00655876304586608 0.0241873908514608 0.0665871863752147
0.00176748732445473 -0.0106173425498833 0.0162121406167291 0.069133750187813
0.00953850582971776 -0.00453266612325174 -0.00314750645425263 0.0708382944176323
0.011061547145217 -0.00134834896950467 -0.0308435762431669 0.0749685356715489
0.0143836897617892 0.00837726385338441 -0.0805640219572997 0.064544290256315
0.0131361187013432 0.0243189617632934 -0.120937782739719 0.0503010983646542
-0.00320728411545647 0.0348687513590423 -0.115732290222099 0.0766406074024593
-0.0123780817457784 0.0504120482972702 -0.0655570441300727 0.0589946268142944
0.00975631417415649 0.0299113410721219 0.0327168398466314 0.0053713461692419
0.0167394623298136 0.010980184827072 -0.0140477645855155 -0.0783407050297385
0.0204733602783261 0.000665617809155726 -0.0876703573300491 -0.0575434809873742
0.0212672885725454 -0.00746084662138789 -0.10437237209255 0.0266741916534617
0.0117656659208495 -0.0214837365097538 -0.058384927076833 0.0732168344898239
-0.00345162900470452 -0.0237616937491114 -0.0126347034338917 0.0713957264979238
-0.00430638374840624 -0.0267268197069018 0.0130277305033075 0.0618094094558746
-0.00557398872968488 -0.0331996104694867 0.0259266852048017 0.0566160189828883
0.0159042366316154 -0.0406028414394313 0.0251717358787197 0.0608561370977231
0.0409243999385777 -0.020793181462904 0.0118288093293712 0.0690967655419183
0.0512692320860835 0.00584967696516107 -0.0162364949865861 0.0819290101304947
0.0331314018568609 0.0475250732867486 -0.0661803108723449 0.0749831773635109
-0.00490331097369529 0.0712312541339026 -0.10369020244606 0.0519152781035419
-0.0362631014081434 0.0729404513192602 -0.0964111892785865 0.0634523227660552
-0.041557780488428 0.0740018583182001 -0.0552417518383505 0.0383170036324463
-0.00301621226716755 0.0705665536899506 0.0430206200319105 -0.00274305964929039
0.0343477774831824 0.0415395704998923 0.000148124819387169 -0.0873468394945542
0.0536315934618734 0.00299171984352736 -0.0794963170327192 -0.0722746488763264
0.0446177879394147 -0.0231944148678599 -0.103758361262126 0.0118506597930366
0.0229696494479868 -0.0444994622386026 -0.0598827378797836 0.0576802065588445
-0.00464865350261978 -0.0476816433960213 -0.016062616136826 0.055156575984024
-0.00939461919871659 -0.0468698554746015 0.00797872609873194 0.0460468691133825
-0.00968562615283484 -0.0527158544748611 0.0257300378923063 0.0375680161756866
0.0219565345664349 -0.0644432893640662 0.0347871643286773 0.0416926383239356
0.0596149200405231 -0.0395049394403579 0.0339887524902681 0.0567686833775694
0.0827606424644105 -0.00186478559564416 0.00891188145249053 0.0842216808848117
0.058051628218677 0.0687057476412367 -0.0435729252548408 0.0847194783849291
-0.00818620647061361 0.105665104320991 -0.0832362475852023 0.0510573853790636
-0.0579238602651638 0.101916919032987 -0.0689529413450443 0.0421559599210904
-0.0682039551800068 0.0844992580220066 -0.0297413439538271 0.0108695087204702
-0.0237982358685235 0.102624788851516 0.0605699136212578 -0.0151206458563886
0.0424550736492333 0.0739538285189524 0.0221847809428449 -0.0940862457841954
0.0818967628476855 0.0122849870511356 -0.0606580812031629 -0.0857490275657132
0.0658784043561065 -0.03346315872456 -0.093013075028107 -0.00796484195320694
0.0347675706824384 -0.062080772783643 -0.0559503387582878 0.0339892318913969
-0.00408747793334748 -0.0661904911600665 -0.0185501277596844 0.030569911222916
-0.0133331188809163 -0.0599148365569268 0.00265542974537905 0.0232261274376094
-0.0141304653868089 -0.0635914086806296 0.0226035538284663 0.0127764711263836
0.0209170222341192 -0.0775068387057283 0.0410304650840869 0.0157141105379595
0.0655332720115424 -0.0537481308129551 0.0535786576380303 0.034436122733689
0.0984909295834287 -0.0148065921607086 0.0355015662967294 0.0764718250029849
0.0759774165753878 0.0738930729355671 -0.0175843315866115 0.0873834702701045
-0.00486818114959645 0.120553192258302 -0.0628056421339183 0.0453210086249589
-0.0671124482827608 0.114964650620808 -0.0376439347645652 0.0136843234483359
-0.0850037337905834 0.0798955300480497 0.00756725568144412 -0.0203645366893825
-0.0469486842532955 0.114968966741355 0.0812437355662387 -0.02920739748291
0.0357620125431228 0.0970796651751626 0.0476272378740523 -0.0933860202126191
0.0942399426395146 0.0264130838106417 -0.0318767604406789 -0.0930529849575803
0.0789539451977061 -0.0341189047990149 -0.0694365191555258 -0.0294813234325928
0.041787562385213 -0.068414534673153 -0.0452890763802138 0.00410403226429616
-0.00237386847482535 -0.0742784150933872 -0.019338808710654 0.00124302895136026
-0.014922554112723 -0.0645024858853054 -0.0035668738543915 -0.00222234054300343
-0.0167159285361702 -0.0650624423590356 0.0178884048887236 -0.0136963345860761
0.0172121046697523 -0.0780219038089757 0.042043149304949 -0.011390764371325
0.0620726844889099 -0.0584824151681468 0.0662687750318583 0.00999714632772083
0.098809094486995 -0.0215717460505165 0.0542850927599229 0.0615683403258686
0.0786397963772511 0.0703183786617177 0.00405916871144868 0.0819953862833231
-0.00513143705355408 0.116763214932184 -0.0462648642744141 0.0354589622687731
-0.0685258193591176 0.109557225080832 -0.00816414545116646 -0.0149150695021096
-0.0848987676177184 0.0601089890330168 0.0498303959335617 -0.048430969057834
-0.0607155419997875 0.101455610638309 0.101073696270398 -0.0431088898765307
0.0191963894329164 0.0987655880290893 0.0697965774297328 -0.0852552327502379
0.0853271864858255 0.0356519265143552 -0.00116615714150725 -0.0901467361201786
0.0761687281488127 -0.0277155441133151 -0.0397394365374931 -0.0467670900870889
0.0408895692769001 -0.0618611459129354 -0.0308582334348949 -0.0257378197344385
-0.000640605971241063 -0.0690215594171651 -0.0187908897774907 -0.0277850209063418
-0.0141769496970316 -0.0590365220268 -0.00913177617117763 -0.0272708159402398
-0.0163320861960753 -0.0574411498888266 0.0119541357233037 -0.0378353752325572
0.0132221372144455 -0.0680694145994967 0.0412820077259372 -0.0362550477717015
0.0534428353251044 -0.0525271458554907 0.072993667641555 -0.0112627140790442
0.0876469431213017 -0.0192364620124641 0.0666583184706009 0.047339163069604
0.0670925677842741 0.0642782854866932 0.0178750609985954 0.0721115299130868
-0.010418336814701 0.100214075820701 -0.0326691830509725 0.0241591956876612
-0.0645153528638305 0.0871715066278694 0.017814119783774 -0.038984736684554
-0.0667124531478796 0.0302921097362177 0.086475566651006 -0.069680300507424
-0.0577506869010462 0.0669091345064075 0.114143775647376 -0.0525296995942544
0.0030048447919409 0.0755346735728984 0.0838193605679432 -0.0739640370043783
0.0592489816515101 0.031941489106908 0.0227935327502719 -0.0812489240273676
0.0561871216468933 -0.0181318217216846 -0.0123271016792131 -0.0576649719235827
0.0309060476980387 -0.0444721628478191 -0.0174986523249501 -0.0499220777736135
-0.000456850878445679 -0.0514100741325827 -0.018735052585327 -0.0515156047669063
-0.0115430437008216 -0.043744437685532 -0.0133217078504747 -0.0477872139648283
-0.0129806980615216 -0.0432192459960605 0.00729410103711069 -0.0565507272189233
0.00892816029324416 -0.0508964369975256 0.0409204198137833 -0.0542059713482096
0.0408817343504192 -0.0408550233692347 0.0776877748125924 -0.0258435419742436
0.0689599520985883 -0.0113212390812517 0.0731045749590402 0.0377216618771924
0.046633009741707 0.0554349590624705 0.0260401472613204 0.0640213844087285
-0.0185761219272161 0.0738914487049265 -0.0226174322450099 0.0158897983632529
-0.0558494534753359 0.0530258671197358 0.0395848128308502 -0.0535309940500031
-0.0348788543423873 -0.00455152832038748 0.108843184840363 -0.082210794253606
-0.038681330828077 0.0199340301908598 0.117268194032073 -0.059433746142841
-0.00748693158858176 0.0348408697505651 0.0885171523441756 -0.0671436925662976
0.023225222737531 0.0165573610797049 0.0339961320596178 -0.0750835480737162
0.0246099064933419 -0.00783109878977162 0.00257658376315452 -0.0636977785429419
0.0135305790853633 -0.019176072344389 -0.0109563507820895 -0.0641227484864109
-0.000372642268319989 -0.0242552174732132 -0.019801621971063 -0.0645649526495712
-0.00629955752508625 -0.0216620533914764 -0.0161176802728002 -0.0602267309100753
-0.00729416048397949 -0.02279138790782 0.00462258917150074 -0.0683188125766436
0.0037929321576359 -0.0286022097659711 0.0423172468917411 -0.0661847435758729
0.0242238954975104 -0.0263082308057154 0.0832668634885977 -0.0336518761136377
0.0446939660280834 -0.00304184722718526 0.0780639249871949 0.0337354797141889
0.0229841195271163 0.0414381215829032 0.0292872001477778 0.0604608764462339
-0.0229199131755465 0.0408528983910997 -0.0154774684098566 0.012526437872551
-0.03978995556406 0.0130896866939861 0.0550050479391385 -0.0568580919845384
0.0131050867285722 0.0180033950164629 -0.0586572904052746 0.0695944110939323
0.01383493906171 -0.0102598416734163 0.0289272371878234 0.00766632308683843
-0.00593698042493088 -0.0123400647641031 -0.0217578889032985 -0.0678218794867528
-0.0107013538300689 0.00395194628278385 -0.0874950693334746 -0.042523776499857
-8.27581490312827E-05 0.00947670712969382 -0.0952561824049261 0.0368746272219107
0.00214023423720562 0.00327016564259497 -0.0491364567999549 0.0801404948257074
0.000482347451035569 0.002046907764385 -0.00601002846312081 0.0770987988933686
0.00110771877195633 -0.00289191617515046 0.0184001928153706 0.0662598497072654
-0.00328825811556318 -0.00603755733133484 0.0261949817550516 0.0640296480791676
0.00124725102771771 -0.010488021704563 0.0191309099463882 0.0670374411792477
0.00937783012077331 -0.00517710319956934 -0.000903899605625051 0.0696208302750521
0.0109873143739679 -0.00173000665166649 -0.0281367337434661 0.0732819001659674
0.0143294333423653 0.00798734324821098 -0.0768710368042528 0.0649743932687169
0.0133565977790158 0.0228447015089514 -0.11606174715974 0.0530435770556178
-0.00200841667788756 0.03371595776011 -0.109019130015411 0.0784973156212296
-0.0108371218735481 0.0495384956141538 -0.0612968221958854 0.0594276681615846
0.0105889187295167 0.0289298774441543 0.0327245440433132 0.00476890223152893
0.0166521561195328 0.0100959356014063 -0.0166701778971297 -0.0748659135483452
0.0199420040878711 -0.000603142675170575 -0.0868184454668677 -0.0523531943100645
0.0202452809101748 -0.00833943102885948 -0.0997662641520351 0.0301624680457256
0.0104137924581166 -0.0213371259317757 -0.0530666106374358 0.0734804171824737
-0.00433886790107627 -0.0229153969096818 -0.00961973215744328 0.0700799806376676
-0.00533916510309232 -0.0255202309323169 0.0152281310188108 0.0592515661817014
-0.00709331767063459 -0.0316597824186145 0.027743342380944 0.0540154176460864
0.0138598476860965 -0.0403830900142989 0.0273994218430118 0.0584374744692813
0.0394035999430852 -0.0219115642026784 0.01398967486467 0.0668663192025923
0.0500509686944604 0.00379869662932076 -0.0132272770245685 0.0800601511468791
0.0342496834812161 0.0453394977069816 -0.0626601550016517 0.0743497969121818
-0.00214383421692398 0.0696838392553991 -0.0989433725519591 0.0539802478049148
-0.0332796150206043 0.0719331825300707 -0.0913951254674897 0.0654060445347812
-0.0379856938690223 0.0731869560683443 -0.051454555031026 0.039389100326486
-0.000493759683061284 0.06860120085076 0.0425021490267006 -0.00328904537393459
0.0346799681793292 0.0389387697102495 -0.00269192682739992 -0.0843074731204276
0.0518550884194518 7.88364248250934E-05 -0.0797067373693415 -0.0671250503055616
0.0421689447766498 -0.0243037431728146 -0.0995449614535796 0.0162012891527177
0.0203144675596258 -0.0443515481039261 -0.055214444454814 0.0582595529536964
-0.00666959361427036 -0.0459536638907954 -0.0137058382558226 0.054025485593713
-0.0111577648505755 -0.0445022439165614 0.0099021549076622 0.0439303733814369
-0.0119148940815753 -0.0506252399994425 0.0263202132077313 0.0353413622478195
0.0182571008534487 -0.0635965871057478 0.035833081254077 0.0391953755094381
0.0567499552795871 -0.0411551392322764 0.0348442117688596 0.0543388296269101
0.0800118500145535 -0.00496230472715282 0.0115110580862251 0.0814061712181941
0.0585757730984241 0.0649286485175125 -0.0403359927993786 0.0831111059282035
-0.00439319830142183 0.10288977082617 -0.0789701316670399 0.0526392315829539
-0.0524591139331902 0.100671820299215 -0.0655357017450712 0.0433434177497828
-0.0638130357597379 0.0842152393788632 -0.0276422760579046 0.0119469849622791
-0.0192079735115457 0.100672557363285 0.0590263773229006 -0.0155160489475749
0.0435247322156767 0.0700239880310331 0.0184581454696278 -0.0911108022123636
0.0793275190393377 0.00805020349966365 -0.0614488006794339 -0.0811985236205956
0.062617851036827 -0.035100129407574 -0.0895485906999089 -0.00382678020159209
0.0303840509274508 -0.0615157004153764 -0.0521929182118076 0.0350816373273242
-0.00720505808034567 -0.0637676846061567 -0.0170831337686896 0.0305454969687464
-0.0153481349617374 -0.0570786524876334 0.00342834299099034 0.022652910383357
-0.0166575949573927 -0.0608143820055908 0.0222894038210093 0.0112317014811491
0.016709655383361 -0.0761969959377073 0.0408164782440173 0.0138171588129349
0.0616427224175887 -0.055647783783888 0.0534842950531139 0.0317841707057637
0.094807192605776 -0.0183053634003814 0.0374195875074888 0.072734073770798
0.0769864817689774 0.0691556667697497 -0.0146273464564094 0.0850207433189251
-0.000511860377106278 0.117852354015879 -0.0594814545392347 0.0463027524610963
-0.0615670515303515 0.113751688211512 -0.0369800956284278 0.0151027487618161
-0.0800757743588128 0.0800532721656698 0.00694591586310518 -0.0194950057926542
-0.0408785268440878 0.113808659254719 0.0787377324802663 -0.0300334036107688
0.0376842429653985 0.0930194559530351 0.0436612977246936 -0.0913370500310083
0.0919877349223749 0.0214364510242771 -0.0337264755027332 -0.0889404538744969
0.0749965545917153 -0.0366374755231128 -0.0671730101876967 -0.0254729590318557
0.0372117710397981 -0.0678398337309425 -0.0435960045517117 0.00553713678996416
-0.00619527635054194 -0.0713124568563396 -0.0192303666301024 0.00181138095347488
-0.0174034909458557 -0.061767995866633 -0.00359877213769054 -0.00172219712162502
-0.0190196366131308 -0.0617797770054721 0.0164489655435918 -0.0138118437741828
0.0132452952575124 -0.0765101349203859 0.040957880155173 -0.0124197562007014
0.0580158946754515 -0.0598837586258155 0.0647606466992187 0.00715667491465873
0.0942432139931959 -0.0255094972957886 0.0559276624962634 0.0580981136294457
0.0791638755847217 0.0650986541014039 0.00638720384926511 0.0784189145782898
-0.000591634994267895 0.114297592533425 -0.0434165946100212 0.0357992781080423
-0.0628432710576203 0.108645835257419 -0.00944519956562904 -0.0135832654806022
-0.0805006560039169 0.0612041733410894 0.0471432521070579 -0.0483061314205651
-0.0547711388087038 0.101218439348796 0.0969843451036986 -0.0434960561869555
0.0219949181900566 0.094684487895145 0.0657740166408256 -0.0843765416292794
0.0836202430025301 0.0305567841546263 -0.00357846357150655 -0.0870886299253748
0.0724437941675248 -0.030102043941133 -0.0387655432099822 -0.0431300688228746
0.0365328188261604 -0.0615822154888951 -0.0304818500319822 -0.024210323673969
-0.00443466866153263 -0.066393690561388 -0.020474227148249 -0.0264402454204426
-0.0163637155174312 -0.0561668661050187 -0.0101246913098464 -0.0255614463095686
-0.0184985720537938 -0.0546933100924755 0.0100275572513458 -0.0367291910363035
0.00958792756685855 -0.0664438536968389 0.0386646606946805 -0.0362282859217938
0.049598514977208 -0.0538655521120851 0.0704768711033355 -0.013649027085382
0.0834983934524557 -0.0227471857539555 0.0664915426812508 0.0435067713994844
0.0675859613758945 0.0592907539839418 0.0199778956639421 0.0685268594319121
-0.00620998826463806 0.097774643727202 -0.0313697247556651 0.0247458228290003
-0.0595263539651989 0.0865537782207008 0.0144690328944498 -0.0380628057006667
-0.0638766014246746 0.0315041148825104 0.0823964350461342 -0.0705574880126931
-0.0535156406860323 0.0670092785798319 0.109326539012162 -0.0535124172926641
0.00511549802433562 0.0727518234468909 0.0795711345535041 -0.0740895544153571
0.0583314332098317 0.0286273863386315 0.0198704345029825 -0.0792542820009514
0.0541342975122756 -0.019906441469561 -0.0127969706174135 -0.05506032745802
0.0275696628819914 -0.0442649101069628 -0.018745309983347 -0.0480600301426974
-0.00278415777142418 -0.0491664966376525 -0.0209461051898169 -0.0489680726799733
-0.0128974295536178 -0.0418219646615609 -0.015271120523381 -0.0448145821088154
-0.0142879626968301 -0.0406273591811485 0.00482922141578264 -0.054925713464059
0.00635450077456402 -0.0493428683193829 0.037763796842912 -0.0539548824878029
0.0377674316555891 -0.0413574433286589 0.0745659347339708 -0.028339353761651
0.0657024949208972 -0.0142435206479243 0.0726115212158872 0.0341594663736996
0.0471987328995013 0.051457258578845 0.0270840750812506 0.0605512029493679
-0.0148493497544454 0.0723967071172293 -0.021819111618188 0.0165316773573097
-0.0519829181430864 0.053263485269059 0.0350379175122794 -0.0526929717823383
-0.0342330686313888 -0.00285707026594106 0.102725064135381 -0.0832411719829656
-0.0365448438497676 0.0207090227582095 0.111691004243765 -0.060742585921249
-0.00627053453905959 0.033557766425087 0.0841376127732074 -0.0678637281031627
0.0229218222892107 0.0151319911701801 0.0310693614306933 -0.0732947037274409
0.0231006047396404 -0.0086711614223719 0.00100217677841824 -0.0617911575902692
0.0121339046621702 -0.019143493406126 -0.01355581419752 -0.0621722057703536
-0.00162147050099239 -0.0233780043369737 -0.0226020630731844 -0.0612168821310026
-0.00694607643190307 -0.0205054782580318 -0.0184215988192373 -0.0564051719496599
-0.00796307271287179 -0.0215985072985459 0.00174732176940258 -0.0659410662124465
0.00277320423420261 -0.0280536650363275 0.0382708034534053 -0.0655155887633753
0.0224021219866656 -0.0261926012727579 0.0794931041966902 -0.0356074583753538
0.0429915394421089 -0.00509705204545806 0.0772878483571251 0.0298360742424411
0.0235785675165706 0.0387860146297567 0.0306413150043537 0.0571553599668979
-0.0209720313149937 0.0402422134782379 -0.0152035244938523 0.012979684568208
-0.0380368203669333 0.0142808417688929 0.0500514930396483 -0.0568145322377968
0.0127483688476137 0.0177472318575885 -0.0551095103416982 0.0689202539600228
0.0130845304924869 -0.0101009599434077 0.0294160634139773 0.00745407318737889
-0.00571621746387356 -0.0118647716801061 -0.0223204859035548 -0.0651009665006938
-0.0104268271841882 0.00386827625007791 -0.0862275656398742 -0.0393391735106271
0.00024446364192037 0.00920764252983401 -0.091760610332423 0.037976438825011
0.00274328790343496 0.00304502243149707 -0.0450806616064181 0.0794090428283613
0.000600789060374014 0.00180329640557045 -0.00360766649966703 0.0753063790802364
0.00108487674340944 -0.00289521724810696 0.0195899632193819 0.0640032663425122
-0.00317392284953074 -0.00563561379869705 0.0279961599541654 0.0617259873033212
0.000962384819532879 -0.0104841081093111 0.0207212929840187 0.0655204477753821
0.00921178232982579 -0.0054506612920157 0.00079411519742833 0.0681924261007386
0.0108809412129032 -0.00200814510921252 -0.0264005827544704 0.0715979745011695
0.0146726439525527 0.00765718870058437 -0.0743767023327134 0.0643582573319689
0.0136167192232048 0.0215903104377915 -0.111771655820445 0.0539488681729469
-0.00159981869388809 0.0328534845952383 -0.104435089703902 0.0789167075749028
-0.00968031710035721 0.0484704177833844 -0.0578981311000533 0.0593610977294591
0.0111778893010966 0.0279662443894916 0.0326777563613148 0.00443984742938981
0.0164580725809882 0.00935859127332911 -0.0173191672162833 -0.0721265474986884
0.0189570553964142 -0.00154055715571592 -0.0859292593708627 -0.0491818275981242
0.019516655469053 -0.00896976995886218 -0.0959875450699594 0.0319706584813152
0.00963829354998928 -0.021097438673812 -0.0491287560889734 0.0733459872260289
-0.00459391109212708 -0.022265578730034 -0.00723970420650052 0.0682046657221489
-0.00597825124735293 -0.0249439648888011 0.0165473644385489 0.0570301849030828
-0.00770728208690966 -0.0303914934004923 0.0288450666738021 0.0516584461710087
0.0121052179099162 -0.0398965465175692 0.0286332018444357 0.0568604468655558
0.0378747294371542 -0.0232377255257754 0.0152989429106444 0.0654925737885051
0.0491028829547331 0.00217135503849176 -0.011274560827224 0.0778397842598352
0.0347864454595473 0.0436554739161301 -0.0601245004769623 0.0730336897034709
-0.000558720885440326 0.067926414419464 -0.0949395784169412 0.0547474945625264
-0.0312124295044352 0.0705660887043687 -0.0874560476735189 0.0658741213887287
-0.0362001859062729 0.0720074658831424 -0.0486131881405936 0.0390497762833691
0.00164553127747315 0.0667570726991905 0.0420846274237254 -0.00330963362117871
0.0344960061254959 0.0370791620897928 -0.00383731008689436 -0.0813539435347668
0.0497925411264069 -0.00156662844025185 -0.0792122456071079 -0.0636327064555355
0.0403876393890518 -0.025020202060148 -0.0954003913831317 0.0184684347448476
0.0184415000468131 -0.0435366047046179 -0.0516009115335716 0.0581515871520855
-0.00789889289599158 -0.044205870233008 -0.0118194876050342 0.0529966604771883
-0.0120057552727 -0.04279437202733 0.0112455271845824 0.0425249916262881
-0.0126602460929533 -0.0485177362922896 0.0268009566377046 0.0333449721459491
0.0159297779108999 -0.062575032309852 0.0368148259515719 0.0377633787699258
0.0544438418369946 -0.0419645873921387 0.0353272827514514 0.052107788441556
0.077469103853858 -0.00714649532797435 0.0131515006016299 0.0789905898953476
0.0591225600845963 0.0622026069326856 -0.0380608876141687 0.0810586039749945
-0.00162255925194411 0.100866553287479 -0.0757164517561098 0.0528075841325678
-0.0496118624750757 0.0991691416248563 -0.0627955938985628 0.0443082510967272
-0.0610163561627671 0.0832022936204792 -0.0261478552675979 0.0123772803809637
-0.0163974300805284 0.098744232976143 0.0580789086613627 -0.0154152934026173
0.0432933622501957 0.0676124557063332 0.0170588002536415 -0.0881472823902416
0.0765249634704198 0.00581057166131156 -0.0611953686810286 -0.0775483956144846
0.0594393197882319 -0.0361534956786995 -0.0858030882433899 -0.00110123400205721
0.0276652116815413 -0.0608314000778685 -0.0492317636465971 0.035177110390573
-0.00907492842318974 -0.0611890467721955 -0.0162975237611539 0.0299731567131577
-0.0166579251526096 -0.055157734568521 0.0041872801926091 0.0221069513717384
-0.0180708602085565 -0.058348749806323 0.022265935064138 0.0101891256753746
0.0136505922004365 -0.0747143947380045 0.040186284815098 0.0126808773537641
0.058541775398322 -0.0563930227056275 0.052980776316836 0.0302197094745231
0.0912673292216603 -0.0205015646244344 0.0383681365004255 0.0701570099063883
0.076569491419762 0.0651931332469762 -0.0127322976635055 0.0823603626454989
0.00218064038462845 0.114812547815392 -0.0570082321353108 0.0460656402927151
-0.0573736231237644 0.111850313996246 -0.035958854209738 0.0161149630820748
-0.0770729453668144 0.0791366320016903 0.00709369523672592 -0.0188989051369434
-0.0371258397360057 0.111954180990774 0.0766173343915978 -0.029675234066696
0.03840547849048 0.0896778219865803 0.0411370144911401 -0.0893394498085644
0.0895455961580199 0.0184829275188974 -0.0339373898275309 -0.0856618786730325
0.0714090514385366 -0.0381154780402214 -0.0647148583409741 -0.0227949926353921
0.0340004187668135 -0.0674179488823203 -0.0415174906417182 0.00607144077713049
-0.00810054081580544 -0.0686991114146512 -0.0194411554269165 0.0023748061688861
-0.0185576777293026 -0.0589727269503523 -0.0030822322156334 -0.00160560668027425
-0.0202675880131491 -0.0594624659415382 0.0155982833152965 -0.0139066239377014
0.010228323588672 -0.0751389824205178 0.0397785537092606 -0.012993642844284
0.0548722354869697 -0.0603176152660265 0.0633410253623774 0.00521408115131876
0.090765783825846 -0.0273060214399447 0.0561422854956427 0.0556561345730041
0.0789093243918338 0.0615148230949051 0.00740362289572564 0.0757718359316679
0.00247078699651443 0.111385263857559 -0.0418284844084142 0.0357223596826283
-0.0585615743727626 0.106911916859881 -0.0104423646763008 -0.012973279896838
-0.0773657086462329 0.0608474123023903 0.0453730327279371 -0.0479401969286534
-0.050962059858469 0.0999427174876591 0.0938948347470415 -0.0435476150304962
0.0230112012090843 0.0916056478981328 0.062720903734292 -0.0829317118222209
0.0818276621358537 0.0278031217671362 -0.00477360170656626 -0.0844696331866535
0.0695622463535061 -0.0315417721811539 -0.0369177861170552 -0.0409440609687265
0.0334306339234902 -0.0609939931229019 -0.0300679492719341 -0.0232298041592167
-0.00665494081852339 -0.0641469538447432 -0.0212624310053064 -0.0250371175010697
-0.0175545646441972 -0.053836213324579 -0.010497375545791 -0.0243774978558539
-0.0195392125938949 -0.0523547140582135 0.00875695636062007 -0.0360150932714456
0.00716184599126551 -0.065083121544406 0.0369889311347542 -0.0360004828039614
0.0464643078435751 -0.0542126076452561 0.0686280580803177 -0.0152365253370678
0.0801769687188281 -0.0247929101657829 0.0665751708440472 0.0410589806593979
0.0672803692802883 0.0556413571270147 0.0206668391116617 0.0660113739771091
-0.00366417166039135 0.0953677989648788 -0.0300077880376955 0.0249043090165658
-0.0558721527412735 0.0851816709009237 0.0123631332390099 -0.036682314871919
-0.0612887977716649 0.0318410854563593 0.0785556578571631 -0.0698612559537832
-0.0500910080806367 0.0666197114492748 0.105893202502931 -0.0536123149837006
0.00643131436768998 0.0707972717537491 0.0763541691552092 -0.0731029678639098
0.0571828022589319 0.0260548922578815 0.0184832582929749 -0.0772076297104899
0.0510795978667343 -0.0210214673729941 -0.012871005347847 -0.0531498096565936
0.0252812452936031 -0.0435681575603956 -0.0194529134605774 -0.0468615668988569
-0.00457070778679707 -0.0471033462970992 -0.0226591401191187 -0.047066474519525
-0.0136591951548898 -0.0400169172444482 -0.0160962790219805 -0.0429736391356121
-0.0152076366056566 -0.0388426619190185 0.00343925821244473 -0.0532556002522466
0.00500219725461376 -0.0480318186539436 0.0352600313972881 -0.053340462052644
0.0353939421995363 -0.0409612610470731 0.0722371586085648 -0.0290705846121549
0.0630247368335435 -0.0159612843272872 0.0722822709941641 0.0312914710026763
0.0472436752371184 0.0485343372570365 0.0279425505879834 0.0579704308128832
-0.0130989856707134 0.0706024615225138 -0.0212632903035138 0.0163321801777111
-0.0495686666861785 0.0524428537797868 0.0318668245577862 -0.0515285125922196
-0.0332558555821948 -0.00205291109688498 0.0984979319654501 -0.0826242654976588
-0.035072440453339 0.0207190958395386 0.10758854597016 -0.0607009799165703
-0.00585545333916202 0.0326451788772031 0.0810533064221701 -0.0677796905310089
0.0223845031018882 0.0143602651157076 0.0292271030795562 -0.0716117679372313
0.0222106516635517 -0.0089020945368422 0.000514292919824449 -0.0605375801606076
0.011488932942667 -0.0186618916322887 -0.0148286941411014 -0.0608980009211401
-0.00196324685875436 -0.0220151410499791 -0.0244317495915483 -0.0585251803111026
-0.00723266936087214 -0.0198320962547483 -0.019290383089051 -0.0542335581027395
-0.00848267622376337 -0.0204635786768524 0.000346693148714281 -0.0637198605770587
0.00208372894421373 -0.0270328249749506 0.0358369259878726 -0.0647565854811466
0.0206268082986178 -0.0261616125018049 0.0768297927945071 -0.0372387342589677
0.0410754673781213 -0.0063373236137343 0.0761896620335483 0.027301512222423
0.0242590098691604 0.0372631260494662 0.030754314297581 0.0545380828667974
-0.0194217877105223 0.0394287048841218 -0.0148334900990856 0.0130600862718225
-0.0369092623495788 0.014042852326887 0.0463830420366408 -0.0560924990368424
0.0129191618920179 0.017418824912738 -0.0525257012747776 0.0684939881368654
0.0129981009299344 -0.010340144120928 0.0297829519091884 0.0071728969398516
-0.00523145164849014 -0.0117196924439502 -0.0225177910351687 -0.063405218005765
-0.00980156974828621 0.00399932376153207 -0.0850152023373259 -0.0371060828758508
0.000965953813531997 0.00842276370572091 -0.0888366751350364 0.0386146697034779
0.00311422402936052 0.00269318967261435 -0.041405135155704 0.0787533716507639
0.000960920966108646 0.00187806491732337 -0.001180031823266 0.0732136933582284
0.000949557523688049 -0.0031417742365006 0.0209870710025865 0.0615619700319077
-0.00319124211351128 -0.0051882081994359 0.0295880843379137 0.0592842810351967
6.03517762111318E-05 -0.0100000550465084 0.0224880500998757 0.0641955649836109
0.00928446253316646 -0.0059051100775944 0.00179757326669718 0.0676670487915953
0.0107013145420802 -0.00162481116701166 -0.0252741998091812 0.0702572047605586
0.0147935382260667 0.00757659699863119 -0.0721619982871915 0.0634434354592213
0.01352172153436 0.0211594921130223 -0.108090382455427 0.05438751000524
-0.000956856563097336 0.0320957555391833 -0.100604230888344 0.0786960764145823
-0.00875571192280911 0.0483383214492068 -0.0555812273629682 0.0589493600760315
0.0115144672926187 0.0274439277116752 0.0329608137509506 0.00440733213540688
0.0163182567974312 0.0088823972044697 -0.0174634989468036 -0.0695578982736542
0.0183068310709337 -0.00191675733148171 -0.0851322383821756 -0.0466687547323566
0.0189951417957414 -0.00956296839018679 -0.0927100200869695 0.0326233096882194
0.00924587859790607 -0.0210088214780758 -0.045944491980978 0.0723599756791627
-0.00511559263499512 -0.0216950433191787 -0.0049138181068037 0.0673379833121718
-0.00647003099553523 -0.0244187548490509 0.0179525522086175 0.0549713548355665
-0.00834350263875391 -0.0292151538390765 0.0301268377133547 0.0495131882264614
0.0105399087100123 -0.0392033338950923 0.0300189286297178 0.0560456136710938
0.0370919799535751 -0.023792427544409 0.0165778659410818 0.0646309630146076
0.048161102501901 0.000655433983616063 -0.0100233497366043 0.0765760462804753
0.0352464032718063 0.0421524844058772 -0.0584554180936083 0.0723744757796652
0.00105358389356222 0.0669008408512203 -0.0918035657098476 0.055078812598738
-0.0294587965908398 0.0692326956410954 -0.084647924136415 0.0663866453165711
-0.034366954964735 0.0709872910816697 -0.0465998406734652 0.039172851478707
0.00347460167934876 0.0658002981687736 0.0432507177332647 -0.00325418682764822
0.0342203425220092 0.0355439849150252 -0.00470756924334448 -0.0792329397951301
0.0488003954350738 -0.00266061380482281 -0.0779310230703958 -0.0604206763196126
0.039000964528843 -0.0259913004747099 -0.0926475004340053 0.0197501464400278
0.0167367590392064 -0.0435447277432292 -0.0483534286082636 0.0576642900971467
-0.00907103969817983 -0.0433267226158839 -0.0109276558750341 0.0522824044519147
-0.0126450879239157 -0.0419585523758168 0.0119295985706874 0.0409825535371803
-0.0137053372788667 -0.0468012511234347 0.027697070049972 0.0321417491333054
0.013565500365536 -0.0615353637376026 0.0371822345884385 0.0367490017955163
0.0523920915512212 -0.0430531455293076 0.0361658665214499 0.0511745062358379
0.0759890174402606 -0.00893835260150485 0.0143990362743617 0.077749154377236
0.0597474732684926 0.0592613045712205 -0.0361487553549925 0.0800881747542746
0.000271821423483228 0.0991096158071437 -0.0734736225617953 0.0528850871642123
-0.0466890702482165 0.0973900965897135 -0.0613800538756943 0.0448510352935313
-0.058608658869668 0.082450274633277 -0.0247837741572068 0.0126971453565725
-0.0132576602186012 0.0970044440614595 0.0579560957587452 -0.0157099856278229
0.043484152073253 0.0651240059693698 0.015578633792905 -0.0862145330877828
0.0744947002794684 0.00365655430658926 -0.0607985010315535 -0.0750923587386539
0.0575603373038829 -0.0369330159691597 -0.082690742211411 0.000641487849819362
0.025268343397606 -0.0601145244254773 -0.0469551308294957 0.0350826827455268
-0.0107679724929545 -0.059358795499143 -0.0155424429115951 0.0297927710790423
-0.0172908308882255 -0.0537988327929976 0.00477585739037691 0.0214661322720141
-0.0187175391048875 -0.0561796220359296 0.0223050078577541 0.00990302275838296
0.0110386563287792 -0.0732870767645251 0.0408205781300116 0.0117711808982497
0.0565462543356018 -0.0573262814682285 0.0528740362277452 0.0288286112054043
0.0888050855546832 -0.0223685480575789 0.0389334853637537 0.0684936329943587
0.0768885472756566 0.062442455232604 -0.0117619220814617 0.0803021821104569
0.00479570022050674 0.113526850839709 -0.0550132504726316 0.0461021367950701
-0.0544358221535642 0.110162840529362 -0.0359018028624646 0.0167295784058956
-0.0743565281834615 0.0785572517041686 0.00728975162438048 -0.0181288358412593
-0.0337301684706248 0.110206323491592 0.0749921266485041 -0.0297073530818095
0.0389543831759443 0.0870788663211208 0.0393733493219773 -0.0871292191577138
0.0869552703939244 0.0161063246477882 -0.0342102648898752 -0.0833781691065603
0.0687723588500997 -0.0394831312799844 -0.0623616826921936 -0.021149062161017
0.0314121342980934 -0.0668755981291143 -0.0402280848756077 0.00665241205769007
-0.00998496717393974 -0.0666451747921514 -0.0192128014368481 0.0031464197652668
-0.0196849413294562 -0.05704761967502 -0.00319017052408575 -0.00143821047851034
-0.0214022704059552 -0.0575109237439521 0.0148842965816324 -0.0140161043963509
0.00749331988926124 -0.0737705916863891 0.0393553314321499 -0.0132052153729478
0.0523859640565528 -0.060754857149218 0.0625862977074023 0.00410968456075168
0.0879855820093524 -0.0291249702106952 0.0567147296500402 0.053387103977305
0.0789201066656276 0.0582438757186583 0.00811107727659151 0.0734419573830488
0.00482609419301361 0.109625115943017 -0.0406353721049823 0.035391930214974
-0.0557607140268511 0.105191209686533 -0.0113422656663777 -0.0116753094987751
-0.0749312761735552 0.0611705108870884 0.0446358584276233 -0.0473595039735507
-0.0476891200623152 0.0992045570928408 0.0923103527554849 -0.0432082104076701
0.0237873769891136 0.0891605891572271 0.0609676030911656 -0.0816538103435552
0.0801079698634162 0.0255403212240526 -0.00565954467403359 -0.0822749355802601
0.0668551660425782 -0.0327145445409397 -0.0356800622481394 -0.0392031533959923
0.030871245153109 -0.0601546901392939 -0.0297261006435927 -0.0227103553724848
-0.00845856809906359 -0.0616093790272905 -0.0220658118061513 -0.0237453488865632
-0.0185989251322024 -0.0521087412397104 -0.0105059606504436 -0.0233676739132882
-0.0205655226352948 -0.0505304280872284 0.00804297943918656 -0.0353223955121122
0.00482289543767951 -0.0632602105583886 0.0358616250860163 -0.0360222189527971
0.044667849938667 -0.054253387506825 0.0670620617072444 -0.0162989530520428
0.0771408155013194 -0.0260433659563123 0.0664593080545533 0.0391255389819534
0.0670292063700726 0.0527104511444951 0.0214711456036709 0.0636831192128881
-0.00152330356547256 0.0937910301247071 -0.0294309558418919 0.0243835698019045
-0.0534828841962065 0.0843375922300626 0.0107087880496672 -0.0353620403252048
-0.0598597226480203 0.0321823202901133 0.0757942587528316 -0.0693508462603703
-0.0476486684847032 0.0665704668495994 0.103326520416394 -0.053599352287164
0.0074094690223907 0.0687500862868002 0.0746257686715195 -0.0729964962555753
0.0559184231418133 0.0245773499647513 0.0169832882896838 -0.0754654964457191
0.0495959035300952 -0.0217154050260769 -0.0122203652470092 -0.0521575717705238
0.0237155773775292 -0.0434020895689509 -0.0204729939022341 -0.0469320135207166
-0.00594423076312004 -0.045650077814403 -0.0240230252463539 -0.0451215454585113
-0.0142822452093017 -0.0387441461592066 -0.0166718174840848 -0.0412487988365587
-0.0151266599827198 -0.0375198178543883 0.00195471995433231 -0.0517863451507567
0.00382159563424101 -0.0472094256313544 0.0334890184124073 -0.0527238405542743
0.0335067113298103 -0.0413332536393433 0.0701993323161683 -0.0303127336406498
0.0606905717871818 -0.0167979710084995 0.0718664744144326 0.0294227644444343
0.0472360250828171 0.0465846153014341 0.0280799399313846 0.0558487274189264
-0.0115548786814861 0.0693783507221035 -0.0209675620621739 0.016339010324992
-0.0478339593227714 0.0517048492376776 0.0291168964131655 -0.0501828275589744
-0.0323650125361995 -0.00148573990441596 0.0954654445903404 -0.0823376212932832
-0.0337007012740678 0.0209016137286932 0.104508596198032 -0.0604041763906847
-0.00467155314575937 0.032306046638244 0.078815930667533 -0.0677419413819797
0.0219968631852003 0.0135555864688297 0.0279944885329295 -0.070359912383675
0.0212475603198877 -0.00934388342138707 -7.30478414161402E-05 -0.0597311888470875
0.0107228844066646 -0.0185573472563342 -0.0161894376044594 -0.0601443347716173
-0.00253707706306966 -0.0213965526717269 -0.0254732960059734 -0.0568549593988723
-0.00734804229134864 -0.0191692115843793 -0.0201777313324951 -0.0515320665191957
-0.00864694821522453 -0.0197856875825175 -0.00144768072859848 -0.0621006457925033
0.00166336435905294 -0.026541007274111 0.0336199434293106 -0.0636148021448711
0.0195610349372324 -0.0255793511206676 0.0743547287353446 -0.0387570079247883
0.0394043511516253 -0.00697968485765899 0.0754896273251272 0.0255368867352191
0.0237882904651822 0.035626076889782 0.0310290420118543 0.0523093149778071
-0.0187788622527489 0.0384434382956689 -0.0150353389187401 0.0136494137535369
-0.0358378271987654 0.0139450279695149 0.0434184934023324 -0.0553259574254481
0.00859014477507525 0.0182580610636452 -0.063228589983413 0.0570133870589714
0.0134879076728856 -0.00698215786957568 0.0286317232178977 0.0132843381699998
-0.00186192232314344 -0.0118898876997769 -0.00902172740220686 -0.0644719450842868
-0.00866156558802125 0.00123691850372011 -0.0750011855585511 -0.0515265714366388
0.000361893295296356 0.00687631029832143 -0.0928179903450858 0.0210313170516989
0.00288849969280769 0.00213900134014182 -0.0545638213127259 0.0681212290848113
0.00103063964649156 0.00140519651083401 -0.0154001402273664 0.0711073984081217
0.00164163146913022 -0.00356695756704913 0.00837457157151649 0.0623409660042277
-0.00213353055883272 -0.00587492093029657 0.0171559358904875 0.0622882544707305
0.00245839522636744 -0.0099337201581762 0.00922610082214908 0.0659118374284646
0.0103565580234072 -0.00395166351434245 -0.011922592786131 0.0654007455843245
0.0115894457381543 0.000717903847032108 -0.0384998587591687 0.0617084245678816
0.0123399517520866 0.0116298417112919 -0.0833417401895688 0.0474706613970762
0.00846572910925516 0.0238802722034879 -0.116961556596299 0.0324550318702774
-0.00798475675810283 0.0301462031310388 -0.116173337374409 0.056388874869737
-0.0179861413347014 0.0425513705086623 -0.0645097249507238 0.0481610096597082
0.00643472035328738 0.0280775651361113 0.0310073616255317 0.0110995619560069
0.0143324205095619 0.0116388497119061 -0.00380783416997144 -0.0688680183290639
0.0185019427690751 0.00119982098737836 -0.0730457122939458 -0.0599465959580639
0.0210689397701837 -0.00668553823945882 -0.0951476615277128 0.0146557247370739
0.0124814282835913 -0.0188790389311933 -0.0573994655779013 0.0615065232459115
-0.00079648973214863 -0.021585378991776 -0.017999188353431 0.0640047278604355
-0.00119804436670198 -0.0249192722942836 0.00627586354657233 0.055792476623334
-0.00207464460997913 -0.0295534619250893 0.019395620047822 0.0532416270773453
0.0173468953468819 -0.0360476589062889 0.0190090234223038 0.0584464150613365
0.0407619108769895 -0.0156973591021698 0.00425686590821304 0.0644480935169591
0.0459737266047404 0.0111162822232326 -0.0238417787743401 0.0714249862499737
0.0248493239832928 0.0490724304526506 -0.0704334520026259 0.0594326366802737
-0.013180799194524 0.0651152148153496 -0.101972427477936 0.0360608493171331
-0.043582188476174 0.0599260164710031 -0.0974329967220872 0.0479724108759937
-0.0469039393987546 0.0596049723973314 -0.0526263697925494 0.0304288610113843
-0.0086614670985668 0.0632749135933297 0.0405796357881342 0.00483689475041418
0.0267287640583841 0.0406604909003229 0.0102559723213445 -0.0748690322113331
0.0464263945611439 0.00587938689999549 -0.0637997449132622 -0.0716048121325272
0.0424446943444984 -0.0182983164995773 -0.0924444869057959 0.0024213115961386
0.0240946013757154 -0.0384416313510599 -0.057032766129117 0.0473301240259991
-0.000653063025177049 -0.0424284786082104 -0.0201719042458672 0.0485408236376676
-0.004200061772906 -0.0433413133610461 0.00367477845763421 0.0416343905691723
-0.00377471036010001 -0.0477903722461281 0.0202569699384249 0.0359090300389101
0.0242350590343426 -0.0568124207772835 0.0300636571648719 0.0416202634180039
0.0593012727776485 -0.0312700548044727 0.0263348224989607 0.0547601320689637
0.074318918118974 0.00750220609292514 0.000444070825036855 0.0764571301209775
0.0448705321103564 0.0711471436402219 -0.0497114487923014 0.0718043654465701
-0.0203562302661658 0.0963710816202114 -0.0835319663875743 0.038486192083586
-0.065835433103727 0.0829951988924861 -0.0704403864441074 0.032351972855934
-0.0717003503197416 0.065589274082269 -0.0272268975295914 0.00858874140630326
-0.0299578269278851 0.0898450164073132 0.0561927681999309 -0.00469621178300381
0.0293937813211239 0.0706855271017214 0.0299110891917613 -0.0776926073100176
0.0697406408124106 0.0167101452625079 -0.0445552847083607 -0.081986332600879
0.0624653065603296 -0.0250587330275895 -0.0798680460126577 -0.0136164659863586
0.0354056252569663 -0.0533393565728033 -0.0512387792505395 0.0257989037625932
0.00022954183819901 -0.058404648134669 -0.0205073301547039 0.0253636205076962
-0.00686522350625304 -0.0553819437196646 0.000533535109755678 0.0214688782304351
-0.00693476098753654 -0.0571271918227437 0.0196968996068471 0.0132455934049532
0.0243659399005446 -0.0685067583124808 0.0379207192585543 0.0185730449382494
0.0653920683448868 -0.0442134781403066 0.0470627672558875 0.0360805317679621
0.0891444975056584 -0.00323725926416381 0.0267964442213811 0.0725735073232257
0.0608789445941124 0.0775356949272006 -0.0250768323159831 0.0774558858890667
-0.0185213100275057 0.110437151875404 -0.0648854864648886 0.0353733265557379
-0.0753014883811009 0.0941108739700328 -0.0393900264214098 0.0102963328976104
-0.0856517167619654 0.060330357630017 0.00961298555663969 -0.0152770226298218
-0.0511898147444364 0.0994718145978655 0.0753484936795377 -0.0157194921016149
0.0209771279961686 0.0907128204645081 0.0522639472523856 -0.0746704361493957
0.0791567164495697 0.0311727362778969 -0.017474514894852 -0.0841671810968593
0.0734070817163603 -0.0241216083678763 -0.0561924000268254 -0.0304312803740536
0.042234004314106 -0.057856311508459 -0.0389806468155413 -0.000989555483071878
0.00183558792669274 -0.0657077987387661 -0.0193153371740731 -0.00132977619997708
-0.0082122698998573 -0.0590186993499651 -0.00253554463969989 -0.00148660067249537
-0.00940364154374417 -0.058365312778246 0.0173170183454253 -0.0110822316806301
0.0212398011456741 -0.0686776610474863 0.0414014788267612 -0.00574981097529624
0.062255635305856 -0.0485894521487173 0.0613857247127173 0.0144459916896612
0.089214948084006 -0.00999202452266344 0.0466823327140808 0.0615974517159351
0.0638077443486732 0.0735341787344355 -0.00396135465225536 0.0741034238689584
-0.0180249644357741 0.106646979747135 -0.0481877551554799 0.0280176369444072
-0.0757682451125543 0.0888745165523828 -0.00950948388401828 -0.0129746353522485
-0.0826651092961268 0.0434680852820412 0.0502607554329635 -0.0372747929875078
-0.062104409233095 0.0865496681175 0.094213348634657 -0.0265268140674081
0.00639347340223936 0.0903186373799594 0.0715962181559959 -0.0655894566716223
0.0707310836441052 0.0391686613211715 0.0102145350775762 -0.0778517246865807
0.0696397610204267 -0.0180465831314974 -0.0270969344589257 -0.0439175171277264
0.0403466012208551 -0.0517307229824782 -0.0236445659164951 -0.0271393014785213
0.00248492375013032 -0.0600696515097173 -0.0168212508457504 -0.0280941988399113
-0.00807150749354726 -0.0539911038970093 -0.0054009149964359 -0.0236643847620982
-0.00935221511690261 -0.0514628240118171 0.0143931672270324 -0.0328523736257694
0.016770309397003 -0.0596500202405779 0.0422545807140552 -0.0276859768559173
0.0530841585457724 -0.0434113660737874 0.0691382349283084 -0.00435633158337887
0.0782749355762175 -0.00939013312501941 0.0593972530756181 0.0497871815732919
0.053350932599625 0.0657899934523267 0.0102890839670809 0.0669746734787896
-0.0210067717031679 0.0904194897952525 -0.0353057435336058 0.0195768297832216
-0.0691166124621001 0.0695462361568397 0.0172162515648407 -0.0318468249369056
-0.0627820624594819 0.0200099531690418 0.0854052318679746 -0.0524218832328571
-0.0567101399321559 0.0557838197034386 0.107705136282859 -0.0338486826939166
-0.00573683325820174 0.0679740321713183 0.0837316205301247 -0.0551179642083435
0.0482854952390462 0.0338697471500196 0.0302917742569899 -0.0677934109569652
0.0506888846263968 -0.0107991860742065 -0.0016233802687666 -0.0516183581152845
0.0303544089357696 -0.036280571602407 -0.0104798424371563 -0.0482871401220443
0.0022076651489484 -0.0443439277494477 -0.01447774412514 -0.0487263177388233
-0.00653566581553959 -0.0401380970676138 -0.00802230538651636 -0.0421199010710892
-0.00726430607838906 -0.0380006096275176 0.0120152398461477 -0.0494081427229803
0.0121670955393112 -0.044022193704605 0.0428560419973636 -0.0443303187626427
0.0398733160479088 -0.0333659070785086 0.0743989111897194 -0.017058811800666
0.0606273263299102 -0.00450740798931734 0.0655358611388201 0.0422333986277231
0.0356923291879682 0.0548441977939046 0.0176637112985763 0.0609379114599039
-0.0254297563825547 0.0642012948596966 -0.0255242955182142 0.0128107905061151
-0.0567130794989902 0.0393987459833807 0.0387928974960035 -0.0432050628114682
-0.0301223661751178 -0.00607692150615105 0.10741626599984 -0.0616491040939808
-0.0359087594299877 0.0156096220892292 0.111499557649721 -0.0396983315068433
-0.0107113157563807 0.0313174510955844 0.0874435243503459 -0.0496615640877785
0.0184953798634769 0.0176034676000835 0.0398278472778122 -0.0615558859559465
0.0219695300721934 -0.00401999851065153 0.0115329372020693 -0.0571769845914566
0.0135664595340668 -0.0149375647233731 -0.00462738867302565 -0.061706762803658
0.000998570686454994 -0.0205502079240673 -0.0140964928228458 -0.0604711405541585
-0.00350372597800805 -0.0199148201205011 -0.00922554552789943 -0.0530904610059497
-0.00372801570993852 -0.0200492800657041 0.0107987129826908 -0.0596370881095376
0.00651937057635006 -0.0247531461458507 0.0449029134019817 -0.0541477711295911
0.0234533450192825 -0.0205097820861539 0.0796063863209407 -0.0234602628605988
0.0386502148063819 0.00116399242592761 0.069580390985021 0.0395147580385212
0.0160322504248841 0.0395879135229247 0.0205218907877086 0.0575112287627109
-0.025803686796509 0.0329669766741699 -0.0184488523097059 0.0102059548413688
-0.0375082435639468 0.00558700018696021 0.0538922252277067 -0.0452347907284984
0.00859815129689975 0.0178344823856087 -0.0604503412202157 0.056891164780695
0.0135377639105561 -0.00738937796021348 0.0288666222969535 0.0124982995372982
-0.00195417113837862 -0.0117361379098167 -0.00947920279129039 -0.0626955934126974
-0.00874958092828645 0.00122183842713901 -0.0741894992346794 -0.0492860676466567
0.000832986502906757 0.00674949971160605 -0.0899348948688878 0.021632467903112
0.00324519497254595 0.00201869211982364 -0.0512708030209379 0.0669410712180768
0.00115886173507192 0.00103501992710205 -0.0128889838008455 0.0695056980966604
0.00168225968454177 -0.00371526650821752 0.00957593339560921 0.0606725020606664
-0.00183508626787296 -0.00545407861262714 0.0185248680491047 0.0603984841725068
0.00249094339273088 -0.00962996669060249 0.0107483951017784 0.0639040213410067
0.0100634642882946 -0.00432750783428121 -0.0102271629811459 0.0640352020959459
0.0114901231792221 0.000640733702786012 -0.0370331413081703 0.0600344685159911
0.0125165832311055 0.0113762366082535 -0.0808747411180957 0.0468197815340123
0.00872351370163647 0.0228178670663186 -0.112923151396868 0.0328971273990492
-0.00776112255308197 0.0290692580271284 -0.111529607229401 0.0562213936982065
-0.0168744418948372 0.04162094946715 -0.0615374208197873 0.0478310343076027
0.00664621085996844 0.0270424606840869 0.0315416352298405 0.0106537729444694
0.0141879802412791 0.0108841117554476 -0.00368632375846459 -0.0668151009497792
0.0177901756138923 0.000279951960163017 -0.0720564883923729 -0.0572326336882394
0.0201475508188587 -0.00700302201374846 -0.091985589201995 0.0158453598785507
0.0122203360411761 -0.018926163458406 -0.0538995035389288 0.0606679368497177
-0.00141964733606987 -0.0209368644056047 -0.0161323118717371 0.0625739897130884
-0.00193235579097415 -0.0249203224446656 0.00752452689158863 0.0538478810760191
-0.00277078094525434 -0.0291816064010057 0.0206321973541585 0.0516874468234901
0.015984644521212 -0.0351820854870445 0.0197594172181324 0.0568014351990317
0.0392753920528303 -0.0167187822145882 0.00465850076599671 0.0632415866952709
0.0452172391802665 0.00948522699138993 -0.0225443641542282 0.0689888472300869
0.0250556590717153 0.0475883772374717 -0.0685137097225212 0.0584771678790112
-0.0118393528539688 0.0634849943097244 -0.0989260303093225 0.0368110764491056
-0.0415267520003533 0.0585012693135591 -0.0945073868761586 0.0486144615787777
-0.0449522602041402 0.0583341821915321 -0.0504050149109729 0.0305701246189196
-0.00721890053071522 0.0614046203873027 0.0405515982656825 0.0043165329115909
0.0263560551311131 0.0387798317433851 0.00942833174066407 -0.0721993164942774
0.0452421816716541 0.00458422583747548 -0.0626125049186185 -0.0690060090184033
0.0408800303472279 -0.018689383686763 -0.0892487507324174 0.00397621770924788
0.0229207816183811 -0.0381363477514691 -0.0540477321351799 0.0463272751587511
-0.00209627003628425 -0.0411232854500714 -0.0186997383769946 0.0471435637451788
-0.00525438391964227 -0.0422984927731545 0.00427406688197287 0.0404879759400682
-0.00514895004307487 -0.0460275864594818 0.0207079382595918 0.0345497428078262
0.0223162018420568 -0.055770945175657 0.0305425536461922 0.0399491656252523
0.0572280713738085 -0.0321985671741893 0.026862675255097 0.0530995148984469
0.072093292892043 0.00524333212577281 0.00181112726367987 0.0744340195452468
0.0452227697708529 0.0690097282994862 -0.0478953455091714 0.0700470575075621
-0.0177914353089431 0.0941525277062321 -0.0808241507604329 0.0382999527869458
-0.0624330609549985 0.081647133447167 -0.0683247692051776 0.0327436793302114
-0.0691665489032577 0.064700114576291 -0.0259238548881674 0.00922348746734841
-0.0273801889042108 0.0881770819493467 0.0557529858639565 -0.00487777798927336
0.0296184876617965 0.0681060859188357 0.0286694595888594 -0.0753669122381108
0.0677165973335219 0.0149953691639518 -0.0436592393716847 -0.078694655109164
0.0597483715865626 -0.0256416514107739 -0.0765045201314309 -0.0120388517795426
0.032780071476109 -0.0523870546569324 -0.0486484252842811 0.0256177274561615
-0.00113565122055272 -0.0566161807141565 -0.0194967477029022 0.025155787938411
-0.00797430559116426 -0.0538290830755515 0.000953150892520512 0.0207396534833636
-0.00803511220527731 -0.0554009897887174 0.0195262507374557 0.0127110775510246
0.0218575059413532 -0.0667734120738271 0.038016481459234 0.0171156625187377
0.062899765818088 -0.0451143645456937 0.0463001093996221 0.034325298360616
0.0863861917799903 -0.00549731772457912 0.0270321884938979 0.0703781557111291
0.0607518240183594 0.0742733290095261 -0.0238742716613277 0.075237112358806
-0.0163993916983371 0.10801881931319 -0.0625286550870807 0.0354694933247793
-0.0715296098604319 0.0921739934951769 -0.0384516148096506 0.0109956788354076
-0.0830826646745736 0.0594858048141597 0.00975286582883847 -0.0151073637172753
-0.0477023677792315 0.0979044683805791 0.0736190924925952 -0.0159372381962771
0.0219681539362396 0.0881709931574922 0.0504662590050822 -0.072890206512653
0.0770444469882148 0.0287545915718382 -0.0173528592589241 -0.0815619786988516
0.0705209617258467 -0.0252029902814854 -0.0536850264641132 -0.0288862742834142
0.0394332073364116 -0.0572150059182273 -0.0379707628876491 -0.000705823334703274
-0.000160771574308726 -0.0630384648824902 -0.019252550271281 -0.0011605338791201
-0.00925723446104895 -0.0573390292204698 -0.0022061180632588 -0.00123842405465513
-0.0100789842214401 -0.0563174328691673 0.0169601038299834 -0.010559418585695
0.0186410944534615 -0.067645400723536 0.0410878340153364 -0.0067147065717698
0.0592336336326795 -0.048651431878067 0.0600762056428577 0.0129227747478292
0.0855917103786798 -0.0119040799917384 0.0473427768453598 0.0594062062934971
0.0633526745577315 0.0700450591401738 -0.00316603095735458 0.0715034172182155
-0.0156301960842356 0.104717207604779 -0.0464046956438647 0.0277744101703294
-0.0720877071115919 0.0873198356771186 -0.0097545980561312 -0.0114178118360846
-0.0801513150953063 0.043125687836329 0.0490588887515157 -0.0360440799997525
-0.0589209887007835 0.0855939052041836 0.091942754952091 -0.0263041001766616
0.00729555496003788 0.0883494766355085 0.0685317502029848 -0.0641201122622834
0.0688055946113965 0.0368275846497537 0.00905350541181513 -0.0753256801409475
0.0669773375630653 -0.0188138567509117 -0.0257486547915747 -0.0422183879489326
0.0378842714208979 -0.0507533717156229 -0.023551800281948 -0.0271332023765903
0.00125782637333662 -0.0578987320568421 -0.0171671603704961 -0.0268002307150195
-0.00905497909640492 -0.0523959189152266 -0.00555488896245147 -0.0231474167636343
-0.0102679979710412 -0.0496384026788967 0.0133927248735138 -0.0316981361011278
0.0149685353735329 -0.0583116919551901 0.0411537303410729 -0.027733557655535
0.0501800991358628 -0.0441536196848012 0.0674163549034013 -0.00579269727176515
0.0750285384089517 -0.0110586038497768 0.0583808267787373 0.0474991804788713
0.0531086333482858 0.0622354619954315 0.0108567970804539 0.0644570496132415
-0.0187912365831918 0.0876439640764249 -0.0339964419163987 0.019175735052084
-0.0658345970303828 0.0680812989317048 0.0150877167765818 -0.0308096786276716
-0.0610206213412065 0.0202515620760644 0.0829616775480695 -0.0519727825017816
-0.0540286881489101 0.0557207675209658 0.104482347160119 -0.0336988976110952
-0.00460536422938838 0.0670388161364786 0.0798998938915462 -0.0540608882894627
0.0472603618790323 0.0325754149204648 0.0294256240898882 -0.0656704769605872
0.0491781948949718 -0.0116419228973355 -0.00110860456455911 -0.0503831462679419
0.0282992655253887 -0.0359746273818778 -0.010940941810061 -0.0482405084510284
0.00116866134733023 -0.042946636550902 -0.0157377944333384 -0.0471918600635007
-0.00743903146971061 -0.0387564091208951 -0.00823944633494737 -0.0403853099463583
-0.00768903085311285 -0.0365212108748235 0.010651593060505 -0.0484112331922514
0.0110373085481957 -0.0433172057595825 0.0411994222994639 -0.0438317075266597
0.0380659659718178 -0.0330708882202203 0.0720785929860818 -0.0180056459051402
0.0580125003418618 -0.00557753568545465 0.0651222397756257 0.0400396190444865
0.035541050039671 0.0522979391312366 0.0178392894603062 0.0583779948464011
-0.0236849581553039 0.0627326811191426 -0.0245313618293498 0.0130408081359819
-0.0545727273485036 0.0386304490927205 0.0361398982851281 -0.0416889439764492
-0.0292403694355889 -0.00545890079636445 0.103257833441338 -0.0612874008786832
-0.0344763576512882 0.0157986672651022 0.108308939093273 -0.039447353590732
-0.0100554392795216 0.0310039918166665 0.0848186618773683 -0.0491799833666707
0.0178220289187733 0.0171468491258472 0.0382653452879846 -0.0592914632473994
0.020844888752124 -0.00439501738189941 0.0108682580842664 -0.0559387325673097
0.012837886416158 -0.014463074737259 -0.00602444654133702 -0.0603620227455345
0.00102281445035824 -0.0197474483909768 -0.0159119470647364 -0.0588706870858584
-0.00375188902865131 -0.0196323980108263 -0.00987673688077878 -0.0509429880512794
-0.00405003960097374 -0.0192924576843574 0.00969392777144423 -0.058039232582694
0.00556306837214318 -0.024394877204084 0.0424656211257434 -0.053795275346247
0.0223919051400796 -0.0204606930240045 0.0769413500726553 -0.0241397319789677
0.0371995392232755 0.000282051123676138 0.068929034188167 0.0367274510956961
0.0160486751345265 0.0376898152778222 0.0208542868906471 0.0557496150565513
-0.0245817746221335 0.0326106507110232 -0.0185190564040113 0.0101587653196382
-0.0369847906950263 0.00579537188620251 0.0503965935984713 -0.0439200525437096
0.00869188920546402 0.0177635920714162 -0.0587090470564745 0.0556362036088392
0.0128706124403832 -0.00753615915376105 0.0300262205810582 0.0120533707872548
-0.00183626888891213 -0.0113776479086062 -0.00877408845546757 -0.0602556341586358
-0.00840963515327277 0.0012942204786334 -0.0718772588237951 -0.0473668290851698
0.000659170138573353 0.00626690961785941 -0.0874686315823736 0.0211941083611427
0.0029418837625132 0.00166922299136938 -0.0494938971517436 0.0649007321540974
0.00126110754753231 0.000713293773162459 -0.0113948630523287 0.0673098550566543
0.0017288524684197 -0.00417559003415922 0.0102130991199527 0.0581651594937552
-0.00166434398070243 -0.00569195491737947 0.0190839286944051 0.0583311224592312
0.00169807168852038 -0.00923421303418843 0.0111977269541258 0.0625436326648383
0.00987177006960914 -0.00458920516205381 -0.00970363212378809 0.0626650267076811
0.0110054506767994 0.000674042583080116 -0.0359190191410878 0.0578382117474569
0.0123870325959291 0.0110790489243621 -0.0793418898036282 0.0454469049800651
0.00847392037072469 0.021876615802822 -0.109561829608628 0.0311622931193833
-0.00740976816075435 0.0278582487868501 -0.107927715910608 0.0543277587782796
-0.0165487383182585 0.0405530444299258 -0.0596901795073862 0.0465701606298726
0.00662478324709229 0.0261560140392981 0.0322951047219594 0.0106175234321169
0.0140805240747255 0.0105917657808527 -0.00316927666672348 -0.0645949345511526
0.0169475057521181 5.96959081410045E-05 -0.070189102567016 -0.0553008341927641
0.0196692867334627 -0.0073507816002513 -0.0892673185413318 0.0153305022991812
0.0115929755283048 -0.0190072554337472 -0.0517823524782189 0.0588179373808552
-0.00130622286520332 -0.0200787201959856 -0.0145323209587017 0.0609754864075244
-0.0018619290081892 -0.0244773785880458 0.00793806184695872 0.0527492432971676
-0.00298882497689508 -0.0280756450621118 0.0207087938539112 0.0498357860793733
0.0151841972995081 -0.0345060293613144 0.0204785755424821 0.0551281923585512
0.0380544912491211 -0.0169733681433837 0.00528434933299592 0.0621060930091097
0.0441416782853984 0.00887369714550754 -0.0219540513386939 0.0671972390571262
0.0247324441397578 0.0460894872042012 -0.0673048521024495 0.0567141596678392
-0.0114354818673538 0.0617829290818653 -0.0957938393188196 0.0353760164334501
-0.0408621732944319 0.0560418876195991 -0.091185552111105 0.047132516703349
-0.0440671054016078 0.0567698852877543 -0.0480347010821303 0.0299632229202312
-0.00645020159927636 0.059405763813414 0.0406253108625771 0.00469867052028927
0.0254265775037603 0.0380312061569754 0.00973526676735767 -0.0696245476175134
0.0435898542353804 0.0042928286076372 -0.0606755938417827 -0.0663992974379999
0.0394062784077157 -0.0185284811497521 -0.0861006135899551 0.00411937105184444
0.0215345553036715 -0.037573864926498 -0.0520989023881481 0.0450624754129285
-0.0021797312719868 -0.0399005511211754 -0.0178126131752259 0.0463423748569197
-0.00537148072225466 -0.0412018873188382 0.00470719239874089 0.0392962512205815
-0.00477762798465858 -0.0447041228083624 0.0210024840345428 0.0338772800739441
0.0209668657638142 -0.0544497800419511 0.0310623514391391 0.0391047976200413
0.0553361918504525 -0.0327992513107747 0.0263110075086575 0.0514807151383382
0.0701404360459111 0.00471188319343321 0.00186603681799403 0.0724297386199894
0.044086116869166 0.0667088492903996 -0.0470268518897786 0.0678801544305278
-0.017113724329242 0.0914671359608638 -0.0779652053568394 0.0368797481123962
-0.0614039552677613 0.0784803980795659 -0.0666217918386988 0.0321224888109932
-0.068109442934345 0.0630899384013824 -0.024567599742137 0.00864086865863089
-0.0260223810048438 0.0856779361743147 0.05551019448354 -0.00404273621270771
0.0283964285258293 0.0663967153007688 0.0284635147772826 -0.0727098907353154
0.0655045332425732 0.014274029004207 -0.0420884223992036 -0.0763419765719258
0.0576952398587492 -0.0257650957076173 -0.0737498829627889 -0.0116731400718967
0.0315679410271317 -0.0513417610905489 -0.0471327235348979 0.0243568482041178
-0.00166111375881427 -0.0545197396987121 -0.0189906479589182 0.0245806267602179
-0.00799553752411078 -0.0521073758623206 0.00169614031945238 0.0202939831086554
-0.00828716145509376 -0.0535462801310027 0.0193973059602503 0.0121870147020062
0.0200602321392733 -0.0650943819042703 0.0379182650358949 0.016384244085657
0.0606184469584451 -0.0448223012391476 0.0458310379058342 0.033681031107624
0.0835460388454087 -0.00643730542326624 0.0275585206385341 0.0681254208129757
0.0589641069198972 0.0719346702840948 -0.0232233138927546 0.0727886120880591
-0.0154440989104657 0.105183489878538 -0.0603927584210103 0.0342984156677276
-0.070008860286495 0.0888396119955479 -0.0381005341096974 0.0114595106554653
-0.0812874597794169 0.0575185925544321 0.0101645734428524 -0.0140140037864207
-0.0459194130056374 0.0956102420815685 0.0725024214200164 -0.0153497206998049
0.0208068127726429 0.0858341940898231 0.0495387611594019 -0.0703001037021271
0.0748871655220756 0.0274215833643 -0.0165557102389636 -0.0787711404591893
0.0679862148445701 -0.025159765510456 -0.0510857148035441 -0.0281287503892755
0.0376136215863696 -0.0558521355626871 -0.0368819383353877 -0.00115138864733436
-0.000210052159489081 -0.0605729383909017 -0.0188590424184873 -0.000916003326410578
-0.0099025369464391 -0.0557798459150275 -0.00180232665160156 -0.00147448985111824
-0.010165494230562 -0.0539016948855871 0.0164313182920343 -0.0103259702753659
0.0179217584072461 -0.0651573576755706 0.0402481571474445 -0.00684840216888326
0.0576194389583491 -0.048050341868563 0.0587737319773549 0.0119925593192059
0.0827091883864692 -0.0127482933401378 0.0461254003401357 0.0574602198394024
0.0620496715295504 0.0678337102274506 -0.00329257180945926 0.0693932124652162
-0.0150421665230895 0.101449708864922 -0.045321923876005 0.0264395650129375
-0.0698256670768784 0.0838761496420533 -0.0104454973184079 -0.0107317074759914
-0.0781979726845168 0.0420780766792548 0.0484083806587843 -0.0352594742696089
-0.0568658837429278 0.0837795442878889 0.0898455701621216 -0.0248410607740715
0.0071014644237323 0.0860477520537774 0.067300288592293 -0.0615867026094813
0.067112075099813 0.0355588372891743 0.00960763088060714 -0.073219435604346
0.0649187099705385 -0.0190494951292182 -0.0234940359049847 -0.0409682079956393
0.03629793835579 -0.0497075943838581 -0.0234631749836926 -0.0268238535790998
0.000583707712918515 -0.0560152647584419 -0.0176108848507862 -0.0264075254991462
-0.00955138365594951 -0.0506762065531345 -0.00530488945202416 -0.0222646841903874
-0.0101384277833884 -0.0475486557585714 0.0123173962232442 -0.0303682047151917
0.0135376481866823 -0.0561482196631348 0.0405895824332082 -0.0272332418254651
0.0484446966822395 -0.0429361483206652 0.0653321110807675 -0.00613779813071638
0.0720538918758222 -0.0115038719543396 0.0578775987759797 0.0462339509454259
0.0519771267236455 0.0604028203004888 0.0105473917437945 0.0618170354943057
-0.0181384321939968 0.0854597599160945 -0.0329697655352412 0.0189012875480216
-0.0640645444246511 0.0653888315654762 0.0139330314190665 -0.029296245662788
-0.0592783974801349 0.019776115206498 0.0813255414299543 -0.0502768034306719
-0.0520228457974377 0.0542932018335781 0.101745544092436 -0.0325624680248974
-0.00444943784502185 0.0650983182533463 0.0783165546979427 -0.0518754686700843
0.0462100674372004 0.0313059305949296 0.0289442913750499 -0.0628286033749464
0.0475258800681686 -0.0115511058384141 -0.000220247892597644 -0.0490164511749809
0.0272931382824766 -0.0347020550589373 -0.0117289759830771 -0.0469356259530734
0.000747459232409548 -0.0409303621929578 -0.0165020413493174 -0.0456175548518663
-0.00785286255402261 -0.0375916255544158 -0.0081038083280387 -0.0388042977119675
-0.00784467070947136 -0.035073478081766 0.00939264758450654 -0.0466277735808476
0.010037267303097 -0.0416078060121477 0.0398599982997517 -0.0428327048608914
0.0363924278312477 -0.0330211912657237 0.0699426496750698 -0.0185043336821349
0.0559751749322576 -0.00603653127636115 0.0634818748338899 0.0382939206015442
0.0348859598400603 0.0502573249685552 0.0172033351547794 0.0563153501274762
-0.0227875677426155 0.0608509390265322 -0.0241277533578967 0.0129492791014615
-0.0533163482743896 0.0377319264155224 0.0340297708586953 -0.040202805040295
-0.0281272971625376 -0.00552765123722271 0.10089895866506 -0.059002726492606
-0.0335255586557101 0.015628122709907 0.105494212308758 -0.0377321617606378
-0.00959362216975506 0.0301453897376359 0.0821868896404915 -0.047317836121142
0.0178295778874865 0.0165295175336169 0.0377392811181446 -0.0571891227620758
0.019984288549688 -0.00416903245675796 0.011414779855408 -0.0540569159574198
0.0122716782708475 -0.0139779535292692 -0.00666821306425599 -0.0592549436830548
0.00051333011257777 -0.0190688190271835 -0.0167022293981852 -0.0566611094921695
-0.00354809647124611 -0.0185789779680061 -0.0096418359669003 -0.0490731790897681
-0.00414682362833378 -0.0183624511149264 0.00903334663900547 -0.0563064582899506
0.00574117758022489 -0.0235470843777552 0.0411249462154922 -0.052278376619128
0.0214524703264919 -0.0195336017625845 0.0744027556569468 -0.0242736823609066
0.03499703450454 8.64173634538418E-05 0.0669628315418465 0.0356783147477732
0.0155166981327231 0.0366964008083507 0.020048106740829 0.0535447120667189
-0.0241971685407589 0.0315284612661768 -0.0181680589639722 0.0105512081833202
-0.035985784590956 0.00594117400031922 0.0481195892059388 -0.0426598235007522
0.00819054553056739 0.0174599011605699 -0.0579355798912872 0.0544351212334512
0.0126325591641071 -0.00707565997302956 0.0297104027029681 0.0125827308467194
-0.00158152826074373 -0.0114716498912534 -0.00734616227112616 -0.0594040197278609
-0.00809999955258209 0.00129843262564101 -0.0704120965183383 -0.0470506133585229
0.000756295107462633 0.00544220079963276 -0.0866599457358598 0.0196551769815325
0.00316883037176773 0.00135011032962132 -0.0484644860659578 0.0630383601144453
0.00115781840823114 0.000701213159133562 -0.0110331641809023 0.0659504777453153
0.00142146314735132 -0.00402801752596229 0.00961735528534545 0.0576677865228756
-0.00109416365603224 -0.0058139970762896 0.0185658179203451 0.0573978012832969
0.00226662301957527 -0.00935354264264766 0.0111918141782222 0.0615116824368801
0.00989789208201841 -0.00441597145990377 -0.0103448044969658 0.0615654255028749
0.0104502778877133 0.000433734353404958 -0.0371781970723429 0.0562536100766607
0.0118844557488368 0.010966608877006 -0.0788650136708322 0.0430039501741284
0.00753437175989985 0.0214202102760441 -0.107733367220946 0.0286359214924202
-0.00863468600173999 0.027266254045108 -0.106652943838208 0.0514578777410623
-0.0172713938776057 0.0391617007974208 -0.0586267196752495 0.0452964636004599
0.00624113955988175 0.0255180824469822 0.0325285845226808 0.0110809902500861
0.013230858423064 0.0101486810434559 -0.00190057677597633 -0.0628185688573297
0.0167218944502007 0.000168401520355671 -0.0676250941547767 -0.0549245721624836
0.0194135332351125 -0.00714269864237318 -0.0875954605345086 0.0143123507562708
0.0115421696202606 -0.0186097099100825 -0.0510484044081876 0.0572155359331137
-0.00130728070361979 -0.0201935082675398 -0.0143057489133709 0.0596204870156904
-0.00210495894319642 -0.0243652302978173 0.00786229214514184 0.0516959177363039
-0.00217385815191389 -0.0277008144387785 0.0206473385788992 0.0490971914411151
0.0151825070822877 -0.0339140576451965 0.0202511586849585 0.0545501631022156
0.0380090868120512 -0.0165141492232339 0.00424201918514007 0.0614228553857427
0.0430611988030676 0.00946783920126793 -0.0224078220388187 0.0653311325262118
0.0240274274849708 0.045450022662329 -0.0672406513902602 0.0541109855917342
-0.0118688077950839 0.0602063131975633 -0.0939655629072949 0.0332394334708222
-0.0412898578297376 0.0536043494465707 -0.0905429262164959 0.0450116395993297
-0.0446351315223888 0.0548730460336085 -0.0473506845195664 0.0287275453727114
-0.0069363593328977 0.0586889948517895 0.0407310658262657 0.00547556490931309
0.024055506381636 0.037074487317237 0.0108348077064717 -0.0681556676345954
0.0418694953397822 0.00399072065577776 -0.0581553258631372 -0.0662741271384879
0.0390489275372357 -0.0185954618849421 -0.0842228964628751 0.00250065154889607
0.0211091770389676 -0.0370328190039189 -0.051210145011255 0.0433611061611207
-0.00225746238540984 -0.0394733439916162 -0.0177877780571927 0.0451965224480381
-0.00515189645039968 -0.041118886231575 0.00500154000877828 0.0391687859014354
-0.00485404632879004 -0.0440125503989253 0.020657993857313 0.0331396262076789
0.0205992832241629 -0.0529381212847725 0.0307763007478059 0.0380308311765881
0.0549044893031411 -0.0324670516547321 0.025302701397052 0.0518441627539616
0.0684030483273649 0.00446174149200652 0.000966762010286671 0.0706148078490916
0.0429886469088417 0.0658171757981132 -0.0476352234228589 0.0657001165142283
-0.0180001174287252 0.0901086354653483 -0.0770356980282174 0.0349596742047085
-0.0618950094862195 0.0750066667448961 -0.0659932625950433 0.0312975045365447
-0.0680733186736062 0.0604519999137496 -0.0234876519818945 0.00848026448336188
-0.0261415251417672 0.08437363517157 0.0553343418829155 -0.00336316105465601
0.0270209689490472 0.0654793643910706 0.029725873408154 -0.0699954576339554
0.0639446320746214 0.0144789905978452 -0.0404519019624668 -0.0751916574751474
0.056549691836132 -0.0245964867022661 -0.0711894248584775 -0.0129529276983805
0.0310301794083948 -0.050199088073788 -0.046417087182649 0.0232246674343434
-0.00164286295157374 -0.0536170220780114 -0.0192553103032279 0.0240613054701573
-0.0079738196676634 -0.051834134334645 0.00181476016450259 0.0203767707468073
-0.00795341287472479 -0.0529413158767212 0.0195072561154616 0.0125649213309626
0.0201125074540175 -0.0636966058484565 0.0376838504351483 0.0163675134826584
0.0600774897907197 -0.0442202253738657 0.0446189313204381 0.0337055570535084
0.0814703319034479 -0.00543887537358699 0.0262925522747292 0.0668840236245135
0.0580868645946763 0.0709528957060066 -0.0244001279630272 0.070478929884542
-0.0159734017751671 0.103661550719034 -0.0596494054083886 0.0323732721604082
-0.0702613218167238 0.0850675373126255 -0.0375666548608378 0.0114420422611694
-0.0810640589937679 0.0556755617264354 0.0106194188331373 -0.0135147750721869
-0.0457436699841527 0.0929953441316934 0.07205530777991 -0.0136848528954695
0.0197796159700721 0.0845985103108485 0.0499378071314511 -0.0666530692739932
0.0727930949796917 0.0278821558333318 -0.0143407204387365 -0.0771265780089271
0.0663551789487681 -0.0244835925785665 -0.0486469717927907 -0.0289237925577972
0.0372669448541862 -0.0545655837266136 -0.0364591506057342 -0.0023843007123031
-0.000334503428773199 -0.0590687943329547 -0.0191246112909719 -0.00105353795536627
-0.0093946411961099 -0.0548633600761647 -0.0017846767471438 -0.00141354974453439
-0.0099143590003121 -0.0530718164410415 0.0161196269453025 -0.00990759129443142
0.0172174352180519 -0.0639080477056289 0.0400898660730023 -0.00665079372636503
0.0564926537864307 -0.0479619023242225 0.0574227692335014 0.0123316487652009
0.080363479035342 -0.012214595902884 0.0452295964248361 0.0565221569908907
0.0602526588486288 0.0671222810465279 -0.00438367934935268 0.0669929549860327
-0.0154667623672176 0.099764922494427 -0.0448039898164298 0.0255115461324396
-0.0698211213730411 0.0807993024039408 -0.0103907223226764 -0.0100216898532743
-0.0779022883457952 0.0400989429631779 0.048373672769005 -0.0334891094477109
-0.0565827266796921 0.0816084834656238 0.0886286632151003 -0.0228999486407944
0.00611849199867135 0.0847419803861171 0.0673293085182222 -0.0587920618897919
0.0652670488823892 0.0354299580912689 0.0107873727685276 -0.0711857944585754
0.0637579798244532 -0.0183873144779651 -0.0217329255714406 -0.0407675600727377
0.0359742603731063 -0.0483802602150948 -0.0230697812151307 -0.0272360119698006
0.000971115261553386 -0.0547945037699919 -0.0182975346270799 -0.0255376100993764
-0.00945083189657968 -0.0498867804389284 -0.00534301659024047 -0.022145642799187
-0.00952309255140258 -0.0466581150524203 0.0122660349918899 -0.0299247579122564
0.0137429128173102 -0.0551128491412496 0.0399750096853619 -0.0269905603318745
0.0474152785109314 -0.0422490445180358 0.0641538446477031 -0.00514045730049051
0.0702709840682653 -0.0110694291336828 0.0565804787772774 0.0455507719492909
0.0501195809790104 0.0592341033378834 0.00898940302127038 0.0606345267244889
-0.018549898302331 0.0837824068777337 -0.0329857662977975 0.0180957992983041
-0.0638905585990571 0.0626383222737592 0.0131570315251496 -0.0275573892912358
-0.0584386409223329 0.0185864364218412 0.0810553644549366 -0.0475810315768376
-0.0512630843442428 0.0530045348480665 0.100731296182143 -0.0298399621014199
-0.00497117518011108 0.064257420399621 0.077734483096329 -0.0494148350142696
0.0447683155906838 0.030946598253803 0.0300236611546769 -0.0615495344963644
0.046505184922382 -0.0109492945537918 0.00106678949431024 -0.0482980803535969
0.0269904245643343 -0.0338328703313748 -0.0120940395138763 -0.0469721870408106
0.000909322700614993 -0.0397960010248092 -0.0167697330003977 -0.0449781399805515
-0.00757585520123847 -0.0368013102175802 -0.00743761130566202 -0.0383494891123077
-0.00726114022801517 -0.0347588673518737 0.00959312053687148 -0.0452645017803693
0.0101278440005164 -0.0403994568861692 0.0397720740756628 -0.041858460282263
0.0359361596870673 -0.0315961781643712 0.0685588100131106 -0.0170348870916438
0.0538198301754652 -0.00554520140356013 0.0624058493329708 0.0381005463823966
0.0339992171885507 0.0494684186155306 0.0162129149158195 0.0547787823259343
-0.0231421690613737 0.0596772292507056 -0.02421871744533 0.0122784687575782
-0.0532361781549474 0.0358408964583985 0.032591672875866 -0.0383822455492301
-0.0277066262494152 -0.00561054628353785 0.100632585115241 -0.0562528967676343
-0.0328264709947509 0.0148000143559159 0.103372234415704 -0.0356075056044704
-0.00891705602714055 0.0295702333435461 0.0813405309082816 -0.0449247616632975
0.017490185912239 0.01603363261074 0.0385758045731193 -0.0548589718481919
0.0194468510732483 -0.00366577362318728 0.0122220585609476 -0.0533586190222144
0.0121771082396565 -0.0135792483260527 -0.00724725926913729 -0.0581369162199818
0.00113570167550558 -0.0184045030871886 -0.0168221090058909 -0.0557775739195124
-0.00398352654349985 -0.0180332495166407 -0.00936104470413668 -0.0479796593729875
-0.00356725927167111 -0.01815791590231 0.00928076132215278 -0.0547817168286556
0.00544431705015726 -0.0228540876670397 0.0406047405508825 -0.0505463864241057
0.0207150245581011 -0.0193127588730921 0.0732389413229254 -0.0230101993883538
0.0340237331020152 0.000283640370976163 0.0658234186100452 0.0353102733617295
0.0144391904254645 0.035796513188894 0.0192686359394343 0.0523850410940527
-0.0244529741771931 0.0301438452904858 -0.0186899520132937 0.0101844585046441
-0.0352938186988251 0.00572478259097756 0.047085895171453 -0.0405817283746646
0.00802299296276743 0.017811642290025 -0.0584692267971676 0.0541123882275493
0.0128604996354316 -0.00700502066135397 0.0307940762631295 0.013211592888423
-0.0014458289812151 -0.0114495479387986 -0.00600093177982648 -0.0596268703805357
-0.00822314634641468 0.0010844157030275 -0.0694393583887617 -0.0483473506608501
0.000146000607466991 0.00564690583675124 -0.0873908491597571 0.0180487233341362
0.0030983940164732 0.000900553873870344 -0.0491697084481547 0.062357501001247
0.00116967533351973 0.000660273196939897 -0.0113407828054206 0.0653512995408294
0.00142319398321941 -0.00427378825275101 0.00896709388525894 0.0577128787835779
-0.00147821665339923 -0.00597370152815497 0.0187331779091811 0.0575495134424698
0.00231324754799768 -0.00970225737962064 0.0104365678716104 0.0619841386269959
0.0101424211274456 -0.00464281352874553 -0.0118542619837551 0.0618587651905541
0.011040641077742 0.000593415670407889 -0.0386475211435761 0.0550063658182094
0.0121596700208061 0.0110308689545054 -0.0808644324015252 0.0410723529515973
0.0075244381861042 0.0210503492454829 -0.10813717614631 0.0262145570026293
-0.00956486119569769 0.0265365423972504 -0.10744021288791 0.0492398097827169
-0.0182175772280324 0.0394557537597527 -0.0593390573597027 0.0445410514118296
0.00577195436708364 0.0252274260647938 0.0330148642668441 0.0115884010553893
0.0128709032362629 0.0103797653558094 -0.000479070233458225 -0.0631956084578602
0.016124174796641 5.28337984555918E-05 -0.0667512560338142 -0.0563208424875994
0.0190778562100883 -0.00759377212675247 -0.0881484763799843 0.0125741590873441
0.0113402047081114 -0.0190028216940057 -0.0519332426653164 0.0564857913813471
-0.000920645984638344 -0.0202079378940779 -0.0147760035039616 0.0588188934618981
-0.00201121213798192 -0.0246406308263694 0.00749359446621833 0.0517460990335845
-0.00211084671920407 -0.0276518936172888 0.0206072260756788 0.0493985551827723
0.0157619345232141 -0.0339447493820388 0.0199896811709676 0.0551997877732664
0.0382195612835296 -0.0169176398848943 0.00332466332593209 0.0622970746944053
0.0430460080241026 0.00931705354284706 -0.0236179398805826 0.0646548530153741
0.0236451024657395 0.0461056070867345 -0.0687746683274843 0.0524984842790819
-0.0130811731932233 0.06009133579637 -0.0947295612125559 0.0315140701006845
-0.0431179939186131 0.0522334914664381 -0.0913020245676142 0.0438364866242948
-0.0457590925956359 0.0542614569552936 -0.0476739850557052 0.0286250925880288
-0.0077872461390275 0.058304894358081 0.0418901681126322 0.00611877998257334
0.0236377301026033 0.0377882574165372 0.0131660254246748 -0.0673378469474196
0.0419240287409487 0.00477934390011152 -0.0574490613283586 -0.0671566008212615
0.0391769908506947 -0.0186501227795726 -0.0839538141525959 0.000805719525692778
0.0214869853147919 -0.0372129688540257 -0.0518273805206439 0.0425073447539068
-0.00197373550232581 -0.039443602747224 -0.018523598476105 0.0448940292933102
-0.00521313898124397 -0.0412641276646105 0.00470290436950462 0.038418315558219
-0.0041978284447152 -0.0439242189112155 0.0210419784097238 0.0334947319391066
0.0212433799452526 -0.0532470165995205 0.0306436485072485 0.0388033398488277
0.05489476863879 -0.0322953415946286 0.0253161683323197 0.0529091215564839
0.0684913530435811 0.00518674863946839 0.000501969705108651 0.070849089367953
0.0422343224864212 0.0664904904739928 -0.0495386340049865 0.0648754713537535
-0.019036858912917 0.0901310801547298 -0.0776882615324788 0.0335394186823312
-0.0638112762116479 0.0735899187550476 -0.0667385549640679 0.0306709691195472
-0.0697575553054296 0.0597238241644903 -0.023379416614016 0.00820804487554252
-0.0274659088138417 0.0841065939862234 0.0563773861783122 -0.00180887980437655
0.026031289726354 0.0662855062097827 0.0315913173764138 -0.069184641417728
0.0634716559703932 0.0150917656991392 -0.0383592166324576 -0.0762786609690908
0.0571132686329833 -0.0243445519444507 -0.0702880637149646 -0.0147737322932512
0.0310792553194057 -0.0502322871965882 -0.0467463847461439 0.0218166072325768
-0.00145164184931029 -0.0536227012443236 -0.0199690280962439 0.0238119218327467
-0.00789501220809944 -0.0519428170206873 0.00193821300670262 0.0200363353108118
-0.00726378093508171 -0.0523617978098014 0.0191738751055419 0.0128018163912575
0.0208842308778855 -0.0637495690887143 0.038482567034453 0.016263829016947
0.0603237505163679 -0.0444165850773944 0.044737788207043 0.0347723603388003
0.0814966168062148 -0.00501105640978505 0.0260112453871718 0.0676573171795355
0.0575463886291603 0.0716409904703638 -0.0261926727154292 0.0693948348273046
-0.0179220480976079 0.103462573843256 -0.0603753084552365 0.0314152470407234
-0.0725160002036422 0.08341321679133 -0.0380584139862286 0.0113796828537488
-0.0825113540558254 0.0534195501230165 0.0111396437050123 -0.0136156934526224
-0.0467768048577009 0.0929310184007714 0.0733721832847622 -0.0117096795150315
0.0183853226954132 0.0850280341282939 0.0523593056556084 -0.0657720789302688
0.0723276416534075 0.0284671936579374 -0.0130188176324635 -0.077678753802626
0.0672086825155811 -0.0235307563456894 -0.0474071798767436 -0.0301073305975342
0.0377100514391376 -0.0545635615655266 -0.0368721842326835 -0.00365982717268308
-0.000205634725809816 -0.058941455653987 -0.0198990138471769 -0.00121710752458106
-0.00889936787326656 -0.0549931886211197 -0.00155654472290104 -0.0014635201234321
-0.00927788732221083 -0.0530668378361421 0.016251933102375 -0.00898906780371612
0.0177377772289287 -0.0637846021922682 0.0410176264481212 -0.00669932410741227
0.056953452385055 -0.0478058396630746 0.0574509191359746 0.013258273979203
0.0806450392315519 -0.0113858588401342 0.0453446686817773 0.0571486293745706
0.0597352683421471 0.0676284697428244 -0.00590907481169134 0.0668636377439861
-0.0170822799463367 0.100366522593985 -0.0451132889100726 0.0247947913955726
-0.0717256777442965 0.0794548366761772 -0.0108204751397295 -0.00947806688782638
-0.0794594671925043 0.0386836344175904 0.0497338479314332 -0.0327234351113923
-0.0570504072739728 0.0809236935593809 0.0898838272518838 -0.0203332271372348
0.00491892748557635 0.0848686935730325 0.0689208880297713 -0.056914716923497
0.0647691563278977 0.0359661789395892 0.0127261460775005 -0.0708462414183102
0.0639584209686007 -0.0179792574427058 -0.0197540306462367 -0.0421169771876822
0.0368569895354363 -0.0483435977436714 -0.0234245118757364 -0.0281169232830304
0.000803271220240477 -0.0543619674426215 -0.0189202226025852 -0.0260684105478085
-0.009076165648658 -0.0495748044853795 -0.00431543216826201 -0.0219291593453256
-0.00914887217815112 -0.0465586439639183 0.0131230865312396 -0.0294088598163824
0.0143293592972161 -0.0547203888156698 0.0407231543421379 -0.0271472883687529
0.0478650897874087 -0.0423373119504548 0.0646985074638761 -0.00442388503747705
0.0695733399703389 -0.0101542346162838 0.0565403366613643 0.0464331108229062
0.0498279076264269 0.0597810332991347 0.00763705517379983 0.0605240535884947
-0.0199402372910792 0.0837563096909484 -0.0331797137280988 0.0169660157979559
-0.0649519314202585 0.0612157413033008 0.0130928823734903 -0.0272316073269435
-0.0594977595411162 0.017586135789151 0.082646203861168 -0.0462373420931099
-0.0520719975216867 0.0517641722960203 0.101485376557395 -0.0278564618327723
-0.00563112691886094 0.0643098988571496 0.0797221634836155 -0.0474849760996638
0.0444231437083907 0.0315603758307036 0.0323121774307174 -0.0602154008871481
0.0466964617766771 -0.0106654192473995 0.00331551177662585 -0.0491115440867471
0.0275650999130646 -0.0340729662043084 -0.0116556479357838 -0.0477724183331503
0.00136641623980722 -0.0401174427791886 -0.0170677223975565 -0.0449759957965483
-0.0072363937437739 -0.0369324933583431 -0.00750284095516625 -0.038317024306255
-0.00711170338853343 -0.0341704817919474 0.0106393715722197 -0.0450819382740168
0.010719863480234 -0.0408112051899003 0.0403147517125872 -0.041236522453101
0.0358142517656842 -0.0314804643253635 0.0689916925699879 -0.0161979125487334
0.0537216618738532 -0.00480072459663748 0.0622414454273032 0.0389390871862872
0.0331577666708281 0.0496712653321799 0.015118795211986 0.0544550688599322
-0.0242686533487707 0.058644150611688 -0.0249040471108844 0.0117737832346175
-0.0533607143640667 0.0348266724174505 0.0325533983787668 -0.037585535057492
-0.0279957944156435 -0.00610277620129669 0.102194814736284 -0.0542660715014203
-0.033184376099283 0.0145765373448989 0.1038916260683 -0.0331611389100745
-0.00946929326253088 0.0291340660120284 0.0829674801098784 -0.0430360768995534
0.0170374185722155 0.016302011537933 0.0406374288667894 -0.0539756248826475
0.0196677983092353 -0.00353245343031998 0.0140278456981607 -0.0536527473895945
0.0123591863030587 -0.0132666276484465 -0.00707211092090904 -0.0588900678289623
0.00110744184586323 -0.0181751040938825 -0.0175962979618941 -0.0560850356673888
-0.00386082898931166 -0.0181922925470539 -0.00886823696924239 -0.0485666636923793
-0.0036357385365829 -0.0180938606129779 0.00975211886044253 -0.0546894155601841
0.00602692367381904 -0.0233231345644717 0.0411430535857856 -0.0499017708000526
0.0208892217390441 -0.0184985155591522 0.0737265976202449 -0.0223177371577202
0.0335663074427366 0.000740345587919424 0.0654075745830106 0.0360056234442163
0.0141744806168317 0.0357084240285914 0.0178611689017966 0.0522300011181868
-0.0249050397671029 0.0297176917672605 -0.0190299966911617 0.0100857556055671
-0.0356678910759941 0.00505938135669407 0.0467049525072118 -0.0400020168384052
0.0168139998597832 0.0108188842920097 -0.0138391617494988 0.0782345706096847
0.00594257591239872 -0.0131707801518427 0.0338869530500949 -0.00910486865649533
-0.00814297657339387 -0.0089734421607083 -0.0406197465848821 -0.0462708339381205
-0.00657430143693705 0.00571519164107888 -0.0866990054049449 0.00246812879230768
0.00327753909777811 0.00416988690138492 -0.0602404113919665 0.0681407434122255
0.00283508830128113 -0.00139641980903332 -0.00193379458262977 0.0802190186382311
0.00150274742076002 -0.000564661135617648 0.0310387605693104 0.0599279090061299
-0.0021150592205795 -0.00450366745130589 0.0430009431902663 0.0411252130122433
-0.00433525472215037 -0.00420606645686457 0.0512237866720974 0.0354528323264198
-0.00384453930449095 -0.00914051532000877 0.0471021540931366 0.0445871445130984
0.00599761382574132 -0.00988540545287657 0.0286552993578383 0.0585325909684834
0.00993935568178651 -0.00529918821479669 0.000794360985309455 0.0689186553347932
0.0173664189350562 0.00330708635710683 -0.0409551746522177 0.0834667026609029
0.0184140077518756 0.0144652472430723 -0.0725242742695161 0.0898051515056425
0.00651302396859591 0.0295281467155186 -0.0591363977512316 0.107435187007874
0.00679364657620078 0.0432939580121253 -0.0184029585806127 0.072841793231366
0.0191721337233885 0.0171188189612164 0.0358500788724712 -0.0108513399619194
0.0161025498017495 0.000663328454066485 -0.0361639007696204 -0.0521149226988022
0.0125783863940213 -0.00862369482426842 -0.0890426745386906 -0.00702063794378834
0.011193316160867 -0.016866303141998 -0.0643369415987064 0.0631586012462803
-0.00189757172316431 -0.0219656663132912 -0.00817334551263889 0.0763031448978131
-0.0124765769161097 -0.0160518461895545 0.0240357687770172 0.0573218873097894
-0.0168632046377872 -0.0187905315099575 0.0379492963990043 0.0375135773608925
-0.0185559003354864 -0.0220555071421349 0.0477218177551355 0.0275324409776499
-0.00800458184214177 -0.0375043115649758 0.0506645746358154 0.0329013014383871
0.0214062136901326 -0.037683802376905 0.041020104857337 0.0485509234182014
0.0417720160691355 -0.0175217906642393 0.0189485411210602 0.0678651784681664
0.0492272658911228 0.0259549191282362 -0.0252700643734788 0.0855803255906377
0.0256389194701191 0.0598790015436432 -0.0594503412396432 0.0850280623390953
-0.00533618638316448 0.0725222887950592 -0.049521591351869 0.0905271764781069
-0.00869717955014964 0.0720451533275856 -0.0174635377531381 0.0538763656107582
0.0266537423039983 0.0512304193323085 0.0409783230699452 -0.018786438709536
0.0405152681648014 0.0170469662847808 -0.026244866674489 -0.0633844598819566
0.035850045410976 -0.0190766061565854 -0.0865273361086673 -0.0222356435824587
0.0210210537350866 -0.0373184497264229 -0.0678868863936282 0.0502800094382657
-0.00423410747485319 -0.0428302304205977 -0.0167642476098079 0.0647281085090487
-0.0246195691207346 -0.0300411429489215 0.011779342733082 0.0478964207687449
-0.0294470066667303 -0.0306866089743566 0.0275782207224872 0.0284983330147621
-0.0305726472751068 -0.0338961015908059 0.0387412617945506 0.0146156459227894
-0.0153056939484614 -0.057098876321685 0.0494318026883386 0.013312909105447
0.0261436818037127 -0.061078909205578 0.052092372665566 0.0278011448234738
0.0613058837099175 -0.0367640247876822 0.0426037919373958 0.0575266257376208
0.0786207351221973 0.031659216695124 -0.00210589032826319 0.0827002227261738
0.0400050106049659 0.0896785296073096 -0.045200808773641 0.0756889883808399
-0.00925790362228534 0.10334157685112 -0.0373272430996816 0.0629335109421508
-0.0256876843639373 0.0891696804734371 -0.008940142277418 0.0239683152251839
0.0250823640960991 0.0826845275952277 0.047691904541192 -0.0324132017044854
0.0588717778607324 0.0393020246063163 -0.0109857660001121 -0.0753407071637714
0.0588664527042664 -0.0227592365568452 -0.0751781777483835 -0.0419116435685708
0.0324107572656777 -0.0527245988785206 -0.0654967359134164 0.0285378640927072
-0.00439180473694201 -0.0595420695839079 -0.0249056482573837 0.0443118369468838
-0.0325098035345147 -0.0419622192739504 -0.00311613752287018 0.0311858201112977
-0.0381933482303106 -0.0373775762384408 0.0137680068500584 0.0152793781611786
-0.0387160237488735 -0.0388879330003746 0.0252127103636136 -0.00162397509918017
-0.0219508890308106 -0.0660566885481505 0.0418695928534161 -0.00993998177971774
0.0226309065044127 -0.0750720083669703 0.0567747567003128 0.00117918854376868
0.0659685975257592 -0.0537975325746767 0.0618883859319714 0.0392676148066013
0.0949153718794967 0.0264078329705434 0.0203570625719788 0.0724916023019757
0.049992784608177 0.0995030543596219 -0.0331470619082395 0.0633450404552459
-0.00975434193886958 0.116882486377637 -0.0261229276627782 0.0284836871773366
-0.0396365040671042 0.0919341494687304 0.00614507020267597 -0.0130955317837192
0.0147852912627851 0.101008682033545 0.0554598471509898 -0.0497759869619697
0.0637458318588559 0.0590296099313793 0.00879740308755148 -0.0835178939202649
0.0736366166674002 -0.0173968164820714 -0.0542217637565693 -0.0587827525397167
0.0410941390400449 -0.0578796922762905 -0.0559282979988933 0.00148246948257601
-0.0014887363453882 -0.0665165347795921 -0.0319466453957533 0.0175796878204995
-0.0347502437613174 -0.0470834901118313 -0.0185527154115356 0.0108172405067726
-0.0409439876742393 -0.0388873111251811 -0.00177109961421337 -0.000203198653899403
-0.0398828927140599 -0.0379340077622895 0.00883394949274253 -0.0180368723934423
-0.0247967648899918 -0.064004716985346 0.0304452443765428 -0.0307663423282953
0.0173392556107486 -0.075474263470565 0.0546159128119389 -0.0240272290108642
0.0609558429406042 -0.0585636454318533 0.0713490905186019 0.0191493758741677
0.0943856779586401 0.0210528677011363 0.0350194981862754 0.058224733165556
0.0484965163083118 0.0959395449325866 -0.0247274881887391 0.0484642749673449
-0.0116172185682698 0.112389978836148 -0.0168755104990635 -0.00601789780266849
-0.0455757859475973 0.0766874760956577 0.0246347516952327 -0.051356315232975
-0.000674232573557132 0.0972155850672518 0.0621706939171122 -0.0672394890815584
0.0528854219100183 0.0661281196870782 0.0278395004537923 -0.0861378898710316
0.0721659208061199 -0.00732969311651354 -0.0278718065168941 -0.0679745394232463
0.0414091224651831 -0.0512289632827364 -0.0410376015066493 -0.0244160741912465
0.00118427957247803 -0.0605644561078841 -0.035969380966748 -0.0103877455970135
-0.0317942452953415 -0.0441977722595822 -0.0324551625358953 -0.00956667913181933
-0.0378073878792901 -0.0348615755306006 -0.0168998567273617 -0.0151177815531822
-0.035861412272051 -0.0330549370347116 -0.00662743312373364 -0.0320269321358467
-0.0219422555914981 -0.0544039739537927 0.0175180757799889 -0.0471646089778995
0.0139140941511737 -0.065282325905242 0.0490353197346716 -0.0425167667135627
0.0525900118980169 -0.0512858857438925 0.0740827794788941 0.00305442933180637
0.0809710542207615 0.0203742278607837 0.0418707532279273 0.0442839683858375
0.0356149293828093 0.0832081928991367 -0.0193959563292083 0.0349382215938572
-0.0162933760209797 0.092598867599898 -0.00740915535853468 -0.0342935581362506
-0.0403673757248154 0.0478021599226665 0.0418428546375731 -0.0836684136899215
-0.0127126886798952 0.0707996620806127 0.0665045578057723 -0.080124427938692
0.0327831684978234 0.0550694115989307 0.0410092747479955 -0.0842038126713116
0.0532732221330984 0.000447257150504012 -0.00682662305662609 -0.070137913635376
0.0316563863015122 -0.035623276585673 -0.0259981843279493 -0.043800067970803
0.00251567479258408 -0.0431866391298957 -0.0388633701445852 -0.0324094040131543
-0.0229470437359187 -0.0324703273235571 -0.0432589366029467 -0.0260732617683396
-0.02830660855052 -0.0254853651176862 -0.0293527902582251 -0.0268908152082789
-0.0265508409265229 -0.0247110635942512 -0.0184305177799331 -0.0432464950172525
-0.0161061227603499 -0.0398653686220806 0.00835931480646762 -0.0586018445251669
0.0104117298197993 -0.0486209810326299 0.045787502341166 -0.0552619207425908
0.0423312766193064 -0.0368014117040375 0.0742215456533735 -0.00662935994812502
0.0601408878684919 0.0223198584511319 0.0452784643929154 0.0348306788894991
0.016539373643037 0.0654328382743894 -0.0148353871012435 0.0244698898594756
-0.0229408107292575 0.0627350521082562 0.0030847673262106 -0.0537984501975198
-0.0266015870451432 0.0099377182542404 0.0513312569978945 -0.103793458997561
-0.0182047082656063 0.0293578400863346 0.0649360114627157 -0.0880333593839141
0.00990760602353476 0.0283397619968041 0.0442081650771657 -0.0836735208148303
0.0229159607834932 0.00314833520570317 0.00299883913493723 -0.0698792474362233
0.0137827371532111 -0.0141981087930387 -0.0199858446590193 -0.0534856674979556
0.00214499058572925 -0.0179864222847515 -0.0418253104224322 -0.0441295244173858
-0.010004016774483 -0.0145420895478747 -0.0492240654940656 -0.0345144763352907
-0.014622422245588 -0.0125562696823786 -0.0365939065053816 -0.0340927611555881
-0.0142102686496138 -0.0137754944053956 -0.0251411062353436 -0.0503123681855677
-0.00932316415699502 -0.0227964263743616 0.00351140183407512 -0.0664207647789468
0.00624873704592043 -0.0282231625120255 0.0453094155643133 -0.0625721836901279
0.0291003349641612 -0.0196383809940782 0.0755296209009042 -0.0102002349054311
0.0357385205864564 0.0215349102885765 0.046065888530064 0.0311656160334268
-0.00274230421386163 0.0412405163673788 -0.0106582479753269 0.0197208436352313
-0.0263773740870417 0.0264312684070231 0.0135253569655551 -0.063377051166262
0.0177680674858849 0.0111829319819768 -0.0121858640309179 0.0812552026529364
0.00564727188373823 -0.013623989309982 0.0354348309052636 -0.01086896606164
-0.00866626436387614 -0.00886460525840779 -0.0420403502496815 -0.0463653178361948
-0.00667768550749802 0.00599501357093535 -0.088977409582407 0.00452159255517044
0.00361504032497206 0.00443919153893201 -0.0605197807931889 0.0720286940387028
0.00283421659480679 -0.00147624056106484 -0.000192385745037796 0.0828493819401401
0.0017038801223999 -0.00109597038996675 0.0336142133622697 0.0600322876507262
-0.00254954371898599 -0.00494478107443756 0.0451122850045557 0.0407012554346085
-0.00457309134991422 -0.00431461236488818 0.0539381703340018 0.0337464718164865
-0.00366007299261745 -0.00978383754111797 0.0502159901864709 0.0448030753355693
0.00614093030214796 -0.0104454001004457 0.0310859107135476 0.0598409611148723
0.0104745983807445 -0.00572809812426513 0.00138815889619009 0.0713024612178151
0.0178653617257468 0.00247853705090317 -0.041744469205122 0.0878474959280812
0.0185413443970795 0.0143415508330035 -0.0733489768166684 0.0935480270365912
0.00723589531020965 0.0309703764350301 -0.0590863515110071 0.111036797968559
0.00744000151795284 0.044859711222096 -0.0169625499632733 0.0755553860327922
0.0201032583053684 0.0175400319783549 0.0374094088100859 -0.012718613249436
0.0164832985702173 0.00054283960379512 -0.0374543758783612 -0.0532181051888705
0.0125221698000225 -0.00909282394290695 -0.0915871892106817 -0.00536173353786101
0.010786238227847 -0.0178373976225069 -0.0650089674469881 0.0666587802779405
-0.00275968712991431 -0.0226878612605136 -0.00687097842801098 0.0784150613022689
-0.0134651282467182 -0.0159569081177404 0.0264613115526775 0.057795154416252
-0.0180461028977292 -0.0191720072471457 0.040460878489301 0.0369255438291383
-0.0200282722827765 -0.0219749930004845 0.0508722122617709 0.0263713410729564
-0.00928738052422285 -0.0385666922713869 0.0537052478396657 0.032269794195294
0.0211941972329654 -0.0398996102391355 0.0438043446102341 0.0492647245498705
0.0431133145772094 -0.0190581080897903 0.0203277079742865 0.0690139844934707
0.0515576659416467 0.025770142105803 -0.0253068955052242 0.0892672832220828
0.0277342239230023 0.0616175019482328 -0.059656405464841 0.0879437693881428
-0.00479000034135169 0.0755148069019038 -0.0491838843407325 0.093856955270056
-0.0077850693965286 0.0746048753547922 -0.0162599875010295 0.0558568208767665
0.0285764433138332 0.0521943528767749 0.0418882114221034 -0.0209210599234989
0.041644979167267 0.0170680316691651 -0.0274342929746127 -0.0644648961708677
0.035853871972995 -0.0204353988864322 -0.0891460664863978 -0.0215669590418758
0.0203690306052815 -0.0389630411559474 -0.0690308900436033 0.052746711657043
-0.00599655290750934 -0.0439114314651323 -0.015776223841588 0.0671097938008887
-0.0261260876803441 -0.030655131700577 0.013369018288967 0.0482842621212378
-0.031215829658909 -0.0303868284887593 0.0298500113977814 0.0283282937443922
-0.0324005198689897 -0.0334973673593076 0.040886190378124 0.0131796974718249
-0.0179062562143285 -0.0584662099529047 0.0520649538592044 0.0113854574711693
0.0251322083922979 -0.0644721609797859 0.0553011297998951 0.0274734958580183
0.0614956944984315 -0.0394650538501188 0.0447594639818993 0.0583497775470143
0.0816383574403591 0.0306439072858404 -0.00104653534189729 0.0858007281690161
0.042960517008836 0.0912327066253029 -0.0449425422618622 0.0788593399185255
-0.00837218426600924 0.106717551098071 -0.0376979356963732 0.065693673568058
-0.0254539697083352 0.0927736405887009 -0.00819222105116354 0.0253310881758245
0.0281379735447156 0.08486382702134 0.048388062166723 -0.0352593633712764
0.0613654204936331 0.0391692693140165 -0.0114333144698664 -0.0770087826393386
0.0601707294787819 -0.0248753284240608 -0.0781457810660461 -0.0418298993795112
0.0317159675276628 -0.055406685114633 -0.0669391641960218 0.0302557584222817
-0.00658503943242235 -0.0608355660124522 -0.0250528919424388 0.0459987342026738
-0.0347857963233307 -0.0425223686493731 -0.00212458388625462 0.0327890042220995
-0.0402842419862861 -0.0370067204069803 0.0150686922099804 0.014450217180947
-0.0406962622945889 -0.038755803337023 0.0261748016663059 -0.0023809940154517
-0.0248908141337658 -0.0670349916665804 0.0433785425761744 -0.0119327932823695
0.0210973468436228 -0.0778599620452235 0.059319068290412 0.00012865324437552
0.0663386240178518 -0.0567210187424277 0.0643239379043783 0.0386254152323428
0.0984974601388632 0.0247374752023915 0.0215165691250878 0.0748857122668973
0.0540381253221224 0.101637357358345 -0.0328775662582096 0.0656919502809837
-0.00925693294249208 0.120662857075114 -0.0261840001027438 0.0303225534233786
-0.0397054983668541 0.0957781446773433 0.00630100213969857 -0.0141660328443871
0.0173592267420527 0.103785795493235 0.0557861977223136 -0.0533375032372671
0.0669959236815469 0.0595558521464801 0.00886878517666977 -0.0859646910217032
0.0758599159351539 -0.019656794812436 -0.0564283689871381 -0.0599863863802878
0.0403907039172271 -0.0610546853026153 -0.057641173423283 0.00204298738580474
-0.00364308439559204 -0.0685934653998456 -0.0327835255588671 0.0188484341744169
-0.0374400719947637 -0.0473232453208765 -0.0188441572939191 0.0127323756854259
-0.0432947356029285 -0.0382684762503035 -0.00214005151628908 -0.000779652213996716
-0.0420145275473952 -0.0377490854275509 0.00934748351327369 -0.0187734864545565
-0.0274725992696431 -0.0649886868506115 0.0305480358679399 -0.0331354451872107
0.0156163316167366 -0.0782229986393416 0.0558501101245811 -0.0255312870918296
0.0607877328123336 -0.061316792689654 0.0745618383871911 0.0175902027572695
0.0979122916536386 0.0191110007090735 0.0361528124651783 0.0588483861759876
0.0526774201770201 0.0972235064006606 -0.0250787767487793 0.0503225952842483
-0.0106393238946374 0.116065289485017 -0.0165930951020882 -0.00493905210298019
-0.0456505285092472 0.0803044111661425 0.0249921786004346 -0.0539570355627371
0.00163156955900118 0.100159317418102 0.0630969165610342 -0.0706640119494225
0.0561088399505587 0.067261679049535 0.0280433764350943 -0.0888045687710284
0.074081093803272 -0.00917630585362555 -0.029568975741043 -0.0698854978883057
0.0413098481941027 -0.0541909429254297 -0.042374703983316 -0.0253627797624981
-0.000400104641102729 -0.0628224670390465 -0.0380091505023374 -0.00963514132084618
-0.0336038008200245 -0.0438597059400859 -0.0337893684171543 -0.00784401172462243
-0.0397999136310335 -0.0344479927223439 -0.017843641150425 -0.0149458674696247
-0.0373079444858899 -0.0327084460152459 -0.00733843442129162 -0.0330832131384537
-0.0243160334856018 -0.0554414608285197 0.0168536486661549 -0.0494484666780094
0.0118156173078887 -0.0673869458068956 0.0501013552397777 -0.0451494758281575
0.052619763857985 -0.053487766230935 0.0764041829370496 0.0014927563601341
0.083608871142836 0.0180042668774274 0.0439009592157886 0.0445758193972626
0.038542844645035 0.0849938877226126 -0.0193780189383658 0.0362074248635836
-0.0159274255877649 0.0957018950730888 -0.00811250294636353 -0.0343993734695337
-0.0411333393652645 0.0498353635678686 0.0419670115414262 -0.087016373952107
-0.0117157618941578 0.073188252057628 0.0667593077858561 -0.0836591970999142
0.0348262403251518 0.0557005608423084 0.0416204395223729 -0.0874011139731244
0.0550221522328849 -0.00107338246633037 -0.00718008896916605 -0.0719622336956993
0.0310742641918631 -0.0374685356578825 -0.0274295871675994 -0.0452585890426198
0.00142786206338775 -0.0453475830929782 -0.0413241343219179 -0.0327035823601945
-0.0244218099477103 -0.0328098283155348 -0.0455652912110548 -0.0245284474263098
-0.0297809503924456 -0.0249660454923552 -0.030782494086928 -0.0263657028912558
-0.0281046370508261 -0.02415919865103 -0.0196853658936818 -0.0441562114250292
-0.017916686144202 -0.041364876505515 0.00732825405149365 -0.0610364174500026
0.00975247778173434 -0.0499523114887815 0.0459264993847183 -0.0578987933941705
0.0421987316880876 -0.038372562732054 0.0765753575821168 -0.00820630528225832
0.0625106973240857 0.0209076839718877 0.0463886933985717 0.03526981870263
0.0184748385955826 0.0671503816825638 -0.0147729663235952 0.0261304969477396
-0.0230483946724924 0.0650928290300538 0.00223542617793262 -0.054490292052414
-0.0271046394876656 0.0109528076009574 0.0509436030912207 -0.108419603290958
-0.0179480362703466 0.0308830873963189 0.0648248930012878 -0.0909170739442018
0.0107538348378016 0.0286514743582423 0.0444688300644195 -0.0868970901594493
0.0234427977852504 0.00243403111044069 0.0028069867739435 -0.0718134314717338
0.0132920670689272 -0.015469536899618 -0.0214190848705811 -0.0558085909012324
0.00223984184982491 -0.0187158535201037 -0.0445237424461352 -0.0440642428618832
-0.0107643895002612 -0.0152184403533568 -0.0520047997919979 -0.0337822394254553
-0.0152398081905672 -0.0124123444554993 -0.0387863490887997 -0.0335641136207506
-0.0146506669366265 -0.013083777630923 -0.0271616319234356 -0.0516482299079249
-0.0103475437717117 -0.0230405380667979 0.00221974841546863 -0.0683764828132379
0.00602530566987271 -0.0293284901616055 0.0459345505286803 -0.0656531155318496
0.0293955604709795 -0.0209737708892477 0.0769691497091142 -0.0127427174231415
0.0364816161649575 0.0212335179053456 0.0475125052102819 0.0315052794888956
-0.00159815294980226 0.0426373681307078 -0.0104660332612579 0.0206227344987992
-0.0264104378651117 0.0272931017063226 0.0127049004327185 -0.0640792387022533
0.0185158180754287 0.00994645460691342 -0.00796821935954535 0.0828482741112983
0.0050317782306109 -0.0140398697124828 0.0363061423867049 -0.0133640704598263
-0.00931577530940171 -0.00854689641324247 -0.0445477061789903 -0.0456092339309137
-0.00676735295609492 0.00657018798882465 -0.0899913311025372 0.00832769488426902
0.00355019047907063 0.00433552790317043 -0.0584244047728036 0.0767445012046579
0.00283689372978991 -0.00121013983111922 0.00386507346933788 0.083787922545651
0.00134513432536584 -0.00105286134642871 0.0365225750853028 0.0589241007889202
-0.00305090414289201 -0.00483028151354401 0.0477960048556482 0.0387266529687514
-0.00482300673894025 -0.0046506437685409 0.0569529445684086 0.0312074878366914
-0.00425918938499293 -0.00953021851134519 0.053781251665494 0.0432282319005805
0.00568182078036832 -0.0113629271597283 0.0341713726904118 0.0595446434901812
0.0103761363358491 -0.00608003856639284 0.0034743999769969 0.072540204840844
0.0183199352856867 0.00177060410584371 -0.039047947266109 0.091010654881194
0.018723380197423 0.0137502126213552 -0.0702598164802348 0.0973077597993607
0.00830966916139044 0.0321085189923166 -0.0558885225677245 0.114682017230703
0.00915574395497471 0.0454491681766783 -0.0135705228958765 0.0771807605962837
0.021127542693805 0.0164253066622253 0.0384498410116563 -0.0153893149831035
0.0165219371636587 9.21301789252123E-06 -0.0395880407745081 -0.0524173447589874
0.0120018676136327 -0.0094743291227128 -0.0926005624604754 -0.000922763497788629
0.00999413454322161 -0.0187768934599172 -0.0632210503186427 0.0708120793265366
-0.00400133588042408 -0.0229728647587073 -0.00305245774643486 0.0800292015646326
-0.0146125207293838 -0.0155935036455964 0.0292699552410112 0.057176911204843
-0.0196838638770482 -0.0185372009254026 0.0428070770518012 0.0352754237576259
-0.0214389306004604 -0.0208956646366147 0.0528425455784659 0.0234592365850335
-0.0116557804869882 -0.0391590333189602 0.0565405756075479 0.029872032638997
0.0194565418666107 -0.0414345360358938 0.0475041544973602 0.0487131588628339
0.0429144117334461 -0.0212826360163061 0.0232103998228365 0.0689875274878152
0.0535906726587386 0.0235967368452451 -0.0222051328537847 0.0914843478033928
0.0306485790941343 0.0609778421866548 -0.0573920841883501 0.0911034624614181
-0.00269992305282032 0.0773069879663479 -0.0463042955571373 0.0970044906362812
-0.00530276278222333 0.076631842268341 -0.0140261357520845 0.0572837232151775
0.0312345241564291 0.0516939298462585 0.0421683014093228 -0.0234002277763701
0.0431866788396757 0.0157481108917547 -0.0291914010931018 -0.0647116870279754
0.0354901507580525 -0.0219060522214251 -0.0914211883983816 -0.0181763659438407
0.0185833547364375 -0.0409057679168732 -0.0674228866800433 0.0564957687866343
-0.00846044052153208 -0.0443108030715192 -0.0130446833312033 0.0682384278342913
-0.0276877669050794 -0.0293626689417434 0.0163179982040165 0.048741678970026
-0.0336553353885303 -0.0292503867142753 0.0310660748552056 0.0265606862400886
-0.0345316242514439 -0.0325010850925949 0.0425930573882868 0.0107237737008493
-0.0209956402321563 -0.0590962704777557 0.0536553494812225 0.00886546940819228
0.0221009472681271 -0.0667667661123533 0.0580561197898757 0.0262972725814442
0.0609701889114202 -0.0426650563820626 0.0476504248702896 0.0571288443845157
0.0842228579564761 0.0271723869557648 0.00186029799847109 0.0879336657492774
0.0477584639454831 0.0906923545578801 -0.0426955271614 0.0814906153888676
-0.00531614230537532 0.109501738251735 -0.0351704754844324 0.0678486008438967
-0.0221930291212225 0.095990184905559 -0.00741614162421357 0.0253076545661949
0.0318237145185425 0.0846878420435281 0.0487049827245356 -0.0383742398934435
0.0643399183183333 0.0373217642211466 -0.0134341547591913 -0.0782427095283134
0.0599052441897579 -0.0277923857010375 -0.0810117325282516 -0.0389681467816136
0.0288577778597771 -0.0578757609695047 -0.0662822893900205 0.0334603366195741
-0.00949276099495591 -0.0615543391717587 -0.0236554392141511 0.0478289325526075
-0.0370787330916216 -0.04063506084194 -0.000952002171495496 0.0340565684602965
-0.0430133147870503 -0.0357870563523057 0.0154992608443891 0.0136580883812672
-0.0426129855716022 -0.0367854766635679 0.027063947020969 -0.00489969006234225
-0.0288335552721519 -0.0668181216092137 0.0436242578129733 -0.0148925487575428
0.0172582382962439 -0.0805211489101545 0.0611879065660414 -0.00287477688063743
0.0640479816512946 -0.0600781747896068 0.0664980193053762 0.0358112423824071
0.101288941180388 0.0203807541415877 0.0246562756336524 0.0747869802527258
0.0596372284859328 0.100663721144011 -0.0311927033463119 0.0677104845007083
-0.00493844026639495 0.123167250643746 -0.0253426001639894 0.031861376879131
-0.0370056949728629 0.0993941138728136 0.00602928060591789 -0.0144667734907178
0.022504278233577 0.104547142741392 0.0555434932858824 -0.0560081233676372
0.0712729215210827 0.0576336919651404 0.00693220056066918 -0.0877539386108211
0.0759006699354686 -0.0231795766962039 -0.0592863234072048 -0.0584135947236785
0.0378546909849616 -0.0642755063159186 -0.0584360223287566 0.00394178663349218
-0.00731213128383322 -0.0694311021411594 -0.0333624710641442 0.020660010544405
-0.0396220776138687 -0.0459305263333585 -0.0188472401902326 0.0147526240458642
-0.0459349473571833 -0.0365369678209587 -0.00208290934224963 -0.000433462818246635
-0.0445328387995941 -0.0357777395376077 0.00863932871335876 -0.0199549325324437
-0.0309688159068912 -0.0645378401404411 0.0291986866930009 -0.0358209024097276
0.0121213965345469 -0.0803146632036899 0.0559960214874897 -0.0286624640445652
0.058343710547616 -0.0649270416112444 0.075941025581725 0.0140262306387204
0.100151994690753 0.0145151124231694 0.0387261523184949 0.0588226197053391
0.0575278564813426 0.0963233290915725 -0.0238323236321225 0.0517865322547772
-0.00684918896785079 0.118338747728061 -0.0172480181933114 -0.00337151686147588
-0.043290377335275 0.0841615078575919 0.0234082585951619 -0.056182908039582
0.00607927040219171 0.101319032040195 0.0606947491506741 -0.074297788423523
0.0600519361218517 0.0656052082916757 0.0260407672748087 -0.0910819634564657
0.0748879298326739 -0.0130806379829028 -0.0322304278036546 -0.0700233467702726
0.0389247971262623 -0.0570687611826638 -0.0438366440261697 -0.0252037184371427
-0.00433266787010522 -0.0637648736127008 -0.0396317494363662 -0.00810402831204786
-0.0355827839073475 -0.0431767401159408 -0.0347411051926691 -0.00540589711169195
-0.0424991714246562 -0.0326274415672059 -0.0190745985502421 -0.0142668282735906
-0.039338575121505 -0.0309786522159628 -0.00844167015786473 -0.0328359973376439
-0.0273478183429325 -0.0550726540321699 0.014454238305442 -0.0514990447421204
0.00922184765631089 -0.0690226320175648 0.0491181733454619 -0.0482048437274823
0.0501283478077712 -0.0565037939601553 0.0778903503038813 -0.00265033895494611
0.0858108622905764 0.0148808168138683 0.0454890524040897 0.0432622170742124
0.0433473368120943 0.0846487412524479 -0.0192308938821284 0.0375207296716084
-0.0129008232021223 0.0977660757973842 -0.00947239318438499 -0.0337336696399649
-0.0396708212461286 0.0534499261768119 0.0394292556451896 -0.0905915797232292
-0.00819584899093735 0.0750343950189047 0.0643993824427759 -0.0877419364147919
0.0377985388048189 0.0546466926068996 0.0391576448600416 -0.090346600733837
0.055169878331483 -0.00399354048725241 -0.0093449220034095 -0.0734402772447636
0.0298462695951546 -0.039473070547653 -0.0290464645973169 -0.045722874475059
-0.000789914441818705 -0.046227896958933 -0.0437482409523839 -0.0311082327540585
-0.0261828495414191 -0.0314946938625943 -0.0475215638768863 -0.0214407032210988
-0.031777345140152 -0.0236881274128862 -0.0332405583905438 -0.0252030780008262
-0.0291747583149795 -0.0229816518037659 -0.0221828103630347 -0.0436516856799565
-0.0200574580856074 -0.0405640076205931 0.00414009039739305 -0.0620324341141164
0.00705757270792539 -0.0511051921012652 0.0445697155107426 -0.0604363262256695
0.0406287739278059 -0.0405699871228633 0.077360406183797 -0.0122718008196219
0.0637434600011378 0.0179137104875049 0.0478809362498571 0.0332924888012515
0.0217570913699575 0.067159352191241 -0.0142701088377975 0.0269162200912347
-0.0208417987532481 0.0666965567148664 -0.00034780173376162 -0.0547050497009918
-0.0274156287648718 0.0126535627498545 0.0479281647208008 -0.11249719011952
-0.0165186486882638 0.0316732567393005 0.0623870353366847 -0.0944951153972457
0.0121057628830714 0.0281173167946509 0.0422550436978841 -0.089728940845226
0.0240764545561471 0.000946010909995961 0.00136967747662136 -0.073457230558545
0.0124635617743409 -0.0162676979588269 -0.0237623925149688 -0.0562036807683532
0.00111721504624278 -0.0195077160636 -0.0474886471201719 -0.0422130416149926
-0.0115587793171789 -0.0143069150060429 -0.0544670170668064 -0.0305387223621173
-0.0160611015527006 -0.0114480259042232 -0.0412192777362564 -0.0315708225655485
-0.0153585936860245 -0.0127191504306037 -0.0296163646184866 -0.0506218472546598
-0.0113514085169747 -0.0231609332053805 -0.00142605028289703 -0.0693697400428137
0.00485213016831623 -0.0296526104857201 0.044082954996019 -0.0684876106621634
0.0289401705489601 -0.0224828952121684 0.0777779786135462 -0.0160354706821411
0.0379892507783399 0.0200564955666919 0.0488242768467272 0.0303105734430673
5.50314235281632E-05 0.0432623794977804 -0.0103537689029374 0.0218423559113634
-0.0258459287740397 0.0289092026696802 0.00950190486499918 -0.0650880187007662
0.0185534902835847 0.00934522607395372 -0.0035261736678887 0.0822358244802057
0.00420439513170786 -0.014095247282859 0.0359512393836149 -0.0163246471344165
-0.00957923334789051 -0.00811060326165175 -0.0459887536376444 -0.0437911300194684
-0.0058523054968744 0.00678055607777627 -0.0884733238848887 0.0125755607695249
0.00406939958148777 0.00416530059237278 -0.0542307245162698 0.0794630581259016
0.00270552798598249 -0.00140189083236399 0.00755792406639992 0.0824826406590308
0.000996061253174625 -0.00156912729602225 0.0388593226266235 0.0559638577637373
-0.00337865008330776 -0.00462829600960724 0.0493641507281297 0.0355544988002241
-0.00507396037497654 -0.00384144807559057 0.057997809156988 0.0272411456328583
-0.00478197690369116 -0.00946154003948865 0.0561913935297958 0.0399140176590311
0.0052178920182874 -0.0115884577634209 0.0375599565445792 0.0576446876176457
0.0101286738914161 -0.00642501085544833 0.00590248956834414 0.0716398132650324
0.0184651622617041 0.000976784796725309 -0.0356154140016287 0.0931291493721981
0.0191759746063534 0.0131817903579872 -0.0653840192667933 0.0985480775834748
0.00884788422090176 0.0319077326975857 -0.0513557952915033 0.116017404317437
0.0113693459273188 0.0450037870361463 -0.00894673120331931 0.076598925964847
0.0213322645687159 0.0154574617141397 0.0375836634171185 -0.0180908667856741
0.0160288499685868 -0.000417112282693419 -0.0407590618790834 -0.0506058407226479
0.0116326865599074 -0.00970503071093668 -0.0919544664436535 0.00308897622785882
0.00891985586013432 -0.0189070618023187 -0.0591534345660713 0.0727586728242028
-0.00556924422315227 -0.0221487797083849 0.000968546226015558 0.0793999611777465
-0.0151613573999364 -0.0146387253830816 0.0319777988556903 0.0543285365331142
-0.020468344958427 -0.016942905155643 0.0441067707391313 0.03275505931453
-0.0222444464677976 -0.0197668875408322 0.0539656428787 0.0200515996899068
-0.0140017877245946 -0.0384672309001919 0.0581497634257055 0.0267662412783484
0.0171683005606404 -0.0428715704727499 0.04927906209056 0.0461512004579992
0.0416080125162225 -0.0227885739490488 0.0249901975097857 0.0675861398411
0.0543525153350102 0.0206145297072546 -0.0185977442700128 0.0925471491739755
0.0327972338922611 0.0595508163807946 -0.0528426974266491 0.0924814697715054
0.000346923113624139 0.0772346784332726 -0.0420433720760031 0.0981656392470842
-0.00186430272392286 0.0766923121018345 -0.0107542635955768 0.0569800047604081
0.0333476381199986 0.0493788402557567 0.0413186431658736 -0.0263769623128916
0.0436666370746272 0.0138101101485237 -0.0310133580014219 -0.0632158189253144
0.0341477504045784 -0.0236065585943757 -0.0913877822928613 -0.0139605987056581
0.0163034351708002 -0.0412139187862494 -0.0642676231133962 0.0593119424816597
-0.0110783928805031 -0.0432547881144038 -0.00988741516087762 0.0684441673669914
-0.0287239830442574 -0.0272557436644658 0.018324329166819 0.0472251832069726
-0.0349902509292068 -0.0269405644689368 0.0322857459948963 0.0244432006977463
-0.0358159485316792 -0.0298315231995233 0.0428992054142882 0.00766887021419615
-0.023937730695371 -0.0572221667032926 0.0537509013191923 0.00527787750073289
0.0183615806879685 -0.0672397463307446 0.0592636548133115 0.023172255343118
0.0581658546087089 -0.0454833471914461 0.0489249450548945 0.0538465547513355
0.0855252491020493 0.0229627032930068 0.00540815970229234 0.0874714411854331
0.0519413690647689 0.0880832202810563 -0.0389445192327354 0.0820038245010847
-0.000957471480779626 0.109634449041372 -0.0318350225716003 0.0687542501174458
-0.017937844299388 0.0970687978828736 -0.00606139747452886 0.02576697259792
0.0360979451254172 0.0825074021370081 0.0464477240437911 -0.0408345244463413
0.0656269546675549 0.034199655067739 -0.0158585490436197 -0.077154863653258
0.058035223932148 -0.0300111399655281 -0.0814995635310151 -0.035829776495702
0.0258130957872917 -0.0592826686431213 -0.0643797402454247 0.0360508480664332
-0.0131922995054297 -0.060696876894283 -0.021569500649673 0.0487504492592626
-0.0384520100119353 -0.037877074395059 0.00129111559433642 0.0340259035410262
-0.0446854195334473 -0.0327733667049346 0.0157643730200152 0.0128722073678661
-0.0440926979853354 -0.0342599779662486 0.02652247094825 -0.00671997937736166
-0.0322092842885362 -0.0646353526189959 0.0422354139829328 -0.0177107875823602
0.0128776378485643 -0.0808110673976203 0.0609931149159707 -0.00582195503149649
0.0602244472394501 -0.0624534427096923 0.0671654706101249 0.0317673002804931
0.10134498600592 0.0151737252242686 0.0267339608561973 0.0738595625278478
0.0642030135631402 0.097720791298819 -0.0283490289057721 0.0676638919175587
-0.000732693703260514 0.123133269834034 -0.0237635580368108 0.0332669427271112
-0.0323527339927695 0.101274613357618 0.00584832238540937 -0.0155503581097816
0.0270413165042376 0.102314257712458 0.0524049278053251 -0.0580736804821102
0.0731467876639266 0.054084456201754 0.00432143322865507 -0.0873886043865991
0.0739232335078918 -0.026792066124768 -0.0610501697250688 -0.0552490620128451
0.0339890554827241 -0.0656911004581981 -0.057464641039981 0.00601141253847087
-0.0111719163159624 -0.0685872627117524 -0.0324713833506029 0.022110497294034
-0.0417709909049178 -0.0428770333907962 -0.0181780920042189 0.0161572193710002
-0.0475410593556455 -0.0338214951364216 -0.00232850860997481 -0.000714798457808325
-0.0448603926787506 -0.0334776230228335 0.00742866986549344 -0.0209290915324194
-0.0344460893189943 -0.0621956971298227 0.0267463177672066 -0.0373620011372237
0.00777538340962251 -0.0800202426138741 0.0551478902351151 -0.0310049850713222
0.0541480716377382 -0.0666126183574317 0.0755494804245122 0.0100909113768281
0.10014838531996 0.00928243362076217 0.0401955553093704 0.056053622541073
0.061728485194915 0.0935086634518044 -0.0220365731642013 0.052135899367279
-0.00229763655564917 0.117951803043637 -0.0174906838292141 -0.00243091858053879
-0.0395804602962764 0.0860224819882362 0.0207100554868806 -0.0573671017497055
0.0112044761558209 0.0998450488410454 0.0570564368416745 -0.0760786472633346
0.0629882844078208 0.0621419566969207 0.0229853514030151 -0.0921859769050211
0.0735969005484001 -0.0163639431135922 -0.0347055302521376 -0.0679830580798513
0.0355830337231221 -0.0587965026760387 -0.04391383886205 -0.0233086127152457
-0.00752626848535502 -0.0636858874477781 -0.039897890412408 -0.00620436481765791
-0.0375288171237473 -0.0398951553666779 -0.0343656187175464 -0.00311275812231133
-0.0434109626813864 -0.0294026921535969 -0.0200891676792602 -0.0131999505317027
-0.040199770865574 -0.0285562167994607 -0.0103377164187271 -0.0329336181434293
-0.0300628560069449 -0.0528828329865227 0.0117514930835979 -0.0518256096792251
0.0056142837358625 -0.0686112973456195 0.0469815143406707 -0.0498391389525768
0.0465206294842409 -0.0575090526816778 0.0769699756082587 -0.00644074005833846
0.0857416314062612 0.0103305465792409 0.046277290106365 0.0412160696375137
0.0464736630652693 0.0816703653255643 -0.0177719680319398 0.0379403019655344
-0.00942918617583173 0.0980338625221321 -0.0107579083585154 -0.0322279518855587
-0.0369570317747584 0.0549127621943054 0.0352855115003366 -0.0920934631065902
-0.00429188548653187 0.074444834649289 0.0603317912539883 -0.0886692390954838
0.0399331458934412 0.05239869993512 0.0358997859037982 -0.090846441504282
0.0546377888574536 -0.00680296340949928 -0.0120997512026172 -0.0724726769964222
0.0272346788484671 -0.0407812822545104 -0.0313185483972094 -0.0450468018340571
-0.00334116010172679 -0.0457049020969578 -0.0452664932263536 -0.0287515002306832
-0.0269613699996377 -0.0297314244354291 -0.047545925841115 -0.0186528498938499
-0.0321863649018216 -0.0214498628102579 -0.0335784181525257 -0.0233946404590177
-0.0297436052870266 -0.0211694289202898 -0.0235988389478566 -0.042676919224381
-0.0217310944386981 -0.0390308195580454 0.000817874461894676 -0.0620870516395676
0.00464043194913069 -0.0509748502851293 0.0416440209447883 -0.0618776561163755
0.0380995529510594 -0.0415872595168579 0.0759637865566145 -0.0160508597318236
0.0637003168579533 0.0149854896029431 0.0482662669181484 0.0312672985090383
0.024658073415608 0.0655535870309839 -0.0135666137265775 0.027871250725569
-0.0178026676689787 0.0673907239153099 -0.00288465620419195 -0.0534134865381169
-0.0266379721953141 0.013932285106726 0.0426118599639911 -0.113760523260553
-0.0151939435838119 0.0322142128106362 0.0581886121750093 -0.0957242416519792
0.0130897976852285 0.0268657402941726 0.0385994833957235 -0.0906759311471399
0.0236496940362628 -0.000490163170476615 -0.00143544225062359 -0.0731981376139862
0.0112270393888721 -0.0164694973121128 -0.0258492124804574 -0.0557824440696698
5.95029561299576E-05 -0.0193081777853771 -0.0491555479057561 -0.0397761669699808
-0.0119868990686776 -0.0139756395772143 -0.0554068617114877 -0.026546214367397
-0.016330450016568 -0.0102975137893791 -0.0421649949589054 -0.0294964978639566
-0.0156887507985052 -0.0117311893628425 -0.031947190339187 -0.0489577737553401
-0.0122451576696929 -0.0220807655153958 -0.00421665916877726 -0.0687569591139125
0.00334029871038399 -0.0295714533630991 0.0400716364123848 -0.0696378142883929
0.0276056153165287 -0.0231886219331738 0.0763848845798403 -0.0195404516732778
0.0382415619569496 0.0178980765150531 0.0498207218081034 0.0277128902850224
0.00187740942952494 0.0432561778011298 -0.00924213475719319 0.0219853132961019
-0.024137654355914 0.0297786574668283 0.00661989967084471 -0.064197945309395
0.018062672323935 0.0083560290913824 -0.000469599629033795 0.0800948990134511
0.0038719156913019 -0.0132512514904923 0.0345169626251012 -0.0182856588684514
-0.00977476698103089 -0.00747155968846292 -0.0451850351460041 -0.04173484415574
-0.00588040434546158 0.00705176861382041 -0.085692773816377 0.0147693335573304
0.00395287133549139 0.00402891953367535 -0.0499548752647068 0.0794737564305724
0.00247582978109233 -0.00153240441147224 0.0102542239812549 0.0801204863588944
0.000679123893555405 -0.00171947206719867 0.0396856504568041 0.052765548136002
-0.00380206494062498 -0.00443027247200056 0.049801387107506 0.0326383234392436
-0.00589931735459977 -0.00395204348355532 0.0572720222049082 0.0240854960769555
-0.00536311728350191 -0.00918349294410561 0.0567769846015148 0.0368939049630521
0.00425643206839631 -0.0114815058474837 0.03873162079629 0.0558665448465265
0.00971064645192067 -0.00678089087153789 0.00685482943011856 0.0703108899534215
0.0180076069425566 0.000321782986445971 -0.0325242638228788 0.0923773352379427
0.0184956626544691 0.012277893767498 -0.0614899611451637 0.0970604513994533
0.00941086230606953 0.0315539029807744 -0.0467765015959274 0.114769788174025
0.0121438045174597 0.0439280753536185 -0.0062400968021012 0.0752661836572439
0.0213327712389394 0.0147474738489767 0.0363188861143587 -0.0197957739185598
0.0162174942348173 -0.000835286217461204 -0.0404507571466259 -0.0488851681776927
0.0110110154190593 -0.00972452998066907 -0.089475239072193 0.00574225746754819
0.00816957569006367 -0.0187895689881192 -0.0553886678636729 0.0739569803266952
-0.00655029056164831 -0.0216345259843344 0.00368600227133793 0.0774590453632869
-0.0153141768823886 -0.0140979448022554 0.0327609011326674 0.051496737353157
-0.0211557601087461 -0.0156154731273223 0.0443544967802453 0.029742576014346
-0.0222924099083519 -0.0184173295112013 0.0532658003764959 0.0167080525198864
-0.0148197506140453 -0.0369620760367371 0.058208604765788 0.02364401814674
0.0147058929024845 -0.0427483984766353 0.0503813110211306 0.0437856142191824
0.0396206940334524 -0.0236390012334193 0.0258606978971952 0.0655013583820538
0.0537053281672001 0.018737292236682 -0.0158441785035301 0.0916451613185117
0.0336351235017589 0.057768178330566 -0.0491907036817712 0.0905816450397573
0.0020605706033989 0.0765500215384231 -0.0383052739401515 0.096480048310744
0.000321521037123848 0.0755867444920152 -0.00852334460800555 0.0558955880767919
0.0347443364157841 0.0476807607711513 0.0398126271426894 -0.0276120850013236
0.0435685132570984 0.0122890737933788 -0.0310911096449657 -0.0613013636995599
0.0325225421215619 -0.0240208646890416 -0.0891222321263429 -0.0112821189907734
0.0143768090764767 -0.0409647833007086 -0.0604035376104098 0.0601743514872837
-0.0128457483532068 -0.0418352265793955 -0.00756377171863133 0.0672655381159675
-0.0288916820020235 -0.0256868643267928 0.0201965372925049 0.0452521855233971
-0.0351408971944423 -0.0246171586460886 0.032306569687165 0.0221815911712917
-0.0357656239932396 -0.0278067828898805 0.0422773687885397 0.00486504665147505
-0.0257573559435256 -0.0550262658617783 0.0530676525563184 0.00301372803350696
0.0154479992474148 -0.0667512948390852 0.0596746235649729 0.0206992709929363
0.0548436435391262 -0.0461051394432508 0.0488817107773379 0.0513070628079883
0.0840095763663977 0.0198245087461059 0.00679953831808548 0.0855246991834305
0.0526331795566363 0.0847577896388786 -0.0362846177003982 0.0804925199096939
0.00110289064185726 0.108157693704677 -0.0291978363804268 0.0683077779882888
-0.014424428203767 0.0960053011366381 -0.00452308175072099 0.0243261610623878
0.0380291432835524 0.0793691807708575 0.0444904088414828 -0.0417555321077173
0.0654722384473345 0.03173056860969 -0.0164075373616021 -0.0754489100336342
0.0557955089277096 -0.0312529165589315 -0.0804484953583324 -0.0320554661516952
0.0226944643004244 -0.0584159513265992 -0.0612876481910038 0.0371679469600152
-0.015294095472986 -0.0586004426422405 -0.0198273385262478 0.0482780630509138
-0.0384081314132351 -0.0354627380503769 0.00273593444182063 0.0335396509317102
-0.0444284240547914 -0.0299254284597303 0.0161166625854556 0.0113726796343454
-0.0435800595993638 -0.0317450803157623 0.0258868442374602 -0.00862652446352313
-0.0338435917485826 -0.0618065419901927 0.0407099355039327 -0.0190206384131332
0.00953295061928608 -0.0796067507364022 0.0601600792941749 -0.0076955212461978
0.0566391286309183 -0.0626810855324162 0.0663382617548127 0.0291087487490916
0.0997656950444813 0.0114903967705789 0.0276142208493576 0.07160803309247
0.0653923180347267 0.0932710317852423 -0.0265599153367547 0.0668643499468627
0.00242030227782437 0.120638847724178 -0.0221106015127461 0.0327785639795578
-0.0285999092626018 0.10073477340761 0.00513966508888911 -0.0151849428711513
0.0299427983605698 0.098621938306099 0.0492028278128575 -0.0583809522223575
0.0731669784730494 0.0505919911146794 0.00291808617690725 -0.0860552327740815
0.0712915459245152 -0.0284094296322966 -0.0605493261681907 -0.0528440030851441
0.0305939619020286 -0.0652119685768743 -0.0557269022328046 0.00717009713723076
-0.0140627412478397 -0.0666332350166171 -0.031500427594004 0.0227849683050253
-0.04146887828418 -0.0401532983745901 -0.0161247651009263 0.0169244149343639
-0.0471063819772877 -0.0305598644715634 -0.00251941893155827 -0.000335232590318871
-0.0449344058632557 -0.0303654278531654 0.00676619780554104 -0.0216087318534747
-0.0356354257097763 -0.0599225115552951 0.0245789119899598 -0.0377237476875781
0.00477720648977817 -0.0785823777053555 0.0534115829382879 -0.0324714202933873
0.0506548438054393 -0.0663534865076525 0.0741074825053133 0.00697886545327256
0.0979773552337919 0.00582544761521206 0.0403418526030576 0.0542696875649039
0.0637881685256026 0.0893265675353486 -0.0204645591947075 0.0517790831114105
0.000306922432257474 0.115971252009042 -0.0168726688590493 -0.00143165008816152
-0.0360999850386612 0.085633500250939 0.0187527054194519 -0.0568564740975321
0.0142441280013691 0.0973169227842522 0.053866036657182 -0.0750878038417523
0.0632202699240695 0.058894922583808 0.0208699609339745 -0.0905426899646218
0.0711542674270897 -0.0183548922317567 -0.0350752771633885 -0.0659455732193281
0.0323347374379427 -0.0583652243592127 -0.0436604248955761 -0.0224687746598023
-0.0100616955050065 -0.0621140840283632 -0.0396547391455383 -0.00446174070606294
-0.0373531608340288 -0.037763841750007 -0.0335807125536202 -0.000890066315507582
-0.043152547351907 -0.0271881494365975 -0.02012326492075 -0.0122620167505939
-0.0395360566414389 -0.0261512263312665 -0.0112380317176165 -0.032513173076622
-0.0311465504942307 -0.0505632504541713 0.00955845324931852 -0.051529639630183
0.00297304062357275 -0.0669690328502101 0.0448668686761459 -0.0502866270857178
0.0434358931797865 -0.0574812030344956 0.0744724119333641 -0.00957163465465582
0.0834677477367213 0.00713733989328244 0.0458746337107577 0.0390985574199455
0.048554285531767 0.0787389112356403 -0.0169218817502331 0.0375879494381536
-0.00636073738404756 0.096351258201854 -0.0115210374780972 -0.0306266463916057
-0.0343159425775489 0.0552567552345045 0.0316973918551489 -0.0908183725645143
-0.00201384942596273 0.0723486420890421 0.0562142193147905 -0.0876942094302466
0.0404878077593193 0.0497296489849714 0.0330608411746708 -0.0901045226991212
0.052866821138544 -0.00838389989660856 -0.012833483174273 -0.0711051872671254
0.0245534171319675 -0.0405255253119508 -0.031311072232057 -0.0439596569257145
-0.00579306751294416 -0.0446897894605123 -0.0459618283076699 -0.0260451579254783
-0.0270192690351256 -0.0281713707228965 -0.0469357540118307 -0.0152717530800879
-0.0321229764687462 -0.019467828405841 -0.0339526259368142 -0.0213387154371047
-0.0294647005154208 -0.0194495348193532 -0.0249087906356336 -0.0408424032087056
-0.0227729848699671 -0.0370902591958364 -0.00160825906365982 -0.0608915702728297
0.00289067366681742 -0.0495391755190104 0.0388412225845381 -0.0622112102595407
0.0354425795007776 -0.0411110344562041 0.0738941649407209 -0.0179995707511365
0.062561637481239 0.0123896863776204 0.0472949445349778 0.0293492294602245
0.0263766410455415 0.0639618611156609 -0.0128614219922762 0.0275861550580826
-0.0157564400566103 0.0664778963322837 -0.00399980743236247 -0.0518019018360798
-0.0252455506444883 0.0143875052945319 0.0387476244892571 -0.112529102586959
-0.0137661412421166 0.0316538685949273 0.0542840577117602 -0.094220570890368
0.0133817388612826 0.0254792701332492 0.0354464435943266 -0.0899081690479475
0.0221462642114106 -0.00155508041756744 -0.00269281868943037 -0.0718923251377055
0.00986267802866997 -0.0163367565272007 -0.0270184799363395 -0.0547566050305746
-0.000629450936143517 -0.018994117744107 -0.0501158554446152 -0.0366609290236478
-0.011714084730095 -0.013206706365559 -0.0547439438780085 -0.0234139243137249
-0.0161778615364783 -0.00936054679584916 -0.0421448033961847 -0.0268804998971894
-0.0154660265963301 -0.0109673461503595 -0.0330572428591708 -0.0466604103520171
-0.0128476183728608 -0.0212821317883916 -0.00703549287312679 -0.0666531809900494
0.00238384953180048 -0.0290721211752616 0.0374649850768221 -0.0691369494535809
0.0257831485063508 -0.023138621627805 0.0737879721676656 -0.0217822194236131
0.0375683332857749 0.0161401530796225 0.0484009618992293 0.0259829322844144
0.00299175877985053 0.0425239330294254 -0.00902743534943233 0.0225507968096593
-0.0224949432826578 0.0297924132818126 0.00423920495657854 -0.0622813517210854
0.0128935104664589 0.0161459886616034 -0.0326957838337233 0.0689807709149993
0.00859604031235958 -0.010085153155273 0.0386744904662471 -0.00358600520878148
-0.00577762930754376 -0.0108194719067205 -0.0234194421813754 -0.0562328575617265
-0.00722822856286111 0.00417865750828213 -0.0832224656059252 -0.02148918347919
0.00245399747140768 0.00437438068827153 -0.0773233923392081 0.0504457320969583
0.00277437485623906 -0.000666081882245183 -0.0238089989526933 0.0756211855236334
0.00105833403644816 -0.00109996678513169 0.0138464775142874 0.0622776419624566
-0.00171534478018961 -0.00540164557006663 0.0310380585842941 0.0484366599564122
-0.00279037843605195 -0.00545084993506621 0.0416044483669655 0.044412455498748
-0.000403711799001902 -0.0100504238697706 0.0362576526326372 0.0554174519035424
0.00942664435132295 -0.00896382618805878 0.0109325230987676 0.0652151784353066
0.0119161736877767 -0.00149058179972825 -0.0243872071598243 0.065252687905932
0.017010699290722 0.00824232220524891 -0.0668035819734642 0.0688474175191823
0.0116684811092148 0.0201090551370186 -0.0943919640789499 0.0624779688452831
-0.00280115654566053 0.0346502896376472 -0.0916587757522355 0.0833102244458143
-0.00901007928939287 0.0457242626053739 -0.0320428347213406 0.0622162695827566
0.0122938273284292 0.0225659524986398 0.0420320311702596 -0.00477379848306908
0.0147087760879095 0.0059393842379355 -0.0149924309099381 -0.0625033444710874
0.0140959492584941 -0.00340253013135563 -0.0834412301191384 -0.0324078641129708
0.0154614014584278 -0.0136905923615396 -0.0806920063710144 0.0422794413237825
0.00318785018060814 -0.022094781153555 -0.0300882602747243 0.0694336050126764
-0.00785205596453635 -0.0185482432285945 0.00801887665258862 0.0593221309157457
-0.0124166698500332 -0.0225584280043042 0.0273980922763171 0.0436608375418208
-0.0124036431097446 -0.0252740367667501 0.0409735972274683 0.0355091037359585
0.0011580852792078 -0.0387933026914758 0.0436604526485453 0.0442149832151321
0.0303569247852241 -0.0330650297894601 0.0273969488389445 0.0592516553707166
0.0458770188748548 -0.00546793814387342 -0.00473538046575499 0.0690668125251479
0.0431565215948731 0.0388270311247255 -0.0518813940224783 0.0758352825515889
0.00895259653396989 0.0664583855353037 -0.0828451228399234 0.0629376469813556
-0.0272541518972099 0.0730471576073375 -0.0783907613337974 0.0695350899179607
-0.0343340571026907 0.0692741604816787 -0.0219850369713277 0.0448259098369565
0.00933456139010479 0.0564503296403304 0.0505345031297625 -0.0110671343989656
0.0332240704236304 0.0294934913377834 0.000122001284730459 -0.0710592212317135
0.0384095668361073 -0.00641903941960496 -0.0766027526782385 -0.0493178030663665
0.0303587123914746 -0.0302817933042163 -0.0808503379944285 0.0271596205277604
0.00574363459149704 -0.042033370318416 -0.0358781812452342 0.0563459792797686
-0.0148163662231202 -0.0347287763467023 -0.00106471826413116 0.0482618011764143
-0.0217477120601385 -0.0359355052713695 0.0197441506288794 0.0326909343249643
-0.0206524680814554 -0.0391572185176743 0.036374139962113 0.0198795615627428
-0.00209925595290981 -0.0595268100173632 0.0472940602587019 0.0232422696458322
0.0400253721705129 -0.0546532352662409 0.0456284598015709 0.0416692970832497
0.0685270214807688 -0.0197111247830389 0.0226897439425267 0.0660178486335774
0.0706475807111553 0.0509278745813999 -0.029198195632591 0.080512897919502
0.0162619292010363 0.0980161715653466 -0.0681686114338927 0.0608519646965342
-0.0404228221304684 0.100560310928546 -0.0592685820669789 0.0476485150433191
-0.0571228485767033 0.081208121766874 -0.00337277033885892 0.0194388593998531
-0.00135293061117967 0.0863066623976859 0.0621596875614346 -0.0205452159457704
0.0444099698391877 0.0565305037775802 0.021019474014096 -0.0787611043440324
0.0618650958377681 -0.00330025634685471 -0.0596576956632164 -0.0663344630439945
0.0451953557835306 -0.0421771947239807 -0.0726910886021536 0.00531295653500999
0.00998874549035885 -0.0580113581010936 -0.0395096346565605 0.03392989248955
-0.0193997045206795 -0.0468623733103192 -0.0120056511576696 0.0306497143647071
-0.0279575937251023 -0.0441983429678097 0.0095763714004866 0.0163847804662871
-0.0260943346836901 -0.0456120669695987 0.0269654936211911 0.00121702632043517
-0.00684102532104838 -0.0692215918227197 0.045562138221431 -0.00210251449671194
0.0393910728723128 -0.0689591747697428 0.0573079941886249 0.017272588255717
0.0757787488520638 -0.0345200900800675 0.047769494430229 0.0531776987324225
0.0881977398102856 0.0485580162450102 -0.0048104262933417 0.0766913527876568
0.0250021700675007 0.110287948157137 -0.054257057318742 0.0529475963156558
-0.0442164263048545 0.112527935562491 -0.0389155501620362 0.0187229175409775
-0.0718720178621764 0.0786944368450983 0.0221897028806873 -0.0108881900608736
-0.0166970011531293 0.100207473417308 0.0743579873263401 -0.0332331714978022
0.0437239335927958 0.0765500499968545 0.0440194143896378 -0.0807201993289554
0.0743297714542326 0.00627591073404776 -0.0329341057847513 -0.0780690541843539
0.0550138295390354 -0.0444259534398657 -0.0549628439867673 -0.0198962656720545
0.0150534799505123 -0.0644763277344094 -0.0397370710382881 0.0057202835119077
-0.0200339416363704 -0.0521175151704991 -0.0224297011032963 0.00872012925400992
-0.0305492668279574 -0.0463045852242365 -0.0022997075511969 -0.00140518956602258
-0.0278362782715005 -0.0448011277405979 0.0152965326741464 -0.0179976316411781
-0.00931914519846866 -0.0675810849256209 0.0382481611056776 -0.024956976265796
0.0342235877431163 -0.0700076523566056 0.0618481175427904 -0.00745853611498947
0.071676856083219 -0.0404707283731068 0.0640663071412858 0.0366694489636853
0.0888025614966121 0.0428943854456507 0.0132376470794819 0.0665165569544246
0.0243626147749223 0.105245585565643 -0.0429110476668887 0.0415068829017418
-0.0442389671331202 0.107002885259858 -0.0197672258803241 -0.0100786951596741
-0.0715888556131255 0.0621901804330144 0.05022589956848 -0.0410559102064227
-0.0298733028177726 0.0909955894111437 0.0849758965409451 -0.0448659645270275
0.0307384045339661 0.0794585915291384 0.0623211226992437 -0.0762040422650966
0.0699202966607562 0.0147239436279491 -0.00312968675914215 -0.0788355280043481
0.0533027434291783 -0.0375881365032955 -0.0313891927256049 -0.041018581626774
0.016255697619563 -0.0587289860044342 -0.0355248633952413 -0.0217645879566053
-0.0175529531425172 -0.0485604441696355 -0.0309062396974346 -0.0141645422885831
-0.0278991818393409 -0.040893598592923 -0.0130589515935211 -0.0189878755241481
-0.0252270514283117 -0.0393154027496254 0.0034069459545945 -0.0347690629544354
-0.00878753931287099 -0.0576575269076309 0.0299339518263652 -0.0432417727457609
0.0280588088678972 -0.060455919129276 0.0613167466520962 -0.0267340507806722
0.0614893028359761 -0.0350031877138226 0.071373664594409 0.0224478666646076
0.0749171514780385 0.0377285090259101 0.0240715164094355 0.055012212311702
0.0147123904600476 0.0900464163846998 -0.0344197382074276 0.0299005915605356
-0.0422334000495752 0.0855684662130171 -0.00204472741129816 -0.0339879493226051
-0.0562396192201888 0.0349441341427367 0.0728142406723333 -0.0662993152557918
-0.0333098089200592 0.06256750515719 0.0907739322532604 -0.0535659488568175
0.0148806981292039 0.061224944246779 0.0721701296087006 -0.0693672318768335
0.0492786167073877 0.0155748657624204 0.0194247327241327 -0.0730426746089637
0.0388620052489703 -0.0251063664732816 -0.0108900661254321 -0.055381763948482
0.0133184968003509 -0.0418238884267878 -0.0316900585293159 -0.0430875995103963
-0.0121281171615589 -0.0356731881515468 -0.0363612161542794 -0.0326793706923136
-0.0215726184601544 -0.0299218310570042 -0.021525193719671 -0.032566406712044
-0.0184420761448832 -0.02908121326889 -0.00543174742927728 -0.0472696835720235
-0.00614180639263848 -0.0424881926304526 0.024046208464484 -0.0555013935597701
0.0213660025762216 -0.0441726253134252 0.0606135290840442 -0.0393919063296027
0.0480583738725035 -0.0236953858282498 0.0741766143046499 0.0139960399566751
0.053250514786808 0.0342697052192124 0.0295240435721723 0.0471016201361239
0.000133173559481484 0.0678866150714157 -0.0260648524801315 0.0214942653416975
-0.0395694664900796 0.0545869152339913 0.0142474627948625 -0.0493936232723868
-0.0295049788396692 0.00207872251837015 0.0834544029227395 -0.0823718470879854
-0.0260853227547469 0.0220004662255968 0.0892724887852022 -0.0597057776342038
0.00121150036257944 0.0277578013223897 0.0720547723725079 -0.0661826310625479
0.0193230906160566 0.00839022807988165 0.0288505350552491 -0.0682317346295938
0.0153787618466359 -0.00917243335945494 -0.0018691644299106 -0.0615460824854943
0.00709271859139845 -0.0172471701675921 -0.0304263447177845 -0.0536652487797863
-0.00504562848721894 -0.0164843118508495 -0.0397319110158589 -0.0427566013935323
-0.011233070920118 -0.0144664419589888 -0.0266388229971811 -0.0408537956908114
-0.00996784109930618 -0.0161384239711128 -0.0106724094869289 -0.0545868889935015
-0.00403263525511841 -0.0242805330969813 0.021458273902191 -0.0627924556132799
0.0125817902171717 -0.025976773846849 0.0621357180879722 -0.0462657922036596
0.0323116568454175 -0.011244656721524 0.0750490909670182 0.0113303512679207
0.0290276145852736 0.0281377544464914 0.0315359904214387 0.0436769907260063
-0.0129031706232406 0.0397573249844852 -0.0197124097684897 0.0174742622641573
-0.0317926311912812 0.0179823684413102 0.0283207739909957 -0.0553249216007155
0.0126948748806824 0.0161457549392617 -0.0316891053579147 0.0692857120922313
0.00816232101452826 -0.0102070357268202 0.0381054525941203 -0.00454140232227399
-0.00541682453525945 -0.0106239114118167 -0.0233005984453915 -0.0563309094113367
-0.0071731239265815 0.00411050014620898 -0.0826284776584832 -0.0210671075366073
0.00297319935889333 0.00476974823716769 -0.0761223725905188 0.0519805919027156
0.00250239540929362 -0.000558585798510263 -0.0225267036514403 0.0755302793166238
0.000592946223858624 -0.00179820711467319 0.0142580631117348 0.0615449336432039
-0.00166546340967229 -0.00546049332658248 0.0318716485207314 0.0478457981685599
-0.0033348191595196 -0.00637930612128947 0.0426191137572095 0.0429274057803238
-0.000832258574462605 -0.0105080837053655 0.0374251717654462 0.054895881693886
0.0094640482065064 -0.00910139683334171 0.0125838193919817 0.0652470822620474
0.0123779474304615 -0.00160083292081334 -0.0253953598882745 0.0660231566692961
0.0170559029292186 0.00818471541634773 -0.066369040594752 0.0701059241178276
0.0115981429549502 0.0201285823302108 -0.0940265674106951 0.0625537862266952
-0.00320991509305332 0.0349587422139351 -0.0909066396713999 0.083510461390896
-0.00893141415484767 0.046330748395088 -0.0313016578488455 0.0618833775413955
0.0122241788878355 0.02205616663021 0.0420772987002963 -0.0060244116678777
0.0148763769231513 0.00606575584539553 -0.0150978485670978 -0.0629878743354999
0.0141339240094432 -0.0037012263935304 -0.0833580437545407 -0.0319588530232408
0.0153941149911053 -0.0136622584485752 -0.0799040632023426 0.0439151990815779
0.00234308488963121 -0.0219623218062833 -0.0284741209242029 0.0701040501325864
-0.00843040768700317 -0.0189880868453811 0.00917336146748368 0.0583599574650964
-0.0132897418635821 -0.0220568882061293 0.0279076333051637 0.0428132033332513
-0.0126852094999065 -0.0251108847474929 0.041840385336017 0.033641989951254
0.000338685144049598 -0.0390454630025851 0.0443563699304177 0.0429666777226025
0.0300763605732038 -0.0337450384601854 0.0282436966988686 0.0590020657061226
0.0454962085561465 -0.00598115417763026 -0.00508780011446077 0.069189445773605
0.0433674259825793 0.0382692452223323 -0.0516173525679801 0.0762400705157029
0.0092196974354024 0.0665270952187791 -0.0825368804570557 0.0625333901603535
-0.0272760778043425 0.0737371786325372 -0.0777771834592189 0.0699926626010044
-0.0336993418914018 0.0697158834070191 -0.0220337805713444 0.0445719716475455
0.0101894088685393 0.0564215122133338 0.050689734264806 -0.0118622490749167
0.0334566878421045 0.0295606732282722 0.000652059232940403 -0.0719209447350325
0.0383672511824414 -0.00709681140195583 -0.076274220035023 -0.0481004346756216
0.0295765560539557 -0.030789199583141 -0.0796418829131093 0.0280314900425103
0.0045498050553139 -0.0421868399602351 -0.0349447495030221 0.056540089644864
-0.0152848440731408 -0.0339746641239422 -4.0322929401662E-05 0.0479575742171501
-0.0223874709027422 -0.0355674150677848 0.0197403670998817 0.0321482021502804
-0.0211650938846112 -0.0385627930531562 0.036555515743831 0.0187417190006522
-0.00301113511488706 -0.0595064753572404 0.0479803598689465 0.0218967239718655
0.0389245903315202 -0.0562508392051895 0.0466201451905856 0.0413453778650034
0.0680757840200607 -0.0204857772993697 0.0228725624114165 0.0655889651354375
0.0713863684712919 0.0503677943183914 -0.0290357064927323 0.0803828010391494
0.017412287604099 0.0979390371569328 -0.067930520331186 0.0600683298384612
-0.0398027223686712 0.101990579277087 -0.0594988573744737 0.0473202048045433
-0.056455256805157 0.0822553792990366 -0.00363927627650006 0.0194105158076344
-0.000246721487577958 0.0859594295512156 0.0620967392984512 -0.0213239905873861
0.0453755221187852 0.0557623496863994 0.0217479793816293 -0.0796641772257356
0.0613235969698462 -0.0040357026029483 -0.059720572517303 -0.0658800910748928
0.0443666686318433 -0.0429070723386461 -0.0720859970357356 0.00598046860270454
0.00903853857031323 -0.0583255956747129 -0.0392356485432576 0.0346203708452852
-0.0196629647575608 -0.0463131118720183 -0.0108626053800423 0.031370015053778
-0.02863804879302 -0.0434873011243724 0.00947402575222722 0.0162076919294709
-0.0263145999486353 -0.0449992643095483 0.0270156320449325 -0.000110693740764474
-0.00818697973767678 -0.0688237376103879 0.0453689980432256 -0.00300911492201638
0.0382028624538916 -0.0698930039166461 0.0583487527054606 0.016238090882793
0.0749007267294217 -0.0352315545705554 0.0476167675288968 0.0523420740145673
0.0889293906580687 0.047316332053671 -0.00497614581489251 0.0770390962661257
0.0262920804781938 0.110006360064836 -0.0541482139297374 0.0527426667603397
-0.0442592871800817 0.113745456705201 -0.039482504766847 0.0195222841758817
-0.0710250243579069 0.0801939955655477 0.0223040275814022 -0.0112134209255234
-0.0156498743180481 0.0999778495506088 0.0738204398605506 -0.0333057651093096
0.044380450874122 0.076133059623573 0.044387613372149 -0.0810084494196086
0.07419718370305 0.00512178168362548 -0.0329643215069862 -0.0774759296967482
0.053923192663963 -0.0456268936225972 -0.0549347534993568 -0.0193658538311389
0.0131761947840209 -0.0648919512660797 -0.0398709471815282 0.00653541803679264
-0.0206901018605259 -0.0518060899637504 -0.0217711910871582 0.00919521968050122
-0.0311507411966143 -0.0451151789557547 -0.00256812771415074 -0.00189084089326955
-0.0278920814911628 -0.0443492127542942 0.0146183366797357 -0.0190137420277298
-0.0104741444197126 -0.0674767797863461 0.0377159190344217 -0.0259382759542109
0.032787985419248 -0.0707112773535184 0.0624281383366405 -0.00848858254669862
0.0709126512295015 -0.0411225873253366 0.0641686891140867 0.0351900515064319
0.0892500358004894 0.0411903522792474 0.0133293911411211 0.0664506294785196
0.0257328546310642 0.105392534161558 -0.0433362652363598 0.0413160253799972
-0.0436796893204499 0.107739386119913 -0.0202977074696938 -0.00970610644022392
-0.0709256911034203 0.0632684301524608 0.0501728435860828 -0.0418892495423048
-0.0288263068125319 0.091659095720581 0.0843169798300576 -0.0449575480641408
0.0318769982272726 0.0788609667045802 0.0627058195526303 -0.0765810477575274
0.0696215018445085 0.0136037254555351 -0.00357632688075197 -0.0788291153765521
0.0520196274510554 -0.0380824870188844 -0.0313831577753621 -0.0417410330955222
0.0148552335910331 -0.0588659630920267 -0.036615486931157 -0.0214313138247947
-0.0178891487083291 -0.047826632377372 -0.0308190957866147 -0.0134945267203666
-0.0289810935776334 -0.039976660644273 -0.0135453595307862 -0.0186810974992437
-0.0253287255208619 -0.0385843345070669 0.00240713591034969 -0.0348141498339112
-0.00993758798635726 -0.0574452082674338 0.0291792779769868 -0.0437770653444686
0.0267401950154177 -0.0606503818322302 0.0615092082555345 -0.0281251438078822
0.0607069333033915 -0.0352392042290604 0.0716508538923938 0.0209703425524493
0.0751994531929957 0.0365651149512403 0.0238560284019493 0.054992886149956
0.0160378083679842 0.0900941573236544 -0.0342345574065721 0.0302506537635258
-0.0423113078819347 0.0861752413112187 -0.00269858884610767 -0.033634869593474
-0.0555921598505491 0.0359542060893736 0.0723872513054036 -0.0664602523348073
-0.0324396903321878 0.0624918365687554 0.0902635020859364 -0.0535673433894114
0.0153181372299779 0.0608765442363383 0.0722151128755531 -0.0696801236724424
0.0491979020935942 0.0146573158057699 0.0191511094980099 -0.073362717987378
0.0381139162274675 -0.0252089040746662 -0.0108339535015538 -0.055870627371464
0.0122685573905305 -0.0414710374744024 -0.032364658178286 -0.0429239087983576
-0.0127526674729782 -0.0352863912117934 -0.0365822769420611 -0.0317413962638976
-0.0219757532673948 -0.0290865536246816 -0.0225516905850243 -0.0321262734438515
-0.0192526061706206 -0.0288720504601494 -0.0061725201848843 -0.047274815377033
-0.00728566051764985 -0.0425765508297334 0.0234179078985692 -0.0562745913790398
0.0206122020423834 -0.0440520470326543 0.0605019904831354 -0.0406079272688602
0.0474252896692378 -0.0237771858022589 0.0742958264431199 0.0129156310793037
0.0533061680811725 0.0336386845545349 0.029152157958937 0.0461315193423468
0.00118403743439012 0.0682162036633377 -0.02646759814239 0.0221769645145015
-0.0392580200374958 0.0550175392375679 0.0136041344528106 -0.049240918479541
-0.0292822678718747 0.00252589937773818 0.0831553001220678 -0.0827204340372759
-0.0256639807017212 0.0221840913640107 0.0891408859144973 -0.0594159618838507
0.00119716721531083 0.0274207390046077 0.0716128784447743 -0.0662044593701592
0.0194420993503192 0.00831779486738218 0.0292408043668451 -0.0684741331487416
0.0147014073896353 -0.00910151877201842 -0.0024136947808459 -0.0627194592845397
0.00630005320635648 -0.017407930631082 -0.0314154045517506 -0.0534502418169054
-0.00509105845455869 -0.0161381300655844 -0.0404762089340008 -0.0414938513247576
-0.0111448904992171 -0.0141571079736502 -0.0274726153735158 -0.0400433740579898
-0.0103140108464666 -0.0159383151622793 -0.0113201599243679 -0.0547127723617098
-0.0039165776795875 -0.0241747225346788 0.0204297029474516 -0.0626043474688007
0.0122891134092216 -0.025595072714054 0.061546028285967 -0.047285997023456
0.0320525172174487 -0.011640549667049 0.0753174661957038 0.0104583978006691
0.0293609410652853 0.0279625897246959 0.0314142454212938 0.04312462511477
-0.0122644383911105 0.0407679250558931 -0.0198619397398086 0.0177095734178965
-0.0316134070336869 0.0180543357565611 0.0273205086869401 -0.0545863767256694
0.0130967621217997 0.0159154158109351 -0.0299807557916237 0.0697562651420873
0.00805437497990351 -0.0101539042517713 0.0380173270538877 -0.00662825844787829
-0.00630821608658627 -0.0105603747570207 -0.0251408276213424 -0.056850002090827
-0.0069329057805631 0.0042486238682948 -0.0834685182144666 -0.0191192588944164
0.00304871667196327 0.00467689375318625 -0.0753742209500809 0.0550995956647035
0.00221128093050093 -0.00102868417473036 -0.0201742424848409 0.0767485064776044
0.00108151267643724 -0.00184931748325201 0.0161082375968996 0.0611350443224215
-0.00254118416315305 -0.00517231906505764 0.0336687340001118 0.047397478848223
-0.00357852421757157 -0.00593540475795641 0.0442522232794319 0.041632583489013
-0.00140643959180289 -0.0108067482920347 0.0402561373257298 0.0540309729765714
0.00916290297202344 -0.00986111388070081 0.0142255033584016 0.0663653444313031
0.012585975215495 -0.0016362820312504 -0.0243882657891135 0.0677860300336532
0.0172285661600134 0.00811824988395502 -0.0651660338634298 0.0721128076620281
0.0117466231241254 0.0202253823740858 -0.0934204433712005 0.0640719345973835
-0.00240344683645329 0.0356283755153738 -0.0904815903541014 0.08658900286276
-0.00768769975665388 0.047377603799395 -0.0299987120666835 0.0630928197213705
0.0129201934466782 0.0219335243979441 0.0424588450811214 -0.00811052441664943
0.014741696768379 0.00566119878593613 -0.0158985804529213 -0.0633925697662655
0.0140715561292509 -0.00386225232219847 -0.0844559087857536 -0.0301794414630234
0.0146342272074897 -0.0144873521645736 -0.0792223044823459 0.0466966112921327
0.00154091215657659 -0.0222068661863241 -0.0261392980672865 0.0715737861802489
-0.00883818108202173 -0.018453212548615 0.0105774627314323 0.0584159296877378
-0.0140419799803524 -0.021596001732722 0.0292279041845806 0.0419354470832463
-0.0135063645651303 -0.0252403227889797 0.0434635181804439 0.0322111301636056
-0.00149189254876432 -0.0395873927480905 0.0467821515535007 0.0411376792764621
0.0290567422295603 -0.035719460511474 0.0308373399344321 0.058966177493279
0.0457968367089625 -0.00685321254632869 -0.00452432821423657 0.0702923741125189
0.044586439599059 0.037553494876014 -0.0511361388214866 0.0791443251103556
0.011058422702465 0.0673375729772372 -0.0822115017424896 0.0643561951565086
-0.0256512146365826 0.0753756311478333 -0.0772444953079239 0.0728989285224487
-0.0323554385895064 0.0723298068488313 -0.0209202316992209 0.0453850973562275
0.011524485063066 0.0568458755196697 0.0504787040304807 -0.0137335656271973
0.0345349612363102 0.0287260251831311 0.000121868174883216 -0.0728862824668139
0.0381966370146277 -0.00836799682948427 -0.0783665032226653 -0.0467380483999375
0.0288714661160762 -0.03229657371261 -0.0795689314305964 0.0304922395984527
0.00338064549325711 -0.0427987680478903 -0.0332665386140391 0.0574774172403222
-0.0166897090292447 -0.034445579079259 0.00122080143336718 0.048561520677889
-0.0238940244695359 -0.0348361831796669 0.0213737425401769 0.0312613819231155
-0.0222401688998071 -0.0381713969824387 0.0374723779714189 0.016888730289978
-0.00559803440134273 -0.060208173142819 0.0490829875391332 0.0199901499767508
0.0374213179049798 -0.0582441978012228 0.0485837469065475 0.0404957391132021
0.0677235754620232 -0.0222944205138426 0.0237140502621762 0.0657295220671556
0.073454082842877 0.048600429345538 -0.0283244701854186 0.0825433284663481
0.0196292669603811 0.0992054441490358 -0.0677484356854421 0.0619197247406809
-0.0384603482712084 0.104603042156334 -0.0590773388538618 0.0495822224158684
-0.0550607945397799 0.085344583213735 -0.00306623315355734 0.0195217400776687
0.00251474039576163 0.0865842947078208 0.0617081547625945 -0.0230998924354776
0.0473997921143993 0.0550429162419063 0.0212165697212477 -0.0815558735358004
0.0620386843589769 -0.00594005602543649 -0.0615896586255885 -0.0646309868135495
0.0430690625163734 -0.044616126156617 -0.0721705611042225 0.00717882543129677
0.00672793311071243 -0.059161156116007 -0.0382918492610468 0.0358929780640072
-0.0211396709784574 -0.0462873644167341 -0.0102755373692346 0.031550557081204
-0.0302843070340893 -0.0425920990710432 0.0100230596183865 0.0154422718616569
-0.0277546720299335 -0.0445710368735575 0.0266453104865408 -0.00190789377273822
-0.010790497663412 -0.0692926486910796 0.0458510003253751 -0.00485767998744284
0.0359424777104482 -0.0722541243833767 0.0606571800801145 0.0145995993624011
0.0747982689174033 -0.0377420839788342 0.0490852834181459 0.051161797743936
0.0914952983614595 0.0456682558349221 -0.00416387095272615 0.0777449722066017
0.0293292136754752 0.110925868030488 -0.0545168731724855 0.0540532744322162
-0.0425765449300994 0.116993407315123 -0.0393682623740755 0.0206376653641278
-0.0698131648479941 0.0837168806689259 0.0217952973513231 -0.0122218647158564
-0.0129102962252898 0.101050629233209 0.0735948257772346 -0.0348110631907002
0.0473126835745863 0.0758766681135721 0.0443872077658829 -0.083201228812371
0.0749398372168096 0.0031675555056449 -0.0345228175976926 -0.0772660034112229
0.052737327102728 -0.0474706105121394 -0.0551602606255559 -0.0190087924822285
0.0107437156886137 -0.0657994051855036 -0.0401181399555273 0.00805217787962185
-0.0219509672438451 -0.0514044835803267 -0.021339741468457 0.0102105588536596
-0.0329062172125242 -0.0441754544848716 -0.00254155126267253 -0.00144892460690969
-0.0293284332413054 -0.0438038106582657 0.013902806679803 -0.0200724700049269
-0.0128199417942113 -0.0678974677524404 0.0375107565475727 -0.0277673035954667
0.0307339738547515 -0.0722784410112622 0.0632944180705822 -0.0106175150902014
0.0698609557842505 -0.0435273546963207 0.0651243296043566 0.0334177529467055
0.0915092491168469 0.0389278236254964 0.0138476244515474 0.0668566871821937
0.0290587107468143 0.105802057675877 -0.0435648010689205 0.0426527210841401
-0.0416670716931256 0.110289981958606 -0.0206022312651373 -0.00871651921634552
-0.0697931574587812 0.0662048336722019 0.0495225153680598 -0.043529268325213
-0.0267433897460339 0.0927846041211364 0.08389922618046 -0.0465766545516947
0.0341497057988955 0.0790347356509873 0.0628716686426409 -0.078900491350496
0.0703550160093245 0.0117622623066989 -0.00475540430611852 -0.0798885225393752
0.0514215336665097 -0.0401629462664888 -0.0325991669373495 -0.0421912001170904
0.0124492955503479 -0.0597627303572497 -0.0373117795723421 -0.0204114321357476
-0.0195782397522298 -0.0477949655536192 -0.0311357975045868 -0.0123479444850363
-0.0298974261289822 -0.0390304643759496 -0.0141007538334563 -0.0180587630528257
-0.026292597563617 -0.0379771706085951 0.00112918377977142 -0.0356100484042582
-0.0117104187203095 -0.0576429262683493 0.0283314375453708 -0.0452093215857935
0.0250724279889097 -0.0620148645705382 0.0620445512325371 -0.0300565525420505
0.0599375631901673 -0.0373934636895617 0.0722842969134904 0.0190972394877683
0.0766466678415453 0.0345174280764832 0.0245497399563272 0.0548701108241863
0.0184955589322921 0.0908487524715014 -0.0344756387965565 0.0317709225317959
-0.0411793816631824 0.0888090129397412 -0.00346301265286209 -0.0333233714851696
-0.0554065592162769 0.0381180279851939 0.072148048187921 -0.0686215600961817
-0.0311146539672352 0.0642631150666294 0.0901821424825418 -0.0556571686513356
0.0170046053044077 0.0610819202101584 0.0723258818246589 -0.0720935764526545
0.0499051884850673 0.0133223811790083 0.0183244580727704 -0.0745401294385515
0.0377113808819075 -0.0266103835920053 -0.0121176278073439 -0.0572123050670091
0.0105746848244194 -0.0426407211900364 -0.0341821332646611 -0.0421896336857381
-0.0141425556721215 -0.0353856792277244 -0.0379133764918952 -0.0298684589420646
-0.0230573386734342 -0.0282013150415885 -0.0233669743302152 -0.0312559049263527
-0.0197740085537048 -0.0280655847791508 -0.00832666935124977 -0.0477453504025033
-0.00870354806098564 -0.0424260285651355 0.0217474359883957 -0.0571974789628605
0.0194770913270991 -0.0454277912834632 0.060775122884262 -0.0430674759941757
0.0472832607026315 -0.0254437918448942 0.0750837655159566 0.0104636494532154
0.0547170042111335 0.0321531444785734 0.0300153248862718 0.0462629454452389
0.00272754991794223 0.0692021011767273 -0.0266402740021742 0.0232864426439738
-0.0381581427496654 0.0566070278247585 0.0126489174237741 -0.0493649611265767
-0.0293605364386475 0.0032372677512206 0.0823584140805323 -0.0855557585583279
-0.0252830563575756 0.0232178043484219 0.0888578424447191 -0.0605634602529374
0.00168639849133017 0.0275900797955737 0.0717711972020393 -0.0686757191701677
0.019516574840216 0.00728012589327635 0.0288545124535932 -0.0702632900009924
0.0148969714663736 -0.00988416036592827 -0.00346219886676049 -0.0643083850793332
0.00610036189345735 -0.0174601341672998 -0.0333978407449239 -0.0531698913112409
-0.00584476956886107 -0.0164456528548703 -0.0418544546759216 -0.0410814738584149
-0.0114622889314994 -0.0133320872751911 -0.0287841100448612 -0.0395839587620506
-0.0106713544259721 -0.0156353331258182 -0.0136820609838972 -0.0548620872557988
-0.00546929713385479 -0.0239102697515194 0.0190376834464778 -0.0639534232736285
0.01191015222357 -0.0264008451136949 0.0609611015859591 -0.0495627126830945
0.0318058633327029 -0.012331741411679 0.0757008754702823 0.00832525238635142
0.0300418328313993 0.0274274109664174 0.0319355475033599 0.0430313057393373
-0.0113565418685283 0.041622661736438 -0.0202494994995492 0.0190276096652815
-0.0312767067397894 0.0190711331852105 0.0259105950942836 -0.0555747064757556
0.014039122550598 0.0151158855831761 -0.0263942631766262 0.0707454053160901
0.00779728739564339 -0.0105144850182787 0.0373680479991192 -0.00829301872595707
-0.00685205721209812 -0.0104323271553366 -0.0272937792721803 -0.0559213710458827
-0.0069582565704135 0.004725191773564 -0.0840246141959002 -0.0157537766456848
0.00356579762853672 0.0045541054972363 -0.07208456211587 0.0584726963517459
0.00212569591195434 -0.00124395970611832 -0.0159860797641032 0.0774756212855934
-2.97275176811798E-07 -0.00212320370485481 0.0189883479012439 0.0596963380939352
-0.00232272155964059 -0.00551999540612921 0.0355979972047131 0.044509856116351
-0.00375254382155193 -0.00600428595949918 0.0464314666408114 0.0386082706753282
-0.00125874746457421 -0.0106952721976232 0.0437599205663583 0.0512003511441794
0.00856380256972123 -0.0104705585152293 0.0176080477256891 0.0655613373475824
0.0124894694757166 -0.00215167589766926 -0.0224266936118277 0.069697903702493
0.0173515999142308 0.00700572362041391 -0.061766921705818 0.0753410141311639
0.0121169042558773 0.0199281340114575 -0.0907703503449527 0.0673453367689015
-0.00029665046121948 0.0363819648444777 -0.0868133739188504 0.0903966310669654
-0.00561131182517599 0.0478012750594881 -0.0269723152139242 0.0641456064157615
0.0143133524416409 0.0208644332386858 0.0417057969128527 -0.0107443908692105
0.0151542864225192 0.00488355355220243 -0.0186459209244633 -0.0633348340490565
0.0137246482893419 -0.00482742102149675 -0.0854404835572592 -0.0265529512069282
0.0138435579851615 -0.0152768363433743 -0.0756514276995724 0.0502190168752607
0.000464213579855476 -0.0223765243351034 -0.0223546492656202 0.0726321582685837
-0.00991309957881546 -0.0179925943806323 0.0140361233596346 0.0569577887550489
-0.015245667095455 -0.0207110169012486 0.0314749791042537 0.0402216049956328
-0.0149902120387309 -0.0244856919439818 0.0452493788805983 0.0290501841313986
-0.00359912564184206 -0.0395480242429938 0.0492157640844302 0.0386699126879334
0.0268638797930274 -0.0368128966668746 0.0342771783976258 0.0570737039496395
0.0460234296034843 -0.00899050662971405 -0.00179829634778004 0.070801341842034
0.0465314275622713 0.0352849916297359 -0.0475538249939441 0.0815973024760625
0.0137284691368291 0.0669099838934738 -0.0794652345178962 0.0670401243664731
-0.0229639454644398 0.0774717342103542 -0.0740052698055064 0.0760480598225936
-0.0287304867861242 0.0740941460646353 -0.0193953895467172 0.0461169611007891
0.0147310979138969 0.0559691346138658 0.0494756733467241 -0.0161101463154991
0.0361940855331902 0.0268811060416773 -0.00251583009454205 -0.0734494054284813
0.0373994242284311 -0.00990536860420792 -0.0797650595677828 -0.0435308234684925
0.0271295962690357 -0.0338759401578965 -0.077334849183629 0.0340362693191156
0.000883946005953715 -0.0427440659299146 -0.0301717839513016 0.0595310168112055
-0.0186379121032307 -0.0332702138934526 0.00378044212384849 0.0479701471704241
-0.0257839322785342 -0.0332899612686943 0.0227433381561287 0.0300357913383438
-0.0239710864135219 -0.0368843380290162 0.0376574129003244 0.01420605334734
-0.00877708508301024 -0.0597403053950573 0.0506280969304172 0.0171639005379258
0.0341703019994499 -0.060151186639448 0.0515584405256098 0.0375493070499522
0.0666655395190573 -0.025745396479459 0.025442111042213 0.0642506856960008
0.075912790399524 0.0447147298303449 -0.0247881290212639 0.0840079203383347
0.0243685619376554 0.0981536298751481 -0.0651465744952265 0.064179340675832
-0.0337201832990267 0.107618501932184 -0.0566250078430561 0.0522259433975447
-0.0509279134065656 0.0885486274538803 -0.00264963043786227 0.0197139918555047
0.00684861267193473 0.0861669665902933 0.0609032089426849 -0.0260585241512067
0.050224874482286 0.0528112077074772 0.0183013627654925 -0.0827324999694935
0.0613777937752885 -0.00870176479643036 -0.0642257349496053 -0.0622481508909958
0.0407048803264887 -0.0469634646817181 -0.0710205844173347 0.0104285638525865
0.00333755306776553 -0.0592943084630028 -0.0366062804755488 0.0375197129203541
-0.0238986549198982 -0.0449931751390517 -0.00805382615340989 0.0318505197030615
-0.0326281148674605 -0.0406985832444969 0.0106694847483341 0.0152658949322222
-0.0296372357803805 -0.0428810438058857 0.0267152184387167 -0.00396906097675226
-0.0144853191482014 -0.068776271432795 0.0454380345974514 -0.00790136195662515
0.0314493852969173 -0.0742762909270671 0.0619248629422275 0.0110723494944847
0.0727501526969114 -0.0415420212824732 0.0509073370808869 0.0490404526543185
0.0935603330526579 0.0403638709493558 -0.000958992284085613 0.0780586039563051
0.0343546600533897 0.109922310855718 -0.0520582274195062 0.0561782607799765
-0.0371404924532138 0.120124757216273 -0.0384859988427406 0.0223473429559521
-0.0655367462920991 0.0872034880369379 0.0211225192452288 -0.0130879198275895
-0.00782733633064039 0.101364506345591 0.0720489034742574 -0.0379030429994965
0.0512134461444667 0.0729097670302969 0.0412506341653186 -0.0856817250416017
0.0751562996654051 -0.000596282179466844 -0.0374384929481338 -0.0758714993989553
0.0500723911372756 -0.050355282587754 -0.0555928649997686 -0.0174326897207935
0.00684024103721539 -0.0662911058039519 -0.0394413491345437 0.00940047112551919
-0.0248893729415782 -0.0500544469872535 -0.0205637882307236 0.0112110231025206
-0.0347995427811564 -0.0416412494437517 -0.00248436355966723 -0.00108798618173352
-0.0312017559203847 -0.0422590195636982 0.0125092779780792 -0.0213095189774021
-0.0166907745113043 -0.0668378466093534 0.0358665520714736 -0.029696084298618
0.0263008867114635 -0.0744665474490059 0.0635191075306131 -0.0143282966048779
0.0676392028504795 -0.0465289573167379 0.0658615695957504 0.0300717680626476
0.0927495048707374 0.0336994401387578 0.0162286281015707 0.066512689627844
0.0344994692305979 0.105006740713765 -0.0424280687955211 0.0449808644144553
-0.0375525579768054 0.113145704764797 -0.0208275556163709 -0.00790700003049647
-0.0666696550848278 0.0702168269011133 0.0473362168666249 -0.0454767015262784
-0.0217983128801087 0.0938262233684503 0.08227600773925 -0.0500131228139437
0.038159070778891 0.077410711573477 0.0595027204169043 -0.081969392704767
0.070919175908697 0.0086818053487892 -0.00812298585817414 -0.0793926695155115
0.0491039202106119 -0.0427411028665862 -0.0341901516090234 -0.0412381033104972
0.00913631015382704 -0.0600004178463582 -0.0384810300761536 -0.0187037218531465
-0.0223363976498825 -0.0466010541668419 -0.0313952597743921 -0.0104621466579454
-0.0320545986489832 -0.0369040178780149 -0.0151035935252094 -0.0172590706444553
-0.0280634722439073 -0.0364151983675466 -0.00110932245547892 -0.0359324756281673
-0.015114950144585 -0.0567276811618645 0.0259414455921024 -0.046662118868887
0.0214584319278207 -0.063100087963592 0.0613726066158145 -0.0338787820703574
0.0577988778880413 -0.0397545261737044 0.0727619565435112 0.0149785223586766
0.0781378748106301 0.0301546129297306 0.0262695291594121 0.0538985702289093
0.0230158744532613 0.0900640011093604 -0.0342465352175312 0.0333581761370769
-0.0368947798808724 0.0912682202116651 -0.00479916008219764 -0.0325023496168979
-0.0528480452098641 0.0409321145283228 0.0688672994683893 -0.0719245513766293
-0.028179576515823 0.065442141817022 0.0874469072453697 -0.0586037264066195
0.020300740496554 0.0595879661382498 0.0693435115443274 -0.0752394225815572
0.0500139376545386 0.0110282885577918 0.0160309433448125 -0.0756165842455745
0.0359777900501791 -0.0284720593475803 -0.0145144961936879 -0.0573763486898572
0.00808212967073202 -0.0430581510689788 -0.0364409029342441 -0.040827751684186
-0.0159927126393629 -0.034325043433308 -0.0392248109147698 -0.0280984417009874
-0.023855585505429 -0.0265629673681709 -0.0248775193818638 -0.0298108620884863
-0.021101497382354 -0.027390456996518 -0.0108229858588839 -0.0471344016478338
-0.0108916317283277 -0.0419500323031032 0.0188985978879573 -0.0584347516653283
0.0170882446156467 -0.046337345355422 0.0589388640107363 -0.0464304386060956
0.0457303731787831 -0.0273198412368482 0.0749860795131907 0.00676846186306692
0.0560907481554409 0.029002886922309 0.0312538578862195 0.0453202901730675
0.00652220742761739 0.0688110726043214 -0.0260407950023492 0.0249340207486686
-0.0356682578390721 0.0591901452499012 0.0105036253606655 -0.0496285380622408
-0.0287485801683972 0.00530236546608753 0.0791300020056012 -0.0888708731399281
-0.0237891410994887 0.0243274800262493 0.0863900254096289 -0.0640757042086987
0.00279630819202598 0.0270843022141875 0.0687950618142148 -0.0718392576347325
0.0192734866139449 0.00667857169922922 0.0259000724220386 -0.0716360508439989
0.0140771140719877 -0.0105040577883856 -0.00633497324777628 -0.0648497582157962
0.00501984655718252 -0.0177729864889939 -0.0363372682267363 -0.0513182679318171
-0.00642256715117432 -0.0154970647409658 -0.0442305886121627 -0.0376684788265609
-0.01205852600455 -0.0123224648561063 -0.0308119723224383 -0.0368454626389613
-0.0119874255943261 -0.0148588489929079 -0.0165411538369784 -0.0536722659052395
-0.0071429848099109 -0.023854225202052 0.0162005811478233 -0.0650190850433599
0.0108584232936363 -0.0267397110106172 0.0587305531314027 -0.0532334967886714
0.0310255937536837 -0.0137559077424812 0.0763742216514813 0.00494066469369213
0.0312534461033158 0.025390558242608 0.033566326413411 0.0418396137419339
-0.00886368037298998 0.0420796478230028 -0.0196235855630605 0.0205759678282408
-0.0305410410941325 0.0209954632284127 0.0234839844219308 -0.0564586364324179
0.0141145573155924 0.0147077916947419 -0.022073012558463 0.0702717464514867
0.00674807365691084 -0.010169066328505 0.0354736667131891 -0.010427377278561
-0.007178601362369 -0.00979459403249406 -0.0291055074371213 -0.052818759135908
-0.00642941929509734 0.00443123545645421 -0.0821514076981623 -0.0118109813862728
0.00346045692990548 0.00406521702420256 -0.0663096396603599 0.0602065785110761
0.00168166464697681 -0.00145180094392219 -0.0117286365624618 0.07557835735579
5.67249854811974E-05 -0.00210607237726542 0.0212991953516787 0.0560509643675136
-0.00314786756075148 -0.00494600370220166 0.0371318282672043 0.0408493180945141
-0.00414683161846024 -0.00610788519226823 0.0471068326441115 0.0345005369674136
-0.00218865698969796 -0.010245635662071 0.044982481936377 0.0468677169727336
0.00745932572352819 -0.010726584254964 0.020817471974849 0.0631351538078026
0.0119556720558412 -0.00239851451623926 -0.0187053533437074 0.0695813486461845
0.0171923679238109 0.00574709392011426 -0.0563450044302684 0.0764089398580909
0.0128390639136494 0.0188919409213177 -0.0851305255822758 0.0684141879683823
0.0010252906404632 0.0350129500447952 -0.0800029047524804 0.0920214916862887
-0.00284772771296219 0.0470293625761947 -0.0227688976310158 0.06350557696243
0.0148322942414035 0.0197890383979443 0.0395546240552311 -0.0123256327780026
0.0148910196807559 0.0040039745543162 -0.0207050204457177 -0.0602195542640703
0.0126424001827934 -0.00534034914278758 -0.082910935728638 -0.0216530598263062
0.0129243807519044 -0.0159860996069399 -0.0704790618421696 0.0528216443871928
-0.000876611438353292 -0.0217467616976476 -0.0177088329329329 0.0711304913482101
-0.0113203828921601 -0.0167706497101078 0.0162707135541478 0.0537669136153001
-0.0161777759567515 -0.019486880373049 0.032875096816363 0.0365982444570659
-0.0158577792681915 -0.0231019287538718 0.0447372683419038 0.0253639820964237
-0.00550382320323502 -0.0380624940646259 0.0504023787989268 0.0340194554670412
0.0239035470985242 -0.0373843932084998 0.0363468957029264 0.0539414430266218
0.0439564925647455 -0.0107893727872744 0.000772062141104136 0.069331663363868
0.0465847050824174 0.0314001497335702 -0.0422160553260022 0.0817085804451888
0.016416941433199 0.0646390397084037 -0.0740103179032326 0.0680355253215846
-0.0178237692095365 0.0765301593656335 -0.0682444637849345 0.0775241167572235
-0.0238646935564082 0.0737226349430859 -0.0169060277788307 0.0460563463260683
0.0169598186600289 0.0528768078726465 0.0467830094540142 -0.018225034970745
0.0365596399712562 0.0235604532976734 -0.00567727208838515 -0.0720061127575012
0.0354535558546393 -0.0116602546272092 -0.0792245673635224 -0.0382821412825373
0.0240139939515891 -0.0344508924576654 -0.0729133751940415 0.0365197095272045
-0.00185067232936116 -0.0414310753613942 -0.0259963525935018 0.0586849973385046
-0.020240410238167 -0.0312741738415963 0.00631295873245751 0.0456453908927112
-0.0267535654043663 -0.0306915693025967 0.0235893243989246 0.0274898318265686
-0.0252937023853847 -0.0348421549629036 0.0372502275336705 0.011194011268132
-0.0122855969665665 -0.0575613647008371 0.0504156458099918 0.0131501178053747
0.029648285895999 -0.0606979679580221 0.0524204447841253 0.0337817318346771
0.0632074230368977 -0.0282013852355798 0.0278027977862853 0.0617840800367464
0.0758025535274866 0.0391416976882999 -0.0203932643216383 0.0831719387697214
0.0286375174597526 0.0946269858050431 -0.0605848530103192 0.0647011582549138
-0.0277995175011412 0.106411273861226 -0.0528587142729704 0.0536449398067414
-0.044887506688822 0.0887418050394619 -0.00198912553976888 0.019627248118308
0.010528591707631 0.0826931747831805 0.0574058051055252 -0.0279361979443699
0.0519668176980185 0.048403784981507 0.0139444655895018 -0.0818045009579919
0.0588150574718598 -0.0114612490947786 -0.0646202519615919 -0.0570120625891628
0.0363954627708949 -0.0481605965279271 -0.0679076493296183 0.0132198600442049
-0.000378487968237728 -0.0575530454250739 -0.0333865328319016 0.0383406766440611
-0.0256129015226023 -0.0422424932944999 -0.00620382423402107 0.0310757643008557
-0.0338445260413361 -0.0370790286161663 0.0113426261437498 0.0140214903153376
-0.0313843372910931 -0.0402127955614064 0.0248582064150322 -0.00563303779485516
-0.0180647695287254 -0.0656042594823086 0.0439678418968671 -0.0103296650836694
0.0266037348978685 -0.0740205843986443 0.0611109477457312 0.00685362281729062
0.0684325866657538 -0.043969649342185 0.0508923778343583 0.0448469409414401
0.0927684674288951 0.0341432893746176 0.00246217092081095 0.0764090110513846
0.0397601840350088 0.10461968712774 -0.0491546844270124 0.0567228661337698
-0.0303472351973297 0.1188748401996 -0.0364139703362694 0.0238298734172451
-0.0590000301018919 0.0875343546128375 0.019289240893439 -0.0130905929890832
-0.00269213479999407 0.0986579078017156 0.0681100888808416 -0.0406199511851963
0.0538559075016839 0.068297790263654 0.0369169814810489 -0.0859842385856904
0.0724110069609854 -0.00433957205615299 -0.0386852157466183 -0.0714116604361434
0.0456709555745874 -0.0518836858541164 -0.053827877108578 -0.0147302011680057
0.00276147222133858 -0.0644236507400269 -0.0380964796732822 0.0114073824108006
-0.0269228858574142 -0.0470912933500306 -0.0192083360152385 0.0120891695555645
-0.0356663357152926 -0.0381670646322407 -0.00226626889722544 -0.00119838263353711
-0.0320359907384636 -0.0394032932187201 0.0102679947428164 -0.0214208367587806
-0.0202371918418625 -0.0638644605073273 0.0333188938205202 -0.0313974806877102
0.0216413316834132 -0.0734712343229176 0.0615294077869413 -0.0179451239443173
0.062745527422476 -0.0488120464241286 0.065054386653346 0.0258597044351654
0.0918202872902946 0.0274286379600065 0.0187735813281034 0.0638514419429784
0.0391196977333503 0.100402288809045 -0.0394966852792814 0.0458305091457808
-0.0304680285404994 0.112258106654841 -0.0205494848726566 -0.00606989201708167
-0.0606447116948455 0.0710477773257323 0.0435569379469181 -0.046086541518172
-0.0168583199136723 0.0918209574371698 0.077169686915575 -0.0517250211123315
0.0409729489932092 0.0728270536852355 0.0547636795282074 -0.0827726922318071
0.069246456333696 0.00453500786265653 -0.0103239227933028 -0.0764716897374557
0.0451654552176756 -0.0445942364500265 -0.0343383513248606 -0.0395550126202071
0.00506725107514795 -0.0587380369910546 -0.0386028165466711 -0.0163593865104393
-0.0239748309214677 -0.0437928107440156 -0.0308326463468597 -0.00815116549761723
-0.0325818777652682 -0.0332906666533567 -0.0152788307900785 -0.0158209356311986
-0.0291116176590089 -0.0337845697743339 -0.003208678665156 -0.0349318010819645
-0.0179736519104929 -0.0539084461116686 0.0229435491656985 -0.0466965695386788
0.0173694877727435 -0.0627614939901175 0.0579335273555617 -0.0368616846329196
0.0535631787936482 -0.041566262743242 0.070875382506551 0.0107233110135259
0.0771505654326461 0.0251202198093875 0.0275161386166368 0.0513456651962277
0.0271622275484331 0.0862628687581532 -0.0314740223442758 0.0347492610192369
-0.0317371578724447 0.0906921720672939 -0.00642312151454402 -0.0312136596260841
-0.0488581165144857 0.0425797009994667 0.0633763798316903 -0.0731036349645129
-0.0236435421088877 0.0645474286342473 0.0825117570456967 -0.060433315897201
0.0221591646185624 0.0569358204464053 0.0644271242396324 -0.0764500600757969
0.0486416247190745 0.00805176876314331 0.0122835912787241 -0.0739670193998732
0.0332748526107492 -0.0295620815999303 -0.016692681368535 -0.0562537416351181
0.00570583375297664 -0.0418925131062622 -0.0379807036825346 -0.037536965810898
-0.0171857710973876 -0.032416304263889 -0.0395624917321651 -0.0245665872295029
-0.0242296102178842 -0.0238274204269361 -0.0253173915562946 -0.027322295751937
-0.0218145822555771 -0.024934235068803 -0.0128799286687023 -0.0448190628633088
-0.0129871961888279 -0.0393905857073265 0.015812036227438 -0.0574315972020804
0.0140377860293524 -0.0454837425944322 0.0551863538600821 -0.0483204989881399
0.0425320692543551 -0.028977430310025 0.0729626023779663 0.00242870926221455
0.0556321849814159 0.0249606990889154 0.0319757593277756 0.0424689334524217
0.00990902375051639 0.0662271312686367 -0.0236331450521171 0.0262295712221977
-0.0317323034549934 0.0590893497008387 0.00758887910172225 -0.0482608138842315
-0.0273161297623589 0.00609197358473767 0.0727015029551077 -0.0897437702854335
-0.0220625182342015 0.0246703834417645 0.0808404709312084 -0.0653540560202505
0.00417389735079226 0.026290994187307 0.063730987163526 -0.0725953894501964
0.0187198101275656 0.00507946543148124 0.022407654970082 -0.0711887040227207
0.01299467316423 -0.0108264492031756 -0.0097657195837211 -0.0633921891433602
0.00337757263174091 -0.0174343829387471 -0.0379028487877334 -0.0477399411299523
-0.00717586424324789 -0.0148141698581525 -0.0448696035876319 -0.0336276176287615
-0.012489277744806 -0.0112468091035629 -0.0315221604373104 -0.0343345694099163
-0.011950824881432 -0.0138551188461554 -0.0186446843153933 -0.0507321598496516
-0.00809956537081687 -0.0222081817378285 0.0122417401380924 -0.0635672662959594
0.00908784923205013 -0.0258409033431264 0.0542633424755806 -0.054547881556881
0.0293505516689211 -0.0152536348344465 0.07394285497708 0.000690056257812412
0.0309324094287894 0.0230632582708892 0.0340404847152295 0.0390756910077986
-0.00626954918338642 0.0415128447387523 -0.0179986624714548 0.0214757370142743
-0.0279872875926678 0.0219056558195863 0.0194907518396312 -0.0556905247601117
0.0157851166123263 0.0126075146800098 -0.0135144178639273 0.0677971619474323
0.00568732812384513 -0.0104184598203698 0.03153731922349 -0.0137342473458226
-0.00860546794444296 -0.00807763599591828 -0.0331997273320916 -0.0463099814217535
-0.00577174021596797 0.0053340086710194 -0.0784670620415111 -0.000306056374447559
0.00352697066499622 0.00304828132784798 -0.0549801190733432 0.0650385586707832
0.00160918565643667 -0.00124921422211616 -0.00186289621870538 0.0725799910940367
0.000239674573824025 -0.00156647807771465 0.0261826125614873 0.0506417369361326
-0.0032460188190684 -0.00465330112575153 0.0393379086940803 0.0335197388575267
-0.00431024454658835 -0.00524128165822718 0.0479215953814187 0.0259222236594595
-0.00328884564149533 -0.0102133368864896 0.0482318375506955 0.0375067950009635
0.00603815130108818 -0.0117495221283439 0.0266045859292984 0.0572957807176793
0.0118290004772598 -0.00347715683510115 -0.0102915400361771 0.0684016802348489
0.0172637251132154 0.0034049379641665 -0.044078973547338 0.0784496872649401
0.0153610584723592 0.0171158746593178 -0.0712036511088616 0.0747480711545278
0.00672347339557022 0.0332700039588806 -0.0653005560066552 0.0981018609209751
0.00366984828474246 0.0463657054626313 -0.0149781804000105 0.058984960658875
0.0161509295906612 0.0168428749479008 0.0345106489561422 -0.0164688085324707
0.013929693578278 0.00160760018954428 -0.0273758880984662 -0.055754437557585
0.010754188644299 -0.00619989923300346 -0.0816240515403488 -0.00972544069878341
0.00916837390191977 -0.0167375128646056 -0.0606029520040153 0.058617782742847
-0.00357906010669878 -0.0199616030852887 -0.00889391772875799 0.0701430346546211
-0.0120486143969252 -0.014568671427115 0.0207853734486519 0.0492458299881113
-0.0175567062561644 -0.0164314016769548 0.0353157661745219 0.0299731127014544
-0.0172592893032635 -0.0199478090527027 0.0442228089617812 0.0176779210602456
-0.0101762987357194 -0.0352329691319315 0.0511936281582079 0.024527163699991
0.0172051292905129 -0.0387050763829588 0.0398308530659517 0.0459857399350829
0.0403312820007431 -0.0158677718363954 0.00894311046458761 0.0652775555413566
0.0485106974877325 0.023365950368236 -0.0289607656798071 0.0813417307948028
0.0239482719754293 0.0578321448561643 -0.0595179960618014 0.0744916873555464
-0.00659895572915915 0.0741570880872393 -0.0566437939738234 0.0841772662930037
-0.0132541030974073 0.0751698655910327 -0.00944640617186027 0.0390644280435868
0.0215966410852823 0.0478634195230547 0.0408210009663073 -0.0242945365406259
0.0369168173089504 0.0180201099812359 -0.0152778042596141 -0.0691182708087141
0.031848140649086 -0.0147428633732777 -0.0806894631832251 -0.0262440570289172
0.0181969251534103 -0.0350349568613656 -0.0652692165938667 0.0442749422414492
-0.00657694929941876 -0.0386325566257272 -0.0188999986108468 0.0595590440094138
-0.021850730449274 -0.0267830303371628 0.0102646198770129 0.042984793240543
-0.0289639237913817 -0.0250957528164544 0.025475381362274 0.0223521452951024
-0.0277102059905038 -0.0297148258077175 0.0351817017851409 0.00498586644598845
-0.018954046330211 -0.0521010124378943 0.0479915509105858 0.00489881642655578
0.0191514846741969 -0.0607358040933374 0.0523455991753597 0.0244553569310192
0.0563599620311818 -0.0341997967686061 0.0329197349204279 0.0537000319922011
0.0762396436391939 0.0265694623934467 -0.00706679015294518 0.0798122417204797
0.038842881569928 0.0841492040703383 -0.0462389697644996 0.0714193807320558
-0.011401778319994 0.102773005101892 -0.0452580127491874 0.0602670250918657
-0.0316151113599264 0.0919795947244838 0.00251164822134943 0.0110548408513573
0.0189972047855497 0.0767413147525634 0.0498487761922215 -0.035251123246617
0.0538692386434644 0.0390205685197116 0.00250045343946316 -0.0823263590106657
0.053621797183547 -0.0172098683286303 -0.0701504055206985 -0.0458977415625326
0.0285196018970258 -0.0497869711260255 -0.0646904680399794 0.0214814102269359
-0.00713376703932053 -0.0536763897544492 -0.0284447904612784 0.0407968174298693
-0.0287576526507653 -0.0362091044141193 -0.00326930355751027 0.0305171903763439
-0.0358924853931247 -0.0305971159633192 0.0118317688364621 0.0121936452874084
-0.0339908437401524 -0.0336933307576781 0.0215763768312863 -0.00867223064185864
-0.0254513362803583 -0.0585599062394149 0.0386869150795572 -0.016940578130082
0.0145059617531643 -0.0726686563538215 0.0574352643068845 -0.00172707420112368
0.058135771280898 -0.0495352106360359 0.0530526975654991 0.0347298561063769
0.0911098669961629 0.0191719355713245 0.0131746954625469 0.0706594186956819
0.0499383409254789 0.092538292379553 -0.0350723761840584 0.0626275972140069
-0.0127772503604148 0.114808292143117 -0.0326146733737954 0.030391385021923
-0.0452077701185119 0.0929292662330991 0.0205157060192655 -0.0227151444679184
0.00838986111432634 0.0925488628946751 0.0590191133289333 -0.0489211221096449
0.0578959829637217 0.05749230734061 0.0234094830564315 -0.0898735562683716
0.0672981198870883 -0.0117182102442218 -0.0481093966799413 -0.0638323674440893
0.0363965698052501 -0.0537830157713539 -0.0557883232357944 -0.00693291698779667
-0.00503323337131481 -0.0604659905885307 -0.0365322855137395 0.016212785446648
-0.0307860844973661 -0.0413093422700792 -0.0182017924232899 0.014339746782672
-0.0380418159903396 -0.0314666170270531 -0.00250146027662303 -0.000858490621371706
-0.0347784012342834 -0.033149284202381 0.0060974644706941 -0.0221106053857425
-0.0268326745657094 -0.056202262841683 0.0256061320905161 -0.0348361944157751
0.00991062542629544 -0.0714384468267932 0.0541256485946729 -0.0259501500315033
0.0524205421647353 -0.0534310618913646 0.06427154907986 0.0152961539659607
0.0894203487369361 0.0131752973551528 0.0269703409561671 0.057003873145263
0.0485892159556843 0.0876068088936312 -0.0277994978042426 0.0511915168723906
-0.014183270654548 0.108545986238467 -0.0215312499736324 -9.0154012727384E-05
-0.0491974586386901 0.0765146329388223 0.0401266668640302 -0.0553099145872599
-0.00574237342816096 0.0883206787049752 0.0665820205012076 -0.0604849706116675
0.0471794267779543 0.0630295325550053 0.0412712173700539 -0.089048268947373
0.064858684616871 -0.00342526446955607 -0.0214926444686164 -0.0728590373821411
0.0371794695604783 -0.0472603485191581 -0.0400952946240454 -0.0332195724495445
-0.00188989823182394 -0.0555291072281187 -0.0404757326204042 -0.00997410698332567
-0.0276522055760984 -0.0382115289923714 -0.0317850651147481 -0.00335613958485159
-0.0341382210066292 -0.0269618298134244 -0.0167461940898676 -0.0130537944381434
-0.0308999432636713 -0.0281804639498444 -0.00842707099548663 -0.0325899152642186
-0.0238503520283261 -0.0473464336343722 0.0143400753231725 -0.0479779629629054
0.00791578076780624 -0.0606335579380122 0.0493920878287408 -0.0429637813296682
0.044472476475756 -0.0453886189543303 0.0677101873388942 -0.000329748581854449
0.0751961741214362 0.0122066591356282 0.0338213624552349 0.0439462333983741
0.0359029796069855 0.0762260476094895 -0.0225458291830578 0.0396568024016797
-0.018068475261087 0.0882731973109635 -0.0108428916115327 -0.0264275918999957
-0.041600725222803 0.046894452940734 0.0552835355622293 -0.08075303585523
-0.0154833364852362 0.0631956955120662 0.0716481875038611 -0.0683646125627804
0.0273706841237753 0.0502184094139148 0.0512754567158737 -0.0828884549651972
0.0462491460310007 0.00216796986066523 0.00142749949266636 -0.0730138431800518
0.0277648148662779 -0.0316911736549595 -0.0253173376346211 -0.0513860879607576
-5.55106609593063E-05 -0.0400144297405067 -0.0415459187755765 -0.0304868061430651
-0.0200074949889115 -0.0282671292243708 -0.0414318534077948 -0.0181952878687774
-0.0255305777003356 -0.0195871249138225 -0.0272399447137697 -0.0219592751719804
-0.0236958721963544 -0.020443192601712 -0.0189268398062046 -0.0405043233081141
-0.0173012531071229 -0.0345939773644297 0.00656866125127517 -0.0567277376020632
0.00637781393548843 -0.0439082898245858 0.0452879878491394 -0.0529062493513544
0.0356529570489628 -0.0323110502774658 0.0688760117317645 -0.00781375718571381
0.0544214346444013 0.0151527706192753 0.0363522946923888 0.0360875799492085
0.0175529631202945 0.0601380094930794 -0.017393676894636 0.030515122893721
-0.0221555561292936 0.0583325797437787 0.000355751944846795 -0.0450412719318586
-0.0250299712096936 0.00867863291597288 0.0606608804819292 -0.0946172732265919
-0.0174259470632355 0.0253986363168443 0.0698201885626821 -0.071787353908761
0.00663098785821253 0.0232498744539934 0.0523587073534151 -0.0774324602583128
0.0179967409545693 0.00338260403609557 0.0125419305318169 -0.0712319766246867
0.0109257576600867 -0.0118057316974624 -0.0177283814475031 -0.0594215629583745
0.00119175817704271 -0.0167644322779704 -0.0427582231822507 -0.0403806619112965
-0.00938161942000995 -0.013046704081066 -0.0467626516239591 -0.0264476755601592
-0.0126473277029374 -0.00875825076273712 -0.0336433224195928 -0.0280899547833844
-0.0132343777777935 -0.01075970787463 -0.0238510594698022 -0.0453347765990292
-0.0106254047521722 -0.0188621160016168 0.00329150441871869 -0.0610985216715319
0.00448014731161201 -0.0252080498733032 0.0443232788321121 -0.0582844831360488
0.0248995865071011 -0.0177911138828534 0.0704496296148045 -0.00888527222483432
0.0322313968811171 0.0165730470220799 0.0375250033920242 0.0331870850113093
0.000284321199309556 0.0386199972758307 -0.0133561397671127 0.0248111819494283
-0.0235636768627174 0.0234853601016678 0.0111063515079989 -0.0541759763987582
0.0150260150280878 0.0123356658742016 -0.0136846795849716 0.0642955956986786
0.00520826928082252 -0.00960838253466982 0.0299010009824717 -0.0127110270762372
-0.00825654012251692 -0.00800344776334355 -0.0308325918846731 -0.0441735027354487
-0.00548431361127575 0.00519052715482334 -0.0747738339389297 -0.00170732580081028
0.00331417907202983 0.00271031002401181 -0.0522237352958152 0.0613885941653989
0.00155231934132451 -0.00150343744805386 -0.0023079554669983 0.0685931250043647
3.80269096377688E-05 -0.00168330190121321 0.0241953492475571 0.0479069115978265
-0.00328489805026573 -0.00445810855422399 0.0374384136635715 0.0312750590479955
-0.00404424503155284 -0.00514005657915588 0.0449563498048654 0.0241371908502131
-0.00311093615542128 -0.00974468640215845 0.0458255059221485 0.0355630170930868
0.00545689813605731 -0.0109360187230911 0.0251877319313755 0.0546948087748143
0.0114207448682562 -0.00330183309118934 -0.0106394591389052 0.0658753874376604
0.0159615350863887 0.00348847444507536 -0.0426666577501378 0.0738447253782839
0.014329861404926 0.0159776336659455 -0.0690498313093191 0.0695888098028618
0.00627940033867471 0.031807195982693 -0.0632555869253326 0.09205503783256
0.00347370516174986 0.0444776230071978 -0.0142926225031115 0.0560912359761061
0.015277231370012 0.0161335536027728 0.0327762569780921 -0.0153979167331499
0.0132011715832086 0.00179877698815414 -0.0251002708337493 -0.0533094069737876
0.0101202196542165 -0.00562447787287743 -0.0775262822109889 -0.0108050089318637
0.00906976806016705 -0.0155204610617154 -0.0578854978746781 0.0550005343366906
-0.00307768295699342 -0.0189949815127432 -0.00874355415756317 0.0656802808585906
-0.0111401120894787 -0.0134620662695857 0.018908899483164 0.0466187875310652
-0.0165636638025174 -0.0150483005277384 0.0327494690004432 0.028429487657713
-0.0163564240464037 -0.0189072724631939 0.0415082270813398 0.0164487415397912
-0.00942506820416683 -0.0335254690434748 0.0480965979498281 0.0228058804242714
0.0163389043876769 -0.0367862030845465 0.0380645871593086 0.0436939613411726
0.0385011654448988 -0.01437396128883 0.00793432752547007 0.0625146610725558
0.0458838431672518 0.0225466373278174 -0.0284158131101859 0.0771024382941287
0.0220919607349449 0.0556187376921742 -0.0579128289718075 0.069828391107221
-0.00662427866971583 0.0707626375071438 -0.0546803923213358 0.0792134182375195
-0.0129569022390593 0.071462436099036 -0.00916553597036768 0.0377756399429181
0.0203024886208095 0.0457645440897877 0.039112481104439 -0.0221978346319511
0.0347812861839927 0.0169529570357992 -0.0133658474129022 -0.0662442466141181
0.029868263016096 -0.0136749663699321 -0.075600427393951 -0.0258626490215783
0.0172662395490804 -0.0336925092574018 -0.0618895060078496 0.0413302257564419
-0.00640541948298217 -0.0365547455381493 -0.0180525540252067 0.0558623682196709
-0.0209440513977585 -0.0253160593843012 0.00936888335211332 0.0402939007077599
-0.0272617699229809 -0.024154598731157 0.0239271342463773 0.0214734326636312
-0.0260356290078578 -0.0283538914788919 0.0326306500560226 0.00473237365299342
-0.0179572553793202 -0.0497308103929664 0.0451148835843787 0.0043197044958166
0.018270407946151 -0.057983195566544 0.0498209024768504 0.0231458848492813
0.0535134280020691 -0.0319222804196569 0.030316774680947 0.0519927677808361
0.0720859524146049 0.025453353934715 -0.00787916955842286 0.0761811750029604
0.0364021663127235 0.0808508648722397 -0.0456288064192668 0.0671230583369981
-0.0119816062771682 0.0981392245779844 -0.0434112867515479 0.0566336264802446
-0.0300824824548409 0.087076068307219 0.00220649349693445 0.0107714170358043
0.0173680596007436 0.0729325445548892 0.0474593757992924 -0.0328081971574647
0.0510051776065637 0.0369931292245563 0.00358984332851998 -0.0784600967165044
0.050730390319723 -0.0157533598483651 -0.0650916909824909 -0.0448950306661243
0.0269683329182651 -0.0473807089745349 -0.0617469297066621 0.0187637146476421
-0.00689658136137192 -0.0510358155081766 -0.0275700804941027 0.0386426254599981
-0.0266684077828363 -0.0342490934719129 -0.00336121925362727 0.0288746924777077
-0.0340630299309574 -0.0289186183387966 0.0114296487822333 0.0108087645210263
-0.031868385989222 -0.0325921159024092 0.0194852894904739 -0.00869512403448442
-0.0240692583648968 -0.0558298701335101 0.0363416119063898 -0.0159022740019861
0.0136635171612675 -0.0695196991830811 0.0544331002621637 -0.00199716875349472
0.0556451543044042 -0.0465853722403277 0.0497133095574548 0.0337674815329312
0.0864549235479418 0.018516640281746 0.0111880779820733 0.0675761364855978
0.0468468137011655 0.0885561272204919 -0.0349166868707316 0.0592405460609647
-0.0130759162632929 0.109072843477459 -0.0314433740768975 0.0287967476321188
-0.0433433245789831 0.0875393615049979 0.0196572740701538 -0.0213309927643278
0.00730952018989007 0.0881692124956903 0.056366373594817 -0.045290706814267
0.0549364443186585 0.0549341837676852 0.0235707955045262 -0.0856580786949834
0.0638927838935957 -0.0108324528790631 -0.0441724884786936 -0.0612288208395201
0.0348525711025515 -0.0513023317263813 -0.0529304596294322 -0.00811044259290961
-0.00486383470137981 -0.0572278364827349 -0.0350132535296892 0.0151603619527163
-0.0287958072435861 -0.038945414061859 -0.0176264184535586 0.0135730513963072
-0.0357223507138502 -0.0296135808233002 -0.00257446102297046 -0.00101417019999977
-0.032886847526103 -0.0316085600617038 0.00511350642899951 -0.0207141253373379
-0.025618119824178 -0.0535474257041675 0.0247323024636588 -0.0328972317019058
0.00918989705026291 -0.0681581113159195 0.0519744153802386 -0.0250254127195816
0.0496281327544837 -0.0501708525827327 0.0603437801973735 0.0145393759356329
0.0847669119787952 0.0123812162573077 0.024854225113462 0.0545468238460151
0.045825520949628 0.0838953397854837 -0.0275532805972864 0.0484146121025007
-0.0142114094190705 0.103595977527984 -0.0206476472203745 7.07636438747442E-06
-0.0474939046771299 0.0721595995000091 0.0387038693275271 -0.0521100390278594
-0.00623336240132576 0.0836681664025174 0.0637473619248033 -0.0566035630900827
0.0443499910563359 0.0601917423628433 0.0404890056728173 -0.0843081016303301
0.0616983514609413 -0.00234828299343999 -0.0187014851034422 -0.0697392024302314
0.0347786084820865 -0.0446114354725466 -0.0378742808498589 -0.0330086296958755
-0.0025275371736027 -0.0527424204405757 -0.0387773394654745 -0.00947591950765178
-0.0260207381290749 -0.0362457800537091 -0.0301654952053308 -0.00307605642129507
-0.0322350449296765 -0.0258237236519138 -0.0154282602797726 -0.0122907952788109
-0.0297663057291918 -0.0270369903358515 -0.00798582811191025 -0.0307159741670987
-0.022197202826671 -0.0453567973917105 0.0134902493336119 -0.0457104966875225
0.00740013367406333 -0.0573802300155625 0.0467900923907199 -0.0406619325404614
0.041953750559011 -0.0428809825319201 0.0637450971566927 0.000692519911079136
0.0707133957772791 0.011824668327415 0.0310139809894681 0.0431472160806843
0.0342949539448716 0.0727069024058428 -0.0219225521483456 0.0374582812681555
-0.0174797816157922 0.0837994896219936 -0.0103937079036047 -0.0248077837957813
-0.0398853738713115 0.0440603288438462 0.0530969118939377 -0.0757714043005026
-0.0148073663288479 0.0596386225609338 0.0690345636496823 -0.0637425704323427
0.0252718066572167 0.047491972287497 0.0496783852833661 -0.0781484728250149
0.0439310641552232 0.00253428783026499 0.00301051750635738 -0.0701747977498752
0.0260858653664316 -0.0297899167966203 -0.0233481127482835 -0.0498696332718187
-4.36173979932795E-05 -0.037550168569697 -0.0398993745423466 -0.0290201869436912
-0.0190542180399132 -0.0268911540246828 -0.0392472961138301 -0.016861230345358
-0.0239950663125061 -0.0179339445547434 -0.0255916881049166 -0.0211523902465588
-0.022057503834094 -0.0193096545033557 -0.0173240051704063 -0.038236412670228
-0.0164059344035272 -0.0324134215170713 0.00617659150415671 -0.0535848254903443
0.00631667960438682 -0.0417143807564753 0.043052196166299 -0.0506399366241714
0.0334695847027208 -0.0299748405490293 0.0652509168223441 -0.00646020178875952
0.0513862311152495 0.0147882908453388 0.0336078740079216 0.035189634626598
0.0164987990529065 0.0571705342335997 -0.0172802800393982 0.0290714990001591
-0.0212645813397133 0.0551022381210263 0.000520197227166664 -0.0426383996782351
-0.0239364786746478 0.00823006336765564 0.0586204121734054 -0.0896881705042753
-0.0168790672379068 0.023798171809708 0.0677566422150146 -0.0670103604834273
0.00587470834283088 0.0221357061048546 0.0507285956338638 -0.0730569241948396
0.0166280788063719 0.00297742437768243 0.0126651587151227 -0.0679563305528295
0.0105483031888309 -0.0113179364818658 -0.0167608347395565 -0.0573741902746075
0.00113681146155491 -0.0159586644594329 -0.0405492773486866 -0.0386176239964132
-0.00870360253482977 -0.0121047550762946 -0.0447680186610325 -0.0246004938819044
-0.0114913325057328 -0.00785813596347615 -0.0316128737322759 -0.0270087847453091
-0.0125804990389235 -0.010544017920062 -0.022015293403583 -0.0424471849912602
-0.00980239818899401 -0.0178154263101778 0.0031860339371875 -0.058453024932376
0.0044676601983097 -0.0241554895766227 0.0423916357348091 -0.0551673524846261
0.0234043401404396 -0.0166519682323158 0.0667111147315572 -0.00796803548734028
0.0302970387586629 0.0157105131375998 0.0349909925282227 0.0326126254679082
-7.24680278141165E-05 0.0371203507880449 -0.0129886580308738 0.0239841180225131
-0.0221635715289723 0.0219950025841424 0.0105004871533009 -0.0509801066413391
0.0144619909619004 0.0126841615096043 -0.0156985748117311 0.0627453188279879
0.00523555622858787 -0.00889286135032895 0.0295741745410372 -0.0108413380172409
-0.00765191039011014 -0.00787525616896342 -0.0283595535761738 -0.0444354434024591
-0.005808383380395 0.00477803576608039 -0.0729862688694181 -0.00475509936185842
0.00326277006278409 0.00267772705230096 -0.0525355142029006 0.0582779823812774
0.00160159763141379 -0.00127540833427511 -0.00456507290537088 0.0664394587218204
-1.36727286268233E-05 -0.00136679122880731 0.0214228542276536 0.0472537387900503
-0.00342885134872941 -0.00411633215013348 0.0346149438830447 0.0316122900770627
-0.00423873585928578 -0.0056646090000056 0.0429043918498085 0.0249762071570738
-0.00279236296304386 -0.00995852702135077 0.0432492774771011 0.0355289097031309
0.00602309143669471 -0.0108401717925594 0.0231189985970873 0.0540658876561007
0.0115745256468397 -0.0030030187363245 -0.0128506719659052 0.064673654465035
0.0152503827646719 0.00413299238461653 -0.0440623943722019 0.0701151932714716
0.0134436866534705 0.0159390438649439 -0.0705509330241957 0.0651298637488303
0.00511738777982074 0.0313033448645373 -0.0649355311828703 0.0878458404855907
0.00255835937979819 0.0434775252191895 -0.0161786860139514 0.0546647477874138
0.0144228568692655 0.0160544069239124 0.0325168972724218 -0.0130293891438839
0.0126775248644582 0.00217525930505507 -0.0220869282018384 -0.0530954776971528
0.0101421959470429 -0.00489813932252275 -0.074772827197341 -0.0131290839136589
0.00924297903640117 -0.0149793441243008 -0.0577211760911296 0.0516985839521684
-0.00281967900826527 -0.0184139077837697 -0.0105642503161542 0.063775719204897
-0.0107938044388902 -0.0133034179388544 0.0167943398390184 0.0458991074127504
-0.0157240951651609 -0.0154113549316549 0.0307915537271575 0.0280381877755887
-0.0150650701063138 -0.0190606886909331 0.0394247746701629 0.0170222837046445
-0.00869690291038983 -0.0329679900989045 0.0461967671044543 0.0232144712069915
0.0172683293400803 -0.0356379042425981 0.0358693052171376 0.0436157882743125
0.0383353512783864 -0.013011219585072 0.00493830143956037 0.0619958328630353
0.0434742744022815 0.0237769322766125 -0.030491750754716 0.0740622066804967
0.0194830659612727 0.0551367417481468 -0.0596841496656895 0.0653994334982099
-0.00861468574963874 0.0685832836373116 -0.056430081216468 0.0750139137348754
-0.0143561893288253 0.0693176235794445 -0.0108294621561556 0.0363704396279256
0.0184684009607471 0.0445432758999778 0.0382525968153215 -0.0199125701992282
0.0329625697313741 0.0178617535316289 -0.0104401330626355 -0.0654169036359942
0.0293709178513982 -0.0119433216916176 -0.0722714350359838 -0.0285044239205724
0.0176517020716411 -0.03232622556049 -0.0618714918381361 0.037766903339451
-0.00514765168099108 -0.035469646130791 -0.0193034622878658 0.0540101230319715
-0.0198181751272875 -0.0253450600457332 0.00795243401045113 0.03950223318654
-0.0258696109925481 -0.0239661172729388 0.0225835539990304 0.0211277732394386
-0.0242168828628947 -0.0284172999521688 0.0311175692923529 0.00563699338276873
-0.0162741194276077 -0.0489212119793991 0.0437565132722677 0.00474434029604399
0.0189935296097819 -0.0562225562842623 0.0478176052167253 0.0236615270986468
0.0529614576167622 -0.0297788092041086 0.0275615346715414 0.0520600678918704
0.0694371873250978 0.0276397331456264 -0.0107981880088954 0.0741068976524134
0.0333411348723635 0.0797826580244581 -0.0473323558551655 0.0638834856960429
-0.014715372736325 0.0957454235463691 -0.0444375308020082 0.0543417557064273
-0.0320154231122402 0.083863081299833 0.00205246681531862 0.011361524517797
0.0144363912785086 0.0715670944326737 0.0474830773286771 -0.0294764413371906
0.0484744273128741 0.0376724409940888 0.00667613997166136 -0.0770064566289166
0.0498529536138347 -0.0139837125986387 -0.0613207104260563 -0.0461072253737922
0.0273174583758578 -0.0449584659217434 -0.0605897222508212 0.0158558078952472
-0.00525750883757329 -0.0497509722130792 -0.0281284419352102 0.0367165331203239
-0.0254067484699501 -0.0345199639935739 -0.00430145941384364 0.0279409490816371
-0.0323335550984247 -0.0290269734087315 0.0107349839820776 0.0106504864326385
-0.0301186397382844 -0.0326404813280343 0.0191656984622475 -0.00765067319269049
-0.0220057968079952 -0.0551330941965441 0.0356457802821472 -0.0157001604655579
0.0146405705668573 -0.0676049306991414 0.0535540192159282 -0.00110565885298975
0.0552511097169174 -0.0435863045116929 0.0464133910258776 0.0347421864124191
0.083564910872093 0.0209227789942544 0.00828882457631235 0.0668411298605409
0.0431089703011615 0.0880302386277506 -0.0367733849303027 0.0566916313389479
-0.0166059146453115 0.106386205935145 -0.0317772097177293 0.0271919275842608
-0.0451632229094558 0.0844427237520812 0.0197257622991235 -0.0193758075581614
0.00402119141335153 0.086066773630746 0.0562113306179553 -0.0412576365065797
0.0516386633690997 0.0550029787971155 0.0262464799366345 -0.0829413911048021
0.0622206946498979 -0.00874779564553699 -0.0403770143816197 -0.0616378089578483
0.0349959930438881 -0.0490648897369267 -0.0513983680197817 -0.0103218281065167
-0.00321358836718677 -0.0560043196679858 -0.0348387893120911 0.0140179541608297
-0.0270610509404763 -0.0386119023090878 -0.0171079113817589 0.0124062643952865
-0.0340476198068164 -0.0297199223345545 -0.00266439418213443 -0.00120810373608756
-0.0311466278366659 -0.031677621611122 0.00571954144411553 -0.0203016089560416
-0.0237805370905106 -0.0528152659462562 0.0246178805415215 -0.0325173880384267
0.0107243451665938 -0.066330825499131 0.0517910604947306 -0.023254154977083
0.0501433020232006 -0.0472014417818467 0.0576318311288741 0.0167767844022704
0.0818366047601218 0.0147669866368706 0.0215981035633271 0.0548348031900088
0.042493573774126 0.0836121412198109 -0.0291353626875439 0.0469043601610149
-0.017356851843598 0.101295027636262 -0.0202593459345773 -0.000627033799524483
-0.0485038773023007 0.0687820863619786 0.0390708334671012 -0.0488843101935219
-0.00901987506992655 0.0814919128278629 0.0646617503466639 -0.0518599770858875
0.0407371390399719 0.059951954795827 0.0430449890512311 -0.0811350576938873
0.0597721274015866 -0.000943714527838871 -0.0148640950217736 -0.069004725074929
0.0353747077242311 -0.0424322851433119 -0.0358726759015516 -0.0343218267193099
-0.000730911025266006 -0.0512190429425356 -0.0377628892814949 -0.0106364602882897
-0.0244387621691318 -0.0357758762889784 -0.0288914260757333 -0.00360097230923602
-0.0307845527406451 -0.0259436377186393 -0.0148465705149945 -0.0125676898222048
-0.0277094161007529 -0.0269838146548772 -0.00704143948306645 -0.0302701048657305
-0.0203376422895449 -0.0442313969987543 0.0140165394727275 -0.044002881879061
0.00859036693891602 -0.0561468293799337 0.0472303696689641 -0.0391466244672842
0.041968366613999 -0.0403968154780083 0.0619118981161021 0.00282758867335047
0.0681458873300252 0.0137551234696002 0.0285900119484278 0.0432657918019523
0.0310393415211561 0.0720518973780328 -0.0232310236852149 0.0363802026981338
-0.0198833862753353 0.0819874725132105 -0.00906072650554655 -0.0245626876867515
-0.0403515639048965 0.0411567192132643 0.0549076788958204 -0.0719036215819745
-0.0161915690111842 0.0577948354552628 0.0691962559193828 -0.0589856073851471
0.0231948183793517 0.0475001616615982 0.051896484981376 -0.0745997652824503
0.0423207214772291 0.00406169384602938 0.00537531153429843 -0.0688992095539451
0.026485948661229 -0.0283224532566087 -0.0214718429197674 -0.0503297056916848
0.000831887088356322 -0.0367143588078797 -0.0382516489879027 -0.0293924573432546
-0.0179428370623523 -0.0265973418611601 -0.0379152200918554 -0.0175935861609138
-0.0224524797028831 -0.0182727477521732 -0.024648271273306 -0.02181967103561
-0.0208588009539864 -0.0196906706423964 -0.0158830473655297 -0.0376910133772552
-0.0150552937235123 -0.0320982123777091 0.00735123790984531 -0.0519637819425552
0.00751367155124649 -0.0407165947062098 0.043537228268024 -0.0484944788462235
0.0332507070940044 -0.028429060131086 0.0638254773639783 -0.00417185889329119
0.0488852270501828 0.0158704041750996 0.0308282323461056 0.0359850264549522
0.0147451707379488 0.0559963736723111 -0.0176669888010496 0.0280209368265756
-0.0223387736855198 0.0539207833646031 0.00179732145806363 -0.0414340612287045
-0.0236331676660123 0.00701074587887336 0.0607078093167243 -0.0852663275789235
-0.016594391287506 0.0227435079371639 0.0681952467601699 -0.0624464400715532
0.00519184832465336 0.0214432109591739 0.0522567261356021 -0.0692939792118492
0.0158469838064905 0.00366633490418797 0.015385735885165 -0.0662912291428494
0.0103556872474239 -0.0102943363916447 -0.0142249254453786 -0.0572665550371718
0.00172954421335526 -0.015477879664194 -0.0379552567550348 -0.0388196473833709
-0.00764275140340559 -0.0121144073560557 -0.0428367806775664 -0.0250038256279005
-0.0109569937818005 -0.00785974253881021 -0.0301432091554264 -0.027255286628195
-0.0116480061259278 -0.0102523525312001 -0.0205991481720942 -0.0422047592554584
-0.00876906380547901 -0.0171920075415628 0.00504514868514523 -0.0566427788503902
0.00510968600379658 -0.0230826190806826 0.042952177344766 -0.0532718759007784
0.0231298911202346 -0.0150674995629343 0.0651215450573372 -0.00553594858517628
0.0282575884162057 0.0163066840524362 0.0323001777656173 0.0335130284460827
-0.00121842717789034 0.0356950791559109 -0.0134212318243319 0.0228140754948008
-0.021684608562055 0.020556980557894 0.011799912210777 -0.0494092641654413
0.0145423142296187 0.0128516924464759 -0.0178289621179946 0.0626115429843739
0.0061398489833671 -0.00888554636163118 0.0299916319631422 -0.00961847658934596
-0.00762308430624153 -0.00810242796961643 -0.0268889928775466 -0.0457745274175152
-0.00560381492985298 0.00492148864211827 -0.0732708506735414 -0.00793164899837514
0.00329063984277958 0.00266689154055631 -0.0549590927310052 0.0569547037310205
0.00170002172328423 -0.00139592419704334 -0.00679000530461706 0.0672543909940282
0.000164151701495251 -0.00153352399052457 0.0192118125646471 0.048661187194231
-0.00293256501641752 -0.00442520256016483 0.0340266783155505 0.0326675494804878
-0.00367449703426054 -0.00590248741238137 0.0423612970493323 0.0260803160805847
-0.00235654185790274 -0.0101079339769696 0.0427017205086797 0.0372488364017253
0.00609626620453728 -0.0108503000006368 0.0214592785887623 0.0556853926476702
0.011907108057411 -0.00241362595996147 -0.0157247728054273 0.0649472920092121
0.0149614496735394 0.00452263698747066 -0.0471813395238199 0.0689252341915658
0.0125729550232789 0.0164263772863518 -0.0736668362610988 0.0625354732924514
0.00402621134689733 0.0316450789065968 -0.0691883940842875 0.0862850544130093
0.00120923076749413 0.0440154006505554 -0.0179364606549117 0.0549101587124528
0.0139443368336834 0.0169654557131632 0.0332465098822855 -0.0115662970666016
0.0122825538340479 0.00233223774203065 -0.0202284786824594 -0.0541929614355755
0.0099602258519147 -0.00462138145104585 -0.0752141307019413 -0.0167635164959405
0.00978618459606006 -0.0149477328283077 -0.0595299945532069 0.049869486198087
-0.0024668835899661 -0.0186646120477467 -0.0133962329733175 0.0638563312110721
-0.0103407883136213 -0.0140047984570562 0.0149686638923515 0.0464764404388863
-0.0156284556879297 -0.0158712324267379 0.0304018079189377 0.0288920332384177
-0.014909128407922 -0.0201872193480978 0.039389974986216 0.0183828767177689
-0.0079619416290398 -0.0340505360573264 0.045664847312288 0.0245712587246863
0.0179492683703789 -0.0358180628477239 0.0349419276827104 0.0453163895886729
0.0387878489883485 -0.0116988963992359 0.00237978863052037 0.063403861161361
0.0431803445528526 0.0256639310883872 -0.0336095489373263 0.073979261249113
0.0180568463981715 0.056558054009373 -0.0636340397531018 0.0632801641363908
-0.0114327938945754 0.0693644408734235 -0.0602677176014811 0.0740645383354397
-0.0169303982990965 0.0695579111287828 -0.0119735435531048 0.0370288201266977
0.0170288518575109 0.0461940220066953 0.0395195680739081 -0.0182704337618156
0.0331706574481392 0.0188358227731472 -0.00785066035878053 -0.067169964993263
0.0298824823591081 -0.0111470282556958 -0.0718834402616274 -0.0320816315019818
0.0186094482070861 -0.0320408865446736 -0.0635313634279504 0.035735649414103
-0.00431340086796446 -0.0361176160491093 -0.021468164675763 0.0535128134311084
-0.0191708028173648 -0.0259344128025845 0.00623604917870183 0.0396805949776304
-0.0250626003341422 -0.025063173262123 0.0216974622095958 0.0216509396211712
-0.0237746573150567 -0.0298003254793273 0.0307660205391754 0.00628766185584009
-0.014827704296238 -0.0499167256103132 0.0437856113177737 0.00593354609574588
0.0205588580419832 -0.0565135346907767 0.0484046651558413 0.0250939404156618
0.0547430646500533 -0.0281022469642956 0.0253182468848643 0.0541249792485475
0.069438312747943 0.0300091710833107 -0.0142778918957613 0.0748854971735993
0.0308489593206252 0.0823596030772228 -0.0507517503382075 0.0621498890789858
-0.0187008949846158 0.0970049781969571 -0.0472075707953343 0.0533275368298943
-0.0352032178311007 0.084064460575368 0.0017560064361201 0.0123318304334441
0.0124269799644874 0.0726827724333874 0.0485858826599075 -0.0272253582759291
0.0471824614996401 0.0394538145336883 0.00990440300198706 -0.0779563509205552
0.0503634849347204 -0.012179164392047 -0.0598499440921437 -0.0496627320464336
0.0287508349442308 -0.0447737548641974 -0.0615727182699547 0.0136531585202672
-0.00431238446707842 -0.0503344304687705 -0.0297706136331143 0.0363303090166704
-0.0248475134518372 -0.0355958938923379 -0.0049926461638605 0.0279712399780412
-0.0315790458552389 -0.030289770560813 0.0100565615247463 0.0106837614078046
-0.0292342191353221 -0.0340288879993756 0.0191720306370829 -0.00745431588944198
-0.0210274726334399 -0.0565682156380101 0.0364763712539702 -0.0148661999697622
0.0162642799455378 -0.0683583048351312 0.0539988764390673 0.000106014675672771
0.0572033897811219 -0.042587824255588 0.0455974696108745 0.0371592716620185
0.0839434876950206 0.0235807768976585 0.00557635434121834 0.0682738614698658
0.0408822304007848 0.0906147567963718 -0.03990046714076 0.0564444736250979
-0.020373468592985 0.10756977572762 -0.033482605725683 0.0266449433812786
-0.0486414092268548 0.0835872347816455 0.0207716602547056 -0.0184487641099113
0.000896431322171446 0.0870358382798215 0.0580204678256546 -0.038863401967972
0.050230183629785 0.0570162052426712 0.0298059805906066 -0.0829254931849629
0.062815167839476 -0.00649829522055108 -0.0378431925936959 -0.0646933233176889
0.0363809481880327 -0.0484305354436658 -0.051276523946111 -0.0131642472130722
-0.00188162310219726 -0.0567275829048124 -0.0359017557166409 0.0125925929279339
-0.0262790164142158 -0.0397441326561 -0.0177342998142181 0.0121503700081415
-0.0332953113124647 -0.0306898791070783 -0.0028364483278994 -0.00133756000816893
-0.0303514685319251 -0.0332182071851671 0.00597108269828816 -0.0200759517524161
-0.0225650981243127 -0.0541083661386198 0.0255028377755959 -0.0317576389077099
0.0124054754486632 -0.0670836125034095 0.0531986512190606 -0.0223121658786287
0.0518637640200077 -0.0461024633771898 0.0576665286582462 0.0190375691366094
0.0816936169922273 0.0174514846352318 0.0189904453980169 0.0571586760590236
0.0404747913207907 0.0860745149747695 -0.0315574487344849 0.0468185221683233
-0.0210826995770827 0.101909493268249 -0.0204117353953433 -0.00133707707044061
-0.0514352333046658 0.0682298749663021 0.0415376184282292 -0.0479851164005643
-0.0118849777561485 0.081825318675635 0.0668519015135822 -0.0491486188379023
0.0393776437040601 0.0615592815278292 0.0465449585226157 -0.080594463071411
0.0602622544075995 0.00135134180424371 -0.0117237236347974 -0.0710214712836268
0.0367052159394301 -0.0419195011226573 -0.0353697542488248 -0.0369836109047542
0.000590716433261149 -0.0518811423236299 -0.0380632477302356 -0.0118692053152632
-0.0236737099350209 -0.0368839863511732 -0.0290024297125084 -0.00485251650267901
-0.0298836367490093 -0.0265454802839919 -0.014786422246897 -0.0133273697142326
-0.0270816569143617 -0.0282082006898826 -0.00642426592253012 -0.0306023711676477
-0.01954555987459 -0.0453371603231701 0.0156094263642817 -0.0445784547408052
0.0102346923351744 -0.0566396604585453 0.0491942843605102 -0.0385110739719282
0.0434702338521808 -0.0390335036995906 0.062484757183575 0.0054869382042885
0.0678889469422255 0.0160209251836842 0.0260178137105401 0.0456013678280527
0.0294389487942271 0.073743386473148 -0.0249815597425282 0.0361776087953123
-0.0221804498952044 0.0820312705659235 -0.00852190240516603 -0.0248879630330782
-0.0424123845743094 0.0406232145984046 0.0581355031908343 -0.0710315991653271
-0.0184400085275481 0.0579541774707961 0.0720450947817041 -0.0558278757404634
0.0216520469192624 0.0482242810644622 0.0556261479142511 -0.0736030669705872
0.0427160342488538 0.00559662897336774 0.00974963721476181 -0.0696357759272472
0.0273924953794427 -0.0277833274992806 -0.0198410274016466 -0.0522787889883423
0.00236060779187622 -0.0374731817895355 -0.0377017492571841 -0.0312664415764981
-0.0172732704149691 -0.0271947566611996 -0.0371156333340417 -0.018595623768455
-0.021562865848039 -0.0183130489756987 -0.0242731386307687 -0.0226004976466871
-0.0204289963724304 -0.0204867211569547 -0.0148703261482071 -0.0384892015980102
-0.0139895593349697 -0.0327753441397027 0.00937876721636064 -0.0528401203892027
0.00864534813269307 -0.0409555935145446 0.0456599175618659 -0.0478687474002428
0.0346153395761018 -0.0268981332079544 0.0643759780802405 -0.00181668289654235
0.0485676047528961 0.0176307582067619 0.0296366447108537 0.0382142841375951
0.0131419918537735 0.0572325559235957 -0.0190398260368221 0.0280364307896723
-0.0240784132992234 0.0534649737601602 0.00255883803174845 -0.0411808490556337
-0.0243745985497024 0.00652376403929214 0.0651191763292063 -0.0834424924889104
-0.0175998418541504 0.0222911877612676 0.0716774547093005 -0.0598490662749175
0.00432582257926417 0.0215070547921695 0.0553490617003144 -0.0684713447468514
0.0155342792440332 0.00406096581189282 0.0185650631638083 -0.0669435403778092
0.010374655261402 -0.00996553076109142 -0.0130258239606188 -0.0590260495749641
0.00207472747268311 -0.0158534370029212 -0.0372505419653431 -0.0404557862228516
-0.00752627459355936 -0.0127128449112313 -0.0418753464378977 -0.026636363832147
-0.010305977789284 -0.00780689920000375 -0.0293539180988555 -0.0284655659587658
-0.0114857680285469 -0.0104384805862891 -0.0193584475415484 -0.0432538604515641
-0.00858107395153188 -0.0175411559084784 0.00692972694293238 -0.0574452297247122
0.00577545726514598 -0.023392014279 0.0452185965767433 -0.0520511470142192
0.0235476357377167 -0.0145509601898749 0.065772110327877 -0.0030902759257222
0.0274891025111053 0.0169350286696215 0.0310905636230249 0.0352644448997612
-0.00238665508492708 0.0360470180560016 -0.0145462693801556 0.0229308460419957
-0.022636179590675 0.0199627092313057 0.0137227260601901 -0.0491798271927106
0.0152826297886563 0.0139716377961563 -0.0190275632317728 0.0653450636508675
0.00677071993452716 -0.00921529640277474 0.0318548557411018 -0.00899307339347001
-0.00782878405672576 -0.00811892398410618 -0.0267620301862726 -0.0481909069126664
-0.0060786762259674 0.0047814635044735 -0.0775970648726469 -0.0100624489734068
0.00357230117517448 0.00270499621161583 -0.0578987185251422 0.0587765676933641
0.00128971229309371 -0.00168688523636106 -0.00793754732223336 0.0699547904249771
-0.000192509927887765 -0.00160703970510813 0.0192451178769732 0.0506879371605866
-0.00345710958927691 -0.00449540880241027 0.0346263390697241 0.0345671204397768
-0.00396612431376466 -0.00641085939650108 0.0428197864889896 0.0274866881228562
-0.00258856334714227 -0.0107615208379592 0.0442181597668304 0.0387675273900224
0.00667110608842217 -0.0115279936918545 0.0217728921111841 0.0582808411076163
0.0130589488963471 -0.00231128421769378 -0.0171547739167647 0.0681773927141216
0.0159044410060519 0.00529235008590341 -0.0505535216220565 0.0710984167700443
0.012941500190812 0.0172451491612564 -0.0784885777585566 0.0631173199096024
0.0038827444459635 0.0334594731858806 -0.0743265584936216 0.0887346418845678
0.000714502430191239 0.0457067679776106 -0.0191417633817494 0.0572360817784319
0.0147424822082439 0.0173459004666803 0.0349072799363825 -0.0111108900061255
0.012698854811885 0.00283871477209855 -0.0202122040450964 -0.0572105643605039
0.0105386985913863 -0.00425128905178325 -0.0779935291409434 -0.0188772753423146
0.010638697929828 -0.0156774283058405 -0.0629263030890824 0.0511123541225867
-0.00234220235864686 -0.0193598859766909 -0.0141749061129822 0.0664109137873278
-0.0109285419924084 -0.0149663088783875 0.0148381643397027 0.0482083582969737
-0.0154645627435953 -0.0164536962449357 0.0314053133205769 0.0304965723018438
-0.0151381097910293 -0.0211943249095704 0.040137410384415 0.0189893131362783
-0.00792918715126261 -0.0355812452605506 0.0471895307449071 0.0254569731298675
0.0187063439799372 -0.0369452455861547 0.0358666768094507 0.0474780769556468
0.0412786245912539 -0.0115363378909242 0.00124633604647051 0.0664531563010874
0.044416510040863 0.0272943276949775 -0.0369216408367639 0.0768453557845501
0.0182145835738851 0.0593023205869608 -0.0676793403775939 0.0653628280144063
-0.0130694957052094 0.072622525294863 -0.0638173803469922 0.0770115198224872
-0.0180038731418646 0.0723566562991874 -0.0128153489638417 0.0389423788293201
0.0171209670923765 0.0482719560004677 0.0412685209283199 -0.0173293905301429
0.0338283174243988 0.0201768291966382 -0.00676910177838483 -0.0700553469557008
0.0315202061461508 -0.0112917059181857 -0.0745010662469189 -0.0351508042914049
0.0196916123327556 -0.0333490928659432 -0.0663587883189503 0.0358560303368239
-0.0046873735083358 -0.0378173774024688 -0.02308926036393 0.0557662116509411
-0.019586917886879 -0.0275262942366188 0.00606415070583037 0.041435203225411
-0.0257201597786264 -0.0261087091811954 0.0226815550124497 0.0227489706012235
-0.0243433365171496 -0.0313814682750829 0.0320929523260212 0.0066059462617329
-0.0155781555550562 -0.0524055381519218 0.0453840415333828 0.00602970714123212
0.0214508129693158 -0.0587127516268425 0.0503038598488281 0.0260287727294241
0.0573127919298213 -0.0284943082646867 0.0255691101343454 0.0571497928269713
0.0721457943677496 0.031981003244954 -0.0159217824565646 0.0784159688937257
0.0316100427661363 0.0862964336173543 -0.0550590678742419 0.0639955829082039
-0.0206488138316912 0.101166069280374 -0.0499935088439639 0.0554117783856625
-0.0373030725988017 0.0871942136068113 0.00126563914440551 0.0132160110856512
0.0123310125606479 0.0760384433584545 0.0508605274065053 -0.0271468135033509
0.0491617311318191 0.0417012147819879 0.0123988138509561 -0.0814628431726956
0.0526525725450341 -0.0120695189079234 -0.0613210461704068 -0.0535778882966489
0.0303330661575519 -0.046620187377812 -0.0641668312042325 0.0129729587699138
-0.00409424731229939 -0.0523818921425658 -0.0313596781479191 0.0375682155499423
-0.0259696655627836 -0.0370858606694817 -0.00537918215071701 0.0287941041759202
-0.0324169736118148 -0.0315499991707958 0.010668538780112 0.0113211428676796
-0.0304635400414073 -0.0359434224707338 0.0196981176248293 -0.00794368523310908
-0.0219272965490003 -0.0591742901739729 0.0374730201682797 -0.0155895148745734
0.0171640997180005 -0.0710612153602961 0.0570209590864803 0.000144469228068886
0.0598646068670995 -0.0434772176938594 0.0465480101015328 0.0401776069500206
0.0872040912146351 0.0256170523473917 0.0039805338766311 0.0722300320488549
0.0422618239846997 0.0958079554361447 -0.0427092061458332 0.0581956245503245
-0.0223556741572865 0.112738397063988 -0.0353914150943057 0.0276407451110502
-0.0512650394410582 0.087184481314416 0.0216883762636579 -0.0184315346932873
9.61585585586448E-05 0.0912125297695125 0.0612561955683685 -0.0385944389310216
0.0518765995945145 0.0600751664068684 0.0323303906414666 -0.0868228217367054
0.0656341139290149 -0.00608360286088504 -0.0377271606757524 -0.0685352425502324
0.0381772411077188 -0.0505905960716509 -0.0532917130352881 -0.0150011857241726
-0.00178871653525203 -0.0591457563808283 -0.0375191557515943 0.0126456563204703
-0.0274594962174661 -0.0416079017855479 -0.0188605332549424 0.0123560743275391
-0.0344527514500083 -0.0318560524451648 -0.00280799605216077 -0.00169191328235704
-0.0314616742406067 -0.0352198976470876 0.00558363115035316 -0.0211553626931529
-0.022965192759206 -0.0571364259551493 0.0266074094495187 -0.0335983034274173
0.0128892659449649 -0.0700830829186803 0.0558312258070565 -0.0233012339665483
0.0539961126102572 -0.0476897575253541 0.0590936912546737 0.0208502336981597
0.085092179349067 0.0188518430805846 0.018837571004683 0.0604492410672956
0.0415197023002922 0.0901106239570927 -0.0337668643718024 0.0485763860202183
-0.0229042428536375 0.106614628583688 -0.0215783604049694 -0.0014763881083607
-0.0547576185524774 0.0707742439929068 0.0443693992669624 -0.0489122728374688
-0.0132714749434489 0.0852728319790866 0.070222691086654 -0.0498535217349836
0.0403864714859221 0.0647237028685616 0.0495823188517324 -0.0840310524689938
0.0625846720439714 0.00256853910306057 -0.010506966065724 -0.0751780277926222
0.0382550427444235 -0.0431456646816575 -0.0367777593103574 -0.0396972930215252
0.00103107491938598 -0.0544828873498317 -0.0400530223284028 -0.0127325548392316
-0.0245033801123887 -0.0386531525378623 -0.0293884757708345 -0.00522602686375343
-0.0308618431676751 -0.0276320983614937 -0.0153237415842661 -0.0139545102669544
-0.0275514171662471 -0.0295978838287797 -0.00640897639594244 -0.0321400250637991
-0.0199517888860137 -0.0476327378881401 0.0163223539420118 -0.0465798459229019
0.0111253950537414 -0.0592418349097409 0.0514520367679106 -0.0401508925866458
0.0453546330439153 -0.0398390176110672 0.0648215864316519 0.00645300170507436
0.0705764416545892 0.016770916626937 0.0262182068460793 0.0488381594983442
0.0304460521018231 0.0774959146708846 -0.0267111025471925 0.0379374972413557
-0.0241402173505662 0.0855389119969497 -0.00891890938021197 -0.025748828905316
-0.0447249333825322 0.0422863094947342 0.0623482775727666 -0.0728251718579296
-0.0196353365999487 0.0601800919072458 0.0764131631343018 -0.0567577647963581
0.0218106252069678 0.0505577635146954 0.0591802055561336 -0.0761164995724982
0.0442521024754642 0.00643863612214337 0.0113641898395647 -0.0734235904876253
0.0286581609559116 -0.0283743484316182 -0.0202172973810565 -0.0560041393977385
0.00226678512792346 -0.0389471365372832 -0.039191160796344 -0.0331309720536001
-0.0176735858145388 -0.0282218037009235 -0.0386435637251897 -0.0195714323875727
-0.0220612846744123 -0.0197394446533467 -0.0251710612030776 -0.0240178836503554
-0.0214179069383202 -0.0203269838666624 -0.0153906454431239 -0.040527974050053
-0.0146635160950775 -0.0342298192546006 0.0104477541009935 -0.0551256085987211
0.00946364662039115 -0.0427361112108918 0.0480480102574427 -0.0498027147170532
0.0358741280576607 -0.0275268365918533 0.0668067400815478 -0.00074223078314596
0.0499698956732628 0.0185852918657983 0.0301631259208935 0.0406277615316538
0.0130546502571118 0.059649508641244 -0.0202410255310688 0.0292343514245291
-0.0257089572164325 0.0553544025322926 0.00336358462620026 -0.0426729765962989
-0.0251231355874385 0.00651046801081068 0.0694469320453719 -0.0870497308594949
-0.0184930289783986 0.0234069251516414 0.0760787520634734 -0.0607041750965049
0.00423508262212501 0.0225335561383695 0.0588745632205419 -0.0704582179093109
0.0164491609529497 0.00451846146762854 0.0210122938622283 -0.0704113582447331
0.0107893516859977 -0.0102684309167306 -0.0133933966802347 -0.0625867427928514
0.00191338292289225 -0.0165507348653413 -0.0389012928999104 -0.042828959933693
-0.00788316670752647 -0.0129454872508086 -0.0433180342395954 -0.0279417872080698
-0.01074438493039 -0.00836175568428507 -0.0305089924269892 -0.0300680097156012
-0.0120535183757611 -0.0103522572453585 -0.019724847510661 -0.0453139114965
-0.00854030792628548 -0.0180665182128902 0.00796812313593581 -0.059745043349694
0.00662144257235786 -0.024320571530111 0.0472881981271253 -0.0542045992303653
0.0248089976987004 -0.0140733506148332 0.0684175372525162 -0.00238259090551979
0.0280990833106512 0.0185097470297872 0.0315681682570377 0.0378938898475881
-0.00267229737761531 0.0368087338971304 -0.0150780412758577 0.0238488256338929
-0.0238016552127687 0.0202221533539087 0.0145890199885739 -0.0510528382543761
0.018379874073008 0.0113927830234057 -0.0116389958538532 0.0717966876575842
0.00588775591663696 -0.0103095004199422 0.0323856926482196 -0.0135580671894446
-0.00894235119043394 -0.00710880032632655 -0.0346063794069777 -0.0466903256534987
-0.00480242878505251 0.0053827769139906 -0.0818235589437007 0.0025110358219671
0.00339440803381163 0.00090812140991459 -0.0504868315714089 0.0702994611130108
0.000879803514272543 -0.00212083018060356 0.00272742406011017 0.0740011617297575
-0.000371082915671388 -0.00183779889205088 0.0280871366341972 0.0508976496678567
-0.00417514252718306 -0.0042694497541767 0.0406767496526975 0.0304690368753891
-0.00518565803621057 -0.00586992617610594 0.0492044465474373 0.0221681569933949
-0.00459000757575143 -0.0105118475407683 0.0513863416372223 0.033456750841235
0.00380675650025132 -0.0130012681242657 0.0313370666795576 0.0584828384179539
0.013329458384532 -0.00494199456750111 -0.00853334626379763 0.0743279759914095
0.0167674467781681 0.00318651583644026 -0.0424762413671668 0.0810708572074084
0.0158532867441981 0.0155875257317044 -0.0727234761705654 0.0762269143398779
0.0091537390875174 0.0333492847259176 -0.0645199674718384 0.103487657849612
0.00848873105459303 0.0478764398670686 -0.0138469448503771 0.0610858398873469
0.0172742126346921 0.0167186260443128 0.0340012917028074 -0.0167489120429585
0.0144894249249307 0.00189666922944317 -0.0303271683333557 -0.0574905324303689
0.0108285580955898 -0.00605337747351578 -0.0846857865646149 -0.00670436721714667
0.00794875625251188 -0.0186931989984728 -0.0575910941399962 0.0643159013116612
-0.00552958470755756 -0.0203897544139232 -0.00397491285256512 0.0722563783515515
-0.0132577451943918 -0.013679744305377 0.0233661391341449 0.0490691361789239
-0.0188529475555748 -0.0149716541747562 0.0363103230196355 0.0267394813251727
-0.019477389823004 -0.0193375076815375 0.0442337730276289 0.0138969820068374
-0.014248236948848 -0.0347997963525368 0.0525498223386337 0.0193317819061572
0.0132569160971479 -0.0410389152155702 0.0446148909495084 0.0445871551242229
0.040859161334266 -0.0182583883091937 0.00962400621964641 0.069670589915085
0.0500389323985944 0.0213287322579459 -0.0274563080293738 0.0845118648503351
0.0279475072547862 0.0576718394090709 -0.0603431104571556 0.0767512850183528
-0.00197826343363083 0.0760954581387809 -0.0564315900441137 0.0894979027541749
-0.00672894852399321 0.0791615117349298 -0.0101734912979148 0.0380740663275265
0.0248708899504331 0.0487829059748732 0.0393525642963497 -0.0256830361159884
0.0385552125378691 0.0166170279780466 -0.0201903686690704 -0.0732698227175411
0.0318663485796672 -0.0159905691537495 -0.0848834626770334 -0.0237184220136602
0.0152142416232715 -0.0382456606748217 -0.0641424922350131 0.0500274157581285
-0.0104257490881093 -0.0390061044242072 -0.0148656365383839 0.0638075093456967
-0.0243099520584075 -0.0255993136801081 0.0133004538797119 0.0434245134151274
-0.0308557869049487 -0.023308965150988 0.026364376393097 0.019870803144898
-0.0299766319585623 -0.0288693722462236 0.0336789241495883 0.00163130985787813
-0.0242281053411039 -0.0513116416307475 0.0471826246640048 -0.000878292048604088
0.0125640789382501 -0.0632720603143091 0.0557921607923081 0.0200721917665927
0.0550067169218501 -0.0380008388237532 0.0339175137369404 0.0566460058411984
0.0790673966027089 0.0218022330140172 -0.00606271945058895 0.0830562279632187
0.045318424933272 0.0833538201021152 -0.0463404358823421 0.0737794763863432
-0.00606093696281324 0.107090620629105 -0.0445396049082253 0.0654878383791323
-0.0251501813874472 0.098641505056615 0.00119800264933816 0.00637076058317142
0.0236270391899423 0.0791212354779443 0.0474070494647935 -0.0382159703818398
0.0575488995674298 0.0373704875790612 -0.0036463205228544 -0.0890842867825964
0.0540258122043287 -0.0199338728415345 -0.074811196535776 -0.0452265087782709
0.0246073773606227 -0.0531615237913126 -0.0658469719741366 0.0257618284634222
-0.0124729740200527 -0.0542381201802769 -0.0261490851052448 0.0464681518721176
-0.0319637767108696 -0.0350848600260459 -0.000804937102705033 0.0323841644605738
-0.0382142230179746 -0.0275919350439021 0.0123015445596005 0.00953785906080683
-0.0368410162494355 -0.0324479946552764 0.018627501369802 -0.0110496957221303
-0.0314687072134318 -0.0572846317169469 0.0359589761923221 -0.0217986971714961
0.00621700645192783 -0.0748099354166892 0.0588088367984189 -0.00836242822355034
0.0556095732358959 -0.0530204121170737 0.0530129549352618 0.0357105552237582
0.092879112661798 0.0124704661749989 0.0141613736106487 0.0736667356021565
0.057707509578313 0.0912060675547022 -0.0342499268512366 0.0655845793213638
-0.006090668364364 0.118947743664132 -0.0335905006815902 0.0345829687565197
-0.0400083950192286 0.101313848772616 0.0182631891176361 -0.0311690583601302
0.01344106766605 0.0962712220879198 0.0561569835645406 -0.0526875750871905
0.0631849531595153 0.0561830480420331 0.0167360492255034 -0.0984568620924424
0.0687011368810658 -0.01548630518959 -0.0536783626317473 -0.0650715286953611
0.0324368070427884 -0.0583734188274869 -0.0602840857026209 -0.00463337874817515
-0.0105624638423646 -0.0617833597017308 -0.0369510731269896 0.0218932019496756
-0.0344596288317186 -0.0393746266445211 -0.0170947460933601 0.0177789211538479
-0.0399012363879961 -0.028159305054484 -0.00323379191661348 -0.0012346201762034
-0.0376529172506144 -0.0313918876675767 0.00251295029532676 -0.0227583777122798
-0.0321912931780405 -0.0545671267973921 0.022036495958662 -0.0394382355463473
0.00234643335397967 -0.073385603331179 0.0541204132796795 -0.0327607791959272
0.0486884649668512 -0.0565641865442218 0.0635829350637155 0.013582054233365
0.0902304907869868 0.00576887289487443 0.0273502719236672 0.059636478126147
0.0566925571287101 0.0863556712922118 -0.0266940321329885 0.0542924060571055
-0.00744193947162286 0.11292431652844 -0.0226970444121536 0.00280512340780982
-0.0455996675706346 0.085140419456505 0.0381307566219085 -0.0666245347841656
-0.00153887410826869 0.0920613877570208 0.065152866248074 -0.0654102656005384
0.0514461887415535 0.0627638887200837 0.0354422722432551 -0.0981436218183154
0.0664368023784117 -0.00555484973391715 -0.0260638168267431 -0.0765703040133588
0.0342903406800771 -0.0505052153824878 -0.0464068997428338 -0.0335468151443174
-0.00721763014704362 -0.0566744244339328 -0.0432842873444308 -0.00522823942127876
-0.0306222908554938 -0.0364992591121991 -0.0322002410463676 0.00094568088688818
-0.0348240543624236 -0.0242643355641437 -0.017934911104174 -0.012019520953133
-0.0330853108345722 -0.0261132940919832 -0.011849936449442 -0.0325465078843114
-0.0274710333046661 -0.0455040507432558 0.00932502948840605 -0.0509928278862879
0.00205312314963372 -0.0615966202453258 0.0475037569560356 -0.0497078197832701
0.0408754352468066 -0.0473843825927466 0.0676300710147925 -0.00250794635818987
0.0744257787710637 0.00664978569787401 0.0341606471565282 0.046763839457142
0.0425053459529668 0.0744835824459638 -0.0206787065005772 0.0430553099751556
-0.012033475590383 0.0915513402674609 -0.013082419795212 -0.0250932043858787
-0.0402983192829214 0.0531241349995352 0.0539224663472027 -0.0922127188546495
-0.0121387084467904 0.0670426216473844 0.0710108965847287 -0.0737887645209739
0.0301444323062592 0.0510587083222551 0.0479778290428722 -0.0912543397265995
0.047591181317289 0.00128125138473409 -0.00243038707804245 -0.0787915768827083
0.0261675807873222 -0.0333932941483458 -0.0322887600557372 -0.0541800206872802
-0.00332553257482786 -0.0411315012432742 -0.0463877255964624 -0.0264881238461504
-0.0223042313627674 -0.026907977148085 -0.0437294191414466 -0.0125475104947818
-0.0253235868418035 -0.0168762653956729 -0.029446582594606 -0.0210921413169488
-0.0246784012736563 -0.0185117722270664 -0.0225779550759545 -0.0396187095024958
-0.0189092178132047 -0.0328263031658889 0.00205496434217654 -0.0591521900310592
0.00316325516491883 -0.0445743762121398 0.0427109219893525 -0.0593618804069564
0.0330923809238175 -0.0328173845221861 0.0689955170132559 -0.0104259376916022
0.0539237868189456 0.0111832846900263 0.0368903327343334 0.0379499715757887
0.0227159934362494 0.0588333118105977 -0.0158529533624854 0.0330656449088834
-0.0182802370294874 0.0608493018645816 -0.00236899516404417 -0.0450982425257186
-0.0251155682869129 0.0124163972281263 0.060506153006924 -0.104581419044052
-0.01578482686193 0.0277387589193681 0.071154625720282 -0.0766576835935441
0.00760480711735703 0.0239696005863587 0.0501227184165747 -0.0846916507880483
0.0182589086390223 0.0036260140013656 0.00937914303712018 -0.0770391529913171
0.0106734237808543 -0.0117726454076908 -0.0245895123940425 -0.0626854282260057
0.000324062976672017 -0.0178350288910841 -0.047788893504586 -0.0380752570660894
-0.00954478270448482 -0.0119986428212207 -0.0501297747775919 -0.021347289557647
-0.0114844936237335 -0.00704935324783874 -0.035919680755434 -0.0266081975420623
-0.0133058357174107 -0.00918423949487195 -0.0272896708951598 -0.0442135324088544
-0.0110906684440315 -0.0168743006615022 -0.00123901748705958 -0.0639431716400901
0.00341569695671711 -0.025186163900719 0.0414255321726332 -0.0632629591064512
0.0228976393807791 -0.0180000029128504 0.0704676179117048 -0.0125806500367772
0.0312289124021875 0.0141336329852038 0.0382210062605073 0.0349310510234925
0.00321826539487754 0.0381320448932036 -0.0117494941528892 0.02740837445545
-0.021128170560305 0.0240538969023315 0.00771056546126984 -0.0551519704074811
0.0194041183430484 0.0099184653351629 -0.00584361197103427 0.0741105112742083
0.00531029953685607 -0.0110525375479787 0.0324936347066473 -0.0158924772666195
-0.00936212767840467 -0.00610345208690967 -0.0379248610376568 -0.0451545111980022
-0.00402398818002899 0.00605302526586576 -0.0833469109911383 0.00795447367562311
0.00328844872118493 0.000264245266513995 -0.0462487523824694 0.0748604854094188
0.000877311167513297 -0.00199171721246047 0.00869088423144154 0.0747159063620153
-0.000303369725412541 -0.00206511174787917 0.0322284903014902 0.0494351810970585
-0.00497355589318761 -0.0044523865460751 0.0434269072823125 0.0273388625241823
-0.0063483545268574 -0.00569259067694022 0.0508540831406492 0.0188171192941935
-0.00557975918523253 -0.0102929156880886 0.0545221989169012 0.0298257913356146
0.00345268299603854 -0.0134011799581259 0.0358332607612487 0.0568129661920294
0.0134143701251471 -0.00601456012438796 -0.00355720327225976 0.0767324048779948
0.0177475220710452 0.00213961861219872 -0.037721762714625 0.0850410327627974
0.0169231665638437 0.0148060980416599 -0.0689446108256763 0.0818210599303888
0.0118846341644745 0.0326804487589047 -0.0579913141189582 0.109524925820815
0.0124624466849744 0.0471759779682001 -0.00931780924686749 0.0639599544927707
0.018834266083718 0.0155615894289548 0.0337888017572802 -0.0189319738170098
0.0147752234849748 0.000483675476011453 -0.0341692579188419 -0.0559085652114573
0.0109659335165145 -0.00678580272456385 -0.0872977682475727 -0.00145849743304998
0.00642111360209888 -0.0197905322170772 -0.0527555200692455 0.0690206113066347
-0.00758401647884078 -0.0201583064017158 0.0014629542086517 0.0736046361753236
-0.0144001575437103 -0.0127002229478601 0.0266936720543217 0.0481455968706679
-0.0201042391591985 -0.0136643645596492 0.0381885566574121 0.0240786405838985
-0.0210016755511756 -0.0183216334231073 0.0448208209814282 0.010882830151462
-0.0170324496831872 -0.0342397015924304 0.0544037575619281 0.0148499318863083
0.0100420494550942 -0.0421166103034685 0.0480124930495662 0.0414420019865533
0.0404971203895349 -0.0215035966795873 0.0144942531594597 0.0707243400270275
0.0522501388739609 0.0177635593500285 -0.0220421578430077 0.0874023173257957
0.0319443398653618 0.056409590989308 -0.0562209606536253 0.0820741539523039
0.0034315190331956 0.0773645046277519 -0.0503892127155854 0.0952056468741215
-0.000795924517411906 0.0808662954150105 -0.00707544154599422 0.0398509707657409
0.0287931133267751 0.047023540623699 0.038184739870311 -0.0275605922591415
0.0403122277032825 0.0140049556601089 -0.0252321068792975 -0.0728266033363818
0.0307796184425908 -0.0186322468815946 -0.0874528104201546 -0.0185302856886029
0.0119483389175124 -0.0398025049386758 -0.061331119494684 0.0546522042586997
-0.0138245670174635 -0.038195527972437 -0.00994544938309857 0.0649512513350889
-0.0263288330353173 -0.0237746592787981 0.016496505649491 0.0427294397391938
-0.0327211249591461 -0.0210152058018382 0.0276479358756508 0.0181010608366935
-0.0329128550549704 -0.0271470967745672 0.0336683471150208 -0.000581410706015878
-0.0289295552599781 -0.0496232385267928 0.0473179565108327 -0.00505472088429791
0.00689090558574973 -0.0651737679455867 0.0580909007844483 0.0152922325500414
0.0531074362831154 -0.0425816901671502 0.0384593022186991 0.0555800742570837
0.0817536765786048 0.0160412346569843 -0.000353636081308729 0.0851322341432305
0.0519872596387182 0.0809448244718742 -0.0420281222750688 0.0778843107223417
0.00186128239803101 0.108730667203985 -0.0407118175449438 0.0704537909223366
-0.0180558441027309 0.101703677518431 0.00185859601834645 0.00672248286147568
0.0299535315745849 0.0776953750142505 0.0456087917733074 -0.0404518781122875
0.0610539407774977 0.0331914090310359 -0.00999293395877614 -0.0899316555490657
0.0530106155375731 -0.0238859665324604 -0.0792360251407211 -0.041561759214748
0.0200302955199511 -0.055822432798481 -0.0653853705430832 0.030314535022659
-0.017000969776799 -0.0538866340659956 -0.0233009153007503 0.0486267755560794
-0.0349138374077041 -0.032492938999701 0.00132684059779294 0.0327519203216015
-0.0405028323282084 -0.0247590549459815 0.0125632069633242 0.00873155425251596
-0.0398365821540759 -0.0308137480334359 0.0174568928603655 -0.0128252379260727
-0.0367434287229365 -0.05498177576797 0.0343067302639462 -0.0253635333922869
0.000266122345375672 -0.0760279088387445 0.0585902650185666 -0.0136061477469383
0.0520555434967252 -0.058081235401209 0.0564122583361871 0.0327878216874529
0.0953462009059675 0.00554151622246353 0.0193460002022219 0.0741389712002049
0.0657660604072103 0.0876387622297091 -0.0305456206901878 0.0693801878286355
0.00264755008058478 0.12074291156175 -0.0308668852669884 0.0383626389814894
-0.0326522676878426 0.105496686296589 0.0160656305965294 -0.0323317161189572
0.0205933754892431 0.0964178857278438 0.0536594347948838 -0.0556936750683017
0.0676633349328314 0.0523342485615304 0.00993877337165544 -0.101167132545686
0.0680594205262045 -0.0202849646956583 -0.0591158394390827 -0.0632967474383668
0.027931030042323 -0.0610990832832102 -0.0617056987346226 -0.000660829372031568
-0.0164952305516599 -0.0609908518456235 -0.0357652057297707 0.0244898493172815
-0.0380430880655266 -0.0372147542740624 -0.0157157928907816 0.0192227527319543
-0.0420924513680445 -0.0251942830457706 -0.00384241628844965 -0.00145367299077176
-0.040607780365303 -0.0291171446799404 0.000387008889452356 -0.0232306434513282
-0.0374424826565946 -0.0522366622016118 0.0188195188930828 -0.0410844459069743
-0.0040988750185598 -0.0743653188912238 0.0519627918347081 -0.0382374320242276
0.0451518068898477 -0.0604667276876076 0.06536138387733 0.00930127898972845
0.0911577878170653 -0.00122472365468946 0.0321062979356973 0.0591110981714401
0.0642162044108193 0.0824010692963453 -0.0233638179255583 0.0577474443713394
0.00108037035556709 0.114674000634866 -0.0231883956642052 0.00477901790141811
-0.0397753728677237 0.0896859970860987 0.0337608565142335 -0.0697201167979042
0.00537951295497814 0.0933237541050908 0.0609660577149305 -0.0705202261833193
0.0562227678918437 0.0601272114780286 0.0287465487768565 -0.102089784286349
0.0669632350972449 -0.0105611324607083 -0.0320304255649239 -0.0767338848531542
0.0303386235774413 -0.0538261430966073 -0.0501528086726779 -0.031308306617946
-0.0124143707135847 -0.0565513743917741 -0.0442311710036348 -0.00149683454764293
-0.0339342919786913 -0.0342790454081784 -0.0320568666055585 0.00335361641424036
-0.0369963766880958 -0.021499181767945 -0.0190699048176998 -0.0109068302942133
-0.0357084003840322 -0.0234391406852871 -0.0147324476239869 -0.0316109924510266
-0.0314495753730317 -0.0440511542816436 0.00500500552346383 -0.0520855687541832
-0.00317545436628067 -0.0625009774403087 0.0439087735339501 -0.0546324942473091
0.0375611377980962 -0.0504381698097753 0.0677242779466147 -0.00678429573674598
0.074939000422464 0.000951115870270368 0.0377795672404405 0.0454701627933709
0.049134247571323 0.0719174276765688 -0.0180812473279547 0.0454045162798719
-0.0050526635252994 0.0934017585388043 -0.0148538089064611 -0.0239557162094675
-0.0361924067869621 0.0569394477518411 0.0477190093289826 -0.0966764046608579
-0.00717441477609469 0.0688441905466707 0.0669758493290797 -0.0790943921203039
0.0338590653666921 0.0492253567771017 0.0417705859316897 -0.0960141434762896
0.0482239774613223 -0.00198785747554388 -0.00817745650444674 -0.0800756364360923
0.0237498205510124 -0.0356094804372908 -0.0371620987085018 -0.0532199465873498
-0.00713703887308391 -0.0413196561877274 -0.04930189728359 -0.0237966249165886
-0.0239395500910471 -0.0254378247535283 -0.0452459385217502 -0.00996655805332957
-0.0263886817587176 -0.0151598275236289 -0.0315521051766581 -0.0190829900054589
-0.0259753261926387 -0.0165563043384651 -0.025362205201299 -0.0382266481019103
-0.0219860601940086 -0.0310950907438433 -0.0031770938761283 -0.059673990376147
-0.000268956855823453 -0.0453296692860705 0.0386459893502657 -0.0640558086565109
0.0307308838882296 -0.0352172763057124 0.0686528112230847 -0.0156223514512268
0.0544228612865347 0.00758887798995139 0.039795354326608 0.0362753934074855
0.0273105517378973 0.0576466566281278 -0.0137126085222229 0.0351458511122279
-0.013757875739734 0.062195419641662 -0.00604881691858194 -0.0447727336354684
-0.0240437763883699 0.0148732373211832 0.0533781519627556 -0.110399658309084
-0.0134434453664806 0.0291155979741619 0.0672797592496212 -0.0829591764653935
0.00891574162305851 0.0233393088260951 0.0451767152993031 -0.0884846245930219
0.01881495416999 0.00246613752482874 0.00448451696122563 -0.0793451655339623
0.00987505551544503 -0.0131033214956239 -0.0304806407738117 -0.0622127466555312
-0.00201517527387727 -0.0177803232590748 -0.0514059470219942 -0.0349015397563897
-0.0102287168349742 -0.0114879129372708 -0.0525747291276708 -0.0177529859481477
-0.0117240400122074 -0.00668012018169862 -0.0384806873049194 -0.0236371593769689
-0.0139687313842364 -0.00771811940219405 -0.0315671052354779 -0.042527611774342
-0.0122556072689435 -0.0158322424284676 -0.00602118045129578 -0.0640880411876073
0.00155572187247029 -0.025720164876937 0.0371324049298601 -0.067326726276465
0.0221879712310187 -0.0197383744045718 0.0711805700959345 -0.017431934365223
0.0324307929450959 0.012522937575362 0.04100969872151 0.032844275399113
0.00591859555981428 0.0380536616928102 -0.0096958459758749 0.0285131183897481
-0.0202685138323741 0.0256642841485044 0.00346925331135971 -0.0559942136094543
0.0193412683362632 0.00783778424114104 -0.000589916391959862 0.0727611029001145
0.00408398371285668 -0.011209991221328 0.0310669168196849 -0.0170698630999077
-0.00924684975984742 -0.00508535087529214 -0.0392438271298592 -0.0416990858500037
-0.00350757067167258 0.00614593587467678 -0.0802439131972823 0.0125276711843479
0.00308949259362476 7.28790622480384E-05 -0.0390128487914776 0.0748032660524533
0.000513756852008364 -0.00165682444650442 0.0135673223016728 0.071655345847244
-0.000286641155956463 -0.00180082595957008 0.03384312144265 0.0458402836258896
-0.00507384047476395 -0.00346979454270665 0.0433824688368284 0.0239927987430055
-0.00663514806019468 -0.00498432171604033 0.0498975697173863 0.0143135154258206
-0.00621398130006639 -0.00998318927313589 0.0543573021183541 0.0248452610761524
0.00214672463826861 -0.0128479927874765 0.0384931830258726 0.0525484369766808
0.0127957769217489 -0.0068965164303294 0.00170455812590003 0.074757943030452
0.0167206029836955 0.0010872525933382 -0.030897405709455 0.0837919225868019
0.0171463238699267 0.012975653254535 -0.0619359693885841 0.082934857441899
0.013829915125184 0.0308434283574074 -0.0492214109780716 0.10880546992474
0.0153192185379401 0.0444892280106876 -0.00428867117305046 0.0623782224681356
0.0192884749972194 0.0131166696790791 0.0322234107429156 -0.0202955719191665
0.0139768767975972 -2.72770725777938E-05 -0.0365688941020324 -0.0526049983986228
0.0104731508033058 -0.00735034051615957 -0.0841856871348707 0.0037722093230289
0.00485492314111937 -0.0195101126248785 -0.0466805930861613 0.069362039332963
-0.0085499912079224 -0.018450787773413 0.00629496890569316 0.0703726917140771
-0.0143929011908324 -0.0116176026837415 0.0288058998207476 0.0445831069311105
-0.0204866888951366 -0.0117046700446899 0.0379969432102477 0.0209488066708165
-0.0219456302863467 -0.0166052591238182 0.0441037002235499 0.00740233947640974
-0.0190820765780132 -0.032019602654705 0.0525148510104308 0.010959543311364
0.00624978980434182 -0.0414151700950026 0.049360587846004 0.0364425131410532
0.0378061054781026 -0.0231236403532848 0.0187185771063209 0.0675756743642197
0.0516126443655803 0.0138423377014263 -0.0158563017428 0.0856366548085494
0.0343450686290647 0.0519981325724596 -0.0499244466559465 0.082325373921591
0.00888276299736566 0.074702948380329 -0.0427069679995998 0.0947425871779772
0.00460421402735164 0.0773846921117847 -0.00392407442809512 0.0399649497746586
0.0307214318547731 0.0437571002577001 0.0360953547753857 -0.0283610858496893
0.0394160780588055 0.010772005405011 -0.0280000865625102 -0.068807902748325
0.0290062502693058 -0.0195900978226144 -0.0856781064184233 -0.0129730291088971
0.0086990860285379 -0.0391129496185426 -0.055516723258036 0.0562749045289105
-0.0164527909425617 -0.0356421067615821 -0.00516110680315065 0.0630055291581387
-0.0267011316897904 -0.0207842262232798 0.0183527024695264 0.0400119462179371
-0.0329435403989145 -0.0180451001534127 0.0276055958637815 0.0156321662080285
-0.0337712711276753 -0.0237875745868607 0.0313519092542667 -0.00278128181531352
-0.0316921848934427 -0.0459452588177793 0.0446985872433407 -0.00824714853299096
0.00210022605009217 -0.0629383207009026 0.0563431074192294 0.0104663702335213
0.0481297202874085 -0.0444992978080994 0.0399735862205416 0.0516459280018819
0.0796114062665875 0.00971208869364689 0.00474295795087984 0.0822229319090465
0.0555262077221849 0.0741911593901438 -0.0365236558422671 0.0778686858250191
0.00896858779677522 0.104978662459055 -0.0349351359955646 0.0705398375795798
-0.00995651719542181 0.099136795680449 0.0022605433984211 0.00729586140922662
0.0337636568298631 0.0726611702906099 0.0423844255892588 -0.0413284669630617
0.060694504500262 0.0280747192496785 -0.0148649533688519 -0.0862388372736268
0.0494607324274105 -0.0263629781292347 -0.0787948290448448 -0.0353269345923671
0.0152570206067501 -0.055112896138277 -0.0613268024008628 0.0332241355622883
-0.0208824766430008 -0.0503955894681398 -0.0195058943276861 0.0478647615532688
-0.0356670952274223 -0.0287025727969632 0.00362872148930912 0.031336694401431
-0.0405304528423085 -0.021152182677639 0.0126708007306134 0.00766527105161523
-0.040490904432084 -0.0262780478005276 0.0153949907979392 -0.0132389226231107
-0.0395564936285404 -0.050612006366262 0.030673761959766 -0.0265179059699346
-0.00596246539855463 -0.0732926305229355 0.0550399904508134 -0.0179963965022233
0.0462590141699026 -0.0593143622277289 0.0559482814955882 0.0284273571648051
0.0916540911327944 -0.00117919584632992 0.023299050516111 0.0708693711468274
0.069083356472852 0.079911150540781 -0.0251940606804432 0.0696306219181359
0.0108002644904836 0.116783368100241 -0.0273744947365744 0.0394561765426042
-0.0242575144375948 0.103816856279355 0.0140605243784064 -0.0315942598180589
0.0262925605168323 0.0914048800829858 0.048743113303749 -0.0564063089136497
0.0680811301337867 0.0460199189825092 0.00347434060348305 -0.0977555551758104
0.0638859517498325 -0.0241295907855525 -0.0605712422873045 -0.0574824191832107
0.0226474797579002 -0.0607529097403425 -0.0598178439484291 0.00254782236446572
-0.0204983113898689 -0.0575039773576997 -0.0332347626601638 0.0260884652673589
-0.0387186631842933 -0.0326031056460894 -0.0136275501779272 0.0191083677080756
-0.041783181426648 -0.0212170112595848 -0.00404820297837054 -0.000623145509974788
-0.0409409416014589 -0.0246994830389546 -0.00188192138461647 -0.0221196868444871
-0.0395963613796039 -0.0479053098189252 0.0144350680403188 -0.0412674249229018
-0.00965559310898216 -0.0709515164363022 0.046899228988237 -0.0412812783130991
0.0389008360672242 -0.0612125558252452 0.0631782442434577 0.00559332722438723
0.0870743075300542 -0.00739697115413888 0.0347729838489414 0.0557717600456346
0.0675973919618888 0.0748985019797569 -0.0189404284861959 0.057114278782082
0.00875548946555717 0.110954739761557 -0.02131223993039 0.00653755152197429
-0.0322342160227334 0.0886337913814121 0.0280719409586674 -0.0691023819710714
0.0114980408105323 0.0896959633284197 0.0549950779396623 -0.0704553113233418
0.0576805942968157 0.0540073052906993 0.0219157646195062 -0.100349154112988
0.063758234041441 -0.0147962088812157 -0.0353285739091173 -0.0722071450618397
0.0255293311900203 -0.053655902556428 -0.0512088966736928 -0.027009364022936
-0.0163349990665167 -0.0533116568921674 -0.0432648782699819 0.00100530578868703
-0.0351405008060522 -0.030746327812279 -0.030915241924212 0.00513016964497064
-0.0368517668841776 -0.0181317785612851 -0.0198924651177743 -0.00918947784702159
-0.0357037170198906 -0.0201051211011749 -0.0168446358300047 -0.0291198130053114
-0.033316882326847 -0.0395832679277707 0.00131104855876555 -0.0506726784832608
-0.00799247158071849 -0.0599985653636286 0.0380076949036669 -0.0564040500113895
0.0331378105913288 -0.050905261685167 0.0650218123378673 -0.010896840755864
0.0721285721355983 -0.00384181401831454 0.0396554597798576 0.0418925545693572
0.0520394361062018 0.0654318954165323 -0.0144823174340626 0.0452364707857074
0.0012066937968794 0.0900069348818459 -0.0159849302185733 -0.0220746303664758
-0.0306169556256859 0.0570878373692058 0.0399214553039753 -0.0962344706858732
-0.00190622382945779 0.0662937427634883 0.059969681557439 -0.0793262054703608
0.0353420698151524 0.0455022027893361 0.0347244072121952 -0.0950822112912061
0.0461894604649415 -0.00475274161259148 -0.0123832383057472 -0.077456458331479
0.0203433533616507 -0.0360385793404416 -0.0403267581898925 -0.0489118510732945
-0.010100068185456 -0.0388618420329777 -0.0494358976370268 -0.0194889240521463
-0.0253653124398059 -0.0227389908853755 -0.0438800923330849 -0.00652339849288779
-0.0262893908496264 -0.0128767688443546 -0.0311195516780092 -0.0159469951445381
-0.0259483676246948 -0.0139622139922233 -0.0272642486224658 -0.0343890404949569
-0.0234527746158703 -0.028401766539317 -0.00712704150295961 -0.057311834797212
-0.00363045505383107 -0.0438237350690706 0.0325743524454947 -0.0644753957367725
0.027089313359481 -0.0359292457006622 0.065390077095218 -0.0188364697030607
0.0524659438244351 0.00419894495231134 0.0407914851089426 0.0333311517044144
0.029817876148238 0.0527722472972225 -0.0108524428142121 0.0354633559856716
-0.00908771803004228 0.0603553494968778 -0.00848108377036391 -0.0428138877882338
-0.0217502046369548 0.0154847208815107 0.0442491853719703 -0.109670769700355
-0.0107419002851422 0.028913632357092 0.0596563130471771 -0.0835412636732773
0.00963100668220923 0.0221137823415466 0.0380265361185356 -0.0887024163137008
0.0184100428591332 0.00122757524271247 -0.000859237738811002 -0.076927893842572
0.00839324874098674 -0.0128099495389861 -0.0340010976247905 -0.0581906561108495
-0.00345217897186963 -0.0168623786682759 -0.0522267582774548 -0.0304246672823022
-0.0111220550252413 -0.0106423006904679 -0.0513596866314319 -0.0133544893451481
-0.0117149060156633 -0.00543319629507077 -0.0380533570938028 -0.0204931109195929
-0.0137427402788772 -0.00586007449044632 -0.0326427823402877 -0.0388422459066329
-0.0129845494532297 -0.0143346380212223 -0.00984945038856816 -0.0614768429448687
-0.000770781749516517 -0.0247351722435045 0.0311126864113798 -0.0680185856410663
0.0197668273746742 -0.0202228826353711 0.0671239759740664 -0.0213394340487814
0.0317882748351254 0.00983950083906125 0.0416571403523911 0.0296649621769926
0.00839413761002562 0.0359922664519356 -0.00758866912151963 0.0286765587020194
-0.0174009519185645 0.0256449465925016 -0.000161204666163756 -0.0542072674513508
0.0182878214247304 0.00669822306596255 0.00179743211009624 0.0681182937900874
0.00359601592775043 -0.010775555862566 0.0296446522852042 -0.0168148289879503
-0.00873314603336243 -0.00428171716710492 -0.0375085744531044 -0.0388490336758486
-0.00290603904323506 0.00613467330747095 -0.0758374381147325 0.0133615870538945
0.00310810806962365 -0.00015627402658748 -0.0350901157813615 0.0707855475820499
0.000319046371810746 -0.00127409204194835 0.0144088653647267 0.0667432547241158
-0.000597266267351363 -0.00212441177522938 0.0328506401262124 0.0427809358997654
-0.00505371112422311 -0.00341975017223267 0.0410652451069568 0.021816936220259
-0.00649433070658719 -0.00482957183310334 0.0471426745711363 0.0128000244282442
-0.00641302632530333 -0.00898723512782873 0.0511283087912568 0.0218356387267687
0.00168720631795825 -0.0122937542314673 0.0370576271140764 0.0482840058788018
0.0120606614302316 -0.00678464201018898 0.0025544570756506 0.0705566209676236
0.0155592186571503 0.000678662546241801 -0.0280956763989218 0.0790088502155826
0.015617301898559 0.0123155267291234 -0.0570461262091072 0.0786313377568139
0.0135261563379975 0.0285928631830058 -0.0438232483307148 0.103345489479123
0.0157455543199651 0.0413736828092583 -0.00215295930066105 0.0591705360670045
0.0183037229504231 0.0121717585370966 0.0308877791456743 -0.0189739560473936
0.0128818957700113 -0.000310785192975274 -0.0344929399891813 -0.0488385994960861
0.00965569646449752 -0.00707798529144165 -0.0790307141541639 0.00528737673506584
0.00375963969662629 -0.0185905278586006 -0.0418494094686327 0.0662263115955998
-0.00878310347182898 -0.0172499299993808 0.00749006751102208 0.0659209347083734
-0.0140720579068505 -0.0104916573869984 0.0282966362538684 0.0412391183406621
-0.0193291107629535 -0.010347069189536 0.0363397797155818 0.0190138184773453
-0.0215350809692499 -0.0149355436530694 0.0413677267365419 0.00598557333360012
-0.0190323755212722 -0.0294867407189218 0.0492411290493032 0.00853373575172786
0.00513334415608754 -0.0389683740728448 0.0467695803128894 0.0329139064105397
0.0354188947862469 -0.0230567972215541 0.0189153618277527 0.0636895776602343
0.0485356780027264 0.0118050288450538 -0.0131612057630808 0.0809520972006655
0.0330320061745246 0.0481915303184248 -0.0455748284039255 0.0783247854136972
0.00973700565325255 0.0699633398941372 -0.0378941041800669 0.0902047346604615
0.00690251136678034 0.0724042813047999 -0.00215046371947612 0.0383966598478637
0.02963300872714 0.039587154262487 0.0344284091033439 -0.026634493908223
0.0370447825718173 0.0093517938409761 -0.0279841796233275 -0.0649682437564024
0.0265693925290206 -0.0189033795160486 -0.0807706271975499 -0.010455710575533
0.00716016146118758 -0.0372330294927794 -0.0509278603761682 0.0539169617272024
-0.0164614476411088 -0.033267736063961 -0.00347287660579175 0.0593936546050139
-0.0255652182933653 -0.0189929411414379 0.0184508408335985 0.0372445761139261
-0.0313782423022533 -0.0159906108596602 0.025739181519963 0.0141240954855097
-0.0326377406047962 -0.021199813601637 0.0294015272330224 -0.00315007686958645
-0.0312176891675348 -0.0418981254925263 0.0412693310703711 -0.00908211756691896
-0.000289236777135938 -0.0591826621033224 0.0529461175578961 0.00785171275309206
0.0441612228465348 -0.0429727829883253 0.0387671161420864 0.0482426884821004
0.0748119768841052 0.00762078385058954 0.00642145479133966 0.0774605094159663
0.0538921707047914 0.0686792266795043 -0.0328946360469365 0.0746166908342882
0.010605005951134 0.0989325049234768 -0.0304613848975788 0.0670816531824794
-0.0062566048360203 0.0933500880354065 0.00276574074028646 0.00728309095575732
0.0332843226740607 0.0670035070117109 0.0396347558724948 -0.0388079473552677
0.057423025077887 0.0248042602706864 -0.0155088594297243 -0.0809603906996283
0.0463830358997592 -0.0260775861139502 -0.0749119073523515 -0.0319590337896995
0.0127421890103306 -0.0526176045271837 -0.0570201917295005 0.0322238543784325
-0.0216105555472859 -0.0466516284437645 -0.0168561398792656 0.0457756180944591
-0.0341946065253137 -0.0260590334472758 0.00386232120845655 0.0291699097882722
-0.0381854942421461 -0.0189229706027474 0.0114701473559297 0.00696033024981507
-0.0390544924724352 -0.0235252357297503 0.0134235288644549 -0.0122533514987082
-0.0385979246740076 -0.0465672800837741 0.0274783270281958 -0.0263220639424832
-0.00797774669320957 -0.0687456182994247 0.0505653872874608 -0.0187106176328253
0.0419293510562522 -0.0569002882634661 0.0535567179173806 0.0259204453237982
0.0857929669946355 -0.0033902957719937 0.0235414689214379 0.0667050294812662
0.0669393099539949 0.0731886223248892 -0.0226054403435449 0.0658523315861809
0.0128745760709069 0.110038673150337 -0.0239849904718375 0.0380180627983702
-0.0197320271299689 0.0982178068046793 0.012651610543099 -0.0294761066177454
0.0273415086361558 0.0847078801219754 0.0446271711246267 -0.0528527105981113
0.0651541748148856 0.0415214768526005 0.00129690929224115 -0.0923736782750287
0.0598408726263919 -0.0245066114339885 -0.0585120960759591 -0.0535241203044308
0.0193916812919672 -0.0578412557761643 -0.0564738085430657 0.00359765875036286
-0.0216231743634518 -0.0532738900876866 -0.0307941765441098 0.0250445838856014
-0.037042812936943 -0.0297063954990484 -0.0126592019589128 0.0182879922404306
-0.0393763681976503 -0.0190051955170985 -0.0036535615696011 -0.00076321872800557
-0.039178236501384 -0.0220263940988875 -0.00314044874741091 -0.02052133685205
-0.0384424600699801 -0.0437486987578575 0.0123830621287922 -0.0387051494114355
-0.0113458570868381 -0.0663645012479868 0.0430239407852202 -0.0404868047859937
0.0351692320905736 -0.0582909291815559 0.059620480140898 0.00421082216124323
0.0814303928595331 -0.0091815389035673 0.0337162440859208 0.0525755706941396
0.0652001269483898 0.0683960191859074 -0.0165779631976428 0.0549030129717231
0.0108156351417628 0.10403007364011 -0.0195643733604271 0.00662915976880256
-0.027598561224307 0.0840226798342911 0.0250006409831431 -0.0647635930039832
0.0132437699872265 0.0838513150041596 0.0506864148280234 -0.0662630736576516
0.0554287866651677 0.0495768236667732 0.0183369491336438 -0.094443182952546
0.0598538634068358 -0.0151559982256952 -0.0346249824008611 -0.0678253100881081
0.0221407190084882 -0.0512122586587168 -0.0497260487785248 -0.0248743858443563
-0.017275159236188 -0.0493977810238956 -0.0410248253871711 0.00205862627873296
-0.0338155771786574 -0.0276763177110402 -0.0283898683731761 0.0054473341884049
-0.0343935691220031 -0.0161231424128119 -0.0184533442275014 -0.00863618600831189
-0.0337806267093101 -0.0179542192213092 -0.0174214504734231 -0.0266994010862672
-0.0324377125045669 -0.0364467411858244 -0.000891536456691207 -0.0477778996266101
-0.00998250039177913 -0.0556425643422832 0.033483847761898 -0.0543961708985624
0.0294610199105663 -0.0487390772442112 0.0605704825662733 -0.0115084205832115
0.0669543229345297 -0.00505653057874846 0.0375005178564526 0.0393394969367054
0.0506635194250889 0.0596117259635288 -0.0131215724438702 0.0434381595546318
0.00320849502318721 0.0846313599680762 -0.0154197530258691 -0.0202014924281123
-0.0269866672611752 0.0545106285893755 0.0354486329591734 -0.0914475107667345
-0.000492353844123127 0.0622794579492083 0.0549753922423881 -0.0753050794910184
0.0342315125147369 0.0418439524283116 0.0305137353404768 -0.0896327338897574
0.0433355876337336 -0.00609850855048551 -0.0130079899318651 -0.0729286047073507
0.0181950453925684 -0.0342484992215288 -0.0388527504857173 -0.0450832804635825
-0.0110693648652591 -0.0361885076439844 -0.0475224204685687 -0.0168577514842263
-0.0243504706036869 -0.0206378378414092 -0.0419736471716982 -0.0050571928681804
-0.0243162998938341 -0.0114570848337553 -0.0299184557959177 -0.0143144099455344
-0.024447461764857 -0.0123545708585253 -0.026942865114959 -0.0319837887425158
-0.0227994734634656 -0.0262005380383737 -0.00824806976613749 -0.0536259591546088
-0.00518003223508917 -0.0405122651289116 0.0286141594936662 -0.0621232456927154
0.0244468343792911 -0.0344216752165754 0.0607723322267299 -0.0196022018522476
0.0490184032336303 0.00276570353459159 0.0388982953788771 0.0308877789677559
0.0298846110756202 0.0489217324321216 -0.00935275929408044 0.0337049275974061
-0.00713317627389412 0.0569375317187424 -0.00918819761253077 -0.039966469259719
-0.0195382612041596 0.0150128804764119 0.0389737492383695 -0.103972063092789
-0.00944048254168693 0.0272696577754563 0.0541780702460603 -0.079260500859353
0.00984647200407538 0.0204435121206231 0.0341827199730459 -0.0833505941907682
0.0171235259090039 0.000740776812641574 -0.00175175580687446 -0.0733280213593949
0.00757184782634607 -0.0122308307477779 -0.0339094438288089 -0.0536283195381851
-0.00412509036034428 -0.0155791054387448 -0.050333696618932 -0.0274585713505141
-0.010619587279596 -0.0099340560514817 -0.048585753145995 -0.0116304707609195
-0.0105105477843276 -0.00488010319454779 -0.0365068429408624 -0.0180740942619471
-0.0126884454455219 -0.00544440345228408 -0.0316280479002778 -0.0356000585427104
-0.0124615880428169 -0.0129291434435548 -0.0110607994868268 -0.0575498470068261
-0.00135405237064463 -0.0236097195686856 0.0271223004799986 -0.064604265813736
0.0178854086362918 -0.0192893504229747 0.0624863474726477 -0.0212056823183388
0.0295527253134091 0.00874331588463707 0.0392347950358896 0.0274897855212753
0.00862960885684537 0.0335665396131435 -0.00657513689171259 0.0273447298301349
-0.0160930315970569 0.0241909588176425 -0.00150760629414031 -0.0507096775450763
0.017659474435869 0.00638102714798065 0.000881423030250575 0.0657102643529913
0.00333446569543254 -0.0103250399747115 0.0295245386547884 -0.0152595998137012
-0.00797820015032096 -0.00474268305166793 -0.0350777769468205 -0.0382883429754916
-0.00267120761308829 0.00524223991476366 -0.0729341916205444 0.0115127644394376
0.00298479023325005 -0.000488250775388007 -0.0349268469171548 0.0672218974304546
0.000742902200003937 -0.00139456626983236 0.0128548489020793 0.0641968245991732
-0.000687444310975709 -0.00182791896428921 0.0314436722130739 0.0419555779667999
-0.00475948153213623 -0.00330557266887642 0.0390784903283604 0.0215307457569754
-0.0062295993251839 -0.00477267205708139 0.0450092358097217 0.0132119077612536
-0.00609118324304124 -0.00888911068781691 0.0486283356871494 0.0217940064960198
0.00228259786266384 -0.0117399769282122 0.0345627625612593 0.0469679692567462
0.0118766544052198 -0.00663115027548365 0.00182427045755459 0.0682696252572983
0.0147322198282139 0.00142409604087014 -0.028447729521824 0.0748154809427975
0.0143901744822308 0.0124126548558642 -0.0569191172609768 0.0738982141546946
0.0120467682809032 0.0276643229602099 -0.0440830264521592 0.0979862250154452
0.0144956407660993 0.0391843690601215 -0.00204530440378301 0.0573983175206009
0.0171196645979711 0.011789282332712 0.0310340080978022 -0.0171213046124132
0.0125373855029101 3.50854569162416E-05 -0.031764183614522 -0.0481007686377298
0.00966258812319368 -0.00668846420943663 -0.0761504948352517 0.00311230705039925
0.00371654305433446 -0.0179145986305082 -0.0414694800687318 0.062671256481787
-0.00837618277981987 -0.0163624294279991 0.0063452353231946 0.0630324244271537
-0.0130345361675034 -0.0102941089257867 0.0266879491035758 0.0402168294194876
-0.018697273950457 -0.0102622373351129 0.0340959516681739 0.0184264792954937
-0.0203255211735363 -0.0143471149407656 0.038752966244407 0.0068491858129311
-0.0181436020509828 -0.0285703936475724 0.0467535444429555 0.00878509783326899
0.0051369045803192 -0.0370942807293808 0.0439854801786482 0.0320528876454853
0.0338443554527777 -0.0215730183918943 0.0171073709305822 0.0618855513404648
0.0461112597729307 0.0123283908640743 -0.014601141782722 0.0771822625918702
0.030655659108115 0.047125875996414 -0.0457904430502231 0.0734650045421098
0.00733390156568738 0.0672329608218579 -0.0374810433717916 0.086118854597972
0.00545003542416716 0.0689634853301075 -0.00209049694032204 0.0370729359711698
0.0275936565588407 0.0382244211561715 0.0336352445982293 -0.0242800249076617
0.0353865536018154 0.00935046117037652 -0.0252338432202648 -0.0628766791943568
0.0259407073905639 -0.017471693726021 -0.0774848657596021 -0.0119754783291822
0.00712968178086057 -0.0357167133006244 -0.0500812168611807 0.0501765470629129
-0.015568608396999 -0.0315356111922891 -0.004506838024188 0.0565101471454053
-0.0244475240158511 -0.0189769627174259 0.016555760611611 0.0358612437674788
-0.0295590838042434 -0.0159258287801066 0.0241852708025307 0.0141428405974536
-0.0314390825245607 -0.0207887560354245 0.0275855079128813 -0.00206722686817584
-0.0293839843635004 -0.0406269777320816 0.0392614830512154 -0.00757490155163777
0.000418263350402784 -0.0561743615110474 0.0500273715769312 0.00821278602558191
0.0431101385114793 -0.0408701250564021 0.0363396901043626 0.0479120304173477
0.071224303195084 0.00839663776562466 0.00394637892973891 0.0746979083348969
0.0498412632029064 0.0661467406140297 -0.0332020584436917 0.0707431849915164
0.0088581970302612 0.0945247803105166 -0.0297356191624326 0.0638895215840004
-0.00728673171599692 0.0884177676106756 0.00350498752128889 0.0079795479696918
0.0307497843970578 0.0644304812143828 0.0389243157214286 -0.0353138300102978
0.0543482845321894 0.0251210824026343 -0.0129163379501908 -0.0782292831930007
0.0444858191471693 -0.0241339652078093 -0.0710966058794723 -0.0324346970505545
0.0124221661062513 -0.0502340123401454 -0.0557314693224298 0.0299509044608923
-0.0197869834935636 -0.0445391684453517 -0.017201542033435 0.0433191224230644
-0.0323303384383895 -0.0253170643149658 0.00344660884718584 0.0275834350489605
-0.0358540437067187 -0.0188214869076684 0.0114349945697619 0.00705192175843029
-0.0370334884431749 -0.0233088899709388 0.0129229705788826 -0.0110595442555325
-0.036805713280611 -0.0447557852277321 0.0261222679580856 -0.0244207313182491
-0.00696804526029448 -0.065366252446224 0.0481312973941721 -0.0175328326081702
0.0407646775822817 -0.0541092764875727 0.0505570931359304 0.0264854717353378
0.0815574711157345 -0.00207445804545819 0.021086145389217 0.0648784836559809
0.0627859326428458 0.0708003345864797 -0.0229916194416988 0.0632705621707745
0.010546707109279 0.105497871275952 -0.0235293023077068 0.0357560116304126
-0.0199802584275365 0.0928439162124085 0.0129419616819191 -0.0274698349838079
0.0242576819927201 0.0813450012145019 0.0446513711283742 -0.0483887924988829
0.0613469568406895 0.0410515853667984 0.00357362423517801 -0.0881427490311191
0.0576303165326051 -0.0220328041966354 -0.0543033759270797 -0.0523782746622647
0.0190865226489123 -0.0552467658341399 -0.0550251082888032 0.00244576671274972
-0.0203063908784209 -0.0509105006433605 -0.0304142257158595 0.0240305135006386
-0.0353371230128508 -0.0286131358461167 -0.0121246220668039 0.0166703221617528
-0.0374751599615759 -0.0186649153582072 -0.00368773891545811 -0.000284242460328583
-0.0372870872856199 -0.0216361304620073 -0.00316458330862228 -0.0190801580911421
-0.0370428304785185 -0.0424063065327224 0.0118137290487263 -0.0368119022187595
-0.0107034235878033 -0.0634008809697619 0.0408660169495448 -0.0388157419897026
0.0343589847412933 -0.055449576006824 0.0565425301621387 0.00530969150802477
0.0774783773651003 -0.00723455774596135 0.0310744041215105 0.0513855602061352
0.06134142754997 0.0663776619456082 -0.0164982066915308 0.0532210448501941
0.00892371100225838 0.0994859925189165 -0.0187589358253528 0.00642963400775169
-0.027735204481172 0.0793067492163607 0.025388670753145 -0.0608779846909808
0.0111779398741805 0.0803087614538751 0.0500746845078815 -0.0613349726910646
0.0517510085326155 0.0485521185392471 0.0196212383535562 -0.0899750853048985
0.0572479841552084 -0.0136467123260463 -0.0318977400718733 -0.0658995776250246
0.021828402726235 -0.048688143477264 -0.0471479597077201 -0.0247369101560666
-0.016389500078423 -0.0475157493466642 -0.0396960170660373 0.00149471366909438
-0.0322534614350228 -0.027146586513849 -0.0279355922659096 0.00509041545834117
-0.0324587240399634 -0.0163203144069527 -0.0176091957282842 -0.00812008486688181
-0.0321934338874516 -0.0175777834493335 -0.015952738089736 -0.0253092843021007
-0.0305517093928405 -0.0355069607825328 -0.00014721463412136 -0.0453452694259925
-0.00868929289806046 -0.0532847615077708 0.0328392091211383 -0.051969256247883
0.0287247556937166 -0.0459708475424146 0.0585058508831135 -0.00956887154235167
0.0636216470224766 -0.00397398683143508 0.0355395173327806 0.0394683982714674
0.0473775164592897 0.0580063706496203 -0.0124785359196348 0.041962305341756
0.00152509127115383 0.0813225600058705 -0.0139618615423811 -0.0196414070032941
-0.0267813652210255 0.051158397431948 0.035580438676704 -0.0859284752852204
-0.001327638864597 0.059545567143982 0.0544509763956262 -0.0704282397129598
0.0318914049675985 0.0408307945922838 0.0310479888608408 -0.0850243953255989
0.0416069607982608 -0.00480603275776321 -0.0111436427985504 -0.0703529917769646
0.0175272606191297 -0.0325508707345952 -0.0371499019381323 -0.0441270277421209
-0.0104053774833508 -0.0341950738298757 -0.0454668550327091 -0.0167920359877045
-0.0229532866298953 -0.0200926576544635 -0.0398839653389509 -0.00576609566708289
-0.0226589511512962 -0.0114053972867348 -0.0284731703094885 -0.0145522189203996
-0.0228588320669105 -0.0116416648975232 -0.0255563334449385 -0.0304166338375477
-0.0215794705962934 -0.0254065556468944 -0.00708535344618097 -0.051075511498451
-0.0043816813098888 -0.0389898069917803 0.0272934789504749 -0.0594197881540128
0.0239995017979494 -0.0322932401663212 0.0584003268493672 -0.0173745229643568
0.0465990999477628 0.00405971799640329 0.0367954343425621 0.030856770265356
0.0274303783407727 0.046992345843535 -0.00942542931658565 0.0324746113295198
-0.00828442788748052 0.054690664034833 -0.00838690732617499 -0.0383253997327527
-0.0191233862773549 0.0141067945141181 0.0401144949258324 -0.0987745418381207
-0.00908122978261526 0.0259078663690875 0.0536165649583696 -0.0743858271293971
0.00878164262279304 0.0199993791467804 0.0342309534861359 -0.0788929948557202
0.0165070438339883 0.0010896626365265 -0.00017526324528587 -0.0702453596258668
0.00758653746693569 -0.0114055421181446 -0.0314142164949384 -0.0524876795522754
-0.00405714331164693 -0.0144779722844619 -0.0483488973520783 -0.0271140071759268
-0.0102369328066494 -0.00927895915409103 -0.0469579606917646 -0.0116530830521934
-0.00992392853609297 -0.00462178519883452 -0.0345646747466963 -0.0183052804600209
-0.0120295014284323 -0.0049219230835473 -0.0302331085547356 -0.0344183713555882
-0.0115184189649619 -0.0128105039987484 -0.0100026324640471 -0.0551347220771573
-0.00147915029359946 -0.022419821405667 0.0269688151148558 -0.061910586575025
0.0178449198994318 -0.0186556945878982 0.0605248443813811 -0.0190374535393677
0.0278643311291403 0.00928004353328041 0.0372755743509974 0.0280470152711869
0.00758790649670626 0.0318095011544171 -0.00659347413656679 0.0265597511934129
-0.0160516912861653 0.0225363480772944 -0.000975105079830427 -0.0485879876067628
0.0158039160360123 0.00849538218628432 -0.00877096108558003 0.0656411036765221
0.00500446419265077 -0.00939382707797956 0.0326121043709962 -0.0100645551405911
-0.00682459410912 -0.00541116172361988 -0.0270768031640075 -0.0437541335335944
-0.00300146637055419 0.00388117822194683 -0.0732941102510806 -0.000224595883206053
0.00209806832921672 7.5271882594362E-05 -0.0445706170930585 0.0598396936686949
0.00114376975820271 -0.0016380244122868 0.00230300016903203 0.0653106137916167
5.18304318905138E-05 -0.0024835772056498 0.0243121309665212 0.0463548906690329
-0.00392501816459266 -0.00399215121341979 0.0347707891554692 0.0278455682845954
-0.00503072937955309 -0.00592661939959766 0.0420906976728841 0.0214626961009107
-0.00430912212534926 -0.0100686630292438 0.043231003020846 0.0299446397690647
0.00503984747792576 -0.0110326981670063 0.0253582746546073 0.0526207400509502
0.0133167393034731 -0.0040255480703711 -0.0111803108937108 0.0678108073503457
0.0149480129479096 0.00515029692622438 -0.0418215745578582 0.0671945695639569
0.0120959859910329 0.0158480324772142 -0.0702154169581835 0.0614048284790739
0.00769932779501785 0.0302169962667184 -0.0617418842174394 0.088386781547742
0.00816587728012697 0.0399070010513899 -0.0133434503443552 0.0556600205100725
0.0143628072368853 0.0143515861628603 0.0331422635810817 -0.0114352820322247
0.0123553767896901 0.0019028815751204 -0.0241206519740665 -0.0521940988451182
0.0109569120163455 -0.00533371925284721 -0.0754812391615386 -0.00805584145954498
0.00664299274919282 -0.0167931112548986 -0.0505430774563861 0.0552431820429286
-0.00493175822572756 -0.0175252758677466 -0.00348462329280928 0.0631327696239189
-0.0109644214515377 -0.0128589585628044 0.0198431580116815 0.0442710293597657
-0.0162087494715557 -0.0134009527445558 0.0300514643087148 0.0247129031632625
-0.0169050824241115 -0.0177347981178047 0.0371285768472026 0.0137748090318928
-0.0128343284195988 -0.0304421883430816 0.0432213035331194 0.0171284158915188
0.0119221486558505 -0.0351794396075656 0.0367465841433299 0.0396776879062731
0.0381789184183409 -0.0148692368684987 0.00512335610271974 0.06448746491236
0.0431329011957299 0.0214464618007092 -0.0286994845698208 0.0716658435996715
0.0213324837745084 0.0524697015824445 -0.0578009838212579 0.0630024639698159
-0.00401516832869694 0.0672747015395269 -0.0531002260443485 0.0769644711032403
-0.00524145415069468 0.0671814104255345 -0.0113025280392771 0.0345903330334667
0.0198089025902291 0.0418866526939844 0.036156402708394 -0.017779772724102
0.0324765837354169 0.0151994393492804 -0.0162849682120483 -0.0647219627373181
0.0288334483812088 -0.0126019797720598 -0.074170216001108 -0.0226057536590371
0.0129005119338367 -0.0333350042889139 -0.0564316169828565 0.0429988620844644
-0.0095274531921518 -0.0334636680689009 -0.0122690450529264 0.0559813834106467
-0.0202241346946132 -0.0227103399143188 0.0111586029750149 0.0381401193119845
-0.0260734579652263 -0.02045614810473 0.0209229611976495 0.0178990485969222
-0.0262247314231437 -0.026125067705394 0.0273200578602018 0.00336430140319099
-0.0215781749285478 -0.0445578466833634 0.0386394902525502 -0.000248810466025796
0.0105723649454737 -0.0548098088830679 0.0465467594665215 0.0169791604090138
0.0506109045188165 -0.0319122948893463 0.0258325616887638 0.0540428045464203
0.0683515129368671 0.0213559584974998 -0.00999829606591349 0.072928072870125
0.0369646784361 0.0737706067369015 -0.0445969172957428 0.061487432881529
-0.00860644303828747 0.0946116508311333 -0.0406689723274899 0.0571531839741817
-0.0203944695117659 0.0845175955282226 -0.00274737200489926 0.00510104885875184
0.0188001693744787 0.0682957221608204 0.0418102830776687 -0.0282423556350657
0.0484647236062644 0.0337800418382222 -0.00347246879659875 -0.0775437275922945
0.0478110472394497 -0.0157090056062804 -0.0652282395336485 -0.0407210448005973
0.0207082794455445 -0.0460206190813281 -0.0588606641644237 0.0229264352861772
-0.0119663064122505 -0.0469792716885695 -0.0222746814553293 0.0406946224474886
-0.0274224663613406 -0.0309781334162685 -0.000493610943414349 0.0285395108833024
-0.0321472582130445 -0.0248239347082636 0.00981187622680558 0.00865318392045856
-0.031856276478997 -0.0292107692842716 0.0140331452201672 -0.00810679873613269
-0.0282362785060268 -0.0496471173113195 0.0287952098625364 -0.0183440076839486
0.00468088997759503 -0.0646749278817007 0.0488965560950945 -0.00906491283020785
0.0504647867925382 -0.0454397661545383 0.044184155168006 0.0361688812807193
0.0804340334280679 0.0127619294051313 0.00797989191034847 0.0665461128514205
0.0486351076158093 0.0802002669229531 -0.03260739007107 0.0557702365435914
-0.00898360459217484 0.10493545259589 -0.0288502051036591 0.0297685031796873
-0.0337957475882698 0.0869292794017903 0.0122044307063588 -0.0286240917847887
0.00970745667564756 0.0835736971400679 0.0489304470456729 -0.0413560577708658
0.0528724613884531 0.0506645886371479 0.0137465726665654 -0.0845205145397716
0.0600997961274861 -0.0113208827893861 -0.047216159667752 -0.0577375252472528
0.0278672881906447 -0.0498066293871342 -0.0540069052458011 -0.00405956388682001
-0.0110544268124535 -0.0527431108462261 -0.0321234466515447 0.0195154492088819
-0.0299201814010434 -0.0343685582939939 -0.0145346300095485 0.0154273826176673
-0.0326073414754468 -0.0244795542808041 -0.00385449217640393 -0.00121035343442221
-0.032297915848888 -0.0275203656366497 -0.00013673673167748 -0.0183689598532493
-0.0286837132970099 -0.0476957971437661 0.0167316501410637 -0.0329905478984108
0.000493326074928581 -0.0632773134790217 0.0454316662919797 -0.0307434072082317
0.0441430416374632 -0.0481353364356644 0.0539820915184204 0.0165989058241806
0.0773733535358318 0.00674675645061061 0.0207574567400171 0.0552966660388584
0.0479193950545708 0.0751631066046898 -0.0246709923207698 0.0469014098266113
-0.0103474616858055 0.099046919882707 -0.0183184660327301 0.00165363845153699
-0.038796726907246 0.073033983005291 0.0302435572580159 -0.0605961260665407
-0.0026562140515299 0.0800983776074343 0.0562703662420971 -0.053263076876845
0.0424513035280453 0.056308737938266 0.0296326049870003 -0.0842541745451453
0.0584158771586274 -0.00278897763897259 -0.0226613147244366 -0.0678300972403139
0.0296529180612044 -0.0431341705295697 -0.0426314685636412 -0.029210443715741
-0.00795223003181095 -0.0484254846924901 -0.0381969408324334 -0.00324097269832006
-0.0269971472795527 -0.031925296856731 -0.027564855380758 0.00128178652784511
-0.0288223487493977 -0.0216914191451887 -0.0157881189944437 -0.0113295048619672
-0.0279186254771262 -0.0221183600904412 -0.0119799253633915 -0.0272392335448947
-0.0238742586715257 -0.0395929883269221 0.00716507197643225 -0.043709546065052
0.000437671787473011 -0.0537817790785364 0.0395564229829169 -0.0453935821763728
0.0365580007338587 -0.0402660153373416 0.058525360368414 0.00159685195877232
0.0630516440150261 0.00776153421376238 0.0270603798117015 0.0444804632576874
0.0356187510696175 0.0646688494459382 -0.0187546260272824 0.0371889794850093
-0.0142649154092782 0.0792699610970741 -0.00947135867872428 -0.023145131772625
-0.0336979971423784 0.0458782504854781 0.0462791786160422 -0.0825644540110803
-0.0110563574668947 0.0580701870605086 0.0627131149069884 -0.0618171576655016
0.0239474606949422 0.0454063148842525 0.0413979257887043 -0.0786826972204773
0.041611699699623 0.00290712798963498 -0.000941124395506233 -0.0695797772373446
0.0232168414590531 -0.0285742255370431 -0.0299716823093362 -0.0471423192177625
-0.00454198720558743 -0.0344138244161996 -0.040898950501312 -0.0229230489118092
-0.0193871174114918 -0.0238604953190766 -0.0382464374156752 -0.0109099814273812
-0.0204406337575794 -0.0152888489035724 -0.0255334738623676 -0.0190056074162312
-0.020188999535519 -0.0154670152817106 -0.0196894801477267 -0.0337810510971189
-0.0169210674026872 -0.0287240223232578 0.00132064682606276 -0.051209152961309
0.00189612709810421 -0.0387495439925787 0.0366400907706883 -0.0526680964226929
0.0293721314413378 -0.0281765282415989 0.0600215207643844 -0.00636372991917274
0.0452386250872823 0.0116501713047416 0.0301607611662892 0.0367762695575506
0.0182676380205433 0.0502212977462834 -0.0138072273423599 0.0293514251674604
-0.0187846870564843 0.0511313127230462 -0.000710011566927133 -0.0400810050244616
-0.0204863101117851 0.0104651935120801 0.0547446068051896 -0.0921282861413219
-0.0127966403197597 0.0237940842038274 0.0643634854010027 -0.0655609087430157
0.00509971114299845 0.0210984995609823 0.045181533745655 -0.0721841930566449
0.0160277726234283 0.00392450357225223 0.00978881793875324 -0.0683542547173401
0.00973041508858002 -0.0100937534368129 -0.0227629753183805 -0.0558338176803475
-0.00183419564470058 -0.0146575969525717 -0.0429913641224526 -0.0339461780193016
-0.00861234856149708 -0.0107941944127007 -0.0444490102886959 -0.0183973997809053
-0.00870579694060383 -0.00662631096874405 -0.030937575523644 -0.0239520735816603
-0.0106243400930368 -0.00681093076602398 -0.0237123303919532 -0.0385596321543619
-0.00919036405052193 -0.0143024714346347 -0.000345825200861662 -0.0555869904744324
0.00236757248726625 -0.0226827278963567 0.0365742194640136 -0.0558894759764067
0.0202403772709858 -0.0160761799528131 0.062688877658675 -0.00729227880279091
0.0261892334340785 0.0139711438245996 0.0313546327868722 0.033990661398542
0.00189856841552235 0.0324393827475823 -0.0103575153709828 0.0239331215767018
-0.0204720019782128 0.0187785347062397 0.00796158705011923 -0.0484039944840577
0.0160039596955041 0.00917460448179317 -0.00956289404896889 0.0678266339796085
0.00486707416146321 -0.00956790193273449 0.034640413998583 -0.00926418148874598
-0.00700182252752383 -0.00605529485800079 -0.0266445497942411 -0.0457091866538092
-0.00333774334357585 0.00367118590141874 -0.075123292365968 -0.00159249893869361
0.00196493924737064 -0.000379176489624442 -0.0468324289401049 0.0606871128260644
0.00121081429415603 -0.00186158237918123 0.00147984089249075 0.0668937531779315
5.66299376299441E-05 -0.00258765914821813 0.0244052677733735 0.0485699602330465
-0.00440943227384559 -0.00489991900953411 0.0352491494624874 0.0299013569363056
-0.00546242914100179 -0.00582404684128464 0.0427375732759486 0.0224357075039493
-0.00439511352630788 -0.01022419128777 0.0441784899425026 0.0315444016175344
0.00522783836624753 -0.0109629358344821 0.0252956955037553 0.055031679810057
0.0142192915251017 -0.00377790228717225 -0.0127216687583798 0.0698428894184292
0.0151653575634308 0.00603287219212697 -0.0450173225882597 0.067905969906202
0.012106474984082 0.0167306897929151 -0.0736948845139669 0.0611220220960577
0.00710492068889618 0.0306240839957855 -0.0650113955641939 0.0894198117430844
0.00721269337595142 0.0406395178950387 -0.0133553965545415 0.0569792349010499
0.0144343650858828 0.0150064680597877 0.0353313361065391 -0.0106293909682228
0.0124871447038055 0.00248082408219222 -0.0231851532985895 -0.054285162618938
0.0112981626019691 -0.00516720828851432 -0.0772640408534027 -0.009921778164921
0.00658873737631191 -0.0174374150829316 -0.0529841925664115 0.0552337561557264
-0.00488469359738421 -0.0178084412000056 -0.00429106791712323 0.0651495380654246
-0.0112033665057993 -0.0130403896497477 0.0201240289508098 0.0457754790999105
-0.0163391694925657 -0.0142171987569075 0.0302288232217188 0.0258154005566276
-0.0173632867602719 -0.0188363837925301 0.0373888230014011 0.015166280186134
-0.0126622871886439 -0.031751302216256 0.0438159476387701 0.0184719706772646
0.013018274216488 -0.0359408363683942 0.0369202646713302 0.0415746005389849
0.039590918138763 -0.0147153215856462 0.00393643704368303 0.0671584436897199
0.043829009191181 0.0231922292950249 -0.031316769933899 0.0735471865539869
0.0205163906643512 0.0538829819984969 -0.0612696249463595 0.0630862175827494
-0.00561796832596326 0.0695865795801352 -0.0554364405206144 0.0786604094829643
-0.00614012418866409 0.0685421259942482 -0.0113279462560416 0.035805752889248
0.0198650280646685 0.0429385593209897 0.0390090512441831 -0.0163934443778928
0.0330487774569059 0.0167279249253705 -0.0145871284864394 -0.0673541531950472
0.0294363545207341 -0.0126257238376427 -0.0752106906468198 -0.0245742008183032
0.0131046779796104 -0.0340976235422875 -0.0587562200975532 0.0428363517671519
-0.00971440644122105 -0.0345819009738681 -0.0135715451581298 0.0572288045979062
-0.0211713185087614 -0.023608915348185 0.0106740164680926 0.0398914933522145
-0.0261752197334537 -0.0217677449734911 0.0212823353445604 0.0191241373673333
-0.026792207042915 -0.0270540254665246 0.0274715551694346 0.00436955626130994
-0.0217575116753361 -0.0463120237317662 0.0393986339926552 0.000441216832000486
0.0115246188255299 -0.0561122536735083 0.0468247841703922 0.0174720045565626
0.052545541197654 -0.0322490625879388 0.0254970154533329 0.0565640558019011
0.0697463187658473 0.0238475115511922 -0.0118605854870354 0.0752858604756945
0.0362899627613281 0.0767375818141048 -0.0471508128486216 0.0625300093384706
-0.0103388565171924 0.0971423891083385 -0.042428441230791 0.0577523098346559
-0.0223634603477461 0.0860101977909362 -0.00217662020180757 0.00616985812679256
0.0179614869394827 0.0699487823006962 0.0444678113375965 -0.0269994978835974
0.0491081807827801 0.0354824798241107 -0.00124091286274369 -0.0793324119623093
0.0490352220938774 -0.0149809396516307 -0.0666770441038917 -0.0438046548740327
0.0214233372264913 -0.0469280660799307 -0.06092951295603 0.0215900225250548
-0.012138082155871 -0.0477320407446608 -0.0239081753329404 0.0420305719954459
-0.0276298959764564 -0.0317381146058992 -0.00100706910241814 0.0293360417097523
-0.0321974094826254 -0.0263312209883745 0.00906449210930827 0.00935364540800146
-0.0323366243848359 -0.0302311178998397 0.0142742265911379 -0.00753959596827153
-0.0285028044255305 -0.0518341613986405 0.0293554450769431 -0.0183996277184682
0.00531345413563822 -0.0665583123150385 0.049303496771206 -0.00875981454984329
0.0526011285046886 -0.045935243252427 0.044630571560096 0.038483506912706
0.082130179278743 0.0145830352210161 0.0070362329461711 0.0691087156572594
0.048384051378131 0.0829734103221174 -0.0349873850328626 0.0568181851663008
-0.0111335540839514 0.108503319283555 -0.0293826916829203 0.0303273184434315
-0.0357438487825837 0.0886447595354075 0.0138259453070735 -0.0285872785522639
0.00815837983112074 0.0852222178305592 0.0513307635199147 -0.0393838201364854
0.0533480310426139 0.0531320300790425 0.0158104190871167 -0.0866317347900785
0.0618729412355403 -0.0108023911705744 -0.0466722149907151 -0.0602933568972117
0.0294488002008815 -0.0509037019328215 -0.0554506052018882 -0.00538683771559436
-0.0114363610493835 -0.054172464865912 -0.0329403739356355 0.0199875747183431
-0.0301751763394244 -0.0351759043379048 -0.0150088891178123 0.0158850524236085
-0.033123731581248 -0.0263121645599712 -0.00391972672573307 -0.00135932313390446
-0.0326111702150633 -0.0287291815102528 1.30717578093273E-05 -0.0184462715825939
-0.0292722309412296 -0.0492629583288442 0.0175128498964678 -0.0338470549265666
0.000835495406830406 -0.0651968931236463 0.0457076340479917 -0.0314100976997665
0.0454838552111093 -0.049185736232237 0.055534380219196 0.0182068889233581
0.0783728384150007 0.00862527312733915 0.0202805920371575 0.0581198415948852
0.0477199110975877 0.0777594561899147 -0.0258570577191605 0.0478024253072955
-0.0121010977784668 0.101469320951584 -0.0185476385313025 0.00142291779476506
-0.0411468368869265 0.0735999443619664 0.0329889767310111 -0.0606761355189407
-0.00384054224176368 0.0820323788713599 0.0599375651678196 -0.0527282132238002
0.0422017579425539 0.0592208985639381 0.0324879884032011 -0.085631571526387
0.0600629459638955 -0.00220939271770747 -0.0221879758889924 -0.0697550732103246
0.0312935107153 -0.0439746837736606 -0.0435394506785526 -0.0308739263351832
-0.00835833263806491 -0.049414724977765 -0.0387432941220703 -0.00352339066443393
-0.027605128101861 -0.0331483979219878 -0.0290220662125371 0.00121380915872466
-0.0288354944831583 -0.0231831877343835 -0.0164960381297218 -0.0119544880878759
-0.0275284148261517 -0.0235064853457956 -0.0120833151935215 -0.0273186669296098
-0.0245195049119294 -0.0411511642513719 0.00747759875019939 -0.0447801283437995
0.000804054517230683 -0.0550102147617661 0.0409535399062323 -0.0462399434039219
0.0375609893227065 -0.0407117547984974 0.0596110916540304 0.00315856339500383
0.0645291827061047 0.00898038557861424 0.0270612930093241 0.0473223487407296
0.0356365203368092 0.0666330588478635 -0.0196557918776428 0.037990512437589
-0.0159141503555863 0.0817333703696864 -0.00923118619095518 -0.0235157630753031
-0.0352972774711669 0.04602174252006 0.0491878133946152 -0.0837098087333569
-0.012284690164829 0.058968799175026 0.0660780262992847 -0.0611521581246414
0.0237201391040302 0.0473514620452369 0.044060071382368 -0.0792524166195504
0.0428394941596897 0.0038050158574674 0.000308708608621839 -0.0714770550670352
0.0242771087649503 -0.0292503433340181 -0.0300853139795918 -0.0489232113257214
-0.00450719377953722 -0.0354261917525428 -0.0426058308196942 -0.0238560715146985
-0.0198609507303448 -0.0245060161597601 -0.0393433470443456 -0.011690516991138
-0.0199921995690673 -0.0161681829581789 -0.0261797612583675 -0.0201255978360876
-0.0202620702247152 -0.0160917158002293 -0.0201690342760794 -0.0348626188335998
-0.0171379253979659 -0.0292396265215214 0.0020458457020172 -0.0522829666059083
0.00189552414242532 -0.0401396470245627 0.0377384708830952 -0.0540361539301333
0.0303207506096177 -0.0283482491658173 0.0619023787213562 -0.00495939503473582
0.0458216833934823 0.012951427530927 0.0301706864395027 0.0394296105350336
0.01789400193337 0.0518664031731558 -0.0144054215652892 0.0297715148373286
-0.0198426015412545 0.0525907061532151 7.7774811898287E-05 -0.0409370060723295
-0.0210586003662269 0.0103555626510394 0.0580833454573756 -0.093686638650742
-0.0134507505673231 0.0236323898730008 0.0679456894019521 -0.0654651150750437
0.00491280813314495 0.0219976317823449 0.0483567898771221 -0.0727108486786825
0.0163035721107963 0.00399069863824073 0.0122501160650499 -0.0703517519628034
0.0101192018819513 -0.0102694404290908 -0.022880579022072 -0.0571745446419142
-0.00156101450545387 -0.0145762249825332 -0.0443451986574739 -0.0352420415199646
-0.00846119349063184 -0.0110993471271055 -0.0452828357398335 -0.01908445899057
-0.00861822420049363 -0.00737911570028864 -0.0319650791003142 -0.0247662003729334
-0.0103482177524297 -0.00684510085177637 -0.0237127467248101 -0.0399421025266508
-0.00891031588000356 -0.0149250732749876 0.000250962711176219 -0.057066433354158
0.00247632107796994 -0.0228241541496189 0.0378571876294193 -0.0567899662871629
0.0209733254660249 -0.015982249740148 0.0640458451339619 -0.00652687961446628
0.0268927955525358 0.0151944066151703 0.0310870947002471 0.036275527407277
0.00130928908993612 0.0327272589887096 -0.0111534772865611 0.0243116683979209
-0.0216279019097413 0.0188699391324691 0.0083802675170692 -0.0495372288949985
0.0163329162378379 0.00870761808696512 -0.00746651514045644 0.0702130675511361
0.00485787976911614 -0.00995363745064085 0.0369145101359368 -0.0106248656308248
-0.00691266509156343 -0.00593527470605994 -0.0279372771947815 -0.0469976599283373
-0.00320127942496209 0.00391477664608168 -0.0786021112416742 0.000102096172298804
0.00191578293252029 -0.000631180412890031 -0.0476513535602182 0.0637183180794924
0.00178150950141175 -0.00190742048626565 0.00331541620277913 0.068916986156632
0.000101731906842007 -0.0029117293421923 0.0271478520320939 0.0493353634144402
-0.00430741732130671 -0.00505104076201662 0.0370432657833269 0.0301591585215444
-0.00601850240508886 -0.00622141822077721 0.0449904039170946 0.0224070308862111
-0.00471678267324319 -0.0103277375309501 0.0460717037417597 0.0314697953732008
0.0056875763372301 -0.0119869499387943 0.0272248157005762 0.0567770269077362
0.0143645167464765 -0.00491721836335104 -0.0124934533408242 0.0726054111109291
0.015902390829594 0.00649349064756411 -0.0450137112536529 0.0707008486327901
0.0122897585192211 0.0174103751968817 -0.0756897572702094 0.0644426017442767
0.00801110174383798 0.0319313057925608 -0.0655630136848959 0.0931514544261063
0.00822284745848294 0.0417621227221112 -0.0114997518137933 0.0593876683582717
0.0150962054226035 0.0153395828678409 0.0378405911135336 -0.011978152164402
0.0130529087044936 0.00267139669927847 -0.0241211248740007 -0.0562518435386207
0.0118219410232653 -0.00570845519638187 -0.0802177055644213 -0.00874326885822817
0.00601203095679028 -0.0186176392942306 -0.0535215015704276 0.0586011570944994
-0.005586299696641 -0.0185134029292423 -0.00310696476650233 0.0669384977414777
-0.0118052322166277 -0.0134735079732708 0.0213374814892335 0.0469494050935646
-0.0172608262982298 -0.0144663975740474 0.032085014259162 0.0266249642309659
-0.0186885931734115 -0.0193351647470918 0.0395056833057957 0.0152207184382691
-0.0140785345229365 -0.0327783809177936 0.0457618376946432 0.0183911897821641
0.0121840132148045 -0.0376418850649582 0.0382483560759836 0.0418246964037442
0.0405678807753654 -0.0167312791647214 0.00514133106286936 0.0696399906873997
0.0456792057824271 0.0234232325744565 -0.0310759209723335 0.0764278440385154
0.0221446223496994 0.0560201433247645 -0.0624453506826003 0.0665709351789945
-0.00440106089740218 0.0724591624895595 -0.0553829713769713 0.0819837453495664
-0.00527674697348626 0.0704651964746984 -0.00983847137294965 0.0377741589694152
0.021388531548156 0.0441770769909527 0.0411999201178387 -0.0176129733424293
0.0342225476056159 0.0165699297182167 -0.0162853260739534 -0.0691896908735153
0.030105853822753 -0.0137493522890328 -0.0787503493964049 -0.0246057324045977
0.0125940305931951 -0.0359814437998413 -0.0601715326061342 0.0455262259251526
-0.0114758560408402 -0.0353546886173014 -0.012478567993365 0.059379668451178
-0.0221763551070585 -0.0241198454535162 0.0122500822047491 0.0407012642055892
-0.027700050202238 -0.022008924285854 0.0228712850139117 0.0191241559251783
-0.0287117222829444 -0.0272644144817028 0.0287476942307773 0.00419829127262569
-0.0240805516290541 -0.0471414464034768 0.0406259676276048 -0.000484279327581662
0.0101585175594462 -0.05843703642606 0.0482678564783744 0.0176098600968419
0.0538123652747588 -0.034640160940713 0.028223795505288 0.0585407729484978
0.0722303167786763 0.0229914950573363 -0.0110071890718457 0.0784376896348586
0.0388416732622749 0.0789015779260341 -0.0481207760504196 0.0652192387223051
-0.00845485045030581 0.101378508082044 -0.0422949091749432 0.0604144079598643
-0.0213719072160906 0.088748433945717 -0.00103766199216605 0.00676688711784612
0.0203101169982134 0.0716802336521455 0.0470518467712307 -0.0276576525242814
0.0516294513240897 0.0362494208205129 -0.0024189087401514 -0.0825653136844055
0.0504660339072322 -0.0168940293544121 -0.0694395469196952 -0.0440293161520266
0.020778343718874 -0.0495345064793087 -0.062707343498274 0.0238770072977903
-0.0141409778140547 -0.0486218296136396 -0.0236219874038526 0.0438388908479284
-0.0297130920774811 -0.0319831306996716 -0.000757696893514579 0.0303800187568356
-0.033580615794337 -0.0263334535015877 0.00982930896180344 0.00919415627636177
-0.0343227398787292 -0.0302177996220013 0.0145768924782552 -0.00745597921364495
-0.0316108679426093 -0.0524534618528669 0.0301450833920415 -0.0195216938627439
0.00389634824090732 -0.0691393414562981 0.0504723463571582 -0.010404396946375
0.0530515869746249 -0.0493340037396028 0.0469567405789883 0.039091215471086
0.0855464292851709 0.0137011023018058 0.00886065601582503 0.0718184628812174
0.0513926704710452 0.0847981864831057 -0.0347439163549988 0.0602910383970619
-0.00851474140673648 0.112502925858243 -0.0295073742877311 0.0315701172000835
-0.0354924856509319 0.0912988060163974 0.0138539854447675 -0.0293256480785089
0.0109080756966367 0.0881480238473224 0.0535692713873597 -0.0411497095240576
0.0560680130926688 0.0541948744755356 0.0152095961426718 -0.0898657133408371
0.0639493758067027 -0.0126408263610021 -0.0494538056532686 -0.0622704423023962
0.0287280026653921 -0.0540267475667801 -0.0577443409685068 -0.00369157740059115
-0.0134851751908173 -0.0546939740013268 -0.0335470253256014 0.0216696042966621
-0.0322643440673921 -0.0353910755751814 -0.0154174501601447 0.0168389833542227
-0.0345117915258856 -0.0267993910101055 -0.00424228853024161 -0.00154665741034896
-0.0339842348991687 -0.0288454552232859 -0.000526191076939448 -0.0184460050174033
-0.0317581248972591 -0.0502136236677197 0.017112079282803 -0.034976626325089
-0.000783210362278703 -0.0671797030065683 0.0457726441064816 -0.03355433110176
0.0458465483377899 -0.0517134683474258 0.0578600464714529 0.0182282824088302
0.0811083929227396 0.00750598497358222 0.0222386773619024 0.0609663693114056
0.0511040277624807 0.0793415979397271 -0.0259031551966483 0.0502145291136054
-0.00990817347572713 0.105991075942685 -0.0189722684579285 0.00156470304756864
-0.0411593290870342 0.0766369653700976 0.0325123792156159 -0.0624996296567066
-0.00177119553496021 0.0844606796968459 0.0612973110523036 -0.0543614985883327
0.0449260935094218 0.0604345492475348 0.0326012271832535 -0.0888262279316924
0.0624054878186634 -0.00357909821268909 -0.0234757193751279 -0.0722574767916986
0.0310913295032741 -0.046458112144265 -0.0454826778842202 -0.0309808166216161
-0.00981835204299231 -0.0503694918877212 -0.0406749498750845 -0.00267735434405226
-0.0292886754142201 -0.0333279124404606 -0.0299111522296294 0.00183702612543572
-0.0303948964897692 -0.0228787340115218 -0.017825005684001 -0.0114684712645741
-0.0291305002424442 -0.0236167489987063 -0.0132878816586978 -0.0273754444056604
-0.0267721195739134 -0.0416754768758 0.00674207702236621 -0.0459484402656201
-0.00101160721147639 -0.0567032283841398 0.0400964609805127 -0.049090683559136
0.0383378349656325 -0.0434740255544575 0.0620931210114656 0.00258549077134612
0.0667781480315463 0.00874866767487843 0.0297893402163098 0.0490631285511894
0.0383498564218902 0.0679210169675986 -0.0194443624055567 0.0400401178389967
-0.0141170178177786 0.0846728784016675 -0.0101601553904174 -0.0245709871855625
-0.0355048590025875 0.0478659659465645 0.049503016325447 -0.08641429367324
-0.0109585039612195 0.060810647161388 0.0680354456412035 -0.0632131289403977
0.0255808706502522 0.0488693453371828 0.045018732545084 -0.0826064861275558
0.0444147968217983 0.00260174423868258 -0.000397711001260231 -0.0740882616391551
0.0241511463180936 -0.0307583434488376 -0.0320453028245531 -0.0503507783622328
-0.00619457537057245 -0.0360579361723798 -0.0446054683131266 -0.0232931810180292
-0.021367541367727 -0.0245122389266568 -0.041375095393089 -0.0110751791399356
-0.0212960219954503 -0.016607739378762 -0.0278934465651316 -0.0203875505901409
-0.0206471042099851 -0.0160158249998422 -0.0216675948493378 -0.0355635131379503
-0.0182441286207136 -0.0295916751500489 0.000524129276426975 -0.0541280617727558
0.000981952982907416 -0.0415469270460802 0.0375034489592076 -0.056674452058668
0.0310227491209536 -0.0302917410190858 0.0641298622612708 -0.00620631072767486
0.0477938204809603 0.012441174493395 0.0322241380905774 0.0408350640037533
0.0196162241107173 0.0531281042173759 -0.0141903704149491 0.0309080724109637
-0.0194980616532717 0.0546195959854041 -0.00103921854333938 -0.0423603455371102
-0.0215186010734356 0.010510101398348 0.0580723770896493 -0.0969370131120494
-0.0130759159028289 0.024483046546308 0.0690934037157012 -0.068150392451339
0.00556437344278104 0.0229423798079915 0.0492799682544954 -0.0762298427353128
0.0172234939346838 0.00367518398950045 0.0115902123264942 -0.0730933216434572
0.0102351007026955 -0.0111017905792212 -0.0244123477085955 -0.0590030108759862
-0.00263731523708285 -0.0146137050313474 -0.0469897293963835 -0.0354095226460775
-0.00964518122726873 -0.0112753362276634 -0.0477952920672802 -0.0188311038737078
-0.00885217872221629 -0.00723821334134515 -0.0336723169301165 -0.0256554828987381
-0.0104075394032206 -0.00696205884159743 -0.0254861768257603 -0.0405424301864078
-0.00984658757185759 -0.0150974966239459 -0.00160359539567116 -0.0589722673939654
0.00184609744703566 -0.0236646897661459 0.0379190717452372 -0.0593795076874196
0.0215021310024309 -0.0170933011989189 0.0665073020089657 -0.00796768524749358
0.0279951209622515 0.0147912156797938 0.0330415541999534 0.0373517790527398
0.00186673013743245 0.0336855731767673 -0.010929320868345 0.0254050248228755
-0.0215198892624043 0.0202677569230295 0.00702097983172414 -0.0513522077710766
0.0170335168030163 0.00796141232054346 -0.00324960956958432 0.0706710621784919
0.00428813492946664 -0.0099126670053212 0.037340770902797 -0.0130949804639156
-0.0071958185304611 -0.00611199368427894 -0.0303669068363405 -0.0462652408764322
-0.00305752654292064 0.00421980421718145 -0.0793784171450382 0.00351609135437947
0.00213193283920884 -0.000782999415252211 -0.0456593892005153 0.0671538207472804
0.00183654764735849 -0.00190648901249964 0.00709114426296638 0.0691959890791737
-1.42159185547612E-05 -0.0028945271919236 0.0295385293123559 0.0485890173426668
-0.00497773162607534 -0.00496450784503292 0.0393235235482291 0.0289364877164803
-0.00647038819210171 -0.00624839038012044 0.0471383017241647 0.0201636445574514
-0.00583062276920226 -0.010013846127747 0.0481463048254193 0.0301414991806412
0.00519132821813647 -0.0126933028706185 0.0299323399714982 0.0564732011453712
0.0147822038254681 -0.00533552455064416 -0.00893329375957457 0.0744399837227359
0.0164012927021193 0.00568088033195049 -0.0434753484177426 0.0730964431409736
0.012964521302697 0.0175954486406693 -0.0738919625790349 0.0683399496904937
0.00955039919787012 0.0315564053364614 -0.0619987271458794 0.0969120205650033
0.0104462267946925 0.0413063144140786 -0.00828123523097647 0.0612968781583223
0.0155561417120369 0.0143638038360196 0.0387378540319957 -0.0142849228005018
0.0131743198012232 0.0017120181509204 -0.0272803370728073 -0.0560990535020163
0.0113235257979776 -0.0064735984844915 -0.0814225822450094 -0.00536119978264946
0.00471701504375284 -0.0190696050499447 -0.0516990138968816 0.061336373838259
-0.00680394747584163 -0.0184571349145543 0.000634537682632628 0.0672714671483432
-0.012879033439311 -0.0126753595887189 0.0242732621707729 0.0463123621694585
-0.018446407130458 -0.0137448528089151 0.0337639546164465 0.0251478822040906
-0.0198817942805123 -0.0182926844778384 0.0406182805810151 0.0137233492084315
-0.0163829653829234 -0.0321278631179153 0.0469447402135251 0.0160666888521595
0.0108531221603387 -0.0388302794709711 0.0406588218434438 0.04053503531697
0.0401648904192357 -0.0186185364278382 0.00851477513362437 0.0700122054824305
0.0475478433435008 0.0215650969602167 -0.027792848750032 0.0786195594180616
0.0246337000043109 0.0557307446179018 -0.0605271304704587 0.0698560570431487
-0.00114571328191236 0.0733600981405885 -0.051505492960084 0.084818249122782
-0.00179146559164052 0.0707021111025384 -0.00718176039899663 0.0387617479850245
0.0232015367335055 0.0434475860481757 0.042555539938348 -0.019204405317251
0.0355728635415952 0.015114192019338 -0.0189297963383361 -0.0694526631094661
0.0297832445998712 -0.0153295006960477 -0.0809886567881714 -0.0213217119216441
0.00992549615531033 -0.0369875126969906 -0.0585607929930613 0.048563875125268
-0.0131693716318128 -0.0347541152993945 -0.00952786238341942 0.0601017803251207
-0.0236983432900863 -0.0226530684781369 0.0140256272456475 0.0404631237719413
-0.0293194315786925 -0.0211707696694498 0.0235482786365314 0.0182581679850434
-0.0304337202936012 -0.0261125383932177 0.0290266924238918 0.0034929553017673
-0.0271599053399786 -0.0461491229385971 0.0406045561975103 -0.00183362001791881
0.00699975979481447 -0.059431787336183 0.0489041193548108 0.0155051359939713
0.0521476373885917 -0.0377139323197746 0.0311348192517815 0.0582574845459578
0.0739969033836331 0.0207090964155774 -0.00731359816052573 0.0799636380432798
0.0431432363500693 0.0779755415779912 -0.0448877348351274 0.0682097885126294
-0.00342328775760942 0.102668899808555 -0.0396045461771376 0.0622648212878224
-0.0177375230409324 0.0898533258157654 -0.000329484754584019 0.0074044994199672
0.0232882848805609 0.0713764607314578 0.0476025222987771 -0.0298425847056784
0.0535496895210995 0.0343412956521126 -0.00601267782480823 -0.0833813442708145
0.0501371828779999 -0.0197231811994221 -0.072069886467648 -0.0417047835847976
0.0179641676728998 -0.0511952607408856 -0.06216596670705 0.0268268364522429
-0.0169367573360704 -0.0480555799382065 -0.0213975897524215 0.0456870866312121
-0.0315239171098853 -0.0304989078895858 0.000770622962250434 0.0306245161699394
-0.0353040874217036 -0.0251200273007067 0.0100825212755526 0.00907274756249882
-0.0359487211418823 -0.0287278836603204 0.0141403096503133 -0.00758714360381683
-0.0350467588717725 -0.0513014220028223 0.0290090839583561 -0.0206796637900108
-0.000277667233984202 -0.069795364908529 0.0492308648403132 -0.0129004258211598
0.0508371537865115 -0.0521205897135026 0.049488717674445 0.0372016800612131
0.0863086922205802 0.0101907819400614 0.0129769427157675 0.0731427352079268
0.0558220243456495 0.0836463627206793 -0.0325352554852029 0.0617794690348049
-0.00322432421764929 0.114519143009406 -0.0276449320550438 0.0324002241556459
-0.0315582246636814 0.0933583221971319 0.0132178768548452 -0.0295905351491722
0.0149111804757237 0.0877915389568631 0.0535994511932519 -0.0430828288284828
0.0592731630892149 0.0520689881018169 0.0113707713976575 -0.0914091133371898
0.0639172362328965 -0.0161186197942054 -0.0525077316001048 -0.0604645518302906
0.02594807444947 -0.0556065860360553 -0.0583924704074766 -0.00175668679202511
-0.0165945952341504 -0.0540352376359665 -0.0328220256514325 0.0234283210478862
-0.0343613958713681 -0.0342856241374863 -0.0149002074021878 0.0175861284169784
-0.0359404336395982 -0.0254148335015657 -0.00432608043099945 -0.000911113228876082
-0.0357313158094007 -0.0272002207104402 -0.00130593888801388 -0.0181628667247706
-0.0351806930880012 -0.0485029339262179 0.0151790733983758 -0.0359916791648531
-0.00499874241592561 -0.0679148570480912 0.0438147957704376 -0.0361662822249717
0.0435631853589191 -0.0546488599255406 0.0595142966898224 0.0159570323573976
0.082425735745263 0.00389869728520727 0.025936051036163 0.0607700877675758
0.055480482003021 0.0773326143891076 -0.0234107322728702 0.0521299220835058
-0.00426788530157071 0.107685145087478 -0.0186732523859067 0.00200485595596649
-0.0378390074476271 0.0787416074377607 0.0307963329039089 -0.064011332576561
0.00172874136950129 0.0847806269119125 0.060173099340305 -0.0562455208909683
0.0484561238709764 0.0592546126449428 0.0293174153099473 -0.0908947709165291
0.0624145816757919 -0.00745516472878326 -0.0264496292924555 -0.0723852442448389
0.0285321033927042 -0.0486445752627367 -0.047251693190467 -0.0295004750068119
-0.0130458976647687 -0.0499580869694901 -0.0411773264517856 -0.000604082704056082
-0.0312150601842115 -0.0316336828015806 -0.029816777327492 0.00334207700052555
-0.0314828851509246 -0.022014226290127 -0.0186415004140212 -0.010865978001
-0.0304107269216023 -0.0224479328002587 -0.0148695016176598 -0.0268611623929133
-0.0293164486158793 -0.0404918818903972 0.00418348657191445 -0.0467674036793702
-0.0041178338063831 -0.0571421537917033 0.0372776760232039 -0.0511922000766998
0.0359964762911265 -0.0456344070714606 0.0629110046005956 -0.00057327839256304
0.0674610765218071 0.00573923909054519 0.0324233310741807 0.0489180535012141
0.0418976981765487 0.0665636848682458 -0.0174904945996386 0.0411898791237466
-0.00971491507792296 0.0860178475241101 -0.0109948725448413 -0.0244765217701943
-0.0338638022389127 0.0492185567210227 0.0466372542502966 -0.0892280904893146
-0.00825991576808606 0.0614065509970009 0.0658841766491806 -0.0659816187582613
0.0283546536285926 0.048105170570788 0.0414150977918266 -0.0846733248169839
0.0449588943556027 9.29615539769009E-05 -0.00345559392011851 -0.0746948137402117
0.0223172368534849 -0.0326020273028466 -0.0341233312983977 -0.0494647100193864
-0.00813819675811311 -0.0357299885930139 -0.0463825316539138 -0.0211189662206719
-0.0228817398462521 -0.0232169128810579 -0.0419837252473521 -0.00903556581478293
-0.0221897724519817 -0.015794228415559 -0.0296128017190289 -0.01887540931531
-0.0214487567485375 -0.0151578321240156 -0.0236997262370899 -0.0340783704382687
-0.0201423312200137 -0.028876258469991 -0.00268707913853628 -0.0548983515845766
-0.00119581121789816 -0.0418703222486712 0.0340378134220185 -0.0593051356269896
0.0296636408681403 -0.0318092987203854 0.0646701710503559 -0.00883963765933041
0.0489372897619299 0.0111216078330474 0.0348221869893845 0.0404312147487265
0.0225015342392667 0.0525894241624199 -0.0127761166402158 0.0315993076147966
-0.0164767168701207 0.0561274202236345 -0.003525159257684 -0.0428198250449047
-0.0207013920333867 0.0115331882456732 0.0538896949701728 -0.100883604245132
-0.0114536651919957 0.0248249441184128 0.0662957587069288 -0.0713750215115038
0.00709233058299865 0.0228239015070365 0.0463669767547845 -0.0790551050627451
0.0173459380397113 0.00248738819976426 0.00883632918346414 -0.0747208726840977
0.00944673249097746 -0.0118788971722612 -0.0272144176804804 -0.0590177235696006
-0.00336366002270362 -0.0141016103800989 -0.0491191567299665 -0.0330245278208998
-0.0104343769188742 -0.0103715584743018 -0.0498780974830989 -0.0165568696017142
-0.00931150476688122 -0.00733958048304241 -0.0357401620782269 -0.0240793482216219
-0.0102327509122025 -0.00658524734540095 -0.0281225559294649 -0.0388575806507256
-0.010357955439058 -0.0146923224910862 -0.00455616488735042 -0.0592779558812989
0.000408164617364382 -0.0239794696009153 0.034739745336948 -0.0619235059981763
0.0204545551649443 -0.0182202888179928 0.0667536758749624 -0.0109827770590246
0.0292571633913458 0.014058290133972 0.0353185991056667 0.0370977137456362
0.00346558319209097 0.0336983900344786 -0.00999725763347158 0.0260229832511311
-0.0208370876193794 0.0213840665504672 0.00412982342875339 -0.0517478426903337
0.0166458756669301 0.0065217954207615 0.000536901820665164 0.0688912884949186
0.00347924844111876 -0.00969489047157927 0.0369919650467182 -0.0151875074341952
-0.00754974280315619 -0.00521727434449396 -0.0303864000746459 -0.0443076409373234
-0.00268919368427116 0.00408227656191077 -0.0773484827437782 0.00724331850360946
0.00138810432836039 -0.000919779131488533 -0.0410431226417308 0.0669796597054706
0.00127816592342463 -0.0021707151231349 0.00989994063541603 0.0666868503799577
-8.32350658728118E-05 -0.00290555326108052 0.0314910919789932 0.0459279700163111
-0.00515724322493158 -0.00444795037785753 0.0399893052962707 0.026972267092507
-0.00662357528934797 -0.00556530470901534 0.0469288117710242 0.0174093631507334
-0.00580879648611972 -0.00959144924318537 0.0482517794995392 0.0266431794169928
0.00421863670446253 -0.0127733285331456 0.0316076837625724 0.0540203793054369
0.0141100964686811 -0.00600219189414898 -0.00559167038426813 0.0727539854864654
0.0160334806613108 0.00534402108831696 -0.0395597871558095 0.0725114759079048
0.0131892745171105 0.0170472417900618 -0.0697273847894168 0.0693835474093034
0.0101583187692913 0.0304050133866527 -0.0556210709583559 0.0961644473753261
0.011713866781027 0.0395382871208416 -0.00391847518064904 0.0594789709638159
0.0156020941257418 0.0133347997078453 0.0379021334883358 -0.0156453069591954
0.0126915387055899 0.000986805586585331 -0.0281128705691818 -0.0536845599103903
0.0107178351689137 -0.00662277944328792 -0.0798888806028526 -0.00217299291669637
0.0032195510552962 -0.0187751454622405 -0.0470578875395477 0.0622327079212077
-0.00712280370873032 -0.0177851826916961 0.00397618384731651 0.0655815392375072
-0.0123117987620195 -0.0120024214186885 0.0264205949211182 0.0442072371133091
-0.0188474756711764 -0.0128633404667774 0.0347912701622117 0.0234134136062378
-0.0204039622411844 -0.0169447885209364 0.0409311375391703 0.0118301501162793
-0.0173011269918361 -0.0305058215447545 0.0465557671593893 0.0137017405327412
0.00846306951233802 -0.0384467254750763 0.0411205772916103 0.0379921601061112
0.0384664134520158 -0.0202244145095615 0.0116127471890534 0.0688392874705751
0.0470425878073327 0.0195907776451914 -0.0238132577576626 0.0773161958844672
0.0260973190317849 0.05368789120623 -0.0560498984114143 0.0701737119152096
0.00269455757640442 0.0716767316259977 -0.0459175597970985 0.0841334973733624
0.000501212302660665 0.06848069277126 -0.00449195109966058 0.0381933116559224
0.0242360563869066 0.0410637748728705 0.0415234513097834 -0.0207079468516272
0.0349123115309052 0.0132681342599115 -0.0209051643872417 -0.0672833183531283
0.0284593143410334 -0.0164131974366546 -0.079732247574021 -0.0178649869739275
0.00762695650812257 -0.0362102495830318 -0.0548431206386791 0.0498199339418204
-0.0146640934955947 -0.0329076871117598 -0.00631894166607775 0.0588086684968048
-0.0237306851456758 -0.0206349504937864 0.015595238521607 0.038650331979057
-0.0296036567805304 -0.0190582619598199 0.0243305086152404 0.0175551588904309
-0.0307676597929647 -0.0240221759248525 0.0285434619953645 0.00213030614669454
-0.0291157987678365 -0.0438176672193814 0.0391333640128633 -0.003844821314135
0.0038218375548179 -0.0583817162260213 0.0477397375633235 0.0133559805341454
0.0488990828750984 -0.0392399207621512 0.032523345871314 0.0556000877664814
0.073078100413788 0.0171684337368706 -0.00392058254015493 0.0779911516868315
0.0451859721792899 0.0744250895113697 -0.041068757248544 0.067443836089181
0.00095682160605814 0.09975476916664 -0.034811204255854 0.0618015507006856
-0.0136501010562477 0.0877021049253836 0.00141664101318569 0.00743179972894994
0.0257871568548325 0.0678070844855464 0.046339289637484 -0.0303890689778947
0.0534222221816877 0.0311927798171331 -0.00881691627737499 -0.0811767614497927
0.0479506046090593 -0.0213204752961962 -0.071131576368328 -0.0379425457440488
0.0149941985425196 -0.0502223783988576 -0.0589789248861251 0.0284661083409142
-0.0194593186320718 -0.0455629344695143 -0.0184434532118331 0.0451461147020609
-0.0321423159901074 -0.0282598381301524 0.00215897592879978 0.0295728071421697
-0.0356139822688364 -0.0230676462567515 0.0105182875458229 0.00900802833157904
-0.0361123066322924 -0.026641515846798 0.0133229283310308 -0.00814655628434238
-0.0368235824489076 -0.0481664188487244 0.0271064955528537 -0.0217337608836372
-0.0040949325317276 -0.067897399852999 0.0463940111439453 -0.0141657051876519
0.0467517215955429 -0.053328048061599 0.049911651249479 0.0343053851342637
0.0848032717240537 0.00662789841376127 0.015502172015986 0.07085466054522
0.0578600675539833 0.078925086232913 -0.0288923803966004 0.0605866541956833
0.00259338201258965 0.11130217390388 -0.0251162872781701 0.0322256461999685
-0.0271014541136041 0.0916213355592772 0.0127222325629479 -0.0286563042192796
0.0183166945201926 0.0843642253995123 0.0512535395662175 -0.0435987612464885
0.0597893759336808 0.0485692147549286 0.00787336272960507 -0.0894196128130392
0.0612215622844465 -0.0186682068295038 -0.0535516663222055 -0.0571557860044979
0.0222791510913271 -0.0557639915645926 -0.0566639551651347 0.000677446921737315
-0.0186720371777704 -0.051556292995629 -0.0309044108332612 0.0246412031606058
-0.0349615942361813 -0.03159732184838 -0.0135801485918721 0.0177954658495419
-0.0361523720049201 -0.0233171385379007 -0.00481533909232634 -0.000610958701384217
-0.0358435109716063 -0.0248615054014281 -0.00218791095676834 -0.0169396733566893
-0.0375958695971343 -0.0457110379350541 0.0129626467281204 -0.0355402285609532
-0.00826844186460342 -0.0657851601486066 0.0399251678756455 -0.0363660168471059
0.0396974911065868 -0.0547570087412122 0.0585081761937375 0.0133931777153847
0.0801743494322342 0.000470918008822602 0.0281013483267904 0.05841117258277
0.0571195561863165 0.0732414326977037 -0.020575714173148 0.0507797653097617
0.00106377343236356 0.104875266995678 -0.0179660880126488 0.001993132142487
-0.0340173968007049 0.0776654592235635 0.0283358246416193 -0.0628367994453376
0.00543575208752921 0.0819920553377023 0.0570184564885714 -0.0565608476850252
0.0500129146730237 0.0557183328196587 0.024586475348079 -0.0896174583968704
0.0604501137447766 -0.00983165452608015 -0.028565905933747 -0.0698301265842631
0.0253030308987153 -0.0486822301411962 -0.0472431363508456 -0.0270129114632961
-0.0150438719586445 -0.047155475493376 -0.0401303170122334 0.00130702324792983
-0.0321510247685899 -0.0288658852667974 -0.0294810811168136 0.00457081373093309
-0.0314963006296669 -0.0204279769638198 -0.0191267022671122 -0.00923370739178749
-0.0304493133694781 -0.0203154900046867 -0.0152185661896815 -0.0249854564378719
-0.0309557634856224 -0.0378913913541046 0.00149599759530171 -0.0455629065125001
-0.00676770561630529 -0.0556633719248566 0.0332353728812363 -0.0513168458601148
0.0328390113303478 -0.0461418807195609 0.0611631163389251 -0.0023000288320577
0.0661401237227669 0.00291348613350691 0.0342560452846726 0.0465875296111328
0.0434075441730669 0.0626320438028641 -0.0150345602349734 0.0403693801293343
-0.00560266352968036 0.0845816976514952 -0.0115612929709353 -0.0236875646159136
-0.0311912560416196 0.0492301774124879 0.0419613159706893 -0.0875381090296355
-0.00525712939221382 0.0596624469494451 0.0619246957043056 -0.066418699398941
0.029796526653824 0.0459333360963063 0.0376003345880705 -0.0839722743288931
0.0434766908357202 -0.00211378865234105 -0.0059199367089163 -0.0736267605586488
0.0198509396943411 -0.0328470612779606 -0.0354993912508811 -0.0470623151754514
-0.00959146025459532 -0.0335993520882377 -0.0457758120934445 -0.0185375021263532
-0.0234610100742955 -0.0211620120435668 -0.0417570788934376 -0.00648123364678688
-0.0219683872093387 -0.014929177724829 -0.0302406945442728 -0.0170419248045711
-0.021346068489413 -0.0139675704427141 -0.0246028610468524 -0.0316282626459378
-0.0209531921575243 -0.0270269905740813 -0.00542044548992571 -0.052881502871144
-0.00327524258711757 -0.0404894301538648 0.0298348770810007 -0.0590606293834002
0.0266441779295217 -0.0323899215495557 0.0624127955424915 -0.0110493568349883
0.0485033767290319 0.00875855354175586 0.0361132779461419 0.0385073673391455
0.0241734117505583 0.0496067797078736 -0.0110427236113779 0.0310845325398084
-0.0136168538702692 0.055069490927006 -0.00536412377230441 -0.0417306065317335
-0.0198389269985093 0.0117793287098499 0.0483587551068038 -0.0996747802087142
-0.0102401926931766 0.023682216222888 0.0624043236532099 -0.071499392142052
0.00801378399978625 0.0219490192216321 0.0422877490577798 -0.0781504255315486
0.0170780688752835 0.00214984601897662 0.00587410338442544 -0.0734084439696112
0.00858052331355917 -0.012057698841946 -0.0285710544728215 -0.0569341028861979
-0.00388231384815432 -0.0128677379468952 -0.0497961234777163 -0.0298804772254456
-0.0108058289234942 -0.00952100290617128 -0.049118281470983 -0.0134328348886799
-0.00904729710827889 -0.00694828343762105 -0.0366304133728974 -0.0220723415410123
-0.00970579109909517 -0.00641448678882035 -0.0291482211697215 -0.0365260131213156
-0.0104505416083061 -0.0134187257135631 -0.00738922217011599 -0.0575159286738156
-0.000761631911269542 -0.0233195717458691 0.0302892583419503 -0.0617590715961513
0.0191892952831474 -0.0191576839830554 0.0645239243681425 -0.0137414922542805
0.0293008453224018 0.0124770052312395 0.036291449853349 0.0350007727998914
0.00494352559589001 0.0323178670201403 -0.00888022635814122 0.0252926593832679
-0.0193863848063131 0.0214863334346082 0.00091227002775709 -0.0501962896040593
0.0144705780042393 0.00815799812540936 -0.0066295660818448 0.0647690164228298
0.00465814268790396 -0.00816405296244812 0.0377091967492221 -0.0106945432774239
-0.00634398802486098 -0.00622644682199341 -0.0227984832409175 -0.0463526887193524
-0.00340012819190065 0.00339597661069463 -0.0723900751865734 -0.0033058437430828
0.00109611570805527 -0.000474023846319485 -0.0462861726078224 0.0581682411135781
0.0012591789285178 -0.00274091125742064 0.00207610778467338 0.0637271970650634
0.000252407290123182 -0.00342926216979124 0.0246631798098268 0.04771413338368
-0.00453784341090366 -0.00537681277943219 0.0354111425544371 0.0306243899925885
-0.00601044847742652 -0.00668281071180876 0.0430035690393787 0.0229842087788568
-0.0047571680609695 -0.0104332592846001 0.0423733782386806 0.0324311532198204
0.00602041472500323 -0.012000168750054 0.023235847853318 0.0567954483408865
0.0148439885146641 -0.00448308718838368 -0.0156175820247144 0.0704231374308832
0.0160137286258968 0.00690367135743668 -0.0482442532487193 0.0639085268594114
0.0114012083875814 0.0181877991688725 -0.0770729013823897 0.0570610649362181
0.00702965929012981 0.0304250312737905 -0.068035208922068 0.085862474618956
0.00494354651211966 0.0379372617944487 -0.01158833542654 0.0565253892350792
0.011943820249696 0.0146423453144091 0.0386939751459463 -0.00914053024963416
0.0111067100323505 0.00296456030792885 -0.0191173236354202 -0.0535958360428107
0.0110173034605418 -0.00500979569012704 -0.0735101556919957 -0.0112216306637247
0.0055226946756492 -0.0172278681425148 -0.0508685796037327 0.0526954292137664
-0.00467282596390264 -0.0181280860314511 -0.00309084765753105 0.0615022898355904
-0.0106234910838585 -0.0133437565676187 0.0196440442549199 0.0450810789043735
-0.0164303071390253 -0.0149269329326512 0.0301376960866896 0.026663047044936
-0.0176455318500137 -0.0192058620825222 0.037686150191115 0.0163935996353043
-0.0130470865177485 -0.0313339386902677 0.04280378034184 0.0204216785735823
0.0128254045613847 -0.0362065522801402 0.0338726227102736 0.0435479718320063
0.0396763723856683 -0.015091649884658 0.00102457881745987 0.0691389194346146
0.0440466864464814 0.0245061914162464 -0.0351164745654327 0.0705894985241633
0.0187037303963031 0.0548527118235852 -0.0647770095035215 0.0587355700904909
-0.00577465614647341 0.0690429510125805 -0.0573132797432394 0.0733438718709682
-0.00837843300498142 0.0634991030080488 -0.0116785375075418 0.0367868099637636
0.0164945003163227 0.0413001144732003 0.0416884109111183 -0.0128144036812242
0.0307079209600497 0.0176954817662977 -0.0113780221053993 -0.0638316132491679
0.0290826873333225 -0.0113508390039791 -0.0705646705273121 -0.0251551529453724
0.0123419060205697 -0.0331826766109963 -0.0559470763161504 0.0409169913879663
-0.00964287923569072 -0.0331379076010562 -0.0115443555322345 0.0537668643698928
-0.0199433039220537 -0.0228947833820535 0.0108571088708531 0.0387836974591379
-0.0256595609134594 -0.0225919096081417 0.0211155808271981 0.0195105368081873
-0.0265115636334684 -0.0272706014507325 0.0276393392747664 0.00658420610264567
-0.022788230629429 -0.0452569966786898 0.0382998653270478 0.00326485706321486
0.0108309831784506 -0.0559381340128365 0.0429281331768768 0.02124074681109
0.0516061357414274 -0.0324893860880535 0.0235829356895348 0.0597391119790965
0.0692630865435237 0.0247906070471052 -0.015657870926684 0.0735010856547456
0.0344110709433543 0.0774198359887136 -0.050527823274372 0.0573727011600041
-0.0103210062268102 0.0969593705381793 -0.0441595956491015 0.051706570959717
-0.0242060650485978 0.079377919711835 -0.00483917849251648 0.00880841416953375
0.0140319893951452 0.0663689999378537 0.0462946086496698 -0.0201348337535401
0.0455624422387355 0.0370891445889802 0.00188954453819239 -0.0735061133908631
0.0480817632027972 -0.0130061457512709 -0.06061567868299 -0.0424755416641967
0.0212423260411934 -0.0452222645197094 -0.0567108072031665 0.0209451843235931
-0.0117294339371698 -0.0456222434962302 -0.021263652773829 0.0390821266982708
-0.0268228288303737 -0.0308323978806883 -0.00105825549530353 0.0280185160601765
-0.0312340164693033 -0.0268658086730926 0.00856017142196335 0.0100572668367993
-0.0314758041312324 -0.0302210905215869 0.0143894527713812 -0.00488788575240852
-0.029165324459199 -0.0501451192284601 0.0287981049258598 -0.0152386547460377
0.00431714767674563 -0.0656838720064583 0.0454574539887249 -0.00509638131028262
0.0512719615968934 -0.0460821163480548 0.0428973305590002 0.0419350805855934
0.0809306930788602 0.0159892116042347 0.00337627544111433 0.0690085610184778
0.0465539424107409 0.0827216593284865 -0.0381398464717875 0.0519380938429824
-0.010577317887019 0.108038021452117 -0.0315015150375889 0.0235850101482043
-0.0374357078043363 0.081199881397363 0.00942015462388565 -0.0241703025362368
0.00529405579156147 0.0808055803025179 0.0516487976685134 -0.0312806025144674
0.0493418395605689 0.0540500165217838 0.0173937387069542 -0.0783923417929257
0.0603325861434195 -0.00850608871784605 -0.04142493508985 -0.0572856147991532
0.0290864396827332 -0.0487817064228947 -0.0511677167818796 -0.00471349275995875
-0.0107940836713794 -0.0508918779904203 -0.0300278517121532 0.0181126223781696
-0.0292931223341668 -0.0339663967907381 -0.0147419760831052 0.0152058649753383
-0.031916870322006 -0.0276172910117515 -0.00480692781431117 -0.000980683592416814
-0.0313909892320122 -0.0287049301055716 0.000479810269240086 -0.015569151958769
-0.0305282197799423 -0.0477703862821185 0.0170205844278665 -0.0299214243170437
-0.00038833794238639 -0.0645058094404181 0.0420852087614586 -0.027361365251099
0.0441730175582699 -0.0486989561988149 0.0543064868573368 0.0219648981542261
0.0776741817014516 0.00924989207230016 0.0176813351262959 0.0593129689232962
0.0463298326222462 0.076938722679067 -0.0291304848032867 0.0434238172956532
-0.0114966796904294 0.101623220863758 -0.019999469180533 -0.00464109493532075
-0.0416587746454034 0.0674333672822855 0.0278254854814795 -0.0552784645214921
-0.00646921867089672 0.0765300966946192 0.0584681624311786 -0.0434031878049472
0.039524249233586 0.0594390890602973 0.0322461912122063 -0.0774435354285146
0.0581993674000334 -0.00032906234252881 -0.0173070294424331 -0.0660095931440674
0.0310170406456511 -0.0422295346595332 -0.0394829174003378 -0.0291011912472001
-0.00775633444748833 -0.0465805789892957 -0.0361460580837249 -0.00446778741715004
-0.0266331113160344 -0.0313164715755759 -0.0281949028290951 0.000952260747567064
-0.0276887025800375 -0.0239616583457249 -0.0174702879956911 -0.011562866692572
-0.0260628449206078 -0.0235625457388847 -0.0114292400807023 -0.0251765076622612
-0.0251053437448827 -0.0399623294619614 0.00704335409528881 -0.0416637845926552
-0.000476085992552735 -0.0535920119954313 0.0374535678692677 -0.0430119087126396
0.0365284302106739 -0.0404744383105619 0.058830101784557 0.0065934017954092
0.0635351402972577 0.0096564228222595 0.0251950123755327 0.0487139217363094
0.0344358060154502 0.0656343995847045 -0.0216872117140817 0.0339705964250681
-0.0152444736797524 0.0809038762917403 -0.0108218714154315 -0.0286844855194837
-0.0355674670514483 0.0411425132068858 0.0453006496449033 -0.0776218193934667
-0.0131029795872532 0.054345259749697 0.0636685819467083 -0.0532022938776381
0.0220264524114254 0.0470802266102182 0.0436114013664489 -0.0715120671149588
0.041371932220597 0.00451638876026455 0.00412698089106369 -0.0669901995790665
0.0237336820203555 -0.027760702855854 -0.026248717618823 -0.0472387599753553
-0.00401491228152318 -0.0325235272709388 -0.0403555509225682 -0.0236112554617012
-0.0195080394276374 -0.0224480359063412 -0.0388233126489801 -0.0112791508890511
-0.0195001653637334 -0.0174948578443861 -0.0275477786602921 -0.0201004575062732
-0.018444114758053 -0.0160548583743702 -0.0197683473255816 -0.0326650415735915
-0.0168762862327899 -0.0278978544635901 0.00136801911736137 -0.050085639799437
0.00134915492482035 -0.0390028297506968 0.0350427635544427 -0.0514930562128381
0.0288260855404941 -0.0280292080203342 0.0612393947671036 -0.00171899370764779
0.0454821091020687 0.0136779914233314 0.0287721579911622 0.041215597772188
0.0169684571855425 0.0506543070029601 -0.01588767953538 0.0262144953827253
-0.019482095524297 0.0520640776776873 -0.00182759084834337 -0.0437534581225885
-0.0201693523660149 0.00821419829495359 0.0559415404295008 -0.0883471912402536
-0.0126883985057264 0.020427846554671 0.065594560982543 -0.0591288833757004
0.0043620802122118 0.021627632341474 0.04796821312736 -0.0672350593284742
0.0156436453479903 0.00434400000835453 0.0151178181475306 -0.0669499773906373
0.00958473345735551 -0.01011139681115 -0.0197041751204905 -0.0560296680580348
-0.000930759015754212 -0.0124247104716465 -0.0430790959913426 -0.0337856602928851
-0.0088521217156562 -0.00988773069532817 -0.0452353264862313 -0.0178027471562254
-0.00815610317276747 -0.00801642208252352 -0.0324646316820774 -0.0254807539440556
-0.00860450888784736 -0.00678763490760212 -0.0232512584053656 -0.0384309840664752
-0.00859119868048663 -0.0137674665298116 -4.49982792290852E-05 -0.0551798626835697
0.00208890356370754 -0.0218829775839937 0.0365102966753026 -0.054721469743295
0.0197201522088127 -0.0154878292094958 0.0638718766905908 -0.00420200490377889
0.0267533564062088 0.0143546666103253 0.029724423777283 0.0382189142337544
0.000953350648936009 0.031785269977179 -0.0122398386500242 0.0215179541992774
-0.0212091759988271 0.0186991736298035 0.00702447688718802 -0.0500277731364906
0.0131705472344355 0.0081025502180987 -0.00680952819063662 0.0630167396906743
0.00407767911644717 -0.00792096504127108 0.0376082875426929 -0.00969280805441337
-0.00605399732132103 -0.0058885568762376 -0.0206372235784883 -0.0460963771025759
-0.00326080085956924 0.00336130620575917 -0.0705049022007122 -0.00498333868110673
0.000667194124382169 -0.000738681142580387 -0.0466660151912141 0.0560944590898022
0.00106253328689357 -0.00268940702805294 0.000536447772416547 0.0621525380809427
0.000318674873456811 -0.00334467948228949 0.023448289800059 0.046959767212783
-0.00430337995909904 -0.00531684740352882 0.0345677490959708 0.0306147380284578
-0.00586173248802671 -0.00662424043542343 0.0424061756485411 0.0234249308734727
-0.00487887118637893 -0.0103327735378772 0.0418471084807005 0.0325798487498745
0.00571421440441739 -0.011890932530979 0.0212601868036781 0.0561081210181888
0.014501136889317 -0.0042350391057136 -0.0169346272668978 0.0689538109848819
0.0155469764876288 0.00771181232157429 -0.0497422881139651 0.0612845507879008
0.0104552919918258 0.0183803754783504 -0.0775204663395033 0.0542733985292917
0.00609968115205412 0.0298052145953836 -0.0687962726785503 0.0821677656476268
0.0041091014335514 0.0368089868947848 -0.0120741162379574 0.0544926167687768
0.0113727923752733 0.0149662572633716 0.03874381765286 -0.00831195004081457
0.0109475238373968 0.00297465113865349 -0.0167237755101584 -0.0527187285694146
0.0110255899993499 -0.00475675401125289 -0.0712513291286528 -0.0130176674212224
0.00512942069092499 -0.0166129303420784 -0.0508769382558004 0.0500288793426642
-0.00448930788035455 -0.0177931169025253 -0.00429657323769441 0.0599159050419917
-0.00994965036407319 -0.0137014165175463 0.0184279904489607 0.0441396313213003
-0.0160002238901504 -0.0149122903360447 0.0295170513641945 0.0267462351072531
-0.0169157020306658 -0.0191595258796906 0.0375066306657274 0.0169318428124543
-0.0126607926435238 -0.0310132580854735 0.0417656764546237 0.0206847768491835
0.012899361532313 -0.0356466685289978 0.0319222079276004 0.0436367854791428
0.0390676272207666 -0.0140788834431495 -0.000522298541108191 0.0679865211873746
0.0428400684749911 0.0252067043634283 -0.0362182916990828 0.0679043153861771
0.0172329220193592 0.054667866888704 -0.0649227712787748 0.0555458260393904
-0.00735284763669924 0.0674657058598596 -0.0571145278664778 0.0698187871951624
-0.010079526322718 0.0614087824816313 -0.0118282992921239 0.0355482948180179
0.0148309071229406 0.0407773090656255 0.0417861541720129 -0.0113011708912704
0.0296149102688944 0.018028630994291 -0.008689840156162 -0.0627334744033951
0.0286430708902659 -0.0102218363544149 -0.0684653599480743 -0.0265189281081679
0.0121942483435889 -0.0322532988050145 -0.0556845847282152 0.038411277210112
-0.00863139771807251 -0.0327297490661536 -0.0124542131153504 0.0523950558292363
-0.0187100433210865 -0.0229298721566682 0.00974959816484773 0.0381063824820078
-0.0248194173683746 -0.0225339707131612 0.0203401494243497 0.0201622660995361
-0.0258490234046925 -0.0271486877352412 0.0271823470012365 0.00697288496858518
-0.0218157458492265 -0.0447053320942336 0.037250608399881 0.00353830539529331
0.011173173458652 -0.0545605453852868 0.0412868197007476 0.0218030076069357
0.0514508462602501 -0.0304382080782651 0.0213421624566913 0.0592723351657002
0.0670150332532756 0.0264918779942155 -0.0169184632354882 0.0715695318935095
0.0317159433003524 0.0768791843996422 -0.0511214957277987 0.0541247609628685
-0.0120461488854968 0.0942267974823871 -0.0443569266307593 0.0491174892703961
-0.0258842502289366 0.0764807418726267 -0.00423872510013811 0.00915723441828985
0.0119689552907574 0.0649674729580208 0.0466184862888108 -0.01786884190458
0.0438569974274042 0.0373443060972246 0.00361066105596294 -0.0721099559855733
0.0471514607480828 -0.01174634635628 -0.0582179491277672 -0.0435836590131748
0.0210947674202493 -0.0439305300533132 -0.0560931414886252 0.0190181289041306
-0.0110157372215269 -0.0446794337694281 -0.0213669264574648 0.0375170112007908
-0.0254889023185551 -0.0305573739257204 -0.00164412880288784 0.0279533764087453
-0.0299280222436605 -0.0268618445736077 0.00855737120821418 0.0101949470915428
-0.0301621898263232 -0.0306865939617225 0.0144646772476485 -0.00435760809667571
-0.0285000110944567 -0.0493290617537558 0.0282170722860836 -0.0145377488656611
0.0051931123733393 -0.0643124637758724 0.0439349019354564 -0.00402295190844788
0.0507611354233517 -0.0437297632126108 0.0413871705147116 0.0426309062085494
0.0795325030398752 0.0176879275371915 0.00238295642325318 0.0677908320341547
0.0437379326810399 0.0822114902741599 -0.0384027340958978 0.0493220388166099
-0.0123745619124938 0.105201930276133 -0.0310920949676389 0.0215529132233327
-0.0388277410505317 0.0784723310837771 0.0104394478345314 -0.022826426507736
0.00244777308807712 0.0788362735473142 0.0520177092112199 -0.0286504665530613
0.0469081206303138 0.054124026005419 0.0193949792571882 -0.0762347557568108
0.0590763867208547 -0.00694926732107925 -0.0386657259774396 -0.0580642378216032
0.0288334798402696 -0.0473049825794762 -0.0498753135365207 -0.00609572197898656
-0.00978372200241214 -0.0493926008296707 -0.0296361460411378 0.0171203586693482
-0.0279105797866801 -0.0336266680398035 -0.0152452113478608 0.0147357334082381
-0.030844403670994 -0.027525618779611 -0.00493662344774008 -0.000330711604418866
-0.0295766181604553 -0.0286107730794754 0.000966849434688323 -0.0150892672199839
-0.029248823900986 -0.0468875647767311 0.0172908338566076 -0.0292966000314302
0.000158158711865029 -0.0628626778404263 0.0413822021699097 -0.0255283175274111
0.0438057808834266 -0.0466842728246803 0.0524473936206741 0.0232187112626642
0.0762846339236361 0.0109421792485247 0.015671567356865 0.0585987431681049
0.0438803511623329 0.0767493021415356 -0.0297810045478105 0.040946245002667
-0.0131484452008231 0.0989336920002972 -0.0202283513473281 -0.00563329956434217
-0.0429388057811744 0.0647348321016908 0.0294029159437898 -0.0524954016249084
-0.00851614019653861 0.0746393740759697 0.0581663778002192 -0.0400729510622082
0.0369889389852649 0.0590543393938425 0.0340090597651524 -0.0743420558180634
0.0565388043670822 0.000918146049339114 -0.0145787716650051 -0.0649425930675127
0.0306811748367582 -0.0408186186674541 -0.0375157389146996 -0.0301552412207882
-0.0067430594524437 -0.0448553538449069 -0.0352198411202389 -0.00501896439865756
-0.0253672740423933 -0.0310836609347802 -0.0276744506058235 0.000606576882988521
-0.0265715028769977 -0.0242651109407451 -0.0173685049878528 -0.0113991456133099
-0.024936706181939 -0.023654396531398 -0.0106572903228909 -0.0246485131427466
-0.0241123006343286 -0.0390429636914629 0.00765694345174878 -0.0406941279803485
5.50060079290944E-05 -0.052522602984117 0.0365986461178475 -0.0410468238868458
0.0362698331136512 -0.0386240534875423 0.0575783150536606 0.00779242002010283
0.0622319562962813 0.0114002290639109 0.0238141296666765 0.0487846027330469
0.0326413013445287 0.0651108322944474 -0.0225171727344115 0.0320297179073885
-0.016207172864658 0.0785198917995747 -0.0100713454116295 -0.0282686848471204
-0.0356553591332083 0.0392968652953258 0.0470073359456878 -0.0739911853945818
-0.0144723191097079 0.0523621002996087 0.0641023286505813 -0.0499403861209737
0.0208026922881476 0.0467761393108108 0.0442260771954999 -0.0679144011954096
0.0404125760242906 0.00510748091738302 0.00613024160201849 -0.065961124031108
0.0236437437598809 -0.0267279324102421 -0.0245144958442706 -0.0473113067744046
-0.00338950198012911 -0.0315120787281379 -0.0385981052734878 -0.0235342069232609
-0.0186210344237516 -0.0224754964576487 -0.03756650604753 -0.0113677930891575
-0.0186795025722121 -0.0176704750352122 -0.0264365756130668 -0.0202291112187979
-0.0172648186946897 -0.0163172449255873 -0.0186030176179199 -0.0322991225208833
-0.0160546571099252 -0.0273671978517418 0.00232384357004983 -0.0487066235209338
0.00170258530730576 -0.037968261394211 0.0348340862451264 -0.0492080308772772
0.0286154584948437 -0.0265936955348916 0.0597742149666006 -0.000704394609209609
0.0443658091304867 0.0140587122474976 0.0271913462117402 0.0413170932215782
0.0157933909524154 0.0499846896050941 -0.0165937308714366 0.0246335249418845
-0.0202161426766167 0.0503409357476886 -0.000626820536758232 -0.043246508356762
-0.0198919369606028 0.00735096045410987 0.0568677470437179 -0.0843042280021416
-0.0128820255517781 0.0194178103128402 0.0658217463970537 -0.055279395195215
0.0040160268605281 0.0208906493216605 0.0484942666306733 -0.0639083683615678
0.0153289853991522 0.00444976433895756 0.0169293343397395 -0.0652096340373123
0.00933974702385676 -0.00945275946306111 -0.0179067154489196 -0.0560990063898212
-0.00100732111249477 -0.0114783707139409 -0.0417798968521514 -0.0338584762371478
-0.00873389466058675 -0.00978746286414104 -0.0438636600931914 -0.0184664605786126
-0.00765668064370981 -0.00794341556386518 -0.0321944127246973 -0.0253879105066391
-0.00797614043220249 -0.00700048080320354 -0.0221859086269284 -0.0378814815068791
-0.00822247531037797 -0.013322697835751 0.000845152958058036 -0.0538749613854356
0.00172340609789474 -0.0212303550105528 0.0367496268384697 -0.0521140979730626
0.0191474149212264 -0.0147928118231616 0.0627034089470592 -0.00266241663996763
0.0260605885493185 0.0144152621841201 0.0284101281406276 0.038493033763671
0.000121744137276363 0.0307021358346756 -0.013048559422904 0.0207541971604677
-0.0210247034234829 0.0175239841085738 0.00751623217766256 -0.0489142876934074
0.0130681710695849 0.00853035459440388 -0.0082887306132233 0.0630005103580454
0.00417824604533981 -0.00774656476698395 0.0390080226434579 -0.00921668531097044
-0.00573089318907617 -0.00614128541946033 -0.0187473792183079 -0.048328090413412
-0.00321782559845059 0.00326979059762847 -0.0714859204409772 -0.00745334508886885
0.000673355559204736 -0.000628219868412984 -0.0487641910530071 0.0557866311503295
0.00140202855332209 -0.00287711481101456 -0.0013463850411983 0.0630942393089727
0.000442718478554578 -0.00402497227677715 0.0224807884573907 0.0482318751821769
-0.00479945336338791 -0.00512942282218412 0.0343542932629709 0.0319068025978624
-0.00590206912093568 -0.006513963998061 0.0421964975209382 0.0253619369794984
-0.00441362854017365 -0.010473130791275 0.0413477310526557 0.0342422549995072
0.00623935821740051 -0.0117056785648335 0.0203732457347761 0.0583791273683263
0.0152265429727542 -0.00371236981732828 -0.0198076611939789 0.0696472457332163
0.0155983818602154 0.0084127951121789 -0.0529499992974649 0.0604289797247126
0.0103059997957935 0.0192299460027198 -0.0806051093510945 0.0520895385052555
0.00473206560443544 0.0304960298204298 -0.0721385260850307 0.0801133568114266
0.00283216713806633 0.037161290715076 -0.0127169289529358 0.0547668617637546
0.0109749320349389 0.0156265965807552 0.0404893151018494 -0.00798112951936454
0.0112406837646728 0.00380014930408226 -0.0149728550808275 -0.0542549672810551
0.0107955043086201 -0.00406850929544628 -0.0722749977969735 -0.0153470645416538
0.00566445467330387 -0.0166681995694092 -0.0532609027208731 0.0494791832935821
-0.00427972366916903 -0.0182225907043235 -0.00576402404705754 0.0601835158047333
-0.00983194444147539 -0.0139424656932859 0.0177909159623383 0.0451339252354416
-0.0164896722987765 -0.0157235561953433 0.0298574134562931 0.0282042362545544
-0.0171196783502304 -0.0197425411495692 0.0373583205198591 0.0180417622782984
-0.0122802662681072 -0.0313396869467469 0.0412708475160432 0.0221985574298157
0.0135783988506769 -0.0357332506432924 0.0310534842816114 0.0456531907674683
0.0403077502305949 -0.013104256032447 -0.00244613308227372 0.0686948881848078
0.0426912915851402 0.0268759728390948 -0.0394178880137817 0.0670910741040953
0.0155537865685617 0.0568443276538325 -0.0682362066715063 0.0538759398508895
-0.00925365655362624 0.0680468432499882 -0.0609176388788467 0.0684654868117504
-0.0126353884348856 0.0621108560703438 -0.0116198758743484 0.0358931199134869
0.0136449037912586 0.0417963063559439 0.0437221292296942 -0.00980289875870324
0.0291922623306206 0.0192920318590662 -0.00561348155431595 -0.0641628889116895
0.0289003219899887 -0.00985709912484791 -0.0682239708518074 -0.0292389954842682
0.013043661378131 -0.032369750483823 -0.0572748879348664 0.0365905714852505
-0.00847209198695857 -0.0332213233234347 -0.0138083438244199 0.0521664551842273
-0.0182242593833548 -0.0239396461387531 0.00861316671192314 0.0389925490304128
-0.0246299143705436 -0.0235754089053015 0.0206347298408324 0.0209135834420164
-0.0260199259587413 -0.0282407189722397 0.0276341663417022 0.00858324638395454
-0.0216720863926286 -0.0451537255983034 0.0379795805710609 0.00495631313706948
0.0123257698218526 -0.0551684320011065 0.0407312442028579 0.0239873833523469
0.0527678316986712 -0.0293957805335199 0.0197902856527216 0.0610462951022898
0.0679277839522475 0.0286443893202796 -0.0198545975608037 0.0718455247654558
0.0303163698707549 0.0796745642322237 -0.0541683768989077 0.0524258347091852
-0.015061104278846 0.0956463527079457 -0.046584024634923 0.0469687869215833
-0.0294251813497698 0.0768861684001126 -0.00360204427341669 0.00868672196189924
0.00991308277303726 0.0663766113965219 0.0490215152414756 -0.0166441663402711
0.0435476596779015 0.0392641724117265 0.0070639278138196 -0.0727516478183652
0.0482199243230882 -0.0103586466944385 -0.0574304526992183 -0.0464053853362736
0.0221996846442213 -0.0440104158170338 -0.0569469052772506 0.016530523138204
-0.0102427917623721 -0.0452092261946744 -0.0224780616450709 0.0378316635062392
-0.0245639806055286 -0.0318912988444385 -0.002346437688401 0.0280260006772248
-0.0298782688158312 -0.0285397169507292 0.00799455238665613 0.0105156490900346
-0.0300948435012568 -0.0313882065968689 0.014944377408891 -0.00356902668960608
-0.0280846159286754 -0.050943502101156 0.028772841373565 -0.0135223013873755
0.00627903218161937 -0.0651597437538205 0.0446111744184452 -0.00173914230001269
0.0522162915792663 -0.0432185664983253 0.0401189512223107 0.0446213756157724
0.0805604264716965 0.020712914612198 -9.2353083095567E-05 0.0687259687924379
0.0419339694926796 0.0854332785029759 -0.0413835961287787 0.0482116327665637
-0.0156783245173304 0.10586260044591 -0.0320150759836917 0.0205770212189548
-0.0420676519250881 0.078314466648238 0.012069064239304 -0.0228766395413153
-0.000251196242855278 0.0799150684057688 0.0545592734783786 -0.0272524973149814
0.0466262839356153 0.0563562568032643 0.0225178909942943 -0.0762222123501942
0.0600919602752512 -0.00540444147460763 -0.0371640285212867 -0.0603909737512082
0.0302699852487554 -0.0473156792482552 -0.0502393620665543 -0.00862660798469568
-0.00888521716591847 -0.0501232878051404 -0.0304435467391445 0.016418171507633
-0.0273627271403989 -0.0353319002746967 -0.016043269198387 0.0143222896136275
-0.0301851440100339 -0.02927212419288 -0.00515890041358842 -0.000619692320779041
-0.0294468455761236 -0.0302326796426446 0.00164630968896376 -0.0147041760424764
-0.0288162613975983 -0.0481373580904181 0.0183314254517908 -0.0290282806857075
0.00121579013476562 -0.0636191004849543 0.0421542448683987 -0.0243441446807044
0.0456426280297155 -0.0460240079891657 0.0526174717470222 0.0250900535849679
0.0771156653432729 0.0134244905343694 0.0143824778774646 0.0601865516172265
0.0422229960117629 0.0791225867462998 -0.031623410712072 0.0400823365480979
-0.0160097332558885 0.0999067118163342 -0.0202534583913037 -0.00717535178907359
-0.0456095333999959 0.0639904637933937 0.0322680252038462 -0.0519928624382464
-0.0109888419300972 0.0752348843549278 0.0606549356555352 -0.0382482571471844
0.036184809131674 0.0611964893949522 0.0373799924729373 -0.07334643719602
0.0578369866042404 0.00246024514104077 -0.0123222882964909 -0.0666980850949331
0.0318563740918896 -0.0403387353561865 -0.0369636245223584 -0.0321613144760626
-0.00558988386251493 -0.045522988585777 -0.035879362935275 -0.00587413561533703
-0.0252172796991908 -0.0319252309514399 -0.0283688878384254 0.000294915504655586
-0.0266438627978338 -0.0259533716537983 -0.0175320995608403 -0.0123914481387308
-0.0245082282866434 -0.024806594937321 -0.0096453142290018 -0.0248260081806386
-0.0234409691607014 -0.0396877637984965 0.00879203984163615 -0.0409627087518494
0.000630106194937385 -0.0536273075883114 0.038171766342332 -0.039858375639388
0.0374388987760142 -0.0379477004899538 0.0581144122987323 0.00984286806657029
0.0628379693572252 0.0132275520642732 0.0227040985335496 0.0500189304194786
0.0311371109121549 0.0667765293993571 -0.0237950792831463 0.0314156958850092
-0.0188803950763772 0.079257667085571 -0.00993853016690071 -0.0297193721990179
-0.0377231612296945 0.0382501353488692 0.0504791389005224 -0.0731497034483496
-0.0163979894124091 0.0525252388449191 0.067079049458764 -0.0472106853922492
0.0192100365615984 0.0477253392208812 0.0476934357527317 -0.0670785340933393
0.0403293381433028 0.00647935395985787 0.00909510372318304 -0.067477377763098
0.0241892357403741 -0.0265172621823721 -0.0235220378612515 -0.0494995267049287
-0.0026443424366616 -0.0317476611684697 -0.0384558015587327 -0.0251164187825716
-0.0185654115948816 -0.0230579092818454 -0.0383208206000776 -0.0121595287255516
-0.0182988944594766 -0.0189355354667738 -0.0270693899932585 -0.0207485089250028
-0.0167715038377521 -0.0173724478471932 -0.0180982385048326 -0.0330204072060918
-0.0153859344431486 -0.0279771576437545 0.00337204622483228 -0.0492349734957029
0.00226213002083009 -0.0381647872362009 0.0367901437738202 -0.0489272492796328
0.0292253316251257 -0.0258828242009044 0.0607317126499036 0.00147953682828463
0.0446078415766999 0.0155337048163339 0.0265184067912049 0.0423672878800939
0.0146929090095563 0.0511541194274254 -0.0180600084220522 0.0243636878909905
-0.0220366118124093 0.0500875786802657 2.53017177454521E-05 -0.0436185709417062
-0.0205590486296089 0.00663687925794598 0.0609344789831609 -0.0836546477358994
-0.0134930108641786 0.0193283319040976 0.0683862362786579 -0.0540370027742334
0.0034274760117499 0.0213503642671958 0.0517839330886637 -0.06253421102998
0.0151471987188326 0.00533067239346302 0.0200025296228264 -0.0662273937825571
0.0094776008734839 -0.00955046963682759 -0.0161115542575836 -0.0579375264306168
-0.000631202940223163 -0.0118940503105647 -0.0409634037209677 -0.035800071666471
-0.00855637796591468 -0.00955459250900375 -0.0445224903563663 -0.0193749048983869
-0.00757348847851751 -0.00894939437781894 -0.0326078577346279 -0.0261697941427942
-0.00790270735860341 -0.00754924146349429 -0.0215689736159505 -0.038698684969481
-0.00757125550852674 -0.013663776155951 0.00260445350021265 -0.0546969957460045
0.0022569698155755 -0.0216563167769155 0.0384034178709763 -0.0517789400715048
0.019880255276564 -0.0144589098464124 0.0631846135746375 -0.000735288077304753
0.0255333962983841 0.0154737453609228 0.0276109728962336 0.0401550493805596
-0.00078679522776637 0.0315107341048109 -0.0144337572623961 0.0206934012148779
-0.0217838348761679 0.0170639355352713 0.00837661778127132 -0.0486692845934239
