TRXV5
3
4
4
9
string Extension=J
integer IsArchMeasurement=1
integer IsSpherical=1
string Generator=SPM
string GeneratorVersion=1.3.1 Dev
double ArchRadius=0.449999988079071
integer FrequencyAxisIndex=0
integer AzimuthAxisIndex=1
integer ElevationAxisIndex=2
Frequency
5 136 690000000 960000000 LIN
Azimuth
7 8 0 2.74889357189107 LIN
Elevation
7 15 -2.74889357189107 2.74889357189107 LIN
Polar H Real Part
13
Polar H Imaginary Part
14
Polar V Real Part
13
Polar V Imaginary Part
14
Polar H Magnitude (dB)
12 0xC0000002 0 1
Polar H Phase
7 0xC0000003 0 1
Polar V Magnitude (dB)
12 0xC0000002 2 3
Polar V Phase
7 0xC0000003 2 3
0.0658302307128906 0.0227394104003906 0.0731964111328125 0.157760620117188
0.0882110595703125 -0.0250244140625 0.0699615478515625 0.0633583068847656
0.02191162109375 -0.0789718627929688 -0.0111503601074219 -0.0336494445800781
-0.0394859313964844 -0.0595016479492187 -0.0914077758789063 0.00402069091796873
-0.0517959594726563 -0.023193359375 -0.082489013671875 0.0814437866210938
-0.0561332702636719 0.00675582885742187 -0.0378570556640625 0.15216064453125
-0.0370445251464844 0.0274581909179688 0.0269622802734375 0.178680419921875
-0.0350570678710937 0.0159168243408203 0.05487060546875 0.17138671875
-0.0382003784179688 0.00469589233398437 0.0359344482421875 0.161651611328125
-0.0312519073486328 -0.00736045837402343 -0.0160369873046875 0.142684936523438
-0.0119552612304688 -0.0169706344604492 -0.04119873046875 0.0938568115234375
0.00235366821289062 -0.0162267684936523 -0.0371780395507813 0.0437355041503906
0.0186634063720703 0.0018768310546875 0.00405502319335938 0.0577163696289063
0.0187339782714844 0.0365486145019531 0.0199737548828125 0.18707275390625
-0.0071563720703125 0.0536155700683594 -0.117446899414062 0.268356323242188
0.0752410888671875 -0.083465576171875 0.0789947509765625 0.1541748046875
0.0662994384765625 -0.115592956542969 0.073272705078125 0.0654373168945312
-0.0252761840820312 -0.130752563476563 0.00338840484619141 -0.0169353485107422
-0.103385925292969 -0.0742340087890625 -0.0662841796875 0.0122795104980469
-0.107070922851563 0.00123596191406248 -0.056976318359375 0.0712661743164063
-0.0891647338867188 0.0700836181640625 -0.0199737548828125 0.135017395019531
-0.0404129028320313 0.0953750610351563 0.0376739501953125 0.152664184570313
-0.0369873046875 0.0764617919921875 0.0635833740234375 0.14544677734375
-0.0445404052734375 0.0750503540039063 0.04876708984375 0.140792846679688
-0.0596160888671875 0.0608482360839844 0.00104522705078123 0.13153076171875
-0.0666465759277344 0.0252685546875 -0.0203018188476563 0.0894699096679688
-0.0711822509765625 -0.00655364990234376 -0.01995849609375 0.0545272827148438
-0.0471763610839844 -0.0485610961914063 0.0120391845703125 0.0856170654296875
-0.0112533569335937 -0.0606269836425781 0.0141754150390625 0.199951171875
-0.00542068481445312 -0.0592460632324219 -0.119598388671875 0.272705078125
0.07171630859375 -0.1798095703125 0.087310791015625 0.122215270996094
0.0309295654296875 -0.192413330078125 0.0704879760742187 0.0517425537109375
-0.0741729736328125 -0.164718627929688 0.0134849548339844 5.91278076171774E-05
-0.156097412109375 -0.07666015625 -0.033721923828125 0.022003173828125
-0.147430419921875 0.026153564453125 -0.0215034484863281 0.0547332763671875
-0.109596252441406 0.123046875 0.0026702880859375 0.0999755859375
-0.03839111328125 0.1484375 0.0439376831054688 0.104507446289063
-0.0340652465820312 0.125778198242188 0.062957763671875 0.0978469848632813
-0.0442428588867187 0.135032653808594 0.0533905029296875 0.0978012084960938
-0.0797653198242188 0.121696472167969 0.0180816650390625 0.0993423461914063
-0.112945556640625 0.0659027099609375 0.00537872314453124 0.0701141357421875
-0.136856079101563 0.0056610107421875 0.00418090820312499 0.0572967529296875
-0.109786987304688 -0.0928115844726563 0.0218048095703125 0.104759216308594
-0.0413055419921875 -0.149261474609375 0.00373840332031252 0.190841674804688
-0.0054931640625 -0.163803100585937 -0.116439819335938 0.2420654296875
0.05322265625 -0.254562377929688 0.0913314819335938 0.06549072265625
-0.0160064697265625 -0.245620727539062 0.0583457946777344 0.0241928100585937
-0.122421264648437 -0.175888061523438 0.0172557830810547 0.0144023895263672
-0.191314697265625 -0.062957763671875 0.00140380859374999 0.0293979644775391
-0.166900634765625 0.052490234375 0.0163993835449219 0.0307712554931641
-0.112457275390625 0.160568237304687 0.0255393981933594 0.0505599975585938
-0.0293426513671875 0.180526733398438 0.0439414978027344 0.0405426025390625
-0.027069091796875 0.15606689453125 0.0529060363769531 0.0340232849121094
-0.03839111328125 0.17462158203125 0.0492019653320312 0.0376815795898438
-0.08721923828125 0.164352416992188 0.0328559875488281 0.0490188598632813
-0.141952514648438 0.09722900390625 0.0324516296386719 0.0358161926269531
-0.183151245117188 0.018798828125 0.0321884155273437 0.0499191284179688
-0.15771484375 -0.121627807617188 0.0324478149414062 0.11187744140625
-0.0664825439453125 -0.213516235351563 -0.00923156738281251 0.159561157226562
-0.00790405273437502 -0.242340087890625 -0.107284545898438 0.179580688476563
0.02642822265625 -0.292938232421875 0.0875167846679688 -0.0111007690429688
-0.061676025390625 -0.266036987304688 0.03594970703125 -0.0139503479003906
-0.157379150390625 -0.1611328125 0.0154018402099609 0.023193359375
-0.203033447265625 -0.03582763671875 0.0342292785644531 0.0293312072753906
-0.161224365234375 0.0750274658203125 0.0491943359375 -0.000114440917968745
-0.096923828125 0.175796508789063 0.04156494140625 -0.00627136230468749
-0.0155792236328125 0.18548583984375 0.0357551574707031 -0.0287818908691406
-0.0160980224609375 0.162582397460938 0.0344314575195313 -0.0349845886230469
-0.027130126953125 0.185317993164063 0.0380363464355469 -0.0293350219726562
-0.079925537109375 0.178237915039063 0.043975830078125 -0.0125694274902344
-0.145950317382813 0.110702514648437 0.0568313598632812 -0.00716400146484374
-0.196929931640625 0.028472900390625 0.0586776733398437 0.0331764221191406
-0.176956176757813 -0.128753662109375 0.0404891967773437 0.103584289550781
-0.080413818359375 -0.240478515625 -0.0244674682617188 0.108909606933594
-0.0124359130859375 -0.280868530273438 -0.09228515625 0.095123291015625
0.000793457031249982 -0.2857666015625 0.0781173706054688 -0.095062255859375
-0.0894012451171875 -0.246994018554688 0.00923538208007812 -0.0577163696289063
-0.1639404296875 -0.128341674804688 0.00820541381835936 0.0220718383789062
-0.183425903320312 -0.00782775878906254 0.0578498840332031 0.0199356079101563
-0.132949829101563 0.0847015380859375 0.0700531005859375 -0.0337677001953125
-0.0688018798828125 0.165054321289063 0.0464019775390625 -0.06304931640625
0.000442504882812512 0.163497924804688 0.0196380615234375 -0.0928878784179687
-0.00250244140624999 0.143646240234375 0.0107803344726562 -0.098541259765625
-0.0132598876953125 0.16546630859375 0.0225372314453125 -0.09344482421875
-0.0588226318359375 0.159912109375 0.0514755249023438 -0.0718536376953125
-0.122245788574219 0.103546142578125 0.0748443603515625 -0.0478973388671875
-0.172286987304687 0.0340728759765625 0.0777664184570312 0.013580322265625
-0.163650512695313 -0.109725952148437 0.0431747436523437 0.0852890014648437
-0.0808563232421875 -0.222625732421875 -0.0386810302734375 0.0492362976074219
-0.018646240234375 -0.273757934570313 -0.0738754272460938 0.00488281249999997
-0.0179901123046875 -0.234405517578125 0.0692138671875 -0.172637939453125
-0.0897369384765625 -0.192596435546875 -0.01318359375 -0.100959777832031
-0.137771606445313 -0.0841445922851563 -0.00162696838378907 0.00993537902832031
-0.136322021484375 0.0117568969726563 0.06842041015625 0.00295257568359375
-0.0886993408203125 0.076263427734375 0.075897216796875 -0.064239501953125
-0.0345077514648438 0.128829956054687 0.0402984619140625 -0.109832763671875
0.0147705078125 0.117469787597656 -0.00149536132812501 -0.142822265625
0.0108489990234375 0.103080749511719 -0.0142974853515625 -0.147598266601562
0.00350952148437499 0.118141174316406 0.00595092773437501 -0.142501831054688
-0.0251388549804688 0.11572265625 0.0543746948242188 -0.117195129394531
-0.0738906860351563 0.08099365234375 0.0849227905273438 -0.075897216796875
-0.115959167480469 0.03643798828125 0.0877227783203125 -0.0012359619140625
-0.124832153320313 -0.0666046142578125 0.0385017395019531 0.0618629455566406
-0.07513427734375 -0.165283203125 -0.0490684509277344 -0.00755310058593751
-0.028839111328125 -0.223739624023437 -0.0546112060546875 -0.0762252807617188
-0.02880859375 -0.146530151367188 0.064727783203125 -0.231857299804688
-0.0658950805664063 -0.111137390136719 -0.0247116088867188 -0.137260437011719
-0.0855178833007812 -0.0370559692382813 -0.0116691589355469 -0.0103387832641602
-0.0708160400390625 0.020904541015625 0.0664443969726563 -0.01800537109375
-0.0360069274902344 0.0517578125 0.068450927734375 -0.0865325927734375
-0.000717163085937504 0.0713043212890625 0.0254058837890625 -0.141433715820313
0.0239639282226562 0.0538215637207031 -0.023773193359375 -0.170822143554688
0.0223236083984375 0.0458869934082031 -0.0370330810546875 -0.173507690429688
0.0216712951660156 0.0523185729980469 -0.00993347167968749 -0.16851806640625
0.0159149169921875 0.0568313598632813 0.0523681640625 -0.1416015625
-0.0117340087890625 0.0526008605957031 0.0850753784179688 -0.0881500244140625
-0.0439033508300781 0.0437393188476562 0.0865249633789063 -0.009033203125
-0.07781982421875 -0.00711822509765624 0.0286483764648437 0.039093017578125
-0.069549560546875 -0.0819625854492188 -0.0559463500976563 -0.0502548217773438
-0.044586181640625 -0.142807006835938 -0.04083251953125 -0.136016845703125
0.077606201171875 0.0190887451171875 0.09759521484375 0.151199340820313
0.0959243774414062 -0.0395050048828125 0.0835723876953125 0.0552520751953125
0.0156478881835938 -0.0904312133789062 -0.0137691497802734 -0.0342159271240234
-0.0506172180175781 -0.0618133544921875 -0.093658447265625 0.0129928588867187
-0.0616950988769531 -0.0193634033203125 -0.0760345458984375 0.0908737182617188
-0.0638771057128906 0.0159645080566406 -0.0220947265625 0.159149169921875
-0.0403060913085937 0.0362892150878906 0.04876708984375 0.17852783203125
-0.0395126342773437 0.0228729248046875 0.0767974853515625 0.1680908203125
-0.0457038879394531 0.0111732482910156 0.0565948486328125 0.1611328125
-0.0394210815429688 -0.00634384155273438 0.000793457031250007 0.14892578125
-0.0162887573242187 -0.0218334197998047 -0.0317611694335937 0.102729797363281
0.00304222106933594 -0.0224723815917969 -0.0346336364746094 0.0517196655273438
0.0267467498779297 -0.00146484375 0.00600433349609375 0.0594444274902344
0.0316276550292969 0.0407867431640625 0.03729248046875 0.185699462890625
0.00455093383789063 0.0638236999511719 -0.095489501953125 0.281951904296875
0.0750503540039063 -0.0894088745117188 0.10540771484375 0.148208618164063
0.0633087158203125 -0.127342224121094 0.088104248046875 0.0575180053710937
-0.0366287231445313 -0.137222290039063 0.00460052490234375 -0.0190200805664063
-0.116477966308594 -0.0697479248046875 -0.0648727416992188 0.0188560485839844
-0.114204406738281 0.0110855102539063 -0.0484161376953125 0.0774917602539063
-0.088897705078125 0.0834808349609375 -0.00347137451171875 0.138603210449219
-0.0349655151367187 0.10491943359375 0.058319091796875 0.14874267578125
-0.0338134765625 0.0847015380859375 0.0847396850585938 0.138740539550781
-0.042755126953125 0.083587646484375 0.0695037841796875 0.137229919433594
-0.0588836669921875 0.0670814514160156 0.0194931030273437 0.135490417480469
-0.0667610168457031 0.02825927734375 -0.00798797607421874 0.0968551635742188
-0.0707473754882813 -0.00370025634765625 -0.0139923095703125 0.0625839233398438
-0.0463676452636719 -0.0448722839355469 0.0184402465820312 0.0888900756835938
-0.0104179382324219 -0.0552444458007813 0.0336761474609375 0.201736450195312
-0.007354736328125 -0.0521583557128906 -0.09588623046875 0.28955078125
0.0588226318359375 -0.187210083007812 0.112770080566406 0.117454528808594
0.0172119140625 -0.2000732421875 0.08465576171875 0.0443496704101562
-0.0901336669921875 -0.165267944335937 0.0178413391113281 -0.00301551818847657
-0.169036865234375 -0.0656280517578125 -0.0295753479003906 0.0256443023681641
-0.150604248046875 0.0416259765625 -0.0123329162597656 0.0567474365234375
-0.101211547851562 0.138229370117188 0.0177688598632812 0.0985641479492188
-0.024749755859375 0.157669067382813 0.0605087280273438 0.0970077514648438
-0.0236129760742188 0.133888244628906 0.0798797607421875 0.0886459350585938
-0.0330963134765625 0.144393920898438 0.0709152221679688 0.0914993286132813
-0.0703506469726562 0.132469177246094 0.035430908203125 0.100311279296875
-0.108818054199219 0.0765914916992187 0.0181121826171875 0.0743484497070313
-0.1373291015625 0.0184097290039062 0.0122146606445312 0.0638542175292969
-0.116249084472656 -0.082427978515625 0.0326156616210937 0.109237670898437
-0.052703857421875 -0.143646240234375 0.0232086181640625 0.196487426757813
-0.0201263427734375 -0.160079956054687 -0.0962066650390625 0.2608642578125
0.028594970703125 -0.261703491210938 0.112411499023437 0.0614013671875
-0.03948974609375 -0.24774169921875 0.0709228515625 0.0188674926757812
-0.140838623046875 -0.168319702148438 0.0249099731445312 0.0111331939697266
-0.202377319335938 -0.0449066162109375 0.0085315704345703 0.0297470092773437
-0.165206909179687 0.071197509765625 0.02545166015625 0.0286121368408203
-0.0966949462890625 0.175460815429688 0.03765869140625 0.0452423095703125
-0.00994873046875001 0.187118530273438 0.0534515380859375 0.0311050415039063
-0.0104522705078125 0.163055419921875 0.0631599426269531 0.0244865417480469
-0.0193328857421875 0.183059692382813 0.0611114501953125 0.0301399230957031
-0.0702056884765625 0.177261352539063 0.0467491149902344 0.0467262268066406
-0.134223937988281 0.113616943359375 0.0430335998535156 0.0362510681152344
-0.183517456054688 0.0392608642578125 0.0416526794433594 0.0532569885253906
-0.169387817382813 -0.106414794921875 0.0464706420898438 0.115615844726563
-0.0875244140625 -0.208480834960938 0.00726318359374999 0.168136596679688
-0.0338592529296875 -0.241958618164063 -0.092529296875 0.198287963867188
-0.006378173828125 -0.29937744140625 0.100616455078125 -0.0139999389648438
-0.0926055908203125 -0.262130737304688 0.0438346862792969 -0.0159492492675781
-0.176193237304687 -0.14715576171875 0.0241127014160156 0.0203132629394531
-0.210433959960937 -0.0139923095703125 0.0423812866210937 0.0268096923828125
-0.154876708984375 0.0944061279296875 0.056732177734375 -0.00594329833984374
-0.0759429931640625 0.188705444335938 0.0481796264648437 -0.0151901245117187
0.00781250000000001 0.18963623046875 0.0374641418457031 -0.0384559631347656
0.00340270996093751 0.1676025390625 0.0361137390136719 -0.0438117980957031
-0.00454711914062501 0.192657470703125 0.0417327880859375 -0.0377769470214844
-0.058929443359375 0.19122314453125 0.051483154296875 -0.0179672241210937
-0.135772705078125 0.1295166015625 0.063873291015625 -0.0112838745117187
-0.196640014648438 0.05242919921875 0.0679817199707031 0.0326309204101563
-0.191696166992187 -0.109878540039063 0.0560073852539062 0.106521606445312
-0.108306884765625 -0.2347412109375 -0.0127487182617188 0.119125366210937
-0.045196533203125 -0.283111572265625 -0.0861663818359375 0.112014770507812
-0.03472900390625 -0.292572021484375 0.080657958984375 -0.0965499877929688
-0.123062133789063 -0.2406005859375 0.01025390625 -0.0554962158203125
-0.18243408203125 -0.110946655273438 0.0166435241699219 0.0210380554199219
-0.187911987304688 0.0153656005859375 0.0654640197753906 0.0144691467285156
-0.123329162597656 0.103759765625 0.0732650756835937 -0.0423507690429687
-0.04534912109375 0.175384521484375 0.0467529296875 -0.0725479125976562
0.0241241455078125 0.163848876953125 0.0125656127929688 -0.101463317871094
0.017303466796875 0.146041870117188 0.0034027099609375 -0.105728149414062
0.0103759765625 0.169876098632813 0.0176467895507813 -0.101104736328125
-0.0368194580078125 0.169952392578125 0.05108642578125 -0.079345703125
-0.110366821289063 0.120750427246094 0.0772476196289063 -0.0557632446289063
-0.170150756835937 0.0575408935546875 0.0854339599609375 0.00909423828125
-0.177734375 -0.090545654296875 0.0573196411132812 0.0859298706054688
-0.110031127929688 -0.216690063476562 -0.0333099365234375 0.0595169067382812
-0.0539398193359375 -0.277542114257813 -0.0778121948242188 0.0178909301757813
-0.049346923828125 -0.240936279296875 0.0610809326171875 -0.175201416015625
-0.119918823242188 -0.186614990234375 -0.018646240234375 -0.0966415405273438
-0.15399169921875 -0.0684356689453125 0.00535583496093749 0.0100650787353516
-0.138832092285156 0.0325088500976562 0.0740127563476562 -0.00513458251953125
-0.0779953002929687 0.092132568359375 0.0738143920898438 -0.0746383666992188
-0.013092041015625 0.135017395019531 0.032623291015625 -0.118995666503906
0.0347442626953125 0.114891052246094 -0.016143798828125 -0.148345947265625
0.027587890625 0.10211181640625 -0.0294189453125 -0.15118408203125
0.02313232421875 0.118484497070313 -0.0068511962890625 -0.1483154296875
-0.00606536865234376 0.120491027832031 0.0473785400390625 -0.126739501953125
-0.0620803833007813 0.0928726196289062 0.0829696655273438 -0.0862350463867188
-0.111366271972656 0.0553741455078125 0.0925140380859375 -0.00823974609375
-0.135261535644531 -0.0482177734375 0.0497589111328125 0.0617027282714844
-0.10064697265625 -0.158920288085938 -0.0519523620605469 0.00282669067382811
-0.06195068359375 -0.226669311523438 -0.0684013366699219 -0.0668487548828125
-0.0515594482421875 -0.152740478515625 0.0482177734375 -0.23638916015625
-0.0874481201171875 -0.108375549316406 -0.03515625 -0.133659362792969
-0.0975418090820313 -0.0266342163085937 -0.00822162628173829 -0.00997066497802735
-0.0726089477539063 0.0353012084960937 0.068359375 -0.0273475646972656
-0.0277481079101563 0.0618247985839844 0.0624160766601563 -0.096893310546875
0.014862060546875 0.0740737915039062 0.0118560791015625 -0.147689819335938
0.0376396179199219 0.0493888854980469 -0.043701171875 -0.172515869140625
0.0332183837890625 0.0418968200683594 -0.057647705078125 -0.173370361328125
0.0340156555175781 0.0482521057128906 -0.028289794921875 -0.171478271484375
0.0299491882324219 0.0543746948242188 0.04022216796875 -0.150344848632813
-0.000625610351562494 0.056732177734375 0.0794219970703125 -0.0982589721679687
-0.0361671447753906 0.0553627014160156 0.0885391235351562 -0.0165023803710937
-0.081634521484375 0.008270263671875 0.0350723266601562 0.0389175415039063
-0.087921142578125 -0.0740737915039062 -0.0648841857910156 -0.0404624938964844
-0.0705413818359375 -0.1439208984375 -0.0624618530273437 -0.130653381347656
0.0871353149414062 0.0120849609375 0.115531921386719 0.133888244628906
0.09765625 -0.055267333984375 0.0914459228515625 0.0414657592773438
0.00611114501953124 -0.098785400390625 -0.0154800415039063 -0.0340824127197266
-0.0616035461425781 -0.0603981018066406 -0.0905075073242187 0.0208053588867188
-0.0696067810058594 -0.0125732421875 -0.0656585693359375 0.0956802368164063
-0.0673637390136719 0.0273933410644531 -0.00614929199218749 0.1572265625
-0.0406990051269531 0.0457000732421875 0.0658416748046875 0.16802978515625
-0.0412788391113281 0.0315780639648437 0.0936737060546875 0.154861450195313
-0.0506591796875 0.0203666687011719 0.07403564453125 0.150634765625
-0.0464134216308594 -0.00230407714843749 0.01727294921875 0.145828247070312
-0.0220127105712891 -0.0250911712646484 -0.0192718505859375 0.105751037597656
0.00142097473144531 -0.0296707153320312 -0.0295944213867187 0.0570449829101563
0.033782958984375 -0.007080078125 0.00751113891601562 0.0599746704101563
0.0454635620117188 0.0400314331054688 0.0502166748046875 0.175262451171875
0.0198898315429687 0.0692596435546875 -0.0719146728515625 0.280014038085938
0.0729217529296875 -0.0918350219726563 0.12640380859375 0.131111145019531
0.0572586059570313 -0.135948181152344 0.0979385375976563 0.0432891845703125
-0.0484466552734375 -0.138542175292969 0.00498771667480468 -0.021881103515625
-0.125167846679688 -0.0617828369140625 -0.0600357055664063 0.0234603881835937
-0.116378784179687 0.0217361450195313 -0.0379714965820312 0.0787353515625
-0.0837554931640625 0.0942230224609375 0.0121002197265625 0.133148193359375
-0.0274505615234375 0.110397338867187 0.0735702514648437 0.135848999023438
-0.028228759765625 0.0899810791015625 0.0998611450195313 0.122970581054688
-0.0387725830078125 0.0897674560546875 0.0856552124023438 0.124130249023438
-0.0562591552734375 0.0714797973632813 0.0374603271484375 0.129486083984375
-0.0656890869140625 0.0296859741210938 0.00524902343749999 0.0975494384765625
-0.0681991577148438 -0.00213623046875001 -0.00647735595703125 0.0672187805175781
-0.0419845581054688 -0.0414848327636719 0.0244598388671875 0.08837890625
-0.00576400756835937 -0.04962158203125 0.0498199462890625 0.1937255859375
-0.0041656494140625 -0.0428085327148438 -0.07037353515625 0.29144287109375
0.0448455810546875 -0.185165405273438 0.133552551269531 0.1019287109375
0.003997802734375 -0.199111938476563 0.0953598022460938 0.0312576293945312
-0.101608276367188 -0.159423828125 0.0206966400146484 -0.00794982910156251
-0.173858642578125 -0.051666259765625 -0.0235233306884766 0.0261459350585937
-0.1470947265625 0.0545806884765625 -0.00263214111328126 0.0542755126953125
-0.0882415771484375 0.146865844726563 0.0309600830078125 0.0902175903320313
-0.0104522705078125 0.1590576171875 0.0711441040039063 0.0831375122070313
-0.0121002197265625 0.136329650878906 0.0909271240234375 0.073028564453125
-0.02130126953125 0.147079467773438 0.0842208862304688 0.0776214599609375
-0.0583038330078125 0.136474609375 0.05181884765625 0.0937118530273438
-0.101486206054688 0.082672119140625 0.030548095703125 0.0732040405273438
-0.131011962890625 0.027587890625 0.0212860107421875 0.0667724609375
-0.114952087402344 -0.070648193359375 0.0424957275390625 0.108192443847656
-0.05767822265625 -0.131973266601563 0.04083251953125 0.191970825195313
-0.02978515625 -0.147918701171875 -0.0713043212890625 0.266220092773438
0.00508117675781249 -0.2542724609375 0.128990173339844 0.0497512817382812
-0.058746337890625 -0.2369384765625 0.07952880859375 0.00957489013671874
-0.151504516601563 -0.1534423828125 0.0301151275634766 0.00534820556640624
-0.202957153320313 -0.026611328125 0.0151939392089844 0.0265865325927734
-0.15570068359375 0.0843048095703125 0.0333576202392578 0.0230236053466797
-0.07757568359375 0.180206298828125 0.0463333129882812 0.03448486328125
0.00927734374999998 0.183700561523438 0.0586395263671875 0.0187492370605469
0.00550842285156249 0.162078857421875 0.06787109375 0.0110206604003906
-0.000869750976562499 0.182113647460938 0.0687255859375 0.0178909301757813
-0.0513763427734375 0.179733276367187 0.0581893920898438 0.0389938354492188
-0.120651245117188 0.122962951660156 0.0536422729492188 0.0322380065917969
-0.174575805664063 0.0551300048828125 0.0510673522949219 0.0529747009277344
-0.170867919921875 -0.0876312255859375 0.0592803955078125 0.113906860351563
-0.101455688476563 -0.192474365234375 0.024658203125 0.167190551757813
-0.0540008544921875 -0.228042602539063 -0.0725250244140625 0.2073974609375
-0.03704833984375 -0.288787841796875 0.111312866210938 -0.0202102661132813
-0.116073608398437 -0.243698120117187 0.0503654479980469 -0.0198478698730469
-0.186141967773438 -0.126983642578125 0.0315933227539062 0.0152053833007812
-0.205902099609375 0.00830078124999998 0.0489387512207031 0.0205802917480469
-0.1402587890625 0.107292175292969 0.0610580444335937 -0.0138778686523437
-0.0523834228515625 0.189422607421875 0.0515174865722656 -0.0253486633300781
0.028839111328125 0.181442260742188 0.0358238220214844 -0.0474472045898437
0.021942138671875 0.162765502929688 0.03448486328125 -0.0527305603027344
0.01751708984375 0.188262939453125 0.0423240661621094 -0.0473670959472656
-0.0357208251953125 0.191818237304688 0.0560646057128906 -0.0251197814941406
-0.118209838867188 0.139930725097656 0.0689888000488281 -0.0169448852539062
-0.184738159179688 0.072479248046875 0.0756072998046875 0.028717041015625
-0.194503784179688 -0.08721923828125 0.0696258544921875 0.102706909179688
-0.127655029296875 -0.217453002929687 0.00144195556640623 0.122535705566406
-0.0732574462890625 -0.268768310546875 -0.0736618041992187 0.124214172363281
-0.067626953125 -0.280975341796875 0.0834197998046875 -0.0964508056640625
-0.147781372070312 -0.218948364257813 0.0136375427246094 -0.0533523559570313
-0.190673828125 -0.0869903564453125 0.0247249603271484 0.0169239044189453
-0.180465698242188 0.0377349853515625 0.0701484680175781 0.00664901733398438
-0.105979919433594 0.114540100097656 0.0734176635742188 -0.0500335693359375
-0.0214385986328125 0.17291259765625 0.0438003540039063 -0.0802841186523437
0.04437255859375 0.152679443359375 0.00472259521484374 -0.105438232421875
0.0347747802734375 0.138465881347656 -0.00509643554687501 -0.108795166015625
0.0322265625 0.162277221679687 0.0106048583984375 -0.105361938476563
-0.01324462890625 0.16778564453125 0.048553466796875 -0.0862808227539062
-0.0920944213867188 0.129989624023438 0.0769577026367188 -0.0627365112304687
-0.1568603515625 0.0759124755859375 0.0900955200195312 0.0028076171875
-0.18084716796875 -0.066680908203125 0.06927490234375 0.0818252563476563
-0.131744384765625 -0.198745727539063 -0.0242919921875 0.0670509338378906
-0.0858612060546875 -0.263519287109375 -0.0749893188476563 0.0323333740234375
-0.07977294921875 -0.23248291015625 0.05474853515625 -0.170120239257813
-0.14300537109375 -0.168014526367188 -0.0201950073242188 -0.0890121459960938
-0.161209106445313 -0.04693603515625 0.0117311477661133 0.0077676773071289
-0.131813049316406 0.051910400390625 0.0751953125 -0.0139617919921875
-0.062469482421875 0.100662231445313 0.0686798095703125 -0.0810165405273437
0.00849151611328125 0.1307373046875 0.0240478515625 -0.122833251953125
0.0516510009765625 0.103355407714844 -0.0301055908203125 -0.14630126953125
0.0415496826171875 0.0931320190429687 -0.043548583984375 -0.14825439453125
0.0406646728515625 0.109100341796875 -0.019775390625 -0.14752197265625
0.0136260986328125 0.115447998046875 0.0385284423828125 -0.130989074707031
-0.0453643798828125 0.098114013671875 0.0775680541992188 -0.0928497314453125
-0.0982513427734375 0.0699996948242187 0.0941162109375 -0.015350341796875
-0.1353759765625 -0.028076171875 0.0587501525878906 0.0580635070800781
-0.119354248046875 -0.141586303710937 -0.0489120483398438 0.0133895874023437
-0.0924835205078125 -0.214035034179688 -0.076171875 -0.0517807006835938
-0.07318115234375 -0.149063110351562 0.033355712890625 -0.230026245117188
-0.105880737304688 -0.0965194702148438 -0.0418701171875 -0.122955322265625
-0.103607177734375 -0.0122451782226562 -0.00442600250244141 -0.0105381011962891
-0.0678024291992188 0.0483131408691406 0.0662994384765625 -0.0358467102050781
-0.0160865783691406 0.0675926208496094 0.05218505859375 -0.1021728515625
0.0299530029296875 0.069427490234375 -0.0026092529296875 -0.1468505859375
0.048492431640625 0.0391159057617187 -0.061279296875 -0.164749145507813
0.0418243408203125 0.0336418151855469 -0.075103759765625 -0.163986206054688
0.044189453125 0.0381965637207031 -0.04437255859375 -0.165863037109375
0.0423927307128906 0.0464286804199219 0.0269317626953125 -0.151901245117188
0.0124320983886719 0.0560569763183594 0.07073974609375 -0.103408813476563
-0.0237083435058594 0.062591552734375 0.0874862670898438 -0.0237960815429687
-0.0786361694335938 0.0238571166992188 0.0405502319335937 0.0361709594726563
-0.100845336914063 -0.0589447021484375 -0.0685157775878906 -0.0276947021484375
-0.0946502685546875 -0.133262634277344 -0.0783309936523437 -0.114479064941406
0.0937576293945313 0.0050506591796875 0.123138427734375 0.113021850585937
0.096405029296875 -0.0685882568359375 0.0933990478515625 0.0276641845703125
-0.00321960449218749 -0.1036376953125 -0.01678466796875 -0.0347461700439453
-0.0704803466796875 -0.0574417114257813 -0.0857620239257813 0.0250473022460937
-0.0745315551757813 -0.00539398193359374 -0.057769775390625 0.0944900512695313
-0.068267822265625 0.0375900268554687 0.00407409667968749 0.149978637695312
-0.038604736328125 0.0540885925292969 0.074249267578125 0.154693603515625
-0.04095458984375 0.0393409729003906 0.100845336914063 0.139244079589844
-0.05316162109375 0.0300178527832031 0.082427978515625 0.137313842773438
-0.0526199340820313 0.00295257568359375 0.0276260375976562 0.1378173828125
-0.0289573669433594 -0.0265178680419922 -0.00978851318359376 0.104095458984375
-0.00189971923828125 -0.0355987548828125 -0.0244636535644531 0.060455322265625
0.0387763977050781 -0.0144577026367188 0.00675201416015625 0.0597763061523438
0.0588340759277344 0.0363807678222656 0.05364990234375 0.162261962890625
0.03497314453125 0.06964111328125 -0.0574798583984375 0.2686767578125
0.0728683471679687 -0.0919265747070312 0.136390686035156 0.110328674316406
0.0527496337890625 -0.140625 0.100860595703125 0.0284576416015625
-0.0563201904296875 -0.137802124023437 0.00463485717773437 -0.0247268676757813
-0.130050659179688 -0.0548553466796875 -0.0553245544433594 0.0245628356933594
-0.116241455078125 0.0295867919921875 -0.029632568359375 0.0748443603515625
-0.078643798828125 0.099945068359375 0.0207977294921875 0.1226806640625
-0.0214385986328125 0.113227844238281 0.0797348022460938 0.120590209960938
-0.024261474609375 0.093536376953125 0.105392456054687 0.105842590332031
-0.0359344482421875 0.0938949584960937 0.0936279296875 0.1083984375
-0.0555496215820312 0.0732192993164063 0.0489349365234375 0.119949340820312
-0.065826416015625 0.0287666320800781 0.0164718627929687 0.094512939453125
-0.0653953552246094 -0.00372314453125 0.00121688842773437 0.0693435668945313
-0.0352783203125 -0.0411796569824219 0.02764892578125 0.0874862670898438
0.00303268432617188 -0.045166015625 0.0570068359375 0.182281494140625
0.00367546081542968 -0.0344638824462891 -0.052978515625 0.281829833984375
0.0387115478515625 -0.176498413085938 0.144699096679688 0.0834197998046875
-0.00192260742187499 -0.194091796875 0.0995712280273438 0.0179214477539062
-0.106033325195312 -0.152236938476563 0.0220222473144531 -0.0130882263183594
-0.173110961914063 -0.041534423828125 -0.01812744140625 0.0242023468017578
-0.141311645507813 0.060943603515625 0.00410842895507811 0.0480270385742188
-0.0780487060546875 0.148635864257813 0.0374755859375 0.077911376953125
-0.00192260742187499 0.1556396484375 0.0746841430664063 0.0684356689453125
-0.00421905517578126 0.134193420410156 0.0937576293945313 0.0562820434570313
-0.0130767822265625 0.14569091796875 0.089630126953125 0.0622711181640625
-0.0503768920898437 0.134712219238281 0.0618820190429688 0.0827865600585938
-0.0942306518554688 0.08258056640625 0.0411338806152344 0.0685234069824219
-0.122871398925781 0.0304641723632812 0.0304450988769531 0.0669059753417969
-0.107124328613281 -0.0631561279296875 0.0489578247070313 0.105766296386719
-0.054473876953125 -0.121482849121094 0.0509185791015625 0.183212280273437
-0.0301666259765625 -0.133232116699219 -0.05255126953125 0.261398315429687
-0.00759887695312498 -0.238937377929688 0.140411376953125 0.035675048828125
-0.0664215087890625 -0.222503662109375 0.0850601196289063 -0.000694274902343764
-0.152374267578125 -0.140838623046875 0.0328865051269531 -0.00136184692382813
-0.19610595703125 -0.0153350830078125 0.0202713012695312 0.02191162109375
-0.144729614257812 0.0896759033203125 0.0380973815917969 0.0148429870605469
-0.0634613037109375 0.176483154296875 0.0495338439941406 0.0231208801269531
0.0202789306640625 0.174880981445313 0.0586166381835937 0.00637435913085938
0.0154266357421875 0.15496826171875 0.067779541015625 -0.00214004516601562
0.010589599609375 0.175582885742187 0.0708236694335938 0.00506591796875001
-0.0377349853515625 0.175323486328125 0.0655250549316406 0.0290908813476563
-0.1082763671875 0.123870849609375 0.0610885620117187 0.0267372131347656
-0.161636352539063 0.0617523193359375 0.0587806701660156 0.0509567260742188
-0.163284301757813 -0.0744476318359375 0.06829833984375 0.109054565429688
-0.103363037109375 -0.176361083984375 0.0364532470703125 0.162384033203125
-0.062469482421875 -0.208511352539063 -0.0556793212890625 0.20697021484375
-0.0543365478515625 -0.268402099609375 0.120552062988281 -0.0267105102539063
-0.124908447265625 -0.221435546875 0.0566635131835938 -0.0243072509765625
-0.183242797851562 -0.10845947265625 0.0360488891601562 0.00834655761718749
-0.194320678710938 0.02093505859375 0.0528793334960937 0.0134429931640625
-0.124839782714844 0.110610961914063 0.0629043579101562 -0.0211410522460937
-0.036376953125 0.181777954101563 0.0518417358398438 -0.0348625183105469
0.0400848388671875 0.167984008789063 0.0321388244628906 -0.0549888610839844
0.032989501953125 0.152603149414063 0.030914306640625 -0.0608291625976562
0.0308990478515625 0.17669677734375 0.0405158996582031 -0.0554275512695312
-0.01922607421875 0.183700561523438 0.0593643188476563 -0.0327110290527344
-0.102203369140625 0.14117431640625 0.0727386474609375 -0.0227432250976562
-0.168930053710938 0.081146240234375 0.0811004638671875 0.0246353149414063
-0.187362670898438 -0.070220947265625 0.079010009765625 0.0970916748046875
-0.133834838867187 -0.19757080078125 0.0129623413085937 0.121101379394531
-0.0874786376953125 -0.246383666992187 -0.0607452392578125 0.129547119140625
-0.0874786376953125 -0.260818481445313 0.0886459350585938 -0.0951004028320313
-0.158294677734375 -0.194183349609375 0.01959228515625 -0.0513038635253906
-0.187042236328125 -0.06689453125 0.0304412841796875 0.0115165710449219
-0.1666259765625 0.050872802734375 0.072540283203125 -0.000595092773437497
-0.0889511108398438 0.116203308105469 0.0714874267578125 -0.0559005737304687
-0.00415039062500002 0.161758422851563 0.0402450561523438 -0.0856704711914062
0.0549697875976563 0.136642456054688 -0.00115203857421874 -0.106155395507812
0.044891357421875 0.126350402832031 -0.0115737915039062 -0.109733581542969
0.0442047119140625 0.148117065429688 0.00544738769531249 -0.107551574707031
0.003082275390625 0.157470703125 0.0467529296875 -0.0904464721679687
-0.0750656127929687 0.12933349609375 0.0761489868164063 -0.0671539306640625
-0.139984130859375 0.0846481323242188 0.0929489135742187 -0.00211334228515624
-0.173126220703125 -0.0489959716796875 0.0772857666015625 0.075592041015625
-0.140274047851563 -0.1771240234375 -0.0151786804199219 0.0698089599609375
-0.103912353515625 -0.240371704101563 -0.0682563781738281 0.0428962707519531
-0.0991058349609375 -0.21551513671875 0.0547332763671875 -0.161270141601563
-0.154922485351563 -0.145584106445313 -0.016082763671875 -0.0813140869140625
-0.159393310546875 -0.0283050537109375 0.0171747207641601 0.00460910797119141
-0.11956787109375 0.0643768310546875 0.07470703125 -0.020416259765625
-0.0466766357421875 0.101943969726563 0.06396484375 -0.084228515625
0.0236434936523437 0.119873046875 0.0174942016601563 -0.122879028320313
0.0600662231445313 0.0873794555664063 -0.0380325317382813 -0.139907836914063
0.0491409301757812 0.0809707641601563 -0.0513916015625 -0.141632080078125
0.0503692626953125 0.0953750610351563 -0.0269317626953125 -0.143646240234375
0.0264434814453125 0.103775024414062 0.0320816040039063 -0.131500244140625
-0.0306320190429688 0.0956344604492188 0.0725555419921875 -0.0958938598632813
-0.0822219848632813 0.0763168334960938 0.0938568115234375 -0.0203781127929687
-0.127853393554688 -0.011962890625 0.0645332336425781 0.0523262023925781
-0.127960205078125 -0.121360778808594 -0.0429763793945313 0.021331787109375
-0.110595703125 -0.193252563476563 -0.076171875 -0.0365447998046875
-0.0894851684570312 -0.140121459960938 0.0275421142578125 -0.2174072265625
-0.116249084472656 -0.0825424194335937 -0.0403671264648438 -0.112373352050781
-0.105186462402344 0.00177001953124999 -8.39233398437556E-05 -0.012455940246582
-0.0604248046875 0.0580558776855469 0.0629386901855469 -0.0412673950195312
-0.00485610961914063 0.0687522888183594 0.0436325073242188 -0.102523803710938
0.0406417846679688 0.0606269836425781 -0.011383056640625 -0.1416015625
0.0535736083984375 0.0263938903808594 -0.069793701171875 -0.153213500976563
0.0457839965820312 0.0231170654296875 -0.08319091796875 -0.151580810546875
0.0487289428710938 0.0272331237792969 -0.0525360107421875 -0.156097412109375
0.0501594543457031 0.0347251892089844 0.0180511474609375 -0.148788452148438
0.0230560302734375 0.0509109497070312 0.063934326171875 -0.10418701171875
-0.0105819702148438 0.0647621154785156 0.085418701171875 -0.0275192260742187
-0.0706329345703125 0.0354995727539063 0.0434494018554687 0.033416748046875
-0.106796264648437 -0.0428848266601562 -0.0663642883300781 -0.0153770446777344
-0.110664367675781 -0.116943359375 -0.0850143432617188 -0.09539794921875
0.0999374389648438 -0.00135040283203125 0.123428344726563 0.0956344604492187
0.0946731567382813 -0.0803909301757813 0.0912857055664063 0.01605224609375
-0.0116958618164062 -0.107765197753906 -0.0176315307617187 -0.0357894897460938
-0.0782089233398438 -0.05462646484375 -0.082916259765625 0.02581787109375
-0.0788116455078125 0.000473022460937486 -0.0536422729492188 0.0911178588867187
-0.0681610107421875 0.0462684631347656 0.00726318359374998 0.143402099609375
-0.0360946655273438 0.0619430541992188 0.075225830078125 0.144378662109375
-0.0402030944824219 0.046722412109375 0.101387023925781 0.127555847167969
-0.0543594360351563 0.0395126342773437 0.0848617553710938 0.127265930175781
-0.0583915710449219 0.00861358642578125 0.0328216552734375 0.130508422851563
-0.0361671447753906 -0.0282096862792969 -0.00390625000000001 0.101387023925781
-0.00572967529296875 -0.0415992736816406 -0.0203361511230469 0.062225341796875
0.0429306030273438 -0.0216064453125 0.00441741943359375 0.0614204406738281
0.0707015991210938 0.0302963256835938 0.049560546875 0.153945922851563
0.048736572265625 0.0681571960449219 -0.05621337890625 0.257156372070312
0.0774612426757813 -0.0908889770507813 0.139945983886719 0.0925750732421875
0.052947998046875 -0.145523071289063 0.10028076171875 0.0161666870117187
-0.0607757568359375 -0.139335632324219 0.00441169738769531 -0.0279712677001953
-0.133445739746094 -0.051483154296875 -0.0515518188476563 0.0229377746582031
-0.117263793945313 0.0338134765625 -0.0262184143066406 0.0695762634277344
-0.0766143798828125 0.105079650878906 0.0232162475585937 0.113716125488281
-0.0189437866210938 0.115890502929688 0.07928466796875 0.108406066894531
-0.0224838256835938 0.0963973999023438 0.104324340820313 0.0930099487304688
-0.0357131958007813 0.0983352661132813 0.09490966796875 0.0959548950195312
-0.0568771362304687 0.0752487182617188 0.0545730590820312 0.111099243164063
-0.0685081481933594 0.0260848999023438 0.023590087890625 0.09027099609375
-0.0648040771484375 -0.00841140747070311 0.00696563720703124 0.07049560546875
-0.0277366638183594 -0.0447120666503906 0.0282440185546875 0.0882110595703125
0.0142059326171875 -0.0450401306152344 0.056732177734375 0.174942016601563
0.0148372650146484 -0.0287094116210937 -0.0475006103515625 0.272293090820313
0.040771484375 -0.168914794921875 0.150039672851563 0.06640625
-0.000778198242187486 -0.192092895507812 0.100746154785156 0.00593566894531249
-0.106491088867187 -0.149826049804688 0.0224800109863281 -0.0180702209472656
-0.17230224609375 -0.038604736328125 -0.0147323608398438 0.0207004547119141
-0.138961791992188 0.0631103515625 0.00771713256835936 0.0410690307617188
-0.0741424560546875 0.148468017578125 0.0386619567871094 0.0676612854003906
0.00177001953124999 0.153839111328125 0.0725479125976563 0.0564727783203125
-0.0019378662109375 0.133277893066406 0.0916061401367188 0.0430145263671875
-0.010772705078125 0.144439697265625 0.090057373046875 0.0495681762695313
-0.0483322143554687 0.132339477539062 0.0676422119140625 0.0727157592773438
-0.0923004150390625 0.079345703125 0.0482215881347656 0.0632247924804688
-0.11785888671875 0.02783203125 0.0374488830566406 0.0667800903320312
-0.0978012084960938 -0.062744140625 0.0522079467773437 0.105209350585938
-0.0452728271484375 -0.115859985351563 0.053924560546875 0.177688598632813
-0.0228118896484375 -0.122390747070313 -0.04473876953125 0.254608154296875
-0.00775146484375 -0.224502563476563 0.14849853515625 0.0235748291015625
-0.0635528564453125 -0.212432861328125 0.0890426635742187 -0.010040283203125
-0.148513793945312 -0.135025024414063 0.034454345703125 -0.00735092163085938
-0.190521240234375 -0.0111846923828125 0.0230026245117187 0.0162754058837891
-0.1390380859375 0.08929443359375 0.0404739379882813 0.00755691528320313
-0.0581207275390625 0.171112060546875 0.0493087768554688 0.0124549865722656
0.0233306884765625 0.167388916015625 0.0556716918945312 -0.00381469726562499
0.018646240234375 0.149688720703125 0.0645980834960938 -0.0129852294921875
0.01416015625 0.169403076171875 0.0698966979980469 -0.00671386718749999
-0.032135009765625 0.169265747070313 0.0702018737792969 0.0200920104980469
-0.102210998535156 0.120704650878906 0.0669822692871094 0.0213203430175781
-0.152603149414063 0.06109619140625 0.0660476684570312 0.0497779846191406
-0.153213500976563 -0.07025146484375 0.07293701171875 0.107017517089844
-0.09686279296875 -0.166580200195313 0.0419464111328125 0.157669067382812
-0.0594024658203125 -0.192855834960938 -0.0464630126953125 0.205093383789063
-0.0586395263671875 -0.24993896484375 0.12994384765625 -0.0335922241210938
-0.122802734375 -0.205001831054688 0.0626068115234375 -0.030181884765625
-0.175521850585938 -0.0991973876953125 0.0390281677246094 0.00155639648437499
-0.183929443359375 0.0250396728515625 0.0550651550292969 0.00777435302734375
-0.11614990234375 0.107398986816406 0.0647239685058594 -0.0279426574707031
-0.029937744140625 0.171844482421875 0.0501594543457031 -0.0433845520019531
0.043304443359375 0.155899047851563 0.0288581848144531 -0.0616111755371094
0.0356292724609375 0.143646240234375 0.0269622802734375 -0.0669937133789062
0.0363006591796875 0.16680908203125 0.0386238098144531 -0.0629386901855469
-0.0110626220703125 0.17401123046875 0.0621528625488281 -0.0404701232910156
-0.0924224853515625 0.136909484863281 0.07684326171875 -0.0280380249023437
-0.1573486328125 0.08251953125 0.0868682861328125 0.021881103515625
-0.17718505859375 -0.0623931884765625 0.08544921875 0.0931472778320312
-0.130783081054688 -0.18365478515625 0.0209503173828125 0.1195068359375
-0.089111328125 -0.227859497070312 -0.0517120361328125 0.131843566894531
-0.094757080078125 -0.243011474609375 0.0986175537109375 -0.0947952270507813
-0.158645629882813 -0.17449951171875 0.0272674560546875 -0.0522613525390625
-0.179443359375 -0.0548248291015625 0.0346546173095703 0.00506401062011718
-0.15423583984375 0.055633544921875 0.0738143920898437 -0.00624847412109375
-0.0783615112304688 0.112274169921875 0.0717086791992188 -0.0603256225585937
0.00366210937500001 0.149673461914063 0.0379714965820313 -0.0909881591796875
0.057891845703125 0.122825622558594 -0.004913330078125 -0.107658386230469
0.0477752685546875 0.115440368652344 -0.014892578125 -0.111320495605469
0.0494308471679688 0.135704040527344 0.003082275390625 -0.110572814941406
0.01123046875 0.14630126953125 0.0465469360351562 -0.0948104858398437
-0.06390380859375 0.12469482421875 0.0770721435546875 -0.0713043212890625
-0.126564025878906 0.0858688354492188 0.0963058471679688 -0.004669189453125
-0.162399291992188 -0.0389404296875 0.082763671875 0.0703277587890625
-0.140487670898437 -0.160614013671875 -0.00714874267578126 0.0712432861328125
-0.109237670898438 -0.220123291015625 -0.0608482360839844 0.0510673522949219
-0.109451293945313 -0.201004028320313 0.0632476806640625 -0.15533447265625
-0.157943725585937 -0.128067016601563 -0.00765991210937501 -0.0774917602539063
-0.154266357421875 -0.0161590576171875 0.0217399597167969 0.000339508056640624
-0.108528137207031 0.0703964233398438 0.07415771484375 -0.0245285034179687
-0.0355300903320312 0.0986785888671875 0.0612869262695313 -0.0863037109375
0.0312728881835938 0.107582092285156 0.0149154663085938 -0.122932434082031
0.0621337890625 0.0731735229492188 -0.04132080078125 -0.136878967285156
0.0514106750488281 0.0697288513183594 -0.0542144775390625 -0.137283325195313
0.053558349609375 0.082305908203125 -0.030487060546875 -0.141387939453125
0.0338668823242188 0.0913314819335938 0.02978515625 -0.131813049316406
-0.02008056640625 0.0891342163085938 0.0716552734375 -0.0972061157226563
-0.0694427490234375 0.07635498046875 0.0948715209960938 -0.023193359375
-0.1182861328125 -0.00198364257812498 0.0686378479003906 0.0485610961914062
-0.129791259765625 -0.105880737304688 -0.0364151000976563 0.0261802673339844
-0.1192626953125 -0.173538208007813 -0.0723648071289063 -0.0233078002929688
-0.10015869140625 -0.131683349609375 0.0326080322265625 -0.206771850585938
-0.122894287109375 -0.0705032348632812 -0.0329208374023438 -0.105804443359375
-0.104339599609375 0.0123138427734375 0.00351428985595702 -0.0162115097045898
-0.0524711608886719 0.0650558471679688 0.0602874755859375 -0.0449562072753906
0.00450515747070313 0.0673370361328125 0.0386581420898438 -0.101333618164062
0.0474967956542969 0.0513877868652344 -0.0145187377929687 -0.137382507324219
0.0548515319824219 0.0152435302734375 -0.07257080078125 -0.144821166992187
0.0470733642578125 0.0142059326171875 -0.084930419921875 -0.142608642578125
0.0499076843261719 0.0161399841308594 -0.0547027587890625 -0.149215698242187
0.053863525390625 0.0230979919433594 0.015167236328125 -0.14532470703125
0.0314559936523438 0.0446891784667969 0.060943603515625 -0.103256225585938
0.000717163085937506 0.0631484985351562 0.0843124389648438 -0.0287628173828125
-0.0619926452636719 0.0437278747558594 0.0459213256835937 0.0316658020019531
-0.109390258789063 -0.0284957885742187 -0.061859130859375 -0.00639343261718749
-0.120185852050781 -0.100456237792969 -0.0849227905273438 -0.0792388916015625
0.108390808105469 -0.0078582763671875 0.121604919433594 0.0830841064453125
0.0943756103515625 -0.0929412841796875 0.08831787109375 0.00710296630859374
-0.0201644897460937 -0.113059997558594 -0.0193519592285156 -0.0378761291503906
-0.0875625610351562 -0.052459716796875 -0.08270263671875 0.0252914428710937
-0.0841598510742188 0.0069732666015625 -0.0533828735351563 0.0891876220703125
-0.0684814453125 0.0564079284667969 0.00717163085937499 0.14117431640625
-0.0344352722167969 0.0702705383300781 0.0741653442382812 0.139617919921875
-0.0396614074707031 0.0546455383300781 0.100135803222656 0.1214599609375
-0.0559425354003906 0.0494499206542969 0.0851058959960938 0.1207275390625
-0.0641899108886719 0.015716552734375 0.0352630615234375 0.126304626464844
-0.0450706481933594 -0.0283660888671875 -0.000450134277343757 0.0999984741210938
-0.011260986328125 -0.0476722717285156 -0.0176124572753906 0.0650291442871094
0.0468711853027344 -0.0310859680175781 0.00230407714843751 0.0654830932617188
0.0836181640625 0.0228729248046875 0.0439605712890625 0.15240478515625
0.0619659423828125 0.0652694702148438 -0.0618133544921875 0.252670288085938
0.0861968994140625 -0.0932159423828125 0.140838623046875 0.0778961181640625
0.0545654296875 -0.154800415039063 0.0981597900390625 0.00543212890624999
-0.066375732421875 -0.144180297851562 0.00337028503417968 -0.0316410064697266
-0.140457153320313 -0.0497512817382812 -0.050445556640625 0.0203514099121094
-0.120941162109375 0.038238525390625 -0.0252456665039063 0.0642890930175781
-0.0770950317382812 0.112281799316406 0.0221481323242187 0.107025146484375
-0.0171737670898437 0.121620178222656 0.0767898559570313 0.100997924804688
-0.021881103515625 0.102378845214844 0.102081298828125 0.0831222534179687
-0.0360107421875 0.105415344238281 0.0941238403320313 0.0863494873046875
-0.0614013671875 0.0786590576171875 0.0586395263671875 0.103378295898438
-0.0741958618164063 0.0245132446289063 0.029144287109375 0.08740234375
-0.0674476623535156 -0.0147628784179688 0.012939453125 0.0718994140625
-0.0211982727050781 -0.0522193908691406 0.0286331176757812 0.091796875
0.0267868041992187 -0.0492820739746094 0.053466796875 0.173385620117188
0.0279903411865234 -0.0272312164306641 -0.04937744140625 0.26812744140625
0.048797607421875 -0.166000366210938 0.1551513671875 0.0525054931640625
0.00308227539062499 -0.195770263671875 0.101387023925781 -0.00506591796875001
-0.108184814453125 -0.153762817382812 0.0221519470214844 -0.0242023468017578
-0.175582885742188 -0.0381622314453125 -0.0131139755249024 0.0162334442138672
-0.141036987304688 0.0644989013671875 0.00876617431640624 0.0339717864990234
-0.07470703125 0.151107788085937 0.0368766784667969 0.0590934753417969
0.00236511230468751 0.155624389648438 0.0691719055175781 0.0475006103515625
-0.001556396484375 0.135505676269531 0.0881271362304687 0.0328216552734375
-0.010589599609375 0.147430419921875 0.08892822265625 0.0384063720703125
-0.0498809814453125 0.133216857910156 0.0719070434570312 0.0640792846679688
-0.0953140258789063 0.0772552490234375 0.0551376342773437 0.0586395263671875
-0.116775512695313 0.0226669311523437 0.0449943542480469 0.0674667358398437
-0.0910415649414063 -0.0679931640625 0.0560302734375 0.107681274414063
-0.0341949462890625 -0.116958618164062 0.0547027587890625 0.1768798828125
-0.0114898681640625 -0.116470336914063 -0.04254150390625 0.253021240234375
-0.00273132324218751 -0.21649169921875 0.157363891601563 0.00949096679687499
-0.05877685546875 -0.210968017578125 0.0917587280273438 -0.0212478637695313
-0.144668579101562 -0.136215209960938 0.0360183715820312 -0.013916015625
-0.18914794921875 -0.011260986328125 0.0255260467529297 0.0107421875
-0.138427734375 0.0873794555664063 0.0414161682128906 -0.000617980957031245
-0.058013916015625 0.169876098632813 0.0474967956542969 0.00302886962890626
0.023345947265625 0.1649169921875 0.0516853332519531 -0.0126838684082031
0.0189361572265625 0.148788452148437 0.0602493286132813 -0.0231895446777344
0.01470947265625 0.167633056640625 0.0679817199707031 -0.0167694091796875
-0.0315093994140625 0.166168212890625 0.0735092163085938 0.00981903076171876
-0.101699829101562 0.117561340332031 0.0738677978515625 0.0153884887695313
-0.148971557617188 0.0572509765625 0.0737533569335937 0.0478363037109375
-0.145660400390625 -0.0725250244140625 0.0786056518554687 0.107093811035156
-0.0897064208984375 -0.164505004882813 0.0462493896484375 0.15753173828125
-0.0513763427734375 -0.184112548828125 -0.041015625 0.206283569335938
-0.0560302734375 -0.238601684570312 0.141998291015625 -0.042327880859375
-0.117950439453125 -0.197280883789063 0.0689048767089844 -0.0383262634277344
-0.170089721679687 -0.0971221923828125 0.0419273376464844 -0.00524520874023438
-0.179168701171875 0.0242462158203125 0.0581169128417969 0.00217437744140625
-0.1126708984375 0.103240966796875 0.0658035278320312 -0.0355911254882812
-0.028411865234375 0.165908813476562 0.0489616394042969 -0.0522079467773437
0.0424041748046875 0.149887084960938 0.0251197814941406 -0.0687904357910156
0.0360641479492188 0.139167785644531 0.02276611328125 -0.075225830078125
0.0368804931640625 0.161041259765625 0.036163330078125 -0.0717544555664062
-0.0087890625 0.168319702148438 0.0638313293457031 -0.0498123168945312
-0.088714599609375 0.133529663085938 0.081939697265625 -0.0341033935546875
-0.150741577148438 0.0798797607421875 0.0943145751953125 0.0193557739257813
-0.169891357421875 -0.061309814453125 0.09173583984375 0.0912322998046875
-0.126296997070312 -0.177658081054688 0.02716064453125 0.118995666503906
-0.0855560302734375 -0.216094970703125 -0.0447998046875 0.135665893554688
-0.0963897705078125 -0.229110717773437 0.111312866210937 -0.0995407104492188
-0.1561279296875 -0.163131713867188 0.0368919372558594 -0.0567779541015625
-0.172744750976563 -0.048614501953125 0.0384864807128906 -0.000907897949218753
-0.14630126953125 0.05718994140625 0.0755767822265625 -0.0113677978515625
-0.0719757080078125 0.107650756835937 0.07275390625 -0.0660629272460938
0.00600433349609375 0.140304565429688 0.0366973876953125 -0.0972976684570312
0.0560989379882813 0.113739013671875 -0.00772094726562499 -0.112419128417969
0.0473556518554688 0.108062744140625 -0.0189743041992187 -0.115531921386719
0.04986572265625 0.126747131347656 -0.000183105468749994 -0.115898132324219
0.0142593383789063 0.136795043945312 0.0476303100585938 -0.102203369140625
-0.0575485229492188 0.119918823242188 0.0800628662109375 -0.077117919921875
-0.117584228515625 0.0843658447265625 0.101699829101562 -0.00900268554687499
-0.154342651367188 -0.0353240966796875 0.0888824462890625 0.0671768188476563
-0.1383056640625 -0.151123046875 -0.000343322753906258 0.0722503662109375
-0.109512329101563 -0.20635986328125 -0.0531425476074219 0.0575904846191406
-0.115798950195312 -0.189651489257813 0.0765380859375 -0.154571533203125
-0.160018920898437 -0.115386962890625 0.00287628173828124 -0.0779190063476563
-0.150039672851562 -0.00740051269531252 0.0257377624511719 -0.00578689575195313
-0.0990219116210938 0.0744171142578125 0.0753173828125 -0.02899169921875
-0.02777099609375 0.0952682495117188 0.061126708984375 -0.0890884399414062
0.0353622436523438 0.0975494384765625 0.0137863159179688 -0.125923156738281
0.0606727600097656 0.0629844665527344 -0.042724609375 -0.137031555175781
0.0513572692871094 0.0614471435546875 -0.0564498901367187 -0.137954711914063
0.0531539916992188 0.0718231201171875 -0.031768798828125 -0.14251708984375
0.036285400390625 0.0800857543945313 0.0301589965820312 -0.135597229003906
-0.0131378173828125 0.0830841064453125 0.0724258422851563 -0.100967407226563
-0.0584335327148437 0.0753173828125 0.0977554321289062 -0.0259323120117187
-0.1097412109375 0.00382232666015627 0.0728225708007812 0.0454254150390625
-0.129806518554688 -0.0924453735351563 -0.0292472839355469 0.0296134948730469
-0.123977661132813 -0.158660888671875 -0.0659751892089844 -0.0130043029785156
-0.111160278320312 -0.124519348144531 0.0438690185546875 -0.203369140625
-0.129402160644531 -0.0598907470703125 -0.0240097045898438 -0.104667663574219
-0.103744506835938 0.02215576171875 0.00691986083984374 -0.0203075408935547
-0.0451812744140625 0.0711746215820313 0.0588035583496094 -0.0474166870117187
0.0125236511230469 0.0657196044921875 0.0373382568359375 -0.101509094238281
0.0529594421386719 0.0421028137207031 -0.0156631469726562 -0.136474609375
0.05499267578125 0.00433731079101563 -0.073760986328125 -0.140777587890625
0.0456504821777344 0.005157470703125 -0.0853805541992187 -0.138595581054688
0.0486831665039063 0.00575637817382813 -0.0553436279296875 -0.14715576171875
0.0551490783691406 0.0115280151367188 0.0153961181640625 -0.145584106445313
0.038360595703125 0.0376167297363281 0.0613861083984375 -0.103919982910156
0.0108985900878906 0.0617904663085938 0.0860214233398437 -0.0296554565429687
-0.0540847778320313 0.0507011413574219 0.0491065979003906 0.0303802490234375
-0.110626220703125 -0.0144119262695313 -0.0560455322265625 -0.000713348388671868
-0.127388000488281 -0.0860824584960938 -0.0813217163085938 -0.0650558471679687
0.117881774902344 -0.0181198120117188 0.118507385253906 0.0700836181640625
0.0920867919921875 -0.108566284179687 0.0843353271484375 -0.00177001953125001
-0.0315399169921875 -0.118927001953125 -0.0232124328613281 -0.0404434204101563
-0.0984573364257813 -0.0485382080078125 -0.08477783203125 0.0264129638671875
-0.089752197265625 0.0151519775390625 -0.0543441772460938 0.0895843505859375
-0.0676002502441406 0.06854248046875 0.00675964355468749 0.142013549804688
-0.0302352905273438 0.0804443359375 0.073944091796875 0.138763427734375
-0.0373039245605469 0.0645103454589844 0.100143432617187 0.117645263671875
-0.0543975830078125 0.062042236328125 0.0851287841796875 0.116600036621094
-0.0698814392089844 0.0247650146484375 0.0374069213867188 0.123809814453125
-0.0550804138183594 -0.0270767211914063 0.00391387939453124 0.100135803222656
-0.0197181701660156 -0.0537567138671875 -0.0137290954589844 0.0680770874023438
0.0499000549316406 -0.0435256958007813 0.0015869140625 0.0723419189453125
0.0960617065429688 0.0109405517578125 0.0391082763671875 0.156143188476563
0.077392578125 0.060394287109375 -0.06903076171875 0.255706787109375
0.0967178344726563 -0.100967407226563 0.1414794921875 0.0633697509765625
0.0537872314453125 -0.169097900390625 0.0956954956054688 -0.00524139404296876
-0.075897216796875 -0.150894165039063 0.00106811523437499 -0.0361747741699219
-0.150604248046875 -0.0469207763671875 -0.0513229370117188 0.0185813903808594
-0.127555847167969 0.0449600219726563 -0.0262184143066406 0.0614891052246094
-0.0766525268554688 0.122833251953125 0.0207290649414063 0.104927062988281
-0.013916015625 0.130195617675781 0.074066162109375 0.0967330932617188
-0.0202178955078125 0.110984802246094 0.0996017456054687 0.077117919921875
-0.0358200073242187 0.115707397460937 0.0933761596679688 0.0791473388671875
-0.0661697387695313 0.0865097045898438 0.0614242553710937 0.0971221923828125
-0.0828933715820313 0.024810791015625 0.0350112915039062 0.0846099853515625
-0.0735244750976562 -0.0202407836914063 0.019256591796875 0.0735702514648438
-0.0176582336425781 -0.0632057189941406 0.031890869140625 0.0974502563476563
0.0393028259277344 -0.0588798522949219 0.053436279296875 0.177688598632813
0.0434799194335938 -0.0301971435546875 -0.0518646240234375 0.271865844726562
0.0585479736328125 -0.169906616210938 0.15911865234375 0.0358123779296875
0.00482177734374999 -0.206588745117188 0.100212097167969 -0.0171737670898438
-0.114166259765625 -0.16033935546875 0.0213451385498047 -0.0301475524902344
-0.184158325195313 -0.037017822265625 -0.0127239227294922 0.0115461349487305
-0.14678955078125 0.0687408447265625 0.00838279724121093 0.0276641845703125
-0.07574462890625 0.159454345703125 0.0340461730957031 0.0533027648925781
0.004638671875 0.161468505859375 0.0644302368164063 0.0403633117675781
-0.000137329101562488 0.141647338867188 0.0833816528320312 0.024139404296875
-0.0103912353515625 0.154708862304688 0.086700439453125 0.0287628173828125
-0.05303955078125 0.138336181640625 0.0755767822265625 0.0544281005859375
-0.101058959960937 0.0775222778320313 0.0624237060546875 0.0525856018066406
-0.12164306640625 0.0187835693359375 0.0541343688964844 0.0664939880371094
-0.087371826171875 -0.0766677856445313 0.0619964599609375 0.111412048339844
-0.0246658325195313 -0.123825073242188 0.0578765869140625 0.179901123046875
0.000854492187499997 -0.116767883300781 -0.0398406982421875 0.257400512695313
0.00524902343750001 -0.216049194335938 0.165374755859375 -0.00625610351562501
-0.0552978515625 -0.2154541015625 0.0946426391601563 -0.0337142944335938
-0.146774291992187 -0.141494750976563 0.0361557006835937 -0.0218887329101563
-0.193252563476563 -0.012115478515625 0.0269718170166016 0.00436019897460938
-0.142486572265625 0.0888214111328125 0.0418510437011719 -0.00909042358398437
-0.05950927734375 0.173538208007813 0.0441741943359375 -0.00557708740234374
0.02337646484375 0.167266845703125 0.045562744140625 -0.0211372375488281
0.019378662109375 0.150955200195313 0.0541419982910156 -0.0326576232910156
0.015625 0.17047119140625 0.0645675659179687 -0.027801513671875
-0.0324249267578125 0.1678466796875 0.0759658813476563 -0.00170898437499999
-0.104248046875 0.117446899414063 0.0804519653320313 0.00686645507812501
-0.15087890625 0.0552520751953125 0.0839462280273437 0.0443954467773437
-0.142837524414062 -0.07806396484375 0.0874862670898438 0.108169555664063
-0.08306884765625 -0.167587280273438 0.0529022216796875 0.16015625
-0.0431976318359375 -0.18170166015625 -0.0347442626953125 0.210556030273438
-0.0522308349609375 -0.233291625976563 0.153549194335937 -0.0571746826171875
-0.114578247070313 -0.195175170898437 0.0746612548828125 -0.0501861572265625
-0.167861938476563 -0.0980682373046875 0.0429039001464844 -0.0131797790527344
-0.177841186523438 0.0237884521484375 0.0602607727050781 -0.00549697875976562
-0.113357543945312 0.1009521484375 0.0665092468261719 -0.0450668334960937
-0.029449462890625 0.164230346679688 0.0452003479003906 -0.0620765686035156
0.0410308837890625 0.147216796875 0.0191574096679688 -0.0776290893554687
0.035614013671875 0.137901306152344 0.0160675048828125 -0.0838394165039062
0.0373992919921875 0.159149169921875 0.0312271118164063 -0.0819473266601563
-0.00799560546875002 0.166061401367188 0.0646896362304688 -0.0618667602539062
-0.0877761840820313 0.131599426269531 0.087005615234375 -0.04364013671875
-0.148681640625 0.078460693359375 0.102668762207031 0.01348876953125
-0.1663818359375 -0.0636138916015625 0.100135803222656 0.0893020629882813
-0.123931884765625 -0.176437377929687 0.0353012084960937 0.120529174804687
-0.08197021484375 -0.209579467773438 -0.036285400390625 0.141036987304688
-0.0992584228515625 -0.220870971679688 0.126182556152344 -0.110748291015625
-0.155029296875 -0.154571533203125 0.0453109741210937 -0.0654106140136719
-0.168487548828125 -0.0448455810546875 0.041290283203125 -0.00902938842773438
-0.139884948730469 0.0581588745117187 0.0779190063476562 -0.0189590454101562
-0.0684890747070312 0.103736877441406 0.0736923217773438 -0.0748825073242188
0.00694274902343751 0.134147644042969 0.034088134765625 -0.106498718261719
0.0542755126953125 0.106895446777344 -0.0126724243164063 -0.119148254394531
0.0467376708984375 0.103721618652344 -0.0248947143554687 -0.121665954589844
0.04913330078125 0.121902465820313 -0.00453948974609374 -0.124000549316406
0.0149765014648438 0.130218505859375 0.0469894409179688 -0.112289428710938
-0.05413818359375 0.115798950195313 0.0831832885742188 -0.0857391357421875
-0.111297607421875 0.0826568603515625 0.108451843261719 -0.0147171020507812
-0.1492919921875 -0.0332183837890625 0.0966644287109375 0.063995361328125
-0.137527465820313 -0.14422607421875 0.00761413574218749 0.0732879638671875
-0.110244750976562 -0.195480346679688 -0.0450172424316406 0.0642890930175781
-0.123977661132813 -0.18035888671875 0.090606689453125 -0.161972045898438
-0.16265869140625 -0.103424072265625 0.0129547119140625 -0.0845489501953125
-0.146881103515625 0.00149536132812502 0.0292854309082031 -0.0126266479492187
-0.0904083251953125 0.0780258178710938 0.0767059326171875 -0.0351715087890625
-0.0201339721679687 0.0907516479492188 0.0614471435546875 -0.0948486328125
0.0377273559570312 0.0882110595703125 0.0111923217773438 -0.132095336914063
0.0584831237792969 0.0531425476074219 -0.0460891723632812 -0.14007568359375
0.0489540100097656 0.0538444519042969 -0.061279296875 -0.14105224609375
0.0508499145507813 0.0633621215820313 -0.035888671875 -0.147384643554687
0.0365066528320313 0.0693855285644531 0.02886962890625 -0.143539428710938
-0.00724029541015626 0.0758743286132813 0.0743331909179688 -0.107429504394531
-0.049774169921875 0.0722427368164063 0.102630615234375 -0.0308074951171875
-0.101737976074219 0.00823211669921874 0.0789108276367187 0.0422744750976562
-0.129196166992188 -0.0808639526367187 -0.0230140686035156 0.0318336486816406
-0.127426147460938 -0.1451416015625 -0.0588188171386719 -0.00360488891601563
-0.123863220214844 -0.117141723632813 0.056427001953125 -0.207534790039062
-0.136520385742188 -0.0474624633789062 -0.01470947265625 -0.1085205078125
-0.103485107421875 0.0331039428710937 0.00871086120605468 -0.0264739990234375
-0.03668212890625 0.0775146484375 0.0574493408203125 -0.052490234375
0.0212631225585938 0.0635490417480469 0.0353927612304688 -0.103836059570313
0.0571517944335938 0.0325546264648438 -0.0180511474609375 -0.138389587402344
0.0522079467773438 -0.00634002685546875 -0.0749359130859375 -0.14019775390625
0.0440292358398438 -0.00286102294921875 -0.0880355834960938 -0.138847351074219
0.0456275939941406 -0.00482940673828125 -0.056854248046875 -0.148468017578125
0.0550727844238281 -0.000400543212890625 0.0142364501953125 -0.149932861328125
0.044891357421875 0.0287399291992188 0.0627059936523438 -0.107208251953125
0.021514892578125 0.0578880310058594 0.0883026123046875 -0.0324935913085937
-0.0446395874023437 0.0574111938476563 0.0530967712402344 0.0289840698242188
-0.110679626464844 0.000595092773437509 -0.0498809814453125 0.0047760009765625
-0.134086608886719 -0.0712661743164062 -0.0756759643554688 -0.05303955078125
0.125808715820313 -0.0337448120117188 0.113502502441406 0.0578384399414063
0.0838546752929688 -0.12762451171875 0.077972412109375 -0.0104446411132813
-0.046905517578125 -0.122268676757813 -0.0282020568847656 -0.0411224365234375
-0.110000610351563 -0.0393829345703125 -0.088043212890625 0.0291213989257812
-0.0937423706054688 0.026824951171875 -0.0545425415039063 0.0926437377929687
-0.062591552734375 0.0824356079101562 0.00875854492187501 0.145309448242188
-0.0221633911132813 0.0901565551757813 0.0761260986328125 0.138687133789063
-0.030975341796875 0.0746994018554688 0.101844787597656 0.115867614746094
-0.0493698120117187 0.0764007568359375 0.0872116088867187 0.112808227539062
-0.073455810546875 0.0380096435546875 0.0409088134765625 0.121826171875
-0.0667991638183594 -0.0216293334960938 0.00931549072265625 0.0999374389648437
-0.0309333801269531 -0.0576095581054688 -0.008544921875 0.0708770751953125
0.0484848022460937 -0.0581130981445313 0.00384521484375 0.0790863037109375
0.105865478515625 -0.0066680908203125 0.0386962890625 0.162612915039063
0.0927963256835938 0.0503387451171875 -0.0721282958984375 0.263961791992188
0.104560852050781 -0.115425109863281 0.138534545898438 0.0461502075195312
0.047454833984375 -0.186965942382813 0.0901336669921875 -0.0165023803710938
-0.090087890625 -0.15582275390625 -0.00384140014648438 -0.0409126281738281
-0.162979125976563 -0.039215087890625 -0.0540695190429688 0.0174713134765625
-0.132049560546875 0.0565109252929688 -0.0276069641113281 0.0590972900390625
-0.0724258422851562 0.137825012207031 0.0198440551757812 0.103866577148438
-0.00592803955078126 0.140045166015625 0.0723953247070313 0.0931854248046875
-0.0143051147460937 0.120506286621094 0.09735107421875 0.0709686279296875
-0.03057861328125 0.129005432128906 0.0924606323242188 0.0715866088867188
-0.068084716796875 0.0987319946289062 0.0646820068359375 0.09033203125
-0.0927658081054688 0.0300064086914062 0.0418548583984375 0.0802001953125
-0.0836944580078125 -0.023345947265625 0.0282516479492188 0.0729598999023438
-0.0179595947265625 -0.0765457153320313 0.0384140014648438 0.102691650390625
0.048248291015625 -0.07470703125 0.0568084716796875 0.182464599609375
0.0582466125488281 -0.0376510620117188 -0.04931640625 0.279693603515625
0.065338134765625 -0.1798095703125 0.160720825195313 0.0152435302734375
0.000137329101562503 -0.220840454101562 0.0959396362304688 -0.0306243896484375
-0.125534057617188 -0.165908813476562 0.0172119140625 -0.0359153747558594
-0.194534301757813 -0.03192138671875 -0.014439582824707 0.00722694396972656
-0.15277099609375 0.0777587890625 0.0062427520751953 0.0209007263183594
-0.0722808837890625 0.17132568359375 0.0309791564941406 0.0479698181152344
0.0103302001953125 0.169326782226563 0.058837890625 0.0338859558105469
0.00466918945312501 0.149124145507813 0.076904296875 0.0159378051757813
-0.00469970703124998 0.16424560546875 0.0818252563476563 0.0186386108398438
-0.052947998046875 0.1468505859375 0.07696533203125 0.0428848266601563
-0.107284545898438 0.0825042724609375 0.0691375732421875 0.0440521240234375
-0.128395080566406 0.0173568725585938 0.0643692016601562 0.0628890991210938
-0.0885086059570312 -0.0870513916015625 0.0729446411132812 0.114013671875
-0.0186920166015625 -0.135841369628906 0.0653076171875 0.183853149414063
0.0119705200195312 -0.121673583984375 -0.03338623046875 0.264373779296875
0.00930786132812499 -0.219955444335938 0.170318603515625 -0.0288238525390625
-0.0567779541015625 -0.222808837890625 0.0924758911132813 -0.0484619140625
-0.153472900390625 -0.144882202148438 0.0333175659179687 -0.0311260223388672
-0.199813842773438 -0.00950622558593746 0.0261917114257812 -0.00334358215332031
-0.146820068359375 0.0940093994140625 0.039886474609375 -0.0185546875
-0.0572662353515625 0.181289672851562 0.0384063720703125 -0.0142364501953125
0.0272064208984375 0.1708984375 0.0376815795898438 -0.0293960571289062
0.023529052734375 0.154739379882812 0.0456199645996094 -0.0408401489257812
0.0200653076171875 0.175506591796875 0.0575752258300781 -0.0390701293945312
-0.030426025390625 0.17218017578125 0.0753097534179687 -0.0156707763671875
-0.106842041015625 0.121223449707031 0.0861358642578125 -0.00563812255859374
-0.154144287109375 0.0551300048828125 0.0951614379882812 0.0370941162109375
-0.144683837890625 -0.0838470458984375 0.0996322631835937 0.107124328613281
-0.0804901123046875 -0.174850463867188 0.0633697509765625 0.161270141601563
-0.0365142822265625 -0.1837158203125 -0.024688720703125 0.216705322265625
-0.0513916015625 -0.230712890625 0.16217041015625 -0.07891845703125
-0.114593505859375 -0.1949462890625 0.0763626098632812 -0.065155029296875
-0.168563842773437 -0.098663330078125 0.0416107177734375 -0.0231819152832031
-0.178848266601563 0.0247955322265625 0.0606002807617187 -0.0145263671875
-0.114654541015625 0.101943969726562 0.0644760131835937 -0.0557708740234375
-0.02935791015625 0.165435791015625 0.0386962890625 -0.071624755859375
0.0409698486328125 0.14715576171875 0.00946807861328125 -0.08526611328125
0.0373153686523438 0.1387939453125 0.0047607421875 -0.0925521850585937
0.0387420654296875 0.159149169921875 0.0225067138671875 -0.0917892456054687
-0.00628662109374999 0.164718627929688 0.06158447265625 -0.0753402709960937
-0.0861892700195312 0.132492065429688 0.0894546508789063 -0.0573654174804687
-0.147445678710938 0.0781707763671875 0.112472534179688 0.00331115722656251
-0.166015625 -0.063385009765625 0.111434936523438 0.0842514038085938
-0.123367309570312 -0.17608642578125 0.0461196899414062 0.119422912597656
-0.078857421875 -0.20574951171875 -0.0241546630859375 0.146041870117188
-0.102279663085938 -0.212432861328125 0.136665344238281 -0.12945556640625
-0.155105590820312 -0.145919799804688 0.0502471923828125 -0.0790023803710938
-0.166259765625 -0.04010009765625 0.0423088073730469 -0.0192718505859375
-0.1351318359375 0.059844970703125 0.0792922973632813 -0.0282058715820313
-0.0656661987304688 0.101188659667969 0.0717697143554688 -0.08648681640625
0.00804138183593751 0.129676818847656 0.0275802612304688 -0.1165771484375
0.0510711669921875 0.102310180664062 -0.0228271484375 -0.125091552734375
0.0454788208007812 0.0995864868164063 -0.0360870361328125 -0.127723693847656
0.04864501953125 0.116363525390625 -0.0145111083984375 -0.132278442382813
0.015411376953125 0.124404907226563 0.0428009033203125 -0.12518310546875
-0.0508651733398438 0.113151550292969 0.0832901000976563 -0.097412109375
-0.106536865234375 0.0820693969726563 0.114913940429687 -0.025970458984375
-0.145431518554688 -0.0312652587890625 0.105964660644531 0.05743408203125
-0.137596130371094 -0.137847900390625 0.0178298950195312 0.07135009765625
-0.110931396484375 -0.185928344726563 -0.033416748046875 0.0704193115234375
-0.1331787109375 -0.168716430664062 0.101272583007812 -0.176422119140625
-0.166229248046875 -0.088897705078125 0.0206069946289062 -0.0960617065429688
-0.142410278320313 0.010986328125 0.0305328369140625 -0.0218105316162109
-0.0809097290039063 0.0807266235351562 0.0766830444335938 -0.0418853759765625
-0.0128707885742188 0.08685302734375 0.0592803955078125 -0.103622436523438
0.0382537841796875 0.079193115234375 0.00550842285156251 -0.13818359375
0.0532913208007813 0.0446662902832031 -0.053375244140625 -0.144760131835938
0.0465431213378906 0.0472908020019531 -0.07000732421875 -0.143508911132812
0.0477027893066406 0.0554542541503906 -0.043182373046875 -0.152679443359375
0.03466796875 0.0596504211425781 0.0235595703125 -0.1529541015625
-0.00248336791992187 0.0678024291992188 0.0723648071289063 -0.116706848144531
-0.04071044921875 0.0679168701171875 0.107566833496094 -0.0392990112304687
-0.093597412109375 0.011962890625 0.0857696533203125 0.0363006591796875
-0.127685546875 -0.0680694580078125 -0.0145053863525391 0.0332698822021484
-0.129631042480469 -0.130241394042969 -0.0480422973632813 0.00393676757812499
-0.136444091796875 -0.104629516601562 0.0641632080078125 -0.21856689453125
-0.1422119140625 -0.03106689453125 -0.00861358642578126 -0.117744445800781
-0.100234985351563 0.0464324951171875 0.00889587402343749 -0.0342063903808594
-0.0254287719726563 0.0821380615234375 0.0568046569824219 -0.0582923889160156
0.0308799743652344 0.0587692260742188 0.03216552734375 -0.107666015625
0.0598640441894531 0.0212249755859375 -0.022918701171875 -0.140731811523438
0.045684814453125 -0.0173416137695312 -0.079071044921875 -0.141387939453125
0.0398445129394531 -0.0122795104980469 -0.0934295654296875 -0.13775634765625
0.0399436950683594 -0.0137405395507813 -0.0619659423828125 -0.150955200195313
0.0517044067382813 -0.0140266418457031 0.010528564453125 -0.156448364257813
0.0495147705078125 0.0165061950683594 0.0623092651367188 -0.113533020019531
0.0321388244628906 0.0510444641113281 0.0923385620117188 -0.038330078125
-0.0327491760253906 0.0626182556152344 0.0582275390625 0.0261116027832031
-0.106857299804688 0.0167770385742188 -0.0414047241210938 0.00807571411132812
-0.138175964355469 -0.0528335571289062 -0.0672035217285156 -0.041656494140625
0.1268310546875 -0.0534591674804688 0.104606628417969 0.0432510375976563
0.066314697265625 -0.14288330078125 0.0679130554199219 -0.0161895751953125
-0.0642318725585937 -0.119132995605469 -0.0340538024902344 -0.040863037109375
-0.119194030761719 -0.025970458984375 -0.0896682739257813 0.0350875854492187
-0.09368896484375 0.04071044921875 -0.0535888671875 0.0951919555664063
-0.0524139404296875 0.09576416015625 0.0153350830078125 0.146331787109375
-0.00997161865234376 0.0978164672851563 0.0798797607421875 0.137153625488281
-0.0216064453125 0.0836029052734375 0.102729797363281 0.108810424804688
-0.0382003784179687 0.0888824462890625 0.0892715454101563 0.108833312988281
-0.0723114013671875 0.052337646484375 0.0444869995117188 0.117019653320312
-0.0767669677734375 -0.0124435424804687 0.0155258178710937 0.09808349609375
-0.0430145263671875 -0.0577354431152344 -0.00117492675781249 0.0718612670898438
0.0399169921875 -0.0721054077148438 0.00878143310546875 0.0860748291015625
0.109878540039063 -0.028839111328125 0.0411529541015625 0.167877197265625
0.105873107910156 0.0325469970703125 -0.069244384765625 0.271743774414063
0.105743408203125 -0.13031005859375 0.129463195800781 0.0274581909179687
0.0321502685546875 -0.20184326171875 0.0805587768554688 -0.02587890625
-0.107711791992188 -0.152816772460938 -0.00966262817382813 -0.0425796508789063
-0.172164916992187 -0.026458740234375 -0.0563201904296875 0.0171623229980469
-0.133407592773438 0.070465087890625 -0.0284271240234375 0.0571365356445312
-0.061553955078125 0.149566650390625 0.0205078125 0.101844787597656
0.00689697265625001 0.145462036132813 0.0704116821289063 0.0886688232421875
-0.00356292724609376 0.127784729003906 0.092498779296875 0.063873291015625
-0.0192718505859375 0.138969421386719 0.088836669921875 0.0637359619140625
-0.064666748046875 0.109420776367188 0.0653152465820312 0.0800094604492187
-0.100112915039063 0.0393600463867188 0.0472640991210938 0.0721893310546875
-0.0931854248046875 -0.0220489501953125 0.0364990234375 0.0694351196289063
-0.0248947143554688 -0.0876922607421875 0.0482940673828125 0.105148315429688
0.04986572265625 -0.0932693481445313 0.063446044921875 0.185379028320313
0.0683326721191406 -0.0507049560546875 -0.041168212890625 0.28515625
0.0657196044921875 -0.191299438476563 0.153594970703125 -0.00703430175781251
-0.0115509033203125 -0.2313232421875 0.0864639282226563 -0.043060302734375
-0.138748168945312 -0.165756225585938 0.0111961364746094 -0.0407333374023438
-0.202789306640625 -0.0203399658203125 -0.0174570083618164 0.00355339050292969
-0.153427124023437 0.0898590087890625 0.00242042541503905 0.0157003402709961
-0.062744140625 0.182525634765625 0.0261306762695312 0.0442161560058594
0.0209197998046875 0.173507690429688 0.0502815246582031 0.0285263061523438
0.0127105712890625 0.154434204101562 0.0677146911621094 0.00883865356445313
0.00500488281249999 0.169906616210938 0.0750656127929687 0.00938415527343751
-0.0489044189453125 0.154190063476563 0.0740890502929688 0.0302047729492188
-0.110824584960938 0.0898513793945313 0.0727767944335938 0.0312957763671875
-0.134475708007813 0.01824951171875 0.0735855102539062 0.0546646118164063
-0.0927581787109375 -0.0946197509765625 0.0842056274414062 0.111465454101562
-0.016754150390625 -0.14813232421875 0.0768585205078125 0.183456420898437
0.0193939208984375 -0.131187438964844 -0.020050048828125 0.26708984375
0.0121307373046875 -0.224380493164062 0.166946411132813 -0.053741455078125
-0.0646514892578125 -0.228347778320312 0.0853958129882813 -0.0641098022460938
-0.16107177734375 -0.14508056640625 0.0280189514160156 -0.0393486022949219
-0.205276489257813 -0.00195312500000004 0.0223064422607422 -0.0108146667480469
-0.148193359375 0.100814819335938 0.0329723358154297 -0.0294342041015625
-0.0517578125 0.1876220703125 0.0310840606689453 -0.0205974578857422
0.03411865234375 0.173721313476563 0.024200439453125 -0.0343818664550781
0.0290374755859375 0.157440185546875 0.0313453674316406 -0.0471839904785156
0.02587890625 0.178573608398438 0.0453338623046875 -0.04669189453125
-0.0259552001953125 0.177841186523438 0.068267822265625 -0.0286407470703125
-0.106407165527344 0.125495910644531 0.0862045288085938 -0.0200424194335937
-0.1561279296875 0.0583953857421875 0.101295471191406 0.0239410400390625
-0.146316528320312 -0.08734130859375 0.112342834472656 0.100852966308594
-0.08135986328125 -0.179031372070313 0.0757293701171875 0.157623291015625
-0.03082275390625 -0.184661865234375 -0.00869750976562501 0.2166748046875
-0.04937744140625 -0.227493286132813 0.161865234375 -0.10333251953125
-0.114974975585937 -0.19189453125 0.0719528198242187 -0.0830917358398438
-0.169342041015625 -0.0975189208984375 0.0385360717773437 -0.0327949523925781
-0.176788330078125 0.0279541015625 0.0579032897949219 -0.0251922607421875
-0.114555358886719 0.103324890136719 0.0570602416992187 -0.0672378540039063
-0.0264129638671875 0.165817260742188 0.0283889770507813 -0.081146240234375
0.044158935546875 0.147064208984375 -0.00334930419921875 -0.0895919799804687
0.0392608642578125 0.13623046875 -0.00929260253906251 -0.095062255859375
0.042022705078125 0.157669067382813 0.008758544921875 -0.0996246337890625
-0.00254821777343748 0.164169311523438 0.0510025024414063 -0.0892791748046875
-0.0841598510742188 0.132415771484375 0.0855636596679688 -0.0723495483398437
-0.143997192382813 0.081756591796875 0.118072509765625 -0.0104827880859375
-0.165191650390625 -0.063232421875 0.120491027832031 0.0733413696289063
-0.125518798828125 -0.175201416015625 0.0586166381835938 0.113815307617187
-0.076263427734375 -0.20135498046875 -0.009521484375 0.145797729492188
-0.105819702148438 -0.202728271484375 0.138458251953125 -0.153488159179687
-0.152236938476563 -0.134918212890625 0.0488357543945312 -0.0948028564453125
-0.16015625 -0.033233642578125 0.0395393371582031 -0.0291328430175781
-0.126922607421875 0.0584030151367187 0.0775909423828125 -0.0374984741210937
-0.0624542236328125 0.098052978515625 0.0646438598632813 -0.0964279174804688
0.00663757324218751 0.12506103515625 0.0154571533203125 -0.122749328613281
0.0482254028320313 0.0973281860351563 -0.0336990356445312 -0.128173828125
0.04522705078125 0.09625244140625 -0.0513534545898438 -0.129081726074219
0.0460357666015625 0.110862731933594 -0.0281219482421875 -0.136131286621094
0.017333984375 0.117439270019531 0.0309524536132812 -0.1356201171875
-0.0456466674804688 0.107795715332031 0.0773696899414063 -0.111198425292969
-0.10089111328125 0.0797576904296875 0.115264892578125 -0.0385055541992187
-0.138740539550781 -0.0279006958007812 0.113395690917969 0.0464859008789063
-0.134246826171875 -0.130119323730469 0.0268783569335937 0.0682182312011719
-0.108154296875 -0.17401123046875 -0.0175628662109375 0.0713272094726563
-0.137039184570313 -0.152908325195313 0.104278564453125 -0.196121215820312
-0.162933349609375 -0.0713043212890625 0.0218276977539062 -0.108047485351562
-0.134132385253906 0.0211105346679687 0.0277271270751953 -0.0312671661376953
-0.0683059692382813 0.0802764892578125 0.0733108520507813 -0.0508346557617188
-0.00839233398437499 0.0806427001953125 0.05340576171875 -0.109519958496094
0.038177490234375 0.0705718994140625 -0.00318908691406251 -0.144683837890625
0.0458602905273437 0.0380096435546875 -0.0637664794921875 -0.14447021484375
0.0403404235839844 0.0408134460449219 -0.08050537109375 -0.142776489257812
0.0419044494628906 0.0492935180664063 -0.0537872314453125 -0.154861450195313
0.0291366577148438 0.0524482727050781 0.0140533447265625 -0.1611328125
-0.00120925903320312 0.0588569641113281 0.0694046020507813 -0.1273193359375
-0.033599853515625 0.0597305297851563 0.106483459472656 -0.04974365234375
-0.0820465087890625 0.0137939453125 0.0890731811523438 0.0290451049804687
-0.120635986328125 -0.0564956665039063 -0.00572776794433595 0.0302658081054687
-0.127525329589844 -0.112625122070313 -0.0353279113769531 0.00951385498046874
-0.144195556640625 -0.0875244140625 0.0667572021484375 -0.229248046875
-0.140571594238281 -0.01214599609375 -0.00438690185546876 -0.127174377441406
-0.091278076171875 0.0598373413085938 0.00602722167968749 -0.0418624877929687
-0.0114898681640625 0.0811920166015625 0.0513992309570313 -0.0631980895996094
0.0389518737792969 0.0513153076171875 0.0251235961914062 -0.109848022460938
0.0566825866699219 0.00936126708984375 -0.030792236328125 -0.143112182617188
0.0374908447265625 -0.0261878967285156 -0.0855941772460938 -0.137428283691406
0.0307655334472656 -0.0176506042480469 -0.100242614746094 -0.135078430175781
0.0300884246826172 -0.0212974548339844 -0.067626953125 -0.150421142578125
0.0431327819824219 -0.0258255004882813 0.00239562988281251 -0.162216186523438
0.0481452941894531 0.002777099609375 0.0575714111328125 -0.120780944824219
0.0404815673828125 0.0403823852539063 0.092987060546875 -0.0446014404296875
-0.0185279846191406 0.0636100769042969 0.0616416931152344 0.0204238891601563
-0.0962371826171875 0.033172607421875 -0.0331058502197266 0.00922966003417969
-0.135704040527344 -0.0307464599609375 -0.0545921325683594 -0.0322494506835938
0.120719909667969 -0.068939208984375 0.08953857421875 0.0363693237304687
0.0481109619140625 -0.149551391601563 0.0558052062988281 -0.0200843811035156
-0.078094482421875 -0.110671997070313 -0.03875732421875 -0.0373458862304688
-0.121505737304688 -0.01129150390625 -0.0872726440429688 0.0378341674804687
-0.0885467529296875 0.052642822265625 -0.0506668090820313 0.0961151123046875
-0.0385513305664062 0.102531433105469 0.01861572265625 0.145828247070312
0.00263977050781251 0.099456787109375 0.0809555053710938 0.133293151855469
-0.00913238525390624 0.0862197875976563 0.10235595703125 0.104461669921875
-0.0258712768554688 0.094024658203125 0.0863037109375 0.102890014648438
-0.0652122497558594 0.0635871887207031 0.0442581176757812 0.111671447753906
-0.0806121826171875 -0.000709533691406239 0.018218994140625 0.0915145874023438
-0.0539093017578125 -0.0528602600097656 0.00450515747070313 0.06915283203125
0.0293350219726563 -0.0817489624023438 0.014923095703125 0.0878829956054687
0.103904724121094 -0.0467758178710938 0.04412841796875 0.169601440429688
0.109947204589844 0.0159149169921875 -0.0659637451171875 0.2769775390625
0.101516723632813 -0.146041870117188 0.115158081054688 0.0151519775390625
0.0148468017578125 -0.207534790039062 0.0667648315429688 -0.0307693481445313
-0.120101928710938 -0.146759033203125 -0.01641845703125 -0.0421905517578125
-0.173995971679688 -0.01165771484375 -0.0578460693359375 0.019317626953125
-0.127838134765625 0.08135986328125 -0.0301361083984375 0.0557823181152344
-0.0475616455078125 0.155502319335937 0.01959228515625 0.100151062011719
0.0171661376953125 0.14697265625 0.0659637451171875 0.0876617431640625
0.00672149658203126 0.129493713378906 0.0861282348632812 0.0601882934570313
-0.00787353515624999 0.143524169921875 0.0821685791015625 0.0583877563476563
-0.0588760375976563 0.118782043457031 0.0612258911132812 0.0722274780273438
-0.103767395019531 0.0484161376953125 0.0486068725585937 0.0623626708984375
-0.101158142089844 -0.019073486328125 0.04254150390625 0.0623016357421875
-0.0324478149414062 -0.0967025756835938 0.05487060546875 0.102973937988281
0.0472412109375 -0.109207153320313 0.069793701171875 0.183456420898438
0.0743637084960938 -0.0659408569335938 -0.033843994140625 0.2850341796875
0.0651092529296875 -0.2005615234375 0.1375732421875 -0.02398681640625
-0.023651123046875 -0.236160278320313 0.0726089477539063 -0.0516433715820313
-0.148468017578125 -0.161056518554687 0.003143310546875 -0.0440864562988281
-0.204971313476563 -0.00959777832031249 -0.0210704803466797 0.00135040283203125
-0.149765014648438 0.0994110107421875 -0.00433444976806642 0.0109491348266602
-0.051483154296875 0.186843872070313 0.020416259765625 0.0408592224121094
0.02899169921875 0.173095703125 0.0420913696289062 0.0282096862792969
0.0220489501953125 0.155014038085938 0.0562324523925781 0.00646972656250001
0.01422119140625 0.173660278320312 0.0633583068847656 0.00431442260742188
-0.0428619384765625 0.1605224609375 0.0664100646972656 0.0204315185546875
-0.112190246582031 0.0957489013671875 0.0710678100585938 0.0203094482421875
-0.139129638671875 0.022308349609375 0.0779800415039062 0.043243408203125
-0.09796142578125 -0.101234436035156 0.0921478271484375 0.104927062988281
-0.01995849609375 -0.15936279296875 0.0839691162109375 0.177764892578125
0.0259475708007813 -0.139289855957031 -0.01092529296875 0.262649536132813
0.0126495361328125 -0.226516723632813 0.151535034179688 -0.07269287109375
-0.06854248046875 -0.229568481445312 0.0720672607421875 -0.0743026733398438
-0.166275024414062 -0.143539428710937 0.0193138122558594 -0.0429573059082031
-0.205673217773438 0.00332641601562501 0.0171852111816406 -0.0160455703735352
-0.1455078125 0.106948852539063 0.0247383117675781 -0.0344944000244141
-0.04376220703125 0.189544677734375 0.0200386047363281 -0.0243778228759766
0.037628173828125 0.17242431640625 0.0124359130859375 -0.0342216491699219
0.033447265625 0.156936645507813 0.0193023681640625 -0.0477218627929687
0.0330963134765625 0.178253173828125 0.0327796936035156 -0.0510940551757812
-0.0222625732421875 0.177352905273437 0.0578689575195313 -0.0394096374511719
-0.105842590332031 0.127128601074219 0.0821380615234375 -0.0311737060546875
-0.155853271484375 0.0594329833984375 0.103614807128906 0.0110626220703125
-0.148468017578125 -0.090301513671875 0.118980407714844 0.0891494750976563
-0.08233642578125 -0.184768676757813 0.0829620361328125 0.14935302734375
-0.0249176025390625 -0.186767578125 0.00251770019531252 0.2108154296875
-0.0463714599609375 -0.222442626953125 0.15081787109375 -0.124038696289063
-0.113784790039062 -0.189987182617188 0.0631027221679687 -0.0933456420898438
-0.167526245117187 -0.0961456298828125 0.0320892333984375 -0.0396766662597656
-0.17535400390625 0.0276947021484375 0.0510826110839844 -0.0315628051757813
-0.113059997558594 0.10400390625 0.0464248657226562 -0.0756607055664063
-0.023681640625 0.165786743164062 0.0157470703125 -0.082763671875
0.0415496826171875 0.143630981445313 -0.0169830322265625 -0.0890731811523437
0.0396347045898437 0.134498596191406 -0.0222549438476562 -0.0944366455078125
0.0432586669921875 0.15460205078125 -0.00408935546874999 -0.100791931152344
-0.00283813476562502 0.160202026367188 0.0391921997070313 -0.0968170166015625
-0.0824508666992188 0.130477905273438 0.0785293579101563 -0.0827865600585937
-0.141708374023438 0.0781402587890625 0.115127563476562 -0.0245590209960937
-0.16082763671875 -0.06439208984375 0.125999450683594 0.0615997314453125
-0.121490478515625 -0.172515869140625 0.0642242431640625 0.10382080078125
-0.0699920654296875 -0.195510864257813 0.00373077392578126 0.140426635742188
-0.0993804931640625 -0.188690185546875 0.13323974609375 -0.169570922851563
-0.145339965820313 -0.12689208984375 0.044097900390625 -0.1080322265625
-0.152206420898438 -0.0337982177734375 0.0345687866210937 -0.0376739501953125
-0.121147155761719 0.055023193359375 0.0703506469726562 -0.0463104248046875
-0.0615463256835938 0.0920944213867187 0.055938720703125 -0.102424621582031
0.004608154296875 0.118362426757813 0.00479125976562501 -0.12548828125
0.0417709350585937 0.0945663452148438 -0.0466232299804687 -0.126937866210938
0.0407257080078125 0.092987060546875 -0.0601654052734375 -0.125450134277344
0.0434799194335938 0.107963562011719 -0.0395278930664063 -0.135383605957031
0.01226806640625 0.112457275390625 0.017608642578125 -0.139968872070313
-0.0470733642578125 0.0997695922851563 0.0689315795898438 -0.119743347167969
-0.0945663452148437 0.0731353759765625 0.112503051757813 -0.0500106811523437
-0.131690979003906 -0.0292892456054687 0.113975524902344 0.0340499877929688
-0.128265380859375 -0.122535705566406 0.0340347290039062 0.0576248168945313
-0.101699829101562 -0.1627197265625 -0.0043792724609375 0.0671348571777344
-0.13525390625 -0.136116027832031 0.101470947265625 -0.209823608398438
-0.152313232421875 -0.05950927734375 0.0198516845703125 -0.120048522949219
-0.121551513671875 0.0243759155273437 0.0241127014160156 -0.0389328002929688
-0.0579299926757813 0.0739593505859375 0.0686912536621094 -0.0578727722167969
-0.00516510009765625 0.0708465576171875 0.04522705078125 -0.114768981933594
0.0333786010742188 0.059539794921875 -0.014068603515625 -0.144683837890625
0.0366668701171875 0.0339851379394531 -0.071075439453125 -0.140533447265625
0.0338973999023438 0.0377006530761719 -0.0876235961914063 -0.137458801269531
0.0334434509277344 0.0438461303710938 -0.063323974609375 -0.152084350585937
0.0213851928710937 0.0421638488769531 0.00311279296874999 -0.163314819335938
-0.00379180908203125 0.0471763610839844 0.06060791015625 -0.132125854492188
-0.0285110473632813 0.0502052307128906 0.103515625 -0.0589218139648438
-0.0712203979492188 0.0117034912109375 0.0896377563476563 0.0182037353515625
-0.10919189453125 -0.0460128784179687 0.00176048278808593 0.0244197845458984
-0.11907958984375 -0.0977783203125 -0.0193138122558594 0.00778579711914062
-0.14495849609375 -0.067169189453125 0.0654449462890625 -0.240325927734375
-0.132568359375 0.0032806396484375 -0.00673675537109374 -0.135795593261719
-0.0784683227539063 0.0659255981445313 0.00167846679687499 -0.0455474853515625
0.00154876708984375 0.077178955078125 0.0463676452636719 -0.0657844543457031
0.0428199768066406 0.0398674011230469 0.0200347900390625 -0.110130310058594
0.0505752563476563 -0.00227737426757813 -0.0364761352539063 -0.139289855957031
0.0261478424072266 -0.0300445556640625 -0.0893325805664062 -0.134162902832031
0.0225811004638672 -0.0226192474365234 -0.1033935546875 -0.128799438476563
0.01904296875 -0.0255088806152344 -0.0731048583984375 -0.147567749023438
0.0311012268066406 -0.0334014892578125 -0.0035552978515625 -0.16180419921875
0.0440444946289063 -0.0100631713867188 0.0530776977539063 -0.122215270996094
0.0438995361328125 0.0263442993164063 0.0906982421875 -0.0513458251953125
-0.00524520874023438 0.0586967468261719 0.0625801086425781 0.0149879455566406
-0.0811996459960938 0.041748046875 -0.0244636535644531 0.0070343017578125
-0.125373840332031 -0.0139694213867188 -0.0387001037597656 -0.0295219421386719
0.11260986328125 -0.0798187255859375 0.0732345581054688 0.0336380004882812
0.032928466796875 -0.15045166015625 0.0459251403808594 -0.0176582336425781
-0.0853271484375 -0.1016845703125 -0.041259765625 -0.0340156555175781
-0.119667053222656 0.00053405761718752 -0.0861358642578125 0.0398178100585937
-0.0816802978515625 0.0596694946289062 -0.0509567260742188 0.095123291015625
-0.0265274047851563 0.103744506835938 0.0188140869140625 0.1434326171875
0.0120315551757812 0.0977706909179688 0.07904052734375 0.131912231445312
-0.000808715820312508 0.08642578125 0.0979690551757813 0.102531433105469
-0.0145721435546875 0.0954437255859375 0.081756591796875 0.101448059082031
-0.0574951171875 0.0709304809570312 0.040863037109375 0.108039855957031
-0.0817794799804688 0.00897979736328124 0.018402099609375 0.0864410400390625
-0.0607872009277344 -0.0472335815429687 0.00671005249023437 0.0656318664550781
0.0188980102539062 -0.0868759155273437 0.0187606811523438 0.0898895263671875
0.0961151123046875 -0.0607757568359375 0.044891357421875 0.17266845703125
0.108993530273438 0.001708984375 -0.0675506591796875 0.277328491210938
0.09735107421875 -0.155349731445313 0.0967864990234375 0.010040283203125
0.00317382812499999 -0.208831787109375 0.0545158386230469 -0.0309181213378906
-0.125556945800781 -0.140159606933594 -0.0206832885742188 -0.0405616760253906
-0.1729736328125 -0.00236511230468746 -0.0593719482421875 0.0190353393554688
-0.122520446777344 0.0878219604492187 -0.0344352722167969 0.0542488098144531
-0.0375823974609375 0.157196044921875 0.0162811279296875 0.0980758666992188
0.02532958984375 0.14569091796875 0.0597000122070312 0.088409423828125
0.0133514404296875 0.129570007324219 0.0783615112304688 0.0606002807617188
0.00146484375000001 0.144729614257813 0.0742111206054688 0.0573348999023438
-0.0535430908203125 0.124282836914063 0.0537071228027344 0.0679664611816406
-0.105491638183594 0.05535888671875 0.0462722778320313 0.055328369140625
-0.10675048828125 -0.016693115234375 0.0439300537109375 0.0559539794921875
-0.040313720703125 -0.104171752929688 0.058929443359375 0.1007080078125
0.0436172485351563 -0.121574401855469 0.070770263671875 0.181793212890625
0.077789306640625 -0.0782546997070313 -0.033966064453125 0.2813720703125
0.066131591796875 -0.207962036132812 0.119338989257812 -0.0317230224609375
-0.02978515625 -0.237838745117188 0.0597076416015625 -0.0531539916992188
-0.152618408203125 -0.157394409179688 -0.00268173217773439 -0.0442543029785156
-0.203628540039062 -0.00390624999999999 -0.02545166015625 -0.00037384033203125
-0.146438598632813 0.10302734375 -0.0106534957885742 0.00855731964111329
-0.04345703125 0.187423706054688 0.0139236450195312 0.0402374267578125
0.0338592529296875 0.172409057617188 0.0329360961914063 0.031209945678711
0.025726318359375 0.154327392578125 0.0470085144042969 0.00843429565429688
0.0198516845703125 0.173568725585938 0.0536575317382813 0.00435638427734376
-0.03961181640625 0.162841796875 0.0565223693847656 0.0154495239257813
-0.114395141601563 0.0992813110351563 0.066131591796875 0.0117416381835938
-0.142776489257813 0.021728515625 0.0776824951171875 0.0343704223632813
-0.102363586425781 -0.108108520507812 0.0953826904296875 0.0985336303710938
-0.020904541015625 -0.169692993164063 0.0864105224609375 0.17236328125
0.0328521728515625 -0.14801025390625 -0.00845336914062502 0.25634765625
0.018890380859375 -0.230606079101563 0.135360717773438 -0.0829696655273438
-0.0682830810546875 -0.2313232421875 0.0599441528320312 -0.07843017578125
-0.166641235351563 -0.145095825195313 0.012969970703125 -0.0456428527832031
-0.204849243164063 0.00428771972656254 0.0115509033203125 -0.0187969207763672
-0.145599365234375 0.107589721679688 0.01617431640625 -0.0373611450195312
-0.0409393310546875 0.1900634765625 0.0113391876220703 -0.0243988037109375
0.0377960205078125 0.171661376953125 0.00318145751953125 -0.0303859710693359
0.03369140625 0.155731201171875 0.00787353515625001 -0.044219970703125
0.034149169921875 0.177597045898438 0.0216064453125 -0.0506324768066406
-0.022186279296875 0.177108764648438 0.0470771789550781 -0.0428428649902344
-0.108009338378906 0.127220153808594 0.0748825073242188 -0.0394363403320312
-0.157577514648438 0.0560455322265625 0.101760864257812 0.0018310546875
-0.1484375 -0.0966033935546875 0.120407104492187 0.079986572265625
-0.0799713134765625 -0.190826416015625 0.08502197265625 0.140884399414063
-0.0164031982421875 -0.191070556640625 0.00773620605468751 0.20269775390625
-0.036712646484375 -0.220672607421875 0.138771057128906 -0.13555908203125
-0.1065673828125 -0.190628051757813 0.0528488159179687 -0.100639343261719
-0.164215087890625 -0.100570678710938 0.0241661071777344 -0.0442352294921875
-0.17437744140625 0.0234375 0.0448036193847656 -0.0366249084472656
-0.115013122558594 0.10113525390625 0.0380096435546875 -0.078155517578125
-0.025299072265625 0.163604736328125 0.00659942626953124 -0.0831146240234375
0.0380096435546875 0.143936157226563 -0.0266647338867187 -0.084808349609375
0.0367279052734375 0.134544372558594 -0.0321731567382813 -0.0896530151367188
0.039947509765625 0.153884887695313 -0.0142593383789062 -0.098358154296875
-0.00540161132812499 0.158584594726563 0.028564453125 -0.0988998413085937
-0.085845947265625 0.1260986328125 0.0707855224609375 -0.0889739990234375
-0.140899658203125 0.071990966796875 0.110809326171875 -0.0330657958984375
-0.157485961914063 -0.0709991455078125 0.124618530273437 0.0518341064453125
-0.115402221679687 -0.174774169921875 0.066314697265625 0.095184326171875
-0.0588531494140625 -0.195770263671875 0.0115585327148437 0.130897521972656
-0.0887451171875 -0.1829833984375 0.126388549804688 -0.182174682617188
-0.132606506347656 -0.125236511230469 0.0389785766601563 -0.116172790527344
-0.143661499023437 -0.038604736328125 0.0272750854492187 -0.042694091796875
-0.118049621582031 0.0467529296875 0.0644569396972656 -0.0510101318359375
-0.0640106201171875 0.0852432250976563 0.0474700927734375 -0.105033874511719
-0.000770568847656258 0.115333557128906 -0.003692626953125 -0.124519348144531
0.0345306396484375 0.0947113037109375 -0.0534820556640625 -0.122207641601563
0.0340499877929687 0.0924606323242188 -0.0670394897460937 -0.120262145996094
0.03607177734375 0.106613159179687 -0.0465316772460938 -0.133163452148438
0.00476837158203124 0.109298706054688 0.00889587402343751 -0.14141845703125
-0.0522079467773438 0.0934677124023437 0.0622024536132813 -0.122947692871094
-0.0944061279296875 0.0640182495117188 0.108078002929687 -0.0575332641601562
-0.124259948730469 -0.0360794067382812 0.111663818359375 0.02593994140625
-0.117744445800781 -0.122451782226563 0.0360527038574219 0.050018310546875
-0.0879364013671875 -0.157974243164062 0.00521087646484375 0.0591888427734375
-0.12493896484375 -0.125534057617188 0.100006103515625 -0.2196044921875
-0.138984680175781 -0.0539932250976563 0.0181045532226562 -0.128890991210938
-0.109748840332031 0.022308349609375 0.0190048217773437 -0.0436973571777344
-0.0522422790527344 0.0650901794433594 0.0636863708496094 -0.0615692138671875
-0.00706100463867188 0.0605888366699219 0.0393905639648438 -0.114608764648437
0.0244941711425781 0.0547714233398438 -0.018768310546875 -0.14215087890625
0.0271663665771484 0.0330791473388672 -0.0742568969726563 -0.137741088867188
0.0263786315917969 0.0374755859375 -0.0907821655273438 -0.132858276367188
0.0244102478027344 0.0443038940429688 -0.067352294921875 -0.149856567382813
0.0117683410644531 0.039337158203125 -0.00341796874999999 -0.162887573242188
-0.0103416442871094 0.0391197204589844 0.0545120239257813 -0.133880615234375
-0.02825927734375 0.0397682189941406 0.09979248046875 -0.0635528564453125
-0.0627822875976563 0.00456619262695314 0.0881423950195313 0.0124664306640625
-0.0956878662109375 -0.0443801879882813 0.00583839416503906 0.0174217224121094
-0.104171752929687 -0.0893402099609375 -0.00649118423461915 0.00275993347167968
-0.138816833496094 -0.0542755126953125 0.067474365234375 -0.247421264648438
-0.120803833007812 0.0118637084960937 -0.00711059570312501 -0.143295288085937
-0.0675239562988281 0.0666007995605469 -0.00263214111328125 -0.0494270324707031
0.00919723510742187 0.0691452026367188 0.0419845581054688 -0.0671615600585938
0.042877197265625 0.0296974182128906 0.0178298950195313 -0.107582092285156
0.0433158874511719 -0.0095062255859375 -0.0376815795898438 -0.135299682617188
0.0159053802490234 -0.0301513671875 -0.08758544921875 -0.13116455078125
0.0143089294433594 -0.0222644805908203 -0.101371765136719 -0.125770568847656
0.00940132141113281 -0.0255699157714844 -0.0738677978515625 -0.146469116210938
0.0195236206054688 -0.0359458923339844 -0.00614929199218751 -0.161727905273438
0.0364151000976563 -0.018768310546875 0.0502471923828125 -0.123359680175781
0.0433464050292969 0.0150184631347656 0.0882949829101563 -0.0536117553710938
0.0042266845703125 0.0511207580566406 0.0620841979980469 0.0100212097167969
-0.06640625 0.0446624755859375 -0.0184440612792969 0.0028533935546875
-0.112007141113281 -0.00404357910156248 -0.0230712890625 -0.0306797027587891
0.10760498046875 -0.086822509765625 0.0583000183105469 0.0371627807617187
0.023284912109375 -0.149795532226563 0.0382881164550781 -0.0130119323730469
-0.0893325805664062 -0.0958099365234375 -0.0426902770996094 -0.0326423645019531
-0.117340087890625 0.00811004638671875 -0.0869140625 0.039459228515625
-0.0772171020507813 0.0641403198242188 -0.0538482666015625 0.0948104858398438
-0.018035888671875 0.104141235351562 0.0161895751953125 0.144454956054688
0.0190200805664063 0.0969696044921875 0.0758438110351563 0.135734558105469
0.0050048828125 0.0859909057617188 0.093505859375 0.106826782226563
-0.00663757324218751 0.0960464477539063 0.0769271850585938 0.104629516601562
-0.051971435546875 0.0758819580078125 0.0349197387695313 0.109329223632813
-0.08245849609375 0.0165863037109375 0.015838623046875 0.084869384765625
-0.0655937194824219 -0.0431442260742188 0.00733184814453124 0.0632667541503906
0.010772705078125 -0.0904464721679688 0.020721435546875 0.0926437377929688
0.0899429321289063 -0.06982421875 0.04345703125 0.178207397460937
0.108139038085937 -0.00876617431640625 -0.07562255859375 0.282135009765625
0.097320556640625 -0.163970947265625 0.0805282592773438 0.0111846923828125
-0.00312805175781251 -0.21099853515625 0.0455322265625 -0.0268440246582031
-0.129348754882813 -0.138191223144531 -0.02386474609375 -0.0393524169921875
-0.172149658203125 0.00202941894531249 -0.0617332458496094 0.0188827514648437
-0.120796203613281 0.0914230346679688 -0.0397453308105469 0.0536956787109375
-0.0319976806640625 0.15777587890625 0.01153564453125 0.100425720214844
0.0296173095703125 0.146820068359375 0.0539169311523437 0.0933303833007813
0.0167999267578125 0.131126403808594 0.0717926025390625 0.0653152465820313
0.00679016113281251 0.146591186523438 0.0669746398925781 0.0610618591308594
-0.05120849609375 0.129226684570313 0.0458221435546875 0.0683097839355469
-0.108726501464844 0.0608444213867187 0.0415153503417969 0.0517921447753906
-0.112777709960938 -0.0158767700195312 0.0439262390136719 0.0512657165527344
-0.0463180541992188 -0.111236572265625 0.0612411499023438 0.100700378417969
0.0408096313476563 -0.133544921875 0.0695343017578125 0.18499755859375
0.0818405151367187 -0.0897979736328125 -0.04156494140625 0.2822265625
0.0714263916015625 -0.216583251953125 0.104537963867188 -0.0333099365234375
-0.0318450927734375 -0.243865966796875 0.0496406555175781 -0.0517311096191406
-0.155105590820313 -0.160675048828125 -0.00728607177734376 -0.0437660217285156
-0.204910278320313 -0.00332641601562502 -0.0292625427246094 -0.000768661499023432
-0.148605346679687 0.105133056640625 -0.0173826217651367 0.00769901275634767
-0.0419464111328125 0.189071655273438 0.00804901123046875 0.0412139892578125
0.0348052978515625 0.17510986328125 0.0263671875 0.0363197326660156
0.026702880859375 0.157623291015625 0.0389823913574219 0.0143814086914063
0.0211639404296875 0.177490234375 0.045379638671875 0.00753784179687501
-0.040985107421875 0.166778564453125 0.0477371215820313 0.0153160095214844
-0.120086669921875 0.102630615234375 0.0613861083984375 0.00767517089843751
-0.149566650390625 0.0196990966796875 0.0769195556640625 0.0286331176757812
-0.106391906738281 -0.11767578125 0.0975418090820313 0.096527099609375
-0.0200347900390625 -0.1820068359375 0.0847930908203125 0.1722412109375
0.0410919189453125 -0.158950805664063 -0.012908935546875 0.254409790039063
0.0288543701171875 -0.2386474609375 0.123291015625 -0.0876007080078125
-0.064666748046875 -0.239349365234375 0.0505599975585937 -0.0798721313476563
-0.167312622070313 -0.152130126953125 0.00692749023437499 -0.046356201171875
-0.208221435546875 0.000839233398437454 0.00663375854492186 -0.020294189453125
-0.15008544921875 0.107284545898438 0.00899124145507811 -0.0384635925292969
-0.042816162109375 0.191116333007813 0.00463485717773437 -0.0231742858886719
0.035614013671875 0.175933837890625 -0.00365447998046875 -0.0251617431640625
0.031646728515625 0.159805297851563 0.000167846679687501 -0.0392303466796875
0.0318450927734375 0.181045532226563 0.013702392578125 -0.0483665466308594
-0.026123046875 0.180160522460938 0.0383567810058594 -0.0439834594726562
-0.115013122558594 0.128425598144531 0.0694236755371093 -0.0442924499511719
-0.163894653320313 0.051849365234375 0.0999069213867187 -0.00469207763671875
-0.149795532226562 -0.106948852539063 0.120277404785156 0.0760955810546875
-0.076324462890625 -0.202362060546875 0.0840530395507813 0.137649536132813
-0.00469970703124999 -0.200973510742187 0.00598144531249999 0.197967529296875
-0.023681640625 -0.225845336914062 0.130905151367188 -0.142837524414063
-0.09771728515625 -0.19830322265625 0.0458297729492188 -0.105384826660156
-0.161911010742188 -0.110687255859375 0.0179824829101562 -0.0460700988769531
-0.177398681640625 0.0164794921875 0.0394096374511719 -0.0381660461425781
-0.122344970703125 0.098968505859375 0.0319671630859375 -0.0788116455078125
-0.0315399169921875 0.165054321289063 0.000679016113281253 -0.0817794799804687
0.032684326171875 0.148788452148438 -0.0326156616210938 -0.0812149047851562
0.0320663452148437 0.138511657714844 -0.0384063720703125 -0.08563232421875
0.0347747802734375 0.158416748046875 -0.0213623046875 -0.0972518920898437
-0.0125274658203125 0.1605224609375 0.0211563110351562 -0.100227355957031
-0.0934982299804687 0.123321533203125 0.066436767578125 -0.0933303833007812
-0.146942138671875 0.0654296875 0.108345031738281 -0.0387954711914062
-0.1561279296875 -0.081817626953125 0.12371826171875 0.0470962524414062
-0.10821533203125 -0.184356689453125 0.0650405883789063 0.0896072387695313
-0.0451507568359375 -0.201492309570312 0.0134735107421875 0.123588562011719
-0.075408935546875 -0.184463500976563 0.12457275390625 -0.1907958984375
-0.122077941894531 -0.130897521972656 0.0350494384765625 -0.123847961425781
-0.139022827148438 -0.048187255859375 0.0222663879394531 -0.0460319519042969
-0.119926452636719 0.03729248046875 0.0601882934570313 -0.0536308288574219
-0.0707931518554688 0.080291748046875 0.0431442260742187 -0.105941772460938
-0.00949859619140626 0.114990234375 -0.00766754150390624 -0.124298095703125
0.0272293090820313 0.0993270874023438 -0.0570526123046875 -0.120735168457031
0.0280303955078125 0.0961074829101563 -0.0707778930664062 -0.118019104003906
0.0284652709960938 0.110603332519531 -0.0511016845703125 -0.132896423339844
-0.00437927246093751 0.110260009765625 0.00386047363281251 -0.14300537109375
-0.0603561401367188 0.0897064208984375 0.0587005615234375 -0.1258544921875
-0.0981979370117187 0.0554885864257813 0.106643676757813 -0.061065673828125
-0.12060546875 -0.0470046997070312 0.109649658203125 0.0220184326171875
-0.108184814453125 -0.128814697265625 0.0356636047363281 0.0433349609375
-0.073577880859375 -0.16094970703125 0.0113258361816406 0.0511970520019531
-0.114036560058594 -0.122543334960937 0.1041259765625 -0.228195190429687
-0.127433776855469 -0.0556716918945313 0.0171585083007812 -0.137680053710938
-0.102607727050781 0.0153350830078125 0.0145835876464844 -0.0468025207519531
-0.0513038635253906 0.0551681518554688 0.0599288940429687 -0.0636863708496094
-0.0126304626464844 0.0541458129882812 0.0376052856445313 -0.115592956542969
0.0159645080566406 0.0524978637695313 -0.0207977294921875 -0.143051147460938
0.0191574096679688 0.0368766784667969 -0.0746917724609375 -0.1380615234375
0.0194473266601562 0.0402755737304688 -0.0919876098632812 -0.13323974609375
0.0161819458007813 0.0474090576171875 -0.0690460205078125 -0.150970458984375
0.00130081176757812 0.0403861999511719 -0.00547790527343751 -0.165145874023438
-0.0186424255371094 0.0335960388183594 0.0532608032226563 -0.136634826660156
-0.0319042205810547 0.0302925109863281 0.0987625122070313 -0.0661697387695313
-0.0571708679199219 -0.00451660156249999 0.0865859985351563 0.0085906982421875
-0.0845947265625 -0.0485763549804687 0.00759410858154296 0.0111675262451172
-0.0898284912109375 -0.0889358520507813 0.00341510772705078 -0.00445938110351563
-0.13250732421875 -0.0472412109375 0.07501220703125 -0.256637573242188
-0.11163330078125 0.0145263671875 -0.0058135986328125 -0.152252197265625
-0.0586433410644531 0.0654067993164063 -0.006072998046875 -0.0519905090332031
0.0133895874023438 0.0613822937011719 0.0407829284667969 -0.0674209594726563
0.0396690368652344 0.0229949951171875 0.0182571411132813 -0.107101440429688
0.0351524353027344 -0.012481689453125 -0.0362014770507812 -0.136116027832031
0.007843017578125 -0.0292835235595703 -0.0850830078125 -0.133514404296875
0.00765609741210938 -0.0212287902832031 -0.09912109375 -0.128311157226562
0.0013885498046875 -0.0231609344482422 -0.0727386474609375 -0.149703979492187
0.00968170166015625 -0.0364608764648438 -0.00532531738281251 -0.164016723632813
0.0288448333740234 -0.0248069763183594 0.0518417358398437 -0.124763488769531
0.0408515930175781 0.00669479370117187 0.0891036987304688 -0.05517578125
0.00994873046875 0.0440940856933594 0.0614967346191406 0.00796127319335938
-0.0547523498535156 0.0429115295410156 -0.0135250091552734 -0.00326347351074219
-0.0998077392578125 -0.000991821289062515 -0.00878524780273439 -0.0363807678222656
0.104301452636719 -0.0941009521484375 0.0455284118652344 0.0438461303710937
0.0157928466796875 -0.1531982421875 0.0330657958984375 -0.00705146789550782
-0.0943984985351563 -0.0932846069335937 -0.0446929931640625 -0.0316238403320313
-0.117843627929687 0.0142288208007813 -0.0901031494140625 0.0402297973632812
-0.075469970703125 0.0693359375 -0.058746337890625 0.098602294921875
-0.0114669799804687 0.105789184570313 0.01361083984375 0.150375366210938
0.0254898071289063 0.0982666015625 0.0749969482421875 0.144500732421875
0.0106582641601562 0.0878524780273437 0.0924758911132813 0.114639282226563
-4.5776367187493E-05 0.0985260009765625 0.07550048828125 0.112449645996094
-0.0479660034179688 0.0821151733398438 0.0307846069335937 0.115699768066406
-0.0844039916992188 0.0235137939453125 0.0122299194335937 0.0861968994140625
-0.0719757080078125 -0.0409317016601562 0.00705337524414062 0.0634498596191406
0.00392913818359375 -0.09466552734375 0.0238037109375 0.0979156494140625
0.0858154296875 -0.0787429809570313 0.04217529296875 0.189178466796875
0.109642028808594 -0.0178756713867188 -0.08734130859375 0.29583740234375
0.09881591796875 -0.1754150390625 0.0683479309082031 0.0156135559082031
-0.0086212158203125 -0.219818115234375 0.0388832092285156 -0.0220108032226563
-0.135894775390625 -0.141098022460937 -0.0269317626953125 -0.0389823913574219
-0.176315307617188 0.00508117675781248 -0.0655593872070313 0.0191917419433594
-0.122901916503906 0.0965042114257813 -0.0461387634277344 0.0554885864257813
-0.028289794921875 0.162612915039063 0.00714874267578125 0.105262756347656
0.033935546875 0.151763916015625 0.0514450073242188 0.102424621582031
0.0211257934570312 0.136329650878906 0.0692291259765625 0.0732955932617188
0.0115814208984375 0.15338134765625 0.0635147094726563 0.067474365234375
-0.0504608154296875 0.137725830078125 0.0400238037109375 0.0733184814453125
-0.114738464355469 0.0680999755859375 0.0382118225097656 0.0512924194335938
-0.122344970703125 -0.0154571533203125 0.0436286926269531 0.0498771667480469
-0.0538558959960938 -0.120864868164063 0.0643692016601563 0.104568481445313
0.0382080078125 -0.148025512695313 0.069427490234375 0.193817138671875
0.0874862670898437 -0.103004455566406 -0.052001953125 0.29290771484375
0.0779571533203125 -0.231613159179688 0.0934219360351563 -0.0322113037109375
-0.0341949462890625 -0.256729125976563 0.0427665710449219 -0.0492477416992188
-0.161666870117187 -0.168869018554688 -0.0116806030273438 -0.0439186096191406
-0.212493896484375 -0.00381469726562505 -0.0341014862060547 -0.00148773193359376
-0.154876708984375 0.10968017578125 -0.0246334075927735 0.00847434997558594
-0.0424957275390625 0.195037841796875 0.00195693969726562 0.044708251953125
0.0365753173828125 0.183517456054688 0.021728515625 0.0442237854003906
0.0282745361328125 0.165252685546875 0.0345516204833984 0.0211467742919922
0.022796630859375 0.186248779296875 0.0404510498046875 0.0124320983886719
-0.0429840087890625 0.176727294921875 0.0416412353515625 0.0177688598632813
-0.129295349121094 0.109161376953125 0.0580329895019531 0.00497436523437501
-0.16070556640625 0.0183868408203125 0.0774154663085937 0.0251998901367188
-0.113922119140625 -0.130226135253906 0.101478576660156 0.0979843139648437
-0.0207366943359375 -0.200286865234375 0.08575439453125 0.177825927734375
0.0496826171875 -0.175430297851563 -0.0198211669921875 0.261016845703125
0.0395965576171875 -0.25439453125 0.115577697753906 -0.0913543701171875
-0.0628662109375 -0.255447387695313 0.044097900390625 -0.0809173583984375
-0.173248291015625 -0.164794921875 0.00179672241210936 -0.0471687316894531
-0.217880249023438 -0.00337219238281246 0.00208663940429686 -0.0213203430175781
-0.16033935546875 0.110946655273438 0.00278472900390624 -0.0396347045898437
-0.0470428466796875 0.198532104492188 -0.00064659118652344 -0.0218505859375
0.0348663330078125 0.186080932617188 -0.00933074951171874 -0.0202751159667969
0.0312042236328125 0.169097900390625 -0.00538063049316406 -0.0337066650390625
0.03118896484375 0.191680908203125 0.00822448730468751 -0.046173095703125
-0.0302581787109375 0.189804077148438 0.0318145751953125 -0.0440826416015625
-0.126144409179687 0.1328125 0.0663986206054687 -0.0486984252929687
-0.176071166992188 0.0492401123046875 0.100143432617188 -0.00867462158203125
-0.157302856445313 -0.121017456054687 0.123527526855469 0.0753631591796875
-0.075225830078125 -0.22100830078125 0.0844650268554688 0.139633178710938
0.00559997558593752 -0.217437744140625 0.00277709960937502 0.199935913085937
-0.0121612548828125 -0.239883422851563 0.127975463867187 -0.1512451171875
-0.0938262939453125 -0.2137451171875 0.0405349731445313 -0.110687255859375
-0.166168212890625 -0.125213623046875 0.0127296447753906 -0.0481109619140625
-0.187774658203125 0.00897216796875003 0.0362396240234375 -0.0407524108886719
-0.133506774902344 0.100410461425781 0.0272979736328125 -0.0816726684570313
-0.038665771484375 0.171417236328125 -0.00463104248046876 -0.0833740234375
0.029815673828125 0.159469604492188 -0.0377883911132813 -0.0800399780273437
0.0287933349609375 0.147720336914062 -0.0438308715820312 -0.0836334228515625
0.031158447265625 0.168411254882813 -0.026702880859375 -0.0978317260742187
-0.0196990966796875 0.168930053710937 0.0151901245117187 -0.102767944335937
-0.105377197265625 0.126510620117188 0.0642166137695313 -0.0986709594726562
-0.158248901367188 0.0612640380859375 0.109092712402344 -0.0435714721679687
-0.161407470703125 -0.095733642578125 0.125778198242188 0.0454254150390625
-0.105072021484375 -0.200820922851562 0.0647964477539063 0.0877761840820313
-0.0339202880859375 -0.216842651367188 0.0136871337890625 0.121391296386719
-0.0636444091796875 -0.194168090820313 0.126861572265625 -0.203231811523438
-0.11541748046875 -0.143844604492188 0.032318115234375 -0.133506774902344
-0.139633178710938 -0.0609130859375 0.0176734924316406 -0.0488624572753906
-0.126762390136719 0.0286178588867187 0.0577163696289063 -0.0563468933105469
-0.0820388793945313 0.0788421630859375 0.04095458984375 -0.109931945800781
-0.0180816650390625 0.120246887207031 -0.010986328125 -0.127769470214844
0.0218276977539063 0.108436584472656 -0.0609588623046875 -0.122772216796875
0.0232620239257813 0.104545593261719 -0.0755233764648437 -0.119682312011719
0.0222854614257813 0.119850158691406 -0.0560531616210938 -0.13671875
-0.0133285522460937 0.116371154785156 -0.000518798828124986 -0.147567749023437
-0.07135009765625 0.0890655517578125 0.0582275390625 -0.132064819335938
-0.1077880859375 0.0492630004882813 0.107284545898437 -0.0660018920898438
-0.121932983398437 -0.0591583251953125 0.111152648925781 0.0191650390625
-0.102554321289062 -0.141677856445313 0.0355491638183594 0.0391807556152344
-0.06158447265625 -0.170974731445312 0.0161628723144531 0.0457229614257812
-0.105735778808594 -0.126190185546875 0.111251831054687 -0.243911743164062
-0.120506286621094 -0.0618896484375 0.0170440673828125 -0.149932861328125
-0.100265502929688 0.00813293457031249 0.0114479064941406 -0.0504608154296875
-0.053985595703125 0.0469779968261719 0.0596351623535156 -0.0660743713378906
-0.0194549560546875 0.0500030517578125 0.0376815795898437 -0.119163513183594
0.00664520263671875 0.0541534423828125 -0.0216827392578125 -0.147354125976562
0.0129547119140625 0.042572021484375 -0.077423095703125 -0.143783569335938
0.0137062072753906 0.0453071594238281 -0.0941619873046875 -0.137901306152344
0.00870895385742187 0.0536003112792969 -0.0720672607421875 -0.157363891601563
-0.00806808471679687 0.0432014465332031 -0.00747680664062499 -0.171478271484375
-0.0280857086181641 0.0312633514404297 0.0548248291015625 -0.142349243164062
-0.0378227233886719 0.0230216979980469 0.100868225097656 -0.0704574584960937
-0.0548820495605469 -0.0145416259765625 0.0876007080078125 0.006622314453125
-0.076446533203125 -0.0559463500976562 0.00846385955810546 0.00513458251953125
-0.0793380737304688 -0.0940017700195313 0.0125694274902344 -0.0128688812255859
-0.128517150878906 -0.044158935546875 0.0848388671875 -0.271636962890625
-0.105514526367188 0.0152206420898438 -0.00450134277343751 -0.165206909179688
-0.0536537170410156 0.0646018981933594 -0.00948715209960938 -0.0556106567382813
0.0152359008789063 0.0555686950683594 0.0405960083007813 -0.0695838928222656
0.0375595092773438 0.0174140930175781 0.0205307006835938 -0.109298706054688
0.0286884307861328 -0.0148143768310547 -0.03533935546875 -0.141082763671875
0.00138473510742187 -0.0271816253662109 -0.084930419921875 -0.1407470703125
0.00199317932128906 -0.0195960998535156 -0.100334167480469 -0.135536193847656
-0.00511741638183594 -0.0202770233154297 -0.0741729736328125 -0.158248901367187
0.00110244750976563 -0.0363883972167969 -0.00445556640624999 -0.172409057617187
0.0218772888183594 -0.0299434661865234 0.0555877685546875 -0.130882263183594
0.0381622314453125 -0.00038909912109375 0.092498779296875 -0.0581283569335938
0.0143928527832031 0.0378570556640625 0.0632858276367188 0.00690841674804688
-0.046630859375 0.041229248046875 -0.0112943649291992 -0.00935935974121093
-0.091217041015625 -0.000694274902343748 0.00366973876953124 -0.0448532104492188
0.101661682128906 -0.105201721191406 0.03570556640625 0.053314208984375
0.00614929199218749 -0.158966064453125 0.0294609069824219 -0.00186347961425782
-0.102737426757813 -0.0908889770507813 -0.0477485656738281 -0.0308189392089844
-0.120330810546875 0.0219879150390625 -0.0952072143554688 0.0441513061523438
-0.0733871459960937 0.0767288208007813 -0.0634765625 0.106254577636719
-0.00345611572265626 0.109535217285156 0.01458740234375 0.161712646484375
0.03436279296875 0.101272583007813 0.080963134765625 0.156097412109375
0.0180816650390625 0.091094970703125 0.09796142578125 0.12451171875
0.00876617431640624 0.10284423828125 0.0793228149414063 0.121910095214844
-0.043609619140625 0.0902252197265625 0.0306396484375 0.125679016113281
-0.0867691040039063 0.0322647094726563 0.0113449096679688 0.09075927734375
-0.0794525146484375 -0.0374755859375 0.00802230834960937 0.0653533935546875
-0.00487518310546876 -0.100761413574219 0.0292434692382813 0.10479736328125
0.0820083618164062 -0.0901718139648437 0.0474853515625 0.203781127929688
0.1119384765625 -0.0291061401367188 -0.094329833984375 0.3194580078125
0.0987701416015625 -0.193588256835937 0.0583610534667969 0.021575927734375
-0.0188446044921875 -0.23236083984375 0.0341224670410156 -0.0179214477539063
-0.147781372070312 -0.14501953125 -0.0314674377441406 -0.0383682250976563
-0.184341430664063 0.011383056640625 -0.07098388671875 0.0207366943359375
-0.125892639160156 0.106590270996094 -0.0525741577148438 0.061309814453125
-0.0224151611328125 0.170974731445313 0.00506591796874999 0.113563537597656
0.04302978515625 0.160079956054688 0.0538253784179687 0.113540649414063
0.0286712646484375 0.144622802734375 0.0712051391601563 0.0831985473632813
0.0200653076171875 0.16290283203125 0.0642166137695313 0.0756454467773438
-0.04742431640625 0.15008544921875 0.0380783081054687 0.080322265625
-0.121353149414062 0.0795974731445313 0.0368804931640625 0.0526542663574219
-0.134994506835938 -0.0123672485351562 0.0453224182128906 0.0487823486328125
-0.0660934448242188 -0.131919860839844 0.071929931640625 0.108863830566406
0.0337677001953125 -0.166519165039063 0.0754852294921875 0.205963134765625
0.0918807983398438 -0.121002197265625 -0.056640625 0.313507080078125
0.080474853515625 -0.255172729492188 0.084869384765625 -0.0317001342773438
-0.04278564453125 -0.274612426757813 0.0370254516601563 -0.0479698181152344
-0.176483154296875 -0.178848266601563 -0.0164947509765625 -0.0441970825195313
-0.2257080078125 0.000488281250000019 -0.0388984680175781 -0.00102996826171876
-0.162734985351563 0.121261596679688 -0.0316104888916016 0.0110816955566406
-0.03997802734375 0.207382202148438 -0.00215911865234375 0.050140380859375
0.04437255859375 0.195556640625 0.0204124450683594 0.05340576171875
0.0347747802734375 0.176849365234375 0.0330142974853516 0.0293025970458984
0.03070068359375 0.199417114257813 0.0375785827636719 0.0172348022460938
-0.041717529296875 0.191909790039062 0.036956787109375 0.02142333984375
-0.138702392578125 0.122169494628906 0.0562553405761719 0.00273513793945313
-0.176406860351562 0.0220947265625 0.0791778564453125 0.021270751953125
-0.128921508789063 -0.143417358398437 0.109375 0.0997314453125
-0.0275115966796875 -0.222808837890625 0.09234619140625 0.186538696289063
0.0545501708984375 -0.198440551757812 -0.022430419921875 0.27587890625
0.0440673828125 -0.278884887695312 0.109474182128906 -0.097137451171875
-0.06976318359375 -0.276641845703125 0.0375747680664063 -0.0838699340820313
-0.187881469726563 -0.178543090820313 -0.00357818603515626 -0.0479888916015625
-0.234405517578125 -0.00296020507812502 -0.00227737426757814 -0.022308349609375
-0.172088623046875 0.121673583984375 -0.00395584106445313 -0.0403366088867187
-0.0486297607421875 0.21337890625 -0.00701522827148438 -0.020334243774414
0.0400238037109375 0.201324462890625 -0.0137176513671875 -0.0145292282104492
0.035552978515625 0.182891845703125 -0.00988960266113281 -0.0285472869873047
0.03643798828125 0.206878662109375 0.00220870971679687 -0.0442581176757812
-0.0319061279296875 0.205718994140625 0.0260429382324219 -0.0446205139160156
-0.137115478515625 0.146026611328125 0.0639305114746094 -0.0544204711914062
-0.192901611328125 0.05242919921875 0.102012634277344 -0.0155715942382812
-0.17266845703125 -0.135101318359375 0.131324768066406 0.0746383666992187
-0.0827178955078125 -0.244110107421875 0.089813232421875 0.143142700195312
0.0103302001953125 -0.240890502929688 0.00291442871093752 0.2076416015625
-0.006195068359375 -0.261489868164063 0.125930786132813 -0.164215087890625
-0.097808837890625 -0.234939575195313 0.0348434448242187 -0.118858337402344
-0.178955078125 -0.140121459960938 0.00785064697265624 -0.0509605407714844
-0.204116821289063 0.00689697265625004 0.0328750610351562 -0.0430946350097656
-0.147247314453125 0.107955932617188 0.0222930908203125 -0.0863265991210938
-0.0438690185546875 0.185546875 -0.010833740234375 -0.0863037109375
0.0313262939453125 0.173965454101563 -0.04486083984375 -0.0787734985351562
0.03143310546875 0.161300659179688 -0.0512619018554688 -0.0824050903320312
0.0334014892578125 0.183395385742188 -0.0349349975585938 -0.100715637207031
-0.02337646484375 0.183639526367187 0.00858306884765624 -0.107307434082031
-0.117218017578125 0.136947631835938 0.0616226196289062 -0.107376098632812
-0.173446655273438 0.0623321533203125 0.111335754394531 -0.0513229370117187
-0.173812866210937 -0.109283447265625 0.131706237792969 0.0420684814453125
-0.110870361328125 -0.221786499023437 0.0681304931640625 0.0875701904296875
-0.02825927734375 -0.237884521484375 0.016632080078125 0.12152099609375
-0.0585784912109375 -0.209518432617188 0.127944946289063 -0.222930908203125
-0.11614990234375 -0.158859252929688 0.027374267578125 -0.145904541015625
-0.1474609375 -0.07354736328125 0.0133628845214844 -0.052703857421875
-0.139312744140625 0.024078369140625 0.0564155578613281 -0.0608901977539063
-0.0933761596679687 0.0832138061523438 0.0377731323242188 -0.117156982421875
-0.0252456665039062 0.130180358886719 -0.0171661376953125 -0.134071350097656
0.0203933715820313 0.120719909667969 -0.0684432983398437 -0.126510620117187
0.0222854614257812 0.115547180175781 -0.0837860107421875 -0.122428894042969
0.021087646484375 0.132286071777344 -0.064910888671875 -0.142868041992188
-0.0192108154296875 0.127517700195313 -0.00715637207031248 -0.155624389648438
-0.0834732055664063 0.0946044921875 0.05633544921875 -0.1424560546875
-0.119865417480469 0.04766845703125 0.109481811523437 -0.0737533569335937
-0.129447937011719 -0.071746826171875 0.114639282226562 0.015594482421875
-0.103591918945312 -0.157440185546875 0.0364990234375 0.0354347229003906
-0.0556640625 -0.187149047851563 0.0212860107421875 0.0391006469726562
-0.102378845214844 -0.132431030273438 0.115951538085937 -0.268203735351563
-0.119720458984375 -0.0693359375 0.0135040283203125 -0.165786743164063
-0.101142883300781 0.000755310058593766 0.00704956054687499 -0.0552215576171875
-0.0595664978027344 0.0420112609863281 0.0587692260742187 -0.07135009765625
-0.0267868041992187 0.0501937866210937 0.036895751953125 -0.127006530761719
-0.000938415527343746 0.058624267578125 -0.0260467529296875 -0.155349731445313
0.0080413818359375 0.0504341125488281 -0.084625244140625 -0.151290893554688
0.0100250244140625 0.0523757934570313 -0.102813720703125 -0.144424438476563
0.00466537475585937 0.0626068115234375 -0.0809326171875 -0.166458129882813
-0.0160560607910156 0.049346923828125 -0.0126953125 -0.182830810546875
-0.038818359375 0.0312995910644531 0.05474853515625 -0.1529541015625
-0.0453681945800781 0.0180473327636719 0.104148864746094 -0.07757568359375
-0.056121826171875 -0.0248222351074219 0.090087890625 0.00341033935546875
-0.0732574462890625 -0.0651626586914063 0.00883769989013671 -0.000483512878417973
-0.0725784301757812 -0.101577758789063 0.021087646484375 -0.023040771484375
-0.128440856933594 -0.0407180786132813 0.090850830078125 -0.297637939453125
-0.102348327636719 0.0173416137695313 -0.00759887695312501 -0.182342529296875
-0.0491104125976563 0.0645256042480469 -0.0133323669433594 -0.0597915649414063
0.0176620483398437 0.0512313842773438 0.0401763916015625 -0.0737991333007813
0.0358390808105469 0.0134391784667969 0.02117919921875 -0.115638732910156
0.0220680236816406 -0.0165061950683594 -0.037261962890625 -0.149002075195313
-0.00518417358398437 -0.0254707336425781 -0.090789794921875 -0.15081787109375
-0.00308418273925781 -0.0175895690917969 -0.107040405273438 -0.14453125
-0.0123252868652344 -0.0170106887817383 -0.080841064453125 -0.168365478515625
-0.00808906555175781 -0.0347232818603516 -0.00738525390625001 -0.185348510742188
0.0138931274414063 -0.0341205596923828 0.0572357177734375 -0.141326904296875
0.0352859497070312 -0.00759124755859375 0.0971298217773438 -0.0644378662109375
0.0186481475830078 0.0315494537353516 0.0654144287109375 0.00429916381835938
-0.039306640625 0.0393486022949219 -0.0101451873779297 -0.0160188674926758
-0.0856704711914063 0.000366210937499996 0.0142974853515625 -0.0568122863769531
0.0954513549804687 -0.117767333984375 0.0290679931640625 0.0650405883789062
-0.00892639160156249 -0.164321899414062 0.0273380279541016 0.00457572937011718
-0.113929748535156 -0.0844879150390625 -0.0525856018066406 -0.0278091430664063
-0.121040344238281 0.033447265625 -0.0988082885742188 0.0513992309570313
-0.0682907104492188 0.0865936279296875 -0.0635910034179688 0.118080139160156
0.00809478759765626 0.112396240234375 0.02252197265625 0.173187255859375
0.0467147827148438 0.102127075195313 0.09332275390625 0.165924072265625
0.0286636352539063 0.0928192138671875 0.109481811523437 0.131263732910156
0.0211410522460937 0.106048583984375 0.0889434814453125 0.129913330078125
-0.0348663330078125 0.09930419921875 0.0366134643554688 0.13677978515625
-0.087371826171875 0.0448455810546875 0.0140151977539062 0.096038818359375
-0.0881729125976563 -0.031036376953125 0.0105972290039062 0.0676994323730469
-0.0177536010742188 -0.105400085449219 0.0394363403320313 0.110565185546875
0.0742111206054687 -0.103805541992187 0.0603485107421875 0.21875
0.112709045410156 -0.043670654296875 -0.089599609375 0.349822998046875
0.091888427734375 -0.214859008789062 0.05029296875 0.0286979675292969
-0.037078857421875 -0.243759155273438 0.0301609039306641 -0.0135135650634766
-0.16497802734375 -0.143051147460938 -0.0365943908691406 -0.0363998413085938
-0.192276000976563 0.023773193359375 -0.0759963989257813 0.0263748168945313
-0.125068664550781 0.121688842773437 -0.0561332702636719 0.0702400207519531
-0.0111846923828125 0.180191040039062 0.00765991210937501 0.123802185058594
0.058197021484375 0.16632080078125 0.0617828369140625 0.123847961425781
0.04144287109375 0.151519775390625 0.078369140625 0.0913314819335938
0.034759521484375 0.171783447265625 0.0690078735351563 0.0821456909179688
-0.038848876953125 0.16461181640625 0.0399703979492188 0.0885238647460938
-0.124519348144531 0.0965118408203125 0.0376701354980469 0.0539131164550781
-0.148056030273438 -0.00317382812499998 0.0482254028320312 0.0468482971191406
-0.0841598510742187 -0.13916015625 0.0841903686523438 0.112022399902344
0.0214385986328125 -0.186233520507813 0.0896148681640625 0.217239379882812
0.0905609130859375 -0.143707275390625 -0.050750732421875 0.33905029296875
0.073699951171875 -0.28192138671875 0.0762176513671875 -0.03179931640625
-0.062164306640625 -0.292327880859375 0.0309257507324219 -0.0458450317382813
-0.198165893554688 -0.182952880859375 -0.0221786499023438 -0.0429916381835938
-0.239410400390625 0.0118865966796875 -0.0446815490722656 0.00194931030273438
-0.166580200195313 0.139312744140625 -0.0378570556640625 0.0158348083496094
-0.03057861328125 0.222427368164063 -0.00461578369140625 0.0574913024902344
0.0598297119140625 0.206741333007812 0.0225944519042969 0.0627937316894531
0.0484771728515625 0.188018798828125 0.0346145629882813 0.0366058349609375
0.0458984375 0.212677001953125 0.0366172790527344 0.0216941833496094
-0.0333099365234375 0.2095947265625 0.0350246429443359 0.026052474975586
-0.1436767578125 0.141693115234375 0.0548973083496094 -0.000747680664062491
-0.192230224609375 0.0331573486328125 0.0819473266601562 0.0155029296875
-0.15106201171875 -0.152450561523438 0.121665954589844 0.0981903076171875
-0.044097900390625 -0.244781494140625 0.105636596679688 0.192520141601563
0.05035400390625 -0.224868774414063 -0.015380859375 0.2939453125
0.03759765625 -0.306915283203125 0.100593566894531 -0.105720520019531
-0.087799072265625 -0.2965087890625 0.0290298461914062 -0.0871124267578125
-0.211517333984375 -0.186538696289063 -0.00952911376953126 -0.0480270385742188
-0.252365112304688 0.00640869140625004 -0.0070629119873047 -0.0223026275634766
-0.180023193359375 0.140670776367187 -0.0113983154296875 -0.0402603149414063
-0.0427093505859375 0.230712890625 -0.0133981704711914 -0.0171012878417969
0.053924560546875 0.215438842773438 -0.0179576873779297 -0.00777626037597655
0.0479278564453125 0.196243286132813 -0.0142421722412109 -0.0233592987060547
0.0496673583984375 0.222320556640625 -0.00469589233398437 -0.0423202514648437
-0.024688720703125 0.224411010742188 0.0197181701660156 -0.0443801879882812
-0.1431884765625 0.165634155273438 0.0602073669433594 -0.0620956420898437
-0.20916748046875 0.0640716552734375 0.103866577148437 -0.024749755859375
-0.195220947265625 -0.142730712890625 0.141433715820313 0.0693359375
-0.100906372070312 -0.265838623046875 0.099700927734375 0.145477294921875
0.00518798828124998 -0.268463134765625 0.0100250244140625 0.217117309570312
-0.01080322265625 -0.28662109375 0.117385864257813 -0.18212890625
-0.1114501953125 -0.253524780273438 0.024871826171875 -0.12689208984375
-0.199325561523438 -0.149917602539062 0.00129699707031249 -0.0525054931640625
-0.222503662109375 0.01263427734375 0.0282745361328125 -0.046905517578125
-0.156631469726563 0.124542236328125 0.0143203735351562 -0.0910568237304687
-0.04144287109375 0.20269775390625 -0.0203399658203125 -0.0880584716796875
0.0410614013671875 0.189468383789063 -0.0534896850585938 -0.0762557983398437
0.0401153564453125 0.175079345703125 -0.0597076416015625 -0.0795364379882812
0.0429840087890625 0.199478149414063 -0.0463638305664062 -0.10150146484375
-0.0190277099609375 0.20111083984375 -0.00200653076171876 -0.111213684082031
-0.12469482421875 0.153854370117188 0.055145263671875 -0.117965698242187
-0.1878662109375 0.07269287109375 0.111480712890625 -0.0625
-0.194000244140625 -0.116928100585937 0.139350891113281 0.0346298217773437
-0.126480102539062 -0.240371704101563 0.0729904174804687 0.0856781005859375
-0.032989501953125 -0.261489868164063 0.0225753784179688 0.122077941894531
-0.0619964599609375 -0.22589111328125 0.120864868164063 -0.24798583984375
-0.125 -0.172439575195312 0.0171661376953125 -0.15960693359375
-0.160293579101563 -0.08197021484375 0.00753021240234374 -0.05609130859375
-0.152923583984375 0.02569580078125 0.0524787902832031 -0.0668983459472656
-0.102180480957031 0.0928802490234375 0.030731201171875 -0.12493896484375
-0.02703857421875 0.143585205078125 -0.0277938842773437 -0.139854431152344
0.0249252319335937 0.13397216796875 -0.0809783935546875 -0.1285400390625
0.0266265869140625 0.126792907714844 -0.0962600708007813 -0.123016357421875
0.026397705078125 0.146469116210937 -0.0797119140625 -0.146331787109375
-0.019622802734375 0.141510009765625 -0.0193634033203125 -0.163619995117188
-0.0924758911132812 0.105567932128906 0.04949951171875 -0.155242919921875
-0.132179260253906 0.0522994995117188 0.109123229980469 -0.0859909057617188
-0.142364501953125 -0.07989501953125 0.118942260742187 0.00782012939453124
-0.112884521484375 -0.171310424804687 0.0375785827636719 0.0308799743652344
-0.057830810546875 -0.203750610351563 0.0268039703369141 0.0324077606201172
-0.104942321777344 -0.13787841796875 0.110198974609375 -0.2978515625
-0.121772766113281 -0.0747222900390625 0.00331115722656248 -0.18206787109375
-0.105033874511719 -0.00356292724609375 0.00144577026367187 -0.0593452453613281
-0.0652542114257813 0.0394363403320313 0.0560684204101563 -0.0782546997070313
-0.0332107543945313 0.0528945922851562 0.0313339233398437 -0.136016845703125
-0.00522994995117187 0.0657386779785156 -0.0367584228515625 -0.163421630859375
0.00685882568359375 0.0593757629394531 -0.0984649658203125 -0.156204223632813
0.00938034057617188 0.0601882934570312 -0.11700439453125 -0.14752197265625
0.00378417968749999 0.0723800659179688 -0.0961761474609375 -0.173507690429688
-0.0214958190917969 0.0585403442382813 -0.0253143310546875 -0.19427490234375
-0.0486602783203125 0.0353355407714844 0.048980712890625 -0.167144775390625
-0.0541648864746094 0.0162582397460938 0.104881286621094 -0.0890731811523437
-0.0609092712402344 -0.0331535339355469 0.0933914184570312 -0.003021240234375
-0.0743484497070313 -0.0734939575195312 0.0081949234008789 -0.00656461715698243
-0.0710678100585938 -0.109962463378906 0.0269813537597656 -0.03582763671875
-0.12939453125 -0.0347061157226563 0.0855712890625 -0.328887939453125
-0.0996780395507813 0.021026611328125 -0.018585205078125 -0.200164794921875
-0.0440177917480469 0.0650405883789063 -0.0198097229003906 -0.0636672973632813
0.0199012756347656 0.0465240478515625 0.037628173828125 -0.0799560546875
0.0340003967285156 0.00871467590332031 0.0174560546875 -0.123771667480469
0.015467643737793 -0.0168352127075195 -0.045928955078125 -0.157546997070312
-0.0117435455322266 -0.0219631195068359 -0.103302001953125 -0.157958984375
-0.00890064239501953 -0.0149240493774414 -0.120468139648438 -0.150527954101563
-0.0183200836181641 -0.0117168426513672 -0.095001220703125 -0.177947998046875
-0.0176353454589844 -0.0319843292236328 -0.0189361572265625 -0.198928833007813
0.00426101684570313 -0.0373611450195313 0.053863525390625 -0.155059814453125
0.0314960479736328 -0.0150012969970703 0.0998687744140625 -0.0740966796875
0.0232486724853516 0.0240707397460938 0.0681915283203125 -1.14440917968735E-05
-0.0324897766113281 0.0376777648925781 -0.0105476379394531 -0.0223331451416016
-0.0806350708007812 0.0023651123046875 0.0219497680664062 -0.0719680786132812
0.08367919921875 -0.128829956054688 0.0255126953125 0.0765304565429687
-0.0269622802734375 -0.163238525390625 0.0261783599853516 0.00994110107421874
-0.122802734375 -0.073577880859375 -0.055450439453125 -0.0226860046386719
-0.11669921875 0.0460662841796875 -0.0986862182617188 0.060333251953125
-0.0593338012695312 0.0950088500976563 -0.0585403442382813 0.128334045410156
0.021087646484375 0.110931396484375 0.0349884033203125 0.179824829101563
0.059661865234375 0.097503662109375 0.109970092773438 0.167800903320313
0.0411529541015625 0.090728759765625 0.123207092285156 0.131851196289063
0.0355224609375 0.104644775390625 0.100860595703125 0.13250732421875
-0.0230712890625 0.105392456054688 0.04638671875 0.143112182617188
-0.0831527709960938 0.0571136474609375 0.019012451171875 0.099365234375
-0.0948638916015625 -0.0207443237304687 0.0145378112792969 0.06854248046875
-0.0321807861328125 -0.105209350585938 0.0521163940429688 0.111991882324219
0.0613250732421875 -0.115058898925781 0.078826904296875 0.225418090820313
0.108261108398438 -0.05963134765625 -0.0718994140625 0.375457763671875
0.0753021240234375 -0.232208251953125 0.0435409545898438 0.0361099243164062
-0.0611419677734375 -0.2474365234375 0.0271568298339844 -0.00882720947265627
-0.181640625 -0.13348388671875 -0.0408058166503906 -0.0319938659667969
-0.193832397460938 0.0403900146484375 -0.0784530639648438 0.0332412719726563
-0.117286682128906 0.136146545410156 -0.0557479858398437 0.0795059204101563
0.00494384765624999 0.184707641601563 0.0147171020507813 0.131378173828125
0.07623291015625 0.165924072265625 0.0734405517578125 0.129051208496094
0.0580902099609375 0.152786254882813 0.0880966186523438 0.0942916870117188
0.053619384765625 0.174163818359375 0.075897216796875 0.0854110717773438
-0.0233612060546875 0.175384521484375 0.045379638671875 0.093963623046875
-0.120803833007813 0.114166259765625 0.039276123046875 0.0534324645996094
-0.157241821289063 0.0113067626953125 0.0507774353027344 0.0434989929199219
-0.10418701171875 -0.138938903808594 0.0967864990234375 0.10833740234375
0.00137329101562498 -0.20037841796875 0.108108520507813 0.219436645507813
0.08087158203125 -0.165206909179688 -0.03228759765625 0.358856201171875
0.054351806640625 -0.30322265625 0.0654563903808594 -0.0304450988769531
-0.0892333984375 -0.29998779296875 0.0240364074707031 -0.0433006286621094
-0.220932006835937 -0.175445556640625 -0.0280418395996094 -0.0391311645507813
-0.24786376953125 0.0294189453125 -0.0489959716796875 0.00646209716796874
-0.161468505859375 0.158462524414062 -0.0417137145996094 0.0226516723632813
-0.0133819580078125 0.23236083984375 -0.00382614135742188 0.064483642578125
0.08099365234375 0.210159301757813 0.0280570983886719 0.0696067810058594
0.066925048828125 0.192001342773438 0.038543701171875 0.0422401428222656
0.06671142578125 0.218353271484375 0.036529541015625 0.0259437561035156
-0.0164794921875 0.223541259765625 0.0347671508789063 0.0296249389648438
-0.1405029296875 0.162399291992188 0.0519256591796875 -0.00460815429687499
-0.20196533203125 0.050262451171875 0.0824432373046875 0.0077667236328125
-0.17462158203125 -0.150680541992188 0.133377075195313 0.0901641845703125
-0.06890869140625 -0.258819580078125 0.121505737304688 0.19146728515625
0.0366363525390625 -0.2476806640625 0.00134277343749999 0.3065185546875
0.01922607421875 -0.32940673828125 0.0866851806640625 -0.112129211425781
-0.114532470703125 -0.307403564453125 0.0189590454101562 -0.0875625610351563
-0.2366943359375 -0.183273315429688 -0.0160865783691406 -0.0460739135742188
-0.2655029296875 0.0235443115234375 -0.013204574584961 -0.0211200714111328
-0.178543090820313 0.161468505859375 -0.0190773010253906 -0.037567138671875
-0.0276641845703125 0.244583129882813 -0.0194377899169922 -0.0125141143798828
0.07391357421875 0.222335815429688 -0.0194454193115234 -0.000488281249999985
0.065673828125 0.203094482421875 -0.0167646408081055 -0.0164966583251953
0.070465087890625 0.230850219726562 -0.0111427307128906 -0.0379600524902344
-0.00891113281249997 0.23919677734375 0.01312255859375 -0.0425453186035156
-0.140396118164063 0.187423706054688 0.0527000427246094 -0.0684928894042968
-0.2188720703125 0.0821533203125 0.101425170898438 -0.0355911254882813
-0.218978881835937 -0.140045166015625 0.149948120117188 0.058868408203125
-0.126907348632812 -0.278182983398438 0.111007690429688 0.141403198242187
-0.010833740234375 -0.28955078125 0.0224456787109375 0.22100830078125
-0.0255126953125 -0.30535888671875 0.101287841796875 -0.196685791015625
-0.132965087890625 -0.26361083984375 0.0110626220703125 -0.132064819335938
-0.2210693359375 -0.149368286132812 -0.00600433349609377 -0.0526237487792969
-0.236373901367188 0.0254058837890625 0.0221824645996094 -0.0488014221191406
-0.158218383789062 0.143112182617188 0.00413513183593748 -0.092742919921875
-0.0309600830078125 0.217575073242188 -0.0314254760742187 -0.0857772827148437
0.057342529296875 0.198272705078125 -0.061798095703125 -0.06988525390625
0.054962158203125 0.183120727539063 -0.0685272216796875 -0.072265625
0.0602264404296875 0.208953857421875 -0.0591201782226563 -0.0975570678710937
-0.0073394775390625 0.215408325195313 -0.0135955810546875 -0.111076354980469
-0.1240234375 0.17230224609375 0.0439682006835937 -0.12628173828125
-0.196640014648437 0.08660888671875 0.105804443359375 -0.07513427734375
-0.213653564453125 -0.115463256835937 0.143096923828125 0.023529052734375
-0.149017333984375 -0.249481201171875 0.0782623291015625 0.0800399780273437
-0.04705810546875 -0.278488159179688 0.030364990234375 0.119377136230469
-0.0717010498046875 -0.23712158203125 0.103118896484375 -0.269729614257812
-0.137863159179687 -0.179092407226563 0.00125122070312499 -0.168243408203125
-0.174713134765625 -0.083831787109375 -0.000339508056640638 -0.0575180053710938
-0.163909912109375 0.03216552734375 0.045806884765625 -0.0719757080078125
-0.106391906738281 0.105644226074219 0.0190200805664062 -0.1302490234375
-0.022552490234375 0.156021118164062 -0.04217529296875 -0.140472412109375
0.0345611572265625 0.143524169921875 -0.0942306518554687 -0.12432861328125
0.0356521606445312 0.135139465332031 -0.109062194824219 -0.117362976074219
0.03619384765625 0.156341552734375 -0.0962371826171875 -0.143295288085938
-0.01385498046875 0.154083251953125 -0.0359649658203125 -0.166305541992187
-0.0956192016601562 0.11932373046875 0.0356292724609375 -0.164703369140625
-0.140777587890625 0.060455322265625 0.103523254394531 -0.0978012084960938
-0.155929565429688 -0.0818939208984375 0.120315551757812 -0.00215911865234376
-0.126815795898438 -0.179122924804688 0.0377426147460937 0.0249595642089844
-0.0665435791015625 -0.216201782226563 0.0308742523193359 0.023019790649414
-0.108901977539063 -0.139335632324219 0.091552734375 -0.323211669921875
-0.125457763671875 -0.0759048461914062 -0.0132598876953125 -0.193679809570313
-0.108932495117188 -0.00524139404296877 -0.00644683837890626 -0.0615081787109375
-0.0706787109375 0.0388717651367187 0.0500259399414062 -0.0844345092773438
-0.0368309020996094 0.0564651489257813 0.0208282470703125 -0.142364501953125
-0.0072021484375 0.0733642578125 -0.0507659912109375 -0.16607666015625
0.00847625732421876 0.0676116943359375 -0.113784790039063 -0.154617309570312
0.0113677978515625 0.0673294067382813 -0.132720947265625 -0.143585205078125
0.00658416748046876 0.0817794799804688 -0.115203857421875 -0.172119140625
-0.0233840942382813 0.0690269470214844 -0.0433502197265625 -0.198745727539062
-0.0562667846679687 0.0424346923828125 0.0365142822265625 -0.177474975585938
-0.0624580383300781 0.0172195434570312 0.1004638671875 -0.100448608398438
-0.0665016174316406 -0.0392341613769531 0.0931015014648438 -0.0106658935546875
-0.0769500732421875 -0.07958984375 0.00581741333007812 -0.011988639831543
-0.0723342895507812 -0.115036010742187 0.0288581848144531 -0.0494499206542969
-0.1278076171875 -0.0257339477539062 0.06707763671875 -0.354400634765625
-0.0943374633789063 0.02520751953125 -0.035430908203125 -0.211990356445313
-0.0373725891113281 0.0646018981933594 -0.0271720886230469 -0.0647392272949219
0.0213470458984375 0.039947509765625 0.031890869140625 -0.0850067138671875
0.0304088592529297 0.00424385070800781 0.00994873046875 -0.129997253417969
0.00822830200195313 -0.0158853530883789 -0.0575714111328125 -0.160568237304688
-0.0179309844970703 -0.0159168243408203 -0.118255615234375 -0.158233642578125
-0.0136423110961914 -0.00979900360107422 -0.136199951171875 -0.148651123046875
-0.0230388641357422 -0.00510597229003907 -0.113540649414063 -0.179901123046875
-0.0260601043701172 -0.0259628295898438 -0.0361480712890625 -0.206939697265625
-0.00626373291015625 -0.0375022888183594 0.0438690185546875 -0.166412353515625
0.0251274108886719 -0.0215091705322266 0.09747314453125 -0.0850830078125
0.0253124237060547 0.0155849456787109 0.0688285827636719 -0.00632095336914062
-0.0247802734375 0.0346317291259766 -0.0127735137939453 -0.0279541015625
-0.0744094848632813 0.00534820556640625 0.0241165161132813 -0.0876312255859375
0.0696945190429688 -0.133781433105469 0.0240402221679688 0.0867996215820312
-0.0419158935546875 -0.155517578125 0.0256404876708984 0.0153770446777344
-0.125961303710938 -0.0600509643554687 -0.0558815002441406 -0.0172309875488281
-0.108695983886719 0.0556640625 -0.0954666137695313 0.0674896240234375
-0.0482025146484375 0.0983123779296875 -0.0508346557617187 0.134368896484375
0.031280517578125 0.105323791503906 0.04718017578125 0.18096923828125
0.0697555541992187 0.0890731811523438 0.122406005859375 0.164642333984375
0.0506134033203125 0.0847091674804687 0.133949279785156 0.128105163574219
0.046661376953125 0.0987625122070313 0.11083984375 0.1298828125
-0.010345458984375 0.1068115234375 0.0567474365234375 0.144485473632813
-0.07537841796875 0.066131591796875 0.0243606567382813 0.0994338989257812
-0.096221923828125 -0.00994110107421876 0.0176734924316406 0.0669937133789063
-0.0443115234375 -0.100288391113281 0.0624923706054688 0.108421325683594
0.0466232299804688 -0.120361328125 0.094818115234375 0.22418212890625
0.0990524291992188 -0.0714035034179688 -0.050445556640625 0.387542724609375
0.0564727783203125 -0.240768432617187 0.03765869140625 0.0443382263183594
-0.0814361572265625 -0.240631103515625 0.0245304107666016 -0.0032482147216797
-0.191238403320313 -0.119476318359375 -0.0426902770996094 -0.0265846252441406
-0.189193725585938 0.0541839599609375 -0.077606201171875 0.0394821166992188
-0.10546875 0.145065307617187 -0.0523300170898438 0.0863723754882813
0.0196685791015625 0.182342529296875 0.0223922729492187 0.135543823242187
0.091156005859375 0.159027099609375 0.0838699340820313 0.129592895507813
0.071502685546875 0.14764404296875 0.0957183837890625 0.0934982299804688
0.0700836181640625 0.169509887695313 0.081024169921875 0.086029052734375
-0.00775146484374999 0.179183959960938 0.0516738891601563 0.096466064453125
-0.111968994140625 0.127204895019531 0.0401382446289063 0.0527229309082031
-0.159835815429688 0.0245819091796875 0.0512619018554687 0.0392570495605469
-0.12005615234375 -0.133224487304688 0.105514526367187 0.100738525390625
-0.018707275390625 -0.2056884765625 0.122283935546875 0.2152099609375
0.066619873046875 -0.179046630859375 -0.013153076171875 0.367279052734375
0.03387451171875 -0.313629150390625 0.0549087524414063 -0.0260543823242188
-0.112823486328125 -0.2950439453125 0.0185623168945312 -0.0384025573730469
-0.236572265625 -0.162460327148438 -0.03118896484375 -0.0340938568115235
-0.247238159179688 0.046478271484375 -0.05078125 0.0113792419433594
-0.150543212890625 0.171875 -0.0430030822753906 0.0289878845214844
0.00315856933593752 0.234588623046875 -0.00167083740234376 0.070556640625
0.0980682373046875 0.205581665039063 0.0339279174804688 0.0740966796875
0.082733154296875 0.188812255859375 0.0424118041992188 0.0451126098632813
0.0858612060546875 0.215988159179688 0.0369911193847656 0.0295333862304688
0.000854492187500009 0.228179931640625 0.0351123809814453 0.0328216552734375
-0.130722045898438 0.1778564453125 0.0479736328125 -0.00720977783203124
-0.204315185546875 0.066619873046875 0.0793304443359375 0.000862121582031254
-0.192184448242188 -0.142868041992187 0.138839721679688 0.0796661376953125
-0.0923919677734375 -0.263015747070313 0.132980346679688 0.184188842773438
0.019439697265625 -0.261306762695312 0.01727294921875 0.30914306640625
6.10351562500297E-05 -0.339996337890625 0.0711517333984375 -0.112777709960938
-0.137542724609375 -0.304779052734375 0.00935363769531249 -0.0839080810546875
-0.254791259765625 -0.1722412109375 -0.0209197998046875 -0.0418128967285156
-0.269195556640625 0.040740966796875 -0.0175113677978516 -0.0183391571044922
-0.17041015625 0.176681518554687 -0.0253543853759766 -0.0328407287597656
-0.0117034912109375 0.250640869140625 -0.0232505798339844 -0.00529289245605468
0.0912017822265625 0.220703125 -0.0188369750976562 0.00707435607910158
0.082122802734375 0.202377319335937 -0.0173044204711914 -0.00992298126220702
0.08880615234375 0.230636596679688 -0.0161705017089844 -0.032012939453125
0.00794982910156251 0.245330810546875 0.00771331787109375 -0.0385093688964844
-0.131317138671875 0.202072143554687 0.0439071655273438 -0.0715866088867187
-0.219924926757813 0.0983123779296875 0.0947189331054688 -0.043792724609375
-0.236236572265625 -0.131866455078125 0.152236938476562 0.046539306640625
-0.15032958984375 -0.279617309570313 0.117851257324219 0.133308410644531
-0.028717041015625 -0.3009033203125 0.032684326171875 0.219161987304688
-0.041107177734375 -0.31427001953125 0.081512451171875 -0.202606201171875
-0.151077270507813 -0.263427734375 -0.00201416015625001 -0.131057739257813
-0.238296508789063 -0.142684936523437 -0.0120773315429688 -0.0497283935546875
-0.242584228515625 0.0389556884765625 0.0152091979980469 -0.04852294921875
-0.153564453125 0.157119750976563 -0.00608825683593751 -0.0902175903320313
-0.01861572265625 0.225875854492188 -0.0403671264648438 -0.079498291015625
0.0723876953125 0.20037841796875 -0.0665168762207031 -0.0611648559570312
0.068328857421875 0.1844482421875 -0.0734100341796875 -0.0635833740234375
0.075531005859375 0.211471557617187 -0.0687789916992187 -0.0894546508789062
0.00613403320312498 0.222625732421875 -0.0242233276367188 -0.10662841796875
-0.118255615234375 0.186447143554687 0.0316543579101562 -0.129364013671875
-0.198928833007813 0.100265502929687 0.09796142578125 -0.0832901000976563
-0.228042602539063 -0.109085083007813 0.142333984375 0.0123748779296875
-0.167938232421875 -0.250473022460938 0.079742431640625 0.0728607177734375
-0.061737060546875 -0.286651611328125 0.0354232788085937 0.113258361816406
-0.0810699462890625 -0.241729736328125 0.0813140869140625 -0.280517578125
-0.148147583007813 -0.179840087890625 -0.01409912109375 -0.170700073242188
-0.185714721679688 -0.0810546875 -0.00708007812500001 -0.0560111999511719
-0.170822143554688 0.0395050048828125 0.0382843017578125 -0.073883056640625
-0.105392456054688 0.115501403808594 0.00724029541015625 -0.130241394042969
-0.0157470703125 0.16461181640625 -0.0536727905273438 -0.135711669921875
0.04425048828125 0.147918701171875 -0.103385925292969 -0.115203857421875
0.0446243286132812 0.138648986816406 -0.117790222167969 -0.107322692871094
0.0472412109375 0.160995483398438 -0.108833312988281 -0.135177612304688
-0.00665283203124999 0.162765502929688 -0.049560546875 -0.161880493164063
-0.0946121215820313 0.130447387695313 0.0219573974609375 -0.1676025390625
-0.144577026367188 0.0689239501953125 0.0941009521484375 -0.106086730957031
-0.16650390625 -0.07989501953125 0.117424011230469 -0.0104293823242188
-0.138229370117187 -0.18109130859375 0.0360755920410156 0.0193862915039062
-0.0745849609375 -0.221176147460938 0.0314693450927734 0.0135765075683594
-0.110176086425781 -0.137962341308594 0.069427490234375 -0.33709716796875
-0.126274108886719 -0.0751876831054687 -0.029388427734375 -0.197784423828125
-0.11114501953125 -0.00638580322265627 -0.0131874084472656 -0.0604286193847656
-0.0748672485351562 0.0391159057617188 0.04180908203125 -0.0871734619140625
-0.0396270751953125 0.0597419738769531 0.010101318359375 -0.143783569335938
-0.00733184814453125 0.0796661376953125 -0.0633697509765625 -0.162689208984375
0.01214599609375 0.073760986328125 -0.124725341796875 -0.147598266601563
0.0145950317382813 0.0720977783203125 -0.142898559570313 -0.13531494140625
0.011138916015625 0.0881118774414063 -0.129409790039063 -0.16436767578125
-0.0225372314453125 0.0776443481445313 -0.05987548828125 -0.196563720703125
-0.0608978271484375 0.0500564575195313 0.0221099853515625 -0.181228637695313
-0.06829833984375 0.019256591796875 0.0914688110351562 -0.1083984375
-0.0721588134765625 -0.0429763793945313 0.0898818969726563 -0.0173797607421875
-0.0801162719726563 -0.0839157104492188 0.00234127044677734 -0.0164241790771484
-0.0731277465820313 -0.11749267578125 0.0276069641113281 -0.0615119934082031
-0.12286376953125 -0.0187149047851563 0.044036865234375 -0.3690185546875
-0.087066650390625 0.0269088745117188 -0.0521697998046875 -0.215530395507813
-0.0308914184570312 0.0610504150390625 -0.0337715148925781 -0.0629501342773438
0.0200614929199219 0.0338058471679688 0.0247573852539063 -0.0864181518554688
0.0259819030761719 0.0012054443359375 0.00127410888671874 -0.130928039550781
0.00236797332763672 -0.0124654769897461 -0.0678863525390625 -0.158966064453125
-0.0213642120361328 -0.0094451904296875 -0.13006591796875 -0.15277099609375
-0.0168752670288086 -0.00403785705566406 -0.1473388671875 -0.14215087890625
-0.0255393981933594 0.00245285034179688 -0.128433227539063 -0.174514770507813
-0.0318508148193359 -0.0178890228271484 -0.0531005859375 -0.2069091796875
-0.0160369873046875 -0.0344161987304688 0.031341552734375 -0.17169189453125
0.0175228118896484 -0.0255565643310547 0.091339111328125 -0.0931015014648438
0.0251846313476562 0.00687980651855469 0.0668601989746094 -0.0110130310058594
-0.0181388854980469 0.0290641784667969 -0.015533447265625 -0.0326690673828125
-0.0668830871582031 0.00611877441406251 0.0228347778320313 -0.101219177246094
0.0592498779296875 -0.133232116699219 0.0216293334960938 0.0970001220703125
-0.0504302978515625 -0.146987915039063 0.0257740020751953 0.0207481384277344
-0.124549865722656 -0.0505828857421875 -0.0548858642578125 -0.0133895874023438
-0.100166320800781 0.0598220825195313 -0.0924911499023438 0.0707855224609375
-0.039886474609375 0.0975265502929688 -0.0447769165039063 0.136863708496094
0.0372314453125 0.09881591796875 0.054931640625 0.179718017578125
0.0743560791015625 0.0809249877929688 0.130401611328125 0.160964965820313
0.0555648803710938 0.0783309936523438 0.138214111328125 0.123870849609375
0.0534744262695312 0.0919952392578125 0.1156005859375 0.127525329589844
-0.00106811523437499 0.104751586914063 0.0632171630859375 0.144546508789063
-0.0683441162109375 0.0712203979492187 0.0266571044921875 0.0989913940429688
-0.0958480834960938 -0.00229644775390627 0.0190773010253906 0.0655937194824219
-0.0517196655273437 -0.0937271118164063 0.0682144165039063 0.104408264160156
0.0352325439453125 -0.121047973632813 0.103866577148438 0.221405029296875
0.0892868041992188 -0.0785598754882813 -0.037353515625 0.392822265625
0.0429840087890625 -0.242111206054687 0.0322494506835938 0.0539283752441406
-0.093475341796875 -0.2322998046875 0.0227222442626953 0.00219345092773436
-0.194473266601563 -0.10888671875 -0.0422286987304688 -0.0223541259765625
-0.182937622070312 0.0615081787109375 -0.0764694213867188 0.0435409545898438
-0.09564208984375 0.147613525390625 -0.049530029296875 0.0904083251953125
0.028106689453125 0.17767333984375 0.0272445678710938 0.137344360351563
0.0990142822265625 0.151290893554688 0.0896759033203125 0.128997802734375
0.0794525146484375 0.141555786132812 0.0996932983398438 0.09271240234375
0.08013916015625 0.163909912109375 0.0843734741210938 0.0864105224609375
0.00367736816406249 0.17877197265625 0.055145263671875 0.0981979370117188
-0.103904724121094 0.134193420410156 0.0394439697265625 0.0517959594726563
-0.159698486328125 0.0344696044921875 0.0498542785644531 0.0363922119140625
-0.130058288574219 -0.126800537109375 0.109245300292969 0.0942611694335937
-0.033447265625 -0.207275390625 0.12945556640625 0.210525512695313
0.0550384521484375 -0.186614990234375 -0.00198364257812499 0.369110107421875
0.01983642578125 -0.316375732421875 0.0460891723632812 -0.0185623168945313
-0.125885009765625 -0.28863525390625 0.0148506164550781 -0.0326290130615235
-0.243606567382813 -0.152297973632812 -0.0323219299316406 -0.0301170349121094
-0.244476318359375 0.0560455322265625 -0.0516242980957031 0.0153541564941406
-0.141525268554688 0.177078247070312 -0.0436630249023438 0.0338325500488281
0.0131683349609375 0.232513427734375 -0.000175476074218743 0.0750503540039063
0.108718872070312 0.199417114257813 0.0382308959960938 0.0769882202148438
0.092254638671875 0.184707641601563 0.0453681945800781 0.048095703125
0.09735107421875 0.211395263671875 0.0369949340820313 0.0329093933105469
0.0131683349609375 0.2294921875 0.0357894897460938 0.0361785888671875
-0.122314453125 0.186721801757813 0.0440673828125 -0.00745010375976561
-0.204147338867188 0.07684326171875 0.0748367309570312 -0.002716064453125
-0.202774047851563 -0.136581420898437 0.140380859375 0.0710601806640625
-0.108413696289063 -0.263092041015625 0.136260986328125 0.178054809570312
0.00711059570312498 -0.267837524414063 0.025543212890625 0.30804443359375
-0.01300048828125 -0.3447265625 0.0590057373046875 -0.108390808105469
-0.15087890625 -0.30145263671875 0.00312042236328125 -0.0791244506835938
-0.26422119140625 -0.164627075195313 -0.0232391357421875 -0.0374107360839844
-0.269699096679688 0.0511779785156251 -0.0206127166748047 -0.0152702331542969
-0.162811279296875 0.184326171875 -0.0289649963378906 -0.0280323028564453
-0.00231933593749999 0.251541137695312 -0.0250015258789063 0.000379562377929699
0.101913452148438 0.216949462890625 -0.0170135498046875 0.0129966735839844
0.09136962890625 0.199615478515625 -0.0162582397460937 -0.00422096252441405
0.0999603271484375 0.227828979492188 -0.01898193359375 -0.025726318359375
0.019073486328125 0.247848510742188 0.005218505859375 -0.0339202880859375
-0.124771118164063 0.21197509765625 0.0372238159179688 -0.0711898803710937
-0.220291137695313 0.10809326171875 0.0883712768554688 -0.04754638671875
-0.246078491210938 -0.126052856445312 0.150543212890625 0.0382843017578125
-0.165328979492188 -0.280044555664062 0.11859130859375 0.126495361328125
-0.0396728515625 -0.306427001953125 0.0382232666015625 0.215347290039062
-0.049224853515625 -0.318023681640625 0.066986083984375 -0.201919555664063
-0.161483764648438 -0.26214599609375 -0.0104293823242187 -0.127861022949219
-0.248275756835938 -0.138336181640625 -0.0156173706054688 -0.0464210510253906
-0.246124267578125 0.0481414794921875 0.0105514526367187 -0.0466499328613281
-0.149703979492188 0.164764404296875 -0.0125961303710938 -0.0860366821289063
-0.0110015869140625 0.229843139648438 -0.0450363159179688 -0.0728378295898437
0.08154296875 0.199493408203125 -0.0678329467773438 -0.053619384765625
0.0765228271484375 0.184173583984375 -0.0748214721679688 -0.0561370849609375
0.0854339599609375 0.211502075195313 -0.0739593505859375 -0.0813751220703125
0.015167236328125 0.225692749023438 -0.0300140380859375 -0.101165771484375
-0.114105224609375 0.195480346679688 0.022552490234375 -0.128837585449219
-0.200057983398438 0.108505249023437 0.0899658203125 -0.0866851806640625
-0.236541748046875 -0.104721069335938 0.138069152832031 0.00543975830078124
-0.1796875 -0.251174926757812 0.0779876708984375 0.06787109375
-0.069580078125 -0.291778564453125 0.037139892578125 0.106636047363281
-0.084075927734375 -0.2447509765625 0.065643310546875 -0.283355712890625
-0.15277099609375 -0.180740356445312 -0.0243377685546875 -0.169540405273438
-0.192947387695312 -0.0805816650390625 -0.0111427307128906 -0.0545120239257813
-0.175384521484375 0.0434112548828125 0.032470703125 -0.0730361938476563
-0.104949951171875 0.121109008789063 -0.000404357910156256 -0.127189636230469
-0.0120086669921875 0.169723510742188 -0.0604324340820313 -0.1292724609375
0.050262451171875 0.150192260742188 -0.10699462890625 -0.10858154296875
0.0502853393554687 0.140518188476563 -0.120597839355469 -0.0995101928710937
0.0548858642578125 0.164138793945313 -0.115943908691406 -0.126579284667969
-0.001434326171875 0.167861938476563 -0.057708740234375 -0.155838012695313
-0.0943603515625 0.137870788574219 0.01220703125 -0.166900634765625
-0.147689819335938 0.073577880859375 0.0858840942382812 -0.10931396484375
-0.172958374023438 -0.080169677734375 0.112190246582031 -0.0159683227539063
-0.144989013671875 -0.184005737304688 0.032196044921875 0.0155048370361328
-0.0779876708984375 -0.2247314453125 0.03094482421875 0.00482749938964842
-0.108047485351563 -0.137954711914062 0.052978515625 -0.34222412109375
-0.12506103515625 -0.0775070190429688 -0.0402374267578125 -0.198577880859375
-0.113761901855469 -0.00937652587890625 -0.0172996520996094 -0.0597152709960937
-0.0793304443359375 0.0382232666015625 0.0362014770507812 -0.0870895385742188
-0.0423545837402344 0.0620040893554688 0.002349853515625 -0.14178466796875
-0.00711822509765625 0.0847625732421875 -0.0694122314453125 -0.157684326171875
0.0143356323242187 0.0785598754882813 -0.130218505859375 -0.140945434570313
0.0168838500976563 0.0763702392578125 -0.147430419921875 -0.12750244140625
0.0143356323242187 0.0933151245117188 -0.13739013671875 -0.15673828125
-0.02117919921875 0.0847244262695313 -0.06915283203125 -0.191177368164062
-0.0645751953125 0.0563545227050781 0.0130462646484375 -0.1810302734375
-0.0735244750976563 0.0206069946289062 0.0848541259765625 -0.111541748046875
-0.07696533203125 -0.0474624633789063 0.0858840942382812 -0.0205154418945313
-0.0817413330078125 -0.0882186889648437 -0.00121879577636719 -0.0201168060302734
-0.070465087890625 -0.120529174804688 0.0258941650390625 -0.0714111328125
-0.115394592285156 -0.0156784057617187 0.030029296875 -0.374420166015625
-0.0815811157226563 0.0250091552734375 -0.0626983642578125 -0.215896606445313
-0.0274887084960937 0.0564651489257813 -0.0370597839355469 -0.0614852905273437
0.0180091857910156 0.0284194946289062 0.0201950073242187 -0.0862808227539063
0.0209751129150391 -0.000547409057617188 -0.0039825439453125 -0.130157470703125
-0.00201940536499023 -0.00825834274291992 -0.073211669921875 -0.155899047851562
-0.0228023529052734 -0.00336647033691406 -0.134857177734375 -0.14874267578125
-0.0181713104248047 0.000747680664062504 -0.152328491210938 -0.136367797851563
-0.0263423919677734 0.00853347778320313 -0.136642456054688 -0.168899536132812
-0.0356941223144531 -0.0104904174804687 -0.06341552734375 -0.203598022460938
-0.0231552124023438 -0.0298919677734375 0.023101806640625 -0.172515869140625
0.0105819702148438 -0.0267372131347656 0.0858383178710938 -0.0968093872070313
0.0228538513183594 -0.00101280212402344 0.063995361328125 -0.0132713317871094
-0.0149707794189453 0.0224323272705078 -0.0182075500488281 -0.03607177734375
-0.0595550537109375 0.00426864624023439 0.0216598510742188 -0.112991333007813
0.0524673461914063 -0.132179260253906 0.0192413330078125 0.109481811523437
-0.055694580078125 -0.14093017578125 0.0261306762695312 0.0266571044921875
-0.123252868652344 -0.0453948974609375 -0.0544204711914063 -0.0113525390625
-0.0948486328125 0.0609054565429687 -0.0918502807617188 0.0730743408203125
-0.0349197387695312 0.0970458984375 -0.0427322387695312 0.13873291015625
0.0402297973632812 0.0946426391601562 0.0584259033203125 0.1810302734375
0.0772323608398438 0.075225830078125 0.135467529296875 0.1617431640625
0.059051513671875 0.0739212036132813 0.142364501953125 0.124496459960938
0.0582199096679688 0.0874481201171875 0.119316101074219 0.129142761230469
0.00479888916015624 0.1038818359375 0.067230224609375 0.146453857421875
-0.0634765625 0.074066162109375 0.0271987915039063 0.100654602050781
-0.095947265625 0.0029296875 0.0187149047851562 0.0660476684570313
-0.0564651489257813 -0.0901718139648438 0.0721664428710938 0.102638244628906
0.0270462036132813 -0.121635437011719 0.108444213867187 0.223281860351563
0.0820999145507813 -0.0826873779296875 -0.033416748046875 0.400787353515625
0.036590576171875 -0.244415283203125 0.0277557373046875 0.0647201538085937
-0.10015869140625 -0.228439331054688 0.0221939086914062 0.00825500488281249
-0.19677734375 -0.104522705078125 -0.0424690246582031 -0.0201835632324219
-0.180252075195313 0.064697265625 -0.07720947265625 0.0463333129882813
-0.09136962890625 0.149032592773438 -0.0493392944335938 0.093719482421875
0.0325469970703125 0.176055908203125 0.0299530029296875 0.14056396484375
0.103927612304687 0.147018432617188 0.094573974609375 0.13226318359375
0.0839767456054687 0.139259338378906 0.103248596191406 0.095001220703125
0.0865631103515625 0.16107177734375 0.08636474609375 0.0894851684570313
0.010833740234375 0.1800537109375 0.0578460693359375 0.101005554199219
-0.100067138671875 0.140670776367188 0.0383377075195313 0.0524330139160156
-0.161865234375 0.0406341552734375 0.0477180480957031 0.0356521606445312
-0.138191223144531 -0.124557495117187 0.111480712890625 0.0911636352539062
-0.04376220703125 -0.2103271484375 0.132537841796875 0.211044311523438
0.0476531982421875 -0.1937255859375 0.000793457031250002 0.37554931640625
0.01275634765625 -0.322723388671875 0.0397796630859375 -0.0102920532226563
-0.133819580078125 -0.28759765625 0.0125198364257812 -0.027669906616211
-0.249557495117187 -0.14923095703125 -0.0325088500976563 -0.0274486541748047
-0.245559692382812 0.060272216796875 -0.0532150268554688 0.0179786682128906
-0.138687133789063 0.181243896484375 -0.0447921752929688 0.0377922058105469
0.0182952880859375 0.233657836914063 0.000755310058593755 0.0797805786132813
0.114852905273438 0.197509765625 0.04180908203125 0.0811691284179688
0.0983428955078125 0.184036254882813 0.0478172302246094 0.0518836975097656
0.105148315429688 0.210861206054688 0.0375480651855469 0.0375747680664063
0.0199432373046875 0.23260498046875 0.0367813110351563 0.039520263671875
-0.119552612304687 0.194442749023438 0.0412063598632813 -0.00653457641601561
-0.207672119140625 0.08367919921875 0.0719680786132812 -0.00391387939453124
-0.212417602539063 -0.135635375976563 0.140777587890625 0.0674285888671875
-0.12060546875 -0.26788330078125 0.13787841796875 0.176971435546875
-0.000152587890624999 -0.277130126953125 0.027557373046875 0.3116455078125
-0.018280029296875 -0.352081298828125 0.0511932373046875 -0.103378295898438
-0.15875244140625 -0.30377197265625 -0.000503540039062515 -0.0754852294921875
-0.274063110351562 -0.162872314453125 -0.0244064331054688 -0.0353507995605469
-0.274749755859375 0.0565948486328125 -0.0225772857666016 -0.01251220703125
-0.161575317382813 0.19036865234375 -0.0318050384521484 -0.0242233276367187
0.00344848632812502 0.256179809570313 -0.0254135131835938 0.00624084472656252
0.108978271484375 0.217559814453125 -0.0153379440307617 0.017232894897461
0.0978851318359375 0.201202392578125 -0.0150861740112305 0.000322341918945324
0.10845947265625 0.22991943359375 -0.02020263671875 -0.0201663970947265
0.025787353515625 0.252822875976562 0.00439262390136719 -0.0300807952880859
-0.123153686523438 0.220596313476563 0.0325775146484375 -0.0708999633789062
-0.224472045898438 0.114456176757813 0.0836334228515625 -0.0488357543945312
-0.256378173828125 -0.126358032226563 0.149154663085938 0.034149169921875
-0.17633056640625 -0.284454345703125 0.117919921875 0.124824523925781
-0.044708251953125 -0.31640625 0.038726806640625 0.214935302734375
-0.052581787109375 -0.326629638671875 0.0582733154296875 -0.20147705078125
-0.167251586914062 -0.267288208007813 -0.0159683227539063 -0.126251220703125
-0.258590698242188 -0.1392822265625 -0.0177040100097656 -0.044677734375
-0.253463745117188 0.0527801513671875 0.00790405273437498 -0.0447158813476563
-0.15093994140625 0.171722412109375 -0.01641845703125 -0.082794189453125
-0.00735473632812501 0.236526489257812 -0.0477066040039063 -0.0678443908691406
0.087310791015625 0.202377319335938 -0.0678749084472656 -0.0492057800292968
0.0818634033203125 0.187957763671875 -0.0753631591796875 -0.051422119140625
0.092498779296875 0.215347290039063 -0.076629638671875 -0.0757598876953125
0.0199432373046875 0.232986450195313 -0.0329513549804687 -0.0978164672851562
-0.113693237304688 0.203125 0.0177383422851562 -0.127960205078125
-0.20526123046875 0.11328125 0.08477783203125 -0.0881500244140625
-0.246063232421875 -0.10662841796875 0.135635375976562 0.00220489501953124
-0.18890380859375 -0.257247924804687 0.075439453125 0.0660247802734375
-0.072662353515625 -0.300018310546875 0.0363693237304687 0.102981567382812
-0.083404541015625 -0.251754760742188 0.05792236328125 -0.28753662109375
-0.156036376953125 -0.187057495117188 -0.03106689453125 -0.170944213867188
-0.201202392578125 -0.0832977294921875 -0.0140304565429688 -0.0538253784179688
-0.183502197265625 0.045684814453125 0.029083251953125 -0.0725326538085938
-0.107749938964844 0.125930786132813 -0.00488281250000002 -0.125556945800781
-0.0106353759765625 0.1768798828125 -0.0639419555664062 -0.12567138671875
0.05419921875 0.155136108398438 -0.109054565429688 -0.104888916015625
0.0535736083984375 0.14520263671875 -0.122970581054688 -0.0953826904296875
0.0594635009765625 0.169387817382813 -0.120315551757812 -0.12237548828125
0.00224304199218748 0.175003051757813 -0.0627288818359375 -0.152969360351563
-0.0964813232421875 0.14556884765625 0.00679016113281249 -0.166717529296875
-0.153579711914062 0.07708740234375 0.0820541381835938 -0.110977172851563
-0.180831909179688 -0.083831787109375 0.109771728515625 -0.0176467895507813
-0.15118408203125 -0.19000244140625 0.02923583984375 0.0135059356689453
-0.077667236328125 -0.232955932617188 0.029571533203125 -0.00230598449707033
-0.104782104492187 -0.143142700195313 0.04620361328125 -0.349578857421875
-0.124504089355469 -0.0837326049804687 -0.0470733642578125 -0.201980590820313
-0.117271423339844 -0.0137939453125 -0.020263671875 -0.0592842102050781
-0.086090087890625 0.0373153686523438 0.0330276489257812 -0.0867538452148438
-0.0465011596679688 0.0647087097167969 -0.000778198242187507 -0.141128540039063
-0.00859832763671876 0.0907974243164063 -0.0728607177734375 -0.156387329101563
0.0161056518554687 0.0839080810546875 -0.133262634277344 -0.13946533203125
0.0181808471679687 0.0814666748046875 -0.150421142578125 -0.124923706054688
0.0170822143554687 0.0989608764648438 -0.142852783203125 -0.1536865234375
-0.0210647583007813 0.0919570922851563 -0.0744781494140625 -0.189483642578125
-0.0687828063964844 0.0620002746582031 0.00750732421875001 -0.182296752929688
-0.0799407958984375 0.02178955078125 0.0810394287109375 -0.113441467285156
-0.0820159912109375 -0.0527572631835937 0.0832366943359375 -0.0222702026367188
-0.0830154418945313 -0.095245361328125 -0.00440597534179688 -0.0230026245117188
-0.0670547485351563 -0.126495361328125 0.0249481201171875 -0.081329345703125
-0.109664916992187 -0.0158004760742188 0.024169921875 -0.383636474609375
-0.0771560668945313 0.0218276977539062 -0.0682525634765625 -0.220474243164063
-0.0271759033203125 0.0520401000976562 -0.0399932861328125 -0.06109619140625
0.0144062042236328 0.0255165100097656 0.01824951171875 -0.0858078002929687
0.0169925689697266 -0.00112247467041016 -0.00604248046874999 -0.130386352539063
-0.00554561614990234 -0.00444889068603516 -0.0758514404296875 -0.15631103515625
-0.0237064361572266 0.00177192687988281 -0.139251708984375 -0.148590087890625
-0.0189552307128906 0.00543022155761719 -0.15643310546875 -0.135223388671875
-0.0263290405273437 0.0140419006347656 -0.141708374023438 -0.167098999023438
-0.0374374389648438 -0.004180908203125 -0.0697174072265625 -0.203720092773438
-0.0286636352539063 -0.0258960723876953 0.018890380859375 -0.175308227539062
0.00486373901367188 -0.0279541015625 0.0839920043945313 -0.099151611328125
0.0198421478271484 -0.00646400451660156 0.0623893737792969 -0.0144767761230469
-0.0130233764648438 0.0164203643798828 -0.0207939147949219 -0.0400924682617188
-0.0536727905273437 0.000316619873046873 0.0213470458984375 -0.124847412109375
0.0490798950195312 -0.134109497070313 0.0180816650390625 0.12420654296875
-0.060333251953125 -0.138023376464844 0.0272140502929688 0.0335731506347656
-0.124069213867187 -0.0423812866210938 -0.0538520812988281 -0.00978088378906249
-0.0925521850585938 0.0628890991210937 -0.0934371948242188 0.076263427734375
-0.0321121215820312 0.0984268188476563 -0.0428619384765625 0.144058227539063
0.0429840087890625 0.0935592651367188 0.06329345703125 0.1871337890625
0.0807571411132813 0.0723876953125 0.142425537109375 0.16656494140625
0.0628204345703125 0.0719146728515625 0.1488037109375 0.12823486328125
0.0629653930664063 0.085113525390625 0.125434875488281 0.133438110351563
0.010345458984375 0.104942321777344 0.072113037109375 0.15167236328125
-0.060333251953125 0.0787124633789062 0.0283660888671875 0.104293823242187
-0.0976638793945313 0.00678253173828123 0.0185432434082031 0.0679550170898438
-0.0613861083984375 -0.0885848999023438 0.0762100219726563 0.104545593261719
0.0209121704101563 -0.124771118164063 0.11492919921875 0.230621337890625
0.077606201171875 -0.0880050659179688 -0.03179931640625 0.418243408203125
0.032623291015625 -0.252487182617188 0.0243911743164063 0.0774154663085937
-0.108047485351563 -0.230484008789062 0.0222721099853516 0.0140190124511719
-0.203323364257813 -0.102508544921875 -0.0427780151367188 -0.0184249877929687
-0.1829833984375 0.068267822265625 -0.0787734985351563 0.0499801635742188
-0.0909729003906249 0.153701782226563 -0.0506439208984375 0.0991592407226563
0.0362091064453125 0.178939819335938 0.0328826904296875 0.147613525390625
0.110214233398438 0.147216796875 0.101409912109375 0.137611389160156
0.0901412963867188 0.140419006347656 0.108978271484375 0.10009765625
0.09417724609375 0.162704467773438 0.0902175903320313 0.0952606201171875
0.0173797607421875 0.185546875 0.062652587890625 0.106193542480469
-0.099639892578125 0.148666381835937 0.0385475158691406 0.0552215576171875
-0.1678466796875 0.0470733642578125 0.0468406677246094 0.0372276306152344
-0.148406982421875 -0.125625610351563 0.115608215332031 0.091278076171875
-0.05474853515625 -0.217926025390625 0.137649536132813 0.2166748046875
0.0424957275390625 -0.205108642578125 0.00338745117187504 0.390228271484375
0.00842285156250003 -0.335052490234375 0.0352668762207031 -0.00145339965820315
-0.143310546875 -0.294036865234375 0.0109844207763672 -0.0226612091064453
-0.260787963867188 -0.150299072265625 -0.0329265594482422 -0.0261459350585938
-0.252914428710938 0.0655975341796875 -0.0551033020019531 0.0213088989257813
-0.140457153320313 0.189056396484375 -0.0465354919433594 0.0422096252441406
0.0222015380859375 0.240814208984375 0.00183105468750001 0.086273193359375
0.122161865234375 0.20111083984375 0.0464706420898438 0.0868453979492188
0.105484008789063 0.187637329101563 0.0511970520019531 0.0567550659179688
0.11431884765625 0.215835571289062 0.0391731262207031 0.0429878234863281
0.027191162109375 0.241744995117188 0.0388870239257813 0.0437507629394531
-0.1201171875 0.2060546875 0.0400962829589844 -0.00601577758789061
-0.216781616210937 0.0913696289062501 0.0699462890625 -0.00407409667968749
-0.227035522460938 -0.13787841796875 0.144287109375 0.06591796875
-0.134109497070313 -0.278366088867188 0.142074584960938 0.180648803710937
-0.00543212890624999 -0.292205810546875 0.029052734375 0.323028564453125
-0.021514892578125 -0.368408203125 0.0455322265625 -0.100418090820313
-0.16845703125 -0.313873291015625 -0.00410461425781251 -0.0735931396484375
-0.288299560546875 -0.16619873046875 -0.0259761810302734 -0.0343856811523438
-0.2857666015625 0.0618896484375 -0.0247955322265625 -0.0101394653320313
-0.165420532226563 0.199981689453125 -0.0346164703369141 -0.0206222534179687
0.0067138671875 0.2662353515625 -0.0262241363525391 0.0108013153076172
0.11669921875 0.223953247070313 -0.0132808685302734 0.0218181610107422
0.105148315429687 0.208206176757813 -0.0141067504882812 0.00451278686523439
0.117721557617188 0.237777709960938 -0.0213737487792969 -0.0157070159912109
0.0328521728515625 0.263534545898438 0.00440216064453125 -0.0275630950927734
-0.125076293945313 0.233657836914063 0.0297698974609375 -0.0719528198242187
-0.235275268554687 0.123138427734375 0.0817947387695312 -0.0508651733398438
-0.272552490234375 -0.129302978515625 0.150970458984375 0.032684326171875
-0.191741943359375 -0.296661376953125 0.119491577148438 0.127113342285156
-0.0501708984375 -0.3328857421875 0.038970947265625 0.220596313476562
-0.05517578125 -0.34307861328125 0.0532073974609375 -0.20391845703125
-0.177352905273438 -0.279891967773438 -0.0208740234375 -0.1279296875
-0.274337768554688 -0.143814086914062 -0.0200843811035156 -0.0441169738769531
-0.267135620117188 0.0580596923828125 0.00572967529296873 -0.0432319641113281
-0.156448364257813 0.181198120117187 -0.0194549560546875 -0.081939697265625
-0.00466918945312501 0.248001098632813 -0.0498085021972656 -0.0652275085449219
0.09405517578125 0.210723876953125 -0.0691032409667969 -0.0467071533203125
0.0884246826171875 0.195449829101563 -0.0772705078125 -0.048828125
0.100555419921875 0.223709106445313 -0.0808334350585938 -0.0727996826171875
0.02587890625 0.243850708007813 -0.0355453491210938 -0.096954345703125
-0.118377685546875 0.217391967773438 0.0137405395507812 -0.131187438964844
-0.216049194335938 0.121414184570313 0.0823745727539062 -0.091064453125
-0.261932373046875 -0.11163330078125 0.1363525390625 0.000648498535156243
-0.202468872070312 -0.26861572265625 0.0743865966796875 0.0657882690429687
-0.076324462890625 -0.316253662109375 0.0358200073242188 0.102188110351562
-0.084320068359375 -0.26708984375 0.051605224609375 -0.296630859375
-0.162673950195312 -0.19830322265625 -0.0374908447265625 -0.176437377929688
-0.213897705078125 -0.0890045166015625 -0.0169601440429688 -0.0547027587890625
-0.196456909179687 0.048980712890625 0.0268630981445312 -0.0727462768554688
-0.11334228515625 0.134040832519531 -0.00748443603515627 -0.12689208984375
-0.00912475585937501 0.187957763671875 -0.0674972534179687 -0.125991821289063
0.059661865234375 0.16326904296875 -0.112800598144531 -0.10418701171875
0.058319091796875 0.153213500976563 -0.126876831054687 -0.0940628051757813
0.064788818359375 0.178573608398438 -0.12652587890625 -0.121109008789062
0.00474548339843748 0.185699462890625 -0.067047119140625 -0.1541748046875
-0.101058959960937 0.156784057617188 0.00303649902343748 -0.171478271484375
-0.163543701171875 0.0813751220703125 0.0793838500976562 -0.115135192871094
-0.193145751953125 -0.08917236328125 0.109748840332031 -0.01898193359375
-0.16082763671875 -0.200531005859375 0.0265445709228516 0.0117053985595703
-0.078857421875 -0.245864868164063 0.0283946990966797 -0.00885963439941408
-0.103195190429687 -0.15240478515625 0.04168701171875 -0.364593505859375
-0.1278076171875 -0.0919418334960937 -0.0535430908203125 -0.210647583007812
-0.124870300292969 -0.0185470581054688 -0.023162841796875 -0.0617942810058594
-0.09429931640625 0.0376510620117187 0.0318069458007813 -0.08837890625
-0.0515327453613281 0.0682296752929688 -0.00361633300781252 -0.143905639648438
-0.00926971435546874 0.0990142822265625 -0.07757568359375 -0.1590576171875
0.0183563232421875 0.0909805297851563 -0.138534545898437 -0.142333984375
0.0203170776367187 0.0886077880859375 -0.156906127929688 -0.126220703125
0.019622802734375 0.106468200683594 -0.149978637695313 -0.155029296875
-0.0207061767578125 0.101089477539063 -0.081512451171875 -0.192794799804688
-0.0746688842773437 0.0692901611328125 0.0043792724609375 -0.187881469726563
-0.088043212890625 0.023162841796875 0.08087158203125 -0.117507934570313
-0.089813232421875 -0.0591506958007812 0.0836563110351563 -0.0229721069335938
-0.0874862670898438 -0.104141235351563 -0.00786209106445313 -0.0261135101318359
-0.0656509399414062 -0.136795043945313 0.0235595703125 -0.0929641723632813
-0.10736083984375 -0.0180435180664062 0.0211181640625 -0.401397705078125
-0.0757827758789062 0.0185012817382813 -0.0751495361328125 -0.2305908203125
-0.0281944274902344 0.0494155883789063 -0.0428848266601563 -0.0635108947753906
0.010772705078125 0.0234146118164062 0.0173263549804687 -0.087982177734375
0.0133590698242188 -0.00160980224609375 -0.0076446533203125 -0.133552551269531
-0.00821971893310547 -0.000512599945068361 -0.080108642578125 -0.161026000976563
-0.0248165130615234 0.00713920593261719 -0.145431518554688 -0.153564453125
-0.0195808410644531 0.00999259948730469 -0.163040161132812 -0.138641357421875
-0.0264663696289063 0.0192203521728516 -0.149490356445313 -0.17071533203125
-0.0396232604980469 0.0019378662109375 -0.0759735107421875 -0.209060668945313
-0.0333404541015625 -0.0230922698974609 0.0160064697265625 -0.181640625
7.82012939453118E-05 -0.0288505554199219 0.084503173828125 -0.104141235351563
0.017547607421875 -0.0120334625244141 0.0631179809570313 -0.0155105590820313
-0.0124416351318359 0.0111379623413086 -0.0232391357421875 -0.04510498046875
-0.0496177673339844 -0.00409317016601562 0.02105712890625 -0.139572143554688
0.0443572998046875 -0.138580322265625 0.0207366943359375 0.14227294921875
-0.0687255859375 -0.136863708496094 0.0299301147460937 0.0410499572753906
-0.128936767578125 -0.0380706787109375 -0.0558433532714844 -0.00797271728515625
-0.0915603637695313 0.0672988891601562 -0.0954208374023437 0.083404541015625
-0.0282821655273438 0.1019287109375 -0.0401611328125 0.152664184570313
0.0486221313476563 0.0934906005859375 0.072662353515625 0.19512939453125
0.0864105224609375 0.0696487426757813 0.156463623046875 0.172088623046875
0.0687255859375 0.0697250366210938 0.160980224609375 0.13214111328125
0.0706787109375 0.0836029052734375 0.136123657226563 0.13885498046875
0.0171966552734375 0.107429504394531 0.0816650390625 0.158294677734375
-0.0578384399414063 0.08477783203125 0.0320663452148437 0.109893798828125
-0.1015625 0.0133285522460938 0.01995849609375 0.0723953247070313
-0.0689239501953125 -0.0876922607421875 0.0840835571289062 0.106025695800781
0.0129318237304687 -0.12957763671875 0.127044677734375 0.24072265625
0.072540283203125 -0.0950164794921875 -0.022705078125 0.445281982421875
0.02423095703125 -0.265167236328125 0.0244903564453125 0.0926437377929687
-0.120452880859375 -0.235137939453125 0.02288818359375 0.0209407806396484
-0.215316772460938 -0.10015869140625 -0.0442886352539063 -0.0167160034179688
-0.188003540039063 0.076080322265625 -0.0815505981445313 0.0556716918945313
-0.089324951171875 0.163314819335938 -0.0505523681640625 0.106864929199219
0.04400634765625 0.185134887695312 0.039764404296875 0.15570068359375
0.120101928710938 0.1484375 0.112396240234375 0.143585205078125
0.100494384765625 0.1424560546875 0.118415832519531 0.104866027832031
0.106719970703125 0.165817260742188 0.0985565185546875 0.100494384765625
0.02740478515625 0.19354248046875 0.0699234008789063 0.112297058105469
-0.09771728515625 0.161590576171875 0.0399627685546875 0.0584068298339844
-0.176528930664063 0.05743408203125 0.0474090576171875 0.0384902954101563
-0.163558959960938 -0.126373291015625 0.122810363769531 0.0912551879882812
-0.07000732421875 -0.227874755859375 0.150009155273438 0.22491455078125
0.0335845947265625 -0.219558715820312 0.011474609375 0.41412353515625
-0.00186157226562502 -0.354400634765625 0.0320796966552734 0.00833702087402341
-0.160675048828125 -0.302886962890625 0.00915145874023436 -0.0189304351806641
-0.279891967773438 -0.148651123046875 -0.0351486206054688 -0.0246505737304688
-0.264404296875 0.0767364501953125 -0.0575828552246094 0.0261306762695313
-0.140670776367188 0.202102661132812 -0.0488662719726563 0.0484466552734375
0.0313568115234375 0.25274658203125 0.005035400390625 0.0940933227539063
0.135498046875 0.205673217773438 0.0540084838867188 0.0927963256835938
0.118026733398437 0.194427490234375 0.0572280883789063 0.0614662170410156
0.129959106445313 0.222900390625 0.0431709289550781 0.0486640930175781
0.039764404296875 0.25445556640625 0.0436286926269531 0.0476303100585938
-0.119216918945313 0.224105834960938 0.0392723083496094 -0.00555038452148436
-0.227584838867187 0.1055908203125 0.06982421875 -0.00524520874023437
-0.247756958007813 -0.138412475585938 0.150588989257812 0.0642852783203125
-0.1558837890625 -0.2906494140625 0.151611328125 0.186172485351562
-0.016845703125 -0.31268310546875 0.036590576171875 0.339630126953125
-0.033233642578125 -0.3907470703125 0.0397567749023438 -0.0994186401367188
-0.18841552734375 -0.326080322265625 -0.00859832763671877 -0.0729904174804688
-0.312530517578125 -0.166717529296875 -0.0283050537109375 -0.0333175659179688
-0.3016357421875 0.074493408203125 -0.0268344879150391 -0.00745391845703125
-0.1693115234375 0.216964721679688 -0.0380821228027344 -0.01751708984375
0.016448974609375 0.282470703125 -0.02679443359375 0.0163345336914063
0.13104248046875 0.232528686523438 -0.0112686157226562 0.0270328521728516
0.118148803710937 0.216461181640625 -0.0124683380126953 0.00886440277099611
0.134323120117188 0.246932983398438 -0.0221881866455078 -0.010589599609375
0.0449981689453125 0.278274536132813 0.00463485717773438 -0.0264263153076172
-0.125030517578125 0.253631591796875 0.0269393920898437 -0.0744400024414062
-0.247955322265625 0.139694213867188 0.0801925659179687 -0.05419921875
-0.296295166015625 -0.12982177734375 0.156295776367187 0.02935791015625
-0.21697998046875 -0.30975341796875 0.12567138671875 0.129806518554687
-0.062835693359375 -0.354400634765625 0.0442962646484375 0.230239868164063
-0.06640625 -0.36669921875 0.043975830078125 -0.21124267578125
-0.195648193359375 -0.294219970703125 -0.0294189453125 -0.132362365722656
-0.297515869140625 -0.145050048828125 -0.0232200622558594 -0.0445976257324219
-0.284423828125 0.0702819824218751 0.00301742553710936 -0.0438194274902344
-0.161880493164063 0.197891235351563 -0.0244979858398438 -0.0822906494140625
0.00303649902343751 0.26470947265625 -0.0541534423828125 -0.06329345703125
0.10711669921875 0.221176147460938 -0.0726699829101562 -0.0440902709960938
0.1004638671875 0.20587158203125 -0.0808334350585938 -0.0454864501953125
0.115493774414063 0.235382080078125 -0.0869979858398438 -0.0690155029296875
0.03662109375 0.2596435546875 -0.0397109985351563 -0.0976028442382812
-0.1180419921875 0.237045288085938 0.00794219970703125 -0.13568115234375
-0.228927612304687 0.135711669921875 0.0808639526367187 -0.0966720581054687
-0.284912109375 -0.112548828125 0.139198303222656 -0.00316619873046876
-0.2255859375 -0.281402587890625 0.0761566162109375 0.0668258666992187
-0.087158203125 -0.33746337890625 0.0378341674804687 0.102973937988281
-0.092315673828125 -0.284759521484375 0.04193115234375 -0.313629150390625
-0.177688598632813 -0.210922241210937 -0.0481414794921875 -0.184844970703125
-0.23333740234375 -0.0915679931640625 -0.0214309692382813 -0.0567665100097656
-0.211700439453125 0.0584259033203125 0.0253524780273437 -0.0747451782226563
-0.119583129882812 0.146835327148438 -0.0134429931640625 -0.129669189453125
-0.00515747070312499 0.203201293945313 -0.0744094848632813 -0.127250671386719
0.069366455078125 0.173858642578125 -0.120315551757813 -0.104606628417969
0.0669097900390625 0.162765502929687 -0.1346435546875 -0.0930862426757813
0.0761871337890625 0.189254760742188 -0.136428833007812 -0.120323181152344
0.013275146484375 0.200088500976563 -0.07501220703125 -0.158172607421875
-0.10455322265625 0.172897338867188 -0.0046844482421875 -0.179092407226563
-0.174942016601563 0.0922698974609375 0.0776596069335938 -0.122177124023438
-0.211578369140625 -0.0921783447265625 0.111152648925781 -0.02227783203125
-0.177566528320313 -0.212234497070312 0.0242519378662109 0.0102443695068359
-0.08514404296875 -0.264495849609375 0.027099609375 -0.0161018371582031
-0.108139038085937 -0.163558959960938 0.030670166015625 -0.388031005859375
-0.135383605957031 -0.100059509277344 -0.065460205078125 -0.223098754882812
-0.135185241699219 -0.020904541015625 -0.0283699035644531 -0.0641822814941406
-0.105010986328125 0.04193115234375 0.0294876098632812 -0.0924224853515625
-0.0565338134765625 0.0759201049804688 -0.00886535644531251 -0.149185180664063
-0.00843811035156249 0.109603881835938 -0.0860748291015625 -0.163528442382813
0.0224609375 0.100242614746094 -0.150100708007812 -0.145248413085938
0.0240020751953125 0.096435546875 -0.16741943359375 -0.127471923828125
0.0255966186523437 0.115371704101563 -0.162765502929688 -0.155990600585938
-0.0178985595703125 0.111724853515625 -0.091339111328125 -0.198089599609375
-0.079559326171875 0.0799407958984375 -0.00288391113281249 -0.1971435546875
-0.0969772338867188 0.0273056030273437 0.0795974731445313 -0.12640380859375
-0.101020812988281 -0.063934326171875 0.0849761962890625 -0.025726318359375
-0.0963211059570312 -0.11309814453125 -0.0123367309570313 -0.0300750732421875
-0.0680694580078125 -0.1485595703125 0.0199508666992187 -0.10675048828125
-0.107933044433594 -0.0198287963867188 0.00994873046874997 -0.428863525390625
-0.0765914916992188 0.0152587890625 -0.08734130859375 -0.24462890625
-0.028656005859375 0.0474433898925781 -0.0483856201171875 -0.0669288635253906
0.00729751586914062 0.0227336883544922 0.0149993896484375 -0.0921630859375
0.010157585144043 -0.00111198425292969 -0.0116348266601563 -0.139739990234375
-0.0101690292358398 0.00310516357421875 -0.08837890625 -0.167160034179688
-0.0250740051269531 0.0121517181396484 -0.157730102539062 -0.158782958984375
-0.0208511352539063 0.0148506164550781 -0.17626953125 -0.14166259765625
-0.0271759033203125 0.0247116088867187 -0.163436889648438 -0.174575805664062
-0.0416145324707031 0.00831985473632813 -0.08782958984375 -0.21612548828125
-0.0390510559082031 -0.0185356140136719 0.0106353759765625 -0.19183349609375
-0.00512313842773438 -0.029937744140625 0.0850830078125 -0.11224365234375
0.0144844055175781 -0.0178546905517578 0.0648880004882813 -0.0177001953125
-0.0124521255493164 0.00617694854736328 -0.0279121398925781 -0.0499458312988281
-0.0474929809570312 -0.00844192504882812 0.0179290771484375 -0.15771484375
0.0372161865234375 -0.144134521484375 0.029388427734375 0.160140991210938
-0.0790176391601562 -0.133445739746094 0.0352554321289063 0.0479087829589844
-0.133659362792969 -0.030426025390625 -0.0569381713867188 -0.0041351318359375
-0.0890350341796875 0.073577880859375 -0.0953445434570313 0.0923004150390625
-0.0222015380859375 0.105789184570313 -0.03485107421875 0.162567138671875
0.0565338134765625 0.0924072265625 0.0868682861328125 0.200653076171875
0.0938491821289063 0.06402587890625 0.174423217773438 0.17266845703125
0.0763168334960938 0.0664520263671875 0.177413940429688 0.131851196289063
0.0804443359375 0.079498291015625 0.151046752929688 0.140243530273438
0.0270309448242188 0.108673095703125 0.0955657958984375 0.162445068359375
-0.0523834228515625 0.0922317504882813 0.03900146484375 0.114219665527344
-0.104324340820313 0.02239990234375 0.0244522094726562 0.0759429931640625
-0.0776290893554688 -0.0840988159179688 0.0942306518554687 0.104667663574219
0.00134277343750001 -0.134239196777344 0.146514892578125 0.246963500976563
0.0648956298828125 -0.103538513183594 -0.000366210937499963 0.472869873046875
0.00874328613281252 -0.2783203125 0.0284652709960937 0.107902526855469
-0.1400146484375 -0.234451293945313 0.0245456695556641 0.0273971557617187
-0.229339599609375 -0.0915679931640625 -0.0456771850585938 -0.0138130187988281
-0.19140625 0.0892333984375 -0.082275390625 0.0630035400390625
-0.083343505859375 0.174423217773437 -0.047637939453125 0.116432189941406
0.0569610595703125 0.190689086914063 0.0505828857421875 0.163009643554688
0.133621215820313 0.146392822265625 0.128494262695313 0.146377563476563
0.114303588867188 0.141983032226563 0.131645202636719 0.106216430664063
0.12310791015625 0.165084838867188 0.110061645507813 0.104171752929688
0.0433502197265625 0.20025634765625 0.0806045532226563 0.114906311035156
-0.0909881591796875 0.176895141601562 0.04437255859375 0.060211181640625
-0.182113647460938 0.0728759765625 0.0498199462890625 0.0395011901855469
-0.18182373046875 -0.121612548828125 0.133163452148438 0.0874862670898437
-0.0923614501953125 -0.234268188476563 0.167556762695312 0.228790283203125
0.0185546875 -0.23480224609375 0.0330810546875 0.437164306640625
-0.02288818359375 -0.37408447265625 0.0303897857666016 0.017892837524414
-0.1866455078125 -0.306640625 0.00750637054443358 -0.0139331817626953
-0.301849365234375 -0.13922119140625 -0.0372962951660156 -0.0215377807617188
-0.273025512695313 0.095245361328125 -0.0590057373046875 0.0318527221679688
-0.136703491210937 0.220748901367188 -0.0491142272949219 0.0563774108886719
0.048309326171875 0.264068603515625 0.0114898681640625 0.101005554199219
0.15362548828125 0.207916259765625 0.0644912719726563 0.0974044799804688
0.1363525390625 0.1966552734375 0.0657196044921875 0.0649986267089844
0.151748657226563 0.225555419921875 0.0493049621582031 0.0528831481933594
0.0596923828125 0.26483154296875 0.0494766235351563 0.0499610900878906
-0.111160278320313 0.24505615234375 0.0394325256347656 -0.00642395019531248
-0.235824584960938 0.127197265625 0.0700263977050781 -0.00728988647460937
-0.273117065429688 -0.13128662109375 0.158706665039062 0.05804443359375
-0.18621826171875 -0.29669189453125 0.16650390625 0.188339233398437
-0.037445068359375 -0.3311767578125 0.055023193359375 0.35595703125
-0.05670166015625 -0.4129638671875 0.032196044921875 -0.0969085693359375
-0.21722412109375 -0.332305908203125 -0.01617431640625 -0.07122802734375
-0.339080810546875 -0.156646728515625 -0.0318775177001953 -0.0314826965332031
-0.314788818359375 0.096405029296875 -0.0294075012207031 -0.00400352478027343
-0.1669921875 0.238861083984375 -0.0414962768554688 -0.0130462646484375
0.03448486328125 0.2979736328125 -0.0266056060791016 0.0227489471435547
0.151901245117187 0.2371826171875 -0.00745201110839843 0.0318412780761719
0.138259887695313 0.221481323242188 -0.0102338790893555 0.0138616561889649
0.158493041992187 0.253097534179688 -0.0232601165771484 -0.0054340362548828
0.06646728515625 0.29107666015625 0.00436592102050782 -0.0249748229980469
-0.116226196289063 0.278472900390625 0.0222549438476562 -0.0780563354492187
-0.256179809570313 0.163543701171875 0.07781982421875 -0.0592727661132812
-0.324554443359375 -0.120330810546875 0.162353515625 0.0220794677734375
-0.249969482421875 -0.3145751953125 0.134742736816406 0.12969970703125
-0.0863037109375 -0.374359130859375 0.0558013916015625 0.237823486328125
-0.0882568359375 -0.38714599609375 0.029632568359375 -0.219528198242188
-0.223907470703125 -0.30126953125 -0.0421142578125 -0.133476257324219
-0.325439453125 -0.137054443359375 -0.0285911560058594 -0.0441398620605469
-0.299102783203125 0.0914306640625 0.000186920166015611 -0.0433540344238281
-0.1611328125 0.220062255859375 -0.0304412841796875 -0.0810699462890625
0.01971435546875 0.282562255859375 -0.0601005554199219 -0.0589447021484375
0.126800537109375 0.2283935546875 -0.0760879516601562 -0.039459228515625
0.119049072265625 0.212570190429687 -0.0842742919921875 -0.0397186279296875
0.138198852539063 0.2427978515625 -0.093994140625 -0.0635147094726562
0.0559844970703125 0.273361206054688 -0.046600341796875 -0.0977706909179688
-0.1116943359375 0.260238647460938 -0.00129699707031251 -0.141830444335937
-0.236923217773438 0.158035278320313 0.0754623413085937 -0.103660583496094
-0.31103515625 -0.104736328125 0.142791748046875 -0.00979614257812501
-0.2568359375 -0.285369873046875 0.0793685913085937 0.06573486328125
-0.108428955078125 -0.35626220703125 0.0412063598632812 0.102546691894531
-0.109527587890625 -0.302093505859375 0.02197265625 -0.330108642578125
-0.198348999023438 -0.218017578125 -0.065155029296875 -0.190719604492188
-0.253860473632813 -0.0865020751953125 -0.0277976989746094 -0.0577659606933594
-0.225112915039063 0.074127197265625 0.0208053588867187 -0.0780487060546875
-0.120803833007812 0.1641845703125 -0.0216064453125 -0.132286071777344
0.00794982910156249 0.218429565429688 -0.085357666015625 -0.126449584960938
0.084381103515625 0.18255615234375 -0.131744384765625 -0.101730346679687
0.0811309814453125 0.170761108398438 -0.145156860351562 -0.0876922607421875
0.0938720703125 0.197586059570313 -0.149444580078125 -0.114791870117188
0.02691650390625 0.213287353515625 -0.0874786376953125 -0.158859252929688
-0.101593017578125 0.192535400390625 -0.0159912109375 -0.185943603515625
-0.183670043945313 0.108367919921875 0.0718994140625 -0.130424499511719
-0.233749389648438 -0.0883331298828125 0.112884521484375 -0.0286026000976563
-0.201034545898438 -0.216995239257813 0.0222606658935547 0.00908279418945311
-0.1016845703125 -0.280105590820313 0.0238685607910156 -0.0237541198730469
-0.118606567382812 -0.172576904296875 0.00750732421874995 -0.41107177734375
-0.147064208984375 -0.104156494140625 -0.0856170654296875 -0.233062744140625
-0.146499633789063 -0.0183868408203125 -0.0356903076171875 -0.065887451171875
-0.113510131835938 0.0502853393554688 0.0250473022460938 -0.09722900390625
-0.0591888427734375 0.0850677490234375 -0.017547607421875 -0.153762817382813
-0.00291442871093749 0.119979858398437 -0.0986328125 -0.165817260742188
0.0315704345703125 0.107902526855469 -0.165298461914062 -0.143463134765625
0.0322113037109375 0.103767395019531 -0.182281494140625 -0.123062133789063
0.03521728515625 0.124282836914063 -0.179367065429688 -0.1534423828125
-0.0109100341796875 0.122856140136719 -0.10791015625 -0.201644897460938
-0.080718994140625 0.093414306640625 -0.0152130126953125 -0.205902099609375
-0.105995178222656 0.035980224609375 0.0743408203125 -0.136062622070313
-0.114860534667969 -0.065704345703125 0.0857696533203125 -0.0309906005859375
-0.108673095703125 -0.118202209472656 -0.0178298950195313 -0.032562255859375
-0.074676513671875 -0.158584594726563 0.0126495361328125 -0.12152099609375
-0.108413696289063 -0.0190582275390625 -0.014892578125 -0.45550537109375
-0.0780715942382813 0.0149765014648438 -0.108245849609375 -0.25677490234375
-0.028472900390625 0.0478477478027344 -0.0563278198242188 -0.0676841735839844
0.00542449951171875 0.0215835571289063 0.0102615356445313 -0.0969772338867188
0.00753545761108398 -0.00108432769775391 -0.019195556640625 -0.14508056640625
-0.0116748809814453 0.00777053833007813 -0.101226806640625 -0.1712646484375
-0.0242824554443359 0.0184001922607422 -0.175155639648437 -0.158843994140625
-0.0200557708740234 0.0204257965087891 -0.191864013671875 -0.139617919921875
-0.0264701843261719 0.0316658020019531 -0.181442260742188 -0.174301147460937
-0.0423812866210938 0.0159835815429688 -0.105514526367187 -0.220291137695312
-0.0446243286132813 -0.0128326416015625 -0.000823974609374999 -0.201400756835938
-0.0117893218994141 -0.0309276580810547 0.0814666748046875 -0.123016357421875
0.00983047485351563 -0.0232429504394531 0.0663261413574219 -0.0221786499023438
-0.0127792358398438 0.00152969360351562 -0.0343666076660156 -0.0544319152832031
-0.0454368591308594 -0.0121612548828125 0.00769042968749999 -0.175888061523438
0.0261077880859375 -0.146621704101563 0.04302978515625 0.174667358398438
-0.0892105102539062 -0.125381469726563 0.0414848327636719 0.053192138671875
-0.135635375976563 -0.0206832885742187 -0.0562858581542969 0.00017929077148437
-0.083282470703125 0.079345703125 -0.0905914306640625 0.100967407226563
-0.0135955810546875 0.107681274414063 -0.024322509765625 0.169540405273438
0.0641098022460938 0.0882110595703125 0.10357666015625 0.2000732421875
0.0980682373046875 0.0562591552734375 0.192672729492188 0.1663818359375
0.0827178955078125 0.0598983764648437 0.192276000976563 0.124221801757812
0.0882339477539062 0.0720138549804688 0.165817260742188 0.135757446289063
0.0378494262695312 0.106689453125 0.1097412109375 0.160629272460938
-0.0442581176757813 0.0986099243164063 0.0480728149414063 0.115814208984375
-0.103431701660156 0.032470703125 0.029144287109375 0.0766830444335938
-0.0857620239257813 -0.0786056518554688 0.103134155273438 0.100837707519531
-0.0118179321289063 -0.133827209472656 0.166519165039063 0.24530029296875
0.0543899536132812 -0.108543395996094 0.032958984375 0.490753173828125
-0.01104736328125 -0.28607177734375 0.03643798828125 0.121925354003906
-0.159255981445313 -0.226348876953125 0.0281143188476562 0.0338172912597656
-0.23919677734375 -0.076904296875 -0.046234130859375 -0.00979995727539064
-0.188766479492188 0.1036376953125 -0.0802001953125 0.071319580078125
-0.0726470947265625 0.183731079101563 -0.0409774780273438 0.124320983886719
0.072662353515625 0.190261840820313 0.0635833740234375 0.165298461914063
0.146759033203125 0.13934326171875 0.144134521484375 0.143402099609375
0.127815246582031 0.136314392089844 0.145065307617187 0.102767944335938
0.1397705078125 0.157821655273438 0.121284484863281 0.101776123046875
0.06182861328125 0.201324462890625 0.0913925170898438 0.114166259765625
-0.078582763671875 0.190475463867188 0.0482406616210937 0.06048583984375
-0.182693481445313 0.09130859375 0.0520591735839844 0.0389862060546875
-0.197799682617188 -0.110076904296875 0.141571044921875 0.0803680419921875
-0.116409301757813 -0.2325439453125 0.1846923828125 0.224746704101563
-0.00115966796874998 -0.243972778320313 0.063232421875 0.450042724609375
-0.0491943359375 -0.3836669921875 0.03143310546875 0.0281391143798828
-0.213287353515625 -0.299530029296875 0.00619506835937499 -0.00780344009399416
-0.319549560546875 -0.120849609375 -0.0394401550292969 -0.018951416015625
-0.274368286132812 0.116561889648438 -0.0589714050292969 0.0382652282714844
-0.124557495117188 0.23699951171875 -0.0463981628417969 0.0639305114746094
0.0692901611328125 0.268692016601563 0.019561767578125 0.106201171875
0.172592163085937 0.202285766601562 0.0755691528320313 0.098114013671875
0.15496826171875 0.191986083984375 0.0754623413085938 0.0651397705078125
0.174224853515625 0.220001220703125 0.0554122924804688 0.0549774169921875
0.083404541015625 0.267044067382813 0.0558052062988281 0.0493659973144531
-0.095123291015625 0.2626953125 0.0383834838867187 -0.00786972045898436
-0.23541259765625 0.150741577148438 0.0684051513671875 -0.00954055786132811
-0.29376220703125 -0.114471435546875 0.165145874023437 0.048614501953125
-0.217926025390625 -0.291412353515625 0.18072509765625 0.182830810546875
-0.0638427734375 -0.34075927734375 0.07891845703125 0.363128662109375
-0.087066650390625 -0.424163818359375 0.022979736328125 -0.0918121337890625
-0.2462158203125 -0.325836181640625 -0.0231552124023438 -0.0658912658691406
-0.361541748046875 -0.137115478515625 -0.0350627899169922 -0.0278759002685547
-0.3184814453125 0.122833251953125 -0.0312652587890625 -5.53131103515588E-05
-0.155136108398438 0.259063720703125 -0.0435752868652344 -0.00716018676757811
0.05841064453125 0.305084228515625 -0.0245742797851563 0.0288028717041016
0.172988891601563 0.234130859375 -0.00270843505859374 0.03515625
0.158920288085938 0.2198486328125 -0.00582885742187499 0.0180740356445313
0.183547973632813 0.248809814453125 -0.0231513977050781 0.000322341918945328
0.093048095703125 0.29498291015625 0.00384330749511719 -0.0239925384521484
-0.09967041015625 0.298309326171875 0.0157546997070312 -0.080047607421875
-0.254684448242187 0.189651489257813 0.0730056762695313 -0.0626373291015625
-0.347320556640625 -0.10113525390625 0.164657592773437 0.0126190185546875
-0.284515380859375 -0.3065185546875 0.14337158203125 0.124679565429687
-0.11474609375 -0.383636474609375 0.0701751708984375 0.240036010742187
-0.116790771484375 -0.39801025390625 0.012847900390625 -0.220245361328125
-0.25146484375 -0.297027587890625 -0.0558242797851563 -0.130355834960938
-0.34625244140625 -0.119842529296875 -0.0323333740234375 -0.0412979125976563
-0.30517578125 0.116424560546875 -0.00367355346679689 -0.042510986328125
-0.151565551757813 0.239959716796875 -0.0368499755859375 -0.077239990234375
0.04248046875 0.292083740234375 -0.0640487670898438 -0.052947998046875
0.148681640625 0.228286743164062 -0.0798416137695313 -0.0329971313476562
0.139389038085938 0.212860107421875 -0.0871353149414062 -0.032440185546875
0.162765502929688 0.241104125976563 -0.0993576049804688 -0.0538787841796875
0.0802764892578125 0.278671264648438 -0.053314208984375 -0.0954971313476562
-0.0966949462890625 0.280303955078125 -0.0129547119140625 -0.1444091796875
-0.236953735351563 0.182022094726563 0.06683349609375 -0.1087646484375
-0.333526611328125 -0.086639404296875 0.142303466796875 -0.0186920166015625
-0.286895751953125 -0.277435302734375 0.0819778442382812 0.062896728515625
-0.135009765625 -0.3660888671875 0.0453414916992187 0.100181579589844
-0.1318359375 -0.30987548828125 -0.00415039062499998 -0.337188720703125
-0.220535278320312 -0.215576171875 -0.0843658447265625 -0.18963623046875
-0.271438598632813 -0.0735931396484375 -0.0341224670410156 -0.0552444458007813
-0.23114013671875 0.0948638916015625 0.0157623291015625 -0.0799026489257813
-0.115966796875 0.180862426757813 -0.0312728881835938 -0.131576538085937
0.024810791015625 0.229141235351563 -0.0941009521484375 -0.120811462402344
0.101898193359375 0.185333251953125 -0.140762329101563 -0.0947113037109375
0.09783935546875 0.172897338867187 -0.152603149414063 -0.0784149169921875
0.113983154296875 0.199142456054688 -0.160018920898438 -0.104202270507812
0.0451812744140625 0.2203369140625 -0.100067138671875 -0.155136108398437
-0.09130859375 0.209136962890625 -0.031585693359375 -0.188934326171875
-0.186111450195313 0.127182006835938 0.0629959106445312 -0.136260986328125
-0.250381469726563 -0.0774078369140625 0.111534118652344 -0.0350799560546875
-0.224639892578125 -0.212066650390625 0.0191421508789062 0.00763893127441405
-0.120147705078125 -0.287841796875 0.0190315246582031 -0.0308055877685547
-0.128707885742188 -0.17498779296875 -0.0230712890625 -0.423553466796875
-0.158859252929688 -0.103302001953125 -0.108627319335938 -0.235671997070313
-0.155746459960937 -0.012481689453125 -0.0438041687011719 -0.0647010803222656
-0.118446350097656 0.0608978271484375 0.0175094604492187 -0.100692749023438
-0.0580673217773437 0.094390869140625 -0.0270538330078125 -0.154861450195313
0.00614929199218751 0.128425598144531 -0.111007690429688 -0.162216186523438
0.0429611206054687 0.113471984863281 -0.179641723632812 -0.136138916015625
0.0428390502929688 0.108604431152344 -0.195297241210938 -0.11334228515625
0.04632568359375 0.128868103027344 -0.194564819335937 -0.143325805664063
3.81469726562578E-05 0.130584716796875 -0.124237060546875 -0.197540283203125
-0.0777816772460938 0.106452941894531 -0.0313873291015625 -0.209609985351562
-0.111198425292969 0.0454940795898438 0.0652618408203125 -0.143539428710938
-0.127632141113281 -0.061614990234375 0.0842208862304687 -0.0360031127929688
-0.121330261230469 -0.119255065917969 -0.0230426788330078 -0.0334930419921875
-0.084320068359375 -0.1658935546875 0.00165557861328123 -0.133163452148437
-0.107048034667969 -0.0177993774414062 -0.047454833984375 -0.470703125
-0.0777664184570313 0.0149612426757813 -0.132217407226563 -0.258377075195313
-0.0272064208984375 0.0473175048828125 -0.0640640258789063 -0.06585693359375
0.00246620178222656 0.0210742950439453 0.00333404541015624 -0.0991973876953125
0.00427436828613281 -0.000610113143920898 -0.0289154052734375 -0.147140502929688
-0.0123376846313477 0.0127544403076172 -0.114791870117188 -0.168792724609375
-0.0222129821777344 0.0243759155273438 -0.191299438476563 -0.152099609375
-0.0174331665039063 0.0264472961425781 -0.207107543945312 -0.131378173828125
-0.0229835510253906 0.0378875732421875 -0.199737548828125 -0.166107177734375
-0.0410118103027344 0.0224151611328125 -0.124420166015625 -0.217727661132813
-0.0483779907226563 -0.00632476806640624 -0.01641845703125 -0.206573486328125
-0.0194282531738281 -0.0294589996337891 0.0735702514648438 -0.131683349609375
0.00457382202148438 -0.02740478515625 0.0655632019042969 -0.0265731811523437
-0.0139102935791016 -0.00254249572753907 -0.0418014526367188 -0.0569343566894531
-0.0441741943359375 -0.0157928466796875 -0.00700378417968751 -0.190139770507813
0.0174102783203125 -0.143600463867188 0.0557861328125 0.181411743164063
-0.094482421875 -0.113777160644531 0.0485649108886719 0.0572395324707031
-0.132308959960938 -0.01190185546875 -0.0547103881835938 0.00224685668945313
-0.07745361328125 0.0817337036132813 -0.0839157104492188 0.106575012207031
-0.00704956054687499 0.106155395507813 -0.014617919921875 0.172378540039063
0.0695037841796875 0.0817184448242188 0.116790771484375 0.193695068359375
0.0995025634765625 0.0470657348632813 0.203887939453125 0.155517578125
0.0855636596679687 0.0514678955078125 0.201812744140625 0.11572265625
0.093963623046875 0.0630340576171875 0.175247192382812 0.127838134765625
0.0461807250976563 0.101463317871094 0.119949340820313 0.155410766601563
-0.0373611450195312 0.101287841796875 0.0544967651367188 0.112777709960938
-0.0991973876953125 0.040863037109375 0.0345687866210937 0.0756759643554688
-0.0913619995117188 -0.0709152221679688 0.110000610351563 0.0937576293945313
-0.0236663818359375 -0.130500793457031 0.182479858398438 0.238372802734375
0.0446243286132813 -0.108573913574219 0.061553955078125 0.49310302734375
-0.029083251953125 -0.284637451171875 0.0449371337890625 0.132217407226562
-0.171051025390625 -0.213241577148438 0.0310325622558594 0.0393447875976562
-0.241485595703125 -0.0631103515625 -0.0448341369628906 -0.0068817138671875
-0.182174682617188 0.1142578125 -0.0756912231445313 0.0781936645507813
-0.0614776611328125 0.188034057617188 -0.0338592529296875 0.1278076171875
0.085205078125 0.185714721679688 0.073944091796875 0.164108276367188
0.155441284179687 0.13037109375 0.154830932617188 0.137283325195313
0.13604736328125 0.127639770507813 0.153701782226563 0.0962066650390625
0.151092529296875 0.147369384765625 0.128791809082031 0.0985336303710938
0.07769775390625 0.195999145507813 0.0995712280273438 0.109992980957031
-0.0650482177734375 0.197158813476563 0.0509300231933594 0.0585250854492188
-0.177322387695313 0.105865478515625 0.0543174743652344 0.0398635864257813
-0.206649780273438 -0.0972747802734376 0.14453125 0.0717010498046875
-0.133926391601563 -0.223114013671875 0.197921752929688 0.217147827148438
-0.0189208984375 -0.24444580078125 0.089111328125 0.4490966796875
-0.07330322265625 -0.3839111328125 0.0332450866699219 0.0384750366210937
-0.229156494140625 -0.28509521484375 0.00572872161865233 -0.00180530548095705
-0.326446533203125 -0.102813720703125 -0.0387687683105469 -0.0143013000488281
-0.268798828125 0.1337890625 -0.05572509765625 0.0422210693359375
-0.111236572265625 0.24578857421875 -0.0417671203613281 0.0686492919921875
0.087677001953125 0.264923095703125 0.0269088745117188 0.107589721679688
0.1861572265625 0.194107055664062 0.083892822265625 0.0952987670898438
0.167587280273438 0.1829833984375 0.0832901000976563 0.0642547607421875
0.191024780273438 0.20849609375 0.0623054504394531 0.0552902221679688
0.102737426757813 0.262008666992188 0.0612602233886719 0.0464248657226563
-0.077545166015625 0.272659301757813 0.0365066528320312 -0.00843811035156248
-0.227798461914063 0.169921875 0.0670318603515625 -0.0110130310058594
-0.304840087890625 -0.0968322753906251 0.166488647460937 0.0396270751953125
-0.238616943359375 -0.278472900390625 0.189804077148438 0.174423217773438
-0.087188720703125 -0.3409423828125 0.097076416015625 0.362152099609375
-0.113311767578125 -0.423370361328125 0.0160980224609375 -0.0848236083984375
-0.267791748046875 -0.31280517578125 -0.0276718139648438 -0.0572967529296875
-0.3719482421875 -0.1162109375 -0.036865234375 -0.0230293273925781
-0.31317138671875 0.144378662109375 -0.0312900543212891 0.00384140014648438
-0.140045166015625 0.272613525390625 -0.0439834594726563 -0.0024604797363281
0.07904052734375 0.304656982421875 -0.0211696624755859 0.03338623046875
0.190078735351563 0.225509643554688 0.00216293334960939 0.03668212890625
0.175369262695312 0.2125244140625 -0.00146865844726561 0.0208892822265625
0.201904296875 0.239669799804687 -0.0204105377197265 0.00397300720214845
0.11383056640625 0.290740966796875 0.00387954711914063 -0.021921157836914
-0.0797119140625 0.310333251953125 0.00885009765624999 -0.0784072875976563
-0.245330810546875 0.209609985351563 0.0670547485351562 -0.0617828369140625
-0.35858154296875 -0.0805358886718749 0.16290283203125 0.0031280517578125
-0.306549072265625 -0.2913818359375 0.148300170898437 0.119003295898438
-0.139862060546875 -0.38299560546875 0.081268310546875 0.236297607421875
-0.139984130859375 -0.397125244140625 -0.000762939453124989 -0.215087890625
-0.2698974609375 -0.284423828125 -0.0672760009765625 -0.121147155761719
-0.35748291015625 -0.100494384765625 -0.03802490234375 -0.0373306274414063
-0.301971435546875 0.13934326171875 -0.00786209106445314 -0.0400428771972656
-0.138961791992187 0.25384521484375 -0.0420150756835937 -0.073486328125
0.060882568359375 0.29412841796875 -0.065948486328125 -0.0458908081054687
0.165939331054687 0.223220825195313 -0.0781631469726562 -0.0262908935546875
0.1552734375 0.2073974609375 -0.083953857421875 -0.0258331298828125
0.180389404296875 0.234664916992188 -0.101737976074219 -0.0444488525390625
0.101287841796875 0.276962280273437 -0.0581207275390625 -0.0907516479492188
-0.0792236328125 0.292236328125 -0.022552490234375 -0.140792846679687
-0.228836059570313 0.199386596679687 0.0603790283203125 -0.108070373535156
-0.343292236328125 -0.0680236816406251 0.139236450195312 -0.0242996215820313
-0.308319091796875 -0.26275634765625 0.0818710327148437 0.0589752197265625
-0.155792236328125 -0.36370849609375 0.046722412109375 0.0951995849609375
-0.14935302734375 -0.30914306640625 -0.02728271484375 -0.333740234375
-0.233352661132813 -0.208755493164062 -0.10009765625 -0.181884765625
-0.280731201171875 -0.0605316162109375 -0.0413284301757813 -0.0502853393554688
-0.228561401367188 0.11083984375 0.010467529296875 -0.0790863037109375
-0.107040405273438 0.19287109375 -0.0384063720703125 -0.12835693359375
0.0393524169921875 0.232254028320313 -0.101516723632813 -0.1141357421875
0.115814208984375 0.184677124023438 -0.14398193359375 -0.0841522216796875
0.11041259765625 0.17193603515625 -0.154708862304688 -0.0691070556640625
0.129104614257813 0.196517944335938 -0.166458129882813 -0.0924835205078125
0.0609588623046875 0.221405029296875 -0.1082763671875 -0.146469116210937
-0.0781707763671875 0.221649169921875 -0.045013427734375 -0.186279296875
-0.183456420898437 0.141281127929688 0.0518569946289062 -0.136642456054688
-0.261398315429688 -0.0641174316406251 0.107879638671875 -0.0393295288085938
-0.2392578125 -0.202194213867188 0.015162467956543 0.00681781768798827
-0.1356201171875 -0.289886474609375 0.0121841430664062 -0.036956787109375
-0.137130737304688 -0.174057006835938 -0.053680419921875 -0.4239501953125
-0.165786743164063 -0.102203369140625 -0.1280517578125 -0.227584838867187
-0.160232543945312 -0.006195068359375 -0.0500946044921875 -0.0599403381347656
-0.120826721191406 0.0692138671875 0.01251220703125 -0.10076904296875
-0.0559844970703125 0.1007080078125 -0.0365142822265625 -0.15240478515625
0.0162887573242187 0.131675720214844 -0.121551513671875 -0.154983520507813
0.052642822265625 0.114585876464844 -0.188140869140625 -0.126327514648438
0.050811767578125 0.110343933105469 -0.199783325195313 -0.101165771484375
0.0580291748046875 0.128578186035156 -0.2034912109375 -0.132431030273437
0.0114822387695312 0.134628295898437 -0.134994506835938 -0.188934326171875
-0.0702667236328125 0.116981506347656 -0.04498291015625 -0.207275390625
-0.112693786621094 0.0558319091796875 0.0547027587890625 -0.145858764648438
-0.136703491210938 -0.0563430786132813 0.0810165405273437 -0.0386734008789063
-0.130622863769531 -0.115455627441406 -0.0271034240722656 -0.033111572265625
-0.091705322265625 -0.167999267578125 -0.0109939575195312 -0.139091491699219
-0.106719970703125 -0.014801025390625 -0.080352783203125 -0.474609375
-0.0766830444335938 0.0140609741210938 -0.15277099609375 -0.25439453125
-0.0272598266601562 0.0443115234375 -0.0710372924804688 -0.0631103515625
0.00168800354003906 0.02239990234375 -0.00232696533203124 -0.0986404418945312
0.00177991390228272 0.00179243087768555 -0.03717041015625 -0.144561767578125
-0.0126352310180664 0.0173540115356445 -0.123397827148437 -0.163314819335938
-0.0191173553466797 0.0288410186767578 -0.201080322265625 -0.143051147460937
-0.0161209106445313 0.0294513702392578 -0.214004516601563 -0.119003295898437
-0.0203514099121094 0.0418472290039062 -0.208648681640625 -0.155410766601563
-0.0385780334472656 0.0286064147949219 -0.137802124023438 -0.208648681640625
-0.0485877990722656 0.000415802001953129 -0.030975341796875 -0.205657958984375
-0.0250930786132812 -0.0270748138427734 0.0649032592773438 -0.135955810546875
-0.00194740295410156 -0.0305824279785156 0.0626602172851563 -0.0295982360839844
-0.0150432586669922 -0.00590133666992188 -0.0478973388671875 -0.0563926696777344
-0.0417137145996094 -0.0191726684570312 -0.021026611328125 -0.198867797851563
0.01171875 -0.141983032226563 0.0670928955078125 0.189483642578125
-0.0958938598632813 -0.107566833496094 0.0536918640136719 0.0609054565429688
-0.130088806152344 -0.00740814208984375 -0.0530204772949219 0.00538253784179687
-0.071807861328125 0.0821456909179687 -0.0806732177734375 0.109199523925781
-0.0020904541015625 0.104507446289063 -0.00918579101562499 0.172531127929688
0.07196044921875 0.076751708984375 0.122039794921875 0.191085815429688
0.101646423339844 0.0436172485351562 0.2115478515625 0.148788452148438
0.0867843627929688 0.0461959838867188 0.206619262695313 0.1092529296875
0.0947723388671875 0.0560150146484375 0.180267333984375 0.12493896484375
0.0528030395507813 0.0963516235351563 0.1260986328125 0.15155029296875
-0.029266357421875 0.1014404296875 0.05767822265625 0.112136840820313
-0.09625244140625 0.0462417602539062 0.0366058349609375 0.076629638671875
-0.0926589965820313 -0.0647048950195312 0.112037658691406 0.0896072387695313
-0.0313186645507812 -0.126617431640625 0.188400268554688 0.233306884765625
0.0357513427734375 -0.109046936035156 0.0780029296875001 0.494781494140625
-0.0399169921875 -0.281585693359375 0.0523147583007813 0.140571594238281
-0.176254272460938 -0.2032470703125 0.036041259765625 0.0444564819335937
-0.242034912109375 -0.053497314453125 -0.0441932678222656 -0.00406265258789062
-0.177261352539063 0.119583129882813 -0.0736770629882813 0.0803298950195313
-0.0545501708984375 0.18853759765625 -0.0289459228515625 0.130241394042969
0.092620849609375 0.181289672851562 0.0805816650390625 0.163406372070313
0.160171508789063 0.123886108398438 0.162155151367188 0.132278442382813
0.141586303710938 0.120697021484375 0.159454345703125 0.091888427734375
0.157302856445313 0.139450073242188 0.134040832519531 0.0969009399414063
0.0868988037109375 0.1907958984375 0.1046142578125 0.106353759765625
-0.05560302734375 0.200958251953125 0.05206298828125 0.0578041076660156
-0.173294067382813 0.113876342773438 0.0544509887695312 0.0389213562011719
-0.211624145507813 -0.0884552001953125 0.145034790039063 0.067352294921875
-0.146347045898438 -0.21746826171875 0.203109741210938 0.212982177734375
-0.0304718017578125 -0.24432373046875 0.103363037109375 0.449951171875
-0.0872802734375 -0.38092041015625 0.0355453491210937 0.0471153259277344
-0.2384033203125 -0.274856567382812 0.00673389434814452 0.00539159774780272
-0.329437255859375 -0.09149169921875 -0.0390968322753906 -0.0117988586425781
-0.263656616210937 0.144485473632813 -0.0549163818359375 0.0464210510253906
-0.101730346679688 0.250198364257813 -0.0396652221679688 0.0717926025390625
0.09942626953125 0.261734008789062 0.0320968627929688 0.109870910644531
0.194366455078125 0.1868896484375 0.0907516479492188 0.094024658203125
0.17657470703125 0.1773681640625 0.0890121459960938 0.061187744140625
0.200271606445313 0.200592041015625 0.0646514892578125 0.0567207336425781
0.115814208984375 0.257232666015625 0.0626602172851563 0.0464591979980469
-0.0656280517578125 0.278640747070313 0.034332275390625 -0.00847244262695311
-0.222305297851562 0.180862426757813 0.0656890869140625 -0.00885772705078124
-0.31134033203125 -0.084808349609375 0.164398193359375 0.034698486328125
-0.253494262695313 -0.269622802734375 0.19122314453125 0.170913696289062
-0.10003662109375 -0.340362548828125 0.1082763671875 0.359222412109375
-0.12841796875 -0.42236328125 0.01531982421875 -0.0745849609375
-0.27838134765625 -0.303558349609375 -0.0307846069335938 -0.05078125
-0.376495361328125 -0.103607177734375 -0.03790283203125 -0.0204925537109375
-0.3106689453125 0.15740966796875 -0.0307865142822266 0.00686264038085939
-0.130340576171875 0.277755737304688 -0.0428962707519531 0.00229644775390626
0.093719482421875 0.304046630859375 -0.0187110900878906 0.0380096435546875
0.200851440429688 0.220535278320313 0.00712966918945314 0.0396614074707031
0.185272216796875 0.206130981445313 0.00398826599121095 0.0219497680664063
0.214492797851563 0.231277465820313 -0.0180015563964844 0.00952148437500002
0.128326416015625 0.28656005859375 0.00352478027343751 -0.0220851898193359
-0.066619873046875 0.31658935546875 0.00395965576171875 -0.0775909423828125
-0.240005493164063 0.223007202148438 0.0645484924316406 -0.0607147216796875
-0.36553955078125 -0.0675048828124999 0.161102294921875 0.000381469726562496
-0.3214111328125 -0.28057861328125 0.147613525390625 0.115386962890625
-0.15191650390625 -0.3824462890625 0.0868682861328125 0.234039306640625
-0.154571533203125 -0.397491455078125 -0.01080322265625 -0.206817626953125
-0.281494140625 -0.27838134765625 -0.072479248046875 -0.114158630371094
-0.364288330078125 -0.0885925292968751 -0.0391464233398438 -0.0335578918457031
-0.300140380859375 0.1522216796875 -0.00791168212890627 -0.037322998046875
-0.12982177734375 0.262161254882813 -0.0431289672851563 -0.0689468383789062
0.0767822265625 0.294281005859375 -0.0662345886230469 -0.040771484375
0.177291870117188 0.2193603515625 -0.0765457153320312 -0.02191162109375
0.1650390625 0.204132080078125 -0.0816726684570312 -0.0213851928710937
0.193496704101563 0.229293823242188 -0.100555419921875 -0.038482666015625
0.114639282226563 0.272659301757813 -0.0602569580078125 -0.0869522094726562
-0.067657470703125 0.29888916015625 -0.0294952392578125 -0.139266967773437
-0.224868774414062 0.212799072265625 0.0546951293945313 -0.107040405273437
-0.35076904296875 -0.056243896484375 0.137153625488281 -0.0269393920898438
-0.3203125 -0.2540283203125 0.07989501953125 0.0584259033203125
-0.167510986328125 -0.36444091796875 0.0473480224609375 0.0924911499023437
-0.157684326171875 -0.310577392578125 -0.039306640625 -0.328826904296875
-0.243453979492187 -0.204315185546875 -0.109817504882813 -0.175430297851562
-0.286468505859375 -0.05303955078125 -0.0433311462402344 -0.0482521057128906
-0.231231689453125 0.123046875 0.00610351562499998 -0.07720947265625
-0.10198974609375 0.199447631835938 -0.0413970947265625 -0.124168395996094
0.0514984130859375 0.234588623046875 -0.103424072265625 -0.107444763183594
0.127182006835938 0.181961059570313 -0.146865844726563 -0.0788726806640625
0.12066650390625 0.170211791992188 -0.1541748046875 -0.0618438720703125
0.139816284179688 0.193954467773438 -0.167709350585937 -0.084259033203125
0.07183837890625 0.2200927734375 -0.113357543945313 -0.14178466796875
-0.070404052734375 0.229873657226563 -0.05218505859375 -0.1815185546875
-0.1815185546875 0.152099609375 0.0469741821289062 -0.135665893554688
-0.267974853515625 -0.0544738769531251 0.105644226074219 -0.0411148071289063
-0.249420166015625 -0.197036743164063 0.0133838653564453 0.00710487365722655
-0.1434326171875 -0.291015625 0.00701522827148437 -0.0401077270507813
-0.141616821289063 -0.17559814453125 -0.068359375 -0.422119140625
-0.170272827148437 -0.099639892578125 -0.138519287109375 -0.22344970703125
-0.16253662109375 -0.00419616699218749 -0.05389404296875 -0.0585708618164063
-0.121437072753906 0.075897216796875 0.00711822509765625 -0.0994720458984375
-0.054473876953125 0.106613159179688 -0.0406494140625 -0.149917602539063
0.0216064453125 0.136474609375 -0.124008178710938 -0.15008544921875
0.0598068237304687 0.115425109863281 -0.191452026367188 -0.119491577148437
0.057952880859375 0.111228942871094 -0.201889038085938 -0.0939178466796875
0.0645523071289063 0.130836486816406 -0.206787109375 -0.1224365234375
0.0171585083007813 0.136604309082031 -0.142059326171875 -0.183197021484375
-0.068328857421875 0.123329162597656 -0.0542449951171875 -0.203887939453125
-0.113723754882813 0.0623245239257812 0.0493011474609375 -0.144744873046875
-0.142776489257813 -0.05279541015625 0.079345703125 -0.0405654907226563
-0.136367797851562 -0.114395141601563 -0.0321884155273438 -0.0318641662597656
-0.0948486328125 -0.172195434570313 -0.020355224609375 -0.14349365234375
-0.104248046875 -0.0165023803710938 -0.09759521484375 -0.473236083984375
-0.0769882202148438 0.0116195678710937 -0.16497802734375 -0.25054931640625
-0.0252647399902344 0.043853759765625 -0.073822021484375 -0.0585250854492187
-0.001556396484375 0.0209121704101563 -0.00678253173828125 -0.0995635986328125
-0.00159192085266113 0.00235605239868164 -0.0404052734375 -0.1429443359375
-0.0112972259521484 0.0204486846923828 -0.128448486328125 -0.159408569335937
-0.0152778625488281 0.0318946838378906 -0.208297729492188 -0.137786865234375
-0.0120811462402344 0.0341854095458984 -0.218215942382812 -0.112457275390625
-0.0162620544433594 0.0471649169921875 -0.215377807617187 -0.147216796875
-0.0348758697509766 0.0337791442871094 -0.145462036132813 -0.203659057617188
-0.0501747131347656 0.00677490234375 -0.038726806640625 -0.203216552734375
-0.0283069610595703 -0.02398681640625 0.0592880249023438 -0.137115478515625
-0.00576019287109375 -0.0308475494384766 0.0620536804199219 -0.0311088562011719
-0.0161161422729492 -0.00925731658935547 -0.0513954162597656 -0.0564765930175781
-0.0409317016601562 -0.02471923828125 -0.033905029296875 -0.204147338867188
0.0105743408203125 -0.140975952148437 0.0751495361328125 0.199783325195312
-0.09674072265625 -0.102828979492188 0.0592689514160156 0.0654029846191406
-0.129875183105469 -0.00583648681640627 -0.05224609375 0.00550079345703125
-0.0701828002929688 0.0824127197265625 -0.0802001953125 0.112297058105469
0.000389099121093755 0.103874206542969 -0.00708007812499998 0.175079345703125
0.0739593505859375 0.0746078491210938 0.127212524414062 0.192230224609375
0.103317260742188 0.0404434204101563 0.218551635742188 0.147354125976562
0.0877151489257813 0.0427932739257813 0.212844848632812 0.107925415039062
0.0969772338867188 0.0510406494140625 0.18707275390625 0.125274658203125
0.056365966796875 0.0938186645507813 0.132003784179688 0.152236938476563
-0.02508544921875 0.103515625 0.0604324340820313 0.113319396972656
-0.094635009765625 0.0495834350585937 0.0385513305664062 0.0779190063476563
-0.0949783325195313 -0.0622787475585938 0.114669799804688 0.0886611938476563
-0.0360565185546875 -0.125579833984375 0.195556640625 0.237228393554687
0.0315780639648437 -0.107719421386719 0.08837890625 0.50311279296875
-0.044830322265625 -0.28375244140625 0.0594329833984375 0.15081787109375
-0.181396484375 -0.19964599609375 0.0405998229980469 0.0504798889160156
-0.24530029296875 -0.0508575439453125 -0.0436172485351563 -0.003173828125
-0.176437377929688 0.124038696289062 -0.0721893310546875 0.0834274291992188
-0.05029296875 0.19189453125 -0.0273895263671875 0.133216857910156
0.0988616943359375 0.180343627929688 0.085296630859375 0.165634155273437
0.165435791015625 0.122528076171875 0.169021606445313 0.132186889648437
0.146713256835938 0.118377685546875 0.16656494140625 0.0908355712890625
0.16375732421875 0.135726928710938 0.140174865722656 0.0986785888671875
0.0941925048828125 0.1895751953125 0.10870361328125 0.106857299804688
-0.049652099609375 0.206649780273438 0.0526657104492187 0.0590438842773438
-0.172683715820313 0.122421264648437 0.0562324523925781 0.0410270690917969
-0.218154907226562 -0.08441162109375 0.1475830078125 0.0659027099609375
-0.155838012695312 -0.21661376953125 0.208236694335937 0.215850830078125
-0.03826904296875 -0.2471923828125 0.111297607421875 0.458770751953125
-0.095062255859375 -0.384674072265625 0.0394554138183594 0.0566482543945312
-0.246429443359375 -0.272079467773437 0.00914764404296873 0.0133256912231445
-0.335784912109375 -0.088104248046875 -0.0384368896484375 -0.0101585388183594
-0.264358520507812 0.152313232421875 -0.0544929504394531 0.0493354797363281
-0.0977783203125 0.255889892578125 -0.0389633178710938 0.0747909545898438
0.10784912109375 0.263931274414063 0.0360260009765625 0.113166809082031
0.2034912109375 0.186477661132813 0.0967178344726562 0.0947113037109375
0.184158325195313 0.175445556640625 0.0944366455078125 0.061431884765625
0.209518432617188 0.198593139648437 0.06964111328125 0.0596084594726563
0.125381469726563 0.257781982421875 0.0652389526367188 0.0461654663085938
-0.058624267578125 0.286956787109375 0.0333824157714844 -0.00767707824707029
-0.2227783203125 0.190948486328125 0.0668563842773437 -0.00697326660156249
-0.32086181640625 -0.0798950195312501 0.166595458984375 0.03350830078125
-0.265487670898437 -0.268173217773438 0.195419311523438 0.1734619140625
-0.10919189453125 -0.346923828125 0.11383056640625 0.36468505859375
-0.136199951171875 -0.427276611328125 0.0146522521972656 -0.0671005249023438
-0.286865234375 -0.3026123046875 -0.030975341796875 -0.0432281494140625
-0.385498046875 -0.100555419921875 -0.0375442504882813 -0.0184326171875
-0.3126220703125 0.168182373046875 -0.03131103515625 0.00897598266601563
-0.1273193359375 0.286895751953125 -0.0432090759277344 0.00441360473632814
0.103759765625 0.307342529296875 -0.0163459777832031 0.0417633056640625
0.211776733398438 0.2215576171875 0.0104942321777344 0.0413742065429688
0.19415283203125 0.206756591796875 0.00788307189941408 0.0224113464355469
0.225372314453125 0.231796264648438 -0.0153360366821289 0.0139179229736328
0.138671875 0.28741455078125 0.00467681884765626 -0.0214443206787109
-0.05889892578125 0.326202392578125 0.000801086425781253 -0.076995849609375
-0.240081787109375 0.2340087890625 0.065032958984375 -0.0595550537109375
-0.3760986328125 -0.0621337890625 0.162399291992187 -0.000762939453125004
-0.3333740234375 -0.27838134765625 0.14923095703125 0.118576049804688
-0.1610107421875 -0.390533447265625 0.08880615234375 0.23626708984375
-0.162628173828125 -0.404449462890625 -0.0145416259765625 -0.203277587890625
-0.291839599609375 -0.279144287109375 -0.0757827758789063 -0.108924865722656
-0.373779296875 -0.0858154296875 -0.0399589538574219 -0.0312919616699219
-0.3038330078125 0.16351318359375 -0.00961685180664064 -0.0357208251953125
-0.12713623046875 0.271408081054688 -0.0436058044433594 -0.0675086975097656
0.087249755859375 0.300079345703125 -0.0655326843261719 -0.0372085571289062
0.188217163085938 0.2210693359375 -0.0755844116210937 -0.0196380615234375
0.175277709960938 0.205673217773438 -0.0798721313476562 -0.0205307006835937
0.204086303710938 0.2305908203125 -0.100509643554688 -0.0338973999023438
0.124038696289063 0.274993896484375 -0.0620880126953125 -0.0862350463867187
-0.060150146484375 0.309326171875 -0.0348892211914063 -0.13787841796875
-0.2247314453125 0.224380493164063 0.0546035766601563 -0.105865478515625
-0.36102294921875 -0.05059814453125 0.137557983398437 -0.0280380249023438
-0.33111572265625 -0.253021240234375 0.0794830322265625 0.0607376098632812
-0.174591064453125 -0.3741455078125 0.0448532104492187 0.0925750732421875
-0.1650390625 -0.31689453125 -0.046844482421875 -0.329254150390625
-0.252670288085938 -0.206817626953125 -0.115692138671875 -0.1727294921875
-0.295013427734375 -0.050079345703125 -0.0453529357910156 -0.0459518432617187
-0.23492431640625 0.131927490234375 0.00473022460937499 -0.0763778686523438
-0.101150512695313 0.207839965820313 -0.0433807373046875 -0.123954772949219
0.060699462890625 0.240478515625 -0.104995727539063 -0.105621337890625
0.137283325195313 0.18450927734375 -0.148178100585937 -0.076751708984375
0.129119873046875 0.173141479492188 -0.154342651367188 -0.0605316162109375
0.149215698242188 0.197174072265625 -0.169723510742188 -0.0797576904296875
0.0809173583984375 0.223602294921875 -0.116485595703125 -0.141021728515625
-0.0666351318359375 0.238235473632813 -0.057373046875 -0.182205200195312
-0.183181762695313 0.16033935546875 0.0461349487304688 -0.135543823242188
-0.277603149414063 -0.0522003173828125 0.106163024902344 -0.0409927368164063
-0.257705688476562 -0.1986083984375 0.0107746124267578 0.00874137878417968
-0.14886474609375 -0.299896240234375 0.00122451782226562 -0.04205322265625
-0.14581298828125 -0.181671142578125 -0.07830810546875 -0.425628662109375
-0.176055908203125 -0.103347778320313 -0.147842407226563 -0.222488403320313
-0.168350219726563 -0.00404357910156251 -0.0567474365234375 -0.0568351745605469
-0.125465393066406 0.0810775756835937 0.00554656982421875 -0.0998916625976563
-0.054718017578125 0.112091064453125 -0.042938232421875 -0.150588989257813
0.027313232421875 0.142013549804688 -0.12786865234375 -0.148834228515625
0.0668487548828125 0.118255615234375 -0.196578979492188 -0.117630004882812
0.0642623901367188 0.114631652832031 -0.205078125 -0.0930938720703125
0.0727691650390625 0.134986877441406 -0.211578369140625 -0.119400024414062
0.0223846435546875 0.14080810546875 -0.14697265625 -0.181442260742187
-0.066192626953125 0.131149291992188 -0.059295654296875 -0.204849243164062
-0.117919921875 0.0681381225585938 0.0473175048828125 -0.146209716796875
-0.150161743164063 -0.0519256591796875 0.0802230834960937 -0.0406951904296875
-0.141433715820312 -0.116806030273438 -0.0362777709960938 -0.0329704284667969
-0.0970458984375 -0.180557250976563 -0.0282745361328125 -0.149978637695312
-0.103240966796875 -0.0189971923828125 -0.108123779296875 -0.4796142578125
-0.0783615112304688 0.00871276855468749 -0.174896240234375 -0.252639770507812
-0.0268020629882812 0.0420188903808594 -0.0773086547851563 -0.0577850341796875
-0.00380897521972656 0.0227031707763672 -0.00890350341796874 -0.0994415283203125
-0.00330638885498047 0.00498151779174805 -0.0424041748046875 -0.144699096679688
-0.00937843322753906 0.0250205993652344 -0.132476806640625 -0.16021728515625
-0.0126819610595703 0.0342178344726562 -0.213897705078125 -0.136642456054688
-0.00928497314453126 0.0375556945800781 -0.225021362304688 -0.111068725585938
-0.0130767822265625 0.0513992309570313 -0.22216796875 -0.145477294921875
-0.0331192016601563 0.0381813049316406 -0.150588989257812 -0.201889038085938
-0.0510826110839844 0.0108604431152344 -0.0434112548828125 -0.205398559570313
-0.0322322845458984 -0.0218563079833984 0.0568771362304688 -0.139656066894531
-0.0106430053710937 -0.0315151214599609 0.0634689331054688 -0.0320587158203125
-0.0182876586914062 -0.0122509002685547 -0.0565681457519531 -0.0586624145507813
-0.03948974609375 -0.0309104919433594 -0.0428314208984375 -0.21185302734375
0.00854492187499999 -0.144149780273438 0.0857391357421875 0.212554931640625
-0.0998916625976563 -0.100799560546875 0.0666656494140625 0.07086181640625
-0.13238525390625 -0.00238800048828123 -0.0525016784667969 0.00624847412109376
-0.0698089599609375 0.0845108032226562 -0.0810775756835937 0.117591857910156
0.00291442871093749 0.105789184570313 -0.00425720214843749 0.18170166015625
0.0777664184570313 0.073455810546875 0.135147094726563 0.197845458984375
0.107330322265625 0.0388641357421875 0.231460571289062 0.149185180664063
0.0909805297851563 0.039703369140625 0.224395751953125 0.107833862304688
0.100410461425781 0.0472869873046875 0.198410034179687 0.128265380859375
0.0610504150390625 0.0928268432617188 0.139984130859375 0.1552734375
-0.022003173828125 0.107658386230469 0.0644378662109375 0.116828918457031
-0.09588623046875 0.0543670654296875 0.041748046875 0.0813522338867188
-0.0994415283203125 -0.0617752075195313 0.119522094726563 0.0898208618164063
-0.0424041748046875 -0.126312255859375 0.207794189453125 0.245986938476563
0.0278472900390625 -0.109657287597656 0.10247802734375 0.524322509765625
-0.05224609375 -0.29278564453125 0.0679168701171875 0.164154052734375
-0.189590454101563 -0.200302124023438 0.0459747314453125 0.0580101013183594
-0.254379272460938 -0.04827880859375 -0.0438156127929688 -0.00239181518554687
-0.179534912109375 0.131317138671875 -0.0735015869140625 0.088165283203125
-0.0479736328125 0.198928833007813 -0.025726318359375 0.139106750488281
0.107315063476562 0.184432983398438 0.0923614501953125 0.1717529296875
0.175567626953125 0.1220703125 0.180572509765625 0.134979248046875
0.155075073242188 0.118270874023438 0.176803588867188 0.091552734375
0.173507690429687 0.135589599609375 0.149658203125 0.102096557617188
0.103225708007813 0.19195556640625 0.115638732910156 0.108940124511719
-0.04437255859375 0.216033935546875 0.0548934936523438 0.06170654296875
-0.175979614257813 0.132736206054687 0.0598869323730469 0.0436935424804688
-0.229888916015625 -0.0825042724609375 0.1533203125 0.0661773681640625
-0.1689453125 -0.219467163085938 0.219772338867188 0.224578857421875
-0.0465240478515625 -0.25628662109375 0.12371826171875 0.475860595703125
-0.1058349609375 -0.39776611328125 0.0443954467773438 0.0672035217285156
-0.25872802734375 -0.275650024414062 0.0124397277832031 0.0203113555908203
-0.350738525390625 -0.085205078125 -0.0390663146972656 -0.0084381103515625
-0.271011352539063 0.164093017578125 -0.054962158203125 0.0532722473144531
-0.095550537109375 0.268020629882813 -0.03924560546875 0.0792617797851563
0.1199951171875 0.2703857421875 0.0409164428710937 0.118904113769531
0.217620849609375 0.1885986328125 0.104522705078125 0.0979080200195313
0.196395874023438 0.177963256835938 0.102447509765625 0.06146240234375
0.224166870117188 0.200485229492188 0.0762405395507813 0.063323974609375
0.137619018554688 0.262985229492188 0.0694389343261719 0.0469741821289063
-0.0513916015625 0.30108642578125 0.0332202911376953 -0.00654411315917967
-0.227020263671875 0.20550537109375 0.070709228515625 -0.00621032714843749
-0.33697509765625 -0.0762939453125 0.172210693359375 0.032470703125
-0.283935546875 -0.271820068359375 0.20440673828125 0.1800537109375
-0.120880126953125 -0.360382080078125 0.12310791015625 0.378021240234375
-0.148834228515625 -0.443359375 0.0158004760742187 -0.0623283386230469
-0.30224609375 -0.307708740234375 -0.0310897827148438 -0.0376739501953125
-0.403778076171875 -0.09869384765625 -0.0381431579589844 -0.0172500610351562
-0.321197509765625 0.1824951171875 -0.0321464538574219 0.0114402770996094
-0.125396728515625 0.3017578125 -0.0447311401367188 0.00605773925781253
0.11773681640625 0.316650390625 -0.01416015625 0.0463676452636719
0.2283935546875 0.225814819335938 0.0145606994628906 0.043975830078125
0.209121704101563 0.209915161132813 0.01226806640625 0.0226287841796875
0.242568969726563 0.235153198242187 -0.0123176574707031 0.0177593231201172
0.15240478515625 0.294708251953125 0.00500106811523438 -0.0219230651855469
-0.05157470703125 0.34417724609375 -0.00208282470703125 -0.077667236328125
-0.244842529296875 0.251754760742188 0.0677452087402344 -0.0603828430175781
-0.39501953125 -0.0567626953124999 0.167755126953125 -0.00244140625
-0.35369873046875 -0.282257080078125 0.154388427734375 0.122894287109375
-0.174102783203125 -0.406494140625 0.0935821533203125 0.244216918945312
-0.1748046875 -0.4183349609375 -0.01812744140625 -0.203964233398438
-0.30859375 -0.285888671875 -0.079833984375 -0.105857849121094
-0.39251708984375 -0.0844421386718749 -0.0417633056640625 -0.0298652648925781
-0.313690185546875 0.17877197265625 -0.0105266571044922 -0.0350189208984375
-0.127410888671875 0.287017822265625 -0.0471038818359375 -0.0682220458984375
0.10113525390625 0.31024169921875 -0.0669822692871094 -0.0347480773925781
0.204681396484375 0.225326538085938 -0.0765151977539062 -0.0181503295898437
0.189956665039063 0.210357666015625 -0.0797958374023437 -0.0206146240234375
0.221405029296875 0.236007690429687 -0.102203369140625 -0.0304107666015625
0.13751220703125 0.28277587890625 -0.0648345947265625 -0.087738037109375
-0.05426025390625 0.327301025390625 -0.0402603149414062 -0.140243530273437
-0.229888916015625 0.240936279296875 0.0559158325195312 -0.107902526855469
-0.379180908203125 -0.0460815429687499 0.141876220703125 -0.0297698974609375
-0.3514404296875 -0.25628662109375 0.0814361572265625 0.0638046264648437
-0.1873779296875 -0.391448974609375 0.044647216796875 0.09503173828125
-0.176239013671875 -0.33123779296875 -0.05499267578125 -0.3369140625
-0.266571044921875 -0.212905883789063 -0.124176025390625 -0.17333984375
-0.310699462890625 -0.049346923828125 -0.0482559204101563 -0.0446243286132812
-0.244140625 0.144790649414062 0.00286865234374998 -0.0775299072265625
-0.1011962890625 0.22222900390625 -0.04693603515625 -0.126739501953125
0.0724639892578125 0.250701904296875 -0.108818054199219 -0.105964660644531
0.150543212890625 0.189773559570313 -0.153854370117188 -0.0761871337890624
0.140884399414063 0.178451538085938 -0.15887451171875 -0.0613555908203125
0.164306640625 0.20367431640625 -0.175872802734375 -0.0779266357421875
0.090911865234375 0.231689453125 -0.122833251953125 -0.143280029296875
-0.0616912841796875 0.253662109375 -0.0648345947265625 -0.185577392578125
-0.188751220703125 0.173416137695313 0.0462646484375 -0.13897705078125
-0.29290771484375 -0.04901123046875 0.109291076660156 -0.0431671142578125
-0.2735595703125 -0.202667236328125 0.00865745544433592 0.00996112823486327
-0.158416748046875 -0.315887451171875 -0.00400161743164063 -0.0454521179199219
-0.152740478515625 -0.191162109375 -0.09014892578125 -0.439056396484375
-0.185791015625 -0.107711791992187 -0.159744262695313 -0.227294921875
-0.177642822265625 -0.00424194335937497 -0.0609664916992188 -0.0562019348144531
-0.131927490234375 0.0896453857421875 0.00269317626953123 -0.102203369140625
-0.05609130859375 0.120429992675781 -0.0463104248046875 -0.155410766601563
0.0344696044921875 0.149627685546875 -0.133132934570313 -0.151596069335938
0.0754013061523438 0.122817993164062 -0.2060546875 -0.118408203125
0.0725173950195313 0.11962890625 -0.213088989257813 -0.093841552734375
0.0820465087890625 0.141494750976563 -0.220916748046875 -0.118698120117188
0.029205322265625 0.14776611328125 -0.155303955078125 -0.18487548828125
-0.0649261474609375 0.141754150390625 -0.0667724609375 -0.209732055664062
-0.122947692871094 0.076080322265625 0.0467681884765625 -0.151031494140625
-0.160415649414063 -0.0513153076171875 0.0830459594726562 -0.04345703125
-0.151168823242188 -0.122100830078125 -0.041717529296875 -0.0342292785644531
-0.102752685546875 -0.192581176757813 -0.03753662109375 -0.157302856445312
-0.105300903320313 -0.021942138671875 -0.1236572265625 -0.49688720703125
-0.081298828125 0.00733184814453125 -0.189544677734375 -0.259384155273438
-0.0279808044433594 0.0408782958984375 -0.0830841064453125 -0.0575408935546875
-0.00634574890136719 0.0247554779052734 -0.0115509033203125 -0.101844787597656
-0.00485515594482422 0.00770330429077148 -0.0450439453125 -0.14910888671875
-0.00776290893554687 0.0287055969238281 -0.139190673828125 -0.165283203125
-0.010101318359375 0.036865234375 -0.225814819335938 -0.138427734375
-0.006591796875 0.0412788391113281 -0.235336303710938 -0.112258911132813
-0.00983810424804688 0.056427001953125 -0.234603881835938 -0.146286010742188
-0.0319061279296875 0.04241943359375 -0.159881591796875 -0.2064208984375
-0.0526466369628906 0.0155105590820312 -0.0498199462890625 -0.21075439453125
-0.0369071960449219 -0.0196495056152344 0.05584716796875 -0.14532470703125
-0.0141201019287109 -0.0332469940185547 0.0655059814453125 -0.0349311828613281
-0.0200042724609375 -0.0158061981201172 -0.0625839233398438 -0.0619125366210938
-0.040374755859375 -0.0378875732421875 -0.053314208984375 -0.224258422851563
0.00355529785156249 -0.150100708007813 0.103302001953125 0.22735595703125
-0.106407165527344 -0.0983734130859375 0.0772933959960938 0.0761566162109375
-0.13720703125 0.00263977050781249 -0.05426025390625 0.00724411010742187
-0.0692367553710937 0.0895767211914063 -0.0808563232421875 0.127189636230469
0.00743103027343749 0.108505249023438 0.001800537109375 0.192764282226563
0.0848617553710938 0.071929931640625 0.150177001953125 0.203720092773438
0.114295959472656 0.0347518920898438 0.25115966796875 0.148452758789063
0.0956802368164063 0.035858154296875 0.241607666015625 0.104568481445313
0.106224060058594 0.0424423217773438 0.21612548828125 0.128250122070313
0.0689544677734375 0.091644287109375 0.153915405273438 0.15814208984375
-0.0161209106445313 0.113433837890625 0.0714950561523437 0.121116638183594
-0.096405029296875 0.0613479614257813 0.0478744506835937 0.0848236083984375
-0.107444763183594 -0.0601577758789062 0.128982543945313 0.09014892578125
-0.0517959594726563 -0.127937316894531 0.230422973632813 0.253555297851562
0.0234146118164062 -0.113273620605469 0.12860107421875 0.55084228515625
-0.065887451171875 -0.30517578125 0.0821075439453125 0.17840576171875
-0.2049560546875 -0.200088500976563 0.0551338195800781 0.0645599365234375
-0.268585205078125 -0.041412353515625 -0.0452117919921875 -0.000938415527343761
-0.182525634765625 0.143997192382812 -0.0737152099609375 0.0961761474609375
-0.04205322265625 0.21014404296875 -0.0229034423828125 0.148193359375
0.1221923828125 0.187271118164062 0.104949951171875 0.179000854492188
0.191482543945313 0.120147705078125 0.197723388671875 0.135299682617188
0.168319702148438 0.116439819335938 0.191802978515625 0.0886077880859375
0.189071655273438 0.132843017578125 0.164627075195313 0.10382080078125
0.117889404296875 0.195266723632813 0.126243591308594 0.1107177734375
-0.03497314453125 0.230484008789062 0.0587387084960938 0.0641250610351563
-0.178695678710937 0.148223876953125 0.0659217834472656 0.0447578430175781
-0.247589111328125 -0.0768280029296875 0.163070678710937 0.064117431640625
-0.190353393554688 -0.222457885742187 0.240753173828125 0.230438232421875
-0.06072998046875 -0.26751708984375 0.149322509765625 0.499481201171875
-0.12542724609375 -0.415283203125 0.05279541015625 0.0778732299804687
-0.281341552734375 -0.27801513671875 0.0171375274658203 0.0265617370605469
-0.37261962890625 -0.0766906738281249 -0.0397300720214844 -0.00704574584960938
-0.277313232421875 0.183990478515625 -0.0559616088867188 0.0590286254882813
-0.089019775390625 0.286163330078125 -0.039306640625 0.0859375
0.140716552734375 0.278518676757813 0.0488967895507812 0.126075744628906
0.239364624023438 0.188507080078125 0.117019653320313 0.0990447998046875
0.215774536132813 0.17718505859375 0.112998962402344 0.0592422485351563
0.2476806640625 0.199874877929688 0.0858001708984375 0.0659103393554688
0.157012939453125 0.26849365234375 0.0753936767578125 0.0467071533203125
-0.03826904296875 0.32159423828125 0.0328826904296875 -0.00595283508300779
-0.229721069335937 0.228240966796875 0.075164794921875 -0.00784301757812499
-0.361480712890625 -0.0671691894531249 0.181350708007812 0.0285186767578125
-0.313629150390625 -0.27459716796875 0.220993041992187 0.1854248046875
-0.142547607421875 -0.377532958984375 0.1422119140625 0.395355224609375
-0.172088623046875 -0.462921142578125 0.0167083740234375 -0.0574111938476563
-0.32977294921875 -0.311920166015625 -0.0318775177001953 -0.0328121185302735
-0.430816650390625 -0.088623046875 -0.0406570434570313 -0.0152435302734375
-0.330169677734375 0.206878662109375 -0.0332012176513672 0.0151557922363281
-0.11944580078125 0.324462890625 -0.0478439331054688 0.00983428955078127
0.140106201171875 0.326812744140625 -0.0109825134277344 0.0518379211425781
0.253494262695313 0.227005004882813 0.0203895568847656 0.0462074279785156
0.230911254882813 0.21160888671875 0.0171051025390625 0.0214977264404297
0.268768310546875 0.236785888671875 -0.00951576232910155 0.0213966369628906
0.175445556640625 0.30279541015625 0.00476264953613282 -0.0224838256835937
-0.035919189453125 0.3665771484375 -0.006744384765625 -0.0788497924804687
-0.2469482421875 0.277374267578125 0.0709075927734375 -0.064605712890625
-0.42156982421875 -0.044464111328125 0.175094604492187 -0.007843017578125
-0.386566162109375 -0.284027099609375 0.165802001953125 0.126922607421875
-0.198455810546875 -0.42681884765625 0.1051025390625 0.254379272460938
-0.1986083984375 -0.43890380859375 -0.025115966796875 -0.207504272460938
-0.335601806640625 -0.291534423828125 -0.086761474609375 -0.103538513183594
-0.42034912109375 -0.07568359375 -0.04498291015625 -0.0284042358398438
-0.3236083984375 0.203521728515625 -0.0121784210205078 -0.0346508026123047
-0.121612548828125 0.3096923828125 -0.0522499084472656 -0.0683670043945312
0.123809814453125 0.32257080078125 -0.0692710876464844 -0.0316734313964844
0.228973388671875 0.22900390625 -0.0790252685546875 -0.0150070190429687
0.211135864257813 0.214157104492188 -0.0820541381835937 -0.0197830200195312
0.248382568359375 0.2396240234375 -0.106338500976562 -0.0262603759765625
0.15924072265625 0.29278564453125 -0.0716018676757812 -0.0895309448242187
-0.04083251953125 0.349945068359375 -0.0492401123046875 -0.143386840820312
-0.23297119140625 0.266510009765625 0.0568771362304687 -0.114410400390625
-0.40545654296875 -0.0335693359375 0.147857666015625 -0.0364837646484375
-0.382232666015625 -0.258819580078125 0.0852737426757812 0.0671463012695312
-0.211395263671875 -0.410888671875 0.0471267700195313 0.0987091064453125
-0.196533203125 -0.3465576171875 -0.07012939453125 -0.34844970703125
-0.289825439453125 -0.2177734375 -0.138290405273438 -0.1739501953125
-0.332916259765625 -0.043243408203125 -0.0532798767089844 -0.0435066223144531
-0.2523193359375 0.165939331054687 -0.000595092773437513 -0.0798263549804688
-0.0982666015625 0.241165161132813 -0.0546493530273438 -0.130691528320313
0.090087890625 0.26275634765625 -0.116966247558594 -0.105461120605469
0.17071533203125 0.19384765625 -0.164031982421875 -0.0740509033203125
0.159744262695313 0.18341064453125 -0.1676025390625 -0.0591278076171875
0.186935424804688 0.2095947265625 -0.185943603515625 -0.0736541748046875
0.108108520507813 0.241241455078125 -0.134262084960938 -0.145706176757813
-0.0523681640625 0.273773193359375 -0.076171875 -0.190521240234375
-0.192962646484375 0.193756103515625 0.045257568359375 -0.146499633789062
-0.314208984375 -0.041168212890625 0.114082336425781 -0.0491409301757813
-0.297332763671875 -0.2054443359375 0.00679016113281248 0.0110387802124023
-0.178558349609375 -0.3345947265625 -0.01019287109375 -0.0491523742675782
-0.16644287109375 -0.200027465820313 -0.1124267578125 -0.45697021484375
-0.200775146484375 -0.11126708984375 -0.178955078125 -0.23138427734375
-0.190536499023437 -0.00105285644531251 -0.0676651000976563 -0.0549278259277344
-0.136932373046875 0.101768493652344 -0.00196075439453126 -0.105880737304688
-0.0553970336914063 0.133163452148438 -0.0548553466796875 -0.160873413085937
0.045745849609375 0.158004760742188 -0.145584106445312 -0.154754638671875
0.087921142578125 0.127166748046875 -0.221084594726563 -0.116958618164063
0.08441162109375 0.12420654296875 -0.227249145507812 -0.091583251953125
0.0977935791015625 0.147491455078125 -0.2371826171875 -0.115478515625
0.0396728515625 0.156723022460938 -0.170455932617187 -0.1881103515625
-0.0616302490234375 0.155670166015625 -0.079742431640625 -0.216827392578125
-0.128067016601563 0.087982177734375 0.044586181640625 -0.159698486328125
-0.174118041992188 -0.048919677734375 0.0859222412109375 -0.0484390258789063
-0.165740966796875 -0.125869750976562 -0.0484619140625 -0.0347175598144531
-0.11529541015625 -0.206771850585937 -0.0503692626953125 -0.16717529296875
-0.108932495117188 -0.0231552124023437 -0.149810791015625 -0.518798828125
-0.0853424072265625 0.00615692138671874 -0.212432861328125 -0.2672119140625
-0.0293693542480469 0.0410690307617187 -0.0909652709960938 -0.05633544921875
-0.00767135620117187 0.0273418426513672 -0.0169143676757812 -0.105728149414063
-0.00623893737792969 0.0107593536376953 -0.0525665283203125 -0.155609130859375
-0.00531196594238281 0.0332851409912109 -0.153060913085938 -0.169448852539063
-0.00763320922851563 0.0404815673828125 -0.244308471679688 -0.1368408203125
-0.00266647338867188 0.0452308654785156 -0.253524780273437 -0.109725952148438
-0.00465774536132813 0.0625534057617188 -0.25372314453125 -0.144699096679688
-0.0295372009277344 0.0488243103027344 -0.176483154296875 -0.210052490234375
-0.0544586181640625 0.0217933654785156 -0.0614166259765625 -0.21917724609375
-0.0408859252929688 -0.0165023803710938 0.052886962890625 -0.154281616210937
-0.0187873840332031 -0.0340995788574219 0.0675888061523438 -0.0398521423339844
-0.0233669281005859 -0.0187797546386719 -0.0720977783203125 -0.064544677734375
-0.0437698364257812 -0.044281005859375 -0.069091796875 -0.237319946289063
-0.00561523437500002 -0.1552734375 0.12738037109375 0.237030029296875
-0.114295959472656 -0.092041015625 0.0903472900390625 0.0789642333984375
-0.140556335449219 0.0118255615234375 -0.0554733276367188 0.0104103088378906
-0.0656967163085937 0.0954818725585938 -0.0763473510742187 0.137763977050781
0.0145416259765625 0.111198425292969 0.0133056640625 0.20166015625
0.0923690795898438 0.0670242309570313 0.170272827148438 0.203781127929688
0.120925903320313 0.0261383056640625 0.273330688476562 0.138687133789062
0.10076904296875 0.0294418334960937 0.259689331054688 0.0933685302734375
0.111244201660156 0.0348052978515625 0.236557006835937 0.120803833007812
0.0776824951171875 0.0881423950195313 0.170883178710937 0.155303955078125
-0.00655364990234374 0.117889404296875 0.0821990966796875 0.122451782226563
-0.0952606201171875 0.0708389282226562 0.0563888549804687 0.08551025390625
-0.116172790527344 -0.0537490844726563 0.140220642089844 0.0855941772460938
-0.0645294189453125 -0.127342224121094 0.259506225585938 0.252273559570313
0.015411376953125 -0.117355346679688 0.171630859375 0.5682373046875
-0.087646484375 -0.313018798828125 0.101486206054687 0.18829345703125
-0.223861694335937 -0.192413330078125 0.0663871765136719 0.069366455078125
-0.282135009765625 -0.02581787109375 -0.0463027954101563 0.00160598754882812
-0.179779052734375 0.161087036132813 -0.0702743530273438 0.105598449707031
-0.0297393798828125 0.22052001953125 -0.0152587890625 0.157546997070313
0.14080810546875 0.184173583984375 0.122604370117188 0.180984497070313
0.209091186523438 0.110366821289063 0.217926025390625 0.127960205078125
0.182449340820313 0.107818603515625 0.207183837890625 0.079254150390625
0.206512451171875 0.122787475585938 0.181304931640625 0.0987548828125
0.136703491210938 0.192916870117188 0.139289855957031 0.107162475585938
-0.0164031982421875 0.242767333984375 0.065155029296875 0.0646820068359375
-0.175537109375 0.167510986328125 0.0730361938476563 0.0432357788085938
-0.265823364257813 -0.063629150390625 0.173049926757812 0.0571746826171875
-0.2158203125 -0.2176513671875 0.26776123046875 0.228469848632813
-0.0821075439453125 -0.275924682617188 0.187469482421875 0.513519287109375
-0.156341552734375 -0.426300048828125 0.0643844604492187 0.086029052734375
-0.3092041015625 -0.270355224609375 0.0240840911865234 0.0325279235839844
-0.3948974609375 -0.0578308105468751 -0.04180908203125 -0.00510406494140624
-0.276412963867187 0.209518432617188 -0.0543479919433594 0.0667648315429688
-0.073486328125 0.30450439453125 -0.0356903076171875 0.0936660766601563
0.167266845703125 0.278823852539063 0.0618972778320313 0.130615234375
0.265823364257813 0.178558349609375 0.131431579589844 0.09576416015625
0.2381591796875 0.170059204101563 0.123420715332031 0.0532760620117188
0.274246215820313 0.190277099609375 0.0971908569335938 0.0648651123046875
0.184524536132813 0.268035888671875 0.08135986328125 0.0440216064453125
-0.014251708984375 0.338897705078125 0.0330390930175781 -0.00603485107421873
-0.223831176757812 0.255874633789063 0.079498291015625 -0.0127944946289062
-0.384918212890625 -0.0453186035156251 0.189361572265625 0.0189361572265625
-0.3482666015625 -0.264984130859375 0.242935180664063 0.181976318359375
-0.173736572265625 -0.387359619140625 0.17303466796875 0.404754638671875
-0.2078857421875 -0.4754638671875 0.01727294921875 -0.0536880493164063
-0.361907958984375 -0.304779052734375 -0.031982421875 -0.0262851715087891
-0.45849609375 -0.0667724609375 -0.042572021484375 -0.0128631591796875
-0.330169677734375 0.23907470703125 -0.0334968566894531 0.0198154449462891
-0.10186767578125 0.3470458984375 -0.0497894287109375 0.0150566101074219
0.17132568359375 0.330657958984375 -0.00527954101562499 0.0568084716796875
0.282928466796875 0.218658447265625 0.026824951171875 0.0471992492675781
0.257034301757813 0.204925537109375 0.0206890106201172 0.0193061828613281
0.300872802734375 0.227752685546875 -0.00476646423339842 0.0248775482177735
0.205108642578125 0.302581787109375 0.00347900390625001 -0.0240039825439453
-0.00961303710937501 0.387603759765625 -0.0131072998046875 -0.0792236328125
-0.23974609375 0.307403564453125 0.0711288452148437 -0.07147216796875
-0.4482421875 -0.019439697265625 0.181060791015625 -0.0190887451171875
-0.42523193359375 -0.271575927734375 0.180084228515625 0.125
-0.23577880859375 -0.43817138671875 0.123703002929688 0.260299682617188
-0.23388671875 -0.450469970703125 -0.036895751953125 -0.208831787109375
-0.36810302734375 -0.28472900390625 -0.0956344604492188 -0.0976943969726563
-0.447479248046875 -0.0541992187500001 -0.04833984375 -0.0252304077148438
-0.324676513671875 0.235992431640625 -0.0150260925292969 -0.0329475402832031
-0.1063232421875 0.333709716796875 -0.05987548828125 -0.0661430358886719
0.154083251953125 0.327911376953125 -0.0718917846679687 -0.0261001586914062
0.258346557617188 0.2225341796875 -0.0807723999023437 -0.0103378295898438
0.236801147460937 0.208740234375 -0.085113525390625 -0.0174789428710937
0.281219482421875 0.232452392578125 -0.109283447265625 -0.0188217163085937
0.187164306640625 0.294219970703125 -0.0802154541015625 -0.0883712768554687
-0.015228271484375 0.370513916015625 -0.0612945556640625 -0.143463134765625
-0.22601318359375 0.295562744140625 0.053070068359375 -0.122306823730469
-0.429168701171875 -0.00888061523437501 0.15081787109375 -0.0469970703125
-0.41754150390625 -0.245849609375 0.0916595458984375 0.0668563842773438
-0.246826171875 -0.422760009765625 0.0523605346679687 0.1007080078125
-0.224273681640625 -0.355010986328125 -0.0946044921875 -0.355316162109375
-0.317535400390625 -0.2127685546875 -0.155670166015625 -0.16943359375
-0.355072021484375 -0.0263671875000001 -0.0589752197265625 -0.0402030944824219
-0.253860473632813 0.19244384765625 -0.00524139404296876 -0.08050537109375
-0.086578369140625 0.26123046875 -0.0659561157226563 -0.131858825683594
0.116134643554687 0.268325805664063 -0.126556396484375 -0.101181030273437
0.19464111328125 0.190780639648437 -0.174850463867188 -0.066253662109375
0.181961059570313 0.180252075195313 -0.1781005859375 -0.0527801513671875
0.215133666992188 0.2056884765625 -0.197463989257813 -0.0626220703124999
0.131393432617188 0.24560546875 -0.149948120117188 -0.143218994140625
-0.033721923828125 0.2923583984375 -0.092559814453125 -0.191421508789062
-0.189041137695313 0.217803955078125 0.0393218994140625 -0.15557861328125
-0.33489990234375 -0.0228271484375 0.115036010742187 -0.0582351684570312
-0.32647705078125 -0.197479248046875 0.0050992965698242 0.0132312774658203
-0.208160400390625 -0.34503173828125 -0.0169563293457031 -0.0504341125488282
-0.18365478515625 -0.2034912109375 -0.1470947265625 -0.469268798828125
-0.218536376953125 -0.10760498046875 -0.203857421875 -0.228591918945313
-0.20233154296875 0.00801086425781254 -0.074920654296875 -0.0513076782226563
-0.138092041015625 0.117263793945312 -0.00897979736328127 -0.108512878417969
-0.0491943359375 0.145584106445313 -0.0674285888671875 -0.163909912109375
0.06121826171875 0.163742065429687 -0.161056518554688 -0.151702880859375
0.102569580078125 0.127243041992188 -0.238754272460937 -0.107513427734375
0.0990371704101563 0.124900817871094 -0.242904663085937 -0.08233642578125
0.116958618164062 0.1484375 -0.254684448242188 -0.103668212890625
0.054473876953125 0.162384033203125 -0.1895751953125 -0.184341430664063
-0.051849365234375 0.17041015625 -0.0978240966796875 -0.219039916992187
-0.129302978515625 0.103553771972656 0.0367279052734375 -0.168685913085938
-0.188262939453125 -0.039886474609375 0.085693359375 -0.0565414428710938
-0.182846069335938 -0.12286376953125 -0.0559425354003906 -0.0320854187011719
-0.134109497070312 -0.215744018554688 -0.06781005859375 -0.172515869140625
-0.112602233886719 -0.021820068359375 -0.190704345703125 -0.533599853515625
-0.0897445678710938 0.00823211669921877 -0.241867065429688 -0.265106201171875
-0.0296440124511719 0.0409393310546875 -0.0992660522460938 -0.0513839721679688
-0.00832748413085937 0.0300941467285156 -0.0246200561523437 -0.107719421386719
-0.0069122314453125 0.0141029357910156 -0.0646209716796875 -0.159439086914063
-0.0018157958984375 0.0369834899902344 -0.170455932617188 -0.168045043945313
-0.00438690185546875 0.044097900390625 -0.265777587890625 -0.128021240234375
0.00247955322265625 0.0487861633300781 -0.271194458007813 -0.0989990234375
0.003448486328125 0.067047119140625 -0.274993896484375 -0.133087158203125
-0.024810791015625 0.0547599792480469 -0.198104858398437 -0.207229614257813
-0.054779052734375 0.0300559997558594 -0.07952880859375 -0.223281860351563
-0.045562744140625 -0.0113410949707031 0.045257568359375 -0.163970947265625
-0.0242290496826172 -0.0350131988525391 0.0684089660644531 -0.0462799072265625
-0.0271015167236328 -0.0214996337890625 -0.0834732055664063 -0.063079833984375
-0.0489120483398438 -0.0496749877929688 -0.0928802490234375 -0.246292114257812
-0.0163726806640625 -0.155929565429688 0.151840209960938 0.237655639648438
-0.119064331054687 -0.0817718505859375 0.102813720703125 0.0770034790039063
-0.13983154296875 0.02239990234375 -0.0550422668457031 0.0134544372558594
-0.0595932006835938 0.099609375 -0.0675506591796875 0.146041870117187
0.02227783203125 0.111015319824219 0.02825927734375 0.205154418945313
0.0983963012695313 0.05908203125 0.18927001953125 0.196090698242188
0.124794006347656 0.0150299072265625 0.290679931640625 0.1214599609375
0.102928161621094 0.0207672119140625 0.271728515625 0.0767364501953125
0.114295959472656 0.0245437622070313 0.251632690429688 0.106094360351563
0.085693359375 0.080780029296875 0.185638427734375 0.145721435546875
0.00421905517578125 0.119140625 0.0927047729492188 0.119087219238281
-0.0907363891601563 0.0794219970703125 0.0641860961914062 0.0832901000976562
-0.122756958007812 -0.0450820922851563 0.149200439453125 0.077972412109375
-0.0763778686523437 -0.12103271484375 0.2847900390625 0.239715576171875
0.00661468505859374 -0.117988586425781 0.21734619140625 0.5687255859375
-0.11163330078125 -0.312957763671875 0.122161865234375 0.19134521484375
-0.237228393554687 -0.177047729492188 0.0778274536132812 0.0703048706054687
-0.28826904296875 -0.00601196289062497 -0.0463600158691406 0.00453567504882813
-0.170547485351563 0.175704956054687 -0.0640716552734375 0.113113403320313
-0.01434326171875 0.22601318359375 -0.00465393066406249 0.163192749023438
0.157821655273437 0.17462158203125 0.13970947265625 0.177032470703125
0.222076416015625 0.0942535400390625 0.233734130859375 0.11444091796875
0.193359375 0.0954437255859375 0.217315673828125 0.0650787353515625
0.219894409179688 0.107666015625 0.195053100585937 0.088165283203125
0.154708862304688 0.183853149414063 0.149765014648438 0.09912109375
0.00366210937499998 0.24835205078125 0.0713348388671875 0.0626373291015625
-0.165206909179688 0.184402465820312 0.0780715942382812 0.0384750366210938
-0.278244018554688 -0.0447845458984375 0.17987060546875 0.046905517578125
-0.238372802734375 -0.203292846679687 0.29083251953125 0.216217041015625
-0.105117797851563 -0.275527954101563 0.22833251953125 0.511474609375
-0.188812255859375 -0.425201416015625 0.07684326171875 0.0901641845703125
-0.330657958984375 -0.251678466796875 0.0321922302246094 0.0366706848144531
-0.406951904296875 -0.03125 -0.0421714782714844 -0.00205612182617188
-0.265518188476563 0.233642578125 -0.0501480102539063 0.0726547241210938
-0.05255126953125 0.31451416015625 -0.0306625366210938 0.100128173828125
0.19305419921875 0.268722534179688 0.0751800537109375 0.130226135253906
0.286285400390625 0.16015625 0.14410400390625 0.0882568359375
0.255325317382813 0.153717041015625 0.130752563476563 0.0440597534179688
0.296173095703125 0.1705322265625 0.107635498046875 0.060394287109375
0.209243774414062 0.256927490234375 0.0860748291015625 0.0390853881835938
0.01422119140625 0.347442626953125 0.0331573486328125 -0.0059242248535156
-0.209152221679688 0.277740478515625 0.0808334350585937 -0.0185089111328125
-0.4002685546875 -0.0182189941406251 0.193389892578125 0.006927490234375
-0.3758544921875 -0.243682861328125 0.261138916015625 0.171722412109375
-0.206329345703125 -0.386474609375 0.20428466796875 0.40185546875
-0.244781494140625 -0.472747802734375 0.0176048278808594 -0.0490646362304688
-0.38934326171875 -0.284881591796875 -0.0304908752441407 -0.019094467163086
-0.4749755859375 -0.036895751953125 -0.0438423156738282 -0.00918579101562501
-0.319976806640625 0.26806640625 -0.0318603515625 0.0243072509765625
-0.07879638671875 0.36187744140625 -0.0505447387695313 0.0212020874023438
0.201904296875 0.3214111328125 0.00163269042968752 0.06072998046875
0.30828857421875 0.199859619140625 0.0340232849121094 0.0460739135742188
0.277877807617188 0.188720703125 0.0232696533203125 0.0167064666748047
0.328460693359375 0.207427978515625 2.17777271858521E-17 0.0272083282470703
0.233306884765625 0.291839599609375 0.00142097473144533 -0.0239524841308594
0.02349853515625 0.396575927734375 -0.0193099975585937 -0.076934814453125
-0.22119140625 0.33270263671875 0.0680770874023437 -0.078399658203125
-0.4619140625 0.01324462890625 0.181198120117187 -0.0314788818359375
-0.45513916015625 -0.246551513671875 0.192367553710937 0.117904663085937
-0.273651123046875 -0.4359130859375 0.142959594726562 0.257431030273438
-0.267578125 -0.4481201171875 -0.049957275390625 -0.20489501953125
-0.39508056640625 -0.2655029296875 -0.101783752441406 -0.0880584716796875
-0.4652099609375 -0.024810791015625 -0.0510635375976563 -0.0205726623535156
-0.313934326171875 0.265228271484375 -0.0172367095947266 -0.0302906036376953
-0.084014892578125 0.3492431640625 -0.0662956237792969 -0.0614395141601562
0.1845703125 0.3223876953125 -0.0719375610351562 -0.0200424194335937
0.282867431640625 0.20703125 -0.0807342529296875 -0.00511932373046873
0.259033203125 0.194778442382812 -0.0875167846679687 -0.014007568359375
0.30877685546875 0.213775634765625 -0.109344482421875 -0.0099334716796875
0.215789794921875 0.285430908203125 -0.08868408203125 -0.0836029052734375
0.01580810546875 0.380950927734375 -0.07305908203125 -0.138923645019531
-0.20892333984375 0.318817138671875 0.0463104248046875 -0.12872314453125
-0.443603515625 0.0208129882812499 0.149856567382812 -0.057373046875
-0.4456787109375 -0.22271728515625 0.0974578857421875 0.0647125244140625
-0.28277587890625 -0.42059326171875 0.0583953857421875 0.099395751953125
-0.253021240234375 -0.352294921875 -0.11981201171875 -0.352020263671875
-0.3404541015625 -0.197845458984375 -0.1697998046875 -0.158966064453125
-0.369964599609375 -0.00457763671874999 -0.062835693359375 -0.0350799560546875
-0.24615478515625 0.216445922851562 -0.0111923217773438 -0.0792999267578125
-0.069366455078125 0.274932861328125 -0.0769500732421875 -0.127662658691406
0.140670776367188 0.2646484375 -0.134445190429688 -0.092864990234375
0.215911865234375 0.180465698242187 -0.181427001953125 -0.0542449951171875
0.20068359375 0.171463012695312 -0.1845703125 -0.0428466796875
0.240859985351563 0.19244384765625 -0.203521728515625 -0.048309326171875
0.155548095703125 0.240585327148437 -0.162979125976563 -0.134368896484375
-0.00912475585937502 0.3031005859375 -0.108749389648437 -0.185943603515625
-0.177108764648437 0.238113403320313 0.029144287109375 -0.16162109375
-0.3460693359375 0.000152587890625037 0.112014770507812 -0.067108154296875
-0.348968505859375 -0.179168701171875 0.0039243698120117 0.0152931213378906
-0.238311767578125 -0.345428466796875 -0.023956298828125 -0.0510749816894531
-0.200531005859375 -0.200485229492187 -0.1844482421875 -0.466522216796875
-0.231918334960937 -0.098419189453125 -0.226409912109375 -0.217681884765625
-0.211196899414062 0.0191802978515625 -0.0806655883789063 -0.0452423095703125
-0.133621215820313 0.132057189941406 -0.0169906616210938 -0.108009338378906
-0.03985595703125 0.154190063476563 -0.0803375244140625 -0.161651611328125
0.0769195556640625 0.163055419921875 -0.173904418945312 -0.143142700195313
0.117019653320313 0.122962951660156 -0.252044677734375 -0.0925140380859375
0.11322021484375 0.120765686035156 -0.254058837890625 -0.0679779052734375
0.13555908203125 0.142349243164063 -0.26654052734375 -0.0862884521484375
0.0705108642578125 0.162307739257813 -0.206893920898438 -0.173675537109375
-0.03802490234375 0.180755615234375 -0.115676879882813 -0.21356201171875
-0.124778747558594 0.116867065429688 0.0258331298828125 -0.17498779296875
-0.197769165039063 -0.0276641845703125 0.0831146240234375 -0.0636978149414063
-0.197967529296875 -0.1146240234375 -0.0623817443847656 -0.0275993347167969
-0.153518676757813 -0.217178344726562 -0.0852813720703125 -0.172073364257812
-0.114410400390625 -0.0182113647460938 -0.23333740234375 -0.5306396484375
-0.0924148559570313 0.0112838745117188 -0.269241333007813 -0.25311279296875
-0.0298080444335938 0.0399971008300781 -0.105361938476563 -0.0437240600585938
-0.00712203979492188 0.0318756103515625 -0.0327529907226562 -0.107162475585938
-0.00654697418212891 0.0165805816650391 -0.076873779296875 -0.157669067382813
0.00231552124023437 0.0392684936523438 -0.18646240234375 -0.160263061523437
0.000473022460937503 0.0468330383300781 -0.28143310546875 -0.111358642578125
0.00787353515625 0.0505790710449219 -0.284637451171875 -0.08197021484375
0.0119132995605469 0.0690193176269531 -0.291229248046875 -0.115234375
-0.0190048217773438 0.0594329833984375 -0.216964721679688 -0.1956787109375
-0.0527229309082031 0.0382156372070313 -0.0980682373046875 -0.220367431640625
-0.0485610961914063 -0.00555801391601562 0.03399658203125 -0.17059326171875
-0.0298557281494141 -0.0344257354736328 0.0654449462890625 -0.0526199340820313
-0.0313835144042969 -0.0229816436767578 -0.093597412109375 -0.0583114624023437
-0.0551567077636719 -0.0533370971679687 -0.11749267578125 -0.246368408203125
-0.0247039794921875 -0.153823852539063 0.171478271484375 0.23394775390625
-0.119247436523438 -0.0725555419921875 0.114158630371094 0.0739898681640625
-0.135993957519531 0.0298995971679687 -0.0540542602539063 0.0161666870117188
-0.05426025390625 0.101417541503906 -0.0589752197265625 0.150619506835938
0.0286407470703125 0.108100891113281 0.0399322509765625 0.204544067382813
0.101646423339844 0.0510330200195313 0.201751708984375 0.18548583984375
0.124969482421875 0.00457000732421875 0.300140380859375 0.10369873046875
0.102104187011719 0.0130691528320313 0.277572631835938 0.061492919921875
0.114387512207031 0.0156173706054688 0.259796142578125 0.0917816162109375
0.089935302734375 0.07275390625 0.194473266601563 0.13531494140625
0.0132293701171875 0.117301940917969 0.0997085571289063 0.114814758300781
-0.0848312377929688 0.0848846435546875 0.0695343017578125 0.0800247192382813
-0.125770568847656 -0.036529541015625 0.15423583984375 0.07025146484375
-0.0845184326171875 -0.113510131835938 0.30224609375 0.224853515625
-0.000587463378906244 -0.115913391113281 0.250946044921875 0.5567626953125
-0.128875732421875 -0.30743408203125 0.13909912109375 0.19134521484375
-0.243118286132813 -0.161468505859375 0.0886764526367187 0.0694427490234375
-0.287628173828125 0.00997924804687506 -0.0460548400878906 0.00726699829101563
-0.160110473632813 0.183975219726562 -0.0567398071289063 0.11785888671875
-0.00151062011718749 0.225845336914063 0.00442504882812499 0.16497802734375
0.168487548828125 0.162628173828125 0.152725219726563 0.16973876953125
0.228424072265625 0.078033447265625 0.243209838867188 0.100540161132813
0.198883056640625 0.08245849609375 0.222564697265625 0.052978515625
0.227386474609375 0.091217041015625 0.203018188476563 0.0775604248046875
0.166259765625 0.171722412109375 0.1556396484375 0.09088134765625
0.0216217041015625 0.247604370117187 0.0747833251953125 0.060272216796875
-0.154754638671875 0.194580078125 0.0808334350585937 0.0342788696289063
-0.28369140625 -0.0274658203125 0.182266235351562 0.0376129150390625
-0.252471923828125 -0.186798095703125 0.305572509765625 0.20281982421875
-0.121414184570313 -0.270217895507813 0.256683349609375 0.50042724609375
-0.21197509765625 -0.417572021484375 0.087371826171875 0.0929183959960937
-0.341278076171875 -0.232513427734375 0.0399818420410156 0.039520263671875
-0.4110107421875 -0.00811767578124997 -0.0416488647460938 0.00115585327148437
-0.251251220703125 0.247467041015625 -0.0452117919921875 0.0771942138671875
-0.03466796875 0.3179931640625 -0.025604248046875 0.104148864746094
0.209930419921875 0.254119873046875 0.0858383178710938 0.127365112304688
0.29736328125 0.14007568359375 0.152389526367188 0.07904052734375
0.264617919921875 0.138107299804688 0.133201599121094 0.0360794067382813
0.308319091796875 0.149017333984375 0.114120483398438 0.0546035766601563
0.2259521484375 0.24285888671875 0.0881881713867188 0.0346298217773438
0.039031982421875 0.346099853515625 0.0329227447509766 -0.00618171691894529
-0.193115234375 0.291107177734375 0.0800247192382812 -0.0230560302734375
-0.406097412109375 0.00558471679687509 0.192901611328125 -0.002960205078125
-0.39306640625 -0.21942138671875 0.271621704101563 0.15966796875
-0.2294921875 -0.3782958984375 0.226806640625 0.39105224609375
-0.270050048828125 -0.464874267578125 0.0199317932128906 -0.0437088012695313
-0.402435302734375 -0.265838623046875 -0.0269222259521485 -0.0127124786376953
-0.480926513671875 -0.010833740234375 -0.0437583923339844 -0.00559234619140625
-0.304779052734375 0.286651611328125 -0.0299034118652344 0.0278224945068359
-0.058319091796875 0.36737060546875 -0.0500831604003906 0.0262222290039063
0.22381591796875 0.307891845703125 0.00857543945312502 0.061737060546875
0.322479248046875 0.179351806640625 0.0394706726074219 0.0439033508300781
0.290740966796875 0.1722412109375 0.0246868133544922 0.0141067504882813
0.344207763671875 0.1839599609375 0.0052146911621094 0.0278205871582031
0.253219604492188 0.276779174804688 -0.000577926635742172 -0.0234870910644531
0.0509033203125 0.3961181640625 -0.0230560302734375 -0.073394775390625
-0.20281982421875 0.347015380859375 0.06390380859375 -0.082427978515625
-0.46697998046875 0.0390625000000001 0.17889404296875 -0.04034423828125
-0.472625732421875 -0.219207763671875 0.199554443359375 0.109970092773437
-0.299163818359375 -0.426239013671875 0.156234741210937 0.24981689453125
-0.29248046875 -0.44012451171875 -0.0573577880859375 -0.197189331054688
-0.410247802734375 -0.2471923828125 -0.103874206542969 -0.0784225463867188
-0.472259521484375 -0.000213623046875001 -0.0522079467773438 -0.0169334411621094
-0.29931640625 0.28448486328125 -0.0176715850830078 -0.0273475646972656
-0.06427001953125 0.35638427734375 -0.0701560974121094 -0.0550041198730469
0.2064208984375 0.309051513671875 -0.0703201293945312 -0.014862060546875
0.29913330078125 0.18927001953125 -0.0791549682617188 -0.000198364257812494
0.27288818359375 0.180130004882812 -0.0880813598632813 -0.0100631713867187
0.326629638671875 0.192169189453125 -0.107383728027344 -0.00286865234375
0.235641479492187 0.272079467773438 -0.0938949584960937 -0.0771713256835937
0.042205810546875 0.381317138671875 -0.08062744140625 -0.131942749023437
-0.191619873046875 0.33306884765625 0.0391082763671875 -0.131790161132812
-0.446868896484375 0.04608154296875 0.145339965820313 -0.0644378662109375
-0.46173095703125 -0.1973876953125 0.100448608398437 0.0616683959960937
-0.3095703125 -0.411407470703125 0.062103271484375 0.0962982177734375
-0.27227783203125 -0.34503173828125 -0.13690185546875 -0.342132568359375
-0.35272216796875 -0.18267822265625 -0.178665161132813 -0.146102905273437
-0.37689208984375 0.0146484375 -0.0649185180664063 -0.0298995971679688
-0.235275268554688 0.23193359375 -0.01495361328125 -0.07708740234375
-0.054046630859375 0.28192138671875 -0.0845489501953125 -0.121780395507812
0.159378051757813 0.25555419921875 -0.137924194335938 -0.0852508544921875
0.22998046875 0.166961669921875 -0.1842041015625 -0.04400634765625
0.213973999023438 0.160507202148438 -0.187225341796875 -0.0336456298828125
0.256988525390625 0.175949096679688 -0.204345703125 -0.0352478027343749
0.173355102539062 0.231918334960937 -0.171432495117187 -0.12432861328125
0.01177978515625 0.305633544921875 -0.11920166015625 -0.177581787109375
-0.164443969726563 0.2503662109375 0.0199737548828125 -0.163528442382812
-0.351043701171875 0.0196228027343751 0.107879638671875 -0.0730056762695313
-0.362701416015625 -0.161041259765625 0.00357151031494138 0.01715087890625
-0.25946044921875 -0.3392333984375 -0.0294189453125 -0.0499076843261719
-0.211654663085938 -0.196029663085938 -0.209136962890625 -0.455810546875
-0.239776611328125 -0.0890350341796875 -0.240097045898438 -0.20269775390625
-0.216567993164062 0.0291290283203125 -0.0830459594726563 -0.03887939453125
-0.127838134765625 0.1412353515625 -0.0223388671875 -0.106063842773437
-0.0317840576171875 0.159011840820313 -0.0894775390625 -0.156448364257813
0.088958740234375 0.158859252929688 -0.181716918945313 -0.132858276367187
0.127365112304688 0.117301940917969 -0.258224487304688 -0.07794189453125
0.122673034667969 0.115592956542969 -0.258224487304688 -0.054931640625
0.148025512695313 0.133224487304688 -0.270919799804688 -0.0697021484375
0.0830841064453125 0.158843994140625 -0.217788696289063 -0.16064453125
-0.0247802734375 0.185134887695313 -0.129013061523438 -0.205230712890625
-0.119216918945312 0.127082824707031 0.0153961181640625 -0.176193237304687
-0.20233154296875 -0.0159912109375 0.0788421630859375 -0.06842041015625
-0.206329345703125 -0.105453491210938 -0.0665702819824219 -0.0224227905273437
-0.167694091796875 -0.21563720703125 -0.0984344482421875 -0.168426513671875
-0.114128112792969 -0.0168304443359375 -0.26446533203125 -0.519256591796875
-0.0940628051757812 0.0130844116210938 -0.2869873046875 -0.237762451171875
-0.0312881469726562 0.0387763977050781 -0.107841491699219 -0.0372543334960937
-0.00732994079589844 0.0333271026611328 -0.0386886596679688 -0.104934692382813
-0.00612068176269531 0.0184974670410156 -0.085174560546875 -0.1534423828125
0.00574111938476563 0.0398979187011719 -0.195541381835938 -0.1505126953125
0.00460433959960938 0.0489006042480469 -0.29046630859375 -0.094757080078125
0.012908935546875 0.0511589050292969 -0.2906494140625 -0.06634521484375
0.0192108154296875 0.068511962890625 -0.298431396484375 -0.0974121093750001
-0.0130348205566406 0.0621833801269531 -0.228927612304688 -0.18218994140625
-0.0492324829101562 0.0436782836914063 -0.111038208007813 -0.213134765625
-0.0496292114257813 -0.00044631958007812 0.024139404296875 -0.171829223632813
-0.0334434509277344 -0.0329208374023437 0.0613517761230469 -0.0567283630371094
-0.0345478057861328 -0.0236949920654297 -0.100082397460938 -0.0525665283203125
-0.0595970153808594 -0.0550041198730469 -0.134658813476563 -0.241348266601562
-0.0301361083984375 -0.152236938476563 0.185928344726562 0.23193359375
-0.116943359375 -0.066253662109375 0.123527526855469 0.0718612670898438
-0.132293701171875 0.0338897705078125 -0.0535049438476563 0.0176429748535156
-0.0499114990234375 0.101860046386719 -0.0528411865234375 0.1531982421875
0.0325698852539063 0.1068115234375 0.0474090576171875 0.20440673828125
0.102981567382813 0.0449295043945313 0.209335327148438 0.178421020507813
0.124526977539062 -0.00260162353515625 0.30712890625 0.0921630859375
0.101295471191406 0.00830841064453125 0.281463623046875 0.05279541015625
0.11376953125 0.009918212890625 0.265167236328125 0.082977294921875
0.092010498046875 0.0670166015625 0.199386596679688 0.128829956054688
0.0193328857421875 0.115211486816406 0.103652954101562 0.111541748046875
-0.0805511474609375 0.0884017944335938 0.0731964111328125 0.0775909423828125
-0.127960205078125 -0.030792236328125 0.157562255859375 0.0657501220703125
-0.089630126953125 -0.1072998046875 0.31341552734375 0.21636962890625
-0.0051116943359375 -0.114051818847656 0.271087646484375 0.552001953125
-0.1390380859375 -0.305084228515625 0.152847290039063 0.191070556640625
-0.244064331054688 -0.152236938476563 0.0984344482421875 0.0691375732421875
-0.287445068359375 0.019561767578125 -0.0449867248535156 0.00897598266601563
-0.153533935546875 0.188507080078125 -0.0516281127929688 0.120994567871094
0.00665283203124998 0.226394653320313 0.0106048583984375 0.166519165039063
0.175140380859375 0.154022216796875 0.16119384765625 0.164810180664063
0.232040405273438 0.0661163330078125 0.249801635742188 0.09136962890625
0.201248168945313 0.07476806640625 0.224990844726563 0.0452117919921875
0.231292724609375 0.080169677734375 0.208404541015625 0.0709991455078125
0.173568725585938 0.1639404296875 0.158935546875 0.0863037109375
0.034088134765625 0.245590209960937 0.0771102905273437 0.0583343505859375
-0.1475830078125 0.201995849609375 0.0823745727539062 0.03179931640625
-0.28826904296875 -0.01580810546875 0.184036254882812 0.0328521728515625
-0.261566162109375 -0.1756591796875 0.315887451171875 0.1944580078125
-0.132415771484375 -0.267547607421875 0.276092529296875 0.493194580078125
-0.2257080078125 -0.414093017578125 0.0968856811523437 0.0957717895507812
-0.3453369140625 -0.221466064453125 0.0480842590332031 0.04180908203125
-0.4134521484375 0.00555419921874997 -0.041046142578125 0.00275802612304687
-0.242477416992187 0.25628662109375 -0.0410842895507813 0.0802001953125
-0.023651123046875 0.320220947265625 -0.021942138671875 0.107536315917969
0.2213134765625 0.2447509765625 0.0936660766601563 0.125251770019531
0.30499267578125 0.126373291015625 0.158554077148438 0.0737152099609375
0.2711181640625 0.128433227539063 0.135528564453125 0.0314178466796875
0.31695556640625 0.1343994140625 0.119560241699219 0.0513992309570313
0.236785888671875 0.232009887695313 0.088958740234375 0.03271484375
0.055694580078125 0.345062255859375 0.0333690643310547 -0.00573730468749998
-0.18365478515625 0.30010986328125 0.0794601440429688 -0.0256729125976562
-0.410614013671875 0.0214843749999999 0.19281005859375 -0.0077972412109375
-0.404388427734375 -0.204803466796875 0.280136108398438 0.153121948242187
-0.244354248046875 -0.374725341796875 0.2393798828125 0.38519287109375
-0.28497314453125 -0.4635009765625 0.0238418579101562 -0.0391845703125
-0.40924072265625 -0.2532958984375 -0.0220718383789063 -0.00800132751464845
-0.48614501953125 0.00527954101562491 -0.0433464050292969 -0.00336456298828125
-0.29486083984375 0.2979736328125 -0.027557373046875 0.0303115844726563
-0.045989990234375 0.37127685546875 -0.0497512817382813 0.0310249328613282
0.2373046875 0.29791259765625 0.0142936706542969 0.0626564025878906
0.33270263671875 0.165771484375 0.0438194274902344 0.0421867370605469
0.298797607421875 0.162567138671875 0.0252704620361328 0.0128688812255859
0.354827880859375 0.168212890625 0.00973510742187503 0.0280666351318359
0.266464233398438 0.26617431640625 -0.00133895874023436 -0.0223522186279297
0.0693359375 0.39508056640625 -0.0254669189453125 -0.070587158203125
-0.19183349609375 0.356658935546875 0.0604934692382812 -0.0843505859375
-0.471405029296875 0.0570068359375 0.1768798828125 -0.0450592041015625
-0.484649658203125 -0.2027587890625 0.20458984375 0.105621337890625
-0.31524658203125 -0.4229736328125 0.162384033203125 0.245697021484375
-0.30615234375 -0.4365234375 -0.06005859375 -0.191482543945313
-0.417572021484375 -0.23699951171875 -0.103347778320313 -0.0716171264648438
-0.47967529296875 0.0162048339843749 -0.0523033142089844 -0.0137977600097656
-0.291015625 0.297637939453125 -0.0180149078369141 -0.0259361267089844
-0.052337646484375 0.36181640625 -0.072998046875 -0.0501251220703125
0.2200927734375 0.30072021484375 -0.0676765441894531 -0.0112838745117187
0.309906005859375 0.177032470703125 -0.0765380859375 0.00244903564453128
0.28179931640625 0.171630859375 -0.0887527465820312 -0.0079498291015625
0.33758544921875 0.177490234375 -0.104133605957031 0.00143432617187503
0.248687744140625 0.262649536132812 -0.0969619750976562 -0.0730667114257813
0.060394287109375 0.381500244140625 -0.0847930908203125 -0.127716064453125
-0.18157958984375 0.34197998046875 0.0340499877929687 -0.133316040039062
-0.45172119140625 0.0631713867187501 0.142410278320312 -0.0683135986328125
-0.472808837890625 -0.1822509765625 0.102577209472656 0.0607986450195312
-0.32440185546875 -0.409881591796875 0.0629959106445312 0.094329833984375
-0.284637451171875 -0.34356689453125 -0.14703369140625 -0.335479736328125
-0.36083984375 -0.17437744140625 -0.18328857421875 -0.137710571289063
-0.385162353515625 0.0272216796874999 -0.0660400390625 -0.0269622802734375
-0.228927612304688 0.24334716796875 -0.016845703125 -0.0757598876953125
-0.044036865234375 0.286865234375 -0.0896835327148438 -0.117034912109375
0.171844482421875 0.249557495117187 -0.138748168945313 -0.079498291015625
0.240386962890625 0.159210205078125 -0.18487548828125 -0.0374908447265625
0.22271728515625 0.154052734375 -0.189254760742188 -0.0283966064453125
0.267684936523438 0.164291381835938 -0.204025268554687 -0.028289794921875
0.1849365234375 0.22491455078125 -0.176101684570313 -0.11712646484375
0.027069091796875 0.307403564453125 -0.125091552734375 -0.171295166015625
-0.157257080078125 0.259201049804688 0.013916015625 -0.164260864257812
-0.35614013671875 0.03240966796875 0.104690551757812 -0.0758590698242188
-0.3712158203125 -0.150054931640625 0.00293159484863279 0.0191879272460937
-0.2733154296875 -0.337677001953125 -0.0341567993164063 -0.0495986938476563
-0.218185424804687 -0.1954345703125 -0.224884033203125 -0.44891357421875
-0.245254516601563 -0.08465576171875 -0.24945068359375 -0.193405151367187
-0.222671508789063 0.0351409912109375 -0.08477783203125 -0.035552978515625
-0.125213623046875 0.147552490234375 -0.02581787109375 -0.104591369628906
-0.0272369384765625 0.162933349609375 -0.09600830078125 -0.152542114257813
0.09698486328125 0.156509399414063 -0.18634033203125 -0.12664794921875
0.135063171386719 0.113800048828125 -0.261932373046875 -0.0679168701171874
0.129844665527344 0.112403869628906 -0.262039184570313 -0.0464324951171875
0.157211303710938 0.126708984375 -0.272705078125 -0.0592193603515625
0.0925750732421875 0.156234741210937 -0.223724365234375 -0.151992797851563
-0.015472412109375 0.188583374023437 -0.1353759765625 -0.199020385742188
-0.115890502929687 0.133285522460938 0.00915527343749998 -0.177169799804687
-0.20745849609375 -0.009735107421875 0.0759201049804687 -0.0708770751953125
-0.212570190429688 -0.100051879882812 -0.0701103210449219 -0.0190773010253906
-0.177734375 -0.216293334960938 -0.107940673828125 -0.166366577148438
-0.113723754882812 -0.017303466796875 -0.28411865234375 -0.51202392578125
-0.095855712890625 0.0131378173828125 -0.298736572265625 -0.2281494140625
-0.0341224670410156 0.0380897521972656 -0.109695434570313 -0.03326416015625
-0.00794029235839844 0.0346088409423828 -0.0426483154296875 -0.1031494140625
-0.00653457641601563 0.0199661254882813 -0.09063720703125 -0.151016235351563
0.00753021240234375 0.0412254333496094 -0.2025146484375 -0.143447875976563
0.00833892822265625 0.0509834289550781 -0.296295166015625 -0.0843505859375001
0.0171775817871094 0.0518341064453125 -0.294830322265625 -0.05718994140625
0.0243644714355469 0.0680160522460938 -0.302642822265625 -0.085540771484375
-0.00831985473632812 0.06390380859375 -0.235214233398437 -0.173004150390625
-0.0466117858886719 0.0481796264648438 -0.118911743164063 -0.2080078125
-0.0505104064941406 0.00324249267578126 0.0179443359375 -0.172897338867187
-0.0372695922851563 -0.0321998596191406 0.0584945678710938 -0.0598182678222656
-0.0373954772949219 -0.0248489379882813 -0.105636596679687 -0.0487289428710938
-0.0631599426269531 -0.0578269958496094 -0.147674560546875 -0.238250732421875
-0.0343017578125 -0.153533935546875 0.200576782226563 0.235931396484375
-0.115982055664063 -0.0644607543945312 0.134910583496094 0.0700912475585938
-0.131919860839844 0.0367507934570312 -0.053375244140625 0.0196304321289062
-0.04852294921875 0.103530883789063 -0.0490264892578125 0.159164428710938
0.0358200073242188 0.107864379882813 0.0535430908203125 0.207855224609375
0.105728149414063 0.0409774780273438 0.21990966796875 0.176773071289063
0.125274658203125 -0.0088653564453125 0.3173828125 0.085601806640625
0.102523803710938 0.00537872314453125 0.28948974609375 0.04840087890625
0.114715576171875 0.0050811767578125 0.27471923828125 0.0789947509765625
0.0947799682617188 0.0633392333984375 0.206634521484375 0.127166748046875
0.0250320434570313 0.115341186523437 0.108482360839844 0.112014770507813
-0.078887939453125 0.0921173095703125 0.0770416259765625 0.077484130859375
-0.131340026855469 -0.0260467529296875 0.163711547851562 0.0641632080078125
-0.094329833984375 -0.103660583496094 0.328521728515625 0.214324951171875
-0.00730133056640625 -0.114524841308594 0.290618896484375 0.55889892578125
-0.149169921875 -0.3087158203125 0.166885375976563 0.195587158203125
-0.247695922851563 -0.149810791015625 0.109344482421875 0.0702743530273437
-0.2918701171875 0.0258789062499999 -0.0449447631835938 0.00986862182617188
-0.151718139648437 0.194564819335938 -0.0484542846679687 0.125572204589844
0.0122222900390625 0.231185913085937 0.0146026611328125 0.172119140625
0.18255615234375 0.150131225585938 0.170608520507812 0.164535522460938
0.23846435546875 0.05877685546875 0.260025024414063 0.0859527587890625
0.207427978515625 0.0704498291015625 0.232666015625 0.0415802001953125
0.238662719726563 0.0734710693359375 0.217559814453125 0.0678253173828125
0.181991577148438 0.1600341796875 0.163955688476563 0.0852203369140625
0.043487548828125 0.248367309570313 0.0802383422851563 0.0582504272460938
-0.1456298828125 0.2105712890625 0.0851898193359375 0.0308685302734375
-0.29779052734375 -0.00714111328124995 0.189743041992188 0.0307464599609375
-0.272567749023438 -0.17010498046875 0.330078125 0.191802978515625
-0.141677856445313 -0.270660400390625 0.2913818359375 0.499847412109375
-0.2408447265625 -0.421722412109375 0.107376098632812 0.100204467773437
-0.35333251953125 -0.219024658203125 0.0571098327636719 0.0441398620605469
-0.423614501953125 0.0153503417968749 -0.0410232543945313 0.00415420532226562
-0.241836547851562 0.266647338867187 -0.0393600463867187 0.0839309692382813
-0.0167236328125 0.328277587890625 -0.0204010009765625 0.112991333007813
0.232635498046875 0.241744995117188 0.101409912109375 0.125968933105469
0.315673828125 0.117828369140625 0.16656494140625 0.0706634521484375
0.281494140625 0.12481689453125 0.139930725097656 0.0294189453125
0.3282470703125 0.126312255859375 0.12646484375 0.05023193359375
0.248809814453125 0.228866577148438 0.0916976928710938 0.0323944091796875
0.067901611328125 0.349639892578125 0.0346145629882813 -0.00525093078613279
-0.180877685546875 0.312347412109375 0.08038330078125 -0.0271453857421875
-0.423675537109375 0.03369140625 0.196823120117187 -0.01025390625
-0.41986083984375 -0.198211669921875 0.2921142578125 0.1524658203125
-0.259613037109375 -0.380096435546875 0.2509765625 0.390167236328125
-0.300262451171875 -0.472259521484375 0.0292282104492187 -0.0359535217285157
-0.421295166015625 -0.252166748046875 -0.0172262191772461 -0.00464344024658205
-0.5025634765625 0.0171203613281249 -0.0437774658203125 -0.00232315063476562
-0.295196533203125 0.311187744140625 -0.0261631011962891 0.0323638916015625
-0.03887939453125 0.382293701171875 -0.0502510070800781 0.0361785888671875
0.251312255859375 0.296478271484375 0.0194931030273438 0.06451416015625
0.34613037109375 0.15838623046875 0.0490913391113282 0.0416259765625
0.312347412109375 0.1590576171875 0.0267047882080078 0.0119304656982422
0.3690185546875 0.15997314453125 0.0140037536621094 0.0287513732910156
0.280838012695312 0.263198852539063 -0.00174140930175779 -0.021615982055664
0.083648681640625 0.400909423828125 -0.0270767211914063 -0.0703277587890625
-0.18829345703125 0.3712158203125 0.0596694946289062 -0.0869293212890625
-0.486175537109375 0.07135009765625 0.179306030273437 -0.048004150390625
-0.50225830078125 -0.194732666015625 0.212570190429687 0.10614013671875
-0.332427978515625 -0.4307861328125 0.169845581054687 0.249176025390625
-0.322998046875 -0.44720458984375 -0.0608367919921875 -0.190628051757813
-0.432830810546875 -0.236053466796875 -0.103324890136719 -0.0677490234375
-0.4967041015625 0.028594970703125 -0.0532455444335938 -0.012664794921875
-0.2913818359375 0.312164306640625 -0.0179977416992188 -0.0246753692626953
-0.04620361328125 0.373077392578125 -0.0763626098632813 -0.0460739135742187
0.234466552734375 0.3009033203125 -0.0657958984375 -0.00916290283203122
0.324432373046875 0.172088623046875 -0.0758285522460937 0.00377655029296875
0.295684814453125 0.169677734375 -0.0909881591796875 -0.00678253173828126
0.352264404296875 0.1695556640625 -0.103492736816406 0.0039825439453125
0.263275146484375 0.261077880859375 -0.0996627807617188 -0.0711746215820313
0.073699951171875 0.388641357421875 -0.0890426635742187 -0.126899719238281
-0.178466796875 0.35626220703125 0.0310211181640625 -0.136192321777344
-0.46588134765625 0.0760803222656249 0.143661499023437 -0.071929931640625
-0.48956298828125 -0.1748046875 0.106277465820312 0.0621337890625
-0.343231201171875 -0.417572021484375 0.0640716552734375 0.094970703125
-0.298309326171875 -0.352874755859375 -0.154052734375 -0.337188720703125
-0.37359619140625 -0.17413330078125 -0.18927001953125 -0.133941650390625
-0.39959716796875 0.0364685058593749 -0.0678138732910157 -0.0256538391113281
-0.2298583984375 0.25579833984375 -0.0189208984375 -0.0764617919921875
-0.0400390625 0.29791259765625 -0.0948486328125 -0.11474609375
0.183609008789063 0.25048828125 -0.14117431640625 -0.076507568359375
0.25299072265625 0.15643310546875 -0.188262939453125 -0.033599853515625
0.2349853515625 0.152725219726563 -0.195388793945312 -0.0252227783203125
0.28076171875 0.158004760742188 -0.207046508789062 -0.0238800048828124
0.19744873046875 0.224822998046875 -0.182159423828125 -0.114395141601563
0.03759765625 0.314361572265625 -0.131301879882813 -0.170242309570312
-0.15594482421875 0.270401000976563 0.00985717773437498 -0.167861938476562
-0.367431640625 0.0419311523437499 0.104248046875 -0.0789718627929688
-0.385498046875 -0.145599365234375 0.00174522399902342 0.0214023590087891
-0.2899169921875 -0.34600830078125 -0.0389213562011719 -0.0501785278320313
-0.226974487304687 -0.201217651367188 -0.2379150390625 -0.451446533203125
-0.254638671875 -0.08465576171875 -0.260269165039063 -0.189651489257813
-0.23260498046875 0.0407257080078125 -0.087890625 -0.0342788696289062
-0.126235961914063 0.155685424804688 -0.0294570922851563 -0.105545043945312
-0.02496337890625 0.170425415039063 -0.101806640625 -0.151611328125
0.104644775390625 0.158477783203125 -0.191131591796875 -0.123855590820312
0.14398193359375 0.113357543945313 -0.268707275390625 -0.06219482421875
0.139144897460938 0.112693786621094 -0.270065307617188 -0.0418243408203125
0.166854858398438 0.123916625976562 -0.279571533203125 -0.05377197265625
0.101028442382813 0.157821655273437 -0.23150634765625 -0.149093627929687
-0.009246826171875 0.194747924804688 -0.142868041992188 -0.198165893554688
-0.116348266601562 0.141342163085937 0.00471496582031249 -0.180740356445312
-0.215438842773438 -0.00500488281249998 0.0746078491210937 -0.0742568969726563
-0.221847534179688 -0.09930419921875 -0.0753250122070313 -0.0156173706054688
-0.188278198242188 -0.222900390625 -0.117324829101562 -0.168380737304688
-0.115653991699219 -0.020660400390625 -0.302215576171875 -0.516082763671875
-0.099578857421875 0.012725830078125 -0.3133544921875 -0.2244873046875
-0.0380859375 0.0376548767089844 -0.113311767578125 -0.0310134887695312
-0.00973892211914063 0.0363121032714844 -0.04638671875 -0.104621887207031
-0.00763511657714843 0.0221900939941406 -0.0956268310546875 -0.151611328125
0.00951766967773438 0.0435676574707031 -0.210159301757813 -0.141464233398437
0.0118217468261719 0.0539321899414063 -0.30621337890625 -0.078125
0.0210380554199219 0.0537834167480469 -0.30340576171875 -0.0517578125
0.0285911560058594 0.0689048767089844 -0.311431884765625 -0.0803222656249999
-0.00470733642578125 0.0661697387695313 -0.24383544921875 -0.1708984375
-0.0449371337890625 0.0526695251464844 -0.126327514648437 -0.2078857421875
-0.0525016784667969 0.00660324096679688 0.0130615234375 -0.176925659179687
-0.0407066345214844 -0.033233642578125 0.0567131042480469 -0.06219482421875
-0.0411148071289062 -0.0267601013183594 -0.113075256347656 -0.0456008911132812
-0.0680427551269531 -0.0624122619628906 -0.159622192382813 -0.241409301757812
-0.04058837890625 -0.1575927734375 0.221481323242188 0.24151611328125
-0.118270874023438 -0.0626449584960938 0.14971923828125 0.067413330078125
-0.134384155273438 0.0418243408203125 -0.05438232421875 0.0218276977539063
-0.0466461181640625 0.10797119140625 -0.0437774658203125 0.167556762695313
0.0416946411132813 0.110816955566406 0.063812255859375 0.21563720703125
0.110343933105469 0.0367660522460938 0.236038208007813 0.176544189453125
0.12847900390625 -0.0166168212890625 0.335906982421875 0.076629638671875
0.105728149414063 0.0007476806640625 0.305450439453125 0.04150390625
0.118804931640625 -0.00067901611328125 0.290802001953125 0.073822021484375
0.0999679565429687 0.060394287109375 0.21929931640625 0.127120971679688
0.0316848754882813 0.117118835449219 0.1168212890625 0.113304138183594
-0.0780487060546875 0.0990676879882813 0.083587646484375 0.0785369873046875
-0.138534545898437 -0.0198516845703125 0.175079345703125 0.061279296875
-0.101615905761719 -0.101272583007813 0.35418701171875 0.212371826171875
-0.0110931396484375 -0.118110656738281 0.32110595703125 0.57476806640625
-0.166107177734375 -0.3175048828125 0.185928344726563 0.201736450195313
-0.257980346679688 -0.148406982421875 0.123680114746094 0.0700149536132812
-0.303680419921875 0.036712646484375 -0.0453987121582031 0.01202392578125
-0.151138305664062 0.2071533203125 -0.04400634765625 0.132698059082031
0.0204315185546875 0.241256713867187 0.021453857421875 0.180770874023438
0.19573974609375 0.147567749023438 0.185836791992188 0.165618896484375
0.250259399414063 0.049407958984375 0.27734375 0.0793914794921875
0.21966552734375 0.0658721923828125 0.24505615234375 0.0367889404296875
0.251678466796875 0.064697265625 0.231842041015625 0.0645904541015625
0.194732666015625 0.15814208984375 0.174041748046875 0.0845947265625
0.0557403564453125 0.256378173828125 0.0857696533203125 0.05908203125
-0.144134521484375 0.226531982421875 0.0904388427734375 0.0297927856445313
-0.313018798828125 0.00634765624999997 0.200271606445312 0.02667236328125
-0.290618896484375 -0.164154052734375 0.35498046875 0.190338134765625
-0.15740966796875 -0.279739379882813 0.320770263671875 0.514404296875
-0.265472412109375 -0.435760498046875 0.121627807617187 0.104278564453125
-0.371612548828125 -0.2200927734375 0.068572998046875 0.0456886291503906
-0.443939208984375 0.031219482421875 -0.0420684814453125 0.00524139404296876
-0.2435302734375 0.28558349609375 -0.0361099243164063 0.0889968872070313
-0.00698852539062501 0.344451904296875 -0.0168838500976562 0.121932983398438
0.25164794921875 0.240798950195313 0.113822937011719 0.128181457519531
0.33465576171875 0.10888671875 0.179412841796875 0.06658935546875
0.29937744140625 0.119659423828125 0.148345947265625 0.0259246826171875
0.347900390625 0.11663818359375 0.136764526367188 0.048797607421875
0.268646240234375 0.227890014648438 0.09710693359375 0.0322036743164063
0.08587646484375 0.361602783203125 0.0360527038574219 -0.00572204589843748
-0.178955078125 0.334686279296875 0.0828399658203125 -0.0298614501953125
-0.44500732421875 0.053192138671875 0.205535888671875 -0.0157012939453125
-0.4466552734375 -0.189239501953125 0.312225341796875 0.150634765625
-0.284576416015625 -0.39251708984375 0.27337646484375 0.40142822265625
-0.32916259765625 -0.48870849609375 0.0355186462402344 -0.0353050231933594
-0.445281982421875 -0.25323486328125 -0.0116510391235352 -0.00222778320312502
-0.527679443359375 0.0349731445312499 -0.045440673828125 -0.000995635986328117
-0.297454833984375 0.335357666015625 -0.0261116027832031 0.0357131958007813
-0.028228759765625 0.403076171875 -0.0515632629394531 0.0432472229003907
0.274322509765625 0.298095703125 0.0268440246582031 0.0668067932128906
0.36920166015625 0.150543212890625 0.0557327270507813 0.0403671264648438
0.33453369140625 0.154815673828125 0.0285129547119141 0.0120182037353516
0.39263916015625 0.1494140625 0.0185928344726563 0.0296897888183594
0.3038330078125 0.26263427734375 -0.00204277038574217 -0.0214004516601562
0.10455322265625 0.4154052734375 -0.02984619140625 -0.0707321166992187
-0.184844970703125 0.39642333984375 0.05877685546875 -0.09112548828125
-0.509674072265625 0.0941162109374999 0.185897827148437 -0.0544281005859375
-0.532379150390625 -0.18499755859375 0.2264404296875 0.105697631835937
-0.363677978515625 -0.44476318359375 0.183837890625 0.256256103515625
-0.35205078125 -0.4649658203125 -0.0650482177734375 -0.194931030273438
-0.458587646484375 -0.23583984375 -0.106040954589844 -0.0651092529296875
-0.52587890625 0.0469970703125 -0.0562973022460938 -0.0112266540527344
-0.2952880859375 0.33746337890625 -0.0194873809814453 -0.0242290496826172
-0.036468505859375 0.3953857421875 -0.0810546875 -0.0415725708007812
0.257568359375 0.304473876953125 -0.0651321411132812 -0.00661849975585935
0.347930908203125 0.165863037109375 -0.0765533447265625 0.00583648681640626
0.31829833984375 0.167266845703125 -0.0951690673828125 -0.00426483154296875
0.376922607421875 0.16143798828125 -0.105239868164062 0.00778198242187503
0.28631591796875 0.26123046875 -0.106147766113281 -0.070526123046875
0.0936279296875 0.402740478515625 -0.0966033935546875 -0.127906799316406
-0.175048828125 0.380462646484375 0.027313232421875 -0.142242431640625
-0.488494873046875 0.0968017578124999 0.147003173828125 -0.07806396484375
-0.519744873046875 -0.165252685546875 0.11187744140625 0.0638580322265625
-0.37457275390625 -0.432037353515625 0.0671310424804687 0.0986251831054687
-0.323211669921875 -0.367431640625 -0.168609619140625 -0.3463134765625
-0.39691162109375 -0.174285888671875 -0.200103759765625 -0.131378173828125
-0.423370361328125 0.052978515625 -0.0729293823242188 -0.0242538452148438
-0.233322143554688 0.2769775390625 -0.0223846435546875 -0.0780410766601562
-0.032562255859375 0.31640625 -0.102554321289062 -0.113426208496094
0.20220947265625 0.25469970703125 -0.14642333984375 -0.0748291015625
0.273544311523438 0.152999877929688 -0.196395874023437 -0.028472900390625
0.253952026367188 0.152130126953125 -0.20538330078125 -0.020294189453125
0.301971435546875 0.152374267578125 -0.214508056640625 -0.0183868408203125
0.216690063476563 0.226654052734375 -0.192581176757813 -0.113204956054688
0.05267333984375 0.327606201171875 -0.141921997070313 -0.17181396484375
-0.154632568359375 0.29046630859375 0.004425048828125 -0.174530029296875
-0.386749267578125 0.0576477050781251 0.105354309082031 -0.084503173828125
-0.409881591796875 -0.138885498046875 0.000743865966796852 0.0253448486328125
-0.315643310546875 -0.358367919921875 -0.0452842712402344 -0.0505256652832032
-0.244781494140625 -0.210098266601562 -0.261688232421875 -0.464111328125
-0.270553588867188 -0.084503173828125 -0.278549194335937 -0.1878662109375
-0.24755859375 0.0507965087890625 -0.0943984985351562 -0.0325851440429688
-0.129241943359375 0.168777465820312 -0.0354766845703125 -0.108512878417969
-0.0217437744140625 0.182037353515625 -0.110748291015625 -0.152786254882813
0.116775512695313 0.163131713867188 -0.201461791992188 -0.122085571289063
0.15771484375 0.114334106445313 -0.281951904296875 -0.055755615234375
0.152084350585937 0.1138916015625 -0.284637451171875 -0.03570556640625
0.181411743164063 0.122207641601563 -0.292388916015625 -0.0466613769531249
0.11376953125 0.160415649414063 -0.245803833007813 -0.147247314453125
-0.000854492187500012 0.205032348632813 -0.15478515625 -0.200332641601562
-0.117431640625 0.154006958007813 -0.00204467773437502 -0.188491821289063
-0.228607177734375 0.00256347656249998 0.0736618041992188 -0.0789718627929688
-0.238021850585937 -0.09747314453125 -0.081817626953125 -0.0108718872070313
-0.206893920898438 -0.232177734375 -0.131866455078125 -0.172271728515625
-0.121322631835938 -0.02301025390625 -0.33056640625 -0.5284423828125
-0.106407165527344 0.014129638671875 -0.336456298828125 -0.22296142578125
-0.0425453186035156 0.0395050048828125 -0.120536804199219 -0.0288009643554688
-0.0103340148925781 0.039947509765625 -0.0535354614257813 -0.106475830078125
-0.00882530212402344 0.0258941650390625 -0.104293823242188 -0.154708862304687
0.0128936767578125 0.0468254089355469 -0.222747802734375 -0.139633178710937
0.0171966552734375 0.0576972961425781 -0.322998046875 -0.070068359375
0.0262184143066406 0.05682373046875 -0.320159912109375 -0.04412841796875
0.0343093872070313 0.07122802734375 -0.326995849609375 -0.07257080078125
-8.39233398437561E-05 0.0706710815429688 -0.2593994140625 -0.169235229492188
-0.0440216064453125 0.0590324401855469 -0.138275146484375 -0.2109375
-0.0557060241699219 0.0106582641601563 0.00714111328125001 -0.184341430664063
-0.0463104248046875 -0.0337944030761719 0.0552444458007813 -0.0669364929199219
-0.046966552734375 -0.0283699035644531 -0.123558044433594 -0.042327880859375
-0.075531005859375 -0.0666275024414062 -0.177947998046875 -0.24774169921875
-0.051849365234375 -0.160903930664063 0.25091552734375 0.242691040039063
-0.122581481933594 -0.0590667724609375 0.166976928710938 0.0604705810546875
-0.136497497558594 0.050689697265625 -0.0543594360351563 0.0261421203613281
-0.0420608520507813 0.114356994628906 -0.033233642578125 0.177841186523438
0.0512619018554688 0.112808227539063 0.080291748046875 0.223342895507813
0.116493225097656 0.0296096801757813 0.258682250976563 0.169891357421875
0.130393981933594 -0.02783203125 0.358917236328125 0.058624267578125
0.109397888183594 -0.00691986083984375 0.325775146484375 0.025848388671875
0.123069763183594 -0.0104904174804688 0.31256103515625 0.0615234375
0.107574462890625 0.0554962158203125 0.237945556640625 0.122024536132812
0.0413818359375 0.118446350097656 0.12823486328125 0.112510681152344
-0.075225830078125 0.108604431152344 0.0928726196289063 0.0780792236328125
-0.145584106445313 -0.00964355468749998 0.189559936523438 0.053863525390625
-0.112205505371094 -0.0962753295898438 0.38836669921875 0.200164794921875
-0.0187225341796875 -0.12237548828125 0.3736572265625 0.58837890625
-0.1942138671875 -0.324859619140625 0.212417602539063 0.203445434570312
-0.2745361328125 -0.142486572265625 0.140625 0.0652923583984375
-0.316375732421875 0.056304931640625 -0.04638671875 0.0149192810058594
-0.146469116210938 0.22479248046875 -0.03631591796875 0.141830444335938
0.036773681640625 0.25164794921875 0.034423828125 0.191192626953125
0.214309692382813 0.140045166015625 0.20654296875 0.162078857421875
0.263992309570312 0.032989501953125 0.298675537109375 0.064544677734375
0.234466552734375 0.0541839599609375 0.261505126953125 0.0238189697265625
0.267807006835938 0.049224853515625 0.250381469726563 0.0548095703125
0.2142333984375 0.1514892578125 0.188064575195313 0.080108642578125
0.07684326171875 0.262954711914063 0.093170166015625 0.0579452514648438
-0.137908935546875 0.247161865234375 0.0968170166015625 0.0273361206054688
-0.329742431640625 0.0291442871093749 0.213623046875 0.017181396484375
-0.314971923828125 -0.151580810546875 0.38677978515625 0.1788330078125
-0.18267822265625 -0.286102294921875 0.366729736328125 0.524383544921875
-0.3057861328125 -0.44610595703125 0.138755798339844 0.10601806640625
-0.399627685546875 -0.21240234375 0.08087158203125 0.0445098876953125
-0.466033935546875 0.0599365234374999 -0.0434341430664063 0.00825881958007813
-0.23919677734375 0.31414794921875 -0.0315628051757813 0.0960464477539063
0.013763427734375 0.3636474609375 -0.00954437255859374 0.132431030273438
0.279647827148438 0.235061645507813 0.13031005859375 0.127311706542969
0.35833740234375 0.09063720703125 0.194931030273438 0.0573272705078125
0.3233642578125 0.106597900390625 0.15814208984375 0.018524169921875
0.37371826171875 0.096435546875 0.14990234375 0.0436248779296875
0.296783447265625 0.220489501953125 0.104560852050781 0.0291595458984375
0.11444091796875 0.372802734375 0.0371055603027344 -0.00695037841796873
-0.16802978515625 0.363983154296875 0.0857162475585937 -0.0347061157226562
-0.468231201171875 0.0859985351562499 0.215499877929687 -0.0267486572265625
-0.479766845703125 -0.1690673828125 0.33953857421875 0.141021728515625
-0.323455810546875 -0.40130615234375 0.3106689453125 0.40924072265625
-0.3790283203125 -0.50018310546875 0.0403327941894531 -0.0366783142089844
-0.48162841796875 -0.24371337890625 -0.00635004043579105 -1.04904174804838E-05
-0.556488037109375 0.0700073242187499 -0.0486984252929688 0.00160598754882813
-0.293365478515625 0.370147705078125 -0.0242424011230469 0.0397834777832031
-0.00567626953124997 0.428192138671875 -0.0497856140136719 0.0530128479003907
0.307525634765625 0.293701171875 0.03662109375 0.0679397583007813
0.398834228515625 0.13165283203125 0.0632400512695313 0.0372772216796875
0.362579345703125 0.142181396484375 0.0307483673095703 0.0101737976074219
0.423065185546875 0.128509521484375 0.0248565673828125 0.0301971435546875
0.337005615234375 0.25531005859375 -0.00243759155273435 -0.0214309692382812
0.1370849609375 0.429229736328125 -0.0355148315429687 -0.071502685546875
-0.172088623046875 0.429595947265625 0.0562896728515625 -0.0975112915039062
-0.534027099609375 0.133026123046875 0.19140625 -0.0659332275390625
-0.5706787109375 -0.16015625 0.245132446289062 0.0997314453125
-0.410736083984375 -0.452362060546875 0.2054443359375 0.260482788085938
-0.3997802734375 -0.47576904296875 -0.075286865234375 -0.199081420898438
-0.49560546875 -0.227813720703125 -0.11077880859375 -0.0604782104492188
-0.554443359375 0.08197021484375 -0.0612220764160157 -0.00799560546875
-0.291351318359375 0.3734130859375 -0.0218124389648438 -0.0226421356201172
-0.015045166015625 0.42218017578125 -0.0862808227539063 -0.0345535278320312
0.291656494140625 0.302520751953125 -0.0638427734375 -0.00337600708007812
0.37872314453125 0.15106201171875 -0.0781173706054687 0.00918579101562502
0.3472900390625 0.1558837890625 -0.100677490234375 0.000404357910156264
0.40771484375 0.14263916015625 -0.107170104980469 0.0138778686523438
0.318939208984375 0.254638671875 -0.114654541015625 -0.0666351318359375
0.126129150390625 0.416656494140625 -0.108139038085938 -0.12677001953125
-0.16204833984375 0.412994384765625 0.020263671875 -0.14886474609375
-0.513397216796875 0.13427734375 0.148956298828125 -0.0883026123046875
-0.556884765625 -0.140411376953125 0.121620178222656 0.063079833984375
-0.421661376953125 -0.438751220703125 0.073883056640625 0.100570678710937
-0.36346435546875 -0.37493896484375 -0.194183349609375 -0.353424072265625
-0.428985595703125 -0.165008544921875 -0.2144775390625 -0.124404907226563
-0.448516845703125 0.08221435546875 -0.0797576904296875 -0.0203704833984375
-0.230804443359375 0.307373046875 -0.029205322265625 -0.0786361694335937
-0.0162353515625 0.338897705078125 -0.113151550292969 -0.109474182128906
0.23101806640625 0.254486083984375 -0.153656005859375 -0.0701904296875
0.299957275390625 0.142578125 -0.206207275390625 -0.019256591796875
0.279556274414062 0.143661499023437 -0.2177734375 -0.01007080078125
0.32928466796875 0.138336181640625 -0.224334716796875 -0.00672912597656248
0.243316650390625 0.22265625 -0.208450317382812 -0.106689453125
0.0780029296875 0.34222412109375 -0.158676147460937 -0.1700439453125
-0.146026611328125 0.31683349609375 -0.00657653808593752 -0.182022094726563
-0.408111572265625 0.0846557617187499 0.104339599609375 -0.0930862426757813
-0.440460205078125 -0.121490478515625 0.00113868713378904 0.029754638671875
-0.3555908203125 -0.364990234375 -0.0535469055175781 -0.0502777099609375
-0.271209716796875 -0.21392822265625 -0.299652099609375 -0.473175048828125
-0.2916259765625 -0.076263427734375 -0.3038330078125 -0.179351806640625
-0.264144897460938 0.068328857421875 -0.103317260742188 -0.0278472900390625
-0.127456665039062 0.187728881835938 -0.0450286865234375 -0.110313415527344
-0.0125274658203125 0.197097778320313 -0.124725341796875 -0.1519775390625
0.134933471679688 0.1640625 -0.215774536132813 -0.116241455078125
0.176513671875 0.110580444335938 -0.300079345703125 -0.0411376953125
0.1697998046875 0.110504150390625 -0.302703857421875 -0.0211181640625
0.200531005859375 0.115310668945313 -0.308319091796875 -0.0321044921875
0.131637573242188 0.160781860351563 -0.265579223632812 -0.140823364257813
0.0135498046875 0.21722412109375 -0.173690795898438 -0.199447631835937
-0.115646362304688 0.171279907226563 -0.01385498046875 -0.196517944335938
-0.243789672851562 0.016326904296875 0.0709304809570312 -0.08526611328125
-0.257949829101563 -0.0881805419921875 -0.0886154174804688 -0.00312042236328126
-0.234481811523438 -0.2373046875 -0.151443481445312 -0.173141479492188
-0.129379272460938 -0.0225677490234375 -0.37847900390625 -0.538818359375
-0.113502502441406 0.0185165405273438 -0.367706298828125 -0.21282958984375
-0.0474128723144531 0.0433235168457031 -0.130538940429688 -0.0219955444335938
-0.0107841491699219 0.0440635681152344 -0.0643157958984375 -0.106941223144531
-0.00874900817871094 0.0304355621337891 -0.118072509765625 -0.15557861328125
0.017791748046875 0.0504035949707031 -0.24029541015625 -0.13360595703125
0.0246620178222656 0.0607681274414062 -0.34381103515625 -0.053558349609375
0.0330657958984375 0.0590972900390625 -0.341400146484375 -0.0281982421875001
0.0430145263671875 0.0734329223632812 -0.348968505859375 -0.056671142578125
0.00682830810546876 0.0738983154296875 -0.2822265625 -0.162933349609375
-0.0412559509277344 0.0669784545898437 -0.1566162109375 -0.211990356445312
-0.0584602355957031 0.0167236328125 -0.0039825439453125 -0.193695068359375
-0.0536766052246094 -0.0332298278808594 0.0519180297851563 -0.0722808837890625
-0.0535049438476563 -0.0288619995117188 -0.135505676269531 -0.0329513549804687
-0.0857009887695312 -0.069976806640625 -0.204971313476563 -0.250778198242188
-0.06683349609375 -0.16009521484375 0.283935546875 0.2318115234375
-0.126976013183594 -0.052032470703125 0.182403564453125 0.0460205078125
-0.134361267089844 0.0631790161132812 -0.0526885986328125 0.0308036804199219
-0.0342254638671875 0.119705200195313 -0.0173797607421875 0.184417724609375
0.0630264282226563 0.110725402832031 0.102203369140625 0.224197387695312
0.120712280273438 0.01898193359375 0.281219482421875 0.153228759765625
0.129104614257813 -0.0418472290039063 0.376190185546875 0.0291748046875
0.110359191894531 -0.0174636840820312 0.340576171875 -0.000305175781250001
0.123886108398438 -0.02264404296875 0.3310546875 0.038177490234375
0.114105224609375 0.046539306640625 0.256683349609375 0.107513427734375
0.05401611328125 0.115776062011719 0.1412353515625 0.106613159179688
-0.0669631958007812 0.118667602539063 0.103492736816406 0.0737228393554688
-0.149993896484375 0.0052337646484375 0.201889038085938 0.03802490234375
-0.122276306152344 -0.086212158203125 0.420501708984375 0.170074462890625
-0.029205322265625 -0.124008178710937 0.43438720703125 0.576416015625
-0.22857666015625 -0.320037841796875 0.24151611328125 0.195526123046875
-0.292144775390625 -0.12689208984375 0.156875610351562 0.054229736328125
-0.32073974609375 0.0851135253906249 -0.0465660095214844 0.0187492370605469
-0.132705688476562 0.242645263671875 -0.024169921875 0.148422241210938
0.0598297119140625 0.257675170898438 0.0529327392578125 0.195953369140625
0.231826782226563 0.122894287109375 0.228424072265625 0.1495361328125
0.274383544921875 0.0089263916015625 0.314361572265625 0.03985595703125
0.24566650390625 0.0352020263671875 0.274276733398438 0.003662109375
0.279251098632813 0.024627685546875 0.266799926757813 0.0364532470703125
0.234054565429688 0.136123657226563 0.201416015625 0.0684661865234375
0.103164672851562 0.263214111328125 0.100494384765625 0.0529098510742188
-0.120819091796875 0.268478393554688 0.103279113769531 0.0214462280273438
-0.3387451171875 0.061859130859375 0.223114013671875 -0.000167846679687496
-0.337188720703125 -0.1260986328125 0.4176025390625 0.150604248046875
-0.214508056640625 -0.281768798828125 0.423919677734375 0.5130615234375
-0.356781005859375 -0.43841552734375 0.157485961914062 0.100738525390625
-0.427581787109375 -0.189971923828125 0.0939559936523437 0.0388641357421875
-0.478240966796875 0.100921630859375 -0.0449447631835938 0.0121498107910156
-0.221099853515625 0.343780517578125 -0.0230941772460938 0.102134704589844
0.045501708984375 0.37677001953125 0.00303649902343749 0.140777587890625
0.309112548828125 0.2152099609375 0.148605346679688 0.118988037109375
0.377899169921875 0.05914306640625 0.207855224609375 0.0406646728515625
0.3438720703125 0.08154296875 0.165756225585938 0.00625610351562501
0.3935546875 0.06451416015625 0.1622314453125 0.03179931640625
0.325653076171875 0.199554443359375 0.111236572265625 0.0226287841796875
0.151885986328125 0.373504638671875 0.0375328063964844 -0.00928497314453123
-0.142913818359375 0.39239501953125 0.085906982421875 -0.04180908203125
-0.478240966796875 0.1329345703125 0.221435546875 -0.044677734375
-0.5106201171875 -0.131317138671875 0.364898681640625 0.117095947265625
-0.371337890625 -0.39056396484375 0.353515625 0.3985595703125
-0.43701171875 -0.491790771484375 0.042694091796875 -0.0387763977050782
-0.516998291015625 -0.216827392578125 -0.000810384750366243 0.00085806846618651
-0.572998046875 0.12066650390625 -0.0515861511230469 0.00663375854492189
-0.27374267578125 0.40875244140625 -0.0213737487792969 0.0446395874023438
0.030975341796875 0.4473876953125 -0.0448837280273438 0.0625686645507813
0.34326171875 0.27447509765625 0.0475387573242188 0.0656852722167969
0.424835205078125 0.0985107421875 0.0704421997070313 0.0311203002929688
0.38873291015625 0.115325927734375 0.0331230163574219 0.00785827636718751
0.44927978515625 0.092010498046875 0.0312938690185547 0.0281581878662109
0.370697021484375 0.23187255859375 -0.00392150878906248 -0.0213623046875
0.180755615234375 0.429351806640625 -0.0423622131347656 -0.0696792602539062
-0.14178466796875 0.4620361328125 0.0508270263671875 -0.10369873046875
-0.54388427734375 0.187408447265625 0.192947387695312 -0.0817718505859375
-0.60247802734375 -0.11578369140625 0.26324462890625 0.0840911865234375
-0.4652099609375 -0.43988037109375 0.232421875 0.254379272460938
-0.457244873046875 -0.46435546875 -0.09100341796875 -0.198226928710938
-0.532012939453125 -0.199798583984375 -0.11541748046875 -0.052032470703125
-0.57232666015625 0.1329345703125 -0.0663223266601563 -0.00209426879882813
-0.272186279296875 0.412567138671875 -0.0248336791992188 -0.0193099975585937
0.02032470703125 0.44219970703125 -0.0900192260742188 -0.0243988037109375
0.328155517578125 0.285614013671875 -0.0617141723632812 -0.000366210937499972
0.40728759765625 0.119384765625 -0.0782546997070312 0.0149154663085938
0.37554931640625 0.1298828125 -0.104629516601562 0.00868225097656249
0.43487548828125 0.107574462890625 -0.107025146484375 0.0224609375
0.352386474609375 0.233428955078125 -0.124000549316406 -0.0594253540039062
0.168243408203125 0.419891357421875 -0.122344970703125 -0.121078491210938
-0.134368896484375 0.444366455078125 0.00886535644531248 -0.1534423828125
-0.521697998046875 0.18511962890625 0.146286010742187 -0.101333618164062
-0.58599853515625 -0.0972900390625 0.131721496582031 0.0578994750976562
-0.47674560546875 -0.427581787109375 0.083038330078125 0.0998458862304687
-0.4122314453125 -0.36395263671875 -0.22821044921875 -0.348724365234375
-0.459716796875 -0.13958740234375 -0.230545043945313 -0.109359741210937
-0.463623046875 0.12481689453125 -0.08709716796875 -0.0120468139648437
-0.21392822265625 0.339569091796875 -0.0376739501953125 -0.0753860473632812
0.01190185546875 0.3568115234375 -0.124496459960937 -0.100311279296875
0.263015747070313 0.24261474609375 -0.160049438476562 -0.061614990234375
0.32720947265625 0.119171142578125 -0.213211059570312 -0.00337219238281247
0.304168701171875 0.124481201171875 -0.22747802734375 0.00743103027343747
0.353179931640625 0.111053466796875 -0.23089599609375 0.010772705078125
0.272857666015625 0.207046508789062 -0.224212646484375 -0.0927886962890625
0.11175537109375 0.346893310546875 -0.17840576171875 -0.161453247070312
-0.125335693359375 0.343231201171875 -0.0225067138671875 -0.185989379882813
-0.417572021484375 0.12432861328125 0.0988388061523437 -0.101882934570312
-0.465301513671875 -0.0865783691406251 0.00353813171386716 0.0346813201904297
-0.40240478515625 -0.353271484375 -0.0618438720703125 -0.0464134216308594
-0.3004150390625 -0.204559326171875 -0.348419189453125 -0.463897705078125
-0.311981201171875 -0.058685302734375 -0.329254150390625 -0.159271240234375
-0.27386474609375 0.0944976806640625 -0.111763000488281 -0.0179214477539062
-0.1177978515625 0.207351684570313 -0.0567092895507812 -0.10638427734375
0.00350952148437501 0.209793090820313 -0.139724731445313 -0.144302368164062
0.1553955078125 0.15802001953125 -0.22918701171875 -0.104522705078125
0.196243286132813 0.0970916748046875 -0.31268310546875 -0.0179748535156249
0.188095092773437 0.099761962890625 -0.31597900390625 0.00354003906250005
0.218765258789062 0.099853515625 -0.32208251953125 -0.00698852539062497
0.151168823242188 0.153366088867188 -0.287017822265625 -0.12249755859375
0.034393310546875 0.224761962890625 -0.195648193359375 -0.190567016601563
-0.105300903320312 0.189285278320313 -0.031646728515625 -0.200927734375
-0.254562377929688 0.03863525390625 0.0642547607421875 -0.0912017822265625
-0.276123046875 -0.0693206787109375 -0.093292236328125 0.00839996337890625
-0.265426635742188 -0.231369018554688 -0.173690795898438 -0.166244506835937
-0.136512756347656 -0.0173110961914062 -0.436004638671875 -0.525634765625
-0.118972778320313 0.0265655517578125 -0.40032958984375 -0.188751220703125
-0.050445556640625 0.0485153198242187 -0.138893127441406 -0.00985717773437498
-0.00946426391601563 0.0481681823730469 -0.0768661499023438 -0.102310180664063
-0.00702667236328125 0.0355682373046875 -0.134506225585938 -0.150680541992187
0.0242767333984375 0.0515480041503906 -0.257492065429688 -0.119308471679688
0.0345001220703125 0.0612030029296875 -0.36029052734375 -0.02557373046875
0.0418357849121094 0.0587425231933594 -0.35772705078125 -0.000122070312500033
0.0530929565429687 0.071746826171875 -0.365966796875 -0.02972412109375
0.01519775390625 0.076141357421875 -0.30450439453125 -0.14459228515625
-0.0354385375976563 0.0752410888671875 -0.178619384765625 -0.204437255859375
-0.05950927734375 0.0250778198242188 -0.0220794677734375 -0.199111938476563
-0.0618629455566406 -0.0302047729492187 0.0455398559570312 -0.076751708984375
-0.0608291625976562 -0.0259246826171875 -0.144393920898437 -0.0184783935546875
-0.0981597900390625 -0.0686264038085938 -0.236404418945312 -0.242507934570313
-0.0805816650390625 -0.151565551757813 0.3076171875 0.21075439453125
-0.128067016601563 -0.0424652099609375 0.190048217773438 0.027618408203125
-0.126701354980469 0.0732955932617188 -0.0498809814453125 0.0342979431152344
-0.0237350463867187 0.121116638183594 -0.000442504882812502 0.18408203125
0.0733642578125 0.104194641113281 0.122711181640625 0.215545654296875
0.12103271484375 0.00640869140625 0.293670654296875 0.12921142578125
0.121475219726563 -0.0540237426757813 0.379302978515625 -0.004730224609375
0.107063293457031 -0.0269699096679688 0.342498779296875 -0.029083251953125
0.119552612304688 -0.0350265502929688 0.337005615234375 0.0101318359375
0.116920471191406 0.0352554321289063 0.266159057617188 0.0872802734375
0.0643234252929688 0.108413696289063 0.150405883789063 0.0955352783203125
-0.0561752319335938 0.12506103515625 0.110946655273438 0.0649566650390625
-0.146652221679688 0.0207977294921875 0.2060546875 0.0188446044921875
-0.128250122070313 -0.0723876953125 0.436614990234375 0.130859375
-0.0404739379882813 -0.120170593261719 0.48583984375 0.541412353515625
-0.258148193359375 -0.299835205078125 0.263031005859375 0.178558349609375
-0.299591064453125 -0.10467529296875 0.167312622070313 0.038360595703125
-0.3131103515625 0.112823486328125 -0.0447731018066407 0.0223884582519531
-0.111663818359375 0.253341674804687 -0.01007080078125 0.149887084960938
0.08367919921875 0.252426147460938 0.071502685546875 0.19305419921875
0.241668701171875 0.0998382568359375 0.24249267578125 0.128204345703125
0.272689819335938 -0.0179901123046875 0.318878173828125 0.011199951171875
0.247879028320313 0.0129547119140625 0.27630615234375 -0.0198516845703125
0.279876708984375 -0.002288818359375 0.27398681640625 0.0121917724609375
0.24481201171875 0.112579345703125 0.208145141601563 0.05255126953125
0.127288818359375 0.251724243164063 0.104644775390625 0.0455093383789063
-0.0977325439453125 0.280624389648438 0.106758117675781 0.0138320922851563
-0.332275390625 0.0950622558593751 0.224594116210937 -0.020050048828125
-0.3460693359375 -0.093353271484375 0.43212890625 0.112884521484375
-0.241195678710937 -0.264938354492187 0.46783447265625 0.480438232421875
-0.39739990234375 -0.41082763671875 0.171310424804687 0.090850830078125
-0.44244384765625 -0.15740966796875 0.103233337402344 0.0298919677734375
-0.472564697265625 0.143463134765625 -0.0450820922851563 0.0163993835449219
-0.19219970703125 0.363037109375 -0.01361083984375 0.104949951171875
0.080047607421875 0.37554931640625 0.017486572265625 0.143539428710938
0.32769775390625 0.185028076171875 0.160690307617188 0.104446411132813
0.3828125 0.022552490234375 0.212753295898438 0.0207366943359375
0.351898193359375 0.051025390625 0.167572021484375 -0.007537841796875
0.39837646484375 0.025665283203125 0.16864013671875 0.01702880859375
0.3436279296875 0.16778564453125 0.113235473632813 0.01434326171875
0.186279296875 0.3587646484375 0.03631591796875 -0.0113563537597656
-0.109405517578125 0.408203125 0.08416748046875 -0.0468521118164062
-0.46783447265625 0.1785888671875 0.218765258789063 -0.0628204345703125
-0.519256591796875 -0.0846252441406251 0.376617431640625 0.08489990234375
-0.409820556640625 -0.362884521484375 0.388031005859375 0.371795654296875
-0.483642578125 -0.45977783203125 0.0442657470703125 -0.0393104553222657
-0.53680419921875 -0.178131103515625 0.00457239151000973 0.000281333923339833
-0.56610107421875 0.17340087890625 -0.052703857421875 0.0126533508300781
-0.240570068359375 0.434356689453125 -0.0164070129394531 0.048675537109375
0.070709228515625 0.44879150390625 -0.0367164611816406 0.0702667236328125
0.36895751953125 0.24090576171875 0.0562324523925781 0.0583724975585938
0.435455322265625 0.05743408203125 0.0743331909179688 0.0232086181640625
0.401580810546875 0.08056640625 0.0335330963134766 0.00570869445800782
0.457550048828125 0.049102783203125 0.0365753173828125 0.0239982604980469
0.3922119140625 0.196258544921875 -0.00538253784179685 -0.0203800201416016
0.220458984375 0.41363525390625 -0.0493431091308594 -0.0644912719726562
-0.1021728515625 0.478912353515625 0.0428237915039062 -0.105949401855469
-0.530517578125 0.237884521484375 0.187271118164062 -0.0962066650390625
-0.61212158203125 -0.0607299804687501 0.272415161132812 0.0628814697265625
-0.50927734375 -0.404632568359375 0.253448486328125 0.237152099609375
-0.503753662109375 -0.43157958984375 -0.104248046875 -0.188949584960938
-0.552520751953125 -0.15802001953125 -0.116340637207031 -0.0426101684570313
-0.56658935546875 0.186279296875 -0.0692176818847657 0.00642013549804687
-0.2386474609375 0.439544677734375 -0.0258636474609375 -0.0139827728271484
0.060455322265625 0.44586181640625 -0.0889892578125 -0.0132369995117187
0.355438232421875 0.253997802734375 -0.0587005615234375 0.00159072875976565
0.419952392578125 0.080718994140625 -0.0758819580078125 0.0199127197265625
0.389678955078125 0.096954345703125 -0.105499267578125 0.0177688598632813
0.445098876953125 0.065582275390625 -0.103538513183594 0.02996826171875
0.37420654296875 0.199310302734375 -0.129402160644531 -0.0484695434570312
0.206573486328125 0.405029296875 -0.133293151855469 -0.109481811523437
-0.09576416015625 0.459564208984375 -0.0038909912109375 -0.152786254882813
-0.508026123046875 0.2344970703125 0.139137268066406 -0.110763549804688
-0.59515380859375 -0.0472412109374999 0.137504577636719 0.0492630004882813
-0.519561767578125 -0.391998291015625 0.0897369384765625 0.094268798828125
-0.4483642578125 -0.334197998046875 -0.255126953125 -0.329681396484375
-0.476959228515625 -0.105682373046875 -0.238601684570313 -0.089599609375
-0.460968017578125 0.16876220703125 -0.0908660888671875 -0.00184631347656248
-0.18670654296875 0.362152099609375 -0.0445289611816407 -0.0687294006347656
0.04400634765625 0.362030029296875 -0.130661010742187 -0.0868606567382813
0.28607177734375 0.21746826171875 -0.16265869140625 -0.0515899658203125
0.340911865234375 0.0870361328125 -0.21380615234375 0.0138702392578125
0.318634033203125 0.09765625 -0.228744506835937 0.0274200439453125
0.364593505859375 0.077056884765625 -0.229522705078125 0.0292205810546875
0.292236328125 0.18121337890625 -0.232498168945313 -0.07379150390625
0.14434814453125 0.337249755859375 -0.192031860351563 -0.145248413085937
-0.096221923828125 0.357086181640625 -0.0381622314453125 -0.18218994140625
-0.410858154296875 0.16265869140625 0.0910568237304687 -0.107276916503906
-0.472991943359375 -0.047088623046875 0.0073890686035156 0.0376319885253906
-0.440399169921875 -0.3250732421875 -0.0681877136230469 -0.0399665832519532
-0.32196044921875 -0.1849365234375 -0.387786865234375 -0.436279296875
-0.321014404296875 -0.0353393554687499 -0.342559814453125 -0.129791259765625
-0.271987915039063 0.120254516601562 -0.115554809570313 -0.00495910644531248
-0.101974487304687 0.220947265625 -0.0661544799804687 -0.0981521606445313
0.0226898193359375 0.214141845703125 -0.15087890625 -0.130722045898438
0.17144775390625 0.14373779296875 -0.236160278320312 -0.087371826171875
0.208892822265625 0.077911376953125 -0.3145751953125 0.00894165039062501
0.199554443359375 0.0836181640625 -0.318328857421875 0.03094482421875
0.229827880859375 0.078857421875 -0.323089599609375 0.0196228027343751
0.167312622070313 0.13909912109375 -0.297821044921875 -0.098297119140625
0.0566253662109375 0.222549438476563 -0.211761474609375 -0.173095703125
-0.0898895263671875 0.2017822265625 -0.0491790771484375 -0.196807861328125
-0.255172729492188 0.0619049072265625 0.0563812255859375 -0.0933074951171875
-0.282867431640625 -0.046051025390625 -0.0921707153320313 0.0206451416015625
-0.29046630859375 -0.213653564453125 -0.191268920898438 -0.150665283203125
-0.140144348144531 -0.0105972290039063 -0.482177734375 -0.49090576171875
-0.120208740234375 0.0349197387695312 -0.419158935546875 -0.15325927734375
-0.0507469177246094 0.0541305541992188 -0.142471313476563 0.00483703613281249
-0.00682830810546876 0.0512886047363281 -0.085906982421875 -0.09271240234375
-0.00433349609375 0.0389060974121094 -0.146697998046875 -0.1390380859375
0.0298538208007813 0.0500030517578125 -0.267227172851562 -0.099578857421875
0.0437889099121094 0.0575370788574219 -0.363128662109375 0.00500488281250008
0.0496978759765625 0.0549774169921875 -0.3603515625 0.031005859375
0.0618782043457031 0.0666007995605469 -0.3709716796875 0.00262451171874994
0.0236968994140625 0.0748062133789062 -0.3184814453125 -0.118194580078125
-0.0263519287109375 0.0804443359375 -0.195785522460937 -0.188278198242187
-0.0579490661621094 0.0329437255859375 -0.0397186279296875 -0.196563720703125
-0.0687522888183594 -0.0242538452148438 0.037933349609375 -0.0782546997070313
-0.0660209655761719 -0.0215988159179687 -0.147064208984375 -0.00181579589843748
-0.107757568359375 -0.0642852783203125 -0.260421752929688 -0.222488403320313
-0.0883026123046875 -0.141387939453125 0.320281982421875 0.190704345703125
-0.125175476074219 -0.0351486206054688 0.191009521484375 0.01226806640625
-0.117927551269531 0.078033447265625 -0.0470352172851563 0.0357589721679688
-0.0158157348632812 0.118377685546875 0.010955810546875 0.178863525390625
0.0793304443359375 0.0964584350585938 0.133804321289063 0.204208374023438
0.116943359375 -0.00299072265625 0.29595947265625 0.10784912109375
0.1126708984375 -0.0604705810546875 0.371917724609375 -0.029541015625
0.100654602050781 -0.0327224731445313 0.3367919921875 -0.049072265625
0.112556457519531 -0.0427627563476562 0.334259033203125 -0.010833740234375
0.11566162109375 0.0257186889648437 0.268447875976563 0.0708770751953125
0.069366455078125 0.0998458862304688 0.153091430664063 0.0857696533203125
-0.0459747314453125 0.126434326171875 0.114105224609375 0.0572052001953125
-0.139694213867188 0.0316085815429687 0.203903198242188 0.0040435791015625
-0.128219604492188 -0.0604019165039062 0.435699462890625 0.09912109375
-0.0470046997070313 -0.114326477050781 0.51202392578125 0.50286865234375
-0.273483276367188 -0.276290893554687 0.274734497070313 0.162216186523437
-0.29840087890625 -0.08673095703125 0.170516967773437 0.0248565673828125
-0.299652099609375 0.1297607421875 -0.0434036254882813 0.0245780944824219
-0.0946502685546875 0.2547607421875 0.000228881835937485 0.1470947265625
0.0994720458984375 0.242950439453125 0.0834808349609375 0.18670654296875
0.24176025390625 0.079742431640625 0.24566650390625 0.10943603515625
0.26385498046875 -0.0369415283203125 0.31475830078125 -0.01080322265625
0.243453979492188 -0.003082275390625 0.271377563476563 -0.036224365234375
0.272079467773438 -0.0229949951171875 0.273147583007813 -0.0047607421875
0.246551513671875 0.0934906005859375 0.208633422851563 0.040374755859375
0.14080810546875 0.23687744140625 0.10498046875 0.0396347045898438
-0.077239990234375 0.283447265625 0.107002258300781 0.00775146484375002
-0.318878173828125 0.11724853515625 0.220657348632812 -0.0338592529296875
-0.343292236328125 -0.0684814453125 0.43218994140625 0.082244873046875
-0.25567626953125 -0.246200561523437 0.4896240234375 0.4444580078125
-0.419097900390625 -0.3780517578125 0.179290771484375 0.081695556640625
-0.44384765625 -0.130645751953125 0.108016967773437 0.0208969116210937
-0.45501708984375 0.173431396484375 -0.0444221496582032 0.0198402404785156
-0.166748046875 0.368499755859375 -0.00587463378906252 0.104713439941406
0.103790283203125 0.365325927734375 0.0291595458984375 0.141510009765625
0.3323974609375 0.15728759765625 0.165390014648438 0.0902252197265625
0.37603759765625 -0.00634765625 0.211227416992188 0.0053863525390625
0.348358154296875 0.0274658203125 0.164642333984375 -0.0175933837890625
0.391082763671875 -0.003753662109375 0.169692993164063 0.005645751953125
0.34698486328125 0.140167236328125 0.112274169921875 0.00824737548828126
0.206298828125 0.338775634765625 0.0340061187744141 -0.0116825103759765
-0.081085205078125 0.41046142578125 0.0814743041992188 -0.0497665405273437
-0.4473876953125 0.20819091796875 0.212936401367187 -0.07464599609375
-0.513092041015625 -0.0496826171875 0.375946044921875 0.0601806640625
-0.4285888671875 -0.33453369140625 0.40380859375 0.34375
-0.50811767578125 -0.421905517578125 0.0458984375 -0.03887939453125
-0.53955078125 -0.14617919921875 0.00945758819580075 -0.000779151916503915
-0.548858642578125 0.20745849609375 -0.0531234741210938 0.0180206298828125
-0.210052490234375 0.44317626953125 -0.0121841430664063 0.0507392883300782
0.100433349609375 0.439727783203125 -0.0286788940429687 0.0739898681640625
0.377044677734375 0.20916748046875 0.0605430603027344 0.0505867004394531
0.431060791015625 0.02362060546875 0.07586669921875 0.0165557861328125
0.40057373046875 0.05303955078125 0.0334205627441407 0.00380516052246094
0.45098876953125 0.014617919921875 0.0396041870117188 0.0199508666992188
0.396759033203125 0.164276123046875 -0.00699996948242185 -0.0188159942626953
0.24365234375 0.39093017578125 -0.0533065795898437 -0.0587921142578125
-0.07110595703125 0.47918701171875 0.0374603271484375 -0.104965209960937
-0.507354736328125 0.269775390625 0.180145263671875 -0.10479736328125
-0.60260009765625 -0.0211181640625 0.272369384765625 0.04583740234375
-0.532623291015625 -0.37158203125 0.26287841796875 0.21942138671875
-0.527313232421875 -0.397247314453125 -0.110397338867187 -0.1783447265625
-0.556610107421875 -0.12646484375 -0.112739562988281 -0.03485107421875
-0.54962158203125 0.22271728515625 -0.069610595703125 0.0136909484863282
-0.207855224609375 0.44970703125 -0.0253753662109375 -0.00936698913574215
0.090118408203125 0.439239501953125 -0.085296630859375 -0.00505828857421872
0.365325927734375 0.22357177734375 -0.0559577941894531 0.000766754150390639
0.419219970703125 0.047210693359375 -0.072967529296875 0.0226898193359375
0.390960693359375 0.07000732421875 -0.103385925292969 0.0246505737304688
0.440826416015625 0.032562255859375 -0.0980758666992187 0.0338668823242187
0.379791259765625 0.168853759765625 -0.130584716796875 -0.038787841796875
0.230621337890625 0.384918212890625 -0.138587951660156 -0.0979461669921875
-0.066619873046875 0.460723876953125 -0.01202392578125 -0.147857666015625
-0.48785400390625 0.2642822265625 0.131805419921875 -0.115547180175781
-0.58563232421875 -0.00976562500000013 0.139968872070312 0.04144287109375
-0.5396728515625 -0.35711669921875 0.0929641723632812 0.0887222290039062
-0.46710205078125 -0.30645751953125 -0.269378662109375 -0.30792236328125
-0.480621337890625 -0.07818603515625 -0.23760986328125 -0.0728759765625
-0.44854736328125 0.198577880859375 -0.0913314819335938 0.00761413574218752
-0.162506103515625 0.371673583984375 -0.0461502075195312 -0.0612907409667969
0.06829833984375 0.357391357421875 -0.130607604980469 -0.07550048828125
0.295379638671875 0.192962646484375 -0.1617431640625 -0.04412841796875
0.342559814453125 0.059417724609375 -0.2083740234375 0.02569580078125
0.321868896484375 0.074432373046875 -0.224639892578125 0.0408935546875
0.363616943359375 0.049774169921875 -0.223602294921875 0.0413665771484375
0.298614501953125 0.1563720703125 -0.233749389648437 -0.057403564453125
0.165008544921875 0.3221435546875 -0.197845458984375 -0.129653930664062
-0.0726318359375 0.359649658203125 -0.0484161376953125 -0.175323486328125
-0.395965576171875 0.187286376953125 0.084625244140625 -0.1085205078125
-0.46783447265625 -0.0183410644531251 0.0105209350585937 0.0386886596679687
-0.457611083984375 -0.29779052734375 -0.0717010498046875 -0.0344009399414063
-0.33245849609375 -0.166778564453125 -0.407012939453125 -0.404388427734375
-0.322509765625 -0.0172729492187501 -0.344940185546875 -0.105560302734375
-0.265182495117187 0.138900756835937 -0.116058349609375 0.00625610351562499
-0.0878753662109375 0.227645874023438 -0.0698928833007813 -0.0886077880859375
0.0365753173828125 0.21319580078125 -0.154403686523438 -0.118621826171875
0.178024291992188 0.128799438476563 -0.236480712890625 -0.0749359130859375
0.212600708007813 0.0601654052734375 -0.30853271484375 0.0272827148437501
0.204086303710937 0.068115234375 -0.31317138671875 0.05035400390625
0.231613159179688 0.0604705810546875 -0.316650390625 0.0379638671875
0.173233032226563 0.1239013671875 -0.299468994140625 -0.07806396484375
0.0720977783203125 0.216400146484375 -0.21795654296875 -0.155654907226562
-0.075714111328125 0.206207275390625 -0.0610198974609375 -0.18914794921875
-0.2496337890625 0.07855224609375 0.0514373779296875 -0.0928726196289063
-0.28167724609375 -0.02789306640625 -0.0879669189453125 0.0290603637695312
-0.3035888671875 -0.195281982421875 -0.199859619140625 -0.135894775390625
-0.140556335449219 -0.0066986083984375 -0.504669189453125 -0.455230712890625
-0.119285583496094 0.0404891967773437 -0.423126220703125 -0.1231689453125
-0.0512161254882813 0.0585289001464844 -0.139915466308594 0.017242431640625
-0.00490570068359375 0.0535926818847656 -0.0891952514648438 -0.0824203491210938
-0.00159835815429688 0.0406990051269531 -0.151504516601563 -0.128036499023437
0.0337753295898438 0.0476799011230469 -0.2684326171875 -0.0842437744140626
0.0494613647460938 0.0523567199707031 -0.35748291015625 0.027740478515625
0.0543136596679687 0.0498428344726562 -0.354217529296875 0.05322265625
0.0666694641113281 0.060760498046875 -0.365325927734375 0.025421142578125
0.029388427734375 0.071258544921875 -0.3203125 -0.0957946777343751
-0.018798828125 0.0824432373046875 -0.2034912109375 -0.172500610351563
-0.0548439025878906 0.0382423400878906 -0.05230712890625 -0.18927001953125
-0.07275390625 -0.0186386108398437 0.0326690673828125 -0.0764312744140625
-0.0683059692382813 -0.01776123046875 -0.144119262695313 0.010528564453125
-0.113441467285156 -0.0584259033203125 -0.27264404296875 -0.202316284179687
-0.0910263061523438 -0.133094787597656 0.327484130859375 0.178924560546875
-0.121826171875 -0.0317459106445312 0.191024780273438 0.00274658203125
-0.111869812011719 0.0789947509765625 -0.0455551147460938 0.036102294921875
-0.0116119384765625 0.114883422851563 0.0173797607421875 0.174407958984375
0.082305908203125 0.0907821655273438 0.140426635742188 0.196762084960938
0.113235473632813 -0.008148193359375 0.2945556640625 0.0965576171875
0.104972839355469 -0.0630035400390625 0.3663330078125 -0.043182373046875
0.0967788696289063 -0.035491943359375 0.333160400390625 -0.060211181640625
0.106895446777344 -0.0465240478515625 0.333099365234375 -0.02203369140625
0.112838745117188 0.0203475952148438 0.26861572265625 0.061767578125
0.0709457397460938 0.0939254760742188 0.153671264648438 0.080108642578125
-0.0398788452148438 0.126335144042969 0.11578369140625 0.0522079467773438
-0.133941650390625 0.0369033813476563 0.200180053710938 -0.0048675537109375
-0.126121520996094 -0.0523147583007812 0.432708740234375 0.08050537109375
-0.05126953125 -0.109283447265625 0.521209716796875 0.47705078125
-0.27996826171875 -0.260528564453125 0.2823486328125 0.15191650390625
-0.29571533203125 -0.076873779296875 0.17218017578125 0.0162200927734375
-0.289703369140625 0.13824462890625 -0.04345703125 0.0264167785644531
-0.0839691162109375 0.253692626953125 0.00587463378906251 0.143905639648438
0.108062744140625 0.234970092773438 0.0902557373046875 0.1817626953125
0.23883056640625 0.0672149658203125 0.245941162109375 0.0981292724609375
0.255630493164063 -0.048004150390625 0.310455322265625 -0.02362060546875
0.239501953125 -0.0113372802734375 0.268051147460938 -0.0443267822265625
0.265426635742188 -0.0345306396484375 0.27215576171875 -0.0153961181640625
0.244583129882813 0.0807342529296875 0.20770263671875 0.0340576171875
0.1478271484375 0.227035522460938 0.104484558105469 0.0371551513671875
-0.065216064453125 0.283538818359375 0.108062744140625 0.00431823730468752
-0.30853271484375 0.12890625 0.216567993164062 -0.04180908203125
-0.337860107421875 -0.0538330078125 0.4278564453125 0.0648193359375
-0.263778686523438 -0.233444213867188 0.49908447265625 0.42218017578125
-0.42913818359375 -0.357635498046875 0.18609619140625 0.0764923095703125
-0.4420166015625 -0.11651611328125 0.111717224121094 0.0147781372070312
-0.44244384765625 0.18792724609375 -0.0453033447265625 0.023101806640625
-0.1513671875 0.368896484375 -0.00110626220703126 0.103645324707031
0.118194580078125 0.357818603515625 0.0364303588867187 0.1402587890625
0.331756591796875 0.13897705078125 0.165969848632813 0.0807342529296875
0.3677978515625 -0.0238037109375 0.209716796875 -0.0041351318359375
0.346343994140625 0.013336181640625 0.1630859375 -0.0221405029296875
0.38433837890625 -0.02142333984375 0.1705322265625 -0.00189208984375
0.345611572265625 0.122283935546875 0.111587524414063 0.00577545166015626
0.216949462890625 0.32501220703125 0.0326175689697266 -0.0111351013183594
-0.065673828125 0.410308837890625 0.0805435180664063 -0.0511703491210937
-0.43402099609375 0.22393798828125 0.2086181640625 -0.0805816650390625
-0.50457763671875 -0.0295715332031249 0.37359619140625 0.045928955078125
-0.4393310546875 -0.31622314453125 0.410491943359375 0.32757568359375
-0.522369384765625 -0.400787353515625 0.048797607421875 -0.0383453369140625
-0.540008544921875 -0.128631591796875 0.0130319595336914 -0.00292110443115235
-0.53753662109375 0.2291259765625 -0.0540695190429688 0.0228157043457031
-0.19122314453125 0.4466552734375 -0.00883865356445313 0.0521202087402344
0.118011474609375 0.433837890625 -0.022308349609375 0.0757827758789063
0.377349853515625 0.189056396484375 0.0615310668945313 0.0448532104492188
0.424285888671875 0.002685546875 0.0762863159179688 0.0115509033203125
0.399871826171875 0.03656005859375 0.0331249237060547 0.00339889526367188
0.445098876953125 -0.005584716796875 0.0415573120117188 0.0165596008300781
0.39532470703125 0.144439697265625 -0.00820255279541013 -0.017115592956543
0.25653076171875 0.375518798828125 -0.0554008483886719 -0.05413818359375
-0.054046630859375 0.47906494140625 0.0348358154296875 -0.103408813476562
-0.490692138671875 0.28656005859375 0.176071166992187 -0.108978271484375
-0.59283447265625 -0.000366210937499957 0.271224975585937 0.0357818603515625
-0.543304443359375 -0.349609375 0.26727294921875 0.209396362304687
-0.53778076171875 -0.37640380859375 -0.11187744140625 -0.1705322265625
-0.55718994140625 -0.108734130859375 -0.109451293945313 -0.03155517578125
-0.54010009765625 0.244842529296875 -0.0703048706054688 0.0204238891601563
-0.188690185546875 0.454193115234375 -0.0237846374511719 -0.00552177429199216
0.10797119140625 0.43475341796875 -0.0811386108398438 0.000122070312500026
0.367279052734375 0.20379638671875 -0.0549774169921875 -0.000255584716796854
0.414642333984375 0.025604248046875 -0.0705642700195312 0.0228805541992188
0.39190673828125 0.053863525390625 -0.102180480957031 0.028350830078125
0.43603515625 0.01214599609375 -0.0951690673828125 0.0355072021484375
0.37982177734375 0.149871826171875 -0.130783081054687 -0.0327987670898438
0.242828369140625 0.370330810546875 -0.140655517578125 -0.0895538330078125
-0.0489501953125 0.460601806640625 -0.0157928466796875 -0.144287109375
-0.4732666015625 0.28076171875 0.128196716308594 -0.117835998535156
-0.57879638671875 0.0101928710937501 0.140449523925781 0.0367660522460938
-0.5523681640625 -0.33660888671875 0.093841552734375 0.0851364135742187
-0.476409912109375 -0.290679931640625 -0.275054931640625 -0.294281005859375
-0.480865478515625 -0.06280517578125 -0.23577880859375 -0.063751220703125
-0.440521240234375 0.217315673828125 -0.0912017822265625 0.015716552734375
-0.147216796875 0.376129150390625 -0.0460739135742187 -0.0557746887207031
0.083465576171875 0.354644775390625 -0.129043579101563 -0.068359375
0.297607421875 0.1776123046875 -0.16094970703125 -0.04205322265625
0.34051513671875 0.041290283203125 -0.20489501953125 0.0316619873046875
0.323333740234375 0.0609130859375 -0.222335815429688 0.0490875244140625
0.36053466796875 0.03216552734375 -0.2191162109375 0.0472564697265625
0.2998046875 0.14013671875 -0.233993530273437 -0.0475006103515625
0.17803955078125 0.3114013671875 -0.2000732421875 -0.11956787109375
-0.0595703125 0.361328125 -0.0531158447265625 -0.169754028320312
-0.38690185546875 0.2010498046875 0.081939697265625 -0.108818054199219
-0.4617919921875 -0.00274658203125007 0.0130233764648437 0.0398139953613281
-0.468231201171875 -0.28082275390625 -0.0734100341796875 -0.0306777954101563
-0.33819580078125 -0.157501220703125 -0.416748046875 -0.386810302734375
-0.3232421875 -0.00808715820312503 -0.34393310546875 -0.091339111328125
-0.26165771484375 0.150711059570313 -0.114410400390625 0.0150985717773437
-0.0785369873046875 0.230926513671875 -0.07037353515625 -0.0819091796875
0.0457305908203125 0.212417602539063 -0.15460205078125 -0.110626220703125
0.180328369140625 0.119598388671875 -0.236328125 -0.0691528320312499
0.214187622070313 0.0474090576171875 -0.304412841796875 0.03656005859375
0.206314086914063 0.0586395263671875 -0.30987548828125 0.061859130859375
0.231155395507813 0.0489959716796875 -0.31231689453125 0.048431396484375
0.1756591796875 0.114120483398438 -0.2991943359375 -0.0657043457031249
0.081756591796875 0.21044921875 -0.221221923828125 -0.145111083984375
-0.0677642822265625 0.20904541015625 -0.0666351318359375 -0.182891845703125
-0.247314453125 0.0875854492187499 0.049468994140625 -0.0919647216796875
-0.280014038085938 -0.0191802978515626 -0.0847930908203125 0.0339813232421875
-0.31109619140625 -0.18524169921875 -0.203872680664063 -0.127090454101563
-0.141510009765625 -0.00579833984374999 -0.515380859375 -0.432098388671875
-0.119590759277344 0.0430374145507813 -0.42315673828125 -0.104583740234375
-0.0519447326660156 0.0619392395019531 -0.137321472167969 0.02581787109375
-0.00344467163085937 0.0552825927734375 -0.0895004272460937 -0.0760345458984375
9.91821289062492E-05 0.0428085327148438 -0.153244018554688 -0.121322631835937
0.03497314453125 0.0459632873535156 -0.267852783203125 -0.0759124755859375
0.0526580810546875 0.0476150512695313 -0.35308837890625 0.03985595703125
0.0571022033691406 0.0469741821289063 -0.350616455078125 0.0654602050781249
0.0691719055175781 0.0565948486328125 -0.36126708984375 0.038330078125
0.0324821472167969 0.06817626953125 -0.319854736328125 -0.083770751953125
-0.0126876831054687 0.0828704833984375 -0.206283569335937 -0.162399291992188
-0.0530891418457031 0.041534423828125 -0.0594635009765625 -0.1837158203125
-0.0762481689453125 -0.014434814453125 0.0310211181640625 -0.0748138427734375
-0.0701560974121094 -0.015350341796875 -0.14129638671875 0.01812744140625
-0.117752075195313 -0.0559234619140625 -0.278366088867188 -0.190567016601563
-0.0925445556640625 -0.129318237304688 0.3394775390625 0.175140380859375
-0.121429443359375 -0.0313262939453125 0.19415283203125 -0.0032806396484375
-0.110389709472656 0.0799789428710937 -0.0466194152832031 0.037567138671875
-0.0104293823242187 0.114677429199219 0.021026611328125 0.174591064453125
0.0851898193359375 0.0871810913085938 0.1455078125 0.195693969726562
0.111656188964844 -0.012115478515625 0.297760009765625 0.091796875
0.101211547851563 -0.0647659301757813 0.368988037109375 -0.0523681640625
0.0953369140625 -0.03619384765625 0.33758544921875 -0.067169189453125
0.104171752929688 -0.0498123168945313 0.338897705078125 -0.0294189453125
0.113037109375 0.016876220703125 0.273223876953125 0.057830810546875
0.0724716186523438 0.0911331176757813 0.156661987304688 0.0784759521484375
-0.0364608764648438 0.128410339355469 0.11883544921875 0.0495758056640625
-0.131492614746094 0.0406570434570312 0.200927734375 -0.0101165771484375
-0.125625610351562 -0.0478286743164063 0.436492919921875 0.070068359375
-0.0536117553710938 -0.10772705078125 0.538055419921875 0.471466064453125
-0.2877197265625 -0.254425048828125 0.294036865234375 0.149078369140625
-0.29766845703125 -0.074615478515625 0.176895141601562 0.0105743408203125
-0.289459228515625 0.14483642578125 -0.0453147888183594 0.0290412902832031
-0.079742431640625 0.255523681640625 0.00964355468749999 0.145156860351563
0.115829467773438 0.234222412109375 0.096771240234375 0.181900024414063
0.239471435546875 0.0598907470703125 0.2484130859375 0.0933837890625
0.252700805664062 -0.0556488037109375 0.3134765625 -0.031158447265625
0.240737915039062 -0.0170440673828125 0.272232055664063 -0.050140380859375
0.264556884765625 -0.042022705078125 0.278045654296875 -0.02130126953125
0.246292114257813 0.0743560791015625 0.2109375 0.032012939453125
0.152938842773437 0.223159790039062 0.105720520019531 0.0365371704101563
-0.05938720703125 0.28887939453125 0.110580444335938 0.00227355957031252
-0.30633544921875 0.137481689453125 0.21783447265625 -0.0480499267578125
-0.338470458984375 -0.0465698242187499 0.432769775390625 0.055816650390625
-0.272842407226563 -0.230422973632813 0.511871337890625 0.416473388671875
-0.442352294921875 -0.3519287109375 0.194732666015625 0.0751800537109375
-0.44793701171875 -0.11181640625 0.116043090820312 0.0101165771484375
-0.445037841796875 0.200775146484375 -0.0472412109375 0.0277557373046875
-0.145721435546875 0.375823974609375 0.00276184082031248 0.105140686035156
0.129547119140625 0.35845947265625 0.0424957275390625 0.141952514648438
0.334747314453125 0.1298828125 0.168197631835938 0.076416015625
0.36737060546875 -0.03509521484375 0.211944580078125 -0.00982666015625
0.35040283203125 0.00543212890625 0.16552734375 -0.024749755859375
0.384307861328125 -0.032318115234375 0.174453735351563 -0.0066986083984375
0.34869384765625 0.11309814453125 0.112800598144531 0.00498199462890626
0.225830078125 0.321014404296875 0.0319633483886719 -0.00922966003417967
-0.057342529296875 0.41693115234375 0.0828399658203125 -0.0528640747070312
-0.4332275390625 0.236480712890625 0.20977783203125 -0.08697509765625
-0.50726318359375 -0.0203247070312501 0.376708984375 0.037933349609375
-0.45318603515625 -0.311187744140625 0.4215087890625 0.3232421875
-0.53851318359375 -0.3946533203125 0.0535163879394531 -0.0380821228027344
-0.5494384765625 -0.1234130859375 0.0166578292846679 -0.00447177886962891
-0.539337158203125 0.24493408203125 -0.0558891296386719 0.0290756225585938
-0.18511962890625 0.455902099609375 -0.00526428222656251 0.0543403625488282
0.1312255859375 0.436981201171875 -0.0174560546875 0.07855224609375
0.38311767578125 0.17950439453125 0.0619659423828125 0.0415077209472656
0.425750732421875 -0.011077880859375 0.0774154663085938 0.00823211669921875
0.40570068359375 0.027313232421875 0.0334720611572266 0.00405502319335938
0.446441650390625 -0.019012451171875 0.0436439514160157 0.014007568359375
0.3995361328125 0.134796142578125 -0.00869369506835935 -0.0155153274536133
0.268035888671875 0.372100830078125 -0.0576934814453125 -0.0511817932128906
-0.043975830078125 0.486572265625 0.03515625 -0.10467529296875
-0.491668701171875 0.301544189453125 0.177078247070313 -0.114578247070313
-0.59686279296875 0.0105590820312501 0.274368286132812 0.0301361083984375
-0.56048583984375 -0.3448486328125 0.272811889648437 0.206329345703125
-0.557525634765625 -0.37200927734375 -0.113449096679688 -0.169021606445313
-0.56793212890625 -0.1009521484375 -0.109031677246094 -0.0304718017578125
-0.544281005859375 0.2628173828125 -0.071746826171875 0.027862548828125
-0.183319091796875 0.465118408203125 -0.0215396881103516 -0.00304603576660153
0.121246337890625 0.43890380859375 -0.0790634155273437 0.00318145751953126
0.373199462890625 0.19512939453125 -0.055999755859375 -0.00226211547851562
0.417724609375 0.011566162109375 -0.0704803466796875 0.0230255126953125
0.399078369140625 0.044952392578125 -0.104042053222656 0.0324859619140625
0.439208984375 -0.000274658203125 -0.0951385498046875 0.035430908203125
0.38409423828125 0.140106201171875 -0.133476257324219 -0.029327392578125
0.2554931640625 0.367095947265625 -0.144210815429687 -0.0849609374999999
-0.040985107421875 0.469207763671875 -0.01727294921875 -0.144119262695312
-0.4742431640625 0.295257568359375 0.129432678222656 -0.122467041015625
-0.582275390625 0.0198974609375 0.142822265625 0.0348663330078125
-0.569580078125 -0.33251953125 0.0954055786132812 0.0844345092773437
-0.4908447265625 -0.28802490234375 -0.2821044921875 -0.29132080078125
-0.491363525390625 -0.056396484375 -0.238189697265625 -0.059661865234375
-0.444122314453125 0.233551025390625 -0.0922698974609375 0.0234146118164063
-0.14093017578125 0.385955810546875 -0.0454063415527344 -0.0526924133300781
0.09490966796875 0.35986328125 -0.129341125488281 -0.0658416748046875
0.30291748046875 0.171234130859375 -0.164169311523438 -0.0423736572265625
0.343994140625 0.02838134765625 -0.206710815429687 0.033905029296875
0.3306884765625 0.052825927734375 -0.2257080078125 0.0554351806640625
0.363372802734375 0.02178955078125 -0.221694946289063 0.0508270263671875
0.303680419921875 0.132568359375 -0.237380981445313 -0.0429840087890625
0.18829345703125 0.310638427734375 -0.204849243164063 -0.114273071289062
-0.052398681640625 0.368377685546875 -0.0562286376953125 -0.169692993164062
-0.38909912109375 0.212646484375 0.0830764770507812 -0.112373352050781
-0.464996337890625 0.00469970703124997 0.0152320861816406 0.0412139892578125
-0.48388671875 -0.277008056640625 -0.0766067504882813 -0.02935791015625
-0.348724365234375 -0.15618896484375 -0.4273681640625 -0.38226318359375
-0.331024169921875 -0.00408935546875004 -0.349853515625 -0.0842590332031251
-0.264678955078125 0.16204833984375 -0.114326477050781 0.0226058959960938
-0.075347900390625 0.237655639648438 -0.0708160400390625 -0.0788803100585937
0.0525970458984375 0.216339111328125 -0.156951904296875 -0.108749389648438
0.183822631835937 0.11614990234375 -0.240142822265625 -0.0674591064453125
0.217178344726563 0.0395965576171875 -0.3074951171875 0.0426940917968749
0.211517333984375 0.0533905029296875 -0.314666748046875 0.0695800781249999
0.23455810546875 0.0426788330078125 -0.3165283203125 0.0540771484375
0.178939819335938 0.109130859375 -0.3035888671875 -0.059967041015625
0.08917236328125 0.21051025390625 -0.226028442382813 -0.140533447265625
-0.064208984375 0.214706420898437 -0.070892333984375 -0.181838989257813
-0.250579833984375 0.09466552734375 0.0500946044921875 -0.0938796997070312
-0.282806396484375 -0.0148010253906251 -0.083892822265625 0.0375518798828125
-0.32208251953125 -0.18304443359375 -0.210494995117188 -0.123886108398438
-0.145706176757813 -0.00733947753906248 -0.52850341796875 -0.425384521484375
-0.122566223144531 0.0453643798828125 -0.430511474609375 -0.09613037109375
-0.0537376403808594 0.0657577514648438 -0.136032104492188 0.0320892333984375
-0.00263214111328124 0.0587120056152344 -0.0904159545898438 -0.07257080078125
0.000911712646484374 0.04583740234375 -0.1572265625 -0.119949340820313
0.0362396240234375 0.0466651916503906 -0.272293090820313 -0.0736846923828125
0.0549774169921875 0.0451431274414063 -0.356719970703125 0.0473327636718749
0.0603370666503906 0.04534912109375 -0.3553466796875 0.074676513671875
0.0724945068359375 0.0545272827148437 -0.367034912109375 0.0465698242187501
0.0349044799804688 0.0678520202636719 -0.324981689453125 -0.078033447265625
-0.00865936279296874 0.0836944580078125 -0.210861206054688 -0.15850830078125
-0.052764892578125 0.0454826354980469 -0.06414794921875 -0.182952880859375
-0.0809860229492188 -0.0109481811523437 0.0308151245117188 -0.075103759765625
-0.0731430053710938 -0.0150375366210937 -0.140853881835938 0.0231475830078125
-0.12286376953125 -0.05584716796875 -0.28790283203125 -0.18634033203125
-0.0974197387695312 -0.128868103027344 0.360748291015625 0.170806884765625
-0.124000549316406 -0.0309677124023437 0.202239990234375 -0.010772705078125
-0.111442565917969 0.083343505859375 -0.0479354858398438 0.0409088134765625
-0.0090789794921875 0.117218017578125 0.02679443359375 0.178390502929688
0.0905914306640625 0.0854034423828125 0.156997680664062 0.197769165039063
0.112327575683594 -0.0170745849609375 0.30865478515625 0.087066650390625
0.0995330810546875 -0.0686111450195313 0.37994384765625 -0.065765380859375
0.0963897705078125 -0.0395050048828125 0.350677490234375 -0.0799560546875
0.104034423828125 -0.0549468994140625 0.354095458984375 -0.041168212890625
0.115554809570313 0.013824462890625 0.285614013671875 0.053985595703125
0.0763702392578125 0.0906829833984375 0.163528442382813 0.07769775390625
-0.0332565307617188 0.133529663085938 0.125930786132812 0.0473480224609375
-0.131996154785156 0.0455322265625 0.20654296875 -0.0159912109375
-0.128036499023438 -0.0444717407226563 0.451629638671875 0.0595703125
-0.0589370727539063 -0.1082763671875 0.56854248046875 0.47235107421875
-0.303924560546875 -0.25347900390625 0.314117431640625 0.1456298828125
-0.308319091796875 -0.0716857910156249 0.185623168945312 0.0034332275390625
-0.29498291015625 0.15771484375 -0.0471458435058594 0.0340003967285156
-0.0771636962890625 0.265167236328125 0.0152130126953125 0.14910888671875
0.127792358398438 0.236557006835938 0.107498168945312 0.18536376953125
0.2454833984375 0.05255126953125 0.258697509765625 0.089447021484375
0.255859375 -0.065765380859375 0.323455810546875 -0.04266357421875
0.248153686523437 -0.0239410400390625 0.28271484375 -0.0594482421875
0.269119262695313 -0.0529327392578125 0.29083251953125 -0.03192138671875
0.254196166992187 0.0678558349609375 0.220123291015625 0.0286102294921875
0.163894653320313 0.22479248046875 0.109672546386719 0.0368881225585938
-0.05267333984375 0.301849365234375 0.116661071777344 -0.00135803222656248
-0.311676025390625 0.1514892578125 0.223953247070312 -0.0565643310546875
-0.348541259765625 -0.0389404296874999 0.447418212890625 0.043609619140625
-0.290496826171875 -0.2296142578125 0.54217529296875 0.417510986328125
-0.46917724609375 -0.350311279296875 0.209732055664062 0.072479248046875
-0.466644287109375 -0.105865478515625 0.12347412109375 0.00518798828124999
-0.454071044921875 0.221343994140625 -0.0491790771484375 0.0345840454101563
-0.13946533203125 0.39202880859375 0.00769042968749999 0.108917236328125
0.146148681640625 0.367034912109375 0.05072021484375 0.146041870117188
0.3460693359375 0.121612548828125 0.175567626953125 0.073638916015625
0.374053955078125 -0.0506591796875 0.218673706054688 -0.0178680419921875
0.362762451171875 -0.005126953125 0.17181396484375 -0.029876708984375
0.394287109375 -0.046722412109375 0.182952880859375 -0.0136871337890625
0.360809326171875 0.105377197265625 0.117347717285156 0.00378417968750001
0.2431640625 0.32391357421875 0.0321521759033203 -0.00808143615722654
-0.047637939453125 0.43609619140625 0.0858917236328125 -0.0568695068359375
-0.4412841796875 0.257080078125 0.215164184570313 -0.0977020263671875
-0.522918701171875 -0.00753784179687498 0.390228271484375 0.0277099609375
-0.480865478515625 -0.310302734375 0.444427490234375 0.323211669921875
-0.57159423828125 -0.3934326171875 0.0592422485351562 -0.0398979187011719
-0.57403564453125 -0.11517333984375 0.0197925567626953 -0.00666427612304688
-0.55352783203125 0.27301025390625 -0.0575790405273438 0.0377655029296875
-0.1773681640625 0.4776611328125 -0.00160980224609376 0.05792236328125
0.153594970703125 0.449554443359375 -0.0127182006835937 0.0826873779296875
0.397125244140625 0.171722412109375 0.0645828247070313 0.0393218994140625
0.435882568359375 -0.028778076171875 0.08038330078125 0.0050811767578125
0.42236328125 0.01483154296875 0.0352745056152344 0.00434494018554688
0.459503173828125 -0.03436279296875 0.0469970703125 0.0112571716308594
0.413726806640625 0.1251220703125 -0.00927352905273435 -0.0143537521362305
0.289459228515625 0.375335693359375 -0.0614356994628906 -0.0482902526855469
-0.03076171875 0.507720947265625 0.0358047485351562 -0.108993530273437
-0.50140380859375 0.32537841796875 0.180618286132812 -0.12554931640625
-0.6162109375 0.0246582031250001 0.284576416015625 0.023193359375
-0.59503173828125 -0.34271240234375 0.28765869140625 0.206329345703125
-0.59185791015625 -0.37078857421875 -0.117904663085938 -0.170394897460938
-0.59515380859375 -0.09197998046875 -0.111312866210938 -0.0294647216796875
-0.556854248046875 0.294342041015625 -0.07330322265625 0.03753662109375
-0.174072265625 0.488983154296875 -0.0199375152587891 -0.000223159790039029
0.14312744140625 0.453582763671875 -0.0784912109375 0.00657653808593752
0.389068603515625 0.188446044921875 -0.0588226318359375 -0.00274276733398437
0.429107666015625 -0.004791259765625 -0.072662353515625 0.0243377685546875
0.415985107421875 0.0322265625 -0.107620239257812 0.037841796875
0.452789306640625 -0.015869140625 -0.0983123779296875 0.0382537841796875
0.399078369140625 0.131134033203125 -0.139663696289062 -0.0253448486328125
0.27685546875 0.37066650390625 -0.15142822265625 -0.0810699462890625
-0.028045654296875 0.49017333984375 -0.0202789306640625 -0.148147583007812
-0.4847412109375 0.319580078125 0.130897521972656 -0.131965637207031
-0.5999755859375 0.033447265625 0.149063110351562 0.032470703125
-0.6041259765625 -0.330322265625 0.0993270874023437 0.0849075317382812
-0.522430419921875 -0.28631591796875 -0.297943115234375 -0.292083740234375
-0.51470947265625 -0.04632568359375 -0.246810913085938 -0.05499267578125
-0.456817626953125 0.259490966796875 -0.0935745239257813 0.033233642578125
-0.1337890625 0.407318115234375 -0.0458412170410156 -0.0514602661132812
0.111572265625 0.372528076171875 -0.133537292480469 -0.0629501342773437
0.317108154296875 0.166778564453125 -0.171890258789062 -0.0409088134765625
0.355560302734375 0.015594482421875 -0.21368408203125 0.0403900146484375
0.34490966796875 0.042694091796875 -0.233978271484375 0.0652313232421875
0.377227783203125 0.009674072265625 -0.22943115234375 0.0581817626953125
0.31591796875 0.125885009765625 -0.24774169921875 -0.03680419921875
0.2064208984375 0.313323974609375 -0.2147216796875 -0.109786987304687
-0.043914794921875 0.385406494140625 -0.0618133544921875 -0.172378540039062
-0.400177001953125 0.232391357421875 0.0838394165039062 -0.120353698730469
-0.48187255859375 0.0160217285156249 0.01715087890625 0.0424728393554688
-0.512420654296875 -0.275634765625 -0.08245849609375 -0.0282821655273438
-0.36883544921875 -0.1549072265625 -0.453765869140625 -0.381561279296875
-0.346588134765625 0.00451660156250001 -0.36383056640625 -0.076324462890625
-0.272018432617188 0.179306030273438 -0.115669250488281 0.030914306640625
-0.069580078125 0.2509765625 -0.0732879638671875 -0.07794189453125
0.06317138671875 0.225372314453125 -0.16412353515625 -0.107330322265625
0.19342041015625 0.114974975585937 -0.251937866210938 -0.06585693359375
0.224502563476562 0.0311279296875 -0.318206787109375 0.05218505859375
0.22283935546875 0.0469970703125 -0.326568603515625 0.082427978515625
0.244613647460938 0.0352630615234375 -0.329345703125 0.0660400390625
0.187164306640625 0.106369018554688 -0.31658935546875 -0.053009033203125
0.101486206054688 0.214248657226563 -0.237091064453125 -0.136459350585937
-0.0603179931640625 0.226547241210938 -0.0782012939453125 -0.184738159179688
-0.2601318359375 0.10699462890625 0.050140380859375 -0.0994186401367188
-0.29412841796875 -0.00878906250000003 -0.0845870971679688 0.0428924560546875
-0.34210205078125 -0.18243408203125 -0.223785400390625 -0.1220703125
-0.154541015625 -0.00695800781249999 -0.559844970703125 -0.423431396484375
-0.128898620605469 0.0503921508789063 -0.44940185546875 -0.08477783203125
-0.0558624267578125 0.0722732543945313 -0.137062072753906 0.0398101806640625
0.000129699707031245 0.0625228881835938 -0.0942459106445313 -0.0710220336914062
0.00286483764648437 0.0501289367675781 -0.1663818359375 -0.119308471679688
0.039947509765625 0.0485877990722656 -0.284454345703125 -0.070770263671875
0.0592994689941406 0.0428695678710938 -0.369720458984375 0.058746337890625
0.0652923583984375 0.0435409545898438 -0.3685302734375 0.0883178710937501
0.077880859375 0.053955078125 -0.380950927734375 0.0595397949218751
0.0389328002929688 0.0684623718261719 -0.339019775390625 -0.071807861328125
-0.00372314453125 0.0872879028320313 -0.22174072265625 -0.157180786132813
-0.0531730651855469 0.0511283874511719 -0.071868896484375 -0.186203002929688
-0.0875473022460938 -0.00700378417968751 0.0306167602539063 -0.0789260864257813
-0.0788116455078125 -0.0141372680664063 -0.144012451171875 0.0296173095703125
-0.131591796875 -0.0565185546875 -0.30584716796875 -0.183685302734375
-0.1055908203125 -0.126731872558594 0.3902587890625 0.15655517578125
-0.129081726074219 -0.02752685546875 0.2113037109375 -0.0240936279296875
-0.111221313476563 0.0914077758789062 -0.04876708984375 0.0464210510253906
-0.00510406494140626 0.120803833007813 0.037506103515625 0.182891845703125
0.0981674194335938 0.0813446044921875 0.174942016601562 0.196578979492187
0.113197326660156 -0.0251846313476563 0.325347900390625 0.07574462890625
0.0970840454101563 -0.0757217407226563 0.392181396484375 -0.0911865234375
0.0969085693359375 -0.0454254150390625 0.36444091796875 -0.104736328125
0.102226257324219 -0.0634002685546875 0.371917724609375 -0.065155029296875
0.118827819824219 0.00664520263671875 0.302490234375 0.041900634765625
0.0832061767578125 0.089813232421875 0.174362182617187 0.0727691650390625
-0.0264129638671875 0.14093017578125 0.135078430175781 0.0408172607421875
-0.13238525390625 0.0533065795898438 0.213623046875 -0.029022216796875
-0.132881164550781 -0.0382843017578125 0.47235107421875 0.035369873046875
-0.0673828125 -0.107734680175781 0.6190185546875 0.46075439453125
-0.3292236328125 -0.245849609375 0.340728759765625 0.133148193359375
-0.324310302734375 -0.06072998046875 0.195404052734375 -0.00915527343750001
-0.298797607421875 0.179962158203125 -0.0476875305175781 0.0423583984375
-0.067413330078125 0.279342651367188 0.0251617431640625 0.153244018554688
0.14666748046875 0.237533569335938 0.123275756835938 0.185882568359375
0.254989624023438 0.0390625 0.272933959960938 0.0797271728515625
0.258468627929688 -0.083099365234375 0.335418701171875 -0.063720703125
0.257354736328125 -0.038818359375 0.294464111328125 -0.078155517578125
0.274917602539063 -0.0717315673828125 0.3046875 -0.051177978515625
0.266021728515625 0.055511474609375 0.232376098632813 0.019989013671875
0.1820068359375 0.223983764648438 0.116363525390625 0.0341644287109375
-0.037322998046875 0.31890869140625 0.123291015625 -0.00908660888671873
-0.3157958984375 0.1739501953125 0.229766845703125 -0.072509765625
-0.36328125 -0.02142333984375 0.467803955078125 0.020721435546875
-0.316741943359375 -0.2227783203125 0.587646484375 0.404541015625
-0.50799560546875 -0.3385009765625 0.22808837890625 0.0628662109375
-0.4931640625 -0.0870971679687501 0.131736755371094 -0.00398254394531251
-0.461151123046875 0.258087158203125 -0.0487442016601563 0.0455703735351563
-0.125 0.415740966796875 0.0161972045898437 0.113296508789063
0.17572021484375 0.373626708984375 0.0636444091796875 0.1490478515625
0.362884521484375 0.105133056640625 0.185791015625 0.066162109375
0.382720947265625 -0.075408935546875 0.227737426757813 -0.0324554443359375
0.378814697265625 -0.026885986328125 0.180084228515625 -0.040435791015625
0.406158447265625 -0.074066162109375 0.1920166015625 -0.0265655517578125
0.3782958984375 0.08782958984375 0.123497009277344 -0.000434875488281245
0.270904541015625 0.3226318359375 0.032928466796875 -0.00780296325683592
-0.024200439453125 0.46002197265625 0.0887985229492188 -0.0651931762695312
-0.446929931640625 0.292999267578125 0.218780517578125 -0.115188598632812
-0.544647216796875 0.0184326171874999 0.407623291015625 0.007537841796875
-0.522796630859375 -0.297332763671875 0.480682373046875 0.31201171875
-0.61993408203125 -0.378173828125 0.0647430419921875 -0.0449333190917969
-0.6068115234375 -0.0908203124999999 0.0232391357421875 -0.0101604461669922
-0.56317138671875 0.319580078125 -0.0566825866699219 0.0497589111328125
-0.15771484375 0.509613037109375 0.00375747680664062 0.0606307983398438
0.18841552734375 0.45965576171875 -0.00537872314453124 0.0869903564453125
0.421661376953125 0.155120849609375 0.0688018798828125 0.0362892150878906
0.448486328125 -0.05694580078125 0.0843505859375 -0.000785827636718753
0.442047119140625 -0.00921630859375 0.0379562377929688 0.0038909912109375
0.474609375 -0.06622314453125 0.0500411987304688 0.00765228271484375
0.43511962890625 0.106201171875 -0.0103340148925781 -0.0126361846923828
0.3223876953125 0.373016357421875 -0.0664825439453125 -0.0440292358398437
-0.00320434570312496 0.535369873046875 0.0333404541015625 -0.115974426269531
-0.5068359375 0.3690185546875 0.180267333984375 -0.142807006835938
-0.640625 0.05645751953125 0.296844482421875 0.00894165039062501
-0.6439208984375 -0.32708740234375 0.309356689453125 0.1988525390625
-0.64166259765625 -0.35516357421875 -0.128509521484375 -0.170654296875
-0.63128662109375 -0.066162109375 -0.115684509277344 -0.025909423828125
-0.566650390625 0.3406982421875 -0.072021484375 0.0516815185546875
-0.153961181640625 0.520050048828125 -0.0175933837890625 0.00140762329101566
0.179046630859375 0.465972900390625 -0.0781936645507812 0.0120086669921875
0.41375732421875 0.174285888671875 -0.06207275390625 -0.00179672241210936
0.44329833984375 -0.03277587890625 -0.0746688842773437 0.0282058715820312
0.43756103515625 0.00848388671875 -0.110481262207031 0.0471725463867188
0.47027587890625 -0.045806884765625 -0.1015625 0.04425048828125
0.4210205078125 0.113922119140625 -0.147262573242187 -0.017425537109375
0.31072998046875 0.367706298828125 -0.162033081054688 -0.0732879638671875
-0.001251220703125 0.516632080078125 -0.0276031494140625 -0.153457641601562
-0.492401123046875 0.36163330078125 0.128738403320312 -0.1470947265625
-0.62469482421875 0.0655517578125001 0.156906127929687 0.0259552001953125
-0.6544189453125 -0.31292724609375 0.105308532714844 0.0833511352539062
-0.56549072265625 -0.27227783203125 -0.324737548828125 -0.287445068359375
-0.54315185546875 -0.022918701171875 -0.259429931640625 -0.0442352294921875
-0.462799072265625 0.30126953125 -0.0924606323242188 0.0461807250976563
-0.11572265625 0.433258056640625 -0.0474433898925781 -0.0495033264160156
0.142333984375 0.385467529296875 -0.140670776367188 -0.05755615234375
0.339202880859375 0.155517578125 -0.182418823242187 -0.0358734130859375
0.367279052734375 -0.007598876953125 -0.221786499023438 0.052520751953125
0.365203857421875 0.02301025390625 -0.24212646484375 0.08380126953125
0.393035888671875 -0.013702392578125 -0.238815307617188 0.0742645263671875
0.334686279296875 0.11309814453125 -0.26068115234375 -0.0237579345703125
0.233734130859375 0.313568115234375 -0.22906494140625 -0.100067138671875
-0.023406982421875 0.408355712890625 -0.0730743408203125 -0.176101684570313
-0.40802001953125 0.2666015625 0.0803146362304687 -0.132232666015625
-0.501312255859375 0.0398864746093751 0.0207443237304687 0.0446624755859375
-0.555633544921875 -0.26177978515625 -0.0904159545898438 -0.0242843627929688
-0.398468017578125 -0.144317626953125 -0.49188232421875 -0.371673583984375
-0.36553955078125 0.023651123046875 -0.383026123046875 -0.05859375
-0.275375366210938 0.20587158203125 -0.114883422851563 0.0431365966796875
-0.056976318359375 0.26763916015625 -0.0785064697265625 -0.0752792358398438
0.081390380859375 0.23443603515625 -0.17596435546875 -0.10235595703125
0.2080078125 0.110122680664063 -0.266952514648438 -0.0569763183593749
0.234466552734375 0.0162200927734375 -0.33099365234375 0.072174072265625
0.236312866210937 0.034637451171875 -0.337860107421875 0.1072998046875
0.257522583007813 0.0211944580078125 -0.342254638671875 0.088348388671875
0.200408935546875 0.0998687744140625 -0.333892822265625 -0.0375976562499999
0.119110107421875 0.216064453125 -0.253646850585938 -0.127822875976563
-0.0492706298828125 0.242233276367188 -0.0916900634765625 -0.187530517578125
-0.269638061523438 0.129562377929688 0.0467529296875 -0.108306884765625
-0.308807373046875 0.00460815429687499 -0.0848464965820313 0.0507125854492187
-0.3721923828125 -0.1734619140625 -0.243270874023438 -0.113723754882813
-0.165084838867188 -0.00178527832031253 -0.60491943359375 -0.4097900390625
-0.134086608886719 0.0603485107421875 -0.472625732421875 -0.062225341796875
-0.0554351806640625 0.0799713134765625 -0.137138366699219 0.0501556396484375
0.00374221801757813 0.0668220520019531 -0.100090026855469 -0.0673294067382812
0.00736236572265626 0.0539779663085938 -0.179168701171875 -0.114852905273437
0.0452995300292969 0.0501594543457031 -0.301605224609375 -0.060546875
0.0644149780273438 0.03985595703125 -0.38397216796875 0.081878662109375
0.0718460083007813 0.040740966796875 -0.38330078125 0.11572265625
0.0850830078125 0.0509872436523438 -0.39697265625 0.0856628417968751
0.0450782775878906 0.0684432983398438 -0.358062744140625 -0.055908203125
0.00321197509765625 0.090301513671875 -0.238861083984375 -0.151199340820312
-0.0516433715820312 0.0585289001464844 -0.0858917236328125 -0.187850952148438
-0.0947952270507813 0.000724792480468757 0.0276947021484375 -0.0842514038085938
-0.084930419921875 -0.0105819702148437 -0.14801025390625 0.04058837890625
-0.144882202148437 -0.0537109375 -0.331085205078125 -0.17376708984375
-0.11602783203125 -0.121162414550781 0.416168212890625 0.128143310546875
-0.13348388671875 -0.0201187133789063 0.21661376953125 -0.0430145263671875
-0.107597351074219 0.10150146484375 -0.0464706420898438 0.0543746948242188
0.00235748291015624 0.124275207519531 0.053253173828125 0.183242797851563
0.105682373046875 0.0728912353515625 0.195205688476563 0.186752319335938
0.110595703125 -0.03564453125 0.339569091796875 0.054840087890625
0.0920867919921875 -0.0836715698242188 0.39691162109375 -0.12469482421875
0.0956649780273437 -0.053558349609375 0.369415283203125 -0.138763427734375
0.09735107421875 -0.0732269287109375 0.380706787109375 -0.099884033203125
0.121162414550781 -0.0026397705078125 0.3170166015625 0.0205078125
0.09100341796875 0.0846099853515625 0.184524536132813 0.0618438720703125
-0.0150146484375 0.1468505859375 0.14239501953125 0.029449462890625
-0.129867553710938 0.0638961791992188 0.217544555664063 -0.0476226806640625
-0.137779235839844 -0.0284881591796875 0.485931396484375 -0.001312255859375
-0.0776138305664062 -0.104141235351563 0.6722412109375 0.42205810546875
-0.355865478515625 -0.22552490234375 0.36444091796875 0.107269287109375
-0.33843994140625 -0.03997802734375 0.201934814453125 -0.0270843505859375
-0.29290771484375 0.209136962890625 -0.0444145202636719 0.0516395568847656
-0.0489501953125 0.291748046875 0.0387725830078125 0.154327392578125
0.169570922851563 0.229705810546875 0.142868041992188 0.18011474609375
0.261199951171875 0.0188751220703125 0.2860107421875 0.061767578125
0.255706787109375 -0.105255126953125 0.3399658203125 -0.0927734375
0.260955810546875 -0.060455322265625 0.299713134765625 -0.10504150390625
0.273513793945313 -0.09649658203125 0.312591552734375 -0.080718994140625
0.275634765625 0.035491943359375 0.242584228515625 0.0031890869140625
0.204498291015625 0.214706420898438 0.121833801269531 0.0278701782226563
-0.01153564453125 0.332275390625 0.127555847167969 -0.0212173461914062
-0.3109130859375 0.203582763671875 0.229736328125 -0.0940704345703125
-0.373870849609375 0.00482177734375007 0.480499267578125 -0.0166015625
-0.345672607421875 -0.20367431640625 0.63616943359375 0.3682861328125
-0.55145263671875 -0.30511474609375 0.2442626953125 0.0448455810546875
-0.514434814453125 -0.0546875 0.137603759765625 -0.016754150390625
-0.454681396484375 0.30438232421875 -0.0435562133789063 0.0567817687988282
-0.09686279296875 0.43798828125 0.0273971557617187 0.113739013671875
0.212646484375 0.36767578125 0.079071044921875 0.14678955078125
0.378021240234375 0.077484130859375 0.19512939453125 0.053436279296875
0.382659912109375 -0.10821533203125 0.232208251953125 -0.0529022216796875
0.38726806640625 -0.058746337890625 0.184539794921875 -0.0559844970703125
0.4083251953125 -0.110748291015625 0.19744873046875 -0.045318603515625
0.39434814453125 0.059814453125 0.1290283203125 -0.0085296630859375
0.302978515625 0.308441162109375 0.0335140228271485 -0.00797271728515623
0.0133056640625 0.47833251953125 0.0879287719726563 -0.0758590698242187
-0.437774658203125 0.33770751953125 0.213623046875 -0.13739013671875
-0.55755615234375 0.0585937500000001 0.41796875 -0.0245361328125
-0.5657958984375 -0.26593017578125 0.518463134765625 0.2813720703125
-0.6710205078125 -0.33917236328125 0.0680465698242187 -0.0522422790527344
-0.63433837890625 -0.04754638671875 0.0262336730957031 -0.0146980285644531
-0.55401611328125 0.377197265625 -0.0499916076660157 0.0633888244628907
-0.1212158203125 0.536407470703125 0.0117912292480469 0.0616607666015625
0.234375 0.457366943359375 0.00414276123046876 0.0890350341796875
0.442352294921875 0.12396240234375 0.072845458984375 0.0305938720703125
0.451416015625 -0.09576416015625 0.0868988037109375 -0.00915527343750001
0.45526123046875 -0.0465087890625 0.0410232543945313 0.00167465209960937
0.48138427734375 -0.108367919921875 0.0521697998046875 0.00241470336914062
0.453369140625 0.074005126953125 -0.0109739303588867 -0.0106439590454102
0.36175537109375 0.35528564453125 -0.0710296630859375 -0.0373611450195312
0.0408630371093749 0.554412841796875 0.0265274047851562 -0.123321533203125
-0.4952392578125 0.422698974609375 0.17242431640625 -0.162872314453125
-0.65478515625 0.10540771484375 0.30474853515625 -0.013671875
-0.6943359375 -0.28509521484375 0.33160400390625 0.179931640625
-0.69244384765625 -0.3143310546875 -0.1417236328125 -0.165939331054688
-0.65631103515625 -0.0192871093749999 -0.118873596191406 -0.01898193359375
-0.556915283203125 0.40118408203125 -0.0646209716796875 0.0648078918457031
-0.11669921875 0.549652099609375 -0.0150070190429688 0.00386428833007816
0.2269287109375 0.466400146484375 -0.0768966674804687 0.0183334350585938
0.437713623046875 0.1441650390625 -0.065460205078125 0.000854492187500017
0.448883056640625 -0.07177734375 -0.0752944946289062 0.0336151123046875
0.452606201171875 -0.0286865234375 -0.10955810546875 0.059539794921875
0.478607177734375 -0.087982177734375 -0.102287292480469 0.0539321899414062
0.4385986328125 0.08233642578125 -0.152511596679688 -0.0054168701171875
0.350311279296875 0.3525390625 -0.171524047851562 -0.0599670410156249
0.04107666015625 0.53533935546875 -0.0392608642578125 -0.15631103515625
-0.481201171875 0.41448974609375 0.118484497070312 -0.163223266601563
-0.63787841796875 0.11309814453125 0.163345336914062 0.01531982421875
-0.70330810546875 -0.2725830078125 0.112373352050781 0.0783920288085937
-0.60791015625 -0.235595703125 -0.3533935546875 -0.269256591796875
-0.56640625 0.0184936523437499 -0.269027709960938 -0.0253448486328126
-0.45208740234375 0.351715087890625 -0.0860671997070313 0.0602645874023438
-0.083709716796875 0.457244873046875 -0.0499534606933594 -0.0463447570800781
0.1820068359375 0.385833740234375 -0.145980834960937 -0.04742431640625
0.360382080078125 0.13232421875 -0.191635131835937 -0.025665283203125
0.374176025390625 -0.039642333984375 -0.225067138671875 0.0712890625
0.3790283203125 -0.006683349609375 -0.243316650390625 0.109130859375
0.402252197265625 -0.048858642578125 -0.242507934570312 0.096832275390625
0.35137939453125 0.087738037109375 -0.270828247070313 -0.00259399414062494
0.26629638671875 0.30157470703125 -0.242111206054687 -0.0831298828125
0.010406494140625 0.425262451171875 -0.0879364013671875 -0.175155639648437
-0.401885986328125 0.309814453125 0.07000732421875 -0.14373779296875
-0.514312744140625 0.0786437988281251 0.0245628356933593 0.0457649230957031
-0.59619140625 -0.22796630859375 -0.0978546142578125 -0.0159988403320312
-0.4259033203125 -0.11834716796875 -0.533233642578125 -0.342498779296875
-0.3770751953125 0.0532226562499999 -0.398406982421875 -0.0302124023437499
-0.268630981445313 0.237838745117187 -0.110061645507813 0.0558013916015625
-0.0364532470703125 0.280731201171875 -0.0839614868164063 -0.0704421997070312
0.106185913085937 0.23651123046875 -0.187103271484375 -0.0903625488281249
0.222946166992188 0.09649658203125 -0.280044555664063 -0.0412750244140625
0.240249633789062 -0.00408935546875 -0.335723876953125 0.09954833984375
0.247665405273438 0.0152130126953125 -0.3411865234375 0.140228271484375
0.267059326171875 -0.0010986328125 -0.34771728515625 0.1212158203125
0.213470458984375 0.0860595703125 -0.347320556640625 -0.01177978515625
0.142135620117188 0.210494995117187 -0.269729614257812 -0.109725952148438
-0.0301666259765625 0.256011962890625 -0.108367919921875 -0.184555053710938
-0.27056884765625 0.157272338867188 0.0380172729492187 -0.115692138671875
-0.318939208984375 0.026885986328125 -0.0826263427734375 0.0607757568359375
-0.40118408203125 -0.151275634765625 -0.261672973632813 -0.0951080322265626
-0.173828125 0.00897216796875001 -0.6536865234375 -0.37310791015625
-0.134880065917969 0.0737533569335938 -0.490570068359375 -0.026092529296875
-0.051849365234375 0.0877227783203125 -0.133285522460938 0.0621337890625
0.0108184814453125 0.0686111450195313 -0.106521606445312 -0.06036376953125
0.0136222839355469 0.0578956604003906 -0.1927490234375 -0.103225708007812
0.0519371032714844 0.0488357543945313 -0.315643310546875 -0.041290283203125
0.0692863464355469 0.0341529846191406 -0.391387939453125 0.114959716796875
0.0781936645507813 0.0351333618164063 -0.386810302734375 0.151611328125
0.0938186645507813 0.0445327758789063 -0.404052734375 0.123870849609375
0.0526313781738281 0.0665664672851563 -0.37481689453125 -0.02911376953125
0.012451171875 0.0911483764648438 -0.25677490234375 -0.13555908203125
-0.04736328125 0.0665206909179688 -0.102920532226562 -0.185028076171875
-0.0997695922851562 0.011444091796875 0.0211410522460937 -0.0896682739257812
-0.0905380249023437 -0.00436401367187502 -0.147750854492188 0.0549163818359375
-0.156951904296875 -0.0449981689453125 -0.356781005859375 -0.149322509765625
-0.124038696289063 -0.111007690429688 0.426910400390625 0.092193603515625
-0.135169982910156 -0.0112380981445313 0.213455200195313 -0.06207275390625
-0.0988922119140625 0.109298706054688 -0.0406570434570312 0.0600967407226563
0.0108795166015625 0.124343872070313 0.0676422119140625 0.175949096679688
0.109207153320313 0.0622024536132813 0.209014892578125 0.168350219726563
0.104202270507813 -0.0443267822265625 0.343994140625 0.029510498046875
0.083404541015625 -0.0895614624023438 0.38653564453125 -0.1583251953125
0.09033203125 -0.060333251953125 0.359466552734375 -0.172637939453125
0.0880966186523438 -0.0804672241210938 0.37451171875 -0.135894775390625
0.118804931640625 -0.0130996704101563 0.3206787109375 -0.004669189453125
0.0965957641601562 0.0768966674804688 0.188247680664063 0.048187255859375
-0.00228881835937498 0.147659301757812 0.144638061523438 0.0152435302734375
-0.123886108398438 0.07275390625 0.21221923828125 -0.0669097900390625
-0.137664794921875 -0.0166473388671875 0.484039306640625 -0.043060302734375
-0.0853652954101563 -0.0959548950195313 0.7017822265625 0.36370849609375
-0.373748779296875 -0.1937255859375 0.375152587890625 0.075408935546875
-0.3414306640625 -0.013946533203125 0.2010498046875 -0.0457000732421875
-0.2747802734375 0.234100341796875 -0.0366859436035156 0.0593185424804688
-0.0260009765625 0.295654296875 0.0519256591796875 0.148727416992188
0.188018798828125 0.213577270507812 0.157150268554688 0.166030883789063
0.257614135742188 -0.00347900390625 0.28997802734375 0.039459228515625
0.2431640625 -0.125137329101563 0.332427978515625 -0.121978759765625
0.255508422851563 -0.0819549560546875 0.293182373046875 -0.132415771484375
0.2615966796875 -0.1201171875 0.307525634765625 -0.110809326171875
0.27532958984375 0.01202392578125 0.2454833984375 -0.01580810546875
0.220245361328125 0.196868896484375 0.124076843261719 0.019927978515625
0.0169677734375 0.333953857421875 0.125892639160156 -0.03350830078125
-0.294097900390625 0.22802734375 0.220169067382812 -0.114044189453125
-0.371826171875 0.034759521484375 0.476470947265625 -0.05670166015625
-0.3631591796875 -0.173828125 0.66265869140625 0.31427001953125
-0.57452392578125 -0.2569580078125 0.250961303710937 0.0225982666015625
-0.5196533203125 -0.0134887695312499 0.138465881347656 -0.030548095703125
-0.428619384765625 0.344573974609375 -0.0335922241210938 0.0652198791503907
-0.060516357421875 0.4456787109375 0.0382080078125 0.109535217285156
0.244415283203125 0.34765625 0.092376708984375 0.138557434082031
0.379150390625 0.045074462890625 0.1982421875 0.037200927734375
0.36773681640625 -0.139801025390625 0.228500366210938 -0.0737457275390625
0.383331298828125 -0.091278076171875 0.18194580078125 -0.072845458984375
0.395050048828125 -0.14593505859375 0.194168090820313 -0.0643310546875
0.396209716796875 0.026519775390625 0.129737854003906 -0.0180282592773438
0.327728271484375 0.2813720703125 0.033599853515625 -0.0083637237548828
0.0549316406250001 0.47882080078125 0.0825958251953125 -0.0846481323242187
-0.410430908203125 0.37493896484375 0.199508666992187 -0.155670166015625
-0.551666259765625 0.101959228515625 0.413360595703125 -0.058563232421875
-0.5899658203125 -0.21875 0.537200927734375 0.238433837890625
-0.69940185546875 -0.28143310546875 0.0676040649414062 -0.0599250793457031
-0.638916015625 0.00225830078124989 0.0269489288330078 -0.019317626953125
-0.521636962890625 0.42767333984375 -0.0376434326171875 0.07244873046875
-0.07708740234375 0.547149658203125 0.0191612243652344 0.0597419738769532
0.2750244140625 0.435394287109375 0.0136871337890625 0.0877227783203125
0.448883056640625 0.085662841796875 0.073455810546875 0.0231781005859375
0.437896728515625 -0.13372802734375 0.08636474609375 -0.0186767578125
0.451507568359375 -0.085723876953125 0.0431556701660157 -0.00123977661132813
0.468353271484375 -0.15185546875 0.0526313781738282 -0.00272369384765626
0.456634521484375 0.035369873046875 -0.0102920532226562 -0.00837230682373047
0.3896484375 0.323638916015625 -0.0728530883789062 -0.0287628173828125
0.08856201171875 0.552978515625 0.017822265625 -0.126945495605469
-0.463226318359375 0.464752197265625 0.155502319335937 -0.177520751953125
-0.64593505859375 0.1558837890625 0.3023681640625 -0.037506103515625
-0.72161865234375 -0.22845458984375 0.34320068359375 0.15313720703125
-0.7222900390625 -0.2562255859375 -0.151290893554688 -0.15478515625
-0.66107177734375 0.0330810546874999 -0.118331909179688 -0.0110321044921875
-0.52349853515625 0.452880859375 -0.0518417358398438 0.0744705200195313
-0.070556640625 0.560882568359375 -0.0113868713378906 0.0043134689331055
0.26861572265625 0.4464111328125 -0.0728607177734375 0.024444580078125
0.447662353515625 0.106781005859375 -0.0674400329589843 0.00381088256835938
0.437713623046875 -0.10888671875 -0.072723388671875 0.0381011962890625
0.450439453125 -0.068817138671875 -0.102859497070312 0.07098388671875
0.4681396484375 -0.131072998046875 -0.0981903076171875 0.0634613037109375
0.443450927734375 0.044525146484375 -0.15264892578125 0.00921630859374998
0.377716064453125 0.319244384765625 -0.174575805664062 -0.0436859130859375
0.08831787109375 0.533843994140625 -0.050872802734375 -0.153564453125
-0.44964599609375 0.456756591796875 0.101516723632812 -0.173233032226562
-0.62957763671875 0.16217041015625 0.163467407226562 0.00370788574218751
-0.7315673828125 -0.21588134765625 0.115921020507812 0.0701980590820313
-0.63134765625 -0.18505859375 -0.371612548828125 -0.24072265625
-0.567626953125 0.0640869140625 -0.269485473632813 -0.00436401367187495
-0.425262451171875 0.395538330078125 -0.0738067626953125 0.0698318481445313
-0.044708251953125 0.464599609375 -0.0502357482910156 -0.0419425964355468
0.21875 0.37030029296875 -0.147415161132813 -0.0353240966796875
0.369964599609375 0.101715087890625 -0.195907592773438 -0.0127105712890625
0.3671875 -0.07110595703125 -0.22052001953125 0.089141845703125
0.37890625 -0.040863037109375 -0.233688354492187 0.13116455078125
0.396453857421875 -0.085357666015625 -0.234405517578125 0.11993408203125
0.355987548828125 0.058837890625 -0.271484375 0.0211181640625
0.2911376953125 0.276031494140625 -0.246337890625 -0.0609436035156249
0.0481262207031251 0.4261474609375 -0.101287841796875 -0.167160034179687
-0.37957763671875 0.34613037109375 0.0554351806640625 -0.149124145507812
-0.5086669921875 0.116973876953125 0.0293006896972656 0.0457229614257813
-0.621337890625 -0.1785888671875 -0.101158142089844 -0.00528717041015627
-0.439178466796875 -0.08489990234375 -0.558319091796875 -0.2978515625
-0.37506103515625 0.083892822265625 -0.39935302734375 0.00228881835937498
-0.249847412109375 0.262451171875 -0.100090026855469 0.0652313232421875
-0.012237548828125 0.28350830078125 -0.0865249633789063 -0.0627593994140625
0.129867553710938 0.228363037109375 -0.191787719726562 -0.074249267578125
0.231460571289063 0.078277587890625 -0.285369873046875 -0.020965576171875
0.23773193359375 -0.024749755859375 -0.329437255859375 0.127410888671875
0.24945068359375 -0.0065155029296875 -0.329833984375 0.171966552734375
0.267166137695313 -0.0252532958984375 -0.3387451171875 0.15411376953125
0.219482421875 0.0670318603515625 -0.349639892578125 0.01800537109375
0.159896850585938 0.196090698242188 -0.275970458984375 -0.0857849121093749
-0.00630187988281248 0.260879516601563 -0.122360229492188 -0.17413330078125
-0.259384155273438 0.183609008789062 0.026763916015625 -0.119140625
-0.3182373046875 0.05218505859375 -0.076416015625 0.0688858032226563
-0.418365478515625 -0.119049072265625 -0.270339965820313 -0.0706329345703125
-0.175933837890625 0.022186279296875 -0.68231201171875 -0.31793212890625
-0.129447937011719 0.0849075317382813 -0.492889404296875 0.014373779296875
-0.0457000732421875 0.0927886962890625 -0.1248779296875 0.0713119506835938
0.0172805786132813 0.0672111511230469 -0.1085205078125 -0.0508499145507812
0.020538330078125 0.0578804016113281 -0.19915771484375 -0.086578369140625
0.0580787658691406 0.0453872680664063 -0.320220947265625 -0.0187072753906251
0.0717926025390625 0.0272445678710938 -0.3831787109375 0.147796630859375
0.0817413330078125 0.0276870727539063 -0.37554931640625 0.188079833984375
0.0989456176757813 0.035003662109375 -0.394622802734375 0.161712646484375
0.0588111877441406 0.0614509582519531 -0.378173828125 0.00250244140624994
0.0214385986328125 0.0891036987304688 -0.265518188476563 -0.113693237304687
-0.0397415161132813 0.0720977783203125 -0.118621826171875 -0.174819946289063
-0.100296020507813 0.02374267578125 0.0129470825195313 -0.0905990600585938
-0.0932464599609375 0.00195312499999999 -0.141311645507813 0.0683135986328125
-0.164535522460938 -0.0329742431640625 -0.36883544921875 -0.11737060546875
-0.126579284667969 -0.101234436035156 0.4246826171875 0.063385009765625
-0.132865905761719 -0.00373840332031249 0.20697021484375 -0.0754241943359375
-0.0899810791015625 0.112686157226563 -0.0339393615722656 0.0635032653808594
0.016571044921875 0.121513366699219 0.0761566162109375 0.167343139648438
0.108505249023438 0.0535659790039063 0.213516235351562 0.151870727539062
0.0957183837890625 -0.0496978759765625 0.340301513671875 0.0106201171875
0.074371337890625 -0.0910263061523438 0.370880126953125 -0.1800537109375
0.084686279296875 -0.0638198852539063 0.344268798828125 -0.19390869140625
0.0788116455078125 -0.083038330078125 0.36053466796875 -0.159820556640625
0.114288330078125 -0.0201873779296875 0.317535400390625 -0.02362060546875
0.098846435546875 0.069976806640625 0.187118530273438 0.0371856689453125
0.00726318359375 0.145263671875 0.14215087890625 0.00463867187500001
-0.116798400878906 0.0769805908203125 0.20355224609375 -0.07989501953125
-0.133865356445313 -0.00794219970703123 0.469146728515625 -0.07196044921875
-0.0892868041992188 -0.0876235961914062 0.70599365234375 0.31396484375
-0.3778076171875 -0.167236328125 0.373565673828125 0.0494384765625
-0.33697509765625 0.00521850585937501 0.196243286132812 -0.0594482421875
-0.255111694335937 0.246826171875 -0.0274848937988281 0.0631370544433594
-0.008056640625 0.292449951171875 0.059234619140625 0.141250610351563
0.19622802734375 0.195831298828125 0.162811279296875 0.152389526367188
0.248291015625 -0.019134521484375 0.287078857421875 0.02294921875
0.228118896484375 -0.13671875 0.3199462890625 -0.142181396484375
0.246139526367188 -0.096099853515625 0.2818603515625 -0.150909423828125
0.245941162109375 -0.133377075195313 0.29608154296875 -0.130340576171875
0.26885986328125 -0.004608154296875 0.2425537109375 -0.030059814453125
0.227264404296875 0.179443359375 0.122344970703125 0.014404296875
0.037628173828125 0.328125 0.121620178222656 -0.0425262451171875
-0.27581787109375 0.241607666015625 0.206085205078125 -0.126083374023438
-0.361846923828125 0.0547485351562501 0.4615478515625 -0.0836181640625
-0.36920166015625 -0.14837646484375 0.6636962890625 0.26788330078125
-0.57958984375 -0.21575927734375 0.249923706054687 0.00454711914062499
-0.51409912109375 0.01702880859375 0.1357421875 -0.0413589477539063
-0.396942138671875 0.36639404296875 -0.0221176147460938 0.0687904357910157
-0.0330810546875 0.44158935546875 0.0449447631835937 0.103439331054688
0.262115478515625 0.323089599609375 0.0988616943359375 0.129722595214844
0.371002197265625 0.020294189453125 0.195938110351563 0.025360107421875
0.3494873046875 -0.1591796875 0.220169067382813 -0.08892822265625
0.371368408203125 -0.113494873046875 0.17669677734375 -0.083953857421875
0.3751220703125 -0.168731689453125 0.188003540039063 -0.0773773193359375
0.387786865234375 0.001312255859375 0.128555297851563 -0.0248794555664063
0.33807373046875 0.255340576171875 0.0330047607421875 -0.00750350952148436
0.0848388671875 0.468017578125 0.076263427734375 -0.089935302734375
-0.3831787109375 0.394134521484375 0.1837158203125 -0.164764404296875
-0.53570556640625 0.1314697265625 0.4013671875 -0.081817626953125
-0.5958251953125 -0.177734375 0.53851318359375 0.20098876953125
-0.70611572265625 -0.2332763671875 0.0654869079589843 -0.064727783203125
-0.63043212890625 0.0403442382812499 0.027130126953125 -0.0234565734863281
-0.484466552734375 0.45721435546875 -0.024505615234375 0.0761947631835938
-0.042327880859375 0.54266357421875 0.024566650390625 0.0563430786132813
0.2996826171875 0.40814208984375 0.0202102661132813 0.0847015380859375
0.44219970703125 0.055419921875 0.0718765258789063 0.0178298950195313
0.417694091796875 -0.158050537109375 0.0834732055664063 -0.0258941650390625
0.440338134765625 -0.113555908203125 0.0442695617675782 -0.00453948974609376
0.44708251953125 -0.18017578125 0.0519866943359375 -0.00677871704101564
0.44769287109375 0.006744384765625 -0.00914859771728513 -0.00625705718994141
0.401947021484375 0.2919921875 -0.0717086791992187 -0.0215606689453125
0.123321533203125 0.53924560546875 0.0108871459960938 -0.126373291015625
-0.4288330078125 0.489471435546875 0.139022827148437 -0.182830810546875
-0.62493896484375 0.190185546875 0.293914794921875 -0.0537109375
-0.72723388671875 -0.18048095703125 0.3431396484375 0.131195068359375
-0.7259521484375 -0.20587158203125 -0.1546630859375 -0.144485473632812
-0.65087890625 0.07086181640625 -0.115287780761719 -0.00608062744140627
-0.486236572265625 0.482086181640625 -0.0382080078125 0.077880859375
-0.033294677734375 0.555084228515625 -0.0084834098815918 0.00412797927856449
0.295440673828125 0.419189453125 -0.0672607421875 0.0280303955078125
0.443206787109375 0.07708740234375 -0.0680122375488281 0.0065765380859375
0.41986083984375 -0.134185791015625 -0.07000732421875 0.0402488708496094
0.43988037109375 -0.096954345703125 -0.095123291015625 0.0766754150390625
0.449676513671875 -0.160980224609375 -0.092193603515625 0.0696640014648437
0.43597412109375 0.01666259765625 -0.148681640625 0.0196990966796875
0.390960693359375 0.2890625 -0.171951293945313 -0.030120849609375
0.12249755859375 0.521514892578125 -0.0582427978515625 -0.148330688476562
-0.41607666015625 0.480377197265625 0.0863037109375 -0.174972534179687
-0.6107177734375 0.1947021484375 0.161468505859375 -0.00453186035156249
-0.736328125 -0.166015625 0.11566162109375 0.0644607543945312
-0.6339111328125 -0.1436767578125 -0.3760986328125 -0.215118408203125
-0.556365966796875 0.0979614257812501 -0.264358520507813 0.010467529296875
-0.392547607421875 0.41790771484375 -0.061981201171875 0.0732421875
-0.015228271484375 0.459381103515625 -0.0495109558105469 -0.0389137268066406
0.2406005859375 0.34844970703125 -0.14404296875 -0.0255584716796875
0.369415283203125 0.0760498046875 -0.195892333984375 -0.00221252441406251
0.353271484375 -0.092559814453125 -0.212417602539062 0.100143432617188
0.371917724609375 -0.065185546875 -0.220672607421875 0.145950317382813
0.3818359375 -0.111175537109375 -0.222915649414062 0.13458251953125
0.352447509765625 0.03515625 -0.265716552734375 0.0384674072265625
0.302978515625 0.25048828125 -0.243576049804687 -0.0430908203125
0.075897216796875 0.417236328125 -0.108688354492187 -0.15777587890625
-0.353546142578125 0.368865966796875 0.043121337890625 -0.148483276367187
-0.495330810546875 0.144012451171875 0.0323982238769531 0.0447769165039063
-0.6268310546875 -0.13934326171875 -0.100234985351563 0.003631591796875
-0.4398193359375 -0.055877685546875 -0.5631103515625 -0.25927734375
-0.3656005859375 0.105194091796875 -0.3914794921875 0.0257568359375001
-0.230255126953125 0.27593994140625 -0.09033203125 0.06866455078125
0.00585937499999999 0.279953002929688 -0.0864486694335937 -0.056640625
0.14422607421875 0.215560913085938 -0.190277099609375 -0.0613250732421875
0.232513427734375 0.0625 -0.2847900390625 -0.00540161132812499
0.23046875 -0.0383148193359375 -0.318084716796875 0.145599365234375
0.246307373046875 -0.0233001708984375 -0.313079833984375 0.192596435546875
0.260406494140625 -0.0432586669921875 -0.322784423828125 0.176300048828125
0.219436645507813 0.05255126953125 -0.343017578125 0.0408325195312499
0.169158935546875 0.180740356445312 -0.274398803710938 -0.0674896240234375
0.0117645263671875 0.257278442382813 -0.12994384765625 -0.16259765625
-0.245285034179688 0.200424194335937 0.0174102783203125 -0.117202758789063
-0.3118896484375 0.0685119628906249 -0.0693283081054688 0.0743942260742188
-0.422210693359375 -0.0910339355468751 -0.268722534179688 -0.050323486328125
-0.173675537109375 0.031402587890625 -0.68560791015625 -0.2706298828125
-0.122520446777344 0.0900421142578125 -0.483184814453125 0.0439758300781249
-0.0406646728515625 0.0951309204101563 -0.116569519042969 0.0749893188476563
0.0204925537109375 0.0645523071289063 -0.107452392578125 -0.0427780151367188
0.0254745483398437 0.0563545227050781 -0.197891235351563 -0.0727996826171875
0.0614051818847656 0.0409393310546875 -0.318023681640625 -0.00106811523437497
0.0721282958984375 0.022674560546875 -0.37066650390625 0.16998291015625
0.0833282470703125 0.0211029052734375 -0.35809326171875 0.211151123046875
0.100730895996094 0.027069091796875 -0.377532958984375 0.1876220703125
0.0621185302734375 0.0563888549804688 -0.37225341796875 0.0263671874999999
0.0271835327148437 0.0849075317382813 -0.265838623046875 -0.0960998535156251
-0.0327606201171875 0.0742263793945313 -0.126388549804687 -0.162460327148438
-0.0984268188476562 0.0333633422851563 0.00654602050781249 -0.0887680053710938
-0.09381103515625 0.00786590576171873 -0.133033752441406 0.0770950317382812
-0.166946411132813 -0.02166748046875 -0.367889404296875 -0.09027099609375
-0.126861572265625 -0.09393310546875 0.4210205078125 0.046173095703125
-0.130905151367188 0.000747680664062492 0.2030029296875 -0.0836181640625
-0.0844802856445312 0.113967895507813 -0.0276336669921875 0.0647697448730469
0.0205764770507812 0.119499206542969 0.08038330078125 0.160812377929688
0.107292175292969 0.0477752685546875 0.2135009765625 0.141754150390625
0.08966064453125 -0.0513534545898437 0.337249755859375 -0.000488281250000003
0.0683670043945313 -0.0913314819335938 0.36016845703125 -0.1927490234375
0.0805587768554688 -0.0658645629882813 0.333709716796875 -0.2078857421875
0.0718994140625 -0.0835418701171875 0.3502197265625 -0.174560546875
0.110084533691406 -0.0244522094726563 0.314788818359375 -0.035614013671875
0.0995254516601562 0.065185546875 0.185516357421875 0.0313720703125
0.0129547119140625 0.142608642578125 0.139259338378906 -0.00260925292968749
-0.112327575683594 0.0783767700195312 0.196060180664063 -0.0877532958984375
-0.130706787109375 -0.00276184082031253 0.457733154296875 -0.0875244140625
-0.090484619140625 -0.0816497802734375 0.703857421875 0.28277587890625
-0.37701416015625 -0.148895263671875 0.370880126953125 0.033203125
-0.332000732421875 0.016876220703125 0.1923828125 -0.068878173828125
-0.240325927734375 0.253631591796875 -0.0193557739257813 0.0644416809082032
0.00286865234374998 0.28887939453125 0.0633392333984375 0.13543701171875
0.200057983398438 0.183990478515625 0.16455078125 0.1435546875
0.240447998046875 -0.027496337890625 0.284423828125 0.013916015625
0.216659545898438 -0.141586303710938 0.310791015625 -0.154815673828125
0.239532470703125 -0.104324340820312 0.273406982421875 -0.162368774414063
0.234603881835938 -0.140594482421875 0.287322998046875 -0.142608642578125
0.262802124023438 -0.01434326171875 0.240966796875 -0.039093017578125
0.229995727539063 0.16815185546875 0.121719360351563 0.0117645263671875
0.050445556640625 0.322601318359375 0.117912292480469 -0.048248291015625
-0.2642822265625 0.24859619140625 0.197052001953125 -0.131988525390625
-0.3536376953125 0.0663146972656251 0.449920654296875 -0.099822998046875
-0.3704833984375 -0.131744384765625 0.659423828125 0.23944091796875
-0.579345703125 -0.1893310546875 0.247329711914062 -0.00704956054687501
-0.506622314453125 0.034912109375 0.133468627929688 -0.049530029296875
-0.375823974609375 0.377532958984375 -0.0122184753417969 0.0700149536132813
-0.014923095703125 0.436920166015625 0.0488967895507813 0.0993423461914063
0.270294189453125 0.306976318359375 0.102241516113281 0.123291015625
0.3614501953125 0.00628662109375 0.193328857421875 0.0188140869140625
0.335052490234375 -0.168487548828125 0.213150024414063 -0.0987701416015625
0.362945556640625 -0.127593994140625 0.172332763671875 -0.091644287109375
0.359039306640625 -0.18072509765625 0.183364868164063 -0.085296630859375
0.38018798828125 -0.012939453125 0.128067016601563 -0.0297012329101563
0.342498779296875 0.23834228515625 0.0330429077148438 -0.00617980957031249
0.10211181640625 0.460296630859375 0.0724029541015625 -0.0932998657226562
-0.36541748046875 0.405120849609375 0.172561645507812 -0.168380737304687
-0.524078369140625 0.147552490234375 0.3912353515625 -0.094451904296875
-0.5966796875 -0.15350341796875 0.533203125 0.179718017578125
-0.70452880859375 -0.20001220703125 0.0647048950195312 -0.0679855346679688
-0.6239013671875 0.0622558593749999 0.0269012451171875 -0.0276317596435547
-0.456329345703125 0.4718017578125 -0.0132980346679688 0.0761947631835938
-0.019287109375 0.536834716796875 0.027557373046875 0.0534172058105469
0.312774658203125 0.387481689453125 0.0240859985351563 0.0820465087890625
0.434173583984375 0.037750244140625 0.0700492858886719 0.0155181884765625
0.402679443359375 -0.170654296875 0.0801925659179688 -0.0309677124023438
0.43157958984375 -0.130767822265625 0.0447959899902344 -0.00651550292968751
0.430023193359375 -0.195587158203125 0.0521621704101563 -0.00898361206054689
0.439422607421875 -0.011749267578125 -0.00743627548217771 -0.00552511215209961
0.40716552734375 0.27056884765625 -0.0700721740722656 -0.0161399841308594
0.144927978515625 0.527435302734375 0.00662231445312501 -0.126594543457031
-0.40570068359375 0.5032958984375 0.127655029296875 -0.183639526367187
-0.6114501953125 0.207763671875 0.286834716796875 -0.062164306640625
-0.72662353515625 -0.15130615234375 0.339569091796875 0.118377685546875
-0.7254638671875 -0.17718505859375 -0.1556396484375 -0.138519287109375
-0.64239501953125 0.09552001953125 -0.113876342773438 -0.00476837158203123
-0.459747314453125 0.49664306640625 -0.0275650024414063 0.0774383544921875
-0.010101318359375 0.549835205078125 -0.00625038146972656 0.00343465805053714
0.309661865234375 0.4005126953125 -0.0629539489746094 0.0295944213867188
0.4371337890625 0.057769775390625 -0.0691452026367187 0.00898742675781251
0.405120849609375 -0.148101806640625 -0.0689163208007812 0.0409278869628906
0.433441162109375 -0.1134033203125 -0.0896835327148437 0.079833984375
0.43304443359375 -0.17694091796875 -0.087188720703125 0.0733489990234375
0.427520751953125 -6.103515625E-05 -0.145217895507812 0.02606201171875
0.395355224609375 0.268035888671875 -0.168319702148437 -0.0215301513671875
0.142120361328125 0.509857177734375 -0.0614471435546875 -0.144577026367187
-0.393341064453125 0.49285888671875 0.0759124755859375 -0.173126220703125
-0.59710693359375 0.2139892578125 0.159347534179687 -0.00857543945312499
-0.73638916015625 -0.13580322265625 0.115280151367187 0.0615768432617187
-0.6322021484375 -0.1163330078125 -0.3768310546875 -0.199920654296875
-0.5482177734375 0.1158447265625 -0.260604858398438 0.0180664062500001
-0.37091064453125 0.42987060546875 -0.0529937744140625 0.073486328125
0.00344848632812499 0.45391845703125 -0.048187255859375 -0.0372238159179687
0.253204345703125 0.333892822265625 -0.140068054199219 -0.02020263671875
0.365936279296875 0.06182861328125 -0.196517944335937 0.00444030761718747
0.3426513671875 -0.103912353515625 -0.207916259765625 0.107284545898438
0.366119384765625 -0.080352783203125 -0.2110595703125 0.15411376953125
0.370330810546875 -0.124969482421875 -0.213790893554687 0.14385986328125
0.34686279296875 0.021728515625 -0.260421752929688 0.0500335693359375
0.30755615234375 0.233734130859375 -0.2398681640625 -0.032470703125
0.093658447265625 0.409393310546875 -0.111602783203125 -0.15185546875
-0.336639404296875 0.381195068359375 0.0348663330078125 -0.145721435546875
-0.485595703125 0.158599853515625 0.0353507995605468 0.0447921752929688
-0.62750244140625 -0.1126708984375 -0.0981597900390625 0.0097808837890625
-0.43719482421875 -0.0389404296875001 -0.5616455078125 -0.235504150390625
-0.3583984375 0.115875244140625 -0.3857421875 0.03900146484375
-0.2169189453125 0.283172607421875 -0.0832366943359375 0.0696792602539063
0.0158538818359375 0.275588989257813 -0.0847396850585938 -0.0531997680664062
0.152191162109375 0.20733642578125 -0.186874389648438 -0.0545654296875
0.232452392578125 0.0529632568359375 -0.284454345703125 0.00408935546874995
0.224853515625 -0.04693603515625 -0.3106689453125 0.15753173828125
0.2437744140625 -0.0339202880859375 -0.30096435546875 0.204864501953125
0.254379272460938 -0.0547637939453125 -0.31011962890625 0.189544677734375
0.2177734375 0.0433349609375 -0.337188720703125 0.0545654296875
0.1734619140625 0.170562744140625 -0.271255493164063 -0.05633544921875
0.02362060546875 0.254348754882813 -0.13330078125 -0.154327392578125
-0.234939575195313 0.211593627929687 0.0119552612304687 -0.114410400390625
-0.307220458984375 0.078582763671875 -0.0631637573242188 0.0773468017578125
-0.42413330078125 -0.074005126953125 -0.265167236328125 -0.037384033203125
-0.172332763671875 0.0360565185546875 -0.68316650390625 -0.24151611328125
-0.118003845214844 0.0931167602539063 -0.474853515625 0.0624084472656249
-0.0377120971679687 0.0960845947265625 -0.1119384765625 0.0753936767578125
0.0224342346191406 0.0622482299804688 -0.105316162109375 -0.0386199951171875
0.0288581848144531 0.0555000305175781 -0.194793701171875 -0.0656585693359375
0.0641517639160156 0.0389823913574219 -0.317230224609375 0.00878906250000002
0.072021484375 0.0193252563476563 -0.361846923828125 0.184661865234375
0.08416748046875 0.0172805786132813 -0.34552001953125 0.225677490234375
0.101676940917969 0.0209732055664063 -0.364166259765625 0.202911376953125
0.0636711120605469 0.0528335571289063 -0.36785888671875 0.0420837402343749
0.0309371948242188 0.0813446044921875 -0.264434814453125 -0.0848541259765624
-0.0278167724609375 0.0748977661132813 -0.130050659179688 -0.153366088867188
-0.0952301025390625 0.0402374267578125 0.00243377685546874 -0.087005615234375
-0.094268798828125 0.0116043090820312 -0.125900268554688 0.0827713012695313
-0.168212890625 -0.0142974853515625 -0.363616943359375 -0.073760986328125
-0.128105163574219 -0.0904541015625 0.425506591796875 0.035491943359375
-0.130638122558594 0.00395202636718749 0.202926635742188 -0.091949462890625
-0.0809707641601562 0.115493774414063 -0.0227699279785156 0.0653724670410156
0.0234146118164062 0.119514465332031 0.0838165283203125 0.158233642578125
0.107353210449219 0.044189453125 0.21600341796875 0.13763427734375
0.0862274169921875 -0.053131103515625 0.340972900390625 -0.00830078125
0.065093994140625 -0.0917892456054688 0.357696533203125 -0.20611572265625
0.0789871215820313 -0.0675582885742188 0.33087158203125 -0.221435546875
0.068023681640625 -0.0841064453125 0.34814453125 -0.18853759765625
0.108474731445312 -0.027252197265625 0.317840576171875 -0.045166015625
0.10137939453125 0.06243896484375 0.186813354492187 0.029083251953125
0.0174407958984375 0.1424560546875 0.138946533203125 -0.00792694091796874
-0.111846923828125 0.0810699462890625 0.192581176757812 -0.094757080078125
-0.129631042480469 0.000778198242187484 0.45343017578125 -0.09979248046875
-0.0927658081054688 -0.0783004760742188 0.70892333984375 0.26824951171875
-0.38043212890625 -0.138885498046875 0.37335205078125 0.022979736328125
-0.333892822265625 0.025482177734375 0.192489624023437 -0.0774383544921875
-0.233078002929687 0.261276245117188 -0.0126266479492188 0.0646858215332031
0.0106201171875 0.289276123046875 0.0674667358398438 0.133224487304688
0.20489501953125 0.177978515625 0.168609619140625 0.141021728515625
0.236846923828125 -0.033294677734375 0.287139892578125 0.008209228515625
0.212127685546875 -0.1466064453125 0.30828857421875 -0.16680908203125
0.238479614257812 -0.111557006835937 0.272552490234375 -0.17327880859375
0.229019165039063 -0.14569091796875 0.286468505859375 -0.154022216796875
0.26220703125 -0.0214080810546875 0.243927001953125 -0.046173095703125
0.235122680664063 0.162490844726563 0.123069763183594 0.011260986328125
0.06048583984375 0.323516845703125 0.117210388183594 -0.0537796020507812
-0.260986328125 0.258010864257812 0.19244384765625 -0.13848876953125
-0.352935791015625 0.074554443359375 0.447052001953125 -0.110748291015625
-0.376617431640625 -0.12158203125 0.663818359375 0.22528076171875
-0.58404541015625 -0.17327880859375 0.249984741210938 -0.0150909423828125
-0.509124755859375 0.047515869140625 0.13360595703125 -0.056640625
-0.364990234375 0.39068603515625 -0.00362396240234378 0.0696296691894532
-0.00378417968750002 0.438629150390625 0.0526123046875 0.0967864990234375
0.280364990234375 0.29888916015625 0.105987548828125 0.121604919433594
0.35968017578125 -0.002532958984375 0.195281982421875 0.0153350830078125
0.328826904296875 -0.1771240234375 0.211441040039063 -0.107269287109375
0.36370849609375 -0.139312744140625 0.17291259765625 -0.098602294921875
0.353729248046875 -0.191009521484375 0.183441162109375 -0.0929107666015625
0.37890625 -0.0223388671875 0.130546569824219 -0.0331344604492187
0.349151611328125 0.229766845703125 0.0345802307128907 -0.00493812561035155
0.117218017578125 0.46051025390625 0.0708999633789063 -0.097900390625
-0.357940673828125 0.4193115234375 0.16729736328125 -0.17279052734375
-0.523651123046875 0.15966796875 0.3892822265625 -0.103363037109375
-0.60687255859375 -0.13751220703125 0.53662109375 0.170074462890625
-0.7127685546875 -0.18182373046875 0.0649566650390625 -0.0718994140625
-0.62615966796875 0.0799560546874999 0.0262298583984375 -0.0314807891845703
-0.44488525390625 0.488677978515625 -0.00436401367187503 0.075164794921875
-0.00378417968749995 0.53997802734375 0.0304641723632812 0.0515670776367188
0.324951171875 0.379547119140625 0.0279388427734375 0.0821304321289063
0.43353271484375 0.026092529296875 0.0700759887695313 0.0147018432617188
0.3974609375 -0.18170166015625 0.07879638671875 -0.035400390625
0.432525634765625 -0.144805908203125 0.0468330383300782 -0.00874328613281251
0.423675537109375 -0.2088623046875 0.0536727905273438 -0.0113067626953125
0.439727783203125 -0.022613525390625 -0.00613307952880857 -0.00476932525634766
0.41461181640625 0.259918212890625 -0.0686531066894531 -0.0127716064453125
0.161468505859375 0.52789306640625 0.00498962402343752 -0.129661560058594
-0.396026611328125 0.520263671875 0.121749877929687 -0.185562133789062
-0.61053466796875 0.2220458984375 0.287017822265625 -0.069122314453125
-0.7396240234375 -0.13214111328125 0.34271240234375 0.11322021484375
-0.7330322265625 -0.15570068359375 -0.15777587890625 -0.136749267578125
-0.64697265625 0.112060546875 -0.114524841308594 -0.00373840332031251
-0.44677734375 0.51580810546875 -0.0196456909179688 0.0769119262695313
0.00485229492187499 0.552459716796875 -0.00415921211242676 0.00320720672607425
0.32366943359375 0.39276123046875 -0.059661865234375 0.0309486389160156
0.438446044921875 0.047454833984375 -0.0710296630859375 0.0113143920898438
0.4012451171875 -0.15838623046875 -0.0691261291503906 0.0422248840332031
0.43450927734375 -0.128387451171875 -0.0866317749023437 0.083160400390625
0.42822265625 -0.1904296875 -0.0835800170898437 0.0767440795898438
0.42840576171875 -0.01190185546875 -0.144149780273437 0.031341552734375
0.4034423828125 0.2578125 -0.167724609375 -0.0157470703124999
0.15924072265625 0.509765625 -0.0638580322265625 -0.14520263671875
-0.384002685546875 0.512298583984375 0.070465087890625 -0.173812866210937
-0.5955810546875 0.22894287109375 0.161102294921875 -0.0113983154296875
-0.74908447265625 -0.11749267578125 0.116165161132812 0.0618743896484375
-0.63763427734375 -0.10113525390625 -0.3812255859375 -0.191436767578125
-0.551422119140625 0.13214111328125 -0.261871337890625 0.0240936279296875
-0.360382080078125 0.44586181640625 -0.0470352172851563 0.0730667114257813
0.01593017578125 0.456787109375 -0.0468902587890625 -0.0362625122070312
0.26629638671875 0.328521728515625 -0.138336181640625 -0.0180587768554687
0.3680419921875 0.05267333984375 -0.199630737304687 0.00923156738281247
0.34051513671875 -0.11370849609375 -0.207138061523437 0.114166259765625
0.368988037109375 -0.091461181640625 -0.206756591796875 0.163238525390625
0.36834716796875 -0.13739013671875 -0.208786010742187 0.152236938476563
0.34857177734375 0.011932373046875 -0.260009765625 0.0589447021484375
0.31475830078125 0.225311279296875 -0.23968505859375 -0.025421142578125
0.10736083984375 0.409576416015625 -0.114486694335937 -0.14990234375
-0.32928466796875 0.39825439453125 0.0305023193359375 -0.145156860351562
-0.48553466796875 0.171173095703125 0.03857421875 0.0454139709472656
-0.63909912109375 -0.0947265625000001 -0.0976333618164063 0.0144882202148437
-0.442626953125 -0.02923583984375 -0.56768798828125 -0.2230224609375
-0.359893798828125 0.1259765625 -0.38714599609375 0.0496826171875
-0.211151123046875 0.293243408203125 -0.0799789428710938 0.0699920654296875
0.0230712890625 0.27728271484375 -0.0846633911132813 -0.0514678955078125
0.160888671875 0.205078125 -0.186309814453125 -0.0511932373046875
0.235824584960938 0.047332763671875 -0.288482666015625 0.00976562499999994
0.224594116210938 -0.053314208984375 -0.30975341796875 0.16888427734375
0.246917724609375 -0.0417022705078125 -0.29681396484375 0.217803955078125
0.25433349609375 -0.0630035400390625 -0.304534912109375 0.2017822265625
0.219512939453125 0.0372314453125 -0.337493896484375 0.0662536621093751
0.17828369140625 0.16534423828125 -0.272415161132812 -0.048797607421875
0.032501220703125 0.254806518554687 -0.1365966796875 -0.1514892578125
-0.22991943359375 0.222869873046875 0.00836181640624999 -0.112930297851563
-0.30865478515625 0.0864257812500001 -0.0588455200195313 0.0806961059570313
-0.4320068359375 -0.0618591308593749 -0.265487670898438 -0.0293121337890625
-0.17327880859375 0.0393524169921875 -0.6890869140625 -0.2259521484375
-0.117393493652344 0.0958480834960937 -0.475372314453125 0.076385498046875
-0.036834716796875 0.0988388061523438 -0.110862731933594 0.07720947265625
0.0231857299804687 0.0620307922363281 -0.10546875 -0.0363922119140625
0.0314826965332031 0.0559577941894531 -0.195404052734375 -0.063323974609375
0.067901611328125 0.0371589660644531 -0.32183837890625 0.0150146484374999
0.0741043090820313 0.0172805786132813 -0.36065673828125 0.19879150390625
0.0863037109375 0.0141830444335938 -0.34149169921875 0.240325927734375
0.103630065917969 0.0172653198242188 -0.359649658203125 0.21746826171875
0.0655670166015625 0.0510101318359375 -0.368804931640625 0.0548706054687499
0.0335617065429688 0.0805206298828125 -0.266372680664062 -0.078826904296875
-0.0242996215820313 0.0759735107421875 -0.133041381835938 -0.149490356445313
-0.0942153930664063 0.0462570190429687 0.000251770019531248 -0.0856399536132813
-0.0966415405273438 0.0149993896484375 -0.122238159179688 0.0873260498046875
-0.172500610351563 -0.00959777832031252 -0.364654541015625 -0.0648193359375
-0.133987426757813 -0.0877227783203125 0.438140869140625 0.020355224609375
-0.132308959960937 0.00830841064453125 0.205169677734375 -0.104934692382813
-0.0767669677734375 0.12042236328125 -0.0176277160644531 0.0671043395996094
0.0278549194335937 0.121788024902344 0.09124755859375 0.158493041992187
0.110328674316406 0.04071044921875 0.225051879882812 0.135330200195313
0.0840606689453125 -0.0562210083007813 0.351470947265625 -0.018768310546875
0.0622940063476562 -0.0946044921875 0.359771728515625 -0.22833251953125
0.0783309936523438 -0.0721282958984375 0.332977294921875 -0.24420166015625
0.065185546875 -0.0871429443359375 0.351409912109375 -0.210693359375
0.109443664550781 -0.0318984985351563 0.327789306640625 -0.059234619140625
0.106346130371094 0.0603103637695313 0.193206787109375 0.0254669189453125
0.024139404296875 0.146621704101563 0.141036987304687 -0.014495849609375
-0.112747192382813 0.0856246948242188 0.192428588867188 -0.106048583984375
-0.131309509277344 0.00572967529296873 0.458709716796875 -0.119293212890625
-0.0977325439453125 -0.0764007568359375 0.73211669921875 0.25042724609375
-0.39288330078125 -0.128662109375 0.38433837890625 0.00930786132812499
-0.341552734375 0.0379638671875 0.194915771484375 -0.0900115966796875
-0.227798461914063 0.276199340820313 -0.00545501708984377 0.0648841857910157
0.021392822265625 0.296722412109375 0.0735855102539063 0.132743835449219
0.215728759765625 0.173721313476562 0.177322387695313 0.14013671875
0.238739013671875 -0.041351318359375 0.2969970703125 -0.000183105468750003
0.210479736328125 -0.155746459960938 0.31048583984375 -0.185791015625
0.241790771484375 -0.12396240234375 0.275146484375 -0.191864013671875
0.227691650390625 -0.157180786132813 0.290374755859375 -0.17193603515625
0.2666015625 -0.0313568115234375 0.25177001953125 -0.057373046875
0.246780395507813 0.158355712890625 0.127815246582031 0.00986480712890626
0.0751953125 0.3311767578125 0.118209838867187 -0.061614990234375
-0.260086059570313 0.274993896484375 0.190567016601562 -0.148574829101562
-0.3602294921875 0.088043212890625 0.452056884765625 -0.1285400390625
-0.392364501953125 -0.110687255859375 0.68572998046875 0.21221923828125
-0.6033935546875 -0.1571044921875 0.257232666015625 -0.0255889892578125
-0.521697998046875 0.0669860839843749 0.135116577148437 -0.0664138793945312
-0.35894775390625 0.415008544921875 0.0046730041503906 0.0692062377929688
0.013153076171875 0.449859619140625 0.0581893920898438 0.0965805053710938
0.29840087890625 0.294647216796875 0.11370849609375 0.121170043945313
0.365447998046875 -0.014190673828125 0.201446533203125 0.0099334716796875
0.329254150390625 -0.192108154296875 0.212738037109375 -0.12109375
0.36993408203125 -0.158477783203125 0.175552368164063 -0.110321044921875
0.35418701171875 -0.20794677734375 0.187149047851563 -0.10504150390625
0.386444091796875 -0.037017822265625 0.134834289550781 -0.0397109985351562
0.366455078125 0.22357177734375 0.0373687744140625 -0.00400543212890624
0.13848876953125 0.4703369140625 0.070068359375 -0.105674743652344
-0.353973388671875 0.447296142578125 0.16387939453125 -0.181716918945312
-0.53399658203125 0.17987060546875 0.394073486328125 -0.11883544921875
-0.63134765625 -0.11883544921875 0.554443359375 0.160064697265625
-0.7354736328125 -0.16204833984375 0.0656967163085937 -0.0777587890625
-0.6429443359375 0.10540771484375 0.0257186889648437 -0.0367088317871094
-0.436737060546875 0.518341064453125 0.00421905517578123 0.07513427734375
0.014923095703125 0.55364990234375 0.0348625183105469 0.0511741638183594
0.34954833984375 0.37725830078125 0.0332412719726563 0.0828475952148438
0.44329833984375 0.013031005859375 0.0722732543945313 0.013397216796875
0.3990478515625 -0.198699951171875 0.0785903930664063 -0.0412826538085938
0.441802978515625 -0.16705322265625 0.0494155883789063 -0.0117874145507813
0.426361083984375 -0.228759765625 0.0568733215332032 -0.0143661499023438
0.44805908203125 -0.0391845703125 -0.00480937957763669 -0.00514030456542969
0.435272216796875 0.2520751953125 -0.0685615539550781 -0.00885391235351559
0.1864013671875 0.538055419921875 0.00171661376953128 -0.135635375976563
-0.388092041015625 0.553680419921875 0.117385864257812 -0.192214965820313
-0.62152099609375 0.24774169921875 0.292510986328125 -0.079254150390625
-0.76849365234375 -0.10791015625 0.353607177734375 0.107757568359375
-0.75775146484375 -0.13348388671875 -0.164337158203125 -0.1357421875
-0.66363525390625 0.1397705078125 -0.118316650390625 -0.00177001953124998
-0.439178466796875 0.54827880859375 -0.0121307373046875 0.0773391723632813
0.0256958007812501 0.567138671875 -0.0024113655090332 0.00263094902038578
0.349761962890625 0.39013671875 -0.0579795837402343 0.0328941345214844
0.45037841796875 0.033172607421875 -0.0739288330078125 0.014190673828125
0.404144287109375 -0.177459716796875 -0.0706710815429687 0.045166015625
0.44525146484375 -0.150604248046875 -0.08416748046875 0.0892333984375
0.432220458984375 -0.211334228515625 -0.0805282592773437 0.0822219848632812
0.437591552734375 -0.02728271484375 -0.145355224609375 0.0382843017578125
0.424407958984375 0.248199462890625 -0.169586181640625 -0.00859069824218748
0.1842041015625 0.518218994140625 -0.0688323974609375 -0.14898681640625
-0.374542236328125 0.544342041015625 0.066070556640625 -0.177566528320312
-0.60552978515625 0.253662109375 0.166122436523437 -0.015716552734375
-0.77801513671875 -0.09320068359375 0.122230529785156 0.0612564086914063
-0.65948486328125 -0.08294677734375 -0.395965576171875 -0.183990478515625
-0.5654296875 0.15350341796875 -0.268783569335938 0.033233642578125
-0.354888916015625 0.47308349609375 -0.0422897338867188 0.0750808715820313
0.033416748046875 0.468719482421875 -0.0478401184082031 -0.0353279113769531
0.287811279296875 0.327850341796875 -0.140449523925781 -0.015411376953125
0.3800048828125 0.041168212890625 -0.207427978515625 0.016815185546875
0.344940185546875 -0.12896728515625 -0.209915161132813 0.125106811523437
0.37872314453125 -0.110626220703125 -0.204513549804687 0.176971435546875
0.373565673828125 -0.15557861328125 -0.206634521484375 0.165786743164063
0.356903076171875 0.000457763671875 -0.263809204101562 0.071044921875
0.330108642578125 0.219085693359375 -0.244583129882812 -0.0176239013671875
0.12640380859375 0.416259765625 -0.121246337890625 -0.151153564453125
-0.322357177734375 0.42413330078125 0.0262908935546875 -0.146682739257812
-0.49615478515625 0.19134521484375 0.0433197021484375 0.0467453002929688
-0.662109375 -0.0731811523437501 -0.0985641479492188 0.01959228515625
-0.4564208984375 -0.015594482421875 -0.58917236328125 -0.2099609375
-0.368438720703125 0.14080810546875 -0.397003173828125 0.065216064453125
-0.207489013671875 0.310943603515625 -0.078399658203125 0.0731353759765625
0.03326416015625 0.284149169921875 -0.087005615234375 -0.0497817993164062
0.175689697265625 0.204971313476562 -0.191238403320313 -0.048583984375
0.245208740234375 0.0403594970703125 -0.29913330078125 0.020172119140625
0.228317260742187 -0.0626983642578125 -0.313751220703125 0.186431884765625
0.25439453125 -0.054351806640625 -0.29608154296875 0.2381591796875
0.259567260742188 -0.074615478515625 -0.303680419921875 0.2210693359375
0.226242065429688 0.030670166015625 -0.3433837890625 0.081939697265625
0.188995361328125 0.163177490234375 -0.279312133789063 -0.0406646728515625
0.0445098876953125 0.260513305664063 -0.144271850585937 -0.150787353515625
-0.228042602539063 0.24200439453125 0.00485992431640624 -0.114181518554688
-0.316619873046875 0.0996398925781249 -0.0548629760742188 0.0856857299804688
-0.449127197265625 -0.04693603515625 -0.271347045898438 -0.0211181640625001
-0.1788330078125 0.0456085205078125 -0.7127685546875 -0.2093505859375
-0.118453979492187 0.100959777832031 -0.48638916015625 0.09613037109375
-0.0365219116210938 0.103553771972656 -0.112228393554687 0.0828781127929688
0.024932861328125 0.0637893676757813 -0.108558654785156 -0.0327911376953125
0.0369300842285156 0.0578193664550781 -0.20147705078125 -0.0605010986328125
0.0726089477539063 0.03570556640625 -0.33343505859375 0.025238037109375
0.0772705078125 0.0146713256835938 -0.36419677734375 0.22076416015625
0.0912017822265625 0.0107421875 -0.341796875 0.2635498046875
0.108444213867188 0.0126266479492188 -0.359619140625 0.239593505859375
0.0699234008789063 0.0504264831542969 -0.377410888671875 0.071746826171875
0.0377349853515625 0.0802841186523438 -0.275253295898438 -0.0721740722656249
-0.0209732055664062 0.07867431640625 -0.140792846679688 -0.147857666015625
-0.0947341918945312 0.0538406372070312 -0.0023651123046875 -0.0855026245117188
-0.100852966308594 0.0197525024414062 -0.119232177734375 0.094940185546875
-0.179031372070313 -0.0026702880859375 -0.374542236328125 -0.054107666015625
-0.141250610351563 -0.0816650390625 0.45233154296875 -0.00463867187500001
-0.134353637695313 0.0161819458007812 0.20538330078125 -0.12396240234375
-0.070159912109375 0.127212524414063 -0.0115127563476563 0.0673065185546875
0.0363922119140625 0.123275756835938 0.102340698242188 0.1556396484375
0.113441467285156 0.0346450805664063 0.239410400390625 0.128341674804688
0.081146240234375 -0.0617599487304688 0.364501953125 -0.03875732421875
0.0579299926757813 -0.0994415283203125 0.356781005859375 -0.259521484375
0.076751708984375 -0.0789566040039063 0.328521728515625 -0.2762451171875
0.0600128173828125 -0.0921630859375 0.34991455078125 -0.242645263671875
0.109207153320313 -0.0394210815429688 0.33770751953125 -0.083038330078125
0.112266540527344 0.05584716796875 0.201095581054688 0.0174407958984375
0.0342864990234375 0.149505615234375 0.14288330078125 -0.0247344970703125
-0.112106323242188 0.0955276489257812 0.189239501953125 -0.121002197265625
-0.132980346679688 0.0133056640625 0.4625244140625 -0.14752197265625
-0.104843139648438 -0.0713653564453125 0.76434326171875 0.220458984375
-0.411346435546875 -0.10992431640625 0.397247314453125 -0.01409912109375
-0.34814453125 0.0584716796874999 0.195358276367187 -0.107818603515625
-0.2164306640625 0.296905517578125 0.00270462036132812 0.0642318725585938
0.03912353515625 0.303314208984375 0.0839004516601563 0.130516052246094
0.231643676757813 0.164703369140625 0.191131591796875 0.135101318359375
0.240585327148438 -0.05499267578125 0.308929443359375 -0.017181396484375
0.20599365234375 -0.17144775390625 0.308319091796875 -0.213104248046875
0.243316650390625 -0.143646240234375 0.272567749023438 -0.219131469726563
0.224502563476562 -0.17364501953125 0.28997802734375 -0.199005126953125
0.271347045898437 -0.0475311279296875 0.258331298828125 -0.0758209228515625
0.263504028320313 0.148849487304688 0.134300231933594 0.00511169433593751
0.098114013671875 0.337249755859375 0.116989135742187 -0.0726547241210937
-0.2520751953125 0.301605224609375 0.185440063476562 -0.163970947265625
-0.365234375 0.1099853515625 0.45672607421875 -0.157562255859375
-0.411834716796875 -0.0890502929687501 0.7158203125 0.1817626953125
-0.6302490234375 -0.12640380859375 0.264480590820312 -0.0424957275390625
-0.5328369140625 0.0998229980468751 0.134498596191406 -0.0799560546875
-0.342864990234375 0.447662353515625 0.0142936706542968 0.0672035217285156
0.04034423828125 0.46099853515625 0.0665283203125 0.0940399169921875
0.32421875 0.28338623046875 0.125099182128906 0.119224548339844
0.373291015625 -0.035430908203125 0.210159301757813 -0.000717163085937502
0.3260498046875 -0.21563720703125 0.210296630859375 -0.140457153320313
0.374420166015625 -0.187530517578125 0.175796508789063 -0.128250122070313
0.35223388671875 -0.23480224609375 0.188735961914063 -0.122467041015625
0.394500732421875 -0.060394287109375 0.13873291015625 -0.0499038696289063
0.391448974609375 0.207977294921875 0.0408973693847656 -0.00380706787109374
0.1732177734375 0.477447509765625 0.0659866333007813 -0.115989685058594
-0.33758544921875 0.485504150390625 0.15740966796875 -0.194717407226562
-0.540740966796875 0.215667724609375 0.398590087890625 -0.14385986328125
-0.6585693359375 -0.0828247070312499 0.577392578125 0.13641357421875
-0.76654052734375 -0.12457275390625 0.0643234252929687 -0.08538818359375
-0.65618896484375 0.14605712890625 0.0235633850097656 -0.0415725708007812
-0.4176025390625 0.56268310546875 0.014251708984375 0.0731887817382813
0.0491943359375 0.569580078125 0.0410270690917969 0.0491104125976563
0.382720947265625 0.364715576171875 0.0406875610351563 0.0831451416015625
0.455810546875 -0.0123291015625 0.0755844116210938 0.010528564453125
0.3978271484375 -0.2271728515625 0.0770034790039063 -0.0491180419921875
0.448516845703125 -0.202392578125 0.0524787902832031 -0.0172920227050781
0.425537109375 -0.261749267578125 0.0609321594238281 -0.0208511352539063
0.458465576171875 -0.0662841796875 -0.00372123718261716 -0.00511360168457032
0.46380615234375 0.23370361328125 -0.0681266784667968 -0.00350570678710936
0.226806640625 0.544891357421875 -0.00617980957031247 -0.14373779296875
-0.368408203125 0.59808349609375 0.109649658203125 -0.20257568359375
-0.62738037109375 0.28985595703125 0.296905517578125 -0.097076416015625
-0.8009033203125 -0.06439208984375 0.370086669921875 0.093505859375
-0.7874755859375 -0.0963134765625 -0.175338745117188 -0.131698608398437
-0.67730712890625 0.18328857421875 -0.123001098632813 0.00327301025390629
-0.41717529296875 0.59375 -0.00345611572265628 0.0778732299804688
0.0604248046875 0.58172607421875 0.000507473945617679 0.00170755386352543
0.386383056640625 0.3797607421875 -0.0557594299316406 0.0366058349609375
0.46588134765625 0.008331298828125 -0.0761642456054687 0.019866943359375
0.405517578125 -0.205291748046875 -0.0719451904296875 0.0496063232421875
0.453887939453125 -0.185546875 -0.0791168212890625 0.0968856811523438
0.43194580078125 -0.245208740234375 -0.07501220703125 0.0889892578125
0.44854736328125 -0.053680419921875 -0.146621704101562 0.04791259765625
0.4495849609375 0.230987548828125 -0.1724853515625 0.00134277343750001
0.222564697265625 0.5224609375 -0.07916259765625 -0.152252197265625
-0.3514404296875 0.5888671875 0.05828857421875 -0.184478759765625
-0.60992431640625 0.2939453125 0.171798706054687 -0.0250091552734375
-0.80865478515625 -0.0467529296874998 0.130332946777344 0.0585250854492188
-0.6856689453125 -0.0495605468750001 -0.415771484375 -0.167633056640625
-0.57562255859375 0.19317626953125 -0.275955200195313 0.0496063232421875
-0.337432861328125 0.512115478515625 -0.0365753173828125 0.0771865844726563
0.0611572265625 0.482391357421875 -0.0491561889648437 -0.0338516235351562
0.319488525390625 0.320037841796875 -0.143081665039063 -0.00929260253906245
0.39459228515625 0.02020263671875 -0.215576171875 0.029205322265625
0.346466064453125 -0.152801513671875 -0.21075439453125 0.142471313476563
0.38690185546875 -0.14093017578125 -0.1983642578125 0.196517944335938
0.376220703125 -0.184539794921875 -0.198944091796875 0.184967041015625
0.366912841796875 -0.02008056640625 -0.267379760742188 0.090118408203125
0.353759765625 0.2049560546875 -0.250442504882813 -0.00378417968750002
0.15582275390625 0.422271728515625 -0.132568359375 -0.151031494140625
-0.30523681640625 0.461273193359375 0.0196990966796875 -0.14990234375
-0.50128173828125 0.22576904296875 0.050567626953125 0.04656982421875
-0.68841552734375 -0.0345458984374999 -0.098114013671875 0.0264434814453125
-0.472747802734375 0.0084838867187501 -0.61590576171875 -0.183349609375
-0.37298583984375 0.16656494140625 -0.405975341796875 0.09130859375
-0.197357177734375 0.33551025390625 -0.0760879516601563 0.079193115234375
0.0504150390625 0.29193115234375 -0.0908737182617188 -0.0453109741210937
0.195892333984375 0.201156616210937 -0.198440551757813 -0.0410614013671875
0.256134033203125 0.0273590087890625 -0.31103515625 0.03875732421875
0.231536865234375 -0.078338623046875 -0.31243896484375 0.212860107421875
0.261566162109375 -0.0740509033203125 -0.287994384765625 0.26611328125
0.264572143554688 -0.0944976806640625 -0.29669189453125 0.24884033203125
0.235076904296875 0.01904296875 -0.349578857421875 0.106689453125
0.2044677734375 0.155807495117188 -0.288116455078125 -0.026580810546875
0.0622100830078125 0.265762329101562 -0.155975341796875 -0.147369384765625
-0.218048095703125 0.265396118164062 -0.000526428222656253 -0.115028381347656
-0.32183837890625 0.121826171875 -0.0474166870117188 0.0922012329101563
-0.467254638671875 -0.0201721191406251 -0.277481079101563 -0.00596618652343755
-0.183670043945313 0.0544281005859375 -0.74322509765625 -0.1737060546875
-0.117530822753906 0.109718322753906 -0.495086669921875 0.129364013671875
-0.033447265625 0.1109619140625 -0.112350463867188 0.0920333862304688
0.0277595520019531 0.0651512145996094 -0.111656188964844 -0.02728271484375
0.0428504943847656 0.0578727722167969 -0.210769653320313 -0.053314208984375
0.0794906616210938 0.0319900512695313 -0.34698486328125 0.0461730957031251
0.0807876586914063 0.009735107421875 -0.363006591796875 0.25311279296875
0.0957183837890625 0.00437164306640625 -0.33465576171875 0.2967529296875
0.114219665527344 0.00453948974609375 -0.354217529296875 0.2725830078125
0.0761947631835937 0.0480575561523438 -0.38446044921875 0.097930908203125
0.0439605712890625 0.08001708984375 -0.287353515625 -0.060089111328125
-0.016082763671875 0.0823516845703125 -0.152740478515625 -0.14306640625
-0.0927963256835938 0.063720703125 -0.00579833984375001 -0.0867385864257813
-0.104034423828125 0.027587890625 -0.114105224609375 0.105758666992188
-0.186431884765625 0.008148193359375 -0.3857421875 -0.035125732421875
-0.147842407226563 -0.0706024169921875 0.457611083984375 -0.0382080078125
-0.132545471191406 0.02569580078125 0.196975708007813 -0.144210815429688
-0.0604782104492187 0.131645202636719 -0.00420761108398438 0.0659942626953125
0.0459518432617187 0.121017456054688 0.114730834960937 0.147811889648438
0.116111755371094 0.0255279541015625 0.253158569335937 0.11297607421875
0.0755844116210938 -0.0677566528320313 0.36907958984375 -0.067657470703125
0.0510101318359375 -0.103469848632813 0.34051513671875 -0.2940673828125
0.0715103149414063 -0.08502197265625 0.309173583984375 -0.310699462890625
0.0525283813476563 -0.0959854125976563 0.335479736328125 -0.278045654296875
0.105888366699219 -0.0488967895507813 0.3375244140625 -0.11260986328125
0.11871337890625 0.0474777221679688 0.206390380859375 0.004486083984375
0.0482330322265625 0.147933959960937 0.140579223632813 -0.0370025634765625
-0.106590270996094 0.105491638183594 0.17877197265625 -0.13775634765625
-0.131507873535156 0.0233154296875 0.453582763671875 -0.18408203125
-0.111351013183594 -0.0627365112304687 0.7872314453125 0.168701171875
-0.423431396484375 -0.078399658203125 0.40087890625 -0.044677734375
-0.3466796875 0.08612060546875 0.187362670898438 -0.127777099609375
-0.19390869140625 0.316925048828125 0.0105018615722656 0.0607872009277344
0.06341552734375 0.302703857421875 0.095062255859375 0.1236572265625
0.246063232421875 0.146942138671875 0.204971313476563 0.123428344726563
0.237091064453125 -0.0729522705078125 0.314544677734375 -0.040985107421875
0.194564819335937 -0.188003540039062 0.293609619140625 -0.243377685546875
0.236419677734375 -0.166046142578125 0.25823974609375 -0.248504638671875
0.213043212890625 -0.193008422851563 0.279327392578125 -0.230331420898438
0.269989013671875 -0.0695343017578125 0.258102416992188 -0.0987091064453125
0.278350830078125 0.13067626953125 0.139152526855469 -0.00338745117187499
0.12847900390625 0.334625244140625 0.111175537109375 -0.0851669311523438
-0.2327880859375 0.32684326171875 0.173538208007812 -0.179656982421875
-0.361083984375 0.138580322265625 0.448486328125 -0.1927490234375
-0.42437744140625 -0.05731201171875 0.73614501953125 0.133544921875
-0.64697265625 -0.0808105468749999 0.264236450195312 -0.0653228759765625
-0.53118896484375 0.1434326171875 0.128242492675781 -0.09503173828125
-0.30859375 0.480926513671875 0.0236968994140625 0.0624771118164063
0.076873779296875 0.462677001953125 0.0756454467773438 0.0880050659179688
0.35174560546875 0.260009765625 0.137535095214844 0.111404418945313
0.37274169921875 -0.0631103515625 0.214828491210938 -0.016693115234375
0.312286376953125 -0.242156982421875 0.200973510742188 -0.160552978515625
0.366455078125 -0.22308349609375 0.168594360351563 -0.147445678710938
0.337066650390625 -0.265350341796875 0.183151245117188 -0.143722534179688
0.394500732421875 -0.091766357421875 0.138633728027344 -0.0628890991210938
0.412139892578125 0.181182861328125 0.0440826416015625 -0.00565338134765624
0.214263916015625 0.471527099609375 0.0562667846679688 -0.126358032226562
-0.304779052734375 0.521759033203125 0.143417358398437 -0.208526611328125
-0.53070068359375 0.258544921875 0.391815185546875 -0.1739501953125
-0.67449951171875 -0.0304565429687501 0.59515380859375 0.09686279296875
-0.78472900390625 -0.0691528320312499 0.0588989257812499 -0.0933074951171875
-0.65496826171875 0.20123291015625 0.0191459655761718 -0.0468559265136719
-0.37579345703125 0.60400390625 0.0241165161132812 0.0692520141601563
0.0941162109375 0.5704345703125 0.0476417541503906 0.0451126098632813
0.419677734375 0.337982177734375 0.049774169921875 0.0807571411132813
0.45867919921875 -0.046783447265625 0.0783538818359375 0.00543975830078125
0.383941650390625 -0.260406494140625 0.0723342895507813 -0.05718994140625
0.440765380859375 -0.245269775390625 0.0535736083984375 -0.0239334106445313
0.410186767578125 -0.299713134765625 0.0623741149902344 -0.0293083190917969
0.4581298828125 -0.10174560546875 -0.00285148620605466 -0.00580358505249024
0.4871826171875 0.200408935546875 -0.066070556640625 0.00298690795898439
0.2744140625 0.534912109375 -0.0178680419921875 -0.148590087890625
-0.32489013671875 0.6380615234375 0.09613037109375 -0.211257934570312
-0.61383056640625 0.3427734375 0.293426513671875 -0.11920166015625
-0.81695556640625 0.000122070312500173 0.382843017578125 0.069305419921875
-0.808349609375 -0.0377197265625001 -0.186538696289063 -0.12164306640625
-0.67474365234375 0.2388916015625 -0.125617980957031 0.0118408203125
-0.37451171875 0.63739013671875 0.00588989257812498 0.0757064819335938
0.1064453125 0.58551025390625 0.00348925590515137 0.00108504295349125
0.424652099609375 0.35260009765625 -0.0516815185546875 0.0404205322265625
0.471466064453125 -0.026824951171875 -0.0764999389648437 0.0272064208984375
0.39373779296875 -0.238555908203125 -0.07135009765625 0.0565338134765625
0.447479248046875 -0.229644775390625 -0.0699844360351562 0.1038818359375
0.418548583984375 -0.2838134765625 -0.0659408569335937 0.0936279296875
0.448760986328125 -0.08892822265625 -0.14373779296875 0.060333251953125
0.473785400390625 0.198577880859375 -0.17205810546875 0.01495361328125
0.26727294921875 0.514190673828125 -0.092132568359375 -0.151947021484375
-0.31024169921875 0.62921142578125 0.0463104248046875 -0.188934326171875
-0.59747314453125 0.3460693359375 0.174667358398437 -0.037017822265625
-0.825927734375 0.017822265625 0.137519836425781 0.050384521484375
-0.7010498046875 0.00201416015624986 -0.43218994140625 -0.1397705078125
-0.5693359375 0.23974609375 -0.277053833007813 0.0714874267578125
-0.30206298828125 0.550567626953125 -0.0285491943359375 0.0792236328125
0.098663330078125 0.484130859375 -0.0485076904296875 -0.0309219360351562
0.35211181640625 0.297119140625 -0.144088745117187 0.000488281250000025
0.40167236328125 -0.010223388671875 -0.21844482421875 0.0478515625
0.3388671875 -0.181182861328125 -0.204147338867188 0.16253662109375
0.38311767578125 -0.1783447265625 -0.18255615234375 0.216262817382813
0.36798095703125 -0.21954345703125 -0.18359375 0.202972412109375
0.370269775390625 -0.048980712890625 -0.263015747070313 0.113677978515625
0.37445068359375 0.18017578125 -0.251449584960938 0.015350341796875
0.19281005859375 0.415435791015625 -0.14569091796875 -0.144729614257813
-0.271392822265625 0.49664306640625 0.010345458984375 -0.151275634765625
-0.491485595703125 0.268402099609375 0.0582656860351562 0.043731689453125
-0.702392578125 0.0208129882812499 -0.0949478149414063 0.0339202880859375
-0.48101806640625 0.0419006347656251 -0.635009765625 -0.14080810546875
-0.367584228515625 0.198028564453125 -0.40460205078125 0.124786376953125
-0.17401123046875 0.358917236328125 -0.0697479248046875 0.0851974487304688
0.0726318359375 0.293792724609375 -0.0919647216796875 -0.0384750366210937
0.21722412109375 0.187149047851563 -0.202880859375 -0.0281829833984375
0.263198852539063 0.0071258544921875 -0.316802978515625 0.063812255859375
0.228958129882812 -0.096435546875 -0.300567626953125 0.2437744140625
0.260955810546875 -0.0991668701171875 -0.26812744140625 0.295501708984375
0.261306762695313 -0.119964599609375 -0.27752685546875 0.277557373046875
0.240325927734375 0.0012359619140625 -0.345550537109375 0.138031005859375
0.218795776367188 0.141098022460938 -0.292724609375 -0.00555419921875005
0.0852813720703125 0.264373779296875 -0.168075561523438 -0.138015747070312
-0.1988525390625 0.289794921875 -0.00740814208984376 -0.114814758300781
-0.318023681640625 0.148529052734375 -0.037139892578125 0.0970535278320313
-0.476837158203125 0.016387939453125 -0.279830932617188 0.013702392578125
-0.184402465820312 0.0673065185546875 -0.76318359375 -0.12103271484375
-0.112464904785156 0.119674682617187 -0.49139404296875 0.17120361328125
-0.0271530151367188 0.11773681640625 -0.107452392578125 0.102058410644531
0.0324897766113281 0.0657691955566406 -0.11285400390625 -0.0183181762695313
0.0503616333007813 0.0551300048828125 -0.216812133789063 -0.040283203125
0.0845108032226562 0.02557373046875 -0.352569580078125 0.07391357421875
0.0831375122070313 0.0036163330078125 -0.347686767578125 0.288177490234375
0.0985183715820313 -0.005706787109375 -0.313446044921875 0.331085205078125
0.116950988769531 -0.0068817138671875 -0.33428955078125 0.307098388671875
0.0818939208984375 0.0427398681640625 -0.382080078125 0.13262939453125
0.0511932373046875 0.0774002075195312 -0.295074462890625 -0.039459228515625
-0.00872802734375001 0.0848846435546875 -0.164657592773438 -0.132781982421875
-0.087554931640625 0.0741043090820313 -0.0111770629882813 -0.0858001708984375
-0.104408264160156 0.03631591796875 -0.103607177734375 0.115127563476563
-0.19000244140625 0.0225830078125 -0.391265869140625 -0.00866699218749993
-0.149215698242188 -0.0572967529296875 0.448577880859375 -0.071624755859375
-0.126762390136719 0.03387451171875 0.181869506835937 -0.159698486328125
-0.0494155883789063 0.131607055664063 0.00156784057617188 0.061767578125
0.05401611328125 0.115592956542969 0.122360229492188 0.136009216308594
0.114234924316406 0.0160751342773438 0.259490966796875 0.0943145751953125
0.067474365234375 -0.0713424682617188 0.362884521484375 -0.096160888671875
0.0427093505859375 -0.105140686035156 0.312713623046875 -0.319366455078125
0.0650253295898438 -0.0895538330078125 0.27960205078125 -0.335601806640625
0.0443954467773438 -0.0962982177734375 0.309661865234375 -0.3048095703125
0.0993194580078125 -0.056121826171875 0.326812744140625 -0.13934326171875
0.120559692382813 0.0374908447265625 0.206527709960938 -0.009246826171875
0.0601959228515625 0.141937255859375 0.133865356445313 -0.0475616455078125
-0.0973739624023438 0.112869262695313 0.162857055664063 -0.14959716796875
-0.125991821289063 0.0320892333984375 0.43133544921875 -0.21240234375
-0.113052368164063 -0.0523452758789062 0.7857666015625 0.113037109375
-0.421630859375 -0.0454406738281251 0.39093017578125 -0.07373046875
-0.334259033203125 0.110107421875 0.173126220703125 -0.142807006835937
-0.16668701171875 0.324951171875 0.0168800354003906 0.0547065734863281
0.0845947265625 0.2926025390625 0.102470397949219 0.112937927246094
0.252914428710938 0.125564575195313 0.21282958984375 0.10748291015625
0.226531982421875 -0.0885772705078125 0.310455322265625 -0.0648193359375
0.178268432617188 -0.198806762695313 0.27099609375 -0.26422119140625
0.22259521484375 -0.184326171875 0.23492431640625 -0.26953125
0.19464111328125 -0.205780029296875 0.257568359375 -0.253768920898438
0.259994506835938 -0.0886993408203125 0.249252319335938 -0.119232177734375
0.28558349609375 0.10760498046875 0.139450073242188 -0.0119094848632812
0.154022216796875 0.32098388671875 0.101425170898438 -0.0943756103515625
-0.204681396484375 0.34222412109375 0.155624389648437 -0.189254760742187
-0.34576416015625 0.16351318359375 0.427581787109375 -0.22198486328125
-0.423126220703125 -0.022308349609375 0.73333740234375 0.08001708984375
-0.6422119140625 -0.0319213867187499 0.255722045898437 -0.0845489501953125
-0.5135498046875 0.18121337890625 0.116867065429687 -0.105720520019531
-0.2669677734375 0.498382568359375 0.0304756164550781 0.0550498962402344
0.10968017578125 0.44976806640625 0.0815658569335938 0.0789718627929688
0.365875244140625 0.228515625 0.14569091796875 0.100082397460938
0.361907958984375 -0.089569091796875 0.21356201171875 -0.0326385498046875
0.289703369140625 -0.26171875 0.183929443359375 -0.1761474609375
0.346771240234375 -0.252044677734375 0.155044555664063 -0.1624755859375
0.31317138671875 -0.289398193359375 0.170379638671875 -0.161041259765625
0.3814697265625 -0.119598388671875 0.133613586425781 -0.0741806030273438
0.421173095703125 0.14794921875 0.0462570190429688 -0.00784683227539062
0.2491455078125 0.450408935546875 0.0441131591796875 -0.1318359375
-0.26031494140625 0.541168212890625 0.125381469726562 -0.214752197265625
-0.506866455078125 0.293426513671875 0.373565673828125 -0.198944091796875
-0.66851806640625 0.02252197265625 0.59271240234375 0.05450439453125
-0.7816162109375 -0.00878906249999986 0.0513534545898437 -0.0973434448242188
-0.631103515625 0.24658203125 0.01324462890625 -0.0494155883789062
-0.3231201171875 0.62579345703125 0.0318603515625 0.0618667602539063
0.135284423828125 0.555511474609375 0.0521278381347656 0.0381965637207032
0.4405517578125 0.29913330078125 0.0570297241210938 0.07598876953125
0.4481201171875 -0.079254150390625 0.078857421875 -0.000122070312500005
0.359039306640625 -0.28497314453125 0.0647811889648438 -0.0621528625488281
0.419158935546875 -0.281005859375 0.0514678955078125 -0.0300140380859375
0.38189697265625 -0.329315185546875 0.0610160827636719 -0.0383987426757813
0.44378662109375 -0.135955810546875 -0.00175619125366208 -0.00574207305908204
0.498504638671875 0.162872314453125 -0.0616836547851562 0.007904052734375
0.311859130859375 0.50811767578125 -0.030181884765625 -0.148956298828125
-0.26983642578125 0.6572265625 0.080169677734375 -0.214126586914062
-0.58349609375 0.3819580078125 0.283599853515625 -0.137939453125
-0.807861328125 0.0629882812500002 0.38360595703125 0.04119873046875
-0.80084228515625 0.0213623046875 -0.191818237304688 -0.107559204101562
-0.64794921875 0.286865234375 -0.124588012695313 0.0208740234375
-0.31927490234375 0.66162109375 0.0140380859375 0.0711669921875
0.14935302734375 0.57037353515625 0.00659275054931641 -0.00140571594238278
0.44793701171875 0.31414794921875 -0.0457954406738281 0.0426445007324219
0.463409423828125 -0.062255859375 -0.0742568969726562 0.033447265625
0.371185302734375 -0.26416015625 -0.067474365234375 0.0620689392089844
0.426483154296875 -0.2666015625 -0.0594863891601562 0.106925964355469
0.391387939453125 -0.315704345703125 -0.0550460815429687 0.0943527221679688
0.435699462890625 -0.121124267578125 -0.136482238769531 0.070892333984375
0.483306884765625 0.158660888671875 -0.165740966796875 0.0274810791015625
0.30560302734375 0.488037109375 -0.103744506835937 -0.146728515625
-0.255859375 0.64752197265625 0.0341033935546875 -0.187454223632812
-0.56707763671875 0.385009765625 0.173248291015625 -0.04901123046875
-0.81427001953125 0.0796508789062501 0.14129638671875 0.0391845703125
-0.6943359375 0.05206298828125 -0.43536376953125 -0.107696533203125
-0.54736328125 0.281005859375 -0.269439697265625 0.0928497314453125
-0.25537109375 0.5694580078125 -0.020050048828125 0.07861328125
0.13507080078125 0.4720458984375 -0.04681396484375 -0.0285835266113281
0.373291015625 0.265289306640625 -0.1409912109375 0.0093536376953125
0.39630126953125 -0.03997802734375 -0.213729858398437 0.06488037109375
0.32232666015625 -0.203155517578125 -0.19000244140625 0.178604125976563
0.366302490234375 -0.210113525390625 -0.16162109375 0.228302001953125
0.345611572265625 -0.247100830078125 -0.163162231445313 0.21307373046875
0.361572265625 -0.076019287109375 -0.25042724609375 0.13348388671875
0.38287353515625 0.149078369140625 -0.245391845703125 0.0326690673828125
0.222503662109375 0.396636962890625 -0.1546630859375 -0.13519287109375
-0.227203369140625 0.513641357421875 0.00100708007812498 -0.148529052734375
-0.468048095703125 0.300872802734375 0.0645484924316406 0.0385971069335938
-0.6934814453125 0.0734252929687501 -0.0901718139648438 0.0391159057617188
-0.47515869140625 0.0757446289062499 -0.6346435546875 -0.0927734375
-0.35064697265625 0.22314453125 -0.390167236328125 0.155364990234375
-0.14453125 0.371917724609375 -0.0615615844726563 0.0894622802734375
0.094085693359375 0.28564453125 -0.0907440185546875 -0.032379150390625
0.231201171875 0.167266845703125 -0.201980590820312 -0.014862060546875
0.261489868164063 -0.0131988525390625 -0.310760498046875 0.0885009765625
0.219375610351563 -0.112136840820313 -0.279342651367188 0.26806640625
0.251632690429688 -0.121963500976563 -0.239410400390625 0.314422607421875
0.24896240234375 -0.141433715820313 -0.249176025390625 0.2957763671875
0.237945556640625 -0.0166778564453125 -0.329864501953125 0.164337158203125
0.227325439453125 0.1220703125 -0.288787841796875 0.015899658203125
0.105026245117187 0.255233764648438 -0.176300048828125 -0.12554931640625
-0.171783447265625 0.304168701171875 -0.0128097534179688 -0.111473083496094
-0.30462646484375 0.170623779296875 -0.0255126953125 0.0976409912109375
-0.470611572265625 0.0534667968749999 -0.2725830078125 0.0317840576171875
-0.179519653320313 0.07861328125 -0.75958251953125 -0.0673828125000001
-0.104660034179687 0.126663208007813 -0.4710693359375 0.207977294921875
-0.0185775756835938 0.121322631835938 -0.097900390625 0.110244750976563
0.0368728637695313 0.0640449523925781 -0.110076904296875 -0.00975036621093748
0.0558052062988281 0.0510826110839844 -0.218032836914062 -0.025970458984375
0.0873870849609375 0.0179443359375 -0.347808837890625 0.100677490234375
0.0833511352539063 -0.00237274169921875 -0.3216552734375 0.314849853515625
0.0978164672851563 -0.0146636962890625 -0.280242919921875 0.354156494140625
0.11541748046875 -0.0179443359375 -0.302825927734375 0.33111572265625
0.08538818359375 0.0359115600585938 -0.366455078125 0.162109375
0.0567779541015625 0.0720367431640625 -0.29473876953125 -0.0178527832031249
-0.00205230712890625 0.084991455078125 -0.171005249023438 -0.118637084960937
-0.0795974731445312 0.0819473266601563 -0.014801025390625 -0.082763671875
-0.102005004882812 0.0445556640625 -0.0897216796875 0.1199951171875
-0.187423706054688 0.037017822265625 -0.384613037109375 0.0169677734375
-0.145675659179688 -0.047088623046875 0.433685302734375 -0.0916748046875
-0.120040893554688 0.0383834838867188 0.166229248046875 -0.167694091796875
-0.0418777465820312 0.12823486328125 0.00502777099609374 0.0573348999023438
0.0576629638671875 0.109024047851562 0.124732971191406 0.125473022460938
0.1109619140625 0.00927734375 0.258621215820313 0.079071044921875
0.0598068237304687 -0.0715713500976563 0.351165771484375 -0.1143798828125
0.0358123779296875 -0.104316711425781 0.286956787109375 -0.33148193359375
0.0589752197265625 -0.0910415649414063 0.25079345703125 -0.346771240234375
0.0385589599609375 -0.0944137573242187 0.28277587890625 -0.31768798828125
0.0932464599609375 -0.05926513671875 0.31243896484375 -0.156707763671875
0.119430541992188 0.0291900634765625 0.203369140625 -0.0184478759765625
0.067626953125 0.134315490722656 0.126296997070313 -0.0537261962890625
-0.0890426635742187 0.115867614746094 0.146926879882813 -0.153488159179688
-0.118789672851563 0.0371551513671875 0.407135009765625 -0.228363037109375
-0.111679077148438 -0.0434646606445313 0.76953125 0.07391357421875
-0.410797119140625 -0.021514892578125 0.377197265625 -0.09136962890625
-0.317901611328125 0.12396240234375 0.157867431640625 -0.150833129882813
-0.14337158203125 0.32427978515625 0.019378662109375 0.0484352111816406
0.096771240234375 0.279647827148438 0.104743957519531 0.10321044921875
0.251754760742187 0.10784912109375 0.214675903320313 0.095123291015625
0.213577270507812 -0.096832275390625 0.3016357421875 -0.080322265625
0.162673950195313 -0.203338623046875 0.247802734375 -0.275054931640625
0.207839965820313 -0.194122314453125 0.212493896484375 -0.279861450195313
0.179351806640625 -0.210784912109375 0.236236572265625 -0.266586303710937
0.247161865234375 -0.100265502929688 0.238006591796875 -0.132980346679688
0.28515625 0.089874267578125 0.139122009277344 -0.018157958984375
0.169158935546875 0.304443359375 0.091461181640625 -0.0987548828125
-0.18017578125 0.34649658203125 0.139373779296875 -0.1917724609375
-0.3277587890625 0.176025390625 0.403564453125 -0.236358642578125
-0.412445068359375 0.00161743164062501 0.71697998046875 0.044921875
-0.62640380859375 0.00408935546874992 0.2432861328125 -0.09503173828125
-0.489501953125 0.204345703125 0.10552978515625 -0.110847473144531
-0.231414794921875 0.5009765625 0.0339431762695312 0.0478515625
0.129913330078125 0.430816650390625 0.08453369140625 0.0701065063476563
0.368377685546875 0.20123291015625 0.149505615234375 0.090972900390625
0.345489501953125 -0.104888916015625 0.207931518554688 -0.04425048828125
0.268112182617188 -0.270401000976563 0.16815185546875 -0.182632446289063
0.3248291015625 -0.269073486328125 0.141098022460938 -0.170242309570313
0.288360595703125 -0.2991943359375 0.156402587890625 -0.1719970703125
0.36370849609375 -0.136962890625 0.127227783203125 -0.08087158203125
0.420379638671875 0.1220703125 0.0481491088867188 -0.00943374633789062
0.27044677734375 0.42486572265625 0.0329971313476563 -0.133369445800781
-0.22161865234375 0.5435791015625 0.110488891601563 -0.214370727539062
-0.47906494140625 0.3126220703125 0.35430908203125 -0.21148681640625
-0.6514892578125 0.0582885742187501 0.5816650390625 0.02581787109375
-0.76043701171875 0.0317993164062499 0.0452499389648437 -0.0979156494140625
-0.6009521484375 0.27557373046875 0.00796127319335934 -0.0492134094238281
-0.2783203125 0.62872314453125 0.0360832214355469 0.0547065734863282
0.161895751953125 0.535247802734375 0.0541839599609375 0.0315666198730469
0.446563720703125 0.2672119140625 0.0614242553710938 0.0709609985351563
0.4306640625 -0.100738525390625 0.0774154663085938 -0.00387573242187501
0.33489990234375 -0.2969970703125 0.0583877563476563 -0.0636749267578125
0.393768310546875 -0.30291748046875 0.0484619140625 -0.0348472595214844
0.3533935546875 -0.34368896484375 0.0570640563964844 -0.0458717346191407
0.423797607421875 -0.154937744140625 -0.000953674316406224 -0.00643396377563477
0.494537353515625 0.1304931640625 -0.0568771362304687 0.0110855102539063
0.33441162109375 0.479095458984375 -0.0408782958984375 -0.146331787109375
-0.22515869140625 0.6588134765625 0.06768798828125 -0.211700439453125
-0.55059814453125 0.402923583984375 0.270828247070312 -0.14794921875
-0.7833251953125 0.10394287109375 0.37664794921875 0.02239990234375
-0.7828369140625 0.06231689453125 -0.192672729492188 -0.09515380859375
-0.6163330078125 0.3150634765625 -0.122184753417969 0.0275497436523438
-0.27301025390625 0.66400146484375 0.0196342468261719 0.0651969909667969
0.17596435546875 0.549102783203125 0.00838851928710939 -0.00455045700073239
0.455230712890625 0.27923583984375 -0.0408248901367187 0.0433158874511719
0.4471435546875 -0.084747314453125 -0.07086181640625 0.0379562377929688
0.347747802734375 -0.276947021484375 -0.0640335083007812 0.0662841796875
0.40130615234375 -0.2886962890625 -0.0506439208984375 0.105888366699219
0.363555908203125 -0.330963134765625 -0.0474166870117188 0.0915985107421875
0.417694091796875 -0.141204833984375 -0.127784729003906 0.0773468017578125
0.480926513671875 0.128936767578125 -0.157791137695313 0.0350494384765625
0.3248291015625 0.45928955078125 -0.111656188964844 -0.139389038085937
-0.213134765625 0.64825439453125 0.0245819091796875 -0.183395385742187
-0.53448486328125 0.4053955078125 0.169082641601562 -0.0565032958984375
-0.79022216796875 0.1229248046875 0.140464782714844 0.031341552734375
-0.67669677734375 0.0861816406249999 -0.429107666015625 -0.0833129882812501
-0.52008056640625 0.30438232421875 -0.258285522460938 0.105758666992187
-0.21502685546875 0.5718994140625 -0.0133209228515625 0.0758056640625001
0.157012939453125 0.4547119140625 -0.0440177917480469 -0.0279045104980468
0.380615234375 0.23626708984375 -0.13623046875 0.0150146484375
0.38507080078125 -0.059722900390625 -0.207077026367187 0.0769500732421875
0.30377197265625 -0.215118408203125 -0.176315307617187 0.187591552734375
0.346710205078125 -0.229888916015625 -0.142242431640625 0.231369018554687
0.321929931640625 -0.2626953125 -0.145278930664062 0.214279174804687
0.3475341796875 -0.09271240234375 -0.235092163085937 0.145950317382813
0.38165283203125 0.124481201171875 -0.23626708984375 0.044464111328125
0.2403564453125 0.37481689453125 -0.160186767578125 -0.125350952148438
-0.191619873046875 0.51446533203125 -0.0043182373046875 -0.144012451171875
-0.44183349609375 0.318695068359375 0.0683097839355468 0.0330543518066406
-0.6727294921875 0.11004638671875 -0.0843276977539063 0.0411376953125
-0.4620361328125 0.0981750488281251 -0.6217041015625 -0.0598754882812501
-0.33148193359375 0.23724365234375 -0.372772216796875 0.173797607421875
-0.118499755859375 0.374786376953125 -0.0533294677734375 0.0904922485351563
0.10675048828125 0.274307250976563 -0.0868301391601563 -0.0289840698242187
0.236648559570313 0.150802612304688 -0.198013305664062 -0.0057220458984375
0.255874633789063 -0.0271148681640625 -0.301544189453125 0.105255126953125
0.20916748046875 -0.121002197265625 -0.2572021484375 0.280166625976563
0.238906860351563 -0.136001586914063 -0.2127685546875 0.320831298828125
0.23321533203125 -0.154373168945313 -0.223785400390625 0.301055908203125
0.231460571289063 -0.02935791015625 -0.311614990234375 0.18084716796875
0.228683471679687 0.106643676757813 -0.280105590820313 0.0301971435546875
0.117034912109375 0.2432861328125 -0.179031372070312 -0.11376953125
-0.148681640625 0.3074951171875 -0.0158233642578125 -0.107620239257812
-0.28985595703125 0.182373046875 -0.0155792236328125 0.0948867797851563
-0.456695556640625 0.0772094726562501 -0.262619018554688 0.0418548583984375
-0.174331665039062 0.0850982666015625 -0.74139404296875 -0.02691650390625
-0.0964126586914063 0.129013061523437 -0.4473876953125 0.229217529296875
-0.0112762451171875 0.122306823730469 -0.0888214111328125 0.113792419433594
0.0393638610839844 0.0614433288574219 -0.104873657226562 -0.00565338134765626
0.058746337890625 0.0462188720703125 -0.214996337890625 -0.0166168212890625
0.0876617431640625 0.0124282836914063 -0.337066650390625 0.119720458984375
0.0823287963867188 -0.0063629150390625 -0.294708251953125 0.3297119140625
0.0943679809570313 -0.0210647583007813 -0.250396728515625 0.363983154296875
0.111412048339844 -0.026763916015625 -0.27447509765625 0.3408203125
0.0858840942382812 0.0301513671875 -0.347442626953125 0.179840087890625
0.05950927734375 0.0673141479492188 -0.289154052734375 -0.00256347656249999
0.00290679931640626 0.08306884765625 -0.172866821289063 -0.1063232421875
-0.0714950561523437 0.0861434936523438 -0.0165023803710938 -0.0802688598632813
-0.0980606079101563 0.0501708984375 -0.077117919921875 0.119400024414063
-0.182693481445312 0.0466461181640625 -0.373626708984375 0.032440185546875
-0.141357421875 -0.0416412353515625 0.42327880859375 -0.101593017578125
-0.115608215332031 0.0389175415039062 0.155319213867188 -0.1710205078125
-0.0379409790039062 0.125572204589844 0.00535964965820312 0.0538368225097656
0.0596542358398438 0.104560852050781 0.124580383300781 0.119186401367188
0.107231140136719 0.0056610107421875 0.259552001953125 0.07061767578125
0.0545501708984375 -0.0705108642578125 0.345062255859375 -0.126312255859375
0.0307235717773437 -0.103073120117188 0.268829345703125 -0.33740234375
0.054840087890625 -0.0923309326171875 0.2320556640625 -0.3519287109375
0.0354995727539063 -0.0930328369140625 0.265472412109375 -0.324737548828125
0.0885543823242188 -0.0610504150390625 0.302703857421875 -0.166717529296875
0.118896484375 0.024322509765625 0.201797485351563 -0.0238189697265625
0.0720367431640625 0.12896728515625 0.120903015136719 -0.0566940307617188
-0.0829238891601563 0.117057800292969 0.136383056640625 -0.153839111328125
-0.113166809082031 0.039459228515625 0.390838623046875 -0.2344970703125
-0.109878540039063 -0.03814697265625 0.7562255859375 0.05303955078125
-0.4012451171875 -0.00866699218749996 0.36676025390625 -0.100982666015625
-0.3062744140625 0.13037109375 0.147201538085938 -0.153671264648438
-0.129486083984375 0.32196044921875 0.0205879211425781 0.0439720153808594
0.10308837890625 0.271255493164063 0.104957580566406 0.0969085693359375
0.248870849609375 0.096710205078125 0.216140747070313 0.0866241455078125
0.204696655273438 -0.099945068359375 0.29638671875 -0.090301513671875
0.151992797851563 -0.20452880859375 0.232437133789062 -0.281005859375
0.197830200195313 -0.200103759765625 0.197265625 -0.28509521484375
0.168975830078125 -0.212921142578125 0.221359252929688 -0.274459838867188
0.238555908203125 -0.105239868164063 0.230667114257813 -0.14031982421875
0.284149169921875 0.0775146484375 0.139251708984375 -0.0211944580078125
0.177703857421875 0.293975830078125 0.084381103515625 -0.100257873535156
-0.1641845703125 0.34716796875 0.129226684570313 -0.190505981445312
-0.31610107421875 0.181915283203125 0.388885498046875 -0.241973876953125
-0.4049072265625 0.015228271484375 0.70672607421875 0.0283203125
-0.6148681640625 0.0228881835937501 0.235794067382813 -0.100341796875
-0.4716796875 0.21527099609375 0.0969772338867187 -0.11236572265625
-0.2076416015625 0.49774169921875 0.0349578857421875 0.0423088073730469
0.140106201171875 0.41949462890625 0.0846023559570313 0.0639114379882813
0.368011474609375 0.183685302734375 0.152099609375 0.08477783203125
0.33349609375 -0.112274169921875 0.20489501953125 -0.0510711669921875
0.253738403320313 -0.273468017578125 0.15716552734375 -0.186019897460938
0.310882568359375 -0.279632568359375 0.131057739257813 -0.175308227539063
0.27349853515625 -0.30474853515625 0.146255493164063 -0.179092407226563
0.3515625 -0.14495849609375 0.123672485351563 -0.0849533081054688
0.41815185546875 0.10455322265625 0.0502853393554688 -0.0104598999023437
0.2821044921875 0.411102294921875 0.0250320434570313 -0.133537292480469
-0.19964599609375 0.54547119140625 0.101028442382812 -0.21234130859375
-0.46160888671875 0.320404052734375 0.34222412109375 -0.21710205078125
-0.63775634765625 0.0789184570312501 0.57159423828125 0.01129150390625
-0.74725341796875 0.05499267578125 0.0413818359374999 -0.0969619750976563
-0.58123779296875 0.28955078125 0.00357437133789059 -0.0478706359863281
-0.2489013671875 0.62896728515625 0.0383338928222656 0.049102783203125
0.174774169921875 0.52008056640625 0.0546112060546875 0.0260772705078125
0.4464111328125 0.244598388671875 0.0657844543457031 0.0679740905761719
0.4183349609375 -0.111419677734375 0.0772323608398438 -0.00638580322265626
0.3187255859375 -0.30242919921875 0.05438232421875 -0.0639457702636719
0.377777099609375 -0.316375732421875 0.0462303161621094 -0.0382232666015625
0.33477783203125 -0.350311279296875 0.0536575317382813 -0.0517196655273438
0.40997314453125 -0.165283203125 0.000168323516845729 -0.0061483383178711
0.4912109375 0.111663818359375 -0.0522422790527343 0.0128173828125
0.34649658203125 0.461334228515625 -0.0482940673828125 -0.144439697265625
-0.19708251953125 0.6568603515625 0.060546875 -0.208648681640625
-0.528289794921875 0.412841796875 0.26348876953125 -0.153549194335937
-0.76654052734375 0.1278076171875 0.37127685546875 0.01220703125
-0.7672119140625 0.0857543945312498 -0.191818237304688 -0.087554931640625
-0.59576416015625 0.3310546875 -0.120635986328125 0.0322418212890625
-0.24224853515625 0.6634521484375 0.0229530334472656 0.0606765747070313
0.190643310546875 0.53326416015625 0.00941181182861329 -0.00788688659667966
0.456634521484375 0.258087158203125 -0.0369148254394531 0.0431709289550781
0.43646240234375 -0.097900390625 -0.0682945251464844 0.0406646728515625
0.3328857421875 -0.283721923828125 -0.0607986450195312 0.0693283081054687
0.38507080078125 -0.303314208984375 -0.0456390380859375 0.1051025390625
0.344818115234375 -0.3392333984375 -0.043731689453125 0.0875015258789062
0.40447998046875 -0.151702880859375 -0.121589660644531 0.0808944702148437
0.477264404296875 0.1109619140625 -0.151336669921875 0.039276123046875
0.336273193359375 0.44091796875 -0.117080688476562 -0.1356201171875
-0.1844482421875 0.644775390625 0.0200347900390625 -0.180328369140625
-0.512847900390625 0.415191650390625 0.167572021484375 -0.0615234375
-0.77227783203125 0.146240234375 0.139533996582031 0.025726318359375
-0.6654052734375 0.10498046875 -0.4232177734375 -0.069061279296875
-0.501708984375 0.31646728515625 -0.250289916992188 0.114578247070312
-0.1884765625 0.573974609375 -0.00890350341796876 0.0736160278320313
0.16717529296875 0.4425048828125 -0.0427055358886719 -0.0295867919921875
0.383056640625 0.2188720703125 -0.133056640625 0.0181808471679688
0.376678466796875 -0.071380615234375 -0.20233154296875 0.084320068359375
0.29254150390625 -0.221038818359375 -0.165817260742187 0.193435668945313
0.332244873046875 -0.24334716796875 -0.1297607421875 0.231765747070313
0.3056640625 -0.272064208984375 -0.134231567382812 0.213302612304688
0.338348388671875 -0.10247802734375 -0.22467041015625 0.152236938476563
0.3804931640625 0.109375 -0.229156494140625 0.05078125
0.24981689453125 0.36151123046875 -0.163711547851562 -0.118881225585937
-0.168182373046875 0.51470947265625 -0.00665283203125002 -0.140914916992187
-0.4246826171875 0.32733154296875 0.0722579956054687 0.0288238525390625
-0.6588134765625 0.12841796875 -0.0809860229492188 0.0408782958984375
-0.45379638671875 0.109710693359375 -0.61065673828125 -0.04150390625
-0.3189697265625 0.244964599609375 -0.358734130859375 0.185546875
-0.103057861328125 0.373626708984375 -0.04833984375 0.0895843505859375
0.113662719726563 0.267608642578125 -0.0844802856445312 -0.0285491943359375
0.238937377929688 0.138320922851563 -0.195587158203125 -0.000823974609374978
0.251708984375 -0.03533935546875 -0.2952880859375 0.11663818359375
0.203460693359375 -0.125579833984375 -0.2423095703125 0.28759765625
0.230712890625 -0.144622802734375 -0.1949462890625 0.32452392578125
0.222885131835938 -0.162033081054688 -0.20782470703125 0.302947998046875
0.226089477539062 -0.0360260009765625 -0.29840087890625 0.189117431640625
0.228683471679688 0.09722900390625 -0.274200439453125 0.0380706787109376
0.123321533203125 0.235336303710938 -0.1802978515625 -0.10650634765625
-0.13385009765625 0.3079833984375 -0.0164031982421875 -0.105148315429687
-0.279922485351562 0.189590454101563 -0.00833892822265626 0.0915298461914063
-0.4482421875 0.09051513671875 -0.256942749023438 0.0458831787109375
-0.172164916992188 0.0886077880859375 -0.7269287109375 -0.00683593749999997
-0.0919952392578125 0.130058288574219 -0.43011474609375 0.24200439453125
-0.00632476806640625 0.122383117675781 -0.0823822021484375 0.115066528320313
0.0404701232910156 0.0601654052734375 -0.101364135742187 -0.00373077392578123
0.0608367919921875 0.043212890625 -0.213546752929687 -0.0107421875
0.0883331298828125 0.008392333984375 -0.3304443359375 0.13104248046875
0.0829849243164063 -0.00885772705078125 -0.277008056640625 0.33856201171875
0.0924301147460937 -0.0253982543945312 -0.229888916015625 0.3685302734375
0.107513427734375 -0.0313339233398438 -0.255035400390625 0.344940185546875
0.0860671997070313 0.0264968872070313 -0.33367919921875 0.190643310546875
0.0611343383789063 0.063568115234375 -0.284942626953125 0.00689697265625
0.00616455078124999 0.0819244384765625 -0.173171997070313 -0.0981903076171875
-0.0656509399414063 0.0883560180664063 -0.0166397094726563 -0.07867431640625
-0.096588134765625 0.0532913208007813 -0.0687942504882812 0.1175537109375
-0.1790771484375 0.0517730712890625 -0.3663330078125 0.0394287109374999
-0.139602661132812 -0.0376434326171875 0.42169189453125 -0.11077880859375
-0.114273071289063 0.039398193359375 0.147857666015625 -0.175125122070313
-0.0358200073242187 0.124893188476563 0.00540542602539062 0.0524253845214844
0.0620040893554688 0.103485107421875 0.127044677734375 0.116630554199219
0.105880737304687 0.00336456298828125 0.263839721679687 0.065032958984375
0.0511322021484375 -0.0696487426757812 0.34490966796875 -0.136627197265625
0.027435302734375 -0.102821350097656 0.257720947265625 -0.347381591796875
0.0528564453125 -0.0945510864257813 0.220458984375 -0.361480712890625
0.0339279174804688 -0.09295654296875 0.2552490234375 -0.3360595703125
0.0855636596679688 -0.0628433227539063 0.2999267578125 -0.1768798828125
0.119621276855469 0.020660400390625 0.204376220703125 -0.02825927734375
0.076263427734375 0.126983642578125 0.11859130859375 -0.0598907470703125
-0.079345703125 0.119804382324219 0.130752563476562 -0.154998779296875
-0.110519409179688 0.0405197143554688 0.38458251953125 -0.241851806640625
-0.109626770019531 -0.0343704223632813 0.75885009765625 0.04278564453125
-0.400054931640625 0.00073242187499996 0.364776611328125 -0.10711669921875
-0.3026123046875 0.136199951171875 0.140426635742187 -0.157150268554688
-0.120086669921875 0.324493408203125 0.0212860107421875 0.0411911010742188
0.109222412109375 0.2689208984375 0.106513977050781 0.0930862426757813
0.250259399414063 0.08978271484375 0.22161865234375 0.0824432373046875
0.200637817382813 -0.102340698242188 0.297271728515625 -0.099853515625
0.14630126953125 -0.207046508789063 0.2232666015625 -0.289215087890625
0.19281005859375 -0.208694458007813 0.18743896484375 -0.2930908203125
0.164108276367187 -0.216995239257812 0.21240234375 -0.284820556640625
0.235137939453125 -0.110198974609375 0.228713989257813 -0.148788452148438
0.287200927734375 0.07080078125 0.142929077148438 -0.0246124267578125
0.18731689453125 0.29046630859375 0.0795516967773438 -0.103431701660156
-0.154632568359375 0.353515625 0.122970581054687 -0.191940307617187
-0.312225341796875 0.18829345703125 0.382781982421875 -0.24859619140625
-0.40521240234375 0.0256347656250001 0.70843505859375 0.0159912109375
-0.6134033203125 0.0366821289062501 0.233062744140625 -0.10382080078125
-0.466033935546875 0.225128173828125 0.0910873413085937 -0.113548278808594
-0.192962646484375 0.5032958984375 0.0359916687011719 0.038787841796875
0.1500244140625 0.416015625 0.0856857299804688 0.0600128173828125
0.371826171875 0.173797607421875 0.157608032226563 0.0815887451171875
0.329620361328125 -0.118255615234375 0.20635986328125 -0.0565185546875
0.247650146484375 -0.279693603515625 0.151809692382813 -0.190933227539063
0.30413818359375 -0.292327880859375 0.124984741210938 -0.181472778320313
0.265960693359375 -0.312591552734375 0.139297485351563 -0.187759399414063
0.34722900390625 -0.15283203125 0.123069763183594 -0.0894927978515625
0.42266845703125 0.09442138671875 0.0543479919433594 -0.011932373046875
0.294586181640625 0.404815673828125 0.0183639526367188 -0.135299682617187
-0.18328857421875 0.551788330078125 0.0960540771484375 -0.213180541992188
-0.454864501953125 0.331939697265625 0.33837890625 -0.224090576171875
-0.63787841796875 0.0928955078125 0.573974609375 0.00299072265625001
-0.745361328125 0.0727539062500001 0.0390090942382812 -0.0966720581054687
-0.5731201171875 0.30322265625 0.000232696533203091 -0.0468215942382812
-0.2298583984375 0.635986328125 0.0403175354003906 0.0452728271484375
0.18621826171875 0.51751708984375 0.0554656982421875 0.0218963623046875
0.454071044921875 0.2313232421875 0.0701560974121094 0.0665931701660156
0.415679931640625 -0.1190185546875 0.0788803100585938 -0.00803375244140626
0.31158447265625 -0.310272216796875 0.0522880554199219 -0.0646553039550781
0.36871337890625 -0.33221435546875 0.0442771911621094 -0.0412483215332031
0.32391357421875 -0.36163330078125 0.050079345703125 -0.0569381713867188
0.406280517578125 -0.173553466796875 0.00186347961425784 -0.00657272338867189
0.49639892578125 0.099609375 -0.0488777160644531 0.0133323669433594
0.36065673828125 0.45501708984375 -0.055694580078125 -0.14453125
-0.179443359375 0.6649169921875 0.05584716796875 -0.208953857421875
-0.521514892578125 0.4254150390625 0.26287841796875 -0.160140991210938
-0.76629638671875 0.1473388671875 0.372589111328125 0.00469970703125001
-0.76824951171875 0.10382080078125 -0.193222045898438 -0.0830841064453125
-0.58831787109375 0.345947265625 -0.121177673339844 0.0374298095703125
-0.2205810546875 0.67303466796875 0.0257835388183594 0.0575027465820313
0.2025146484375 0.5308837890625 0.00979804992675782 -0.0113983154296875
0.46575927734375 0.24591064453125 -0.0339698791503906 0.0440559387207031
0.43450927734375 -0.106475830078125 -0.0668563842773437 0.043975830078125
0.32781982421875 -0.291595458984375 -0.0581207275390625 0.0731964111328125
0.37774658203125 -0.320068359375 -0.0423812866210937 0.105522155761719
0.335723876953125 -0.35089111328125 -0.04315185546875 0.0855178833007812
0.4012451171875 -0.1600341796875 -0.117942810058594 0.0845413208007813
0.48223876953125 0.099151611328125 -0.148590087890625 0.04168701171875
0.349761962890625 0.434967041015625 -0.124046325683594 -0.133621215820312
-0.16619873046875 0.65289306640625 0.0175323486328125 -0.180160522460937
-0.506744384765625 0.4273681640625 0.169647216796875 -0.0667266845703125
-0.77276611328125 0.16424560546875 0.1407470703125 0.022216796875
-0.66717529296875 0.1224365234375 -0.423614501953125 -0.0603027343749999
-0.495086669921875 0.329864501953125 -0.247787475585938 0.122177124023438
-0.17108154296875 0.580322265625 -0.00569915771484377 0.0718612670898438
0.1771240234375 0.440338134765625 -0.0429954528808594 -0.0313720703125
0.390777587890625 0.20770263671875 -0.131500244140625 0.021087646484375
0.376495361328125 -0.08038330078125 -0.201416015625 0.0924530029296875
0.289764404296875 -0.2294921875 -0.15936279296875 0.20123291015625
0.327178955078125 -0.255828857421875 -0.122116088867188 0.2362060546875
0.297271728515625 -0.282379150390625 -0.129196166992188 0.214889526367187
0.33599853515625 -0.10968017578125 -0.219497680664062 0.159072875976563
0.38433837890625 0.099700927734375 -0.2266845703125 0.0561676025390625
0.26055908203125 0.3570556640625 -0.170120239257812 -0.115432739257812
-0.153106689453125 0.519805908203125 -0.007476806640625 -0.141204833984375
-0.419830322265625 0.3380126953125 0.07666015625 0.0248336791992188
-0.65826416015625 0.14404296875 -0.0800933837890625 0.0401382446289063
-0.456268310546875 0.12225341796875 -0.61077880859375 -0.02899169921875
-0.31414794921875 0.2523193359375 -0.354400634765625 0.19512939453125
-0.0908203125 0.37908935546875 -0.0448760986328125 0.0904769897460938
0.119583129882813 0.2674560546875 -0.0842437744140625 -0.0284271240234375
0.244842529296875 0.132156372070313 -0.196487426757812 0.00321960449218746
0.253036499023437 -0.0411529541015625 -0.294921875 0.127105712890625
0.203125 -0.131134033203125 -0.232452392578125 0.298431396484375
0.22735595703125 -0.153732299804687 -0.183837890625 0.3309326171875
0.217681884765625 -0.16986083984375 -0.19891357421875 0.3082275390625
0.226089477539063 -0.0410614013671875 -0.291961669921875 0.198638916015625
0.231674194335938 0.09124755859375 -0.273529052734375 0.044158935546875
0.13006591796875 0.233489990234375 -0.185104370117188 -0.101531982421875
-0.125152587890625 0.31365966796875 -0.01641845703125 -0.10540771484375
-0.276824951171875 0.197708129882813 -0.00278472900390627 0.0892105102539063
-0.448516845703125 0.1005859375 -0.257354736328125 0.0473480224609375
-0.173721313476563 0.092315673828125 -0.7254638671875 0.00708007812500006
-0.0896987915039062 0.132461547851563 -0.42315673828125 0.251800537109375
-0.00254821777343751 0.124107360839844 -0.0788421630859375 0.117256164550781
0.0413703918457031 0.0607032775878906 -0.100799560546875 -0.00341796874999998
0.0635986328125 0.0411148071289062 -0.215911865234375 -0.0061492919921875
0.0908126831054688 0.00482940673828125 -0.331207275390625 0.143768310546875
0.0851287841796875 -0.0115966796875 -0.2659912109375 0.35003662109375
0.0926742553710938 -0.0281906127929688 -0.216766357421875 0.377105712890625
0.10638427734375 -0.0356903076171875 -0.243194580078125 0.353424072265625
0.0881118774414063 0.0243606567382813 -0.32794189453125 0.200653076171875
0.0630950927734375 0.0622749328613281 -0.286102294921875 0.013397216796875
0.00795745849609376 0.082672119140625 -0.175811767578125 -0.0933990478515625
-0.0629196166992187 0.0913009643554688 -0.0161209106445313 -0.0791015625
-0.096649169921875 0.0578460693359375 -0.0631637573242187 0.116317749023438
-0.180206298828125 0.0563507080078125 -0.367950439453125 0.04327392578125
-0.141265869140625 -0.034149169921875 0.4267578125 -0.12481689453125
-0.114570617675781 0.0431671142578125 0.1422119140625 -0.183120727539062
-0.032928466796875 0.127693176269531 0.00632858276367188 0.0521621704101563
0.0662002563476563 0.102958679199219 0.132667541503906 0.114410400390625
0.106498718261719 0.000213623046875 0.272872924804688 0.056427001953125
0.0481224060058594 -0.07012939453125 0.34930419921875 -0.154571533203125
0.0240631103515625 -0.104736328125 0.247406005859375 -0.366119384765625
0.0503692626953125 -0.099090576171875 0.2076416015625 -0.3785400390625
0.0319366455078125 -0.0959548950195313 0.246246337890625 -0.355194091796875
0.0843429565429688 -0.0663681030273438 0.300079345703125 -0.19390869140625
0.123031616210938 0.0161361694335938 0.210525512695312 -0.036041259765625
0.084136962890625 0.125930786132813 0.116973876953125 -0.0652923583984375
-0.0759735107421875 0.12493896484375 0.124847412109375 -0.159805297851563
-0.11016845703125 0.0428314208984375 0.3807373046875 -0.255401611328125
-0.110954284667969 -0.0303497314453125 0.7752685546875 0.0245361328125
-0.405670166015625 0.0146484375000001 0.3677978515625 -0.118927001953125
-0.3016357421875 0.148223876953125 0.133575439453125 -0.163055419921875
-0.109588623046875 0.333587646484375 0.0224647521972656 0.0394668579101563
0.119598388671875 0.270462036132813 0.110710144042969 0.0903472900390625
0.257095336914063 0.082672119140625 0.231979370117188 0.0760040283203125
0.198989868164063 -0.1082763671875 0.301910400390625 -0.114227294921875
0.141082763671875 -0.215499877929687 0.215576171875 -0.304443359375
0.188095092773438 -0.2230224609375 0.176177978515625 -0.308929443359375
0.159744262695312 -0.227615356445312 0.202606201171875 -0.301666259765625
0.235366821289062 -0.119857788085937 0.228775024414063 -0.162185668945313
0.296173095703125 0.060455322265625 0.1484375 -0.0310516357421875
0.20330810546875 0.288909912109375 0.0749969482421875 -0.108833312988281
-0.1441650390625 0.36639404296875 0.117828369140625 -0.1976318359375
-0.311279296875 0.201873779296875 0.380767822265625 -0.26373291015625
-0.4114990234375 0.0401000976562501 0.72320556640625 -0.00177001953125
-0.62213134765625 0.0587768554687501 0.2342529296875 -0.111068725585938
-0.46343994140625 0.24517822265625 0.0860748291015625 -0.11688232421875
-0.174530029296875 0.51849365234375 0.0382881164550781 0.0357666015625
0.1666259765625 0.418853759765625 0.0884780883789063 0.0563278198242188
0.384368896484375 0.16253662109375 0.167068481445313 0.077484130859375
0.3304443359375 -0.12860107421875 0.209869384765625 -0.066314697265625
0.24127197265625 -0.292388916015625 0.146774291992188 -0.2010498046875
0.29754638671875 -0.3134765625 0.118438720703125 -0.192169189453125
0.258453369140625 -0.3294677734375 0.131805419921875 -0.199874877929688
0.34796142578125 -0.166107177734375 0.123703002929688 -0.097808837890625
0.435211181640625 0.07952880859375 0.0584526062011719 -0.0150909423828125
0.316192626953125 0.40313720703125 0.010589599609375 -0.138320922851562
-0.166015625 0.57098388671875 0.0907745361328125 -0.217910766601562
-0.452789306640625 0.35205078125 0.338714599609375 -0.23809814453125
-0.64837646484375 0.1168212890625 0.58648681640625 -0.01446533203125
-0.75762939453125 0.10089111328125 0.0367813110351562 -0.09796142578125
-0.57232666015625 0.32861328125 -0.00297164916992191 -0.04473876953125
-0.20611572265625 0.6549072265625 0.0424156188964844 0.0421104431152344
0.2064208984375 0.521759033203125 0.0565261840820313 0.0179252624511719
0.470428466796875 0.218170166015625 0.0774459838867188 0.0646896362304688
0.4189453125 -0.133544921875 0.0819015502929688 -0.0107192993164063
0.306549072265625 -0.326568603515625 0.0516548156738282 -0.0675582885742188
0.363006591796875 -0.356689453125 0.0425834655761719 -0.0454025268554688
0.31732177734375 -0.382415771484375 0.0456428527832031 -0.0633506774902344
0.40667724609375 -0.18988037109375 0.00280475616455081 -0.00768613815307618
0.510589599609375 0.08160400390625 -0.0462265014648437 0.014404296875
0.386627197265625 0.451202392578125 -0.0663299560546875 -0.144943237304687
-0.157470703125 0.68475341796875 0.051361083984375 -0.212936401367187
-0.517608642578125 0.45147705078125 0.26434326171875 -0.172027587890625
-0.77777099609375 0.17608642578125 0.380645751953125 -0.00711059570312499
-0.78155517578125 0.13385009765625 -0.198226928710938 -0.07659912109375
-0.586669921875 0.37298583984375 -0.122291564941406 0.0445556640625
-0.1968994140625 0.6937255859375 0.0287818908691406 0.0558052062988282
0.225128173828125 0.53564453125 0.00921058654785158 -0.0143680572509765
0.483489990234375 0.232391357421875 -0.0298614501953125 0.045928955078125
0.43939208984375 -0.12127685546875 -0.0654983520507812 0.0487022399902344
0.324493408203125 -0.30963134765625 -0.054931640625 0.0780410766601562
0.37103271484375 -0.343719482421875 -0.0391998291015625 0.108200073242187
0.32568359375 -0.371734619140625 -0.0426177978515625 0.087066650390625
0.402801513671875 -0.17578125 -0.115432739257812 0.090118408203125
0.495574951171875 0.081787109375 -0.147811889648437 0.0472869873046875
0.37396240234375 0.43292236328125 -0.135650634765625 -0.130828857421875
-0.14422607421875 0.6712646484375 0.013336181640625 -0.183837890625
-0.5009765625 0.4534912109375 0.17333984375 -0.075408935546875
-0.7843017578125 0.1944580078125 0.144180297851562 0.016754150390625
-0.677490234375 0.14825439453125 -0.4322509765625 -0.04656982421875
-0.4930419921875 0.3524169921875 -0.247344970703125 0.135894775390625
-0.15020751953125 0.5982666015625 -0.00246429443359376 0.0721817016601563
0.197540283203125 0.444610595703125 -0.0444107055664062 -0.0325736999511718
0.40753173828125 0.195892333984375 -0.131858825683594 0.0260391235351563
0.382171630859375 -0.09417724609375 -0.201736450195312 0.104339599609375
0.288238525390625 -0.24456787109375 -0.152511596679687 0.212814331054688
0.323486328125 -0.27667236328125 -0.1141357421875 0.245193481445313
0.29132080078125 -0.300628662109375 -0.124542236328125 0.223648071289062
0.33905029296875 -0.12286376953125 -0.21661376953125 0.170333862304688
0.395111083984375 0.086151123046875 -0.2279052734375 0.0644683837890625
0.279052734375 0.3555908203125 -0.180160522460938 -0.110321044921875
-0.13580322265625 0.5369873046875 -0.0103912353515625 -0.143478393554687
-0.416015625 0.3604736328125 0.0826339721679687 0.0195541381835938
-0.66815185546875 0.17083740234375 -0.0814895629882813 0.0409698486328125
-0.463043212890625 0.139801025390625 -0.62152099609375 -0.0113525390625001
-0.311981201171875 0.2674560546875 -0.351654052734375 0.213165283203125
-0.077178955078125 0.390350341796875 -0.0414962768554687 0.0928726196289063
0.13067626953125 0.270095825195313 -0.0863800048828125 -0.0281524658203125
0.256134033203125 0.124969482421875 -0.200286865234375 0.0100860595703125
0.257736206054687 -0.05157470703125 -0.296478271484375 0.144287109375
0.204574584960938 -0.141937255859375 -0.222381591796875 0.31549072265625
0.226364135742187 -0.16778564453125 -0.171539306640625 0.34466552734375
0.214553833007813 -0.18206787109375 -0.190155029296875 0.321868896484375
0.229324340820313 -0.0490570068359375 -0.28851318359375 0.21417236328125
0.23974609375 0.084320068359375 -0.277267456054688 0.0553283691406249
0.141204833984375 0.234710693359375 -0.19354248046875 -0.0961456298828125
-0.1142578125 0.32525634765625 -0.0178909301757813 -0.107780456542969
-0.276092529296875 0.212051391601562 0.00327301025390624 0.0871124267578125
-0.455657958984375 0.11859130859375 -0.261993408203125 0.05340576171875
-0.17681884765625 0.101730346679688 -0.73699951171875 0.02789306640625
-0.0870895385742188 0.136825561523438 -0.418731689453125 0.272491455078125
0.0026092529296875 0.127273559570313 -0.075286865234375 0.122505187988281
0.0439453125 0.0620155334472656 -0.102287292480469 -0.000999450683593741
0.06744384765625 0.0391769409179688 -0.221725463867188 0.00154113769531246
0.0938186645507813 0.00031280517578125 -0.333038330078125 0.162322998046875
0.088623046875 -0.015533447265625 -0.254119873046875 0.368621826171875
0.0936965942382813 -0.03326416015625 -0.202911376953125 0.393463134765625
0.105941772460938 -0.0409927368164063 -0.232391357421875 0.37005615234375
0.0922012329101562 0.0217056274414062 -0.3250732421875 0.217559814453125
0.0667457580566406 0.0611381530761719 -0.292694091796875 0.02490234375
0.011810302734375 0.0850296020507812 -0.182098388671875 -0.0871429443359375
-0.0589752197265625 0.09637451171875 -0.0168914794921875 -0.0820236206054688
-0.097503662109375 0.0643463134765625 -0.0576934814453125 0.116836547851563
-0.184326171875 0.06378173828125 -0.37567138671875 0.05206298828125
0.000426713642396659 0.153349847520054 0.370276793403362 0.278690327161745
0.100477847465235 0.0865208950895543 0.250881396901191 0.0141032109734581
0.123857109898881 -0.0543642469563542 -0.0710217288679318 0.0124643089546519
0.0265641518591895 -0.138530983511835 -0.0701141679297478 0.183917899970526
-0.106482298044679 -0.0771713598306727 0.105257929132168 0.303024696497986
-0.120188733933999 0.0188150447464377 0.311152532055505 0.252792280251491
-0.119520295159458 0.0578511976724639 0.447609670014451 0.113018911469599
-0.114966990271365 0.0575891297338243 0.476731275388117 0.0149742961594117
-0.125539480552666 0.0483952943784256 0.445534515656704 0.0821485789802951
-0.119875263097927 -0.00505346198698316 0.31182624519615 0.173863713022776
-0.085208443885534 -0.100069513336305 0.128270287867675 0.190437200288084
0.0456477602138169 -0.147839798647034 0.0948547076917272 0.0660728902194451
0.126698560364803 -0.0331747481749089 0.194284980798773 -0.00354095213761857
0.0761124403199995 0.0688779554239639 0.422462277554129 0.189784632541345
-0.00406439055194284 0.104308110224497 0.463846066867842 0.611071927997591
0.190622185395544 0.338766984564649 0.34787987164688 0.193397205669297
0.308422259451591 0.165709658139099 0.233987288277412 -0.0258704732055573
0.339459930420557 -0.115380430968964 -0.0890787536243528 -0.0199141828377565
0.13330395322423 -0.30425834574702 -0.109684340643427 0.145269140582932
-0.156999521015132 -0.250212243841928 0.046782177626374 0.296796054898674
-0.241263171776083 -0.0753993111066461 0.248795094154967 0.25366800015703
-0.280398940585932 0.0104883821397243 0.373542987159372 0.130929596426204
-0.294440485006845 0.0358610327381478 0.398592626908581 0.0386834849097574
-0.312481451971716 0.0152351141032589 0.377009110914092 0.0868045142090848
-0.258122413634371 -0.0909123930971854 0.237392111023825 0.1493529827267
-0.17082166105876 -0.258087303319538 0.0701572543904947 0.147904550131242
0.112012470483581 -0.352623382270245 0.079994959989953 -0.00356755084871251
0.33696924599762 -0.163232806537044 0.206887075672218 -0.0509124661697814
0.317683388054078 0.124289672414313 0.444221768832247 0.16023168188648
0.206036624505503 0.301969738759652 0.483566558608282 0.547079830090915
0.359092110537144 0.485984261594343 0.275755708209767 0.0518838404668831
0.496853977864761 0.229129424237842 0.171460152510028 -0.085430626472665
0.530887496084933 -0.173610821035323 -0.112676420501096 -0.0429162620495217
0.229793165279396 -0.449951952321821 -0.135276675380246 0.101146234036635
-0.189166145733793 -0.403620542446702 -0.00726893591373257 0.256495912158541
-0.331530438382057 -0.16556738074861 0.157007789541385 0.214391207137609
-0.399927622894255 -0.0426796626787394 0.244006549660301 0.126106972795848
-0.430551407971899 0.00914275634544276 0.261008859553601 0.0556160674888976
-0.452152467288555 -0.0123287309920997 0.250670781843967 0.0819913020294169
-0.364822340912525 -0.154740821385875 0.121536392300073 0.107828047189215
-0.249242191906966 -0.373864678274303 -0.00624431582438744 0.0836381271941789
0.140022784960098 -0.521364338045871 0.0470224617557549 -0.0807686246279478
0.489712590062367 -0.297375737230828 0.19605331967738 -0.10092412155634
0.519933676168602 0.136613163959152 0.407972434050958 0.113509300330877
0.39350818950696 0.445672378683869 0.435564568992251 0.42527627546562
0.489716249277238 0.569071161027185 0.157059722868614 -0.130361084761176
0.642996850516413 0.251946532381118 0.0591526821710471 -0.159811836821114
0.662349781656829 -0.232150673888046 -0.144504477984654 -0.0563859309985383
0.291619797233891 -0.556916766101362 -0.149633055790164 0.0508501785056447
-0.206419159579059 -0.507379925448379 -0.0587962271282032 0.178359626953243
-0.379171959122124 -0.233852502282821 0.0418098939965216 0.138243741916368
-0.46141681319061 -0.0912060623270977 0.0765719518644821 0.0973914881166562
-0.500416009119894 -0.0209704063483595 0.0827157786315532 0.0651180540581641
-0.522887975464354 -0.0369906705133886 0.0845214387661919 0.0715501637662973
-0.416963585454538 -0.19205094667596 -0.01944129340577 0.0578923166292617
-0.294152517845557 -0.431017992680867 -0.095249412930943 0.00837077002563239
0.144749481461081 -0.612266966627465 -0.000859697922957236 -0.153320390849747
0.561585187290044 -0.387946030291762 0.16146253438659 -0.136816390862854
0.638433946906339 0.120579067636986 0.31566786956158 0.0702827128431126
0.514821249126464 0.514199709689077 0.317569149876419 0.264990454838354
0.557853912941565 0.562643921888397 0.000747579416421513 -0.325492749928837
0.697086478970977 0.223646890036828 -0.0908930477880854 -0.232976977420051
0.689830118104071 -0.265742663528937 -0.174897361901664 -0.0633804731439952
0.295821458465968 -0.582101411534561 -0.150569445849277 -0.00567869556349643
-0.194755377318649 -0.529182289389622 -0.107144118540459 0.0699968760668175
-0.369567397606507 -0.26185726473013 -0.083936169968526 0.0369856427015198
-0.451266093716295 -0.124948920062657 -0.105321379018164 0.0521633571488065
-0.492991714177669 -0.0452982751379712 -0.107477996777257 0.0655294676562487
-0.509656410227314 -0.0611184557581156 -0.0962141471805276 0.0552350518379
-0.398159418193799 -0.206187826255954 -0.162338323391006 0.0038124462277534
-0.278806185515115 -0.420967858226513 -0.176952633097155 -0.0713169061530498
0.140359525865754 -0.590585370401848 -0.0459613137825749 -0.208624852756675
0.547350067247168 -0.387845046873471 0.116530075614999 -0.149319701034792
0.635518764099548 0.103814865299938 0.186696002632252 0.0413641332759142
0.543356718126643 0.507623299084322 0.155960209112739 0.0945564918358145
0.540232018780116 0.464474070070532 -0.17024550711753 -0.496723951223746
0.630373489696485 0.149005579865521 -0.249249515038803 -0.285357023444147
0.585965367952798 -0.248753905560453 -0.191363814352221 -0.0619736722428673
0.243819840687308 -0.491605034878412 -0.134490785057688 -0.0597464657053825
-0.1540828288059 -0.447985273712565 -0.141522286245288 -0.0471864129253149
-0.297929415637444 -0.239276727809995 -0.198971633599986 -0.0694784281073325
-0.369053876989668 -0.13690373871008 -0.271875591268401 -0.000622740433194777
-0.409435562891996 -0.0661618564790886 -0.281313656234377 0.0563165772286496
-0.420336917660014 -0.0812154717180749 -0.261663592745281 0.0311854976552564
-0.310950588319481 -0.197922913096947 -0.27879516620324 -0.0533844489253021
-0.201586636713999 -0.350642057408575 -0.225088903768999 -0.148465107019716
0.137233577637405 -0.46004801039872 -0.066744037203576 -0.238103622997238
0.452010240240296 -0.296577487683717 0.081698853970854 -0.136162408390093
0.519951180926827 0.0918443796751238 0.0547572942602741 0.0245512633074907
0.47744590169482 0.427283977737822 -0.0110672511412522 -0.0605635678585961
0.438294102541715 0.289008864437313 -0.327801169659401 -0.611617408573803
0.45088406020733 0.0494534189188899 -0.38366292226226 -0.304404188060391
0.372535706151748 -0.18432815994733 -0.191885542151319 -0.0468445301105042
0.147017383177545 -0.309237242787013 -0.106719825960138 -0.0920301448582534
-0.0835221823734149 -0.284820975986655 -0.152494511259767 -0.142287366379859
-0.175494974346003 -0.175062964435089 -0.278505193605069 -0.156599849593726
-0.228296948421894 -0.12489177482453 -0.394659676677606 -0.0511240016223298
-0.263154342224125 -0.0766145347831914 -0.41192098732206 0.0378389075914906
-0.266146915600982 -0.0916300185084923 -0.386144950539292 -0.00228123520132254
-0.178612370427458 -0.164985699870007 -0.346643719014721 -0.112109594023094
-0.0922960300627914 -0.234710590591977 -0.225679224784165 -0.214705945165976
0.122136966298328 -0.266536649133372 -0.0558777442488756 -0.241873178318648
0.297783037143401 -0.15822742820661 0.063348266009372 -0.106594661807119
0.328371793229332 0.0726267690700065 -0.0508508314690624 0.0117909575066324
0.337593428451435 0.287660177962833 -0.152598175407378 -0.185630679930629
0.264167329972615 0.0721577187752817 -0.446906021337588 -0.647507789863152
0.2017113082167 -0.0545332198110665 -0.481084582127959 -0.284569792036762
0.108297897683918 -0.0931016306626323 -0.186645575477452 -0.0149585698725417
0.0318735373845237 -0.0856858940896549 -0.0736334792967506 -0.0891109246566592
-0.000900855964963414 -0.0833950368842415 -0.138999048102381 -0.196112659012627
-0.0259879896848739 -0.084184185248322 -0.310410979172687 -0.20932332657815
-0.050497224260484 -0.093502931691678 -0.456835825954707 -0.0902704839346515
-0.0764576979086687 -0.0746435943233928 -0.481346841785339 0.0147522053512239
-0.0760788276249683 -0.0867227705009909 -0.452241748901015 -0.040102006289294
-0.0307488579378222 -0.104922034316032 -0.358231991861429 -0.161481212515268
0.0122422454779053 -0.0910177957089716 -0.186444018376752 -0.260108905208562
0.0763808073966756 -0.0603215340424034 -0.0242284518697036 -0.220794567791111
0.107036489955441 -0.0275749894179961 0.0570078627934529 -0.0719637491239864
0.1116488314766 0.0273327792756675 -0.119655629294706 -0.00244126994352223
0.162302369473683 0.105654498336501 -0.24939459173436 -0.266354242055277
0.00865600870342708 0.153040258472455 0.391326411773074 0.258028967980084
0.10567828809224 0.0795491876607237 0.25003311878692 -0.00397533002938939
0.119462757159981 -0.0623472158833194 -0.0708250958827014 0.0162974688699997
0.0174882971603017 -0.140200014718637 -0.0580174736108444 0.188979372722243
-0.111082810276196 -0.0696766210942267 0.129008674344131 0.297660273698297
-0.117676192182354 0.0269656479675375 0.333411782220707 0.231444839854034
-0.115121332528185 0.0666246996921666 0.458742564819573 0.0774967362099105
-0.111334644685536 0.0669817538847964 0.479490164367707 -0.0241260479752892
-0.123312318468472 0.0582776893652286 0.455106626897329 0.0473896259738694
-0.120112069643155 0.00389941956489857 0.329220115382081 0.151489935470209
-0.0937706245891376 -0.0938797297704437 0.144928145831906 0.184299875365093
0.0336966847040954 -0.15186346954302 0.0985846687062784 0.0580521604744901
0.125078762529779 -0.0427513972906953 0.191334816626273 -0.0153605392766535
0.0800807545871901 0.0647955519579141 0.434211484764147 0.164814089703428
0.00232114248938651 0.103156044866381 0.506571180219756 0.586923667153894
0.212981482072672 0.326549122285648 0.361097950214634 0.174445082483834
0.319385481217332 0.14568100247229 0.230622585142852 -0.0427022562573125
0.330734377543071 -0.139955133230391 -0.0905530950630353 -0.0148702635786565
0.114412486874937 -0.314387035936456 -0.100678744240598 0.151917431590052
-0.174360768131838 -0.239163247970696 0.0711124681895827 0.296822355326508
-0.246357081393878 -0.0600595493679155 0.270105131527091 0.237651968179227
-0.280586501602504 0.0297016916167556 0.385281254383921 0.10266717376204
-0.294717965697727 0.0590890164073757 0.40382029951978 0.00565353222330807
-0.313858025383448 0.0392799173406819 0.386548991626551 0.0555701761039898
-0.264670793743756 -0.0745668096530661 0.251433041517384 0.132138109801422
-0.191667209874529 -0.247297368311758 0.0840814163255838 0.145649008884037
0.086904995846984 -0.36390581666311 0.0772705714115629 -0.0113723811605548
0.327335746282563 -0.18912360082351 0.201620679146569 -0.0637316145536133
0.327880493972736 0.1045168828056 0.455391044487729 0.131680186519086
0.229099018184032 0.289675040510674 0.52382623017495 0.520182245629134
0.394404435035604 0.462299220699301 0.279575628891117 0.0366602554418136
0.51319192906637 0.196221990764571 0.163174334394018 -0.0961814542580905
0.518005762433321 -0.212962795840344 -0.115385391984848 -0.0354928175800256
0.20202429793742 -0.46795246189666 -0.128400523260199 0.109035949596064
-0.218071335447689 -0.391137484148828 0.0144670468907219 0.260182539544757
-0.344151269013427 -0.145872476617658 0.174477638391219 0.205318425785577
-0.404633255736808 -0.0161243685661352 0.255030056887111 0.107870141515186
-0.432951763562028 0.0433597618221657 0.266813132825749 0.0334648454463124
-0.457185356958267 0.0209841278841894 0.258644966094477 0.0601439535836265
-0.376407979145396 -0.131605547749922 0.132145576361537 0.0985332271352744
-0.278817431962542 -0.357774350548983 0.00303257991082698 0.0859316720793404
0.104979198041565 -0.53678955908719 0.0377932308868871 -0.0867964391502562
0.472400810389282 -0.334551380890422 0.188199979739299 -0.112390139453468
0.533557586099566 0.104432348840458 0.418276824507711 0.0880264828493112
0.425853589677713 0.422517652446564 0.466005045364499 0.40011336898329
0.533829532005385 0.536917549388267 0.148712952568077 -0.139151936180726
0.661243654882629 0.208152971945567 0.045157864757631 -0.162218545972163
0.646508371617978 -0.280634821253483 -0.147841788703812 -0.0463836652487589
0.256206285329426 -0.581439787636821 -0.146547774212241 0.0596454248044781
-0.243292837800049 -0.495697212840404 -0.0423902604997447 0.1854867971758
-0.397980697776411 -0.210901125038058 0.0528397872321957 0.137666891497504
-0.471214746219728 -0.0593777418123994 0.0849609914219682 0.0927925210572995
-0.50699080381765 0.0199812105793277 0.0890063698206211 0.0577543355045461
-0.529792487178595 0.00125214227306737 0.0902851072590634 0.0620255561245797
-0.431708026922898 -0.166224360514519 -0.0145012801044434 0.0590452232297235
-0.328964661348004 -0.411667477074469 -0.0917199409190351 0.0154656014060441
0.101650603842925 -0.629854066952991 -0.0161708122753704 -0.155954240866911
0.538853753448085 -0.430044721235747 0.152459552369088 -0.147027437468773
0.650897834217757 0.081167063242581 0.325451026107372 0.0499052639759091
0.556711635020032 0.484260989900211 0.336728973773567 0.245570088941434
0.601104477261494 0.526747740006164 -0.0204627389550504 -0.325098283896149
0.71405935203086 0.177592661983341 -0.109760944841233 -0.224874755893864
0.672030531324096 -0.316398647756055 -0.178694376499434 -0.051132266784016
0.261824189874722 -0.606193198759964 -0.150572837127651 0.00181384660322157
-0.235135439689954 -0.516851520828245 -0.0983152167190886 0.0794486529815477
-0.390219184767162 -0.240136939529135 -0.0823928706616686 0.0446091568131403
-0.463925467629132 -0.0956096802537212 -0.101194506063651 0.0617942436485038
-0.501424449626495 -0.00754385818744954 -0.102111794521289 0.0737557973562857
-0.519549735555042 -0.0236252209956819 -0.0929374402434998 0.0603628116963896
-0.414376650373308 -0.181707250166347 -0.163004486854895 0.0153760432593158
-0.310124088042175 -0.403009157255844 -0.180221843759829 -0.0595991878983058
0.0992742154071432 -0.60664778174323 -0.064496002697794 -0.207421889307951
0.52347253822904 -0.430484466475377 0.107903089256614 -0.156822127291023
0.647850516603733 0.0615311492678649 0.194765913643765 0.0281479234875868
0.584167143897069 0.474784144331911 0.163081378941931 0.0826558021813264
0.577886314243576 0.430836731689568 -0.203212904749221 -0.486670281550506
0.643252308685313 0.108176239683611 -0.270127094552261 -0.266680077436248
0.570970224747439 -0.291420892479235 -0.195216425079681 -0.0483369713224396
0.213949072244441 -0.51300962223732 -0.138117443067866 -0.052812777112146
-0.188453118412063 -0.439946436594231 -0.142190748171507 -0.0363986356139351
-0.317932597554248 -0.222128789003565 -0.206777813448235 -0.0536973566537727
-0.382996790778231 -0.112876847864704 -0.272641665958282 0.0211385011459342
-0.419021393033368 -0.0341963585427354 -0.276764300697289 0.0787136166967924
-0.428847297480064 -0.0503000785055196 -0.261556672754166 0.0492074092734358
-0.326820378508795 -0.180068489721317 -0.284585171613824 -0.0338677351581607
-0.227585926978576 -0.338512008245912 -0.235518048039166 -0.134513574802774
0.106766693031281 -0.475693075939854 -0.0869342079814962 -0.235142943028069
0.435444983741738 -0.330795230874963 0.0744811867804998 -0.142267867286641
0.529663547623214 0.0575640939380066 0.0617703885922232 0.0192067553677954
0.512225604675582 0.39971808605164 -0.0163438400622632 -0.0638475306321402
0.463971115166921 0.262724484295899 -0.368344767146407 -0.592735498480834
0.45583939157818 0.0209643589399078 -0.405579371050085 -0.276640945091258
0.362040496967219 -0.211738805997225 -0.195592141221857 -0.0330752415815499
0.128903745659211 -0.322906747877782 -0.112035466952786 -0.086102514492968
-0.106003056494986 -0.280339276509507 -0.161603338580086 -0.131856253583642
-0.190466775778017 -0.164721295067644 -0.293420262742537 -0.136573391019077
-0.240815528786793 -0.110641332782221 -0.400228913064976 -0.0189839859503335
-0.272745369447398 -0.0569151703496862 -0.40981588254314 0.0709420725934922
-0.274710355162787 -0.072624260677362 -0.38872475887292 0.0261572066454494
-0.191618774535244 -0.155111597543153 -0.357226810949493 -0.0869862071695263
-0.108927591922906 -0.228950257750404 -0.242056932154676 -0.201032848835423
0.105498162276602 -0.277486179193576 -0.074797834972167 -0.238128934244866
0.288337808568024 -0.181720198700833 0.0588456033574126 -0.11162924260553
0.335198062719035 0.0508485130742304 -0.0449348634056088 0.0135019742419752
0.362648304964299 0.268484116510453 -0.167075567528153 -0.181002642778851
0.272707645139786 0.0561574526172009 -0.4887938465604 -0.623107937733029
0.199176558417584 -0.0658235852721409 -0.500247043170739 -0.251383736269321
0.103560526862139 -0.101277237097535 -0.188135949266893 -0.00161265686679876
0.0273742294570737 -0.0891775657473841 -0.078670277884236 -0.0852588744714875
-0.00812111633208372 -0.0844958584287652 -0.152977774244956 -0.187522540708974
-0.0331172915556226 -0.0832704854500834 -0.330225567627293 -0.187981241941374
-0.0596710995683804 -0.0908684527996287 -0.46533151584388 -0.0535299782893374
-0.0840163712672619 -0.0693909499820152 -0.480906948045217 0.0533764016220742
-0.0836500212769789 -0.0815878881784143 -0.457699356408711 -0.00570313962184545
-0.0394396686174967 -0.10466667612797 -0.37348530267097 -0.13593336326301
0.00625367388385485 -0.0931554782663781 -0.207373590084409 -0.248081219330695
0.0735310704761263 -0.0676522862580433 -0.0403427826753876 -0.218392780830555
0.105786984964688 -0.0364063140445813 0.05464633310083 -0.0768300728845405
0.115451513744901 0.0194058741909265 -0.115786874810378 0.0040702280350534
0.172954486628166 0.0964179919178885 -0.270096150342797 -0.256075468355105
0.0161805584580648 0.150142526773935 0.401212163603138 0.232451955986198
0.108331003566721 0.0714346883786905 0.243487545118442 -0.0202253614349234
0.112757990363443 -0.068123348829524 -0.0691538231669282 0.0192334978898261
0.00874594135365659 -0.138133083193505 -0.0454343457552289 0.19038351623856
-0.112120672360481 -0.0609130760450238 0.147876595633055 0.285484035129679
-0.112664879769448 0.0330429538954138 0.346828946947953 0.206259991909582
-0.107858774334367 0.0720475099281545 0.456787791229583 0.042381314626817
-0.105254026247308 0.0743610395497747 0.468727931944228 -0.0592910420593731
-0.117636054770943 0.0666545096529283 0.453840263733548 0.0126109906201591
-0.116608643697981 0.011765140735349 0.336658673299352 0.126024885020947
-0.0989406166040829 -0.0849990675439688 0.157161425964111 0.173345873303354
0.0215264146733037 -0.151106315549001 0.0987503733080918 0.0497491142297773
0.12029754741233 -0.0507639742450446 0.184140434502147 -0.0260833617511503
0.0820226982628511 0.059293985043743 0.435544658896013 0.136326270068627
0.00882609631494476 0.0996959933588278 0.536061838982583 0.551223624215495
0.229835165723192 0.307580346247911 0.366486923281331 0.151843489584376
0.321736845977572 0.124139043879247 0.221194402766081 -0.055034731414968
0.314167493037586 -0.157806410139567 -0.0898217557348714 -0.00960848583271686
0.0945268870158248 -0.316802444216064 -0.0900665873354091 0.154819584210861
-0.185652647044991 -0.223318200582948 0.0920310638443616 0.28847163368399
-0.245212630308722 -0.0453186976926081 0.284259514132439 0.217189790952573
-0.273304869134178 0.0467204256099575 0.386459577221527 0.0725667115089241
-0.286999509154647 0.080206649237011 0.396780813664322 -0.0261874659730552
-0.307766858883145 0.0615595933102444 0.385663187508704 0.0251314895839642
-0.264889735314686 -0.056582196936062 0.259158389359618 0.111922592779745
-0.205277651036029 -0.230310430824777 0.0956009674872808 0.138382035948482
0.0610359331909927 -0.365388331021772 0.0721228032751218 -0.0172261046002123
0.310554114077837 -0.208283762268516 0.192397816405657 -0.0732160611857475
0.329374972274532 0.0837929699899245 0.454905329368531 0.10396841713571
0.244524233328594 0.270100268982004 0.547694321573188 0.485238843990833
0.417645150391368 0.431811947738139 0.278232043228151 0.0217746329809955
0.514527355788872 0.161917849656867 0.151719126110375 -0.102634827858891
0.492659318995646 -0.242706760129355 -0.115345080254317 -0.0276381775117382
0.171938120538262 -0.474469113045406 -0.12014587885702 0.11324925184175
-0.239861295666342 -0.369570178667044 0.0350409971603858 0.255959179354899
-0.34774580969906 -0.123660149393008 0.187698140981442 0.19183535075448
-0.399292953369138 0.0100529059493064 0.259125947518243 0.0871432674648493
-0.425244803532022 0.0745830479587097 0.264345469210527 0.012114556663949
-0.449940264145245 0.0543811731335177 0.258348764309149 0.0376632301619163
-0.379122825627216 -0.106615881273238 0.138633878838081 0.0870507415774645
-0.298220687753719 -0.333417065906807 0.0120928648193733 0.0843699630519747
0.0674806631868704 -0.537423295126697 0.028030132037361 -0.0887641989046401
0.44486482585798 -0.361765464979771 0.177123418694691 -0.120221675109424
0.533145202795823 0.0702599568948238 0.418712778433586 0.0613647520207638
0.448365011732712 0.389473725221349 0.484294122242111 0.367694132331911
0.559753264910964 0.494785017317776 0.138688738276072 -0.143421204083057
0.660275157739591 0.167914860412791 0.033230869813154 -0.158895110861172
0.616132784185404 -0.318510656042993 -0.147593351298424 -0.036484290761069
0.219048997950747 -0.591485333484249 -0.140413461028361 0.0652842758212359
-0.272387701893936 -0.471954063476764 -0.025080121839441 0.186465597429305
-0.405507681101137 -0.184631613591016 0.0624483410275719 0.132881456590347
-0.469148754294545 -0.0291821724628218 0.0909767147767582 0.0851545680931735
-0.499938080647878 0.0567304452922724 0.0916100381550762 0.0490435396337508
-0.522915804923983 0.0388177659617606 0.0925213907134737 0.0519358604002453
-0.435621787084536 -0.137838351440367 -0.00913960043059136 0.0580075338661114
-0.351315741933429 -0.383541731398689 -0.0861444793476088 0.0209015186984105
0.0586561296392428 -0.63135081639095 -0.0301028699881029 -0.152514486035604
0.504041951156735 -0.462156312488169 0.140751104443455 -0.152732194598378
0.647287441584908 0.0409158260138864 0.326146214218512 0.0278867064477909
0.58032604791937 0.444143764079764 0.34708460919108 0.220568107301848
0.625247459593767 0.48251162986335 -0.038350781923993 -0.317017211794883
0.713215362862111 0.133700152190637 -0.1224659719573 -0.210599445551751
0.641005567436872 -0.355070606536624 -0.177965108934885 -0.0389047657485292
0.220985950885015 -0.618615273980822 -0.14862612944243 0.00921682331920948
-0.268499271099291 -0.493871938254501 -0.0870870228074516 0.0858324997350307
-0.401331270067332 -0.213727340129848 -0.0775866759863705 0.0507549130817424
-0.46537383572369 -0.0643317543350566 -0.093846785194272 0.0681883470109683
-0.49776376505837 0.0297217031328503 -0.0943080157066311 0.0794570160913543
-0.514447248151559 0.0142169727580094 -0.0883813636234058 0.0636367250657996
-0.420514387983789 -0.155078178211213 -0.159353564845336 0.025191676578464
-0.333047950503293 -0.376183549843513 -0.179345384503588 -0.0477420906878471
0.0580920912953046 -0.60804671460831 -0.0807998708352563 -0.199020512004593
0.487024010507928 -0.461024159797636 0.0976825338282419 -0.160222891700171
0.64247410750226 0.0213169678939525 0.197711481442024 0.0135412317238308
0.609877009051016 0.431159830787251 0.164735016837294 0.0697439204700152
0.598769796949478 0.387366942192806 -0.227556340277621 -0.466380211079098
0.63950555655507 0.0695085985833243 -0.282675701995674 -0.242071646989313
0.543424539400488 -0.325044334264715 -0.193912554526934 -0.0350852237542261
0.182554371632529 -0.522395313525774 -0.139853337030466 -0.0462405059134722
-0.215742050521316 -0.420013783497582 -0.139039483490937 -0.0262743521631044
-0.329738730605548 -0.200196637897368 -0.207281356882283 -0.0386098791703137
-0.387959457514817 -0.0874056593660989 -0.266340466700721 0.0413441249691567
-0.417477102675032 -0.00329532455649947 -0.265543526309937 0.0971578390055324
-0.427466930307966 -0.0185919649961603 -0.255095584969142 0.0657990818358482
-0.334224603783959 -0.158392046196371 -0.283654032717176 -0.0144122165377434
-0.246674994686958 -0.318189195726091 -0.239209721225932 -0.117639025267358
0.0742943066588868 -0.479448829471303 -0.103559997279786 -0.224555609704112
0.407493924845096 -0.357409408292197 0.0664769413705383 -0.144701238571823
0.52597380389376 0.0241251946934889 0.0664934961217953 0.012045235507405
0.53341905913455 0.361682017432058 -0.0221235824859318 -0.0652025517656428
0.475305275510738 0.229288591409131 -0.395951279475882 -0.561142166773401
0.451048227791921 -0.00406230523094099 -0.415208723387453 -0.244368739637087
0.343293840570821 -0.232851843109141 -0.193582740738914 -0.0202696877694984
0.108206778900029 -0.328873503026174 -0.115783217901808 -0.0799492632680446
-0.12443169705529 -0.270082430919909 -0.165621369702469 -0.120000458395507
-0.200391979109139 -0.151031666048914 -0.300089571626415 -0.114194609179872
-0.247867260415871 -0.0943213216564256 -0.394956758563981 0.0112011818545281
-0.27456850194332 -0.0359994794970286 -0.396107767685469 0.0994208500848466
-0.276976755415073 -0.0522176415863986 -0.380993174066359 0.0534007159543097
-0.200427147083788 -0.142392378508724 -0.358571372242467 -0.0604910560644884
-0.122319847913844 -0.218558228109306 -0.251464300439994 -0.182597186518505
0.0861272666337229 -0.283649292582463 -0.0905131472488993 -0.227991778261547
0.271933732143895 -0.199303320988304 0.0530201412546499 -0.114729778376546
0.334587028442524 0.0289095351792575 -0.0389347090423697 0.0127378976255685
0.377085053802295 0.242955162933932 -0.178063368705496 -0.172021624596238
0.274172437504921 0.0387154747470009 -0.516243878179274 -0.58539454668242
0.192403039497838 -0.0743823948919391 -0.506499306228237 -0.214332107840805
0.0968777760369652 -0.10659822272555 -0.184664382323327 0.0104427814372556
0.0221420752762792 -0.0914632577007513 -0.0829059911110445 -0.080186967694292
-0.0152577488677946 -0.082995052777296 -0.163266956048335 -0.176689009649775
-0.0402734536037965 -0.0801528147325093 -0.340072050348584 -0.162209976467002
-0.0676166988633041 -0.0859941540422862 -0.460832986630732 -0.0180286635501938
-0.0888633474390264 -0.0626127627265138 -0.467790191331808 0.0879990581010855
-0.0889654388703217 -0.0744902120072004 -0.451014913115864 0.0271700663164298
-0.0477276562797141 -0.101195139568825 -0.378491317176065 -0.107654662903109
0.000162812471190633 -0.0923676531746536 -0.221199284812528 -0.231332285383053
0.0685909261254619 -0.0738325402892081 -0.0532317888525614 -0.210906765713863
0.101767930295316 -0.0439932407618988 0.0514673671907088 -0.081092591556367
0.115536710164951 0.0120135645341715 -0.11023667654684 0.00743012398096028
0.178711653330886 0.0851982991989652 -0.285277576348399 -0.239510382515889
0.0725290841328854 0.132574748812867 0.445360010935506 0.0778960109629947
0.126565789540579 0.02459630207474 0.209529011132543 -0.0972890544076816
0.0792261878581604 -0.101524602222582 -0.0558391431438931 0.0487378679146126
-0.0423965985848159 -0.127368485816704 0.0303050652502079 0.195246499816216
-0.119521842342298 -0.0146083505460811 0.24005514734205 0.208965299058259
-0.085697792676599 0.0699456038585777 0.392598299543379 0.0623808301039444
-0.0709465628044558 0.104300359810672 0.434160377615267 -0.130450418597139
-0.0673036674686712 0.102575626141922 0.400789663874227 -0.226119319872072
-0.0831831673392405 0.102031081261205 0.418046694006775 -0.148945085553419
-0.101944471541309 0.0489662731091894 0.355354293868683 -0.00141207063466528
-0.119487911368979 -0.0418314421545731 0.207943415548278 0.103897054429858
-0.0329001454377821 -0.144598782211281 0.105154188871088 0.0163908154466272
0.0926662584664995 -0.0876081674799341 0.155054029051012 -0.0823447536426676
0.0913090626183062 0.0252013292448927 0.444411844740481 -0.0159804562698257
0.0354503892677417 0.0873610361125995 0.665680788761368 0.334867208416697
0.329130919248116 0.201970080207913 0.375245870397982 0.0195339142663495
0.343496987039997 -0.00486789859791555 0.169452502880906 -0.113310714897744
0.230236408508347 -0.256710962941318 -0.0827818279384905 0.0433650757153034
-0.0315816569814076 -0.322488417840791 -0.0140138198719792 0.184867612832753
-0.244556165631006 -0.13636879268544 0.19826186887779 0.229423586915181
-0.234013328141633 0.0439853013767263 0.343732303782271 0.0898314496139158
-0.235549889067784 0.139090222561193 0.387505070502277 -0.0792553232820492
-0.230399470219849 0.170861303259048 0.349573135854385 -0.174107113634935
-0.257351446100459 0.16349776745597 0.359773317154995 -0.117314269089013
-0.261806735508992 0.0358273378475145 0.281953528888852 0.0105536409727567
-0.266436974219783 -0.137593834702423 0.144969972712898 0.0929285250966215
-0.0702821908873067 -0.356468119354621 0.0584547458271482 -0.030884356195336
0.214155606685504 -0.296532656833094 0.143025167362403 -0.127207824469016
0.328647702061602 -0.0368077530542971 0.45100224959143 -0.0582804327312661
0.31268825019173 0.169803456559148 0.65602625834082 0.259637005666526
0.550442379585276 0.248880911933304 0.241617245920018 -0.06850297960094
0.534939224051804 -0.0386948920868737 0.0835161795477011 -0.125725066558843
0.362662283357311 -0.398710212598023 -0.109696556904525 0.0471188474531731
-0.0201134899029593 -0.497645640044376 -0.049488860680731 0.163211171960343
-0.345275127653007 -0.250943995079259 0.141668913677874 0.218102927388174
-0.355891996451904 0.00732964197842347 0.24972963854884 0.0982827316541786
-0.367606093404117 0.14933749469832 0.280734595087921 -0.0201534823932918
-0.358516587816062 0.214500598649542 0.244714790853132 -0.0949682256144477
-0.390243700043793 0.206989439064483 0.248573138194114 -0.0637208323528122
-0.383553691798491 0.029033044371958 0.164966971425595 0.0284110187317323
-0.38756310301139 -0.200371039073823 0.0540596612575329 0.0724509536353789
-0.122625460498034 -0.517358407377247 -0.00466608233460974 -0.0776791930425077
0.284600868823444 -0.48205169773218 0.110906553435897 -0.163938622131699
0.512049996493639 -0.118415993704835 0.401669165143145 -0.0890759223294753
0.543540504762935 0.214317323320519 0.557904980661131 0.163008791653295
0.704426619885686 0.257930755624267 0.0524391119059968 -0.171259387564656
0.672594542192617 -0.0870977599759213 -0.048964150034796 -0.131109395506878
0.447327930015001 -0.515292762181536 -0.140560999402677 0.0587180174473183
-0.0209285711258769 -0.623193156114785 -0.079398255446242 0.130017869293968
-0.411535901786178 -0.332067214077571 0.0676624366455262 0.173995159074451
-0.43214828037099 -0.0290191019036173 0.116792462559972 0.0874962992975769
-0.447992717439556 0.138136794273022 0.129803357635093 0.0395452298906884
-0.432724411366711 0.224208809925031 0.103222227293647 -0.0006221709384957
-0.461923535105473 0.218648968177071 0.102058850736384 0.0066459846380052
-0.447365615818022 0.0191047684775281 0.0205930076883046 0.0518513531652312
-0.451245289980347 -0.227786934446853 -0.0559125685245267 0.0478086571866837
-0.16384656511816 -0.601285330386896 -0.0782107686059755 -0.11485358319305
0.304117961485864 -0.594560737169526 0.0652003952672732 -0.180734469630788
0.607716755696457 -0.18407834743253 0.304582140992061 -0.0928009646097917
0.687437903189167 0.221632505571269 0.385018641378646 0.0689819697909924
0.760162205168622 0.22145111332567 -0.170980687397513 -0.270223995601165
0.708751037579047 -0.135247108173915 -0.208824048123746 -0.123497698756564
0.456049392412914 -0.55889810018392 -0.167025071516708 0.0699226545538956
-0.0287750743671512 -0.649424875267312 -0.104509173321861 0.0811447489243452
-0.418104910157882 -0.35517107237628 -0.0229756074204756 0.102686778184334
-0.44103636754262 -0.0573642441857357 -0.0398213799392074 0.0618023487406917
-0.459414364443737 0.104274170246007 -0.0447312545638463 0.0926045328471675
-0.440805128568588 0.19913279657898 -0.0534667257197572 0.0937676733861196
-0.463173547036385 0.194446947925518 -0.0584640190347905 0.0805137273862383
-0.438024348686769 -0.000407482106508781 -0.128397694440885 0.0737397225338857
-0.433286394706194 -0.227857965592877 -0.165210018980828 0.0175531168585221
-0.155427583101948 -0.58148396182126 -0.139945224437608 -0.141220807688862
0.29042610525853 -0.58897163494613 0.0238478158926335 -0.17469679188031
0.598490092213711 -0.199473994165621 0.18078432778996 -0.0655455650887228
0.71201047987383 0.202135716250009 0.169756643916084 -0.0121703570884665
0.699121185538234 0.145162458439681 -0.392743837617564 -0.343904915533237
0.616201389994095 -0.166108083530246 -0.361769485984308 -0.100644032844906
0.380528468894519 -0.495972995405352 -0.181057193991047 0.0718797347309664
-0.0297830708950806 -0.548846094868579 -0.120376000503283 0.0230107279496813
-0.347007264825631 -0.307313134851719 -0.113551545512298 0.0181294152179141
-0.373030238831012 -0.0698319649555295 -0.192487461119214 0.0285394909134294
-0.396839681492455 0.0564020348671317 -0.213119248582889 0.132158285492798
-0.38163922426893 0.142377046644453 -0.201233180768883 0.173604504374619
-0.395671817371787 0.132166151313074 -0.208558928268878 0.142313411865471
-0.36110503206918 -0.0314693344891427 -0.256737653683277 0.0813229649942965
-0.333673437518454 -0.205530420707092 -0.247346406913126 -0.0241872513243025
-0.0959710739593411 -0.467735065308708 -0.168648692524977 -0.159390070893144
0.250878274127207 -0.466722142813878 0.00258222509110268 -0.15217342423046
0.491149083143902 -0.157543872786849 0.061761280872908 -0.0227729855217836
0.619598297734821 0.160880578969184 -0.0443065101343955 -0.0737823287492997
0.524225615983087 0.0432671642076182 -0.571399987573192 -0.377321186656668
0.414234828042853 -0.165355158754734 -0.47636451631909 -0.0658394476622778
0.231444536749548 -0.338700170835011 -0.178111608756363 0.0716983965807017
-0.0242605460111539 -0.344448490591922 -0.11978535945771 -0.0234601122536196
-0.211469396462637 -0.203006275028481 -0.179738546546883 -0.057488153168619
-0.240526422426278 -0.0698317680690987 -0.308728165318397 -0.00443056353093423
-0.270571673729685 0.00143520361765545 -0.346411451402897 0.15344801169427
-0.264215483795493 0.0626834538234474 -0.31948983318932 0.226750132549906
-0.271275760919819 0.0485575974196249 -0.328119274777499 0.177884805337532
-0.233328849487556 -0.0615644915692436 -0.344260989024097 0.0658144562849991
-0.186365051527344 -0.158144019043357 -0.285632236073313 -0.0781946207562908
-0.018122662662056 -0.292398410679824 -0.158103496931402 -0.170885894183997
0.18083328003091 -0.275949191317517 0.00459994350427135 -0.123299318153468
0.318295469149171 -0.0883003261792413 -0.033335226806404 0.0144365367714943
0.436105512484591 0.102172577541833 -0.221584607849459 -0.115949515655005
0.265237907591435 -0.0615026378799843 -0.681345429096366 -0.361746372574347
0.148593415171423 -0.134808031443461 -0.541248328052423 -0.017793478051887
0.0511681818528233 -0.133323183673386 -0.162408564745381 0.0800956220116555
-0.0144096305134289 -0.0940317392128239 -0.10074357553839 -0.0444421872148266
-0.0460429082009341 -0.0710406465174022 -0.206487513592381 -0.108255611427451
-0.0700473831117613 -0.0602368840287475 -0.367319860685043 -0.0294463492399502
-0.0995557861191592 -0.0550872575849176 -0.424269618985916 0.154199900766894
-0.105846456621168 -0.0244794659008841 -0.388858755337353 0.246541077344731
-0.107847744154444 -0.0373391666093228 -0.399631487505539 0.180932545383286
-0.0793124675405205 -0.0749989819679897 -0.381029630046688 0.0318519930147313
-0.0316834913785781 -0.0856393214702668 -0.280220195716211 -0.132255842628543
0.0375364854780863 -0.0926866150826013 -0.118713508369216 -0.172170906850652
0.077147928033703 -0.0763512066208624 0.0184196305342054 -0.0942216265006199
0.11216258097489 -0.0291367771655613 -0.0990080766873499 0.0370207988885598
0.199701077904383 0.0212049701261008 -0.340964017923598 -0.136439810207773
0.0750920907435438 0.128521855907862 0.443064296116864 0.0646131501067239
0.124900344223675 0.0203018906368668 0.201816847839433 -0.101298411857282
0.0751216888990555 -0.101017313068498 -0.0535107585205505 0.0502284063940492
-0.0447560110908963 -0.124271113330958 0.0380734742949831 0.191502294193848
-0.11674564566807 -0.0111005922581568 0.246819457606785 0.197916546348387
-0.0806327792807248 0.0706822715408883 0.393175502336076 0.0460967511646632
-0.0653807461943744 0.104601886426972 0.421528181775337 -0.147347693482456
-0.0618810981687203 0.104434886174276 0.383753880981277 -0.239633115751015
-0.0771917708022175 0.104879524507446 0.406515795348093 -0.167034053476546
-0.0981198053682166 0.0517530082491556 0.351444434523091 -0.0174220034663451
-0.118445466620517 -0.0357893094985165 0.210930565748732 0.0945980502099692
-0.0384933559175523 -0.140726122791315 0.102189698938526 0.0133919651134399
0.0880522148301495 -0.0902217029869267 0.149418023784494 -0.0831571177909113
0.0905877302793711 0.0224754371657723 0.437697289967594 -0.0266971196618455
0.0366591573591823 0.0830564426595531 0.668965378740546 0.311790148680455
0.331582570814934 0.18784059526877 0.372470171091763 0.0095927082382738
0.337239240093431 -0.0146044762091092 0.163224583034185 -0.114574870385478
0.217266956398823 -0.25949491837856 -0.0793925100164618 0.0461084423572913
-0.0404402965025418 -0.318963534464229 -0.00661333401126541 0.182320234579926
-0.245039022517243 -0.126358988790405 0.206617537344467 0.218848791358096
-0.228942916412385 0.0497906371372221 0.344818350273915 0.0746504096609099
-0.228259424721377 0.144551490906411 0.377767206645071 -0.0941251183728846
-0.220263244964518 0.179343903258817 0.335406062718147 -0.187319800200041
-0.247152419460677 0.173527075729648 0.350020218739401 -0.133424890894896
-0.257580129057342 0.0437451926344697 0.279686137832254 -0.00235372939654886
-0.268106865853279 -0.125262464042023 0.148554167471696 0.0857370146230586
-0.0838038892790588 -0.349763985358491 0.054481227401345 -0.0315169075535083
0.201347707546418 -0.302307926155038 0.136932974430685 -0.127754806719718
0.324656761218118 -0.0471149946380977 0.442926870868262 -0.0700810009832855
0.315141680330546 0.155360083734507 0.657400866058567 0.237238365809673
0.551511033279109 0.225917000966044 0.237020520280662 -0.0735863100227201
0.527291767392603 -0.0544449986295487 0.0782624830209733 -0.124011195621333
0.343150399775138 -0.406100309768552 -0.106019482635534 0.0505399170032025
-0.035079452558762 -0.492939843089669 -0.0441916135088621 0.16192086771941
-0.348551566631508 -0.234921784503492 0.151335946108652 0.209019102210937
-0.352127264968355 0.0177277906305545 0.252779635728846 0.0873447535477611
-0.359636973694396 0.16038996287284 0.275693352461813 -0.0321985924996558
-0.346599535768728 0.22874165690926 0.236135381722519 -0.105289723843741
-0.376640258451841 0.221263505227215 0.241460256937886 -0.0751913114126349
-0.378734739630042 0.0396829494101943 0.164030802410409 0.0200352455117071
-0.390170310057224 -0.183133981097578 0.0575081490715995 0.0679768608398869
-0.141311092371799 -0.509260363722493 -0.00953036346317968 -0.0748937996917388
0.265251402157808 -0.488265675264761 0.104722533374988 -0.163472270345316
0.504063968524574 -0.131891432868014 0.395056457335372 -0.101704272577293
0.546483253331249 0.191924764373445 0.557145465151163 0.144803280721439
0.705138119499115 0.228237922401683 0.0469985441718876 -0.170397009280328
0.661594525725553 -0.10490005082703 -0.0513462591893654 -0.12537947833356
0.420324496817356 -0.522424012906595 -0.134647356592199 0.0641922246011092
-0.0410396181104284 -0.616757699993452 -0.0755015864815623 0.129603163625955
-0.418712582575828 -0.314081231914698 0.076651384543645 0.167679989718564
-0.429124816391606 -0.0147594613275448 0.120209312014869 0.0813368044198062
-0.440244405761448 0.152194168586988 0.129719901910804 0.0327113901615841
-0.419515693660788 0.241496656483435 0.101001527395169 -0.00641239878078118
-0.447536035113185 0.236938187435103 0.0998393707107419 -0.000168506403619254
-0.442466096833377 0.0333211292723255 0.0220397147247887 0.0495514008306578
-0.456049594325419 -0.207897798863721 -0.0526150023062025 0.0476727506657662
-0.183975488207541 -0.591338960350326 -0.0831532089719827 -0.109235075792872
0.282340436460191 -0.601934103560852 0.0594454996062914 -0.180344472046114
0.595808595282661 -0.20070688721011 0.298703560277539 -0.103259074174111
0.689990917916872 0.194350495955188 0.382072265516136 0.0556823414784343
0.758090712576484 0.19344069826438 -0.175400715556158 -0.262400579068721
0.696142545105772 -0.155202389735909 -0.208491406423022 -0.113287345762086
0.429813889677172 -0.567169780567754 -0.161327814022523 0.0751783273878266
-0.0492802899399577 -0.644361808374478 -0.102959762332305 0.0824176203601031
-0.426700279888545 -0.334535122584187 -0.0159918505197577 0.100070306133065
-0.440580427022538 -0.0414686477433592 -0.0364452961708693 0.0618875742257536
-0.453392725503293 0.120309764009687 -0.0399753440554119 0.0917153105368184
-0.430178675165869 0.218222077681824 -0.0483572440189027 0.0935234323690971
-0.449579803663137 0.210245449563295 -0.0555590654954351 0.0805353737061466
-0.435262304479881 0.0136681247614971 -0.124812308251927 0.0777420451381234
-0.435122828816504 -0.209100722826606 -0.162023394610298 0.021848593981231
-0.175567477587427 -0.572321440044061 -0.144775461557035 -0.132841524934317
0.266467426686758 -0.594953748465563 0.0188046068053802 -0.17347821252934
0.585169315386118 -0.215039334602045 0.177673082117094 -0.0741240807765184
0.713808081606528 0.176126644069802 0.165872941756772 -0.0179915498136059
0.696914959809624 0.118799151991305 -0.397555572392177 -0.330094449954509
0.605981317765391 -0.18125209484853 -0.358600931917208 -0.0869828921295608
0.357125621737583 -0.504596937888933 -0.175612843092023 0.078262572350604
-0.0484616998240134 -0.54509902633048 -0.1203744866296 0.02665610450401
-0.35443858933874 -0.290582915374808 -0.109621491342196 0.0201179442587696
-0.373780191305223 -0.0562104083800871 -0.189440733213775 0.0352755789014932
-0.394128928945219 0.0708636169104639 -0.203978008872444 0.138014342471342
-0.372619411449424 0.158878706198167 -0.190319699581569 0.178683329159838
-0.385726127163338 0.148221880822026 -0.200581508351069 0.149040509482573
-0.360267764314854 -0.0196941948263801 -0.250970645554232 0.0906592682400382
-0.336072699177493 -0.191100852875226 -0.245580530616202 -0.0159765482948161
-0.113648792424078 -0.461474452516611 -0.172384411123735 -0.149926094605903
0.231086259749784 -0.471454062501705 -0.000882345703421924 -0.151906523891765
0.482628498404023 -0.171580731769471 0.0610143701586769 -0.0295460818152338
0.621751591182322 0.137879377978713 -0.0486145848261803 -0.0721248760141599
0.520908883013197 0.0255391076725608 -0.575746986551033 -0.357963130083319
0.406754312191636 -0.173987437860417 -0.470291300727619 -0.0505094666772672
0.217615733786808 -0.343120335517975 -0.172621465621127 0.0780065599295385
-0.035811145194992 -0.342749566259066 -0.121017597496627 -0.0200136151230732
-0.217456108006742 -0.19219803566074 -0.178874185549248 -0.0518707594844641
-0.242639907194683 -0.059628355390272 -0.305930169885581 0.00687040561990496
-0.270190064327234 0.0122568881304102 -0.334230594485134 0.165500871779635
-0.260243656180923 0.0750605239511779 -0.303404141125 0.23571402523418
-0.266597707284705 0.0601675059229115 -0.316033626714898 0.189670281597813
-0.234872804481126 -0.0533747413349888 -0.337918106500813 0.0791900325678054
-0.189929639806301 -0.149953501892259 -0.285913753188961 -0.0667461896367291
-0.0294257784004258 -0.290535407911203 -0.161538586283801 -0.162247556373087
0.167938487245678 -0.280834890781229 0.00144727095446725 -0.123901698365973
0.312815846945161 -0.0968742134236352 -0.0319181189483995 0.0112428801785276
0.437185157762079 0.0854634166918762 -0.225756058975517 -0.108474296318306
0.260468629461309 -0.0690865797859308 -0.683790815205665 -0.338789711032608
0.145645750508586 -0.136269557023753 -0.531592348664273 -0.00162744976481821
0.047198199351864 -0.13467361611284 -0.157784130747947 0.0853517090599081
-0.017012345379773 -0.0941603147250027 -0.102094159958131 -0.0403927532020974
-0.049211192157252 -0.0677156181460261 -0.208897112868101 -0.101365746999947
-0.0724750947190163 -0.0560796824197805 -0.366356933812625 -0.015301855944998
-0.102712803115875 -0.0494483287147552 -0.410796921919047 0.169243097830246
-0.107069746070057 -0.0188711132407837 -0.370476843445152 0.257773523372419
-0.109485011666442 -0.0321599494290113 -0.386295206828056 0.196233883614072
-0.0830948349579177 -0.0709641213291311 -0.375249828120419 0.0470933294884903
-0.0351548216850121 -0.0836634257144142 -0.282621961752857 -0.11947909818761
0.0323213892061935 -0.0951502077798696 -0.122113184548104 -0.164708773788857
0.0726865043761466 -0.0791700503050622 0.01538581860387 -0.0965592239867868
0.110873792092532 -0.0325302681955764 -0.0965573724903216 0.0364984993971519
0.200736316684965 0.0140485457667611 -0.344511501806862 -0.124033231435396
0.0787436242016974 0.126349706994177 0.448267283553565 0.0527621785486962
0.124456482610497 0.0174926299325682 0.198697322891993 -0.105861861337293
0.072782999639346 -0.103056271531105 -0.0527450283786127 0.0532010814055951
-0.0482770160595006 -0.12312916055782 0.0465416049440521 0.190011379042936
-0.116830107291429 -0.00807518455703955 0.257195082666173 0.188869319914891
-0.0774236987179764 0.0719700039534153 0.39825002184884 0.0298656402339389
-0.0618525500663135 0.106887868607317 0.416454839623148 -0.164894204657613
-0.0572315500630613 0.107772925526051 0.373086414283934 -0.255631890730288
-0.0722604461122378 0.109052332242828 0.400695748746717 -0.186926270305946
-0.0956203673537294 0.0554934178559259 0.353589749768536 -0.0334570580325657
-0.11940814878829 -0.0310227735296245 0.217004319974192 0.0869508074445849
-0.043833805762903 -0.138759863391497 0.101601727283367 0.0106171114613988
0.0847526371917536 -0.0939283190976618 0.146388765812211 -0.0858967179487852
0.0907744789436786 0.0187314229918823 0.439461640848176 -0.0387052491693144
0.0379206067533939 0.0810969792313794 0.685138815649957 0.293586811249232
0.33821518308919 0.176491020540974 0.375443083597711 -0.00105224838250023
0.337347835134861 -0.0252824750095689 0.159458975634967 -0.117478889403564
0.208875666072965 -0.266558338683731 -0.0777929075022589 0.0490525004477647
-0.0513947890935513 -0.319257594560384 -0.000371191252237373 0.182416143565113
-0.249232787669686 -0.118689824882521 0.218273086475815 0.210918353065949
-0.227953198324702 0.0563365928123759 0.35158027374684 0.0614500782870252
-0.224892004462431 0.153363148163691 0.374959058001807 -0.110382264916758
-0.214102365757625 0.190770100672998 0.326096260912362 -0.201061875629111
-0.240123223909914 0.185491697156361 0.344584801941224 -0.151102259510619
-0.257499280539823 0.0521452423257395 0.28116205844239 -0.0155017698330189
-0.272584917653519 -0.115473134117189 0.153953139641064 0.0796287612611096
-0.0969110313618859 -0.348842447069311 0.0519588370978257 -0.0324451748901749
0.190705497972984 -0.312308826382285 0.133406080023459 -0.129978977296966
0.325078901242836 -0.0574370726505928 0.443959412031691 -0.0834430279977863
0.322322291273936 0.143464651836667 0.66913635965016 0.217234904438768
0.561195393540216 0.20583173766169 0.235978241446794 -0.0800747942202236
0.527568937830368 -0.070762646551493 0.0748489084597126 -0.124277786056334
0.328788434477719 -0.416509074906696 -0.102845674219973 0.0551759821780269
-0.0515868704823568 -0.496400517606815 -0.0395616367145763 0.16299061294095
-0.358303464734679 -0.223824378510825 0.163050294413238 0.202355016248261
-0.353458915265695 0.0292598502135223 0.258458293637893 0.0767836056664856
-0.357495669028564 0.174565347224237 0.274894608576197 -0.0438938583822482
-0.338633278997486 0.246071852993171 0.230640027306438 -0.116239891874037
-0.367938868186971 0.239116999138351 0.237764721681073 -0.0881299042988757
-0.380718448316114 0.052654960697108 0.16537346782295 0.0120276441424382
-0.396689097503655 -0.17027888077126 0.0608639348825963 0.0646165403287559
-0.16038808967343 -0.508538124565846 -0.0136257353654199 -0.0735455746278296
0.247843160807196 -0.503908302567102 0.100247502366037 -0.165725255809504
0.50423977322222 -0.149833672979793 0.392970606222328 -0.115157601052725
0.557838351633047 0.173714195794115 0.564876117400909 0.128548086312846
0.714382682603696 0.205637742774136 0.0421298477396776 -0.171882903474639
0.661183700005634 -0.126196416421827 -0.0545165037880088 -0.121594312517441
0.4034644774393 -0.536926428242537 -0.131008702136245 0.0693479303773747
-0.0624112619198642 -0.621418202404695 -0.0726353937571855 0.131732813001775
-0.432167241922104 -0.299228619723834 0.0863692510310679 0.163036890481582
-0.433093569179538 -0.000300637727269421 0.124972585248344 0.0762008565963067
-0.43916370560086 0.169584851210324 0.130785933159025 0.0267072388783669
-0.410726261382594 0.263728985533002 0.0998722929296506 -0.012137928346287
-0.439257812652278 0.257559114039675 0.0981018590321152 -0.00613458043857995
-0.445414780432236 0.0474970387423168 0.02275663749252 0.0477791289254178
-0.4628173031617 -0.192522829699254 -0.0507192133590188 0.0479251886158237
-0.208594918427976 -0.58937213333678 -0.0881928057137456 -0.104846333420427
0.259955501774133 -0.615641814089055 0.0549243837478776 -0.18211088653691
0.593997532925587 -0.22174689276935 0.296177562560683 -0.115894734992669
0.702713311975479 0.170300286100976 0.385537383967077 0.0432220608292418
0.767070652313772 0.166516578556049 -0.185139966054353 -0.258125983097945
0.69662666545654 -0.176426752966693 -0.211315591875526 -0.105979092766169
0.409579719166696 -0.583151718097016 -0.157050973582067 0.0817121436027122
-0.0718113676099895 -0.649990616978859 -0.102402197056982 0.0860772016928029
-0.440526459326105 -0.320386994425155 -0.0098996865114724 0.0986623960519799
-0.445876455020129 -0.0254812925989268 -0.0345021558556616 0.0630058659903565
-0.453951383367651 0.138967448841149 -0.0360795081198715 0.0927131304962002
-0.422136760232189 0.239412317652308 -0.0444480654624467 0.0933190429321866
-0.442335355123461 0.232699732297008 -0.0536144001954898 0.081867981701521
-0.439522559939022 0.0269980586527936 -0.123247640710157 0.0829560808611393
-0.443639251078372 -0.19440302517693 -0.162701870484706 0.0264448969632155
-0.198657118707881 -0.570788922795608 -0.150094948225665 -0.126940214071236
0.244507842581295 -0.609935331600207 0.0143354054912073 -0.175657773287062
0.583622984303112 -0.236666566648819 0.175399781255215 -0.0844529297378736
0.728116673553726 0.149957991239391 0.164602055771472 -0.0242142007574039
0.704374571297213 0.0950451964158377 -0.409194549360798 -0.320379624142115
0.607866983311757 -0.201114302563821 -0.361612061427656 -0.0764302603569447
0.340640546305586 -0.519115939380224 -0.171641014255021 0.0856538966947438
-0.0671343389873713 -0.55052973080948 -0.121888419038745 0.0309749822359074
-0.368458513095048 -0.278057240681205 -0.107501696957871 0.0220722017421862
-0.379934553044911 -0.0424155075076543 -0.190517393167449 0.0420040138760191
-0.396781979977445 0.0876676546330753 -0.198180413744163 0.145614204663394
-0.368926087959385 0.177866833734622 -0.182703965556394 0.184942660656444
-0.38152630540216 0.166114677313705 -0.195714454924522 0.156818600290834
-0.36465519005431 -0.00788793942304321 -0.249779705208902 0.101711010059714
-0.344282540606268 -0.179439904195558 -0.247359578932931 -0.007816145696319
-0.131920903227017 -0.462210443523687 -0.178285952304745 -0.143680127669077
0.213356066845357 -0.485363862810866 -0.00550557074782178 -0.154343109316009
0.480069858460066 -0.188041802944308 0.0601328081564918 -0.0358409136857724
0.633876197110504 0.116802991917372 -0.0532756997237517 -0.0720519318798642
0.524562811059951 0.00718726790644683 -0.589406134087332 -0.344512883108559
0.406478807642094 -0.185894469003874 -0.473320380610247 -0.0364816384460785
0.206930278981904 -0.353570060196038 -0.169516780598016 0.0839241492674975
-0.046839579650364 -0.346890720871206 -0.124503784826871 -0.0147181073584711
-0.226583065887335 -0.183914991539976 -0.181371660937523 -0.047620672583968
-0.247684798835606 -0.0505111964821876 -0.309857485213015 0.0187689659201787
-0.27449444565054 0.0245678844810565 -0.32765961789039 0.178400111468768
-0.259943831197868 0.0887644347114507 -0.292727838931756 0.247167836022632
-0.265955133997514 0.072398977652644 -0.309564917116029 0.203113790683707
-0.240220286428739 -0.0456108771485407 -0.336225719665103 0.0946461189209346
-0.19626430190215 -0.143560946477944 -0.290281065010054 -0.0561735057862443
-0.0422274847619143 -0.293559828932645 -0.167917535510768 -0.156368142505543
0.157695046187423 -0.289786512961408 -0.00282347284298126 -0.127505853552016
0.31219723067312 -0.107476457018039 -0.0321578805681384 0.00795048274724338
0.446450912808724 0.0693503660634978 -0.233187649645899 -0.102442732988046
0.260687615130602 -0.0781360677157827 -0.697679033667254 -0.323347341160398
0.144306931341737 -0.139654578723232 -0.533470414471563 0.014027107040598
0.0437813896772879 -0.137727803963951 -0.154731787130383 0.0910844341840392
-0.0205856859409879 -0.0960699831141481 -0.105069316383704 -0.0351557003736665
-0.0528140220329178 -0.0653614271253714 -0.214406807976718 -0.0945112169400504
-0.0759884965284661 -0.0522770323063894 -0.371929094983809 -0.00129823082852985
-0.106893987409841 -0.0441045841864961 -0.403686806418258 0.185090500318362
-0.109638131369612 -0.0130494138174853 -0.359093491718208 0.273548285159763
-0.112715756491027 -0.0276331034808882 -0.3787148409022 0.214896451154963
-0.0880467835332207 -0.0680696917107899 -0.375019912655562 0.0646384207976695
-0.0391801445997456 -0.0830115317362149 -0.288840495471937 -0.108581525364806
0.0274099906000544 -0.0986508390125052 -0.12786654799493 -0.161025692520859
0.0694337022700025 -0.0833923446463307 0.0119595958157409 -0.100293671405173
0.112181660135001 -0.036156785115914 -0.0959925819893243 0.0359651098005041
0.205116645874094 0.00688283246360316 -0.353946098908587 -0.114049133922261
0.0850434201232839 0.122785300312932 0.458008154406547 0.0331952495416398
0.125159888493378 0.011460785443264 0.194231014802947 -0.114433729946478
0.0691114775808086 -0.107213130460627 -0.0505037640373879 0.0567848392124946
-0.0547781954122289 -0.12240903675801 0.0575362896682585 0.188357069002798
-0.117651256347396 -0.00322333758794283 0.272132147398811 0.175698199293037
-0.073705630223762 0.0747136982829822 0.407141068081883 0.00699277354899789
-0.0565346002643076 0.110464318403518 0.410205697393971 -0.18927646548025
-0.0508062308782814 0.111936032882146 0.358862141186913 -0.27879985741549
-0.0646742638489209 0.114379577467271 0.392084539603221 -0.215542328297571
-0.0934651085301857 0.0605090716857684 0.354665407600859 -0.0557290168066988
-0.121819035167409 -0.0248035896712537 0.225487182742595 0.075810141760156
-0.0520275391468624 -0.136325217884409 0.102100916978979 0.00620930821006901
0.079723319035085 -0.0990956519416076 0.143605081331515 -0.0908179977130113
0.0908769163706905 0.0148355103318328 0.443199315071597 -0.0592315859608514
0.0402643037832348 0.0795207833857459 0.708902886452249 0.264183744296052
0.350492893012958 0.159471935047073 0.379555766730294 -0.0170851587610182
0.338499852400606 -0.041357847202675 0.15511539236217 -0.124772008100096
0.196718281091434 -0.278182792089296 -0.0744882178630799 0.054065387294839
-0.0676021995801668 -0.321571145140148 0.00878102763143028 0.182180551872664
-0.256956282074054 -0.107231460406512 0.235523393389161 0.198669075636655
-0.227436840378206 0.0670615097363357 0.361312393621857 0.0408446809982336
-0.21968099071397 0.167339447488543 0.371126384255719 -0.132823505386572
-0.204633336939001 0.206724458749837 0.315155582583473 -0.222137855573704
-0.229928072492546 0.20181614239081 0.336897443188695 -0.175572350928465
-0.258617015198256 0.0649644012294359 0.28288666324866 -0.0331641808884975
-0.281383809956026 -0.102846644053622 0.161110811842279 0.0712225923946472
-0.117264244424633 -0.34762870120764 0.0502618346562214 -0.0342846465956949
0.175147273810002 -0.32712399947194 0.128652598751373 -0.135045418548843
0.325003915877216 -0.074738446690951 0.444623571036344 -0.105754821385168
0.332791593391729 0.126972616411958 0.68825253118575 0.188698587875787
0.575565176637373 0.178296925735641 0.235063276404234 -0.0903896569623678
0.529414907430671 -0.0972891027775355 0.0703650844051546 -0.127366940988524
0.309456143520651 -0.436687737218064 -0.099035212871277 0.0614323033494601
-0.0775061878385742 -0.500990654419203 -0.0325977179197317 0.1651380261886
-0.373379523187983 -0.206267185252652 0.178841504371829 0.192507820791897
-0.355893174787605 0.0464039642906188 0.266837336038121 0.0626461269358045
-0.353461961262681 0.195705181237478 0.27430251410865 -0.0603188406592427
-0.327475350416621 0.270662999545603 0.223144431961171 -0.130791768637867
-0.356330168309597 0.263845970967953 0.232539869052144 -0.105809636675657
-0.384584498508598 0.0715403938313071 0.16668396700616 0.00176904898354314
-0.409537660803524 -0.150681520673098 0.0659680773139245 0.0605658105424274
-0.192481844912592 -0.508061712499832 -0.0190708605632613 -0.0721529057933179
0.2223871730228 -0.522775677880944 0.0939690816425876 -0.170902398076691
0.502828539193702 -0.176987415093585 0.391548579760841 -0.135901337914279
0.574654677381481 0.143416896025527 0.578361037310389 0.101327928011106
0.731543173360379 0.168759712961249 0.0337451126663777 -0.174714788754589
0.662617528004724 -0.160595902273651 -0.060121882990317 -0.118448036285738
0.378203871886251 -0.560995249716882 -0.125819817332224 0.0763630169367831
-0.0953922693775237 -0.628596828294515 -0.0682331639756578 0.13666448773103
-0.452544063832392 -0.278007709219006 0.0992481777347849 0.157376512933725
-0.439256606820564 0.0212857878048275 0.130430581027803 0.0695911086567903
-0.437651255912547 0.195951876853354 0.133251127763181 0.018691097379927
-0.399635575505073 0.29242227745377 0.098385167064839 -0.0192174893575673
-0.427033077495281 0.28705857902084 0.0964955359654783 -0.0144612794006465
-0.450569349086354 0.0704126813904567 0.02490286359006 0.046337984637769
-0.477353824053841 -0.171013794389449 -0.0488140627073429 0.0499075707650618
-0.24466860371347 -0.587363746563607 -0.0945860094885651 -0.100086623772148
0.227538377504243 -0.638891551945814 0.0474300555143896 -0.186253247006981
0.593661616410201 -0.254314250074054 0.292964999497274 -0.133751812537871
0.722203416682204 0.132662403445412 0.391962906692218 0.0244559518081639
0.783915211943232 0.127961330120188 -0.200146363709196 -0.252155042984527
0.699119262814819 -0.212335556728142 -0.21795332260157 -0.0968485303474129
0.382565724904583 -0.609902373083589 -0.15142683373367 0.0905445025251414
-0.106016874746145 -0.658212689511806 -0.101372759876842 0.0921252254525098
-0.463697653341666 -0.298800369853884 -0.00199972963591565 0.0975501851967307
-0.453939454072136 -0.00292329120198704 -0.0323167503909797 0.0652748392957017
-0.455195519072973 0.166247760748815 -0.0313102890540533 0.0941478027231031
-0.412948736918502 0.269309681217426 -0.0405528441723414 0.0953873398279845
-0.433219344811622 0.262272285603511 -0.0510018639779177 0.0846156796837583
-0.444881519038148 0.0510119287758497 -0.120698348082046 0.0906627658131206
-0.45752747866037 -0.1731690506267 -0.16311399826442 0.0342886201518985
-0.233527963756745 -0.569746218275948 -0.157811549499113 -0.119855669064374
0.212692689341601 -0.629993161698916 0.00694061094059847 -0.17924413986386
0.580837109335359 -0.269303098820291 0.1718340117409 -0.0967226771837162
0.747970799346388 0.109692707379442 0.163945768150295 -0.0335038003391927
0.717121333076903 0.0604103393427647 -0.430658640323905 -0.305242141265852
0.607530611898 -0.23088383615881 -0.368637236451188 -0.0600308890305907
0.316806450720666 -0.541465029381175 -0.166448948068401 0.0945429342704811
-0.0946753878315212 -0.557831743057716 -0.123920892123733 0.0386567426587569
-0.387929630264618 -0.260681947742837 -0.106737467121261 0.026264983266571
-0.388747635486464 -0.0216516166361225 -0.192021905674823 0.0530915240800846
-0.399941487690852 0.112740555418926 -0.191667903216102 0.156989359449795
-0.362461208034586 0.204812419550588 -0.173371068568312 0.194991587166717
-0.375318379633589 0.191733501440403 -0.189194390188074 0.169140603197271
-0.372313105581824 0.0109644327435129 -0.247483714496752 0.117586870851406
-0.356338380575002 -0.163148379716309 -0.251423571495249 0.00494568605568861
-0.160711776048907 -0.463900479699318 -0.187607106339099 -0.135272487683392
0.18782833729292 -0.503368021852581 -0.0129731025202058 -0.157378751098435
0.478674295858104 -0.214600472941152 0.056924754475435 -0.0427068578690363
0.649725869799268 0.0815909558043546 -0.0592606065361483 -0.0705040491607154
0.532457250795141 -0.019672954623565 -0.613643044780067 -0.321126931141342
0.406127833223352 -0.206988642679145 -0.479472682861588 -0.0150576151921655
0.190953554401968 -0.367913458718374 -0.165282893813107 0.0937904930205777
-0.0657878103069051 -0.351677801256316 -0.127683434403396 -0.00701310443903704
-0.23960296149934 -0.172390316772964 -0.185923357718284 -0.0390529747179431
-0.25452557785759 -0.0363789443531527 -0.314946921018962 0.0362967524476614
-0.278907004718529 0.0419734486018648 -0.320019578107531 0.196628385305228
-0.258691952492856 0.108109917211967 -0.279947124809656 0.26428811242589
-0.265268067688712 0.0900978623048925 -0.29937590906305 0.224292371661789
-0.248084728770477 -0.0327129550997858 -0.334955569811236 0.115751246948076
-0.205680889691198 -0.134797312653925 -0.296600259919368 -0.0410416273068893
-0.0604670772476791 -0.297504441655877 -0.176957927985096 -0.148261981834388
0.141328342460598 -0.302955848212479 -0.00929346465504774 -0.131083978992791
0.312911112058298 -0.124807991837607 -0.0333166995746273 0.00594563558903684
0.4584311994864 0.0446714949674873 -0.24273641455275 -0.0923160676465672
0.260647659399711 -0.0910030118112769 -0.720549688527531 -0.295277210543197
0.142235769137603 -0.146832683096201 -0.537593765348789 0.0375929054686516
0.0375414373188882 -0.142324056576095 -0.151668954736404 0.100053524645676
-0.0251809584855036 -0.0976833898317801 -0.108454648950453 -0.0287164141516388
-0.0574695347207055 -0.0620057214206008 -0.223656427689739 -0.0849383890499044
-0.0806199938420847 -0.0477327400056038 -0.379251689756365 0.0198538178542572
-0.112448214604325 -0.0373911275963301 -0.396136781765666 0.210260793375526
-0.112562191740339 -0.00503832381351883 -0.344072934780154 0.295318260819052
-0.116880324007836 -0.0201162490305149 -0.367698817624036 0.239925638380227
-0.0939762810525794 -0.0636831734552646 -0.375005402980791 0.0877751475858423
-0.0439746508009782 -0.081974095073809 -0.298651065339507 -0.0933930349406207
0.0207959342569306 -0.103132854821185 -0.136734482322461 -0.156062251747888
0.0645471271334328 -0.0893944437680391 0.00561649981477493 -0.105040121744331
0.113351940791522 -0.0426821723173045 -0.0959478290094928 0.03852768943974
0.210566671540747 -0.00550776489420671 -0.36614900627379 -0.0978087886972238
0.0914050280489759 0.116437715803104 0.461401188799527 0.0040827321063433
0.124357393592159 0.00334958713455314 0.186579437892641 -0.125192791654657
0.0613172387691768 -0.110874621719971 -0.0460967197898538 0.0611055723052244
-0.062297506658134 -0.118713400068919 0.0700122653061603 0.181375505505142
-0.117256070589963 0.00419367543183706 0.28577591955929 0.153457482669566
-0.0677164820011177 0.0769530879070231 0.410001616141177 -0.0243273134925947
-0.0485617946053317 0.113768478065029 0.396480336313346 -0.218826459000863
-0.0423639536799105 0.115272913265436 0.335991730634113 -0.30265261885308
-0.0547161524834273 0.118274829791088 0.373185565388016 -0.245950931434654
-0.0885456496059951 0.0664539971982735 0.35075249354733 -0.0840537541677288
-0.122970537535707 -0.0159711814625183 0.231198969972172 0.0594613743773792
-0.0612068703884161 -0.131549754543502 0.101447848388549 4.1708674946016E-05
0.071624489360719 -0.104527148573786 0.138586917916012 -0.0965578071977704
0.0893341457398864 0.00946531583347578 0.440865629645099 -0.0837814694939518
0.0437691332419336 0.0761120143381345 0.726362785891823 0.21769319394213
0.357880956612866 0.134250577856702 0.379172219444457 -0.0398982588744827
0.333245794773308 -0.0641381322731422 0.147197589489998 -0.131980215637697
0.176560223111463 -0.289214400267701 -0.0695014876246734 0.0591553806662254
-0.0887561971081548 -0.317752542108354 0.0203068685426274 0.179889010899223
-0.263406516965244 -0.0897586101799743 0.250970269607425 0.178737047815031
-0.222444221791962 0.0805778543759344 0.365718511987021 0.0134125066754559
-0.208724887079789 0.182921375221032 0.360466103703756 -0.16026768779397
-0.188521520700613 0.222403067988013 0.294848641926122 -0.243267022103178
-0.212801323266132 0.218266767726801 0.320225916007076 -0.202925676104082
-0.254475556840079 0.0825060772283464 0.27918961218016 -0.0555709211423292
-0.288147479367425 -0.0830196332950232 0.16669501927815 0.0593007958420928
-0.141986424223916 -0.340288469257568 0.0467145125097273 -0.0366509034587909
0.151329215651286 -0.33921172726457 0.12136162263851 -0.141099418669543
0.319261556126441 -0.0965036608462353 0.437302484640942 -0.132344859279606
0.340401506426412 0.102958561831054 0.699981769334524 0.144014638878369
0.584231706432284 0.137775921322687 0.228986746028764 -0.103403492439873
0.52118647072489 -0.130873892844776 0.0628798583271771 -0.129584469320668
0.276647312624372 -0.453368579013955 -0.0917804523967493 0.067144601678816
-0.111453639657479 -0.497851466250962 -0.0227787913677351 0.1665732465499
-0.386573410212375 -0.180239070297767 0.194653750253593 0.17612838235043
-0.353412090017573 0.0694322110595405 0.27218457293277 0.0420796987470076
-0.341541884193834 0.221971175581698 0.268706965015225 -0.0812422569434196
-0.306005234819772 0.295792333869066 0.210321436003757 -0.145616719320544
-0.334351964554963 0.290585923360187 0.221196544510026 -0.125026558830466
-0.381683855865418 0.0979417580393232 0.16506583344373 -0.0114053522470301
-0.420121546581522 -0.122404461144488 0.0703373154307422 0.0550544040173822
-0.228759727129824 -0.49538130299815 -0.024305675719209 -0.0701124362518933
0.185736396877764 -0.540023145774339 0.0841328544263293 -0.175783867429103
0.491798811187359 -0.210770066950461 0.381961549089957 -0.160133246381081
0.584361349060976 0.101269779468057 0.584070309918498 0.0632170503920856
0.738550136879271 0.118043388398325 0.0222253773886045 -0.174834216949383
0.654674762761343 -0.20276835292304 -0.0672991581904998 -0.113704824423314
0.338755027554708 -0.584574288285512 -0.117929070477739 0.0840055779851463
-0.13781718488431 -0.625291387818929 -0.0613988814140597 0.14110807411805
-0.469875879332096 -0.247566921876804 0.112050779482174 0.146571150217518
-0.438225386922604 0.0499471045343316 0.134750894021044 0.0597353972976264
-0.425804680907217 0.229078644688072 0.134151227867812 0.00730104992596892
-0.377501499744603 0.325276481217962 0.0944882663554508 -0.026907711009097
-0.402603273306415 0.31940864410889 0.0920383083164184 -0.0229562424130832
-0.448836197464283 0.101899738418269 0.0267951462802252 0.0445059696779919
-0.488554091432577 -0.139181365729957 -0.0456542511903991 0.0524629011073445
-0.287311627691274 -0.572000987897311 -0.102088962313473 -0.093579824706606
0.181749008285448 -0.655404374101182 0.0359301908192871 -0.189190373684413
0.576942423948693 -0.29365394812307 0.28190755507871 -0.152922241963076
0.731639951961144 0.0810683955917577 0.391727049973207 -0.00241188881871175
0.788604175230499 0.0730734034607407 -0.217351147551802 -0.237458716083121
0.685094585208608 -0.258750820651603 -0.223337705079052 -0.0811657763511992
0.341228591067486 -0.632525693296915 -0.142676708633455 0.0989363416131036
-0.151980579241793 -0.655623603630795 -0.0976266411455703 0.100368098607454
-0.48357105701734 -0.265567036664736 0.00718257933887256 0.0941088908634472
-0.454796496391727 0.0287827219862062 -0.0293361980104613 0.0680709625651961
-0.445995915414453 0.201573718755763 -0.0243990841056813 0.0944278856505821
-0.392668766861447 0.303922169457624 -0.0349801093328514 0.0966131426494782
-0.410235993953962 0.295674280635739 -0.0465691824750652 0.0859788491992885
-0.444980969681473 0.0822484499087808 -0.115500514704135 0.100063968429468
-0.46900462404374 -0.143152549882678 -0.160718413193155 0.045413759621851
-0.276165397873618 -0.557002708254218 -0.167043896468684 -0.108510592715623
0.166874564672155 -0.647819945664786 -0.00567471506041856 -0.180968255580164
0.563695402444371 -0.308133452284161 0.163116540036578 -0.109142357322069
0.756219562641731 0.0541372528984968 0.160075061306489 -0.0452096069629162
0.71912341381171 0.0114625603142995 -0.45074712296832 -0.277360030307291
0.595957733294211 -0.269965577647001 -0.371801484281405 -0.0368620582690553
0.280401692045858 -0.561025598882626 -0.157654826216794 0.103594413148154
-0.134528730656074 -0.556434743070581 -0.123313608147787 0.0485918017493363
-0.405522646609408 -0.232073959458189 -0.103715785324539 0.0311420413338962
-0.391045451714835 0.00646485641060311 -0.190196503184654 0.0681918197447651
-0.395012375882906 0.144025732171125 -0.179655005320078 0.168329671474935
-0.347420707458655 0.234644152001156 -0.158439635943365 0.204505087194858
-0.359941563973461 0.220792908240976 -0.176190300654318 0.181996701984226
-0.374326564636905 0.0374546605955701 -0.238572364952452 0.136738926872743
-0.367312021538807 -0.139554581923463 -0.250694751715401 0.0221117509990412
-0.19583482027002 -0.455664759881463 -0.196535130862189 -0.121948586998685
0.150174842116947 -0.517257022716251 -0.0242433789976491 -0.158189773412313
0.46524500537595 -0.247246018410912 0.052115364728293 -0.0485014647943346
0.657826617705761 0.0335070447047409 -0.065974383177343 -0.0679658865305746
0.530654891656702 -0.0544308726146431 -0.634886347865062 -0.282394102094512
0.395804154204252 -0.233283391939773 -0.480546562277636 0.0146460772397517
0.16706742531975 -0.381374517212683 -0.157463281639708 0.103048327925204
-0.0889789428094158 -0.351968019247857 -0.129588590590786 0.00360671027114299
-0.251864251887525 -0.154239305852268 -0.18771239956105 -0.0274630336054423
-0.258041392699424 -0.0168356305353927 -0.315218867188781 0.0602238462481621
-0.278584200777707 0.0646201193213834 -0.305972189478062 0.218481159772467
-0.249531623413761 0.129289788355675 -0.259136557073244 0.281115733216907
-0.257912799626 0.111641166961607 -0.280621363803697 0.245209683413737
-0.252671049245212 -0.0147991784518081 -0.326110525066624 0.141319758855056
-0.21462724011549 -0.120852516406113 -0.29942103506238 -0.0194039715248171
-0.0835632734699986 -0.295359175275643 -0.186762728228651 -0.136693626965148
0.11818099356862 -0.31335271721754 -0.0193622074910264 -0.132791256518948
0.30561912291373 -0.146710081025356 -0.0346239724311081 0.00593345336103898
0.462998936776357 0.00971276251459334 -0.251180511039745 -0.0770910401349239
0.255182357482151 -0.107767953556164 -0.740320673240321 -0.251543293621528
0.136250348474123 -0.155799616696867 -0.535209549301507 0.0707828767901281
0.0289817124259106 -0.145077313337831 -0.143437327625043 0.108949418587175
-0.0318812162251792 -0.0984917530523015 -0.109972435027046 -0.019100316557145
-0.0610894237953812 -0.0570664020004447 -0.23029906220824 -0.0690067352300053
-0.084159051277958 -0.0398001570932608 -0.380323616117361 0.0481986749475684
-0.11632162958152 -0.0272802291499322 -0.380215435964861 0.237770477805836
-0.113787880230381 0.00460408608237529 -0.319712785801721 0.31640275083762
-0.119857483859119 -0.00998676059916572 -0.345907403803262 0.26675340050836
-0.100442201618784 -0.0563196880166012 -0.366574130524513 0.116605818760495
-0.0500172327751769 -0.0786394059737672 -0.304819785395669 -0.07089488885046
0.0113354141464177 -0.105372870664523 -0.146708489151938 -0.146162067539065
0.0567254424006372 -0.0945963187960502 -0.0028630147273337 -0.107728460774746
0.112579295663624 -0.0513560183117705 -0.094724863121334 0.0426896240602519
0.212668281215904 -0.0217718410253111 -0.374512304536247 -0.0739541359136852
0.116173587959209 0.0885494732068548 0.435839527529211 -0.0701849441011098
0.118498007780063 -0.0247537961634012 0.156546463583975 -0.143540890245334
0.038520226748913 -0.116267393100722 -0.0286893165125221 0.0725370601092889
-0.0792780451597085 -0.0983721647233107 0.105701927210121 0.160731683060424
-0.103766053093107 0.023831867986016 0.304202407831343 0.0900928256819924
-0.0436953604166857 0.0765764859137968 0.386679494887604 -0.100328967095105
-0.0237008917864045 0.113307263357427 0.342019560351151 -0.283293795699328
-0.021269519274288 0.109922974716545 0.26582423425626 -0.34355171787764
-0.0305796212052976 0.117420811431587 0.319139716723827 -0.296793821389306
-0.0745833111454169 0.0746909164625652 0.328971553106875 -0.137537766220343
-0.119319848686943 0.00368538060915099 0.235136327632311 0.0213669112469094
-0.0829120293374515 -0.117161209705199 0.100089134212321 -0.0101783437819643
0.0486801052229267 -0.113064968351116 0.119847345082763 -0.109557286190446
0.0817045270390918 -0.00644793183099934 0.416985725493034 -0.147433782163893
0.0522389974077482 0.0596063506790934 0.729927675481959 0.112736812241346
0.37160018902254 0.0547024498331965 0.343702516705828 -0.0880898115371505
0.305415486943621 -0.128744029145665 0.116806865319637 -0.133949617986963
0.114450757611086 -0.308203064681535 -0.0438754086682678 0.0834129752479918
-0.144688741205359 -0.284726407512056 0.066718046727958 0.172301293177615
-0.259876272093804 -0.0386402203672784 0.280347227245814 0.11434639715011
-0.191254666820421 0.108137238314372 0.351784231468481 -0.0613347844960104
-0.166997927478455 0.214447006507102 0.323265126734117 -0.226520000643346
-0.14252409804038 0.238234017009945 0.235681635062186 -0.282728836612313
-0.165409776573306 0.244084032835965 0.273751937146755 -0.247605106167732
-0.234405312628556 0.120509004855029 0.265909957370698 -0.0993390436509991
-0.289650352369711 -0.0322260882366001 0.175238441108447 0.0303530796853579
-0.199808236161212 -0.306910864454258 0.0441501231963013 -0.0331258365047211
0.085785194686733 -0.352453474030298 0.0933482861423689 -0.145026165897867
0.287061755719547 -0.146021938813413 0.402432173632767 -0.198165928707852
0.344735409668835 0.0389846454305898 0.692070884704143 0.0363951759094834
0.586780598511595 0.0163905805098697 0.183774901896024 -0.114623896109872
0.471132491475404 -0.228697090329105 0.0358525257515043 -0.1078533942459
0.179765037017028 -0.484045091801878 -0.0572016074931693 0.103153035614213
-0.202262719329379 -0.453571882145062 0.0318813880517652 0.171755440947639
-0.395477192764434 -0.102360176894678 0.230754895474492 0.117809316697426
-0.319744931259091 0.122272213415824 0.268822749312879 -0.0205294426213589
-0.29043394682211 0.280046283836606 0.253966199306601 -0.138587313371035
-0.242361563730598 0.330188409894431 0.169808503721706 -0.17841727591921
-0.269054469055222 0.338310409823007 0.18942271232561 -0.158655841421712
-0.355118681011066 0.159739853410206 0.162945374746248 -0.0405039912833373
-0.423639611048173 -0.0458017986847101 0.0836131142129691 0.0399945892236419
-0.312622142408236 -0.442270732095021 -0.0268744179369824 -0.0522493315195888
0.0859028212419668 -0.549990600453333 0.0494156287340418 -0.169589992374329
0.436512160595386 -0.284444557498718 0.339699949665645 -0.220292453666342
0.582286618299465 0.00102746754355563 0.564560908340368 -0.0320379181165274
0.727086925192779 -0.0312524741016994 -0.0283705446090119 -0.14171772585822
0.582269915441964 -0.321705105996259 -0.0853196316903479 -0.0638908218594267
0.214282647689237 -0.620271015324771 -0.0737759090446836 0.128356617516783
-0.253721399194654 -0.572605974781311 -0.00311863999235748 0.157477057389708
-0.489671752099014 -0.148949415336311 0.150433672792994 0.099420289509529
-0.407501516928951 0.122363979444726 0.142017457166388 0.0180902202544478
-0.373339102444809 0.306654414158566 0.142480231681541 -0.0315259788596767
-0.305732181252593 0.372673693121863 0.079146175878508 -0.0474841449918741
-0.329935670252232 0.381069779901314 0.0811354519507554 -0.0403291601309211
-0.41878639344133 0.177366836269725 0.0377959444247167 0.0346198873548301
-0.491649069256992 -0.0486282913476452 -0.0279653166040032 0.0539060804722337
-0.384174999904785 -0.507644806400924 -0.104057065112763 -0.0619068795976683
0.0610513235981156 -0.660722857355534 -0.00131476693559447 -0.173561268835448
0.506321226812454 -0.37828225162695 0.240343207597718 -0.201383557713956
0.722619182520792 -0.0417931386120589 0.367608592861525 -0.0732699459862128
0.762370642235249 -0.0814033781482717 -0.266757024697246 -0.160062836002045
0.602754058886519 -0.377253738031712 -0.228661635149566 -0.00525163086334121
0.208098978147685 -0.668758710416049 -0.0936532994463248 0.148687915328386
-0.274398115830212 -0.600227462769654 -0.0419996054546925 0.125290620028706
-0.507767057010799 -0.164719181970577 0.0407430610791155 0.067734824019497
-0.430307997429855 0.107918789356628 -0.013319032772445 0.0548052007881769
-0.400090580975895 0.287433621598799 0.00661522584845219 0.0803428867336181
-0.322729122724599 0.357982041907234 -0.0231142137378182 0.0901422679798901
-0.341863384057192 0.362804464066846 -0.0350142494153978 0.0867286366681639
-0.418592103743882 0.159048370792287 -0.0922734299472437 0.11088366513567
-0.474770225376463 -0.0554228323165984 -0.140767966895383 0.0646528761966502
-0.371466365990256 -0.49173277449884 -0.168445731617555 -0.067648309493483
0.0496359084576058 -0.648661577223018 -0.0402404027006233 -0.159789827045878
0.493921914600637 -0.390367805780102 0.128965045824314 -0.141908401202435
0.742730396262558 -0.0677880728413413 0.136749263323559 -0.084189182554401
0.680777052391201 -0.125491184572757 -0.492378722825704 -0.161666835772227
0.512708533975012 -0.369150262811085 -0.362298768456064 0.0589092231243024
0.163455885872229 -0.588933446039378 -0.110023059506442 0.151105730280789
-0.239909067442733 -0.50916090043008 -0.079962916170876 0.0783747371840094
-0.430938540587554 -0.147065867269722 -0.0790195727546208 0.0305460820347575
-0.376182579185945 0.0784071114035646 -0.167698323433499 0.0862621379136861
-0.360440694418201 0.22409014067776 -0.131028907254115 0.180906771924971
-0.290967874122121 0.287236762557844 -0.120853862881882 0.214276256846762
-0.306312902814613 0.282742965378091 -0.144173851050274 0.199734402739068
-0.356920255745095 0.106186089357953 -0.205990042345356 0.165978385563058
-0.376106641895978 -0.0694161817658202 -0.232866744185005 0.0572959672109375
-0.275346287209967 -0.406225615615499 -0.201885031463752 -0.0792599749242487
0.0551577381037493 -0.522595398460002 -0.0553311254739278 -0.139748339378654
0.408812106665592 -0.315369351750216 0.0311904793898361 -0.0656380249460556
0.645090963028955 -0.0716768161902819 -0.0835478103699369 -0.0734985379092969
0.484345972477014 -0.150239153514386 -0.66338394200712 -0.141358096030635
0.329053432800369 -0.292073490428323 -0.456548650188512 0.11576487142377
0.088311605469291 -0.395440152881603 -0.116945200549806 0.141472439870813
-0.157235975445425 -0.322391156384524 -0.103365601658395 0.0328439932286637
-0.272266983322905 -0.101334816013494 -0.177090815666704 -0.0040009012711168
-0.255874713880493 0.0353993672619842 -0.289231431133498 0.107024408293194
-0.2629701462456 0.126016183929201 -0.245705432694785 0.255626115393045
-0.216363525162229 0.172441320233625 -0.201973735864675 0.304296450385149
-0.228797225461895 0.161229081501129 -0.232251849943334 0.277433934074883
-0.247062963564292 0.035211774038995 -0.290731804299644 0.185819665611794
-0.226954837168824 -0.0765858292150118 -0.288034269942128 0.0258244063381893
-0.138248397454619 -0.270019976642601 -0.196843579134201 -0.098530886497066
0.0577402514583122 -0.320206242053046 -0.045710571590345 -0.120604401340199
0.273420716519635 -0.19232376095108 -0.0407341408646069 0.00273458803096214
0.452983603993718 -0.0622578941999153 -0.260823036402534 -0.0526922476674626
0.210366893206394 -0.146850202542187 -0.750093548441548 -0.107640771134637
0.0953121120425575 -0.166745197356716 -0.500405252354487 0.166227616226644
0.00105021727379227 -0.142479382559392 -0.112248645034017 0.132366571328321
-0.0524895825995348 -0.0903853846222495 -0.101804537533804 0.00348836648917261
-0.0738018677039102 -0.0422017871711216 -0.231446224367425 -0.0275522239529018
-0.0947440859309372 -0.0156706227755653 -0.354394407583952 0.11329658503548
-0.121844392658794 0.00481127319211186 -0.318803973620849 0.292121696743719
-0.107686464383551 0.0314381712077057 -0.251147310737492 0.350853400596259
-0.117726209020451 0.0194533622127082 -0.290890740576893 0.309514129228409
-0.106423364160633 -0.0306653683114945 -0.33576684737287 0.17023962615696
-0.0630507841974272 -0.0641017444207894 -0.303394832500941 -0.0212373584573803
-0.0119500710140637 -0.102594037723739 -0.162545703575463 -0.11817669048793
0.0359354318313531 -0.10018293970542 -0.0232166593336794 -0.103544218815548
0.103177269619037 -0.0697387105423103 -0.0894957726816161 0.0515715752678346
0.205951231298391 -0.0525780938320027 -0.376603799779674 -0.0260303329476046
0.113843032932569 0.0792779957053324 0.415870719373266 -0.0868302779220539
0.11013225006231 -0.0273805082585827 0.14599009071878 -0.143096239203915
0.0313710978465243 -0.112930120616222 -0.022788892533543 0.0714865399865983
-0.079662878852849 -0.0904656268615532 0.108109128547625 0.147401194878682
-0.0984007383393385 0.0268829046522664 0.295388654082564 0.068272584265509
-0.0393432941490745 0.0731396010277491 0.366993975164956 -0.11972322331127
-0.0166426524909175 0.109834873073946 0.311685178520149 -0.290352590040175
-0.0146666795695129 0.106720117256825 0.235822260793591 -0.340050733123943
-0.0224010750659821 0.112275022901436 0.286801765524869 -0.301836995171825
-0.0675426086538889 0.0749506836372521 0.307260254529721 -0.150783807331759
-0.113847376664671 0.00998898151072381 0.227262320096696 0.00801404660130798
-0.0842309096464659 -0.107284382777293 0.0950531365956021 -0.0134834700480592
0.0407220264785583 -0.109628677473739 0.112681582475907 -0.108999691910014
0.0766584083907798 -0.00785193375607453 0.393691747411216 -0.1586726306442
0.0507332593855055 0.0547482017644883 0.705726325647171 0.0768653253402034
0.356088171264969 0.0352131403998061 0.327033789577415 -0.0982142588488136
0.284443620194516 -0.136813718685422 0.107569429527414 -0.131351185449451
0.0945891230411154 -0.299543808826482 -0.0365517107610294 0.0819143112363819
-0.152148777436362 -0.267002102659212 0.0710363424782107 0.161379304677255
-0.250637370758096 -0.0245081498570751 0.274206475633962 0.0920138582391296
-0.179627155414306 0.11092449784346 0.334599493201334 -0.0799252235251323
-0.149314855727703 0.214902770506788 0.295888592586478 -0.235724897748435
-0.123019518562818 0.236787028072913 0.209674216017182 -0.280566888188726
-0.144038660781992 0.241346010785532 0.245658595555907 -0.252561697326482
-0.219158607712447 0.127819287642422 0.247828954705483 -0.110424676663468
-0.279779180084578 -0.0163004090453877 0.170013639745719 0.019337660828935
-0.208190920621358 -0.284033599988913 0.0404905321995966 -0.0333010969663443
0.0643613444296851 -0.341201254328066 0.0845852197484866 -0.142383996739807
0.267527972485932 -0.151555390224939 0.378258844587611 -0.206835460314729
0.330385683097348 0.020672662116594 0.664792437714013 0.00380926645904348
0.559567650375704 -0.0118841921076508 0.172859973427175 -0.115732481502629
0.438703148473178 -0.2402680402111 0.0312275196223569 -0.102724957099208
0.149919642627141 -0.471086454494628 -0.0488096860844851 0.0999932093421921
-0.215973575192212 -0.427849808804562 0.0372075386556092 0.163454069043743
-0.383104814864075 -0.0788978684950058 0.227393887930527 0.0960493464404688
-0.302469137440089 0.131889976794178 0.25734279794437 -0.0355905709064864
-0.264633264584219 0.287158286878402 0.234219957174778 -0.147844205823767
-0.214371427416003 0.331843691168182 0.151865886444125 -0.177688025136815
-0.238045951439204 0.337355554399283 0.168854054838967 -0.161796490843989
-0.333943935125198 0.17181023868173 0.153058183586023 -0.0472388360147666
-0.409039020093301 -0.0241292653324302 0.0823812239895122 0.0331895304068363
-0.32394434282125 -0.409614352875604 -0.0291414199260966 -0.0485407141856972
0.0524549871566584 -0.53110675309292 0.0407944327604859 -0.164238917458502
0.405501530763261 -0.29248668573398 0.316562108277938 -0.225834669251504
0.557006674331612 -0.0279229627890761 0.539563747515006 -0.0556256494953148
0.691156168762061 -0.0624564409283111 -0.0320554716222178 -0.13211039349869
0.543713368604188 -0.334242474039294 -0.0836606804095949 -0.0555125471614349
0.177088394010645 -0.603138541472818 -0.0638515329289647 0.124572896512944
-0.27163407075451 -0.542021464340183 0.00306340971871353 0.152266528801907
-0.476222931782441 -0.120236768983062 0.149567903143707 0.083579087298009
-0.38616274497113 0.137342677911351 0.137626928237721 0.0100259006189436
-0.342924820180705 0.317052570675037 0.13327302740821 -0.0401102936082815
-0.271608452149093 0.376340167847776 0.0712032149654806 -0.0481444617821827
-0.293983458839025 0.381989081383538 0.0721596403501222 -0.0433882579154743
-0.395628673689473 0.19230434754179 0.0367962716413731 0.0324416520560718
-0.474586610241601 -0.023887793219012 -0.0244877167872588 0.0521136941879323
-0.397487025850637 -0.468778981279724 -0.104044077386568 -0.0541680211508366
0.0258726624830221 -0.637015692185195 -0.00851689646405534 -0.166494609649751
0.469629895035896 -0.386081181439558 0.221236649734406 -0.203515768921674
0.689385480313732 -0.0765844241249481 0.346997015138283 -0.0868507501043835
0.724715654042056 -0.113753912237142 -0.262498893783407 -0.138533770008456
0.562255313967261 -0.389967025667828 -0.219477673732332 0.00725057958579127
0.168580093653421 -0.649380320773723 -0.08258187547502 0.144615832243534
-0.293732704347323 -0.566984876359996 -0.0354524565382548 0.124359409099714
-0.493825003065512 -0.133695105783103 0.0423557360634366 0.0590179126611039
-0.407922716033037 0.125096498402599 -0.00980190652890449 0.0547305346279879
-0.369207666264666 0.300896605274909 0.00862458817862471 0.074308603634983
-0.290988510453848 0.362656466162777 -0.0193021613146724 0.0881606965265181
-0.305899748236511 0.365665284878894 -0.0311924390888263 0.0841078522300812
-0.395772817975392 0.175774844405883 -0.0828012520658369 0.112848859254433
-0.457411211354996 -0.0303541022225592 -0.132248192676618 0.0681958535268661
-0.383656075511987 -0.454789734036745 -0.166012413244516 -0.057606724972317
0.0144843150159368 -0.624998946390521 -0.0468678439376842 -0.15221042591976
0.456253343210939 -0.399130836659837 0.116572654667923 -0.142158926455722
0.70755201912233 -0.102263875778029 0.125033134124162 -0.0876070087661991
0.644123459404809 -0.149899112175912 -0.479478443947469 -0.131192261581673
0.478968684335873 -0.380218381468083 -0.34632742178085 0.0740203838794237
0.13037728916948 -0.572633579955267 -0.0985014697028065 0.148283211453693
-0.257150749304042 -0.482919068940614 -0.0734058474530209 0.0825817997941208
-0.419140464645277 -0.119598107259696 -0.0743128713475984 0.0308238648784102
-0.357228032477375 0.0948126251216833 -0.157015119893993 0.0944131476763704
-0.335422751839979 0.238520119588381 -0.117956537483477 0.178740360821238
-0.263831879767434 0.293651528038165 -0.106881074635375 0.21040424374162
-0.276436983746854 0.288748186759181 -0.127916148340917 0.197715396463896
-0.338906076296307 0.121083048202679 -0.188787169527363 0.17218833975537
-0.364724809802033 -0.0479385110736185 -0.220786830943812 0.0659924910519102
-0.288279476098849 -0.3766474450729 -0.198019562210715 -0.0661854295082117
0.0256934662981268 -0.501748818872706 -0.0609542831014726 -0.132283184126682
0.378152859240859 -0.322943120236579 0.0264942746158198 -0.0648559634325988
0.61434446800541 -0.10360281708932 -0.0864206527257583 -0.0672285342767008
0.458242337447893 -0.165367809750527 -0.642490798705279 -0.107404649702417
0.305821890275931 -0.297250683595341 -0.434404226912096 0.132855920535119
0.0675872949333348 -0.384417963714358 -0.106270084108057 0.139594163111796
-0.168493066368747 -0.305947691948427 -0.0971851453697528 0.0388129119339491
-0.26546356724083 -0.0834214626317518 -0.169568676741674 0.00411485022105005
-0.242716441206366 0.047527807141923 -0.272661094443055 0.120607806731324
-0.246773596965103 0.138019287520571 -0.222670539676253 0.257200237039521
-0.19808515293063 0.179284959813208 -0.178867518883443 0.301032246187442
-0.209561290387738 0.168284841517064 -0.207050576491086 0.27676133592431
-0.236469168508808 0.0477447902313175 -0.268161160650949 0.195098015873137
-0.222130450121861 -0.0632150031272431 -0.274788178837341 0.0400333620136942
-0.149050750942504 -0.252078842356809 -0.193754527117061 -0.0853107796644369
0.0390249733759751 -0.309049296830623 -0.0517902811599272 -0.114498440725681
0.253334990985169 -0.199848424373746 -0.0404533753423881 0.00379866395485511
0.431293588151842 -0.0847966062562624 -0.255171033747654 -0.0388755716769328
0.196012535757521 -0.149665606678663 -0.724080086190692 -0.0693490635254154
0.0869346358899721 -0.165311581572689 -0.47523683602605 0.180561684767949
-0.00481428226392129 -0.138240369761822 -0.102075940917182 0.132354767667253
-0.0563220624964899 -0.0868045470117394 -0.0959572373925334 0.00983681283814807
-0.0718653970929717 -0.0369343379621829 -0.223868274084638 -0.014382661479425
-0.0903549296608507 -0.00909913678337496 -0.335328789491386 0.130227600051524
-0.11757425343247 0.0132496381747352 -0.289984298957778 0.298444107185507
-0.101547309046665 0.0374289855623572 -0.222785170057199 0.346206656073862
-0.111316450445801 0.0270355666015287 -0.259262556909568 0.311562034385229
-0.105148871596475 -0.0229011383428662 -0.310859527369514 0.182152506188352
-0.064140878022901 -0.0590836349068302 -0.291263379577875 -0.00410159945979755
-0.0193689201419851 -0.0979261958862753 -0.161800146034942 -0.105382658086561
0.0284896063803915 -0.0986399706054221 -0.0304731635687506 -0.0988155680343114
0.0963761381272618 -0.0744510597224853 -0.0849062936447215 0.0522730692890564
0.195687641893907 -0.0627989646617351 -0.363635812260936 -0.00736892485800951
0.110145212917024 0.0744095834522708 0.400916975058547 -0.0911924583788047
0.10384341411225 -0.0268858506193728 0.13987290047172 -0.140268590073599
0.0273610983618875 -0.108790001574984 -0.0189060398172311 0.0698548958828155
-0.0777983183746255 -0.0862127728332802 0.106696989321946 0.138653355576679
-0.0943378930357936 0.0275481680220375 0.285180499766396 0.0559958742937191
-0.0383435625598527 0.070287225102928 0.350564056688604 -0.129552056107417
-0.0130380429344466 0.106314041115129 0.291756058140333 -0.290186446761296
-0.0110177740368515 0.103453500779851 0.218698641190536 -0.332201492802868
-0.0187086193954527 0.107358751674374 0.265583230492312 -0.298346643690799
-0.0629802694283042 0.0735762126353002 0.290824505459214 -0.154914428199103
-0.109623825183099 0.0126051619509868 0.219644562923395 0.00216716690240929
-0.0831760240993159 -0.101334555773811 0.0910170129017658 -0.0141977575661508
0.0359893577296806 -0.105658997856209 0.108770280090999 -0.107072853066481
0.0734349687889743 -0.00688495781581547 0.37942732240784 -0.160300412966192
0.0479558757798837 0.0523240552605265 0.681723361082098 0.0611189045222877
0.341440234877909 0.0272468070218072 0.314173776070105 -0.0995031167382181
0.268821974411161 -0.135674686519433 0.102879660032208 -0.127395828533093
0.0851597357925948 -0.288984181319321 -0.0325342435835385 0.0786278940682392
-0.152786243447649 -0.255828341740269 0.0708807737947007 0.153433562028578
-0.241738845501929 -0.0188676417715154 0.265549439769593 0.0780782915693359
-0.172619037665373 0.110524084633629 0.321231504984774 -0.0887725798387188
-0.138022318652162 0.212719411575223 0.277340003366121 -0.236731628553573
-0.112514550693875 0.23340780868446 0.194173779949006 -0.273005721510666
-0.131565350189233 0.23589032744368 0.226410033898112 -0.249357971696057
-0.208927239015698 0.128729421103325 0.235043686656259 -0.113182816884182
-0.270181128871867 -0.00873443721886856 0.164377277931548 0.0138033601967634
-0.208274371467632 -0.269838820621459 0.0369535112383614 -0.032552535896405
0.0536203329948533 -0.330496304923443 0.0811059579754938 -0.138942166627327
0.255023215169401 -0.150508066732841 0.36475368804029 -0.206816612506753
0.317259220168927 0.0131276722856981 0.642177717571139 -0.00777011020017403
0.535060036455541 -0.0221204592633532 0.16625146358053 -0.112251315337471
0.417423678091201 -0.241093164456042 0.0298268963024362 -0.0980749718675036
0.135748641912001 -0.455364371684958 -0.0448522632372932 0.0959493147787002
-0.219226005549236 -0.411242194344553 0.0384978072524942 0.157819541971351
-0.369945930285737 -0.0680601348886547 0.220313011481849 0.0831311378892352
-0.289892274150329 0.133754332974418 0.247665006925341 -0.0427336146882835
-0.246728079613283 0.286185197941333 0.219390707132283 -0.15119105880585
-0.197485605027326 0.327938681304117 0.140619726294004 -0.172958956491207
-0.219389737969792 0.330768705344969 0.155483380787099 -0.16035039143706
-0.319388788676804 0.174205599147514 0.145212701233588 -0.048743252534673
-0.396211213970856 -0.0130301414588519 0.0801977044493219 0.0293326843679433
-0.325553283994252 -0.388539528579224 -0.0307543317905835 -0.0455653966519065
0.0385674401682508 -0.5122117179257 0.0380814832388636 -0.159460456570853
0.383728052010011 -0.289861536397671 0.301787002377667 -0.223108629841202
0.534532467964119 -0.0403323286885211 0.51779761421526 -0.0636857665622522
0.663830709449497 -0.0737614347400699 -0.0322263319098544 -0.123346393713494
0.517165442844172 -0.333377055906207 -0.0802187873658343 -0.0496264693241459
0.159254204222732 -0.583976634876176 -0.0592400750288053 0.120148193205253
-0.277003840766158 -0.520929481950366 0.0055224687410189 0.149115235965983
-0.460303109453484 -0.104974880054074 0.144950102526683 0.0724059153216448
-0.370923800121135 0.141446070516664 0.133477799888601 0.0058890727605377
-0.322156078105484 0.318893089830362 0.124964911978411 -0.0445271161167836
-0.251642909372526 0.373919083366106 0.0665634213529039 -0.0461106330468329
-0.271877245176351 0.37533231120469 0.0653609698731392 -0.0432505084492383
-0.378356176637953 0.196171866301219 0.0360453640903702 0.0315305388821464
-0.459508047836454 -0.0109800110852159 -0.0228754731778069 0.0500566961120108
-0.398513964498322 -0.442740705128806 -0.102916694267479 -0.0500180053489951
0.00962813587838071 -0.614699320014727 -0.0110629309513182 -0.160232778563185
0.44392233640449 -0.383485335162822 0.210426094653789 -0.200169844005119
0.661254339951796 -0.0886744345945728 0.331817484199787 -0.0904762722885167
0.694242536506468 -0.122671348021474 -0.253837818608899 -0.126223758358703
0.535141820824547 -0.388635639003958 -0.211697426232552 0.0137532560613681
0.150811946811735 -0.629576526027514 -0.0770894283385822 0.139412642117773
-0.300723033467339 -0.544266959082665 -0.031005734122092 0.123870794166158
-0.480067376079449 -0.116395362673999 0.041913812897425 0.0524603778493093
-0.392356509067355 0.130791121072038 -0.00772109603617455 0.0544856711926135
-0.348139769176251 0.304047953909849 0.00759365523098519 0.069724973918489
-0.268123985900733 0.360334713994936 -0.017709864289981 0.0865916023577465
-0.282207515009136 0.36043096709548 -0.0301382908073676 0.0819793623801354
-0.378941311794505 0.180080905798179 -0.0767236264091477 0.112639803929259
-0.442791003150276 -0.0189137990877797 -0.126737430716621 0.0685534187407982
-0.386095431261868 -0.428999458607747 -0.162986196451931 -0.0519236877838525
-0.000489864390073777 -0.602445649305462 -0.049481276902188 -0.145628881155601
0.431482038720804 -0.395345783150873 0.109936574834546 -0.139036852810996
0.678630697493864 -0.115865485151308 0.116509529477847 -0.0866102360597298
0.616875439537257 -0.156985797117457 -0.463132767449982 -0.114992888697672
0.456453282084607 -0.37790061752926 -0.332959445434276 0.0797323990406091
0.115668060713723 -0.5562469462441 -0.0934178375120749 0.143796683723729
-0.263318756083323 -0.465110491117657 -0.0684217003050722 0.083844860674558
-0.407850322002533 -0.105518761324653 -0.0713103161146499 0.0286283280606076
-0.342998781990361 0.100997204754176 -0.148533867342489 0.0974675823769612
-0.317454400741562 0.243486503954426 -0.110627685092036 0.174340808059612
-0.244645414308186 0.292916745669515 -0.0985048681787137 0.20587540419576
-0.256197215687498 0.28532390111844 -0.118694569835641 0.193762960870747
-0.324506194687043 0.127047026720783 -0.176755779645544 0.172652242537889
-0.353412830785021 -0.0390516401036712 -0.211747818255031 0.0690611420816645
-0.291046978858377 -0.355673634209868 -0.19356602954945 -0.0597246015298325
0.011408031262557 -0.484854654564663 -0.0633773944968103 -0.125915746446166
0.357207729020543 -0.321502636275167 0.0236810938017191 -0.0635008895142285
0.588725041812681 -0.115628454306139 -0.0870099166178046 -0.0630402129446703
0.438010274312034 -0.167949972317571 -0.621314026728223 -0.0903898782684545
0.293109881404729 -0.294247878223955 -0.418588485952921 0.137762908515423
0.0590537502832766 -0.37397612205761 -0.101612191194741 0.13641062465759
-0.173641471824718 -0.294957934265361 -0.0917476226397125 0.042055568039293
-0.257748380554155 -0.0741760740923893 -0.163936423604469 0.00689580954406443
-0.233160036261914 0.0527930783685506 -0.259888870006078 0.126982645445654
-0.233836461375134 0.14301102487486 -0.20926286010874 0.25364101455777
-0.18621211967311 0.180792946202255 -0.165618086613007 0.294037408139097
-0.196385040963343 0.168651546491904 -0.19137263865885 0.271157633891252
-0.227968736655816 0.0540965142378599 -0.25080118641097 0.196739784779034
-0.216412325861166 -0.0563969391064913 -0.263733914182758 0.0448430540050582
-0.15303132219431 -0.23916108718698 -0.189522854230041 -0.078195564880625
0.0288154580191108 -0.298956867959716 -0.0549456369808897 -0.109084451912017
0.239872900949824 -0.200060037829474 -0.0400423080463271 0.00397510453586728
0.413148580592696 -0.0935564562365811 -0.249721813951744 -0.0319939691489325
0.186930345192674 -0.147790443315432 -0.700021381334159 -0.0541863780039272
0.0839700647698319 -0.162736531123392 -0.456021299271846 0.18570050921729
-0.00652459913724967 -0.13479096264393 -0.096866917376932 0.12982349920178
-0.0587736000782069 -0.0844188716125789 -0.0909569888402785 0.0126125414346848
-0.0704230480135811 -0.0339938475743023 -0.215510152145262 -0.00792876375534035
-0.0861860656973495 -0.00603795665930459 -0.320216396534376 0.137797976104384
-0.113822271024467 0.0178560707161268 -0.272370356858764 0.295715135068221
-0.0968119220737872 0.04023451795451 -0.206262100969917 0.338383971553704
-0.106227434355364 0.0309636191258348 -0.240600361070735 0.304212196787557
-0.102503556964671 -0.0179152014541047 -0.292508073806764 0.184600719727209
-0.0637107356467592 -0.0556687096483182 -0.2807627416748 0.00316648853923242
-0.0235564980240066 -0.0933751327473838 -0.157953257136661 -0.0983801028846221
0.0242483838154126 -0.0961510482301516 -0.0347099419795528 -0.0943294609297452
0.091546301609928 -0.0760103166569253 -0.0816582693927936 0.0514390972553149
0.188416827164633 -0.0670134113097052 -0.353708776813318 -1.00317507505429E-05
0.10702504716418 0.0723100036058119 0.394695617836231 -0.0915349020010389
0.100629188729725 -0.0245643946353132 0.138181852337903 -0.138768004217119
0.026180485438445 -0.106149655166775 -0.0172921316866704 0.0684610834790714
-0.0763256239641073 -0.0854176282665366 0.105161708270569 0.134257884888647
-0.0925157214477327 0.0274942075872635 0.280997723796959 0.0498076345300194
-0.0386180045865096 0.0684887512635236 0.342087768767131 -0.135139534938403
-0.0107358303762086 0.103691726018281 0.280954993952215 -0.290130142523822
-0.00933282916102271 0.102696254774785 0.211772187082167 -0.327517479509226
-0.0170772700297844 0.10420113376216 0.254839838994355 -0.296024094080248
-0.0606672775330706 0.0720633017186037 0.282615332539186 -0.157338022097676
-0.106910929213081 0.0140398608635023 0.217267827987043 -0.000575533102444283
-0.0822840195219551 -0.0984754649336223 0.0889988698607298 -0.0145192108074137
0.0342222159294258 -0.10292462007142 0.108099333532305 -0.106111527410458
0.071955592053526 -0.00454499102795135 0.373593667947888 -0.160343824194065
0.0464865070114906 0.0521454434754764 0.673582669791452 0.0574265634485177
0.333007350976661 0.0244749150143702 0.310444983110377 -0.0973386660278484
0.26183594543508 -0.133329298547871 0.102839596839734 -0.125809162780246
0.0823329187495782 -0.283912132985143 -0.0309727479072566 0.0768611795686641
-0.152944587939992 -0.25300471808011 0.0699302178222924 0.150590403343682
-0.237563526557113 -0.0168611791643858 0.260051237157473 0.0714893066630145
-0.170631428958554 0.109298285953003 0.314800839525343 -0.0944037178673906
-0.13147049015662 0.211876228267345 0.26734037158145 -0.238224982419945
-0.107233692309473 0.232855041619758 0.188304563699293 -0.2692639326667
-0.125979078711156 0.232038809230461 0.216072980474737 -0.247206341808701
-0.20453084731584 0.12951827350908 0.228289167654872 -0.115125635977405
-0.265882783142179 -0.00625360953069263 0.161916028338659 0.0108352954487606
-0.208799446108311 -0.264524765773381 0.0348620022689411 -0.031724933302587
0.0501035762704527 -0.324445275750325 0.0813345926399668 -0.137153401357632
0.250409498689562 -0.147678591199516 0.358363156846361 -0.204937183012718
0.311263283699348 0.011482162864255 0.631452487979572 -0.01032693965484
0.523063091146066 -0.0233083282131362 0.165254464989157 -0.108339219206687
0.406765731764351 -0.236694689914358 0.0309934853395249 -0.0951225048928737
0.130551609270018 -0.447699406580348 -0.0433297033759988 0.0936872432523144
-0.221513811968029 -0.405544090262855 0.0386589761653464 0.15655550165777
-0.364784383725004 -0.0644231357467196 0.216085245035742 0.0758786501972329
-0.286684118226347 0.134106070203971 0.243169282341304 -0.0469111460690517
-0.23864754884935 0.286617993393949 0.210329287974446 -0.153364509970745
-0.188558387281947 0.328618591070449 0.136178341422296 -0.169543817538632
-0.210756016817687 0.326676047778168 0.147069076309448 -0.158684696904584
-0.313424099659755 0.175874686809919 0.141671065369317 -0.049615412495296
-0.38994717568808 -0.00929687395373252 0.078292174588757 0.027151792419958
-0.325892022424267 -0.38025351638695 -0.0323613885448523 -0.0443884861213909
0.0334369641556383 -0.505223631399363 0.0375993773341436 -0.156713884396791
0.375998313920795 -0.28616775967296 0.298623470401671 -0.221666535695923
0.525909017447203 -0.0423695340078238 0.509115707996515 -0.0646169079953074
0.648024795809598 -0.0752936900242607 -0.0293088620806961 -0.118826580555774
0.505831624263903 -0.330368168954985 -0.0770466370827344 -0.0467989174168388
0.152736183938641 -0.577176541102344 -0.0578799770579308 0.117916636295365
-0.280845448549767 -0.51189506096433 0.007196722558489 0.149002617290043
-0.453727457030974 -0.098805016732613 0.141760350889255 0.0657001317807775
-0.365468390313563 0.142594707523616 0.131716788417112 0.00318819693601471
-0.311937770875877 0.32081905951084 0.118368740225557 -0.0468691658195795
-0.241986223063239 0.374458211828971 0.0643518586058254 -0.0444594021656454
-0.260875493795184 0.371272638874641 0.0602902997799653 -0.0427059290962675
-0.371734956593974 0.19856154480811 0.0361539836951637 0.0312873864556744
-0.454534905925941 -0.00888935780439379 -0.0229648119605489 0.0490530759050667
-0.39946272213669 -0.43374685580814 -0.104321213507563 -0.0480738389763083
0.00462191894327025 -0.604766333561255 -0.0118558657331591 -0.157444051465803
0.431937430148084 -0.380671421543999 0.207826329237844 -0.197945689422384
0.649623968338374 -0.093148684192653 0.324002288032475 -0.0902058427526148
0.679845153419229 -0.122328338693004 -0.247690968096345 -0.120809484063206
0.525258420747956 -0.386103741532841 -0.206265931751258 0.0167853015316302
0.145348240825494 -0.622208910651086 -0.076133963450866 0.137471723344736
-0.305396492076712 -0.538294480830579 -0.0286057705276712 0.125264487114738
-0.472355022975282 -0.111161201939831 0.0397340568463696 0.0477336957588072
-0.385624639093927 0.132824433283421 -0.0062898385897189 0.0542467071452986
-0.337954522632758 0.307293222009845 0.00482672033910741 0.0670812792961816
-0.259103710084276 0.362183413797668 -0.0172039247350496 0.0869640787881122
-0.271561150440725 0.357405550963586 -0.0313062493395529 0.0820532060201093
-0.372519610388482 0.183195522300117 -0.0732055893860131 0.113351371440154
-0.435727849208083 -0.0149138019916022 -0.125479772062841 0.0678889812999455
-0.388533628835169 -0.419493293467944 -0.163051759482956 -0.0496457162008126
-0.00699098798966631 -0.593669636394726 -0.0501328863440324 -0.142719230906133
0.42098061407987 -0.390163262015257 0.108841351546519 -0.137729605359786
0.665423480492035 -0.120827158397548 0.1114055338679 -0.0855309966405931
0.60490392228621 -0.156900876794445 -0.45407453396418 -0.110023135404331
0.447620205022086 -0.376209845543587 -0.327329707698676 0.0828613889012397
0.112491790925642 -0.5495776701037 -0.0924690274845458 0.142241914527665
-0.267787415477014 -0.458886907591992 -0.0654099946975441 0.0860936940294129
-0.402028166137739 -0.100235523558467 -0.0707288754291022 0.0267554535434846
-0.337183478255254 0.102708263501945 -0.144305673629425 0.100151786352674
-0.308154193068488 0.246856345350586 -0.109766229903142 0.171892720764511
-0.237249416068114 0.295123646746171 -0.0953455589331268 0.204795472317249
-0.247211751218315 0.28322884317703 -0.116144224756236 0.191987216556189
-0.319117993584963 0.129940760344036 -0.170104039528602 0.172833808160451
-0.348652908036494 -0.03519120640223 -0.208456738133406 0.0694286814043482
-0.293106540038198 -0.348159348646378 -0.193136743284522 -0.0576822306204121
0.00721003007847244 -0.478406740597867 -0.0651234222774543 -0.123211028475373
0.348667565798506 -0.3188236876673 0.0235334696566499 -0.0626570666457729
0.577508169570535 -0.119859721469869 -0.0891062093568399 -0.0614138553972772
0.42930010785294 -0.166809333187153 -0.610723584702844 -0.0855268823560935
0.288421161511869 -0.293554382278164 -0.412169584329581 0.140389379432002
0.0573270703662327 -0.370562386002681 -0.10041942314534 0.135388331656948
-0.177666756946446 -0.292001216507365 -0.0884398897210971 0.0446605396773422
-0.25461298211457 -0.0712631078070571 -0.162219055212189 0.00729729872951055
-0.228470463375816 0.0546826925571628 -0.254064482869483 0.130991935376327
-0.228278569455632 0.147438822315147 -0.203638898298243 0.251680557379595
-0.180017069438394 0.182340331394821 -0.160244265739685 0.290567237646976
-0.188675966404366 0.168516753916593 -0.185065240464846 0.268753637906319
-0.224674673124033 0.0574844748196293 -0.24172931154078 0.197723039952748
-0.214039392600743 -0.0535240372909216 -0.259484092924139 0.0467964729687505
-0.155762381622645 -0.233533579956532 -0.188306204575219 -0.0750155501839089
0.0250763494652613 -0.294892013894591 -0.0568121205821789 -0.105907295616271
0.233046491480394 -0.199463511590803 -0.0389385935052882 0.00366883041372046
0.407112607377377 -0.0965957272323198 -0.248712220741469 -0.0304624675129483
0.185263850159419 -0.145576159598892 -0.688281756568874 -0.0525960846889237
0.0839353329132501 -0.162701392694332 -0.448673585583814 0.186204079644309
-0.00586305007335459 -0.135174159254619 -0.0959496590886154 0.129503746953455
-0.0606626928471602 -0.0836810373039218 -0.0875075648639349 0.0148124520060325
-0.0695158792256754 -0.0330979764489967 -0.21221604885067 -0.00580058268698147
-0.0840328423768607 -0.00509390997657632 -0.313374207363875 0.143074566602479
-0.111574572872419 0.021528028275083 -0.263192881078976 0.294053618245928
-0.0947474784597703 0.0422011879591184 -0.199505656601151 0.333252944107583
-0.103171917373699 0.0326096546158504 -0.230771011062742 0.301029360507953
-0.101936120437453 -0.0150685116093934 -0.282960599229736 0.186412814147005
-0.064581171397288 -0.0545023033508551 -0.275427673671357 0.00681950247365383
-0.0259393473304838 -0.0906704711628771 -0.156455507182429 -0.0949818065747646
0.0219267056224381 -0.0954036977734099 -0.0372574677229875 -0.0915106012486775
0.0886541599325975 -0.0772738339081454 -0.0802480213808246 0.0506287254105471
0.185938071249973 -0.0695068282067683 -0.350343380815298 0.00173453607005357
0.107761500732776 0.0717722533783952 0.398649107925434 -0.0948121061223985
0.100385618771136 -0.0233969749845535 0.139799647461716 -0.142867589064903
0.0252166717935324 -0.106504968009939 -0.0162135162637226 0.0693638934951959
-0.0776719738118913 -0.0862122752098251 0.106770228401241 0.133622175055162
-0.0925045161160218 0.0280380293970908 0.282566179815872 0.0444605756195
-0.0401301850709288 0.0691359539078783 0.342455719099753 -0.146113482291939
-0.00815841168427799 0.104787109024391 0.277238405553596 -0.298479544333151
-0.00702073607050292 0.104580471441649 0.208051582140646 -0.332757339974411
-0.0157520717954246 0.104959991459391 0.250110678290469 -0.302886208309439
-0.0598231903750703 0.0736459239603053 0.280271761098117 -0.164080383420597
-0.107090362405569 0.0158856417482231 0.219318669153904 -0.00397689078973959
-0.0840076308640029 -0.0981536982629919 0.0896417700828052 -0.0149795070176085
0.0336299617441934 -0.103292970223178 0.109804985078457 -0.109134228757202
0.073679096432301 -0.00351666092796852 0.377948960114863 -0.165881471137856
0.0464636736235901 0.0525446349691147 0.68217555446582 0.0532068264410164
0.3345901026195 0.0229747341315454 0.314983793692032 -0.0994424623148005
0.262108560632299 -0.134368225980557 0.104878683396191 -0.12791391844364
0.0798815920712608 -0.286228421943022 -0.0304105518837459 0.0774641921069614
-0.158205974527156 -0.255275891572095 0.0715636784212879 0.151149554760045
-0.239547843507199 -0.014945237536563 0.261377494837831 0.0650945194866292
-0.172857755237729 0.112872327207054 0.314674159023769 -0.103045132426693
-0.12856671276958 0.216248760746413 0.26159524180407 -0.245732789220913
-0.102632243864915 0.239308876291503 0.184858601852437 -0.272931776252314
-0.123723679791792 0.235050917800565 0.211216341171158 -0.252198626338958
-0.205167217254802 0.133597334382758 0.226839703061557 -0.120033090189411
-0.268955057684987 -0.00271250782489453 0.163735740489432 0.00821694415869387
-0.21543819385872 -0.264209013355231 0.0341841094652126 -0.031874578590432
0.0470505118982988 -0.328093529593299 0.082568615110257 -0.14009415329548
0.252258981097981 -0.150089752816317 0.361751991957008 -0.211278232353497
0.313972551468358 0.00859081634628081 0.639288965264581 -0.0155341265750693
0.526589611294377 -0.0286583712376775 0.168852694469472 -0.108533206024695
0.407729193506911 -0.241547812125959 0.0326800328390898 -0.0957317004538172
0.1272890452012 -0.454169970485732 -0.0430097389675721 0.095397163732885
-0.232436688359862 -0.410001032939714 0.0408422874094021 0.158485171927376
-0.36874397610869 -0.0607237315979261 0.21572324442681 0.0702774705021738
-0.289861444415183 0.139734110146378 0.244284143368549 -0.0531034366515404
-0.234692371711158 0.294926506261963 0.204904572832597 -0.158686576314764
-0.182956711005827 0.338085228525932 0.135229600363006 -0.171278752387928
-0.206885679649327 0.332236472901438 0.142698170933851 -0.160873813129165
-0.314634815809066 0.18253035457893 0.141243119916558 -0.0521596124529644
-0.394740045035632 -0.00489230789533591 0.078971204785321 0.0257509539254952
-0.33747448196698 -0.380431616726547 -0.0350305534933913 -0.0432322590801184
0.0270383959212457 -0.510489714660187 0.0382004624161626 -0.158922593099752
0.37778022496588 -0.291008353783804 0.301939531820411 -0.228091432149791
0.530803530478108 -0.048334775866179 0.513730583696355 -0.0704859141575487
0.651719260734911 -0.0800538338163811 -0.026762534541801 -0.11768321775274
0.50678485883795 -0.337474125684595 -0.0762625978221401 -0.0450846998476512
0.148214816790867 -0.583896413509699 -0.0575946678372428 0.120129721172788
-0.296296318666108 -0.518375491540758 0.0103417447270539 0.15329678611809
-0.460066041594493 -0.0943355862503801 0.14157286562321 0.0620883682756816
-0.36907154102866 0.149377410974037 0.133120328981533 0.00110655245782332
-0.308245372144377 0.331393253095406 0.114041006709071 -0.0499327244016513
-0.235824682095648 0.385372660815042 0.0643843846224106 -0.044356733325211
-0.255656747516744 0.378589987774984 0.0574004684275696 -0.0425116133339513
-0.374103803463858 0.207088265022698 0.0365175530111335 0.0321601415288147
-0.458119258705248 -0.00119314683879618 -0.0240150391293199 0.0492885796690421
-0.414628785719018 -0.433592194000611 -0.108433087138861 -0.0457574729150267
-0.00242410577500309 -0.612567683951376 -0.0122611340933786 -0.15828257050553
0.434510545545727 -0.389146649103769 0.209471512578132 -0.203553274094313
0.655461467689748 -0.101577997670833 0.324742342467071 -0.0940908805872276
0.68269778308569 -0.129944742953217 -0.247497778749516 -0.117979626883136
0.52659557539681 -0.396044600371544 -0.206863188015974 0.0212613805491181
0.140107463919296 -0.632325486973283 -0.0761799848445511 0.140468513359395
-0.320742841482368 -0.544247455471645 -0.0263172587903079 0.1301987720243
-0.478915539635986 -0.106349826962075 0.0388896988442482 0.044805014170218
-0.389599491814652 0.139123159752754 -0.00469317595505542 0.0567295902969253
-0.334268787505574 0.319600127608312 0.00227514221920607 0.0673032066229787
-0.253393218299685 0.374900240066419 -0.0158374969576751 0.0894619569203405
-0.268027203356135 0.363781199008341 -0.0326179257280763 0.0842883202533297
-0.37395306264088 0.191723247101661 -0.0710602546178733 0.116187718197981
-0.442133844849156 -0.0105657829812261 -0.127323819072061 0.0701301345977795
-0.401514301751369 -0.417063308769379 -0.167639697692955 -0.0469457563569388
-0.014657321909947 -0.600265845672987 -0.0516445370577664 -0.142328791358719
0.420482544911731 -0.399822926258481 0.110432983501416 -0.141315297657144
0.671873831550745 -0.128522617956779 0.10967421121986 -0.0873218432254264
0.608850204554224 -0.162054268360496 -0.456797157936473 -0.106778818042019
0.450188734086707 -0.385429982957489 -0.328565899670289 0.0895862061110018
0.108251561263313 -0.560104741060598 -0.0929211106297495 0.146152932118157
-0.282125889486413 -0.46374504203774 -0.0624208899828329 0.0909255334897996
-0.408046126087425 -0.0962287375368672 -0.0722605537586033 0.026414587007324
-0.339944815858547 0.108426053547625 -0.143220922883989 0.105631555196904
-0.306386801206171 0.258201561207456 -0.110517543520376 0.175100905006139
-0.232746926277995 0.305645827972286 -0.0929446317439692 0.208595713096954
-0.243544696503961 0.290137722801072 -0.115199589855545 0.195647784905025
-0.321347469240678 0.138275514103372 -0.166717289245247 0.178479685695282
-0.352339625476891 -0.0320026328510611 -0.211323830785442 0.072982817334571
-0.305003443538559 -0.346938906548068 -0.197949494904114 -0.0543940787940753
0.000582116721110082 -0.483084201093797 -0.0675031351050064 -0.121797924998132
0.348034177113871 -0.325023978725727 0.0242651493018903 -0.065168244677398
0.582361068355404 -0.128476276391306 -0.0937281750973975 -0.0609094487449591
0.433368339866326 -0.170473168809052 -0.615273465323249 -0.0821747842807859
0.290989112380239 -0.301460964229587 -0.415150289006577 0.147546232852623
0.0546700958926567 -0.378905843241081 -0.101015885181237 0.139640932471822
-0.187627055938216 -0.294801870116779 -0.0856739554499904 0.0485493278866267
-0.258625232072185 -0.0688625800978552 -0.163521272676677 0.0096209334243443
-0.231019437636119 0.0583206057178593 -0.252769316813873 0.139417248454285
-0.227419466562375 0.155847997754838 -0.202786739597058 0.257734494172792
-0.178044888608467 0.190221892863295 -0.157675144871532 0.295769971020891
-0.187273983175054 0.173192851034893 -0.182501897807545 0.273471050813045
-0.226788629158468 0.0625856545014073 -0.23898814791329 0.203757590188505
-0.217540682391833 -0.0517205784432969 -0.262522310275679 0.0503882799903776
-0.163906053374139 -0.232954440338095 -0.192080219014202 -0.0730033830409388
0.020557548404032 -0.298856391921665 -0.059603044881514 -0.104952825741576
0.232792038499267 -0.204761150681347 -0.0388107990149051 0.0029849385545188
0.409625174765092 -0.104935929082145 -0.254265058582101 -0.0277981624674224
0.186937042999078 -0.1488799658499 -0.695912246018504 -0.0498279183760181
0.0857862064920248 -0.167384892157636 -0.453676185153861 0.193935955199254
-0.00714242645741565 -0.138788736739572 -0.0959004138180146 0.133084166214726
-0.0643778424212877 -0.0845179287772476 -0.0855277581726588 0.01702056553018
-0.0703081753092653 -0.0324751277090095 -0.214191898142304 -0.00223281748999388
-0.0844679784874022 -0.00455625718611865 -0.313384891939645 0.15268804443344
-0.112690161332574 0.0256523914586393 -0.260493991091074 0.301244581157376
-0.0955080170032296 0.0456573353236561 -0.196669253794261 0.339068459399319
-0.103073580939579 0.035146909656576 -0.22710223784693 0.306851390430803
-0.103688839981867 -0.0123766129939508 -0.279840705696827 0.191663783273677
-0.0666175824941587 -0.0541313266753091 -0.278163623585288 0.0108215801434674
-0.0300696099448643 -0.0903349708206642 -0.159973741280959 -0.0931875529945488
0.0198816543926842 -0.0981407372149121 -0.0406821679003179 -0.0907787405623693
0.0878863372171585 -0.0804125621711217 -0.0804459478172832 0.0519616357688283
0.187155172378407 -0.075315851351261 -0.356631932743957 0.00584770849820341
0.114770355426211 0.05168477611395 0.394434652418654 -0.114767661051909
0.0954107652050535 -0.0364082106741609 0.131771748883495 -0.149656266782301
0.0134489717028167 -0.107879852795995 -0.00107477255581005 0.074448795263144
-0.086430289324682 -0.077225069183727 0.126393048700541 0.12125151703679
-0.0850085124772356 0.0345648648080006 0.286574209936281 0.0107843587160373
-0.0334311948754738 0.0675713089619855 0.327359844083994 -0.18319483363685
0.00636464569106423 0.102443966128897 0.242125314588693 -0.335331514733195
0.00265167550849596 0.103610098823493 0.176688229911753 -0.357343758873334
-0.00318054964178658 0.107219339757229 0.227859729489045 -0.337123417055078
-0.0515691880986386 0.0836839345930236 0.274950512482706 -0.200224506579892
-0.105399229992931 0.0308036376110594 0.229848887958825 -0.0268130232917215
-0.0965281627319263 -0.0880281494486301 0.0964518111012646 -0.0225665915152064
0.0248280302175412 -0.104086777213537 0.105794067473999 -0.120072408095138
0.0767921795024631 -0.00128966983015101 0.378049672979922 -0.209322214453943
0.0506639697738904 0.0611145096924362 0.713045240898602 0.0037490452573321
0.333133568461768 -0.0231184221525674 0.312419121706822 -0.0966138556944119
0.242559296460054 -0.165558855527659 0.104342002158897 -0.121397191462198
0.0440015389870941 -0.295404242775426 0.000328160385322854 0.0904093099444036
-0.191678657441623 -0.234894345925604 0.109008995078833 0.139441822499378
-0.236682670172081 0.00812890746559375 0.268396179193156 0.0237093990353974
-0.162368630817626 0.125643144260026 0.302039512695919 -0.144097361456363
-0.0998925128103768 0.233465913950567 0.231277540445352 -0.291717787280683
-0.0793794479205956 0.249069296652206 0.156749451775695 -0.293888261253459
-0.0956587200193706 0.250836153758669 0.192262445727089 -0.280544296550792
-0.192662893707791 0.160746352174416 0.225920681540597 -0.151382402888788
-0.270160715238001 0.0296229251235678 0.17529410675983 -0.0112989361883359
-0.250669763010497 -0.241126172350811 0.0442416692502489 -0.0313557039901992
0.0150873731905219 -0.335737342138232 0.0767690254178985 -0.139203524778933
0.24789038873331 -0.171198405818061 0.344375002727294 -0.253520601216269
0.327141548585714 -0.00963621170772798 0.646730059112321 -0.0710612604835706
0.516435163470283 -0.0941990787636086 0.166838462322121 -0.0820395586654142
0.375436466991181 -0.288528585492609 0.0408199996888806 -0.0732640528815833
0.0686762415915214 -0.469220282680097 0.00362315792848065 0.115260910650664
-0.288607061789077 -0.377929955737107 0.0937895978151672 0.146967898317787
-0.371150963961695 -0.021696579452041 0.226012548702213 0.0242913798575345
-0.277087704815658 0.166116347184077 0.23540741330216 -0.0920696555815233
-0.196737312730591 0.329331036761418 0.183312823217425 -0.208771188585135
-0.14932848909553 0.358245023856215 0.113914696559155 -0.185720220821713
-0.167589694872552 0.357666514280263 0.1302323947867 -0.178972031463525
-0.298490369714461 0.222566035949498 0.145457242445173 -0.0740848207829481
-0.396993849170503 0.0403239354989598 0.090556555868965 0.0126487627653456
-0.388869429415433 -0.344997627673754 -0.0243463513190286 -0.0358720731534275
-0.0251757067692705 -0.521947915297534 0.0319266115542158 -0.146478154366985
0.363229134538847 -0.330999856705886 0.268327912408546 -0.26249092741199
0.549044463393438 -0.0916650470472563 0.497373956378223 -0.124580446793173
0.633946488648812 -0.158493687453082 -0.0287670441548917 -0.068803483631855
0.463682247802745 -0.394735240388441 -0.0599727648633177 -0.00628605531789902
0.0751504936576275 -0.604197520350027 0.00129073902633515 0.14553822383714
-0.366790347790051 -0.479574355053095 0.0735315084239032 0.1408587539074
-0.46853532494902 -0.0437893092560802 0.151325235832528 0.0159911398019754
-0.356185061875398 0.185858367962669 0.128506181010707 -0.0300478685727702
-0.266888565155668 0.378571077544909 0.103745474877336 -0.0947624951013938
-0.197577498334605 0.411754650059827 0.0536674673913621 -0.0497854648449933
-0.212005501520582 0.410491645940039 0.0533557147806371 -0.0478271670740496
-0.355716741745527 0.25292170731122 0.0459050670784871 0.0229239520581778
-0.460973304123989 0.0484200767538907 -0.0139264836628804 0.0459707642802517
-0.471990200427568 -0.389949373194267 -0.0973334321522965 -0.0313709285413329
-0.0672256796236996 -0.621961823234386 -0.018090428976905 -0.137263021116069
0.414041528640146 -0.436684616721465 0.16862470055584 -0.22727424091449
0.676194330910777 -0.159285712794031 0.290170092250318 -0.138061411163856
0.660594929600914 -0.206397241022242 -0.250599096002974 -0.0529858496603971
0.477400689025241 -0.453804345175684 -0.184249370316445 0.0729678266046576
0.0607859507205391 -0.652874916148459 -0.0117054581600436 0.168332161927539
-0.398808708949974 -0.500594430410603 0.0388113014765364 0.119409760985628
-0.489965966953978 -0.0523478311526604 0.0472863101663688 0.00695680879312886
-0.378645141766064 0.181022644918575 -0.0042143624798507 0.0382407226759054
-0.29491262956764 0.371418964039139 0.00434442481732187 0.0341565713568127
-0.216315180552311 0.403001081161743 -0.0147524470270332 0.0934678172961757
-0.224056493081826 0.396876569778521 -0.0264155417072651 0.0915790048962487
-0.357671445865945 0.237320863475596 -0.0574508619003009 0.120386858085954
-0.446172182719875 0.0371360490113779 -0.119755406876951 0.0777108028306242
-0.458231807708245 -0.378311152254944 -0.161608029172392 -0.026847080908945
-0.0783882847362319 -0.609137936381291 -0.0579998974459731 -0.117011904595721
0.397100710147771 -0.451261353007446 0.0687999293490035 -0.152498048226499
0.690824285596273 -0.195317673257135 0.0636824585874074 -0.115341832382512
0.580034902526297 -0.228595755300402 -0.46040318620059 -0.0344028521334427
0.404872448026556 -0.431135304457116 -0.304270332619699 0.146648876668178
0.0376870871533921 -0.576078572774509 -0.0335213050897046 0.171785174547958
-0.349642698402797 -0.427194278106269 -0.00850418777996333 0.0844318626849873
-0.420240362775161 -0.0484617877541843 -0.066233591178286 0.00424686131131358
-0.332614435584312 0.146495258146321 -0.137993943552571 0.104768265215745
-0.275148196801212 0.307997982959933 -0.096005770507592 0.158779189193394
-0.20204040927217 0.333452463368451 -0.0808224116802352 0.221626912348094
-0.209767541073736 0.320275661579246 -0.100897557123138 0.213741427992133
-0.310816776115116 0.17537680560745 -0.150742529001229 0.19581054224306
-0.359370085046251 0.00392608068980464 -0.207649761766866 0.0907307172186015
-0.350251065109784 -0.31707448723088 -0.197424785659345 -0.033074665811326
-0.0498421466440033 -0.492447815904167 -0.0755936674496945 -0.0988500161496624
0.328188261479141 -0.370103275475369 -0.00870421881715751 -0.0657400063360551
0.596545756839249 -0.190107779211459 -0.140362913658707 -0.0705817452263905
0.405991361045244 -0.214280526235564 -0.621545934688068 -0.012382324161824
0.255846490532425 -0.327948627623439 -0.392116356769944 0.202589535025255
0.00785250187832117 -0.386616023142715 -0.0577154487015918 0.159471842635025
-0.231723596301269 -0.269734963491165 -0.0512821118421434 0.0476510430127262
-0.268605924728944 -0.0370108777774049 -0.161307200280841 0.00641302581640947
-0.22630612574659 0.0868124137815388 -0.242921095877322 0.154392901396881
-0.209657789097002 0.194138425629646 -0.178146355181644 0.261060362012063
-0.158861795857311 0.213130697987778 -0.13436331611394 0.315805412100627
-0.166593433524878 0.197281360382724 -0.162007554631 0.299444109278308
-0.223128664870707 0.0879670769354196 -0.224067972602329 0.23079287953163
-0.224703584635076 -0.0311547830436211 -0.264550375971813 0.0746704468367952
-0.193155395426954 -0.217207739661744 -0.199811804966486 -0.0539394707041722
-0.0111844262273787 -0.306966153656839 -0.069467354943374 -0.0895239416759201
0.219157720620411 -0.234828520894291 -0.0587760796863434 0.00918448602212989
0.419522302290468 -0.151689794913438 -0.294709951522915 -0.0200483105071475
0.165196700490891 -0.160822937700322 -0.700483979748112 0.00833790113849575
0.0672563793773627 -0.169726990917425 -0.43577703400685 0.238646220788077
-0.0235668660399529 -0.138650443500277 -0.0734497167671477 0.144299109447882
-0.0786882998898852 -0.0745921107983655 -0.0734779466425477 0.0210447569706985
-0.0769536719093847 -0.022317929969445 -0.214360016646137 0.0128849810699446
-0.0854563578138177 0.00986504425065704 -0.300230187857549 0.180793547955113
-0.11054074893643 0.0470840493648371 -0.229712384993165 0.323442877413175
-0.0904615509269408 0.0589192627350154 -0.16843875320556 0.363124781073401
-0.0992897681674232 0.0487103404867888 -0.204223873099412 0.337804432423686
-0.106659738925451 -0.00213553244778694 -0.269148553297303 0.224656529575737
-0.0727588300199943 -0.0502501048953299 -0.287563717112381 0.0379238604092438
-0.0399278065747234 -0.0885290939825975 -0.173702537844029 -0.0800286578276694
0.00941550262522914 -0.103208918080926 -0.0515988155107835 -0.0849083289374125
0.0819992997140781 -0.0952269808911669 -0.086094310454181 0.0617868101932879
0.189302790161826 -0.102031205097467 -0.38501115087277 0.0284261403230432
0.117724899516129 0.04591180717003 0.394664447578528 -0.137902391802049
0.0938304678869886 -0.0404097164303909 0.123950213269385 -0.159438600581546
0.00743776362285974 -0.109240467249844 0.00408217268179691 0.0762213079791209
-0.0930629270408073 -0.0736110727417803 0.13429568832352 0.114851003662604
-0.0842761494285542 0.0392756612203841 0.287114565367542 -0.00841254101004007
-0.0309362914514672 0.0705737802790238 0.314765018643348 -0.20854337707132
0.0131559398277418 0.101949310596944 0.219714146956132 -0.353805126198708
0.0113803949766778 0.104180273988198 0.15523343592815 -0.371010890813269
0.00364631620017383 0.108103596118771 0.205803381629718 -0.353679491398367
-0.0458496471701377 0.0863438367687612 0.262021154004371 -0.219340395461486
-0.103214061848467 0.0373402967634277 0.230773531712661 -0.0421661711083292
-0.103067650640671 -0.0824105431187366 0.0957623559063908 -0.0286493513312073
0.0201444364135444 -0.105661911140896 0.100317120263927 -0.128990545727374
0.0786678936203386 -0.00475727014106535 0.370117868939494 -0.235429868379108
0.0537389859691872 0.0591748091603341 0.721296317409696 -0.0382200277027204
0.333771683869909 -0.0422742344466778 0.313348263184327 -0.114177599568388
0.23425062377768 -0.178752154154427 0.098786760132714 -0.128806650042776
0.0266288847969211 -0.300258471480836 0.00660674953356983 0.0923023279227026
-0.210752738153745 -0.22620152299572 0.11849117649933 0.134254605329767
-0.238822867539824 0.0227718454815562 0.269086249240326 0.0056070890677447
-0.15778660049711 0.137987893246089 0.293168338259459 -0.166323900682196
-0.0846290346586288 0.241771942882827 0.210387832497021 -0.307965558242864
-0.0610338444414281 0.257997154870477 0.139947957184012 -0.305698497668768
-0.0803224309333163 0.259524392541225 0.172585427178107 -0.293862379010486
-0.184531999212007 0.175331767065855 0.216649169364246 -0.167133928381347
-0.271653586992484 0.046795236106483 0.176529896742661 -0.0223421917838333
-0.270584868686648 -0.228137364909831 0.0417558749750601 -0.0339451051836498
-0.00530587627703749 -0.340228980202125 0.0709986357543747 -0.147296661139768
0.241940861583015 -0.186586912278241 0.333880497956245 -0.278484081410238
0.329613073794051 -0.0302445948873959 0.649253372490265 -0.109399115145011
0.514175717048208 -0.122744002561578 0.167752920442442 -0.0918160008535701
0.358349606874415 -0.310175384894471 0.0387453806118709 -0.0760699498836733
0.0417456087362528 -0.477950069254421 0.0113731455450642 0.117718018957276
-0.318409854296479 -0.365186189394674 0.104960384887551 0.143078990696696
-0.376106170226342 0.000223668984313807 0.225742887245019 0.00902890986871235
-0.27142384805819 0.18665291898863 0.230839933019313 -0.109717686450155
-0.174979802999664 0.34509843258373 0.166664016901591 -0.219745702337119
-0.124152998217748 0.37356458678062 0.103703118751905 -0.193883670485218
-0.145947432884801 0.373494464898094 0.117049855587098 -0.18686580645386
-0.288128468487477 0.24532386759946 0.140981441593882 -0.0837179517385633
-0.399133448884577 0.0656590196629668 0.0914145352452318 0.00758185185556675
-0.419202033695964 -0.323911359699731 -0.0273039871309597 -0.0330404947005219
-0.0579213009147733 -0.526490830538282 0.0254067009690939 -0.150849511494529
0.350456040290414 -0.354505407331545 0.256804390456707 -0.284271227625176
0.548881522929685 -0.127250054837268 0.494069463373191 -0.153340602333975
0.630210463783532 -0.195179597618318 -0.0294325396662264 -0.0676616719455451
0.443137435719004 -0.425304323552029 -0.0579473247943251 -0.00179545415254939
0.0394631516145876 -0.61601985902699 0.0108846985038546 0.148301929044337
-0.407605906350298 -0.461330717089936 0.0858957431590355 0.138814486313354
-0.476711769412324 -0.0147117496123307 0.150690568840013 0.00593572622407522
-0.349933643317745 0.212023263675587 0.128828079125376 -0.0390855317245768
-0.242259215800736 0.401149677813412 0.0939253671327366 -0.0991004888232206
-0.167974519669399 0.43191312621437 0.0521219125801575 -0.0526811285609731
-0.18672786372932 0.428590965064819 0.0488207098149287 -0.0493062848861986
-0.343858253811421 0.280649217983628 0.0480299520220003 0.0202525974925499
-0.46574021856829 0.0778925775047725 -0.0125510864847816 0.0487949096786419
-0.506603934544186 -0.363757678482983 -0.102444455770329 -0.0235863119780943
-0.107518926395638 -0.627185602179372 -0.025174615879463 -0.138058557901593
0.393248336967721 -0.465200847192276 0.157941186288016 -0.242400082898736
0.673218000281615 -0.206133263849844 0.282765830492211 -0.155295629500131
0.654406813312395 -0.247479892078187 -0.253339094656928 -0.0400129785305448
0.456360824811714 -0.485966869976055 -0.178654438825015 0.0855162107196804
0.0215060899587326 -0.665167539600194 -0.000494085639533867 0.172626206277419
-0.440712047767627 -0.482224827057759 0.0502440916836795 0.118883350598355
-0.498605747542763 -0.0225732000451129 0.0454772738814905 0.00439319960869721
-0.373444307900371 0.207719463398811 0.000753730228544127 0.0397855265123886
-0.271412813466284 0.397276106080136 0.00270147054102043 0.0368747967017517
-0.186860346533271 0.425161038686996 -0.0072384591390124 0.0955962120385577
-0.20067210015104 0.41619179909863 -0.0216756925159329 0.0964520184235718
-0.34675983083121 0.264707996790542 -0.0490013259920619 0.125280103872077
-0.45057414534205 0.0645054633094079 -0.117684001709306 0.0874853947219183
-0.4893444949951 -0.351654673583533 -0.166858272797363 -0.0152500756778471
-0.117977259038992 -0.612216941200128 -0.0642312175173329 -0.114599336115858
0.375133313898773 -0.479285850413585 0.0620475062191005 -0.161033145784489
0.685045648097223 -0.241979601632117 0.0548238206486555 -0.118798455638502
0.57510149216167 -0.264397298580767 -0.465805055219643 -0.00877029244610364
0.383748996945877 -0.462397883441241 -0.296452043773308 0.168118909837555
0.00153683575744222 -0.588881231654372 -0.0230047542616608 0.177790125033017
-0.386414088662264 -0.40901925801351 0.000545188583388365 0.0857092403197563
-0.428036817535529 -0.0233265325133422 -0.0687517505684286 0.00797085083003965
-0.328390796923539 0.170953152265843 -0.129046278818328 0.115418990192677
-0.255656150394385 0.331683648574425 -0.0896411340414582 0.169449590930965
-0.178564207025485 0.354312660866467 -0.066052445459895 0.228883709181759
-0.189960179280601 0.337862677029092 -0.0876122239570452 0.223817694418041
-0.302737464008377 0.199181887303473 -0.138284421113856 0.20711403202983
-0.363931876392462 0.0262347329588448 -0.205450355734027 0.105996744847521
-0.378327887893907 -0.295564225425923 -0.20273159673699 -0.0187814222641999
-0.0840108927992393 -0.495029528485812 -0.0807325077341389 -0.0949575836330289
0.308868416764371 -0.392562423487628 -0.0115335622533608 -0.0688259576732211
0.590130495358963 -0.231056113084763 -0.149329087289196 -0.0615693328122463
0.399869507220496 -0.239389972201924 -0.628116840426237 0.0219286888568615
0.241253595989874 -0.348597083150515 -0.383673854483321 0.229933410204507
-0.0166243400287416 -0.395910323798253 -0.047615506861126 0.16606091576207
-0.255354150773228 -0.258917282067625 -0.0453656295980306 0.0507117383433113
-0.273989913770781 -0.0209913338882002 -0.162300751617003 0.0161824788468795
-0.22451456372847 0.103003753314051 -0.232142978687666 0.173341075562004
-0.197309401776183 0.212774388551945 -0.164889232618963 0.276354883860702
-0.143835040764915 0.228711416337206 -0.115788690848233 0.326783526863799
-0.155593526613727 0.211010788413837 -0.142636834150269 0.313494041800694
-0.219999315316171 0.105124875229534 -0.209195996027849 0.246538249972949
-0.230411088588087 -0.017836539682347 -0.263851220295899 0.0937224141706498
-0.211647826194626 -0.205341121234033 -0.205793353727183 -0.0401250958019826
-0.0338495294214774 -0.309985532079192 -0.0749191653110821 -0.0849046786591768
0.207141277029354 -0.251382024955268 -0.0580287235393498 0.0104721271330287
0.413976869299207 -0.182077701954427 -0.302634045447711 -0.00137568500409989
0.158300210182686 -0.172884217936761 -0.710679693478879 0.0466180283568938
0.0599063139925792 -0.178085731723819 -0.426776139811121 0.269816365201322
-0.0333413462406002 -0.141030599303328 -0.064110665907128 0.151896636785458
-0.0859901810365199 -0.0704460342375249 -0.0701428550863921 0.0245034051898252
-0.0786682136862857 -0.0166801122997132 -0.214514697395656 0.0258599915281415
-0.086328834494166 0.0144592337218434 -0.289377540494769 0.204305217330501
-0.107398401348667 0.0576002151605836 -0.210740352360102 0.342740920382806
-0.0865720079064611 0.0678692425158367 -0.146545325334061 0.37739009173202
-0.0970923716968633 0.0565915185603349 -0.182775472832325 0.353768298433998
-0.108344312172884 0.00675594489096219 -0.254542414305803 0.24338785528077
-0.0782599539504826 -0.045689772336479 -0.287416262673102 0.0571243957665408
-0.0478585221422023 -0.0857329452744334 -0.181400369344359 -0.0690034508330726
1.01794785417981E-05 -0.105677306476664 -0.0572099438308374 -0.0810870502067515
0.0763106997219112 -0.102408093303896 -0.0836113568682639 0.0665840975121469
0.184538867050215 -0.118104795240767 -0.390584563504276 0.05405245326528
0.117622690013413 0.0381836974591309 0.382228477956734 -0.159696532765134
0.0894630029492398 -0.0434396843712891 0.111096097492943 -0.164819151206663
0.000538754517836915 -0.107123480706513 0.0102823766823228 0.0762109845819914
-0.0971581057107609 -0.0667082051966765 0.139598611818648 0.103869933238638
-0.0808689442506247 0.0437373304544157 0.278974323104062 -0.0281914699678587
-0.0269584233386084 0.0720133524693864 0.291217285025145 -0.227828447018076
0.0195965311499409 0.0976291067487461 0.189837824788396 -0.361062754919035
0.0193800302308464 0.100680158542076 0.126396932740273 -0.374165822953603
0.0111398819970494 0.105303583971665 0.174146976772496 -0.361208649303302
-0.0391685288845783 0.0867346826691072 0.239877240760449 -0.23250028417595
-0.0990830041633908 0.0439344333010346 0.225115694644251 -0.0577864851791352
-0.106076630400144 -0.0738200781123461 0.0916977257918642 -0.0346899783039721
0.0142355942569574 -0.104824343544496 0.0902669735199929 -0.134805706460601
0.0773156314244655 -0.00914488668634742 0.349278136935676 -0.255309867779669
0.0559771437465973 0.0555530078274761 0.710407891449383 -0.0853530135584722
0.323427432123828 -0.0623013066465036 0.304408968387111 -0.131133065205806
0.217841628270635 -0.188062727513328 0.0899173824432885 -0.132853198596303
0.00554480759560824 -0.296798190095803 0.0141605183789431 0.0920191520636319
-0.224699361582921 -0.207746515985563 0.125613107150336 0.124842905279446
-0.233604178568684 0.0367970272913564 0.261387181787194 -0.0128105895518059
-0.147093722010197 0.147547122374343 0.274478964376783 -0.185253201903145
-0.0656278025209284 0.242882011073051 0.182127175638987 -0.313977628015622
-0.0384667915730439 0.258070333097347 0.116436195475327 -0.308756758149863
-0.0595364842182207 0.261166684673262 0.147194501932523 -0.29930677412692
-0.168712052306083 0.184814486764307 0.199805193822932 -0.17759112087869
-0.264214441069126 0.064062021903288 0.171816715990791 -0.0338371154877779
-0.282995399588566 -0.204701111639101 0.038043893626148 -0.0350423025420059
-0.0273939643033037 -0.334458302549143 0.0612161543951801 -0.151039882603428
0.22676284538714 -0.19907684638083 0.310180055651784 -0.296642512214454
0.321554364343207 -0.0514081625125968 0.631912316248715 -0.148722186211452
0.496394851383452 -0.153998388707581 0.163094248496011 -0.100771828191516
0.333994296364038 -0.325928298129093 0.0354651566738689 -0.0777213005802982
0.00835571083043543 -0.471886534282512 0.0208193567423427 0.115446467691718
-0.341575960405324 -0.338134913222962 0.113745976774279 0.134397364894278
-0.370902411749278 0.024453901621362 0.219095133084747 -0.00594557993779367
-0.255450849050222 0.203362716393468 0.218924145483302 -0.124343553561435
-0.146609862170559 0.351976090778512 0.144907416724685 -0.22325576849322
-0.0915169399835997 0.376446115506 0.0888942889105832 -0.196691143495166
-0.116260819063788 0.377265121716379 0.100090971927733 -0.189230959552551
-0.266775009026674 0.262422556294086 0.131692075913243 -0.0909541719891277
-0.389169234715356 0.0917488861236938 0.0894235165165877 0.00204279784249122
-0.436106081517019 -0.289424206897491 -0.0300313619063691 -0.0285949730098594
-0.0913884041051048 -0.514518746934597 0.0165898554871748 -0.152975366315767
0.321345438230745 -0.372885801593908 0.234899861462444 -0.298786467836998
0.529899872224492 -0.162172521707787 0.47548571109641 -0.182303483590169
0.608017912858871 -0.230572996871351 -0.0295961295395472 -0.0656210262094494
0.409192475628759 -0.443619000284339 -0.0541446684600067 0.00170076717230569
-0.00408024783033189 -0.608321380195883 0.0225834633442464 0.146581844505709
-0.437381412294338 -0.426297601160524 0.0959516463941997 0.131325673170724
-0.469434935581725 0.015193849714403 0.145308052015637 -0.00384946725549667
-0.332004180523229 0.234738214431713 0.12521995480631 -0.0482601563821917
-0.207668727428135 0.412100218312314 0.0818272925302 -0.0997866548783726
-0.129794222447428 0.439637722195972 0.0482335063439584 -0.0550148478546505
-0.152985741109341 0.434802275536051 0.0434991637498925 -0.049410376385786
-0.318423557188915 0.301163837709598 0.0484059279278409 0.0173527399014508
-0.453403564379749 0.10711313578606 -0.0100152463581257 0.0501088292586396
-0.527384840661059 -0.320887534783883 -0.103018031279883 -0.0139330386261486
-0.149950542215846 -0.609365622741635 -0.0317323427299699 -0.136018352102879
0.356419641045659 -0.48307954873081 0.140525584563557 -0.251176978039475
0.646254764045885 -0.249041321396359 0.266932998005919 -0.168785643173003
0.627544872993913 -0.284357070247455 -0.248694440461814 -0.0239997265789622
0.418522555010568 -0.506458519368209 -0.167275070615314 0.0953738451218825
-0.0244658513408806 -0.657613462662946 0.01288668132556 0.171318312145401
-0.472549389043135 -0.444121520112047 0.0602812408626614 0.11362390130477
-0.4927810686464 0.0105975453310512 0.0428777322567098 0.00196706661301897
-0.354511276042048 0.232260343848486 0.00616112528327901 0.0388500963163985
-0.235281464712184 0.411715093916162 0.00207700688957549 0.0399738469585022
-0.148602273231642 0.434496238045839 6.7149303647937E-05 0.0948536479885237
-0.166239916709012 0.423596424678827 -0.0149094111183803 0.0980056587540202
-0.322559146672058 0.285856169911335 -0.0393399368080641 0.126713849432698
-0.44058958169193 0.0936955598745519 -0.110845720680986 0.0965199580244665
-0.5114903357079 -0.309417790244143 -0.165360249948529 -0.00103274464983664
-0.160475174888625 -0.594928018838386 -0.0690134796083657 -0.11021685569178
0.338412228164256 -0.495318110374248 0.0501387120534477 -0.165785429405615
0.655206557976185 -0.287449622564941 0.0439925740531159 -0.118646006151748
0.550526357666291 -0.295344032028653 -0.45824731106046 0.018956989901837
0.350370279229727 -0.4796171442275 -0.278096928471229 0.184281474722155
-0.0403002730413661 -0.580678098167459 -0.00876923732018295 0.178045225827775
-0.412163134087236 -0.375867017488207 0.00889694102533333 0.083929650869352
-0.422782345794392 0.00557034915215556 -0.0684925197969271 0.0136725915367091
-0.312615915363432 0.192528923608163 -0.114934572311151 0.122639609544632
-0.224772869153676 0.346974521031853 -0.0779424592584892 0.176099537740128
-0.145888327501177 0.363907954220955 -0.0484661922114853 0.229323595232663
-0.162675127684411 0.346252849866844 -0.069343601936214 0.226261545505211
-0.283661944246508 0.21928093070551 -0.120120996931278 0.212225930187981
-0.358187535882121 0.0503037649344017 -0.196210314929318 0.120234359846492
-0.395622001022008 -0.262806497569727 -0.201413496771562 -0.0028071461566082
-0.118628564081306 -0.480613927538616 -0.0841094172822357 -0.0889252333677268
0.279759489771201 -0.40586156331572 -0.0160137667491789 -0.0698591936343121
0.563978860912843 -0.270450264244134 -0.153422937485188 -0.0490815106057931
0.37905367452448 -0.261317985980051 -0.61786817601858 0.0593516112955969
0.216614166517738 -0.361141388123471 -0.361045728307302 0.251524106867858
-0.0442927417900617 -0.390986266090373 -0.0346024409672615 0.167504362372911
-0.272354553216065 -0.237563132804343 -0.0385517885101383 0.0524425387550585
-0.270915050787774 -0.0025954909907575 -0.158593559143222 0.027107078417879
-0.214811791979842 0.117120039620335 -0.211884119345299 0.187348919791752
-0.175411041952804 0.22629778232483 -0.142531575114936 0.284600100610154
-0.121966835448671 0.237461378523614 -0.0905850759570063 0.329336793117658
-0.136929006881574 0.219555624553804 -0.116722508109239 0.317252061957324
-0.208771691480003 0.120858521438573 -0.186982293787517 0.256128984974563
-0.228629971140717 -0.0016132545329694 -0.25367879533121 0.111986861894664
-0.224973765257944 -0.185443409693867 -0.205723383712492 -0.0241925950064174
-0.0563152573613885 -0.302200270264645 -0.0784294938669005 -0.0791542501045756
0.1871616815918 -0.260551771722583 -0.0559230063139332 0.0115355015516053
0.391948804976484 -0.209367370612539 -0.30035047686785 0.02073651937375
0.146342292869929 -0.180737984653812 -0.69883804462751 0.0897000140064246
0.0489981069976023 -0.181502679651659 -0.401467548523675 0.294103669476153
-0.0428264466377059 -0.138976256502856 -0.0527704870151274 0.154187483765071
-0.090541576075936 -0.0635870152422815 -0.065372526289295 0.0276142213220934
-0.078134079839372 -0.0120170107080435 -0.207976187471814 0.0396828151259131
-0.0836940801864447 0.0201633392508716 -0.266753704402134 0.222873381253421
-0.0996716368572437 0.0654582214719144 -0.182184112606485 0.350718616123919
-0.0787943930173272 0.0752506188249885 -0.117662268104739 0.380214792372762
-0.0905208816872736 0.0638819712689709 -0.152127597174241 0.359570187931605
-0.105789726229029 0.0162180413842099 -0.23155027619753 0.255816578784381
-0.080664350311162 -0.0392780768841722 -0.279092113985327 0.0777098236732864
-0.054543366393915 -0.0791082078243291 -0.182916349448787 -0.0546549651603335
-0.00950576760128364 -0.103567226432511 -0.0617463600868814 -0.0756893010017083
0.067733627489188 -0.106182002051991 -0.0770315255103664 0.0687975300284475
0.172040722827499 -0.130961799987815 -0.382748614681558 0.0798883536295786
0.113433785045468 0.031814813979521 0.364197359289632 -0.171345494849884
0.0841301414873708 -0.0432026545400778 0.0995761573342654 -0.16295690869079
-0.00462384073142347 -0.102886931606936 0.015817565055836 0.0742836121341661
-0.0980367159353255 -0.0604094245175901 0.139936518632476 0.0944568435977481
-0.0766794565521469 0.0449017910903518 0.2652278327396 -0.0404226540589594
-0.0236027512274408 0.0708738259119622 0.26623343490806 -0.233958947336731
0.0225722858228874 0.0919457323475867 0.163101299379176 -0.355892661082733
0.0244232888646998 0.0954050459056943 0.103267722416493 -0.365974489732615
0.0162075824156301 0.100469052116519 0.147623375219671 -0.354362232109808
-0.0334443162493829 0.0843041572939078 0.217935773135341 -0.234287644315049
-0.0931794595936513 0.04628825939018 0.214105695768121 -0.0670704767983205
-0.105045579453487 -0.0656880298660116 0.0861459866112878 -0.0372215921746246
0.0102884444278689 -0.102219458698915 0.0802314387176293 -0.135220677366189
0.0747409305404075 -0.0115693440861202 0.324879985445528 -0.262286852587692
0.0556415645022754 0.0518280703483588 0.682682783235487 -0.111442966711042
0.30787964215085 -0.0731557265854991 0.291216055014091 -0.140121024040973
0.202063031967841 -0.188524140749667 0.0818302305695803 -0.131594485030001
-0.00904442200391758 -0.286018302101195 0.0210349680168405 0.0890165895630199
-0.229016092712038 -0.189905505670725 0.127931376736106 0.114471403225001
-0.224849406548438 0.0457868369329151 0.248815911709866 -0.0231731846638326
-0.13594572790201 0.150570349185807 0.253016772098188 -0.193003384421394
-0.0508781861655752 0.236747070402275 0.158388081314026 -0.308131357589326
-0.021556023077008 0.250628952007638 0.0973310760241963 -0.302561574730451
-0.0442839154326898 0.254580366984982 0.124503769290034 -0.29265852407842
-0.154330361797324 0.185884343775956 0.181960664119762 -0.179349515513005
-0.252475904327787 0.0749462722201567 0.164368578503109 -0.0405636746229516
-0.284218855224192 -0.183436987273701 0.034696722538308 -0.0344048777719187
-0.0413526841653259 -0.322113469528779 0.0529684250488808 -0.149944044435326
0.210488582050117 -0.201833984288081 0.28660903300102 -0.301597364181627
0.306619210242182 -0.0651862896487219 0.602789086793205 -0.170106017648919
0.471487627104567 -0.168320880191484 0.156839848133033 -0.104467578079365
0.307373060024287 -0.325452669614958 0.0328243350230664 -0.0764691740824138
-0.0153178134367557 -0.456468774863701 0.0281099078454431 0.112166613192387
-0.348972302790147 -0.308341383942595 0.117573302999935 0.12460807883769
-0.357681435307834 0.039648829074996 0.207990649057938 -0.0139711123341823
-0.23845052891691 0.210781505385152 0.20455338664303 -0.131665472294251
-0.122618877299353 0.346701994839713 0.126848986188206 -0.217409841504538
-0.0646943551451617 0.369369351172509 0.0768904578720169 -0.193098327174672
-0.0924225475389767 0.370239137650526 0.0858548174815032 -0.184601453267345
-0.243880234020127 0.265717430644428 0.121426252147456 -0.0925248150412755
-0.37323853555213 0.107192145280808 0.0865884997355666 -0.000950851480900642
-0.437643449538668 -0.255830729121535 -0.0305727881174162 -0.0245538539763987
-0.112699965964282 -0.49442499224414 0.0102567804379179 -0.149759729992704
0.295450287930423 -0.372379538375042 0.213758623284652 -0.30083409018497
0.503301656357781 -0.181872223461466 0.450620709260412 -0.195051099080197
0.575296498486135 -0.249817210345107 -0.0282745228798886 -0.0622713764338786
0.376011749041716 -0.445113817759398 -0.0497311093755757 0.00341401181531199
-0.0345222552049984 -0.587369539048048 0.0313353438958642 0.141766182547672
-0.446481135982523 -0.388071643041613 0.100858224474319 0.122205122083886
-0.454441458298583 0.0354725698244046 0.137668143030857 -0.00809173666863395
-0.309198444802966 0.244499960237028 0.11964282647878 -0.0533861921421389
-0.176909429012011 0.408657360764803 0.0723539613715581 -0.09512170390152
-0.0977793000935935 0.431833066341158 0.0445681275059388 -0.0545379560357936
-0.125223925203059 0.428020331046696 0.0392951193536614 -0.0469274327666772
-0.291774126559275 0.306103529158129 0.046824702973045 0.0153675168159519
-0.43421813627101 0.125222436490111 -0.00765563159125846 0.0505977353588465
-0.528944072449891 -0.282540063109056 -0.100481195427225 -0.00597445079163756
-0.173144648738169 -0.581217189954285 -0.0355146096576913 -0.131939050859779
0.323973212804709 -0.482223296940267 0.123345590027238 -0.251459660869445
0.610401008598267 -0.271483119768818 0.249050163112136 -0.172684437821662
0.595065283721116 -0.30014917619234 -0.238841372667097 -0.0139376756825977
0.382869676513987 -0.507821322432689 -0.154508559626718 0.0990601958735552
-0.0575582444284924 -0.6345842554369 0.0227402778983267 0.166416922777165
-0.483066562680617 -0.404250090782358 0.0664391699451623 0.107037972181709
-0.477025032775639 0.0327108858843415 0.0402722789043807 0.00226769662661474
-0.332267069717232 0.244031012045981 0.0111256118835401 0.0359200081488421
-0.203975561597938 0.409231073030447 0.0027002537522665 0.0436766009293895
-0.115502905100464 0.42895941538141 0.00541168977313221 0.0912114241418275
-0.1382932458266 0.418119729445039 -0.00928184351473245 0.0963238711623864
-0.296727662143051 0.292884810289582 -0.0311349169966103 0.124440504675003
-0.422476772761887 0.111637058806242 -0.102746716388189 0.100772533262049
-0.512575603040696 -0.270983845604683 -0.159755675144543 0.00928040703940687
-0.183825266522499 -0.565840727499558 -0.0700702341644849 -0.105190409306897
0.305659272584326 -0.492297900156286 0.0410097101183892 -0.164802193307284
0.616391032910482 -0.309661340916713 0.0353236204995247 -0.114217047458056
0.518613875398727 -0.309559317586383 -0.441201035798688 0.0376694548304726
0.318605903905903 -0.480384171259007 -0.257616503499547 0.190192848232559
-0.0663418211491839 -0.56131017364736 0.00102511912672188 0.173625353569834
-0.42149386646798 -0.341972799015327 0.0159846137126764 0.0801429122593778
-0.408823887018306 0.0241222983264446 -0.0658404663120844 0.017423759192889
-0.292508810344774 0.202678177529562 -0.101144929058383 0.123220619439363
-0.195731577120579 0.348020474571834 -0.0674666070382532 0.176542350881985
-0.117943800399486 0.360001066526822 -0.0352024077906873 0.223138346877372
-0.138085020172916 0.343670096171123 -0.0549860821847163 0.221940655472682
-0.261692745519671 0.226311860158443 -0.104804550894163 0.210119156857667
-0.344991083582039 0.0660106784961623 -0.183497311002802 0.128346231593319
-0.397155908685243 -0.231844294823433 -0.194401098191777 0.00892921180105469
-0.13968822978118 -0.457336240610667 -0.0843377464389696 -0.0834872281008578
0.251452137275256 -0.403546625726674 -0.0189363472978874 -0.0699014732918997
0.52826981219433 -0.289221780155171 -0.152273007730222 -0.038405512867266
0.35468878042743 -0.269263152399217 -0.594518698652767 0.0821034472728107
0.194749958823033 -0.359807333392095 -0.335850743176191 0.258504803976338
-0.0628244459581477 -0.377675437295655 -0.0249802130489477 0.164450148997265
-0.277614430148884 -0.21547720991573 -0.0325235227427739 0.051546109799643
-0.261826636362526 0.00958983213772259 -0.151454629857222 0.034321984001124
-0.201664460783866 0.124572672586516 -0.190947615084573 0.190784384043242
-0.155350977491066 0.228714639538079 -0.124431049952445 0.283858999386869
-0.102393282025338 0.237640138519709 -0.0708217355565936 0.320849162624954
-0.120156206221718 0.219332295304868 -0.0952346061821591 0.31077073892901
-0.194191885438065 0.128360532641449 -0.166079385161505 0.254473280748675
-0.222988294336532 0.00990296931537791 -0.238906486502246 0.123039732072559
-0.227968232750452 -0.165524775541252 -0.199683022970028 -0.0116508996502438
-0.0714819503227676 -0.288178923129475 -0.0783194407552931 -0.0735811058299082
0.168081983458592 -0.260137088973362 -0.0541946361026662 0.011133102285664
0.366255548652905 -0.221760413964931 -0.290507686912959 0.0341616384792955
0.134301985636067 -0.18140800815436 -0.671320381854834 0.11434232332893
0.0400258880320406 -0.180082824449029 -0.373329661447714 0.302609857038357
-0.0486114465637769 -0.134131853864179 -0.0433150059873694 0.152174775089056
-0.0919991956530944 -0.0569155199376661 -0.0602979329479225 0.0287521156166075
-0.0754675440691317 -0.008266203580884 -0.197859277012465 0.0475106663560429
-0.0799828865729137 0.0234312297269136 -0.242261464188853 0.226751748750746
-0.0905364345004797 0.0696018755512303 -0.158467694168953 0.347354927886819
-0.0704241386623976 0.077770419205403 -0.0943300541219317 0.370778592680933
-0.0838126698664823 0.0673986781853527 -0.127868329420384 0.35143282256064
-0.100427068506008 0.0222913155800034 -0.20889851447219 0.255630184091067
-0.0812807915564147 -0.0333215672852627 -0.264627753586054 0.0902728005530747
-0.0579893937929711 -0.0715791803981596 -0.179077291531831 -0.0431804203091351
-0.0164258587558018 -0.0984416516721288 -0.0630487837771024 -0.0693463251649994
0.0597352004461092 -0.10668446841037 -0.0708451994639543 0.0678224748081803
0.158532442284587 -0.136147665112154 -0.367488403760535 0.0952447889026197
0.1095493703981 0.02910345346252 0.352962234152853 -0.172939033777317
0.0805946656036236 -0.0412078899971702 0.0941365512689979 -0.159096222663657
-0.0066429474960781 -0.098984289307951 0.0204294319392215 0.0721637777191311
-0.0968050402418763 -0.0565109752992525 0.13806517773833 0.0877786429613041
-0.0746845155736894 0.0455545727903932 0.254839337007012 -0.0442946072356576
-0.0221967332868932 0.0701570918245393 0.249249748640152 -0.233510267960003
0.0232042383530074 0.0878774396108191 0.148440560025292 -0.346554520469234
0.0263921540894315 0.0913829456342066 0.09259945168527 -0.356368183376761
0.0179145142789036 0.096016102645678 0.133359035085775 -0.344859185768913
-0.0309003473803191 0.081300771697761 0.204954167703642 -0.231092627437805
-0.0886976353501242 0.0467916464745405 0.206422289115952 -0.0706824934118927
-0.103037846628697 -0.0614124542097314 0.0824544210414951 -0.0379029239925634
0.00927525256559406 -0.0992340107225406 0.0748283202215675 -0.133497663521624
0.0725080460232964 -0.011796025961752 0.310024906590296 -0.260738536843175
0.0546335325105938 0.049294834127663 0.66186187544649 -0.121357614297365
0.296319108065053 -0.0764084974706159 0.283531255792046 -0.141503040774991
0.191866426558981 -0.1827544115061 0.0781851260547945 -0.129415569695642
-0.0154229364469917 -0.276039981167069 0.0254070758863377 0.0863427536195976
-0.228210798261507 -0.177887812221971 0.128029749105411 0.108347687143938
-0.218487053037927 0.04894039484981 0.239609047635128 -0.0264505912694229
-0.128835842678479 0.150560174551446 0.239666658391914 -0.193563605120607
-0.0427151185634836 0.23013708458176 0.14519572662135 -0.299634548846784
-0.0123442050882913 0.243671369943647 0.0878756698264768 -0.294405534741164
-0.036427181246385 0.247650702875444 0.112296584920841 -0.283910536131583
-0.145575866140051 0.18359615828441 0.171466570076181 -0.176886301820172
-0.244138910713348 0.0783545161716683 0.158895481292941 -0.0434491365801667
-0.281443933449055 -0.169814569445658 0.0330450406004042 -0.0331379236059556
-0.0461071734047732 -0.311927337977311 0.0484350675087169 -0.148821729817848
0.201454729480783 -0.19921292471675 0.27271280777752 -0.298307361689482
0.294468935648987 -0.0700970076474934 0.584790606225478 -0.175486733029641
0.4543634790483 -0.172404251898261 0.153761391038713 -0.104916458968874
0.291214860168959 -0.321102393418866 0.032137789521645 -0.0749096425370893
-0.026260342318823 -0.441895919555666 0.0327284026108964 0.109149217200337
-0.348832385804836 -0.289361371720858 0.119234228436559 0.118444350871133
-0.348233720124451 0.0449409521505631 0.200689674059995 -0.0157706043573514
-0.22687652919939 0.211758707858945 0.194790046945246 -0.133185220808633
-0.10865943320041 0.338595610437679 0.117581366666418 -0.209195953960321
-0.0496081688772219 0.359708390789029 0.070313921769455 -0.187841315647055
-0.0795644740852226 0.361405115856455 0.0778736493040656 -0.1784013570515
-0.230650157848526 0.263932156787873 0.114945381074525 -0.0909151743825542
-0.360935250341831 0.112873585295595 0.0842437067295619 -0.00188162155934032
-0.433896247114205 -0.237097737996285 -0.0304021028498097 -0.0212556716447052
-0.119572590655891 -0.477088445359385 0.00762373818604995 -0.148573214027009
0.280125303103175 -0.366366292085791 0.201293283770832 -0.297573740240375
0.48216069521663 -0.186993831129696 0.434346033969782 -0.194549534786641
0.553482716161737 -0.251657897114108 -0.0254962824544849 -0.060563224199968
0.356813197270096 -0.438393379951874 -0.0454841468762474 0.00346201051032972
-0.0490580747437942 -0.570168998115056 0.0367998653203016 0.138185034132176
-0.445431044603496 -0.364215829302991 0.10347394329731 0.116498840206694
-0.4413329271006 0.0436540673217786 0.13348352187779 -0.00836733700188723
-0.295773191959012 0.247326717563034 0.116408147665202 -0.05609021030192
-0.159349910210187 0.400463229538395 0.0675701333937318 -0.0887607451735928
-0.0793832490933779 0.421283890991062 0.042428322836033 -0.0536467623002902
-0.109338165064312 0.418149528681931 0.0367218810254404 -0.0441314205065664
-0.276766428615374 0.304137739685209 0.0460349768054924 0.0147600540399916
-0.420216587200938 0.133558588895817 -0.00525224022223748 0.05113808828342
-0.521680085823547 -0.258744284657082 -0.0972615634199037 -0.00146016305167715
-0.18284962905833 -0.561396230513681 -0.0360616757283116 -0.13003888740979
0.305331391082462 -0.472934650980901 0.114687724842673 -0.249046881455043
0.584095060626873 -0.277602359126829 0.237327541790972 -0.170266212713227
0.57224590121909 -0.30204192002549 -0.230543911048526 -0.00975354097349723
0.363119892038441 -0.501132824599786 -0.146089386524214 0.0982717540733143
-0.07062124975415 -0.615133726504721 0.028330387019191 0.162277948385892
-0.479982587314929 -0.379676379869323 0.0696865633657127 0.102592733451481
-0.465391343387806 0.0406031079071189 0.0399941060428283 0.00341809116917341
-0.31661628341064 0.246535461870108 0.0145675140913831 0.0328643582478934
-0.184596886380953 0.402302314791382 0.00355182819068932 0.0471092645690194
-0.0963183175049567 0.420187719149463 0.00778286407766717 0.0880806463058794
-0.122696951707003 0.409513467075264 -0.00637383385236243 0.0949148830870011
-0.280697591301661 0.291374669192361 -0.0271507462612274 0.121998324868491
-0.410069659371101 0.118460805133258 -0.0965075915986673 0.10259032322751
-0.505589078784206 -0.247863789575604 -0.154101583812735 0.0153977122165916
-0.1938258487364 -0.544427212148445 -0.069561606540916 -0.102698908104068
0.287020021638473 -0.483746475538318 0.0357885956882497 -0.163938048139717
0.587818583447931 -0.31497757754364 0.0304600729945961 -0.108995415947746
0.498864346561907 -0.310655015037514 -0.426200194573198 0.0429080656168362
0.301927199519624 -0.474784556309627 -0.245551874373439 0.189577194623801
-0.0792774658616709 -0.546361853038917 0.00668751420318847 0.17023385571925
-0.419098628816763 -0.32110338790778 0.0196455344486914 0.0774995246154677
-0.398131932055371 0.0312182132768409 -0.0616993369313717 0.0196250479795521
-0.279045079271244 0.20580998641477 -0.0915343864672441 0.120077989952054
-0.178384604785934 0.341950034796036 -0.0611811048021325 0.177234706876332
-0.0999322186759475 0.353638282651584 -0.028926890932624 0.21658131277668
-0.123685062079368 0.336962755086921 -0.0468625649297519 0.216587604282167
-0.248339427230685 0.22665159497004 -0.0959703938786291 0.206208168434363
-0.334832232076335 0.0725862909693805 -0.174555233496796 0.131104104530036
-0.393521969353563 -0.212447846460937 -0.188099523423198 0.0150268730242381
-0.147495386094362 -0.440357891974941 -0.0829399174391781 -0.0812384158912678
0.234993709215282 -0.396863412826809 -0.0206440317081105 -0.0695509906823665
0.503633018790833 -0.292032561319715 -0.150818828615895 -0.0318333245303702
0.341836682938108 -0.268629983794964 -0.576473281710388 0.0903195246556998
0.183271713966011 -0.356350700236193 -0.320555028990578 0.257513419611434
-0.069923400043255 -0.368832433066868 -0.0197473965307728 0.162042823196844
-0.277754093876775 -0.202014147531578 -0.0278490803660193 0.0501987577296352
-0.255587277901677 0.0141631463757792 -0.14444868578723 0.0370609823336482
-0.192618115724914 0.126191526448184 -0.178120001153045 0.188179995774168
-0.14161504852923 0.226486938660345 -0.113425552444486 0.280554166164394
-0.0889481915357663 0.234093886901086 -0.0616432464650262 0.311672821168172
-0.109977922172414 0.21703358706224 -0.084467746419023 0.301800599641228
-0.184940588719258 0.129840197188201 -0.154312107342548 0.24983448659077
-0.217655384867071 0.0157016483751287 -0.228135025437219 0.126272492337931
-0.227232301637746 -0.152042851673542 -0.193101001446116 -0.00497179190527996
-0.0780070944417084 -0.276426234197906 -0.0775739224165176 -0.070602524189468
0.157226116034268 -0.25645714684447 -0.0526102155268408 0.0093976917577803
0.347653652193241 -0.224397959126837 -0.283558505650668 0.0411168392533417
0.127576365959964 -0.179410925928083 -0.653574591001868 0.122459886970172
0.036762562747172 -0.178113012776017 -0.357638958765721 0.301723397666055
-0.0506697525118243 -0.131014499750048 -0.0385257621014223 0.14935707714288
-0.0919744940664586 -0.0524229294685378 -0.0557590450286671 0.0281146155256723
-0.0735168067447829 -0.00808023365654529 -0.189513364633277 0.0499452169131629
-0.0771356351533189 0.0242708666029455 -0.226697363282149 0.225078583054254
-0.0844627456745692 0.0707495541731637 -0.145185652275435 0.340704981485783
-0.0641979732279943 0.0784242883116605 -0.0830696598785992 0.360878325633587
-0.0790537126231018 0.068581153426751 -0.114348266683581 0.34184593552555
-0.0959317275665821 0.025371561704428 -0.196016039319239 0.250928515749797
-0.0805952129489843 -0.0298455364234192 -0.254507262724377 0.0954662648432916
-0.058847390175798 -0.0661790246841023 -0.174501156179652 -0.0360808727771791
-0.0202008066799823 -0.0945224677227201 -0.0632404700169612 -0.0663173965505469
0.0544810023752979 -0.105756809188402 -0.067514729308752 0.0653914728408792
0.149236945973767 -0.137168776200155 -0.356573661306017 0.100729697549393
0.107980264950533 0.00771626836795539 0.328100593255743 -0.239930082821075
0.0679155992387943 -0.0532628298206671 0.0691716694300495 -0.1756486836346
-0.0249443445417599 -0.0905927465317716 0.0432333997317091 0.0605571500681673
-0.101925662597865 -0.0328994600621044 0.155525582208247 0.0507543947390396
-0.0613204741905261 0.0548852078003454 0.236850545059072 -0.0952436024313437
-0.0111957945280514 0.068746413634126 0.194440257284421 -0.276518122607677
0.0384771676811947 0.0746056348747689 0.073201694388283 -0.362515750193537
0.0413667457507908 0.0803139949914486 0.0212082250134098 -0.364097888105254
0.0356215241345246 0.0846640688149231 0.0618558921448399 -0.367797410954343
-0.012835376621888 0.0816724100789768 0.155836775082624 -0.2743807527116
-0.0720870044576608 0.0597119756959101 0.190433752192038 -0.115664367624618
-0.106917400005523 -0.039009117378621 0.0751154822476753 -0.0567252372046234
-0.00729197135688525 -0.0965991632510207 0.0508914198933106 -0.148316819871979
0.0751162314399314 -0.0241240189258976 0.24956494932887 -0.325119017544842
0.0715345857318441 0.0407817676195351 0.634161757111896 -0.250066310937576
0.263042380605416 -0.125170157086318 0.277647152033932 -0.191410393398894
0.145749781523304 -0.209337673825781 0.0681882999675426 -0.143159063054863
-0.0694446989811133 -0.25460488393757 0.0624199986891861 0.0649424158305151
-0.251429542698429 -0.117791459692155 0.155051360821405 0.0590081553464958
-0.198158539990448 0.0863936842111795 0.21874533749976 -0.080294858501392
-0.0968514864031047 0.166860511327309 0.186416015268133 -0.237344694195571
0.00759042620989427 0.223195996599072 0.0677191349495005 -0.31594744607496
0.0330707155632835 0.233096570225667 0.027850928599796 -0.303435449667744
0.0128978526182348 0.239485760461078 0.0553494619463049 -0.305189499357692
-0.103948113691272 0.201815745377739 0.13442747712448 -0.217127734074568
-0.213646326903608 0.118139627991319 0.148684626659396 -0.0807477696744778
-0.299492941898587 -0.108213621363975 0.0318195820653491 -0.0443082484655688
-0.102041053531111 -0.287770806242035 0.0315362681057038 -0.159129284543136
0.161510145777538 -0.232188137569307 0.204808845136095 -0.342674884448712
0.280449649077742 -0.124118937655725 0.538614117182677 -0.276377057147787
0.392809655810803 -0.243594031489499 0.164958635433108 -0.125671781643343
0.21335232032707 -0.359193035473552 0.0413226024028665 -0.0802527420199546
-0.11339534267373 -0.407842804793458 0.0852442781635418 0.0772703219749885
-0.389974316963253 -0.196053683856569 0.153783449441498 0.0577260223778416
-0.322191628522644 0.110161986667211 0.176910828927728 -0.0695847065145073
-0.17793177438344 0.244179608436748 0.148663604803758 -0.173235207703196
-0.0299956365022726 0.340416438663541 0.0482795805669431 -0.224538051913223
0.0202691145702968 0.351261829997127 0.0311294904414375 -0.196200708671258
-0.00683881648240792 0.356538744184769 0.0436348969108883 -0.195062673051818
-0.171175770737503 0.295809095560806 0.0965041682413697 -0.122851214376912
-0.319708999300712 0.172409688653939 0.0830822844741216 -0.0250194099564176
-0.458596817357157 -0.141177461410931 -0.024756314004286 -0.0214407007951022
-0.20515094178616 -0.429849753912354 -0.001376419450164 -0.151937898236277
0.203482157657233 -0.413198136258906 0.135043176592477 -0.316393882732686
0.438060667628247 -0.277804826991288 0.3797175079564 -0.25303004766412
0.473332549054792 -0.338238631216889 0.000293845821032987 -0.0443194055502611
0.252531399330617 -0.485106397463488 -0.015181582517871 0.0128644798798261
-0.160940633405241 -0.527481967176619 0.102205371921587 0.0987063039953316
-0.498428482376023 -0.245852755483593 0.141496632930921 0.0494044228662997
-0.412422202016612 0.127718207868121 0.108104095812805 -0.0538286198206201
-0.235575823735126 0.292299702732013 0.0832315607919487 -0.0850603406273265
-0.0636684164560524 0.41060822146951 0.0167627185050201 -0.0994315323613761
0.00383509778263501 0.416343559458269 0.0291513074776277 -0.0602827330747615
-0.0244686480953734 0.417631430169318 0.0301030854998411 -0.0554964231062191
-0.207320214202922 0.344723211746471 0.0495202823030923 -0.00457026843127311
-0.373554407447883 0.201460186143538 0.00457624957130646 0.0465287520897456
-0.547645429410949 -0.145526494251827 -0.0854280780820001 0.0116197745113513
-0.281529998865537 -0.497193040066805 -0.03654459791015 -0.126916046225385
0.204049690432689 -0.520560466213221 0.0605460577580959 -0.244100884599389
0.515229657948963 -0.386631401182771 0.185213618250136 -0.182083691552196
0.481228731650326 -0.3884255355027 -0.194880861667595 0.0465132475576198
0.245749895324426 -0.546322671376568 -0.0952658962165495 0.126564821203859
-0.19189757966674 -0.565475593115793 0.0998025522986739 0.121482599273711
-0.535519352383744 -0.251897682559849 0.105485036251068 0.038062170411625
-0.436107099749563 0.130680135115479 0.0177015669523768 -0.0256680335130387
-0.254783690552321 0.297804043746221 -0.000694878054722478 0.0205136374771983
-0.0857846258666414 0.420089308071503 -0.0209501872011292 0.0433401957844133
-0.011468311843291 0.41930985948435 0.0225398947851893 0.0848748296150835
-0.0377922601320378 0.412674722969647 0.0157862466416398 0.0903455459552053
-0.214988056234408 0.333714821885208 -0.000991916965496192 0.117265418832143
-0.366470282687265 0.186886778768024 -0.0747650480464269 0.11748271840709
-0.533490459532824 -0.138668710290369 -0.138983521217297 0.0409440185517738
-0.289280914868135 -0.479308925579674 -0.0652907533192091 -0.0931823764654279
0.182679211845554 -0.526502955365397 0.000344988616314418 -0.142689593926594
0.508420146830002 -0.423939097715454 -0.00936296843145805 -0.0785464528936377
0.410447657745262 -0.383317150187809 -0.386804728671447 0.135802954212575
0.193499517337985 -0.509326327230658 -0.18132803973103 0.23615413388983
-0.185416277697529 -0.499649839613847 0.0740013102474595 0.137076935053624
-0.467479380110385 -0.209982931650662 0.0488759480357397 0.0294748324507128
-0.375050080249612 0.109608454728637 -0.0760174344922795 0.0132614739131105
-0.22634046162991 0.252461663300063 -0.0843761667148244 0.127687864445012
-0.0918275619828482 0.36301633259708 -0.0556902067859315 0.181668431363631
-0.0275435038816925 0.356517880394522 0.011631537733765 0.216874067623022
-0.053343109446316 0.34596421321208 -0.000458078173521285 0.219347313275386
-0.196094114249076 0.265581649290274 -0.0517902589145917 0.216826118911483
-0.306306247805604 0.131032880994257 -0.145428409407847 0.16361938529442
-0.418555865811407 -0.125895209173197 -0.174469194045353 0.0507377713931737
-0.226996924440264 -0.387563186773505 -0.0795137268701922 -0.0674675184238117
0.147117395265751 -0.432199332622857 -0.0353043352989692 -0.0421046775464352
0.42788728566529 -0.387250649498429 -0.17268428935832 0.0304903414506884
0.269581080376417 -0.316013602473588 -0.539527108198237 0.208912295467625
0.105417319341998 -0.375028385132577 -0.251979990371698 0.319195389345674
-0.142002283925349 -0.3342140336111 0.0341359828267883 0.143513686418039
-0.306587623132959 -0.129477111177807 -0.00893646633359783 0.0265930389067377
-0.241871286892402 0.0658281896555 -0.147469901453345 0.0523358215325813
-0.158072387833737 0.160955933302013 -0.149559241024809 0.21307887663062
-0.081968454078454 0.246684385056492 -0.0780928281172707 0.291513046201586
-0.0387366031389174 0.241761977765039 -0.0011401687112661 0.316339810745799
-0.0630062112270495 0.230404690364137 -0.0212164991242599 0.312467694532443
-0.153986127856135 0.161356900122656 -0.101010939861857 0.275550188539675
-0.205830815447742 0.0558549508215801 -0.199092245576751 0.172339118126004
-0.248201816551787 -0.100965280592038 -0.187343432274745 0.0342485712405483
-0.1287256353415 -0.246526856138572 -0.0796469884259585 -0.0554008053944242
0.0987430773874685 -0.28080322551261 -0.0507335608972692 0.0350028065495508
0.286725064539558 -0.290778412048263 -0.286227372971905 0.120692458433482
0.0848308754324597 -0.192725223410407 -0.625007910291706 0.251688002701786
0.00113522082216519 -0.175931785751458 -0.292744547064595 0.369364135065952
-0.0746350869102206 -0.114958267494313 -0.00245738221194121 0.147882142983908
-0.0989464482921728 -0.028838717862524 -0.0472860634244836 0.0287962859466323
-0.0724620784733045 0.00892875333838323 -0.180361700204445 0.0813369607284638
-0.06684528997364 0.0407394215664712 -0.182564472971216 0.261046763035514
-0.0614043470099639 0.0878446230020787 -0.0851014588857655 0.356328653879627
-0.0444549404956929 0.088647938851878 -0.0128657088138069 0.368027314446577
-0.0612687858778093 0.0836407930984487 -0.0443891961318524 0.358548053584466
-0.0885090945840295 0.0446624118373291 -0.141526283407176 0.288929199798509
-0.0851316736743995 -0.0122197162568572 -0.231300928268881 0.149197789515811
-0.0703015290094731 -0.0520451950718253 -0.178727649060871 0.00149575939319006
-0.039347336471591 -0.0850484224321745 -0.073232361653483 -0.0526494635205904
0.0283671853563279 -0.114837274578227 -0.0531373283662732 0.0838779146346791
0.1108582923476 -0.165004872995103 -0.340841511570843 0.184210326079752
0.108693367115554 0.00661921220559104 0.331043192957789 -0.252010466295128
0.0692671416440009 -0.0523901469520583 0.0676431288580459 -0.180104497934311
-0.0267953613409039 -0.0897344563844234 0.0481866612442141 0.0585363167692402
-0.10511731241406 -0.0310392091585199 0.158859489399934 0.0470815179902238
-0.0615389477258466 0.0575365901332965 0.237900631207389 -0.101174866882184
-0.00967483560729772 0.0714814944630646 0.188821262779763 -0.283886808152788
0.0399544689645918 0.0748196815651538 0.0658432855241105 -0.367772271435101
0.0438079126611367 0.0799627199931826 0.0141294599716466 -0.370178094815736
0.0378585731169541 0.084695907812629 0.0541569646415282 -0.371936793530816
-0.0123734500922641 0.0828572160510928 0.150570824353655 -0.280208009767103
-0.0719650260368853 0.0624235921605616 0.190469503444639 -0.122814469782398
-0.109527477080706 -0.0381764576955504 0.0741649171511689 -0.0593545929142048
-0.00842203694572685 -0.0984261239447721 0.0475596309520454 -0.15261486705842
0.0760671658415192 -0.025029894102148 0.24775019368794 -0.335412271619858
0.0725612764067306 0.0404803176711364 0.642464520760501 -0.265774296900333
0.264050185414368 -0.131050438516027 0.281143707570836 -0.20143977421732
0.144491081856515 -0.212506456190177 0.0678266503738582 -0.146923652784208
-0.0763513759496802 -0.255407944845121 0.0677918646085045 0.0618933976342292
-0.259669566500611 -0.11246436189358 0.160086000814558 0.0550955133783063
-0.200520102484599 0.0933521767385957 0.22093853843683 -0.0863502585450316
-0.0945212700146248 0.173000048403234 0.181683535488556 -0.245489444062867
0.0133395270407713 0.226054727689913 0.0621134012969684 -0.319464115025113
0.041575179320972 0.234638262069372 0.0225784974238847 -0.307331761149713
0.0196567587432592 0.242533007063862 0.0491873352355903 -0.307986890124756
-0.101206291367176 0.207717863078902 0.131424788030168 -0.221790390207335
-0.214731594190277 0.125375348891245 0.149318563984255 -0.0855351054927998
-0.308228113977723 -0.101969989069849 0.031755569538483 -0.0454632983258098
-0.109966846954053 -0.291200701828326 0.0279274239178183 -0.164157497550056
0.160204698558472 -0.238498420745037 0.201356828450436 -0.35309119414178
0.280587177248775 -0.131704819838191 0.544713459537985 -0.291248713157864
0.393253031861515 -0.254478405192576 0.168702315956153 -0.131893282648485
0.209713622131982 -0.366979686527569 0.0424229560653996 -0.0825691968746124
-0.125251430655569 -0.410405252486331 0.0926816020523464 0.0746938729433926
-0.401811473342315 -0.187665613626402 0.160098605653878 0.0529283655549547
-0.326434188302852 0.120063432323038 0.180168966612788 -0.0743834761340486
-0.174350117070604 0.253785645583312 0.14599357334515 -0.18054474382335
-0.0210242998176061 0.345892152358423 0.0453647191413648 -0.225800161845117
0.0335413275141981 0.355105338263767 0.0279667612123602 -0.199349790213867
0.00373088774986404 0.362608536672534 0.0402016272020308 -0.196386544911847
-0.167604269935842 0.305528133698249 0.0957008253918756 -0.125181573604953
-0.321712882488341 0.183901637792176 0.0846263021663714 -0.0268177158794175
-0.470207134574802 -0.130959824296039 -0.0247834605549445 -0.0205280068782575
-0.219967035496154 -0.433522269285781 -0.00465099839301488 -0.157037990869556
0.198888156690956 -0.421736926635411 0.130696473008969 -0.326150339920956
0.435403512114319 -0.29028986498445 0.383039716191782 -0.265630266856741
0.47329837694316 -0.350935131478876 0.0023525436781349 -0.0461834786301998
0.246922598830385 -0.496401531179476 -0.0139404744330681 0.0130179573098968
-0.17730494440831 -0.530140068234575 0.110446100652509 0.096478218084275
-0.514223385990229 -0.235028130629821 0.147768022029916 0.0440102129357496
-0.418464761961299 0.140882685655464 0.11161524062679 -0.0576099707510185
-0.231951025462985 0.304583756767835 0.0822428796869688 -0.0913172389875496
-0.0520261785974257 0.417996072393757 0.0167335020628397 -0.097652141301573
0.0197258182409128 0.420739146293646 0.0287595669269335 -0.0608309692873901
-0.0118992665993815 0.424432759131051 0.0301645005517816 -0.0547252629484374
-0.204015828126803 0.355487306049861 0.050909646394991 -0.00430528605052555
-0.376544227292122 0.215431634009758 0.00766652467616924 0.048270336519865
-0.562255044810535 -0.131678776302599 -0.0846532099108106 0.0146160787509848
-0.298024274724089 -0.499078688116286 -0.041249791193865 -0.130880675474391
0.197611613701214 -0.533757095268224 0.0555128430647872 -0.251867165408291
0.51155604448817 -0.405158945347256 0.184824769871044 -0.187174275484835
0.480579379160729 -0.404018571498546 -0.195354518189558 0.0501924596793324
0.239428520957333 -0.560746705263396 -0.0932119427081697 0.130203160209473
-0.210946132734469 -0.572228963334423 0.108662829074136 0.12075993146354
-0.552737563373453 -0.240529870393119 0.112207735725614 0.0340144118648958
-0.441384688614813 0.143735111612605 0.0199896910540602 -0.0273489972779927
-0.251550968738026 0.309821761270396 0.000763174729864707 0.0173626393672566
-0.0739906402564604 0.427246921291983 -0.0176305847205778 0.0481658469782481
0.0040643252484504 0.424600401213367 0.0250591719404959 0.08614390405283
-0.0258608313061469 0.421472351041553 0.0191187696205882 0.0925263524421865
-0.211198687478721 0.34549182570938 0.00297884506315839 0.120058472398436
-0.369268306184892 0.201111726092939 -0.0715963327546485 0.122050533845858
-0.546344560512149 -0.124208283840116 -0.138157007312826 0.0462396729536064
-0.30695597158447 -0.479586320757829 -0.0690559239680268 -0.0957292513186027
0.173767395121936 -0.538501175381376 -0.00395221752882583 -0.14763420456403
0.504526455975404 -0.443776730786468 -0.0116505851210459 -0.0765597957847657
0.411634025077802 -0.396406576436226 -0.390163780085026 0.144405684905156
0.186014161373337 -0.524034565129328 -0.178157014083158 0.244201280039693
-0.20427009515218 -0.505250523725025 0.082362737604432 0.137714999377302
-0.482480880142042 -0.199612306657999 0.0545651492439625 0.0260056896344236
-0.381021446781534 0.121107212474588 -0.0743047620532396 0.0133697050501169
-0.223901850994013 0.261721757117189 -0.081964085778077 0.127515862859812
-0.0817858190746822 0.369966222809218 -0.0496461648919747 0.188588033935307
-0.0141865506295297 0.362342285889831 0.0173766836365828 0.220555256809202
-0.0431412740210546 0.352848955730738 0.00437961291672867 0.222846300451003
-0.193246658629646 0.275240943900372 -0.0463001656352392 0.221834082102929
-0.308331997819719 0.141628394216647 -0.141842190539502 0.171319723403833
-0.428935247788135 -0.114175389501961 -0.1738854928152 0.0568846573576569
-0.241431435816578 -0.387173184762024 -0.0828933729821236 -0.0683436916795941
0.140470943904048 -0.442225855102186 -0.0388915273479556 -0.044907917170877
0.420747903120801 -0.402393361160309 -0.176061507834252 0.0375850560012088
0.26868473174633 -0.325771089808381 -0.545590089226948 0.221726993154229
0.0984274284495032 -0.386489084435474 -0.248988137520036 0.330403892945332
-0.155335641797875 -0.339063744373507 0.0409950134887311 0.146070715056648
-0.317774721243684 -0.122401681761366 -0.00538241476004626 0.024916398962709
-0.246530697311345 0.0722861902634691 -0.146811494449144 0.0542734188127595
-0.157086246666762 0.166747005441434 -0.146299270398947 0.216683187402993
-0.0745640330356981 0.251647644586052 -0.0702481909857823 0.299501433215247
-0.0294876136637511 0.245336986514665 0.00544520253727337 0.320869798104748
-0.0555444989984514 0.235755717225138 -0.0143558880302146 0.316269996597147
-0.152192080830829 0.168529583798055 -0.0950431355310896 0.281293135945083
-0.208151686286143 0.0627383424303578 -0.196265998605522 0.181527090126122
-0.254693394737062 -0.0933095864257825 -0.187602551293175 0.0406141659588342
-0.138598956953869 -0.245030077135409 -0.0831038511895725 -0.0556337015649892
0.0934328714848063 -0.286756504577665 -0.0519045356911349 0.0334538418985902
0.282076450388824 -0.301546121398344 -0.290287701849935 0.132006280878877
0.083790381999569 -0.197462928895154 -0.632093127301212 0.268627155109119
-0.00323633446250346 -0.182456368850563 -0.290991229109461 0.383122313981613
-0.0811277158391551 -0.118041055833069 0.00242617636098197 0.151696744469263
-0.102883571205565 -0.0266138637470476 -0.0455945195765539 0.0284321719959116
-0.0748315984645699 0.00994116497480699 -0.180918667997324 0.0844373461184649
-0.0675799342057561 0.042334898141218 -0.177398386023292 0.267989439387626
-0.0586159897961645 0.090491431018531 -0.0770899368223718 0.364288394088147
-0.0404017715933342 0.0911072938209769 -0.00597136751896396 0.373916404494001
-0.0586804579007219 0.0872739170625602 -0.0362842652570033 0.362796102311725
-0.0880389800922578 0.0480661771043566 -0.136347405394905 0.295139912609098
-0.0869142484882663 -0.00919148166220716 -0.229726012762246 0.158318964489667
-0.0728326322733706 -0.0488191241688039 -0.18109299496987 0.00814496341364033
-0.0435727095252554 -0.084191703630248 -0.0763611245295002 -0.0517175939794937
0.0250172505813491 -0.117302198731663 -0.0534962106862408 0.0841322833857329
0.107299760615555 -0.170855243288952 -0.344889261920127 0.196286848934176
0.109573760035526 0.0024420824807559 0.327202066281535 -0.275444997164674
0.0696191978317572 -0.0544564697919909 0.0606664275367865 -0.18731074870013
-0.0299231572295995 -0.0883837977667438 0.0536454629542144 0.0544088079978693
-0.108949099590193 -0.0255090463770263 0.164191325886573 0.0378423294408838
-0.0598561302402257 0.0624365157255833 0.237115676948236 -0.115848526901389
-0.00610060240384918 0.0743598946515027 0.175137354476767 -0.298426109329548
0.0439026628245074 0.0743882382576865 0.0461699387850644 -0.377652063334612
0.0492133152705651 0.0781896347213966 -0.00512698156926197 -0.377437184962734
0.0430856345317451 0.0836761314766549 0.034779828216931 -0.379619610867617
-0.00828000575039188 0.0844666997372552 0.138381247288195 -0.292049649385602
-0.0701356777004487 0.0674362708848269 0.186692052151818 -0.136624928032346
-0.113091046428965 -0.0337526564650812 0.0710338572418879 -0.0646615883237195
-0.0124641671328422 -0.101114138870297 0.0401426488733064 -0.158902707977594
0.0774052819094869 -0.028558930938993 0.23676367695474 -0.35345125508857
0.0750982076122271 0.0387964609371252 0.643145283850613 -0.306186858069143
0.260971119284371 -0.145513285758278 0.279888616177123 -0.221405755652961
0.138123772980069 -0.220233781191607 0.0632949002730377 -0.153676184484279
-0.0909016396980741 -0.253632115584853 0.0757138812654106 0.0561110641214707
-0.271642212537339 -0.0985525142282318 0.167092212752703 0.0448753683917742
-0.200224859166348 0.1067585685078 0.221336587203254 -0.100058845562089
-0.0859797857075542 0.182561825066193 0.169994830568973 -0.26049800485068
0.0259582995405302 0.228965457845208 0.0466025480220143 -0.326988680026541
0.0568851954525381 0.235419716514603 0.00748163688723865 -0.314216927891548
0.034599590523151 0.245802487434573 0.0336037778672003 -0.314075548208711
-0.0934522322841198 0.218028515860916 0.122144313063656 -0.231707483062062
-0.212433160063858 0.140769674989929 0.14788396817345 -0.0957523550230561
-0.320122583300241 -0.0864959971676127 0.0292692096261852 -0.0484767826616715
-0.128184048089152 -0.291398603684987 0.0194977524616541 -0.170520029278589
0.152131847292408 -0.250595006649095 0.188616061258982 -0.371410368385873
0.276917610614191 -0.148134614198224 0.54294395545527 -0.324354755509765
0.386789835617831 -0.276998612414485 0.169019812578504 -0.144634892320505
0.196644664076689 -0.38172471201863 0.0406659960373134 -0.0876715734991487
-0.151672059678896 -0.4088433984767 0.102424621178901 0.0679301840648673
-0.42167795317903 -0.166328067728167 0.167619138044812 0.0418031572868289
-0.327952141767214 0.141148996814795 0.181694584198312 -0.0865482345091869
-0.163620819692816 0.269663515962186 0.137478793750181 -0.194127608626404
-0.00114798394283306 0.352462221340373 0.0355482435208967 -0.23005994523692
0.0575283617641413 0.357637046666413 0.0194282173003043 -0.204357200943321
0.0255744784319589 0.368649756185338 0.0310889988085818 -0.199847655856788
-0.155266359518163 0.321420553829552 0.0913662045292192 -0.131495196780741
-0.318809315172161 0.206346051108617 0.0861521741153953 -0.0318787133433574
-0.488809452761582 -0.104657862662822 -0.0253985514397731 -0.0204553551873708
-0.247668701088264 -0.430053744488277 -0.0140047518001963 -0.162529640920722
0.181536801931606 -0.441947772528518 0.115466762184488 -0.340612644270148
0.425858825087777 -0.319275312033906 0.378148631771948 -0.287804965589599
0.463618405841513 -0.381694916770764 0.00333268491542932 -0.0490270843783507
0.227048319159822 -0.517429564871769 -0.0115391779025822 0.0133172983869023
-0.212987037801485 -0.528682617446631 0.123021579218109 0.0895854193274902
-0.53971389568758 -0.207355839311428 0.156469077864141 0.0324032642735847
-0.421414502306093 0.168190798262785 0.113076820098087 -0.0670170885244858
-0.219369639362299 0.32426690152894 0.0777073183908585 -0.100207740456465
-0.0282702005034939 0.427541174799198 0.014920675575358 -0.0976658042014663
0.0479142036419837 0.425481371004767 0.0279916428376451 -0.062700546958835
0.0149252466051509 0.433648390939177 0.0289686427595629 -0.0558880883611765
-0.188821126416075 0.376009901446101 0.0529236837531527 -0.00614997404245723
-0.373079160893808 0.241158787243405 0.0118809751794174 0.0495775752413491
-0.582488274295216 -0.100457907549782 -0.0841140362679504 0.0191659964542725
-0.333112087434107 -0.493793908679545 -0.0498605556992205 -0.133710166603257
0.176239481346153 -0.555734980038968 0.0419653472838414 -0.2624472158269
0.496600793542107 -0.439157016992507 0.180017317312955 -0.198052453819647
0.470529543679372 -0.43516708651886 -0.193999487094836 0.0593355372470199
0.21532273670168 -0.5835518530869 -0.0861475623250935 0.13751753676849
-0.250452965491951 -0.571804690002554 0.122432864795489 0.11503357531202
-0.579658406877914 -0.211188458839357 0.119351431287058 0.0235924679757254
-0.446779760647115 0.172700261654103 0.0210875898199562 -0.0318818546721003
-0.239310549484122 0.330044668845281 0.00106800353718519 0.0141997799994502
-0.0492449496051272 0.438055805195266 -0.0121421483948615 0.0535850821089053
0.031728945009798 0.429569935919845 0.0317397378494438 0.0872806302539984
0.000827138263854317 0.430590533457917 0.0257425723885056 0.0942019079593998
-0.19658264913698 0.364786560529262 0.0114432556448935 0.12324317544242
-0.367137167672749 0.227971375413581 -0.0637326215783682 0.12986410891849
-0.565699904453509 -0.0934933465298703 -0.135895722001923 0.0547941943050563
-0.340585119285675 -0.471749709481355 -0.0767059235806159 -0.0961898282456943
0.151067417782282 -0.558797774654638 -0.0142639338724613 -0.152550595589419
0.486584993943381 -0.479477581706125 -0.016561019463358 -0.0744641813758747
0.398985571931511 -0.425024809085254 -0.388973451531828 0.166917597229852
0.162001723979394 -0.54470364879462 -0.168037470071493 0.258390448283735
-0.240038075832475 -0.504614372429876 0.0959540723892474 0.135322498778451
-0.506808585333507 -0.174920522739798 0.0597740799814288 0.0194524568071349
-0.385210371019141 0.146184285644133 -0.073676432439138 0.0143610501214728
-0.213864457868117 0.280175028434173 -0.0766177204172355 0.131019243349805
-0.0606792000645024 0.379974265374594 -0.0373716590550715 0.197729813948602
0.0107322681753162 0.367050543871742 0.0303107033698423 0.224381438366421
-0.0212691500267677 0.361816945018982 0.0174057579941521 0.226645129938033
-0.18231699171302 0.292914357369057 -0.0334382100041371 0.228838989299635
-0.30764087014505 0.162463822951071 -0.132546687154836 0.184031915762143
-0.443923278978024 -0.0889512354923377 -0.171813703805162 0.0680529642636221
-0.268828433546717 -0.380150933731738 -0.0890217725352049 -0.0673488624818678
0.120731535057217 -0.458095425512734 -0.0445932096965257 -0.0467642839038644
0.405291282489182 -0.43226853175806 -0.179101881910391 0.0511531055167671
0.257732855726728 -0.34643081207903 -0.545510226163399 0.252854334528042
0.0794409283872878 -0.401436115651527 -0.236684969274797 0.3507557975826
-0.180967986134323 -0.339466607201271 0.0528278971019652 0.146775367591253
-0.333135883938028 -0.106943900865484 -0.00224517953225885 0.0227918690782146
-0.250080285557905 0.0879455809074654 -0.146124068120336 0.0605699300187786
-0.151474123775036 0.178511936472049 -0.136621666245781 0.226179256470392
-0.0598923348692024 0.259841471308022 -0.0535758287398549 0.312089502889503
-0.0131466752767164 0.250184473244483 0.0235257078192668 0.328119024325037
-0.0412313586503775 0.243368623745559 0.00246301065078809 0.322252549700645
-0.145327213258317 0.180819170643428 -0.0802006659395161 0.2914592360717
-0.209359539609868 0.0768089644101995 -0.188256812565111 0.197372111207092
-0.264299197712859 -0.0776884565222139 -0.186865214282183 0.0527375340033871
-0.156180172489344 -0.23973428973181 -0.0890812942349554 -0.0538338091044412
0.0797409198325339 -0.297474808436587 -0.0543560002583291 0.0339458121502058
0.26800673242683 -0.322867622439099 -0.290989439935023 0.153587636987819
0.0758726339823968 -0.206154423831002 -0.632351979344583 0.30486940167079
-0.0149524340122363 -0.188317179484775 -0.2766957169813 0.406780333506749
-0.0925170874225483 -0.118093036102438 0.0127425888443157 0.155097891075842
-0.10769385139781 -0.0214840508399287 -0.0436690859131921 0.0294287956825184
-0.0773725479133998 0.0138166433557385 -0.18044449418018 0.0933545617254195
-0.0679675106226751 0.046319994460542 -0.166205482753739 0.280378909042194
-0.0530872479899403 0.0947307280527521 -0.057463930219833 0.376320667456646
-0.0346649159151595 0.0941920948269016 0.0137035055180089 0.381933235345069
-0.052735389828269 0.0926499045302187 -0.0180905368839548 0.369992850282548
-0.0860306804706908 0.0541920847911488 -0.122671528006754 0.307663030561912
-0.0892748520778991 -0.00363992029741755 -0.223343218767549 0.174548796448465
-0.0768206025894628 -0.0430710104442996 -0.182166431679024 0.0194739739670568
-0.051197942391988 -0.0815558383357087 -0.0823799350540265 -0.0482867913207905
0.0183443226388996 -0.121635245650689 -0.0530133945247274 0.0859499765634548
0.0991898443041713 -0.180785221068503 -0.342743069635979 0.221949950739124
0.107799334837192 -0.00442574809393622 0.306276693843446 -0.299725306758586
0.0682623697872431 -0.0568235374302744 0.0466640655075181 -0.191058351366568
-0.0343381912175785 -0.085005343270487 0.0580181079152992 0.0471999069806877
-0.110369055787115 -0.0163250595617681 0.166075268322867 0.0243515027339035
-0.0547767908531199 0.0665533551124988 0.226397774844645 -0.132938579916567
0.000348216251500564 0.0751993196930123 0.149355447879858 -0.308791003506037
0.0489039754181451 0.0708204293810101 0.016195624465397 -0.377177169247815
0.0548110159254148 0.0735719261120106 -0.0326567122183383 -0.374575972792114
0.0491602762321577 0.07896865495207 0.00572183060950039 -0.37782055725056
-0.00280890201052653 0.0843400457373313 0.114139524257557 -0.29899606881349
-0.0640757624157541 0.0723660790819316 0.173515040428644 -0.150774315040321
-0.115486382281327 -0.0251707077825358 0.0635502731288552 -0.0692150087876971
-0.0194379614216182 -0.1006685397229 0.0267891635290498 -0.161222498964478
0.0753418322286172 -0.0328726041712238 0.208704362463414 -0.368902498309428
0.0763171542163824 0.0345357502809299 0.618857578872142 -0.353882175137427
0.246910347052511 -0.161914905233817 0.265307299840256 -0.242732314251474
0.123991663943296 -0.22634123758917 0.0523618629569671 -0.158171078293111
-0.108066906761745 -0.243333377298819 0.08088493825659 0.0468213952652421
-0.277773098398061 -0.0754992947301991 0.169026669482757 0.0293916350198851
-0.190731379545458 0.122459195136045 0.21269472983586 -0.117834046224622
-0.0714795657109596 0.188596788766902 0.147280408807955 -0.271287597325417
0.0439347185145564 0.225202320916138 0.0223211040108663 -0.326631749478557
0.0771232495623983 0.227619018569677 -0.0144188879320739 -0.312549827806082
0.0541270939953144 0.240431226144034 0.0106287621376121 -0.312311189305027
-0.0757009073223834 0.224372455626842 0.104159619035741 -0.238187147395711
-0.200449083072431 0.15730460124361 0.139232068492442 -0.106721713812677
-0.324911161035512 -0.0596162185006624 0.0245902367373804 -0.0512290362084228
-0.149692740391168 -0.280328180883405 0.00550024771716212 -0.172674837420452
0.132957448498922 -0.259550851947016 0.159013893835946 -0.383813261445
0.261913405356024 -0.166423847142546 0.517572881521569 -0.365016300516009
0.363527841798125 -0.30319784949981 0.161266948479698 -0.159073307557979
0.169813082407062 -0.391305111057401 0.0355959877289109 -0.0908638456349641
-0.180586393428047 -0.392156853350441 0.109513143518936 0.0553425704070473
-0.432136136800837 -0.130129282104848 0.170740086403039 0.0245035353275893
-0.315852867676326 0.167200965980064 0.174316059009818 -0.102274158239844
-0.140952055046215 0.280294967178088 0.119265989928137 -0.204321351395836
0.0270478836699127 0.348863460541775 0.0206665077581057 -0.229057743676844
0.0871183272619734 0.348764046734902 0.0055965365529806 -0.204255384660508
0.0557360321696197 0.36332262723292 0.0169807996012864 -0.199151610169989
-0.129473972201002 0.333286233347579 0.0821717596146708 -0.136538019682765
-0.300583286546313 0.230694469245826 0.0835937860283129 -0.038171168178376
-0.493227012510686 -0.063730075094491 -0.0269758307843469 -0.019592881634382
-0.280338529673367 -0.40897558902952 -0.0279653774062455 -0.16212802996411
0.1492647624108 -0.451645943730647 0.0894203669494552 -0.348650657035748
0.395337747563161 -0.347637347383815 0.356992464186384 -0.313899930191807
0.432301111428978 -0.411655061825674 0.00369022156071591 -0.0514313987232935
0.189527828405281 -0.527551814000428 -0.0078932375205056 0.0129093023555109
-0.253532485522081 -0.50603134687569 0.132765732769288 0.0754072160286749
-0.555028416122218 -0.161917995884618 0.15911647627533 0.0160667053695627
-0.407410302283599 0.200844736630739 0.108207045195691 -0.0778245709363465
-0.192822997623941 0.338850989887932 0.0676530903157787 -0.108151425368627
0.00621548666004432 0.424334298243007 0.010584739116591 -0.0955942576340431
0.0837161101491169 0.416210235536385 0.0249344568796778 -0.0646416588831214
0.0512315223434893 0.428817344312509 0.0260660496435432 -0.056635983594221
-0.158848497612406 0.388724989239049 0.0538439494342136 -0.0088168869284349
-0.352761463136922 0.269934400590392 0.0175260503038606 0.0489304133086004
-0.586357286818743 -0.0510440989613037 -0.0811312927148715 0.024068185059677
-0.370542529494966 -0.463500371863808 -0.0606451510867379 -0.130987797111297
0.133770820702455 -0.565038237156036 0.0201299022469242 -0.265385230306408
0.455692793303155 -0.472471939051391 0.164549817747565 -0.2082009130213
0.435757827895661 -0.466363638509087 -0.185944196606225 0.0712724933014149
0.170254015646559 -0.597108840792892 -0.0734463745862205 0.142390084219654
-0.296655514481208 -0.546698875693684 0.13502271352793 0.101779522347286
-0.594447681128065 -0.162774678622547 0.12208639305525 0.0101655510351668
-0.431144208114413 0.208193827786565 0.0202209568311588 -0.036914861315173
-0.212543961106169 0.347256578980137 0.00016081574812776 0.0110524563846589
-0.013269092404963 0.437520386566841 -0.00402467928262006 0.0560558590409318
0.0691901915337271 0.421283741171287 0.0395545210008962 0.0843718745292409
0.0355021071039927 0.426434627499131 0.0337078618843883 0.092211793512993
-0.166616081740353 0.37888495676411 0.0217009559243374 0.122078797608023
-0.348512884844806 0.257081954642053 -0.0509248828999945 0.135177450626297
-0.568356692363118 -0.0431862003755014 -0.129440852356375 0.0634934193540723
-0.378380129358392 -0.441084599266729 -0.0848002743568989 -0.0915681698673765
0.107333442537597 -0.565728319829768 -0.0279665796782754 -0.152741266964937
0.442589043288187 -0.509406081555858 -0.0216725247866759 -0.0696951098170199
0.364840869541806 -0.452435006505066 -0.373042412896206 0.192603426931566
0.120857393385774 -0.553855639862441 -0.145030136687192 0.269852038188568
-0.282402566325555 -0.48156751236225 0.109985486329838 0.124295720777592
-0.519170394855128 -0.132485901861237 0.0624737776290528 0.0114801180509841
-0.372828569427393 0.176739390097677 -0.0712426263794483 0.0168245112473546
-0.191466346231298 0.295072943764793 -0.0672579779762004 0.132751493099635
-0.0279575625039505 0.380329818684401 -0.0175292571358381 0.20092744475706
0.0428875879028377 0.360885499542181 0.0482713829519394 0.220979280419808
0.00939648389484684 0.360359545556807 0.0354106829708055 0.223131208162464
-0.157850310756357 0.305430151507233 -0.0147525038530618 0.230014319152244
-0.293862689064468 0.187067705924124 -0.11585303507668 0.194246100014735
-0.447450758151886 -0.049798366546071 -0.163993311840578 0.0801170955280517
-0.298449342938482 -0.353576094465894 -0.0954091728763923 -0.0618217042600806
0.0855694782248674 -0.464209092689686 -0.0508295644929199 -0.0449249965459351
0.36438995485348 -0.458763881422805 -0.174046306446013 0.0682652634470493
0.231701600873955 -0.362794542415243 -0.523448372729258 0.291125939785154
0.047488704560497 -0.406765179791289 -0.207688525285884 0.367167722742803
-0.210829162236631 -0.322642814821411 0.0668897564193429 0.140550581690363
-0.341392205257401 -0.0780135432125104 0.000838813872421996 0.0188481336376779
-0.243074483548902 0.107574232058439 -0.140563364311631 0.0683413266593793
-0.137550828881511 0.189915948689418 -0.119606845453475 0.23224697610332
-0.0378878729205446 0.261172275627125 -0.0260525910527958 0.3145772600646
0.00927642204341604 0.246934910489057 0.0481321825575311 0.324457234062708
-0.0194464993271618 0.244214496923459 0.0277204157796549 0.318529472389661
-0.129656034207387 0.19118319111247 -0.0563567292196679 0.29574339974407
-0.201911411670875 0.0932042158404315 -0.16845875417578 0.211590353640043
-0.268036848468194 -0.0533547666684877 -0.179654000071914 0.0663656597122337
-0.175584854874796 -0.223976263353433 -0.0944691163658087 -0.0467257771802537
0.0554903902179403 -0.301120056731484 -0.0543605792604652 0.0363604441974629
0.238057535180631 -0.340485565233396 -0.2782415950397 0.178923350878778
0.0609704818264918 -0.211081156345731 -0.609375039406164 0.349475738267198
-0.0302496528626069 -0.187165805162913 -0.243290693363844 0.425273182150721
-0.105338029298542 -0.110945088616591 0.0266025686591777 0.153192379155292
-0.110201102851832 -0.0121521816405795 -0.0400038523075258 0.0299591829909367
-0.0767459091247331 0.0201923854535459 -0.172930170877235 0.10467667813354
-0.0647099777873023 0.0515087510095852 -0.143639225168398 0.290200642405772
-0.0439534543289642 0.0971727035697655 -0.0267002149569807 0.378832966481039
-0.0253975939108569 0.0950692539504945 0.0427253499908606 0.378769954648696
-0.0439641412334961 0.0960973979920361 0.0105261980951026 0.367971810725567
-0.0805067405671407 0.0609021273305495 -0.0979602342030551 0.313682083872157
-0.0891252975301389 0.0041184301023708 -0.206018676106253 0.192191580473648
-0.0786471377097138 -0.0350656596785373 -0.177785781412538 0.0338627057258316
-0.0586714926566869 -0.0747078244212391 -0.086217375822572 -0.0409403382856647
0.0077325748944637 -0.122675816026475 -0.0491480856984711 0.0872738480356507
0.0826210466338387 -0.18785198196467 -0.325004331510861 0.249805124938597
0.101920200392989 -0.00916152338221601 0.275174294406365 -0.308667958355273
0.0644833836115541 -0.0571676370358508 0.0313487756973012 -0.186079358611585
-0.0353920247891005 -0.0787678848572304 0.0593103069995051 0.0387374954736944
-0.106377045681911 -0.00775997970379273 0.160419519969697 0.0102792823217336
-0.048034691599079 0.0679596878726116 0.207150404660923 -0.143570963910005
0.00582956249616127 0.0723257426916539 0.120096699819036 -0.304892408632404
0.0514379874375131 0.0650701524020317 -0.0111501164958226 -0.360950244946086
0.0576778258804256 0.0665085635507644 -0.0550236777189604 -0.356462508105973
0.051729879405294 0.0714176777324314 -0.0195652106451584 -0.359047023542711
0.00295708671786286 0.0808202540310379 0.0893363137563395 -0.292278544802856
-0.0556187424238885 0.0736625074963501 0.154206596619393 -0.155781940533041
-0.112339675375107 -0.0173126825364842 0.0538348585990608 -0.0692094462071349
-0.0242951066605452 -0.0959876493652368 0.0133920573714524 -0.156633463172066
0.0711909681640863 -0.0349534945704395 0.176114280720665 -0.366546660775348
0.0742379400286727 0.0301127136411575 0.568651804373987 -0.380678360199796
0.224277564041715 -0.1689682889751 0.240717128732387 -0.252699868724907
0.106808963600586 -0.221735103950263 0.0400504346469125 -0.155305628667833
-0.11756428196911 -0.223143202803595 0.0817571951480062 0.0356859114150862
-0.270683443084027 -0.0516728717115467 0.163073042657905 0.0135633029961002
-0.174771892312604 0.130590752004028 0.194945710550426 -0.12833879358006
-0.0550359222392808 0.185377549468185 0.119562908524318 -0.269750452068716
0.0573824776764352 0.211246333786532 -3.85144622541684E-06 -0.312830458571276
0.0899398966991359 0.210963213310134 -0.0336417831806643 -0.298582532256183
0.0684118344457781 0.224619796400136 -0.0102110348582941 -0.297156756124708
-0.0578407677827997 0.220353673728046 0.0847005815498165 -0.232713454994684
-0.180423072474876 0.164968011669596 0.125279926465759 -0.111173545580763
-0.314739816386811 -0.0333449435685241 0.0184375852940042 -0.0508201441745929
-0.162389174163709 -0.258561020358461 -0.00764899026081592 -0.166874188424976
0.111647275856103 -0.256138122591359 0.128326298825553 -0.378937662961427
0.236630979097079 -0.173122147649545 0.472124398609073 -0.382440546379963
0.326486202352992 -0.312138896655944 0.147316885369883 -0.164946561988489
0.140134644610631 -0.38226071473942 0.0290537776968951 -0.0903297342128835
-0.199593922640442 -0.359224360231895 0.110192009380699 0.0408420949133269
-0.422348057392133 -0.0931532409905109 0.164180848062126 0.00846838504848766
-0.291782664257892 0.182665715667286 0.159300361203032 -0.112001684196638
-0.11622619624228 0.278658717626338 0.0982210452028033 -0.20441543487349
0.0496552789515169 0.330426685879793 0.0063423021979389 -0.219434724663202
0.109537923947714 0.324540138446394 -0.00628477351944025 -0.196236504328523
0.079885661691451 0.342235831538663 0.0044059309202143 -0.190533038496917
-0.100723231745416 0.328519798149543 0.0704195240132362 -0.134546070524905
-0.271903168559349 0.242722331350685 0.0778031928431975 -0.0424687135947821
-0.477342586472816 -0.0256142349451307 -0.0284827784606511 -0.0170341956054723
-0.296303762928378 -0.370923764468347 -0.0389803376410091 -0.155421846188273
0.112884563421377 -0.44055544789468 0.0614790054824317 -0.34147840192277
0.351979035694729 -0.355930827643764 0.321413461507765 -0.323086814816512
0.385419421893482 -0.421721220687241 0.00340777206074347 -0.0526501091979979
0.148206463093886 -0.51583115916773 -0.0052622267371726 0.0120062068544572
-0.277240673023201 -0.464090124412179 0.134310848405079 0.0587073160882672
-0.542302780189342 -0.113597988275211 0.15306437930973 0.000237812628568444
-0.375633784207046 0.222426752123127 0.0976940988719772 -0.0853283693324488
-0.161307601044517 0.337774461560283 0.0545331185120123 -0.109448516491707
0.0359377496682099 0.40452563882327 0.00692007885239485 -0.0908769551089381
0.112148290948465 0.388918199382785 0.0213095711621143 -0.064037650351786
0.0796628534759034 0.404326246872485 0.0219043900872896 -0.0550958361762405
-0.125133986465585 0.384360344717104 0.0523898660452769 -0.0113871178052846
-0.319499119258907 0.28338581774503 0.021660333066576 0.0459422796745361
-0.562833099405253 -0.00410589789282912 -0.0767728261103109 0.0269700926924496
-0.387742622901556 -0.41718972668827 -0.0685553736705088 -0.123230735858672
0.0914789731644674 -0.546934462497093 -0.000248764289902054 -0.256500370030366
0.401090623153446 -0.47884080055017 0.144971939367712 -0.207851685122857
0.386022521828906 -0.473057955356447 -0.169946949853879 0.0775595312004019
0.125428489506285 -0.580251969087114 -0.0583918260653254 0.139944468630281
-0.321417069792473 -0.499437735253468 0.138847005046425 0.0839652255304678
-0.582388427332206 -0.111644212818424 0.117872668089855 -0.00302401297943104
-0.398478829768979 0.230843600103028 0.0161919907407193 -0.0398933589867834
-0.179607272358119 0.347282430329815 -0.00108792427197243 0.00816758075484548
0.0186550117988299 0.417189901773981 0.00367819523347784 0.0550130297409904
0.0977140979353434 0.394624048065972 0.0451556981890599 0.0782519109287673
0.0660538847876927 0.403281486442405 0.0390285754225281 0.0862106615338713
-0.132996869781435 0.374757619241207 0.0305455499016114 0.115505650067213
-0.316376723645112 0.270799372726642 -0.0374996096421808 0.132811275822878
-0.545257642372778 -0.000416069807212802 -0.11981289583569 0.0682208758004133
-0.39340792002261 -0.39374042300829 -0.0887116827464883 -0.0834243748961927
0.0648468622774184 -0.547064303235533 -0.0394785528783062 -0.145047033966158
0.383954925459472 -0.513754447352047 -0.0241358368661142 -0.0622012760353541
0.320769377949455 -0.456691672506225 -0.342852064107356 0.206958279647638
0.0787519729945537 -0.538526217234328 -0.118799339932415 0.266782021360011
-0.306078258366588 -0.439388823606361 0.116889017324741 0.108442366262212
-0.508985583585236 -0.0878750704202308 0.0609308104054021 0.00272416108577203
-0.346273110579615 0.196876328090695 -0.0674939067588817 0.0178620138179363
-0.163549331610372 0.295767034270387 -0.0567665518113384 0.129703550621393
-9.08055766967383E-05 0.363788714574953 9.63448332333174E-05 0.194589535995616
0.0683760827251997 0.339516226805368 0.062116771810336 0.208172388209675
0.0356216024106079 0.342046368189672 0.049217559490312 0.210925375140903
-0.129209563762159 0.303136139436944 0.00299049501640292 0.220714299897363
-0.268820592193484 0.200314290026362 -0.0941447946592374 0.194081931850888
-0.430201051285604 -0.0135663159063516 -0.149878137733053 0.0864223278944623
-0.310431779801557 -0.314248298808814 -0.0969207066138714 -0.0534571390199927
0.0504951083825541 -0.448275600688994 -0.0551396162016876 -0.0405033387822784
0.312585435210267 -0.460995904034554 -0.161094909878704 0.0805566923424935
0.199598388800227 -0.362473775495402 -0.48300903738539 0.313061384178955
0.0188287510050895 -0.393154195978389 -0.172460240445276 0.364358103064706
-0.227883570590763 -0.293333011869826 0.0763672043197021 0.12805695122909
-0.334980751368429 -0.0490866944398202 0.0029496271348768 0.0154907554818206
-0.226217185690334 0.121444762792622 -0.130097305716883 0.0733491195900936
-0.119235140273322 0.191689634926712 -0.099008608539109 0.22862789277803
-0.0171884050097336 0.250363978971325 -0.000346563244551284 0.303313638394358
0.0276411893533727 0.233326158396066 0.0691106593729703 0.308164675222998
-0.000492203959666031 0.233718466400415 0.0467162006078514 0.301684460740095
-0.110371167217212 0.192328878205683 -0.0326292022659137 0.28567292098503
-0.186992790528399 0.103752989790873 -0.143209569259831 0.214168490396622
-0.258474592915939 -0.0298797670967232 -0.165377214679231 0.074815248491117
-0.183852015302101 -0.198662873011457 -0.0941858743238318 -0.0387118534328771
0.0316101823059498 -0.290466729975718 -0.0531229901376525 0.0370580515441233
0.202061289963757 -0.340752237689093 -0.25425659523307 0.192604545526242
0.046770853736204 -0.20645126165865 -0.561640860383116 0.373530211368869
-0.0426438197000619 -0.17839517065913 -0.204106201831462 0.422932040455889
-0.112218558406256 -0.0984022528591583 0.0379898526260387 0.144120483439883
-0.108204463271811 -0.0031901236672858 -0.0359029039298531 0.0293798070649229
-0.0731614043518012 0.0243539079613684 -0.1591524730674 0.111126871291907
-0.0595293087940983 0.0545422452967517 -0.117387159523346 0.286310392105169
-0.0350205287958759 0.095089393079378 0.00172672919857144 0.364566699907495
-0.0171206724850377 0.0919801907984483 0.0663778800108658 0.360948240638784
-0.0335286953327483 0.0951684716418981 0.0337023017134105 0.349309734857311
-0.0715645080140036 0.0641083998812313 -0.0719362042760596 0.305900485987612
-0.0849158195049816 0.01045423719615 -0.180486664948022 0.197185926721792
-0.0765445252336803 -0.0259771786637251 -0.165323754721478 0.0452524826540828
-0.0622243431570086 -0.0649630896691154 -0.086424841062449 -0.0323069961750982
-0.0022978030015793 -0.118008003914886 -0.0447406697928148 0.0863103606561239
0.0637257465672591 -0.185038281689217 -0.294376091927052 0.264996596287513
0.0914152846958613 -0.0270898251493616 0.205964607636161 -0.334951814125584
0.0508906332333108 -0.0622333331633511 0.00105014318653487 -0.180414201016151
-0.0398444659822908 -0.0681542953960072 0.0611411136490439 0.0186805422743833
-0.0957496619967729 0.00591650416103834 0.144902892125982 -0.022925063760431
-0.0362869446110278 0.0636551171932932 0.165702434140892 -0.165993922116168
0.0116436903364835 0.0651065874474156 0.0632881147553813 -0.30206375615424
0.0531132340316442 0.0517168952964605 -0.0653311725917631 -0.336953214849449
0.0595627300779532 0.0531506018959686 -0.10679274414377 -0.325772592688102
0.055201992338626 0.0581699514094848 -0.0783017703535718 -0.335649016699623
0.0127895919642505 0.0729889634820645 0.0323748964472239 -0.289498832869261
-0.0417143409374489 0.072594819838212 0.116322423775158 -0.171959546549758
-0.107115679743591 -0.001789595381854 0.0398798711056268 -0.0719256203146896
-0.0342927360539436 -0.0878131068638906 -0.0145899391823454 -0.149615647892917
0.0664506033285393 -0.0456426951752843 0.101200154759506 -0.369024197878566
0.0794978590038916 0.0127716080404818 0.471336021065083 -0.437481429857345
0.183792683768236 -0.187578692407186 0.190481316541594 -0.285182771342149
0.0673923444817575 -0.218349843295356 0.0168029975150994 -0.160222387751474
-0.134699057741851 -0.186829805035478 0.0781024894113758 0.000165767939215427
-0.250932811634627 -0.00803486757358609 0.140072694146484 -0.0292986733073763
-0.14278456569332 0.139431329463842 0.147465841208856 -0.147071490020398
-0.0289667108316612 0.178267823615052 0.0657263693651586 -0.26455911346853
0.0807275558059318 0.185546110557172 -0.0496099532361273 -0.286674122582901
0.108761318091304 0.181403069192757 -0.0777350919727561 -0.274488879206263
0.0937781994460731 0.197893737902261 -0.0609591621659154 -0.280557603778907
-0.022984053971282 0.212428501319883 0.0355683550827149 -0.235990890641457
-0.146565312563794 0.17310759898527 0.0979370728743055 -0.12691286238106
-0.298322819745872 0.0127950963360924 0.0131416855671241 -0.0513951448911582
-0.18109072393445 -0.219645490707304 -0.0353242564382291 -0.159653155732636
0.0717943442523316 -0.255505038209298 0.0569763840575215 -0.368092200879319
0.203551298360705 -0.19789792582154 0.38309643960313 -0.423597194660246
0.259065544451888 -0.329968378035515 0.12464875188523 -0.19601492597999
0.0754103031973976 -0.369285354009226 0.0212219641011804 -0.104219834281954
-0.229145088557547 -0.298088892743403 0.10285158318872 -0.011632256058298
-0.394713071023854 -0.020598420724539 0.132159205449663 -0.0434432256494105
-0.242301375645478 0.205408391709582 0.10829913863536 -0.123542136832682
-0.0721320924962085 0.272497829430192 0.0519221042845776 -0.196259813644823
0.0924770403438645 0.295382474124169 -0.0311534487368486 -0.194193023473359
0.142828424863187 0.283406799881178 -0.037553850602439 -0.181281648093576
0.122202957578722 0.304921898018336 -0.0319006139980731 -0.183615354861305
-0.0472693985096846 0.32067107568067 0.0374192213196693 -0.143027998456573
-0.222560415308111 0.257454797034275 0.0670301951935194 -0.0543541678434425
-0.448238966154836 0.0439749193671945 -0.0220896676999253 -0.0146268880775588
-0.319346059460273 -0.304791813260671 -0.0626765921795693 -0.147559672295146
0.0463954179094718 -0.426999244625381 0.00387291522605085 -0.319415654825765
0.283947535074207 -0.381555182302339 0.253029959084285 -0.342678322198212
0.299730491936006 -0.434512586562725 0.0142203581866381 -0.0713981142598362
0.0640320256834999 -0.490613293629704 0.0080376697351202 -0.00805671168785157
-0.315197443672413 -0.381129191965489 0.125378520761699 -0.00751988641247888
-0.507349020041276 -0.0205273406128672 0.113922577109126 -0.055145377248911
-0.313812518891988 0.256066792145208 0.0493296712088707 -0.0866148158896021
-0.105038924501186 0.335307132671543 0.0241629042301038 -0.0981095026025307
0.0917197087845466 0.365292768458696 -0.0119478673171407 -0.0696105550536356
0.155082576325282 0.34274002350328 0.00828703358765336 -0.0606824072491709
0.131839728165788 0.363509707310688 0.00611675832055492 -0.0604872545836755
-0.0606326118115003 0.37707159368456 0.0404859501879858 -0.0256312339550976
-0.261235579569916 0.303340713310839 0.0299817852257024 0.037050964857074
-0.526215223350096 0.0752362281879926 -0.0577599358066311 0.0337841495003346
-0.409351067014698 -0.334579015342147 -0.0853743697755041 -0.114033768803706
0.00798653293691321 -0.521170172382014 -0.0370080649264494 -0.229742005150882
0.311835836019521 -0.499847048606158 0.108032674284835 -0.207974822689042
0.292134317652823 -0.479907001311977 -0.123837005887976 0.0778742145530053
0.0352487226392013 -0.544821152988289 -0.0203508922230232 0.118015983541258
-0.361585328365801 -0.404952369237972 0.131667921468893 0.0122734849595798
-0.544525553519665 -0.0108787002750236 0.077775839059643 -0.0542020614357591
-0.332392277263475 0.269165329985739 -0.0209844330136175 -0.0304415903943841
-0.119202252197291 0.347039856375885 -0.0100184941029466 0.0218516267311284
0.0794121976677924 0.37947924706908 0.00635795425721866 0.0701350835574393
0.143681541665159 0.350058121550391 0.0530131707808512 0.068762371794514
0.120096684918485 0.364446999478224 0.0453296446169261 0.0701622027488039
-0.0698496938911886 0.369520949686613 0.0423653462297668 0.0974191671686587
-0.260894067960051 0.290189957678907 -0.00899283698018243 0.128384037143047
-0.508620422597559 0.0794872732882239 -0.0907072458699027 0.0780964252379747
-0.409577537892376 -0.311278536212525 -0.0984940577125781 -0.0729762667026937
-0.0169256271812255 -0.516908260909776 -0.0548983543359957 -0.120231305582654
0.289887557307113 -0.527279515127011 -0.0259783536870681 -0.0469954217658379
0.234761895816466 -0.451253918823308 -0.264461499021338 0.229541845812243
-0.00140880479675261 -0.500693797084892 -0.0571327599820935 0.248994966902507
-0.339563229939028 -0.35454755224645 0.115536342317264 0.0445643841501178
-0.475967717316669 0.00118949615439837 0.029534899975536 -0.0354293231537205
-0.288149336583576 0.231843705030441 -0.0857964784846781 0.0361686529247728
-0.10991311973975 0.297874962171194 -0.0420225690826841 0.142289399631477
0.0561630602934145 0.333939532781565 0.0250868968052705 0.200159244355496
0.109364010345933 0.302739565754031 0.0890662704409862 0.188269831203713
0.0845683608130128 0.311275088087227 0.0762216932813382 0.186835088556255
-0.0759774593841015 0.304226386419949 0.0358952269776229 0.201224211769325
-0.225041947245836 0.2207848602336 -0.0513900355294348 0.195260311003461
-0.403066673067069 0.0512657416977122 -0.116914053457925 0.100842943228067
-0.325516864427961 -0.248180904317269 -0.100304190035393 -0.041200872034448
-0.0181544770214629 -0.421969564281866 -0.0536900853292436 -0.0215923004639888
0.229017502781423 -0.466031361254835 -0.132446451360392 0.105497488184531
0.135185642564853 -0.347792985189161 -0.381054877836434 0.354830837770952
-0.0344488751135619 -0.357349120661103 -0.0946178272171877 0.356117061305109
-0.248122495753115 -0.231831646440996 0.0836357706399811 0.081197775579966
-0.31172154796893 0.00989118174444024 -0.0133823815334754 -0.00429916251082445
-0.18915674036822 0.146908197593233 -0.127151819265121 0.094961599307863
-0.0820795670576589 0.195655573405427 -0.0629587303064421 0.238016629776442
0.0243941277290415 0.232177559244102 0.0418019928275154 0.298999879162838
0.0585985163552005 0.211167061942472 0.111071298799087 0.280827785320506
0.0368857292673029 0.216114760912753 0.0906515179228388 0.273404144705639
-0.0732229644509449 0.197273321260913 0.0150094118126732 0.269208989497895
-0.16111508887885 0.122392141429713 -0.0939684263005441 0.223469877880947
-0.245417467640826 0.0110885855434656 -0.135858274571689 0.0947846912582428
-0.19437991290202 -0.15693521168061 -0.0948645853316647 -0.0242645207100961
-0.0134115011614188 -0.273132528955647 -0.0410310565465652 0.0482314994202046
0.140094556443058 -0.338459206421995 -0.202301221456367 0.222337712303829
0.0145941763817761 -0.184166706783198 -0.453324022767966 0.435879519681746
-0.0601599933438166 -0.152295287727886 -0.119310876421777 0.424444580440086
-0.115791805372975 -0.0715969559012238 0.0547149798649964 0.11882826044545
-0.0998232779520486 0.0167005747526273 -0.0348474783810503 0.0274695453311439
-0.0623749692241399 0.0368424054911127 -0.136776264107201 0.130399399088934
-0.0439885251181598 0.0603608556566039 -0.0676155858515518 0.289430948454533
-0.0137269499351702 0.0926683522848131 0.0546078991738844 0.349593751731716
-0.000644812207195183 0.0869512121582136 0.117172916368774 0.329799627348859
-0.0135326062584288 0.0925930154940471 0.0875949487937363 0.321888116174524
-0.0564044171347394 0.0726665914416229 -0.0150554011280209 0.296599511753537
-0.0776756860366419 0.023451313850969 -0.131948287031042 0.215308373484286
-0.0755332718385286 -0.011653335677459 -0.143594106816078 0.0687230009667897
-0.0660184196264228 -0.0496021418463379 -0.0864845436879164 -0.0158951695382205
-0.021949565299879 -0.108226231165211 -0.0272328643914882 0.0893289365745744
0.0307922097137793 -0.176005321872411 -0.230649523032436 0.292930319483807
0.0867581746844709 -0.0231746773894855 0.198701061874775 -0.32024481407156
0.0522362034481677 -0.0590999300953696 0.00300276492593155 -0.171269897245448
-0.0361202560520799 -0.0670115636555632 0.0590636399974907 0.0158656575283361
-0.0913955525604302 0.00523579431907205 0.137351419563854 -0.0233376812707497
-0.0356549564891529 0.0611090886572566 0.157266257564828 -0.158182614296264
0.0107713972390053 0.0632343497523446 0.0604424644361216 -0.286110961731047
0.050170292785004 0.0497248052413194 -0.0616042394733523 -0.320063155877055
0.0566145191515908 0.0507329283167851 -0.100281418727072 -0.312357662535907
0.0517407127088811 0.0554270527424383 -0.0719926458124508 -0.319999274279635
0.011060743673474 0.0695971452163971 0.0329701784732473 -0.27418640769839
-0.0395115983563501 0.0683831973113054 0.110757927203548 -0.162637473156919
-0.102927246348755 -0.00235570603846476 0.0374729311590394 -0.0664267823855073
-0.0320382177029406 -0.0851386209665794 -0.0142181339706772 -0.142388012564613
0.0657435388348005 -0.0424284454043949 0.0983434553601365 -0.351542126735467
0.0766454151645131 0.0144631648197942 0.45456798243 -0.416123485661238
0.176030244685022 -0.175912012015968 0.184157356263038 -0.273284817844114
0.0692328779515352 -0.207572223015091 0.0186231401663936 -0.152374835111204
-0.126502483156215 -0.178801763494594 0.0749124306184928 -0.00281842160426427
-0.2387534470541 -0.00767403726943077 0.132147258435833 -0.0292329651594131
-0.137496772477251 0.133607178431569 0.139557557260172 -0.140063800917073
-0.0285039462983394 0.170782439735594 0.0613792192267543 -0.250797380786684
0.0758244859224789 0.176316927024737 -0.0453288901916178 -0.272696819111993
0.103638430098107 0.172041154225572 -0.0729268467449293 -0.263495226637581
0.0885956315331387 0.187990081553861 -0.0563934517396254 -0.2672610913982
-0.0231894396486903 0.203080377912594 0.0360290515104415 -0.223505420954791
-0.139811866254594 0.163998187752013 0.0932946639155384 -0.119604883197226
-0.284382068070948 0.0113810722609611 0.0108933333885556 -0.0473432370275279
-0.172488847157801 -0.210204649062826 -0.0346657795444267 -0.153158767298594
0.0723415391205552 -0.243112498749392 0.0554070401813686 -0.352410229682583
0.195502825323043 -0.184471702983541 0.369135781948382 -0.402506248942928
0.247872188684758 -0.310618802400099 0.121349951499099 -0.190316540023199
0.0763027556513369 -0.352136796870151 0.022209500677498 -0.100266096661547
-0.214804154290907 -0.283623867245447 0.0984146295308812 -0.0136548722838496
-0.376484765911287 -0.0191949215288128 0.12434242862862 -0.0428643590340092
-0.23236875481249 0.196379094517009 0.102221918617277 -0.118364274634917
-0.0702991359040605 0.261093313331545 0.0480843346388837 -0.186515739921376
0.0873089137867573 0.281342056819383 -0.0269723457269828 -0.184782069993954
0.135612297066942 0.268620932370999 -0.0341367761922353 -0.174588001200018
0.115368230968063 0.289773950740727 -0.0283486204180915 -0.173844356167118
-0.04631444512418 0.306512784357501 0.0379322399605034 -0.135555127475482
-0.212259722174853 0.24557292033136 0.0641924238966411 -0.051628074289242
-0.427447093221589 0.04145670026444 -0.022980365455342 -0.0129401209705409
-0.304097401938678 -0.292197163230793 -0.0611929527934857 -0.142031137998741
0.047830976453157 -0.405927926863168 0.00449474610071946 -0.306222041639108
0.272336659995134 -0.357644589689852 0.246319965690324 -0.32656822393064
0.288432369916078 -0.411800177806349 0.0149301473648462 -0.0718305820947909
0.0672025387814848 -0.468981407261778 0.00941900444141259 -0.00930664157132562
-0.299388322440805 -0.361619524326379 0.120192919449954 -0.0105760044006193
-0.483503468990638 -0.0176472877275446 0.107097107181477 -0.0547262949207864
-0.301545443488034 0.243360882907081 0.0454618419179911 -0.0837919692167613
-0.101792086907887 0.320534657125913 0.020675194142957 -0.0933958150456744
0.0864722414395878 0.347618187712681 -0.00831109722374111 -0.0660944394812178
0.14758624311169 0.324855576206905 0.00921583309940974 -0.059344587922732
0.124725991913401 0.343323439672523 0.00684003360866032 -0.0561214312058388
-0.059289864845233 0.36011699858545 0.0406312294095877 -0.0235375923958652
-0.251077455066793 0.289951259551262 0.0302323340452665 0.035474891672744
-0.501033686528894 0.072509212982695 -0.0579558067207902 0.0319923414916017
-0.389548538561583 -0.318132339651133 -0.082895672195395 -0.110828833524341
0.0126286101803687 -0.496069255550729 -0.0356039584725744 -0.22055175274837
0.297957588029074 -0.469637897262116 0.106395970468677 -0.196939651166186
0.281164932621904 -0.455878355807214 -0.118103047278684 0.070038910291923
0.0393742380249925 -0.520887920524571 -0.0186819928918442 0.11051489766318
-0.344991690366254 -0.386004124693156 0.126636796957219 0.00917210688614726
-0.520041622360261 -0.00674423253215642 0.0734809132847383 -0.0533751884442679
-0.318512747699738 0.256731072641093 -0.0214881647853063 -0.0299996674842088
-0.115761909872479 0.33181482859958 -0.012347331871634 0.0202460453219663
0.0751872569535804 0.360903516745276 0.00932053496359391 0.0663252785648314
0.136981111781619 0.332197309458512 0.0515111093200762 0.065806967481866
0.114334392910302 0.345954609350141 0.0437347473714051 0.0676827150815505
-0.067187416199409 0.353035956103564 0.0416898403324164 0.0929877072508546
-0.248953502869649 0.277824982299176 -0.00730591077471418 0.122420586409002
-0.484424996326849 0.0756714184896153 -0.0891946259385891 0.0743043128203821
-0.390108698260145 -0.295011796762688 -0.0949458013483598 -0.0715609564780147
-0.012493109224999 -0.492041467394494 -0.0548582167244303 -0.115376790910254
0.276969428958251 -0.497124833627312 -0.0222758823348841 -0.042979881629716
0.226721432874852 -0.430605973246779 -0.253691596839388 0.21426707697043
0.00102459790359752 -0.478711887061539 -0.0556603848758374 0.235821231634758
-0.324253384233471 -0.335641050028139 0.110718047248442 0.0400855603907295
-0.454865055167626 0.00350903276212127 0.027947311457182 -0.0353276341977319
-0.276354864383129 0.22216955693343 -0.0835833999847096 0.0328267878893124
-0.106563232689501 0.285967324082042 -0.0422203337123934 0.135067873460754
0.0539576954473959 0.31665415820499 0.026449147842569 0.190594133186141
0.104954621786974 0.28694196678429 0.0854229271499946 0.180705401847267
0.0814321642985799 0.295133830318293 0.0720658735678644 0.178265756882572
-0.0727622073967776 0.289131591153844 0.0348788805414921 0.191790622459401
-0.214840667888931 0.211802801075491 -0.0471898344697206 0.185618919496011
-0.382714118725133 0.0477722860486507 -0.114375262502568 0.0957112712708944
-0.309242161403292 -0.23527460570416 -0.0973282113061466 -0.0405110136739131
-0.0153988921419518 -0.400753364918217 -0.053439403948219 -0.0212411624657583
0.217253766450064 -0.43992139521782 -0.124796675603143 0.102025802582062
0.131686259619343 -0.332314137792027 -0.365915309608225 0.337077491995507
-0.031247487631666 -0.342127655158134 -0.0916988345571731 0.337278695684499
-0.238637396390246 -0.218829906329232 0.0807344738683612 0.0765363467633155
-0.299513439852874 0.0114686607478439 -0.0132593966979713 -0.00580857571796639
-0.181084675052176 0.14151183895017 -0.122865416823081 0.0887432987935242
-0.0791953973617853 0.187472274213751 -0.0623584781817904 0.22559937442307
0.0239970334376986 0.220690894493569 0.0415208125893091 0.28462917296129
0.0567672051780297 0.200080997984524 0.105243615228882 0.26885550735714
0.035559496825515 0.204851068802766 0.0849305642399595 0.26193430537538
-0.0698791798858974 0.187849725456103 0.0143611074476532 0.256611736598679
-0.154423058215401 0.117567831280346 -0.0882099774189196 0.211623926193879
-0.232097807639301 0.0109104681996365 -0.131046358827786 0.0893906514869765
-0.184376002722838 -0.147090856914273 -0.0916334486229345 -0.0235044968754725
-0.012805627738523 -0.259127167784115 -0.0415563269166368 0.0459472239405759
0.132992489581349 -0.318414223828716 -0.192611907140694 0.213176024694587
0.0154063211594665 -0.177598871351908 -0.436849916522672 0.411808842560409
-0.0577861763510729 -0.146441686891417 -0.117003924039383 0.403893117333828
-0.112342462361255 -0.0668402226436763 0.0532250490225467 0.113127561875532
-0.0960991691912557 0.017739841628055 -0.0332386964799889 0.0248565576600557
-0.0601539838728314 0.035640672095184 -0.131295391666842 0.123561043049004
-0.043126597802351 0.0575086476061751 -0.0657782100948403 0.274626403344271
-0.0126652098463919 0.0876641957267897 0.0530935796962478 0.333267647343807
-0.000233248003730303 0.0825119822646957 0.111266573015624 0.316814150188888
-0.0116018400175456 0.0876915944070425 0.0810390855962517 0.307381807638271
-0.0531571590032768 0.0691836994400858 -0.0154563133305782 0.283097924044277
-0.0737880275008047 0.0235386669301792 -0.123921036928483 0.203867143876815
-0.070411342698803 -0.0100468716446387 -0.136838075435885 0.0648066612562804
-0.0629713387360485 -0.0450313739076022 -0.0833142242293871 -0.014394331212951
-0.0222305503194176 -0.103142824688034 -0.0281735744792416 0.0855501618215203
0.0287989003674278 -0.167037914420585 -0.22073676390084 0.280716272314365
0.0864949008919116 -0.0181643061504513 0.20572689130074 -0.314424709621488
0.055760032032732 -0.0575184868304285 0.00838039030703802 -0.167691701777865
-0.0331125646060538 -0.0688545769862412 0.058362895110962 0.0150073222155974
-0.0902472252672271 0.00285752752807616 0.134389719898147 -0.0222268110472618
-0.0370343560400331 0.0601524065035827 0.157195688692462 -0.153430492106143
0.00985538821779042 0.0633445630322895 0.0650249611313043 -0.280615338661637
0.0482860063017007 0.0507752569653308 -0.054892862987452 -0.316041533314702
0.0551328880536132 0.0510161656449271 -0.093303382971022 -0.31269421100606
0.0494749156423754 0.0559105365418716 -0.063883732152295 -0.316547322317128
0.00900074439830693 0.0690672350437893 0.0392592023361097 -0.269428546061675
-0.0401907060513164 0.0659259907195433 0.11160348206842 -0.157028980483742
-0.102162665070327 -0.00525202676162045 0.0373167883092957 -0.0627193070548249
-0.029945113403459 -0.0859938524075712 -0.0124972163870121 -0.140652449085143
0.0686325541840966 -0.0399713784901748 0.104473552637046 -0.346456231459804
0.076371182418045 0.0176714928530154 0.458102077274844 -0.401309079202513
0.176868519488901 -0.166547336640742 0.189519244013145 -0.269879717097716
0.0751892983387192 -0.203624155961752 0.0238527430733494 -0.150278331889308
-0.119355752559588 -0.17955715456219 0.0740976737306296 -0.00381719551656729
-0.235960764069215 -0.0120813967137044 0.129263758186815 -0.0281628856277465
-0.139478700006391 0.130534776837351 0.139292269929632 -0.135782499192189
-0.031448267697951 0.169014906539139 0.0645313141194119 -0.245162964750241
0.0717385592003813 0.175425702243549 -0.0389568829694265 -0.269007660365242
0.100283559465688 0.171148199854914 -0.0665487965557987 -0.263766714403081
0.082803913636023 0.186630326260095 -0.0485941692191284 -0.263881629815102
-0.0272711690941778 0.200266742868317 0.0415710836659257 -0.219878955263316
-0.141318736983829 0.159411323306152 0.0941826211223887 -0.115373599931345
-0.281719419841256 0.005520781204451 0.00994826294554861 -0.045280762215042
-0.166378435371487 -0.211890786113586 -0.032527491774373 -0.153116811483516
0.0799506440226243 -0.238226463605031 0.0609816976545104 -0.347365176482199
0.197470342175175 -0.175296572063414 0.374775773283943 -0.390533720047655
0.250514407446894 -0.299858919381395 0.124487836432583 -0.189400733251026
0.0867537733070317 -0.346486826718107 0.0255984749241312 -0.0992915000505797
-0.206299725314512 -0.282800219564309 0.0974224187822936 -0.0147046914804894
-0.37148077803064 -0.0247525628608773 0.122123324703812 -0.0414985481113498
-0.234416094319637 0.190452049779452 0.101920050914631 -0.115112672074044
-0.0745194541594933 0.257924849504395 0.0491239670970048 -0.182051241400966
0.0807988405804631 0.279178991003031 -0.0212410135599888 -0.182858280254605
0.130377817626507 0.266273107316073 -0.0298240693200463 -0.175229032570275
0.108474262780849 0.287103761235937 -0.0231544033646318 -0.171313159226334
-0.0526257309605912 0.302129980911879 0.0423242282368513 -0.133002058610726
-0.21465475792538 0.239462010191565 0.065110958275246 -0.048461362662848
-0.422441098024826 0.0330627534786387 -0.025002685442892 -0.0115636162361477
-0.295535115343597 -0.293030125041336 -0.0589055380977056 -0.14280421055697
0.0597369726919328 -0.399130436834414 0.00928269613829934 -0.304412030828799
0.276870973646152 -0.342858549832268 0.252163318015878 -0.315817443120246
0.291286150282728 -0.398847808332725 0.0169557333884331 -0.0750157062989797
0.0790577386000892 -0.462176895815161 0.0104316381418949 -0.010485946704889
-0.286457743424006 -0.361039305180701 0.118956424712352 -0.0113650087802857
-0.478066913872717 -0.0242857927220014 0.10612187082736 -0.0533512109010407
-0.302894071667771 0.237111405118162 0.0448540481244336 -0.0821381723248683
-0.107551583237801 0.316017090860866 0.020535108699014 -0.0911600484287537
0.0792611361427711 0.344376559086778 -0.00407584345572908 -0.0654113739569382
0.141281775978476 0.320940665979751 0.0110494841679435 -0.0590655012556604
0.116465744214053 0.34065301492199 0.00946695898647051 -0.0541348120686268
-0.0659035429750102 0.355287287078352 0.042873907161915 -0.0218440426080877
-0.252513195827278 0.282633864602233 0.0295565564218397 0.0359229471421254
-0.496282334510078 0.0626255740657194 -0.0602435925418239 0.0321465181906882
-0.379324224756389 -0.321827209477637 -0.0818309228133652 -0.112310897006283
0.026300344846835 -0.49067258933564 -0.0335023418862489 -0.219736229307108
0.304679954098095 -0.453485904408698 0.111099480695285 -0.191868188008085
0.28684199947194 -0.442662487682801 -0.118361011099227 0.0624199128734775
0.0497710239082176 -0.514443042375099 -0.0202026092408716 0.107444390061235
-0.332889599110916 -0.385145854632187 0.125525477016216 0.0085750339035098
-0.514441749211973 -0.014815562861655 0.0734225436412039 -0.0526866018677552
-0.321226416105978 0.249670853585646 -0.0220833974585363 -0.0309398645889624
-0.121519810017393 0.327220039213466 -0.015116066654793 0.0195857741450087
0.0677765894546895 0.357624387517081 0.0109547523984909 0.0650881795497066
0.130478053821507 0.328369784622102 0.050514369954931 0.0655922071230913
0.106309312040657 0.341462605097343 0.0423049350531116 0.0692336699795132
-0.0739216806652077 0.3480352396944 0.0414445976666003 0.0929518978696494
-0.250600434224677 0.27073771393323 -0.00834260722952267 0.120518784302726
-0.478595706608272 0.065261700358178 -0.092223937793989 0.0727306290961675
-0.379302269995841 -0.297860522259267 -0.0945043925014874 -0.0744290637053208
0.00105520289034831 -0.485008696161394 -0.0538808881006163 -0.115630249398691
0.284080963444888 -0.481496745309259 -0.0197429143282422 -0.0420935763732968
0.232926928756147 -0.420305182903753 -0.256791783567758 0.203371760431415
0.0123013070801143 -0.474078656364704 -0.0595538791267947 0.230811319187597
-0.315198465838048 -0.334646017436293 0.11010163628405 0.039741984841507
-0.450357346395645 -0.00249423948295401 0.0284920990957672 -0.0354491526844654
-0.27813889898989 0.215616920511207 -0.0844924354811786 0.0298771858706463
-0.111625101586721 0.280514178969106 -0.0469408699422611 0.131913702697067
0.0476075158839612 0.313152342345735 0.025078254386121 0.188063520606136
0.0993583487127494 0.283445121230618 0.0816714061686025 0.18033490685501
0.0750971304222085 0.290701813392189 0.0667546973986266 0.179278257336592
-0.0772525593834608 0.285042121051887 0.0316518216711759 0.189760502498073
-0.216245544526312 0.20630233706016 -0.0488598581720842 0.182476362867219
-0.376569700094445 0.0406489715070318 -0.117105485917574 0.0928961881156252
-0.300149444214063 -0.236354278171856 -0.0969199676856849 -0.0428105759246618
-0.0072927235074196 -0.395140207668586 -0.0546707115534638 -0.0219022811893166
0.2238506651865 -0.426725154291418 -0.124534707621899 0.100086707930977
0.137049975309932 -0.327346466388316 -0.371150282355862 0.322407028885814
-0.0240830451677291 -0.340299270102399 -0.0990587413315223 0.332212788990793
-0.233140631298131 -0.218772286646042 0.0794117629664405 0.076034937088867
-0.296939552437439 0.00913962412354677 -0.0119965407576925 -0.00706558964111706
-0.182612595439654 0.13723232549924 -0.124226056294526 0.084605365103534
-0.0827335976526233 0.184772110329217 -0.0674939848005795 0.220774053133297
0.0202211855716534 0.217699409401551 0.0376266281192667 0.281070209520145
0.0533168719981845 0.197447018574936 0.100433317475032 0.269209044446549
0.0324502914721007 0.201591858334263 0.0780001344168115 0.261249333875031
-0.071818271930803 0.184344548280185 0.00987072787244241 0.253292637825693
-0.15351088149802 0.114564288596187 -0.0893092268538377 0.207205814375323
-0.227796991071215 0.00648468130615901 -0.132490342106806 0.0863949528341239
-0.179221253774907 -0.146328763069311 -0.0914345866864863 -0.0251603456108427
-0.00788812232640859 -0.254961856717051 -0.0441832020505777 0.0447857516095198
0.135893523453448 -0.309487987627853 -0.194092016084484 0.208850102551718
0.0200244350434732 -0.176903425719778 -0.443443083356034 0.396974781362231
-0.0548227349291223 -0.146786507263699 -0.125886419520484 0.397221788641264
-0.111588232128362 -0.0665340696920048 0.0512299572196432 0.112738956088314
-0.0959510546281489 0.0179563877799578 -0.0324514989004416 0.0227790054755737
-0.0606246987239377 0.0341306360606074 -0.132888308337133 0.118384227312348
-0.0442379423012204 0.0565210658648534 -0.0717761306843055 0.269184637633457
-0.0136092366300086 0.0858019198735609 0.0474725749238005 0.330058151927117
-0.000912076749936888 0.0804639552314021 0.105003511443272 0.316636935996592
-0.0118049296109209 0.0848328163584976 0.0734761126737652 0.305952803691041
-0.0524582844602592 0.0670161207410223 -0.0207361766465556 0.277707730888676
-0.0727029207646454 0.0233105577207497 -0.12468737340019 0.197455786441892
-0.0676491574157107 -0.0102862707913535 -0.135995813141167 0.0607007812594289
-0.0609428279556352 -0.0432541026579516 -0.0825834292821621 -0.0146835533226573
-0.0224161709567747 -0.101000549913437 -0.0311872629424202 0.0843384321013148
0.0306714750829014 -0.163312520569594 -0.222436997809274 0.274957225676746
0.0893476240726263 -0.0152401447077105 0.214636866839475 -0.32236641206623
0.0602470915722364 -0.0582842895609155 0.0134425320396125 -0.171535397967858
-0.0326186326490698 -0.0727479287453051 0.059528032544154 0.0135289379735944
-0.0931562156696456 0.00104842028593805 0.135604793277547 -0.0227260744748671
-0.0393197695423341 0.0618299424230183 0.161421848251649 -0.156171444610186
0.0100338193965955 0.0655724476778586 0.0683262019211546 -0.285749208543409
0.0485506574830671 0.0524914085891478 -0.0525839475001692 -0.322699324020877
0.0559789912867742 0.0523394746413367 -0.0936622004850486 -0.323422383748463
0.0489380428938337 0.0577617105092481 -0.0611267290535336 -0.325129932313613
0.0076159900263606 0.0709250653236249 0.0437102047079171 -0.275659456661033
-0.0417803296673512 0.0658654909060568 0.115658976126032 -0.157527070469028
-0.105285732523279 -0.00602968434054925 0.0381039740706964 -0.0618248843003237
-0.0298321833628218 -0.0894043527703022 -0.0123887502005671 -0.14399710936925
0.0735070582129666 -0.0400413392143434 0.110750417289705 -0.354892085871667
0.0789606325674984 0.0198430044417631 0.474530682534186 -0.40825932611381
0.183403104213141 -0.166109463375305 0.197415379504746 -0.277956534415546
0.0827568440557985 -0.208603619781562 0.0281930012567346 -0.153948244300517
-0.119983468549227 -0.185768489120309 0.0761916662816992 -0.00597077993773384
-0.242083409261 -0.0141313067330075 0.130596499127233 -0.0292177991487362
-0.144854416642706 0.133163248915953 0.142472635436911 -0.137253281955484
-0.0341707280191572 0.17413681047181 0.0676805452372546 -0.249127175254149
0.0710865823585803 0.180414597709983 -0.0355449999731188 -0.275007236566985
0.101692101267809 0.175921109466612 -0.0657467225417803 -0.272317795675067
0.0825689376861973 0.191979612620388 -0.0453731036416256 -0.270563717611084
-0.030505916281026 0.205772747431689 0.0471429501764849 -0.224536742018942
-0.146329119615012 0.161823497523175 0.0975523539106252 -0.115285488137245
-0.289376827530698 0.00273226545252035 0.00863628288340313 -0.0436777023798019
-0.169547980834676 -0.219055333695699 -0.033411447266813 -0.158003367683513
0.0879620501811474 -0.243179854011865 0.0655864197700982 -0.35692264413027
0.205746295530735 -0.174861602062616 0.390860826989573 -0.396993991836921
0.26044897972901 -0.30096326399718 0.130350193429625 -0.196864254440108
0.0952469738701522 -0.353926552844246 0.0289873097769533 -0.102501035621778
-0.206651498786588 -0.290946667370307 0.100537442052681 -0.017441612592015
-0.380794275905933 -0.0271778838534596 0.123955941090955 -0.0430685518055224
-0.242834210031564 0.194149587713785 0.104329141853258 -0.11679810453359
-0.0788539478273027 0.265017795088938 0.0508118372985754 -0.184359918063957
0.079801936739367 0.285391265719873 -0.0176544488144762 -0.186842585314577
0.132110036881851 0.272862017106663 -0.0288155505846458 -0.18088442092502
0.107397537277656 0.294214401393031 -0.0203746286125855 -0.175164975497832
-0.0566176916547205 0.309914073010913 0.0466830026037108 -0.135647523605955
-0.221381507349462 0.242882333955492 0.0674618174372192 -0.0477832027248128
-0.434165104695315 0.0306697623139324 -0.027700930149306 -0.00946734535028856
-0.299591065228547 -0.3025381121399 -0.0611172605800069 -0.148757881900975
0.0686946408655185 -0.409247528634657 0.0109672024274449 -0.312491187378496
0.288972120219524 -0.346435222094059 0.262322278035906 -0.321774395062148
0.301947421335814 -0.40367121842171 0.0180153044378787 -0.0807838621168571
0.086800337849408 -0.472970832478876 0.0120973057104043 -0.0116486210032665
-0.289300894416521 -0.370210215362028 0.12286962876387 -0.0131942006352023
-0.490233753807209 -0.0280131065353332 0.108567018585286 -0.0553551051553469
-0.314067032699397 0.241642668567523 0.0457372483278276 -0.0837898891114161
-0.113410851766191 0.325059735430403 0.0195155220961052 -0.0922352952391659
0.0787586557563863 0.352038574411424 -0.00122751591489679 -0.0675724686863722
0.142195063340714 0.328851138267838 0.0127487427965674 -0.06124484564873
0.117699770635886 0.348196630934154 0.0115815813730911 -0.0537677726692469
-0.0714183537998866 0.364372891409635 0.0463658696098345 -0.0222341145297947
-0.260835763744799 0.288250485482219 0.0314782008765584 0.0381174481650507
-0.509238102752737 0.058755193714023 -0.0652078263874052 0.0353843583900333
-0.384657474679508 -0.332291323485678 -0.0856407970597146 -0.118172093381671
0.0353861726566072 -0.50196297449606 -0.0341725542866772 -0.225898624858541
0.316736201579101 -0.457624399920602 0.118040856881511 -0.194997550609537
0.298365312327645 -0.449557116180358 -0.123211209450786 0.059434522129576
0.0585534085741741 -0.527661274248896 -0.021524125846445 0.109221296521218
-0.337236024677457 -0.39430379163593 0.13028457756818 0.00713032611947579
-0.528220262847342 -0.0153440952528206 0.0760663519059886 -0.0556758303306365
-0.332886933666871 0.254653268572567 -0.0235040707024639 -0.0324023851146411
-0.12820476720229 0.336776233658093 -0.0175133129418865 0.0203054953617269
0.0667304528780779 0.365454247478022 0.0140402132565888 0.0665398046015897
0.132975316949694 0.334501487608898 0.0522046882016452 0.0675940161206157
0.105844913865698 0.347687974692486 0.043969595638957 0.0736648318427596
-0.0782584081698899 0.356882437060531 0.0437777149603876 0.0956860444900842
-0.25960364038439 0.276259208829823 -0.00831963986507681 0.124003680808711
-0.490486279698202 0.063328283227163 -0.0983615721043216 0.0766028908357091
-0.38651419145427 -0.307314047945546 -0.0986239294270084 -0.0786906855345138
0.00878865987715549 -0.495984656826051 -0.057064713548195 -0.119343062857973
0.296138229841868 -0.485812921920092 -0.0185149499041271 -0.0421552167267464
0.243084600953234 -0.42858121709919 -0.266976164113959 0.203953328507399
0.0190091553753644 -0.487248612940052 -0.0641712875668733 0.236050166542142
-0.320344210501481 -0.344337764532022 0.114217982737625 0.0400824211528311
-0.462248692149388 -0.00247423619495745 0.0309764729046733 -0.0382648568642339
-0.28850159067191 0.2202479736511 -0.0874464832316445 0.0290093417624473
-0.117353729598464 0.288773027877405 -0.0513990554448654 0.134667916216903
0.0467038661291058 0.319549606746265 0.0265689772109086 0.192495850567091
0.101346010229809 0.289404426670896 0.0841258566708186 0.186399025021634
0.0751296158887016 0.296510002009163 0.0675290189887892 0.186432428628859
-0.0816894501827575 0.291927143406288 0.031993256038538 0.195002372343612
-0.22263157200362 0.210194135067212 -0.0504560091649382 0.18596174289028
-0.386311149871931 0.0390167495151295 -0.123279576752179 0.0959479033466004
-0.304984078266899 -0.241464238467469 -0.101529693996084 -0.0457664720367617
-0.000608056152506819 -0.403546948873222 -0.0587341824031815 -0.0234665462647545
0.234433720067509 -0.43020550797386 -0.127526317491273 0.102396636019177
0.143079879363427 -0.335518716479177 -0.386648772666563 0.325271140818011
-0.0216238601250612 -0.350646716990225 -0.105938257431921 0.339276282765805
-0.237744268566915 -0.224167986014252 0.0824923639693627 0.0777997021860621
-0.304759309934918 0.0100362549338605 -0.0106384417811785 -0.00901752656559075
-0.189290147052176 0.140305188968515 -0.128270010803162 0.0846964804106604
-0.0872605262979786 0.190391394039079 -0.0728852407987116 0.22462834279068
0.0195781103046491 0.221693520957814 0.0387205330565712 0.287564389641773
0.053990617383997 0.201777981663979 0.101687794292552 0.27769821746363
0.0323741257756241 0.205199263054743 0.0773327953702352 0.270326316100269
-0.0746042401783737 0.188442486497371 0.00828061384777713 0.25887330354519
-0.157348258791543 0.117100563226906 -0.0922966502025499 0.209897692594932
-0.231543899792081 0.0056443817459223 -0.137367874089085 0.0883332812910811
-0.181779571557718 -0.148761432225877 -0.0950354402971318 -0.0266668564383564
-0.00556745413799693 -0.259365221203523 -0.0482909055169455 0.0445868761441044
0.142703468718198 -0.312980880900869 -0.20047472470636 0.213488450745388
0.0219545252052164 -0.183732045878237 -0.460512194607632 0.403554828931811
-0.0554656430681211 -0.152073032669661 -0.133798023733266 0.408332986887746
-0.11561763652651 -0.0670293416003999 0.0528557996496324 0.115338733368834
-0.0986634014469255 0.0201946499762709 -0.0324962031151652 0.0210133526998665
-0.0627199855577786 0.034992015592784 -0.137344077943942 0.118606351824412
-0.0464286997200844 0.0585748989742222 -0.0780589629074038 0.27467072540953
-0.0138079259657185 0.0870747840434352 0.0466168448648666 0.337718660693058
-0.000771534006453923 0.0820241640071687 0.106349490241541 0.327578130098502
-0.0115629467934405 0.0864884843857368 0.0717008868722186 0.315065216890375
-0.0532922119954328 0.0675582863972004 -0.0241506565531105 0.28493451569767
-0.0739120474349624 0.0240024578883532 -0.128502436990375 0.200859071887224
-0.0675540228575077 -0.0104897642269688 -0.140278029499237 0.0617626935738763
-0.0617777036941526 -0.0422983671469671 -0.0853497106725644 -0.0149867221809043
-0.0239069330236019 -0.102494586677326 -0.0346953778539988 0.0858201770350005
0.0323147451006001 -0.165959625157929 -0.23094118995735 0.280905147868757
0.0943726296556546 -0.0158102221354211 0.216566224479688 -0.345002375558701
0.0644528714648599 -0.0635762614263786 0.0124203308230608 -0.180325362877493
-0.0353457514202071 -0.0775189589707126 0.0623648683570243 0.0101424469405411
-0.0979778801354873 0.00281556396387525 0.138594343362914 -0.0284608593205391
-0.0397030973572824 0.0667570376598591 0.162244726272796 -0.167644042269171
0.0129463843190894 0.0690081156691552 0.064108565317168 -0.299294501201079
0.0518696856789034 0.054385995471367 -0.064065037782056 -0.334863150505159
0.0602548785420366 0.0532499097784752 -0.107807740244 -0.336831665402789
0.05244273704079 0.0596130865137591 -0.0714253799723611 -0.338397843320895
0.00874821623251666 0.0743072357737445 0.0402078377371423 -0.288239304527996
-0.0422431658836555 0.0690475496884771 0.116581989525965 -0.165815261032173
-0.110906078828523 -0.00377369079696241 0.0376632514355445 -0.06357805457222
-0.0342173312747183 -0.094027530475934 -0.017481895874067 -0.149435049842874
0.0782420917132186 -0.0446923411939405 0.106379098495938 -0.373624743594911
0.0837848771510008 0.0204735098654954 0.487992323681776 -0.439455536420682
0.188132109692184 -0.175704579004526 0.19957721792998 -0.299876377740111
0.0844760655960197 -0.220809886321977 0.0278345190494195 -0.162726347583933
-0.129612597087371 -0.191566296404146 0.0789357376244316 -0.0106830670936886
-0.253906667686619 -0.00747526023722261 0.133559616804004 -0.035456433366542
-0.14871649167166 0.144695109674415 0.144092360756283 -0.147392717426332
-0.0301483404989583 0.184135505629916 0.0635515883696891 -0.261044685166416
0.0790754777352724 0.186959214874477 -0.0432700800517295 -0.285701045626128
0.111815565943994 0.179843477099765 -0.0774489297736995 -0.284910207574532
0.0915950997726936 0.198330716700163 -0.0526413115442536 -0.282047050565123
-0.0270908677311145 0.216485685081309 0.0454174153288012 -0.235950317963948
-0.148308321525312 0.172131454619846 0.0998860893758003 -0.121588778058409
-0.303413720458795 0.0107701157004132 0.00602056288452702 -0.0427663690211774
-0.182863987040833 -0.224557962819959 -0.0411789159915229 -0.164811642500046
0.0888229833794961 -0.257792263406556 0.0580894944284401 -0.375627008699298
0.211712191525193 -0.185771616227743 0.398639842372552 -0.42511049941907
0.264119365291302 -0.31910422972407 0.130526583482269 -0.213184579664852
0.0932562280856216 -0.372317443219446 0.0300715975299124 -0.1091538599445
-0.224469800397946 -0.297900100890316 0.104345574663939 -0.024700614887022
-0.399749452422823 -0.0164327329904934 0.127493225538636 -0.0501582550719202
-0.249767924306039 0.211783126531631 0.104473056319481 -0.12451404519384
-0.0750596152218637 0.281337435603987 0.0468899068986719 -0.193315738427174
0.0914502082763921 0.296178111154105 -0.0209997418598974 -0.195068311729594
0.14632562154725 0.279925692662962 -0.0347282419057033 -0.189606848941299
0.120506598679808 0.303945537652319 -0.0236093425140061 -0.181701113048475
-0.0516327219879359 0.326919496775808 0.0478723905695883 -0.14351023197184
-0.225451957066384 0.260504837484923 0.0708320430880833 -0.0503162685585766
-0.453903469439352 0.043754710467569 -0.0317576774642032 -0.00550006008106232
-0.323010353376933 -0.308360594637267 -0.070755710022637 -0.15518012623602
0.0654193945449463 -0.430582634358335 0.00114168638042821 -0.328188442518677
0.294040766443306 -0.367294434711396 0.268087545561789 -0.343920160908097
0.3051876702456 -0.426686979570227 0.0156828274399441 -0.0884098176015018
0.0821411610083246 -0.497886845099691 0.0137193262172897 -0.0137708642254758
-0.311598299297404 -0.376517114481473 0.128658485490764 -0.021088399060236
-0.513496964842464 -0.0115258634321684 0.111663707413369 -0.0635294961792538
-0.321699593593173 0.26387213897501 0.0447056196734008 -0.0892760793525923
-0.109282205142974 0.344713130566941 0.0166506100303488 -0.0956745745418944
0.0920476675708596 0.365431174655907 0.000278921688077526 -0.0711287407969136
0.160579402633894 0.337259299751323 0.0124029030678437 -0.0649888886191075
0.131762331608152 0.359994390164633 0.0132918993059382 -0.0551312675821538
-0.064463530576279 0.383836736774306 0.0499773724634716 -0.0249193926158802
-0.264317232866554 0.308861028007688 0.0352237749806828 0.0400042011598101
-0.531181684147014 0.076610692657075 -0.0693412636715897 0.0429858739663647
-0.412579818002442 -0.334655151089523 -0.0954573525071254 -0.122996344810239
0.0273648570020611 -0.52500510208287 -0.0447041853118565 -0.236474652829028
0.320534709728513 -0.482441501951763 0.119813743494411 -0.206449035907846
0.299785234280606 -0.475475848213749 -0.128925591621751 0.0630717873643671
0.0492182339841784 -0.556254742329656 -0.019343357478589 0.114423727288743
-0.36182976762786 -0.400729224413674 0.137074501254207 0.000446457745170298
-0.552803375876261 0.000492530409841931 0.0790196698157608 -0.0625444642356974
-0.342482008327088 0.277936559018636 -0.0258346882056552 -0.0344175412314054
-0.123910354149303 0.357678927674607 -0.0198154512465951 0.0227504514789122
0.0799247122267439 0.379113532506978 0.0198262900526456 0.0684306275031198
0.150450637386914 0.345138451371152 0.0576734333874802 0.0691488159111947
0.120771628053272 0.360034247356726 0.050119937755816 0.0773172451932935
-0.0727082616606373 0.376100999749527 0.0501833923099677 0.0983239333294242
-0.261702472077501 0.296834473371674 -0.00350981348922655 0.130139461923133
-0.511318443515323 0.079881834310421 -0.102408439259855 0.0866138917939951
-0.411664967698548 -0.307138959879711 -0.109281974618457 -0.0812180575572626
-0.00102962083355919 -0.519661466288672 -0.0662601109066809 -0.123980462693862
0.297329796162189 -0.510049137201314 -0.019061985700566 -0.0423468898596562
0.242057383537427 -0.453311226166755 -0.275358881175701 0.218334971205179
0.00719128090202011 -0.511126971433211 -0.0610347433216605 0.248809273885242
-0.344932912669671 -0.348436807234885 0.122460582614635 0.035794500159726
-0.483131743602112 0.0149324228625735 0.0325763829841111 -0.0438373629706948
-0.296303224300146 0.240169910441246 -0.0914564188116424 0.0318025666375295
-0.115359038565206 0.307879431521287 -0.0522539345416623 0.142589971125633
0.0580079034100124 0.331802610714534 0.0361649028208458 0.199645114573977
0.115405937399448 0.298143215590243 0.0947333386925008 0.192768101263046
0.0868127030684326 0.306789793577404 0.0772923724896299 0.194942175131137
-0.0772691873731038 0.30750454894956 0.0401157063976686 0.201706175312817
-0.226188396996047 0.226874164550055 -0.0460479168294144 0.195603913401964
-0.40133753380707 0.0524327761697949 -0.127032452949844 0.10709468833848
-0.32450600053708 -0.240935889074866 -0.110335306801532 -0.0464679264082937
-0.00833975822465071 -0.420175323481936 -0.0656517552831392 -0.0236524636391093
0.233269945410836 -0.451605942403696 -0.129493949319922 0.11222525806279
0.14131401837676 -0.35467368513158 -0.396791610015538 0.349867125691525
-0.0320683039242994 -0.367224875557702 -0.102800237563336 0.359896081239872
-0.255437564012288 -0.225961794153836 0.0904783329083387 0.0764280859049218
-0.31881370898662 0.0234033413185957 -0.0099991993565439 -0.0125125048255278
-0.194858151711392 0.153218275724215 -0.132428573342916 0.0907182727404156
-0.0867654395700671 0.203077883781945 -0.0726656371495597 0.237087773637851
0.0267825776855898 0.229983079124019 0.0498068858384518 0.298331904585941
0.0639538913224601 0.207728888242069 0.116493240527002 0.288583721263343
0.0403366643509285 0.211949909333564 0.0882765194386786 0.282258472678364
-0.0723700774027697 0.198123959062367 0.0161007118063971 0.270218504051732
-0.160528093057205 0.127390055982373 -0.0892304371712784 0.221789834657184
-0.240785574460363 0.0132987161206452 -0.141764305026666 0.0981245351114587
-0.192518264657387 -0.147539978313141 -0.102512009141181 -0.0252151505457759
-0.012087863910993 -0.268452813135997 -0.0522263448785271 0.0476264715988318
0.13981014396803 -0.328931835260256 -0.203306962305246 0.230829973550875
0.0178035262643018 -0.193987901895842 -0.473054173109286 0.435312777165579
-0.0634289334845871 -0.158731545974506 -0.128451489687383 0.432420865052572
-0.123564704945823 -0.0653231862527988 0.0609779511830671 0.11823661309266
-0.101955402462326 0.0266707164605051 -0.0323595803137472 0.0206556843844905
-0.065225903104896 0.0386962506892519 -0.141909828455953 0.126820314941791
-0.0478239692164893 0.0630521901096312 -0.0755074802154267 0.288078711673707
-0.0114558092455066 0.0903762815190989 0.0575873952997992 0.350438877449062
0.00269442817971653 0.0850583309793659 0.121624252785587 0.340549593958874
-0.00909269581156606 0.0888122244639248 0.0835804621363178 0.32912291998769
-0.0531233507686156 0.0718711195018384 -0.0175991736409499 0.297629745792949
-0.0746788405225871 0.0281164409946982 -0.127662187594105 0.211869723787759
-0.0691262118117981 -0.00754708849368729 -0.143560394859261 0.0692344844027492
-0.0649159499112556 -0.0404164847392029 -0.0904522194718543 -0.0125678466243869
-0.0290217027272298 -0.104327878872914 -0.0362716615861156 0.090346059340291
0.0283158445438055 -0.173436500400444 -0.233610301171044 0.302623694203817
0.0960560564523933 -0.00556793699836267 0.276731559825227 -0.315762891553003
0.0751848212988822 -0.0540719816187978 0.0446073892822942 -0.18525603899163
-0.0210703993875077 -0.0858272663866763 0.0599934971148573 0.013375001973605
-0.0988446422277328 -0.0156861716552352 0.138485986360827 -0.0116796563900154
-0.0540570412171941 0.0571591415859721 0.188415258827659 -0.143743574792611
-0.000294520219423467 0.0702684306079375 0.109902342070679 -0.295882157998211
0.0429144472108913 0.0628882226934735 -0.0156746618525981 -0.352796648672586
0.0493923966835136 0.0641811683695761 -0.0598229617966691 -0.365610993675779
0.0423672633738543 0.0697802090100534 -0.0251729446722071 -0.361727048838381
-0.00470476742695789 0.0764342156157569 0.084237968532857 -0.2915910461709
-0.0564465070665867 0.0607258866271236 0.145344086960563 -0.153096537897244
-0.113185462420169 -0.0237081993651515 0.0531214016217457 -0.0584212003301103
-0.0154044239170204 -0.106102114081529 0.00261008921062612 -0.152144675455869
0.0950721380070145 -0.0365350035161635 0.161593999329199 -0.3619163705424
0.0897818546851996 0.0332172717744268 0.572441574358396 -0.371640077047813
0.218140519926248 -0.148160212164862 0.257476579972364 -0.278671693110335
0.120496962969249 -0.208488121029889 0.0586320936698014 -0.16959840293016
-0.0953504048170663 -0.215304144420071 0.0747771201015395 -0.0134196348915784
-0.252767461511572 -0.0489398153425965 0.124952366249966 -0.0238620795383996
-0.176717237954468 0.118264110830739 0.160919539063262 -0.120661954965809
-0.0633473461489173 0.181139098633013 0.102067878844615 -0.253399175514947
0.0493119030391238 0.201249082166225 -0.00302984169157867 -0.295318608006903
0.0784690732075389 0.202158014973578 -0.0361270376198113 -0.306631195191717
0.0587334405120732 0.217344990536799 -0.0155689030587341 -0.301282305719506
-0.0659582611087837 0.216605402136372 0.0799324656139056 -0.240572514689862
-0.185830470058936 0.146786631703779 0.126481886059942 -0.11326056421891
-0.314496656522694 -0.0382896513933941 0.0283618068602628 -0.046894482445334
-0.142839439359469 -0.268641157940421 -0.0165783158317893 -0.16884500272226
0.145700184745006 -0.253313837564226 0.111299403041869 -0.361361867356908
0.262956991593448 -0.158600296657145 0.469337158621278 -0.364462709799018
0.318665105309547 -0.275464123883336 0.176650919615097 -0.207658232447691
0.154709127823286 -0.358296071612368 0.0523414725049151 -0.119781721017868
-0.170472927272358 -0.336415376559643 0.097133984263785 -0.0301178662131368
-0.395765139342436 -0.0788732654656306 0.112452291223981 -0.0448456085033246
-0.289756709442662 0.170966218463216 0.112826964637562 -0.098256884319156
-0.125508404833609 0.273894185404921 0.0732823965303016 -0.183912707968788
0.0441439119985875 0.313354349505993 0.00521763707412255 -0.195612126100599
0.0968239599121948 0.310601756704897 -0.00647755630880981 -0.201146058018921
0.0702896612327016 0.33047510017472 -0.0011486900776012 -0.194467752880464
-0.109999362103656 0.32613632418482 0.0676861202242951 -0.147444047604988
-0.282532637781246 0.223072950442657 0.0898340420803453 -0.0480040546053195
-0.47678724799983 -0.0301370027907672 -0.00827288791047114 -0.0189374169915408
-0.269094218593001 -0.380232799174476 -0.0462172970955244 -0.161524785846439
0.153368763676181 -0.435694943851988 0.0451767288026211 -0.314446460656625
0.384366798726357 -0.331594861798939 0.311992855779512 -0.295317638049545
0.379755711371898 -0.373301339357317 0.0431491371857212 -0.103549090907719
0.164218873785037 -0.485450512568468 0.0208532770237968 -0.0277898051685594
-0.244941566673911 -0.430520912218439 0.116930762354517 -0.0287950230193684
-0.510344586507222 -0.0897371462410022 0.092154870769564 -0.0642413190654425
-0.371733770324975 0.212706622281424 0.0430524548436479 -0.0679834149037278
-0.170591243083158 0.334041384255903 0.0258838423778173 -0.0865801739448926
0.0342331011693619 0.38322108664081 0.00715605554188472 -0.0625969924348888
0.100542947193155 0.372602561241749 0.0239775955596635 -0.0647755779051348
0.0717586284659595 0.389416427515752 0.0178693613408221 -0.0581095016189121
-0.132914128922062 0.383205412445629 0.0523499026857766 -0.026761758702137
-0.332117180732572 0.26784117392758 0.0425534937468553 0.0369932180074066
-0.561406825720595 -0.00708349523317602 -0.0505931405513258 0.0215671313881734
-0.357111558926899 -0.42367519270548 -0.0747782036503508 -0.131309461146098
0.129313796842124 -0.538871130687347 -0.014808441809961 -0.223505141482836
0.432309612466771 -0.446930293042653 0.131770606404017 -0.173953772763594
0.381993101396427 -0.421570306895063 -0.125201827648415 0.0247265259322681
0.141470604228342 -0.546832881362512 -0.0328778438258781 0.0971906311880881
-0.292611198357633 -0.462508366420276 0.120595449251481 -0.00685998749434734
-0.551511941459116 -0.0807205739127667 0.0565085654331877 -0.0692230473163774
-0.391959965877096 0.225250522061672 -0.0388605817949906 -0.0219959705383155
-0.186830468116921 0.345880431970784 -0.0299003500917012 0.0296062198822506
0.0194724510509966 0.395585178010525 0.0060697664040063 0.0842495422720893
0.0887350099895644 0.376995658464723 0.0501817985966235 0.0809791415878034
0.0607154815471464 0.385771689385179 0.0362419619974279 0.0849417047346376
-0.13991009997407 0.373800278988355 0.0345609102550234 0.0999756564181272
-0.328243339652726 0.25549334338963 -0.00994792498169986 0.12371830461955
-0.540077438511035 4.83146200441244E-05 -0.0925573414560219 0.0609220968510855
-0.361168049992909 -0.394799203218325 -0.0948576424255543 -0.0907942389211405
0.0970148817236023 -0.534203094239474 -0.0533388130367366 -0.11312042599193
0.411276022933828 -0.479251483107559 -0.0375447647601576 -0.0265766617817454
0.321634729818149 -0.405266176675073 -0.299944291803908 0.159558403767534
0.0937397221536175 -0.509287710347197 -0.0979198232123304 0.230266143252792
-0.283567280999469 -0.406210980189326 0.101013880686306 0.0299911760280293
-0.485607086635052 -0.0561445711526759 0.0104706747509913 -0.0546337122826785
-0.338548701408607 0.196084495563187 -0.113739971946944 0.0328250298599809
-0.168533573694845 0.297511295432527 -0.0811163662498603 0.146330110173363
0.00585955540487533 0.344190459672823 0.00339295443545166 0.220660095953115
0.063321671858968 0.324160227157764 0.0689117333518146 0.214566630181237
0.035981116607141 0.326070989532782 0.0482332856456591 0.211495227067214
-0.131559429287419 0.302665026225213 0.00987625705527124 0.206715993847382
-0.277335589854663 0.191187803908285 -0.0645837553633341 0.186411498263271
-0.424265877111947 -0.0112805152780823 -0.125326463340379 0.0820890582569165
-0.283447679988601 -0.308326919885872 -0.102742252752503 -0.0574361606926184
0.0688801134989938 -0.433173114265055 -0.0671771046419855 -0.0147418897477061
0.330354669925688 -0.428022424721081 -0.173539859507868 0.112347423296972
0.20419871057341 -0.320919686906615 -0.44898037411765 0.277471236748333
0.0316905540371367 -0.371493768531672 -0.159099459545996 0.343237103276091
-0.21531715770803 -0.267605550801356 0.0679549061772309 0.0754551235028813
-0.320852070020973 -0.0220240579700218 -0.0281050915901321 -0.0239119305016459
-0.220864769047415 0.125709495583665 -0.159717094900651 0.0817908597321574
-0.121048803262992 0.195918081168724 -0.115400170901487 0.238132409571009
-0.00876361632245209 0.237231971412743 0.00340682063834865 0.323129827018499
0.0287605201752031 0.223588402604785 0.076313677596299 0.316790228093841
0.00452587940353371 0.221356449175765 0.0476012193167648 0.303990641796114
-0.107441014017325 0.192550192517995 -0.0243416211319662 0.275024628184816
-0.190129272237075 0.101696605570578 -0.116586693042451 0.209667162817608
-0.250908916201976 -0.0244617701864497 -0.147049345366133 0.0746636077420736
-0.167275460562661 -0.186487880325636 -0.099292838032944 -0.036865001336567
0.0358042242328564 -0.276264571915446 -0.0633891425130034 0.0522172375243925
0.207906580460338 -0.315448282373712 -0.261275101943762 0.217584460793526
0.0509957022171065 -0.179424600190101 -0.544328390240878 0.357886081043137
-0.0333451276426917 -0.166174226758645 -0.199253886411987 0.420533853284072
-0.111606105048776 -0.0839442648290858 0.0388913438677093 0.123080296235322
-0.104958898049474 0.014199529520579 -0.0417774938272865 0.0120942015694333
-0.07061764876041 0.031901246851234 -0.169061806777156 0.109445983737435
-0.0569331561878169 0.0602806572343094 -0.124184856829045 0.286694730995268
-0.0250908727063832 0.0900214838473344 0.00474713723712547 0.374205712659957
-0.0101016613333732 0.0873622012770423 0.074839463461224 0.370576248100139
-0.0234852151940554 0.0877341919063399 0.03664575914123 0.352476698948814
-0.0658600680707036 0.0655884281254605 -0.0618054304421424 0.302057655476695
-0.0819472042427939 0.0162164484102949 -0.158203319894312 0.19723728507766
-0.0704519225691628 -0.0188686029414892 -0.153917439673274 0.0492315801969229
-0.0586859169790924 -0.0520079958957177 -0.090396807558888 -0.0235618094332
-0.0131679674719521 -0.109358734531634 -0.051934681209171 0.0905029766138554
0.0605912666442664 -0.173017870107565 -0.295012929138466 0.280986198365717
0.0965849265420585 -0.0120205165888378 0.245995892423334 -0.338160783192116
0.0728391898068669 -0.0612050084297021 0.0306148526625947 -0.188713472150293
-0.0286428889148651 -0.0847157879175512 0.0608509805932204 0.00601559545748667
-0.10034818270085 -0.00780796918261202 0.13376966429109 -0.0237960415825519
-0.0488266479873161 0.0622503024478813 0.172807199304188 -0.157867862586034
0.0067079823748499 0.0695254271299895 0.082967752734926 -0.301598437990874
0.0481044693722081 0.0594009375684619 -0.0448037364041971 -0.34688756812039
0.0546482022121354 0.0592538785128752 -0.0926214944860708 -0.357039473045472
0.0479897063968322 0.0660780111012577 -0.0548673234789832 -0.356059647187386
0.00114397519897586 0.0762954820054431 0.0600605375109811 -0.295601295344383
-0.0512150300632342 0.0640377660522227 0.131422579159877 -0.161270826163366
-0.115108122337025 -0.0137674559514696 0.0467788433853092 -0.0599885808600138
-0.0251386827214532 -0.10430034797387 -0.0113673946922545 -0.149503702817021
0.0932624529248942 -0.0448912523711697 0.128887794654827 -0.371706592845876
0.092608630367723 0.0266493662485479 0.53462375599684 -0.416404999571879
0.204062604830943 -0.162117189354888 0.227978149919275 -0.299663142187939
0.104750445521574 -0.216824608738739 0.0451933394914246 -0.175183964905965
-0.111974737233218 -0.204785811856472 0.0722001642417405 -0.0223021393068474
-0.255228886341814 -0.0263204079927428 0.118905657738292 -0.0356464175875656
-0.16505714332362 0.133653975034953 0.148492294681913 -0.133207023513567
-0.0458898742687047 0.185283703402202 0.0792749040665964 -0.258237823036313
0.0669487512392486 0.194553143402759 -0.0262133417089609 -0.292252864647339
0.0958047388857849 0.19215864558598 -0.0629734487908192 -0.301275856186435
0.0764884617351261 0.210405115279824 -0.0400261633959425 -0.297069386808557
-0.0473169897695708 0.220714840372213 0.0599171039483366 -0.245072666100899
-0.171748923920783 0.160902610454827 0.116529341885654 -0.121352176210658
-0.315498290855064 -0.0110652899279602 0.0227058014363588 -0.0449135519392085
-0.164268688229858 -0.253078628044402 -0.0342186060815297 -0.16548543393021
0.12591696759821 -0.264392589010921 0.0771993747643117 -0.366913476098036
0.247744189607055 -0.177132838783614 0.431892526254247 -0.402254079118361
0.292958114256529 -0.296343515738355 0.155739841198436 -0.222723489591547
0.125202297597765 -0.367590934455304 0.0432007013342504 -0.124329947782014
-0.196203204429143 -0.316918871919733 0.0931607852181996 -0.0420052648582112
-0.399516268402626 -0.0415495548762483 0.1052899591218 -0.0564645724307072
-0.271311493828637 0.195838930191948 0.102488820445487 -0.107311558453278
-0.0991211251214617 0.282716610177961 0.0561213368503412 -0.186629456073073
0.0710693336366977 0.306569830650559 -0.00955269267118031 -0.194902526764407
0.123774397668394 0.297202683974752 -0.0246343736670428 -0.19972077981991
0.0977071296380381 0.320309929524186 -0.0160521843517585 -0.192097817949087
-0.0806282401668221 0.332856732778232 0.0561090341578021 -0.152763348039658
-0.260352282117255 0.244838445583928 0.0867690081107083 -0.054265345067464
-0.475061000955089 0.012082276990883 -0.0113285321179797 -0.0131522036246666
-0.298556925920258 -0.352791957307799 -0.0639100493113284 -0.156529717098382
0.118230596099304 -0.445634409262105 0.0148722606736905 -0.313811034415372
0.352183647755896 -0.358374285871355 0.283325712768887 -0.320552719037301
0.344531237580793 -0.398456463391154 0.0327387715052883 -0.108849934185926
0.123234934164186 -0.494233278265301 0.0202834649689507 -0.0304819451012315
-0.278119196511232 -0.401948379920951 0.113392249683173 -0.0427914658792508
-0.512816034715714 -0.0413467674772415 0.0842541142687468 -0.0743280172868745
-0.349089482048414 0.245221539903698 0.0355987922186213 -0.0713626589796587
-0.138913370443525 0.346789643411776 0.0168508193111336 -0.0870061164590187
0.0669695242288866 0.375692315521785 0.00513424168002513 -0.0641980402473869
0.133956327364745 0.356560913742944 0.0183183576295331 -0.0675766432552534
0.105808396676007 0.378706627574326 0.0153817851039976 -0.0586034439674124
-0.0985666753646328 0.391315641351299 0.0509755432808916 -0.0318264790182444
-0.30662954081826 0.292409616546166 0.0478326533943898 0.0336761478042912
-0.557035694511937 0.0413385225040819 -0.0496468571102101 0.0309716456189302
-0.387797780238527 -0.386007840850935 -0.0902712071066168 -0.124427861705395
0.0870835959279297 -0.545437270909462 -0.0376609561183538 -0.219268482483041
0.389797971096911 -0.476300204733291 0.116266659569642 -0.182511610399562
0.341917461883635 -0.44644010293429 -0.12301710643562 0.0335114472605547
0.0943658424348672 -0.553168122633174 -0.0222979593611431 0.0982987574601234
-0.326788180227445 -0.428947618238608 0.118903312241729 -0.022056668755352
-0.551575434014084 -0.0272952499515482 0.0487635451403826 -0.0772926691198947
-0.368525659975674 0.260475817648468 -0.0410402808250046 -0.019117858080383
-0.153882417609901 0.360348935076074 -0.0285961012487043 0.032903664875235
0.0544165781504489 0.388836557877472 0.0162291336395881 0.081002783772626
0.12311077749175 0.362542632774442 0.0578598980330029 0.0745053419347963
0.0936911280417639 0.375680174015731 0.0469669119809873 0.0822231038462449
-0.106203770210192 0.382068536303245 0.0436953188015321 0.0954774288952528
-0.303214975953806 0.281223854479223 0.00337892257512578 0.123334150303578
-0.535386378080477 0.047355943291664 -0.0868031844824465 0.0733543056829459
-0.388172660911484 -0.357754159736705 -0.106882907080461 -0.0822101504954006
0.0541937871486112 -0.53730051680014 -0.0667080791559286 -0.106106843641676
0.363385095417689 -0.504455556307042 -0.0383915832483981 -0.0212862333779526
0.283081374169504 -0.427295814790573 -0.284278915095794 0.18200123909194
0.0500137913625512 -0.512439667898071 -0.075774035401063 0.236211129199295
-0.315005376654488 -0.374978085246843 0.103606694179554 0.0173958896254434
-0.48331845742371 -0.00910846064039964 0.00578633180339043 -0.0592035465643716
-0.318054700395129 0.226461600076965 -0.110440866145433 0.0410441783013675
-0.140172957328419 0.311077105558639 -0.0692748053483257 0.152146397673255
0.0351195802031736 0.339307633498078 0.02489093337701 0.216200599316076
0.0930552977534232 0.312151508207403 0.0882436232969041 0.205848084788206
0.0639391216543398 0.31792418950817 0.068645315352691 0.206022481170608
-0.104913877035733 0.311085489764319 0.0281572922597342 0.203106554417405
-0.257170715364879 0.21343567653019 -0.045707771613262 0.189109865216831
-0.419223723626087 0.0267963985880192 -0.117301258891161 0.0952428974661345
-0.304539940154771 -0.277906883137057 -0.111269097909032 -0.0477730857894355
0.034691032334266 -0.433070628817515 -0.0719690285359864 -0.00846345513780164
0.288619866020562 -0.448035981536702 -0.160223557666471 0.127673875137108
0.173113520890729 -0.334691188753043 -0.420600486594669 0.31240173505085
-0.00238890888842806 -0.370419395522514 -0.126391669837978 0.353955592696711
-0.23660327440452 -0.243042759780217 0.0743222023014252 0.0656353884748045
-0.317629906474474 0.0100178791888852 -0.0289181665898366 -0.0249628869587383
-0.207158300176437 0.144754128292519 -0.152410711550069 0.093150385455764
-0.102009943662411 0.205845507713411 -0.0949422455536715 0.246255618262192
0.012209249488707 0.234072810492933 0.0321183067560297 0.318137383049377
0.0495404888232608 0.215710492861613 0.105898556470903 0.305932128213374
0.0243663031152128 0.217167844217203 0.0763089663819803 0.297473390700082
-0.0901537230537088 0.19926361786484 -6.17725655274237E-05 0.27357844280631
-0.178291852729504 0.116906363197025 -0.0951049114692322 0.216314036371308
-0.2488061199036 -0.0011608220754013 -0.138790877864468 0.0893256304439396
-0.178713302033212 -0.167241601819196 -0.105149084315415 -0.0270049884327737
0.0131922297704836 -0.275243337715657 -0.0624654685038306 0.0575062506519874
0.177862084149853 -0.327063244047338 -0.238404449209664 0.239587663806448
0.0346500966046331 -0.1833772453119 -0.508260013701415 0.400898837434602
-0.0494138549623168 -0.162225403746176 -0.15908783319551 0.435157178617869
-0.118544005160591 -0.0711083415939765 0.0506033173179893 0.116212984091868
-0.100804159121382 0.0254157492939136 -0.0398252727186567 0.0131037626962473
-0.0673115431003952 0.0384154117682711 -0.159049916889335 0.121609599530459
-0.0511062219103944 0.0655265299610641 -0.100709963173573 0.293898720571448
-0.0172007743280792 0.0902328815365581 0.0375543164118267 0.369810788230737
-0.00120807337434561 0.0861652519070919 0.107942938781591 0.360594053945979
-0.0145558401914511 0.0877608933249522 0.0676019940247991 0.345671061767364
-0.058938734221651 0.069923990183983 -0.0350599906876358 0.303399050786476
-0.0787112665703409 0.0236274266234909 -0.138129332129795 0.207140466271965
-0.0690098787010488 -0.0114514955254136 -0.147250899011075 0.0631072216108823
-0.060919806040042 -0.0436902017360444 -0.0928466309074721 -0.0137300331702447
-0.0228907471030928 -0.104654905305868 -0.0465571019834623 0.0938012104962549
0.0438089272369719 -0.175417135748816 -0.266253182999801 0.305579538521892
0.0927166895732432 -0.0160051499494533 0.211971049781016 -0.339551970378131
0.0683472082071941 -0.0641200329331419 0.0194352188676004 -0.183626964005491
-0.032275938383393 -0.0806324632256766 0.0587515603327513 -0.000264176630798709
-0.0982343742301122 -0.00114340483397322 0.12331841679329 -0.0314815416163357
-0.042984903694768 0.0630458732314036 0.153280661394693 -0.160998846437688
0.0117878459550983 0.0660805962523667 0.0598947043655417 -0.293011527638695
0.0503685527957707 0.0540878932432701 -0.0641349494989184 -0.327789320770986
0.0563128621882416 0.0531409170995798 -0.112289342538883 -0.334431870916474
0.0495549457021167 0.0606506244225814 -0.0746643108363034 -0.336677224777634
0.00533940829675804 0.0735525183223475 0.0409307768125618 -0.285613949286703
-0.0455520717829722 0.0637765719538381 0.116204257845843 -0.160095765213313
-0.111287507014723 -0.0062200007395414 0.0404410197807997 -0.0573117796602299
-0.0307615818017412 -0.0985498621798014 -0.0216388261295039 -0.140977630406143
0.0884684337167665 -0.049621484093728 0.0995140454383377 -0.36236539711316
0.0910232464297792 0.0204398962963883 0.482348986386036 -0.432416614973459
0.185888395456211 -0.164673165516261 0.196697456274029 -0.302036549634626
0.0891784394494047 -0.213960320113091 0.0337432071439203 -0.171762462645181
-0.118824222775214 -0.187977159828381 0.0669506728821942 -0.0287283191175367
-0.246433550039928 -0.00755929063826304 0.108408130910199 -0.0424208177181231
-0.148921158316897 0.139335166089022 0.131772024319756 -0.135948528445842
-0.0309564424833556 0.18001773475332 0.0587639619810861 -0.250987735761844
0.0761310459781551 0.182064020942466 -0.0424391782445019 -0.278181664637249
0.104374804275815 0.176666305465047 -0.0805921875233171 -0.284473798297053
0.0860487263661268 0.196283144323622 -0.0551991328582146 -0.281217348039498
-0.0316765549213876 0.214860363666774 0.0438464187075939 -0.238516345052074
-0.154893561121835 0.164008317657418 0.105333408119917 -0.122030715844821
-0.302198641796912 0.0102435715502125 0.0181499129281319 -0.0409294858979685
-0.172465458056804 -0.230842092865681 -0.0458220579344126 -0.155552606463043
0.106209992084656 -0.261926426931752 0.0490572122323254 -0.354288050919007
0.225430747145454 -0.18169240484826 0.387477887455546 -0.410047980473433
0.26187602641838 -0.297152799331247 0.132499264593222 -0.224140859187198
0.0988194424055727 -0.358427754384028 0.0350787708101492 -0.123650055124261
-0.206083290522402 -0.288086812517903 0.0848806393332357 -0.0494570405402682
-0.383602613516458 -0.0120357318421139 0.0938095081790791 -0.0625789466912441
-0.246390487167001 0.206416683539394 0.0892965308606933 -0.108859854931112
-0.0749292067634412 0.276211758026096 0.0407609230003711 -0.180721911085733
0.0879625114117596 0.288346291979849 -0.0196546551500254 -0.18725437378082
0.138061714075627 0.274322021548729 -0.0365092133072998 -0.189883331911236
0.114232110442247 0.299097089463278 -0.025411009296244 -0.18295524655682
-0.055903008908395 0.324162036470867 0.0455817072581712 -0.14994728538118
-0.233720400552892 0.250162491505285 0.0814674208842084 -0.0568145922320178
-0.452012246974875 0.0431861338178201 -0.0124392287101315 -0.00780781195087049
-0.304700013977577 -0.317630000896555 -0.0757637302041563 -0.145284699712226
0.0882035523047606 -0.434152993359939 -0.00792781680589514 -0.299291930509417
0.313222191858498 -0.359899094844243 0.250408161254202 -0.322225520543007
0.304480710021509 -0.397455934180733 0.0224084230957883 -0.107358837390009
0.0880268013258066 -0.479116087119489 0.0192342746833649 -0.032407516500716
-0.288547322845321 -0.364580048964777 0.103591629754375 -0.0520343639106758
-0.490036146403278 -0.00252953323421516 0.0729731925601527 -0.0792791611583651
-0.315786968200213 0.257766788878678 0.0285589596561361 -0.070562166689968
-0.108942186136922 0.340840969599743 0.0100955209198275 -0.0832301074898778
0.0887262605821428 0.354590582717588 0.00253030102429648 -0.0639466126157587
0.152160473822761 0.328791045528037 0.0131215952557651 -0.0664888170443647
0.124923256929314 0.35309042981738 0.0132763699560609 -0.0570679222470675
-0.0696820343725471 0.380948883061675 0.0479631913989843 -0.0341986909266268
-0.274139428038895 0.298726359423529 0.0501054066900257 0.0289711072987345
-0.528360258049214 0.0763020913283016 -0.0455910590111784 0.03765905028514
-0.391659521901482 -0.343871536849342 -0.0997519604286647 -0.111956409539085
0.052473325455616 -0.52705627795666 -0.0534157378474729 -0.205300598790678
0.341374316143033 -0.474120512651408 0.100222963515418 -0.180446760591209
0.299527088054984 -0.444013727046021 -0.116539322954545 0.0380048640954511
0.0561671983634695 -0.533412001277749 -0.0136624958189859 0.0938097501406556
-0.338601069925197 -0.385936346980379 0.110842380275901 -0.0321386323727172
-0.526479017580854 0.0122880250823442 0.0399559564070342 -0.0800291289292994
-0.333658979670183 0.273687438928803 -0.0413955770154879 -0.0163578968600681
-0.122986225343683 0.353728289675137 -0.0265671150227556 0.0337928114434894
0.0768884157102318 0.367253994152475 0.022438720288335 0.073788899228526
0.14201287233529 0.33529523805275 0.0607356203983859 0.0664264220810456
0.114520234918405 0.351498590113257 0.0514831453702022 0.0739070023957838
-0.0774473103422558 0.372211154894066 0.0485709798055872 0.087892519756725
-0.270228144211973 0.288648448932323 0.013286353705802 0.116367950312392
-0.507217749601034 0.0806514920208966 -0.077762208069372 0.0799194018807509
-0.389897388929535 -0.314772893086863 -0.112245230874876 -0.0711169623735879
0.0224260380002868 -0.516529682587414 -0.0740769118377261 -0.0954799530498145
0.316145747515793 -0.49974307354346 -0.0368848430524674 -0.016602564937207
0.245312919410238 -0.422268917658611 -0.259921957561043 0.190217286726999
0.0138981181476842 -0.49176652146629 -0.055607109570384 0.229568186769452
-0.323805036091655 -0.333629695612507 0.0992797777341244 0.00614400423731188
-0.460372653923986 0.0258311410686928 0.000902132686083037 -0.0601559585638491
-0.288100766785072 0.238199803176534 -0.104282984133713 0.0448288416045287
-0.112735325278609 0.30648138458398 -0.058526796739092 0.150330254456603
0.0562669665259739 0.320835832928182 0.0390548418497709 0.202757737228575
0.109662240223232 0.289004911058322 0.0986511329792333 0.189566459449712
0.0813651683417618 0.297931624990987 0.0813543115919596 0.192081063450016
-0.0807502317724707 0.303675956430741 0.0400747123277501 0.192228994631104
-0.231368589712028 0.219233696344636 -0.0295135434588892 0.181972330282341
-0.39707228016823 0.0535155135420816 -0.10548635100965 0.102675511234136
-0.304925453338168 -0.243869085765644 -0.113402796964878 -0.0370137774530626
0.00890677070443109 -0.41495030221241 -0.0731980374698493 -0.00206096831376211
0.24604102748661 -0.441227274289087 -0.143752991163557 0.133799634628225
0.14358793194117 -0.329242584293008 -0.382573509001569 0.322209476387087
-0.0260113559151072 -0.353158847409612 -0.0977387908077616 0.345960720951765
-0.241294212141057 -0.214635818027225 0.0751071791905761 0.0548723620213259
-0.300795166613033 0.0324626946426365 -0.0299216464859311 -0.0253443939122115
-0.188432846456667 0.153534135688873 -0.140922064074726 0.0968076343770886
-0.0831556452266218 0.203815093934058 -0.0770842328794213 0.240528760184859
0.0266051429792155 0.222340800399115 0.0519129485877934 0.299814472172895
0.0616751782819287 0.20026015056667 0.121847576980823 0.284985324048289
0.0378094722068869 0.203897671479439 0.0924385232746614 0.279710463179075
-0.0733795365589387 0.195498972616366 0.0173181007802806 0.261852742963435
-0.161638283519104 0.122925090839818 -0.0756624314846279 0.211659997283155
-0.2355741616837 0.0151118479584152 -0.1257263608959 0.0964963072350439
-0.178655815390279 -0.146009167567132 -0.104565273769054 -0.0174365307476781
-0.00370382581185739 -0.261166622589398 -0.0595012640846094 0.0596823618134196
0.14801479959335 -0.320369090781467 -0.21093058127301 0.245734163764405
0.020857288886432 -0.177406703156639 -0.457931866110043 0.41527412977138
-0.0598106062886708 -0.151174126617075 -0.122760998184015 0.427182576471157
-0.118270896049034 -0.0586967525873679 0.0560854182850988 0.105735128903833
-0.0919983405762793 0.0321085491839955 -0.0372211348002462 0.0118010223386435
-0.061297722040192 0.0413996525724709 -0.145608484060231 0.124505456314812
-0.0443878793690869 0.0663773996509014 -0.0782733269967969 0.286935803446096
-0.0107929298015176 0.0868207337984801 0.0600207265599561 0.350052812271115
0.00448737471906838 0.0802954563613155 0.127244557184235 0.337498735492258
-0.00802579480259354 0.0832539303592518 0.0874104120380709 0.326433261860447
-0.0517814684037892 0.0699257683367562 -0.0142078789016131 0.292577565235286
-0.0722822704320857 0.0272323910069325 -0.117223257414496 0.205139318326106
-0.0645224515480159 -0.00635701398140699 -0.135502398404262 0.0715905485979043
-0.0595888147943708 -0.0360989879218229 -0.0905400687654238 -0.00531317084458978
-0.0285173269699938 -0.0964142489145341 -0.0411929682812899 0.0931813426371318
0.0294949168796723 -0.16890268475505 -0.232903924398886 0.30959120389264
0.0897207464639379 -0.0167519955119803 0.189761136096328 -0.32765689063595
0.0659114241652487 -0.064705252832538 0.0141515470225386 -0.17687562015655
-0.0329424896721578 -0.0772218297857237 0.0551920968852839 -0.00396615096309457
-0.0946492222258553 0.00158796563191711 0.113585666429432 -0.0334832015156451
-0.0391737732624173 0.062025085146575 0.138956394065306 -0.1566018179298
0.013225023982416 0.062665150693318 0.0488189539752907 -0.279216022019007
0.0495468175101452 0.0505918214007575 -0.0691679988693895 -0.309894331105216
0.0550699631269686 0.0494047498200187 -0.116730757984147 -0.315384251985115
0.048360275060047 0.057156033916409 -0.0791485564713408 -0.318281241201462
0.00671335072347126 0.0707621020878691 0.0327642044780169 -0.272983804518837
-0.0422461211361135 0.0613928276060397 0.107358133064974 -0.152935946644614
-0.106883152440207 -0.00281582549372094 0.0367791593634488 -0.0528767581880239
-0.0320826461087046 -0.0930558516340353 -0.0250309209162758 -0.131971637844984
0.0841342231353664 -0.0502931492525855 0.0843703694483516 -0.346401547877992
0.0881651991573782 0.0181288253631107 0.447503978597012 -0.421976523572106
0.174333644480145 -0.159000987276972 0.176478742825996 -0.291858836203458
0.0816738685926569 -0.206074279303129 0.0285326111437764 -0.165961155887979
-0.117032304450185 -0.175645187125582 0.0615215659647062 -0.0313737791149465
-0.23431157760332 0.00051183287604013 0.0983389543080519 -0.0436498665129472
-0.137828281812542 0.137722154650576 0.12000606295085 -0.131767641074945
-0.0235755659459152 0.171602428109067 0.048737040326331 -0.239064844621321
0.0776092143054752 0.170853694648816 -0.0466379892255243 -0.264188387143315
0.10453824586147 0.163779521303698 -0.0847740316536045 -0.26803996903528
0.0872910720813602 0.184647296334846 -0.059333641501064 -0.26683914671057
-0.0245799163091123 0.205685244354726 0.0364654048839962 -0.228364328503876
-0.143397864738272 0.159056338513565 0.0984707157314662 -0.117474582951943
-0.2875635193351 0.018378916000509 0.0161271597463267 -0.0356561855191447
-0.168126377918389 -0.214725699518063 -0.0504883582334391 -0.145529042092557
0.0971122241821326 -0.252900740284384 0.0366665113025929 -0.336465899107335
0.210057444012665 -0.17622020491587 0.357379241831484 -0.399034376147206
0.243419027133552 -0.286128363851719 0.117265311080316 -0.217103215221559
0.0870690611777662 -0.342834372900803 0.0310453215500992 -0.120535861030503
-0.20162918546423 -0.267587576689858 0.0777182238407537 -0.0516316573931822
-0.363170989945907 0.00137174614086858 0.084121340420935 -0.0624798029963201
-0.2280712696026 0.204214266497762 0.0809554365041695 -0.10522955606307
-0.063094948421286 0.26459789128393 0.0337490283221885 -0.171963746848575
0.0921530893638345 0.270522691933805 -0.0228059109642087 -0.179041705142243
0.139924122966527 0.254366857103853 -0.0404636077006987 -0.179550747990436
0.11698126336892 0.280850695967604 -0.0272863914517459 -0.174124272086272
-0.045455961190288 0.31063619254318 0.0406210851735515 -0.144118893087173
-0.216431327225699 0.243995059081558 0.0778534801788459 -0.0557537742151742
-0.429310685122044 0.0547056896751096 -0.0111432643727866 -0.00266573772955566
-0.295184320146648 -0.292344073233425 -0.0797332252486504 -0.135005455472809
0.0761924096675899 -0.416451616706617 -0.0171072465627568 -0.282475614942126
0.288889349296086 -0.345467544227746 0.230354417382806 -0.31159058914323
0.279805845850855 -0.383681044938699 0.0169420132657199 -0.103610350652474
0.0733692448881648 -0.455726573310137 0.0184113155535188 -0.0333198163811547
-0.2820411623138 -0.33575500307365 0.0957391965333639 -0.0550074624438126
-0.463332954844465 0.0127577991611193 0.0644474114832716 -0.0788821822655368
-0.293179917614247 0.255362768779189 0.0244370285613302 -0.0679532761768167
-0.0927793036994288 0.326359086921445 0.00622825343585287 -0.078943651292759
0.0933401734451652 0.33450991148208 0.0018839592402057 -0.0632291132269254
0.153735039042128 0.30557567064155 0.0103339156767019 -0.0643344757229061
0.128660722543838 0.331930901128098 0.0129272264653108 -0.0563274308045641
-0.0558921419936587 0.364849221541075 0.0456020660565883 -0.0342473809968877
-0.253083799798899 0.291311998325513 0.0503947900699374 0.0256196271699418
-0.499870092396302 0.0875063707130516 -0.0414793058958404 0.0410269941589867
-0.378217618689912 -0.314537474419382 -0.101815173883288 -0.102905959802783
0.0402122332990743 -0.503507635179245 -0.0583484682330829 -0.191377659953931
0.313186132521066 -0.452889135905666 0.0918710823787474 -0.173169607251348
0.275394130432523 -0.426720850637738 -0.110469654466666 0.0383089361974543
0.0418487906567279 -0.506863401281508 -0.00945684362853925 0.0873224125557059
-0.328235579800771 -0.354907388267523 0.102822682051645 -0.0364467821588283
-0.497355644028132 0.0284591647712494 0.0338883269516802 -0.0795959500935366
-0.308847410146637 0.27032271319661 -0.0406692614427008 -0.0152230276429481
-0.106589104900366 0.339566639979261 -0.0254547410995117 0.0334318810605239
0.0831391806997549 0.346737342334794 0.024116071311659 0.0663167713639917
0.143974297328755 0.310108323750082 0.0594938101068514 0.0609274488644106
0.117512290990843 0.329507627288005 0.0534141748393325 0.0682604537459692
-0.0639077042499691 0.356826403506142 0.0491492948760758 0.0819796720764882
-0.251191980692326 0.280369803068658 0.0174339474761185 0.10895560793433
-0.480141282357059 0.091564103908022 -0.0699724474854647 0.0827388899503568
-0.374626936963473 -0.288128446422039 -0.113287355469369 -0.0626609921236797
0.0102046538317581 -0.492242912476277 -0.075718558886312 -0.0860424817885043
0.288092438313122 -0.477620985188558 -0.0346476954436715 -0.0143034781754499
0.222005534611321 -0.406446249448258 -0.242398162143216 0.185758205842873
0.00161642412054475 -0.465566193455428 -0.046407601488067 0.218032749134305
-0.313406711386386 -0.305424589654128 0.0935680655017114 0.000345594969133263
-0.433386763020088 0.0391713437549686 -0.00220500564179787 -0.0606718653530432
-0.266339672146017 0.235258422366496 -0.0984933249011325 0.0443558726170049
-0.0980640675910497 0.295129122271877 -0.0528306322755209 0.144511218160381
0.0615495931331776 0.303181684973739 0.0433619796669058 0.189078265086146
0.112831424181393 0.268964842195963 0.0990334320592522 0.176888356068187
0.0863182504540247 0.2799591740187 0.0838389381008598 0.178993546830092
-0.0690353906459514 0.291044132469385 0.0439986448670228 0.181565706693326
-0.214378848434507 0.214367095428104 -0.0214956978832739 0.172786303279568
-0.374707968191224 0.0621138384757184 -0.0959493466286087 0.103474049798213
-0.292124132132833 -0.222159572648025 -0.112512861896688 -0.0305366918276973
-0.000154670159464218 -0.394378603104471 -0.0726019379157332 0.00205505203460067
0.222129717588665 -0.419891778520269 -0.131516212416112 0.132063348729518
0.128943712055747 -0.3164052938507 -0.353193642730662 0.314653039994347
-0.0345032265864795 -0.333100037101287 -0.0824810643651176 0.330551176762668
-0.234606605675747 -0.194304705429119 0.0731941089179081 0.0478111791679902
-0.281757109212817 0.0409895673781134 -0.0289761188099965 -0.0267290804407479
-0.173817313581306 0.151382761652428 -0.132607577522114 0.0942367474512276
-0.0736645693084107 0.195921572607406 -0.0690389715259983 0.23133042407264
0.0307797369749908 0.209950833734826 0.0581950634336418 0.281928014415794
0.0643020846465495 0.185811916713803 0.123778043767341 0.267069629698865
0.0417444162436792 0.191273544665884 0.0971805290018657 0.262159113698967
-0.0650980208847866 0.187974208418637 0.023588576740585 0.248533561950994
-0.149621468166634 0.120771039899533 -0.0646246989583743 0.201463716714934
-0.221559888875568 0.0214907669252976 -0.115616751919054 0.0974185297956198
-0.170574647650134 -0.132271297486091 -0.102243975034251 -0.0118385026708385
-0.00879795171102437 -0.246998182838771 -0.0576245719167778 0.0596850689135167
0.131517562138598 -0.304836712004181 -0.191914283326688 0.239892473070211
0.0144401297994469 -0.169680438246046 -0.423421867507859 0.402158796486966
-0.061349238501182 -0.141577977825113 -0.103356463890867 0.40799692169949
-0.114259911893878 -0.050080980881012 0.0563222319882021 0.0970287847942351
-0.0842747869974059 0.0342539054250162 -0.0349189265502794 0.00904398488752031
-0.0569623486393022 0.0409166520441843 -0.135761934839013 0.120984272662925
-0.0407822019675417 0.0647539094014558 -0.0690680620004207 0.275330110611768
-0.00776474691175327 0.0821709631734473 0.0662989122801871 0.330383497097851
0.00605802603773331 0.0743537920035609 0.130895413539277 0.316724948268198
-0.00488797281530482 0.0773116334123082 0.0922591976386232 0.308320819367044
-0.0470842455169194 0.0673086328417388 -0.00557836346592515 0.278333288483048
-0.0672552560041108 0.0271926952909902 -0.105444171318014 0.197534512175203
-0.0591736530519614 -0.0037808527648699 -0.124588822672094 0.0725766410157662
-0.0555938654121338 -0.0314370870918409 -0.0863962636042476 -0.00077704663387647
-0.0296231964607593 -0.0889052702097037 -0.0391988345377934 0.0898460607090701
0.0236019017045113 -0.159472233723639 -0.211091028582588 0.300669230410831
0.0888783809280906 -0.0155716838752953 0.181817986707506 -0.318107529956652
0.0659759972337199 -0.0646746036117127 0.0142446788003984 -0.173510636566539
-0.0322755062571355 -0.076441993821869 0.0530564524481612 -0.00579047701830488
-0.0931062668034543 0.0023577063320104 0.107343744291989 -0.0324883885754774
-0.0378174332502185 0.0613260505065348 0.13354930944084 -0.151735446431139
0.0135654353253982 0.0607334001300563 0.0467715864591122 -0.270931349777824
0.0489692093890311 0.0494702480375111 -0.0672571264423755 -0.300736599838612
0.0544155970486826 0.0482291343487044 -0.115032124785449 -0.305849365634733
0.046629182115136 0.0562236229290901 -0.0767379521016625 -0.30881217855942
0.00641031706919129 0.0694998270843451 0.03255112654002 -0.266167927868728
-0.0417251952434175 0.059386265847523 0.105503766347716 -0.146414258437859
-0.104616368631244 -0.0030008548604704 0.0355367524763203 -0.0484858868797908
-0.0308372705368541 -0.0904215637900415 -0.0260307729252299 -0.126730377861935
0.0835167731604343 -0.0500135231376951 0.0816663945737338 -0.334762787733626
0.0862909807793141 0.0183783469095773 0.433953179525266 -0.407983262818817
0.171206402867736 -0.152768714427097 0.168240630969904 -0.283406959417959
0.0813010011018449 -0.20196147715483 0.0272964884830332 -0.162789215072265
-0.113067038224534 -0.170609667501502 0.0585810295336934 -0.0321594475940358
-0.2274805877566 0.00236693841299843 0.0924960785062405 -0.042427599237265
-0.132953486113778 0.135849334954212 0.114923315960292 -0.127455242982222
-0.0217743866507886 0.166387976817913 0.0464795799706382 -0.231973612052681
0.0765739151619406 0.166302092659744 -0.04555533007746 -0.257397924171642
0.102825822078307 0.158139724849143 -0.0841830550506695 -0.260106019066858
0.085316622823377 0.179556046083213 -0.057427952453749 -0.259793439477192
-0.0241490307322463 0.201444121660691 0.0367278462157338 -0.222462978863887
-0.139280372016074 0.155278123949408 0.0967738250526969 -0.113228306422281
-0.279989234677625 0.0190553942014807 0.0155971374228796 -0.0309944085014235
-0.16180534122068 -0.208566247310161 -0.0525165482361031 -0.140088984495702
0.0964237714015797 -0.247098764255236 0.0345448517927916 -0.325275674306102
0.204702378021108 -0.168532462113406 0.34533814175641 -0.386781840362848
0.238613024605878 -0.27633007205357 0.111361698561267 -0.210711667977027
0.0868900658889928 -0.333555318574175 0.0301827916377641 -0.119338244609162
-0.193038157127184 -0.258130088662874 0.0740838780312591 -0.0521363732693981
-0.351850584467165 0.00401741724253779 0.0787197829994686 -0.0617650113025395
-0.220219040563601 0.200454911899903 0.0774225450729431 -0.101603642758156
-0.0602447878243831 0.256654291382417 0.0313155576809443 -0.166721164458181
0.0906610171684175 0.262873200478949 -0.0221273294261154 -0.175832683099789
0.137318543399778 0.24503933525473 -0.0405375573205155 -0.175326855626941
0.11514205017519 0.273244132789847 -0.0260666188294377 -0.170282636898906
-0.0436993574573003 0.303415824117933 0.0402965083902362 -0.140823125173273
-0.209451955512936 0.237489933103184 0.077388604455683 -0.0544356804550702
-0.416955265475455 0.0548831071422722 -0.0107270614904799 0.00127319863339456
-0.286122196149824 -0.283908439061439 -0.0814954424037023 -0.129397446974965
0.0767698946019315 -0.405337260620327 -0.0183206494068794 -0.272425776332666
0.281476708016784 -0.330898862714283 0.222855646197161 -0.302527742882682
0.273608830079107 -0.369116005224502 0.0143402394459407 -0.10076947282135
0.0732299357069317 -0.441830861131428 0.0180696074635881 -0.0345755837786482
-0.271871537377274 -0.322354929132308 0.0910384739044069 -0.0556183717205076
-0.44818023593633 0.0162757539530725 0.059543232524063 -0.0779237581083725
-0.283440164822523 0.250448759365333 0.0228531505340212 -0.0664912754891868
-0.0893358094079178 0.316868326906418 0.00467379149771269 -0.0760791008977872
0.0924123651993256 0.324330210885252 0.00185976497594931 -0.0639602192047612
0.151159296662829 0.294370344125252 0.00932299825341943 -0.0634727951983542
0.126836685118526 0.321872040563847 0.0135551434034026 -0.0559752032142627
-0.0544690492160151 0.356244572052374 0.0458356535705531 -0.0335777086344877
-0.245423514156505 0.283771821531365 0.0505625822862431 0.0236764682323063
-0.486657576827622 0.0881999881377574 -0.0385033080975893 0.0441713441117107
-0.364354442184104 -0.304803070820481 -0.103990907144445 -0.0980876946979943
0.040593805199809 -0.490563026677236 -0.0588926996138212 -0.183763042282425
0.303414036866316 -0.435801213391971 0.089162295684458 -0.16704189507376
0.266269521525627 -0.412122313567454 -0.108003563446278 0.0355494825481641
0.0419887826233625 -0.491625684666605 -0.00840488800817761 0.0829988006635724
-0.317510620642717 -0.341261200753341 0.0988873644214276 -0.037957480629352
-0.479282960572912 0.0327443627590455 0.030714538927905 -0.0803527855045666
-0.298120436350994 0.265708555572906 -0.0401131449065295 -0.0156671361854662
-0.102243706817892 0.330546951986544 -0.026826395705826 0.0328041419644645
0.0822885661363819 0.336091209293297 0.0239372168062794 0.062087759909423
0.140752775513134 0.29969127220398 0.0585653549234554 0.0581937311718687
0.116434672928548 0.31924953328414 0.0528622564173511 0.064635359859819
-0.061677048818163 0.347828590318505 0.0494382413352796 0.0795003487209752
-0.242322954445477 0.273589308880034 0.0191594381527424 0.10437726820305
-0.465633842087539 0.0913228032910899 -0.065827662447482 0.0838003617117099
-0.361009230304197 -0.279269295993432 -0.114569573234029 -0.0584699193313835
0.0128560522166546 -0.478801324881464 -0.0761422878276236 -0.0816277858322262
0.279358741864033 -0.458646485702673 -0.0323796060116797 -0.0126250788044352
0.21552685690991 -0.392123643181197 -0.234412631063483 0.178795838346613
0.00212943867209659 -0.452293477445887 -0.0431776873853589 0.210395253573664
-0.302474860375935 -0.293741238999669 0.0904999111083902 -0.00223240835191581
-0.417320636533863 0.0412227798930196 -0.00331415138624582 -0.0614268121372789
-0.25682716954173 0.230764980138303 -0.0961729786173702 0.0419235313359719
-0.0951145372248674 0.287236581311502 -0.0530171870209334 0.140475862786437
0.0606716738520103 0.293789971514677 0.0429242146650373 0.181714704655916
0.110585551304913 0.257691225722586 0.0973018581753104 0.170924411328352
0.0851650682545563 0.270806673937873 0.0827157081326641 0.172991920844232
-0.0671112512105832 0.284068646108272 0.0438830803568654 0.176015632592822
-0.207562861292702 0.209003639052211 -0.0191859937004573 0.1661161730539
-0.36284878120316 0.0621729210587486 -0.0911829436537995 0.10378495154107
-0.281230226071581 -0.214424483459345 -0.112909105966264 -0.0272973707027274
0.0019700916353949 -0.381634214642252 -0.072402054164718 0.00380618965620835
0.215819569602158 -0.404195507934823 -0.126201089251321 0.129035406960473
0.124340345209634 -0.306390970101786 -0.342785827652221 0.304160747195408
-0.0344822786737391 -0.322455069074944 -0.0773236653050327 0.320475544181039
-0.226502782558662 -0.185889023794314 0.0712644657508002 0.0440942130171927
-0.271059954882443 0.043032302359043 -0.0287853888508256 -0.0287908288739736
-0.167527037383167 0.148219909924503 -0.129334165697749 0.0900043642626846
-0.0706222253850329 0.191245475378885 -0.0686826569322368 0.224956898241102
0.0308095077861905 0.203226844547311 0.0574007526676835 0.27260228132939
0.0628773158861635 0.178036954097018 0.121767487303919 0.258739897674898
0.0408926566241615 0.184310689299136 0.0961273113717605 0.25463611477178
-0.0629285192235505 0.182710053782572 0.0249579714539581 0.241639329957513
-0.145516673497127 0.11754913288213 -0.0615197780606217 0.194403058728777
-0.214103427387673 0.0218468068289523 -0.109701364482659 0.0969407409101215
-0.163373194394806 -0.127466639200359 -0.100744298276844 -0.009567032158498
-0.00762976642507894 -0.238733708062325 -0.0582399036315232 0.059584886785122
0.127567153578965 -0.29251446079935 -0.184442881954758 0.233938465221357
0.0124173531272111 -0.164957660754284 -0.409300367460277 0.388696012584951
-0.0615294517858299 -0.136232773768749 -0.0982502650277456 0.397939502724584
-0.110506603278035 -0.0462788487697626 0.054935112350441 0.0921449048739096
-0.0796069036988161 0.0340938236919428 -0.0333818718092862 0.00617086532667423
-0.0553973106667675 0.0403168818589166 -0.132975720004279 0.115601155576835
-0.0390481444789219 0.0637790991827326 -0.0681065086911528 0.267690277633163
-0.00736044257947151 0.0791668623765249 0.0652064353547573 0.320431428499882
0.00580643861382041 0.0705834900382116 0.129368931300175 0.307242796148489
-0.00449872285563318 0.0737573615727321 0.0911789380219878 0.299127750324242
-0.0451211787966688 0.0654789017897775 -0.00422935661988272 0.270455044036152
-0.0642581145355653 0.0264727139873116 -0.10042654501151 0.190192709970279
-0.0558633404521167 -0.00336010092209462 -0.11843469251455 0.0720971208542257
-0.0529835298473512 -0.0288427292090731 -0.0835191618214462 0.00138727038390591
-0.0287551374896527 -0.0843478950790362 -0.0402830427444137 0.0878131702402207
0.0214389657159733 -0.154697026132197 -0.202894487472147 0.292815789672988
0.0709069759216932 -0.0478522487475887 0.0336783275874601 -0.366335985023253
0.032610895205436 -0.0848737546439927 -0.0630885072398797 -0.167542446076529
-0.0613199714067137 -0.0582995147652271 0.0399494669840848 -0.0289112482789732
-0.0842638448164662 0.0404743805406138 0.0782975930009654 -0.0709281645709127
-0.0119396380111636 0.0720269183191629 0.0550431504975219 -0.190039669481214
0.0357644359760626 0.0500098484877722 -0.0735385226576325 -0.262776955895647
0.0653914796718773 0.0242064499341968 -0.188074716970465 -0.243458328215734
0.0707232144573239 0.0244858551579282 -0.237803879348374 -0.225328880551887
0.0670064207255869 0.0320530525094872 -0.205117854411104 -0.245694976483158
0.0341756976287621 0.0613683160722186 -0.0864144146350774 -0.254471025380585
-0.0151185985124394 0.0722621834918818 0.0321888437203218 -0.177318520785709
-0.0959548700157741 0.0414995258061594 0.00937396197366694 -0.0629694118926339
-0.0662456139340296 -0.0730857724156529 -0.0741043116941118 -0.102449437277528
0.0581575548822856 -0.087449304804719 -0.0637514917499113 -0.332202532952709
0.0927276660439643 -0.0256130874506764 0.221275840101687 -0.546699679009495
0.0927469554667974 -0.204230182899382 0.0329727513637621 -0.335506115637355
-0.00703779813652039 -0.213797076085875 -0.0502566654519232 -0.164517360119377
-0.170189770891521 -0.110833019676807 0.0278299384222915 -0.0523479679192182
-0.201612201582957 0.0950436228715677 0.0557110757421535 -0.0686979693488672
-0.0655409275695827 0.177732563631006 0.0504841823222259 -0.156166656351515
0.0472461625348809 0.160493911372177 -0.0552251157459347 -0.224971200303433
0.137699041491399 0.118095201630927 -0.147613781264544 -0.211023757684977
0.160253054794197 0.106019566987599 -0.190334563374883 -0.197242854225952
0.153195174071381 0.129669774596922 -0.167463388728143 -0.208784887058921
0.0612259123487683 0.195498454027976 -0.0678752919597749 -0.215162145366227
-0.0651855692216804 0.201505120244722 0.0334926946998627 -0.148091608264134
-0.244611508607995 0.135601535106336 -0.00840100072018176 -0.0487305601706176
-0.236096028219005 -0.127695459042315 -0.10140927704239 -0.108250055873444
-0.0140578441551242 -0.273415209629971 -0.0926437506961292 -0.303034858751824
0.11894445320669 -0.251411153627825 0.160709829968643 -0.482868069876046
0.107568594762858 -0.341156564791366 0.00839827007372957 -0.250986044685607
-0.0538160022901027 -0.333792285216134 -0.032265700375198 -0.126523483737795
-0.276473965883949 -0.157473655444176 0.0276600078313338 -0.0745027327292176
-0.309409249682982 0.146688570567723 0.030725242303593 -0.0755934837300629
-0.117212266731683 0.270932233517782 0.0293090747273121 -0.112957278927714
0.0511505953110972 0.257683579200934 -0.0394474083335471 -0.157322020218747
0.19043074031654 0.199905751861639 -0.0884737330484326 -0.144279027237742
0.226757798205189 0.171497920838348 -0.113826469810248 -0.138528716729381
0.219485484723468 0.202520433686648 -0.101173382731073 -0.140786160905481
0.0863543459993788 0.297945374226711 -0.0310790511205218 -0.141783648612042
-0.0957281176440944 0.308656014640029 0.0366658597818186 -0.0902917964849013
-0.352955356696364 0.22712544152049 -0.0245306662315124 -0.0155199702636712
-0.380828841860523 -0.146377137614902 -0.122025307254474 -0.0908452672104594
-0.101786906336897 -0.410592749105277 -0.109767491495018 -0.233736065085112
0.115343760292654 -0.435761707765328 0.0933763574300672 -0.34737398060251
0.105178170948337 -0.439255447750172 -0.0363467456673292 -0.115007715852081
-0.107344288106978 -0.426332276037359 -0.0105462697686492 -0.045111338354276
-0.372640533587629 -0.184632463798412 0.0376224118186062 -0.0826354086973922
-0.388724088005856 0.196828694738932 0.00348444431585295 -0.0796677968265061
-0.151670330203443 0.340232317463274 -0.00365081543476418 -0.0547816931351243
0.0498505500962286 0.324791584719128 -0.0242326301978697 -0.0621301608871974
0.216782278825037 0.253544049447325 -0.0179928185901599 -0.0514963881892927
0.259061150892022 0.210188507682379 -0.0192508970565527 -0.0588932712810209
0.250448861958166 0.24241545173123 -0.0156742243065081 -0.0545478075966774
0.099486266198227 0.351326483909336 0.0190314061984966 -0.0467897106542165
-0.108556496809403 0.365756118891098 0.0429811931871347 -0.0104717767398523
-0.400521438726403 0.288944268742888 -0.0353983336765941 0.0308237781072564
-0.463652062033586 -0.135133784727045 -0.128690270838312 -0.055957434307214
-0.170463564876036 -0.472328825522851 -0.105838589123784 -0.137933357364481
0.0883959295744209 -0.540833489038521 0.0330500711966869 -0.166571436946493
0.0852276542109661 -0.475694952323989 -0.0931524423782813 0.0579666697917133
-0.154318159554586 -0.459473695432742 0.0153060954739245 0.073499750777114
-0.419637630676742 -0.182427843549956 0.0503510967819141 -0.068371758219926
-0.409170916772213 0.223714299782833 -0.0235749414817221 -0.0681915456512437
-0.158444581214626 0.359743959329496 -0.0387668525571475 0.0182702316263817
0.0448663560155829 0.342407349772819 -0.00553162359981702 0.050432431633691
0.21194970138554 0.269145908407936 0.056144395133907 0.0537612844625947
0.25103515771597 0.217958582685196 0.0772545917049231 0.0296284439444359
0.239356836158749 0.24489336089564 0.073124335176908 0.037879536030088
0.0892319738601774 0.347392709199418 0.0713944905261025 0.0535482703520413
-0.110387756365534 0.356515628086752 0.0491435284287952 0.075666756699863
-0.379751677663111 0.282860432868515 -0.0428383956483411 0.0800089379783824
-0.448948311468244 -0.109133000362528 -0.121858686897847 -0.0158452283502221
-0.191800503434322 -0.446663733430309 -0.0789257867022985 -0.0397486777037557
0.054851283920387 -0.549038944842237 -0.0116106845118845 0.0233996905635781
0.0477800486633667 -0.438563543488746 -0.149205021885779 0.241767028040195
-0.172945684123864 -0.407501998476806 0.0392207215373936 0.20552068372812
-0.389059802751232 -0.14529883321509 0.0609534985064031 -0.0324980751524705
-0.350751365625411 0.206205881655906 -0.0441651860926491 -0.0403272226613762
-0.134632599940389 0.312364451873088 -0.0652747191199822 0.0923149479520921
0.0347745881648456 0.299566261870957 0.0155694085090136 0.158365125129125
0.175676026480087 0.239776958111146 0.12342534161183 0.153475455643327
0.205801604417868 0.190752113873609 0.162425881389062 0.11401023131139
0.190091317725742 0.213341885645463 0.147611036647621 0.122100129460294
0.0583929595874208 0.289940407741481 0.1102085836559 0.142472108081049
-0.104283590253112 0.281902101810215 0.0441920116505371 0.148361245407231
-0.299960297408692 0.21257029359595 -0.0513891606587617 0.113136624982778
-0.348856007264995 -0.08252665607818 -0.107606369035617 0.0144397823736713
-0.160642245824544 -0.35080727194749 -0.0459299529108226 0.0353163933080428
0.0201393789666667 -0.468776808875516 -0.0398846147900304 0.187283721259762
0.0017856810473548 -0.32525334909845 -0.194738443746356 0.405374626213373
-0.154081854090705 -0.278509419205544 0.059055544400128 0.320987759146192
-0.276689184249751 -0.0775125965334383 0.0694050803244728 0.0152318101518472
-0.219730632100077 0.147264826923278 -0.0472400670085429 -0.0057749812703475
-0.0876057091924098 0.201960991741614 -0.0759686426050339 0.145075851466453
0.0172027394689605 0.202939421483773 0.0374650394362137 0.239055556780615
0.110411953983348 0.170852838114695 0.173718488390171 0.227848206031868
0.129455632047799 0.136698288854807 0.223221603028056 0.181810865064223
0.113659134892787 0.151734782482227 0.196448684282658 0.189835717066891
0.0196576917028802 0.194787856444793 0.122758648176705 0.209120038174822
-0.0845331937217068 0.170531955386269 0.0222629896247473 0.193956354959162
-0.182909893597739 0.111662136615621 -0.0635061389279738 0.121820755088812
-0.203184573402927 -0.0497652411392598 -0.0908829165357943 0.0298867855737404
-0.108199173255106 -0.213744882405241 -0.0173002868097476 0.0792201714377037
-0.014589080645213 -0.324794840105098 -0.0539910213581471 0.300922591396666
-0.0440516506541762 -0.154247884049541 -0.218277925044984 0.515627995909465
-0.104817985067109 -0.100615501500532 0.0781339335147769 0.40144133475644
-0.116920623508764 0.00230442543615662 0.0843724001758751 0.0616031558456557
-0.0542658666607123 0.0623234422581566 -0.0309963853488195 0.0203715708218672
-0.0304838874052449 0.0587579420849084 -0.0707273106074582 0.163792321157094
-0.0065644994814107 0.0734919912930895 0.0529608490186288 0.274670261793005
0.0247721348330763 0.0751682329607361 0.198496065000774 0.26530271802198
0.0327212254963698 0.0605377258060176 0.251604795383564 0.22158137148682
0.0252806318192979 0.0694463447754816 0.213269769577384 0.23150102765258
-0.0133494179594595 0.0792120654764338 0.112244270113269 0.246201151329019
-0.0474904449886477 0.0518935022147759 -0.0100435407393797 0.211346604337743
-0.0513452316036484 0.0211655398996814 -0.075168249820993 0.111817657118992
-0.0608159465095795 -0.00422693143306739 -0.0723310777202347 0.036528086732133
-0.0619760159334759 -0.0623712837616075 0.00255628297718942 0.0962247320210331
-0.0514008806164184 -0.149384257927263 -0.0526969610985918 0.353877557161282
0.0723993729398747 -0.0513051265557615 0.0247419421865655 -0.370500451515349
0.0311740660615037 -0.0898263798429869 -0.0688587791937 -0.169780328238946
-0.0656513553601714 -0.0589509281687188 0.0383694535679151 -0.0322688804957822
-0.0855959042301414 0.0443849920367017 0.0756981250413391 -0.0731754595368016
-0.0096692540124845 0.0747508984675516 0.0501338963192788 -0.193558059370655
0.0380510283864517 0.0498435472733532 -0.0817174985632033 -0.265494470974554
0.0680835902543331 0.0226325982751316 -0.197130952807918 -0.242688628179552
0.073430753846048 0.0228117838490748 -0.249008588410363 -0.222713194688196
0.0697640446494619 0.031923844004488 -0.215485674777639 -0.245862335730484
0.03654151307464 0.0623763904586957 -0.0934392960338899 -0.257483944270629
-0.014594174495699 0.073936415036204 0.0314334685020934 -0.180624028758382
-0.0973310935766433 0.0455193201649915 0.00948240906545912 -0.0614022985302334
-0.0691667014953533 -0.0739598683759713 -0.0787628070631492 -0.0994499027333643
0.0574863183710753 -0.0919262400714945 -0.0720263840594721 -0.333919722357381
0.0950790321313564 -0.0273530787036005 0.212296861726356 -0.560868481108504
0.0913114764803248 -0.209888866676254 0.0240751901273113 -0.339630138625325
-0.0110352208066579 -0.219388040783928 -0.0560232474399323 -0.167377745497738
-0.176317270857065 -0.108877110449144 0.0253985931868305 -0.0553881345027558
-0.201889900251456 0.102690411128355 0.0528766339993834 -0.0699152271835572
-0.0609483167320989 0.182977576032445 0.0475267822917898 -0.159763474425551
0.052252628152367 0.162599268754477 -0.0621241718027745 -0.226374159627759
0.144588927089864 0.116562239352592 -0.156407451886888 -0.211783811763343
0.166222682751496 0.102434994160015 -0.199693614576206 -0.195070321812645
0.161261008463342 0.128044425038522 -0.176367921042401 -0.209078599262045
0.068423918153275 0.199193787037208 -0.0729949144693263 -0.218543095446746
-0.0619937303472583 0.207834192181062 0.0325516275994405 -0.151850565779546
-0.245600871528944 0.145900021239026 -0.00744325729359826 -0.0460405557678369
-0.242039764099674 -0.125324771420198 -0.107474500175473 -0.103852100481227
-0.0201830936909539 -0.280824541831636 -0.101427461592105 -0.304522538135171
0.117524818300108 -0.255987137534268 0.151240047053072 -0.492152570868941
0.101055164619395 -0.348689730704823 0.00156121567566381 -0.254241986921935
-0.0606288668019239 -0.339600186273349 -0.0371435078409688 -0.129149256762362
-0.28363682247704 -0.152535068085162 0.0249418803040877 -0.0775695017449939
-0.308060052812293 0.15825865932613 0.0271153929902773 -0.0768066066101166
-0.110280045397784 0.279532549497632 0.0266375400975675 -0.115739638056054
0.0580409240030094 0.261533518383905 -0.0447746009922262 -0.157695994404207
0.199282997997375 0.198152086585772 -0.0950718377807074 -0.1451731664019
0.235303493171031 0.166707904173425 -0.119969925720538 -0.137829796726023
0.229898447432385 0.199736302585645 -0.106680689624736 -0.141800527346282
0.0966534966060609 0.302548166779762 -0.034175028842695 -0.145138043999012
-0.0901421730958202 0.316571315580382 0.0366443773466968 -0.0939819551461328
-0.351659010445926 0.24239630284879 -0.0220467132230819 -0.0123590018430366
-0.390636235445775 -0.141215254460443 -0.128759229643607 -0.0849557680574302
-0.112060443168814 -0.417289336579881 -0.118101996387075 -0.233349280246298
0.110773414205969 -0.442437367532208 0.0863316658014023 -0.355176439915093
0.0975151615752818 -0.448119441444809 -0.0410965620900216 -0.116403895458743
-0.117104319905558 -0.431617376881539 -0.0120893972258595 -0.0472308847419552
-0.379387578875595 -0.177143477637417 0.0347770308398402 -0.0867208129823323
-0.387201111972567 0.209188319381098 -0.000596384636931381 -0.0813235522491684
-0.142715042015833 0.352276392081351 -0.00556876384174549 -0.056282474833191
0.0591231729312689 0.329959942357809 -0.0269167041099897 -0.0610203374591127
0.227407614091802 0.252162666397666 -0.0209389915357719 -0.0532037016533666
0.268001849895222 0.205043790167854 -0.0212175633842859 -0.0594998805276965
0.262149546304782 0.238824087941105 -0.0175639573837183 -0.0559810496541733
0.111636098563622 0.35664700655434 0.0193187049086525 -0.0497342944580316
-0.101791671094022 0.376158560806255 0.0445347798205951 -0.0135724535664315
-0.399726041064228 0.304981381421055 -0.031311748048822 0.0355644889419383
-0.472970649908016 -0.126122340823018 -0.134552747255144 -0.0484619035685518
-0.182071050748132 -0.477859148126223 -0.111214830544987 -0.13587807934396
0.0811448507680708 -0.547305357055043 0.030217201733 -0.16931562362676
0.0754107284973753 -0.484072402158997 -0.0941706777341564 0.0594072146961366
-0.166387172706391 -0.462303291417446 0.0167746450282587 0.0722265453323423
-0.428659265916762 -0.174176732512055 0.0487796226060593 -0.0728976090230498
-0.406553257247324 0.237492740515301 -0.0285783060826339 -0.0701766926999809
-0.148764383176193 0.372480572351298 -0.0394750949098374 0.0187637935076968
0.0548960828417841 0.348335395919519 -0.00556074588140658 0.0532702853282876
0.223047496512012 0.267795481414461 0.0574413764599469 0.052215352458612
0.26025601795368 0.212744248040988 0.0794470729313237 0.0272708927002027
0.250680683604606 0.241661301964008 0.0757105499209146 0.0346238628890037
0.100632744448022 0.352394924323171 0.0758929704885148 0.0510151605253603
-0.102658099458996 0.36610788823429 0.052427153327443 0.073313720548599
-0.377543549761461 0.29897611481625 -0.0373679990643609 0.084084444585919
-0.456204658639237 -0.101341777827229 -0.12648381975844 -0.0083515386880929
-0.20420452850546 -0.450496481245263 -0.0822002225802393 -0.0361290270299086
0.0463553453031444 -0.555417594727097 -0.00982236109734819 0.0247510798197089
0.0388042878985365 -0.445117667649693 -0.146910910417458 0.246480536379376
-0.184181780280059 -0.410533859693179 0.0457183463355316 0.20528343087475
-0.396169673870508 -0.135808268926644 0.0600139531190489 -0.0372074793202376
-0.348018982701098 0.218459107657447 -0.0483468703496312 -0.0424394798809868
-0.127379893198368 0.321248872637911 -0.0651124254943939 0.0940403313924801
0.0437293848578708 0.304965096242645 0.0189409051351605 0.163187230505958
0.184869721034203 0.239381898791363 0.128852463247129 0.151832371825997
0.212375637181303 0.187703336652093 0.168321363142582 0.110998487368332
0.199248030345191 0.210929607469266 0.153596995706646 0.119622380262476
0.0672580756434661 0.295156823612402 0.117088255527056 0.140818447767942
-0.0987475862678169 0.289498336670377 0.0487817533636337 0.147532005310537
-0.297897126020277 0.22567873086803 -0.0449661085702923 0.117086718610625
-0.354649800554937 -0.0751354501719224 -0.110210044184728 0.0213229483965537
-0.170670731275777 -0.353782845259431 -0.0474794380233216 0.0401490821278522
0.0105866163420537 -0.473502614083982 -0.0333770696689923 0.191793452479474
-0.00711930332463496 -0.328397951433944 -0.188377270203757 0.412294495186302
-0.162861293566073 -0.278221644707123 0.0693996403011611 0.322933681002493
-0.280922841753731 -0.0695696956339011 0.0700314487245363 0.0114860353516824
-0.21717259565089 0.155701172531327 -0.0513151387556826 -0.00718634569464033
-0.0832728237736728 0.207460847779363 -0.075243687125941 0.148195057288576
0.0231106760665767 0.207083954261385 0.0423482282941748 0.244149714268618
0.116904661666107 0.171429434713051 0.182199348046474 0.227002378933832
0.133113383882251 0.133882387678173 0.232691075359946 0.178406816864722
0.119817835556195 0.150699952355418 0.206287501992178 0.186363224056542
0.0253635519839299 0.197970385734392 0.132544955389817 0.208091824877122
-0.0806135939295626 0.175575226140608 0.0274964084064052 0.195021036772723
-0.180399629614931 0.11846794293187 -0.0577005436739152 0.12561000201457
-0.206127199767084 -0.0455471216236814 -0.0912537594948477 0.0360286410094222
-0.114020680868104 -0.21323884483165 -0.0166525081751536 0.083401600070906
-0.0213083399838248 -0.327076694611141 -0.0447272318288911 0.306624143141968
-0.0500338886707536 -0.154656979441879 -0.209396592899295 0.526688952839672
-0.109074023411002 -0.0982217443113434 0.0914172178448937 0.402746912157532
-0.116615776678342 0.00762400348632017 0.086538734616925 0.0586553221726822
-0.0514465285334485 0.0641501099364129 -0.0331158945925476 0.0183108033131906
-0.0295513805196642 0.0603326767283211 -0.0699785964175718 0.167490312336453
-0.00447599654499685 0.0753386639965822 0.059630483526985 0.279596826775853
0.0269505462059618 0.0755402989914719 0.209078640724432 0.264784601105956
0.0331042543981523 0.0603326370198907 0.262801612575942 0.217579649417712
0.026377896486048 0.0686351241826372 0.223968297794547 0.229226061695559
-0.0116427496613779 0.080733594069521 0.122513006386738 0.246559120784183
-0.0463931043724252 0.0531708318926734 -0.00452951821717502 0.213427621738417
-0.0497483964421607 0.0220939742755683 -0.0699423675838607 0.114269903399543
-0.0596603697976089 -0.00143650112446614 -0.0710593064655065 0.0401506409826281
-0.0639455704833836 -0.0601969813050028 0.00411099495085957 0.100326857936722
-0.0570009662933607 -0.149664377097133 -0.0412798967463439 0.360839636170728
0.0713326705245556 -0.0563730367670659 0.00550601537729726 -0.371209532065371
0.0262435638182504 -0.0948791182900665 -0.0786875529560624 -0.16865888030692
-0.0714554310177415 -0.0565595496611982 0.0358416474393967 -0.0354669317468645
-0.0841884413122873 0.0503562292309665 0.0710059878949209 -0.0760145151332736
-0.00435649034484376 0.0765558007124075 0.0400005477990984 -0.196707381153644
0.0410296054697245 0.0481319304904276 -0.0965405427753399 -0.262505763851679
0.0708902268446237 0.0190186542738729 -0.211756767735805 -0.23468253570926
0.0764244086051142 0.0182897496208731 -0.262223838481478 -0.21022961721304
0.0728878092756287 0.028903150429615 -0.230366754583264 -0.236195086618594
0.0399067940015384 0.0614798935004294 -0.106941808252605 -0.255893209329298
-0.0119364309624146 0.0756195808278945 0.0251407628217151 -0.183555681236323
-0.0967334210526513 0.0513187587905286 0.00820741701591327 -0.0592117121042317
-0.0733379647679183 -0.0720147793322215 -0.0841604665776766 -0.0929117635950544
0.05348930310799 -0.0978836217830382 -0.0896366659866677 -0.332112838178825
0.0960946739677725 -0.032278335684529 0.182434493382125 -0.573316234748497
0.0820621811185048 -0.215532194101049 0.00707810637013603 -0.34021599569324
-0.0215037684030744 -0.222365509196272 -0.065933830717586 -0.166802628000087
-0.183301225826804 -0.100305639089934 0.0214293088088452 -0.0585820455280469
-0.197046861642056 0.115123651871688 0.0478651538250502 -0.071918197725662
-0.0502289958598057 0.188058211297686 0.0389780319312192 -0.162618789002543
0.0614336131280663 0.161133628877001 -0.0743008076626985 -0.22424353257854
0.152404557567883 0.109181506028148 -0.168853496906163 -0.205313974952354
0.172916596222573 0.0928781529779999 -0.2115437881181 -0.185158910354339
0.170126925603329 0.120065260633256 -0.18849095539813 -0.201531532625724
0.0796595438364835 0.197577840284397 -0.084632047976005 -0.217682004780866
-0.0525585658016995 0.212966046874924 0.0273566306993475 -0.155203773318945
-0.239315130879609 0.160377598585635 -0.00678668264614522 -0.04295691767017
-0.249923718834286 -0.115381353165979 -0.11424730279472 -0.0942693837672519
-0.0339924938678308 -0.282460489545122 -0.117579076654462 -0.300321369895504
0.107937164560435 -0.261488495533877 0.125803355807435 -0.502341885990819
0.086097379848785 -0.353699482286605 -0.012116187892368 -0.254658104092164
-0.0769977827842746 -0.340163748758254 -0.0450127307484026 -0.129088974947531
-0.291527697605508 -0.1388410221289 0.0196721726578046 -0.0810510809328121
-0.299465983941644 0.175838943349575 0.0210077304920621 -0.0784718590096495
-0.0945293636045873 0.287362980759699 0.0205662928072869 -0.118595045621058
0.0730683985557337 0.261158302836061 -0.053252072216529 -0.154901687291768
0.212074055723643 0.18752445958186 -0.104417477601593 -0.141930968263379
0.244728502199964 0.153404672677929 -0.128167761406229 -0.131953778035012
0.242821704672888 0.187780332288937 -0.11534928950525 -0.137549252505245
0.113940259754136 0.301452902821035 -0.0405430693723465 -0.146412200183348
-0.0751973389215622 0.323386728950551 0.0331839598082596 -0.0975901110228244
-0.339883493293509 0.263208276915179 -0.0189479146413612 -0.00889895968237122
-0.398384353903263 -0.124143019083899 -0.135241804847881 -0.0731457488366966
-0.132746580477561 -0.416495579206917 -0.131114043123612 -0.227352734047956
0.0922865839453824 -0.447097924919182 0.0683878036677101 -0.36074078078389
0.0758257200853858 -0.452189169459299 -0.048041452353699 -0.115507302788044
-0.138658632164894 -0.429815234722553 -0.0152029557464459 -0.0483783751669379
-0.38825423876542 -0.158594671202621 0.0291584935046192 -0.0915643611778542
-0.374557754768204 0.231093887849184 -0.00738721413600581 -0.0821483234411508
-0.124140373608376 0.361724215013872 -0.00911738918056541 -0.0576974688988363
0.0769299445211162 0.329976454552328 -0.0305217503181302 -0.0584082637831402
0.242813475503505 0.241611981401851 -0.0253644619655118 -0.0528404832247663
0.279239537068952 0.190185348962172 -0.0245430060350695 -0.0592180798078972
0.277286780811782 0.224775033388688 -0.0206519400472666 -0.0562920541334957
0.131332968305872 0.354590496719514 0.0183461038054645 -0.0535002378133074
-0.0822351524514376 0.384098057947728 0.0452986749978934 -0.0181794902897886
-0.383326075952813 0.32914811725536 -0.0249089998809385 0.0386015241006169
-0.480921138362186 -0.105459743867909 -0.139334404897931 -0.0357024980095799
-0.207390142451073 -0.472702256519785 -0.119204061705157 -0.129220315792122
0.0577826816247656 -0.551435419209061 0.0228253630327874 -0.171430122173453
0.0520843792805143 -0.488274135919842 -0.0923188634649435 0.0623642338185155
-0.188033029953002 -0.456658504124648 0.0204340326738558 0.0695813722810396
-0.43561373809712 -0.152677313578122 0.0440513303703252 -0.0787456818992057
-0.393432708137534 0.259888769250905 -0.0347480985915957 -0.0706505940973195
-0.12943582984 0.382036183315421 -0.039857032966093 0.0187074983739168
0.0729426667871814 0.348948606558958 -0.00325483649633096 0.0560669380335513
0.238463607822034 0.25761637361138 0.0592463831236245 0.0489635096435676
0.271084716551325 0.197998869631675 0.0820583872617373 0.0224394048448808
0.265321764482881 0.227761957529846 0.0777020571877987 0.0298691111536404
0.121377959541126 0.350670268250998 0.080464192774731 0.0449179161479498
-0.0848230977595963 0.373329434676623 0.0566875999119212 0.0690314274751825
-0.361409746189862 0.321357558336733 -0.0275145752298732 0.0870138325236418
-0.463949684600143 -0.0798588558578934 -0.128750291175203 0.00369550558361807
-0.225749862786552 -0.443248351413705 -0.0855684408594465 -0.0303216769346503
0.021726032864558 -0.55620263279691 -0.00652530742097211 0.0251751419138657
0.0168023067640821 -0.44697238483198 -0.136880914903332 0.251545857185454
-0.205097892867085 -0.402378035161237 0.05627759330035 0.20185755272282
-0.401472398215633 -0.115119596115355 0.0573246613831898 -0.0436091719397308
-0.333579427196692 0.237290844279149 -0.0538993118587256 -0.0420079548949382
-0.110063627202576 0.330528597984596 -0.0624662373562118 0.0956977225763187
0.0596774558396011 0.305449606747911 0.0266098251768426 0.165273887124404
0.198139002580465 0.231409084710253 0.136755027059699 0.146362934617614
0.221843899307104 0.175937920061641 0.175912307896575 0.10164619129414
0.210951042167517 0.199703642568827 0.161703504017166 0.110421713756639
0.0838257202267291 0.294496466393579 0.127029159031871 0.133533999220881
-0.0836184853498372 0.296595552422125 0.0567493154731552 0.143658452692758
-0.285209640987617 0.242682691861914 -0.0344375101012427 0.119508474222083
-0.357863833831942 -0.0589757128771042 -0.109926667395073 0.0319338094071275
-0.186305423632138 -0.346550834561529 -0.0464085799622917 0.0446332708562224
-0.00943733362599848 -0.471860715504622 -0.0218907653231439 0.193862105252629
-0.0242423700152557 -0.328622084490892 -0.170726485627903 0.41968399951508
-0.177065643776323 -0.270313031703193 0.0875194337379676 0.318693858793182
-0.283260095838672 -0.0536979832117612 0.070447722789471 0.00546009709545102
-0.206666921217918 0.167189631737456 -0.0545735248664302 -0.00800390949287751
-0.0723829151068409 0.213438594854323 -0.0700223338294429 0.151110531434713
0.0343517254298455 0.207915580141792 0.0542258675771291 0.246077372873614
0.126408528951401 0.165815956420661 0.194228700798649 0.21884970852001
0.138979550808838 0.127334626987326 0.244177947089495 0.165606462149673
0.127438787954696 0.143814690978193 0.217699648989396 0.175305325018547
0.0365475750950926 0.198944823541509 0.145489913958624 0.200679459135453
-0.071984328246733 0.180609298893323 0.0381797994872947 0.192516781368567
-0.173552415471175 0.128561831801268 -0.0475182192289854 0.128092672222668
-0.207347529461614 -0.0346141203536405 -0.0899916780575925 0.0433510208172024
-0.123102864709222 -0.208029945894301 -0.0139543801001322 0.0867632681554517
-0.0378553287724414 -0.325691227525798 -0.0267232834130287 0.309375465730281
-0.0588213586683046 -0.151878650458026 -0.184775478462809 0.534816412081817
-0.114609136742598 -0.0914797420432953 0.113202445157614 0.399324022926487
-0.114818507789989 0.0153073504065394 0.088845287175707 0.0521869518774058
-0.0466010253201105 0.0668413396232033 -0.0346883237051062 0.0171509729685091
-0.0267365626913236 0.0622213550853338 -0.0645597309603723 0.171907794410629
-0.000385334579790671 0.0764665242145913 0.0739570601345636 0.280608186541888
0.0308003280046407 0.0743848661293511 0.225138163522283 0.255749227664364
0.0348641877865164 0.0586673076132183 0.277479739678973 0.203312921255227
0.0286221031911199 0.0667003139081455 0.239277851100799 0.217193484815461
-0.00726944421775277 0.0811836959479427 0.137291992637141 0.240812880705345
-0.0433242046439324 0.0551282943573109 0.0076517796381165 0.213584839719461
-0.0469487039453517 0.0234957073894204 -0.0611850242113916 0.116779103111562
-0.0584344018978359 0.00283299746322408 -0.0676083977538413 0.0449928150770183
-0.0654434553525076 -0.0557982375422392 0.00776397501925495 0.102556928407813
-0.0656834672506897 -0.145815531912553 -0.0202151867484005 0.363490894032327
0.0669804290913164 -0.0599190684225764 -0.0142461649913809 -0.36001983282863
0.0199056894927717 -0.0967574190665707 -0.0872039774036298 -0.161572063816088
-0.0753124337941064 -0.0509422770814441 0.0312218972070549 -0.0387741905775188
-0.0809726479791542 0.0554754089763665 0.0628202559375392 -0.0771004692987096
0.0016400343259566 0.0757433767274441 0.0271524183173793 -0.193292680921369
0.0435034696156658 0.0451097030461138 -0.109657707068627 -0.250759967092118
0.071472062492069 0.013948528744874 -0.220727682220747 -0.21751324209868
0.0768994015166854 0.0127384185393599 -0.269340902500455 -0.189981431957021
0.0742874405756002 0.0242697462556433 -0.238780463706552 -0.217888126876782
0.0428864571142224 0.0590188204783774 -0.117919527856133 -0.245905288689745
-0.00818422494490305 0.0760175551824859 0.0174831571303177 -0.181807989206831
-0.0918422948291839 0.0569989875195131 0.00737596289265759 -0.055791631890952
-0.0763711336843858 -0.0676073014019105 -0.0864123029470582 -0.0824638932552853
0.0467195725087254 -0.0996306457090487 -0.105790026309597 -0.318613790456058
0.0943206454983088 -0.0362661023627455 0.145943244715576 -0.567933936244485
0.0687658131727205 -0.214603090189618 -0.0118706404399979 -0.330476699184086
-0.0332171109190587 -0.218720733285913 -0.0744455246472069 -0.160009829281917
-0.184855877798594 -0.0874257028242678 0.0165752038293515 -0.0599871919293933
-0.1849649030653 0.124876216478543 0.0406363993031904 -0.0720025829234522
-0.0368087327667125 0.187322137752664 0.0277808743108658 -0.161164814771316
0.069933857036263 0.155120001015323 -0.0858434702657043 -0.214488706551674
0.156308563010628 0.0976007235894202 -0.177266464144837 -0.191206372435778
0.175386862725315 0.0800871503459636 -0.217823787062897 -0.168786151578674
0.174085171258016 0.107758439427075 -0.195942910959061 -0.186963114160748
0.0896107013673077 0.190124428909773 -0.0938797098360427 -0.210459722100559
-0.0405769927882805 0.211830633829748 0.0201257198916263 -0.154378731321928
-0.224279359344503 0.171306245701021 -0.00562940210289051 -0.0389503158619144
-0.250833184950837 -0.100514801461244 -0.116890738923731 -0.0811874530120798
-0.0480125988958305 -0.276394306329261 -0.131056464252896 -0.285625154244781
0.0941913297744822 -0.259645664228241 0.09494363899801 -0.496061746906214
0.0654263851940937 -0.348217971411677 -0.026742270275682 -0.246978946049464
-0.0923358442935303 -0.32978961815382 -0.0514821765055577 -0.125005210465254
-0.290779808644141 -0.11871422871116 0.0134998946191516 -0.0826441725150706
-0.280591491627007 0.188723473684553 0.0137959874817347 -0.0773957412043519
-0.0741165538947343 0.286971309904496 0.0122290429672736 -0.11791773875253
0.0862585852644117 0.252646966405222 -0.0608553547111971 -0.147941340276379
0.2178684299198 0.171426934703114 -0.110941887505049 -0.133269466994844
0.248116415971567 0.134692891607223 -0.13229629288976 -0.121801997688305
0.249450840333359 0.168446867555807 -0.121012516833733 -0.128372280640576
0.130641597349198 0.289444726369363 -0.0472196636430993 -0.143644278936207
-0.0550518500840484 0.321383910504947 0.0276321592226219 -0.0994898481731038
-0.316428475637734 0.278010618328449 -0.0143760872536305 -0.00620601452977241
-0.396428876228549 -0.100823129496448 -0.136192415705193 -0.0578554929285443
-0.150683424993599 -0.400687570437522 -0.140605437939355 -0.214041043287509
0.0703248733839334 -0.439318022196865 0.0478937509489634 -0.353739338358109
0.0510429291408468 -0.442703979375613 -0.0539883680805454 -0.110435236024994
-0.156212649614572 -0.41285303392448 -0.0179801150925062 -0.0482376912438223
-0.384765675253784 -0.132261947601504 0.0221667801419713 -0.0937092495808357
-0.349522533996576 0.246734493661895 -0.0147059127128828 -0.0805259276673985
-0.0996175798873483 0.361658015379287 -0.0137447220167894 -0.0581903878507116
0.0939906663951022 0.319991749260274 -0.0331338094874447 -0.0539922927887681
0.251349534652308 0.221896826927741 -0.0283320026626594 -0.0505718538950206
0.282925499288334 0.168608425591405 -0.0271491052438999 -0.0568712026313949
0.283980843652411 0.202768731301022 -0.0230795901590209 -0.0545074729677992
0.150645773439175 0.340299382813761 0.0157879108610366 -0.0567514014245703
-0.0597458898782239 0.381622319764082 0.043313783756666 -0.022189892482278
-0.355268937716702 0.345294094604213 -0.0168944217479569 0.0395750261476215
-0.474824687536486 -0.077519565564064 -0.138091025021776 -0.0213832213631151
-0.22643227438056 -0.451039194731933 -0.124054244160219 -0.117584340474867
0.0292309276124333 -0.537167737569281 0.014348580920842 -0.168486621605025
0.0237686556270539 -0.476010291380974 -0.0886665794748049 0.0643397867152729
-0.206429456037623 -0.437131752422406 0.0238096402306219 0.0648676854441686
-0.430564126253211 -0.124266537320384 0.0373988501971029 -0.0824007998826431
-0.366410472039588 0.275306723868881 -0.0414239778448786 -0.0684332294482699
-0.104139908141483 0.38134402595395 -0.0399869741231247 0.0176458654597016
0.0912712806398083 0.339221741810309 -0.000700371256646375 0.0569741355981956
0.248253674078799 0.238136389248372 0.0602747241043911 0.0445363359240558
0.274943470942379 0.176875095044631 0.0821342986588974 0.0164165995708981
0.272172406097527 0.205728656224522 0.0785925315197721 0.0240357016141179
0.139964979747921 0.337711827446887 0.0822250191753475 0.0360125252415828
-0.0614013736548259 0.372469523163126 0.0595574257587142 0.0621252343414611
-0.334063888446605 0.334599298476952 -0.017061999512294 0.0863638267033124
-0.456093254880201 -0.0534419919147201 -0.12500404665298 0.0163078009407227
-0.242606304924111 -0.421853958463258 -0.0864044789458658 -0.0223007858063042
-0.00592514744158661 -0.540086217932012 -0.00298225283841767 0.0240812469828525
-0.0079961215672319 -0.433386892088984 -0.122151428031288 0.250447743676247
-0.219353542290155 -0.381798871273219 0.0665171399737481 0.191895961993572
-0.39485896546477 -0.0899147843729069 0.0525876274541462 -0.0486555378745884
-0.310159288266359 0.250707218528474 -0.0585468941356723 -0.0405456818592882
-0.0878551005976174 0.329474591714529 -0.0576725151270928 0.0947785736576922
0.0763750853146165 0.296567536023181 0.0353216962985902 0.162385166465616
0.206912830787851 0.215307652434588 0.141317338166379 0.1344867203989
0.225144177726137 0.159058978534314 0.178782914819478 0.0878883234209302
0.217033274866558 0.18139205727394 0.165039917966816 0.0976547530121433
0.10050513582465 0.2842155531631 0.132482279088467 0.120560013872918
-0.0650541982676555 0.29555685711744 0.0636132183259124 0.135509732731811
-0.262349208542956 0.253149152293784 -0.0228167133399563 0.117600375494961
-0.352161567298106 -0.0387042249423318 -0.104995727137421 0.0414821366365337
-0.198378288728892 -0.32890918553373 -0.0445914413264541 0.0490108168348743
-0.0332920291132558 -0.458656423867294 -0.00824823633926451 0.189157392208227
-0.042547564935555 -0.317212039384154 -0.144995789794771 0.415186493867848
-0.187405343315516 -0.254014039241257 0.102474734378713 0.303987301150596
-0.275891620959988 -0.0358161451925306 0.0672883373240891 -0.00140388552062197
-0.189538755735952 0.173933858213124 -0.0572265410758946 -0.00711227405388321
-0.0581128364808813 0.212929250100283 -0.0626316627777123 0.150346353758785
0.0460160151207786 0.202265215484249 0.0671092540478566 0.239961303964759
0.132741153087064 0.155770237015017 0.202950565460813 0.203422237675118
0.141525263202581 0.116502191119869 0.249683144608963 0.146402765064703
0.131117113424259 0.131365174074437 0.223598125931834 0.158497859029525
0.0478679789857572 0.192061996333047 0.15454152731195 0.186124637186661
-0.0598112615958462 0.180299919412274 0.0486314918044589 0.18442251320739
-0.159821124324579 0.134440735477367 -0.0357121660963774 0.125934940394509
-0.202426356116148 -0.0223836754058313 -0.0843729668417887 0.0498104252514649
-0.130082127732391 -0.195904979978193 -0.009970028555569 0.0884481457105395
-0.0539469530660335 -0.312467847851636 -0.00592785715355167 0.302001028902874
-0.0674293520305593 -0.143416318019462 -0.153700139336062 0.529179283326678
-0.116696602839593 -0.081422082692816 0.133183521208615 0.380388336976727
-0.108937012767389 0.0220319057428139 0.0885649713014793 0.0439880620631201
-0.0395511696099635 0.0664238748059506 -0.0359690976199207 0.0165252097113828
-0.0228904411036312 0.0629211641879748 -0.0566528008724099 0.170770159316902
0.00419662103488371 0.0751846550925475 0.087898481610137 0.272309282444921
0.0335788011327509 0.0714161413657647 0.234040559056871 0.237842190486432
0.035450865662437 0.0559634306576485 0.283589044845465 0.182091676839045
0.0295556737160797 0.0630580959468142 0.247083019940334 0.197205497794731
-0.00277059572439435 0.0791584357892529 0.14916816544486 0.226226902893493
-0.0390524277605952 0.0556339416884629 0.0194026585491802 0.206563024716057
-0.0432036382294447 0.0239936854651914 -0.0510340260452272 0.116248182877329
-0.0545786554839524 0.00733031426944132 -0.0623595715286455 0.0484841390453177
-0.0653931816375032 -0.0494253023622599 0.0127087779657837 0.102547152451128
-0.0733530117216212 -0.137020289658246 0.00280704841279765 0.353701404394565
0.0624223649433433 -0.0606832566848565 -0.0252435984094731 -0.34171966352952
0.0147899819023235 -0.0955846143464446 -0.0902503929759156 -0.152197601466854
-0.0757420850934616 -0.0453171632308634 0.0269833783625208 -0.0399050034340686
-0.0756845513477886 0.0585987816739253 0.0555658886387186 -0.0746632335259634
0.00573799578255465 0.0727786930960138 0.0172793035344808 -0.184686913136837
0.0440536042704484 0.0413894430158675 -0.115648702396348 -0.236712870609786
0.0699769492125423 0.0100212430719976 -0.22064869713698 -0.201114203081992
0.0751850442043129 0.00860196532867901 -0.264809114128477 -0.171128834404081
0.07365330621401 0.0209265487977787 -0.237323820907547 -0.200552945140991
0.0434124959552731 0.0561487367970604 -0.121767144319012 -0.233352960089434
-0.00569875112283585 0.0739377320506296 0.0130656688648853 -0.176649073878502
-0.0866082385524089 0.0585138678147612 0.00812244623039621 -0.0512425283603235
-0.076644158301604 -0.0628276157082364 -0.0838158696133212 -0.0731027570663175
0.041843440029131 -0.0983975815139721 -0.11224323257703 -0.300459693018471
0.0915441742086095 -0.0385300252820495 0.118653696536623 -0.548518036368312
0.059444794019773 -0.206723140843685 -0.0223635333005381 -0.313465134577912
-0.0393088714283935 -0.209832461808659 -0.0775342151449763 -0.151250647479468
-0.180710369041854 -0.0765569901048326 0.0122141858864016 -0.0601054244320266
-0.171953053146104 0.128271048117024 0.0338949260533462 -0.0694159147754268
-0.0265943848830058 0.181402546138081 0.0193474519332706 -0.154626263389467
0.0731455651964807 0.14695946502521 -0.0904177052758383 -0.202529088413406
0.154016859507445 0.0867743693468895 -0.177661707837022 -0.177161417171632
0.171394095025666 0.0687086286809178 -0.214821466603125 -0.153022903865474
0.172027799170942 0.0955575655629207 -0.195549769844102 -0.171641344953289
0.0938978236996634 0.180168512545573 -0.0972495493130777 -0.20012926352431
-0.0311496645765972 0.205877182409941 0.0155720572360721 -0.150355316915795
-0.208030054396843 0.173329310901253 -0.00268429856596287 -0.035848786136307
-0.24418530449088 -0.0885471677542472 -0.113782056334461 -0.069289003401368
-0.0536873719594067 -0.264125386430497 -0.136247531643754 -0.268090642929746
0.0846821658927757 -0.251067699252688 0.0732139130502631 -0.475753998367768
0.051108879089727 -0.332907202598864 -0.0340070286951308 -0.233661948351006
-0.0984734608398633 -0.313807631530718 -0.0538037220167511 -0.118922380508026
-0.281360600510034 -0.102582709238861 0.00820699437443277 -0.0824814736683261
-0.260867414080801 0.19229491295737 0.00783394858117735 -0.0741252288511828
-0.0589461460550926 0.27791640806982 0.0053939630090201 -0.114829917040565
0.0928201773728731 0.24036956010758 -0.0637927286756431 -0.13932639126633
0.215627297833179 0.155208674491455 -0.111636240452696 -0.123665383222717
0.242618790360245 0.118815778037365 -0.130734326384737 -0.112109543537744
0.245867540189145 0.151343290057889 -0.120320969060785 -0.118887559138363
0.13686642309768 0.273719446820827 -0.0501047606754851 -0.138553323024675
-0.0420327906236044 0.311069990250722 0.0244202925081165 -0.0977238761139066
-0.291944775508353 0.278973837048279 -0.00936445686005316 -0.0043867551744338
-0.383734092756041 -0.0841403871258207 -0.131120075651177 -0.0454341772073499
-0.156227872421915 -0.380494726079522 -0.142370130721051 -0.19764817667398
0.0556403708835024 -0.421302286159668 0.0340345219945114 -0.339239624284181
0.0336271646017053 -0.421854528368815 -0.0566899297502501 -0.104064472773056
-0.16131507299568 -0.390540321704697 -0.0192615291211475 -0.0472790353718086
-0.370322874682936 -0.112967162977934 0.0161771693740495 -0.0938956332631459
-0.324238386760429 0.249261880204428 -0.0206565154511701 -0.0771543931122831
-0.0809506267686655 0.34964220939459 -0.0178305925828258 -0.0571624250164563
0.103062358592532 0.305202965254009 -0.0338437523808698 -0.0495016651497142
0.248792130755835 0.202762533813655 -0.0293418175375422 -0.0479124440485863
0.276609597926765 0.150215979619989 -0.0273669787567915 -0.0548816233053239
0.280023524935369 0.182119932656697 -0.023768632625785 -0.0520775405879094
0.158467996128571 0.322048268136969 0.0137278079104161 -0.0579122410749718
-0.0418054195196989 0.369260569580479 0.0408843597978035 -0.0247036732176495
-0.326198128040746 0.344391697814388 -0.00958835692807266 0.0379238941366678
-0.458309538544454 -0.0588092184594694 -0.131698916723982 -0.00958019790129681
-0.230121031147586 -0.426478879950046 -0.123656254548179 -0.106050489111689
0.0146022322325507 -0.513319060920425 0.00892371718487955 -0.161448810699535
0.0078626700600283 -0.452920481538627 -0.0840904953398519 0.0628171307773172
-0.210186484082964 -0.411784113563456 0.0245484371896852 0.0590501491356972
-0.41388879283957 -0.103116207967523 0.0303552107024569 -0.0835426031383887
-0.337990840573713 0.27509931241582 -0.0460797280104814 -0.0654680627656809
-0.0845783805779802 0.369456203569681 -0.0407185531956263 0.0162878789078265
0.101656140791118 0.322593013608066 0.00194331645047572 0.0558275595681489
0.246040787742862 0.219131182376693 0.059235428788355 0.0398916608441733
0.268375485966274 0.159373554895116 0.0799206211917373 0.0112749753926788
0.267210407935431 0.185373077890579 0.0765882407508791 0.019347787989166
0.148196878888144 0.318650877591034 0.079947233134297 0.0286792047786726
-0.0461241765530965 0.359243001435922 0.0588582986663991 0.0555005874327368
-0.30596312059829 0.333313205981821 -0.00879759021367542 0.0817270456861353
-0.438771350399525 -0.0365631848801814 -0.117458760336296 0.0251828727403415
-0.244316698539244 -0.396619326617428 -0.0841443642940666 -0.0157977710728435
-0.0198620646168286 -0.51330522806237 -0.000151661786484487 0.0224955744446816
-0.021823678967031 -0.411317286156492 -0.110555902601192 0.241017652779478
-0.221901526894135 -0.358573440192811 0.0700242821630147 0.178919290053822
-0.377030863136126 -0.0720065925171041 0.0465884746612295 -0.0516932731315559
-0.284689066253583 0.24833828840465 -0.0613628060334752 -0.0383045315409905
-0.0713996065965353 0.318974132788034 -0.0553513979898768 0.090635757690083
0.0844685301813635 0.283178233102552 0.040181200956247 0.156416122526591
0.205722858535814 0.198732857613455 0.14077466198648 0.123944794481111
0.220024903856135 0.143868840065948 0.175708251123151 0.0758393533872983
0.213081836106674 0.164244533464536 0.16297576812651 0.0868245657928776
0.107797236977627 0.269073759066279 0.131711403008054 0.10781500197734
-0.0512084646061652 0.285651846947659 0.0651263649012287 0.126061449624884
-0.239984350241736 0.251623846457543 -0.0136370399232899 0.111165794498444
-0.336029175030485 -0.0245471044232853 -0.0977713071077748 0.04689700504075
-0.198585044703013 -0.307599441388423 -0.0412032796749604 0.0512356347653547
-0.0448094948212796 -0.432989667498141 0.000900720157755085 0.1799922386823
-0.051486664997788 -0.298481607593736 -0.127931344773039 0.39841918616806
-0.186512007131209 -0.23512302276112 0.108758793994164 0.284241145420679
-0.262378881228095 -0.0240000721658057 0.0625833530904196 -0.00620646660798834
-0.17219473690715 0.171680299598904 -0.0587652161026309 -0.00689818944153497
-0.0475631758775122 0.206692929797008 -0.0579267970994545 0.145282410946181
0.0518022999054165 0.193156388487516 0.0731086580460599 0.230035530691499
0.132531374999149 0.144468717363039 0.202803038961348 0.187645249990114
0.138347782098306 0.106807205427882 0.245012264895257 0.129732106124717
0.12873449452859 0.12036376193037 0.221277314935205 0.141592867767453
0.0536400033264179 0.182130461325532 0.155166741428888 0.16997853451263
-0.0501401842635274 0.175210095102791 0.0530880209430388 0.173278846723987
-0.146453841667541 0.133303647112648 -0.0265819542447255 0.11933326958978
-0.192470930772734 -0.0136837589202883 -0.0774907644582935 0.0527366554081218
-0.128537594125493 -0.182530867055177 -0.00702095627334578 0.0878834173853178
-0.0621582853419173 -0.293742474344925 0.00698036409413849 0.287570176135981
-0.0701912837239748 -0.133389335705945 -0.13221439914046 0.506712608239784
-0.114437053874142 -0.0717759171009365 0.140558663061151 0.356152137132833
-0.101494227733207 0.0255261077458746 0.084668710264271 0.0373042473297655
-0.0335117867165726 0.0633253948881292 -0.0373723790217386 0.0149561668135256
-0.0198900776150351 0.0613834187385618 -0.050479051250622 0.165586584180188
0.00681489643458182 0.0722131377552497 0.0943501414847948 0.260825536190774
0.0341593984377537 0.0680505049992471 0.234338822809864 0.220214169081985
0.0347148105937907 0.0533801345009569 0.279025483572565 0.161616558479084
0.028662130857304 0.0589390916600999 0.244833104034686 0.178459603294798
-7.90359301272043E-05 0.0749836330003223 0.15191139926149 0.209701866678423
-0.0350080348583895 0.0542862410127999 0.0275200940682586 0.195561476475707
-0.0396530907876377 0.0230588067211396 -0.0417963362436932 0.11019531116842
-0.0497168640002988 0.00981203895777727 -0.056203222412926 0.049237934623768
-0.0631662898299324 -0.0446269921984774 0.015880746254365 0.100257628594997
-0.075556793758539 -0.126313014114281 0.0168881145375276 0.335977471177943
0.0623382094720756 -0.053850766685518 -0.0064569646697908 -0.32908098363317
0.0176341637199211 -0.0921812367024032 -0.0828578843136911 -0.150665561365242
-0.0727413429552625 -0.0477509808833608 0.0234554947523599 -0.0348800728600397
-0.0762343979003894 0.0534182901643413 0.0541297926057852 -0.063834164356306
0.000776264055185196 0.0712140220728171 0.0246641981303149 -0.171909309653166
0.0396753223815885 0.0432984306803382 -0.100293324138769 -0.22821625015178
0.065720570312642 0.0100343827813144 -0.204159617552664 -0.200439675628535
0.073726281967656 0.01002034991125 -0.248883159904015 -0.170002999412534
0.0701835011956604 0.0215857597595871 -0.223811940477377 -0.19752664328403
0.0394780261326581 0.0562575292047417 -0.111018075250211 -0.227045412954923
-0.00897062881359987 0.0721063145645693 0.0181063198057956 -0.168439869967035
-0.0851821823698255 0.0534058735537451 0.00859343305605651 -0.0473342226659113
-0.0740184425461354 -0.0666467187250523 -0.0740963291008237 -0.0731724021751307
0.0428492921399838 -0.100116840215402 -0.0906397264853855 -0.289849306118325
0.0882364507799574 -0.041639537805477 0.143567422542642 -0.507882780009728
0.0695173099166154 -0.194807040643733 -0.0118548131493129 -0.304620600101896
-0.0263318429497605 -0.205702611739039 -0.0741747397049882 -0.146909442627115
-0.171176652982762 -0.0839205700570408 0.00888749433599829 -0.0511508321618572
-0.170157316555275 0.114723897811352 0.0325731144900041 -0.054933853092706
-0.0353398040714695 0.17339487750457 0.0281492541890524 -0.140472568412457
0.0637164586118276 0.146106352674445 -0.074316651497273 -0.193796119405842
0.143167810588457 0.0884945414314906 -0.160947406152855 -0.176254463447387
0.164563780896573 0.0742397184269967 -0.199865717913358 -0.151428115172038
0.163626743192216 0.0971851019970042 -0.183558271958415 -0.167378517059626
0.0859138887084095 0.179160933839473 -0.090214535857022 -0.194159784218427
-0.0383491549255795 0.200257871826092 0.0146905532824975 -0.143068225997723
-0.204828506711868 0.159190323266238 -0.0102417670065944 -0.0329802169524675
-0.234641026647665 -0.0981063489729155 -0.104524461093235 -0.0746924405005951
-0.0434538520588328 -0.262703307685234 -0.110105177028447 -0.263258959410856
0.0882230695896861 -0.243522435819512 0.104114351777238 -0.444836285081602
0.0711209817878422 -0.317410456222923 -0.0325867132753428 -0.231317802259885
-0.0761426991214291 -0.309219638021944 -0.0558896195449427 -0.113282291411117
-0.265641564259113 -0.115719753990846 0.00467965901901028 -0.0690951142735688
-0.256304631983992 0.17045155601129 0.0066296548020314 -0.0559437145962117
-0.0703416913867092 0.263489032508446 0.0161596015465291 -0.0994541577047828
0.0781959116619233 0.237065889565627 -0.0486321719014546 -0.132051212600629
0.199879779528479 0.158264183582537 -0.0961974726949031 -0.12361161147851
0.231215393025532 0.126743525429151 -0.119444360552094 -0.109933279572068
0.233436826333689 0.154035547808741 -0.112820556993489 -0.113994496194895
0.125883176857422 0.272107639361892 -0.0476963762661881 -0.131636155573183
-0.0522902005594655 0.303882363864861 0.0175555236548212 -0.0915613710046221
-0.287163139432538 0.258930545633129 -0.0232819825916792 -0.00341610693672883
-0.369173331035711 -0.0985937484201054 -0.125217351039325 -0.0563413285874206
-0.138324231504554 -0.378900157391861 -0.117421386493333 -0.199163132937813
0.066270926057119 -0.403814591324495 0.0636633347492296 -0.320663036253866
0.0615903680488591 -0.40413347905725 -0.0654781483655124 -0.109540733394434
-0.131874545062609 -0.387535012920497 -0.0279520840925425 -0.0415705573474359
-0.349938609914538 -0.131706969084363 0.0115998449822571 -0.075956634972538
-0.319309909381019 0.219090460597814 -0.0205374681013143 -0.0570276183848463
-0.0937527093782533 0.331817611250694 -0.00703595506215363 -0.0434140375627494
0.0857097182014765 0.300096884435444 -0.0215568896314597 -0.0449431920930396
0.230415218926339 0.206326816197387 -0.0180213307470887 -0.0480081498057777
0.262076620136606 0.159872511227891 -0.0203347131624412 -0.0525642851407862
0.265427544939785 0.185388018027148 -0.0221805065227692 -0.0471932847074774
0.14624869602446 0.320009032956409 0.0108538830072753 -0.0522647234386197
-0.0541389905082803 0.35925056199914 0.0285701903945677 -0.020192660093781
-0.321880520635819 0.319830915931824 -0.0284872781818359 0.0368287042057801
-0.4415599626287 -0.0764712592515365 -0.128759062684881 -0.0245022253133537
-0.206894077514253 -0.423280634657176 -0.102576774286235 -0.112911986633859
0.0306350833317836 -0.491734624946903 0.0330307780951363 -0.155845517980241
0.0415554887513525 -0.436722532953337 -0.103494197442547 0.0485575357939797
-0.176160753586678 -0.410941722594434 0.00861555494944124 0.0630826068940367
-0.391618629436492 -0.125450697996158 0.0252891452418365 -0.0643471671680168
-0.332331070354912 0.244338229369769 -0.0453934788390266 -0.0468501121579872
-0.0971990014996842 0.349427340818631 -0.0314172578327688 0.0255380535512217
0.0836092998743877 0.317087340049041 0.00825520261200544 0.0571050282102851
0.22734085564607 0.223874413571441 0.0643003695817181 0.0394969124696075
0.254278708341503 0.169248733886439 0.0805783337861059 0.0130496856822928
0.253175049625675 0.189146329889926 0.0725280752944839 0.0236279640153602
0.136653318501786 0.317028647900748 0.0725975153365664 0.0323311950154031
-0.0564915331850022 0.349889178548616 0.0427681057174721 0.0566396316964227
-0.300552821555864 0.311047431286063 -0.028498915068951 0.0780977963521274
-0.42281066445184 -0.0541426617127533 -0.117943891295059 0.0102683688718545
-0.220612973553899 -0.39310553724055 -0.0699128069849444 -0.0246430726752052
-0.0053769714485674 -0.490541171902627 0.0142511164017294 0.0171425055507814
0.010208370965432 -0.39897404171886 -0.137792869531298 0.218664915215146
-0.190122555629288 -0.360241394318981 0.0486039040614552 0.179524512422944
-0.358681457166712 -0.0925958833484138 0.0399935519288232 -0.0338920946193632
-0.280818252443132 0.220535424453993 -0.0607725163780378 -0.0248942358401148
-0.0823268558073609 0.30129959233567 -0.0497081696343072 0.09426407091126
0.069890921896664 0.277562515617055 0.0403287824658443 0.154053450283737
0.19007936966883 0.203200350378952 0.138691303771254 0.122738895810076
0.207967036654808 0.151861892994873 0.170114124496114 0.0772177058528753
0.201716736491804 0.167411358070557 0.153555315314133 0.0898511228793474
0.0992560757798963 0.265998214992331 0.120140654750678 0.108284443917279
-0.0591176136047609 0.27858285380964 0.0485812535042491 0.122328760713067
-0.236553101267142 0.234107903173468 -0.0296302736568896 0.104506622350715
-0.324081704471847 -0.037561949703524 -0.0986631256599761 0.0344213658453288
-0.181175165797041 -0.304354301408538 -0.0336764333390263 0.0434354399363227
-0.0309568850284404 -0.413101646440623 0.00429315119214822 0.165605113461287
-0.0255270020262045 -0.292512702426674 -0.159265465118765 0.371332439985723
-0.162641779018956 -0.239628177033668 0.0847004593806354 0.280434186835456
-0.24993973938475 -0.0394278894030437 0.0561512343258469 0.00606992900126114
-0.169895890207043 0.153042440079614 -0.0590176901359024 -0.000529107649410506
-0.0536430110805465 0.194477611412018 -0.0570716433500711 0.142398219667808
0.0428361489796353 0.187859675875174 0.0663653750235693 0.224463876459899
0.122422843341945 0.148143044264162 0.194339279558146 0.186868846516371
0.129472994125742 0.112323775946518 0.234823561547258 0.130320012962331
0.121184838941687 0.122728481697668 0.209165380314464 0.142414101857913
0.0481573247470977 0.180163285112472 0.142772697889876 0.168007229520994
-0.0539575349512769 0.169788129259823 0.0394217680965786 0.166720321647574
-0.142754034199799 0.124058016110999 -0.0361885490830949 0.110648381071725
-0.18429443392781 -0.0203652820942267 -0.0781835433883975 0.0434386968038287
-0.116743458249805 -0.179159145869988 -0.00588127821814951 0.0823176974129842
-0.0506241869964439 -0.278538262556713 0.000681715546859429 0.267266161417911
-0.0547047328200082 -0.134274489553621 -0.163980337884673 0.477289551714715
-0.103456752224044 -0.0778797487464006 0.116457179162295 0.347976812651086
-0.0978790023082509 0.0178026334313655 0.0779823637012671 0.0422417778185609
-0.0333509446274268 0.0568366562246679 -0.0382556427019336 0.0136822311497165
-0.0198909186886103 0.0572727182382322 -0.0546527969190576 0.158184271487892
0.00469789740932079 0.0687716011177505 0.0823608480500971 0.2540262150497
0.0317854411032929 0.0695786576083593 0.220551546002435 0.219020205101526
0.0309941577310967 0.0555246374321592 0.26442273698435 0.161390023286862
0.0261321934417597 0.059864811978614 0.231173377731718 0.176780629839953
-0.00136160831046401 0.0737717531424998 0.139898637389607 0.204058462167461
-0.0351950055877184 0.0519299492148068 0.0183267678110081 0.185463304349841
-0.037648987984023 0.0208747617434894 -0.0437273507588313 0.100557933681448
-0.0470030795726827 0.00821677776177086 -0.0558333383868869 0.0437113585783616
-0.0577821939138786 -0.0426331741092955 0.0112562401773297 0.0971442811801308
-0.0683578129915142 -0.117143164398581 0.00277058963303341 0.314976586025321
0.0620770445297433 -0.052982389327909 -0.000650247730318152 -0.321478523642815
0.0168869788954304 -0.0925653734623987 -0.0805704006557739 -0.149209371441799
-0.0730271944569875 -0.046441891645149 0.0213354470638817 -0.0358210033365235
-0.0755076397233555 0.0548619301369047 0.0518769586217041 -0.0610058643252885
0.000846799266885377 0.0703545747278435 0.0240230594833836 -0.166806459549961
0.039394663092658 0.0423185068933761 -0.0981374420439252 -0.224969325421096
0.0648718829502552 0.00965892771680882 -0.200675988516403 -0.198920555166025
0.0728887685730592 0.00941830023159613 -0.244234504989138 -0.168842223307805
0.0705801627636116 0.0214847334053103 -0.218459486234568 -0.19706310702116
0.0393078585512603 0.0564594015475078 -0.106885999093793 -0.226296034387105
-0.00988551657812716 0.0719728788588876 0.0220987147432747 -0.167468977633227
-0.0850901670419037 0.052847066593307 0.0124969558372168 -0.0446523389568117
-0.0730872929868228 -0.0665579124179421 -0.0696501140312003 -0.0705163517526956
0.0435228450122309 -0.0994318065544869 -0.0857962469740714 -0.285228697762679
0.0892964797770595 -0.0407946445936685 0.147196971105986 -0.495677654193017
0.0717986902742369 -0.189303173880391 -0.00703983555953592 -0.297649055716125
-0.0242574899698168 -0.204276749195012 -0.0719743217673432 -0.146299298229073
-0.167326971617012 -0.0832632311953627 0.00721722550021596 -0.0527817169604369
-0.167567115315456 0.112974444295331 0.030219763264107 -0.0520656071626429
-0.0346522167815532 0.170127514105487 0.0270158074253976 -0.13665019653025
0.0623428573304737 0.144914996780191 -0.0723981102939079 -0.190841933460685
0.140822330655739 0.0880733197630287 -0.156957297348126 -0.175551854773255
0.16137345601252 0.0730305374964515 -0.195549155426403 -0.150639079791939
0.16157528776561 0.0963798911060041 -0.17942471961093 -0.166649322481089
0.0848502694666529 0.178459785483861 -0.0868587251060125 -0.19374229385608
-0.0396451535716807 0.19733182906046 0.0179148010210581 -0.141910921141452
-0.202601593663852 0.155892319353605 -0.00553701710450669 -0.0316907706425474
-0.230668217716893 -0.0998483439897535 -0.0998372288363693 -0.0712949758738413
-0.0387991884203256 -0.261480566507128 -0.10581188909895 -0.258382198975222
0.0929985551270855 -0.238060145919649 0.107100546105441 -0.434699258780781
0.075420876044517 -0.30753507202864 -0.0290448479678192 -0.226568886549111
-0.0714550472048971 -0.306419920473803 -0.0543926190958982 -0.113574409454469
-0.258191973678442 -0.115886065877853 0.00288131925544464 -0.0703677138855254
-0.252090232655743 0.16587451071881 0.00377824639287618 -0.0537714757065537
-0.0694642868329009 0.259293580220337 0.0139234922622354 -0.0969522258917796
0.076827033857473 0.23543428376076 -0.0474448942965902 -0.129167274692186
0.196427653007494 0.157749969485218 -0.0942191544553295 -0.123162838231938
0.226698748971695 0.125657056865965 -0.115923012216494 -0.110132685871383
0.22883490466435 0.152634519917914 -0.109328908994308 -0.113539419246452
0.123005219583518 0.26987632651417 -0.0462412090655772 -0.132707101237944
-0.0542477361828163 0.299142647901381 0.0195107536748639 -0.091391525524837
-0.286054457240107 0.251768565911106 -0.0181372461031658 -0.00351151615142422
-0.363129988122302 -0.103029824603601 -0.120054922111691 -0.0522702948092727
-0.129827635450345 -0.375277415700864 -0.113002733988648 -0.195356312515837
0.0738509614787041 -0.39472014905061 0.0668727681615072 -0.314335083390149
0.067893214633327 -0.391931046312842 -0.0641030822225492 -0.108185816902577
-0.122722476286071 -0.383719634569778 -0.0279319448814401 -0.0434230203524354
-0.340124231380185 -0.132579766811136 0.00895378640021323 -0.0780240857096715
-0.314401645946658 0.212747485143783 -0.0234348512844865 -0.0556589782429219
-0.0933993805325675 0.325120824138282 -0.00976046072513436 -0.0433907579597669
0.0834865469333565 0.298358246340189 -0.0210996000339494 -0.042701276673192
0.225317424071088 0.205817409285489 -0.0174330323855462 -0.0477645603005003
0.25677762629543 0.158555630970742 -0.0194500613994578 -0.0539615509048376
0.259449065288428 0.1833790816062 -0.0205096614361414 -0.0476970603696556
0.142908439360735 0.31725629213566 0.0106185326224808 -0.0543676740947713
-0.0578839424021667 0.353523257375582 0.0294003075647603 -0.0212816680320202
-0.317696878998996 0.312133077642094 -0.0240200890675074 0.034704471490389
-0.433060840222365 -0.081200679144438 -0.124175211619705 -0.0205539928723107
-0.19605558999678 -0.41957155332039 -0.0990022332760172 -0.109645929769242
0.0394805441765289 -0.480004986127055 0.0354311641166911 -0.152798445556858
0.0484068622998316 -0.423046936646774 -0.104160315781486 0.0453092844412147
-0.166266692046606 -0.406201840154506 0.00691225392058431 0.0594645238118997
-0.380724016913252 -0.127887681780602 0.0222280341146862 -0.0661234615130818
-0.327315327276286 0.235693760643054 -0.0487693214419365 -0.0463065010987815
-0.0980003330501044 0.343610957730865 -0.0347769953628973 0.0241148073854364
0.0811265740648274 0.314395583983176 0.00801476662256165 0.0581586838798195
0.222374717607308 0.223059463018616 0.0633228409390675 0.0384399057647314
0.248368464958097 0.168070443155569 0.0799385898460727 0.0109647732279876
0.247169734995646 0.187394265307655 0.072247258258397 0.0223887661836173
0.132796514377738 0.314172944000802 0.0706326370655081 0.0295333084005747
-0.0591734324733318 0.344252614694006 0.0419917395123704 0.0545615658448965
-0.297157893402006 0.303694733895777 -0.0247811795253107 0.074176207048537
-0.41368707665532 -0.0581224749326856 -0.113902536756542 0.0126099076789771
-0.21049109494075 -0.391311078805347 -0.0683286503355737 -0.0220390770845986
0.00530494159749962 -0.480382864570347 0.0146082604538108 0.0164470310032605
0.0168456921010982 -0.387047604421443 -0.14128691304125 0.211308857866468
-0.180025950232265 -0.356474951739757 0.0447816672519252 0.175192504790694
-0.34811986946748 -0.0943156264494839 0.0369009588092828 -0.0358624074911044
-0.275563885696839 0.212826424570189 -0.0641395986842994 -0.0253894402739354
-0.0823290224431513 0.29596637008827 -0.0538224160016371 0.0920717649339996
0.0680013025311625 0.275022275704787 0.0384411944158069 0.154845124370578
0.18597153452753 0.20228399258909 0.136535908869912 0.122140513828165
0.202522075177646 0.15177018406372 0.167033672062945 0.0746922958987222
0.195890216864304 0.165704984796916 0.151769101920613 0.0877058090641362
0.0959451045026204 0.263270787317415 0.11748624302212 0.105147125959052
-0.0603568837325204 0.274065735970899 0.0473600180535406 0.119797134577754
-0.232761992983637 0.228148278949908 -0.0268919678940589 0.0997381918111398
-0.316206493710918 -0.0405181188466824 -0.0959727633958342 0.0360482003864762
-0.172636294696033 -0.302186103085822 -0.0331128068371706 0.0450778120986723
-0.0223013324804154 -0.402548439682015 0.00394778296527758 0.161310124945732
-0.0212037952471873 -0.284187576413913 -0.164144792490366 0.360298086898764
-0.15547977625714 -0.236657497515905 0.0791175260949496 0.274296468986629
-0.242617793397712 -0.0411303086826372 0.0530897285606825 0.00371255683548527
-0.166824641167324 0.146468717039458 -0.0621780393730368 -0.00195092720353337
-0.0535344437997925 0.190838266302789 -0.0610446069478234 0.139731174543467
0.0417876213867643 0.186498026708986 0.0646418780511591 0.224419816685788
0.119465285598063 0.147438805189624 0.190248763560213 0.185968834376979
0.125460563728153 0.112516073872219 0.230487634564653 0.127766274145112
0.116045295243631 0.121757371260571 0.205465975999315 0.140573546302661
0.0459565430417083 0.17758104955128 0.139278448173237 0.164603726829462
-0.0543154218565345 0.166060342434333 0.0374926111478505 0.16265196932802
-0.139987887396459 0.119313278038251 -0.0337473338000887 0.105697738982822
-0.17826476434685 -0.0221372396953666 -0.0756069768946075 0.0440289010064553
-0.110640759669855 -0.177416126956697 -0.00563817033500029 0.083602325344807
-0.0444887004965305 -0.270885478608556 -4.90446299807524E-05 0.261185779147093
-0.0524187882592992 -0.130066037047928 -0.169736128312441 0.463754908386272
-0.0998539757631368 -0.0759163502372074 0.110408875138774 0.340025325939582
-0.0948381653607623 0.0169655286254182 0.0747996667599407 0.0408650622388113
-0.032261340469637 0.0531512432284009 -0.0411707296986816 0.0116186520072142
-0.0195328515681153 0.0557286189851178 -0.0583260727855767 0.155618170529554
0.00436579009952493 0.0684289063526252 0.080321422450111 0.253261016157344
0.0305828091741221 0.0695922215927783 0.216445482079894 0.217641426418696
0.0289177183975439 0.0556953862065566 0.259916269541511 0.15941992076285
0.0230254446114304 0.0597629861664672 0.226776005980062 0.174147931802537
-0.00261425984695935 0.0718274982257053 0.136454789746042 0.200378642713643
-0.0349247146913095 0.0496894037182703 0.0168032564961281 0.181223743534741
-0.0362313262035587 0.0186893365611791 -0.0421426898623229 0.0956517465724145
-0.0433751279735779 0.00820062517129685 -0.0539343016710274 0.0432332775947018
-0.0553791180154446 -0.0416618555938702 0.0111825566301286 0.0985081377266075
-0.0661883500293023 -0.112906755142189 0.00101670318252377 0.306971482183965
0.0637334948272419 -0.0538948583204313 0.00406409205318026 -0.322740066019114
0.0159316319929551 -0.0953085317352652 -0.0817350705246114 -0.151744100265784
-0.0749589864765197 -0.0460526371804812 0.0196463904519647 -0.0379643102649684
-0.0762841472040636 0.0579217837098846 0.0504630979369396 -0.0592073189074966
0.00152651868547696 0.0710373552139509 0.0239233579156127 -0.166159621970356
0.0401265775214738 0.0426758526328587 -0.0997640139285191 -0.226168359123127
0.0659017221350745 0.00899220992668542 -0.20313499617846 -0.201601127455716
0.0741775241074737 0.00865328729937594 -0.247329778254097 -0.170909032552892
0.0727136475219567 0.0213706125667091 -0.220225445996379 -0.199883150567557
0.0402477815759905 0.0586421567731503 -0.106945650058743 -0.231974227847452
-0.0105723360773936 0.0739597954570411 0.0262812415385392 -0.170718406424557
-0.0864383341662472 0.0546197005554978 0.0168297258411407 -0.0440571036818501
-0.0748761387112918 -0.0687935577696821 -0.0671695479994059 -0.0695246031857572
0.0450988939324968 -0.102021511912738 -0.0850826992992526 -0.287290160341999
0.0918632778034953 -0.0420064520708005 0.151857593002746 -0.497144985758503
0.0756041790547219 -0.189760705685821 -0.00248540689144054 -0.29810077179911
-0.0238835915094797 -0.208703300193589 -0.0722531880307138 -0.149003161886909
-0.168430712630686 -0.0833696884460006 0.00483806159826113 -0.055254171574632
-0.16892576299071 0.115052072847665 0.0285532558372617 -0.0501714105118875
-0.0342654783983445 0.171876155973661 0.0262921608157052 -0.136549182335821
0.0639971366398423 0.147220714650958 -0.0728427163794801 -0.192281445237396
0.142329349740509 0.0888956848614285 -0.159294860984771 -0.178270229286353
0.163350779019961 0.07303751633169 -0.197301405153054 -0.153781816517058
0.164119882347063 0.0969780989235199 -0.180892682871969 -0.170487645947152
0.0862418401036562 0.182162551233204 -0.0867844097089105 -0.198872994725537
-0.0418704266100164 0.200669229952243 0.021148898745047 -0.145366207095338
-0.20498285686929 0.15762316066348 -0.00126472717016935 -0.0319349822219349
-0.233114146377509 -0.103416668143151 -0.0974228621075732 -0.0696793247946912
-0.0361426721792339 -0.266581190043861 -0.105171037527949 -0.26050479327806
0.0988940265325399 -0.24080457873189 0.112199168722877 -0.437346339878255
0.0815953237568948 -0.307680877369818 -0.026372650806843 -0.227125608648394
-0.0691706792182179 -0.312076271764674 -0.0548704444731638 -0.11649329282143
-0.258490217581525 -0.118104318248906 -0.000172050126318499 -0.0743896688630329
-0.253609017407711 0.166874803242792 0.00131060250304386 -0.0524038602589764
-0.0703457393742192 0.261303162644309 0.0123036685781975 -0.0969821086097328
0.078159139173279 0.239152279081772 -0.0472110385450726 -0.12989207398481
0.197975255484604 0.160624340664637 -0.0952371176636831 -0.125140049942694
0.228662292944942 0.126898172968856 -0.11718214214153 -0.113442691535275
0.231029283536361 0.15447034094528 -0.109663889994926 -0.116857369192729
0.125087202129092 0.274650167778423 -0.0465112486838844 -0.137510909431058
-0.0570397160785381 0.303031460780579 0.0219893361466676 -0.0941259977596905
-0.288106008920282 0.253878561390298 -0.0142073917921265 -0.00478059523110889
-0.366682545587685 -0.106273872796752 -0.11776612648017 -0.0498781892391373
-0.12751085184263 -0.382930118083577 -0.113080668393608 -0.196840595195337
0.0818262950113834 -0.397299473528771 0.0702119931603372 -0.315642123649877
0.0748638837347634 -0.391734261850329 -0.0643093787533086 -0.109220641604408
-0.120178994666331 -0.390663556239481 -0.0285193484693411 -0.0458142412124658
-0.339461080724762 -0.135721951794313 0.00602570037165209 -0.0818715627426491
-0.317743245494254 0.213230998454046 -0.0273504204224629 -0.0546138781937885
-0.0944675123849463 0.328302673446013 -0.0127380808509717 -0.0428632361892636
0.0855229942411087 0.303164991638949 -0.0205909250471065 -0.0420504943140619
0.228477508453321 0.20979975928374 -0.0176435426223412 -0.0495186646100522
0.258656258424225 0.160669344183984 -0.0195901109343533 -0.0568149363444838
0.261326965320458 0.186005344122328 -0.0196008494097734 -0.0495186463180991
0.143908955356274 0.322112592661372 0.0103528361506258 -0.0575315340356975
-0.0609083529416237 0.358159811512996 0.0309744121819648 -0.0230413872629637
-0.322252217508737 0.313760622719809 -0.0202685620056606 0.0325876799885052
-0.438056230919469 -0.086073677058367 -0.122025450191706 -0.0174423142160539
-0.192428771389357 -0.429297127718879 -0.100084681578089 -0.109424117399698
0.0491596251722493 -0.482809499096746 0.0377799694493201 -0.154419139385007
0.0563349287521401 -0.422513574934908 -0.107178169008744 0.0441327892468749
-0.162979412243994 -0.414304295563351 0.00567737828062357 0.0578198037352625
-0.380248901551083 -0.131838517103399 0.0186449188427345 -0.0694669989177813
-0.330680245753511 0.235535275002345 -0.0532529079748311 -0.046278526023934
-0.0986819660286729 0.346249706278805 -0.0390318853323155 0.0247115589618556
0.0829940727410438 0.320421824790975 0.00854610173293391 0.061000706782238
0.224536636661545 0.22748302443037 0.0639419367685485 0.039282251515672
0.249652831909921 0.17102134560337 0.0805837395893577 0.00917287796238201
0.248255520954271 0.190217313478839 0.0734663051371516 0.0215102646007849
0.134673169984448 0.319558793702739 0.0704559693982651 0.0277115005142516
-0.0614441572498923 0.348059074089622 0.0430237234591745 0.0534737766032625
-0.301032280064324 0.305574237543588 -0.0214777870659642 0.0714105428281527
-0.418338365705538 -0.062332668928656 -0.112004816771479 0.0163278199889804
-0.207974593160434 -0.399104833132494 -0.0682785627664195 -0.019842026941276
0.014894971801489 -0.481540168364275 0.0161113748981358 0.0153246855756222
0.0228963124376636 -0.386730369284106 -0.14726906304065 0.210586959370696
-0.177031847880513 -0.36260853967433 0.042679016537605 0.173950947226663
-0.348070830617052 -0.0981156562600416 0.0344780172701508 -0.0393246529577033
-0.278575899467409 0.211751223572862 -0.069209763060442 -0.0259973630413608
-0.0841226141344548 0.298321692207741 -0.0583661537986333 0.0925967466319079
0.069239320489499 0.280374958760411 0.0392194024559435 0.159249308507129
0.188874841696742 0.206402363179075 0.138561388257193 0.1241576202349
0.203646089860531 0.154815310641178 0.169099811583483 0.0739699121712656
0.196212064866899 0.168349344799728 0.153418635064205 0.0874354301696594
0.0967959326375132 0.267442933921636 0.117805991172263 0.105522158668684
-0.0628954788072855 0.276539223519037 0.0475807206903252 0.119878879238401
-0.234504886291774 0.229319209800414 -0.0250255253147125 0.0975540059036655
-0.317707082915681 -0.0439861804317609 -0.0951383553340289 0.0395032864648603
-0.1708164205548 -0.308336808850209 -0.0332425952493562 0.0484431847447676
-0.015425276410531 -0.404284964642121 0.00419926005988642 0.161753741264765
-0.0171494138065341 -0.284303839578258 -0.173853888131761 0.359919905314877
-0.153441136406661 -0.239883879587975 0.0767083450731168 0.275238999357604
-0.241853400263347 -0.0430022108024417 0.0510881543568172 0.00213722462566621
-0.168291969810236 0.14445685692805 -0.0668802707151142 -0.00266371991017517
-0.0547395854029703 0.192135393495049 -0.0657832904939805 0.140921846135778
0.0420787946418328 0.189647621268688 0.0646845209511899 0.229642399228388
0.121149154006374 0.150120286547697 0.193231408981043 0.188767265231014
0.126044362075427 0.114504630533716 0.232961551092538 0.1278666577425
0.115315914821199 0.123952635047622 0.207673202366576 0.141393142191934
0.0453865174414867 0.179814958800828 0.139982058847806 0.165648800567841
-0.0560323051941825 0.166840751297638 0.0376033138362506 0.162735334521993
-0.140664445541629 0.118739624678421 -0.0331936958164448 0.103411010993731
-0.177592924018385 -0.023695481240123 -0.0751648901719978 0.0463783992626208
-0.108816375503757 -0.180593649945478 -0.00574102923514546 0.0874466455486736
-0.0412622923698781 -0.270729944385571 -0.000114987175852034 0.261441458482693
-0.0519219261926156 -0.129945856982183 -0.178800318973043 0.465255487631416
-0.0988007242561779 -0.0764103151195797 0.108002015821037 0.341652989812761
-0.093736440283543 0.0167951560105819 0.073635727123316 0.0405042808813044
-0.0324142911048212 0.0510665828063344 -0.0452726546177896 0.0110228472502618
-0.0203427241261121 0.0558098718742897 -0.0620254773668167 0.157351107351965
0.00433755185121455 0.0695451195124927 0.0800322142546561 0.258514144895539
0.0312549103935215 0.0711107541843459 0.219675261320588 0.221047851239032
0.0281772896581037 0.0574508514909976 0.262962494449494 0.160790417082325
0.0217504649160019 0.0613373264956111 0.228560478685395 0.17503317075443
-0.00433356448002939 0.0718473339452993 0.136798430259251 0.202830582242449
-0.0362792080421293 0.0483970360947415 0.0162283635228717 0.181516228064659
-0.0357583395097622 0.0166532304964393 -0.0416256531094528 0.0936906788000441
-0.0412120665086761 0.00759967034647204 -0.0536515893752071 0.0444450950000837
-0.0539321088945497 -0.0419909799519074 0.0116332401954488 0.10169469161469
-0.0654394583571671 -0.111797521486817 0.000273387072507169 0.307891618207421
0.0646580230272023 -0.0575652256652408 0.00281327394176071 -0.3300513892077
0.0126666474314674 -0.100085598717571 -0.0862714235739225 -0.15535492212147
-0.0788384856613477 -0.0443762919984103 0.016892805016038 -0.0406606235697004
-0.0769885097670285 0.0637042369594082 0.0488495765944499 -0.0594550470396113
0.00388239840640502 0.0734789699582783 0.0212666296494709 -0.167869747131102
0.0424078468797605 0.0432736493971111 -0.10696685999705 -0.229136327717937
0.0679374984737755 0.0071918516975683 -0.213594400482915 -0.202573095417711
0.0770639016382577 0.00565779966062309 -0.25731253425623 -0.170229019701865
0.0768577697165345 0.0192625433624936 -0.230912652200615 -0.201995416207091
0.0438029022388935 0.0606239400892383 -0.114343499753775 -0.239248034513296
-0.010028037329322 0.0775656123960581 0.026666079592659 -0.178692743142593
-0.0880355154701524 0.058868265447308 0.0206172271731317 -0.0448765017715301
-0.079793543500768 -0.0697321331007017 -0.0670608570904384 -0.0682905939363986
0.044457629013739 -0.108121587246758 -0.091656635278795 -0.292106383465169
0.0954591411952497 -0.0462895868802873 0.148167387066477 -0.511429541177238
0.0770124623962279 -0.195563349911738 -0.00428787077964191 -0.305345445288494
-0.0292257469515932 -0.215785192742516 -0.07751202852551 -0.152487087243742
-0.173724887968299 -0.0820715427729462 0.000621807453015412 -0.0590352299528683
-0.170431989193456 0.123938199283337 0.0261429906117949 -0.0495692556355113
-0.0308246122094729 0.177746172254528 0.0238151616386509 -0.138189802439255
0.0695019043158613 0.150361410257084 -0.0787328703975506 -0.195191844925453
0.148978711580877 0.0884978954864549 -0.167958255162131 -0.180242096932368
0.169510074353518 0.0707368991874029 -0.206110029524387 -0.154175849838809
0.171501995782629 0.0958974677671485 -0.188939102926853 -0.172372662868029
0.0936563432218116 0.18662256077151 -0.0938532683042876 -0.206070596631979
-0.0403619135673591 0.208064593659724 0.0219074580863422 -0.151958248966772
-0.207591696887871 0.16656064145278 0.00221796204930667 -0.0332995930636245
-0.242155434951035 -0.103773116203828 -0.0975296909943197 -0.0669104374545564
-0.0404804001940019 -0.276431010416121 -0.111734051274793 -0.264756161176359
0.101505675261267 -0.249401427102594 0.1090420180143 -0.448049905501094
0.0828295694420744 -0.31480321633793 -0.0292509630938595 -0.232083220763756
-0.0756942924829854 -0.322283042257061 -0.0591604313833336 -0.119952643202485
-0.265912815946757 -0.116531558112196 -0.00523865057620123 -0.0781517700939973
-0.257106791059757 0.176870748147966 -0.00198376815316791 -0.0515024274515778
-0.0663920309378192 0.270037508401998 0.00969150745030457 -0.0980457988049016
0.0865815812452895 0.245842741320836 -0.0504250388724116 -0.131382466280979
0.208440011039665 0.161423191430843 -0.100414990452033 -0.1267718477941
0.237487971847992 0.124846523275859 -0.123339128314226 -0.115855701163314
0.240698403037832 0.153219597305492 -0.11476902390922 -0.119218889196524
0.135002338006194 0.281273580509182 -0.0509440453123881 -0.143380386934891
-0.0544247556390647 0.313875765410599 0.023200053596455 -0.0993620275643579
-0.29099562789326 0.266408233747017 -0.0105400506576293 -0.00664276774766784
-0.377759167550133 -0.105690144990541 -0.118350568844022 -0.045789611900805
-0.134364602320504 -0.394572957723925 -0.118389341444245 -0.197945016427991
0.0833372177008833 -0.410037734893939 0.0696318751148966 -0.324360417372625
0.0763439861594669 -0.400595854974335 -0.067793783094993 -0.110897408977511
-0.127294454904082 -0.402018210741298 -0.0311947552414488 -0.0486295006506624
-0.347871025503545 -0.135556705885191 0.000378869280193413 -0.086666305962348
-0.320661460822313 0.224548068245601 -0.0320587627817376 -0.0534324367484524
-0.0905129048793183 0.338512605776315 -0.0163682484565814 -0.0430937771722332
0.0949645778383381 0.310880909261267 -0.0215161509660084 -0.0409664877519426
0.239986977088261 0.212179064491853 -0.0187288712022265 -0.0505184226723343
0.268659558733717 0.159947546383654 -0.022200905999548 -0.0598883730070795
0.271846164949152 0.186115128038274 -0.020754278268109 -0.0526932612423571
0.156349587612331 0.330645912459671 0.00838486077601788 -0.0620729406642768
-0.0577470398858213 0.371045106424852 0.0329892824247201 -0.0265095325820977
-0.324064990977302 0.329017805686348 -0.0164794100278676 0.0311053680524983
-0.451442264921331 -0.0829769581016327 -0.122148302909704 -0.0123229105443255
-0.203137521950146 -0.441773583654997 -0.103979411164123 -0.108378571898852
0.0487852840948511 -0.496142274937026 0.0372690475332505 -0.158471357821314
0.0556877215296216 -0.431720271932158 -0.111784461922558 0.0470320928106478
-0.17096904729152 -0.425202620616108 0.00490302440683321 0.0571230532115307
-0.388137046090382 -0.130599996349255 0.0138033315536258 -0.0747208965720897
-0.335638631285649 0.245108311769222 -0.0591896133573933 -0.045119825338945
-0.0953352755716171 0.357141493979163 -0.0429291494008475 0.02652534355173
0.0934788375829124 0.329372305096248 0.011107916512168 0.0645977780411466
0.236915475485098 0.230787197220987 0.0672450860000866 0.0386819342348765
0.260094517909697 0.170627794070364 0.0822220415069936 0.00525151521209349
0.258608423519653 0.190236897865268 0.0763368081512821 0.0188791631850488
0.145164122011223 0.326895677674098 0.0725299848510716 0.0249537110377914
-0.0585305056900356 0.359487896782076 0.045841699556814 0.0528751698179891
-0.302938247845284 0.319180820042473 -0.0185719704408152 0.0702177854231318
-0.429859251748622 -0.0592668482368832 -0.111749924110167 0.0228351272859612
-0.217802986340676 -0.409449286836199 -0.0701626287182082 -0.0169102619369412
0.0128260177008251 -0.493149698763576 0.0178213991685301 0.0149767126642445
0.0219673081191698 -0.395145481364997 -0.152353749496707 0.217187820339861
-0.185421839901483 -0.370732911572414 0.0452224060659733 0.175943577970363
-0.355556016169928 -0.0962400189891693 0.0306494910896355 -0.0431972738282275
-0.281750251716608 0.219063137330601 -0.0760127708846358 -0.0246541801087269
-0.0808038638746048 0.307115258833574 -0.0626418011302035 0.0962147284357533
0.0781626826094465 0.287642667980338 0.0444820837494718 0.165097540569961
0.199279344226904 0.209248175635108 0.145706128832612 0.12513032492302
0.212027061407309 0.155481963546966 0.174326749984921 0.070182709438214
0.20389453773606 0.169865042306437 0.159617372356281 0.0858212014480306
0.104815558884593 0.273873344798 0.122650441722133 0.104253241830099
-0.0608133819923585 0.285867726243625 0.051305291617132 0.120756951952636
-0.235313860514711 0.238832260885866 -0.021982798251005 0.0969480948447332
-0.326107462168928 -0.0404670860224754 -0.0941255928645373 0.0448198387513296
-0.177878657661111 -0.315359313538049 -0.0324138339677642 0.0532939621533542
-0.017945963216985 -0.41246698503972 0.00808234660529051 0.164163907668464
-0.0198497843981174 -0.288674312469894 -0.177900292197224 0.371758409715359
-0.158974890338557 -0.244191532440097 0.0816135574385507 0.279641297354835
-0.246282094705824 -0.0408088103877341 0.0492394016245056 -0.000543734942667803
-0.169386449956403 0.148732343986488 -0.0729417503722787 -0.00126536006675467
-0.0525204944583419 0.197773445898595 -0.0687112529576595 0.145984218535752
0.0478145203288288 0.195144848005011 0.0727042729052166 0.237334391142914
0.128451320518938 0.15250966649266 0.20392181661373 0.18975334797392
0.130908724403709 0.116621978276003 0.242130675778454 0.125268125702288
0.119510937538361 0.125551857733302 0.215998300712133 0.139563663162805
0.0498582469149256 0.183746896476667 0.146808882787665 0.166548989759584
-0.0554651000867585 0.171909373294574 0.0417137057014855 0.16586352007561
-0.14105909934501 0.122557434814449 -0.030781725732999 0.103509458708625
-0.180573738285827 -0.0223791275236894 -0.074612561252097 0.0511517501223464
-0.112769398421212 -0.184425943599171 -0.00331890457586692 0.0924822970147958
-0.0437467953257469 -0.274432287181371 0.00464570549184992 0.26661877141894
-0.0553302837880223 -0.13069207846278 -0.183382429840749 0.479436015962181
-0.101214245712738 -0.0759974515842297 0.115026550191799 0.346630430916726
-0.0938671749934111 0.0187414633077951 0.0740100999308554 0.038856659340791
-0.0320597234309078 0.05070251170448 -0.0501781674971586 0.0115528706973776
-0.0200813026985934 0.0570163863235249 -0.064328309503659 0.163615949512286
0.0059232276360474 0.0718244618556234 0.0885255814351353 0.266748434386843
0.0329684279513802 0.0727897252467076 0.23161576849626 0.223424659541345
0.0298026127264235 0.0595848736493386 0.273794522193055 0.158406141294881
0.0215871867767906 0.063979600555194 0.23877704976716 0.174404725102082
-0.00413159842810229 0.0740669558284908 0.144906613437456 0.2043813194378
-0.0367642914206806 0.0493102220908349 0.0202306941236079 0.184406396772162
-0.035879260337651 0.0152154443565201 -0.0396882014664578 0.0941089723725542
-0.0393313124951147 0.00786792230401237 -0.0529801422253615 0.0476801344055397
-0.0551526562446654 -0.0414663314971279 0.0145438988474979 0.10653298349076
-0.0675303037705521 -0.111125486249308 0.00564992340941513 0.312734468168499
0.0640611462523504 -0.0625261063232963 -0.0085425127589476 -0.336405234365596
0.00567417722749467 -0.104332822378484 -0.0963985303400735 -0.154805075064346
-0.0835085155344033 -0.0404140664056572 0.0118103434457011 -0.0429484289371993
-0.0743849830471637 0.0713173311854882 0.045430544466637 -0.060257030885996
0.0088164730744913 0.0747142809025563 0.0137365160176658 -0.169417517535049
0.04572772410224 0.0416228111524743 -0.121272874990549 -0.227587446560514
0.0698893656352643 0.00307113299298069 -0.230545330849675 -0.195658760703597
0.0789745926697115 0.00012340616198357 -0.271754607622179 -0.160856421557587
0.0808667904340645 0.014384243018341 -0.246154348486407 -0.195531626538128
0.0492763768594071 0.06022000238554 -0.129176968838372 -0.241764348592916
-0.00658200728654821 0.0811776105949023 0.0214540246688105 -0.187297290650599
-0.0871283795615248 0.0659118376429492 0.0225443833038371 -0.0470697278137917
-0.0863413884156292 -0.0681503781638351 -0.0676595281060545 -0.0652073904713302
0.0395479631203234 -0.114916150657365 -0.107082151006892 -0.292658965157472
0.0961127436416527 -0.0531046316320875 0.129303302987323 -0.525633953405216
0.0714604556912797 -0.203367068826015 -0.0155189770285665 -0.310253156615507
-0.0416199632616128 -0.221617035356045 -0.0867648918411459 -0.153231689873247
-0.180572587510858 -0.0745459027997821 -0.00578902404013115 -0.0609888254343325
-0.166261837573608 0.137212788552604 0.0225137686746517 -0.0492122595898471
-0.0216793666385783 0.182986335775724 0.0174204955118536 -0.13962197656862
0.0792663517445935 0.150618112070558 -0.0896223994819705 -0.19403467687752
0.157198049480919 0.0824754616822669 -0.181539455802515 -0.174919153734663
0.1767121098863 0.0622726117521241 -0.219017945995107 -0.148090709632261
0.180784926196659 0.0880763079289688 -0.2016706472409 -0.167014351400469
0.106566018754169 0.186796867450295 -0.106885187096838 -0.208532813881211
-0.0323408057108646 0.216433657972844 0.0171297298402292 -0.159450368191538
-0.20399636083529 0.181595196716233 0.00476369148248521 -0.0350707531397974
-0.25344468382455 -0.0955990415230784 -0.0993072451728971 -0.061558455168305
-0.0535937318551698 -0.284073509605511 -0.127051145006222 -0.263526749401906
0.0955359600291528 -0.260453931848075 0.0913616644548982 -0.461940434933943
0.0739208346992891 -0.323656705100564 -0.0385645143582524 -0.235222898498048
-0.0926136774035538 -0.32816015055204 -0.0663051310430993 -0.120825915158087
-0.274658295350605 -0.106666769951615 -0.0135947158702772 -0.0812244898261381
-0.252227902290535 0.194684498312452 -0.00687900932499019 -0.0493826622606485
-0.05371999193596 0.27892036111267 0.00388040009661957 -0.0987089115298811
0.10238248506767 0.247477832606508 -0.0573919595708583 -0.130554297355937
0.222370303409087 0.154515662382655 -0.109272806485014 -0.124560619510388
0.248671144254316 0.114826759473626 -0.132691754004191 -0.113154449184169
0.254226421493017 0.143617718548218 -0.122913231214438 -0.117337771946634
0.154723788895792 0.281144207206146 -0.0599499210034857 -0.146998101606447
-0.041734331002631 0.325158174916295 0.0205889050336571 -0.106250425700145
-0.282579819927734 0.287402777332646 -0.00777291094741087 -0.00840741172076252
-0.391890699667755 -0.0905246363502006 -0.119064899822996 -0.0386448314284145
-0.155075778880376 -0.400630368008923 -0.130611129601975 -0.195206386172736
0.0704928268017509 -0.423341053992568 0.0554605760750201 -0.333698737758081
0.0635927603665128 -0.410593477061234 -0.0746959756472909 -0.109992524517572
-0.148106452326577 -0.407722329971175 -0.0355249164954866 -0.0499129609545557
-0.358667714581869 -0.122968960255214 -0.00891175698053744 -0.0899055504031635
-0.31648478003064 0.243784647640387 -0.0385173722796766 -0.050567056902063
-0.0757380862140516 0.350431853617274 -0.0211960604779622 -0.0418391184004809
0.114791511791331 0.314223428461721 -0.0229171849428627 -0.0395401636824604
0.25801043478754 0.205149870088084 -0.0212473508734808 -0.0507138016864998
0.282588942360072 0.149534231558905 -0.0271383580609879 -0.0610535008563737
0.287351669959127 0.17529099898771 -0.0237793395240834 -0.0539045193009205
0.177999856640459 0.330696771280666 0.0047640615059448 -0.0668122012365579
-0.0425322282761925 0.383934693671123 0.0333826301331519 -0.0313697698537326
-0.313653769453435 0.352168677891054 -0.0124238389108182 0.0291461866888455
-0.46581174624272 -0.0647382273420335 -0.120583183546826 -0.00372034230244465
-0.224775879813482 -0.445756652624691 -0.111254026959222 -0.10307988128204
0.0325711327155919 -0.510020328200051 0.0320478994232162 -0.163453408063183
0.0418529565809044 -0.441706845089095 -0.114736473396615 0.0529242457668943
-0.193268291494312 -0.429188245445119 0.00599637385978493 0.0566388316904479
-0.399609166371849 -0.116607207379349 0.00515352265419577 -0.0783369201586477
-0.330257618302926 0.26496182795376 -0.0667833356749978 -0.0410047714545134
-0.0804604258868617 0.367873321997177 -0.0462449904039978 0.0302251967716139
0.113385970395444 0.332972569831612 0.0154669805901131 0.0670988955125052
0.256206461541103 0.223659418349553 0.0717370763657795 0.0361751922156872
0.273960272395261 0.162051541604194 0.0826330410502625 -0.000195809533722261
0.272723047475156 0.181664677880692 0.0790397398721275 0.0141258953107807
0.165519652301341 0.327391224692922 0.0741181650203554 0.0197446326051
-0.0440013417806125 0.371740843856766 0.050098274761297 0.0492860187749623
-0.292600212711731 0.341400989946505 -0.0132258393649922 0.0689029544467603
-0.441360457309385 -0.0419965231418257 -0.109513462492102 0.0311931558065415
-0.238366358459641 -0.412309590456822 -0.0718202778030075 -0.0110140582924601
-0.00244430096249208 -0.504504256108403 0.0196346787963216 0.0132294806363046
0.00863436352632242 -0.401761660369694 -0.149984890914139 0.22888337057935
-0.203264907022228 -0.372358666379511 0.0520348054737215 0.176045850042869
-0.364010050050154 -0.0833385685376909 0.0241663547847348 -0.0467014519904106
-0.277183732980389 0.235040064953451 -0.0825266427200367 -0.0199114557817432
-0.0683846458441949 0.317875391329618 -0.0632927461427572 0.102679798588124
0.0957853962970261 0.291019251011555 0.0546256411494707 0.168362081550183
0.21556255391556 0.203885894564761 0.156110955610595 0.12056193113658
0.223822146446735 0.149354848493419 0.180537886123741 0.0616354652684951
0.215016963263693 0.164094411388876 0.167606398666398 0.078023353450281
0.121182566863311 0.275133721988265 0.130244125782328 0.0986197686630174
-0.0493100252897175 0.29486681799954 0.0583691444287857 0.119254941111676
-0.228017821801889 0.254315152042361 -0.0164721747484677 0.0964605539055294
-0.333458694234371 -0.0280070395782418 -0.0914764491048535 0.0527876801149195
-0.194227230605023 -0.31632464549203 -0.0292345824534914 0.0588443796665058
-0.0322155813245371 -0.418287102667609 0.0166060699706593 0.165317507410177
-0.0302417616686384 -0.291302752190673 -0.170843344264231 0.386584465022631
-0.172032664544427 -0.243093533651834 0.0942604572618623 0.279953478903313
-0.249829809676151 -0.0316226139041607 0.0462370200522869 -0.00408216749187611
-0.16663655286934 0.157051940705173 -0.0787514544294929 0.00336154903033289
-0.0450662348952453 0.203909506038042 -0.0673655797636396 0.153198840997261
0.0598352713041531 0.197361565331729 0.0869364803705926 0.240886676549172
0.140073395577387 0.149002367428004 0.219516559067993 0.184008037136965
0.139689348372915 0.113233704414202 0.252569687008305 0.113422499240401
0.126893590473611 0.123611890969444 0.228654713778891 0.130694934435109
0.0602485244422719 0.185791429738975 0.158128148112734 0.161056176288313
-0.0493399275029028 0.178107204380788 0.0506574387334793 0.165320756728443
-0.136990903310896 0.129951916506678 -0.0254796190618082 0.103396858779003
-0.183428361975751 -0.0154760516650609 -0.0715617636513026 0.0575171442613189
-0.121352840940845 -0.183855396949257 0.00267812480797768 0.0971065006243272
-0.0542270614134638 -0.276610411069351 0.0178055738454947 0.269161807299346
-0.0622396864308678 -0.129179689990932 -0.170160784560111 0.496269454804567
-0.104973483285401 -0.0723499153591566 0.130721070393126 0.347454338228116
-0.0928425744363463 0.0235171684027033 0.0740695537094649 0.0354558326251428
-0.0305634568684904 0.0504911951428968 -0.054522796144506 0.0144593619227184
-0.0184486478834612 0.0587373461579708 -0.0614324743320922 0.171946788184878
0.0101810767793582 0.0730289797150921 0.105163179799714 0.270409661040322
0.0381720709721976 0.0721560633022179 0.249317475825035 0.216998619757102
0.032859154079867 0.0606649798331453 0.286521316710216 0.147036699300487
0.0240699754052856 0.0658398426807515 0.252554420330722 0.165363264118455
-0.00202028925572307 0.0761572606943167 0.158316137716092 0.200778256060645
-0.0360919536761478 0.0510579228983075 0.0287546983469788 0.186134630742337
-0.0360858986004568 0.0146830014757099 -0.0353520322412341 0.0947861649312937
-0.0377514623754431 0.00922230621461558 -0.0498801318397182 0.0520368443808088
-0.0561321123861677 -0.0394646067910299 0.0219650390144837 0.110243683235975
-0.0732277368767878 -0.107830396426476 0.0207741068532274 0.316734892787809
0.082708356352594 -0.0269853353198097 0.142650682887946 -0.309924156883246
0.0482470503131972 -0.0908336277242741 -0.0217173406470373 -0.181388309063545
-0.0603666304597241 -0.0715912396136598 0.027228290908432 -0.0321674174016972
-0.097518909128852 0.035032300283036 0.0666603637273292 -0.0307054713510163
-0.0258470171195435 0.0726047179349443 0.0886101951077927 -0.142897800503219
0.022373975576455 0.0583881383226216 -0.00788880473881815 -0.257274902336296
0.059698959282693 0.0314052246108018 -0.121134351997464 -0.27502685263816
0.0713083695978493 0.0337198102697809 -0.174655369211715 -0.258252637244531
0.0660840987421009 0.0467597071839412 -0.139108466603066 -0.278695798050875
0.0184699421906637 0.075733433159978 -0.0135114353802836 -0.271324524501628
-0.0417341351077519 0.070914737505954 0.0998381111537622 -0.15957714880064
-0.105358844092349 0.0221663112541381 0.0411322926494398 -0.0307156251434283
-0.0492444920588444 -0.10104857085203 -0.0277295199630816 -0.0892326488456453
0.0838545366629736 -0.0924927366017749 0.0384276399890392 -0.309605680539575
0.109795172936194 -0.00875235266289774 0.361539297529187 -0.406257737859827
0.15310330829976 -0.149158677924876 0.119848698537376 -0.289731486524929
0.0579803826086881 -0.218130280023587 -0.0149352351038678 -0.171196593336976
-0.1311330907766 -0.145517043544687 0.0198405709494828 -0.0534975070683689
-0.206969396821438 0.0540709543049023 0.0426153334411461 -0.0274689231637192
-0.10027237240268 0.156241994628663 0.083644983954513 -0.113441410827518
0.00668630655895194 0.171443226176833 0.00857566653163823 -0.215183740225813
0.105767368911596 0.141938516571214 -0.0857382175746391 -0.236904025395154
0.133792938411685 0.133732818201362 -0.132354761245476 -0.225475360043153
0.125233696183492 0.155552472832897 -0.110553347281611 -0.235009100340568
0.018025964245186 0.214387002106609 -0.0092454539485303 -0.231595924723673
-0.122658286243048 0.183858905723662 0.0803980434499046 -0.135983415843563
-0.258365296046593 0.0754957101869654 0.014601299136712 -0.0293059332296891
-0.187292465606222 -0.19966677166459 -0.0590102535636817 -0.103584744633087
0.0740734327072797 -0.285048398602657 0.0115276668819248 -0.291561163084125
0.199642673176704 -0.194376261130469 0.301005957644226 -0.364458880565394
0.210374455156128 -0.255955197722899 0.0613041104419646 -0.231505139227487
0.0588729431273082 -0.337955457301632 -0.011759549307215 -0.130293645883389
-0.201306896960422 -0.21625849237146 0.0221559711597097 -0.0717246812050986
-0.30781648668976 0.0674641599277031 0.0172740646058322 -0.0382052479040298
-0.170535856172606 0.227760959564196 0.0574534851234535 -0.0815868511720722
-0.0138728650495833 0.268269371016905 0.0123826891604638 -0.145361315282075
0.135764865846918 0.234731333489951 -0.041471103912284 -0.161549970316312
0.176449208306392 0.212696446184672 -0.0692255040610686 -0.158280360462993
0.168448117757691 0.236929098731844 -0.0620922218166088 -0.156564897569129
0.0221384233406915 0.32097132468962 0.00473715514124021 -0.156565660163441
-0.178421239665416 0.278163920609057 0.0570587698631871 -0.0859661246314282
-0.373804488312054 0.136245780139681 -0.0120251708912763 -0.0119477275909794
-0.31376244128515 -0.256463711429297 -0.0876945944776952 -0.094237238855783
0.0356036483530641 -0.433635446923238 -0.0190328804611092 -0.232275964865273
0.249108135950247 -0.351073251678776 0.212421375582321 -0.265390763320282
0.242985655289866 -0.336847264797483 -0.0299340962654226 -0.134281522736321
0.0446709038553797 -0.435140654876107 -0.0146654983762725 -0.0501497932452904
-0.269270039643246 -0.269116292291499 0.0303482882694283 -0.0749568827475212
-0.385115690306756 0.084208250550416 -0.00973347212838032 -0.0506592802542122
-0.220911157056544 0.281326465094321 0.0125852697261116 -0.0401508929106018
-0.0307779683623018 0.334807560630573 0.00562341608514825 -0.0485760235739819
0.146638156300541 0.297043530363629 0.00604129630412079 -0.0573888344461807
0.192092182016301 0.259779936983361 0.00369302462135239 -0.06774363305836
0.183638467058276 0.279066966123212 0.00014898895777679 -0.0582112813302178
0.0231022183530008 0.374721778189503 0.0279406050520627 -0.0568057630096627
-0.203495417308669 0.331312479347433 0.0348062672569971 -0.0130443336381244
-0.428482753307269 0.181068837298814 -0.0352871368175024 0.0191362848855094
-0.389190968239683 -0.264797755890641 -0.107282110335903 -0.0651888427218575
-0.0103582029834664 -0.502184848498224 -0.0401721504345776 -0.141099825932869
0.252419596780372 -0.44211437741747 0.112163354155126 -0.125592315472769
0.238529598731122 -0.374953297149019 -0.140829658957472 -0.00452222359556994
0.0140596464161971 -0.474979859927789 -0.0233470903732404 0.0654674753537302
-0.309251238276503 -0.281588262211478 0.0391915748284376 -0.057290481259314
-0.407728330206432 0.09512995193454 -0.0395392561825438 -0.0547252308978088
-0.232983562245719 0.295868653283664 -0.0415036633512021 0.0135510924652761
-0.0390666658584977 0.350474690271651 -0.00639908337776934 0.0641217652821787
0.137731115797274 0.314067756458827 0.0521581620884835 0.0611574686903323
0.179100486699561 0.267815113968762 0.0763101486266409 0.0328165990021148
0.168338149352461 0.279034994673966 0.0639561745372676 0.0459735153330806
0.0142789342988767 0.367010849933949 0.0534687359103138 0.0494382033960304
-0.199393364354024 0.320650435514562 0.0144483316242213 0.0664762912488685
-0.403738030692875 0.179778073976017 -0.05300297854478 0.0538164807122321
-0.377957396973081 -0.233040934602597 -0.113323462316599 -0.0278061649313624
-0.0355677129574504 -0.477105980100679 -0.0476455497780245 -0.0400276084497367
0.219684691456575 -0.452997052882979 0.0182340184564879 0.0261384622512789
0.191022169478101 -0.35603947176663 -0.251377658073838 0.14027569516636
-0.0188252985552614 -0.429969807513402 -0.032818455486683 0.192455558511479
-0.289604122132128 -0.236213297706932 0.0425726305515725 -0.022068110499988
-0.346842487684921 0.0904981931866464 -0.0643455615183942 -0.0453004704841233
-0.1995274156271 0.254384072761442 -0.0912615855227011 0.0700316070683085
-0.0370688932852949 0.304414016997766 -0.0171488656473103 0.173659163429693
0.111347979130525 0.279160989577279 0.0910950717568866 0.174290398769609
0.139620167543535 0.234890419532686 0.137087787735807 0.129252283446072
0.124781465778674 0.238294960120911 0.116756207449728 0.14053217738047
-0.00438593229175369 0.301217828314115 0.0708826926156578 0.14318772497266
-0.170695034127654 0.248041008646132 -0.00636114948078935 0.132332701362875
-0.309238455441449 0.130340204488017 -0.0651386713229174 0.0757200913392766
-0.286645176584627 -0.172102228928976 -0.106672196712137 0.00210876019577383
-0.0359942362586915 -0.369045777626194 -0.0435677312324906 0.0422982507520275
0.153288742420136 -0.388097422790532 -0.056688166757712 0.159453201156519
0.107819496823754 -0.275094037891478 -0.338044165695603 0.276165580576623
-0.0467234594211786 -0.298947228987674 -0.0382636268523092 0.301466807391702
-0.209829989215144 -0.138996998927137 0.0442928844720104 0.0223572189638733
-0.214393024987408 0.066642229817284 -0.0722937696305691 -0.0263878031532868
-0.127603942214647 0.162198403615058 -0.12203086278749 0.112629360456156
-0.0282914438652365 0.203506171100836 -0.0225742482422044 0.25408857148261
0.0660874399418913 0.197383755872289 0.119700743431084 0.260049170207587
0.078049442305945 0.165724595726492 0.178856551924578 0.207327665852451
0.0620967854477343 0.165366385627219 0.149024308767642 0.212099988574125
-0.0227518865999765 0.193429804400171 0.0710572722908791 0.210014039796156
-0.120483503363155 0.140980713810165 -0.0307057911879718 0.168594400899133
-0.175842692523889 0.0579609981404674 -0.0718549933489094 0.0778095709979709
-0.156136486028149 -0.0945352396499608 -0.0899863936540695 0.0182341428074839
-0.0274120881726945 -0.21653344967244 -0.0356412443640473 0.0913029163978982
0.0727435670782047 -0.268324136877353 -0.106299684317306 0.250176633726494
0.00673089630656465 -0.144167667437855 -0.382648214524021 0.374498482853432
-0.0614648543283416 -0.11550503161507 -0.0334335501721516 0.373285884557259
-0.0922201305565865 -0.020105244401521 0.0515425986584296 0.064898797901798
-0.0480130832631962 0.0298590928267806 -0.0578432118877248 -0.0102585343926917
-0.0400763795714893 0.0436599658537825 -0.13102046511414 0.129333410542805
-0.0198642014416895 0.0692685498762229 -0.0224093636026822 0.290169644132216
0.00632941967231287 0.0839431199036352 0.131397662049186 0.303336238415331
0.00411612949033002 0.0711886235351309 0.194547192796523 0.251529572174608
-0.00599422800985168 0.0701106461379662 0.156261259191053 0.252793860080672
-0.0333790133394889 0.0683736037314139 0.0557684063795336 0.245064322984726
-0.0543753189734228 0.0306954018980732 -0.0558796582881921 0.177045481714777
-0.0375086615193592 -0.00318934367986364 -0.0722971774957975 0.0657209061779917
-0.0356523717286257 -0.00790275593500841 -0.0674208086454216 0.0251887592591603
-0.0314339683036383 -0.0574222195773454 -0.0277604829063793 0.111946551435258
-0.0183135526582446 -0.124816571946792 -0.12705735744952 0.292021430998015
0.0794719700006716 -0.0316523161141673 0.125789071976235 -0.308118291411769
0.0398778749562436 -0.0928123420782238 -0.031588520570081 -0.175893433777928
-0.0635293834621609 -0.0654499228098817 0.0223482077579756 -0.0342169894061127
-0.0921146681892333 0.0432196325574728 0.0610966384678811 -0.0310714091163745
-0.0201999973060462 0.0727142816907447 0.0783129921821577 -0.141040854195112
0.0254369543556746 0.0556778445744049 -0.0227934793930869 -0.248545905483676
0.0604542771780743 0.0267209585179979 -0.134330370008605 -0.260403974639658
0.0717033136284358 0.0272274555360607 -0.184591631146438 -0.240860924287887
0.0680127921003324 0.0404900384135264 -0.150711205135704 -0.264043730283941
0.0231999958554589 0.0734102151391786 -0.0281530006518021 -0.266456589665944
-0.0371093081240163 0.072997947773265 0.0915938344591214 -0.163743907544516
-0.101647134000625 0.0282534431972458 0.0423175498851334 -0.0313889096841133
-0.0550628572333574 -0.0964438016403152 -0.0281384622327694 -0.0839678504585282
0.0766595682172304 -0.0966440693343969 0.0206295555901635 -0.30074802972174
0.107606816166068 -0.0159278245791123 0.332185819346074 -0.410909888229021
0.143743453942929 -0.152397296228988 0.104520930142557 -0.287507328635142
0.0428944971508871 -0.217582515024017 -0.0244972465131495 -0.167018982047981
-0.135049564530998 -0.133727385987273 0.0135360719147213 -0.0542187573060097
-0.19673232545007 0.0665332693550293 0.0375240387627845 -0.0267168967080095
-0.0884960229408484 0.158459757976265 0.0748941031571888 -0.112936418113904
0.0169594348430354 0.167297564188515 -0.00367832797737447 -0.209029714534222
0.112447300053372 0.131054157353544 -0.096800243297936 -0.225288746819336
0.137640508024591 0.120769847994748 -0.141772492525497 -0.212003129498262
0.131075994115193 0.143007394503644 -0.119895131787498 -0.222891432303469
0.030177626177712 0.207953684016742 -0.0222731645102248 -0.22821345562433
-0.110820210154702 0.186715488028454 0.0735012866201284 -0.139768449177091
-0.246951964495644 0.0882209213365529 0.0166183521253724 -0.0288394887459216
-0.193879369666582 -0.185961631403663 -0.0591665749971887 -0.0948348358072347
0.0580520957112304 -0.28419908853013 -0.00398607615614422 -0.28245391638081
0.187700638994115 -0.200369285816636 0.275944003340369 -0.36713401532542
0.195278804011879 -0.257326109507779 0.0487411029090611 -0.228103442198451
0.0390986467444668 -0.334022734339742 -0.0192595490365464 -0.128200886299706
-0.205269593023589 -0.200028328378873 0.0141790542548596 -0.0724295991159079
-0.294180900711475 0.0842763427038845 0.0123037537751082 -0.0354499000799793
-0.15324876720919 0.231857892759776 0.0499677407149449 -0.080541414673655
0.00284447075861724 0.263077580329115 0.00472934943346902 -0.140943055633741
0.146370104795979 0.221044133146596 -0.0492791091164766 -0.154542948965013
0.183511604239874 0.196271727537081 -0.0768425074293158 -0.150569110552415
0.176807706032228 0.220053164687736 -0.0684600386656109 -0.149690834383088
0.0402163468167231 0.311573305360124 -0.00436827864441028 -0.156045553998834
-0.159770659667188 0.28261490480124 0.0528330450288525 -0.0899430928536963
-0.356231185512979 0.153194897416596 -0.00866738005256862 -0.0124229059255917
-0.318529770467598 -0.23544264323467 -0.0869706672440872 -0.0835326706080032
0.0138832462136541 -0.428170275592856 -0.0316786162055182 -0.223134187668472
0.228863121143955 -0.35351950440065 0.192989035390734 -0.266443081507865
0.222699730835297 -0.33742215978826 -0.0364928719868577 -0.129136434951739
0.0211851397664293 -0.42866470208228 -0.0189575541124987 -0.0499019380936298
-0.272710483789184 -0.248483538739166 0.0214577740903257 -0.0762633322255861
-0.370309970601826 0.102244164790825 -0.0156088485254953 -0.046534371824279
-0.19992621762202 0.287355716465198 0.00755806169423009 -0.0389802063154291
-0.0104456403485193 0.3283077210229 0.00295276606073872 -0.0461235847831772
0.16076779040234 0.280693064433724 0.00395177179840863 -0.0559138649285189
0.202068450835774 0.241869784830614 -0.000590496502379035 -0.0674235761643068
0.194403669431837 0.260804663666003 -0.00254438444927141 -0.0569898344114666
0.0442389859938219 0.364245647194201 0.0230684250453954 -0.0602036463499437
-0.181172318638853 0.335741478457199 0.034359968251401 -0.0178149199515456
-0.406443184394215 0.19955750480383 -0.0307139568280025 0.0183312451266548
-0.392766836639532 -0.240253891813742 -0.105130405641919 -0.0542904333109401
-0.0330010427421234 -0.492932972561313 -0.0472832738659068 -0.132116171634629
0.228706653219899 -0.442148109869867 0.104440036203139 -0.127288479437417
0.216537153077246 -0.373123976324674 -0.139594555231152 0.00269247303571976
-0.00856904175803646 -0.466182598235294 -0.0212958447109352 0.0629790785321367
-0.31188875365053 -0.259220188587045 0.0303767728219238 -0.059535212367267
-0.391388400901307 0.113436803237701 -0.0453209025591871 -0.0494675753962364
-0.210610395035654 0.301648373247826 -0.0433113426869411 0.0156102935920737
-0.0177627577586311 0.344612173516517 -0.00261141434031514 0.0651905682157751
0.153966300132723 0.297843568899383 0.0551950017558471 0.0567860303445409
0.189555700026583 0.250968568379037 0.0747551181517152 0.0264922429709079
0.17879896841951 0.262323705651243 0.0647912369396672 0.0406345958774402
0.0352652582090997 0.357362534181743 0.0539169121129289 0.0422078943692216
-0.178384265652706 0.324774223445758 0.0185687543434265 0.0613843949531046
-0.381443236004224 0.197960815459181 -0.0464344101994636 0.0517329812203875
-0.379253976829577 -0.208671391436111 -0.109127119847806 -0.0172810873726708
-0.0570771489455431 -0.466146828814918 -0.0482677092901452 -0.033010015462597
0.193788030399804 -0.450373836637592 0.0204731369193726 0.0242764171427674
0.17200811275884 -0.352429185067831 -0.241361061560396 0.149248309421898
-0.0375734970238242 -0.419269174086846 -0.0240713031460525 0.186993078435854
-0.290087747723485 -0.216471922366189 0.0363097989701754 -0.0251498725696963
-0.333016912043707 0.104545469708968 -0.069058689426205 -0.0389275939899161
-0.180872228575533 0.258269528859955 -0.089347373402243 0.0733618225353659
-0.0178559072824043 0.299806964651153 -0.00652272472939883 0.172303874109586
0.125255823888216 0.264972551783968 0.100086558982283 0.16500737452132
0.149340763045289 0.221564750732339 0.140450041763736 0.11698663053284
0.133802672544459 0.22572356823765 0.121444833499241 0.129511073978828
0.0126841098867406 0.29325879115636 0.0763550200957159 0.133470819759752
-0.154304542148718 0.252100809967919 0.00191320476914913 0.126773041411198
-0.292031866851106 0.142829076724605 -0.0577630275760303 0.0740734852148593
-0.286471124727736 -0.153936966005256 -0.101152171326794 0.0107406092269466
-0.0513829407727909 -0.358973103518095 -0.0396125197046858 0.0469103426862912
0.134510761681687 -0.383328053006455 -0.0459673173688842 0.156905202650445
0.0929463053757187 -0.269681731797913 -0.319028695526171 0.284936884527157
-0.0585383539886483 -0.289316529780192 -0.0237869602802087 0.293923193534164
-0.207797556394588 -0.124805330660154 0.0407825886263053 0.0181346060086477
-0.205194006036018 0.0741611507961219 -0.0753428687716339 -0.0216101978254792
-0.11648389537733 0.164113645785812 -0.11762548036095 0.116501522697411
-0.0157292284107988 0.200231290681843 -0.00764626738492799 0.25186323922384
0.0762078461465023 0.188176967102066 0.132159383419294 0.247191323293825
0.0854796402794746 0.157841089737387 0.185015526638474 0.189759395878025
0.0687856029786536 0.158292866804974 0.156677375039512 0.197369195795859
-0.0122555952933489 0.189694363547509 0.0808111800016502 0.199617474913849
-0.110805128569462 0.14389823431128 -0.0203497211177211 0.164232120415383
-0.166773176832518 0.0638398042171295 -0.0641541097064592 0.0766223462719306
-0.154105135367588 -0.0845719866224258 -0.0850698103929467 0.0250589297796197
-0.0358059430032382 -0.209705181326436 -0.0284380834896132 0.0936942580139444
0.0586147152528127 -0.261995492756121 -0.0888486135495331 0.247324795390124
-2.58833466691608E-05 -0.137760593161731 -0.356596579964905 0.382686348272826
-0.063436182902307 -0.108026938184104 -0.014684557047178 0.362912387966246
-0.0886236110558698 -0.014598454292256 0.0511789181450425 0.0592420174288483
-0.0448587740337865 0.02882596635772 -0.0603150844980891 -0.00745385054452531
-0.0375907044368718 0.0436138601140572 -0.124151217643262 0.134036214800581
-0.0155690150736009 0.0684924188944439 -0.00558642471178077 0.287042758716718
0.0111432525536015 0.0807044334521844 0.146212776989946 0.288995422372403
0.00777725119881376 0.0701195155447331 0.203220751572793 0.233164370795291
-0.00291566534666494 0.0700708104038241 0.165796615950362 0.236925172392945
-0.0299972817986899 0.0684158060236063 0.06795890460835 0.234005450242516
-0.0519498909922898 0.0317100954578156 -0.0445690093253827 0.174345068956143
-0.0363706403254202 -0.00322352091777784 -0.065467983114034 0.0650182981582554
-0.0323568000549285 -0.0063508750068031 -0.0631621575274228 0.0293679607156754
-0.0317104530271257 -0.053420767464187 -0.0194584330767361 0.112259244020509
-0.0231288225321121 -0.118144315130666 -0.107829356629294 0.288293709454491
0.0754099730949962 -0.0347492880889215 0.114410991873806 -0.301561086355203
0.0329133026353302 -0.0920620197565438 -0.0372873807403747 -0.169652048716726
-0.0644158195935091 -0.0595140691842522 0.0179299937178377 -0.0343146780981843
-0.0858736581472938 0.0474875620372525 0.0557832583222311 -0.0296137764152936
-0.0159102408874905 0.0717539052980831 0.0718312742781823 -0.136134606092741
0.0271474003731729 0.0530056923087977 -0.0312368626712429 -0.23766215875742
0.0596722773135887 0.0233603136498908 -0.139280011729069 -0.245154474288513
0.0703344723139935 0.0221921162017307 -0.186374921844855 -0.224582018433858
0.0677280617857342 0.0351079449911555 -0.155592596646123 -0.2497906081811
0.0265559838051514 0.0702008539750584 -0.0373355334883111 -0.258653492662903
-0.0331152313221623 0.0731810494432543 0.0851916719194948 -0.164826296675774
-0.0970180965817098 0.0318550784170091 0.0433258049186043 -0.0309886557117066
-0.0581537002219875 -0.091963747058351 -0.0265272234538505 -0.0787804724618705
0.0701914863664597 -0.0978663046472818 0.00932469765874023 -0.288585550721977
0.103935842229154 -0.0202650054304561 0.307029405348474 -0.402878584223442
0.134691926456922 -0.15180505970812 0.0927696072205322 -0.280407243333433
0.0323840022539536 -0.212322396201415 -0.0305828184119711 -0.160909626513199
-0.13448654451025 -0.124041559524109 0.00840226449907107 -0.0534725219920412
-0.185614726967296 0.0731725047773034 0.0335645142310666 -0.0240977623854185
-0.0781374075134543 0.156466386789054 0.0682034025807665 -0.109978819429813
0.0236924779022301 0.160691108521907 -0.0111036167843158 -0.200631171249952
0.114767886748531 0.121917352150623 -0.101271881441304 -0.21314672694977
0.137351564839666 0.110349749643565 -0.144015300072962 -0.199034672127145
0.132405726770039 0.131875232417656 -0.123766990575875 -0.211045785800029
0.0377759886058188 0.200875942897561 -0.0302892776657163 -0.222570637278727
-0.100883529723871 0.185888650479567 0.0681880833034007 -0.141050280572412
-0.234715803718719 0.0936395692913592 0.0181625978825171 -0.029174271715005
-0.194665700748198 -0.17428622380002 -0.0562333189945122 -0.0875663633562474
0.047221817151974 -0.279415603188149 -0.0138354512445829 -0.269970762670812
0.176838423167872 -0.199870708722456 0.255169696579496 -0.36073842640507
0.182907273210601 -0.253805700721034 0.0403691933103595 -0.221814344115204
0.0261781568963998 -0.325878736495235 -0.0244925393160887 -0.123922107677778
-0.202885294270211 -0.185852766961011 0.00732657722610982 -0.0711992890760197
-0.279123064024515 0.0925900948624283 0.00798149998964348 -0.0318514296677855
-0.138343802657113 0.229798799778807 0.0441569383492202 -0.0786652911942624
0.0138866382069831 0.254701140656656 -0.000260977901435474 -0.134480579097883
0.150687711045437 0.206537449687257 -0.0525167419877198 -0.146850111228993
0.184720329175923 0.18162525702397 -0.0799419072382575 -0.143052163566148
0.179148013540111 0.204878254257384 -0.0708022955787658 -0.142708602683344
0.0501729707420412 0.299881897124784 -0.0115663700359494 -0.152826086942284
-0.144718251026102 0.280418408566946 0.0490793282968719 -0.0920989496341754
-0.337228329076172 0.15990706836676 -0.00646688986991822 -0.012664032302161
-0.316528691996591 -0.217085385160607 -0.083166706608038 -0.0752578989917586
0.000121887568509307 -0.416154927613866 -0.0375911757083394 -0.210994337081584
0.213100498952125 -0.347852299455845 0.178851900322817 -0.261976798891296
0.20840135595399 -0.33115416975975 -0.0398677274500506 -0.123027505471687
0.00707539087738965 -0.417469210280156 -0.0219405884133964 -0.0489288665814755
-0.267926398729216 -0.231864927356964 0.0139205741745995 -0.0756196780143038
-0.351180578484866 0.112228991498896 -0.0196035047069488 -0.0413223821188255
-0.182209763575412 0.28464476628878 0.00341106891126072 -0.0367914259057723
0.00410041654740816 0.318364914003476 0.00184176638239316 -0.0430016684529345
0.16725592882839 0.263851650876834 0.00219236928979911 -0.0541454619911369
0.203943199083449 0.224677637147054 -0.00391567328996415 -0.0658157005191334
0.196823962801026 0.244252292705652 -0.00380664984660029 -0.0557565151093065
0.056525100719546 0.351097299925893 0.0186553575102867 -0.0617861483440923
-0.165036911273722 0.33296516094492 0.0333254164524774 -0.0215832526938862
-0.384450312909275 0.206450504811721 -0.0271409693625951 0.0163827641486762
-0.387396472420717 -0.218561622548994 -0.0992939142694427 -0.04608443206138
-0.046557990518236 -0.477914478348093 -0.0496969939112918 -0.122816304353131
0.210560400559081 -0.4340275288243 0.0982055964876903 -0.125559285486747
0.201690924361462 -0.364685495314039 -0.135942671687836 0.00755310999487291
-0.021771082092728 -0.451537701654153 -0.021184513582363 0.0600591881621154
-0.304945788444551 -0.241778203315523 0.0234107080459101 -0.0592879993404354
-0.372333202059703 0.122480248378463 -0.0484931090450039 -0.0436580834672939
-0.193365786339597 0.298962109056495 -0.0450716238448226 0.0174701696649705
-0.00315936291291157 0.334301328206699 0.00059959158216636 0.0650177063044474
0.161842796522357 0.281425534197696 0.0564744738770943 0.0534133831428019
0.192779640114227 0.234764704297923 0.0720086021819076 0.0216846444535009
0.182058026204034 0.246534383642665 0.0644896917197864 0.0360077678013233
0.0467492567393379 0.344427198265431 0.0522159669105405 0.0367975476856381
-0.161633194672128 0.321582248672398 0.020722137838327 0.0557717341635697
-0.360784992610379 0.203583923457868 -0.0423138907816917 0.0488103041678463
-0.372353533009138 -0.190629973595632 -0.102766799873292 -0.0104340154353896
-0.0684730789167626 -0.451524828709499 -0.047072763269894 -0.027154930931808
0.175921062789504 -0.440039297255599 0.0220898784159615 0.0226785058079893
0.158777347164345 -0.341794425448563 -0.230699336051806 0.151744988759531
-0.0497791695800871 -0.405023383413147 -0.0196845861898633 0.180410099549438
-0.282753641686842 -0.201240749842106 0.030329409059759 -0.0262545647392761
-0.316958006573123 0.110272015180786 -0.0711440140152807 -0.0335623618544213
-0.165791782709903 0.256373895968643 -0.0881546582343167 0.074152832775793
-0.00543174922932385 0.290452728881634 0.000281621106707142 0.169361826664386
0.132222301374557 0.250748349097001 0.103882571379749 0.156037404480216
0.152830165750192 0.207800134988534 0.138330809762312 0.107034269316957
0.136829708827603 0.213290501325685 0.12219746319125 0.120562619331571
0.0227811507671862 0.283733181047431 0.0772834004367544 0.124441942046611
-0.14042807507865 0.250268421350194 0.00561557080983134 0.120133983339935
-0.276101409910764 0.147615948802809 -0.0521456733491993 0.0704333007087271
-0.279540264000863 -0.139204228270891 -0.0948452432399027 0.0166912837624095
-0.0597071726721365 -0.346994034425776 -0.0353123167503846 0.0490353440696959
0.120781157043048 -0.372243932302201 -0.0377764131194113 0.151367295926198
0.0838915631874837 -0.25981633183339 -0.303459639401171 0.285311854758472
-0.0634447285484767 -0.278418274330567 -0.0158305834013256 0.282860187293996
-0.200833113245096 -0.115110648572525 0.0369164196934094 0.0157136616906931
-0.194950969449435 0.076124695248199 -0.0763510107837977 -0.0173105957890335
-0.10714270575982 0.162236547909754 -0.113543652285229 0.117569355721259
-0.00723423532458775 0.193954228440344 0.00264436705459049 0.245540136286579
0.0811514861477557 0.177942652945814 0.138038307630252 0.233962535773233
0.0886463424677339 0.149744167693201 0.184555347557271 0.175124854753647
0.0715524538487213 0.151559639527072 0.158284953582717 0.183633982401099
-0.00585015605001063 0.184509076558311 0.08454716216157 0.187943725187551
-0.102442251043081 0.142971671167403 -0.0142715271410986 0.157527926895307
-0.158159779101076 0.0662547190513193 -0.0591568120550079 0.0727527708558895
-0.14942258068964 -0.0770934185688292 -0.0796453769687756 0.0291240301637865
-0.0399302632910407 -0.20218807171504 -0.0224465133585104 0.0932709105522409
0.0504781099099151 -0.252179563605155 -0.0766113414866843 0.23941538661054
-0.00384281796794381 -0.129928671887163 -0.336207974624346 0.380072502500941
-0.0631188607982748 -0.101752732409026 -0.00395781320045745 0.349300462169483
-0.0830005932597024 -0.011401463330571 0.0486266882882601 0.0548317895069041
-0.0426814142484859 0.0271422286143171 -0.0612174144188092 -0.00497041741661683
-0.0354896293767875 0.0434134395573849 -0.119151944522792 0.135385945668028
-0.0123930966196248 0.0663835841773026 0.00545965829346932 0.279470164483529
0.0137306657463937 0.0769900785628123 0.152643728777689 0.273274612751323
0.0100787663854732 0.0686162560832911 0.203548406397744 0.215906759973431
-0.00112656407030748 0.0693583423850275 0.168280234873801 0.221539405942425
-0.0275476732527971 0.0678292307549107 0.074430021475923 0.223095085606596
-0.0497103385829934 0.0317933599093813 -0.0370339891718194 0.168103541695083
-0.035049908379457 -0.00402339216349009 -0.0604118796782753 0.0616261866454472
-0.0289615525737252 -0.00555335298858817 -0.0587353077315347 0.0314254174304503
-0.0303700176257013 -0.050744753533742 -0.0130634622953846 0.110820071948169
-0.0246387434681706 -0.111144444448036 -0.0946088281356701 0.279264900146578
0.0719854972743201 -0.0362288426638186 0.107504893177097 -0.294732755996433
0.0277352493786373 -0.0903122179244059 -0.0409379012873542 -0.164310945511912
-0.0650463691985137 -0.0546679993068993 0.0141742005353144 -0.0342954964807668
-0.0802284615058083 0.050195554828435 0.0520097155810395 -0.0270176196817424
-0.0124028293540488 0.0700698939116169 0.0681122234131165 -0.131281917355311
0.0281491028517153 0.0506819894356077 -0.0347043129754608 -0.228641262114203
0.0590616549935415 0.0204932620191627 -0.140042683740133 -0.234687775267089
0.0688724147808238 0.0189801249757413 -0.184682156208206 -0.21370885209097
0.0667240507273598 0.0310803001466165 -0.155180148321513 -0.239241404583142
0.0283166459564989 0.0679794646155435 -0.042320097196252 -0.252556745073181
-0.0305883001533222 0.0731993435878647 0.0812137050443701 -0.164369493886028
-0.0937568197804354 0.0340997140897324 0.0448998988399938 -0.0311292724685501
-0.0599506997309978 -0.088452030183464 -0.0238146731479843 -0.0755436723167786
0.0652897926434286 -0.098163331245751 0.00405427227477349 -0.277281478183421
0.100547638805258 -0.0229794583049517 0.292099617898004 -0.394446882893035
0.129623612568864 -0.149671897975791 0.0865110320508777 -0.273413286142088
0.0254276666144384 -0.207839111676315 -0.0342607705558819 -0.156810393100127
-0.132654946888414 -0.116759272163517 0.00424275783858899 -0.0529208347077481
-0.176220895987624 0.0771631797427079 0.0304405227695718 -0.0211897921752783
-0.0710279949823908 0.154275451938391 0.0634733879544348 -0.106048730453212
0.0277578077385282 0.155699745874444 -0.0141747874580108 -0.192735123753572
0.114512649101369 0.114558067346103 -0.102799388310262 -0.20428130368973
0.13568666233865 0.102595004441175 -0.14351516672686 -0.189856211057416
0.131694077115237 0.123828638703367 -0.124392740140636 -0.203383213912108
0.0421958599145829 0.194851330329191 -0.0362710145818649 -0.217654063681625
-0.0943994248316473 0.184335065192943 0.0642571855469368 -0.141951373222447
-0.225787763974976 0.0966867052700491 0.020548020374008 -0.0292114607824931
-0.192977565869714 -0.166095628351102 -0.0529351904109917 -0.0827309155553744
0.0404675157134383 -0.274264340268763 -0.0185831068050822 -0.258278365877732
0.169358054735497 -0.198482271845919 0.242488636332649 -0.352816882480027
0.176158309234978 -0.247933030334698 0.0354754374792799 -0.214827273528658
0.0182221337403008 -0.317902235063558 -0.0279777545776782 -0.120640467394965
-0.198404071345131 -0.177226653074251 0.0025429645183035 -0.069724484261907
-0.266159466480704 0.096816689718483 0.00543815481391559 -0.0278908629623487
-0.127769606605943 0.226874630705472 0.0399737001886775 -0.075820460993775
0.019857188325054 0.24734722609414 -0.00304627606496809 -0.129375854743781
0.152076450464771 0.196318469027133 -0.0534984281854558 -0.141702747018047
0.183160466113073 0.170373029244989 -0.0810132570891241 -0.137372043639169
0.178446200925948 0.193482440951802 -0.0713909970994694 -0.138066517708923
0.0564908565785801 0.291074735821292 -0.0165497532154049 -0.151151979288198
-0.136160028901071 0.277031803077583 0.0467684522487796 -0.094086012179244
-0.324070674132465 0.162418622146372 -0.00414086133369699 -0.0139199962248513
-0.311500039612199 -0.206973318977476 -0.0785118060806993 -0.0695609477516688
-0.00609893454671429 -0.40793514717501 -0.0407598738477069 -0.201819573390334
0.203068731749583 -0.343144206813802 0.17077291010358 -0.257326940969636
0.201875377079916 -0.32284770726149 -0.0415420767401173 -0.1185703175068
-0.00125986182386349 -0.406217623153339 -0.0247712439782725 -0.0476701599854691
-0.261827314237216 -0.221907924961679 0.00848071931987224 -0.0740412570782017
-0.337162678783128 0.115160113288681 -0.0217711615259102 -0.0367409458148094
-0.169657829225767 0.280838708830309 -0.000227295519903486 -0.0347563686429977
0.0120950362526306 0.309535535571627 0.00117040811398616 -0.0399003428839648
0.169428554869468 0.250939563126054 0.00219897962650951 -0.0526124791204777
0.203306857387311 0.213058745630191 -0.00624560070391749 -0.0644230946749489
0.19653867656333 0.23238797062393 -0.00421723184290234 -0.0551486198889077
0.0635984049121207 0.340642936451926 0.01465789295977 -0.062834065480334
-0.153462168077579 0.328444761567108 0.0316179312274015 -0.0251738902291724
-0.368481819360765 0.207900660130933 -0.024195460438944 0.0144518712085317
-0.380714039461239 -0.206702436038452 -0.0936685796046436 -0.0409829341285863
-0.0524351104526969 -0.466797225681218 -0.0499125582076301 -0.115625070568028
0.200177244838413 -0.424722011030925 0.0942130908501217 -0.123657526520481
0.19403995890022 -0.354906843467099 -0.134072823788251 0.00996358385407849
-0.0286344034257265 -0.440326597427729 -0.0219093610416674 0.0577696639514875
-0.297637763411512 -0.231751289818699 0.0172696856051787 -0.0580398358811269
-0.358084411243686 0.125250826422213 -0.0503331665321009 -0.0386628900563347
-0.18075853799683 0.294997842759772 -0.0473001628997943 0.0190770065274158
0.00604866115263483 0.325100261871606 0.00267992643055047 0.0653841388541132
0.16422924388627 0.267579245998045 0.0574525365680844 0.0504130771228544
0.192688528405604 0.222735358703539 0.0696023661940331 0.0186200088335797
0.181897257595701 0.235384123818812 0.0640997137001566 0.0329865583908513
0.0534670335852675 0.334677328555087 0.0495793877767133 0.0324039119962333
-0.150280620132662 0.317953274765892 0.0205255671589354 0.0509071734667815
-0.345115451404069 0.203858515556095 -0.0391530376223474 0.0458542078266435
-0.365759010542136 -0.177725191167158 -0.0967150588011195 -0.00616047491093217
-0.0738901170840791 -0.440828377316284 -0.0450389323184053 -0.0228193250577059
0.168630343809939 -0.429992135956166 0.0224291679700053 0.0204926153547295
0.152621235263891 -0.331832609262288 -0.22414115435179 0.152041880910328
-0.053616656010633 -0.394199165433032 -0.0184293271675082 0.174788956762503
-0.275062272029607 -0.191804196897199 0.0253789318463444 -0.0261325455147498
-0.304740774487609 0.112135767308608 -0.0726185767742577 -0.0292990219895791
-0.156253274799847 0.252150696845528 -0.0883677227414086 0.0755278806312209
0.00180463275702676 0.28230285032118 0.00508242186897499 0.166785265477267
0.135168965486046 0.239331008775933 0.106151358187789 0.148893459300147
0.153195567879007 0.198455108730772 0.134790382787545 0.0993916382720485
0.137605616158676 0.204925637220287 0.121536610361712 0.113012034053258
0.0285688661367545 0.27542192623393 0.07640168025414 0.117273947620366
-0.131273289246802 0.246759763312081 0.00785663825202545 0.113849735047647
-0.263684248585796 0.147414705590105 -0.0492841082744395 0.0667089405474612
-0.272577140701062 -0.131710066516196 -0.0893520297035298 0.0199931377933808
-0.0628196522597467 -0.338276000387169 -0.0315682254476563 0.0501821903390147
0.11309484577857 -0.361731345116846 -0.0330889246875259 0.146143271143841
0.0799676707111089 -0.25125574481905 -0.291924707678392 0.282959488890366
-0.064677198069607 -0.26926819754582 -0.0121561614172372 0.273674545651771
-0.193656903065859 -0.110241160531523 0.033072368861486 0.0143497855549455
-0.18805515751084 0.0752421278059759 -0.0774274294105133 -0.0140930669559024
-0.101704920689926 0.159985203087969 -0.112509972072649 0.11791403896134
-0.00242611047276636 0.188343394925522 0.00871580791844146 0.24099193167518
0.0833818609195141 0.169868340359493 0.1408577219798 0.22368125259155
0.0898881478231457 0.143867160125135 0.18154156047088 0.165695605770255
0.0722732556063168 0.146691786355463 0.158093732335248 0.174439072175827
-0.00207179950654797 0.17999442496773 0.0853407566996428 0.179443317527762
-0.096571591283273 0.14108100266781 -0.0109144200665898 0.151384983175275
-0.15108576139429 0.0658386420039495 -0.0559440914300961 0.0690504340223705
-0.1444454288571 -0.0730363857764574 -0.0750877534945221 0.0309402710093581
-0.040498532032093 -0.196401460911155 -0.0180110456634167 0.0929951243288259
0.0466963738645916 -0.243858786109457 -0.0694944529779763 0.23153296434657
-0.00474083898075739 -0.123702056895721 -0.323127698134105 0.374865142567522
-0.0611527921466352 -0.0967708133476926 0.00126157285406624 0.33737933307016
-0.0781166901733929 -0.0103391017295566 0.04610200994434 0.0517692619058344
-0.0415465760102787 0.0248646582625574 -0.0622222928973672 -0.00361480344116079
-0.0340605250287228 0.0423061172761417 -0.116101774709525 0.135153362831524
-0.010420913316319 0.0646384334775445 0.0123845189584213 0.27317095903329
0.0147945001758485 0.074025567266631 0.155630554832271 0.261983960941723
0.0117437258675888 0.0671147857036877 0.202066676133724 0.204427656602396
0.000409450875865024 0.0691069741297319 0.167922225699379 0.210911238271924
-0.0264182109787368 0.0671739839966241 0.0770187977079058 0.213624430688966
-0.048297282644768 0.0311501910193857 -0.0330570944386343 0.162749976581496
-0.0340458243401244 -0.00502558561363741 -0.0575928080203757 0.0580885747115319
-0.0257887703740515 -0.00575884486320263 -0.0550359095752007 0.0327901449330973
-0.0287231486000141 -0.0485894650687655 -0.00895134148669048 0.108764868059387
-0.0245342777609198 -0.10547232413731 -0.0863078961587334 0.270034138503537
0.0693031133154819 -0.0370588693534121 0.102024582524924 -0.290101483764316
0.0230640499116653 -0.0891690757120471 -0.0435416687600855 -0.160814482790294
-0.0652505850613148 -0.0508671035298474 0.0110089576942747 -0.0342548524451784
-0.0756094658952964 0.0523489335513873 0.0492019160663074 -0.0242699551736294
-0.00969809670256108 0.0691174913536869 0.0654635634751451 -0.127502135574026
0.0288877161577049 0.0492522304947787 -0.037775388118307 -0.222350865591216
0.0583085857716133 0.0185371952821476 -0.142344536374602 -0.225952846577324
0.0674358641073501 0.0159205007533161 -0.184486295850217 -0.206005091629161
0.0661654088078745 0.0281493633159756 -0.155832110573649 -0.233070057575117
0.030028955149493 0.0663340782284704 -0.0477013214039748 -0.249706894812252
-0.0288107107477593 0.0735184832674339 0.0778374670273248 -0.166176996572873
-0.0913130449999336 0.0359603722882005 0.0469260133600433 -0.0318599715748336
-0.0617793858840123 -0.085565536486463 -0.0212626000035474 -0.0734703746397574
0.0617954453185592 -0.0983824017120669 0.000434945738875903 -0.269563188140261
0.098076999335345 -0.0256252920378032 0.282652124953381 -0.389232388446143
0.125698455838076 -0.148168536795248 0.0822390681675002 -0.268558497054862
0.0195268185388346 -0.20468119941402 -0.0371210529318166 -0.152824568262176
-0.131652010778737 -0.110776655460644 0.000316515531577095 -0.0525944871264046
-0.168946402122331 0.0798970650847215 0.0282786783107444 -0.0182470989983699
-0.0652490572994918 0.152629510545803 0.0611297081104087 -0.103562446733831
0.0306795269540351 0.152025634103929 -0.0166420840967262 -0.187952426668656
0.114279304763539 0.109174360132629 -0.104309551083132 -0.197924125914081
0.134918897219057 0.0970131496103873 -0.143585083468908 -0.183731164008302
0.131596726896953 0.117895156499957 -0.124708876711942 -0.197952148443078
0.0460884329160321 0.190817528289471 -0.0403430448226387 -0.215241850316296
-0.0891681027291765 0.184292801021452 0.0617332544074734 -0.143931571528149
-0.219302363133717 0.0985317653726688 0.0221395491463662 -0.0295547468046588
-0.192673061465805 -0.160072215821509 -0.0496618796086412 -0.0793102648494171
0.035083414058542 -0.272552451833464 -0.0220206285687426 -0.249713890409372
0.164207616187413 -0.197282985365506 0.234145748380152 -0.347858666457691
0.172904271088384 -0.24485464150177 0.0320157702805088 -0.210336293226218
0.0129566347557646 -0.313354881980501 -0.0313143264601643 -0.118350532659727
-0.196088643750248 -0.170408939974895 -0.00185512778147261 -0.0686146159092521
-0.256872748968518 0.100029647264573 0.00377707093245499 -0.0239751213710576
-0.120282205851489 0.225004275298407 0.0368075271312125 -0.0740382999362717
0.0252931532515386 0.241850596293881 -0.00445357126960358 -0.124918030195927
0.153342440828064 0.18804728135291 -0.0537545550118145 -0.138466666114062
0.182084186695051 0.163054637686731 -0.0815368495928602 -0.133168244179256
0.178273960797905 0.185631123439356 -0.0714234973933879 -0.134780937722518
0.0617571980913016 0.285627336610665 -0.02054872340012 -0.149830840936164
-0.129196100462361 0.275363594654207 0.0439460383929625 -0.0965400371149154
-0.314516539568123 0.165243740707109 -0.00251487492812626 -0.0153760632407408
-0.308982967275481 -0.199559197654807 -0.0741622438888089 -0.0660199995780652
-0.0110281350103914 -0.401796161771592 -0.0418982479010321 -0.194660306676159
0.196873924852368 -0.338380485772594 0.165358872546076 -0.253403426855895
0.196751155442262 -0.316586434495954 -0.0434178538363216 -0.114352964064428
-0.0074558173045008 -0.399890196117554 -0.0278291594022819 -0.0461519576931987
-0.258307370596161 -0.215101909754477 0.00360535127845321 -0.0724092647140614
-0.325865300197814 0.118745604848811 -0.0235300406805086 -0.0328306328955388
-0.159754488926913 0.278910887315686 -0.00329570719528529 -0.0326312167955467
0.0191464382550646 0.30351619652059 0.00172067947144529 -0.0374028304453544
0.171252605671043 0.241943058746108 0.00231493045861351 -0.0522886521107346
0.202931204578679 0.203850734672096 -0.00774460973810363 -0.0635335590549949
0.19671978195794 0.222993448872937 -0.00483535869088431 -0.0552629890260707
0.0685847753192701 0.334423682375927 0.0108005935878971 -0.0637187783813754
-0.14559916035499 0.327117542855469 0.0303841826682683 -0.0288565665333883
-0.356078873263374 0.211890816686978 -0.0230175148016735 0.0114773791438478
-0.37532342917161 -0.199209416415019 -0.0888522470682274 -0.0367002773233866
-0.0575398202376084 -0.459683554799502 -0.0500803998024945 -0.11067833811305
0.192500198076994 -0.41886634153987 0.0924379932566919 -0.122854735406286
0.190712060116762 -0.347427181223445 -0.13334773752457 0.0122809994249691
-0.0329826268684365 -0.4337896067535 -0.0233976884322158 0.0571437512467361
-0.292199040551481 -0.225072638240128 0.0129756338087655 -0.0580128076939666
-0.346552298453732 0.126509318103305 -0.0521269656742269 -0.034553742974343
-0.172541848263471 0.292328683445733 -0.0498114785117526 0.0211461534331673
0.0127710340665927 0.318598472188745 0.00519863487116981 0.0660389310846597
0.166402208093604 0.258046702455969 0.058785488901051 0.0477967882910214
0.19266922513235 0.214075278589055 0.0674524590549993 0.0165075219094473
0.183508468276297 0.227283107695736 0.0639998744650907 0.0293451843549719
0.0584364111399565 0.328721945255423 0.046856540529657 0.0290245067458403
-0.144111624515753 0.315980155516422 0.0200733031108297 0.0464384630324916
-0.332547796702797 0.205389760906927 -0.0375225762283143 0.0425786248778471
-0.360027705920907 -0.170713305281993 -0.0916167803293293 -0.00266384820199561
-0.0770919032506511 -0.432287606675396 -0.0437668403503089 -0.0201045462928639
0.161548101597169 -0.421415024236532 0.0234535641093757 0.0185298614239504
0.148896330479021 -0.325118505755374 -0.221118583305834 0.151902315555678
-0.0547524897395484 -0.387250512562317 -0.0182306381737749 0.171358184472278
-0.270387005655198 -0.187380983596086 0.021452018729554 -0.0260551675844732
-0.297223941373169 0.112482107274534 -0.0739251573960457 -0.0259111918453332
-0.148876295886986 0.249562290956103 -0.0897396395758633 0.0766463991927629
0.00756353698995674 0.277099147852625 0.00884714082260298 0.165835967634676
0.136914670346848 0.231313226642568 0.108803293067262 0.14354477497412
0.154304230641158 0.191754270983914 0.13270395636818 0.0948101816949849
0.139036849267647 0.198894259680248 0.121550331227666 0.10695517393719
0.0332649418992077 0.270515581268882 0.0746255121155469 0.112592511243299
-0.124200740610043 0.245509065176163 0.00859458683082696 0.109602172653965
-0.254464151618717 0.14860697773 -0.0475323773722166 0.0629176782579378
-0.2678599026253 -0.12495223373974 -0.0852549120462767 0.0229310725808647
-0.0656854620464117 -0.332981260755011 -0.0288297429171916 0.0514243832779939
0.107780359797972 -0.354541768168524 -0.0292815331843934 0.141907957318854
0.07844238976762 -0.245039503479668 -0.285600997618981 0.28083309333222
-0.0646709204324835 -0.264534376509865 -0.00974199492054007 0.267741103178654
-0.187980899570848 -0.107391547140679 0.029758338937138 0.0131066744233115
-0.183148879630338 0.074808847250662 -0.0785734350179496 -0.0120965709986064
-0.0970269344644097 0.158309335464592 -0.112179459886339 0.118559841777676
0.00113298122519222 0.183932388572271 0.0136817794692131 0.238527300504539
0.0848052802273767 0.164194914882125 0.144415104038555 0.217026940205653
0.0904407464659026 0.139244400461894 0.179711205340751 0.157621806809164
0.0743063673049831 0.143840770667399 0.157138208767622 0.167877523249849
0.000888455237063546 0.177724137297137 0.0863276952663446 0.172970752871789
-0.092234052379595 0.13962676708975 -0.00869364034931215 0.146823278656035
-0.146886926360347 0.06550172464129 -0.0540916020743442 0.0654497071630497
-0.141074901903857 -0.0702784296920113 -0.0709698086080876 0.0331463738098383
-0.0408391965130351 -0.193070484032207 -0.0143475297888779 0.0917218852839553
0.044904206779439 -0.237243816992867 -0.0639640549363859 0.225892744900969
-0.00479669991442379 -0.119006594540849 -0.314882394862995 0.371824557465567
-0.058846539712293 -0.0944710866595585 0.00480806089839707 0.329031250666186
-0.0743029649398349 -0.010699642564019 0.0436103723279838 0.0498568071949117
-0.0412762429910845 0.0230218724363711 -0.0639099869789455 -0.00276443773574053
-0.0335491273811583 0.0421539079885909 -0.114651484952121 0.136213664979305
-0.00930696371373346 0.063089061998471 0.0173544487796113 0.270221237662448
0.0157591627571435 0.0723358611780154 0.157869568136362 0.253747341157769
0.0129794663088082 0.0666043957870238 0.199338350018378 0.19524384093121
0.0019894834555681 0.0690147693032021 0.166994779479361 0.202051758350806
-0.0255431729789351 0.0677494220296897 0.0782471667582653 0.206953264873694
-0.0473496319591401 0.030861296566434 -0.0302850764800717 0.159295731185241
-0.0331774991085914 -0.00659748875608809 -0.0553161841965339 0.0549859463597138
-0.0230899561053169 -0.00624576283626736 -0.0522330508311395 0.0340331267978664
-0.027347905812121 -0.0473171873655546 -0.00477095630601052 0.107403852837883
-0.0241192215156186 -0.100855689846495 -0.0803405917926767 0.264067144168178
0.0742777105215491 -0.0183376323576206 0.155875153959195 -0.261919538397979
0.0375945596880138 -0.0787219110339986 -0.0104516524350514 -0.162364818863372
-0.0527812169524281 -0.0574411140699135 0.0159132437270446 -0.0330524309883135
-0.078699031901981 0.0373221452199853 0.0496285218771654 -0.0124119028361261
-0.0211201936523688 0.0657238803025414 0.0879565544502917 -0.109863013778196
0.019011035177205 0.0543832432721778 0.00587052731813398 -0.222068740712296
0.051612775035979 0.0286710362109337 -0.0925288956038174 -0.247649059042326
0.0624894642465107 0.0283511873016991 -0.134210650903839 -0.233904911756927
0.0580655031203483 0.0404666288121979 -0.103374488267173 -0.25508561253958
0.0153633485779207 0.0704486787307941 0.00459861513341419 -0.248514320093349
-0.0427620343488896 0.06559198930197 0.108342419129684 -0.144679260157484
-0.0942934237854465 0.0148223781036653 0.0522751668514078 -0.0196243068105954
-0.0425363829443585 -0.0970089541772627 -0.00496112353158647 -0.0779152866937801
0.0771500222527582 -0.0839528066747671 0.057622712301212 -0.261637362425036
0.0992563882147795 -0.00403527259509188 0.36675143711965 -0.322007707460061
0.151095754947489 -0.112372805477599 0.133276040108574 -0.245004309835674
0.0556862810901482 -0.188536424970591 -0.0018434719487832 -0.152610000186706
-0.103070200754817 -0.12807879798084 0.0116566035439684 -0.0545582346091306
-0.17004477034452 0.0453861000171526 0.0277294608377954 -0.0126844128598037
-0.0896692698347535 0.133798208269178 0.0783703809904534 -0.0890960239124211
0.00160588577890352 0.152816392719909 0.0172861086294681 -0.186005928026217
0.0888272496921302 0.125177687341598 -0.0612594727138359 -0.212126650007659
0.112216930615024 0.120300381641035 -0.100507742544693 -0.20499803369206
0.102204872873574 0.14000317097097 -0.0806236799622406 -0.215163034967769
0.00604035239272946 0.192626789367533 0.00312217560766961 -0.212596056985113
-0.124933648033805 0.160151531641087 0.0859087204002303 -0.123496017490212
-0.228779747425588 0.0469436148345142 0.0232068191554577 -0.0208956964152903
-0.15139947817554 -0.199340477515069 -0.0349873779626688 -0.0911562661579908
0.0906030956766127 -0.257279077496477 0.0334561491474152 -0.249618491240856
0.201137020707608 -0.154519100329996 0.310243104284481 -0.293116571900875
0.21558109429001 -0.194085063746892 0.0742073349596024 -0.198798265937461
0.0685308692919528 -0.293319068983056 0.000314333815729977 -0.117333276713868
-0.151979306124243 -0.197525251029518 0.0147909833077089 -0.0721479687627817
-0.25631718193873 0.0478012831317754 0.00509378678936702 -0.0244477435308044
-0.155646198185299 0.191834292664625 0.0500217136900346 -0.0665138178627063
-0.021345732653668 0.23691718369647 0.0167353090058356 -0.123707871274647
0.111505968264553 0.208243333378668 -0.024938289805086 -0.143430348934854
0.14512461216038 0.193152629241822 -0.0514396290699004 -0.145570538835584
0.133088962120793 0.214211416488566 -0.0420105117746932 -0.143612021950634
0.00222585713375837 0.286056600126698 0.00727760689863777 -0.144843389357342
-0.182143380985631 0.238700572782746 0.0570184109197015 -0.0786875484775942
-0.332683153126898 0.089091238333671 -0.00611685446360327 -0.0105992706432761
-0.254118687745452 -0.263422088510935 -0.0657553648583017 -0.0835192939827373
0.0739715558999097 -0.392339481714649 0.00381750981656654 -0.20111502376992
0.263133403180512 -0.282761050016669 0.221063314112763 -0.216649767443474
0.254289480713589 -0.258382562498141 -0.016968736048546 -0.120267844858054
0.0657517071265851 -0.379783351980027 -0.00537235185127413 -0.0469001851468759
-0.201721580625067 -0.253180619245387 0.0222576900903738 -0.0760188449874769
-0.323495942018689 0.0509588273271797 -0.0199836549135354 -0.0397270233171416
-0.203819768692296 0.234743983192083 0.00370388398650744 -0.0357276916057116
-0.0391480893076606 0.293247789888361 0.0048809680801313 -0.0383681070976554
0.119509151398667 0.262022078419769 0.0123795433580247 -0.0476734604334823
0.157168390851856 0.237469935694432 0.00467181723149919 -0.0639371318032687
0.143238807374905 0.253272231873935 0.00587875304678444 -0.0534073126368968
-0.000670913618653833 0.334121247586965 0.0197724456779456 -0.0549623756323899
-0.208378977110467 0.284833850679917 0.0293476899565844 -0.0144609661676799
-0.381526023592221 0.123500720812934 -0.0336763950747813 0.0120638012743194
-0.317695369199229 -0.27700278771114 -0.0885281655766622 -0.0577707521447166
0.0429762815083994 -0.458069141047365 -0.0198772328609451 -0.121243939543974
0.275978335961684 -0.361876626440515 0.118507234746868 -0.104492066720892
0.253690466207133 -0.28969921907642 -0.128433380470055 -0.0149702212397019
0.0467502036269053 -0.417656854863826 -0.0197201212501799 0.0532939860445108
-0.231574351095469 -0.269258178961508 0.0285696258389295 -0.060614170587597
-0.345502691327973 0.0526626616926608 -0.0475885051461677 -0.0481112385902745
-0.218309261704882 0.243760810175242 -0.0523881589778919 0.00692431801615843
-0.0476480465131454 0.305970710367471 -0.0123763105787239 0.0623560078452112
0.112513447266879 0.276975061557905 0.0475127909477228 0.0607528173189015
0.145899272153363 0.24579101186592 0.0601264884083849 0.027953821480835
0.128520658385885 0.255182865575842 0.0548712112811005 0.0414954827825867
-0.00849209291460013 0.326565750676877 0.0349734491687637 0.0411057528482065
-0.203106622976745 0.274901115930387 0.00455401787718867 0.0556672305468097
-0.357723323009823 0.124042894779892 -0.0538856728377339 0.0379014640741243
-0.308423515458199 -0.246241072816578 -0.0975335649785744 -0.0236393684397727
0.0200633246696534 -0.436433085737829 -0.0327124178152968 -0.0313830180822701
0.248136478134727 -0.370701832009515 0.0196447404341362 0.0206642477376807
0.209100383981508 -0.280006120308443 -0.240285513991955 0.103245211962574
0.0175538361328856 -0.378682725924257 -0.0367932337494699 0.163548387637061
-0.217484963077003 -0.229889381256147 0.0297333370084969 -0.0286875274282571
-0.296085261704205 0.0479165021496746 -0.070529704529023 -0.0434478502569562
-0.188190338652472 0.206753516059343 -0.102419430955126 0.0542377241455716
-0.0448990556528148 0.264409257013984 -0.0270631987224387 0.160516656844865
0.0894565287646212 0.245329083782528 0.076440495975097 0.163452954838102
0.112141562334735 0.216223652211445 0.106834844939623 0.116019385376206
0.0922202324929576 0.218877656096989 0.094532250279947 0.127789599103651
-0.0217186918195569 0.266385769375228 0.0462079193712942 0.125442635194892
-0.170367129115598 0.210198354809483 -0.0186035308815561 0.112477543732944
-0.27082181056897 0.0857568708018753 -0.0666669653161335 0.0536058953366347
-0.229504952917533 -0.181034628483208 -0.0932221169220744 0.00394515311262739
0.00983025441528476 -0.335064258024215 -0.0340638137348011 0.0426217270232227
0.182196158717852 -0.316775219900724 -0.0601443957543163 0.131157763148741
0.12463721460394 -0.21888176996133 -0.329399136368255 0.216429914638945
-0.0146531469058869 -0.264362406232358 -0.0512873323214997 0.25607876262219
-0.156128516075531 -0.139317581616021 0.0280607625564372 0.012523279168017
-0.184158560338973 0.033244736317941 -0.0772618648481318 -0.0302838488579046
-0.122357706369515 0.128788170764654 -0.132587233136332 0.0920071056902627
-0.0337600966969314 0.174077200720051 -0.0341975467160342 0.23276181205934
0.0513967569998615 0.171953215793748 0.0968570889630253 0.241421654079152
0.060848772418386 0.152838284163604 0.139084972566997 0.185734819000228
0.0414424129406986 0.152920554982312 0.116929439898583 0.192233220044253
-0.0345745109541972 0.170207922186188 0.0452968519514224 0.18463928902518
-0.118074649550898 0.114580594470266 -0.0412158881588113 0.142029755180151
-0.151685829378479 0.0300790186145934 -0.0704122739275158 0.0519540088510899
-0.118179310480798 -0.099436999560103 -0.0786995193522142 0.0182044967113898
0.00388559737695035 -0.19456109146678 -0.0289819195917253 0.0859963270215619
0.0959923526203954 -0.217429648890849 -0.112769321218079 0.206212859510338
0.0195019723659944 -0.117579506185856 -0.376869113725657 0.297645960963523
-0.0404365516158264 -0.103017633041573 -0.0539212450309165 0.315382925826912
-0.0673115387065867 -0.025623998126996 0.0313012764683297 0.0534079415379626
-0.0426143110125055 0.0114466673673754 -0.0637654374494118 -0.0157339963001716
-0.0390520832365366 0.0309869432485027 -0.138708048969606 0.109990005238559
-0.0205906427127763 0.0561026979722283 -0.0356322279765521 0.265787645150059
0.00268365217447369 0.0714175374702035 0.103730023547217 0.280485358391724
-0.000388000874742681 0.0673782125584484 0.151298831142747 0.226477922648317
-0.0128251284640037 0.06696825687835 0.119584930410516 0.227312902018575
-0.0377106079345684 0.0597045672717305 0.0319136625157199 0.213583176885844
-0.0522415785773011 0.0190217438283873 -0.0628017722699315 0.14640725949318
-0.029767996896545 -0.0143523915064364 -0.0664574037770028 0.0387833761627122
-0.0186656516436691 -0.0115236613002345 -0.0568546083501353 0.0231330256472748
-0.0132462154251775 -0.0506990820381506 -0.0244138628213139 0.10377308546364
7.30601210421327E-05 -0.100967880531881 -0.137527080668898 0.241256972893062
0.0717389902958764 -0.0194440136256529 0.150462336611992 -0.256404558270918
0.0336669239961638 -0.0765952444864587 -0.0142165740715444 -0.158528798432344
-0.0526764126525777 -0.0531472547017107 0.0129464822891227 -0.033301202206971
-0.0739089146168 0.0396350172915337 0.0476238016825203 -0.0100451085498893
-0.0183831141753155 0.0650988835917934 0.0854225597936831 -0.106853825383734
0.0201196181560517 0.0535284558704514 0.00279744065636845 -0.2161170344751
0.0509573880985004 0.0266963749901234 -0.0940821062835482 -0.240742471903319
0.0615175044421132 0.0252787487721382 -0.133824219420168 -0.22678211353987
0.0570772547558613 0.03787416186423 -0.104392173436574 -0.248373935143274
0.0170571274630973 0.0687375128815006 -0.0014253678170455 -0.244675135867991
-0.040671695585342 0.0664216719258569 0.104976187219143 -0.146300813514717
-0.0920787590232099 0.0172949437439172 0.0538207341014044 -0.0200617202572333
-0.0442888400045873 -0.0944461471079547 -0.00282024856128125 -0.0758430665686468
0.0731214683012106 -0.083968955652257 0.0537612281041571 -0.253452315294919
0.0962655047151277 -0.00559805413869629 0.35337011979374 -0.316247971726543
0.147198329042636 -0.110962315171349 0.127766273670134 -0.239773918714406
0.0502199337089046 -0.184606551953401 -0.00577892440875081 -0.148501313284586
-0.101345359080864 -0.121987307741412 0.00807520415904773 -0.0536107854938715
-0.162919610023446 0.0482284745338702 0.0260628966314703 -0.00951558458645701
-0.0839758098640662 0.132465403765771 0.0754572315580129 -0.0861831810132013
0.00435935425584996 0.149178644153536 0.0153182179467296 -0.180894095560327
0.0889508827178182 0.120170646133004 -0.0627311319788258 -0.207001452715205
0.111086475754156 0.114778438077078 -0.10024947513478 -0.199742768226913
0.101933773575051 0.133756300205052 -0.0809786079414239 -0.210256819619172
0.00997568029729272 0.188383964602741 -0.00273462867916399 -0.209355216908267
-0.119933803472618 0.159233489604082 0.0822774816276594 -0.124965013390466
-0.222418855486687 0.0500349971815145 0.0251690902316101 -0.0217560877426937
-0.150600291674144 -0.192804097039781 -0.032845777393975 -0.0881048533792617
0.0847617756194191 -0.254299709390597 0.0303789193660011 -0.241606768782891
0.195450255410702 -0.152737673775892 0.300159291045552 -0.28883454867334
0.211459502078236 -0.191353193052513 0.0699128001929958 -0.193097689556374
0.0623772756467841 -0.28738802919583 -0.00283710307559763 -0.113363681590649
-0.148815861724764 -0.19037495240501 0.0104448225724736 -0.0710240051070465
-0.246267978169781 0.0504312564207768 0.00399043304491565 -0.0213230288079401
-0.147891250934316 0.189608132088018 0.0461890321323447 -0.0641304724891425
-0.0158565943952942 0.231983578438192 0.0156128597393882 -0.120144901153414
0.112550676328994 0.200157482366598 -0.0257990288156605 -0.14013195479595
0.144596031008513 0.185469087744568 -0.0530023637688959 -0.141438170972955
0.133782071381944 0.206145478473338 -0.042508704229585 -0.141373365505058
0.00790867284563098 0.280488888174794 0.0027283063190317 -0.143853531876093
-0.174981427799593 0.239233710048575 0.0546550560255331 -0.081299727800365
-0.322495648166443 0.0922800619061206 -0.00476909266700736 -0.0121065744464201
-0.251970324840009 -0.254820889277558 -0.0621254684948914 -0.0796967428718565
0.0680306704409368 -0.386271938371398 0.0014235605094137 -0.193777431144856
0.255999613878834 -0.277063550802116 0.213972950928036 -0.21455878929106
0.250263275846232 -0.253349175831207 -0.0186022294062925 -0.115833193642128
0.0594194936673098 -0.373475457091271 -0.00759950381516268 -0.0450929619096635
-0.198126419091062 -0.245093413696453 0.0180640198394408 -0.0753592954611863
-0.313972338970589 0.0543274669295866 -0.0220167642068594 -0.0361006671756874
-0.195003321653895 0.232556799744323 3.12589705832737E-05 -0.0334636486327533
-0.0331195470970869 0.288088964985425 0.00480146409700447 -0.0364776565232123
0.121120666705611 0.253902407574109 0.0130880316961163 -0.047493397703272
0.157373431918433 0.228936688898207 0.00276994958342408 -0.0626725217903434
0.144178471840518 0.245146612413736 0.00524649404672832 -0.0539824654868149
0.00594446976519231 0.327349512502281 0.0152509494235329 -0.055300768761952
-0.200671719743921 0.284352669742135 0.0283027416028881 -0.0178829411116007
-0.369313176358308 0.126505627519316 -0.0317153161055387 0.0101193262393223
-0.313598476048248 -0.267368571805906 -0.0842492691245247 -0.0536435393540026
0.0377888819306908 -0.45129337729435 -0.021390261435735 -0.115683338832361
0.268936571701369 -0.353493419269933 0.11518780855867 -0.10339747304226
0.249336653268402 -0.284419265455728 -0.127282577973724 -0.0117089983940971
0.0413474494794463 -0.410343799915724 -0.0202960841780844 0.0530277507341808
-0.227085901338225 -0.262455140604024 0.0241055975971962 -0.0605870431421354
-0.335637945982858 0.0555544034735302 -0.0496638347223319 -0.0437854916712025
-0.209175326165634 0.241623107537369 -0.0548329514211023 0.00890953523088601
-0.0412724580439056 0.300277164122384 -0.00953691139302439 0.0630051685296057
0.114509680492362 0.267933741056754 0.0497303310146293 0.0577925263935802
0.146152320876885 0.23757189352688 0.0580506009898624 0.0260744677558765
0.13058818184849 0.246379393858081 0.0550405137617368 0.0386605616407331
-0.00242711736685752 0.319954468963988 0.0325222095664667 0.0385418504206849
-0.194600625565367 0.274163906889032 0.004112103862283 0.0517379998633927
-0.347050338712199 0.126565826998481 -0.0525712912862323 0.0354971057410617
-0.304094625018163 -0.23715076718772 -0.0929690707405179 -0.0203323707945932
0.0144055803289526 -0.427179143931407 -0.0314773855516062 -0.0286817953678806
0.240295466433961 -0.361792569237682 0.0196061981437148 0.018075969642349
0.204931193855036 -0.272957963533434 -0.235862003276896 0.104854556350797
0.0129883349553741 -0.372505557949937 -0.0357700294264968 0.160388365211232
-0.212359430286748 -0.223300959297408 0.0263343248763084 -0.029270038126976
-0.289066395313382 0.0494564140404719 -0.0719626617025594 -0.0401138385943809
-0.181087248103669 0.204193178097905 -0.104055843706849 0.0563265036587205
-0.0395764815356953 0.258356933403995 -0.0224872045518108 0.159323549472417
0.0914555955244772 0.237667837893262 0.0805057327659761 0.157554305497718
0.113591969445881 0.209021774760855 0.105290856516545 0.111385776981917
0.0944263340612263 0.212042458036888 0.09448723143129 0.121915810674925
-0.0166713689266686 0.261263549156109 0.0451227462419881 0.121043506754804
-0.163719826705252 0.209636523842329 -0.0171503345881949 0.107752075905473
-0.261599468819125 0.0872887875054356 -0.0647231085340985 0.050869579117856
-0.225073627425042 -0.175175295924356 -0.0893876198648669 0.00656906414342709
0.00661973878808632 -0.328139101886683 -0.0312543115386335 0.0426267476038126
0.177055426565796 -0.30862480013063 -0.0564612344329811 0.126121066128823
0.122695490820878 -0.212828717905505 -0.322860688293211 0.215387250746004
-0.0159097930161401 -0.25922677775465 -0.0477893096628258 0.25057263700408
-0.151734302680608 -0.136344705780762 0.0255437377924531 0.010718939258176
-0.179543860150635 0.0328942852964853 -0.0789681012784943 -0.0277013207035302
-0.117921624966165 0.127196162040393 -0.132776491542505 0.0933460314788117
-0.030369837606515 0.169763290506861 -0.0284166681361266 0.229966897067549
0.053375876060329 0.166754167262284 0.100801634334421 0.233710344343272
0.0626959381004155 0.148469773177406 0.137948702421319 0.17911274337709
0.0435148809371953 0.148894005379811 0.117464332336341 0.184664771679423
-0.0307902446248231 0.168231748295837 0.0462622977447264 0.178611702929295
-0.114396599452508 0.114097084354586 -0.0389129997191684 0.137619036653978
-0.146104396533491 0.0298663358756663 -0.0687541717522344 0.0493807110175399
-0.114873120144326 -0.0960942428255492 -0.0749688838670177 0.019917696229692
0.00275481194365836 -0.190798896410227 -0.0256849990868845 0.0849770646417635
0.0930293033331283 -0.210646239462703 -0.107046115823504 0.200383873391766
0.0188032524419449 -0.112887391345503 -0.367628238669755 0.294467970798634
-0.0396619286275516 -0.100391310679346 -0.0494955800542147 0.308083908587387
-0.0642415162162855 -0.025867415870636 0.0290722327573871 0.0508237024465665
-0.0423016584802513 0.010118775911775 -0.0652982634673996 -0.0147925414766944
-0.0392042249711634 0.0303421880262704 -0.136952450522464 0.111413358188935
-0.0199271051729256 0.0546086556502427 -0.0295963811939055 0.261336724822798
0.00328566814803528 0.0697401639788606 0.107113485347793 0.271562299992754
0.00131671743626261 0.0664881165394851 0.149718100161637 0.218351760321066
-0.0107925010583246 0.0670149912232331 0.119908077304625 0.219839955154986
-0.0365341894125594 0.0594911483915 0.0342871539268404 0.20704487557206
-0.0516802094092484 0.0183028924745858 -0.0591283138007646 0.14301622748527
-0.0297944842245741 -0.0156711630564474 -0.0644991464877701 0.0366493353074096
-0.0159730427426682 -0.01186189387495 -0.0541895033154952 0.0244529309710893
-0.0123441892350501 -0.049384906870862 -0.0207989037573663 0.101793143023312
0.000444693060819559 -0.0968718029306716 -0.131251636994231 0.234700204035579
0.069586047493261 -0.0198145617854038 0.147932357909844 -0.250036950309571
0.0314780607850488 -0.0740617982141056 -0.0154475315661621 -0.154686758546485
-0.0506786994835367 -0.0499177816697167 0.00974384593843265 -0.0321489182003216
-0.070137387152506 0.0401806335506633 0.0461464457990212 -0.00679345269785219
-0.0164163697109704 0.0635172041009989 0.0848490559287531 -0.102838277146966
0.0208804745185035 0.0520178714609993 0.00216672984692294 -0.210927931027625
0.0496609224540398 0.02527082234818 -0.0936376982609863 -0.234710573980863
0.0596918112173244 0.0234064918008371 -0.130982569534874 -0.222773070545227
0.0565765686864689 0.0362187018835186 -0.103450086011084 -0.24413103760792
0.0171090576824728 0.0670120741134786 -0.00341860297092399 -0.241078204017591
-0.0396428181706887 0.0663272690978081 0.102121174974924 -0.146188516241379
-0.0895752345337472 0.0181453332359645 0.0551580754417948 -0.0205552392766124
-0.0448588810387419 -0.0913753086483853 3.94782209007883E-06 -0.0742109210283423
0.0705602516936022 -0.0832354799616372 0.0537540616401332 -0.24465196200796
0.0936737656835149 -0.00554181840510526 0.346279130972669 -0.306519383923322
0.144879017525197 -0.10874331368707 0.126242865691503 -0.232859550334823
0.0474780126459297 -0.18079357779392 -0.00695018427736706 -0.144711728384756
-0.0983203611288279 -0.118116928594004 0.00517794308851387 -0.0528612942801368
-0.156216617528395 0.0487037143977853 0.024987939521927 -0.00612292323231583
-0.0802047677879464 0.129557246609574 0.0741083243868571 -0.0833732594715553
0.00610716110399171 0.146247217113636 0.0148967693197155 -0.177040301550326
0.0879154889369269 0.116427988831655 -0.0622662266589414 -0.202235208858732
0.109231139894951 0.110551220719885 -0.099381475222095 -0.196023144992927
0.100927680756824 0.129755631492123 -0.0805799041017618 -0.206549667401183
0.0114703574822865 0.184711140132181 -0.00538970360420206 -0.206043708163152
-0.1169199108699 0.158510609629281 0.0805296430766018 -0.125809356436026
-0.216799616842643 0.0500047139459432 0.0266852618489919 -0.022412952583271
-0.14823247044117 -0.188956905577484 -0.0289925559209413 -0.0853679431155554
0.081988477387918 -0.24986554578585 0.0300522419004131 -0.233750875516945
0.192061979075501 -0.148124758998859 0.294075765838269 -0.279525431860621
0.208792064349016 -0.186686442846452 0.0693560332088133 -0.186369811707441
0.0592867137102373 -0.281563517933642 -0.00429755050188756 -0.109995061918744
-0.144272080053013 -0.185892687714825 0.00734743239754149 -0.0705190789531937
-0.23842187262167 0.0504888339298864 0.00240868649278538 -0.0171345495546026
-0.142825079577926 0.185451202144705 0.04347479333036 -0.0613584493568889
-0.0134448015447941 0.226976712626303 0.0160149840552888 -0.117143288955149
0.111081442086398 0.194722123829775 -0.0246075732729176 -0.138244509330008
0.142243889385918 0.180449168909808 -0.0520454130025585 -0.139581320865272
0.131864293902524 0.200790793516659 -0.0422372220372382 -0.139561364434788
0.00922755125245629 0.274841292374762 -0.000779620020093495 -0.141616738840715
-0.170682905755635 0.236380506541343 0.0529640103438535 -0.0831016836041347
-0.314668895404839 0.0912508271981562 -0.00334515381204378 -0.0130095426887253
-0.247835043081584 -0.249932923725911 -0.0581002944966255 -0.077194621734702
0.0672348512050688 -0.381172143239276 0.00165985994034138 -0.187313941338929
0.251786990975023 -0.26953003118885 0.2101156308422 -0.208437250973203
0.24788951202426 -0.246259178495824 -0.0179868399201138 -0.111091731043694
0.0571130699395434 -0.365844238495153 -0.00886950651189012 -0.0433883010457634
-0.192353648255763 -0.240725315112357 0.0141025194990537 -0.0744236115418095
-0.3043711016178 0.0539287453969632 -0.0227229864750579 -0.0321349652139977
-0.188596731857121 0.227327853833551 -0.00289133117261006 -0.0308852691562649
-0.0297073426024883 0.281859799338084 0.00644156103772722 -0.0348666258445771
0.119683332275133 0.246736282157218 0.0139652439755709 -0.0483205924595546
0.154891602456475 0.222919262599173 0.00202280985441048 -0.0620071654999148
0.142172175925295 0.238017735475802 0.00541804416904689 -0.0543757945145516
0.00773005173117436 0.320819526642547 0.0121334551615147 -0.0551216079963028
-0.19458984888049 0.280919479324467 0.0260660062577661 -0.0205049222416588
-0.359192159143155 0.125079925461471 -0.0311154631810708 0.00782615326026998
-0.307047503330647 -0.262911576439178 -0.0796283769192912 -0.0517941674178745
0.037749860197027 -0.443293849837253 -0.0203308071198031 -0.111304550438811
0.266007094173217 -0.343357837899195 0.113049982360036 -0.102346938409484
0.247644478819188 -0.276902434823859 -0.125102141576526 -0.00942115001070561
0.0405288081161616 -0.403810209223759 -0.0210347166097974 0.0522999947298128
-0.220053391969188 -0.258606176304573 0.0204631464011695 -0.0604520541777884
-0.327157509839985 0.0548599975300765 -0.0502270841442822 -0.0402757754050047
-0.204261941933381 0.236359034272633 -0.0574989470650575 0.0110454989504896
-0.0383708505804264 0.293948268315165 -0.00749320662575425 0.0626900157266451
0.11310308138456 0.260960702790615 0.0508680810906346 0.0544458463183789
0.144607878746107 0.231582990273775 0.0560431757182351 0.0252952464950751
0.128898861662483 0.239901806658384 0.0535305754409027 0.0357559768511902
-0.000309007420322391 0.314029770896458 0.029785866236339 0.0371077429098484
-0.190451855870897 0.270713407988122 0.00351090582498726 0.0481520152491093
-0.335950442142582 0.124723319953915 -0.0518330368143226 0.0325666389808405
-0.295267479268152 -0.233377640101205 -0.0883092971417766 -0.0182668958545639
0.0142911256443036 -0.419921261595552 -0.0305848527870415 -0.0264541545148565
0.237600335916495 -0.351409987153644 0.0198671056013761 0.0161301170714424
0.204632394663445 -0.265600963005897 -0.233121095740976 0.104000477344028
0.0142842310739643 -0.364960838424748 -0.0354852170388489 0.156531573276382
-0.206276899121949 -0.222002622368972 0.0228465635487958 -0.030018895694185
-0.282589704400636 0.0469546397410019 -0.0728861399506999 -0.0372301614059111
-0.17710579780355 0.200089625845857 -0.105634023052697 0.0578657407033176
-0.0378047162622195 0.252739627040436 -0.0195020610877705 0.156950080420012
0.09042693713705 0.231512816786717 0.0816385258524582 0.152859983127972
0.112693474858893 0.204159190546902 0.102709434838405 0.108784637717202
0.093233068331973 0.206697645083363 0.0924349684337541 0.117485687718382
-0.0144427095041869 0.256796654878721 0.0430441824664629 0.117359810526596
-0.159458938175808 0.206605632327248 -0.0169951261637114 0.103469920320702
-0.254836558244114 0.0853154220037778 -0.0638369234052132 0.0478117285317433
-0.218144985000743 -0.171383628666171 -0.0854927651604167 0.00784654738819374
0.00731395007766067 -0.323017527531629 -0.0297356936220548 0.042820577960686
0.174852484094396 -0.298159475508689 -0.0549773119984459 0.12099699433325
0.123364730659017 -0.206674017201475 -0.317610483612373 0.211049933245542
-0.0149014560765713 -0.25491766546045 -0.0478397259297775 0.244237860596307
-0.14704485465078 -0.135647921542997 0.0221355676949266 0.00925281266691855
-0.176333271983475 0.0311662657485334 -0.0798780686762186 -0.0261064609485458
-0.116111720136046 0.124401662454655 -0.133993309204523 0.0939220268200751
-0.0295283915561486 0.16587619914889 -0.0259780722702928 0.226290921459467
0.0525813310944742 0.162812126573567 0.102164397308331 0.227176587051334
0.0621688949493862 0.14507848776575 0.13477656026258 0.174961623612812
0.0430415728247358 0.145937024264832 0.11560649948986 0.179219514093217
-0.0291072562993389 0.164929311796826 0.0449824955698703 0.173718270500751
-0.11202269866587 0.112523768291868 -0.0380688144572378 0.13328282777863
-0.142273923316557 0.028630836508365 -0.0676659591614787 0.0462895093012263
-0.110152373625205 -0.0949129813314053 -0.071327646153748 0.0208428921033002
0.00411947186834711 -0.18688236174915 -0.0239156683719843 0.0829945660969571
0.0926859416359117 -0.204323019804455 -0.104838336726469 0.193392729499584
0.0201285394654087 -0.108668657876922 -0.361928311117241 0.287930351794944
-0.0376544667006752 -0.098930636604382 -0.0493602436787231 0.298629323441803
-0.0622274302603289 -0.026406379913143 0.0259281352803699 0.048988543603051
-0.0429083047983772 0.00864568782327539 -0.0670444123110579 -0.014758850207415
-0.0390883951603946 0.0294594331803594 -0.136702600984871 0.110797886116803
-0.0199522492768121 0.0529148055629931 -0.0268461538150501 0.257418487939342
0.00343280061185686 0.0677579095820349 0.108042746651526 0.264471482353329
0.00168978008302773 0.0652391046084772 0.146862339373524 0.21390982905479
-0.0106224429295572 0.0661863855671492 0.118039861800643 0.213346491931828
-0.0352331021488108 0.0595610999297525 0.0351720409490115 0.201481331196714
-0.051110898879543 0.0180109579747067 -0.0575089471924177 0.13943576577353
-0.0292527686463479 -0.0164604495626425 -0.0637073789638848 0.0338786002886054
-0.0138132511139607 -0.0126139034275305 -0.0516229632276589 0.0244293828356961
-0.0104494345024679 -0.0485226240063345 -0.0190621046812701 0.0992149191104241
0.00137266592543199 -0.0942797006593542 -0.1286910157767 0.227695122105015
0.0683957941828377 -0.019413599430539 0.151668647632507 -0.245464283565194
0.0304341861290297 -0.0721228544292648 -0.0151046513309193 -0.152795806004981
-0.0481965665216836 -0.0481052017426596 0.00843561545224953 -0.0312157779018307
-0.0669576040137606 0.0400419911776612 0.0459202517267823 -0.00355896197216576
-0.0157558954689467 0.0626186520931022 0.0858361331247744 -0.100282743450937
0.020751098321006 0.0523141237189976 0.00378194272169684 -0.207987637083898
0.0493667872415818 0.0247545521985217 -0.0912082358931964 -0.232607526171704
0.0586910153781806 0.0228127826261275 -0.127882333074259 -0.222997640134767
0.0557799414830605 0.0353572150624013 -0.100233501125319 -0.243527125059134
0.0181920425533602 0.0664885196849061 -0.00338863292518319 -0.23970690734419
-0.0392487860104255 0.066392669323374 0.102696414486849 -0.147072447660359
-0.0883011150978642 0.0186292684751582 0.0568136854595744 -0.0206575989949832
-0.0442370688185375 -0.0907389568092418 0.00363504250942411 -0.0740445559314291
0.0694890099447267 -0.0821249706750032 0.0571324076375613 -0.239542984901193
0.0925912267404785 -0.00377345574354022 0.347477275895848 -0.296635622239939
0.146082634762473 -0.106105720936475 0.12879426323714 -0.227218180273435
0.047163192311678 -0.177586517538068 -0.00665847720492871 -0.142245847821073
-0.0941119776739435 -0.116302666477154 0.00300002253347157 -0.0518422824797049
-0.152169267728559 0.0474312033085089 0.0250219658096287 -0.00280099992618659
-0.0788899605266402 0.127279796549261 0.0742491724212708 -0.0801306008143314
0.0059761902413888 0.145160768273928 0.017016486944646 -0.174443704279124
0.0863708819461893 0.115200340212345 -0.0600406663612343 -0.201216803518327
0.106616373739817 0.10940176150803 -0.0967414376239799 -0.195326886969694
0.0989311860694155 0.128498160551542 -0.0780009738487582 -0.206876227909524
0.0107160115921404 0.183408802338748 -0.00588792358241136 -0.205024919018673
-0.11731804922858 0.15790685534147 0.0800978860096625 -0.127410264571837
-0.214155511891655 0.0483669695920667 0.0281568200770806 -0.0230824627450132
-0.145234903781273 -0.18888299211893 -0.024897784938447 -0.0848198144362347
0.0842371927402505 -0.248250533602894 0.0329683562895167 -0.227886725925887
0.193109885154243 -0.142646278746927 0.294488306831022 -0.271445764134511
0.212003047856877 -0.181818742695181 0.0718090480243107 -0.182305711401918
0.0607581634224137 -0.27771942831406 -0.00441358612382786 -0.107530704026633
-0.138511420229631 -0.18520162103372 0.00524516266213738 -0.0697701914152555
-0.233925771440853 0.0477567257570089 0.00216525277532447 -0.0139242858219299
-0.142166063410162 0.18294600332513 0.0432677293194608 -0.0576620961383961
-0.0138405517067334 0.224329201268373 0.0174250083300216 -0.11554546063017
0.108765510797876 0.19303862865966 -0.0228231958179594 -0.137958647137693
0.139127007170436 0.179294884213568 -0.0511148590839684 -0.138940804253512
0.128941415714517 0.198593985499409 -0.0406815838265439 -0.140670125733137
0.0078392828176698 0.271785721463956 -0.00174016115958237 -0.140379410326889
-0.171490023227212 0.235062745747474 0.0522392830036722 -0.084860003315794
-0.310539053830813 0.0879751769368077 -0.00279200130760499 -0.0140649276933412
-0.241272274369053 -0.251124673420988 -0.0535756414462632 -0.0769378892265348
0.070860070771441 -0.377681490318925 0.00495391402490058 -0.182127569451805
0.255103734203903 -0.260798828625393 0.210052053356795 -0.2035730215151
0.252507546331526 -0.241513644594266 -0.0162986493678666 -0.107527504813719
0.0600739259427669 -0.361993484411093 -0.0103439431830429 -0.0416508138695235
-0.184932413515122 -0.241425044813563 0.0113541773515519 -0.0741501506643152
-0.300109619673443 0.0493512467849701 -0.0225900708178349 -0.0290094066176754
-0.18875289637127 0.222487757306069 -0.00471127120538223 -0.0276209680041366
-0.0312615981345844 0.27892184920243 0.00789700402412079 -0.0339146482892084
0.116559786406093 0.244550205469241 0.0155271560218315 -0.0492550571332363
0.152022972440129 0.221594521312701 0.00184007688904761 -0.0618970977556169
0.139292370869319 0.236105100164688 0.00534820768676447 -0.055927266665371
0.005446612145612 0.31826178114202 0.00959934870474554 -0.0546699374641923
-0.195502838014968 0.278336478091689 0.025171959381056 -0.023358207224216
-0.356622792680957 0.120742830176716 -0.031433773579991 0.00549759101047384
-0.300557196167655 -0.264152674901036 -0.0750205905498033 -0.0514778646152369
0.0433819340392641 -0.44009050032063 -0.0185642449708169 -0.108173949164417
0.270158338682166 -0.333670848707897 0.113295024272643 -0.100755452540302
0.253756468591136 -0.269168473455941 -0.124535982835253 -0.00864881603375921
0.0446063677749862 -0.39950229537788 -0.022769453817528 0.0525295494386232
-0.213078248797971 -0.260265173542399 0.0176646636391289 -0.0605126518190536
-0.322607107281044 0.0496151908675426 -0.0502246941566766 -0.0375693257818117
-0.204521614737857 0.231485867207694 -0.0599863464758176 0.0142122000138654
-0.0406755401445066 0.290266487742031 -0.00611439995477277 0.0629994890176671
0.109942756927427 0.258119142254766 0.0520189946901139 0.0528878756532853
0.14149768447328 0.229599758804441 0.0543196097521297 0.0254361116721313
0.125554565381141 0.237689557298689 0.0522917274218603 0.0342899599317895
-0.00172961471367064 0.311196449540599 0.0263118488056337 0.0372997381577705
-0.189959284846812 0.268014340203906 0.00178713596290163 0.0448696051121283
-0.33256947430127 0.119751017169516 -0.0525040788303709 0.0295056163960575
-0.289859980434573 -0.233739889822701 -0.0847728387466182 -0.0184701678027437
0.0205478390248984 -0.4175204202446 -0.029060203193538 -0.0247276579375966
0.241315047978431 -0.341057622530261 0.0195447111972458 0.014312846310186
0.209293549121224 -0.258370021468077 -0.233222311721032 0.101718739936134
0.0181337121679398 -0.361654413623239 -0.0383911631944297 0.155033895288486
-0.200093253715875 -0.224712338728779 0.0193116535205374 -0.0301436254886828
-0.28021789531805 0.0424297098643716 -0.0733380463775957 -0.0357720702260658
-0.178352952119711 0.19609509084452 -0.108859868811716 0.0593974464578553
-0.0402362197807677 0.249625946314966 -0.0190156722165322 0.156031418004266
0.0877887998835684 0.229075102523112 0.0817174386586001 0.149700118655567
0.109578380315527 0.202177150134823 0.100200498710131 0.108833774792261
0.0906419877673975 0.205363214663349 0.0902616663319899 0.11579706842935
-0.0157329687614726 0.254339315695996 0.0398330564440719 0.116558055631814
-0.159842285019707 0.204502859687929 -0.0189696313151276 0.10038812449116
-0.251437533097519 0.0814727224413404 -0.0649194181387751 0.044314933253998
-0.212479534306598 -0.1721050490915 -0.0823021771022779 0.00718997377560269
0.0127466379029357 -0.320801788179688 -0.0295300186575331 0.0427704694062363
0.179354106644757 -0.290122603546098 -0.0559499234422822 0.116740919499935
0.127606714043608 -0.20032427661721 -0.317796675340201 0.204797489612376
-0.0116742990990885 -0.253382631349198 -0.0513669399792634 0.240757119529364
-0.14247411161841 -0.137801960001243 0.0186114928737854 0.008381036615625
-0.175226664858465 0.0274267048352298 -0.0809420103954144 -0.0252839641569961
-0.117611498511859 0.122069767871311 -0.13685629579588 0.0945257387439741
-0.0314133303672178 0.163579343981719 -0.0253884899072201 0.224417619032979
0.0505444544187233 0.160803132670656 0.101397105697187 0.223833567340986
0.0608758652567524 0.144093071128563 0.131288192588618 0.175432587722228
0.041833643726703 0.144880192861922 0.111932784553419 0.177416578948061
-0.0304130852437055 0.164400986888389 0.0421792584005152 0.171447324452058
-0.111755722181868 0.110401889114841 -0.0391092008052995 0.1303936300356
-0.140603311288026 0.0258553621803042 -0.0681690172137825 0.0425303122924957
-0.10600252689302 -0.0961309985112234 -0.0692726753813427 0.0207217072164916
0.00763954740218129 -0.186499124260745 -0.0242190167402507 0.0819373476688525
0.094979182580339 -0.198605369464788 -0.105440025363621 0.187367609107343
0.0228046888034305 -0.105411356774871 -0.36298837373653 0.280250903538141
-0.0357356687023785 -0.0984161373985038 -0.0535193853881953 0.293831083007545
-0.0605456935377403 -0.0281726412546108 0.0227588272334475 0.0480690331422079
-0.0438937257497463 0.00722030587800343 -0.0684238926415724 -0.0141442429352982
-0.0398010507939132 0.0284118741840667 -0.13911963117413 0.110314441352518
-0.021307979763272 0.0521498131642089 -0.027181788013983 0.255474706383301
0.00243853814279647 0.0670267321185694 0.106790868890021 0.261564590663348
0.001505911388781 0.0650704959831304 0.143411231400426 0.21334918659704
-0.0107011898616828 0.0658710730192154 0.11453937966625 0.212060980155582
-0.0357519507108018 0.059495878644156 0.0329718625559164 0.198997997169196
-0.051360603510793 0.0168068706579144 -0.0581476775617901 0.136443737405376
-0.0295365586343876 -0.0183049235426333 -0.063170104815326 0.0307053804296479
-0.011834754707981 -0.0141697655084976 -0.0498833334900572 0.0242517312313609
-0.00852485491021258 -0.0487887899118003 -0.0183109197224006 0.0980628157012958
0.00327395206772858 -0.0921331112921562 -0.130065671021628 0.221314352674023
0.0690217966819232 -0.0191978166997807 0.157727696434332 -0.245179207633815
0.0307731963996094 -0.0722823216925592 -0.0140166128633564 -0.153389088372357
-0.0472873178075814 -0.0482481110810404 0.00752075762527802 -0.0306252143935446
-0.0657119610495399 0.0401947427241623 0.0468757081445107 -0.00040560972030226
-0.0150937945587514 0.0626517849661125 0.0898547504638297 -0.0989601156533791
0.0219198129721599 0.0531849551126186 0.00578623618151389 -0.209953910189387
0.0502847503997007 0.0254109861193378 -0.0909697902911202 -0.234302547067621
0.058967714958609 0.0229230922000563 -0.126553488213513 -0.226668756837356
0.0561786643065669 0.0358093934093101 -0.0996912623137473 -0.248502503156194
0.0176607984214045 0.0673406790693859 -0.00195022843923692 -0.24288897357186
-0.0396230563953255 0.0684254045585244 0.105129102581817 -0.149846912610195
-0.0890681498936233 0.0185943949630414 0.0599874607705048 -0.0211392395745359
-0.0443570075626613 -0.0914670525948908 0.00727244330950511 -0.075465036660982
0.0703571018051781 -0.0823644544068733 0.0626821325575034 -0.238469516547895
0.0945389283741881 -0.00216426036604455 0.355322914338807 -0.292161924269995
0.150017394089792 -0.105568709338147 0.135228736884914 -0.226488406069165
0.0491048572405224 -0.17817411564362 -0.00570165723102232 -0.142331247233752
-0.0918812828997997 -0.118413046092107 0.0016418656175761 -0.0526033088946509
-0.15166007347411 0.0461936241144138 0.0256159399231334 0.000109688151009601
-0.0804508315922826 0.127577629469258 0.0759857637830242 -0.0782447458391928
0.0056332185100505 0.146370746519976 0.0192442621124688 -0.175525210913759
0.0863314653707725 0.116649756020773 -0.0591539027596952 -0.204415330114857
0.106952696726783 0.111502014293417 -0.096326930328151 -0.199632260548759
0.0990681526935289 0.130189819334301 -0.0773668659805932 -0.210988148952366
0.00990017091338956 0.185463990015224 -0.00539773378860978 -0.207839268419011
-0.119916719193069 0.159992752641747 0.0820888597674041 -0.130711215687492
-0.215931159948038 0.0465647573126866 0.029674489176032 -0.0238119080511873
-0.144161617553621 -0.192622641135145 -0.0210194991288945 -0.0861816461610946
0.0881829020329476 -0.250708666240273 0.0380494760904522 -0.227500731721132
0.198953364580725 -0.13907198198365 0.301972362531386 -0.268486252587332
0.219369132596919 -0.180332306972989 0.0766175035711224 -0.180962869076612
0.0636517613433482 -0.280304698954848 -0.00334945784561679 -0.108012220109785
-0.135567255170643 -0.189911301940112 0.00295991115292482 -0.0705486451306979
-0.234216404157873 0.0455900927055125 0.00367244031741947 -0.010940760875994
-0.144791838675181 0.182370858739117 0.0435524907625314 -0.0555843425084213
-0.0155337951796061 0.227723758890167 0.0199514899393238 -0.115638756077882
0.108174768936929 0.195191358223756 -0.0209109874268198 -0.14075721672889
0.139464157700895 0.182448705613261 -0.0505101211853486 -0.141931525370569
0.128731630866 0.201448028711069 -0.0406226069954224 -0.144074496976357
0.00562130562502427 0.276039362939744 -0.00311210654176747 -0.141471266385445
-0.175558926316862 0.237540595991504 0.0524502781625073 -0.0882801425501817
-0.31398290655863 0.0855099630054235 -0.0023322177087283 -0.0158856519767204
-0.240343904621744 -0.257442014858065 -0.0501017737575344 -0.0779503320195965
0.0780278271623434 -0.382579063868031 0.00832992423484142 -0.181873987074084
0.263510773821092 -0.256991507403585 0.215690513346157 -0.201468937983411
0.262006819664637 -0.238428452011579 -0.0142879449718604 -0.106483117557246
0.0638627994992252 -0.365264587937188 -0.0106259377129852 -0.0408660240085706
-0.182010640524644 -0.247233161310643 0.00950004991817388 -0.0751962548312082
-0.302527692588126 0.0454903781409431 -0.0222668390807957 -0.026023672470108
-0.192896826986802 0.224224744575547 -0.00556144324453765 -0.0249443533747961
-0.034376114478822 0.282192173532532 0.00978845673614054 -0.0331938547195706
0.11609393174365 0.247394913604701 0.0178189955113458 -0.0516314962782549
0.151413936796299 0.224687589597969 0.00207783766890178 -0.0628020068557453
0.138505218126552 0.239491274493462 0.00515763543812355 -0.0582223980508048
0.00340446758252695 0.322920322471684 0.0073384115754994 -0.054511865435319
-0.200505292901463 0.281789478409783 0.0239815257243556 -0.0264256076376668
-0.359817408435269 0.116946442871787 -0.0315314618545554 0.00403918594574476
-0.299387268062743 -0.272093797744132 -0.0728093876428036 -0.0522545185242673
0.051229851784542 -0.447945247669623 -0.0169325203936243 -0.106911626925732
0.282217255721403 -0.329250894899439 0.115786445591608 -0.101482246800086
0.263781139018828 -0.267889584998643 -0.125884316993459 -0.00761220449435348
0.0492960950385247 -0.403827139379849 -0.0242209843555728 0.0542758303005646
-0.209631775982574 -0.268537504167259 0.0145705575785777 -0.0611152190128148
-0.326742813768988 0.0453083317532318 -0.0510672330292913 -0.035107337358144
-0.209546913243409 0.232218751469048 -0.0630594751337746 0.0167959571775365
-0.044619805779535 0.293990034597487 -0.00556997157921666 0.0641218915162372
0.108542650621605 0.262310330722924 0.0535625763751728 0.0512791201734618
0.141137169554702 0.232896142774477 0.0547277022370444 0.026063312500884
0.125108260492091 0.241167210496861 0.0519778429298776 0.0332323443948975
-0.00534949255266214 0.315535244053461 0.0239323854711795 0.0385508826316383
-0.195302771241032 0.271380436289684 -0.000563133705683201 0.0428157625595659
-0.335753870800386 0.116064832546415 -0.0548111398874946 0.0279560482946736
-0.288991849956635 -0.242612168346615 -0.0830614055724903 -0.0190958711299292
0.0283313211307491 -0.423940392897179 -0.0292003681764303 -0.0234026006168239
0.253120034363127 -0.338345230932826 0.0190877965003822 0.0131601421171012
0.220541228469821 -0.256902413834374 -0.238066700892532 0.102534106056632
0.024188765732229 -0.367203584152831 -0.0416279893213527 0.157002700796876
-0.19692177591735 -0.231705731480531 0.0162534099521774 -0.0307527964554835
-0.284214079415668 0.0375129950527182 -0.0752071308956414 -0.0343996448148358
-0.183737361114255 0.196219383250083 -0.113608870517405 0.0619116904521169
-0.0447741702235806 0.253198603557433 -0.0191615213754664 0.158754400124655
0.0855722249367249 0.232314098785603 0.0836625870766825 0.148996172072369
0.109154811659161 0.205257662454574 0.0997542415017408 0.111501436824702
0.0893855559013042 0.207935000616501 0.0898952305118357 0.116625125299537
-0.0184746512737457 0.257675550281718 0.0374319895848152 0.118627706865527
-0.163160106371192 0.206130696059193 -0.0213406782627031 0.0987914666057652
-0.253688377938131 0.077986691813565 -0.0670800580087456 0.0418698227856122
-0.211057440929424 -0.178265842225612 -0.0813850997144364 0.00693431771816579
0.01814418683019 -0.325895418301221 -0.0298935442333332 0.0439848011772034
0.186686400252237 -0.287669256782972 -0.0581064180075355 0.114871382539327
0.13535780650296 -0.199216377964546 -0.326117783006017 0.203854347659434
-0.00686304302388272 -0.256414480744402 -0.0554282965949614 0.2421628902143
-0.141078784293611 -0.142758207964548 0.0154759248894079 0.00888557130313517
-0.178403485733578 0.0242686529492278 -0.083261549194959 -0.0251293887377211
-0.121602904925775 0.122117027679625 -0.14251055477331 0.0971691476620635
-0.0349847516633364 0.16566047770066 -0.0271529912010541 0.227973615919521
0.0492352389335582 0.163196758603741 0.101959249109257 0.224469400709362
0.0601488934592161 0.146268217427075 0.130987867292279 0.178050556062476
0.0409424469226772 0.147340369101508 0.111310276974122 0.179502596438197
-0.0321840982481495 0.166489783723288 0.0403184220639272 0.173760533481306
-0.114577282426634 0.111459572148288 -0.0414924705224471 0.129319113488791
-0.141770220899379 0.0232925919757552 -0.0702491917401686 0.040500035337617
-0.104112290961453 -0.0995375065509441 -0.068498668014983 0.0203520358614187
0.0112856538504936 -0.189250826558181 -0.0246740226441139 0.0832909706009981
0.101097334446776 -0.196692070093975 -0.108933610527163 0.184812352942208
0.0269389955525549 -0.104334576836546 -0.373989764827115 0.27738267253259
-0.0340808255457324 -0.099832760664847 -0.0595319894866631 0.295155215335694
-0.0602747661810623 -0.0298525387973436 0.0195275935413149 0.0488661364615068
-0.0453991283353988 0.00599577105892468 -0.071545080965156 -0.0148477382383986
-0.04222274780384 0.0285698636728224 -0.144797686696034 0.11252020274519
-0.0229443943570116 0.0521855509476275 -0.0291442590632048 0.258812119706609
0.00147263209788114 0.0680510953227692 0.107553382893157 0.263832030821468
0.000618644022755021 0.0655494209010714 0.14274537414015 0.217354308772937
-0.0114650604797124 0.0673128425334943 0.113696833519575 0.214920803578024
-0.0365488708657515 0.0606852161806506 0.0307712802863143 0.200482256859528
-0.0530816576256509 0.0162912170713265 -0.0605787412162029 0.135507340593891
-0.0299882340641748 -0.0201864129010704 -0.0648704020354867 0.0277054557611023
-0.0104056639511835 -0.015578399041826 -0.0499012458909261 0.0244777532032048
-0.00701650197487221 -0.0500111327003086 -0.0192036640192405 0.0988763108707175
0.00530774152936736 -0.0916000907289697 -0.133751822832726 0.219168030652484
0.0464628614504726 -0.0570685392008838 -0.0204540403460862 -0.302761328889121
-0.0177847727645617 -0.0752458565145801 -0.107136289659202 -0.118923797513179
-0.0656393723115389 -0.0125967065786918 -0.0162961818653649 -0.0286530801800073
-0.0283098434636632 0.0683451734400461 0.0406174445818775 -0.0245511223404714
0.0245185529385077 0.0588061072282566 0.0147964511882494 -0.134573779478763
0.0500333744228795 0.0300988467102629 -0.122506675554314 -0.173378632647625
0.055279456050806 -0.00884660220004448 -0.220607556124712 -0.137343577037483
0.0611396021314294 -0.0177383992667715 -0.244297769959522 -0.107865959670802
0.0672235783561513 -0.00684471055368724 -0.238109298819584 -0.141933650428066
0.0559857400048179 0.0443015817008882 -0.153980131514301 -0.200890162140411
0.0104652902140299 0.0816532261833375 -0.00709982720179623 -0.189991522872834
-0.0628109227305693 0.0702741817341762 0.0385974699099018 -0.056244868355186
-0.097866985548106 -0.0503110264769369 -0.0386551315074094 -0.0686850763445347
0.00415096038094002 -0.117213012430058 -0.0952576313300333 -0.234168405814956
0.0842903561298624 -0.0670942565807166 0.11095615425227 -0.464549213810319
0.06732232034129 -0.176512212424945 -0.0341495997598633 -0.277624303519628
-0.0628896715353871 -0.17210997248929 -0.0962933441144801 -0.11843762312972
-0.143678873048387 -0.0453893128958774 -0.038659879328692 -0.0427379720121567
-0.0943577873903594 0.121705795675761 0.0220626139812244 -0.00747476870285276
0.00947868774901454 0.150232576635516 0.0171175145307706 -0.107111647420687
0.0926289311188129 0.116177277324661 -0.0896733828037868 -0.151418063320984
0.139770662506834 0.0430075534867477 -0.173629325806479 -0.131638682637363
0.155765671213807 0.0248767080854426 -0.203415584644237 -0.104784007575005
0.161477005296718 0.0451792775212959 -0.198274017303743 -0.126134258153388
0.122919982661152 0.148139337202279 -0.135370224959068 -0.168290084339892
0.00132649942970911 0.209385822077397 -0.0139962678308802 -0.159571454206827
-0.153035424972453 0.171209458469779 0.012530914029723 -0.0401740773590572
-0.249406185126369 -0.0746958969504856 -0.0672773195253375 -0.058347929851525
-0.0882897435522193 -0.271344126223102 -0.103799378330474 -0.209175314144661
0.0867601504585192 -0.251282011616832 0.0831773239764744 -0.404584797665828
0.0847671149306843 -0.279599023214253 -0.0596202888627995 -0.207589109497687
-0.108188553682822 -0.263914730908566 -0.0752275146857031 -0.0944847842399702
-0.221714447464383 -0.0793786689346751 -0.0524231736169735 -0.0578200450169023
-0.163264128004698 0.168408340552212 -0.00571897635632823 0.000993596160244761
-0.0108632966651547 0.233787518193489 0.00509255787774893 -0.0654828823405748
0.123286691251781 0.195529084035613 -0.0523818822139086 -0.100821419326215
0.205212843402777 0.0935060639104179 -0.101943665784744 -0.104321769549489
0.226658564369374 0.0637906873900664 -0.130364605395503 -0.0850472203064444
0.230901727662975 0.0865392066902929 -0.127023081611673 -0.0933261569115696
0.177016803953844 0.226371694099281 -0.0932686325012903 -0.115084059009669
0.0028221554607929 0.309980692430027 -0.0112403918191938 -0.106914039843459
-0.212504388001472 0.264507640932063 -0.00831702316011747 -0.0141774678475996
-0.373773420287701 -0.0693799758398581 -0.0842639849398781 -0.0324496815224349
-0.181045861153573 -0.377229943596869 -0.0950072087424459 -0.15293770688802
0.0663804988049969 -0.392734532134608 0.0557865909976627 -0.288742622210447
0.0885235466905995 -0.352551165338422 -0.0935612636941611 -0.0933480433986827
-0.155849227395995 -0.334329169008118 -0.0424275486254665 -0.0378580440115134
-0.294379963292447 -0.101310503886676 -0.0538224968748941 -0.0639693211963719
-0.219100616648012 0.208256485853583 -0.0383040932184176 0.00718612756456246
-0.0270413427086149 0.296275504574244 -0.0162072157586045 -0.00767109451694289
0.141097672754446 0.251454496440093 -0.00916134700374025 -0.0252937620603031
0.243518568198292 0.131147617309701 -0.0132836764370092 -0.055302844070957
0.263377042323181 0.0916282818663601 -0.0387962178091487 -0.0523600833054479
0.264029173666375 0.112675812764617 -0.0370350483489804 -0.0500415545162893
0.204653290346603 0.267312241021067 -0.030210563207629 -0.0488173973286612
0.0100091735329498 0.363507741381183 0.00463246711889483 -0.0379135965452033
-0.231853576626467 0.318758000472232 -0.0214139413553654 0.0205173944855455
-0.434040377706321 -0.0438228995462566 -0.0861998668605803 0.00310601387959211
-0.245206685735318 -0.413636164190937 -0.0662748403080098 -0.0757965999430794
0.0346619327805976 -0.464763151724796 0.0385026421364331 -0.138493738980842
0.0753546076160658 -0.378438179387496 -0.127233703238584 0.0561910812174492
-0.189169217777732 -0.357231628634151 0.00224754689646337 0.0477565160598589
-0.329503094696372 -0.101913581635175 -0.0423913696432927 -0.0546827164483924
-0.241166991976906 0.222029205983635 -0.0694179050919237 0.0182792351035459
-0.0358938934221471 0.313567223000921 -0.0384033298311925 0.0628435908733817
0.140125413567051 0.267715866130423 0.0387182680399083 0.064354557904853
0.246349160062897 0.146878308446818 0.0811863876860741 0.00741212470558209
0.260391083650354 0.10450467515151 0.0595419964858449 -0.0115513247064106
0.254047530970435 0.123051735250015 0.0591810967234793 -0.00439818442779778
0.193583545299034 0.266002181307767 0.0410045620588296 0.0177807604483345
0.00832355093826614 0.350678268191183 0.0274911734691966 0.0333505246103992
-0.212113149772706 0.304659585987385 -0.025995641684721 0.0541309742879671
-0.40378828230652 -0.0250814889714472 -0.0743279679341157 0.0372214291990027
-0.248445142398445 -0.378382321752798 -0.0237456043882087 -0.000204958302369699
0.0032062294882437 -0.451108526820108 0.0312636800462826 0.0171855905179496
0.0438379751508555 -0.344263866541039 -0.151995650767429 0.217605444804186
-0.188736870647815 -0.313354466687114 0.0509070879638085 0.144151941400646
-0.298184425470673 -0.0795956454239575 -0.0212797534096632 -0.0299831731421821
-0.211075238003143 0.191825872379377 -0.0881845606253472 0.0317104617274853
-0.0354921573055021 0.269520786416227 -0.0522521996672504 0.129532061938835
0.115426065742215 0.234480377038134 0.0849646296516475 0.148888065544877
0.209910637174286 0.135934827350261 0.166323323297769 0.069810758413776
0.217021585401231 0.101748178231952 0.149130138695073 0.0301982501849014
0.204620529477798 0.117875444189451 0.142810805763129 0.0401053471096749
0.147728477330969 0.226932507623673 0.102234263024337 0.0752552814540488
-0.00617243454299259 0.277000146014766 0.0446221191027149 0.0931848505954972
-0.165862692652019 0.221749704424245 -0.0287320824414322 0.0748679535162509
-0.295987795989117 -0.0188073776691549 -0.0571158696135601 0.0583264413123233
-0.19253378548454 -0.287948482553677 0.0149949539635132 0.0549225133204166
-0.0216344449733666 -0.363787385800538 0.0305474096843461 0.146916748539901
0.00446428786839131 -0.244547237870001 -0.159740096009472 0.359907755299799
-0.14958792031657 -0.204814757298889 0.0927890569430135 0.225476844970104
-0.199909520006905 -0.038174289224657 0.00682731832076906 0.00274535630095197
-0.133005914294359 0.121748343935898 -0.0883966067367249 0.0398959187739466
-0.0282918377585453 0.172772823980262 -0.0557292060972988 0.173826119317314
0.0705732711526438 0.157258377050462 0.120232703341756 0.207653449530722
0.138549832249017 0.102314734779552 0.227535182871199 0.119377287878427
0.140514487722041 0.0837204740900488 0.216480102677372 0.065490315280171
0.127077571446298 0.0976692227203336 0.200918509318586 0.0778591492027744
0.0787641587890415 0.159133584310243 0.139136644175165 0.119138884793712
-0.0255423532298667 0.166188691860487 0.0461634255304407 0.131222705373818
-0.106239541726166 0.106908339876264 -0.0333562789579244 0.0759082360592309
-0.153473760743001 -0.0197608203763526 -0.0399895481041009 0.0606537842459382
-0.110388543386172 -0.167175771895551 0.0401169048506355 0.083291917662873
-0.0390613531306666 -0.228710724353016 0.0313919490470247 0.231609179021838
-0.0350451591588938 -0.101077630802688 -0.146628433151956 0.454876806458549
-0.0825824517594562 -0.0618433587375253 0.125085787084171 0.275966386322455
-0.0665044691927193 0.00949629218786483 0.0409613307311488 0.0322975146173418
-0.0349016680797672 0.0316793511106747 -0.0705744674437025 0.0362274440912252
-0.0178577443045632 0.0489673736238612 -0.0495891929361412 0.184519625080624
0.0125314685809546 0.0569618087605627 0.136942062671954 0.231664543830075
0.0428316356350924 0.0533513952474786 0.254038716335482 0.149876805226957
0.0421213630428318 0.0538910533360286 0.249900474710858 0.0902028035702075
0.0345726821674815 0.0642366894413152 0.225887778529369 0.106161868703728
0.00892840095899979 0.0739659355593009 0.148947614432675 0.146478173193217
-0.034686387242762 0.0480345825690094 0.0341789292738026 0.148003063030671
-0.0393215659160644 0.00203312769069555 -0.0375085069133389 0.0623749051491559
-0.0188887479577674 -0.00794955100919024 -0.023687750953402 0.0517458041009139
-0.0367480392636629 -0.0376846594652668 0.0504306062751832 0.0924484754773123
-0.0552434618694228 -0.0775683240022965 0.0305497113061256 0.269679076212596
0.0460460040370657 -0.0602423715109442 -0.0284375342156864 -0.314729819750071
-0.0207463158490553 -0.0769781056523458 -0.11511251257165 -0.118964776326627
-0.0679516238077211 -0.0118534842380509 -0.0196184415631563 -0.0277086934876624
-0.0260718607923082 0.0703543854696734 0.0431984291489071 -0.0257794176111273
0.027947135289672 0.0586549307427597 0.0125750406443938 -0.140146653698272
0.0537132594280827 0.0285807774049809 -0.131687912119411 -0.175966402488131
0.0567228305022791 -0.0119938852190798 -0.232584271244494 -0.134378580213263
0.0631532034306646 -0.021194462243423 -0.257240538617085 -0.104515787890579
0.0691127650269981 -0.0100183599362803 -0.252814289033944 -0.140614466549371
0.0596473081022965 0.0439589083449215 -0.166973081754918 -0.203141656450309
0.0149209679419017 0.0843644433708459 -0.0154722510182226 -0.198138252335099
-0.061689738274147 0.0744916625921608 0.0389134670316828 -0.0612683266051361
-0.103554842231394 -0.0485739166603604 -0.0409613179226503 -0.072013612830545
9.5230947988835E-05 -0.121097185270201 -0.103150017031197 -0.239495187624399
0.0864493251110952 -0.0730421015385862 0.10456311028706 -0.483960545705809
0.0657279190312029 -0.185731118037432 -0.0410397449790065 -0.287229613972184
-0.070416847527657 -0.176071917799231 -0.102420842421245 -0.118260121199959
-0.149106751391852 -0.0443701227216891 -0.0432077621909117 -0.042197651129389
-0.0931494636624823 0.127434179634327 0.0250114345921239 -0.00710168487644593
0.0150249267143429 0.154788252161821 0.016255471746237 -0.11063594427733
0.100985467009528 0.116556417840352 -0.0972452441815776 -0.154756694247546
0.146119637987884 0.0388879140253442 -0.18415396191627 -0.131755804615368
0.162012428437927 0.0203253105686829 -0.214904314559466 -0.10180095740418
0.168563587089842 0.0410398369964068 -0.211670166145493 -0.124164742346031
0.133122711865238 0.1501469601468 -0.147044393304238 -0.169458612145447
0.00923730035275101 0.218253353720765 -0.0218139203989456 -0.166200927270577
-0.153199358563159 0.181565799480811 0.0123688890351299 -0.0431024422607152
-0.261634518099025 -0.0708708711293356 -0.0698452783666583 -0.0607663674271799
-0.0994530854313802 -0.280028601765828 -0.110640233255945 -0.212879099278831
0.0864616836986237 -0.264232688954417 0.0762647572850949 -0.420791539057086
0.082097428356732 -0.294446984730765 -0.0648002520342298 -0.214039565271801
-0.12009934967064 -0.270664903031916 -0.0799101576381951 -0.0940123317146358
-0.232025619713414 -0.0779746902095067 -0.0584288557310219 -0.0569165402089795
-0.162667649818998 0.177442236143947 -0.00338630639681496 0.00181293430592004
-0.00353349182715305 0.242470090377874 0.00479996301824021 -0.0669094838983904
0.135493954548221 0.198397829605324 -0.0559362049944846 -0.104056417573917
0.216174273343244 0.0891195205973735 -0.109658619893562 -0.106074431034362
0.236665623600998 0.0581359925985786 -0.139003125060064 -0.0841779659589711
0.241821743570218 0.0817602026922319 -0.137087269127703 -0.092392547959989
0.191659510874454 0.229389762355933 -0.101490263622023 -0.114365650985635
0.0141930163100542 0.322756983208497 -0.0178480173620175 -0.111455783162573
-0.212010527368125 0.279834766861588 -0.00965702916150919 -0.0148321685704898
-0.390390878389265 -0.0624488233083572 -0.0866195781533066 -0.0331155706497491
-0.199335915513066 -0.38696900843013 -0.10060660106318 -0.154317460588046
0.0642728048912421 -0.410803687162637 0.0499492189499349 -0.300405859376921
0.0856377508550414 -0.372481778269757 -0.0962033178534855 -0.0939073322658273
-0.171591471176816 -0.343879496422242 -0.0434901485803495 -0.036962465601785
-0.308649741742887 -0.0994083038710318 -0.0604821862186579 -0.06309085100079
-0.221184654597749 0.220827001847943 -0.0366170871967882 0.00955468489185337
-0.0188375553487122 0.309082543978717 -0.0157726061171721 -0.00587478729929065
0.155387549513405 0.256756349885677 -0.00851544090610988 -0.0269863610863132
0.25600051056349 0.126847170942891 -0.0166907284695102 -0.0590761403769673
0.276501836370533 0.085501075837536 -0.0419742980917208 -0.0529737294239209
0.276389778730959 0.107887336656127 -0.0415855826980749 -0.0513102589860206
0.222104278859151 0.271813527851191 -0.033627938026178 -0.0476082005428729
0.02264723117477 0.37815047518677 0.000531445256313833 -0.0400144991344468
-0.230171009613395 0.33740784297822 -0.0227813739711758 0.0219237584976348
-0.452560374947688 -0.0347704963054858 -0.0876096106279033 0.0044589702124723
-0.266756054463047 -0.422868238066462 -0.0682994748159984 -0.0758904061756601
0.0288138780868263 -0.483051117619693 0.0351148569088277 -0.144556753927394
0.0708778318442981 -0.398832815323905 -0.127849361536717 0.0630658146521992
-0.207216963469147 -0.3668699154968 0.00565105534333674 0.0509528959342966
-0.345440178656966 -0.100898226727703 -0.0480356888995996 -0.0532692980887111
-0.244044460691968 0.23638861716464 -0.068378847639295 0.0227969095229164
-0.0278607409931162 0.327806798767311 -0.0366319408434252 0.0693106925590934
0.155086199638962 0.274759157101077 0.0441418767212833 0.0650166126671052
0.260782476505451 0.143361856672574 0.0829164821130181 0.00118875726585953
0.273416024003126 0.0998939370296891 0.0613633981157163 -0.0139969464946818
0.267124362931067 0.118450525331146 0.0597751779193209 -0.00629970428462875
0.211558771985426 0.2707342742863 0.0431179701267117 0.0196699296314547
0.02068744853408 0.364660292051047 0.0264871431734184 0.0341256328337558
-0.21091238121146 0.321276113070694 -0.027234392525689 0.0575670439911947
-0.421228122873597 -0.0152606870872349 -0.0740035548609334 0.0403787620478498
-0.270396042649405 -0.387942616696215 -0.0218053202514122 0.00144639080885383
-0.00286810181771515 -0.469245551963557 0.0309978734868471 0.0162853108608945
0.0405796177834299 -0.359875482371948 -0.150015271848349 0.231092858380016
-0.20438110360817 -0.32009623916753 0.0578373316630064 0.148363407706226
-0.311747489773712 -0.0772398637526575 -0.0259073349131325 -0.0280070377013295
-0.214695642662671 0.204992858325076 -0.0894937363063414 0.0378502203461469
-0.0295017908423926 0.282534224386323 -0.0497477492687288 0.14012122187823
0.128128069842923 0.241199861190722 0.0947981881566527 0.151482699381797
0.222479390387177 0.134106161381602 0.173243834529743 0.0636108952781714
0.228412473003432 0.0983642292514939 0.156238784389417 0.0264924271549139
0.215874379985842 0.114797057617868 0.14783328054077 0.0369370058842303
0.161351118228896 0.231448776034058 0.108332610357187 0.0767190680742429
0.00239263407487338 0.287942865901911 0.0467260370360073 0.0951330321365996
-0.165577299609437 0.233670191365394 -0.0300877621787568 0.0781264222335906
-0.307682798172439 -0.0134902804944186 -0.0554414515063615 0.0620915300657544
-0.208609787694682 -0.294584774914058 0.0196996913526367 0.0577686820120759
-0.0265293396096647 -0.376389430237662 0.0329136192466744 0.150401121429772
0.000541725473328945 -0.256251620025215 -0.155011243033586 0.37995373467122
-0.161170567519767 -0.209176470245609 0.102871754120454 0.231665821670927
-0.208110858214769 -0.0360340544476632 0.00529542306948164 0.00534630853039773
-0.136076667264773 0.130568198174072 -0.0895297016839672 0.0462716866156622
-0.0247115396206865 0.181590527063219 -0.0519516732574534 0.185983062678737
0.0789793642438175 0.162413930459387 0.13333721880728 0.212074960779612
0.147042211646258 0.101839479336603 0.239122217223549 0.114311694585205
0.148512790936581 0.0826158026684886 0.227076679406825 0.0606993964798424
0.134458460490487 0.0978328554617111 0.209457257130308 0.0745591028806974
0.0880413468372068 0.16317915780452 0.1474830847931 0.119822959662804
-0.0214956231710114 0.173630585888609 0.0503485391197209 0.134088329219166
-0.107576343448186 0.112844691838277 -0.0345716496790147 0.0788320000251834
-0.159264388415297 -0.0185782106783404 -0.0379959758659894 0.0649685825049475
-0.119560273620014 -0.171308259839415 0.0458800355900977 0.0858445994858332
-0.0432624051515778 -0.235228485245861 0.0361033496569621 0.237892402848949
-0.0370306572732997 -0.104481494068212 -0.140154428121078 0.47637431882673
-0.0867896010944571 -0.0624975255910021 0.136580952718016 0.282310518192016
-0.0687166545629088 0.0108812609376873 0.0421282852137218 0.0348333134447959
-0.0362274565333455 0.0346742595995261 -0.0727682214400061 0.0414421414902368
-0.0171350242120653 0.0529041416116038 -0.0460250910484044 0.196765465777087
0.0144892485946918 0.0603105473323231 0.150174657453322 0.236823657606022
0.0458075646501653 0.054233063064789 0.267857957085014 0.145518607542044
0.0454982965655627 0.0555056493952147 0.263001083369959 0.0858925383001643
0.0384477302605707 0.0658933339953597 0.236583419248503 0.102430837596421
0.0119821167144004 0.077165124675044 0.158785406542233 0.147145729690322
-0.0357051302044956 0.0518581338365582 0.0391370386911341 0.152121686797242
-0.0419912642034608 0.00274205555410031 -0.0391284583348595 0.0644922199243005
-0.0200100179823571 -0.00971171789941923 -0.0212062758908552 0.054682338701918
-0.0391352537368654 -0.0390369978068278 0.056154592686188 0.0935627333644174
-0.0568992456213182 -0.0778294372316567 0.0370911283774577 0.276387938627301
0.0438590153592725 -0.0638550838228086 -0.0445080411050663 -0.319889990789781
-0.0252398018145151 -0.0764022136917206 -0.124529956665023 -0.113189215376582
-0.0689509117999938 -0.00926108559874408 -0.0225441295981915 -0.0266704247143214
-0.0217213719695258 0.071716230586547 0.0437810415438515 -0.027877996875597
0.0320481267347258 0.0572583367313924 0.00637756109952867 -0.144627467187014
0.0567085200221044 0.0242528863104825 -0.143317545835487 -0.171774752665701
0.0568757045363515 -0.0163133850664332 -0.244689704262122 -0.122914397436261
0.06212552364139 -0.0259988839810102 -0.269183268984678 -0.0920907935808479
0.0693305688258768 -0.015379981878302 -0.267495161649492 -0.129234302886584
0.0637913221558949 0.0412921160995559 -0.182988142616232 -0.197557674385552
0.0214974317142291 0.0853223304519073 -0.0284402169997578 -0.202985242493693
-0.0583242719298878 0.0795649289995515 0.0377061101347829 -0.0654871383915785
-0.108456639816017 -0.0432121434755914 -0.0449116361675903 -0.0750075310519984
-0.00666490447981513 -0.123220402826109 -0.115776176426007 -0.238012995729325
0.0849292175457959 -0.0803074559075845 0.0835441900871623 -0.498273119040462
0.057912090093676 -0.194709055467202 -0.0544149394203466 -0.291365570031926
-0.0819337729960583 -0.1752945496419 -0.11048354419262 -0.113642792691907
-0.154478609401736 -0.0383924744404708 -0.0481098781481243 -0.0391785384954258
-0.0867582340260221 0.133340165974219 0.0270344649121056 -0.00844234758984962
0.0240804213040758 0.156149207925496 0.0122969806598324 -0.114174435151924
0.110455675018074 0.112251355785353 -0.10704135236242 -0.152536907992155
0.150629802484139 0.0304735779289609 -0.195942468818737 -0.124326877631681
0.165578943485788 0.0109944742534724 -0.224997502757248 -0.091733947886018
0.173175727235156 0.0307761745504429 -0.224170556797532 -0.114728738139537
0.145554254669354 0.145950670156562 -0.160116300064318 -0.163818715091034
0.0232049450343058 0.222116354218513 -0.0341640782059568 -0.169620863601195
-0.145775426892339 0.193400256500996 0.0106206013654981 -0.0452021956572131
-0.271435002624713 -0.0590989563183728 -0.07346209104986 -0.0608693226804173
-0.11735722856873 -0.281535475833919 -0.121337687323052 -0.209839775859477
0.0777975434227715 -0.276179095504883 0.0564929307337433 -0.432412572252539
0.0699468347767784 -0.307692456323078 -0.0744869021875577 -0.215569873522537
-0.137338981274121 -0.26902425944465 -0.0849231501985539 -0.0904080398311691
-0.240461779141064 -0.0688701569124624 -0.0647838124815888 -0.05295690110757
-0.155896653918327 0.188841029725051 -0.000420728127292358 0.00230865434282339
0.00983708198112245 0.247444343101593 0.00313194129198446 -0.0677364707367119
0.15042924578797 0.194423788426469 -0.0619384871009197 -0.103607328395638
0.224539710732738 0.0771693971368624 -0.119241322054504 -0.103201957558826
0.244554171185636 0.0450023281138283 -0.146319847546198 -0.0775664634273103
0.250014485779279 0.0680724704529799 -0.147131317151315 -0.0858270034544116
0.210134383793822 0.224671627829987 -0.110186696122614 -0.109767184466489
0.033384314791493 0.329236493872542 -0.0275099569574895 -0.113302959755081
-0.201234306583053 0.296107075465794 -0.010586480276281 -0.0143431621261992
-0.403557581414443 -0.0455390070160777 -0.0886695194961159 -0.0310061536159612
-0.2247114686982 -0.387438077197397 -0.107560933028302 -0.150223489998395
0.0486747018319558 -0.42537411886719 0.0362954735221049 -0.307429784013262
0.069591925972492 -0.387737423263874 -0.100199530761691 -0.091000404943206
-0.193483211311342 -0.341152575398037 -0.0448755269427438 -0.0342273645863088
-0.320087560125467 -0.0881142035342767 -0.0673030766985259 -0.0587842623375142
-0.213849014659968 0.23581064966982 -0.0336222691468734 0.0125829435110555
-0.00183478278340227 0.316622572988198 -0.0149600286053858 -0.00340904545329828
0.175116929257373 0.253569573103387 -0.00873418076600961 -0.0280777647849553
0.268601165999098 0.113889004517302 -0.0221608384319263 -0.0620376276196363
0.285719263165479 0.0712186785652515 -0.0459745170008931 -0.0513486588187543
0.287208936185606 0.0929671090830879 -0.0468652152956857 -0.0490807108724364
0.243644612871999 0.265837859752613 -0.0364626573311782 -0.0445571854314283
0.0459554458632819 0.385845549956076 -0.00581088990994907 -0.040956610435832
-0.216467327575916 0.355446239729852 -0.0232629670427613 0.0242134204916513
-0.465916656410484 -0.013720145246418 -0.0866048839173862 0.00782858791144986
-0.296484527994732 -0.420761769611011 -0.0706430436317958 -0.0727372454676203
0.0105476609101606 -0.497035490573598 0.0271309076135484 -0.14870075580292
0.055437081243998 -0.414235717024019 -0.124873221102872 0.0706733278196093
-0.229956643954442 -0.364735942155056 0.00997525933319459 0.0513415930490735
-0.359242776351683 -0.0878835341188234 -0.0541904571465089 -0.0492429378445542
-0.237175697924337 0.253297430298537 -0.0658491267294194 0.0275981065400486
-0.00971246558938202 0.336984631934509 -0.032237060105709 0.0754524784884352
0.1749260690213 0.272533368031935 0.0503468421061564 0.062563953345767
0.273273246275692 0.130726943706699 0.082546566492761 -0.00647315399132905
0.284037264241755 0.0859700304645746 0.0620134434562379 -0.0176011146523513
0.27763156211911 0.104888635761946 0.0590164524302005 -0.00886483728270101
0.23191949102668 0.264801707025806 0.0457169930588186 0.0189774178954275
0.0415785687773151 0.371976372961917 0.0253449650984981 0.0336298433071461
-0.197837592448431 0.337715874117925 -0.0262887149537756 0.0607388720491409
-0.430940867815453 0.00473781007126128 -0.0713486617438191 0.0447520526008393
-0.297187276479839 -0.383124458870464 -0.0197498596010156 0.00378249112592881
-0.022659982461341 -0.480767856120178 0.0305902365809079 0.0156815972638236
0.0254669428863936 -0.373630293103455 -0.139052464158105 0.243830953895394
-0.225856882532014 -0.318004317475913 0.0680650431142409 0.148189649312326
-0.323709991506106 -0.0650743663694516 -0.0298187751042299 -0.0244661538382489
-0.209080378892959 0.220714095895134 -0.0872247936558851 0.0450576464655969
-0.0142515876107801 0.291803457705539 -0.0421945239774303 0.149051609965589
0.145331749376244 0.240747582916162 0.107136626280628 0.148825434510899
0.234347297675323 0.124432957300936 0.178277467631021 0.0519656093196014
0.238392946988823 0.0874089259896262 0.160861199353031 0.018296069696326
0.225676964229488 0.104933546531029 0.151570756137669 0.0300539527337673
0.178429126598776 0.227753457913512 0.115635726432351 0.0734298248071776
0.0189203400972306 0.294652931636709 0.0500562011795443 0.0946299224125474
-0.157080567355428 0.246151802363079 -0.0282047357658661 0.0815930152857779
-0.315295150301146 0.000179430402710237 -0.0509685850275067 0.0665728128249935
-0.230102593734086 -0.290546567421803 0.0254153696154067 0.0577193883591667
-0.0419791422351834 -0.383374240484564 0.0391681336833895 0.151340411306194
-0.010293123187174 -0.263378767311821 -0.13854232012313 0.395561141643641
-0.174784123480587 -0.206554650536389 0.117058457561672 0.230053863236516
-0.214769577623751 -0.0279256115282695 0.00414178852574882 0.00791076981294149
-0.132943650188786 0.141105068740693 -0.0882560547607599 0.0535120050425203
-0.0153977305767966 0.188429342495107 -0.0420918643731025 0.196131886415722
0.0899876957157376 0.16368802985625 0.149069968056729 0.208706925498902
0.155748951028741 0.0957204088217604 0.24825462584676 0.10066230274302
0.155771780475795 0.0758812175858161 0.234590651625313 0.0492594567544262
0.142659841939458 0.0919748998316935 0.217381367326916 0.0647333440653955
0.0989881732518056 0.162033907209172 0.157919564978504 0.114094031808212
-0.0132708431461799 0.179375595473474 0.0565645792648314 0.134019287283016
-0.104623957097796 0.120017783348544 -0.0335757198105748 0.0821499820098245
-0.164154240991185 -0.012440606131972 -0.0325970228649828 0.0684360918779124
-0.131591700654039 -0.16921238424115 0.0529422274319078 0.0839892334144327
-0.0525161220880227 -0.237916471669552 0.0457922811903627 0.240372354013523
-0.0418455451338674 -0.105862886960185 -0.120835990491869 0.492837890601355
-0.0909590643748627 -0.0594370645543677 0.152924802587715 0.279798434480522
-0.069190733029439 0.0133799800317436 0.0440309680291214 0.0359054271251295
-0.0358085565321497 0.0376034455472195 -0.0719043045895682 0.0482612729021554
-0.0148850111014099 0.0560798635778394 -0.0353781485360751 0.206464430782833
0.0185000431147582 0.0618092994250748 0.168120030434111 0.233306789724116
0.0500678530575835 0.0535996428690668 0.280998849536096 0.132146850139007
0.0498583353147916 0.0544683629720659 0.272605032919158 0.0728463810567994
0.0434038744110909 0.065563905796419 0.247148585266188 0.090939072060117
0.0172398056285111 0.0783824535614627 0.170241200054217 0.140886742513938
-0.0344603934094834 0.0558123345165167 0.0468964234796028 0.152704759875927
-0.0442501027395911 0.00499737610291557 -0.0384094887461268 0.067559465430553
-0.0209176605700145 -0.0107867501867164 -0.0165192988133374 0.0577407869714417
-0.0420369784879025 -0.038647560547335 0.0635432643587586 0.0911894596091209
-0.0605307979552037 -0.0755544323655487 0.04920667033584 0.279094718971177
0.0391922885748668 -0.0661971830888669 -0.0607026250062061 -0.316762481918232
-0.0297754953636944 -0.0741950335859973 -0.130002776987629 -0.103271801094929
-0.0693760119164578 -0.00566625811526098 -0.0249698883932889 -0.0241181777370512
-0.0170441225474491 0.0709644690599086 0.0438089141851966 -0.0302298552240597
0.0345003096818299 0.0543809384483748 -0.000542535874114895 -0.144585230102271
0.0579550688324857 0.0191335071314546 -0.151955131955478 -0.162826533931335
0.055055081646861 -0.0201324174111371 -0.249721819799788 -0.107095731042381
0.0598496823969264 -0.029994363594738 -0.274155780511681 -0.0757523622551366
0.0670963088596176 -0.0202841856098501 -0.27515411355785 -0.112292274765972
0.0668719539700582 0.0365246238892734 -0.195443735015276 -0.185797375730176
0.0273798128626553 0.0831956407391853 -0.0416154896387948 -0.201231982642793
-0.0526339195919405 0.0825349211595858 0.0352303955262336 -0.0687675437150796
-0.110558751815741 -0.0362578336522686 -0.0497046000241259 -0.0749738141327511
-0.0138263823418159 -0.121897869106227 -0.125072760036497 -0.230386467713826
0.0806074325788779 -0.0854157016038218 0.0600641869483633 -0.498849021495338
0.0468175100489395 -0.198920838637732 -0.0682152117833344 -0.287930298183608
-0.0920099948741275 -0.169404219608974 -0.11546692131023 -0.104994444975312
-0.156129073589366 -0.0309110700883427 -0.0517527815716539 -0.0343484637008016
-0.078121173653537 0.135948755710546 0.028196902558808 -0.00987122144326147
0.0335735566239683 0.152834746774084 0.00652037401801218 -0.113963115867624
0.117387507994405 0.103544126083602 -0.114759752349407 -0.145849978394857
0.150909196856188 0.0205891048617144 -0.203210483057891 -0.112741076163069
0.164820066806343 -5.04604450427756E-05 -0.229578803312274 -0.0777457950624822
0.17310463245214 0.0194262545629545 -0.232044585756492 -0.10003265879214
0.154206920204181 0.136187819104844 -0.169944495550657 -0.153194406130758
0.0367965691807572 0.220446732023079 -0.0461624034277997 -0.167465398747469
-0.134329952900913 0.200067374457661 0.00942643919416118 -0.0457665324550043
-0.274073156505349 -0.043628985608631 -0.0758994927823875 -0.0586186803952022
-0.13290250780671 -0.274371014759796 -0.130148508772813 -0.201304390479024
0.0650942007301225 -0.281667294151276 0.0358129507335556 -0.432995326277004
0.0529451026765393 -0.313703517516664 -0.0826099648943044 -0.210724598530617
-0.152482930098152 -0.259951557244387 -0.0884237242830627 -0.084001222460962
-0.243776606502481 -0.0571214832880854 -0.0693477336714522 -0.0471508991072236
-0.143950017393479 0.194724653932176 0.00220383394734445 0.00223300661298434
0.0245251567733693 0.244836511717187 -2.71584948282873E-05 -0.0674694574954209
0.16308412676843 0.18348817013003 -0.0665845912656497 -0.100767793161105
0.227312122021928 0.0625189656851673 -0.126735296321804 -0.0970314628913033
0.244711822662077 0.0297339423569278 -0.150258702145023 -0.0683062124148719
0.251887098806198 0.0516280788489136 -0.152470519351521 -0.075395372654264
0.223097711247882 0.210904518572101 -0.115912769830876 -0.100862535231685
0.0530265171170367 0.327469943070096 -0.0370296069529732 -0.111411261517028
-0.184103215693946 0.304999104102395 -0.0115488298210673 -0.0135549388710051
-0.405035066137536 -0.0235025248785544 -0.0886300163401175 -0.0273379415687751
-0.248018858861777 -0.374137036077349 -0.111805511407826 -0.143035195225298
0.0294087238480345 -0.429035248545683 0.0208482544289156 -0.306997326428449
0.0495261166691146 -0.395007577376264 -0.101143073410335 -0.0858698247422752
-0.21353458264479 -0.329431606428337 -0.0445309649456087 -0.0309327962614735
-0.324909540594603 -0.0720891518092058 -0.0723378961097577 -0.052064765110808
-0.199129973964465 0.246107954909104 -0.0301793139387649 0.0139970647308146
0.0170072126908277 0.315375989362891 -0.0136352214965922 -0.00146147466672543
0.190812609557978 0.24248080554428 -0.00949511289844733 -0.0286916180013208
0.272594382673566 0.0965499414018794 -0.0283593975792413 -0.0622411370884016
0.288599472503509 0.0534027159816948 -0.048501458739354 -0.0486651497073566
0.288990206579695 0.07408993276854 -0.0506975256169629 -0.044711312160922
0.258945840985866 0.2498704054197 -0.0382467670690899 -0.0407457377701735
0.0689801920455265 0.382578240708311 -0.0110806983178522 -0.0399849730030309
-0.195431988865047 0.364580394117775 -0.0223309355889919 0.0262915308093305
-0.465377822644019 0.0102339045646747 -0.0840515330153503 0.0119379029912205
-0.320234432393705 -0.404583247386471 -0.0701990977758603 -0.0672362075479824
-0.00927205772446399 -0.499703960486378 0.018427472650315 -0.148459946602314
0.0333246763665387 -0.419604151116811 -0.116819482407321 0.0768661919503724
-0.250898071903534 -0.350947001906355 0.0138964087311362 0.0502986554365971
-0.364403437286193 -0.0694407405586052 -0.059375998108652 -0.0426412177871088
-0.222575198170139 0.265143850400131 -0.0615693896184503 0.0312243925604029
0.0098133805988083 0.337747778199593 -0.0262020689904851 0.0791005768341189
0.191755221540271 0.261929467693333 0.0551900819618554 0.0583290529165147
0.278472617515529 0.113109919943058 0.0787216411305041 -0.0135143705476556
0.287245481107421 0.068123762975484 0.0612140094692934 -0.020795377298186
0.28102403331231 0.087473260653209 0.0571303844098878 -0.0113734013451443
0.24724382651824 0.251158885956439 0.0476326980855338 0.0173994790346381
0.0639495079583378 0.369513096717405 0.0238000167585761 0.0326780815003711
-0.177762021111928 0.345668901418191 -0.0243506199127965 0.0626841903076684
-0.430704120084774 0.0261656580263695 -0.0654768554404537 0.0483860595260662
-0.318193339762488 -0.366129440330425 -0.0163353223458421 0.00533386262016717
-0.041713079133971 -0.480078013288855 0.0295385556386174 0.014042050631316
0.00583313357089585 -0.376936603790877 -0.123456664252972 0.250239804155964
-0.24388740813114 -0.305590921120415 0.0765764069359574 0.142961536100157
-0.327350166616654 -0.0496782221444987 -0.0323661133484133 -0.0199138574950824
-0.196575140454366 0.231533870998971 -0.0821121638934627 0.0501660265727444
0.00253248190302283 0.292621716256236 -0.0318254538699847 0.15377587415467
0.160670674557493 0.232574667857112 0.116743562535485 0.14100413481436
0.23941323472063 0.109235531551545 0.177569564491319 0.038767067542646
0.241885323251364 0.0722369017888816 0.16132657726414 0.00904303235589674
0.22996886390004 0.0905589136386458 0.152352678904022 0.02196406266539
0.191805068624362 0.21697926862192 0.120729305144196 0.0669159010439871
0.0358578058193685 0.293208208626029 0.0524799784070496 0.0918758558049765
-0.142580518058656 0.252095296127815 -0.025523719236809 0.0845066989746416
-0.314776997935137 0.0164262144763154 -0.0436710539005015 0.0690201826131139
-0.246292576661817 -0.278185615882638 0.0309379994026764 0.0557528877439722
-0.0573994807567743 -0.381675918426343 0.0445463283115251 0.149007491430134
-0.0231092124244829 -0.264477238188816 -0.116486818987257 0.40242382161431
-0.186533419003523 -0.196530512298146 0.128473382565518 0.221875705076972
-0.216083313128404 -0.0184513472547728 0.00328598909312523 0.0101133880168295
-0.125297472727503 0.147956818560893 -0.0841383491238821 0.0591327537030558
-0.00392721139266546 0.190381703489826 -0.0299630545068819 0.200778727354995
0.100195730060078 0.158843436516476 0.161919157939738 0.199092880572427
0.159928118934564 0.0859839172116168 0.250691464135481 0.0838152904205315
0.160301498531378 0.0668397532650875 0.2368123022165 0.0351728687965921
0.14665899304651 0.0828999825582278 0.220519152008239 0.0520749146890101
0.109460287104183 0.155977741784484 0.164454333802366 0.104220639575543
-0.00306941261320075 0.180369650266252 0.0626164624193981 0.13014953521259
-0.0978862103789179 0.124652919733016 -0.0309735044020382 0.0842796876929282
-0.16446673979496 -0.0046744133838507 -0.0258054875575766 0.0702568463286754
-0.141105816883097 -0.161775353850164 0.0591787292374762 0.0791402276168752
-0.0620090666050513 -0.234899360379713 0.0562883909372346 0.236161153356636
-0.0460688561030541 -0.103675142066874 -0.0941295806308388 0.498552189108917
-0.0939322158446602 -0.054353275773595 0.165138070509664 0.268285993066555
-0.067790957283111 0.0154686617059602 0.0455511185073666 0.0355393452624171
-0.0334524142890967 0.0401601499186101 -0.0683838118713228 0.0539317880346568
-0.0111531341588233 0.0577076055980787 -0.0225375945209147 0.210520830130761
0.0221413803669963 0.0619593044541008 0.181978155339026 0.222592009487781
0.053052937446667 0.0509161014702695 0.28592618664918 0.11227390469535
0.053235929994231 0.0518970596052649 0.275733007574569 0.0566828125201715
0.0476327554173872 0.0630512114360665 0.251014544287525 0.0760949896142641
0.0224877040877685 0.0775593582122356 0.177144169720824 0.129525195796769
-0.0320072693793999 0.0582777345204485 0.0548577208019275 0.148885636745379
-0.0451348840153756 0.00739629066170586 -0.0366558459917514 0.0696530371768593
-0.0217972789215599 -0.0113639969644502 -0.0109358759311488 0.0572698726144363
-0.0439700266874038 -0.036988146740166 0.0692800637013168 0.0850590434955826
-0.0629292790277727 -0.0716024289826518 0.062458437388476 0.274208902593755
0.0350717826512274 -0.0665112056039543 -0.0703470050419712 -0.307617923511145
-0.032910500405992 -0.0703614203656726 -0.130326164103843 -0.0935661055447664
-0.0678081851881892 -0.00283276228160765 -0.0271099148710362 -0.0211002275520379
-0.01366643076284 0.0691453981414372 0.0427369702398576 -0.0308813657924301
0.0359984348155178 0.0505528996964786 -0.00635117341103518 -0.142287305426175
0.0572672473641288 0.0150231594375897 -0.155798236385252 -0.153187339003729
0.0527570245344283 -0.0230911821406855 -0.24813249146671 -0.0934491916649536
0.0558582977389451 -0.0324748083585115 -0.271143893552892 -0.0622573287889136
0.0633121103595777 -0.0237618886047624 -0.274879705563753 -0.0964229265110029
0.0675128979909318 0.0322306024340223 -0.200173017915024 -0.172823707524304
0.0318154957237176 0.0794618623064318 -0.0510033505928923 -0.195478593774686
-0.0472288796597115 0.0823368334157836 0.0335009394927049 -0.0703573834349283
-0.109913094309094 -0.0305945229669417 -0.0519632240086899 -0.0737332714149514
-0.0185392027718794 -0.118313551716731 -0.12941340738454 -0.21938073126055
0.0756335622151576 -0.088558247155123 0.0413535032068952 -0.490009156156173
0.0373261530609756 -0.197448566700892 -0.0756073266300504 -0.279382925992662
-0.097180198531182 -0.160364632629926 -0.115608755033719 -0.0965757216550199
-0.154547879711532 -0.0242989276630863 -0.053767913927164 -0.0292139874356858
-0.0699831128317606 0.134936693929815 0.0288421452788224 -0.0112825726546628
0.0392131761967017 0.147556857250535 0.00237756611113216 -0.112674192808009
0.119359333596267 0.0949206768518715 -0.11854998023413 -0.138965560368659
0.147845634524218 0.0127028489681939 -0.204821414748867 -0.100422233630406
0.159894813938193 -0.00832154114487862 -0.228096165135534 -0.0659854191855687
0.168711299996076 0.0106249628898073 -0.232444652938069 -0.0866713869693638
0.157397974008606 0.127001772230254 -0.173419531961722 -0.141540997417103
0.0466981595835787 0.21392755933382 -0.0546345742940014 -0.162074745673278
-0.122766731155879 0.200421169588933 0.00837532028961484 -0.0463670734738964
-0.271141234919819 -0.0321654259482274 -0.0760187931821749 -0.056437967397496
-0.141611213074765 -0.263158572889653 -0.131854419654984 -0.19114219393921
0.0540465624641699 -0.281371534211022 0.0204608303439883 -0.4228672487509
0.0385195131017319 -0.31141242472136 -0.0859610886184861 -0.204448547592623
-0.160402371690461 -0.247229489438745 -0.08816062155362 -0.077817804855726
-0.241973645137205 -0.0475898235241374 -0.0715287706500203 -0.0404379043962578
-0.132294057417804 0.194964077921646 0.00410485313314298 0.0015352162180754
0.0350814171857134 0.238803755635822 -0.00253627295855008 -0.065623447060716
0.168095441307565 0.171538475814906 -0.0698517349495051 -0.0965544382069025
0.223761540057653 0.0508425941725732 -0.130083944606609 -0.0896627817084845
0.240222207932835 0.0172945425248803 -0.149814099018335 -0.0608199250954443
0.246470628214101 0.0386192231489259 -0.153497589189516 -0.0659501925610562
0.228806839924386 0.19692557409407 -0.117548963697094 -0.092824818009694
0.0680520326361236 0.318711998456602 -0.0443633364931539 -0.106434532179297
-0.167195079042474 0.305038593358853 -0.0112358541476374 -0.0125609315054268
-0.39947657800543 -0.00724203438496094 -0.0863471210779835 -0.0250216717288835
-0.257846823036108 -0.357227068942248 -0.111732668436471 -0.134349871011118
0.0156906875507218 -0.425526311269161 0.00899374129856239 -0.299865576364378
0.0324771899535553 -0.391222393469576 -0.0989187279687629 -0.0810004027792446
-0.223529249309693 -0.313500448198573 -0.0431754670018296 -0.0289112147718748
-0.322591474018089 -0.0593504769476351 -0.0750077696759337 -0.044979051486675
-0.184840186822503 0.247079174844575 -0.0268185109159569 0.0143658310566735
0.0307200577483488 0.307889492225255 -0.0126773885351354 0.00074064676081753
0.198312349401268 0.228245219232647 -0.00969974501476766 -0.0290814065051177
0.270306330591957 0.0825182587322473 -0.0333191521509038 -0.0601398446676384
0.284399001113836 0.0385109421255221 -0.0490809192306466 -0.0460320518659962
0.284354659828742 0.0597698938079202 -0.0512930014233021 -0.040263702112769
0.265618267993335 0.233938069244618 -0.0381764902127513 -0.037152430378175
0.0847652979367604 0.371958191485795 -0.0161123210615553 -0.0375182620714733
-0.17744028427739 0.364326397981805 -0.0206787171288868 0.027299149884221
-0.457617364088803 0.0287726795227687 -0.0797247654842954 0.0138121695298584
-0.331484179860354 -0.384815440271438 -0.068287338116381 -0.0621088901626539
-0.025477180314341 -0.492251258515931 0.0122637028261981 -0.144498852355154
0.0151913068935863 -0.415343316931357 -0.108281840333709 0.0783973558988408
-0.26046038406453 -0.333737150628309 0.0171859409761945 0.0477574866931536
-0.361076461162548 -0.0554811459233443 -0.0610063854287646 -0.0359574429626362
-0.207192517282982 0.268537041179067 -0.05628487720904 0.032649092527011
0.0247068283619914 0.330812489488943 -0.0210808419071761 0.0807337844537355
0.20151407924741 0.24805526430847 0.0573773616574361 0.0535431685079967
0.27651144310874 0.0989277000721966 0.0727072563155719 -0.0176147664608137
0.283455452443583 0.0527234966866527 0.0594518279525145 -0.023647245357703
0.276819344224086 0.0731801006442765 0.0555909471335255 -0.0123288602987048
0.254608281578716 0.235181378885697 0.0484993750372284 0.0161432076282935
0.0790507307674573 0.359515986770666 0.0221146506237573 0.0323274510678676
-0.160509149653773 0.34455701478432 -0.02193197228203 0.0644953504016271
-0.421464947120035 0.0420138678965258 -0.0593654095973929 0.0491822117978786
-0.327029670630986 -0.347757439626988 -0.012845108493484 0.0055814879767402
-0.0554779456910172 -0.471597265888819 0.0283989201149838 0.0142657190398867
-0.00869117879967073 -0.372173406496611 -0.109156100594683 0.248900192718651
-0.249848441134149 -0.288924696770632 0.0808962273734523 0.135312035038426
-0.323314722494647 -0.0383306618979515 -0.0336795560624972 -0.0150481857966097
-0.182769778513799 0.234590245495971 -0.0760031994399637 0.0517188776957053
0.0159854551998609 0.287684307605477 -0.0230413152945881 0.154550084782874
0.168715466977616 0.22089543819199 0.121172858136307 0.131790881488614
0.238329235406703 0.0965759377613274 0.171751391700904 0.0288071254950489
0.240097942599277 0.0602125929393125 0.158926632409518 0.00104854694436346
0.227190824518691 0.0787377039513861 0.150375729450392 0.0156290504675059
0.19863818894008 0.204040982956826 0.121669204472132 0.0603784270100947
0.0475661165379763 0.286266251813268 0.0528334912093678 0.0889901363011968
-0.129985743567009 0.251743315756806 -0.0221421072338974 0.0849638658026234
-0.308298079748155 0.0268849587997185 -0.0365361367370759 0.0686994882615033
-0.253079679827605 -0.263741949746901 0.034865635828692 0.0528445939099525
-0.0666332859638798 -0.373242639613143 0.0473986225833025 0.144165785547531
-0.0320179528765826 -0.25974730819846 -0.0972179792505497 0.397165911706713
-0.18997866236332 -0.185080640701688 0.133432283319597 0.210318844539895
-0.213394170481788 -0.0116673228054645 0.00334255304749233 0.0126935098136553
-0.11703442861016 0.149946204692281 -0.0784905828898689 0.0622925678679312
0.00452508629412858 0.187062198594304 -0.0193462830957048 0.200685873087401
0.10662731950672 0.152052151522529 0.168944096701577 0.187937736365936
0.159747118795039 0.0778786616493683 0.245940914566085 0.0698370858369996
0.159519259216485 0.0582532617294178 0.233519809009221 0.0245139589663441
0.14705033206738 0.0752353250433423 0.217256469439376 0.0412634011045326
0.114907544057587 0.148302487787324 0.166211353408456 0.0943061228114421
0.00515032607403908 0.177234846138271 0.0646559101055759 0.125464747915626
-0.0921317377484945 0.125587363421029 -0.0282011410559437 0.0854632790775413
-0.162054328172632 0.000715952545725683 -0.0185077057216505 0.0689544967544349
-0.144769259780084 -0.153705192759314 0.0624581710670032 0.0737471917468142
-0.0660364753505221 -0.228828602320797 0.0616365647025405 0.229220520215069
-0.0479773716764379 -0.100478306747505 -0.0740896217961748 0.491605393571954
-0.0937163063386673 -0.049929546812301 0.170074834858952 0.255623884529654
-0.0655056086123579 0.0169387357000532 0.0458482144059344 0.0341630174706957
-0.0313241109777082 0.0405030533325061 -0.0643310734155577 0.0568066700913202
-0.00827530395365785 0.0579599614967677 -0.0122995437592196 0.209521626111466
0.0251838909697365 0.0601980069540603 0.189306357382518 0.210188464090139
0.0536640951304101 0.0477093986939342 0.283664728822784 0.0966870868327598
0.0550226368899793 0.0490947027872216 0.27208615370226 0.0434429991021971
0.0492981862410437 0.0596918755220641 0.249338120713706 0.0638167482121961
0.0256301437944198 0.0754815253847986 0.179009411592292 0.118045941012663
-0.0296058382167841 0.0596380680411851 0.058752393953833 0.143332175888644
-0.0449511270016145 0.00974225049786417 -0.0349941265220006 0.0694945799006238
-0.0228786894349136 -0.011572333167949 -0.00537116220354904 0.0561520390993783
-0.0448485753063632 -0.0349701347960821 0.0718864579703135 0.0781995395223085
-0.0621288749423293 -0.0675379441103025 0.0688696208194672 0.265884862805221
0.0607818286633692 -0.0462913843666426 0.054655410741258 -0.307977285984392
0.00045159762408268 -0.075281647685591 -0.0830765493638401 -0.133435000050231
-0.0598162172233376 -0.0310805384415246 -0.0185777605806479 -0.0244462542368869
-0.0405635903308096 0.0542350910073209 0.0557530900436059 -0.0080782908368695
0.010328314794822 0.0601270597411245 0.0559457599580166 -0.13153976758646
0.0451583038586533 0.0357346358408691 -0.0756733027983626 -0.200634275282116
0.0555256148878785 -0.000768806072445467 -0.185307854229884 -0.184027575545642
0.061940459089084 -0.00812346018364491 -0.218817683875737 -0.163045551061388
0.0642074450535112 0.00321525532897471 -0.208068138949309 -0.194145950629682
0.0467195045746584 0.0550960414127241 -0.112683077648048 -0.235074241442707
-0.00294674111770357 0.0832803728653703 0.0321671559920738 -0.194842974413089
-0.0737449845402088 0.055564562444009 0.0584734819533216 -0.0507296050317241
-0.0914131066555947 -0.068325506251808 -0.0170822414872806 -0.0907361632253455
0.022419379278496 -0.115245118195753 -0.0222042455051813 -0.248750645448994
0.100630459707807 -0.0629027475899393 0.241353093150073 -0.417599878588857
0.121420064102477 -0.165596831175326 0.0258477995263544 -0.281912165209979
-0.0178165059047832 -0.182137684428171 -0.0735097476735307 -0.12695158260699
-0.128156599326691 -0.0869690224754547 -0.0415775979463704 -0.0371185252734338
-0.11768508297889 0.0875155313029587 0.0386345660446754 0.00863675668367079
-0.0264812792506199 0.146807515509592 0.0557038052007035 -0.100049583572028
0.0683177412439602 0.131705590180962 -0.0435523419363539 -0.173856530846695
0.125015807568183 0.0683956942290861 -0.142525701581987 -0.174191828165546
0.146631130145302 0.0547901538694454 -0.178623347919743 -0.150858018689303
0.145410409555787 0.07456236318241 -0.173960032078464 -0.165720099782434
0.0932843886693105 0.174881374915258 -0.101968725195778 -0.193183082572117
-0.0400815946306841 0.210910122040511 0.0134976859645063 -0.165037117383119
-0.188066707482354 0.132394781606186 0.0237634614875509 -0.038397508181689
-0.240021356586823 -0.13176321093317 -0.0456622033022052 -0.0880623358808308
-0.0362018763250385 -0.292081138530148 -0.0305007614337584 -0.231087999296243
0.153318909765766 -0.248537296066932 0.202962074512701 -0.364137276077875
0.173668787338592 -0.270046759060686 -0.0264321451048659 -0.21596726786763
-0.0366279223280457 -0.285525693880269 -0.061035940902188 -0.0975350083285122
-0.197350347555332 -0.145156894492477 -0.0557763092785114 -0.0478410105744972
-0.196962007864788 0.114854013780048 0.0140630916239795 0.0145047827058154
-0.0679191071453692 0.225811797141865 0.0377416796015496 -0.0575141984491422
0.0800945009730406 0.219474834159671 -0.0136396767454569 -0.116057114592286
0.176396299134865 0.132962166841473 -0.0790072469429327 -0.135230499056764
0.208849488797079 0.10920072520449 -0.109786590721851 -0.11481217997858
0.204474341210829 0.129813666843864 -0.111982900407332 -0.114646443675831
0.131551476899606 0.265027507891625 -0.0712321475287778 -0.125518860168232
-0.0609077029917976 0.313918257611614 -9.19115168490726E-05 -0.110291975597946
-0.268272749395399 0.209783830115005 -0.00998561686689852 -0.0155411327768672
-0.367290938584688 -0.156723195073643 -0.0681259433336699 -0.0656981959319006
-0.106378505707108 -0.420326644199753 -0.0308655691394438 -0.17946674876435
0.171704934007593 -0.393208036601106 0.149737018787037 -0.256762757812348
0.204820698051448 -0.345632808129381 -0.0968085626507813 -0.108681104177996
-0.0631693429635564 -0.371568266435228 -0.0446842290644088 -0.0330847436009404
-0.264264622447831 -0.190078838620064 -0.0579892363198182 -0.0471673146182047
-0.265775890580226 0.138154642010836 -0.0167010521359182 0.0178015769953819
-0.100507891928753 0.285788626809336 0.00480893917968974 -0.000388478087076004
0.0843693916108984 0.282321912410161 0.0160840704618487 -0.0308602809236986
0.205227501381836 0.179431507901918 -0.00338944381140764 -0.07076148993929
0.240039635989523 0.145053537786914 -0.0258009101905399 -0.0615137450726296
0.230451168040652 0.163500980575114 -0.0314229355299866 -0.050269995743261
0.151223157071121 0.312180158745627 -0.0218085806864767 -0.0422861078878996
-0.0644340016145206 0.369934639723591 -0.00358542794570622 -0.0361741522904498
-0.299726255368981 0.258932581841851 -0.0366871124655469 0.0173859957494946
-0.433882359221017 -0.145128212397235 -0.0783341180888985 -0.0288228597874285
-0.161761127509537 -0.471138016247064 -0.0200280248681499 -0.10189371111174
0.160144942887814 -0.468360830639383 0.0927132202229171 -0.116019591595378
0.200692825351944 -0.374488967869867 -0.172331700771402 0.0336731711514285
-0.0872094498236036 -0.406091049230085 -0.0235254834633524 0.0622133634472133
-0.301055579129895 -0.203909668127996 -0.0490402270991683 -0.0316121028175637
-0.294283020265639 0.147299284355631 -0.050598094888242 0.0241019525029887
-0.115592874788898 0.30297155631613 -0.0343361218470893 0.0692660972114504
0.0784339920150228 0.301621361150009 0.0440019025140936 0.0711183634748644
0.204466438243511 0.197772961340466 0.0751891815897613 0.0099126561434206
0.23460283096113 0.159051748729079 0.0627011402135888 0.000837739161385691
0.219702398873284 0.172797575977997 0.0536867386648552 0.016624184891163
0.140768329926628 0.309248686076671 0.0354789371068079 0.0399593416898459
-0.0644883456488535 0.356571105943641 0.00255471408800593 0.0412850102201434
-0.27626150385907 0.248337345497377 -0.0530763315614749 0.0512931063272294
-0.405189480982797 -0.118558187456541 -0.0734686307911198 0.0120534453547525
-0.170854604112932 -0.435335780425663 0.00127895344983315 -0.0190693784325749
0.125287657602351 -0.456843495901643 0.042032777150765 0.0314872581650711
0.159399275184191 -0.344935749378604 -0.238128417261707 0.188131016204954
-0.0975588385837642 -0.363497149110574 -2.74006666532424E-05 0.165726994683057
-0.274046377402604 -0.172877564413567 -0.0313304494847824 -0.00360566443226504
-0.259484449713393 0.127459947677219 -0.078143305462573 0.0321708103500068
-0.105340827094495 0.26069919005233 -0.0684094706137745 0.135552357904297
0.0604444969957961 0.265145160995812 0.0681805038125219 0.167769314193854
0.17150522356888 0.180903065873675 0.145332432541495 0.0919829232681862
0.192857293192231 0.148850558857882 0.141407686754989 0.0630444817057638
0.17369981194262 0.158881135264552 0.12752791610689 0.0775604869292893
0.10281540909035 0.25903711285921 0.0839448332982971 0.107975983838171
-0.0637993932011968 0.278478012434792 0.00770046025067234 0.102804917679409
-0.213644451666567 0.177091915009371 -0.0607361771954001 0.0683273384701279
-0.294549342342431 -0.0911113836961848 -0.0593978093765356 0.0407913315977898
-0.13204342298076 -0.331459418668589 0.0220935510573545 0.0455613270487215
0.0791906719726141 -0.367059060687534 0.0013624627394042 0.153848520092389
0.0884976850784064 -0.252007116801538 -0.277477026079339 0.325848624495647
-0.0880776372969553 -0.245477650030951 0.0220780824122197 0.251297269467047
-0.185593673464282 -0.102167724771483 -0.00590578294470732 0.0289865327700559
-0.165609962994195 0.081668291101904 -0.0887473495304105 0.0354081821865959
-0.0733427038379365 0.166686246919927 -0.0889317247891146 0.177661447597266
0.0324216564630914 0.178169748283925 0.0840364914914864 0.237372048488996
0.109893215437772 0.133471102642273 0.195301802309171 0.159764511520313
0.121287314513993 0.115253079581329 0.199152609268619 0.113720454835702
0.104016852064896 0.124731153661522 0.17701851989749 0.126365357170665
0.0488831505101949 0.176999235244114 0.109893293032717 0.154168452315164
-0.0619310925356668 0.163640949127872 0.00495058996137345 0.138877897510945
-0.131075271666531 0.0779268030210626 -0.0644302747901661 0.0655623177789842
-0.149448811711427 -0.0601209983167617 -0.0417733595731855 0.0508798502678102
-0.0737424880461143 -0.191947620903191 0.0340852422680835 0.081027050580758
0.0267292016288136 -0.231112172590199 -0.0265145011905821 0.23249305857563
0.0021811281226201 -0.112180358330948 -0.277130721772665 0.419542385069672
-0.0607593720364284 -0.0846915945453405 0.0435299236913711 0.302112613210232
-0.0648979660210244 -0.0140087459505025 0.0267560961634734 0.0561349997631757
-0.0445133741306578 0.0220545674308231 -0.0796338304860926 0.0287378269662886
-0.0302944411872792 0.0464930972720792 -0.092725778651317 0.187524930952309
-0.00270571150977889 0.0638751924811364 0.0886447638229932 0.266066496883836
0.0280809423399202 0.0647598556337329 0.216162904797201 0.200500862241058
0.0311495357922362 0.0663714961152672 0.226272088779708 0.146182817918737
0.0231694471709449 0.0730124405718295 0.196501125213816 0.156361171226779
-0.00381639150937451 0.0770745038861985 0.112120533022689 0.177871533939534
-0.0478673765449022 0.0439770207240976 -0.00658888594280012 0.15099805160531
-0.044741217063688 -0.0080964330026293 -0.0623374978303502 0.0481998832405882
-0.0162897892554565 -0.0200191354248813 -0.0241869608430466 0.0472694383472614
-0.0261423222260014 -0.0486374478246705 0.0356633470657292 0.0938950213735428
-0.0289379560675996 -0.0804047041308387 -0.0427575890711637 0.26526586624661
0.05889247329344 -0.0477542846141467 0.0508499197686813 -0.307315569781893
-0.00162852841635068 -0.0745524860405861 -0.0839537927288183 -0.128535974305457
-0.0608188127285544 -0.0303432977589528 -0.0203324973819498 -0.0221812787749617
-0.0386552314129665 0.0543467502262085 0.0559526731524186 -0.00809290301099509
0.0118061297405582 0.0599436221608022 0.0533697133561822 -0.132244971409887
0.0460458827288105 0.0333540600640633 -0.0798917626844956 -0.198599889361612
0.0550812241176824 -0.00305077366420975 -0.188095349471444 -0.177737101712291
0.0609074198876767 -0.0102858913358128 -0.222159361303503 -0.158111450579376
0.0631267474371225 0.000620312027821808 -0.212937357145376 -0.188367584185604
0.0485095729968696 0.0540096556117098 -0.118726876646252 -0.231124602401449
-0.000355387533813679 0.082523459565687 0.0263738355436564 -0.195987997384161
-0.0719966772528453 0.0561170814606893 0.059291437298525 -0.0535460554063478
-0.0932350373790324 -0.065980707123438 -0.0185713587412252 -0.0923054176552469
0.0196300396621354 -0.114859549462532 -0.025208613184613 -0.245602576133549
0.0993269386185256 -0.065912351845621 0.235447727849035 -0.420007578149094
0.117555651880462 -0.168698713504572 0.0237938924665343 -0.281301011816725
-0.0224860400342558 -0.179953466649529 -0.073981635245477 -0.123760720644182
-0.130159123829613 -0.0844814168316732 -0.043961124371824 -0.0336277996486188
-0.114619898187643 0.0888398409766661 0.0392946722349312 0.00767938657390751
-0.0233528426467349 0.146973742543775 0.0538977433799491 -0.100517536634067
0.0713134267034464 0.128561090834903 -0.047980045046987 -0.172680483941048
0.125516174136345 0.0648465702767193 -0.146505589372148 -0.169449156037439
0.14654851051421 0.0504648190440461 -0.180321103558347 -0.14577659022449
0.144847168524921 0.0707502782312755 -0.17854129342137 -0.160619569985313
0.0975757239727609 0.172122657262632 -0.106818829854034 -0.189739014549307
-0.0354241833409417 0.212010122203145 0.00740609376505947 -0.165244543104287
-0.184605111044878 0.135157643452718 0.0249636394026994 -0.0393131096337353
-0.243483439843196 -0.126794235508822 -0.0463935271775787 -0.0878516298949089
-0.0416775717177473 -0.29203104586151 -0.031295603388655 -0.228306354597599
0.150048474836801 -0.25363271433911 0.19842735412834 -0.364737059296512
0.16802356575897 -0.273608056684473 -0.0269125277565122 -0.215533747391978
-0.0432306624839519 -0.282754062752347 -0.0606497223831536 -0.0945736667910498
-0.200669883576447 -0.141204765152128 -0.0583145126060608 -0.0436062709549461
-0.193649448490038 0.117398759821352 0.0159295902641604 0.0136911289940454
-0.0618811341799324 0.226841565323876 0.0364452879017667 -0.057205921341802
0.086007247703372 0.215982351355177 -0.0156102876630036 -0.115523453539092
0.178304621357575 0.128163326921371 -0.0839878013071561 -0.133003248681015
0.210355704379986 0.102943584041272 -0.112274595357736 -0.112372272951979
0.205069040843155 0.125178759224799 -0.114622601373803 -0.110328134356843
0.138255074361962 0.262275673138138 -0.0736124738416042 -0.122926362969359
-0.0524876200756861 0.316427827186439 -0.00546074839326901 -0.109404533265117
-0.264384318043178 0.213611410790943 -0.00901158780037423 -0.0144699780892419
-0.371193569708972 -0.149873316849132 -0.067466947755194 -0.0653262782014227
-0.113637005952669 -0.418635948174991 -0.0315306435482718 -0.176846607244175
0.168039013858143 -0.398687499734087 0.146162405497059 -0.256933172926539
0.197790371953014 -0.351788253858996 -0.0949121719893632 -0.106927338948641
-0.0705996149855228 -0.367799421381649 -0.0431597708406759 -0.0320084075438524
-0.268844483789071 -0.186252710802139 -0.061208725408202 -0.0430607787554795
-0.262418868122722 0.142308625637352 -0.0144934797331846 0.0174079552392181
-0.093525567743425 0.287965513041622 0.00504544103003826 0.00161683344244115
0.0918998911454362 0.279179805058848 0.0152427929315033 -0.0314951242556994
0.207924752161445 0.17436124451451 -0.00772156455623241 -0.070843491290651
0.242269244906378 0.138459516461612 -0.0269473092881997 -0.0619002189607502
0.231195645375468 0.157801751359794 -0.0320964890826691 -0.0480144765293968
0.159023844936194 0.308742070666419 -0.0221996806743528 -0.0413196535283014
-0.055530038391448 0.372056814541057 -0.00769575557108892 -0.0355735608283465
-0.2957071538259 0.263549783020098 -0.0355392495635316 0.0197194642975967
-0.437331471795951 -0.136650725281948 -0.075599317186867 -0.0278864284578646
-0.169823167929348 -0.4701778617371 -0.018695156879164 -0.099223641415032
0.154095346365703 -0.474192896763092 0.0914172507353162 -0.115403941810169
0.193665057560101 -0.379744740437044 -0.168805513009644 0.0362532783142086
-0.0953885097790538 -0.402440808303895 -0.021194952512957 0.0618305614260745
-0.30534070251958 -0.201143739787965 -0.0522130347072497 -0.0270890172249536
-0.291349648896834 0.15175748294195 -0.0485605784410406 0.0242602903962766
-0.108296158199584 0.306273673646791 -0.0325471905341366 0.0726612531397269
0.0860734567910638 0.299189174651386 0.0461078889685544 0.069425922475113
0.206698984632266 0.193086866463822 0.0723566224302883 0.00792993263036621
0.236717036695795 0.15211631558384 0.0633270675445582 -0.00104667007966146
0.220946374101577 0.166973066368617 0.0546010177302924 0.0167392498955498
0.14913869953765 0.305577584105315 0.0374221664322623 0.0394207562254716
-0.0549656143588105 0.358092270064616 0.000507422924328737 0.0421330885681872
-0.272480871531995 0.25254529508506 -0.0517306980559819 0.0536743366751572
-0.408778275058914 -0.112169940772492 -0.069226410172832 0.0127472616682568
-0.179470983245013 -0.433041913427876 0.00380596340773506 -0.0185369544775282
0.122751796021579 -0.461713171903958 0.0412382634143711 0.032056359442963
0.154531423515467 -0.348544309130794 -0.232501322996448 0.190768680997271
-0.103951171159875 -0.36091779827629 0.0030056354332504 0.163950779365623
-0.277935181064897 -0.170423896018184 -0.0332982115422634 0.000362032585778081
-0.257146747916291 0.131242213122801 -0.0757252381907453 0.0333210274374638
-0.0992405075689633 0.263242555784987 -0.0651551560391634 0.139515094304699
0.0673609179602404 0.26357625118632 0.0727577747594501 0.16605807526482
0.174734874161538 0.177658839474147 0.144716709979214 0.0875677665426058
0.195378537504944 0.143292968029786 0.142960030032052 0.0589963398079092
0.175221358137716 0.154741919788073 0.129266274299926 0.0755825732093064
0.110115579914514 0.256742088173814 0.0867179708030881 0.105533719411632
-0.0567045981199042 0.280343914185888 0.00738165591738702 0.10328882598938
-0.210228218407864 0.179934014498765 -0.0599222111788578 0.0714345947590196
-0.297137479376163 -0.0858670005280174 -0.0546224173039115 0.0413730969939628
-0.138274795843441 -0.330587347894361 0.0250275223984849 0.0445355844809524
0.0762757139739642 -0.369696794378041 0.00244846035236679 0.154489902783918
0.0850793896731084 -0.253990475512915 -0.269575899658227 0.328361173044264
-0.0915090430153871 -0.242921217545431 0.0249227865419608 0.248679075633382
-0.188005931663924 -0.10123346969903 -0.00714571673068183 0.0315547784317354
-0.164014915671761 0.0837174280849515 -0.0871410548661686 0.0362629748533831
-0.0699955673175097 0.168522378745678 -0.084773892202167 0.182309885798736
0.037573140621245 0.177601055776318 0.0910666017457935 0.234750366165025
0.111942065412225 0.13091561154852 0.196592438301583 0.153946277733757
0.123398201014229 0.112054869731863 0.201638049014386 0.108273712079916
0.105680660411225 0.122181264490982 0.18000453634345 0.121523749170551
0.0539982113492537 0.175864925883471 0.113496326209104 0.150667731604404
-0.057953760310759 0.165321321016659 0.00624898928950113 0.139361107206076
-0.129727637211938 0.0800199817585237 -0.0634734625616764 0.0677697812151365
-0.151148720863253 -0.0591122667510364 -0.0368084241247016 0.051462230476094
-0.0776075391784476 -0.191494190361682 0.0369194979463463 0.0785453482332796
0.0255314479816792 -0.231337199933501 -0.0248721475719562 0.232775982623323
0.0013039761929143 -0.112127247849842 -0.272115438054001 0.422773793512279
-0.0611672521021778 -0.0829236554599165 0.0454965950341982 0.299157337224607
-0.0647931189864948 -0.0140513172706393 0.0272544098966036 0.057005750458674
-0.0436373492741735 0.0223102823517059 -0.0784897202085817 0.0311917087787901
-0.0294371773202927 0.047088643188041 -0.0885872160868909 0.19182904326625
-0.000814406525514907 0.064500046275009 0.0957660196233171 0.264285647507273
0.0290958145758699 0.0647509718863714 0.219873051237076 0.193978729241487
0.0330786303650291 0.0658168730875558 0.229048232129131 0.140946023026963
0.0252332619440584 0.0728152531796865 0.199782632942883 0.151080654623949
-0.0011328737230833 0.0772919609568386 0.115840782634706 0.174427950178161
-0.0475864092402863 0.045603603932555 -0.00374868602974149 0.15077776610401
-0.0458084636661707 -0.00704426434788495 -0.062610046177612 0.0489435243082062
-0.017443636930064 -0.0210235689700647 -0.0198429098560894 0.0471936810692857
-0.0273197459939382 -0.0479112138590272 0.0382614956743512 0.0905652758870301
-0.0285307015035978 -0.079028991008082 -0.0399938891306862 0.264866158786573
0.0567477760737835 -0.0498106960698251 0.0437339688849701 -0.310926618798652
-0.00475446008174285 -0.0740186658078207 -0.087174994654168 -0.125436998561223
-0.0626911267987062 -0.0279216088247016 -0.0226355866421514 -0.0200136018275084
-0.0367496666964136 0.0562008294779829 0.0567756737075078 -0.00880423888917618
0.014259086671664 0.0594175122311851 0.0491506079329953 -0.135552975396102
0.0471901992128218 0.0312666571685203 -0.0877333140588357 -0.196837811780004
0.0547158886283383 -0.00598872970938228 -0.195749003475975 -0.171385679775627
0.0601889720715748 -0.0129349478700801 -0.228198809932588 -0.150510157136674
0.0628070776764814 -0.00212892747003477 -0.222857398820643 -0.180758530385375
0.050783113372126 0.0523399609742443 -0.129107257665419 -0.22801726282844
0.0033573248093061 0.0829538786084615 0.0188648833602244 -0.199780533485819
-0.0702225801163671 0.0587676596149586 0.0594245099889845 -0.0572448159243199
-0.0961206203694195 -0.062528461833699 -0.0226661442107957 -0.0938379226506032
0.0163192031019414 -0.116676357854664 -0.0305409751386207 -0.245321081755406
0.0975131506550016 -0.0715321606225546 0.225512386744656 -0.429358107949376
0.111415582528091 -0.174388166052243 0.0177848002993162 -0.284372027846069
-0.0287810650368009 -0.178929110986327 -0.0763149515867483 -0.120881696008467
-0.13461625414746 -0.0807122215439611 -0.0470074516660611 -0.0299219499184857
-0.111471449261694 0.0929727712306509 0.0408324587341015 0.00660052409573668
-0.0171063093832302 0.14874179123542 0.0507738396547473 -0.102383175971196
0.0769531604866671 0.125906756691576 -0.0545192824833009 -0.171488785363831
0.127642509404856 0.0604047329545795 -0.154114508979842 -0.163666714655146
0.148471092957423 0.0448533477896414 -0.187582786541033 -0.140608268593394
0.146996329553153 0.065251300245746 -0.185955467530022 -0.15369898406163
0.105231616391074 0.17051859788702 -0.115002593517262 -0.186774523253253
-0.0265722067016665 0.215209760802039 -0.000109270237432332 -0.166908843447274
-0.180937390451143 0.141614937643083 0.025283843839156 -0.0412948808026513
-0.249731265568877 -0.119964634055068 -0.0484474356789943 -0.089126845959226
-0.0510863422277532 -0.293706103387907 -0.0364817067269232 -0.226878018798633
0.144836897261084 -0.262911919696642 0.190540685608679 -0.372411932338039
0.159347931837242 -0.282926141657028 -0.0297640500412202 -0.216645760565383
-0.0533370759360159 -0.282184153159936 -0.0620994843090418 -0.0921155716499982
-0.207884517037104 -0.136185586371925 -0.0616985120700814 -0.0390113653855705
-0.190128659795634 0.123794726439847 0.0172488779621711 0.012414662707616
-0.0536713131930419 0.230540877983833 0.0350764324176271 -0.0574775945841025
0.0953882139467959 0.213926589555453 -0.0205170474396853 -0.115708850036788
0.183397834328823 0.122194514553328 -0.0911105627650783 -0.129929912820923
0.214491659877096 0.0952074179110119 -0.11706474995189 -0.109823082450394
0.208993731668372 0.118524333031292 -0.119286286020999 -0.105479793129375
0.149897058490905 0.25923745398039 -0.0787565797085152 -0.120216768576556
-0.0412907374744087 0.321607690535353 -0.012432950838707 -0.109736838720339
-0.259057601678864 0.223722219964548 -0.00783295699865802 -0.0142940577377852
-0.380433653119452 -0.139234729607733 -0.0680138646156577 -0.0651316715845362
-0.128897246113232 -0.419752470413322 -0.0336229632450342 -0.175356710305186
0.160091202833498 -0.411838837562907 0.140265820466073 -0.261966101902478
0.187580770252605 -0.361535824830495 -0.0952102850707574 -0.105669301702381
-0.0838953817543625 -0.367362207821355 -0.0430973821824098 -0.030360361008015
-0.278829889339653 -0.180163363823663 -0.0640850915080512 -0.0375010500830487
-0.258698819816364 0.151262418706058 -0.0124757686125165 0.0168414059550851
-0.0835344741406292 0.293734448074424 0.00535718511752091 0.00343077771053778
0.103672679566271 0.277137141610803 0.0146634396739339 -0.0323473681939981
0.214538698304876 0.168008952874196 -0.0127817772749748 -0.0704781280263907
0.248005652297572 0.129582827275172 -0.0290357050521387 -0.0618212622225892
0.236759960114252 0.150556585845889 -0.0336669039118748 -0.0459270837906616
0.172906025258329 0.305643159090121 -0.0237308901717405 -0.0396584056990244
-0.0410821599951721 0.378625063709972 -0.0123578953724359 -0.0334053116492548
-0.288345254204413 0.274961393223622 -0.0338209830239343 0.0220348430830544
-0.446471840219247 -0.125660885975227 -0.0745027886378892 -0.0265757509359941
-0.188072970613684 -0.469614791935892 -0.0187863829100345 -0.0989105072348092
0.145509163574638 -0.486650422735085 0.0886967475357245 -0.117735242972027
0.182990586181595 -0.392042018795133 -0.165946687905438 0.0404121799317948
-0.10856583342761 -0.402335847230381 -0.0185346452964527 0.0627847154731013
-0.31617144954517 -0.19444078845627 -0.0544340559392754 -0.0218786046577067
-0.288435714966451 0.161734376311328 -0.0462888556444232 0.0249679689334861
-0.098254360588983 0.312355599384376 -0.0297995476889134 0.0770098390989623
0.0991475972415138 0.298330074500774 0.0495762086013206 0.0687610891044226
0.214886273942638 0.187161165199195 0.0701351990599694 0.00528875743125842
0.242830303388831 0.143852587568436 0.0631975547539835 -0.00405612548595637
0.226561559031927 0.161249071074374 0.0559711861684205 0.0155642232892497
0.163694986122197 0.303110610626038 0.039595522972662 0.0388960067759456
-0.0420334937430325 0.365048946100598 -0.00118352665548297 0.0441447576671637
-0.265839983663562 0.262655479079768 -0.0497066694923596 0.056757700109737
-0.416169957854182 -0.099785407410031 -0.0659462000730556 0.0147299885604181
-0.195036204421685 -0.433540601840782 0.00604137771366782 -0.0182335415239003
0.111248264131734 -0.472112888414258 0.0419888000376134 0.0323512007195483
0.145086467076158 -0.357204951165811 -0.226595894808943 0.198356165026489
-0.11640390254584 -0.360039102994906 0.0075805175696065 0.164664982402716
-0.287068102572863 -0.165172310078495 -0.0350936293799324 0.00511449636759906
-0.255113967248814 0.140224755250663 -0.07426021660644 0.0346568848517179
-0.0906398237532232 0.26991920045232 -0.0606168867368939 0.146286096228304
0.0783685322947082 0.262782005465849 0.0803878539202931 0.164905876961228
0.181810609539147 0.173064637431603 0.14591375705183 0.082626472660682
0.200763467256855 0.136065516057647 0.145687641148172 0.0533695154090121
0.181132542562142 0.14988254273659 0.133359480728056 0.0716445417210545
0.12163422565639 0.254655818313299 0.0911935136566268 0.102577044417837
-0.0467142801005844 0.285245217843271 0.00876486090038652 0.105871627568915
-0.20649451794347 0.187964689678345 -0.0576029922114013 0.0751177565272179
-0.302819475912022 -0.0776815179523709 -0.0495399472260852 0.0430068165118979
-0.150499751271363 -0.329017915983234 0.0288524891826172 0.0432886765176144
0.0686000365893185 -0.378229672926113 0.0055048176311592 0.156623603045857
0.0782910164091482 -0.259236936101336 -0.262599228658701 0.338844415342789
-0.099132700083516 -0.242377293689869 0.0306286665373331 0.248913571598976
-0.193464182240973 -0.0979122708595887 -0.00714397305558004 0.0345208656389704
-0.163202680060858 0.0891133382089161 -0.0858450353107582 0.0389016348124353
-0.0641344383563802 0.173383268667273 -0.0787536301940809 0.189672821749386
0.0445906500186678 0.177778497278404 0.101618539466337 0.233831903911685
0.117166879254513 0.12888403356216 0.201602294238405 0.147282259126376
0.128527171925888 0.108075756065164 0.206825673165431 0.101135640904871
0.110456554191497 0.119277959428623 0.186043591606993 0.115684823699949
0.0620597733378497 0.174660933692952 0.119803359753908 0.146923668148527
-0.0520250513089509 0.169439518377252 0.00875607926751052 0.140662229649347
-0.129070685344367 0.0849327378519041 -0.0623308213861804 0.0715583603287904
-0.154598365559495 -0.0546089877648958 -0.0316529619888 0.0521564634507899
-0.0846817504257629 -0.190582296918854 0.0409239746985912 0.0761945465091287
0.0209920893527027 -0.235873902922435 -0.0196547170335745 0.235738675660921
-0.00113316768546941 -0.112879606682164 -0.264055061046929 0.434564943389489
-0.0630471446811107 -0.0813794898409376 0.0522141465176079 0.299354113342061
-0.0658606759009562 -0.0139138163054659 0.0283431644318159 0.0587406580532881
-0.0437868797335548 0.0232019114473023 -0.078063730887511 0.034126951503515
-0.028358114676152 0.0489549602722185 -0.0812932126606458 0.198174975569058
0.00144305628526884 0.0652946536106269 0.107604961288908 0.262888193708603
0.0315563557495221 0.0647721979365092 0.22654780613933 0.186497635035557
0.0355829212056448 0.0654196644022618 0.234953280671498 0.133363368502591
0.0284201461282887 0.0729553672793002 0.206593967911134 0.143767035997237
0.00270609138776978 0.0778796127684918 0.122935924409237 0.170349610696506
-0.0466218208555592 0.0485149360137829 0.000748105489986083 0.152143130567843
-0.047838843963176 -0.00558747669278924 -0.0623028844779004 0.0520460903762926
-0.018626888437556 -0.021339830081819 -0.0151397053779773 0.0471536131566662
-0.0292748243245499 -0.0480457994759615 0.0417967197130945 0.0875738332687172
-0.0296373185977493 -0.0780436398505999 -0.0335451145534799 0.268502502033483
0.0529720989612004 -0.0525382826077566 0.0298332516667475 -0.312355711640967
-0.00895030304920679 -0.0728005397481847 -0.0919292756958851 -0.118696384289407
-0.0639853773494503 -0.0235701189965123 -0.0241053326166979 -0.016535437859822
-0.0326190049093649 0.0575050537967715 0.0566221239805148 -0.0107087255110164
0.0177886549517673 0.0577823799012159 0.0420119298478714 -0.137236053814246
0.0483680589335224 0.0267831807978575 -0.0977968430060783 -0.189680921972634
0.0531854126775769 -0.00957085084528637 -0.203368957463765 -0.157904798189275
0.0582106016329983 -0.0164869443085961 -0.235441022690918 -0.136901312168244
0.0608296525270839 -0.00612202545953329 -0.232357538100023 -0.165680243826088
0.0541620302755451 0.0489993491343878 -0.142253707598454 -0.219566263421536
0.00894057992663859 0.0821038494550225 0.00591178376077495 -0.200095915998369
-0.0656489364237118 0.0616403454817301 0.0571329459601064 -0.0626979334447366
-0.0989152760652982 -0.0570973351512272 -0.0279137763885065 -0.0940204937794053
0.00977079570321096 -0.117160421238094 -0.0400405561127252 -0.240514722580998
0.0925658297682868 -0.0779055486694103 0.204313274078807 -0.439703902596561
0.100633303285655 -0.180239098367179 0.00654799465436239 -0.285112859341944
-0.038509619232393 -0.174775664366544 -0.0801774683499265 -0.114546744302426
-0.138659098780217 -0.0728777821487768 -0.0488920730153683 -0.0251092894573781
-0.104612393966555 0.0978813371488452 0.0416871014684003 0.00440789222304476
-0.00828600695161607 0.148628157515496 0.045492724099125 -0.104183063535687
0.0837516655240498 0.119663067571524 -0.0641120582972073 -0.16661097250194
0.129832813176068 0.0521512942698655 -0.163386849129265 -0.153101887486221
0.148898359441528 0.0350370044763203 -0.194495269040064 -0.129429538216424
0.148153980850533 0.0561595722504911 -0.193170964461764 -0.140458907525709
0.114941774175271 0.162981947461545 -0.125238406161217 -0.178041132429587
-0.0140040031279312 0.21577752774359 -0.0115655164614011 -0.166147478166052
-0.172518143311205 0.150217433932196 0.0245720399099157 -0.0436585619502977
-0.256399552958073 -0.105562676732967 -0.0529716718382416 -0.0875397727570267
-0.0661038448119103 -0.291030368479839 -0.0439279655193011 -0.221855398536887
0.130645568047404 -0.272637569844637 0.172555062429148 -0.380411394272505
0.142567747015969 -0.290500422452354 -0.0372567673713749 -0.215260191601786
-0.0682301697722048 -0.275949048562125 -0.0646833903236357 -0.0880371823098585
-0.215292639571692 -0.124283038711532 -0.0640877956543852 -0.0325287457598041
-0.181693852059296 0.132832900518819 0.0188523807839228 0.0107022174900748
-0.0390472070498929 0.232614978330276 0.032062812264989 -0.0578022398260473
0.10769689392956 0.206005074193029 -0.0268772249108048 -0.113433460630866
0.188431249099254 0.110968302365393 -0.0990835847107864 -0.122762219985903
0.21698919605093 0.0814149546354806 -0.122630790876101 -0.102979209859226
0.212385610079344 0.105718034693718 -0.124081470060325 -0.0976251857117205
0.164999220814093 0.249698052571087 -0.0851407469219002 -0.113963709944002
-0.0214232185781409 0.322986370621516 -0.0211481065460368 -0.107039681034181
-0.245739616644854 0.235709391900671 -0.00724006914666998 -0.014263898125714
-0.388258660980739 -0.119361857159501 -0.0699059077809924 -0.0628721968982015
-0.150226425737749 -0.413271773566719 -0.0393208534411448 -0.171568114428694
0.138605764390168 -0.421585966193687 0.127612872024211 -0.266960765259348
0.165398006150184 -0.371079986799288 -0.0964913415136165 -0.101575066536773
-0.102367448929831 -0.35973127879203 -0.0429236880402369 -0.0274741334755215
-0.288849291245448 -0.165020161127413 -0.0665662234988904 -0.0297196379504201
-0.248770249472221 0.163894127781652 -0.0107992464582852 0.0158309197464508
-0.0652982820009826 0.297317766615801 0.00646221408959231 0.00545093429558409
0.12033613800698 0.269119945888364 0.0136019011189947 -0.0324416196801232
0.222303503998187 0.155479958477728 -0.0187987569592357 -0.0686979070145211
0.252280762043024 0.113691552000246 -0.032923191496677 -0.0605887381124983
0.241771089928786 0.137096602964704 -0.0351708104970437 -0.043594970050851
0.191157360433774 0.294260076777785 -0.0253714308857493 -0.0373244103519869
-0.0190274161050044 0.379252705267007 -0.017045871542128 -0.0310539228109825
-0.272341859384564 0.288074367123157 -0.0311795978081211 0.0241822215859427
-0.453271648848007 -0.100382855526386 -0.0730658180740473 -0.0243126233824589
-0.212222895448592 -0.457890229199394 -0.020125088744332 -0.0968879359775941
0.121607582864379 -0.496273513595736 0.0825346014367097 -0.120551732748945
0.160778209640272 -0.400597030255357 -0.160236556598426 0.0468262799040207
-0.129521722700531 -0.393924210341995 -0.0148493729408329 0.0629047152246518
-0.327080637677668 -0.177545970120028 -0.0562711953460228 -0.0144287044996529
-0.278988914106408 0.175587897873521 -0.0440348373828877 0.0255008244414067
-0.0793795239447585 0.31739468346061 -0.0245134173673162 0.0813579396981511
0.116711288612665 0.29010045031542 0.0547120762842248 0.065673568876677
0.224023631353637 0.17404461447838 0.0677904132176751 0.00124922181912678
0.248358023660636 0.128439795842679 0.0618538053135482 -0.00858777802811734
0.233189771052918 0.147996893873504 0.057299925701333 0.0126773490249632
0.180619469702621 0.291249755345738 0.0416174564676674 0.0368991026165428
-0.0199652334462578 0.365391996757339 -0.00134983627888343 0.0461042222983884
-0.250579297115722 0.275792799695912 -0.0452502517928005 0.0605533055352913
-0.422856312623524 -0.0775619850779135 -0.0610567698954652 0.0159176017644342
-0.217383879412115 -0.421060984688981 0.00717345456705352 -0.0188516158277661
0.0893666792857969 -0.478618069259015 0.0435840790592568 0.0316739381511885
0.125496964340315 -0.36496116144363 -0.214517740644533 0.207653827546566
-0.133540712931793 -0.351500379167122 0.0155055035057064 0.16346467374085
-0.297041874240032 -0.150979144308446 -0.0349632674228628 0.0109373874505841
-0.247533569301633 0.152207359511322 -0.0714379569062602 0.0368232779406944
-0.0743671247883705 0.274304559015852 -0.0512558084792251 0.152021200652756
0.0939384027683486 0.257655740385538 0.0911178768327465 0.159816774999323
0.190140549295048 0.162390627816536 0.147820775342833 0.0738276060488798
0.206999140051929 0.123517978650091 0.147396899678539 0.0442117891709756
0.187472173550544 0.139663203024288 0.13780205864535 0.0631884421439089
0.137219159620951 0.246242009936533 0.0970106196644187 0.0981004389642042
-0.0300571409254742 0.287698993820754 0.0133300414660917 0.106939189407377
-0.194996542057202 0.197838259024774 -0.0528669763686161 0.0797093402495277
-0.306397965308404 -0.0606900913843593 -0.043181698655888 0.0434523167919594
-0.168441501525928 -0.319560504549933 0.0324505134478462 0.0406854843945058
0.0513009111830783 -0.382951353159831 0.0131910709944731 0.157070443175299
0.0644901640759125 -0.263006923815078 -0.24325462635895 0.350574745591402
-0.110914099535139 -0.23593944722881 0.0418844738613772 0.246032819365572
-0.199274504693183 -0.0889788498496746 -0.00521795528995698 0.0379666573342148
-0.158647760124412 0.0962248295772608 -0.0837256549520747 0.0421719756892991
-0.0548878441500643 0.176618499502017 -0.0659126812226811 0.196082358785961
0.0551008412227035 0.174831383483893 0.115665702453412 0.226825022853957
0.12409923913705 0.122175752949641 0.206731354358268 0.134462096014185
0.132990472066505 0.0998065386584893 0.210231234651373 0.0885810187024473
0.116689114377274 0.113549284945314 0.190989540483753 0.103920573639611
0.072712677745141 0.169740485917065 0.126991626260037 0.138585449926086
-0.0423273872496258 0.172033648693338 0.0160620784057872 0.140627137099169
-0.124136379520335 0.0917266797982383 -0.0583403703649099 0.0758118376803635
-0.157135274064417 -0.0469060926505358 -0.0250420203371576 0.0514592113730571
-0.0946640658328046 -0.1851225914899 0.0453840373415529 0.0719015633172013
0.0111478026084507 -0.236962240208645 -0.00861845435240609 0.236891186996112
-0.00615755176745345 -0.112091793544454 -0.242662534893469 0.444822728252994
-0.0660027831150246 -0.078041747825992 0.0642361253259915 0.294933514655613
-0.0665914522254854 -0.0114667096979486 0.0310708208546774 0.0585766449616279
-0.0429779006894443 0.0245069383884067 -0.0759983127016075 0.037755285819699
-0.0256612427935628 0.0506745706807518 -0.0690594366082194 0.204367649068992
0.00503866640289287 0.0654501706483436 0.123678748942611 0.255068152085855
0.0351943616473694 0.0632132481441286 0.234895928695935 0.171789507858491
0.0397488506620815 0.062922200511883 0.240700616908247 0.119467263549067
0.0328681453880165 0.0707647941700637 0.213365762616321 0.13085201741062
0.00737036340042457 0.0765646323907507 0.131580690731728 0.162111149693639
-0.0445687011057383 0.0517509577297707 0.00875902472580565 0.151778425528627
-0.0485099389790461 -0.0023192998075887 -0.0600987614337484 0.0558827065276386
-0.0202350606643515 -0.0211955566115482 -0.00995119829169126 0.046077664065708
-0.0319186332527698 -0.045863237738805 0.0453702879057258 0.0827827470145255
-0.0316564982360943 -0.0763095911405493 -0.0209594289691946 0.269098167999237
0.0478085800635579 -0.0536191842786865 0.0151154554618917 -0.304443737939306
-0.0135602820240286 -0.0685994906850722 -0.0925198649187765 -0.109277768169478
-0.0629193763000502 -0.0185045000068505 -0.0242845324014481 -0.0130687829001402
-0.0271930999133047 0.057094069131842 0.0546443034624722 -0.0129795336454086
0.0210286423301997 0.0539263843753469 0.0329421176646056 -0.134640024644531
0.0483774900410653 0.0224117059316029 -0.105402964928114 -0.177234934680745
0.0500286570851789 -0.0127504019991193 -0.203508272486219 -0.139638633796165
0.0545405592193362 -0.0193606646095026 -0.234886745658778 -0.119608568105907
0.0575975117619298 -0.00956888355672254 -0.233292965084276 -0.144855783118636
0.0546975348288883 0.0442991214164152 -0.15061517348305 -0.202507464750777
0.0135908828225742 0.0785276551698479 -0.00687696539392937 -0.194355843820076
-0.0593858506101185 0.0622681611251332 0.0525347605768152 -0.06527007141195
-0.0991935522044935 -0.0489637389681658 -0.032708495034851 -0.0901149602998207
0.00284921753131784 -0.113901263105594 -0.0482654854795315 -0.229114889064597
0.0845996924816059 -0.0810773969365193 0.176934243355794 -0.435188283345512
0.0863919508057207 -0.179517188949952 -0.0052875530544147 -0.277626755262294
-0.0467089215269151 -0.165797386651168 -0.081075160973788 -0.106437962587485
-0.137928000228512 -0.0617618243518491 -0.0483259573998045 -0.0194541430744667
-0.094638587707527 0.0999857189597008 0.0413205899387921 0.00159473985280839
0.0016343514751184 0.143208070092567 0.0385622144272649 -0.101828875092828
0.088101976073306 0.109826669488593 -0.0710761916590505 -0.156930058458896
0.127101655755369 0.042569708193519 -0.16541660563452 -0.136839118437485
0.144465467041232 0.0255762572308149 -0.194767618256153 -0.114496312423617
0.144900710374629 0.0459923725837035 -0.193836190135589 -0.123997965194456
0.120814417776166 0.150776562842777 -0.131372363041178 -0.164461646012867
0.000238869903615012 0.20911276646604 -0.0224569615478078 -0.159820369216509
-0.158245094548596 0.153399511045897 0.0226165322071072 -0.0451585170036223
-0.253625310118287 -0.0881552024414824 -0.0558316922870011 -0.0833068562469384
-0.0795092421386202 -0.278118832129606 -0.0505505984839341 -0.211034271271956
0.112064541893644 -0.272353533806414 0.148210885993238 -0.375886931970815
0.120789756930393 -0.289606495547925 -0.044225119010949 -0.208097819484897
-0.0807963443873596 -0.261241221577528 -0.0642120577772295 -0.081720321387382
-0.215351492257365 -0.107455257799769 -0.0633283004378184 -0.0250294057537211
-0.167149127919407 0.137577962269217 0.0189744518628317 0.00845663917977182
-0.023724176523694 0.226243511673391 0.0283924178295718 -0.0556200075840341
0.11631144700442 0.191871244117603 -0.0316063886080949 -0.107360925593832
0.188066444928178 0.0963636827478415 -0.103163178364144 -0.111781572607377
0.213536857347143 0.066260174174803 -0.124831290382114 -0.093311786166485
0.209834803661446 0.0907345386205215 -0.124439832202948 -0.0864782835835065
0.174396946509387 0.231324175793371 -0.0886331521909327 -0.104343518290521
-0.00189282831935766 0.312855128259202 -0.0288606344398001 -0.101276247032432
-0.224757313904838 0.240241060498522 -0.00640857300931695 -0.0141949618185413
-0.382504129400016 -0.0921841833321234 -0.0697072705764403 -0.0589478373667954
-0.168182991052361 -0.39184715844459 -0.0431224213431077 -0.16312367542291
0.112563650696691 -0.418706661803759 0.111441184934066 -0.263769250993446
0.141271399397454 -0.368116508294435 -0.0958157369079053 -0.0962538173540474
-0.117175074896519 -0.340881866818908 -0.040819896592282 -0.025145544404635
-0.290112747791677 -0.143239534332049 -0.0659878763779853 -0.0220747980658854
-0.231327683853862 0.171487477433225 -0.00953615030641172 0.0142005514386972
-0.0452592356434742 0.291258264736878 0.0076297268661568 0.00702863420121104
0.132083845262465 0.252730437852382 0.0120357096161765 -0.0317123022352581
0.222976481924631 0.137709779360657 -0.0233617049741439 -0.0645031499092982
0.248672876010426 0.0953632172620661 -0.0361597440037525 -0.0572053020520112
0.239928245658766 0.119478335962167 -0.0355896879017726 -0.039919200514049
0.202398926357186 0.273071337249699 -0.0260278370961362 -0.0345338908265184
0.00443516174479048 0.368960908399761 -0.0202554325393376 -0.0271236867671917
-0.246941449410202 0.292872145188278 -0.0276532629186582 0.0248022381598442
-0.44518660925489 -0.0722905698610699 -0.069472910246943 -0.0217925417915958
-0.229839143859219 -0.433832604585356 -0.0213619686353442 -0.0927645816753487
0.0924170720414101 -0.489995331120869 0.0747834934105875 -0.119129167069853
0.135696524612138 -0.396699667374943 -0.150367631879234 0.0517087619608871
-0.145170414255112 -0.372286448926648 -0.0098325773626641 0.0612906591105291
-0.327591597421705 -0.154353353140149 -0.0547033926499312 -0.00665683241210147
-0.259638558186891 0.184003509884304 -0.0414404658874527 0.0248901620574094
-0.0584008618842822 0.311410201294749 -0.0175137305118876 0.0825424296544154
0.130237612100727 0.273743983500135 0.0577343173196171 0.0603364088351129
0.225797660716965 0.156202859382458 0.0640531482490446 -0.00191222670256617
0.246439847886914 0.110453046268401 0.0585990420464866 -0.0121704971460141
0.231459492959788 0.130817019937843 0.0568375995477871 0.00869972298203505
0.192461244647512 0.270120372171519 0.0425851551240249 0.0335051759955168
0.00200342183520005 0.355973467123316 -0.000576461385087836 0.0472265392497588
-0.226837149123022 0.278941708269604 -0.039390919347843 0.0614553482835218
-0.41316681626011 -0.0526552958216004 -0.0554303431761692 0.016504095744653
-0.234901781581938 -0.397662428742301 0.0087734713058465 -0.0193710489369071
0.0634248032810495 -0.471942612789487 0.0439769559348659 0.0294433205199231
0.10280491749981 -0.360115307822172 -0.19551668750296 0.21040146947022
-0.147542496927223 -0.332468074988307 0.023134852938575 0.157029054889686
-0.297229295255005 -0.130809760714899 -0.0330672514824205 0.0162694007031283
-0.232379224579729 0.1599125850412 -0.0682360935500234 0.0379229034472125
-0.0569484180390402 0.270222495624941 -0.0394464092127578 0.152921832107177
0.107113738350047 0.24265306813908 0.0984764823222487 0.148686182871758
0.193054774329317 0.146453605425466 0.144881931632265 0.0628243833399899
0.206282602997805 0.107635155950678 0.14357909187707 0.0340431233553723
0.188197954953785 0.12486901784469 0.137157165409741 0.0529139769904315
0.147230509478111 0.228850633558711 0.0993617735763271 0.0881786132807527
-0.0120956749607877 0.280129684705127 0.016688974438376 0.10421963809021
-0.177699054593363 0.201755289666557 -0.0458935006185536 0.0806097239656761
-0.299693745468004 -0.0422270381243909 -0.0360904966343263 0.0419272904272027
-0.180252527697346 -0.300962373198284 0.034683553565321 0.036397629035889
0.0320292831233479 -0.375098159124991 0.0204906960859316 0.152430370587228
0.0491024964407178 -0.25639008650306 -0.218496573842055 0.35087169254264
-0.117593440401069 -0.222197776694849 0.0510940597102522 0.236268755325724
-0.198700618959302 -0.0761160412016298 -0.00312478371944102 0.0401362698451159
-0.149583367169434 0.101198665822676 -0.0797059976852703 0.044579073488661
-0.0424873144245515 0.174085828218836 -0.0525031584495627 0.195889912364315
0.0637274378522773 0.165737435197264 0.126298434981894 0.21285246659498
0.126689866901339 0.111334168103929 0.205232466304802 0.117876919911599
0.134001535973028 0.0890499359308796 0.207620332109193 0.0740007615510575
0.118283537132732 0.103276566811512 0.190097840420876 0.0885326019158625
0.0808019341054077 0.159422297709257 0.130635698259606 0.12614632652481
-0.0313572998265162 0.169183198704365 0.0223829824352788 0.135791662918823
-0.114654123570597 0.0948531284655876 -0.0517562209100196 0.0769030645370052
-0.154678970511784 -0.0363948978422253 -0.0182365846383988 0.0488442166142661
-0.101436601095703 -0.17452014707263 0.0472922788754099 0.0651792187646527
0.000249451708258616 -0.230707464244249 0.00365986671436219 0.230391661992611
-0.0111766865038281 -0.107129169246647 -0.213484296215045 0.443024965208144
-0.0674123642943311 -0.072149245113983 0.0739441949587459 0.282185024035848
-0.0656421119730409 -0.00877114659810271 0.032878881482032 0.0570192430086348
-0.0412911927665542 0.0252806684005012 -0.0721327686834645 0.0408422557968814
-0.0222053920116705 0.0509429515081609 -0.0551286101014308 0.203057521055602
0.00846512018489791 0.0630831335737348 0.134391498285308 0.23957530579596
0.0377992719157287 0.0600689537020775 0.235920560875392 0.152024914190957
0.0413478367410174 0.0587408251805878 0.238772105788591 0.10205043168704
0.0364637155881894 0.0671240419899979 0.212310525671533 0.113543977408908
0.0118722011741398 0.0734834196570463 0.135109534868836 0.148134026782161
-0.040020140708561 0.0529020155657682 0.0167766910474805 0.146283143286187
-0.0473390148743268 0.00085969087320798 -0.0550053837589666 0.0581917132049391
-0.0215269745159071 -0.0200298587165467 -0.00412192590942622 0.0430420094782165
-0.0331641283296874 -0.0426218516222285 0.0472941458036653 0.0758299860222289
-0.0328544326476448 -0.0718088563600105 -0.00692982805408263 0.261503214167452
0.0365989909932275 -0.0602460322322909 -0.0234712047865459 -0.284704485266269
-0.0209973941181691 -0.062247839512124 -0.0984136194457621 -0.0894362370147948
-0.0606513700845152 -0.00923181755202509 -0.0225099862475386 -0.00748220577557104
-0.0183029797171639 0.0558051905491716 0.0529776730067797 -0.0205150557372696
0.0263948179983839 0.0476177117453744 0.0144362694004188 -0.13332872407432
0.0468427322848649 0.0149069181534707 -0.12026081837019 -0.155965933743273
0.0432439082500179 -0.01729604506027 -0.209567523078503 -0.109692261521795
0.0475028823438075 -0.0243126715547863 -0.233320856454591 -0.0827860611045315
0.0512775737997373 -0.0144427631751117 -0.234511567068627 -0.108548484074907
0.0564931517432695 0.0362170168683792 -0.164786349501651 -0.170753264066655
0.0220157286370593 0.0724994196183705 -0.0284019562065973 -0.182482079645303
-0.0488815041090968 0.0642735350230604 0.0428476352184838 -0.0677806366334182
-0.0987708950884655 -0.0313781130010702 -0.0463696994206054 -0.0797999367395435
-0.0133613714588137 -0.103081988767272 -0.072942714733111 -0.212512277308338
0.0603812418191527 -0.0879913593584187 0.118114533492318 -0.434941858807632
0.0571523456706969 -0.186440107769139 -0.0408630394306145 -0.245984379933322
-0.0630803691063837 -0.149623668043716 -0.0855325347321388 -0.0851073442232038
-0.137032053740409 -0.0402783594329762 -0.0422402617473471 -0.00664426224255375
-0.0765758664324101 0.102166630268973 0.0442794526010414 -0.00549986932136797
0.0185860778835556 0.133217126986481 0.026811822004551 -0.105672081934244
0.0943727072546733 0.091350455350567 -0.0842719782458994 -0.143893224543502
0.120864253258812 0.0250332165497962 -0.171341647671514 -0.113171042702091
0.137482417292652 0.00633553448948348 -0.195548746593277 -0.083324332370805
0.140066390272526 0.0265320784505117 -0.193224490284593 -0.0938359084938785
0.131119836071985 0.125984801651592 -0.139374441136888 -0.136435621055845
0.0263670995553944 0.196061535318399 -0.0360367457861447 -0.145454662238407
-0.129419206050169 0.159710346651261 0.0179544413026224 -0.0406752052235205
-0.248017171432073 -0.0473653458798359 -0.0699940489495041 -0.067556457812621
-0.109217160048235 -0.245191988118552 -0.0804196241017877 -0.200415856796585
0.0623285887728168 -0.268069596206937 0.09987229093069 -0.381250380494968
0.0762479366993815 -0.296309831111805 -0.0703365373644264 -0.166874205738811
-0.104559682671057 -0.236032962751211 -0.0656890193700599 -0.0613448067092174
-0.215322971658041 -0.0752648344728457 -0.053848455138323 -0.00725756979005977
-0.140730431031588 0.145116360062468 0.0265582888825841 0.00354780238686873
0.00440999878853001 0.213566051508741 0.0263168637727046 -0.0627517304807768
0.130591100822158 0.165436216182191 -0.0393394650176489 -0.105185866890772
0.183735399022612 0.0688416731470018 -0.107643637064804 -0.0979708607968633
0.205975644313743 0.0357876836357162 -0.127502391831728 -0.0730598734314493
0.205818123225378 0.0604321943901591 -0.121835712382712 -0.067516497424419
0.190590719741922 0.193081821113024 -0.0890252544425025 -0.0853762625418207
0.0378998389413994 0.293221536624262 -0.0322663418363545 -0.0880214312670383
-0.181198106660861 0.248544054282744 -0.00374293584353245 -0.00490611333792701
-0.367617415706821 -0.0355822982843525 -0.0823761433851699 -0.0402609072160834
-0.203823243110641 -0.338838162281938 -0.0743539553369249 -0.159255987765027
0.046377507658181 -0.403092511883238 0.079421300685966 -0.27460552752838
0.0846109448959841 -0.373289997758087 -0.106062605848712 -0.0481112176351004
-0.147798220649234 -0.30633140576422 -0.0358641579076632 -0.00820617261581537
-0.290006779252524 -0.100070656788674 -0.051689912853773 -0.00201758897052449
-0.198165528333537 0.183604424316378 0.00286555557331817 0.0127947900288961
-0.00859046148761821 0.277320182476019 0.0173500136294182 -0.0022416144457595
0.152722584909198 0.221314771451423 0.0129474047794646 -0.0410727406778479
0.222599379540747 0.10349033243261 -0.0255446910516336 -0.0638228092691562
0.243322159651026 0.0593969459061729 -0.0400198080574099 -0.0503466200387893
0.237831637780991 0.0830626029783497 -0.0325266766872165 -0.0346731302151814
0.220938777775157 0.227595106602385 -0.0202256996261906 -0.0272892522471753
0.05086266776821 0.343722357520648 -0.0141176204321596 -0.0187790926042614
-0.195739479958288 0.300107626220135 -0.0182551659374414 0.0366268225610923
-0.423260749321872 -0.0085077074514438 -0.0778586903264858 -0.00340272519173844
-0.265154911136542 -0.37092792289385 -0.0492514947735856 -0.0959139589944064
0.0204190692384293 -0.466386462399072 0.0616433153719992 -0.135451682738637
0.0776483164931852 -0.398954232969537 -0.139188205322802 0.0995007613882328
-0.176081659801199 -0.334954579454623 0.00410849565028005 0.0709327914242662
-0.328960945301569 -0.105982557848948 -0.0376561048339465 0.0123362597597609
-0.224942798852823 0.198854936409723 -0.0250689505237434 0.0276104664792512
-0.0190865750799765 0.298323493025112 0.00482406080565658 0.0724078650809731
0.153597510781738 0.241414742935082 0.0682320551716257 0.0398386322310255
0.228184415863717 0.1204811162019 0.0651036568169495 -0.0148767606045042
0.242492806641611 0.0731642218643313 0.0531802828226182 -0.0192886360080431
0.232022549972645 0.0950231331431342 0.0594308032841457 -0.000248294192591065
0.212115461619396 0.226848997508004 0.0527705438045915 0.027353551310159
0.0467037602925442 0.330381756346792 0.0127518395232707 0.0492421053854177
-0.177364361813675 0.283538376358164 -0.0246653147096012 0.0724065458096985
-0.391558780678531 0.00665944715031292 -0.0580813186052724 0.0298100887728784
-0.263297958835738 -0.337848960951485 -0.0119321735512047 -0.0300637821975123
-0.0024175706130029 -0.445445513323174 0.0494301297245615 0.0101363965732711
0.0519029606142063 -0.358192411225268 -0.162456946910841 0.252445369467482
-0.171940759527977 -0.29686230317148 0.0459411180392707 0.155693123181554
-0.2958661437319 -0.0887280611418988 -0.0158811827235611 0.0301406502740917
-0.201398464203805 0.173662654308416 -0.0498546019848464 0.0433256807864148
-0.0222514789618739 0.260155634804732 -0.00784101442279508 0.14264509340663
0.128074309414302 0.215258524730312 0.117209618214382 0.12022010329238
0.197274851400807 0.115552082427347 0.149627539292881 0.0379966203236125
0.204644729621215 0.0756426861135141 0.138642780868142 0.0140343722088772
0.19085756308917 0.0944727626899987 0.138496745523486 0.0318149777373292
0.164863846187132 0.192350226901708 0.110799611540937 0.0712736649755994
0.0246993729800304 0.261119113829385 0.0339783862386561 0.0999281849465251
-0.140915870080063 0.205913291337175 -0.0302487705441998 0.0893793297750627
-0.283968045035123 -0.000326390164538314 -0.0340439385325271 0.0482041064917679
-0.200963243602054 -0.255537367580591 0.0227853057865712 0.0208420947939707
-0.0159968649682397 -0.35050671996712 0.0401659600535776 0.13184480537399
0.0154435416288862 -0.251864332510754 -0.164821592309123 0.379363548873625
-0.133054897071613 -0.195996007635015 0.0804404833813654 0.224005993468564
-0.196790386780715 -0.0494443367712431 0.0110308915421699 0.045416229490969
-0.130087164596115 0.110156675733622 -0.063383244338123 0.0526473753992847
-0.0210526656308762 0.168780017563929 -0.017318363628621 0.188476236429512
0.0792483930940864 0.148152869503625 0.149371772231293 0.179676693801386
0.131698853307853 0.0900205621536425 0.213230278655398 0.0844796660290129
0.135510658475819 0.0675699994638252 0.202434141912245 0.0436469528791228
0.123668325318278 0.0814916893525313 0.191546130478631 0.0595401580981694
0.0936614776787811 0.135787234909111 0.142167553661593 0.102575506044108
-0.00694023812659519 0.159868068776354 0.0406459784689862 0.128292884192138
-0.0947464816144119 0.100601323185685 -0.0388551322945247 0.0836804104558786
-0.148133979432363 -0.0141973143451727 -0.0135435625428697 0.0485896005211686
-0.113240981426027 -0.149086693489308 0.0434048598354006 0.0499226813261305
-0.0252022300133734 -0.213191434723138 0.0317550287626241 0.212026106536405
-0.02203861544717 -0.0985313292028878 -0.147403087965566 0.452309595938466
-0.0687147300940483 -0.0606082738948036 0.103933310780011 0.259678054026775
-0.0630953688237777 -0.00112390338311863 0.0417124721570724 0.0523685618474932
-0.0372202621578449 0.0280883303625631 -0.0615599950489648 0.0486142304318216
-0.0158151842444564 0.0505896331314969 -0.0221305002617559 0.199048374000132
0.0155555354651558 0.0585456394768175 0.1589839895179 0.207431852218471
0.043833657368405 0.0521502519923658 0.243705713616469 0.1151793787486
0.0465244765001378 0.0501106677150057 0.235360562182223 0.0663406369736692
0.042627933897322 0.0573378538524037 0.212981741399771 0.0816019102613691
0.0199545430534436 0.0648337809626629 0.146496695538842 0.122176667330095
-0.0304884664572613 0.053543243134185 0.0341581300948274 0.136762348297485
-0.0432927590945481 0.00612868813603969 -0.0460653383238265 0.0631212313077728
-0.0226822003010662 -0.0160873657563625 0.00158119511556354 0.0390845948380931
-0.0348181664351296 -0.0360935029320307 0.0501349607113541 0.0628714581335529
-0.0350013141094374 -0.0619788060793214 0.0236740615151544 0.246440093904112
0.0341412474933857 -0.0567160723072807 -0.0186472033323074 -0.272043781022694
-0.0197288797981267 -0.0580184917575285 -0.091046600208295 -0.0857745816014745
-0.0572502657374286 -0.00842452747046285 -0.0211780736473677 -0.00644837267655727
-0.0165809134068289 0.051888640405348 0.0517789808684483 -0.0184541997695141
0.024899279524909 0.0447278885098535 0.0152557293977783 -0.126102435625032
0.0441120232427682 0.0140885590136817 -0.11275631910769 -0.14795208054803
0.0402886673281832 -0.0165096848312236 -0.195724365989383 -0.105125174553686
0.044382629868973 -0.022667141542251 -0.220880667597489 -0.0803389786717514
0.0478730227476822 -0.013236865679976 -0.22036299962667 -0.10343973089252
0.0533675028317397 0.0342008137166102 -0.155628086110883 -0.161724153662946
0.0212115691925168 0.0686044911862874 -0.0272286697798015 -0.172502580556825
-0.046959832739424 0.0602935265868853 0.0409356525819279 -0.0654444814118231
-0.0929820842728228 -0.0304409609168117 -0.0439078961495019 -0.0765992303160622
-0.0123566529247744 -0.09773201910441 -0.0632200218100168 -0.202080608553382
0.0576514511809946 -0.0833240409336034 0.11839895592924 -0.412207505631021
0.0544533928586864 -0.176057122692547 -0.0348413167429232 -0.235891211895741
-0.0578056197398434 -0.140931149665328 -0.0784312285981359 -0.0821451753424458
-0.128879113958627 -0.0383309600596688 -0.0396684974537075 -0.00557798649476796
-0.0721482552153519 0.0954660678437953 0.042307566318275 -0.00447999512659298
0.0173049770802983 0.125246807235635 0.0263581223665278 -0.0991753666177381
0.088497894820762 0.0862844051203444 -0.0784988799780199 -0.136720188053668
0.114174762995453 0.0242737684812275 -0.160671882920806 -0.107931629513458
0.129112959388378 0.00677839710623747 -0.184841836470047 -0.0807809769921472
0.130784774429485 0.0268532097298928 -0.18155329233147 -0.0895419742046921
0.124036572253606 0.119708312589642 -0.131178278798931 -0.129028178087227
0.0245113692130473 0.186219023380413 -0.0348946571818928 -0.136522594059463
-0.124983158784033 0.150526381378604 0.0181075742691364 -0.0400380136704015
-0.234829708853193 -0.0466753723946312 -0.0659845194214187 -0.0660175097020551
-0.101623923975312 -0.233517674327235 -0.070360381383704 -0.190542028699753
0.0609563121174657 -0.254565520283979 0.101953739778429 -0.359705649093344
0.0737757585644659 -0.279576747083933 -0.0633769900404502 -0.161671380255589
-0.0964782658573992 -0.222946404089544 -0.0597130600251673 -0.059957418513949
-0.203280390343018 -0.0708601878547408 -0.0500391823312956 -0.00573622135596978
-0.133578610864667 0.135708149469667 0.0250221787702113 0.00324149517566098
0.0037665826455097 0.202102277170814 0.0263548927145767 -0.0583206662555116
0.122415198449669 0.156772649422184 -0.0355066856275024 -0.100123456405097
0.173655606469924 0.0666418011977744 -0.102351500788269 -0.0927810078875038
0.19415573968067 0.0349743620052231 -0.12060805853039 -0.0699756141919822
0.193596419232904 0.0593640075865989 -0.114339276602669 -0.0645244421742471
0.179944023049522 0.184282424473096 -0.0835532345409344 -0.0808721331293388
0.0356185952624245 0.277946885479054 -0.0318924912426529 -0.0816971497913824
-0.173976807218101 0.234057522681869 -0.00252430151414818 -0.00585070368751196
-0.348208536115563 -0.0368461079135791 -0.0770739467976913 -0.0409274279407747
-0.190374332477691 -0.324596617556275 -0.0659203625683089 -0.152256181207382
0.0467974675182376 -0.383989942209078 0.0794177951020981 -0.259744675843912
0.082973717756309 -0.353367824333896 -0.0984404438607802 -0.0497568350601631
-0.136344439863877 -0.291783940830044 -0.031970418703173 -0.00951556844875331
-0.274317123719538 -0.0952071662278851 -0.0475722550662488 0.000356473984357641
-0.188427549174521 0.171901836165772 0.0019109192717221 0.0117477995033321
-0.00942771253748332 0.262248255820321 0.0182201752178406 -0.000439424873222888
0.144527483548362 0.209718056813042 0.0135610356680286 -0.039595831671161
0.210613950918622 0.0993793085507717 -0.0247745843071258 -0.0598682401788433
0.229356559947359 0.0576353182929433 -0.0386525389109332 -0.0473700255062039
0.22382941809502 0.0816384476923099 -0.0301708860831974 -0.0331033841775356
0.209209053357428 0.21748300693253 -0.0185931804401265 -0.0255212133218708
0.0468735342130076 0.326012086711493 -0.0149136292342169 -0.0153375622235682
-0.187408163450502 0.281946400869236 -0.0166099714174019 0.0338594312485092
-0.401269335092625 -0.011965079577957 -0.0728971377081435 -0.00684705419372014
-0.248054256077244 -0.355711318335593 -0.043956375757868 -0.0924207035972474
0.0238718969631724 -0.4449448817928 0.0610089689521967 -0.127834316954226
0.0776046467891727 -0.377690101170629 -0.132036701780759 0.0908419049570616
-0.162618139026068 -0.318674258794062 0.00453319927726655 0.0658564913943815
-0.311028885402229 -0.103036074628465 -0.0344611908824502 0.0138570828803035
-0.214673744707898 0.186973731601993 -0.0255756705287848 0.02547951278754
-0.0185374656893443 0.283162447732508 0.0056872448655266 0.0706253346560084
0.144880468376719 0.228519554659687 0.0655821614452331 0.0371770896123218
0.21620601904004 0.115150351131007 0.0603970449488267 -0.0130031053474214
0.228844285260767 0.0706661435661244 0.0496771862589979 -0.017828564427782
0.218401398800347 0.0924374365731509 0.0563694253082022 -0.000111367111136267
0.200577263379542 0.21532081564573 0.0500159494380581 0.0262347296414017
0.044075784133133 0.314039438021402 0.0108141246442462 0.049115171463479
-0.169949275818583 0.267874892247842 -0.0234037996491051 0.0685068471567992
-0.370874200658011 0.0019849561929774 -0.0541131718678926 0.024967789600107
-0.246379864077684 -0.323802505546929 -0.00954323664587168 -0.0296719690690525
0.00106514764741546 -0.424993365933498 0.0479092238409545 0.0104018513308507
0.0533713864235876 -0.340423777650612 -0.15586456173943 0.236519920341834
-0.159706073766371 -0.282858432359266 0.042879749874655 0.147906443968563
-0.280508580068543 -0.086200897910716 -0.0138093412472433 0.0309682754442565
-0.193184206403072 0.163011258220841 -0.0491087721421974 0.0411309380320585
-0.0219545027429619 0.246758850339859 -0.00630597846196404 0.137317865609652
0.120618282974372 0.204329002234392 0.111743150068068 0.113820940748221
0.186566098233754 0.110139615875021 0.140202028226915 0.037788124852652
0.192908047861896 0.0731349699668461 0.130779025261355 0.014235304359707
0.179730133397999 0.0911163433084971 0.130580249389401 0.0308091994224014
0.155157764501483 0.182381762667719 0.104812953903799 0.068075373323755
0.022844095878335 0.248363448420325 0.031037620451849 0.0973941002668165
-0.134216998722445 0.193629696976839 -0.0285377961689129 0.0848271818125908
-0.268926015582033 -0.00166488594360383 -0.0311420463485285 0.0422662310309591
-0.188496774831521 -0.245417988549442 0.0218539741883483 0.0185767622251496
-0.0120266210357398 -0.334999762250523 0.0370979027807556 0.126225148749609
0.0186908879389756 -0.238238234961598 -0.16139056517589 0.356970697582389
-0.122549719542418 -0.18755067811308 0.0734693631865512 0.213490005736062
-0.187169385478456 -0.0483509410556514 0.011415405470425 0.045260709065324
-0.125393057990225 0.102893480072891 -0.0617817884992743 0.0495362636140461
-0.0204098633669385 0.160317649724879 -0.0159877012486005 0.180264399154034
0.0741742207388467 0.141128538512762 0.142242871315153 0.170582427352495
0.12509811181883 0.0860518661843102 0.199827495445466 0.081514378898184
0.128046133698493 0.064518437695146 0.191034306036704 0.0429706761141862
0.116390828849253 0.0781676976730181 0.180329035132401 0.0578263729303804
0.0882906060131583 0.128412955918385 0.134151388631361 0.0978709869985786
-0.00755714230276841 0.152283158509241 0.0373652783935415 0.122663196566697
-0.090520398308949 0.0943193427728975 -0.0367156872795392 0.0794290435611374
-0.139921710442514 -0.0148318576119133 -0.0117989370829997 0.0429534446790078
-0.105981131395048 -0.142683378077941 0.0404472848773898 0.0466230683219443
-0.021385095802594 -0.203354780099315 0.0282074499549231 0.201646715322451
-0.0188318161671552 -0.0935558861216986 -0.146196570612199 0.429019005586754
-0.0636313139403949 -0.0584780049611255 0.0950765404516442 0.247880314128139
-0.0602738341015338 -0.00181789194685797 0.039154310416534 0.0520771285891424
-0.0361598558537872 0.0261547667280338 -0.0598239302234125 0.0462840763092302
-0.0152647673086912 0.048278184769294 -0.0213623749273001 0.190128578991246
0.0145032787364631 0.0555619666839668 0.149997627715692 0.197390233888221
0.0417788086809553 0.0495273668384914 0.2289255377327 0.111001783311456
0.0435539661911824 0.0481246721922972 0.222450754732544 0.0644347101113
0.0403454121587307 0.0542682090410736 0.200320844146136 0.0785997177826457
0.0184150014661372 0.0606683528642589 0.136773407155147 0.115895226621474
-0.0292435858382097 0.0511090931993172 0.030520824724042 0.129388024957483
-0.0407974322745676 0.00597969976411696 -0.0443676278924198 0.0598499450946748
-0.0207298580565449 -0.0154879373194112 0.00230256109941242 0.034244323032075
-0.0325278710401713 -0.0349349022983622 0.0450378701989899 0.0598019183157194
-0.031135633019012 -0.0594739315036732 0.0194111843990524 0.234499805937388
0.0340046175938396 -0.0539280122067855 -0.0069037941516972 -0.268287304340753
-0.0174621657954171 -0.0555927033064277 -0.0847192875386411 -0.0878288582506004
-0.0547929886374088 -0.0099565436715912 -0.0205614001199677 -0.00620033170762701
-0.0173958655598772 0.0492201517121705 0.0514989235405804 -0.016261930283187
0.0227967061587384 0.0441959412848595 0.019420423315946 -0.122522263822696
0.0425726134345178 0.0140700121860833 -0.104701255555172 -0.148156970048083
0.0389672513696388 -0.0147292258890207 -0.186272250055891 -0.108633559909105
0.0431991707785067 -0.0208521172645232 -0.21204031678479 -0.0857158127540321
0.0460666026759914 -0.0108331050412211 -0.210728376181132 -0.108043449634162
0.0515469277651906 0.0358579654019261 -0.146887849939746 -0.162162795342351
0.0190104336700175 0.0677042262996594 -0.0222237081760869 -0.16919211386335
-0.0477644922543768 0.0568192049069308 0.0421056971182082 -0.0635083634909055
-0.0893746401253719 -0.0323586006520707 -0.0403752861673842 -0.076397462678379
-0.0086437891740693 -0.0958725492217954 -0.0515438230720463 -0.199491166826691
0.0578361824245833 -0.0794422809204844 0.130074293532903 -0.39620079709652
0.0579140917932591 -0.169339618118791 -0.024809272025278 -0.234081895531443
-0.0512375475499526 -0.137848339461861 -0.0720552241200837 -0.0843124848410461
-0.123545089226225 -0.0411202844698014 -0.038229575335751 -0.00578375606309657
-0.0726647430127705 0.0894144763106672 0.0415357202134954 -0.00292242640851021
0.0131747010526451 0.12202589403688 0.029707758718078 -0.0955402933471174
0.0833885028416815 0.086007309349422 -0.0715144820792807 -0.136045143228893
0.109892278527281 0.0273510134784553 -0.152927469954449 -0.109666731898969
0.124573508670005 0.0109038104776848 -0.177477123121118 -0.084338277736574
0.125725823886975 0.0312614103087087 -0.1735229918108 -0.0933337606592216
0.117398087796338 0.121199907915108 -0.123601078567162 -0.129187269486157
0.0183813225461005 0.181863344182759 -0.0309623275629094 -0.133496431544365
-0.126813563178408 0.141979610593822 0.0191248646899834 -0.0395322576152992
-0.227459614453324 -0.0534554539589392 -0.0622541478676428 -0.0678132317750295
-0.0912080663719089 -0.232076895529954 -0.0580607871141782 -0.188836377306141
0.0683447400964416 -0.247206638094556 0.113529483765983 -0.347908270139697
0.0802331065076359 -0.269895542279707 -0.0544898971447094 -0.163516827833025
-0.085069771440733 -0.219929507281323 -0.0545144103722544 -0.062172639499083
-0.194991873882631 -0.0754852382621259 -0.048307774740802 -0.00588604883958964
-0.133573632843924 0.126659978064274 0.0234243480064935 0.00360905936632875
-0.0020241872492382 0.196175787630925 0.02883593973838 -0.0553706738283411
0.115052993699555 0.15578886691747 -0.031049491295713 -0.099428523073083
0.167016116528164 0.0704661856694991 -0.0962996525856931 -0.0929805801965162
0.187222170404164 0.0404395996046707 -0.11595696529671 -0.0714653040672573
0.185341072403011 0.0651896520528113 -0.108187626966174 -0.0666827950634487
0.170339676955344 0.185373751004627 -0.0788817267180107 -0.0805110331716128
0.0268645259673133 0.273135175764058 -0.0298950225327054 -0.0785491167917418
-0.177147694597448 0.221854306674795 -0.00211343962688086 -0.00669804381385446
-0.338786128724188 -0.0479195403268507 -0.073373183982205 -0.0443875441359024
-0.174916530338726 -0.32451427958909 -0.0553712264834309 -0.151679857691887
0.0596941304796975 -0.375244253410105 0.0888151379802116 -0.251139739810497
0.092577182614315 -0.342118754822127 -0.093207752862097 -0.0548488826186497
-0.122058058362228 -0.287471430685546 -0.0288671090189359 -0.0119736342755339
-0.263916735200891 -0.101930731503762 -0.0459318174867754 2.70931433313186E-05
-0.188835365412053 0.160305279690236 -0.000152422894643717 0.0110433515496982
-0.0162230867491645 0.254947906973682 0.0194425812125366 0.00126242613796266
0.133938392201766 0.208403916111817 0.0153675218371832 -0.0390551343768326
0.202060924988421 0.10335263094433 -0.0233772300396741 -0.0583176976432549
0.220966866346781 0.0635479869641259 -0.0363207415402493 -0.0475446226926541
0.215192249991415 0.0877252868547003 -0.0277744112614432 -0.0336572996673011
0.198404553598431 0.218442539610109 -0.0173146679540607 -0.0253739754638923
0.0375677396913623 0.320296934845923 -0.0146537225697721 -0.0125260253978935
-0.192362791437899 0.267610296661151 -0.0162504444680853 0.0316890665152824
-0.391788850337033 -0.0247454236008821 -0.0698334811801963 -0.0117300854174513
-0.230790710129899 -0.355774715844167 -0.0371397864676404 -0.0931240099255429
0.0386680416121533 -0.435469499608719 0.0652641757528995 -0.123342764951271
0.0881450404103617 -0.36655437121556 -0.13159279094588 0.0818059778857599
-0.146910489187313 -0.316977617632734 0.00348219659644891 0.0632422970463844
-0.299226404540866 -0.1098780313242 -0.0329758580810447 0.0145307686191919
-0.215514708765964 0.174750395382312 -0.0268691150520878 0.0238880558394164
-0.0260643065195312 0.275535876362179 0.00568073850741309 0.0700203429435207
0.133917166438988 0.227278896930705 0.0638331623472022 0.0374664255846028
0.207569253907832 0.11933595072555 0.0576369459046834 -0.00981716174261582
0.220165984222282 0.0767462517616944 0.0483159043743232 -0.0154425483871231
0.209874907435584 0.097887170964153 0.0552675590717911 0.00122085253612551
0.188931939005336 0.216452913340762 0.0483106611911619 0.027232775513196
0.0344173520865747 0.308691195180534 0.00833954731043798 0.0508456495609363
-0.174719765095013 0.255127300732123 -0.0240878029037965 0.065780285036806
-0.361562131096645 -0.0102715578172293 -0.0525645128257065 0.0194420871784514
-0.2299782024176 -0.325316834030421 -0.00741281408377868 -0.0304014665449721
0.0169941263535099 -0.416740892178317 0.0470358899950907 0.0114922361574622
0.0645866712849092 -0.329861170571094 -0.159892869501425 0.223690198434068
-0.145152301860449 -0.281750630507892 0.0372103525664943 0.144658157262379
-0.27170127090847 -0.0932445801458498 -0.0130273201052734 0.031786889276329
-0.194321399368142 0.152478894518389 -0.0511746644942641 0.0390748544788688
-0.0287879519190498 0.240166018275018 -0.0081975416631683 0.135602514574926
0.111314077090494 0.203275275753057 0.106785099276328 0.113708313603151
0.179612799986524 0.113580053779818 0.133514802984352 0.0419995210734101
0.185590826783031 0.0776278918206911 0.126507309538831 0.0185876234012763
0.172351163124904 0.095513572271487 0.126030647279932 0.0339783620381564
0.146162253154441 0.182745412983388 0.0997828747088891 0.069331301814813
0.0149424908449935 0.243476140030119 0.0265049007915805 0.0981269461267325
-0.137005560241899 0.183659895665662 -0.0304050263073038 0.0813341606783535
-0.261775964561935 -0.0112766388014864 -0.0305020058631186 0.0368194745347684
-0.175896523439331 -0.246387848906473 0.0208461656792717 0.0184723690817554
0.00118891511978005 -0.329248411291414 0.0328004610934951 0.124464812302524
0.0279813926946181 -0.231671026649233 -0.170327782818747 0.342154697275782
-0.111724784608699 -0.188009080958689 0.0633234726887277 0.210246011267999
-0.1805411510088 -0.0538452055908233 0.0105379410459657 0.0466090193774473
-0.126114328920557 0.0965080326159868 -0.063926339652798 0.0472834910923445
-0.0249639523055124 0.155439030206336 -0.0198572276708742 0.176835665160784
0.0682912287813358 0.139925836492632 0.134438208490629 0.170495450355882
0.119597557159341 0.0878340845423315 0.190273397211383 0.0867157589350381
0.122838053001868 0.0674334549827246 0.184656282352236 0.048526689135718
0.110982615385761 0.0803833144957072 0.173859387939171 0.0624432559556683
0.08187833391467 0.127763044092151 0.1274143128653 0.0989578150586005
-0.0118029484378533 0.148584653549093 0.032538343967738 0.121999934749885
-0.0911096302824573 0.088621340465113 -0.0385533432724586 0.0758617376171952
-0.134989188120715 -0.0191245871436893 -0.0116474792490588 0.0381716320950026
-0.099118218049548 -0.143203271751715 0.0373186401099855 0.0460043064706397
-0.0123909931082444 -0.200205941292248 0.0202553794889659 0.197835363952186
-0.0127943387454929 -0.0918352102228 -0.158414295583686 0.413438228378867
-0.0591015861676274 -0.0597793257720946 0.0814482074574205 0.246417624609175
-0.058779297291525 -0.0043181394834293 0.0374643462398389 0.053248799350087
-0.0370241723038794 0.0245410084698912 -0.0605277702511914 0.0442165507187375
-0.0166623219430201 0.046624444528717 -0.0253553250205455 0.186017807599886
0.0123976071158955 0.0552027397321798 0.140705489465697 0.196754499850637
0.0395677892556912 0.0498877451442391 0.218108658066105 0.115473007578658
0.0413823356438612 0.0483425391521156 0.21387288399552 0.0707247872625931
0.0381918312037291 0.0541748641176317 0.191672011689066 0.0834723044534686
0.015788116292775 0.0593786073821959 0.129527996547851 0.116909555753014
-0.0304749981417788 0.0490956192048239 0.0258271787850728 0.127383309543309
-0.0405984167967504 0.00432944543873147 -0.0455519118449211 0.0573295646458212
-0.0201918096880589 -0.0163801202647499 0.00216836808535528 0.0307801610094477
-0.0299765639835429 -0.034923063945005 0.0411590637678632 0.0590413473425471
-0.0270336228778998 -0.0591401463258555 0.0101353606225443 0.229392395729968
0.034720971076787 -0.0527528815097065 0.00364593114787307 -0.273856825053594
-0.0154305854395871 -0.0563942120192915 -0.081669630630936 -0.0926703022075476
-0.0550315338152291 -0.0119713897289985 -0.0209089872128808 -0.00605695789205413
-0.0185229814010242 0.0483016335623714 0.0539125075614869 -0.0145849095351665
0.021503142736642 0.0450224695093522 0.0243542674001329 -0.123745103438786
0.0423633104593854 0.0151839934491574 -0.100654664007456 -0.153784282051288
0.04001280388958 -0.0136959208353688 -0.182921103620823 -0.116763336825446
0.0441404715829332 -0.0194327277946226 -0.211400775662097 -0.0941997439572998
0.0459947326971046 -0.00859239042437609 -0.208859745321218 -0.11685376079474
0.051760899081621 0.0378534648749988 -0.143252187519811 -0.168770921366023
0.0176010077378186 0.0689163239871454 -0.0173483031225358 -0.171689241609702
-0.0507041901277972 0.0557540698277391 0.0451754476618325 -0.0643595653475055
-0.0895526597543371 -0.0357467250903142 -0.0384763144933566 -0.079169715289225
-0.00558683564181899 -0.0972218821153993 -0.0411901785927741 -0.204781063585223
0.0605360186942097 -0.0786454676420969 0.149222638995003 -0.397064190957951
0.0634912030923893 -0.168477465129234 -0.014874655095901 -0.24081571639658
-0.0467226387685514 -0.140274872046551 -0.0684152115326138 -0.0888312264609039
-0.122691400565935 -0.0455937901075344 -0.0384547311104002 -0.00605816758922804
-0.0756285698429369 0.0867626109198044 0.0419642137195214 -0.00141398751861884
0.00927955774999777 0.123752252772018 0.0343710490217528 -0.0955342237760976
0.0817899529797651 0.0895668366127271 -0.0671117261969308 -0.140503704537912
0.11032467109302 0.0313113780034614 -0.150413690847904 -0.11591772803567
0.125066814155359 0.0154107681702734 -0.176329941990838 -0.0918346537679892
0.125554262193126 0.0371325677009062 -0.171317399293477 -0.100451513979316
0.115438251173043 0.127050766732985 -0.121216036520769 -0.134888095407279
0.0134818644502997 0.185132305685918 -0.0277409330222743 -0.13453697139462
-0.133536433327458 0.139244129103056 0.0214951095812994 -0.0406342233878876
-0.229464065116187 -0.062927608157338 -0.0597790678521504 -0.0719604327560551
-0.0842012056552126 -0.239695823278523 -0.0488305498655161 -0.194370097151929
0.0774662978647978 -0.249296605266479 0.12877533752409 -0.347685218508049
0.0901878051969957 -0.270451711183344 -0.0481929772964376 -0.170207007200496
-0.0776868366993965 -0.225199309577009 -0.0511385789221929 -0.0664109716883603
-0.193637274235213 -0.0824899772353977 -0.0477794038262788 -0.00641373278477642
-0.139103379639217 0.122326039510965 0.0232693290856234 0.00510582941852507
-0.00878216330834349 0.198060416770808 0.0322520767561633 -0.0545488393766833
0.110737115215896 0.160838730251407 -0.0272752974130567 -0.102526127561086
0.167114688118592 0.0765500215622892 -0.0945406218359555 -0.0967978456479958
0.187096814928047 0.0476253773349983 -0.115161410450255 -0.0762009335585824
0.185222035280184 0.0741103278343703 -0.106612888916217 -0.0718921595135359
0.166859013636639 0.193637815970508 -0.076314688939836 -0.0843750748393104
0.0192337332803147 0.277831562162513 -0.0283217928071389 -0.0786412824290358
-0.188351162726339 0.217818622621229 -0.00107559727502004 -0.00802957539550724
-0.342449900851676 -0.0607232233053138 -0.0721417852198062 -0.0492130362089719
-0.166833257854315 -0.33646211636119 -0.047816296251894 -0.156709331922729
0.074202196430184 -0.379558151027586 0.10147636572473 -0.251269468847449
0.106385551486077 -0.343827663826923 -0.0914972918220031 -0.0619244872837121
-0.112257858605024 -0.29621497494909 -0.0270545630474208 -0.0152376274550317
-0.262923224131343 -0.1122230905264 -0.0454182115644256 0.000132253745220662
-0.196616017498695 0.154962193314006 -0.00128007799334369 0.0119743204794198
-0.0247428551943153 0.257824536965968 0.0211416061199186 0.00287872670356059
0.129142187269605 0.215611073086684 0.0176960645202286 -0.0402591246128589
0.201185565886156 0.111699454017763 -0.0222523285195605 -0.0587370493011729
0.220792228127644 0.0721283582330889 -0.0358812966723436 -0.0491185959865796
0.213966449659983 0.0984047964405508 -0.0263811728808275 -0.0350283796048153
0.19410857996281 0.228295592887072 -0.0159334270334493 -0.0260013894336293
0.0278264610424645 0.327116386841927 -0.0155845966867801 -0.0101952580102639
-0.204434497433017 0.264244674294504 -0.0167527260635433 0.031424791385953
-0.396710445390012 -0.0391665768762763 -0.0693910581489291 -0.0169703286825485
-0.222638103450399 -0.371384338916007 -0.0316163884885351 -0.0968858218694383
0.0555046987119412 -0.442504350344785 0.0721491478457446 -0.122441951077847
0.103940215497947 -0.369789347511385 -0.136000923932894 0.0759509379588391
-0.136504822256826 -0.327206946950187 0.00241188775052934 0.062253756156564
-0.29945954030993 -0.121982790286004 -0.0322960902023689 0.0152157669662867
-0.224890677773312 0.168950281085295 -0.0288818167836466 0.0240696989610828
-0.035760475528505 0.278723631752849 0.00508939193967243 0.0723562560325209
0.128895132017041 0.235139968839481 0.0644383317165887 0.0393999282642932
0.206464507974993 0.128247964056353 0.0575650489404463 -0.00739663014039536
0.220480166518437 0.0849743247277728 0.0493986584528415 -0.0134592587070167
0.209154575642921 0.108019614678251 0.0563929300230975 0.00330319276088631
0.185138385959711 0.225644709119725 0.048313346713348 0.0298064796978106
0.0259178097729036 0.315048808471849 0.00540774644332092 0.0549711791889603
-0.185930439697062 0.251586169122345 -0.0264769398896511 0.0652420216759813
-0.365386673524621 -0.0231380635423918 -0.0530035410492783 0.0149089278911994
-0.223772134565297 -0.340029348944433 -0.00408370512090595 -0.0324257411456469
0.0336706991527963 -0.42447953701489 0.0479712074654199 0.0131404969960846
0.0792421473898889 -0.332123156890779 -0.170582120454369 0.2195036361595
-0.134126695980668 -0.292451636432351 0.0325493216461401 0.146588787315563
-0.271325995235727 -0.104837370334821 -0.0124478097216694 0.0333435579895236
-0.202542301642644 0.147693502968194 -0.0545782811465777 0.0382286502087733
-0.0370700307544513 0.242590284101378 -0.0117751439567079 0.138758414925905
0.106613204968781 0.210580951173954 0.106016278333082 0.117771246281797
0.177746145430505 0.121241776795253 0.132237119345083 0.0481356156073933
0.184961546715207 0.0848295273600235 0.127231966465762 0.0233498478621155
0.170810569906229 0.102707916600527 0.126823934285032 0.0395783758203768
0.141725311324477 0.189530350877987 0.0990642761370777 0.0739006555793735
0.0082838012770442 0.248072164532726 0.0235108845087148 0.102095124944956
-0.145148872199083 0.180443761879018 -0.0332081868900354 0.0817178348185617
-0.264578430509814 -0.0205716482954392 -0.0317537620370131 0.0330436034213927
-0.170840515585831 -0.256469019732806 0.021265502258025 0.0183383139233874
0.0132778038274857 -0.33478948877 0.0284298149315223 0.12657068070069
0.0385601160281841 -0.234629014709088 -0.186563752559547 0.340313092165001
-0.105181239861914 -0.196194560878681 0.0558222507898542 0.215453784005388
-0.18120574318498 -0.0614820873743631 0.0105404723408339 0.0496127969907575
-0.132071965539128 0.0933216133103897 -0.0669004698158955 0.0460162445356966
-0.0304484317180915 0.157130700549985 -0.0238803571153957 0.180556660633095
0.0638688120616432 0.145024958705414 0.131480765405447 0.176373130599504
0.118310688383803 0.0935659641250773 0.188746416015182 0.0954604296795608
0.121702947582468 0.0726389202003844 0.18466895920074 0.0563955522821745
0.110132241500875 0.0855977004345167 0.173005159524133 0.0693399466211085
0.0788168863440302 0.132086881039471 0.124641758051736 0.104314123789577
-0.0163905883114394 0.150826350188384 0.0286597618185429 0.126250842829522
-0.0951754206074277 0.0857803752743458 -0.0419663518884334 0.0759747216714344
-0.136038939846052 -0.0251284644009276 -0.0127926830632047 0.035696948589277
-0.0950083824008148 -0.14887741013106 0.035257175250736 0.0475048684672276
-0.00458315056453435 -0.204210645668051 0.0133669966568032 0.200752170774593
-0.00806573794333538 -0.0935599542427378 -0.177601579541534 0.413310392560763
-0.0565305850930082 -0.0635362214378941 0.0722252447863006 0.253455759165258
-0.0592986279671813 -0.0070546967609486 0.0365408389701967 0.0567900022727316
-0.0386458221335284 0.0235119544240736 -0.0640331225855072 0.0434188289558311
-0.0181185127894449 0.0469091829360905 -0.0310742134171528 0.188480037614413
0.0104180806610218 0.0577378160891818 0.137212043151812 0.204347765553044
0.0384621773303805 0.0526133610309281 0.216200132123045 0.124876943667851
0.0404576149537195 0.0507660673366105 0.214209264915439 0.0791275349292885
0.0370827394228878 0.0559248431540716 0.189994515104173 0.0914915073164707
0.0133646347101722 0.0601139561308472 0.125536819290639 0.122620511670902
-0.0326344919308717 0.049964277280124 0.0214488184093664 0.129920853332608
-0.0417839862690225 0.00277491355968341 -0.0486600412680996 0.0564589627444292
-0.0195906339271412 -0.0183145138048768 0.00175844008976344 0.0288686037003557
-0.0292432303105912 -0.0369781150741949 0.0384327674209066 0.0611551143827061
-0.0242119370970713 -0.0609910689487321 0.00161421584662274 0.233111343126148
0.0359278971701221 -0.0538166360441868 0.00806295198137903 -0.289347541629126
-0.0155735071355914 -0.05809992014356 -0.083131094611125 -0.0984104686963508
-0.0568920256797831 -0.0129023396738624 -0.0221994695545145 -0.0059137170536805
-0.0198112744570983 0.0499823517332858 0.0572586105941765 -0.0151499337757346
0.0221560837772278 0.0472904720156028 0.0270115649668036 -0.129817159067258
0.0437807447896444 0.0154568433469796 -0.1037699025522 -0.162294519642083
0.0410972957708445 -0.0143333998684847 -0.189274911156809 -0.124654655134827
0.0454436310352861 -0.0197941356594247 -0.219989454982039 -0.101627381506931
0.048189099710079 -0.00781700473814028 -0.216993575818179 -0.124891206772363
0.0544809695456334 0.0405469756720787 -0.148121160208549 -0.178104413072326
0.0181338472993361 0.0716826659877496 -0.0176129129087075 -0.179504223252956
-0.0528165332518977 0.0578186039717619 0.0485193087978507 -0.0680073674207804
-0.0934085105957335 -0.0381135442854103 -0.0390606798294992 -0.0834625869724448
-0.00469983183403655 -0.101999443135842 -0.0369361322102448 -0.216055752424239
0.0640458622466338 -0.081748028738789 0.163420187778352 -0.414307100846207
0.0672949279788951 -0.175008626785886 -0.0120527096966808 -0.254688259879822
-0.0468454599744132 -0.146580790238143 -0.0691302413654168 -0.0958795386894097
-0.127043800569434 -0.0487987205103469 -0.0398658219934947 -0.00569932478693954
-0.0795547619184631 0.0892516522772415 0.0444758336745312 -0.00138270457525797
0.00865339103886568 0.129132191868134 0.0379154618466551 -0.0999972403594477
0.0838015480664002 0.094262680268758 -0.068614419664504 -0.148653581697989
0.114841402403306 0.0340609509128609 -0.154522534773102 -0.122966676883197
0.130011948599716 0.0171567100201251 -0.184410906345438 -0.0985147894162574
0.130511100850847 0.0417922026859724 -0.177996150839392 -0.108036992373143
0.120523538506537 0.13430040554335 -0.124631993337879 -0.141711421247059
0.0136112135945407 0.19406491496962 -0.0285270143946706 -0.139698599622543
-0.141426268542959 0.143784955092449 0.0234091859821226 -0.0435268252108505
-0.239204411190377 -0.0682437562492439 -0.0617206009497749 -0.0775513828435016
-0.0861753597210502 -0.252558068492901 -0.0454354312462385 -0.205561607235414
0.0839497251191145 -0.261341213105013 0.141988082123832 -0.364688339845387
0.0971434579227627 -0.281786302622823 -0.0476636906267426 -0.182558974443246
-0.0780223271969875 -0.2360455461836 -0.050776902638157 -0.0725992888038723
-0.200806917397777 -0.0882724025218465 -0.0492099121181106 -0.00601432118255702
-0.146607369492327 0.125305497807622 0.0241221437935621 0.00543123485014637
-0.010786373862695 0.207345935681783 0.0357630400283304 -0.0562485358550344
0.114669800127075 0.169265461620794 -0.027197245076219 -0.108512515421473
0.173509537235238 0.0819661665724792 -0.0980391287309544 -0.101628279430139
0.194575383849365 0.0517975887245096 -0.119566981368487 -0.0817111592646393
0.1932379299601 0.0812470892968215 -0.110621774419885 -0.077211078717127
0.17444186119832 0.205178457242132 -0.0792353496850011 -0.0883874452959123
0.0187090731795145 0.292234192705054 -0.0290042528087484 -0.079751750851525
-0.199202319175146 0.226047548022665 -0.000319009816134265 -0.00949958033705852
-0.358925323591446 -0.0681389266159542 -0.0741258532388524 -0.0548738810979619
-0.171631429254963 -0.356848285585589 -0.0442335380708684 -0.166587718894637
0.0823083800071639 -0.398660904912526 0.110176813392654 -0.263228321158665
0.113674298984439 -0.359065281871183 -0.0940645533518882 -0.0685054700342183
-0.113197001160203 -0.311013184087342 -0.0268224119971052 -0.0188078910389696
-0.273233611324059 -0.120116569623423 -0.0462081035381018 0.000930564170451384
-0.207183062181306 0.159571801488432 -0.00163939054678008 0.0129148968167053
-0.0278834597764613 0.270239696345189 0.0243132743701978 0.00409843367611611
0.133555231141755 0.226492202504474 0.0197606928720139 -0.0427770334178111
0.210101463212631 0.119250229234921 -0.0234735511926865 -0.06112311680254
0.23004360056462 0.0778035436795232 -0.0366711870281232 -0.0520141549600437
0.222881034158654 0.106388652990668 -0.0262693052659163 -0.0376105902270051
0.202054027424459 0.241178704029008 -0.0158444687185511 -0.0267275706121291
0.0274568097424549 0.343325157159738 -0.0167448905037733 -0.00789424044701567
-0.217074622146824 0.274775833034188 -0.0168013803120436 0.0313595965335402
-0.414582775826449 -0.0461447776133263 -0.0721718040819054 -0.0212950734645334
-0.229832770174759 -0.393633971058196 -0.0294497686072778 -0.103594183820636
0.0636898433329908 -0.465902782352687 0.0781291586897368 -0.129114925364457
0.112882905713734 -0.386050036229698 -0.143223661182414 0.0758866401948653
-0.137751697224568 -0.344303246837931 0.00255306663204136 0.0626881100514446
-0.311806783380762 -0.131566237934467 -0.0323602333055954 0.0172297218850372
-0.238112654922339 0.173858927642483 -0.0314121936853501 0.0254943759609943
-0.0394625701145581 0.291065566323854 0.00694465826528299 0.0773389839140611
0.133198526853985 0.248273029740026 0.0683792129901919 0.0406436327766774
0.215462478694413 0.136679030357494 0.0594134901834889 -0.00538465018296825
0.228832312228784 0.0914032063006807 0.0517064330585897 -0.0135168185241753
0.217573505091703 0.11647543107894 0.059592484322103 0.00385523368830103
0.192692221164069 0.238324148157465 0.0506013436314106 0.0314799204689945
0.0254381400362563 0.330817759658985 0.00506922325061881 0.0603671578286795
-0.19786514079636 0.260654003335229 -0.0272109554544523 0.0671198891279002
-0.382846248108355 -0.0285070650362934 -0.0553690281619051 0.0122118311273141
-0.231823167094504 -0.360009965867459 -0.0027574268338138 -0.0353369644761307
0.0414528398013807 -0.447238083638458 0.0503907854331185 0.0133702275348967
0.0880563377810615 -0.347946898593435 -0.181681966814109 0.226601970809894
-0.13632288950716 -0.30923144594752 0.0327511145357479 0.152798181709595
-0.283223143904328 -0.113208675145725 -0.0121505602616143 0.0364291178815311
-0.214095876437988 0.151970545308235 -0.0585721404621824 0.0400945520208048
-0.0411563553185164 0.254472872053209 -0.0114227262675949 0.146621927403545
0.109848121453801 0.223081314325912 0.11102023524951 0.124083936010037
0.185411956846997 0.129299510223103 0.137239075144295 0.0530402415741776
0.19277394745674 0.0913004643425151 0.132815216444393 0.0263950639618604
0.17836776163911 0.11098705364767 0.132803267636259 0.0420157806054336
0.147795029878538 0.2005790338163 0.103001779690493 0.0784936399534387
0.00693089557165421 0.26055398383765 0.0235071926313932 0.109378817961656
-0.154393818653845 0.187070306054398 -0.0354475622809674 0.0847200733290661
-0.27618703382478 -0.0251860449730589 -0.0327820181762725 0.0313751155321575
-0.17738403676273 -0.271131631488141 0.0222925780282041 0.0183197885419582
0.0193574637301083 -0.351497660582145 0.028680019646307 0.132703514721858
0.0449512708756011 -0.246423956460084 -0.200596887712365 0.35393971984556
-0.106437770941651 -0.207862487624108 0.0548554146613731 0.226166443152861
-0.188300788780411 -0.0673471112507856 0.0110814948310791 0.0524605990806718
-0.140582940062848 0.0958307429174173 -0.0722991287310782 0.0486587462647811
-0.0332841513211034 0.164669975137146 -0.0256335733291675 0.189988122380398
0.0661369732692547 0.153899684703546 0.13760207748985 0.185756701362896
0.123596197537781 0.0999351007111808 0.19535925880049 0.102685903962181
0.126428476020238 0.0780544678195289 0.19256401306757 0.0608367563628668
0.114317681243696 0.0913358215957664 0.180433266612211 0.0746179522810239
0.0810399974383181 0.138858379579207 0.129236619159828 0.110444282968059
-0.0182025183811022 0.15883336816689 0.0282973211660084 0.133138820500872
-0.101000848120224 0.0881674343131797 -0.0446762646083822 0.0794189462880722
-0.141644663799056 -0.0278832594959088 -0.0132403130913747 0.0341500853559011
-0.0989452364782818 -0.157217653697053 0.0359492240533275 0.0493840778597557
-0.000842364985863901 -0.214407710619631 0.0114884713159348 0.210391552949393
-0.00584278786197404 -0.0989196519254891 -0.192810052973281 0.432074714060245
-0.0577162602175972 -0.0680828308929917 0.0700480617935181 0.267386085736761
-0.062026465667758 -0.00824057066855961 0.0384051068044872 0.0609083350814703
-0.0413161428382711 0.0237456608878855 -0.0679414601464063 0.045141039592703
-0.0197298378665256 0.0486473638936454 -0.0333594052413983 0.197953600374645
0.0105626793160438 0.0619771648248724 0.142816404217429 0.215146979703578
0.0402893455115765 0.0559599695793715 0.22425551887019 0.134516339488219
0.0421094702112548 0.0537075460786038 0.223457473379817 0.0858508091714683
0.0392174908869472 0.0592001434555125 0.198026847532342 0.0986884177343398
0.0133352535314811 0.0629742773123179 0.129897500286778 0.129645720515419
-0.0349144289760291 0.0524433194762768 0.0209039169591638 0.136315103622625
-0.0441050290059686 0.00238428010728966 -0.0517549865706482 0.0585422693324532
-0.0200486147848442 -0.0197322889532504 0.00223943298653826 0.0284378817753088
-0.0303271812635586 -0.0392780397351904 0.0386165574219837 0.0643114461405208
-0.0227496474311707 -0.064759145845249 -0.0023337998757001 0.244105764119481
0.0311180601272929 -0.0601683649338676 -0.0378294016558088 -0.303926752478115
-0.0227134682777553 -0.0580311219141375 -0.100603339218738 -0.0906954098035972
-0.0612994200174479 -0.00470057985098922 -0.0209232573050031 -0.00298321553566658
-0.0139207938351552 0.0546739853766741 0.0591479728270094 -0.0284762608306369
0.0312165336973802 0.0465263296996215 0.00532071309949516 -0.143192276652279
0.0487147174704929 0.00967874088599902 -0.136964537104402 -0.155562881417255
0.0416263645464677 -0.020796205227083 -0.222170600829478 -0.102210970635576
0.0455113090999559 -0.0282914936203995 -0.244266597904582 -0.0727939212754516
0.0496590234428733 -0.0156967084922861 -0.246390868892197 -0.0994164638301894
0.0646813732163601 0.0332803515204563 -0.181942852080703 -0.164103929988421
0.0317488648219769 0.0718495249357219 -0.0448825375525572 -0.187467718613278
-0.0478088395709017 0.0674438101279247 0.0419396434217988 -0.0806424578766282
-0.102117382907489 -0.0244698643834449 -0.0535615754134279 -0.0805484724620748
-0.0195194432121712 -0.103168743837847 -0.0697471191061996 -0.221138829312441
0.0501268930650631 -0.0918589691525838 0.115265370430458 -0.460644485689035
0.0440621692869599 -0.194639304230258 -0.0466034186139129 -0.255480432994237
-0.0676350952272309 -0.14757803301012 -0.0818926903858325 -0.0880253569191851
-0.140024137151644 -0.0323087682094271 -0.0338723109546334 -0.000289378343698783
-0.0711097353897065 0.102974104315494 0.0496748948041871 -0.0135914407644413
0.0282133180098026 0.133619556726352 0.0221551169585152 -0.117813798227823
0.102221038070098 0.0863894516656245 -0.0997708072237084 -0.149952634105356
0.124919179538533 0.019511499449775 -0.187324296091279 -0.107532698535453
0.139160747578069 -0.00105789725444274 -0.206521236516594 -0.0759231622350685
0.142359662558567 0.023530503564069 -0.202438004007138 -0.0884616473060392
0.146890876783639 0.120668066835713 -0.150512708879096 -0.130353195909604
0.0450281707643341 0.198979077423642 -0.0497234668411473 -0.144136146155007
-0.128082688615719 0.168705977107241 0.0217727915420313 -0.0522070744542534
-0.257669608317748 -0.0341290909044799 -0.075190906557424 -0.0684917709242925
-0.125836196963851 -0.247549941102757 -0.080533051807281 -0.207750221039208
0.0458981837141123 -0.280531345430569 0.100968042728945 -0.40532938752655
0.0572041782149405 -0.314698340825755 -0.0686321562497423 -0.163678726261516
-0.113796974123326 -0.237871771727006 -0.0560237002619341 -0.0639643264163444
-0.222815500895857 -0.063625889993164 -0.0382186714375908 0.0011095043780888
-0.135957767674164 0.149721262128909 0.0325396255812429 -0.00477129823605382
0.0183019274858919 0.217322821439905 0.0283570379754903 -0.0759831317736167
0.144974638405847 0.161035573473111 -0.051965614407558 -0.118113404568736
0.193568074453964 0.06202105633198 -0.124154407488448 -0.096296823406507
0.211113032697881 0.0258539863464661 -0.137875664638023 -0.0670261023244653
0.212561532211079 0.0556609215820392 -0.12713610281765 -0.0662478238458858
0.212797828952808 0.186560591065077 -0.0937889449160666 -0.0820375438868472
0.0647734776996095 0.299761438737245 -0.0411966576610893 -0.0817898488868723
-0.176810928753618 0.260989821098654 0.00419918815096762 -0.0131894405175738
-0.38148333714019 -0.0156141914771071 -0.0840412887979755 -0.0417428375800752
-0.228341586861526 -0.342655056186572 -0.077184653834822 -0.164744568696564
0.0249585561833431 -0.422484014760031 0.0799872354382573 -0.29704629884675
0.0624708936676801 -0.401526085431867 -0.0957464446273767 -0.0295349527921157
-0.162359220921008 -0.313298346625135 -0.018959785993905 -0.0088074180777462
-0.304159741439554 -0.0871242521675493 -0.0288341844860933 0.00806074926123705
-0.195784861451586 0.193515245641209 0.00926221726263165 0.00528462283282563
0.00869876857837985 0.284844057505712 0.0273646761183839 -0.014358798519712
0.172628851187438 0.218826078514117 0.00644543644123494 -0.0593968109738867
0.236569688663825 0.0964352856259713 -0.0388475541941114 -0.0660288616490884
0.250903217876417 0.0482507603090886 -0.0479042169128756 -0.0484460304831432
0.24861301293326 0.0776431034524591 -0.0332742487737084 -0.0375481709058859
0.24680100745929 0.220262134245571 -0.0178310227972728 -0.0272768889886121
0.0813424104604845 0.351689583204153 -0.0167758841386526 -0.00816099997017185
-0.188673489813743 0.313982373421688 -0.00702551164777521 0.0325157610573773
-0.436012350187289 0.0161142566450538 -0.0756375273286544 -0.00699360559776313
-0.295519667713558 -0.373534096311175 -0.0538001900223498 -0.0998051058069063
-0.00330627483383706 -0.489676139906972 0.0639317430619953 -0.150649372648811
0.0570494229654611 -0.431672442598424 -0.121394387735058 0.133307685493063
-0.193993707183224 -0.346676110826893 0.0266185939218557 0.0741046292062212
-0.347010985440158 -0.0940387503349958 -0.00858839416276775 0.0223425724002114
-0.226381883212056 0.212950492474555 -0.0181733859248256 0.023245514629797
-0.00108270463135067 0.308792281610474 0.0227428164658526 0.0646662905187171
0.17569662901501 0.241481137643129 0.0713620309910024 0.0192347326755194
0.244908833470992 0.11362662588644 0.0573960743104651 -0.0214364215529702
0.251808461308614 0.0633051540493333 0.0500886518443969 -0.0222126313522032
0.244058282924236 0.0895322761747164 0.063849181323171 -0.00669940626535055
0.23555891338167 0.219033971671469 0.0611328801624553 0.0233631375674156
0.0764448466528524 0.339065506985811 0.0164196795199484 0.0608574560792271
-0.169235264161232 0.297184981659438 -0.0125726993349958 0.0723671664093878
-0.400505045287227 0.0293791366530246 -0.0526905102380191 0.0240100502625396
-0.293129066744465 -0.337140325449514 -0.0148247148286582 -0.0324923053596426
-0.0238709914902097 -0.466714270649918 0.0550324078454493 0.00328325724785865
0.0361743283462227 -0.389689503641321 -0.139060759904672 0.296802244271893
-0.18832744851126 -0.310344096993555 0.0707734842550727 0.164048818062097
-0.314734610390841 -0.0790187456167478 0.0137727068339003 0.0397919767502897
-0.205362265838348 0.186679944935615 -0.0448174598969248 0.044738267554756
-0.0095562047825861 0.270583820758172 0.0151498668302935 0.142260595422036
0.147212746839966 0.218357543743884 0.131348950238289 0.101173904977715
0.211848068927563 0.110604029166301 0.150755209401766 0.027975442984909
0.213410248935344 0.0689605344666621 0.140630841878553 0.00790763964552921
0.201532876227172 0.0896228509069723 0.146013662981807 0.0231609849538082
0.182161832756597 0.186535421391283 0.122204516389353 0.0648916232455596
0.0467334838457242 0.268570861788155 0.0425447733584834 0.110169329588652
-0.134360200057205 0.213827677828801 -0.0203194958719428 0.0928661494575477
-0.28963149332619 0.0157431340799001 -0.0272525201581282 0.0393560382276615
-0.22359799605691 -0.254375859927917 0.020396935331199 0.0193453813399356
-0.0313276343926384 -0.367087330486056 0.0487049996345505 0.133624538225157
0.00712962470755692 -0.274701734160055 -0.142259453600539 0.426621679058994
-0.143182915896765 -0.207227485912242 0.101590032994379 0.235708939226638
-0.208798859126053 -0.0448712041436955 0.0343771553423297 0.0531590003606506
-0.134798984162388 0.117926616399651 -0.0606258154932228 0.059179183374866
-0.0146723127735499 0.175617423005107 0.00754162554011243 0.195385912789758
0.0904568307338057 0.152684803503685 0.170742518595362 0.165636916505823
0.14314494796948 0.0881291234571316 0.222815850559833 0.0728597774630441
0.142331638548952 0.0648627290354631 0.208572246448576 0.0349978896612208
0.132708467333817 0.0796092739610388 0.200490092098578 0.0511242127770409
0.10323288832149 0.132599688671732 0.15282212303034 0.0945720679771565
0.00435917590363737 0.167415410688287 0.050347148796067 0.135156623956281
-0.0930133266763033 0.104232407735586 -0.0327512286511735 0.0896214303130319
-0.14988687740318 -0.00832954606583067 -0.00753752030988976 0.0373976801971226
-0.124849416670454 -0.148558284299994 0.0410052104860652 0.0481161825432631
-0.030704590133362 -0.221703109206595 0.0411360721242933 0.218387635614276
-0.0236543185499204 -0.110060634259905 -0.128020293593215 0.495743062759745
-0.0722584017435458 -0.0661588635103776 0.118859954975651 0.274251793708545
-0.0665046379812336 -0.000545808709202878 0.05485125395721 0.0577551932704851
-0.0406782623740353 0.0292497658916803 -0.0613124448993302 0.0588493890188849
-0.0163406581670009 0.0525457100970872 -0.000205444706219621 0.211295942981356
0.0186843805958551 0.0637938603988018 0.18436442886952 0.20000877571758
0.0495050222000696 0.0536430098165828 0.260146299136345 0.103254672396273
0.0510810162313522 0.0519388422737966 0.244377315495431 0.0571713515649288
0.0486730438343158 0.05634209214727 0.222225603077931 0.0736343035785969
0.0212497040655663 0.0643764592628689 0.15576354582408 0.11575816405358
-0.0292805583522231 0.0597911952944055 0.0421435181509675 0.139380274637441
-0.0455139424218567 0.00785652507217537 -0.0450152205978882 0.0700863823002425
-0.0236205143748929 -0.0181464260705535 0.00601605013868488 0.0274828332535206
-0.0370372637531479 -0.0365401361565596 0.0483967345144145 0.0621588702817681
-0.0307919548593292 -0.0644540338573218 0.0321139134312518 0.25703543300941
0.0264588809717362 -0.0621832487965347 -0.0623615410827871 -0.309405790236169
-0.027475849883323 -0.0560552526099056 -0.109181838336151 -0.0867572359780469
-0.0624846012259508 -0.000189078995969739 -0.0215832151715185 -0.000707584479194555
-0.00986936653324612 0.0559028910206817 0.0586830860722496 -0.0335192007471826
0.0358551911040179 0.0451469725978295 -0.0059775316740191 -0.146511490786466
0.0490600518515371 0.0056051366861863 -0.151766239894939 -0.148452397642774
0.0400804756343608 -0.0249928967121522 -0.233553645835428 -0.0883298994403308
0.0437557973282928 -0.0320040811423452 -0.254040326949 -0.0568249960951111
0.0489947624134001 -0.018765004012881 -0.258415527388806 -0.0823660528197039
0.0693756169684748 0.0281117829375882 -0.198058046633918 -0.152240547753956
0.0386617954420564 0.0699068387078291 -0.0604723665033422 -0.187318362349608
-0.0431488356962226 0.0725344318222129 0.0364015776067637 -0.087467731115344
-0.106231737751433 -0.0167805448845687 -0.0612195872223565 -0.0784525213399831
-0.0279447057082307 -0.102800243312612 -0.0846377681365304 -0.221687464409078
0.0431051084410832 -0.0970203367514966 0.084035796857157 -0.477737249039711
0.0290367811084308 -0.200310450458137 -0.0679452092744514 -0.260017968511531
-0.0798817956856592 -0.14378455689854 -0.089910301993141 -0.0857908428089701
-0.143967396148905 -0.0220740596186905 -0.0346237305227009 0.00304380483307302
-0.0645202058971324 0.109205384832577 0.0499442807612077 -0.0175748744400061
0.0397077357639018 0.134143860649545 0.014563611726163 -0.122041199556844
0.110151856244539 0.0798293331851215 -0.113929856979398 -0.146059208890281
0.127987222367454 0.00987548871858972 -0.198158018651325 -0.096415180020526
0.140424557587774 -0.0115276053965212 -0.216065603791315 -0.0624944563951356
0.147050621954153 0.01425935109451 -0.212718317572453 -0.0751493374633671
0.160060635426145 0.111072567833901 -0.162601827212799 -0.121122375859823
0.0620877556339356 0.199158151299874 -0.0615233240788408 -0.141674111634483
-0.117629325485945 0.181787022540146 0.0186906616410667 -0.0561965293502093
-0.265722103769818 -0.0152989474494418 -0.0819699189263842 -0.0656757626011305
-0.147246472289756 -0.241598727353897 -0.0943712114468875 -0.207561353126051
0.0251243286623835 -0.290188874075888 0.0712853105076276 -0.422264197289637
0.0331979198811647 -0.32351847236269 -0.0819142838168982 -0.165363412297545
-0.133942263794135 -0.233007813567973 -0.0618215970073824 -0.0644213876514615
-0.230555300474671 -0.0470926995479117 -0.0380746754665723 0.00433278914035942
-0.12667607924177 0.161190287157757 0.0328526303796431 -0.00737354856581445
0.0362871260744117 0.220388331626167 0.0241942855242715 -0.0800298863763478
0.160288640554843 0.152902872607308 -0.0621753578026644 -0.117462378626868
0.201057772207776 0.0480318674712686 -0.134074780614646 -0.0884096366495911
0.215956995741293 0.0103884009234559 -0.145607415540603 -0.0586708217996556
0.221232652271871 0.0419564418475705 -0.134070858001001 -0.0584058786092468
0.232045630800987 0.173176433656988 -0.100456309010837 -0.0765833730980886
0.0905607280118481 0.300255328767024 -0.0476963886059083 -0.0774561574677042
-0.161185948748529 0.279340358262072 0.00352009684122213 -0.0150141785716684
-0.390587208738958 0.0136977660603286 -0.0894818739333145 -0.0385118352700686
-0.260798560418868 -0.331240845588668 -0.0882681959293509 -0.164171604931818
-0.00763194670222207 -0.433388085560144 0.0592143621829186 -0.310241122969622
0.0319641937374692 -0.412190139852558 -0.0994556207470001 -0.0264286655720449
-0.188821787133513 -0.306403020939047 -0.0204293237486147 -0.0111970349343494
-0.315673932514982 -0.0650426144328745 -0.0274955515244648 0.0108748263908691
-0.184550710773111 0.211212118304561 0.00977008087470725 0.00516844145826807
0.0316773121452575 0.290350140743185 0.0284978004678754 -0.017203387830156
0.194739072265066 0.209785533428787 0.00232546528574535 -0.0624558388092425
0.249398149352147 0.0788067454050593 -0.044403891305749 -0.0637465892353903
0.258494055648095 0.0296149347521705 -0.0522095706700364 -0.0458760898493657
0.259606759831591 0.061548949091675 -0.0360074582029854 -0.0366030405932211
0.2694949128639 0.205392310977314 -0.0188518609821483 -0.0266257768691781
0.112417763298733 0.351510538590849 -0.0166983828806528 -0.00366698825341286
-0.168622625220252 0.334036567255893 -0.00437793086191791 0.0320410313949504
-0.444231621902605 0.0502915790106077 -0.0781155534210417 -0.00411587773000451
-0.331119711189063 -0.355535790098421 -0.0603589989714873 -0.0995014588339674
-0.0411715835500227 -0.499357252362926 0.0533702467784611 -0.160533095041378
0.0239037973005089 -0.444523165927347 -0.113381071593718 0.142320328005273
-0.224368993418967 -0.33790601006459 0.0326696110025207 0.0704327469725313
-0.360304853217533 -0.0689510657352282 -0.00491292920887496 0.0238783236797739
-0.215093775093065 0.234339980712624 -0.0165463083148701 0.0254721156260233
0.0232572151932718 0.31566378141246 0.0305363908603742 0.0636407320274115
0.199823195828786 0.232839149957081 0.0752039530256413 0.0122527288082724
0.258744187279058 0.0961504457139206 0.0571502027553796 -0.0255903581668202
0.261090382809204 0.0458042361336921 0.0498276447283256 -0.0260756957202554
0.256930989853829 0.0733205069518791 0.0648520819238466 -0.0128000324588183
0.258888889028951 0.204123455751413 0.0649788883793124 0.0187561662655108
0.107109675858581 0.339772746774556 0.022806209753157 0.0639615063379264
-0.14955193937289 0.314684142573713 -0.00733053771985721 0.0736856165589508
-0.405666594299488 0.0607008173444427 -0.0528831047846752 0.0254752471794384
-0.326896397300581 -0.320532651294359 -0.0174139613281595 -0.0339457720572387
-0.0609900865341642 -0.474850221142899 0.055581832674422 -0.00214031683499337
0.00687024217741228 -0.399882527712814 -0.118777250327 0.311229625639608
-0.215342166617181 -0.303243624951357 0.0841401468749625 0.159981087685406
-0.325845839122843 -0.0570705126298688 0.0193225641001972 0.0392904934809264
-0.195703348107913 0.206039325167753 -0.0421637191212363 0.0496347552316716
0.011586562779939 0.277396857730586 0.0300591426550637 0.14358991740453
0.168734166690105 0.211744010655655 0.142795350584253 0.091623314677478
0.225618733886383 0.0952500268209123 0.15572084881569 0.0187082686432452
0.222782469337932 0.0538624468916828 0.144072792656287 -0.00269377404854987
0.213231434584989 0.0763173004857454 0.150933522218239 0.0118734614263538
0.200346115164272 0.175719507704395 0.129790336572731 0.0556644657528785
0.070254837252626 0.27083024519366 0.0532980715955097 0.110971762736287
-0.121574205307414 0.227530192964511 -0.0132883417944599 0.0956075900919857
-0.292241896865216 0.0379373658198809 -0.0252754106705177 0.0385050462955573
-0.247969065658225 -0.241208594231493 0.0223536836682938 0.016354592813023
-0.0592553238699113 -0.372499300693115 0.0591517925868998 0.13118570632193
-0.0137746699358488 -0.281703109152771 -0.113017347531819 0.444687153250451
-0.160872421589775 -0.202464089784604 0.120408628299514 0.23361118712268
-0.215645023533302 -0.0306306843489101 0.0405382951608718 0.0521359416724696
-0.129302686068696 0.130651281795576 -0.0582569691786633 0.0654855986951033
-0.00167828827011542 0.180345952620719 0.0250802834036216 0.19878788536298
0.105770384380054 0.149490650690455 0.188886665738075 0.154213534711034
0.153239449279569 0.0789406402402418 0.232339086925267 0.0580844773694735
0.150329736550607 0.0555684633760991 0.215431233293324 0.0200967021122057
0.141280523100574 0.0703202957060819 0.208493158515842 0.0357693100558148
0.115393354342626 0.127621621117667 0.163221565990787 0.0842536653700535
0.0184141299906794 0.170869347488566 0.0624071493717601 0.135050980908739
-0.0875394359315476 0.113088650792942 -0.0261046860460932 0.0937965694255107
-0.152972322826922 0.00209453340085714 -0.00536167876746161 0.0359865431839711
-0.138773769118304 -0.14083435472574 0.0451996556853421 0.0449038590783604
-0.0471845173091267 -0.224410816094733 0.0579882794478565 0.219257004440004
-0.031553060350083 -0.111529854379286 -0.093184122053924 0.515756860082813
-0.0776155534079652 -0.0634470130240373 0.140470218890601 0.272248528130209
-0.067252889154967 0.0039774669588593 0.0607807850640928 0.0554311455037489
-0.0402777633262667 0.033330950648644 -0.0586748085094819 0.0652529035336978
-0.0125836680057046 0.0554699106848557 0.0173898227879174 0.215726076053748
0.0248820557265069 0.0643589021003518 0.204991245609112 0.18944928508493
0.0550367016952326 0.0516878186709359 0.272591533407459 0.0863422191895656
0.0566653028916177 0.0493670518556548 0.253390877220136 0.0403275414347161
0.0543616901193259 0.0537768331161393 0.233039924682572 0.058282662049547
0.0262691463133972 0.0642187179487598 0.16720912663169 0.105583896859219
-0.02443632473388 0.0645114940905152 0.0532144771396936 0.139392807813414
-0.0465453735814775 0.012349525657041 -0.0409736850486873 0.0749006722553633
-0.025271706119746 -0.0175714004334083 0.00802906841637667 0.0249192349204633
-0.0401166629489533 -0.0345467161630136 0.0529210003476442 0.0590238328601739
-0.0348405547367022 -0.0638233824496071 0.0514724680287298 0.259415944280731
0.0205993085169757 -0.060565834482023 -0.0827971407245391 -0.298201995302597
-0.0299814938862466 -0.0510993312482758 -0.112302712304854 -0.0782337822060394
-0.0608008711161288 0.00483643090530232 -0.0212166694957513 0.0014176066675726
-0.00556668136463988 0.0541843126981837 0.0553015244789563 -0.036785802486221
0.0380498321618564 0.041066377221849 -0.0157297135006649 -0.142070009784026
0.0473023013283944 0.00159921202322133 -0.158252013466398 -0.133312541777836
0.0357793799360467 -0.0268273882217319 -0.232735584370201 -0.0712317323220757
0.0397620683386012 -0.0337921587620407 -0.25087962209639 -0.0392409164505564
0.0463592992257931 -0.0209321735486151 -0.256414843565954 -0.062813702317059
0.070287031536025 0.0222919833981621 -0.202329251772514 -0.133937952604513
0.0423676542829575 0.0645312661465678 -0.0721631228265734 -0.177176009787831
-0.036891997822881 0.0734592992950054 0.0289429770354777 -0.0883372913533192
-0.104065134170592 -0.007644810428933 -0.0646468916378804 -0.0718235337167115
-0.0339066259759286 -0.097415799246743 -0.0950740276597279 -0.211426399824084
0.0344580598958791 -0.0963531550191026 0.04978300549001 -0.469318847617107
0.0134895320122208 -0.194248769720525 -0.0852255217135985 -0.250033990430174
-0.0869348046962545 -0.132998202990827 -0.0935065837651528 -0.0794665244513715
-0.140596446557976 -0.0112339586210962 -0.0330076412749408 0.00589875025714055
-0.0553931226147852 0.109242233795271 0.0482955095814026 -0.0207050748204248
0.0482175591282696 0.127250146024166 0.00605542437556496 -0.120099771145058
0.112384889631215 0.0693063869400245 -0.121406593371416 -0.133842548621414
0.124125393853924 0.000246302995230919 -0.198343854955122 -0.0807170711715654
0.134920214822076 -0.0205090352713763 -0.2142699523028 -0.0463478604642163
0.144521976462159 0.00483202809718699 -0.211545389437502 -0.0596504432656566
0.163763943169933 0.0964058289592146 -0.165194786525591 -0.106669752540901
0.0747108551742995 0.188787864705039 -0.069183697189515 -0.132028565659919
-0.1028578465116 0.184075762658693 0.0141520753974191 -0.057330493063824
-0.259087594472519 0.00432089400630573 -0.0844831651164561 -0.0590654938639578
-0.159676028515018 -0.22409543472575 -0.102911399940553 -0.197929150087574
0.00365837206269358 -0.282913907342923 0.0399432903849962 -0.416725401127989
0.00841490594474416 -0.314754862266823 -0.0919076791128054 -0.158061460725607
-0.144855114141671 -0.215442305563395 -0.0653067155285439 -0.0619226436241968
-0.226130585467668 -0.0301238222290933 -0.0358932705054603 0.00750897517542288
-0.112102107229164 0.164244848620661 0.0319270042460408 -0.00911283155837612
0.0514679275013359 0.211374571615454 0.0194669506368068 -0.0798211427807781
0.166679583645867 0.136669875394649 -0.0688329955942824 -0.110078146461766
0.197886448227042 0.0319304654548262 -0.134955587347725 -0.0762610893419334
0.209791358135799 -0.00427151785810269 -0.145439634621518 -0.0478228290783396
0.219039816733778 0.0256192764652357 -0.133859216282444 -0.0483544352091801
0.238901078692902 0.151879266682143 -0.101732714951212 -0.0672834310861283
0.110506654596168 0.284777913333429 -0.0504720984840816 -0.0697815170293477
-0.137545350520238 0.281888138942275 0.00214862408802495 -0.0166461436829885
-0.377065529981228 0.040045536773716 -0.0900181672384455 -0.0332616708043271
-0.276726672233148 -0.302972943845574 -0.0953077136829971 -0.155590950316208
-0.0375574484320239 -0.421029823538855 0.0355443067044345 -0.306715408419908
0.00218304964717833 -0.401365996930081 -0.0984655881551894 -0.0220893175710451
-0.204626211559082 -0.283972466831374 -0.0208601574550754 -0.0126831792011772
-0.309798363999831 -0.041203413528153 -0.0243570367852477 0.0125353661740469
-0.16444295868722 0.216268998177751 0.0103159898788924 0.00412297679289711
0.0524902795203685 0.278831039635569 0.0285055866802359 -0.01978298456879
0.204272551475768 0.189667691844119 -0.00175545514407926 -0.0623200956157021
0.247169170819606 0.0581101781740201 -0.0480065405943413 -0.0582803749482427
0.252857632656621 0.0119144886210265 -0.0539873104367651 -0.0415880972545204
0.257363213382173 0.0426197097003008 -0.0368504194290077 -0.0340424573990744
0.277740666662 0.179644353645344 -0.0192031474860592 -0.0251452315271791
0.135921447690365 0.33354804351113 -0.0148153811256072 0.000438903926355767
-0.14139468855278 0.335531113614691 -0.00178562629460247 0.0300512947177549
-0.427003345152868 0.0788009671982702 -0.0770331168040126 -0.00151727990467155
-0.346356782536824 -0.321593513259364 -0.0648519999441935 -0.0955866275122918
-0.073486409501961 -0.483169920123178 0.0397469868070344 -0.161280082262247
-0.00859627287528061 -0.431831068779211 -0.100097326550895 0.142890193712284
-0.240000898082906 -0.313763747486602 0.0358651143040602 0.0630043494983147
-0.352774231026552 -0.0429699576314817 -0.00161513718869665 0.0235529464845966
-0.192484731966228 0.241310019076719 -0.0146310264699896 0.0259608486368223
0.0455561312018777 0.305326705720833 0.0363389502588888 0.0587266804950271
0.212150989938267 0.212369627649203 0.074826718919766 0.00497367642628785
0.257805520499145 0.0746254685862471 0.0542895518852017 -0.0278572893968616
0.256291373070752 0.0267367520053357 0.0465739371689696 -0.0288789340785621
0.254829697728944 0.0535271030509135 0.0628136001763845 -0.0177754595042384
0.266253846556494 0.180163824475282 0.0657370284397764 0.0126730545407878
0.130156901569257 0.32198690031302 0.0289707306654969 0.0623694521805595
-0.124815352278983 0.315539051908394 -0.00160321458099749 0.0710077876884004
-0.38848266260249 0.0867210841172608 -0.0504979272885196 0.0252552737311509
-0.338968879030007 -0.286059457049646 -0.0185750108898637 -0.0345215352144636
-0.0909423011790927 -0.457709406790741 0.0524597803906322 -0.00739882537506925
-0.0210138968961154 -0.388277211640838 -0.0935515618672871 0.308099097254604
-0.229248756917036 -0.280480737804793 0.0922325505030552 0.147092839741833
-0.320012026531941 -0.0339562593724618 0.023475747306841 0.0369118820590673
-0.176378159514244 0.213213706221429 -0.0375539128516824 0.0518616190040442
0.031055090278835 0.268446423797782 0.0412763595457767 0.136295717490976
0.180578446930768 0.19357827112469 0.146263194866158 0.0767634077899807
0.226219060619469 0.0764685966713138 0.153238956206219 0.00757154720095991
0.219691159541335 0.0378007679052094 0.140007201152114 -0.0127790358378916
0.212574957276714 0.059420595462114 0.147435837574851 -0.000170268031059326
0.208014485363336 0.156121162541771 0.130384691783564 0.0445976142061294
0.0890990616064968 0.25816896532948 0.0611796988757741 0.106500063726966
-0.10277174947188 0.229243901569774 -0.00619052257177203 0.0935404544869484
-0.280647955978505 0.0563651658563658 -0.0228783590409009 0.0361507846949107
-0.257959779291684 -0.214869285086809 0.0223859876996507 0.0120354726054257
-0.0828020615030413 -0.357800332742772 0.0655021396545442 0.122352164219127
-0.0322542014138511 -0.272681589784367 -0.0782741840492997 0.438529538542126
-0.169678444110167 -0.186942373907008 0.132790104622527 0.217788300367413
-0.210853760641578 -0.0162291234548941 0.0448556992745995 0.0478023655140467
-0.117431040271076 0.135378964712495 -0.0518909256991478 0.0683565250684573
0.0112609248805055 0.176100925561286 0.0404131963451402 0.190315445975688
0.114741646202134 0.137864526674583 0.195740674792258 0.135274170871245
0.155309332147009 0.0659944280886082 0.229923057076231 0.0410444866642583
0.149965897244213 0.0436142713069511 0.209999891680019 0.00521542440253836
0.142273553222714 0.0584540409697122 0.205052873839211 0.0204378840190758
0.121166290317067 0.115677419487324 0.164320141097329 0.0699206103454126
0.0311220744799752 0.1648048831211 0.0704706664165333 0.128353392372306
-0.0774094067583367 0.115732509826649 -0.0188501926592485 0.0925392901675042
-0.147903985049845 0.0118234703604361 -0.00338851879183265 0.0324508917941903
-0.144651879424229 -0.126039722976341 0.0454289849303796 0.039368922506424
-0.0595633402310839 -0.215211541315567 0.0711629669301228 0.208827059084444
-0.0377667714950373 -0.107173054354098 -0.0559435345986272 0.507363787211622
-0.0793847372757788 -0.0576431866320141 0.154829333148875 0.256785949202899
-0.0648879632691248 0.00703608265787799 0.0637511759827761 0.0493312858891387
-0.0378745785604817 0.0351515470441668 -0.0526984429762661 0.0679692361710069
-0.00881939396105006 0.0548474472733077 0.0336817412326416 0.207850536638085
0.0301340168023652 0.0614637152418485 0.214645150503816 0.168851422198952
0.058020990036186 0.0463421702170049 0.270772577581164 0.0653687281014319
0.0588418343477503 0.04421325226 0.248774850310118 0.0224264847896989
0.0561977212576802 0.048419770391439 0.229583308003754 0.0415434148007919
0.0299029938833313 0.061052899416625 0.168875551265821 0.0907822223562998
-0.0184360085355942 0.0655771370712636 0.0615617146398355 0.131916384638361
-0.045152038178262 0.0155871781813313 -0.0346694925176549 0.0756193995857584
-0.026079802979972 -0.0163319366059878 0.00875781583827667 0.0217946732758215
-0.041421101938742 -0.0305880981473592 0.0541586224752591 0.0538981323026002
-0.0363215448738723 -0.0606287732408831 0.0679468411700314 0.248918238197779
0.0176764627418683 -0.0566890396352598 -0.0885504323145586 -0.281695672177263
-0.0293180071609012 -0.046417375597586 -0.110468548010693 -0.0720677625642197
-0.0567591594640324 0.00656658912522688 -0.020200618544316 0.00257859670189953
-0.00382792891013777 0.051176147065732 0.0514957505563541 -0.0368507254843672
0.0378781648015038 0.0379740780192665 -0.0193756283077021 -0.133946201264049
0.0438796058334222 -5.85870081876382E-05 -0.155392859181755 -0.121385048287601
0.0324336955748394 -0.0268983772307559 -0.223629239541183 -0.0615633550190872
0.0366478660939264 -0.0330827009340988 -0.240315409250452 -0.0314591472072326
0.0438271470306623 -0.0207971656249055 -0.245400051313305 -0.0530825571970341
0.0678355268591083 0.018293172289881 -0.195844108530158 -0.121474957439426
0.0421228756920186 0.0592671881443714 -0.0737491422229015 -0.165746506437746
-0.0334832165881268 0.0702533697929567 0.024784998019872 -0.0855834820192197
-0.0985465649837945 -0.00379466526249342 -0.063669542653742 -0.0666499925513526
-0.0347570077669919 -0.0911823858115021 -0.0926008505401423 -0.19963628187981
0.0287404155347638 -0.0918590602955499 0.0350225998232088 -0.44724535063692
0.00660275675569441 -0.18309356354041 -0.0890434589836756 -0.237157599153193
-0.0850094860052606 -0.122115054418203 -0.0922858825669005 -0.0751445417285214
-0.132555761572716 -0.00645226140870685 -0.0307817048563479 0.00681638959079979
-0.0494329723647843 0.104149248387821 0.0452766258183332 -0.0217029348438964
0.0502812723345158 0.118912468279892 0.00224702136960336 -0.114351824347861
0.10812882898384 0.062318330302158 -0.119894565111311 -0.123849768006881
0.11656793685213 -0.00341064096046444 -0.191119429724932 -0.0711644398072728
0.126976152876612 -0.0227352078157126 -0.204764342073281 -0.0394597101403671
0.137253992960286 0.000898393755664884 -0.2023249525973 -0.0507565727994038
0.159333733431902 0.0863185833388563 -0.159376038700593 -0.0970767767242498
0.0776122443290293 0.176145758446503 -0.0687811370673411 -0.122317357978548
-0.0928727451531133 0.177229493833708 0.0114554335951625 -0.0564324742637957
-0.245354879753365 0.0121032329720492 -0.0824794082779307 -0.0546471285447512
-0.157629009541102 -0.207804944487368 -0.100595113202945 -0.187401870755912
-0.00548922328494609 -0.268416461974203 0.0249657616939907 -0.397128682656479
-0.00220856245209141 -0.296430662994874 -0.0929375002565042 -0.149623173403374
-0.143470821273335 -0.199389582030918 -0.0647950821295687 -0.0594212926940106
-0.214137019642384 -0.0222112156243577 -0.032894766792392 0.00900044988666445
-0.101362486554366 0.158056239876819 0.0299347321617241 -0.0104217749821081
0.0561864748886593 0.19844208102495 0.0164477780771603 -0.0775147976110564
0.162957181397357 0.124737111682581 -0.0691844946536397 -0.103471158955464
0.18842195476868 0.0239767236193942 -0.130309482090094 -0.0689995280259764
0.198246404258523 -0.00970405345003124 -0.139283167114181 -0.0418482508545025
0.209298710054995 0.0190261004397557 -0.128326779025927 -0.0430285722910959
0.232197131003571 0.135816269761476 -0.0981673716276989 -0.061510341336654
0.113916865904283 0.266385253353213 -0.0484952507667728 -0.0623596352713247
-0.123948880864339 0.271161280657539 0.0015417919122789 -0.0175306912653041
-0.356872016910622 0.0483723906618092 -0.0869579387925538 -0.0309061314242292
-0.271417351774657 -0.277908950357494 -0.0933658642065827 -0.148660032059927
-0.0478547283425105 -0.398585989348977 0.0233525581451664 -0.293395728784933
-0.0113015135330131 -0.37873886006364 -0.0945129736745125 -0.0213375189687573
-0.201623490216172 -0.262822031568051 -0.0217089914081206 -0.0150595175363422
-0.294605155896769 -0.0306275404656875 -0.0213894893083512 0.0130392090344064
-0.150691311536564 0.209535924627995 0.00987269144196251 0.00363703372226248
0.0588956514129661 0.26360638103427 0.0277938831399431 -0.0204664618087436
0.201745773289903 0.173189185691323 -0.00356487580212339 -0.0603980982034722
0.235439619627567 0.0475249971582938 -0.046351234580807 -0.0532744897447672
0.239822744589805 0.00409778214124904 -0.052575420944185 -0.0384753023261793
0.245911505250701 0.0331556372994145 -0.0357024219426001 -0.0326003615415891
0.270275094368577 0.162011727310258 -0.0181525152064802 -0.0242735552232251
0.14102909947086 0.31159993353386 -0.0118068623850381 0.00310150324020931
-0.125643421690701 0.321979316536006 -0.00104349284828784 0.0278731503081453
-0.402013323981294 0.0867228239077665 -0.0739690782749514 -0.00109732792323763
-0.338600070711098 -0.293526482010193 -0.0631497114701212 -0.091480015173944
-0.0841444901068622 -0.45589935952163 0.0309525639215011 -0.155083001407729
-0.0227300484564216 -0.406892892577195 -0.0903473743097398 0.135245692155917
-0.237007984383975 -0.291080713218631 0.0349339416526208 0.0558206565301476
-0.33514561639785 -0.0316673616828908 0.000717542828785167 0.0225757314033519
-0.176045458487603 0.234168983046712 -0.0125863286721729 0.0249199982780634
0.0540129428436294 0.288444949697652 0.0381409676926267 0.0533667399987641
0.209374939326189 0.194211461369239 0.071808722741152 0.00033598538435141
0.247302198034075 0.0618174622071957 0.0514467531122618 -0.027859055867397
0.243234688038327 0.0176931532621912 0.0432047038913117 -0.0291859789277439
0.243681881588272 0.0437538220427373 0.059608804012382 -0.0204535118813122
0.25919074936885 0.162438597938561 0.0630090390830798 0.00915793714388955
0.135561410585678 0.300164796032112 0.0318697990679005 0.0605697146199615
-0.109460210438427 0.303021420583556 0.000470822792002121 0.0666709237449073
-0.364977803938378 0.0929673522529277 -0.0481233464460917 0.0225325431254863
-0.330040564738329 -0.260405681903625 -0.0193509805086127 -0.034761432143982
-0.0997981589890022 -0.432220082073556 0.0480600897211171 -0.00947136679597792
-0.0327539321337225 -0.366402485439532 -0.0790606700741414 0.292700255955205
-0.226063105985092 -0.260319159423686 0.0906678269686001 0.134940158131939
-0.30391224996186 -0.0247493816387024 0.0251299288177675 0.03419025215061
-0.162211458893566 0.207411586885095 -0.0343935087602471 0.0500786711916788
0.0383930094960208 0.254904956586841 0.0451971643931895 0.127093526033603
0.17855702647891 0.178154129990814 0.141988926122375 0.0660873869826657
0.217436376474347 0.065674844317984 0.146009438581185 0.00305662279449579
0.209329483809824 0.0297829431823135 0.13221810523922 -0.0166780925032055
0.203762966495892 0.0505783858378459 0.140813425965815 -0.00534930137985611
0.202540119695493 0.141852493206812 0.125442955680896 0.0371926642623134
0.0950820917405648 0.241559593593111 0.0631241697323371 0.100476576034261
-0.0916091318497278 0.219486964087568 -0.00284527992231079 0.0881079661232934
-0.264069860601475 0.0604912939971769 -0.0224409933923429 0.031895544239286
-0.249866815389292 -0.195039272091318 0.0203510001999267 0.0091158007620031
-0.0878037017354706 -0.337633173572002 0.0649125569584562 0.113715476275415
-0.0384048370966803 -0.257183922076299 -0.0607436422784198 0.415791330730846
-0.16648769713528 -0.173687332956802 0.131649766959721 0.20207937951165
-0.20029956204855 -0.0112317533596126 0.0452244715539782 0.0435572615421112
-0.108334371671651 0.131849313491609 -0.0472664699436712 0.0668330092991141
0.0159917109118189 0.167304197185259 0.0454307417991339 0.179133016452725
0.114887768549964 0.127748001685925 0.190926230365543 0.120296576142696
0.149487031895589 0.0579427002528908 0.220282601279358 0.0321891401387815
0.143672126815388 0.0378052956587536 0.199758536853306 -0.000589610519811169
0.136903114672209 0.0517175493257509 0.195355278699739 0.0126350014876855
0.118928855902865 0.106204025994526 0.158017788061877 0.0610965341229885
0.0365461865636618 0.155918152345875 0.0721074145493035 0.120094514146453
-0.0710139476313043 0.111998854584616 -0.0149609617883722 0.0886820106356975
-0.139848125617124 0.0138405339815183 -0.00380272592349976 0.0278908473860764
-0.139965285660467 -0.1145230127741 0.0432271034808031 0.0347994281771236
-0.0612331101441675 -0.203350717655998 0.0726571833984362 0.195564982699532
-0.0381956893251724 -0.100539323682769 -0.037809182200408 0.483125416259975
-0.0771581229321882 -0.0540836629294869 0.15277459868445 0.240739048917915
-0.0609931438290018 0.00736666568450993 0.0627174970125515 0.0451860227885066
-0.0355081584591167 0.0347060763088028 -0.0480189345772042 0.066938972827486
-0.0068107842725883 0.0529795501232783 0.0391532715730903 0.195816655505786
0.0317554843167837 0.0573045862566881 0.209823727181608 0.151964218905925
0.0575207445998383 0.0424960626441596 0.259771463316456 0.0548171971630757
0.0575786115038858 0.0402436166100327 0.238091173327726 0.0152438722024309
0.0544353313491685 0.0438884686687492 0.219325678063634 0.0325233884515511
0.0298327527460148 0.0570564446535559 0.162590826656218 0.0816117777398404
-0.0145582529419682 0.0631864079570112 0.0625505789690555 0.123787290994717
-0.0426848387982949 0.0165520310583367 -0.0308462055656009 0.0728327171867973
-0.0255776095073273 -0.01581807561678 0.00848856446904262 0.0176653394305899
-0.0396140888918879 -0.0275935941311607 0.0516815283169837 0.0488142663211391
-0.0346096358096138 -0.0572521243176554 0.0717301708116381 0.233820182980719
0.0177104747790512 -0.0537316267073502 -0.0844621094015768 -0.273565079331031
-0.0264601318409952 -0.0442890075043703 -0.107072056623535 -0.0716639588449348
-0.0549837331089903 0.00620282847310644 -0.0190363572173266 0.00313690306182829
-0.00390461463870639 0.0488010730102599 0.0504056666352437 -0.0355592084523333
0.0363707489678554 0.0366019442636091 -0.0181407938820574 -0.129294023879989
0.0414486201776706 0.000614731291022071 -0.149832804865879 -0.117303421641866
0.0309382462478269 -0.0252779297784502 -0.216179167074333 -0.0624687111088867
0.0348709094321587 -0.0313770141696626 -0.232172740283874 -0.0337903698608466
0.0431513823626759 -0.0193383317690836 -0.236909809971953 -0.0538089617666801
0.0655185939712083 0.0180631053205829 -0.187439528075624 -0.119115701386418
0.0400748246623255 0.0567559022436584 -0.0697837867431306 -0.160387836821408
-0.0334786227959331 0.0671203619248317 0.0241555235292038 -0.083374341895807
-0.0939855054431725 -0.00425013199055994 -0.060967543044619 -0.0646217744669244
-0.0322417811306647 -0.0886722107526413 -0.0849167231623428 -0.195361195020265
0.0281743231542652 -0.0873048850785079 0.0387553872436878 -0.432407781587273
0.00755945567685946 -0.174635062003653 -0.0849123622248524 -0.230777583930807
-0.0796240989610024 -0.117483077700221 -0.0903799089041191 -0.0753632563925593
-0.126606843090905 -0.00774155438179075 -0.0290770459174155 0.00703394888677436
-0.0488744758724001 0.0993892392398128 0.043696884561607 -0.0204993773314231
0.0484961966804694 0.115325222582316 0.00331539445562466 -0.110398387584779
0.104157028593219 0.06127445230092 -0.11591600816475 -0.120364259514069
0.11159805695212 -0.00161511910164763 -0.183607034723788 -0.0709544274284915
0.122104250242376 -0.0205935177156819 -0.198518886665593 -0.0410629308224344
0.133124523990045 0.00274801142533924 -0.194947895595505 -0.0515738097807667
0.153811831947311 0.0847941616911117 -0.152761664764878 -0.0949395420092796
0.0732307185860826 0.170085640098783 -0.0643964968482789 -0.117379646270069
-0.0923555766516152 0.16958553468657 0.0106616335993552 -0.0550629491861815
-0.236064704606411 0.00905045590758114 -0.0796491786429834 -0.0544176098227052
-0.149478236031266 -0.202223806995819 -0.0937513511774945 -0.184596353265206
-0.00222528291917873 -0.259623890215843 0.028655629007974 -0.383442853243404
0.000629384111927051 -0.282726777239728 -0.0891877876805498 -0.148277610754495
-0.135500807109241 -0.19227780808367 -0.0639079344977612 -0.0602850190034354
-0.205420652974903 -0.0237893228506887 -0.0308499631003843 0.0084220620339314
-0.100171966734222 0.15093052792012 0.0290827972511863 -0.00959002593074701
0.0539387722732822 0.191867121040343 0.017413724913817 -0.0744892894899455
0.157057657207234 0.121571857150281 -0.0661273596501612 -0.101494323016446
0.180956003600754 0.0248517451643759 -0.125043605266415 -0.068309099677694
0.191411553514928 -0.00722515127487221 -0.134885619546361 -0.0431185901256074
0.20221159372944 0.0205009705222972 -0.123161903234019 -0.0442919334319942
0.224594902220982 0.133518971102318 -0.0932902377751716 -0.0610327866596646
0.108633780380345 0.257269521646369 -0.0442101972449988 -0.0590790357331879
-0.122741296013649 0.260788963923551 0.00108648519685991 -0.0180214840241351
-0.344770073694466 0.0429158219088885 -0.0844532133045662 -0.0325925558847041
-0.257399879693656 -0.270905674291866 -0.0875263806032045 -0.146630473946307
-0.0421658952856237 -0.386386365803796 0.0238607125733785 -0.283865978718164
-0.00885995147384411 -0.363396395918469 -0.0915448145758961 -0.0240537609116254
-0.191553828807846 -0.254521361735479 -0.0224510772067781 -0.0179940572255187
-0.282148240083732 -0.0336752101238613 -0.0199678475190817 0.0122165036687043
-0.147044311421988 0.199968360301836 0.00912735860761334 0.00345360626226059
0.0564974998446233 0.25449644252119 0.027753198984143 -0.020405752228691
0.194410332386862 0.16833895390901 -0.00324640336075912 -0.0601079733280855
0.226715010136353 0.0474486929378507 -0.0442127604989146 -0.0518298862465798
0.231065936661519 0.00686692716922757 -0.0509615005308326 -0.0382100400445099
0.237571307839255 0.0347806695240573 -0.0337911463262638 -0.0331426655758164
0.260896740239638 0.158175215681055 -0.0165912699263275 -0.0244066316248737
0.135125072301854 0.30137202742507 -0.00883523428004204 0.00474675137272872
-0.125127583477426 0.309653939840052 -0.00127887006650922 0.0255205658427726
-0.388439612719378 0.0804567960832137 -0.0728568684590696 -0.00473633728619941
-0.322314766408205 -0.286283293608287 -0.0604880906859912 -0.0912849973944002
-0.0774182469019902 -0.442985343688231 0.0295220377063386 -0.14935306225651
-0.0188738778100394 -0.391020006739829 -0.0883765909528709 0.126866761288205
-0.225851226789371 -0.281635693751857 0.0313980606252478 0.0514943877730388
-0.322742245270488 -0.035165851230335 0.00166806088326876 0.0213403584965688
-0.173062339906873 0.224119252010699 -0.0132785163904244 0.02435533966871
0.0503477047647489 0.279144460345062 0.0375894115110628 0.0502650453369297
0.202477008315355 0.188454244557925 0.0693369000365205 -0.00163739663027515
0.238169021037417 0.0623529002987392 0.0499052367489197 -0.0264704015203658
0.234374681513765 0.0202206684885942 0.0421451887154833 -0.0280373180854345
0.234690728462214 0.0444924119061223 0.0581878593244449 -0.020247964055479
0.249634326517817 0.158851180478285 0.0614605513465623 0.00868019614485916
0.129773780765422 0.290209767256983 0.0327108052177426 0.0608362763758066
-0.109579959174166 0.291255860658027 -0.000232016927763754 0.0635664719345258
-0.352622929908379 0.0856762038628802 -0.0480689031190101 0.0181134258924666
-0.315258233805982 -0.252338736676424 -0.0193851185968293 -0.0356133514030798
-0.0904465162303034 -0.418465038931972 0.0441344157238536 -0.00895757690145664
-0.0276856469553499 -0.352443174571123 -0.0788802550092082 0.278577084927824
-0.215488355905751 -0.25417198306902 0.0848821669678881 0.129519457306875
-0.293246683944952 -0.0283883145368988 0.0248340110755381 0.0329250422584969
-0.159786107071556 0.198566359960621 -0.0334882266515476 0.0481586241946534
0.0357402168187066 0.246607275710718 0.0432773073040877 0.121869307270799
0.173007308785849 0.172383815529062 0.137461636189612 0.06212869073846
0.209226150400921 0.0652760553991818 0.141353392368524 0.00416164906570545
0.20158605469333 0.0313091758611852 0.127626446470504 -0.0138004475846328
0.196106622385597 0.0512245498342834 0.13592567254339 -0.00516141541042121
0.195106577536767 0.138774623963053 0.121068674800856 0.0358959407538736
0.0913125071594428 0.232687996146972 0.0623786998166832 0.0987414995724405
-0.0908464034935545 0.211066595136336 -0.00375229563781277 0.0849353952923539
-0.254365712433232 0.054733933434274 -0.0231093842902216 0.0281810180091574
-0.238187945688334 -0.189194784314386 0.0179214116997652 0.00718314891549468
-0.0800940844825504 -0.328050761160317 0.059464620487649 0.109306446827118
-0.0336610957524218 -0.248062629991328 -0.0633574078227555 0.399266466965538
-0.158842562834815 -0.170908349332589 0.124166863842712 0.196000860474529
-0.193560976401935 -0.0144805881021602 0.0441892474657404 0.0424438382243392
-0.107394608788482 0.126407185541173 -0.0464787470491155 0.064164468028099
0.0143586428080765 0.162439577294398 0.0434165179555992 0.171872229088809
0.111333903680155 0.123745888955677 0.184718485868827 0.115246027419302
0.144484117335371 0.0569821905977595 0.213075753671784 0.0332127779074209
0.138531431963082 0.0383961803332763 0.193914557709743 0.0021368509970165
0.131314627988371 0.0514770907017314 0.189174070797461 0.0141063668722286
0.114191520054943 0.104264622350279 0.151128885710162 0.0600546815417731
0.0357897402340954 0.150539450045395 0.0694604238062954 0.117203006183094
-0.0701742216037018 0.108043987618001 -0.015616509894236 0.0850618412696976
-0.135263615257743 0.0109180718109389 -0.00476801517554925 0.0244212826098489
-0.133216757836224 -0.11090233430148 0.0397089759775481 0.0335216684907393
-0.0557880885146404 -0.198250602236013 0.0677245213901714 0.188841197283795
-0.0353083704379482 -0.0978547551351391 -0.0414660736998444 0.463515847813555
-0.0746423043121589 -0.0545734338240949 0.145571317380682 0.234537575193015
-0.0593926549904465 0.0048267146808353 0.060554172769063 0.0448189304775553
-0.0351673991908773 0.0336391492177604 -0.0473367139662664 0.0648273960089509
-0.00720901747891584 0.0514957774216572 0.0370431862573784 0.189274715782392
0.0315395803088177 0.0557211584805137 0.202593415365865 0.147136338595229
0.0556424602576314 0.0415904439321844 0.251521480994909 0.0549036853815384
0.0554841641768186 0.0397639270559984 0.229882684849437 0.018068859480867
0.0518642669663796 0.0430267089473577 0.212558128718039 0.0334169768483931
0.0283972719446856 0.0560320701095485 0.156175355431092 0.0803541451936275
-0.0134486374547126 0.0612832078816075 0.0598814277005798 0.119779474602488
-0.0416219898728769 0.016434468902614 -0.0304820081931605 0.0707838188897576
-0.0255699004148832 -0.0160911305848781 0.00758026162533838 0.0151465744556717
-0.0373615588362762 -0.026874530808714 0.0481411457165258 0.0479005679643791
-0.0312043469351261 -0.056797527839175 0.0669244524250788 0.226618576881495
0.0252066393251895 -0.0481855521426239 -0.04223360534958 -0.281320036550957
-0.0170490876454893 -0.0472742568721588 -0.0948177874558132 -0.0878827606590026
-0.054593151014769 -0.00162646485267574 -0.0174442232627791 -0.00198638036786897
-0.0120570335390662 0.0465185996000938 0.0539317866902835 -0.0298149751505368
0.0299225027413356 0.0416260707506633 -0.000674818687017432 -0.130199426551886
0.0405405025326106 0.00897827989901725 -0.133750129117068 -0.138593349798029
0.0333588436602065 -0.018990547476721 -0.207413548455614 -0.0935817208491539
0.0385078039990416 -0.0243570302405309 -0.223888184864274 -0.0735020673359105
0.0431095889940601 -0.00977599037535678 -0.226393259093786 -0.0940130977545903
0.0595200395086908 0.0285156959829509 -0.164953676501852 -0.150363384847336
0.026863358353203 0.0609459600352577 -0.041054491739586 -0.171487038919897
-0.0459663130270288 0.0595854585336494 0.0392101456197865 -0.080737649985546
-0.0919707224567118 -0.0193507008100358 -0.0485090093189767 -0.0728846895740348
-0.0191922472677791 -0.091831255427986 -0.048288852664802 -0.20878407125431
0.0369554784871774 -0.0821370091724517 0.115014086022016 -0.424162880983177
0.0333199406307319 -0.16820932692455 -0.0415171117991602 -0.235935681049384
-0.0579327391185913 -0.127410182618442 -0.0727623091980235 -0.0897876365435336
-0.122595892980625 -0.0278215756613503 -0.0249728292781001 -0.00322887991798965
-0.0646438588681969 0.0879501254692559 0.0455664841647247 -0.019236202209441
0.027718470466685 0.120058683317045 0.0159569747891145 -0.111999268232073
0.0918059328011034 0.0784335261299975 -0.10243553160966 -0.136979721841039
0.110192290284274 0.0178192448075258 -0.175816620969301 -0.0988041340612092
0.123126585029261 0.00117873677409936 -0.189092603033575 -0.0748086842898736
0.128307136120888 0.0265675701541817 -0.1846923372951 -0.0859843515029587
0.135620358927821 0.10846988884386 -0.132808200993707 -0.12298424633162
0.0408338453779223 0.176506602070129 -0.0399702614867317 -0.12842786038717
-0.122671964625678 0.150488718477042 0.0235364883062143 -0.0561866154614067
-0.233402528688883 -0.0304091830836715 -0.0678711291905797 -0.0643262615752076
-0.112905420503867 -0.223088715865357 -0.0616168272611386 -0.19481868857848
0.038113401666306 -0.255938669815974 0.09412739956986 -0.376465027066694
0.0409768567365294 -0.276116642241282 -0.0499026716524745 -0.150938124233195
-0.100652571817093 -0.209427720691873 -0.0443801389295281 -0.0721998472814047
-0.196423886353252 -0.0564273537114927 -0.0228577211212903 -0.0058379064912132
-0.124351368329626 0.129094645947568 0.0301795529712203 -0.0136176423538376
0.0202833374403465 0.196026448376073 0.0232470205958097 -0.0791699642353388
0.134687295612042 0.14552151329566 -0.0601061914572369 -0.111633825318925
0.174049319612109 0.0557119983763146 -0.119218916426926 -0.0879920783426085
0.189078512291111 0.0262685203239303 -0.125559184242366 -0.064993697946027
0.192879084009424 0.0555695291643062 -0.113926461033801 -0.0676812843877112
0.196903686996078 0.167846364675827 -0.0787909383095316 -0.0808474319505119
0.062588155564397 0.268530882961897 -0.0281249081476137 -0.0679040399182733
-0.167909572537327 0.233379619037805 0.00827992478444015 -0.0207041126138379
-0.344584747316856 -0.0147768568609577 -0.0759852763650187 -0.0427304864825146
-0.206293248859559 -0.309405226781552 -0.0643311644367042 -0.153889409070765
0.0232743492576218 -0.388614736019321 0.0704058795247162 -0.275039607998395
0.0438986881780364 -0.354971050551551 -0.0642912370846029 -0.0265537471736193
-0.146720897611004 -0.279998988931584 -0.00564492622076308 -0.0235837412036665
-0.270166070861181 -0.0780951532389277 -0.00875177423106041 -0.00374847705194979
-0.179957937305229 0.169316760631066 0.00998945725775955 -0.0068996763707299
0.010673618322939 0.256774664858656 0.0251771003186884 -0.0274475518163523
0.164222758895116 0.197380324699595 -0.00584211160192534 -0.0626376417671871
0.216015498671106 0.0857348651168766 -0.0411947803768634 -0.0607035030831328
0.226057463888456 0.0463487231552646 -0.0431579211180093 -0.0461192899960877
0.226346935406187 0.0741191995742332 -0.0270540919937107 -0.0418701718195933
0.229420538480252 0.197351945328313 -0.00812067688308982 -0.0325148943738639
0.081290764089269 0.315048394044578 -0.00228508952929034 0.00108719032541298
-0.177866823221883 0.281794277696875 -0.00129948440061464 0.0211897370206752
-0.392371287966909 0.0133395567642886 -0.0682536402840259 -0.0132811163052523
-0.266859831165127 -0.335001075152785 -0.0483729375770015 -0.0920650082278642
0.000830533466245176 -0.450169417197655 0.0507737020896433 -0.139419767863522
0.0388205778527103 -0.385383618899579 -0.0803958303078341 0.123739306064343
-0.175877856793889 -0.313787265693141 0.0399926373421988 0.0526650554565591
-0.310686215512175 -0.087357076852846 0.0130362653191044 0.00642185521586724
-0.208520219083588 0.188519500370108 -0.0147230758189154 0.00907464197766927
0.000717065411821833 0.28039235334915 0.0241692321964638 0.0422125662705985
0.168842887422363 0.217506232702247 0.0569417293711294 0.00611344983130559
0.225502976214442 0.101600357712064 0.0490029753250974 -0.0217176605661248
0.228000204071038 0.0601596105098364 0.0462948643621293 -0.0200946369542813
0.221982012327851 0.0830222790077512 0.0620366947159622 -0.0137684352468882
0.21911696551779 0.19599523118325 0.0625729854467641 0.0129960597050566
0.0797420199189282 0.303227229959135 0.0296215643119073 0.0634258025097405
-0.157924024071141 0.266908164102982 -0.00701656921199368 0.0598028295904596
-0.35829647253917 0.0244551184595095 -0.0483650920380407 0.0124474256202742
-0.264696297354813 -0.30112827180742 -0.0174019862544339 -0.0291355769574442
-0.014172710672119 -0.428065919512077 0.0413628338036302 0.00353221746757197
0.0245056149233357 -0.350116121292628 -0.0944609089359813 0.273632003985634
-0.170326785215311 -0.285283979363914 0.0805997867668012 0.138669091279162
-0.282482771928414 -0.0770818615675236 0.0326187125966222 0.0226775904154353
-0.191659433869899 0.165587486928166 -0.0386752794022237 0.0313835491809376
-0.00893050035549537 0.246491579163848 0.0206789450638071 0.114932427742278
0.142440301977362 0.19706534806293 0.116816987794654 0.0792248838426787
0.197364250137032 0.0997562323124116 0.136657433032068 0.0217788750297105
0.194141310695035 0.0652824705707012 0.129132393692308 0.00879830989138175
0.184252623951473 0.08197365676767 0.13654540341146 0.0149115296771876
0.168820325845065 0.167280455931228 0.116273613118296 0.0514972891927147
0.0523974070783236 0.241360928148948 0.0507196528853348 0.107246084152756
-0.126127900067112 0.191784026595639 -0.014497088173832 0.0812625751494646
-0.257375943704795 0.0101092233205051 -0.0261777906600229 0.0244314131231143
-0.199184424414556 -0.225588201357857 0.0121788904081335 0.0174743831017327
-0.0188612197665695 -0.336868789381085 0.0369498831817942 0.123856681616745
0.00380336856739763 -0.249652582238861 -0.103873601953936 0.391525274003748
-0.129927594191489 -0.194885029744711 0.105247051221416 0.212396390224023
-0.188283097647901 -0.0472957074603287 0.0458118601185997 0.0399086973291267
-0.128124589397374 0.104652868666901 -0.0534885477510402 0.0491102033302493
-0.0157765505212081 0.161087304720676 0.0153285867196907 0.167868640730343
0.0897594756109999 0.138946274761516 0.158654861320403 0.139429392006845
0.134998100753129 0.0807671812597842 0.204988036897992 0.0620667356496209
0.131268707098715 0.061876027960661 0.191243436028469 0.0352319725796852
0.121246120677175 0.0710288449428709 0.186059478856761 0.0442335560205144
0.0956836865953983 0.120124954817619 0.142297091359855 0.0818502800593959
0.0118224269347266 0.152694877721856 0.0530686711339552 0.1271254690205
-0.0877036830949595 0.0940745303434881 -0.0276562994250716 0.0814227231722748
-0.133888789200311 -0.0125426828335848 -0.00899485845774353 0.0227955316748366
-0.109903462648846 -0.131100896490286 0.030346938113972 0.0442602117863907
-0.0163017010789011 -0.205602747889248 0.0323952275188126 0.203056232896802
-0.0196729013799101 -0.1033049992539 -0.101434072580668 0.454471493678502
-0.0663144646682308 -0.0663061071642773 0.11413968901682 0.255432282958052
-0.0593033452382446 -0.00609797893726414 0.056224367931017 0.0509423274005813
-0.0411083103164942 0.0262637849669304 -0.0552868077147374 0.0545031239787806
-0.0173377610183805 0.0493944760948739 0.00823131989578037 0.189169472650942
0.0225131375703654 0.0582763901874918 0.177573455602249 0.174889906779807
0.0501544199574528 0.0500074275418777 0.242002131339763 0.0902157376123361
0.049577697511934 0.0486438104376942 0.224503208252341 0.0574225251760893
0.0452299825867735 0.0495585235542955 0.205891557087609 0.0682224440240058
0.0196887948665024 0.059330497058895 0.142162298803474 0.104288903731123
-0.0209779220422235 0.0582197909714351 0.040221873528304 0.129200975127384
-0.0432551191814651 0.0100306965228797 -0.0411294941550273 0.0657154294267043
-0.0230581815684841 -0.0207396224788111 0.00391813526691888 0.0142105494130612
-0.0305908242521451 -0.0326211523611289 0.0378354936778092 0.0572344326941651
-0.0160523088207976 -0.0627907210507369 0.0272158535005148 0.239789350538315
0.026415697368813 -0.0485638784787203 -0.0432389853180783 -0.291011197028371
-0.0160337486243902 -0.048231856915944 -0.0996299145148482 -0.0914489734497748
-0.0558731636049543 -0.00125367284927147 -0.0185358013448398 -0.00188431880682704
-0.0124472385503971 0.0480610679008337 0.0556133340039893 -0.0310374737079522
0.0318155831544709 0.04266871420895 -0.000116730283595326 -0.133502281603556
0.0409654639862362 0.00954280467003348 -0.138290240650444 -0.141898672885264
0.0333578866714193 -0.0197992448932091 -0.215351061981489 -0.0981506686063551
0.0397612307859248 -0.0252598913112916 -0.232096453825354 -0.0788063197280975
0.0452978557768813 -0.00966865249605907 -0.233851591581978 -0.0980969588291677
0.0625307420449005 0.0288602616021594 -0.169899532690838 -0.156177233270493
0.0273026089372788 0.0626050531007767 -0.0422516032175163 -0.177683547136911
-0.0484671760157395 0.0614304491097414 0.0404856485856757 -0.0841130315108042
-0.0946339655026905 -0.0209490560475551 -0.0493328990989639 -0.0746796184819143
-0.0191751922489737 -0.0949078932978055 -0.0464193451760298 -0.217395732247734
0.038495374404346 -0.0834641347511943 0.12013927537979 -0.435776094213797
0.0351841164150554 -0.170899746389522 -0.0430668008324128 -0.244548992207227
-0.0578585248926032 -0.131263436961931 -0.0772102261788177 -0.0939009430733907
-0.125736778065171 -0.0292433654114101 -0.0252173935531338 -0.00310855208526524
-0.0673954788546806 0.0898514843970447 0.0473188785712854 -0.0194197916142906
0.0300355013315281 0.123458774891353 0.0170783459903384 -0.115677187982416
0.095244028914119 0.0811433381224462 -0.106726986811601 -0.14097685058032
0.112563234887477 0.0187310291544434 -0.182445581369532 -0.102749860158486
0.126849233833662 0.00196755285411414 -0.195959020772065 -0.0797228549914097
0.133165876133375 0.0284252831642424 -0.190639574105998 -0.0909675104252916
0.140703593339058 0.111951769881635 -0.137147821914544 -0.127962775708015
0.0411358423918415 0.18236066694984 -0.0403416160946816 -0.132339901850317
-0.127985310963751 0.154517328688085 0.0236054280050279 -0.0584172056908524
-0.240151461555911 -0.033559187397298 -0.0701640073146492 -0.0678846076719892
-0.114513088475424 -0.230983808381534 -0.0614887245311825 -0.204440855204949
0.0407264527818886 -0.2646818267181 0.0974369589034381 -0.387105303355642
0.0440127191626261 -0.281205323385116 -0.0516961715734477 -0.158367820106551
-0.101355276144705 -0.215998939613281 -0.0479428156025661 -0.0760549397261666
-0.201761314010447 -0.0596186869849736 -0.0226856483793127 -0.00540705437881102
-0.129292346597284 0.131925293426179 0.0306992090742345 -0.0135811737054611
0.0211858248456921 0.201312459894681 0.02422587178299 -0.0817697939176662
0.139565194575927 0.150645676560637 -0.0629537438547688 -0.115909692868552
0.179533037783934 0.0578507522097008 -0.123045117477815 -0.0911063843801237
0.19519377939951 0.0289103796421049 -0.130308032035861 -0.0697034386468277
0.199788946475905 0.0584264953363923 -0.117779210139682 -0.071425690235111
0.204421434246997 0.173601884767048 -0.081096920522773 -0.0846865341656572
0.0637522759231293 0.276115156651605 -0.0271801724856143 -0.0691402903384399
-0.17564677431209 0.241269780235585 0.00809481581492341 -0.0224417600719337
-0.355238758455955 -0.0188378037319826 -0.0797417263149801 -0.0460540013788185
-0.211058583299835 -0.320372044583379 -0.0649819535282687 -0.160983554675705
0.0260017225998042 -0.401351244192291 0.0710003577518098 -0.282562928263212
0.048507490912556 -0.362959538114151 -0.0673568241073019 -0.0313661817996657
-0.147782738532773 -0.28923536317027 -0.0089047227375841 -0.0266777834225385
-0.277789811458205 -0.0835139268098221 -0.00783770746929137 -0.00386422274791707
-0.18667311233026 0.173674366553982 0.00931279324899241 -0.00693392910528498
0.0118453873849031 0.264919003916716 0.0259304361369724 -0.0285581333144684
0.169972345084804 0.20357067513062 -0.00658372024734852 -0.0660909571364697
0.222869258049158 0.0891239992247177 -0.0424001288205446 -0.0625144218959344
0.233198232807547 0.0495587083021825 -0.0451172134147559 -0.0488554374910752
0.232937618067525 0.0790876149903527 -0.0277018864421685 -0.0453670027492162
0.237157270468193 0.204596334612235 -0.00806461676363844 -0.0350190652234534
0.08392314023771 0.324680913934707 0.000248293054195414 0.00252207622405045
-0.185851191495808 0.290347282529204 -0.00210244085367688 0.0213099763875282
-0.405572675899431 0.00955205571851219 -0.0727522977816316 -0.0165658454485367
-0.272666419541811 -0.347011105358119 -0.0503933191421625 -0.0965901749825851
0.00300802085104409 -0.46542135710096 0.0508734664914492 -0.143333197461318
0.0440726273039425 -0.393786454239603 -0.0850214555202251 0.123429660778938
-0.179349136115718 -0.324713879344546 0.0384366586151981 0.0525134896672862
-0.31996323123411 -0.0929245463599167 0.0147320513915381 0.00707927407752351
-0.217787704387463 0.193382222810572 -0.016133729162583 0.00982109161390689
0.00119174153286713 0.288629475871124 0.0244218627121398 0.0431648094022683
0.175854597954038 0.223973841671635 0.0577409017395436 0.00374345453636622
0.232433738063352 0.105517844799672 0.0502663628726342 -0.0221948773920554
0.235004088743418 0.0632572466872938 0.0481957444724177 -0.0212706666719853
0.228645112301632 0.0872755281945996 0.064436889557864 -0.0157571403823971
0.227042900100549 0.203193863592442 0.0651959378653404 0.0121585710474944
0.0825080150077452 0.313134003889384 0.0329500020179269 0.0670158110443101
-0.165337016881228 0.274571102585407 -0.0074755356987881 0.0611410856041793
-0.370295113351243 0.0214702081835123 -0.0523120874079114 0.0100375777262109
-0.269810889249301 -0.311297053258346 -0.0195728283060481 -0.0316277312667692
-0.0140968042800117 -0.442465093632655 0.0405682159478593 0.00469804496735248
0.0291810276828896 -0.358595382212084 -0.100326500455919 0.278147405783117
-0.174118931374275 -0.295801529879977 0.0801997211493536 0.141838362740957
-0.292231298562867 -0.0830894367170254 0.0352026768361528 0.023797147548769
-0.199975098360247 0.170547075237733 -0.040292217865815 0.0331933287254912
-0.00951848597349957 0.255607537810473 0.0209466225637003 0.117554242336723
0.148809078698198 0.20291138640651 0.119910784201699 0.0794104322525555
0.203945947868529 0.103521663755917 0.140840357831456 0.0227014171848322
0.200310864746982 0.0693747305555302 0.134084242828703 0.009558291661628
0.189550379675481 0.0860983407577613 0.141291965445601 0.0149388110564213
0.175426046862803 0.1734508764269 0.120550666688899 0.052001531280884
0.0549727497127744 0.248567544197998 0.0547506392686108 0.11152504665202
-0.131289881685134 0.197556518895577 -0.0156135180464431 0.0836167450386665
-0.266058098960384 0.00773021289062018 -0.0298689490978677 0.022042193631674
-0.202773032536775 -0.233181795748665 0.0107337275391563 0.017773401969867
-0.0177872318861246 -0.349462944155938 0.0360683506128623 0.128144358038245
0.00652743899295417 -0.256850702728024 -0.109234776148302 0.400392276558058
-0.133667005923265 -0.202321053898096 0.106176506221002 0.21910198462699
-0.194742993237236 -0.0520018680073909 0.0483296516375257 0.0419501825333772
-0.134455129124321 0.107753994848653 -0.0561945769974809 0.0515131532208189
-0.0169325737069408 0.167227717433939 0.0146896842011927 0.172563191964282
0.0937336853694002 0.142714240570424 0.163900556954068 0.141973901040123
0.139993850339112 0.0843490235734239 0.21123123380675 0.0644894407621553
0.135697769926827 0.0651884299064096 0.198203743071774 0.0384755974788845
0.12486041962371 0.0739415858477524 0.19190127369147 0.0454920801415721
0.0990768895357574 0.124761966768666 0.145963765271392 0.0842666608134543
0.0129970058342765 0.157331710060108 0.0559305442722306 0.132175338187859
-0.0909572245967787 0.0972772128368869 -0.0286771924643939 0.0831684214538684
-0.138485568099328 -0.0146681467475124 -0.0110509012029396 0.0204062694347843
-0.111631668689171 -0.135995495714569 0.0289909264059917 0.0461638278764927
-0.0155667523616137 -0.213977488250597 0.0316686981377328 0.209398307303357
-0.0188380212898235 -0.107104507553675 -0.107342722831019 0.467562857797877
-0.0685675779705311 -0.0699267695755107 0.115730322225712 0.26493037655104
-0.0620173613997434 -0.00823111437602124 0.0577666483470345 0.053713708360917
-0.0437405900764461 0.0274792120768574 -0.057526194279808 0.0569870411034906
-0.0184828186124597 0.0516574597996804 0.00748903782946993 0.195272398567622
0.0237399168598556 0.0597169670454346 0.183204793340125 0.179255008923734
0.0525599004333343 0.0519665149054181 0.250150947199048 0.0937940018406537
0.0515172944648696 0.0512667677603388 0.233367727694157 0.0618329277735404
0.0463080821866519 0.0512647358336493 0.213590896284552 0.0721126456657669
0.0199631771571596 0.0617256307025517 0.14663827813938 0.108539184235144
-0.0207215519999066 0.060331430708729 0.0421707286687211 0.133514053115561
-0.0444378292416786 0.0104328509406086 -0.0427036639308916 0.067223711170819
-0.024877232618598 -0.0219431837691435 0.00277988669059692 0.0126906574500775
-0.0305492397400351 -0.034680678255394 0.0374163751412016 0.0601937781049986
-0.0161469171046191 -0.0663894808134996 0.0272045878226191 0.245998664890688
0.0252847265348323 -0.0500066926770998 -0.0567569519869702 -0.299966261280441
-0.0171774526267931 -0.0491372224809961 -0.107869188337671 -0.0906238106151261
-0.0574635496840401 0.00144400889988464 -0.0196003719241473 -0.00140154787292597
-0.0107564110085333 0.0496150685191078 0.056495778538849 -0.0341982852793488
0.0354007161660945 0.0424254154849586 -0.00408472999624561 -0.138408255785207
0.0428028805575419 0.0088381309553638 -0.149779254321664 -0.140389060372765
0.0331157303623266 -0.0214939472624265 -0.227440548846897 -0.0938345418932205
0.0402194261122378 -0.0276206680486618 -0.246593642272056 -0.0750446296086518
0.0474450729020244 -0.0120999717282361 -0.247444743478287 -0.094184891245004
0.0666275885250903 0.0272415506024079 -0.183345598371113 -0.156504557887133
0.0302470084744443 0.064129149658609 -0.0500998054437307 -0.183009205664242
-0.0479124802077113 0.0653574748763854 0.0383623779278928 -0.0889324215744815
-0.0981747955115858 -0.0186378119094949 -0.0536290678807778 -0.0760424524071228
-0.0229087583613623 -0.0980899432097667 -0.0539706928638705 -0.227349497445097
0.0367574585031627 -0.0873432079761668 0.109552789574237 -0.455062965428508
0.0308715119699012 -0.176578397967609 -0.0543360913655044 -0.253394472298742
-0.062715057990497 -0.133544782984832 -0.0861258038435041 -0.0953527474715062
-0.130135493762155 -0.0254251057681779 -0.0259999008550928 -0.00243669986035367
-0.066447897667067 0.0952526461749928 0.0478145768249202 -0.0212208425435706
0.0366648293881546 0.126234267524345 0.0137195611189433 -0.120126574472752
0.102759642334651 0.0803017974445912 -0.116992598627782 -0.141577723971375
0.117462143102972 0.0151357572671629 -0.194235943681326 -0.100260979081315
0.132256759829365 -0.00288156760288629 -0.208489252109615 -0.0771771985336878
0.140605696770338 0.0248690067669524 -0.202046765380716 -0.0889871076481178
0.151755463103084 0.110591211260396 -0.147468449762438 -0.128647718178805
0.0499716676272347 0.188179333200452 -0.0452567140846342 -0.136021648810132
-0.128197716067885 0.165598203280767 0.0215273827406257 -0.0623782195789352
-0.250036046960329 -0.0279045653222416 -0.0760479252173838 -0.0687886372785491
-0.126555360293794 -0.237318704977946 -0.0698964109258512 -0.212416327658542
0.0329047700692741 -0.275967787218348 0.0868920749289977 -0.404397416921646
0.0372344803917365 -0.290105813060607 -0.061151600214416 -0.164478028408353
-0.111549762288996 -0.220149596796816 -0.0558140955610828 -0.0783629752034815
-0.209740081297842 -0.0551900926497463 -0.023516788827929 -0.0056326977079426
-0.128839116882723 0.14112569483712 0.0306721404543288 -0.0144978393288908
0.0313980840034019 0.207973859955563 0.0222897114246464 -0.0861186827112392
0.151907527657468 0.150267901488525 -0.0707112111882164 -0.117956871432215
0.188090982238967 0.0535665176074165 -0.132153939493199 -0.0898035863885479
0.203410966207577 0.0228417703938889 -0.139637465033887 -0.0685729715103999
0.210422517827999 0.0539069305016645 -0.125977061869382 -0.0718980152842465
0.220777026490637 0.172348245494854 -0.0870347871529756 -0.0858109801449995
0.0764839235960826 0.28515107574029 -0.0281820888343559 -0.0698945722295223
-0.174821053287075 0.256816931605513 0.00712413643446204 -0.0243564910120082
-0.369582226826531 -0.0095619314520989 -0.0866209220209 -0.0471851946765766
-0.228213712356218 -0.326429368071985 -0.0741461844245644 -0.166482915318636
0.0119885530493903 -0.4182371892281 0.0607843370757437 -0.294571542460124
0.0397705042186109 -0.373767333213326 -0.0726270787877894 -0.0332675118893262
-0.162400512733468 -0.294102785013567 -0.0138092294555632 -0.0288110944788167
-0.29080986735817 -0.0784683392998349 -0.00745771835311195 -0.00363381933902815
-0.187728792185967 0.186048381602571 0.00873802923410022 -0.00623999895473909
0.0236009810266545 0.274163942720167 0.0257203040740134 -0.0307047023749035
0.185741691637953 0.202827380794287 -0.0113747442230967 -0.0691776882632987
0.235242973158627 0.0842558536432493 -0.0465748707984697 -0.0631452202440547
0.24368912476205 0.0435847950220673 -0.0495231390010992 -0.0497823554159964
0.246026020498342 0.073745725625944 -0.0315242719331667 -0.0480692821312209
0.25662064360445 0.203200519048702 -0.00910741328826151 -0.0369724461705627
0.0998154484551752 0.333591086292516 0.00353260878473995 0.00320667126910087
-0.183146955854722 0.309373737073016 -0.00209234785853099 0.0214748839308492
-0.421483736016409 0.0214522323754052 -0.0793084076525096 -0.0166838959844793
-0.292777259041442 -0.351630764942192 -0.057240992910042 -0.099686988244156
-0.0137595475876305 -0.484400920530199 0.0451501246623888 -0.148235732310141
0.0334749904348329 -0.406617352929725 -0.0844797180757374 0.127219008812231
-0.196080889860581 -0.329958304432654 0.0381079188842327 0.0508315881435006
-0.335636505480935 -0.0872550117697038 0.0171655280285702 0.00610550125037408
-0.219441432350843 0.208231752655748 -0.016652986403434 0.0114858991697742
0.0129087073057182 0.300786393818085 0.0260704602632111 0.0428788603739825
0.192381711600757 0.224071726099405 0.0587128304388934 6.58132062764451E-05
0.245450265315351 0.100436120439836 0.0513321453121892 -0.0245993651979791
0.245958499841717 0.0586769194980281 0.049056904066516 -0.0238965090491531
0.241136305589515 0.0831173339211729 0.0652952296129303 -0.0203087422780499
0.245640057441376 0.201906517932346 0.0683164698170744 0.00943234035862482
0.0984481220592314 0.320765894217377 0.0398735724160584 0.0688249935213872
-0.161929668285809 0.291516347081634 -0.00602205791791041 0.0630798900773917
-0.383645566344994 0.0330415195277247 -0.0583605695706132 0.0100697643982574
-0.289063529830397 -0.315719838143651 -0.0241885549608028 -0.0319900289709392
-0.0303198866867617 -0.46068973799844 0.039592153764984 0.00488753052663679
0.0203539529600484 -0.371739706397063 -0.0953543785067694 0.287898679389393
-0.190602839485932 -0.301056560147202 0.0858148343721082 0.143558505534493
-0.306649922077911 -0.079046876014914 0.0390737720361575 0.0234217847845257
-0.202596472508957 0.18460627189828 -0.0414140861486691 0.0365116931854794
0.000361905248329676 0.265278707057105 0.0251653628203761 0.120702565532335
0.163205944814854 0.203476426768652 0.12587809190609 0.0751676855334016
0.216298766129848 0.0996966678746685 0.147057629859751 0.0186888683575288
0.210583889455837 0.0658947805372697 0.139899913248273 0.00509537936900287
0.200159591466464 0.0832449643605501 0.146571426409829 0.00927222348565648
0.190062479012361 0.17389926535668 0.126321794376892 0.0491678912996245
0.0671787670929273 0.255723705245653 0.0633864544317251 0.114298520736823
-0.129496861627629 0.209746195900881 -0.0131762007942282 0.0869928652779254
-0.276311481763626 0.0152951694150043 -0.0335613425621023 0.0220513929680654
-0.217679737498203 -0.235359710754737 0.00865124569485938 0.0184829483901345
-0.0313343000916916 -0.363356078429695 0.0396757310567453 0.131802515754261
0.000466001605366789 -0.266083850385357 -0.101537306499417 0.416283629539645
-0.145179890301365 -0.206702839169571 0.116324554784438 0.222915521782027
-0.204667953651541 -0.0495731260807294 0.0528864455116168 0.0420424030922138
-0.137106610964434 0.117727437368489 -0.0566248340101246 0.0563858932034087
-0.0113546201583846 0.17504308409532 0.0207112225910627 0.179330416748496
0.103512004894382 0.143752041365263 0.174785005835068 0.138967011334739
0.149839257564213 0.0820130255513525 0.222507081802549 0.058813166979044
0.143623650145698 0.0633714780369757 0.209618698638599 0.0335474803808365
0.131738808188294 0.073476793917136 0.201568468134102 0.0390564970105745
0.109149904512944 0.126209044941975 0.155184116108821 0.0817414731168749
0.020615993031145 0.161966311952558 0.0645659197687428 0.135359894491711
-0.091013283160145 0.105117607336568 -0.0268891354129956 0.0871479085282099
-0.145198465013195 -0.011414797816936 -0.0138613219832715 0.0192204075427479
-0.119717601945767 -0.137685724242852 0.029687346385066 0.0480794094462201
-0.0235373980479771 -0.222557681550251 0.0396909530033307 0.216268127130133
-0.021629564542594 -0.110171725779084 -0.0969257268944678 0.485438184037871
-0.0735950182630827 -0.0708189233698718 0.129546147331312 0.270996965925339
-0.0654430253459009 -0.00821297267979378 0.063780426262047 0.0546104303688994
-0.0452577614195587 0.0312589311205112 -0.0577489213932818 0.062144579498843
-0.0177227432778971 0.0552336005325164 0.0136724933963795 0.20312315657769
0.0273674743679412 0.0602625195924214 0.196986563457031 0.176912243578732
0.0577484603988093 0.051934254749983 0.264181583730142 0.0879566208517374
0.056071203548469 0.051763889117619 0.246467408330678 0.0570842404329006
0.0496127260371183 0.0519125273169797 0.224552200888324 0.0670081393823928
0.0238873112896147 0.0643102700733951 0.156490602633328 0.107160226504344
-0.0187513973304553 0.063506840412503 0.0488441265809619 0.136853980905812
-0.0459545521128 0.0129444729187589 -0.0415878392373011 0.071523082844514
-0.0275440277150605 -0.0227405691256554 0.0020244847475019 0.0109935966333262
-0.0326901936340256 -0.0348288149007327 0.039859542418534 0.0619663757937332
-0.0185936370858389 -0.0696255856278823 0.0376806243128496 0.254362763446961
0.0233750992818755 -0.0513721135144526 -0.0773720151699733 -0.297858744793024
-0.0192514665075995 -0.0489058136665466 -0.116852088722413 -0.0828424418353147
-0.0562629711013608 0.00576527186058523 -0.0208068165077193 0.000892675517511196
-0.00733421737792116 0.0498469577711871 0.0548078366779268 -0.0381583425013605
0.0391057154080023 0.0394985512313385 -0.0119996524042889 -0.139661435958003
0.0439181705788201 0.00676100841878771 -0.160275713840848 -0.130423318835882
0.0309879345329946 -0.0236649077314805 -0.236577833951951 -0.0804281912403706
0.0385458883483747 -0.0308475228768413 -0.256219660288947 -0.0608085990153531
0.0480589832324842 -0.0148530543450154 -0.257309187079004 -0.0801157890124852
0.069491119243342 0.0219131694663494 -0.195407772084979 -0.145954878661641
0.0347871562936419 0.0629423215005363 -0.0626207175915035 -0.181894262554258
-0.0444131107148474 0.0692748098499375 0.0322727884352292 -0.0927187988203197
-0.0992330189968881 -0.0130236818081923 -0.0584179887643095 -0.0733516361627826
-0.0290069208369358 -0.0979027647758867 -0.0663814198965628 -0.228826357473688
0.0316005257767234 -0.0898209937957193 0.0816367518541743 -0.46378926313897
0.0209659285406164 -0.178174252015371 -0.072857804204541 -0.251989681835145
-0.0706090625080576 -0.130784477683071 -0.0951100791211464 -0.0900996177459959
-0.131583513012014 -0.0172077119356822 -0.0270548925431142 -0.000780861336872681
-0.0608234238072402 0.0995504555863295 0.0466318468563706 -0.0239978353242103
0.0467206320647834 0.12420778873996 0.00672595504406447 -0.122148418916507
0.108980332112587 0.0743937692707722 -0.127809906365476 -0.133793660322285
0.118580131659111 0.00804138491413554 -0.202917980503547 -0.0885606445855131
0.132917155750345 -0.0106023119049546 -0.218596287197208 -0.0658882324031528
0.144199671755794 0.0163777542938167 -0.21129962995538 -0.0779076118650452
0.161513634580551 0.101098156326171 -0.157036917993904 -0.120873464797176
0.0625067655505715 0.186996338264014 -0.0533497728772028 -0.134774918362496
-0.119220653849688 0.175715119388684 0.0171096211618744 -0.0649004395712057
-0.254071212555861 -0.014981296694748 -0.0830831659231437 -0.0647476012985024
-0.141938622550676 -0.233108747879458 -0.0830806413031156 -0.212006865055691
0.0157173578811594 -0.280396747023973 0.0592056064419476 -0.409924406978985
0.0218921398018212 -0.292474859846067 -0.0739660188500163 -0.163205975327629
-0.124329207614937 -0.214270151452085 -0.0639173842779942 -0.0748894024417344
-0.213936289362868 -0.0430978619067814 -0.0237403734821598 -0.00412747714617592
-0.121298624954769 0.150145374036705 0.0302419913943415 -0.0156345292068854
0.0457718876883559 0.206358200179709 0.017042738129184 -0.0875839896581725
0.163521232099461 0.140467403377269 -0.0806984472552158 -0.114084325638804
0.192718443928284 0.0417902448341661 -0.139547693891348 -0.0821663676061231
0.20703865258547 0.0102462338671065 -0.146795512040142 -0.061832873764688
0.216776382799337 0.0414375981817705 -0.133152592533264 -0.0660698332971271
0.235703206372998 0.159004726157842 -0.0932123348468621 -0.0820571661884634
0.0955895873225782 0.282745028350527 -0.0314106758857878 -0.0693850596090399
-0.160603888655721 0.271164716862676 0.00489804034160324 -0.0256033600964722
-0.373782514750697 0.0107957787384889 -0.0932529600168781 -0.0425290596761238
-0.249832943383781 -0.317483871992766 -0.0854689828422757 -0.164738839654986
-0.0149320362121575 -0.422639332887153 0.041581847331712 -0.297868521525915
0.0187343250589691 -0.377281184451672 -0.0773435980882697 -0.0314130438043512
-0.180679216410892 -0.286295395696844 -0.0184601084716494 -0.028465226756246
-0.297537406349649 -0.0622999447254789 -0.00652310383517165 -0.00353928077182561
-0.178004374654349 0.200697744732526 0.0087501669689165 -0.00565579867101398
0.0423282021609567 0.274751067897292 0.0239613218789007 -0.0320209814702448
0.201785005899915 0.190920743377834 -0.0176512740206658 -0.0696396931667831
0.24221440489003 0.0696305785333377 -0.0518149580945502 -0.0606056131591595
0.249084529024098 0.0294331567179539 -0.0535948549101764 -0.0475518590904178
0.253432066591592 0.0589049642419351 -0.0358368504041231 -0.047656464632929
0.273789629245517 0.187453347634264 -0.0122991210776692 -0.0378326256368245
0.12319851567358 0.329955086147206 0.00660090906983939 0.00283982912120853
-0.165565748468668 0.323657305313022 -0.00133801572176006 0.0212715444308526
-0.424241711883178 0.0447308733480625 -0.0850621264450555 -0.0129105334465564
-0.316226008800832 -0.338076206038407 -0.065471436322003 -0.0966456037402106
-0.0455254117809158 -0.487883574522783 0.0333279604102677 -0.1489952585269
0.013190967177814 -0.410815315794518 -0.0803257220185831 0.130518895699312
-0.217695724383887 -0.320189520176295 0.0388495166438707 0.0482677633664
-0.344347442159539 -0.0697663891129534 0.0191961109676468 0.00527868552438307
-0.208716908697222 0.224724232783851 -0.0161269310324669 0.0141477183923834
0.0328943161431072 0.301367538064417 0.0290059894075341 0.0428168169721101
0.209137917419684 0.212312382995195 0.057523228481496 -0.00528222722932827
0.254874181226074 0.085318923375323 0.0503580068965165 -0.0279766216905485
0.251664814650451 0.0451495415883182 0.0483230281998054 -0.0272468091890026
0.24949241127092 0.0692752680210177 0.0638421613137801 -0.0260182694607084
0.261935760105517 0.187068821302822 0.0695505469097561 0.00415528795782198
0.120406716065726 0.317783926062819 0.0479675510316693 0.0664419452223411
-0.145379930019503 0.304238235158561 -0.0025400726574383 0.0637213998443859
-0.385568493242733 0.0543425704837729 -0.0625666868718655 0.0122946610809338
-0.309950245339504 -0.300572173676375 -0.0281921041618351 -0.0296290952561833
-0.0603050829633959 -0.463208843316182 0.0374930549882736 0.00464876519668431
-0.000121363138161032 -0.375003015850545 -0.0807736089104846 0.293317134490525
-0.210915675799897 -0.292641950050607 0.0931474078674096 0.138478656016007
-0.316767162075753 -0.0622534585072667 0.0427073091931613 0.0213856951845042
-0.193920088060651 0.199935720134062 -0.0393035322628934 0.041024666093458
0.0176940899045374 0.268383980097381 0.0325717765257163 0.121878331236944
0.178481492751308 0.1934078107432 0.130635825320138 0.0661329467740807
0.225188752002348 0.0859059675342242 0.149993028423975 0.00957237093921912
0.216455890855131 0.0544589324277405 0.142737850818589 -0.00334105484998759
0.207283804392107 0.0724251778739851 0.14805582074403 -0.00159745990052876
0.205141564032262 0.162247705898902 0.130537809936177 0.0407445551474041
0.0853366955456785 0.252724015921572 0.0741297508380268 0.110249324211545
-0.1170947812643 0.220220972248957 -0.00768763297596107 0.0875739170480309
-0.278521767448612 0.0310875256251226 -0.0369268678087027 0.0230455791843188
-0.233235827692781 -0.224596516051899 0.00839971415067817 0.0201544460859311
-0.0548612795423146 -0.364324025580863 0.0467656895828574 0.132059491819531
-0.0136279609967687 -0.268665160280058 -0.0784147516415182 0.424232935937391
-0.160019513417022 -0.199527154223519 0.129587998660281 0.217199208897787
-0.211589226698698 -0.0395420034052743 0.0576380473579203 0.0393391415309568
-0.131771158739828 0.128464119285483 -0.0543043851212678 0.0617761046057225
8.8826973297291E-05 0.178545407949828 0.0313948979658965 0.180501494718749
0.114387759263758 0.137154113604859 0.18453122611845 0.126678822310912
0.157084784189146 0.0722151381959736 0.228967495868414 0.0452637913439245
0.149604953969048 0.0555062185338786 0.21470163816508 0.0209739029652132
0.13793652083961 0.066442048336999 0.205699486765237 0.0264709440462785
0.119341844032954 0.120289403241861 0.161466700533071 0.072088769353813
0.031745599808179 0.162351142362103 0.0760990179958732 0.131777960537629
-0.0850230623847409 0.11216084667473 -0.021378826643294 0.089290160376631
-0.148010415813684 -0.00377343639448348 -0.016017977044634 0.0193169315269851
-0.128401439604939 -0.131383263087828 0.0314913551993475 0.0479348712805733
-0.0377967552671217 -0.224293558175073 0.0530076767708269 0.215500846619859
-0.0273256189403974 -0.110628137688855 -0.0705802329723326 0.494042027088514
-0.0794784804472091 -0.0666072200998092 0.146432099430763 0.265619821945408
-0.067822395144012 -0.00550880166972292 0.0687115165155868 0.0521050361840049
-0.0442164385513842 0.0354034751637031 -0.0550890128888519 0.0671084036054533
-0.0144601125413523 0.0574723095413113 0.0261649067919857 0.205048305864339
0.0315868959361272 0.0584336137954876 0.210016393449981 0.164359585923205
0.0619264211565189 0.0478726366292631 0.27241438239196 0.0715558997327236
0.0606931992775134 0.0492169387030268 0.255371635351129 0.0420659316669916
0.0533231865185768 0.0499312480140854 0.231533229562379 0.0530062240498024
0.0284547508581977 0.0635914536439295 0.164398838105074 0.0974936057831336
-0.013682284862289 0.0647487696132593 0.0591190817074282 0.134813423111675
-0.0453248585805364 0.0166588428427717 -0.0369492903430431 0.0745401706219946
-0.0297927456974053 -0.0210456819232421 8.41842767268128E-05 0.00985363408614032
-0.0348392166445569 -0.0334178175373786 0.0435621501976108 0.0614502678001421
-0.0230613649071727 -0.0703123846087866 0.0535565123248832 0.253582116008431
0.0204012181220735 -0.050326041299371 -0.0927633922565769 -0.283626114986244
-0.0197943578629552 -0.0467407316348986 -0.119130468442738 -0.0727379098466972
-0.052768333441511 0.00857699568951827 -0.0212303153914258 0.0025476996319492
-0.00427212832708291 0.047791227322323 0.0509746418445307 -0.0395259908352685
0.0403812815632987 0.0350809018121141 -0.019476955631126 -0.134911793458037
0.0433313827645352 0.00445250527203834 -0.162949027868891 -0.116083332121921
0.0280256855740279 -0.0239300524435765 -0.235589038096934 -0.06400231099448
0.035232428472257 -0.0320655577816516 -0.255168568332799 -0.0451034341255102
0.0461564341313857 -0.0181533219974059 -0.25510915073347 -0.0633880270047011
0.0688458987368183 0.0170229520042079 -0.198635497840175 -0.130541962889322
0.0370254418498854 0.0591956093726199 -0.0713412674407811 -0.172921959696989
-0.0391486093198477 0.0699799865263488 0.0257320382725004 -0.0923029605795146
-0.0964913184770594 -0.00794160652194378 -0.0603800235353483 -0.0683353501585183
-0.0336160130578884 -0.0932108954998128 -0.0758145572379077 -0.220783686699251
0.0253693204017596 -0.0879975813655257 0.0537118462445378 -0.452605736349479
0.0124234277913054 -0.172975960036528 -0.0858266908265389 -0.240274891608729
-0.0740402834143281 -0.123079023654028 -0.0994412464387557 -0.0816242722426523
-0.127700494108767 -0.00996710802168769 -0.0265492695444755 0.00117746598017489
-0.0530174588512976 0.0993434789018206 0.044105359495128 -0.0255761272218404
0.0527210395444264 0.116220072975607 -0.000311549634892324 -0.118521293358803
0.11067519127097 0.065331288214904 -0.131818720583974 -0.121257114987916
0.114764132154813 0.00164184773614934 -0.202921539981013 -0.0738254952672499
0.128165150252584 -0.0175605888294142 -0.218365071842584 -0.0521484112322025
0.14224360452592 0.00720721740850008 -0.210333553068618 -0.0647121229959098
0.163160721032151 0.0879539287267276 -0.160145389183673 -0.108646293078047
0.0717440287594749 0.178093531109387 -0.0590692607866347 -0.128340949399777
-0.105976113207283 0.177887679338173 0.0121278054450469 -0.0639510486385929
-0.248028148493731 -0.00221029936657745 -0.0851168367240961 -0.0586602858406416
-0.150190695534411 -0.219140524544379 -0.0916256850574726 -0.202773334321115
-0.000525132175219702 -0.272365341427204 0.0342793035085255 -0.397118549984444
0.00716288841558982 -0.283150044225079 -0.0828253368823875 -0.155109154928534
-0.131266752173168 -0.200356271711359 -0.0685898144287225 -0.0695593584879699
-0.209459522966983 -0.0306658425046286 -0.0232215067124113 -0.00299035792512426
-0.108935552600191 0.151615555643633 0.0286508120618824 -0.016095091070526
0.05725305992126 0.19613233519599 0.0117478036701266 -0.0860589585926466
0.167850298792584 0.125335065075251 -0.0856461308652342 -0.105346186198541
0.187953431893997 0.0295197414839029 -0.140487408123806 -0.0712405354720684
0.201450264092276 -0.00120293254755624 -0.148494861584805 -0.0521095601952848
0.213687922355039 0.0278770172884776 -0.135049831793898 -0.0572831914807568
0.239351808217005 0.139450227091123 -0.0958811802745635 -0.0749743711269775
0.110143308392501 0.26991318239031 -0.0317280832979309 -0.0661203942473797
-0.140426348891373 0.272342518171625 0.00216340140983696 -0.025747033424338
-0.363690719743561 0.0291679989020641 -0.0950612388112877 -0.0358749751303269
-0.259772228236218 -0.294858058892727 -0.0921665576192231 -0.155293938524454
-0.0371612449632266 -0.408390529345616 0.023042286552143 -0.287435746958733
0.000352796464446912 -0.366440657874667 -0.0784525158810379 -0.0280845955842956
-0.190027358268815 -0.266973275931274 -0.0227301103482021 -0.0269717423976337
-0.292640710203843 -0.0455430123759656 -0.00540234897248541 -0.0034738593154209
-0.161673726406784 0.203900950024587 0.00858269534318302 -0.00508059190080719
0.0580215493759348 0.262595510319747 0.02086087438689 -0.0323577735638089
0.207603257881409 0.172684654792516 -0.0221781599972081 -0.06623358444528
0.238140590222192 0.0529984302101195 -0.0537995258903725 -0.0555328185242712
0.243590659656821 0.0154823166398948 -0.0564990038429246 -0.0439573134670239
0.249990968413657 0.0433367827197033 -0.0390416841726768 -0.0452564673681265
0.278280447948977 0.164296546560983 -0.0145713978398377 -0.0367488930560901
0.139418875647324 0.314222795123454 0.00938471062924121 0.00102494703469712
-0.142497064520986 0.323721063372581 -0.000693812682273495 0.0206027935262802
-0.41177897336996 0.064877761385452 -0.0865376801171039 -0.00697158254308082
-0.324498432896085 -0.31222282009057 -0.0695797949884899 -0.0895520055094492
-0.0712887930454836 -0.469398697967659 0.0226427163580591 -0.142862814005048
-0.00733003163535059 -0.397744794476643 -0.0728693796055832 0.128236032719462
-0.227287822030366 -0.298903960114251 0.0373574878630615 0.0448661590163994
-0.339120354402522 -0.0510819996899459 0.020356381924758 0.00312415309212476
-0.189906685096841 0.23074441258657 -0.0146653832943604 0.0155605627043871
0.0501584871266839 0.290653100130385 0.0305155656474367 0.0408234641928871
0.215844705736517 0.191768971489256 0.0538251128329791 -0.00897820713129516
0.251778735521921 0.0673737885239926 0.0466233480374854 -0.0293471304826431
0.247383693134491 0.030370365464186 0.0448131233456281 -0.0299713853419885
0.246067775054953 0.0538227251151812 0.0592055949516486 -0.0298997975601015
0.26723111482624 0.165224133831218 0.0667258690191137 -0.00103345464082002
0.136233792448599 0.301028528935673 0.0534962706802699 0.0606796613353055
-0.123844348404326 0.303187096757762 0.000312304127076823 0.0617586045985851
-0.372905413249998 0.072510169576781 -0.0636619050882929 0.0164123634919071
-0.315855790936082 -0.274996435259705 -0.0300982817836448 -0.0253653615837295
-0.0842365895104933 -0.444266776438181 0.0356442226131807 0.00506997782243669
-0.0164713763494387 -0.362657104406451 -0.0651766372124926 0.284988377368029
-0.220428209223985 -0.27263298735031 0.0952781339780519 0.128734833528698
-0.311845593056868 -0.0449720564158079 0.0443426494340238 0.0168943802929239
-0.177104875476813 0.205452627338152 -0.0355989042187105 0.0429755956423146
0.0327614370730827 0.25961814546243 0.0383951962091695 0.117938755286587
0.184452368240601 0.175756752269802 0.128972647393106 0.0554063258991498
0.223419877476686 0.069781739195419 0.145656555257848 0.00128294535168566
0.214029274732926 0.0410004445105458 0.138750072663066 -0.0115166515932507
0.205409936707856 0.0589959449833612 0.142965922503597 -0.0103740752362927
0.209818450891628 0.145019206998433 0.128659327212166 0.0315911496920469
0.0983933392875877 0.240463569172465 0.0804027885023554 0.101926428238351
-0.100847905561454 0.220280946481392 -0.00317066892942411 0.0856942142198674
-0.269475488708093 0.0449590828509274 -0.0381548081149953 0.0245642370027459
-0.23797203916532 -0.2057922368523 0.00804355405690227 0.0217339288853671
-0.073303802306325 -0.350337842232467 0.0512741401330695 0.127636364221557
-0.0260010205420082 -0.260067653223928 -0.0548164575428326 0.412658613657886
-0.166020733472344 -0.185084471989526 0.135597681192894 0.203291545095488
-0.20993730275784 -0.0282851924883254 0.0606812201860811 0.0343702180292939
-0.120460212418062 0.132924796896717 -0.0488148195944752 0.0639839345251396
0.0105496989308619 0.17364493895801 0.0408874485393405 0.174967871767092
0.11883836019409 0.125512815230864 0.184997123833601 0.110719653631109
0.157090159478794 0.0605628722229958 0.225097555354209 0.0311628651427266
0.149042235235581 0.0464375689223229 0.211868286125208 0.00778655548953706
0.137975086972867 0.057573889614306 0.201350374628596 0.013645198405522
0.123259153301964 0.109322948642961 0.160030816895754 0.0601234431028257
0.0418325993229484 0.155168476461484 0.0825318221405424 0.122340334261526
-0.0761929139694261 0.114004850664364 -0.0159215686170053 0.0877351403052333
-0.145393255421796 0.00460211096760614 -0.0176402974578297 0.0192501753133588
-0.13123859700532 -0.120809136834553 0.033115991945341 0.0471632072919116
-0.0488715535329285 -0.214658954250715 0.0630451731700189 0.206231949676989
-0.0312591908802047 -0.106069105800877 -0.0421020874149742 0.482180811858103
-0.0817653603685448 -0.0601016544558649 0.156373240090778 0.249067843902385
-0.0682443101018946 -0.00235415168805536 0.0713129807627075 0.0463289945171243
-0.0405453808450482 0.037370128271584 -0.0494209209617488 0.0692199256073459
-0.0103225222769625 0.0570968136932757 0.0374304013062426 0.199144338397858
0.0339535019994109 0.0543097450160443 0.212422911000344 0.146246532223407
0.0641383726281933 0.0422708986681102 0.269457297766593 0.054350696709733
0.062279731763416 0.0445548075472856 0.252585452039552 0.0260434083925302
0.0546333331517624 0.0460687532297005 0.228145900939988 0.0387885677437743
0.0316175877557437 0.0603189732689726 0.165000848238267 0.0849134608927876
-0.0093364734633465 0.0634665996773927 0.065803809369977 0.126878708768239
-0.0429071017548757 0.0191631257934949 -0.0313679562022209 0.0739744624904573
-0.0314877662140562 -0.0186150997405303 -0.000998066067631486 0.00868353135182202
-0.0356478953787734 -0.0313645302281802 0.0456352031313048 0.0593798419757492
-0.0257496501693637 -0.067442081831628 0.0664561632671502 0.24132152609573
0.0250295952622201 -0.0436297880394628 -0.0544309542883333 -0.272675823360952
-0.0119096508413091 -0.0465133035693543 -0.104077649322463 -0.0814619161149906
-0.0490845084150243 0.000843805111856688 -0.022017165849533 -0.00157903881376296
-0.0103875131939928 0.0440896932588307 0.0498701351173809 -0.0312712030801522
0.0338410489735945 0.0379580564964157 -0.00575019167101983 -0.127048077704872
0.0424176654335065 0.00993288421742166 -0.14066184153094 -0.122105785721363
0.0289585037551911 -0.0178525878721362 -0.216779041502758 -0.084052169202773
0.0368100686168217 -0.0260904410758152 -0.239967691349023 -0.0719920893068838
0.0475814249189381 -0.0104276534649685 -0.239297157298499 -0.0896249231880741
0.0646944467053672 0.0245100927804183 -0.177538273374065 -0.148265001011836
0.0279407606651996 0.0626177845271098 -0.0497483729372665 -0.177352708217428
-0.0464767903108765 0.0635650333683537 0.036240040783169 -0.0895459870494686
-0.0914135904801435 -0.0175724830008831 -0.0468478202119849 -0.0720196429179184
-0.0223876084533319 -0.091344009861925 -0.0462594322917129 -0.220153735903129
0.0317083108329578 -0.0787793359128502 0.102531843139315 -0.429925687988609
0.0325359698637489 -0.157515860716621 -0.0455776314012084 -0.236063501317081
-0.052176164928265 -0.122910412023188 -0.0839467995879749 -0.0919421434286161
-0.115819225981328 -0.026088412164894 -0.0277372894341962 -0.0082540198177518
-0.0627559644483366 0.084937053114845 0.0397825417653845 -0.0206321620545677
0.0336759006347981 0.115696076397833 0.007363258897515 -0.110336363568322
0.098109623431486 0.0751043647180583 -0.113373083483203 -0.12122494451059
0.108241078028349 0.0162125122471603 -0.186086740584322 -0.0899621108356206
0.124369572256964 -0.00118916122995767 -0.203891632797589 -0.0757075977854436
0.135175351777868 0.024931315541486 -0.197652139744559 -0.0883076747894809
0.146852788928674 0.102801984535365 -0.144268023500915 -0.126851237532348
0.046692980764641 0.180043631331813 -0.0416893258115264 -0.137574237570133
-0.123357885514887 0.158905719412266 0.0217813702639114 -0.0671519199505898
-0.237603044265515 -0.0284163977567773 -0.0679642584450451 -0.0635652248546028
-0.12000456118144 -0.225631974706053 -0.0588855157515115 -0.198111736196648
0.0269426931524845 -0.259376193124927 0.0844020518811728 -0.37193629043797
0.0412738125002573 -0.26009145417977 -0.0449991182206849 -0.160437772769218
-0.095510380404149 -0.201307072028621 -0.0549455391799836 -0.0828870578213671
-0.189530432721529 -0.0559925909258653 -0.0240524288718623 -0.016919573419638
-0.122289228853822 0.126099970978909 0.0226666487092462 -0.0160656855043529
0.0267385515147308 0.191409610594613 0.0115380344369815 -0.0795223487644418
0.142966581145125 0.138491035683521 -0.0737274781409961 -0.0995181581053303
0.175346277086395 0.0502714697579166 -0.128354237200756 -0.0801793183882478
0.193230779527613 0.0233722691122125 -0.136621538922566 -0.0682959939389364
0.20145434773306 0.0533369962842172 -0.126412666966724 -0.0731262848335646
0.212413868314092 0.160174415397284 -0.0880944946157396 -0.0904469641009559
0.0730143811712748 0.27143721483575 -0.0220850321398634 -0.0790680679514346
-0.167931821815696 0.244921296607137 0.00813072702021358 -0.0331283714718899
-0.352005911699164 -0.0121674446846053 -0.077972095130154 -0.0428254347520486
-0.215101165929319 -0.31160482817653 -0.0594814389044153 -0.148430234485291
0.00645319166616461 -0.395719729315513 0.0642135298163377 -0.259906910626217
0.0470125457611153 -0.338069172095634 -0.050034399219666 -0.0452388724139628
-0.140947116242204 -0.270197907439197 -0.0151488524852604 -0.042846801004884
-0.265083709672156 -0.0805038228913593 -0.00847892787660826 -0.0213672473383619
-0.178566766864938 0.168171883301918 0.000880110755180095 -0.0102763732663238
0.0174472684050762 0.254414676067681 0.012213200201521 -0.0292438421475362
0.173714737881253 0.186292992785509 -0.0200878604467012 -0.0551932645806387
0.219509143303284 0.0784243009461617 -0.0485508580937018 -0.0565112304101971
0.231834519304626 0.0448383979546841 -0.0485493289453264 -0.0505687993655008
0.233367257496662 0.0721510095005114 -0.0361199138602435 -0.0518757374028792
0.24685570828391 0.188540372750162 -0.0147126928860082 -0.0469053022318032
0.0961149782483084 0.316629812614192 0.00972562428305901 -0.0117045114782529
-0.175656619307899 0.293261794839542 -4.41347046325449E-05 0.00977715177186458
-0.401976514559533 0.0173409283923014 -0.0717615837857491 -0.0146638494915088
-0.276001474742547 -0.334977297014043 -0.0426376372094859 -0.0810938327263074
-0.0182786351385686 -0.459507798251344 0.0502556911790614 -0.117554940659111
0.0432746871101382 -0.368375696566015 -0.0587219025731375 0.0984725760017942
-0.17196207452112 -0.304665643100206 0.034254086333499 0.0273443758467042
-0.308976697093977 -0.0915094063115526 0.0146580332456127 -0.0150317037784041
-0.209697305504846 0.189300665486715 -0.0227920457551467 0.00492400740074498
0.00555883184802525 0.279347406861918 0.0118976718474009 0.0386295825218562
0.177292854499612 0.206251099784836 0.0446350995773824 0.00677711148714649
0.230419593382607 0.0929186695243235 0.0438974475350977 -0.0218073931122764
0.233982398771385 0.0590084917642275 0.0469166638427624 -0.0253273753204171
0.228382884268538 0.0817805164625829 0.0567041705611969 -0.0260487323781348
0.235951535242165 0.187376932849181 0.0594784547926743 -0.00308689248750772
0.0954865853335625 0.302848319477457 0.0456749109611711 0.0504706327592871
-0.154263404542649 0.276062839937468 -0.0039992631827095 0.0502243839430786
-0.365956378282244 0.0287060708538044 -0.0537060316022797 0.010296921601588
-0.271613160614813 -0.298795443039643 -0.0119421119711253 -0.0147479292795855
-0.0334659713857209 -0.437309174857772 0.0462363729634166 0.0265989886240174
0.0290583569978284 -0.338269832132872 -0.0697889451468042 0.246514829248658
-0.168673446367178 -0.279239111889061 0.0795588118395062 0.113460452681352
-0.285936890999916 -0.082334443115337 0.036740065482028 0.00210955240971561
-0.194101338957079 0.167933211878692 -0.0448800948174835 0.0285225727084547
-0.00624732196505476 0.248494488827396 0.0127385926091707 0.11127568273876
0.149525473180491 0.187485714421183 0.108715349975839 0.07324965173974
0.204373131807775 0.0913348791845998 0.134677326644643 0.0171364263290922
0.201437735877156 0.0654842768839198 0.135328068032644 0.0029280449094652
0.188553443349898 0.0815014713874269 0.13598664125534 0.00265452726470564
0.183247558687424 0.160764196847584 0.115561857401957 0.0358013345203206
0.0656580326290818 0.239777568286405 0.0675252035989145 0.0957836852860271
-0.122520365952566 0.198774661140447 -0.0109538289614767 0.0751958733835034
-0.264513090993721 0.0136321543959536 -0.0333640124792739 0.0207385643796465
-0.203932184372882 -0.223068146688131 0.0159675809175997 0.0316123328399143
-0.0327790073631592 -0.345988537391687 0.0461617653911632 0.142432279674986
0.00852003343846893 -0.243343895404545 -0.0804791176821773 0.367513641483072
-0.130366433481195 -0.191617307816355 0.108349932084501 0.192459248140372
-0.193067754749324 -0.05371679440057 0.050702185665046 0.025954167359607
-0.13177653698601 0.107263643300866 -0.0567744284780927 0.0491788837316927
-0.0147609315356546 0.164924598003178 0.0128605709356453 0.166211907375385
0.0934461993343422 0.132022304633615 0.157661266567658 0.127957765356448
0.141998887666887 0.0742573484802968 0.207195630658598 0.0530163560381341
0.13856227394917 0.0629991703519963 0.202839549110811 0.030247806995687
0.123956789583931 0.0708722615648161 0.190351489468025 0.0333120487179289
0.104837870104453 0.11721710758809 0.144989277019253 0.0699100283027091
0.0217073325949366 0.151315964198128 0.0674850472290299 0.12001464068538
-0.0852626638807316 0.0999101369645913 -0.0241189790229059 0.0793435671305762
-0.140701185959424 -0.011524197768815 -0.0169735986352969 0.0182237655987038
-0.111815074483275 -0.130773039503147 0.0327644550484669 0.0558011627673554
-0.0238603136870813 -0.214103955573016 0.0448909925760534 0.215583263849302
-0.01574524378408 -0.102546346557578 -0.0848792461481795 0.437483400821269
-0.0684091078265574 -0.0651946480559561 0.120272656499068 0.24494190469241
-0.0645270751577634 -0.0110881003450723 0.061346985635666 0.0466989371965184
-0.0434031115562806 0.0294871859586431 -0.0547636084010451 0.057088754686952
-0.0186748966559892 0.0527719767510486 0.0117398314971612 0.1893317686594
0.0217591358825017 0.0545199734280433 0.182215545942638 0.160163975421681
0.0555895387601291 0.0454249185747584 0.248578532960496 0.0783716227827425
0.0556372783752298 0.0498763123296904 0.239888491740106 0.0532021691092852
0.045917004764443 0.0490482627461446 0.215488827867963 0.0612669540043131
0.022594290081709 0.0595906160647301 0.148468788045414 0.0971253421737314
-0.0155621012634767 0.058131090988511 0.0506065328126319 0.126560400737845
-0.0419743686413674 0.0133329862933212 -0.0375415643750183 0.0671104805608268
-0.028752473780576 -0.0202057521890563 -0.00272952966983805 0.00871417272794291
-0.0305528184934137 -0.0347347352962306 0.0399381376559516 0.0651804952898377
-0.0168389111462442 -0.0703756228103893 0.0412679609849586 0.243628936846842
0.025178954474743 -0.0413456964550067 -0.049621378404615 -0.264588925224596
-0.0106113338573835 -0.0458052973757535 -0.10024882331732 -0.0794087711331227
-0.0464155226476724 0.000389992046935361 -0.0219411406950766 -0.000703566304759162
-0.0106608307288764 0.0424324118520478 0.049077350276323 -0.0303513186324874
0.0324324803422866 0.0365303654215657 -0.00419152890742829 -0.123608425571815
0.0414466261987804 0.0100401298392259 -0.134446791151276 -0.11861067614855
0.0279082074905356 -0.0161953328930199 -0.209937801425584 -0.0835866365858631
0.0355879794976569 -0.0251869822973817 -0.235299977546816 -0.0730130654117343
0.0466103066182115 -0.0102755108256107 -0.232366726147297 -0.0905927170388822
0.0628511132002501 0.0238939959240659 -0.171674187539228 -0.146196450793309
0.0267133913834111 0.0609329823093324 -0.047678631380122 -0.173291079375993
-0.0461709347703502 0.0611382542034671 0.0356726600751625 -0.0866386974614299
-0.0885787388506318 -0.0187698640752624 -0.044436587165363 -0.0708645501523252
-0.0207410053099664 -0.0890000002061079 -0.0410940798230925 -0.21689522005468
0.0322215255959686 -0.0756286147965298 0.107941082503427 -0.412672922859463
0.0343479653877882 -0.151593781919246 -0.0418250689084601 -0.229084493039585
-0.048481827899878 -0.120331199955159 -0.080744419317542 -0.0893286854946028
-0.111107980833529 -0.0269434707014853 -0.0272719797172918 -0.00811501859811064
-0.0617208862336067 0.0812374246107822 0.039203905928705 -0.0196335476895925
0.0318696186751288 0.111747757724215 0.00832279723521318 -0.107487251089849
0.0952719862140205 0.0737787425121189 -0.109585709433783 -0.117973050744168
0.105045180628617 0.0174169651226508 -0.180702829883273 -0.0888816139411967
0.120619276393622 0.000392295529155917 -0.200311709612023 -0.0761073277215531
0.132037749456573 0.0253250562071265 -0.192814152170157 -0.0884425353882899
0.142669514050525 0.100967028595845 -0.139551249645766 -0.125335027934983
0.0443509350653611 0.176121570774556 -0.038715152434458 -0.134744353871834
-0.121722266077377 0.152914164942207 0.0218406599295516 -0.0653483481631144
-0.23094004292839 -0.0319259651364529 -0.0661415094257879 -0.0622555392627227
-0.113557786586074 -0.222198976983996 -0.053441122366075 -0.194725094013453
0.0292148007464232 -0.251029993679024 0.0877955927238696 -0.356477960166195
0.0448708911571723 -0.250868347190741 -0.0428182471109432 -0.156429005080994
-0.0885733910593727 -0.196480816374772 -0.05414460221798 -0.0809555782699737
-0.182763048837566 -0.0581151599243565 -0.0234645358998811 -0.0172469660105722
-0.119926598482401 0.120918884185981 0.0234703278902648 -0.0150275292217569
0.0249689067379894 0.185710935868053 0.0131398955968536 -0.0765132620788036
0.138522837947121 0.135018985363397 -0.0714741503346997 -0.0965952055663945
0.169187901687579 0.0519017420829325 -0.124513227642349 -0.0789901347720147
0.187669721337242 0.0260922377406809 -0.134382651737329 -0.0680748187416837
0.196469355091347 0.0543769562930297 -0.123380433982449 -0.0738470243544698
0.206735327522748 0.157020290567708 -0.0853458022378888 -0.0895869908795744
0.0687665833815861 0.265628258564869 -0.0196134737556181 -0.0783453755380616
-0.166778809968909 0.236261691142453 0.0079441446694188 -0.0325880163724008
-0.34366800185282 -0.0177229656426614 -0.0769978054428899 -0.0411518539672378
-0.20544492284022 -0.307141267048437 -0.0551737027538936 -0.144447290570212
0.0118669781452168 -0.382791680283822 0.0663826068048299 -0.248224479386564
0.0508873691207652 -0.32624641721985 -0.0493074510095953 -0.045806741551554
-0.132000383411759 -0.263821938600654 -0.0162124237948135 -0.0420311046765451
-0.257373295888588 -0.0828766774307951 -0.00741103953890446 -0.0215404609419206
-0.174816629701474 0.160222447476712 0.00187956655710444 -0.0095509385939991
0.0147361068125367 0.246822410404086 0.0131396380537468 -0.0276432281825791
0.16679930379196 0.182322117401242 -0.0200126442063344 -0.0537065691049823
0.211494140699803 0.0786989341313354 -0.0469490026325774 -0.0548993772677058
0.225414443482033 0.0474097437887955 -0.0482295567302742 -0.0498859009231396
0.227536121348304 0.0730569334797324 -0.0357409797883041 -0.0519014016728874
0.240398982938276 0.184633781911195 -0.0149272872134267 -0.0460709885490027
0.092199004589696 0.308929018574195 0.011058000915898 -0.0126951186381284
-0.17453966607302 0.282547600121305 -0.00072808030158256 0.00934131019226033
-0.392569191968138 0.0110952312323414 -0.0725145803257458 -0.0133140409881949
-0.263904746691334 -0.331738526034263 -0.0398754486794783 -0.0776414754751929
-0.0136371771819731 -0.446021779944468 0.0510664491895275 -0.109664437599998
0.048567771114861 -0.357209669717046 -0.0605022518343557 0.093399983607704
-0.161301791769284 -0.298221421477517 0.030914882273091 0.0268026667373552
-0.300609565585634 -0.0936719115296907 0.0154559243139329 -0.0154967877772836
-0.205695081858907 0.18092275751846 -0.0215300238147144 0.0054339163718421
0.00319196893261112 0.272091382646451 0.0124849897384662 0.0389573474659529
0.170491741727551 0.201214566522157 0.0422349285933534 0.00646193351840432
0.222822244819079 0.0924428259845672 0.0429522462340488 -0.0207474215993548
0.228343145553523 0.0608855303616936 0.0449625944656482 -0.0247555674692578
0.222051694106916 0.0824745447111495 0.0547176877396473 -0.0251912416367826
0.229261648724748 0.183393104609895 0.0570273007215542 -0.00283908461098961
0.0909880573890345 0.295059947737727 0.0453354931534772 0.0480564442661478
-0.15299864198287 0.266453295322495 -0.00481831298737932 0.0491905833455712
-0.357550511005321 0.022151147109148 -0.0550627059552403 0.0109795521070933
-0.259871202793431 -0.295490607560853 -0.0108571734180238 -0.0125832220873044
-0.0273455116501035 -0.42482341801091 0.0449603606701302 0.0290213891707862
0.035432865977852 -0.327902009522865 -0.0736685285542367 0.236549815753678
-0.159492667596071 -0.273671884957579 0.0736540087852442 0.111401818132042
-0.278436453127217 -0.0853807942304177 0.036191140198345 0.00118179660630141
-0.191176970225347 0.160863489232687 -0.0432695677329372 0.0279873745353889
-0.00831630416999474 0.242113886921193 0.012273848509552 0.109763556376708
0.143262550731892 0.183165595048126 0.103742843872241 0.071743617965811
0.197010636625759 0.0904175150157665 0.130824191553944 0.018803391806391
0.196779040653281 0.0668876055587398 0.13143893366999 0.00425105932955821
0.182461246482928 0.0820217394177324 0.132237278239986 0.00356831539554994
0.177073499632174 0.157623023531272 0.111756028089706 0.0359783708488826
0.0633151481101738 0.232356248157662 0.0653415270657639 0.0925464829479033
-0.120329837648189 0.191440654707637 -0.0118072078627359 0.0734430908900543
-0.257857023069073 0.00944404087880994 -0.0356831230906477 0.0212737373932783
-0.195828379593075 -0.220900259039619 0.0156297932288099 0.0336930218681541
-0.0275970091019211 -0.335805332463565 0.0434857414175472 0.140877924495298
0.0131899558339606 -0.236938648880821 -0.0849435154956008 0.35496468155248
-0.123688194265536 -0.18793393740096 0.100966593238767 0.188185571293391
-0.188425740277804 -0.0554966445803724 0.050007761690239 0.024564696021125
-0.129023962926048 0.103057785128996 -0.0550715793628235 0.0475877142919646
-0.0155288054149326 0.160730195521053 0.0110880502182702 0.162995833986984
0.089113070634176 0.128859684622409 0.150528320746091 0.125387689275166
0.137606223367474 0.0727972899228077 0.200968378496405 0.0531603092660752
0.135467196288266 0.0636589196243363 0.198803813470207 0.0314172571292454
0.119974657911332 0.0712887986258459 0.18496492019838 0.0340550457099431
0.101554118605732 0.113784256956706 0.140080223428873 0.0691258227229922
0.0207095218360723 0.146298360490514 0.064866119312955 0.116690063385374
-0.083461767347692 0.095917735548856 -0.0242118535368978 0.0771652817153658
-0.137031810230076 -0.0124789336275352 -0.0188585366526023 0.0176577839043512
-0.106908852041272 -0.129406110173134 0.031933396805781 0.0570777392364026
-0.0199306369757236 -0.20754401943778 0.0419782690839572 0.209444170361757
-0.012712341213404 -0.100650729149667 -0.0908134179672479 0.422702784553522
-0.0653288711824902 -0.0638075044670052 0.113474668957565 0.239326707769795
-0.0637025286113469 -0.0114525344140855 0.060004152151939 0.0460530330183375
-0.0425776391172359 0.0281457403228509 -0.0533805204743548 0.0559286636630335
-0.0182849281139454 0.0514474763976992 0.00967176138323642 0.185234733049713
0.0203091215032561 0.0532804895573626 0.174657619361872 0.156590029669855
0.0540016003932049 0.0445133298296839 0.241158674294204 0.0784766401743666
0.0540947398045924 0.0498935895289984 0.234794022126794 0.0538192288245811
0.0438886232931826 0.0492689539023189 0.209669794614635 0.0616013831147128
0.0216233963414144 0.0585280027015965 0.143606687662938 0.0954837124800398
-0.0152001963186285 0.0561414563334497 0.0480682005288801 0.123348360571608
-0.041092562853921 0.012892438083672 -0.0374794796902125 0.0653104276873926
-0.0281952132183156 -0.0200328755265481 -0.00458807289198277 0.00871927219167877
-0.0289654347343135 -0.0350519989825835 0.0384595555608442 0.0650504626880726
-0.0153464850980221 -0.0694741490825892 0.0375844751234123 0.23546105161816
0.0259810092819478 -0.0403348936305883 -0.043976851377182 -0.266161769752103
-0.00933109326918873 -0.0470026140106681 -0.100077272192003 -0.080728423906179
-0.0460132061016696 -0.00119473291399927 -0.0224807322747965 -0.00044321829084368
-0.0113553653257394 0.0419113009623471 0.0499511251419229 -0.029177376758998
0.0316389809945578 0.0371261094583204 -0.00119709554821562 -0.12532993177277
0.0420191164540424 0.0111210984172116 -0.132002071919779 -0.120840600967586
0.0279794556694926 -0.0147927618820152 -0.210486219456096 -0.0882687834031421
0.0360198518260076 -0.0244415502863546 -0.238296012698199 -0.0774356520551076
0.0470429038874873 -0.00997191574025353 -0.233403625332755 -0.0954629761825629
0.0637058003289178 0.0250486188347861 -0.170160171296993 -0.150722602245312
0.0258100965358518 0.0625973460410534 -0.0445742560910416 -0.176178254155174
-0.0483224560027299 0.0607029603122062 0.038338475095555 -0.0869865893482252
-0.0888215088144414 -0.0218501412470759 -0.0423482432232668 -0.0726060037264098
-0.0188276396217906 -0.0901881726916933 -0.0345688306701352 -0.221338015325025
0.0337801092590985 -0.0747002084989762 0.118748546489866 -0.409747961641994
0.0388170225434141 -0.150830567012477 -0.0380819928179156 -0.230811474609814
-0.0452796173251381 -0.121843341621775 -0.0803767084894269 -0.0910656603760537
-0.110494446772443 -0.0304339931960162 -0.0280257619454391 -0.00865260737637721
-0.0634266258704324 0.0794190525982202 0.0407981166552228 -0.018957896124098
0.0303269501944211 0.112615070201607 0.0113903364043471 -0.1077147139589
0.0944808377111637 0.0753272484222877 -0.106832284188778 -0.119570062302185
0.104506075167465 0.0211112551040536 -0.179847337122175 -0.0926281007710255
0.121840482890983 0.00378578405885156 -0.202332090719277 -0.0805823742922115
0.132940916834204 0.0279952454500795 -0.193472974779971 -0.0933370472107145
0.142243223982923 0.103903084601235 -0.138573684199183 -0.128927138638966
0.0412375333186811 0.178404444574996 -0.0359279050328699 -0.1372824081525
-0.126986696367086 0.151272105112627 0.0230422487090264 -0.0654978762140489
-0.232992358893115 -0.0389605566631633 -0.0654274662200405 -0.0638163695333038
-0.109033584051702 -0.226858029563354 -0.0475828634534911 -0.198058140805609
0.0352016821306176 -0.25018020274216 0.0972906020909969 -0.353281822905729
0.0518413820409858 -0.250658219644195 -0.040467764576653 -0.158546229625941
-0.0834883295603599 -0.199281480435969 -0.0538221172799405 -0.0818961527763884
-0.18172133318197 -0.0631485939361862 -0.023627453890254 -0.018340925635706
-0.122620049002857 0.1176174752037 0.0242701605698457 -0.0147886729669104
0.0209624733358449 0.186852213391231 0.0159058056169294 -0.0761187891389757
0.137018176720088 0.137917325825003 -0.0699143067587098 -0.0975080558726857
0.169225064633193 0.0562515648690376 -0.123880228940016 -0.0821894551548822
0.188787268035477 0.0308550269859513 -0.136438277852444 -0.0715549008643056
0.196792386288266 0.0586032599529019 -0.123956142444197 -0.0776545517175002
0.206475132728406 0.161394518411697 -0.0847032504033512 -0.0920695053892722
0.0660526736240554 0.268503854795603 -0.0179106194709179 -0.0805126365778934
-0.173165322648876 0.234641253885058 0.00821146756890496 -0.0328400858752225
-0.347761658552924 -0.0267338875285459 -0.0777483607885318 -0.0415795529963163
-0.20037556840121 -0.316203406031914 -0.0506805410994275 -0.146531549700219
0.0203308089412666 -0.384474256452202 0.0731710542843478 -0.244504116022594
0.0602090087976363 -0.326229676257935 -0.0502369758878295 -0.0479745835420652
-0.124935743820727 -0.268782582133484 -0.0166952642482218 -0.0424228852555662
-0.257411829092538 -0.0899358951815539 -0.00717788739063407 -0.022653671126776
-0.179483731705237 0.15677281734841 0.00381552132683132 -0.00956798856661852
0.0105014027426541 0.248405979159755 0.0146133491594253 -0.0269989535930933
0.164740025285586 0.185966780918121 -0.0191454104132547 -0.0539120454760204
0.211439140453105 0.0845797946288829 -0.046329888377862 -0.0559900696307104
0.226795615238539 0.0534525353069087 -0.0495290708773556 -0.0509824246270976
0.227990182190277 0.0791122175771203 -0.0355422197132348 -0.0539923871857099
0.23854190000354 0.189797560503458 -0.0151573062162737 -0.0469384692593726
0.0876458283319242 0.312956865583041 0.0127122626408805 -0.0143870012964678
-0.181303634372367 0.280790625105099 -0.00140741378320286 0.00905177120053402
-0.396388568516427 0.000164293255716502 -0.0741765700766459 -0.0124439580194783
-0.258538925831137 -0.34000957637947 -0.0367617762815727 -0.0779963049693625
-0.00189994510901428 -0.446045322122027 0.0549132269262416 -0.10628629899925
0.059809596935374 -0.356791037143766 -0.0648818854096602 0.0907429532351257
-0.153799097515402 -0.303283092164082 0.0283940772454461 0.0275542445304701
-0.300683366784659 -0.102269470037108 0.0159396887688757 -0.0166342376982599
-0.211040505318144 0.176424711854925 -0.020456938200888 0.00502950578662196
-0.001749583947562 0.273708626471442 0.0132151102969598 0.0408633352395561
0.167731883720552 0.205691816637474 0.0411915776672042 0.0079017522362598
0.222040631135626 0.0992601718266997 0.0435272537097091 -0.0188777453849329
0.229552191600949 0.0682425069498256 0.0455305279122404 -0.0241906165128438
0.222302890460925 0.088385995618408 0.0547418369208157 -0.0249879381038952
0.228059929324455 0.187284221674229 0.0569292668794763 -0.00218609683238176
0.0874509395003105 0.298310036898192 0.045685466176103 0.048111683331208
-0.160142902426503 0.264525765787855 -0.00645326137456045 0.0493835638547062
-0.362629471921148 0.0141661617093406 -0.057674931284263 0.012313821818147
-0.255484505465594 -0.304090260556831 -0.008928564759137 -0.0108598693201478
-0.017859393320506 -0.426406182868778 0.0453446872707716 0.0328497766858547
0.0460292473358543 -0.329669290634071 -0.0821810313535263 0.234659267601212
-0.152302231684679 -0.279217779127693 0.0703548083420801 0.11316915458408
-0.279492264690074 -0.0932742293353083 0.0368629054473239 0.000192872880124426
-0.196488953771885 0.156762787312825 -0.0430121354341255 0.027677313204686
-0.0127632448618507 0.243854631759074 0.0115198191338315 0.112193469965573
0.140106019585929 0.187027581217144 0.101460223796058 0.0737402867869924
0.196160210694695 0.0958621017409695 0.131641972502043 0.0212771535517526
0.197441956529751 0.0731471323185571 0.133252530665586 0.00665566305834604
0.182860869153232 0.0872937487094621 0.132384737381313 0.00574785018697047
0.176488003380831 0.160607161517338 0.111037927222422 0.037632016115203
0.0601656408001224 0.23499421695546 0.0651689225599429 0.0931067234172741
-0.125478442708547 0.189948633971815 -0.0135204019032629 0.0736205736948533
-0.260844539847416 0.00408531809797568 -0.0375972528608561 0.0221625574972804
-0.191716630275309 -0.227551798237577 0.0169090628102936 0.0361860168284714
-0.020283214324016 -0.337347006076704 0.0412927258368654 0.143931351015868
0.0210462027207573 -0.238611885866314 -0.0963352042659518 0.353078559431636
-0.11853918295861 -0.191918976977426 0.0963688837281774 0.191137220469099
-0.189673518272129 -0.0609322827382658 0.0504789305494563 0.0244544331370387
-0.132804669054472 0.100844777006747 -0.0562095162881218 0.0478265594085506
-0.0189596967904539 0.162038117948691 0.00913967329266534 0.165579134831009
0.0867859069319612 0.131593501742198 0.148247397672543 0.128496213410129
0.136897800176522 0.0765177151847555 0.20156579756601 0.0582396630017136
0.136164303471094 0.0681082328071264 0.200839119980474 0.0352200913872522
0.11960821624498 0.0754171608215786 0.185762307498658 0.0375139970098457
0.100198226136829 0.116527395644066 0.139379028554977 0.071916543955623
0.0189218590015465 0.14755497050687 0.0635603470562214 0.117318166552605
-0.0859081818489193 0.0942556913822729 -0.0260138901622996 0.0773687911622839
-0.138547099886429 -0.0149060015524928 -0.0209635759265415 0.0187565162872934
-0.104793767133272 -0.133349466299489 0.0324394241168102 0.0599196135348391
-0.0155040118657328 -0.209600528311713 0.0375875143497803 0.211837241220346
-0.00945607072714567 -0.101946061244007 -0.102266210603568 0.421887423285916
-0.0632948333770255 -0.0657647637553148 0.107410420176639 0.243029230361393
-0.0645187873963032 -0.0133149724710048 0.0595413507644544 0.0472441582404796
-0.0437436533285916 0.0275238133096567 -0.055252361872419 0.0561237625718964
-0.01969594434497 0.0518591126044323 0.00704753349282215 0.188495593486428
0.0187939505707935 0.053842308535746 0.171963605720046 0.160609276471064
0.0531509506277791 0.045169418207364 0.241699773857261 0.0833883373818348
0.054750607881178 0.0518760903629283 0.23788700214744 0.0581439843797206
0.0435794135376144 0.0517932866271358 0.210210401828381 0.0665196852370327
0.0206734188839239 0.0593341606315021 0.142299509885052 0.0985010833870935
-0.0158832323378358 0.0556093346495663 0.0462120120926829 0.124661413824089
-0.0411057401690229 0.0120095507986069 -0.0387146413289837 0.0648108075094463
-0.0286986801309363 -0.0197814149564465 -0.00591242699799925 0.0089118469532633
-0.0281486618679809 -0.0363646390305678 0.0387565829205639 0.0673067026008779
-0.0135661052053332 -0.0705698250661879 0.0326236875507985 0.236111533266126
