TRXV5
3
4
4
9
string Extension=J
integer IsArchMeasurement=1
integer IsSpherical=1
string Generator=SPM
string GeneratorVersion=1.3.1 Dev
double ArchRadius=0.449999988079071
integer FrequencyAxisIndex=0
integer AzimuthAxisIndex=1
integer ElevationAxisIndex=2
Frequency
5 136 690000000 960000000 LIN
Azimuth
7 8 0 2.74889357189107 LIN
Elevation
7 15 -2.74889357189107 2.74889357189107 LIN
Polar H Real Part
13
Polar H Imaginary Part
14
Polar V Real Part
13
Polar V Imaginary Part
14
Polar H Magnitude (dB)
12 0xC0000002 0 1
Polar H Phase
7 0xC0000003 0 1
Polar V Magnitude (dB)
12 0xC0000002 2 3
Polar V Phase
7 0xC0000003 2 3
-0.0282058715820312 0.0197906494140625 0.0398101806640625 0.0191726684570313
0.00218009948730469 0.0293941497802734 0.0143499374389648 0.0151281356811523
0.0161027908325195 0.0096282958984375 0.00542259216308594 0.0209102630615234
0.0149059295654297 -0.00195598602294922 0.020294189453125 0.0276355743408203
0.0111474990844727 -0.00883674621582031 0.0341510772705078 0.0176544189453125
0.00620555877685547 -0.016331672668457 0.0395393371582031 0.00193405151367187
0.00385189056396484 -0.0152511596679688 0.0354232788085938 -0.00362014770507813
0.00542449951171875 -0.0134716033935547 0.0262832641601563 -0.00158309936523438
0.0122804641723633 -0.0155391693115234 0.0148029327392578 0.00302219390869141
0.0199356079101563 -0.00446128845214844 0.00325441360473633 0.00314092636108398
0.0185279846191406 0.0123348236083984 -0.00482749938964844 -0.0112800598144531
0.00651168823242187 0.0216960906982422 0.00575065612792969 -0.0243339538574219
-0.0146827697753906 0.0199832916259766 0.0372123718261719 -0.0249176025390625
-0.0280685424804687 0.0134506225585938 0.04583740234375 -0.00698089599609375
-0.0385017395019531 0.00331878662109375 0.0236072540283203 0.00130462646484375
-0.0403251647949219 0.0137901306152344 0.0273303985595703 0.0261402130126953
-0.0132293701171875 0.0304794311523438 0.00495529174804687 0.0234947204589844
0.00600814819335938 0.01806640625 0.00223922729492188 0.0294284820556641
0.0119972229003906 0.00991153717041016 0.0189151763916016 0.0343666076660156
0.0150899887084961 0.00146198272705078 0.0326385498046875 0.0241966247558594
0.0161676406860352 -0.00894832611083984 0.0394744873046875 0.00816726684570313
0.014988899230957 -0.0112590789794922 0.0337486267089844 0.00213050842285156
0.0145816802978516 -0.00926589965820313 0.0228500366210938 0.00348854064941406
0.0214805603027344 -0.0102138519287109 0.0097799301147461 0.00818824768066406
0.0265560150146484 0.00328826904296875 -0.00346565246582031 0.0067138671875
0.0205230712890625 0.0208034515380859 -0.0130538940429688 -0.00945186614990234
0.00450515747070312 0.0303001403808594 -0.00304412841796875 -0.0249977111816406
-0.0219211578369141 0.0255832672119141 0.0267829895019531 -0.0281543731689453
-0.0384140014648438 0.0134315490722656 0.0318813323974609 -0.00875473022460938
-0.0488395690917969 0.000186920166015631 0.00829887390136718 0.000428676605224609
-0.0483283996582031 0.00426864624023438 0.00987434387207031 0.0292778015136719
-0.0285987854003906 0.0259056091308594 -0.00988388061523438 0.029815673828125
-0.00664329528808594 0.0234394073486328 -0.00414276123046875 0.0372734069824219
0.00535011291503906 0.0215282440185547 0.0145835876464844 0.0408172607421875
0.0156459808349609 0.0135221481323242 0.0285663604736328 0.0287227630615234
0.0241966247558594 0.00169181823730469 0.03564453125 0.0131950378417969
0.0240364074707031 -0.0050048828125 0.0275745391845703 0.00685310363769531
0.0212574005126953 -0.00378227233886719 0.0159788131713867 0.00815677642822266
0.0272331237792969 -0.00379371643066406 0.00150394439697266 0.012451171875
0.0300178527832031 0.00863265991210938 -0.0120086669921875 0.0095367431640625
0.0206527709960938 0.0245513916015625 -0.0215606689453125 -0.00728797912597656
0.00418663024902344 0.033905029296875 -0.0123977661132813 -0.0234146118164062
-0.02349853515625 0.0281772613525391 0.0150928497314453 -0.0287303924560547
-0.0412483215332031 0.0137977600097656 0.0154714584350586 -0.00830650329589844
-0.0526046752929688 -0.00240325927734376 -0.00960445404052735 -0.00142955780029297
-0.0484695434570313 -0.00605010986328124 -0.00946235656738282 0.0281219482421875
-0.0387802124023438 0.0166511535644531 -0.0277290344238281 0.032196044921875
-0.0192699432373047 0.0246086120605469 -0.0146141052246094 0.0431098937988281
-0.00294113159179687 0.0294628143310547 0.00788116455078125 0.0446014404296875
0.0133380889892578 0.0232124328613281 0.0215492248535156 0.0303287506103516
0.0272483825683594 0.0122127532958984 0.0274448394775391 0.0162525177001953
0.0289421081542969 0.00257492065429688 0.0181312561035156 0.00995254516601563
0.0243473052978516 0.00237655639648438 0.00560665130615234 0.0108003616333008
0.0288543701171875 0.00227546691894531 -0.00720596313476562 0.0151824951171875
0.0289173126220703 0.0125560760498047 -0.0201053619384766 0.0123119354248047
0.0184478759765625 0.0248374938964844 -0.0280838012695313 -0.00362586975097656
0.002685546875 0.0323352813720703 -0.0191822052001953 -0.0192012786865234
-0.0219593048095703 0.0263442993164062 0.00428009033203125 -0.0252189636230469
-0.038543701171875 0.0118179321289062 -0.000147104263305667 -0.00410676002502441
-0.0493011474609375 -0.00494766235351563 -0.0261154174804688 -0.00163841247558594
-0.0401458740234375 -0.0140724182128906 -0.0282630920410156 0.0215988159179687
-0.0390396118164063 0.00511550903320312 -0.0457191467285156 0.0288734436035156
-0.0270843505859375 0.0193595886230469 -0.0258331298828125 0.043792724609375
-0.0116138458251953 0.0301666259765625 -0.000335693359375004 0.0430793762207031
0.0075836181640625 0.0279655456542969 0.0131492614746094 0.0276336669921875
0.024505615234375 0.0202255249023438 0.0166349411010742 0.0152931213378906
0.0283145904541016 0.00931358337402344 0.00558853149414063 0.0103635787963867
0.0233097076416016 0.00771331787109375 -0.0050973892211914 0.0119476318359375
0.0260639190673828 0.0075531005859375 -0.0162420272827148 0.016657829284668
0.0246486663818359 0.0160884857177734 -0.0267276763916016 0.0134563446044922
0.0135383605957031 0.0244369506835938 -0.0324325561523438 -0.00176429748535156
-0.00106620788574219 0.0287952423095703 -0.0224189758300781 -0.0159091949462891
-0.0214500427246094 0.0203609466552734 -0.00239181518554688 -0.0188941955566406
-0.0327281951904297 0.00520896911621094 -0.0119895935058594 0.00167369842529297
-0.0415420532226563 -0.0114021301269531 -0.040679931640625 -0.00225448608398437
-0.0232810974121094 -0.0174751281738281 -0.0396652221679688 0.0137863159179687
-0.0286674499511719 -0.0049896240234375 -0.0564460754394531 0.0212211608886719
-0.0250911712646484 0.00896263122558594 -0.0343856811523437 0.0396499633789063
-0.0164661407470703 0.0219402313232422 -0.007843017578125 0.037628173828125
-0.000240325927734376 0.02484130859375 0.00547409057617188 0.02191162109375
0.0159549713134766 0.0224990844726563 0.00564670562744141 0.0116710662841797
0.0218505859375 0.0146484375 -0.00571632385253906 0.0089263916015625
0.0184288024902344 0.0115489959716797 -0.015202522277832 0.0110816955566406
0.0218067169189453 0.0121650695800781 -0.0240478515625 0.0150070190429687
0.0180511474609375 0.0182037353515625 -0.0314655303955078 0.0105781555175781
0.00739860534667969 0.0233325958251953 -0.0336284637451172 -0.00216293334960938
-0.00665855407714844 0.0240669250488281 -0.0221786499023438 -0.0138168334960937
-0.0224246978759766 0.0118503570556641 -0.00633811950683594 -0.0141305923461914
-0.0264663696289063 -0.00424385070800782 -0.0195732116699219 0.00418281555175781
-0.0282115936279297 -0.0189781188964844 -0.0492515563964844 -0.00506591796875
-0.00239181518554687 -0.0157194137573242 -0.0445327758789063 0.00574111938476563
-0.00901412963867188 -0.0100431442260742 -0.0594253540039063 0.0138664245605469
-0.0139255523681641 -0.00226688385009766 -0.0373878479003906 0.03369140625
-0.0144548416137695 0.00706100463867188 -0.010589599609375 0.0304546356201172
-0.00679683685302735 0.0135040283203125 0.0013885498046875 0.0145111083984375
0.00317764282226563 0.0188102722167969 -0.00327205657958985 0.0055546760559082
0.0113525390625 0.0170917510986328 -0.0151729583740234 0.00481128692626953
0.0103235244750977 0.0140409469604492 -0.0236320495605469 0.00904464721679688
0.0131645202636719 0.0148239135742188 -0.030426025390625 0.0124092102050781
0.0100536346435547 0.0194625854492188 -0.0358238220214844 0.00711441040039063
0.000848770141601561 0.0211715698242187 -0.0345821380615234 -0.00501060485839844
-0.0117702484130859 0.0193862915039062 -0.0216941833496094 -0.0150566101074219
-0.0234260559082031 0.00295448303222656 -0.00731658935546875 -0.013178825378418
-0.0190505981445313 -0.014434814453125 -0.0223102569580078 0.00338554382324219
-0.0138721466064453 -0.0261669158935547 -0.0527763366699219 -0.00965499877929687
0.0183086395263672 -0.0119495391845703 -0.0391960144042969 0.00205230712890625
0.0113096237182617 -0.012669563293457 -0.0542030334472656 0.0101776123046875
0.00131320953369141 -0.0122566223144531 -0.0351333618164063 0.0298557281494141
-0.0084228515625 -0.00891017913818359 -0.00928115844726563 0.0259685516357422
-0.011627197265625 0.000142097473144533 0.00146579742431641 0.00931835174560547
-0.0091552734375 0.0115823745727539 -0.00643205642700195 0.000116348266601564
-0.00144577026367187 0.0166444778442383 -0.0189266204833984 0.000249862670898437
0.00111293792724609 0.0139331817626953 -0.0280132293701172 0.00499153137207031
0.00338840484619141 0.0147304534912109 -0.0347766876220703 0.00750923156738281
0.00143337249755859 0.0174503326416016 -0.0382347106933594 0.000770568847656254
-0.00458145141601563 0.0172510147094727 -0.0348529815673828 -0.00996589660644531
-0.0144195556640625 0.0133810043334961 -0.0211906433105469 -0.0185260772705078
-0.0221138000488281 -0.00456428527832031 -0.00818061828613281 -0.0157699584960938
-0.0107250213623047 -0.0218486785888672 -0.0226306915283203 -0.00371170043945312
0.0020751953125 -0.0304508209228516 -0.0507354736328125 -0.0177993774414063
-0.0269584655761719 0.0257911682128906 0.0461311340332031 0.0210037231445313
0.00742912292480469 0.0324821472167969 0.0189762115478516 0.0163917541503906
0.0201911926269531 0.00744247436523438 0.00788307189941406 0.02142333984375
0.0166378021240234 -0.00523090362548828 0.0226459503173828 0.028076171875
0.0108127593994141 -0.0122766494750977 0.0370330810546875 0.0176849365234375
0.00300025939941406 -0.0202083587646484 0.04290771484375 0.000659942626953124
0.000862121582031249 -0.0175971984863281 0.0394096374511719 -0.005126953125
0.00316047668457031 -0.0160388946533203 0.0298442840576172 -0.00253868103027344
0.00992774963378907 -0.0198554992675781 0.0182323455810547 0.00392532348632812
0.0207881927490234 -0.00841140747070312 0.00520706176757813 0.0054326057434082
0.0223522186279297 0.0100307464599609 -0.00619316101074218 -0.00953292846679688
0.0112419128417969 0.022369384765625 0.00318717956542969 -0.0248260498046875
-0.0128459930419922 0.025421142578125 0.0368499755859375 -0.0294075012207031
-0.0304107666015625 0.020294189453125 0.0505142211914063 -0.0102577209472656
-0.0429954528808594 0.00985336303710937 0.0274028778076172 0.00260162353515625
-0.0420913696289063 0.019287109375 0.0332965850830078 0.0302791595458984
-0.0099945068359375 0.0339717864990234 0.00933265686035156 0.0261898040771484
0.00947666168212891 0.0171384811401367 0.005157470703125 0.0307216644287109
0.0133218765258789 0.00782966613769531 0.0214958190917969 0.0359382629394531
0.0147705078125 -0.000802993774414063 0.0367889404296875 0.0245094299316406
0.0150537490844727 -0.0114822387695312 0.0439109802246094 0.00706863403320312
0.0141706466674805 -0.0135421752929688 0.0387954711914063 0.00136566162109375
0.0141458511352539 -0.0111856460571289 0.0272884368896484 0.00345420837402344
0.0212688446044922 -0.0135669708251953 0.0139007568359375 0.00985431671142578
0.0292301177978516 0.0001678466796875 -0.00138664245605469 0.0102119445800781
0.0246067047119141 0.0199604034423828 -0.0141391754150391 -0.00640678405761718
0.00888633728027344 0.0328102111816406 -0.006134033203125 -0.0238933563232422
-0.0219230651855469 0.0307846069335938 0.0256729125976563 -0.0317955017089844
-0.0422935485839844 0.0194244384765625 0.0346813201904297 -0.0105953216552734
-0.0551414489746094 0.00579452514648437 0.00999355316162109 0.00285911560058594
-0.0522880554199219 0.00740432739257812 0.0142974853515625 0.0353469848632813
-0.0285625457763672 0.0292549133300781 -0.00599479675292969 0.0348949432373047
-0.00570106506347656 0.0243911743164063 -0.00135421752929688 0.0404853820800781
0.00663948059082031 0.0220413208007813 0.0182037353515625 0.0433311462402344
0.0170793533325195 0.0126848220825195 0.0331592559814453 0.0299663543701172
0.0248832702636719 0.000123977661132813 0.0406837463378906 0.0129966735839844
0.0250606536865234 -0.00710105895996094 0.0330982208251953 0.00658416748046875
0.0225849151611328 -0.00503158569335938 0.0202293395996094 0.00894737243652344
0.0287647247314453 -0.00629997253417969 0.00572776794433594 0.0150518417358398
0.0330009460449219 0.00695991516113281 -0.00969505310058594 0.0140657424926758
0.0247039794921875 0.02520751953125 -0.0225982666015625 -0.00301933288574218
0.00680923461914063 0.0372962951660156 -0.0155696868896484 -0.0214862823486328
-0.0242385864257813 0.0333137512207031 0.0128078460693359 -0.0307502746582031
-0.0463218688964844 0.0185012817382813 0.0165977478027344 -0.00811672210693359
-0.0594863891601563 0.00136947631835937 -0.00963497161865235 0.00259971618652344
-0.0534553527832031 -0.00534820556640626 -0.00761795043945313 0.0351238250732422
-0.0414543151855469 0.0182991027832031 -0.02606201171875 0.0386085510253906
-0.0208644866943359 0.026519775390625 -0.0116119384765625 0.0470619201660156
-0.00288963317871094 0.0320606231689453 0.01123046875 0.047637939453125
0.0148715972900391 0.0246334075927734 0.0256614685058594 0.0320358276367188
0.0298938751220703 0.0121517181396484 0.0326671600341797 0.0168514251708984
0.0316009521484375 0.00131988525390625 0.0222816467285156 0.010345458984375
0.0268363952636719 0.00171279907226563 0.00958061218261719 0.0123653411865234
0.0317592620849609 0.00160598754882813 -0.00384902954101562 0.0185260772705078
0.0323524475097656 0.0128231048583984 -0.0176544189453125 0.0168056488037109
0.0213203430175781 0.0270042419433594 -0.0289440155029297 0.000965118408203129
0.00439071655273438 0.0363006591796875 -0.0219631195068359 -0.0166740417480469
-0.0239963531494141 0.0307788848876953 0.00181961059570312 -0.02557373046875
-0.0437240600585937 0.0142936706542969 0.000239610671997068 -0.00234818458557129
-0.0563201904296875 -0.00399017333984374 -0.0278263092041016 0.00305366516113281
-0.0456619262695312 -0.0160331726074219 -0.0291233062744141 0.0289726257324219
-0.0439910888671875 0.00458145141601563 -0.0457801818847656 0.036224365234375
-0.0304012298583984 0.0208015441894531 -0.023712158203125 0.0494613647460938
-0.0128536224365234 0.0343894958496094 0.00212478637695313 0.0468406677246094
0.00854110717773438 0.0312137603759766 0.0161628723144531 0.0292072296142578
0.0281791687011719 0.0223751068115234 0.0207405090332031 0.0162906646728516
0.0326957702636719 0.0099029541015625 0.0085744857788086 0.0110988616943359
0.027130126953125 0.00856590270996094 -0.00244712829589843 0.0138702392578125
0.0307044982910156 0.00895881652832031 -0.0138263702392578 0.0194435119628906
0.0287799835205078 0.0176887512207031 -0.0248031616210937 0.0173206329345703
0.0159931182861328 0.0275955200195313 -0.0327835083007812 0.00255012512207031
-0.0010528564453125 0.0334110260009766 -0.0243930816650391 -0.0131549835205078
-0.0248832702636719 0.0236167907714844 -0.00427055358886719 -0.0182075500488281
-0.0388755798339844 0.00576019287109375 -0.0123777389526367 0.0047760009765625
-0.0481147766113281 -0.0122718811035156 -0.0441932678222656 0.00251388549804687
-0.0268440246582031 -0.0220527648925781 -0.0433082580566406 0.0197906494140625
-0.0335597991943359 -0.00783348083496093 -0.0591506958007812 0.0287666320800781
-0.0295925140380859 0.00944519042968751 -0.0332756042480469 0.0449676513671875
-0.0193195343017578 0.0258884429931641 -0.00576019287109375 0.0410194396972656
-0.00061798095703125 0.029052734375 0.00770378112792969 0.0230598449707031
0.0197887420654297 0.0264816284179688 0.00793266296386719 0.0121545791625977
0.0271282196044922 0.0160961151123047 -0.00462627410888672 0.00981330871582032
0.0226383209228516 0.0135917663574219 -0.0146369934082031 0.0129718780517578
0.0258769989013672 0.0142688751220703 -0.0229988098144531 0.0180625915527344
0.0224018096923828 0.0216693878173828 -0.0307350158691406 0.0141849517822266
0.00931167602539063 0.0279731750488281 -0.0342521667480469 0.0012054443359375
-0.0074310302734375 0.0294685363769531 -0.0238590240478516 -0.0114784240722656
-0.0267791748046875 0.0144920349121094 -0.00773811340332031 -0.0127382278442383
-0.0329208374023438 -0.00539588928222656 -0.0209274291992188 0.00748443603515625
-0.0346736907958984 -0.0224227905273438 -0.0540618896484375 -0.00131988525390626
-0.00333023071289062 -0.0219249725341797 -0.0492362976074219 0.00999069213867186
-0.0124959945678711 -0.0156269073486328 -0.0637321472167969 0.0200767517089844
-0.0179786682128906 -0.00407028198242187 -0.0374565124511719 0.0394439697265625
-0.0187549591064453 0.00931549072265625 -0.00908851623535157 0.0329627990722656
-0.00861167907714844 0.0179157257080078 0.00212669372558594 0.0146398544311523
0.00604438781738281 0.0238685607910156 -0.0025782585144043 0.00540542602539063
0.0157051086425781 0.0201072692871094 -0.0156259536743164 0.00607395172119141
0.0144577026367187 0.0163946151733398 -0.0244064331054688 0.0108661651611328
0.0176143646240234 0.0176219940185547 -0.0308074951171875 0.0151996612548828
0.0141334533691406 0.0230464935302734 -0.03594970703125 0.009429931640625
0.00271224975585938 0.0260105133056641 -0.0358619689941406 -0.00271224975585938
-0.0127582550048828 0.0251140594482422 -0.0232048034667969 -0.0138282775878906
-0.0284881591796875 0.00567626953125 -0.00864028930664063 -0.0122079849243164
-0.0253753662109375 -0.0169353485107422 -0.0248508453369141 0.00606727600097656
-0.0193881988525391 -0.0309543609619141 -0.0590400695800781 -0.00761795043945312
0.019683837890625 -0.0185432434082031 -0.0443916320800781 0.00372695922851563
0.0105705261230469 -0.0186595916748047 -0.0584030151367187 0.0146484375
-0.0015268325805664 -0.015772819519043 -0.0347537994384766 0.0348491668701172
-0.0135688781738281 -0.00885200500488281 -0.00758934020996094 0.0275745391845703
-0.0147285461425781 0.00287723541259766 0.00225448608398437 0.00884342193603516
-0.00866603851318359 0.0167770385742188 -0.00733613967895508 -0.00082874298095703
0.00238418579101563 0.020416259765625 -0.0215091705322266 0.000392913818359379
0.00465869903564453 0.0171947479248047 -0.0307712554931641 0.00638389587402344
0.00748062133789062 0.0178985595703125 -0.0370712280273438 0.00937271118164062
0.00487136840820312 0.0212745666503906 -0.0404434204101563 0.00253677368164062
-0.00339889526367188 0.0213108062744141 -0.0371551513671875 -0.00824737548828124
-0.0158596038818359 0.0183830261230469 -0.0231456756591797 -0.0176410675048828
-0.0266761779785156 -0.00254249572753906 -0.00982093811035156 -0.0155220031738281
-0.0163726806640625 -0.0254497528076172 -0.0260810852050781 -0.00256156921386719
-0.0017547607421875 -0.0367546081542969 -0.0572662353515625 -0.0176544189453125
-0.0235176086425781 0.0311279296875 0.0522499084472656 0.0207977294921875
0.0136051177978516 0.0330638885498047 0.0232791900634766 0.0156135559082031
0.0230579376220703 0.00456619262695312 0.00977325439453125 0.0206298828125
0.0162267684936523 -0.00919723510742188 0.0245113372802734 0.0275077819824219
0.00811100006103516 -0.0154829025268555 0.039642333984375 0.0170135498046875
-0.000802993774414063 -0.0219745635986328 0.0451507568359375 -0.000789642333984376
-0.00261497497558594 -0.0190677642822266 0.0425148010253906 -0.00736618041992188
-0.000100135803222656 -0.0171546936035156 0.0337142944335938 -0.00455474853515625
0.00650978088378906 -0.0227851867675781 0.0221214294433594 0.00390434265136719
0.0204849243164063 -0.0129814147949219 0.00841665267944336 0.00679302215576172
0.0254554748535156 0.00627899169921875 -0.0060276985168457 -0.00691127777099609
0.0157985687255859 0.0218162536621094 0.00133705139160156 -0.0240859985351562
-0.00949859619140625 0.0297126770019531 0.0352516174316406 -0.0329513549804688
-0.02960205078125 0.0273513793945313 0.0530662536621094 -0.0141639709472656
-0.0440216064453125 0.0175743103027344 0.0314483642578125 0.00284957885742188
-0.0408782958984375 0.02398681640625 0.0400390625 0.032135009765625
-0.006378173828125 0.03546142578125 0.0146446228027344 0.0273914337158203
0.0111331939697266 0.0153846740722656 0.00798225402832031 0.0310211181640625
0.0140266418457031 0.00589179992675781 0.0247726440429688 0.0361518859863281
0.0137405395507813 -0.00294399261474609 0.0402412414550781 0.0244331359863281
0.0122413635253906 -0.0136661529541016 0.0474624633789063 0.00603103637695312
0.0123214721679688 -0.0150671005249023 0.043212890625 -0.000770568847656251
0.0126619338989258 -0.0126371383666992 0.0320816040039063 0.00200653076171875
0.0195522308349609 -0.0162715911865234 0.0186061859130859 0.0103797912597656
0.0297775268554688 -0.00323867797851563 0.00296401977539063 0.0128879547119141
0.0280437469482422 0.0179462432861328 -0.0136909484863281 -0.00257587432861328
0.0127182006835937 0.0335979461669922 -0.00822067260742188 -0.0214500427246094
-0.0198402404785156 0.035858154296875 0.0232830047607422 -0.0332202911376953
-0.0439529418945313 0.0260848999023437 0.0367507934570313 -0.0123481750488281
-0.0585823059082031 0.0128135681152344 0.0131969451904297 0.00572395324707031
-0.0539093017578125 0.011199951171875 0.0206718444824219 0.0393562316894531
-0.0275859832763672 0.0316753387451172 -0.000740051269531248 0.0379905700683594
-0.00473594665527344 0.0244617462158203 0.00246047973632812 0.0417022705078125
0.00721549987792969 0.0216236114501953 0.02178955078125 0.0443267822265625
0.0173683166503906 0.0121879577636719 0.0373458862304688 0.02996826171875
0.0247879028320312 -0.00136375427246094 0.0454025268554687 0.0117645263671875
0.0255718231201172 -0.00860977172851562 0.0377693176269531 0.00490570068359375
0.0229778289794922 -0.00610542297363281 0.0253009796142578 0.00798606872558594
0.0293807983398438 -0.00830841064453125 0.0110311508178711 0.0157308578491211
0.0348415374755859 0.00499916076660156 -0.00494670867919922 0.0171384811401367
0.0277557373046875 0.0246429443359375 -0.0216636657714844 0.00172233581542969
0.010162353515625 0.0388031005859375 -0.0171718597412109 -0.0177402496337891
-0.0236053466796875 0.03741455078125 0.0103321075439453 -0.0309352874755859
-0.0495719909667969 0.02398681640625 0.0181941986083984 -0.00808334350585937
-0.0644454956054688 0.00692367553710937 -0.00730228424072266 0.00750398635864258
-0.058197021484375 -0.00294876098632812 -0.00331497192382813 0.0413284301757813
-0.043914794921875 0.02081298828125 -0.0214462280273437 0.0436248779296875
-0.0214309692382812 0.0284500122070313 -0.00747299194335938 0.0496559143066406
-0.00256156921386719 0.03448486328125 0.0154380798339844 0.0492019653320313
0.0158557891845703 0.0262718200683594 0.0300445556640625 0.0326728820800781
0.0318984985351563 0.0121135711669922 0.0370674133300781 0.0156936645507813
0.0339107513427734 -0.000101089477539063 0.0268096923828125 0.00963592529296875
0.0298404693603516 0.00090789794921875 0.0139217376708984 0.011958122253418
0.0345687866210938 0.000743865966796875 0.00127029418945313 0.0200424194335938
0.0358428955078125 0.011871337890625 -0.0128822326660156 0.0198898315429688
0.0244178771972656 0.0280742645263672 -0.0273475646972656 0.00547599792480469
0.00662994384765625 0.03955078125 -0.0227909088134766 -0.0127182006835938
-0.0247230529785156 0.0345954895019531 0.000188827514648436 -0.0241966247558594
-0.04833984375 0.0183448791503906 0.00154721736907959 -0.000608563423156737
-0.0621719360351562 -0.000873565673828138 -0.0277919769287109 0.00841712951660156
-0.0509986877441406 -0.0168647766113281 -0.0272178649902344 0.0360641479492188
-0.049072265625 0.00589752197265624 -0.0429000854492187 0.0427932739257813
-0.0334930419921875 0.0236797332763672 -0.0199356079101563 0.0532341003417969
-0.0135841369628906 0.0381927490234375 0.0060272216796875 0.0487327575683594
0.0103054046630859 0.0347576141357422 0.0200023651123047 0.0300426483154297
0.0321865081787109 0.0229530334472656 0.0242691040039063 0.0154514312744141
0.0370635986328125 0.00858306884765625 0.0118341445922852 0.0110616683959961
0.0313243865966797 0.00830078125 0.000827789306640628 0.0148115158081055
0.0351371765136719 0.00886917114257813 -0.00983810424804687 0.0216445922851563
0.0333232879638672 0.0184402465820313 -0.0210170745849609 0.0201988220214844
0.0190143585205078 0.0309772491455078 -0.0312023162841797 0.006561279296875
0.000492095947265625 0.0374946594238281 -0.0247306823730469 -0.00948524475097656
-0.0269279479980469 0.0275611877441406 -0.00525856018066406 -0.0165233612060547
-0.0447463989257813 0.00790405273437499 -0.011474609375 0.00817203521728516
-0.0546913146972656 -0.0111541748046875 -0.0448455810546875 0.00859451293945313
-0.0322360992431641 -0.0256614685058594 -0.0444488525390625 0.0262947082519531
-0.0397377014160156 -0.00936126708984374 -0.059326171875 0.0358924865722656
-0.0344772338867188 0.0108890533447266 -0.030364990234375 0.0492973327636719
-0.0213222503662109 0.0299568176269531 -0.00271224975585938 0.0428886413574219
0.000415802001953125 0.0331077575683594 0.010223388671875 0.0233745574951172
0.0241203308105469 0.0288982391357422 0.0102996826171875 0.0120077133178711
0.0325946807861328 0.0165309906005859 -0.00327301025390625 0.0103635787963867
0.0277976989746094 0.0137233734130859 -0.0129384994506836 0.0146389007568359
0.0310459136962891 0.0146770477294922 -0.0205955505371094 0.0199241638183594
0.0273799896240234 0.0233249664306641 -0.0282230377197266 0.0169563293457031
0.0123710632324219 0.0315418243408203 -0.0335254669189453 0.00437545776367187
-0.00629806518554688 0.0344734191894531 -0.0241622924804688 -0.00923728942871093
-0.0300636291503906 0.0185585021972656 -0.00765609741210938 -0.0108814239501953
-0.03961181640625 -0.00439453125 -0.0205059051513672 0.0111846923828125
-0.0418891906738281 -0.0237274169921875 -0.05615234375 0.00377273559570313
-0.00680923461914063 -0.0278778076171875 -0.0529747009277344 0.015289306640625
-0.0175571441650391 -0.0194587707519531 -0.0657730102539063 0.0264511108398437
-0.023040771484375 -0.00462722778320312 -0.0353240966796875 0.0442237854003906
-0.0222873687744141 0.01300048828125 -0.00666999816894532 0.034759521484375
-0.00901412963867188 0.0225849151611328 0.00305938720703125 0.0139884948730469
0.00970077514648437 0.0280361175537109 -0.00206232070922851 0.00525283813476563
0.0215644836425781 0.0216426849365234 -0.0162811279296875 0.0069437026977539
0.0198860168457031 0.0177650451660156 -0.0249042510986328 0.0127105712890625
0.0231075286865234 0.0186500549316406 -0.0301570892333984 0.016845703125
0.0192241668701172 0.0251903533935547 -0.0353622436523438 0.0113296508789063
0.00589561462402344 0.0303134918212891 -0.0357589721679687 -0.000503540039062504
-0.0117549896240234 0.0304431915283203 -0.0238151550292969 -0.0115890502929687
-0.0325431823730469 0.00980567932128907 -0.0088958740234375 -0.0103940963745117
-0.0327739715576172 -0.017364501953125 -0.0257415771484375 0.0092010498046875
-0.0263881683349609 -0.0344772338867188 -0.0627288818359375 -0.00381088256835938
0.0190467834472656 -0.0258274078369141 -0.0489006042480469 0.00664520263671874
0.00725746154785156 -0.0252151489257813 -0.0615272521972656 0.0194740295410156
-0.00631904602050781 -0.0184783935546875 -0.0327949523925781 0.0385627746582031
-0.0178356170654297 -0.00701713562011719 -0.00587844848632813 0.0273094177246094
-0.0167293548583984 0.00719451904296875 0.00209331512451172 0.00690937042236328
-0.00601959228515625 0.0218410491943359 -0.00881862640380859 -0.00144195556640625
0.00708580017089844 0.0226860046386719 -0.0246849060058594 0.00147056579589844
0.0093994140625 0.0184478759765625 -0.0329780578613281 0.00833892822265625
0.0123748779296875 0.0198211669921875 -0.0386772155761719 0.0119895935058594
0.00979804992675781 0.0239734649658203 -0.0412940979003906 0.00446319580078126
-0.000406265258789062 0.0251579284667969 -0.0382347106933594 -0.00724411010742187
-0.0152950286865234 0.0233306884765625 -0.0244464874267578 -0.0165996551513672
-0.0304641723632813 0.00111198425292968 -0.0107936859130859 -0.0142049789428711
-0.0229110717773437 -0.0262336730957031 -0.0287857055664062 6.67572021484389E-05
-0.00786972045898438 -0.0411262512207031 -0.0624237060546875 -0.0162162780761719
-0.0191555023193359 0.0349311828613281 0.0578880310058594 0.0200729370117188
0.0187664031982422 0.0318431854248047 0.0271511077880859 0.0138111114501953
0.0247211456298828 0.0009307861328125 0.0105648040771484 0.0198135375976563
0.0156946182250977 -0.0123481750488281 0.0255985260009766 0.0279407501220703
0.0059051513671875 -0.0174636840820313 0.0417060852050781 0.0165596008300781
-0.00517463684082031 -0.0225200653076172 0.0471000671386719 -0.00139999389648438
-0.00580596923828125 -0.0183277130126953 0.0451431274414063 -0.00986862182617188
-0.00292682647705078 -0.0171880722045898 0.0367660522460938 -0.00681686401367188
0.00224876403808593 -0.0239505767822266 0.0259838104248047 0.00277137756347656
0.0183620452880859 -0.0166530609130859 0.0120964050292969 0.00776958465576172
0.0270481109619141 0.00288009643554687 -0.00452280044555664 -0.00379800796508789
0.0195655822753906 0.0200080871582031 0.00087547302246094 -0.0218601226806641
-0.00518798828125 0.0325756072998047 0.033355712890625 -0.0342178344726563
-0.0274028778076172 0.0334129333496094 0.0553741455078125 -0.0174484252929687
-0.0430946350097656 0.0246925354003906 0.0363235473632813 0.00354385375976563
-0.0395317077636719 0.027313232421875 0.0465660095214844 0.0331535339355469
-0.00325775146484375 0.0353012084960937 0.0195293426513672 0.0263042449951172
0.0123767852783203 0.0133523941040039 0.0101032257080078 0.0300025939941406
0.0135955810546875 0.00387096405029297 0.0265617370605469 0.0364570617675781
0.0122470855712891 -0.00426197052001953 0.0430068969726563 0.0241584777832031
0.0100479125976563 -0.0142126083374023 0.0508613586425781 0.00417327880859375
0.0101470947265625 -0.0155181884765625 0.0468788146972656 -0.00339126586914063
0.0112075805664062 -0.0130529403686523 0.0366477966308594 -0.000343322753906251
0.0173206329345703 -0.017822265625 0.0235271453857422 0.00946807861328125
0.0293846130371094 -0.0060882568359375 0.00755882263183594 0.014277458190918
0.0302677154541016 0.015625 -0.011723518371582 0.000844955444335939
0.0163784027099609 0.0332679748535156 -0.00847434997558594 -0.0183677673339844
-0.0170135498046875 0.0393218994140625 0.0215587615966797 -0.0339393615722656
-0.0438499450683594 0.0319175720214844 0.0391159057617188 -0.0140609741210937
-0.0598907470703125 0.0190467834472656 0.0176448822021484 0.00768661499023438
-0.0551185607910156 0.0139274597167969 0.027008056640625 0.0423316955566406
-0.0271759033203125 0.0327777862548828 0.00482559204101563 0.0389556884765625
-0.00473785400390625 0.0246925354003906 0.00531768798828125 0.0411033630371094
0.00737190246582032 0.0219631195068359 0.0245170593261719 0.044891357421875
0.017216682434082 0.0122241973876953 0.0406303405761719 0.0295181274414062
0.0244674682617188 -0.001953125 0.049041748046875 0.0101280212402344
0.0259056091308594 -0.00931167602539062 0.0420150756835938 0.00305938720703125
0.0236530303955078 -0.00690841674804688 0.0296096801757813 0.00593185424804688
0.0297260284423828 -0.00946235656738281 0.0162057876586914 0.015385627746582
0.0362205505371094 0.003082275390625 0.000112533569335941 0.0188388824462891
0.0304718017578125 0.0242938995361328 -0.0191726684570312 0.00536918640136719
0.0138778686523437 0.0402145385742188 -0.0172519683837891 -0.0141897201538086
-0.022491455078125 0.0415687561035156 0.00918769836425781 -0.0302963256835937
-0.0512123107910156 0.0289459228515625 0.0204238891601562 -0.00757980346679687
-0.0679588317871094 0.0120697021484375 -0.00421333312988282 0.0109758377075195
-0.0616989135742188 -0.00171279907226562 0.00211715698242188 0.0454177856445312
-0.0461578369140625 0.0225448608398437 -0.0163421630859375 0.0464363098144531
-0.0231246948242188 0.0299873352050781 -0.0036468505859375 0.0502700805664063
-0.00197601318359375 0.0367202758789063 0.0180206298828125 0.0502967834472656
0.0172863006591797 0.0276641845703125 0.0334949493408203 0.0325336456298828
0.0341587066650391 0.0115108489990234 0.0410041809082031 0.0140724182128906
0.0367927551269531 -0.001251220703125 0.0309200286865234 0.00792312622070312
0.0320186614990234 0.00019073486328125 0.0185489654541016 0.0105686187744141
0.0370674133300781 -0.000484466552734375 0.00620079040527344 0.0193157196044922
0.038726806640625 0.0112228393554687 -0.00800132751464844 0.0212497711181641
0.0276432037353516 0.0293502807617187 -0.0243129730224609 0.00865173339843751
0.00945663452148438 0.0420722961425781 -0.0218296051025391 -0.00924873352050781
-0.02532958984375 0.0388069152832031 -0.000123977661132815 -0.0230007171630859
-0.0518875122070313 0.0225448608398438 0.00369071960449218 0.00121593475341797
-0.0672836303710938 0.00308990478515626 -0.0246353149414063 0.0129661560058594
-0.0563621520996094 -0.0173225402832031 -0.0242462158203125 0.0414199829101563
-0.0539474487304688 0.00721359252929689 -0.0396461486816406 0.0472908020019531
-0.0360603332519531 0.0261383056640625 -0.016387939453125 0.0546188354492188
-0.0137214660644531 0.0423011779785156 0.009124755859375 0.0498390197753906
0.0122337341308594 0.037445068359375 0.0231437683105469 0.0300731658935547
0.0359764099121094 0.023406982421875 0.0275154113769531 0.0146484375
0.0408515930175781 0.0075836181640625 0.0146389007568359 0.0106105804443359
0.0348834991455078 0.00747489929199219 0.00349903106689453 0.0138826370239258
0.039093017578125 0.00780868530273438 -0.00601768493652343 0.0210514068603516
0.0376167297363281 0.0184059143066406 -0.0171031951904297 0.0213871002197266
0.0225849151611328 0.0328617095947266 -0.0281696319580078 0.0093231201171875
0.00292587280273438 0.0415191650390625 -0.0234031677246094 -0.00664329528808593
-0.0285549163818359 0.0314655303955078 -0.00478172302246094 -0.0148677825927734
-0.0497093200683594 0.0109939575195312 -0.00926589965820313 0.0105171203613281
-0.0609283447265625 -0.00938796997070313 -0.0432624816894531 0.0133743286132813
-0.0385055541992187 -0.0288200378417969 -0.0442962646484375 0.0322990417480469
-0.0461006164550781 -0.00965499877929687 -0.0576019287109375 0.0410423278808594
-0.0386238098144531 0.0131683349609375 -0.0270500183105469 0.0518913269042969
-0.0226726531982422 0.0347614288330078 -0.000648498535156247 0.0436630249023437
0.00223541259765625 0.0372505187988281 0.0117855072021484 0.0231533050537109
0.02911376953125 0.0305023193359375 0.0120534896850586 0.0115594863891602
0.0374259948730469 0.0154342651367188 -0.00165653228759765 0.0102863311767578
0.0327491760253906 0.0131931304931641 -0.0112476348876953 0.0149068832397461
0.0362319946289063 0.0143623352050781 -0.0187263488769531 0.0204353332519531
0.0329246520996094 0.0238971710205078 -0.0257682800292969 0.0175552368164063
0.0161056518554688 0.0346832275390625 -0.0312709808349609 0.00592803955078125
-0.00463104248046875 0.0395011901855469 -0.0224933624267578 -0.00683403015136718
-0.0327243804931641 0.02288818359375 -0.00683879852294922 -0.00947284698486328
-0.0457000732421875 -0.00237274169921874 -0.0189094543457031 0.0140609741210938
-0.0488815307617188 -0.0231819152832031 -0.0568161010742188 0.00842285156249999
-0.0120296478271484 -0.0323810577392578 -0.0552177429199219 0.0199623107910156
-0.0240936279296875 -0.0224781036376953 -0.0663909912109375 0.0315628051757813
-0.0282478332519531 -0.00368309020996094 -0.032623291015625 0.0460929870605469
-0.0251960754394531 0.0171642303466797 -0.00532341003417969 0.0345687866210938
-0.00821495056152344 0.0272560119628906 0.00370597839355469 0.0134515762329102
0.0147838592529297 0.0309429168701172 -0.00225400924682617 0.00565528869628907
0.0273170471191406 0.0211009979248047 -0.0167646408081055 0.00798606872558594
0.0246791839599609 0.0172348022460938 -0.0245990753173828 0.0143203735351562
0.0286540985107422 0.0184898376464844 -0.0302219390869141 0.0180168151855469
0.0250320434570313 0.0261383056640625 -0.0345745086669922 0.0124416351318359
0.009521484375 0.0330410003662109 -0.0351295471191406 0.000150680541992189
-0.00994682312011719 0.0348987579345703 -0.0229034423828125 -0.0106697082519531
-0.0354118347167969 0.0142745971679688 -0.00800132751464844 -0.00912952423095703
-0.039520263671875 -0.0158119201660156 -0.0254173278808594 0.0120506286621094
-0.0336189270019531 -0.0356712341308594 -0.0649185180664063 -0.000720977783203129
0.0156383514404297 -0.0314750671386719 -0.0527267456054688 0.00905609130859374
0.0024871826171875 -0.0299453735351562 -0.0630149841308594 0.0235137939453125
-0.0107936859130859 -0.0194911956787109 -0.0307846069335938 0.0404281616210937
-0.0216007232666016 -0.00446701049804687 -0.00466156005859375 0.0269069671630859
-0.0173130035400391 0.0117998123168945 0.00166797637939453 0.00563335418701172
-0.00222206115722656 0.0252017974853516 -0.0101833343505859 -0.00199699401855469
0.0121917724609375 0.0234241485595703 -0.0267219543457031 0.00275421142578125
0.0134372711181641 0.0187225341796875 -0.0345840454101563 0.0109214782714844
0.0172576904296875 0.0196056365966797 -0.0397377014160156 0.0135993957519531
0.0147686004638672 0.0246543884277344 -0.0420379638671875 0.00515365600585938
0.00272369384765625 0.0276012420654297 -0.0385780334472656 -0.00619125366210937
-0.0133705139160156 0.0275840759277344 -0.0245227813720703 -0.0161113739013672
-0.033203125 0.00522613525390626 -0.0106744766235352 -0.0132341384887695
-0.0291061401367187 -0.0252590179443359 -0.0302448272705078 0.00247001647949219
-0.0145492553710938 -0.0432052612304688 -0.0668563842773437 -0.0142097473144531
-0.01580810546875 0.0367202758789062 0.0640869140625 0.0194168090820313
0.0225639343261719 0.0303707122802734 0.0302886962890625 0.0118217468261719
0.025390625 -0.002197265625 0.0111751556396484 0.0192089080810547
0.0142936706542969 -0.0151767730712891 0.0262012481689453 0.0294609069824219
0.0029296875 -0.0188770294189453 0.0437431335449219 0.0175323486328125
-0.00882339477539063 -0.0221672058105469 0.0503158569335938 -0.0019073486328125
-0.00805473327636718 -0.0175409317016602 0.0486679077148437 -0.0117073059082031
-0.00519275665283203 -0.0164070129394531 0.0400047302246094 -0.00921249389648438
-0.000942230224609374 -0.0243091583251953 0.0302658081054688 0.001220703125
0.0157909393310547 -0.0192222595214844 0.0161457061767578 0.00796890258789062
0.0277862548828125 -0.00127983093261719 -0.00238585472106933 -0.00216150283813477
0.0226535797119141 0.01788330078125 0.001068115234375 -0.02032470703125
-0.00143051147460937 0.0347366333007813 0.0331878662109375 -0.0344791412353516
-0.0247650146484375 0.0383110046386719 0.0581474304199219 -0.0198326110839844
-0.0415763854980469 0.0300712585449219 0.0418853759765625 0.00286865234375
-0.0385627746582031 0.0295066833496094 0.0529022216796875 0.0340385437011719
-0.000988006591796875 0.0355491638183594 0.0241069793701172 0.0257015228271484
0.0124673843383789 0.01177978515625 0.0109405517578125 0.0293655395507812
0.0127382278442383 0.00253200531005859 0.0281486511230469 0.0374641418457031
0.0110511779785156 -0.00481891632080078 0.04571533203125 0.0240211486816406
0.00792789459228515 -0.013545036315918 0.0544929504394531 0.00370025634765625
0.00932216644287109 -0.0152053833007813 0.0512123107910156 -0.00548171997070313
0.0106344223022461 -0.0131692886352539 0.0403327941894531 -0.00277328491210938
0.0161075592041016 -0.0182857513427734 0.0281200408935547 0.00774002075195313
0.0294265747070313 -0.00795364379882813 0.0120716094970703 0.0144977569580078
0.0317764282226562 0.0136032104492187 -0.00841522216796875 0.00351810455322266
0.0193939208984375 0.0329513549804688 -0.00760459899902343 -0.0160856246948242
-0.0148735046386719 0.042266845703125 0.0209541320800781 -0.0334796905517578
-0.0436744689941406 0.0376663208007813 0.0418014526367188 -0.0152206420898437
-0.0606269836425781 0.0243721008300781 0.0232563018798828 0.00856399536132813
-0.0570449829101563 0.0159149169921875 0.03302001953125 0.0443000793457031
-0.0281352996826172 0.0338821411132812 0.00905990600585938 0.0387611389160156
-0.00563621520996094 0.0247783660888672 0.0071258544921875 0.0411911010742188
0.00705337524414062 0.0226802825927734 0.0262565612792969 0.0461196899414063
0.0171136856079102 0.0128316879272461 0.0443534851074219 0.029815673828125
0.0245037078857422 -0.00194931030273437 0.0531883239746094 0.00893020629882813
0.0261592864990234 -0.00993919372558594 0.0461158752441406 0.000743865966796874
0.0247936248779297 -0.00718879699707031 0.0336380004882813 0.00337028503417969
0.0305137634277344 -0.0104694366455078 0.0211067199707031 0.0141029357910156
0.0379371643066406 0.0021514892578125 0.00507545471191407 0.0191020965576172
0.0330657958984375 0.0245094299316406 -0.0154495239257812 0.00744819641113282
0.016204833984375 0.0415496826171875 -0.0154361724853516 -0.0112762451171875
-0.02191162109375 0.04522705078125 0.00879859924316406 -0.0291290283203125
-0.0531501770019531 0.0338287353515625 0.0234584808349609 -0.00771713256835937
-0.0706939697265625 0.0166397094726563 0.000520706176757809 0.0137548446655273
-0.0662078857421875 -0.000766754150390616 0.0067596435546875 0.0490455627441406
-0.0497207641601563 0.0249366760253906 -0.0120964050292969 0.0474891662597656
-0.0250568389892578 0.0320167541503906 -0.00202178955078125 0.0507736206054688
-0.0023651123046875 0.03985595703125 0.0203208923339844 0.0511512756347656
0.0188369750976563 0.0296306610107422 0.0361900329589844 0.0324935913085938
0.0361480712890625 0.0115623474121094 0.0446548461914063 0.012420654296875
0.0392074584960938 -0.00212478637695313 0.0344657897949219 0.00624847412109375
0.0346889495849609 -0.000274658203125 0.0217876434326172 0.00844001770019531
0.0400276184082031 -0.00127792358398437 0.00984954833984375 0.0179843902587891
0.0423164367675781 0.0112838745117187 -0.00332069396972656 0.0211086273193359
0.0308494567871094 0.0308113098144531 -0.0208740234375 0.0102272033691406
0.0121536254882813 0.0450935363769531 -0.0201358795166016 -0.00636482238769531
-0.0259284973144531 0.0429534912109375 0.000251770019531248 -0.0220928192138672
-0.0561294555664063 0.0263900756835937 0.00703287124633789 0.00231695175170899
-0.0722579956054688 0.00630187988281249 -0.0216426849365234 0.0168228149414062
-0.0629425048828125 -0.0173873901367188 -0.021759033203125 0.0455513000488281
-0.0597000122070313 0.00900650024414063 -0.0362319946289063 0.0502090454101563
-0.0395469665527344 0.0293846130371094 -0.013946533203125 0.0551376342773437
-0.0142097473144531 0.0469436645507813 0.0103340148925781 0.0508270263671875
0.0143318176269531 0.0404396057128906 0.0248832702636719 0.02984619140625
0.0402412414550781 0.0240669250488281 0.0301609039306641 0.0131778717041016
0.0451812744140625 0.00618743896484375 0.0175323486328125 0.00935268402099609
0.0391654968261719 0.00678253173828125 0.00635337829589844 0.0124616622924805
0.0436172485351563 0.00680923461914063 -0.00364494323730469 0.0201683044433594
0.042205810546875 0.0191154479980469 -0.0134315490722656 0.0208950042724609
0.0262527465820312 0.0353431701660156 -0.025482177734375 0.0101261138916016
0.00516510009765625 0.0455703735351563 -0.0211582183837891 -0.00480461120605468
-0.0306510925292969 0.0362472534179688 -0.00346946716308594 -0.0141239166259766
-0.0552253723144531 0.0142288208007812 -0.00618171691894532 0.0121736526489258
-0.0670661926269531 -0.00737762451171876 -0.0416641235351563 0.0169105529785156
-0.0450172424316406 -0.0304908752441406 -0.0439300537109375 0.0369453430175781
-0.0532493591308594 -0.00878143310546874 -0.0564918518066406 0.0447959899902344
-0.0432624816894531 0.0162734985351563 -0.0253791809082031 0.0530548095703125
-0.0241165161132813 0.0403556823730469 0.000804901123046875 0.044677734375
0.0043792724609375 0.0417938232421875 0.0128974914550781 0.0233249664306641
0.0342330932617188 0.0319652557373047 0.0128459930419922 0.0106878280639648
0.0425491333007813 0.0141181945800781 -0.000735282897949215 0.0104455947875977
0.0371589660644531 0.0123519897460938 -0.00992202758789063 0.0147733688354492
0.0419807434082031 0.0135955810546875 -0.0174007415771484 0.0203094482421875
0.0384712219238281 0.0241546630859375 -0.0240402221679687 0.0172252655029297
0.0201644897460938 0.0375442504882812 -0.0298728942871094 0.0056743621826172
-0.00220870971679687 0.0438079833984375 -0.0213394165039063 -0.00613212585449219
-0.0351753234863281 0.027557373046875 -0.00525760650634766 -0.00940132141113281
-0.052734375 0.00033950805664062 -0.0172195434570313 0.0164594650268555
-0.0563087463378906 -0.0224151611328125 -0.0564155578613281 0.0115585327148438
-0.0180244445800781 -0.0363426208496094 -0.0577659606933594 0.0237350463867187
-0.0311965942382813 -0.0236740112304688 -0.0669479370117188 0.0353126525878906
-0.0335006713867188 -0.00236129760742187 -0.0311737060546875 0.0477523803710938
-0.0272750854492188 0.0214023590087891 -0.00516319274902344 0.0347156524658203
-0.00708389282226562 0.0316963195800781 0.00331306457519531 0.0133543014526367
0.019866943359375 0.0330600738525391 -0.00215959548950195 0.00471162796020508
0.0324020385742187 0.0204010009765625 -0.0175695419311523 0.00913333892822266
0.0292339324951172 0.0164604187011719 -0.0254344940185547 0.0154285430908203
0.0339241027832031 0.0179042816162109 -0.0307025909423828 0.0186786651611328
0.0309543609619141 0.0261917114257813 -0.0344696044921875 0.012237548828125
0.0135421752929687 0.0362358093261719 -0.0348758697509766 0.00033760070800781
-0.00750732421875 0.0398521423339844 -0.0225257873535156 -0.010223388671875
-0.0377655029296875 0.018402099609375 -0.00671863555908203 -0.00902271270751953
-0.0466194152832031 -0.0134544372558594 -0.0251178741455078 0.0140438079833984
-0.0412101745605469 -0.0359344482421875 -0.0674095153808594 0.00168991088867187
0.0118675231933594 -0.0362777709960938 -0.0567436218261719 0.0120925903320313
-0.00317001342773438 -0.0330009460449219 -0.0646705627441406 0.0265960693359375
-0.0153274536132812 -0.0197372436523438 -0.0301933288574219 0.0412101745605469
-0.0250530242919922 -0.00129508972167969 -0.00518798828125 0.0258769989013672
-0.0165681838989258 0.0158615112304688 -0.00039052963256836 0.00447273254394531
0.00206184387207031 0.0278587341308594 -0.0124216079711914 -0.00187873840332031
0.0168685913085938 0.0229015350341797 -0.0293140411376953 0.00471305847167969
0.017425537109375 0.0179214477539063 -0.0367507934570313 0.0130348205566406
0.0215682983398438 0.0190505981445313 -0.0420989990234375 0.01483154296875
0.0195274353027344 0.0248451232910156 -0.0441932678222656 0.00555038452148438
0.00640678405761719 0.0301342010498047 -0.03973388671875 -0.00663375854492187
-0.0114822387695313 0.0315914154052734 -0.0244331359863281 -0.0167522430419922
-0.0353469848632812 0.00917816162109374 -0.0104160308837891 -0.0131902694702148
-0.0352020263671875 -0.0241165161132812 -0.0318412780761719 0.00516128540039062
-0.0207557678222656 -0.0445556640625 -0.07135009765625 -0.0130157470703125
-0.0121841430664062 0.0388336181640625 0.0700798034667969 0.0182723999023438
0.0264377593994141 0.0291652679443359 0.0339183807373047 0.00975227355957031
0.0259761810302734 -0.00515174865722656 0.0115261077880859 0.0195541381835938
0.0129995346069336 -0.0174703598022461 0.0281867980957031 0.0308074951171875
0.000616073608398436 -0.0199985504150391 0.0470390319824219 0.0180320739746094
-0.0125789642333984 -0.0211200714111328 0.054443359375 -0.00324249267578125
-0.0111513137817383 -0.0166187286376953 0.0528717041015625 -0.0146141052246094
-0.00747871398925782 -0.0158262252807617 0.0435791015625 -0.0119247436523438
-0.00448799133300782 -0.0244178771972656 0.0341339111328125 -0.00127601623535156
0.0140399932861328 -0.0209426879882813 0.0203399658203125 0.00713539123535156
0.0284214019775391 -0.00466156005859375 0.000410497188568117 -0.000833868980407715
0.0248889923095703 0.0161209106445313 0.00213050842285157 -0.0190601348876953
0.00235748291015625 0.0366668701171875 0.0333671569824219 -0.03582763671875
-0.0214958190917969 0.0435028076171875 0.0617904663085937 -0.0233306884765625
-0.0398521423339844 0.0353660583496094 0.048248291015625 0.00208282470703125
-0.0385780334472656 0.0319442749023438 0.0602378845214844 0.0334510803222656
0.000545501708984374 0.0356101989746094 0.0276565551757813 0.0247001647949219
0.0124835968017578 0.0104999542236328 0.0120925903320312 0.02978515625
0.0118026733398437 0.00234794616699219 0.0303268432617188 0.0396499633789063
0.00993728637695313 -0.00452423095703125 0.0500717163085938 0.0253219604492188
0.00637722015380859 -0.0132236480712891 0.0593910217285156 0.00259780883789062
0.00844383239746094 -0.014775276184082 0.0560035705566406 -0.0092010498046875
0.0102729797363281 -0.0132970809936523 0.0445785522460937 -0.00620651245117188
0.0150928497314453 -0.0192451477050781 0.0333175659179688 0.0050811767578125
0.0291023254394531 -0.00971031188964844 0.0173254013061523 0.0139808654785156
0.0341300964355469 0.0124588012695313 -0.00496816635131836 0.00472068786621094
0.022552490234375 0.0329341888427734 -0.00571632385253906 -0.0137557983398438
-0.0130729675292969 0.0459136962890625 0.0213241577148438 -0.0339088439941406
-0.0438690185546875 0.0429878234863281 0.0455360412597656 -0.0174293518066406
-0.0619697570800781 0.0302238464355469 0.0292778015136719 0.00949478149414063
-0.0613021850585938 0.0184707641601563 0.0400161743164062 0.0462875366210938
-0.02886962890625 0.0361480712890625 0.0131607055664062 0.0385818481445313
-0.00695419311523438 0.0259037017822266 0.008331298828125 0.0414085388183594
0.00693702697753906 0.0247974395751953 0.0287628173828125 0.0482330322265625
0.0179443359375 0.0143451690673828 0.0477027893066406 0.0307121276855469
0.0254039764404297 -0.00170707702636719 0.0581626892089844 0.007354736328125
0.0276546478271484 -0.0105037689208984 0.0511016845703125 -0.0023193359375
0.0266571044921875 -0.00779342651367188 0.0380477905273438 -0.000198364257812501
0.0322113037109375 -0.0114574432373047 0.025482177734375 0.0115718841552734
0.0401573181152344 0.00136184692382812 0.00966835021972656 0.0185928344726562
0.0360641479492188 0.0249176025390625 -0.0119657516479492 0.00855827331542969
0.0193138122558594 0.0437507629394531 -0.0137510299682617 -0.00926876068115234
-0.0212783813476563 0.0493125915527344 0.00975418090820312 -0.0290508270263672
-0.0560722351074219 0.0396804809570313 0.0270576477050781 -0.00840950012207031
-0.0750732421875 0.0214920043945312 0.00594425201416015 0.0153923034667969
-0.0723037719726563 0.000801086425781263 0.0126228332519531 0.0524177551269531
-0.0542488098144531 0.0279426574707031 -0.00920867919921876 0.0494232177734375
-0.02716064453125 0.0353469848632813 -0.000366210937500003 0.0517196655273438
-0.00202178955078125 0.0437088012695313 0.0228080749511719 0.0536079406738281
0.0207157135009766 0.0325641632080078 0.0402069091796875 0.0331573486328125
0.039764404296875 0.0118484497070313 0.0489501953125 0.0112113952636719
0.0425376892089844 -0.00363540649414063 0.038848876953125 0.00358963012695312
0.0385284423828125 -0.00124740600585937 0.0253067016601563 0.006195068359375
0.0437736511230469 -0.00234603881835938 0.0136899948120117 0.0163135528564453
0.0467185974121094 0.0109634399414062 0.000629425048828129 0.0205841064453125
0.0347461700439453 0.0327854156494141 -0.0179271697998047 0.0106639862060547
0.0147857666015625 0.0489234924316406 -0.0179367065429688 -0.00534248352050781
-0.0272369384765625 0.0479698181152344 0.00153732299804687 -0.0215854644775391
-0.0608749389648438 0.0318679809570312 0.0102605819702148 0.00252437591552735
-0.0783309936523438 0.0108566284179687 -0.0177211761474609 0.0192890167236328
-0.07061767578125 -0.01763916015625 -0.0185165405273438 0.0502471923828125
-0.0663948059082031 0.0125732421875 -0.0348625183105469 0.053131103515625
-0.0435905456542969 0.0336494445800781 -0.013275146484375 0.0567817687988281
-0.0141983032226563 0.0521888732910156 0.0122909545898438 0.0532798767089844
0.0173263549804688 0.0446205139160156 0.0274467468261719 0.0310440063476563
0.0451316833496094 0.0247879028320313 0.0329113006591797 0.0119800567626953
0.0499382019042969 0.00414657592773438 0.0203437805175781 0.00840950012207031
0.0437431335449219 0.00524520874023438 0.00818061828613282 0.0115728378295898
0.0491180419921875 0.005615234375 -0.0016021728515625 0.01934814453125
0.0478172302246094 0.0186195373535156 -0.0110988616943359 0.0201835632324219
0.030914306640625 0.0387611389160156 -0.0235786437988281 0.00999832153320312
0.00812911987304688 0.0510215759277344 -0.0200138092041016 -0.00466728210449218
-0.0325889587402344 0.0419158935546875 -0.00171661376953125 -0.0144786834716797
-0.0614547729492188 0.019439697265625 -0.00337505340576172 0.0133752822875977
-0.07476806640625 -0.00366973876953124 -0.0397224426269531 0.0198822021484375
-0.0533676147460937 -0.0315704345703125 -0.0444259643554688 0.0414352416992187
-0.060882568359375 -0.00688171386718749 -0.0569610595703125 0.0487251281738281
-0.0482254028320313 0.0200386047363281 -0.0247802734375 0.0552291870117188
-0.0251197814941406 0.0464668273925781 0.00132369995117187 0.0466117858886719
0.00744247436523438 0.0467185974121094 0.0133876800537109 0.023651123046875
0.0398979187011719 0.0330162048339844 0.0142421722412109 0.0103082656860352
0.0483131408691406 0.0122756958007813 0.000178337097167971 0.0107641220092773
0.0421981811523438 0.0111122131347656 -0.00986957550048828 0.0150022506713867
0.0477752685546875 0.0120353698730469 -0.0176582336425781 0.0200347900390625
0.0447311401367188 0.0243759155273438 -0.0234432220458984 0.0167293548583984
0.02520751953125 0.0412445068359375 -0.0292034149169922 0.00536918640136718
0.000595092773437498 0.0495147705078125 -0.0207710266113281 -0.00639724731445312
-0.0376167297363281 0.0335426330566406 -0.0038290023803711 -0.00884056091308594
-0.0595970153808594 0.00442886352539064 -0.0155830383300781 0.0182991027832031
-0.0643157958984375 -0.0205650329589844 -0.0579757690429688 0.0148277282714844
-0.0246353149414062 -0.0396499633789063 -0.0604324340820313 0.0287666320800781
-0.0383415222167969 -0.02410888671875 -0.0690269470214844 0.0398292541503906
-0.0390129089355469 -0.000541687011718747 -0.0307807922363281 0.0492439270019531
-0.0293159484863281 0.0269660949707031 -0.00528335571289062 0.0359230041503906
-0.00457763671875 0.0368385314941406 0.00277042388916016 0.0130376815795898
0.0258884429931641 0.0345382690429688 -0.00336170196533203 0.00555276870727539
0.0379104614257813 0.0187149047851563 -0.0190505981445312 0.0101757049560547
0.0340957641601563 0.0151863098144531 -0.0266971588134766 0.0164566040039062
0.0397186279296875 0.0160064697265625 -0.0321216583251953 0.0200366973876953
0.0365562438964844 0.0264205932617188 -0.0358314514160156 0.012176513671875
0.0183067321777344 0.0388717651367188 -0.0358238220214844 -9.91821289062543E-05
-0.00495529174804687 0.0446510314941406 -0.0228042602539062 -0.0114192962646484
-0.0401649475097656 0.0238571166992188 -0.00596141815185547 -0.00961875915527343
-0.0534858703613281 -0.0105972290039062 -0.0250377655029297 0.0166206359863281
-0.0487556457519531 -0.0353851318359375 -0.0708389282226562 0.0046844482421875
0.00730133056640625 -0.0407485961914063 -0.0622940063476563 0.0155830383300781
-0.009185791015625 -0.0353012084960938 -0.0683746337890625 0.0303802490234375
-0.0205841064453125 -0.0193042755126953 -0.0305900573730469 0.0430831909179688
-0.0283317565917969 0.00286293029785156 -0.00621986389160156 0.0259227752685547
-0.0159149169921875 0.0198020935058594 -0.00218486785888672 0.00438642501831055
0.00670814514160156 0.0301322937011719 -0.0149984359741211 -0.00157546997070312
0.0214805603027344 0.0226497650146484 -0.0321865081787109 0.00671768188476562
0.0214557647705078 0.0168876647949219 -0.0395317077636719 0.0153312683105469
0.0259647369384766 0.0178165435791016 -0.0447998046875 0.0170516967773438
0.0239028930664063 0.0243453979492188 -0.0467262268066406 0.00589752197265626
0.0100917816162109 0.0320053100585938 -0.0419769287109375 -0.00730133056640625
-0.00863647460937501 0.0354766845703125 -0.0254592895507813 -0.0175914764404297
-0.0371360778808594 0.01348876953125 -0.00972652435302735 -0.0130987167358398
-0.0411605834960938 -0.0224380493164063 -0.0331649780273438 0.00771713256835937
-0.027252197265625 -0.0455741882324219 -0.0768508911132813 -0.0114822387695313
-0.0086822509765625 0.0410003662109375 0.0780715942382813 0.0153656005859375
0.0305576324462891 0.0269927978515625 0.0364265441894531 0.00645065307617188
0.0267009735107422 -0.0084381103515625 0.0120086669921875 0.0194835662841797
0.0110301971435547 -0.0201072692871094 0.0311946868896484 0.032867431640625
-0.00192070007324219 -0.0205841064453125 0.0516738891601563 0.0186691284179688
-0.0159244537353516 -0.0197181701660156 0.0595779418945313 -0.00522232055664063
-0.0137767791748047 -0.0152215957641602 0.0575675964355469 -0.0194473266601563
-0.0094757080078125 -0.0150241851806641 0.0476341247558594 -0.0169181823730469
-0.00761985778808594 -0.0240211486816406 0.0385551452636719 -0.0056304931640625
0.0115566253662109 -0.0231380462646484 0.0253391265869141 0.00531196594238281
0.0288028717041016 -0.00795936584472656 0.00380396842956543 -0.000689983367919922
0.0276718139648437 0.0132541656494141 0.00427627563476563 -0.0181560516357422
0.00675201416015625 0.0378494262695313 0.0341415405273438 -0.0381546020507813
-0.0174827575683594 0.0484809875488281 0.066162109375 -0.0283737182617187
-0.0376548767089844 0.0416183471679688 0.0559120178222656 -0.00158309936523437
-0.0385322570800781 0.0351295471191406 0.0688858032226563 0.032806396484375
0.00231170654296875 0.0361099243164063 0.0318527221679688 0.0218982696533203
0.0119428634643555 0.00937366485595703 0.0134716033935547 0.0304756164550781
0.0113134384155273 0.00209617614746094 0.0342941284179688 0.0417938232421875
0.00922107696533203 -0.00445461273193359 0.0555763244628906 0.0252532958984375
0.00527572631835938 -0.0128288269042969 0.0650749206542969 -0.000782012939453126
0.00828933715820312 -0.0153741836547852 0.0617485046386719 -0.0143470764160156
0.0103645324707031 -0.0132904052734375 0.0489921569824219 -0.0114898681640625
0.0147037506103516 -0.0200099945068359 0.0382614135742187 0.00142669677734375
0.0295791625976563 -0.0113620758056641 0.0226783752441406 0.0118389129638672
0.0363426208496094 0.0109672546386719 -0.00141620635986328 0.00574493408203125
0.0258979797363281 0.0329532623291016 -0.00370311737060547 -0.0126571655273438
-0.0100021362304688 0.049530029296875 0.02227783203125 -0.0352363586425781
-0.0427055358886719 0.04974365234375 0.04974365234375 -0.020965576171875
-0.0635528564453125 0.0370330810546875 0.0365829467773437 0.0084228515625
-0.0648422241210937 0.0228424072265625 0.0485305786132813 0.0470809936523438
-0.0304489135742188 0.0395126342773438 0.0173912048339844 0.0386772155761719
-0.00806808471679688 0.0286235809326172 0.0103912353515625 0.0429267883300781
0.00767707824707031 0.0271492004394531 0.0331573486328125 0.0505905151367188
0.0192470550537109 0.0156002044677734 0.0538902282714844 0.0309219360351563
0.0273590087890625 -0.00183868408203125 0.0638694763183594 0.00439453125
0.0302104949951172 -0.0123462677001953 0.0564041137695313 -0.0071563720703125
0.0290050506591797 -0.00883293151855469 0.0422706604003906 -0.0047760009765625
0.0346794128417969 -0.0132160186767578 0.0304183959960938 0.0076904296875
0.0435562133789063 -0.0004425048828125 0.0151443481445313 0.0165719985961914
0.0404243469238281 0.0252685546875 -0.00836181640625 0.00932598114013672
0.0233840942382812 0.0463066101074219 -0.0111093521118164 -0.00818729400634765
-0.0203323364257812 0.05511474609375 0.0112190246582031 -0.0301380157470703
-0.0585670471191406 0.0475654602050781 0.0310764312744141 -0.0105361938476562
-0.0793228149414063 0.0285873413085937 0.0123386383056641 0.0162363052368164
-0.080047607421875 0.00479888916015626 0.0186614990234375 0.05523681640625
-0.058624267578125 0.0328598022460938 -0.00558090209960938 0.0514640808105469
-0.0302658081054687 0.0405006408691406 0.00136184692382813 0.0536460876464844
-0.000541687011718751 0.0489768981933594 0.0265960693359375 0.0566024780273438
0.0243949890136719 0.0353240966796875 0.0444717407226562 0.0335617065429688
0.0439529418945313 0.0116004943847656 0.0540847778320312 0.0085601806640625
0.0468521118164063 -0.00625228881835938 0.0429840087890625 6.10351562499996E-05
0.04302978515625 -0.0034942626953125 0.0284976959228516 0.00291252136230469
0.0483894348144531 -0.005462646484375 0.0170183181762695 0.0134391784667969
0.0521888732910156 0.00912094116210937 0.00448989868164063 0.0191650390625
0.040924072265625 0.0346221923828125 -0.0152320861816406 0.0112113952636719
0.0194053649902344 0.0532188415527344 -0.0158624649047852 -0.00428295135498046
-0.0269279479980469 0.0546722412109375 0.00249099731445312 -0.0220546722412109
-0.0655288696289063 0.0397415161132813 0.0136871337890625 0.00199127197265625
-0.08526611328125 0.0171127319335938 -0.0140018463134766 0.021575927734375
-0.0803298950195313 -0.0145797729492187 -0.0147628784179688 0.0554389953613281
-0.0736770629882812 0.0176925659179687 -0.0332260131835938 0.0569801330566406
-0.0477752685546875 0.0398826599121094 -0.011566162109375 0.0592498779296875
-0.0129165649414063 0.0599327087402344 0.0152740478515625 0.0560684204101563
0.0217475891113281 0.0490379333496094 0.0305461883544922 0.0310173034667969
0.0516929626464844 0.0240745544433594 0.0361900329589844 0.00959396362304688
0.0554237365722656 0.00118255615234375 0.0229969024658203 0.006622314453125
0.0496635437011719 0.0025177001953125 0.00993633270263672 0.0101633071899414
0.0554122924804687 0.00193023681640625 0.000465393066406252 0.0180225372314453
0.0549583435058594 0.0170936584472656 -0.00913047790527343 0.0196247100830078
0.0377769470214844 0.0408515930175781 -0.0223712921142578 0.0101127624511719
0.013092041015625 0.0562973022460938 -0.0182628631591797 -0.00408554077148437
-0.0338592529296875 0.049224853515625 -0.000580787658691409 -0.0150871276855469
-0.0682525634765625 0.0272140502929688 -0.000765800476074222 0.0139217376708984
-0.0831527709960938 0.0013427734375 -0.0380897521972656 0.0233612060546875
-0.0632781982421875 -0.0308876037597656 -0.0442466735839844 0.0476417541503906
-0.0698394775390625 -0.00286865234375 -0.0572509765625 0.0547523498535156
-0.0538101196289063 0.0264854431152344 -0.0237808227539063 0.0583114624023437
-0.0247650146484375 0.0541572570800781 0.00275421142578125 0.0489578247070313
0.0118370056152344 0.0516624450683594 0.0149421691894531 0.0242176055908203
0.0471839904785156 0.0329093933105469 0.015742301940918 0.00954627990722656
0.0545005798339844 0.00923919677734375 0.000571250915527348 0.0103893280029297
0.0481834411621094 0.00783920288085938 -0.00953865051269531 0.015355110168457
0.0546150207519531 0.00870132446289063 -0.0174484252929688 0.0206127166748047
0.0521011352539063 0.0226707458496094 -0.0234355926513672 0.0166606903076172
0.0321578979492188 0.0434188842773438 -0.0299339294433594 0.00521469116210938
0.00605392456054687 0.0554847717285156 -0.0205307006835938 -0.00658607482910156
-0.0394515991210938 0.0407066345214844 -0.00275611877441407 -0.010106086730957
-0.0670623779296875 0.0114364624023437 -0.0135593414306641 0.0201950073242188
-0.0736160278320313 -0.0165557861328125 -0.0586318969726563 0.0183486938476562
-0.032958984375 -0.0407600402832031 -0.0640869140625 0.0347023010253906
-0.0471267700195313 -0.02252197265625 -0.0717086791992188 0.0455780029296875
-0.0446205139160156 0.00402832031249999 -0.03082275390625 0.0522117614746094
-0.0311336517333984 0.0342521667480469 -0.00531387329101563 0.038116455078125
-0.00173568725585937 0.042205810546875 0.00176525115966797 0.01409912109375
0.0323295593261719 0.0351982116699219 -0.00447416305541992 0.00542640686035156
0.0441055297851563 0.0160293579101563 -0.0200958251953125 0.0119476318359375
0.03973388671875 0.0123977661132813 -0.0280609130859375 0.0189704895019531
0.0459365844726562 0.0134315490722656 -0.0341243743896484 0.0219650268554688
0.0434837341308594 0.0244598388671875 -0.0377044677734375 0.0131492614746094
0.0242805480957031 0.0416030883789063 -0.0379791259765625 -0.000473022460937499
-0.000633239746093752 0.0498199462890625 -0.0234184265136719 -0.0121746063232422
-0.0421028137207031 0.0302581787109375 -0.00539398193359375 -0.0102519989013672
-0.0607452392578125 -0.00496673583984375 -0.0244636535644531 0.0198001861572266
-0.0578651428222656 -0.033050537109375 -0.0748443603515625 0.00835418701171874
0.002410888671875 -0.0445022583007813 -0.0679435729980469 0.0208663940429688
-0.0155754089355469 -0.0373039245605469 -0.0722503662109375 0.0362396240234375
-0.0263080596923828 -0.0187129974365234 -0.0300140380859375 0.0457229614257813
-0.0309162139892578 0.00728034973144532 -0.00743484497070313 0.0269031524658203
-0.0143318176269531 0.0246162414550781 -0.00460529327392578 0.00416231155395508
0.0123176574707031 0.0315513610839844 -0.0185642242431641 -9.34600830078141E-05
0.026214599609375 0.0205974578857422 -0.0356712341308594 0.0103721618652344
0.0257625579833984 0.0154209136962891 -0.0421104431152344 0.0194740295410156
0.0307750701904297 0.0158119201660156 -0.0485038757324219 0.0210342407226563
0.0298099517822266 0.0231170654296875 -0.050811767578125 0.00785064697265625
0.0151252746582031 0.0337848663330078 -0.0456504821777344 -0.00722503662109376
-0.00545501708984375 0.0395889282226563 -0.0275230407714844 -0.0186538696289062
-0.0391273498535156 0.0186424255371094 -0.00980472564697266 -0.0137672424316406
-0.047454833984375 -0.0188751220703125 -0.0346145629882813 0.0112075805664062
-0.0346298217773438 -0.0455818176269531 -0.0837860107421875 -0.00843811035156249
-0.00501632690429687 0.0423927307128906 0.0854263305664063 0.00872802734375
0.0355682373046875 0.0235633850097656 0.0395736694335938 0.00191497802734375
0.0260448455810547 -0.0123958587646484 0.0128345489501953 0.0195102691650391
0.00860977172851563 -0.0222396850585938 0.0355072021484375 0.0328292846679688
-0.00538253784179688 -0.0211620330810547 0.0577049255371094 0.016632080078125
-0.0192108154296875 -0.0178565979003906 0.0641365051269531 -0.009918212890625
-0.0160398483276367 -0.0126457214355469 0.0609779357910156 -0.0267181396484375
-0.0114059448242187 -0.0137519836425781 0.0503654479980469 -0.0233879089355469
-0.0111446380615234 -0.0230388641357422 0.0416984558105469 -0.0109367370605469
0.00779151916503906 -0.0253944396972656 0.0294532775878906 0.00164604187011719
0.0279350280761719 -0.0113296508789063 0.00714969635009766 -0.00074291229248047
0.0305805206298828 0.010223388671875 0.00554656982421875 -0.0188655853271484
0.0122604370117188 0.0383949279785156 0.0343437194824219 -0.0415229797363281
-0.0111618041992188 0.0526313781738281 0.0685882568359375 -0.0364418029785156
-0.0333633422851562 0.0474586486816406 0.0629844665527344 -0.00813674926757812
-0.0380859375 0.0389518737792969 0.0781478881835938 0.0283355712890625
0.00453948974609375 0.037261962890625 0.0360450744628906 0.0177459716796875
0.0116910934448242 0.00935268402099609 0.0148639678955078 0.02996826171875
0.0107650756835938 0.00209999084472656 0.0397415161132813 0.0417098999023438
0.00896358489990234 -0.00428199768066406 0.0624656677246094 0.0230636596679688
0.00369071960449219 -0.0125589370727539 0.0708541870117188 -0.00698089599609375
0.00790977478027344 -0.0156335830688477 0.064788818359375 -0.0223846435546875
0.0107107162475586 -0.0137977600097656 0.0521354675292969 -0.0190620422363281
0.01397705078125 -0.0207786560058594 0.0422744750976563 -0.00499725341796875
0.0297813415527344 -0.0151081085205078 0.0279026031494141 0.00869560241699218
0.0388946533203125 0.00757598876953125 0.00277805328369141 0.00505256652832031
0.029937744140625 0.0325202941894531 -0.00190067291259765 -0.0125837326049805
-0.00489425659179688 0.0529441833496094 0.0224494934082031 -0.0374336242675781
-0.0398826599121094 0.0578765869140625 0.0528907775878906 -0.0270309448242187
-0.0622787475585938 0.0449104309082031 0.0435676574707031 0.00434112548828125
-0.0681533813476563 0.0291404724121094 0.0582199096679688 0.0453338623046875
-0.0306777954101562 0.0443916320800781 0.0224838256835938 0.0373725891113281
-0.00898170471191406 0.03143310546875 0.0132293701171875 0.0438499450683594
0.0101661682128906 0.0302181243896484 0.0391654968261719 0.05242919921875
0.0214633941650391 0.0167694091796875 0.06036376953125 0.028564453125
0.0292720794677734 -0.0029754638671875 0.0692596435546875 -0.00159454345703125
0.0316562652587891 -0.0145301818847656 0.06103515625 -0.0149612426757813
0.0318889617919922 -0.0122051239013672 0.0453376770019531 -0.0114669799804688
0.0366935729980469 -0.0170860290527344 0.0342540740966797 0.00275421142578125
0.0464324951171875 -0.00421524047851563 0.0202388763427734 0.0135917663574219
0.0462989807128906 0.0228385925292969 -0.00454044342041016 0.00896739959716797
0.0294380187988281 0.0480461120605469 -0.00905036926269531 -0.00727081298828125
-0.0164985656738281 0.0619583129882813 0.0108356475830078 -0.0320091247558594
-0.0586357116699219 0.0579185485839844 0.0339622497558594 -0.0153923034667969
-0.082489013671875 0.0386962890625 0.0188331604003906 0.0152454376220703
-0.087158203125 0.0118942260742187 0.0270271301269531 0.0567474365234375
-0.0623512268066406 0.0408592224121094 -0.000797271728515627 0.0527496337890625
-0.0309944152832031 0.04693603515625 0.00485610961914062 0.0552711486816406
0.003387451171875 0.0542488098144531 0.03265380859375 0.05792236328125
0.029541015625 0.0372734069824219 0.0504035949707031 0.031646728515625
0.0489578247070313 0.00841903686523438 0.0583686828613281 0.00329971313476563
0.0504188537597656 -0.0113182067871094 0.0469741821289063 -0.0050811767578125
0.046905517578125 -0.00753402709960938 0.0314655303955078 -0.00198745727539063
0.053131103515625 -0.0105171203613281 0.0202655792236328 0.00998306274414063
0.0578575134277344 0.005218505859375 0.00823402404785157 0.0168819427490234
0.0481605529785156 0.0340232849121094 -0.0125932693481445 0.0112886428833008
0.0265235900878906 0.0561561584472656 -0.0140037536621094 -0.00389289855957031
-0.0249710083007813 0.0622406005859375 0.00341987609863281 -0.0241794586181641
-0.0680427551269531 0.0505867004394531 0.01763916015625 9.91821289062531E-05
-0.0911483764648438 0.0273284912109375 -0.00792312622070313 0.0230636596679688
-0.0902481079101563 -0.00808715820312499 -0.0097503662109375 0.0604209899902344
-0.0802841186523438 0.0273818969726562 -0.0293197631835938 0.0620651245117187
-0.0503921508789063 0.0482711791992187 -0.00854492187500001 0.0616188049316406
-0.00842666625976563 0.0674362182617188 0.0196990966796875 0.0579681396484375
0.0288314819335938 0.0521621704101563 0.0349254608154297 0.0298404693603516
0.0592193603515625 0.0208625793457031 0.038970947265625 0.00661087036132813
0.0613517761230469 -0.00468826293945313 0.0260276794433594 0.00362777709960937
0.0546684265136719 -0.00307846069335938 0.0115547180175781 0.00794410705566406
0.0617294311523438 -0.00405502319335938 0.00172138214111329 0.0162897109985352
0.0622062683105469 0.0122947692871094 -0.00665473937988281 0.0184593200683594
0.0463104248046875 0.0413932800292969 -0.0217838287353516 0.0104694366455078
0.0210418701171875 0.0603981018066406 -0.017369270324707 -0.00351428985595702
-0.0330238342285156 0.0583305358886719 -0.000305175781250001 -0.0157804489135742
-0.0732269287109375 0.0384750366210938 0.00268840789794921 0.0142917633056641
-0.0909271240234375 0.01043701171875 -0.0353317260742188 0.0265655517578125
-0.0738754272460938 -0.0265426635742187 -0.0424537658691406 0.0548286437988281
-0.0782241821289063 0.00485992431640623 -0.0559959411621094 0.0617599487304687
-0.0575180053710938 0.034698486328125 -0.0213050842285156 0.0618438720703125
-0.0212173461914063 0.0631523132324219 0.00562286376953125 0.0513992309570313
0.0195045471191406 0.0553054809570313 0.0163116455078125 0.0244083404541016
0.0548591613769531 0.030517578125 0.0165681838989258 0.0079193115234375
0.0605392456054687 0.00348281860351562 0.00143909454345703 0.0109281539916992
0.0535659790039063 0.0029144287109375 -0.00937175750732422 0.0160083770751953
0.0607223510742188 0.00258636474609375 -0.0173091888427734 0.0223941802978516
0.0601844787597656 0.018524169921875 -0.0238971710205078 0.0171489715576172
0.0403327941894531 0.0444984436035156 -0.0302181243896484 0.00573158264160157
0.0131607055664062 0.0604934692382813 -0.0204048156738281 -0.00639152526855468
-0.0390472412109375 0.0492515563964844 -0.001922607421875 -0.0116958618164062
-0.073028564453125 0.0214004516601563 -0.0103073120117188 0.0221691131591797
-0.0830535888671875 -0.0085906982421875 -0.0588951110839844 0.0237846374511719
-0.0425262451171875 -0.0402603149414063 -0.0656585693359375 0.0429801940917969
-0.0560684204101563 -0.0173721313476562 -0.07220458984375 0.0546493530273438
-0.04937744140625 0.0100669860839844 -0.0292472839355469 0.0563011169433594
-0.0296630859375 0.0427627563476563 -0.00501251220703126 0.0407333374023438
0.00410079956054687 0.0469131469726563 0.00180530548095703 0.014491081237793
0.0389976501464844 0.0345001220703125 -0.00562810897827148 0.00622701644897461
0.0498046875 0.0113182067871094 -0.0212059020996094 0.0148391723632812
0.0448074340820313 0.007659912109375 -0.0286979675292969 0.02288818359375
0.0516357421875 0.00818252563476563 -0.0350818634033203 0.0256805419921875
0.0506477355957031 0.0212020874023438 -0.0399284362792969 0.0155754089355469
0.0318603515625 0.0421562194824219 -0.0410079956054688 0.000274658203125011
0.00523757934570312 0.0550613403320313 -0.0250759124755859 -0.0128803253173828
-0.04217529296875 0.0377235412597656 -0.00558185577392579 -0.0116415023803711
-0.0673599243164062 0.00336837768554688 -0.0230579376220703 0.0231056213378906
-0.0672721862792969 -0.0282707214355469 -0.0785675048828125 0.0146331787109375
-0.00567245483398438 -0.0472030639648438 -0.0724258422851562 0.0289764404296875
-0.0234870910644531 -0.0366439819335938 -0.074554443359375 0.0441665649414063
-0.0319538116455078 -0.0158290863037109 -0.0294151306152344 0.0487594604492188
-0.0324916839599609 0.0137577056884766 -0.00787162780761719 0.0289516448974609
-0.0120143890380859 0.0290184020996094 -0.0068206787109375 0.00515413284301758
0.0181617736816406 0.0312290191650391 -0.0219383239746094 0.00229835510253907
0.0316486358642578 0.0173740386962891 -0.0374679565429688 0.0151748657226563
0.0299263000488281 0.0120105743408203 -0.0435371398925781 0.025787353515625
0.03570556640625 0.0120353698730469 -0.050384521484375 0.0266380310058594
0.0353507995605469 0.0202178955078125 -0.0549049377441406 0.01177978515625
0.0212078094482422 0.0344486236572266 -0.0501327514648438 -0.00546264648437501
-0.000419616699218745 0.0430259704589844 -0.0300407409667969 -0.0185565948486328
-0.0388603210449219 0.0250320434570312 -0.010676383972168 -0.0149860382080078
-0.0535736083984375 -0.0131034851074219 -0.0344161987304688 0.0159320831298828
-0.0433387756347656 -0.043304443359375 -0.0901870727539062 -0.00211334228515627
7.62939453125047E-05 0.0428810119628906 0.0903778076171875 3.81469726562526E-05
0.0378036499023438 0.0186920166015625 0.0401115417480469 -0.00443267822265625
0.0246677398681641 -0.0157375335693359 0.0144233703613281 0.0188007354736328
0.0057830810546875 -0.0235939025878906 0.0401077270507812 0.0309791564941406
-0.00977134704589844 -0.0195579528808594 0.0631942749023438 0.0123748779296875
-0.0230178833007813 -0.0146923065185547 0.0676040649414063 -0.0182228088378906
-0.0176525115966797 -0.00980949401855469 0.0608901977539062 -0.0346565246582031
-0.0131855010986328 -0.0111112594604492 0.0503501892089844 -0.031707763671875
-0.0136299133300781 -0.0199813842773438 0.0432548522949219 -0.018890380859375
0.00442123413085937 -0.0254287719726562 0.0324611663818359 -0.00446319580078125
0.0263500213623047 -0.0158920288085938 0.010472297668457 -0.00209236145019531
0.0309906005859375 0.00585556030273437 0.00687217712402344 -0.0199966430664063
0.0191116333007813 0.0367240905761719 0.0321426391601563 -0.0456466674804688
-0.00304031372070313 0.053619384765625 0.0679893493652344 -0.0436630249023438
-0.0264511108398438 0.051513671875 0.0675773620605469 -0.0159683227539062
-0.0353164672851563 0.0433158874511719 0.0866317749023438 0.0190963745117188
0.00785446166992188 0.0369377136230469 0.0383377075195313 0.0137710571289063
0.0119161605834961 0.00834846496582031 0.0168647766113281 0.02996826171875
0.010711669921875 0.00183010101318359 0.0443267822265625 0.0412979125976563
0.00853919982910156 -0.00371360778808594 0.0678977966308594 0.0177078247070313
0.0019683837890625 -0.0112943649291992 0.07354736328125 -0.0150375366210937
0.0066995620727539 -0.0157976150512695 0.0663108825683594 -0.0329475402832031
0.0104703903198242 -0.0152950286865234 0.052093505859375 -0.027252197265625
0.0122890472412109 -0.0228252410888672 0.0435523986816406 -0.0141410827636719
0.0280971527099609 -0.0183773040771484 0.031402587890625 0.00271224975585937
0.0399017333984375 0.00325393676757813 0.00711774826049805 0.00283193588256836
0.0341167449951172 0.0300502777099609 -4.19616699218739E-05 -0.0129022598266602
0.00128936767578125 0.0553054809570312 0.0202407836914063 -0.0405349731445312
-0.0337333679199219 0.0634956359863281 0.0524559020996094 -0.0342826843261719
-0.0578880310058594 0.0532035827636719 0.04962158203125 -0.00179290771484375
-0.0691642761230469 0.036041259765625 0.0662460327148438 0.0388145446777344
-0.0282478332519531 0.0490570068359375 0.0268173217773438 0.0332126617431641
-0.007568359375 0.0344791412353516 0.0152435302734375 0.0427284240722656
0.0130558013916016 0.0315952301025391 0.0450706481933594 0.0493736267089844
0.0243644714355469 0.0167007446289063 0.0650520324707031 0.0226974487304688
0.0307102203369141 -0.0050811767578125 0.0718231201171875 -0.00920867919921875
0.0324974060058594 -0.0182666778564453 0.0614547729492188 -0.0239906311035156
0.0322723388671875 -0.0162467956542969 0.046539306640625 -0.0192184448242187
0.03668212890625 -0.0207710266113281 0.0364570617675781 -0.00482940673828125
0.0485305786132813 -0.00897598266601563 0.0249366760253906 0.00827217102050781
0.0502700805664063 0.0188941955566406 -0.000125408172607419 0.00754499435424805
0.0357475280761719 0.04620361328125 -0.00630712509155273 -0.00705528259277344
-0.0107955932617188 0.0661849975585938 0.00909233093261719 -0.0334300994873047
-0.0546340942382812 0.0661964416503906 0.0367355346679687 -0.0201072692871094
-0.0801849365234375 0.0500259399414062 0.0253486633300781 0.0120754241943359
-0.09210205078125 0.0219039916992187 0.0364227294921875 0.0554389953613281
-0.0612678527832031 0.0513458251953125 0.0054168701171875 0.0526237487792969
-0.0285415649414062 0.0543556213378906 0.00905227661132812 0.054962158203125
0.00948715209960937 0.0581779479980469 0.0377273559570313 0.0571060180664063
0.0351333618164063 0.0364723205566406 0.0549278259277344 0.0275993347167969
0.0526313781738281 0.00444793701171875 0.0608673095703125 -0.00326919555664063
0.0515174865722656 -0.0172920227050781 0.0478630065917969 -0.0116958618164063
0.0490188598632813 -0.0146293640136719 0.031494140625 -0.0072021484375
0.0554733276367188 -0.0185928344726562 0.0219688415527344 0.0059814453125
0.0612602233886719 -0.0018157958984375 0.0109176635742188 0.0140914916992188
0.0546417236328125 0.0298614501953125 -0.00888538360595703 0.0101556777954102
0.0352325439453125 0.056488037109375 -0.0124845504760742 -0.00487136840820312
-0.0194549560546875 0.0681991577148438 0.00269699096679687 -0.0249538421630859
-0.0658340454101562 0.0613822937011719 0.0198764801025391 -0.00262832641601562
-0.09307861328125 0.0395050048828125 -0.00294303894042969 0.0230178833007813
-0.0968856811523438 0.00130462646484373 -0.00222015380859376 0.0641670227050781
-0.0826492309570312 0.0394821166992188 -0.02349853515625 0.0640678405761719
-0.0496826171875 0.0585289001464844 -0.00417327880859376 0.062408447265625
-0.00131988525390625 0.073028564453125 0.0261001586914063 0.0575981140136719
0.035491943359375 0.0519866943359375 0.0388755798339844 0.0270271301269531
0.0629806518554688 0.0161399841308594 0.0413818359375 0.00206375122070313
0.0632667541503906 -0.0121955871582031 0.0263423919677734 -0.000205993652343751
0.0582427978515625 -0.0108566284179688 0.0117044448852539 0.00629997253417969
0.0646705627441406 -0.0121536254882813 0.003173828125 0.0155372619628906
0.0673713684082031 0.00441741943359375 -0.00398826599121093 0.0175189971923828
0.0543365478515625 0.0379371643066406 -0.0191268920898437 0.0105819702148438
0.0305976867675781 0.0615730285644531 -0.015869140625 -0.00446224212646484
-0.0269317626953125 0.0654373168945313 -0.00019645690917969 -0.0177783966064453
-0.0720977783203125 0.0499191284179688 0.00678825378417968 0.0123891830444336
-0.0948562622070313 0.0230865478515625 -0.0315074920654297 0.0305976867675781
-0.081878662109375 -0.0186309814453125 -0.0378532409667969 0.0609016418457031
-0.08233642578125 0.0158920288085937 -0.051055908203125 0.0674362182617187
-0.0579109191894531 0.0443267822265625 -0.0170364379882812 0.0637741088867187
-0.0160903930664063 0.0703659057617188 0.00908279418945313 0.0519027709960938
0.0275611877441406 0.0560836791992187 0.0179347991943359 0.0239276885986328
0.0621566772460937 0.0242271423339844 0.0170164108276367 0.00649833679199219
0.0642662048339844 -0.00441741943359375 0.00194168090820313 0.009613037109375
0.0571975708007813 -0.0045928955078125 -0.00868225097656249 0.0177650451660156
0.0653228759765625 -0.00582504272460937 -0.0160903930664062 0.0223102569580078
0.0662879943847656 0.0113296508789062 -0.0230617523193359 0.0172481536865234
0.0482902526855469 0.0413360595703125 -0.0315704345703125 0.00689697265625
0.0227508544921875 0.0615119934082031 -0.0210227966308594 -0.00705146789550781
-0.0346794128417969 0.0575904846191406 -0.00218677520751953 -0.0129375457763672
-0.0744552612304688 0.03289794921875 -0.00659751892089844 0.02252197265625
-0.0875701904296875 0.00157165527343749 -0.0563888549804688 0.0296401977539063
-0.0516815185546875 -0.0349235534667969 -0.0630111694335938 0.0530738830566406
-0.0627250671386719 -0.00992584228515625 -0.0687789916992187 0.0621299743652344
-0.0517234802246094 0.0172653198242188 -0.0250358581542969 0.0601081848144531
-0.0261993408203125 0.0478096008300781 -0.002044677734375 0.0424346923828125
0.0116195678710938 0.0478477478027344 0.00236034393310547 0.0162887573242188
0.0481796264648438 0.0297164916992187 -0.00638771057128906 0.00650501251220703
0.0538291931152344 0.00402069091796875 -0.0204486846923828 0.0179920196533203
0.0493011474609375 0.00262832641601563 -0.028656005859375 0.0268211364746094
0.055908203125 -0.000247955322265625 -0.0344161987304688 0.0306491851806641
0.057373046875 0.0147514343261719 -0.0408134460449219 0.0185966491699219
0.0404510498046875 0.0398597717285156 -0.0424232482910156 0.00248336791992188
0.0137557983398438 0.05712890625 -0.0272502899169922 -0.0121116638183594
-0.0376815795898437 0.0458602905273438 -0.00522041320800781 -0.0134181976318359
-0.0711669921875 0.0127029418945312 -0.0196628570556641 0.0254688262939453
-0.07403564453125 -0.0198440551757813 -0.078643798828125 0.0224227905273438
-0.0135688781738281 -0.0474662780761719 -0.0726089477539063 0.0381011962890625
-0.0311336517333984 -0.0332393646240234 -0.0724868774414063 0.0543899536132813
-0.0360832214355469 -0.0106849670410156 -0.0261039733886719 0.0524444580078125
-0.0317535400390625 0.0197181701660156 -0.005767822265625 0.0298042297363281
-0.00663948059082032 0.0322666168212891 -0.00846529006958008 0.00637960433959961
0.0235843658447266 0.0289077758789063 -0.0232315063476563 0.0065765380859375
0.0349884033203125 0.0115699768066406 -0.0384101867675781 0.0207901000976563
0.0318145751953125 0.00682449340820313 -0.0436286926269531 0.0323524475097656
0.0387687683105469 0.00640106201171875 -0.0498695373535156 0.0331497192382812
0.0395927429199219 0.0155715942382812 -0.056182861328125 0.0175285339355469
0.0267047882080078 0.0326004028320313 -0.0530014038085938 -0.00188064575195313
0.0051422119140625 0.0436973571777344 -0.0341033935546875 -0.0175819396972656
-0.0372543334960938 0.031036376953125 -0.0107555389404297 -0.0159215927124023
-0.0572929382324219 -0.00549697875976562 -0.0335350036621094 0.0205936431884766
-0.0504379272460938 -0.037200927734375 -0.0933380126953125 0.00710296630859377
0.00429153442382812 0.0409889221191406 0.0908203125 -0.00814056396484375
0.0377006530761719 0.0133056640625 0.0383110046386719 -0.0084686279296875
0.0213527679443359 -0.0182590484619141 0.0144805908203125 0.0185337066650391
0.00212478637695313 -0.0236682891845703 0.0428123474121094 0.0290069580078125
-0.0107231140136719 -0.0181922912597656 0.0645065307617188 0.00687408447265625
-0.0241279602050781 -0.0102443695068359 0.067626953125 -0.0241165161132813
-0.0174322128295898 -0.00782299041748047 0.05828857421875 -0.0429153442382813
-0.0133638381958008 -0.00962066650390625 0.0472068786621094 -0.0378341674804688
-0.0164165496826172 -0.0173006057739258 0.0412940979003906 -0.024658203125
0.000761032104492188 -0.0248985290527344 0.0333786010742188 -0.00897979736328125
0.0224189758300781 -0.0188465118408203 0.0128402709960938 -0.00533962249755859
0.0306415557861328 0.00190353393554688 0.00712203979492188 -0.0206050872802734
0.0224571228027344 0.0337486267089844 0.0297622680664063 -0.0461997985839844
0.00281524658203125 0.0538787841796875 0.0644569396972656 -0.050201416015625
-0.0197486877441406 0.0533027648925781 0.068267822265625 -0.0248069763183594
-0.0326118469238281 0.0460853576660156 0.087310791015625 0.0110015869140625
0.00964736938476563 0.0353240966796875 0.0386505126953125 0.00775527954101563
0.0109443664550781 0.00808620452880859 0.0186004638671875 0.0285358428955078
0.00998878479003906 0.00237274169921875 0.047515869140625 0.0370445251464844
0.0083308219909668 -0.00418424606323242 0.0692253112792969 0.0114974975585938
0.00281238555908203 -0.0102090835571289 0.0731201171875 -0.0218505859375
0.00628566741943359 -0.0163469314575195 0.063568115234375 -0.0400924682617188
0.00975227355957031 -0.0158023834228516 0.0492019653320312 -0.0347785949707031
0.0109825134277344 -0.0226287841796875 0.0418243408203125 -0.0198478698730469
0.0263290405273438 -0.0195693969726563 0.0332889556884766 -0.00354957580566406
0.0399093627929688 -0.000644683837890625 0.00961017608642578 4.9591064453125E-05
0.0364265441894531 0.0254783630371094 0.00182056427001953 -0.0132694244384766
0.00647354125976563 0.05426025390625 0.0185508728027344 -0.0408706665039062
-0.0266151428222656 0.0662689208984375 0.0513229370117187 -0.0399551391601562
-0.051910400390625 0.0582962036132812 0.0522232055664063 -0.00928497314453125
-0.0665702819824219 0.0433120727539062 0.0706710815429688 0.031829833984375
-0.0246162414550781 0.050811767578125 0.0294017791748047 0.0285930633544922
-0.0052490234375 0.0363922119140625 0.0177879333496094 0.0406532287597656
0.0158100128173828 0.0308876037597656 0.0490570068359375 0.0460433959960938
0.0269069671630859 0.0148410797119141 0.0680427551269531 0.0174293518066406
0.0306682586669922 -0.00720405578613281 0.0712203979492188 -0.0178985595703125
0.0311622619628906 -0.0216331481933594 0.0589332580566406 -0.0311431884765625
0.0321426391601562 -0.0193653106689453 0.043487548828125 -0.025299072265625
0.0352859497070313 -0.0242118835449219 0.0354499816894531 -0.0108184814453125
0.0477981567382813 -0.0142478942871094 0.0253887176513672 0.00327491760253906
0.0526123046875 0.014373779296875 0.00212478637695313 0.00483798980712891
0.0409774780273438 0.0428733825683594 -0.00457572937011718 -0.00806903839111328
-0.00481414794921875 0.0674285888671875 0.00864982604980469 -0.0340595245361328
-0.0474090576171875 0.0727920532226563 0.0354537963867188 -0.0245208740234375
-0.075897216796875 0.0572586059570313 0.0286026000976562 0.00672721862792969
-0.0914077758789063 0.0313034057617187 0.0417861938476562 0.0499916076660156
-0.0580177307128906 0.0570945739746094 0.00935745239257812 0.0495223999023438
-0.0254402160644531 0.0582427978515625 0.0119667053222656 0.0535163879394531
0.0153923034667969 0.0586738586425781 0.0425224304199219 0.053192138671875
0.0404167175292969 0.0344619750976563 0.0573348999023438 0.0231170654296875
0.0535049438476563 -0.000522613525390625 0.0597190856933594 -0.0100135803222656
0.0507583618164063 -0.0233879089355469 0.04608154296875 -0.01824951171875
0.0489654541015625 -0.0195846557617188 0.0307350158691406 -0.0122470855712891
0.0538368225097656 -0.02386474609375 0.0220832824707031 0.000568389892578124
0.0631866455078125 -0.00855636596679687 0.0129194259643555 0.00882339477539063
0.0596389770507812 0.0250473022460937 -0.00726032257080078 0.0081634521484375
0.0414543151855469 0.0535926818847656 -0.0105419158935547 -0.00475215911865234
-0.012603759765625 0.0721054077148438 0.00156021118164062 -0.0261802673339844
-0.0601577758789063 0.0704116821289063 0.0214385986328125 -0.00631332397460937
-0.088531494140625 0.0489654541015625 0.00195884704589843 0.0202522277832031
-0.09881591796875 0.011993408203125 0.00394439697265624 0.0615615844726562
-0.0802001953125 0.0478973388671875 -0.017974853515625 0.0649032592773438
-0.0446739196777344 0.0651054382324219 -0.000358581542968753 0.0618743896484375
0.00714111328125001 0.0759429931640625 0.0291290283203125 0.0552749633789063
0.0431900024414063 0.0496940612792969 0.0393486022949219 0.0248031616210938
0.0667648315429687 0.008514404296875 0.0395355224609375 -0.00229263305664063
0.0629234313964844 -0.0196762084960938 0.0266838073730469 -0.00360870361328125
0.0579566955566406 -0.0168991088867188 0.0121650695800781 0.00332450866699219
0.0644989013671875 -0.0204849243164063 0.00442790985107422 0.012333869934082
0.0704193115234375 -0.00258636474609375 -0.00382804870605468 0.014984130859375
0.0606040954589844 0.0323982238769531 -0.0185928344726562 0.00852584838867188
0.036956787109375 0.0592155456542969 -0.0159006118774414 -0.00402927398681641
-0.0209579467773438 0.0700912475585938 -0.000774383544921876 -0.0187034606933594
-0.0684585571289062 0.0598335266113281 0.00935173034667968 0.0111312866210938
-0.0933380126953125 0.033233642578125 -0.0252819061279297 0.0304508209228516
-0.0870361328125 -0.00978851318359377 -0.0314140319824219 0.0644912719726563
-0.0831146240234375 0.0255966186523438 -0.044677734375 0.071197509765625
-0.0548248291015625 0.0524520874023438 -0.0131416320800781 0.0637016296386719
-0.00742340087890625 0.0740127563476563 0.01275634765625 0.05169677734375
0.0342903137207031 0.0552139282226563 0.0190067291259766 0.0218601226806641
0.0655517578125 0.0176315307617188 0.0160131454467773 0.00459194183349609
0.063812255859375 -0.0130500793457031 0.00334453582763672 0.00999736785888672
0.0578422546386719 -0.0117874145507812 -0.00713157653808593 0.017333984375
0.0654945373535156 -0.0141563415527344 -0.0149631500244141 0.0231285095214844
0.06817626953125 0.00252151489257812 -0.0224857330322266 0.0183963775634766
0.0550765991210938 0.0359420776367188 -0.0309066772460938 0.00798988342285156
0.0295677185058594 0.0601997375488281 -0.0207595825195313 -0.00646591186523437
-0.0297012329101562 0.0626487731933594 -0.00324153900146485 -0.0143213272094727
-0.072265625 0.0428314208984375 -0.00369071960449219 0.0222682952880859
-0.089508056640625 0.0126876831054687 -0.0523719787597656 0.0329399108886719
-0.0569496154785156 -0.0295333862304688 -0.0594139099121094 0.0586624145507813
-0.06524658203125 -0.00173568725585939 -0.0634994506835937 0.0678062438964844
-0.0526351928710938 0.0251884460449219 -0.0220870971679688 0.0601959228515625
-0.0196685791015625 0.0542793273925781 -0.000236511230468748 0.0412139892578125
0.0182876586914062 0.0489540100097656 0.000441551208496094 0.0157766342163086
0.051849365234375 0.0231895446777344 -0.00661277770996093 0.00846195220947266
0.0543403625488281 -0.00356674194335937 -0.0183391571044922 0.0208473205566406
0.0493812561035156 -0.00497055053710938 -0.0252704620361328 0.029266357421875
0.0564765930175781 -0.00681686401367188 -0.0329742431640625 0.0318565368652344
0.0584907531738281 0.0069122314453125 -0.0401611328125 0.02154541015625
0.0452995300292969 0.0348358154296875 -0.0434188842773438 0.00519943237304689
0.0212631225585937 0.05487060546875 -0.0278339385986328 -0.0114688873291016
-0.0344467163085937 0.0510063171386719 -0.00616359710693359 -0.0137557983398437
-0.0701103210449219 0.0227394104003906 -0.0168876647949219 0.0268096923828125
-0.0760269165039063 -0.00992584228515625 -0.0759429931640625 0.0283050537109375
-0.0190162658691406 -0.0455398559570313 -0.071044921875 0.04595947265625
-0.0356712341308594 -0.0286903381347656 -0.0690650939941406 0.0602264404296875
-0.038116455078125 -0.00562667846679688 -0.0229225158691406 0.0533828735351562
-0.0283622741699219 0.0249652862548828 -0.00698280334472656 0.0304203033447266
-0.00123214721679687 0.0329036712646484 -0.0100860595703125 0.00819969177246094
0.0283432006835938 0.0244007110595703 -0.0243949890136719 0.00921440124511719
0.0363006591796875 0.00669097900390625 -0.0360221862792969 0.02667236328125
0.0334548950195313 0.00260543823242188 -0.0397758483886719 0.0371131896972656
0.0400772094726562 0.000537872314453125 -0.0481719970703125 0.0383720397949219
0.0410804748535156 0.0097503662109375 -0.0553474426269531 0.02178955078125
0.03125 0.0289688110351563 -0.05389404296875 0.00136947631835938
0.0114555358886719 0.0435523986816406 -0.0351085662841797 -0.0156726837158203
-0.0334453582763672 0.0346565246582031 -0.0121030807495117 -0.0150232315063477
-0.05804443359375 0.00204849243164063 -0.0299358367919922 0.0231781005859375
-0.0541763305664063 -0.0311050415039063 -0.0929107666015625 0.0157318115234375
0.00660324096679688 0.0391311645507813 0.08868408203125 -0.0135040283203125
0.0363845825195313 0.00999069213867188 0.0357246398925781 -0.0109825134277344
0.0186862945556641 -0.0190868377685547 0.0146217346191406 0.0181980133056641
-0.000644683837890623 -0.0226116180419922 0.0436782836914063 0.0266685485839844
-0.0122756958007813 -0.0169668197631836 0.065032958984375 0.00283050537109375
-0.0233573913574219 -0.007293701171875 0.0660781860351563 -0.027923583984375
-0.0171995162963867 -0.00580215454101563 0.0548934936523437 -0.0470466613769531
-0.0132169723510742 -0.00797462463378906 0.0439262390136719 -0.0419349670410156
-0.0171089172363281 -0.0145292282104492 0.0386734008789063 -0.0287933349609375
-0.00197792053222656 -0.0231876373291016 0.0333538055419922 -0.0136795043945313
0.0199527740478516 -0.0201168060302734 0.0141592025756836 -0.0079030990600586
0.0299053192138672 -0.000453948974609375 0.00867652893066406 -0.0207748413085937
0.0241298675537109 0.0306625366210938 0.0280723571777344 -0.0464630126953125
0.00749969482421875 0.0506973266601562 0.06103515625 -0.0533180236816406
-0.0151176452636719 0.0521392822265625 0.0673942565917969 -0.0297698974609375
-0.0294990539550781 0.0471343994140625 0.0869522094726563 0.004791259765625
0.0100021362304687 0.0334606170654297 0.0374908447265625 0.00396347045898438
0.00959587097167969 0.00831508636474609 0.0186939239501953 0.0270824432373047
0.00980567932128906 0.00194263458251953 0.0491828918457031 0.0344467163085938
0.00798225402832031 -0.00346517562866211 0.0692672729492188 0.00736618041992188
0.00259590148925781 -0.00926971435546875 0.0712814331054688 -0.02716064453125
0.00632095336914062 -0.0159568786621094 0.0595016479492188 -0.0446815490722656
0.00922107696533203 -0.0159683227539063 0.0454673767089844 -0.0392227172851562
0.00933647155761719 -0.0221385955810547 0.039764404296875 -0.0243072509765625
0.0247821807861328 -0.0201129913330078 0.0331954956054687 -0.00809478759765625
0.03875732421875 -0.00295257568359375 0.0113229751586914 -0.00255489349365234
0.0373954772949219 0.0230369567871094 0.00388336181640625 -0.0141582489013672
0.00934982299804688 0.0528106689453125 0.0174026489257813 -0.0405654907226563
-0.0219383239746094 0.0664291381835938 0.0485725402832031 -0.04254150390625
-0.0470504760742188 0.0598793029785156 0.0536613464355469 -0.0142326354980469
-0.0643272399902344 0.0469741821289063 0.071685791015625 0.0261459350585938
-0.022735595703125 0.052642822265625 0.0295982360839844 0.0245876312255859
-0.00460433959960938 0.0378952026367187 0.0183143615722656 0.0390739440917969
0.0179691314697266 0.0311393737792969 0.0501213073730469 0.042816162109375
0.0281314849853516 0.0135154724121094 0.0677413940429688 0.0130691528320313
0.0306282043457031 -0.00865364074707031 0.0693435668945313 -0.0219230651855469
0.0299549102783203 -0.0239906311035156 0.0558586120605469 -0.0363006591796875
0.0308399200439453 -0.0216255187988281 0.0403289794921875 -0.0298614501953125
0.034210205078125 -0.0267791748046875 0.0329971313476563 -0.014923095703125
0.0470314025878906 -0.0166778564453125 0.0258693695068359 -0.00185775756835938
0.0529022216796875 0.0108566284179688 0.0038290023803711 0.00203132629394531
0.0432281494140625 0.0400505065917969 -0.00267505645751953 -0.00946140289306641
-0.00061798095703125 0.0672454833984375 0.00826454162597656 -0.0344448089599609
-0.042694091796875 0.0748519897460937 0.0345497131347656 -0.0274887084960937
-0.0709228515625 0.061004638671875 0.0317459106445312 0.00237274169921875
-0.0896377563476563 0.0379409790039062 0.0437736511230469 0.0454978942871094
-0.0546073913574219 0.0611114501953125 0.0115776062011719 0.0455665588378906
-0.0231056213378906 0.0607223510742188 0.0126495361328125 0.05096435546875
0.0196456909179687 0.058013916015625 0.0436744689941406 0.05010986328125
0.0428848266601563 0.0319290161132813 0.0567283630371094 0.01904296875
0.0541496276855469 -0.00382232666015625 0.057586669921875 -0.0138664245605469
0.0492744445800781 -0.0269241333007813 0.0439338684082031 -0.0221176147460937
0.0475959777832031 -0.0239982604980469 0.0284843444824219 -0.0153312683105469
0.0527076721191406 -0.0275993347167969 0.0201969146728516 -0.00346183776855469
0.0621147155761719 -0.0133895874023438 0.0128202438354492 0.00526809692382812
0.0615158081054688 0.0203361511230469 -0.00582456588745117 0.00573873519897461
0.0449867248535156 0.0507659912109375 -0.00862360000610351 -0.00592374801635742
-0.0084228515625 0.0733566284179688 0.00174331665039062 -0.0261135101318359
-0.0554351806640625 0.074920654296875 0.0213336944580078 -0.00901412963867187
-0.0847702026367187 0.0548019409179688 0.00588989257812499 0.0178699493408203
-0.0986709594726563 0.019866943359375 0.00778198242187499 0.0595321655273438
-0.07647705078125 0.0538482666015625 -0.0139923095703125 0.06292724609375
-0.0411415100097656 0.0686798095703125 0.0016632080078125 0.0601997375488281
0.0123443603515625 0.0748672485351562 0.0302581787109375 0.0530014038085938
0.04742431640625 0.0469207763671875 0.0393524169921875 0.0219459533691406
0.0671958923339844 0.00350570678710937 0.0379104614257813 -0.00422286987304688
0.0612258911132813 -0.0245704650878906 0.0254001617431641 -0.00554656982421875
0.0568580627441406 -0.0221977233886719 0.0120334625244141 0.0016489028930664
0.06292724609375 -0.0257377624511719 0.00398826599121094 0.0102195739746094
0.0698356628417969 -0.00896835327148438 -0.00348281860351562 0.0126800537109375
0.0629158020019531 0.0275115966796875 -0.017329216003418 0.00769615173339844
0.04229736328125 0.0568084716796875 -0.0147600173950195 -0.00516128540039062
-0.01708984375 0.0724563598632813 -0.00141525268554688 -0.0194816589355469
-0.0645179748535156 0.0651741027832031 0.0103273391723633 0.00859355926513672
-0.0905914306640625 0.0398788452148438 -0.0215435028076172 0.0292987823486328
-0.0878677368164063 -0.00228118896484373 -0.0270156860351563 0.0645484924316406
-0.0808639526367188 0.0323410034179687 -0.0396652221679688 0.070556640625
-0.05242919921875 0.0570907592773438 -0.0112457275390625 0.0621910095214844
-0.001220703125 0.0741806030273437 0.0142250061035156 0.0496292114257813
0.0395317077636719 0.0525894165039063 0.0186958312988281 0.0214900970458984
0.0668869018554687 0.011627197265625 0.0149145126342773 0.00379180908203125
0.0627670288085938 -0.0180625915527344 0.00376129150390625 0.00986385345458984
0.0572853088378906 -0.0170249938964844 -0.0066080093383789 0.0170354843139648
0.0638771057128906 -0.0207481384277344 -0.01416015625 0.0232067108154297
0.0683403015136719 -0.00382614135742187 -0.0217094421386719 0.0182819366455078
0.0584373474121094 0.03076171875 -0.0300045013427734 0.00762176513671874
0.0351028442382813 0.0576019287109375 -0.0206451416015625 -0.00661659240722655
-0.0246429443359375 0.0650978088378906 -0.00321006774902344 -0.0150222778320312
-0.0688095092773438 0.0494003295898437 -0.00162696838378907 0.0203723907470703
-0.0872421264648438 0.0194931030273438 -0.0483818054199219 0.0338325500488281
-0.05987548828125 -0.0239753723144531 -0.0550918579101563 0.06085205078125
-0.0652809143066406 0.00412368774414064 -0.0588951110839844 0.0695266723632813
-0.051025390625 0.0303840637207031 -0.0195274353027344 0.05889892578125
-0.0148353576660156 0.0561561584472656 0.000610351562499999 0.0408935546875
0.0226325988769531 0.0471534729003906 0.00039482116699219 0.0159273147583008
0.05322265625 0.0178680419921875 -0.00786972045898437 0.00886821746826172
0.0536003112792969 -0.00824737548828125 -0.0174484252929687 0.0221672058105469
0.04901123046875 -0.00959014892578125 -0.0236225128173828 0.0309276580810547
0.0557365417480469 -0.0124664306640625 -0.0309505462646484 0.0340251922607422
0.0584449768066406 0.0009307861328125 -0.0393028259277344 0.0228080749511719
0.0477752685546875 0.0304794311523437 -0.0432472229003906 0.00688171386718749
0.0256004333496094 0.052398681640625 -0.0279293060302734 -0.0104122161865234
-0.0302391052246094 0.0533409118652344 -0.00679302215576172 -0.013829231262207
-0.0670928955078125 0.0290946960449219 -0.0139350891113281 0.0262584686279297
-0.0758209228515625 -0.00318908691406251 -0.0721282958984375 0.0312118530273437
-0.0223541259765625 -0.042327880859375 -0.0680923461914063 0.0510368347167969
-0.0376014709472656 -0.0239639282226563 -0.0647850036621094 0.0622482299804688
-0.0386199951171875 -0.00167846679687499 -0.0212593078613281 0.052032470703125
-0.0247726440429688 0.0278205871582031 -0.00690078735351563 0.0306682586669922
0.0022125244140625 0.0328941345214844 -0.0109033584594727 0.00989246368408203
0.0301151275634766 0.0206680297851563 -0.0241203308105469 0.0117340087890625
0.0360641479492187 0.00288009643554687 -0.0334300994873047 0.0298233032226563
0.0329456329345703 -0.000665664672851563 -0.0366897583007813 0.0395965576171875
0.0390243530273438 -0.003173828125 -0.0452995300292969 0.0407142639160156
0.0418930053710938 0.0046539306640625 -0.0546951293945313 0.0245208740234375
0.0333175659179688 0.0254688262939453 -0.0545425415039063 0.00429534912109375
0.0154342651367188 0.0414848327636719 -0.0351181030273438 -0.0146827697753906
-0.0299606323242187 0.0372581481933594 -0.0124044418334961 -0.0154190063476562
-0.0565261840820313 0.00729751586914063 -0.0272674560546875 0.0241184234619141
-0.0547065734863281 -0.025054931640625 -0.0903701782226563 0.0204086303710938
0.00778579711914063 0.0380897521972656 0.087738037109375 -0.01605224609375
0.0351982116699219 0.00832366943359375 0.0339927673339844 -0.0121612548828125
0.0171604156494141 -0.0189323425292969 0.0141506195068359 0.0181369781494141
-0.00149726867675781 -0.0222148895263672 0.0442085266113281 0.0261497497558594
-0.013026237487793 -0.0158395767211914 0.0656089782714844 0.00116729736328125
-0.0228633880615234 -0.00498580932617188 0.0667839050292969 -0.0306053161621094
-0.0165281295776367 -0.00443840026855469 0.0535316467285156 -0.0496749877929688
-0.0127458572387695 -0.0077219009399414 0.0418167114257813 -0.0444145202636719
-0.0164031982421875 -0.0129909515380859 0.0374107360839844 -0.031707763671875
-0.00288581848144531 -0.0226669311523438 0.0330429077148438 -0.0166015625
0.0179786682128906 -0.0209102630615234 0.0151891708374023 -0.0098876953125
0.0288772583007813 -0.00200271606445313 0.0104885101318359 -0.0212669372558594
0.0249443054199219 0.0284919738769531 0.0279464721679687 -0.0458450317382813
0.0094451904296875 0.0486793518066406 0.0600357055664062 -0.0553970336914063
-0.0126838684082031 0.0510215759277344 0.0686531066894531 -0.0336570739746094
-0.0282745361328125 0.0473861694335938 0.0866241455078125 0.0025634765625
0.00987243652343749 0.0332126617431641 0.0361175537109375 0.00231170654296875
0.00932216644287109 0.00948619842529297 0.0179634094238281 0.0264549255371094
0.0102396011352539 0.00259590148925781 0.0497665405273438 0.0331916809082031
0.00841760635375976 -0.00318336486816406 0.0695648193359375 0.0060272216796875
0.00310134887695313 -0.00858306884765625 0.0709075927734375 -0.0292434692382812
0.00626468658447266 -0.0159130096435547 0.0573997497558594 -0.0477256774902344
0.00946044921875 -0.0167970657348633 0.0432815551757813 -0.0415191650390625
0.00920867919921875 -0.0217666625976563 0.0378837585449219 -0.0272674560546875
0.0238895416259766 -0.0204868316650391 0.0331916809082031 -0.0120506286621094
0.0379104614257813 -0.00422286987304688 0.0124225616455078 -0.00515270233154297
0.037353515625 0.0218887329101563 0.00583362579345704 -0.0152997970581055
0.0108222961425781 0.0519866943359375 0.0181846618652344 -0.0409774780273438
-0.0194282531738281 0.0658454895019531 0.04815673828125 -0.0442123413085937
-0.044586181640625 0.060546875 0.05474853515625 -0.0175323486328125
-0.0636367797851563 0.0490264892578125 0.0716705322265625 0.0233535766601563
-0.0223541259765625 0.0533981323242188 0.0287971496582031 0.0220241546630859
-0.00429916381835937 0.0394439697265625 0.0179824829101563 0.0381050109863281
0.0191421508789063 0.0315322875976563 0.0507240295410156 0.0416374206542969
0.0291156768798828 0.0129184722900391 0.0674858093261719 0.0117912292480469
0.0307197570800781 -0.00899887084960938 0.0682144165039063 -0.0243453979492188
0.0299167633056641 -0.0249080657958984 0.0540351867675781 -0.0388870239257813
0.0309162139892578 -0.0234317779541016 0.0384559631347656 -0.0322685241699219
0.0335903167724609 -0.028289794921875 0.0316200256347656 -0.0183753967285156
0.0465507507324219 -0.0182914733886719 0.0262088775634766 -0.0054931640625
0.0542526245117188 0.0086669921875 0.00512838363647461 -0.000779151916503906
0.0448112487792969 0.0390205383300781 -0.00113677978515625 -0.0108470916748047
0.0013275146484375 0.0673408508300781 0.00850868225097656 -0.0343894958496094
-0.0399017333984375 0.0765914916992188 0.0344390869140625 -0.0294895172119141
-0.0689620971679688 0.062957763671875 0.0336246490478516 -0.000938415527343746
-0.0896835327148438 0.0410003662109375 0.0453910827636719 0.043487548828125
-0.0534286499023437 0.0633087158203125 0.0116729736328125 0.0433921813964844
-0.0217514038085937 0.0634994506835938 0.0118446350097656 0.0502510070800781
0.0220146179199219 0.0584144592285156 0.04400634765625 0.0491371154785156
0.0449600219726563 0.0308036804199219 0.0566825866699219 0.0180473327636719
0.0541191101074219 -0.0060272216796875 0.0560798645019531 -0.0155181884765625
0.0489883422851562 -0.0291099548339844 0.0426521301269531 -0.0246009826660156
0.047393798828125 -0.0266304016113281 0.0269393920898438 -0.0177631378173828
0.0522308349609375 -0.0307846069335938 0.0193443298339844 -0.00551605224609375
0.0621528625488281 -0.0166587829589844 0.0126590728759766 0.00288295745849609
0.0631141662597656 0.0178871154785156 -0.00534486770629883 0.00349187850952149
0.0474929809570313 0.0492782592773438 -0.00735616683959961 -0.00739908218383789
-0.006256103515625 0.0747528076171875 0.00218772888183594 -0.0264225006103516
-0.0532379150390625 0.0777664184570313 0.0222187042236328 -0.0111198425292969
-0.0830535888671875 0.0573501586914063 0.00790882110595702 0.0148782730102539
-0.0996627807617187 0.0236358642578125 0.00976181030273437 0.0586051940917969
-0.075164794921875 0.05718994140625 -0.0131645202636719 0.0609397888183594
-0.039642333984375 0.071929931640625 0.00122833251953125 0.0594139099121094
0.0154800415039062 0.07568359375 0.0305213928222656 0.0523300170898438
0.0501518249511719 0.04541015625 0.0384521484375 0.021759033203125
0.0675010681152344 0.00057220458984375 0.0368118286132813 -0.00543594360351563
0.0604820251464844 -0.0280342102050781 0.0247726440429688 -0.0071868896484375
0.0566749572753906 -0.0252914428710938 0.0114641189575195 0.00029468536376953
0.0622520446777344 -0.0297698974609375 0.00342655181884766 0.00889396667480469
0.0696983337402344 -0.0126152038574219 -0.00371646881103515 0.0109539031982422
0.0652656555175781 0.0247459411621094 -0.017669677734375 0.0064544677734375
0.0452194213867188 0.0554275512695313 -0.0138397216796875 -0.00643634796142578
-0.0142364501953125 0.0738754272460938 -0.000991821289062502 -0.0199928283691406
-0.0625648498535156 0.0695877075195312 0.0112209320068359 0.00658130645751953
-0.0891342163085938 0.0439605712890625 -0.019622802734375 0.0271892547607422
-0.089202880859375 0.00152587890625002 -0.0251350402832031 0.0647315979003906
-0.08001708984375 0.0363998413085938 -0.0381011962890625 0.0695571899414063
-0.050994873046875 0.0604820251464844 -0.0112495422363281 0.0612373352050781
0.00170135498046876 0.0753860473632813 0.0141563415527344 0.0489158630371094
0.0426063537597656 0.0511016845703125 0.0180339813232422 0.0213603973388672
0.0673599243164063 0.00855255126953125 0.0139999389648438 0.00401687622070313
0.0618438720703125 -0.0212020874023437 0.00395488739013672 0.0096139907836914
0.0566864013671875 -0.02032470703125 -0.00616931915283203 0.0170660018920898
0.0634651184082031 -0.0240592956542969 -0.0142307281494141 0.0227451324462891
0.0687522888183594 -0.00789642333984375 -0.0220165252685547 0.0177268981933594
0.0606193542480469 0.0282554626464844 -0.0303668975830078 0.00704193115234376
0.038238525390625 0.05609130859375 -0.0204677581787109 -0.00774765014648437
-0.0221519470214844 0.0672760009765625 -0.00345420837402344 -0.0158538818359375
-0.0675277709960938 0.0535659790039063 -0.000192642211914066 0.0190200805664063
-0.0866546630859375 0.0235214233398438 -0.0460891723632813 0.0327949523925781
-0.0619468688964844 -0.0212173461914062 -0.0531539916992188 0.0617942810058594
-0.0652542114257813 0.00738525390624999 -0.0568695068359375 0.0691032409667969
-0.0502471923828125 0.0338287353515625 -0.0196952819824219 0.0578575134277344
-0.0122222900390625 0.0579185485839844 0.000335693359374999 0.0406455993652344
0.0254478454589844 0.0464439392089844 -0.000399589538574216 0.0169754028320313
0.0539283752441406 0.0152473449707031 -0.00810813903808593 0.0100326538085938
0.0528755187988281 -0.0113563537597656 -0.0159816741943359 0.0232124328613281
0.0482139587402344 -0.0122833251953125 -0.0224285125732422 0.0317306518554688
0.0547142028808594 -0.0162353515625 -0.0309410095214844 0.0344829559326172
0.0587425231933594 -0.00225067138671875 -0.0398063659667969 0.0228919982910156
0.0504722595214844 0.0278701782226563 -0.0435218811035156 0.00637435913085938
0.028472900390625 0.0510711669921875 -0.0283222198486328 -0.0109596252441406
-0.0274696350097656 0.0549888610839844 -0.00706863403320313 -0.0148086547851562
-0.0655899047851562 0.0329551696777344 -0.0122184753417969 0.0258712768554688
-0.075469970703125 0.000648498535156252 -0.0704269409179688 0.0316696166992188
-0.0248489379882812 -0.0406227111816406 -0.0671920776367188 0.0530014038085938
-0.0389366149902344 -0.0217094421386719 -0.0630416870117188 0.063140869140625
-0.0385932922363281 0.00103759765625 -0.0212593078613281 0.0516204833984375
-0.0227870941162109 0.0292091369628906 -0.0077362060546875 0.0307388305664062
0.00472450256347656 0.0326042175292969 -0.0120878219604492 0.0116243362426758
0.0313777923583984 0.0178356170654297 -0.0243320465087891 0.0142784118652344
0.0358695983886719 -0.000102996826171875 -0.0315837860107422 0.0318679809570313
0.0327415466308594 -0.00279045104980469 -0.0348739624023437 0.0413665771484375
0.0384750366210938 -0.00627517700195312 -0.044403076171875 0.0425262451171875
0.0420341491699219 0.00223541259765625 -0.0546913146972656 0.0259933471679687
0.0346031188964844 0.0237998962402344 -0.0547866821289062 0.00499343872070314
0.0170745849609375 0.0401611328125 -0.0354804992675781 -0.0149803161621094
-0.0281562805175781 0.0383377075195313 -0.0119552612304688 -0.0162553787231445
-0.0557174682617187 0.0106735229492188 -0.0253639221191406 0.0245647430419922
-0.0550994873046875 -0.0218734741210938 -0.0892791748046875 0.0214157104492188
0.00828170776367188 0.0377616882324219 0.0897750854492188 -0.0173263549804687
0.0347366333007813 0.00752830505371094 0.0340938568115234 -0.0130500793457031
0.0171012878417969 -0.0191383361816406 0.0146503448486328 0.0189418792724609
-0.00210380554199219 -0.0219287872314453 0.0455284118652344 0.0265083312988281
-0.0137462615966797 -0.0155267715454102 0.0680122375488281 -0.000118255615234376
-0.0231513977050781 -0.00429916381835938 0.0683708190917969 -0.0334663391113281
-0.0167093276977539 -0.00406646728515625 0.053436279296875 -0.0525016784667969
-0.0130319595336914 -0.00716972351074219 0.041412353515625 -0.0474395751953125
-0.0166873931884766 -0.0120077133178711 0.0371856689453125 -0.0344009399414063
-0.003936767578125 -0.0219554901123047 0.0338554382324219 -0.0198402404785156
0.0169849395751953 -0.0209693908691406 0.0173463821411133 -0.0120372772216797
0.0288257598876953 -0.00304985046386719 0.0121746063232422 -0.0224494934082031
0.025970458984375 0.0279712677001953 0.0294837951660156 -0.0463752746582031
0.0107040405273437 0.048431396484375 0.0614814758300781 -0.0572853088378906
-0.0117149353027344 0.0513648986816406 0.071258544921875 -0.0367279052734375
-0.0288200378417969 0.0489845275878906 0.088714599609375 0.0010528564453125
0.00993537902832031 0.0342178344726563 0.0354957580566406 0.000797271728515627
0.00913524627685547 0.0106754302978516 0.0178298950195313 0.0273513793945313
0.0103855133056641 0.00347518920898438 0.0509719848632812 0.0338096618652344
0.00824642181396484 -0.00270891189575195 0.0713653564453125 0.0045013427734375
0.00356531143188477 -0.00819206237792969 0.0725326538085937 -0.03204345703125
0.00699234008789062 -0.0164041519165039 0.0576667785644531 -0.0510292053222656
0.00942802429199219 -0.0176963806152344 0.0427474975585938 -0.0450668334960938
0.00974464416503906 -0.0221805572509766 0.0374832153320313 -0.0307121276855469
0.0244770050048828 -0.0212593078613281 0.0339946746826172 -0.0153560638427734
0.0388908386230469 -0.00522994995117187 0.014195442199707 -0.00738143920898438
0.0386505126953125 0.0212593078613281 0.00738048553466797 -0.0165624618530273
0.0119476318359375 0.0526542663574219 0.0193672180175781 -0.0415534973144531
-0.0185012817382812 0.0676994323730469 0.0496482849121094 -0.0465011596679687
-0.0444564819335938 0.0618171691894531 0.0578384399414063 -0.0208282470703125
-0.0652008056640625 0.051849365234375 0.074127197265625 0.0224838256835938
-0.022735595703125 0.0559959411621094 0.0288562774658203 0.0211868286132813
-0.00391006469726563 0.0424308776855469 0.0171661376953125 0.039031982421875
0.0206718444824219 0.0328292846679688 0.0519905090332031 0.0423393249511719
0.0309867858886719 0.0133399963378906 0.0691413879394531 0.0112380981445313
0.0322532653808594 -0.00979423522949219 0.0692863464355469 -0.0265007019042969
0.0309009552001953 -0.0268096923828125 0.0542716979980469 -0.0418663024902344
0.0314884185791016 -0.0256919860839844 0.0377845764160156 -0.0351142883300781
0.0345706939697266 -0.0298328399658203 0.0309677124023438 -0.0213909149169922
0.0476036071777344 -0.020416259765625 0.0259895324707031 -0.00855827331542969
0.0559463500976563 0.0080108642578125 0.00591230392456055 -0.00310659408569336
0.0468482971191406 0.0389442443847656 0.000581741333007815 -0.012237548828125
0.00236892700195312 0.0698814392089844 0.00911331176757812 -0.035064697265625
-0.039154052734375 0.079620361328125 0.0351524353027344 -0.0315399169921875
-0.0693092346191406 0.0655555725097656 0.0364036560058594 -0.003936767578125
-0.0920257568359375 0.0446853637695313 0.0469245910644531 0.0434341430664063
-0.0544166564941406 0.0667648315429687 0.0115089416503906 0.0427894592285156
-0.0216407775878906 0.0676460266113281 0.0114326477050781 0.0513114929199219
0.0246391296386719 0.0604667663574219 0.0450592041015625 0.0494842529296875
0.0479888916015625 0.0305099487304688 0.0578041076660156 0.0178871154785156
0.0560226440429688 -0.00762176513671875 0.05670166015625 -0.0163383483886719
0.0503387451171875 -0.0321922302246094 0.0428009033203125 -0.0264396667480469
0.0487899780273438 -0.0295791625976563 0.0268421173095703 -0.0193309783935547
0.0529937744140625 -0.0337104797363281 0.0190067291259766 -0.0076751708984375
0.0641899108886719 -0.0193138122558594 0.0127134323120117 0.000551223754882811
0.066162109375 0.016510009765625 -0.00492572784423828 0.00157737731933594
0.0509986877441406 0.0497283935546875 -0.00662136077880859 -0.00905132293701172
-0.00464630126953125 0.0778656005859375 0.00277137756347656 -0.0279769897460937
-0.0528945922851563 0.0823593139648437 0.0228939056396484 -0.0134296417236328
-0.084503173828125 0.0608978271484375 0.0103826522827148 0.0130109786987305
-0.10284423828125 0.0277557373046875 0.010894775390625 0.0586624145507813
-0.076507568359375 0.0612716674804687 -0.0129852294921875 0.0604972839355469
-0.0399551391601563 0.0764694213867187 0.000301361083984379 0.0599822998046875
0.01824951171875 0.078399658203125 0.0311927795410156 0.0533523559570313
0.0533943176269531 0.0454254150390625 0.0395927429199219 0.0221328735351563
0.0699501037597656 -0.00150680541992188 0.0366783142089844 -0.0054931640625
0.0623970031738281 -0.030975341796875 0.0249881744384766 -0.00789070129394531
0.0579261779785156 -0.028717041015625 0.0114240646362305 -0.000746726989746095
0.0636405944824219 -0.0329856872558594 0.00240755081176758 0.00806856155395508
0.072265625 -0.016326904296875 -0.00388050079345703 0.00943851470947265
0.0693283081054688 0.0234603881835938 -0.0180339813232422 0.00495147705078125
0.0491409301757812 0.0554313659667969 -0.013737678527832 -0.00825023651123047
-0.0130386352539062 0.07769775390625 -0.000705718994140624 -0.0212535858154297
-0.062652587890625 0.0744476318359375 0.0123281478881836 0.00478267669677735
-0.0907821655273438 0.0478057861328125 -0.0182723999023438 0.0263862609863281
-0.092926025390625 0.00501251220703124 -0.02520751953125 0.0658416748046875
-0.0820159912109375 0.0399169921875 -0.0386123657226563 0.0705795288085937
-0.0518684387207031 0.0652542114257812 -0.0120048522949219 0.0621223449707031
0.00466156005859375 0.0778350830078125 0.0136489868164062 0.0501251220703125
0.0459632873535156 0.0514869689941406 0.0174007415771484 0.0227985382080078
0.0699501037597656 0.00658798217773437 0.0133399963378906 0.00458717346191406
0.0631561279296875 -0.0243682861328125 0.00413131713867188 0.00971221923828125
0.0580215454101563 -0.0237960815429688 -0.00576591491699218 0.017399787902832
0.0644950866699219 -0.0280647277832031 -0.0152435302734375 0.0229473114013672
0.0707168579101563 -0.0110702514648438 -0.0228099822998047 0.0176811218261719
0.0644683837890625 0.0268325805664062 -0.0318088531494141 0.0065746307373047
0.0417823791503906 0.0563926696777344 -0.0211639404296875 -0.00924873352050781
-0.02117919921875 0.0708160400390625 -0.00367927551269531 -0.0170631408691406
-0.0673408508300781 0.0582618713378906 0.000968933105468746 0.01849365234375
-0.0882034301757813 0.0273208618164062 -0.0459861755371094 0.0329818725585938
-0.0648994445800781 -0.0187644958496094 -0.054412841796875 0.0644187927246094
-0.0674476623535156 0.0102615356445313 -0.057464599609375 0.0709686279296875
-0.0517501831054687 0.0374259948730469 -0.0206069946289063 0.0588493347167969
-0.00989151000976563 0.0600357055664063 -0.000965118408203122 0.0414695739746094
0.0284004211425781 0.0465774536132813 -0.00139808654785156 0.0187225341796875
0.0554924011230469 0.0126533508300781 -0.00920772552490234 0.0119762420654297
0.0538101196289063 -0.0139808654785156 -0.0162563323974609 0.024749755859375
0.0491943359375 -0.0154151916503906 -0.0214672088623047 0.0328407287597656
0.0559959411621094 -0.0195808410644531 -0.0311279296875 0.0354957580566406
0.0607414245605469 -0.00583267211914063 -0.040313720703125 0.0242195129394531
0.0531501770019531 0.0266799926757812 -0.0451316833496094 0.00677108764648439
0.0314865112304688 0.0516014099121094 -0.0292396545410156 -0.0122699737548828
-0.0269622802734375 0.0578384399414062 -0.00728511810302734 -0.0157585144042969
-0.0663681030273438 0.0368080139160156 -0.0109958648681641 0.0259475708007813
-0.0766983032226563 0.00354766845703124 -0.07147216796875 0.0321273803710938
-0.0270423889160156 -0.0399513244628906 -0.0688400268554688 0.0553398132324219
-0.04046630859375 -0.0200386047363281 -0.0642127990722656 0.0649681091308594
-0.0402030944824219 0.00339508056640625 -0.0218620300292969 0.0517196655273438
-0.0215396881103516 0.0313339233398438 -0.00893974304199219 0.0321769714355469
0.0066986083984375 0.0329303741455078 -0.0138931274414063 0.0134639739990234
0.0327701568603516 0.0168132781982422 -0.0250186920166016 0.0164146423339844
0.0364265441894531 -0.00162506103515625 -0.0310382843017578 0.0342082977294922
0.0336780548095703 -0.00503158569335938 -0.0341300964355469 0.0434341430664062
0.03948974609375 -0.00856781005859375 -0.0449028015136719 0.0444984436035156
0.0424118041992188 0.000194549560546875 -0.0562515258789063 0.027923583984375
0.03692626953125 0.0223464965820313 -0.0564956665039063 0.00575637817382813
0.0192527770996094 0.0399932861328125 -0.0370140075683594 -0.0159263610839844
-0.0277137756347656 0.0397529602050781 -0.0124073028564453 -0.0171585083007812
-0.0561714172363281 0.0133438110351562 -0.0243587493896484 0.0249481201171875
-0.0553627014160156 -0.0199432373046875 -0.0911331176757813 0.0228347778320313
0.009857177734375 0.0387458801269531 0.094085693359375 -0.019805908203125
0.0356826782226563 0.0065155029296875 0.0339889526367188 -0.0147933959960937
0.0173244476318359 -0.0200538635253906 0.0150489807128906 0.0201988220214844
-0.00330162048339844 -0.0222854614257813 0.0486946105957031 0.0276870727539063
-0.0153684616088867 -0.0149965286254883 0.0716476440429688 -0.00238800048828125
-0.0234775543212891 -0.00288009643554687 0.071258544921875 -0.0382308959960938
-0.0171022415161133 -0.00323200225830078 0.0547752380371094 -0.0577392578125
-0.0137186050415039 -0.00705432891845703 0.0408973693847656 -0.0521125793457031
-0.0173578262329102 -0.0113086700439453 0.0374107360839844 -0.0387916564941406
-0.00461006164550781 -0.0220794677734375 0.0344009399414063 -0.0243625640869141
0.0162887573242188 -0.0224590301513672 0.0188732147216797 -0.0145244598388672
0.02947998046875 -0.00393486022949219 0.0144367218017578 -0.0245113372802734
0.0283679962158203 0.0275058746337891 0.0310440063476563 -0.0488166809082031
0.0127944946289063 0.049163818359375 0.0633964538574219 -0.0615463256835938
-0.0100631713867188 0.0530281066894531 0.0755996704101563 -0.0420684814453125
-0.029388427734375 0.0523796081542969 0.0928268432617188 -0.00115966796875
0.00983428955078125 0.0358161926269531 0.0357666015625 -0.000625610351562498
0.0101118087768555 0.0121488571166992 0.01824951171875 0.0289459228515625
0.0113487243652344 0.00394248962402344 0.0545539855957031 0.0344924926757813
0.00913810729980469 -0.00281715393066406 0.075408935546875 0.00255584716796875
0.00463676452636719 -0.00821876525878906 0.0756683349609375 -0.0366973876953125
0.00736618041992187 -0.0181293487548828 0.05804443359375 -0.0562171936035156
0.0103473663330078 -0.0191669464111328 0.04217529296875 -0.0497283935546875
0.0101261138916016 -0.0233745574951172 0.0375251770019531 -0.0347976684570313
0.0250072479248047 -0.0226631164550781 0.0352210998535156 -0.0198745727539063
0.0400772094726563 -0.00612640380859375 0.0155191421508789 -0.0106468200683594
0.0409889221191406 0.0214271545410156 0.00917243957519531 -0.0190048217773438
0.0139694213867187 0.0550498962402344 0.0204849243164062 -0.0432586669921875
-0.017425537109375 0.071441650390625 0.0509719848632813 -0.0505027770996094
-0.0449600219726563 0.0654678344726562 0.0618934631347656 -0.0256500244140625
-0.0676765441894531 0.0575942993164062 0.0785903930664063 0.0214080810546875
-0.02276611328125 0.0603561401367188 0.0292167663574219 0.0204925537109375
-0.00273132324218749 0.0463790893554687 0.0178565979003906 0.0407485961914063
0.0237102508544922 0.0343494415283203 0.0545310974121094 0.0432090759277344
0.0337390899658203 0.0131320953369141 0.0729293823242188 0.00966644287109375
0.0338764190673828 -0.0111865997314453 0.0713577270507813 -0.0298080444335938
0.0316486358642578 -0.0296249389648438 0.0546226501464844 -0.0463218688964844
0.0326671600341797 -0.0285682678222656 0.0373764038085937 -0.039306640625
0.0357742309570313 -0.0331459045410156 0.0309238433837891 -0.0245723724365234
0.0496253967285156 -0.0238609313964844 0.0268802642822266 -0.0122108459472656
0.0588417053222656 0.00603103637695312 0.00676393508911133 -0.00562763214111328
0.051116943359375 0.0393562316894531 0.00145912170410157 -0.0143947601318359
0.0048370361328125 0.0740737915039063 0.0101089477539063 -0.0373992919921875
-0.0388641357421875 0.0858688354492188 0.0368576049804688 -0.0350570678710938
-0.0706329345703125 0.0707778930664062 0.0399589538574219 -0.00719070434570312
-0.0962295532226563 0.0513992309570312 0.0502815246582031 0.0434608459472656
-0.0552749633789062 0.0727996826171875 0.0122833251953125 0.0430145263671875
-0.0206069946289063 0.0737457275390625 0.0116920471191406 0.0533943176269531
0.0284461975097656 0.0635185241699219 0.0476531982421875 0.0514297485351563
0.0524368286132812 0.0304336547851563 0.0607070922851563 0.017486572265625
0.0591545104980469 -0.0101432800292969 0.0584907531738281 -0.0185623168945313
0.0517158508300781 -0.0361213684082031 0.0435638427734375 -0.0296401977539063
0.0501861572265625 -0.0342521667480469 0.0265884399414063 -0.0221691131591797
0.0552635192871094 -0.0384979248046875 0.0182285308837891 -0.00980377197265625
0.0668144226074219 -0.0236740112304688 0.0131368637084961 -0.00242996215820313
0.0708160400390625 0.01470947265625 -0.00500726699829101 -0.000514030456542969
0.0564422607421875 0.0505599975585938 -0.00644493103027344 -0.0109214782714844
-0.00199127197265625 0.0836563110351563 0.00252723693847656 -0.0297660827636719
-0.0529937744140625 0.0898056030273438 0.0242958068847656 -0.0154953002929687
-0.0866928100585938 0.0674514770507813 0.0124130249023437 0.0107402801513672
-0.107872009277344 0.033966064453125 0.0125770568847656 0.0609970092773437
-0.0788803100585938 0.0677337646484375 -0.0130119323730469 0.0625801086425781
-0.039764404296875 0.084197998046875 0.000312805175781246 0.0624961853027344
0.0231704711914063 0.0820465087890625 0.0327644348144531 0.0549659729003906
0.0594825744628906 0.04571533203125 0.0410919189453125 0.0228958129882813
0.0742340087890625 -0.004638671875 0.0375556945800781 -0.00559234619140625
0.0640830993652344 -0.0358390808105469 0.0255813598632813 -0.00966644287109375
0.0595779418945313 -0.03448486328125 0.0113563537597656 -0.00205230712890625
0.0658111572265625 -0.0385513305664063 0.0017242431640625 0.00774812698364257
0.0754013061523438 -0.0210952758789062 -0.00443124771118164 0.00824356079101563
0.0743637084960938 0.0207977294921875 -0.0190525054931641 0.00374794006347656
0.0548629760742187 0.0567703247070312 -0.0143070220947266 -0.00966358184814453
-0.0106582641601562 0.0836944580078125 -0.00110054016113281 -0.0232067108154297
-0.0625 0.0822525024414062 0.0135202407836914 0.00341796875000001
-0.0937881469726562 0.0540542602539063 -0.0170001983642578 0.02606201171875
-0.0984954833984375 0.00974273681640623 -0.0253868103027344 0.0698165893554688
-0.0850143432617188 0.0457611083984375 -0.039154052734375 0.0734710693359375
-0.0526275634765625 0.0722732543945313 -0.0122718811035156 0.0648689270019531
0.0088653564453125 0.082733154296875 0.0147132873535156 0.051971435546875
0.0517349243164063 0.0522956848144531 0.0179786682128906 0.0248031616210938
0.0740966796875 0.003631591796875 0.0134067535400391 0.00614166259765625
0.0652732849121094 -0.0299072265625 0.0044088363647461 0.0101318359375
0.0601615905761719 -0.0288009643554688 -0.00529098510742187 0.0182781219482422
0.0669441223144531 -0.0332756042480469 -0.0158462524414063 0.0243816375732422
0.0741653442382813 -0.0159988403320313 -0.02410888671875 0.0184078216552734
0.0695838928222656 0.0248603820800781 -0.0337448120117187 0.0066070556640625
0.047454833984375 0.0575904846191406 -0.0225143432617187 -0.0102920532226562
-0.0194244384765625 0.0764694213867188 -0.00404739379882813 -0.0187740325927734
-0.0684700012207031 0.0652656555175781 0.00175857543945312 0.0182533264160156
-0.0916900634765625 0.0327224731445313 -0.0464286804199219 0.0341873168945312
-0.0701408386230469 -0.0160980224609375 -0.055938720703125 0.0690269470214844
-0.0708236694335938 0.0141830444335937 -0.0586929321289063 0.074615478515625
-0.05316162109375 0.0430793762207031 -0.0209693908691406 0.061279296875
-0.00728607177734376 0.0640983581542969 -0.000835418701171874 0.043701171875
0.0329475402832031 0.0480613708496094 -0.00246238708496093 0.0210304260253906
0.0601234436035156 0.0105247497558594 -0.00968074798583984 0.0146379470825195
0.0563316345214844 -0.0182952880859375 -0.0156211853027344 0.0270004272460938
0.0512237548828125 -0.0197944641113281 -0.0210075378417969 0.0355453491210938
0.0581626892089844 -0.0237770080566406 -0.03216552734375 0.0384902954101563
0.0636024475097656 -0.00945281982421875 -0.0422439575195312 0.0262184143066406
0.0577850341796875 0.0255355834960938 -0.0480232238769531 0.00811004638671875
0.035919189453125 0.0525588989257813 -0.0310611724853516 -0.0127525329589844
-0.0260810852050781 0.0626411437988281 -0.00826358795166015 -0.0175457000732422
-0.06793212890625 0.0427017211914062 -0.0103778839111328 0.0264091491699219
-0.079742431640625 0.00722503662109376 -0.07330322265625 0.0348129272460938
-0.0302619934082031 -0.0400199890136719 -0.0717315673828125 0.0609130859375
-0.0435256958007813 -0.0186309814453125 -0.0657615661621094 0.0694236755371094
-0.0423126220703125 0.00643157958984375 -0.0228500366210938 0.0544471740722656
-0.0205421447753906 0.0341129302978516 -0.00964164733886719 0.0340995788574219
0.00962638854980469 0.0338191986083984 -0.0150871276855469 0.0159893035888672
0.0353050231933594 0.0152397155761719 -0.0258197784423828 0.019927978515625
0.0379257202148438 -0.00439071655273438 -0.03082275390625 0.0375785827636719
0.0348339080810547 -0.00774192810058594 -0.0331382751464844 0.0471305847167969
0.0409622192382813 -0.0108566284179688 -0.0460128784179687 0.0488662719726563
0.0447120666503906 -0.00253677368164063 -0.0585289001464844 0.0310783386230469
0.0399818420410156 0.0217247009277344 -0.0601959228515625 0.00764846801757812
0.0222625732421875 0.0409698486328125 -0.0395851135253906 -0.0161476135253906
-0.0272598266601562 0.0432243347167969 -0.0132770538330078 -0.0186233520507812
-0.0575294494628906 0.0164375305175781 -0.0235958099365234 0.026336669921875
-0.0577926635742188 -0.0186271667480469 -0.0944595336914062 0.0262603759765625
0.0121536254882812 0.0398178100585938 0.0985870361328125 -0.0258102416992188
0.0370979309082031 0.00533676147460937 0.0335502624511719 -0.0171241760253906
0.0166492462158203 -0.0215492248535156 0.0165824890136719 0.0211143493652344
-0.004547119140625 -0.0226612091064453 0.0525665283203125 0.0265960693359375
-0.0172643661499023 -0.0140495300292969 0.075408935546875 -0.00701141357421875
-0.0244197845458984 -0.000556945800781246 0.073089599609375 -0.045623779296875
-0.0179405212402344 -0.00197029113769531 0.0535964965820313 -0.0650482177734375
-0.0147380828857422 -0.0061483383178711 0.0393524169921875 -0.0579185485839844
-0.0182819366455078 -0.00985336303710938 0.0361328125 -0.0445938110351562
-0.00638008117675781 -0.0218334197998047 0.034698486328125 -0.0295886993408203
0.0147895812988281 -0.0240001678466797 0.0200767517089844 -0.0185565948486328
0.0305347442626953 -0.00656700134277344 0.0156269073486328 -0.0272903442382813
0.03131103515625 0.0268802642822266 0.031463623046875 -0.0525627136230469
0.0161895751953125 0.0504684448242187 0.0646209716796875 -0.0685081481933594
-0.00765228271484376 0.0553207397460938 0.0784912109375 -0.0506973266601562
-0.0285491943359375 0.0570564270019531 0.0982284545898438 -0.00627899169921875
0.0121917724609375 0.037872314453125 0.0367012023925781 -0.00274658203125
0.011077880859375 0.0133037567138672 0.0197963714599609 0.0299129486083984
0.0126991271972656 0.00380706787109375 0.0590095520019531 0.0340652465820313
0.00965595245361328 -0.00305652618408203 0.0797653198242188 -0.001708984375
0.00476169586181641 -0.00845670700073242 0.0770187377929688 -0.0435714721679688
0.00664901733398438 -0.0195846557617188 0.0571670532226563 -0.0636520385742188
0.00925064086914063 -0.0213241577148437 0.0405502319335938 -0.0557708740234375
0.00980949401855469 -0.0253486633300781 0.0361251831054688 -0.040679931640625
0.0249958038330078 -0.0251617431640625 0.0351104736328125 -0.0254745483398438
0.0417060852050781 -0.00882720947265625 0.016657829284668 -0.0141353607177734
0.0439529418945313 0.0200538635253906 0.0102348327636719 -0.0215187072753906
0.0180091857910156 0.0573768615722656 0.0203933715820313 -0.0469474792480469
-0.0141067504882813 0.076416015625 0.0513916015625 -0.0565872192382812
-0.0433807373046875 0.0712966918945313 0.0657157897949219 -0.0328140258789062
-0.0681724548339844 0.0649375915527344 0.0836257934570313 0.0177841186523438
-0.0210990905761719 0.0658073425292969 0.0304584503173828 0.0190372467041016
-0.000381469726562501 0.0510406494140625 0.019775390625 0.0423622131347656
0.0276603698730469 0.0356674194335938 0.0592842102050781 0.0429153442382813
0.037078857421875 0.0116386413574219 0.0768814086914062 0.00656890869140625
0.0356826782226563 -0.0139656066894531 0.0732421875 -0.0356903076171875
0.0316429138183594 -0.0340385437011719 0.0538253784179688 -0.0529594421386719
0.0324382781982422 -0.0333614349365234 0.0356903076171875 -0.044464111328125
0.0360260009765625 -0.037689208984375 0.0293941497802734 -0.0293407440185547
0.0509910583496094 -0.02850341796875 0.0269184112548828 -0.0172653198242188
0.0628318786621094 0.00238418579101563 0.00750541687011719 -0.0083765983581543
0.0565261840820313 0.0384864807128906 0.0021200180053711 -0.016850471496582
0.0100021362304687 0.0788421630859375 0.00999069213867188 -0.0399436950683594
-0.0357513427734375 0.0938262939453125 0.0372505187988281 -0.0395660400390625
-0.070831298828125 0.0789337158203125 0.0433082580566406 -0.012176513671875
-0.0989990234375 0.0612716674804687 0.0548095703125 0.043121337890625
-0.0540847778320312 0.0814666748046875 0.01409912109375 0.0434226989746094
-0.016998291015625 0.0811614990234375 0.0137481689453125 0.0555191040039063
0.0354499816894531 0.065887451171875 0.051788330078125 0.0513801574707031
0.0582847595214844 0.0283699035644531 0.0643272399902344 0.0154266357421875
0.0623779296875 -0.014434814453125 0.0601997375488281 -0.0222244262695313
0.0521087646484375 -0.0426101684570313 0.0433921813964844 -0.0348091125488281
0.0502128601074219 -0.0406723022460938 0.0255756378173828 -0.0257892608642578
0.0556144714355469 -0.0454444885253906 0.0172138214111328 -0.0124368667602539
0.0689353942871094 -0.0300254821777344 0.012690544128418 -0.00557899475097656
0.0764617919921875 0.0097808837890625 -0.00543165206909179 -0.00189733505249023
0.0635566711425781 0.0494003295898438 -0.00668716430664062 -0.0130586624145508
0.00389862060546874 0.089385986328125 0.00202560424804688 -0.0319232940673828
-0.0496749877929687 0.0989456176757813 0.024932861328125 -0.0189800262451172
-0.08758544921875 0.0770416259765625 0.0151290893554687 0.00837802886962891
-0.11260986328125 0.0436553955078125 0.0162696838378906 0.0635528564453125
-0.0792388916015625 0.077728271484375 -0.01141357421875 0.0652542114257813
-0.0363235473632813 0.0932769775390625 0.00243759155273438 0.0652008056640625
0.0303268432617188 0.0861129760742188 0.036590576171875 0.0562782287597656
0.0668182373046875 0.0439567565917969 0.0437393188476563 0.0228996276855469
0.0785903930664063 -0.0100250244140625 0.038848876953125 -0.006866455078125
0.0649986267089844 -0.0431632995605469 0.0263252258300781 -0.0120983123779297
0.0604591369628906 -0.0411300659179688 0.011591911315918 -0.00307369232177735
0.0667152404785156 -0.0468025207519531 0.000946044921875003 0.00744819641113281
0.0779876708984375 -0.0281753540039062 -0.00503253936767578 0.00736713409423828
0.0808181762695312 0.0161590576171875 -0.0201911926269531 0.00416183471679688
0.0627365112304687 0.0558280944824219 -0.0154485702514648 -0.0110435485839844
-0.0051422119140625 0.0906829833984375 -0.00215911865234375 -0.0249767303466797
-0.0605316162109375 0.0922164916992187 0.014857292175293 0.00186347961425782
-0.0955657958984375 0.0635833740234375 -0.0155239105224609 0.0263843536376953
-0.103790283203125 0.0177841186523437 -0.0235824584960938 0.0750198364257813
-0.0869674682617187 0.05474853515625 -0.0381011962890625 0.0781707763671875
-0.05084228515625 0.0816879272460937 -0.0108222961425781 0.0679969787597656
0.0153732299804688 0.0873489379882813 0.0167579650878906 0.0540580749511719
0.0590400695800781 0.0514030456542969 0.0199642181396484 0.0259304046630859
0.0789413452148438 -0.00165557861328125 0.0138082504272461 0.0074462890625
0.066864013671875 -0.0368385314941406 0.00565052032470704 0.0103731155395508
0.0614128112792969 -0.0356636047363281 -0.00461769104003906 0.0190944671630859
0.06805419921875 -0.0414199829101563 -0.0158882141113281 0.0266380310058594
0.0768356323242188 -0.02294921875 -0.0245876312255859 0.0199337005615234
0.0762176513671875 0.0207901000976563 -0.0357322692871094 0.00784301757812501
0.0549736022949219 0.0573654174804688 -0.024566650390625 -0.0103130340576172
-0.014678955078125 0.083038330078125 -0.00546836853027344 -0.0197277069091797
-0.0675811767578125 0.074981689453125 0.00347709655761718 0.0183296203613281
-0.0941696166992188 0.041107177734375 -0.0463790893554688 0.0371246337890625
-0.0755157470703125 -0.0114517211914062 -0.0563278198242188 0.0760955810546875
-0.073944091796875 0.020599365234375 -0.0583267211914062 0.0813522338867188
-0.0533790588378906 0.05078125 -0.0203056335449219 0.0647735595703125
-0.00276947021484375 0.0691947937011719 0.000740051269531252 0.0460166931152344
0.0395278930664063 0.0475921630859375 -0.00153923034667969 0.0236320495605469
0.0641403198242188 0.00670623779296875 -0.00952529907226562 0.0180435180664063
0.05767822265625 -0.0241012573242188 -0.0137901306152344 0.0294322967529297
0.0523757934570313 -0.0256233215332031 -0.0195770263671875 0.0385208129882813
0.0595359802246094 -0.0302276611328125 -0.0319252014160156 0.0434112548828125
0.06610107421875 -0.0155830383300781 -0.0438308715820312 0.029998779296875
0.0632247924804688 0.0221099853515625 -0.0505828857421875 0.0107917785644531
0.0423088073730469 0.0524368286132813 -0.0339031219482422 -0.0125179290771484
-0.0227241516113281 0.0686569213867188 -0.00941848754882813 -0.0184726715087891
-0.0680007934570313 0.0508613586425781 -0.00893402099609375 0.0280036926269531
-0.0830230712890625 0.0134429931640625 -0.075653076171875 0.0392990112304688
-0.03515625 -0.0390739440917969 -0.0732345581054688 0.06878662109375
-0.0470542907714844 -0.0163154602050781 -0.0661697387695313 0.075958251953125
-0.0446014404296875 0.0107994079589844 -0.0220413208007813 0.0575523376464844
-0.0183792114257813 0.0376434326171875 -0.0100440979003906 0.0367050170898438
0.013641357421875 0.0343914031982422 -0.0153465270996094 0.0194835662841797
0.0384292602539063 0.0126075744628906 -0.0261211395263672 0.0245094299316406
0.0388984680175781 -0.00804901123046875 -0.0287895202636719 0.0422477722167969
0.0360031127929688 -0.0111351013183594 -0.0316162109375 0.0521125793457031
0.0421524047851563 -0.0156021118164063 -0.044830322265625 0.0550346374511719
0.0470848083496094 -0.00643157958984375 -0.0600128173828125 0.0362472534179687
0.0435523986816406 0.0196113586425781 -0.0637702941894531 0.0116195678710937
0.0264205932617188 0.0413780212402344 -0.0431785583496094 -0.0153579711914063
-0.0260086059570313 0.0471954345703125 -0.0147380828857422 -0.019439697265625
-0.0591049194335938 0.0219993591308594 -0.0229644775390625 0.0290679931640625
-0.0605888366699219 -0.0152473449707031 -0.0984649658203125 0.0322113037109375
0.0151824951171875 0.0396232604980469 0.100326538085937 -0.03369140625
0.0378189086914062 0.0029449462890625 0.0335178375244141 -0.01922607421875
0.0155162811279297 -0.0228233337402344 0.0177993774414063 0.0211544036865234
-0.00652885437011719 -0.0229568481445312 0.0562400817871094 0.0244255065917969
-0.0191230773925781 -0.0123653411865234 0.0767898559570312 -0.0128021240234375
-0.0245018005371094 0.00202560424804687 0.0710296630859375 -0.0539016723632813
-0.0182971954345703 -0.000270843505859376 0.0495147705078125 -0.07171630859375
-0.0153799057006836 -0.00515174865722656 0.0348968505859375 -0.0635604858398438
-0.0193462371826172 -0.00864601135253906 0.0327415466308594 -0.0496673583984375
-0.00811004638671875 -0.0212631225585937 0.032379150390625 -0.0356826782226563
0.0125846862792969 -0.0252761840820313 0.0200347900390625 -0.0225658416748047
0.0301895141601563 -0.00905799865722656 0.0158271789550781 -0.0304489135742187
0.0344314575195313 0.0246734619140625 0.0294723510742188 -0.0560684204101563
0.0203666687011719 0.0499229431152344 0.0615692138671875 -0.0756301879882812
-0.00331878662109374 0.0569419860839844 0.0787124633789063 -0.0598220825195312
-0.0253944396972656 0.0614776611328125 0.101089477539063 -0.0133209228515625
0.014434814453125 0.0386772155761719 0.036651611328125 -0.00502395629882812
0.0128879547119141 0.0141363143920898 0.0220260620117188 0.0298538208007812
0.0134124755859375 0.00353908538818359 0.0626869201660156 0.0313758850097656
0.0100860595703125 -0.00376033782958984 0.0813217163085938 -0.0077972412109375
0.00507450103759766 -0.00900840759277344 0.0752334594726563 -0.0516586303710938
0.00542640686035156 -0.0208930969238281 0.0525894165039063 -0.0706634521484375
0.00774002075195312 -0.0230331420898438 0.0356292724609375 -0.0612144470214844
0.00826644897460938 -0.0267257690429688 0.0329551696777344 -0.0458869934082031
0.0235996246337891 -0.0278606414794922 0.0331707000732422 -0.0314903259277344
0.0416488647460938 -0.0121192932128906 0.0166473388671875 -0.0176181793212891
0.0468559265136719 0.0172119140625 0.0103225708007813 -0.0242156982421875
0.022918701171875 0.0575408935546875 0.0184555053710938 -0.0494575500488281
-0.0087127685546875 0.0798721313476563 0.0493659973144531 -0.0623779296875
-0.0394668579101562 0.0763320922851563 0.0666847229003906 -0.0411300659179687
-0.0657882690429687 0.0734405517578125 0.0877532958984375 0.0122299194335938
-0.0169525146484375 0.0702018737792969 0.0313682556152344 0.0166969299316406
0.00433731079101563 0.0542984008789063 0.022491455078125 0.042572021484375
0.0321292877197266 0.0345916748046875 0.0638351440429688 0.0405426025390625
0.0397834777832031 0.00891876220703125 0.0788650512695313 0.00104522705078125
0.0362625122070313 -0.016845703125 0.0725326538085938 -0.0421829223632813
0.0293083190917969 -0.0379371643066406 0.0504302978515625 -0.0594711303710938
0.0302391052246094 -0.037750244140625 0.0319709777832031 -0.04925537109375
0.0336532592773438 -0.0429649353027344 0.0265083312988281 -0.0333290100097656
0.0500144958496094 -0.0337257385253906 0.0252952575683594 -0.0227146148681641
0.0653457641601563 -0.0030364990234375 0.00718212127685547 -0.0113687515258789
0.0617790222167969 0.03509521484375 0.00178527832031251 -0.0191268920898437
0.0168304443359375 0.0811080932617188 0.00769424438476563 -0.0419464111328125
-0.0286026000976562 0.100471496582031 0.0357131958007813 -0.0444869995117187
-0.0671615600585937 0.0871124267578125 0.0452232360839844 -0.0184402465820312
-0.0972976684570313 0.07244873046875 0.0593070983886719 0.0403633117675781
-0.0490875244140625 0.089447021484375 0.0164337158203125 0.0428237915039063
-0.0102996826171875 0.0870895385742188 0.0165786743164063 0.056121826171875
0.0422706604003906 0.0655937194824219 0.0556678771972656 0.049591064453125
0.0635948181152344 0.0244827270507813 0.0668678283691406 0.0117874145507813
0.0636482238769531 -0.0203971862792969 0.0594940185546875 -0.0270156860351563
0.0497589111328125 -0.0487899780273437 0.0411643981933594 -0.039794921875
0.0479545593261719 -0.0471725463867188 0.0232982635498047 -0.0297489166259766
0.0532341003417969 -0.0527877807617188 0.0156002044677734 -0.0148868560791016
0.0685653686523437 -0.0376930236816406 0.0118389129638672 -0.00887012481689453
0.080047607421875 0.00293731689453125 -0.00625610351562499 -0.00373649597167969
0.0707550048828125 0.0458602905273438 -0.00751113891601562 -0.0140819549560547
0.0116729736328125 0.09320068359375 8.39233398437498E-05 -0.0339126586914062
-0.0428466796875 0.1077880859375 0.0244541168212891 -0.0224933624267578
-0.0843429565429688 0.0870361328125 0.0177898406982422 0.00494956970214844
-0.112838745117187 0.0557327270507813 0.0209159851074219 0.0646133422851563
-0.0752029418945312 0.0876617431640625 -0.0083465576171875 0.0668983459472656
-0.0298919677734375 0.101387023925781 0.00553512573242187 0.0665664672851563
0.0390090942382812 0.08685302734375 0.0399017333984375 0.0553550720214844
0.0730972290039063 0.0391082763671875 0.0461959838867188 0.0215263366699219
0.0801544189453125 -0.0173873901367188 0.0395622253417969 -0.00864791870117188
0.062652587890625 -0.0513801574707031 0.0256824493408203 -0.0146598815917969
0.058502197265625 -0.0485763549804687 0.0109920501708984 -0.00537681579589844
0.064544677734375 -0.05523681640625 0.00101709365844727 0.00713920593261718
0.0780563354492188 -0.037109375 -0.00582790374755859 0.00657033920288086
0.0854644775390625 0.00902557373046875 -0.0211715698242187 0.00444602966308593
0.0706558227539063 0.0522537231445313 -0.0165653228759766 -0.0107831954956055
0.003143310546875 0.0949935913085938 -0.0038604736328125 -0.0255851745605469
-0.0544509887695312 0.102188110351563 0.0156478881835937 -0.000135421752929681
-0.0935897827148437 0.0739822387695313 -0.0132236480712891 0.0260162353515625
-0.106178283691406 0.0284805297851563 -0.0195083618164063 0.0798110961914063
-0.0850372314453125 0.0642318725585938 -0.03399658203125 0.082427978515625
-0.0458450317382812 0.0908355712890625 -0.00763320922851562 0.0697784423828125
0.0239486694335938 0.0895538330078125 0.0198593139648438 0.0545692443847656
0.0660743713378906 0.0473518371582031 0.0219364166259766 0.0267238616943359
0.081390380859375 -0.00969696044921875 0.0154142379760742 0.00832462310791016
0.065155029296875 -0.0445137023925781 0.00699234008789063 0.0105552673339844
0.0592460632324219 -0.0434722900390625 -0.0032806396484375 0.0192928314208984
0.0663681030273438 -0.0500450134277344 -0.0151844024658203 0.0288505554199219
0.0771102905273438 -0.0317611694335938 -0.0246753692626953 0.0211315155029297
0.081085205078125 0.0140151977539063 -0.0367774963378906 0.0105438232421875
0.0622062683105469 0.0539398193359375 -0.0263233184814453 -0.00968742370605468
-0.00767517089843749 0.0882186889648438 -0.00687789916992188 -0.0206890106201172
-0.0627975463867188 0.0847091674804687 0.00522232055664062 0.0173740386962891
-0.0935745239257813 0.05078125 -0.0443458557128906 0.0403251647949219
-0.0791244506835937 -0.00401306152343751 -0.0530929565429688 0.083465576171875
-0.0744705200195313 0.0282440185546875 -0.0552825927734375 0.0871658325195313
-0.0510101318359375 0.0584831237792969 -0.0171012878417969 0.0674057006835938
0.00351715087890624 0.0720062255859375 0.00204849243164063 0.0475273132324219
0.0452194213867187 0.0447769165039062 -0.000453948974609371 0.0263347625732422
0.0666961669921875 0.00031280517578125 -0.00802421569824219 0.0213108062744141
0.0563621520996094 -0.0305633544921875 -0.0113925933837891 0.0318164825439453
0.0515022277832031 -0.0316047668457031 -0.016876220703125 0.0410003662109375
0.0580635070800781 -0.0376510620117188 -0.0289039611816406 0.0476646423339844
0.0663337707519531 -0.0225906372070312 -0.0428695678710937 0.03411865234375
0.0676116943359375 0.016204833984375 -0.0515823364257813 0.0153160095214844
0.0485954284667969 0.0500144958496094 -0.0366249084472656 -0.0109710693359375
-0.0176467895507813 0.07373046875 -0.0112018585205078 -0.0188484191894531
-0.0654182434082031 0.0586471557617188 -0.0063018798828125 0.0283184051513672
-0.0835418701171875 0.0214920043945313 -0.0741500854492187 0.0456161499023438
-0.0394248962402344 -0.0363388061523438 -0.0716400146484375 0.0779495239257813
-0.0499343872070313 -0.0117530822753906 -0.0634536743164063 0.0828475952148438
-0.0445365905761719 0.0162353515625 -0.0197067260742188 0.0600395202636719
-0.0150985717773437 0.0412788391113281 -0.00909423828125001 0.0388908386230469
0.0177135467529297 0.0336513519287109 -0.0150089263916016 0.02313232421875
0.04058837890625 0.00928878784179688 -0.0239620208740234 0.0293331146240234
0.038909912109375 -0.0123519897460938 -0.0251846313476562 0.0463409423828125
0.0358695983886719 -0.0153656005859375 -0.0276107788085938 0.0562934875488281
0.0415573120117188 -0.020416259765625 -0.0416831970214844 0.0607452392578125
0.0473785400390625 -0.0116043090820313 -0.0589752197265625 0.0427780151367187
0.0471763610839844 0.0159988403320313 -0.0648155212402344 0.0167427062988281
0.0311927795410156 0.0397415161132813 -0.0457687377929688 -0.0132942199707031
-0.0224800109863281 0.0509490966796875 -0.0165615081787109 -0.0194892883300781
-0.0582237243652344 0.0282440185546875 -0.020355224609375 0.0307407379150391
-0.0627326965332031 -0.0101165771484375 -0.0986862182617188 0.04034423828125
0.0176467895507813 0.0386276245117188 0.098388671875 -0.0401611328125
0.0379180908203125 0.00110626220703125 0.0308017730712891 -0.0213413238525391
0.0139808654785156 -0.0239448547363281 0.0187091827392578 0.0206451416015625
-0.00822639465332031 -0.0223007202148438 0.0580368041992188 0.0217742919921875
-0.0198936462402344 -0.0104751586914063 0.0755691528320313 -0.0181732177734375
-0.0234451293945313 0.00472640991210938 0.0668792724609375 -0.0592193603515625
-0.0179042816162109 0.00147247314453125 0.0430908203125 -0.0758590698242188
-0.0162382125854492 -0.00351333618164063 0.0296173095703125 -0.066253662109375
-0.0191612243652344 -0.00661277770996094 0.027801513671875 -0.0532379150390625
-0.0100231170654297 -0.0204601287841797 0.0289497375488281 -0.0394401550292969
0.0104026794433594 -0.0256900787353516 0.0190238952636719 -0.0256614685058594
0.0293502807617188 -0.0110359191894531 0.0151309967041016 -0.0321197509765625
0.0356407165527344 0.0220565795898437 0.0269050598144531 -0.0576286315917969
0.0237960815429687 0.0483589172363281 0.0572891235351563 -0.0797119140625
9.53674316406273E-05 0.056915283203125 0.07586669921875 -0.0673065185546875
-0.0210380554199219 0.0639305114746094 0.100837707519531 -0.019744873046875
0.0172538757324219 0.0383262634277344 0.0352058410644531 -0.007568359375
0.0140895843505859 0.0143909454345703 0.0232696533203125 0.0293388366699219
0.0138921737670898 0.00261592864990234 0.064422607421875 0.0278434753417969
0.0100345611572266 -0.00432109832763672 0.0805740356445312 -0.0127716064453125
0.00521087646484375 -0.00919342041015625 0.0714187622070313 -0.05743408203125
0.00398826599121094 -0.0215301513671875 0.046905517578125 -0.075042724609375
0.00599479675292969 -0.0238666534423828 0.0298080444335938 -0.0644454956054687
0.00677108764648437 -0.0277099609375 0.0282554626464844 -0.0493583679199219
0.0215473175048828 -0.0296707153320313 0.0296630859375 -0.0360527038574219
0.0403213500976562 -0.0152244567871094 0.015625 -0.0212135314941406
0.0482101440429688 0.01397705078125 0.00999641418457032 -0.0260772705078125
0.0269775390625 0.0564231872558594 0.0163650512695313 -0.0503768920898438
-0.00310516357421876 0.08087158203125 0.0459022521972656 -0.0660438537597656
-0.0352020263671875 0.079376220703125 0.0652694702148438 -0.0480537414550781
-0.0611190795898437 0.0790786743164063 0.0882492065429688 0.00654602050781251
-0.0115814208984375 0.0728073120117188 0.0310897827148438 0.0147972106933594
0.00873184204101562 0.0552215576171875 0.0237388610839844 0.0414657592773438
0.0355033874511719 0.0330810546875 0.0655441284179688 0.0370979309082031
0.04095458984375 0.00630569458007812 0.0785751342773438 -0.003997802734375
0.0357322692871094 -0.0198173522949219 0.0690689086914063 -0.0474967956542969
0.026336669921875 -0.0406036376953125 0.0452423095703125 -0.0632438659667969
0.0268363952636719 -0.0404434204101563 0.0267753601074219 -0.0518531799316406
0.0305671691894531 -0.0460128784179688 0.0231399536132813 -0.0362739562988281
0.0476875305175781 -0.037933349609375 0.0223236083984375 -0.0262622833251953
0.0652885437011719 -0.0080718994140625 0.0057973861694336 -0.0139579772949219
0.0648727416992188 0.0305938720703125 0.00153923034667969 -0.0205898284912109
0.0231857299804688 0.0805282592773438 0.00611114501953125 -0.0425338745117187
-0.0218887329101562 0.103622436523438 0.0328445434570313 -0.0477676391601562
-0.0617752075195313 0.0920791625976563 0.0450820922851562 -0.0241203308105469
-0.0929107666015625 0.0805587768554688 0.0621681213378906 0.0362739562988281
-0.0427398681640625 0.0941162109375 0.017669677734375 0.0416908264160156
-0.00312042236328125 0.0894851684570313 0.0186004638671875 0.0550918579101563
0.0484085083007813 0.0627937316894531 0.0579681396484375 0.0466117858886719
0.0655136108398438 0.0194244384765625 0.0673599243164063 0.007904052734375
0.0624732971191406 -0.0256004333496094 0.0579338073730469 -0.0304679870605469
0.045806884765625 -0.0534095764160156 0.0378265380859375 -0.0430107116699219
0.0438346862792969 -0.0515670776367187 0.0200386047363281 -0.0317611694335938
0.0489692687988281 -0.0582122802734375 0.0133752822875977 -0.0166664123535156
0.06585693359375 -0.0441017150878906 0.00949859619140625 -0.011439323425293
0.0812911987304688 -0.0035400390625 -0.00681829452514648 -0.0050358772277832
0.0748367309570312 0.0403900146484375 -0.00817489624023437 -0.014988899230957
0.0192642211914063 0.0939712524414063 -0.00143814086914062 -0.0338249206542969
-0.0350265502929687 0.112548828125 0.0230464935302734 -0.0251235961914062
-0.0786972045898437 0.0932846069335938 0.0191478729248047 0.00116348266601563
-0.109115600585938 0.0660629272460937 0.0252189636230469 0.0635452270507813
-0.0688552856445313 0.0940933227539062 -0.00502014160156251 0.06695556640625
-0.0215225219726562 0.105674743652344 0.00822448730468751 0.0661773681640625
0.0467071533203125 0.0847854614257812 0.042236328125 0.0533714294433594
0.0767440795898438 0.0330581665039063 0.0474586486816406 0.0195159912109375
0.0791549682617187 -0.02410888671875 0.0392837524414063 -0.009979248046875
0.0583305358886719 -0.056915283203125 0.0245361328125 -0.01611328125
0.0535316467285156 -0.0542144775390625 0.00935745239257813 -0.00638008117675782
0.0597190856933594 -0.061614990234375 0.000761985778808597 0.00726652145385742
0.0747833251953125 -0.0441131591796875 -0.00631141662597656 0.00585079193115234
0.0872344970703125 0.0014495849609375 -0.0213565826416016 0.00458717346191406
0.075531005859375 0.0464859008789063 -0.0179557800292969 -0.0110073089599609
0.0107879638671875 0.0965423583984375 -0.00541877746582031 -0.0264415740966797
-0.046051025390625 0.107574462890625 0.0158357620239258 -0.0021066665649414
-0.088165283203125 0.0815277099609375 -0.0111656188964844 0.0250949859619141
-0.104606628417969 0.0377120971679688 -0.0148086547851563 0.0816268920898438
-0.0804061889648438 0.0717849731445312 -0.0300445556640625 0.0842056274414063
-0.0385284423828125 0.095794677734375 -0.00479888916015626 0.0702972412109375
0.031585693359375 0.0883560180664063 0.0216903686523438 0.0537643432617188
0.0701103210449219 0.0417327880859375 0.0232429504394531 0.0265121459960938
0.0810394287109375 -0.0158767700195313 0.0166492462158203 0.00890159606933594
0.06146240234375 -0.0505638122558594 0.00767898559570313 0.0102558135986328
0.0555381774902344 -0.0491180419921875 -0.00234794616699219 0.0194950103759766
0.0618438720703125 -0.0561752319335938 -0.0131244659423828 0.0299644470214844
0.074859619140625 -0.0387420654296875 -0.0236721038818359 0.0227031707763672
0.0831832885742188 0.0067291259765625 -0.03662109375 0.0126800537109375
0.0673713684082031 0.0489845275878906 -0.0275154113769531 -0.00876426696777343
-0.00051116943359375 0.090240478515625 -0.00840377807617187 -0.0206832885742187
-0.0561294555664062 0.09063720703125 0.00694847106933593 0.0159788131713867
-0.0897293090820313 0.0581130981445312 -0.0411376953125 0.0415496826171875
-0.079437255859375 0.0026702880859375 -0.048583984375 0.088165283203125
-0.072296142578125 0.0347900390625 -0.0501327514648438 0.090301513671875
-0.0462684631347656 0.0640335083007813 -0.0146522521972656 0.0678558349609375
0.010040283203125 0.072265625 0.00346755981445312 0.0479621887207031
0.0492439270019531 0.0410652160644531 0.000761032104492188 0.0277805328369141
0.066680908203125 -0.005035400390625 -0.00547027587890624 0.0235557556152344
0.0532455444335937 -0.0354423522949219 -0.00868988037109374 0.0328655242919922
0.0482635498046875 -0.0363121032714844 -0.0136184692382812 0.0421600341796875
0.0546875 -0.0432624816894531 -0.0256271362304688 0.0501937866210937
0.0646018981933594 -0.0289955139160156 -0.0410385131835937 0.0373802185058594
0.0698089599609375 0.0106658935546875 -0.0513877868652344 0.0190391540527344
0.0529670715332031 0.0459136962890625 -0.0382728576660156 -0.00868225097656249
-0.0115890502929688 0.0757675170898438 -0.0123291015625 -0.0184783935546875
-0.0606765747070313 0.0646018981933594 -0.00430679321289063 0.0279407501220703
-0.0814132690429688 0.02789306640625 -0.0710601806640625 0.0496292114257812
-0.0422286987304688 -0.0324668884277344 -0.068084716796875 0.0842742919921875
-0.0505599975585938 -0.00728988647460938 -0.0590972900390625 0.0868988037109375
-0.0432014465332031 0.0208396911621094 -0.0172271728515625 0.060577392578125
-0.0110893249511719 0.0428924560546875 -0.0081787109375 0.0403976440429688
0.0208187103271484 0.0317974090576172 -0.0140304565429687 0.0257759094238281
0.0415725708007813 0.00534439086914063 -0.0212211608886719 0.0328044891357422
0.0375518798828125 -0.0160102844238281 -0.0210533142089844 0.04876708984375
0.0339317321777344 -0.0188236236572266 -0.0228118896484375 0.0581626892089844
0.0397148132324219 -0.0242271423339844 -0.0366554260253906 0.0643119812011719
0.045989990234375 -0.0159835815429687 -0.056182861328125 0.0474433898925781
0.0486679077148438 0.0120429992675781 -0.0644760131835938 0.02178955078125
0.0342674255371094 0.037109375 -0.0472068786621094 -0.0103607177734375
-0.0186309814453125 0.0534248352050781 -0.0179691314697266 -0.0191669464111328
-0.0558128356933594 0.0329971313476562 -0.0175838470458984 0.0312824249267578
-0.06219482421875 -0.00574493408203124 -0.0964889526367188 0.046875
0.0185623168945313 0.0378303527832031 0.0973968505859375 -0.0439834594726563
0.0375137329101563 -8.392333984375E-05 0.0294589996337891 -0.0222206115722656
0.0128459930419922 -0.0238914489746094 0.018798828125 0.0211143493652344
-0.00958633422851563 -0.0217227935791016 0.0583267211914063 0.0195198059082031
-0.0201206207275391 -0.00864028930664063 0.0741348266601563 -0.0209426879882813
-0.0221385955810547 0.00592613220214844 0.0628433227539063 -0.0622596740722656
-0.0175457000732422 0.00253677368164063 0.0389175415039063 -0.0775375366210937
-0.0164146423339844 -0.00274562835693359 0.0248756408691406 -0.0668258666992188
-0.0190906524658203 -0.00531959533691406 0.0238418579101563 -0.0548934936523438
-0.0111827850341797 -0.0189399719238281 0.0255126953125 -0.0417022705078125
0.00834846496582031 -0.0255222320556641 0.0183734893798828 -0.0284652709960938
0.0279617309570312 -0.0122089385986328 0.0153884887695313 -0.0334415435791016
0.0366325378417969 0.0200042724609375 0.0254135131835937 -0.0577049255371094
0.025360107421875 0.0471611022949219 0.054168701171875 -0.0816116333007813
0.00223541259765625 0.0558090209960938 0.0736007690429688 -0.0718612670898438
-0.0191688537597656 0.0648345947265625 0.100128173828125 -0.0238189697265625
0.0185966491699219 0.0380859375 0.0339641571044922 -0.00812530517578125
0.0150861740112305 0.0140380859375 0.0231552124023438 0.0295047760009766
0.0145454406738281 0.00235939025878906 0.0650062561035156 0.0258026123046875
0.00969600677490234 -0.00447463989257813 0.0787582397460938 -0.0158309936523438
0.00529766082763672 -0.00868558883666992 0.0684738159179688 -0.0596923828125
0.00276947021484375 -0.0212879180908203 0.0424118041992188 -0.0766143798828125
0.00442123413085938 -0.0240898132324219 0.0256156921386719 -0.0650558471679688
0.00521469116210938 -0.0280742645263672 0.0243721008300781 -0.0507965087890625
0.0203361511230469 -0.0304603576660156 0.0260848999023438 -0.0384979248046875
0.0395698547363281 -0.0168685913085937 0.0145587921142578 -0.0236721038818359
0.0487861633300781 0.01171875 0.0102176666259766 -0.0275211334228516
0.029571533203125 0.0551033020019531 0.0153694152832031 -0.0507240295410156
-0.000183105468749997 0.0808944702148438 0.0431938171386719 -0.0679931640625
-0.0320587158203125 0.0799636840820313 0.0637397766113281 -0.0531768798828125
-0.0574951171875 0.08209228515625 0.088653564453125 0.00353240966796876
-0.00865936279296875 0.0735549926757813 0.0305538177490234 0.0136947631835938
0.0122413635253906 0.055877685546875 0.0238876342773437 0.0406455993652344
0.0370559692382813 0.0315284729003906 0.0660171508789063 0.0349922180175781
0.0411872863769531 0.00377655029296875 0.077392578125 -0.0064697265625
0.0353050231933594 -0.0219383239746094 0.0659751892089844 -0.0495758056640625
0.0237197875976562 -0.0422592163085938 0.0411453247070313 -0.0648384094238281
0.0242042541503906 -0.0422630310058594 0.0234222412109375 -0.0526618957519531
0.0278358459472656 -0.0477485656738281 0.0196304321289063 -0.037445068359375
0.0451393127441406 -0.040618896484375 0.0190792083740234 -0.0289726257324219
0.0644302368164063 -0.0116920471191406 0.00484657287597657 -0.016331672668457
0.0659446716308594 0.0274620056152344 0.00147247314453125 -0.0215606689453125
0.0269927978515625 0.0799942016601562 0.00473403930664062 -0.0421104431152344
-0.0170822143554688 0.105117797851563 0.0311012268066406 -0.0487480163574219
-0.0576324462890625 0.0947799682617188 0.0443000793457031 -0.0285110473632812
-0.0889358520507813 0.0853500366210938 0.0629463195800781 0.0340652465820313
-0.0383224487304687 0.095977783203125 0.0177116394042969 0.0401420593261719
0.002044677734375 0.091156005859375 0.0193595886230469 0.0542755126953125
0.0517311096191406 0.0606803894042969 0.0585289001464844 0.0449333190917969
0.066162109375 0.0159149169921875 0.0660820007324219 0.00597763061523438
0.0612602233886719 -0.0287895202636719 0.0565299987792969 -0.0319747924804688
0.0422515869140625 -0.0557289123535156 0.0350570678710938 -0.0440216064453125
0.040069580078125 -0.053924560546875 0.0171699523925781 -0.0325565338134766
0.0453605651855469 -0.06121826171875 0.0113410949707031 -0.017277717590332
0.0628433227539063 -0.0476493835449219 0.0073537826538086 -0.0135974884033203
0.0807952880859375 -0.00811004638671875 -0.00759601593017577 -0.00600767135620117
0.0768585205078125 0.0364303588867188 -0.00852966308593749 -0.015650749206543
0.0241622924804688 0.0932846069335938 -0.00210380554199219 -0.0336971282958984
-0.0290756225585937 0.114974975585938 0.0224170684814453 -0.0264987945556641
-0.0745315551757813 0.097015380859375 0.0193405151367188 -0.00205421447753906
-0.105926513671875 0.07122802734375 0.0270423889160156 0.0621986389160156
-0.0641098022460938 0.0974044799804688 -0.00341796875000001 0.0659027099609375
-0.0155868530273437 0.107917785644531 0.00833511352539063 0.0652999877929688
0.05108642578125 0.0826034545898438 0.0426559448242188 0.0526390075683594
0.078094482421875 0.0289840698242188 0.0469970703125 0.0186691284179688
0.07781982421875 -0.0278854370117188 0.0387763977050781 -0.0104866027832031
0.0546646118164063 -0.0598030090332031 0.0233154296875 -0.0177879333496094
0.0501022338867188 -0.0570869445800781 0.0083303451538086 -0.00689220428466797
0.0552482604980469 -0.0651664733886719 0.000413894653320316 0.00704860687255859
0.0719451904296875 -0.0486526489257813 -0.00697612762451172 0.00489997863769531
0.0868988037109375 -0.00373077392578125 -0.0219650268554687 0.00449562072753906
0.077880859375 0.0422210693359375 -0.0181102752685547 -0.0105705261230469
0.0163955688476563 0.0965423583984375 -0.00626373291015625 -0.0262527465820312
-0.0405120849609375 0.110710144042969 0.0156011581420898 -0.00354003906249999
-0.0839309692382812 0.0858154296875 -0.00940322875976563 0.0228652954101563
-0.102561950683594 0.04290771484375 -0.0120010375976562 0.082611083984375
-0.07659912109375 0.0753173828125 -0.0274581909179688 0.0843505859375
-0.0334625244140625 0.0988845825195312 -0.00407791137695313 0.0694122314453125
0.0363845825195313 0.08721923828125 0.0222244262695313 0.0536918640136719
0.07220458984375 0.0378494262695313 0.0234546661376953 0.0268802642822266
0.0796279907226563 -0.0204849243164063 0.0173521041870117 0.00926017761230469
0.0579757690429687 -0.0538864135742188 0.00827121734619141 0.00965595245361328
0.051849365234375 -0.0520439147949219 -0.00163078308105469 0.0189838409423828
0.0582275390625 -0.0599250793457031 -0.0114822387695312 0.0304450988769531
0.071807861328125 -0.043365478515625 -0.02325439453125 0.0227642059326172
0.0831451416015625 0.00153350830078125 -0.0366554260253906 0.0139732360839844
0.0698089599609375 0.0451011657714844 -0.0278587341308594 -0.00758361816406249
0.00411987304687499 0.0909652709960938 -0.00919723510742188 -0.0202217102050781
-0.0508575439453125 0.0939559936523438 0.00804901123046875 0.0149507522583008
-0.0864181518554687 0.0623779296875 -0.0389785766601563 0.0416221618652344
-0.0790786743164063 0.00705718994140626 -0.0461349487304688 0.090850830078125
-0.070159912109375 0.03863525390625 -0.04791259765625 0.0912017822265625
-0.0424118041992187 0.0671195983886719 -0.01336669921875 0.0671195983886719
0.01434326171875 0.0723724365234375 0.00342178344726562 0.0487823486328125
0.0507850646972656 0.0381660461425781 0.00177574157714844 0.0287857055664063
0.066314697265625 -0.00927734375 -0.00398445129394531 0.0248355865478516
0.0514907836914062 -0.0383529663085938 -0.00671768188476562 0.0335102081298828
0.0453605651855469 -0.0391159057617188 -0.0116615295410156 0.0422096252441406
0.0515670776367188 -0.0464935302734375 -0.0230255126953125 0.0515327453613281
0.0627098083496094 -0.0324668884277344 -0.0392570495605469 0.0383758544921875
0.0701751708984375 0.00654983520507813 -0.0509376525878906 0.0205917358398437
0.0549392700195313 0.0429458618164063 -0.0382003784179688 -0.00720977783203125
-0.007415771484375 0.076812744140625 -0.0132007598876953 -0.0183582305908203
-0.0561485290527344 0.0682830810546875 -0.00270462036132813 0.0270099639892578
-0.0792160034179688 0.0316085815429687 -0.068603515625 0.0513496398925781
-0.0432167053222656 -0.0294532775878906 -0.0651168823242188 0.0878677368164062
-0.0507011413574219 -0.00413894653320313 -0.0559616088867187 0.0886993408203125
-0.0418281555175781 0.0235366821289063 -0.0163497924804688 0.0602874755859375
-0.0084381103515625 0.0433158874511719 -0.00801086425781251 0.0412750244140625
0.0223979949951172 0.0304222106933594 -0.0127506256103516 0.0280723571777344
0.0413322448730469 0.00252151489257813 -0.0187129974365234 0.0349407196044922
0.035736083984375 -0.0180244445800781 -0.0176544189453125 0.0494880676269531
0.0322113037109375 -0.020751953125 -0.0193519592285156 0.0583877563476563
0.0378074645996094 -0.0265960693359375 -0.0330581665039062 0.065887451171875
0.0447158813476563 -0.0187301635742188 -0.0536270141601562 0.0497512817382813
0.0490226745605469 0.00928115844726563 -0.063323974609375 0.0246849060058594
0.0358161926269531 0.0350227355957031 -0.0481529235839844 -0.00830459594726561
-0.0160751342773437 0.0545768737792969 -0.0183334350585937 -0.0187568664550781
-0.0531578063964844 0.0357780456542969 -0.0154514312744141 0.0313720703125
-0.0610694885253906 -0.00301361083984374 -0.0936737060546875 0.0497817993164063
0.0193977355957031 0.0380134582519531 0.098419189453125 -0.0462417602539063
0.0375213623046875 -0.000640869140625 0.0289936065673828 -0.0223255157470703
0.0121955871582031 -0.0244865417480469 0.0191879272460938 0.0218105316162109
-0.0101051330566406 -0.0219993591308594 0.0592994689941406 0.0198554992675781
-0.0204048156738281 -0.00811386108398437 0.073883056640625 -0.0220108032226562
-0.0218391418457031 0.00702285766601562 0.0616836547851563 -0.0642204284667969
-0.0172653198242188 0.00346660614013672 0.0366744995117188 -0.0791015625
-0.0164251327514648 -0.0020751953125 0.0225906372070312 -0.0681037902832031
-0.0192317962646484 -0.00485801696777344 0.0214996337890625 -0.0561370849609375
-0.0111351013183594 -0.018707275390625 0.0238609313964844 -0.0437583923339844
0.00710868835449219 -0.0252151489257813 0.0177841186523438 -0.0305442810058594
0.0280418395996094 -0.0129241943359375 0.0160598754882813 -0.0352516174316406
0.0372657775878906 0.0188140869140625 0.0260772705078125 -0.0582847595214844
0.0267982482910156 0.0464134216308594 0.0537261962890625 -0.0829391479492188
0.00308609008789062 0.0563850402832031 0.0738296508789063 -0.0757598876953125
-0.0180435180664063 0.0664634704589844 0.101631164550781 -0.0259780883789063
0.0195846557617188 0.0387077331542969 0.0336017608642578 -0.0085296630859375
0.0160408020019531 0.0145845413208008 0.0233173370361328 0.0295047760009766
0.0150909423828125 0.00207042694091797 0.0658760070800781 0.0254058837890625
0.0102548599243164 -0.00444698333740234 0.0790863037109375 -0.0169525146484375
0.00591850280761719 -0.00942897796630859 0.0669136047363281 -0.061676025390625
0.00192070007324219 -0.0214729309082031 0.0400161743164063 -0.0784912109375
0.003448486328125 -0.0241127014160156 0.0233726501464844 -0.065765380859375
0.00462532043457031 -0.0288410186767578 0.0218124389648437 -0.0520668029785156
0.0193653106689453 -0.0312290191650391 0.0235366821289063 -0.0405998229980469
0.038818359375 -0.0178642272949219 0.0140171051025391 -0.0260124206542969
0.0490798950195312 0.0106277465820313 0.0108966827392578 -0.0292396545410156
0.0315208435058594 0.05523681640625 0.0157661437988281 -0.050933837890625
0.00238800048828126 0.0818862915039063 0.0424308776855469 -0.06964111328125
-0.0311737060546875 0.081878662109375 0.06390380859375 -0.0568962097167969
-0.0564727783203125 0.0849075317382812 0.0897979736328125 0.00173187255859376
-0.0067901611328125 0.0749740600585938 0.0297946929931641 0.0129261016845703
0.0145339965820312 0.0572280883789063 0.0235443115234375 0.041351318359375
0.0387458801269531 0.0305557250976563 0.0667037963867187 0.0351371765136719
0.0418357849121094 0.00315475463867188 0.0776596069335938 -0.00726318359375
0.0351905822753906 -0.023162841796875 0.0651473999023438 -0.0512466430664062
0.0226478576660156 -0.0430984497070313 0.0389442443847656 -0.0667686462402344
0.0228614807128906 -0.0433616638183594 0.0209007263183594 -0.0537834167480469
0.026519775390625 -0.049285888671875 0.0174560546875 -0.038726806640625
0.0445022583007813 -0.0424575805664062 0.0169143676757813 -0.0309104919433594
0.0646629333496094 -0.0136184692382813 0.00404548645019532 -0.0183258056640625
0.0678062438964844 0.0258827209472656 0.00188064575195313 -0.0226955413818359
0.0297622680664062 0.0810012817382813 0.0048065185546875 -0.0431022644042969
-0.0143508911132812 0.107093811035156 0.030975341796875 -0.0506248474121094
-0.05670166015625 0.097259521484375 0.0448036193847656 -0.0320968627929688
-0.0882034301757813 0.0893402099609375 0.0645484924316406 0.0335502624511719
-0.0362777709960937 0.0986557006835938 0.0174446105957031 0.0401039123535156
0.005462646484375 0.09307861328125 0.0184249877929687 0.0544090270996094
0.0546150207519531 0.0605239868164062 0.0586509704589844 0.0448570251464844
0.0676460266113281 0.0139083862304688 0.0667190551757813 0.00577926635742188
0.0614166259765625 -0.0312728881835938 0.0561370849609375 -0.0331230163574219
0.0406570434570313 -0.0574417114257813 0.0336189270019531 -0.0457839965820313
0.0382270812988281 -0.0559806823730469 0.0154876708984375 -0.033050537109375
0.04296875 -0.0638694763183594 0.00988960266113281 -0.0183124542236328
0.0618820190429687 -0.0509033203125 0.00549507141113282 -0.0152082443237305
0.081817626953125 -0.0113525390625 -0.00858116149902343 -0.00755834579467774
0.0789871215820313 0.034820556640625 -0.00852680206298827 -0.0164728164672851
0.0274887084960938 0.0948333740234375 -0.00224876403808594 -0.0339794158935547
-0.0258026123046875 0.118057250976563 0.0222129821777344 -0.0281810760498047
-0.0734481811523438 0.0999832153320313 0.0198459625244141 -0.00524711608886718
-0.10552978515625 0.0753402709960937 0.0282630920410156 0.0631065368652344
-0.0621185302734375 0.100433349609375 -0.00362396240234376 0.0661048889160156
-0.0123748779296875 0.1104736328125 0.00806808471679687 0.0653076171875
0.0546493530273438 0.08203125 0.0424957275390625 0.0529136657714844
0.0797348022460938 0.0270309448242188 0.047943115234375 0.0189590454101563
0.0782470703125 -0.0310440063476563 0.0395889282226563 -0.0110321044921875
0.0525360107421875 -0.0623321533203125 0.0228595733642578 -0.0182991027832031
0.0478439331054688 -0.0597801208496094 0.00766992568969727 -0.0074453353881836
0.053253173828125 -0.0682487487792969 -0.000133037567138669 0.00680208206176757
0.0707244873046875 -0.0521087646484375 -0.00827980041503906 0.00391006469726562
0.0882492065429688 -0.007232666015625 -0.0225238800048828 0.00428390502929688
0.0802078247070313 0.0399627685546875 -0.0184574127197266 -0.0111007690429687
0.0200424194335937 0.0980606079101563 -0.00634574890136719 -0.0264015197753906
-0.0373077392578125 0.114288330078125 0.0163078308105469 -0.00504684448242187
-0.0833206176757813 0.0886154174804688 -0.00864601135253907 0.0209255218505859
-0.102287292480469 0.04736328125 -0.0108718872070313 0.0844879150390625
-0.0753555297851562 0.0785064697265625 -0.0273208618164063 0.0846786499023438
-0.0299911499023438 0.101943969726562 -0.00508117675781249 0.0695610046386719
0.039825439453125 0.0875091552734375 0.0212898254394531 0.0544090270996094
0.0738143920898438 0.0357894897460938 0.0239849090576172 0.0278816223144531
0.0801773071289063 -0.0237655639648438 0.0184650421142578 0.0101757049560547
0.0562515258789063 -0.0563011169433594 0.009002685546875 0.00965690612792968
0.0498275756835938 -0.0541877746582031 -0.00175285339355468 0.0189914703369141
0.0558624267578125 -0.0632743835449219 -0.0110664367675781 0.0313243865966797
0.0706024169921875 -0.0472335815429687 -0.0239219665527344 0.0227985382080078
0.0844345092773438 -0.0014190673828125 -0.0370216369628906 0.0142135620117187
0.0725021362304687 0.0432052612304687 -0.0284309387207031 -0.00781059265136719
0.00775909423828125 0.0927734375 -0.00936126708984375 -0.0208759307861328
-0.0478744506835937 0.0977859497070313 0.00867843627929687 0.0136432647705078
-0.0853729248046875 0.065185546875 -0.0387306213378906 0.0409355163574219
-0.079681396484375 0.0102081298828125 -0.0453567504882813 0.0941009521484375
-0.0699501037597656 0.0412216186523438 -0.047454833984375 0.0923919677734375
-0.0409049987792969 0.0696983337402344 -0.0147209167480469 0.0676460266113281
0.0172653198242188 0.0727767944335938 0.00271987915039063 0.0498504638671875
0.05267333984375 0.036712646484375 0.00200653076171875 0.0307292938232422
0.0667915344238281 -0.0119094848632812 -0.002044677734375 0.0264720916748047
0.0495681762695312 -0.0407791137695312 -0.00530624389648437 0.0336627960205078
0.0441055297851563 -0.0411224365234375 -0.0103416442871094 0.0423660278320313
0.0503463745117188 -0.0490646362304688 -0.0217437744140625 0.0524024963378906
0.0616416931152344 -0.0356063842773438 -0.0392189025878906 0.0397109985351563
0.071044921875 0.00362396240234375 -0.0510749816894531 0.0218124389648437
0.057281494140625 0.0418701171875 -0.0389785766601562 -0.00669479370117188
-0.0052490234375 0.0785903930664063 -0.0133514404296875 -0.0182056427001953
-0.054443359375 0.0709915161132813 -0.00176620483398438 0.0266571044921875
-0.0787429809570313 0.0333404541015625 -0.0686607360839844 0.0522117614746094
-0.0444297790527344 -0.028045654296875 -0.0646896362304687 0.0918426513671875
-0.0510330200195313 -0.00247955322265624 -0.0561294555664063 0.0902481079101563
-0.0408210754394531 0.0255661010742188 -0.017547607421875 0.0603103637695313
-0.00671005249023438 0.044342041015625 -0.00881958007812501 0.0426292419433594
0.0235404968261719 0.0297164916992187 -0.0124835968017578 0.030059814453125
0.0418281555175781 0.000972747802734375 -0.0172920227050781 0.0364761352539063
0.03515625 -0.0198173522949219 -0.0160140991210938 0.0500564575195313
0.0316143035888672 -0.0222492218017578 -0.017425537109375 0.05908203125
0.0369606018066406 -0.028594970703125 -0.0312042236328125 0.0670890808105469
0.0441474914550781 -0.0205307006835937 -0.0529670715332031 0.0510711669921875
0.0500373840332031 0.00753021240234375 -0.0634002685546875 0.0260772705078125
0.0372238159179687 0.0344314575195312 -0.0489120483398438 -0.00776672363281249
-0.0148658752441406 0.0554084777832031 -0.0190582275390625 -0.0187835693359375
-0.0522499084472656 0.0377464294433594 -0.0146312713623047 0.031219482421875
-0.0610542297363281 -0.00207519531250001 -0.0935516357421875 0.0519638061523438
0.0206565856933594 0.03912353515625 0.101768493652344 -0.0494461059570312
0.0388374328613281 -0.000843048095703125 0.0295333862304688 -0.023590087890625
0.0122051239013672 -0.0253314971923828 0.0197639465332031 0.0228652954101563
-0.0111751556396484 -0.0218944549560547 0.0617790222167969 0.0196914672851563
-0.0209007263183594 -0.00725364685058594 0.0758514404296875 -0.0236282348632813
-0.0220489501953125 0.00741004943847657 0.0620002746582031 -0.0674247741699219
-0.0172185897827148 0.00447273254394531 0.0353851318359375 -0.0823974609375
-0.0171995162963867 -0.00161457061767578 0.0208358764648437 -0.0708541870117188
-0.0200233459472656 -0.00461959838867187 0.0199928283691406 -0.058868408203125
-0.0121994018554687 -0.0186691284179688 0.0222396850585937 -0.0466384887695312
0.00658798217773438 -0.025787353515625 0.0174617767333984 -0.0337371826171875
0.0284824371337891 -0.0138435363769531 0.017669677734375 -0.0381660461425781
0.038726806640625 0.018463134765625 0.02752685546875 -0.0605812072753906
0.0279769897460937 0.0472488403320313 0.0550613403320313 -0.0869598388671875
0.00345993041992187 0.05828857421875 0.0760574340820313 -0.0814895629882812
-0.01776123046875 0.0694656372070313 0.104812622070312 -0.02825927734375
0.0211410522460938 0.0399360656738281 0.0337944030761719 -0.00957679748535156
0.0169572830200195 0.0152215957641602 0.0237483978271484 0.0311412811279297
0.015934944152832 0.00145435333251953 0.0682640075683594 0.0260581970214844
0.0105619430541992 -0.00525569915771484 0.0812225341796875 -0.0184707641601563
0.00640869140625 -0.0102310180664063 0.0670700073242188 -0.0651206970214844
0.00192070007324219 -0.0224571228027344 0.0392913818359375 -0.0820465087890625
0.00259208679199219 -0.0252513885498047 0.0219192504882812 -0.0685462951660156
0.00358963012695313 -0.0302524566650391 0.0199813842773438 -0.0549430847167969
0.0187149047851562 -0.0328159332275391 0.0221214294433594 -0.043487548828125
0.0398178100585938 -0.0194015502929688 0.0133552551269531 -0.0289936065673828
0.0513725280761719 0.00970840454101563 0.0119552612304688 -0.0311985015869141
0.0334625244140625 0.0565261840820313 0.0166473388671875 -0.0526962280273437
0.00405120849609374 0.0852890014648438 0.0432815551757812 -0.073150634765625
-0.0314865112304688 0.0855026245117188 0.0662002563476563 -0.0624847412109375
-0.0575790405273437 0.0894393920898437 0.0935745239257812 0.000694274902343755
-0.00527954101562501 0.0785293579101562 0.0309581756591797 0.0132293701171875
0.0167884826660156 0.0594520568847656 0.023712158203125 0.0431098937988281
0.0414848327636719 0.0309867858886719 0.0688285827636719 0.0360145568847656
0.0437774658203125 0.00190353393554688 0.0798721313476562 -0.00786590576171875
0.036773681640625 -0.0254631042480469 0.0666732788085938 -0.0539817810058594
0.0218925476074219 -0.0450172424316406 0.0385971069335938 -0.0697174072265625
0.0217094421386719 -0.0456924438476563 0.0194244384765625 -0.0557746887207031
0.0255775451660156 -0.0522651672363281 0.0162200927734375 -0.0409736633300781
0.0445785522460938 -0.0460166931152344 0.0150394439697266 -0.0332908630371094
0.0665435791015625 -0.0158843994140625 0.00339126586914063 -0.0205783843994141
0.0710525512695313 0.0252609252929688 0.00223159790039063 -0.0250778198242188
0.0332717895507812 0.0833892822265625 0.00539016723632813 -0.0447120666503906
-0.0118942260742188 0.111915588378906 0.0313873291015625 -0.0533790588378906
-0.0576019287109375 0.102119445800781 0.0459365844726562 -0.0364494323730469
-0.0895233154296875 0.0947189331054687 0.0678024291992188 0.0339317321777344
-0.0349884033203125 0.103317260742188 0.0176849365234375 0.0413169860839844
0.008453369140625 0.0969772338867188 0.018341064453125 0.0567855834960938
0.0585098266601563 0.0614051818847656 0.0610542297363281 0.0468215942382813
0.0705108642578125 0.0126571655273437 0.0687599182128906 0.00641250610351563
0.0633773803710938 -0.0344505310058594 0.0580825805664063 -0.0346641540527344
0.0398750305175781 -0.0606842041015625 0.0333404541015625 -0.0477943420410156
0.0375938415527344 -0.0589408874511719 0.0145092010498047 -0.0344314575195313
0.04229736328125 -0.0675315856933594 0.00897216796875 -0.0192127227783203
0.0623016357421875 -0.0550117492675781 0.00382709503173829 -0.0169391632080078
0.084259033203125 -0.01483154296875 -0.00960063934326171 -0.00870323181152344
0.0832366943359375 0.0335159301757813 -0.00897598266601562 -0.0178985595703125
0.0317764282226563 0.0982513427734375 -0.00227737426757812 -0.0352058410644531
-0.0230026245117187 0.123634338378906 0.0227165222167969 -0.0301475524902344
-0.074554443359375 0.105552673339844 0.0205249786376953 -0.00783538818359374
-0.107696533203125 0.0811767578125 0.02984619140625 0.0660400390625
-0.0617446899414062 0.105827331542969 -0.00345611572265626 0.0685653686523437
-0.00891113281249999 0.115966796875 0.00711822509765625 0.0678558349609375
0.0597610473632813 0.083953857421875 0.0434761047363281 0.0550384521484375
0.0833206176757813 0.025238037109375 0.0496902465820313 0.0200080871582031
0.0802841186523437 -0.0348129272460938 0.0412788391113281 -0.0111007690429688
0.0523834228515625 -0.0658378601074219 0.0231971740722656 -0.0194644927978516
0.0478324890136719 -0.0635643005371094 0.00743865966796875 -0.00772237777709961
0.052978515625 -0.0727996826171875 -0.000319957733154293 0.00651025772094726
0.071563720703125 -0.057159423828125 -0.00994110107421875 0.00340557098388671
0.0916519165039063 -0.010345458984375 -0.0239791870117187 0.00394058227539062
0.084869384765625 0.0393218994140625 -0.019073486328125 -0.0119895935058594
0.0240325927734375 0.102218627929688 -0.00635337829589843 -0.0272750854492187
-0.0348587036132813 0.120498657226563 0.0167007446289063 -0.00615596771240234
-0.0843582153320312 0.0936126708984375 -0.00885009765625 0.0195655822753906
-0.105323791503906 0.0518646240234375 -0.010162353515625 0.0888442993164063
-0.076202392578125 0.0834426879882813 -0.0284271240234375 0.0879287719726563
-0.0280990600585937 0.107139587402344 -0.00595092773437501 0.0722503662109375
0.0444412231445313 0.0898513793945313 0.0216407775878906 0.0570602416992188
0.0772476196289063 0.0352249145507813 0.0253887176513672 0.0296421051025391
0.0823898315429688 -0.0268707275390625 0.0200672149658203 0.0109901428222656
0.0557594299316406 -0.0600967407226563 0.00977325439453125 0.00970363616943359
0.0497627258300781 -0.0578727722167969 -0.00122833251953125 0.01959228515625
0.0556068420410156 -0.0676956176757813 -0.0107345581054687 0.0320663452148437
0.0712432861328125 -0.0516586303710938 -0.0254878997802734 0.0234050750732422
0.087921142578125 -0.00478363037109375 -0.0383377075195312 0.0149688720703125
0.0765151977539063 0.0423812866210938 -0.0294456481933594 -0.00778579711914062
0.0111007690429687 0.0967559814453125 -0.00946235656738281 -0.0217075347900391
-0.046295166015625 0.103378295898438 0.0094919204711914 0.013056755065918
-0.0869903564453125 0.0692367553710937 -0.0396499633789063 0.0419464111328125
-0.08258056640625 0.0131454467773437 -0.046234130859375 0.0990142822265625
-0.0719223022460938 0.0448379516601563 -0.0488967895507812 0.0961380004882813
-0.0398635864257812 0.0740814208984375 -0.0161628723144531 0.0693778991699219
0.0199737548828125 0.0756378173828125 0.00225067138671875 0.0523834228515625
0.055206298828125 0.0368003845214844 0.00268745422363281 0.0333347320556641
0.0687828063964844 -0.0147132873535156 -0.00101280212402343 0.0286979675292969
0.05023193359375 -0.0436019897460937 -0.00432395935058593 0.0347938537597656
0.0442352294921875 -0.0440025329589844 -0.009735107421875 0.043731689453125
0.0499076843261719 -0.05267333984375 -0.0212326049804687 0.0542449951171875
0.062225341796875 -0.0395278930664063 -0.0404510498046875 0.0410423278808594
0.0738449096679688 0.00167083740234375 -0.0530853271484375 0.0242385864257812
0.0601539611816406 0.0415840148925781 -0.040374755859375 -0.00643539428710937
-0.00266265869140625 0.0823898315429688 -0.0140895843505859 -0.0189666748046875
-0.053619384765625 0.0756607055664063 -0.000942230224609377 0.0266342163085938
-0.0803146362304688 0.0358657836914063 -0.0702896118164062 0.054443359375
-0.0465736389160156 -0.0274467468261719 -0.0666961669921875 0.0973434448242188
-0.0530319213867188 -0.000854492187499995 -0.057891845703125 0.0940170288085938
-0.0413322448730469 0.0282974243164063 -0.0193252563476563 0.0623855590820313
-0.00456619262695312 0.0464134216308594 -0.01025390625 0.0452690124511719
0.0251445770263672 0.0300121307373047 -0.0120487213134766 0.0323410034179688
0.0428047180175781 -0.00051116943359375 -0.0154228210449219 0.0388870239257813
0.0354843139648438 -0.0211906433105469 -0.0143661499023437 0.0522232055664063
0.0315227508544922 -0.0238246917724609 -0.0165557861328125 0.0610008239746094
0.0366096496582031 -0.0303001403808594 -0.03057861328125 0.0704574584960938
0.0451850891113281 -0.0228118896484375 -0.0537300109863281 0.0543403625488281
0.0519332885742187 0.00607681274414062 -0.0651588439941406 0.0286788940429688
0.0391426086425781 0.0343475341796875 -0.0508232116699219 -0.00770187377929686
-0.0138092041015625 0.0584144592285156 -0.0192775726318359 -0.0199089050292969
-0.0526771545410156 0.0403976440429688 -0.0138607025146484 0.0316009521484375
-0.0622138977050781 -0.00133895874023439 -0.0962448120117188 0.0546646118164063
0.0231170654296875 0.0402679443359375 0.106468200683594 -0.056304931640625
0.04107666015625 -0.00269699096679688 0.0306453704833984 -0.0254287719726563
0.0119152069091797 -0.0267162322998047 0.0213871002197266 0.0240306854248047
-0.0128383636474609 -0.0228214263916016 0.0660820007324219 0.0190925598144531
-0.0222339630126953 -0.00662994384765625 0.0790863037109375 -0.027191162109375
-0.021820068359375 0.00875663757324218 0.0618362426757813 -0.072509765625
-0.0176448822021484 0.00515937805175781 0.0334930419921875 -0.08856201171875
-0.0187969207763672 -0.000549316406249997 0.0180587768554688 -0.0754470825195313
-0.0213909149169922 -0.00382804870605469 0.017364501953125 -0.0625267028808594
-0.0140266418457031 -0.0183925628662109 0.0203208923339844 -0.0502967834472656
0.00540542602539063 -0.0270919799804688 0.0173912048339844 -0.038482666015625
0.0292930603027344 -0.0159816741943359 0.0182647705078125 -0.0422172546386719
0.0413780212402344 0.0176849365234375 0.0279006958007813 -0.0641670227050781
0.0311660766601562 0.0486946105957031 0.0550537109375 -0.0935516357421875
0.00591278076171875 0.0614891052246094 0.0780410766601563 -0.0907669067382813
-0.01641845703125 0.0747146606445312 0.110176086425781 -0.0341262817382812
0.0242233276367187 0.0417671203613281 0.0352249145507813 -0.0111503601074219
0.0198707580566406 0.0158901214599609 0.0255107879638672 0.0330600738525391
0.0168867111206055 0.00107574462890625 0.0725326538085938 0.02606201171875
0.0113868713378906 -0.00581550598144531 0.0844955444335938 -0.0218429565429688
0.00689983367919922 -0.0116910934448242 0.0679550170898438 -0.070343017578125
0.00108718872070313 -0.0235614776611328 0.0371551513671875 -0.0874099731445313
0.00182533264160156 -0.0266704559326172 0.0193405151367188 -0.0729446411132812
0.00213050842285157 -0.0323886871337891 0.017974853515625 -0.0586700439453125
0.0184555053710937 -0.0356826782226563 0.0201759338378906 -0.04803466796875
0.0405998229980469 -0.0224800109863281 0.0123691558837891 -0.0328025817871094
0.0543365478515625 0.00833892822265625 0.0127525329589844 -0.0349941253662109
0.0377616882324219 0.0581130981445313 0.0169258117675781 -0.0559654235839844
0.0075531005859375 0.08941650390625 0.0436172485351563 -0.0785675048828125
-0.0301971435546875 0.0917129516601563 0.0677413940429688 -0.0702362060546875
-0.0565719604492187 0.0973358154296875 0.0994186401367188 -0.00303649902343749
-0.00164031982421875 0.0830764770507813 0.0320091247558594 0.0130214691162109
0.0216827392578125 0.0630073547363281 0.0255546569824219 0.045501708984375
0.0458793640136719 0.0313987731933594 0.072845458984375 0.035858154296875
0.0462570190429688 8.0108642578125E-05 0.0836563110351563 -0.010345458984375
0.0378303527832031 -0.0289840698242188 0.0678482055664063 -0.0585212707519531
0.0210304260253906 -0.0487632751464844 0.0371551513671875 -0.0752716064453125
0.0204925537109375 -0.0488243103027344 0.0172691345214844 -0.0596466064453125
0.0239410400390625 -0.0570907592773438 0.0143699645996094 -0.0436515808105469
0.0445213317871094 -0.0505218505859375 0.012847900390625 -0.036651611328125
0.0695152282714844 -0.0204849243164063 0.00219154357910156 -0.0229282379150391
0.0760116577148438 0.0233917236328125 0.00244140625000001 -0.0275707244873047
0.0390167236328125 0.0867843627929688 0.00601959228515625 -0.047454833984375
-0.00747680664062499 0.118621826171875 0.031768798828125 -0.0575942993164062
-0.0568923950195313 0.1102294921875 0.0476417541503906 -0.0426025390625
-0.0903167724609375 0.104560852050781 0.0727005004882813 0.0336532592773438
-0.0321578979492188 0.110641479492188 0.0189094543457031 0.041900634765625
0.0138626098632812 0.102409362792969 0.0195579528808594 0.05975341796875
0.0650138854980469 0.0613861083984375 0.0642890930175781 0.0480575561523438
0.0752334594726563 0.0100631713867188 0.072509765625 0.0051727294921875
0.065185546875 -0.0399322509765625 0.0602226257324219 -0.0379371643066406
0.0388870239257813 -0.0656967163085938 0.0327529907226563 -0.0517501831054688
0.0366172790527344 -0.0641326904296875 0.0130500793457031 -0.0372848510742188
0.0404129028320313 -0.0741348266601563 0.0077972412109375 -0.0211677551269531
0.06207275390625 -0.0617713928222656 0.00142669677734375 -0.0193328857421875
0.0883331298828125 -0.02001953125 -0.0114860534667969 -0.0100736618041992
0.0897369384765625 0.0308609008789063 -0.00875282287597656 -0.0196590423583984
0.0388717651367187 0.102775573730469 -0.00226593017578125 -0.0373420715332031
-0.0178985595703125 0.1322021484375 0.0234050750732422 -0.0334701538085937
-0.0745010375976563 0.114646911621094 0.0212879180908203 -0.0113754272460937
-0.110183715820313 0.0913925170898437 0.03472900390625 0.0687637329101563
-0.0603790283203125 0.114883422851563 -0.00238800048828126 0.072052001953125
-0.00376892089843751 0.122650146484375 0.00758361816406249 0.071136474609375
0.0675735473632813 0.0858535766601562 0.0457725524902344 0.0575408935546875
0.0895233154296875 0.0232086181640625 0.0530166625976563 0.0205001831054688
0.0837326049804688 -0.041168212890625 0.0433082580566406 -0.0128517150878906
0.0516433715820313 -0.071990966796875 0.0233039855957031 -0.0215072631835938
0.0467453002929688 -0.0696067810058594 0.00698375701904297 -0.00904560089111328
0.0513839721679687 -0.0799560546875 -0.000132083892822262 0.00687408447265624
0.0716018676757813 -0.0647735595703125 -0.0119409561157226 0.00345993041992187
0.09613037109375 -0.0162124633789063 -0.0257968902587891 0.00400733947753906
0.0919952392578125 0.0370635986328125 -0.0201797485351562 -0.0121841430664062
0.0312957763671875 0.107582092285156 -0.00686836242675781 -0.0291709899902344
-0.02972412109375 0.129783630371094 0.0175418853759766 -0.00817871093749999
-0.085479736328125 0.1029052734375 -0.00870895385742188 0.0192680358886719
-0.108604431152344 0.0600509643554688 -0.00827789306640627 0.0946502685546875
-0.0767135620117188 0.0920944213867188 -0.0276565551757813 0.0930404663085938
-0.0242843627929688 0.114959716796875 -0.00600433349609375 0.0768356323242188
0.051727294921875 0.0929412841796875 0.023162841796875 0.06005859375
0.0836257934570313 0.0332870483398438 0.0272254943847656 0.0320568084716797
0.0855255126953125 -0.0327529907226563 0.0227642059326172 0.0117473602294922
0.0559730529785156 -0.0658302307128906 0.0108137130737305 0.00981712341308593
0.0491447448730469 -0.0636558532714844 -0.000469207763671871 0.0204391479492187
0.0544586181640625 -0.0750198364257813 -0.00985908508300781 0.0336132049560547
0.0723419189453125 -0.0584564208984375 -0.0264301300048828 0.0253410339355469
0.09259033203125 -0.0102920532226563 -0.0405921936035156 0.0172386169433594
0.0830307006835938 0.0409622192382813 -0.0313014984130859 -0.00732231140136718
0.0171432495117187 0.10223388671875 -0.0104808807373047 -0.0229473114013672
-0.0428390502929687 0.111679077148438 0.0107192993164062 0.0128841400146484
-0.0887374877929687 0.0766677856445313 -0.0403900146484375 0.0442695617675781
-0.0863418579101563 0.0181808471679688 -0.0455780029296875 0.107894897460937
-0.0731353759765625 0.0503311157226562 -0.0491714477539063 0.103126525878906
-0.0385665893554687 0.079864501953125 -0.0165939331054688 0.073944091796875
0.0251846313476562 0.0790481567382813 0.0026397705078125 0.056488037109375
0.060516357421875 0.0362930297851562 0.00443649291992188 0.0361328125
0.0708999633789063 -0.0191726684570313 0.00113868713378907 0.030792236328125
0.0505332946777344 -0.0485801696777344 -0.00233078002929688 0.0369720458984375
0.0438308715820312 -0.0489273071289062 -0.00811386108398438 0.0462150573730469
0.0495681762695313 -0.0586357116699219 -0.0200614929199219 0.0579185485839844
0.0633392333984375 -0.0452728271484375 -0.0412940979003906 0.0448875427246094
0.0789108276367188 -0.00279998779296875 -0.0547714233398438 0.0273895263671875
0.0657196044921875 0.0410385131835938 -0.0428199768066406 -0.00483322143554687
0.00128173828125 0.08697509765625 -0.0149574279785156 -0.0202369689941406
-0.052215576171875 0.0826263427734375 0.000347137451171873 0.0272789001464844
-0.0830841064453125 0.0410614013671875 -0.0727920532226563 0.0586776733398438
-0.0501937866210938 -0.026458740234375 -0.0676193237304688 0.107170104980469
-0.0556373596191406 0.00175857543945313 -0.058807373046875 0.100624084472656
-0.04229736328125 0.0318107604980469 -0.0196342468261719 0.0662918090820313
-0.00261688232421875 0.0493354797363281 -0.0103530883789063 0.0489006042480469
0.0282478332519531 0.0300464630126953 -0.0112953186035156 0.0360984802246094
0.0451736450195312 -0.00302505493164063 -0.0142822265625 0.0427360534667969
0.0354461669921875 -0.0240745544433594 -0.0129547119140625 0.0558929443359375
0.0317955017089844 -0.0267620086669922 -0.014556884765625 0.0642890930175781
0.0370254516601563 -0.0343742370605469 -0.0285491943359375 0.07476806640625
0.0462722778320312 -0.0265045166015625 -0.0543899536132813 0.0588111877441406
0.0554771423339844 0.00323486328125 -0.06756591796875 0.0329055786132812
0.0429840087890625 0.0346565246582031 -0.0540046691894531 -0.00613021850585936
-0.0113487243652344 0.0622787475585938 -0.0210456848144531 -0.0206127166748047
-0.0531082153320313 0.0450210571289063 -0.0131359100341797 0.0330352783203125
-0.0658950805664063 0.000205993652343752 -0.0999832153320313 0.0614242553710938
0.0268669128417969 0.0410881042480469 0.108230590820313 -0.0672073364257813
0.0431251525878906 -0.00563812255859375 0.0301399230957031 -0.0288562774658203
0.0106658935546875 -0.0293769836425781 0.0235805511474609 0.0246124267578125
-0.0156135559082031 -0.0229835510253906 0.0705108642578125 0.0165863037109375
-0.0238780975341797 -0.00532150268554688 0.0811386108398438 -0.0328521728515625
-0.0222072601318359 0.0108242034912109 0.0599899291992188 -0.0801544189453125
-0.0177993774414063 0.00647735595703125 0.0288925170898438 -0.0947036743164062
-0.0198173522949219 0.000778198242187499 0.0132598876953125 -0.0801544189453125
-0.0228347778320313 -0.00226020812988282 0.0128517150878906 -0.0670700073242188
-0.0157070159912109 -0.0181369781494141 0.0171775817871094 -0.0548095703125
0.00329971313476562 -0.0283946990966797 0.0152969360351563 -0.0430068969726563
0.0290031433105469 -0.0189571380615234 0.0176658630371094 -0.047119140625
0.0448532104492188 0.0150299072265625 0.0271186828613281 -0.0689430236816406
0.0360298156738281 0.0487289428710938 0.0523757934570312 -0.102020263671875
0.0100364685058594 0.0644073486328125 0.076751708984375 -0.102767944335938
-0.0117721557617188 0.0795822143554688 0.114814758300781 -0.0440597534179688
0.0286445617675781 0.0425300598144531 0.0361900329589844 -0.0138893127441406
0.0222949981689453 0.0154056549072266 0.0279293060302734 0.0335426330566406
0.0181121826171875 -8.20159912109375E-05 0.0777359008789063 0.0232086181640625
0.0117082595825195 -0.00638675689697266 0.0874710083007813 -0.0268020629882813
0.00636482238769531 -0.0132150650024414 0.0662460327148437 -0.0782012939453125
-0.000188827514648435 -0.0249748229980469 0.0322952270507812 -0.0938873291015625
-0.000749588012695314 -0.02783203125 0.0143585205078125 -0.0777130126953125
9.53674316406412E-06 -0.0341663360595703 0.0135650634765625 -0.0626564025878906
0.0163917541503906 -0.0383110046386719 0.0161705017089844 -0.0520172119140625
0.0408782958984375 -0.0260734558105469 0.0103378295898438 -0.0371055603027344
0.0574684143066406 0.00481796264648437 0.0121879577636719 -0.0394668579101562
0.0443153381347656 0.0579261779785156 0.0158119201660156 -0.060028076171875
0.014923095703125 0.0934677124023438 0.0411758422851562 -0.0852890014648438
-0.0253143310546875 0.0992050170898438 0.067138671875 -0.0803756713867188
-0.0528564453125 0.106330871582031 0.105110168457031 -0.0101318359375
0.00461578369140626 0.0876541137695313 0.0340900421142578 0.0107154846191406
0.0275802612304687 0.0643043518066406 0.0282745361328125 0.0468673706054688
0.0507392883300781 0.0290145874023438 0.0786972045898438 0.034271240234375
0.0490913391113281 -0.003509521484375 0.0869827270507813 -0.015045166015625
0.0381431579589844 -0.0342636108398438 0.0673828125 -0.0651016235351563
0.01861572265625 -0.0524749755859375 0.033416748046875 -0.0811538696289063
0.0175056457519531 -0.0529022216796875 0.0129852294921875 -0.0632667541503906
0.0201225280761719 -0.0620155334472656 0.0106391906738281 -0.0470314025878906
0.0421829223632812 -0.0568389892578125 0.00901031494140625 -0.040374755859375
0.0715179443359375 -0.0264892578125 2.86102294921926E-05 -0.0263957977294922
0.0821151733398438 0.018524169921875 0.00156784057617188 -0.0309829711914063
0.04779052734375 0.0889511108398438 0.00402832031250001 -0.0500907897949219
0.00149536132812501 0.125450134277344 0.0300331115722656 -0.0633163452148437
-0.0526199340820313 0.120811462402344 0.0472145080566406 -0.0504570007324219
-0.0877914428710938 0.116867065429688 0.0797958374023437 0.0306243896484375
-0.0251007080078125 0.11859130859375 0.022430419921875 0.042999267578125
0.0232696533203125 0.106941223144531 0.0227241516113281 0.0620689392089844
0.0739974975585937 0.06011962890625 0.0699691772460938 0.0474929809570313
0.079803466796875 0.004974365234375 0.0765151977539062 0.0019989013671875
0.0655250549316406 -0.0475578308105469 0.06060791015625 -0.043243408203125
0.0359268188476562 -0.0719680786132813 0.0305900573730469 -0.0565681457519531
0.0331039428710937 -0.0700912475585938 0.0105400085449219 -0.0397720336914063
0.0363616943359375 -0.0810623168945312 0.00600624084472657 -0.02276611328125
0.05999755859375 -0.0697021484375 -0.00149154663085937 -0.0209445953369141
0.09124755859375 -0.0282363891601562 -0.013340950012207 -0.0115928649902344
0.0974197387695313 0.02593994140625 -0.00936698913574218 -0.0211296081542969
0.0494155883789063 0.105308532714844 -0.00391769409179687 -0.0390701293945312
-0.00790405273437499 0.140121459960938 0.0224609375 -0.0370292663574219
-0.07080078125 0.126068115234375 0.0210552215576172 -0.0159130096435547
-0.108917236328125 0.103851318359375 0.041534423828125 0.070526123046875
-0.05450439453125 0.124687194824219 0.0013275146484375 0.075103759765625
0.00634002685546874 0.129623413085938 0.0105667114257812 0.0751113891601563
0.0782470703125 0.0846405029296875 0.0507087707519531 0.0584373474121094
0.0956802368164063 0.0173263549804688 0.0567741394042969 0.0197944641113281
0.0847015380859375 -0.0500411987304688 0.0461540222167969 -0.0154914855957031
0.0484771728515625 -0.0797958374023438 0.0232124328613281 -0.0246639251708984
0.04315185546875 -0.07586669921875 0.00638294219970703 -0.0101079940795898
0.046966552734375 -0.0881805419921875 -0.000369548797607419 0.00648784637451171
0.0690841674804688 -0.0741729736328125 -0.0136480331420898 0.00355434417724609
0.09967041015625 -0.0254745483398438 -0.0270671844482422 0.0052032470703125
0.1002197265625 0.031463623046875 -0.0213909149169922 -0.0126266479492188
0.042236328125 0.111000061035156 -0.00800514221191406 -0.0301189422607422
-0.0206298828125 0.137619018554688 0.0182704925537109 -0.0104522705078125
-0.0827484130859375 0.1142578125 -0.00826644897460938 0.0192184448242188
-0.109642028808594 0.0718154907226563 -0.001708984375 0.101921081542969
-0.073455810546875 0.101646423339844 -0.0241317749023438 0.0998153686523438
-0.016845703125 0.122474670410156 -0.003875732421875 0.0806732177734375
0.062042236328125 0.093597412109375 0.0268936157226563 0.0629806518554688
0.0905303955078125 0.02886962890625 0.0309028625488281 0.0333786010742188
0.0876388549804688 -0.0418472290039063 0.0255947113037109 0.0115776062011719
0.0533447265625 -0.0732345581054688 0.011967658996582 0.00915145874023437
0.0467910766601563 -0.0708160400390625 0.000686645507812502 0.02081298828125
0.0508270263671875 -0.0829620361328125 -0.00841522216796874 0.0354156494140625
0.0704803466796875 -0.0676651000976563 -0.0268363952636719 0.0276527404785156
0.0968017578125 -0.018310546875 -0.0414505004882812 0.0204505920410156
0.090911865234375 0.0366897583007813 -0.0326995849609375 -0.00580596923828125
0.0270004272460937 0.106689453125 -0.0118885040283203 -0.0237884521484375
-0.03594970703125 0.120529174804688 0.0127105712890625 0.0114269256591797
-0.0883407592773438 0.0868911743164063 -0.0398178100585938 0.0476531982421875
-0.0890274047851563 0.0262298583984375 -0.0405044555664063 0.117599487304688
-0.07354736328125 0.058074951171875 -0.0456008911132813 0.111572265625
-0.0339202880859375 0.0874481201171875 -0.0153274536132812 0.0788650512695313
0.0336151123046875 0.0805740356445313 0.00504684448242187 0.0604438781738281
0.0662193298339844 0.0333099365234375 0.00661087036132813 0.0389442443847656
0.07330322265625 -0.0262603759765625 0.00448989868164063 0.0327205657958984
0.04864501953125 -0.054931640625 0.000629425048828132 0.0388298034667969
0.0422935485839844 -0.0544090270996094 -0.00538253784179687 0.0483360290527344
0.0474624633789063 -0.0653953552246094 -0.0166206359863281 0.0612144470214844
0.0624542236328125 -0.0527076721191406 -0.0405311584472656 0.0493888854980469
0.0825729370117188 -0.009521484375 -0.0563697814941406 0.0317039489746094
0.07244873046875 0.0376815795898438 -0.0451698303222656 -0.0027313232421875
0.00844573974609374 0.0920486450195313 -0.01641845703125 -0.0209159851074219
-0.0479660034179688 0.0904312133789063 0.00243377685546875 0.0276699066162109
-0.08428955078125 0.0483322143554687 -0.0726089477539062 0.0660552978515625
-0.0541305541992188 -0.0233039855957031 -0.0641250610351562 0.119033813476563
-0.0582427978515625 0.00604629516601563 -0.0559921264648438 0.110244750976563
-0.042083740234375 0.0368766784667969 -0.0187454223632812 0.0710983276367188
0.00217819213867188 0.051788330078125 -0.00907135009765626 0.0536994934082031
0.0321636199951172 0.02978515625 -0.00930404663085937 0.0396690368652344
0.0470733642578125 -0.0070953369140625 -0.0103034973144531 0.0466079711914063
0.0357093811035156 -0.0284347534179688 -0.00852584838867187 0.0586967468261719
0.0313796997070313 -0.0304698944091797 -0.0101699829101563 0.0678749084472656
0.0361213684082031 -0.0393142700195313 -0.024444580078125 0.0796737670898438
0.0458717346191406 -0.0318107604980469 -0.0531196594238281 0.0654640197753906
0.0587348937988281 -0.0004119873046875 -0.0688323974609375 0.03912353515625
0.0477485656738281 0.0330734252929688 -0.0566787719726563 -0.00238800048828124
-0.00751113891601563 0.0671157836914063 -0.0230083465576172 -0.0209178924560547
-0.05181884765625 0.0507087707519531 -0.011077880859375 0.0343761444091797
-0.0687103271484375 0.00447845458984374 -0.100898742675781 0.0708465576171875
0.0312118530273437 0.0394515991210938 0.105979919433594 -0.0788040161132813
0.0438117980957031 -0.009613037109375 0.0284442901611328 -0.0332412719726563
0.00875663757324219 -0.0303421020507813 0.0257568359375 0.0237636566162109
-0.0178260803222656 -0.0219345092773438 0.073760986328125 0.0117874145507813
-0.0246944427490234 -0.00356674194335937 0.0806427001953125 -0.0402297973632813
-0.0216007232666016 0.0124092102050781 0.0543441772460938 -0.0855560302734375
-0.0176239013671875 0.00841712951660156 0.0210800170898438 -0.0991287231445313
-0.0202045440673828 0.00372695922851562 0.0061187744140625 -0.0827102661132812
-0.0238971710205078 2.47955322265615E-05 0.00735855102539062 -0.0700149536132813
-0.0171051025390625 -0.0167903900146484 0.0116233825683594 -0.0577774047851563
0.000947952270507811 -0.0292129516601563 0.0120010375976562 -0.0469474792480469
0.0279865264892578 -0.0220146179199219 0.0154228210449219 -0.0517959594726563
0.0469818115234375 0.011810302734375 0.0236587524414063 -0.0724105834960937
0.0404205322265625 0.0468254089355469 0.0465164184570313 -0.10833740234375
0.01580810546875 0.0650901794433594 0.0705108642578125 -0.113746643066406
-0.005523681640625 0.0831375122070313 0.114723205566406 -0.0556106567382812
0.0338630676269531 0.0410194396972656 0.035491943359375 -0.0180625915527344
0.0250282287597656 0.0141067504882812 0.0305423736572266 0.0325717926025391
0.0190544128417969 -0.00176048278808594 0.0815353393554688 0.0188751220703125
0.0112199783325195 -0.00783348083496094 0.0877838134765625 -0.0338897705078125
0.00582790374755859 -0.0141143798828125 0.0618362426757813 -0.0852203369140625
-0.00220680236816406 -0.0254344940185547 0.024658203125 -0.0992355346679688
-0.00352096557617187 -0.0282440185546875 0.00692749023437501 -0.0798873901367187
-0.00370597839355469 -0.0343551635742188 0.00855636596679688 -0.0656585693359375
0.013214111328125 -0.0399208068847656 0.0108184814453125 -0.0551109313964844
0.039459228515625 -0.0297813415527344 0.00685501098632812 -0.0399818420410156
0.0602073669433594 -0.000423431396484375 0.0109519958496094 -0.0435714721679688
0.0506324768066406 0.0550308227539062 0.0131797790527344 -0.0620994567871094
0.023590087890625 0.0949020385742188 0.0363845825195312 -0.0910568237304688
-0.0186004638671875 0.103462219238281 0.0627517700195313 -0.0904541015625
-0.0462188720703125 0.114448547363281 0.107940673828125 -0.0195846557617187
0.0121383666992187 0.0890960693359375 0.0355224609375 0.00803756713867188
0.0341644287109375 0.0633926391601563 0.03131103515625 0.04638671875
0.0556144714355469 0.025360107421875 0.0823822021484375 0.0300216674804687
0.0500030517578125 -0.00806808471679688 0.0879592895507813 -0.02142333984375
0.0354385375976562 -0.038787841796875 0.0636138916015625 -0.0722427368164063
0.0148048400878906 -0.0554580688476563 0.027008056640625 -0.0853118896484375
0.0131340026855469 -0.0554962158203125 0.00734329223632812 -0.0657768249511719
0.015106201171875 -0.0652351379394531 0.00588226318359375 -0.0490608215332031
0.0372314453125 -0.0616569519042969 0.00452041625976563 -0.0424880981445313
0.0710067749023438 -0.0336532592773438 -0.00345039367675781 -0.0278129577636719
0.0865631103515625 0.011749267578125 0.000417709350585946 -0.0337905883789063
0.0576400756835937 0.0866241455078125 0.00209426879882813 -0.0516471862792969
0.013519287109375 0.128433227539062 0.0255317687988281 -0.0670089721679687
-0.0440216064453125 0.128311157226563 0.0441665649414063 -0.0574226379394531
-0.0796966552734375 0.127365112304688 0.0844039916992187 0.0246200561523438
-0.0150909423828125 0.123405456542969 0.0254402160644531 0.0419960021972656
0.0333251953125 0.10772705078125 0.0268440246582031 0.0628395080566406
0.0813674926757813 0.054595947265625 0.0745925903320313 0.0447616577148438
0.0823440551757812 -0.00208282470703125 0.0790252685546875 -0.0032806396484375
0.0630416870117188 -0.0548477172851563 0.0593719482421875 -0.0485763549804687
0.0310287475585938 -0.0772171020507813 0.0265998840332031 -0.0608673095703125
0.0272369384765625 -0.0742721557617188 0.00689697265625001 -0.0420722961425781
0.0292205810546875 -0.0861892700195313 0.00319480895996094 -0.02398681640625
0.05389404296875 -0.0775909423828125 -0.00472640991210937 -0.0216636657714844
0.0906906127929688 -0.037689208984375 -0.0154085159301758 -0.0109481811523438
0.102455139160156 0.0176467895507813 -0.0103511810302734 -0.0223484039306641
0.0611495971679688 0.103340148925781 -0.00521850585937499 -0.04058837890625
0.00511169433593749 0.144134521484375 0.0207481384277344 -0.0404777526855469
-0.0620956420898437 0.135688781738281 0.0199031829833984 -0.0197525024414062
-0.102462768554688 0.116142272949219 0.0491218566894531 0.0688858032226563
-0.0448455810546875 0.131492614746094 0.0069122314453125 0.0769195556640625
0.0188827514648437 0.131706237792969 0.0149154663085938 0.0767898559570313
0.0882949829101563 0.0796051025390625 0.0558891296386719 0.0579185485839844
0.100608825683594 0.008758544921875 0.0594062805175781 0.0168190002441406
0.0823516845703125 -0.0602798461914063 0.0466346740722656 -0.0192527770996094
0.042877197265625 -0.0863418579101563 0.021728515625 -0.0276947021484375
0.0367050170898437 -0.0818099975585938 0.00464439392089844 -0.0111122131347656
0.03924560546875 -0.0948944091796875 -0.000292778015136717 0.00624704360961913
0.063385009765625 -0.0825653076171875 -0.0147895812988281 0.00419044494628906
0.0998611450195313 -0.0360870361328125 -0.0280971527099609 0.00749588012695312
0.105857849121094 0.022918701171875 -0.0219383239746094 -0.0123252868652344
0.0541610717773438 0.109664916992188 -0.00994491577148437 -0.0304603576660156
-0.008148193359375 0.142822265625 0.0182456970214844 -0.0133209228515625
-0.0753173828125 0.123825073242187 -0.00730323791503907 0.01800537109375
-0.105766296386719 0.0834808349609375 0.0072174072265625 0.104965209960938
-0.06585693359375 0.110740661621094 -0.0173263549804688 0.103492736816406
-0.00600433349609376 0.126739501953125 0.000717163085937507 0.0839004516601563
0.0720291137695313 0.0900344848632813 0.0314521789550781 0.0640335083007813
0.0955352783203125 0.021453857421875 0.034637451171875 0.0325164794921875
0.0860671997070312 -0.0512847900390625 0.02862548828125 0.0100231170654297
0.0481796264648437 -0.0802841186523437 0.0138225555419922 0.00835037231445312
0.0408782958984375 -0.0763092041015625 0.00261688232421875 0.0203418731689453
0.0443801879882813 -0.0902099609375 -0.00612258911132812 0.0367546081542969
0.06536865234375 -0.0764617919921875 -0.0259151458740234 0.0305519104003906
0.097503662109375 -0.0287857055664062 -0.0413017272949219 0.0236854553222656
0.0969696044921875 0.0283050537109375 -0.0336208343505859 -0.0045166015625
0.0374984741210938 0.10675048828125 -0.0135173797607422 -0.0246315002441406
-0.0244903564453125 0.125801086425781 0.0138483047485352 0.00936126708984376
-0.0828018188476562 0.0970535278320313 -0.0375595092773438 0.0509223937988281
-0.088653564453125 0.0355682373046875 -0.0314865112304688 0.125450134277344
-0.0695037841796875 0.0655479431152344 -0.0382766723632813 0.117805480957031
-0.0274810791015625 0.0923614501953125 -0.0111083984375 0.0823211669921875
0.0419082641601563 0.0801849365234375 0.0088348388671875 0.06317138671875
0.0714340209960938 0.0278701782226562 0.0100784301757813 0.04095458984375
0.0724029541015625 -0.0344924926757813 0.00857925415039063 0.0340557098388672
0.0452613830566406 -0.0606307983398438 0.00429534912109375 0.0399093627929687
0.0375137329101562 -0.0603294372558594 -0.00162506103515624 0.0486946105957031
0.0416183471679688 -0.0720062255859375 -0.0114593505859375 0.0634651184082031
0.0584678649902344 -0.0600929260253906 -0.0376968383789063 0.0537452697753906
0.0838241577148438 -0.01702880859375 -0.0547599792480469 0.0363960266113281
0.0779495239257813 0.0326461791992188 -0.0457611083984375 4.57763671875084E-05
0.0180282592773438 0.0935821533203125 -0.0174884796142578 -0.0208282470703125
-0.0402297973632813 0.097076416015625 0.00521087646484375 0.0272979736328125
-0.0825119018554688 0.0567169189453125 -0.0689849853515625 0.072967529296875
-0.05731201171875 -0.0189590454101562 -0.055694580078125 0.129234313964844
-0.0593414306640625 0.0117225646972656 -0.0489730834960938 0.118293762207031
-0.039276123046875 0.0419120788574219 -0.0159683227539063 0.074920654296875
0.0073699951171875 0.05255126953125 -0.00643539428710938 0.0564727783203125
0.0351524353027344 0.0266799926757813 -0.00623703002929688 0.042877197265625
0.0475349426269531 -0.0122489929199219 -0.0055999755859375 0.0488929748535156
0.0330581665039063 -0.0330181121826172 -0.00338363647460937 0.0604972839355469
0.0289726257324219 -0.0342140197753906 -0.004486083984375 0.06964111328125
0.0330276489257813 -0.0436859130859375 -0.0183181762695312 0.083404541015625
0.0434799194335938 -0.0369338989257813 -0.0490493774414063 0.070709228515625
0.0602760314941406 -0.0056915283203125 -0.0670433044433594 0.0456390380859375
0.0517730712890625 0.0297279357910156 -0.0577125549316406 0.00166320800781251
-0.00111007690429687 0.0693321228027344 -0.0248260498046875 -0.0204925537109375
-0.0475959777832031 0.0557479858398437 -0.00872421264648438 0.0347614288330078
-0.0698356628417969 0.00938796997070312 -0.0973281860351563 0.0803985595703125
0.0332908630371094 0.0371551513671875 0.0997390747070312 -0.0862045288085937
0.0433120727539063 -0.0124053955078125 0.0257492065429688 -0.0355873107910156
0.00700759887695312 -0.0306224822998047 0.0277042388916016 0.0234012603759766
-0.0187568664550781 -0.0199604034423828 0.0755462646484375 0.00820159912109375
-0.0254707336425781 -0.000650405883789057 0.0789031982421875 -0.0436172485351562
-0.0204067230224609 0.0137443542480469 0.0486831665039063 -0.0891952514648438
-0.0166683197021484 0.00887870788574218 0.0136642456054688 -0.0998001098632813
-0.0202064514160156 0.004425048828125 -8.39233398437531E-05 -0.0822372436523438
-0.0225753784179688 0.00210762023925781 0.00156021118164063 -0.069671630859375
-0.0182647705078125 -0.0145072937011719 0.00707626342773438 -0.0587158203125
-0.00109100341796875 -0.0290679931640625 0.00815963745117188 -0.0495719909667969
0.0254478454589844 -0.0241317749023438 0.0126724243164063 -0.0537261962890625
0.0475540161132813 0.00840377807617188 0.0199203491210938 -0.0731887817382813
0.043792724609375 0.0436782836914062 0.0394210815429688 -0.11102294921875
0.0198745727539062 0.0653572082519531 0.062255859375 -0.120124816894531
-0.00122833251953126 0.0829086303710938 0.110649108886719 -0.0631942749023437
0.0370368957519531 0.0385627746582031 0.0337352752685547 -0.0210723876953125
0.025970458984375 0.0124359130859375 0.0313644409179688 0.031768798828125
0.0203628540039063 -0.00213813781738281 0.08203125 0.013916015625
0.0118064880371094 -0.0086517333984375 0.0850677490234375 -0.0399169921875
0.00549221038818359 -0.0163745880126953 0.0544357299804688 -0.0891876220703125
-0.00450897216796875 -0.02667236328125 0.0175704956054687 -0.0999679565429688
-0.00486946105957031 -0.0266914367675781 0.00156402587890625 -0.0791473388671875
-0.00576210021972657 -0.0336227416992187 0.00233840942382812 -0.0646286010742188
0.00840377807617187 -0.04132080078125 0.00449371337890625 -0.0561294555664063
0.0371856689453125 -0.032440185546875 0.00291442871093751 -0.0414314270019531
0.0602874755859375 -0.0055389404296875 0.0082855224609375 -0.0470619201660156
0.05560302734375 0.0515365600585938 0.00975799560546875 -0.0636405944824219
0.029815673828125 0.093414306640625 0.0300216674804687 -0.093017578125
-0.0110397338867187 0.105873107910156 0.0557174682617187 -0.0965423583984375
-0.0373992919921875 0.117546081542969 0.106475830078125 -0.0276031494140625
0.0197830200195313 0.0878372192382813 0.0352706909179688 0.00434875488281251
0.0403556823730469 0.0611572265625 0.0326690673828125 0.0458183288574219
0.0577468872070313 0.0205841064453125 0.08355712890625 0.0260391235351562
0.0491218566894531 -0.0123634338378906 0.087158203125 -0.0268325805664063
0.0321464538574219 -0.0417861938476563 0.0590896606445312 -0.0763778686523438
0.00992202758789063 -0.0573310852050781 0.0199127197265625 -0.0878448486328125
0.00754165649414063 -0.0553779602050781 0.00181198120117188 -0.0658111572265625
0.00999069213867188 -0.0661468505859375 0.00188827514648438 -0.0499343872070313
0.0317459106445313 -0.0644683837890625 0.000350952148437504 -0.0434150695800781
0.0687179565429688 -0.0389137268066406 -0.00530052185058594 -0.0280742645263672
0.0869674682617188 0.0054779052734375 -0.000938415527343741 -0.0358619689941406
0.06390380859375 0.0811309814453125 -0.000213623046875 -0.0518264770507813
0.0229415893554687 0.126960754394531 0.0235328674316406 -0.0685539245605469
-0.034210205078125 0.131683349609375 0.038818359375 -0.0637969970703125
-0.0700912475585937 0.133918762207031 0.0869293212890625 0.017578125
-0.00454711914062501 0.123130798339844 0.0278511047363281 0.0395851135253906
0.0427093505859375 0.104080200195313 0.0285606384277344 0.0618019104003906
0.0865478515625 0.0475387573242188 0.0762481689453125 0.0409317016601563
0.0819320678710938 -0.00876617431640625 0.078521728515625 -0.00725555419921875
0.0582313537597656 -0.0606193542480469 0.0557441711425781 -0.0528182983398438
0.0239944458007812 -0.0789413452148437 0.0224075317382812 -0.0624885559082031
0.022430419921875 -0.0762252807617188 0.0034027099609375 -0.0425567626953125
0.0223846435546875 -0.0876541137695313 0.00149345397949219 -0.0254974365234375
0.046295166015625 -0.0812606811523438 -0.00841331481933594 -0.0219020843505859
0.0876007080078125 -0.044952392578125 -0.0161275863647461 -0.0108709335327148
0.1044921875 0.00919342041015625 -0.0122737884521484 -0.0232810974121094
0.0691452026367187 0.0985870361328125 -0.0068206787109375 -0.0402793884277344
0.0164337158203125 0.142730712890625 0.0186271667480469 -0.0424461364746094
-0.0522842407226563 0.14044189453125 0.0182209014892578 -0.0234165191650391
-0.0934600830078125 0.124282836914063 0.0556564331054687 0.0647201538085938
-0.0349044799804687 0.135879516601563 0.0117340087890625 0.0762863159179688
0.0281143188476562 0.131401062011719 0.0181045532226562 0.076385498046875
0.09521484375 0.0734405517578125 0.058685302734375 0.0563545227050781
0.0997390747070313 0.00124359130859375 0.0616111755371094 0.0150642395019531
0.0755233764648438 -0.0678482055664063 0.0462837219238281 -0.0229454040527344
0.0344924926757812 -0.0895156860351563 0.0207138061523438 -0.0285243988037109
0.0296096801757812 -0.0839309692382813 0.00345802307128906 -0.0128593444824219
0.0312728881835938 -0.0975265502929688 0.000615119934082034 0.00507164001464843
0.055511474609375 -0.0869979858398438 -0.0155706405639648 0.00553226470947265
0.09661865234375 -0.045074462890625 -0.0280246734619141 0.00765037536621094
0.108238220214844 0.0140914916992188 -0.0229835510253906 -0.0114593505859375
0.0642166137695313 0.105613708496094 -0.0114421844482422 -0.0314102172851562
0.0047607421875 0.14349365234375 0.0185928344726563 -0.0150642395019531
-0.066375732421875 0.129241943359375 -0.00763320922851563 0.0175914764404297
-0.0984878540039063 0.0913619995117188 0.0154571533203125 0.104545593261719
-0.0566329956054687 0.114822387695313 -0.010833740234375 0.105690002441406
0.00337982177734376 0.127571105957031 0.00463104248046876 0.083953857421875
0.0795059204101563 0.0828018188476563 0.0343437194824219 0.0635337829589844
0.0967025756835938 0.0138931274414063 0.0376319885253906 0.0309181213378906
0.0809173583984375 -0.0593948364257812 0.0303363800048828 0.00780105590820312
0.0415878295898437 -0.0840911865234375 0.0139007568359375 0.00669574737548828
0.0332565307617188 -0.0794448852539063 0.00325965881347656 0.0196571350097656
0.0362930297851563 -0.0938339233398438 -0.00258636474609375 0.0364875793457031
0.0579605102539063 -0.0816116333007813 -0.0247879028320312 0.031036376953125
0.094696044921875 -0.0368804931640625 -0.0395469665527344 0.0262947082519531
0.0994491577148438 0.0208053588867188 -0.0329551696777344 -0.00329971313476562
0.0473709106445313 0.103080749511719 -0.0147819519042969 -0.0248394012451172
-0.0140762329101562 0.126609802246094 0.0152349472045898 0.00833225250244141
-0.07598876953125 0.103302001953125 -0.0341339111328125 0.0519638061523438
-0.0855331420898438 0.0423202514648438 -0.021392822265625 0.127899169921875
-0.063232421875 0.0712203979492188 -0.0292816162109375 0.120208740234375
-0.019195556640625 0.0948410034179688 -0.00655364990234375 0.083465576171875
0.0486831665039063 0.0758514404296875 0.0108299255371094 0.0635032653808594
0.0732955932617188 0.0230941772460938 0.0140037536621094 0.0414924621582031
0.0701713562011719 -0.0410575866699219 0.0123138427734375 0.0333080291748047
0.0385971069335937 -0.0647201538085938 0.00725555419921875 0.0395965576171875
0.0339851379394531 -0.0620193481445312 0.00295639038085938 0.0478935241699219
0.0346298217773437 -0.0752944946289063 -0.00620269775390625 0.062774658203125
0.0546989440917969 -0.0648994445800781 -0.0332107543945313 0.0562705993652344
0.0826797485351563 -0.0248794555664063 -0.0527305603027344 0.0408744812011719
0.0809326171875 0.02618408203125 -0.0449066162109375 0.00198364257812499
0.0260391235351563 0.0931167602539063 -0.0188617706298828 -0.0203742980957031
-0.0327606201171875 0.0988922119140625 0.00812721252441406 0.0253200531005859
-0.0783233642578125 0.0621871948242188 -0.0641021728515625 0.0774078369140625
-0.0566215515136719 -0.0154457092285156 -0.046844482421875 0.134231567382813
-0.0575599670410156 0.01617431640625 -0.0410308837890625 0.121658325195313
-0.0363044738769531 0.0450096130371094 -0.0114898681640625 0.0755081176757813
0.0118942260742188 0.051849365234375 -0.00325775146484374 0.0589408874511719
0.0378150939941406 0.0243949890136719 -0.00222015380859375 0.0450973510742188
0.0454254150390625 -0.016021728515625 0.000423431396484381 0.048126220703125
0.0303878784179688 -0.0339984893798828 0.00145721435546875 0.060943603515625
0.0257530212402344 -0.035980224609375 -4.57763671874941E-05 0.0686264038085938
0.0297431945800781 -0.0473060607910156 -0.0122756958007812 0.082763671875
0.0405044555664063 -0.0415573120117188 -0.0432281494140625 0.073150634765625
0.0593490600585938 -0.0111274719238281 -0.0631446838378906 0.0493698120117188
0.0536766052246094 0.0259590148925781 -0.0573081970214844 0.00513458251953125
0.003997802734375 0.0703582763671875 -0.0260181427001953 -0.0185680389404297
-0.0437393188476562 0.0590629577636719 -0.00595855712890625 0.0337390899658203
-0.0694160461425781 0.0156135559082031 -0.09185791015625 0.0866470336914063
0.0342445373535156 0.0353126525878906 0.0950393676757812 -0.0910110473632812
0.0422172546386719 -0.0149879455566406 0.0219345092773438 -0.0372695922851562
0.00524520874023437 -0.0307521820068359 0.0263538360595703 0.0223598480224609
-0.0203723907470703 -0.0187568664550781 0.0742340087890625 0.00481414794921875
-0.0245723724365234 5.34057617187453E-05 0.0755615234375 -0.0468368530273438
-0.0198421478271484 0.0142631530761719 0.04278564453125 -0.0898208618164063
-0.0161123275756836 0.0100498199462891 0.00819396972656249 -0.0987472534179688
-0.0190544128417969 0.00664138793945313 -0.00435638427734375 -0.0805206298828125
-0.0234031677246094 0.00376510620117187 -0.00334930419921876 -0.0690231323242188
-0.0189189910888672 -0.0132427215576172 0.00322341918945312 -0.05804443359375
-0.00314140319824219 -0.0273838043212891 0.00504302978515625 -0.0499229431152344
0.0244960784912109 -0.0248775482177734 0.0100898742675781 -0.0557975769042969
0.0472297668457031 0.00525283813476563 0.0182571411132813 -0.0733871459960938
0.0453605651855469 0.0413475036621094 0.035308837890625 -0.112007141113281
0.0234260559082031 0.063262939453125 0.056976318359375 -0.123641967773438
0.0036163330078125 0.0827484130859375 0.107452392578125 -0.0689010620117187
0.03857421875 0.0360183715820313 0.031768798828125 -0.0228424072265625
0.0272426605224609 0.0115547180175781 0.0321865081787109 0.0315628051757813
0.0188465118408203 -0.00413322448730469 0.08282470703125 0.0116500854492188
0.0112524032592773 -0.00954532623291016 0.0829315185546875 -0.0424728393554688
0.00280952453613281 -0.0164384841918945 0.0506591796875 -0.0890655517578125
-0.00537681579589844 -0.025299072265625 0.0123443603515625 -0.0990829467773438
-0.00689506530761718 -0.0271873474121094 -0.00311279296875 -0.0784912109375
-0.00835990905761719 -0.0328006744384766 -0.00243759155273438 -0.0649871826171875
0.00634765625 -0.0408668518066406 0.00158309936523438 -0.0553131103515625
0.0345363616943359 -0.0338783264160156 0.000797271728515629 -0.0427055358886719
0.0588264465332031 -0.00788116455078125 0.00610351562500001 -0.047088623046875
0.0570335388183594 0.0477294921875 0.0089569091796875 -0.0629501342773438
0.0349502563476563 0.0906829833984375 0.027069091796875 -0.0936508178710938
-0.0061492919921875 0.105415344238281 0.0503005981445313 -0.100349426269531
-0.030242919921875 0.118858337402344 0.104408264160156 -0.0330429077148437
0.0237274169921875 0.085601806640625 0.0342941284179688 0.00315856933593751
0.0431098937988281 0.0583572387695313 0.0341339111328125 0.0450477600097656
0.05853271484375 0.0168533325195313 0.0847930908203125 0.0231170654296875
0.0484237670898438 -0.0150375366210937 0.084991455078125 -0.0288925170898438
0.0290641784667969 -0.0442886352539063 0.0546340942382813 -0.0771484375
0.0070037841796875 -0.0572395324707031 0.0162887573242188 -0.0863571166992188
0.00518798828125 -0.055694580078125 -0.00265884399414063 -0.0648689270019531
0.00496292114257812 -0.0656013488769531 -0.00133895874023437 -0.0494308471679688
0.0272750854492187 -0.065093994140625 -0.00405502319335937 -0.0423774719238281
0.0647735595703125 -0.0430984497070313 -0.00759506225585937 -0.0288105010986328
0.0866775512695313 0.00045013427734375 -0.00175094604492187 -0.0373115539550781
0.0674209594726563 0.0772552490234375 -0.00110626220703125 -0.0518341064453125
0.0296173095703125 0.124732971191406 0.0197296142578125 -0.0694618225097656
-0.0284423828125 0.132400512695313 0.0354232788085937 -0.0653457641601562
-0.0624771118164062 0.135421752929688 0.0872879028320312 0.0136489868164063
0.000900268554687495 0.121673583984375 0.0288505554199219 0.037200927734375
0.0473403930664063 0.10186767578125 0.03033447265625 0.0609970092773438
0.0879058837890625 0.0423507690429688 0.0770492553710938 0.0385284423828125
0.0815582275390625 -0.0135345458984375 0.07757568359375 -0.009490966796875
0.0539779663085938 -0.0638427734375 0.0538749694824219 -0.0543975830078125
0.0192642211914063 -0.0796966552734375 0.0185890197753906 -0.0620880126953125
0.0158004760742187 -0.076416015625 -0.000148773193359374 -0.0418853759765625
0.015960693359375 -0.0887298583984375 -0.000581741333007813 -0.0248260498046875
0.0411911010742187 -0.082916259765625 -0.0107269287109375 -0.0211391448974609
0.0841522216796875 -0.0497665405273437 -0.0173435211181641 -0.0104789733886719
0.103713989257813 0.00284576416015625 -0.0120277404785156 -0.025299072265625
0.0738677978515625 0.0932769775390625 -0.00810623168945312 -0.0408515930175781
0.0239944458007812 0.140357971191406 0.0170249938964844 -0.0435409545898437
-0.044952392578125 0.14166259765625 0.0161914825439453 -0.0255317687988281
-0.0857009887695313 0.127883911132813 0.0575828552246094 0.0621566772460938
-0.0264968872070313 0.134567260742188 0.0137100219726563 0.0735321044921875
0.0344085693359375 0.127685546875 0.0201416015625 0.076019287109375
0.0975189208984375 0.0656814575195313 0.0600967407226563 0.0536575317382813
0.09967041015625 -0.00421905517578125 0.0613327026367188 0.012237548828125
0.071502685546875 -0.07049560546875 0.0451011657714844 -0.0241432189941406
0.0302581787109375 -0.0905838012695313 0.0181655883789063 -0.0290374755859375
0.0251693725585938 -0.0851364135742188 0.00257205963134766 -0.0120792388916016
0.02484130859375 -0.0984725952148437 -0.00046873092651367 0.00504112243652343
0.04833984375 -0.0894012451171875 -0.0161523818969727 0.00532245635986328
0.0934524536132812 -0.0501708984375 -0.0277290344238281 0.00867080688476562
0.10791015625 0.00704193115234375 -0.0221748352050781 -0.0129413604736328
0.0686569213867188 0.100685119628906 -0.0115871429443359 -0.0313949584960937
0.0115814208984375 0.1402587890625 0.0178432464599609 -0.0166835784912109
-0.0594406127929687 0.131797790527344 -0.00598430633544922 0.0160341262817383
-0.0921859741210937 0.095245361328125 0.0210342407226563 0.103179931640625
-0.0504684448242187 0.116554260253906 -0.0058135986328125 0.103172302246094
0.00999450683593751 0.125816345214844 0.00604248046875 0.0833358764648438
0.0837173461914063 0.07855224609375 0.0362739562988281 0.0620498657226563
0.0969696044921875 0.00858306884765625 0.03857421875 0.0306358337402344
0.0763931274414063 -0.0628433227539063 0.0307788848876953 0.00744819641113281
0.03564453125 -0.0853424072265625 0.0153436660766602 0.00603389739990234
0.0297927856445313 -0.0804443359375 0.00402069091796875 0.0191688537597656
0.0303115844726563 -0.0952987670898438 -0.00178909301757812 0.0356483459472656
0.0522308349609375 -0.0838165283203125 -0.0235252380371094 0.0319194793701172
0.0921173095703125 -0.0421981811523438 -0.0377883911132812 0.0278892517089844
0.100250244140625 0.0146865844726562 -0.0319080352783203 -0.00256919860839843
0.0527420043945313 0.099884033203125 -0.0147056579589844 -0.0244121551513672
-0.00706481933593751 0.126274108886719 0.0151643753051758 0.00605392456054688
-0.0702972412109375 0.105613708496094 -0.0316276550292969 0.0525054931640625
-0.08062744140625 0.0463485717773437 -0.0155029296875 0.130256652832031
-0.0599899291992188 0.0733642578125 -0.0256271362304688 0.120170593261719
-0.0158843994140625 0.0947723388671875 -0.0051116943359375 0.083526611328125
0.0527420043945313 0.0717239379882813 0.0138473510742187 0.0635490417480469
0.0750198364257813 0.0177841186523438 0.0155677795410156 0.0410537719726563
0.0662574768066406 -0.0446090698242188 0.0142021179199219 0.0321025848388672
0.0351142883300781 -0.0661849975585938 0.0101356506347656 0.0379066467285156
0.0291824340820313 -0.064178466796875 0.00395965576171875 0.0472297668457031
0.0302276611328125 -0.0771713256835938 -0.00397109985351562 0.0628471374511719
0.0480079650878906 -0.0674972534179687 -0.0319023132324219 0.0560379028320312
0.080322265625 -0.029510498046875 -0.0492706298828125 0.0423431396484375
0.081817626953125 0.0215377807617188 -0.0439682006835938 0.00353240966796875
0.0306930541992188 0.0901031494140625 -0.0196857452392578 -0.0203056335449219
-0.0263519287109375 0.0986862182617188 0.00873947143554687 0.0237998962402344
-0.074554443359375 0.0653762817382813 -0.0595703125 0.0783615112304688
-0.0564651489257813 -0.0108299255371094 -0.039215087890625 0.136489868164063
-0.0557670593261719 0.0183830261230469 -0.0362930297851563 0.122482299804687
-0.0331573486328125 0.0464134216308594 -0.00992584228515625 0.0759429931640625
0.0142974853515625 0.04998779296875 -0.00116729736328125 0.0599288940429688
0.0390586853027344 0.02215576171875 -0.000358581542968748 0.0452117919921875
0.0447006225585938 -0.0195960998535156 0.00252532958984376 0.0489311218261719
0.0283889770507813 -0.0367774963378906 0.00540542602539062 0.0598640441894531
0.0243110656738281 -0.0376701354980469 0.0041046142578125 0.0680694580078125
0.0261917114257813 -0.0479393005371094 -0.00788116455078125 0.0830612182617188
0.0378494262695313 -0.0426025390625 -0.0400390625 0.07513427734375
0.059295654296875 -0.0147781372070313 -0.0603103637695313 0.0518264770507813
0.0557136535644531 0.0228767395019531 -0.0562782287597656 0.00692749023437499
0.00818252563476562 0.0686759948730469 -0.0264053344726563 -0.0184040069580078
-0.0397682189941406 0.0599555969238281 -0.00336456298828125 0.0336742401123047
-0.0680046081542969 0.0172843933105469 -0.0863494873046875 0.0898513793945313
0.0349407196044922 0.0348014831542969 0.092437744140625 -0.0943756103515625
0.042327880859375 -0.0161018371582031 0.02008056640625 -0.0373725891113281
0.00507926940917969 -0.0309028625488281 0.0267543792724609 0.0228462219238281
-0.0204524993896484 -0.0181961059570313 0.0755386352539063 0.00377655029296875
-0.0245704650878906 0.00130271911621093 0.074615478515625 -0.0483856201171875
-0.0200023651123047 0.0149517059326172 0.04107666015625 -0.0908279418945313
-0.015629768371582 0.0109186172485352 0.0051422119140625 -0.0991668701171875
-0.0185565948486328 0.007965087890625 -0.00738525390625 -0.07989501953125
-0.0231170654296875 0.00469398498535156 -0.00604248046875 -0.0691795349121094
-0.0202484130859375 -0.0119819641113281 0.000389099121093744 -0.0587043762207031
-0.00386238098144531 -0.0272388458251953 0.00299072265625 -0.0512809753417969
0.0231647491455078 -0.0257091522216797 0.00940322875976563 -0.0577545166015625
0.0471458435058594 0.00385284423828125 0.0186004638671875 -0.0739364624023438
0.0470542907714844 0.0406532287597656 0.033660888671875 -0.112892150878906
0.0249137878417969 0.0626564025878906 0.0539321899414063 -0.1273193359375
0.00537109375 0.083526611328125 0.105216979980469 -0.0725326538085937
0.0396003723144531 0.0346832275390625 0.0304603576660156 -0.0241184234619141
0.0281524658203125 0.0105438232421875 0.0326404571533203 0.0317173004150391
0.0195178985595703 -0.00511360168457031 0.0830459594726563 0.00978851318359375
0.0106496810913086 -0.0102767944335938 0.0821762084960938 -0.042938232421875
0.00230216979980469 -0.0167627334594727 0.0488128662109375 -0.0898895263671875
-0.006500244140625 -0.0248088836669922 0.0088653564453125 -0.099212646484375
-0.00804901123046875 -0.0259113311767578 -0.006072998046875 -0.07794189453125
-0.00960350036621094 -0.0327014923095703 -0.00434112548828126 -0.0648040771484375
0.0049285888671875 -0.0412940979003906 -0.00103759765625 -0.0560760498046875
0.0332794189453125 -0.0354194641113281 -0.000473022460937502 -0.0438270568847656
0.0583343505859375 -0.0101242065429688 0.00578689575195313 -0.0496330261230469
0.0578575134277344 0.0466499328613281 0.00941848754882814 -0.0632095336914063
0.0375747680664062 0.0898666381835937 0.0264053344726562 -0.09490966796875
-0.00304412841796875 0.106925964355469 0.0479965209960938 -0.103767395019531
-0.0273208618164063 0.1199951171875 0.104461669921875 -0.0365219116210937
0.0261917114257813 0.0845260620117188 0.0336990356445312 0.001861572265625
0.0450515747070313 0.0575027465820313 0.0341148376464844 0.0452766418457031
0.0597000122070313 0.0150604248046875 0.0849380493164063 0.022247314453125
0.0482521057128906 -0.0166435241699219 0.0843963623046875 -0.0305862426757813
0.0275077819824219 -0.0455818176269531 0.0538177490234375 -0.0784454345703125
0.00518798828125 -0.0573806762695313 0.0131454467773437 -0.0868911743164062
0.0036163330078125 -0.0554924011230469 -0.00457382202148438 -0.0641250610351563
0.0023956298828125 -0.0658454895019531 -0.00386428833007812 -0.0492973327636719
0.0247344970703125 -0.0662117004394531 -0.006378173828125 -0.0428276062011719
0.0631484985351563 -0.0454330444335938 -0.00935745239257812 -0.0299949645996094
0.086456298828125 -0.0036773681640625 -0.00299072265624999 -0.0393600463867187
0.0703506469726563 0.0758514404296875 -0.00106430053710937 -0.0525093078613281
0.0338363647460938 0.123619079589844 0.0195541381835937 -0.07098388671875
-0.0252838134765625 0.134536743164063 0.0334014892578125 -0.0683403015136719
-0.0585174560546875 0.137672424316406 0.088409423828125 0.010589599609375
0.00447845458984376 0.121688842773437 0.0289993286132813 0.0353736877441406
0.05047607421875 0.100715637207031 0.0300865173339844 0.0620689392089844
0.0904693603515625 0.0392532348632813 0.0779190063476563 0.0380783081054688
0.0809173583984375 -0.0162887573242188 0.0774078369140625 -0.010498046875
0.0506973266601563 -0.0662345886230469 0.0530014038085937 -0.0554466247558594
0.0165786743164062 -0.0812149047851563 0.0164337158203125 -0.0625419616699219
0.0138473510742187 -0.0772552490234375 -0.00187301635742187 -0.0412483215332031
0.012359619140625 -0.0892715454101563 -0.00261497497558593 -0.0251598358154297
0.037109375 -0.0841751098632813 -0.0120887756347656 -0.0210952758789063
0.0819854736328125 -0.0536651611328125 -0.0183277130126953 -0.0109958648681641
0.103828430175781 -0.00119781494140625 -0.0127315521240234 -0.0268383026123047
0.0768051147460938 0.0910263061523438 -0.00775909423828124 -0.0416221618652344
0.0290908813476563 0.139900207519531 0.0168418884277344 -0.0442771911621094
-0.0412750244140625 0.143341064453125 0.0148105621337891 -0.0273113250732422
-0.0816421508789062 0.130340576171875 0.0596466064453125 0.0604972839355469
-0.0229415893554688 0.134529113769531 0.01495361328125 0.0723648071289063
0.0387802124023438 0.127197265625 0.0197372436523438 0.0761642456054688
0.100555419921875 0.0628280639648438 0.0602493286132813 0.0542221069335938
0.0993576049804688 -0.00787353515625 0.0614395141601563 0.0120162963867188
0.0679855346679688 -0.0737075805664063 0.0460739135742188 -0.02545166015625
0.0266265869140625 -0.0917587280273437 0.0171546936035156 -0.030416488647461
0.0220413208007813 -0.0862579345703125 0.000883102416992188 -0.0123672485351563
0.020294189453125 -0.100082397460938 -0.00115394592285156 0.00486993789672851
0.0450973510742187 -0.0911712646484375 -0.01776123046875 0.00541877746582031
0.0918655395507813 -0.0542755126953125 -0.0274429321289062 0.00898361206054688
0.108245849609375 0.0027313232421875 -0.0223121643066406 -0.0142116546630859
0.0726699829101563 0.098236083984375 -0.0116767883300781 -0.032135009765625
0.016632080078125 0.140228271484375 0.0178718566894531 -0.0183353424072266
-0.056243896484375 0.134605407714844 -0.00640106201171875 0.0151042938232422
-0.0896987915039063 0.0986404418945313 0.02423095703125 0.103019714355469
-0.0470733642578125 0.116729736328125 -0.00373077392578125 0.102485656738281
0.0135879516601562 0.126235961914063 0.00653076171875 0.0844268798828125
0.0865402221679688 0.0755157470703125 0.0369606018066406 0.0631828308105469
0.0975341796875 0.0046844482421875 0.0387611389160156 0.0308876037597656
0.0735855102539063 -0.0667343139648438 0.0326251983642578 0.00588798522949218
0.0327301025390625 -0.0872116088867188 0.0152263641357422 0.00500011444091796
0.026763916015625 -0.08270263671875 0.00340080261230469 0.0184593200683594
0.0260238647460937 -0.096466064453125 -0.00109481811523437 0.0351676940917969
0.0483245849609375 -0.0860671997070313 -0.0234775543212891 0.0325546264648437
0.091094970703125 -0.0467605590820313 -0.0371360778808594 0.0281410217285156
0.101005554199219 0.0108871459960937 -0.0321445465087891 -0.00356483459472656
0.0561676025390625 0.09796142578125 -0.0150413513183594 -0.0247440338134766
-0.00284576416015626 0.126480102539062 0.0158710479736328 0.0049419403076172
-0.0679931640625 0.10791015625 -0.0306396484375 0.0527992248535156
-0.079681396484375 0.048553466796875 -0.011474609375 0.130477905273438
-0.0579376220703125 0.0751113891601562 -0.022979736328125 0.120330810546875
-0.0119094848632813 0.095855712890625 -0.00489044189453124 0.083770751953125
0.05487060546875 0.0703353881835937 0.0139656066894531 0.0648422241210938
0.0752105712890625 0.0149917602539063 0.0165519714355469 0.0423469543457031
0.0647315979003906 -0.0472869873046875 0.0164546966552734 0.0317325592041016
0.0329132080078125 -0.0677375793457031 0.0112342834472656 0.0370330810546875
0.02685546875 -0.0656852722167969 0.00443649291992188 0.0467529296875
0.0278167724609375 -0.0786666870117187 -0.00261306762695313 0.0623817443847656
0.0454330444335938 -0.0692825317382812 -0.0307464599609375 0.0571746826171875
0.0799407958984375 -0.0332489013671875 -0.04779052734375 0.0437507629394531
0.0831451416015625 0.01788330078125 -0.0438156127929687 0.00381088256835938
0.0339813232421875 0.0892105102539062 -0.0200462341308594 -0.0207462310791016
-0.0232086181640625 0.0998001098632813 0.00955772399902343 0.0237178802490234
-0.0732345581054688 0.0676116943359375 -0.0578842163085938 0.080322265625
-0.05615234375 -0.00918960571289064 -0.0349197387695312 0.138900756835938
-0.0545654296875 0.0203475952148438 -0.0336837768554687 0.123382568359375
-0.03216552734375 0.0476570129394531 -0.010406494140625 0.0769424438476563
0.016845703125 0.0497856140136719 -0.000514984130859374 0.06109619140625
0.0397758483886719 0.0202827453613281 0.000450134277343755 0.0460090637207031
0.0436363220214844 -0.0214767456054688 0.00451278686523438 0.048583984375
0.0266494750976563 -0.0380516052246094 0.00765228271484375 0.059539794921875
0.0224571228027344 -0.0389175415039063 0.00559616088867188 0.0671043395996094
0.0251541137695313 -0.0501327514648437 -0.00549316406249999 0.082672119140625
0.0364532470703125 -0.0437202453613281 -0.0386505126953125 0.0756072998046875
0.0594062805175781 -0.0168838500976563 -0.0587425231933594 0.0533447265625
0.0565261840820312 0.0214576721191406 -0.0556144714355469 0.00785064697265624
0.0102462768554687 0.0686225891113281 -0.0273075103759766 -0.0195827484130859
-0.0379447937011719 0.060699462890625 -0.00267982482910156 0.0332279205322266
-0.0673751831054687 0.0187835693359375 -0.0842437744140625 0.0925827026367188
0.0358123779296875 0.03564453125 0.0917129516601563 -0.0988845825195313
0.04254150390625 -0.0176429748535156 0.0185356140136719 -0.0386505126953125
0.00491142272949219 -0.031951904296875 0.0276165008544922 0.0246906280517578
-0.0218639373779297 -0.0177726745605469 0.0769424438476563 0.00250244140625
-0.0249290466308594 0.00186920166015625 0.0757217407226563 -0.0508041381835938
-0.0197467803955078 0.0162010192871094 0.03997802734375 -0.0925216674804687
-0.0155448913574219 0.0119762420654297 0.0026702880859375 -0.100845336914063
-0.0187263488769531 0.00932121276855469 -0.00974273681640625 -0.08111572265625
-0.0232067108154297 0.00605010986328125 -0.00847625732421875 -0.0694580078125
-0.0210189819335937 -0.0116043090820313 -0.00170135498046875 -0.0600318908691406
-0.00555992126464844 -0.0276508331298828 0.00146102905273437 -0.0535850524902344
0.0224990844726562 -0.0265350341796875 0.00856399536132813 -0.0605087280273438
0.0480499267578125 0.0030059814453125 0.0196914672851563 -0.0760269165039063
0.0490989685058594 0.0402450561523438 0.0334854125976563 -0.116905212402344
0.0272026062011719 0.064239501953125 0.0521011352539062 -0.13330078125
0.00787353515625 0.0858078002929688 0.105964660644531 -0.0774917602539063
0.0413665771484375 0.0339012145996094 0.0293445587158203 -0.0252418518066406
0.0297679901123047 0.0102615356445313 0.0330467224121094 0.0332221984863281
0.019927978515625 -0.0059967041015625 0.0852737426757813 0.00942230224609375
0.0100584030151367 -0.0111455917358398 0.084197998046875 -0.0449371337890625
0.00122928619384766 -0.0174293518066406 0.0479888916015625 -0.0926284790039063
-0.00741195678710938 -0.0252590179443359 0.00651550292968749 -0.101203918457031
-0.00913047790527344 -0.0257549285888672 -0.00861358642578125 -0.0785980224609375
-0.0112667083740234 -0.0327510833740234 -0.00721740722656251 -0.0660285949707031
0.00319671630859375 -0.0418167114257813 -0.00346755981445313 -0.0569000244140625
0.032684326171875 -0.0370979309082031 -0.0022125244140625 -0.0458908081054688
0.059051513671875 -0.0118331909179688 0.00470352172851563 -0.0524215698242188
0.0603103637695313 0.0462760925292969 0.00974273681640625 -0.0655403137207031
0.0411300659179688 0.0913162231445313 0.0261611938476562 -0.0981979370117188
-0.00068664550781251 0.109779357910156 0.0461273193359375 -0.1090087890625
-0.0259475708007813 0.1239013671875 0.105010986328125 -0.0397262573242187
0.029296875 0.0852127075195313 0.033294677734375 0.00046920776367188
0.0486564636230469 0.0579605102539063 0.0344047546386719 0.0473289489746094
0.06170654296875 0.0129890441894531 0.0867767333984375 0.0222091674804688
0.048919677734375 -0.0188255310058594 0.0861587524414063 -0.0312423706054688
0.02587890625 -0.0478019714355469 0.0532913208007812 -0.080780029296875
0.00302505493164063 -0.0592308044433594 0.0110855102539063 -0.0884857177734375
0.00146865844726563 -0.0567436218261719 -0.00695419311523438 -0.0651779174804688
-0.000267028808593751 -0.0667343139648438 -0.00572586059570312 -0.0503196716308594
0.022125244140625 -0.0678482055664063 -0.00891494750976563 -0.0431976318359375
0.0624198913574219 -0.0487289428710938 -0.0106945037841797 -0.0313892364501953
0.0881805419921875 -0.00634002685546875 -0.00354385375976562 -0.041839599609375
0.073760986328125 0.0758438110351563 -0.00061798095703124 -0.054168701171875
0.0381317138671875 0.125404357910156 0.0188064575195313 -0.0735092163085937
-0.0224990844726562 0.138687133789063 0.0318069458007813 -0.0721359252929688
-0.0562744140625 0.142166137695312 0.0901870727539062 0.00853729248046876
0.00737762451171875 0.123069763183594 0.0293903350830078 0.0347728729248047
0.055145263671875 0.101654052734375 0.0303153991699219 0.0637702941894531
0.0934219360351563 0.0364761352539063 0.0800323486328125 0.038909912109375
0.0819854736328125 -0.0193939208984375 0.0793304443359375 -0.010772705078125
0.0490341186523437 -0.0696640014648438 0.0535812377929688 -0.057708740234375
0.0138931274414062 -0.0835494995117187 0.0150680541992187 -0.0641212463378906
0.0110702514648437 -0.0789718627929688 -0.00373077392578125 -0.0419425964355469
0.0093536376953125 -0.0913162231445313 -0.00378227233886719 -0.0258140563964844
0.0343551635742187 -0.0870819091796875 -0.0143566131591797 -0.0210285186767578
0.0817794799804688 -0.0580291748046875 -0.0195407867431641 -0.0118694305419922
0.105789184570313 -0.00492095947265625 -0.0136966705322266 -0.0290908813476563
0.0814666748046875 0.0913848876953125 -0.00833892822265625 -0.0428848266601562
0.0341796875 0.141998291015625 0.0169944763183594 -0.04669189453125
-0.0395050048828125 0.148666381835938 0.0136432647705078 -0.0297145843505859
-0.0801620483398438 0.134925842285156 0.0626907348632813 0.0598297119140625
-0.0197601318359375 0.13720703125 0.0162506103515625 0.0724105834960938
0.04302978515625 0.129486083984375 0.019866943359375 0.078460693359375
0.104713439941406 0.0605697631835937 0.0622711181640625 0.0555229187011719
0.101272583007812 -0.0112686157226563 0.0633888244628906 0.0126762390136719
0.066436767578125 -0.0776901245117188 0.046630859375 -0.027069091796875
0.02392578125 -0.0949249267578125 0.0166778564453125 -0.0316352844238281
0.0191421508789063 -0.0888671875 -8.10623168945306E-05 -0.0125360488891602
0.0167083740234375 -0.103218078613281 -0.00135231018066406 0.0044112205505371
0.04241943359375 -0.0945816040039063 -0.0191726684570312 0.00609779357910155
0.0916671752929688 -0.059051513671875 -0.0282211303710937 0.00965309143066406
0.110694885253906 -0.0010528564453125 -0.0237674713134766 -0.0160961151123047
0.077301025390625 0.0982894897460938 -0.0120964050292969 -0.0338497161865234
0.0218963623046875 0.1429443359375 0.0177688598632813 -0.0198402404785156
-0.0546035766601563 0.138923645019531 -0.00673580169677735 0.0144271850585938
-0.08831787109375 0.102851867675781 0.0276336669921875 0.104759216308594
-0.0447540283203125 0.120071411132813 -0.00285339355468749 0.104621887207031
0.0170364379882813 0.128982543945312 0.0061798095703125 0.0866775512695313
0.0907974243164062 0.0742340087890625 0.0380210876464844 0.0655403137207031
0.0992507934570312 0.0019989013671875 0.040557861328125 0.0324783325195313
0.0721054077148438 -0.0708236694335938 0.0338802337646485 0.00531578063964843
0.0296859741210938 -0.0905914306640625 0.0156850814819336 0.0046396255493164
0.024139404296875 -0.0853729248046875 0.00285148620605469 0.0188159942626953
0.0227737426757813 -0.100631713867188 -0.000389099121093746 0.0353279113769531
0.045623779296875 -0.0893783569335938 -0.0244426727294922 0.033660888671875
0.09130859375 -0.051666259765625 -0.0375099182128906 0.0289382934570313
0.103805541992188 0.007415771484375 -0.0334587097167969 -0.00471496582031249
0.0612030029296875 0.09881591796875 -0.0160179138183594 -0.0258502960205078
0.00114440917968749 0.129241943359375 0.0166587829589844 0.00389194488525391
-0.0672378540039063 0.112457275390625 -0.0302467346191406 0.0537528991699219
-0.0795440673828125 0.0516815185546875 -0.00753021240234374 0.134536743164063
-0.0567474365234375 0.0776138305664063 -0.0222015380859375 0.123176574707031
-0.0106048583984375 0.0991363525390625 -0.00508880615234376 0.0865936279296875
0.0588722229003906 0.0698280334472656 0.0152702331542969 0.067352294921875
0.0773162841796875 0.0128555297851563 0.0176658630371094 0.0441093444824219
0.063934326171875 -0.0509414672851563 0.0189990997314453 0.0318336486816406
0.0307693481445313 -0.0703125 0.0124969482421875 0.0372314453125
0.0250091552734375 -0.0681076049804688 0.00549697875976563 0.0472526550292969
0.0253677368164063 -0.0822525024414063 -0.00101852416992187 0.0632781982421875
0.0434951782226562 -0.0724716186523438 -0.0306358337402344 0.0591049194335937
0.0804824829101563 -0.036956787109375 -0.0478439331054687 0.0451698303222656
0.0856781005859375 0.015838623046875 -0.0450592041015625 0.00349807739257813
0.0379180908203125 0.0903244018554688 -0.0213031768798828 -0.0219287872314453
-0.0207290649414062 0.102378845214844 0.00990676879882812 0.0226325988769531
-0.0731430053710938 0.0711593627929688 -0.0570755004882813 0.0831375122070313
-0.0569038391113281 -0.00812149047851563 -0.0314788818359375 0.144256591796875
-0.0549125671386719 0.0216865539550781 -0.0324783325195312 0.126625061035156
-0.0318527221679688 0.04986572265625 -0.010406494140625 0.0796279907226563
0.018798828125 0.0501899719238281 -0.000152587890625002 0.0641326904296875
0.0417823791503906 0.0190467834472656 0.00201034545898438 0.0486412048339844
0.0435676574707031 -0.0232620239257812 0.00672149658203126 0.0493621826171875
0.0254783630371094 -0.040008544921875 0.00999069213867187 0.0602989196777344
0.021392822265625 -0.0407333374023437 0.00686645507812499 0.0682640075683594
0.0234375 -0.0522880554199219 -0.00357818603515625 0.0844955444335938
0.035186767578125 -0.0464591979980469 -0.0376663208007813 0.0780029296875
0.0600128173828125 -0.0194740295410156 -0.0587043762207031 0.0557212829589844
0.0588836669921875 0.020172119140625 -0.0570182800292969 0.00795745849609375
0.0125503540039063 0.0699691772460938 -0.0280303955078125 -0.0198154449462891
-0.0374755859375 0.0627784729003906 -0.00132179260253907 0.0340061187744141
-0.0688133239746094 0.020660400390625 -0.083587646484375 0.0968170166015625
0.0386466979980469 0.0359420776367188 0.0905914306640625 -0.106552124023438
0.0433311462402344 -0.020843505859375 0.0164642333984375 -0.0410232543945313
0.00434303283691407 -0.0331459045410156 0.0292549133300781 0.0260524749755859
-0.0232925415039063 -0.0175075531005859 0.0800857543945313 0.000556945800781249
-0.0259170532226563 0.0034027099609375 0.0769195556640625 -0.0549697875976563
-0.019805908203125 0.0181598663330078 0.03778076171875 -0.0967483520507813
-0.015934944152832 0.0133676528930664 -0.00112152099609375 -0.104324340820312
-0.0185470581054688 0.0110244750976562 -0.0133132934570312 -0.0828781127929688
-0.0236301422119141 0.00848579406738281 -0.0128021240234375 -0.0721359252929688
-0.0219268798828125 -0.0102176666259766 -0.00454330444335938 -0.0618820190429687
-0.00725746154785156 -0.0276966094970703 -0.00164794921875 -0.0565567016601563
0.0220375061035156 -0.0282554626464844 0.00644683837890625 -0.0642929077148438
0.0492134094238281 0.0006561279296875 0.0195159912109375 -0.07977294921875
0.0525856018066406 0.0402755737304688 0.0308456420898437 -0.122467041015625
0.0308876037597656 0.0656585693359375 0.0482177734375 -0.142425537109375
0.0109939575195312 0.089599609375 0.106353759765625 -0.0845870971679688
0.0448036193847656 0.033172607421875 0.0280647277832031 -0.0276527404785156
0.0318946838378906 0.00938796997070313 0.034912109375 0.0348072052001953
0.0201759338378906 -0.00760078430175781 0.0884017944335938 0.0072479248046875
0.00986289978027344 -0.0118007659912109 0.0857696533203125 -0.049072265625
-0.000146865844726561 -0.0179443359375 0.0460968017578125 -0.0975799560546875
-0.00929069519042969 -0.0264434814453125 0.00242614746093749 -0.104690551757813
-0.0108375549316406 -0.025421142578125 -0.0131149291992188 -0.0800399780273438
-0.0140266418457031 -0.0325031280517578 -0.0108261108398438 -0.06817626953125
0.00111007690429688 -0.04266357421875 -0.007049560546875 -0.0586433410644531
0.0313568115234375 -0.0398521423339844 -0.004913330078125 -0.0481300354003906
0.0605621337890625 -0.0146560668945313 0.00304794311523438 -0.0561981201171875
0.0641746520996094 0.0458831787109375 0.00959777832031251 -0.0686683654785156
0.0464859008789063 0.0930633544921875 0.0240325927734375 -0.103523254394531
0.003662109375 0.114250183105469 0.04315185546875 -0.116355895996094
-0.0220489501953125 0.130172729492187 0.107688903808594 -0.0463180541992187
0.03411865234375 0.0864105224609375 0.0330734252929688 -0.00128173828124999
0.0532417297363281 0.0581398010253906 0.0364494323730469 0.049560546875
0.0642433166503906 0.00996780395507813 0.090789794921875 0.0208969116210938
0.0491714477539063 -0.0219535827636719 0.0884857177734375 -0.0345230102539063
0.0237655639648438 -0.0507431030273438 0.0522003173828125 -0.085723876953125
-0.000164031982421872 -0.0614089965820313 0.0076446533203125 -0.092041015625
-0.00128936767578124 -0.058258056640625 -0.0111351013183594 -0.0661087036132813
-0.00389480590820313 -0.068878173828125 -0.00912094116210938 -0.0518035888671875
0.0190582275390625 -0.0708847045898438 -0.0123176574707031 -0.0442390441894531
0.061676025390625 -0.053619384765625 -0.0131187438964844 -0.0331153869628906
0.09039306640625 -0.0107955932617188 -0.005859375 -0.0452346801757813
0.0794219970703125 0.0750732421875 -0.001220703125 -0.056854248046875
0.0449142456054688 0.128547668457031 0.0179977416992188 -0.077911376953125
-0.018157958984375 0.145553588867188 0.0297088623046875 -0.0777816772460937
-0.0530548095703125 0.150390625 0.0943756103515625 0.00463104248046876
0.013153076171875 0.126296997070313 0.0301647186279297 0.0345478057861328
0.0612869262695312 0.103851318359375 0.031890869140625 0.0671348571777344
0.0981292724609375 0.0330429077148438 0.083770751953125 0.0387420654296875
0.0834579467773437 -0.0243759155273437 0.0826644897460938 -0.0122528076171875
0.045989990234375 -0.0745468139648438 0.05364990234375 -0.0613822937011719
0.0100021362304687 -0.0871810913085938 0.0123863220214844 -0.0668869018554688
0.00754547119140624 -0.0818634033203125 -0.00722885131835938 -0.0422515869140625
0.00438690185546875 -0.095062255859375 -0.006195068359375 -0.0267848968505859
0.0306472778320312 -0.0912399291992187 -0.0169754028320312 -0.0210342407226563
0.081085205078125 -0.0647354125976563 -0.0211658477783203 -0.0124664306640625
0.108932495117188 -0.010406494140625 -0.0163650512695312 -0.031524658203125
0.08831787109375 0.0911788940429688 -0.00911712646484375 -0.0452346801757812
0.041534423828125 0.145248413085938 0.0165863037109375 -0.0500373840332031
-0.034698486328125 0.156112670898438 0.0124893188476562 -0.0326004028320313
-0.077606201171875 0.143234252929688 0.0672836303710938 0.0589523315429688
-0.0154876708984375 0.141494750976562 0.0179214477539062 0.073699951171875
0.0499267578125 0.132972717285156 0.021575927734375 0.0821075439453125
0.110450744628906 0.0571670532226562 0.0660858154296875 0.0567054748535156
0.10394287109375 -0.0164031982421875 0.0669403076171875 0.0125732421875
0.0640106201171875 -0.0836334228515625 0.0480613708496094 -0.0296096801757813
0.0193710327148438 -0.0991973876953125 0.0158405303955078 -0.0333137512207031
0.0152511596679688 -0.0925827026367188 -0.00207901000976562 -0.0125885009765625
0.011138916015625 -0.108024597167969 -0.00243902206420898 0.00423359870910644
0.0384368896484375 -0.09967041015625 -0.0209197998046875 0.00737953186035155
0.0910186767578125 -0.0662002563476563 -0.0289535522460937 0.00996208190917969
0.114143371582031 -0.00687408447265625 -0.025604248046875 -0.0174942016601563
0.0841598510742188 0.09869384765625 -0.013397216796875 -0.035430908203125
0.0285186767578125 0.146316528320313 0.0184459686279297 -0.022247314453125
-0.05133056640625 0.146896362304688 -0.00738716125488282 0.0142707824707031
-0.0876541137695313 0.109901428222656 0.0327606201171875 0.107521057128906
-0.041900634765625 0.125106811523438 -6.10351562500072E-05 0.1072998046875
0.0235366821289062 0.133575439453125 0.00772857666015626 0.090606689453125
0.0973663330078125 0.0719223022460938 0.0411643981933594 0.0685386657714844
0.102821350097656 -0.002716064453125 0.0433998107910156 0.0338630676269531
0.0702133178710938 -0.0762710571289063 0.0362930297851563 0.00412368774414062
0.025970458984375 -0.0945816040039063 0.0162782669067383 0.00396537780761718
0.0206527709960937 -0.08917236328125 0.00304222106933594 0.0197563171386719
0.0177154541015625 -0.105453491210937 0.000129699707031249 0.0358352661132812
0.0422744750976563 -0.0944747924804688 -0.0250587463378906 0.0356521606445312
0.0913925170898438 -0.0586929321289063 -0.0374641418457031 0.0311813354492188
0.107826232910156 0.001953125 -0.0354347229003906 -0.00493621826171876
0.0672683715820312 0.0994644165039063 -0.0177707672119141 -0.0272769927978516
0.00692749023437501 0.133132934570313 0.0179252624511719 0.00266456604003907
-0.0651931762695312 0.119636535644531 -0.02972412109375 0.0559806823730469
-0.0801773071289063 0.05621337890625 -0.00215148925781251 0.139694213867188
-0.0556182861328125 0.081878662109375 -0.0193710327148438 0.127616882324219
-0.00725555419921875 0.103721618652344 -0.00397491455078125 0.0902557373046875
0.0636863708496094 0.0693321228027344 0.0172653198242188 0.0709304809570313
0.0801010131835938 0.0093994140625 0.0202102661132813 0.0464057922363281
0.0627021789550781 -0.0555572509765625 0.0215530395507813 0.0324630737304688
0.0281982421875 -0.0746307373046875 0.0150604248046875 0.0376663208007813
0.0221633911132813 -0.0721359252929688 0.00693130493164063 0.04888916015625
0.0212478637695313 -0.0871429443359375 0.0013275146484375 0.064910888671875
0.0410919189453125 -0.0773086547851563 -0.0299949645996094 0.061981201171875
0.0815505981445313 -0.0432662963867188 -0.047576904296875 0.048248291015625
0.0898971557617188 0.01165771484375 -0.0468330383300781 0.00464248657226562
0.0430984497070312 0.0915374755859375 -0.0231208801269531 -0.0224838256835937
-0.0171966552734375 0.106605529785156 0.0118618011474609 0.0228729248046875
-0.0733413696289063 0.0767669677734375 -0.055877685546875 0.0873184204101563
-0.0589790344238281 -0.00679779052734375 -0.026336669921875 0.151702880859375
-0.0563468933105469 0.0241012573242187 -0.0299148559570312 0.132431030273438
-0.0313262939453125 0.0539169311523438 -0.00970458984375 0.0833740234375
0.022003173828125 0.0504264831542969 0.00162506103515625 0.06793212890625
0.0443954467773438 0.017608642578125 0.00371932983398438 0.0514411926269531
0.0432205200195313 -0.0264968872070313 0.00945281982421875 0.051055908203125
0.0243072509765625 -0.0424385070800781 0.012847900390625 0.0614204406738281
0.02056884765625 -0.0437660217285156 0.00983047485351562 0.0701217651367188
0.0213966369628906 -0.0561637878417969 -0.000183105468749991 0.087432861328125
0.0341300964355469 -0.0498733520507813 -0.0361785888671875 0.0822219848632813
0.0610694885253906 -0.0237464904785156 -0.0585823059082031 0.0595550537109375
0.0623626708984375 0.0179595947265625 -0.0589599609375 0.00970840454101561
0.0156478881835938 0.0721969604492188 -0.0299949645996094 -0.0206165313720703
-0.0358390808105469 0.0657424926757813 -0.000246047973632816 0.0345058441162109
-0.0706939697265625 0.0239639282226563 -0.0822982788085938 0.103202819824219
0.0415878295898438 0.0359649658203125 0.0868301391601563 -0.11474609375
0.0430793762207031 -0.0241012573242187 0.0131149291992188 -0.0425529479980469
0.00284385681152344 -0.0348052978515625 0.0313796997070313 0.0265827178955078
-0.0248775482177734 -0.0161304473876953 0.0823898315429688 -0.0028228759765625
-0.0265655517578125 0.00473785400390625 0.0764312744140625 -0.0608291625976563
-0.0193996429443359 0.0199832916259766 0.0338821411132812 -0.101173400878906
-0.0153722763061523 0.0148200988769531 -0.00727844238281251 -0.106048583984375
-0.0178108215332031 0.0130958557128906 -0.018585205078125 -0.0833587646484375
-0.0234508514404297 0.0108604431152344 -0.0181045532226563 -0.0726165771484375
-0.0235538482666016 -0.00874710083007812 -0.00892257690429688 -0.0635528564453125
-0.00944328308105469 -0.0274448394775391 -0.00565338134765625 -0.0591812133789063
0.0206985473632813 -0.0305366516113281 0.00363922119140625 -0.0677757263183594
0.0510787963867187 -0.00174331665039062 0.0173721313476563 -0.08367919921875
0.0568008422851563 0.03790283203125 0.0258331298828125 -0.127761840820313
0.0357246398925781 0.0660133361816406 0.0401458740234375 -0.150741577148438
0.0165481567382813 0.09259033203125 0.103691101074219 -0.0937652587890625
0.0478172302246094 0.03094482421875 0.0264396667480469 -0.0300388336181641
0.0344219207763672 0.00706672668457031 0.0375556945800781 0.0356674194335938
0.0205898284912109 -0.0093994140625 0.0914382934570313 0.00395965576171875
0.00996971130371094 -0.0130672454833984 0.0859909057617187 -0.0547561645507812
-0.00183677673339844 -0.0184993743896484 0.0421218872070313 -0.102447509765625
-0.0118026733398438 -0.0259933471679688 -0.00364685058593751 -0.107414245605469
-0.0129489898681641 -0.0249347686767578 -0.0182418823242187 -0.0808029174804688
-0.0161819458007813 -0.0320816040039063 -0.0162811279296875 -0.0685806274414063
-0.0023651123046875 -0.0429916381835938 -0.0118865966796875 -0.0598487854003906
0.029266357421875 -0.0427169799804688 -0.00892257690429687 -0.0502853393554688
0.0609016418457031 -0.0192489624023438 -0.000450134277343749 -0.0598106384277344
0.0690383911132812 0.0433273315429687 0.00762176513671876 -0.0719375610351563
0.0540390014648438 0.09222412109375 0.0194931030273437 -0.108489990234375
0.0108566284179688 0.117912292480469 0.0362548828125 -0.124099731445313
-0.0153350830078125 0.135871887207031 0.10760498046875 -0.054443359375
0.0398788452148437 0.0859298706054688 0.0327873229980469 -0.00419425964355468
0.0592269897460938 0.0565910339355469 0.0397911071777344 0.0510826110839844
0.0664749145507813 0.00575637817382813 0.0943603515625 0.0182647705078125
0.0488853454589844 -0.0261001586914063 0.0901641845703125 -0.0396041870117188
0.0195083618164063 -0.0535545349121094 0.0494232177734375 -0.0907821655273438
-0.00500106811523437 -0.0631446838378906 0.00229644775390626 -0.0946578979492188
-0.00542068481445312 -0.0591773986816406 -0.0155906677246094 -0.0666580200195313
-0.00922393798828125 -0.0699729919433594 -0.013427734375 -0.05255126953125
0.01416015625 -0.07342529296875 -0.0165863037109375 -0.0442428588867188
0.05902099609375 -0.0590057373046875 -0.0159568786621094 -0.0343437194824219
0.091888427734375 -0.0171432495117188 -0.0093536376953125 -0.047943115234375
0.0863571166992187 0.0725173950195313 -0.00315856933593749 -0.0589065551757812
0.0547866821289063 0.129005432128906 0.0148391723632813 -0.0823287963867188
-0.00962829589843751 0.15093994140625 0.024688720703125 -0.0837631225585937
-0.046356201171875 0.157806396484375 0.096893310546875 -0.00122833251953124
0.0207138061523437 0.128311157226562 0.0315666198730469 0.0330543518066406
0.070098876953125 0.102806091308594 0.0354728698730469 0.0687599182128906
0.102668762207031 0.0272369384765625 0.0877685546875 0.0371932983398437
0.0836715698242188 -0.030242919921875 0.0853500366210938 -0.0159683227539063
0.0418319702148437 -0.0792999267578125 0.0523948669433594 -0.0662002563476563
0.00350189208984375 -0.0902099609375 0.00871276855468751 -0.0694007873535156
0.00186920166015624 -0.08392333984375 -0.0106277465820313 -0.0421829223632813
-0.0030517578125 -0.0977859497070313 -0.00941658020019531 -0.0272560119628906
0.0244216918945313 -0.0954666137695313 -0.01995849609375 -0.0204944610595703
0.0778350830078125 -0.072235107421875 -0.0232200622558594 -0.0124549865722656
0.110404968261719 -0.01806640625 -0.0192813873291016 -0.0329551696777344
0.0965042114257812 0.0882186889648437 -0.0115203857421875 -0.04656982421875
0.05206298828125 0.1461181640625 0.0148658752441406 -0.0533599853515625
-0.0265655517578125 0.1632080078125 0.0096588134765625 -0.0356101989746094
-0.0714569091796875 0.151809692382812 0.0725631713867188 0.0561294555664063
-0.00801086425781251 0.14569091796875 0.0212478637695313 0.0735855102539063
0.0596542358398438 0.133338928222656 0.0251083374023438 0.0848541259765625
0.11688232421875 0.051177978515625 0.0702972412109375 0.0564956665039063
0.104850769042969 -0.0236129760742188 0.0707168579101563 0.0111312866210937
0.058349609375 -0.0895462036132813 0.0484085083007813 -0.0329704284667969
0.0126724243164063 -0.103324890136719 0.0139007568359375 -0.0348186492919922
0.0090179443359375 -0.0956039428710937 -0.00399589538574219 -0.0119199752807617
0.0028228759765625 -0.111724853515625 -0.00331330299377441 0.00390267372131347
0.0316925048828125 -0.104339599609375 -0.0220985412597656 0.00895500183105469
0.0880889892578125 -0.0753250122070313 -0.0296573638916016 0.0109748840332031
0.1162109375 -0.0149612426757813 -0.0283069610595703 -0.0177822113037109
0.0926742553710938 0.095794677734375 -0.0157623291015625 -0.0362167358398437
0.0389862060546875 0.148300170898438 0.0182571411132813 -0.0249423980712891
-0.0438385009765625 0.15460205078125 -0.00729179382324219 0.0135927200317383
-0.0832290649414063 0.118148803710937 0.0399322509765625 0.108589172363281
-0.0360565185546875 0.130302429199219 0.00480651855468749 0.10968017578125
0.0318984985351563 0.136520385742188 0.0111923217773438 0.094024658203125
0.1043701171875 0.0670318603515625 0.0454750061035156 0.069549560546875
0.105171203613281 -0.00975799560546875 0.0477714538574219 0.034271240234375
0.0657119750976563 -0.083038330078125 0.0383872985839844 0.00185394287109375
0.0198822021484375 -0.0991973876953125 0.0172595977783203 0.00296878814697265
0.0147476196289063 -0.0929183959960938 0.00313377380371094 0.0201072692871094
0.00943756103515626 -0.109710693359375 0.0016937255859375 0.0361557006835937
0.0357894897460937 -0.100212097167969 -0.0240478515625 0.0384750366210937
0.0891036987304687 -0.0672378540039063 -0.0367889404296875 0.0332565307617188
0.110092163085937 -0.00562286376953125 -0.0374565124511719 -0.00440216064453125
0.0757522583007813 0.097930908203125 -0.0197696685791016 -0.0277996063232422
0.015838623046875 0.136077880859375 0.01885986328125 0.000579833984375008
-0.059967041015625 0.127174377441406 -0.0275535583496094 0.0583419799804688
-0.0781173706054688 0.0624847412109375 0.00634765624999999 0.143585205078125
-0.0525741577148437 0.0868453979492188 -0.0133438110351563 0.132171630859375
-0.001007080078125 0.107536315917969 -0.00119018554687501 0.0943069458007813
0.069915771484375 0.0667190551757812 0.021240234375 0.0736236572265625
0.082977294921875 0.00444793701171875 0.0244789123535156 0.0480690002441406
0.0594863891601563 -0.0612640380859375 0.0245742797851563 0.0320205688476562
0.0230941772460938 -0.0784378051757813 0.0176963806152344 0.0378608703613281
0.017578125 -0.0752105712890625 0.00969314575195312 0.0497703552246094
0.0146560668945312 -0.091552734375 0.00506210327148438 0.0664596557617187
0.0362319946289063 -0.0825042724609375 -0.0275421142578125 0.0654411315917969
0.0804595947265625 -0.0504608154296875 -0.045806884765625 0.0518112182617188
0.0926742553710937 0.0055084228515625 -0.0486831665039062 0.00637054443359375
0.0499954223632813 0.091888427734375 -0.0250720977783203 -0.0225658416748047
-0.0108184814453125 0.109603881835938 0.0142059326171875 0.0219650268554688
-0.0707244873046875 0.0835800170898437 -0.0519027709960938 0.092559814453125
-0.0605583190917969 -0.00373458862304687 -0.01751708984375 0.1575927734375
-0.0564689636230469 0.0277290344238281 -0.024383544921875 0.138229370117188
-0.0294990539550781 0.0578575134277344 -0.0067901611328125 0.086517333984375
0.0257492065429688 0.050506591796875 0.00473785400390625 0.0712356567382813
0.0463523864746094 0.0143241882324219 0.00757980346679688 0.0540809631347656
0.0417556762695313 -0.0298423767089844 0.0138626098632813 0.0521202087402344
0.02215576171875 -0.0451164245605469 0.0176162719726562 0.0623588562011719
0.0177459716796875 -0.04620361328125 0.0144424438476563 0.071441650390625
0.0174026489257812 -0.0597953796386719 0.00528717041015625 0.0888595581054688
0.0313911437988281 -0.0538063049316406 -0.0324554443359375 0.0864181518554687
0.0613632202148438 -0.0288887023925781 -0.0563545227050781 0.063812255859375
0.064971923828125 0.0139579772949219 -0.06072998046875 0.0126686096191406
0.0209579467773437 0.0731201171875 -0.0324554443359375 -0.0201263427734375
-0.0335006713867188 0.069549560546875 0.00275993347167968 0.0350456237792969
-0.0712738037109375 0.0287628173828125 -0.0782394409179688 0.109893798828125
0.0440483093261719 0.03472900390625 0.0792236328125 -0.121345520019531
0.04150390625 -0.027496337890625 0.00952529907226563 -0.0436210632324219
0.00109100341796875 -0.0359458923339844 0.0333824157714844 0.0261096954345703
-0.0262031555175781 -0.0148429870605469 0.0831451416015625 -0.00713348388671875
-0.0265693664550781 0.00658035278320313 0.0732574462890625 -0.0654678344726563
-0.0182838439941406 0.0216999053955078 0.0277175903320313 -0.103492736816406
-0.0147190093994141 0.0164251327514648 -0.0145263671875 -0.106086730957031
-0.0169801712036133 0.0146150588989258 -0.0244216918945313 -0.0823211669921875
-0.0222301483154297 0.0134525299072266 -0.023956298828125 -0.0713424682617188
-0.0244827270507813 -0.00638961791992187 -0.0143470764160156 -0.0639076232910156
-0.0116977691650391 -0.0266513824462891 -0.01043701171875 -0.0600471496582031
0.0191535949707031 -0.0321979522705078 -0.000625610351562495 -0.0698280334472656
0.051483154296875 -0.00527572631835938 0.0144119262695312 -0.0863418579101562
0.0596656799316406 0.0344352722167969 0.0184249877929688 -0.130409240722656
0.0404205322265625 0.0647239685058594 0.0306549072265625 -0.155242919921875
0.0221786499023438 0.0930938720703125 0.0981216430664063 -0.101554870605469
0.0496749877929687 0.0270042419433594 0.0230770111083984 -0.0324306488037109
0.0355873107910156 0.0041046142578125 0.03985595703125 0.035614013671875
0.0197734832763672 -0.0112037658691406 0.0925140380859375 -0.000564575195312501
0.00802326202392578 -0.0139427185058594 0.0838623046875 -0.06036376953125
-0.00392913818359375 -0.0177497863769531 0.036590576171875 -0.105201721191406
-0.0143089294433594 -0.0248088836669922 -0.0106735229492187 -0.107437133789063
-0.0141563415527344 -0.0237808227539063 -0.0239715576171875 -0.0792999267578125
-0.0187244415283203 -0.0303764343261719 -0.0220527648925781 -0.0679931640625
-0.00583267211914062 -0.042205810546875 -0.0167655944824219 -0.0593833923339844
0.0259552001953125 -0.0447769165039063 -0.0130538940429688 -0.0511627197265625
0.0594825744628906 -0.0231742858886719 -0.00411987304687499 -0.0614204406738281
0.0721511840820313 0.0390472412109375 0.00481414794921875 -0.0738296508789063
0.060455322265625 0.0890731811523438 0.013702392578125 -0.110916137695312
0.0183868408203125 0.118446350097656 0.0275955200195313 -0.128471374511719
-0.00649261474609376 0.1385498046875 0.104446411132813 -0.0618743896484375
0.045166015625 0.083038330078125 0.0315456390380859 -0.00600433349609374
0.0641403198242188 0.0527229309082031 0.042083740234375 0.0508193969726562
0.0667381286621094 0.000499725341796875 0.0963821411132812 0.0138778686523437
0.0465545654296875 -0.0294609069824219 0.08941650390625 -0.0444869995117187
0.0149269104003906 -0.0545883178710938 0.044677734375 -0.0941848754882813
-0.0100364685058594 -0.0628128051757813 -0.00408935546874999 -0.0950469970703125
-0.00959396362304688 -0.0582122802734375 -0.0200843811035156 -0.0647048950195313
-0.0147895812988281 -0.069091796875 -0.0183258056640625 -0.0518074035644531
0.00833892822265625 -0.0738906860351563 -0.02020263671875 -0.0434837341308594
0.0546073913574219 -0.0637588500976562 -0.0191097259521484 -0.0343418121337891
0.09100341796875 -0.0230484008789062 -0.0126533508300781 -0.049102783203125
0.091461181640625 0.0677490234375 -0.00527954101562499 -0.0602798461914062
0.0639266967773438 0.125602722167969 0.0106048583984375 -0.0845947265625
-0.000579833984374991 0.153076171875 0.0183868408203125 -0.0865707397460937
-0.0369720458984375 0.162582397460938 0.097412109375 -0.00786590576171874
0.028106689453125 0.126594543457031 0.0322647094726563 0.0307655334472656
0.0777130126953125 0.0993194580078125 0.0385856628417969 0.0692863464355469
0.10455322265625 0.019989013671875 0.09051513671875 0.033599853515625
0.081512451171875 -0.036224365234375 0.0859298706054687 -0.0200881958007813
0.0349197387695313 -0.0815582275390625 0.0491905212402344 -0.0698776245117188
-0.00355529785156249 -0.0904464721679687 0.00415802001953125 -0.07049560546875
-0.00407409667968751 -0.083709716796875 -0.0139122009277344 -0.0410079956054688
-0.0113372802734375 -0.0971298217773438 -0.0121994018554688 -0.0268440246582031
0.0169754028320313 -0.0964431762695313 -0.0225830078125 -0.0189132690429688
0.07196044921875 -0.0782546997070313 -0.0250816345214844 -0.0121803283691406
0.108879089355469 -0.0256500244140625 -0.0220298767089844 -0.0332717895507813
0.103042602539063 0.0823287963867188 -0.0130729675292969 -0.0475692749023437
0.062408447265625 0.143478393554688 0.011993408203125 -0.0557708740234375
-0.0172271728515625 0.166580200195313 0.00632858276367187 -0.0373764038085937
-0.0623016357421875 0.156967163085938 0.0760498046875 0.0518569946289063
0.00112915039062499 0.145751953125 0.0243072509765625 0.0718536376953125
0.0691757202148437 0.131233215332031 0.0287094116210938 0.0857696533203125
0.120559692382813 0.0431137084960938 0.0734634399414063 0.0545654296875
0.103340148925781 -0.0306167602539063 0.0728530883789062 0.00782012939453125
0.0516357421875 -0.0934677124023438 0.0471229553222656 -0.0365142822265625
0.0048980712890625 -0.104499816894531 0.0116539001464844 -0.0365638732910156
0.00172424316406249 -0.0961151123046875 -0.00532054901123047 -0.0113706588745117
-0.00631713867187501 -0.111846923828125 -0.00431251525878906 0.00373172760009765
0.0230331420898438 -0.106658935546875 -0.0224895477294922 0.0106277465820312
0.0821075439453125 -0.082366943359375 -0.0298061370849609 0.0123748779296875
0.115386962890625 -0.0233306884765625 -0.0303936004638672 -0.0172119140625
0.099365234375 0.0903396606445313 -0.01751708984375 -0.0365104675292969
0.0492095947265625 0.146194458007812 0.0169811248779297 -0.0275363922119141
-0.034576416015625 0.158843994140625 -0.0073385238647461 0.0135650634765625
-0.0768203735351563 0.123908996582031 0.0474090576171875 0.105781555175781
-0.028594970703125 0.132194519042969 0.00960540771484374 0.10906982421875
0.0409011840820313 0.136024475097656 0.0151748657226562 0.0951309204101563
0.108612060546875 0.0600509643554688 0.0491485595703125 0.068817138671875
0.103919982910156 -0.0167083740234375 0.051239013671875 0.0331039428710938
0.0595703125 -0.087371826171875 0.0395355224609375 -0.000640869140625005
0.012542724609375 -0.101104736328125 0.0175294876098633 0.00160408020019531
0.0076904296875 -0.0939254760742188 0.00360298156738281 0.0205459594726562
0.0003662109375 -0.110755920410156 0.003143310546875 0.03564453125
0.0281600952148437 -0.102897644042969 -0.0225791931152344 0.039947509765625
0.08355712890625 -0.0747604370117188 -0.0350227355957031 0.0347023010253906
0.110221862792969 -0.01385498046875 -0.0387077331542969 -0.00315475463867188
0.0829315185546875 0.0935287475585937 -0.0213394165039062 -0.0274829864501953
0.0247879028320313 0.135215759277344 0.0192985534667969 -0.00143241882324218
-0.0524978637695313 0.132125854492188 -0.0246963500976563 0.0597648620605469
-0.0749130249023438 0.0674057006835937 0.015838623046875 0.14453125
-0.0477752685546875 0.0899505615234375 -0.006591796875 0.133247375488281
0.00567626953124999 0.109458923339844 0.00270843505859376 0.095611572265625
0.0740966796875 0.0623321533203125 0.0252456665039063 0.0743179321289063
0.083099365234375 -0.00128936767578125 0.0280532836914063 0.0484580993652344
0.0550804138183594 -0.065521240234375 0.0276203155517578 0.0303688049316406
0.0173492431640625 -0.0809173583984375 0.0207252502441406 0.0365943908691406
0.0121994018554688 -0.0767974853515625 0.012451171875 0.0492210388183594
0.00701904296874999 -0.0929412841796875 0.009002685546875 0.0656890869140625
0.0298614501953125 -0.0853652954101563 -0.024383544921875 0.0673294067382812
0.0766677856445313 -0.0574111938476562 -0.0430564880371094 0.0542793273925781
0.0932769775390625 -0.0011444091796875 -0.0489082336425781 0.00880813598632813
0.056396484375 0.0887069702148438 -0.0269203186035156 -0.0212726593017578
-0.00393676757812499 0.110542297363281 0.0159645080566406 0.0200786590576172
-0.0660476684570312 0.0888595581054688 -0.0465850830078125 0.0955810546875
-0.0610733032226563 -0.000740051269531238 -0.00714111328124999 0.159942626953125
-0.0555953979492188 0.0310783386230469 -0.0167083740234375 0.140373229980469
-0.0261878967285156 0.0612258911132813 -0.00273132324218751 0.0885238647460938
0.0291976928710938 0.0486793518066406 0.00862884521484376 0.0724945068359375
0.0474433898925781 0.0113143920898438 0.01141357421875 0.0550880432128906
0.0395393371582031 -0.0332984924316406 0.0178604125976563 0.0515670776367188
0.0189552307128906 -0.0473289489746094 0.0223770141601562 0.0611610412597656
0.0145034790039062 -0.0479774475097656 0.0183525085449219 0.0701866149902344
0.0123367309570312 -0.0619430541992188 0.0108184814453125 0.0883255004882813
0.0276222229003906 -0.0567359924316406 -0.0275115966796875 0.0887451171875
0.0596656799316406 -0.0343742370605469 -0.0524749755859375 0.0670204162597656
0.0664787292480469 0.0093231201171875 -0.0606193542480469 0.0162773132324219
0.0255813598632813 0.0720901489257813 -0.0339565277099609 -0.0193080902099609
-0.0295639038085937 0.0718612670898438 0.00551795959472656 0.0341949462890625
-0.0705108642578125 0.0331039428710938 -0.0715179443359375 0.1148681640625
0.0460357666015625 0.0337715148925781 0.0728912353515625 -0.123664855957031
0.0393867492675781 -0.0295677185058594 0.00621795654296875 -0.0436782836914063
-0.000663757324218752 -0.0366859436035156 0.0347862243652344 0.0260372161865234
-0.0266036987304688 -0.0137233734130859 0.0822601318359375 -0.00977325439453125
-0.0259456634521484 0.00787544250488281 0.069854736328125 -0.0681304931640625
-0.0173969268798828 0.0228481292724609 0.023284912109375 -0.103042602539063
-0.0140199661254883 0.0174417495727539 -0.0195083618164062 -0.104057312011719
-0.015498161315918 0.0157022476196289 -0.0274734497070313 -0.0798492431640625
-0.0208988189697266 0.0150699615478516 -0.0275459289550781 -0.0693588256835938
-0.0244121551513672 -0.00434875488281249 -0.0177764892578125 -0.0627479553222656
-0.0129451751708984 -0.025115966796875 -0.0138168334960938 -0.0592269897460938
0.0174274444580078 -0.0329208374023437 -0.00341033935546875 -0.0706787109375
0.0505485534667969 -0.00766372680664063 0.012481689453125 -0.0871353149414063
0.0609130859375 0.0312271118164062 0.013427734375 -0.130584716796875
0.0432357788085937 0.0627899169921875 0.0221710205078125 -0.15594482421875
0.0268630981445313 0.0928268432617188 0.0919723510742188 -0.105186462402344
0.0500450134277344 0.024017333984375 0.0197734832763672 -0.0331630706787109
0.0357856750488281 0.0018310546875 0.04107666015625 0.035308837890625
0.0190143585205078 -0.012603759765625 0.0919113159179688 -0.00339508056640625
0.00672531127929687 -0.0141983032226562 0.080810546875 -0.0626754760742188
-0.00567722320556641 -0.0171060562133789 0.0319900512695312 -0.105766296386719
-0.0161323547363281 -0.0237560272216797 -0.0156021118164062 -0.105430603027344
-0.0146732330322266 -0.0223903656005859 -0.02752685546875 -0.0765914916992188
-0.0199432373046875 -0.0282993316650391 -0.0257720947265625 -0.06591796875
-0.00847625732421874 -0.0410690307617188 -0.0197334289550781 -0.0582695007324219
0.0227088928222656 -0.0450210571289062 -0.0159378051757813 -0.0506134033203125
0.0579452514648437 -0.0258750915527344 -0.00676345825195312 -0.0619888305664063
0.0735626220703125 0.0355072021484375 0.00368499755859376 -0.074310302734375
0.0645599365234375 0.0849838256835938 0.00949096679687501 -0.111305236816406
0.02362060546875 0.116943359375 0.0207138061523438 -0.12890625
-0.000175476074218749 0.138816833496094 0.100341796875 -0.0668106079101562
0.0474014282226563 0.0792160034179688 0.0290737152099609 -0.00779533386230468
0.0661811828613281 0.0487022399902344 0.0436897277832031 0.0504417419433594
0.0657997131347656 -0.00302505493164062 0.0963363647460938 0.0112075805664063
0.0442237854003906 -0.0312843322753906 0.0876007080078125 -0.0470809936523438
0.0110054016113281 -0.0544281005859375 0.0404129028320313 -0.0953826904296875
-0.0139045715332031 -0.0614013671875 -0.00862884521484375 -0.093963623046875
-0.0120697021484375 -0.0570411682128906 -0.0232086181640625 -0.0622291564941406
-0.0187568664550781 -0.0666999816894531 -0.0215377807617187 -0.0502090454101563
0.00395965576171875 -0.0727996826171875 -0.0232620239257813 -0.04217529296875
0.0495414733886719 -0.0653724670410156 -0.0212802886962891 -0.03460693359375
0.088226318359375 -0.0273590087890625 -0.0150871276855469 -0.0495109558105469
0.0940933227539063 0.0627288818359375 -0.00661468505859375 -0.0608940124511719
0.069122314453125 0.121017456054688 0.0072021484375 -0.0855178833007812
0.00617980957031249 0.152435302734375 0.013458251953125 -0.087066650390625
-0.0292205810546875 0.1632080078125 0.0955429077148438 -0.0128097534179687
0.0329742431640625 0.123138427734375 0.0315227508544922 0.0281791687011719
0.0821685791015625 0.0946044921875 0.0404624938964844 0.0688362121582031
0.10400390625 0.0143280029296875 0.0908584594726563 0.0316238403320313
0.078216552734375 -0.0392990112304688 0.0857696533203125 -0.02288818359375
0.0295486450195312 -0.0820388793945313 0.0461044311523437 -0.0715484619140625
-0.00836181640624999 -0.0890960693359375 0.000572204589843747 -0.0698814392089844
-0.00787353515625 -0.0822296142578125 -0.0159149169921875 -0.0389595031738281
-0.0167770385742187 -0.0950775146484375 -0.0144805908203125 -0.0261592864990234
0.0112380981445312 -0.0957717895507813 -0.0242023468017578 -0.0177116394042969
0.0662841796875 -0.08056640625 -0.0261363983154297 -0.0119495391845703
0.106536865234375 -0.0310592651367188 -0.0238609313964844 -0.0332736968994141
0.106071472167969 0.0768051147460937 -0.0140419006347656 -0.0475692749023437
0.0682144165039063 0.138381958007813 0.00996780395507813 -0.057159423828125
-0.00985717773437501 0.16680908203125 0.00350570678710938 -0.0382003784179687
-0.0549774169921875 0.15887451171875 0.0775680541992188 0.047210693359375
0.00706481933593749 0.1431884765625 0.0258827209472656 0.0695419311523438
0.0747222900390625 0.127334594726563 0.0303878784179687 0.08538818359375
0.120452880859375 0.0365066528320313 0.0743942260742188 0.0528640747070313
0.100296020507813 -0.035308837890625 0.0735931396484375 0.00608062744140625
0.045684814453125 -0.0946044921875 0.0460662841796875 -0.0385169982910156
-0.000732421874999989 -0.103630065917969 0.0100250244140625 -0.0366783142089844
-0.00273895263671876 -0.0949478149414063 -0.0063009262084961 -0.00987243652343751
-0.0130386352539063 -0.109764099121094 -0.00532197952270508 0.00406837463378906
0.016937255859375 -0.1065673828125 -0.0226955413818359 0.0111427307128906
0.0760116577148438 -0.08575439453125 -0.0295829772949219 0.0120182037353516
0.112472534179688 -0.029144287109375 -0.0315074920654297 -0.0167179107666016
0.103118896484375 0.084930419921875 -0.0184211730957031 -0.0362281799316406
0.0555572509765625 0.142044067382812 0.0159282684326172 -0.02947998046875
-0.0277099609375 0.159255981445313 -0.00799179077148437 0.0126256942749024
-0.0703277587890625 0.126319885253906 0.051300048828125 0.102714538574219
-0.02288818359375 0.131034851074219 0.012908935546875 0.106765747070313
0.04742431640625 0.1337890625 0.0171432495117188 0.0951385498046875
0.109886169433594 0.0540847778320313 0.0511131286621094 0.0682182312011719
0.101669311523438 -0.0209884643554688 0.0533370971679688 0.0316390991210938
0.05352783203125 -0.0888824462890625 0.0398674011230469 -0.00255966186523438
0.00662231445312499 -0.100578308105469 0.0176296234130859 0.000366210937499994
0.00310516357421875 -0.0932388305664063 0.00451469421386719 0.0206546783447266
-0.0068206787109375 -0.109138488769531 0.00365829467773437 0.0350933074951172
0.021697998046875 -0.103263854980469 -0.0209770202636719 0.0407981872558594
0.0782699584960938 -0.0788650512695313 -0.0335540771484375 0.0346107482910156
0.107902526855469 -0.0192031860351563 -0.0391197204589844 -0.00178527832031251
0.086639404296875 0.0888595581054688 -0.0222816467285156 -0.0269432067871094
0.0309524536132813 0.131874084472656 0.0193119049072266 -0.00398826599121093
-0.0467681884765625 0.133514404296875 -0.0225410461425781 0.0594406127929688
-0.071624755859375 0.0695419311523437 0.02252197265625 0.14215087890625
-0.0441741943359375 0.0906448364257812 -0.001708984375 0.131828308105469
0.0107192993164063 0.108978271484375 0.00491333007812501 0.0954208374023438
0.076141357421875 0.0577850341796875 0.0278091430664063 0.0744705200195313
0.0821990966796875 -0.00507354736328125 0.0310592651367188 0.0481605529785156
0.0504646301269531 -0.0670356750488281 0.0295143127441406 0.0286350250244141
0.0127105712890625 -0.0809173583984375 0.0227088928222656 0.0349845886230469
0.0080108642578125 -0.0763778686523438 0.0141487121582031 0.0488815307617187
0.000923156738281241 -0.0923004150390625 0.0109100341796875 0.0636863708496094
0.0246429443359375 -0.0862045288085938 -0.0210227966308594 0.0677490234375
0.0722579956054688 -0.0615005493164063 -0.0400161743164062 0.0545082092285156
0.0925979614257813 -0.005950927734375 -0.0487823486328125 0.0103378295898437
0.0602569580078125 0.0854034423828125 -0.027374267578125 -0.0209159851074219
0.00143432617187499 0.109703063964844 0.0173473358154297 0.0188674926757813
-0.0618972778320312 0.0907135009765625 -0.0425491333007813 0.0959548950195313
-0.0599708557128906 0.00156784057617187 0.000503540039062513 0.159286499023438
-0.053863525390625 0.0328750610351563 -0.0112762451171875 0.139907836914063
-0.0228958129882813 0.0624809265136719 -0.00095367431640626 0.08837890625
0.0312652587890625 0.0467872619628906 0.0109176635742187 0.0729522705078125
0.0474891662597656 0.00904083251953125 0.0142707824707031 0.0551376342773437
0.0373191833496094 -0.0349998474121094 0.0208053588867188 0.0500679016113281
0.0162620544433594 -0.0483741760253906 0.0253219604492188 0.0594329833984375
0.0117111206054687 -0.0483436584472656 0.0215034484863281 0.0686531066894531
0.00816726684570313 -0.061859130859375 0.0147018432617188 0.0862808227539063
0.0239028930664063 -0.0580558776855469 -0.0237274169921875 0.0889205932617188
0.057098388671875 -0.0377159118652344 -0.0490951538085937 0.0680389404296875
0.0664520263671875 0.00635528564453125 -0.0597343444824219 0.0178909301757813
0.0289993286132813 0.0706710815429688 -0.0346488952636719 -0.0183467864990234
-0.0262222290039062 0.0723648071289063 0.00767135620117187 0.0330905914306641
-0.06842041015625 0.0357322692871094 -0.0656356811523437 0.116775512695313
0.0469818115234375 0.0335731506347656 0.0689849853515625 -0.124679565429688
0.0381240844726563 -0.0305328369140625 0.00363540649414063 -0.0430183410644531
-0.00152969360351563 -0.03741455078125 0.0355339050292969 0.0267143249511719
-0.0267257690429688 -0.0133762359619141 0.082427978515625 -0.0106353759765625
-0.0258331298828125 0.00856208801269531 0.0681838989257813 -0.0683517456054688
-0.0168857574462891 0.0231895446777344 0.0218429565429688 -0.102294921875
-0.0134201049804688 0.0179710388183594 -0.0213241577148438 -0.102920532226563
-0.0142574310302734 0.0165252685546875 -0.0287933349609375 -0.07830810546875
-0.0198879241943359 0.0160274505615234 -0.0295829772949219 -0.0678443908691406
-0.0247116088867187 -0.00300216674804688 -0.0194282531738281 -0.0617904663085938
-0.0138130187988281 -0.0244369506835938 -0.0154838562011719 -0.0594825744628906
0.016510009765625 -0.0335979461669922 -0.004547119140625 -0.0715789794921875
0.050506591796875 -0.0088348388671875 0.0121307373046875 -0.088287353515625
0.061737060546875 0.0296745300292969 0.0116958618164062 -0.130729675292969
0.0444259643554688 0.0614166259765625 0.0184783935546875 -0.156570434570313
0.0295486450195313 0.0929336547851563 0.0884628295898437 -0.106773376464844
0.0494499206542969 0.0227546691894531 0.0172767639160156 -0.033599853515625
0.0360984802246094 0.0002593994140625 0.0415229797363281 0.0358352661132812
0.0178642272949219 -0.0135860443115234 0.0917892456054687 -0.004119873046875
0.00587081909179687 -0.0141057968139648 0.080078125 -0.0636215209960938
-0.00665950775146484 -0.0165929794311523 0.0302200317382813 -0.10565185546875
-0.0172157287597656 -0.0225601196289063 -0.0178298950195313 -0.104621887207031
-0.0151462554931641 -0.0215492248535156 -0.0286331176757812 -0.0749282836914063
-0.0204753875732422 -0.0269050598144531 -0.027587890625 -0.0645751953125
-0.00954818725585938 -0.0394210815429688 -0.0216941833496094 -0.0572319030761719
0.0208358764648438 -0.0449371337890625 -0.0177955627441406 -0.0508308410644531
0.0567359924316406 -0.027679443359375 -0.00774002075195313 -0.0629768371582031
0.0741348266601562 0.034088134765625 0.00382995605468751 -0.0755844116210938
0.0662002563476563 0.082672119140625 0.00809478759765625 -0.111968994140625
0.0258712768554688 0.116523742675781 0.0171661376953125 -0.129592895507813
0.00301361083984374 0.139015197753906 0.0977020263671875 -0.06890869140625
0.0483169555664062 0.0774612426757813 0.0272731781005859 -0.00914382934570312
0.0674972534179688 0.0466156005859375 0.0442390441894531 0.051300048828125
0.0648689270019531 -0.00522613525390625 0.0961380004882813 0.0107192993164062
0.0429420471191406 -0.0319671630859375 0.0872573852539063 -0.0480194091796875
0.00927352905273438 -0.0540809631347656 0.0392074584960937 -0.0955734252929688
-0.015777587890625 -0.0600738525390625 -0.0105209350585937 -0.0931777954101563
-0.0131187438964844 -0.0562858581542969 -0.0241775512695312 -0.0605049133300781
-0.0207672119140625 -0.0650291442871094 -0.0232620239257813 -0.0494461059570313
0.00171661376953125 -0.07147216796875 -0.0245208740234375 -0.041290283203125
0.0467872619628906 -0.0658035278320313 -0.0228900909423828 -0.0345211029052734
0.0872802734375 -0.0291671752929687 -0.01611328125 -0.0501518249511719
0.0951309204101563 0.0605926513671875 -0.00572967529296875 -0.0620155334472656
0.07171630859375 0.118568420410156 0.00643920898437501 -0.08624267578125
0.00863647460937501 0.152175903320313 0.010894775390625 -0.08758544921875
-0.0258331298828125 0.163833618164063 0.094390869140625 -0.0152053833007812
0.0339126586914062 0.1209716796875 0.0302867889404297 0.0268173217773438
0.0845489501953125 0.092437744140625 0.0404090881347656 0.0696220397949219
0.103004455566406 0.0115203857421875 0.0912399291992188 0.0315017700195312
0.0765304565429688 -0.0406036376953125 0.0862350463867188 -0.0230255126953125
0.0262527465820313 -0.0817489624023438 0.0452880859375 -0.072479248046875
-0.0112838745117187 -0.0880355834960938 -0.00093460083007813 -0.0697212219238281
-0.0100326538085938 -0.08123779296875 -0.0170783996582031 -0.0375938415527344
-0.0197219848632813 -0.0932083129882813 -0.0162086486816406 -0.0254135131835938
0.00778961181640625 -0.094329833984375 -0.0250930786132813 -0.0171833038330078
0.0626602172851563 -0.0817947387695313 -0.0269546508789062 -0.0126380920410156
0.104385375976563 -0.0335617065429688 -0.0247020721435547 -0.0341415405273437
0.10760498046875 0.07415771484375 -0.0138320922851562 -0.0483589172363281
0.0713272094726563 0.13580322265625 0.00917053222656251 -0.0583534240722656
-0.00666809082031251 0.166641235351563 0.00173568725585938 -0.0384254455566406
-0.051971435546875 0.159896850585938 0.0777740478515625 0.0448532104492188
0.00827026367187499 0.141433715820312 0.0249137878417969 0.067962646484375
0.077606201171875 0.125267028808594 0.030426025390625 0.086029052734375
0.120330810546875 0.0338516235351562 0.0754318237304688 0.0535888671875
0.0987472534179688 -0.036590576171875 0.0750503540039062 0.00595855712890625
0.042144775390625 -0.0944137573242188 0.0455398559570312 -0.039764404296875
-0.00430297851562501 -0.102806091308594 0.00897216796875 -0.0369682312011719
-0.00492095947265625 -0.0942916870117188 -0.00686788558959961 -0.00874471664428712
-0.0166702270507812 -0.108200073242188 -0.0064387321472168 0.0037550926208496
0.0131912231445313 -0.105667114257812 -0.0232086181640625 0.0118274688720703
0.0721664428710938 -0.0873184204101563 -0.0300579071044922 0.0115852355957031
0.110771179199219 -0.0318222045898438 -0.0317516326904297 -0.0172481536865234
0.104873657226563 0.0823440551757813 -0.018035888671875 -0.0368461608886719
0.0589828491210937 0.139450073242188 0.0150108337402344 -0.0305156707763672
-0.024444580078125 0.160140991210938 -0.00839996337890625 0.0125627517700195
-0.0674285888671875 0.126792907714844 0.0537033081054688 0.100601196289063
-0.0213851928710938 0.13006591796875 0.0137481689453125 0.105438232421875
0.0501708984375 0.132804870605469 0.016632080078125 0.095855712890625
0.1099853515625 0.0513839721679688 0.0517196655273438 0.0690422058105469
0.100776672363281 -0.0229568481445313 0.0548210144042969 0.0318756103515625
0.0508651733398438 -0.0890731811523438 0.040557861328125 -0.00365066528320313
0.00348663330078125 -0.100364685058594 0.0173015594482422 -0.000484466552734381
0.000740051269531252 -0.0928192138671875 0.00423622131347656 0.0208110809326172
-0.0110015869140625 -0.107688903808594 0.00339317321777343 0.0342960357666016
0.0181198120117187 -0.102745056152344 -0.0209007263183594 0.0402946472167969
0.0745468139648438 -0.080902099609375 -0.0332546234130859 0.0341644287109375
0.10650634765625 -0.0222854614257813 -0.0391693115234375 -0.001678466796875
0.0887298583984375 0.0867538452148438 -0.02227783203125 -0.0274810791015625
0.0338058471679688 0.1302490234375 0.0194339752197266 -0.0050525665283203
-0.043792724609375 0.134193420410156 -0.0216636657714844 0.0590705871582031
-0.0698165893554688 0.070556640625 0.0254364013671875 0.14068603515625
-0.0425796508789063 0.0901565551757813 -0.000205993652343741 0.130538940429688
0.0132369995117187 0.109100341796875 0.0048675537109375 0.0961685180664063
0.0766372680664063 0.0559463500976562 0.0279388427734375 0.0754852294921875
0.0819625854492187 -0.00646209716796875 0.0326881408691406 0.0485992431640625
0.0478744506835938 -0.06781005859375 0.0310020446777344 0.0277652740478516
0.0103683471679687 -0.0806655883789063 0.0237255096435547 0.0335540771484375
0.00590515136718751 -0.0765762329101563 0.0148277282714844 0.0484085083007812
-0.00292205810546875 -0.0913543701171875 0.0117225646972656 0.0629158020019531
0.021392822265625 -0.086273193359375 -0.0201148986816406 0.0674476623535156
0.0697975158691406 -0.0635566711425781 -0.0390701293945313 0.0540237426757812
0.0919189453125 -0.00861358642578125 -0.048126220703125 0.0104217529296875
0.0622482299804688 0.0839996337890625 -0.0275745391845703 -0.0209255218505859
0.0035552978515625 0.108428955078125 0.0179080963134766 0.0169696807861328
-0.0598068237304687 0.0920028686523438 -0.040802001953125 0.095611572265625
-0.0598526000976563 0.00224685668945313 0.00457763671875001 0.157867431640625
-0.0537376403808594 0.0333442687988281 -0.00910949707031251 0.139358520507813
-0.0211639404296875 0.0639572143554688 -0.000915527343750007 0.0891036987304688
0.0318260192871094 0.0461463928222656 0.01171875 0.0741806030273438
0.0471000671386719 0.00802230834960938 0.0159225463867188 0.0557479858398438
0.0362663269042969 -0.0354652404785156 0.022735595703125 0.0493621826171875
0.0151214599609375 -0.0486030578613281 0.0269203186035156 0.0578651428222656
0.0104827880859375 -0.0487823486328125 0.0226898193359375 0.0678215026855469
0.00592803955078126 -0.0617523193359375 0.0158843994140625 0.0849990844726563
0.022003173828125 -0.0586624145507813 -0.0219955444335938 0.0880050659179687
0.0559272766113281 -0.0393486022949219 -0.0474815368652344 0.0678672790527344
0.0663185119628906 0.00457000732421875 -0.059356689453125 0.018524169921875
0.0299606323242187 0.0704727172851563 -0.0351123809814453 -0.0182094573974609
-0.025054931640625 0.0724716186523438 0.00883865356445313 0.0318279266357422
-0.0674819946289063 0.036956787109375 -0.06256103515625 0.116317749023438
0.0492172241210938 0.0351181030273438 0.068603515625 -0.126930236816406
0.0380821228027344 -0.0312461853027344 0.00163650512695313 -0.0435600280761719
-0.00217437744140625 -0.0390052795410156 0.036956787109375 0.0281944274902344
-0.0276947021484375 -0.0136985778808594 0.0845489501953125 -0.0108184814453125
-0.0265293121337891 0.00903129577636719 0.0698051452636719 -0.0700759887695313
-0.0173263549804688 0.0246047973632813 0.0221176147460938 -0.1041259765625
-0.0133342742919922 0.0189857482910156 -0.0225067138671875 -0.103981018066406
-0.0137624740600586 0.016876220703125 -0.030029296875 -0.0794219970703125
-0.0195140838623047 0.0167427062988281 -0.0306625366210938 -0.06878662109375
-0.0250759124755859 -0.00209617614746094 -0.020751953125 -0.0629386901855469
-0.01458740234375 -0.0242958068847656 -0.0167884826660156 -0.0609664916992188
0.0166015625 -0.0347709655761719 -0.004638671875 -0.0744171142578125
0.0516166687011719 -0.00968170166015625 0.013702392578125 -0.0912551879882813
0.063446044921875 0.0291290283203125 0.0123443603515625 -0.133438110351563
0.0459861755371094 0.0633277893066406 0.017486572265625 -0.159912109375
0.0314865112304688 0.0957412719726562 0.0893020629882812 -0.10882568359375
0.0499725341796875 0.0225105285644531 0.0151500701904297 -0.0342426300048828
0.0369873046875 -0.00110244750976563 0.0428924560546875 0.0377540588378906
0.0176277160644531 -0.0146522521972656 0.0942840576171875 -0.00380706787109375
0.00553226470947266 -0.0144119262695313 0.0819625854492188 -0.06494140625
-0.00778102874755859 -0.0156888961791992 0.0302200317382813 -0.107452392578125
-0.0179023742675781 -0.0223655700683594 -0.0191268920898438 -0.106468200683594
-0.0151176452636719 -0.0215644836425781 -0.0296173095703125 -0.0757369995117188
-0.0211315155029297 -0.0267410278320313 -0.0292205810546875 -0.0653114318847656
-0.0104560852050781 -0.03857421875 -0.0233306884765625 -0.0581474304199219
0.0201263427734375 -0.0452461242675781 -0.019195556640625 -0.0526161193847656
0.0572319030761719 -0.0286140441894531 -0.00809860229492187 -0.066192626953125
0.0757293701171875 0.0337448120117188 0.00530242919921875 -0.0780868530273438
0.0683746337890625 0.0835647583007813 0.00821685791015625 -0.114700317382812
0.0272064208984375 0.118827819824219 0.0162887573242188 -0.132408142089844
0.0042724609375 0.143081665039062 0.0987396240234375 -0.0707855224609375
0.0489959716796875 0.0783843994140625 0.0253829956054688 -0.00963973999023437
0.0698318481445313 0.0466270446777344 0.0447540283203125 0.0538063049316406
0.0657539367675781 -0.00634384155273438 0.0986328125 0.0122528076171875
0.0430908203125 -0.0329704284667969 0.0899887084960938 -0.0485000610351563
0.00772857666015625 -0.05401611328125 0.0400466918945313 -0.097442626953125
-0.0175628662109375 -0.060516357421875 -0.01141357421875 -0.0944671630859375
-0.0135383605957031 -0.056640625 -0.0251579284667969 -0.0609092712402344
-0.021636962890625 -0.0653076171875 -0.0251083374023438 -0.0496749877929688
0.000221252441406255 -0.0719985961914062 -0.0264968872070312 -0.0415153503417969
0.0459098815917969 -0.0667037963867187 -0.0243568420410156 -0.0359115600585938
0.0877914428710938 -0.0307464599609375 -0.0166664123535156 -0.0530052185058594
0.0979385375976562 0.0608444213867187 -0.00476837158203125 -0.0640373229980469
0.0743026733398438 0.119392395019531 0.00627899169921875 -0.0893020629882812
0.010223388671875 0.156082153320313 0.00979614257812501 -0.0898056030273437
-0.025299072265625 0.16766357421875 0.0953826904296875 -0.0160369873046875
0.0343170166015625 0.122932434082031 0.0285434722900391 0.0270652770996094
0.0874862670898438 0.0937271118164063 0.04046630859375 0.0729293823242188
0.104690551757812 0.0106048583984375 0.0934982299804687 0.0338821411132813
0.0776596069335938 -0.0419387817382813 0.0893402099609375 -0.0229644775390625
0.0250701904296875 -0.0826797485351563 0.0464706420898438 -0.0743484497070313
-0.0130538940429687 -0.0892868041992188 -0.00157928466796876 -0.0707550048828125
-0.0106353759765625 -0.0824508666992188 -0.0170097351074219 -0.0377159118652344
-0.021331787109375 -0.0938491821289062 -0.0175056457519531 -0.0256023406982422
0.00614166259765625 -0.09539794921875 -0.0265979766845703 -0.0169830322265625
0.0619735717773438 -0.0836639404296875 -0.0287990570068359 -0.0138931274414063
0.106040954589844 -0.0355377197265625 -0.0254707336425781 -0.0360870361328125
0.11077880859375 0.0747222900390625 -0.012969970703125 -0.0509033203125
0.0741500854492187 0.137298583984375 0.00966644287109375 -0.0608329772949219
-0.00598144531250001 0.1707763671875 0.00120925903320312 -0.0391769409179687
-0.05169677734375 0.163162231445313 0.079498291015625 0.04486083984375
0.00807189941406251 0.143234252929687 0.0238189697265625 0.0689239501953125
0.0809402465820313 0.127288818359375 0.0299072265625 0.0899887084960938
0.122245788574219 0.0332183837890625 0.0770721435546875 0.056365966796875
0.100486755371094 -0.0374984741210938 0.0774459838867188 0.0067291259765625
0.0412826538085938 -0.0959854125976563 0.0475540161132813 -0.0411491394042969
-0.00597381591796876 -0.104286193847656 0.00852203369140625 -0.0377349853515625
-0.00584411621093751 -0.0960922241210938 -0.00658941268920898 -0.00822830200195313
-0.0190200805664063 -0.108985900878906 -0.00781440734863282 0.00382614135742187
0.01129150390625 -0.106605529785156 -0.0246143341064453 0.0121822357177734
0.0708084106445313 -0.08966064453125 -0.0314350128173828 0.0109500885009766
0.112297058105469 -0.0337066650390625 -0.0326747894287109 -0.0183486938476562
0.10821533203125 0.0830612182617188 -0.01806640625 -0.0385932922363281
0.061370849609375 0.140869140625 0.0159816741943359 -0.0326080322265625
-0.0244293212890625 0.163894653320313 -0.00897979736328125 0.0121831893920899
-0.0683822631835938 0.129478454589844 0.0550613403320312 0.101318359375
-0.0218429565429687 0.132171630859375 0.0131607055664062 0.106948852539063
0.0528488159179688 0.135490417480469 0.015838623046875 0.0990676879882813
0.111862182617187 0.05133056640625 0.05279541015625 0.0724639892578125
0.102340698242187 -0.0237808227539062 0.0578727722167969 0.0334815979003906
0.04998779296875 -0.0906219482421875 0.0422401428222656 -0.00466156005859375
0.00215911865234376 -0.102020263671875 0.017974853515625 -0.000808715820312506
-0.000129699707031241 -0.09454345703125 0.00465202331542969 0.0218029022216797
-0.0130233764648437 -0.108840942382813 0.0028533935546875 0.034698486328125
0.0161285400390625 -0.104339599609375 -0.0216217041015625 0.0409812927246094
0.0741653442382812 -0.0830459594726563 -0.0340805053710937 0.0339756011962891
0.10784912109375 -0.0240020751953125 -0.0399932861328125 -0.0025482177734375
0.0918502807617188 0.0877761840820313 -0.0223731994628906 -0.0288524627685547
0.0356826782226562 0.132156372070312 0.0206928253173828 -0.00656127929687499
-0.0439300537109375 0.137832641601563 -0.02252197265625 0.0599746704101563
-0.0710601806640625 0.07220458984375 0.0269927978515625 0.142532348632812
-0.0440139770507812 0.09161376953125 -0.000419616699218766 0.132293701171875
0.0151519775390625 0.111885070800781 0.00304412841796875 0.0992202758789063
0.0784912109375 0.056182861328125 0.0283203125 0.0790023803710938
0.0833358764648438 -0.00670623779296875 0.0349578857421875 0.0505409240722656
0.0478668212890625 -0.0692558288574219 0.0326919555664063 0.0276374816894531
0.0094451904296875 -0.082794189453125 0.0241298675537109 0.0334072113037109
0.00543975830078125 -0.0784225463867188 0.0149612426757813 0.0491943359375
-0.00461578369140626 -0.0925064086914063 0.0111351013183594 0.0633583068847656
0.0198898315429687 -0.0880813598632813 -0.0206985473632813 0.0682525634765625
0.0698471069335938 -0.0659637451171875 -0.0398826599121094 0.0543975830078125
0.0934371948242187 -0.00965118408203125 -0.0494270324707031 0.00992584228515626
0.0644683837890625 0.0854415893554688 -0.0278511047363281 -0.0219230651855469
0.00406646728515626 0.110366821289063 0.0193042755126953 0.0164966583251953
-0.0605850219726563 0.09423828125 -0.0409393310546875 0.09759521484375
-0.061492919921875 0.00234985351562501 0.00621032714843748 0.160354614257812
-0.0552177429199219 0.0345535278320312 -0.0088043212890625 0.14178466796875
-0.0206527709960938 0.0660552978515625 -0.00247192382812499 0.0916824340820312
0.0331573486328125 0.0467453002929688 0.011444091796875 0.07757568359375
0.048248291015625 0.00817108154296875 0.0171318054199219 0.0576629638671875
0.0364036560058594 -0.0366363525390625 0.0244178771972656 0.0497932434082031
0.014495849609375 -0.0503120422363281 0.0286369323730469 0.0579795837402344
0.0102577209472656 -0.0499229431152344 0.0233039855957031 0.0690536499023438
0.00484085083007812 -0.0629806518554688 0.0160751342773437 0.0859298706054687
0.0211677551269531 -0.0605354309082031 -0.0220260620117188 0.0893402099609375
0.0564079284667969 -0.0411338806152344 -0.048126220703125 0.06829833984375
0.068389892578125 0.00405502319335937 -0.0601692199707031 0.0183181762695312
0.0314559936523438 0.072174072265625 -0.035552978515625 -0.0187911987304687
-0.0257949829101563 0.0743408203125 0.00976181030273438 0.0315494537353516
-0.0687789916992188 0.0383567810058594 -0.063262939453125 0.118423461914063
0.0539131164550781 0.03656005859375 0.0701980590820313 -0.133171081542969
0.0393829345703125 -0.0337333679199219 -0.00121307373046875 -0.0445289611816406
-0.00327682495117188 -0.0416603088378906 0.0396156311035156 0.029937744140625
-0.0292472839355469 -0.0147266387939453 0.0885162353515625 -0.0119094848632813
-0.0283851623535156 0.00966453552246094 0.0722274780273438 -0.0739212036132812
-0.0176525115966797 0.0272922515869141 0.0220718383789062 -0.108612060546875
-0.0136775970458984 0.0211410522460938 -0.0251312255859375 -0.108283996582031
-0.0139369964599609 0.0183734893798828 -0.0321502685546875 -0.0819854736328125
-0.0192890167236328 0.0183429718017578 -0.0335311889648437 -0.0707168579101563
-0.0258064270019531 -0.000583648681640627 -0.0231971740722656 -0.0654716491699219
-0.0161476135253906 -0.0244426727294922 -0.0188446044921875 -0.0638160705566406
0.0162925720214844 -0.0368385314941406 -0.00575256347656251 -0.0794830322265625
0.0540313720703125 -0.0115394592285156 0.0144805908203125 -0.0969009399414063
0.066925048828125 0.0290489196777344 0.0110321044921875 -0.140457153320313
0.0495223999023438 0.0659217834472656 0.0157623291015625 -0.168167114257813
0.0356903076171875 0.100135803222656 0.0905227661132813 -0.115425109863281
0.0521926879882813 0.0227127075195313 0.0137786865234375 -0.0358810424804688
0.0383148193359375 -0.00271987915039063 0.0457344055175781 0.0405502319335938
0.0179729461669922 -0.0160999298095703 0.0989913940429688 -0.00447845458984375
0.00521945953369141 -0.0152044296264648 0.08538818359375 -0.0690078735351563
-0.00881671905517578 -0.0151252746582031 0.0308685302734375 -0.112457275390625
-0.0194797515869141 -0.0218734741210938 -0.0217361450195313 -0.110427856445313
-0.0162277221679688 -0.021881103515625 -0.031890869140625 -0.07818603515625
-0.0224666595458984 -0.0264129638671875 -0.0318374633789063 -0.0669288635253906
-0.0115737915039062 -0.0392112731933594 -0.0258255004882813 -0.0603752136230469
0.0192794799804688 -0.0468292236328125 -0.0211105346679688 -0.0552902221679688
0.0587310791015625 -0.0309867858886719 -0.009063720703125 -0.0703887939453125
0.0804595947265625 0.033935546875 0.00604248046875 -0.0836257934570313
0.0732269287109375 0.0854415893554688 0.00751495361328125 -0.121208190917969
0.030029296875 0.125160217285156 0.0147705078125 -0.139114379882812
0.00764465332031248 0.150604248046875 0.101669311523438 -0.0755844116210937
0.0513153076171875 0.0809555053710938 0.0241470336914063 -0.0103397369384766
0.07427978515625 0.046905517578125 0.0471038818359375 0.0573158264160156
0.0679397583007813 -0.00825119018554688 0.104042053222656 0.0127105712890625
0.0439949035644531 -0.0351104736328125 0.0951004028320313 -0.0521011352539063
0.00646591186523437 -0.0555686950683594 0.0407791137695313 -0.102706909179687
-0.0201644897460938 -0.0617408752441406 -0.0137786865234375 -0.098388671875
-0.0153732299804688 -0.0588493347167969 -0.0269012451171875 -0.0629158020019531
-0.0240325927734375 -0.0665817260742188 -0.0276107788085938 -0.0510635375976563
-0.00120544433593751 -0.07330322265625 -0.0292167663574219 -0.0431175231933594
0.0456390380859375 -0.0701789855957031 -0.0268630981445312 -0.0380706787109375
0.091094970703125 -0.0338287353515625 -0.0179710388183594 -0.0567436218261719
0.103752136230469 0.0622406005859375 -0.00458908081054686 -0.0690765380859375
0.0801162719726563 0.122955322265625 0.005889892578125 -0.0943603515625
0.0125579833984375 0.164031982421875 0.00833892822265624 -0.094512939453125
-0.0237884521484375 0.176712036132812 0.0992584228515625 -0.0182266235351562
0.0366973876953125 0.127655029296875 0.0278892517089844 0.0274581909179688
0.0933380126953125 0.0958938598632813 0.0426864624023438 0.0780868530273438
0.109222412109375 0.00887298583984375 0.0986175537109375 0.0359573364257813
0.0799484252929688 -0.044219970703125 0.09442138671875 -0.0249099731445313
0.0238723754882812 -0.0859451293945313 0.0474929809570313 -0.07891845703125
-0.01605224609375 -0.0924148559570312 -0.00316619873046875 -0.073822021484375
-0.012847900390625 -0.0859756469726563 -0.0182533264160156 -0.0380134582519531
-0.0250625610351563 -0.0961532592773437 -0.0198879241943359 -0.0263538360595703
0.004119873046875 -0.098602294921875 -0.0290641784667969 -0.0176811218261719
0.0620269775390625 -0.0878677368164063 -0.0310764312744141 -0.014495849609375
0.109588623046875 -0.0389328002929688 -0.0272789001464844 -0.0388069152832031
0.117897033691406 0.0760879516601563 -0.0130195617675781 -0.0548248291015625
0.0806121826171875 0.14154052734375 0.00907516479492188 -0.0651168823242187
-0.00392150878906248 0.180084228515625 -3.81469726562197E-06 -0.0414161682128906
-0.052001953125 0.171920776367187 0.083343505859375 0.0454940795898438
0.00933837890625001 0.149688720703125 0.0238800048828125 0.0708160400390625
0.0869598388671875 0.13189697265625 0.0308303833007812 0.0955963134765625
0.127738952636719 0.0320281982421875 0.081207275390625 0.0603256225585938
0.103805541992188 -0.0407562255859375 0.0835647583007813 0.0065460205078125
0.0407867431640625 -0.100204467773438 0.0493354797363281 -0.0441207885742188
-0.00917053222656249 -0.108100891113281 0.00843048095703125 -0.0400276184082031
-0.00788879394531249 -0.099884033203125 -0.00737619400024414 -0.00774526596069337
-0.0226287841796875 -0.112411499023437 -0.00878143310546875 0.00390148162841796
0.00881958007812499 -0.111053466796875 -0.0266151428222656 0.0129032135009766
0.0716934204101563 -0.0948944091796875 -0.0335025787353516 0.0108833312988281
0.116401672363281 -0.03717041015625 -0.0346240997314453 -0.0201168060302734
0.115554809570313 0.084991455078125 -0.0183181762695312 -0.0413856506347656
0.0668182373046875 0.145339965820313 0.0167160034179688 -0.0351676940917969
-0.0228424072265625 0.172988891601563 -0.00954151153564453 0.0130739212036133
-0.0696487426757812 0.136917114257812 0.0588302612304687 0.10491943359375
-0.0224609375 0.138015747070313 0.0137863159179687 0.110923767089844
0.05792236328125 0.141311645507813 0.015960693359375 0.105583190917969
0.117691040039062 0.0516815185546875 0.0562057495117188 0.0774612426757813
0.106582641601563 -0.0257949829101563 0.062591552734375 0.035125732421875
0.0497817993164063 -0.0952911376953125 0.0447425842285156 -0.00622177124023438
-0.000511169433593743 -0.106407165527344 0.0185031890869141 -0.00148200988769532
-0.00214385986328125 -0.09912109375 0.00496101379394532 0.0234375
-0.0169219970703125 -0.112907409667969 0.00238418579101563 0.0361289978027344
0.013824462890625 -0.109107971191406 -0.0230712890625 0.0430221557617187
0.0748443603515625 -0.0884552001953125 -0.0358123779296875 0.0349617004394531
0.112838745117188 -0.0271377563476563 -0.0416603088378906 -0.00340652465820313
0.0981597900390625 0.0901870727539063 -0.0228080749511719 -0.0307331085205078
0.039794921875 0.136955261230469 0.0215816497802734 -0.00797080993652343
-0.0435638427734375 0.145660400390625 -0.0223197937011719 0.0630226135253906
-0.073089599609375 0.0759735107421875 0.030548095703125 0.148040771484375
-0.0453262329101563 0.0965042114257813 0.000503540039062509 0.137535095214844
0.018218994140625 0.117530822753906 0.00319671630859376 0.105079650878906
0.0826568603515625 0.057708740234375 0.0307846069335938 0.084320068359375
0.087158203125 -0.00806427001953125 0.0389251708984375 0.053192138671875
0.048431396484375 -0.0728530883789063 0.0354232788085938 0.0278816223144531
0.00730133056640624 -0.087005615234375 0.0261993408203125 0.0342063903808594
0.00375366210937499 -0.0822982788085938 0.0167388916015625 0.0515174865722656
-0.00760650634765624 -0.096282958984375 0.012237548828125 0.0655288696289063
0.0179061889648438 -0.0923995971679688 -0.0212478637695313 0.0715866088867188
0.0709991455078125 -0.0705795288085938 -0.0412178039550781 0.0559730529785156
0.097869873046875 -0.0121307373046875 -0.0514030456542969 0.0105018615722656
0.069488525390625 0.0889434814453125 -0.0288791656494141 -0.0232677459716797
0.00623321533203125 0.115318298339844 0.0210723876953125 0.0155086517333984
-0.062347412109375 0.0997695922851563 -0.0414276123046875 0.101943969726562
-0.0644645690917969 0.00299072265625 0.00923156738281249 0.167755126953125
-0.0578155517578125 0.0370597839355469 -0.00770568847656249 0.148056030273438
-0.0200004577636719 0.0699424743652344 -0.00284576416015626 0.0973281860351563
0.0361862182617188 0.0486984252929688 0.0130691528320313 0.0828475952148438
0.0509033203125 0.00792694091796875 0.0203018188476563 0.0613594055175781
0.0372390747070313 -0.0394325256347656 0.0275382995605469 0.0511283874511719
0.0136260986328125 -0.0534210205078125 0.0313148498535156 0.0599479675292969
0.00962066650390625 -0.0533218383789063 0.0253524780273438 0.0709991455078125
0.00304794311523438 -0.0657768249511719 0.0175018310546875 0.0892410278320313
0.0203590393066406 -0.0635719299316406 -0.022430419921875 0.0928802490234375
0.0579261779785156 -0.0443763732910156 -0.0497894287109375 0.0711288452148437
0.0720291137695313 0.00252532958984375 -0.0630874633789063 0.0196456909179687
0.0346527099609375 0.0755767822265625 -0.0369911193847656 -0.0202674865722656
-0.0260238647460938 0.0780410766601563 0.0120582580566406 0.0322017669677734
-0.0713272094726563 0.0411224365234375 -0.0639419555664063 0.124168395996094
0.0601615905761719 0.036834716796875 0.0681915283203125 -0.143325805664063
0.0402450561523438 -0.0371055603027344 -0.00440597534179687 -0.0459403991699219
-0.00609588623046875 -0.0445327758789062 0.0436897277832031 0.0310935974121094
-0.0320453643798828 -0.0145473480224609 0.093017578125 -0.0157928466796875
-0.0301513671875 0.0112781524658203 0.0734634399414063 -0.080047607421875
-0.017333984375 0.0305080413818359 0.019866943359375 -0.114921569824219
-0.0131988525390625 0.0239467620849609 -0.0305404663085937 -0.112937927246094
-0.0132293701171875 0.0204658508300781 -0.037017822265625 -0.0852584838867187
-0.0182151794433594 0.0209465026855469 -0.0384979248046875 -0.0727767944335937
-0.0265159606933594 0.00194358825683594 -0.0274810791015625 -0.0680046081542969
-0.0183486938476562 -0.0246925354003906 -0.0228004455566406 -0.0674171447753906
0.0150604248046875 -0.0397872924804688 -0.00962829589843751 -0.0853271484375
0.0566749572753906 -0.015167236328125 0.0124664306640625 -0.104454040527344
0.0718994140625 0.0274124145507813 0.0066070556640625 -0.148666381835938
0.0556983947753906 0.068511962890625 0.00865173339843751 -0.178817749023437
0.0434036254882813 0.105430603027344 0.09112548828125 -0.125732421875
0.0557518005371094 0.0212173461914063 0.0108222961425781 -0.0373954772949219
0.0405921936035156 -0.00493621826171875 0.0501289367675781 0.0421791076660156
0.0176601409912109 -0.0184307098388672 0.104560852050781 -0.007720947265625
0.00438117980957031 -0.0160799026489258 0.08807373046875 -0.0760269165039063
-0.0102748870849609 -0.0146627426147461 0.0285568237304687 -0.120040893554688
-0.0214252471923828 -0.0210628509521484 -0.0278778076171875 -0.115287780761719
-0.0178050994873047 -0.0217761993408203 -0.0363235473632812 -0.08111572265625
-0.0239906311035156 -0.0256729125976563 -0.0370292663574219 -0.0692863464355469
-0.0135383605957031 -0.0395622253417969 -0.0305557250976562 -0.0623397827148438
0.0175895690917969 -0.0498237609863281 -0.0254936218261719 -0.05841064453125
0.0601959228515625 -0.0358428955078125 -0.0126495361328125 -0.0762405395507813
0.0867919921875 0.0313720703125 0.00412750244140626 -0.090576171875
0.081146240234375 0.086151123046875 0.00300598144531249 -0.128753662109375
0.0378799438476563 0.132064819335938 0.00883483886718749 -0.148529052734375
0.015716552734375 0.159896850585938 0.104339599609375 -0.0840988159179687
0.0569000244140625 0.0831756591796875 0.022796630859375 -0.0116672515869141
0.0809173583984375 0.0452423095703125 0.0525474548339844 0.0610084533691406
0.0707244873046875 -0.0126724243164062 0.110824584960937 0.0105361938476563
0.0448341369628906 -0.0386810302734375 0.09893798828125 -0.0584487915039063
0.0035400390625 -0.0581550598144531 0.03936767578125 -0.110130310058594
-0.0244369506835937 -0.0635147094726563 -0.019012451171875 -0.103492736816406
-0.0188446044921875 -0.0610389709472656 -0.03070068359375 -0.0646705627441406
-0.0283203125 -0.0684585571289063 -0.0317344665527344 -0.0522613525390625
-0.004791259765625 -0.0759811401367188 -0.0332717895507813 -0.0442619323730469
0.0441513061523437 -0.0756683349609375 -0.0304374694824219 -0.0401458740234375
0.0940780639648438 -0.0401153564453125 -0.0214004516601563 -0.0611991882324219
0.113227844238281 0.0606231689453125 -0.00614166259765625 -0.0750045776367188
0.0899581909179688 0.125030517578125 0.00286865234375001 -0.101051330566406
0.021026611328125 0.1739501953125 0.00450897216796875 -0.100494384765625
-0.0171356201171875 0.188796997070313 0.103897094726563 -0.0236587524414062
0.0431671142578125 0.133560180664063 0.0286293029785156 0.027801513671875
0.103530883789062 0.0971527099609375 0.0474014282226562 0.0829925537109375
0.11529541015625 0.0041351318359375 0.106094360351563 0.0360565185546875
0.0833511352539063 -0.0503768920898437 0.100761413574219 -0.0296783447265625
0.0213241577148438 -0.0906295776367188 0.0476760864257813 -0.0857315063476562
-0.0220489501953125 -0.0960159301757813 -0.00644683837890625 -0.0777511596679688
-0.0171966552734375 -0.0899200439453125 -0.021026611328125 -0.0388107299804688
-0.031097412109375 -0.0995254516601563 -0.0230178833007813 -0.02655029296875
-0.000503540039062509 -0.102767944335938 -0.0328655242919922 -0.0171623229980469
0.060760498046875 -0.0951919555664062 -0.0343151092529297 -0.0150470733642578
0.113510131835938 -0.0460662841796875 -0.0304069519042969 -0.0417366027832031
0.128684997558594 0.0753173828125 -0.0147933959960937 -0.0593719482421875
0.0912017822265625 0.14447021484375 0.00752639770507813 -0.0702018737792969
0.00402832031249999 0.191253662109375 -0.002471923828125 -0.0442047119140625
-0.047760009765625 0.184890747070313 0.0899581909179688 0.0443954467773438
0.014801025390625 0.157608032226563 0.0260238647460938 0.0732040405273438
0.0988082885742188 0.135848999023438 0.0354995727539063 0.102958679199219
0.135749816894531 0.0282745361328125 0.0887069702148438 0.062896728515625
0.108879089355469 -0.0472030639648438 0.0902023315429687 0.0047149658203125
0.0379180908203125 -0.106643676757813 0.0507965087890625 -0.0498237609863281
-0.0151290893554688 -0.11322021484375 0.00672149658203125 -0.0426406860351563
-0.0130538940429687 -0.1053466796875 -0.00808048248291015 -0.00757408142089845
-0.0301055908203125 -0.116378784179688 -0.0105562210083008 0.00541019439697265
0.00344848632812501 -0.1162109375 -0.0288257598876953 0.01434326171875
0.0699539184570313 -0.103034973144531 -0.0357589721679687 0.0115966796875
0.121086120605469 -0.0449142456054688 -0.0374641418457031 -0.021942138671875
0.126861572265625 0.0839691162109375 -0.0199432373046875 -0.0445785522460937
0.077117919921875 0.149795532226563 0.0166168212890625 -0.0395393371582031
-0.01715087890625 0.184814453125 -0.0103387832641602 0.0139608383178711
-0.0685577392578125 0.148040771484375 0.0664749145507813 0.108039855957031
-0.0193023681640625 0.147003173828125 0.01715087890625 0.115814208984375
0.0674896240234375 0.147552490234375 0.0197906494140625 0.113197326660156
0.126449584960938 0.04962158203125 0.0630645751953125 0.0824966430664063
0.112457275390625 -0.0317459106445312 0.0692977905273438 0.0346565246582031
0.0479049682617188 -0.101966857910156 0.0471458435058594 -0.00944137573242188
-0.00640106201171875 -0.112136840820313 0.0194892883300781 -0.00271987915039063
-0.00696563720703126 -0.104988098144531 0.006378173828125 0.0255203247070312
-0.0238037109375 -0.117118835449219 0.00289535522460937 0.0380897521972656
0.00807952880859376 -0.114578247070312 -0.0234909057617188 0.0462379455566406
0.0736312866210938 -0.096893310546875 -0.0374107360839844 0.0374641418457031
0.117469787597656 -0.0336761474609375 -0.0443344116210938 -0.00292587280273437
0.108421325683594 0.0907440185546875 -0.0248260498046875 -0.0332603454589844
0.0484466552734375 0.142318725585937 0.0233135223388672 -0.0109310150146484
-0.0399017333984375 0.156326293945313 -0.0215606689453125 0.0672187805175781
-0.0747222900390625 0.08349609375 0.037933349609375 0.155181884765625
-0.045135498046875 0.104072570800781 0.0042877197265625 0.144744873046875
0.0241317749023437 0.124343872070313 0.00627899169921875 0.113250732421875
0.089996337890625 0.0573883056640625 0.0361251831054688 0.0904693603515625
0.0926361083984375 -0.0119094848632812 0.0449028015136719 0.0556144714355469
0.047515869140625 -0.0789566040039063 0.0388259887695313 0.0270271301269531
0.00318145751953125 -0.0924301147460938 0.0289287567138672 0.0343875885009766
8.39233398437429E-05 -0.0875244140625 0.0195198059082031 0.0542716979980469
-0.0133209228515625 -0.100837707519531 0.014495849609375 0.0688667297363281
0.0137100219726563 -0.0980300903320313 -0.02069091796875 0.075775146484375
0.0705032348632813 -0.0780563354492188 -0.04193115234375 0.0601654052734375
0.102531433105469 -0.017608642578125 -0.0539627075195312 0.0122184753417969
0.0783920288085938 0.0910568237304688 -0.0306224822998047 -0.0245685577392578
0.0117874145507812 0.121063232421875 0.0241603851318359 0.0146770477294922
-0.0617523193359375 0.108955383300781 -0.0391769409179688 0.10931396484375
-0.068572998046875 0.00545883178710936 0.0166778564453125 0.175933837890625
-0.0601425170898438 0.0415306091308594 -0.00299072265625001 0.156173706054688
-0.0177459716796875 0.076171875 -0.000495910644531242 0.104209899902344
0.0404624938964844 0.0500373840332031 0.01739501953125 0.0893325805664063
0.0549774169921875 0.0063934326171875 0.0252113342285156 0.0651359558105469
0.0370826721191406 -0.0430755615234375 0.0321235656738281 0.0526809692382812
0.0116958618164063 -0.0580635070800781 0.0356101989746094 0.0611419677734375
0.00775909423828124 -0.0571517944335938 0.0298233032226563 0.0746307373046875
-0.000350952148437499 -0.0695724487304688 0.021209716796875 0.0929794311523437
0.0176963806152344 -0.0684394836425781 -0.0206375122070313 0.098876953125
0.0592041015625 -0.0503921508789063 -0.0497589111328125 0.0763168334960938
0.0766525268554688 -0.0005340576171875 -0.0657920837402344 0.0220603942871094
0.0402450561523438 0.0791244506835938 -0.0395240783691406 -0.0206146240234375
-0.0240631103515625 0.0840530395507813 0.0155448913574219 0.031972885131836
-0.0741729736328125 0.0461349487304688 -0.0623550415039063 0.133369445800781
0.0669326782226563 0.0339164733886719 0.0613861083984375 -0.154403686523438
0.0389671325683594 -0.0416793823242188 -0.00986862182617188 -0.0460395812988281
-0.0102653503417969 -0.0467185974121094 0.04827880859375 0.0308341979980469
-0.0352821350097656 -0.0137138366699219 0.0966262817382813 -0.0214767456054688
-0.0311126708984375 0.0147018432617188 0.0710830688476563 -0.0880966186523438
-0.0151596069335937 0.0342521667480469 0.0143203735351562 -0.120834350585938
-0.0110111236572266 0.0268783569335938 -0.03955078125 -0.115119934082031
-0.0110492706298828 0.0224399566650391 -0.0441741943359375 -0.0860977172851562
-0.0162734985351563 0.0238285064697266 -0.0456008911132812 -0.0725479125976563
-0.0273036956787109 0.005126953125 -0.0337295532226562 -0.0693321228027344
-0.0214042663574219 -0.0231571197509766 -0.0286788940429688 -0.0694084167480469
0.0120353698730469 -0.0431938171386719 -0.0156784057617188 -0.0904464721679688
0.0578689575195313 -0.0210151672363281 0.00679779052734376 -0.111541748046875
0.0767135620117188 0.0231781005859375 -0.00244140625 -0.155364990234375
0.0644493103027344 0.0679740905761719 -0.00387573242187498 -0.187545776367188
0.0548171997070313 0.10736083984375 0.0864410400390625 -0.136817932128906
0.0593185424804688 0.01788330078125 0.00649642944335938 -0.0389595031738281
0.0415840148925781 -0.00943756103515625 0.0558624267578125 0.0422210693359375
0.0159149169921875 -0.0210704803466797 0.10906982421875 -0.0136489868164063
0.00286102294921875 -0.0171709060668945 0.087310791015625 -0.0848541259765625
-0.011561393737793 -0.0131187438964844 0.0221633911132812 -0.126907348632813
-0.0237255096435547 -0.0188217163085938 -0.0366134643554688 -0.117729187011719
-0.0191249847412109 -0.021148681640625 -0.0430068969726562 -0.0814590454101563
-0.0262107849121094 -0.0244770050048828 -0.0438690185546875 -0.069061279296875
-0.0171699523925781 -0.0388679504394531 -0.0369491577148437 -0.062835693359375
0.01385498046875 -0.0523109436035156 -0.0309333801269531 -0.0599746704101562
0.0595436096191406 -0.0415267944335938 -0.0184555053710937 -0.0806732177734375
0.0928497314453125 0.0257186889648438 -0.000694274902343743 -0.0967941284179688
0.090545654296875 0.0829391479492188 -0.00467681884765625 -0.135169982910156
0.0496368408203125 0.135971069335938 -0.000732421875000008 -0.156219482421875
0.0291748046875 0.16644287109375 0.103233337402344 -0.0952224731445312
0.0646820068359375 0.0828323364257813 0.0205001831054688 -0.0134010314941406
0.08770751953125 0.0408935546875 0.0590438842773438 0.0623626708984375
0.0722579956054688 -0.0188446044921875 0.117340087890625 0.0051116943359375
0.044036865234375 -0.0436172485351563 0.100730895996094 -0.0677947998046875
-0.000793457031250001 -0.0589103698730469 0.0338821411132812 -0.1180419921875
-0.030364990234375 -0.0634841918945313 -0.0269012451171875 -0.105888366699219
-0.0237045288085938 -0.0617103576660156 -0.0357894897460938 -0.0646247863769531
-0.0344161987304688 -0.068023681640625 -0.0376472473144531 -0.0519905090332031
-0.01092529296875 -0.0776214599609375 -0.0386238098144531 -0.0435066223144531
0.040283203125 -0.0808868408203125 -0.0356559753417969 -0.0407752990722656
0.0949859619140625 -0.0483856201171875 -0.0269622802734375 -0.0649261474609375
0.122566223144531 0.0540847778320313 -0.0109710693359375 -0.0801239013671875
0.102996826171875 0.122795104980469 -0.00350189208984375 -0.106964111328125
0.034515380859375 0.181350708007812 -0.00252532958984376 -0.105636596679688
-0.00341796875 0.199417114257813 0.107025146484375 -0.032135009765625
0.0531692504882813 0.136428833007813 0.0292243957519531 0.0270786285400391
0.115730285644531 0.0937728881835938 0.055023193359375 0.0863494873046875
0.119949340820313 -0.00389862060546875 0.114326477050781 0.0328598022460938
0.0830764770507813 -0.058380126953125 0.105194091796875 -0.0380172729492188
0.0150833129882813 -0.0947952270507812 0.0440444946289062 -0.0930862426757813
-0.0303192138671875 -0.0973587036132813 -0.01239013671875 -0.0808258056640625
-0.0245742797851562 -0.0923919677734375 -0.0235595703125 -0.0380172729492188
-0.0399627685546875 -0.1004638671875 -0.0269813537597656 -0.0253677368164063
-0.008697509765625 -0.105941772460937 -0.036529541015625 -0.0153465270996094
0.0552978515625 -0.1029052734375 -0.0380401611328125 -0.0141525268554688
0.115333557128906 -0.0562210083007813 -0.0351333618164062 -0.0440635681152344
0.139923095703125 0.0688629150390625 -0.018829345703125 -0.0632781982421875
0.105316162109375 0.143600463867188 0.00351715087890626 -0.0751266479492187
0.0176849365234375 0.200454711914062 -0.00577545166015625 -0.0460014343261719
-0.03662109375 0.197219848632813 0.0968475341796875 0.0397109985351563
0.025238037109375 0.163589477539063 0.0298995971679687 0.0744094848632813
0.112823486328125 0.135322570800781 0.0430068969726563 0.107559204101563
0.1435546875 0.0198974609375 0.0980758666992188 0.0617828369140625
0.11077880859375 -0.0566787719726563 0.0966415405273438 -0.0013580322265625
0.0310287475585937 -0.112922668457031 0.0494194030761719 -0.0559234619140625
-0.0249862670898438 -0.11651611328125 0.00402450561523438 -0.0448837280273438
-0.0215606689453125 -0.108612060546875 -0.00815010070800781 -0.00599861145019532
-0.0399932861328125 -0.11798095703125 -0.0112371444702148 0.00672817230224608
-0.005706787109375 -0.1202392578125 -0.0298366546630859 0.0173912048339844
0.0641250610351563 -0.111930847167969 -0.0375404357910156 0.0133399963378906
0.122756958007813 -0.055633544921875 -0.0410499572753906 -0.02227783203125
0.139205932617187 0.0785293579101563 -0.0235061645507812 -0.04779052734375
0.091094970703125 0.1495361328125 0.0149917602539063 -0.0437469482421875
-0.00476074218749999 0.195053100585938 -0.00970649719238281 0.0151081085205078
-0.0608978271484375 0.15985107421875 0.076873779296875 0.10772705078125
-0.01116943359375 0.154983520507813 0.0237274169921875 0.118499755859375
0.081451416015625 0.149612426757812 0.0272445678710938 0.119697570800781
0.134681701660156 0.0428237915039062 0.0722274780273438 0.0840072631835938
0.116050720214844 -0.0408401489257813 0.0766448974609375 0.0325393676757813
0.0420074462890625 -0.109085083007813 0.048797607421875 -0.0135459899902344
-0.0161590576171875 -0.116386413574219 0.0197792053222656 -0.00420570373535157
-0.01513671875 -0.108749389648438 0.00890541076660156 0.0264225006103516
-0.034210205078125 -0.119583129882812 0.00420379638671874 0.0393142700195313
-0.0007476806640625 -0.118988037109375 -0.0227432250976563 0.0499496459960937
0.0687408447265625 -0.106155395507813 -0.0371856689453125 0.0408363342285156
0.119720458984375 -0.0442581176757813 -0.0467948913574219 -0.00180435180664064
0.120628356933594 0.0870590209960938 -0.0273380279541016 -0.0344905853271484
0.060760498046875 0.144058227539063 0.0240898132324219 -0.0144195556640625
-0.03076171875 0.166671752929688 -0.0180435180664063 0.0714492797851563
-0.0725326538085938 0.0928726196289063 0.0503692626953125 0.158111572265625
-0.0409011840820313 0.111732482910156 0.0135650634765625 0.149826049804688
0.0343704223632813 0.129104614257813 0.0122756958007813 0.120307922363281
0.0984878540039063 0.05389404296875 0.0444793701171875 0.0939483642578125
0.0966262817382813 -0.018951416015625 0.0519943237304688 0.0558586120605469
0.0433578491210938 -0.0856399536132813 0.0426864624023438 0.0247611999511719
-0.00482177734375 -0.09649658203125 0.0326251983642578 0.0332393646240234
-0.00662231445312501 -0.091796875 0.0243988037109375 0.0555496215820312
-0.0220794677734375 -0.103874206542969 0.0189056396484375 0.0709457397460938
0.00647735595703126 -0.102584838867188 -0.0172882080078125 0.0803604125976563
0.0675125122070313 -0.0866470336914063 -0.0405235290527344 0.0641937255859375
0.106170654296875 -0.0264053344726563 -0.0559310913085937 0.0150642395019531
0.0886611938476563 0.0903472900390625 -0.0334644317626953 -0.0252513885498047
0.0209732055664063 0.125213623046875 0.0269355773925781 0.0116157531738281
-0.0565643310546875 0.118515014648438 -0.033416748046875 0.116584777832031
-0.0713729858398438 0.00999450683593749 0.029632568359375 0.182296752929688
-0.0604209899902344 0.048095703125 0.00666809082031249 0.162689208984375
-0.0124588012695312 0.0815505981445313 0.00524902343750001 0.110504150390625
0.0466575622558594 0.0491828918457031 0.024871826171875 0.0941696166992187
0.0587196350097656 0.00270843505859375 0.0319480895996094 0.0673027038574219
0.0355606079101563 -0.048309326171875 0.0374412536621094 0.0517539978027344
0.00669097900390625 -0.0618247985839844 0.0420494079589844 0.0608024597167969
0.00329589843750001 -0.0608100891113281 0.0358810424804687 0.0759353637695313
-0.0057220458984375 -0.0730514526367188 0.0279083251953125 0.0959701538085938
0.0127716064453125 -0.0728302001953125 -0.0157318115234375 0.104576110839844
0.057830810546875 -0.0577888488769531 -0.0474777221679688 0.081817626953125
0.0804214477539063 -0.00653839111328125 -0.0678024291992188 0.0266342163085937
0.0481414794921875 0.0807876586914063 -0.0421066284179688 -0.02008056640625
-0.0195770263671875 0.0900344848632813 0.0194873809814453 0.0306797027587891
-0.0741806030273438 0.05389404296875 -0.055938720703125 0.1431884765625
0.0723876953125 0.0283432006835938 0.0506439208984375 -0.160736083984375
0.0359268188476563 -0.0455703735351563 -0.0151405334472656 -0.0446090698242188
-0.0151939392089844 -0.0471878051757813 0.0516586303710938 0.0284423828125
-0.0381317138671875 -0.0113868713378906 0.09649658203125 -0.027679443359375
-0.0315284729003906 0.0178279876708984 0.06610107421875 -0.0931930541992188
-0.0119209289550781 0.0370826721191406 0.00614166259765624 -0.123039245605469
-0.00787544250488281 0.0289325714111328 -0.0484390258789063 -0.113372802734375
-0.00903892517089844 0.0236396789550781 -0.0506668090820313 -0.0841064453125
-0.0134410858154297 0.0255355834960938 -0.0516548156738281 -0.0697097778320312
-0.0260715484619141 0.00843429565429687 -0.0398406982421875 -0.0678062438964844
-0.0238094329833984 -0.0210475921630859 -0.0343513488769531 -0.0691909790039063
0.0081939697265625 -0.0453224182128906 -0.0228424072265625 -0.0925979614257813
0.0564460754394531 -0.0264358520507813 -0.00067901611328125 -0.114791870117188
0.0795516967773437 0.017608642578125 -0.0132598876953125 -0.156784057617187
0.071380615234375 0.06402587890625 -0.01837158203125 -0.1900634765625
0.0651168823242188 0.10430908203125 0.0768280029296875 -0.14605712890625
0.0612907409667969 0.0134735107421875 0.00164413452148438 -0.0385284423828125
0.0405158996582031 -0.013671875 0.0601463317871094 0.0402984619140625
0.0134449005126953 -0.0233917236328125 0.110328674316406 -0.0207138061523438
0.000708580017089843 -0.0170831680297852 0.0831069946289063 -0.091949462890625
-0.0127840042114258 -0.0109043121337891 0.0139694213867187 -0.130218505859375
-0.0253028869628906 -0.0158138275146484 -0.0460968017578125 -0.115867614746094
-0.0206146240234375 -0.0198631286621094 -0.0490951538085938 -0.079559326171875
-0.0274829864501953 -0.0219974517822266 -0.0504798889160156 -0.0659408569335938
-0.0194740295410156 -0.0358695983886719 -0.0424537658691406 -0.0610084533691406
0.00978469848632813 -0.0525321960449219 -0.0363693237304688 -0.0594024658203125
0.0566291809082031 -0.0465278625488281 -0.0252151489257812 -0.0827407836914062
0.0959396362304687 0.0177001953125 -0.00724029541015623 -0.0999679565429688
0.0979766845703125 0.0763778686523438 -0.0146026611328125 -0.137100219726563
0.0619354248046875 0.134468078613281 -0.01312255859375 -0.158477783203125
0.0435028076171875 0.166427612304687 0.0975570678710937 -0.104774475097656
0.071563720703125 0.0794906616210938 0.0176029205322266 -0.0145473480224609
0.0918197631835938 0.0335159301757813 0.064971923828125 0.0610198974609375
0.0703659057617188 -0.0242767333984375 0.120475769042969 -0.00182342529296875
0.040679931640625 -0.0478553771972656 0.09844970703125 -0.0762252807617188
-0.00522613525390626 -0.0582542419433594 0.0259552001953125 -0.121917724609375
-0.0358734130859375 -0.0605278015136719 -0.0351409912109375 -0.105224609375
-0.0282249450683594 -0.0603866577148438 -0.0404777526855469 -0.0626296997070313
-0.039398193359375 -0.0649185180664062 -0.0429573059082031 -0.0491371154785156
-0.0170440673828125 -0.0757369995117188 -0.043121337890625 -0.0413551330566406
0.033447265625 -0.083526611328125 -0.039886474609375 -0.0392417907714844
0.0916061401367188 -0.0561065673828125 -0.0325889587402343 -0.0659866333007813
0.12872314453125 0.044677734375 -0.016326904296875 -0.0827102661132813
0.112747192382813 0.115425109863281 -0.0117034912109375 -0.108612060546875
0.049652099609375 0.1822509765625 -0.01092529296875 -0.10748291015625
0.012725830078125 0.202621459960938 0.106300354003906 -0.0413742065429687
0.0635604858398438 0.134635925292969 0.0290756225585938 0.0253524780273438
0.124671936035156 0.0857772827148437 0.06207275390625 0.0861434936523438
0.120368957519531 -0.0137100219726563 0.119773864746094 0.027099609375
0.0800094604492188 -0.0657958984375 0.105300903320313 -0.0460357666015625
0.00733947753906249 -0.0956954956054688 0.0379104614257812 -0.097869873046875
-0.0389556884765625 -0.0947723388671875 -0.0186004638671875 -0.0802536010742187
-0.0314788818359375 -0.09124755859375 -0.0263442993164063 -0.0365142822265625
-0.0482025146484375 -0.0969619750976562 -0.0298709869384766 -0.0227088928222656
-0.0171890258789063 -0.104705810546875 -0.0390167236328125 -0.012451171875
0.047027587890625 -0.107315063476563 -0.0407371520996094 -0.0121574401855469
0.111305236816406 -0.0658111572265625 -0.0394096374511719 -0.0444755554199219
0.14764404296875 0.05804443359375 -0.0233688354492187 -0.0652923583984375
0.1168212890625 0.135566711425781 -0.0020751953125 -0.0777435302734375
0.033416748046875 0.20330810546875 -0.0092926025390625 -0.0468902587890625
-0.0213775634765625 0.202865600585937 0.10101318359375 0.0325393676757813
0.036468505859375 0.1644287109375 0.0334396362304687 0.0732345581054688
0.124923706054688 0.128135681152344 0.0512313842773438 0.109275817871094
0.146209716796875 0.0095977783203125 0.105560302734375 0.0581207275390625
0.108489990234375 -0.0661392211914063 0.099609375 -0.0085296630859375
0.0224151611328125 -0.115509033203125 0.0457839965820313 -0.0605697631835938
-0.035247802734375 -0.114906311035156 0.00069046020507812 -0.0455131530761719
-0.0302658081054688 -0.108070373535156 -0.00825786590576172 -0.00516605377197266
-0.05047607421875 -0.115394592285156 -0.0123825073242188 0.00828933715820312
-0.0157852172851563 -0.119155883789063 -0.0305900573730469 0.0201606750488281
0.055572509765625 -0.117317199707031 -0.0384025573730469 0.01593017578125
0.119171142578125 -0.0657424926757813 -0.0437202453613281 -0.0216255187988281
0.14678955078125 0.0683441162109375 -0.0267791748046875 -0.0486488342285156
0.103057861328125 0.14324951171875 0.0123405456542969 -0.0468864440917969
0.0105133056640625 0.199066162109375 -0.00878429412841797 0.0154619216918945
-0.04962158203125 0.166656494140625 0.0857620239257813 0.102569580078125
-0.000778198242187498 0.157699584960938 0.0308685302734375 0.118255615234375
0.094482421875 0.14599609375 0.0350799560546875 0.121513366699219
0.14007568359375 0.0340805053710938 0.0805206298828125 0.0820770263671875
0.115211486816406 -0.0502395629882813 0.0816497802734375 0.0270614624023437
0.0336380004882813 -0.113021850585938 0.0479927062988281 -0.0180778503417969
-0.0262832641601562 -0.115646362304688 0.0195140838623047 -0.00596046447753907
-0.0241928100585938 -0.108863830566406 0.0110359191894531 0.026947021484375
-0.0443038940429687 -0.117347717285156 0.00604248046874999 0.0406532287597656
-0.0109710693359375 -0.119148254394531 -0.0208930969238281 0.052825927734375
0.060546875 -0.112388610839844 -0.0359115600585937 0.0431480407714844
0.118003845214844 -0.0543975830078125 -0.0480918884277344 -0.000339508056640626
0.129440307617188 0.0782852172851563 -0.0302886962890625 -0.0346851348876953
0.071502685546875 0.140762329101563 0.0236682891845703 -0.0179901123046875
-0.0182037353515625 0.172500610351563 -0.0129928588867188 0.0731964111328125
-0.066680908203125 0.0989990234375 0.0629730224609375 0.156173706054688
-0.0342178344726563 0.116706848144531 0.0225372314453125 0.150115966796875
0.045440673828125 0.128883361816406 0.0204849243164062 0.122688293457031
0.103538513183594 0.0471954345703125 0.0532073974609375 0.093841552734375
0.0972671508789063 -0.0267257690429688 0.0583610534667969 0.0529594421386719
0.0364990234375 -0.089599609375 0.0450248718261719 0.0209465026855469
-0.0137405395507812 -0.0972747802734375 0.0354385375976563 0.0311546325683594
-0.0143814086914063 -0.0928726196289063 0.0290756225585938 0.0548171997070312
-0.030853271484375 -0.102485656738281 0.0233688354492188 0.0707473754882813
-0.00254058837890625 -0.103721618652344 -0.0128707885742188 0.08349609375
0.0608291625976563 -0.0933380126953125 -0.0373115539550781 0.0668601989746094
0.105598449707031 -0.0350341796875 -0.0557060241699219 0.0180397033691406
0.0978622436523438 0.08416748046875 -0.0351715087890625 -0.0246238708496094
0.0301742553710938 0.125381469726563 0.0286827087402344 0.00791168212890626
-0.048492431640625 0.125274658203125 -0.0253372192382812 0.120223999023438
-0.0720062255859375 0.0161361694335938 0.0438232421875 0.181640625
-0.0582923889160156 0.0538444519042969 0.017333984375 0.16375732421875
-0.00615692138671876 0.0850067138671875 0.0123519897460938 0.113410949707031
0.0512046813964844 0.0465049743652344 0.0330810546875 0.0950851440429688
0.060821533203125 -0.001708984375 0.038818359375 0.0663375854492188
0.0317649841308594 -0.0519981384277344 0.0416603088378906 0.0492134094238281
0.000297546386718749 -0.0635108947753906 0.046844482421875 0.0578536987304687
-0.0018463134765625 -0.0623092651367188 0.0424118041992187 0.0744705200195313
-0.0125579833984375 -0.0734024047851563 0.03460693359375 0.0953216552734375
0.00630187988281251 -0.0748825073242188 -0.00908660888671875 0.10748291015625
0.0540962219238281 -0.0631904602050781 -0.0426177978515625 0.0856857299804688
0.08154296875 -0.0135726928710938 -0.0671234130859375 0.0309257507324219
0.0560226440429688 0.07879638671875 -0.0437202453613281 -0.0188522338867188
-0.0136337280273437 0.0932998657226563 0.0229854583740234 0.0272712707519531
-0.0712432861328125 0.0604705810546875 -0.046173095703125 0.148544311523438
0.0745315551757813 0.0234222412109375 0.04107666015625 -0.162765502929688
0.0331153869628906 -0.0476226806640625 -0.0185165405273438 -0.0409164428710938
-0.0187950134277344 -0.0466232299804688 0.0531120300292969 0.0271148681640625
-0.0396232604980469 -0.0092010498046875 0.0950241088867188 -0.0313568115234375
-0.0307865142822266 0.0203227996826172 0.0614776611328125 -0.0956192016601563
-0.00877761840820313 0.0381622314453125 0.00128936767578125 -0.123283386230469
-0.0051422119140625 0.0300674438476563 -0.0538787841796875 -0.110664367675781
-0.00695228576660156 0.0239677429199219 -0.0549163818359375 -0.0814743041992188
-0.0108261108398438 0.0255374908447266 -0.0554542541503906 -0.0663032531738281
-0.0242843627929687 0.0107402801513672 -0.04345703125 -0.06549072265625
-0.0248661041259766 -0.0181388854980469 -0.03851318359375 -0.0685462951660156
0.004974365234375 -0.0456199645996094 -0.0280075073242188 -0.0924911499023437
0.0545196533203125 -0.0298805236816406 -0.00638580322265626 -0.115165710449219
0.0799331665039063 0.0123443603515625 -0.0204925537109375 -0.155136108398438
0.0760574340820313 0.0597915649414063 -0.0290679931640625 -0.187973022460937
0.0725173950195313 0.0991134643554688 0.0682220458984375 -0.149993896484375
0.0614280700683594 0.00991058349609375 -0.00245285034179687 -0.036773681640625
0.0390357971191406 -0.016754150390625 0.0624122619628906 0.0381927490234375
0.0104560852050781 -0.0239620208740234 0.109939575195313 -0.0251083374023438
-0.00103473663330078 -0.0168266296386719 0.078369140625 -0.0954971313476563
-0.0121698379516602 -0.00872230529785156 0.00786590576171876 -0.130088806152344
-0.0249290466308594 -0.0132789611816406 -0.0515213012695313 -0.113021850585938
-0.0208454132080078 -0.0181865692138672 -0.052581787109375 -0.0764846801757813
-0.0277938842773438 -0.0199089050292969 -0.0537757873535156 -0.0626602172851562
-0.0202884674072266 -0.0335578918457031 -0.0459480285644531 -0.0583686828613281
0.0063629150390625 -0.0513992309570313 -0.0398597717285156 -0.0586051940917969
0.0529365539550781 -0.0497474670410156 -0.0305633544921875 -0.0829391479492187
0.0956268310546875 0.0117416381835937 -0.01202392578125 -0.100486755371094
0.100639343261719 0.0696563720703125 -0.0208816528320313 -0.135581970214844
0.0701980590820312 0.130638122558594 -0.0221405029296875 -0.157379150390625
0.0540618896484375 0.163162231445313 0.0911865234375 -0.11041259765625
0.0747756958007813 0.0749359130859375 0.0142230987548828 -0.0141935348510742
0.093475341796875 0.0280914306640625 0.0680770874023438 0.0594863891601563
0.0677833557128906 -0.0284576416015625 0.121086120605469 -0.006256103515625
0.0376205444335938 -0.0495452880859375 0.0948104858398438 -0.0809707641601563
-0.00844955444335938 -0.0561180114746094 0.0200576782226563 -0.123092651367188
-0.0388832092285156 -0.0564651489257813 -0.040618896484375 -0.10247802734375
-0.0311431884765625 -0.0581817626953125 -0.0432815551757812 -0.0598793029785156
-0.0425682067871094 -0.0617332458496094 -0.0456619262695313 -0.0461540222167969
-0.0203704833984375 -0.0725250244140625 -0.0459785461425781 -0.0384902954101563
0.0284347534179688 -0.08355712890625 -0.0426025390625 -0.0380439758300781
0.0879058837890625 -0.0609207153320313 -0.0369644165039062 -0.0666465759277344
0.130470275878906 0.03656005859375 -0.0201568603515625 -0.08349609375
0.117767333984375 0.107749938964844 -0.0168685913085937 -0.108039855957031
0.0600433349609375 0.1788330078125 -0.0168380737304687 -0.106826782226562
0.024627685546875 0.201324462890625 0.102996826171875 -0.0479736328125
0.0693130493164063 0.1309814453125 0.0275611877441406 0.0242977142333984
0.12921142578125 0.0781784057617188 0.0665740966796875 0.0855560302734375
0.117721557617188 -0.0199127197265625 0.1220703125 0.0222854614257813
0.0759963989257813 -0.0700759887695313 0.103668212890625 -0.05169677734375
0.00208282470703126 -0.0941314697265625 0.0326309204101563 -0.0997543334960938
-0.04461669921875 -0.090789794921875 -0.0232391357421875 -0.0790328979492188
-0.036529541015625 -0.0886306762695313 -0.0273303985595703 -0.0346107482910156
-0.0530319213867188 -0.0926284790039062 -0.0316734313964844 -0.0204601287841797
-0.0227127075195313 -0.101142883300781 -0.0405616760253906 -0.00994110107421876
0.039764404296875 -0.107955932617187 -0.0419578552246094 -0.0111770629882813
0.107330322265625 -0.0715560913085938 -0.0428543090820312 -0.0445785522460938
0.149887084960938 0.0488739013671875 -0.0265045166015625 -0.0659255981445313
0.123252868652344 0.127822875976563 -0.00569152832031249 -0.0782318115234375
0.0457305908203125 0.200927734375 -0.0120925903320312 -0.0465087890625
-0.01007080078125 0.203720092773438 0.102081298828125 0.0260086059570313
0.04412841796875 0.16241455078125 0.0342178344726563 0.0710678100585938
0.132293701171875 0.120979309082031 0.0565414428710938 0.108917236328125
0.14532470703125 0.0016937255859375 0.109474182128906 0.05426025390625
0.104232788085938 -0.0723419189453125 0.100288391113281 -0.0142593383789063
0.01531982421875 -0.114463806152344 0.0423736572265625 -0.0629997253417969
-0.0425949096679688 -0.111045837402344 -0.00214767456054688 -0.0452690124511719
-0.0364151000976562 -0.105415344238281 -0.00817584991455078 -0.00406646728515626
-0.0566940307617187 -0.110488891601563 -0.0126543045043945 0.00990867614746093
-0.0229721069335938 -0.1163330078125 -0.0306224822998047 0.0224609375
0.0476303100585937 -0.119354248046875 -0.0383377075195312 0.0172195434570312
0.114891052246094 -0.0719223022460938 -0.0459709167480469 -0.0213546752929688
0.150253295898438 0.0594635009765625 -0.0295829772949219 -0.0494918823242188
0.109405517578125 0.136207580566406 0.00928878784179688 -0.0489425659179687
0.021820068359375 0.198165893554688 -0.0079193115234375 0.0156087875366211
-0.0406646728515625 0.168853759765625 0.0903472900390625 0.0968093872070313
0.00654602050781251 0.157821655273438 0.0340652465820313 0.114944458007813
0.10272216796875 0.140869140625 0.0408935546875 0.122283935546875
0.140487670898438 0.026123046875 0.0855560302734375 0.07940673828125
0.112617492675781 -0.0571441650390625 0.08447265625 0.0226898193359375
0.0268402099609375 -0.11297607421875 0.0467338562011719 -0.0206794738769531
-0.0338363647460938 -0.11285400390625 0.0189361572265625 -0.00732421875000001
-0.0309371948242188 -0.106735229492188 0.0131492614746094 0.0264568328857422
-0.051422119140625 -0.112831115722656 0.00730895996093749 0.0409622192382812
-0.0184707641601563 -0.116401672363281 -0.0191726684570313 0.0539970397949219
0.0527572631835938 -0.11492919921875 -0.0345382690429688 0.0443496704101562
0.113945007324219 -0.0609664916992187 -0.0492210388183594 0.000774383544921882
0.133491516113281 0.0708999633789063 -0.0318679809570313 -0.0352897644042969
0.0784835815429687 0.135528564453125 0.0229892730712891 -0.0213203430175781
-0.0086669921875 0.173355102539063 -0.00904846191406249 0.0735015869140625
-0.06146240234375 0.102272033691406 0.07086181640625 0.151046752929688
-0.0290756225585938 0.118568420410156 0.0284423828125 0.147537231445313
0.0532302856445312 0.127388000488281 0.0255966186523437 0.1234130859375
0.105804443359375 0.0415573120117188 0.0582962036132813 0.0925521850585938
0.0962600708007813 -0.0323715209960938 0.0622100830078125 0.0496978759765625
0.0310745239257812 -0.0906524658203125 0.0456886291503906 0.0187797546386719
-0.02069091796875 -0.09552001953125 0.0369415283203125 0.0284309387207031
-0.0205001831054688 -0.0919876098632813 0.0319366455078125 0.0535850524902344
-0.0376510620117187 -0.0997467041015625 0.0259132385253906 0.06988525390625
-0.00910186767578125 -0.102073669433594 -0.00969696044921875 0.08392333984375
0.05413818359375 -0.0967941284179688 -0.0342483520507812 0.0680885314941406
0.103347778320313 -0.0409393310546875 -0.0553703308105469 0.0194969177246094
0.102607727050781 0.0788116455078125 -0.0368728637695312 -0.0246696472167969
0.0363845825195313 0.122756958007813 0.028656005859375 0.00436019897460938
-0.0412063598632812 0.127174377441406 -0.0188369750976563 0.120124816894531
-0.0714797973632813 0.0199432373046875 0.0525970458984375 0.178253173828125
-0.0557975769042969 0.0573310852050781 0.024749755859375 0.161361694335938
-0.000358581542968746 0.086334228515625 0.0171127319335938 0.113616943359375
0.054168701171875 0.0431938171386719 0.0385818481445313 0.0947036743164063
0.0611953735351563 -0.00566864013671875 0.0430030822753906 0.0646820068359375
0.0285720825195312 -0.0533828735351563 0.0444831848144531 0.0467071533203125
-0.00458526611328126 -0.0634689331054688 0.0499038696289063 0.0546836853027344
-0.00690078735351562 -0.0629005432128906 0.0464019775390625 0.072174072265625
-0.0180435180664062 -0.0724868774414063 0.0386962890625 0.0933761596679688
0.0010986328125 -0.0743637084960937 -0.00472259521484375 0.107574462890625
0.0497169494628906 -0.0670204162597656 -0.0389556884765625 0.0868301391601563
0.0806198120117188 -0.01806640625 -0.0656394958496094 0.0326957702636719
0.0609130859375 0.07586669921875 -0.0448760986328125 -0.0186271667480469
-0.00844573974609376 0.0938186645507812 0.0244369506835938 0.0240383148193359
-0.0673599243164062 0.0642051696777344 -0.0376739501953125 0.14984130859375
0.075897216796875 0.0199203491210938 0.035400390625 -0.164382934570313
0.031463623046875 -0.0493888854980469 -0.0203704833984375 -0.0381965637207031
-0.020782470703125 -0.0461959838867188 0.0547256469726563 0.0267982482910156
-0.0412368774414063 -0.00739288330078124 0.0955963134765625 -0.0329742431640625
-0.0306644439697266 0.0221290588378906 0.0595169067382812 -0.0962677001953125
-0.0063323974609375 0.039093017578125 -0.000770568847656259 -0.122856140136719
-0.0023040771484375 0.0310020446777344 -0.0563430786132813 -0.108360290527344
-0.00523757934570313 0.0241584777832031 -0.0568695068359375 -0.0795211791992188
-0.00889205932617187 0.0256156921386719 -0.0572738647460938 -0.0645599365234375
-0.0227603912353516 0.0123996734619141 -0.0460319519042969 -0.0642852783203125
-0.0252189636230469 -0.0159854888916016 -0.0408973693847656 -0.0685653686523437
0.00225448608398437 -0.0457191467285156 -0.0315628051757813 -0.0932388305664063
0.0524215698242188 -0.0323982238769531 -0.00827789306640623 -0.115119934082031
0.0801849365234375 0.00974273681640625 -0.0236663818359375 -0.154022216796875
0.0787429809570313 0.0564727783203125 -0.0353546142578125 -0.187042236328125
0.0764846801757813 0.0959854125976563 0.062591552734375 -0.152267456054688
0.0612297058105469 0.00795745849609375 -0.00535011291503906 -0.0346107482910156
0.0377693176269531 -0.0184059143066406 0.0643196105957031 0.0384941101074219
0.00837135314941406 -0.0239734649658203 0.110359191894531 -0.0271759033203125
-0.00226020812988281 -0.0161333084106445 0.076751708984375 -0.0974044799804687
-0.0121440887451172 -0.00718593597412109 0.0051116943359375 -0.130363464355469
-0.0245628356933594 -0.0111827850341797 -0.0546951293945312 -0.111495971679688
-0.0210723876953125 -0.0171298980712891 -0.0544967651367188 -0.0752410888671875
-0.0271663665771484 -0.0184097290039062 -0.0556526184082031 -0.0609588623046875
-0.0205345153808594 -0.0312118530273437 -0.0482559204101563 -0.0572547912597656
0.00479125976562499 -0.0497474670410156 -0.042694091796875 -0.0583457946777344
0.0505828857421875 -0.0511589050292969 -0.033843994140625 -0.084014892578125
0.0949783325195313 0.00809478759765625 -0.0140151977539063 -0.100898742675781
0.102073669433594 0.0656890869140625 -0.0238037109375 -0.13470458984375
0.074951171875 0.127716064453125 -0.0272979736328125 -0.156661987304688
0.0605010986328125 0.160797119140625 0.0869064331054688 -0.114280700683594
0.0764999389648438 0.07244873046875 0.0114002227783203 -0.0128459930419922
0.0939254760742188 0.024322509765625 0.07098388671875 0.059814453125
0.0654220581054688 -0.0307960510253906 0.122207641601563 -0.00835418701171875
0.0348358154296875 -0.0508499145507813 0.093841552734375 -0.083648681640625
-0.0101661682128906 -0.0543327331542969 0.0172348022460937 -0.12359619140625
-0.04010009765625 -0.053497314453125 -0.0435638427734375 -0.100997924804688
-0.0325660705566406 -0.0568923950195313 -0.0441131591796875 -0.0586357116699219
-0.0437088012695313 -0.05908203125 -0.0474891662597656 -0.0442276000976563
-0.0219841003417969 -0.0698890686035156 -0.0478324890136719 -0.0368804931640625
0.0251541137695313 -0.082611083984375 -0.0448074340820313 -0.0379257202148438
0.0848846435546875 -0.0633926391601563 -0.0399932861328125 -0.0675086975097656
0.130577087402344 0.0319290161132813 -0.0225677490234375 -0.0843963623046875
0.120185852050781 0.102928161621094 -0.0193939208984375 -0.108230590820313
0.0666961669921875 0.177154541015625 -0.0206298828125 -0.106254577636719
0.031402587890625 0.200714111328125 0.101318359375 -0.0517654418945312
0.0724716186523437 0.1287841796875 0.0255947113037109 0.0240993499755859
0.131706237792969 0.073333740234375 0.0698318481445313 0.0862655639648438
0.116355895996094 -0.0238494873046875 0.12408447265625 0.0203323364257812
0.0732421875 -0.072540283203125 0.103233337402344 -0.0548629760742188
-0.00129699707031251 -0.0923995971679688 0.0300216674804688 -0.100425720214844
-0.0476226806640625 -0.0877227783203125 -0.0257492065429687 -0.0779876708984375
-0.0395126342773438 -0.087493896484375 -0.0280990600585938 -0.0334854125976563
-0.0560760498046875 -0.0897140502929688 -0.0326862335205078 -0.0187492370605469
-0.0258331298828125 -0.0982208251953125 -0.0415306091308594 -0.00811767578125001
0.0361175537109375 -0.108055114746094 -0.0434150695800781 -0.0110816955566406
0.104278564453125 -0.0751190185546875 -0.045257568359375 -0.0453872680664063
0.150955200195313 0.0434722900390625 -0.0287132263183594 -0.0670585632324219
0.125755310058594 0.122734069824219 -0.00762939453124999 -0.0788345336914062
0.0523529052734375 0.199737548828125 -0.0140609741210937 -0.0464019775390625
-0.00379943847656252 0.203338623046875 0.101959228515625 0.021759033203125
0.047821044921875 0.160888671875 0.0334510803222656 0.0702552795410156
0.136589050292969 0.116867065429688 0.0601425170898438 0.110122680664063
0.14508056640625 -0.003204345703125 0.112052917480469 0.052978515625
0.102394104003906 -0.0754547119140625 0.101264953613281 -0.0169754028320313
0.0111541748046875 -0.113723754882813 0.0407600402832031 -0.0640983581542969
-0.0466384887695313 -0.108055114746094 -0.00345611572265625 -0.0455398559570313
-0.0399322509765625 -0.104377746582031 -0.0072627067565918 -0.00385618209838868
-0.060272216796875 -0.107063293457031 -0.0133447647094727 0.0112056732177734
-0.0267181396484375 -0.113204956054688 -0.0307712554931641 0.0236854553222656
0.0430145263671875 -0.119850158691406 -0.0386581420898438 0.0173568725585937
0.111923217773437 -0.0756149291992188 -0.0479545593261719 -0.0218849182128906
0.151809692382813 0.0540008544921875 -0.0314254760742187 -0.0506668090820313
0.1126708984375 0.131782531738281 0.00806808471679688 -0.0505523681640625
0.02874755859375 0.198196411132813 -0.00823307037353515 0.0155935287475586
-0.0355682373046875 0.169876098632812 0.0929412841796875 0.0931243896484375
0.00949096679687502 0.157882690429688 0.0347976684570313 0.113731384277344
0.108100891113281 0.138229370117188 0.0443115234375 0.124153137207031
0.141098022460938 0.0217742919921875 0.088714599609375 0.0783920288085938
0.110931396484375 -0.0608673095703125 0.0863571166992187 0.0205154418945312
0.0226058959960938 -0.112678527832031 0.0457649230957031 -0.0219650268554688
-0.038482666015625 -0.109840393066406 0.0186443328857422 -0.00820922851562501
-0.0351943969726563 -0.105697631835937 0.0144691467285156 0.0264568328857422
-0.0553817749023437 -0.110054016113281 0.0076751708984375 0.0416488647460937
-0.0226058959960937 -0.114204406738281 -0.0184326171875 0.0553016662597656
0.04779052734375 -0.116310119628906 -0.0342750549316406 0.0444908142089844
0.111404418945313 -0.0646820068359375 -0.0500068664550781 0.000545501708984367
0.135726928710938 0.0663833618164063 -0.0337867736816406 -0.0361557006835937
0.0817718505859375 0.13232421875 0.0216789245605469 -0.0237369537353516
-0.0030059814453125 0.173995971679688 -0.00698089599609375 0.0725936889648438
-0.0590591430664062 0.104759216308594 0.0745697021484375 0.148056030273438
-0.0263214111328125 0.120376586914062 0.0305938720703125 0.146102905273438
0.058013916015625 0.126472473144531 0.0286941528320313 0.124252319335938
0.107292175292969 0.0387420654296875 0.062469482421875 0.092010498046875
0.0960769653320313 -0.0362548828125 0.064666748046875 0.0485954284667969
0.0276565551757813 -0.0912017822265625 0.0459480285644531 0.0167045593261719
-0.0252456665039063 -0.0937728881835938 0.0376434326171875 0.0273399353027344
-0.0240554809570312 -0.0910797119140625 0.0346145629882813 0.052520751953125
-0.0413436889648437 -0.0976104736328125 0.0271339416503906 0.069671630859375
-0.0136337280273438 -0.100715637207031 -0.0081787109375 0.084747314453125
0.0501937866210938 -0.0988006591796875 -0.0332260131835938 0.0684585571289063
0.101646423339844 -0.044647216796875 -0.0558738708496094 0.0193443298339844
0.105857849121094 0.0750045776367188 -0.0378913879394531 -0.0255050659179687
0.0398101806640625 0.121681213378906 0.0290298461914063 0.00146484375000001
-0.0371627807617188 0.129020690917969 -0.015380859375 0.120010375976563
-0.071624755859375 0.0219879150390625 0.0577392578125 0.175949096679688
-0.0544891357421875 0.0594291687011719 0.02783203125 0.1597900390625
0.00334930419921874 0.0873794555664063 0.0190582275390625 0.114814758300781
0.0560569763183594 0.0413970947265625 0.041534423828125 0.09478759765625
0.0620346069335938 -0.00850677490234375 0.0459938049316406 0.0638809204101563
0.0259208679199219 -0.0545196533203125 0.0459022521972656 0.0447044372558594
-0.00823211669921875 -0.0628509521484375 0.0519676208496094 0.0525245666503906
-0.00979995727539062 -0.0627593994140625 0.0488204956054688 0.0705032348632813
-0.0212478637695313 -0.0716629028320313 0.04107666015625 0.0929641723632812
-0.0023193359375 -0.0743865966796875 -0.0022125244140625 0.108001708984375
0.0466346740722656 -0.0694198608398438 -0.0375289916992187 0.0870742797851563
0.080047607421875 -0.0212249755859375 -0.0656700134277344 0.0337333679199219
0.0645217895507813 0.0745391845703125 -0.0460891723632812 -0.0186271667480469
-0.00601959228515625 0.0948562622070313 0.025390625 0.0206298828125
-0.0661697387695313 0.0663566589355469 -0.0330352783203125 0.150100708007813
0.078887939453125 0.0182952880859375 0.03240966796875 -0.168121337890625
0.0313339233398438 -0.0504570007324219 -0.0222511291503906 -0.0365219116210938
-0.0237350463867187 -0.0464096069335938 0.0572738647460938 0.0271797180175781
-0.0436973571777344 -0.0059814453125 0.0981063842773437 -0.0338668823242188
-0.0315532684326172 0.0241241455078125 0.0604476928710937 -0.097869873046875
-0.00474166870117188 0.0406112670898438 -0.00166320800781251 -0.125900268554688
8.20159912109385E-05 0.0314922332763672 -0.0588455200195313 -0.109893798828125
-0.004180908203125 0.0247611999511719 -0.0590744018554687 -0.0807952880859375
-0.00738143920898437 0.0256233215332031 -0.0597877502441406 -0.0648880004882813
-0.0209884643554688 0.0132312774658203 -0.0481758117675781 -0.0648574829101563
-0.0256385803222656 -0.0147361755371094 -0.0442123413085938 -0.07049560546875
0.000564575195312497 -0.0465660095214844 -0.0347900390625 -0.095855712890625
0.0522804260253906 -0.0341567993164062 -0.00856781005859374 -0.117782592773438
0.0818328857421875 0.0081329345703125 -0.0250396728515625 -0.156723022460938
0.0821151733398438 0.05584716796875 -0.03948974609375 -0.189620971679688
0.0810089111328125 0.0953598022460938 0.0605010986328125 -0.15673828125
0.0623130798339844 0.006805419921875 -0.00720024108886719 -0.0333843231201172
0.0371360778808594 -0.019805908203125 0.0674896240234375 0.0400772094726563
0.00630378723144531 -0.0237026214599609 0.113792419433594 -0.0278701782226562
-0.00335407257080078 -0.0155572891235352 0.0776824951171875 -0.100296020507813
-0.0114517211914063 -0.00547599792480469 0.00376892089843749 -0.13330078125
-0.0237407684326172 -0.00972175598144531 -0.0574111938476562 -0.112747192382813
-0.020660400390625 -0.017181396484375 -0.0565032958984375 -0.0760879516601563
-0.0269203186035156 -0.0181636810302734 -0.0581626892089844 -0.0609893798828125
-0.0198917388916016 -0.0300331115722656 -0.0508575439453125 -0.057373046875
0.00429534912109375 -0.0494155883789063 -0.04510498046875 -0.0602607727050781
0.0494537353515625 -0.0526237487792969 -0.0365219116210938 -0.0870819091796875
0.0962295532226563 0.006195068359375 -0.0153732299804688 -0.103729248046875
0.104217529296875 0.0643539428710938 -0.0254898071289062 -0.137702941894531
0.079345703125 0.12908935546875 -0.030792236328125 -0.159286499023438
0.06634521484375 0.162399291992187 0.0854034423828125 -0.118682861328125
0.07904052734375 0.0725555419921875 0.00917243957519532 -0.0118303298950195
0.0960235595703125 0.022491455078125 0.0745086669921875 0.0616989135742188
0.0647735595703125 -0.03216552734375 0.126457214355469 -0.00970458984375
0.0340461730957031 -0.0521240234375 0.0953903198242188 -0.0870819091796875
-0.0110549926757813 -0.0532722473144531 0.0158615112304688 -0.126701354980469
-0.0413818359375 -0.0522689819335938 -0.04620361328125 -0.10235595703125
-0.0340309143066406 -0.0569839477539062 -0.0453834533691406 -0.0598526000976563
-0.0446739196777344 -0.0589027404785156 -0.049102783203125 -0.0440750122070313
-0.0226020812988281 -0.069427490234375 -0.0501823425292969 -0.0367774963378906
0.0239486694335937 -0.0830230712890625 -0.0475273132324219 -0.039031982421875
0.0848236083984375 -0.0657958984375 -0.0434951782226563 -0.0709457397460938
0.132850646972656 0.0298004150390625 -0.0237655639648438 -0.0875778198242188
0.122940063476563 0.101737976074219 -0.0207061767578125 -0.110824584960938
0.0720367431640625 0.179656982421875 -0.0232315063476562 -0.108680725097656
0.0372161865234375 0.203826904296875 0.101058959960938 -0.0557708740234375
0.0756454467773437 0.130157470703125 0.0239219665527344 0.0256099700927734
0.136383056640625 0.0721893310546875 0.0741653442382813 0.0896148681640625
0.116592407226562 -0.0262603759765625 0.128860473632813 0.020263671875
0.0728912353515625 -0.0756759643554688 0.106063842773438 -0.058197021484375
-0.0028076171875 -0.0927276611328125 0.0293807983398438 -0.103019714355469
-0.0499725341796875 -0.0863418579101563 -0.0273513793945313 -0.0792236328125
-0.04150390625 -0.0882492065429688 -0.0281047821044922 -0.0341777801513672
-0.0581512451171875 -0.0892791748046875 -0.0342426300048828 -0.0177478790283203
-0.0275344848632813 -0.098052978515625 -0.0435562133789063 -0.00699615478515625
0.0341873168945313 -0.109512329101562 -0.0459480285644531 -0.0113945007324219
0.104293823242188 -0.0778350830078125 -0.0486793518066406 -0.0479660034179688
0.154144287109375 0.041534423828125 -0.0304718017578125 -0.0696792602539063
0.129226684570313 0.122184753417969 -0.00903320312499999 -0.0816116333007812
0.0580902099609375 0.203399658203125 -0.0153274536132812 -0.0476188659667969
0.000610351562499996 0.208206176757812 0.103767395019531 0.0190505981445313
0.0503082275390625 0.16363525390625 0.031890869140625 0.0716781616210938
0.142257690429688 0.11651611328125 0.064239501953125 0.114006042480469
0.146804809570313 -0.005828857421875 0.117111206054688 0.0536727905273437
0.102973937988281 -0.0798568725585938 0.104347229003906 -0.01934814453125
0.00958251953125 -0.114784240722656 0.0399665832519531 -0.0661430358886719
-0.05010986328125 -0.107032775878906 -0.00451278686523438 -0.0462493896484375
-0.043243408203125 -0.105369567871094 -0.00670909881591797 -0.00361442565917969
-0.0635528564453125 -0.106460571289063 -0.0138568878173828 0.0123605728149414
-0.0296783447265625 -0.112907409667969 -0.0319671630859375 0.0256004333496094
0.0403518676757812 -0.122016906738281 -0.0406227111816406 0.0177803039550781
0.112251281738281 -0.0794830322265625 -0.0507888793945312 -0.0236740112304688
0.1556396484375 0.0525665283203125 -0.033599853515625 -0.0529441833496094
0.115676879882813 0.131828308105469 0.00764465332031251 -0.0530853271484375
0.0330963134765625 0.2020263671875 -0.00841331481933594 0.0153999328613281
-0.0329437255859375 0.1741943359375 0.0957489013671875 0.091888427734375
0.0116119384765625 0.161514282226563 0.0341567993164063 0.115440368652344
0.11346435546875 0.139274597167969 0.0475845336914062 0.128173828125
0.143951416015625 0.020050048828125 0.09344482421875 0.0801239013671875
0.112388610839844 -0.0651168823242187 0.090087890625 0.019012451171875
0.020843505859375 -0.114341735839844 0.0466995239257813 -0.0234527587890625
-0.0425872802734375 -0.109649658203125 0.018646240234375 -0.00911140441894532
-0.038330078125 -0.107284545898438 0.0158042907714844 0.0266399383544922
-0.059234619140625 -0.110115051269531 0.0079803466796875 0.0433807373046875
-0.0257415771484375 -0.114036560058594 -0.0185127258300781 0.0572738647460937
0.0454864501953125 -0.118980407714844 -0.0353622436523438 0.0449714660644531
0.111892700195312 -0.068084716796875 -0.0527915954589844 -0.000423431396484374
0.14013671875 0.0647735595703125 -0.0361404418945312 -0.0382728576660156
0.0846405029296875 0.133377075195313 0.0217227935791016 -0.0261726379394531
0.000122070312499997 0.177230834960938 -0.00635528564453126 0.0738372802734375
-0.0585098266601562 0.10809326171875 0.0779266357421875 0.149154663085938
-0.0260696411132813 0.123870849609375 0.031341552734375 0.14794921875
0.0623397827148438 0.128623962402344 0.0311279296875 0.128379821777344
0.110267639160156 0.0371475219726563 0.0656280517578125 0.094146728515625
0.0976409912109375 -0.0395050048828125 0.0679473876953125 0.0483665466308594
0.02618408203125 -0.0932235717773438 0.0471954345703125 0.0163612365722656
-0.0287551879882813 -0.0939178466796875 0.0387115478515625 0.0266838073730469
-0.0276947021484375 -0.0923080444335938 0.0362434387207031 0.0532455444335937
-0.0451736450195313 -0.0985946655273438 0.0280380249023437 0.0716323852539063
-0.0167083740234375 -0.100875854492188 -0.00778961181640626 0.0868759155273438
0.0481643676757813 -0.101768493652344 -0.0340118408203125 0.0695266723632813
0.102432250976563 -0.0483322143554688 -0.0581588745117187 0.0194091796875
0.110305786132813 0.0752792358398438 -0.0403060913085937 -0.0271415710449219
0.0416412353515625 0.123588562011719 0.0290393829345703 -0.000770568847656242
-0.0354843139648438 0.132484436035156 -0.0139236450195313 0.122268676757813
-0.0733566284179688 0.024322509765625 0.06121826171875 0.177093505859375
-0.0552597045898437 0.0625228881835938 0.02874755859375 0.161392211914063
0.00592803955078124 0.0897674560546875 0.0200424194335937 0.118080139160156
0.0582656860351562 0.0409469604492188 0.04486083984375 0.0969390869140625
0.063629150390625 -0.0109024047851563 0.0490379333496094 0.0652236938476563
0.0250129699707031 -0.0560531616210938 0.0471763610839844 0.0447196960449219
-0.0111579895019531 -0.0631027221679688 0.0534858703613281 0.0522499084472656
-0.0129470825195312 -0.0641059875488281 0.0511856079101563 0.0715255737304688
-0.024017333984375 -0.07275390625 0.042938232421875 0.0945358276367188
-0.00491333007812501 -0.0753021240234375 -0.00142669677734374 0.110855102539063
0.04541015625 -0.0725631713867188 -0.0380935668945312 0.0888595581054688
0.081298828125 -0.0236358642578125 -0.0673637390136719 0.0346908569335937
0.0685043334960938 0.0750732421875 -0.0482635498046875 -0.02020263671875
-0.00495147705078125 0.0977020263671875 0.0259761810302734 0.0186595916748047
-0.0661697387695313 0.0690574645996094 -0.0312347412109375 0.153457641601562
0.0831756591796875 0.0152587890625 0.02825927734375 -0.176055908203125
0.0307083129882812 -0.0545654296875 -0.0247344970703125 -0.0348091125488281
-0.026885986328125 -0.0473556518554688 0.061370849609375 0.028076171875
-0.0465011596679688 -0.00390624999999999 0.102828979492187 -0.0369644165039062
-0.0323143005371094 0.0278167724609375 0.06201171875 -0.103553771972656
-0.00209426879882812 0.0428581237792969 -0.00359344482421874 -0.131752014160156
0.00301933288574219 0.0326385498046875 -0.0643081665039063 -0.113327026367187
-0.00229644775390625 0.0258388519287109 -0.06396484375 -0.0833892822265625
-0.006011962890625 0.0269145965576172 -0.0641899108886719 -0.0662841796875
-0.0202083587646484 0.0147743225097656 -0.0531082153320313 -0.0667381286621094
-0.0265827178955078 -0.0133075714111328 -0.048583984375 -0.073822021484375
-0.00200271606445313 -0.0484619140625 -0.0396881103515625 -0.100563049316406
0.0525665283203125 -0.0377159118652344 -0.0104904174804687 -0.123382568359375
0.0850143432617188 0.005279541015625 -0.02838134765625 -0.162979125976563
0.08831787109375 0.055511474609375 -0.0463104248046875 -0.19561767578125
0.0880050659179688 0.0963211059570313 0.0573272705078125 -0.165618896484375
0.0642509460449219 0.00506973266601563 -0.00984382629394531 -0.0321044921875
0.0372161865234375 -0.0217208862304688 0.072906494140625 0.0414276123046875
0.00523567199707031 -0.0241851806640625 0.119239807128906 -0.0315628051757813
-0.00443458557128906 -0.0149078369140625 0.079742431640625 -0.106224060058594
-0.0111465454101563 -0.00443744659423828 0.00153350830078126 -0.139305114746094
-0.0231990814208984 -0.00912666320800781 -0.0629730224609375 -0.115768432617188
-0.0213489532470703 -0.01690673828125 -0.0607833862304688 -0.0785446166992188
-0.0275630950927734 -0.0178794860839844 -0.0627632141113281 -0.0625724792480469
-0.0202198028564453 -0.0299873352050781 -0.0553321838378906 -0.0588874816894531
0.00352859497070312 -0.0499839782714844 -0.049652099609375 -0.0629158020019531
0.0494041442871094 -0.0559768676757813 -0.041748046875 -0.0919342041015625
0.0990524291992188 0.00388336181640625 -0.01727294921875 -0.108787536621094
0.109504699707031 0.0637741088867188 -0.02880859375 -0.14288330078125
0.0869064331054688 0.132286071777344 -0.0374908447265625 -0.165176391601563
0.0745697021484375 0.16656494140625 0.084747314453125 -0.126922607421875
0.083526611328125 0.0732192993164063 0.00697612762451172 -0.0108470916748047
0.100532531738281 0.0199356079101563 0.0810699462890625 0.0651473999023438
0.0651969909667969 -0.0348434448242188 0.1334228515625 -0.0120391845703125
0.0331687927246094 -0.0545272827148437 0.098297119140625 -0.0933837890625
-0.0118064880371094 -0.0537109375 0.0133590698242188 -0.132209777832031
-0.0428047180175781 -0.0516166687011719 -0.0509796142578125 -0.105636596679687
-0.0361824035644531 -0.057891845703125 -0.0490875244140625 -0.0616912841796875
-0.0474815368652344 -0.0594444274902344 -0.0530967712402344 -0.0442390441894531
-0.0242462158203125 -0.0700874328613281 -0.0536918640136719 -0.0364646911621094
0.0229110717773438 -0.0858688354492188 -0.0522613525390625 -0.040679931640625
0.0857620239257813 -0.0708694458007813 -0.0489883422851563 -0.0747222900390625
0.138710021972656 0.0275192260742188 -0.0265960693359375 -0.092041015625
0.129486083984375 0.102493286132812 -0.0238494873046875 -0.115432739257813
0.08050537109375 0.185150146484375 -0.027740478515625 -0.112449645996094
0.044921875 0.2110595703125 0.102737426757813 -0.0615615844726562
0.0811996459960937 0.134178161621094 0.0226020812988281 0.0274868011474609
0.1444091796875 0.071075439453125 0.0812835693359375 0.0940093994140625
0.120170593261719 -0.0297164916992188 0.136650085449219 0.0190963745117188
0.07330322265625 -0.080810546875 0.110214233398438 -0.0634307861328125
-0.00518798828125001 -0.0948715209960938 0.0281448364257813 -0.108222961425781
-0.0534896850585937 -0.0861740112304688 -0.0308074951171875 -0.0817642211914062
-0.0460205078125 -0.0901947021484375 -0.0297966003417969 -0.0353660583496094
-0.0626907348632813 -0.0903091430664063 -0.0368003845214844 -0.0170974731445313
-0.0303115844726562 -0.099578857421875 -0.0463714599609375 -0.00589752197265625
0.0322647094726563 -0.113906860351562 -0.0493888854980469 -0.0117073059082031
0.105903625488281 -0.0834197998046875 -0.0537834167480469 -0.0506782531738281
0.161590576171875 0.039093017578125 -0.0338821411132812 -0.0733184814453125
0.136474609375 0.123313903808594 -0.0113525390625 -0.0863265991210937
0.0664825439453125 0.210662841796875 -0.0178909301757812 -0.0494041442871094
0.00677490234375002 0.217193603515625 0.107994079589844 0.0162200927734375
0.0558929443359375 0.170059204101562 0.0325927734375 0.07470703125
0.152252197265625 0.11798095703125 0.0716323852539063 0.120155334472656
0.152236938476563 -0.009307861328125 0.125114440917969 0.05450439453125
0.104515075683594 -0.0868759155273438 0.1099853515625 -0.0229110717773438
0.006805419921875 -0.118202209472656 0.04046630859375 -0.0703811645507813
-0.055084228515625 -0.107948303222656 -0.00640487670898438 -0.0482597351074219
-0.0483856201171875 -0.108116149902344 -0.00657796859741211 -0.00417089462280274
-0.0694580078125 -0.108795166015625 -0.0149412155151367 0.0144262313842773
-0.0336532592773438 -0.114913940429687 -0.0336418151855469 0.0281105041503906
0.0379791259765625 -0.127479553222656 -0.0434837341308594 0.0184135437011719
0.114524841308594 -0.0855026245117188 -0.0555038452148437 -0.0252914428710938
0.163528442382813 0.050201416015625 -0.0367927551269531 -0.0558662414550781
0.1234130859375 0.134429931640625 0.00625991821289063 -0.0569076538085937
0.0406646728515625 0.21038818359375 -0.00900459289550781 0.0161466598510742
-0.02984619140625 0.182861328125 0.101211547851563 0.0921249389648438
0.015380859375 0.168609619140625 0.0360260009765625 0.119606018066406
0.123001098632812 0.142654418945313 0.0536880493164063 0.134391784667969
0.150222778320313 0.0172271728515625 0.10089111328125 0.0827102661132813
0.115348815917969 -0.071441650390625 0.0956802368164063 0.0175094604492187
0.0181655883789063 -0.118667602539063 0.0477294921875 -0.0259017944335938
-0.0475997924804688 -0.111053466796875 0.0188159942626953 -0.0102424621582031
-0.043609619140625 -0.110206604003906 0.0178241729736328 0.0271778106689453
-0.0650711059570313 -0.112190246582031 0.00914382934570312 0.0463485717773437
-0.0301055908203125 -0.116432189941406 -0.01904296875 0.0608482360839844
0.042755126953125 -0.124847412109375 -0.0369682312011719 0.0467185974121094
0.114418029785156 -0.074462890625 -0.0569610595703125 -0.000915527343750011
0.147918701171875 0.0641937255859375 -0.0396881103515625 -0.0402984619140625
0.0911331176757813 0.136749267578125 0.0216121673583984 -0.0293903350830078
0.00521850585937501 0.185531616210938 -0.00527954101562499 0.0771331787109375
-0.0584030151367187 0.114654541015625 0.08428955078125 0.151992797851563
-0.0247421264648438 0.130317687988281 0.033172607421875 0.152816772460938
0.0697784423828125 0.133026123046875 0.0351715087890625 0.135162353515625
0.115699768066406 0.0360794067382813 0.07183837890625 0.0978851318359375
0.101066589355469 -0.0447311401367188 0.0736465454101562 0.0489578247070312
0.02423095703125 -0.0969924926757812 0.0494003295898438 0.0157127380371094
-0.033477783203125 -0.0951309204101563 0.040802001953125 0.0260848999023437
-0.0329818725585938 -0.095428466796875 0.0403289794921875 0.0542259216308594
-0.0508880615234375 -0.100425720214844 0.0307159423828125 0.0752105712890625
-0.0206298828125 -0.103721618652344 -0.00708007812499999 0.0920867919921875
0.0458526611328125 -0.107528686523438 -0.0349960327148438 0.0723419189453125
0.105598449707031 -0.0534820556640625 -0.0613822937011719 0.0201492309570312
0.117294311523438 0.0753631591796875 -0.04425048828125 -0.0281906127929688
0.0467681884765625 0.128463745117188 0.0300693511962891 -0.00344848632812499
-0.0340728759765625 0.138999938964844 -0.011322021484375 0.12713623046875
-0.0757980346679688 0.0278167724609375 0.0680084228515625 0.18218994140625
-0.0561332702636719 0.06744384765625 0.0323333740234375 0.1669921875
0.0101089477539063 0.0938949584960938 0.0230484008789063 0.123809814453125
0.0624465942382813 0.0413284301757813 0.0491256713867188 0.101570129394531
0.0661811828613281 -0.0141181945800781 0.0539627075195313 0.0670280456542969
0.023712158203125 -0.0592041015625 0.0507926940917969 0.0452842712402344
-0.0147666931152344 -0.0647125244140625 0.056640625 0.0525398254394531
-0.0162849426269531 -0.0664176940917969 0.0562362670898438 0.0728759765625
-0.0290145874023437 -0.0750503540039063 0.0471267700195312 0.09893798828125
-0.00785827636718751 -0.0782394409179688 0.000556945800781255 0.116470336914063
0.0439453125 -0.0775375366210938 -0.0388565063476563 0.0932464599609375
0.0845870971679688 -0.0279159545898437 -0.0705108642578125 0.036865234375
0.074462890625 0.07647705078125 -0.0522689819335937 -0.0214500427246094
-0.00240325927734375 0.102867126464844 0.0276069641113281 0.0170631408691406
-0.067596435546875 0.0740814208984375 -0.0285491943359375 0.1602783203125
0.08868408203125 0.0100936889648438 0.0195770263671875 -0.185348510742188
0.0288658142089844 -0.0585708618164063 -0.0279121398925781 -0.0329933166503906
-0.031707763671875 -0.0477561950683594 0.0669746398925781 0.0276336669921875
-0.04974365234375 -0.000129699707031239 0.107589721679688 -0.0431060791015625
-0.0326690673828125 0.0329265594482422 0.0609970092773438 -0.111122131347656
0.00184249877929687 0.0455169677734375 -0.0094757080078125 -0.138694763183594
0.00687789916992187 0.0337257385253906 -0.07293701171875 -0.115509033203125
4.00543212890618E-05 0.0270309448242188 -0.0725250244140625 -0.0848007202148438
-0.00406074523925781 0.0282249450683594 -0.0715560913085937 -0.066558837890625
-0.0189456939697266 0.0166683197021484 -0.0598640441894531 -0.0673904418945313
-0.0278968811035156 -0.0114479064941406 -0.0562286376953125 -0.075653076171875
-0.005523681640625 -0.0502281188964844 -0.0473785400390625 -0.105018615722656
0.0522117614746094 -0.0426254272460938 -0.0151443481445313 -0.130126953125
0.08935546875 0.00103759765625 -0.03607177734375 -0.169845581054688
0.0958023071289063 0.0529556274414063 -0.0595245361328125 -0.202163696289063
0.0985031127929688 0.0948944091796875 0.050018310546875 -0.176406860351563
0.0671119689941406 0.00139617919921875 -0.0140228271484375 -0.0307540893554688
0.0373649597167969 -0.0249786376953125 0.0801849365234375 0.040771484375
0.00280952453613281 -0.0242042541503906 0.125244140625 -0.038665771484375
-0.0062246322631836 -0.0133228302001953 0.079315185546875 -0.115333557128906
-0.0100841522216797 -0.00270557403564453 -0.00425720214843752 -0.14642333984375
-0.0223789215087891 -0.00762939453125 -0.0717849731445313 -0.118431091308594
-0.0220012664794922 -0.0167179107666016 -0.0680007934570312 -0.0795440673828125
-0.0284042358398438 -0.0173397064208984 -0.0698814392089844 -0.0621871948242187
-0.0204849243164062 -0.0299816131591797 -0.0612258911132813 -0.0589447021484375
0.001800537109375 -0.0509910583496094 -0.0574722290039062 -0.0642204284667969
0.0477867126464844 -0.0605621337890625 -0.0498275756835937 -0.096160888671875
0.103408813476563 -0.001495361328125 -0.022491455078125 -0.115081787109375
0.117332458496094 0.0609054565429688 -0.0364837646484375 -0.149063110351563
0.0986404418945313 0.133209228515625 -0.0482635498046875 -0.1705322265625
0.087432861328125 0.1695556640625 0.0803756713867187 -0.137908935546875
0.0907058715820312 0.0726394653320312 0.00481986999511719 -0.00917625427246093
0.105987548828125 0.0152587890625 0.0907821655273437 0.065216064453125
0.0655021667480469 -0.0387840270996094 0.140869140625 -0.0188751220703125
0.0312347412109375 -0.0578269958496094 0.09954833984375 -0.103218078613281
-0.0143661499023437 -0.0541152954101562 0.00796508789062499 -0.140113830566406
-0.04632568359375 -0.0507278442382813 -0.0589218139648438 -0.1080322265625
-0.0404205322265625 -0.0586776733398438 -0.0545692443847656 -0.0628585815429688
-0.0523223876953125 -0.0590286254882813 -0.0586471557617187 -0.04327392578125
-0.0273513793945313 -0.07122802734375 -0.0595893859863281 -0.0352554321289062
0.0199356079101562 -0.0894546508789063 -0.0586166381835938 -0.0408477783203125
0.0863189697265625 -0.0780792236328125 -0.0567703247070313 -0.0781707763671875
0.146102905273437 0.021484375 -0.0317230224609375 -0.0968475341796875
0.140182495117188 0.100494384765625 -0.030364990234375 -0.120834350585937
0.0952301025390625 0.190093994140625 -0.0358428955078125 -0.11602783203125
0.0593109130859375 0.21832275390625 0.103126525878906 -0.0712432861328125
0.0920181274414062 0.137100219726563 0.0227394104003906 0.0297031402587891
0.156005859375 0.0663299560546875 0.0924911499023438 0.095703125
0.123275756835937 -0.037139892578125 0.146270751953125 0.0141143798828125
0.0712890625 -0.0887298583984375 0.113868713378906 -0.0731048583984375
-0.00985717773437499 -0.0975112915039063 0.0244293212890625 -0.115402221679688
-0.059783935546875 -0.0862579345703125 -0.036956787109375 -0.0845184326171875
-0.052490234375 -0.0913848876953125 -0.0326156616210938 -0.0363883972167969
-0.070587158203125 -0.0903701782226562 -0.040283203125 -0.015350341796875
-0.0362548828125 -0.101066589355469 -0.0497779846191406 -0.0035247802734375
0.0275039672851563 -0.119255065917969 -0.0543594360351563 -0.0108375549316406
0.106620788574219 -0.0931854248046875 -0.0612602233886719 -0.0528984069824219
0.171051025390625 0.032318115234375 -0.039398193359375 -0.0770950317382813
0.148635864257813 0.12255859375 -0.0160064697265625 -0.090789794921875
0.0815277099609375 0.218399047851563 -0.0224075317382813 -0.0508308410644531
0.019439697265625 0.226593017578125 0.112236022949219 0.00978851318359376
0.0665283203125 0.176467895507813 0.03485107421875 0.077728271484375
0.167190551757813 0.115097045898437 0.0828170776367188 0.123664855957031
0.158660888671875 -0.017364501953125 0.135810852050781 0.0518646240234375
0.104713439941406 -0.096771240234375 0.11553955078125 -0.0303421020507813
0.00112915039062501 -0.12286376953125 0.0383529663085938 -0.075531005859375
-0.0632476806640625 -0.108383178710938 -0.00957107543945313 -0.0504722595214844
-0.0570297241210937 -0.110282897949219 -0.00666475296020508 -0.00440645217895508
-0.0789718627929688 -0.108695983886719 -0.0150384902954102 0.0170125961303711
-0.0404739379882812 -0.117378234863281 -0.0348720550537109 0.0318164825439453
0.0320892333984375 -0.134437561035156 -0.04644775390625 0.0207099914550781
0.115226745605469 -0.095703125 -0.0618705749511719 -0.0254707336425781
0.174453735351563 0.043792724609375 -0.0426597595214844 -0.0581436157226562
0.13525390625 0.134506225585938 0.00367736816406251 -0.0616226196289063
0.053680419921875 0.218948364257813 -0.00966072082519531 0.0177879333496094
-0.021453857421875 0.193222045898438 0.109809875488281 0.0901565551757813
0.0235137939453125 0.177230834960938 0.0405044555664063 0.12445068359375
0.137969970703125 0.143020629882813 0.0642852783203125 0.139762878417969
0.158309936523437 0.0102691650390625 0.111076354980469 0.0827178955078125
0.117027282714844 -0.0821151733398437 0.102622985839844 0.0134735107421875
0.0129776000976563 -0.124649047851563 0.0483245849609375 -0.0294227600097656
-0.0559921264648437 -0.112113952636719 0.0185794830322266 -0.0115528106689453
-0.0527114868164063 -0.112586975097656 0.020660400390625 0.0270423889160156
-0.0750579833984375 -0.11273193359375 0.01165771484375 0.0491409301757812
-0.037689208984375 -0.119239807128906 -0.0177154541015625 0.0660133361816406
0.0370330810546875 -0.132614135742188 -0.038360595703125 0.0501899719238281
0.115814208984375 -0.0847396850585938 -0.0616493225097656 0.000286102294921866
0.159271240234375 0.0591583251953125 -0.0445556640625 -0.0411529541015625
0.102012634277344 0.139068603515625 0.0207862854003906 -0.0336132049560547
0.0160064697265625 0.194992065429688 -0.00164031982421875 0.0810546875
-0.0559539794921875 0.124069213867187 0.0958251953125 0.153091430664063
-0.0199432373046875 0.13922119140625 0.039642333984375 0.158721923828125
0.0814971923828125 0.136642456054688 0.0440673828125 0.14141845703125
0.123893737792969 0.0316390991210938 0.0811538696289063 0.0998458862304688
0.103500366210938 -0.0537948608398438 0.0811309814453125 0.0473403930664063
0.020538330078125 -0.102882385253906 0.05194091796875 0.0139274597167969
-0.0409164428710937 -0.0964431762695313 0.0436439514160156 0.0246238708496094
-0.0408401489257812 -0.0977706909179688 0.0453681945800781 0.0543403625488281
-0.0602569580078125 -0.101486206054687 0.03643798828125 0.0784988403320313
-0.027923583984375 -0.106742858886719 -0.00311279296875 0.097503662109375
0.0405349731445312 -0.115653991699219 -0.034454345703125 0.0773239135742187
0.10772705078125 -0.0626602172851563 -0.0646400451660156 0.0228080749511719
0.128486633300781 0.0729751586914063 -0.0489540100097656 -0.0283584594726562
0.0551834106445313 0.132606506347656 0.0307884216308594 -0.00725555419921874
-0.0278778076171875 0.148513793945313 -0.00537109375000001 0.134269714355469
-0.0784759521484375 0.033721923828125 0.0804901123046875 0.186294555664063
-0.05560302734375 0.07464599609375 0.0400390625 0.1727294921875
0.0168609619140625 0.0990142822265625 0.0294876098632812 0.129776000976563
0.0675468444824219 0.0390701293945312 0.0572357177734375 0.104965209960937
0.0689430236816406 -0.0200653076171875 0.0617599487304688 0.0677413940429688
0.0214195251464844 -0.0637931823730469 0.0549850463867188 0.0443229675292969
-0.0202369689941406 -0.065887451171875 0.0620460510253906 0.0513648986816406
-0.0219306945800781 -0.0684585571289063 0.0631027221679687 0.0731353759765625
-0.0359649658203125 -0.0768508911132813 0.0551986694335938 0.102157592773438
-0.0135269165039063 -0.0811691284179688 0.00604248046875001 0.123115539550781
0.0404815673828125 -0.084716796875 -0.037200927734375 0.0991592407226563
0.0875015258789063 -0.0348587036132813 -0.073394775390625 0.0414505004882812
0.0839004516601563 0.0764389038085938 -0.057525634765625 -0.0203895568847656
0.00334930419921875 0.108695983886719 0.0297870635986328 0.0140018463134766
-0.0672988891601563 0.0814285278320312 -0.02154541015625 0.169265747070313
0.092681884765625 0.00243377685546875 0.00495910644531249 -0.192092895507813
0.0244407653808594 -0.0631904602050781 -0.0314483642578125 -0.0290393829345703
-0.0366859436035156 -0.0465431213378906 0.0721206665039062 0.0245437622070312
-0.0519180297851563 0.00510406494140626 0.109718322753906 -0.0526580810546875
-0.0305671691894531 0.0382499694824219 0.0565032958984375 -0.119247436523437
0.00728225708007813 0.0473213195800781 -0.0182342529296875 -0.143417358398437
0.0117740631103516 0.0334701538085938 -0.083892822265625 -0.114349365234375
0.00320625305175781 0.0276031494140625 -0.0816574096679688 -0.0824203491210938
-0.000617980957031251 0.0289821624755859 -0.0798110961914063 -0.0630874633789063
-0.0167598724365234 0.0185527801513672 -0.0671844482421875 -0.0654869079589844
-0.0285320281982422 -0.00848197937011719 -0.0653762817382812 -0.07470703125
-0.0108833312988281 -0.0509605407714844 -0.0577926635742188 -0.105934143066406
0.049560546875 -0.0482521057128906 -0.0234909057617187 -0.135482788085938
0.0922393798828125 -0.006317138671875 -0.04827880859375 -0.173385620117187
0.103797912597656 0.0466461181640625 -0.076416015625 -0.203216552734375
0.109237670898438 0.0895004272460938 0.0367889404296875 -0.185043334960938
0.0687408447265625 -0.00389480590820312 -0.0167655944824219 -0.0276775360107422
0.0360984802246094 -0.0282859802246094 0.0875625610351562 0.0368728637695313
0.000295639038085938 -0.0239143371582031 0.127647399902344 -0.0482940673828125
-0.00763607025146485 -0.0117082595825195 0.0744400024414063 -0.124862670898438
-0.00880622863769531 -0.000759124755859373 -0.0145416259765625 -0.1512451171875
-0.0215702056884766 -0.00618362426757812 -0.0831756591796875 -0.116653442382813
-0.0227413177490234 -0.0153636932373047 -0.0771331787109375 -0.07806396484375
-0.0295619964599609 -0.0151252746582031 -0.0780563354492188 -0.0584869384765625
-0.0216922760009766 -0.0287055969238281 -0.0688209533691406 -0.056549072265625
-0.000839233398437496 -0.0509567260742188 -0.0657234191894531 -0.0629005432128906
0.0442848205566406 -0.0653724670410156 -0.0604629516601562 -0.096893310546875
0.105316162109375 -0.00928497314453125 -0.0298690795898437 -0.118850708007812
0.125068664550781 0.0534439086914062 -0.0474090576171875 -0.152206420898438
0.113258361816406 0.129913330078125 -0.063201904296875 -0.17144775390625
0.104461669921875 0.167129516601563 0.0707550048828125 -0.14794921875
0.0989303588867188 0.0681304931640625 0.00249719619750977 -0.00690793991088867
0.110679626464844 0.00727081298828125 0.100357055664063 0.0615005493164063
0.0639991760253906 -0.044158935546875 0.14599609375 -0.0286407470703125
0.0268898010253906 -0.0608558654785156 0.0959625244140625 -0.114402770996094
-0.0172996520996094 -0.0527381896972656 -0.00115966796875001 -0.145462036132813
-0.0494766235351563 -0.047515869140625 -0.0693511962890625 -0.107002258300781
-0.0455398559570313 -0.0572433471679688 -0.0614891052246094 -0.0615463256835938
-0.0571365356445313 -0.0562705993652344 -0.065032958984375 -0.0399551391601563
-0.0317268371582031 -0.0701370239257813 -0.0648078918457031 -0.0320396423339844
0.014404296875 -0.0920333862304687 -0.0653266906738281 -0.0388259887695313
0.08221435546875 -0.0865478515625 -0.0674514770507813 -0.0779876708984375
0.151351928710938 0.0115966796875 -0.0393142700195313 -0.099639892578125
0.150665283203125 0.093597412109375 -0.0394058227539062 -0.123893737792969
0.113296508789063 0.189178466796875 -0.046478271484375 -0.116668701171875
0.0786285400390625 0.2203369140625 0.0989456176757812 -0.0818328857421875
0.104415893554688 0.134841918945313 0.0231151580810547 0.0311050415039063
0.166152954101563 0.055572509765625 0.104629516601563 0.0927505493164062
0.123977661132812 -0.0470123291015625 0.153823852539063 0.00439453125
0.066436767578125 -0.0967254638671875 0.113166809082031 -0.0841293334960937
-0.0164794921875 -0.0981597900390625 0.0168228149414062 -0.120773315429688
-0.066864013671875 -0.0833816528320313 -0.0452117919921875 -0.0841140747070313
-0.0607376098632812 -0.0905380249023438 -0.0368232727050781 -0.0353126525878906
-0.0786895751953125 -0.0866546630859375 -0.0432968139648438 -0.0117721557617188
-0.0434646606445313 -0.100425720214844 -0.052703857421875 0.000709533691406235
0.0195693969726562 -0.123687744140625 -0.0593605041503906 -0.00790786743164064
0.10223388671875 -0.103889465332031 -0.0700111389160156 -0.0517768859863281
0.178756713867188 0.02093505859375 -0.0461196899414062 -0.0779037475585937
0.16143798828125 0.114898681640625 -0.0230712890625 -0.0938796997070312
0.101318359375 0.219589233398437 -0.0271720886230469 -0.0501060485839844
0.0373992919921875 0.23236083984375 0.115058898925781 0.000740051269531264
0.08123779296875 0.17816162109375 0.0389404296875 0.0794525146484375
0.182327270507813 0.105758666992188 0.0963973999023438 0.122879028320313
0.16204833984375 -0.0295562744140625 0.145843505859375 0.0445709228515625
0.0997390747070313 -0.107833862304688 0.118003845214844 -0.040618896484375
-0.00748443603515625 -0.125762939453125 0.0345077514648438 -0.0807723999023438
-0.0722122192382812 -0.105400085449219 -0.0142135620117188 -0.0513801574707031
-0.0671615600585938 -0.109268188476563 -0.00726079940795899 -0.00455951690673829
-0.0895614624023437 -0.10516357421875 -0.0146217346191406 0.0197906494140625
-0.050048828125 -0.116317749023437 -0.0345306396484375 0.0367240905761719
0.0222625732421875 -0.139610290527344 -0.0487174987792969 0.0240631103515625
0.111068725585938 -0.10791015625 -0.0685653686523438 -0.0230903625488281
0.183700561523437 0.032257080078125 -0.0483894348144531 -0.0580101013183594
0.1488037109375 0.129013061523438 -0.000728607177734371 -0.0654792785644531
0.07244873046875 0.222396850585938 -0.00829696655273437 0.0192203521728516
-0.00711059570312499 0.201248168945312 0.118156433105469 0.0835189819335938
0.036651611328125 0.182235717773438 0.04754638671875 0.1263427734375
0.154754638671875 0.137283325195313 0.0774078369140625 0.141067504882813
0.163742065429688 -0.001007080078125 0.122344970703125 0.0780410766601562
0.113670349121094 -0.094635009765625 0.108001708984375 0.00569915771484374
0.00376129150390625 -0.128616333007813 0.0475044250488281 -0.0335807800292969
-0.06591796875 -0.109321594238281 0.01763916015625 -0.0134658813476563
-0.0630035400390625 -0.112144470214844 0.0235748291015625 0.0252456665039062
-0.0869674682617188 -0.10968017578125 0.0154685974121094 0.0510520935058594
-0.048187255859375 -0.1187744140625 -0.014617919921875 0.0707168579101562
0.0265579223632813 -0.138587951660156 -0.0379753112792969 0.0541000366210937
0.112823486328125 -0.0967864990234375 -0.0660972595214844 0.00350189208984374
0.169662475585938 0.0489501953125 -0.0499229431152344 -0.0401115417480469
0.115089416503906 0.136558532714844 0.0186271667480469 -0.0381317138671875
0.0311279296875 0.200775146484375 0.004364013671875 0.08380126953125
-0.0479202270507813 0.132408142089844 0.108718872070312 0.14923095703125
-0.0106658935546875 0.146591186523438 0.0502166748046875 0.161407470703125
0.096099853515625 0.135223388671875 0.0555877685546875 0.143844604492187
0.129722595214844 0.0233917236328125 0.0920791625976563 0.0984344482421875
0.102188110351563 -0.0647125244140625 0.0881195068359375 0.0425262451171875
0.01263427734375 -0.107490539550781 0.0545806884765625 0.0107841491699219
-0.0500335693359375 -0.0948333740234375 0.0462760925292969 0.0223312377929687
-0.0501861572265625 -0.0977554321289062 0.051239013671875 0.0519752502441406
-0.0712966918945313 -0.0995559692382813 0.0439224243164062 0.079498291015625
-0.037567138671875 -0.106719970703125 0.00329589843749999 0.102363586425781
0.0316848754882813 -0.12213134765625 -0.0319366455078125 0.0815963745117187
0.106292724609375 -0.073760986328125 -0.0673599243164063 0.027618408203125
0.139007568359375 0.0652542114257813 -0.0533561706542969 -0.0263862609863281
0.0670928955078125 0.133506774902344 0.0310134887695313 -0.0117835998535156
-0.0175933837890625 0.15625 0.00469970703124999 0.138595581054688
-0.0786819458007813 0.0409393310546875 0.096221923828125 0.1844482421875
-0.0521697998046875 0.0818099975585938 0.051300048828125 0.174835205078125
0.0269927978515625 0.101631164550781 0.0387039184570313 0.133163452148438
0.0729904174804687 0.0349502563476562 0.067352294921875 0.104537963867188
0.0694580078125 -0.02740478515625 0.0699195861816406 0.0652008056640625
0.0164337158203125 -0.0678215026855469 0.0600128173828125 0.0421562194824219
-0.0267333984375 -0.0653114318847656 0.0677986145019531 0.0479164123535156
-0.02978515625 -0.068695068359375 0.0710678100585938 0.0703964233398437
-0.0446853637695313 -0.0761260986328125 0.0650787353515625 0.102272033691406
-0.0214004516601563 -0.0822906494140625 0.0150146484375 0.127769470214844
0.033294677734375 -0.09112548828125 -0.032684326171875 0.104934692382813
0.08758544921875 -0.044158935546875 -0.0744781494140625 0.0471267700195313
0.0941162109375 0.0724258422851563 -0.0619735717773438 -0.0173263549804688
0.0117263793945313 0.113319396972656 0.0312843322753906 0.0106925964355469
-0.0640792846679687 0.089813232421875 -0.00907897949218749 0.1759033203125
0.0932159423828125 -0.00611114501953125 -0.010223388671875 -0.19158935546875
0.0192680358886719 -0.0654449462890625 -0.0333366394042969 -0.0244083404541016
-0.0413169860839844 -0.04315185546875 0.0755538940429687 0.0198135375976562
-0.05157470703125 0.0104560852050781 0.107864379882813 -0.0601272583007812
-0.0265960693359375 0.042694091796875 0.0493545532226562 -0.123588562011719
0.01324462890625 0.0471382141113281 -0.027740478515625 -0.14447021484375
0.0161647796630859 0.0310840606689453 -0.092803955078125 -0.10821533203125
0.00682258605957031 0.0266227722167969 -0.0888595581054687 -0.0761260986328125
0.00291824340820313 0.0282783508300781 -0.0858383178710938 -0.0566864013671875
-0.0134525299072266 0.0199050903320313 -0.0731658935546875 -0.0603179931640625
-0.0280418395996094 -0.005157470703125 -0.07293701171875 -0.0703201293945313
-0.0159950256347656 -0.0492401123046875 -0.067291259765625 -0.102386474609375
0.0450515747070313 -0.0520515441894531 -0.0323257446289062 -0.135452270507813
0.0918045043945313 -0.0138702392578125 -0.059783935546875 -0.170501708984375
0.108161926269531 0.0382232666015625 -0.091400146484375 -0.195480346679688
0.11639404296875 0.0792617797851563 0.021820068359375 -0.18695068359375
0.0682907104492188 -0.009002685546875 -0.0193252563476562 -0.0236949920654297
0.0331287384033203 -0.0314044952392578 0.0919647216796875 0.030914306640625
-0.00224494934082031 -0.022491455078125 0.126716613769531 -0.0568466186523438
-0.00801563262939453 -0.00868892669677734 0.0665283203125 -0.130867004394531
-0.00657510757446289 0.000635147094726564 -0.024993896484375 -0.151763916015625
-0.0200214385986328 -0.00483512878417969 -0.0919342041015625 -0.11077880859375
-0.0228557586669922 -0.0142230987548828 -0.0839385986328125 -0.0721435546875
-0.0296649932861328 -0.0132045745849609 -0.083740234375 -0.0519332885742187
-0.0219898223876953 -0.0271110534667969 -0.0742034912109375 -0.0512161254882813
-0.00359725952148437 -0.0497550964355469 -0.0720443725585938 -0.0585250854492187
0.038116455078125 -0.0679893493652344 -0.0698699951171875 -0.0937271118164063
0.103691101074219 -0.0165252685546875 -0.0379638671875 -0.118499755859375
0.128189086914063 0.0440673828125 -0.05755615234375 -0.149642944335938
0.124343872070312 0.121063232421875 -0.0758819580078125 -0.165603637695313
0.117889404296875 0.157943725585937 0.058197021484375 -0.15313720703125
0.103569030761719 0.0609054565429688 0.000950813293457037 -0.00447988510131836
0.1109619140625 -0.00177001953125 0.107093811035156 0.053924560546875
0.0595741271972656 -0.0477485656738281 0.145980834960937 -0.03912353515625
0.022064208984375 -0.0612525939941406 0.0888595581054688 -0.1220703125
-0.0199623107910156 -0.0502357482910156 -0.0111846923828125 -0.146194458007812
-0.0514488220214844 -0.0437774658203125 -0.0778045654296875 -0.102058410644531
-0.0490684509277344 -0.0542564392089844 -0.0667533874511719 -0.0574836730957031
-0.0607757568359375 -0.0514297485351563 -0.0689353942871094 -0.0339279174804687
-0.0354576110839844 -0.0676231384277344 -0.0685043334960938 -0.0268478393554688
0.00862884521484375 -0.091522216796875 -0.0707321166992187 -0.0342178344726563
0.074920654296875 -0.0918502807617188 -0.0759429931640625 -0.0746231079101562
0.15203857421875 0.0003662109375 -0.045989990234375 -0.0987091064453125
0.15704345703125 0.0822601318359375 -0.0489044189453125 -0.122238159179688
0.1290283203125 0.18048095703125 -0.0554733276367187 -0.112091064453125
0.0968475341796875 0.21331787109375 0.0908966064453125 -0.089874267578125
0.114204406738281 0.127815246582031 0.0233860015869141 0.0317668914794922
0.170791625976563 0.0419158935546875 0.113197326660156 0.0854721069335938
0.119476318359375 -0.0557098388671875 0.156143188476563 -0.006072998046875
0.058197021484375 -0.100715637207031 0.10784912109375 -0.0932083129882813
-0.0229415893554687 -0.0954055786132812 0.00800323486328125 -0.122291564941406
-0.0715408325195312 -0.0774612426757813 -0.0519180297851563 -0.0809860229492187
-0.06732177734375 -0.0860671997070313 -0.0400161743164063 -0.033599853515625
-0.0850143432617188 -0.0798797607421875 -0.0446395874023438 -0.00769424438476563
-0.0499725341796875 -0.095947265625 -0.0541763305664063 0.00572204589843749
0.0106124877929688 -0.123207092285156 -0.0626754760742188 -0.00379180908203126
0.0936965942382813 -0.11199951171875 -0.0770950317382813 -0.0481033325195313
0.180816650390625 0.006927490234375 -0.0516128540039062 -0.076416015625
0.169036865234375 0.103363037109375 -0.0304794311523437 -0.0941009521484375
0.118942260742187 0.212432861328125 -0.0313873291015625 -0.0471878051757812
0.0561676025390625 0.229171752929688 0.113105773925781 -0.00852203369140624
0.09405517578125 0.173126220703125 0.0425033569335938 0.0784378051757813
0.190750122070313 0.0902557373046875 0.106956481933594 0.116371154785156
0.1595458984375 -0.0412445068359375 0.151351928710938 0.034454345703125
0.0903778076171875 -0.115798950195313 0.116737365722656 -0.0500640869140625
-0.01641845703125 -0.124122619628906 0.0281600952148438 -0.0836257934570313
-0.0793685913085938 -0.0983352661132813 -0.0190963745117188 -0.0502777099609375
-0.0756683349609375 -0.104179382324219 -0.00762176513671876 -0.00486803054809571
-0.09796142578125 -0.0971832275390625 -0.0134906768798828 0.0219650268554687
-0.0582733154296875 -0.111793518066406 -0.0327415466308594 0.040374755859375
0.0111160278320312 -0.14013671875 -0.0491561889648438 0.027496337890625
0.102684020996094 -0.116737365722656 -0.0737457275390625 -0.019622802734375
0.187149047851563 0.0180816650390625 -0.052978515625 -0.0560226440429688
0.1578369140625 0.117691040039063 -0.00615692138671874 -0.0672531127929687
0.09088134765625 0.217788696289063 -0.00725936889648437 0.02044677734375
0.00825500488281248 0.201889038085938 0.122573852539063 0.07342529296875
0.050506591796875 0.180999755859375 0.0540542602539062 0.124000549316406
0.165939331054688 0.124984741210938 0.0883865356445313 0.135749816894531
0.163787841796875 -0.0129241943359375 0.129646301269531 0.0706253051757812
0.105964660644531 -0.103775024414063 0.109535217285156 -0.00308227539062501
-0.00568389892578124 -0.128585815429688 0.0448989868164063 -0.0368118286132813
-0.0741500854492188 -0.103141784667969 0.0157356262207031 -0.0150852203369141
-0.0723648071289062 -0.107009887695313 0.0256309509277344 0.0230941772460937
-0.0962753295898438 -0.101768493652344 0.0196762084960938 0.0509567260742187
-0.0567474365234375 -0.113990783691406 -0.0101089477539063 0.0728073120117187
0.0150146484375 -0.139854431152344 -0.0362510681152344 0.0565338134765625
0.104621887207031 -0.106170654296875 -0.0686721801757813 0.00751495361328126
0.175216674804688 0.0361328125 -0.0531082153320312 -0.0376739501953125
0.125015258789063 0.128547668457031 0.0151329040527344 -0.0417709350585938
0.0466156005859375 0.199172973632813 0.0109176635742188 0.08367919921875
-0.0377044677734375 0.136520385742188 0.118194580078125 0.139892578125
-0.000183105468749986 0.148818969726563 0.058624267578125 0.158432006835938
0.108100891113281 0.128303527832031 0.0656967163085938 0.140480041503906
0.131980895996094 0.0138626098632813 0.100395202636719 0.09295654296875
0.0970535278320312 -0.0734786987304688 0.0924224853515625 0.0355300903320312
0.00403594970703125 -0.107955932617188 0.055328369140625 0.00738525390624999
-0.057342529296875 -0.0903091430664063 0.0474510192871094 0.0186805725097656
-0.0585403442382813 -0.093475341796875 0.0556831359863281 0.0471649169921875
-0.0803146362304688 -0.0927658081054688 0.0503387451171875 0.076507568359375
-0.0462570190429688 -0.103652954101563 0.0101394653320312 0.103103637695312
0.0206069946289062 -0.124137878417969 -0.0277938842773438 0.0841140747070312
0.100303649902344 -0.0835037231445313 -0.067352294921875 0.0313186645507813
0.145904541015625 0.0541534423828125 -0.0562095642089844 -0.0232734680175781
0.0774383544921875 0.12957763671875 0.0296440124511719 -0.0162334442138672
-0.00587463378906251 0.158523559570313 0.0153732299804688 0.137748718261719
-0.0754776000976563 0.0475387573242187 0.1082763671875 0.17578125
-0.0462875366210937 0.0866928100585938 0.06158447265625 0.171859741210938
0.036224365234375 0.09991455078125 0.0472564697265625 0.132362365722656
0.0760879516601563 0.0290298461914063 0.0757598876953125 0.101432800292969
0.0668373107910156 -0.0340919494628906 0.07611083984375 0.0595932006835938
0.010223388671875 -0.0698814392089844 0.062896728515625 0.0380020141601562
-0.0324592590332031 -0.0622825622558594 0.07147216796875 0.0428009033203125
-0.0364837646484375 -0.0662727355957031 0.077362060546875 0.0642013549804688
-0.052490234375 -0.0719680786132812 0.07379150390625 0.097503662109375
-0.0291976928710938 -0.0801849365234375 0.0240020751953125 0.127685546875
0.024932861328125 -0.0943984985351563 -0.0268402099609375 0.107810974121094
0.0842514038085938 -0.0523910522460938 -0.0723190307617188 0.0519332885742187
0.101455688476563 0.0648040771484375 -0.0641555786132812 -0.0134544372558594
0.0211410522460937 0.113334655761719 0.0314674377441406 0.00547409057617188
-0.0574493408203125 0.0959854125976562 0.00427246093749999 0.175872802734375
0.091064453125 -0.0129165649414062 -0.01995849609375 -0.186996459960938
0.0152511596679687 -0.0657463073730469 -0.0333728790283203 -0.0200328826904297
-0.0438270568847656 -0.040130615234375 0.0761032104492188 0.0162811279296875
-0.051055908203125 0.0144386291503906 0.105110168457031 -0.0645751953125
-0.0228958129882813 0.0459709167480469 0.0441970825195312 -0.124122619628906
0.0177459716796875 0.0447502136230469 -0.033905029296875 -0.142288208007813
0.0189685821533203 0.0277957916259766 -0.0968093872070313 -0.102745056152344
0.0088348388671875 0.0253486633300781 -0.0918960571289063 -0.0699081420898437
0.00558662414550781 0.0272865295410156 -0.08837890625 -0.0501022338867187
-0.0110225677490234 0.0197238922119141 -0.07598876953125 -0.0557174682617187
-0.0267086029052734 -0.00274276733398438 -0.0765151977539063 -0.0656509399414063
-0.0196952819824219 -0.0458145141601563 -0.07275390625 -0.0986328125
0.040557861328125 -0.05316162109375 -0.0373992919921875 -0.133979797363281
0.088958740234375 -0.0185317993164063 -0.066131591796875 -0.165191650390625
0.109580993652344 0.0311813354492188 -0.0992431640625 -0.186126708984375
0.118873596191406 0.070037841796875 0.01025390625 -0.184249877929688
0.0660247802734375 -0.0125465393066406 -0.0202140808105469 -0.0197429656982422
0.0298175811767578 -0.0323886871337891 0.0934219360351563 0.0263824462890625
-0.00392913818359375 -0.0200729370117188 0.123985290527344 -0.0623245239257813
-0.00772714614868164 -0.00636768341064453 0.0605621337890625 -0.132194519042969
-0.00426769256591797 0.00147223472595215 -0.0313720703125 -0.149871826171875
-0.0185165405273438 -0.00494384765625 -0.0965347290039062 -0.104499816894531
-0.0219402313232422 -0.0132694244384766 -0.0871353149414063 -0.0665740966796875
-0.0280132293701172 -0.0117206573486328 -0.0860977172851563 -0.04583740234375
-0.0214786529541016 -0.0254535675048828 -0.0774154663085938 -0.0462417602539063
-0.00440597534179688 -0.0475616455078125 -0.0758590698242188 -0.0541534423828125
0.0330047607421875 -0.067657470703125 -0.0756454467773438 -0.0901107788085938
0.100601196289063 -0.0211257934570313 -0.0424957275390625 -0.117294311523438
0.127479553222656 0.0372543334960937 -0.0635986328125 -0.145126342773438
0.129226684570313 0.112251281738281 -0.0831756591796875 -0.157470703125
0.124404907226563 0.147781372070313 0.0470733642578125 -0.152984619140625
0.104621887207031 0.054656982421875 -0.000324964523315423 -0.00178420543670654
0.107658386230469 -0.00832366943359375 0.109298706054688 0.0480728149414063
0.0553169250488281 -0.0486030578613281 0.14447021484375 -0.0452880859375
0.01873779296875 -0.0596961975097656 0.0826187133789063 -0.12451171875
-0.0197982788085938 -0.0474739074707031 -0.0179290771484375 -0.143875122070313
-0.0510520935058594 -0.040802001953125 -0.0822830200195312 -0.096221923828125
-0.05035400390625 -0.0513076782226563 -0.0695304870605469 -0.0530357360839844
-0.0608940124511719 -0.0469169616699219 -0.0705413818359375 -0.029144287109375
-0.0367393493652344 -0.0638618469238281 -0.0700798034667969 -0.0221099853515625
0.00452423095703125 -0.0892181396484375 -0.0732879638671875 -0.0305252075195313
0.0684661865234375 -0.09393310546875 -0.0811233520507812 -0.0707550048828125
0.149398803710938 -0.006988525390625 -0.05010986328125 -0.0972213745117188
0.157791137695313 0.0729217529296875 -0.0537185668945312 -0.118843078613281
0.136642456054688 0.171295166015625 -0.060302734375 -0.106636047363281
0.106170654296875 0.203338623046875 0.0829315185546875 -0.093170166015625
0.118629455566406 0.120391845703125 0.0232009887695313 0.0325450897216797
0.170013427734375 0.03155517578125 0.116600036621094 0.0786361694335938
0.114295959472656 -0.0601043701171875 0.156234741210937 -0.0131378173828125
0.0513992309570312 -0.100868225097656 0.102516174316406 -0.0977859497070312
-0.0257949829101563 -0.0917510986328125 0.00198364257812501 -0.12127685546875
-0.0732879638671875 -0.0718612670898438 -0.0560302734375 -0.0773773193359375
-0.070770263671875 -0.0811767578125 -0.0417938232421875 -0.0313072204589844
-0.0871810913085937 -0.0731582641601563 -0.0448799133300781 -0.00421142578125
-0.0526046752929687 -0.090911865234375 -0.0542793273925781 0.00904846191406249
0.00441741943359374 -0.120552062988281 -0.0640525817871094 -0.000560760498046882
0.0859375 -0.113876342773438 -0.081634521484375 -0.0444488525390625
0.177886962890625 -0.001312255859375 -0.0543441772460937 -0.07513427734375
0.170822143554687 0.0936737060546875 -0.0343780517578125 -0.0918197631835938
0.129180908203125 0.203231811523438 -0.0331611633300781 -0.0442733764648437
0.066864013671875 0.222198486328125 0.108963012695313 -0.0147552490234375
0.101211547851563 0.166534423828125 0.0426864624023438 0.0772552490234375
0.193267822265625 0.0783233642578125 0.111549377441406 0.109359741210937
0.154373168945313 -0.048065185546875 0.152908325195312 0.0275726318359375
0.0832443237304688 -0.118209838867188 0.113319396972656 -0.0556106567382813
-0.022186279296875 -0.120368957519531 0.0241546630859375 -0.0835647583007813
-0.08221435546875 -0.0923385620117187 -0.0218696594238281 -0.0480422973632813
-0.0802536010742188 -0.0990066528320312 -0.00858163833618165 -0.00496196746826173
-0.101089477539062 -0.0889739990234375 -0.0121631622314453 0.0235462188720703
-0.0620651245117188 -0.105972290039062 -0.0314140319824219 0.0423393249511719
0.00363922119140625 -0.136489868164062 -0.050048828125 0.0297470092773437
0.0936813354492188 -0.119682312011719 -0.0766830444335938 -0.0171737670898438
0.18572998046875 0.0081939697265625 -0.0549278259277344 -0.0544548034667969
0.161117553710937 0.10858154296875 -0.010009765625 -0.0677757263183594
0.101104736328125 0.210678100585937 -0.00570106506347655 0.0208530426025391
0.0184478759765625 0.197723388671875 0.12200927734375 0.0646133422851563
0.0582427978515625 0.176956176757813 0.0563201904296875 0.121620178222656
0.170852661132812 0.113754272460937 0.0936355590820313 0.129959106445313
0.160430908203125 -0.0203399658203125 0.132659912109375 0.063323974609375
0.0982208251953125 -0.107658386230469 0.108695983886719 -0.00894165039062501
-0.011962890625 -0.125236511230469 0.0424613952636719 -0.0385551452636719
-0.0775146484375 -0.0968856811523437 0.01409912109375 -0.0154237747192383
-0.0776138305664062 -0.101692199707031 0.0259475708007812 0.0208206176757812
-0.100631713867188 -0.09332275390625 0.0224418640136719 0.0501174926757813
-0.061981201171875 -0.108314514160156 -0.0070648193359375 0.0735015869140625
0.00633239746093751 -0.137039184570313 -0.0351028442382813 0.05780029296875
0.09661865234375 -0.110244750976563 -0.070465087890625 0.00940704345703126
0.174911499023437 0.02581787109375 -0.0547332763671875 -0.0359916687011719
0.129653930664063 0.120346069335938 0.0122642517089844 -0.043487548828125
0.057281494140625 0.19415283203125 0.01544189453125 0.0817642211914063
-0.0304183959960937 0.136192321777344 0.121208190917969 0.13043212890625
0.00662231445312501 0.147506713867188 0.06256103515625 0.154464721679688
0.114479064941406 0.119865417480469 0.071197509765625 0.13641357421875
0.130912780761719 0.0067901611328125 0.104339599609375 0.087432861328125
0.0909576416015625 -0.0777206420898438 0.0943069458007813 0.0298919677734375
-0.00201416015624999 -0.106803894042969 0.0547637939453125 0.00509643554687499
-0.0612411499023437 -0.0844497680664063 0.0471458435058594 0.016082763671875
-0.0638656616210938 -0.0887527465820313 0.0568389892578125 0.04315185546875
-0.0852203369140625 -0.0860061645507813 0.0544281005859375 0.0736007690429688
-0.0518341064453125 -0.0983352661132812 0.01495361328125 0.102249145507812
0.0125045776367187 -0.122711181640625 -0.0249099731445312 0.08380126953125
0.0933990478515625 -0.0883865356445312 -0.0671958923339844 0.0333671569824219
0.147994995117188 0.044921875 -0.0570068359375 -0.0212554931640625
0.083282470703125 0.124176025390625 0.0274181365966797 -0.01971435546875
0.0026702880859375 0.156890869140625 0.02301025390625 0.133804321289063
-0.07220458984375 0.0506210327148438 0.11370849609375 0.166030883789063
-0.0412139892578125 0.0885848999023438 0.0662078857421875 0.166824340820313
0.042877197265625 0.0958786010742188 0.0519332885742188 0.129783630371094
0.076507568359375 0.0242385864257813 0.0801010131835938 0.096954345703125
0.0635299682617188 -0.0380935668945313 0.0784149169921875 0.0548553466796875
0.00539779663085938 -0.0689544677734375 0.0642166137695313 0.0346717834472656
-0.0361824035644531 -0.05902099609375 0.0724334716796875 0.0387496948242187
-0.0403022766113281 -0.0628929138183594 0.0795211791992187 0.05877685546875
-0.0574264526367187 -0.06689453125 0.0784225463867188 0.092193603515625
-0.0341644287109375 -0.0769271850585938 0.0304031372070313 0.125900268554688
0.0181198120117188 -0.093902587890625 -0.0225372314453125 0.107276916503906
0.0796585083007813 -0.0577774047851563 -0.0705413818359375 0.0537109375
0.105308532714844 0.057769775390625 -0.0647010803222656 -0.0109405517578125
0.0271072387695313 0.111885070800781 0.0305271148681641 0.00152969360351563
-0.051483154296875 0.0981216430664063 0.01318359375 0.172012329101563
0.0887298583984375 -0.0162429809570312 -0.0249176025390625 -0.183761596679688
0.0125007629394531 -0.0661773681640625 -0.0329856872558594 -0.0178508758544922
-0.0450630187988281 -0.0376930236816406 0.0767135620117188 0.0147247314453125
-0.0503387451171875 0.0176429748535156 0.104446411132813 -0.0663604736328125
-0.0191650390625 0.0479202270507813 0.0424041748046875 -0.124458312988281
0.021026611328125 0.0430526733398437 -0.0369720458984375 -0.141937255859375
0.0203876495361328 0.0250797271728516 -0.0985260009765625 -0.0997543334960938
0.0100536346435547 0.0237579345703125 -0.0935516357421875 -0.0668869018554687
0.00720024108886719 0.0258827209472656 -0.0889663696289063 -0.04669189453125
-0.009063720703125 0.0194969177246094 -0.077392578125 -0.0531082153320312
-0.0252151489257813 -0.00190162658691406 -0.0787353515625 -0.0630950927734375
-0.0214157104492188 -0.0437355041503906 -0.075927734375 -0.0970687866210937
0.0376091003417969 -0.0533790588378906 -0.0392379760742188 -0.133949279785156
0.0876617431640625 -0.0207672119140625 -0.067901611328125 -0.161834716796875
0.10986328125 0.026519775390625 -0.101470947265625 -0.180145263671875
0.118354797363281 0.0646133422851562 0.00473022460937501 -0.181793212890625
0.0641059875488281 -0.0139007568359375 -0.0204238891601562 -0.0170497894287109
0.0277881622314453 -0.0325927734375 0.0938644409179688 0.0239639282226563
-0.00501060485839844 -0.01812744140625 0.123199462890625 -0.0650100708007813
-0.0063929557800293 -0.00426626205444336 0.0583267211914063 -0.132156372070313
-0.00164461135864258 0.000968217849731446 -0.0341949462890625 -0.149124145507813
-0.0170936584472656 -0.00539970397949218 -0.0987014770507812 -0.101547241210938
-0.0216598510742188 -0.0134944915771484 -0.088531494140625 -0.06365966796875
-0.0268058776855469 -0.0112018585205078 -0.0869293212890625 -0.0419921875
-0.0202007293701172 -0.0248203277587891 -0.07867431640625 -0.0436630249023438
-0.00409317016601562 -0.0461006164550781 -0.07818603515625 -0.0520477294921875
0.0301551818847656 -0.0664596557617188 -0.0794219970703125 -0.0883941650390625
0.098297119140625 -0.0226287841796875 -0.0436630249023437 -0.117568969726563
0.126045227050781 0.033782958984375 -0.0655364990234375 -0.142776489257813
0.131256103515625 0.107391357421875 -0.0848846435546875 -0.152313232421875
0.12652587890625 0.141647338867188 0.0414276123046875 -0.152053833007812
0.104316711425781 0.0517349243164063 -0.00123786926269531 0.000562071800231937
0.105949401855469 -0.0112533569335938 0.109931945800781 0.0453643798828125
0.0528907775878906 -0.0480155944824219 0.1439208984375 -0.0482940673828125
0.0175552368164063 -0.0580902099609375 0.0802078247070313 -0.125579833984375
-0.0190467834472656 -0.0464515686035156 -0.02117919921875 -0.142776489257813
-0.0502090454101562 -0.0396804809570313 -0.0849533081054687 -0.0935440063476563
-0.0506820678710937 -0.0503273010253906 -0.0710525512695313 -0.0511245727539062
-0.0604095458984375 -0.0444526672363281 -0.0712966918945313 -0.026123046875
-0.0358657836914063 -0.0620002746582031 -0.0715484619140625 -0.0194244384765625
0.00379180908203125 -0.0873947143554688 -0.0755462646484375 -0.0284881591796875
0.06451416015625 -0.0932693481445313 -0.0849533081054687 -0.0692062377929688
0.146865844726563 -0.009735107421875 -0.0512161254882812 -0.0973968505859375
0.156387329101563 0.0689239501953125 -0.0554656982421875 -0.117149353027344
0.140625 0.16552734375 -0.0618972778320312 -0.1026611328125
0.110183715820312 0.196807861328125 0.0771408081054688 -0.09375
0.119941711425781 0.117034912109375 0.0216789245605469 0.0339336395263672
0.1685791015625 0.0261993408203125 0.118003845214844 0.0754623413085938
0.11102294921875 -0.061187744140625 0.15679931640625 -0.0163421630859375
0.0484848022460938 -0.100082397460938 0.100296020507813 -0.0995864868164063
-0.0266647338867187 -0.0893402099609375 -0.000251770019531245 -0.120498657226563
-0.073211669921875 -0.0692138671875 -0.0583953857421875 -0.0745697021484375
-0.0722427368164062 -0.079193115234375 -0.0427513122558594 -0.0298843383789063
-0.0873336791992188 -0.06988525390625 -0.0450630187988281 -0.00217819213867187
-0.0534820556640625 -0.0880508422851563 -0.0546722412109375 0.0115318298339844
0.0020751953125 -0.117942810058594 -0.0660820007324219 0.00114059448242187
0.0814971923828125 -0.11431884765625 -0.0853805541992188 -0.0431747436523437
0.176605224609375 -0.0059051513671875 -0.0561370849609375 -0.0754013061523438
0.170623779296875 0.0892791748046875 -0.0367050170898437 -0.0920257568359375
0.13360595703125 0.197418212890625 -0.033477783203125 -0.0421104431152344
0.071533203125 0.21685791015625 0.104339599609375 -0.017578125
0.103683471679688 0.163345336914063 0.0418930053710938 0.07794189453125
0.19281005859375 0.07177734375 0.112770080566406 0.106048583984375
0.151123046875 -0.050872802734375 0.153671264648438 0.0242156982421875
0.0784378051757813 -0.118141174316406 0.111587524414063 -0.0583572387695313
-0.023773193359375 -0.117149353027344 0.0220413208007813 -0.0836029052734375
-0.0822525024414063 -0.0884475708007812 -0.0238533020019531 -0.0470657348632813
-0.0821533203125 -0.0962753295898438 -0.00901031494140625 -0.00505542755126954
-0.102012634277344 -0.0840911865234375 -0.0113792419433594 0.0242252349853516
-0.063323974609375 -0.102157592773438 -0.030975341796875 0.0443878173828125
0.000320434570312502 -0.134025573730469 -0.0511627197265625 0.0305519104003906
0.0888214111328125 -0.120750427246094 -0.0797348022460938 -0.0159988403320312
0.184585571289063 0.0030364990234375 -0.0561599731445312 -0.0547599792480469
0.16168212890625 0.104080200195312 -0.0123329162597656 -0.0683174133300781
0.10601806640625 0.2060546875 -0.00475311279296874 0.0207881927490235
0.0227813720703125 0.194381713867187 0.119590759277344 0.0607376098632813
0.061309814453125 0.174942016601563 0.0559921264648438 0.120391845703125
0.172698974609375 0.108001708984375 0.0952682495117188 0.127662658691406
0.158233642578125 -0.02386474609375 0.134437561035156 0.0605010986328125
0.0938949584960938 -0.108848571777344 0.108322143554688 -0.0123138427734375
-0.0150222778320312 -0.1229248046875 0.0410842895507813 -0.0386505126953125
-0.0785369873046875 -0.093048095703125 0.0130653381347656 -0.0150470733642578
-0.0800933837890625 -0.0988922119140625 0.0257778167724609 0.0197467803955078
-0.102081298828125 -0.0886993408203125 0.0235633850097656 0.0493392944335937
-0.0642776489257813 -0.104255676269531 -0.0053558349609375 0.0743408203125
0.00236511230468751 -0.134910583496094 -0.0361862182617188 0.0580024719238281
0.0922164916992188 -0.11181640625 -0.072265625 0.0099334716796875
0.174728393554688 0.0202484130859375 -0.0555038452148437 -0.036468505859375
0.131546020507813 0.116950988769531 0.0103683471679688 -0.0453262329101562
0.0622406005859375 0.19140625 0.0170974731445313 0.0802154541015625
-0.0273590087890625 0.134902954101562 0.121086120605469 0.124870300292969
0.00982666015625001 0.147018432617187 0.062652587890625 0.15264892578125
0.1177978515625 0.115676879882813 0.0724945068359375 0.135154724121094
0.130157470703125 0.0038299560546875 0.106163024902344 0.0854568481445312
0.0876083374023438 -0.0802688598632813 0.0945053100585938 0.0267868041992187
-0.00556182861328125 -0.104995727539063 0.0548095703125 0.00367736816406249
-0.0632400512695312 -0.0817337036132813 0.0467987060546875 0.0150146484375
-0.0662841796875 -0.0858917236328125 0.0575599670410156 0.0406455993652344
-0.0875396728515625 -0.081146240234375 0.05584716796875 0.0715179443359375
-0.05419921875 -0.0949325561523438 0.0169830322265625 0.101882934570313
0.00791931152343749 -0.121299743652344 -0.0254745483398438 0.0840988159179688
0.0895156860351563 -0.0909194946289063 -0.0682525634765625 0.0335884094238281
0.149520874023437 0.039947509765625 -0.0574607849121094 -0.0211906433105469
0.086181640625 0.121711730957031 0.0259838104248047 -0.0222244262695312
0.00704956054687499 0.15582275390625 0.0256423950195313 0.13128662109375
-0.07098388671875 0.0517959594726563 0.113845825195313 0.16070556640625
-0.0387802124023438 0.0897293090820313 0.0665283203125 0.164688110351563
0.0459976196289063 0.0933380126953125 0.0531234741210938 0.129348754882813
0.0763092041015625 0.0219650268554688 0.0822372436523438 0.0959396362304688
0.0616226196289063 -0.0400276184082031 0.079437255859375 0.0519256591796875
0.00269317626953125 -0.0687141418457031 0.0647125244140625 0.0335845947265625
-0.0377998352050781 -0.0568962097167969 0.0726852416992188 0.0354080200195313
-0.0428695678710937 -0.0611953735351563 0.08050537109375 0.0551910400390625
-0.0598907470703125 -0.0634574890136719 0.080291748046875 0.0893783569335938
-0.03668212890625 -0.0747146606445312 0.0332870483398438 0.125137329101563
0.0137176513671875 -0.0934829711914063 -0.021484375 0.106788635253906
0.076934814453125 -0.0604934692382813 -0.0702743530273438 0.0542945861816406
0.107261657714844 0.05340576171875 -0.0651588439941406 -0.0102806091308594
0.0309219360351562 0.111129760742188 0.0291919708251953 -0.00147438049316406
-0.0479202270507812 0.0989151000976563 0.01751708984375 0.168701171875
0.0881805419921875 -0.0181350708007813 -0.0276336669921875 -0.184646606445313
0.010894775390625 -0.0673484802246094 -0.0333194732666016 -0.0158100128173828
-0.0465621948242188 -0.0370330810546875 0.0782546997070312 0.0152969360351562
-0.0507545471191406 0.0202522277832031 0.106338500976563 -0.06854248046875
-0.0172538757324219 0.0499038696289063 0.0434036254882813 -0.127220153808594
0.0236358642578125 0.0416717529296875 -0.0388031005859375 -0.14508056640625
0.0214748382568359 0.0231952667236328 -0.101692199707031 -0.100257873535156
0.0109519958496094 0.0231342315673828 -0.0968093872070313 -0.0665969848632812
0.00864028930664063 0.0250320434570312 -0.0909271240234375 -0.0449447631835938
-0.00728607177734375 0.0195026397705078 -0.079498291015625 -0.0526657104492188
-0.0241451263427734 -0.000848770141601558 -0.0815277099609375 -0.06341552734375
-0.0229072570800781 -0.0424537658691406 -0.0793685913085937 -0.0976638793945313
0.0364799499511719 -0.0535011291503906 -0.040313720703125 -0.137657165527344
0.0883636474609375 -0.0223770141601563 -0.0682830810546875 -0.1639404296875
0.11199951171875 0.0242843627929688 -0.103042602539063 -0.17999267578125
0.119255065917969 0.0630035400390625 0.0019073486328125 -0.182174682617187
0.0642662048339844 -0.0150375366210937 -0.0208702087402344 -0.0149803161621094
0.0267086029052734 -0.0329990386962891 0.0957107543945313 0.0238113403320312
-0.00556659698486328 -0.0160007476806641 0.125961303710938 -0.0668106079101563
-0.00470876693725586 -0.0024724006652832 0.0592117309570313 -0.135116577148438
0.000617325305938721 0.000404894351959228 -0.0359649658203125 -0.152114868164063
-0.0163564682006836 -0.0066518783569336 -0.102081298828125 -0.101966857910156
-0.0217494964599609 -0.0145072937011719 -0.0917892456054688 -0.0640487670898437
-0.0261325836181641 -0.0116100311279297 -0.0890960693359375 -0.0409469604492188
-0.0187549591064453 -0.0247917175292969 -0.0809555053710938 -0.0426483154296875
-0.00352096557617187 -0.0457382202148438 -0.08135986328125 -0.052520751953125
0.0295982360839844 -0.0657310485839844 -0.0833358764648438 -0.0892333984375
0.098358154296875 -0.022918701171875 -0.0449600219726563 -0.120918273925781
0.127227783203125 0.032928466796875 -0.066131591796875 -0.144180297851563
0.134498596191406 0.105728149414063 -0.0863189697265625 -0.151885986328125
0.128372192382813 0.140228271484375 0.03851318359375 -0.153167724609375
0.105415344238281 0.0512771606445313 -0.00193309783935546 0.00354170799255371
0.106163024902344 -0.0127792358398438 0.112113952636719 0.0454635620117188
0.0522918701171875 -0.0474777221679688 0.147171020507812 -0.050384521484375
0.0176124572753906 -0.0569915771484375 0.0811843872070312 -0.128517150878906
-0.0177383422851563 -0.0462913513183594 -0.022918701171875 -0.145614624023438
-0.0503349304199219 -0.0398063659667969 -0.0876922607421875 -0.0934219360351563
-0.0519447326660156 -0.05072021484375 -0.0732574462890625 -0.0508804321289063
-0.0604743957519531 -0.0447196960449219 -0.0727691650390625 -0.0245742797851562
-0.0355491638183594 -0.0620384216308594 -0.0737228393554687 -0.0182876586914063
0.00465393066406249 -0.0873184204101562 -0.0788497924804687 -0.0282135009765625
0.06402587890625 -0.0934295654296875 -0.089630126953125 -0.0702133178710938
0.148773193359375 -0.010650634765625 -0.0529251098632812 -0.101280212402344
0.158706665039063 0.068756103515625 -0.0568466186523437 -0.118804931640625
0.144515991210938 0.16546630859375 -0.0628585815429687 -0.102249145507813
0.11224365234375 0.19671630859375 0.07470703125 -0.09527587890625
0.122329711914063 0.117111206054688 0.0207061767578125 0.0368728637695313
0.16973876953125 0.0241241455078125 0.120246887207031 0.0758056640625
0.110610961914062 -0.0623855590820313 0.160003662109375 -0.0182952880859375
0.0481719970703125 -0.100563049316406 0.101898193359375 -0.101966857910156
-0.02630615234375 -0.0890960693359375 -0.00109863281250001 -0.122398376464844
-0.0736618041992188 -0.0692138671875 -0.0607452392578125 -0.0744171142578125
-0.0743789672851563 -0.0799102783203125 -0.0447845458984375 -0.0300521850585938
-0.0882186889648438 -0.0691375732421875 -0.0461463928222656 -0.00107955932617188
-0.0531997680664063 -0.0875320434570313 -0.05615234375 0.0131721496582031
0.00160217285156249 -0.118194580078125 -0.0694618225097656 0.00218963623046874
0.081207275390625 -0.11566162109375 -0.0904006958007813 -0.0435562133789063
0.17889404296875 -0.0074615478515625 -0.0572891235351563 -0.078460693359375
0.1727294921875 0.0889434814453125 -0.0378646850585937 -0.0938568115234375
0.138046264648438 0.19842529296875 -0.0338516235351562 -0.0418434143066406
0.0735931396484375 0.2176513671875 0.102867126464844 -0.0191574096679687
0.106353759765625 0.165390014648438 0.0407562255859375 0.0807952880859375
0.196212768554688 0.0702362060546875 0.114959716796875 0.107101440429688
0.15185546875 -0.0523223876953125 0.157455444335937 0.0234527587890625
0.0782928466796875 -0.120018005371094 0.113510131835938 -0.0606765747070313
-0.02374267578125 -0.117660522460938 0.021484375 -0.0848388671875
-0.0838546752929688 -0.0884857177734375 -0.0258407592773438 -0.0468902587890625
-0.0852203369140625 -0.0968399047851563 -0.0101728439331055 -0.00504875183105469
-0.103965759277344 -0.0835418701171875 -0.0116157531738281 0.0252189636230469
-0.0642776489257813 -0.10174560546875 -0.0314521789550781 0.0461387634277344
-0.000923156738281246 -0.134407043457031 -0.0545806884765625 0.0316276550292969
0.08807373046875 -0.122901916503906 -0.0848388671875 -0.0159912109375
0.187164306640625 0.001007080078125 -0.0578727722167969 -0.0576019287109375
0.163604736328125 0.104171752929688 -0.0139083862304687 -0.0701255798339844
0.110458374023437 0.207565307617188 -0.00427818298339843 0.021017074584961
0.0239410400390625 0.195938110351562 0.11846923828125 0.059600830078125
0.0631256103515625 0.177658081054688 0.0550537109375 0.123451232910156
0.1766357421875 0.106536865234375 0.0968780517578125 0.129539489746094
0.159774780273438 -0.025543212890625 0.137939453125 0.0607376098632812
0.0942001342773438 -0.1112060546875 0.110198974609375 -0.0137863159179688
-0.01605224609375 -0.123573303222656 0.0414695739746094 -0.0391807556152344
-0.0805130004882813 -0.0927200317382812 0.0122947692871094 -0.0153818130493164
-0.0831146240234375 -0.0989227294921875 0.0257282257080078 0.018890380859375
-0.104949951171875 -0.0873260498046875 0.0240669250488281 0.0495681762695312
-0.0653533935546875 -0.103660583496094 -0.00522613525390626 0.0765762329101563
0.000396728515625003 -0.135505676269531 -0.0385093688964844 0.0589065551757813
0.0910415649414063 -0.114456176757813 -0.0764694213867188 0.010223388671875
0.178054809570312 0.017608642578125 -0.0572357177734375 -0.0383796691894531
0.134117126464844 0.117027282714844 0.00886917114257814 -0.0475845336914062
0.0659637451171875 0.193588256835938 0.018402099609375 0.08050537109375
-0.02685546875 0.1365966796875 0.120323181152344 0.124732971191406
0.011505126953125 0.149978637695313 0.061920166015625 0.155487060546875
0.12115478515625 0.115264892578125 0.0734634399414063 0.137641906738281
0.131645202636719 0.00244140625 0.109710693359375 0.0862808227539063
0.0879287719726562 -0.08270263671875 0.096160888671875 0.0258865356445313
-0.00710296630859375 -0.105995178222656 0.0558815002441406 0.00379180908203124
-0.0647430419921875 -0.0811691284179688 0.0469322204589844 0.0147514343261719
-0.0695343017578125 -0.0865707397460938 0.0581817626953125 0.0396804809570312
-0.0899734497070313 -0.079833984375 0.0573501586914063 0.0716934204101563
-0.0560150146484375 -0.0943374633789062 0.0181350708007812 0.10443115234375
0.00568389892578124 -0.121543884277344 -0.0267257690429687 0.0855255126953125
0.08831787109375 -0.0936737060546875 -0.0718154907226563 0.0341262817382813
0.152786254882813 0.0370635986328125 -0.0588912963867187 -0.02264404296875
0.0890350341796875 0.122535705566406 0.0245876312255859 -0.0245037078857422
0.00981140136718748 0.158203125 0.0272140502929687 0.131660461425781
-0.0721282958984375 0.0533294677734375 0.114364624023438 0.160079956054688
-0.0382080078125 0.0923080444335938 0.0662689208984375 0.167251586914062
0.04913330078125 0.0939254760742187 0.0536880493164063 0.132583618164063
0.0781784057617188 0.021240234375 0.0846786499023438 0.0976715087890625
0.061248779296875 -0.0420722961425781 0.0817718505859375 0.052093505859375
0.000865936279296873 -0.0700531005859375 0.0661163330078125 0.0338096618652344
-0.0398712158203125 -0.0560646057128906 0.0739288330078125 0.0352249145507813
-0.045135498046875 -0.0613136291503906 0.0821456909179688 0.0544281005859375
-0.06280517578125 -0.0618247985839844 0.08294677734375 0.0894775390625
-0.0390548706054687 -0.0741348266601563 0.0351791381835938 0.127326965332031
0.0114669799804688 -0.0945663452148438 -0.0223846435546875 0.109107971191406
0.075836181640625 -0.0631637573242188 -0.0730209350585938 0.0546722412109375
0.110801696777344 0.050933837890625 -0.0669670104980469 -0.0114707946777344
0.0341033935546875 0.112373352050781 0.0284004211425781 -0.00381660461425781
-0.0473175048828125 0.101036071777344 0.0195770263671875 0.169708251953125
0.0899658203125 -0.0208892822265625 -0.0315399169921875 -0.190017700195313
0.00879669189453126 -0.0706939697265625 -0.0342178344726562 -0.0141620635986328
-0.0502395629882813 -0.0373115539550781 0.0823822021484375 0.0156097412109375
-0.0520515441894531 0.0242195129394531 0.110618591308594 -0.0732192993164063
-0.0146522521972656 0.0526542663574219 0.0450592041015625 -0.133155822753906
0.0266456604003906 0.0414543151855469 -0.04315185546875 -0.152313232421875
0.0228042602539063 0.0227165222167969 -0.108367919921875 -0.102813720703125
0.012481689453125 0.0233325958251953 -0.102401733398437 -0.0672760009765625
0.0100173950195313 0.0248432159423828 -0.0957183837890625 -0.0446701049804687
-0.00524520874023438 0.0196895599365234 -0.0845184326171875 -0.0529327392578125
-0.0240249633789062 -3.4332275390629E-05 -0.0877227783203125 -0.064605712890625
-0.0253028869628906 -0.0417366027832031 -0.0849151611328125 -0.10028076171875
0.0356788635253906 -0.0552635192871094 -0.04351806640625 -0.144546508789063
0.0904388427734375 -0.025848388671875 -0.0719451904296875 -0.16961669921875
0.116264343261719 0.02178955078125 -0.108352661132812 -0.183990478515625
0.123825073242188 0.0624542236328125 -0.00196838378906248 -0.188140869140625
0.0649490356445313 -0.017364501953125 -0.0226535797119141 -0.0127296447753906
0.0263252258300781 -0.0347499847412109 0.100234985351562 0.0243453979492187
-0.00611209869384766 -0.0143241882324219 0.131584167480469 -0.0719070434570313
-0.00354194641113281 -0.00136280059814453 0.06109619140625 -0.141769409179688
0.00220918655395508 -0.000469446182250976 -0.040374755859375 -0.158538818359375
-0.0164051055908203 -0.00798511505126953 -0.108787536621094 -0.104057312011719
-0.0225944519042969 -0.015350341796875 -0.0977783203125 -0.0641555786132813
-0.0266361236572266 -0.0122413635253906 -0.094268798828125 -0.0400619506835937
-0.0176239013671875 -0.0257930755615234 -0.0858612060546875 -0.0430221557617187
-0.00236892700195312 -0.0467796325683594 -0.0874557495117188 -0.0528945922851562
0.0290985107421875 -0.0666999816894531 -0.0904769897460937 -0.0916824340820313
0.101142883300781 -0.0244140625 -0.0482406616210938 -0.127128601074219
0.131736755371094 0.032257080078125 -0.0701446533203125 -0.149063110351563
0.141845703125 0.10614013671875 -0.09063720703125 -0.155242919921875
0.134033203125 0.142135620117188 0.035400390625 -0.15875244140625
0.109443664550781 0.0511245727539063 -0.00294446945190429 0.00578117370605469
0.108673095703125 -0.0153350830078125 0.117408752441406 0.0459747314453125
0.0528640747070313 -0.0484428405761719 0.153762817382813 -0.055267333984375
0.0183372497558594 -0.0584068298339844 0.0834426879882812 -0.135368347167969
-0.017120361328125 -0.0480613708496094 -0.026153564453125 -0.1522216796875
-0.0515861511230469 -0.0410232543945312 -0.0937347412109375 -0.0947036743164063
-0.0547409057617188 -0.0523834228515625 -0.0786056518554687 -0.0514373779296875
-0.0622100830078125 -0.0457725524902344 -0.07733154296875 -0.0235671997070312
-0.0362892150878906 -0.0640869140625 -0.0778121948242188 -0.0168380737304687
0.004669189453125 -0.089996337890625 -0.08502197265625 -0.0277099609375
0.064849853515625 -0.0970916748046875 -0.0981597900390625 -0.0718307495117187
0.15386962890625 -0.013031005859375 -0.056243896484375 -0.106620788574219
0.1641845703125 0.068817138671875 -0.0608596801757813 -0.123245239257812
0.153717041015625 0.168487548828125 -0.0656204223632812 -0.104377746582031
0.1185302734375 0.201614379882812 0.073516845703125 -0.0998382568359375
0.128311157226563 0.119918823242188 0.02044677734375 0.0406608581542969
0.1763916015625 0.0211029052734375 0.1260986328125 0.0776519775390625
0.113113403320313 -0.0650482177734375 0.168106079101562 -0.0219879150390625
0.0487442016601563 -0.10400390625 0.105606079101563 -0.108787536621094
-0.0270309448242188 -0.0922012329101563 -0.0033721923828125 -0.128242492675781
-0.0769729614257812 -0.070404052734375 -0.065704345703125 -0.0756912231445313
-0.0792999267578125 -0.0820541381835938 -0.0481224060058594 -0.0306243896484375
-0.091766357421875 -0.070068359375 -0.0486335754394531 0.000164031982421878
-0.055145263671875 -0.0902786254882813 -0.0591583251953125 0.0158424377441406
0.00125885009765626 -0.121971130371094 -0.0747451782226563 0.00348663330078123
0.0816726684570313 -0.120468139648438 -0.0987319946289062 -0.0441055297851563
0.185577392578125 -0.011077880859375 -0.0619354248046875 -0.0841827392578125
0.179901123046875 0.089874267578125 -0.04144287109375 -0.0979461669921875
0.148040771484375 0.20343017578125 -0.0352592468261719 -0.0421943664550781
0.0779571533203125 0.224411010742187 0.103630065917969 -0.02117919921875
0.113021850585938 0.17041015625 0.041595458984375 0.0855941772460938
0.204986572265625 0.0689239501953125 0.1207275390625 0.11065673828125
0.155929565429688 -0.05560302734375 0.166000366210937 0.0213623046875
0.0787582397460938 -0.125877380371094 0.117935180664063 -0.065399169921875
-0.0260543823242187 -0.122024536132813 0.0213775634765625 -0.0888290405273438
-0.08795166015625 -0.0901718139648438 -0.0286064147949219 -0.0478591918945313
-0.0912017822265625 -0.0994033813476562 -0.0116424560546875 -0.00560760498046876
-0.109161376953125 -0.0839080810546875 -0.0122184753417969 0.0269947052001953
-0.067596435546875 -0.103599548339844 -0.033233642578125 0.0498428344726562
-0.00286102294921875 -0.138328552246094 -0.0587997436523437 0.0345001220703125
0.0887222290039063 -0.128402709960938 -0.0925445556640625 -0.0153579711914063
0.195358276367188 -0.0028076171875 -0.0618972778320312 -0.0622100830078125
0.172103881835938 0.105300903320313 -0.0159835815429687 -0.0744552612304688
0.119766235351563 0.213485717773438 -0.00349235534667968 0.0221900939941406
0.0271453857421875 0.20318603515625 0.121086120605469 0.0597000122070313
0.0689544677734375 0.184539794921875 0.05609130859375 0.129409790039063
0.186065673828125 0.107192993164063 0.102310180664063 0.134315490722656
0.165496826171875 -0.0289306640625 0.146224975585938 0.06103515625
0.0954971313476563 -0.117774963378906 0.114906311035156 -0.0165328979492188
-0.01812744140625 -0.128204345703125 0.0430946350097656 -0.0413589477539063
-0.0852279663085938 -0.0939559936523438 0.0115833282470703 -0.0155086517333984
-0.0898590087890625 -0.101531982421875 0.0261650085449219 0.0188560485839844
-0.110183715820313 -0.0874710083007812 0.0258102416992187 0.0516929626464844
-0.0694198608398438 -0.105567932128906 -0.00469207763671875 0.0808181762695313
-0.00238800048828126 -0.139358520507813 -0.0419197082519531 0.0626335144042968
0.0912246704101563 -0.119842529296875 -0.0833663940429688 0.0113372802734375
0.185867309570313 0.014190673828125 -0.0611724853515625 -0.0413055419921875
0.14166259765625 0.119644165039063 0.00710678100585938 -0.0516242980957031
0.072296142578125 0.199462890625 0.02032470703125 0.0828399658203125
-0.0272979736328125 0.142532348632813 0.124038696289063 0.126762390136719
0.0144805908203125 0.157180786132813 0.0638427734375 0.1617431640625
0.128791809082031 0.117218017578125 0.0773162841796875 0.143417358398438
0.137451171875 -2.288818359375E-05 0.116401672363281 0.0884475708007813
0.0893936157226563 -0.087982177734375 0.100868225097656 0.0254440307617187
-0.00901794433593749 -0.109992980957031 0.0586433410644531 0.00360870361328124
-0.0689697265625 -0.0825347900390625 0.0484428405761719 0.0142898559570312
-0.0755081176757813 -0.08843994140625 0.0608367919921875 0.0396614074707031
-0.0953903198242187 -0.0797348022460938 0.0612030029296875 0.073394775390625
-0.0600738525390625 -0.0958786010742188 0.0210800170898437 0.109580993652344
0.00244140625000001 -0.125946044921875 -0.0287933349609375 0.08984375
0.0888442993164062 -0.0991058349609375 -0.0777664184570313 0.0359954833984375
0.160064697265625 0.03411865234375 -0.06292724609375 -0.024017333984375
0.0961074829101562 0.126106262207031 0.0241661071777344 -0.0283527374267578
0.0134429931640625 0.163803100585938 0.030059814453125 0.135658264160156
-0.075164794921875 0.0571823120117188 0.1181640625 0.163848876953125
-0.0379486083984375 0.0976409912109375 0.06915283203125 0.173309326171875
0.0543212890625 0.0963134765625 0.057342529296875 0.139152526855469
0.0818557739257813 0.0201187133789063 0.0908660888671875 0.101356506347656
0.0624008178710938 -0.0461921691894531 0.086456298828125 0.0526657104492188
-0.00146484375 -0.07293701171875 0.0698204040527344 0.03411865234375
-0.0437965393066406 -0.0567092895507813 0.077056884765625 0.0349578857421875
-0.0496177673339844 -0.0615921020507812 0.0858306884765625 0.0540008544921875
-0.0677642822265625 -0.0617256164550781 0.088165283203125 0.0910263061523438
-0.0430374145507812 -0.0755996704101563 0.0394287109375 0.132331848144531
0.00826263427734375 -0.0980148315429687 -0.0235977172851563 0.113792419433594
0.0758209228515625 -0.0678939819335938 -0.0774002075195313 0.0573654174804687
0.117416381835938 0.049468994140625 -0.0706787109375 -0.0120010375976562
0.038970947265625 0.11663818359375 0.0284767150878906 -0.00667190551757812
-0.0467300415039062 0.105964660644531 0.0224609375 0.174072265625
0.0920181274414062 -0.0255508422851562 -0.0413360595703125 -0.196563720703125
0.00452423095703125 -0.0746841430664063 -0.0362892150878906 -0.0116157531738281
-0.0552749633789063 -0.0357398986816406 0.08770751953125 0.0145645141601562
-0.0524520874023437 0.0296592712402344 0.114646911621094 -0.0812911987304688
-0.011077880859375 0.0564613342285156 0.043701171875 -0.142593383789063
0.0307807922363281 0.0402297973632813 -0.052032470703125 -0.159072875976563
0.0251388549804688 0.0211753845214844 -0.118545532226563 -0.103767395019531
0.01409912109375 0.0228118896484375 -0.111335754394531 -0.065582275390625
0.0122718811035156 0.0240573883056641 -0.102775573730469 -0.0417022705078125
-0.00323486328125 0.0200634002685547 -0.0913314819335938 -0.0524444580078125
-0.0240364074707031 0.00101280212402344 -0.095977783203125 -0.0642547607421875
-0.0287895202636719 -0.0406646728515625 -0.0943374633789062 -0.101570129394531
0.034515380859375 -0.0585517883300781 -0.05059814453125 -0.151763916015625
0.0930404663085937 -0.0314254760742188 -0.080169677734375 -0.1756591796875
0.122352600097656 0.0160140991210938 -0.118698120117188 -0.187149047851563
0.130790710449219 0.0599441528320313 -0.0105133056640625 -0.195266723632813
0.0660896301269531 -0.0207061767578125 -0.0242824554443359 -0.0101470947265625
0.0247879028320313 -0.0367012023925781 0.106185913085937 0.0227203369140625
-0.00639533996582031 -0.0121850967407227 0.136283874511719 -0.08087158203125
-0.00206208229064941 -0.000219106674194336 0.0600738525390625 -0.152206420898438
0.00406002998352051 -0.00208854675292969 -0.0491180419921875 -0.16607666015625
-0.0165843963623047 -0.00864315032958984 -0.119216918945313 -0.104171752929687
-0.0243320465087891 -0.015899658203125 -0.106643676757813 -0.062774658203125
-0.0273170471191406 -0.0131340026855469 -0.10064697265625 -0.0365982055664062
-0.0178890228271484 -0.0269374847412109 -0.0928802490234375 -0.0411148071289063
-0.00257110595703126 -0.0485992431640625 -0.0959930419921875 -0.05224609375
0.0278472900390625 -0.0695075988769531 -0.1007080078125 -0.0924758911132812
0.104301452636719 -0.0288009643554688 -0.0552520751953125 -0.134117126464844
0.138282775878906 0.0280380249023438 -0.0779266357421874 -0.154388427734375
0.15191650390625 0.103958129882813 -0.0997467041015625 -0.157424926757813
0.145263671875 0.14312744140625 0.02911376953125 -0.166046142578125
0.115493774414063 0.0491714477539062 -0.00390911102294921 0.00921058654785156
0.11181640625 -0.0207901000976563 0.12506103515625 0.044891357421875
0.0530471801757812 -0.050384521484375 0.160568237304688 -0.0646209716796875
0.0179367065429687 -0.0605239868164063 0.0837554931640625 -0.146347045898438
-0.018310546875 -0.0503921508789063 -0.03369140625 -0.15966796875
-0.0551261901855469 -0.0414657592773438 -0.103256225585938 -0.0953292846679687
-0.059417724609375 -0.0536117553710937 -0.0862350463867188 -0.0498580932617187
-0.0663948059082031 -0.0464096069335938 -0.0829086303710938 -0.0205001831054688
-0.0380134582519531 -0.0660896301269531 -0.08367919921875 -0.0137100219726562
0.0027923583984375 -0.094146728515625 -0.0928878784179688 -0.025665283203125
0.0641708374023438 -0.102241516113281 -0.108863830566406 -0.0712966918945313
0.160781860351563 -0.0194549560546875 -0.0636520385742188 -0.112907409667969
0.174026489257813 0.0658721923828125 -0.06756591796875 -0.127571105957031
0.1676025390625 0.16900634765625 -0.071868896484375 -0.105361938476562
0.131103515625 0.205718994140625 0.0704421997070313 -0.106063842773437
0.138824462890625 0.120941162109375 0.02069091796875 0.0446281433105469
0.184402465820313 0.014862060546875 0.134849548339844 0.0775527954101563
0.115402221679687 -0.0708999633789062 0.17718505859375 -0.0297393798828125
0.0468521118164063 -0.110252380371094 0.107994079589844 -0.119285583496094
-0.0304641723632813 -0.0954208374023437 -0.00875854492187501 -0.135292053222656
-0.0825881958007813 -0.0709075927734375 -0.0730209350585937 -0.0758590698242188
-0.0868377685546875 -0.0830612182617187 -0.05328369140625 -0.0299034118652344
-0.098602294921875 -0.06976318359375 -0.0518684387207031 0.0032806396484375
-0.0595321655273438 -0.092193603515625 -0.0624580383300781 0.0206222534179687
-0.0025482177734375 -0.126960754394531 -0.0812606811523438 0.00712585449218748
0.0803756713867187 -0.127891540527344 -0.109672546386719 -0.0419540405273438
0.193939208984375 -0.01922607421875 -0.068939208984375 -0.0883255004882813
0.1915283203125 0.0872650146484375 -0.04718017578125 -0.102142333984375
0.163101196289063 0.205581665039063 -0.0378684997558594 -0.0421562194824219
0.09039306640625 0.2315673828125 0.103866577148438 -0.025909423828125
0.124832153320313 0.174819946289063 0.044464111328125 0.0902633666992188
0.217132568359375 0.062957763671875 0.130508422851563 0.112190246582031
0.161117553710938 -0.063873291015625 0.177154541015625 0.0157318115234375
0.0780181884765625 -0.134223937988281 0.122543334960937 -0.0744705200195313
-0.03118896484375 -0.126174926757813 0.0191421508789063 -0.0942611694335938
-0.0955123901367188 -0.0904541015625 -0.0329818725585938 -0.0474891662597656
-0.10107421875 -0.100013732910156 -0.0135555267333984 -0.00553512573242188
-0.117057800292969 -0.0835418701171875 -0.0121879577636719 0.0290107727050781
-0.0736007690429688 -0.105018615722656 -0.0329933166503906 0.0548248291015625
-0.00807189941406251 -0.144302368164063 -0.0630836486816406 0.0387687683105469
0.0871810913085938 -0.13751220703125 -0.101959228515625 -0.01226806640625
0.204620361328125 -0.011993408203125 -0.0692825317382812 -0.0652542114257813
0.183883666992188 0.103713989257813 -0.01995849609375 -0.0787582397460938
0.134506225585938 0.217453002929688 -0.00296401977539062 0.0230827331542969
0.0344390869140625 0.212203979492188 0.125732421875 0.057769775390625
0.0795745849609375 0.191879272460938 0.0614089965820313 0.135406494140625
0.19915771484375 0.104248046875 0.111541748046875 0.138259887695312
0.171844482421875 -0.0363006591796875 0.157073974609375 0.0583953857421875
0.0952301025390625 -0.127700805664063 0.121086120605469 -0.0226287841796875
-0.0238037109375 -0.133544921875 0.0438194274902344 -0.0453987121582031
-0.092529296875 -0.09454345703125 0.0106611251831055 -0.0162572860717774
-0.0994949340820313 -0.102188110351563 0.0279445648193359 0.0182838439941406
-0.119178771972656 -0.086212158203125 0.02886962890625 0.0533447265625
-0.0763168334960938 -0.106735229492188 -0.00186920166015626 0.0864639282226563
-0.00845336914062501 -0.1451416015625 -0.04461669921875 0.0682907104492187
0.089935302734375 -0.129196166992188 -0.0912017822265625 0.015380859375
0.195587158203125 0.0052642822265625 -0.0672721862792969 -0.0432281494140625
0.1536865234375 0.119537353515625 0.00486373901367189 -0.0561752319335937
0.084503173828125 0.205520629882813 0.02435302734375 0.0850830078125
-0.0242156982421875 0.151336669921875 0.131179809570313 0.12689208984375
0.022216796875 0.16510009765625 0.070343017578125 0.168502807617187
0.141433715820313 0.116851806640625 0.086456298828125 0.149215698242188
0.143966674804688 -0.005279541015625 0.12677001953125 0.088592529296875
0.089691162109375 -0.0968475341796875 0.107986450195313 0.0224761962890625
-0.0146102905273438 -0.115310668945313 0.0620994567871094 0.00132369995117187
-0.076324462890625 -0.0819015502929687 0.0507926940917969 0.0132560729980469
-0.0841751098632812 -0.088592529296875 0.0646514892578125 0.0382957458496094
-0.104324340820313 -0.0783233642578125 0.0673675537109375 0.074615478515625
-0.066864013671875 -0.0965347290039063 0.02679443359375 0.114738464355469
-0.00308990478515626 -0.131027221679688 -0.0292892456054687 0.0959548950195312
0.087554931640625 -0.107345581054688 -0.0831451416015625 0.0413436889648437
0.170028686523438 0.0271453857421875 -0.0681724548339844 -0.0248069763183594
0.106491088867188 0.128166198730469 0.0228347778320313 -0.0325145721435547
0.02105712890625 0.170379638671875 0.036590576171875 0.139976501464844
-0.0773086547851563 0.0636520385742188 0.126480102539063 0.165969848632813
-0.0352630615234375 0.104736328125 0.076416015625 0.180252075195313
0.0627593994140625 0.0974502563476563 0.06463623046875 0.145706176757813
0.0875167846679688 0.01727294921875 0.100776672363281 0.103462219238281
0.0629653930664063 -0.0522994995117188 0.0936813354492187 0.0521621704101562
-0.00556182861328125 -0.0763931274414063 0.0755767822265625 0.0333251953125
-0.04913330078125 -0.0560073852539062 0.08197021484375 0.0332489013671875
-0.0565261840820312 -0.0620269775390625 0.0921783447265625 0.0520706176757812
-0.0748291015625 -0.060028076171875 0.0963973999023438 0.0911865234375
-0.0487823486328125 -0.0759201049804688 0.0472869873046875 0.13818359375
0.0031280517578125 -0.102470397949219 -0.0219879150390625 0.120689392089844
0.0755233764648438 -0.0749435424804688 -0.08184814453125 0.0635452270507813
0.125656127929687 0.0446701049804687 -0.0757217407226562 -0.0114364624023437
0.0478286743164063 0.120445251464844 0.0281906127929688 -0.0105667114257812
-0.044586181640625 0.113372802734375 0.02996826171875 0.180877685546875
0.0936355590820313 -0.0324935913085938 -0.0551605224609375 -0.199844360351563
-0.001373291015625 -0.0775070190429688 -0.0379791259765625 -0.00766754150390626
-0.0608558654785156 -0.0328903198242188 0.0931777954101563 0.0114669799804688
-0.0511398315429687 0.035797119140625 0.115303039550781 -0.0914840698242188
-0.00518798828125 0.0597457885742188 0.038055419921875 -0.151992797851563
0.0351791381835938 0.0378074645996094 -0.064422607421875 -0.16290283203125
0.027557373046875 0.0187206268310547 -0.130355834960938 -0.100021362304687
0.0165538787841797 0.0218486785888672 -0.120246887207031 -0.0599899291992187
0.0150489807128906 0.0234355926513672 -0.108749389648438 -0.0355911254882813
-0.000692367553710938 0.019287109375 -0.0992202758789063 -0.0489044189453125
-0.0235939025878906 0.00261688232421875 -0.105522155761719 -0.0608673095703125
-0.0324668884277344 -0.0387649536132813 -0.105018615722656 -0.100013732910156
0.0312461853027344 -0.0619735717773438 -0.06097412109375 -0.156585693359375
0.093353271484375 -0.039520263671875 -0.09185791015625 -0.17828369140625
0.126953125 0.00785064697265625 -0.131500244140625 -0.184844970703125
0.1378173828125 0.0538330078125 -0.0236663818359375 -0.200302124023437
0.0655364990234375 -0.0258216857910156 -0.0252723693847656 -0.00610923767089844
0.0218009948730469 -0.0384292602539063 0.112228393554688 0.0185928344726562
-0.00670814514160156 -0.0103435516357422 0.13800048828125 -0.0926666259765625
-0.00012023001909256 0.000117979943752289 0.0541229248046875 -0.163314819335937
0.00529718399047852 -0.003936767578125 -0.06170654296875 -0.17034912109375
-0.0173225402832031 -0.00951290130615235 -0.130645751953125 -0.100120544433594
-0.0258388519287109 -0.0160198211669922 -0.115631103515625 -0.0573043823242188
-0.0281963348388672 -0.0130062103271484 -0.107353210449219 -0.0303878784179687
-0.0181293487548828 -0.0281105041503906 -0.0994338989257813 -0.0364913940429687
-0.00411224365234375 -0.0502853393554688 -0.10546875 -0.0482864379882812
0.0247802734375 -0.0719223022460938 -0.11181640625 -0.089691162109375
0.106071472167969 -0.0352935791015625 -0.0651092529296875 -0.138565063476563
0.143341064453125 0.0206146240234375 -0.088714599609375 -0.156341552734375
0.163131713867188 0.097259521484375 -0.110687255859375 -0.155929565429688
0.157241821289063 0.138778686523438 0.018402099609375 -0.171920776367188
0.121696472167969 0.044097900390625 -0.00440979003906249 0.012995719909668
0.112808227539063 -0.0278472900390625 0.132499694824219 0.0405197143554688
0.0520706176757812 -0.0535240173339844 0.1641845703125 -0.0770111083984375
0.0160484313964844 -0.0631294250488281 0.0792694091796875 -0.157989501953125
-0.0203361511230469 -0.0520515441894531 -0.0450286865234375 -0.164321899414062
-0.058349609375 -0.0405387878417969 -0.113861083984375 -0.09130859375
-0.0653038024902344 -0.0522689819335938 -0.0937042236328125 -0.0457229614257813
-0.0709762573242188 -0.044769287109375 -0.08782958984375 -0.0146408081054687
-0.0414924621582031 -0.0667533874511719 -0.08837890625 -0.00814056396484375
-0.000823974609374991 -0.0977401733398438 -0.100921630859375 -0.0206298828125
0.060333251953125 -0.108451843261719 -0.12066650390625 -0.0666656494140625
0.16497802734375 -0.0291290283203125 -0.0733871459960938 -0.115875244140625
0.18316650390625 0.0580902099609375 -0.0767211914062499 -0.1297607421875
0.18353271484375 0.163070678710937 -0.0789794921875 -0.103958129882812
0.147293090820313 0.204803466796875 0.064697265625 -0.112747192382813
0.150619506835938 0.116744995117188 0.0230712890625 0.0483932495117188
0.190780639648438 0.0032958984375 0.144546508789063 0.073577880859375
0.115074157714844 -0.0785064697265625 0.183212280273438 -0.042388916015625
0.0424957275390625 -0.11669921875 0.105888366699219 -0.131599426269531
-0.0363388061523438 -0.097503662109375 -0.0178375244140625 -0.140609741210938
-0.0888137817382813 -0.0684127807617187 -0.0811614990234375 -0.0727157592773438
-0.0961380004882813 -0.0806045532226562 -0.0581207275390625 -0.0271339416503906
-0.106117248535156 -0.066650390625 -0.0541572570800781 0.0076446533203125
-0.0655975341796875 -0.0920181274414063 -0.0641555786132813 0.0261955261230469
-0.00872039794921875 -0.130905151367188 -0.08697509765625 0.0133819580078125
0.0763015747070313 -0.136611938476563 -0.120529174804688 -0.0357513427734375
0.200225830078125 -0.0317535400390625 -0.078460693359375 -0.0906982421875
0.202667236328125 0.079345703125 -0.05517578125 -0.104888916015625
0.181716918945313 0.20208740234375 -0.0409622192382812 -0.0410270690917969
0.106613159179688 0.234695434570313 0.103660583496094 -0.0317153930664062
0.139755249023438 0.173721313476563 0.049285888671875 0.09393310546875
0.228515625 0.051025390625 0.141372680664063 0.110366821289062
0.16290283203125 -0.0742645263671875 0.185440063476563 0.0049591064453125
0.072509765625 -0.144256591796875 0.123794555664063 -0.0855941772460938
-0.0387191772460937 -0.129035949707031 0.0144882202148438 -0.099853515625
-0.103363037109375 -0.087615966796875 -0.0374946594238281 -0.0461692810058594
-0.112190246582031 -0.0971298217773438 -0.0152873992919922 -0.00462818145751954
-0.126312255859375 -0.078887939453125 -0.0112667083740234 0.0314807891845703
-0.0816192626953125 -0.104240417480469 -0.0313491821289063 0.0604438781738281
-0.0162811279296875 -0.147674560546875 -0.0663223266601563 0.045684814453125
0.08197021484375 -0.146896362304688 -0.110801696777344 -0.00511932373046877
0.211135864257813 -0.025665283203125 -0.077392578125 -0.0659103393554687
0.196243286132813 0.096832275390625 -0.026214599609375 -0.0821609497070313
0.152938842773438 0.2156982421875 -0.000473022460937492 0.0240745544433594
0.04730224609375 0.217910766601563 0.130218505859375 0.0530776977539063
0.0943603515625 0.1944580078125 0.0691604614257813 0.138786315917969
0.21356201171875 0.094818115234375 0.123512268066406 0.138191223144531
0.1763916015625 -0.04705810546875 0.167892456054688 0.0506134033203125
0.0905838012695313 -0.138778686523438 0.125091552734375 -0.031494140625
-0.0329437255859375 -0.136749267578125 0.0429344177246094 -0.0496177673339844
-0.101699829101562 -0.09112548828125 0.00974369049072265 -0.0162696838378906
-0.111442565917969 -0.0993194580078125 0.0288677215576172 0.0172939300537109
-0.129043579101562 -0.0804367065429688 0.0330696105957031 0.0537033081054687
-0.084808349609375 -0.104843139648438 0.00331115722656248 0.0912094116210937
-0.01727294921875 -0.1485595703125 -0.044708251953125 0.07470703125
0.0848236083984375 -0.13873291015625 -0.0976791381835938 0.022430419921875
0.20355224609375 -0.0077056884765625 -0.07421875 -0.0430831909179688
0.1666259765625 0.114471435546875 0.00075149536132814 -0.0604629516601562
0.100555419921875 0.206573486328125 0.0305862426757813 0.0859298706054688
-0.0165863037109375 0.159683227539063 0.139358520507813 0.12384033203125
0.0333251953125 0.17095947265625 0.080413818359375 0.172119140625
0.154876708984375 0.1112060546875 0.0975494384765625 0.151458740234375
0.149581909179688 -0.01434326171875 0.137832641601563 0.0840301513671875
0.0867385864257813 -0.106842041015625 0.114120483398438 0.0162277221679687
-0.0224838256835938 -0.118362426757813 0.0652046203613281 -0.00216674804687501
-0.0840835571289063 -0.0789108276367188 0.0531387329101562 0.0108871459960937
-0.0945205688476562 -0.0856857299804688 0.0688362121582031 0.0351524353027344
-0.113822937011719 -0.0730743408203125 0.0742645263671875 0.0733261108398438
-0.07574462890625 -0.0949249267578125 0.0348052978515625 0.118431091308594
-0.0124740600585938 -0.134529113769531 -0.0273056030273438 0.102439880371094
0.0827713012695313 -0.116310119628906 -0.0873489379882812 0.0484161376953125
0.177871704101562 0.0154876708984375 -0.0734786987304687 -0.0237274169921875
0.119293212890625 0.126167297363281 0.0202865600585938 -0.0374832153320313
0.0323944091796875 0.175186157226563 0.0458221435546875 0.141708374023438
-0.0766448974609375 0.0723190307617188 0.137313842773437 0.163589477539063
-0.0291671752929688 0.11175537109375 0.086639404296875 0.183578491210938
0.0730133056640625 0.0958023071289063 0.0754241943359375 0.149887084960938
0.0922164916992187 0.0118865966796875 0.111740112304688 0.101654052734375
0.0609245300292969 -0.05908203125 0.101341247558594 0.0480270385742187
-0.011993408203125 -0.0785369873046875 0.0811767578125 0.0302734375
-0.0551109313964844 -0.0533485412597656 0.0866546630859375 0.0290756225585938
-0.0641441345214844 -0.0594406127929688 0.0981216430664063 0.0472640991210937
-0.0824966430664062 -0.0557327270507813 0.105972290039062 0.0884170532226563
-0.0559158325195313 -0.07440185546875 0.05810546875 0.140640258789063
-0.00424957275390625 -0.105522155761719 -0.018035888671875 0.127532958984375
0.0723648071289063 -0.0827713012695313 -0.0836029052734375 0.0709609985351563
0.13372802734375 0.035919189453125 -0.0806121826171875 -0.00852966308593749
0.05889892578125 0.121047973632812 0.0272216796875 -0.0152301788330078
-0.0389785766601563 0.119842529296875 0.04168701171875 0.1846923828125
0.0923919677734375 -0.03851318359375 -0.06768798828125 -0.198562622070312
-0.008148193359375 -0.0780792236328125 -0.0376853942871094 -0.00348281860351564
-0.0647010803222656 -0.0280036926269531 0.096405029296875 0.0073699951171875
-0.0471038818359375 0.04132080078125 0.113388061523437 -0.100082397460937
0.000312805175781248 0.0604362487792969 0.0308380126953125 -0.1585693359375
0.0385818481445313 0.0344009399414063 -0.0752105712890625 -0.163253784179688
0.0288505554199219 0.0156841278076172 -0.139236450195313 -0.0932464599609375
0.0188179016113281 0.0203075408935547 -0.126808166503906 -0.0520706176757813
0.0172443389892578 0.0209827423095703 -0.111968994140625 -0.0282745361328125
0.00189781188964844 0.0180168151855469 -0.104644775390625 -0.0439071655273437
-0.0223655700683594 0.00452232360839843 -0.112571716308594 -0.0548477172851563
-0.0351104736328125 -0.0350723266601563 -0.113296508789062 -0.0951690673828125
0.0274276733398437 -0.0638694763183594 -0.0709075927734375 -0.157257080078125
0.0913772583007813 -0.0462493896484375 -0.101715087890625 -0.1761474609375
0.127510070800781 -0.00135040283203125 -0.140838623046875 -0.178359985351563
0.142425537109375 0.0455474853515625 -0.0369110107421875 -0.199966430664062
0.0630836486816406 -0.0297164916992188 -0.0257549285888672 -0.00177192687988281
0.0182228088378906 -0.0392112731933594 0.116325378417969 0.013580322265625
-0.00588035583496094 -0.00779533386230469 0.135910034179688 -0.102935791015625
0.00175213813781738 0.00095367431640625 0.0459442138671875 -0.170440673828125
0.00654458999633789 -0.00552129745483399 -0.0735931396484375 -0.170516967773438
-0.0179595947265625 -0.00992584228515625 -0.140243530273438 -0.093292236328125
-0.0270938873291016 -0.0153160095214844 -0.122085571289062 -0.0492935180664062
-0.0290088653564453 -0.0130157470703125 -0.111152648925781 -0.0227432250976563
-0.0185012817382813 -0.0291175842285156 -0.104866027832031 -0.0300674438476563
-0.00526046752929687 -0.0511932373046875 -0.111915588378906 -0.04217529296875
0.0215530395507813 -0.072509765625 -0.120681762695312 -0.0841217041015625
0.105384826660156 -0.0413970947265625 -0.0744247436523437 -0.139564514160156
0.145538330078125 0.0117645263671875 -0.097686767578125 -0.154296875
0.16998291015625 0.086669921875 -0.118728637695312 -0.150238037109375
0.167343139648438 0.13055419921875 0.00724792480468752 -0.173782348632812
0.124832153320313 0.036773681640625 -0.00384521484374999 0.0164661407470703
0.111114501953125 -0.0347137451171875 0.137725830078125 0.034912109375
0.0506553649902344 -0.055084228515625 0.163436889648438 -0.088592529296875
0.0135993957519531 -0.0645561218261719 0.07208251953125 -0.167465209960937
-0.0225028991699219 -0.0525360107421875 -0.0562591552734375 -0.165267944335938
-0.0612144470214844 -0.038177490234375 -0.121795654296875 -0.0849380493164063
-0.0703353881835938 -0.0497283935546875 -0.0992584228515625 -0.0396194458007813
-0.074310302734375 -0.0417861938476563 -0.0909271240234375 -0.00796508789062501
-0.0445060729980469 -0.0667495727539063 -0.0912933349609375 -0.00202178955078126
-0.00502014160156251 -0.0992965698242188 -0.106269836425781 -0.0135574340820313
0.055572509765625 -0.112548828125 -0.129173278808594 -0.05963134765625
0.165725708007813 -0.0392303466796875 -0.0825347900390625 -0.116439819335938
0.187973022460937 0.048004150390625 -0.084808349609375 -0.128410339355469
0.195205688476563 0.153152465820313 -0.0844955444335937 -0.099822998046875
0.16082763671875 0.198822021484375 0.0565948486328125 -0.116462707519531
0.159332275390625 0.109359741210938 0.0253067016601563 0.0510826110839844
0.192550659179687 -0.0084381103515625 0.151641845703125 0.0676422119140625
0.112525939941406 -0.0847244262695313 0.185134887695313 -0.0550079345703125
0.0365371704101562 -0.120346069335938 0.100112915039063 -0.142166137695313
-0.0412139892578125 -0.0971527099609375 -0.0270843505859375 -0.142318725585937
-0.0933151245117188 -0.064453125 -0.0872039794921875 -0.0676422119140625
-0.103500366210937 -0.075775146484375 -0.0621795654296875 -0.0230598449707031
-0.111167907714844 -0.0615386962890625 -0.0554008483886719 0.0123977661132813
-0.07037353515625 -0.0903396606445312 -0.0642967224121094 0.031646728515625
-0.015716552734375 -0.132545471191406 -0.0907745361328125 0.02001953125
0.06939697265625 -0.142227172851562 -0.127861022949219 -0.0277557373046875
0.200851440429687 -0.04443359375 -0.0868148803710937 -0.0903244018554688
0.208847045898437 0.0686492919921875 -0.06219482421875 -0.104507446289063
0.19622802734375 0.191986083984375 -0.0423545837402344 -0.038818359375
0.121322631835938 0.232162475585938 0.100311279296875 -0.0369338989257812
0.151870727539063 0.168060302734375 0.053466796875 0.0963897705078125
0.23419189453125 0.037689208984375 0.149993896484375 0.105087280273438
0.161026000976562 -0.083740234375 0.190292358398437 -0.0068359375
0.0648956298828125 -0.150390625 0.121467590332031 -0.09619140625
-0.04669189453125 -0.1287841796875 0.00840759277343749 -0.10321044921875
-0.109512329101563 -0.0822525024414063 -0.0413055419921875 -0.04351806640625
-0.120399475097656 -0.0915069580078125 -0.0171403884887695 -0.00292491912841798
-0.133186340332031 -0.0717315673828125 -0.01019287109375 0.0338096618652344
-0.0877532958984375 -0.100776672363281 -0.0285148620605469 0.0647926330566406
-0.0241851806640625 -0.148666381835938 -0.0674285888671875 0.0519294738769531
0.0741729736328125 -0.153488159179688 -0.116912841796875 0.00308227539062498
0.21282958984375 -0.03997802734375 -0.084381103515625 -0.0651397705078125
0.205123901367188 0.0864715576171875 -0.03216552734375 -0.0834503173828125
0.167892456054687 0.20849609375 0.00120162963867189 0.0246410369873047
0.0608978271484375 0.219863891601563 0.131584167480469 0.0471954345703125
0.1075439453125 0.1925048828125 0.0756149291992187 0.139945983886719
0.223342895507813 0.0822296142578125 0.132904052734375 0.134864807128906
0.176528930664063 -0.0583038330078125 0.174423217773438 0.0406494140625
0.083251953125 -0.146331787109375 0.126312255859375 -0.0408859252929688
-0.0415267944335937 -0.136947631835937 0.0409202575683594 -0.0534477233886719
-0.108108520507813 -0.0857391357421875 0.00857448577880859 -0.0157384872436523
-0.120201110839844 -0.09295654296875 0.0296058654785156 0.0158557891845703
-0.136199951171875 -0.07269287109375 0.0364570617675781 0.0533103942871094
-0.0913467407226563 -0.100814819335937 0.00952148437499999 0.0938339233398438
-0.026641845703125 -0.148834228515625 -0.0438003540039062 0.0804824829101562
0.0772247314453125 -0.14605712890625 -0.101730346679688 0.0306167602539063
0.205612182617188 -0.0214080810546875 -0.0800857543945312 -0.041259765625
0.17633056640625 0.106063842773437 -0.00422286987304686 -0.0636520385742188
0.114501953125 0.203338623046875 0.0361785888671875 0.0850753784179688
-0.0079498291015625 0.164077758789063 0.145767211914063 0.118637084960938
0.0446929931640625 0.172149658203125 0.0886993408203125 0.172134399414063
0.16552734375 0.102203369140625 0.107696533203125 0.1497802734375
0.15203857421875 -0.0238189697265625 0.14605712890625 0.0770416259765625
0.0805892944335938 -0.114891052246094 0.118064880371094 0.00915527343749999
-0.0308990478515625 -0.118431091308594 0.0668220520019531 -0.00647735595703126
-0.0897903442382813 -0.0737075805664063 0.0545158386230469 0.00848007202148437
-0.102516174316406 -0.0793075561523438 0.070892333984375 0.0311813354492187
-0.120574951171875 -0.0651397705078125 0.0797119140625 0.069488525390625
-0.0823135375976562 -0.0908966064453125 0.04315185546875 0.118949890136719
-0.0214767456054688 -0.1348876953125 -0.0240936279296875 0.107231140136719
0.0759429931640625 -0.123016357421875 -0.0886154174804688 0.0554580688476562
0.181793212890625 0.00274658203125 -0.07794189453125 -0.0212326049804688
0.129310607910156 0.119583129882813 0.0165824890136719 -0.0412750244140625
0.043975830078125 0.175323486328125 0.0551071166992187 0.14013671875
-0.0733871459960938 0.0794830322265625 0.1456298828125 0.158721923828125
-0.02166748046875 0.115570068359375 0.0960235595703125 0.183059692382812
0.0818634033203125 0.0914306640625 0.0855255126953125 0.149856567382813
0.0951080322265625 0.00516510009765625 0.120559692382813 0.0970611572265625
0.057342529296875 -0.0650444030761719 0.107025146484375 0.0429306030273438
-0.01837158203125 -0.0785369873046875 0.0856094360351563 0.025421142578125
-0.0594558715820312 -0.0490760803222656 0.089813232421875 0.0240325927734375
-0.0702018737792969 -0.0546531677246094 0.101791381835938 0.0410003662109375
-0.0875320434570313 -0.0496368408203125 0.113044738769531 0.0827713012695313
-0.0621109008789062 -0.0713424682617188 0.0684432983398438 0.139640808105469
-0.0120010375976563 -0.105583190917969 -0.0122909545898438 0.131752014160156
0.066986083984375 -0.0890121459960938 -0.0836334228515625 0.0780410766601562
0.138252258300781 0.0256118774414062 -0.0837936401367187 -0.00544738769531249
0.0684967041015625 0.11846923828125 0.0248603820800781 -0.0194797515869141
-0.0321578979492188 0.124374389648437 0.0523529052734375 0.184036254882812
0.0905838012695313 -0.0432968139648438 -0.0767669677734375 -0.195632934570313
-0.0133819580078125 -0.077301025390625 -0.0373344421386719 -0.000232696533203122
-0.0673141479492188 -0.0232048034667969 0.0992431640625 0.0048370361328125
-0.0439491271972656 0.0445480346679688 0.111518859863281 -0.106338500976562
0.0052947998046875 0.0604515075683594 0.0248260498046875 -0.162628173828125
0.0407066345214844 0.0314788818359375 -0.08355712890625 -0.162506103515625
0.0296363830566406 0.012847900390625 -0.1456298828125 -0.0873565673828125
0.0199985504150391 0.0183467864990234 -0.130378723144531 -0.0457229614257812
0.0189151763916016 0.0185279846191406 -0.113540649414063 -0.02276611328125
0.00339317321777344 0.0162734985351563 -0.108566284179688 -0.039093017578125
-0.0207939147949219 0.00481414794921875 -0.117538452148437 -0.0500640869140625
-0.0362358093261719 -0.0316047668457031 -0.118743896484375 -0.0915298461914063
0.0240859985351562 -0.0647506713867188 -0.0770721435546875 -0.157745361328125
0.0882415771484375 -0.0515289306640625 -0.107620239257813 -0.1739501953125
0.126411437988281 -0.00794219970703125 -0.1456298828125 -0.172821044921875
0.144241333007813 0.0395355224609375 -0.0454254150390625 -0.198348999023438
0.0606803894042969 -0.0321426391601563 -0.0251560211181641 0.00193023681640625
0.0157508850097656 -0.0385055541992188 0.119552612304688 0.0100479125976562
-0.0042719841003418 -0.00648212432861328 0.133415222167969 -0.110298156738281
0.00422954559326172 0.00101447105407715 0.0400238037109375 -0.175827026367188
0.00764322280883789 -0.00749111175537109 -0.082366943359375 -0.169326782226563
-0.0180301666259766 -0.0110721588134766 -0.145599365234375 -0.08673095703125
-0.0276603698730469 -0.0152816772460938 -0.125968933105469 -0.0431137084960937
-0.0289630889892578 -0.0141162872314453 -0.113021850585937 -0.0168838500976562
-0.0187053680419922 -0.0306720733642578 -0.107872009277344 -0.0252304077148438
-0.00592803955078125 -0.0517349243164062 -0.116889953613281 -0.0368576049804687
0.0191116333007813 -0.0721664428710937 -0.127174377441406 -0.0793991088867188
0.103836059570313 -0.0454254150390625 -0.0809249877929687 -0.140289306640625
0.145492553710938 0.005645751953125 -0.103302001953125 -0.152435302734375
0.173324584960938 0.0794219970703125 -0.122451782226562 -0.145706176757813
0.172958374023438 0.123825073242188 -0.000747680664062476 -0.173049926757813
0.125076293945313 0.0323028564453125 -0.00277328491210937 0.0202102661132813
0.10919189453125 -0.0387496948242188 0.141342163085938 0.0308837890625
0.0500679016113281 -0.0558433532714844 0.1619873046875 -0.0972137451171875
0.0123634338378906 -0.0648727416992188 0.0660247802734375 -0.173721313476563
-0.0235786437988281 -0.0529136657714844 -0.06488037109375 -0.164352416992188
-0.0623512268066406 -0.0371818542480469 -0.12652587890625 -0.0789947509765625
-0.0728530883789063 -0.0473098754882812 -0.102340698242188 -0.033782958984375
-0.0760269165039062 -0.040313720703125 -0.0922698974609375 -0.00218963623046873
-0.046295166015625 -0.0670890808105469 -0.0924301147460938 0.00302886962890625
-0.0075225830078125 -0.100807189941406 -0.110183715820313 -0.00824737548828127
0.052032470703125 -0.113624572753906 -0.135467529296875 -0.0535888671875
0.164779663085938 -0.046051025390625 -0.0888595581054688 -0.116950988769531
0.189926147460938 0.041168212890625 -0.089874267578125 -0.127197265625
0.201309204101563 0.144393920898438 -0.0867843627929687 -0.0960922241210938
0.169158935546875 0.193023681640625 0.0497512817382813 -0.117744445800781
0.163619995117188 0.103378295898438 0.0269279479980469 0.0545463562011719
0.191970825195313 -0.01654052734375 0.1558837890625 0.063995361328125
0.110382080078125 -0.0881271362304688 0.18505859375 -0.0637664794921875
0.0327377319335937 -0.122299194335938 0.096221923828125 -0.1492919921875
-0.0444488525390625 -0.096435546875 -0.033905029296875 -0.1429443359375
-0.0960922241210938 -0.0614089965820313 -0.0911941528320313 -0.0632400512695313
-0.108062744140625 -0.071319580078125 -0.064727783203125 -0.0191879272460938
-0.114273071289063 -0.0567626953125 -0.0556526184082031 0.0167732238769531
-0.0733795166015625 -0.0887451171875 -0.0634231567382813 0.036468505859375
-0.0197601318359375 -0.1326904296875 -0.09271240234375 0.025390625
0.0647125244140625 -0.145309448242187 -0.133338928222656 -0.020843505859375
0.199844360351563 -0.0537261962890625 -0.0933685302734375 -0.0901641845703125
0.212387084960937 0.060272216796875 -0.0670089721679687 -0.104446411132813
0.204437255859375 0.184158325195313 -0.0426216125488281 -0.0369682312011719
0.131500244140625 0.228256225585938 0.0965347290039063 -0.0399551391601562
0.15960693359375 0.163299560546875 0.0569839477539063 0.097991943359375
0.237319946289063 0.026611328125 0.155227661132813 0.10150146484375
0.15911865234375 -0.090179443359375 0.191879272460938 -0.01513671875
0.059326171875 -0.154129028320312 0.119461059570312 -0.103355407714844
-0.0512847900390625 -0.127899169921875 0.00379180908203124 -0.104293823242188
-0.112548828125 -0.077911376953125 -0.0436553955078125 -0.0409507751464844
-0.1263427734375 -0.0859832763671875 -0.0181655883789063 -0.00174140930175782
-0.136459350585938 -0.0655899047851563 -0.00934600830078126 0.0357704162597656
-0.0913848876953125 -0.0979385375976563 -0.0256996154785156 0.0678138732910156
-0.0300140380859375 -0.148483276367188 -0.0684089660644531 0.057220458984375
0.0684356689453125 -0.156341552734375 -0.121017456054687 0.010345458984375
0.211837768554688 -0.0501708984375 -0.0900421142578125 -0.0644302368164062
0.209136962890625 0.0784912109375 -0.0369796752929687 -0.0847854614257813
0.176528930664063 0.20111083984375 0.00295639038085939 0.024374008178711
0.07037353515625 0.219619750976563 0.131187438964844 0.04290771484375
0.11669921875 0.189437866210938 0.0801544189453125 0.140960693359375
0.228744506835938 0.0718994140625 0.139389038085938 0.131927490234375
0.17572021484375 -0.065521240234375 0.178237915039063 0.0330657958984375
0.0774078369140625 -0.151397705078125 0.126274108886719 -0.0478286743164063
-0.04718017578125 -0.135665893554688 0.0388908386230469 -0.0558280944824219
-0.111351013183594 -0.0812301635742187 0.00844383239746093 -0.0153036117553711
-0.1263427734375 -0.0864639282226563 0.0290203094482422 0.0151233673095703
-0.140159606933594 -0.0658111572265625 0.0387306213378906 0.0529670715332031
-0.0958709716796875 -0.096710205078125 0.014068603515625 0.0946807861328125
-0.032684326171875 -0.147857666015625 -0.0429534912109375 0.085052490234375
0.0709991455078125 -0.149185180664063 -0.104377746582031 0.0371932983398437
0.205398559570313 -0.0322113037109375 -0.0843582153320312 -0.0406723022460938
0.18212890625 0.098480224609375 -0.00823974609374999 -0.0653915405273438
0.123123168945313 0.198226928710938 0.040008544921875 0.0836563110351563
-0.000869750976562504 0.167312622070313 0.147552490234375 0.113967895507813
0.0529937744140625 0.171844482421875 0.09381103515625 0.172561645507813
0.17230224609375 0.0937347412109375 0.114425659179688 0.148391723632813
0.152572631835938 -0.03070068359375 0.15057373046875 0.0712890625
0.0749130249023437 -0.119735717773437 0.120201110839844 0.00355529785156249
-0.0370559692382813 -0.117042541503906 0.0674209594726563 -0.00932312011718751
-0.0931320190429687 -0.068939208984375 0.055419921875 0.00691986083984375
-0.108291625976563 -0.0734176635742188 0.071990966796875 0.0287017822265625
-0.124000549316406 -0.058013916015625 0.0828170776367187 0.0668716430664063
-0.0863113403320313 -0.0866546630859375 0.0491943359375 0.118331909179688
-0.0275192260742187 -0.13348388671875 -0.021636962890625 0.111213684082031
0.0706787109375 -0.127204895019531 -0.0902862548828125 0.0612564086914062
0.182418823242187 -0.0068206787109375 -0.0813980102539062 -0.0200653076171875
0.136436462402344 0.114112854003906 0.0135650634765625 -0.0442276000976563
0.0513458251953125 0.17474365234375 0.0605697631835938 0.137710571289063
-0.06976318359375 0.084686279296875 0.149398803710938 0.155014038085938
-0.015380859375 0.117500305175781 0.101974487304688 0.1822509765625
0.0877685546875 0.0856781005859375 0.091766357421875 0.14971923828125
0.0963363647460937 -0.0001220703125 0.126350402832031 0.0928726196289063
0.0536155700683594 -0.0686416625976563 0.110397338867188 0.0381393432617187
-0.0231552124023438 -0.0777359008789063 0.0882949829101563 0.0221023559570313
-0.0613899230957031 -0.0451583862304687 0.0915985107421875 0.0209732055664062
-0.0741424560546875 -0.0503692626953125 0.103523254394531 0.035888671875
-0.0908966064453125 -0.0432815551757812 0.1180419921875 0.07763671875
-0.0658073425292969 -0.0670661926269531 0.07550048828125 0.1376953125
-0.018035888671875 -0.104896545410156 -0.00848388671875001 0.135032653808594
0.0629425048828125 -0.09246826171875 -0.0834426879882813 0.0833053588867188
0.140029907226563 0.0175628662109375 -0.0864486694335937 -0.00314331054687498
0.0751419067382813 0.11517333984375 0.0218639373779297 -0.0229225158691406
-0.0270538330078125 0.12664794921875 0.059600830078125 0.182342529296875
0.0899505615234375 -0.046783447265625 -0.0832366943359375 -0.1956787109375
-0.0175247192382813 -0.0769500732421875 -0.0368461608886719 0.00267791748046875
-0.0694351196289063 -0.0195426940917969 0.102935791015625 0.00289154052734375
-0.0414390563964844 0.0468673706054687 0.112190246582031 -0.11212158203125
0.00900650024414063 0.0610122680664062 0.0223236083984375 -0.167953491210938
0.0422630310058594 0.0285835266113281 -0.0898590087890625 -0.16412353515625
0.0299053192138672 0.0106925964355469 -0.151565551757813 -0.084228515625
0.0212421417236328 0.0165901184082031 -0.134124755859375 -0.0414276123046875
0.0197429656982422 0.0160102844238281 -0.115493774414063 -0.019927978515625
0.00454521179199219 0.0141677856445313 -0.112480163574219 -0.03717041015625
-0.0196495056152344 0.00530815124511719 -0.1229248046875 -0.0471572875976562
-0.0372085571289063 -0.0287094116210938 -0.123992919921875 -0.0906295776367187
0.0220909118652344 -0.0658607482910156 -0.0820465087890625 -0.16156005859375
0.08624267578125 -0.0550689697265625 -0.112319946289062 -0.175369262695313
0.126731872558594 -0.0120773315429688 -0.147628784179688 -0.17156982421875
0.146484375 0.0352783203125 -0.0512542724609375 -0.199142456054688
0.0588722229003906 -0.0332527160644531 -0.024566650390625 0.00512886047363281
0.0140762329101563 -0.0380516052246094 0.123199462890625 0.00812530517578125
-0.00267791748046875 -0.00506877899169922 0.134223937988281 -0.1168212890625
0.00600719451904297 0.000786781311035156 0.03680419921875 -0.181869506835938
0.00774860382080078 -0.00935649871826172 -0.0890045166015625 -0.171356201171875
-0.0184268951416016 -0.0124740600585938 -0.151107788085937 -0.0833587646484375
-0.0290775299072266 -0.0161666870117187 -0.129669189453125 -0.0385360717773438
-0.0296134948730469 -0.0153045654296875 -0.114463806152344 -0.0134048461914063
-0.0188865661621094 -0.0331325531005859 -0.111244201660156 -0.0224151611328125
-0.00559616088867187 -0.0532608032226562 -0.1224365234375 -0.0334548950195313
0.0185012817382813 -0.071746826171875 -0.133094787597656 -0.0775985717773438
0.104202270507813 -0.0480117797851563 -0.085845947265625 -0.143692016601563
0.1458740234375 0.0023345947265625 -0.107315063476562 -0.153656005859375
0.176528930664063 0.0752410888671875 -0.123977661132813 -0.144744873046875
0.177688598632813 0.1209716796875 -0.00563049316406248 -0.173873901367188
0.126602172851563 0.0298004150390625 -0.0013446807861328 0.0243415832519531
0.108879089355469 -0.0410842895507813 0.146270751953125 0.0292510986328125
0.0507164001464844 -0.0562515258789062 0.163665771484375 -0.103652954101562
0.0126953125 -0.0662307739257813 0.06341552734375 -0.179977416992188
-0.0238494873046875 -0.0541343688964844 -0.0708770751953125 -0.166549682617188
-0.0641098022460938 -0.03753662109375 -0.131553649902344 -0.0761032104492187
-0.0757064819335937 -0.0464935302734375 -0.106353759765625 -0.0299453735351563
-0.0780258178710938 -0.040435791015625 -0.093536376953125 0.00203704833984374
-0.0474357604980469 -0.0688743591308594 -0.095001220703125 0.00611114501953125
-0.00831604003906249 -0.102638244628906 -0.115203857421875 -0.00392150878906252
0.0513458251953125 -0.1160888671875 -0.14166259765625 -0.0495452880859375
0.166473388671875 -0.0506439208984375 -0.0945663452148438 -0.120124816894531
0.192581176757813 0.0370941162109375 -0.0941009521484375 -0.128875732421875
0.20660400390625 0.140960693359375 -0.0875167846679688 -0.095855712890625
0.176254272460938 0.191390991210938 0.0460433959960938 -0.118682861328125
0.167709350585938 0.10089111328125 0.0291099548339844 0.0580673217773438
0.194244384765625 -0.0217132568359375 0.161331176757813 0.0626068115234375
0.110908508300781 -0.0913772583007813 0.187759399414063 -0.07086181640625
0.0306777954101562 -0.125152587890625 0.094573974609375 -0.156387329101563
-0.0462188720703125 -0.0973968505859375 -0.0385894775390625 -0.145263671875
-0.09857177734375 -0.0608596801757812 -0.0943450927734375 -0.0606689453125
-0.112350463867188 -0.070220947265625 -0.0673561096191406 -0.0162429809570313
-0.117263793945313 -0.0554428100585938 -0.0562705993652344 0.0200614929199219
-0.075347900390625 -0.0892715454101563 -0.0643043518066406 0.039642333984375
-0.0217666625976562 -0.135475158691406 -0.0966720581054688 0.030487060546875
0.0631103515625 -0.148544311523438 -0.139076232910156 -0.01580810546875
0.20208740234375 -0.0599822998046875 -0.0989990234375 -0.0921630859375
0.216583251953125 0.056549072265625 -0.071075439453125 -0.106414794921875
0.210678100585938 0.181365966796875 -0.0421371459960937 -0.036651611328125
0.13873291015625 0.229751586914063 0.094879150390625 -0.0408554077148437
0.166397094726563 0.161529541015625 0.0595932006835938 0.102386474609375
0.24127197265625 0.02020263671875 0.161727905273438 0.100738525390625
0.160308837890625 -0.0947265625 0.195663452148438 -0.02154541015625
0.05633544921875 -0.158111572265625 0.119255065917969 -0.1104736328125
-0.0546722412109375 -0.128860473632813 0.000701904296875007 -0.106178283691406
-0.115982055664063 -0.07672119140625 -0.0452880859375 -0.0388832092285156
-0.131271362304688 -0.0828704833984375 -0.0196876525878906 0.000211715698242183
-0.140518188476563 -0.0621871948242188 -0.0088043212890625 0.0382881164550781
-0.094024658203125 -0.0974197387695313 -0.0240020751953125 0.070709228515625
-0.0335845947265625 -0.150100708007813 -0.070587158203125 0.0624923706054688
0.06597900390625 -0.159881591796875 -0.126235961914063 0.0162277221679688
0.213729858398437 -0.05682373046875 -0.0959243774414062 -0.0658416748046875
0.214019775390625 0.074432373046875 -0.0410995483398437 -0.0874252319335938
0.184066772460938 0.200027465820313 0.0047283172607422 0.0243549346923828
0.07757568359375 0.222549438476563 0.131637573242188 0.04217529296875
0.123458862304687 0.189559936523438 0.08380126953125 0.145263671875
0.234390258789063 0.0655364990234375 0.14495849609375 0.132919311523438
0.178207397460938 -0.07086181640625 0.182388305664063 0.0287933349609375
0.074493408203125 -0.156570434570313 0.128158569335938 -0.0534210205078125
-0.051177978515625 -0.136398315429688 0.0388298034667969 -0.0580024719238281
-0.114280700683594 -0.0790252685546875 0.00796031951904296 -0.0148715972900391
-0.131729125976563 -0.0833053588867187 0.0292091369628906 0.0154018402099609
-0.143829345703125 -0.0615997314453125 0.0407981872558594 0.0542678833007813
-0.0988540649414063 -0.0951919555664063 0.0169677734375 0.0968475341796875
-0.0369415283203125 -0.148834228515625 -0.0438690185546875 0.090301513671875
0.0684661865234375 -0.153121948242188 -0.108306884765625 0.043121337890625
0.207534790039063 -0.03936767578125 -0.0896224975585937 -0.0414199829101563
0.187332153320312 0.095184326171875 -0.0116958618164062 -0.0684814453125
0.129592895507813 0.19854736328125 0.043212890625 0.0836563110351563
0.004486083984375 0.171157836914062 0.150039672851563 0.113632202148438
0.0595550537109375 0.173599243164063 0.0981292724609375 0.17578125
0.1781005859375 0.089324951171875 0.119674682617188 0.150161743164063
0.154571533203125 -0.0362701416015625 0.155746459960938 0.068939208984375
0.072723388671875 -0.12445068359375 0.123390197753906 -0.000625610351562508
-0.0413970947265625 -0.118141174316406 0.0691490173339844 -0.0116615295410156
-0.0958480834960938 -0.0670394897460937 0.0566940307617188 0.00697708129882812
-0.112518310546875 -0.0701828002929688 0.07342529296875 0.0274734497070312
-0.127655029296875 -0.0533523559570313 0.0863876342773437 0.0659332275390625
-0.0894088745117188 -0.0846023559570313 0.0535125732421875 0.119865417480469
-0.0319442749023438 -0.133674621582031 -0.0212249755859375 0.116287231445312
0.0678558349609375 -0.130401611328125 -0.0925827026367188 0.0670089721679688
0.184463500976563 -0.01373291015625 -0.0853347778320312 -0.019866943359375
0.142593383789063 0.1114501953125 0.0100975036621094 -0.0472183227539062
0.0562591552734375 0.1763916015625 0.0647811889648438 0.138053894042969
-0.0672683715820313 0.0900344848632813 0.151748657226563 0.154327392578125
-0.0116119384765625 0.120361328125 0.105697631835938 0.185287475585938
0.0920639038085938 0.082275390625 0.097442626953125 0.151962280273438
0.0978317260742188 -0.0038299560546875 0.131629943847656 0.0917816162109375
0.0512924194335938 -0.0723876953125 0.115280151367188 0.03546142578125
-0.0270462036132813 -0.0775985717773438 0.0914840698242188 0.0197677612304688
-0.0636863708496094 -0.0426979064941406 0.0939254760742188 0.01885986328125
-0.0772628784179688 -0.0467300415039063 0.105659484863281 0.0338134765625
-0.09368896484375 -0.038787841796875 0.121925354003906 0.0757522583007813
-0.0686302185058594 -0.0652580261230469 0.081146240234375 0.138343811035156
-0.0220870971679688 -0.105232238769531 -0.00675964355468751 0.139778137207031
0.0600128173828125 -0.0954742431640625 -0.0850601196289063 0.088134765625
0.142379760742187 0.011932373046875 -0.08941650390625 -0.00244140625000002
0.0810165405273438 0.113868713378906 0.0195789337158203 -0.0261573791503906
-0.0237655639648437 0.129806518554688 0.064422607421875 0.18341064453125
0.0914077758789063 -0.0517196655273438 -0.0905914306640625 -0.200881958007813
-0.0218353271484375 -0.0781936645507813 -0.0375022888183594 0.00535964965820311
-0.07275390625 -0.0166702270507813 0.109519958496094 0.0016632080078125
-0.0401229858398437 0.0500259399414063 0.115608215332031 -0.119888305664062
0.0130233764648437 0.0625152587890625 0.019317626953125 -0.17803955078125
0.04498291015625 0.0264663696289062 -0.0985107421875 -0.170394897460938
0.0305633544921875 0.00862884521484375 -0.160186767578125 -0.0828094482421875
0.0221710205078125 0.0157241821289063 -0.140243530273438 -0.03790283203125
0.0203571319580078 0.0142192840576172 -0.119468688964844 -0.0177154541015625
0.00517749786376953 0.0123224258422852 -0.11895751953125 -0.03582763671875
-0.0191078186035156 0.00556755065917969 -0.130355834960938 -0.045135498046875
-0.0377082824707031 -0.0266075134277344 -0.132087707519531 -0.0920257568359375
0.0206336975097656 -0.0678329467773437 -0.0888519287109375 -0.16925048828125
0.0857391357421875 -0.0593719482421875 -0.11822509765625 -0.180938720703125
0.129959106445313 -0.0160140991210938 -0.15228271484375 -0.175247192382813
0.151885986328125 0.033111572265625 -0.058197021484375 -0.203750610351563
0.0585289001464844 -0.0348472595214844 -0.0240993499755859 0.00831413269042969
0.0132408142089844 -0.0379104614257812 0.130218505859375 0.00664520263671875
-0.00103640556335449 -0.0043642520904541 0.138526916503906 -0.125205993652344
0.0082387924194336 0.000672817230224609 0.034149169921875 -0.192092895507812
0.00895595550537109 -0.0117425918579102 -0.0973358154296875 -0.176498413085938
-0.0195827484130859 -0.0141277313232422 -0.159912109375 -0.0819091796875
-0.0306167602539063 -0.0171108245849609 -0.136009216308594 -0.0350723266601562
-0.0313796997070313 -0.0169277191162109 -0.119430541992188 -0.0103225708007812
-0.0192222595214844 -0.0361404418945312 -0.117744445800781 -0.0202255249023438
-0.00572586059570312 -0.0559959411621094 -0.13006591796875 -0.0304794311523438
0.019561767578125 -0.0727996826171875 -0.141921997070313 -0.07720947265625
0.106376647949219 -0.0516738891601563 -0.093017578125 -0.150985717773438
0.149337768554687 -0.0001983642578125 -0.113189697265625 -0.158935546875
0.182891845703125 0.0739593505859375 -0.127685546875 -0.148284912109375
0.186111450195313 0.120346069335937 -0.010711669921875 -0.178695678710938
0.130813598632813 0.0284500122070313 0.000131607055664069 0.0282669067382813
0.111534118652344 -0.0443649291992188 0.153945922851563 0.0279998779296875
0.0531959533691406 -0.0583724975585937 0.168624877929688 -0.112457275390625
0.0134124755859375 -0.0685653686523438 0.061859130859375 -0.191177368164063
-0.0246696472167969 -0.0569648742675781 -0.078369140625 -0.172149658203125
-0.0669136047363281 -0.0391273498535156 -0.13885498046875 -0.0748062133789063
-0.0802001953125 -0.0472793579101562 -0.111785888671875 -0.0264663696289063
-0.0820465087890625 -0.0411911010742188 -0.09716796875 0.00545501708984373
-0.0494842529296875 -0.0721511840820313 -0.0995559692382813 0.00978851318359373
-0.00960540771484376 -0.107742309570313 -0.122024536132813 0.000450134277343754
0.0522613525390625 -0.119880676269531 -0.150772094726563 -0.047393798828125
0.171249389648438 -0.0556488037109375 -0.102508544921875 -0.125617980957031
0.198883056640625 0.034912109375 -0.099822998046875 -0.133445739746094
0.216552734375 0.141494750976563 -0.08966064453125 -0.0982284545898437
0.185821533203125 0.193939208984375 0.0440902709960938 -0.121955871582031
0.175018310546875 0.1014404296875 0.0321578979492188 0.0633773803710938
0.200103759765625 -0.0272674560546875 0.169845581054688 0.0627899169921875
0.1148681640625 -0.0957565307617188 0.19464111328125 -0.0784912109375
0.0302352905273438 -0.130180358886719 0.09478759765625 -0.167221069335938
-0.0489883422851563 -0.101188659667969 -0.0443115234375 -0.150146484375
-0.102424621582031 -0.0616912841796875 -0.0991439819335938 -0.0596389770507813
-0.118949890136719 -0.0700225830078125 -0.0707244873046875 -0.0131607055664063
-0.123016357421875 -0.0552444458007813 -0.0581321716308594 0.0239639282226563
-0.0790863037109375 -0.0923690795898438 -0.0662002563476563 0.0434799194335937
-0.024627685546875 -0.140869140625 -0.102195739746094 0.03631591796875
0.06365966796875 -0.154861450195313 -0.14801025390625 -0.011016845703125
0.208465576171875 -0.0664215087890625 -0.107688903808594 -0.0964584350585937
0.22479248046875 0.0547027587890625 -0.0759429931640625 -0.110931396484375
0.22161865234375 0.183563232421875 -0.04205322265625 -0.0378456115722656
0.148422241210938 0.23541259765625 0.0959548950195313 -0.0424957275390625
0.175247192382812 0.164199829101563 0.06365966796875 0.108695983886719
0.25006103515625 0.0149688720703125 0.17083740234375 0.103378295898438
0.165374755859375 -0.10089111328125 0.203582763671875 -0.02716064453125
0.055450439453125 -0.165802001953125 0.122207641601562 -0.119972229003906
-0.0583877563476562 -0.132865905761719 -0.00181579589843752 -0.110847473144531
-0.121192932128906 -0.0771865844726563 -0.047210693359375 -0.0385513305664063
-0.13916015625 -0.082000732421875 -0.0206146240234375 0.00224113464355468
-0.147048950195312 -0.06103515625 -0.00830459594726564 0.0415840148925781
-0.0986099243164063 -0.0993804931640625 -0.0235595703125 0.0750579833984375
-0.0373077392578125 -0.155288696289063 -0.074310302734375 0.0693283081054687
0.0659942626953125 -0.167449951171875 -0.133827209472656 0.0221176147460938
0.220321655273437 -0.064361572265625 -0.10394287109375 -0.0685195922851562
0.223068237304688 0.07281494140625 -0.0451889038085937 -0.0916290283203125
0.194427490234375 0.203720092773437 0.00709152221679689 0.0244331359863281
0.0856781005859375 0.2296142578125 0.134941101074219 0.0433807373046875
0.132858276367188 0.194412231445313 0.088836669921875 0.152603149414063
0.244369506835938 0.0614776611328125 0.153671264648438 0.137176513671875
0.184051513671875 -0.076812744140625 0.190200805664063 0.0257110595703125
0.0734710693359375 -0.16497802734375 0.132858276367188 -0.0604934692382813
-0.0564498901367187 -0.140464782714844 0.0386123657226563 -0.0616073608398438
-0.119743347167969 -0.0795745849609375 0.00843238830566406 -0.0146417617797852
-0.139289855957031 -0.0819473266601562 0.0304660797119141 0.0165081024169922
-0.150238037109375 -0.05902099609375 0.0436782836914062 0.0564384460449219
-0.103561401367187 -0.0966033935546875 0.0201568603515625 0.101585388183594
-0.0412139892578125 -0.153244018554688 -0.0456695556640625 0.0978164672851562
0.0681610107421875 -0.15972900390625 -0.114158630371094 0.0503082275390625
0.21405029296875 -0.0464630126953125 -0.0965347290039062 -0.0427322387695313
0.196670532226563 0.094329833984375 -0.0156478881835937 -0.0725936889648438
0.138626098632813 0.203765869140625 0.046966552734375 0.0850982666015625
0.00914001464843748 0.179580688476563 0.154876708984375 0.116836547851563
0.0655975341796875 0.178955078125 0.10357666015625 0.183685302734375
0.186859130859375 0.0862274169921875 0.127716064453125 0.15594482421875
0.160247802734375 -0.0412750244140625 0.164093017578125 0.068572998046875
0.0714035034179688 -0.131294250488281 0.129531860351563 -0.00466156005859376
-0.0456466674804688 -0.121238708496094 0.0724334716796875 -0.014068603515625
-0.100151062011719 -0.0662994384765625 0.0601387023925781 0.00593185424804687
-0.118919372558594 -0.0682449340820313 0.0760345458984375 0.0277099609375
-0.133255004882812 -0.0501022338867188 0.0914840698242187 0.0677871704101563
-0.0940170288085937 -0.0849990844726563 0.0586471557617187 0.123580932617187
-0.0367889404296875 -0.137336730957031 -0.0209732055664063 0.124092102050781
0.0670928955078125 -0.136566162109375 -0.0977630615234375 0.0741806030273438
0.190719604492188 -0.0201416015625 -0.0912017822265625 -0.020355224609375
0.150222778320312 0.111892700195312 0.00670242309570314 -0.0515632629394531
0.0627899169921875 0.182205200195313 0.069915771484375 0.141571044921875
-0.0662765502929687 0.0962142944335938 0.1573486328125 0.158920288085938
-0.00794982910156249 0.124748229980469 0.111434936523438 0.192947387695313
0.0980758666992188 0.0809783935546875 0.104446411132812 0.15863037109375
0.101448059082031 -0.0072174072265625 0.139312744140625 0.093048095703125
0.0500335693359375 -0.0767364501953125 0.122001647949219 0.033416748046875
-0.0309371948242188 -0.0787506103515625 0.0967788696289063 0.0177230834960937
-0.0663642883300781 -0.0410614013671875 0.098388671875 0.0171432495117187
-0.0816574096679688 -0.0439682006835937 0.109573364257813 0.0324859619140625
-0.0976486206054688 -0.0349044799804688 0.128631591796875 0.07537841796875
-0.072723388671875 -0.0648345947265625 0.0877838134765625 0.141891479492188
-0.0265121459960938 -0.107498168945312 -0.0050201416015625 0.147903442382813
0.0589447021484375 -0.0998458862304688 -0.088348388671875 0.0955123901367187
0.147567749023438 0.0069122314453125 -0.0948638916015625 -0.00191497802734374
0.0879287719726563 0.114265441894531 0.0172309875488281 -0.029266357421875
-0.02117919921875 0.136581420898437 0.07025146484375 0.18817138671875
0.092926025390625 -0.0584945678710938 -0.103378295898437 -0.207809448242188
-0.0276260375976563 -0.07916259765625 -0.0380516052246094 0.00845718383789062
-0.0770187377929688 -0.0122833251953125 0.118118286132813 -0.002166748046875
-0.0387687683105469 0.0546684265136719 0.11871337890625 -0.132293701171875
0.0186538696289063 0.0646209716796875 0.01336669921875 -0.190322875976562
0.0482292175292969 0.0247535705566406 -0.113067626953125 -0.17742919921875
0.0317134857177734 0.00627899169921875 -0.173538208007812 -0.0796356201171875
0.0241794586181641 0.014434814453125 -0.14935302734375 -0.0324859619140625
0.0215358734130859 0.0119285583496094 -0.126937866210938 -0.0145416259765625
0.00578022003173828 0.0109395980834961 -0.128921508789063 -0.0321807861328125
-0.0190048217773438 0.00605964660644532 -0.140853881835938 -0.04058837890625
-0.0389900207519531 -0.0242996215820312 -0.144943237304688 -0.091796875
0.0184402465820313 -0.071441650390625 -0.101211547851562 -0.178482055664063
0.0851593017578125 -0.0656204223632813 -0.129653930664063 -0.187850952148438
0.134918212890625 -0.0223922729492188 -0.162368774414063 -0.180572509765625
0.15960693359375 0.02777099609375 -0.06976318359375 -0.211288452148438
0.0587959289550781 -0.0372200012207031 -0.0238265991210937 0.0121307373046875
0.0125160217285156 -0.0385246276855469 0.140159606933594 0.00212860107421875
0.00113201141357422 -0.00357198715209961 0.14202880859375 -0.138885498046875
0.0111141204833984 9.5367431640625E-07 0.027984619140625 -0.206222534179688
0.00994873046875 -0.014775276184082 -0.111648559570313 -0.18377685546875
-0.0217342376708984 -0.0155925750732422 -0.173065185546875 -0.078887939453125
-0.0332870483398437 -0.0180168151855469 -0.144973754882813 -0.0290679931640625
-0.0344562530517578 -0.0185813903808594 -0.126312255859375 -0.00505065917968747
-0.0213584899902344 -0.039642333984375 -0.126579284667969 -0.0162429809570312
-0.0067291259765625 -0.0602264404296875 -0.14117431640625 -0.025421142578125
0.0200347900390625 -0.0763702392578125 -0.154800415039063 -0.0752410888671875
0.110603332519531 -0.0575485229492188 -0.105270385742187 -0.1593017578125
0.154739379882812 -0.005523681640625 -0.123672485351562 -0.164764404296875
0.194320678710938 0.0713958740234375 -0.13623046875 -0.152603149414063
0.199249267578125 0.119415283203125 -0.0185394287109375 -0.18597412109375
0.137039184570313 0.0262298583984375 0.00293922424316407 0.0329036712646484
0.115005493164063 -0.0501480102539063 0.165786743164062 0.024383544921875
0.0557327270507813 -0.06231689453125 0.174652099609375 -0.126922607421875
0.0133819580078125 -0.0730056762695313 0.0573577880859375 -0.20721435546875
-0.0267105102539063 -0.0612411499023438 -0.091064453125 -0.179229736328125
-0.0721893310546875 -0.0397720336914063 -0.150161743164063 -0.0716094970703125
-0.0873031616210938 -0.047088623046875 -0.119255065917969 -0.0212020874023438
-0.0885772705078125 -0.0418701171875 -0.102279663085938 0.010833740234375
-0.0545730590820312 -0.0763473510742188 -0.105850219726563 0.0156097412109375
-0.013397216796875 -0.114585876464844 -0.131584167480469 0.00740814208984374
0.0527801513671875 -0.128143310546875 -0.163970947265625 -0.04248046875
0.178955078125 -0.0649566650390625 -0.115730285644531 -0.1324462890625
0.209503173828125 0.0302581787109375 -0.110092163085938 -0.138832092285156
0.231887817382813 0.141357421875 -0.0951919555664063 -0.101608276367187
0.203338623046875 0.197738647460937 0.0406036376953125 -0.128486633300781
0.187576293945313 0.1009521484375 0.0375595092773438 0.0693206787109375
0.208877563476563 -0.036590576171875 0.184051513671875 0.061279296875
0.11859130859375 -0.104324340820313 0.20269775390625 -0.09173583984375
0.0278549194335937 -0.138916015625 0.092987060546875 -0.183151245117188
-0.0544815063476562 -0.105804443359375 -0.0538787841796875 -0.157638549804687
-0.110832214355469 -0.0616989135742188 -0.107452392578125 -0.0575027465820312
-0.129135131835938 -0.0686874389648437 -0.0759658813476563 -0.00897979736328125
-0.132164001464844 -0.0541000366210938 -0.0600128173828125 0.0295181274414062
-0.08612060546875 -0.0961532592773438 -0.0686378479003906 0.0501518249511719
-0.030609130859375 -0.149017333984375 -0.109687805175781 0.0453872680664062
0.06280517578125 -0.1654052734375 -0.159683227539063 -0.00331115722656254
0.2171630859375 -0.0783843994140625 -0.120048522949219 -0.101142883300781
0.23809814453125 0.04986572265625 -0.0852508544921875 -0.115821838378906
0.239959716796875 0.185333251953125 -0.0432243347167969 -0.0398941040039062
0.166488647460938 0.242706298828125 0.0978164672851563 -0.04669189453125
0.191268920898438 0.166763305664063 0.0720291137695313 0.115745544433594
0.263778686523438 0.004913330078125 0.185592651367188 0.10467529296875
0.172470092773437 -0.111862182617187 0.214340209960938 -0.037384033203125
0.0523681640625 -0.177566528320312 0.124244689941406 -0.134407043457031
-0.066314697265625 -0.138420104980469 -0.00704193115234377 -0.117477416992188
-0.130584716796875 -0.0773239135742188 -0.0513572692871094 -0.0374374389648438
-0.15087890625 -0.0802001953125 -0.0224418640136719 0.00503349304199218
-0.157211303710938 -0.0578460693359375 -0.00654220581054688 0.0463600158691406
-0.107200622558594 -0.101707458496094 -0.0217514038085938 0.0813980102539063
-0.044647216796875 -0.162765502929687 -0.0784454345703125 0.079681396484375
0.0642852783203125 -0.178634643554688 -0.143325805664063 0.0322723388671875
0.230087280273437 -0.0773773193359375 -0.11572265625 -0.07061767578125
0.237686157226563 0.0691375732421875 -0.05328369140625 -0.0970306396484375
0.212249755859375 0.208206176757813 0.00979995727539063 0.0245571136474609
0.099945068359375 0.240341186523437 0.141799926757812 0.04229736328125
0.14715576171875 0.2003173828125 0.09930419921875 0.161529541015625
0.260467529296875 0.0538787841796875 0.168899536132813 0.141387939453125
0.19281005859375 -0.0881500244140625 0.20343017578125 0.0200347900390625
0.070770263671875 -0.177337646484375 0.13848876953125 -0.071075439453125
-0.0644073486328125 -0.146286010742188 0.038848876953125 -0.0668373107910156
-0.129203796386719 -0.078704833984375 0.0093250274658203 -0.0150089263916016
-0.151214599609375 -0.0791015625 0.0324516296386719 0.0176963806152344
-0.161041259765625 -0.0546417236328125 0.0488319396972656 0.05950927734375
-0.112091064453125 -0.0976333618164062 0.0254592895507813 0.10760498046875
-0.0493316650390625 -0.15966796875 -0.0459060668945312 0.108840942382812
0.065582275390625 -0.17071533203125 -0.120872497558594 0.0608139038085938
0.223709106445313 -0.058837890625 -0.10675048828125 -0.043426513671875
0.211395263671875 0.091766357421875 -0.0217361450195312 -0.0786895751953125
0.15380859375 0.210739135742188 0.0537033081054688 0.0875701904296875
0.018035888671875 0.190185546875 0.164886474609375 0.118576049804688
0.0768280029296875 0.186264038085937 0.114669799804687 0.193634033203125
0.201370239257813 0.0821380615234375 0.141860961914063 0.162139892578125
0.168411254882812 -0.0499420166015625 0.176422119140625 0.0665740966796875
0.0691680908203125 -0.142440795898438 0.137252807617188 -0.0120315551757813
-0.053680419921875 -0.125419616699219 0.0760269165039063 -0.0180435180664063
-0.108062744140625 -0.0653915405273438 0.0643043518066406 0.00417709350585937
-0.129074096679688 -0.0651168823242188 0.0815658569335937 0.0262985229492187
-0.142044067382812 -0.045501708984375 0.100105285644531 0.0687179565429688
-0.102279663085938 -0.085205078125 0.0675201416015625 0.128662109375
-0.0445404052734375 -0.142745971679688 -0.01849365234375 0.134857177734375
0.0647125244140625 -0.14599609375 -0.10211181640625 0.0850372314453125
0.199859619140625 -0.0299530029296875 -0.100639343261719 -0.0198898315429688
0.16424560546875 0.1107177734375 0.00279235839843751 -0.0562210083007813
0.0734710693359375 0.191238403320313 0.0789337158203125 0.146591186523438
-0.0642166137695313 0.105445861816406 0.1689453125 0.163711547851562
-0.00285339355468751 0.131668090820312 0.123077392578125 0.20269775390625
0.106986999511719 0.079132080078125 0.117660522460938 0.16644287109375
0.106590270996094 -0.0125656127929687 0.152236938476563 0.093902587890625
0.0483551025390625 -0.0835647583007813 0.13153076171875 0.0290298461914063
-0.0370635986328125 -0.08111572265625 0.103797912597656 0.0138473510742187
-0.0712356567382813 -0.0393600463867187 0.105484008789063 0.0142440795898438
-0.0883102416992188 -0.0405349731445313 0.116973876953125 0.0303497314453125
-0.103775024414063 -0.030792236328125 0.139457702636719 0.0743255615234375
-0.07916259765625 -0.0643692016601563 0.0994415283203125 0.146255493164063
-0.0329666137695313 -0.111518859863281 -0.000488281250000014 0.159393310546875
0.0577850341796875 -0.107933044433594 -0.0912094116210938 0.106201171875
0.155227661132813 -0.0008087158203125 -0.102874755859375 0.000259399414062484
0.09844970703125 0.115318298339844 0.0138969421386719 -0.0333080291748047
-0.0161590576171875 0.14556884765625 0.0810699462890625 0.196578979492188
-0.0844046071287541 -0.01990021671342 0.1182083947935 -0.200653135391729
-0.0415491537650878 0.0749153680988587 -0.013109932593346 -0.0246483574228508
0.0285018225607837 0.0762106171188513 0.0830978003552097 0.0984163287991534
0.0681347406594694 0.00433424549695025 0.179472728181534 0.0221727527779771
0.0326157235535454 -0.0461710560767726 0.180768740930782 -0.103063752284683
-0.0054392071765763 -0.0323999608539771 0.102390566277692 -0.187681096787473
-0.00221422180133074 -0.0262026062970267 0.00403262084199958 -0.198299220810911
0.00402503294742439 -0.0261726696897797 -0.0492551566495679 -0.162571228441656
0.00474377332057952 -0.0213606143131286 -0.0467182493076 -0.128390526598574
0.0115885006393787 -0.0113617525077582 -0.0407569191796601 -0.131208282066846
0.0235899050380977 0.0120796764383428 -0.0377093558093294 -0.15966398640457
0.013071944137239 0.0532866589037418 0.0165737454006182 -0.189814767108974
-0.0572987657502158 0.0568640584647436 0.0975496451769425 -0.188237755601396
-0.0956536425939702 -0.0115789937941755 0.0956277322908218 -0.20349432127228
-0.0795269954165634 -0.0865421006455657 0.0285575156433001 -0.237232617928729
-0.0546665306210682 -0.12327898785999 0.124884299968466 -0.170785487989445
-0.0673154796798228 -0.0251708569023105 -0.0270729413484894 0.00096584787875228
-0.0529571657628354 0.0171235253818319 0.0877724596606701 0.146528220831053
-0.0153562716637981 0.0144662269505549 0.209857729085106 0.0576590177765098
-0.00998003672436737 0.0121398732363659 0.215231053978686 -0.0986954216749865
-0.0107119611029328 0.0245064110423743 0.117312775337494 -0.19295669272282
0.00799499961106338 0.0350129112766865 0.0124559535116768 -0.200093383418016
0.0196951252658971 0.0383290590664805 -0.0461145501239444 -0.16113419460584
0.0130724232131234 0.046912822627718 -0.0487692295654479 -0.124952002793155
-0.0111043207663395 0.0448052295614735 -0.0466308168517696 -0.117506098241616
-0.0353466880604026 0.0508225638740668 -0.0476012549866531 -0.143505098375965
-0.0720713982340971 0.0344926167058553 -0.00778999861894248 -0.177450960245391
-0.11826727242025 -0.0175159061644638 0.0703962089702903 -0.175156143845877
-0.0937703936495163 -0.105883075304662 0.0674078912418355 -0.190260697329032
-0.0383853331959678 -0.184861867567509 0.0163815946153742 -0.209059271464179
-0.00771025852519204 -0.211127427306793 0.11697157189817 -0.113271431488522
-0.0721599455070355 -0.135660294018316 -0.054810063632067 0.0426323759103887
-0.132235646787769 -0.0638433581816546 0.0723702277662392 0.210781077644903
-0.111480332460019 0.0101105094990761 0.225197579371812 0.117485765505721
-0.0683053464848296 0.0687592769119125 0.245074979538823 -0.0694354894799477
-0.0243236058881154 0.0830603965203813 0.132062928867302 -0.17338675709771
0.0132174004181499 0.0941953346009721 0.0241538911427278 -0.177186608133663
0.0340708668988364 0.0979596018277201 -0.0354496932399856 -0.134798204909935
0.0253589122161573 0.10724272186445 -0.0469553446349654 -0.0968021299101483
-0.0197091101628995 0.0952081569316977 -0.0559413445678979 -0.08142919475672
-0.0722263590991232 0.0942180891870134 -0.0680318580179464 -0.111826892127961
-0.139130365153122 0.0387446312038689 -0.0434501673787072 -0.157771663512084
-0.174561447180343 -0.0606713640731805 0.037018315342876 -0.162323364252672
-0.101613694950795 -0.172500093637886 0.0434315999140253 -0.165538038833641
-0.00487447843496733 -0.254449421568089 -0.00293494680249913 -0.152007930835352
0.0467770215444112 -0.26490876010166 0.0909021053235252 -0.0325713888869239
-0.049410534512303 -0.231754341988963 -0.0911465329275969 0.0948587680900419
-0.182929479692935 -0.155656761785436 0.0326462924075479 0.271143481989036
-0.199223571337899 -0.0161393063826871 0.211686155878964 0.185790451262934
-0.132401704794058 0.108022285089751 0.254587258745012 -0.016454614082322
-0.0444288824817042 0.132027598835425 0.138184358354921 -0.129195736143079
0.0118800390217174 0.140735610007691 0.0347470224647421 -0.130781042001645
0.0436115107506645 0.142813893825143 -0.0208635160795361 -0.0883030648682332
0.0397880226438014 0.151083863753124 -0.0408709656718985 -0.0495086158580079
-0.0161407428479224 0.13264350847434 -0.0612391775992664 -0.0313133693391237
-0.0855637298551618 0.129683746219916 -0.0879177898439765 -0.0684639632095302
-0.179415763298665 0.053038522056041 -0.077018988883661 -0.125572668677414
-0.212675063111273 -0.078916481180211 0.00469186124355467 -0.143320263203426
-0.106962530506761 -0.208830974184744 0.0313118352549185 -0.133171462451188
0.0225926622418882 -0.287704441233687 -0.0206039874829723 -0.07785909943278
0.0969994692544302 -0.269150558220255 0.0500568514963687 0.0580566257022246
-0.00143345356625263 -0.283845206452237 -0.130240603105687 0.144663574482809
-0.185376006457274 -0.232930748643889 -0.0242262926164804 0.306853751999471
-0.248556600657852 -0.061270573849116 0.163017285940261 0.242078059298263
-0.18423619927296 0.116475490667709 0.232980154473766 0.0475710485201657
-0.0656021561834205 0.158184350606132 0.130323397134694 -0.0658925359401122
0.00610566033221854 0.166656423125475 0.0415208918627675 -0.0677841826935675
0.0463755749438453 0.166324207092665 -0.00405768481244724 -0.0292661888009398
0.0488516510187356 0.172695404587786 -0.0295178261686545 0.00775337838161457
-0.00931543644526894 0.151442882525588 -0.0616508179668614 0.0254099692388954
-0.0863759369258281 0.14836118174797 -0.101382060697299 -0.019540662289444
-0.192509558010199 0.0592453222575054 -0.100417890575764 -0.0891572957865251
-0.221553018927884 -0.0897661171648452 -0.0195055972963389 -0.12108165495491
-0.0943590032155539 -0.221284984381276 0.030608577943979 -0.0972392390271864
0.052563539171389 -0.281002877663977 -0.0350747248088754 0.00224905691261151
0.125583688441444 -0.223522564675272 0.0038818700748828 0.142154046619259
0.0524366977080285 -0.275092060605827 -0.160246191806161 0.182955022033146
-0.141645517641178 -0.265222000590491 -0.0817250487420352 0.305999962636227
-0.243443691256081 -0.10197048077571 0.0936176062232118 0.264907867031821
-0.200587190978837 0.0971756805306921 0.18088615726063 0.103130885908697
-0.0758462033682373 0.156371298445894 0.107140459710342 0.00221722645358458
0.00108978102534898 0.164407814228891 0.0435038960671164 0.000773271402829269
0.0434375292477331 0.164730678812183 0.0124602911049777 0.0313341897845295
0.0502970499325368 0.170515926384403 -0.0161760356886018 0.0666198985668988
-0.00511274330471779 0.151512774616714 -0.0593772791687014 0.079564866250988
-0.0814439002703248 0.147883365398674 -0.111484524271398 0.0268491393435713
-0.187685132421984 0.0514061751509045 -0.116790516994848 -0.0537065513011572
-0.204538184164966 -0.100840071868705 -0.0386493480040566 -0.0985526828994183
-0.0629947744514447 -0.216067475622028 0.0313202177499114 -0.0629002890106094
0.0825809198812135 -0.238830564545645 -0.0511036980306331 0.0759061985523162
0.126031486779938 -0.135979683933512 -0.0354510842028107 0.201752340904796
0.0864353555505288 -0.209604956211554 -0.171183935655758 0.205048486429564
-0.0777678866696039 -0.235245844941081 -0.118378694451031 0.27350345854714
-0.189452900962598 -0.11301869765773 0.0276830537770679 0.254808691422359
-0.174143689236793 0.0651612280263473 0.118043470507416 0.138292288524633
-0.0691441952269125 0.128482791075436 0.0772047986964527 0.0613205365178018
-0.00158486861404021 0.135735548120773 0.0422989528096782 0.0627805211063685
0.0352175939597966 0.138033050621792 0.0273160264468441 0.0859191619227177
0.0439587621102331 0.145048646078472 -0.00409057669167219 0.120459521464711
-0.00363366421635302 0.133995158307464 -0.0587345661029999 0.127166450509146
-0.0721930786877865 0.130169228042655 -0.123746886896015 0.0663337598887137
-0.165458687876246 0.034066434311735 -0.13196923788045 -0.0256008794686251
-0.167126751885442 -0.107893321422061 -0.0558191127198928 -0.0818939894217488
-0.0201646860314353 -0.19336113744215 0.0281895425476193 -0.0338250607345026
0.107668711287834 -0.167753116577595 -0.0726881882503759 0.135150012592489
0.100376524013407 -0.024714515652568 -0.0541364131407719 0.229099003442325
0.093712637425594 -0.106679533045 -0.156232207365764 0.210926899503176
-0.0187969625635189 -0.153278800949529 -0.125135117190758 0.230909592466214
-0.108367474059855 -0.0891633262087064 -0.013119121048162 0.226551646178361
-0.113376511047718 0.0307119135828553 0.0664318968010832 0.153322657149845
-0.0473053726719756 0.0811743636469267 0.0529293153531435 0.102666850149751
-0.000577015638192023 0.0861214188346208 0.0413630823206026 0.106958400954662
0.0231423238888346 0.0910093730662807 0.0385403187834225 0.12562973561435
0.0311346418724259 0.1008746092754 0.00457718232821825 0.162495116265135
-0.00380158942589732 0.100987127446151 -0.0623748638140979 0.163078017210338
-0.0574403628026866 0.0978155464182021 -0.14110948841223 0.0949972775585703
-0.127161291035503 0.014510711250102 -0.148927299503081 -0.00987540687666016
-0.112828036882607 -0.100985013320735 -0.0730958674790726 -0.0773227755720645
0.0237635171583399 -0.146982217165436 0.0199647715790069 -0.0158311377931781
0.118449211422259 -0.0758256359485252 -0.10093553703226 0.17319846816508
-0.089021053830712 -0.0124035653066926 0.105303486325404 -0.217729940451966
-0.0348541129609459 0.0802173908999197 -0.0168509575212638 -0.0229252678153952
0.0376540546438891 0.0751707290709581 0.0954007770405828 0.0971532284386003
0.0697729040848608 -0.00296418372746524 0.190370773553951 0.00899872763015385
0.0267723494733921 -0.0508831025931846 0.181135494353802 -0.12339046651882
-0.00933926112950112 -0.0313112431280429 0.0907812975072083 -0.205482996326716
-0.00474751607610346 -0.0253683513825861 -0.0138307978746531 -0.206636701444218
0.00127082471872554 -0.0267957428701072 -0.0662470751312463 -0.163099822813596
0.0026067117916648 -0.0206543015566339 -0.0595552955956508 -0.13008096711741
0.00998800245484314 -0.0113762660271131 -0.0548076942258304 -0.13398691000125
0.02392971532208 0.0100603655168602 -0.0551151076879986 -0.162585436056992
0.0176921744856331 0.0514249211935224 0.000347636231653297 -0.200278995654051
-0.0536298273329774 0.0637713076903981 0.0872849120306854 -0.206888969105137
-0.0975303405301668 -0.00333322426113085 0.0862713144450187 -0.218730416501293
-0.0898382250118571 -0.0816283557428209 0.0152124133163828 -0.247777641487156
-0.0655738907138229 -0.122492613536454 0.113790333804806 -0.187403132789416
-0.0699116724708026 -0.0210361335808816 -0.0287603054542824 0.00529344266655415
-0.0522604092091772 0.0210838472052644 0.103802380600782 0.147159584131517
-0.0155714678609124 0.0138098639563964 0.223734186140411 0.0435693580613626
-0.0125631654462926 0.0125870349761425 0.216745086790989 -0.122026966927766
-0.0107046508645859 0.0277611498439096 0.105491110883066 -0.211678421482227
0.01045174482252 0.0373399698352162 -0.00589241997406629 -0.208650870246816
0.0234227388770139 0.0396219791201846 -0.0630929073360674 -0.161458620935606
0.0169334203801045 0.0496765137037971 -0.0619501978168237 -0.125870105909437
-0.00923614599418745 0.0492063275358575 -0.0601391640873312 -0.11921795643128
-0.0341608986734115 0.0564816824393713 -0.0648586679864402 -0.145136978351752
-0.0731681259153484 0.0396795661886737 -0.0253403833607221 -0.185367840573286
-0.123040533178776 -0.00893346214509922 0.0604770003123284 -0.191887939334688
-0.103191865188188 -0.101551449015444 0.0567651381542089 -0.203286168949622
-0.0549238140179923 -0.187453349578812 0.00411389071713562 -0.217681130734505
-0.0246511394276866 -0.217286656215848 0.110589950254379 -0.127110327521976
-0.0839981443181413 -0.135136840146277 -0.0545162200938314 0.0518815148481858
-0.140730342495851 -0.0558160884597425 0.0929908885872103 0.214996280424302
-0.115753895574659 0.0172397492275541 0.244473339002214 0.103530262373075
-0.0674845321979286 0.0760263355659874 0.24985275596764 -0.0945839274875411
-0.020234131150395 0.0897491007275678 0.122402337881716 -0.192416627453396
0.0205235642912122 0.0978546242894322 0.00847314352327878 -0.185177074749512
0.043333286064858 0.0994379775226558 -0.0505985956052058 -0.135215662621601
0.0353426900790594 0.111031867339885 -0.0584079982156409 -0.0960458597005616
-0.0144906679842084 0.102247110834141 -0.0671160608476408 -0.0800230733324683
-0.0686582440435621 0.104279839268997 -0.0846671050244337 -0.110956774646064
-0.142986030396209 0.049929004014939 -0.0618385826955509 -0.160852971764357
-0.186433336854711 -0.0489731050879156 0.025755916374735 -0.176782525245466
-0.117689243512625 -0.171156303798296 0.0338473591832754 -0.177079548864985
-0.0255940283288436 -0.263551624363659 -0.0119566926397133 -0.157315450139845
0.0272877189700508 -0.278789808423692 0.0892174310586613 -0.0416741101479805
-0.0688355722479394 -0.236075291863925 -0.08852994453546 0.108921956783939
-0.20232328498149 -0.145642121339631 0.0569420941037411 0.280822498427898
-0.20931002144865 -0.00272803626347392 0.23606920431233 0.175660633611135
-0.129682985003598 0.122598309873975 0.26417348954289 -0.041047902532794
-0.0372142569277307 0.141164035871464 0.132653255594634 -0.146712643600516
0.0237077293750574 0.145949355086017 0.0235687076346002 -0.138281024076039
0.0582754509009922 0.145391379084364 -0.0310406020677411 -0.0886206674673223
0.0543513864794985 0.15449820869951 -0.0476321126296168 -0.046747271678628
-0.00751583908318773 0.139899142281573 -0.0685387210348433 -0.0266085987267109
-0.07921502452284 0.142842143788102 -0.101784166302299 -0.0633316194493723
-0.183157910924351 0.0686558456516962 -0.0945821595220796 -0.124882988107794
-0.227414489799227 -0.0640806819237258 -0.00741738331430082 -0.15520967414689
-0.12653231563752 -0.208287305482865 0.022865363895156 -0.142767541145036
0.000540435002169442 -0.300148844355313 -0.0251450491332309 -0.0790976776813997
0.0785443265531487 -0.288334672807788 0.0543154256833856 0.0559508567347182
-0.0236344554886832 -0.294302620405093 -0.125880655063 0.163881944881326
-0.211180090314182 -0.226023953784301 -0.00049663401753451 0.323150689981141
-0.264488794723813 -0.045563712824504 0.189561866939587 0.238868903487666
-0.1823137841249 0.137036212606813 0.247065513847362 0.0276358201974818
-0.0561425797063144 0.170514690153601 0.129625217746084 -0.0797678236435612
0.0205337455829431 0.17224671000709 0.0361865295496172 -0.073308011767799
0.0635906390327553 0.168513327071926 -0.00853019895763379 -0.0288605891101354
0.0659395937115367 0.175520394821473 -0.0310830373787075 0.012346688921809
0.00150714495931042 0.158206843159032 -0.0637062146688614 0.0327162848065375
-0.0773813032688916 0.161702020922736 -0.112004212263003 -0.0109808294967094
-0.19671173164163 0.0764412822847204 -0.116915539354699 -0.0840895359511105
-0.237553261610595 -0.0742705480705806 -0.0312674098940864 -0.129225580846199
-0.115776091139636 -0.222597227680905 0.0236823136511676 -0.106122000951102
0.0316260350679576 -0.297126107435091 -0.034952287373648 0.00496765354454957
0.11241979153818 -0.243899193944108 0.0124059252200336 0.145786083819326
0.0328046932191356 -0.290409071304062 -0.154384724900726 0.205803713719826
-0.169397720201166 -0.263099309254477 -0.0605550411094089 0.326850050088925
-0.262894930988662 -0.0875574192016328 0.119639961160075 0.268725129886627
-0.200337260840997 0.118611392147432 0.198432212411141 0.0897175554003145
-0.066076634889331 0.169288857814123 0.111382166589102 -0.00713526233343202
0.0147797162754151 0.170572211180562 0.044691364168593 -0.00245486324123443
0.0606844459621549 0.166578912604961 0.0143461825347211 0.0324111999516873
0.0684964256534661 0.171988406627675 -0.0120113251575254 0.0721932676584863
0.00686986322511438 0.157873204985258 -0.0563285378904342 0.0891716560702973
-0.0713139216647533 0.159769371766798 -0.11864097220826 0.0383308627896587
-0.190712798431831 0.0685360511516626 -0.130317325333573 -0.0455827399173693
-0.220875903468749 -0.0868278207438369 -0.0498518355444712 -0.103564814458244
-0.0833376563075587 -0.219636392865803 0.0265303146303391 -0.0717784047164875
0.0666938388602049 -0.255970533783259 -0.0460446248635535 0.0828950157128622
0.1196239563774 -0.153555381937843 -0.0240274621809851 0.211131168604258
0.0728010117806935 -0.225907848006765 -0.165175867921592 0.228931795905101
-0.102271303990058 -0.237052048867472 -0.101626147983085 0.297339253039679
-0.208040094290643 -0.10226205020913 0.0504162200374605 0.263876969838911
-0.174787133399343 0.0839232523768528 0.135790069354172 0.131739278143309
-0.0603627122161111 0.139173777457969 0.0851412363465785 0.0573559772763648
0.0105573469350512 0.140219196828373 0.0491829412530828 0.0620542829013672
0.0498576597617128 0.139303828960952 0.0354651687487054 0.0875461579248242
0.0597489461428023 0.145621081485635 0.00612868277132608 0.126419333730411
0.00747363400307527 0.138917899946348 -0.0511743045486062 0.138621760529648
-0.062736682243206 0.140597321132095 -0.127390056769008 0.0809712907458427
-0.169262335680266 0.0495776264707311 -0.14298676864804 -0.0154481544651291
-0.182795203747161 -0.0961749663294652 -0.0659863581185871 -0.0845905924396517
-0.0381692234487113 -0.198644977086929 0.0254022453180318 -0.0412056548373086
0.0983188537858784 -0.184621760059135 -0.0644038346479963 0.146454075603401
0.101874999724804 -0.0360837194568698 -0.0419114011365446 0.240697349547508
0.0876319462596022 -0.118807929178598 -0.14840670351366 0.232872194157843
-0.0339974508966104 -0.15641473615292 -0.111935271857728 0.25276857070832
-0.121471650635168 -0.0825036340043425 0.00539745063654507 0.237836511053673
-0.114341235977842 0.0431561385674825 0.0835269018397899 0.152754733842188
-0.0403391144446322 0.0889419145734999 0.0650663942002725 0.101764158616262
0.00732022699278432 0.0883345910828478 0.0528389005138707 0.107803182828687
0.0330726516058503 0.0907506274972278 0.051070338851708 0.127138703465248
0.0420684562169005 0.0999295516500381 0.0195286818356776 0.168569177798922
0.00588536271785698 0.104360548165072 -0.050648908394712 0.175818734285732
-0.0498350309884135 0.105942456267365 -0.141566285867319 0.111955209035187
-0.130382290535369 0.0264145091881433 -0.158557461419567 0.00189149603852802
-0.125635853616412 -0.0932598666145591 -0.0836548397869044 -0.0772626442834136
0.0105243713062099 -0.153767974782086 0.0185241634781547 -0.0211504455037469
0.117028377963656 -0.0900003756610654 -0.0908306458838843 0.188891194391802
-0.0902087180111524 -0.00386282439312886 0.0879787556523158 -0.228802206141662
-0.0268847294235235 0.0834952124345737 -0.0199420343724289 -0.0200117362036043
0.0451430344140799 0.071219966628851 0.10551054639561 0.0931776262048395
0.0692446841648793 -0.0102963774290089 0.196263692511083 -0.0057288833878823
0.0190701442351025 -0.0532571959562071 0.175697353806121 -0.141406751394966
-0.0127110396045678 -0.0292776140069125 0.0752663945995483 -0.219206389578075
-0.00681222747976785 -0.0241950859584039 -0.0321920619910705 -0.208185304896754
-0.00181738713643829 -0.0262317344216668 -0.0813009715821985 -0.158495747034247
0.000542821205673368 -0.0194756665589964 -0.0716854856350784 -0.128148824356857
0.00845135385773107 -0.0107534322553615 -0.0687348047508056 -0.132059325091409
0.0237183220922622 0.00812185716048014 -0.0712720332313301 -0.159729646913558
0.0212707661213924 0.0484692904863342 -0.0176907683523933 -0.204213154293386
-0.047383092313368 0.0687275196750601 0.073110287109567 -0.220695513382662
-0.0965779794981709 0.0045774966064413 0.0736006454776264 -0.228495887360534
-0.0973182759335635 -0.0738180728364101 0.000328788199041298 -0.252270460188689
-0.0753347727984003 -0.117935912461151 0.0997608562926416 -0.198928614612598
-0.070678027849228 -0.0159608720305891 -0.0296977482914624 0.00993540001908682
-0.0502153131299582 0.0241702860324056 0.11814082383473 0.143009875973442
-0.016688863875374 0.0132730265637858 0.232543034637591 0.0265131423208541
-0.0147909379734304 0.0140263669423055 0.21218366867754 -0.143831309049059
-0.00989486629473054 0.0312485263237464 0.0896490278089126 -0.225546028333397
0.0135130725256032 0.038419744161175 -0.0243792798196575 -0.210487564366303
0.0270908622582567 0.038970427136165 -0.0783713987190903 -0.156550696567757
0.0214128492570739 0.0509503570168907 -0.0741177687373131 -0.122728577172529
-0.00682497044991855 0.0525875934673574 -0.0735195943429398 -0.115891244917098
-0.0320159155140113 0.0606724031575112 -0.0808233066412227 -0.142000766935031
-0.0725976948658026 0.0436883154542389 -0.0430259879859657 -0.186831574500538
-0.124916210236744 0.000314755439400304 0.0468659710658029 -0.203759406850192
-0.110456551611571 -0.0958221310025649 0.0447746922955761 -0.211189596381784
-0.0700140441450172 -0.185267936549327 -0.00925851629641867 -0.221398631343117
-0.0416541370258893 -0.218197225191977 0.100025668748255 -0.137192598136158
-0.0937942066458859 -0.130653448149389 -0.051801146004118 0.0592677913335008
-0.146440473962852 -0.0458697234858453 0.112625753431154 0.212622238400161
-0.117690537846674 0.0243669916488463 0.258144100900925 0.0860384734904341
-0.0649303306793277 0.0824000702199227 0.246817245283734 -0.118870106824846
-0.0150884275699504 0.0936870401749218 0.10792230739443 -0.206957057014892
0.027996522047496 0.0990610502623592 -0.00814859004493823 -0.187899302976664
0.052491185407766 0.0984842750776978 -0.0639400568818924 -0.131161778211525
0.0456343268600049 0.111620824104741 -0.0683988465257567 -0.0919413186034828
-0.00802226362546504 0.106790150375752 -0.0773655794830298 -0.0756788843560518
-0.0627981031671778 0.112267826990677 -0.0993428563176185 -0.104823608378741
-0.143756555271373 0.0609105644292283 -0.0787427362093024 -0.158736284435796
-0.192779079607584 -0.035103418632666 0.0115858651993729 -0.186254909686407
-0.13073125229416 -0.165724830663599 0.0221476372070056 -0.183880786241352
-0.046326402606521 -0.265426673608904 -0.0214981418167815 -0.159661031872838
0.00586285813408901 -0.285100103960416 0.0850323792309878 -0.0489490757452908
-0.0868863088513896 -0.234598217388772 -0.0822494772667329 0.120581072454186
-0.215991119073544 -0.131752045418927 0.0806000622901412 0.283559086366189
-0.214426949248075 0.011874080977964 0.254644184995318 0.159954651358142
-0.123442427712435 0.135099262766432 0.265945253858904 -0.0664296282377382
-0.027758842426098 0.147704810882287 0.122096193670655 -0.16066821864648
0.0347768649932449 0.14724702086812 0.0110510074443683 -0.140757175500366
0.0716033380792249 0.142948764209925 -0.0408291374690142 -0.0852924731028445
0.0685618460143235 0.152927494038103 -0.0538451870886416 -0.0421104440626518
0.00203880129389283 0.143972980233646 -0.0744036951073272 -0.0204629397779574
-0.0698247695708425 0.15201640182383 -0.113728335105589 -0.0546016242000868
-0.182505827101584 0.0834202662706829 -0.110500181172357 -0.11855890744044
-0.236229805724001 -0.047193818164229 -0.0213755365468518 -0.162080789318345
-0.143840975842489 -0.20250890713515 0.0122378516429125 -0.149249208906533
-0.022484550104295 -0.3062525689489 -0.0297110830654224 -0.0786609734435953
0.0570860777545374 -0.300168893047923 0.0559497248562197 0.0520241125524245
-0.0458078972223235 -0.298156326037186 -0.115949571472898 0.178673275745699
-0.232962922835306 -0.211353711099967 0.0257352526709047 0.331126443842699
-0.274712171072554 -0.026586287168475 0.212702653783872 0.228085127105544
-0.174571878123826 0.154262268884833 0.25424729344298 0.00435783110681788
-0.0444385859361478 0.178589926381085 0.124860322410543 -0.0920918704575301
0.0342992818062837 0.173775072022541 0.0292547650097513 -0.0766787974009771
0.079906883240391 0.165932857706591 -0.0124437927985037 -0.0275047183642403
0.0827829809756606 0.172407365574398 -0.031553129473765 0.0166788390419594
0.013081633472741 0.161531481312561 -0.0640533334306111 0.0397321365108801
-0.066369312988281 0.170448147045963 -0.119707346258958 0.000184501109894309
-0.195424532014829 0.0934777749378635 -0.129119202438539 -0.0744000892708966
-0.247534796214278 -0.0559862941489487 -0.0445273286951661 -0.133393112521518
-0.134716477860214 -0.217302380859982 0.0148338775666686 -0.112964126168942
0.00857949726085496 -0.30488396597772 -0.0331454385646311 0.00762376852305553
0.0945224917811219 -0.257501088731112 0.0205244742314333 0.146642298799727
0.0114099043580709 -0.298680047214012 -0.142542044341614 0.223336945155899
-0.194328531009389 -0.252337019786971 -0.0354162357930156 0.339188544478391
-0.276285977896217 -0.0688332311458335 0.143173641322819 0.26475217016299
-0.193537970639017 0.138810209682457 0.209443545211611 0.072495229936297
-0.0531544880117528 0.178003257899139 0.112657896493617 -0.0164517474692959
0.0286732676883963 0.172071049508679 0.0448251227789836 -0.00531321649254492
0.0766914744097771 0.163314473522666 0.0162546026618956 0.0328573434689872
0.0844456731561409 0.167783778692347 -0.00665362759547066 0.0758694102038869
0.0192003858120483 0.159678256185414 -0.0512056410577583 0.0968262743439214
-0.059009225028322 0.168150283908546 -0.121769185873502 0.0510424995828095
-0.189526362272893 0.0850598019629955 -0.140176097906651 -0.0345953938528151
-0.231077923791457 -0.0691345203322314 -0.0610854492181339 -0.105624803776501
-0.102423377309517 -0.21616941655346 0.0198419594923028 -0.0776541319277742
0.0472233256123208 -0.2670084488273 -0.0392422583080455 0.0877166287485521
0.108546904777906 -0.167625075079161 -0.0124314288936904 0.21553424902127
0.056301878073679 -0.236259425316996 -0.152523734222714 0.246767514122371
-0.124652736449678 -0.231222387706255 -0.0799391128094508 0.313159375519088
-0.222018390760726 -0.0871934348391746 0.0725510871552568 0.266005368667172
-0.170303554749401 0.101166059537022 0.149700561694374 0.121233070480939
-0.049090288877839 0.146839620309304 0.0914539106382314 0.0511870049044054
0.0226937778812568 0.141117066531611 0.0551678951494253 0.0594735261763093
0.0631339899714729 0.136270345865006 0.0423917240580077 0.0861818782067015
0.0735554042728152 0.14141102442556 0.0168051312439199 0.128857756609534
0.019261118011327 0.140538782611043 -0.0408279716427441 0.146593967487151
-0.0515643836072681 0.147017559613575 -0.126774849201253 0.0949991465267923
-0.167948946952167 0.0642295694738501 -0.150025860511607 -0.00339911018503573
-0.193187348492653 -0.0812870920066517 -0.0760861870983703 -0.0843394067646624
-0.0554257753749621 -0.197707366859514 0.0206604459074295 -0.0471062178043733
0.0853313920901666 -0.197200233002185 -0.0530314219944425 0.153945478913732
0.0997263206770675 -0.0468122304695018 -0.027388089902202 0.247262620184769
0.0790998651866279 -0.129038723165664 -0.136367264190882 0.249202185144438
-0.0488153138568049 -0.154480386705682 -0.0944318478857391 0.268716531598215
-0.131133767412088 -0.073171334992811 0.0249488467608181 0.243698923098535
-0.111049162004988 0.0549828786659561 0.0987903694134741 0.147409078624536
-0.0314975292673799 0.0932115128917464 0.074555889925411 0.0979598692502841
0.0156630174396362 0.0878087297843164 0.0629903515618458 0.105534967688322
0.0422892544617632 0.0876918465006867 0.0622020032057866 0.124720992115742
0.0527084150713954 0.0954982384747152 0.034225947059712 0.169773627494848
0.0152558979277624 0.104700751687004 -0.0369339447321135 0.184200326698949
-0.0401503182746147 0.110877087137783 -0.13756833842413 0.12751394446623
-0.130317885664651 0.0378250505236907 -0.163828415315976 0.0153357237793868
-0.134770339135183 -0.0824416034634905 -0.0931567190238685 -0.0751415773087739
-0.00323654152359737 -0.15596209296405 0.0151784592033672 -0.0255360928270858
0.111037602319304 -0.102644591117375 -0.0764591171440114 0.199306573913861
-0.0878908758857002 0.0299975698046229 0.000371650895191927 -0.250619255281922
0.00808482171648144 0.0875498402028146 -0.0295477625099896 -0.0127288217496583
0.0710212892778521 0.0462954447045317 0.13048058638891 0.0529858663139573
0.0592873423079518 -0.038371759265039 0.186121965571913 -0.0739545282452504
-0.00403428708665115 -0.0570001924007774 0.117880805945483 -0.198282647084284
-0.0217317839807731 -0.0233202231771544 -0.0113548239163084 -0.23591644424732
-0.0154752157046293 -0.0206012898569217 -0.109614567049408 -0.181245553137841
-0.0119706862817773 -0.0229253831641762 -0.134913375411535 -0.115229285652814
-0.0061396529401021 -0.0167958747136224 -0.114844546144862 -0.0940993681950418
0.00357116800194127 -0.0112479802606903 -0.113884331162685 -0.0983644751054732
0.0244111229931482 -0.000716471997991514 -0.127237782874548 -0.120804720532059
0.0359921066151461 0.0363701687004772 -0.0920944672279439 -0.185850927314049
-0.0186109012183134 0.080305201077191 -0.0101121948355864 -0.238056774693408
-0.0881267067142777 0.0409087140014359 -0.00684954134925631 -0.241441406225404
-0.116891404652562 -0.0331041924502871 -0.0811840398176542 -0.233598309761
-0.118081364812128 -0.085140461163305 0.0260092053682628 -0.223288105419033
-0.0720748891384004 0.0108730044883571 -0.0211984220405135 0.0201404336679949
-0.0362764784257531 0.0395832199035758 0.165310644586184 0.0900599964072767
-0.0111871244403907 0.017632813505079 0.231687238390677 -0.0612752822862085
-0.0100370947176552 0.0178204591542592 0.147385347598536 -0.215707509379353
0.00276169793754494 0.0316581725306496 -0.00261849744719354 -0.247476010962913
0.0268568170115761 0.0317180938390129 -0.105448166969495 -0.187724918223518
0.0387127189668579 0.0268477003573556 -0.133832158554621 -0.112822262592423
0.0393830684942028 0.0408302071498939 -0.116412383883834 -0.0869996814344278
0.0123477512208118 0.0544364213604195 -0.113290447582729 -0.0823258271613042
-0.00854774081697611 0.0689950925059885 -0.130062583570969 -0.102059707225409
-0.0544718623203751 0.066265488097246 -0.108201361184884 -0.160002158736086
-0.116190788136957 0.0439393790131507 -0.0288618777137346 -0.211592847223022
-0.138279700791864 -0.0490318979971107 -0.0294584272385078 -0.214292511511299
-0.130671131890374 -0.149536959236363 -0.0832550707985728 -0.20014901306948
-0.124932361427988 -0.194525539976112 0.0508558833224413 -0.161863242456623
-0.138734542135234 -0.0874170654440429 -0.0184688208689272 0.077602489080118
-0.152996133478864 0.0120179757813764 0.191445462703502 0.15427023019591
-0.10117482654363 0.0684435402598058 0.278652333182561 -0.0207478212925044
-0.0299695115692167 0.10063314641971 0.186798335996193 -0.208875287179389
0.0208594459730025 0.0921274778096631 0.0190557847524983 -0.237118506559868
0.06348446640066 0.0838006310499807 -0.0832633998388773 -0.174318002972943
0.0846692351825312 0.0719914820117992 -0.112663937073003 -0.0942125713468026
0.0846093110601793 0.0878410497861485 -0.10007590456802 -0.0590943134967733
0.0309548066667479 0.105177210722287 -0.1032599164325 -0.0433394254512113
-0.0178956960730813 0.129073141143808 -0.135083168342847 -0.0619138304602222
-0.114913090662502 0.10916247014659 -0.131187210083484 -0.121322987167082
-0.193375500717541 0.0359456942841499 -0.0555739141470944 -0.181389827276239
-0.183335502062389 -0.107376564145876 -0.0437496960380374 -0.179099404012188
-0.136902846349519 -0.235249036058733 -0.0773510352177452 -0.13655728593755
-0.105370608856949 -0.277784435044296 0.0690932208729143 -0.0693979921514156
-0.172804641428807 -0.188236223522672 -0.0205569764972219 0.149972001773609
-0.252151696942374 -0.0397826128487545 0.193617646109589 0.229633591627753
-0.1964293626386 0.0961259467140393 0.30458760110915 0.0462392470887938
-0.0633944669076221 0.171929015237332 0.221729350357265 -0.169838887772706
0.0294609272853827 0.147543547175015 0.048603176906773 -0.199634077146274
0.0889369434657111 0.127550951231162 -0.0480765283838166 -0.139460318735955
0.118855008106741 0.10617826502138 -0.0749439937432164 -0.0606470495444686
0.121074362534323 0.117203006718087 -0.0682414960248599 -0.01756838013347
0.0540218777274706 0.136572336795225 -0.0804519370051103 0.00701002277803992
-0.00994270782518074 0.168275904732484 -0.130859050667566 -0.00961695459654464
-0.143298941863568 0.14580308079401 -0.145974737702502 -0.0727515787888295
-0.238658101459352 0.0416570589125827 -0.0773205279426532 -0.145147501538979
-0.20928338873632 -0.137174328317664 -0.0425458342246716 -0.142373220212248
-0.129320495452579 -0.283517874273042 -0.0592893850659783 -0.0579341067502097
-0.0622409962365457 -0.310786180889335 0.0774943654755271 0.0382475803973512
-0.159378010013098 -0.263903256269306 -0.0308557425629215 0.22131056295354
-0.298554295350941 -0.107376144581525 0.163205553226188 0.295186337302769
-0.267298198896415 0.0857798576741133 0.292988697187785 0.123747681848093
-0.10245381411615 0.21042608356812 0.236862942393282 -0.1013475173811
0.0261897379816729 0.18261965443264 0.0757112901007479 -0.137479096486077
0.0980003443256798 0.153145826626454 -0.00573305302400192 -0.0867877018792966
0.134825021958088 0.124284277253508 -0.0269108369755493 -0.017955201426185
0.141118819075999 0.129401790703863 -0.025932338657843 0.0296268879579065
0.0710166962686858 0.14766203221404 -0.0492728680491024 0.0600186401023273
0.000796798567775441 0.183652944245568 -0.116723577208901 0.0439104608242164
-0.150720977900951 0.159336590891084 -0.148287409011903 -0.024967884083871
-0.252679365024197 0.0376637581692363 -0.0893988819285159 -0.109048648732413
-0.207200805842441 -0.154316677101598 -0.0288757326349321 -0.109064843280205
-0.0999815851985086 -0.295016670044887 -0.0346616754828529 0.0234988733892905
-0.00972606626769451 -0.284852470090987 0.075017058044963 0.141071961898367
-0.106562661669346 -0.286758232927208 -0.0417499471776113 0.275007510648484
-0.278796879040116 -0.159423312505336 0.110215307593995 0.329270324339583
-0.285501649786906 0.0477425658305225 0.24277282959094 0.184780739003469
-0.126236980327109 0.203874083172189 0.220988124445172 -0.0212712083550732
0.0183010793997727 0.185707747242457 0.0930402755207947 -0.0618436183954154
0.0926762235700831 0.152833085350991 0.0364197383432978 -0.0262077922089085
0.131279330538194 0.122838397537205 0.0230300341715437 0.0262366533012871
0.14129374583806 0.123577055621519 0.0196443397672952 0.0750885188118579
0.0767535283640896 0.142855326621401 -0.0155933388844581 0.108725268015885
0.00677388045124554 0.178332069452505 -0.0988870920713033 0.0925058417143672
-0.147770966048046 0.149230864877688 -0.144081474898962 0.0167559120166497
-0.242434398934404 0.0202913167928804 -0.0954958983762468 -0.0763425712502435
-0.17636640436434 -0.164609791182397 -0.0129935694966471 -0.0784185887651432
-0.0500929264150103 -0.27262188491634 -0.0128291728966651 0.0987156897653853
0.0396277051345563 -0.203321995255408 0.0656720842479057 0.217099854180324
-0.038931637838629 -0.245421028914776 -0.0477770304712168 0.301305853157995
-0.20580241997709 -0.166379780391849 0.0548250038590086 0.324512054967128
-0.241624863201743 0.0110371091465361 0.17683770831671 0.215162703106936
-0.117236345639543 0.160566687199185 0.183890002167415 0.0491794297564457
0.0117062718035221 0.155067245299652 0.0998403888703539 0.00981711263823624
0.0752313881082224 0.12592122884502 0.0722342032629482 0.0307169828630279
0.109105212960033 0.102269264009214 0.0683897385208723 0.0646361237936715
0.120979113847834 0.102633746214843 0.061981504482955 0.115507495133988
0.0700854813268202 0.123166400135553 0.0121152432108851 0.152008727365813
0.00631872618182637 0.155426328240034 -0.0867457520342514 0.135658182098876
-0.134434653163351 0.121898151195788 -0.142045472873573 0.0497642637238898
-0.209534570939311 -0.00413305054912517 -0.102120421921063 -0.0505707434319923
-0.12578674478467 -0.163754276770586 -0.00206993521087385 -0.050183431614747
0.00942027830017869 -0.220553551900906 -0.00270177937752327 0.163869686938487
0.078195128145487 -0.0837133475603075 0.0583143089917226 0.249824230777956
0.0246200473139837 -0.152148805997933 -0.0375576748407678 0.29542109357519
-0.105737029184386 -0.122962878577257 0.0197814637386648 0.290956714084786
-0.151078729988832 -0.0127624369727642 0.121603831427823 0.216973390767381
-0.0798528873888205 0.0952920260958141 0.146996923762855 0.0960776817188952
0.00814457800070588 0.098132109027368 0.103543501210695 0.0613408695381701
0.0490505043820536 0.0768672101248459 0.0984969547803323 0.0715903512564205
0.071558561862127 0.0648968132542554 0.102908970577511 0.0917500408231355
0.0843325459483031 0.0669610875713704 0.0932695334161942 0.146617523521662
0.0544022108116499 0.0909343552857669 0.0304068082289585 0.185545250322928
0.00382064907814307 0.1169431663158 -0.0833565864435784 0.17020898167832
-0.10767050636541 0.083673692999333 -0.148576699338261 0.0719841988574425
-0.155662120721955 -0.0254797675200866 -0.115097144041221 -0.0357213799681751
-0.0619364590034771 -0.142978011037605 0.00072404708357197 -0.0289591114073081
0.0675417989638387 -0.139658779866025 -0.00748686067993072 0.211779051542644
-0.0855050283487349 0.0361274717429114 -0.0132169788426823 -0.253256470783347
0.01401851839505 0.0864164944281866 -0.030269650229247 -0.00869246732229965
0.0740759442891457 0.0403259962424479 0.137453924444542 0.0485711458942859
0.0556337650956555 -0.0428403811861654 0.186765485330824 -0.0857331096435776
-0.00969082837958195 -0.0547972094139884 0.108863866576373 -0.210560928696438
-0.0230144190324272 -0.0209001984466391 -0.0262335965446693 -0.24100683303474
-0.0162636296114649 -0.0186544747556874 -0.122013046995694 -0.17705659880807
-0.0142403187204173 -0.0211806947864465 -0.142435153855356 -0.107009802449866
-0.00679573957048906 -0.015378867562705 -0.123215333244548 -0.0893503994327839
0.00289081997875279 -0.00955359850204545 -0.122811985603439 -0.0927747802631029
0.0235918961760193 -0.00109982985992618 -0.136586353164445 -0.11366116176655
0.0362080657118297 0.0332502879776401 -0.104827112362652 -0.183435592113145
-0.0133793920537031 0.0806164639142068 -0.0236273925913478 -0.243866230173541
-0.0855551885798393 0.045148818679677 -0.0165000112778633 -0.247264199082299
-0.118951662924173 -0.0258712392110359 -0.0903611832792788 -0.235122030684334
-0.123078769632396 -0.0801388264853425 0.0133492900756811 -0.226194616552678
-0.0712779815905477 0.0126257430375534 -0.0200335374219425 0.023757713492204
-0.0350068590794792 0.0399226054063422 0.174874321810797 0.0844610811726996
-0.0134788523469387 0.0174877336460797 0.233786522503629 -0.0754952245642241
-0.0116032544370352 0.0210936574182501 0.138193126151935 -0.229812024994169
0.00400713202476124 0.0339703486426063 -0.0176300482174367 -0.25154005155639
0.029447097054992 0.0322173156841651 -0.1179021793031 -0.183340724017739
0.0408282083214946 0.025631291864768 -0.141450284955291 -0.104476532766987
0.0429046718094756 0.0400955849214277 -0.124202129476845 -0.0807663626786485
0.0149442430084353 0.0565105581099172 -0.121552015840175 -0.0760086750096491
-0.00608098804604968 0.0718750017878199 -0.1402191110925 -0.0939139371298186
-0.0543754032485481 0.0699112024903384 -0.120212460677893 -0.15601720579514
-0.115647875983722 0.0496267288696847 -0.0426854324138677 -0.217524340502956
-0.141685194978182 -0.0440256259463227 -0.0390958409064308 -0.217835153573881
-0.139651900533493 -0.14408825963664 -0.0916141834437167 -0.200791960498553
-0.135728512140007 -0.190563108624067 0.0414130796950838 -0.165276092209791
-0.144332440973538 -0.0829771857496811 -0.0134072198103927 0.0818816469885497
-0.154160511741252 0.0188305385388281 0.204456054966407 0.14711249658331
-0.101713814561372 0.0742696809063663 0.28329670395037 -0.0360753419811543
-0.0269626148003181 0.105245834080567 0.17783491234411 -0.224400588360882
0.0259555488850244 0.0942393980516747 0.00523411203406151 -0.242073084885234
0.0693254152219581 0.0830750887376713 -0.0947450206243136 -0.170257519420888
0.0907746752204159 0.0689706966361205 -0.119847843126873 -0.0860816851650898
0.0917418771573141 0.084611089207273 -0.106235722918416 -0.0531338337266478
0.0368477181050494 0.107761806045856 -0.108855164923219 -0.0363923628563732
-0.0115058314148001 0.133289795212583 -0.143231855007312 -0.0518916692030336
-0.11357705305182 0.116981644219703 -0.142410256833407 -0.114500598395471
-0.194692887998802 0.0462832830717044 -0.0693310927468001 -0.184701055708201
-0.190958672124045 -0.100723942669461 -0.0524062126735197 -0.181892754249589
-0.151148002089359 -0.231747479923787 -0.0827545345781693 -0.135935444855232
-0.121147296692213 -0.275747420718939 0.0640913234713145 -0.0718427011313965
-0.18443584368973 -0.183439795876917 -0.0128215064354622 0.155358928056691
-0.257042427232214 -0.0275400237732658 0.210612499255599 0.223879011441815
-0.196215725352341 0.107741800226376 0.313406794522456 0.0299992611355534
-0.0559873103632334 0.179427508625294 0.214924259572194 -0.187456864034721
0.0376659262324831 0.149661356615838 0.0371497521534772 -0.205882540596778
0.0966514623465564 0.1251684578721 -0.0565727974513279 -0.136074660224032
0.127432196414584 0.100570684262243 -0.0795656095787946 -0.0542003816879687
0.131075201123597 0.111655975421429 -0.071333954889455 -0.0120121944568096
0.0620126167232549 0.137495568216645 -0.0824903619269577 0.0138426173711602
-0.0011276446301389 0.172292512628216 -0.136412219032426 0.00182939387033635
-0.139614028685448 0.156083667151396 -0.155592208161919 -0.0638146641067034
-0.240211537741853 0.0546602698700762 -0.0912112663843341 -0.146508423249805
-0.219829614222205 -0.129758545922666 -0.0509853564984251 -0.144628401425802
-0.146839041034301 -0.281984121157345 -0.061260808315855 -0.0570285843120662
-0.0799564838592595 -0.312533247414129 0.0769544550011077 0.0368601679985529
-0.175744378895412 -0.261353229384947 -0.0195502280515776 0.228522578140849
-0.308272409233229 -0.0924735352249628 0.183891061183376 0.292720070698077
-0.269048264004331 0.101587347587447 0.304930930053058 0.110419794183926
-0.0922431546217993 0.219605841796214 0.2332220998613 -0.118335951162784
0.036910390280691 0.185125675815062 0.068270579364222 -0.143874062254457
0.107796707650397 0.150554869990251 -0.0107734290032221 -0.0858971420941653
0.145157910302313 0.117321165801785 -0.0287862673073043 -0.014310240495877
0.151974867242146 0.121490015915261 -0.0246343757690021 0.0331624282057289
0.0798605364147605 0.147297474877147 -0.0469764125233295 0.0662350677386791
0.0111965409605159 0.186985793995914 -0.118212024322533 0.0556343866228494
-0.145879223683905 0.17081535186102 -0.155148283244775 -0.0145448507856762
-0.254486029868614 0.0524894775073014 -0.101307806424296 -0.108981489404073
-0.218305136311255 -0.146025909276293 -0.0366742271788795 -0.11092111235401
-0.118162401028036 -0.295278918484124 -0.0324384313554772 0.0249015742915549
-0.0262672098702909 -0.28963461275422 0.0794368397616406 0.141008063379191
-0.12316362161816 -0.2869951346741 -0.029235540819088 0.284255876208218
-0.291679293215196 -0.14519724128001 0.130936514677628 0.330039679365826
-0.289301886296057 0.0654720402434157 0.25792458011234 0.175471129245848
-0.115158127064036 0.214901416333151 0.221932213126878 -0.0361265840205598
0.0297665254208818 0.187546850253198 0.0902017210526248 -0.0675503188157735
0.102512169201547 0.150388563419891 0.035295724446478 -0.0273909009399321
0.141288722684731 0.116348398120343 0.0244788717774851 0.026472429443381
0.151371520863757 0.115859578808439 0.0246692714530494 0.0761633738573617
0.0860838785351362 0.140932493086443 -0.00945886780280847 0.11317686269253
0.0168659343747602 0.180045324264923 -0.0968828661451671 0.104227988739413
-0.142922124480524 0.161159983633619 -0.148101158227846 0.0271738900298472
-0.24387035802773 0.0346134234769546 -0.105653012600716 -0.0746559873566382
-0.188220081305481 -0.157858330389714 -0.0198496701304763 -0.0800495095071577
-0.067341132383947 -0.275530411684583 -0.00695361399737815 0.099935105765313
0.0274880653524966 -0.209316629143657 0.0733898445957711 0.218666235839067
-0.0532148829762138 -0.247906794191791 -0.0344430129135171 0.310978618102801
-0.218115824640255 -0.155523175762103 0.0752824016334967 0.328549973531454
-0.246272260092515 0.0251027696395824 0.192982584730328 0.21047186917895
-0.108904875918819 0.170686638980592 0.188712012531212 0.0379041728573754
0.0215135799707605 0.155930040351064 0.101705962796523 0.00457844607471208
0.0839434571392165 0.122651964243191 0.0750318921393542 0.0274380229565438
0.1173749559325 0.0954532664779786 0.0727081590493514 0.0622459772606582
0.128751138892788 0.0947436193695013 0.0696153022695708 0.113868897454397
0.0781433974783562 0.12083622547465 0.0219983321927744 0.155108999705308
0.0167090729434051 0.156413685167435 -0.0814315598809891 0.145677584492917
-0.129961835061892 0.132467524607409 -0.144186837990888 0.060040729440094
-0.212325737778766 0.00908235549710922 -0.110230789564824 -0.0480449863875521
-0.136956984188315 -0.1583718802353 -0.00696716154638699 -0.0519651830986748
-0.00401479662094141 -0.225691177036252 0.00695632059441026 0.165685766586043
0.0733641247250456 -0.089328531462507 0.0679687310474917 0.252373355725953
0.0157703321684606 -0.156176746973396 -0.0250344525114949 0.305151641096863
-0.113787096572873 -0.116579995114441 0.0376692226421096 0.29686700461324
-0.15390207993599 -0.00244979287909858 0.137664103098642 0.215345528529869
-0.0729921156199512 0.101791909331394 0.154920179031302 0.087773288048343
0.0158648023639968 0.0973308151900818 0.10834561045465 0.0560797843900175
0.0537830565564419 0.0736906993810824 0.104406000341912 0.0668813935001768
0.0767408251545678 0.0598594368069215 0.109315625019573 0.086424820037341
0.0891700407081551 0.0607270606360599 0.10380582846374 0.143099708584094
0.060991617590168 0.0875472083505057 0.04249763036358 0.187385792308164
0.0122273577865271 0.117504977428708 -0.0755819095514397 0.18002064472017
-0.103915063583137 0.0919923401229693 -0.149203378137491 0.082592872765512
-0.157455819178032 -0.0155461384752425 -0.122517419645033 -0.0319265053488193
-0.0711443678068651 -0.140246398857993 -0.00337245345045533 -0.03023627886666
0.05944489933244 -0.145876115670487 0.00519869687305271 0.21492493635066
-0.0839160341782783 0.0414276280309352 -0.0283643041457152 -0.259489767000321
0.0201885457866735 0.0859361659363369 -0.031356742855057 -0.0049783860459887
0.0769743486996864 0.034331994558397 0.14676601118917 0.0445798767610105
0.0521251422518401 -0.0475126655024249 0.189986598821341 -0.100380418346767
-0.0144343622599806 -0.0527428098608435 0.100619937513112 -0.226562009759529
-0.024806580116411 -0.0186163709886011 -0.0426512293517593 -0.248761423783374
-0.0178339084924001 -0.0170470073324164 -0.135899534247395 -0.174404598881979
-0.0162494410806499 -0.0200505915447758 -0.151420681383839 -0.100327934981978
-0.00766525640901942 -0.01442672953304 -0.133668778273532 -0.084432735439333
0.00261632557608172 -0.00886897380435919 -0.133543008102886 -0.0873673494436374
0.0227872425870248 -0.00177238115501363 -0.147912733788222 -0.107441245661998
0.0374436299190698 0.0306805917064376 -0.120691292257094 -0.182649076002302
-0.00832980157108151 0.0819267964130717 -0.0395518687570594 -0.253224302809856
-0.0845508871103002 0.0501678305942441 -0.0271447356837397 -0.255219353324298
-0.122263116648559 -0.0190179622682773 -0.101567597673984 -0.239817901347606
-0.129803548200017 -0.0755926695370635 0.000958747270038294 -0.232306219645568
-0.0716080978657674 0.0150548640624404 -0.0187292611832528 0.0282221925289089
-0.0341439177549087 0.0400803964457491 0.186865323398692 0.0786892624171955
-0.0157468981072677 0.0184520213828772 0.237721000652293 -0.0918242665394439
-0.0128812147413428 0.0246474544219433 0.128605105888634 -0.247201253184121
0.00597916024046561 0.0366060979933116 -0.0343790596005405 -0.259720628694596
0.0330646611036769 0.0330645966050461 -0.132108868530597 -0.180625506726209
0.0440876809800516 0.0255000663822551 -0.15123774053914 -0.0964572729922375
0.0476977358065192 0.0399768365841979 -0.134289800276954 -0.0748606205640926
0.0186924193000454 0.0597859940961452 -0.13103526140008 -0.0694484492747558
-0.0026987571819946 0.0755452693217327 -0.151045830312836 -0.086223929367303
-0.0551647031015534 0.0740928331773287 -0.135274149832385 -0.153091455474692
-0.115733113539499 0.0563227126266422 -0.058666298079759 -0.224617646114766
-0.147574347552674 -0.0393844405454271 -0.0501079873428309 -0.223963288037829
-0.150622280761179 -0.14005032823853 -0.102076469215002 -0.203742654503053
-0.149345963219472 -0.188930727879711 0.0320273304936456 -0.170479385415316
-0.152257918641901 -0.0797093235906012 -0.00854050163240608 0.0872022691796717
-0.157862697329901 0.0265763974752638 0.220980581947202 0.141968378886999
-0.104011477946065 0.0820347317076149 0.291366049671458 -0.0534876990898159
-0.0225247262130588 0.111698598289601 0.169361092396418 -0.244534002479317
0.0317741535803058 0.09761800516031 -0.00993166317315412 -0.25058906319931
0.076576226149254 0.0830648813122589 -0.10760159144656 -0.168350160110038
0.0980994433810367 0.0658662753168203 -0.127397129645888 -0.0784525997086818
0.100597833611995 0.0819699615855758 -0.113283256661865 -0.0464608483360969
0.0440501391486067 0.110870268329582 -0.115899713687757 -0.0289424744848731
-0.00494310583998264 0.13912210798967 -0.152391696464388 -0.0415858846929586
-0.112791211085773 0.127063253116875 -0.156372235508841 -0.108489029007459
-0.197721871920503 0.0579080675895382 -0.0854202487579762 -0.189399018536451
-0.202621097139472 -0.0948269176598048 -0.0634525070192874 -0.185873291066936
-0.167953520985981 -0.230802256585931 -0.0905163069824019 -0.137762350637492
-0.139778667507368 -0.277081231904975 0.0590512626559655 -0.0755056020555389
-0.199084726921746 -0.18088190810672 -0.00423790055280759 0.163197911924871
-0.265338366845937 -0.0143502461632577 0.231850653769092 0.21953964358875
-0.199283281238699 0.121992660963305 0.325596864804208 0.0136372576432687
-0.0477112928228821 0.189454311727246 0.208416526360702 -0.207113178946694
0.0469657165061107 0.153667500280207 0.0251597753246139 -0.214021546411004
0.107150343598765 0.12548945453002 -0.0662783563879082 -0.13533501383331
0.138611424217027 0.0960069145879 -0.0843987063340711 -0.048472975332351
0.142260447497737 0.105897357401235 -0.0744849057752668 -0.00590883635337672
0.0718054760969957 0.140127990468987 -0.0851809795362615 0.0221214960591397
0.0087753068191674 0.178807183014978 -0.142397696870752 0.0148176082574648
-0.137417799395729 0.169495909002803 -0.167421731786615 -0.0545057026763186
-0.245150940311641 0.0705253613790524 -0.106464832238492 -0.148457725619674
-0.233777116637803 -0.122649340252313 -0.0614571807341125 -0.147965246246347
-0.168154854381343 -0.28234822572745 -0.0643746697068293 -0.0569378199064975
-0.100146016416162 -0.317955555644172 0.0779068584715469 0.0363777710002837
-0.19479839530878 -0.261179646326297 -0.00793482980203851 0.239088255059323
-0.321871265215211 -0.0770823467164767 0.207733703433168 0.292099184147508
-0.27418967089683 0.120405276270596 0.322161421984222 0.0967879790024506
-0.0820699912668729 0.233580676694747 0.232372451292023 -0.137781212937277
0.049332933373898 0.189156067728406 0.0612518023295929 -0.151355928024378
0.12029845915977 0.150129488920373 -0.016262564813412 -0.0865093402093149
0.157238744653799 0.111631909461363 -0.0300804891763056 -0.0103927126208073
0.164384611431568 0.114629356915883 -0.0234311041049448 0.0371666422395691
0.0908736305327773 0.148198499479089 -0.0443680208230854 0.0732433863021051
0.0224147597723206 0.191863366882819 -0.120392529449955 0.0695117763824779
-0.141983686335297 0.185308536143753 -0.163794151440366 -0.00347600964309259
-0.258923409966235 0.0697663214874439 -0.11613493284176 -0.108389304610124
-0.233442590403856 -0.138789766911449 -0.0452874739415188 -0.113399770237962
-0.139730980868921 -0.29827899395306 -0.0306282078514765 0.0259504968591213
-0.0445336295104792 -0.296306740680644 0.0851654349912693 0.143660952012598
-0.143014435988223 -0.2908781850521 -0.0154720586914296 0.297174353355031
-0.308231235170367 -0.132045431352149 0.155527197702469 0.334201934924727
-0.296006069840186 0.0848509218953963 0.277589046842602 0.167462407529985
-0.10495602853108 0.229163758938953 0.224986384665766 -0.0519496165022574
0.0424006136856328 0.191644091255931 0.0880927053036385 -0.0741302421559711
0.114538623567175 0.149119205225251 0.0351433553657988 -0.0288491120307334
0.153442518534058 0.109776990299008 0.0267108319428633 0.02737276970686
0.163144836262372 0.108201603433317 0.0302987860539857 0.078321478648576
0.0967901142553184 0.140668231129501 -0.00277467365936991 0.119671908876308
0.0284603345443779 0.1837842893863 -0.0954835233236101 0.117490159266387
-0.138668165248083 0.174361527272961 -0.154218985223926 0.0401351323334005
-0.249453369635204 0.0511717879725862 -0.118180664951065 -0.0726477596434003
-0.203450806946102 -0.151281957667262 -0.0267680174732133 -0.0824011293578559
-0.0865339012078448 -0.280685400936565 -0.000908557365398353 0.102670510364663
0.0154323222910802 -0.217340651733802 0.0827993411136018 0.224061732218598
-0.0692585957500554 -0.254090040911472 -0.0206262815722436 0.325570323872582
-0.23361140983175 -0.146277123789745 0.0972520063346972 0.335887514753263
-0.252975748132654 0.0417999055866976 0.212466893272101 0.206980552398817
-0.0996649054041745 0.183205778695389 0.195806041342081 0.0268071032805731
0.0328221184471547 0.158310393338262 0.104439128422249 -0.000572826174694616
0.0934802664842147 0.120750588850106 0.0790256479756228 0.0243079223310458
0.127696688488743 0.0898619102875901 0.0778227126570029 0.060469103224913
0.13820939782289 0.0872724897468513 0.0785737445577265 0.113389951244613
0.0884568208035986 0.119216229417353 0.0331309524223825 0.160051205557857
0.0269093201994713 0.15898250711414 -0.0756193810899185 0.159416214250084
-0.126036812005331 0.144299500917066 -0.147970504663159 0.0729328047877525
-0.217483464843777 0.0231186106366561 -0.121408389888086 -0.0439308551865537
-0.150241869041161 -0.154826592672519 -0.0130010426399364 -0.053440683072628
-0.0187468517515264 -0.233010195603609 0.0172933801772853 0.17019192792522
0.069082094013356 -0.0969262888370341 0.0784214217134587 0.258649082184467
0.00631040820910259 -0.162723915242209 -0.011740184861141 0.319652121091832
-0.12393110900676 -0.111389729312956 0.0559787765232684 0.305297716774276
-0.157987092948686 0.00832966648946909 0.156397825878099 0.213828631719614
-0.0667736412159524 0.109499186945508 0.165045865085077 0.0805246258928973
0.0234354290466756 0.0975009615509168 0.114864428365447 0.0519569112892152
0.0595122777293108 0.0707383173757299 0.11126890390149 0.0623199645199454
0.0827896487112499 0.0553293621950032 0.11669118703471 0.0819276190231557
0.0947680924615021 0.0545998518611869 0.115438477622861 0.140022741142871
0.0681512408849789 0.0850238691094783 0.0565214368658243 0.191459679189863
0.0209679256328961 0.118646759618621 -0.0672297318047552 0.192883467718062
-0.101517407548068 0.101069841544743 -0.151585298427929 0.0961314419196168
-0.161847673288033 -0.00491401738181465 -0.132011008447097 -0.0262864526053162
-0.0814896144091553 -0.138252605013717 -0.00704107711297644 -0.0316956581205872
0.0512595530289852 -0.15479001071291 0.0186374432148898 0.220729633985066
-0.0814232291002966 0.0486341540191882 -0.0497710694104371 -0.265375783171174
0.0276465383509437 0.0851552926119788 -0.0307009225497011 -3.95930224306416E-05
0.0803075699141968 0.0268729147695837 0.158627056581329 0.0361051478343816
0.0477288881593409 -0.0533939606220215 0.190207218441643 -0.119683432750991
-0.0207619998628029 -0.0506978350866478 0.085470176970628 -0.244706753608837
-0.0267805716045565 -0.0162158339010183 -0.0659583367790494 -0.255280754467495
-0.019207415510327 -0.0149457114296139 -0.153833254014774 -0.169065110940883
-0.0180695352592172 -0.0175025015941674 -0.162936003123901 -0.0908511045788329
-0.00855896045916142 -0.0132040378465415 -0.146340642803458 -0.0755228573835424
0.00211692285604179 -0.00798552749702669 -0.146417973869405 -0.0783556608138779
0.0228649703315146 -0.00252447289593279 -0.161726077229938 -0.0977917478329285
0.0384833741031132 0.0281500259041279 -0.140674350923775 -0.178364366400427
-0.00191066685728992 0.0832683629561654 -0.0616402550084018 -0.261537525493846
-0.0823119061117035 0.0575104767705572 -0.0444953150405992 -0.265206427396397
-0.12580044206059 -0.00890517501274608 -0.11942309055983 -0.243074734513904
-0.137924654152754 -0.0683005276327714 -0.0174312080457216 -0.239305629304195
-0.0723112151438801 0.0182337103943228 -0.0159919659365853 0.032783123608113
-0.0338759355761516 0.0417546752751232 0.202661116622798 0.0682891224496941
-0.0181101482666304 0.0204623768444996 0.240709237576305 -0.114259122104375
-0.01268160877294 0.0292181268896887 0.112100950108624 -0.268004801362952
0.00901425931086155 0.0388933641422859 -0.0581458661286089 -0.267244027550938
0.037453054906473 0.0333281075888567 -0.151116738477819 -0.175011751690483
0.0477618937026861 0.0241840865703092 -0.162000406644657 -0.0856744704036696
0.0526923488261116 0.0374152024191348 -0.146516098038694 -0.064885842832926
0.0247818057118722 0.0621644560190321 -0.142803010809851 -0.0591470405709854
0.00231441605597087 0.0798446113545199 -0.163984927732572 -0.0748162912236474
-0.0544244299621057 0.081266391108782 -0.154327379243735 -0.146614883512298
-0.115621457374537 0.0654708997032694 -0.0801683704905248 -0.230477017595295
-0.154710213649262 -0.0308794346761726 -0.0667700482822848 -0.230834052517014
-0.164941794732205 -0.132718496443796 -0.117800154648986 -0.205976451871292
-0.16733665576233 -0.183983508361198 0.0192685422100321 -0.1760352046274
-0.162503436422078 -0.073123810528323 -0.00170488628031344 0.092870476025405
-0.161176150135881 0.0371649308099966 0.241327803080122 0.130392797622703
-0.104434581580401 0.0925706628394701 0.298730264634135 -0.0778124781830875
-0.0159446908323826 0.119316664323793 0.154443554860404 -0.267807498290918
0.0403785090550575 0.10004290057929 -0.0316628637147691 -0.258826881550346
0.0863234735248247 0.0822113863384807 -0.124438705044886 -0.164169813309054
0.107379290719882 0.061025240725704 -0.136092044440508 -0.0682875857577606
0.11090786219788 0.0760955210205306 -0.121893043600324 -0.0367782809015363
0.0548031489210137 0.11380354119415 -0.123393836027608 -0.0175603654837368
0.00566254861869877 0.145844553846052 -0.162099557417232 -0.027000593893615
-0.110008959015973 0.141187133638714 -0.173250184406779 -0.0973457799858823
-0.20054886957355 0.0744153203093044 -0.106702086106782 -0.191742393576916
-0.215978411860526 -0.0842217551404674 -0.0787394135149352 -0.189757817562315
-0.191245628174652 -0.225631056579279 -0.101259370239076 -0.137862048082494
-0.165162043659894 -0.275539732798991 0.0534708935725237 -0.0795031034038177
-0.219612213601597 -0.173870836905761 0.00873175682963061 0.171181823845396
-0.274766159184346 0.00416550760344209 0.25876890979109 0.209928905052214
-0.199819441143876 0.141611682787828 0.339455091739069 -0.0106931609296008
-0.0351701053969803 0.20085322124341 0.197806297261225 -0.233035603644102
0.0605258455086749 0.156598689449268 0.00864940005693528 -0.223180190691652
0.121338962036772 0.122858968580013 -0.0792692777262944 -0.132877088390426
0.151459760163573 0.0876355233022628 -0.090173217531909 -0.0401394742400695
0.156403004376591 0.0978640352802315 -0.0777982937290018 0.00215669887709083
0.0858534785525713 0.14119860104342 -0.0868414955377366 0.0327399752913496
0.022897502549932 0.185257026758249 -0.146757468407835 0.0309118501207637
-0.131160411087341 0.187542713863623 -0.180320320359191 -0.0406449167765492
-0.247911412196503 0.0910920723147477 -0.126744463009298 -0.146906833128265
-0.251459403409455 -0.109973972616222 -0.074254448555779 -0.150041054425726
-0.196147289474261 -0.279534238789811 -0.0694340983700674 -0.0561030251219791
-0.127717641402958 -0.320818088340183 0.0807747439767392 0.0351648782199402
-0.221184229514706 -0.257805458564931 0.0100090838179408 0.25080466284653
-0.33786209674278 -0.055221987879019 0.238562633177115 0.286855938704251
-0.276559526485828 0.145996134877475 0.342261532659242 0.0760429390106924
-0.0654260668021884 0.248882155937384 0.226879510641287 -0.162012829756437
0.0662863159058965 0.192936972237136 0.0505836824937424 -0.161104400113435
0.136326092213304 0.146995676379375 -0.0229983809307496 -0.0860955895947823
0.172587537794145 0.101833030129923 -0.031329430076209 -0.00593828161408104
0.179552462023917 0.103991089672604 -0.0209877221074847 0.0426826888831496
0.10608437105798 0.147728674195487 -0.039889347719229 0.0822887988924413
0.0385038201963535 0.197107243243002 -0.11953509847638 0.0859965931901212
-0.134584540463076 0.204180138770328 -0.173160787474506 0.0126995115054153
-0.262414883524056 0.0924980090739903 -0.133565635376247 -0.10387839601908
-0.252706764909799 -0.126550342936834 -0.0569733389422876 -0.114747631323181
-0.168745981865541 -0.298335085143524 -0.0283949658861822 0.0277357664438276
-0.0696158645862483 -0.303862141060986 0.0955852595516205 0.146402764966246
-0.170923842672503 -0.292264933056678 0.0054313686108909 0.311641352468359
-0.327849773603543 -0.112346253420365 0.187436967271731 0.333767973623766
-0.301939424956936 0.111518068244733 0.301873110082101 0.152073119068884
-0.0893042661261153 0.245843962031149 0.226410676376748 -0.0730158950332937
0.0593892597797742 0.194676559081044 0.084861649427528 -0.0824462569460232
0.131195929953617 0.145730472912191 0.0337467529001603 -0.0316677028313348
0.16828033232811 0.0992695464511542 0.0297839288782754 0.0284402875084463
0.177504142974276 0.0955014709413207 0.0384836503033957 0.0798582951472863
0.110857499073097 0.138372479836391 0.00784598135121021 0.126515072777549
0.0442449256374399 0.187510390309742 -0.0890748608790154 0.133937212126795
-0.130834899600965 0.19294900857307 -0.159140683158098 0.0562304966558267
-0.253575325848832 0.0736774636452771 -0.133025303872288 -0.0659061205947069
-0.222438207079525 -0.140669573525268 -0.0357064313523111 -0.0838481870306312
-0.113660956741562 -0.284704949860962 0.00788691306177744 0.105151348224249
-0.00143415887476775 -0.226658902493335 0.0981619343199062 0.229039115616865
-0.0922045834309144 -0.259348905272926 0.00136452902124192 0.342171416580956
-0.25186181126737 -0.132159724790644 0.127192733238169 0.340675614576799
-0.259353851715503 0.0638685033376506 0.237933410782908 0.197738819365009
-0.0861682768282073 0.197352661673031 0.203658141140087 0.0101755105558895
0.0472426240987557 0.15933730676406 0.107840311623597 -0.00748996495300524
0.106773088934971 0.117172313541089 0.0838975917937796 0.0197765362695231
0.139350946736116 0.0803525876313713 0.0851459103220261 0.0571991994933847
0.149576795282413 0.0764657700784283 0.0914031526557659 0.111524395306722
0.100650941887745 0.115722106270987 0.0480939979871114 0.16393340817124
0.0404602368212591 0.160755025288887 -0.0652384217972269 0.174829748930276
-0.120061389832497 0.159988946330436 -0.149517315588788 0.0897991561749273
-0.221815036722189 0.0426852100452324 -0.133376755881239 -0.0366908897381587
-0.167414152639003 -0.146983094917896 -0.0190612991778925 -0.0550972708710687
-0.0396270998138143 -0.240023553630226 0.0315987987502962 0.173476494695821
0.0626826282967473 -0.10576212354256 0.0961164302642045 0.265643336178209
-0.00797005304936172 -0.169141360777614 0.0103681206519926 0.334820974250458
-0.135630557174037 -0.103792348508336 0.0821877486291003 0.312804870097506
-0.162460065805488 0.021669366411664 0.18087976172069 0.209536205560875
-0.0572008486197851 0.117682074779462 0.176695823500076 0.0684599142001722
0.0334309136232782 0.0963368307539648 0.123210546622421 0.0451661833373528
0.0671256150097347 0.0669274166813819 0.119851652486747 0.0552509053879676
0.0897897647941371 0.0485922280472252 0.126133331521896 0.0755211196800631
0.10153189455814 0.0463296743396774 0.130980556346219 0.135002528837338
0.0778389155550082 0.0807905557654339 0.0747596166089684 0.193664241283137
0.0320011248592008 0.118851134841538 -0.0539373020792091 0.207518206486502
-0.0958122148236982 0.113325596664135 -0.151354769891957 0.11374978783462
-0.165978954973108 0.00891173131726546 -0.141899324684291 -0.017417092751446
-0.0953533320250586 -0.135399095692164 -0.0116059791153783 -0.0328176168963639
0.0385606112769681 -0.164342032661254 0.0373004599848904 0.226310125235564
-0.0767998313197689 0.0559577276402233 -0.0761481605901676 -0.264393845469349
0.0360869301461982 0.0812415024723058 -0.0301173759515736 0.00446959529693621
0.0815131171906621 0.0179166638502748 0.169449662053633 0.0227723748931452
0.0405961646025225 -0.058366455589505 0.184416451698364 -0.140751260598436
-0.0268450346441032 -0.0463541672913509 0.062714658507843 -0.260620369512286
-0.0288919392683551 -0.0121937353215457 -0.0942845071668315 -0.256025023211075
-0.019956251656459 -0.0126322901728705 -0.173629329315909 -0.15730789178604
-0.0200167073873959 -0.0139687677778369 -0.172929790451695 -0.0770437082008968
-0.00889535378642285 -0.011298642955308 -0.157564072266193 -0.0614703345508073
0.0017624699183262 -0.00743801233392461 -0.157755814165581 -0.0644331496768257
0.0223016733003009 -0.00374353980968891 -0.174572189439089 -0.0830293125692966
0.0395367700028135 0.0246298428980917 -0.160733193301954 -0.167319077586525
0.00576866411519928 0.0829607697879681 -0.0898946161068884 -0.263486779839019
-0.0765350996473682 0.0656305229535841 -0.0677024911917076 -0.269580458841472
-0.126406646558717 0.00300665420158741 -0.140932704318103 -0.24064146991184
-0.145838489443953 -0.0582581963480379 -0.0413154460913013 -0.24055719085205
-0.0721022114118629 0.0227054766382653 -0.0114349325627436 0.0366664122611877
-0.0322638495884314 0.0437060371226885 0.215915749005414 0.0512341687378148
-0.0198246851271499 0.0233521404559261 0.236128871965597 -0.139458874167174
-0.0112636416653942 0.0333034992993989 0.0876482405105889 -0.285222567413026
0.0127849845032423 0.0409516056519087 -0.0870546377839209 -0.267979940118678
0.0424222813084811 0.0313990203442708 -0.171166728213744 -0.162790914255497
0.0516890321673573 0.0207462039029059 -0.170910007146222 -0.0700010060529011
0.0586013734705098 0.0339994700539341 -0.156077243818351 -0.0495448380687704
0.0314918112267403 0.0631890949902908 -0.15217798829913 -0.0440517817986815
0.00971601838539796 0.0826091150588974 -0.175289111851278 -0.0572938274672041
-0.0504969412932413 0.0885536482137816 -0.172445513700416 -0.132929458508066
-0.112144892977624 0.0758818980538757 -0.106443913620974 -0.229895729806453
-0.159582102072627 -0.0182365482473974 -0.0875963056807371 -0.23234675239675
-0.179065879779797 -0.120146787760324 -0.136863438653207 -0.201930185293226
-0.18752196363989 -0.172539804429165 0.00231358310675833 -0.17934180281004
-0.17285004688946 -0.0615435779481857 0.0088740106256503 0.0972591349661814
-0.162057079437336 0.0518376191252558 0.260913915559393 0.110071015265227
-0.100861264399768 0.105101385166879 0.298225778687599 -0.107533748358393
-0.00555325189775252 0.125003487255 0.129093548029137 -0.28915051211248
0.0506998123573424 0.100376081808031 -0.0582888629126756 -0.260974848896357
0.0976006630902819 0.0766791408868563 -0.142894732986024 -0.153787309162367
0.116493120968222 0.051942198090572 -0.14314774118134 -0.0539181725102679
0.121156968513463 0.0668553845680903 -0.128249783733676 -0.0224025428380544
0.0674106070757138 0.113179853777437 -0.127574369722223 -0.00329730375932579
0.019362965471843 0.149945033130878 -0.168555573834964 -0.00809365396554678
-0.101441970463507 0.156015932066678 -0.187765303247644 -0.0801505721938306
-0.198093792205177 0.0937885826157388 -0.1315554558904 -0.187321226403054
-0.22871546131327 -0.0670339066389303 -0.0968789219246399 -0.189186085465392
-0.216183059471425 -0.211549355869356 -0.114298134068929 -0.133526895658933
-0.194278969945474 -0.266274183006784 0.0464048769967643 -0.0827053431271213
-0.239394933742527 -0.159471715799252 0.0256105498906328 0.175878726054944
-0.279573808802837 0.0288877481082187 0.285028422396864 0.190348034876015
-0.193338155907498 0.164068266888455 0.346463287001144 -0.042802112887071
-0.0161532073292841 0.20893507561656 0.176329944738785 -0.257579476366087
0.0767101366649874 0.155164646216666 -0.0138592774671196 -0.227937272672251
0.137759924862352 0.114603444865868 -0.0940601381930259 -0.126046062082073
0.164180576620465 0.0740986439159882 -0.0933880523172649 -0.0293583922221454
0.169371143841694 0.0834152029339218 -0.0791657645803815 0.012689687995018
0.102091737390486 0.137863284337787 -0.084698596094687 0.0447207269730732
0.040682965876558 0.187749260096895 -0.147222138167157 0.0505442793923278
-0.117856050121636 0.20563428226296 -0.19056931285533 -0.0204989751765528
-0.244594901942881 0.11700007191201 -0.148431817002963 -0.138716651935314
-0.266940221693485 -0.0892401119737579 -0.0901833679015528 -0.147563116186746
-0.225911728104182 -0.266174846712793 -0.0740849624456642 -0.0528162976582471
-0.160997284580998 -0.314772291054839 0.0838642878361393 0.0319874003059896
-0.250470825540715 -0.24387698767505 0.0345135106727817 0.25747106805536
-0.349109003386462 -0.0252458432548508 0.271716175544823 0.270310555263662
-0.270923866401789 0.176696449055193 0.358308979840524 0.0455606214592648
-0.0418260444015396 0.259755227165519 0.212902912515726 -0.188444316685192
0.0861099502730314 0.19044096060165 0.0358548097998002 -0.168093956524014
0.154928816386008 0.137329341736675 -0.0318626015161102 -0.0838666550305438
0.186284062226012 0.0853558644399078 -0.0313535352740755 -0.000469670803448044
0.192965788036455 0.0859440772984756 -0.0167571018848946 0.047791883506606
0.123081938606207 0.141798024726527 -0.0317214744170855 0.0900573728768331
0.0580534916409746 0.197250334061682 -0.11368078363941 0.104368194973295
-0.119229322152279 0.223200199093958 -0.177679460712973 0.0334016830904373
-0.258934810068598 0.120461330842203 -0.151417565879513 -0.0931534631403782
-0.270378813901007 -0.105665351007023 -0.0698199626334661 -0.112676313227209
-0.201133870767711 -0.288211358032239 -0.0255811853613746 0.0292604031140494
-0.0995282468886642 -0.302775118758475 0.108535860802041 0.143910152119832
-0.202225093821552 -0.283543188567179 0.0345460400876536 0.320916882857052
-0.344356248083729 -0.0839532903619289 0.223253360155794 0.323082923015006
-0.298948653511436 0.143813274302118 0.324445050466409 0.12674884208477
-0.0649726152984882 0.259144664287746 0.221675952660026 -0.0975238354485186
0.0805396054331714 0.191834726700244 0.0788766588290703 -0.0914676654370303
0.14814781297111 0.136015718309244 0.0318082676793029 -0.0338674834796043
0.181538461054014 0.0832202059054151 0.0345114081728141 0.0281587654963386
0.189426898920902 0.0782971594528185 0.047343703033597 0.0788280422261133
0.126951793434121 0.130482128429063 0.0220495832575109 0.129766117792579
0.062637855165858 0.185835951568837 -0.0769395806373201 0.149224029228614
-0.11527506446655 0.210888768094144 -0.15930637422004 0.0768470939090256
-0.250015636724686 0.100167931406953 -0.146933880530918 -0.054423229570565
-0.24041338453023 -0.121047045913534 -0.0457851286113235 -0.0824200483642152
-0.144590985709997 -0.27956584028726 0.0183131591406732 0.104982532139389
-0.0242567824201765 -0.230765143965832 0.118095740076495 0.229194620423651
-0.119755421789488 -0.257441463702495 0.0332237555898827 0.352789772215091
-0.268903294194035 -0.109470730711992 0.162603275335138 0.335725557944027
-0.259694209887126 0.0912739077393461 0.263658324789074 0.17936625674234
-0.0666068859608946 0.208597994848594 0.206558981129014 -0.0100839143800306
0.0645988495537895 0.156397849559336 0.110326921842523 -0.0167259730039916
0.12006281161295 0.108213443482593 0.0869168318196412 0.0127140836442569
0.149824773707616 0.066547370571783 0.0921891071009572 0.050589179650894
0.158426529902976 0.0605786011444634 0.104434122968169 0.10531919472285
0.114404785992157 0.107688377214348 0.0670708140658648 0.163008418096507
0.0571978280111195 0.15829045363145 -0.0491731740651378 0.187861209388786
-0.106388100197627 0.176022939744738 -0.14594697143607 0.108960101987829
-0.220331153881351 0.0654368059263719 -0.144134116901969 -0.0241624494878536
-0.184780240773329 -0.132709442791154 -0.0262173484441965 -0.0542366177096029
-0.0652116155039978 -0.240718756591593 0.0491922281299676 0.172925268516162
0.0526419052213214 -0.114025736685245 0.119261502435451 0.266505841621817
-0.0252333332035493 -0.172217415906289 0.0412349882829486 0.34483156647734
-0.147218223765989 -0.0914992431230379 0.114351498312224 0.311667990309413
-0.163326413707387 0.03894765670168 0.206431419613021 0.196169522593946
-0.0450029076414469 0.124682603456269 0.186642969584252 0.0519796681769253
0.0438299734434193 0.0919319433843222 0.130755242912162 0.0355573598080248
0.0744325160304009 0.0606021004090057 0.127528787789707 0.0450540948058644
0.0957380258223691 0.038846434673369 0.134504913175569 0.06469079849005
0.106111014091353 0.0350688739107523 0.146888466150358 0.124880017457297
0.0872262338926691 0.0727817886381843 0.0967309779700128 0.189589484481498
0.0444329462644148 0.116332072654642 -0.0342438363969357 0.219519678104525
-0.0862044993929099 0.125588354462415 -0.14511207078085 0.133624221336323
-0.166100079052164 0.0263366436759767 -0.150160636719114 -0.00346437139400447
-0.109792322822902 -0.126526175662225 -0.0162887918384682 -0.0327346782615955
0.0218157933341469 -0.170803898025144 0.0599988082031355 0.225921972000125
-0.0658825801133952 0.0663625499010238 -0.127493197464423 -0.243752364087732
0.0518680559224036 0.0688674989713935 -0.0306297224340265 0.0113223646405727
0.083528893783292 -0.00311832408903132 0.17001382095085 -0.00892352082173752
0.0263190189031703 -0.0685091070546152 0.154025958399077 -0.173276722639202
-0.0370856965420932 -0.0424553084843184 0.00864976346338034 -0.270482941268396
-0.0356123873216664 -0.00887039423890458 -0.14536879012921 -0.229880002465007
-0.0255818078515806 -0.0075537129574743 -0.200705674147549 -0.118327115540916
-0.023592845208512 -0.00713305766313538 -0.181030379400594 -0.041680290917256
-0.0124172400286982 -0.00649593472781475 -0.166646090802329 -0.0306570889262243
0.000265904045284257 -0.00467038890618473 -0.168288674484153 -0.0346201538320074
0.0198683566441157 -0.00585483198685906 -0.185999177704483 -0.0481455805795414
0.0405768410971675 0.018983166039661 -0.188299620387838 -0.13634181270222
0.018496150128024 0.0813758651276489 -0.136243083450475 -0.248299511770864
-0.0626960874641281 0.0801380782212427 -0.110384464139983 -0.256958813553978
-0.123656236747091 0.0280433665613363 -0.172721129171573 -0.213883220135218
-0.157860562749821 -0.0291835784250302 -0.0815997886325562 -0.227212769995749
-0.0653939292176666 0.0361696806656309 -0.00170047024060155 0.0351726490169118
-0.0207331987000227 0.0468806499079527 0.221602297589568 0.00309071188562735
-0.0135968114205756 0.0235807673927761 0.202268271439304 -0.186314517533479
-0.00544093929978814 0.0305984796879513 0.0231411081441762 -0.299654623166556
0.0155495314390848 0.0342431556811598 -0.142025245163388 -0.241933734535463
0.0467376777193052 0.0218521123638151 -0.201962955782027 -0.124000931660126
0.0527501042999174 0.0123150158714341 -0.177822284791566 -0.0334534414669817
0.0634331493744846 0.02359517358109 -0.162273200519408 -0.0178064821120988
0.04451653271328 0.0590621820441412 -0.15980036447394 -0.0156655141949695
0.0258482159743159 0.0811411363103142 -0.18289839865085 -0.0241452481269626
-0.0349910742931648 0.102092038339184 -0.193009896134269 -0.10176178002753
-0.0978551030614262 0.0981069358760065 -0.145149791014392 -0.210515754097887
-0.159989189848354 0.0138868444113866 -0.126196243210666 -0.213589947125383
-0.198672309648545 -0.0837475167748185 -0.164748989327818 -0.173431593693345
-0.222507150847083 -0.13039696471969 -0.0220638558566308 -0.175019491177743
-0.180142941162604 -0.0218464777670582 0.0352883839004469 0.086926349858951
-0.142808199150343 0.0827258502952851 0.279630039161482 0.0449594010279583
-0.0731889069708621 0.121840211971649 0.268269558082595 -0.173848823316451
0.0194792186487841 0.116849118408187 0.0592925079427302 -0.311835270579132
0.0646309995477703 0.0837631035186007 -0.114727450592296 -0.240239445383478
0.112645382857928 0.0550840033141804 -0.174617482327208 -0.120889109578966
0.121678952081343 0.0295433707823385 -0.147737314503821 -0.0211624341856616
0.132901073568639 0.0416409264091644 -0.130100054882777 0.00460816409908844
0.091707628076681 0.100639772175546 -0.1284845384626 0.0204732483882783
0.04955203518952 0.144918740624831 -0.168396004444048 0.0238258420794682
-0.0704232886691289 0.179900488765547 -0.198382963577415 -0.0483391201895508
-0.177831402989783 0.133470552995402 -0.160536041883048 -0.162670456184255
-0.237392374728951 -0.0204407779086619 -0.128610539360794 -0.166430687596121
-0.252731115327744 -0.168017328140628 -0.134394465721914 -0.107188894756771
-0.24752025626308 -0.218595833901363 0.0430104227139215 -0.0880800847588498
-0.265903324392302 -0.099664861814689 0.0735055097698092 0.159581976253657
-0.260625090046434 0.0872334817957264 0.32133291654791 0.112305995720833
-0.148090266005838 0.200644127474078 0.327784916868834 -0.126161251692582
0.0281939811969951 0.200127248280793 0.108600917111568 -0.29072182240777
0.102521823213921 0.131573240919798 -0.0664322210284061 -0.216458662632027
0.161309703254441 0.0840375041146452 -0.12372739690197 -0.104981767535325
0.172823109649182 0.041038789474192 -0.0949096513603316 -0.00619443786800598
0.1832774851531 0.0463781841308674 -0.0751136956405285 0.0301226238870066
0.13095170358007 0.117660533758713 -0.077918664743915 0.0603015031553658
0.0787128916173825 0.176997666432539 -0.136982380191276 0.0777072803929161
-0.0748888630238401 0.233110370544775 -0.190239811391166 0.0106383985629493
-0.217998131006503 0.165547879711229 -0.168193690543911 -0.110846167090541
-0.279639028132889 -0.0348616379385406 -0.11565292784842 -0.124936459180886
-0.273841475958668 -0.220488396795052 -0.0834539822776556 -0.0323853119536566
-0.224434377037977 -0.272580594311111 0.102717810198633 0.019015096393963
-0.293713727631712 -0.178229857732179 0.101441648673332 0.238252528479267
-0.339111035426841 0.0512446637011106 0.328328815583208 0.190505457765576
-0.219860680325268 0.23213086457861 0.358998665746465 -0.0464453361177178
0.0160956574363061 0.255076242732708 0.156130736649774 -0.232123938596237
0.120324532890329 0.163418434287131 -0.00650114756936789 -0.167942978447676
0.184506106474225 0.102629067159909 -0.0554697198062978 -0.0769031885332123
0.197338208265926 0.0460591151906588 -0.0299025877571377 0.0103109369343199
0.207533306167121 0.0430978386551134 -0.00718051918986894 0.0530012622491123
0.153231985146577 0.115086785412481 -0.0163256318678243 0.0958801463545296
0.0970521307944445 0.18211734789362 -0.0942654491691358 0.124401474502344
-0.0708911778181864 0.249363236397152 -0.168696996894465 0.0619341767419617
-0.229569845797504 0.17211856911264 -0.162775651714792 -0.065210076202162
-0.285450057514517 -0.0494261288323672 -0.0900771891766644 -0.0925963816304344
-0.253201383700206 -0.247244089195067 -0.0239033098968965 0.040034406552155
-0.160925554292268 -0.272555258201126 0.14680692395331 0.125166087964046
-0.255786315497382 -0.226475633022878 0.115088654145455 0.304197528641075
-0.346927359671919 -0.0043847967537159 0.295622786200324 0.253382858607068
-0.253029488954081 0.208488227955134 0.344445302724241 0.0388227825058959
-0.00448564270812714 0.260022721894527 0.183796495016541 -0.145627944159328
0.116613731295018 0.165147128783135 0.0515626053577115 -0.102000075222371
0.178705786690434 0.101060961369794 0.0172000123899696 -0.0413161786098513
0.192683372795525 0.0440282973231249 0.0379255748644454 0.0251339328313703
0.20262407127402 0.0354510329799764 0.0611904551103808 0.0714073653724239
0.15438187512221 0.101786022457752 0.0434771536176773 0.124671200843186
0.10043430283932 0.168377750437721 -0.0504447108642558 0.162697608348068
-0.0687154210609505 0.235539774334717 -0.143060137025925 0.101391796303995
-0.223658548556188 0.150486484028269 -0.151657671756713 -0.026899703866617
-0.259183060741808 -0.0710214533271581 -0.0620079893504135 -0.066840705758565
-0.195114976468856 -0.249250282197582 0.0313414675646663 0.106110122027698
-0.070486085813126 -0.217752008820686 0.167622411444008 0.207333539627795
-0.170138887737847 -0.218040642910145 0.117101187973205 0.339067193515542
-0.279431842565523 -0.0458903703804361 0.237289722095901 0.282740144574084
-0.225769015697487 0.149213383507275 0.29720545852903 0.105778522891043
-0.0155889330508308 0.213533398557329 0.189685580622251 -0.0572904815586263
0.0955081894175238 0.134252716179876 0.0982875940295999 -0.0363491027197531
0.144937789221501 0.0796862036135254 0.0822382711809962 -0.00681183846728269
0.159358212280951 0.0337376041615597 0.0978620644073621 0.0352778024249272
0.168808694956861 0.023947354292407 0.121664386082726 0.0856625854357698
0.136231989763664 0.0798919107289481 0.0939058833648126 0.149818176705074
0.0892141105075458 0.141845328320632 -0.0155293069091571 0.194364000911716
-0.0654284743729454 0.198048526609922 -0.124566126206758 0.131795352566546
-0.200046012911861 0.110208600679209 -0.143421034975779 0.00351452496883134
-0.206382325661112 -0.0920762751471854 -0.0382293246436064 -0.0432414616264279
-0.109862005994363 -0.225944797181166 0.0718730617805894 0.165434670909684
0.0305473212331831 -0.119926035967704 0.169692680016113 0.243476242599138
-0.0590365719494093 -0.156078601262209 0.117192250884926 0.33366173541286
-0.158116144958454 -0.0525962915226351 0.182425150940255 0.276054306609169
-0.143474319836978 0.0777484679508978 0.245122151186891 0.139442802818408
-0.0109064004583261 0.127984401127522 0.187261772478256 0.00870504139288315
0.0636441941019868 0.0761010652290087 0.131116093296697 0.0098004433174278
0.0883914437641173 0.0416426200548115 0.129995692316824 0.0172853636655215
0.101085410830936 0.0169234992738982 0.141877396191211 0.039251102321057
0.112258236401857 0.00957187992920956 0.166099882637346 0.0958467843459202
0.102651255936866 0.0505959900471264 0.128327001243512 0.169577926328031
0.0695794887695235 0.10247391760206 0.00458722269926962 0.222375492318856
-0.0547609566022372 0.14342052576828 -0.119264463161226 0.155443467427462
-0.154315984045936 0.0606139477228144 -0.147559209535432 0.0251561316851395
-0.131276511647366 -0.100437176138902 -0.0253500972814038 -0.0260369970564897
-0.0104990994880808 -0.173868703533563 0.0921709437698661 0.21259796216128
-0.0584893403274344 0.0683137120809837 -0.143466519154682 -0.22633079109677
0.0547290824751257 0.0611056630028083 -0.0279163652638477 0.0132570296968948
0.0784707491155033 -0.0100197330660658 0.168797656296848 -0.0238025732323805
0.0177959161751067 -0.0674293425345123 0.137595853199375 -0.182041640638003
-0.0394864056719925 -0.0354716022578084 -0.0149604399750536 -0.264687994042244
-0.0351020871952459 -0.00419087462097501 -0.163985492026086 -0.212053802911356
-0.0247002310773187 -0.00487251919936229 -0.205898084532324 -0.0985785123191011
-0.0223815921433995 -0.00368378986657992 -0.178999461920421 -0.0270376530938372
-0.0114342803625691 -0.00439271640710961 -0.164655955092058 -0.0149560082021119
0.000341560343643486 -0.00341411363206466 -0.167747982182499 -0.0187714727748857
0.0188937949816466 -0.00669190714902732 -0.184411900751838 -0.0309575168534712
0.0383573801918179 0.015584194333306 -0.193416071591589 -0.117295435155129
0.0235751257317367 0.0763037916156952 -0.154922888078372 -0.232790126453656
-0.0531985590210911 0.0807130470206843 -0.127119175509656 -0.245688596934057
-0.116195397267251 0.0354820887880352 -0.183090920173534 -0.199657924595714
-0.155143780155213 -0.0174271998910146 -0.0975233865807554 -0.213201275783869
-0.0620918491913889 0.038639090497125 0.00195178138949954 0.0341461509626241
-0.0188830156348128 0.0465600192093379 0.218635513361138 -0.0156846512827915
-0.0143700945494331 0.0255742363068488 0.183643200097298 -0.198113802521159
-0.00280165984417137 0.0327124053769059 -0.00355594717833952 -0.293681687568346
0.0183288864565619 0.0341037525459968 -0.160779044157473 -0.224430020106535
0.0489016616346769 0.0181257961459041 -0.20788442957266 -0.103456744183382
0.0537603951707057 0.00823973089156525 -0.174095981501372 -0.0183321017540504
0.0649799949436638 0.0184824498234377 -0.159698763354886 -0.00213276388692209
0.0495546344506789 0.0554522392709959 -0.156838156089023 -0.000102150675062321
0.0314989430133155 0.0780255025571362 -0.179500307713076 -0.00596454911658954
-0.0278140938450997 0.104076843594002 -0.196032730456004 -0.0827679526917317
-0.0886916860635885 0.102020264475995 -0.161392882556835 -0.194142715083577
-0.15417543765634 0.0233304964129588 -0.13915610893831 -0.202290105904959
-0.198457953789032 -0.0672553135208232 -0.172582889480946 -0.16049810957891
-0.226006882690287 -0.110476614407439 -0.0344087205671899 -0.16686338098015
-0.178904712856367 -0.00930451792233076 0.0425790261755074 0.0824429196300552
-0.134547619075029 0.0908860499074357 0.277688678644854 0.0219776822325316
-0.0648163117256751 0.126139870008654 0.249135541116249 -0.190962084971079
0.0280907854783993 0.114261694154145 0.0306710152570207 -0.307431516673578
0.0702312168637792 0.0787971472500231 -0.132832506307595 -0.224167310917525
0.116192584263206 0.0446166695471507 -0.180353935777145 -0.101786103487097
0.122086256802113 0.0187198024427523 -0.143222504020432 -0.00848974875341442
0.133152492583653 0.0295308591134982 -0.125335826524642 0.0176440952546679
0.0988826224267572 0.0921523754901707 -0.123006655108143 0.0328424782462641
0.0600970283267891 0.137941806427119 -0.161793556799911 0.0396714703295528
-0.0558681916406916 0.18382873692377 -0.197663760496128 -0.0287773445959699
-0.163511110982003 0.143695685405961 -0.173003299437944 -0.146139516332084
-0.232431837418564 -0.0030606651358931 -0.138808775797101 -0.155190045744977
-0.258025012928545 -0.144817992786097 -0.138060267260902 -0.0970014717675314
-0.25741509844691 -0.194491924825242 0.0359617112836949 -0.0867627971714099
-0.268069659078362 -0.0786215446368644 0.0849749180285503 0.15065377424208
-0.24871955791873 0.103407557702928 0.323451093457937 0.0850160494779818
-0.13166821434929 0.209727834044523 0.312501405381239 -0.149211687248375
0.0434301217308447 0.193199237923264 0.0798502401061603 -0.291196797072294
0.110978284731495 0.121273926752427 -0.0824125329558186 -0.205099557339988
0.166001658201693 0.0681522683278209 -0.1291633409865 -0.0898850468306277
0.172494333052626 0.025293272043919 -0.0904320830847553 0.00262292142190754
0.182204839361063 0.0294225297756576 -0.0690581297276117 0.0378473755922245
0.138504924047258 0.105006213057203 -0.069505052610911 0.0672744002049793
0.0909200593536433 0.167256367429582 -0.125743599673984 0.0905790380192506
-0.0551770034029612 0.236119906663147 -0.185407906754577 0.0294780814491628
-0.199125049169291 0.178227645300255 -0.176719982488474 -0.0938378195610231
-0.275477489932611 -0.0133129107389223 -0.123268964397732 -0.114726368819594
-0.283246367173543 -0.193434162292256 -0.0833634069981608 -0.0276885260350957
-0.238784972082556 -0.247851378863403 0.102273439520252 0.0130886404039183
-0.301385871132847 -0.153168154796095 0.118744290474951 0.226248601944127
-0.327158998424449 0.0752250108518953 0.335549646859238 0.160672465324766
-0.1989660272081 0.2458966693222 0.34854836273444 -0.0741110526269318
0.0367464825369054 0.246782391276302 0.13021879308605 -0.237919157298225
0.130745186395134 0.150048314025588 -0.0197950525210056 -0.162683005498375
0.190694701844561 0.0843042294555381 -0.060027139953076 -0.0688935046787312
0.197103863689848 0.0284951498975777 -0.0258070281493428 0.0137231736873151
0.20450275222994 0.0234887140586388 -0.00138535417165356 0.0542031615207286
0.159692547143979 0.100553249679423 -0.0063532040661606 0.0962350291257487
0.109591989000315 0.169664782179855 -0.0805959353762285 0.132904261361371
-0.0491479146910965 0.251485640675264 -0.160167643984927 0.0779167167641037
-0.209613387549452 0.185799888421568 -0.167819095574433 -0.0483999626070492
-0.28236735082983 -0.0263300044860201 -0.0967352856267043 -0.0849643353634846
-0.267305935258602 -0.220114115500096 -0.0193973682897587 0.0395652822919054
-0.177670133765627 -0.252763256560175 0.152312524228854 0.114353167644091
-0.268926571922215 -0.202394467464284 0.136852304819544 0.289469079604327
-0.339098153531243 0.0221519105625978 0.307672502055881 0.225403944108871
-0.232391416664867 0.226126360811567 0.341063691594022 0.00995077013445751
0.0167262836563439 0.252931218625059 0.164507688757062 -0.155978849674648
0.126724147589096 0.151235432400237 0.0427504022362319 -0.103342393676893
0.183622581669593 0.0831526272926379 0.0137068301769728 -0.0400260045728157
0.191512308829009 0.0264300861347681 0.0410907736230697 0.0222446562093685
0.198411558070885 0.015781767403421 0.0663264622423063 0.0658047813826396
0.15918807444724 0.0863562319254766 0.05472761622218 0.118676540217164
0.111372467665656 0.155981216162401 -0.0345677471700716 0.165687446234012
-0.0472525089852308 0.236957429304745 -0.131828346153602 0.114457738535838
-0.204923736889548 0.163815954879682 -0.153984288028427 -0.0112483426898082
-0.257644880130776 -0.0481070130872176 -0.0671173298287102 -0.06119605618709
-0.211105764810286 -0.226777739842462 0.0393010610829192 0.100244000813873
-0.0862806746132402 -0.207054538310518 0.178792324103246 0.193538504344892
-0.184890060791415 -0.199574976813096 0.141780883770395 0.324414422897792
-0.27595576183128 -0.0220087328111487 0.253093318530807 0.258402966165194
-0.209364994502674 0.166278984648587 0.299799852072508 0.0791580450935575
0.00341325275129574 0.207720294947901 0.178448334766809 -0.0710920344494925
0.103443050785069 0.12098764401852 0.0938477306142506 -0.0428543775209782
0.147575898782215 0.0648640075348765 0.0799862116124143 -0.0122695961795286
0.157300889341482 0.0186763369471692 0.0991824300751114 0.0275139033979011
0.164784154740394 0.00783388066242983 0.126076129236939 0.0742105702886573
0.138954975740246 0.0659454891597127 0.105325763774306 0.138200330121677
0.0983739955942615 0.129665344175725 0.00203846255423342 0.19318991054281
-0.0468943006370388 0.199333246156038 -0.110894255256061 0.141986790753261
-0.18442684500328 0.123219457912347 -0.143050515756776 0.0168621849210745
-0.207455878422438 -0.0715458871581136 -0.0423174777298436 -0.0399607852338911
-0.126258137192611 -0.21031602304609 0.0834269330169303 0.1548448285293
0.0194171751661993 -0.119869640146538 0.18209888052608 0.228920792922001
-0.0714390765612641 -0.147028414282075 0.141056623815994 0.318894653603208
-0.157247182968017 -0.0388147642815811 0.199667955451655 0.25605047541413
-0.133085992027844 0.0883365973047503 0.251709991127813 0.115266249084173
0.000833801517972832 0.123846495469927 0.181937856751818 -0.00688174697009527
0.0668434232725933 0.0662629093866799 0.130227438423338 -0.000842100260082865
0.0887391773663995 0.031623922303943 0.128646788423268 0.00670384957834834
0.0990630740816224 0.00703465321035082 0.140592250136554 0.0276259154986031
0.107928980731952 -0.00156745383272617 0.16977312302422 0.0794968915523138
0.103125320718735 0.039603896642158 0.139725433787654 0.153599501797051
0.0756058849128673 0.0929251560527594 0.0242936289233802 0.218164194424053
-0.0407491972439346 0.144326849644193 -0.103984642493982 0.163867893213317
-0.143394252125922 0.071287922692003 -0.144034223218436 0.0376503772429284
-0.13442383647211 -0.0854067115574423 -0.0281588142079885 -0.0240050725691209
-0.0260127205358628 -0.167607785222085 0.106594674625272 0.199524541131439
-0.0531003471062377 0.0680691222965352 -0.153054486128843 -0.211978737428916
0.0555597040152202 0.0549048971490855 -0.0268312097891379 0.0146540234304525
0.0738045439268036 -0.013386543131911 0.165648368652868 -0.0340567864709282
0.0122084929902626 -0.0656393629390242 0.125329741257312 -0.18746896125447
-0.0393494918974178 -0.0298355466417674 -0.0313743184880743 -0.258465111496997
-0.0334709515231264 0.000101339767969142 -0.174704984409665 -0.196371522747454
-0.0241266550706062 -0.00258713361341267 -0.207997187087063 -0.0835332700015003
-0.0203484415068412 -0.00176300522770526 -0.176216932298265 -0.0168272387773071
-0.0103630320300306 -0.00280773572003295 -0.162137636409377 -0.00389603807856096
0.000969489795362293 -0.00225022116842979 -0.165843375310379 -0.00731685671503362
0.0177343568392708 -0.00682286442840469 -0.18136745872422 -0.0188467148372671
0.0363885989790258 0.0136104237397705 -0.195503446115424 -0.103534793651491
0.0265787530376359 0.0717519333654119 -0.166960084640825 -0.219916130626474
-0.0466851478832472 0.0786874572770043 -0.137922972898875 -0.236205575365306
-0.109925319912697 0.0396678580249027 -0.188053626416483 -0.189710570755371
-0.151916805794817 -0.0102792176453899 -0.106723447615906 -0.201290643439466
-0.0596485147017586 0.0396383346099156 0.00434769211784792 0.0332719879659167
-0.0190532751970013 0.046681116740984 0.215383747627473 -0.0271737124364281
-0.0149551495411899 0.0277886795492905 0.170430837146424 -0.205204094096326
-0.00076060192847608 0.0348479429076113 -0.0207269064275343 -0.286372655399164
0.020806722441795 0.0344729249365731 -0.17268842561303 -0.208456859186647
0.0499213141264161 0.0148378172750792 -0.209101080276271 -0.0867655844220284
0.0548064239289977 0.00545353372756083 -0.169898603568594 -0.00906230848828934
0.0650319345097046 0.0148151632167984 -0.15522058520723 0.00913568401542918
0.0532937178652302 0.0527295333732419 -0.153341779163652 0.0105434787951789
0.0353177790774413 0.0755486933565514 -0.175185213424967 0.00583874783695631
-0.0233106494660099 0.104846758055112 -0.195894598569378 -0.0685933457733449
-0.0820717512082944 0.102888118231839 -0.172442782410264 -0.182121110263088
-0.149166420016813 0.0287854248367125 -0.146860378976667 -0.193360024671824
-0.196257499877065 -0.056173543036917 -0.176219534653115 -0.151243918631192
-0.22607830092219 -0.0972177725461316 -0.0420973748003329 -0.15915786196258
-0.176132420165193 -0.00114767786690603 0.0467324352805829 0.0783214972975671
-0.128715694897334 0.0953378078616504 0.273857731182559 0.0057699021327072
-0.0589451634646921 0.129646340018056 0.235182706118031 -0.201784132834273
0.0337070693776384 0.1118979576467 0.0114447493269507 -0.301161742647246
0.0740973206219481 0.0748743385581954 -0.144237346603743 -0.210670083430602
0.117719307244353 0.0361784296188401 -0.182298121208483 -0.0871217972805607
0.122008949713521 0.011292468397171 -0.137897542700431 -0.00026399643231835
0.131957023562225 0.0214367922866844 -0.1199625772902 0.026776521880501
0.103817670595874 0.0859665771021068 -0.117548239004388 0.0411438073066924
0.0668201831137224 0.13293806565866 -0.154589045032578 0.0510188239176667
-0.0453494545356443 0.185316805627558 -0.195065069994727 -0.0140577381862129
-0.153155587885592 0.148123889819882 -0.180593564439742 -0.132768701684741
-0.227282724288554 0.00741444289359257 -0.145240819054318 -0.147169695844655
-0.25919462876006 -0.128715324402959 -0.13950497986722 -0.0904030035351478
-0.261031260433712 -0.176498528755276 0.0312588243563156 -0.0845844170027314
-0.267213888718758 -0.0639819515425583 0.0919153752932346 0.14315721987668
-0.238802241941628 0.113614673561974 0.321874056859681 0.0659599673507212
-0.119917541337096 0.215318455386046 0.299393490325188 -0.164345522530881
0.0534005363296669 0.187270531294883 0.0599393585194945 -0.287015597321317
0.116040981149272 0.113801773470952 -0.0932255339737479 -0.194931519069973
0.168400755231937 0.0567386045923577 -0.130812078063643 -0.0782673572253796
0.171300304645842 0.0141121860381533 -0.0856860380577889 0.00806419104079352
0.179276489343455 0.0175323495704716 -0.0634287129172659 0.0428149135529661
0.143297307403087 0.0950066539698176 -0.0626898530282868 0.0713098410655762
0.0991077374049496 0.158812097391844 -0.116636271910328 0.0988859236872555
-0.0409706336751244 0.236312633488912 -0.179526274427266 0.0428035988001367
-0.18561320694733 0.185355041539928 -0.181748116245115 -0.0806038413386453
-0.270152582122608 0.00036848758080388 -0.128723168312226 -0.107860123382823
-0.287607501708123 -0.173977519598929 -0.0823354992958802 -0.024363745663544
-0.245426047880513 -0.229366680937835 0.100379903229692 0.00995582345495333
-0.304682189510697 -0.134675161805424 0.129240017884887 0.216152378427474
-0.317167122490031 0.0899828404177669 0.337856916334995 0.140439334560281
-0.183015395081819 0.254413395157894 0.338720251459606 -0.0922731402557409
0.0490025616745347 0.240062694196597 0.112048179816601 -0.23779856811199
0.136112662452462 0.14027838524843 -0.028526304261181 -0.157396522173702
0.192949533814236 0.0702314331932354 -0.0622517814581745 -0.0614237615770562
0.19503671701117 0.0146906947662523 -0.0222876272743959 0.0150368475348555
0.200129608162658 0.0108287676863365 0.00372820361144042 0.0548231684256853
0.162845246871453 0.0893568877591488 0.000830620624849867 0.0950591272637691
0.117078449030951 0.160407745841684 -0.0687180039545682 0.137794252227291
-0.0333595197173807 0.250862661915669 -0.152469554653809 0.0895103918587959
-0.194087437891568 0.192825704553298 -0.170157206489988 -0.0362736592636958
-0.276815618333297 -0.0100254022098845 -0.100670197525445 -0.0793644664406271
-0.273057949701095 -0.200639301232829 -0.016879651917106 0.0383871583591667
-0.187148519667073 -0.238357234301541 0.155390127231553 0.106743209828872
-0.276039463621543 -0.183806810629776 0.150932320133241 0.277650299742303
-0.331011869956703 0.0392311794829395 0.314216479777553 0.20545569879935
-0.215927042434657 0.237401485714879 0.336045157451418 -0.0103441801790963
0.0312979936496933 0.246081960790082 0.149821129011138 -0.160156347554664
0.13176318841618 0.140495862301495 0.0368905397117051 -0.102777914659191
0.185854396605153 0.0692255621794207 0.0118532155378162 -0.0386943394285159
0.189270172507692 0.0129111399031976 0.0432629075391629 0.0200477995375547
0.192870419296037 0.00318823164835898 0.0701428622347745 0.0615763539851128
0.160645507443126 0.0750437598062417 0.0617520425830553 0.112786737356277
0.117281360678988 0.145426254914207 -0.0220506408032356 0.166601541604422
-0.031695204284631 0.236008167773819 -0.122330796585691 0.123118202672022
-0.190139991026288 0.171915947777892 -0.153898894697553 -0.000571637511574938
-0.253409353066989 -0.0322590098827154 -0.0705192354058844 -0.0568652355562775
-0.219143095362673 -0.209576555694752 0.0440405724760454 0.0949517023308564
-0.0958079713293805 -0.197737321592972 0.184901767409247 0.183151872881296
-0.193424011664725 -0.185815099513548 0.156782384976482 0.31192287290406
-0.27101879841058 -0.00616373290370482 0.262584237174518 0.240189637465382
-0.194729472878262 0.176492930581842 0.299220196935716 0.0599623961915718
0.0157641058389904 0.201972341845855 0.168684385668231 -0.0783258927423558
0.106307565810831 0.111405933939586 0.0908858834570085 -0.0467508094822076
0.148036855762144 0.0532083686675328 0.078015819576754 -0.0158196510362438
0.154578387012342 0.00743642242890261 0.0992717495628675 0.0219457013446865
0.158909879331261 -0.00270349672500295 0.127788076649196 0.0658033083747284
0.139376985737094 0.0556291393527833 0.112096753900381 0.127792442519353
0.103194955371527 0.120143213425525 0.0143908926451322 0.191353969406977
-0.033431948102829 0.198290225039862 -0.100641018843692 0.148543543736566
-0.172233026059843 0.130717378276502 -0.141010264704083 0.0269398601854561
-0.205361299730218 -0.0579955471969425 -0.0452071570153987 -0.0376010606286676
-0.135953185522507 -0.198754740449335 0.0897078698966048 0.14626807695498
0.0121260099935223 -0.118475569271868 0.189349090143456 0.218125428928142
-0.0790245122510823 -0.139390096055629 0.156092124266705 0.307166809718728
-0.155487157509888 -0.0286114588723369 0.210626098646323 0.24138411179021
-0.124022014399596 0.0954529811273039 0.253458248475689 0.0974290409127512
0.009066697974432 0.119296523530482 0.176957119489743 -0.017026743781773
0.0672978129448511 0.0587072033755812 0.128330790939083 -0.00852009342836209
0.0870968304992018 0.025186818539043 0.126557694672403 -0.000781031118021995
0.0961536778383335 3.44348165833329E-05 0.139269412471673 0.0197843708572288
0.103429848581382 -0.00807990960600297 0.17039253735247 0.0679658979271868
0.10206299915606 0.0312392355082862 0.145967356680142 0.140901695203563
0.0783885551111052 0.0843014174759801 0.036896191232428 0.212909240855582
-0.0298979172300505 0.143428512258837 -0.0930751477298005 0.168429688965009
-0.133490608221154 0.0778234413542811 -0.141025721604119 0.0463561637396852
-0.134510880195102 -0.0743292275822562 -0.0299609341647097 -0.0222456109152293
-0.0361248753998168 -0.161507742799739 0.115245485974544 0.188165686793126
-0.0496083155108807 0.0682328740284146 -0.160852605973072 -0.202428882933638
0.0564696718151973 0.0503532984346766 -0.0262512050035308 0.015988852726434
0.0707198947627288 -0.0154136513626506 0.16536315065591 -0.0418739169626335
0.00782761698464939 -0.0636764998381692 0.117158647174329 -0.193726460548862
-0.0393153901855908 -0.0254706485163476 -0.0433256871146216 -0.256274138981276
-0.0317667446786576 0.00333579747438215 -0.1862360932248 -0.184774945188484
-0.0232977527654715 -0.000888029367659761 -0.211467602871998 -0.0726191088864913
-0.0188851383091135 -0.00014319328692093 -0.176646003052315 -0.00931223541155905
-0.00923500328643439 -0.000866460105021905 -0.161039703754998 0.00389553604521388
0.00185147687739797 -0.00128653459170058 -0.165761448405491 0.00185650922117668
0.0168241912179382 -0.00719421400468381 -0.179826083343187 -0.00964538740653868
0.0350109723509942 0.0129764563105214 -0.198179800310315 -0.0953635359189872
0.0287944656722733 0.0687787152573316 -0.177962273038975 -0.212063659011974
-0.0429246729728055 0.0764733929927094 -0.146659224054098 -0.231518452210381
-0.106765249599999 0.0423961631882721 -0.193396594443792 -0.185530156661731
-0.150978525313053 -0.00510674332588644 -0.113826254185181 -0.19473336770046
-0.0587643041862128 0.03984553599041 0.00517199869932403 0.033513987867871
-0.0185568580312987 0.0477393993507237 0.214224839646642 -0.0377299637352358
-0.0153054618841904 0.0310543213946143 0.161266791411869 -0.212898246417788
0.00107046317719797 0.0367269098936448 -0.0344122168523442 -0.283272438457104
0.0237465851673926 0.035258604138335 -0.183445154162895 -0.197578312540955
0.0515065955698807 0.012741373399021 -0.212013162575317 -0.075268459620695
0.0564605452593267 0.00295411821595657 -0.168444491938326 -0.00152439989402874
0.0667838108887113 0.0122189320408317 -0.153135510163393 0.0177187607235336
0.0568270255946939 0.0510776079457108 -0.152229955704985 0.0199441097609174
0.0385383305503048 0.0744644694800558 -0.172682876408816 0.0157323311073741
-0.0200143997252954 0.107478336134948 -0.197547909856073 -0.0585216827817645
-0.0784407424598755 0.10557489565373 -0.181576343716134 -0.17391660948804
-0.146820988659518 0.0316834862165498 -0.154662361627498 -0.188260235538725
-0.196659886059155 -0.0496526004354581 -0.180968446477541 -0.146682726282405
-0.227584940532119 -0.0881061968660928 -0.0479075105742659 -0.155404716201936
-0.175505294927608 0.00479230237265543 0.0496422485103652 0.0759138042645705
-0.125957514479082 0.100037227301128 0.274234444081776 -0.00584300931954614
-0.055243454971924 0.134682585282307 0.2266920788154 -0.211475731496522
0.0385545416040271 0.111552051966146 -0.00338668098274914 -0.298384264596984
0.078399481172107 0.0733836303836118 -0.154572339428921 -0.201544371390831
0.11995191727545 0.0302203800408406 -0.184623895732633 -0.0754360224800187
0.123811974364992 0.00454402527646186 -0.13549831232608 0.00558371623253156
0.132882802358577 0.0154039089866569 -0.116548454064327 0.0338384427410272
0.108767442655509 0.0818926666707911 -0.114298455128499 0.0479232041258924
0.072376366172522 0.129862889668903 -0.150289425646426 0.0604039668021927
-0.037947014097088 0.189465679880684 -0.194556866453759 -0.00353584066009679
-0.146706491065968 0.153960449465521 -0.189102992281288 -0.12433433200314
-0.225355568378202 0.0142083122856812 -0.151911791097538 -0.142553533311994
-0.262686305055261 -0.118218607210603 -0.142255079559239 -0.0871129384425008
-0.265630619153173 -0.165369431806928 0.0278003894716954 -0.0842200957385474
-0.269053355312636 -0.0539616544273654 0.0977671560523742 0.138457622131336
-0.234814359278814 0.122772150921434 0.324567321713585 0.0524818895663528
-0.111342433717204 0.222808751763845 0.292186079159077 -0.177565848199991
0.0612556175064707 0.185390968537444 0.0451486767024904 -0.285685976624636
0.121522181917016 0.110045849981445 -0.102560157592108 -0.188750609541402
0.171281885992823 0.0473922360606892 -0.13272187108068 -0.06884431978943
0.172548298710353 0.0049641524274646 -0.0826444433897 0.0113907438553379
0.178292017696472 0.00913294127350888 -0.0589251497736823 0.0476921484820692
0.14854332602941 0.0889114762090336 -0.0576516399949684 0.0750547565630548
0.105665678525231 0.154276703209201 -0.109817723497612 0.106698023165582
-0.0304336424144306 0.239474944396724 -0.176440172582353 0.0537147690767119
-0.177267684280806 0.191992525673674 -0.187387919852988 -0.0711984255246425
-0.268061552272428 0.0111661811389676 -0.133657453008814 -0.103682197219279
-0.293140632646252 -0.162095796247082 -0.08275155433212 -0.0229894579632731
-0.253451580059593 -0.218732359418354 0.100881133976749 0.00785840831885099
-0.309942702925335 -0.121990428711452 0.13797813424567 0.209433414763729
-0.312854092390593 0.102485939950952 0.342478822101021 0.125968924295803
-0.171631083793046 0.265252930167112 0.334762066295962 -0.108481354882353
0.0600616373209438 0.237393170954508 0.0993248890690238 -0.238985652723085
0.142073074506414 0.134440843780384 -0.0354393321277947 -0.154328469760975
0.195628871461555 0.0596115179730625 -0.0634303838011324 -0.0561066926713295
0.195507364392212 0.00465893582186614 -0.0188102030108819 0.0164418248487876
0.198233719313051 0.000843163304556311 0.00840112788162438 0.0556459518606044
0.166945443791046 0.081984451932122 0.00644480305514393 0.0951631174010781
0.123407153036981 0.154261171864266 -0.0604615219231451 0.143539782278407
-0.0217420409788796 0.253149983127538 -0.146741284790491 0.0998044570828893
-0.1850741233838 0.201011652754193 -0.173772880968723 -0.0265218669726771
-0.274744319341631 0.000885128272839601 -0.104869742132126 -0.0751627048369704
-0.279887712537174 -0.187868985282882 -0.0147068290679632 0.0370531889587569
-0.195505051736967 -0.228939457744101 0.158481408170882 0.10235789367069
-0.283640832191413 -0.171447272462229 0.16243485912825 0.270410330994103
-0.328162103182574 0.0531601572267955 0.321480411931004 0.192181598952919
-0.204642549568607 0.248684780242063 0.335256585075936 -0.0260563021188474
0.0429178918805705 0.242608949558269 0.140170083208508 -0.164043500601765
0.136402464649235 0.133703945691639 0.0327322871673778 -0.103083792730309
0.187823150871283 0.0593618574521143 0.010776357962365 -0.0368429866311327
0.188885835992804 0.00310311723014372 0.0457010944172826 0.0185506828131336
0.18995642023923 -0.00613668970435674 0.0742290460929209 0.0587852738556692
0.163321521179003 0.0663871407233062 0.0678294788434252 0.108938367576905
0.122974107013924 0.139201582492158 -0.0125819211391029 0.169593982042022
-0.0205316766226647 0.237597158970942 -0.115916415050308 0.132535351089485
-0.180995197828164 0.179029497553157 -0.154921903563181 0.00869663268095529
-0.252167631057366 -0.0215794950174615 -0.0742107364382271 -0.0542939779180909
-0.227466995857184 -0.198776796983249 0.0475470119718711 0.0911480710885456
-0.103903524418818 -0.193305693274985 0.190912545166864 0.177595211290368
-0.202087650932943 -0.17542642887535 0.170548612155146 0.304794431162287
-0.270196508336566 0.00528812729778045 0.27222662560268 0.229393350972746
-0.185593693169494 0.186746604457795 0.301470698454598 0.0442803169127556
0.025888762302471 0.19908757262715 0.162901610438326 -0.0843663513041117
0.10951959781684 0.104971418895177 0.0888823583286058 -0.0503066781165946
0.149408971334143 0.045230062491083 0.0779784880605845 -0.0186106827928846
0.153785961795333 -0.000890589135745451 0.10123638394387 0.0181140787887493
0.155480195608506 -0.0109585705301324 0.130910063666353 0.0598557039463133
0.140928636152359 0.0480614582547079 0.117975721465748 0.120947144805694
0.107040943846035 0.113981720098522 0.0250138428055351 0.191759688725697
-0.0230090744089829 0.19968648916031 -0.0932850510869292 0.155329173033076
-0.163566321199018 0.137001986310072 -0.141440854216683 0.0344024832901822
-0.204542872532202 -0.0485118311149478 -0.0479991074818238 -0.0361217679026511
-0.144770584421786 -0.191154198429463 0.0957306407244613 0.140445630649385
0.00565755918550914 -0.118817820264605 0.196612448704569 0.213174073169546
-0.0863031165380849 -0.134119068502916 0.168858046797585 0.300391653190395
-0.15517469344268 -0.0208713775438412 0.220348170783076 0.231474612981589
-0.117547669821898 0.101530710911516 0.25812397175959 0.0839570285377408
0.0153711262310709 0.116544682629462 0.174069496339161 -0.0244376947212809
0.0672336264517659 0.0545452517190352 0.128844803578708 -0.0143810975106545
0.08633839507635 0.0206294405673009 0.126038748535385 -0.00692212257733578
0.0948227787682717 -0.005255232859412 0.139576222311263 0.0146876882002327
0.0999430572430695 -0.0132519855726939 0.172144384319268 0.0596827480875665
0.101859281662736 0.0254398829429938 0.151318685909555 0.131921201982556
0.0812874242325414 0.0793870021908979 0.0477642956871785 0.211554791212165
-0.0218534434802757 0.143868887096159 -0.0850395216207158 0.173916204354712
-0.128293252601068 0.0830060348522066 -0.139416708723511 0.0536886456255897
-0.135147229414178 -0.0669802950725531 -0.0321422654220901 -0.021654789444627
-0.0439160723323885 -0.158123905877288 0.122504205637563 0.181369919804982
-0.047391502227317 0.0701732206359535 -0.172410441434893 -0.196528837944291
0.0581569424271414 0.0472054429152202 -0.026451167276893 0.0187824322787658
0.0693446235776652 -0.0187275753126894 0.167021055280068 -0.0518441464605659
0.00389819405649688 -0.0635977917627597 0.109895621862329 -0.203916021610011
-0.0397065245247649 -0.0217646312058945 -0.0588739982124033 -0.258243991718633
-0.0298502642189047 0.00670293189058431 -0.200732610497298 -0.175695892155635
-0.0222970090272724 0.000927011186347916 -0.219068453496739 -0.0612723834805739
-0.0178183846580569 0.00129322515777885 -0.179979006883144 -0.00042827080944372
-0.00785300316647429 4.63114292038446E-05 -0.163388071100559 0.0134923264032511
0.00305674091717041 -0.00074298918495282 -0.168051872219467 0.0118862072668042
0.01609180818987 -0.00773951474046346 -0.182139344899557 -0.000108576281438809
0.0345734570822789 0.0128035674187869 -0.205916583639896 -0.0870419887785443
0.0320373855081919 0.067336595619018 -0.194459941162984 -0.206736583443982
-0.0405688331111022 0.0762086386809074 -0.159826034446534 -0.229605057363008
-0.10577513069316 0.0468762620962539 -0.205153948216074 -0.18388993086156
-0.153192001315242 0.00037548109211492 -0.124501674994022 -0.191075174462926
-0.0586464527007978 0.0420471543190206 0.00649148971480457 0.0343953976879685
-0.0181819438383157 0.0497525253399868 0.217386162721071 -0.0490889199962007
-0.0153817472622419 0.0351408641279628 0.154479598989616 -0.225642325359839
0.00411101366629621 0.0397720617861691 -0.0510656333901953 -0.284983980243953
0.0282813652270954 0.0366985470486749 -0.197983307683848 -0.188884796750578
0.0542235106843194 0.0101304451477784 -0.218558804778285 -0.0637199806541137
0.0594939516844759 -0.000839135701708746 -0.170345388100542 0.00657629681855709
0.0699578794859956 0.00943607031462932 -0.153075296091805 0.0273769838500922
0.0618100748246448 0.0500110205754698 -0.153207762072942 0.0295673023650179
0.0430420516265774 0.0745593325512557 -0.173619255247297 0.0262244161043913
-0.0158781066736037 0.112243817721739 -0.203558883417853 -0.048965361859196
-0.0749990858126339 0.110111618041254 -0.196737300470552 -0.167915889367331
-0.148482500595216 0.0353509476751261 -0.167271253258263 -0.18577680752766
-0.201632550067329 -0.042095887961491 -0.190289096216979 -0.144382924080941
-0.234599075545508 -0.0799864347028342 -0.0557298369833925 -0.154043406405685
-0.179197428766093 0.0119582385008747 0.0532163179838753 0.0748082245501241
-0.124767015451856 0.108184622370366 0.279398435048639 -0.0197478846152174
-0.0505402822359185 0.14335146661389 0.2205941005309 -0.228422676142885
0.0451162768622945 0.113255336400689 -0.0196645545264355 -0.300884477248861
0.0853882053137573 0.072366724356695 -0.168642466900401 -0.194587893114953
0.124323848917425 0.0235420062105933 -0.190125316370072 -0.0640754292666419
0.12756004910296 -0.00275021634453545 -0.135523273712957 0.0116735922534518
0.136089088348539 0.0089146300020571 -0.114441249316938 0.0416807469404145
0.116781465884693 0.0784902127915602 -0.112629128663367 0.056490498288884
0.0806786349790604 0.129149772344551 -0.148299869705364 0.0716456045860462
-0.028910636585998 0.19663263933968 -0.197133290274295 0.0081334917039383
-0.142793482393487 0.163060388114128 -0.201793613782935 -0.11588248695688
-0.229356700492185 0.0230030697533229 -0.162011781919462 -0.13870506294392
-0.272656807267539 -0.108461500698922 -0.147965749162407 -0.0848229716989817
-0.276595432878659 -0.156572218515177 0.0242760248176526 -0.0852807886616279
-0.276705844596805 -0.0423047968367476 0.105682593200844 0.135836492955157
-0.234088246950896 0.136408231643603 0.333498286731265 0.0374805949502145
-0.103290833986186 0.2358944746615 0.289322683623149 -0.196677788444661
0.0717314145428767 0.186559356490607 0.0300356502713507 -0.290899543771055
0.129968131762886 0.106876277464396 -0.114418266425889 -0.184092690829772
0.177374121345844 0.0385358941386461 -0.136498384369375 -0.0604181581496739
0.177083591945155 -0.005657958074636 -0.0809336256365346 0.0150071367675072
0.181521011806407 7.59836332253844E-05 -0.0548578602624273 0.0523084372916523
0.157326743703549 0.0830374857818064 -0.0538127731918126 0.0805607494515873
0.115883898539295 0.151841700100224 -0.104005689137683 0.116691152902858
-0.0172799694567955 0.247753198279197 -0.175952132828554 0.0669681553697541
-0.171297660690272 0.204239310721871 -0.196562411294525 -0.062283441402578
-0.271986300364017 0.02224996400052 -0.142271513665244 -0.0999736645487782
-0.305693139606089 -0.151131168438042 -0.0850694662785437 -0.0219213371226431
-0.267424607243542 -0.211459162103761 0.102552861162917 0.00469608298907707
-0.321749318856628 -0.10921783658025 0.150647254319757 0.205808935270288
-0.314370920659158 0.119855767400472 0.356078366376753 0.11189726410743
-0.161059701318502 0.281775810050298 0.335502178159419 -0.12906804771909
0.0735651844388987 0.237798953406176 0.086900337595194 -0.245655265194651
0.151161819407796 0.130093284974318 -0.0438074995569698 -0.153281907778043
0.202825788503002 0.0490172719568154 -0.0658327058772061 -0.0508169159609713
0.199669666838978 -0.00748437518092417 -0.0164632287635046 0.0167020805261894
0.200179521090738 -0.00968728296898421 0.0136298410109101 0.0563200270425463
0.174551335529678 0.0742431065587066 0.012721250208203 0.0969890665638619
0.133420583879962 0.150645407729051 -0.0510780580148728 0.151342288703853
-0.00798700690793398 0.260734764053381 -0.143245726096217 0.112811794994079
-0.177266778954022 0.213259402254185 -0.180329999511623 -0.0163922130314136
-0.278535467718474 0.0136215229704976 -0.112637707075844 -0.0727698811204442
-0.294168642765888 -0.177938500733477 -0.0128627316983516 0.0367409427830527
-0.209605828997934 -0.224951475925819 0.165158868263901 0.0983187709596477
-0.29718121452314 -0.160933858928174 0.178443847397867 0.267058064827834
-0.332178510959956 0.0706033797389743 0.336921812561443 0.179619612067767
-0.19441348517248 0.266030122620159 0.340650514989025 -0.0461281705418136
0.0571376302124651 0.243868563409261 0.132784794389379 -0.171883045328651
0.145068668617077 0.129556980174953 0.0284972030752749 -0.105992643371339
0.194629188544514 0.0485964960980177 0.0106331774632696 -0.0365271135445134
0.192329857689361 -0.0087158670283515 0.0490666523713392 0.0158997709722568
0.190855199337405 -0.0169901721655345 0.0799705931299332 0.0560847589317931
0.169748437578781 0.0586541701996878 0.0750970675791252 0.106823957708453
0.131450024914875 0.134128921124791 -0.00191101578538212 0.175734348344906
-0.00712138168816316 0.243683970918011 -0.110171366508988 0.143851497655417
-0.1740160282332 0.191322864036167 -0.159557660149198 0.0179870356556587
-0.255392261326022 -0.00980958947065407 -0.0799008731224793 -0.0522922330837046
-0.241852400831283 -0.190276009646013 0.0530331448992805 0.0891130630120842
-0.115647865032309 -0.192118732195068 0.201311812352913 0.174443392500537
-0.214744418073573 -0.168723842477879 0.187707488167948 0.302025368976668
-0.274423264077903 0.0202562232195815 0.288619347102667 0.220170489592806
-0.177788648147663 0.201599326878779 0.309104756151927 0.0272858356061955
0.0372134209648226 0.199406960612282 0.160403049405262 -0.0929045243526456
0.115070353040197 0.101095392778548 0.0889694037708111 -0.0561175510554305
0.153717634992954 0.0370580482934875 0.0786562415330589 -0.021818048203691
0.155629740496478 -0.0105286700275735 0.104520619954654 0.0133331819717774
0.155346408622223 -0.0190591739582011 0.137162835635626 0.0541763162374833
0.144481458222541 0.0404919728119955 0.126022532369807 0.115738041485946
0.11414078570962 0.109026973639792 0.0370682100261252 0.195194017452306
-0.0116569377828559 0.204178056397093 -0.0859012656728652 0.165445836298635
-0.158142641341202 0.147268491082067 -0.143555095569048 0.0438391819911211
-0.208524257480525 -0.0383960611853486 -0.052281750858993 -0.0347894238690965
-0.157574266729239 -0.185749113087971 0.104900244040808 0.137216960145093
-0.0013428678953034 -0.121237189706446 0.209216502292613 0.211223943878532
-0.0951343038684634 -0.130772390442798 0.187191080991208 0.298771137593426
-0.157666624586864 -0.0119735207034853 0.236122129170098 0.224717454469326
-0.112424398546259 0.109989811195807 0.266608140515664 0.0699048496821292
0.0229772140479083 0.11519196385821 0.174293244400398 -0.0339303973028379
0.0689713571908676 0.0506079660902885 0.130795039546645 -0.0214446749815996
0.0881625220474135 0.0156139609163125 0.127650997308818 -0.0137205861915402
0.0948527217051253 -0.0113602379255629 0.142611788902645 0.00791126958271884
0.0986718181869264 -0.0186777634353692 0.177978900803527 0.0513546739566282
0.103849478282259 0.0195124192928722 0.160115811346553 0.124689022908198
0.0860757515083847 0.0747326044759922 0.0600664680689364 0.213752944775818
-0.0133957474228395 0.147012947769152 -0.0768023787525764 0.183277728599832
-0.124226980634026 0.0904752531782252 -0.140439258944584 0.0627022501522838
-0.138044621551879 -0.0609313007980212 -0.0352023622624259 -0.0212187691796912
-0.0542708353936812 -0.156915447774305 0.133573454014886 0.177411006061614
-0.0399794144546732 0.0776204802106649 -0.199096936100474 -0.183160817596597
0.0628780474094994 0.0365922675762088 -0.0282302126227796 0.0274295276152601
0.0654534211341294 -0.0317284247267995 0.16395170375658 -0.0679606203751271
-0.00862505573069484 -0.065356047878342 0.091611582528676 -0.219278102050903
-0.0450870847469183 -0.0163556327633809 -0.0926497448560612 -0.25702894897629
-0.0313569097975032 0.0131706884270255 -0.226171334186955 -0.150802681577268
-0.0229589196537665 0.0058038249065717 -0.228842344604886 -0.031984366200834
-0.0171204902037186 0.00419670723401906 -0.18301567381088 0.0234212379511249
-0.00616688445585677 0.00129474328897279 -0.166627488414463 0.0363184853265915
0.0046973162588527 -0.00215293354590814 -0.173083931744124 0.0363775178942159
0.0155928742697 -0.011433154279528 -0.188010916912175 0.0237772592965974
0.0383533142488412 0.00590480521770159 -0.22788661723347 -0.0644839900022729
0.045416938327729 0.0594646905460449 -0.233650158344273 -0.19246327617028
-0.0279147678125248 0.0799218260645453 -0.190767478181421 -0.2239627705376
-0.100620995249726 0.0584134417400697 -0.224664726340061 -0.171788364107264
-0.155043631710847 0.0253748072127134 -0.144690640245829 -0.190181516387685
-0.052931536641252 0.0494732114656188 0.00773301632426675 0.0316203480390658
-0.0107257272022464 0.0498339682682644 0.210271225943825 -0.0788024407720281
-0.010602228820036 0.0360794728485283 0.126186089079675 -0.24996646042885
0.00704014446053375 0.0379674431445891 -0.0911307335036068 -0.28037334828913
0.0314902847744743 0.0354052586355846 -0.226096648935343 -0.160705188380518
0.0556296049434919 0.0020361498800602 -0.231278604014563 -0.02974385997361
0.0600525919262068 -0.00820684841236935 -0.170343217722588 0.0302907872880684
0.0726860827671443 -0.00161896340700904 -0.153147038889343 0.0495498638753928
0.0721044384393523 0.0400009834858382 -0.156786967897367 0.0526474680718946
0.0545264901770846 0.0666952622915394 -0.17669433785853 0.0501969159688881
0.00261059661206267 0.114907675803537 -0.220461710356505 -0.0280629248163579
-0.0578954861256425 0.118905616689429 -0.227371555816111 -0.153856359846736
-0.145120225919692 0.0520637119956482 -0.189130866575881 -0.172443237637489
-0.212737924283491 -0.0222240733542157 -0.203002209804117 -0.123758516032812
-0.247381567448967 -0.0428983929808984 -0.065321709206084 -0.166149880606725
-0.175801126367135 0.0371219222241584 0.06189451688725 0.0595640548048667
-0.106413166100441 0.125184026071795 0.272148313399053 -0.0666372926256683
-0.0262707926399468 0.14981043281633 0.184849909475869 -0.265435291780129
0.0586905643401132 0.104057265458033 -0.0662031663857969 -0.296560825410076
0.0931138655634461 0.0627615910748125 -0.198666681057671 -0.168793619975733
0.129246407034758 0.00321812067336486 -0.20581429527845 -0.0310281180501488
0.127870735410497 -0.0202936957219728 -0.133332018767987 0.0318344132152421
0.138874266509107 -0.0126262029619731 -0.110419051115198 0.0591768937256063
0.131230189170527 0.0604071782516472 -0.111967501686641 0.0753754571066502
0.0999664323689589 0.115863149394591 -0.145706135116057 0.0945374391454653
0.00257792297864904 0.202394403634191 -0.207316555558657 0.0286395584280114
-0.11874322555762 0.182882669862632 -0.223985653472969 -0.10240579806188
-0.230617952541932 0.0501749325527992 -0.174897422993171 -0.120637678637237
-0.296269756405912 -0.0813051056782373 -0.151446990985679 -0.0598881397438217
-0.298944626566487 -0.112512433628843 0.0281529590811811 -0.107678678950573
-0.280083229284647 -0.00115925408627116 0.125305633882586 0.109325651697956
-0.210089845571772 0.171189176225176 0.331664998260322 -0.0242687893360052
-0.0613473358432813 0.250784897554492 0.250254498570338 -0.248489732502425
0.0970902840687668 0.172172555393916 -0.0194273743176494 -0.289593207514505
0.142973844841539 0.090534812006607 -0.14368920768266 -0.163614445100584
0.185216395919505 0.00803630282987954 -0.154510223833962 -0.0322407477226937
0.176665445709496 -0.0295353650789259 -0.0772041526706412 0.028304065437219
0.1824321479476 -0.0282857261897912 -0.047645656151739 0.0616376660023746
0.171936882081448 0.0594372642998505 -0.0481081794901352 0.0928008599629269
0.13772830898847 0.133914690321384 -0.0942936853394366 0.137407503376203
0.0216042713930513 0.251666439309305 -0.178033274750378 0.0866521600059919
-0.14214166668076 0.228677718871497 -0.211108010028791 -0.0479839248607227
-0.274800338791687 0.0562291319942158 -0.147901230281302 -0.0805140236018813
-0.338086601030222 -0.119598388069299 -0.0784893957590371 0.00341654356870672
-0.297015276009801 -0.168660137590523 0.120493890079321 -0.0233441784219108
-0.333298554009459 -0.0607263414288795 0.182822210352954 0.172254109381521
-0.291788996553893 0.167472980716368 0.365465734467187 0.0418995694689181
-0.109037701237865 0.305781125143009 0.301888882621073 -0.191684168138705
0.107033333859437 0.221798442985049 0.0406280446452591 -0.251311375578667
0.167890611902272 0.109552675056651 -0.069918910944277 -0.140777921443816
0.213243097376726 0.0138638187235377 -0.0838879345480986 -0.0312699563679042
0.199028584297441 -0.0354400394883934 -0.0106758948968366 0.0212065364997643
0.198139068512813 -0.0408364188764728 0.0235203533560062 0.0566871622811187
0.187621825167455 0.0477843528662692 0.0228429263515366 0.100393897574308
0.15425943885251 0.129757845730654 -0.0357299850973389 0.166284051751573
0.0330048971662927 0.262697916847091 -0.137947186950113 0.130933253917425
-0.148301924971476 0.238715973950223 -0.187472144261973 -0.00358629693833898
-0.283035136267517 0.0490134411601318 -0.113799685783116 -0.0543650310768344
-0.330017262370498 -0.146997210572257 0.000633726572348837 0.0572323421700825
-0.241413188989517 -0.190817113167093 0.194424926906584 0.0703467069404294
-0.315744637253465 -0.114989567202591 0.221244418168253 0.232529848392862
-0.315659996493458 0.122454678293085 0.358759635645381 0.11144495458031
-0.143909909630364 0.296363464923202 0.31868344640779 -0.110574329497052
0.0935611881242654 0.2295714292497 0.0955146332462247 -0.18367627052294
0.161904402076148 0.108554132571723 0.00979190737321735 -0.10318412392803
0.204647334202909 0.0154229113499055 -0.00486868098021294 -0.0279556389725208
0.191627028763435 -0.0357843482217699 0.0554021770330136 0.011369136657694
0.186834622336117 -0.045988613716663 0.0915848776498056 0.0468827507631146
0.178663847203516 0.03291658984046 0.0889359194321116 0.102385169577534
0.148385738169739 0.114054197476561 0.0195847292362749 0.185135410435812
0.0301498521615786 0.245034850849207 -0.0989107667323775 0.159750608513695
-0.147699267977777 0.216136098001722 -0.160724988630855 0.0306997768246259
-0.26199954983014 0.0227236774124359 -0.078813305865231 -0.0366230904798893
-0.278329573544121 -0.165435371799025 0.0712928027045735 0.103795754319896
-0.142917114316778 -0.174057216683739 0.236079978130002 0.151466052845283
-0.234484206753937 -0.134390467835322 0.236186940814347 0.272199090602416
-0.265482993003477 0.063969257441194 0.318842027642794 0.163046688293394
-0.137126973226196 0.229524533672031 0.301004408339988 -0.0305058746553695
0.0681911017127653 0.187925613678752 0.135434777861984 -0.108745065321258
0.128440210842248 0.0833609698334027 0.0783962871189272 -0.0624411968716161
0.161853037566082 0.00974451764790246 0.0684967224221934 -0.0248624583261274
0.154092145211456 -0.03252364107089 0.11051843193979 0.00129885308041992
0.150830338666957 -0.0431103956428826 0.149321583297435 0.0374635340264462
0.149940021260619 0.0194390583601843 0.143263205767567 0.104760468111612
0.126666687407467 0.090939015048302 0.0622908135600961 0.199555342059361
0.0194204008670238 0.205617008670451 -0.0705595366282296 0.180049075197101
-0.138092264995902 0.169281838462645 -0.14042451008378 0.0569303958010364
-0.217086880899576 -0.0129979760487694 -0.0505834251695511 -0.0221218659184404
-0.191385798655252 -0.170461175260956 0.12507904611222 0.144783180363449
-0.0187704513726562 -0.121809152780747 0.242441169924295 0.196901028725349
-0.109183789101641 -0.114880204269268 0.232202709887942 0.276967160595815
-0.154177674020794 0.0129827867577613 0.268310421295682 0.184946884520807
-0.0869908948999819 0.12702690774086 0.269348350647043 0.0246526901122455
0.0418078494450574 0.106482842073767 0.162757696857334 -0.0540367568171839
0.0751182423480343 0.0388738228519781 0.127993375206546 -0.0362980352530052
0.0917416464174472 -3.13475397416257E-05 0.122138531253425 -0.0269496976296498
0.0933628080882333 -0.0248512103713375 0.147306494948042 -0.00970478071946533
0.0939630512098402 -0.0335149134275784 0.190448706846023 0.0290631286005026
0.104333804155061 0.00344137209017917 0.180202071043418 0.109452695244695
0.0928778479402526 0.06116742467272 0.0898631301158142 0.215449062425815
0.00816032640035213 0.147167759701262 -0.0581926910725542 0.198612101888805
-0.11143986923009 0.106214251257012 -0.135732160214466 0.0790312462727534
-0.14840217201714 -0.0440145091502062 -0.0351607076250801 -0.0105580568170297
-0.0801145175156838 -0.152677907800602 0.155787344435067 0.177753829865942
-0.0333625131952233 0.0807613287610808 -0.216524531305021 -0.164377581948488
0.064589871767503 0.0296760900695902 -0.0248090526632793 0.0326129858000998
0.0613728601063349 -0.0375032041037117 0.160154167652448 -0.0849698298904978
-0.0156121749660685 -0.062097328074472 0.0710795767875035 -0.23094192036515
-0.0446798692560265 -0.0100030581616516 -0.118720097442916 -0.248149686721799
-0.0277218685748307 0.0165979467109712 -0.241686443898243 -0.126053022285534
-0.0214681081120301 0.00813350209965167 -0.232484645410964 -0.0079478650784623
-0.0153078020365403 0.0058013186801364 -0.18136750797422 0.0416426464744255
-0.00490478938877585 0.00158346860428349 -0.162833969005453 0.0540402957234888
0.00544536762115125 -0.00224230064018722 -0.16936416661447 0.0557364777955714
0.0141402767134342 -0.0122248044941553 -0.185389744238346 0.0412917616927095
0.0383620969738368 0.00434338225867536 -0.235664858423349 -0.0429198297818163
0.0499148888704831 0.0537960901416045 -0.255043638611951 -0.167767292000125
-0.0227646569019086 0.0810917961698936 -0.212366396139109 -0.209367503452772
-0.0949785444547382 0.0679275562603841 -0.243090243744678 -0.155469686461446
-0.153570410617482 0.0383699358284142 -0.16296489916427 -0.177169162161445
-0.0501056674191054 0.0533958862233924 0.0103807448232096 0.0333293036760977
-0.00723940641748188 0.0524171286085948 0.205324650066396 -0.100567353436371
-0.00706949416218914 0.0405822923685836 0.102769467622322 -0.265326858390518
0.0124189716365482 0.0389672847700125 -0.119157506868847 -0.271140508278465
0.0376939024582867 0.0326655451976574 -0.242380534787837 -0.136357823510118
0.0567986613557142 -0.00434847826256315 -0.233136101372834 -0.00516026234220279
0.0604222346292407 -0.0148652343456645 -0.167492202484686 0.0467542461563161
0.0743385858765992 -0.00911995851462734 -0.147279292980827 0.0664529249244061
0.07826790727548 0.033118271396656 -0.150055006888905 0.0703719809190976
0.0613174817332324 0.0627027078423023 -0.171295883731913 0.0685189613158882
0.0142383485937414 0.117702546028976 -0.224148207914832 -0.00582186404643919
-0.0480786789767601 0.123812723262053 -0.246584739340537 -0.13060691007776
-0.144037296158747 0.0643897400628506 -0.206004227965648 -0.156262181347624
-0.2164206292681 -0.00273343679927142 -0.216383137793942 -0.109062036171151
-0.252557668315465 -0.0203517115149266 -0.0806127099276574 -0.160288447297481
-0.174610635770968 0.0532931201802282 0.0674483627412351 0.0552367686191986
-0.0962742669551179 0.136902233395939 0.26846263394676 -0.0935799028459133
-0.010644470751307 0.156196940864261 0.159578955270824 -0.286592602494027
0.0700724011119521 0.100764189575974 -0.0953727100505492 -0.289193185815184
0.102392300206638 0.0542616925352522 -0.215490315643562 -0.146503928022457
0.131192367019674 -0.0110637507796781 -0.206749504627392 -0.00906268263621774
0.127315261884194 -0.0347241365327359 -0.129943735858929 0.044170694915821
0.139054189101459 -0.0266661277252893 -0.102591356688662 0.0713424452034054
0.139778720422134 0.0473645361094899 -0.102924011468409 0.0885343479945975
0.112145991992143 0.107468948934451 -0.134279871806731 0.110212262735869
0.0237236516784372 0.205572702746802 -0.20434975211191 0.0503361065993126
-0.103013522527439 0.1942626602643 -0.237987108765814 -0.079304684092126
-0.228829373261866 0.0705489464739232 -0.188352228777967 -0.105547227624073
-0.30600627518199 -0.053353453444026 -0.15817221176599 -0.0489558098651567
-0.311634025451179 -0.0859429804898726 0.0180313201065519 -0.109046246893993
-0.282531824372055 0.0236924749908616 0.135363113498128 0.0985835316068099
-0.195818537463969 0.192670733563937 0.33181406700343 -0.0568246219834596
-0.0354623514996973 0.26120476851054 0.226980106116705 -0.275861266477725
0.114314849512937 0.164130248441997 -0.0469053607180709 -0.286849842746885
0.154630688225943 0.0772110439914543 -0.15959429424074 -0.147943415699512
0.18729955962802 -0.0115886908580517 -0.154559425468651 -0.0150521850230062
0.1747672585487 -0.0503371516356451 -0.0732759355019457 0.035201963749378
0.180354556521071 -0.0467291330547154 -0.0388937901675976 0.0669184038477805
0.179936251937984 0.0418305343035029 -0.0371548615731465 0.0991175317251024
0.151819825421252 0.121516423651069 -0.0776480258755264 0.148593353055313
0.0479400067803919 0.253235357085905 -0.168628039620662 0.106802444294758
-0.121543062043792 0.24350271835369 -0.219494185172115 -0.0252132108099017
-0.272281546078597 0.0811640569045974 -0.158040502428793 -0.0672616667707537
-0.352338356808387 -0.0880490370648935 -0.0789429829336987 0.00827958201480987
-0.314653370387013 -0.142814073674719 0.118411953192593 -0.0323303261226313
-0.341232308795963 -0.0307040691591152 0.199078514600821 0.156198613743492
-0.277483531398429 0.197005127928451 0.371324657433529 0.00672818456547895
-0.0783700349931721 0.321269905072145 0.284008891803139 -0.223158772606832
0.129930549386461 0.212078399386363 0.015874360505486 -0.253385957398536
0.18080727169556 0.0940382412192002 -0.0826438095106201 -0.133820140062452
0.214621570792466 -0.00934126267289872 -0.0836679830040637 -0.0211609458659143
0.196766762062647 -0.0574605662521429 -0.00748018540273401 0.0211832774564674
0.194628293504647 -0.0608291325562311 0.0314088072017509 0.0543364647832972
0.19371484678498 0.0289374881267115 0.0345721615173908 0.0994448317935456
0.167549690709258 0.115402640011608 -0.0151919309269545 0.171869474116553
0.0615143235654488 0.262737528682403 -0.123641998774473 0.146655328499839
-0.125327393087858 0.254999799769131 -0.191337499711177 0.0172138633885334
-0.280335317028766 0.0748688020731083 -0.1206556898706 -0.0440216020006287
-0.347192908241917 -0.115389287060588 0.0057116008472385 0.0555185637593544
-0.261487443507281 -0.17013290235743 0.201254918665053 0.0553742443480762
-0.329182184978006 -0.0849526798349427 0.243934613189521 0.212567272643015
-0.305792578487862 0.154424671062258 0.371134872532196 0.0772700940472367
-0.113382200702179 0.314234860705375 0.307855856889171 -0.143934193492888
0.116573887818989 0.220557568415906 0.0777656881219647 -0.191140271193684
0.173720226985352 0.0937687561809769 0.000419943829549741 -0.10411360416158
0.206843325748132 -0.0070815533643131 -0.0049848050594905 -0.0263905113241085
0.188278121795882 -0.0575626869012661 0.0578994300622298 0.00531448191372402
0.182569355870534 -0.0650030726821573 0.0982071026059409 0.0374996767721775
0.182825359814879 0.0149959543772428 0.100426348959635 0.0941430252722685
0.159871134951499 0.099831666057642 0.0414295959546525 0.185006610668321
0.0565419484440266 0.243842954776046 -0.0813228146119394 0.17241110920549
-0.126086689932995 0.231393449758923 -0.160758864282888 0.0492768864183162
-0.260128987739231 0.0464356238672529 -0.0852193877876321 -0.0295436542959716
-0.296889932001431 -0.137755532453529 0.0816427413083656 0.0957144784825026
-0.161290933199503 -0.161490800189337 0.251012758202378 0.13336600928568
-0.248956034456898 -0.11175300305575 0.262224587304888 0.251346570330202
-0.260051040390763 0.0907393534391972 0.3361402143512 0.133524254638198
-0.112644023138273 0.244683978148492 0.297601461954554 -0.0618156410552127
0.0879463154269668 0.180005810772308 0.1247389065344 -0.120867674419932
0.136302017089793 0.0714663044620345 0.0738424573448826 -0.070985812869287
0.16253826937631 -0.00719576384344583 0.0676995177388192 -0.0310267782156096
0.15101606645178 -0.0499831005644296 0.112032440942563 -0.0100816607230376
0.146063068202292 -0.0575223421978984 0.154426403468516 0.0214254440499912
0.151746554009287 0.00377573949662049 0.154233272079759 0.0905368682931485
0.135217196002285 0.0786887531104582 0.0853879528894772 0.194968608340716
0.0411224165549648 0.204702859392315 -0.0512279470731711 0.189458186330974
-0.121036516142835 0.183220917344683 -0.137386274067291 0.0730937175298493
-0.218210288881929 0.00708922219259849 -0.055248974559654 -0.0171642461544657
-0.210017246352691 -0.150148472696722 0.139427757221405 0.131937640608799
-0.0323955022722513 -0.120505433927767 0.26164039227438 0.179158111923471
-0.121291800292265 -0.103971452870544 0.259714176777136 0.256348206747094
-0.152119510506161 0.0287168382996736 0.287177179864751 0.159922933797815
-0.0728743685973026 0.135431899892518 0.270790252443208 -0.00308726724988956
0.0523611041947996 0.100154905947112 0.157110605849185 -0.0693093170335174
0.0777054063122766 0.0316753331138616 0.125489630477316 -0.0494220046740452
0.0906736091682487 -0.0098876823232248 0.119932569570323 -0.0389168753398944
0.09017450021019 -0.0352086254232831 0.147728057831626 -0.0238345288341354
0.0896787073187032 -0.0421231350083427 0.194102117488368 0.00904039723255099
0.104178415355746 -0.00689861456561558 0.190737715209275 0.0910072495825194
0.0978317108045246 0.0514625352228393 0.113121327393612 0.207959593789366
0.024438536679485 0.146614970109191 -0.0379825609785017 0.206537618321243
-0.0999851170916652 0.116930293658882 -0.129810962002842 0.0944712109196276
-0.151314331684988 -0.0309142807091634 -0.0384643923946655 -0.00774873434034316
-0.0966845218395379 -0.142506766477661 0.173246709524065 0.161709508706221
-0.0254284864240112 0.0812595922930065 -0.225449407486543 -0.13876476494374
0.0632610891140955 0.0223232149799073 -0.0197033784295338 0.0360552914332944
0.0544413750152184 -0.0417356369988633 0.14958039206889 -0.10018805349092
-0.0208030016470557 -0.0566628470974527 0.0462048030023215 -0.233525982819124
-0.0420582824810637 -0.00421083962943451 -0.140254339827374 -0.228649672791977
-0.0226144059861974 0.0187007697535127 -0.246940339359575 -0.0954349450021419
-0.0192755735927765 0.010087386801409 -0.225995916450773 0.017501635149431
-0.01334919027388 0.00707151938756499 -0.172309071129271 0.0588417758231867
-0.003000650904054 0.00153079135758209 -0.15210261787941 0.0696219234518037
0.0060447744332022 -0.00253558392516469 -0.157640870868331 0.0720687133153373
0.0117486829277109 -0.012351098954417 -0.175132997321085 0.058647417283354
0.037469032160174 0.00212882482945282 -0.234014747826195 -0.0183152359036569
0.0521344301072377 0.0455035969677476 -0.26595026091347 -0.135928374809462
-0.0170437059303969 0.0798423213129145 -0.225911932008959 -0.185169361857921
-0.084674945745402 0.0745616956529656 -0.252769940055258 -0.132629677978503
-0.146813929746305 0.0516357273729919 -0.174472074120368 -0.156002683828014
-0.0457940445965712 0.056149388950627 0.0142749506210135 0.0331540269295852
-0.00323185910777033 0.052809777271156 0.191165418809746 -0.119255652904757
-0.00209341788240778 0.0427712226200615 0.0733348953002797 -0.269212486211363
0.0177766678376101 0.038639999235182 -0.141469939071903 -0.250865088242053
0.0425303792775677 0.0282232714462574 -0.248366172576718 -0.106088766943252
0.0558075426152422 -0.0105763333591541 -0.225192136171599 0.0197552969172959
0.0580553773421114 -0.0220373867196351 -0.157323781493478 0.0621666827685928
0.0726794525128974 -0.0168645054151512 -0.134886829180356 0.0799237113019403
0.0808975368385839 0.0246557911691118 -0.136679152840566 0.0846275599550369
0.0658624008873681 0.055966658289495 -0.157982945150971 0.0835392621242377
0.0257172137735019 0.115319981574233 -0.219134633034169 0.0161826168589356
-0.036166336634046 0.124603329512024 -0.254301835922643 -0.101058440104804
-0.136764084111622 0.0749670896952305 -0.216145443272247 -0.133832608514216
-0.210175780413501 0.0177281266775675 -0.222102248693301 -0.0889745532722777
-0.247644568774783 0.00357310448313343 -0.0932007675404703 -0.147114448280466
-0.166127360750767 0.0676204499651089 0.0710895939599302 0.0488454421593038
-0.0815779522397236 0.143982007357114 0.253703867914223 -0.117917598466601
0.00617755246076853 0.155917606609717 0.126903658223948 -0.295999353283172
0.0791086653666417 0.0923598603572534 -0.120286958904271 -0.269794519281058
0.107950902033014 0.0428990657894549 -0.222822858945494 -0.119470587821902
0.126282390941735 -0.0250046308176619 -0.198615621392514 0.0127390801716747
0.120386426272924 -0.0482512967093838 -0.1208075768099 0.0555851953147284
0.133407046275857 -0.0406331272536889 -0.0902886189439799 0.0798330758146056
0.142474019192767 0.0316092672789548 -0.0894767902611386 0.0978247582038217
0.120452702532412 0.0944264784342723 -0.117054155367435 0.121407985119294
0.0452435222678202 0.199529059293409 -0.194090493428221 0.0704023266076005
-0.08218206743296 0.199247808044243 -0.241368580045857 -0.0504919586795934
-0.218762169581672 0.0890590322342366 -0.194025815935108 -0.085170810273257
-0.303031409867882 -0.0229866086424223 -0.159515838065776 -0.0356185602773234
-0.311970758769164 -0.0547230784303197 0.00724614171499794 -0.106869284109263
-0.273822039968437 0.0496577282198544 0.140932367163175 0.0838099007098266
-0.172797727066853 0.207887073304992 0.318786813965829 -0.0889880700018084
-0.00702537614034844 0.260596498574095 0.192416513856218 -0.292481799342945
0.127936808085212 0.149355106460526 -0.0724150625780857 -0.271667963105993
0.160523426801157 0.0598981582773572 -0.169629536692205 -0.127025133896443
0.180837724856708 -0.031756254735665 -0.14795848016133 0.00153946650692464
0.165171840298944 -0.0686135266527628 -0.0669302064619688 0.0402523397630464
0.170707521858082 -0.0642145949661427 -0.0288236263359974 0.0687233443254947
0.180699148538478 0.0220204657540978 -0.0244576597946978 0.100877092846841
0.160506413915038 0.103048480122176 -0.0579135322033251 0.153013072240884
0.0740569360425057 0.243279538316901 -0.151661395423721 0.121427734237962
-0.0945801397895901 0.249273624193666 -0.218754763665603 0.000228172357540097
-0.259020289813375 0.104655093561341 -0.16161724151585 -0.0504236132169842
-0.3505212757701 -0.0502118397299902 -0.076342625144392 0.0125942984445471
-0.320383184955539 -0.109064829698149 0.111985810022338 -0.0406536814101015
-0.336694069774569 0.00224804331280684 0.207596391929945 0.133235289154139
-0.251544643642649 0.220334739047979 0.363567637968997 -0.0302760988743039
-0.042394706645899 0.32230957362412 0.252562352897637 -0.247484183511464
0.147427500134216 0.193208382073521 -0.00758539024024808 -0.245445296890304
0.186630564712336 0.0739253251971745 -0.0931791077917813 -0.121150555282362
0.207550988495743 -0.0323173782700149 -0.0794624052014175 -0.0116461874342782
0.184485010685798 -0.0783376402714148 -0.00418310301137754 0.0205066126109662
0.182719892442888 -0.0789528201163981 0.0384787865692567 0.0486045054141726
0.191525237343044 0.00744450918315031 0.0445597621058417 0.0938249004413181
0.174695194763839 0.0960459417865847 0.00550723032165551 0.169615246458621
0.0879440421945525 0.249999829615896 -0.103861741217437 0.156962631737202
-0.0967955908126294 0.259517354391241 -0.186764518751487 0.0393740304476379
-0.265907526330815 0.0992055949320684 -0.123690271436319 -0.0309011433774794
-0.349496919781949 -0.0767898917322001 0.0108426186979847 0.0511092186984121
-0.271799230822346 -0.14067678454957 0.200966290134868 0.0377519413501483
-0.33000813981072 -0.0511011234357267 0.256779068572347 0.184124909968341
-0.281972089560918 0.181027095945173 0.369536920474726 0.0395755297521731
-0.076436306660275 0.318399418846002 0.282827839065006 -0.171592155920469
0.134637950784034 0.201910130904908 0.0577835358670297 -0.191008416941094
0.178758859932292 0.0739482729717683 -0.00963015534475599 -0.101777432718764
0.198920422780075 -0.029100836611732 -0.00411727340699201 -0.0246913712973512
0.176222183288243 -0.0770720771640166 0.0573389017547751 -0.00108370145063475
0.170097638141138 -0.081117442458873 0.100929083491522 0.0254026271537089
0.178751413073482 -0.00448753581974121 0.107938775116968 0.0812782819630722
0.165429115500128 0.0816358742001491 0.0622489387592493 0.175954535095179
0.0816053556899619 0.231740977337444 -0.0603045872106216 0.176711519812954
-0.0996118250003462 0.237075513141016 -0.153454447102582 0.0668404585163509
-0.249535930091597 0.0698661346084934 -0.0869756975789139 -0.019606768721629
-0.302607912405746 -0.102718673141608 0.0880579561642265 0.0831954543876939
-0.174393254583743 -0.141290262004221 0.257495570499471 0.109628971982739
-0.254438830388332 -0.08437975313895 0.279185608917233 0.220714172486709
-0.243481340423555 0.114772933179124 0.340698599181742 0.0978552286074389
-0.083253561793415 0.249831803448625 0.28067543815142 -0.0903821239271912
0.102225389134837 0.164881293744307 0.109604745182727 -0.127852519539955
0.139115096165383 0.0557194188083154 0.0653751551811993 -0.0769236521629866
0.155788462879306 -0.0239499272728434 0.0647739086181788 -0.0368940981292847
0.14039635368122 -0.0654807693835902 0.108884200447266 -0.0209629543723481
0.134954467891627 -0.0708654668757828 0.152408645669634 0.00438106754247019
0.14718858899652 -0.0124389268258127 0.158507710680994 0.0720098685903247
0.13809191794254 0.0629018056189792 0.105133083590573 0.181400354246657
0.0625321325598765 0.194858067069118 -0.0293979093269602 0.190394982976205
-0.0972091227220865 0.189695254351038 -0.127986330988864 0.087113080595707
-0.211178452847375 0.0279522238544351 -0.0570308692015786 -0.0110590725623587
-0.219124682682601 -0.12337393389939 0.14810623756495 0.113308131310284
-0.0450898285006815 -0.113242671784851 0.273107979569214 0.153477629000991
-0.128860337056988 -0.0882295609138483 0.277829796600573 0.225701088175585
-0.144029110784831 0.0431144776534334 0.296106161565334 0.128359662342122
-0.0557138388207235 0.138360530904693 0.260613398182271 -0.0314966661195417
0.0593274098660065 0.0899999825957064 0.145167002361228 -0.081562426565476
0.0771435523139199 0.0228995144295313 0.116894782888465 -0.0616337724976005
0.085999560199641 -0.0190298616815902 0.113498240414649 -0.0495461188673369
0.0831056356682268 -0.0440465751801487 0.140922531003219 -0.0380096164386872
0.0816097521169192 -0.049569021982534 0.189157099235063 -0.0111902435854947
0.0992052254358662 -0.0180891012478741 0.193104255865033 0.0693000292998444
0.0992611550666065 0.0394653314019501 0.132210267711486 0.191180842354107
0.0402110295353412 0.139365154964347 -0.0151589729951519 0.205113402773225
-0.083614264854611 0.123348957636076 -0.118105029352054 0.105616713969782
-0.149357565543041 -0.0155270442031826 -0.0396909901628927 -0.00379996342461259
-0.108449983525022 -0.126835912610691 0.183626014486857 0.138767560082938
-0.0193069937732983 0.0789885804441427 -0.224058113138845 -0.11586781269984
0.0591643433656297 0.0175622460975554 -0.013865353991684 0.0373972335929486
0.0477980929848617 -0.0421708851533299 0.136115304467912 -0.109191658880731
-0.0238530664712524 -0.0504070400708772 0.0260127217786573 -0.227227799517837
-0.0380614126683948 -0.000745586787443246 -0.151056620434461 -0.206181809544996
-0.0179955906492248 0.0192848626230424 -0.240462995359116 -0.0700436901196347
-0.016655213539544 0.0113593008474779 -0.212207686429485 0.0346519459090521
-0.0111772640082453 0.00746182069703501 -0.159677861689021 0.0693870582038297
-0.00166199008751919 0.00122540660444424 -0.138785570528578 0.0783960609413213
0.00632703477800092 -0.00303277736851351 -0.143411473470412 0.0807918422770246
0.010180656548208 -0.0116817485226871 -0.161817423218301 0.0680181297595775
0.0360562402284927 6.75061186882417E-05 -0.224978551948776 -0.000312404210364206
0.0510771800584478 0.0386372429495362 -0.262718245535314 -0.107707810426446
-0.0130599585922166 0.0770113705288882 -0.227832206138005 -0.162423498614441
-0.0746651678936118 0.0753417007209637 -0.251812344424753 -0.111773719110095
-0.136101820285321 0.0594270080705175 -0.176416214386472 -0.135651622697074
-0.0418309877934679 0.0566325276700204 0.0172907722495083 0.0319680162701578
0.000375982395794554 0.052259150759473 0.174907000933662 -0.129802004477384
0.0022391434333911 0.0431607712914844 0.0496127808894895 -0.263217864461612
0.0218460515999207 0.0361764308303753 -0.152800078056878 -0.226887940100353
0.0450049639965583 0.0233444632469261 -0.242679569727653 -0.0803905008777706
0.0530201868898242 -0.0148238909383214 -0.209738875127538 0.0360473677881338
0.0537963112625777 -0.0268094345246424 -0.144862053428324 0.0706154751434332
0.0691350991388449 -0.0225340157369122 -0.120424925777623 0.0864204285505219
0.0800822184430322 0.0167548804726831 -0.12199006232854 0.0917592521085847
0.0673415005543125 0.0491426619440335 -0.142520715591452 0.0913018348942129
0.0340043371286704 0.109834805914095 -0.207019265812741 0.0319733009831096
-0.0273735861984451 0.120559752260306 -0.24940580832159 -0.0744368777689216
-0.127158811343156 0.08079917451622 -0.215359277656881 -0.113565811488777
-0.198333190363037 0.031399231307262 -0.219261949065256 -0.0723533085855187
-0.236629747931021 0.0200508012799118 -0.0987814979794205 -0.132876816449706
-0.154836774327444 0.0758548738580628 0.0713343695462232 0.0427589431166861
-0.0683588294426738 0.144636779749202 0.234238264097583 -0.133131924003667
0.0184043953548392 0.150127676080843 0.0983111748622724 -0.291413380872627
0.084163559871932 0.0829573475528152 -0.132183219508714 -0.24760576021257
0.108363222776712 0.0325617319817198 -0.21922594817775 -0.095976827545564
0.118442870433 -0.0338355425744455 -0.184068863563454 0.0276292484508768
0.110608857705518 -0.057120816781486 -0.109917188183513 0.060875709514832
0.12446544725712 -0.0496293323607435 -0.0774999576546305 0.0825289662428648
0.138946688615324 0.01864552765706 -0.0753977253144114 0.100416958587337
0.122625378324736 0.0810905303700419 -0.100074136449373 0.124633950637784
0.0603888468407577 0.188851055313107 -0.178443730665024 0.081773930075969
-0.0645476378452424 0.195515695851104 -0.23491230812168 -0.027486536361833
-0.203930691237575 0.100650350145999 -0.191664898371156 -0.068562276091339
-0.290017068205345 0.000183865145527339 -0.155817091050025 -0.0256833419176666
-0.301323555365694 -0.0306082660920979 -0.000630146427295084 -0.100972924234445
-0.258951053788249 0.0659937732316312 0.139756210104765 0.0709392482873524
-0.150259420740174 0.211789000398855 0.297686276585976 -0.109156291884286
0.014409051387724 0.250013605391504 0.160732120975208 -0.29349604033805
0.133808468350307 0.133976045417087 -0.0869229510496163 -0.251777871248383
0.159558585789404 0.0446573763509453 -0.169280352082229 -0.107307206170448
0.168656735737776 -0.0449916724235547 -0.136760285727957 0.0124941018745631
0.15075877429643 -0.0805211618477047 -0.0597369696988036 0.0427467697866493
0.157465408349038 -0.075194471673963 -0.0200940154464575 0.0668601387353975
0.174311105357175 0.00667179599719194 -0.0132491676017336 0.0981989840711288
0.161314608400815 0.0867583416253396 -0.0407179184664138 0.149766355801758
0.0910528781479571 0.227277032330386 -0.134424392764533 0.128466852816592
-0.0721378475951135 0.243971571623021 -0.209531035227593 0.0198009980199154
-0.240187798219391 0.117175918863791 -0.158752666924285 -0.0364998652821302
-0.337780194257542 -0.0219331879128015 -0.07261685702684 0.0151825680291898
-0.313879066975137 -0.0826786045490983 0.103899565915476 -0.0445896564422485
-0.321487181135112 0.0263139900136069 0.207192396214936 0.113173918318571
-0.223513392596413 0.229451495489083 0.344640019783518 -0.0568102321017671
-0.0139339438262495 0.311750545991128 0.220872918477159 -0.2542166760677
0.154956941107934 0.173508995335857 -0.023739674741783 -0.231145650095501
0.184597951559425 0.0560705122893884 -0.0970277103841117 -0.108249340096672
0.193910532664967 -0.0473805334135416 -0.0729110678412728 -0.00556523256101066
0.167873456834205 -0.0911145750501313 -0.00159079394010217 0.0190987316891825
0.167750957131524 -0.0894601353545252 0.041242721737938 0.042183786477928
0.182903967362801 -0.00812663571718257 0.0517376199522878 0.086122443039953
0.173620353259797 0.078328272076267 0.0208845797005906 0.160641711669452
0.10533984188607 0.232396708875215 -0.0852549289755819 0.158064529693865
-0.0724898495351987 0.254816701939716 -0.175538793353866 0.0545342740471549
-0.246595928749596 0.112718475123082 -0.121819378578612 -0.0203790888717013
-0.337833945365735 -0.0463571310023172 0.0129633937350294 0.0461636474296825
-0.270604106125044 -0.115110782336238 0.194297128732913 0.0244460962486065
-0.319314331045233 -0.0249236871325647 0.256958901080177 0.158568155526725
-0.255648850677026 0.194007632331109 0.355435663314138 0.00983090707131327
-0.0471130094462617 0.309226760767321 0.254896121115565 -0.184939339756717
0.142860563811403 0.181806465779678 0.0416875790038554 -0.184245491189463
0.176411605310286 0.0570960996255383 -0.0163584832471292 -0.0966143438653056
0.186098476295682 -0.0434061958264166 -0.00326800318644793 -0.023479780773325
0.160305029271711 -0.0889621703534685 0.0551135789771561 -0.00584229547088571
0.155169679909285 -0.0904358311257432 0.0985895443081504 0.0153825247159004
0.169150872070062 -0.0183956680646489 0.109541605346787 0.0693927012455412
0.162917814566089 0.065034214284276 0.0752785146699716 0.162417361548653
0.09807278031642 0.214482912715459 -0.0427693763352288 0.174001601806794
-0.0754183567882579 0.232737767917418 -0.142336105685397 0.0778531793228685
-0.232001709023063 0.0840194395899503 -0.0861767110369805 -0.0118034032473153
-0.294674966568004 -0.0731442274734821 0.0889852382364659 0.0713980774962194
-0.177960103506149 -0.121409288583676 0.253851751249702 0.0897891967106797
-0.24920465916883 -0.061276861568445 0.281965474479142 0.189787496545267
-0.222792368097387 0.127442227844065 0.332096383422416 0.0680674609699253
-0.0585503810031848 0.243835866642246 0.258267189245001 -0.106967430429497
0.108220804046227 0.148346303430595 0.0954261841119025 -0.128300779039259
0.136474743178554 0.0428890793696637 0.055932793492444 -0.0787284322952383
0.144925546390665 -0.0356384874656742 0.0602266762441394 -0.0399350864485566
0.127259317767323 -0.0744206866746938 0.101915242416729 -0.02865840807022
0.122025093112016 -0.0775048574229629 0.145719959346503 -0.00815044566747747
0.137557659537556 -0.0233448687724658 0.156124538426227 0.0565583993874117
0.135695166370955 0.0491262494786428 0.115794025487979 0.164526827257139
0.0762326607765617 0.179590163688699 -0.0121325524473085 0.184614071203357
-0.0771511683324574 0.186268199491983 -0.116549052511472 0.0949484720786853
-0.198280470999828 0.0415539989073248 -0.0565658175448377 -0.00597518758927411
-0.216838094240382 -0.0982811209041151 0.148247750402893 0.0955472358187224
-0.0531777285769404 -0.103113450828025 0.272760211913187 0.130953289275778
-0.130022162356387 -0.0736334486853245 0.281493396648419 0.195943694140992
-0.132353841156714 0.0511751644226551 0.291459848933491 0.101320609535162
-0.0411129577190153 0.134906500722341 0.243736357736266 -0.0487255295307561
0.0620273729523602 0.0798011522766319 0.131622209619335 -0.0871372073657841
0.0738774904884908 0.0159700671358928 0.106857272320735 -0.0681218989768154
0.0788300021588892 -0.0249058117794889 0.105034801097997 -0.0551971448756028
0.0741576217338301 -0.0491020642410868 0.131618929993384 -0.0460997986698453
0.0727416271903793 -0.0529714578557837 0.178381191640469 -0.0256525284093034
0.0916619725538187 -0.0251476210192006 0.188193957842396 0.051670448453872
0.0960409833058586 0.0295655686143612 0.142272345486424 0.171349691021797
0.0499799777725853 0.128118885924097 0.00160944648221126 0.197119803660484
-0.068835293357837 0.121775838244534 -0.105828123952025 0.111325488405753
-0.142546818961205 -0.00434695527301367 -0.0401721067512929 -0.000650232341715473
-0.111793860530192 -0.109726291459834 0.183903652723667 0.117824322400148
-0.0153532011044281 0.0763982277511386 -0.21852034100413 -0.100513837265633
0.055703251596609 0.0150045809318518 -0.00964191670185053 0.0370607811537094
0.0435773745519496 -0.0412652129214527 0.125693553200315 -0.113032609094548
-0.0243579130761956 -0.0455106055096656 0.0132000882224405 -0.219552668489461
-0.0341359974664743 0.00073441254331786 -0.154118732114996 -0.190154778869004
-0.0142357357000528 0.0188904229606065 -0.230981300692263 -0.0544809087122006
-0.0140509474523286 0.0116156021531356 -0.200009626017861 0.0439979313771788
-0.00966507945502033 0.0067861039581389 -0.149355215657762 0.0734343376027257
-0.000431045379840858 0.000871580993747862 -0.128091928858898 0.0818872495554362
0.00681165255625451 -0.0026671356278563 -0.131915802848075 0.0841752290500006
0.00925705048320974 -0.0110033531708908 -0.151520645921383 0.0718671522169755
0.0344812887048904 -0.000777457827100547 -0.215824367459156 0.0103430666906632
0.0482972760432215 0.0336340695521494 -0.25538821847155 -0.0895347312690434
-0.0107861248100833 0.0744386072517775 -0.224333540097925 -0.147911881060195
-0.0678189762903681 0.0743478956824959 -0.247644942973754 -0.0994199723007702
-0.128565907319098 0.0629879179773792 -0.174158412143694 -0.122014939502764
-0.0391881033932209 0.0565111031821373 0.019262188817676 0.0307476175321133
0.00230200519885557 0.0513412702098025 0.161020030835955 -0.134192335741107
0.00558876784962061 0.0434632592750412 0.0343690163946643 -0.255518732502057
0.0247029161555681 0.0340173489784741 -0.155305916817951 -0.210060611527646
0.0462537442353253 0.0197227045883228 -0.2337077650159 -0.064512668896866
0.050399614348421 -0.016813599204942 -0.196501444246234 0.0441442477272132
0.0501833673265267 -0.0289364440791222 -0.13473122405043 0.073132417002756
0.0658397379180714 -0.0254303555571631 -0.108770510336209 0.0879824722977594
0.0786215811274004 0.0119494122907143 -0.110720673309338 0.0936603069057426
0.0668801968679701 0.0448645603787196 -0.130978671995823 0.093140836620333
0.0389236854688699 0.104343439180264 -0.19669148004612 0.0402386021955384
-0.0222359179049853 0.116095612530339 -0.242605964333342 -0.0577493596770598
-0.120274592304334 0.0827988498759434 -0.21092110246537 -0.101206147623589
-0.188130623022157 0.0381348211964623 -0.214201731475095 -0.0631971909517589
-0.225620054397751 0.0291379079704679 -0.10005121410765 -0.122242382036409
-0.146651275547135 0.0789528899156638 0.070789729254101 0.0387053738401947
-0.0587180689357117 0.142433244628023 0.21779171753462 -0.139664553528577
0.0262994451537432 0.144197861363133 0.0794482668514388 -0.284744677608478
0.086403785241007 0.0762521081241964 -0.135605408004045 -0.230553632261463
0.107229212440476 0.0252634440805484 -0.213045416437574 -0.0804099039901948
0.111408110564709 -0.0384319371247619 -0.171531193969744 0.0343551494150895
0.102636867393255 -0.0615561378377955 -0.101653814366022 0.0627117625146656
0.117520057023021 -0.0543013488553852 -0.0684722425239584 0.0816998969630537
0.134679716301881 0.0108389640890627 -0.0648876029323507 0.0997024414190319
0.121254955929072 0.0729472553264723 -0.0881575604223108 0.123108677417771
0.0676104022667798 0.178643951657576 -0.166974775549448 0.0870795320125912
-0.0542951170882406 0.190125736790265 -0.226257262661061 -0.0128379695107083
-0.192206336987891 0.104559100571256 -0.187632959892814 -0.0585857045482397
-0.276633804918427 0.0120679454625372 -0.151165265406075 -0.0203677963847018
-0.289605113166557 -0.0169659436719013 -0.00453780681267215 -0.0952403326085307
-0.246054776696246 0.0739189522075673 0.136668894712848 0.0628483367858018
-0.134079518585204 0.210116095198441 0.279789085432002 -0.119414646875893
0.027146833534294 0.239985174413727 0.139023207782764 -0.288836262798167
0.135262160381727 0.122266903064661 -0.0926593205730087 -0.23713224317929
0.156030792580453 0.0343618826774919 -0.165801718925182 -0.0942127634187556
0.158884269912737 -0.0515793791606428 -0.127023851250542 0.0173321405162236
0.139059109367444 -0.0857798717075852 -0.0543725004257085 0.0427484800368605
0.147378215318931 -0.0795936737348395 -0.014552782870301 0.063578953471815
0.167571187328008 -0.00235934222636168 -0.00625847090656378 0.0945690324246515
0.15876247645056 0.0760235272716505 -0.0289535206958332 0.145038792817529
0.100354177528188 0.213721991410165 -0.122086713689042 0.129069260924959
-0.0586260386716642 0.237097389992731 -0.19952970288675 0.0315174996548424
-0.226130929879466 0.122507567992349 -0.154248532574746 -0.0288700241355968
-0.323123793417472 -0.00570116775142007 -0.0701524315813694 0.0151622073740005
-0.304811615382 -0.0654825174627616 0.0976348630808808 -0.0452808940178918
-0.308368596562704 0.0391318328088264 0.202521992529834 0.100543404798168
-0.20336470140929 0.230655721085931 0.327087274552468 -0.0704481875407943
0.00255274515623846 0.299088906650008 0.197984508164727 -0.254034154850801
0.155892665890078 0.159404744736203 -0.031290679153892 -0.219735362800628
0.179993664528522 0.044447244545128 -0.0975331305211722 -0.0987311434817896
0.182027739800952 -0.0548290511264472 -0.0668196017683886 -0.00295114143131177
0.154812609509674 -0.0968969419783803 -2.76270082854988E-05 0.017940178442324
0.155579170815449 -0.0941213276265127 0.0427758600412376 0.0373830917820139
0.174571469483337 -0.0167966789250037 0.054784690409528 0.0797182309391766
0.170178268567618 0.0674114208981781 0.030161331019623 0.152166332368053
0.114291937791939 0.216669340189521 -0.0727353430708493 0.155936098098271
-0.057423823985833 0.246977337457914 -0.166490297760825 0.0633119927384718
-0.232317150762047 0.118506665579334 -0.118257990816836 -0.0136729077905304
-0.324508609024899 -0.0284822377487428 0.0129241804839082 0.0416758289624343
-0.265460956000526 -0.0981405268058163 0.188017515707944 0.0179411258140636
-0.307789949555807 -0.00945004094309323 0.252312788082121 0.140913820088821
-0.235154451920035 0.197623645176329 0.340660230039072 -0.00723412928495976
-0.0288855455881048 0.298149854082633 0.233050792177065 -0.188315354421643
0.144699551527327 0.16743334758636 0.0331858273520659 -0.177428187571658
0.171167173343579 0.0457494944740697 -0.0201778904523128 -0.0912794548500091
0.173679637951559 -0.0510836615197259 -0.00121363398538154 -0.0230169775487104
0.146917118078445 -0.0944204835502206 0.0526588940419042 -0.00869585159402122
0.142975025985186 -0.0941607444202907 0.0949006069747719 0.0089397582379966
0.159968359346591 -0.0260195581347027 0.108581686884623 0.0606396598342516
0.158560788522615 0.0549621814733975 0.0817957648840261 0.150579792224256
0.105467488658836 0.19997190986905 -0.0308600767313835 0.168768929507075
-0.061197244975001 0.225240026322201 -0.132982400660807 0.0837018351855236
-0.21856358800602 0.0903720620083598 -0.0842481269008248 -0.00768830209056632
-0.284496773853491 -0.0563456561238234 0.0867200687518795 0.0630595319575945
-0.177523186343826 -0.108202153963886 0.247489071265284 0.0777152680182075
-0.242501547383988 -0.0466324325821635 0.278263283282794 0.170941815397806
-0.206971420173241 0.132155728080368 0.32058329575804 0.0497721842288745
-0.0430676676248936 0.23516432446167 0.23982429696213 -0.113702573468607
0.109419218584587 0.135895934789463 0.0859018355928824 -0.125587929989486
0.1316262567461 0.0347863706886093 0.0497481139281961 -0.0783610334847791
0.135222477283495 -0.0414785909581084 0.0576883784352804 -0.0414995413529686
0.115824329088892 -0.0786412386393883 0.0969428032519359 -0.0316433180021712
0.11212649025741 -0.0800216810585933 0.138567036599139 -0.0154741395273902
0.129403142037157 -0.0291936222175659 0.151902243876008 0.0469467453371419
0.131075127258805 0.040638197808532 0.120396740756517 0.150747737540849
0.0826360329766408 0.166418680515502 -0.00245954784652331 0.177473595405792
-0.0646404939114723 0.180212759120021 -0.108091491633909 0.0986158035635359
-0.18716703750424 0.0479040099259393 -0.0563751023654215 -0.00308824179643332
-0.211078940032182 -0.0825948147313673 0.144664329322721 0.0846025750092577
-0.056804541956988 -0.0943672297890932 0.268212972928767 0.116782835110874
-0.128283713932372 -0.0630673939186357 0.277534599120786 0.17669468446713
-0.12373943351883 0.0551805583601424 0.283741041567154 0.0837588696563067
-0.0316409404750226 0.12926295767143 0.227827281685727 -0.0577280183458642
0.0615918536733262 0.0718068023857733 0.121704509035506 -0.0880151804180156
0.0696179085603695 0.0124926843259452 0.0983646788371867 -0.0702830442811673
0.0729887005570115 -0.0272099988697024 0.0980329720849661 -0.057313587483145
0.0671938159685851 -0.0510069747035825 0.124345476678722 -0.0498048040242572
0.0659488576692681 -0.0535129471953854 0.168801148025518 -0.0330797476640464
0.0853218872363698 -0.0284569880523774 0.18137959528425 0.0407032320041456
0.0920911315993996 0.0234034988478988 0.145035189414688 0.156775762939569
0.0550587763354941 0.118538380252789 0.0113221290404034 0.189597230827024
-0.0588030444882123 0.117697148307055 -0.0971561860571583 0.112981501075369
-0.135371950180254 0.00221441058668874 -0.0400206893674142 0.000989275629410817
-0.111055969830654 -0.0980361008032507 0.179940677931954 0.103554186158537
0.000276897195847657 0.0731539598524375 -0.241938206931166 -0.0491442001587779
0.0539132278301 0.00252698665596782 0.000512843359294602 0.0407525660052331
0.0310693008524157 -0.0478504272898896 0.101339784118656 -0.138550016656555
-0.0340480506315027 -0.0373513731656965 -0.0316479607165807 -0.220881796922008
-0.0334669142546247 0.00794831064776426 -0.192366948793649 -0.152929481142634
-0.00914453169619942 0.0226608283811171 -0.234550287758176 -0.00371640866563382
-0.010421901181536 0.0154591144787563 -0.182701651227775 0.0822868461949368
-0.00739430115001777 0.00899467788696729 -0.127028856239658 0.101894281171043
-2.8657750770903E-05 0.00114632434234847 -0.106079594089862 0.107312739906127
0.00525179018173904 -0.00374032006020716 -0.10974950571135 0.112088996982696
0.0043654033661908 -0.0101034620119617 -0.131555185284814 0.103827375408763
0.0288902111638995 -0.00947791637142535 -0.208787196526023 0.0606432101588474
0.0475211496884784 0.0181145613169337 -0.271604131838104 -0.0262866677634534
0.00367808294810448 0.0687568135332968 -0.256667165435277 -0.0983438681027288
-0.0514263581876896 0.0813882775825787 -0.265606633193085 -0.052465137102114
-0.106391806162454 0.0832467014100651 -0.206929433264055 -0.0854630898762652
-0.0251662244273779 0.0610891016816512 0.0233595357306315 0.0264969721460946
0.0130726082440876 0.0461241769599936 0.124306245333824 -0.165016895172546
0.013919767048694 0.0372641952145808 -0.0238245718126523 -0.254680977483659
0.0282511222065312 0.0268507314790466 -0.196710963612455 -0.168228863293016
0.0480283475175564 0.0098677993149998 -0.237134141410122 -0.0102768099479375
0.0424571449692671 -0.0258845885347153 -0.175527721842708 0.0852789668566429
0.0412280211398856 -0.037789644633173 -0.113136739918182 0.0989513758465694
0.0561471105110413 -0.0375075363057412 -0.0870763550991909 0.108598178737681
0.07603013168854 -0.00460978715330222 -0.0876779820846911 0.11783565309331
0.0693004756526958 0.0294774862908418 -0.107047715751795 0.120554924704036
0.0560686032935534 0.0885581749670771 -0.186402173273724 0.0847420094023493
-0.000959889899678259 0.110115513241847 -0.254328814298741 -0.00137690339487668
-0.0981250844735767 0.10166212009442 -0.228387317740796 -0.0598856082003231
-0.173812015250774 0.0741966267666105 -0.218099518378352 -0.0265593921674618
-0.202213973298924 0.0713937369854643 -0.136769598527232 -0.107328777044476
-0.120190173404869 0.104585786471246 0.0714494774552261 0.0203824662363759
-0.0232785658456732 0.143404792592256 0.16956450794243 -0.180873277254703
0.0569300933381533 0.124995189122577 0.0069237793932382 -0.28866683358581
0.0940056885602453 0.0527400420086052 -0.180155406072001 -0.187140118374277
0.10574590579112 0.00279443464019347 -0.218925427174468 -0.0274951527805728
0.0941414896995233 -0.0597897514531759 -0.150227023771219 0.0734329164406105
0.0828826612243671 -0.0785062196150519 -0.0830903903670255 0.0809749227484444
0.0982788636816442 -0.0747568597702394 -0.0496858124961059 0.09382669646858
0.128975170527935 -0.0177002845284786 -0.0423116839444244 0.114510809696837
0.125660500943656 0.0446545794217445 -0.057816544888899 0.141130381902461
0.0989346639165624 0.152312335231524 -0.147876896426181 0.124020570650226
-0.0141876530985497 0.185941075991368 -0.231337819386167 0.03765246546696
-0.162660166762638 0.138780576810886 -0.192964784353459 -0.0255325306831653
-0.263535647974286 0.0700644105146551 -0.142406322956293 -0.000136053981008691
-0.270287617703725 0.0421935541507706 -0.0366181033780901 -0.105378120961836
-0.21371360321089 0.120292874254842 0.13815988779979 0.0264608362248547
-0.0775272992442432 0.221852250651224 0.226886056158139 -0.175958280069182
0.0798148008674239 0.211633193310398 0.05663462992666 -0.300595755614662
0.149368743217297 0.0842611419676115 -0.139432406444412 -0.198432496066568
0.153709049972363 0.000739619025658111 -0.175212033208991 -0.0479876073767413
0.134648451281637 -0.0832963535034657 -0.108298400072203 0.0512101413986526
0.112405118081854 -0.108899117075181 -0.0419770269892373 0.0526017855675392
0.120919217817111 -0.10461357369946 -0.00158849033594775 0.064664567403366
0.157262562729395 -0.0363904804619926 0.0139497638367438 0.0967007844261132
0.16128016638915 0.0408117039164083 0.00428027526589284 0.149278752169838
0.136825112769421 0.178954450416299 -0.094114464341617 0.155122206372293
-0.00752584886562036 0.231096771476773 -0.197636238941979 0.0744899947104167
-0.190036754529011 0.163674433618499 -0.153221481002592 -0.0048379669418427
-0.310857971975311 0.0637235586348038 -0.052556115319082 0.0178347935341062
-0.294930685216662 0.00118944282239485 0.0774774649983932 -0.079735048119517
-0.278247822551893 0.10120878681677 0.210182465243918 0.0461440522146596
-0.136397040571045 0.25551984440728 0.277768711535241 -0.141776902983894
0.0720030955070527 0.270932618841409 0.115760106997827 -0.278772616391092
0.177474097879231 0.114171167183919 -0.0772381373159005 -0.192032734501489
0.177273874492307 0.00451933113512578 -0.110339295010046 -0.0662017514720566
0.154908066006572 -0.0921823326626133 -0.0540853757397686 0.0211753942157276
0.124447739415192 -0.12261123073848 0.0048457336558584 0.0170642205503839
0.125657828858616 -0.12002156626827 0.0476038655888789 0.0271387336842811
0.161107618471402 -0.0508531734117245 0.0698294890547464 0.0685016224559639
0.170629305036231 0.0302072276430192 0.0647870903615517 0.142991852386531
0.15060695126292 0.179167462688519 -0.0402263789939533 0.169668182856375
-0.00397604786120691 0.240379390273889 -0.158227279481716 0.0977339547601871
-0.195597096905843 0.161358894297934 -0.114328197281072 0.00229726423175832
-0.315344856871151 0.0436634516949986 0.0356557374248591 0.0273221829874943
-0.264538232044843 -0.036033179770419 0.183620921707453 -0.0362431356520713
-0.287288339102296 0.0561929120212317 0.270523039174426 0.0737204553641644
-0.171840611160657 0.232429804069615 0.305472955476945 -0.0853607673787971
0.0432853817896209 0.277135591861711 0.162547466007434 -0.223802678678897
0.167930893994445 0.123117525369123 -0.00688941496278858 -0.163823945361061
0.168759997010129 0.00697826123646418 -0.0346411099011332 -0.0749900120760778
0.14861006419346 -0.0873742101230368 0.00392463826243186 -0.0111736680836027
0.117841165537183 -0.118812576278762 0.0500629072567943 -0.0187509731870338
0.114434707861197 -0.117267655385207 0.0924773393434619 -0.0112211857006329
0.145536226982291 -0.0562960442433439 0.118600846641041 0.0384512910577207
0.157552413190709 0.0213422992190006 0.114729374745359 0.129943490391918
0.13922713290984 0.164983879576084 0.00392652296884986 0.172699664925309
-0.0110775259159316 0.220645489181539 -0.12034549059444 0.110594997142253
-0.187741418728533 0.131701672273301 -0.0790412615916907 0.00212059552597806
-0.282387912883275 0.0102004190758606 0.111936300634312 0.0360009703574788
-0.185274794441054 -0.0615200997403799 0.261343439090981 0.0137487402482158
-0.234094965836048 0.00829991508357801 0.305527261974149 0.099251637738932
-0.159783250050513 0.165883944862905 0.304652300582747 -0.026481206844951
0.0158507319382096 0.222828353317107 0.189558061126602 -0.155576825781001
0.129166901173376 0.101169642197063 0.0554181914493227 -0.12779495551995
0.129038286942744 0.00474618326600064 0.0345165219388605 -0.0788963188355775
0.114826434121091 -0.0693052683213787 0.0546128065068289 -0.0425724863740673
0.0918629416699492 -0.0975129494959054 0.0875732987016408 -0.0506581908754585
0.0887178945787273 -0.0974390859053971 0.129741955145908 -0.0444872063931107
0.115922442907957 -0.0527597979469079 0.157514699031207 0.0146868180716826
0.129006894395825 0.014050735699338 0.152187785980959 0.120617328596139
0.110615827368297 0.138914270359333 0.0348784477678216 0.174477259853582
-0.0230590127038545 0.179665888633989 -0.0902136452018931 0.118581667606115
-0.166990140314975 0.0851418833214353 -0.0509150361278302 0.00335473673233018
-0.216730534176683 -0.0297558400731529 0.17100282541279 0.0480056980805927
-0.0713595795895524 -0.0730085524034226 0.294749206891352 0.0534850987811291
-0.130900900466068 -0.0313041742401448 0.311271397536707 0.108382959747671
-0.100243208104787 0.0761485965875618 0.284430402681327 0.0163689139608247
0.00214496448913667 0.122665228980562 0.198154319962449 -0.100919386730754
0.0710751844606707 0.0514338534849636 0.0988136036601698 -0.104081313499575
0.066163916491171 -0.00344014530365324 0.0818512923234061 -0.0855835290345563
0.060519533989905 -0.0424373043105934 0.0871681526571413 -0.0701057367184817
0.0512989956266554 -0.0618599067885964 0.109477344590174 -0.0732383061910969
0.0515302545725409 -0.0635585801275926 0.154955919816648 -0.068137307353907
0.074178804278318 -0.0431287615575077 0.185516517650957 0.00152932220055623
0.0899113397493072 0.00587499266359756 0.177842284393029 0.120592707366893
0.0740682302776285 0.0996545844327591 0.0519258553610963 0.183099748746861
-0.0314427739985045 0.120333576847096 -0.0735603553219097 0.131035657852945
-0.126891655037824 0.0311183788752553 -0.0349998110953982 0.00681983469648388
-0.124735493025647 -0.0660376352885761 0.206041897500176 0.0632727421299124
0.00339893207131888 0.0737010669216853 -0.243963610954062 -0.0407336286643293
0.0531548594466888 0.00223988193200544 0.00276902346624173 0.0405250442859872
0.029475995752634 -0.0482156029334367 0.0939574624353885 -0.143697956711935
-0.0345903169555169 -0.0350506193773206 -0.0414316154871104 -0.21945399859588
-0.0318357007039773 0.0085393963221353 -0.197854286899728 -0.145821977969917
-0.00640464893776742 0.0211910308659941 -0.233747642708824 0.00603570572079723
-0.00844800560730146 0.0154232251188791 -0.178857340848567 0.0899774789099631
-0.00646992679840029 0.00855412642410023 -0.123629713042661 0.107407281883945
0.000897020310584569 0.000226607299385429 -0.101756725526434 0.11121215953633
0.00592446615414664 -0.00435493158258224 -0.104647096719833 0.116650314303397
0.00454899918634137 -0.00943658968173406 -0.127488042923439 0.108301805809932
0.0281098045322749 -0.0101668492446729 -0.206371032366954 0.0705254262873458
0.0464189245146419 0.0163488154435374 -0.270955480952135 -0.015660884935641
0.00530562893302526 0.0694205927977318 -0.261190318738558 -0.0911973537968638
-0.0479481838602724 0.0827525305766046 -0.270712189179117 -0.045492071292768
-0.102753802174734 0.0875918192208386 -0.210060142050983 -0.0786606938279322
-0.0240918878936991 0.0628349622454454 0.0247179440524847 0.0254475363565335
0.0152437854735434 0.0468245014119955 0.115887919994922 -0.17085554572794
0.0168608210984211 0.0377078853618404 -0.0350499073282799 -0.254135190735816
0.0307582028011831 0.0250474180624137 -0.202967272957834 -0.160719518314953
0.0499499062870097 0.00696253849912474 -0.236194440072808 -0.000300492494132514
0.0424100135924778 -0.0277985590167475 -0.170383196968758 0.0913087484675257
0.0391459821113805 -0.0401463302465273 -0.108501145301154 0.103072321220095
0.0552727251507258 -0.0408009213136749 -0.0818326203516572 0.111326491685794
0.0767881738951807 -0.00838155416029494 -0.0816598713743874 0.120511408722858
0.0711321133087484 0.0277190008164172 -0.101550897555531 0.124607390285247
0.0600773222814772 0.0865384012823931 -0.183359245431294 0.0942207503415386
0.00208365408477936 0.110841744925805 -0.25389476658682 0.00952138895410105
-0.0957866763361753 0.105800705474434 -0.2325373035245 -0.0528772628141566
-0.17156380667841 0.0795975804805731 -0.221885354460645 -0.0206755228051224
-0.20004712161588 0.0791260628418322 -0.139828822034579 -0.102417541471494
-0.117825009952354 0.109453325162988 0.0724540347861899 0.0177087553343637
-0.0167554310405938 0.145158393047408 0.160549247882631 -0.188668330557344
0.0634311060469008 0.12371681196215 -0.00633289403514689 -0.288614033951487
0.0978188517072511 0.0490752200056676 -0.187486854813309 -0.181080426568079
0.107268611785279 -0.00295109986165085 -0.218761468626804 -0.0185356106626534
0.0921307012674112 -0.0641870331282027 -0.145623932348239 0.0776049718828257
0.0789183718775558 -0.0831122958070998 -0.0794903473942548 0.0841905117562155
0.0953631257670882 -0.0796756175635662 -0.0449847919850958 0.094257173297399
0.129270000835688 -0.0233764635000383 -0.0363526366542882 0.114985681346808
0.128850251773569 0.0403717892072859 -0.0513339002926236 0.142608429686428
0.106751358911918 0.1481646077713 -0.142758537886345 0.130803417760389
-0.00849498177650058 0.18758815034854 -0.229604111565473 0.0480763680566152
-0.158533803737474 0.145246066401371 -0.195642665151722 -0.0190935344237626
-0.261204052934735 0.0795727038267185 -0.144678803728957 0.00363634026367346
-0.269293895697657 0.0519700414119831 -0.0395829879060029 -0.103426069865494
-0.210162632510144 0.129110803340928 0.13903063070459 0.0215660132227052
-0.0676903474806189 0.225730444345975 0.217893976567207 -0.185744265726719
0.090082560690368 0.209148548428035 0.0433258191561286 -0.303156626935459
0.153999475824514 0.0790276202926329 -0.147582288910124 -0.193463132173924
0.154235766748734 -0.00667181979255593 -0.176624101703911 -0.0406036317082537
0.131042940291381 -0.0888672545447041 -0.104064723019239 0.0532904740759017
0.105978687304716 -0.114474262366957 -0.0394043822737983 0.0533325861197295
0.116702255116879 -0.110459513957096 0.0019541460000816 0.0629298368629423
0.156265668973442 -0.042990210045564 0.0192960174789861 0.095182888757893
0.163781428216603 0.0345415889114226 0.011805903130332 0.147846312470991
0.146364314122138 0.172424512144723 -0.0874481528301117 0.160060357251657
0.000898266118881494 0.232077934419052 -0.194497405527724 0.0845247055418227
-0.184944796601121 0.17098779496229 -0.155363548742975 0.000485339703147038
-0.308237497158705 0.0762251107309783 -0.0540183753562233 0.0179842753129602
-0.295008054497135 0.0128254384829858 0.075211668849831 -0.081360280911925
-0.275859748454624 0.112517333911479 0.211951043568842 0.0389372750103418
-0.126077375380928 0.261602723759899 0.270661263074368 -0.153103106623252
0.0847999503006934 0.268403715980288 0.103126963626196 -0.282082263991671
0.182724044398438 0.107490327550876 -0.0847516354797724 -0.188492173113223
0.177848238001417 -0.00340076148768806 -0.112508729040034 -0.0603588499896012
0.150425262453535 -0.0984765980565709 -0.0508624989176934 0.0212159148824622
0.117010259636302 -0.128596909132118 0.00601150605804637 0.0163188570146725
0.120355356897216 -0.125768654572344 0.0489387419927478 0.0233456027167935
0.159050501728968 -0.0574397636988346 0.0735471535925386 0.0649286530099301
0.172241051202085 0.0238475567981275 0.0721803001040056 0.138462176999386
0.159754457622667 0.171560420779966 -0.0327554595641608 0.172489397649306
0.00596871656786035 0.240777083754886 -0.154098354110257 0.107314520654103
-0.190361006817808 0.16918114962982 -0.115474266275342 0.00679779773064291
-0.313263968712309 0.0564315368281296 0.0353981608902516 0.0253013807055095
-0.266310684085404 -0.0252597774372543 0.183905479424653 -0.0411733657071071
-0.286458273996911 0.068446073107651 0.273473575771405 0.0637272422107207
-0.16228637267938 0.240068706171725 0.300683837533092 -0.0974426461762434
0.0563077729006385 0.274882752587714 0.151443666408466 -0.229075169206302
0.173353051517671 0.116486720290447 -0.0133645443605492 -0.163405122860854
0.169580818430316 0.000384644392988357 -0.0376926828199899 -0.0728474561999818
0.143868378169839 -0.0925694761521459 0.00537672809831022 -0.0134640565511216
0.110325654762721 -0.123930345906353 0.0502189806492614 -0.0217240332294322
0.108495360894398 -0.122118447466819 0.0914865246990811 -0.0161777746831112
0.143295832340717 -0.0617626750004846 0.120485029316872 0.032758509705692
0.15871290788704 0.015262026654038 0.121621456214566 0.125002554955038
0.147062225796973 0.157783903991191 0.0123037170486295 0.173275941770903
-0.00217222393634695 0.220476443980286 -0.115158692792983 0.117979616112292
-0.182716875557544 0.138625370646726 -0.0807383711008327 0.00578519947560347
-0.281161158333509 0.0222745089875118 0.112297091118064 0.0310103752971097
-0.187897051132675 -0.0527757555323146 0.264299921466868 0.00675323217028486
-0.234520470099558 0.0188635168845852 0.309379605868044 0.0884930088346549
-0.152143340081279 0.1731424031351 0.302242911131893 -0.0382769657008995
0.0258569636521745 0.221575609138543 0.181210808209927 -0.161303940145961
0.132884098702606 0.0955973316015608 0.0505803468366786 -0.129552448578764
0.12894189749383 -0.000359505533999449 0.0310712038763814 -0.0799990942028691
0.110627245597783 -0.0738814866046355 0.0540430563196147 -0.0459487751185127
0.0856106816342544 -0.101762964354653 0.0857825156490811 -0.0541640557519485
0.0833178023802777 -0.100514266734023 0.127564205546346 -0.0500750837568833
0.112726383138218 -0.0572095220156812 0.158393313236616 0.00800885863026566
0.129006239977147 0.00908572454872454 0.157950185656853 0.113725805382244
0.117262739401998 0.132590545322238 0.0427212345122319 0.173688619947082
-0.0159027861380659 0.179418220444948 -0.0851905989705112 0.124825992279156
-0.163391851224917 0.0913502633470824 -0.0521880889536394 0.00659751763774699
-0.217028971832023 -0.0207626095183046 0.172214668461644 0.0417506052302008
-0.0743404056868835 -0.0680072954992833 0.299246265663296 0.0451425130765527
-0.131677199442567 -0.0247471632287874 0.315363936222049 0.0969582389967328
-0.0963065381761584 0.0803763335754887 0.284907728475817 0.00575035874963363
0.00681562062917635 0.121983976203592 0.192524907422993 -0.10657565211755
0.0717951792705882 0.0483447784488251 0.0945622896620391 -0.106800501019377
0.0652277068444491 -0.00493480699491014 0.0780256703085433 -0.0878826026619484
0.0580553928715665 -0.0437772178912147 0.0852848467748081 -0.0741584267332698
0.0475277528677157 -0.0637100288181798 0.1079457921283 -0.0777070410920155
0.0477989849529553 -0.065175078564781 0.150993352710835 -0.0744064443418276
0.070972825817308 -0.0457891899574887 0.185187331880851 -0.00600868823653115
0.0888056935529538 0.00216226353349845 0.182704045377829 0.112863358281056
0.0780386488426808 0.0944685723284867 0.0597947366538119 0.181003439679925
-0.0260826433883138 0.119657741302099 -0.0687191681995412 0.135529628161649
-0.125138285398459 0.0354041690630012 -0.0361101357654677 0.00944265460675065
-0.125979489784254 -0.0595745408696521 0.20807778557858 0.0557422908192286
0.0087108485227204 0.0740364043384415 -0.247636058649811 -0.025120076019857
0.0524839273672028 0.00027806458525708 0.00547505913838772 0.0406362087346568
0.0266295188749282 -0.0497500841932028 0.0827804414547336 -0.150559873770165
-0.0360863037555167 -0.0318786184523994 -0.0568229369782785 -0.217803075513914
-0.0306665468446226 0.0103021077482041 -0.208657638215764 -0.131979693332896
-0.00395203452196629 0.0203408118979167 -0.232840419875726 0.0221017726880496
-0.00593503925863116 0.0151851862386716 -0.172483221350653 0.102636696208629
-0.00506723855996476 0.00878667520369952 -0.116586105837936 0.116301938477953
0.00168473721488219 -0.000821649674889884 -0.0948259930932423 0.118201754907177
0.00645750719372581 -0.00503465874906657 -0.0963813626018632 0.124233467178891
0.00487887866115646 -0.00870443965634695 -0.120950869695763 0.116744582286567
0.0274160983746289 -0.011100165272722 -0.202023501369395 0.0854879502071515
0.0456026114372313 0.0138282160223366 -0.271892369515292 0.00295411903530484
0.00906469847949539 0.0701328199548878 -0.268985450291063 -0.0771108079846503
-0.0428875908530574 0.0854055504250668 -0.278149452067764 -0.0294776161317132
-0.0967844116711992 0.0942996237702297 -0.21663353004173 -0.0655072627338765
-0.0204580259286204 0.0652408879547938 0.0264635642599124 0.024218109143946
0.0193177877438457 0.0463982370007917 0.102645977488444 -0.179261543198487
0.0214088161240205 0.037452834804262 -0.0531951555649265 -0.252433008728079
0.0342467267323412 0.0230787373939331 -0.214780134814925 -0.148263907334492
0.0516426290545479 0.00180372402452099 -0.236158439339417 0.0159015154187468
0.0415298690905495 -0.0316167875741522 -0.164038736324279 0.102347089304
0.0369081592269642 -0.0436686816753895 -0.101686681799985 0.110303136766157
0.0529892953021859 -0.0460112995784986 -0.07397911758169 0.115905591572084
0.0780056999113963 -0.014478827318674 -0.0727585170765622 0.126259035939387
0.0748525801359502 0.0235422847288642 -0.0930740677448319 0.131262637629793
0.0671444120808985 0.0829651852871043 -0.177793095380065 0.108403280900158
0.00769384909421624 0.112133361288523 -0.253628047832916 0.0268661669942329
-0.0904015090243569 0.112925875218408 -0.23812309111707 -0.0402708611596212
-0.166723934859483 0.0910933106960931 -0.227030151936552 -0.0082551840355893
-0.194763581725323 0.0922317020925955 -0.147163760331666 -0.0941048719437955
-0.111469004800539 0.117647107543797 0.0731662018880606 0.0131928460952845
-0.00636712489500159 0.147915714321819 0.146266922456161 -0.200458629868293
0.0739519942319932 0.120438068220266 -0.0264684681374726 -0.288780031678278
0.102652414395074 0.0425360278350503 -0.200824200586436 -0.169607928994872
0.108489328614408 -0.0117888202274339 -0.219915804848171 -0.00359181557211608
0.0886421955450364 -0.0714929043222095 -0.13986972307021 0.0859756816953879
0.0723944556433854 -0.0893919344594232 -0.0739161400678246 0.0888704711125828
0.0903881098188699 -0.0879737875096762 -0.0381778642417138 0.0964147181854905
0.129885819431362 -0.0332112282208297 -0.0274648652783906 0.117139014552907
0.133407883090523 0.0321755707459382 -0.041268926355766 0.145418892177447
0.119063936051397 0.141366830611475 -0.134258498156736 0.142214554637837
0.00332204296689002 0.190589767900018 -0.226921970652527 0.0647902947592892
-0.150940888659068 0.157251252548668 -0.199317773113355 -0.00800665315813449
-0.256601759068364 0.0979665349674941 -0.147865222721363 0.01030268243283
-0.266922455366909 0.0693613642524605 -0.0461187406114048 -0.101242246302502
-0.20375337121496 0.1431245647117 0.140482608970317 0.0133183181243594
-0.052466024108875 0.232432183693922 0.204275400156318 -0.201079152020066
0.106619514539615 0.204534727111628 0.0212479981777432 -0.305826920170212
0.161559698764664 0.0692893977442791 -0.161533191901915 -0.184526540324906
0.154957999544634 -0.0179273665257523 -0.179188892443093 -0.0281829502414953
0.12551426118094 -0.098771803063748 -0.100245376570445 0.0579743237063481
0.09688656390343 -0.122772692919758 -0.0355962785326583 0.0555058164784328
0.109138140575064 -0.120039254878994 0.00634000916176914 0.0617454618991877
0.155272478652974 -0.0544093253368101 0.0272198465662774 0.0929959993864281
0.167955914931203 0.0235520608550171 0.0233685065999166 0.146733722593235
0.159511327943441 0.162544532518171 -0.076803265473341 0.167799173833072
0.0160769306640869 0.23365077579324 -0.188976875769013 0.0996373775955237
-0.175542797067114 0.184578242893841 -0.157876274840136 0.0101803501047983
-0.304030598638446 0.0974802905627455 -0.0549632482376869 0.0204038584810558
-0.295345485099578 0.031607153131424 0.0711969298552557 -0.0859505741373463
-0.270653651416815 0.132001858952194 0.214804561651381 0.0252068440996356
-0.107925952651612 0.271726899026829 0.259657413903242 -0.17167924155469
0.104857403718885 0.26403526589066 0.0818423848047038 -0.288707317274981
0.191810277806012 0.0959977355999873 -0.0976189447697611 -0.183624123114742
0.178942035404844 -0.015635926580294 -0.117014714704337 -0.0523712215700297
0.14418905734367 -0.109362460668759 -0.0487652829601679 0.0222533592030367
0.106335545445138 -0.137283540234147 0.00762871724835179 0.0149262005990343
0.110971329926899 -0.134924607238951 0.0508684117071638 0.0193246604191105
0.156713851866442 -0.0687949893289164 0.079178425173797 0.0589945483145795
0.175131793566724 0.0126210076703559 0.0835121324351364 0.133142169144016
0.173863913428518 0.160265355426421 -0.0206458671229328 0.17646967506022
0.0221614623867333 0.241186314395588 -0.146936380956436 0.119755358297036
-0.180389789558239 0.182274903436139 -0.117161530207757 0.0147785977397115
-0.310533362985316 0.0789578632890299 0.0355576998136243 0.0220197130025005
-0.268614885383559 -0.00644978738004384 0.183639820839609 -0.0517470732598614
-0.283604335175941 0.0888976684276549 0.277359110492945 0.0464690423911084
-0.145701735437992 0.253515286686989 0.293772834655133 -0.118351931174902
0.0762322273469613 0.272171885664091 0.135137753778508 -0.237118738378048
0.182286527495768 0.10556137584471 -0.0239023218866253 -0.162202001380324
0.1701005811199 -0.0106117918906792 -0.0426720817362201 -0.0696468106484105
0.137596451474617 -0.102620719510536 0.00538861062117188 -0.0157864748512234
0.0996880156902032 -0.132117661267245 0.0493103315415307 -0.0262770732593478
0.0994633405742029 -0.129761555796558 0.0909849124139284 -0.0238277304731424
0.139423587490007 -0.072246590360736 0.123663273706308 0.0237825314847571
0.160361680651832 0.00470507834291043 0.131188315453196 0.114971223952232
0.158854174575217 0.147117311581039 0.0250734766740786 0.173992029113448
0.013144227464547 0.220779270971754 -0.107507977191483 0.128760636397865
-0.174471151774166 0.150728531894796 -0.0818707090569027 0.0124997941023389
-0.279787077430992 0.0420708609996824 0.114151402478318 0.0235843828591307
-0.191990089792889 -0.0387585224278261 0.267422829248586 -0.00883771927612643
-0.233317844705802 0.0359963615212661 0.315791648927242 0.0681958242660124
-0.139495123165563 0.184260728341686 0.299546451925103 -0.0583965729217057
0.041592487488673 0.220267845107289 0.169062322380614 -0.171792329020349
0.139662788650019 0.08739175364847 0.0424296733312441 -0.131618164305741
0.129102241509257 -0.00813602318666172 0.0266152043607266 -0.0811183297217492
0.105853999491538 -0.0811431168379479 0.0524640274710055 -0.0517622540636486
0.0769996829709539 -0.107543643831384 0.0835734930428665 -0.0609861118634319
0.0761421575861792 -0.106259225296998 0.123786596063208 -0.0596074632767766
0.108712523140014 -0.0647429292965477 0.159557384092215 -0.00309240195863651
0.129511392762847 0.000485947758194601 0.167674812925009 0.101930846563927
0.127090294664977 0.12346204887303 0.0553214570643923 0.172014035569419
-0.00371431321268003 0.180095904029812 -0.0771971243301406 0.132893323187271
-0.157953961204358 0.101647413418321 -0.0536178522983814 0.0110502520941224
-0.217589740780466 -0.00469230790327749 0.175671889477815 0.0296437133896778
-0.0787348737864341 -0.0605927755065538 0.306780396011365 0.0285881775851137
-0.133092765085332 -0.013749194714778 0.322784939345825 0.0775486900351468
-0.0907775013005059 0.0877787546199306 0.28593658108487 -0.0129659911764515
0.015747342901483 0.121571175182467 0.185064174783065 -0.117881129862205
0.0742846736357143 0.0440867271869678 0.0886654599143239 -0.111980327058386
0.0642483714537807 -0.00830524462470747 0.0729640083977256 -0.0930153344359237
0.0541314628085998 -0.047353375041693 0.0819130601064019 -0.0804482721631172
0.0415689460849568 -0.0668318242690318 0.104369586930701 -0.0854192130154854
0.0428881963710482 -0.0679444748092318 0.146232251738219 -0.0848811034702496
0.0668630761269635 -0.0500633106594144 0.1853148150153 -0.0179744608630812
0.0882892883190687 -0.00334243918568164 0.192052737161598 0.0995046189945115
0.084627194564869 0.0876542093896021 0.07223741276149 0.178506879504178
-0.0180474403124973 0.120344282888848 -0.0595784753965973 0.14251019745194
-0.122381284555928 0.0426916488158944 -0.0374080184920605 0.0132287553364389
-0.129811525031061 -0.0500772945145503 0.212486278977478 0.0415005418740519
0.015963410404385 0.0715497836608947 -0.245237465989997 -0.00356396531545569
0.0515784118711673 -0.00374323289093446 0.00881285118546113 0.0398532211335387
0.021418925778911 -0.0510544087629959 0.0674909853807018 -0.154456301954792
-0.0369878101705962 -0.0274793090593064 -0.0746227217479715 -0.208381663286951
-0.0282121353948312 0.0121161756409819 -0.215903724228144 -0.111526673641833
-0.00124155922364743 0.0183581077951155 -0.225347608905975 0.0419899443341423
-0.00318579326865223 0.0140786985445494 -0.159036032637994 0.116145526877308
-0.00381584745277297 0.00820358673067852 -0.103682128502156 0.124469943307132
0.00188306338995785 -0.00184983349338206 -0.0824730922394915 0.124053862471087
0.00700585194253692 -0.00608859874797735 -0.0829835964843057 0.129365443274593
0.00473473129612758 -0.00824360345777101 -0.108351655446344 0.124903363570257
0.0253396567674099 -0.0125698613305894 -0.188998301410225 0.10286272658765
0.0433618706390247 0.0106270993498706 -0.264694095377848 0.0258648027756717
0.0141480563673034 0.0684904164190749 -0.270601849873856 -0.0553593048356452
-0.0338098908109536 0.0863656110386996 -0.278999413132037 -0.0075261529760264
-0.0860707376242231 0.0999206700117882 -0.218266452591908 -0.0458072487267117
-0.0152239240247755 0.0663918424925632 0.0276369201330078 0.0216920464852847
0.023066032990729 0.0440034372523181 0.0832102675455982 -0.183945584928095
0.0253666649481974 0.0355444111981175 -0.0742580660314718 -0.242485620141136
0.0362702775269265 0.0192694663759822 -0.223256961933871 -0.12614984009211
0.0518101669206048 -0.00421982423600667 -0.228751711371061 0.0361987624881039
0.0385758641384782 -0.0355702320208764 -0.151152885581718 0.113817082730042
0.0317706762161401 -0.0462320958050761 -0.0900259114753248 0.116539803403281
0.0477235725716756 -0.0509072678823473 -0.0628322473085207 0.119836400438256
0.0759382965950882 -0.0217785487967408 -0.0594962730209677 0.128953458397052
0.0767240100156853 0.0167771443749525 -0.0797728903250507 0.136055590620729
0.0738705564951961 0.0757233472380988 -0.163830470594791 0.122798108519041
0.0152401708687498 0.110706128624729 -0.245065542493226 0.0487090218398956
-0.0799118998704269 0.118568338047764 -0.23843993731671 -0.0211129572027224
-0.154329538998432 0.102931602461037 -0.227264151012149 0.00933565756849965
-0.182454264616517 0.106499855353393 -0.152770030329097 -0.0799365188390028
-0.100247973297576 0.125202702985905 0.0723153658479843 0.00780709894843747
0.00699320654721403 0.145177091021778 0.123257042121764 -0.208712561050608
0.084904835349787 0.112169515994927 -0.0519381656544757 -0.280012221961166
0.105308004686589 0.0327142040128277 -0.211434001793121 -0.148726119751508
0.106010223138688 -0.0221373307279478 -0.214825092190467 0.0162679570174615
0.0808128738753934 -0.0783337015850955 -0.128443907235754 0.09482415959525
0.0619833809641305 -0.0941067986222226 -0.0645828749741214 0.0924439120125927
0.0802822428346191 -0.0954670186753657 -0.0285787133883578 0.0963559192329273
0.125070064008939 -0.0448867483449197 -0.0153221980298308 0.115618219407991
0.134471402605175 0.019916792310152 -0.026875412054747 0.145133637610212
0.130101907385172 0.127721499444508 -0.11896657105464 0.152722546573037
0.0190371103870392 0.187215209140214 -0.215493469128111 0.0845284975629888
-0.135287400520392 0.167450867643232 -0.198038795385683 0.00817470223820464
-0.242096865677609 0.117930217009861 -0.1465847959214 0.0216091022528494
-0.255498307931225 0.0906377407095177 -0.0540783049276995 -0.0950836353098524
-0.188066708349054 0.158511241766365 0.137774202150781 0.00154148006548211
-0.0303254186454527 0.232573883368304 0.18025826603166 -0.213671934624171
0.123883887180434 0.191515963001033 -0.00687505789982239 -0.29935121390293
0.165698887484501 0.0536358722519398 -0.174557467508215 -0.166553442098274
0.151030132526305 -0.0318714214636093 -0.177422414558356 -0.0110812844540519
0.114556816445779 -0.107837307682006 -0.0921700241979489 0.0634096332032492
0.0819813346337101 -0.128668143196166 -0.0298454972497662 0.0560312315924812
0.0951004010566161 -0.127887257008077 0.0112685136285484 0.058669399078109
0.147997460056003 -0.0680430094066769 0.0358440188192345 0.0872907314249357
0.167796432564125 0.00837998911350537 0.0359181372223229 0.140191830975148
0.172371754798618 0.144598494215462 -0.0596620295882651 0.172826645526926
0.0362784706729904 0.22920908892573 -0.175688632703452 0.115332023459743
-0.157125752000042 0.19622339105264 -0.155489909017325 0.0232942496791043
-0.288569226270849 0.121634196167982 -0.0543618132517961 0.023370922386395
-0.286501787868552 0.056680865638948 0.0627286317061654 -0.0896254846006792
-0.254179077567433 0.152256758474572 0.21096897180187 0.00678347464681714
-0.0809113032123763 0.276427274204409 0.236141253931113 -0.18954435117362
0.127235113671291 0.250676267741407 0.0542036519245765 -0.287784768358765
0.196654714986603 0.0770716245015751 -0.112188941858697 -0.170908937659844
0.174629327150108 -0.0314400229421444 -0.117851140817371 -0.0401735054384096
0.131096994361133 -0.119784758537165 -0.0449501195134228 0.0238028920536676
0.0901688465889913 -0.14373627312083 0.00917422701856351 0.0124013054207182
0.0956714845686533 -0.142062203852215 0.0512439064721981 0.012989285463432
0.147806428112259 -0.0821662831222567 0.0835067163345336 0.049580568167423
0.17377482962078 -0.00325225769573229 0.0937612535189129 0.121585228101087
0.184989190402032 0.140874894902867 -0.00364197872039246 0.175257313912312
0.0430647833689312 0.234806689295152 -0.132558088148001 0.131945140100023
-0.161939194816076 0.194217235818959 -0.114955796948751 0.0251100338986587
-0.296040891584879 0.104864571073625 0.0356838553192723 0.0174747110851163
-0.263640805756931 0.0170629505381778 0.176455429374419 -0.0652281715301792
-0.269738503293461 0.112295540013247 0.274115804695574 0.0222951586348888
-0.119110311324346 0.261221923333411 0.274710101853423 -0.139550032987245
0.0989988161994858 0.26027749501465 0.110755990793242 -0.242123226573291
0.188238018935536 0.0878963517146453 -0.0370843150666994 -0.1554759751428
0.165939252760464 -0.0248719363000626 -0.0465582133441543 -0.0635793884666856
0.125429615344257 -0.112321506487044 0.00503767987331089 -0.0182755719418947
0.0840019744941042 -0.137823578355369 0.0468047153834089 -0.0307937559474478
0.0847956178133205 -0.135702030564641 0.0867375084881111 -0.031390069670109
0.130205748515175 -0.0825488760251074 0.123506101532416 0.0119351306272198
0.157657432891213 -0.00897393019131932 0.139287470513052 0.100092974160626
0.169063840264905 0.128591039518898 0.04031575118927 0.168843761471919
0.0325825825096912 0.215048561784373 -0.0929594028404622 0.136844344710354
-0.158273287742097 0.162465117986951 -0.0805731937496422 0.020795535859827
-0.268314897999673 0.0665488832773692 0.113514727172501 0.0119462084345431
-0.190681571394511 -0.0198254373225149 0.26282494467302 -0.0299616002342921
-0.224688891609904 0.0569221157274108 0.312899028888218 0.0406359845311242
-0.119539755096079 0.192947154793681 0.286282709030102 -0.0817795135501157
0.0605536576230288 0.211873859248779 0.150776290153315 -0.179988253834627
0.143990179928462 0.0737326206486045 0.0307180663096385 -0.131853622124034
0.125997223252988 -0.0184616382683313 0.019908105891357 -0.0809023301747799
0.0955087841098345 -0.0880697129349378 0.0477387406599543 -0.0562353688388767
0.0636899610576418 -0.111437482025678 0.0776023703019916 -0.0674261300435513
0.0641826154319837 -0.110380948985541 0.115640590996708 -0.0693541738300096
0.100553702936583 -0.0721404066972956 0.155880959154668 -0.0172041952373842
0.126611394906007 -0.010354916500659 0.17329572984597 0.084041618548029
0.134754742903143 0.108393332154096 0.0702555388695271 0.164023948960093
0.0130015626568567 0.175439032109382 -0.0637091082380714 0.138432319648255
-0.145176562323464 0.112617600434059 -0.0519771053561441 0.0171572476139522
-0.212223259834739 0.0151673565224519 0.17450670071356 0.0136031064076992
-0.0811600692651207 -0.0508401355205908 0.305519850689257 0.00365278756074175
-0.129666794671351 -0.000259480285850079 0.322426292479493 0.048143985008187
-0.0795533381895469 0.0939509975080035 0.277679692235713 -0.0364228811418373
0.0257695175268296 0.117654168608181 0.170998199192796 -0.129654576602331
0.0759848888276758 0.0364782440549265 0.0777970350191095 -0.116534152352811
0.0621152469707081 -0.0128976312237996 0.0640663691868683 -0.0970629412575653
0.0484184009237142 -0.0502212954866202 0.0741879032932437 -0.0866260876927459
0.033097122452286 -0.0685718196737221 0.0957149950083487 -0.0932976629580707
0.0353390428474078 -0.0693246186515101 0.134995285614387 -0.0955844956379154
0.0604026056361425 -0.0541010537248444 0.179129616353653 -0.0332553169864718
0.0857124130220162 -0.0105827429249469 0.196916535759516 0.0794525665527726
0.0897560234213814 0.0769611579928034 0.0870468704853424 0.168672889822341
-0.00678254279642945 0.118115228173836 -0.0454330113221627 0.146126145824352
-0.115874254158018 0.051854760415663 -0.0363143901908652 0.0176950115211009
-0.130113392752148 -0.0363271380206489 0.212026718909249 0.0214833107535764
0.0213596476006281 0.0658628509372 -0.232457062513799 0.0149639618315493
0.0484437517932938 -0.00560322560144661 0.0116437861669305 0.0379678225978339
0.0159226799826976 -0.0496657682720225 0.0510464941394208 -0.149863621304471
-0.0358236256327463 -0.0224803121510707 -0.0870306598829813 -0.191184950112478
-0.0253878922977298 0.0134515068301221 -0.212864261019646 -0.0890718213395281
0.000483146645695642 0.0158303940198256 -0.208437594791496 0.0571753350958242
-0.00128167392884247 0.0122936063395645 -0.140859594708017 0.122043253322393
-0.00239378251946884 0.00750509273671519 -0.088458674961949 0.125310669666939
0.00181848430898793 -0.00286753438058268 -0.068132184086041 0.123334362160729
0.0064640602009095 -0.00655248589202108 -0.0683227399880473 0.127888617721499
0.00500514091722589 -0.00784620405269059 -0.0929744839118373 0.125602706293183
0.0227496306731125 -0.0125130259051096 -0.16896083716729 0.111610755825586
0.0401481641448939 0.00820437558673768 -0.246369238181986 0.0438405198894802
0.0177736966966687 0.064067581790812 -0.261134660675343 -0.0345266769259725
-0.0249845523083945 0.083045457140984 -0.267052587458386 0.0120708417841387
-0.0731489978202576 0.100195372994197 -0.21064630454812 -0.0268998306768025
-0.0100286451687171 0.064026314907511 0.0276844539033435 0.0195904160979285
0.0254310162378818 0.0395770614195294 0.0637743533718469 -0.178932473798244
0.028620324615924 0.0322973625614695 -0.0892750669827821 -0.22326437389459
0.0368084378185209 0.0150543337314953 -0.220751378772439 -0.102562560254117
0.0489545303197295 -0.00963435242423351 -0.212127791867562 0.0520852298728146
0.0343006715988124 -0.0378868244198266 -0.133607174266887 0.11827391092579
0.0258978224994768 -0.0464368639803957 -0.0761345032759357 0.116598756952773
0.0410859262944055 -0.0526710211573036 -0.0495637099361695 0.116928028279859
0.0707601420306062 -0.0273341258233025 -0.045659624655142 0.125069567266854
0.0746914238845921 0.0105014825861032 -0.064806722626978 0.134085371335917
0.0756697358463431 0.0664596633366881 -0.143449151425376 0.129424197438805
0.0220486840172562 0.104731524593074 -0.227150372432291 0.06464198309599
-0.0673102294714544 0.118583938217533 -0.228069089547585 -0.00334199179568472
-0.136941276864303 0.108298833907941 -0.217047340651328 0.0241671295463967
-0.164258822318224 0.113500023125954 -0.151355927618531 -0.0641467055794437
-0.0859656305116912 0.125862428452158 0.0683115697305502 0.00257186144997241
0.0180743322653221 0.136726844549989 0.0998311381840448 -0.204196414025474
0.0909890294058951 0.099832927479749 -0.0710383003460838 -0.259699615305334
0.103464180796844 0.0226226172687306 -0.211465522432098 -0.123937920328156
0.0994130943251755 -0.0301660839465831 -0.200398342589376 0.0322002950884476
0.070568910306057 -0.0813846289801714 -0.114082558064536 0.0980977036552786
0.0503427238072705 -0.0937142129215432 -0.0538789415024348 0.0913633535386873
0.0675625920185628 -0.0967889436504114 -0.0197483143379807 0.0919111415922472
0.115563572456813 -0.0532187525268095 -0.00517211647920153 0.109259642305432
0.129653187495684 0.00828085356258918 -0.0139932384790002 0.138607980015684
0.133413422982145 0.110649056916826 -0.0987426496713792 0.154566774832644
0.0317942650251369 0.177086541566855 -0.196670261577524 0.0962572506882172
-0.116592055182561 0.168392854482187 -0.187547604950068 0.0224333225207581
-0.219136246013169 0.128891771585182 -0.139623235114238 0.0303836279357058
-0.23372265409637 0.104551144911082 -0.058920190181348 -0.0854173715964792
-0.167029375847591 0.163759737436914 0.129288001286113 -0.00802326947073283
-0.0103315371546607 0.222048525468482 0.15182715284132 -0.213633034347394
0.133767252716412 0.171559198029865 -0.0291334152001492 -0.281298675389528
0.161373291442613 0.0379560181534337 -0.177338037402176 -0.143464231215674
0.141207757958298 -0.0420132107783762 -0.167322733892604 0.00330005524953153
0.0998802574965222 -0.111494502712726 -0.0814788282071849 0.0646912935519494
0.0661989315244914 -0.127908946940604 -0.0237705575359011 0.0537471315269166
0.0790809247085003 -0.128559709371227 0.0153575221126319 0.0535153083457596
0.135013500870425 -0.0769600032627483 0.0408975447385575 0.0785364953148442
0.160680190260156 -0.00522368920618093 0.0456048098748369 0.128064041335958
0.17512466807691 0.122321076463709 -0.0418263295654282 0.168554452975558
0.0518982560704276 0.21418173904209 -0.156836105457348 0.12317814857938
-0.134783758829285 0.197279725959441 -0.145895665882506 0.0343862620909859
-0.261738184344559 0.136578260528438 -0.0517216963498796 0.0247726345231282
-0.265975682906146 0.0748491805101263 0.0524738983308407 -0.08857965761723
-0.229745095029439 0.163192729029476 0.198115964114184 -0.00781760301413201
-0.0537797996322398 0.267340792932489 0.207236633120903 -0.194784260090394
0.140255636666134 0.226483189295933 0.0295944787852602 -0.273657790548905
0.192776976322274 0.0579692589585917 -0.118221646697348 -0.151675793705426
0.162764718968276 -0.0426343101357237 -0.112751736853516 -0.0284857129176754
0.114400667211595 -0.123113439480575 -0.0403433015681258 0.0235157136466142
0.0726496237713396 -0.142010342250787 0.0099101873093081 0.00991385693924905
0.0781854037420279 -0.141669827462563 0.0493321832785774 0.00803247673465022
0.133473856878595 -0.0893544580551415 0.0825563727247151 0.0392558000302957
0.164444140788673 -0.0169423054252024 0.0985280989091616 0.106363554525153
0.186119076952969 0.117574131584014 0.0116845197809389 0.167286635151272
0.0590240356670655 0.218623503051403 -0.114390867764434 0.136081323210105
-0.139061966900179 0.195160994604595 -0.108364796475844 0.0334827685250202
-0.270251144323623 0.121291077204592 0.0333333156461186 0.0127170863477961
-0.24740426924996 0.0366200703806934 0.162315152405349 -0.073543314217472
-0.246293507406804 0.126415827432076 0.258686717388688 0.00233882325565003
-0.0911603748662376 0.255322261727936 0.246914767825386 -0.150657873954468
0.114632354458073 0.238452003100108 0.0861023058061226 -0.235021164805629
0.185015958537282 0.0691513133948024 -0.0464370935625149 -0.142911421344588
0.155440917893674 -0.0361166561817043 -0.0474194848280748 -0.0559053286751384
0.109235517304493 -0.115516327523867 0.00415563631835562 -0.0192765877614273
0.0667936136190621 -0.135691321597601 0.0422882185940554 -0.0337507162849006
0.0684011087235298 -0.13450468621997 0.0790606551048141 -0.0371343114058632
0.116108084878879 -0.0879094606615295 0.117279861765991 0.000967931953400852
0.148544120104388 -0.0203873170570038 0.13987506510263 0.0819801737501197
0.169736535644784 0.107328348045924 0.05282531714803 0.157441103157066
0.0478265044580152 0.20004144951446 -0.0765066974564202 0.137714664198335
-0.137094577420755 0.165243671713388 -0.0750261181559139 0.0267297752264644
-0.246527847722395 0.0838603854991085 0.107043683155764 0.00215590421184029
-0.180760042236239 -0.0039740458633811 0.248340892244995 -0.0459011037620818
-0.206660369860638 0.0710598228452248 0.296943822231765 0.0157663581153606
-0.0965063706575307 0.191350740294142 0.26287224005613 -0.0974708395513029
0.0744414257999012 0.194969456865398 0.128087843252654 -0.179339817419564
0.14187611519078 0.0586617342195668 0.0198600847196822 -0.125692437864822
0.1180401220421 -0.0263891752117724 0.01420357411036 -0.0779490550755762
0.0834081514060418 -0.0896424283295417 0.0418328562492586 -0.0584123585909994
0.0499072663440123 -0.109495199815128 0.0686903884469674 -0.0708960498406466
0.0509594782015674 -0.10844697840931 0.103275001107257 -0.074811680489089
0.08841709832057 -0.0756436966088336 0.145782649316912 -0.0282826586365094
0.119060302654737 -0.0187188555082762 0.170358227879361 0.0653080236727868
0.135168841383561 0.0906750852640412 0.0797564119944784 0.149944112199376
0.0256464048277168 0.163516087244211 -0.0486603914067738 0.13716035322853
-0.129088136105054 0.116741969036161 -0.0482292454727041 0.0215464527984572
-0.197635280538376 0.0318126453632305 0.165637591556987 -0.00131494109998482
-0.0796909710536105 -0.0407255019765757 0.291375336647635 -0.0178035371674889
-0.120388533627268 0.0104491934141424 0.306272485528995 0.0224040810982945
-0.0665911401733704 0.0947212173243447 0.258692745231856 -0.0539873209242116
0.0340678189820869 0.109061115028456 0.151509041022705 -0.133462161549668
0.0739658280385106 0.0295561980093301 0.0654116999801535 -0.114679446127341
0.0578581646488984 -0.0161440287381478 0.0544388757985379 -0.0968750410303827
0.0414197517705125 -0.0504249949702829 0.0646467479048636 -0.0885665720711276
0.0249892742531308 -0.0662452349384078 0.0841261242128427 -0.0964369952578912
0.0273277456556863 -0.0672928399549219 0.119689924281735 -0.100574034571792
0.0517461807371221 -0.0550198802062839 0.166618353795471 -0.0447203668945256
0.0795527283776625 -0.0157943048373662 0.191864274007296 0.0592552686523058
0.0896816298505662 0.0648224684749166 0.0958313877397355 0.15299226188241
0.00212035379010217 0.11041529731321 -0.0310918970398066 0.142633867461966
-0.105246899206799 0.0574133433657534 -0.033095546466886 0.0207053420437676
-0.123797071414732 -0.0230604309221078 0.201912894644618 0.00312899422359927
0.0260739975224601 0.0593968568354548 -0.209469550976514 0.0593585283371153
0.0439110539537744 -0.0123123428832797 0.0204811924645109 0.0342340017647321
0.00500139350356786 -0.0481698977226661 0.0223779854810621 -0.149539386967462
-0.038659692055775 -0.0140168364944183 -0.115469600565457 -0.166148411836171
-0.0225774919005982 0.0190475857726597 -0.214349932517778 -0.0446924181521927
0.00393212234953092 0.015830916861519 -0.183969388016122 0.0883078250010985
0.001883542462134 0.0117243161004974 -0.111899509478625 0.138323979102155
1.55002411728455E-05 0.00779355211810902 -0.0616305914210497 0.13006717340557
0.00205325557723783 -0.00265232617731011 -0.0423698378439276 0.1270696040515
0.00571605668035543 -0.00640191879067357 -0.0403953025032701 0.130899801121972
0.00423501074782945 -0.00668964301466955 -0.0639105212299533 0.132255753653297
0.0175094508669031 -0.0127973224976545 -0.135651262887848 0.131097833343257
0.0342596760004618 0.00368495562679978 -0.217921341363574 0.0839213065115936
0.0219452523376139 0.054603089933002 -0.24796448358562 0.0130072034143521
-0.0146794748466145 0.0806123489841243 -0.246734126906348 0.052016130718343
-0.0556219324502809 0.102621413055784 -0.201902807783198 0.0186832498415898
0.000567139354867362 0.0593072238446478 0.0285925640709033 0.01665265123388
0.0260531023540546 0.0299154610746038 0.0284729326085874 -0.172000064246884
0.0269348851167454 0.0243622373764377 -0.120648570228693 -0.188892510554494
0.0337844456534605 0.0115985808939392 -0.220288739598492 -0.0552362520106502
0.044618544250344 -0.014354106809566 -0.185822025787709 0.0830714704697732
0.0266170962919341 -0.0391269209244257 -0.103688209892281 0.131262321451958
0.0178143893477962 -0.0454293492093768 -0.0517404668193047 0.119861581110588
0.0304488124231404 -0.0545130772553135 -0.026537175784803 0.118560370500694
0.0618605569866785 -0.0359233380390416 -0.0198717922907569 0.125848284128328
0.0708655799674983 0.000673141967863279 -0.0368525522388358 0.134828201550686
0.0786835848371593 0.0521238215905114 -0.11041893875465 0.143340415292034
0.0310143142356902 0.0938788374383615 -0.198062275963116 0.101080045038488
-0.0474766238213941 0.117687660220436 -0.212325488047115 0.0337547076116104
-0.114461410114685 0.118939145394301 -0.198822894884577 0.0544081052346139
-0.136429606028372 0.125387735356752 -0.158573498852205 -0.025797368456234
-0.0597143899787757 0.125724342614154 0.0595400827582838 -0.00411913990423283
0.0341374585451802 0.117011516008072 0.0545484988313776 -0.195111804754294
0.0929880297347589 0.0747351078334581 -0.108413959212953 -0.218371450523729
0.094449412411899 0.00861077475258811 -0.211216921055899 -0.0756335049079313
0.0876724151625121 -0.0404021690418219 -0.175791489942053 0.061866481207858
0.0526946442925049 -0.08397332897966 -0.08667982605486 0.107450591364679
0.0329045808249699 -0.0918819452008652 -0.0349194656728345 0.092671617591895
0.0478510818177875 -0.0994063614534669 -0.00297511999460601 0.0911688595358697
0.0990260160080333 -0.0666841356410601 0.0153949488700313 0.104738636013438
0.121529531278761 -0.00826146676612268 0.0110478171647022 0.12950523267513
0.13897542066398 0.0839765710439946 -0.0659319777517617 0.158687442133547
0.0500831244846595 0.158278434556963 -0.165482589032218 0.12673248889067
-0.0848367275680586 0.17176224128733 -0.170924595396412 0.0494615763980211
-0.185717517922905 0.14956833749939 -0.126578264872758 0.0464124419749939
-0.200856324372684 0.1250835263815 -0.0808707901415138 -0.062714617334815
-0.126529099239803 0.170396238595541 0.109872479708407 -0.0232606448937925
0.022103408169491 0.196566456302756 0.0976693740936526 -0.206617967940785
0.142447296034124 0.130953049731862 -0.0736063022062027 -0.23907917371393
0.148890843870706 0.0134386274501749 -0.17898273642613 -0.0976448244095944
0.123867720626533 -0.0578260768293044 -0.147596324214358 0.0293418122057722
0.0742450937368279 -0.115592520591277 -0.0597378296906506 0.0696805615915846
0.0425928547336286 -0.124963207695853 -0.0116007016680264 0.052625897139106
0.0531627334849672 -0.130329330677873 0.0236268653053888 0.0491415611651828
0.113715462522729 -0.0914542922116682 0.0531861322616426 0.0679673100489433
0.148063983193227 -0.0249021750144746 0.0644748398365841 0.110038198715721
0.1797052766904 0.0888501851290115 -0.0112021995066487 0.161866066715144
0.0742608387667945 0.189312412751155 -0.123692906110202 0.145057511741227
-0.0961702558136185 0.200364060032366 -0.130479055643109 0.0534986425523328
-0.223463828032417 0.162827422122955 -0.0462069543767127 0.0269470693645347
-0.231175376172458 0.101557614351167 0.0197142936448306 -0.0869180838538687
-0.182109669395505 0.17841684710121 0.170639739464235 -0.0365018320249365
-0.00981907896313202 0.243233256451671 0.148137673385653 -0.196759639936367
0.158178552781818 0.178173398523065 -0.0188970054991153 -0.238330549332976
0.180198639191896 0.0253722659565178 -0.122821056970752 -0.11432878655053
0.143523283884132 -0.0617482481465444 -0.101245341954792 -0.00941759901408775
0.0857315759437222 -0.128955981134253 -0.026424558750388 0.0238022771484176
0.0465025487156242 -0.139131338062234 0.0124067720589118 0.00612129142954411
0.0505462691220315 -0.142101726669158 0.047590414152979 0.001358324128987
0.110840822205396 -0.102457115941025 0.0854774037479694 0.0243933038521225
0.15050051797364 -0.0359850606072486 0.109514794423938 0.0802694270383455
0.189541864231954 0.0822022101868065 0.036788593195747 0.151206226986683
0.0817279502626593 0.192119284872781 -0.0823942328238927 0.149682691028184
-0.099956551572413 0.199325496410042 -0.094935880463144 0.0457748241727757
-0.231459407546598 0.148848319707496 0.0307642102052447 0.00303618870917216
-0.217530014088428 0.0631431802447339 0.124934371377652 -0.094331832702036
-0.202072625530744 0.147424769159053 0.228932811741392 -0.0392128408703525
-0.0439548169189935 0.236782197251407 0.190578171899524 -0.164871303905873
0.138119611455237 0.191545428227383 0.0386793801364889 -0.21152140127132
0.174445353214101 0.0350693537316129 -0.0553999473958379 -0.117615762133214
0.137128787710042 -0.0548746257032805 -0.044783470842506 -0.0460486712699926
0.0812262066202352 -0.121114487810506 0.00776027681152834 -0.0232196714161731
0.0418032037688645 -0.132776941068917 0.0356327155978833 -0.0399211283581375
0.0419856450712276 -0.134005907269663 0.068101932855467 -0.0456718155951163
0.0946867062509954 -0.0991531862564264 0.110953604395269 -0.0172218211022512
0.135213686958301 -0.0373149229466968 0.143430917941263 0.0497548516857086
0.173099164496874 0.0751970515440972 0.07325158463189 0.135365057644024
0.0688075721869472 0.175890352565228 -0.0477473522444743 0.144510466410219
-0.102536299681808 0.171279032367384 -0.0651633677821855 0.0345371810139312
-0.213979320877897 0.111061930620528 0.0976569077232613 -0.0178388101435521
-0.160784840639726 0.0175419458319424 0.211490534037845 -0.0865972220316126
-0.17291154801965 0.0907375786903278 0.268484324930084 -0.0348907767758991
-0.0567629226072537 0.180076691785526 0.215531375418017 -0.122550111716183
0.0966743493451912 0.159027548803224 0.0862167901394234 -0.171906255631594
0.134503985936969 0.0310007629251055 0.00599307644091558 -0.114122877644049
0.103890791592755 -0.0409567282638303 0.00640298561827399 -0.0765457179110418
0.0610925977384015 -0.0942875016129341 0.0358511680198577 -0.0653341536260964
0.0297425275184703 -0.106737683966224 0.0542813795692073 -0.0785202208799457
0.0293724313345474 -0.107598748757759 0.0846842690520003 -0.0849086392012683
0.0707452657318011 -0.0834512798892416 0.131638523222606 -0.0498340050949228
0.108321879144309 -0.0324191864254945 0.168455090193487 0.0287887229957829
0.13822032692922 0.0652813701079525 0.0973337705457492 0.124080143990197
0.0439500275647904 0.145404528636782 -0.0213272320029384 0.138039280398055
-0.101406881328462 0.125366178028307 -0.0408980446755225 0.0257096111594283
-0.174660465893644 0.056115973313207 0.15082431365117 -0.0302144340262169
-0.0723740887594112 -0.0293255634594342 0.262452348045171 -0.0698728462990412
-0.103546978232284 0.0225504326716802 0.282890777941263 -0.0318651053994045
-0.0433867983183171 0.0892265954306773 0.223254498786943 -0.0886399204650631
0.0468344560599486 0.0878114725766675 0.116499097079605 -0.140361921332032
0.0689703113415704 0.0139344966752808 0.0460843481497212 -0.114996732279814
0.049608777034243 -0.023026690318235 0.0374119102909445 -0.100405620559946
0.02923127759756 -0.051955076309868 0.0499429321604213 -0.0965325703211483
0.0126442410472218 -0.0641004270667389 0.0637651094803771 -0.104805673670955
0.0137052491032261 -0.0665206331411384 0.0953286370791923 -0.112826336206802
0.0398224464119202 -0.0588434777780786 0.147949690321629 -0.0697717716447629
0.0722847806272748 -0.0249228847959852 0.187425873033963 0.0193591618047575
0.0926348841378891 0.0478418340406156 0.112734657450588 0.124020542784138
0.0151560166075479 0.100137711158975 -0.00434587608855947 0.138870964597643
-0.0880299145577397 0.0682437805579125 -0.0259962178199036 0.0227915778224528
-0.113454930355359 -0.00424501467030538 0.185654169249368 -0.0310463386690224
0.0256331839750219 0.0548250541663285 -0.199152570202035 0.0570826088570518
0.0417629404236272 -0.011616274145514 0.0200901236111319 0.0330360389471481
0.00438263680927309 -0.045159080610075 0.0213028717150165 -0.140926847285637
-0.0354733592098903 -0.0125382767520131 -0.110725564668687 -0.155936327583217
-0.02029578455174 0.0178121489094037 -0.203100902072018 -0.0415709900068596
0.00376351304509047 0.013775251868566 -0.172260922146954 0.0843049012989003
0.00255404921708993 0.0100256823137479 -0.104376974684391 0.131336527031994
0.00031831630319358 0.0073425003205729 -0.0581247735898988 0.123787452774257
0.00219370051824388 -0.00264385946215707 -0.0399431036042424 0.120235146642408
0.00576249608076635 -0.00635708850162333 -0.0380607153369733 0.123526397091733
0.00440996628728134 -0.00601119529832197 -0.0602708146951999 0.124564087527741
0.0169572914198166 -0.0107379427963944 -0.12596849396548 0.123663844986041
0.0319359179759939 0.00492717903074133 -0.205065546239415 0.0787041298142091
0.0203847974702835 0.0517070824846497 -0.236286334992979 0.0121362224759935
-0.0139374450503436 0.0748745851124735 -0.23584965663666 0.0496724953062516
-0.051682496263087 0.0961504632838073 -0.19225226544899 0.0183485512589058
0.000500476447301721 0.0567594389508619 0.0272728279599767 0.0170189496820371
0.0249932706866695 0.0282967428563105 0.026242691584571 -0.161488688793688
0.0273745443099202 0.0230111806780959 -0.115690214385084 -0.177605149249455
0.0332274121027636 0.0105716505511275 -0.208618160329708 -0.0511254424337
0.0424664589945299 -0.0148459971595829 -0.174494985770921 0.0794103076350207
0.0248929897994654 -0.038086394442865 -0.0972700704186588 0.123554999103904
0.0164407382869356 -0.0430489808338424 -0.0489481770643948 0.113222424575548
0.0281946298778109 -0.0521878036993999 -0.0245658690384973 0.111808181306163
0.0586800481111876 -0.0351888188142685 -0.0180806995765457 0.117946818947625
0.0677060541594987 0.000466359215521808 -0.0340963422814522 0.126215438511045
0.0754225384035589 0.0493337969728384 -0.102472761221989 0.135090801990417
0.0294574645864833 0.0900476685796758 -0.185966769177961 0.0959584342457457
-0.0455918074386606 0.111955489605989 -0.202319335805576 0.032421265029115
-0.107898296363902 0.111532466180662 -0.19085501908529 0.0514624206263406
-0.128565561342036 0.118399506367264 -0.151122396427722 -0.0231093923525253
-0.0567966601898325 0.119844377270846 0.0557296115205048 -0.0025974688649021
0.0329867582816617 0.110393372667583 0.050414940612153 -0.182645184074351
0.0900272166366844 0.0698616294236463 -0.103263253105368 -0.205515986473249
0.0911757530446764 0.00774416686848543 -0.199385978032352 -0.0705745434195561
0.0831765947879672 -0.0395106551469845 -0.164770264902668 0.0592946273346408
0.0494680786466102 -0.0801782336445253 -0.0809573275155222 0.100362619179176
0.0301882927096372 -0.0869484701291385 -0.0323561752637568 0.0870327142511491
0.0440799471800667 -0.0940747884240847 -0.00230368502692096 0.0847308151983068
0.0940314841031027 -0.064228149519461 0.0147668921820126 0.097702095555797
0.11615230383632 -0.00843102623549248 0.011133484314069 0.121551722375408
0.132675341494674 0.0786112767020009 -0.0605902527873982 0.150148655172929
0.0482003873888329 0.151119922935666 -0.155730950030102 0.120293628661361
-0.0805578707737506 0.162713265886448 -0.163087745538102 0.0473900358404661
-0.175185589034106 0.141041100614426 -0.122873281863133 0.0437675214882674
-0.18945851415248 0.118360508979547 -0.077003622722112 -0.0575834352818571
-0.120483504792823 0.162664356368359 0.103368326966928 -0.0207897405210838
0.0224124077880269 0.185548485419414 0.0912442703245338 -0.194180358768665
0.137331277603097 0.123436106343484 -0.0698950285470841 -0.224996604906837
0.142228681272366 0.0119645584646651 -0.168700442129877 -0.0912042738070341
0.117861298990004 -0.055826921773046 -0.137962031306157 0.027724807145317
0.069542062401821 -0.110072073048409 -0.0562743184841701 0.0644422933799361
0.0390010889175566 -0.117820752774621 -0.0114542175960183 0.0484652037066247
0.0487844858106322 -0.122855825642157 0.0225444126481551 0.0456282197225443
0.107909295220846 -0.0880408102389293 0.0503447847405304 0.062850465821666
0.140871250001138 -0.0247579830867365 0.0615053989677144 0.102075060297387
0.171060441624183 0.0827219157580575 -0.0086368778414945 0.153380079369231
0.0719402683547702 0.179727364492834 -0.116352987998257 0.138377059699806
-0.0910577143389504 0.190384920886836 -0.124432927553265 0.0510388930729009
-0.209531396773605 0.152845001112992 -0.0463996084071744 0.0254571862918387
-0.21841390103751 0.0965854572393225 0.0185496172521415 -0.0809844748756971
-0.172817578972893 0.170066024195858 0.160484483824845 -0.0324789400045987
-0.00769779434152016 0.229487925776924 0.139416109763916 -0.18445623592393
0.151871459080042 0.167148381341509 -0.0178345111012545 -0.224223135544379
0.171288514577054 0.0230288078329154 -0.115460474990381 -0.106917035027786
0.136386396967992 -0.0596482866989601 -0.0944886049090742 -0.00925747659094381
0.0803299148204533 -0.122817316159881 -0.0248008673942853 0.020899017212022
0.0417227087247416 -0.131459666076639 0.0116407799694612 0.00453572226769354
0.0458602313662536 -0.133754397705472 0.0453562182617424 0.00029109602531993
0.104555991010555 -0.0982387504588676 0.0805104354326759 0.0214642178127596
0.143206987927632 -0.0351977126886505 0.104352628367498 0.0738269581374658
0.180171834813027 0.0764129471216597 0.0375774191667851 0.142699727979833
0.0786860909625338 0.181735153544652 -0.0769481738456577 0.143265693120268
-0.0946552714742164 0.188844039952741 -0.0902008982209506 0.0448335230753873
-0.217108578643939 0.14137783160388 0.0270978990629299 0.002210036947327
-0.205510434302512 0.0607004160649236 0.118991585546712 -0.088145398775423
-0.190518475402229 0.1404514591629 0.214637939484139 -0.0351501905970137
-0.0393886821210056 0.223210992765318 0.179845307742157 -0.154283819189806
0.132853610513782 0.180379264307833 0.0363972738936718 -0.198988251951749
0.166179485956997 0.0323031165241835 -0.0515533171018044 -0.110640745633097
0.130469740782338 -0.053045557983402 -0.0414784700269185 -0.0441916318345779
0.0763278973047487 -0.115074739150032 0.0075056543450442 -0.0241441969661868
0.0379106971647805 -0.125154709508955 0.0336010422671557 -0.0394607424237033
0.0381205582661799 -0.12623119167956 0.0643274825414446 -0.0442979147963765
0.0891977483723698 -0.0939685891350173 0.104199611695574 -0.0176016320636585
0.127923968772898 -0.0362168298134467 0.136606280189475 0.045659757019211
0.163654289799562 0.0699724154312116 0.0715983032213996 0.127371652698163
0.0658793912427159 0.165746778310268 -0.0434025721813377 0.138293977299735
-0.0967355407749182 0.162216850128956 -0.061780950509898 0.033494544666998
-0.200719730796727 0.10542020051549 0.0907901197900852 -0.0179045645577668
-0.150961351948277 0.0175187165558006 0.201780605122144 -0.0812160277948715
-0.163026986612415 0.0858247192566809 0.253746106570943 -0.0306941605661084
-0.0516478986473422 0.169850475328069 0.20356299490344 -0.114902615820502
0.0931776518844348 0.149604477709365 0.0815671130766384 -0.161567485008755
0.127388257792975 0.028605082271574 0.0067311935927021 -0.107996800895169
0.0982409831130715 -0.0391236102646574 0.00683908781398238 -0.073430921823028
0.0572522489370545 -0.0890225265435164 0.0338027789598295 -0.0642365884823201
0.0265622412828177 -0.100070590289217 0.0508457604949627 -0.076464429327742
0.0272187419903204 -0.101089755234514 0.0792771563551018 -0.0812671071589422
0.0659234740260036 -0.0792248161805422 0.124602743976273 -0.0479966623794297
0.102290539358671 -0.0310136716494267 0.15906627884279 0.0252387927736356
0.130822357035671 0.0605271884360944 0.0942952217336261 0.116835845932679
0.0421682580578107 0.13642666265939 -0.0189255053568492 0.131699686809164
-0.0956234381643401 0.119231554628216 -0.0386037713521854 0.0250216950245495
-0.162901601948206 0.0538652421020012 0.141774565343456 -0.0297162818840534
-0.0679331320330655 -0.0269764073538482 0.250449383459582 -0.0661126718002107
-0.0965663788664018 0.0218260180836998 0.26706399892585 -0.0288564824836992
-0.0398402482294955 0.083700527082941 0.211529809871138 -0.0830751655448319
0.0458223395347208 0.0823234542664857 0.109798080050811 -0.131835239610336
0.0645097718670208 0.0127173428700757 0.0438089217335172 -0.108694194219522
0.0468955287944613 -0.0215293425439273 0.0360892891874287 -0.0960419164895036
0.0269356992807134 -0.0489987350011691 0.0469992382092418 -0.0929997667401177
0.0109498470421529 -0.0597932348629406 0.0603616317706073 -0.101220655998183
0.0126194086101309 -0.0625701329988234 0.0894357052304708 -0.106147563419616
0.0370541154643692 -0.0554384016475338 0.139568379842441 -0.0663079563682358
0.0683631652618248 -0.0234857612531772 0.177113630718018 0.0172777236919977
0.0871269541404034 0.0441066051402065 0.108404185245252 0.116575747402062
0.014608032930856 0.0934698563639769 -0.00287826306680838 0.132189722904795
-0.0822782312328684 0.0648706226016545 -0.0246398484228389 0.0221548375720187
-0.105057937119203 -0.00344995801120055 0.174283059655621 -0.0311071963146666
0.0248772958072982 0.0528427438226097 -0.196172094098398 0.054488748146827
0.0410650562210341 -0.010757450146375 0.0206189459761087 0.0338220857577881
0.00427652818245848 -0.0436097826899908 0.0223995896546216 -0.137350387163533
-0.0339329325128779 -0.0127403126307127 -0.107258353129451 -0.153582894228144
-0.0191870592225008 0.0167624371318472 -0.19895561526488 -0.0429492666259263
0.00335217972921201 0.0121714743201978 -0.169580606027104 0.0798395290321059
0.00213581774489092 0.00915761879827146 -0.102410604642079 0.127362842811143
0.000336867377717551 0.00643450488119835 -0.0588642773466561 0.121080418655069
0.00271356458736912 -0.00346170971305157 -0.0408068309756625 0.118067269331001
0.00599859874994078 -0.00664286581005377 -0.0387159532240109 0.120602876210098
0.004884664568194 -0.00577230172380514 -0.0609839224590487 0.120526623197242
0.0173397796221439 -0.00980433386370457 -0.124494225188695 0.117690673597468
0.0304727624512576 0.00673491874991023 -0.200847460335172 0.0738306970183206
0.0188633867318131 0.0516975009862487 -0.232820499360374 0.00691224557651145
-0.0149477689697392 0.0720664187435473 -0.235272128081859 0.0456972036907238
-0.0513920601092564 0.0924822022801481 -0.18982850431878 0.0167534845001155
-0.000607114510520447 0.0559523646886142 0.0272801134334547 0.0182983966024296
0.0239826359143469 0.0285031928933076 0.0277672918131945 -0.157100264455528
0.0278028745796165 0.0230424590618856 -0.111452990500654 -0.175138716360083
0.0335227962488158 0.0103531762935137 -0.203962642123189 -0.0527676595928083
0.041892326603302 -0.0153832745326517 -0.170785997428313 0.0748245357717213
0.0247657480832348 -0.0379007593212249 -0.0955366387669992 0.119458648968613
0.0163441978717878 -0.042329621999418 -0.0498587628465694 0.110361632029706
0.0282738204118877 -0.0507591317707943 -0.0255223050581394 0.108967122126836
0.0586741338177641 -0.0337613539843276 -0.0196103807562083 0.114919491823934
0.0672128436110623 0.00125923478906651 -0.0353265984924302 0.122866615594507
0.073584675291502 0.0495957538816284 -0.101490054445405 0.130593568016405
0.0277984624486198 0.0904264148349835 -0.183279372626888 0.0911783656470634
-0.0469837270247152 0.109650269592653 -0.200150372388158 0.0280224738146415
-0.106830566999862 0.106665832083195 -0.190930237225254 0.0477990280778122
-0.12744238773905 0.113841899170117 -0.149492248297717 -0.0232446958087947
-0.057902471418634 0.117197604136653 0.0546125808278952 -0.000138517702462161
0.0316858757816936 0.108939691310955 0.0514982216315258 -0.177115500679027
0.0890338678765223 0.0697616291603464 -0.0987831730938649 -0.202454183695881
0.0907880735716671 0.00828210362942588 -0.194361856446225 -0.0720039440288179
0.0822892923848738 -0.0392541220252212 -0.161322213016917 0.0553563210727117
0.0492465593161639 -0.078519816615557 -0.0805681859390492 0.0960344689533782
0.0299613971038895 -0.0845862293106886 -0.0334160894670832 0.0842670404032604
0.0444099151056896 -0.0916124766885538 -0.00327136887035022 0.0827021074783631
0.0931576561562977 -0.0626729679937112 0.0133182023585334 0.0949006608885774
0.11452407817465 -0.00778137717027721 0.00972071653263844 0.117858531459873
0.129977402879611 0.0791124706303715 -0.0594895804578369 0.146071308348628
0.0461070989120226 0.149721110540407 -0.154063974419143 0.117160991688214
-0.0822804960991145 0.158744032416601 -0.161836993512665 0.0445307325523554
-0.173137093279671 0.135137324843544 -0.123726828896834 0.0412957080470835
-0.18707474933229 0.113441740875835 -0.0755254364616673 -0.0561654775962868
-0.121404580590649 0.158483348783249 0.100792040674627 -0.0166841090257809
0.0200849757026014 0.182682983688674 0.091962382224097 -0.187330615356652
0.135303672515519 0.122461729632725 -0.0656083233857531 -0.220786322624112
0.141003284284801 0.0128740423440121 -0.163552171332481 -0.0922591563070151
0.116785099392792 -0.0542439804356177 -0.134419998277948 0.0250453133031458
0.069097741549224 -0.10808908181377 -0.0556638087184431 0.060515446788159
0.0388351726966192 -0.114930414004111 -0.011973085260047 0.0466356241584667
0.0485902313765965 -0.119576623402087 0.0214588661749799 0.0436088353969599
0.106994653805645 -0.0859018374285955 0.0483206612901408 0.0610971979289709
0.13887630666298 -0.0231954238502928 0.0595155554101007 0.0998280677905359
0.167537746527847 0.0825543395147515 -0.00843214531130559 0.149697554274577
0.0689584061284981 0.177740292127882 -0.114341449253713 0.134945878577698
-0.0933911385615038 0.18596334327978 -0.123515086041609 0.0488982613009791
-0.207172714956053 0.146777325343608 -0.0478326324880813 0.0238943815048986
-0.215340981381418 0.0920385928233134 0.0197384584133141 -0.0773620299296187
-0.171830142249344 0.165418867890634 0.157364588740547 -0.0270915746999361
-0.0102749032105836 0.224231183778998 0.138699203381848 -0.17723493814502
0.149780745015142 0.165883905120404 -0.0148332340678627 -0.219030158528571
0.169412971458089 0.0249584262320055 -0.110809868465448 -0.106440416946016
0.135185554502174 -0.0574345068777017 -0.090916290262574 -0.0108561027336869
0.0796505479328935 -0.119515599484862 -0.0247395496612087 0.0178317984740771
0.0414316115106698 -0.127858398392192 0.0110312473158159 0.00313352737894406
0.045969713907086 -0.130074644324766 0.0445569582916143 -0.000845378984801091
0.103179891112347 -0.0956022072025769 0.0785745963727386 0.0208938557601832
0.140548079971496 -0.0333863780339736 0.101573418258874 0.072481526248593
0.176112126484866 0.0765167503268165 0.037832429376774 0.14055477700438
0.0758257610051125 0.179315229599225 -0.0763125153627715 0.140148759806257
-0.0955149372795268 0.184400634308732 -0.0894743990454521 0.0428650158606003
-0.213657344340056 0.13478948441708 0.0248551141841609 0.00194209290285444
-0.201231593025729 0.0571638277266766 0.118892962189707 -0.0829714729535261
-0.188876444919657 0.135651851281723 0.211078161025856 -0.0283374919869259
-0.0406497642056638 0.217545027392813 0.177864306012152 -0.146803752592578
0.130152387398221 0.178060916089583 0.0387490069328754 -0.193764875266986
0.163451870555018 0.0335825127909995 -0.0480542840893645 -0.1092517011077
0.129177510768524 -0.0505077351298137 -0.0389905721107672 -0.0446717076982561
0.0754922450817897 -0.111785367486274 0.00772914161723573 -0.0261753054148613
0.0374527682803995 -0.121770291171708 0.0332016501139742 -0.0400722382169491
0.0381102447977199 -0.122455912711756 0.0637379331937637 -0.0435194902270298
0.0884553364600369 -0.0915768686924463 0.102583280726006 -0.0166138119519807
0.12619057090072 -0.0342017486714796 0.132931719631472 0.045121895015854
0.15993392285709 0.0695178947729178 0.0708057344205327 0.125657045991468
0.0627120671397419 0.1627661410318 -0.0433948963627584 0.13593662975261
-0.0971712118550005 0.158031175043926 -0.0610801561733811 0.0325689708088068
-0.196479926172558 0.100047489908613 0.0880662656062896 -0.0171400902349136
-0.147737286647243 0.0155336953991219 0.201066110748843 -0.0752401643767271
-0.160186861809162 0.0826126821907089 0.249467157241193 -0.024154084965773
-0.0520432514762284 0.164804223243142 0.201070793703072 -0.10842174232921
0.091492621991967 0.146845425198914 0.0824284581947254 -0.156678894501846
0.124803444770953 0.0300301919611682 0.00879413017757935 -0.105312179196312
0.0972682925563147 -0.037228090822436 0.00848172076195837 -0.0724635807462309
0.056601977601393 -0.086550943063456 0.0340506683717305 -0.0643909457377081
0.026453106848975 -0.0969275552617373 0.0514546527041236 -0.0766829727839303
0.0263767864923152 -0.0980926195183819 0.07928452079926 -0.0790889254253856
0.0653785368416274 -0.0764349820848213 0.122387741678913 -0.0456791261110216
0.100694324742805 -0.0297687004341127 0.155720618491946 0.0260460904595647
0.127012060917805 0.0604278710807674 0.0919935827588954 0.115487343486545
0.039388995108376 0.133704225042062 -0.0197720718185169 0.129925354079955
-0.0948438365425608 0.115484641796479 -0.0385660680750861 0.0247153140671664
-0.158580144729922 0.0509219185539302 0.139173168083212 -0.0283704902598708
-0.0651968336759736 -0.0266873137787804 0.249451077048852 -0.0607538466472622
-0.0940805905959472 0.0202234207414399 0.263285557769605 -0.0221010125748954
-0.0391420047136665 0.0806219233334763 0.208482885111306 -0.077279233126796
0.0452238983233268 0.0805797664777812 0.109735470272446 -0.127217907786487
0.0633602995846341 0.0134396868650259 0.0451615749699798 -0.10568411631773
0.0464996486843083 -0.0200660089732716 0.036730870723464 -0.0944881147002778
0.0267022254430008 -0.047502263360367 0.0474330011305506 -0.0923120192230801
0.0109739548699227 -0.0575901340862066 0.0605289586449802 -0.100452105862271
0.0127067488636301 -0.0605401524742151 0.0890731903259175 -0.103324867291782
0.0364592509952565 -0.0528458001397961 0.138001469202346 -0.0629100412313799
0.0668871231871586 -0.0219643692968434 0.173138753635399 0.0181568356812534
0.08425811261874 0.0439099641897178 0.105173643568323 0.115460712944307
0.0128085345066385 0.0909141398167249 -0.00391030127184581 0.13024935658371
-0.0810955369850144 0.0624339069015909 -0.0245012324851879 0.0217630965505086
-0.10133877101706 -0.00394331054492687 0.171284085110049 -0.0289980413337955
0.0258732893220723 0.0522969665485898 -0.200939657201559 0.056059317509372
0.0423849730628804 -0.0106246684153018 0.0218460460136989 0.0350610358157569
0.00405685206247323 -0.0436146100407463 0.0233234233459053 -0.1392508141221
-0.0335940393127356 -0.0126942910763578 -0.109297895296905 -0.155682685738149
-0.0183176839427414 0.0163034814921373 -0.20262359827709 -0.0437931871746916
0.00341072001157809 0.0117615549377152 -0.171869086875929 0.0805644899320481
0.0022734147954596 0.00828735275926501 -0.102857680465982 0.128626690798025
0.000967656384598368 0.00637417219366555 -0.0601436102193042 0.123664092214861
0.00295243252751705 -0.00379717898091007 -0.0422130621304013 0.120101892740552
0.00696529005406344 -0.00685489642572725 -0.0398917370115588 0.122008645000245
0.00560689904954051 -0.00494422011729001 -0.0624110922126339 0.122134107212327
0.0181640885015021 -0.00940579040489065 -0.127237855622076 0.11823524989049
0.0307100352978284 0.0080817416494218 -0.203510641662001 0.0735763485410996
0.0183385170689819 0.0532539209288363 -0.238060994613307 0.00524880893873113
-0.0155402197035258 0.0719030850389516 -0.242122587101153 0.0453553566149447
-0.0523862394811003 0.0923987583921404 -0.194086025804645 0.0180980958684799
-0.00107163475658859 0.0575885397116123 0.0283154368369297 0.0200178560173368
0.0244209532258067 0.0298203248763185 0.0290834996934386 -0.158908523009363
0.0294495430016879 0.023634917495281 -0.113848281626433 -0.178319735771969
0.0355087032538866 0.0098622107195077 -0.207435206221886 -0.0537160397867723
0.0432397949199842 -0.0168280916393874 -0.17307401437405 0.0751298565363864
0.025225781901496 -0.0390871496807479 -0.0967601416081468 0.120607637359138
0.0165320780120259 -0.0431803404264139 -0.0511989461026342 0.112444609581138
0.0292950937189838 -0.0523561642342154 -0.0261395577486025 0.11034169747304
0.0600456811999499 -0.0353242147095199 -0.019949515156899 0.116235518008513
0.0694300474630956 0.00130596515210404 -0.0365328760308819 0.124112538648338
0.0760659048273408 0.0509387791662831 -0.102481084684604 0.131469301632964
0.0281352844802124 0.0931369250401221 -0.185621039544448 0.0925265997102087
-0.0493590915088238 0.112313125954621 -0.205027423918101 0.0273126305696286
-0.109094673829699 0.1074522087044 -0.197188242611356 0.0481441297755138
-0.129776375432558 0.114397673101721 -0.152602675270526 -0.0223209879526371
-0.0600707584664171 0.120240525408157 0.0558480332279707 0.00188476683582929
0.0320492606102423 0.111530721106619 0.0536626054876004 -0.178938675028352
0.092504388041294 0.0707308560909174 -0.100708821889345 -0.20540087141197
0.0939344691966993 0.00821696671061337 -0.197116438785369 -0.0735000400273784
0.0847686147897288 -0.0408947327396345 -0.162564028177625 0.0550405888878982
0.0497762245998789 -0.0808600555279024 -0.0814826174757934 0.0965384681064821
0.0298396948668632 -0.086390868721548 -0.0346882936350602 0.0851898414405849
0.0447844297108696 -0.0936323361552261 -0.00357113875991739 0.083635045831115
0.0953824333138874 -0.0646534590775264 0.013229396138568 0.0956536690375751
0.117046226987631 -0.00799205639807652 0.00946432344591897 0.119433128222444
0.13339495341272 0.0803277926094127 -0.0592138332672679 0.14770896954681
0.0474689589637737 0.153512332557415 -0.156002467669721 0.118563795842004
-0.0853230452549181 0.162341757691708 -0.165795555306462 0.0446854361468108
-0.176387851353552 0.135670800279049 -0.128820597370696 0.0416175924496744
-0.190559549323117 0.114589155778421 -0.0768689410207361 -0.0554790533588941
-0.124769553236844 0.16205825706725 0.103297445128836 -0.014158657905986
0.0203867999295621 0.185657516646188 0.0943544898974396 -0.188418503261003
0.139797054755974 0.124302479242355 -0.0666115413960719 -0.224337303534606
0.145290311947605 0.0131622938369978 -0.165493946416398 -0.0940536461080261
0.119741598262832 -0.0563920216374277 -0.135314202413637 0.024378141494285
0.0697201075588054 -0.110142397005624 -0.0570265437667698 0.059733901084947
0.038492837858829 -0.116796932841299 -0.0128223236057848 0.0465892622508274
0.0492460848723889 -0.121179545986789 0.0216819972976094 0.0431851559455348
0.108856379474593 -0.0880437334595702 0.0490947361992058 0.0616367757688229
0.141758099966351 -0.0244894138767546 0.060037615223523 0.100195236782521
0.171580986649441 0.0844265776546818 -0.00703746048268359 0.151810177811727
0.0708458447955436 0.181647261502466 -0.116927510230359 0.138658373723844
-0.0961418054269253 0.189735735234717 -0.126313465358248 0.0501325284517906
-0.210724815676938 0.14863488107739 -0.050944194427065 0.024179201252338
-0.21869853883691 0.0928645757107032 0.0207507230453976 -0.0763230234755587
-0.175629888261727 0.168639487736499 0.161136040910307 -0.0245775275051093
-0.00945032433039699 0.228236897632288 0.141327970909073 -0.17824674061054
0.154053252609275 0.168724045916685 -0.0142863511169302 -0.22155407863267
0.173716393231597 0.025259472044824 -0.11189181198802 -0.109198149769904
0.138390759929985 -0.0591024154518981 -0.0912843961659445 -0.0120224821044953
0.0806732904107161 -0.121885752884082 -0.0255241873854948 0.0157947758218223
0.0419320573829177 -0.129766470774096 0.0109197282390317 0.00159785621941635
0.0457658312111457 -0.13135500598536 0.045063489538186 -0.00177983328210191
0.105242464031786 -0.0977716628292576 0.0796981276106585 0.0207986327525129
0.14381521183724 -0.0346232122906409 0.103202217163306 0.0724473866742336
0.180404708681854 0.0781642714427782 0.0400375849001097 0.141459221403117
0.0776362163346812 0.182217852064802 -0.0766973607102987 0.143743097221957
-0.0982499526552552 0.187808194437668 -0.0912297552270794 0.0443473733134612
-0.216639986653933 0.136285490940301 0.0240640197528886 0.00184310677572282
-0.204681703587713 0.0577012670228863 0.123279568076568 -0.082600818869555
-0.192891459715924 0.138016441283509 0.215710574770042 -0.0259359997902872
-0.0413347188421856 0.221408271899446 0.180840276880622 -0.148013993295899
0.134250791735135 0.18084068405633 0.0392922458837959 -0.196196758438402
0.167379831844444 0.0341548083460974 -0.047816973090614 -0.111273717865924
0.132307095998359 -0.0519722099929442 -0.0385542959775952 -0.0460670058515447
0.0765811556916118 -0.113798747250356 0.00729058669474754 -0.0286249037880094
0.0370877647594208 -0.123140401487254 0.0337297163888028 -0.0428218988536118
0.0377180894474066 -0.12344921201474 0.0649995155656854 -0.0451252700599202
0.0897928706475846 -0.0934179689763618 0.104063970871103 -0.0174416208030589
0.128596122670989 -0.0354381804640439 0.135126873925372 0.0444956805174299
0.162490042479244 0.0709019146348326 0.0732996425192143 0.126769944678548
0.0644674602274442 0.16541819362888 -0.0432753506739487 0.139492211613192
-0.0995005827377264 0.160972809764758 -0.0623615079558393 0.0338937357476553
-0.198803066630883 0.10183476776073 0.0894711527850637 -0.017665178308846
-0.14967743429263 0.0158722788911418 0.207325468601115 -0.0754600281627434
-0.163179759666605 0.0839840007717998 0.254260301873343 -0.0215272151317856
-0.0526996647010405 0.166207655384115 0.204724176783937 -0.108923585873721
0.0942888661994912 0.148829575258318 0.083902226499782 -0.157975341775328
0.127444302947145 0.0312087973576369 0.00976185647306117 -0.107291889682468
0.0998060635247064 -0.0377111214051997 0.00940823211822058 -0.0744826204475477
0.0572178193104067 -0.0875037678792792 0.0345886391877116 -0.068010220771334
0.0259154084630263 -0.0982545344528604 0.0520046446187864 -0.0798230465342679
0.0265737145810647 -0.0986345367302431 0.0807752434772471 -0.0819383875032737
0.066310115834863 -0.0771998416733724 0.124864223741704 -0.04649595218836
0.102906421979885 -0.0298937392834742 0.158107731799646 0.0250795129632446
0.129429517117811 0.0608784567132881 0.0947088632971098 0.117176340754356
0.0398152730572597 0.135197172148284 -0.0189855042486696 0.133354098281519
-0.0964245752686561 0.11692584217452 -0.0392954790685987 0.0258248570787403
-0.16030161517878 0.0516810126720499 0.14106726850705 -0.0292875504251925
-0.0652222403551212 -0.0267248910331239 0.256737730198224 -0.0609703443039446
-0.0944587618723177 0.0198604000448697 0.26881034892576 -0.0208543635010511
-0.0396099577059815 0.0809949869464329 0.212678213312409 -0.0784163342264197
0.0468682839407991 0.0810657929728769 0.111631937171955 -0.128405633825451
0.0644000965525168 0.0142715970849652 0.046783092565793 -0.106872485252631
0.0477016097821434 -0.01979436156696 0.0378712350968552 -0.0967674629061849
0.0268278170578758 -0.0476648164733357 0.048318587138933 -0.0956545760046621
0.0101131264333944 -0.0581077119542351 0.0614248225571156 -0.104569482169353
0.0121985446619208 -0.0609155637850781 0.0910690348433571 -0.105520430004567
0.0364990448268556 -0.053372397447387 0.140626122310541 -0.0639541833245067
0.0680745967015331 -0.0225317138155336 0.1760474110862 0.0181313212904088
0.0848515240430816 0.0441532529555925 0.107749892862532 0.117575458602162
0.0121189831186927 0.0917205723780651 -0.00350769806234612 0.132670069440076
-0.0817871700510954 0.0632375514012718 -0.0254440275914876 0.0228231962433316
-0.101359121929968 -0.00415447328321422 0.173489845844182 -0.0305732409326953
0.0286585129310876 0.0512837536332557 -0.206864523368148 0.0668447358296265
0.0431010721894737 -0.0124942999796708 0.0257121250752011 0.0357879015937084
0.00251408109121279 -0.0445911521657716 0.0198722997123122 -0.144544949864885
-0.0341604173917047 -0.0118197168901213 -0.118966762396159 -0.156462061172973
-0.0176747651948875 0.016965705817319 -0.211489414942409 -0.0376648311747891
0.00404443224933849 0.01098549137144 -0.175145490099193 0.0893010529073195
0.00295573428184527 0.00840487836685288 -0.10078726449378 0.137228418365605
0.0016384317677281 0.00592524523278065 -0.0578600583160863 0.131514336311214
0.00328600614981305 -0.00493567268869926 -0.0389175661611111 0.127154904976471
0.00736036939030993 -0.0076080391327889 -0.0368122805409336 0.128286298847267
0.00618083100268456 -0.00525254123956994 -0.0616680710248062 0.128783883497823
0.0187143313674031 -0.00993322622305955 -0.127905221449563 0.126391982141465
0.0315449872791375 0.00882603956526758 -0.207601715556325 0.0820332645829753
0.0204553656722705 0.0555123006885971 -0.248054302141915 0.0123388412388047
-0.0135097261284915 0.0737709498999262 -0.252546900374292 0.0562403076565867
-0.0509835435414498 0.0966123108695777 -0.201282557270081 0.0275589651062369
0.000305438038605065 0.0603574726255005 0.0310801741610712 0.0207181579908113
0.0264020724121025 0.0303696958987141 0.0250033780275329 -0.164929260980307
0.0328954383011611 0.0232855047064528 -0.123986469651075 -0.179627651387011
0.0385601211916252 0.00816516245622542 -0.216782778868107 -0.0485861423647511
0.0443853602245993 -0.0201960660485845 -0.176314556527739 0.0835357519479863
0.0246229491105736 -0.0421380697318991 -0.0957653584681717 0.127688847546551
0.0156894937946582 -0.0456307671398563 -0.0495947892225967 0.118543528870083
0.0282541207275473 -0.0556793689682349 -0.0237866505885292 0.115715625589746
0.0613474593584096 -0.0391129306568311 -0.016689158895736 0.120893099165733
0.0721641594213935 -0.00132075461884683 -0.0344376447789293 0.129335365628319
0.0812771558448959 0.050434230135765 -0.101095836596528 0.139060983373186
0.0325746640472856 0.0969136785050472 -0.188887060989686 0.102492395476632
-0.0481595046154752 0.119145471237734 -0.212896116495149 0.0353037284663511
-0.10945183230235 0.113788593016651 -0.206031811213815 0.0572205078214139
-0.130370009735585 0.122593756965025 -0.159232311365735 -0.0156247590483641
-0.0587299487054256 0.127615423516009 0.0589712968294757 0.00173843702608527
0.037287649333021 0.114744601997821 0.0497720582850822 -0.186376267921968
0.100592998005672 0.0695198170445131 -0.110961058077051 -0.209043455126955
0.0996497995648212 0.00371804030925924 -0.207733346469245 -0.0694852910996299
0.0865257993951878 -0.0467833769389451 -0.166175293978214 0.0621060983466482
0.0484842691419164 -0.0863044546423456 -0.0812776541681486 0.101777542608119
0.0275337745393341 -0.090781433119245 -0.0336148687726373 0.0893372146545275
0.0426923723588559 -0.0991777267065804 -0.00148341312684224 0.0858110716569572
0.0968718429824215 -0.071274173929429 0.0169504808870545 0.0982289528352452
0.121894118003825 -0.0127125812763002 0.0131034277427049 0.122120241169882
0.142336204957408 0.0786405550163421 -0.0547906416294333 0.154517978266691
0.0553926892435231 0.157954461366639 -0.157117477281312 0.129378574933012
-0.0838337486960143 0.172772523211361 -0.171145426652856 0.0526442429796446
-0.178445211479457 0.146558958213693 -0.134966625223021 0.0480378997700892
-0.192962388094228 0.12454523049116 -0.0812958550475991 -0.052796979200981
-0.124282870855229 0.173730183928603 0.107488363701394 -0.0166000953462446
0.0283340863439101 0.191845542431068 0.0915788446249226 -0.197355081560151
0.151394322157099 0.123438319298701 -0.0769954390086444 -0.228938316405808
0.153237758199364 0.00767010016549679 -0.174731789438887 -0.0921634567865591
0.122924621181368 -0.0644430401780168 -0.138964136550106 0.0291670966505285
0.0682266780373384 -0.117361729649405 -0.0575681261936611 0.0621796994093958
0.0349846366593782 -0.122522349206395 -0.0125300099903853 0.0476742052839461
0.0461197936364589 -0.127370161657386 0.023638411600917 0.0431911009413201
0.109671736828932 -0.0960507153223549 0.0533397740491809 0.0614292283611668
0.14658725245745 -0.0310694740741277 0.066031226747762 0.100742703594603
0.18218665879248 0.0807341437605619 0.000256699452208288 0.156835536483241
0.0809479140743506 0.186063449610687 -0.115240932614576 0.148676031178081
-0.0939765486010021 0.201091420974008 -0.129626519026435 0.0569288006833979
-0.212921007934945 0.160963825523577 -0.0535905584807191 0.0268503572763252
-0.223467164401652 0.103550679972286 0.0202920314351917 -0.0785062059973148
-0.177429668143538 0.182256287771737 0.166818931201524 -0.0287616618671232
-0.00092308380056466 0.236609159026719 0.140312537524793 -0.188370716736224
0.167690148694893 0.168403626313971 -0.0227465296823303 -0.228752773531727
0.182437766952654 0.019400130217614 -0.119434534324673 -0.10923723544765
0.142492234381042 -0.0675994026284347 -0.0941243690340424 -0.0100826835833853
0.0787261322781812 -0.129532761161873 -0.0268111055476337 0.0151528903240821
0.0367454681951365 -0.135718824342139 0.0109568459456546 -0.000436062360593099
0.0421798589268338 -0.137586258811882 0.0460893794368634 -0.00477376804401267
0.105351800754397 -0.105919856239672 0.0837552982543714 0.0180046595682754
0.147991430845536 -0.0415019559657923 0.110065855186233 0.0698249038182827
0.191020934508402 0.0737714566979066 0.0478622299467601 0.144591435053656
0.0877725398138747 0.185811254313709 -0.0735962918312244 0.15366741438289
-0.0963369430416109 0.198505067398732 -0.0933397416316337 0.0502262987452116
-0.219632140859565 0.148763560128343 0.0236916856459663 0.000697317873960818
-0.20944699560843 0.0672213024422069 0.126838778772811 -0.0888332770939926
-0.195445962120644 0.150816006928121 0.22424658302731 -0.0325888334927567
-0.0342107091484126 0.230105629412994 0.182193627257447 -0.158193847977859
0.147778262937523 0.18091514642291 0.0340609919259408 -0.203407624971576
0.176260114819264 0.0289643519060319 -0.0527743866815618 -0.11358971574294
0.135979233430641 -0.0592074169396146 -0.0407040879995869 -0.0474754493818802
0.0748905283628594 -0.120612582704602 0.00598183493303277 -0.0319818295573764
0.0327745410311746 -0.128475144333394 0.0327903126026805 -0.0472389609118118
0.0345810597657825 -0.128705644949323 0.0653230896937935 -0.050951316979926
0.0892898371345242 -0.100037723375472 0.107664080489683 -0.0221450008677437
0.132325107373544 -0.0416807883003418 0.141706187590671 0.04014560433621
0.172531737479475 0.0672695800124905 0.0822965168902839 0.128590519186727
0.0731823913179367 0.168333696244457 -0.0389254061528363 0.147498350104344
-0.0980545494857307 0.170351262517573 -0.0633129280995075 0.038214767236643
-0.201278932874527 0.111996993220171 0.0912077908869201 -0.0221701108519859
-0.153501274717027 0.0219555335730224 0.215498944851466 -0.084898605764714
-0.165976529261666 0.092985059770488 0.264811720468064 -0.0303112230666793
-0.0485138103684951 0.173817617371968 0.208077587716077 -0.118571609052814
0.105037999890962 0.149538412445799 0.081254064847959 -0.165557429740579
0.134202111005172 0.0267953358496322 0.00723095151512658 -0.110995245370016
0.102523843568057 -0.0434211180077949 0.007687847439178 -0.0785637499049751
0.0557916228347917 -0.0927102113401074 0.0328094394432954 -0.0730771547186314
0.0219981688223369 -0.102303580724337 0.0497456128749436 -0.0870738631791282
0.0238207918608383 -0.103181939783749 0.0804894642185529 -0.0881235914785772
0.0651892815498822 -0.0823762149237759 0.127936358026241 -0.0527492673300176
0.105299924052855 -0.0353569784037411 0.165232588037777 0.0195719798003994
0.136674679151403 0.0581908495397799 0.103549977947448 0.117036035398598
0.0458436709204599 0.137745886938502 -0.0137589681584795 0.140093283134313
-0.096351258476575 0.12454556840314 -0.039276936383131 0.0284793178071879
-0.162869924642709 0.0591632707190996 0.145034206205068 -0.0365167365846007
-0.0674585555155129 -0.0251005964896966 0.267516954508246 -0.0719718098186881
-0.0965775549123404 0.0239444390129317 0.280513846843507 -0.0297930927744016
-0.0376934763289648 0.0841870153449589 0.217710820607117 -0.0875485410052551
0.0526359591875979 0.0807369988839409 0.110881154832731 -0.135410179800188
0.066864916304512 0.0125530472495793 0.0453374602468919 -0.111653312138296
0.0489738271629756 -0.0218976821116557 0.0362481879404905 -0.102606762129142
0.0260003265811452 -0.0498837344956686 0.0460358677297395 -0.102441262452842
0.00772032275821322 -0.0599756810386597 0.0591817990612881 -0.11257903730386
0.00978584404415574 -0.0631488164986223 0.090367240242147 -0.113601195073032
0.034953040477393 -0.0562908246986163 0.144677457277518 -0.0713108897117068
0.069409110213214 -0.0259012927675868 0.1822167159573 0.0119611199612069
0.089877889275774 0.0423111254321345 0.116455050968338 0.118263933468358
0.0154927837665757 0.0936012453216825 0.00189317883598092 0.138623520167712
-0.0816742310821928 0.0681100498342187 -0.0258806080640673 0.024691328088669
-0.10344451206134 -0.000374572577918572 0.178536094390583 -0.0391021323552271
0.0186141311946699 0.0586371376192627 -0.215998347519751 0.0406496404714672
0.0452486093901823 -0.00587396766365745 0.0233532333831842 0.0401293354084837
0.0076863321975563 -0.0440423805664695 0.0411440033800296 -0.146110887542901
-0.0343097485747979 -0.0148142158000779 -0.101085630076676 -0.177631379514435
-0.0213535960859945 0.0174169571675342 -0.211970547880711 -0.0662958162600539
0.002004231379041 0.0130932519833539 -0.190708276872131 0.0670497317802813
0.00174306696408328 0.00862153442597579 -0.122237248919753 0.126560527991185
0.00106829025451107 0.00744239720866209 -0.0781648619624599 0.126983155856438
0.00425558675901523 -0.0055439113743241 -0.05786799342386 0.125980101701169
0.00929041740904311 -0.00598289863140001 -0.0555639330623251 0.12572687366121
0.00728084384964995 -0.00278747666546219 -0.0808031877229248 0.12187514459366
0.0188050505103315 -0.00543302208079714 -0.14836572193391 0.109576392163789
0.027380889809888 0.0155839742548181 -0.221710798436537 0.0529728039308533
0.00774063239070135 0.0596028745494516 -0.253254971720072 -0.0271775758460566
-0.0298781347309153 0.0746944223039213 -0.266739597090644 0.0130483338123089
-0.0689664920441001 0.0900404134192608 -0.208766372165389 0.00361652078419034
-0.00860663348356514 0.0595935354186188 0.0298926057882529 0.0281687146494438
0.019266059386645 0.0334774752127072 0.0503658253906976 -0.160514653105175
0.0272629709057424 0.0288287888696489 -0.0996674474855057 -0.198311707906677
0.0366465100780577 0.0173091865772149 -0.212517474519638 -0.0797912648677111
0.0479182052056383 -0.0123508976992351 -0.189570492724728 0.0598376537614886
0.0308281399392133 -0.0387720627665883 -0.114035066134766 0.11657082938121
0.0242742655167138 -0.0423631212554006 -0.0680712995334085 0.114242530255833
0.0379782227897517 -0.0526393666776635 -0.0408226055988342 0.116865195133146
0.0694544280982036 -0.029515117218797 -0.0343119320964953 0.122556197634906
0.074414120720453 0.0132317316255455 -0.055564757477119 0.126277794909357
0.0738370208120815 0.0654182816569531 -0.127732413945805 0.125548303727884
0.0128655163146014 0.105462531882041 -0.205628595313831 0.0746893962916714
-0.0733593916424526 0.113737160922157 -0.218349622900088 -0.00178295325333347
-0.137655125272566 0.099726127675611 -0.21340409745737 0.0217889895896777
-0.152127807654851 0.10180875219254 -0.1630186691015 -0.0330317571506173
-0.0779877246217734 0.117447123824362 0.0583841568036843 0.0154521072743194
0.0171103267378762 0.118171019992789 0.0791902841124257 -0.172992449811639
0.0872097260978227 0.0836030468853849 -0.0797186880661676 -0.222111299745503
0.0979921551542972 0.0222466617621508 -0.195761575321427 -0.100701044692498
0.0947734642057643 -0.0328478423363328 -0.174984628782629 0.0388504805400973
0.0608782744378043 -0.0793810957200495 -0.095030073967766 0.0907797540642674
0.0439600702356889 -0.0859620364559822 -0.0478532391501474 0.086106032259743
0.0595005710236473 -0.0934119261403271 -0.0131652198399208 0.0893924829407451
0.110217862840314 -0.0565671720049179 0.00334726642943897 0.104704156173944
0.127519186806289 0.0102031723814442 -0.00805267296247881 0.125388319420124
0.132923319672346 0.103559007111486 -0.0861471822169169 0.147310477683454
0.0252616923271946 0.172619458337477 -0.177436033642865 0.106665728146573
-0.118892133432497 0.161892055155834 -0.177159176617352 0.0203284188758643
-0.214240095653478 0.121167438733634 -0.135060926679635 0.0240241089876239
-0.214785023992779 0.0926082415214116 -0.0813148577394404 -0.0593830545693749
-0.15032315621791 0.152703534678754 0.107883002664572 0.00528683609230757
-0.00428077077233765 0.192830614837573 0.121645519827378 -0.173555613464033
0.130472814274893 0.14329236233913 -0.0394293663756898 -0.233010273754139
0.150462255790971 0.0338860395549522 -0.156355565343089 -0.118967417984958
0.134687116501285 -0.0450511123730608 -0.141744113132079 0.00832190111747584
0.08559422173442 -0.107658408270646 -0.0637925769475386 0.0529599220520403
0.0567777943313379 -0.117103801331579 -0.0203798894821316 0.0460189447878366
0.0674317436731359 -0.121611170898519 0.0185125401539441 0.0487188200353963
0.127594442117543 -0.0804196267605279 0.0454623964119364 0.0726604901794231
0.156620059976781 -0.0034893289749919 0.0482111247955763 0.110882385490345
0.173812577233472 0.111739765161558 -0.0322896075131528 0.157810967308429
0.0464100551196284 0.205375090890171 -0.137716317317844 0.131508447498168
-0.134017601352289 0.189774367381768 -0.1345736127589 0.0304385152141678
-0.252623019838145 0.130205682946823 -0.0469741171198228 0.0146465891366565
-0.24018582156171 0.0650828799559632 0.0235878966903289 -0.0716487651837644
-0.204377759899963 0.151609706115345 0.168598714448335 0.00116848330173696
-0.0400901333327371 0.231301573083464 0.167677639571907 -0.154872332026619
0.140494147733708 0.189276467087561 0.0159297602654092 -0.220797285069024
0.17804968308526 0.0487484464468102 -0.095856668326022 -0.128039678281865
0.154799716897904 -0.046007583580684 -0.0901109103069923 -0.0255809501938414
0.0983345813434366 -0.118490468859776 -0.0252210944117168 0.0088033403624212
0.0607856018065565 -0.130621714629631 0.0107691025718744 -0.000526195654610288
0.0649357171858334 -0.132175541351492 0.0484703540477701 0.00278747936053322
0.125061787293481 -0.0910323158500446 0.0831113212061475 0.0328024380361397
0.159886052448896 -0.0149674474588541 0.0968525692870092 0.0854583587736543
0.184856846231614 0.106387936324368 0.0174541953079928 0.152217651561117
0.0537320094161438 0.206170072377891 -0.0956521365320391 0.14225569032589
-0.134785085637261 0.186731391520351 -0.0968165185657445 0.0287494437002848
-0.256123702951141 0.116141236013131 0.0371213525873935 0.00116436770607975
-0.219233096903125 0.0288387962281754 0.133501543728963 -0.0678511155302486
-0.216357220509464 0.116925483815928 0.226589874035468 0.00427222834540469
-0.0711326630136474 0.218813211601289 0.203797178674784 -0.118274838759246
0.118663494883643 0.197672212590573 0.0691302735612864 -0.185985829794504
0.169712869901813 0.0564499872419494 -0.0274178219072001 -0.122755279887823
0.147007602332537 -0.0395783463923357 -0.0304622557367175 -0.0560652858895775
0.0928900844290281 -0.1101632233706 0.0149344163591302 -0.0355047468938776
0.0550158022141116 -0.124464546105234 0.0392071592717598 -0.0457576034301767
0.0556900628607625 -0.124262019158453 0.0749108602224497 -0.041915480114026
0.10731900800711 -0.0880774263559412 0.113336021811324 -0.00527852026692042
0.14378966736537 -0.0179781886508964 0.134056874161162 0.0603330010033433
0.167099393430635 0.096516932596437 0.0554435391719466 0.140918154325399
0.0414309450767579 0.18532402131089 -0.0593510027529643 0.141561701353045
-0.130648998083063 0.156898034344811 -0.0644605274078736 0.022812464702546
-0.229471577791576 0.0808803611814493 0.108214107411732 -0.0103469601970093
-0.154477903223703 -0.00814158687741305 0.224640013799922 -0.0524485286772088
-0.178009826163817 0.0631044993187024 0.269205206237122 0.0103648404112069
-0.0755022864727887 0.16032945081474 0.224463627322428 -0.0787600229756845
0.0814500164704545 0.158625565069945 0.109560452241039 -0.143573315094444
0.128280595167699 0.046444086660696 0.0314866444195964 -0.110954904406973
0.110680169734873 -0.0289380722619252 0.0225066872674941 -0.0806647181433212
0.0699184213283745 -0.0850568134375364 0.0474233103186229 -0.0735340750192076
0.0396319880393357 -0.0997926892270466 0.0630052116093467 -0.0836924134095084
0.0400434764523946 -0.0999471811676567 0.0957344518780736 -0.0788666663338914
0.0799038183535622 -0.0735786643464262 0.13874463072942 -0.0345915566829669
0.115194030644685 -0.0160208355743992 0.161053995769567 0.0425245941091339
0.131767770817628 0.0823188575483171 0.0803999969874412 0.133246456311518
0.0193937383436245 0.148889632451067 -0.0327991884936012 0.138025762346541
-0.119616970044002 0.11038129939138 -0.0398282081428845 0.0179222588257422
-0.178194369675342 0.0309534444511285 0.161855287834009 -0.0144888014209706
-0.0597120164322045 -0.0412529015623405 0.278673473293431 -0.034542375921807
-0.0976476830109506 0.00457546575627558 0.286880801345876 0.0101973111675101
-0.0504683164400546 0.0731327155156248 0.229952296716561 -0.0512432307478833
0.0393396234292607 0.0833411843298565 0.134634182260984 -0.11438199473379
0.0629980032048137 0.0214798686063228 0.0666215945375351 -0.106760708313719
0.0526068140162566 -0.0158352450025118 0.053009103631121 -0.100747678788954
0.0333779512542427 -0.0461540649877401 0.0638454772088216 -0.101351822462971
0.0172551929607705 -0.0597026281960834 0.0757920565423748 -0.108495937461753
0.0199964087371849 -0.0615843109039101 0.108864948767016 -0.104253670387436
0.0452548867218838 -0.0515117783973635 0.158129334910907 -0.0519718366470118
0.0769766582561622 -0.0136953319212935 0.180913916765184 0.0374393230591073
0.0852644712474083 0.0584101983002789 0.0962261565734221 0.136080051140563
-0.00344459458627239 0.0981834808917697 -0.016200719738924 0.140035827060589
-0.0947132417770212 0.055188103003924 -0.0258757026191542 0.0185924796762005
-0.104441331055467 -0.0199955610508614 0.192479224178141 -0.0108514445757201
0.0229043907338604 0.0534480215780139 -0.207298582881886 0.0617290200996908
0.0432357822273005 -0.00995338571305844 0.0272506437603778 0.0374804827599543
0.00328147176270229 -0.0432137330752687 0.027582069894194 -0.146556811593037
-0.0343476565730518 -0.0114952245762238 -0.11509931637621 -0.164118024684459
-0.0185543763126018 0.0180874773148729 -0.213167050822445 -0.045107999114085
0.00320067594510587 0.0120321357750274 -0.180454315054133 0.0830519021429184
0.00265894202523216 0.00740336195510797 -0.106998474863303 0.13463771858816
0.00241362576638094 0.00660291009623758 -0.0647071984727727 0.132785548016233
0.00410694353896842 -0.00660432910139334 -0.045029766525995 0.129938499126284
0.00957006135335454 -0.00705854770395649 -0.043296697470334 0.128055300074454
0.00733693280607692 -0.00292352037533892 -0.0682047497645529 0.126836718227886
0.0182976988219851 -0.00680810369203525 -0.135382344598441 0.120389580027817
0.028340254799444 0.0142033772456837 -0.211660255897751 0.0705960551855144
0.0136237310267195 0.0584941701634507 -0.252084846684753 -0.00532920142389956
-0.0221739339477962 0.0744493667546228 -0.262443400121716 0.0377946787699564
-0.0595693694533181 0.0930757167504544 -0.203163241584106 0.0250506134453175
-0.00338380596310555 0.0598553887828892 0.0325373159319004 0.0260664218715106
0.0222796163989699 0.0314642980571596 0.0351479363858426 -0.161510134101054
0.0309795479765731 0.0250511261529167 -0.115430689034363 -0.183631078748958
0.0388120240300617 0.0126874980776218 -0.215037996165722 -0.0585133611189495
0.0452415593734178 -0.0177566504586417 -0.179526834914421 0.0759879498611449
0.0264444080673432 -0.0411088811414293 -0.100293261401143 0.124270009498225
0.0196846754051951 -0.0438706997461014 -0.0556774610180813 0.119523005590765
0.0321117981836566 -0.0556912148838525 -0.0295128337823995 0.118318874026011
0.0659179753369642 -0.0364722118004139 -0.0227698736368774 0.123097785247239
0.0749863784183134 0.00627831454871316 -0.0436612287201578 0.128754057728328
0.079339215611314 0.0573350080477094 -0.113001315101382 0.133986808661591
0.0228986514756163 0.10332929436669 -0.193607534977759 0.0915769979992275
-0.0622586637550665 0.118511712481189 -0.214798774623828 0.0181138724356846
-0.124969183217679 0.109214364229804 -0.209354692744429 0.0415415351889618
-0.14008111736517 0.11283694074518 -0.162067449686942 -0.0153793353774516
-0.0658958931983499 0.123320241110294 0.0595788974638546 0.0110182994047854
0.0280866070394332 0.114681992639659 0.0618558039192957 -0.17549038362095
0.0952147821282547 0.0732114335827154 -0.0983142037181185 -0.208625360305949
0.0996366666135941 0.0115595522486181 -0.201218839956997 -0.0804551838035266
0.0895240726123453 -0.042804908237554 -0.167170357302905 0.0535493759303073
0.0520363071353683 -0.0843011614793164 -0.0845757330758595 0.096916069884809
0.0346594702169629 -0.0881766923081967 -0.0392582917819835 0.0892287372527209
0.0490730888631346 -0.0978875527587447 -0.00527636914447533 0.0889054260287834
0.103454730367868 -0.0671305065140222 0.0124826592706854 0.10186135787308
0.126611090220973 -0.00200147900748558 0.00310270413873727 0.123183189139891
0.140663427641142 0.0882235566518719 -0.070094534827316 0.151205084722155
0.0411050337046217 0.167201310333227 -0.16271691271324 0.120685685872372
-0.102314554374878 0.170810960934622 -0.171862656081072 0.0361301979239917
-0.197789211320196 0.13751727703029 -0.132219651407962 0.0357377370482667
-0.202319173410274 0.109848848685929 -0.084402842407359 -0.0483999203744926
-0.133583944331284 0.164073418161604 0.106360350504771 -0.00329817182672354
0.0140902252198407 0.189126005188909 0.102914642579274 -0.178948765006233
0.142680923722148 0.126987685579892 -0.0598091506233623 -0.222415334761629
0.152276830044817 0.0177598821458654 -0.164180851001076 -0.102663467934364
0.127486577467501 -0.0582280861698712 -0.136934052458494 0.0205483671712027
0.0735237411194924 -0.114263385105486 -0.0585915895751939 0.0566844568498399
0.0431306446872028 -0.119997651272218 -0.0164684382450522 0.0465141055925444
0.0539610657616021 -0.125672725599564 0.0216689333707723 0.0456544889734001
0.117889022811402 -0.0913045195631755 0.0512259967455188 0.0661595010535631
0.154013477603417 -0.0186154321747164 0.0560795917130375 0.10315657915313
0.182034169480266 0.0923822886774667 -0.0162628789749349 0.1559716153282
0.0648882665245945 0.196442274266198 -0.121236412051199 0.142661016075093
-0.114248484378154 0.198697714255031 -0.128886877036333 0.0421559943960319
-0.234027242821037 0.150147964558521 -0.0462804355618828 0.0187289136874415
-0.229304926318268 0.0846523751428203 0.0179258733198943 -0.0708783176382171
-0.186024043649524 0.168679482686486 0.165021610693259 -0.0124626071913534
-0.0169717627233298 0.229955492218204 0.150333495288056 -0.164273371664449
0.15710657685519 0.170090906434807 -0.00448908725511449 -0.215288155091968
0.18045091045877 0.0297239073369814 -0.104357816044626 -0.116917997853328
0.14755513183156 -0.0608915478454768 -0.0895164245640924 -0.0176820473625582
0.084795451953268 -0.125680111023988 -0.0248400927170583 0.00954875049961939
0.046023226032226 -0.133593501917177 0.00883936208502684 -0.00204390351758881
0.0505513630182964 -0.135514081029894 0.0466234916446022 -0.00267051345493611
0.113557553116674 -0.101386595361518 0.0842745156043475 0.0235076305177474
0.155905997819948 -0.0298335557719084 0.102111726511175 0.0739142581483408
0.191680662994252 0.0858553538582467 0.0323506710922156 0.146861231705894
0.0722761526113317 0.196388682301456 -0.0787562878960738 0.149121642332702
-0.115829987344419 0.196022634939689 -0.0913361111494811 0.0374658188575273
-0.238137251450424 0.137494425021303 0.0348428510108671 -0.00274122063361242
-0.211624886870399 0.0479712939649415 0.125760039905988 -0.077941549853285
-0.201040705122863 0.134779367660917 0.222628246877416 -0.015308322835759
-0.0487023161884627 0.219997890422604 0.188642594977967 -0.132316016992982
0.136774861005426 0.180858170413153 0.0507157726334718 -0.18646399771989
0.172356800903669 0.0382871900435779 -0.0368675389693478 -0.117702321761178
0.140552977438382 -0.0534256256799949 -0.0341295873402586 -0.053271937785425
0.0805661771052999 -0.116793998187473 0.0107541041477297 -0.037507457621335
0.0407997798544051 -0.126824270856646 0.0326691746274086 -0.0494100425829136
0.0421929980692447 -0.126780137114672 0.0680860495173547 -0.0490876189055715
0.0965937237936682 -0.0961552424605842 0.111014418567748 -0.0165377900563928
0.139194228077474 -0.0310689435006224 0.135858655633511 0.0451720765869469
0.173295369388728 0.0777427992957104 0.0683984949319721 0.131687135582212
0.0582801604760537 0.176917852809938 -0.0434590036550182 0.144988216930063
-0.113867032461133 0.165926556301627 -0.0605561196465633 0.0286970272405433
-0.214966171551675 0.100005447927258 0.103777966270535 -0.0214586647919897
-0.151143742708019 0.006285050160664 0.216562118836161 -0.0723661653500554
-0.167773981568247 0.0786778992644345 0.264554547239586 -0.0131973599649031
-0.0585801949510323 0.163285266935485 0.211742617554343 -0.0955431364438914
0.0957767323306947 0.146224328902663 0.0950681189948801 -0.148674278245106
0.130199304022663 0.0331489034509713 0.0217816112594067 -0.111039221045175
0.105913845813837 -0.0391706302442431 0.0150976111498446 -0.0820335820568147
0.0602151165477521 -0.0901310116390967 0.0390642189994486 -0.0783512249743072
0.02788312407667 -0.100877806684771 0.0521927491141128 -0.0896505217197914
0.0295079279570292 -0.101218930930196 0.0850969036078766 -0.0872007338772431
0.0711224144081815 -0.0788127660017004 0.132969251816986 -0.0474379937602207
0.111027571365986 -0.0267727301151035 0.161172792448443 0.0263001010709354
0.137055356215526 0.0665768734136374 0.0921301310606649 0.122263988282917
0.0326001726888217 0.142996872962668 -0.0174686930988414 0.139064512922901
-0.107079758652567 0.118617594929219 -0.0368716759053453 0.0221106666314049
-0.169221802661761 0.0471295853959749 0.156595392328443 -0.030622619098778
-0.0618680086840126 -0.0348971855501092 0.272383976399368 -0.06000595811933
-0.0944613130458042 0.013960977819023 0.282652021359253 -0.015818397904768
-0.0417500986272688 0.0755176017637499 0.219888075264026 -0.0699456727522671
0.0473413176395988 0.0758546994722009 0.121786378319144 -0.122935590717878
0.0634729021852766 0.0145786298435726 0.057110835320336 -0.109956481306025
0.0501417091784849 -0.0202823679362694 0.0432156817483963 -0.103745234875097
0.027734645357349 -0.0480085321928076 0.0526528609785618 -0.106433312903555
0.0103403109571133 -0.0592556275890273 0.0626792097550072 -0.114640889033793
0.0132340429567216 -0.0620198285409053 0.0959991132020191 -0.112347422445962
0.0385456573837813 -0.0537495301624509 0.150421088789726 -0.065830919126512
0.0736728515998839 -0.0207747880079044 0.180126818715151 0.0200160468362093
0.0888330919374538 0.0482382216342827 0.107408844974497 0.124588064030348
0.00496729297022376 0.0956035543969872 -0.00180743273910505 0.138758012032913
-0.0869038351119292 0.0623266523534985 -0.0234582775015808 0.020932066641315
-0.102334994611616 -0.00967109924794122 0.185952483066617 -0.0297829714010701
0.0242532959432331 0.0474064933984107 -0.19040194382886 0.073774111211177
0.040193685946101 -0.0118938776188673 0.0297749745225782 0.0339570475736569
-3.1976540345046E-05 -0.0400237323507307 0.0165874687230945 -0.139799763067472
-0.032664618483102 -0.00869096434716417 -0.118472612275895 -0.146254387750563
-0.0153477539541639 0.0179591243830417 -0.204397002566978 -0.0280192518067612
0.00311122610806769 0.0104571225144721 -0.164260964903414 0.0903223959003948
0.00298911245570414 0.0056764018252418 -0.090515914097471 0.134213843697222
0.00342656849459273 0.00528740640235304 -0.0513527235571645 0.130586137551575
0.00359271345126324 -0.00697475527806928 -0.0333909390545796 0.126051403344394
0.00877415264905959 -0.00770912371705485 -0.03237841527597 0.124016596053319
0.00759493521754739 -0.00336028175140525 -0.0566077087721425 0.124220198055752
0.0172560730476886 -0.00709844143545988 -0.119486209332798 0.122036391285373
0.0280849045669385 0.0126030589004719 -0.194098738651065 0.0795441610251613
0.0168413820012784 0.054488755488302 -0.23936184178868 0.0111125259476794
-0.0160583631379788 0.0700112908742944 -0.246980908566456 0.0545412131300729
-0.0506528144831321 0.090279894866589 -0.189135664598875 0.0394885706321992
0.000189544209922961 0.0572684208550031 0.0334847983383968 0.0234476819906825
0.0234815859197008 0.0290335741647418 0.022957584122274 -0.153733154614821
0.0320711438261195 0.0207098400162666 -0.120949610536715 -0.164363205701297
0.0379631799354355 0.00804612808752614 -0.206843306796775 -0.0403530295161012
0.0413187743693994 -0.0210353135344458 -0.164025835946358 0.083221408763114
0.0220525800929565 -0.0415776089941392 -0.0860252478033731 0.123589809316593
0.0156049025403677 -0.0431484744206805 -0.044106925954528 0.117519265505101
0.0261044199605278 -0.0558465077545181 -0.0198606662693274 0.114515950297184
0.0606341199262522 -0.0394883350348382 -0.0137466346544961 0.117392342587331
0.0717919365352335 0.000613500228009683 -0.0328992168828887 0.124068029338325
0.0798980252536039 0.0486445459404845 -0.0970619939613318 0.132934449532233
0.0287420915388904 0.096298764087721 -0.175441329774128 0.0988950547284939
-0.0507353595435777 0.116696389025053 -0.202237810201796 0.0309895951255929
-0.110202977619184 0.109629287539374 -0.197354345412605 0.0542203742649859
-0.12495731356369 0.114591625436696 -0.152562896556799 -0.00134054535234737
-0.053949036861633 0.121395051748875 0.0574181726884282 0.00787644556962346
0.0354117964446021 0.106459870928365 0.0469184158012739 -0.168117064033656
0.0967332844250818 0.0611454806031574 -0.105800706043928 -0.188764023521287
0.0957803881475569 0.0029751427570997 -0.194988400853188 -0.0623806964990783
0.0811180821345552 -0.047708170963065 -0.153695249308852 0.0610631849334925
0.043044510012249 -0.0843261015093443 -0.0737363962878072 0.0964845360668335
0.0257688241992931 -0.0855636640162612 -0.0312398496600949 0.0872882667438714
0.0389288400297415 -0.0959308399904422 0.000632591202986122 0.0841012085940056
0.0930960286023104 -0.0714564573187692 0.0190841416552442 0.0946958544786174
0.120058091596904 -0.0111343821884975 0.0103441067972499 0.115781403513083
0.140059408198289 0.0731750012921972 -0.0549819897477449 0.146322313767623
0.0511759806923698 0.155367219713028 -0.144528006759008 0.124940274881073
-0.0851183219853634 0.168573043396943 -0.160076741408008 0.0450250774928157
-0.176865699618384 0.14199704548526 -0.124457929205356 0.0431733509763766
-0.183493703382697 0.116401190767061 -0.0818041750097328 -0.0384325284705445
-0.11488648195031 0.165085052777842 0.100967871222791 -0.00807157807520925
0.0276602796045963 0.177193881818142 0.0857964701643164 -0.173735316408075
0.145365083611344 0.107567360897507 -0.0707311028641405 -0.204487319445048
0.146096821267529 0.00475377812019317 -0.161137091068932 -0.0857608790492234
0.1160750832257 -0.0654114585226159 -0.127600679119416 0.0275901486676259
0.0612705428629858 -0.113673750053983 -0.0521740411112932 0.0565281940850787
0.0318416959995187 -0.116201469027672 -0.013264632170396 0.0451698435150266
0.0415478354859213 -0.122625304808128 0.0229418654921819 0.0416628720908644
0.105188805102519 -0.095210911557073 0.0524553080455218 0.0579933768715002
0.144447103698805 -0.0290738168821937 0.059487445493298 0.0932659690741808
0.178925573277259 0.073476182095228 -0.00324886405282262 0.147224908518673
0.0751720923180982 0.18064466039337 -0.102850638430309 0.143341081604489
-0.0952261624558656 0.196376962000612 -0.118481623442475 0.0486527573086645
-0.209430014767572 0.155926707500733 -0.044228452268233 0.0210128986292245
-0.210588787731287 0.0949116856728233 0.0134840384258467 -0.0672486988571346
-0.163757493257849 0.172376210344288 0.155568876619677 -0.0214576625201037
0.00034178566348057 0.217772031110354 0.130853141560163 -0.162824148453626
0.161500720307994 0.147683195570891 -0.0178225653700686 -0.201377493663783
0.172896323888684 0.0147034638944516 -0.105857422004594 -0.10357754880619
0.134552234311536 -0.069225837617082 -0.0853281807987821 -0.0115599827892609
0.071161341478287 -0.125314970809113 -0.0239583077224127 0.00993538718257075
0.0327761113698807 -0.12833243711394 0.00731674881264566 -0.00268996082813261
0.0373845625356669 -0.130942598195131 0.0427868336965772 -0.00625918474562531
0.100130775750503 -0.104123801094269 0.0814198428024966 0.0162933777141033
0.145398121724886 -0.0392672591128432 0.100658210488366 0.0622412996459557
0.188028575036074 0.0662425994546108 0.0414507656785423 0.134727069374606
0.0816319465157214 0.179449558825542 -0.0624021403703346 0.146807448761748
-0.0959021910835146 0.193486808050879 -0.0834925350748239 0.0418866939805797
-0.213823604205888 0.144755462748997 0.0314113964857662 -0.00546863600510456
-0.196265032737107 0.058950260430589 0.115470044855901 -0.081831932557155
-0.180539715845608 0.141666507337461 0.209175688462267 -0.0279371711013658
-0.0298089248463008 0.209951340044359 0.169426968792011 -0.135059384447361
0.142799992178285 0.158610180904578 0.0363059417328928 -0.177977718956575
0.166192095736564 0.0229307575010086 -0.0415377019900104 -0.108461745174124
0.128667079717554 -0.0608131873711688 -0.0350443801278986 -0.0491100237136222
0.0678011001365951 -0.116623371490939 0.00673677577718429 -0.0372227926443648
0.0280908628538137 -0.121795225456344 0.0263403620200795 -0.0495483048927111
0.0296453586462957 -0.122339504987265 0.0598751580077048 -0.0512782430647692
0.0842043086335196 -0.0971629734217788 0.103586288625887 -0.0239625358396316
0.129470757176569 -0.0396004476643295 0.130592429144195 0.03298329458113
0.17027543716047 0.060148372607275 0.0746792255399949 0.118458905579961
0.0666324457579134 0.161810581665604 -0.028496891237735 0.140537412916598
-0.0964724974454179 0.16505507466285 -0.0544638057252552 0.0311220377845472
-0.19452190931004 0.107987637050787 0.095151077398128 -0.0277365404833055
-0.141989398199257 0.0156493230205599 0.20064506290084 -0.0833886268797415
-0.15271438922198 0.0857689903531315 0.248938021900908 -0.0298348852085713
-0.0430124295487436 0.156726200835895 0.194108428762338 -0.102566027341948
0.101215032787995 0.128807162599463 0.0806737837085393 -0.14466655520559
0.125248597117034 0.0213846059734599 0.0141889655433772 -0.10659544390848
0.0968016434099029 -0.0441388424797232 0.00940609243890016 -0.0794729162555528
0.0504412082522659 -0.0889664435989052 0.0309332707397943 -0.0777416367100426
0.018138657642177 -0.0962735790792252 0.0415245319288595 -0.0883989382515271
0.0194832863613122 -0.0974224822078278 0.0733767442665326 -0.0887595983920791
0.0612391646063833 -0.0791047306347055 0.122666313349092 -0.0547035559013653
0.102369505868003 -0.0332728329071836 0.1529776490769 0.0135252834827229
0.134349400740003 0.0528485019787538 0.0956866787265068 0.10814497804826
0.0394678008660388 0.131554964883391 -0.00538584694047538 0.132865853231969
-0.0924556594109859 0.119814232714258 -0.0327981736538293 0.0233674708191292
-0.153960920828859 0.0554424877367153 0.14367943488264 -0.0410366100802849
-0.0601903960209452 -0.0287196715326161 0.253768221806109 -0.075886308377668
-0.086901558196955 0.0190710750223409 0.266117494956971 -0.0340686406240214
-0.0342098030422258 0.0734801229236712 0.203565079910366 -0.079745473288953
0.0500150781062355 0.0660953110520893 0.106828964175218 -0.122917770500253
0.0606533361819678 0.00940382229387352 0.0474602329522185 -0.10740872556309
0.0457356902512082 -0.0225397991955502 0.0343172196018791 -0.102217541577007
0.0226675965730085 -0.0468964216798309 0.0418781150542516 -0.105811804170993
0.00497195457796927 -0.0557685547672288 0.0500503190942341 -0.113548888199623
0.00720821736593232 -0.0592216164560035 0.0826099286266917 -0.11276932391742
0.0321483279511122 -0.0527827938969833 0.13768314583248 -0.0732555090325941
0.0677745372313667 -0.02489202236698 0.171108417855612 0.00649364520372589
0.0870967249732643 0.0385565971211991 0.110315051915816 0.109935263185782
0.00993306707516207 0.0894984475645056 0.0088824560872686 0.131074313846131
-0.0770290083103847 0.0639401484602221 -0.0207882601769073 0.0212908500065503
-0.0946801199390529 -0.00298661139476429 0.171887231857442 -0.042220593146456
0.0233007044029993 0.0426905922056248 -0.174973203345906 0.0763955910002652
0.0366195335231932 -0.0121779360317673 0.0295238586003468 0.0313969102007884
-0.000838492388380829 -0.0367071086896154 0.0119993081635184 -0.1319358778182
-0.0297962215607373 -0.00739421703218159 -0.115070148875419 -0.133322874711621
-0.013695488151776 0.0165300057024942 -0.192923715990429 -0.0204441902341196
0.003308501801158 0.00876559233378889 -0.151462023583222 0.0891300345353085
0.00293890365140343 0.00455336481786639 -0.0804267355442769 0.127985975807646
0.00376686024925674 0.00433507936113078 -0.0437789989538134 0.124992113839895
0.0030190126042746 -0.00719842286361258 -0.0270355508876858 0.120701571334169
0.00917359687620767 -0.00840640815690713 -0.0276902006492519 0.117292894865393
0.00733461292414505 -0.00284867038496983 -0.0490502336813641 0.118023669722649
0.0163920738780092 -0.00689583177840758 -0.108602143087983 0.117537897728538
0.0269604035114574 0.0118051590206488 -0.17966715040533 0.0786718819853887
0.0175421438366843 0.0509975842795749 -0.225265957999249 0.0165949278030982
-0.0135522762771756 0.065003133239525 -0.232065826805841 0.0596702361587518
-0.0456276225213611 0.0850663124015078 -0.175179049758933 0.0443240749492969
0.00187771498745234 0.0543909074711146 0.0332754521643891 0.021748872254377
0.0233275971001603 0.027037816840786 0.0180742816233078 -0.144684274278173
0.0315688125578276 0.0176183561705724 -0.117222791758063 -0.150406629631831
0.0365477240136211 0.00531518660541866 -0.19485727045915 -0.0317012215600754
0.0375427756469741 -0.0217812948787666 -0.151098989009127 0.0824332286726156
0.019080148802215 -0.0405688812001872 -0.076384579221487 0.11851927374535
0.013144259187526 -0.0413524329811249 -0.0379307812614258 0.112687070718955
0.0222503962839895 -0.0535297347599245 -0.0146784762592364 0.108675407169555
0.0558625716947079 -0.0396452029835529 -0.00933974394717185 0.110647069890165
0.0679449803220817 -0.00203426703141475 -0.028212262603388 0.117713409064369
0.0766159399402946 0.0429168309971434 -0.0868746415262966 0.127453105933311
0.0303877820933042 0.0901180880761059 -0.160975671845318 0.0973971579369939
-0.0446887726128589 0.11192422858457 -0.189359119532475 0.0342635626923232
-0.100545478515895 0.104628618339164 -0.185618562851088 0.057787435372868
-0.114525165345098 0.110280532876354 -0.141979217814722 0.00484147947000674
-0.0472413355071313 0.116427330874166 0.0553727537003328 0.00743731031402794
0.0367232099222761 0.0987953452875593 0.0407271237009113 -0.157736127780349
0.0933680770296955 0.052598696429196 -0.103507924690945 -0.173250321766794
0.0905432801584913 -0.00177591047631075 -0.184624994869452 -0.0532767264653658
0.0741371483881239 -0.0481958547228331 -0.142305969567756 0.0614125014877051
0.0372141890986484 -0.0809741124155113 -0.0663671441405092 0.0927742453791593
0.0211128219646951 -0.0813686857703313 -0.0264607073421677 0.0835011709308985
0.0329335216602063 -0.0921882634565209 0.00288709376922668 0.0799465540641978
0.0856288472773325 -0.0704113185126613 0.0203287951087607 0.0883965014485437
0.112946194322412 -0.0149886457463717 0.0127228517740891 0.108176689941163
0.13408459894878 0.0638231969043239 -0.0463545256104703 0.138092034845399
0.0528813587780797 0.143921208545728 -0.130504040142122 0.121736514554476
-0.0757761133342236 0.161870988171942 -0.148729309588324 0.0468401227570382
-0.161327283612696 0.137069674964571 -0.117224268903565 0.0451606504412441
-0.169842826470489 0.114293692690749 -0.0761287697625074 -0.0326947323207714
-0.103056936389457 0.159177902108201 0.0949709639753465 -0.00882300794591115
0.0317019743734154 0.164788082605928 0.077050137441725 -0.163935254774
0.141130179822973 0.0947599545243634 -0.0711475872360218 -0.188326588341671
0.138109033857742 -0.00192659984156331 -0.153923272184626 -0.0765206544494307
0.106295461328638 -0.0658815196001065 -0.1187877257658 0.02931178601974
0.0531339779222387 -0.109486645708205 -0.0475584480336153 0.0543940961904182
0.0252218567205435 -0.109701076551663 -0.0109897354761168 0.0429750917606717
0.0342840066648965 -0.116854629228579 0.0220384081290107 0.0387769038497043
0.0954953257791754 -0.0936507107480241 0.0510827316911813 0.052752019527224
0.13522680282873 -0.0323626384848462 0.057796068137308 0.0858288429271072
0.171559647187232 0.0620077511713747 0.00179946589763195 0.137534324475459
0.0765200039749724 0.166972087520883 -0.0910257522151948 0.13774585085351
-0.0837900762792918 0.188078348078104 -0.110159530499189 0.0489868722957088
-0.191622680633005 0.151913055353814 -0.0424514662331793 0.0213367651407273
-0.195669052339838 0.0950031280701775 0.012567127215472 -0.0625407997442067
-0.149206578816086 0.167527210415031 0.146018569092065 -0.0231834846020858
0.00750407377119562 0.203495129352527 0.119109066861904 -0.154414894854385
0.15735601458922 0.131231811391631 -0.0215344370955202 -0.186973239902699
0.164092130042691 0.0069869116653825 -0.102164293434877 -0.0945954987586601
0.124359769763887 -0.0701621942898805 -0.0802268082602066 -0.00938925063539905
0.0623601244550096 -0.120505069517466 -0.0222980576710651 0.00890298263007468
0.0258226940201417 -0.121146910580595 0.00626569718181304 -0.00306012785278708
0.0304119476553716 -0.124904753056245 0.0389567167910245 -0.00663769797932702
0.0907944027417088 -0.101272689177518 0.0768419623896077 0.0116087889335448
0.135440203431796 -0.0422290002015144 0.0955428095152404 0.0552611118310741
0.179307310520894 0.0546290797549083 0.0440971948500787 0.123998899481781
0.0822599113742662 0.165798317725536 -0.0525350879358408 0.140449368638444
-0.0847780478606965 0.185253851188279 -0.0769246383489085 0.0410574674194838
-0.195442135862378 0.140984530219497 0.0280289741094907 -0.00635574014278366
-0.182681794847132 0.0611452511670288 0.107041595529712 -0.080296261384442
-0.165005969586324 0.138208552320028 0.19639732936641 -0.0315518892887255
-0.021053530213939 0.197323126376782 0.155739861146765 -0.130456610417613
0.139858624453677 0.142358735084996 0.0303076425990635 -0.166361810983151
0.156480454205148 0.0155995258984358 -0.0416765134918019 -0.101192926895178
0.118994079961002 -0.0623288373348828 -0.0343326072487519 -0.0461851981227559
0.0594545106456566 -0.112016262058939 0.00421815277068686 -0.0364721663410324
0.0217744442652723 -0.114356412531688 0.0223888855591296 -0.0478852200347696
0.0233132438108247 -0.1158389122007 0.0538978674823349 -0.0502420453331619
0.075749785585101 -0.0943533386351525 0.0964456077529356 -0.0266402961127179
0.120448403833915 -0.0416211026808342 0.123215833780354 0.0263586942319965
0.162356069201829 0.0492016724518122 0.0741188434943192 0.107649585835833
0.0670702959342418 0.149186478369832 -0.0211352088169792 0.133190042266868
-0.085682845779319 0.157835063071602 -0.0501691819775392 0.0302746980285439
-0.177528658719698 0.105961296038484 0.0873273273852129 -0.0297712355283624
-0.132821603609604 0.018659674807142 0.187363614737224 -0.0843680871173929
-0.139923514931159 0.0851013803162516 0.233531514471815 -0.0344490501073481
-0.0355291947737977 0.147549327697751 0.179366546205803 -0.100567214423636
0.0992837710639169 0.115969385196327 0.0717876232533851 -0.137100108541701
0.118321798557384 0.0156706073179913 0.0113604017223979 -0.100510150562877
0.0898860251974663 -0.0454485339931546 0.00668172029096796 -0.0760582670579943
0.0437005900135758 -0.0853314165649927 0.0262225966284145 -0.0752430694737515
0.0125932180572755 -0.0900404408313233 0.0352698224518703 -0.0850251654675157
0.0142847749842874 -0.0915363204911534 0.0659899512592218 -0.0853929669991083
0.0546908695221245 -0.0756225789780429 0.113460678494899 -0.056364885385986
0.0951352266553787 -0.0345763163917253 0.143433223441923 0.00783987307010591
0.127418030492495 0.0440676641990073 0.0940141031764858 0.0978505285712409
0.0400924367705375 0.12227483194943 0.000416416352672273 0.124906495075455
-0.0831763825556699 0.114858716502611 -0.0298820403253033 0.0222908611100156
-0.1417137417721 0.0553138179427089 0.132513175899523 -0.0435320505718607
-0.0567992217159777 -0.0251201034064152 0.237046183603543 -0.0797536250898684
-0.0801983657791112 0.0201326522507298 0.248563851341083 -0.0395648049125946
-0.02968874528994 0.0690017235546982 0.189035654190966 -0.0798301260868043
0.0486600552837437 0.0584737677724749 0.0977691413656977 -0.117580169145551
0.0572863113266696 0.00673022704730753 0.042455809810153 -0.102369892628204
0.0423243867008107 -0.0224674918518218 0.0292254115773423 -0.0978057085030758
0.019257939675799 -0.0447000222594641 0.0358164271110667 -0.101598794932064
0.00198336244340763 -0.0513108160050483 0.0420255281969538 -0.10886093533738
0.00412424980264303 -0.0552716677334295 0.0733114510943874 -0.108672883729968
0.0281186999816101 -0.0495822858558891 0.126990182876656 -0.0741661041319887
0.0622158250743048 -0.0256658248640001 0.160545557066435 0.000973024496339584
0.0824138960574489 0.0328069957858741 0.107057969248179 0.0988731308434298
0.0115764708090395 0.0839451385519339 0.0136072303597327 0.122252630696282
-0.069595792794065 0.0614699080682327 -0.0195175748412488 0.0207512372851101
-0.0876465348996594 -0.00112104746112691 0.158663671498306 -0.0459434486663045
0.0213974116294621 0.0397735167547704 -0.166696019061269 0.0749311622683799
0.0349202362106443 -0.0118632394557221 0.0300228876677891 0.0297906510133634
-0.000805903327549759 -0.0343223648788837 0.01144522473619 -0.126921638355398
-0.0284564628201958 -0.0071433391032726 -0.109700379821413 -0.127963939729739
-0.0127104953788823 0.0152263267610796 -0.185014877030544 -0.0190340467478822
0.0027832413411927 0.00786187707761033 -0.144931440005664 0.0865049501039946
0.00217463570562626 0.00407422271707016 -0.0751562099764585 0.122590518669715
0.00390389872453708 0.00346834398294997 -0.0399227285907723 0.120826569911248
0.00280969767599031 -0.00740053468538842 -0.0245806332933442 0.117068699668827
0.00878979509926498 -0.00875341694799293 -0.0261079773887303 0.113751352354533
0.00746120218829969 -0.00299160733225298 -0.0474469351031875 0.113041197091928
0.0156102996080681 -0.00646984182196284 -0.103412164853757 0.113081619965347
0.0260325049573426 0.011732580096599 -0.171327189471736 0.0746463177784867
0.0171150704004885 0.0489279825692037 -0.216877210783014 0.0158780767542261
-0.0136105718115777 0.0610413752290351 -0.224134623042436 0.058787526705836
-0.0441262174745993 0.0813948565812212 -0.166470626373548 0.0441860539638053
0.00189741879449557 0.0528113538402694 0.0330152992066618 0.0213606173049052
0.0227653225539123 0.0258347436566718 0.0172637258271519 -0.138547970387046
0.0314992694415771 0.0156567077158878 -0.111807434360085 -0.143818953837746
0.03560611045226 0.00419254907821105 -0.187555463711996 -0.03071504912638
0.0357127213087066 -0.0217662081952048 -0.145057288265445 0.0795858912597591
0.0173498699152481 -0.0400985807175591 -0.0720935361654645 0.113744422161117
0.0126866566135315 -0.0403531197543176 -0.0347428321624306 0.108893507981205
0.020874999215569 -0.052051732221617 -0.013115937463114 0.10538070525505
0.0540339174009197 -0.0392838001648186 -0.00913484333178713 0.106617296755957
0.0659684941844036 -0.00245294415640312 -0.0265065988708988 0.112983059453906
0.0744216039716089 0.0405488690955358 -0.0819057942420644 0.122024731547843
0.0295201234201591 0.0867868076288276 -0.153461590860779 0.093520234844948
-0.0424829405572471 0.107626255698042 -0.182795047179486 0.0329083174162251
-0.0965159265448487 0.0995575877395611 -0.178684090235942 0.0573103959978813
-0.11057949335759 0.10600373363268 -0.135066259970967 0.00635018595829127
-0.0451920563150214 0.112737728832565 0.0536643015073235 0.00780607421017338
0.0361741291289482 0.0941444518214775 0.0390719772053728 -0.151244625995339
0.090533943104584 0.0483828638772473 -0.099112591021704 -0.165231011238703
0.0875407456111227 -0.00379120734076692 -0.177530046473037 -0.0509258304256011
0.0707818480237476 -0.0475210046037074 -0.136212910031181 0.0590065581443384
0.0343498787744393 -0.0782940690941269 -0.0629520136993472 0.0886969366840144
0.0191560117038528 -0.0781246679900556 -0.0244952459771549 0.0811149302723028
0.0305867780039588 -0.0892817134397797 0.00354511253424428 0.07743070861975
0.0820419260823873 -0.0693118367968847 0.0196863813947649 0.0846315952017384
0.109118708801935 -0.0151324808731276 0.0121450073323525 0.103957249109508
0.129841720942107 0.0595279346668069 -0.0436652915149023 0.132112388434098
0.0518740676368635 0.138370016948746 -0.123823515030207 0.117203614413575
-0.0726140961373525 0.15649018388422 -0.143128227771177 0.0447893856279828
-0.154205734147333 0.131257595111026 -0.113669999099112 0.0439417132465325
-0.162976188846583 0.109618687492708 -0.071942190036952 -0.0301358899892721
-0.0984424448044185 0.153864745586751 0.0919192549234147 -0.00736248601846778
0.0317403512928182 0.157558479468958 0.0740720271760935 -0.156508430734639
0.136853405316261 0.0878087378170701 -0.0674466769769888 -0.17942280478474
0.132859677732417 -0.00405604847003804 -0.148071303568479 -0.0734032958753473
0.101251310448018 -0.0647806299207905 -0.113421228162206 0.0280019406237762
0.0497363227325295 -0.106113406887261 -0.0457096664108117 0.0521135581668856
0.0223616753639986 -0.104936884396879 -0.0103251788329496 0.0416492603536262
0.0314552559035822 -0.112602345841804 0.0209315642767925 0.0379155393246089
0.091325256464731 -0.0908401779363401 0.0490782547525137 0.0497626775457916
0.130004003687513 -0.0329014631350019 0.0552421690154991 0.0819647460725688
0.165659825222058 0.0577381883042445 0.00289970269194305 0.130833743523415
0.0740765270292025 0.160113127792925 -0.0848521485787192 0.132781926645217
-0.0800163155571549 0.18183142919155 -0.105414293106185 0.0462843320021742
-0.182316563761356 0.145104393115766 -0.0420008590114544 0.0205351083091864
-0.188236054387681 0.0916401919243792 0.0127524425383032 -0.059808688105051
-0.142623024403314 0.161713902040793 0.140804505849195 -0.0217778651550676
0.00872166349558656 0.194595304797742 0.114570775945972 -0.147344885201154
0.152631923950364 0.123075548200511 -0.0196060702735817 -0.178571238947842
0.157601029931563 0.00410356190757014 -0.0982377761924135 -0.0911651259966246
0.118375335313962 -0.0689422336511659 -0.0769404326249437 -0.00914501898457415
0.0579873341734101 -0.116509239598109 -0.0219900998262575 0.00832168048917001
0.0225743840698563 -0.115779391020139 0.00542714009491047 -0.00280108964694626
0.0273700999349915 -0.119818660547234 0.0373782599909321 -0.00649522406284578
0.0868819281641688 -0.0984014248639935 0.0732398760244951 0.010084182313567
0.129783352770443 -0.0415740688181563 0.0915656422868519 0.0526784189677066
0.17301666146151 0.0498477115012903 0.0432702728218767 0.118290095042734
0.0793256767419709 0.158426895893662 -0.047972360954734 0.135256033959786
-0.0806298849930213 0.178687653125808 -0.0735432337838926 0.0391368630929164
-0.185967561575785 0.134488161189046 0.0255369838696833 -0.00637047904692875
-0.175581569559522 0.0594975031884243 0.103564614799583 -0.0772660017614073
-0.158016994612909 0.133937465240638 0.188554495881559 -0.0300777491664493
-0.0191558518167759 0.188299900755985 0.14939146321184 -0.124518784696114
0.134887598943292 0.133920783166249 0.0292417949241949 -0.158606586033804
0.15094416153938 0.0128430852734639 -0.0397543434237139 -0.0977398845761458
0.113778469754717 -0.0608648518462265 -0.0329728598742405 -0.0447582677203199
0.0555459281612385 -0.108410410774882 0.00346683888955963 -0.0359959462198051
0.0186870213056888 -0.109168269520299 0.0206821180966416 -0.0463558160004716
0.0210348361267105 -0.111380182284053 0.050910652163323 -0.0485636422522337
0.0724426059743745 -0.0909676393559363 0.0925170136969747 -0.0268483113074541
0.115313683346517 -0.0412391991005985 0.117681035823281 0.0247857971716935
0.156228675103203 0.0451170746786546 0.0723154905121964 0.102073329488843
0.0648006550183405 0.143296110839532 -0.0180106645655948 0.127768242440018
-0.0816565399820708 0.152360633158923 -0.0476908552256033 0.0291498578299127
-0.169163047859252 0.101365299296231 0.0825317621525003 -0.0297044622456623
-0.127200517170634 0.0191836795570783 0.18029140663865 -0.0822573264253639
-0.133964420329631 0.08207934309623 0.22379428914402 -0.0343219547425064
-0.0330053811215256 0.140865573312156 0.171611141429026 -0.0964018025019486
0.095747916170622 0.10835281976564 0.0689626715311276 -0.13090925856551
0.113772467734674 0.0137317293341477 0.0110918296023244 -0.0967855700936655
0.085722258472188 -0.0441859807596996 0.00634942224694309 -0.0739823806495389
0.0409386600337267 -0.0820090245640291 0.0237174482573295 -0.0740793146111044
0.0109776281445356 -0.0854962849826261 0.032374721424097 -0.082995969644023
0.0122287476202218 -0.0876474134414833 0.0619317935119074 -0.082582698068004
0.0518806876707171 -0.072819611168759 0.108133378226414 -0.0553143218443553
0.0908506930545536 -0.034299598913372 0.137232288593215 0.00670805793644182
0.122617965210631 0.0402412967526075 0.0907404169177071 0.0929304558058548
0.0387567187633469 0.117109738682172 0.00235175843632246 0.11943017155534
-0.0788974374464224 0.110280503004491 -0.0289418927318801 0.0213643527594521
-0.13442489839195 0.0527100605844529 0.125877058265571 -0.0437949437301871
-0.0543656431027223 -0.0234341361801511 0.227172469367285 -0.0782146055390614
-0.0764345085750039 0.0196948897321438 0.238804468802329 -0.0388114506667051
-0.0278109501440907 0.0657874237830601 0.180857400438859 -0.076647820169474
0.0466062811526907 0.0547078860828408 0.0929632485680909 -0.112491946428949
0.0550208872850563 0.0059835090801189 0.0412475432582751 -0.0986519491617604
0.0408195392161222 -0.0218424792387131 0.0278791592782606 -0.0947992296768286
0.0180674026718852 -0.042756156659862 0.0332620775401786 -0.0991997416009967
0.00103589768978013 -0.0481637277240257 0.038744495549408 -0.105410270386283
0.00255491397303686 -0.0525352909784222 0.069573373555934 -0.105053086117154
0.0269094486070731 -0.047336068536897 0.120965694564571 -0.072407983971686
0.0590204734649998 -0.0251113069162554 0.153542481230829 0.00045631537921252
0.0786073765345307 0.0300781285177752 0.103784783932316 0.0942694907289101
0.0107789844518053 0.0804249115206513 0.0141672232811874 0.117355016141802
-0.0659205673557982 0.0588480321664507 -0.0186798451623148 0.0198222511646956
-0.0826932772024726 -0.0019653276216121 0.150689884694679 -0.0454917646334074
0.0367321230862792 0.0284113073177868 -0.115788547165705 0.136303409412995
0.0262636560964455 -0.0242572398572143 0.0404346193191538 0.0131564907185338
-0.0154354841803521 -0.028578774353582 -0.0440780794728093 -0.118590126199796
-0.0273942607651942 0.00737070288760444 -0.153483971596573 -0.0678145021374222
-0.00303830126814379 0.0202358691035927 -0.173270420384977 0.0630378354951385
0.00684308030499451 0.0062697389747881 -0.092382588983937 0.138676589957354
0.00315439843689529 0.002697024657189 -0.014297251727528 0.141405496078293
0.00541098343998854 0.000435436097834928 0.0169842482627081 0.125647968743503
-0.000946450349318661 -0.00777331476729067 0.029573803405267 0.115326285622573
0.00457290991761187 -0.0121009022214552 0.0257139713874323 0.113861473012861
0.00613984219573277 -0.00508754966473044 0.00627818146790391 0.120610153882419
0.0104629552488778 -0.00975279358359445 -0.0440057583260587 0.143898224773719
0.026835849903275 0.00030528420313003 -0.121066108168435 0.138622107593214
0.0336536609864711 0.036496813675925 -0.190653532614512 0.105088158325974
0.0119035613254644 0.0623132616039091 -0.181427789669771 0.14493256839923
-0.00682950069635955 0.0917098974594586 -0.12811871084106 0.112003227404819
0.0220905851587724 0.0458669312446796 0.0412943554238338 0.00588558491427007
0.0294062782783772 0.0157588261597312 -0.0401490889141492 -0.131602102683701
0.0334405032988181 0.0028258545187151 -0.159002436743298 -0.0822594219109246
0.0354160942158238 -0.00938317255067629 -0.179638475486761 0.051918786041263
0.0241652585110501 -0.0338855872989313 -0.0949089734100493 0.131115811136549
-0.00145855063532249 -0.0424978247644985 -0.0161639385213609 0.13078544783748
-0.00465312520484925 -0.0425481114961402 0.0166868589894692 0.111972655346268
-0.00320674762970163 -0.0558651443406269 0.0354028004645771 0.100192525262058
0.0330652521420828 -0.0588370537715286 0.039465196339625 0.100220965818801
0.059887794846112 -0.0291596140577626 0.0249661920044689 0.11501267140467
0.0831500699796182 0.00705676166532087 -0.0219388209698857 0.148612164018907
0.0614877982104375 0.0675226350568634 -0.0996567420357992 0.148690675492078
0.0049419611549271 0.115961625590693 -0.155824334546376 0.102757908745747
-0.0464706565454529 0.134528659735788 -0.142879694359146 0.119994213437072
-0.0571862927888038 0.139798086686719 -0.116178406345588 0.0673256552099244
0.00399774270937785 0.117606514690612 0.0558722710135955 -0.0132173037907077
0.0676693325589675 0.070945923626943 -0.0225918905435322 -0.15098805508036
0.0981304671939878 0.00743352633153673 -0.153394988431689 -0.107828852917492
0.0777987855859672 -0.0371821749613023 -0.1797072639462 0.0275714191484136
0.0443794862858218 -0.0715215039948808 -0.0957416156332737 0.107875117677381
-0.00237729776163519 -0.0837331244357682 -0.018792881085078 0.103092774225137
-0.0140664027965097 -0.079615547092163 0.0138043116279372 0.0824132038011938
-0.0101902864397589 -0.0933711704462279 0.0382877787956076 0.0680636437644307
0.0460180063618879 -0.0979642794373672 0.0567312115429959 0.0681160469631569
0.0941011712179264 -0.0593950721659404 0.0562869119347119 0.0924694634648006
0.140426263712679 -0.000595723168887854 0.0175120631642819 0.145423223428879
0.103110354462454 0.105677304803418 -0.0646779438049366 0.158332717141431
-0.00116616448043973 0.173627930489438 -0.11798194686234 0.0955737929673408
-0.0842246194366719 0.189263370955547 -0.0904598740200283 0.0776695805959132
-0.104067078065278 0.163350489767488 -0.0754850714712432 0.0106851696176032
-0.0274189282363842 0.174863591877799 0.0841968169581117 -0.0417435284928648
0.0876513433234764 0.128558350990959 0.00929544429391703 -0.169343951793184
0.153819852664053 0.0229959465615864 -0.128676952682485 -0.134643219411345
0.116736359367822 -0.0560870532178449 -0.161774928546065 -0.00697646645771107
0.0646772309475915 -0.0997527681953839 -0.0890397297130683 0.0693677434432979
-0.00013300315290439 -0.114716763781689 -0.0190991926087771 0.0615158365608418
-0.0222807442651967 -0.104852301360909 0.00946917569041793 0.0408974336967581
-0.0185677113731218 -0.114777042106955 0.0373313342544063 0.0246176441198789
0.045280492097517 -0.121808825900768 0.068357491491185 0.0242458423165683
0.10582079280548 -0.0845491120941927 0.0860197488944871 0.0553536643978632
0.172550992669857 -0.0183339432142482 0.0598052763947011 0.126715515781099
0.133144867567032 0.116403213540842 -0.0240385199338209 0.15719548325304
0.00338928676324879 0.199400071975163 -0.0849040250750243 0.0814405253480015
-0.102870152410954 0.214159557659723 -0.0361758222801693 0.0250859609005209
-0.134595783961418 0.155970503252006 -0.0127516662664038 -0.0508203820445144
-0.0650158554424475 0.198977666031869 0.121035729805778 -0.0733325178278204
0.0813543677309832 0.17012853165856 0.0504291311463336 -0.176195447971986
0.180423539890621 0.0464153321189638 -0.0833406165769879 -0.153038458696604
0.141634218726177 -0.059261080916635 -0.124605426540658 -0.0455913906844618
0.0784455233593708 -0.110770795512242 -0.0721925199871608 0.0202898665930165
0.0033174940117725 -0.127664937457904 -0.0171493870564274 0.0116629854391769
-0.0265771107513059 -0.114311300655301 0.0040960130750771 -0.00600705062680293
-0.0254167202208154 -0.119887940360487 0.032531071455735 -0.0217483736117296
0.0375619845027577 -0.125609393568631 0.0731744157361544 -0.0227760592415154
0.101787008291716 -0.0931043830735714 0.10565546859554 0.0134987080017315
0.176039714763285 -0.0284861158622078 0.0905360570493793 0.0988069168576453
0.137600139758778 0.113400505846412 0.0100430748787656 0.143009664706225
0.00180371259942962 0.196856025213406 -0.0591304889856986 0.0616510711979358
-0.110252368673645 0.205692207516725 0.014103723247006 -0.0280844512905572
-0.137071817771836 0.121128067491295 0.0608541393468361 -0.104856717857251
-0.0902309479372923 0.179885418940413 0.159291244405268 -0.101358528022223
0.0540722695721747 0.174410869111413 0.0900277223991233 -0.168920962066591
0.168888741386706 0.0624886707938268 -0.0313081693290769 -0.154738130745849
0.138248044465006 -0.0485062544931388 -0.0744116303195521 -0.0760262648195618
0.0765737151440397 -0.10136523067262 -0.0482972961621523 -0.0299165341539196
0.00498573345502742 -0.119090058931883 -0.0134638707905032 -0.0390290676379165
-0.0278480668999366 -0.106009473091404 -0.00159104498010453 -0.0511944987332185
-0.0276863139999222 -0.108809248803326 0.0260951879510605 -0.065257781434481
0.0277754980238414 -0.113282392512758 0.0731565209465425 -0.0643939917559924
0.0888438858900493 -0.0865937192493311 0.117419785464649 -0.0230077254936456
0.159197022130326 -0.0258092290091614 0.109476270910813 0.0713355663190743
0.117717128087076 0.10539966928787 0.0339937234315911 0.123608025500589
-0.00980595759841478 0.172215900487919 -0.0389310920308393 0.0421636860302869
-0.10889650153488 0.167453598002702 0.057120611402095 -0.0717177106381695
-0.109871199883865 0.0652181647228898 0.127350328207568 -0.143488845291638
-0.0894616648856629 0.123725094712175 0.187463611655488 -0.121143688250785
0.0226180274963278 0.137166786330701 0.118620228472786 -0.152604589378728
0.124330245191083 0.0560444187952439 0.0143508180167681 -0.14648173917295
0.10498727408123 -0.0332005977468386 -0.0291230119280788 -0.0960445668635059
0.0580961384451062 -0.0751880690660403 -0.0257226334969784 -0.0717526996480042
0.0027192131257222 -0.0895594948380612 -0.0107867428286673 -0.0807492284983087
-0.025259813851289 -0.0808857424643422 -0.00702646960780241 -0.0888334095657891
-0.0248528546704954 -0.0839081121340924 0.0205984228235003 -0.101276419587503
0.0174119269516579 -0.0879107983596988 0.0741435585406174 -0.0963285057450239
0.069026347265117 -0.0697307975778258 0.126957311460497 -0.0484518239682401
0.127096803550994 -0.0161643272806865 0.121415545443262 0.0528415889351128
0.083647172581702 0.0925478245935123 0.0487505661447013 0.106722586020857
-0.0249845897401363 0.132814032845903 -0.0230172689184046 0.0277946255695581
-0.0988224251395526 0.106930011986511 0.0925157742729264 -0.0995595986436365
-0.0612826576899932 -0.00173931129919763 0.171023714507849 -0.162793806013672
-0.0631388202916391 0.045531082994543 0.196685828588017 -0.133578905591365
-0.00170739982366881 0.0678047916398605 0.131403232089571 -0.140500075872395
0.0593398404134177 0.0281264199035129 0.0394782277929005 -0.140079641440366
0.049727826566461 -0.0163837684768529 -0.00420399616520721 -0.107909466868507
0.0266396874902192 -0.0361998829013539 -0.0160825725239605 -0.0981060007839494
-0.00147097124806927 -0.0450481317979999 -0.0141730845195967 -0.106509007349866
-0.0191036966526885 -0.0427250039319088 -0.0120965634390658 -0.111798648689118
-0.0191097581671951 -0.0477906557241845 0.0168285496217842 -0.124363942041852
0.00489991889851916 -0.0539902893869089 0.0775530911323147 -0.117638176431327
0.0436170911175547 -0.0481176775277641 0.138232208284856 -0.062598425515246
0.0837616591123802 -0.00580982217617225 0.132427920683898 0.0462859032324236
0.0428854134731384 0.0705676553001433 0.0588652366059511 0.0983733224584704
-0.0351049616238308 0.0804902246966709 -0.011970072575944 0.0226212823071623
-0.0758557559183595 0.0335494715182982 0.116153133587336 -0.108145436836367
0.0363976950921253 0.0273670602780621 -0.111399130681946 0.139500056477517
0.0255345254434905 -0.0247171364156689 0.041546245941078 0.0115063548131661
-0.0155817594848492 -0.0277339006919164 -0.0470771443401208 -0.118536518962486
-0.0275742280932099 0.007993720147902 -0.156038541502824 -0.0652596362273645
-0.00258880283649626 0.0195709413461572 -0.173600860478917 0.0677549723450901
0.0065599143348317 0.00544452397173733 -0.0897415783977575 0.142350006905047
0.00282143383966548 0.00246245406850713 -0.0108199386335215 0.141800811647611
0.00551902257617076 -0.000506549163725688 0.0216154521062473 0.125989682248218
-0.00153464221763202 -0.00805017811378506 0.0338511787821478 0.11629858390953
0.00423650230976607 -0.0129222215943523 0.0291473157159818 0.114769705115346
0.00660329428740434 -0.0051515767280794 0.00868536490473236 0.121121158694864
0.0109170543413965 -0.00963028084549312 -0.0411766172470333 0.145050622497283
0.0270555577791651 0.00011435151874248 -0.118967131166284 0.140416280547225
0.0347241346217558 0.0361308955149327 -0.190637629278894 0.109588462403574
0.0122458155328415 0.0618926207471134 -0.178844544741271 0.151891584086099
-0.00521216446316448 0.0917803955125386 -0.124780313681458 0.115992049683788
0.0235290119584596 0.0461845512080721 0.0433518969265486 0.00439544411614461
0.0304230350376756 0.0149596857874986 -0.0430614326201294 -0.132002249740024
0.0331751926915979 0.00152790749009138 -0.161601169099986 -0.0793667053103413
0.0349966906428667 -0.0114546773629194 -0.18069262604534 0.0565737729569662
0.0229320650926177 -0.0354803719539645 -0.092674002029696 0.134107182655188
-0.0030039189628456 -0.0424717457519434 -0.0129491312868746 0.130948742958873
-0.00591776435284494 -0.0430940019642107 0.0206259446068188 0.112517543269208
-0.00542249956351347 -0.0563987745311706 0.0390668001649766 0.0999964974492274
0.0316249760647769 -0.0611293021970105 0.0427702505516796 0.10042149598048
0.0601386438067099 -0.0310143254564351 0.027744096775458 0.114981323678206
0.0839539217724423 0.00471966432318246 -0.0188357013731707 0.14908847486301
0.0636793881823128 0.0668451464614424 -0.0962499115389833 0.150749793129415
0.00793217731868899 0.11721070590986 -0.155505990669406 0.106926947506391
-0.044308722006766 0.135508725352471 -0.14134140181955 0.125546539117532
-0.0542560478975749 0.142090807677543 -0.113339468176381 0.0709027351919149
0.00736451733368166 0.118729592954462 0.0576608475325679 -0.0143962622498262
0.070261154696562 0.069108497848829 -0.024939236041386 -0.151647127988651
0.0986374616324362 0.00346600240648185 -0.155995487466916 -0.105151657153471
0.0766934416942932 -0.0409845393057292 -0.180865654116995 0.0319093887653689
0.0424197439465558 -0.0738762905527196 -0.0937843651186291 0.110872527532198
-0.00528117623046605 -0.0844308063556775 -0.0161152286950368 0.10380689384763
-0.0165689008353566 -0.0796029915452315 0.0165556857965481 0.082659743842932
-0.0132669375993725 -0.0936447416457193 0.0411545176800351 0.0678894564901028
0.0434197632634659 -0.101173366950218 0.0585357169050906 0.0672192611161785
0.0933665440704368 -0.063036364467643 0.0590938672189708 0.0916827012144131
0.141845010935269 -0.0049013526744439 0.0209845780394863 0.144835016274141
0.106445979648742 0.103562080492307 -0.0599988965564785 0.159681120918017
0.00354266341646766 0.175175724190349 -0.117973129349063 0.0990633758054713
-0.08113905375593 0.191415233205096 -0.0899665617800965 0.0820290164156327
-0.100755168502295 0.167208952636623 -0.0746581388935303 0.0127736816057197
-0.0233713248448439 0.176936473419102 0.0848200455447104 -0.0434628127743581
0.091774997110299 0.126269919958478 0.00634605553990625 -0.170241410851968
0.154566912767268 0.0175483133473219 -0.131569053185952 -0.132758017208615
0.115932285328924 -0.0612931274725849 -0.164048026328255 -0.00308682256834592
0.0625988902714601 -0.102943787223341 -0.087798788761952 0.0715906447486959
-0.00421949200344578 -0.115694078463684 -0.0175281588258426 0.0619393117719018
-0.0257111537089654 -0.104240637507756 0.0101028430247223 0.0408596942174631
-0.0227468105592143 -0.114797418486813 0.0382951850342011 0.0237337292492075
0.0419074540650885 -0.124911200275586 0.068968453011013 0.0222266403533328
0.104230742206778 -0.0882102516275253 0.0883861198345084 0.0537215226902152
0.1730436458713 -0.0239705205068187 0.0628598955199993 0.125208218527608
0.136768605238302 0.114039983496754 -0.0184648226832889 0.157905435667649
0.00859780075257047 0.201459943725184 -0.0841565321591779 0.083713250542656
-0.0990802057651913 0.216831759777788 -0.036885835094899 0.0265052908935295
-0.131284906331533 0.161184136884765 -0.0135905049613956 -0.0505176736009314
-0.0595042700649068 0.20229192924197 0.120827707982962 -0.075849218654578
0.085985611152453 0.167757039357739 0.0474626516989328 -0.177837231754689
0.182159481802632 0.0401009364051623 -0.0866324395347276 -0.151811269681292
0.140801845155104 -0.0644758572913612 -0.12753188076597 -0.0426767961856995
0.0756933676624538 -0.11416767043349 -0.072356967031814 0.0218789947905334
-0.000897256314643681 -0.128616420401459 -0.0172604929487922 0.0114823092910071
-0.0302906119164951 -0.113196772169962 0.00374904828319183 -0.00615456760973247
-0.0295420526444749 -0.119242592831706 0.0321802360082806 -0.0225804850361164
0.0345652219218724 -0.128431882810282 0.0721747576944911 -0.024856151522339
0.0998591454253679 -0.0968824475661737 0.106865693503826 0.0114282628801408
0.175840760704216 -0.0347073375857432 0.0936163954466474 0.0957196394518911
0.141211905533711 0.110590752563462 0.015580392401918 0.142938864220448
0.00653237378888666 0.198542137688681 -0.0582350910221942 0.0633041192860318
-0.105939575187108 0.208349900604693 0.0121125590931177 -0.0286250783009834
-0.134477123778644 0.12561102585288 0.0588089050229956 -0.106712271789008
-0.0857447604998901 0.183392064473478 0.158084875657854 -0.105413613693789
0.058262958952517 0.173481073749549 0.087051588131214 -0.171046060228355
0.170497388068964 0.0568358597920635 -0.0340612916624067 -0.155232978129889
0.137895325029286 -0.0541472657491721 -0.0775787687750084 -0.0749793759413481
0.0744871549044952 -0.105222788241425 -0.0494382944361272 -0.0300567886204426
0.00123955548558041 -0.120140360742254 -0.0154516620528696 -0.0399740526865867
-0.030958887330303 -0.104615938316324 -0.00375598526700199 -0.0517646779708877
-0.0312824583763781 -0.107516117471176 0.024288889066573 -0.0667437987055555
0.0248870085949029 -0.115502553212375 0.0713563640445397 -0.0667061006327499
0.0868819002828448 -0.0896304550142735 0.117780866253531 -0.0255901096742965
0.159163989439938 -0.0314523026050798 0.111260393590879 0.0682817141492225
0.121698502466758 0.10347523593796 0.0384020795481962 0.122495093237559
-0.00506213075021497 0.174052422673951 -0.0386105999270911 0.0434186844219204
-0.105570728553683 0.169589730847037 0.0539955462640096 -0.0735694884007411
-0.108560019508863 0.0686241206197011 0.124768892278477 -0.147547095208868
-0.0868595334919404 0.126486567428425 0.185185592579594 -0.125804633610114
0.0257456395976524 0.136735776865417 0.116036565409779 -0.155521225884306
0.125682900031176 0.0517900415327258 0.011254993280776 -0.147511641999776
0.105063243141225 -0.0367751647993918 -0.0321637942228314 -0.0963025925866213
0.0566089657050472 -0.0778509838410335 -0.0279284621900151 -0.072948971422384
0.000263054939366639 -0.0905917775659383 -0.0150309023952832 -0.082042875542246
-0.0276731438826026 -0.0798037849740736 -0.0110189697102923 -0.0895990988548114
-0.028053418744398 -0.0826119864541209 0.0175366203598324 -0.102832317553728
0.0152254908338436 -0.0887897205859265 0.0713500056353184 -0.0992464652936376
0.0674825538626757 -0.0718351331383896 0.126508727525187 -0.0514597529710672
0.126425280855299 -0.0202131021422796 0.12313914705083 0.0494402667158314
0.0865542978899587 0.091616099340262 0.0524826608678654 0.105112049473212
-0.0219674171409819 0.133684355852392 -0.0226133359354504 0.0284543167533304
-0.0970358224773682 0.108546509599149 0.0891614311133199 -0.102828202830353
-0.0610887025211034 -0.000189084968511103 0.168045833632158 -0.168341719416072
-0.062145026795498 0.0469387150972746 0.194037824788692 -0.138894402949021
-0.000443375938831451 0.0677142230890397 0.12866026011037 -0.143285399923555
0.0596252412276783 0.0258818574971557 0.0372177149985296 -0.140940550718682
0.0496630372632732 -0.0177329431063833 -0.00677785251567153 -0.10934844145953
0.0258458796564916 -0.0370900566715989 -0.0187105094005566 -0.0997237486930708
-0.00236896814048461 -0.0448553369567312 -0.018479373922661 -0.107849060610133
-0.0201006659674364 -0.041214899492988 -0.016558527187372 -0.11214836375817
-0.0207981525354412 -0.0467940565700676 0.0126221606331581 -0.125681962596843
0.00367995328302856 -0.0542193035866858 0.0741808860306946 -0.1205816484504
0.0424243992559082 -0.0494309057241441 0.137240561241913 -0.0664219904503641
0.0835192403115196 -0.00853760886892854 0.134330056125252 0.0422040472693247
0.0452141661634121 0.0699567810781332 0.0619738147590463 0.0971901866407559
-0.0330506209135883 0.0804301762230098 -0.0127267285158747 0.0232794142319777
-0.0754861538539975 0.0349574242045823 0.112477349653395 -0.112343871672089
0.0363547582817814 0.0252325275572207 -0.102550579806342 0.144299682742786
0.024167862890173 -0.02547400044808 0.0427282180234861 0.00947302976922042
-0.0163316563683981 -0.0267932123712003 -0.0522860658130215 -0.116498662366929
-0.0269590673890244 0.00923576691417795 -0.157889473921335 -0.0585783173229842
-0.0017497684926446 0.0189888972578994 -0.170196302580937 0.0766599724638415
0.00642698834437367 0.00484432706787508 -0.0828482985958443 0.146605151704956
0.00273981364283677 0.00204564788494195 -0.00389572704370272 0.140909152353834
0.00523481967821893 -0.00123238619825131 0.0292624510763716 0.12458945190499
-0.00208906308647724 -0.00818454675087195 0.040700399329754 0.114263748603209
0.00354146577114047 -0.0136530012709053 0.0350551219256699 0.113083696293172
0.00702169212867657 -0.0054950181982056 0.0137400841640644 0.120602597823876
0.0108070785041632 -0.00980583126848526 -0.0344143788816263 0.146022179201066
0.0270052923958326 -0.00105668540744795 -0.112082704476833 0.144165197428769
0.0366447259108156 0.0342686623508502 -0.185301072485693 0.11809418523942
0.0141172861070474 0.0603802585587632 -0.171042882666712 0.16173567148226
-0.00133518607782205 0.0919326286540544 -0.116662349330926 0.121621744071533
0.0254831730654928 0.0449962043975399 0.0440147297048748 0.0024383678482025
0.0317748812077468 0.0134132843759741 -0.0488114322240938 -0.129224388949953
0.0331254811715668 -0.000901482992389476 -0.164248553027172 -0.0725052948825685
0.033826880905693 -0.0143202081104832 -0.178043546650321 0.0663770969558272
0.020578125942972 -0.0370839208561129 -0.0858369259108793 0.138729332453398
-0.0062089613218636 -0.0424464206159837 -0.00627321593525638 0.130575518375319
-0.00834011034984709 -0.0425088600723454 0.0271096134271138 0.1109977926218
-0.00891682942911346 -0.0563217438984459 0.0448137885479122 0.0981392316343336
0.0282407640494622 -0.0641436726270674 0.0473365205150317 0.098456061902934
0.0590879164602598 -0.034437836182193 0.0331317257763153 0.113774227315444
0.0841341365057986 9.69632906014414E-05 -0.0116007656640896 0.148871393861545
0.0666666352901904 0.0637426634651845 -0.0878077210900141 0.153243869137926
0.0138043138737156 0.11638201790773 -0.150497668023183 0.113647351049899
-0.0388266160121355 0.136337430095409 -0.135478414045293 0.133443683311529
-0.0471785315714114 0.14409245110795 -0.108513448098897 0.0760161555733461
0.0131734533738156 0.118348587253558 0.0575008448795355 -0.0169934276319987
0.0738565052128156 0.0647640491977525 -0.0316127617497957 -0.150133786110968
0.0974076797477172 -0.00276084461526263 -0.160290242542467 -0.0981421820686159
0.0738250271633078 -0.0459378553964903 -0.180323977747074 0.0412910470207549
0.0381735518557161 -0.0766460546127359 -0.0883757930337692 0.114828465756349
-0.0105498468745928 -0.0838550915112418 -0.0107647489736891 0.103673861639525
-0.0212135153795135 -0.0782066764044115 0.0210228035344031 0.0815968157541327
-0.0188756021630956 -0.0923905753073374 0.0453634551261908 0.065349132927245
0.0379057671224901 -0.104296394949812 0.0617664877483643 0.0647654697076702
0.0900070839019988 -0.0677892521922489 0.0632451344118002 0.0893748139526925
0.141003889413432 -0.0128621286117653 0.0277552586958134 0.142518023572877
0.111453018767662 0.0985397372769057 -0.0509939432719435 0.160674403536283
0.0122438506781471 0.174693469311181 -0.112967004082874 0.104290191878811
-0.072330864187173 0.193226804656718 -0.0863257376526217 0.0865009112513401
-0.0915048118742008 0.171705803026351 -0.0726872205300101 0.0164783120172568
-0.0142459999382899 0.17803488772722 0.0831688051151548 -0.0468927046718204
0.0979503424920283 0.120173265117203 -0.000958878544569576 -0.169320657976074
0.153497155801465 0.00809513122912978 -0.136816802895117 -0.125908290646308
0.112158590234601 -0.0683409223705812 -0.165090845257855 0.00551381022260838
0.0565258555018957 -0.107053956661451 -0.084497193374978 0.0756641161668757
-0.0110563412903379 -0.114865453951541 -0.0150936051581666 0.0621890243299454
-0.0315134840826862 -0.101742679022736 0.012370501143634 0.0399878093406588
-0.0297855759869912 -0.112844613804501 0.0403458151099897 0.0218239225163364
0.035119679087479 -0.12753594144603 0.0694410474668218 0.0191565486484877
0.0994145380577236 -0.0936968410625172 0.0906607373213976 0.0495842746572379
0.170753392623414 -0.0345790236291926 0.0682007923243265 0.121055332489111
0.14229127869633 0.106735994066754 -0.00961563076217801 0.157204758896124
0.0184407047497043 0.201028996903044 -0.0800756611547529 0.0876656749706524
-0.0883542645843936 0.220419138543454 -0.0365197370814402 0.0286712740836917
-0.122556950901423 0.166922453042192 -0.0149743382396 -0.0494982935815579
-0.0497372178066832 0.20473002366982 0.117392552189657 -0.0809914950099617
0.0945279374762889 0.162178628232337 0.0394489518553733 -0.178707685876553
0.18239926379009 0.0292871901083865 -0.0930010030767761 -0.147147097322576
0.136774590791104 -0.0730256594032908 -0.130000242077469 -0.0362382255443352
0.0695650558573259 -0.118882690810976 -0.0715462939063511 0.0244498344386165
-0.00846683489181631 -0.128217276137073 -0.0176354324474196 0.0112395104785822
-0.035889456829723 -0.110329136850946 0.00256508529540754 -0.00684713840292884
-0.0367967444130367 -0.116613666686279 0.0309195831543707 -0.0246032818748448
0.0270884711157028 -0.130889883243125 0.0702701177483376 -0.028087534619685
0.0944067547016618 -0.10208848669227 0.107401144617134 0.00620734986404869
0.173132267962564 -0.0449812925683141 0.0967421071129996 0.0904240934319079
0.146505407469585 0.103390592089496 0.0237130962300412 0.140349575687373
0.0167099680782352 0.197726071003735 -0.0555024059877024 0.0664226002306055
-0.095648198565604 0.21154851296983 0.00898764519764686 -0.0286598821429112
-0.127256214599073 0.131853923224793 0.0539345517015518 -0.109360177037962
-0.0766336895422478 0.187042399019214 0.151664603221309 -0.112284348890977
0.066355574325488 0.169000679972696 0.0792957243688228 -0.173322211450611
0.171580276922502 0.0464471569914192 -0.0408815898886171 -0.152091466110713
0.134582671624831 -0.0618565108051459 -0.0816521598909261 -0.0708814295287556
0.068767721274965 -0.109700049742172 -0.0509665913971763 -0.027940634880862
-0.00547096098957588 -0.119678240729484 -0.0183282935053924 -0.039844646110062
-0.0362361137193569 -0.101327426772563 -0.00786252999257848 -0.0519181275581976
-0.0375024104001254 -0.104641149731901 0.0200178873872655 -0.0679286017023905
0.0185194165939348 -0.116648093379977 0.0670808818636868 -0.0702881910848203
0.0817516410853456 -0.0941169185481334 0.116166986410888 -0.0311118409637378
0.156088095906166 -0.0410068652668051 0.113335869827636 0.061997343605282
0.126211556822831 0.0966637369981949 0.0453796905085984 0.119200329207103
0.00341895314421785 0.173539154386135 -0.0363760970659975 0.0452013696318304
-0.0973080627040135 0.173273515188862 0.0488440216210469 -0.0760361226566957
-0.103781566438797 0.0736229673455511 0.117079848032134 -0.15301595674413
-0.0798653993709911 0.130381704630482 0.177599255450186 -0.133249474204475
0.0319301828732039 0.133896478191924 0.108509774496285 -0.159296553876502
0.126287906972952 0.0444364782328329 0.00479314729111724 -0.146352565990139
0.102641373476799 -0.0424382944857 -0.0368726244739483 -0.0949225014691975
0.0523520888994751 -0.081155771550229 -0.0316225442634626 -0.0720798644726665
-0.00461867521111704 -0.0895875072264073 -0.0204996835112869 -0.0821072201149331
-0.0313348347576923 -0.076372858092244 -0.0167537193735008 -0.0887302274262978
-0.0325063466826319 -0.0796569344476636 0.0111189414404915 -0.103556915405612
0.0101856282063407 -0.0896611143598303 0.0652507860226107 -0.102317131102081
0.063163939754511 -0.0748136141147446 0.123809428732244 -0.0574167361413801
0.124342176581167 -0.0276638277961735 0.12459871129475 0.0433868720249539
0.0910687787218634 0.0866120340838945 0.0576903314337694 0.101846115224355
-0.0150640948582819 0.13380092538809 -0.0215606465969766 0.0297081950336583
-0.0911463962393285 0.11192085800963 0.0814959543561835 -0.107312122314631
-0.0597302626283673 0.00268973281102308 0.158752765112274 -0.176105517145086
-0.0589087587772105 0.0490588910940742 0.185246402581278 -0.147244292114799
0.00277283732282052 0.0668487784064784 0.121861876226274 -0.148101041022546
0.0592803026132967 0.0223761819891457 0.0306669707120996 -0.141880530388667
0.0486305000480225 -0.020609859191559 -0.012132021840576 -0.108700554070473
0.0242097807028424 -0.0388691174969466 -0.0236972047333723 -0.0997176570275622
-0.00419953001763317 -0.0439864530355634 -0.0256349113904187 -0.107519331490099
-0.0216895775510121 -0.0388485045160698 -0.0239287058380989 -0.111375456964581
-0.0230806740941771 -0.0438972454611954 0.00553387307829839 -0.126354570933265
0.000904850191194852 -0.0540379174442934 0.0675811687265218 -0.123832826273802
0.0391581791129713 -0.0511288882580669 0.133706674351362 -0.0727435389906086
0.08214052727284 -0.0129242566692577 0.135334957617536 0.0357856620915834
0.0484854146629074 0.0676116170160427 0.0661640854414741 0.0931313467866311
-0.0294330985390554 0.0811111406317686 -0.0112280976558034 0.0237709908582956
-0.072892743920368 0.0384247575781653 0.104373035196637 -0.118174091902582
0.0349718585006463 0.0225508534369247 -0.0905671498641642 0.144198836063554
0.0220391938850109 -0.0257144332518487 0.0430590593162748 0.00653464743820567
-0.0164846513563684 -0.0246041032930979 -0.0565452624939188 -0.110354225710251
-0.0258416648540671 0.0105175038053907 -0.156739146144388 -0.0488170238318227
-0.00131740217220146 0.0178691661448568 -0.1608916571163 0.0845073574778925
0.00570183682165061 0.00391340066893211 -0.0722481932258931 0.147429969821609
0.00222581089617988 0.00154192453746365 0.0037177739083401 0.136650965023134
0.00482896481380333 -0.00230185081512678 0.0357614293888556 0.119274841284737
-0.00295218202192661 -0.00822303093960404 0.0466012095499476 0.109000831983198
0.00213268849871693 -0.0143293827686574 0.0404178530413047 0.108853302359924
0.00721173445165244 -0.00531377462400991 0.0191016389516762 0.115889889727325
0.0105468973757048 -0.00979326846855576 -0.0258415567705335 0.142561923573336
0.0265424447617906 -0.002238322568904 -0.101643991963165 0.144203197722875
0.0369748417137436 0.0312879792344205 -0.174700531502917 0.124233571729586
0.0154472424485254 0.0570111376193803 -0.157393891445365 0.167008422311888
0.00260811068295542 0.0892116462675511 -0.105545000240168 0.123680468081076
0.0275903037023862 0.0424921619527034 0.044118923333246 0.000224582814843283
0.0321875564489158 0.0109650067414765 -0.0538562335200732 -0.123579479154003
0.0316123605901272 -0.00321743586473882 -0.16296319548016 -0.0620944454430135
0.0312328590357768 -0.0167675186757067 -0.169668333486406 0.0746824649002272
0.0175461102213681 -0.0375898122549099 -0.0762312403023943 0.139478346626314
-0.0085261623684836 -0.0408591928958534 0.00122787057490881 0.126653026690335
-0.0110114557698963 -0.041292233081271 0.0328110416812049 0.10574108003114
-0.0121982192627785 -0.0538210285548993 0.0500952890633702 0.092800482863115
0.0229477569140123 -0.0646318857510419 0.0520827700274471 0.0934637551856463
0.0559463015616613 -0.0365152778005186 0.0378716600918894 0.108545840059511
0.082036923554209 -0.00464370556147009 -0.00357916751687335 0.144252104802685
0.0681315183116643 0.0585488960914574 -0.0770365915117417 0.151358311769796
0.0193939386535472 0.112848058038929 -0.140800316937053 0.118482782438362
-0.0312158904585193 0.133362684281007 -0.124572163488857 0.137498878493927
-0.038277387722313 0.14200611394838 -0.0993894522126859 0.0798034864012545
0.0190905821443684 0.114049945712083 0.0559364701428277 -0.0186605236149919
0.0754705361530015 0.0583143571026478 -0.0378933662476514 -0.143520562506044
0.0938518630286593 -0.00907795437656511 -0.159993058302302 -0.0870032665215489
0.0686627642123035 -0.0497217409345659 -0.173019960759576 0.0510745850555709
0.0325756512881207 -0.0774399961546789 -0.0800997480782114 0.116629921435076
-0.01554094636959 -0.0808272065002781 -0.00495489709163737 0.100733520675519
-0.0249339017712385 -0.0744178282866554 0.0247650535969137 0.07746714677908
-0.0245445571402067 -0.0884397276960206 0.0479724659373507 0.0610510132302529
0.0298996241360797 -0.104620257967431 0.0635736078325385 0.0597516923556683
0.0838725704088703 -0.0709703112870201 0.0663092048072557 0.0833528942912602
0.13600476063806 -0.0209086330981099 0.0340476766923312 0.135812114227568
0.113442915011246 0.0901051763001025 -0.0400147437409868 0.156888834286188
0.0210245065215549 0.169216873654302 -0.104801872732929 0.107590802170415
-0.0608908293416041 0.190148591806488 -0.0799598163503372 0.0894627490019608
-0.0792920940754457 0.171229385510551 -0.0682740339326524 0.0201984087631452
-0.00396822450083319 0.173863910181338 0.0788451253806063 -0.0489483789506895
0.101552065548784 0.110363187055909 -0.00899256118077084 -0.163750351125441
0.148136024335504 -0.00179268505481629 -0.139233213624823 -0.11534316474042
0.104396602236062 -0.0737124872873057 -0.160660910336524 0.0155988974495474
0.0485826155903259 -0.108121827790976 -0.0779737102770232 0.0776016504015024
-0.0174407351031245 -0.110426316289923 -0.012181423882216 0.0608153826327017
-0.0360432836094222 -0.0961701546716087 0.0138654851397638 0.0378653703058367
-0.0357421411568914 -0.10695814463947 0.040638131812967 0.0186970304606613
0.0258017292459006 -0.127116164883752 0.0685669131702228 0.015038439837254
0.0916296250648341 -0.0968892544670619 0.091101015219906 0.0436376845799609
0.163589926642731 -0.0438031370051835 0.0719292973869122 0.113165327742271
0.14368499175532 0.0958840171208616 -0.000245502880527973 0.151296193081098
0.0286821971314549 0.194356937156154 -0.0734736839832746 0.0894793575620909
-0.0745818175354001 0.216351481780222 -0.0351544089402363 0.0308425172379541
-0.109535124521813 0.167830205344959 -0.0167535075789675 -0.0472001133327584
-0.0370049692921398 0.201517014613554 0.109573420056523 -0.0836146740843967
0.0997436838135999 0.151126304876077 0.0298024222911042 -0.174163518517214
0.177187357417613 0.0175410492715529 -0.0971044800279616 -0.137568550619398
0.127890061720091 -0.0796162103898478 -0.1289142473231 -0.0266969765383183
0.0601181302785894 -0.120344927155161 -0.0682545963966402 0.027282615149463
-0.0160310023117536 -0.123661068008959 -0.017239825985929 0.0117217704599252
-0.041182154232481 -0.104277236066025 0.000927727947641416 -0.00704029698280657
-0.0427306698208651 -0.109922619335897 0.0286461412840629 -0.0257347463920966
0.0183652292713461 -0.129199716139628 0.0660000396360806 -0.0308140744600912
0.0860439073315771 -0.104677349253015 0.104830663095998 0.00089597968129008
0.164690659654363 -0.0549066709663918 0.0982584805153186 0.0820202762365017
0.148014625723248 0.0922278572094122 0.0308146450755632 0.133542909446746
0.0267462400198873 0.19093123080272 -0.050490085603586 0.0675248953981348
-0.0821535654643017 0.209068920651447 0.00587661936625534 -0.0277323896892355
-0.11570760783688 0.134097945994773 0.046741724424482 -0.108455770417662
-0.0643310348337609 0.18564127728965 0.141091744616718 -0.114913967805156
0.0733904651155946 0.159743683946404 0.0683994425695981 -0.170878173360311
0.167904309024054 0.0347570556530912 -0.0469714782853805 -0.145334541573871
0.127062651292495 -0.0683051886525982 -0.0839667959797291 -0.0635024577755303
0.0604424591341122 -0.11128040967529 -0.0510366170205543 -0.0253471116647474
-0.0123764496251891 -0.115393201116199 -0.0213275790158864 -0.0382877351504045
-0.0404963770627952 -0.0954964946302702 -0.0115710874153693 -0.0495819123330161
-0.0425463451915047 -0.0984448318721705 0.0154184544868555 -0.067243560634681
0.0109729491519631 -0.114755290544006 0.0608312708648461 -0.0715850768318176
0.0740933127057367 -0.0959710047370662 0.111362042212815 -0.0360464651108038
0.148525836639763 -0.0492178217308087 0.112819176721735 0.0542768460153036
0.128034914957581 0.0867747822405916 0.0509349965244798 0.112209343793911
0.0122782229394552 0.167325266923087 -0.0334681445303347 0.0462277351597676
-0.084895888565853 0.172212098933283 0.0412883591754625 -0.0765686537268829
-0.0961136245330751 0.076846704747089 0.105619917511674 -0.154267757120198
-0.0702233463180006 0.130734756133389 0.164796147555295 -0.13760683442209
0.0381016634130442 0.128007013331783 0.0977527418614659 -0.158515846944687
0.123744178018134 0.0349529919552831 -0.00267801963646457 -0.141687003968125
0.0969231290102319 -0.0478323281420858 -0.0412363734306369 -0.0898892490907322
0.0457931472927053 -0.0822298224562236 -0.0349275440126976 -0.0692414909023098
-0.00988583158547628 -0.0864889362167945 -0.0260186291211366 -0.0790108997527621
-0.0342176034813909 -0.0715780021018373 -0.0226628980822581 -0.0850487908749746
-0.0362105133506636 -0.0737619327318228 0.00449431065464102 -0.100883727987922
0.00462503540564876 -0.0872773996275782 0.0568745031006976 -0.103004179024052
0.0571103384861663 -0.0766061087642875 0.11699183207142 -0.0622880506119773
0.118664514530703 -0.0342659542808013 0.122401581314456 0.0353050119151023
0.0933383918660721 0.0791163826238104 0.0617103734712612 0.0949311508186136
-0.0081402783011915 0.130277070167576 -0.0197043137866882 0.0303347953877339
-0.0825086422816881 0.113141234698622 0.0717036823854767 -0.108488188585358
-0.0576210766094164 0.00561060733067518 0.144712647946702 -0.178827950093025
-0.0542473434913484 0.0503971674396351 0.170557002586122 -0.151198222046416
0.00594814183822889 0.0641966938643235 0.111584590099339 -0.148298774858726
0.0576314496160322 0.0175177695378222 0.0228270266832828 -0.138166862766836
0.0461778670811575 -0.0229562417741882 -0.0170091274558052 -0.105201861378177
0.0212522742893011 -0.0391857108842932 -0.0290156667854717 -0.0961710294787906
-0.00636474165413123 -0.0420631428787798 -0.0325497550477773 -0.103654943551517
-0.0223138411397812 -0.0353467937128605 -0.0307885421910851 -0.106174644106705
-0.0244100177165326 -0.0398508527909811 -0.00275351232182039 -0.12282781298986
-0.00194561554260628 -0.0521858959227041 0.0574563101203362 -0.123852872385909
0.0348944514322418 -0.0514145027128938 0.126156264651074 -0.0778771582002894
0.0779976740618934 -0.0172610818599911 0.132915930368285 0.0276860055398037
0.0509037930547725 0.0629902842755941 0.0691246207888691 0.0865177110425541
-0.0246068357657212 0.0794890853722589 -0.00997155367337719 0.0240424575189871
-0.0686372307596995 0.0409007846788585 0.0931227768325328 -0.12011903809319
0.0326674498479319 0.0205103379069025 -0.0806115068717645 0.13966208236186
0.0200545697110049 -0.0248364194825624 0.0420136593824714 0.00551628964488678
-0.0162649377628507 -0.0229422774734699 -0.0571029707331093 -0.103250947444531
-0.0236683363070943 0.0108904711455692 -0.150728966298462 -0.0423560859370179
-0.00129918233575666 0.0167440730203161 -0.150649672255022 0.0857865887988567
0.00510916360076653 0.00349038627547046 -0.0641937064411685 0.143623560639113
0.00179746420343999 0.00150840827637453 0.00811003649299138 0.130294974218837
0.00415316643237947 -0.00243549955219565 0.0393300968309474 0.111976661691447
-0.00357719577753223 -0.00818851584992689 0.0492080981399127 0.10242808137734
0.00136685510026095 -0.0139713925901608 0.0426655735253208 0.102418076375076
0.00743616679605912 -0.00551695943151141 0.0210660840155672 0.110098785943996
0.00988839591774831 -0.00970868834340929 -0.0198767270321088 0.136210071851669
0.0246823520447246 -0.00243295732270291 -0.0927962723177086 0.138332299570035
0.0364246803667133 0.0283165611079915 -0.163076983128828 0.123394724839229
0.015086701237014 0.0534658686661679 -0.144209844713322 0.164541127813943
0.0046297598805498 0.084508885195142 -0.0954879307132267 0.120502225473457
0.0274144111667077 0.0402395415608862 0.0429343396775555 -0.000912856152420004
0.0310995343188062 0.00882289443898671 -0.0547348138245079 -0.115973675050166
0.0298946699426906 -0.00404681599057206 -0.157478907921203 -0.0543247005524255
0.0285850704909074 -0.0178833212079546 -0.15954079072696 0.0777902015494676
0.0143897622079288 -0.0370640428555261 -0.067912162456503 0.135886925759292
-0.010335733561406 -0.0386394044132338 0.00502081121259357 0.120279510909329
-0.0120317804039428 -0.0389660343464457 0.0357082969730192 0.0996604347539565
-0.0144461154901575 -0.051223745486298 0.0515401683662314 0.0864986862863831
0.0187828592628984 -0.062987282429087 0.0525838544286477 0.0876086517835977
0.052794563516738 -0.0372413214685469 0.0391890055237392 0.10205652580422
0.0785232784771608 -0.0072610969452077 0.000928726147579201 0.13619201353258
0.0666004954826987 0.0538572511711726 -0.0687978559040905 0.145264204369186
0.0218719838482308 0.106596864732858 -0.130997295307016 0.11716577737766
-0.0268866477328676 0.127438509779702 -0.113482935719949 0.136271579814978
-0.0320506458051049 0.135999277097195 -0.0914076581414448 0.0789703873334503
0.0221722721181132 0.10825611569726 0.0533167118716429 -0.0191370632483376
0.0737087546434014 0.0521256507724568 -0.0401434496339605 -0.135518087101342
0.0882853610149202 -0.0121974091497235 -0.154660686843999 -0.0776311814149092
0.0628166216972199 -0.0507445916849769 -0.163409520712562 0.0563250966181765
0.0276194793505279 -0.0756997717601904 -0.0724247693612656 0.113783029663545
-0.0183509873939202 -0.0760251765796742 -0.00180374714738954 0.0959439232862349
-0.0264446597732684 -0.0700147786478137 0.0264055212776697 0.072956693872465
-0.0264949103698936 -0.0829266767511561 0.0483301944281279 0.0562100423127401
0.0242124603083679 -0.101862992408444 0.062257217419175 0.0551818908092479
0.0781052649585798 -0.0711047034957021 0.0659813240234659 0.0774533872179267
0.128952100654224 -0.0253257798774525 0.0360628733793008 0.128294061888604
0.110879871705185 0.0819720551023134 -0.0327805446701681 0.149520476073319
0.0252341020884467 0.160943209362227 -0.0966982209667758 0.105848469624718
-0.052747809493646 0.181731119153257 -0.073529820509348 0.0887394344064552
-0.0695142842940252 0.165006081250806 -0.0639860261153112 0.0215040681331715
0.0017815551533128 0.165893724066733 0.0740206814283372 -0.0479280776976475
0.0998134798236192 0.101208322321279 -0.0132009297089151 -0.155122670201563
0.140618235310471 -0.00727747219363796 -0.135290147399043 -0.104569894516115
0.0962919750440557 -0.0750911192951813 -0.152388147803809 0.0217873534465776
0.0419728565329212 -0.105757524186557 -0.0719740539483584 0.0766475120054439
-0.0217646256967565 -0.104264349488966 -0.00989149594196329 0.0578896166848769
-0.0376957730922278 -0.090293630346056 0.0137418720228938 0.0358762634924442
-0.0384528501867773 -0.100042938479248 0.0395783911492017 0.0163542985588026
0.0192592198018148 -0.123144978461992 0.0655804884289894 0.0123192242435939
0.0843594785779601 -0.0956048337754357 0.0885445558942639 0.0385743268023747
0.15353044908528 -0.0480800216603523 0.0713671827323755 0.105033263769639
0.14024986025178 0.08654944394298 0.00502439450489483 0.14268540969986
0.0335070667005025 0.183901735724475 -0.0675880891338853 0.088094013112276
-0.064909511158233 0.2072246505482 -0.0329193991651238 0.0311910622135283
-0.0980319732460291 0.162594678792745 -0.0171738130952338 -0.0433346446360093
-0.0288845860957627 0.193522079134004 0.101944632110589 -0.081700467210839
0.0993547269708484 0.13967772245943 0.0232621260746837 -0.16653778548711
0.168113217030993 0.00984700090473578 -0.0964359370880101 -0.126639592126319
0.118661731770959 -0.0813875805171112 -0.124205891857402 -0.0192116971281534
0.0527919626267247 -0.118182805972519 -0.0641013705404564 0.028110428869838
-0.0199458737844764 -0.117391693595393 -0.0173063420200653 0.0113855296354374
-0.042391024038996 -0.0972620687899091 -0.000530854539910285 -0.00628653156423833
-0.0448563497535957 -0.102375912541297 0.0261708832628586 -0.025449600669699
0.0118202391985987 -0.12448356825434 0.061861471740905 -0.0312769734079796
0.0786071270610259 -0.102963954959641 0.100543584846945 -0.00264959845096404
0.154469327123323 -0.0587913038476746 0.0951583422676161 0.0752076575815352
0.144187537521519 0.082616607544986 0.0338576156443919 0.125043891541242
0.0314155956197258 0.181363185652111 -0.0462546955283321 0.066189933890928
-0.0721608433551104 0.200225871200626 0.00324248895493819 -0.0260054816218869
-0.104530038336871 0.130610569832837 0.0414200988648115 -0.104397211543672
-0.0547444393395845 0.179140458199079 0.13036989836657 -0.112519786911264
0.0744056029731864 0.149038319020232 0.0606479579851582 -0.163153598275901
0.15984993426233 0.0269267180563329 -0.0484320216825309 -0.135695368281527
0.117918534290938 -0.0708768703233572 -0.0818568731587653 -0.0565679241134339
0.0531923272229896 -0.109396380272449 -0.0499254367378254 -0.0230221151514475
-0.0162513973944922 -0.109593592114297 -0.02302681920957 -0.036178316719222
-0.0420582187989778 -0.0888852125010775 -0.0141867932452011 -0.0467969956789435
-0.0440553306669187 -0.0909138769509932 0.011877344954679 -0.0646209224907855
0.00581234886137077 -0.109563839058562 0.0548909759737011 -0.0696518074233485
0.0672220460826605 -0.09402252620677 0.105478818191856 -0.037955801075118
0.138558370260661 -0.0529192552339178 0.108668545512986 0.0479733572487421
0.125212105477714 0.0781197218379389 0.0521259485707671 0.104088210127169
0.0168758342579053 0.15934724145814 -0.0306195769647164 0.0452648729293155
-0.075804041634803 0.165165863563522 0.0351142479453976 -0.0736571269370417
-0.0883310256012325 0.0756365356690637 0.0954217796592814 -0.149547332614875
-0.0624348346311197 0.1263785595145 0.151684998775967 -0.134332465015669
0.0401686884803898 0.119909285788022 0.0889514066970394 -0.152718396984121
0.117750517469567 0.0288039422270018 -0.00581697129698599 -0.133942363052508
0.0904870436350847 -0.0497808327756193 -0.0421960314033045 -0.0835662110033907
0.040379796234212 -0.0804864620626053 -0.0354506035741992 -0.0656285595681014
-0.0122316207717952 -0.0820726406045491 -0.0292511951226721 -0.0751195416799242
-0.0343547212217053 -0.0661932199341808 -0.0259744299116825 -0.0801503007170805
-0.0368090557083935 -0.0679430956744595 0.000129912374518704 -0.0964248253109119
0.000768847678644195 -0.0835244671640833 0.0505628229082766 -0.0996092721413011
0.051596128220469 -0.0745694450963169 0.109983328628558 -0.0633589072267558
0.110288085985094 -0.0370388927976028 0.117362992096617 0.029943414609897
0.0918161683141738 0.0717696882559997 0.0622107124176757 0.0874744079788034
-0.00395675961078361 0.123944853986652 -0.0178100578768479 0.0295696668230413
-0.0747481376411713 0.109774039539762 0.062661235371551 -0.105547970494848
-0.0538770647399283 0.00687359184606473 0.131706893940173 -0.174162215030603
-0.0492677455333536 0.0491002846384577 0.157744894399781 -0.14753500166351
0.00748140593194129 0.0610330485521908 0.102550737843655 -0.14320569025127
0.0539402088543632 0.0147733545477608 0.0183332804038349 -0.131605294926484
0.042828938407256 -0.0241582670592128 -0.0195103927068381 -0.0998308695985469
0.0184598328975684 -0.0383074599498883 -0.0308412290295362 -0.0919464883701679
-0.00752185775756214 -0.0396481118028773 -0.0363571956046741 -0.0982375491651703
-0.0216579361847251 -0.0322795584874011 -0.0343460099461018 -0.0997727259946861
-0.0242244228440303 -0.0360858954096335 -0.00750015148451887 -0.116519767432665
-0.00402090950035743 -0.0487480759350669 0.0504937654361205 -0.119598241097154
0.0311438232330861 -0.0497276585693357 0.11767536865711 -0.0786996588441918
0.0726682610100434 -0.0189952158673666 0.126918048888896 0.0223771595178386
0.0506774729226321 0.0580192399117758 0.0684185473309306 0.0796726988100322
-0.0216941881907671 0.0758812544766723 -0.00890393260387284 0.0231702601997496
-0.0634557836524051 0.0408428561662031 0.0832765373318824 -0.117360677636157
0.0313083576580387 0.0224358331566882 -0.0826211208051161 0.127906230575914
0.0202877275935946 -0.0226397353555512 0.0400799676372198 0.00670219030915568
-0.0148578932000211 -0.0224942335425396 -0.0492123197232323 -0.100702251138083
-0.022930766989623 0.0110473158963907 -0.142104957332278 -0.0467756427817203
-0.000777040397336677 0.0169866096467092 -0.145343952529307 0.0768241081558327
0.00478459130428404 0.0039177480233623 -0.0657401292856917 0.13361802643472
0.00129231366146694 0.00267758806393623 0.00287483956412888 0.124715206787159
0.00373157141855318 -0.00250048559426522 0.0357623108896674 0.108323625720784
-0.00288992865627081 -0.00717687084507851 0.0456665499157742 0.099337079300236
0.00204374571155326 -0.0133072665977333 0.0381430550876601 0.0992536784958118
0.00872935073214634 -0.00451780608622221 0.0158314722279448 0.10582204640949
0.0104199739768751 -0.00624803921750753 -0.0242332919247403 0.127725872638462
0.0220871472876703 0.00127546041814173 -0.0944196501914343 0.125416257700804
0.0306428791974405 0.0297403613515045 -0.162000837860389 0.11031095378399
0.0114030496549855 0.0539732415937066 -0.146974958669873 0.148799400219551
0.000137705328803716 0.0825063668219089 -0.0937002313089261 0.111162672507145
0.0236604672141942 0.0402946919225416 0.0429970040804933 0.000319005165682059
0.0284867566872463 0.0107735695466198 -0.0445219742005918 -0.113763539409112
0.0285008556063662 -0.00123611796497492 -0.146160144316092 -0.0602461735155067
0.0294423528196392 -0.014497040724824 -0.153761231626263 0.0668223585430912
0.0156850590826191 -0.0351607755387574 -0.0699151495863493 0.124933654831581
-0.00824490235766078 -0.0363887600618192 -0.000584519189572364 0.114304234128292
-0.0103992014644423 -0.038944616323927 0.0317808029893463 0.0958288518547737
-0.0120142226886495 -0.049139083433281 0.048486431460065 0.0840389570098471
0.0203768175573856 -0.0608802335971528 0.0497284900938625 0.0853974269988493
0.0539999020651418 -0.0341756108999516 0.0354782018044541 0.100344328803461
0.0758331093774647 -0.00230372825589033 -0.00250287911859994 0.131427878506666
0.0606994277870268 0.0568897907561337 -0.0732147567952855 0.135307393962962
0.0147296785034176 0.10437450493543 -0.134045943149488 0.10602817815803
-0.0302923128909852 0.122737149701995 -0.118927505377241 0.12223910039016
-0.0383800323132307 0.130259109051365 -0.0857575563402373 0.0737421222716601
0.0145054306986355 0.105596657977559 0.0559364948443556 -0.0162857160091994
0.0662401488804943 0.054876409845913 -0.0279457392956494 -0.132963005846627
0.083325048035307 -0.00606728904913669 -0.141687163080075 -0.0845528646286804
0.0633666114043853 -0.0446201037330088 -0.157438613902817 0.0444169294356076
0.0301033280318266 -0.0717862040767149 -0.0742369190154275 0.103074778723795
-0.0144228682510469 -0.0726488100267291 -0.00732104349212211 0.0902365223580932
-0.0225174277651799 -0.0691305925770488 0.0229963021115819 0.0695307632494648
-0.0229440854791162 -0.0806084058111915 0.0465543712374981 0.0541822865542493
0.0266924528919794 -0.0988571120917506 0.0603811952244514 0.0543563091339651
0.0799874629307751 -0.0664614652743229 0.0635662088855918 0.0779235412458789
0.125032195202288 -0.0183435442921587 0.0338642939052354 0.125999932867468
0.103115170096214 0.0859363442641772 -0.0389307373552296 0.142671101783762
0.0167634257475622 0.156903602940209 -0.101939144529491 0.0971861022470446
-0.0559387888425161 0.173913063190722 -0.0800999357355835 0.0799981514682303
-0.0777124132939335 0.155112200186874 -0.0561560297227796 0.022199455127773
-0.00920058834570094 0.15932751947171 0.0786119366229089 -0.0415404615809871
0.0883350953906217 0.103310478306316 0.000506102946518499 -0.150442630168632
0.131666518002411 0.00112611479325328 -0.120102212684774 -0.110317176379107
0.0957926053016166 -0.0658129551507753 -0.145424026806867 0.01075094309533
0.0449393314483913 -0.100221061489909 -0.0728002320608927 0.0669332719446489
-0.0158972662540141 -0.100967726024103 -0.0145955243536122 0.0530475871266132
-0.0321592648657945 -0.0898552199809527 0.0113989274267057 0.03365354229953
-0.0336594793249194 -0.0977505017521699 0.0386118974376773 0.0155049990464693
0.0222469203681343 -0.119835281178885 0.0646869723650925 0.0134616918775441
0.0864896659166763 -0.091089311436529 0.0872532437906081 0.0414013711767906
0.149759106988407 -0.039881243073648 0.0701919017854298 0.105722885814039
0.13196179648745 0.0911310400135807 -0.00210402860191278 0.138951344484245
0.0241020828236966 0.179515801181632 -0.0738724388604674 0.0817684691742879
-0.0677503121899578 0.19677845395355 -0.0405531169022153 0.0274878857724954
-0.105689565861641 0.151607159103536 -0.00843845173344531 -0.036327204036593
-0.0408282615365593 0.183862860880959 0.107100470331587 -0.0708798059342045
0.0847646336781918 0.140301191736425 0.0377849997856934 -0.158160230294753
0.157088628314193 0.0183751119230613 -0.0801040420165961 -0.129822800675417
0.117263392253472 -0.0708312597435257 -0.116028384693003 -0.0282160286066749
0.0557575734611477 -0.111810225551671 -0.06369453535028 0.0210426893304454
-0.0138040600579746 -0.113313909532689 -0.020161118605858 0.00818780543626839
-0.0366722387569744 -0.0965614191930466 -0.00184733013283172 -0.00676885702847917
-0.0395545817652508 -0.100156697980936 0.0266948479090313 -0.0249107285130655
0.0154236415913959 -0.121922783448566 0.0619389889019912 -0.0285147267934946
0.0810534314407019 -0.0986478772052154 0.100058495443411 0.00222367108012842
0.150882241670206 -0.0506648529531375 0.094535809268542 0.077815234468143
0.136533647256109 0.0874213043813468 0.0267037339058674 0.12386185740573
0.0225567018568359 0.176869911402913 -0.052194674280093 0.0621577377087951
-0.0743397073486449 0.189684218622973 -0.00239717808039072 -0.024888352464878
-0.11154182471499 0.119423862059881 0.0494180774055758 -0.0910329170015248
-0.065431451640214 0.168587697212088 0.135485891526105 -0.0983126060143312
0.0600555122685822 0.147190793583611 0.0731913644964782 -0.152255188511588
0.147349887115986 0.0337050265866705 -0.0336490582242784 -0.13518935537775
0.115234123424365 -0.0606610052869316 -0.0746218055900986 -0.0621093520609261
0.0555946232167444 -0.103220748381005 -0.0479207823169861 -0.0268196305019819
-0.0109295813342432 -0.106271914575587 -0.0246195003282351 -0.0372901141182258
-0.0360285008679903 -0.0885450246700535 -0.0142671468640078 -0.0458032323445767
-0.0391947856631241 -0.0893476063428953 0.0136159226889235 -0.0623618036309811
0.00854246997382301 -0.107750488524281 0.0557555255615502 -0.0652916481441218
0.0696210245296601 -0.0899489321476665 0.106164056956713 -0.0318341203431579
0.135257525785688 -0.045955207548948 0.107259510257889 0.0526031696617953
0.118394044245755 0.0814671930798231 0.0445836674859834 0.104503823054362
0.00982498132037435 0.154224806792183 -0.0356575595588524 0.0427675368364212
-0.0767639680865223 0.155665750581184 0.0312101980482136 -0.0685936850592864
-0.0926951401518117 0.0669295466479135 0.101357393391767 -0.132877051194848
-0.0700134695803906 0.117239992383277 0.155085745775611 -0.117967482347417
0.0286800073395339 0.116842380452135 0.0983737778192871 -0.139887716360991
0.107144905324935 0.0336551121583852 0.00508801150401329 -0.12959392723688
0.0876876066271358 -0.0423939855907023 -0.0358476521252771 -0.0848691830088822
0.041634069313419 -0.0756846459470316 -0.0325699549694666 -0.0663104232692877
-0.00834796759063536 -0.0798954753260722 -0.0285298741868599 -0.0747457457903779
-0.0295006987426874 -0.0656651914265971 -0.0247198177479171 -0.0771787016127974
-0.0330396536656839 -0.0666426468544164 0.0021621794192153 -0.0927131312433773
0.00315716370577448 -0.0817793151803498 0.0518905045158414 -0.0944115496858079
0.053532868212901 -0.0717041039005401 0.110068954078919 -0.0555373228857199
0.107973136061498 -0.0321117312938819 0.115363812461309 0.0357316142771268
0.0860535424041237 0.073986307613633 0.0542558574208576 0.088811483347607
-0.00872534681576387 0.11931133381065 -0.0221105550189318 0.0273986621562177
-0.0738557439781575 0.10180691864303 0.0600602381346831 -0.0977775039641841
-0.054710978289082 0.00264081662075414 0.135566134465903 -0.157069675275378
-0.05273036418385 0.0436268842191183 0.158414814539574 -0.130277284495093
0.00135073748006098 0.0578885856138918 0.107983657509781 -0.129851776929168
0.047974408420127 0.0168192571833581 0.0255959975888457 -0.124738908557576
0.0408119210075475 -0.0205999172867982 -0.0140035439891233 -0.0979233374237281
0.018649527878694 -0.03543848683936 -0.0264949536577259 -0.090135113611332
-0.00559153661946941 -0.0388508546576068 -0.0338399823052082 -0.0958104262862137
-0.018701528145257 -0.0325221461262976 -0.0318221700380013 -0.0962340737610583
-0.0215302446457319 -0.0361609857891039 -0.00464869533800629 -0.112287223080927
-0.0021580367116477 -0.048245386375753 0.0515244308349522 -0.113088714294832
0.0322282613416613 -0.0480740869521316 0.116916851898788 -0.0708481659331506
0.0718355492509995 -0.0156249792667094 0.123087481603106 0.0281510366838934
0.0472312506310772 0.0589595252506465 0.0606181539722545 0.0805514795054589
-0.0239354821227542 0.0722407303296875 -0.0120779953637735 0.0211340654242809
-0.0609912651880353 0.0358697933158725 0.0814848922413201 -0.107723300308856
0.0294455615732852 0.0226781178624975 -0.0818396316674349 0.124078287767768
0.0202097205474625 -0.0216326240334173 0.0399307144831849 0.00676491008163856
-0.014125353372357 -0.0220508947830809 -0.0470876870701344 -0.0995074746282337
-0.0219316770087362 0.010184190387773 -0.139469393725886 -0.0483412308133979
-0.00129523773475459 0.0167072269394278 -0.143724266943013 0.0743824134337302
0.00385197721014296 0.00405758339782251 -0.0658744909094267 0.131347926605415
0.00133193997032038 0.00278795980018727 0.0019343437164296 0.122266096828245
0.0030953710851341 -0.00281608457317633 0.0349003692680228 0.106377066956066
-0.00313684359183822 -0.0075561503340278 0.044864886613546 0.0984985997435336
0.00183657860705363 -0.0138189334431437 0.0366723673645678 0.0986734367628411
0.00934738569829561 -0.00459596704800431 0.0136844948733798 0.104594892512232
0.0107282097772843 -0.00586806544931035 -0.0257572618447117 0.124098056454902
0.021987266587437 0.0022610726167159 -0.0954817827117054 0.120666690062644
0.0294890684326216 0.0292595667799197 -0.161009203043457 0.105974875335197
0.00920973975614838 0.0531663314716576 -0.145598067720651 0.144596167043785
-0.00142819938275286 0.0804295007835909 -0.0923454250587132 0.107683366971449
0.0226341911409344 0.0401367025438185 0.0433326558037807 0.00159851121205696
0.0277715419505964 0.0104771053914741 -0.0419545099679463 -0.112257630257628
0.0281046106318425 -0.000869584806952312 -0.143189524705119 -0.0617692372538205
0.0283218246419213 -0.01447213096962 -0.151180632120611 0.0648092131869901
0.0150431119507971 -0.0342764173975966 -0.0700362141795973 0.122907518101724
-0.00785117665153475 -0.0357572043093232 -0.00185422646979434 0.112483442678089
-0.010283813866925 -0.038339558602047 0.0310135532091919 0.0943418971234254
-0.0117687686474569 -0.0483834671868052 0.0476321554886399 0.0831729692360809
0.0201819908663159 -0.0604798532620369 0.0478478194140353 0.0849633899703793
0.0541924217212468 -0.0334828151162972 0.0332277031541565 0.0994241128359285
0.0745427786448561 -0.00136003420033478 -0.00449849518738895 0.128252778871878
0.0589510567729209 0.0570724397906837 -0.0738772354110157 0.130364058642735
0.0125209706181771 0.102979792080759 -0.132728636753014 0.102570336039874
-0.0324981549338314 0.119627521933516 -0.117993639550185 0.119508679670451
-0.0398496051053739 0.126237342889057 -0.0845206091380372 0.0714989232151673
0.0126938213632867 0.104016390292854 0.0562529976341651 -0.0141717186033042
0.0644711406155227 0.0538525135401424 -0.0250046640469803 -0.130169276506464
0.0818027116922369 -0.00519621962261412 -0.137148803413722 -0.0847268217622368
0.0618349140761483 -0.0436251416553443 -0.154078761641762 0.0430793152261349
0.029314032979759 -0.0711602640332843 -0.0741855990185826 0.100558605401938
-0.0138680519086932 -0.0718298488827526 -0.00862451914580521 0.0886333012961534
-0.021571948383428 -0.0683453309128808 0.0220313018547261 0.0692571820796268
-0.0224938162189103 -0.078928432365437 0.0454160106800653 0.0536981145420932
0.0261710775764528 -0.0974761416521772 0.0592796116138685 0.0546877515418724
0.0797209784573402 -0.0655070369863808 0.0614810576842445 0.077297085702706
0.123039579639933 -0.0168966357906208 0.0312209947620616 0.123700382455199
0.100293920285825 0.0862097822874879 -0.040892748188974 0.137725802993894
0.0143593860678258 0.154752476410597 -0.10167835776316 0.0942674600497338
-0.0584978978484242 0.16950048935454 -0.0806088137240623 0.0781238458363041
-0.0778973828270867 0.1503397924573 -0.0546945938455041 0.021440041964639
-0.0109695993676068 0.156700646183667 0.0782606433263457 -0.038568400318141
0.085070066089129 0.101590994938214 0.0032591758741868 -0.146899840049199
0.128920519596404 0.00193976169527177 -0.115261752245304 -0.110065210867636
0.0937987598500162 -0.0645075680380717 -0.142461318590896 0.0102829939329344
0.0440011894460537 -0.0987145704402713 -0.0723767237048415 0.0648581426921184
-0.0149233006468325 -0.0990791059769033 -0.015323704908601 0.0515392373348479
-0.0307880601889686 -0.088043180753921 0.0102692006012835 0.0338688165349556
-0.0325820387500642 -0.0960930437056724 0.0378064846968573 0.015543578804231
0.0222474018457184 -0.118381907167137 0.0633259907050908 0.0143242470111375
0.0859376570837324 -0.0891699748051269 0.0856999756298408 0.0419616343310816
0.147118566647969 -0.0382022332543691 0.0666038287365214 0.10475772706631
0.128750288234275 0.0910605504012782 -0.00412475279101511 0.135033796118047
0.0215334252033526 0.177662436666165 -0.0741917997021951 0.0798845123148821
-0.0704259112613424 0.191557475950485 -0.0404178340340789 0.0268698374317703
-0.105172950923566 0.146126258304481 -0.00742833625688532 -0.0349691419482777
-0.0424663272613751 0.180648800206327 0.106975987063389 -0.0666143403870901
0.0812136823032977 0.137956638132658 0.0400825923761234 -0.153406355911952
0.153124325673147 0.0196576897550002 -0.0758818496017862 -0.128218314135082
0.114481166457842 -0.0692577961443637 -0.113967577224757 -0.0279420448317798
0.0547997123490341 -0.110506836162067 -0.0631970358305158 0.0195196779231502
-0.0128491686479979 -0.111991989717873 -0.0212371773353566 0.00721895472772346
-0.035216755083058 -0.094739556371316 -0.00254074925538493 -0.00586890712213187
-0.038082320101252 -0.0982113671857594 0.0260363924267397 -0.0241593086036873
0.0152836258524154 -0.120216264932623 0.0610138669366711 -0.0268243891796252
0.0809359012608603 -0.0966076635468511 0.0983647671465724 0.00308841834785057
0.147936772409953 -0.0492018573295168 0.0911795124694985 0.0783254985049637
0.132757054175401 0.0871127342878328 0.0248707167665559 0.120949639306094
0.0201025771868136 0.173505297763184 -0.0526380779298373 0.0609374245042429
-0.0759964079718922 0.184222393458544 -0.00337328847150503 -0.0239153018629549
-0.11019532017594 0.115019404483409 0.0501141630763021 -0.0879218762836695
-0.0668059400325268 0.164670593473028 0.134523976132005 -0.0930497469245092
0.0568221227435562 0.145084301014874 0.0744138870387112 -0.14746074731115
0.143753892147339 0.0347219777660973 -0.0304355181604833 -0.13219531221337
0.113319362525507 -0.0594028033185966 -0.0723521292181697 -0.0608533360280836
0.0544054696108592 -0.101700004526005 -0.0470821235195034 -0.0277836775056498
-0.0102101538954405 -0.104780582790497 -0.0253221741330221 -0.0372685377122411
-0.0340647944973548 -0.086735304792051 -0.0146607116965106 -0.0445596015218987
-0.0378489412037797 -0.0870157044630857 0.0131836052883579 -0.061213792133982
0.00886308446736552 -0.105763968129635 0.0554168412213194 -0.0634971134495254
0.0690703709807514 -0.08777631026822 0.104826577958415 -0.0298986700246866
0.132693429175618 -0.044679467216848 0.104708089809949 0.0533458470920351
0.115377131198528 0.0810757191515646 0.0426342067130019 0.102165762264873
0.00762927026354122 0.152089257473713 -0.0355129757149856 0.0412499469841874
-0.0772664863586364 0.150904069115763 0.0295827312433019 -0.0667534264496306
-0.090953035925196 0.0635190821555803 0.101793370872926 -0.128200693393092
-0.0702985046669809 0.113872909831279 0.153814132945197 -0.112016898192546
0.0261211450600368 0.114557293251824 0.0987573417006938 -0.134960221263156
0.104016177555223 0.0340473713448594 0.00783897433436804 -0.126530777906284
0.0856456191473192 -0.0413634941064125 -0.0342480980770883 -0.0837428592183888
0.0412700172967529 -0.0746291425959027 -0.0316990120829169 -0.0667513587405013
-0.00747116774316059 -0.0791047513728956 -0.0290573285725602 -0.074023284638507
-0.0277491330922809 -0.0644349550130876 -0.024769665635876 -0.0754087778142819
-0.0310882240244198 -0.0649066739796679 0.00202162580409683 -0.0909777656743272
0.0039733043935689 -0.0799992967202699 0.0518060075049697 -0.0921441193909964
0.0527049121742094 -0.0701171616142669 0.109106869265866 -0.0533677589378432
0.105775052314407 -0.0308396589959979 0.112367083954462 0.0370147779046429
0.0839097534638859 0.0729385412261004 0.0524637095420963 0.0874975332083442
-0.010126010453157 0.116772973826218 -0.0220448552532377 0.0267319419348621
-0.0729911818369191 0.0979196203987773 0.0581166508785706 -0.0949327477636226
-0.0531848072258967 0.00161092908909706 0.13488166597834 -0.151312175563291
-0.0518704415893543 0.0415839415924263 0.157046840874824 -0.124535814305636
0.000596372863823596 0.0565965233201135 0.108527432231132 -0.124872543617907
0.0460447919445382 0.0175240333878875 0.0273241451472631 -0.121598751519996
0.0399017085585831 -0.0201884596294202 -0.01243295418847 -0.0966108785924846
0.0181568671430458 -0.0346597411163667 -0.0259711432060335 -0.0904206152320012
-0.00496730323874988 -0.038400377526026 -0.0340529366878745 -0.0950881586582631
-0.0176014940562625 -0.0315435543875426 -0.0318461355544915 -0.0944028330605434
-0.0199453192806055 -0.0343743827123625 -0.00455442595343415 -0.109678719895772
-0.00173702472611769 -0.0469078715496943 0.0517748879845998 -0.110904524232551
0.0317228268050101 -0.0463781538048872 0.115422934894964 -0.0678091010423701
0.0698315272803048 -0.01457812555508 0.120608035280816 0.0296052558260379
0.045591493056402 0.0583307729084095 0.0579273600444547 0.0798587904206871
-0.0243856081053736 0.0701477336050293 -0.0125672055520709 0.0203273017118532
-0.0598389330348045 0.0337949154728089 0.0795048008068246 -0.104920272329908
0.0284556990105208 0.0233434299488211 -0.0827398298482786 0.124041637326785
0.0206556102878831 -0.0213179781097864 0.0413138959411656 0.00733564088623543
-0.0136899942305049 -0.0227727461746799 -0.0464303930545216 -0.101239448325911
-0.0216075467042358 0.0104490582888961 -0.141423509171384 -0.0507818434033085
-0.00122857096824507 0.0172257869072653 -0.14509435913693 0.0747636408028438
0.00380395723884838 0.00436103557155387 -0.0670073922605077 0.133061579036783
0.000890826881345316 0.00293024359148468 0.00199561141566173 0.123997680603046
0.00309100507744796 -0.00317627967765371 0.0357869120132357 0.107418208862458
-0.00325595552717116 -0.0077940533560824 0.0459332159654973 0.099884182675242
0.00136141988339592 -0.0140813573593704 0.0370681480116711 0.100932338012459
0.0102190033523032 -0.0052762129709403 0.0121649883813153 0.105985596738568
0.0110557237574726 -0.00565077527919412 -0.0273144481443096 0.123725217141583
0.0219092425668815 0.00301816186737813 -0.0989846120413696 0.11964658148198
0.0293507927425343 0.0300629735035623 -0.16420691585123 0.105061416652503
0.00756439029438872 0.0539486912914376 -0.148285068925492 0.145115740850839
-0.00239356227552566 0.0806752325810889 -0.0928032181754337 0.107714179026823
0.0228636954290902 0.0406477125007579 0.0446337091865068 0.00207645824610866
0.0279666447570501 0.0102398090805235 -0.0410245141300956 -0.11393964494564
0.0283946129213616 -0.00149021556524613 -0.144011793534555 -0.0641652895338573
0.0283600901411228 -0.0144909203456009 -0.153045873861747 0.0652741253200147
0.0146831169508475 -0.0347009158813324 -0.0716457774494228 0.124190674344524
-0.00841935063362781 -0.0359085835342425 -0.00219449982976321 0.113973650657325
-0.0101163741165703 -0.0390734391747576 0.0316634458181295 0.0955067547366026
-0.0120789188135107 -0.0491969142538459 0.048430372565239 0.0840633752622155
0.0198656566707078 -0.0617866471986934 0.0481695323968182 0.0873020285388654
0.0553549710241905 -0.0344552813257768 0.0321208908559783 0.100880595230438
0.0757386121391415 -0.00123974499552235 -0.00598450040824487 0.128992234941186
0.0594832084137807 0.0586755404802695 -0.0772252329757813 0.129465600190358
0.0114796580202703 0.104440854483887 -0.135605214867348 0.102341694894995
-0.0350565393062226 0.120770971299386 -0.120708559382764 0.119941506031782
-0.0411834655553526 0.125944080464563 -0.0845440911001278 0.0718769949266155
0.0124930814784298 0.10536955230732 0.0579357681086208 -0.0136035515218999
0.0645082281165498 0.0539465706511048 -0.0241713125945095 -0.131443288738394
0.0820984708400951 -0.00588176595820572 -0.137788352817157 -0.087436494144428
0.0617466408279957 -0.0441226716068367 -0.155736617255338 0.0430244362703778
0.0289881108044432 -0.0722906646269749 -0.0756796341506224 0.101800564148996
-0.0141501840814367 -0.0726248702651688 -0.00936360013335878 0.0894829748818908
-0.0220589927370723 -0.0691834911165465 0.0219762437808258 0.0702854063143539
-0.0228668638811843 -0.0798741070230658 0.0460347401893095 0.0542320197769467
0.026076745123135 -0.0995699215630966 0.059589351326816 0.0564810392558303
0.0815903795666269 -0.0665563935554704 0.0616785326432238 0.0790306387514776
0.124741043676132 -0.0170548207057484 0.0298034365185607 0.124988957706926
0.101181098723002 0.0875738455068898 -0.0428002753687403 0.137874428441708
0.012576665808893 0.156674015132257 -0.103883521968295 0.0944606017077551
-0.0617471481607943 0.169873354367573 -0.0820884976937005 0.0788396501963654
-0.0798345984363467 0.149602406701447 -0.0545884460283587 0.0223064215025912
-0.0123630721270807 0.158683461007519 0.0810286491911869 -0.0366493764326971
0.0847508822445778 0.102468911439545 0.00566439271454393 -0.147543111688407
0.129368810196044 0.00174827493590756 -0.115128852176875 -0.112366813549234
0.0943662249408954 -0.0649633339064237 -0.143464179495289 0.0106759921737853
0.0437846832902039 -0.100740081031743 -0.0737659460012389 0.0653224612717422
-0.0152781230629523 -0.100914061998996 -0.0163910208818344 0.052137421097888
-0.0311985163535327 -0.0892040624063449 0.0100717698804814 0.0348592536982807
-0.0327671065132585 -0.0963205027088555 0.038353148623063 0.0155540221350165
0.022104464076905 -0.120293542870694 0.0640749312070933 0.0156290049910994
0.0879976350131745 -0.0904213872265417 0.0863280573532405 0.0426796689989635
0.148893510846712 -0.0388190531621104 0.0660461971319914 0.10680539748076
0.129990575027198 0.0929433055877001 -0.00573041290040884 0.135078715447104
0.0200072639261722 0.179675233873121 -0.0752940974677685 0.0799148801581814
-0.0735915744780168 0.192195885991773 -0.0422596801249538 0.0277909084611759
-0.107161130852385 0.144736020871402 -0.00624890841540013 -0.0345116621426979
-0.0439132301589175 0.182540143650863 0.108558237879329 -0.0649449651061153
0.080022026705009 0.139540642582787 0.042792751422893 -0.153728566722327
0.153608401391565 0.020127177467134 -0.0748155203425095 -0.129709761874744
0.115403316172222 -0.0704555076419499 -0.113967747232176 -0.0278754796871763
0.0548829613575016 -0.112422154608954 -0.0638152283941555 0.0191209496210346
-0.0132276352490821 -0.113884607790136 -0.0224121264000662 0.00760910851860485
-0.0349827535595622 -0.0957793732902474 -0.00274095961856666 -0.00534496906635429
-0.0379941876350125 -0.0986019992071394 0.0262467905384136 -0.0244320765114758
0.0151629380585819 -0.12170490972007 0.0616842042203747 -0.0264835281340281
0.0823078117383164 -0.0976705706204558 0.100139468494215 0.00371268666320754
0.149340513337633 -0.0500439516053153 0.0913202523633992 0.079999932382347
0.134451112448014 0.0884003497391232 0.0239939643624469 0.121065301457892
0.0185706392616195 0.17639344147201 -0.053484097863712 0.0606465140734663
-0.0789397669793463 0.184510025293381 -0.00463117668271625 -0.023671823477551
-0.111773516502461 0.114323713659612 0.0519966786621219 -0.0873661482525801
-0.0684670687171415 0.16624682860423 0.136703912798291 -0.0908235401896052
0.0555438386756226 0.146819750418217 0.0777382920089177 -0.147216356366768
0.144003671684482 0.0358093881701784 -0.028740149970226 -0.133625632821216
0.11366994995419 -0.0601580534461114 -0.0723115874979749 -0.0608589004294484
0.0546032707073462 -0.103603374865824 -0.0475548809688126 -0.0291035152221698
-0.010648315090564 -0.106564929684225 -0.026373129095011 -0.0381867266790703
-0.0339413245777223 -0.0878321077556362 -0.0156908754951131 -0.0440267959254658
-0.0375281243946953 -0.0874983870873558 0.0130611998952066 -0.06145570581414
0.00860451405902146 -0.106882499419449 0.0562318256607173 -0.0637346258526585
0.0702104259988185 -0.0889449079475057 0.106517142852942 -0.0298942485536189
0.133422106563277 -0.0456332116989448 0.105088996882523 0.0553136277564724
0.116065372744768 0.0824419898882089 0.0423117122974578 0.103058408566035
0.00642306355067049 0.153917680057373 -0.0367128716207287 0.0411640103510032
-0.0795246640101128 0.150824155887255 0.0286466529201786 -0.0668536476650479
-0.0922064380884251 0.0626568539373635 0.104573872081162 -0.127880502301111
-0.0714590731079259 0.114713273447892 0.156073787079394 -0.110165231380271
0.0256350246920248 0.115596748088943 0.10245093044371 -0.134216577371946
0.104019781398299 0.0351439067256155 0.00966504034333709 -0.127053060435937
0.0862427697325432 -0.0416664973364822 -0.033842055794371 -0.0837485579098298
0.0410946712145113 -0.0755221196711237 -0.0322395711636049 -0.0686635026114564
-0.00733410097096864 -0.0800370512083828 -0.0308872808867195 -0.0751134503627797
-0.0276361835248976 -0.0654407657767399 -0.0260459286664426 -0.0755965882213411
-0.0306457583946133 -0.0651808832359031 0.00203949823500667 -0.0912829732262478
0.00366558789789789 -0.0807768110211638 0.0525910138936232 -0.0927507059604873
0.0536708176782716 -0.070251268934268 0.110523146455518 -0.0537217334969715
0.106460182338525 -0.0313031260538887 0.113526705628102 0.0384818136968885
0.0841416944905708 0.0740837377987634 0.0520519814840851 0.0882221232337436
-0.0112466494704239 0.118178949364648 -0.0229795978520541 0.026372427509182
-0.0746293038015874 0.0978315062007645 0.0574818457002212 -0.0955610573698126
-0.0535990543050382 0.00104009226685599 0.137938894801958 -0.150959196939341
-0.0526392889416211 0.0409233384806 0.159812856640156 -0.122531268401811
-2.2035403327768E-05 0.0571022807606446 0.111927129783338 -0.124347689723785
0.0454249944811344 0.0176940003795228 0.0293323045930484 -0.121980007249991
0.0397517435127733 -0.0201157438743139 -0.0123797595104559 -0.0972315547423928
0.0184857179312444 -0.0352632211065311 -0.0262798687951375 -0.0920844260140082
-0.00505618824633748 -0.0390010033592004 -0.0359594801292187 -0.0960482801173216
-0.0168711141771216 -0.0318277344764324 -0.0330849999203426 -0.0945484288546003
-0.0194982793868363 -0.0341539109438363 -0.00491420510997989 -0.110205009962521
-0.00161561561283532 -0.0465521425223018 0.0527507906633464 -0.111379579518077
0.0320477620097891 -0.0465225293899659 0.117685605027364 -0.067989239514473
0.0702587270734651 -0.0147934033527979 0.122075021192659 0.0308029677242894
0.045712351474454 0.0587491203183517 0.0577402593476277 0.0808921367235934
-0.025365662586768 0.0707640381257239 -0.013525541872891 0.0201898047799194
-0.0599399231690693 0.0330712471022815 0.0790540505098927 -0.104972819533654
0.028528758615671 0.0237822401047726 -0.0826080633212962 0.128309281951663
0.0210911033504947 -0.0221226417889357 0.043314445865396 0.00661119091368375
-0.0146473568614837 -0.0229731233017305 -0.0496181921713812 -0.104525826863518
-0.0217663533126818 0.0105079358229403 -0.146860607608565 -0.0501826984147848
-0.000930020884519839 0.0176107878573728 -0.147428851519294 0.0797339403500158
0.00372547961483516 0.00479621439428087 -0.0655343860432657 0.139283692665175
0.001048526045096 0.00297295815387864 0.00455293222276244 0.127996667374064
0.00274542085667317 -0.00361509547014596 0.0400585791233906 0.10921780835196
-0.00369171489765935 -0.00814585667017328 0.0509098114558647 0.101849539642878
0.00119886633544754 -0.0146488984240278 0.0407639791770771 0.104248115290497
0.0108797630316174 -0.00598965290151917 0.0136043557811914 0.109772689597659
0.0118163540470522 -0.00592720068594725 -0.0271508325094651 0.126889130354507
0.0225918278684172 0.00325426145362985 -0.101412006011425 0.123209387432782
0.0305999555735835 0.0302093752407149 -0.168102420839474 0.110622230898104
0.00818352053569162 0.0555707994389269 -0.150375862293972 0.151884846784769
-0.00219790825839586 0.0825908342697973 -0.0931901017474516 0.111323613105092
0.0242716748276351 0.042021411466968 0.0472228222795453 0.00153682808458856
0.0285798188635791 0.0091092231779659 -0.0442104227415269 -0.116380334362527
0.0292780765819425 -0.00244254234004953 -0.149873528181499 -0.0638267930473355
0.0289188820722582 -0.0155866454702184 -0.155902773969197 0.0701858328728333
0.0137983056711981 -0.036164809460813 -0.0710839030971826 0.129670371919665
-0.00972688438034503 -0.0371345611765731 0.000338366222431317 0.117239987943719
-0.0114966532851482 -0.0400179366535326 0.0351748095542434 0.0973783445014298
-0.0138948679824946 -0.0504596393200724 0.0524767355812844 0.0854680862469542
0.018678499389047 -0.0644134655429717 0.0517457164797909 0.0896962298789618
0.0572247490488598 -0.0372069718962496 0.0345938864383284 0.104060737630585
0.0781794396165528 -0.00293806707681924 -0.0048972745791848 0.131976040012198
0.0620773906944676 0.0597888398233403 -0.0783060377797722 0.133318709497111
0.0130540843132382 0.107564868428065 -0.138321794473473 0.107271424730041
-0.0352071068030972 0.124259006838462 -0.122083766588243 0.12573001817009
-0.0410438861850359 0.129402233732891 -0.0848546386003159 0.0749359320744992
0.0145075067041413 0.108579826714106 0.0607384680462549 -0.0137833987624778
0.0666828127961079 0.053567756830782 -0.0258579207209497 -0.134416845039645
0.0842755512776306 -0.00803142508484785 -0.143167458701935 -0.0881013595522453
0.062641674785941 -0.0469270611976076 -0.158663407075592 0.0480114758293345
0.0273979796035351 -0.0749192859713741 -0.0757971456504586 0.106432369411315
-0.0161044222498959 -0.0744482450734979 -0.00796605574456049 0.0924800476296589
-0.0244555346994274 -0.0704954624176505 0.0246997090444111 0.0718141063301529
-0.0248981816391142 -0.0816535177539872 0.0486984650257786 0.0549276614497349
0.0240649188855361 -0.103620596036599 0.062790718141689 0.0577380604925699
0.0830346046028239 -0.0703324784892103 0.0646411578801566 0.0803774534782809
0.127780926108327 -0.0206576783823628 0.0317424719413774 0.128614805842223
0.105427406440834 0.0884527954224077 -0.0429116314027865 0.140784624514175
0.0156431614295439 0.162001887084435 -0.106078663474215 0.0990177885846785
-0.0612055038715276 0.175495941808123 -0.0841931609418753 0.0826035551076296
-0.0801435940586013 0.153370966046049 -0.0551542578259608 0.024455254829907
-0.00993593154774028 0.163813855842972 0.0835027442898068 -0.038129217748978
0.0881590561516251 0.103175983105123 0.00425510247099056 -0.150823307245523
0.133037521358025 -0.00103674416622377 -0.119719346284413 -0.113766562972611
0.0949558028703021 -0.0691876999605068 -0.147139339889652 0.014635433880015
0.0419825973395308 -0.10545873256609 -0.0746941045325408 0.0686577067470952
-0.0186276908880745 -0.103641383352453 -0.0163633879571981 0.0540934808851021
-0.0342416357666963 -0.0910635820099134 0.0112407581870141 0.0363052500114087
-0.0357632359846957 -0.0982101520627447 0.0396972694603895 0.0155904644597138
0.0195163283816857 -0.124878705874458 0.0668860166498533 0.0152688574777144
0.088984353112584 -0.0957738543671848 0.0898406589408911 0.0427661378206341
0.15198070166086 -0.0440648195718142 0.0692235475264719 0.108958178939176
0.13568471337553 0.0933689948145246 -0.00418787559657151 0.137840468089336
0.0233378281575541 0.185304362395404 -0.0768577033492406 0.08398836825487
-0.0735406739722053 0.19827477088656 -0.0441341247709448 0.02984699252291
-0.108677293766519 0.148932649267888 -0.00596438097191327 -0.0342190567523342
-0.0422672323334025 0.188788110480588 0.112036195821217 -0.0669671426416904
0.0843762340095623 0.141230926870227 0.0429691868078181 -0.157312874643984
0.1579791639449 0.0173898579870049 -0.0782178845137425 -0.132653155710824
0.116659743909844 -0.0749139234649136 -0.116835556615992 -0.0251606301243102
0.053216714783135 -0.117562991287975 -0.0656200691290156 0.0207015942246712
-0.017411242260836 -0.117199213935227 -0.0239343708800231 0.0080987268154653
-0.0380689280120555 -0.0975553479298953 -0.00340011755174543 -0.00451311202213139
-0.0409073432848021 -0.100308283593356 0.0262342993150579 -0.0255709641482223
0.0120203235339609 -0.12605893729636 0.0637861341255445 -0.0282455078919451
0.0834879194990358 -0.102645251992546 0.102937990916505 0.00161375172849535
0.152231969103338 -0.0554055855655428 0.0946624752794761 0.0812169932289644
0.139741108846517 0.0885726520758645 0.0261322350095729 0.123385867211684
0.0222766345061519 0.182181038630883 -0.0542569695114765 0.0629088321674862
-0.0780292195613053 0.190824113554389 -0.00643436924213556 -0.0242572084526066
-0.113594945275898 0.11770271814901 0.0532366511544649 -0.0896056556352646
-0.0673866526406541 0.172417930383192 0.13965839429858 -0.0941795113600695
0.0593270275134036 0.148921965834576 0.0787211046752042 -0.151578521682082
0.148380272449474 0.0338194453249078 -0.030998483361685 -0.136385257848199
0.115285598911816 -0.0645407370198082 -0.0748401241850219 -0.060090334139507
0.0529590582455529 -0.108270724482301 -0.0499408224547399 -0.029448315097585
-0.0144521643166934 -0.110108528848922 -0.02962863543208 -0.0389958064520225
-0.0366441211314293 -0.0892772866713506 -0.0176644665579733 -0.0435818749016335
-0.0397889340340404 -0.0887751869134976 0.0114096776491743 -0.0636532851806344
0.00643453764563518 -0.110235279621615 0.0567222428119717 -0.0662544723795313
0.070634310196558 -0.0932402670134588 0.109258773043551 -0.0331975947553987
0.135440808567872 -0.0504287553256803 0.109178447934581 0.0557365237910912
0.121547017991452 0.0822376334598126 0.0448048947871764 0.104282866216799
0.00897006313308854 0.158824289900955 -0.0369396905809656 0.0427194328928047
-0.0797712228852849 0.155572984266777 0.0264447596779288 -0.0689706620392465
-0.0940624527475798 0.064975666187447 0.106955149120353 -0.131866213474149
-0.0717755787379513 0.119388264512107 0.159379701871414 -0.114386474693477
0.0279319703276779 0.118163898318539 0.104518923743049 -0.138359846343533
0.106805286520415 0.0338611948415622 0.00882535659471972 -0.130301975294663
0.0877039728819369 -0.0452380806145285 -0.0350221304899468 -0.0847325805206971
0.0400734934580842 -0.0793520298131867 -0.0351731890824439 -0.0705863949446805
-0.0105928412198769 -0.0822925553376575 -0.0347287539635244 -0.0768666779612603
-0.029526674341136 -0.0662713254159713 -0.0293499063829989 -0.0762362903040626
-0.0323843649121476 -0.0656767117265584 -0.000796267926490535 -0.0935733918794256
0.00194676552050791 -0.0830577348748286 0.0521128492914614 -0.0962185200309679
0.0540309255664159 -0.0734671481811942 0.113365196841131 -0.0578883847317396
0.10795213913356 -0.0344708152076294 0.117873447898487 0.0382515096448434
0.0882214018260871 0.0741340501646922 0.0551380228815818 0.0895662618011387
-0.00959301706099448 0.121802717427575 -0.023641859474603 0.0276154637164815
-0.0751635251619616 0.100647646755569 0.0553622563419936 -0.0990665492482994
-0.05520158749368 0.00114510072235473 0.140490038445105 -0.156646877100626
-0.0534594825053913 0.0424322972904606 0.162109344967335 -0.127111532777468
0.000847604813890173 0.0582954589432889 0.114246613125085 -0.128858747144846
0.0470774394724359 0.0177029582859066 0.0291376564727053 -0.124930624176508
0.0398523834191473 -0.0221085698427675 -0.0136771094470371 -0.0992578230885897
0.0181797854613794 -0.03641946877053 -0.0297762032805393 -0.095397759769956
-0.00637592641525229 -0.0399653261823591 -0.0408843716733165 -0.0982829169356282
-0.0174714816142287 -0.0322777948508796 -0.0369329108684984 -0.0953107985427074
-0.0200368923191548 -0.0346923704578702 -0.00783458820720891 -0.112837884427048
-0.00207372954409732 -0.0476530081425935 0.0518989105697282 -0.115822272409402
0.032115083022823 -0.0484140797624235 0.119812973563344 -0.0725180565886509
0.0715293348273668 -0.0163449112735086 0.126343220725179 0.0301289770826024
0.0478670517992246 0.0593452448913839 0.0607878976815394 0.0823811247246356
-0.0249926008581595 0.0725207583325866 -0.0143967237057277 0.0206784626340395
-0.0609706452900634 0.0339771510691534 0.0773548463188373 -0.109030990829813
0.0290455307324994 0.0236435722754762 -0.0785118779170803 0.134507576296305
0.0205988998456595 -0.0235801029047881 0.0451924661913506 0.00456845776341472
-0.0162257254220338 -0.0231156774411922 -0.055847273300288 -0.104789693853723
-0.0209683672497674 0.0116682499323381 -0.153757254572579 -0.0441411532909421
-0.000160702897451012 0.0177159014645775 -0.146938364679489 0.0892087566738944
0.00404673579857179 0.00537812128119596 -0.058931989362043 0.147001118620093
0.00101597473174155 0.00321939717863872 0.0122176039084187 0.130925944954609
0.00237769946088534 -0.00383143789797889 0.0476063319889227 0.109008925978458
-0.00462339137220679 -0.00840381804614252 0.0584350343326836 0.101307566076167
-2.08009523267718E-05 -0.015325035395684 0.0471300478046148 0.105772725344281
0.0112610137814187 -0.00728394096880114 0.0183369627171624 0.112353744932005
0.0122841193677557 -0.00694511844545568 -0.0222010675094143 0.130136593342309
0.0235155834540397 0.00316056315673196 -0.0990905123417116 0.130205176238687
0.0324255822877298 0.0293625096714016 -0.167209337848621 0.121184994649992
0.0103087534145653 0.0564160656779409 -0.145805768257764 0.16308988038978
0.000475585906239238 0.0842557373959031 -0.0891133341331048 0.118660532216385
0.027139659116219 0.0415109994211624 0.04912568357601 -0.000828516949124621
0.0293752004160883 0.00803505694045723 -0.0506498187661091 -0.117465750284216
0.030391605244464 -0.00457098381791905 -0.157309183798029 -0.0587827846644381
0.0283462043790224 -0.0174952471861088 -0.15542686295642 0.0804036956667483
0.0117807264833561 -0.0377420434217733 -0.0654787317324546 0.13716749692509
-0.0121480084076057 -0.0372821961856671 0.00671734391044191 0.120216439837006
-0.0141854846653318 -0.040440101040125 0.0421522857564809 0.0977263625111023
-0.0173286946518815 -0.0510863529513506 0.0588468048730822 0.0848674804901146
0.0154705129603179 -0.0681815943213812 0.0580772681263586 0.0900353237561739
0.0573287363392034 -0.0416368765909249 0.040073053402652 0.105405713399217
0.079901344003118 -0.00745755013020749 0.000470210502086322 0.13518001635515
0.066650669532346 0.058976211937019 -0.0749798634122471 0.139258495476058
0.0189185040250427 0.110292797897619 -0.137042129953151 0.116295273163368
-0.0309564172877572 0.129037749282529 -0.119134585742255 0.135583774258338
-0.037352961640748 0.132714020505397 -0.0829310644970479 0.0808841722739348
0.0204892245650482 0.110502182005284 0.0621814249374233 -0.0167137125631258
0.070141006889849 0.0506916184900116 -0.0327957271841758 -0.136167107670793
0.0859096020227829 -0.0131540457573379 -0.151058339142375 -0.0834118613388853
0.0611330016955286 -0.051538896316036 -0.159600967852926 0.0580382686013143
0.0232682910335591 -0.0785217564797714 -0.0717994277017888 0.113511527568302
-0.0214283227602833 -0.0757283383074141 -0.00342287567461722 0.0945860047895577
-0.0292323543735869 -0.0707727278188024 0.0298972684024963 0.072421336772888
-0.0302659734589529 -0.0821834288845053 0.0530075678318269 0.0534183864468208
0.0182199372284602 -0.107705833850284 0.0680652410303644 0.0563478474191299
0.0819759976043997 -0.0778309796696833 0.0699172457076484 0.0798320469429494
0.129747112282314 -0.0281937348090939 0.0386628653343482 0.1298664494584
0.112544459384403 0.0857599419261921 -0.0381451271087976 0.145515352292411
0.0236457023722769 0.16539791560624 -0.10412010952613 0.106300094969224
-0.0551694069493666 0.182272759124111 -0.0825500391312941 0.0894885009910891
-0.0757185493506733 0.159603987343986 -0.0536643753793033 0.0277251460211812
-0.00215143365006313 0.168407475379134 0.0851333973267872 -0.0416556719354404
0.0943768865165707 0.100666247115392 -0.00159975117761595 -0.154164113865558
0.13559725176901 -0.0083885429802045 -0.12754737267315 -0.110266402475581
0.0932401863185392 -0.0761396054559479 -0.148643886752898 0.0233853759851867
0.036193139888479 -0.110370885544387 -0.0729115585152009 0.0744015585834065
-0.0256677647520056 -0.10507357409477 -0.0142985179890374 0.0560421135614383
-0.0399976195077702 -0.0910613872364374 0.0137139921682352 0.0368346983729669
-0.0421645990892274 -0.0983185908041671 0.0414681346477745 0.0138928979227773
0.0118908974512812 -0.129237745433029 0.0696746185518809 0.0127864958598141
0.0869069271550371 -0.103841031642897 0.0942604094284182 0.0392281850209027
0.152913880700193 -0.0537968847026587 0.0760659400582021 0.108853115038557
0.143408580699984 0.0891464141864994 0.00196600510387856 0.140621911070226
0.033440313185604 0.189419288588938 -0.0749044608786869 0.0890388614150059
-0.0662604049849091 0.206499579513164 -0.0449040460592489 0.0334548482768689
-0.104377169664795 0.156479538801705 -0.00653762965447364 -0.0343593503181013
-0.0340163921005648 0.19624488124325 0.112408581106715 -0.0721035047136134
0.0923457753252622 0.140177183515912 0.0375373207130071 -0.162254633877418
0.161894926811804 0.00953540973524685 -0.0855599052269081 -0.131738074165559
0.115163338815157 -0.0831324966563382 -0.119806034817451 -0.018433141484557
0.0469379378392838 -0.123822357243928 -0.0661959365236388 0.0245979795571851
-0.0250695580597832 -0.118982055629697 -0.0246819086711927 0.00934613934902593
-0.0449843545977 -0.098023300016816 -0.00395074573154031 -0.00324259497709743
-0.0473138928762322 -0.100060981541441 0.0250385667963116 -0.0273355122716831
0.00497064363481148 -0.129835322320116 0.0640296081452281 -0.0316101621532484
0.079591164755903 -0.109975007189789 0.106116451130682 -0.00356741335944885
0.152134072230387 -0.0655893324148482 0.101046802329945 0.0789481120751574
0.147840742855104 0.0834569035724723 0.032836758569362 0.123943504832252
0.032035428314889 0.185763761424143 -0.0525952717830732 0.0673028762561171
-0.0718647589252715 0.198223867514201 -0.00949425126739136 -0.0233844625649406
-0.111856573728335 0.124433584236862 0.051089968413735 -0.0935670987960508
-0.0602763847483817 0.180647480408856 0.138963818878516 -0.101219676042277
0.0672397747767437 0.148942363055142 0.0746674865578047 -0.157868896677691
0.153115083821867 0.0268225628765707 -0.0370442881910129 -0.137633568101524
0.114225472658236 -0.0726809673141793 -0.0778214909659557 -0.0562561525932051
0.0474043978148022 -0.114059260064511 -0.0529319305833943 -0.0280259131309944
-0.0214136049114749 -0.11173941605776 -0.0335370854405174 -0.0384168551618742
-0.042473216896684 -0.0891411246944632 -0.0211072059085133 -0.0431639378917159
-0.0452827354532815 -0.0882358572981108 0.00800878710127059 -0.065338399676732
0.000128822499042312 -0.113422182489727 0.0545511988427557 -0.0708096971486615
0.0678999733047679 -0.0999021834035983 0.110123853976202 -0.0396544860988687
0.13500002359791 -0.0594406735915137 0.114829540704744 0.0521616029789681
0.127950205343326 0.0777127923283942 0.0511564702102306 0.104070870862059
0.0169331142847409 0.162106378236593 -0.0361936805598412 0.0457384552425367
-0.0744847275607037 0.162638704623424 0.0220396877491823 -0.0711260336000897
-0.0934062728891731 0.0705388436260955 0.103880201942829 -0.139652496931416
-0.0675040100737363 0.125476232457982 0.157732675654028 -0.122295368341371
0.0339832716850334 0.11942517916337 0.101384707283523 -0.145600156289751
0.111067654036637 0.0292714643957752 0.00413231706012819 -0.133266719939944
0.0865697732460587 -0.0511916540658452 -0.0391156906571522 -0.0834062403784178
0.0358285808803674 -0.0833562166431848 -0.040299208270428 -0.0709288955506843
-0.0161064406396361 -0.0833943819861839 -0.0417201961541428 -0.0769287409003093
-0.0341111128934551 -0.0660657889055141 -0.0349589288049101 -0.0750828336959644
-0.0362596638823007 -0.0657572603212849 -0.0057800603752488 -0.0948701450770439
-0.00233776419735899 -0.0842845196779865 0.0480654759644577 -0.100772809222441
0.0514253252754827 -0.0781095583747145 0.11287977458243 -0.065536656877048
0.108185987203377 -0.0416521975874317 0.123410552731058 0.0339619128361659
0.0938860386458103 0.0714282795344717 0.0608101140306742 0.0886266315704256
-0.00357989961020942 0.125191179520802 -0.0237803183174329 0.0291371626335853
-0.0718663228408946 0.105728431431162 0.049876274435428 -0.102978921765948
-0.0564945654963633 0.00393398415329729 0.13764015836269 -0.166784391470993
-0.0525775992168088 0.0461430869146548 0.159813607257801 -0.136615466463948
0.00387981603372313 0.0594068298067082 0.111340160517625 -0.136947006743091
0.0482897119829962 0.0158026071252055 0.0250630855704319 -0.128184556446802
0.0390488316489913 -0.0248368702353545 -0.0181885228860789 -0.100283039927793
0.0160299834566182 -0.0382128633080769 -0.0359886413895983 -0.0965104985739853
-0.00908894850860864 -0.0398587074028127 -0.048799350822952 -0.0978468390308886
-0.0196205377138204 -0.0319781443726045 -0.0438211171056213 -0.0944224577912726
-0.0215809660481401 -0.0341093127370705 -0.0145831364681813 -0.11382382245362
-0.00440132333952434 -0.0480294703591302 0.0465638162269181 -0.121098622906419
0.0300235706922011 -0.0507572096939352 0.119119846081775 -0.0803983103221206
0.0716941859115968 -0.0204335613989383 0.131166548232341 0.0249745054669476
0.0520124764768369 0.0581936472482704 0.0664412319718684 0.0809812179083596
-0.02223123516004 0.0752913267145088 -0.0140122582699549 0.0218755473148192
-0.0610307993249843 0.0371452042595591 0.071221757145602 -0.114438258403208
0.016914381171272 0.0340015856331685 -0.12918151801193 0.0873000195566204
0.0282000203485332 -0.0126970812441401 0.03877862539923 0.0247039758632882
-0.00521301932943262 -0.0255385628664916 -0.00543535464169404 -0.117718991333023
-0.0224049159011841 0.00332036292892978 -0.120659791553687 -0.105749225770247
-0.00509259442247028 0.0171659421649473 -0.169990007822192 0.0179892705315143
0.00257685637129326 0.00734460460009204 -0.116501746192513 0.106697790498348
0.000400903896775357 0.00469724298395442 -0.0450488327589229 0.122606420448402
0.00427387528356867 -0.00260100597012703 -0.00207769998778269 0.117206571712957
-0.000278339824248141 -0.00967222987931623 0.0111285268882943 0.11546989965091
0.0073226447779928 -0.0138934749686816 -0.00157366788803431 0.115134692345442
0.0143215892114837 -0.00143222064681357 -0.0318880046909866 0.109276686184244
0.0146462015571555 0.00138067294920291 -0.0772135366332619 0.106362773883093
0.0187186053738723 0.0151626524964278 -0.148415547567652 0.0723962452964408
0.014452525515749 0.0418447932117655 -0.207703526079748 0.0347725276343211
-0.0154120659470447 0.0555173436705702 -0.208215467688625 0.0783561871896364
-0.0357105767775685 0.0762646796762284 -0.130496548680115 0.068771538927218
0.00599036756795021 0.0497574821300134 0.0459001159138125 0.0200182728195469
0.0217626743430841 0.0216086935909833 0.00491775628796698 -0.128388109237868
0.030186032353687 0.010153154738376 -0.11780689068273 -0.12149051147974
0.0355233403653154 -0.00206206433016351 -0.175637634578088 0.0051815519836125
0.0275599340843596 -0.0285546581027866 -0.119593316230116 0.0957187186896422
0.00510120108364733 -0.0379548686471385 -0.0461589214504755 0.111248125323086
0.00500609069770427 -0.0429031965431858 -0.00235822843597315 0.10458524939033
0.0061122789283969 -0.0534543459208617 0.0189672975978995 0.100872625805452
0.0424317024389937 -0.0556930118177256 0.0158644582234777 0.105918244237808
0.0711706411303208 -0.0140334896555642 -0.0079460881015061 0.113506529550678
0.0759124794124533 0.0290589589555022 -0.0568197352435295 0.122492396316178
0.0334623652426395 0.0844856455161647 -0.130893278036977 0.0928664907877506
-0.032407482185676 0.109226341891424 -0.180719528540981 0.0424593774564406
-0.0832089925721786 0.103054021150835 -0.172437222316115 0.0643398507062779
-0.0916129888894846 0.103918513535493 -0.106559431358922 0.0391313241671696
-0.0304230735977478 0.109545865732152 0.0657471253100458 0.0105700271438407
0.040472878112356 0.0782099863630657 0.0302755995870584 -0.139724191018101
0.0832228416262641 0.0263131415397523 -0.10118205423289 -0.143301842894939
0.0790781769636026 -0.0183963909471971 -0.170972980165676 -0.0177983349456339
0.0549303899546564 -0.0612137264402571 -0.116483588808096 0.0713930715025838
0.0121465943555047 -0.0773700595012026 -0.0449914344427677 0.0839830863697121
0.00415505856580485 -0.0772873638376526 -0.00363215083442363 0.077625889508118
0.0067001347354849 -0.0871385288701639 0.0263647703349228 0.0700169413021727
0.0612138864374343 -0.0916244379387231 0.0388523133638263 0.0794486151267029
0.108501980308248 -0.0369715357695672 0.0314405182734535 0.103069205640054
0.12967413085188 0.0303760026028619 -0.0189675306470093 0.135677407480289
0.0637735991278455 0.128875839180923 -0.100441892984976 0.11631665795866
-0.0518695720538404 0.161833468261581 -0.147527422844286 0.0481849191868905
-0.127934446630374 0.140747749204907 -0.119306377313038 0.0395151402564156
-0.138558273215872 0.110182748231732 -0.0563993835729973 0.00456382103270548
-0.075665301242112 0.152671632756211 0.0982360109174281 -0.00383932219886214
0.0403188002058375 0.133644378626357 0.0670035824051154 -0.143015021163742
0.12484224774881 0.051585830445094 -0.0680299777076278 -0.158709779359894
0.117853771835589 -0.0271275383897076 -0.146770943370677 -0.0461280232346186
0.0796828858407205 -0.084775957534106 -0.101400086372462 0.0349763359870281
0.0204933232995007 -0.10668730298536 -0.0389484381926392 0.0443888620975553
0.00302436152166082 -0.100409197993842 -0.00383560343592445 0.0390408582810866
0.003372792734317 -0.106710653164784 0.0322071171549302 0.0297014725556883
0.0640441511735702 -0.113880245264942 0.0590913772514553 0.0409648115061881
0.123564469983516 -0.0586471996966686 0.0717369686157211 0.0764857004645733
0.160836304642372 0.0164303104188837 0.0251989599686738 0.133005322113017
0.0908030810869287 0.144550030041732 -0.0615702066013652 0.130632427855912
-0.052238268527959 0.187459357602889 -0.113423068651981 0.0455534535725352
-0.148389356543796 0.157794731576178 -0.0590751633151457 0.00643497186176838
-0.164601786834586 0.09523881154146 0.0141607379760793 -0.0307531256429772
-0.117685983478797 0.164322160592594 0.13751798116912 -0.0190959884619396
0.0211264653101523 0.168896086231709 0.107569320104352 -0.133532905007206
0.140720520959578 0.0792068097102106 -0.0197770402386135 -0.160608475853997
0.139737660216169 -0.0242607550896792 -0.102953807702284 -0.0728572983241099
0.0943607450130716 -0.0926020467935675 -0.0738557728964199 -0.00766381500746549
0.0260409194408123 -0.11936376681192 -0.0284893020013891 -0.00277999188712763
0.001249345989071 -0.108983635764306 -0.0028520530016339 -0.00455155577398657
-0.00133856102125917 -0.110238039601087 0.0344287261811108 -0.0143834986351324
0.0578895260984243 -0.11695503633077 0.0721871566725646 -0.00185383401750672
0.120595755372179 -0.0679223137777418 0.100839020577173 0.0419760918955898
0.164980247363253 0.00455761743142177 0.0610050569108698 0.117728946861878
0.0978972123150863 0.14093196224881 -0.0259681683886128 0.129346981104217
-0.0515613432844388 0.182901501276729 -0.0834561781904952 0.0355767253536566
-0.1500513898853 0.148477303264376 -0.00102621605158334 -0.0284092742414439
-0.157864149788335 0.0639029387243052 0.0919330691928574 -0.0589258377026632
-0.135555194330775 0.138385593598275 0.174478955274759 -0.0332707176342951
-0.00641714306677983 0.165758402527197 0.139505083464604 -0.11234261745425
0.124189322452471 0.0903832779409429 0.0277599786520272 -0.144071105764792
0.133033000751481 -0.015056406618927 -0.0480027268814073 -0.088447028069329
0.0906227007274453 -0.0833362403823783 -0.0386348194116699 -0.0495421008994746
0.0260193115981773 -0.111298876451198 -0.015943813740393 -0.0495212501195482
-0.000470451793107028 -0.10024295575953 -0.00173982370156132 -0.0472353412833476
-0.00458234459905542 -0.098902265159438 0.0343370358532416 -0.0548964419665111
0.0462926161160893 -0.104006819044769 0.0800610550443264 -0.0404343133697762
0.104123012548391 -0.0634226292396469 0.119494828151889 0.0110786108128504
0.147251907246746 0.00279367854571765 0.0843681090971748 0.0990558860094193
0.0824857823412372 0.126458477440236 -0.000349043886314115 0.11943776289242
-0.054292586716431 0.155178788782452 -0.0580486363766792 0.0231330613334807
-0.136610839759403 0.114493242410452 0.0496172954010394 -0.0565708956759798
-0.118338273864504 0.0226421650137531 0.158542785366733 -0.0785458954345548
-0.118525570254006 0.0857200676464701 0.199898253200857 -0.0430143555907863
-0.0239752738048459 0.123497027388478 0.157568454682929 -0.088883501831855
0.0850398816806781 0.0744199614355812 0.0629775559133318 -0.120719845430577
0.0988005521836867 -0.00795053013235923 -0.000280472898563059 -0.0955212684403886
0.0668753453993618 -0.0602751312732742 -0.00749539340122607 -0.082842995903165
0.0194319938790618 -0.0833830589695854 -0.00698272655629224 -0.0872377888233541
-0.00296397013933571 -0.075211725790161 -0.00129986944989397 -0.0817149825908769
-0.00617129110688853 -0.0740338546562863 0.0342195119697399 -0.0874767200414709
0.0321212720313208 -0.0784116506275754 0.0861565081770564 -0.0705180556414862
0.0798321302646189 -0.0507410366109731 0.132244954268436 -0.0103887250677885
0.115245004651808 0.00690597656428044 0.0988244194569773 0.0859331963749222
0.0543093482286233 0.105456289283306 0.0153059184104544 0.109738563385858
-0.0571573238860748 0.111447063881981 -0.0380734214920196 0.0132709750070874
-0.109866342515712 0.0639973085974358 0.0898862248222617 -0.0716689326890077
-0.0559911772829479 -0.0211329609862367 0.199194066822235 -0.0894959454786527
-0.0708816061035465 0.0194596828516877 0.206164093333131 -0.0530887342738201
-0.0249502716924641 0.0558143432251762 0.162219403709662 -0.0738131155558956
0.0341703316315557 0.0356540673810154 0.0793230218779078 -0.10529906637287
0.0444009147571708 -0.00476370353642573 0.0267914940408139 -0.0992841613978211
0.0295250231011879 -0.027703400152312 0.00805917514440507 -0.103802255883913
0.00759712061683753 -0.0408802197171445 -0.00374084850175809 -0.109485852609381
-0.003724709638118 -0.0378509588142899 -0.0017053475925321 -0.10271726316912
-0.00566958089551719 -0.040177632389493 0.033667121097884 -0.107737617343213
0.0156070208927491 -0.0458493525033931 0.0927812615106879 -0.0887130231692133
0.048918247981617 -0.0341207492543133 0.143506792592762 -0.0215608907882662
0.0743082883065083 0.0108174113078397 0.109234472139418 0.0808749156225223
0.0223246260027625 0.0758173199861331 0.0232817261067815 0.104457829159435
-0.0521835359677507 0.0581572555443667 -0.0255312709458523 0.0118752055484051
-0.0702121425619545 0.00654230276625259 0.11577523517178 -0.0710942240390773
0.0172502038669964 0.0330848146683573 -0.120302914404409 0.0920710655558093
0.0267976174967838 -0.0137264917583284 0.0396788259275685 0.0223591323235112
-0.00633416188747804 -0.0243096335178417 -0.0124054830308149 -0.114344299180428
-0.021015265253451 0.00458452970806791 -0.124160650913119 -0.0963462990203127
-0.0039801607785355 0.0172438651120584 -0.164422050769358 0.0279585039826362
0.00326607235191005 0.00712907179704674 -0.106218189925707 0.112019551524329
0.00103639909592194 0.00474168345285479 -0.0358749735784998 0.122350760272039
0.00402693892602581 -0.00301636709696587 0.00628595199647331 0.114099783259245
-0.00132735300533662 -0.00954922452813051 0.0191851353099627 0.112465454823083
0.00614719092743172 -0.014233833434574 0.00646002672138414 0.113499042119576
0.0147306410989058 -0.00246809002303093 -0.0257860427316071 0.109899502162907
0.0145025225717503 0.000849740016462496 -0.0695619839696525 0.106674911391199
0.0192295424032804 0.0144243435899398 -0.141573876634726 0.0776482839244199
0.0161872041044168 0.0399860913787398 -0.201396503643798 0.045674554462305
-0.0123323008110793 0.0546669026569025 -0.198445828538561 0.088334536946014
-0.0317580178100785 0.0765203141408643 -0.122652418956719 0.0749704033642407
0.00900151096374022 0.0483343658218254 0.046614239274018 0.0178781551128074
0.022646524498028 0.0196883997228072 -0.00277437640623854 -0.12513670476581
0.0300285799051006 0.00742945092936754 -0.121958686983647 -0.111741347574614
0.0345421781778727 -0.00449184605269704 -0.170815967503465 0.0158131608733609
0.0248719669786444 -0.0295564031563099 -0.110083674221754 0.100942898289406
0.00235049353325239 -0.0372173310714493 -0.0376322634355245 0.110862012487274
0.00171127273000545 -0.0424388715316708 0.00465339025924637 0.101966886147312
0.00199779100918222 -0.0523627058468493 0.0254668388788045 0.097269267809267
0.0374231288484796 -0.0574773927641284 0.0226390844467786 0.103242818999716
0.0692276100766742 -0.0190402215656484 -0.00154663678865647 0.111694987530809
0.0758562428655977 0.0233420070702781 -0.0485214414002719 0.122357273658412
0.0376588386525247 0.081169615336858 -0.123231079609753 0.0963560092756236
-0.0253289235770417 0.108387750619135 -0.173833137748182 0.0523181817680747
-0.0755379432836603 0.104759120134125 -0.164289337357948 0.0732600346320535
-0.0840790257085706 0.105833507281827 -0.10078787040734 0.0446862985119375
-0.0224710778054493 0.108852163283312 0.0655699529506058 0.00745754654988045
0.0430600700290387 0.0734028590246787 0.0221669699760419 -0.13636282939566
0.0823236903370847 0.0192573929804777 -0.106991537166331 -0.133704054651488
0.0756267177999937 -0.0234427953516303 -0.166432565745528 -0.00614844988150616
0.0488499995216231 -0.0632680390472982 -0.108477407227329 0.0768411198189364
0.00670458279858058 -0.0760861788916005 -0.038614684823108 0.0838775180654532
-0.00107692982295097 -0.0756436519135161 0.00204816855245052 0.0755619469352683
0.000570358920001445 -0.0853514421186181 0.0308573861642882 0.0666826769759389
0.0529032332743775 -0.0938095433799895 0.0435819660900162 0.0759577765013482
0.104719494310406 -0.0432514174786491 0.0366585705877274 0.09921428007863
0.127904406034542 0.0213999516349429 -0.0113633177510831 0.133527134857798
0.0699180952310488 0.121895409158895 -0.0918068582981181 0.118032592851979
-0.0412952302345417 0.161527822834504 -0.141706489556634 0.0553448716048115
-0.117266096480127 0.144343395675618 -0.114419046932231 0.0460927270507403
-0.129644651382128 0.114446562993763 -0.0538920118946177 0.00851716366568418
-0.0647526801799048 0.154035067182065 0.0967788022386998 -0.00780356941234333
0.0464559063499298 0.127534051865274 0.0578007569064216 -0.141895743612284
0.124762052538531 0.0417639104064325 -0.0745148180325381 -0.151061129172914
0.11277700234281 -0.0340422940039049 -0.144559489783167 -0.0347243480350482
0.0712406423590444 -0.0880792051826461 -0.0959548645098529 0.0407179472048486
0.01202767014958 -0.105105145798386 -0.0355873362257224 0.0447501673945136
-0.00426327660143543 -0.0980822690660306 -0.00119228436183868 0.0383467766599069
-0.00399547590749784 -0.103855223176314 0.0334314146922004 0.026822221782277
0.0548613098442725 -0.115526597853108 0.0605181785200077 0.0368823274964463
0.117003952166326 -0.0661920223592876 0.0740966482136911 0.0701179888455364
0.157290854391114 0.00528035361435087 0.0324507454663783 0.129188541465052
0.0978782162029208 0.136098045660001 -0.0527466433445842 0.129759429245322
-0.040378696399138 0.186584919935592 -0.108447952961928 0.0505469201861823
-0.136155160780626 0.161836551125383 -0.0583042222978066 0.00983927770079455
-0.155734395421593 0.101146274562513 0.0132032405883809 -0.0295785752970338
-0.104548872441726 0.167993832834817 0.133110662818868 -0.0248666008472565
0.0290133771816113 0.163315422707046 0.0979532416812302 -0.135144980829932
0.141286754090501 0.0676638315862832 -0.0275215311580647 -0.154397773558927
0.134354483880628 -0.032694450946895 -0.102632862133856 -0.0629212865013709
0.0853427696839295 -0.0969013462822478 -0.0718729903920289 -0.00315291604688859
0.0165202162275273 -0.11811902787321 -0.0288652310299662 -0.00163823782840137
-0.00633939529195889 -0.105973830094761 -0.00313951348896608 -0.00382105174178596
-0.00866358504884779 -0.106929207297595 0.0326253424008677 -0.0158217004530423
0.0481062255021982 -0.117971654119157 0.0709153734218655 -0.00568538009391168
0.113501984985559 -0.0748036825263995 0.101134159328064 0.0352958625625287
0.16084367262037 -0.00665055176265544 0.0668304274856129 0.111819499548288
0.103661601926487 0.131344592525704 -0.0179076216334021 0.126553367771219
-0.0398103884696453 0.181913364155082 -0.0794609218937985 0.0393912391870299
-0.138107513557803 0.152156433372547 -0.00438052198983919 -0.0271135999457859
-0.150412215088875 0.0704666043856954 0.0872707771015537 -0.0622092494821913
-0.124288264158584 0.143235416459646 0.168194568661478 -0.0399983562635023
0.00293013312153048 0.161581054487753 0.130505173140526 -0.11575808502946
0.125985120933709 0.0799188445525567 0.0202713859169463 -0.141179357443391
0.128481583666453 -0.0233276804692848 -0.0503109657796012 -0.0816887446493929
0.0819072263913527 -0.0872184053959052 -0.0404231100861332 -0.0463582242583323
0.0170958591731176 -0.109706536041343 -0.0201775255015611 -0.0473626617042617
-0.00746504540011036 -0.0971410603199542 -0.00540813760561905 -0.0448808450276454
-0.0111934860149882 -0.0954524265722693 0.0302732838980902 -0.0555435512898495
0.0380705839647249 -0.104144840543579 0.0755469008931705 -0.0439844941239966
0.0975589543555856 -0.0688388089291938 0.117436233415089 0.00373606154920314
0.143223758106341 -0.00724294334956727 0.0887011097945133 0.0923527873378867
0.0883759457429807 0.117916110267681 0.00725067648998131 0.115606471594599
-0.0435487088617252 0.154599183407729 -0.0555739408041821 0.0254311911282143
-0.126377288264308 0.118447927490399 0.0430184703251438 -0.0577493148803431
-0.114173650349848 0.0284103061189254 0.150774142777892 -0.0855140467230653
-0.110389400813744 0.0903697480092578 0.191805037339876 -0.05143511964096
-0.0161417449311946 0.121566214371537 0.149694276999788 -0.0940192328900525
0.0866588143183771 0.0673166982496574 0.0554378286264202 -0.120184039279377
0.0955302957130495 -0.0143674258754154 -0.00436849952425922 -0.09139619179179
0.0607311824861397 -0.0630624303193292 -0.0123972361053545 -0.0815070843503914
0.0123757185034292 -0.0821738379373371 -0.0132223953767786 -0.0851526287123741
-0.0077152165474966 -0.0728121198127776 -0.00692194758878057 -0.0786842781064146
-0.0107202154529725 -0.0714902134079224 0.0273466185527339 -0.0867605485836192
0.0261819401351902 -0.0784565450673481 0.0795069682762707 -0.0736669865111348
0.0741211667034429 -0.0547535357354636 0.12869349015254 -0.0181210288102506
0.112066745261228 -0.00100644609515306 0.101795243907945 0.0789307729702174
0.0593191591206192 0.0992908374665295 0.0215795176247352 0.104796840132577
-0.0493341951642313 0.111978637082925 -0.037397117700196 0.0154245162016883
-0.103143824214649 0.0682852135815022 0.0813454768482739 -0.0746639946443643
-0.0557112135180828 -0.0174659258434395 0.188999328015714 -0.0983763802408417
-0.0680148560649941 0.0226923912039569 0.197455635425807 -0.0617827330707715
-0.0208998134759243 0.0552836095311068 0.154655847175183 -0.0804317867579182
0.035306940654874 0.0328293479667318 0.0723370619484016 -0.106507147910648
0.0420150271362249 -0.00743422780512298 0.0212632023876793 -0.0974876442589178
0.0265395398358578 -0.0285848189808888 0.00138378535502732 -0.102488567761089
0.00488337155354466 -0.0397252685082051 -0.0119422139261618 -0.106308279778933
-0.00585373078674358 -0.0361666640890367 -0.00850701996277689 -0.0987430607034422
-0.00766631978628712 -0.0379568874535242 0.025976115566997 -0.106341695611093
0.0124801107177442 -0.045137979116017 0.0842458138599399 -0.0923563295295591
0.0451236425672277 -0.0362903806457565 0.138895229191478 -0.0299332834697435
0.0725417479201381 0.00574216595695587 0.11103343195136 0.073164928444087
0.0260924147096103 0.0720464749891588 0.0292046755707679 0.0999625679698742
-0.047459711929985 0.0593612336959025 -0.025149214843207 0.0124938134938497
-0.0674468844805374 0.00969942633023566 0.106389388414701 -0.0758933918415812
0.0169150937721571 0.0321439560787926 -0.112370313470001 0.0937479638446499
0.0253555368367126 -0.0139698751544754 0.040152722159637 0.0207997359247491
-0.00690367633374534 -0.0227549444689828 -0.0169554741003401 -0.10848749997594
-0.0198621434385487 0.00446160435154125 -0.124433271751338 -0.0874507520831897
-0.00275014609629079 0.0168588666304121 -0.156951302846607 0.0335969824861475
0.00390522873870392 0.00706486951607309 -0.0963250105347218 0.113432740682954
0.00155982191527034 0.00439952146293152 -0.0287084555672526 0.119859238021337
0.00386235040090303 -0.0031803456714176 0.0119481920661533 0.108833573179875
-0.00207955996674084 -0.00875096988113394 0.0245801540051756 0.107276308762256
0.00514401952420661 -0.0140805557879659 0.0114552784514486 0.109961433404177
0.0146129194235093 -0.00347670374935444 -0.0205104097376424 0.107575337937557
0.0146810044339248 7.46207089207386E-05 -0.06331357954468 0.104944104529791
0.0193851621826905 0.0134337057350493 -0.134727260667629 0.079350410061475
0.017251963992499 0.0374858510837777 -0.191869935717266 0.0519292566100737
-0.0105085316686911 0.0533657037477638 -0.187102733895584 0.0932205645448645
-0.0281963784752141 0.075163598752 -0.114612187528013 0.0772220813760198
0.0107972334757488 0.0466011474738229 0.0463042751303236 0.0165815963129651
0.0225942193324658 0.0179882149364438 -0.00725477370671999 -0.119660604617679
0.0293443199208271 0.00497708643299151 -0.122844958830349 -0.102647507936252
0.0332894563972018 -0.00618065699945875 -0.163026076119423 0.0226060909680574
0.0222168588896264 -0.0294740300798202 -0.10097542503555 0.102959305798605
0.000553312426899188 -0.0360704248184031 -0.0312858211861298 0.108378664751548
8.58503341065551E-06 -0.0408134704886448 0.0095401255763087 0.0974410323057089
-0.000819527156420936 -0.0502531898075539 0.0293576820517192 0.0925545776998197
0.0331438879551394 -0.0575073183265207 0.026836346773203 0.0991659043170097
0.0664493496625408 -0.0219173697974021 0.0034911844817122 0.108703464831145
0.0745195544841417 0.0198114134927616 -0.0427627486790783 0.119414704384738
0.0403182229402634 0.0772766969012143 -0.116064007854244 0.0967092539641175
-0.0203529521801729 0.106013438282044 -0.165801115687112 0.057556589879414
-0.0690560709587603 0.103940658806472 -0.155954421157996 0.0773561149925187
-0.0775751949971647 0.10472686261326 -0.0945316686133907 0.0475346308037521
-0.0172779498608961 0.106653077454947 0.0647533148194315 0.00599127666243889
0.0441048898705377 0.068810795220756 0.0156881609716202 -0.131670807771321
0.0797666852240412 0.0143919420011182 -0.108644837696259 -0.124262567948745
0.071968452704618 -0.0265470881732827 -0.159738878574437 0.00148056930639807
0.0438171181057923 -0.063286717724872 -0.100433991124175 0.0790863117178874
0.00213064036107689 -0.0734524916410338 -0.0340033084188983 0.0823364357768654
-0.00456390554292057 -0.0723148721736811 0.00618990160730489 0.0726498338500111
-0.00357895873168162 -0.0818912815077825 0.0331076063770563 0.062878335020723
0.0465925084849884 -0.0930407871010499 0.0460330518315623 0.0721075434785522
0.0994860882720731 -0.0471695006415399 0.039505510066809 0.0951779129286383
0.124488469041516 0.0146963017279236 -0.00521353274795045 0.129296742507728
0.0733509415254999 0.115307475781479 -0.084287986341881 0.116150554407312
-0.0334083743742774 0.158400544332737 -0.133909026918995 0.0590371632441188
-0.10750849009083 0.14303596123262 -0.109690154171124 0.0494740421773254
-0.12092453778254 0.115042209255667 -0.0505598288135107 0.0110326155169918
-0.0557206359435032 0.152111278058321 0.093743166291118 -0.00940522466198551
0.0493359060559262 0.120828189637495 0.0506720223316732 -0.138105801759598
0.12136971388052 0.0340096286673698 -0.0770205011949944 -0.141824956960334
0.107200118816377 -0.0384488444244945 -0.139043314375834 -0.0265268780812513
0.0639140093897826 -0.0883829890751781 -0.0897249455812355 0.0435119801215215
0.00572848661238158 -0.101818731077358 -0.0326849109273035 0.0444020638072607
-0.00847656975030948 -0.0941868076369072 0.00107118221722147 0.0372706051801207
-0.00903036016196297 -0.0995134167240994 0.0335024063716014 0.0239520587461068
0.0467694122720601 -0.114208165022326 0.0609451016151186 0.033253110346892
0.110711358387617 -0.069784468180705 0.0747688966364102 0.0650066510647063
0.151835845783058 -0.00232861402177895 0.0368918275506659 0.123357982843877
0.100048278911534 0.12715308505507 -0.0458856594540747 0.125702748815565
-0.0311966047970091 0.1824593741272 -0.103000139293827 0.0534087835960872
-0.125007260050979 0.16109800050618 -0.0569447079556615 0.0124086637393788
-0.146673441889187 0.103213739824015 0.0121930495943191 -0.0281344557898433
-0.0939526475460464 0.166516254182831 0.128527324143669 -0.026501830865899
0.034630570201564 0.155082815480955 0.0898044083564351 -0.132475724308234
0.138488326646222 0.0583900073659326 -0.0315324024602679 -0.147388374288306
0.127579218291824 -0.0377585782653666 -0.0997962385017785 -0.0547812349196872
0.0767107123823186 -0.0975317027306147 -0.068299194819629 2.94170898250847E-05
0.00938254305072115 -0.114012052749569 -0.0284222336668442 -0.000665746568580898
-0.0112352463096424 -0.101089697284489 -0.00313737959215415 -0.00317450855786912
-0.0133635665154091 -0.10214740375566 0.0309884082044736 -0.0168337137503948
0.0403909127619419 -0.116083980077581 0.0687018713888948 -0.00806196984328955
0.105901004359211 -0.0777166940964438 0.0992983291831921 0.0300140169725711
0.153660757789269 -0.014916560909663 0.0697767168347229 0.105967477301153
0.106130304515917 0.122077810475173 -0.0121867204539893 0.121906131953957
-0.030367004526669 0.178067267995927 -0.0754120360332237 0.0409483609195658
-0.126896788143686 0.152392251340825 -0.00686526649645388 -0.0255920787096593
-0.142972504993936 0.0734311240931233 0.0822190920146014 -0.0627709356566221
-0.113604670298689 0.143989048746993 0.160875868802586 -0.0430529231639254
0.00882228437384755 0.155224997041507 0.122059382437544 -0.115333430803532
0.124514600303558 0.0714446387078865 0.014563160532029 -0.136347763910052
0.12274401669942 -0.0288166957275323 -0.049754265833197 -0.0753094450510151
0.0744507538795713 -0.0880935575828586 -0.0401881110275536 -0.0432097757643586
0.0100883044008251 -0.106342963082191 -0.0229247208683837 -0.0451314034941167
-0.0122779331595021 -0.0929339926506689 -0.00742277957282653 -0.0423508931108568
-0.015146699341477 -0.090862607205928 0.0262984756296888 -0.054530203918803
0.0313776917356003 -0.101906553631961 0.0712265955404274 -0.0455549823658545
0.0910844415624923 -0.0714657069030492 0.113375135959657 -0.00149769708108838
0.13616625852022 -0.0143915528133817 0.0900689461145132 0.0859818278749588
0.0905185519656478 0.109653822748074 0.011134909539326 0.110029006196416
-0.0357837018500068 0.151354286847666 -0.0529802239482542 0.0269266866829514
-0.116748286529463 0.119496476929785 0.0374193012860018 -0.0568085948046427
-0.109216964815549 0.0316415783625616 0.142638858394762 -0.0878498331370808
-0.101973817513023 0.0922150185917005 0.183190003649354 -0.0552063588234931
-0.0112016039481528 0.117245935210488 0.141812588171762 -0.0953266341823493
0.0860169143997202 0.0607362874713684 0.0496862739959291 -0.117610373594155
0.0908330211204466 -0.0182321767983161 -0.00620218881282046 -0.0875152933356404
0.0547136742887165 -0.0634739339328656 -0.0154443111271421 -0.078218073507282
0.00743813360271897 -0.079091224602478 -0.0184265466325413 -0.0814257998176105
-0.0105484524093345 -0.0692420226360059 -0.0106033762547575 -0.0742575208543918
-0.0133973606802204 -0.0678771351387676 0.0224979966448188 -0.0845265578541501
0.0216554786235742 -0.0762576334685604 0.0735544187837331 -0.0740290441297349
0.0689642408150784 -0.0563894852868255 0.123720040380962 -0.0234642186615621
0.106975697719072 -0.00656906914440884 0.102257875833262 0.0718756842832402
0.061743425510572 0.0926855587250566 0.0255592362365329 0.0996206569628322
-0.0428278772622114 0.109779125313374 -0.035947153344438 0.0166244632992147
-0.0965219311135951 0.0689341156711841 0.07317250426481 -0.074906380955659
-0.0540276168456401 -0.0145508046254846 0.178752642715217 -0.102245103559492
-0.0641151142560014 0.0248010105415245 0.187737254961075 -0.0652800152925076
-0.0180377595582006 0.0535366930954592 0.146969268364195 -0.0830888239084241
0.0347904732221592 0.0301297059965392 0.0667932593639449 -0.104922152013469
0.0397698543797939 -0.00926179675460028 0.0177966822245094 -0.0944217404059646
0.0240841113120346 -0.0286624321341152 -0.00356839465904279 -0.0998587300880302
0.00247595745335544 -0.0380438260693973 -0.017753884934651 -0.102345404571444
-0.00713694621448497 -0.0346393178145853 -0.0132171292154872 -0.0939250116388365
-0.00884935591923515 -0.0363790955862462 0.0202618674894764 -0.102857146154897
0.00999587549750385 -0.0438854977099528 0.0770034640479574 -0.0922267410148419
0.0413424969502421 -0.0370238422750383 0.132885560574622 -0.0350207920238661
0.0696328413185373 0.00180459051378085 0.111232500651527 0.0661059805414744
0.0283680000677047 0.0679324531973711 0.0324063926236371 0.0944856057126757
-0.0435428060146775 0.0585466338635497 -0.0247209477126807 0.0136103835011349
-0.0646504734937076 0.0114653175417486 0.0974648063978962 -0.0770167175240793
0.0176528599818858 0.0317684917371217 -0.106206308294768 0.0935523763146311
0.0245778780393573 -0.0139315972558651 0.0404217244185103 0.01996116018935
-0.00689244546322832 -0.0216612109567749 -0.0193383040232632 -0.104334098093701
-0.018872994025319 0.00496568805145911 -0.122955063994864 -0.0809118786293935
-0.00186055238947936 0.0160180352127734 -0.150893042971876 0.0366098745608877
0.004308097741044 0.00691444486283562 -0.0889788571209525 0.112888705004145
0.00202540658363613 0.00389078527102889 -0.023352036627439 0.11671663275828
0.00432845363704863 -0.00362322568528648 0.015194794383251 0.104386974241921
-0.00219302019016038 -0.00819599609704246 0.0283446338578722 0.103114093383366
0.00414367849897681 -0.0140137054948844 0.0152613347936478 0.10664945107646
0.0144558699270234 -0.00415440125711895 -0.017470573663015 0.105407015782296
0.0145720390612474 -7.27635400747174E-05 -0.0591180982603628 0.102543959465326
0.0198793583870805 0.013041702520654 -0.129496411615105 0.0792046344834902
0.0174569003836933 0.0357697217814296 -0.183908433237691 0.0555875188676334
-0.00880164760892914 0.0513428113458915 -0.178316697758288 0.0955917607195233
-0.0258990533583834 0.0737000862168731 -0.108045627004856 0.0783008337169042
0.0119696997847612 0.0450391566609779 0.0465055868440633 0.0160964779502975
0.0222726442833015 0.0168231765741314 -0.0103426524952478 -0.114996813570959
0.0284148093548343 0.00321842082699555 -0.121575223631549 -0.0956547002221004
0.0322747230005715 -0.00717460975909188 -0.156541555005777 0.0266362259464215
0.0206893622969002 -0.0291503716988955 -0.0931782893393367 0.102756206489687
-0.000704866865383659 -0.0347776925536539 -0.0265931604293618 0.10586126843416
-0.00135406673884866 -0.0397703095750316 0.0129574260900661 0.0936392669072326
-0.00267813818318747 -0.0485569426604148 0.0320598998685556 0.0885700399876961
0.029582893853795 -0.0572523280020271 0.0293629554611024 0.0960051965670402
0.0642550609982495 -0.0237262337633968 0.0056711860465251 0.105873976059538
0.0731542407947911 0.0166413154953123 -0.0382386839000585 0.116407648157042
0.0414867634250826 0.0739620981158368 -0.111113183882416 0.0954346585459917
-0.0166610438000326 0.103649847658795 -0.158819145566046 0.0597818645453284
-0.0648512729394843 0.101801921260443 -0.148847581817342 0.079563036149063
-0.0731049467046867 0.102987715588027 -0.0896697390596883 0.0488441515241888
-0.0131982955397717 0.103865070630946 0.0642540106135369 0.00557431290398983
0.0441866367069364 0.0651796877893698 0.0122360775708618 -0.126578409638777
0.0771485912232646 0.0105108048217666 -0.107828863766658 -0.117100070855202
0.0690085766734841 -0.0280881631826281 -0.153398272726725 0.00627410768316895
0.0399852802709024 -0.0629770723088588 -0.0936721949824437 0.0797841611611825
-0.000579704276100277 -0.0709252028424862 -0.0298488273500412 0.0807162815963261
-0.00678717781020262 -0.0699011626183404 0.00796815062108437 0.0699033811914389
-0.00642168615080033 -0.0788991618019203 0.034405557169602 0.0596427369698918
0.0411739918023897 -0.0922821617757874 0.0476842405713071 0.0693831867520555
0.0955681643421482 -0.0501046735887466 0.04118891413477 0.0910148767689772
0.12082874416407 0.00993606961628795 -0.00155302764173665 0.125002046932632
0.0746994021657455 0.110221448657949 -0.07973362275628 0.113804873668823
-0.0276724942683087 0.15434354843399 -0.128182316106931 0.060678353645883
-0.100622963025636 0.140913721678724 -0.104932761602645 0.0512726849696775
-0.115130716364453 0.114260278755621 -0.0476509199761322 0.0124821614987019
-0.0493029461007987 0.148891176548157 0.0921567268717692 -0.00968717609749669
0.050227288637276 0.115406666179273 0.0463629705265004 -0.13389853433033
0.117591931944064 0.0281740031992904 -0.0777719742863267 -0.135056518632144
0.102067230555262 -0.0409502356928803 -0.133822458379345 -0.0206146210342576
0.0587567975802237 -0.0877074270607822 -0.0845918227219766 0.0448272003807631
0.0014192016179854 -0.0978126623833608 -0.0310445113527955 0.0441457363623669
-0.0116745211520137 -0.0901658454068276 0.00249963770696108 0.0357495718520003
-0.0123829042770439 -0.0953203405672909 0.033406970072441 0.0221004315543704
0.0409087550956488 -0.112358148376665 0.0606987839801494 0.0311354865055277
0.105278196617978 -0.0721568003578021 0.0745408214736956 0.0616224507935621
0.146258435844262 -0.00794268713714652 0.0396577827718576 0.118710480549259
0.101204276328695 0.120279204009028 -0.0417627543671409 0.121796163865278
-0.0249656482950398 0.178487997546541 -0.0977141132280074 0.0545906671702623
-0.116812844317386 0.159220953314095 -0.0561149519475679 0.0141406328197373
-0.140034909060971 0.102860312186014 0.012000058611591 -0.0270764573284364
-0.0856200436904347 0.16463182617026 0.124953129755415 -0.0275935360624838
0.0368438879998269 0.149310714495996 0.0842011666299134 -0.129423498869423
0.134976804589794 0.0516599347341958 -0.0339165944492506 -0.141578672426784
0.121960961191967 -0.041481549196259 -0.0962282983103703 -0.049415441235583
0.0699994173964039 -0.0971274617460105 -0.0654213756359938 0.0017181775587307
0.00430187393822275 -0.11001495040822 -0.0287307099969032 0.000403856399602459
-0.0143150576465039 -0.0973057540853971 -0.00284336950934937 -0.00237610226569626
-0.0170254847833069 -0.0980171517352953 0.0294006638906307 -0.0174061903894957
0.0344082046111038 -0.114349825629022 0.0665029715905372 -0.00972601082776613
0.100465622041096 -0.0797958746015403 0.0972028270877672 0.026327243747491
0.147537031861419 -0.0195757424039091 0.071180716084072 0.10058379036141
0.106673480983457 0.115034624992424 -0.0089458176526988 0.117079088933217
-0.0246189002460682 0.174082427199608 -0.0716903459027482 0.0416381428212721
-0.118579864840976 0.151031189666196 -0.00900712134791907 -0.024036116874917
-0.136897198232196 0.0743879805989739 0.0785972076022844 -0.06237612709186
-0.105539617351089 0.143368305524809 0.155662456250309 -0.0440682249181434
0.012277333506175 0.149720561089944 0.116431495551109 -0.11412950682622
0.12202102576199 0.0649531160493121 0.0111618126363546 -0.131742556460473
0.117136662780977 -0.0324332387020437 -0.0480728429215515 -0.070950477683864
0.0679947921455279 -0.0874461678407961 -0.039791051768564 -0.0413481148071478
0.00539595260912984 -0.102307047374486 -0.0249243764845772 -0.0432443421955063
-0.0150137606124578 -0.089085741225114 -0.00835395986860945 -0.0402277731731079
-0.0178694868574044 -0.0868616936546627 0.023652473941597 -0.0535425859088126
0.0267566536989106 -0.0996196553558968 0.067939683652089 -0.0461927538361507
0.0854958789787137 -0.0727922112949538 0.110340506291631 -0.00500130337374718
0.130857224121615 -0.018602055141125 0.0907273659743157 0.0811184570020726
0.0907971981595741 0.102805170574708 0.0142078614907738 0.105527121205508
-0.0300239984146058 0.147726475151268 -0.0509538123743089 0.0276507952251654
-0.109501163606232 0.118010592421167 0.032666576824152 -0.0555799387433069
-0.105549645310149 0.0335808746671424 0.136581216557915 -0.0881994667631148
-0.0964884138560693 0.0922813535799786 0.175953364237329 -0.0566649221222992
-0.00798822557972413 0.113426334813149 0.135331936270461 -0.0948516635466399
0.0845368714586003 0.0561702884268775 0.0457951043775671 -0.114191167439719
0.087026307563562 -0.0206448044753949 -0.00576954341083024 -0.0836419345931896
0.0507599623993773 -0.0633186888561446 -0.0167913332804162 -0.0765086243124707
0.00427526539291383 -0.0762615108213226 -0.0218622074026373 -0.0781591197657344
-0.0125771512039521 -0.066587820266436 -0.0133515229228582 -0.0706311205452581
-0.0151534116532681 -0.0649830818326585 0.0188740924237409 -0.082050279350742
0.0183328421142186 -0.0740030955376855 0.0687100360780738 -0.0737386373838436
0.0646657243431097 -0.0571856666146907 0.11874882455408 -0.0265465637287552
0.102297212833825 -0.0103475362462834 0.102136764403533 0.0670722924472466
0.0626288098350849 0.0874002529374785 0.0273087288894351 0.0951379242754113
-0.0380832048527771 0.107223162884009 -0.0352989116554705 0.016881353178063
-0.091533121423295 0.06834605416456 0.0668644224764864 -0.0739784262542716
-0.0525305516613129 -0.0125622234205579 0.170934129710657 -0.102969777740423
-0.0614831547823772 0.0253934029538855 0.1801888476419 -0.0671854180332145
-0.0160506346623911 0.0518145263188322 0.141025778094396 -0.0840651120700375
0.0341042698720289 0.027915330837226 0.0617316345422756 -0.102269275028999
0.037650204704316 -0.0102750538467118 0.0162622253307413 -0.091864641322629
0.022034607849205 -0.028211519595383 -0.0063328983521301 -0.0977183606321597
0.0011395594887266 -0.0362902885546101 -0.0212813979308922 -0.0980059243536419
-0.00800412134578471 -0.03313740981859 -0.0162309486190513 -0.0889752364668086
-0.00955663517749196 -0.0344942090622017 0.0160495504819651 -0.0992018419378376
0.00842857449674037 -0.0426628557272105 0.0714563923352933 -0.091404306522859
0.0383349724070516 -0.0370591515273603 0.127807050997466 -0.0378687440486676
0.0666777768942723 -0.000799328060834076 0.1101540333495 0.0612334228046344
0.0293594873617565 0.064508364178944 0.0338417492540332 0.0900189896145067
-0.0405097816265912 0.0573363374145483 -0.0242837809334111 0.0139074480327381
-0.0627214541200204 0.0122175121232528 0.0906156336520953 -0.0764621696459336
0.0172768311725909 0.0312508753653355 -0.101058744339009 0.0942795555669413
0.0238141164088653 -0.0140587783344021 0.0409189578291121 0.0190191546174338
-0.00671115534804304 -0.0209780800924275 -0.0205848443086979 -0.100745544492257
-0.0179792777208289 0.00483566987850384 -0.121566156237777 -0.0760942244236969
-0.00113031035869515 0.0154441037607845 -0.145955442891502 0.0392963678221961
0.00467514747972894 0.00652245250085174 -0.0824614964564231 0.112233476875596
0.00257337296587434 0.00336110951733055 -0.0186479836885243 0.114256381940178
0.00401706845609922 -0.00372595802647504 0.0183511145742595 0.101019590057552
-0.00235190474009913 -0.00786040974038063 0.0311474664532672 0.0995671435979292
0.00360909807068476 -0.0137767003576353 0.0188253881772169 0.104585983771197
0.0143790632860794 -0.00486357771952206 -0.0142021422551315 0.103990904430784
0.0143038396111832 -0.000314491096251487 -0.056473942074145 0.100278283563986
0.0195887445741009 0.0128917046562335 -0.125563137013027 0.0790713020889347
0.0177484897347395 0.0342834945914792 -0.177821737543043 0.0581886507336273
-0.00809703815994008 0.0499857853914054 -0.170801547967861 0.0973312498387632
-0.0239848894797218 0.0727250428412856 -0.103188650740625 0.0784854404797808
0.0131193491121563 0.0436873391198179 0.0476407419536018 0.0155351136914879
0.0222185059296281 0.0160094734088486 -0.012286865072805 -0.110592934273968
0.0275566809185609 0.0022488502158844 -0.121026433430183 -0.0901262790403577
0.0314057762354409 -0.00832448692660354 -0.151214842555803 0.0305424753428859
0.0193312551160245 -0.0295752051670555 -0.0873162093649814 0.102531680580358
-0.00172518441336976 -0.0341023636740861 -0.0234189373682266 0.103679980877132
-0.00254089040316623 -0.0391582479412163 0.0155404732580567 0.0904412291726155
-0.00401896372610786 -0.0469432096333282 0.0343841539514558 0.0853531338166839
0.0266961162091116 -0.0565053903647877 0.0325080302504136 0.0933162930492771
0.0626454341030981 -0.0260778697703631 0.00814381652403583 0.104056604565453
0.0721272406774591 0.0142712223638862 -0.0349589993120809 0.114208330965782
0.0427381604743471 0.0718201699673548 -0.107692564291909 0.0951992753563957
-0.0134179412406888 0.101286677862549 -0.152778864896223 0.0618719396923313
-0.061232869714926 0.100250812231381 -0.142932860649515 0.0814471623846006
-0.0697435876904629 0.102111271897097 -0.084894405579941 0.0500913098045506
-0.010127454400271 0.102020763966275 0.0640257349358184 0.00515687406847773
0.0443416030309157 0.0625681342556239 0.00999236559587813 -0.123043042294384
0.0744979307402507 0.00755919084759034 -0.107838416006337 -0.111364097075313
0.0659988704613846 -0.0299458218101438 -0.148522865052103 0.0101506688737326
0.0369258299154101 -0.0625533260391057 -0.0880287274649101 0.0804795563804461
-0.00314683964409972 -0.0687248006288014 -0.0273349146015478 0.0799254468249378
-0.0085969011652051 -0.067892423665594 0.0101225229967388 0.0674112405750898
-0.00866433529674549 -0.0761327289799952 0.0359156169503418 0.0569189239599964
0.0369154130401897 -0.091412962789286 0.0491085354754904 0.0668003701081131
0.0918671740071919 -0.0523112813109424 0.0425311875384409 0.0886770806932816
0.118370369886784 0.00587701140074199 0.00191723786989376 0.12169736574048
0.0759830332767534 0.105440350395344 -0.0760798641135529 0.112037022890217
-0.0231359108084481 0.152007654632467 -0.123142759650425 0.0626194031137832
-0.0952512270366532 0.13928816753492 -0.101887642069172 0.0531140840018437
-0.110697740084119 0.113036214790503 -0.0453549106931598 0.0140049298957006
-0.0439035034510663 0.146998505280466 0.091197189505349 -0.00999909329014553
0.0509690854767199 0.110858661348918 0.0434562458731649 -0.130374447387947
0.114669324164274 0.0243172339917316 -0.0786517388653875 -0.129543255804298
0.0984917267940375 -0.0434819951660155 -0.129389461995221 -0.0165775365673264
0.0536753222007375 -0.0874727326572832 -0.0803394903211722 0.0451636950226063
-0.00208476197149294 -0.0949632571866487 -0.0293186113294226 0.043691623015462
-0.0135856506009756 -0.0876374159615465 0.00408906670655268 0.034895935978598
-0.0150582976384944 -0.0925351007580543 0.0329138729182855 0.0209175154313907
0.0357110200169521 -0.110518179614646 0.061285105181594 0.0291212970694501
0.101163169097331 -0.0743572858987769 0.0748287002609463 0.0582623583562751
0.142092964986842 -0.0124952108400865 0.0419665608945454 0.114704471311458
0.102566392651093 0.114066515729707 -0.0386346253554837 0.119196455918721
-0.0196256487130823 0.174988722223908 -0.0944901720991733 0.0553144044620105
-0.110015439483158 0.156889110456145 -0.0554809357949898 0.0162011758054596
-0.134752933584006 0.10349876623582 0.0118510154211525 -0.0258659871776067
-0.079114528235593 0.163199021984168 0.122411418385222 -0.0281793495336021
0.0387735464035563 0.144382390867904 0.0808823558961005 -0.126529281396133
0.13230549233902 0.0464482732282727 -0.0350271479793943 -0.136720957710646
0.117480961469484 -0.0443939358363698 -0.0929283431856621 -0.0453314286668276
0.0648290958361026 -0.0968305395281247 -0.0628578623967979 0.00258419129897965
5.13583296145098E-06 -0.106598096841078 -0.0285162357877633 0.000641310128684864
-0.016748618577126 -0.0939101469833948 -0.0028834997043387 -0.00178486946114847
-0.0191105638170767 -0.0939418343700163 0.0278029624179025 -0.0176882714463531
0.030004799198123 -0.112225126107066 0.0660765048716101 -0.0107151759843676
0.0955276834737619 -0.081742436225548 0.0958610976629136 0.0231530450674435
0.142586437913413 -0.0239251978180291 0.0728212135854087 0.0965347630847707
0.107561858908651 0.109165301908086 -0.00638469489262502 0.113590754664263
-0.0193854627105025 0.170603514752124 -0.0692487041172748 0.0422826027606297
-0.111898305338885 0.148805106598436 -0.0102209948105996 -0.0223870495139934
-0.132280425156702 0.0752993434661028 0.0763387240596927 -0.0617335683728487
-0.0986818937701822 0.142433256562428 0.151663862550484 -0.0446999965677702
0.0146953898631028 0.145739888851356 0.11175040279155 -0.112570895770651
0.119837227528822 0.0599588121291496 0.00881044835391727 -0.128475560218783
0.113156813037824 -0.0351300212891271 -0.0465274919469331 -0.0675810335219418
0.0630530039878064 -0.08766094264611 -0.0394412806981052 -0.0409272094483391
0.00198119344612241 -0.0993464532324043 -0.0262948424530914 -0.041625339604516
-0.0169738027633196 -0.0861091746640027 -0.00919119181085618 -0.0382344758633017
-0.0208176222703882 -0.0833120821373839 0.0215193590096569 -0.0531343598035642
0.0223225221301569 -0.0978856681584872 0.0653270093389668 -0.0463648340394783
0.0811130259691582 -0.0739948690295144 0.107930594786103 -0.00757585951842841
0.125738035561175 -0.0230790099491888 0.0914567054815508 0.0773453526064658
0.0914470728492245 0.0981809182501616 0.0161935899326294 0.101613102687987
-0.0251512428521465 0.14515272044908 -0.0492855491840955 0.0278629356918429
-0.103209287857089 0.117144244733805 0.0286252297923296 -0.0539685210446875
-0.101746424947991 0.0347038666157954 0.131179851979051 -0.0884165822472801
-0.0914970125178535 0.0926068277328846 0.170996173910267 -0.057418059145637
-0.00550829681656064 0.110799750522091 0.130549926448553 -0.0947429669974474
0.0832265128857484 0.0526605812124753 0.043237576916447 -0.111312510709446
0.0832387788348953 -0.0229929312459994 -0.00581240577938906 -0.0811496148937657
0.0468851494866282 -0.0630463294664108 -0.0185000089660346 -0.0757166997382164
0.00166390050639897 -0.0739145825723829 -0.0248095767499797 -0.0753932028098125
-0.0139998445290636 -0.0644655539805085 -0.0146845563415178 -0.067329189920913
-0.0168192463064061 -0.0620882939407104 0.0162294418741817 -0.0802223412821689
0.015432521257986 -0.0726955822227283 0.0654123040483799 -0.0733168962862095
0.0610021944993701 -0.0570585344050602 0.115609330689084 -0.0291673630459047
0.098702608688124 -0.013362679376499 0.102027419876032 0.0628674004916308
0.0627806060694619 0.0830347511649273 0.0293294438174375 0.091135547847188
-0.0347353661352278 0.105361001406506 -0.0339302329811847 0.0175812441126291
-0.0872625813001012 0.0687385665493612 0.0614169489567491 -0.0729070546685021
-0.0513480326480348 -0.010759011867346 0.163910319747384 -0.1036965420984
-0.0592121461173207 0.0259197771758773 0.174626355339212 -0.0679411570257537
-0.0149943155222688 0.0512202669765962 0.135645134199818 -0.084703740082796
0.0338414393254026 0.0264513244398104 0.0591715946447514 -0.100473651257011
0.0361889155503393 -0.0109536181231479 0.0151134008153115 -0.0897757983802754
0.0204025390107788 -0.0279886534810067 -0.0092380700529463 -0.0961023897273273
0.00015301847771453 -0.0348786761444921 -0.0247208526585815 -0.0947274797654068
-0.00830866884080691 -0.0322958640647023 -0.0182380720251068 -0.0853762972596228
-0.010233625958847 -0.0327739889566618 0.0129310674137025 -0.0967554118968748
0.00725760797958216 -0.0415984062028583 0.066837561260337 -0.0914481133438488
0.0361650979545056 -0.036756394344852 0.123726009467215 -0.0406049187766571
0.0640294741897653 -0.00307925361695851 0.10993566841952 0.0567186264323806
0.0301496841348707 0.0616381659923272 0.0352989800736381 0.0865424046400885
-0.0386826181872477 0.0570821395600385 -0.0239088591023603 0.0140095137832477
-0.0607438916302932 0.0127850525766814 0.0849638479585486 -0.0765822907401811
0.010565094542273 0.0313947001332414 -0.113929451289346 0.073434393688237
0.0242948679413425 -0.00925228483646164 0.038169545757632 0.027652033752819
-0.0008000266209101 -0.0204915886976107 4.29257110374344E-05 -0.0990163837184354
-0.0155017776592838 0.000960550705588848 -0.103222617395114 -0.0944943620593287
-0.00144790885485855 0.0130681167768439 -0.146812306878913 0.0114091839555193
0.00430810643794174 0.00576470705860643 -0.0995179782321347 0.0932092379788907
0.00259681776912467 0.00359686122806551 -0.0394291514329169 0.107768638506651
0.00508293980179412 -0.00368650587379638 -0.00151580680417997 0.0990743748816285
-0.000165212381741502 -0.00793767760417033 0.0119807177098583 0.100978842599573
0.00637202999268742 -0.0130690965652669 -0.0016703390921169 0.103232095893058
0.0153766797034166 -0.00194478056765755 -0.0337732379358891 0.096819077984585
0.0149607874308935 0.00340115820539111 -0.0738052582954336 0.0844637237318759
0.0159941928633114 0.0180685866954216 -0.137185495232817 0.0520538889258004
0.00973646633253858 0.0378063533612538 -0.184630617602512 0.0225194912359353
-0.0178680102453717 0.045701459571424 -0.18858484064349 0.0601471241175093
-0.0364948015090416 0.0620437576467972 -0.113901099695473 0.0585735990969446
0.00501837599815396 0.0436945951737978 0.042818103342729 0.0243455596023992
0.0195136825758718 0.0194341614251213 0.00894612163533938 -0.105942907638905
0.0267916777564851 0.00614378259979706 -0.0993108768074579 -0.107787255007084
0.0332490676683863 -0.00400717142283316 -0.150294543641019 0.00244272167109255
0.0248800408540751 -0.0251373792138323 -0.10191372253805 0.0830263900248532
0.00458484101931788 -0.0325035110250272 -0.0416120184374186 0.0956877892123151
0.00531122943499689 -0.0383738398774817 -0.00185173617907708 0.0886606291168842
0.00539228782486555 -0.0453812595849975 0.017754397732346 0.0879078624065487
0.0361537065075997 -0.0496399274005356 0.0146241967427698 0.0950647641243575
0.065667723354323 -0.0132370370881164 -0.00998728646084304 0.100634818676173
0.0663853751621268 0.0283756359532093 -0.0543540294397554 0.102256161581339
0.0255926102586712 0.079065713267231 -0.121629170186267 0.0729769210340523
-0.0340479316521822 0.0956353589258323 -0.162713470457618 0.0317469578841132
-0.0793441106392612 0.0828493552023423 -0.157968327975145 0.0508604125221295
-0.0846309999080482 0.0815855708367973 -0.0915284991711475 0.0342886948846553
-0.026930859664352 0.0946284229032654 0.0588571396185479 0.016497534934632
0.0316039515709854 0.06733569646241 0.0314247714268588 -0.112635984155705
0.0694109385312876 0.0202072084280561 -0.0831733183016866 -0.123950104618734
0.0697728936900824 -0.0175965066675055 -0.14388961899646 -0.0152493109142893
0.0469853478613983 -0.0537230432150188 -0.0981432069100486 0.0616648017777528
0.0093682178464671 -0.0659835625232539 -0.0409956009502486 0.0713345465914602
0.00464419074232378 -0.0679110066530024 -0.00285427135503834 0.0658986765801555
0.00614268488903578 -0.0740919055913493 0.0239106430603156 0.0611756022654138
0.0516518416037623 -0.0802184267328317 0.0367011183259225 0.0721370956711454
0.0982847723639028 -0.0327657203805554 0.0272071165649939 0.0914220960202115
0.111553881438294 0.0290895434937374 -0.0190572744615071 0.11648506805417
0.0509269273365915 0.118635615056495 -0.0935442369635728 0.0959402132818938
-0.0531186772690702 0.1424987848101 -0.134541668247153 0.0386115977543884
-0.119483763999226 0.113307049669087 -0.112198533234597 0.0321076246543306
-0.125487132692997 0.084713459103786 -0.0469826576231325 0.00653571149038434
-0.0663043265437816 0.131788615945107 0.0861826876547012 0.00491685039519868
0.0291016807194915 0.115051517215815 0.0623155597430275 -0.113955703242514
0.104100679885558 0.0426152458387052 -0.0520093513568176 -0.135762431444198
0.102137229548655 -0.0241495051689973 -0.121091729990806 -0.0372935107313672
0.066842469791078 -0.0740580174697946 -0.0839709780073293 0.0307736833968537
0.0144644916566103 -0.0905405633362594 -0.0359500463689633 0.0361862234972741
0.00261594071723462 -0.0871793878689103 -0.00279232272897441 0.0341894906589744
0.00311296563405267 -0.0905789018503318 0.0282984142934003 0.0254965669424312
0.0542585353287511 -0.0989015555666918 0.0552235005440119 0.0383771143206827
0.111574696503601 -0.0524740334035194 0.0632515726052325 0.068026172832737
0.137258060669637 0.0160186599943467 0.0220815652810057 0.117569723937305
0.0746022123663701 0.132744839932195 -0.0574180900947402 0.110755753242568
-0.0542885911912291 0.164338600623797 -0.105376416419209 0.0372454046133984
-0.137094466135702 0.127531636227429 -0.0591678892688919 0.00586723382510047
-0.146351170459017 0.0718382061882372 0.014605247652222 -0.0223627146510721
-0.102207562520404 0.141993179222736 0.118248900325912 -0.00790870391384683
0.0110319455609406 0.145278108358593 0.096220105328377 -0.103937595049939
0.115580849118794 0.0669427236284936 -0.00988793049350012 -0.134113538838775
0.119870839681217 -0.0209027306847723 -0.0811854476192788 -0.058591127899836
0.0785651481018558 -0.0800844401737346 -0.0595093922417775 -0.00772671707717405
0.0181352033664672 -0.100480504932816 -0.0272287562361224 -0.00514112332284704
0.00114925447382187 -0.0939097505612444 -0.002054901853492 -0.00186515866444249
-0.000334864352605076 -0.0927097656792693 0.030704722929876 -0.0122314262712012
0.0486432105372808 -0.101585747947053 0.0664804238015553 0.00142266092207371
0.106852326466311 -0.0601846181429282 0.0908943241068216 0.0376938033538081
0.139310328619766 0.00497014403817259 0.0557417475161274 0.106250569413824
0.0812467532651713 0.127374679535127 -0.0249367252649847 0.111014427159211
-0.0524112115423259 0.16019480359925 -0.0786451813620129 0.0298644661144192
-0.136871478279557 0.119600192498215 -0.00732942060775459 -0.0228100826894493
-0.138535849158247 0.0471108596211151 0.0830202072157204 -0.0451195107912936
-0.117385893579442 0.119600751206046 0.149818083941544 -0.0196847819426854
-0.0125037382007816 0.142148814741518 0.123400351330043 -0.085713457302549
0.101125072467716 0.0777308119848353 0.0308425487866458 -0.117992054317757
0.113194381837357 -0.0125538421626892 -0.0327497045016784 -0.0718689383783946
0.0753293053105935 -0.0715057559996521 -0.0290436298749613 -0.0451956270835853
0.018058315830797 -0.0929236625349959 -0.0173721189653702 -0.0458863944587983
-0.000692208196995565 -0.0858765198335033 -0.00142280810158105 -0.0376318570898143
-0.00322528099322444 -0.0823702963816556 0.030206047918571 -0.0468626945633196
0.0389992205281054 -0.0888085028405129 0.0725610607448365 -0.0324332474798146
0.091245176248829 -0.0554902991567156 0.107281212248504 0.0103389028714119
0.122652126873864 0.00245351336393046 0.0771151779979857 0.0906843919467175
0.0681150443984495 0.113009948066499 -0.000872788811808524 0.103574309425925
-0.0534011307133619 0.133719838762139 -0.0560787884175527 0.0188647248446873
-0.1231691949342 0.0905486715695527 0.0380249895002684 -0.0458876870305828
-0.102960704465762 0.0156027786437675 0.140940413493891 -0.0608329426583822
-0.102203557509645 0.07394556093313 0.172364759918452 -0.027981178339435
-0.0254814042865257 0.105930756657202 0.13892189975682 -0.0660778998265951
0.0680586314142365 0.0647845171266846 0.060471362592141 -0.0961726317755188
0.0829651511036791 -0.00585264747514171 0.00892072282437893 -0.0784110675182365
0.0552576703117265 -0.050473166522362 -0.00360686861003798 -0.0758254621207639
0.013263999716062 -0.0691832174354177 -0.00960589511605203 -0.0782060123606937
-0.0022826937781361 -0.0643561638112096 -0.00167920208895046 -0.0664073234828513
-0.00413683775129877 -0.0611438886945029 0.0307577793622169 -0.0735343567287234
0.0280520903524618 -0.0660327480354189 0.0767849589703002 -0.0583224059026087
0.0690576488579387 -0.0433072384116209 0.117908076375375 -0.00787050358809777
0.0951314019401516 0.00631448746464356 0.0891768279142222 0.0799249556328271
0.0433764275658291 0.0930731491811013 0.0129300006505063 0.0951168922105137
-0.0548802762398372 0.0937910551242682 -0.0390742627349851 0.0110587670924349
-0.0976638492110828 0.0473779642611643 0.0740614835069517 -0.05823333329819
-0.0461277884809454 -0.0174334772873172 0.176347950339594 -0.0704401132525107
-0.060962427781419 0.0173825964269151 0.178593644838801 -0.035548229516226
-0.0239092064307713 0.0476949265206917 0.143952958246868 -0.0554989653279887
0.0267006099223917 0.0320359195800091 0.0746546741227362 -0.0831492402882842
0.0359315712099019 -0.00260875122977721 0.0316141538510959 -0.0831413841527249
0.0241810287212422 -0.0218572709964108 0.00850517920257977 -0.0948260808495134
0.00593226383595168 -0.0327826296747148 -0.00668200958875856 -0.0966104719143368
-0.00214992614873154 -0.0324062691165708 -0.00173688265558464 -0.0837904684519393
-0.00361866787538326 -0.0328127232518076 0.0308622371613156 -0.0899398364652996
0.0143959814935031 -0.0380967507164628 0.0813670511892838 -0.0737609064123913
0.041061563014692 -0.0279866203125867 0.127019814616077 -0.0168812278042156
0.0607363715715802 0.00943331118929196 0.0968202447874547 0.07521629558054
0.0160668163107095 0.06538720895437 0.0186851503079399 0.0916356228260434
-0.0481446586012589 0.0463687656110231 -0.0281525713936562 0.00951834915482937
-0.0613096530227033 -0.000749475264025089 0.0972417082795209 -0.0572021342789538
0.0107506460117804 0.0304149438740087 -0.108736899003979 0.0732085545637847
0.0235064435517561 -0.00937158504475679 0.0385967923673969 0.0265189996431743
-0.00117790960082722 -0.0192935758943637 -0.00103686698424241 -0.0954553443246485
-0.015036449394649 0.00135342228388505 -0.101546265570548 -0.0892585425467425
-0.00101896843030337 0.0120695560020883 -0.141546150657429 0.0140641693156925
0.00504551394954167 0.00487652055642326 -0.0931011066189023 0.0919168473092718
0.00299269576054329 0.00317952083091595 -0.0346731406556452 0.105179592693893
0.00482307764001604 -0.0045974558512601 0.00177459214606134 0.0954967401348372
-0.000269833775777433 -0.00755400115832821 0.0149461452109502 0.0972800695036579
0.00555267549059205 -0.0124964276205104 0.00148232744089623 0.100531773543363
0.0153726854222042 -0.00271059514569193 -0.0310978283530476 0.0949695860554563
0.0143538803855446 0.00282549271497037 -0.070592851859316 0.081898604798379
0.0163889743890744 0.0169656354934507 -0.133291016507988 0.0524173069520795
0.010446560160257 0.0357171513606498 -0.177968307149037 0.0249417310869842
-0.016978281290622 0.0441131335265808 -0.18038664049411 0.0613380484318096
-0.0338677806307745 0.061018861001749 -0.108099017153951 0.0590667639796578
0.00586090337749973 0.0416713088663749 0.0437312371421623 0.0237215341663204
0.0193102823749961 0.0182179503332643 0.00768768241906269 -0.101974696777042
0.0257426548868129 0.00502611843213545 -0.0977350379514681 -0.101626319123553
0.0325593676957587 -0.00507194181878652 -0.144842391918534 0.00559328835274548
0.0234553268072803 -0.0250975318253487 -0.0955454714824298 0.082515471295198
0.00369023218665061 -0.0315423691523411 -0.0371077740561269 0.093456925850777
0.00388342674406868 -0.0379041787566952 0.000205398453939433 0.0860242347860456
0.00404374316415135 -0.0439362354069753 0.0206843032661866 0.0842928857564379
0.0332207879501394 -0.0492059191187874 0.0172117014593274 0.0923253916945184
0.0635788122562198 -0.0148998981757964 -0.0080083751426735 0.0976858045600792
0.0651703263046371 0.0255770183026326 -0.0507983801519911 0.0991159720252378
0.0269103994137265 0.0764126264451484 -0.116780920200314 0.0719666936443494
-0.0309731904610955 0.09339914866931 -0.156236909544655 0.0333651531470164
-0.0748072180481245 0.0808523786418622 -0.151614964179629 0.0526586427220203
-0.0809149293795773 0.0799456134320665 -0.0870787147480064 0.0348647891606853
-0.0234902191471251 0.0920861400995334 0.0589385208322894 0.0154089472635266
0.0319098206749985 0.064719207457133 0.0286589715482287 -0.108959189499054
0.0672737185150163 0.0175001863022118 -0.0821234640884062 -0.11795655712037
0.066584033691347 -0.0190081725227947 -0.13831067523237 -0.0113507827869466
0.0439793182454284 -0.0532214392369336 -0.0923644445085137 0.0614849145667153
0.00685961276304996 -0.0633499302895133 -0.0378084926801568 0.070001813274169
0.00268374304342302 -0.0658205363541091 -0.000950260062646655 0.0638435148778799
0.00427886211282289 -0.0716504388779121 0.0254085682755133 0.0582916394651339
0.0474251335010343 -0.0797178771963958 0.0379809068593823 0.0696758654144177
0.0945246681593256 -0.0354327791163819 0.028382536206345 0.0885600826121504
0.108258930897865 0.0250646089367782 -0.0158708448005649 0.113460927957207
0.052001640672628 0.114090515550671 -0.0893132030499998 0.0939591429177644
-0.0480700843575824 0.138959319132063 -0.129045310770655 0.0392136592218276
-0.113404004395409 0.110993639499161 -0.107962777086512 0.0340370254437671
-0.120393616282663 0.0837267144923459 -0.0444945345137206 0.00723874765216016
-0.0612944171537329 0.129141229713516 0.0849567622483988 0.00419050891345566
0.0301401799791288 0.110490453502345 0.0593375637073206 -0.110181401735433
0.100376004014207 0.0386426404418314 -0.0522416116319753 -0.129707231542795
0.0980534294685778 -0.0262049564818483 -0.116274293472338 -0.0333252640104079
0.0626060516916359 -0.0733303003987515 -0.0800243457733375 0.0307576126617371
0.0110044666809729 -0.0873940222159036 -0.0346542874287985 0.0360048834381307
0.000613899141565527 -0.0841441833798391 -0.00129748263953042 0.0331235905233524
0.000907319231668 -0.0871415049777118 0.0284053266140201 0.0247194589968474
0.0493530207522935 -0.0975136647849238 0.0553778555320582 0.0362513907224441
0.106329914847717 -0.0539789441291501 0.063457110646703 0.0640657713650543
0.132615803501057 0.0117383320874487 0.0242935754427661 0.113681694626393
0.0759059664440227 0.126597186047302 -0.0535041853331669 0.107217765586397
-0.0489131149380568 0.161120498411932 -0.101219055779055 0.0376309145257912
-0.130124711551579 0.124799676285016 -0.0575415208804538 0.00775454684973527
-0.140964096289179 0.0722026633605089 0.014777470497695 -0.02116327693797
-0.0959864435422755 0.139199887473696 0.115570486841648 -0.00854972842574224
0.0132861895885703 0.140839367420923 0.0917662892874664 -0.101346349532918
0.112567247920081 0.0617902247481262 -0.0109783057511377 -0.128568260563983
0.115043052506549 -0.0231869287789048 -0.0777939372397658 -0.0544007321686509
0.0733075675732941 -0.0795795729439991 -0.0574491408677902 -0.00711066551290781
0.0146019705052712 -0.0970900393580068 -0.0274291889119639 -0.00421149622751405
-0.00180565198745489 -0.0908042785860009 -0.00136827981539818 -0.00209733217319136
-0.00318352812105587 -0.0890076636599625 0.029379212811835 -0.0120024213647291
0.0431124999354992 -0.0991535517020106 0.0654573269926254 -0.000319355463438488
0.101774969033531 -0.0619469951563866 0.0886764428900192 0.0343966552534147
0.134083433389449 0.000547298079964197 0.057101247392124 0.101575842552202
0.0816804354594312 0.121983642991084 -0.0216382834538904 0.106918283918955
-0.046629898924179 0.156370671058952 -0.0752563380826399 0.0295637487294116
-0.129771183640118 0.117127019860735 -0.00820716319247171 -0.0208664035046701
-0.133711549056562 0.0476956851144127 0.0798502180692862 -0.0446295666255852
-0.110578966798773 0.118278164824453 0.14548499839491 -0.0209090874318165
-0.00919934537486638 0.13865238337907 0.118119100748872 -0.0839899790527971
0.099156624176395 0.0725157298823062 0.0284484515388656 -0.113590265690773
0.108880362749849 -0.0150341643089632 -0.0310747919827391 -0.0685740541409989
0.0700441792339763 -0.0712833080326169 -0.0292906004385559 -0.0443563555785592
0.0146715651642687 -0.0904114536816014 -0.0189973066992506 -0.0438829667346239
-0.00301810399446261 -0.0828593281515501 -0.00196305349812645 -0.035607334627342
-0.00536481955981096 -0.0788086726016849 0.028251870705596 -0.0457819945295473
0.0350843865722081 -0.0867804892110443 0.0698168743578819 -0.0330643112267681
0.0868816987677291 -0.0560598269448392 0.104366365197936 0.00762381322435728
0.118101055260079 -0.00128358298649192 0.0773406603773238 0.0860565094865581
0.0683462567197011 0.107535908802867 0.00124860894108692 0.0988686929362789
-0.0484729971077295 0.130685446709454 -0.0542657339943358 0.0192612490973974
-0.116632624099851 0.08928565199303 0.0339860914741137 -0.0445437791919258
-0.099283179036445 0.0169937145744579 0.13619518368861 -0.0611377205430561
-0.0969426952461303 0.073925202198724 0.166113064148529 -0.0289183909019488
-0.0225809428549922 0.103225009819878 0.133269330134599 -0.0661836721546581
0.0670892579362429 0.0610276735404487 0.0573809169218297 -0.0932852767003084
0.0795357031873857 -0.0076648050817965 0.00836698958661522 -0.0753736601551935
0.0523327598760903 -0.0500115013116291 -0.00547579437491099 -0.0748080740484806
0.010891305800207 -0.0669744043715053 -0.01257847597947 -0.0759346871631482
-0.00385763887480377 -0.0622985596873009 -0.0027689676971609 -0.0636569430479313
-0.00537254555506235 -0.058776185969193 0.0273004093035955 -0.0715497638624029
0.0247207459186115 -0.0642595794628724 0.0733820740356224 -0.0582912131921468
0.064997744861588 -0.0438520676093907 0.11432531608305 -0.0104839837375871
0.0910040434551939 0.00300724443110909 0.0887562086472806 0.0751729350205837
0.0443038260600228 0.0884370934522957 0.0139587398934071 0.0912669337154732
-0.0504010202756007 0.0917091574824137 -0.0381364117518643 0.0118977911936533
-0.0932716214151478 0.0469911775391301 0.0687041665301321 -0.0571895928844126
-0.0447314201189366 -0.0159049215708649 0.169452123731548 -0.0707621755138376
-0.0579900885066744 0.0181523144123392 0.17202142810721 -0.0368727130974851
-0.0218729494488147 0.0470786880362156 0.138356135381907 -0.056154417396682
0.0265407938639202 0.0305909115734481 0.0713805572768763 -0.0810375226441853
0.0341686244121992 -0.00351817740346426 0.0297631295467041 -0.0811637347151855
0.0224968517330816 -0.021170602206991 0.00540554235699767 -0.0929886427556565
0.00451087743941508 -0.0315114994517937 -0.0104295974444843 -0.093450739176913
-0.00303751211128402 -0.0313800047833865 -0.00352276695553115 -0.0807743266657036
-0.00370222877754703 -0.0311709949421264 0.0270685747914121 -0.0872954247203326
0.0130125649504369 -0.0371931191912748 0.0769407166993915 -0.0729801286950097
0.0385503988347908 -0.0278941684502516 0.122685460322536 -0.0201999735171073
0.0581487398919471 0.00730116430576097 0.0955724127131616 0.071091051079116
0.0174148757227944 0.0622743953872901 0.019701259412303 0.0876263609764917
-0.0458957445771355 0.0450007671960268 -0.0280521146620484 0.009927085491887
-0.0593836926457475 0.00029522635546123 0.0921537947210093 -0.0571058676329339
0.010709235271978 0.0296622849508432 -0.104371456990833 0.0722336832630778
0.023002617254833 -0.00968663341491466 0.0390173854762194 0.0258917317219102
-0.000624290140365771 -0.01922442472583 -0.000926866124468129 -0.092039947544221
-0.0143373148719859 0.000994532188867377 -0.0989044260038692 -0.085608719718753
-0.000476379461105562 0.0110818488159101 -0.137344112248593 0.0145912550167972
0.00530359960263044 0.00442154206752291 -0.0883966368835614 0.0894950302497727
0.00300987193157021 0.00246572094590553 -0.0312454291590127 0.101743354549761
0.00451004201965961 -0.00490903085010068 0.00305943723800922 0.0922914190165497
0.000304478012308528 -0.00743199297249402 0.0166319190929231 0.0936867062881917
0.00511001922611081 -0.0121874590733667 0.00326926902287492 0.0979572444222005
0.0146873793115385 -0.00299043757401986 -0.029444822789948 0.0925688790867327
0.0144675147587657 0.00271525597637721 -0.0685071980430842 0.0785668114175884
0.0161525271505629 0.0170209944646805 -0.128743730031497 0.0509293429553687
0.0100972148083996 0.0339304133815689 -0.171119034063746 0.0246778539599136
-0.0167551944787612 0.0423230808055605 -0.173357872293281 0.0606283809911416
-0.0327138108726597 0.0591363240529158 -0.103770015366601 0.0577937810622804
0.00664705428692759 0.0402352984272754 0.0437071605847189 0.0230959667714818
0.0186451148718157 0.0169790369797632 0.00741538119016571 -0.0980859763159297
0.0246547638594705 0.00427174011682677 -0.0959054467536569 -0.0975102925028521
0.0309773705951751 -0.00562716662527215 -0.139563780144095 0.00605340405161243
0.022032357159575 -0.0252575391705978 -0.0905368194657165 0.0804304742574118
0.00354072228372478 -0.0307770258172074 -0.034070832068503 0.0914421533556759
0.00336060572308964 -0.0371472921680545 0.00208626113576706 0.0829264006338441
0.00361141217167389 -0.0423263051572159 0.0213783143420546 0.081785824326608
0.0315694797114067 -0.0478692441601538 0.0189981607441797 0.0891210461848929
0.0612875731133412 -0.0158723982648243 -0.00701701685768985 0.0957802376114304
0.0625953222763304 0.0237932417734732 -0.0485773931258055 0.0957092336529204
0.0267718461323878 0.0739249364986221 -0.113617041734471 0.069626375972817
-0.0293695999082014 0.0901895589685068 -0.150728293570052 0.0324122664332018
-0.0727504364065413 0.0775781897212874 -0.146546796568163 0.0520750887424267
-0.0786192889888477 0.0776588954813241 -0.0833443943196369 0.0349404138140109
-0.021641702780664 0.089083902656793 0.0586916862363377 0.0155905764051897
0.0307445221341981 0.0616723522526529 0.0276342825080609 -0.104305539709729
0.0645147951021495 0.0156035942599293 -0.0802587455161859 -0.113383901319492
0.064293576975388 -0.0196283252311173 -0.132699003911359 -0.0103378556935118
0.0414357967222811 -0.0520867358260465 -0.0884312949687567 0.0601692627582431
0.00551572247395095 -0.061171612835513 -0.0351721336634636 0.0680059316231998
0.00166366011644809 -0.0639290300587675 7.41640719474035E-05 0.0617747428950785
0.00292302536431279 -0.0691094656853155 0.0258413893433911 0.0564635573588853
0.0443511501397511 -0.0776170871947797 0.0386486995398874 0.0669159994809603
0.0915255755793103 -0.03633753558947 0.0283127262881291 0.085876246354669
0.104857886562937 0.0223122469697456 -0.0142513773429338 0.109582840456323
0.0515855975283811 0.109889132513006 -0.0863622129920258 0.0913437402673431
-0.0453615122887175 0.135146487170371 -0.124413549761028 0.0387486512183707
-0.10929432695135 0.106938862528267 -0.104230296143842 0.0340935103006483
-0.116629250331327 0.0814076510226541 -0.0426371426563341 0.00764501688304833
-0.0574219383936354 0.125572975083414 0.0834911098821658 0.00439550746691889
0.0297650363225732 0.106882216794249 0.0570739554221917 -0.105681841031278
0.096962100540173 0.0361390184457072 -0.0507263106545952 -0.124318048662414
0.0941946480321887 -0.0269482498471829 -0.110791006557654 -0.0313914352277373
0.0590870133439386 -0.0718370110256845 -0.0766842781468692 0.0293977727030506
0.00918196652381404 -0.0839218228758517 -0.0330984504697813 0.0347116088829767
-0.000865291360129192 -0.0822667465634788 -0.000526131460099731 0.032664508293489
-0.000281682578945467 -0.0838931735625345 0.0275629876844422 0.0237761783541631
0.0459639187246585 -0.0949808231621839 0.0549872353654931 0.0342001209214602
0.102376567206793 -0.0545363032486944 0.0619778748869549 0.061861362927624
0.127963365301824 0.00878902006400421 0.0249225058140402 0.109550580480788
0.0747801136262977 0.12109065002093 -0.051689122645131 0.103454494469128
-0.0458573705933834 0.156491367458218 -0.0976809605281267 0.0372023099633076
-0.125021232848666 0.120041613326294 -0.0567200051171502 0.00886095946094372
-0.136648888275364 0.0696606627234035 0.0150417357382231 -0.0199645629877735
-0.0911499833508251 0.136006930813249 0.112619648300509 -0.00862843665552961
0.0135647598281584 0.136252100061062 0.08909270040027 -0.0973377344830688
0.108710709045311 0.0589829359877544 -0.010755565222742 -0.124019001507798
0.110397884867148 -0.0243217742053184 -0.0731680313744469 -0.0519926658055961
0.06948696121384 -0.0779019822206642 -0.0556413609742139 -0.00740182166657595
0.0123946579097464 -0.0933982822229788 -0.0276067829176844 -0.00414950732148002
-0.00306685351244683 -0.0878125160745857 -0.0015242669002246 -0.00174303037801496
-0.00417697930811219 -0.0855784178068448 0.0284023368452543 -0.0117406149555276
0.0405955300001375 -0.0964492280166787 0.0645474701400359 -0.00116832349671409
0.0980832537675826 -0.0618103406880418 0.086285576901483 0.0325325485377663
0.12873368576714 -0.00168557844691225 0.0566240890135751 0.0977097295827105
0.0799106577564835 0.11629492302097 -0.020551134335628 0.102715128355403
-0.0442058048119351 0.152123059805786 -0.0726485509797712 0.0291367531772254
-0.124672825878675 0.112556014520427 -0.00956741760613536 -0.0195430001017155
-0.129408459986188 0.0464582933142474 0.0781606813356431 -0.0430555379336244
-0.105691975569806 0.115946252653227 0.141014818965149 -0.0195405721267383
-0.00807595530031894 0.134421692955302 0.114230945697761 -0.0807526990708346
0.0961855442088649 0.0690658617438666 0.0279132059990997 -0.10939231836588
0.104796504693226 -0.0161621440907765 -0.0284730638441711 -0.0656853258563179
0.0671004853221932 -0.0692759009561151 -0.0292932180024013 -0.0439135840624068
0.0123057329487575 -0.0866102856611493 -0.019974933906122 -0.0424275230031277
-0.00448664304733449 -0.0802677341316593 -0.00237433735412483 -0.0344571780846431
-0.00596837460467131 -0.0755251021829843 0.0264357932497025 -0.0440905743953271
0.0323716868018499 -0.0837003629277796 0.06828239144831 -0.0328610504987909
0.0832531067835925 -0.0559877590405248 0.10076873566156 0.00565159860481176
0.11267255776406 -0.00290128572449558 0.0768460903968439 0.08205118072922
0.0671486175756434 0.103053343862364 0.0016872867916395 0.0943491457929532
-0.0456296061199521 0.126354933708939 -0.0529497104615771 0.018882297764633
-0.111950262446236 0.086376366418078 0.0318748363743483 -0.0424213152291674
-0.0960979274691496 0.0163818208753184 0.132002829944892 -0.0591706936280218
-0.0929327611831783 0.0723096930014323 0.16074664817021 -0.0281980650079294
-0.0210415411280972 0.100502361958038 0.128768791705137 -0.0632406059143468
0.0651566214005671 0.0583955688237514 0.0558346494270273 -0.0895608003090377
0.0764011781159413 -0.00835011816758 0.00963681657657957 -0.0730696146403033
0.04955240884348 -0.0487020037262834 -0.00692458493513553 -0.0732280779756966
0.00960759325609441 -0.0639942314910744 -0.0140204448774663 -0.0730752699323131
-0.0048508383036957 -0.0601547104688131 -0.00331869883179864 -0.061589786432995
-0.00569261715612169 -0.0564456721242732 0.0255769189737118 -0.0692735028672411
0.0234529164147294 -0.0621083085797279 0.0705511921110849 -0.0567589857105224
0.0618781494983901 -0.0428879118989451 0.110279888868379 -0.0117111434426875
0.0870154495907688 0.0013774660553987 0.0874981375684919 0.0719565531302447
0.0432056836613387 0.0844827728091645 0.014519406829715 0.0870643777465303
-0.0484544018253382 0.0888750120087529 -0.0372080713744726 0.0116856820627306
-0.0903024399352026 0.045867659729184 0.0649616550179183 -0.0549377056598718
-0.0436790082847193 -0.0153286430383995 0.163760157456193 -0.0685930731426771
-0.0560850253646738 0.0180517308083979 0.166417045918979 -0.0354261465365234
-0.0206035655281884 0.0463122739199435 0.133283473796416 -0.0543044290046946
0.0257630540387684 0.0293231084593958 0.0689106309575346 -0.0772981832271199
0.0327778147628008 -0.00372959349540342 0.0296345182038487 -0.0790158365091476
0.0215587919399591 -0.0203785566050237 0.00296646801147166 -0.0910864353484648
0.00423059823315098 -0.0300920604865851 -0.0124248501374005 -0.0903427517671962
-0.00343575261485755 -0.0303277469794844 -0.00427108864405568 -0.0776944654917374
-0.00358586307569792 -0.0297484273856204 0.0253810662573354 -0.0843844694941996
0.0121915802318799 -0.0355734077590301 0.0732650722881299 -0.0713650929228652
0.0362431220195879 -0.0274111681213156 0.118104851364441 -0.0207593712213332
0.0553943986679428 0.00624629091882864 0.0936201539406058 0.0675392048583579
0.0172433552603707 0.0597282869720137 0.0195486200215434 0.0842354974710993
-0.044256615925946 0.0440156357176514 -0.0277287798892906 0.0101892028441353
-0.057616775445821 0.00106827376941632 0.0867782780920553 -0.0550282925784795
0.00992441720430034 0.0292533965580269 -0.101737336114915 0.0700702628867743
0.0218617841134774 -0.00946911508259149 0.0398450003748355 0.0256805883332744
-0.000760254527832855 -0.0190932098818766 0.000253564505210622 -0.0899470546327317
-0.0142011166995718 0.000672012720084 -0.0963498005020923 -0.0841435448431004
-0.00050697953781433 0.0106366278154319 -0.134599759474392 0.0125319853052918
0.00534063807367757 0.00377940135825848 -0.0861400027704526 0.0868536310317342
0.00290356517055168 0.00182172335260117 -0.0295388846853151 0.0986915170159125
0.00438215698850388 -0.00526550623698659 0.00343141722562337 0.0902772871638294
0.000289747664844743 -0.00759489443799507 0.0168404543692337 0.0918122166194869
0.00530403174956545 -0.0115538680277023 0.00341582502604518 0.0955946099198157
0.0146242854320419 -0.00341077935268627 -0.02946282513689 0.0910414288985748
0.0137269778732594 0.00285704525520312 -0.0678815226054878 0.0755482750666611
0.0159258112600286 0.0163625496054828 -0.12673892145469 0.0476441248029173
0.00959918027276116 0.0329610605020024 -0.166844788252804 0.0216168975705432
-0.0175799015640995 0.0410022539358786 -0.16977483268881 0.0572905060022677
-0.0328364917580967 0.0577462421088914 -0.101797233596957 0.0558828164260966
0.00591345489634539 0.0392555076713832 0.0445788545083471 0.0229530363537649
0.018091538549252 0.0164683226156178 0.0082608554942029 -0.0953061879796298
0.0237637843148227 0.0040693253018443 -0.092721099484139 -0.0955640138991194
0.0301748355775731 -0.00590965459728573 -0.136216725797523 0.00496068527581966
0.0214514277704611 -0.0251124661507827 -0.0886907577840602 0.0776379784729044
0.0033990825074076 -0.0300468228476599 -0.0330407161725799 0.088317284677479
0.00330472783463557 -0.0367111427437802 0.00204891800252967 0.0809666418896439
0.00328281920969474 -0.0420495477416409 0.0214581515263614 0.0798239115448403
0.0304289603312049 -0.0471930160980159 0.0190353881937101 0.0875046150085586
0.0600060422718204 -0.0163075251824785 -0.00717342664155536 0.0938635887733311
0.0609213872409978 0.0232016063692341 -0.0487137155961465 0.0929859399482928
0.026012266439691 0.0722527559786502 -0.112134651362686 0.0665674942459463
-0.0291180447818888 0.0875581408897553 -0.146590483103291 0.0305618293018569
-0.0720875717626452 0.0740105470629356 -0.142730221756662 0.0495075568070524
-0.0775749407645068 0.075089470863646 -0.0811214680745523 0.0334685531683136
-0.021427352754486 0.0869308881515407 0.059286545147987 0.0164417306672241
0.0293871340342256 0.0601456859036629 0.0289284259407685 -0.101361140751841
0.0622486153167846 0.0152706301295936 -0.0769777647514727 -0.111528638584563
0.0626162796178453 -0.0198694596614665 -0.128694772790605 -0.0114190032296065
0.0400654811912472 -0.0511769224307182 -0.0861708384274669 0.0575925842433456
0.00546241361974709 -0.059707865910411 -0.0343415343773307 0.0661901907371407
0.00155730051403119 -0.063065179903291 0.000446834324301375 0.0608579478211197
0.00295736605542985 -0.0674175361701029 0.0250158584260381 0.0553864547221532
0.0436533208887281 -0.0755201975038953 0.0385841720165588 0.0653638411074969
0.0893545839630881 -0.0359637101638531 0.0274169905108066 0.0843282567621948
0.101976951061878 0.0221038720988031 -0.0140132511459013 0.106240007323953
0.0503659649714991 0.107412286016825 -0.0861496522110962 0.0874432244397652
-0.0449696653993299 0.131584978593371 -0.121455233780945 0.0363397719545293
-0.108326822598513 0.102132695489874 -0.102238265958984 0.0327982536080721
-0.115312321799737 0.0782584915343036 -0.0404201109072949 0.00707391398299527
-0.0567340723415689 0.122172766124114 0.0829203551500787 0.00611067499457595
0.0276566662963376 0.104899440026599 0.0572293086334084 -0.101481665922254
0.0937177223027657 0.0350306841753772 -0.0479359833433398 -0.12175079308857
0.0918304887769308 -0.0262448824691738 -0.106464086689563 -0.031850615619038
0.0576508669592137 -0.0701872438187899 -0.0748249493433902 0.0275613501455971
0.00883374384339745 -0.0818473555280268 -0.0325260060072907 0.0340175825658973
-0.00108393309205337 -0.079843186605137 4.92682641830208E-05 0.0314738525441714
-0.000485908348792677 -0.0814892055888272 0.027428237944748 0.0235427250552518
0.0440710657745318 -0.0924883225240315 0.0543083158880086 0.0331954702555679
0.100526523767486 -0.0540605932996911 0.0606680827834493 0.061445321673048
0.124476311758791 0.00890306486634156 0.0241503260840471 0.106811163587755
0.0723265264030018 0.119220522894059 -0.0520572308878651 0.0993040849155272
-0.0456930926961266 0.152538537392594 -0.0948808921687742 0.0352421760887297
-0.123632374078147 0.115172822456096 -0.0559667060940785 0.00871592785624073
-0.134145047532295 0.0668303108816937 0.0158333565698325 -0.0191984363609087
-0.0891212588702205 0.13276039063903 0.111268339460489 -0.0060130360060973
0.0120589984915819 0.132953267329102 0.0880419929196364 -0.0927205020101529
0.105790739704499 0.0575433966414344 -0.00863008633930495 -0.120881819949101
0.1076992939505 -0.0237304279360972 -0.0691407682017222 -0.0519979346511309
0.0679767946996998 -0.0765297148457453 -0.0543360851366117 -0.00857081135427037
0.0114891474142743 -0.0911073554391014 -0.0271524080446572 -0.00422853186541047
-0.00332244034457238 -0.0858232009561839 -0.000947094295426779 -0.00169776122612398
-0.0035529214248938 -0.0832342837118935 0.0273310333476216 -0.0114844937209232
0.0390817131358721 -0.094172294352985 0.0635598092389649 -0.000990389551312171
0.0953470764897198 -0.0613511481427745 0.0841120709826336 0.0321730831178239
0.124766576768038 -0.00184128016519576 0.0551971416295626 0.0957819760869985
0.077847196252226 0.113574545595064 -0.0214243532495237 0.0991257607284012
-0.0435785192986239 0.148228470695514 -0.0710436915046857 0.0277716738395265
-0.12254496961014 0.107862867387994 -0.0100172294581697 -0.0181943753661959
-0.127235275856504 0.0440563301857923 0.0772761188860216 -0.0409759130907856
-0.103296018073476 0.112604882081796 0.138380105645165 -0.0169675868284328
-0.00877417766007732 0.13117339628482 0.113122676767532 -0.0765118214746952
0.0932219775085636 0.068400313598824 0.0290773021865932 -0.105735853333822
0.101769163505377 -0.0153683049446759 -0.0252138973374788 -0.0649615000691206
0.0651606608665542 -0.0673458939608213 -0.028927737763359 -0.0444531754550136
0.0116846220063333 -0.0840416025963476 -0.0209406477585568 -0.0416884983747471
-0.00508335458310104 -0.0779051543931016 -0.00194770874333368 -0.0339631360461013
-0.00577915732973605 -0.0735099738095701 0.0257941305619822 -0.0427568441940774
0.0312250792878532 -0.0814005079851355 0.0676024651007444 -0.0323236645393961
0.0806925425914977 -0.0549031866892325 0.098335570994895 0.00618152794459188
0.108855783808171 -0.0025831531906435 0.0749257000746197 0.0809136820844459
0.0652374632029817 0.100475462701554 0.000667051840622237 0.0916429094367092
-0.0459276086815526 0.12319329914197 -0.0514987391068409 0.018256394736346
-0.110348336505916 0.0822822181435817 0.0302252005976338 -0.0400840667586448
-0.094336263566314 0.0152851377066308 0.129810513620568 -0.0558788517050644
-0.0908397597997242 0.0706462407265441 0.157686898343174 -0.0255514901610544
-0.0206500005927393 0.0982240243352834 0.1266925135877 -0.0598231797432048
0.0630668674777081 0.057459301366675 0.0565618770638703 -0.0854443542210176
0.0745887987365725 -0.00815255440319706 0.0112366657861771 -0.0718128199384782
0.0483876568905138 -0.0476973310994089 -0.00720144409888265 -0.0724412751021043
0.00931425895701098 -0.0623146019003194 -0.0154515102584525 -0.0714467100483618
-0.00503724407831944 -0.0582649933580046 -0.00305512309864164 -0.0600046032468163
-0.00503436896666161 -0.0546352588840002 0.0250253971280986 -0.067028356205671
0.0227687271953753 -0.0601096652543946 0.0693174290264461 -0.0553230895727264
0.0603696505702433 -0.0417682266771974 0.107339970832474 -0.0111112628238344
0.0836651094464339 0.00174555067485465 0.0854828189969303 0.0701732964114067
0.0420895684109841 0.0820030892331631 0.0128401760097598 0.0846479619320562
-0.0476057876323757 0.0864522031980557 -0.0369120278392274 0.011266775341448
-0.0884707475833351 0.0433173735305272 0.0620419800574423 -0.0522359082681113
-0.0427990285923202 -0.0155558261294134 0.160778557888496 -0.0648608449225097
-0.0543892014141241 0.0177354103195483 0.162739209553697 -0.0334939659301683
-0.0196153131021853 0.0451216952710244 0.131292163545497 -0.0512325831580121
0.0248523762536934 0.0288702658262099 0.069145780250569 -0.0741410552798603
0.0316588211885591 -0.00327904871303132 0.0302012322383502 -0.0766811769366549
0.0214009418769113 -0.0197624383488939 0.00265794151790873 -0.0896909405342772
0.00439867624955655 -0.0289186761493027 -0.0126525104553257 -0.0882168505174767
-0.00366843678172408 -0.0295821193957897 -0.00387231733580609 -0.0756879317439084
-0.0035744341023409 -0.0290925114258143 0.0250901389266334 -0.081996416558088
0.0123143847992674 -0.0344946173332515 0.071707382971635 -0.0692006906388107
0.0349401077443741 -0.0262949382096386 0.114909734345255 -0.0202504450225434
0.0533738149075444 0.00647790008332465 0.0910955679990197 0.0661824433409206
0.0166948965709623 0.0583160817794572 0.0180148485267795 0.0811488564271278
-0.0437009313079201 0.0422312951635938 -0.0277712319245489 0.00962008172587999
-0.0559360848542158 0.00059745920728608 0.0834601660581877 -0.0530368438488248
0.0102487158737304 0.029668267334421 -0.101857835598839 0.0695576183755707
0.0220201943894832 -0.00950354465149516 0.0409936770536441 0.0261846977219106
-0.000740132101271521 -0.0192610053165653 0.00181121914625 -0.0889654566869325
-0.0145918514065405 0.000674297327405878 -0.0950210058592802 -0.084589268620956
-0.00064090566836861 0.00987023648279093 -0.134944211268196 0.0115671546401635
0.00480975458326699 0.00294811236281688 -0.0860028803612613 0.0855383603200542
0.00281492799300341 0.00144402421162898 -0.0295392731862473 0.0974014279524221
0.00396209135275278 -0.00590419380204946 0.00290904867335782 0.0898662135194191
0.000636008638269818 -0.00802003860463768 0.01713176533891 0.0915578592399079
0.0054851435498201 -0.0116438533234449 0.00316770732993483 0.0958921061534187
0.0149803540689989 -0.00317161440849876 -0.0304123399498189 0.0909123314597323
0.013300678329804 0.00309682115781149 -0.0691614554917296 0.0735398744487206
0.0160113989182503 0.0168144834875303 -0.127913536811107 0.0452300959915686
0.00902500847056572 0.0323869363777713 -0.165994277051976 0.0191710839433917
-0.0187775480989212 0.0397184480430587 -0.168781259973043 0.0541966040857163
-0.0335706695452154 0.0569888910577691 -0.101490772406798 0.0553147851365276
0.00574654575685223 0.0388973850095261 0.0452823132465774 0.0237517950421718
0.0173170220672806 0.0164527595702802 0.0102000452243503 -0.0943439135726856
0.0235162229554131 0.0034801962215673 -0.0909682253672617 -0.0963790380467203
0.030005902273996 -0.00628562383482648 -0.136059260843005 0.00314327129219783
0.0210943442035204 -0.0254983936865408 -0.0889443312191644 0.0763513672506219
0.0031674851954928 -0.0299971727896809 -0.0327361859757221 0.0880009238235389
0.00338250032570562 -0.0372831967681752 0.0020873989100745 0.0810636028019078
0.00370349298753442 -0.0419162522539509 0.0216296000911135 0.0799449711443485
0.0305162930421619 -0.0464994597261663 0.0192360032754431 0.0878394706955687
0.0605085205285114 -0.0161056494081126 -0.00827564445154152 0.0941485895355784
0.0606092135799027 0.0232789529892623 -0.0493676036081685 0.0914182303503401
0.0254806374623582 0.0723330311553392 -0.113300893133428 0.0642228486314635
-0.0299795194138534 0.087183369331445 -0.146004432768716 0.0279136003571123
-0.0740882012308421 0.0716925331180978 -0.142797612055025 0.0477798641419304
-0.0790033767388786 0.0738649332195446 -0.0807437019871435 0.0322840127058857
-0.0217355290793765 0.0861994297508767 0.0601404008643008 0.017161377766828
0.0277720690383068 0.0603011862971649 0.0306335705619552 -0.0990846898914553
0.0616298433142518 0.015527757858682 -0.0747697034775435 -0.111711476498314
0.0620350457575515 -0.0195612045409387 -0.127770863117017 -0.0127541221141779
0.0401472184457161 -0.051107357334566 -0.0859081500283552 0.0559264834227576
0.00544075661160441 -0.0595278421199789 -0.0351668075083645 0.0654202333288208
0.00126646033842848 -0.062995735922197 0.00109107676163558 0.060461266872214
0.00317820967998031 -0.0672334872626353 0.0256457632523893 0.0559623364339192
0.0431749295787316 -0.0753382918390729 0.0390110159413716 0.06536636411712
0.0895761937582656 -0.0364992772568535 0.0265632303587757 0.0852922169853839
0.100652240167149 0.0222723395746927 -0.014940191805783 0.105848839457595
0.0493248212813373 0.10773470885046 -0.0872597116489223 0.085483571984386
-0.0464327128424736 0.131047186694924 -0.121367351063481 0.0344375231823699
-0.11002481455241 0.0988598991096194 -0.102619078991722 0.0320434649626472
-0.116770600953221 0.0763743929606546 -0.0399610539213421 0.00697529843719787
-0.0573543629501017 0.121329189486517 0.0842453107176334 0.00753693656817916
0.0257920473962204 0.104462270087449 0.0595393138386508 -0.0992433643525038
0.0926417636965827 0.0359732245986894 -0.0453815476999058 -0.122105423020045
0.0912415773938559 -0.0258515959261647 -0.104544116386716 -0.0335855423179754
0.0576648854968152 -0.0700411594086297 -0.0747810443681811 0.0262014732257592
0.00864867000947408 -0.080928733192034 -0.0333443484291082 0.0333356439852327
-0.00112387685371876 -0.0799578717119149 0.00034833671217209 0.0312805709470492
0.000244588663971295 -0.081298452753713 0.0280461114125049 0.023676776807448
0.0444374246400829 -0.0919971523123356 0.0551285834349267 0.0337507936165196
0.100397356330244 -0.0541887690797443 0.0595438735341559 0.062474316477232
0.123280693556247 0.00915129402215768 0.0235567851141617 0.106597156909734
0.0715468395777807 0.119114393065503 -0.0535041673634862 0.0977365563662525
-0.0474868693250993 0.152224230157151 -0.0949858081884897 0.0335021673685983
-0.124945042021089 0.112052896228873 -0.0560545123228503 0.00860616630487484
-0.135704726041904 0.0644360217485183 0.0170701834580447 -0.0189945432005339
-0.0893594324042284 0.13165677178004 0.111984260222551 -0.00397078895019897
0.0102503619542054 0.13280606669877 0.089754607049924 -0.0897359214416229
0.104385400551178 0.0579220278769831 -0.00649406378271367 -0.119878935559219
0.107271221786867 -0.0227811411517873 -0.0666490906038445 -0.0532383340440327
0.0678625194365013 -0.0756261379285313 -0.0543967710138221 -0.0100828194983325
0.0116571587817121 -0.0901685885261748 -0.0281783940315436 -0.00477236591473875
-0.0032923748158292 -0.0852222856237661 -0.000462181154249806 -0.00176085635798202
-0.00328450577917456 -0.0825415289800311 0.027911273228945 -0.0102590064790759
0.0393774669368454 -0.0932278150420636 0.0643298210696677 -0.00133201793422712
0.0950127067227869 -0.0611887552050583 0.0835792949268428 0.0330610032470329
0.123332417921377 -0.00111614426167146 0.0547680614029237 0.0954960226938721
0.0769501935635511 0.113823595429945 -0.0235727716141833 0.0977121602731472
-0.0451830315830867 0.147825488503534 -0.0716433547924753 0.026293033676563
-0.124175414087237 0.105264030922561 -0.0105612781126185 -0.0171812224622662
-0.128104569291833 0.0421643792351384 0.0782090300764142 -0.0394999411636102
-0.103562308741706 0.111082856666622 0.138834313057232 -0.0146538290383246
-0.0102192550216378 0.130760670070981 0.113997733792001 -0.0734309311002708
0.0921086377756011 0.0685951549582748 0.0311944424784952 -0.104623660896325
0.101727546780513 -0.0147643360047449 -0.0229422903542393 -0.0651547674743932
0.0655851974949961 -0.0670419380095363 -0.0288561738126786 -0.0450351134838703
0.0123586155253851 -0.0831110900578868 -0.0221519026865411 -0.0413996043456019
-0.0051138733722828 -0.0774890006797325 -0.0016557815525902 -0.0339273748749746
-0.00548135736840388 -0.0726649135895309 0.0264412698375553 -0.0418296494580484
0.0316478570690149 -0.0808308443701338 0.0677920872883852 -0.031711353026175
0.0804448363134275 -0.0548622148604169 0.098004660941046 0.00773717290228995
0.10765524838093 -0.00267847087346098 0.0739725637321693 0.080899410063576
0.0637069852400521 0.100021463810616 -0.00123365836464073 0.0905346066744631
-0.0465495966031934 0.122306705827165 -0.0515952597390075 0.0169846231467539
-0.111122770051842 0.0798448199670944 0.0294587425061383 -0.0389088060646964
-0.0945381822408427 0.0136362851265231 0.130704009009828 -0.0539642924444255
-0.0908309130527018 0.0693980566421353 0.157634125014137 -0.0228655505827343
-0.0216442460732442 0.097749234221215 0.127417389676696 -0.0570582501095
0.0625537758814589 0.057378781423094 0.0582229325728005 -0.0837134555220267
0.0739002725080657 -0.00763079980066366 0.0139401361484679 -0.071712589719633
0.0488753064143898 -0.0466334560681062 -0.00730040949600535 -0.0730612186947834
0.00943992506263008 -0.0616969455987463 -0.0161300009487808 -0.0710598732307515
-0.00500169216843874 -0.0579812487945617 -0.00283107086433079 -0.0596064295486788
-0.00482199659024428 -0.0542594713233552 0.0255050955361139 -0.0661461315261514
0.0233240987189641 -0.059997606949854 0.0696241086765191 -0.0546241424836827
0.0602845078708198 -0.0416943226119275 0.106448065055899 -0.0102673903073052
0.0826231190344548 0.00199304365022031 0.0844538349386158 0.0703133102648323
0.0408542414172575 0.0821510881462696 0.0111647006266811 0.0835843109680997
-0.0484886597808421 0.0854864046217205 -0.0373431060964517 0.0111453648108634
-0.0885150648137822 0.0419190745822924 0.060798423609382 -0.0508939078483719
-0.0424088776312614 -0.015614097113223 0.162330833482279 -0.061620462169821
-0.0542319211327347 0.0170655081421518 0.162166096421812 -0.0300420651826893
-0.0197630919638697 0.0447221711892114 0.131577706629992 -0.0485286160896958
0.0249163136956457 0.0286011250929018 0.0708391872825516 -0.071459069007148
0.0318674839683588 -0.00309056122796376 0.0321142473725208 -0.0767633840264836
0.0217639136331986 -0.0188445831687845 0.00197069310675415 -0.08950152909907
0.00456134518812196 -0.0286686296917818 -0.0139918707295449 -0.0880720894905836
-0.0037757880253819 -0.0291986144726329 -0.00330642981428121 -0.0752353688767556
-0.00297319125923768 -0.0285532214966333 0.0252428752856202 -0.0810857529856125
0.0125247193751444 -0.0341126120219204 0.0723395127978639 -0.0683442878391591
0.0351793201203066 -0.0254742937685612 0.114544521926109 -0.0191786646995438
0.0519846271951663 0.00677746136111552 0.09035966730394 0.0663804687341377
0.0157303310846822 0.0576373729695442 0.0159471877988905 0.0803263610377258
-0.0444796052123518 0.0417137248083322 -0.0280447144639261 0.00916329499321982
-0.056101507823501 -0.000431677536001756 0.0822550485775792 -0.0512498255987879
0.0248805248524769 0.0197031452812981 -0.0381005028263388 0.117003321314185
0.0123043853347759 -0.0202670314545917 0.0505034401890508 -0.00537835212383935
-0.0121575135405054 -0.015832316864016 -0.0516935008711084 -0.0740167833132634
-0.0120152691988751 0.00865166287297202 -0.129250485156279 -0.011523275246894
0.00547856149134558 0.00858434480276826 -0.10209763623326 0.0911938411272269
0.00609114242146037 -0.000504758816655319 -0.0173992534094516 0.120635911500522
0.00382945011045958 -0.00106140809828067 0.0363030409212277 0.0964870954584495
-0.000227582190887476 -0.00747425552621772 0.0571499077072386 0.0702814608803734
-0.00414145282803023 -0.00709998292632111 0.0705754730819278 0.0630097932243872
-0.00255592321274255 -0.0128404680231279 0.0618060913523682 0.0761739745690263
0.0110504477077007 -0.0119426441774562 0.0306802669984485 0.093204770496911
0.0139132964898262 -0.00474026139222764 -0.0127187812044846 0.10233119073785
0.0236863162828092 0.00629522303610223 -0.0770553466785763 0.115886075218846
0.0254622076929868 0.0228120890338377 -0.123760807601994 0.119897612005808
0.0064238444087522 0.0464814076353887 -0.106371766326094 0.148493254828799
0.0031871228336846 0.0670358058689258 -0.0443083149331448 0.10757951509091
0.0262631198724924 0.0275261216930338 0.0541499853695232 -0.00814432686161613
0.0228356309232577 0.00288245457932136 -0.0454380229719977 -0.0836829492584334
0.0196390172991973 -0.0096645181477901 -0.131757561582951 -0.0250400100568481
0.0205810517718499 -0.0222520803414145 -0.1076256334521 0.0836461972352925
0.00217363856313596 -0.0334085469270518 -0.0248481774739701 0.114283576651084
-0.0150961932349449 -0.0261998167890688 0.0265628335493911 0.09102603789669
-0.020645001947856 -0.0319558723560189 0.051251184293235 0.0640284834154791
-0.0224145270549875 -0.0363961926918982 0.0678198332394813 0.0504378852731931
-0.00326316072273248 -0.0571568429387877 0.0702107354393355 0.0601059536712271
0.0405895433446376 -0.050771880099192 0.050804252775767 0.0819084314704627
0.065102647562137 -0.0166108896601545 0.0141303950021016 0.104173156089552
0.0674274020548832 0.047248971580526 -0.054180742162451 0.121295198612399
0.0280141739954408 0.092929078718627 -0.104171646218929 0.114067461494263
-0.0198324857390211 0.10815350186316 -0.088924740790087 0.124201323303325
-0.0253255488348566 0.106069500094147 -0.0393817063183411 0.0791697516434163
0.0310002016816209 0.0811024193278909 0.0626314259782862 -0.0197224609012781
0.0569994740849323 0.0329215805000566 -0.0294005804303636 -0.098959354755587
0.0566383799726058 -0.0217178078234121 -0.126138560869073 -0.0488087806285059
0.0389502678035029 -0.051621735665152 -0.111125751524206 0.0637941290071333
0.00184029061040168 -0.0649501922301157 -0.0351871473701575 0.0954924187844308
-0.0305282862639298 -0.0506788556185452 0.0111474301326321 0.0740159988356444
-0.0376801016989728 -0.0519345299883585 0.0376811772399051 0.0481657522169417
-0.0385373725904609 -0.0573825822470672 0.0568619746156098 0.0292284234090458
-0.0109830288100655 -0.0887312632639877 0.0727657734634033 0.0298863125177743
0.0521213296705321 -0.0857217692172745 0.0733157712769308 0.0526658774796226
0.0982392687345126 -0.0423728027135333 0.0509517938487565 0.0949124369892587
0.110271206763008 0.0619668500216511 -0.0202134004292129 0.122055674569113
0.042743169653073 0.140195751471191 -0.0813336725377622 0.103145148975439
-0.0329233897735484 0.15273901266088 -0.0656705206428887 0.0844632941914977
-0.0556924564475371 0.129332696227233 -0.0207578600185391 0.0362003987659223
0.0225520893485753 0.128761068706956 0.0762329371854863 -0.0395922598357773
0.0809544506385413 0.0699329144808797 -0.0035457984854282 -0.114770112697855
0.0931814529371709 -0.0229242210104728 -0.106915920724895 -0.0755707865542657
0.0583262461448548 -0.0734162427270425 -0.104046182747302 0.0329809555740078
0.00473308198789653 -0.0899901821335341 -0.0440710083775505 0.0632915881118835
-0.0407718865125759 -0.0698026716869771 -0.00789718684163473 0.0470019604958218
-0.0497690501522861 -0.0642985704757908 0.0194529571894472 0.0248198374836888
-0.0498635768532827 -0.0666442239501744 0.0390967056422051 0.00193438522001061
-0.0203596007786595 -0.102977064522126 0.0663481026878971 -0.00681208700705424
0.0495475773867168 -0.107662691188972 0.0854671859309945 0.0138461011806086
0.108153093725124 -0.0669495019630108 0.0832839774836276 0.0720598363029297
0.137007880608397 0.0573028344581123 0.014524955502961 0.111311709821807
0.0561816546905728 0.158091602890335 -0.0612503823887043 0.0856446642704085
-0.036608008583006 0.173448424005646 -0.0419919134076623 0.0351196114280421
-0.077632873835566 0.129806514030764 0.00855038611028272 -0.0169710153200291
0.00280897805938392 0.154812721474148 0.0909215928763172 -0.0646368255613348
0.0842646010058119 0.101557033018862 0.0272444479114818 -0.123685478334794
0.11575219570378 -0.0121836419911248 -0.0716935043539888 -0.0970083044255781
0.0730390729153979 -0.0802721102320821 -0.0845965803733223 -0.0059828090261814
0.00963699261601686 -0.100991786933688 -0.0497322123625155 0.0214104612545488
-0.043992924903681 -0.0784423106884775 -0.0278181625972744 0.0131969369412979
-0.0547697195901131 -0.0671806966456908 -0.00128007777005487 -0.00144181406967635
-0.0532501834165019 -0.0655080491205604 0.0172543556983239 -0.0253751720254044
-0.0254023800612586 -0.100771539155517 0.0526114256471978 -0.0404116064085464
0.040625642807274 -0.110303391828509 0.0869492376739632 -0.0241119105280737
0.10225115899238 -0.07635877368891 0.102484983680884 0.0435253439387158
0.137838304715415 0.0489124674077051 0.0389750436608728 0.091942476787525
0.0552035028585415 0.152300363018888 -0.0466330978911562 0.064754023931664
-0.0389547792512484 0.166136675699681 -0.0210554916836072 -0.0146345672819886
-0.0838955461940954 0.106486430790989 0.0441433655758782 -0.0712816828086567
-0.0201885457457082 0.146845421161543 0.105109046077833 -0.0893165752574419
0.0668526814808847 0.111185037291029 0.0560342361170926 -0.123808144266241
0.111865214497991 0.00289599446455856 -0.0307069476163233 -0.106259485689995
0.0734640005169006 -0.0705850618321989 -0.0564022437394825 -0.0424753290122167
0.013037806369764 -0.0923418265516217 -0.0507848493787179 -0.0211111863608745
-0.0398481490653545 -0.0730144487972227 -0.0453248182160034 -0.0203710678260219
-0.0514676476209686 -0.0598666978010588 -0.0218324092151016 -0.0260061241750891
-0.0485707349297863 -0.0566172739062977 -0.00322678082781229 -0.0496361957578272
-0.0239480792169651 -0.0861788269764327 0.0363281732089661 -0.067955231669111
0.0327851391010306 -0.0957719762743259 0.0823476312551013 -0.0534475739158972
0.0880975560525067 -0.0675765212269633 0.109374850725094 0.0199894591966737
0.118560070742885 0.0453962739465782 0.0528126430142059 0.0730229152655003
0.0378547390868025 0.131964551352092 -0.0355754552860693 0.0455104386377709
-0.0429755248532017 0.136525527133755 -0.00170598694971716 -0.0559730405764657
-0.0715368587747828 0.0638585200660717 0.0761524990378836 -0.115925528851684
-0.0334731323347624 0.105589342451594 0.113904673050542 -0.107733895474834
0.0391649088381254 0.0904615379427224 0.0754744465881593 -0.118161949798813
0.0819244486098985 0.0104005029515409 0.00281218007171241 -0.104541249273202
0.0548575028658218 -0.0488373854528977 -0.0301955224155509 -0.0687472802919928
0.0116747326633792 -0.0663931428623585 -0.0509456321433898 -0.056155326850458
-0.0293893437020991 -0.0540428839647837 -0.0588002432808052 -0.0475761753723862
-0.0395154433529905 -0.0435459393239753 -0.0381819254371133 -0.0464445184554269
-0.0372730768252278 -0.041922245009567 -0.0193464566330448 -0.0686749031996535
-0.0183366191605606 -0.0637740562133607 0.0240085178406385 -0.0867120283569918
0.0238918990223143 -0.0719895755861914 0.0795065382698318 -0.0731654285698189
0.0700042546377461 -0.0480732049831803 0.111718488067992 0.00505926584371493
0.0876781390359014 0.0438921808534648 0.0593191717979969 0.0588639693771341
0.0129197601719358 0.102252355817127 -0.0265091674855329 0.0313192124945169
-0.0475288887373259 0.0904167743828677 0.0177767549895122 -0.0842985810230251
-0.0439277554981064 0.010052354664535 0.0941447587772871 -0.144839613087015
-0.0339203310094138 0.0426470196780307 0.112549869341994 -0.11888352240111
0.0104460990157177 0.0459675302825699 0.0810281168934674 -0.115820778861421
0.0359228717684925 0.00820640638383673 0.0181252648086873 -0.101846877957816
0.0233051718664394 -0.0208069071158863 -0.0185732700758745 -0.0829395135664464
0.00615426948761414 -0.028184060766233 -0.0533578627217392 -0.0739940663442406
-0.0139666899322139 -0.0250270129380137 -0.0670880669518756 -0.0622633580300383
-0.0209781630314774 -0.021125516594165 -0.0486362162939631 -0.0583335205538329
-0.0202539841481845 -0.0222130453785996 -0.0282652677080564 -0.0805815866544883
-0.0110008174799123 -0.0362561920209887 0.0173095040910094 -0.0992246448904973
0.0134956757434435 -0.0431344900226412 0.0801450790362248 -0.0850699963648839
0.0480080569659485 -0.0262776941427071 0.11348251472651 -0.00155469285610195
0.0503208359184516 0.0395083740749986 0.0618604346594102 0.0542979987453122
-0.0110084959500007 0.063061804038378 -0.018872443408081 0.0246860660263889
-0.0464343677178833 0.0344569208356882 0.0360112265285817 -0.0955494100044894
0.0261538899938013 0.0197128200048885 -0.0358208444197669 0.120735970148847
0.0118608162551291 -0.0211454480044122 0.0530679246289718 -0.00737924204320386
-0.0129190193953929 -0.0156806952781054 -0.0544700287620917 -0.07579258722487
-0.0123574102011963 0.00944293841988905 -0.132349981274109 -0.00849224594804034
0.00519352959375127 0.00863631726971978 -0.102433444717668 0.0965786930443554
0.00590205131077761 -0.00060395440976429 -0.0141716402225261 0.124030686043925
0.0041402698636992 -0.00117504008856152 0.0401768261583538 0.0966898016661587
-0.000833078171236242 -0.00804479153631073 0.061113053405051 0.0698428674191761
-0.0048476985318492 -0.00688969873847944 0.0748621669140268 0.0619047961064924
-0.00296337871286846 -0.0135512253031776 0.0666090706158816 0.0766916947498163
0.0107799204468525 -0.0124899955313647 0.0342647603188821 0.0949589245277913
0.0144571305957175 -0.00494569927073412 -0.0121292729923088 0.104943779536174
0.0245009541749356 0.00544529085646552 -0.0779151158825924 0.121032343922151
0.0262652592949542 0.0228452623208959 -0.123864397233622 0.125050919424218
0.00684579983558204 0.0484479491734828 -0.106043056569509 0.153478503424434
0.00468645736022339 0.0687758201009842 -0.0418781115954788 0.111326054906456
0.0276618195796924 0.0274162220024018 0.0564234542969817 -0.0102086254258678
0.0231684837079189 0.00273625245785566 -0.0475081009661388 -0.0848058447375109
0.0194224632393832 -0.0102903769833248 -0.135422397413915 -0.0224989007031453
0.0199795129522961 -0.0237311048252858 -0.108406044835012 0.0883488943952546
0.000754608547653981 -0.0340654605398884 -0.0224506321720636 0.117211796523568
-0.0159624583209529 -0.0263425213527804 0.0303524456292931 0.0917174714810853
-0.0225242574828907 -0.0322289995970469 0.0548575172435536 0.0630076217616078
-0.0243990527514515 -0.0368383498648978 0.0712961992292973 0.0492413181953909
-0.00532458768952155 -0.0588307780678111 0.074328804050688 0.0588993123933521
0.039637141322064 -0.0539032963803313 0.054753912000419 0.0827032189531292
0.0660258852059907 -0.0186848453687314 0.0160110810840073 0.105960208407293
0.0703649301202436 0.0466520308214613 -0.0543090269499327 0.126292485160757
0.0306751257245984 0.0948378213841 -0.104280232501278 0.118911320016375
-0.019466418452541 0.112133318225241 -0.0878181562199727 0.128728300595094
-0.0240247648806574 0.110035513276089 -0.037460234222948 0.0821595785226828
0.0337236399333304 0.0819193299359956 0.0649465038247722 -0.0228240097598258
0.0589133397151323 0.0322617094997749 -0.0307792011516467 -0.100542740499962
0.0567878588584449 -0.0233659141940909 -0.130353016842945 -0.0470068910389366
0.0378787990212298 -0.0540699532195551 -0.111546845357523 0.0684243080640649
-0.00052489268451719 -0.066650562369283 -0.0337877735937449 0.0978861446067049
-0.0328060805219752 -0.0505713965459977 0.0134930450262077 0.0756393152754221
-0.0404770349700609 -0.0518632467091758 0.0404847449770184 0.0474014854150286
-0.0414350792144974 -0.0573385034797229 0.0598373627526065 0.0273496787830797
-0.0145333612623437 -0.090793919493185 0.0760736158762401 0.0272030268690546
0.0503820625089647 -0.0898743007948251 0.0770897895029393 0.0533119661000375
0.0989361708771941 -0.0459309443219611 0.0538752851357328 0.095528366274661
0.115018304237899 0.060736225199207 -0.0189350249329092 0.125624535629194
0.0471556112553826 0.142749233507665 -0.0809852289778848 0.106826426392306
-0.0319646550292784 0.157926308044762 -0.0649050795077981 0.088547555345321
-0.0551748380087515 0.134634221943229 -0.0203053961157576 0.0375681464840693
0.0263337393767267 0.131450184080415 0.0781854073340368 -0.0434791431465687
0.0844141413768651 0.0699185216759268 -0.00496245408907008 -0.117408266981679
0.0948711867002274 -0.0261045215664302 -0.110529232096476 -0.0746324778622295
0.0575385111422744 -0.0772407926356318 -0.10540531321495 0.0357312232795086
0.00191184369943597 -0.0926788066625051 -0.044550859780889 0.0657177211737778
-0.0442472050088098 -0.0697063156755354 -0.00751076312236703 0.0489762683740946
-0.0530657968961594 -0.0640481705928465 0.0207822098597153 0.0244389174502508
-0.0527410939547279 -0.0659097819111088 0.0409946129191936 0.000717871743115844
-0.0245925022629383 -0.105007908746552 0.0682965637342453 -0.00958097995147185
0.0465197087565945 -0.112442310741447 0.0887055501100467 0.0121526793375892
0.108892620898963 -0.0714440915756264 0.0873372668352017 0.0703334468813457
0.141463914490012 0.0547116149314291 0.0165142114860148 0.114130931943868
0.0618905074276697 0.160407410586549 -0.0610798432096 0.0886991419284791
-0.0350449768353453 0.178513282883311 -0.0418275786913345 0.0372344607763267
-0.0776423995142088 0.135160348271745 0.00906889181097218 -0.0179429483169768
0.00693589559937457 0.158566308382273 0.0927991449370739 -0.0689639292175835
0.0895015930993299 0.102450881914564 0.0270627181144053 -0.127104316836876
0.117756631496586 -0.0152295632239049 -0.0750117886908668 -0.0983038985958353
0.072185911937389 -0.0846033872073014 -0.0864506069666259 -0.00490395880855161
0.00707829364369483 -0.103749517324092 -0.0512620686656353 0.0232716170792988
-0.0476247236748577 -0.0786698556716079 -0.0285761826661594 0.0155048895871585
-0.0583082766446867 -0.0662028435424654 -0.0012871992039537 -0.00133840745184288
-0.0565541688659003 -0.0648685171881243 0.0182309527643577 -0.0265225587580117
-0.0294121116455706 -0.102599480245582 0.0528544074346512 -0.0437667645664418
0.0380742186420755 -0.114207511813207 0.0889066327414164 -0.0268131715965883
0.101701422946116 -0.0802994028252029 0.105811016604852 0.0413925099300018
0.142381468227426 0.0461089475765684 0.0417332506373276 0.0935720487225275
0.0602815012942729 0.155259642029413 -0.0463338050527932 0.0669282273899633
-0.0372076209673993 0.17075995300711 -0.0217006102262994 -0.0132752071259944
-0.0843024777019601 0.11159702973608 0.04454154715569 -0.0742225445561634
-0.0169962824164038 0.150384306591794 0.105980435042417 -0.0937833891292895
0.0715104957817867 0.112459822354196 0.055839283190271 -0.127425319134946
0.114282829838691 -1.64114849522884E-07 -0.0333202344488487 -0.108044089571893
0.0728886267803305 -0.0747153926874909 -0.0582216521638897 -0.0430977322997149
0.0103714751702662 -0.0955342536138044 -0.0533324100938714 -0.020368238359045
-0.0432282377014047 -0.0731187335630992 -0.0478424988548181 -0.0181474546931461
-0.054337907667717 -0.0588152074779063 -0.0227657153556876 -0.0263655615608963
-0.0515674331683883 -0.0560184563077178 -0.00421437470775928 -0.0507943606450825
-0.0271989852296672 -0.087414275020496 0.0354246433065392 -0.0711423602674683
0.0300580486710478 -0.0987141748863783 0.0837323894985024 -0.0575586677763459
0.0874617153713689 -0.0705401995211069 0.113022507759655 0.0170646158134214
0.122374632588032 0.0427940748603566 0.0551310458064723 0.0735189926198783
0.0423744324918944 0.13434638820549 -0.0359841401676709 0.0472668723082706
-0.0420100295173897 0.140339928980992 -0.00295236017203697 -0.0561309919523631
-0.0721398616711738 0.0676472492053137 0.0761045320044157 -0.120574514833816
-0.0314808291253356 0.108782574488907 0.11450993627884 -0.112518990754924
0.0426485913804492 0.0916248396888744 0.0757048025609144 -0.122702400527762
0.0843789897351567 0.00845867199530918 0.00180069020851166 -0.107462983129522
0.0547911511838933 -0.0522571061870423 -0.032074070155476 -0.0710979733670535
0.00974867263129086 -0.068365977336432 -0.0545442154049003 -0.0556870450882387
-0.0315076263104197 -0.0541598446250205 -0.062009891857727 -0.0455902243988508
-0.0416197530961981 -0.0429575015055319 -0.0405156302189001 -0.0460668698322279
-0.0389982582358894 -0.0410466211383471 -0.0217990797729002 -0.0694707798761521
-0.0203841350817083 -0.0645321502719625 0.0218407493990815 -0.0904225394010127
0.022474354713142 -0.0739191722628048 0.0792438081597298 -0.0768547383958842
0.0695561328056857 -0.0509670502127212 0.114378379895761 0.00231666015278203
0.0905652462708635 0.0424195412148101 0.0610729512334605 0.0592836799051228
0.015838220251204 0.104501177217766 -0.0265350647081225 0.0329473082719848
-0.0471073434108648 0.0933433997250833 0.0160405202394547 -0.0850120931605423
-0.0444506126697112 0.0115419597327001 0.0942403639745539 -0.151090043157443
-0.0333126854087414 0.0450198517361786 0.112294752726092 -0.123671056002462
0.0118478861272491 0.0467119973725869 0.0812406221198274 -0.119833132001226
0.0366856459492432 0.0070612191829717 0.0177967966672216 -0.104770987691797
0.0231852262243533 -0.022132214552598 -0.0199674554893779 -0.0857777261534568
0.00586019497907766 -0.0292934504726946 -0.0574774769704286 -0.0737344784583657
-0.0145653084180989 -0.0249767619408001 -0.070492201392555 -0.0600296235067761
-0.0224219586245105 -0.0207878667479556 -0.0518389711009903 -0.057599845114827
-0.0211412753791163 -0.022345610178687 -0.0314853860563205 -0.0816563001835549
-0.0125645004771491 -0.0370266588776145 0.0148115512227916 -0.102086958033908
0.0133089426817609 -0.0438924503864499 0.0797499622969388 -0.0886335033685938
0.0483168043510135 -0.0279061107778933 0.116310727010346 -0.0048647645765236
0.0531167930790191 0.0387723745415238 0.0637624304231055 0.0542966238537141
-0.0101497209080692 0.0649488223070291 -0.0187234517111699 0.0261505400073268
-0.0463651040258554 0.0360133952135117 0.0338237346586728 -0.0971457562586977
0.0269492932816041 0.0183119010833134 -0.0293079714443817 0.123365572957576
0.0105335118693444 -0.0216821956814171 0.0543462290666194 -0.0115684279030312
-0.014109688248878 -0.0148352409018813 -0.057683833280781 -0.0737042212950684
-0.0121613665875622 0.0102364345079297 -0.1337942676319 -0.00230059148260146
0.0052539207867356 0.00839995855780257 -0.0986727918808092 0.102954263842129
0.00581241094564265 -0.00088076192256295 -0.00814356625229763 0.125463017394878
0.0033880755846923 -0.00165031939436279 0.0455770125679336 0.0945828625719294
-0.00183751119050741 -0.00789642760170913 0.0655641015486681 0.0664084596920832
-0.00494827767399782 -0.00741483249030559 0.0788044027495497 0.0571487012509069
-0.00340482418960069 -0.0137639010258584 0.0714790582788446 0.0739346417152909
0.0105525249078468 -0.0137578980818633 0.039281522987657 0.0946548269485068
0.0140535014686172 -0.00588276179900845 -0.00901799881327869 0.106684679118822
0.0254850967777852 0.00405182609814648 -0.0742936507524958 0.126575247027343
0.0267464225225678 0.0216733342629277 -0.119660715497308 0.13114963267685
0.00824644460275252 0.0490048732726603 -0.100736812469258 0.159049537576412
0.00737070017998436 0.0693694736782539 -0.0367892366470754 0.114535929067763
0.0288762756661091 0.0267761838399821 0.057876193354396 -0.0145745923648301
0.0232495411642625 0.00219377721964328 -0.0505549493518568 -0.0833782833416829
0.0190352085830167 -0.0110018487440331 -0.137593254674266 -0.0159669694555655
0.0187435455986967 -0.0248839000717155 -0.105169467924933 0.0951742734337075
-0.00108645392116837 -0.0342588079095769 -0.0169227971688974 0.119016402714232
-0.0177634894702555 -0.0259775376396863 0.0349127851492197 0.0900925800691483
-0.024602014567284 -0.0310501681147526 0.0587905144663952 0.0602179902338658
-0.0268117325718186 -0.0355560935669912 0.0753098749507712 0.0447983912609012
-0.00904085978587142 -0.0593747735020815 0.0785926300174248 0.0548291898389334
0.0368291928985763 -0.0566810618139369 0.0602522641290298 0.0814116888367278
0.0659023782685155 -0.021897229807781 0.0198358151405333 0.105996485993898
0.073101521971336 0.0433951205348299 -0.0504296744439688 0.130103106833934
0.0347049860281134 0.0944070383562828 -0.0992569769082457 0.123246570822495
-0.0157671968205017 0.114457845396157 -0.0825993240722537 0.13384507372323
-0.0200823769592147 0.112685616276109 -0.0337313883875265 0.0843023293631736
0.0379276412025692 0.0810568239827429 0.0656105508818685 -0.0272234572473999
0.0608879031809336 0.0303560006848435 -0.034130411986643 -0.100140184455002
0.0561809673500448 -0.0263230808433523 -0.133036686128931 -0.0405339977978576
0.0353230224246229 -0.0567030095191735 -0.109594109572799 0.0740214066563303
-0.00436149758599188 -0.0671965736773854 -0.0296695468768949 0.100325553838961
-0.0358076166314698 -0.0493755819716053 0.0173238937533976 0.0755403695359941
-0.0440599809720532 -0.0502373718002288 0.0433566320744619 0.0449962760054639
-0.0446320714872001 -0.0551314206832284 0.0625097352899449 0.023837657070635
-0.019626294401403 -0.0910337044122247 0.07870501615223 0.0233167499431517
0.045758859022006 -0.0940123727514762 0.0812289421665814 0.0499667961372153
0.0974652003723578 -0.0511947871686329 0.0579580156204848 0.0932994689028156
0.118726174086556 0.0556083587242892 -0.0145424029614226 0.12823542179311
0.0544621942003843 0.14241604827467 -0.076866372570876 0.110539890710828
-0.0268832724448015 0.161434463529829 -0.0614871396683577 0.0916746382762437
-0.0497669470333397 0.138977000994541 -0.0181229138662945 0.0384613414685043
0.0330114522352263 0.130988391481985 0.0775843245540674 -0.0478333251840806
0.0890347893728485 0.0669153545017135 -0.00828378035840702 -0.118162459966992
0.0941773936988718 -0.0302150075410867 -0.114594010703398 -0.0710154115534812
0.0539933018906065 -0.0812466416325769 -0.104353579153567 0.0401984281101465
-0.00342803459267889 -0.0936977996604159 -0.0422099803919042 0.0688432953417513
-0.0478877744919219 -0.0672249486290027 -0.00494170155134378 0.050297555544483
-0.0575994514521186 -0.0608735250926154 0.022454499765103 0.0232301097816179
-0.0567344025915706 -0.063340633375348 0.0418351896020506 -0.00238237139459093
-0.0302378696789671 -0.104811242373669 0.0685752614927869 -0.0143660303503754
0.0405909797058805 -0.115612807516649 0.0914152723699814 0.00835514957905193
0.105538494450366 -0.0772847187656792 0.0908379548608627 0.0663757484816436
0.14615446861715 0.0482474648883673 0.0208630955499774 0.114277609003521
0.0700485189755367 0.159375752982407 -0.0576247822252394 0.0917186485491419
-0.0288579715656026 0.182124107723478 -0.0407055343832879 0.040267904849134
-0.0725046706174403 0.141380593099426 0.00866197778534728 -0.0193518084316158
0.0145990707989951 0.159642004548254 0.0904268812845258 -0.0740195939595229
0.0950931880187061 0.0990602186345783 0.0235068424148097 -0.129113629815648
0.118021401685005 -0.0209185043093718 -0.0798766186972555 -0.0955952157193181
0.0681538286781753 -0.089347574519317 -0.0869263369378834 -0.00184850426346235
0.00117336426308214 -0.105576415550664 -0.0511748526876915 0.0263181914995957
-0.0518610162515266 -0.0755713777388743 -0.0286479857662886 0.018121378442268
-0.0626549064225819 -0.0633124377131268 -0.0014638873188568 -0.00177179093478545
-0.0599418374931838 -0.0618752649667938 0.0175721822690454 -0.0286037746313658
-0.0351268087357452 -0.101471237703952 0.0510233771576495 -0.0478273123829081
0.0318841445771686 -0.117300477762379 0.0895161110164487 -0.031571901307447
0.0976381876136771 -0.0856482336669587 0.108740723531536 0.0361616410739307
0.146219479881484 0.0386445954499828 0.044942822791412 0.0929661026223246
0.0685959176617519 0.154028443437396 -0.0440702554142402 0.0699043743417508
-0.031654711882922 0.174499727354522 -0.0223740000490121 -0.01151934168659
-0.0802002924505828 0.117534194516114 0.0423745978893815 -0.0776621461633604
-0.00959127063614667 0.152694949530768 0.102161821942147 -0.0993107480058867
0.0779950219854503 0.110213274482846 0.0527536930854867 -0.13114230697735
0.115532929202089 -0.00549697766553195 -0.0370630182899686 -0.107890353363664
0.0691256530235356 -0.0795284679495032 -0.0600381194550023 -0.0426996835745566
0.00546648099966635 -0.0972080450637116 -0.0554259282365059 -0.018146440879456
-0.0467037939242886 -0.0710284195916885 -0.0492056354185611 -0.0147073570552911
-0.0580908150545892 -0.0558853543608989 -0.024793045172158 -0.0253120963845927
-0.0540859896684103 -0.0532079032188095 -0.00628723617854189 -0.0514393208107677
-0.0320582677369941 -0.0862809762731309 0.0320348143134398 -0.0740772164598643
0.0249056385336625 -0.10093136053578 0.0822888543189723 -0.0615501596125731
0.0844278691152295 -0.0754140125200538 0.114750190038513 0.0111153578772478
0.125611853446458 0.0365580164609335 0.0577397585091345 0.0717356427700022
0.0492594587115857 0.133704265706928 -0.0348821426296258 0.0489904085644565
-0.0369967799766678 0.143600879565368 -0.00548705448215657 -0.0553857574114805
-0.0698597239143886 0.072473461726756 0.0718223092460916 -0.126033207581245
-0.0260155152409374 0.111118312099231 0.110523696711517 -0.1182829395108
0.0473916776122827 0.0904002158339042 0.0726807375569702 -0.126702953990974
0.0849884092609167 0.00386426149624765 -0.001996597345262 -0.108721181607819
0.0518211552483985 -0.0556601944160805 -0.0346253364993579 -0.0718895618661312
0.00603527602753959 -0.0704996205007241 -0.0582250039161339 -0.0538318194095535
-0.0346283838516005 -0.0523480516764197 -0.0652758830139726 -0.0414610871304108
-0.0442672982472943 -0.0407877562186389 -0.0438489156234359 -0.0440521506796408
-0.0406410661823222 -0.0393063934717691 -0.0249786090395191 -0.0690938158469214
-0.0241627357557278 -0.063708433878171 0.0174491342334545 -0.0921138846560109
0.018958043794007 -0.0753930235308704 0.0769852619331548 -0.0811301920724694
0.067217585647861 -0.0543343150066229 0.115642929813011 -0.00370738876545433
0.0926025199286842 0.0379224104167677 0.0636049304101704 0.057201791996155
0.0208064208390415 0.104779182280414 -0.0258924973832069 0.0342881648388329
-0.0438647301026604 0.0963244381160453 0.012017939710727 -0.0847671242677805
-0.0445155094799517 0.0140145037693392 0.0882029336709917 -0.156560240771072
-0.0308805698776918 0.0466321748491696 0.1076344144031 -0.128702445337545
0.0142433903896876 0.0460462001443279 0.0768220673144711 -0.12480209513042
0.0373801507405424 0.00476690490684947 0.0150622558172008 -0.106714309836705
0.0214386459868008 -0.0237765952392111 -0.0240608985716918 -0.0869597280373433
0.00410542423405435 -0.0302593657385136 -0.0621277739624811 -0.0716953504035761
-0.0160967710944016 -0.0243451505311841 -0.0745152638853121 -0.0556503679585014
-0.0232932176775337 -0.0198825317112956 -0.0554270736203181 -0.0553467356830277
-0.0221295329882288 -0.0212539648830615 -0.0357555425829489 -0.0808665167957232
-0.0145917367206484 -0.0365119015624731 0.0102869541528624 -0.10406628679805
0.0107637624175528 -0.0444560239285624 0.0761489524160305 -0.0932634487340031
0.0470408173757911 -0.0296914486033313 0.117171875211691 -0.010598270224033
0.05475257644232 0.0359347740466684 0.0662864462090415 0.0512456806193421
-0.00741536777811351 0.066407175926218 -0.0184470182162596 0.0275350196593502
-0.0447570575581781 0.0387262765580574 0.0293163309711895 -0.0984846964275711
0.0276411356751471 0.0169401903359248 -0.0216164034491295 0.122514911936947
0.0091072510926417 -0.0218244520872515 0.0539997667256397 -0.0157677664846765
-0.0142900344840628 -0.0142641903456553 -0.0594854173563909 -0.0706087481420332
-0.0108670587747813 0.0108653097384124 -0.131013398564079 0.00440355819146269
0.00574925022752411 0.00820139232359066 -0.0926408261084316 0.107424639001856
0.00523657824470263 -0.00126874899039382 -0.00204299306618979 0.123927875018769
0.00332652526292452 -0.00249349544694378 0.0494812917751125 0.0899737288204676
-0.00288836354868084 -0.00784779306905126 0.0677981161960699 0.0611940831695065
-0.00578457480267454 -0.00683082247137135 0.0812108557510586 0.0514213489058727
-0.00412287921964131 -0.0135171522213971 0.0757072192675038 0.0688000267396623
0.00930137063011478 -0.0143342115281618 0.0444154324981648 0.0924798914296236
0.0140658611687573 -0.00653463295134981 -0.00533495377246855 0.105806780369994
0.0250059865253488 0.00269523560496492 -0.0679344606785593 0.128658905574091
0.0266206030081155 0.0201275099033754 -0.111528756140189 0.133338703063551
0.0101667705237753 0.0490625639349188 -0.0927686885573233 0.161053901806914
0.0106376697139869 0.068526911066676 -0.02970635743476 0.113873817861862
0.0296734162250643 0.0249290955943413 0.0569269588413229 -0.0189274009179784
0.0230756102408251 0.00100375227672596 -0.0523295247509311 -0.0799531147870446
0.0178571899216421 -0.0118831962482163 -0.136063567177005 -0.00910192867400788
0.0167723951618445 -0.0252403203940723 -0.0987560687019122 0.0999697005444963
-0.00335131485623492 -0.0339786769478972 -0.0106241933012424 0.118360972434132
-0.0191715072498119 -0.0245059165607692 0.0394792544235002 0.0863420764278109
-0.0266620668318992 -0.0292854820136784 0.0610327109372503 0.0554546126010861
-0.0280405954954683 -0.0334186151875909 0.0773744144875412 0.0392765827240223
-0.0127089589142348 -0.0579561471786894 0.081190678656455 0.0499776474764903
0.0330393792738259 -0.0583684233571913 0.0643928915785863 0.0779405859324172
0.0640130434160261 -0.0247272930963295 0.0234747052801261 0.103824191279049
0.0741655251366047 0.0392010784234897 -0.0440268339078699 0.131805246878882
0.038798323818679 0.0913747023671444 -0.0922239874758714 0.124991500328362
-0.0114656489120581 0.114992927245282 -0.0755856176106702 0.134992618330765
-0.0150318932416283 0.113297238984968 -0.0286555840700566 0.0848648710551214
0.0416055227457959 0.0782414523215531 0.0637121098278539 -0.0310918710790015
0.0615343135772671 0.0274504132519623 -0.0362605660128962 -0.0979893395284563
0.0538593940415561 -0.0284574829583775 -0.133525221212931 -0.0341348239262432
0.0315522674088862 -0.0577576824926214 -0.10431481918649 0.078879358213557
-0.00845403104046309 -0.0660228996953162 -0.0242888080647061 0.100645371832001
-0.0377882888425582 -0.0464302164516741 0.0213521761229409 0.0733210700948244
-0.0464245186646336 -0.0463339357962053 0.045334086777793 0.0416000010826913
-0.0469996375483139 -0.0516143435585496 0.0630945394547136 0.0189015797470674
-0.0244230280331877 -0.0883837709117979 0.0788925187615401 0.0182078988776364
0.0396962208684481 -0.0960264657069387 0.083536797887795 0.0450535005101842
0.0930982628102035 -0.0551026514998523 0.0609650210873472 0.0887217463057502
0.120571897035071 0.0485218198646801 -0.00909948895193785 0.128008578938738
0.0608726630169825 0.137832116409473 -0.0705750533376554 0.111985306018551
-0.0203679173457744 0.161403356900984 -0.0560504287745856 0.0933239378885003
-0.0431657776653272 0.140790237340135 -0.0159599066858054 0.0381991004968355
0.0397978161184722 0.128000818534415 0.0747224865789794 -0.0521703979721348
0.0906777716051384 0.0619984967234266 -0.0119297293443205 -0.116221235400249
0.0907328736050648 -0.0345657393347023 -0.115981973361927 -0.0645584673108205
0.0479927127564395 -0.0830908354842139 -0.100735781944912 0.0450123658753287
-0.00912241225673483 -0.0924743282751747 -0.0379661530779901 0.069905334337541
-0.0505593189189082 -0.0629025349417359 -0.0019502880027473 0.0506350070107951
-0.0599371324758183 -0.056611035309938 0.0232626142738317 0.0210464588578309
-0.058749766422839 -0.0589314643602093 0.0416978977260934 -0.0060271857830461
-0.0364570880051007 -0.101427913944235 0.0666055044462142 -0.0187507448516416
0.0336224489362783 -0.116918496848951 0.0916552881366796 0.00346755694344653
0.0998307406168109 -0.0809207826968624 0.0922332790537031 0.0602960962021806
0.146323958213402 0.0398765719758187 0.0249226525331256 0.112148459838465
0.0774795997241356 0.15419766821942 -0.0529994707377409 0.092235133147687
-0.0215191168022988 0.18165332798893 -0.0378173368022092 0.041817592652687
-0.0654306777202528 0.143955267423362 0.0079379036753454 -0.0201688570978044
0.0226244637502908 0.156413504892173 0.0856722710606399 -0.0771431247827861
0.0991369869897505 0.0934210925887457 0.0194115686950288 -0.128405644032363
0.115322293570174 -0.0264995378419642 -0.0824592617262251 -0.09093352169224
0.0622182072875689 -0.0923039677172204 -0.0854995826108584 0.00116199419887861
-0.00503341186720156 -0.104348978006297 -0.049994489042586 0.0285475987818946
-0.0550161115057459 -0.0709563108543446 -0.0269126417992074 0.0205855687355225
-0.0649427884773925 -0.0585460833322276 -0.00175908427906039 -0.001936166380855
-0.0618022707465745 -0.0571661603394991 0.0162403844368997 -0.0302766949308806
-0.0400175081444733 -0.0984799530954421 0.0475285576547837 -0.0513300613091516
0.0250935341099286 -0.117268843127348 0.087842691963865 -0.0354082118256994
0.0919378877807262 -0.0893742306209628 0.108982540957507 0.0292300016721688
0.146342811136778 0.0308517904084203 0.0475095463956187 0.0896566428437754
0.075413855391476 0.148170396542364 -0.0415510017269437 0.0699829988537077
-0.0240692733100348 0.174107324158223 -0.0227919718856549 -0.0102889579213153
-0.0739007114036884 0.120493762707994 0.0379470642080302 -0.0792155818400261
-0.00148077482288457 0.150840726681546 0.0968931240458281 -0.102315183631645
0.0823546699080759 0.105040065728629 0.0478113685926629 -0.131314405134299
0.113492950284222 -0.0116444085645788 -0.0411756757408638 -0.105223558371756
0.0635163605170279 -0.0819847078996447 -0.0607720057785862 -0.0398950712297085
-0.000551943154969434 -0.0964172988714709 -0.05672103840793 -0.0149478615015367
-0.0496018291932509 -0.0664071300778781 -0.049033338056452 -0.0106342087750681
-0.0605294069837563 -0.0513026657989432 -0.0259652968937748 -0.0237566582819758
-0.0560595756151275 -0.0488158827431608 -0.0084648616989755 -0.0512740929808506
-0.036178105906804 -0.0836239900843914 0.0273325701449317 -0.0751163813243978
0.0187259480386548 -0.101334245207075 0.0784429788794195 -0.064740706039937
0.0784070886353056 -0.0776381354076882 0.11313212759607 0.00446885252288258
0.124886633487382 0.0294039986037556 0.0594827677821442 0.067848410203695
0.0551036028289237 0.129625358750867 -0.0324165209817126 0.0498823933391283
-0.0313690888085702 0.143531347216311 -0.00781776508928434 -0.0529410803107717
-0.0653363225263587 0.0750383172684246 0.0652577545826016 -0.128079241233551
-0.0204821347431188 0.110330945797502 0.103078388701021 -0.120659998422642
0.0509366556177904 0.0860530106814338 0.0667462611951973 -0.128404787914975
0.0837046741420345 -0.000859441353092786 -0.00567395964422406 -0.108096032909585
0.0479916630563029 -0.0574481889107897 -0.037281209829715 -0.0705231125381785
0.00221500296572172 -0.0698965724026489 -0.0606875961373391 -0.0496427835836137
-0.0363899407081101 -0.0493981676476488 -0.0663203775400445 -0.0359451133140535
-0.0462910687669689 -0.0372522537410758 -0.0453179397288353 -0.0410975610163078
-0.0418733177291085 -0.0359451822190866 -0.028303968130564 -0.0670224816749751
-0.0268930625422307 -0.0615917838339336 0.0121800642538867 -0.0917537620830364
0.0149691842164464 -0.0754612968194409 0.0728134806583775 -0.0839164554484599
0.0629922776444989 -0.0565478767607557 0.113735418027296 -0.00981396883211162
0.0933234156416533 0.032251951669677 0.0645205977695214 0.0531829808570442
0.0255529147105008 0.10251587253881 -0.0251118133171341 0.0352392492279216
-0.0393034517667206 0.096989041254661 0.00753450830267535 -0.0830278439534083
-0.0434878602909478 0.0161720603108792 0.0804367237485751 -0.15882148890364
-0.0281853074369331 0.0472796694797972 0.100956654120875 -0.130564051407246
0.0163741488164898 0.043403756637305 0.0718935033531034 -0.126306171888912
0.0364884890906899 0.00237345719390193 0.0111746275010356 -0.106736454669563
0.0195342217447479 -0.0243073230376633 -0.0269564084114063 -0.0862761616169136
0.00252479009736969 -0.0301310054361759 -0.0656645187170638 -0.0674898127480252
-0.0167047303500858 -0.0230030140369047 -0.0766966745639567 -0.0496720915184232
-0.0241078096257421 -0.0178356793880346 -0.0574904815293921 -0.0515950951360017
-0.0228855389116874 -0.0196664602325173 -0.0395855038805177 -0.0777498553969709
-0.0161401320861385 -0.0351461117010959 0.00443977912725087 -0.10239787093121
0.00895194040250508 -0.0444127063875292 0.0706307612075805 -0.0957119346606925
0.0443204745424926 -0.0315467636970061 0.114353113330272 -0.0160718121276609
0.0553558367805341 0.0323609365873978 0.0669970726618533 0.0480719971746247
-0.00456186433052584 0.0661672807300941 -0.0176563023522801 0.0285392200312826
-0.0421395753294035 0.0402079098301264 0.0236445139397237 -0.0974341703311345
0.0269375104030511 0.0155610729118497 -0.0165593591137724 0.119289184343538
0.00731232420528569 -0.0209373012462261 0.0522763546461113 -0.0191644013165858
-0.0146039891951989 -0.0129604396040895 -0.0593225577921532 -0.06723846584819
-0.0101308506736 0.0106582975863332 -0.127503339753671 0.00840328916580557
0.00592545790652633 0.00803329370502323 -0.0855854077484837 0.108805550660516
0.00490890964685487 -0.00121634204129243 0.00276227273284144 0.120540170902088
0.00315817485022494 -0.00293752308394847 0.0514673022583505 0.0840174306617173
-0.00317239493901489 -0.00715068762893075 0.0681851419538857 0.0570112378034274
-0.00569497989619907 -0.00669485568189982 0.0807543184296503 0.0460808419195973
-0.0047969959674434 -0.0128862639957238 0.076230439110012 0.0637123156291456
0.00881669108925994 -0.0146730414141315 0.0459752257994252 0.0884934747626192
0.0133476387448641 -0.00652466844099551 -0.00362820362146142 0.103909863906995
0.0241436352411474 0.00156272314713693 -0.0624028564492372 0.128175796300821
0.0260982226491807 0.0189879468473803 -0.104618672560969 0.132119396810611
0.0112426617050109 0.0482299407436737 -0.0854875685562629 0.158737852826294
0.0121813001869373 0.0669600170698116 -0.0245687257493624 0.111281075975318
0.0292258316260239 0.0232204736750615 0.0551595511162996 -0.0217983644884172
0.022546190472201 0.000344453448161831 -0.0520749378339798 -0.077182366053349
0.0170162778034171 -0.0116537557702903 -0.131619553005991 -0.004860009712706
0.0152680020183009 -0.0253956121392405 -0.0924484759951175 0.100590372516735
-0.0047320063530939 -0.0327204554564238 -0.00632505963353664 0.114931096210006
-0.019277707461359 -0.0231415344586884 0.041593281773629 0.0820027991522427
-0.0272380116153526 -0.026973187720591 0.0613687344051661 0.0510169549551793
-0.0283809701167398 -0.0315133005747087 0.0762652741662804 0.0342551482873044
-0.0143548281431939 -0.0559849925379246 0.0814879529318199 0.0451667842945076
0.0298340287728839 -0.0581862837532024 0.0661183353162278 0.0738416987515598
0.0611713044484171 -0.0261031532817892 0.0245985779591332 0.100062129111774
0.073754413762207 0.035484865838236 -0.0390984753997943 0.129933385459592
0.0397373759276143 0.0878351268502408 -0.0856384524590446 0.123360625740424
-0.00834348704976187 0.113193025368389 -0.0702651207362538 0.13354258126249
-0.0108085594690166 0.111185607809885 -0.024878049720997 0.082418960839801
0.0430405378885557 0.074751998254761 0.0616560143581248 -0.0331911953896692
0.0610240866905573 0.0246701404127248 -0.0365761214178108 -0.0945981150833125
0.0513586014879374 -0.0292120104544445 -0.129723238403759 -0.0287902850965392
0.0277759309509078 -0.0571461900409022 -0.0981758216923918 0.0799879358146567
-0.0110651955480516 -0.0639327092091035 -0.0202808989190263 0.0986535378464556
-0.0378675449747728 -0.0432952780190728 0.0237136991584879 0.0706119410513505
-0.0470789133345738 -0.043224429698988 0.04520470616689 0.0381231570603131
-0.0470543737804638 -0.0476051626952091 0.0624640994871143 0.0146047620197536
-0.0276890827894978 -0.0851745665907198 0.0778429824318356 0.0138226933526117
0.0348751326190421 -0.0948000186924955 0.0838099271913103 0.041140310109172
0.0880721886235359 -0.0566586894041631 0.0613859754649468 0.0838222123100694
0.118789736828292 0.042896249656927 -0.00574726464662418 0.125276414183796
0.0632954328104281 0.132315035197407 -0.0656840314012007 0.110074017490721
-0.0156588533890704 0.158730338646264 -0.0522609140543691 0.0926497965315302
-0.0373480413275615 0.139066175823109 -0.0141679586970925 0.0369644617808906
0.0428865051091715 0.122350579851105 0.070573250767982 -0.0536640505669053
0.09062269326766 0.0571203781187419 -0.0131422339114382 -0.113018280037573
0.087140219919762 -0.0370684291061539 -0.114209945877071 -0.0590347191589353
0.0440708648330081 -0.082523441660815 -0.0961940102299755 0.0464017187651837
-0.0127526784839208 -0.089202902625179 -0.0348916588115923 0.0692954268283749
-0.0509961903466311 -0.0590601524087221 0.000302880235259011 0.0497550094220479
-0.0604324267117012 -0.0522892020000463 0.022892088819717 0.0193062254148873
-0.0589927095323314 -0.0544570577509609 0.040513199946807 -0.00870558893175883
-0.0384577713561948 -0.0973528564057707 0.0639137010578384 -0.0210828246896889
0.0279275678778294 -0.114979952706754 0.0900378856766349 0.000167668699026431
0.0938040956888271 -0.082377283963499 0.0910310139692613 0.0547573681514636
0.14392768679514 0.0335783216976044 0.027144872355474 0.108700698918511
0.0808131792273031 0.147248051636848 -0.0496209015433421 0.0909772897006586
-0.0164148504917021 0.178080715780836 -0.0356416040585735 0.042091865904368
-0.0592474321404984 0.143054960781475 0.00736501675323278 -0.0203515452723201
0.0277636595374819 0.151076800026335 0.0811255759181068 -0.0781558614219314
0.0994595726805619 0.0879148990660761 0.0166388297336334 -0.126453472057344
0.11083267693689 -0.0301010739409281 -0.0823056119563582 -0.0860257359528771
0.0566122862518951 -0.0921478737876269 -0.083078131625224 0.00327869710182697
-0.0095182356098353 -0.101140928268923 -0.0480126133893794 0.029227627872866
-0.0553370225291451 -0.0667357139322134 -0.024577413141267 0.0218123558253564
-0.0651914283676982 -0.0534518362102307 -0.00216219577138487 -0.00190310527631681
-0.0614569561940653 -0.0527802264080606 0.0145692318516886 -0.030697049489121
-0.0429614421687137 -0.0939798632732851 0.0440199821251747 -0.0521031003752563
0.0195295483337228 -0.11531071788806 0.0847995271519496 -0.0376968787353655
0.0854761483373414 -0.0896964425134286 0.105911263771078 0.0238727725618507
0.143291587684163 0.0242959066783931 0.048190304119619 0.0854809141195188
0.0783828017921646 0.14229352034658 -0.0389213149986799 0.0689133819955682
-0.0196955074437329 0.170687726106077 -0.0221606870608387 -0.00826737035055119
-0.0681052018861176 0.120241237672389 0.0344865900777273 -0.0783048308325606
0.00406212193085285 0.146136597103819 0.0902081741894961 -0.101792961941188
0.0834725330950414 0.0990386506729953 0.0438801181014287 -0.129244735281275
0.109392826480863 -0.0154385757175054 -0.0421100227075142 -0.101168161050217
0.0582542121493114 -0.0820668325895131 -0.0603676059250011 -0.0382587180127277
-0.00462190052797114 -0.0942078904609247 -0.0561112643064388 -0.0127243526622607
-0.0498920707461761 -0.0630004779119038 -0.0479299044434117 -0.00688089597144485
-0.0600063992080601 -0.0472152619862171 -0.0263859852115865 -0.0219021150499897
-0.0553819628201793 -0.0446936735145471 -0.00999245433385555 -0.0499049118324788
-0.0384638589914581 -0.0801259001036726 0.0228171111871356 -0.0743201359416129
0.0147308815938069 -0.0990952289385522 0.0748214249610817 -0.0659988540086603
0.0732289767590687 -0.0774856902265173 0.110475821847888 -0.000220982833167324
0.122311047402248 0.0239109858915941 0.0588775900438739 0.0641423867926796
0.0582117420124746 0.124289908020523 -0.0312640432383965 0.0490161871346732
-0.0261917450623813 0.141064426034513 -0.00942687915039685 -0.0505148295825924
-0.0610300343263365 0.0760642191399825 0.0595264869069776 -0.12721370370084
-0.0155788366463868 0.10780436348599 0.0967395260182999 -0.119363243704326
0.0523207487230735 0.0817992900129857 0.0619405446959119 -0.126688323756717
0.0812812988617296 -0.00344934792832233 -0.00791007512385529 -0.105215003490234
0.043772453037091 -0.0576784384809429 -0.0382239783681557 -0.0681345928496946
-0.00134908204099054 -0.0683567883635539 -0.0611177570760393 -0.0461987522219389
-0.0371018403911257 -0.046345342519189 -0.0659179054760448 -0.0314309000422212
-0.0458657050422498 -0.0337034863409621 -0.045588233341922 -0.0381605267705484
-0.0413955905996319 -0.0333306432612324 -0.0298065597785204 -0.0651557606746066
-0.0282879385872083 -0.0590163518817166 0.00772799954866007 -0.0899686399492937
0.0114718885183901 -0.0736434270427307 0.0679073805072146 -0.0839343689496221
0.0588736945526639 -0.0564259581108903 0.109905360411247 -0.0140980652761614
0.0911580256708151 0.0279925011923659 0.0630574115641342 0.0496501642699293
0.0282883496253708 0.0985024689697517 -0.0241641245480543 0.0355032425933714
-0.0355137393267498 0.0954337008285657 0.00486590381577765 -0.0802705681805018
-0.0410747648700766 0.0175913912296131 0.0731432505210759 -0.157154791855394
-0.0259823807969327 0.0465164456532102 0.093453540911925 -0.12861641226799
0.0168078280277066 0.0415693607172577 0.0663342530645376 -0.124492905684545
0.0352183046010063 0.000819101442581117 0.00863720678416781 -0.104748104760555
0.0176423091330804 -0.0241019481582643 -0.0290264799469569 -0.0844235099905467
0.000990439485151488 -0.0297720679339047 -0.0662918991845619 -0.0630721235852725
-0.0167884281233366 -0.0213388996384183 -0.076117254508654 -0.0441749803494379
-0.0239262362114865 -0.0162999387143423 -0.0569977037825922 -0.0471993327390685
-0.0224548495870436 -0.0181244353295252 -0.0410097118055142 -0.0738559842815125
-0.0173018371090425 -0.0332699733963621 0.000964110908882283 -0.0996975283704602
0.00691849605114667 -0.0432584693050064 0.0660874877877916 -0.0951763977850622
0.0416441873858789 -0.0315050033105319 0.110728999225835 -0.0193612358309134
0.054947577650257 0.0296060582687016 0.0656873582008519 0.0446420314951266
-0.00201618402749099 0.0644998870074247 -0.0165692005619093 0.0285638734489243
-0.0397890805846144 0.0404252323877204 0.0196704444458371 -0.0941485026481348
0.0172072126292905 0.0266239933318371 -0.0616688112188521 0.0963362764468392
0.0152026693383157 -0.014861091543294 0.0541235959995717 0.00270096439116242
-0.0075420809715054 -0.0179717662380417 -0.0256017511543187 -0.0841262398364898
-0.0128273832151869 0.00595016573153049 -0.117211150821989 -0.0437068259487569
0.00326157378118836 0.00876509864471157 -0.120040131676924 0.0618798491819362
0.00475380450860603 0.000459424045034994 -0.0463019151467644 0.107387408298959
0.00345172373027638 -0.00161369077757881 0.010994354926714 0.094632668274285
1.76525083405809E-06 -0.00772420317955647 0.0379237668959875 0.0770792305001042
-0.00195385596260374 -0.00894893186632785 0.0535009862708998 0.0721591003028303
0.0013401654378983 -0.0138215176375126 0.0439209340358629 0.0878823461900394
0.0147091191632506 -0.0101116578535379 0.00490639917194331 0.0969575800516497
0.0159052440334025 0.000223326896267154 -0.0472314313727532 0.0907918579408183
0.0223191278436806 0.0126490791728135 -0.107824325963297 0.088208547929835
0.0156150899927676 0.0293203457206063 -0.146216305103624 0.0759730537750981
-0.00823932506931777 0.0513614110075326 -0.144518142974508 0.105561494095776
-0.0193759957206644 0.0665548752201749 -0.0600677990023762 0.0860822017423081
0.0154020231476517 0.0334206510575853 0.0606097767223699 0.000605504281695505
0.0194213544776012 0.0101169128574044 -0.0129596979910678 -0.0927029311292365
0.0196636006315271 -0.00214286409713324 -0.116945999437844 -0.0589281818358125
0.0249544833353405 -0.0161390757732184 -0.124366087509291 0.0507456363738031
0.00885317000445364 -0.0309733670201624 -0.0537040955165799 0.098423950208728
-0.00774443025156136 -0.02853202059595 0.00365009960557788 0.0886501205705407
-0.013688854484848 -0.034971146530307 0.0344870545284189 0.0690794449001228
-0.0128784867595695 -0.0390713352210326 0.0548666387421841 0.0592791237909115
0.0089406540259335 -0.0560217506450171 0.0562697479727018 0.0726442636672711
0.0503009996942613 -0.0417627669934849 0.0293652157073149 0.0916994678000001
0.0662464484717237 0.00124229141765537 -0.0200335540966248 0.0994573330637618
0.0550199702122891 0.0623073746839896 -0.0882521460043067 0.100745427659186
0.00311127055311248 0.0971350054614099 -0.128657817019823 0.0773307447207284
-0.050402232459992 0.102809444164807 -0.122492604595292 0.0881715650038289
-0.0602869946754093 0.0963465302367476 -0.0434701576234939 0.0621626618324691
0.00540021434455601 0.0835704294906883 0.0740937965309969 -0.00752335781864262
0.0433874182113239 0.0477422437388612 0.0100311961639816 -0.10416224682359
0.0569618081599628 -0.00317227146286565 -0.105655912687312 -0.0830784462949128
0.0490132254537905 -0.0393353689785237 -0.122873398987219 0.0286519069242435
0.0160474996297251 -0.0606899310979451 -0.0602640478278784 0.0778718125415458
-0.016277932317261 -0.0531349859182566 -0.00804221132817927 0.0713967558903385
-0.0253074873327556 -0.057198187252161 0.0251835039206529 0.0517298981349242
-0.0226546366412769 -0.0609189667942246 0.0505033556046776 0.0356221096882922
0.00781790372466431 -0.0873340496440227 0.0659339602340426 0.0426014427576697
0.0682435291960014 -0.0728913715506976 0.0585609800590741 0.0700439695026168
0.102367259890669 -0.0156869511161958 0.0204818768176769 0.0999988045774781
0.09375855324585 0.0853053232085572 -0.0570915630438678 0.111001744104828
0.00820406275219553 0.14483057861559 -0.108041212196702 0.0756890727560073
-0.0745323440443263 0.141267099570331 -0.0915581415623466 0.0576990011498214
-0.0974280744069121 0.109943506841492 -0.011895262663482 0.0285609134058931
-0.0154116785988022 0.126018709214891 0.0930521073686387 -0.0202437278933603
0.055993196417523 0.0891489869689079 0.0421687797457323 -0.112412659760792
0.091235498378637 0.00561548134905266 -0.0789232272335844 -0.10567577966232
0.0733346359847551 -0.0545081001907128 -0.107844803439418 -0.0019557492116082
0.0249405330703977 -0.084021877847622 -0.0627788856968969 0.0449240955304283
-0.0206716511519711 -0.072315666028276 -0.0210166911852424 0.0441707470009229
-0.0337858961255163 -0.0703267218857928 0.0124347666339753 0.0259835430473648
-0.0305566224848589 -0.0712015701000938 0.0402276875963513 0.00637804206564301
0.00202086625493001 -0.102572619906368 0.0675688505645928 0.00490461956793647
0.0694599718111813 -0.0941829792456729 0.0813936396227554 0.035581877294052
0.116283796270728 -0.0378239938428485 0.059782660010167 0.086171884133001
0.120415960153471 0.0851645949828986 -0.021213382354614 0.109763966084017
0.0183891112318711 0.16431041690308 -0.0866579612997592 0.0662282106235548
-0.0825345602149131 0.157708782874487 -0.0573881548859962 0.019136590389178
-0.118562762371415 0.103565243084635 0.0314498307395806 -0.0117462587134342
-0.0412133298191971 0.144113558461449 0.113303736523447 -0.0363234097137315
0.0510073130681769 0.119863192350884 0.0760064651603667 -0.111636561594703
0.10910993758752 0.0216832116282199 -0.0376132765893235 -0.118989869535501
0.0882193433806579 -0.0568867885407972 -0.0780367844407109 -0.0362285252234943
0.032219042802779 -0.0931975896163558 -0.0583396845515069 0.00428071524869965
-0.0211949679163771 -0.0807306977927306 -0.0325687368960395 0.00968244831990476
-0.0375823899281719 -0.0736295157544714 -0.00125046083503806 -0.00266305430248174
-0.0336133853117703 -0.0711308913926631 0.0264393721967454 -0.0239256945975159
-0.00269941622079996 -0.100645562882755 0.0613023952186692 -0.0301529905756632
0.0614050679252566 -0.097198002708052 0.091275719967572 0.000384329903540005
0.111529106553715 -0.0476548547992192 0.0861949294820441 0.0642027137278253
0.123111207865942 0.0761377635570916 0.00743540309054328 0.0983324006434195
0.0184762668523922 0.158443775913468 -0.0689482751613453 0.0509256659271974
-0.0820278120640968 0.148890884531091 -0.0241567049248211 -0.0204229969301902
-0.116133237134698 0.0790284841192674 0.0773540159202406 -0.051099428579088
-0.0596737858268243 0.129320631105387 0.130908832024946 -0.0523259517963999
0.0315976530200102 0.122948792052586 0.102134514866519 -0.102060186379413
0.101114289901544 0.0338346050661928 0.00561158884631407 -0.11590059502982
0.0853240549318983 -0.0470428592787503 -0.0401507825770404 -0.0637243909397398
0.0336804319088447 -0.0848846505624748 -0.0479670035557082 -0.0366299859183372
-0.0186006374235099 -0.0749640859987403 -0.0411636683285458 -0.0255407170900221
-0.0353854954814819 -0.0653890271077745 -0.0149114082899853 -0.0300070832169922
-0.031389483159127 -0.0616283117391411 0.0112158859668972 -0.050222966702121
-0.00408655530479272 -0.0862737687643522 0.0522338455355991 -0.0581485202040236
0.0502318975284177 -0.0843977828983173 0.0944772028975898 -0.0282957301504995
0.095688550705025 -0.042330536410082 0.0996682727334697 0.0447527389448356
0.104106605829257 0.0672905569262084 0.0254244292876467 0.0825544844384073
0.00687532078808366 0.134712958605828 -0.0532117965682198 0.035172430786951
-0.0772899132631007 0.118490762575063 0.00594016567530501 -0.0526018647481767
-0.089535104785317 0.0412061627583617 0.114625508353282 -0.0836427270866385
-0.0605638843258568 0.0874490737307105 0.141263786387736 -0.0644188772891083
0.011485269372962 0.0939439435271049 0.11506027785418 -0.090441559714847
0.0717556251107792 0.0312509431053723 0.0381034094427029 -0.102797249336865
0.0622352675909824 -0.0314452682600888 -0.00699323846692866 -0.0811095121054936
0.0266278722641002 -0.0607197439990826 -0.0380624801739962 -0.0679035883617732
-0.0132087997820627 -0.055519650888063 -0.0468388541619859 -0.0536963813107008
-0.027660175503969 -0.0481203069334369 -0.0256208388618409 -0.0515626491162594
-0.024553352413864 -0.0460296072020883 -8.57993946209385E-05 -0.0707387694107981
-0.00380599072849036 -0.063827349180344 0.0443137057643913 -0.0780840134073136
0.0376807814036784 -0.0626978234860992 0.0951946385256991 -0.047027572138605
0.0747124688973284 -0.0286720178319115 0.104826156813838 0.0329644516638547
0.0735887537895635 0.0593021767428395 0.0343628644792675 0.0715377630453587
-0.0112122056710718 0.100400549736758 -0.0403406326301152 0.0248274685560095
-0.0674386222534576 0.0732702464187888 0.0327514656070207 -0.0726750406534147
-0.0449191369980099 -0.00270785906457478 0.133050616932378 -0.105826154418503
-0.0429001894283368 0.0296208001051876 0.13864842684846 -0.0727017386170737
-0.0025336927596826 0.0428634674638738 0.114983316523545 -0.0845564233642486
0.0292795662650513 0.0155732631532987 0.0532390921382965 -0.0936935468186457
0.0250236814517073 -0.0128017351621541 0.00865485405274598 -0.0901000280114473
0.0125693153945248 -0.0255288095317463 -0.0346467881496253 -0.0835897059052429
-0.00602323682724935 -0.0257692778181136 -0.0507619837472591 -0.0698938837139912
-0.015251880690525 -0.0234373994251843 -0.0323771663967534 -0.0649590660239459
-0.0136872830387929 -0.0253650982648299 -0.00662994059405519 -0.0825456929196328
-0.00288005222709388 -0.0367136769306701 0.0412324359705547 -0.0892826536192241
0.0222194111617521 -0.0373954257600142 0.0976721234154146 -0.0576636457172634
0.0498250163675297 -0.0133726591733189 0.107117009520271 0.0285616543447723
0.0396746995263018 0.0465817088822876 0.0386149276683847 0.0671025547411279
-0.0258842376962839 0.0581985969313688 -0.0303095571791367 0.020167188061674
-0.0511211376722632 0.0212196481168611 0.0540367883878943 -0.0778167584692607
0.0173386934343524 0.0267319328052448 -0.0594999292338986 0.0961514573956521
0.0149778567759186 -0.0146883001151084 0.0539917016913681 2.24022669119159E-05
-0.00792101939244945 -0.0176072553328331 -0.0259178321053297 -0.0843704829713902
-0.0125721194048424 0.00582189717590043 -0.116007732646562 -0.0417648613441558
0.00323460279025212 0.00873272047156559 -0.118747785238618 0.0638411388796384
0.00478789845732926 0.000235227305576783 -0.0441671190147152 0.107577308210824
0.00296863075151093 -0.00198652318915913 0.012622345084575 0.0930317934642434
-0.000542241787401834 -0.00776594082714484 0.0394378029209115 0.075626193720689
-0.00212436897358136 -0.00852420432256026 0.0551993222020073 0.0703761035638691
0.00136885641924671 -0.0140198198069965 0.0456059243742137 0.086375739273667
0.0142564890359607 -0.0102657891623271 0.00660698947855887 0.0969803971074684
0.0157997883764938 0.000295655656575432 -0.0476708812885668 0.0912269024273592
0.0224093855568136 0.0116910046531758 -0.106561456109146 0.0894242818269418
0.0155333375450601 0.0295447324846956 -0.144659575142597 0.075740482747465
-0.00829596881539205 0.0512811810505841 -0.143570398370187 0.106981564942277
-0.0187534828031267 0.0668971334105118 -0.0585398605359426 0.0861925707976915
0.0157082258602637 0.0330071906728981 0.0604447686807651 -0.0014252682517018
0.0195032449930126 0.00983644737938961 -0.0128870245653359 -0.0924552900029954
0.0198312110101927 -0.0026478274492933 -0.116291436187241 -0.0574944899159673
0.0242598766284928 -0.0165791708257176 -0.122812047170575 0.0526787899804801
0.00817230350265873 -0.0310829861985638 -0.0514485735762495 0.0992387361355976
-0.00823596184565264 -0.0284100496434404 0.00565861448858546 0.087167072228808
-0.0146509533546833 -0.0344758037728466 0.0354285511905535 0.0674908057384363
-0.0132528260530913 -0.0387687547573513 0.0560085061655028 0.0568755123138167
0.00777562349889882 -0.0564762072291594 0.0580403273516072 0.0704937422395107
0.04914673709144 -0.0424831145416428 0.0306505586599159 0.0911983470103455
0.065815458671329 0.000290350750345501 -0.0193730183355413 0.0989512938262878
0.0555968569789807 0.0609059818188939 -0.0872575919320394 0.101720071548218
0.00335696622310498 0.0964430309444908 -0.127383916454085 0.0770337502281324
-0.0493996821113014 0.103773978851395 -0.121759794080002 0.0885406460520834
-0.0593742874427452 0.0975671182767502 -0.0421905635018513 0.0618445648866721
0.00703600431656768 0.0831159849868168 0.0733712302636386 -0.00908637521998159
0.0438776990472883 0.0471366100189814 0.0103578565873634 -0.104192385059895
0.0565123012800589 -0.00389581447145816 -0.105333977020986 -0.0811067061191374
0.0482352540830586 -0.040068782043271 -0.121231589515642 0.0303721732461169
0.0143567343152414 -0.0608795031996351 -0.0585047473275541 0.0786076045581601
-0.0167936460553696 -0.0530658861734305 -0.00650354679631799 0.0709971549725494
-0.0264470513329257 -0.0556367462486353 0.02522440472457 0.050404783644394
-0.0234286475578278 -0.0601605048034074 0.051303736142102 0.0337163768205484
0.00566403456402641 -0.0872421962258979 0.0665303333921176 0.0402794421454032
0.0663300867066074 -0.0744374416676785 0.0604409745025732 0.0687784972420225
0.101102686494025 -0.0174922009334523 0.0205366845540791 0.0986317442562994
0.0947061739195634 0.084022842876524 -0.056473627780298 0.110723086754507
0.00958297326616551 0.144394325707701 -0.107128069691101 0.0748955742714205
-0.0738143334788916 0.142110004138056 -0.090668605457488 0.0584811638605131
-0.0957489790553285 0.111200957906665 -0.011603420468998 0.0279538423995657
-0.0135232621876636 0.125336300667728 0.0921621329901973 -0.0217166347971813
0.057359156876998 0.0885334677512225 0.0424175943792702 -0.112730255678065
0.0907418746214209 0.00437898354123327 -0.0790274130286594 -0.104415250345461
0.0716210769663999 -0.0554702787030734 -0.106638024537945 -0.00126209674316134
0.0226086407103307 -0.0841617763982416 -0.0615756889969562 0.0459605369632275
-0.0215106742281894 -0.0715005887944291 -0.019573360592805 0.0442521284485343
-0.03446384812613 -0.0686598706525831 0.0128298065651966 0.0252704519336635
-0.0313564020811559 -0.0701728168898118 0.0401846832528166 0.00417644374847807
8.04092109963936E-05 -0.102063372276227 0.0673996422592357 0.0035161903767905
0.0668778851248362 -0.0953788326243899 0.0825188850043099 0.0342975696742429
0.115028766714152 -0.0392023839278126 0.0597058844918834 0.0844657395356861
0.121521893627397 0.0834740996912809 -0.0206901343494201 0.109583387022529
0.0200434781539859 0.163971547832745 -0.0862734306667474 0.065599189679227
-0.0816168133637976 0.15869851379598 -0.0569526158045465 0.0200095136137475
-0.116891522209669 0.105546273497584 0.0308276235484146 -0.012371334097491
-0.0388332655912495 0.143653243436149 0.111738704184804 -0.0370496455541461
0.0527525169358048 0.119066558657486 0.0760392341258188 -0.111933937604616
0.108360241744756 0.0199480826920397 -0.0380419399827633 -0.117602903142957
0.0868535245545211 -0.0581830085347051 -0.0774876797511627 -0.0356559390503057
0.0295273137993553 -0.0932720999897942 -0.0580542051740581 0.00469917876081157
-0.0222211393262151 -0.0798004952371352 -0.0316111982941245 0.0102400956491723
-0.0387122616614436 -0.0715154280785855 -0.00213711909087721 -0.00288619759698143
-0.0342390986199851 -0.0699125898272466 0.0254244769841186 -0.0250996376217312
-0.00453421872824647 -0.100291027220577 0.0604731417316826 -0.0314041075142036
0.0591561896791936 -0.0983536164160136 0.0928236627149189 -0.00136833681797934
0.109680535254756 -0.0484082167747723 0.0858904794050352 0.0622759542644395
0.12363046932731 0.0735462645600911 0.00699219747516959 0.0972949378948744
0.0206289670741455 0.157675279506199 -0.0690063921977134 0.0512452208369247
-0.0812070445165976 0.150254251022041 -0.0243523608181597 -0.0194502657957578
-0.115112468048227 0.080751862448129 0.0764408733345204 -0.0519724463920807
-0.0576124856066494 0.129407417440344 0.128742515486829 -0.0528107012712658
0.0333984895859444 0.12207382960559 0.101985240271469 -0.102925151698908
0.101166741317166 0.0317814573806525 0.00565326255783326 -0.115134826641072
0.0840421611261996 -0.0482261119235239 -0.0398224495229057 -0.06404323203452
0.0313964121255809 -0.084936369325351 -0.0483408384516104 -0.0355395407849567
-0.0192371421614855 -0.0739683598347884 -0.0406363751153138 -0.0235913952325083
-0.0365437083431205 -0.0636975386952205 -0.0156627362540171 -0.0297708903420552
-0.0316628558449934 -0.0606769335062478 0.0105351972006629 -0.051081876493692
-0.00600968750697464 -0.085656447999721 0.0502007336608796 -0.0593088310089952
0.0486413028555098 -0.0848815229159041 0.0947738092047827 -0.0302539721426628
0.093747678366698 -0.0432728538730397 0.0990527290027233 0.0423674046019813
0.104381428312989 0.0650557941950082 0.0250122349464113 0.0818358538994188
0.00814592672091875 0.133617346384736 -0.0538479280934988 0.0361786279298526
-0.0763637875202739 0.119479912346235 0.00535385304596378 -0.0511837835823244
-0.0886189457910553 0.0428448059792676 0.114134930260461 -0.0838201881733215
-0.0590615813291573 0.087845437754717 0.139151194607397 -0.0642329792551392
0.0127171103582506 0.0930061029449327 0.114380243647639 -0.0903929825651932
0.0713882320600947 0.0297454704719454 0.0379779014012104 -0.102477901990889
0.0609990067387352 -0.0318072261641797 -0.00682499794772061 -0.081787804690607
0.0243077270731845 -0.0607639305560215 -0.0396519690916627 -0.067213015370178
-0.014232926958556 -0.0548737229031475 -0.0474809905999692 -0.0519311253373648
-0.0282380645419544 -0.0465217169459821 -0.0267330451057168 -0.0506953730700955
-0.024289889753438 -0.0447825950679647 -0.00157195384357031 -0.0698164262903391
-0.00479289467592802 -0.0630979835921377 0.0427893044907628 -0.0779589402123327
0.036099391556947 -0.0624759340677766 0.094904299875193 -0.0484472671207958
0.0732551076411818 -0.0290838233590789 0.104698531698477 0.0302699224651225
0.0740552833548582 0.0572112534997524 0.0337313631994893 0.0706683384323441
-0.00978330189234856 0.100065098481408 -0.0407155604167425 0.0253830949176818
-0.0671475047589446 0.0744057188085989 0.0319061480466569 -0.0713405908376741
-0.0445487220194744 -0.00158176380808203 0.131562696092164 -0.106055862622534
-0.0422487181276994 0.0301426743414176 0.137432573409956 -0.07235644610459
-0.00185232332913889 0.0423254700984618 0.113689551873072 -0.0852316687595903
0.0286922912275458 0.0147648356887708 0.0526484870519503 -0.0936452387704282
0.0245344579499403 -0.0128166484440155 0.00784258672537432 -0.0905350761686788
0.0120698323375481 -0.0259227752050776 -0.03625100548833 -0.0829410835899004
-0.00662979588715748 -0.0257423421797235 -0.0517570276975429 -0.068016896302373
-0.0157279869550232 -0.0229184326056648 -0.0333970885587142 -0.0636359663249085
-0.0138223844139231 -0.0252090499762202 -0.00830023392791284 -0.0823039744499084
-0.0040472819700259 -0.0365778505957178 0.0399582525509356 -0.0890127730646941
0.0216988653604083 -0.0370748242837032 0.0964368464490182 -0.0587189816434063
0.0489982038368699 -0.013557150578611 0.107095187733746 0.0265928325167026
0.0399102356914003 0.0455448893075823 0.0383339532044336 0.0664029800104649
-0.0249702353803337 0.0588265600173822 -0.0306278411782675 0.0207284070795679
-0.0508078664846088 0.021695057906753 0.052864236406638 -0.0775643639203673
0.0178948235506746 0.0260839763253149 -0.0573157823462437 0.0977116252420638
0.0145184356235231 -0.0150805429587384 0.0536907846921747 -0.00234283945446549
-0.00848295894130505 -0.0173688041027278 -0.0277788232543366 -0.0842022239680726
-0.0122485067795768 0.00612505539025085 -0.117673075911575 -0.0397017284439808
0.00410623919890619 0.00852608348161803 -0.117013576248393 0.0681342112480855
0.00428935353187006 4.41190308764659E-05 -0.0403748187322556 0.10916271339445
0.00278580776209922 -0.00238401953192694 0.0148213599709045 0.091872721033762
-0.000996248006484708 -0.00788340688087236 0.0421883548391591 0.0745385906625209
-0.00253521664705085 -0.00874275086163289 0.0577438014254015 0.0680996963255387
0.0010696656596555 -0.0141061798836462 0.0496351690027824 0.0851588452869182
0.0138939615355775 -0.0105334741904844 0.00918557932519381 0.0982156489174324
0.016010278320264 9.14420835860432E-05 -0.0470914818495952 0.0937499946352242
0.0230359473407895 0.0112344984580418 -0.105240269959523 0.092840458084864
0.0157402167245312 0.0296635649088891 -0.143732050514566 0.0776927207440182
-0.00704352771352419 0.0525855489056362 -0.141865833608516 0.110601957960619
-0.0174289651755709 0.0682345025880175 -0.0563965719900939 0.087743385999995
0.0168663905544452 0.0329779622690667 0.0605394150124398 -0.00415411550508699
0.0201159467102784 0.00907602329120429 -0.0146493758945407 -0.0935849413933103
0.0193071471440435 -0.00297454282913245 -0.117880407964148 -0.0552156034127101
0.0236141276475846 -0.0176492629783119 -0.121488661084391 0.0570027546892348
0.00687766846198229 -0.0314159565431918 -0.0480025470191139 0.100952594486138
-0.00944966900363417 -0.0285316681139535 0.00828714505471466 0.0868251733780569
-0.0156931230493365 -0.0338036446174105 0.0377592972367684 0.0663364481219905
-0.0147502640134109 -0.0383139367085091 0.0583530370096283 0.0546205844775167
0.00548226119996928 -0.0568781291222403 0.0608752433198977 0.0684035566037815
0.0480814314603583 -0.0446689815385739 0.034227497508364 0.0912675134012369
0.0661466949943769 -0.00146922356106051 -0.0183514088087819 0.100536618183728
0.0577178648027716 0.0597582762153723 -0.0858280981471517 0.104579895959213
0.00582381926476613 0.0975911961733895 -0.126247151271785 0.0790792499750273
-0.0481198800467667 0.106516496901069 -0.120536150433009 0.0920959692721744
-0.0571511571407521 0.100149475923971 -0.0413895757265448 0.063083473183688
0.00934437875778038 0.0831899400229288 0.0733831700105891 -0.0118194849752793
0.0456867839886915 0.0457490331836066 0.00931919884980718 -0.106241900713396
0.0563206349722157 -0.00561259538372275 -0.107384771426292 -0.078754602559571
0.0468890555021035 -0.0416814062881141 -0.120209166657693 0.0342138466121087
0.0116504093284426 -0.0617692864157421 -0.0564544281356128 0.0808040547469662
-0.0185694408751013 -0.0524525502111649 -0.00336013733693587 0.071355270181229
-0.0286890776162445 -0.0547619914300386 0.0271064461508592 0.0495304275013887
-0.0254032669762713 -0.0591513356760747 0.0526420182055964 0.0311166989991225
0.00275934136734534 -0.0878630884812529 0.0690329556069332 0.0378044450062765
0.0640651112708389 -0.0776879331415127 0.0640016509077766 0.0670872350536934
0.101422378371171 -0.0204264713236931 0.0222724595883825 0.0983857334028386
0.0977731320591864 0.0815153042751972 -0.0547139092866763 0.113332617867617
0.0134999114640716 0.145702238291266 -0.105933764536708 0.0767485974236314
-0.0720747132519899 0.146308342735351 -0.0900512102493504 0.0608335233836073
-0.0930123914019367 0.115387950769166 -0.0108885498681693 0.0281222771452689
-0.00984569146309935 0.125892217717445 0.0921648051906982 -0.0239561120032938
0.0602399513041708 0.0877160048025837 0.0414236779721376 -0.115313990322405
0.0909977731604955 0.00151956201150399 -0.0818092404964691 -0.102296809027803
0.0702986107052495 -0.0583321182085463 -0.106339679776246 0.00187164475440127
0.0193155911634075 -0.0852116767155936 -0.0601230212231082 0.0480439556661225
-0.0238865989977818 -0.071200198120637 -0.0179768398046493 0.0453138039698713
-0.037218915024453 -0.0674509471947157 0.0139974769492875 0.0250164726376954
-0.0334328383789881 -0.0696833177804732 0.0406435377465444 0.00187974619708484
-0.00429197751210208 -0.102872547815112 0.0684419030237789 0.000553168694341915
0.0640947510136274 -0.0989866000376206 0.085123589441034 0.031523805067281
0.114502516621823 -0.0426726894500591 0.0614459212477414 0.0824914284220154
0.124787767421222 0.0801011214971566 -0.0188922127864103 0.110846868325701
0.0246039621438423 0.164682820068531 -0.0863910010683572 0.0672135355972305
-0.0789177706085691 0.163089356696565 -0.0572700913184993 0.0214599034770005
-0.114919949442791 0.110188524741294 0.0304480177136961 -0.0136116374907428
-0.0350362693192219 0.145275829504209 0.111236963986802 -0.0395741812228279
0.0569288094474291 0.117837388543265 0.0760142560716522 -0.114980047159606
0.109437451477541 0.0166857722102981 -0.0403028213372855 -0.11732039051961
0.08538427969786 -0.0617743087558107 -0.0773988490654519 -0.0344305152805837
0.0266226274620492 -0.0949963760954725 -0.0583724521844416 0.00671842017706311
-0.0251286974140359 -0.0795347172876356 -0.0313035026407661 0.0117505046950321
-0.0411210146361043 -0.0699410283043522 -0.00191012882066193 -0.00272937915243319
-0.0361014274959625 -0.0685176355987175 0.0244471550525516 -0.0268748195450656
-0.00851059048508036 -0.100850628386275 0.0601486738480991 -0.0340108940932081
0.0556706777399039 -0.101258254693786 0.0944617450426215 -0.00422181585721454
0.108258430143879 -0.0517332347503282 0.0876593557549353 0.0592330780358441
0.126538240618824 0.0700372078348737 0.00863792952319962 0.0973554903415025
0.0251903159150306 0.15879953630698 -0.0689654015241511 0.0525379382670133
-0.0786465309002963 0.15390579620658 -0.0253543506920122 -0.0184382863897411
-0.113397991683358 0.0852956560519222 0.0757721441102574 -0.0542063762469135
-0.054174385081695 0.13201154448267 0.12835280195545 -0.0556609701525567
0.037383047253791 0.121734668573597 0.101259138118513 -0.105503479264925
0.102032370745746 0.0290724722824012 0.00358151612537132 -0.115777636903194
0.0827075977132232 -0.051267602473767 -0.0408160036170863 -0.0643311403873001
0.0278001792815802 -0.0862574803738849 -0.0501955977019623 -0.0345668983085615
-0.0217659010393059 -0.0739002942655974 -0.041876658774261 -0.0222087745974925
-0.0384436433121921 -0.0621672710067841 -0.016863222315007 -0.0290384019679069
-0.0334566706189854 -0.0595428402991732 0.00859937505726894 -0.0519914417378964
-0.00946508242705447 -0.0859503137065334 0.0492506410229248 -0.0611746739849431
0.0459234375486083 -0.0871090220469273 0.0949729497890854 -0.0330667446051747
0.0925208187814854 -0.0454934448888787 0.100486379572058 0.039352592383503
0.10656802530495 0.0620924745525202 0.0256921985420767 0.0815198430914607
0.0120405792911272 0.135100374426089 -0.0541423188332121 0.0376875745710946
-0.0740365926831862 0.122992545186474 0.00341468868276985 -0.0512749278039947
-0.0878969596073603 0.046311883583869 0.112561210434916 -0.0874393938272169
-0.0565541715615458 0.0894782748903301 0.138442019155345 -0.0670565649207182
0.0154528081736126 0.0930505753522139 0.113830388417385 -0.0937507043554859
0.0718993687697445 0.0278828069458017 0.0367841170498583 -0.104335417995936
0.060104673632146 -0.0343467342787572 -0.00876801845088848 -0.0837389646692495
0.0223608557251909 -0.0621388821053634 -0.0420929939231736 -0.0665600118180605
-0.0160295901633388 -0.054608998214461 -0.049786567468768 -0.0501315699622949
-0.0299221526009292 -0.0448402653531077 -0.0284149778828842 -0.0497389070792603
-0.0259115914223453 -0.0443186954061683 -0.00412147741140912 -0.071343863376023
-0.00705505730859656 -0.0632770224521022 0.0408072998963989 -0.0796395494528412
0.0349714758557543 -0.0641547368253687 0.0948665706433486 -0.0520567650391066
0.0726313018010758 -0.030982687967166 0.105640822022757 0.0271806033250394
0.0758128376373942 0.0550187699177732 0.0348414826418197 0.0701328616336968
-0.0068120997220585 0.101500730485262 -0.0413941486519493 0.026797279924879
-0.0658296918716696 0.0768219959319826 0.0298303735034358 -0.0722137787014353
-0.0446229060907788 0.000267479729072853 0.130543163962012 -0.110016855776019
-0.0418133606652443 0.0310173262727078 0.136624239811617 -0.0750736794254289
-0.00143364395138735 0.0421948303593109 0.113132264462217 -0.0872745397041296
0.0285086915511024 0.0139506644147143 0.0515057760553853 -0.0956175974694713
0.0236637779305371 -0.0135506557048639 0.00593241083101484 -0.0932976300915038
0.0106021898132012 -0.0263450136035434 -0.039406404728618 -0.0820808072155767
-0.00734342417277729 -0.0258144856230311 -0.053980239130635 -0.0657609606234796
-0.016628101610804 -0.0216483962765633 -0.0356253100241218 -0.0619511389917341
-0.0151935451084959 -0.0245318702806853 -0.0113823909365545 -0.0819160551143599
-0.00544343395450378 -0.0364527341599671 0.037308377008405 -0.0906434796016905
0.020437528086963 -0.0374837899418588 0.0960520139973997 -0.0626049636845535
0.0489031286081379 -0.0149986885855913 0.107616852498531 0.0232793491286024
0.0412430109876985 0.0443414801040006 0.0393032616209683 0.0658321134164576
-0.0232551387126821 0.0604498573730161 -0.0311182021772474 0.022359206037496
-0.0502400931319772 0.0232624602308746 0.0508942315043306 -0.078967950742513
0.0190903704154925 0.0254378880927738 -0.0516275773246089 0.100111406150368
0.0135017796717762 -0.0151307698024761 0.0526797939243813 -0.00549319458670782
-0.00931708216107617 -0.0175199205776626 -0.0311186060585726 -0.0828194555505917
-0.0121045851973652 0.0070722055554185 -0.118167212796249 -0.0339692623021281
0.00467428716422052 0.00873187597965074 -0.112031970347345 0.0740297493242849
0.00473006841012788 -0.000411424837952736 -0.0339993994283642 0.110208988043658
0.00238185177852574 -0.00284046960742843 0.0197482588561076 0.0898529722881696
-0.00153716260009236 -0.00786317371620501 0.0460398071614876 0.0710487485266137
-0.00306802686046212 -0.00883470802069057 0.0615310024959053 0.0634744688783684
8.5386536863235E-05 -0.0142618632171317 0.0548624959846598 0.0813801666685439
0.0135247685665248 -0.0117585369187693 0.0142252133253891 0.0977284087791141
0.0162672250997034 -0.000278144164661615 -0.0438877212368261 0.0959440353778665
0.0231644467048358 0.00998390971559839 -0.100345594455918 0.0980940946257656
0.016638339897725 0.0287588932931792 -0.139270870399342 0.0833558330564885
-0.00446469006481996 0.0531374683772225 -0.136387408144936 0.117081018293602
-0.0136262624624387 0.0692935811752935 -0.0517472468410195 0.089720874321407
0.018213601780376 0.0315425264968136 0.0600695347928335 -0.00771031470788444
0.020156452918386 0.00799431273029565 -0.0185657241781395 -0.0930803882416761
0.0191377760035198 -0.00390605863262489 -0.119456636158989 -0.0487499544142928
0.0225203635204918 -0.0187950912399384 -0.116719476013523 0.0630944233383004
0.00462937585592735 -0.0313842433245348 -0.0418879641430264 0.102737469385114
-0.011590547518811 -0.0277505634967756 0.0124391655878455 0.0854062504000436
-0.0177536851203993 -0.0329393718303911 0.0413599840569215 0.0630847123766821
-0.0165560285561287 -0.0375539804593459 0.0612111282265543 0.049661557031152
0.00190465038076708 -0.0566930532085287 0.0653488548267587 0.0639519320222366
0.044915069878537 -0.0481243726655437 0.0393988652239874 0.0887685526759236
0.0655677273513097 -0.00475363941806336 -0.0150906202106136 0.101235052441215
0.0602680953869268 0.0566088329769379 -0.0808382038697377 0.108581492820979
0.0101636975248856 0.0969861079391438 -0.122456990896135 0.083665130363841
-0.0429985104596915 0.109515010849257 -0.116103699512886 0.0975524008484008
-0.0521362807315131 0.103589004217404 -0.0382414187615385 0.0647349192318547
0.0135026396958393 0.0819853270998421 0.0720870202803967 -0.0157978774277064
0.0479785536956185 0.0435944095335609 0.00532686811786971 -0.106790450337225
0.0555739576326894 -0.00830884841778902 -0.110217061943093 -0.0731038822126693
0.0442082842394279 -0.0442869769270499 -0.116597740179369 0.0396662189927098
0.00793959232012584 -0.0618550602159207 -0.0512534350211256 0.0828811293698662
-0.0217774970302473 -0.0510464837640326 0.000507660155442004 0.0706596981708924
-0.0313932763509523 -0.0523770892668851 0.0299847928411693 0.0472498330283019
-0.0281190449105392 -0.0579731344767847 0.0534945567164647 0.0269066317367691
-0.00275654161199425 -0.0878909512404476 0.0714001814308993 0.0326874869771223
0.058795904723245 -0.0809753735198751 0.0675928083580701 0.0637405416625399
0.100022991160531 -0.0251715657982483 0.0255379042193228 0.0970278910792493
0.101806202180331 0.0754914125176648 -0.0497479753065283 0.11600886263405
0.0205273318282657 0.144666502851506 -0.102704474829272 0.0807850564967574
-0.0644114251940408 0.149982946726508 -0.0871714613070547 0.0648958105619716
-0.0869366553195606 0.120585168378006 -0.0100899050716633 0.028856055154038
-0.00309939360308328 0.125716423835549 0.0901315809654268 -0.0291824053453276
0.0649953305918813 0.0843467941563075 0.0379086471108315 -0.117569280050555
0.0902980057594046 -0.00316584536991624 -0.0849016559211557 -0.0979885376388003
0.0666739490337854 -0.0623137913913827 -0.104672612779478 0.00644642572103166
0.0138000325462443 -0.0857082780668901 -0.0571789678400694 0.0510289799985018
-0.0279174074911903 -0.0693475458900685 -0.0149014167271614 0.045535889068259
-0.0409121084341287 -0.0643747694113491 0.0143220818981281 0.0235056297430794
-0.0367141655792633 -0.0671892683410052 0.0402287953910286 -0.000897840243193576
-0.0102137776970063 -0.102169134705941 0.0683736906861334 -0.00379487632460325
0.05776095682227 -0.102083172521056 0.087513559934131 0.0268493478830571
0.110996993667695 -0.0482459397316177 0.0639517632301851 0.0788868414313761
0.128079708008695 0.072780866798888 -0.0146278615869003 0.111767002892739
0.0332019640264791 0.163313327234009 -0.083643238385871 0.0703202651408822
-0.0715370508411569 0.167283732102621 -0.0556570519988859 0.0246237426689208
-0.108597854348361 0.116141067057292 0.0292516280858865 -0.0149193598196713
-0.0274278926943519 0.14555100287021 0.10928891886269 -0.0444988899464337
0.0629002082575315 0.114693993836268 0.0710692203988039 -0.118641529639131
0.109596246251281 0.0110013577450963 -0.0453070683247361 -0.114022861435437
0.0809997481523368 -0.0661128269595087 -0.0781414846588189 -0.0317169523147067
0.0203726853170836 -0.095899973911067 -0.0572439826008165 0.00931388962440411
-0.0291027276495485 -0.0770982452641009 -0.0298787768357231 0.0134406898659416
-0.0445535226357723 -0.0668770125358212 -0.00248013509893041 -0.00221497617057575
-0.0389811753793152 -0.0660262593488017 0.0226049535756455 -0.0284949261983085
-0.0145210774627739 -0.0995840457090737 0.0577307532759175 -0.0376065990731368
0.0496288942888848 -0.104081957930979 0.0943442470427985 -0.0105682940440531
0.105165079795562 -0.0572301800952851 0.089379637531737 0.0541920519340905
0.129687913712019 0.0626100715878177 0.0118958998791174 0.0972878924625375
0.0336147855303456 0.157131990123854 -0.0673388008943084 0.0555035760483874
-0.0720250022028391 0.158063742471109 -0.0257662445597131 -0.0165336378184617
-0.108454267384633 0.0910696015638456 0.0723865638703563 -0.0573324291528847
-0.0470739657736455 0.133161105993836 0.125200505151518 -0.0603882271312683
0.0432336208215441 0.119535535160975 0.0974298124355784 -0.11079984094653
0.102868714648315 0.0235910244583508 -0.000987329401569573 -0.114822319500718
0.0793183448662055 -0.0557326274266076 -0.0430893518211785 -0.0632737746376961
0.0220942600612734 -0.0874948973685208 -0.0516600846598035 -0.0320110696433812
-0.0259079545482184 -0.072097146696294 -0.0421414536205203 -0.0195056029192255
-0.0420620209850068 -0.0589246085839586 -0.0186621800534802 -0.0276332848251323
-0.0358640927301854 -0.0575833926725455 0.00501694237449598 -0.0524674051674278
-0.0138908334550565 -0.0847878331232793 0.0457342401493551 -0.0637571155947593
0.040666745565477 -0.0892126932024607 0.0937953898168707 -0.0385792653525066
0.0894894035261833 -0.0495932734950141 0.101752994313945 0.0339204722274055
0.109307887187804 0.0554741013604419 0.0284331682347232 0.0798065746480227
0.0194165039453008 0.134217871378585 -0.0532487120825941 0.0404830363395497
-0.0686430834355513 0.12656442377256 0.00156712550430353 -0.0509859930106938
-0.0848948962318904 0.0509469651792788 0.10806979743936 -0.0923266531845815
-0.0519195029036181 0.0921149423928226 0.135275306552145 -0.0718889219954419
0.0201297368237599 0.0918315838412153 0.110200335193132 -0.0985958230061297
0.0726745666421457 0.0239155036793921 0.0330658295215443 -0.105206145463532
0.0576125772943168 -0.0372445966235628 -0.0117568027646352 -0.0839573193979722
0.0184698261930932 -0.0627360160684587 -0.0453356393174134 -0.0639915966798509
-0.0184984538154951 -0.0538918780689688 -0.0518621781797761 -0.0468519717307814
-0.0325877299516838 -0.0424071417594069 -0.0307979113931245 -0.0477053047861448
-0.0281822821110758 -0.0422570004828158 -0.00826422984835746 -0.0703643000944255
-0.0112663883222574 -0.0627245303874334 0.0364666940467758 -0.0813421064438236
0.0308899762926405 -0.0655029692509203 0.0920182138579281 -0.0570499198873536
0.0703375834118691 -0.0348267727688872 0.106025462618278 0.0206938653199857
0.0779494843931055 0.0502067497320272 0.0372631614384107 0.0684038166360594
-0.00134051510241326 0.10131207618454 -0.0403418450042154 0.0295482480310158
-0.0620388666791534 0.0802549461252397 0.0259281012182397 -0.0727509971741648
-0.043990483897822 0.00286878005224931 0.124863135983034 -0.115278616576267
-0.039706264458738 0.0330978694663102 0.133237457488381 -0.0791491255637342
0.000816579174155164 0.0420918088337999 0.108841327618948 -0.0922389643119441
0.0286249340370214 0.0122646026475482 0.0485439763953603 -0.0982595194097204
0.0231696945493454 -0.0145323614376631 0.00163050902498938 -0.0936028064965567
0.00934930105361372 -0.0266466179226409 -0.043630006380227 -0.0795427346452219
-0.00904989479822107 -0.0250232782084923 -0.057771890527053 -0.0616035541353683
-0.0174386466698778 -0.0200583710078991 -0.0383661407311249 -0.0594186077910129
-0.0157375140708044 -0.023122650386945 -0.0159128570865046 -0.080416034850041
-0.00732656578185766 -0.0359209941879807 0.0325146356934077 -0.0914678436163637
0.0186968011382947 -0.0381632705205774 0.0921012411774822 -0.0674299913050019
0.047534855006488 -0.017329532204237 0.108432356612223 0.0176103583009759
0.0427884386286719 0.0418354339654441 0.0416771696280877 0.0640287584027917
-0.0197669840692555 0.0617167156817682 -0.0300440655849349 0.0241276687228819
-0.0488964887290291 0.0255173004297474 0.046136605153185 -0.0803472489092781
0.0199290925444062 0.0235519581050262 -0.0447601289559487 0.0994905557971153
0.0120766234845302 -0.0151023252918616 0.0505862034011476 -0.00838653607603534
-0.0103610953581323 -0.0163891024058261 -0.0340983722284349 -0.0786184852216388
-0.0112491322967474 0.0072485494733 -0.115484545069232 -0.0275561083138609
0.00497043132808816 0.00784157108297899 -0.103775737728863 0.0776561302953785
0.0038004409344611 -0.000645224277936485 -0.0270012088031705 0.108114509247219
0.0015005643792524 -0.00286998363214622 0.0235119234975596 0.0846844595632425
-0.00192244895011992 -0.00766589646136333 0.0481313088374661 0.0653166366708955
-0.00346939714480028 -0.00841135471635611 0.0628859271273899 0.0570794327301894
-0.000558001385553058 -0.014007844040586 0.057988505249713 0.0747467508827119
0.0123935896801368 -0.0125085216489767 0.0188565716431119 0.0942356418651459
0.0160465788914821 -0.000742411478635386 -0.0384025517290455 0.0962590904424256
0.0222505821006716 0.00842679812494487 -0.0917423714586754 0.100159980861756
0.0173110608361197 0.0275284272571934 -0.13058817849932 0.086223756916187
-0.00135939218580704 0.0517889271365479 -0.126390539392105 0.119935499924917
-0.00965253070555893 0.0679088476606648 -0.0462129010514449 0.089656083265703
0.0193026686653944 0.0296129950969543 0.0562179266963232 -0.0106842158800873
0.0201754141515949 0.00679939414085124 -0.0217143447042807 -0.0895567976674014
0.0177809309562471 -0.00529116182389354 -0.116990908597255 -0.0419321317500807
0.0208051075521 -0.020138495002104 -0.108813198887709 0.0667576193567796
0.00270508224593528 -0.0306203930295646 -0.0344802972423028 0.100936339502629
-0.0127751007661211 -0.0260522944354517 0.0167410732928384 0.0805906490718091
-0.0190542804941385 -0.0304568591781603 0.0431921639670492 0.0581008298524782
-0.018041111351506 -0.0349757190648521 0.0621560064963667 0.0434540052076738
-0.000977839330247085 -0.0551213830390011 0.067216581301927 0.0573919153193797
0.0409164550069507 -0.048936015451667 0.0435557553143308 0.0839993724983313
0.0632452816520861 -0.00821430738676523 -0.0108067128928253 0.0993169426096166
0.0611914498622608 0.0514345712764551 -0.073241873402335 0.10921330787209
0.0147106557558633 0.0939187129279104 -0.11521795598104 0.0859269013726341
-0.0362855579827115 0.108494046147656 -0.107437060734691 0.100009171261892
-0.0444110800481721 0.103451565863025 -0.0339806814775114 0.0645018219797059
0.0174252491144118 0.0786878717699475 0.0683981192337694 -0.0187579556401181
0.0487642895667902 0.0394752632284643 0.000383741910197272 -0.104266457559062
0.0529741178292751 -0.0113922303905898 -0.109130151316446 -0.0652954784255042
0.0397607083188777 -0.0456008652664967 -0.110475952715286 0.0440336350015926
0.0037883363145393 -0.0599252065107222 -0.0449162752292438 0.0823557411205874
-0.0233861933078148 -0.0481797056069959 0.0040072268494803 0.0675289168556519
-0.0329490201759377 -0.0485633747182263 0.031803347698096 0.0434131652144019
-0.0300601119167992 -0.0539705301179404 0.0528903085664141 0.0218794781380095
-0.0081793612436243 -0.0847893382680533 0.0711909861330529 0.026957861727241
0.0522504206230693 -0.0821917801476403 0.0702062064649597 0.0574276858234682
0.0950494881266957 -0.0300141570238686 0.0281858138272983 0.0927589712217387
0.102120538569181 0.067759581905904 -0.0425382299485223 0.114776119713162
0.0273780143670716 0.138972410972214 -0.096104940277138 0.082170913126274
-0.0555186692784096 0.149479594583791 -0.081158712319363 0.0674070689259509
-0.0776669047181524 0.12160989507052 -0.00919385736291836 0.0291117887296072
0.00365148224022573 0.120896341731349 0.0856053713275121 -0.0317488246957713
0.0674810614493247 0.0774767784840039 0.0314900227321255 -0.116447832634764
0.0868029667630492 -0.00764849872916977 -0.0860921780514531 -0.090514429862585
0.0602655448179184 -0.064234179287692 -0.0996464739699595 0.0108775950692992
0.00787683994065972 -0.0836329990729304 -0.0524108991821686 0.0517109039535113
-0.0307964152446175 -0.06543706813862 -0.0113686664526384 0.0443205251291746
-0.0430231143662811 -0.059332152558142 0.0158184632942175 0.0224003493732263
-0.0385877291804763 -0.0631637351412505 0.0379964668935555 -0.0041077325136452
-0.016148086977414 -0.098142154706117 0.0658596965774164 -0.00821519346128338
0.0498679741419725 -0.102288593113506 0.0869321322872843 0.020292430383646
0.104793062730872 -0.0524242591861454 0.0652077133112033 0.0730272556677141
0.127619782521521 0.0630573241195546 -0.00944116920643433 0.108803650566669
0.0411038463677047 0.156267070508241 -0.0784977166405834 0.0723109002085665
-0.0611744184277522 0.166845173172149 -0.0529097341540316 0.0268210194324484
-0.0985742026241955 0.1180243342546 0.0270331494514936 -0.0153946097760179
-0.0185134104330926 0.141758169253493 0.10302166070381 -0.0479871038422659
0.06692272634107 0.107498775077727 0.0644934303598235 -0.119152271414485
0.106453036397442 0.00448626016530045 -0.047909701452986 -0.108034529157
0.0740258015838688 -0.0684480257709062 -0.0764399725596703 -0.0271402987802815
0.0134911820185124 -0.0932923050786775 -0.0548815753319813 0.0120918914073775
-0.0323476488433764 -0.0730215358232002 -0.0278134851565511 0.0152932985295249
-0.0464177314410367 -0.0611438405866979 -0.0021879409927855 -0.00214693534365693
-0.0411543709886794 -0.061963943537723 0.0194480732500834 -0.0296055659431797
-0.0202752461522623 -0.0953971810355779 0.0536970346886015 -0.0400971040266834
0.0415688790381624 -0.103513921860589 0.0917461788025211 -0.0156862825895245
0.0979985996554134 -0.0607868434547381 0.0883455753100471 0.0476559431046408
0.128249113541902 0.0531302480556837 0.015395234929075 0.0936338549360665
0.04133370396651 0.150469111443498 -0.0634949236544999 0.0574777259635781
-0.0620552768107985 0.157713494903582 -0.0260093748879332 -0.0141573246308253
-0.0996494696132625 0.0936906671726215 0.0669523457875818 -0.0585749649116701
-0.0388849065544235 0.130821356663741 0.11812930398371 -0.0639161434224362
0.048722085424673 0.113065586598912 0.0896051194395423 -0.11192997082516
0.100556147426519 0.0173820084368629 -0.00547113248188635 -0.110905953796331
0.07313064512398 -0.058454389585278 -0.0442905372692047 -0.0605633176105874
0.0163216812049213 -0.0852790052610121 -0.051980262611749 -0.0283222582718363
-0.0289169524326235 -0.068148712942744 -0.0418101609001397 -0.0158670784844156
-0.0435460014674778 -0.053842247570806 -0.0189025437440738 -0.0249880129549851
-0.0375479498465371 -0.0536512929911888 0.0010363352861363 -0.0509624916427485
-0.0187872821958825 -0.0805805055416155 0.0403857813113265 -0.0643393318856646
0.0339528256039586 -0.0882997984022629 0.0895154961328084 -0.0435000662300864
0.0835662311219269 -0.0530314375821873 0.0987554681558862 0.027095547723518
0.107822803421832 0.0474303093140186 0.0305396288665808 0.0765381739599656
0.0262063503241478 0.128880586447924 -0.0503435396097364 0.042005100361384
-0.0598287264010812 0.126923308085237 -0.00126832639902465 -0.0489087903523759
-0.0786927048642393 0.0536823231633148 0.0999090306065383 -0.0946415776553602
-0.045335619321116 0.0911943190944925 0.127151136129618 -0.0751622268641618
0.0241990182642508 0.0872266924455699 0.102837439689753 -0.101172226848328
0.0711097624460696 0.0194786317951123 0.0275105835491933 -0.10336714097128
0.0530079072089682 -0.0389724851862307 -0.0159072286167533 -0.0817034806692386
0.0138777678962351 -0.0613207009631669 -0.0477908701043609 -0.0598522865417802
-0.0214033196814272 -0.0506478375204044 -0.0523590623566694 -0.041481727703068
-0.0328686584950723 -0.0385521383208719 -0.0319771010502387 -0.0442663244088368
-0.0291365614788082 -0.0395079716335065 -0.0122849172468127 -0.067288639621198
-0.0144418893735642 -0.0595171058197413 0.030934339551705 -0.080606512258549
0.0258560760319609 -0.065238807109864 0.0865160196374378 -0.0609776355068188
0.0656626225782224 -0.0368646503878613 0.103113121974992 0.0147550861012057
0.0773583644572401 0.0439919511696859 0.038736002781397 0.064747415975224
0.00446632012002626 0.098716184791625 -0.0383304075623612 0.0312425506340231
-0.0557558552020981 0.0812531898784216 0.0214464332416741 -0.0715002757201178
-0.0419058332628669 0.00519095314485333 0.115795225570317 -0.118162380358995
-0.036638951181227 0.0341851959320862 0.125006529263353 -0.0817601895029915
0.00286138261221345 0.0402391403720051 0.101343749075972 -0.0944042232635121
0.0278836490053563 0.0101839562532166 0.043094658472829 -0.0973075651868809
0.0212661967766724 -0.0153242644627607 -0.00323222714935264 -0.0923776359040228
0.00728174069389837 -0.0262036119191965 -0.0464837363763706 -0.0746511364241482
-0.00975409838070954 -0.0236388149672131 -0.0586621103306672 -0.0554715545043924
-0.0176209605089264 -0.0180007232632517 -0.0405459955745141 -0.0551280123495311
-0.0168411149394002 -0.0211492719927091 -0.0199508259003704 -0.0765620450888778
-0.00981132236516852 -0.0338009915133038 0.0264914757667898 -0.0898953476365202
0.0159889935196838 -0.0379238763427623 0.0860702777144502 -0.0704680563800127
0.0448741542855168 -0.0193221597014234 0.105540630374015 0.0113222888550285
0.0430521435853187 0.0378962283213397 0.0421642112340176 0.0600557315809576
-0.0151443315878818 0.0602458955015789 -0.0282773159216407 0.0260719295114619
-0.0453108664140085 0.0272807296119473 0.040172056368455 -0.0795491727921647
0.022297729204682 0.0210079534969171 -0.0324408137406096 0.0971368124973745
0.00961003766598662 -0.0157737498960574 0.0455561934737386 -0.0133756756389161
-0.0123212472426665 -0.0139767726936921 -0.0413995813536376 -0.0692756906316833
-0.00996098660040996 0.00766333820615834 -0.111889936238563 -0.010671710736943
0.0049907781725901 0.00616815315405602 -0.0875223176913353 0.0862730643202868
0.00381712298718052 -0.000908914479078242 -0.0119674719931939 0.104430664117315
0.00135640515589829 -0.00239450339379283 0.0315848729609313 0.0770101773098667
-0.00280748238742593 -0.00721848408443419 0.0525609913859644 0.0540452525584314
-0.00412915639898181 -0.00806004247779034 0.0656156904896229 0.0448607827368077
-0.00230838714214873 -0.0135667476232769 0.0633096960921342 0.0617551257352161
0.010404320896093 -0.0142537967714663 0.0288997646584774 0.0859407179068518
0.0160451938727303 -0.00293447310669557 -0.0253566279576671 0.0957562116760675
0.0226594330857917 0.00529239877860541 -0.0740255293587114 0.104704576713899
0.0206069256292603 0.0242499311924576 -0.111268650294714 0.0970197289307888
0.00709357777395049 0.0489530069678434 -0.105493675591478 0.130466797103542
0.000237108413919085 0.0682798902771051 -0.0325213080328911 0.0840326399876634
0.0216331405124275 0.0253304915707336 0.0504311469907569 -0.0178633856979366
0.0186539793216736 0.00332370241462368 -0.0316457220911642 -0.0822977824337849
0.0158259413939532 -0.00665572927632534 -0.11611695304743 -0.0242120531777782
0.0168889887199797 -0.0213789298811321 -0.0942593331897776 0.077192089403288
-0.0013952169052837 -0.0287369738947778 -0.0213437772614225 0.0994979455777745
-0.0145910924047867 -0.0223117867992458 0.0246915673313113 0.0744865409683375
-0.0218787892643693 -0.0262779244515527 0.0471856679633138 0.0484864187787818
-0.0213784161262022 -0.0312202437386006 0.0617950551972907 0.0324602793516409
-0.00867635688183906 -0.0511675503589028 0.0695782302432928 0.0432251690346703
0.030989056157047 -0.051492186165226 0.049655671856922 0.0725995968665457
0.0593233870725504 -0.0149909494719641 0.00161163282036611 0.0944765343093005
0.0643664482251105 0.0395521876580202 -0.0533333754864363 0.111320438408031
0.026419902549432 0.0856498563104299 -0.0950846552014685 0.0973386784536174
-0.0178602379050246 0.105291213723798 -0.0909677764233169 0.110763218896757
-0.0288457616083317 0.106365078825484 -0.0224129525328558 0.055670913920428
0.0250160630749952 0.0715646495647424 0.0616245716025624 -0.0284407187272986
0.0498783247352666 0.0306176035862671 -0.0132702920374373 -0.10127396041699
0.047568435739388 -0.0159255532160464 -0.112859993838583 -0.0478325067016827
0.0316506849908912 -0.0476241856298942 -0.100079903230338 0.0558751625776082
-0.00348325140640274 -0.0562457041033222 -0.0342371998978277 0.0839260021038833
-0.0274674052436098 -0.0415140647795415 0.0104854824671196 0.063568156633795
-0.0368671854486088 -0.0411074634112243 0.0343656332985675 0.0359514926899568
-0.0350265111613159 -0.0471607132788939 0.0506875932867841 0.0130359454912989
-0.0185605599435059 -0.0779664331012856 0.068453811686563 0.0143995109640865
0.0373896114381869 -0.0839803943922077 0.0709148229305056 0.0438040153829351
0.0851233959807118 -0.0395248104959961 0.0378586339384268 0.0822504896029867
0.104688999309875 0.048765772840944 -0.0232173993438333 0.112287795721529
0.0434680754183255 0.125573364509968 -0.0763273257402346 0.0931275292752066
-0.0307673788966887 0.14625365857386 -0.0706324452815834 0.0781749260516121
-0.0582810028093647 0.128283975408064 -0.000822857666543702 0.0174132291363892
0.0168138407729364 0.112790922174108 0.0761661396595795 -0.0441281798752238
0.0722482453546949 0.0642470140873644 0.0134175597851878 -0.117977264846993
0.0797843435249164 -0.0168882123599273 -0.0954479584154446 -0.0753614362715464
0.0481396056668916 -0.0674851075658106 -0.0957856297262344 0.0229369087733541
-0.00267267800461454 -0.078406441849533 -0.045983736443574 0.0560031970036043
-0.0361709149850806 -0.0572802597994618 -0.00772763988998936 0.0439303349596493
-0.0472867215637249 -0.0502672342430061 0.0165742331141883 0.0186692437126414
-0.0436227583541626 -0.0542774455904853 0.0333535269789455 -0.00938113493765185
-0.0277310368007468 -0.0889214802852317 0.0587426821825403 -0.0184511118766453
0.032144512637099 -0.102091850405099 0.0821909672262593 0.00646798403244776
0.0908423654632197 -0.0619083729555872 0.069551063540338 0.059067731851207
0.127753483001479 0.0408244615278288 0.00747827776791529 0.102168467642013
0.0579046665207753 0.139383460803121 -0.0596442605898537 0.0821519725795247
-0.0342669206375941 0.162170415077506 -0.0491714672832959 0.0366711725699905
-0.0788284769317871 0.126774391921433 0.0297268336811833 -0.0287529839664348
-0.00142421932182046 0.134692318072585 0.0909559316545769 -0.0616750232655587
0.0753010733854853 0.0920069931673022 0.0449071244188823 -0.125904704025878
0.0996621805762989 -0.00707593804461456 -0.0617527497119271 -0.0977660126525122
0.0611645859390012 -0.0736686945428991 -0.0792927956692904 -0.0165462699129206
0.00161358489125891 -0.0886517411556373 -0.0534709749559112 0.0190847707784776
-0.0384780448253007 -0.0643109061255021 -0.0270074994290112 0.0182131612727847
-0.0510632015391123 -0.0514243018081215 -0.00241378978712155 -0.00171437342826877
-0.0460136426652108 -0.0529529067889359 0.0128228516011852 -0.0303446097271583
-0.0309365413884118 -0.0854245514734201 0.0431084575121113 -0.046470253183238
0.0246886140382158 -0.101946309706944 0.0817747559485022 -0.027943653617504
0.0833095003437733 -0.0690900935311221 0.0884024237946255 0.0315713146171763
0.126387103031095 0.0314562611137177 0.0285878635870724 0.0846669134679567
0.0569371713759962 0.133520796407555 -0.0470255287205556 0.0670907377039609
-0.0363418050998366 0.153761444462148 -0.0289032886183685 -0.00611349364659048
-0.0832762259781318 0.103164129667879 0.0629216555198386 -0.0724650756549351
-0.0219624472231664 0.126511120783294 0.104665015600293 -0.0776572111450392
0.058279242383593 0.0995045109305379 0.0704132632953805 -0.122264737093084
0.0956300464743419 0.00513812302794398 -0.0218518170249259 -0.10650604934731
0.0617508346813716 -0.063358360807374 -0.0528443564812868 -0.0523675394840309
0.00494347991623036 -0.081809784186986 -0.0555547041105314 -0.0192142015535247
-0.0351776866667002 -0.0599484854263551 -0.043507855606474 -0.00930522199784574
-0.0467088014974476 -0.0442234758013244 -0.0210260933114749 -0.0209458514455765
-0.0416748653578548 -0.0454246968831499 -0.00654777454738983 -0.0478226117340853
-0.0276879984228133 -0.0719893667275837 0.0274234514336168 -0.0670216786534956
0.0193441835589756 -0.0863407212630685 0.077086966909726 -0.0534267804237672
0.070231171539899 -0.0596245497759551 0.0960841359393319 0.0109171808571689
0.106616700795179 0.028185232660169 0.040124299106532 0.0672124080579927
0.0408298608033387 0.11535188291711 -0.0381124848322336 0.0509118605674937
-0.0388177949522836 0.124928447171757 -0.00911261710593005 -0.0422832511292856
-0.0680268431480597 0.0608357445046603 0.0890057013052991 -0.106573072258488
-0.032415365422283 0.0898659727191167 0.111836382918269 -0.0881378551932019
0.032317513874913 0.0780386902079055 0.0846435588658652 -0.11210608627428
0.0683794262472121 0.0103552846857517 0.0119292632933483 -0.103549417208409
0.0452722673782761 -0.042937631311379 -0.0276582186550744 -0.0765805334234978
0.00534545781881632 -0.0587524198730089 -0.0545036599237004 -0.0497520303428808
-0.0261795133271709 -0.0444428089392028 -0.056361217673011 -0.0321834788149662
-0.0353230983385122 -0.0315062259478397 -0.0355888105996818 -0.0363006807977796
-0.0320777423966661 -0.0327780177127933 -0.0208091556667736 -0.0612935100756078
-0.0211890601014734 -0.0528924790202733 0.0174115277053815 -0.080176565868099
0.0150355913767949 -0.0634877347498468 0.0725378064910921 -0.0691658945457355
0.0557381328543238 -0.0426150227905703 0.0984566920501484 0.000318033665152664
0.0774799328069022 0.0295411635758996 0.0458311138365622 0.0556581624170795
0.0170272278698858 0.089636391312645 -0.0297434686640985 0.0387334662071757
-0.0415933168022457 0.0815909469943559 0.0094565517758342 -0.0672826433405699
-0.039535993681778 0.00906644920621748 0.0987744359114884 -0.126007561396952
-0.0302801113520416 0.0355470822277859 0.109493339437373 -0.0927734773545986
0.0072527428175638 0.0362933164437195 0.084988395395699 -0.103170480954853
0.0269727812233644 0.00651094568495938 0.0273360170081429 -0.0989820808326436
0.0183153255784672 -0.0170122904303952 -0.0163834819662005 -0.0872144054251028
0.0035475466731662 -0.0250418568240983 -0.0542011029473354 -0.064519169034911
-0.0125630448394016 -0.0206220125545025 -0.0634008725990718 -0.045193852389582
-0.0184727603908317 -0.0141150501783375 -0.0445979932250633 -0.0461782590340005
-0.0186740455038638 -0.0173291483263979 -0.0284741199082219 -0.0692591712148046
-0.0138678705688508 -0.0293049135878659 0.0131985941905326 -0.0884968676788073
0.00925515977999295 -0.0370704840186365 0.0716866812521143 -0.0776217718586242
0.0379400975152284 -0.0236630566341505 0.100915273880371 -0.00291970524421527
0.0452728242372569 0.0285161720523324 0.0482105873731811 0.0517686744115867
-0.00572237557651623 0.0573120046568727 -0.0218037350320078 0.0312911652668595
-0.0385777859906948 0.030601614896113 0.0267959281700813 -0.0791665810808293
0.0212571453764263 0.0204614497846729 -0.0312102631368897 0.0913999364196602
0.00978345908758621 -0.0145959132714841 0.0430472936458561 -0.011954581650873
-0.0115796548301552 -0.01340830262659 -0.0383104694858283 -0.0656691277926204
-0.00955839315288993 0.00758910780638973 -0.105893998092962 -0.0118376361002654
0.00485693364058261 0.00573791838946646 -0.0823882774394865 0.0809533859169549
0.0033451814368002 -0.00130716617934887 -0.0121899569838734 0.0982731905077048
0.00123955123992448 -0.00228905586011737 0.0287913697908208 0.0725920789969733
-0.00337066223134819 -0.00700259382839105 0.0498381873650763 0.0505927794837855
-0.00376281590040959 -0.00758409980416796 0.0613931841974895 0.0421306609402822
-0.00186190704919577 -0.0131285301856619 0.059965288142425 0.0580314146019834
0.00985374456927117 -0.0133271123816801 0.0271941756363145 0.0816804490751024
0.0151158205648126 -0.00253630364629911 -0.0252557326634787 0.0914826532592669
0.0212484133282917 0.00510699666813309 -0.0707160243674046 0.0981094643553396
0.0194390885164187 0.0229684365566184 -0.107082014924198 0.0894672819556035
0.00623227537158821 0.0465150286038328 -0.101337171435802 0.122332529835194
2.88734561388346E-05 0.0645680216275334 -0.0314844031020584 0.0798527605014999
0.0202726230050839 0.0238958044655439 0.0476009601762689 -0.0161962662467442
0.0172691410200251 0.00309338395699212 -0.029373660181032 -0.0787875679871339
0.0148314316974077 -0.00593814181151175 -0.109298807504739 -0.0244976494466637
0.0157957705973431 -0.0203290582061336 -0.0892940789501826 0.0722066307124282
-0.00137355149306654 -0.0270899033430922 -0.0206160360973521 0.0938443954361183
-0.0137833580866915 -0.0211647243697623 0.0226086315104902 0.069882415187354
-0.0205433933381984 -0.0246818030599196 0.0445197047564361 0.0455692417399086
-0.019898261860029 -0.029738019623698 0.0578373161654685 0.0303841299109861
-0.0082960888012238 -0.0488322904180133 0.065861549616417 0.0407966166905302
0.0294199305805551 -0.0493000699599165 0.0471410845521696 0.068544140159012
0.0560075682691933 -0.0137169715390405 8.96149604611897E-05 0.0903322892164097
0.0607822874620428 0.0379602887664451 -0.0517496542583339 0.104429984426819
0.0242852005149454 0.0815419737965466 -0.0912012001035 0.0901550769739786
-0.0179347500327374 0.10054685217985 -0.0877490127802922 0.104021751067217
-0.0279115298918487 0.101226190154521 -0.0219040108123245 0.0533772295700929
0.0234252017957471 0.0674072896467193 0.0574982631776789 -0.0259815185325425
0.0469357920685989 0.028635547425131 -0.0112380720485036 -0.0961555995164867
0.0446877945184677 -0.0148943591945401 -0.105897182701417 -0.0462717380250095
0.0295418857069024 -0.0449997068678586 -0.093915883392863 0.0519205674108964
-0.00315356318277403 -0.0532681865849871 -0.0324433860448185 0.0790045393182291
-0.0258333167606131 -0.039247024464879 0.00946401934307198 0.0598877416297656
-0.0347546696276157 -0.0391131069245596 0.0327324302845508 0.0336505534590898
-0.0325390258077467 -0.0449491027099059 0.0473130533853724 0.0118245678093589
-0.0177075388629846 -0.0740794238381968 0.0646690734728204 0.0129427933191571
0.0349737549570558 -0.0798822140386049 0.067675141146246 0.0409319335057047
0.0808881671258393 -0.0370943961765958 0.0341098339284146 0.0790512948939742
0.0987341524933558 0.0466520969106009 -0.0233465440336522 0.105851331605164
0.0406308494156991 0.119747819448477 -0.0738240422854347 0.0875896621167992
-0.0302786647734149 0.138908013625601 -0.0679652886217328 0.0730592018660298
-0.0558204931156647 0.121050801309566 -0.000882816854426007 0.0169235225536732
0.0151433043868259 0.106907199778026 0.0717771672642086 -0.0403817218318224
0.0681771653040921 0.060708385946807 0.0147231893660246 -0.112425763838465
0.0752266675572494 -0.0156728951967927 -0.0884571361193667 -0.0718918766447087
0.0455456754264126 -0.0637475229673062 -0.0905690847808205 0.020193019471674
-0.00265986268861134 -0.0745967257239915 -0.043769607887058 0.0532869058614579
-0.034062060840674 -0.0543011321711091 -0.00732720009588048 0.0415603002417561
-0.0445084974305453 -0.0468263788723025 0.0159763074396913 0.0173082893291941
-0.0413375203864955 -0.0520674114968835 0.0308080112577349 -0.0091286494455372
-0.0264690066017652 -0.0839173637152286 0.0553587266799019 -0.0179652737102681
0.0301704523793657 -0.0970450830553053 0.0782582800749765 0.005853875748162
0.0864154412561506 -0.0581577188448305 0.0646873292836101 0.0563247882667744
0.120622431329185 0.0389689443745208 0.00558625256248756 0.0973016978607429
0.0543089584556998 0.132972088192078 -0.0581956568478169 0.0775714740690208
-0.0342746578887216 0.154226831024729 -0.0469319707425229 0.0344672671039305
-0.0756681688397639 0.119961247236579 0.0283181361233956 -0.0264611556360374
-0.00278122710509509 0.128004410748308 0.0865891692856588 -0.0570256724340002
0.0706426703072532 0.087457521344219 0.0437673485449062 -0.119916784703888
0.0941715567379264 -0.00628682571733799 -0.0564486874070772 -0.0931262324800834
0.0578770292398778 -0.0692104317980392 -0.0750913491476419 -0.0168184811908514
0.000916732829202711 -0.0836886542344183 -0.0511006777046473 0.0177814219171496
-0.0368178910586532 -0.0605890141797798 -0.0254648808627186 0.0171929967269654
-0.0479045985809741 -0.0482869738484162 -0.00228527239945533 -0.00203984646961518
-0.0435113282533767 -0.0502457192062005 0.0117353071979592 -0.0291195114052022
-0.0295267637520832 -0.080981591459694 0.0406653830296994 -0.0439070983509048
0.0225378133635765 -0.0968438643375377 0.0786725989876387 -0.0273506900013257
0.0785852148225087 -0.0648617533333646 0.0827552398756901 0.0308416607615854
0.119553432638878 0.0298962038193377 0.0255554744392944 0.0810789481642159
0.0533871416597784 0.127154513746192 -0.0458087356059864 0.0634929591583001
-0.0354557273384502 0.146182572909973 -0.026862284311951 -0.00581019557103304
-0.079457267683115 0.0967951695692293 0.0602826241151915 -0.0674556733359808
-0.0216230028765471 0.119641183964276 0.0991114265606206 -0.0724506715743139
0.054763295105641 0.0937967267187161 0.0680751021332811 -0.115191080287172
0.0901715807252058 0.00522453589455722 -0.017977500647945 -0.101400459588681
0.0580671704283054 -0.0599875829114989 -0.0497429241956447 -0.051350219939416
0.00460753283273897 -0.0771157434678754 -0.0529857480609978 -0.0183024079644638
-0.033424747105045 -0.0567690094505757 -0.0412940081630174 -0.00877977341988627
-0.0437389102792886 -0.0417237710331034 -0.02011746931491 -0.0199695677965026
-0.0396210936963402 -0.0426680542653554 -0.00612512250806062 -0.0457975692302066
-0.0264973956751457 -0.0681294256528982 0.026425906795552 -0.0635857423204323
0.0181541855959901 -0.0822504647987804 0.0735542559613003 -0.0515395399772454
0.0664071823439637 -0.056147868347464 0.0903650943308103 0.0108920474295169
0.100616781511591 0.0270317927969867 0.0366269283235827 0.0651135583774731
0.0379031948243267 0.109559450049786 -0.0367256379223962 0.0482113461008888
-0.0376516412041589 0.118110696048974 -0.00858526468859398 -0.0395796420444596
-0.0650183918082671 0.0571359846554946 0.085224989869986 -0.0995833942548206
-0.0311501750177421 0.084896685291699 0.106800509204563 -0.0818455683453241
0.030296129733433 0.0738736011671133 0.0812377660045947 -0.105747838096268
0.0641907892780131 0.0100151856931691 0.0128751164571102 -0.0980897122879805
0.0425573744757999 -0.0407665327578281 -0.0258520446658902 -0.0738006851049611
0.00516837262011842 -0.0557596646008533 -0.051764547205558 -0.0467712430058312
-0.0244507116412666 -0.0416807680140542 -0.0528083625336494 -0.0305194625628919
-0.0328945343416877 -0.0293530502410879 -0.0332900873185954 -0.0352649939615349
-0.0301290060234393 -0.0310781563211093 -0.0193331545374695 -0.0576369534404293
-0.0200788373236194 -0.0496833868391068 0.0168864778135342 -0.0764693053888689
0.0143992206005875 -0.0595485304889336 0.0693400439143919 -0.065657278420206
0.0521353256189495 -0.039533396335304 0.0934054194115177 0.000194110468088245
0.0728452752434255 0.028200508914415 0.041771231674203 0.0538251286628569
0.0156868374301168 0.0856067638250608 -0.0281028275955636 0.0367979221929505
-0.0392081777864857 0.0772044126379443 0.00954905292691124 -0.063863548369631
-0.0370385600242316 0.0080806807279004 0.0950571763594653 -0.118872543550064
-0.0286785141788847 0.0335455464939003 0.104771977540719 -0.0863971079750471
0.0066366476426696 0.0343819878110155 0.0819554110394516 -0.0970074028995547
0.0252662870900373 0.00675428910517906 0.0279425276347073 -0.0937993616163679
0.0171277667240057 -0.0160184535401173 -0.0147968084942851 -0.0841735755442179
0.00367408774665041 -0.0240132676649928 -0.0512098297060079 -0.06106350509421
-0.011722860138433 -0.019620013210946 -0.0598854220168987 -0.0425227585626796
-0.0169689761943135 -0.0129957452281223 -0.0415607288253207 -0.0438828903451215
-0.0175069007049724 -0.0163658038700229 -0.026526862978373 -0.0651278008101266
-0.0130151028510592 -0.0270461457236316 0.0126989752180307 -0.083284117031621
0.00896547331058395 -0.0350784243417379 0.0679358702128182 -0.0728193503472626
0.0360081357490106 -0.0224697190107204 0.0954281770500442 -0.00243414954046751
0.0420716197008326 0.0269237362153674 0.044633580982428 0.0499973689412793
-0.00536465564826191 0.0542077102461045 -0.021274056704218 0.0298924251211025
-0.0363781155075292 0.028875383560625 0.0258047535230102 -0.0743156486639793
0.0205496940688288 0.0204066300372184 -0.033094193438677 0.0883720250992408
0.00997521593868714 -0.0137895139280129 0.0418782521676141 -0.010024270649333
-0.0113819572226848 -0.0128324024783443 -0.03472874553189 -0.0654437726784943
-0.00966461452712794 0.00703697952270174 -0.102476663266607 -0.0156388792309058
0.004933371736652 0.00531475176494891 -0.0826723224602914 0.0764941206224777
0.00333635690087798 -0.00107067951131926 -0.0148000323547626 0.0952173899214024
0.0017865179925009 -0.0020131366241029 0.0251740916687091 0.0711923795908353
-0.00264092177376325 -0.00671157328848766 0.0467305690539087 0.0503008280994727
-0.00392512198120676 -0.00817398645009277 0.0576560897838769 0.0425240622321105
-0.00166594203876374 -0.0134279588209447 0.0570982461107041 0.0574213603968972
0.00993157712499882 -0.0131019175603054 0.0237800695253903 0.0807579991352926
0.0154731308787996 -0.00184404259729037 -0.0280306352563302 0.0889982495291887
0.0198723002579565 0.00604972237083757 -0.0722917858280061 0.0928089271404929
0.0180625784457479 0.0229264987041658 -0.10776816801529 0.0823279741906284
0.00448834415630484 0.045540292691638 -0.102386899706679 0.115714206510505
-0.00162429090611651 0.062893221890853 -0.0330908190667135 0.0769409881719347
0.0189248432236653 0.0239304079696636 0.0463646397699888 -0.0138374725391713
0.0168064659181348 0.00363875321245408 -0.0259290181982449 -0.0778204255318607
0.0141249921182293 -0.00523945244099869 -0.105202626444912 -0.0277021036950163
0.0154794476187626 -0.019012859720436 -0.0884430708413695 0.0665080435770635
-0.000706454483831919 -0.0264384846822074 -0.0228018801942391 0.0900990010387406
-0.0132701540619282 -0.0206566693577635 0.0192953825026031 0.0681272538495587
-0.0193170727409138 -0.0245160683934328 0.0415550783106088 0.0450178175010041
-0.0183595995563417 -0.029474797835533 0.0549232142117493 0.0301623456065244
-0.00703862328342858 -0.0478311446672805 0.0624374787229141 0.0405865975370143
0.0296668333377735 -0.0472665377827002 0.0445050448026856 0.0680979218748787
0.0553255234054534 -0.0118074563288339 -0.00296802725579478 0.0888935044010898
0.057607085840353 0.0387590586837839 -0.0540110010885419 0.100004789259274
0.0210398010725059 0.079774347719495 -0.0924505254188989 0.0837860660583862
-0.0207095155702526 0.0970651360594176 -0.0885661808469204 0.0982454147440772
-0.0296175145676108 0.0974315261949009 -0.0232375443664903 0.0521806491625667
0.0206746491280555 0.0661610772971906 0.0561724017840892 -0.0227241814991022
0.0447864867728731 0.0289320429827623 -0.00781560276557945 -0.0946150145371893
0.0431483752987015 -0.0133795181003318 -0.100578546135923 -0.049037075275089
0.0296822240864669 -0.0433591113144111 -0.0930384061646123 0.0473136830745508
-0.00208661713118891 -0.0515439214401938 -0.0340272545435902 0.0754898436642871
-0.0242753369758047 -0.0384961199285673 0.00734085252888984 0.0579535161878561
-0.0331981232402942 -0.0385432667829502 0.0306078046599803 0.0335592777803207
-0.0304899191260693 -0.044991025229909 0.0448496818688895 0.0119903610108288
-0.0156961556956106 -0.0721410861251593 0.0623687640323742 0.0140229356476349
0.0355151056373711 -0.0770397866692088 0.0651550004558936 0.0416213905376308
0.0797309862121708 -0.0336023897669003 0.03036879495167 0.0783156573525156
0.0944069011207627 0.0483433136154732 -0.0269653954619924 0.102857773683068
0.0361192957858642 0.117858350037554 -0.0755650059090489 0.0822278815355454
-0.0336504402697444 0.134890710118948 -0.068669215526312 0.0690207245379848
-0.0579527378433859 0.115511814411234 -0.00169185103717731 0.0173097675855871
0.0114572679079908 0.10402918154647 0.0700237028725396 -0.0360375534890948
0.0643141258511878 0.06054529926482 0.0182194885257174 -0.1094130513382
0.073300179659206 -0.0127777514059963 -0.082986595166563 -0.07366322448602
0.0451510508788083 -0.0607888688695927 -0.0885664281496842 0.016493522038684
-0.000827514635614402 -0.0724207107154684 -0.0439712080453674 0.0502501660746722
-0.0320400198037509 -0.0533572034367667 -0.0080758563719219 0.0399558247550541
-0.0422378700109055 -0.0466857902993845 0.0151983665477165 0.0168971768977449
-0.0383466703926208 -0.0510145836852185 0.0293428848654944 -0.0085019687389086
-0.0240421209656663 -0.0824069301571606 0.0541743314205457 -0.0162783374354697
0.0310071471562129 -0.0937831596263613 0.076499033044867 0.00673925414065748
0.085096483260542 -0.0542191226393005 0.0608966319913721 0.0570575359361772
0.115803970724658 0.0408908997594239 0.00145187253467849 0.0956104471574167
0.0493348991375254 0.131241993005687 -0.0594133996894423 0.0738216969433238
-0.0379810321655931 0.149749668894376 -0.046870781149425 0.0324800819262073
-0.0767588812541885 0.113994969608902 0.0280552016128637 -0.0234116713348836
-0.00639253155161969 0.124019108818475 0.0852191844548611 -0.051903864962703
0.0661493411406629 0.08668362713182 0.0470847304280151 -0.11508165291046
0.0911389202322614 -0.00337943867323269 -0.050591114036343 -0.0934592456123606
0.0573433578979889 -0.0663446691691604 -0.0718559093254555 -0.0201658453504393
0.00277431677144073 -0.0812471362742119 -0.0503362424276237 0.0154377231465162
-0.0342517665401473 -0.0596244792419799 -0.0247412953581061 0.0155818501504493
-0.0449967521991635 -0.0476618510787176 -0.00203525985910214 -0.00242017000579581
-0.0406528352426125 -0.0502910417170634 0.0119068206749135 -0.0280754697979456
-0.0269397608981329 -0.0793018350750248 0.0408641572228886 -0.0421618008852958
0.0241377890210559 -0.093882177755295 0.0775707785385848 -0.0251458347849124
0.0779397122563878 -0.060843138616967 0.0790869911179646 0.0325451574056786
0.114901594977703 0.0316195894600346 0.0212501888877717 0.0805209118244808
0.0491058660433132 0.125257136496102 -0.0479278976154911 0.0607114398720839
-0.0393097565649318 0.141683844214547 -0.0265591412865809 -0.00565181327079634
-0.080311092388045 0.0918129691362677 0.0605316307388111 -0.0631974313584856
-0.0245592653112579 0.115591313928028 0.098189325257546 -0.0657334818150929
0.0503547429541104 0.0929051292381494 0.0708553624588775 -0.110658769667118
0.0875689814189674 0.00801631743243563 -0.0131045047986961 -0.0999890992793861
0.0573779353253988 -0.0566628965399335 -0.0468481312068891 -0.0523803022887487
0.00665042036365356 -0.0745750475967794 -0.0513999804427826 -0.0195406928645914
-0.0306365548310379 -0.0554332442580126 -0.0398367575797415 -0.00932527110248636
-0.0410390705023109 -0.0411868378919087 -0.0186010248114269 -0.020495533034888
-0.0370468073736334 -0.0427448129448641 -0.00524438656376608 -0.0445164558717977
-0.0240161697611873 -0.0666657331912668 0.0271665682102767 -0.0613774185533396
0.0195018178183127 -0.0794875164610389 0.0733658796141929 -0.0485171218135042
0.0652621528507215 -0.0522211303257807 0.0875928033632287 0.0135045710773772
0.0961121710006312 0.0287693021374437 0.0326866384864061 0.0649152409856646
0.0342291287444975 0.107906050901844 -0.0374409490123603 0.0462997756046923
-0.0403277988878743 0.114537934419248 -0.00724072632305516 -0.0385179786248231
-0.0648188884618809 0.0534313890128949 0.0859114780571126 -0.0935889190321115
-0.0325291974282996 0.0813871450622438 0.10611114047773 -0.0749212641758313
0.0273286294098372 0.072529629995266 0.082853587336372 -0.100191235324748
0.0617955244592783 0.0115926962383004 0.0172665918205521 -0.0957673363100741
0.0422772563666074 -0.0381301035803976 -0.0230467430134838 -0.0741627310256773
0.00630598505647948 -0.0538344316721671 -0.0495526709548365 -0.0472175510059792
-0.0225687083482525 -0.0411147945226002 -0.0502853168680887 -0.0306700673914736
-0.0306772809545674 -0.0292611192527255 -0.0316591300213505 -0.0351826538735731
-0.0283577770035473 -0.030610338462802 -0.0173464318347951 -0.0567263553510232
-0.018358089891573 -0.0484078978447497 0.0185197038145006 -0.0733626097227258
0.0155647548865675 -0.0580742623494517 0.0688191669773706 -0.0624928086686057
0.051203430460729 -0.0364163520078125 0.090299173167526 0.0037642668366792
0.069193688630391 0.0285210193129982 0.0380974704032589 0.0546367883608738
0.0133219050295168 0.0828663952771527 -0.0287934242389888 0.0355024372367082
-0.0400631980466107 0.074298517369592 0.0108637266975382 -0.061726629349761
-0.0363511379334119 0.00699258924410679 0.0968136282364144 -0.111818616289327
-0.0284507301795506 0.0315504263871423 0.104862087399947 -0.079578641408384
0.00528286495866476 0.0330969523664404 0.0831545873783907 -0.0918012401833323
0.0243023586010748 0.00729528061840878 0.0316062657726315 -0.0908560148094093
0.0167170870561045 -0.0151244150826684 -0.0121973812057368 -0.0828206480284685
0.00413403864233066 -0.023660611771576 -0.0481799816316548 -0.060899689697532
-0.010714010554809 -0.0189116464679584 -0.0567833000516932 -0.0424157195151293
-0.0160859839611832 -0.0129792335250994 -0.0391005545880365 -0.0436055647784984
-0.0165471296031105 -0.0156768199191334 -0.0236951108411249 -0.0635546835461542
-0.0119937049035521 -0.0266909683532744 0.0143650178774401 -0.0809894530259225
0.00962206107108957 -0.0338745393623099 0.0679587516823597 -0.0690278967409901
0.0355575973208043 -0.020349706690147 0.0924723621436391 0.00108825993961269
0.0394483446872499 0.026748392451173 0.0407810306336318 0.050612173973511
-0.00700991027184366 0.0518496853605369 -0.0215709323950201 0.0293496758285174
-0.0355757930781193 0.0267051584578963 0.0265426253285988 -0.0710819095423953
0.0201911163404035 0.0214651330861777 -0.0364071833475623 0.087799948023505
0.0103009020352804 -0.013025196656612 0.0425088985967858 -0.00798118684340283
-0.0108182178212441 -0.0133373056867101 -0.0323196310122853 -0.0670027492665189
-0.009960717112489 0.00741393036540325 -0.103077095111463 -0.0201627260720748
0.00481040068297664 0.00544959753326462 -0.0852942130857903 0.0738324237360966
0.00312375422656403 -0.00100231028179483 -0.0177456840263755 0.0955079711356504
0.00163394212496385 -0.0020743020257825 0.0225434869373741 0.0722292843683001
-0.00248887022616557 -0.00704356926131971 0.0448150683759857 0.0520386868899741
-0.0037849194976958 -0.00877159927378885 0.0565893704862124 0.0440084715955341
-0.00123806977259793 -0.0140746792702774 0.0554971047558752 0.0589828934064735
0.0100716153626402 -0.0133353784560923 0.0216773841250822 0.0822847973363997
0.0156711947944046 -0.00122841517785666 -0.0316125647658117 0.0896611109299374
0.0197203665529131 0.00692406413670725 -0.076105223000852 0.0904559798320988
0.0173664427758012 0.0237134954842362 -0.111900408060472 0.0784284973506893
0.00343705908263442 0.0461790246961961 -0.108026140473905 0.113019752861847
-0.0029796804149503 0.0634921093855895 -0.0357416135733647 0.0770078727228942
0.0184403494919111 0.0245947747001165 0.0472265621148979 -0.0115527421401272
0.0163784471429552 0.00437889043209042 -0.0229057539148864 -0.0793138567815899
0.014006636846462 -0.00414401528972911 -0.104930659690851 -0.0325783909093409
0.0160947326704253 -0.0191117492165229 -0.091435690580349 0.0644265440384801
-0.000256142714003422 -0.0265437802296362 -0.0252413741245685 0.0899115707240787
-0.012100562929829 -0.0213085064700608 0.0169726429023083 0.0687853144125245
-0.0189330569840985 -0.0250334076483418 0.0403563885344029 0.0459618006672652
-0.0174787854067313 -0.0307712645404316 0.0538843662063234 0.0316465410531341
-0.00530078051225887 -0.0486348115804309 0.0615312324004239 0.0420367633376321
0.0308376838298967 -0.0471313812278428 0.0432422740695622 0.0698642714352821
0.0563386617050007 -0.0101980606151832 -0.00700071579662844 0.0900872792463294
0.0568145143513348 0.0410496059289294 -0.0583198877082608 0.0992297594970294
0.0186585949942516 0.0810989176538809 -0.0973894144589372 0.0807615810023306
-0.0240355654282027 0.0980358966193094 -0.0927243506796547 0.0959084448998903
-0.0327828455654681 0.0973317384839536 -0.0252277050268582 0.0522564917797478
0.0182453095034836 0.0671947416414356 0.0573848209230735 -0.0199857860702672
0.0437174237823487 0.0303715734906726 -0.00388970750275621 -0.0957825666634975
0.0435756739406951 -0.0118006990414026 -0.0990654520894463 -0.054058444284203
0.0309561164431285 -0.0429924958386234 -0.0946596426447294 0.0442842999042891
-0.00114694697657791 -0.0523304188624258 -0.0366743737084044 0.0751708715080668
-0.0233719821426782 -0.0398778356266051 0.0049517370163757 0.0581671863812401
-0.0320235057359745 -0.0396453178148434 0.0297394428569627 0.0338314549090128
-0.0295055881295446 -0.0464900615313455 0.0444261649268496 0.0130766413835543
-0.0138766833000462 -0.0734601045799984 0.0620984469703531 0.0151803364354055
0.0373349150945098 -0.0770156693650078 0.0651490313082357 0.0435171850935512
0.0810926296202339 -0.0314760045099703 0.0272196969364261 0.0806304022171432
0.0934800306172995 0.0513711144701031 -0.0312406005907248 0.103092137100917
0.0328829015367977 0.120140742274482 -0.079614400003325 0.0800762446054385
-0.0387089061848709 0.135323221532085 -0.07180314154998 0.0677396911712116
-0.0614525031041314 0.115617225996343 -0.00204627412928182 0.0180969106082917
0.0082486022080597 0.105383861222546 0.0719742130144413 -0.0329741254374563
0.0623657490868659 0.0630388587043332 0.0229770323172431 -0.11010983300634
0.0740470016509751 -0.0106405896618025 -0.0802229648088403 -0.0773220624256219
0.0472440064027031 -0.0601035421292499 -0.0896142222325009 0.0129819300971541
0.000686103502305787 -0.0727066420551175 -0.0455538895165028 0.0490116809303381
-0.0306759740469294 -0.0544281452496549 -0.00945164979950948 0.0399397353356733
-0.040519992155587 -0.0480457798331597 0.0146902072219236 0.016696005295358
-0.0368396123992003 -0.0531047450512695 0.0294486448117096 -0.00780976109391165
-0.0215989421988156 -0.0838589531672257 0.0544502330850546 -0.0153932055053948
0.0331523018975663 -0.0943422083126731 0.0780339252866602 0.00842078540709616
0.0875395079272896 -0.0518910868864348 0.0587720381637476 0.0597553094146132
0.115447093890749 0.0449178651829496 -0.00298133662340526 0.0970014353483584
0.0457838237075675 0.134054606210377 -0.0637104014072354 0.0722980074764131
-0.0438279888020618 0.150788197405775 -0.0485823845636141 0.0314569921232129
-0.0814585544407313 0.112862843668382 0.0290397192878801 -0.0225406901164513
-0.010678921011252 0.124655801953127 0.0869803288492851 -0.0480410586671756
0.0638761835259181 0.0889881168431419 0.0521507843009451 -0.115120261242601
0.091876437896794 -0.00069604949048677 -0.0467513836478485 -0.0963581419064633
0.0594443707324201 -0.0648925220315985 -0.0719249753515607 -0.0236241966064753
0.0049884620199046 -0.0819108885511534 -0.0515553371258799 0.0142718690009855
-0.0331604265697429 -0.0610113477912966 -0.0252403862164348 0.0154587296468233
-0.0440289533182866 -0.0491153432320015 -0.00229787397858534 -0.00262810371747613
-0.0391129037440854 -0.0517290607850639 0.0122540491540669 -0.0283221773882892
-0.0248624154896716 -0.0808262588119119 0.0417509345727268 -0.0420161233547699
0.0268377359107822 -0.0946430265563173 0.0792517221915064 -0.0238967280904245
0.0799370761947048 -0.0592314720146025 0.0779504664950255 0.0356534323322774
0.114445653796515 0.0352531858348358 0.0177423746469431 0.0830572912170632
0.0458405494827599 0.128585462598871 -0.0507880910810686 0.0600270404748443
-0.0438509132650235 0.142555693432775 -0.0268090299844666 -0.00675758590650915
-0.0839274177610614 0.0902156694403227 0.0637683349362486 -0.0615144144468594
-0.028807836683339 0.11597173033686 0.100927340927988 -0.0619916171295668
0.0474663347387897 0.0950681565723992 0.0755450422622875 -0.109325615810814
0.087462763727246 0.0103683237363743 -0.00870310960903545 -0.101519921146741
0.0593640307241063 -0.0556719570678932 -0.0451032859954357 -0.0560423632602222
0.00801493250503505 -0.07544682311197 -0.0514251815364547 -0.0212783735624886
-0.029691088703399 -0.056930025379339 -0.0391938210827085 -0.010623180621713
-0.0397365248872501 -0.0424248095048033 -0.0183394941824923 -0.0213596459462819
-0.0358525215422583 -0.0440857641966596 -0.00424810268206571 -0.0451245841140187
-0.0226221299547886 -0.0677648468458267 0.0288888491310311 -0.0614571921628675
0.0217048747210048 -0.0797656676170398 0.0753575683923825 -0.0479753331862718
0.0672914468338759 -0.0505962043044952 0.0870882062763309 0.0165894732987277
0.095635146169694 0.0314456375619782 0.0298168752355606 0.067259346980189
0.031425558118515 0.109720052825063 -0.0398507240098825 0.0458715386314036
-0.0437235883009992 0.114399530675539 -0.00636985934288921 -0.0390718809198918
-0.0673461234247774 0.0520428940552809 0.0906409822861117 -0.0916170116465244
-0.0357258930083927 0.0814169008855317 0.110022927375955 -0.0709087548334891
0.0246486223632621 0.0738007786319175 0.0879000177997975 -0.0979173463951468
0.0618274960818653 0.0135663916806105 0.021646711387584 -0.0968172002673498
0.0436895952653931 -0.0370661578137429 -0.0213321868650727 -0.0764685483315832
0.00791390874901847 -0.0542495125122171 -0.048831466052652 -0.0493645650730144
-0.022131068156321 -0.0416994111035892 -0.049890040511569 -0.0322534395988302
-0.0297758382408177 -0.0298440292142514 -0.0305523220633238 -0.0362627866193136
-0.0277943013141132 -0.0316252380099792 -0.0158292655791465 -0.0575716849300581
-0.0167179079708072 -0.0487696717205861 0.0207286791928216 -0.0740019413816538
0.0172126435127495 -0.0579654598326162 0.0719184768586769 -0.0614236228047111
0.0526527109594006 -0.034775609209591 0.0903835608061804 0.00637275340584538
0.0682472548776554 0.0313253202111487 0.0357658139379458 0.05694549883584
0.0113014817007214 0.0840286108310581 -0.030472299336625 0.0350183871736069
-0.0424035358334762 0.0741334247698539 0.0127872032754702 -0.061521514244315
-0.0365723516574839 0.00577985323881536 0.101729544296194 -0.109673103361246
-0.0290809460418355 0.0312847339265589 0.108758033110109 -0.075748772894785
0.00399754974885285 0.033401931169355 0.0866340756205085 -0.0898606267511921
0.0236009451551046 0.00807598239747393 0.0354269278539398 -0.0912665564643093
0.0169503304712363 -0.0142921376134359 -0.00963701232631527 -0.0853547981642215
0.00477577266464946 -0.0233083818957545 -0.0474128323524092 -0.0626829496030667
-0.0106961047355941 -0.0195235603687013 -0.0556238855947337 -0.0442797471234335
-0.0152996525005117 -0.0132940987950437 -0.0382553772725637 -0.0451335638966009
-0.0163892612489144 -0.0162772125866811 -0.0221932513504392 -0.0647332456030571
-0.0112826866709816 -0.0264758977277303 0.0172163754832655 -0.0809932147831309
0.0106841336642065 -0.0332565829951848 0.0706493884452866 -0.0679964120269704
0.0361001851684214 -0.0189337597657238 0.0928221173147068 0.00376093423161353
0.0383971263567503 0.0282998760404278 0.0388515228683464 0.0530469103921746
-0.00794093317575942 0.0523370903417425 -0.0227470540223338 0.0285884060230777
-0.0364417638480956 0.025913296113649 0.0290168257144057 -0.0707026340708168
0.0212006409927522 0.0223705554107183 -0.0385086872290567 0.0913915268488762
0.0113679985219056 -0.0135745966448658 0.0446540511651451 -0.00718588858076698
-0.0114870001678382 -0.0136714247390107 -0.0319143272172 -0.0704124173669207
-0.0105304090283771 0.00780207051954396 -0.107337594980034 -0.0223396419652891
0.00507779080152052 0.00542255670768318 -0.0889608338327353 0.0763631163556047
0.00315915876170722 -0.00105530219793641 -0.0194265543695838 0.0994723674968276
0.00178731662668615 -0.00209478046034865 0.0215092288634339 0.0751071155125751
-0.00316022176767673 -0.00714997731527369 0.0458943369191353 0.0541339292110529
-0.00390716165183826 -0.00946537863077167 0.0585470768907241 0.0457419468776172
-0.00138391930239286 -0.0146345377192746 0.0571753273037153 0.0612480459836082
0.0102427473000166 -0.0136330181364717 0.0219046423672525 0.0860155351481037
0.0169585280129981 -0.00146205273815878 -0.034489709082165 0.0938083574744954
0.0203327366659335 0.00800278677863552 -0.080649303589381 0.0935049783587936
0.0174780165595041 0.0245561114570669 -0.118153608934936 0.0794033627008647
0.00285161560411263 0.0483196215322349 -0.11388060253354 0.116159841893401
-0.00324744632134594 0.0659034498962209 -0.0378566294434203 0.0803966521060982
0.0191027683440654 0.0260022151464405 0.0492970660926008 -0.0103923966332788
0.0172533390594294 0.00466575525516505 -0.0220021870831338 -0.0831351659102361
0.0148698620408268 -0.00393408145321594 -0.108546867787513 -0.0353506436516604
0.0170612737973814 -0.0201692276712361 -0.0952543551310192 0.0661121091022597
-0.000330534368848989 -0.0278295466808332 -0.0274034370440292 0.093151859694703
-0.0126170322916154 -0.0222140469026536 0.016268197435894 0.0711966818323512
-0.0192492395673984 -0.026283201398077 0.0414208184593923 0.0474004313009059
-0.0179764034188654 -0.0320844279335183 0.0555844815715913 0.0327671122012779
-0.0058101341299561 -0.0509473365914099 0.0633564481454763 0.0432210368900302
0.0318290091679298 -0.0487976038051012 0.0446244509781921 0.0722689259981751
0.0584939080854993 -0.0100937924963916 -0.00860878229834885 0.0940184020939733
0.0582800087171697 0.0435267181902487 -0.0621034220755197 0.102232802092368
0.01897959932302 0.0847617940898502 -0.102630037363034 0.0823646336633347
-0.0261513657047559 0.101760325427755 -0.0981568685524587 0.0993993952419007
-0.0339812739334339 0.101507851152436 -0.0259910890304508 0.0551971226837338
0.0188596710909143 0.0702900518144902 0.0593238152671579 -0.0190235923923763
0.0449455621734226 0.0320660896625985 -0.00218145948834387 -0.0998740445281904
0.0455315326806354 -0.0115289253553891 -0.102106794754915 -0.0578101300164248
0.0323449675303411 -0.0445170100015476 -0.099129137138474 0.0446257369690866
-0.00101682482009972 -0.0541262400328707 -0.0384424474847289 0.0773871661133258
-0.0240844438239502 -0.0414170908645672 0.00487598830756482 0.0601906623189974
-0.0330121138505322 -0.0409682064881206 0.0302159931369185 0.0348490496687429
-0.0300153986943094 -0.048410472289048 0.0457393111231827 0.0133028900255833
-0.0147453955156921 -0.0765388107755543 0.0643431038290264 0.0151807759133737
0.0388608324352081 -0.0800892088238999 0.0675518463025171 0.0449773180652415
0.0843625160032031 -0.0321488869808865 0.0272470047550639 0.0848609607968569
0.0967924475735103 0.0542952171682967 -0.0347590997017622 0.107734900912514
0.0337305233719532 0.125588145522564 -0.0847146504974501 0.0822993235739065
-0.0418482985712632 0.140717182183726 -0.0760483637750283 0.0701897165394851
-0.0647938950339645 0.119946956889141 -0.0023440108933004 0.0194464256437921
0.00799133759486945 0.109754487707844 0.0744621181524296 -0.0317411804619379
0.0641097889683308 0.0655091806432271 0.0254547109699829 -0.114694081111742
0.0770329656140485 -0.010547382073455 -0.0821540698716249 -0.0826443972247769
0.0492666089023465 -0.0626043270394164 -0.0931308879780085 0.0118236784377009
0.000707553867195541 -0.0757207962248336 -0.0480542037658887 0.0504997511778807
-0.032234067560288 -0.0566769742881647 -0.00980940854106933 0.0412750383520879
-0.0424441232006299 -0.0497390787352371 0.0147463783058542 0.0171681889802034
-0.038132437594749 -0.0558680916254652 0.0297015509864222 -0.00835455249869588
-0.0226969967017739 -0.0872939901324737 0.0561392727067247 -0.0165554632142092
0.0346012687428282 -0.0980692399535682 0.0806674370791704 0.00819056403360559
0.0910677988581462 -0.0538929891004778 0.0598096764506498 0.0630600865214621
0.120136230869828 0.0478167526885537 -0.00434870638833747 0.101595695056725
0.0475415239700683 0.140268558234162 -0.0677057673735289 0.0747846991566085
-0.0464085134675439 0.157498133220921 -0.0510779717098955 0.0324312229009855
-0.0853582557740773 0.116909077830241 0.0306604005785868 -0.0223648883418332
-0.0119516911927024 0.129741981742958 0.0911192064920581 -0.0475259893727668
0.0652385445734913 0.0929950862375094 0.0560337388884959 -0.11905659100597
0.0954958270920889 -8.16471550843729E-05 -0.0466537614224028 -0.101731440772445
0.0613709862081648 -0.0672056471156315 -0.0743441549936031 -0.0262019733062548
0.0048539203645321 -0.0853155610924198 -0.05381909181211 0.0144641757062042
-0.0339875428378543 -0.063393460184207 -0.025963140852508 0.0154584506574872
-0.0448049983505165 -0.0508268633028521 -0.0024176717259758 -0.00292164470905723
-0.0408633395203998 -0.0543550660433782 0.0120281261792829 -0.0293101219222147
-0.0258842066418579 -0.0838748225056977 0.0435846825575556 -0.0439056844674033
0.0274428539212176 -0.0983763342772477 0.0827391219887024 -0.0254524779019389
0.0829932366056691 -0.0604403849004294 0.0806844638081387 0.0386967242675392
0.118865966514273 0.0375356087646669 0.0170742503693951 0.0870807011995764
0.0476970192930874 0.13386724428061 -0.0541935580904239 0.0621043722922448
-0.0468289974020197 0.148629478774326 -0.0282417439850008 -0.00658199284209691
-0.0880868730947879 0.0934616653127006 0.0669164954363124 -0.0626041627955411
-0.0306949173992015 0.120302232171702 0.105979676791433 -0.0612685772183962
0.0482357226024182 0.0990193879464857 0.0800565159636566 -0.113459489091634
0.0908453525749437 0.0115942632969665 -0.00722606657280705 -0.107091568596057
0.0616120280776186 -0.0573616182961092 -0.0468331205919239 -0.059299581412285
0.00847028803351453 -0.0786134736589111 -0.053641530143306 -0.0227662615641715
-0.0308343504015942 -0.0590589084757596 -0.0407866065923304 -0.0111064798530805
-0.0408547021031664 -0.0435752675212716 -0.0188352734982461 -0.0222949119290308
-0.0368741340854221 -0.0462666122468283 -0.00471311344388411 -0.046612268166969
-0.0227094867362485 -0.0705129353918275 0.0301021847644123 -0.0637968128663551
0.0225147207407197 -0.0832340460850887 0.0783941985550718 -0.0496810272765115
0.0697891898517957 -0.0519647180798662 0.0896732529982536 0.0179004548282487
0.0987749534107783 0.0332500252182657 0.029715891584375 0.071468492160508
0.0326616558736323 0.114584353569768 -0.0425344246338356 0.0481019579512
-0.0465437550573434 0.119163453794679 -0.0063669806009249 -0.03999214215068
-0.0701982132710381 0.0536992824973938 0.0956539420194129 -0.0942094467669511
-0.0376822458396714 0.0844098891964548 0.115214266236648 -0.0708957510888044
0.0249831282958923 0.0767973359237246 0.0919248208534351 -0.100810052538095
0.0637360662654801 0.0151731388129092 0.0246965742776915 -0.101359613517623
0.0451389829170048 -0.0383816795375739 -0.02165084798008 -0.0809586495313918
0.00803380860968297 -0.0565735767127114 -0.0511939017651927 -0.0514720091968261
-0.0225201122813085 -0.0434602746060527 -0.0510986681146863 -0.0333593751145158
-0.0303293953533018 -0.0303796966314295 -0.0320458677005044 -0.0379014153716884
-0.0283238738079118 -0.0329271705239608 -0.0168450874156065 -0.0595690426558095
-0.0171698733007711 -0.0508616232348673 0.0217895221321317 -0.0769524827217036
0.0180568724836966 -0.0605470886006431 0.0749460900463182 -0.0640649138717074
0.0546834912534276 -0.0356949720890349 0.093827009408002 0.00713268327571516
0.0696207327236163 0.03265491246375 0.0362863670357213 0.0603852704469767
0.0112083593985505 0.0872833012588165 -0.0327141751015763 0.0367538150100105
-0.0445912347418952 0.0762802447942482 0.0130288886020739 -0.0634544991195741
-0.0380595473171274 0.00597416476702927 0.107573992231066 -0.113171939241425
-0.0302840743520967 0.0322548702772897 0.114517035279062 -0.0762984608300401
0.00371867680121363 0.0345694092878975 0.0919821299067119 -0.0916349242242957
0.0245541083840255 0.00881767318762289 0.0384675732722517 -0.0955117723226344
0.0176998485243966 -0.0147687350262801 -0.0101307044716999 -0.0896637264092171
0.00484767028758533 -0.0248610039378391 -0.0485390648085102 -0.0660169697954834
-0.0105685460270129 -0.0201022659008129 -0.0574493692562738 -0.0457809238852594
-0.0154691715363386 -0.0132325153187656 -0.0398494920057587 -0.0471748992322831
-0.0169258335964588 -0.0168488749786208 -0.0227883754971209 -0.0673250794724331
-0.01181971461547 -0.0272893337708674 0.018513558114681 -0.0844298909331504
0.0117546360825919 -0.0350214459698257 0.0742330195346285 -0.0706140796498405
0.0372050759886043 -0.0190995918807259 0.0963216099494353 0.00552224878680903
0.0390288532779981 0.0296995634162498 0.0393185283896656 0.0561397331805851
-0.00854555362970553 0.0542454879935984 -0.0239506938506876 0.0301450159368573
-0.0375589887705514 0.0255484631712751 0.0304549570522973 -0.073268321275451
0.0260443472168546 0.0187366530741271 -0.0278446908167024 0.102971066920324
0.00983201996426683 -0.0156306930303886 0.0457627740790285 -0.0131260706361236
-0.0129485054757115 -0.0117018389882318 -0.0433925207592081 -0.0685047191980573
-0.00840002591978391 0.00844799752494339 -0.115119249848653 -0.00650018553397607
0.00542263558817795 0.00343050218940464 -0.0795298244615443 0.0931660438128137
0.00260519156786982 -0.0024133508304395 -0.00483752832910081 0.106065415476098
0.00107628550164414 -0.00259874620701876 0.0344592983211641 0.0758476593695959
-0.00475651259503142 -0.00699912896363296 0.0545002296773097 0.0486989436612464
-0.00574892667118343 -0.00850162498500511 0.0672388931328833 0.0384089864898313
-0.00446820592646165 -0.0147255876037688 0.0684560156673365 0.0543437293344079
0.00778002828834481 -0.0157954452218153 0.0353680823247508 0.0869238556609759
0.0177057882140997 -0.00416976969617616 -0.0231806063474854 0.10326460220716
0.0219827663353688 0.00462228672570189 -0.0702720220876881 0.108163642467911
0.0219255760153799 0.0218774958888508 -0.111191086769189 0.0984196204866907
0.0113998012878919 0.0489297814623053 -0.102383269158609 0.137285251197262
0.00777538747171019 0.0691896307006156 -0.0311675410952509 0.0866096961537315
0.0233898047198283 0.0250606312786531 0.0489150189492629 -0.0186553647315689
0.0189740539688027 0.00305046862463654 -0.0361788426575817 -0.0834185049306761
0.0157551303349719 -0.00686738690159605 -0.119363940171632 -0.0184309003127783
0.0141947800979762 -0.0247801834247429 -0.0884325983338441 0.0849796618512517
-0.00496132913151198 -0.0290903839808698 -0.0135370732527172 0.102686536676816
-0.0164299835564873 -0.0211010339279763 0.0281655572686185 0.0728410892499752
-0.0241383259843987 -0.0240185202735167 0.0492031811235218 0.0426060306065296
-0.0239808666407764 -0.0301843449231752 0.0618081030405314 0.0254203340927569
-0.0147971533851016 -0.0512352500146456 0.0716541257055518 0.0347460372990281
0.0240850271438597 -0.0548124756465511 0.0564716177417445 0.0691434733639103
0.0594416112073075 -0.0193532507853853 0.00365593426177571 0.100047129944916
0.0665613229152123 0.0356004274332427 -0.0502136225459444 0.114576937602509
0.0318038623533876 0.0834723324735819 -0.0933312386221897 0.0999269294830904
-0.0111007585457451 0.107807846704274 -0.0890066906364963 0.117718819698176
-0.0193179465286882 0.112129973060499 -0.0221250415215926 0.0539143658852976
0.029449218883846 0.0711768209363981 0.0572429900613123 -0.0302764052644176
0.0521558980865996 0.027853946109446 -0.020987555986924 -0.105143082467157
0.0464700773454281 -0.0184341914101245 -0.117612232939728 -0.0423069668482775
0.0265720096784437 -0.0518621696183057 -0.0965097995980635 0.0645530315813744
-0.0093834202914037 -0.0566688278230142 -0.0275167541740655 0.0890409016576386
-0.0309603886033752 -0.0394057053810103 0.015275308397667 0.0634392138278247
-0.0404889595908077 -0.0374595801869603 0.0362519718277171 0.0313606788167021
-0.0382337803093731 -0.0453749574869723 0.0483988357897448 0.00741864506229865
-0.0269651784998616 -0.07581149124017 0.067915514593951 0.00558444806395929
0.0261163923077138 -0.0873286146799501 0.0762513209209809 0.0368008098185081
0.0824168737782408 -0.0454635821228225 0.0387343333013652 0.0849658220922906
0.107479748881676 0.0406334933028909 -0.0205279889543441 0.115672764627671
0.0529282504345557 0.122722059439076 -0.0732241470405039 0.0964631901975504
-0.0210149176221186 0.15074317805965 -0.0696723055368566 0.0848229049013953
-0.0479408024629836 0.137623911846397 -0.00226213752508734 0.00998034923377101
0.0236040426507343 0.114370930423574 0.0705495703424716 -0.0480596569444054
0.0771900061960927 0.0601987401638304 0.00416303396465297 -0.125895136062088
0.0791259146226486 -0.021311842620407 -0.101898056000313 -0.0718021789412622
0.0414933526992471 -0.0726984776338343 -0.0968221119588809 0.031084443599757
-0.0104871543327991 -0.0790612909519855 -0.0418972001996446 0.0636053547323839
-0.0413202785405965 -0.0539367630762372 -0.00355350000977515 0.0463432149675864
-0.0506405157302555 -0.0448896867892789 0.0176678588852956 0.0151374138680527
-0.0480195623305592 -0.0513871246478592 0.0287339151870595 -0.0133417949002252
-0.0367827940141275 -0.0857531692206523 0.0548043839468376 -0.026401753701174
0.0190046644913964 -0.105056094772781 0.0842896240542431 -0.00323380395061945
0.0852170332032729 -0.0679340405386289 0.0692870335096206 0.058104427427461
0.129801742450302 0.0296107687541994 0.00939447479207949 0.104955625406842
0.069948998322113 0.136158179906802 -0.0565674237405289 0.0868260052026665
-0.0232672881874643 0.167577189653577 -0.0494935442635552 0.0427605101605826
-0.070261516285882 0.13847709381802 0.0271203971867308 -0.0403318839277354
0.00627699642215541 0.138548819748839 0.0849431797136307 -0.0675082238477803
0.0822765109407667 0.0891014432905185 0.0344461532472477 -0.137498698593046
0.100398906589532 -0.0130166652108673 -0.0694488175188016 -0.0977187065884353
0.0543012761198612 -0.0794777638129997 -0.0852452124608944 -0.0122912763502806
-0.00782653285032733 -0.0893452964447222 -0.0535792646128429 0.0273646630222998
-0.0441515653311886 -0.0606623971349928 -0.0245419717309054 0.0229723844833884
-0.0531617666692673 -0.0453626364617568 -0.00321468939299331 -0.00262679625255628
-0.0495750321041602 -0.0494138900689541 0.00729885198160496 -0.0324898456829791
-0.0392406825269647 -0.081842442999019 0.0369587255117275 -0.0522244370707447
0.0123529029875942 -0.103981389794367 0.0812690106384749 -0.0384983214123672
0.0763328965377715 -0.0736560012206855 0.0870447205803015 0.0281566711329319
0.126283402543088 0.0189960182434022 0.0295176971260145 0.0870017210361576
0.068935317348498 0.129627015091841 -0.0440820030582186 0.0718927046773806
-0.0250061404739162 0.159086543541233 -0.030183347775328 -0.00215841207415955
-0.0770649507400349 0.114576523413938 0.0596161860410125 -0.0880562437057729
-0.014807654880294 0.13163121702526 0.0991720576486525 -0.0852185698918175
0.0649593982222387 0.0971730136021621 0.0606165868087241 -0.135478970791698
0.0970378231216599 0.000544092703604689 -0.0292236462049058 -0.11062321387089
0.05576054066821 -0.0686706552838217 -0.0620990829734738 -0.0520266208330618
-0.00327788691104983 -0.0827025757935794 -0.0597592595343255 -0.0114011817714901
-0.0398255077666747 -0.0563797898642849 -0.044368433114333 -0.00294756420424681
-0.0480881001960282 -0.0389696199692903 -0.0229516033585255 -0.020219554537069
-0.0447037007962321 -0.0416462238211718 -0.0127053640442223 -0.0477955214749326
-0.0339004284752331 -0.0683681312644966 0.0202815051009019 -0.0711060474149437
0.00987870918318088 -0.0879730208800239 0.0737845137472663 -0.0636679348728032
0.0631893405050811 -0.0626907480035194 0.0942679547755237 0.00598182652895557
0.105201459392031 0.0184042733898926 0.0406266375618838 0.0690574973566259
0.0505776065565172 0.111432840581671 -0.0345352817855364 0.0559107044932632
-0.0292333739133781 0.129004008736956 -0.0125918241301214 -0.0401331542878009
-0.0650850791306475 0.0702822367807325 0.0857518555718435 -0.122094310855196
-0.0270972549177553 0.0950241946351966 0.109359349948447 -0.0953528815088825
0.0365646159649593 0.0779218892051029 0.0776249897335268 -0.123707632300134
0.0691206512714684 0.00786181496143218 0.00561395216252224 -0.110656121389716
0.0418744032166772 -0.0457395963897774 -0.0380977816363301 -0.0790152763830422
0.000105558057104578 -0.0599548293759443 -0.0609321484479036 -0.0433454753316743
-0.0291248428984407 -0.0417449695417303 -0.059362841425586 -0.0253987964063528
-0.0345546064010093 -0.0272265463521959 -0.0383867384879124 -0.0342478405898475
-0.0336154966930197 -0.0291450533984758 -0.0267284911400899 -0.0596277914759478
-0.0247915946763644 -0.0487665099876843 0.0102479513228451 -0.0834434657157993
0.00912883588632791 -0.06355103476283 0.0679213191602421 -0.0782346853750461
0.0501103364168063 -0.043734910239534 0.0979694042073064 -0.00590342756620931
0.0755066720995844 0.0225291281772857 0.0463086833469193 0.056985105709441
0.0247502394199097 0.0876171714585397 -0.0261053899474368 0.0426608039314942
-0.0340121931751039 0.0839718532205453 0.00455144661135797 -0.0668965081070075
-0.0385197663022222 0.0147033888208849 0.0963106488822255 -0.139098748529213
-0.0269928397467773 0.0395551972287756 0.109301486144737 -0.099332771777001
0.00855139091021685 0.0366117028783109 0.0806487525686039 -0.112416658055056
0.0270198925499252 0.00664367315265339 0.0228880235138488 -0.106887017920958
0.0170838384050487 -0.0171585040896894 -0.0263320207750614 -0.0910824698612759
0.00158377120761628 -0.0266415547820751 -0.0614183036050543 -0.0599775615961454
-0.0135582678154102 -0.0189429421232501 -0.0680902930033939 -0.0376596715938227
-0.0170813653478855 -0.0114850920550248 -0.048045277637831 -0.0425276102694199
-0.0194262431110217 -0.01411062883057 -0.0338285864425599 -0.0668119665286587
-0.0149871214486295 -0.0256606079146506 0.0056890658473635 -0.0904955399217112
0.00646052251043803 -0.0367939167893219 0.0662156319069591 -0.0841390623328137
0.034911659299099 -0.0244931401810569 0.100343270062637 -0.00896290467413774
0.0441355529125485 0.0244037313892095 0.0491771303677796 0.0526795376933446
-0.000400690034654245 0.0559842263471107 -0.019153664831024 0.0350172743544915
-0.0343893322184337 0.0320185134028756 0.0210999594385359 -0.0799432628680303
0.0277779888154108 0.0166579463045574 -0.0203484674457205 0.106971104305418
0.00893545849317321 -0.016481340891446 0.0462200033030415 -0.0162276986906423
-0.0137215348130039 -0.0103671000404182 -0.0482049387245867 -0.0664533946556035
-0.00721548066954395 0.00906693568873761 -0.117086364816464 0.00175306754531475
0.00558167928351557 0.00229281941636091 -0.0730903142301124 0.100261983185519
0.00262919221292379 -0.00232431138418307 0.00343975494702886 0.107376444477572
0.00124633946469313 -0.00299834814447328 0.0399919166152989 0.0742960752526346
-0.00573821533390462 -0.00692392000331069 0.0584007353666354 0.0442721304488923
-0.00610826981076007 -0.00849165907824735 0.0701505529374899 0.0333805890671849
-0.00614086507723472 -0.0146756847157915 0.0725865224974431 0.0490360882948244
0.00652712486558944 -0.0166182236249242 0.0424436097004992 0.0848185964695683
0.0179213525820411 -0.00565593524604627 -0.0157174065084226 0.107043746967581
0.0227669603769767 0.00347023651517055 -0.0630646906019282 0.11357005089628
0.0232810608478145 0.0206836710352785 -0.105902849481343 0.106221035245736
0.0149218003842333 0.0481723119966087 -0.0930293029363784 0.146525435488617
0.013368022332719 0.0691278036318973 -0.0239210673426219 0.0898806178834395
0.0254690845824251 0.0229470173912834 0.048540135993949 -0.021015198208725
0.0193553662634708 0.00201658945249465 -0.0426108937280562 -0.0819619193123301
0.0158046924397946 -0.00763267968217087 -0.121898124118894 -0.0103863723890699
0.0117992186860518 -0.0260359046336046 -0.082543213200846 0.0918236623783199
-0.00721783214908032 -0.0288502955761037 -0.00560834260919708 0.104455272511623
-0.0180529310423002 -0.0202249324098303 0.0340605264749571 0.0713625401312633
-0.0262095440331591 -0.0224482469633322 0.0523395262967027 0.0390169681952864
-0.0264982443422364 -0.0293305207594414 0.0637112218264714 0.0209672955671795
-0.0189698012811484 -0.0501020665618632 0.0744500645800481 0.0289464911400094
0.0195054251725152 -0.0569863380269375 0.0628236874517869 0.0653434873030975
0.0584880435593415 -0.0238199253961916 0.0110991746069111 0.101667507054217
0.0697750360512133 0.030817710361575 -0.0421982512682852 0.119035832160093
0.0386799525968256 0.0818050311986353 -0.0877132491199285 0.107159295142003
-0.00278465185496851 0.109856278557465 -0.0806402944782915 0.126323421152358
-0.0101541733842083 0.114475613532115 -0.0180309960883098 0.0576910503877912
0.0353227247021712 0.0693126986822924 0.0562797104598634 -0.0335780236852477
0.0546574280473913 0.0238006805748253 -0.0280896291369451 -0.105232534925132
0.0457524459980149 -0.0219414170829911 -0.121686117956405 -0.0349351417127175
0.0224489542419944 -0.054715616191393 -0.0926375651699843 0.0717718305795017
-0.0146038752328709 -0.0560198523544364 -0.0207607187040106 0.0919923684156891
-0.0340573641625719 -0.0371954110047135 0.0199508014490479 0.0627651028586399
-0.0433424032382889 -0.0341953309321928 0.0382457120085192 0.0286881072524134
-0.0429104525978952 -0.0430937355630122 0.048376077950481 0.00344287647388077
-0.0336257833510697 -0.0742876682272552 0.0678870961866306 -0.000822944379626166
0.0187754200540673 -0.0902364353127985 0.0799509352463903 0.0303674356590383
0.0795720960280953 -0.0522362734033823 0.0447100782991128 0.083730699410614
0.11141473167538 0.0324142056511025 -0.0123684837662667 0.118338168681331
0.0634753697487817 0.119296579006204 -0.0676563017339039 0.103319709007486
-0.00969833646396205 0.153663538034475 -0.0640498731029619 0.0919779562830753
-0.0376472977609852 0.142244416518861 -0.00152915384005965 0.0114464561311495
0.0326974409541732 0.113107143225014 0.0680300430644476 -0.0517040190029055
0.0823621145603596 0.0546738619188194 -0.00508481686971521 -0.127786068228121
0.0783764108484353 -0.0275482458716533 -0.107685870130873 -0.0661251297122111
0.0355674773639756 -0.0769687844195496 -0.0960776131578373 0.0373698660896697
-0.0178014735903885 -0.0787292972728616 -0.037090032332672 0.0670575819846936
-0.0461420364373955 -0.05111310869709 0.000121028492200525 0.0467933635350344
-0.0544822856100703 -0.0407780935005944 0.0181762369292751 0.0136958655575398
-0.0524763182756931 -0.0483057659441806 0.027209763734333 -0.0159607466583333
-0.0445194843021297 -0.0829584340607237 0.0522501268193765 -0.0314101307193993
0.0100203917695324 -0.107742628309893 0.084635378975697 -0.0108951923581521
0.0806057653581137 -0.0752626442500566 0.0741266834473928 0.0537915069815628
0.133143631742601 0.0195621443975618 0.0168125035324387 0.106223520421621
0.0816124401839076 0.131214304220712 -0.0518990543528936 0.0920996437403939
-0.0102107881544629 0.171153787789553 -0.0463881607419276 0.0476172056949581
-0.0595303683583693 0.145615982688187 0.0243942806135836 -0.0427517235972885
0.0173024673011492 0.139209168996295 0.0813495060019182 -0.0735293351350673
0.0896719208488169 0.0831549151611091 0.0237171338708544 -0.14144677251917
0.100217238218404 -0.0203011303096551 -0.0774528234887375 -0.0947870587996894
0.0478234716278732 -0.0842218626454662 -0.0870309549110776 -0.00707301751407769
-0.0157333287309151 -0.0897587385065622 -0.0518940799645366 0.0313227820950718
-0.0497445555197468 -0.0576551719201096 -0.0227833090711338 0.0251317160679281
-0.0571936329899083 -0.0415492239897627 -0.00380681965264414 -0.00290434195717035
-0.054198243280257 -0.0460314205444196 0.00420041373952855 -0.0329468765294997
-0.0465496150204796 -0.0791051427662595 0.0321562696644765 -0.0562851499075959
0.00316043601870374 -0.106033587403316 0.0789327491347003 -0.046816619291098
0.070972604248629 -0.0800100321037229 0.0898488304466368 0.0226844685542917
0.128702816528177 0.00922453266743911 0.035979963314322 0.0869235258569875
0.0802935117504841 0.124814196448524 -0.0399372384895469 0.0761701071999103
-0.0128151425849384 0.162945986497956 -0.030434780846718 0.00111482869840302
-0.0682548319934996 0.121732572037182 0.053371003217982 -0.0928080827939146
-0.00463182500058449 0.133777524407183 0.0939415925022063 -0.0917437323900195
0.0725802155697919 0.0931074773169705 0.0516869885683092 -0.141000243213831
0.0975844811525375 -0.00669782524669706 -0.0374944435447953 -0.110611063819626
0.0507759617641981 -0.0734171711880212 -0.0668605325899229 -0.0484616961625163
-0.0105364946426982 -0.0832971453353468 -0.0612246602820186 -0.00712399566180105
-0.0448837880373343 -0.0538485295154088 -0.0450200791113977 -0.000119851887641737
-0.051100113035138 -0.0350728330108108 -0.0249095793130063 -0.0187715326709208
-0.0485175495070879 -0.0378392942579505 -0.0172271702588776 -0.0467507162833281
-0.0397025433200401 -0.0662608975731898 0.014187734946249 -0.0736720494569865
0.00180202272096686 -0.0891232660423926 0.0690669727886966 -0.0713432611534579
0.0591905588533189 -0.0675852848380197 0.0956013412638905 -0.000694342673740405
0.106757718201721 0.00991513470567893 0.046061234746685 0.0677410664663482
0.0602784466311119 0.108278491591932 -0.0311298451880766 0.0596103194705662
-0.0192204315904058 0.132243249232972 -0.0157190302963642 -0.0388675503963094
-0.0596362532944385 0.0759447818971174 0.0778502101190017 -0.129554808397111
-0.019813939205347 0.097986980669481 0.10325746700734 -0.103408833959849
0.0428841080788259 0.0756449017184979 0.0689705559004095 -0.130551778843707
0.0701527109735153 0.00289901134030336 -0.00226230336313687 -0.113016316103441
0.0383566153247074 -0.0490866738417442 -0.0452682525540169 -0.0780446119857761
-0.00538618799039596 -0.0606556649546701 -0.0656020099775186 -0.039368862648984
-0.0327278700926787 -0.0395572353303649 -0.0615556427154905 -0.0202242537169176
-0.0370345428954412 -0.0243073261870485 -0.0412878077040793 -0.0316593397323088
-0.0362643245827023 -0.0263829171775122 -0.0315988216293444 -0.0574533231386332
-0.0285821618552384 -0.047140447026661 0.00324082417535278 -0.0848160962787241
0.00406208140972547 -0.0647056495591065 0.0620613674674292 -0.0844711536218451
0.047387845091277 -0.0475185965604272 0.0975073486820707 -0.0129962033370438
0.0775019409562331 0.0170555501573705 0.0507194793914441 0.0545099769685101
0.0319048568039809 0.0854598104864133 -0.0234003430415085 0.0454479381084592
-0.027799746137792 0.0872801235952224 -0.000180445785523555 -0.0674669376045113
-0.0370605265420742 0.0177348398783553 0.0871703524843279 -0.14795358792913
-0.0236856069899217 0.0415280805233315 0.103335959628039 -0.108165687458683
0.0114518935969933 0.036300560003427 0.073278091625705 -0.118925493672251
0.02833973689032 0.0049440288670544 0.015456859497833 -0.109830368492227
0.0157683389081595 -0.0186587744012193 -0.0343880753194284 -0.0910585039493556
-0.00159129754147 -0.0266889799501069 -0.067153403230081 -0.0559221900343876
-0.0149836216903383 -0.0181659040756114 -0.0711489018029841 -0.0324093016087095
-0.0174328160823993 -0.0105192557652035 -0.0517897157670995 -0.0391165117129459
-0.0206270785353642 -0.0121578233770396 -0.0390218809702797 -0.0640822741980114
-0.0166622598892719 -0.0244006833466786 -0.000964038885382849 -0.0918339810715642
0.00407422118762582 -0.0375584565611278 0.060167026236668 -0.0904035480095391
0.0332383888069863 -0.0270795353552335 0.100700143872274 -0.0158618507702373
0.04562534776294 0.02121487370772 0.0529248185892719 0.0499139910637822
0.00414193293223363 0.0559691276746933 -0.0172960572172317 0.0366548196876541
-0.0321731193841292 0.0341962021840954 0.0144444022830141 -0.0815641541109081
0.0280620754991916 0.0140243582470075 -0.0112504276426456 0.103643885430168
0.00767105989613595 -0.0167536447925733 0.0442605405830266 -0.0177216564036414
-0.0139236671931015 -0.00880508123080866 -0.049796873519133 -0.0612266248125694
-0.00592195340696992 0.00965257466160282 -0.112625873850545 0.00909789617815239
0.00537101963268897 0.0017680823652277 -0.0633658839168052 0.10049678109538
0.00192056546146794 -0.00211827852103161 0.0116468635171091 0.102785832337645
0.000843106116726574 -0.0029162589900512 0.0433885667283994 0.0690045394761403
-0.00573771653486618 -0.00634028257188008 0.0589133641474504 0.0386931475117074
-0.00750636501131092 -0.00788680856987034 0.0694560452930496 0.027530120467452
-0.00640413991170269 -0.0138168751640171 0.0733374971728524 0.0422136400515174
0.00514103201191755 -0.0162256689028539 0.0466791978226358 0.0784047503376552
0.01735391981354 -0.00713154643256456 -0.00824071365279466 0.104157072743436
0.0219781990262947 0.00152551416991435 -0.0539506625677989 0.112747261481401
0.0226763473703219 0.0186316164300302 -0.0953574546428065 0.108416063516033
0.0170978314634833 0.0451493304909647 -0.0798521615738185 0.146294106141263
0.0177692109554187 0.0648398528243613 -0.0164669500065667 0.0895056106766912
0.0261006185028412 0.0199346253284922 0.0466492158180691 -0.0230115492108072
0.0189196366656184 0.000542500834498034 -0.0453175844095755 -0.076720411864641
0.0149182661473791 -0.00818998713736803 -0.118276488054426 -0.00267381444444286
0.00945638007322655 -0.0262700275163042 -0.0724912487641384 0.0936111055136904
-0.00921638144160267 -0.026992895185016 0.00168567791475827 0.100352836571556
-0.0185953518864096 -0.0178482100260552 0.0372833261196485 0.0664220363213468
-0.0268259224266981 -0.0196727600307687 0.0522980457542851 0.0338284683523263
-0.0280350190807774 -0.0260978486999118 0.0613918753360363 0.0159064437804825
-0.0222295087605451 -0.0472901731178126 0.0730262001938919 0.0222237103739707
0.0148094898122053 -0.0566145465925995 0.0643896910800881 0.0580127647210858
0.0548322504528536 -0.027060058030133 0.0166165750752939 0.0975041893353221
0.0688954874389419 0.0247956216102194 -0.03311476493323 0.117345971171979
0.0420244613354225 0.0756281036599414 -0.0786337890674607 0.10823061935727
0.00436786751606424 0.105476677637211 -0.0693055050949338 0.126445876129998
-0.00160055706714425 0.110129568829292 -0.0129162809140651 0.0575201454045703
0.0388883378577074 0.0635505547113741 0.0528657995904106 -0.0347087143968007
0.0536117353107136 0.0193248557955477 -0.033612943121043 -0.0996001413226318
0.0424800170353069 -0.0239699002141292 -0.119181846413658 -0.0261602846310967
0.0174971774361024 -0.0542261573635929 -0.0841163629678653 0.0742218348289203
-0.0184238676495572 -0.0525579745191063 -0.0132961275513611 0.0892387306257456
-0.0353459546548485 -0.0329222762174548 0.02285372737781 0.0581279954056552
-0.0438817033189607 -0.0299328426352119 0.0379407366051101 0.0242957687117211
-0.0443427214796794 -0.0380937863207116 0.0459591845470549 5.55273176828713E-05
-0.0383214806577453 -0.0685682068998746 0.0649154063252599 -0.00562890289388794
0.0110743637282599 -0.0878609125105902 0.078097830951885 0.0228902512766836
0.0730231359861806 -0.0555799337626824 0.0487438715709742 0.078364042940397
0.109320028998037 0.0237622837552041 -0.00455097540047179 0.11482701377715
0.0688814803687738 0.110157849580253 -0.0590803990934151 0.103967645513544
0.00125684035192367 0.148166433697802 -0.0551845850161824 0.0931808427836722
-0.0253846640908063 0.139070054855522 0.00020950247310887 0.0121806625309684
0.0392876738114343 0.106052441600118 0.0630902875100761 -0.0527438837342829
0.0822328835948009 0.0465418168281327 -0.0125571386542081 -0.123098894665462
0.0733201550441563 -0.0313117036108438 -0.107669074872692 -0.0571277386840907
0.0284838623200087 -0.076144738611355 -0.089224498052019 0.0413564601888589
-0.0234786781787818 -0.0738205722513035 -0.0312860216808973 0.0668916433202104
-0.0473730342515091 -0.0451643617479565 0.00330944123784726 0.044114732891404
-0.0547977783413335 -0.0352390380591604 0.0180591871433711 0.012032638437329
-0.0541927096814697 -0.0427342313517433 0.0242076938250615 -0.0165304870888407
-0.0489697835906732 -0.0765590742654217 0.0470355522466807 -0.033666354085101
0.00138841220874578 -0.103614363373215 0.0801540388910994 -0.0175686276855787
0.0723974861299516 -0.0777456270882021 0.0744243610408431 0.0477319609094656
0.128554062257984 0.0093034252134352 0.0228071108391149 0.101538618981447
0.0875231020050653 0.120031483759519 -0.043474317113761 0.092109020134182
0.00154625504470406 0.165353630241572 -0.0412416920941026 0.0492805158272421
-0.0470379913500091 0.14375884175481 0.0208705288719812 -0.0410715377810668
0.025846741481315 0.131701075031804 0.0738777278043027 -0.0737400933036045
0.0908010962452114 0.0738761266900743 0.0142774664941195 -0.137447924086574
0.0941638929932947 -0.0264936049417361 -0.0800290258171103 -0.0868870977540395
0.0393925244323254 -0.0839222787630655 -0.0845479100157751 -0.00114732004509504
-0.0223989031576859 -0.0843166701814788 -0.0478082937762322 0.0333751655906494
-0.0517742039010891 -0.051221695474582 -0.0202259416688488 0.0252617965155785
-0.0569924507547363 -0.0351633246915086 -0.00416992822597722 -0.00246606043808044
-0.0551135814482422 -0.0399476945046819 0.000915726735003691 -0.0316430732313525
-0.0507534439538096 -0.0724955476187351 0.0266328561353613 -0.0560980062425821
-0.00558151851890767 -0.101816652783132 0.0719128724228678 -0.0511960613973473
0.0626059296095329 -0.0814144954105435 0.0869913373637216 0.0160410252061054
0.123440913902679 -0.000434665420823814 0.0402299717517449 0.0816424682520427
0.0859054794696529 0.113735360482381 -0.033218264440065 0.0765815900780668
-0.00145233751294325 0.156999178031962 -0.028814161123352 0.00347107701614541
-0.0566530052868638 0.121592415410654 0.0455738799017664 -0.0920403254783871
0.0046581394231026 0.128600731044194 0.0850492467675864 -0.0927243262558423
0.0753454871549793 0.0848782816282305 0.0406082220665017 -0.13922223546495
0.0929623979778247 -0.0130513457491108 -0.0428791465658531 -0.104589705111349
0.0430779335282902 -0.0738777567170315 -0.0684210920330908 -0.0426572737034976
-0.0169806683494418 -0.0792045789143556 -0.059706311679159 -0.0029662592703324
-0.0470857471260551 -0.0480281933446265 -0.0428576843726422 0.00338590286137616
-0.0506118362675839 -0.0300391359628018 -0.0253668603482105 -0.0157208982508806
-0.0486235729361962 -0.0325893102312108 -0.019955432442105 -0.0434554760827932
-0.0430682491704108 -0.0604848156381616 0.00840084813456718 -0.0714914180848718
-0.00483528289280133 -0.0857533154023523 0.0607431075119006 -0.0741180258758897
0.0519274228006507 -0.0684993868249474 0.0910420371679001 -0.00634630863816842
0.102354483788576 0.00251452619724702 0.0483950780879103 0.0628757611673526
0.0657924845293217 0.0991574070002195 -0.0260749447042338 0.0599516888767452
-0.00957388810024067 0.127626752962715 -0.0173736273370996 -0.0359568363116579
-0.0519492284027996 0.0769958654969821 0.0661727727602731 -0.129097485112355
-0.0123052869842619 0.0948431076674217 0.0926309364263098 -0.105035961394773
0.0456340285743756 0.0696944267320629 0.058009543967098 -0.129438886892968
0.0675558657414043 -0.00148709802744043 -0.00906003897046954 -0.108792883546973
0.0333711331969761 -0.0498264281307975 -0.0495195738125982 -0.0722726922399191
-0.00996453567513956 -0.0577180974593322 -0.0660733084734951 -0.0333119434899803
-0.0347162089803289 -0.0353604748455883 -0.0603818599520092 -0.015418852941676
-0.0365916069231213 -0.0209415359119707 -0.0420569064000962 -0.0270889642762129
-0.0361166018623414 -0.0224381097728209 -0.0346852821231455 -0.0528137245694879
-0.03086431353046 -0.0432271243439659 -0.00321618408884387 -0.081438701625396
-0.00107589369274387 -0.0625623374774367 0.0534880793222197 -0.0863100803803624
0.042226187552323 -0.0483834052022402 0.0928314794010112 -0.0182915695419718
0.074723903975763 0.0108763983891243 0.0522593347071445 0.050297511970748
0.0365617286449419 0.0794181410163111 -0.0194622316126937 0.045808320324394
-0.0207395210740832 0.0848473853046582 -0.00489421249640829 -0.0643188286383229
-0.0339661158818918 0.0196590212931019 0.0737729166450921 -0.147634762474329
-0.0195853854478396 0.0411243018673104 0.0926979676878565 -0.110077794346445
0.0127250678853685 0.0341455998572364 0.0630312570394759 -0.118765817351591
0.0273549682568611 0.00322883703593022 0.00820737236340415 -0.107065627053079
0.0137745066225739 -0.0187656837373381 -0.0396216627073921 -0.0851941417204982
-0.00362915219882411 -0.0254458689154522 -0.0691200151427908 -0.0499857357970761
-0.0157559996565434 -0.0163146032915148 -0.0707140596270093 -0.0257061755979758
-0.0172966926229282 -0.00844071194942319 -0.0520968551964578 -0.0342013585950229
-0.0201426273623797 -0.0100491989006299 -0.0422551122133302 -0.0586051292544446
-0.0179565749252745 -0.0219911129142067 -0.00745064025106073 -0.0878338685077913
0.00110773160300755 -0.0364993429243178 0.0514092767343927 -0.0916923469473383
0.030026774757102 -0.0278526843748041 0.0954121058315301 -0.0217713781300987
0.0446253127046532 0.017757113683229 0.0540662952769311 0.0452692835805588
0.00774653291263322 0.0527825887714488 -0.0141250860678574 0.0372683370845815
-0.0292574817594181 0.0343069584535477 0.00826808859422179 -0.0791025569294083
0.0266505285766821 0.0118187488770368 -0.00782620120036481 0.0982924267813064
0.00670242370853117 -0.0160607364857006 0.0424216225655512 -0.0181394023184672
-0.0132149700312476 -0.00754884570284477 -0.0470904025035602 -0.0565117813301365
-0.00477157139769086 0.00897811082484522 -0.106159749431546 0.0109370496791761
0.00499801899249668 0.00140857762236028 -0.0564346600228995 0.0956088207842525
0.00184905328090541 -0.00161035083434001 0.0136751545599334 0.0957886267763621
0.000791643894130184 -0.00343421357808033 0.0427973500746676 0.063883110655379
-0.00557291412840454 -0.00581707491026521 0.0556028250469907 0.0353824566194926
-0.00747284407046596 -0.00765219127841965 0.0655703825312828 0.0238279165946199
-0.006907333694676 -0.012949579045953 0.0689318240752743 0.0375505280856008
0.00433135483417141 -0.0152485273492094 0.0457454882010929 0.0726908179982885
0.0162913530690489 -0.00704677741120941 -0.00537417876422455 0.0988007299235169
0.020130166205097 0.00143431576751509 -0.0479001071326076 0.106265035663073
0.0211850698256065 0.0168268591740767 -0.0877775693982377 0.10370066934527
0.0172092117269377 0.041391380365569 -0.0711821659346447 0.138763846606011
0.0183650325646796 0.0598614048261112 -0.0119394990925144 0.0853905611997295
0.0248107810750638 0.0175368754480812 0.0440606101963472 -0.0216175108442677
0.0173114982806186 2.93588261001314E-05 -0.0439632143239132 -0.0713003171451284
0.0139429267017388 -0.00828443081137758 -0.111515632692264 -0.000241487329092838
0.00787275049435423 -0.0251165263368798 -0.0654120448023468 0.0893313635217808
-0.00939431183901332 -0.0248900803408419 0.00461770073145855 0.0937837141479752
-0.0175369472332229 -0.0164672069782412 0.0359608110178435 0.0612937897643719
-0.0257334519259009 -0.0177592236222274 0.0492112249141626 0.0305656733585564
-0.0271172415650717 -0.0237475483827281 0.0575920906444587 0.0135641919053834
-0.0226770292142863 -0.0433180967548313 0.06839727031174 0.018819237481977
0.0123891582729307 -0.0528242922886067 0.0614207436558775 0.0526215221817997
0.0513481350732438 -0.0273383878301229 0.0183388006210289 0.091670990161081
0.0646828208236029 0.021490687664691 -0.028555672750299 0.110956519348944
0.0407747334368545 0.0701523255732383 -0.0718896518599327 0.102894195465514
0.00676377508027742 0.0992183050033817 -0.0614593435881039 0.120400651868697
0.00216359259620697 0.102917713583566 -0.0103380306892579 0.0550920245285333
0.0375774279119845 0.0582547795412672 0.0496748237577315 -0.0326672690471476
0.050596597255977 0.0171160943537075 -0.0330895999878299 -0.0933512808255874
0.0392900361518368 -0.0231475343212537 -0.11233743594269 -0.0227384316721466
0.0144036623484649 -0.0513395017988378 -0.0769109282461897 0.0712706166077262
-0.0189265036267846 -0.0484145882561554 -0.0105272517519291 0.0835166261676899
-0.0340674130093165 -0.0297935576225287 0.0226343687377436 0.0543523464013074
-0.0415570391998634 -0.0264548731290565 0.0360347698042705 0.0221865901456983
-0.0432364506497964 -0.034661397235444 0.0419167004359097 -0.000665574008330686
-0.0379232524091027 -0.0631904486199932 0.0595125847560016 -0.00698970451503143
0.00742819992431703 -0.0824440242474163 0.0733616409392674 0.0186551936454769
0.0673310799558288 -0.0542126144956553 0.0470526629778816 0.0730935385837298
0.102471409606383 0.0190753031312247 -0.00198737773890006 0.108336978281674
0.0671264137807682 0.101399284932862 -0.0536648460462555 0.098881555349506
0.00460386414175115 0.139625014770685 -0.0489745263165478 0.0888206092949093
-0.0192709615289271 0.13036478049005 0.000522910323851366 0.0126235238692475
0.0398612560245496 0.0978453167937942 0.0583810429517589 -0.0497003208651845
0.0777498574999586 0.041816584199269 -0.014405425863804 -0.115323703796633
0.0677739959996789 -0.0312335816553903 -0.102712949445574 -0.0514363779846225
0.0242572493169266 -0.0723677925786862 -0.0831396731425291 0.0410662367392864
-0.0245127219552495 -0.0683863400611003 -0.0274968785002844 0.0633597810941807
-0.0453245303909652 -0.0412100284594518 0.00401282481041065 0.0411943030134521
-0.0519555199752599 -0.0312832720585062 0.0170112772733614 0.0107686237473131
-0.0523304169140207 -0.0382945806930675 0.0216075772676905 -0.0164148989675379
-0.0487943496451158 -0.070020239672504 0.0424909431690575 -0.0333178757609329
-0.00212839647125219 -0.0972839086470016 0.0739596745399867 -0.0193587960679699
0.0656342352253704 -0.0749702837437744 0.0705179648725959 0.0436992582754376
0.119930043997267 0.00553761839321054 0.0239763445645438 0.0954650569029273
0.0850750706582397 0.109864209645247 -0.039488144588705 0.0880139367635205
0.00553067052867185 0.155653370754418 -0.0361855287330759 0.0474051295382569
-0.0393147548153031 0.135418075452641 0.0186054364057504 -0.0379857383982933
0.0276809448405678 0.122939942005288 0.0683147196021888 -0.0694892055723376
0.0868879954938763 0.0666220072474995 0.010927588918097 -0.129383545379744
0.0879426005546834 -0.027438144658131 -0.0770547762571649 -0.0801015522142334
0.0342993587647619 -0.0798465999842038 -0.0797136626693908 0.000478259138379802
-0.0239629961377235 -0.0784014101405627 -0.0442685620498138 0.0324697412195097
-0.0499542981692951 -0.0465248239453863 -0.0182022224654631 0.0237331319412555
-0.0542617875976365 -0.0315337054959297 -0.00467311311824161 -0.00197162401781901
-0.0532558621401074 -0.0357648974203409 -0.000976287656139701 -0.0293556633760699
-0.0498323981026133 -0.066533624321917 0.022721593371237 -0.0532238299196139
-0.00880535294987826 -0.0949279736982447 0.0649594603526294 -0.0507915052870458
0.0562440058996665 -0.0777972594979415 0.0822296040549356 0.0140156151047246
0.115040893101936 -0.00346318885689717 0.0393266060967775 0.0763282699661329
0.083841870403542 0.103584078691273 -0.0295978433480313 0.07365172945805
0.00280285483340401 0.147548856576281 -0.0262516954213437 0.00455445323915807
-0.0493523660199846 0.114925632455921 0.0409626292718304 -0.0863493334906284
0.00778874107145791 0.120253892580235 0.0779556636644467 -0.0872647895275098
0.072238841869201 0.0776996863692197 0.0349610479490977 -0.130222252359843
0.0869929543913184 -0.0148231546322988 -0.0425695885736829 -0.0975149663956867
0.0381877331242353 -0.0703763632142597 -0.0660860222901831 -0.0389634109641722
-0.0192943777031679 -0.0733481310073981 -0.0568236679802961 -0.00110499653323214
-0.0457157779318122 -0.0436068086295173 -0.0401723137434926 0.00409555256432337
-0.0479362335128971 -0.026589163310721 -0.0245754998869413 -0.014331018831586
-0.0463593651311618 -0.0291325916158468 -0.0205727718428879 -0.0401698786370897
-0.0424547744128833 -0.0552270058340694 0.00519262118717163 -0.0670278306715349
-0.00762787869684778 -0.0800807609960717 0.0539725339396865 -0.0718878034781576
0.0468404259772023 -0.0653340863014264 0.0853782889438131 -0.00786545048818195
0.0949106484292089 -0.000128118611785569 0.0464605623446265 0.0587273073614078
0.0639450481533582 0.0908614524936678 -0.0231390045592761 0.057410919739697
-0.00548538167282965 0.119924423846065 -0.0169623379045935 -0.033368987167536
-0.0458000382082294 0.0730013422682017 0.0584179087990749 -0.121628697803504
-0.00899920252658614 0.089230528648073 0.0850612190456861 -0.0995276659513795
0.0441551067505503 0.0643984280277887 0.0515509201109974 -0.122223746452893
0.0631307626682949 -0.00349253698873145 -0.0108975523844051 -0.102442867683912
0.0300552046738453 -0.047754762898005 -0.0488558444253243 -0.0667026507355112
-0.0118796039028767 -0.0530402846172387 -0.0634650698797239 -0.0295418677083233
-0.0332087535813471 -0.0319033021942009 -0.0569151118642008 -0.0124999596189286
-0.0342869101653419 -0.0187319186111496 -0.0403560297483625 -0.0246915681300651
-0.0338077803126163 -0.0195385513761484 -0.0341828661656893 -0.0480703846014318
-0.0300752695008638 -0.0392586813494116 -0.00532497999450948 -0.0764966456132229
-0.00354027678508646 -0.0586503466923385 0.0473374603911017 -0.0830376275495737
0.0382958373442235 -0.0467258745146333 0.0865348179708282 -0.0194115737456498
0.0698599376675247 0.00886794731312735 0.0496483773681713 0.0467871196869222
0.0363154424484317 0.0729886329636211 -0.0171141441802272 0.0441540840307056
-0.0177121987201808 0.0794621407151555 -0.00610834469805729 -0.0604433157053626
-0.030961122651672 0.019144538364048 0.0655590470566858 -0.140217224741113
-0.0165365990928002 0.0392528164364533 0.0845744609154998 -0.105030096308293
0.0123575138070603 0.0313906338246646 0.0561842744895978 -0.112364811226472
0.0257386010978972 0.00245902294749055 0.00589546839295079 -0.101085829146466
0.0126138714455689 -0.017925185989286 -0.0400062103235513 -0.0790855836395693
-0.00468213184982679 -0.0235992875043881 -0.0667841575985036 -0.0447256112373177
-0.0152042084070959 -0.0147968840892522 -0.0670687798667262 -0.0231859841740035
-0.0158447870675514 -0.0076133302203471 -0.0495168380401588 -0.0304670956254666
-0.0181462230278468 -0.00829312708440601 -0.0412738588029747 -0.0539334467615411
-0.0169960794487362 -0.0202872889788113 -0.00920667811789037 -0.0821658392798257
-0.00023556095646371 -0.0343539152419288 0.0452156951441326 -0.0872630149167666
0.0278049031414702 -0.0266031997048703 0.088880948600802 -0.0227669723291234
0.0419008784819181 0.0158055788553044 0.0509211316586401 0.0418172327629145
0.00832019305361924 0.049262781373792 -0.0121957421289291 0.0359420815468695
-0.0264433621926765 0.0330081528963269 0.00567887733676415 -0.0743423726117829
0.0249695287078629 0.011215504683864 -0.0073664273005546 0.0939969387428853
0.00599187396444091 -0.0151780332706383 0.0417289052529599 -0.0159869730828218
-0.0118821095893021 -0.00737209204618737 -0.0438827586447523 -0.0555549763327189
-0.00441955918488108 0.00804276416777922 -0.102215601956552 0.00869436693804217
0.00472913183967779 0.00124439932374783 -0.0552735919592281 0.0898245598297387
0.00246623856368242 -0.00164787680742636 0.0115222825811889 0.0908744762222908
0.000462914471562554 -0.00344865190804049 0.0398731859477143 0.061534496251328
-0.00516415699020539 -0.00557335545373811 0.0526375496739829 0.0346534688578382
-0.00717575112808298 -0.00711732657916813 0.0617814250360413 0.0241540143613358
-0.00674871292227276 -0.0123872883167722 0.0652874058173266 0.0366707652892996
0.0049021616131258 -0.0146477766135821 0.0421435793302408 0.0703409147878748
0.0156877335677895 -0.00687026375099239 -0.00656272437557456 0.0942639671747392
0.0194610956428612 0.00204777219135783 -0.0475026435919843 0.100338994730299
0.0194237162099663 0.0167290486188833 -0.0867013573427941 0.0962596350256186
0.015424771493924 0.0399667262505748 -0.070195270342325 0.131117423601244
0.0167339276263496 0.05662958606445 -0.0118890969608171 0.0817962282604769
0.0232259319732272 0.0170043980663481 0.0438025927062378 -0.0194198564521227
0.0163359096732753 0.000311808943125978 -0.0399540990083566 -0.0691642336094727
0.0137710192650025 -0.00763220603221983 -0.106934085828199 -0.00243524863139739
0.00771171813967462 -0.0237906530202745 -0.0642127460892729 0.0833600111681632
-0.00893183261271656 -0.0236711947032521 0.00298443348819533 0.0894806473618196
-0.0167774450320854 -0.0161845403114374 0.0333715595989945 0.0589587075559317
-0.0242013254648184 -0.0168135699200819 0.0468445402977911 0.03027400443693
-0.0260312210900338 -0.0229818766853843 0.0543301227501237 0.0142924432474462
-0.0208204796149377 -0.0413821942926869 0.0644698939610927 0.0187876149049699
0.0119562751154785 -0.0501091614727979 0.0575558847100942 0.0510025453264926
0.0493883198522563 -0.0250352979032827 0.0155854916540209 0.0882565522128221
0.0613542684127333 0.0221327726869619 -0.029347919424709 0.105010727295367
0.0372965147945139 0.067371814477066 -0.0708818063510664 0.0966353427506415
0.00481400974482058 0.0947528984777506 -0.0604452757797085 0.114129331664426
0.000968987931390328 0.097478730814281 -0.0096139838273472 0.0531349348692936
0.0345768528476724 0.0559872014373917 0.0494883189083687 -0.029241417246706
0.0476203348128177 0.0171566095297052 -0.0291271419583999 -0.0899634030615278
0.0381076303011045 -0.0214052665615623 -0.107053920327361 -0.0236688021661631
0.0136369055362476 -0.0488881453565677 -0.0750287455309018 0.0666424892197981
-0.0180299244265307 -0.0458159311506636 -0.010958167018531 0.0790614568483229
-0.0318991949778465 -0.0292648131008446 0.0207872627729509 0.0519912209751795
-0.0392093157921654 -0.0260185151841898 0.0333605112486405 0.0222468617720644
-0.0409675487407045 -0.0333846461137425 0.0400399613736254 0.000361446255730467
-0.0358095720862965 -0.0602944546376623 0.056128077799835 -0.005940183616116
0.00774997787014551 -0.0782093751183463 0.0692549012459452 0.0183727463161998
0.0649374514964536 -0.0506832485549863 0.0436666651035628 0.0707636308498144
0.0971695663975691 0.0197930120518868 -0.00358903513508356 0.103632920099529
0.0623095199970548 0.0976495348113814 -0.0529482083811257 0.0937619630101477
0.00228976182914034 0.133379036335577 -0.0475794842749152 0.0839520431208179
-0.0198109441940594 0.123364278747435 0.00118602771168437 0.0127270589336969
0.0358490998466699 0.0937603154348961 0.0578488124774057 -0.0446321919304713
0.0728193048371241 0.0410980440055833 -0.0110886230527876 -0.110490529559933
0.0653711060440721 -0.0287331148782579 -0.0968182033703558 -0.0522762203657153
0.0235721098456199 -0.0688392041912353 -0.080608686634043 0.0371247213549359
-0.0227236834721579 -0.0652126458440518 -0.0276891848649204 0.0597512012281986
-0.0431444780695894 -0.0394761001909113 0.00316585819326297 0.0392786796152928
-0.0489721529410551 -0.030521290258729 0.0155899042696447 0.0109410991481113
-0.0495337622576185 -0.0373200040494397 0.020105085668889 -0.0143936172825367
-0.0463756193007144 -0.0674434527203444 0.0407216512712199 -0.0303493121990637
-0.00164710163067642 -0.0925079497665505 0.0696907944305491 -0.018338830136875
0.0633277662954138 -0.070226527716038 0.066961696376118 0.0435947981913521
0.113820494478644 0.00680215312931441 0.0205151374642294 0.0925174514747592
0.0790228091889125 0.10501920710041 -0.0389640204253055 0.0837571236612482
0.00268366414485293 0.148758536698117 -0.0349878742392961 0.0449189041305975
-0.0390562268399394 0.127674729159657 0.0189862506311872 -0.0350547080051546
0.0246870390442567 0.117269103267434 0.067088552228026 -0.0632022846316221
0.080932575654779 0.0652106161127184 0.0129452845882593 -0.12343008623007
0.0839859852804539 -0.0246713726351194 -0.0717584064678545 -0.0782135983524505
0.0335713950122156 -0.0758782787840916 -0.0769806898673846 -0.001105282370411
-0.0226772036544204 -0.0743591483937234 -0.0435247274410573 0.030363865251093
-0.0470361772482334 -0.0447647505434066 -0.0178324155793426 0.0223602831680348
-0.0506166151721759 -0.0307982082611343 -0.0042418562428255 -0.00147464200451308
-0.0498146768827284 -0.0347187599085205 -0.000954851448026353 -0.027678579475583
-0.0471985549546285 -0.0639543873547691 0.0214955471508511 -0.0506781048530998
-0.00791024719978484 -0.0904163546483936 0.0617932489087792 -0.0485076742581502
0.0546389326272231 -0.0732820260340484 0.0782323131398667 0.0150157212032533
0.108901753953849 -0.00138309466604052 0.0363929250824238 0.0750790228415133
0.0781126666270119 0.099128514092705 -0.0292066017297145 0.0700028225125104
0.000761645779823677 0.141134074060366 -0.0248932577363302 0.00419657802289423
-0.048521861520766 0.108351683595248 0.040521335422944 -0.0808221436740322
0.00591984497681911 0.114348304657413 0.0761483732112223 -0.0805277321897352
0.0677493288471663 0.0755585654767815 0.0358047649573608 -0.123951785168023
0.0829248257599288 -0.0126778187851739 -0.0383543882374803 -0.0943528491918976
0.03718432628328 -0.0667726739461487 -0.0631169710786449 -0.0381190712026685
-0.0177369400666097 -0.0696323624400643 -0.0548642933813935 -0.00171260983451108
-0.0431101507407748 -0.0418561554620065 -0.0382342743698142 0.00300401438623568
-0.0447000958443721 -0.0263812273330391 -0.0233159629587609 -0.0137632582151855
-0.043561417926972 -0.0280352541029952 -0.0194916988415139 -0.0377626780250996
-0.0399032862017829 -0.053198046610386 0.00574425551508883 -0.0642274549372374
-0.00707763492087469 -0.0764509530927448 0.0517621193642699 -0.0683506359741932
0.0454537512537015 -0.0616449792611255 0.0817893855187571 -0.00584921559500626
0.0902435711303263 0.00163397875130098 0.0434606217445948 0.05783710414893
0.059788315018985 0.086722359398218 -0.0225058630942342 0.054966933404576
-0.00757871950293183 0.114068801578266 -0.0156541733134459 -0.0321712436997071
-0.0442341882858904 0.0684429979897491 0.0581418265478778 -0.114935722648161
-0.00948281519386538 0.0849065697141272 0.0827127075253298 -0.0923059024657111
0.0407626442938986 0.0620691710696031 0.0515499673094955 -0.115262436615318
0.0605883288761728 -0.00218602833727033 -0.00820174788624657 -0.0981878737778176
0.0293068341195729 -0.0451215292991436 -0.0464052141371075 -0.0647574768527336
-0.0115372044435734 -0.0504631757296965 -0.060443929909056 -0.0289388954724042
-0.0314681584009291 -0.0310700978832377 -0.0542254279348213 -0.013067218014066
-0.0318103578687916 -0.0178681415126519 -0.0383289979721651 -0.0238347930314663
-0.0318654553525944 -0.0188404909894388 -0.0320797894380144 -0.0461061455069406
-0.0281165202247053 -0.0377802889474575 -0.0041885166191762 -0.072626405289656
-0.00305758229139281 -0.0559332874321087 0.0455452699081865 -0.0786507289639603
0.0375025818887961 -0.0437617520724878 0.0827951065750966 -0.0166158987538887
0.0655109203718975 0.00984363836557182 0.0465653294125762 0.046456246116066
0.0331181713107468 0.0694375904783167 -0.0168153096630106 0.0422077838422331
-0.018261121074533 0.075781327484361 -0.00513514092490659 -0.0573447735165166
-0.0293073796576344 0.017111881066206 0.0649241309756199 -0.131896976876772
-0.0163220888661433 0.0364474798349419 0.0827446144922898 -0.0980440915251446
0.0112678741127549 0.0303184201417562 0.0555788046677814 -0.105871624974872
0.0243219287112032 0.00256926068970964 0.00748249024468307 -0.0971131765882967
0.0122250882367721 -0.0165938375628 -0.0370026589914343 -0.0760239096308311
-0.00469117244914758 -0.022143784402904 -0.0635493489003215 -0.0434956778290717
-0.0142528331457255 -0.014025768326224 -0.0637008078473053 -0.0227734137126363
-0.0144895557107945 -0.00737770585198257 -0.0469826885209767 -0.0301525159995538
-0.016854995569967 -0.00781998682162086 -0.0387331119148125 -0.0519262951675731
-0.0157992014475056 -0.0187135431380505 -0.00809197460504919 -0.078731531536877
4.63793860540249E-05 -0.0323958084246578 0.0437175328418397 -0.0828072789651579
0.0266809474376091 -0.0251542945838135 0.0850136678154866 -0.0198631495047106
0.039791247748864 0.0156506982823482 0.048226538984122 0.0415195489300794
0.00788831156997459 0.0464449154567489 -0.0119799427781611 0.0339385588140789
-0.0260556237944394 0.0307336190187445 0.00620309951919748 -0.0715419636696836
0.0224606441983731 0.0139911089900068 -0.021842459739527 0.0925026811422926
0.00813387410399121 -0.0136085404132016 0.0453305494490407 -0.00858078585188767
-0.0100737891454048 -0.00927648294917797 -0.0332141159254603 -0.0617890021763423
-0.00524953716412759 0.00661019927585308 -0.100986501093354 -0.00774820513098155
0.00365281399856813 0.00103936691573825 -0.0683212265229073 0.0788324203137437
0.00260288692431988 -0.00129646230797806 -0.00289581077754644 0.0917147793705081
0.00140155554110365 -0.00331119076335444 0.0302959682758234 0.067429459827123
-0.00413593308205763 -0.00657913035938012 0.0453095188719954 0.0432115476797758
-0.00525935769650833 -0.00839616809869618 0.0564497655872262 0.0348636181600373
-0.00393285075647799 -0.0130924946161905 0.0568116578308978 0.0472014266819396
0.00806559706700809 -0.0130697635962762 0.0287105417593631 0.076614822691845
0.0178130442498619 -0.00330302779526241 -0.0238389132726505 0.0918081602099738
0.0190594618321353 0.00705980861868138 -0.0653157186833268 0.0877035816882056
0.0161404105057525 0.0215293244329203 -0.102753319170009 0.0776468525269012
0.00891323915356785 0.0430735223492432 -0.0935780836348343 0.115899069699079
0.00806791832741589 0.0570604566763466 -0.0273969434611408 0.0777810734146882
0.0189061514531726 0.0205646577120825 0.0461210444662357 -0.0115474579675666
0.0163929170463749 0.00360359124805322 -0.0283462937348525 -0.0741600174159771
0.0150672294627855 -0.00514710041320985 -0.104035285061677 -0.0178686448181254
0.0111747229801144 -0.0221315233119838 -0.0750788705328025 0.0721159458221904
-0.00439281392507654 -0.0248324914446941 -0.0105465577216141 0.0885902753732033
-0.0129523673807777 -0.0190645409914473 0.0245558740039974 0.0638746542776966
-0.0203109868079464 -0.0212875446334738 0.0397806932334824 0.0377724082576774
-0.020595320082187 -0.0275388856072909 0.0506222786745024 0.0238779391825891
-0.0129491745116581 -0.0438998405844861 0.0587384958309116 0.0297578481473711
0.0215018272435091 -0.0461786752725001 0.0460730008395718 0.0597398252210355
0.0537702300933693 -0.0151552369308315 -0.0015777324075511 0.0903025397407345
0.0565093739211429 0.0333918126873656 -0.0474874242152866 0.0956214303980264
0.0244662579554294 0.0733690999814604 -0.0860479812730058 0.0797410886462036
-0.0122128919311719 0.0938973717416301 -0.0798328978727117 0.100591223075622
-0.0138525369037951 0.0939671149935226 -0.0225806457431665 0.0481186362460063
0.0241723192958481 0.0597984757606531 0.0507694693048929 -0.0201255747605594
0.0434503761500794 0.0248035099415786 -0.0165063515881876 -0.0915189327872683
0.04080732670358 -0.0142113501365856 -0.101346361915872 -0.0381828759768487
0.0216761499502735 -0.0447859896204584 -0.0830266576056688 0.0551336252609214
-0.0093828131686908 -0.0479478156177112 -0.0219346505564632 0.0778810130790121
-0.0261280061138397 -0.0342857276217488 0.0133818621415763 0.0551774868084933
-0.0336220942173553 -0.0325186198478367 0.0284851706916955 0.0275060444897904
-0.0333976623862444 -0.0397815380149947 0.0377520212919265 0.00823837909441506
-0.0246872041150728 -0.0648640104073459 0.0543896677629288 0.00447580027324134
0.0215064414664998 -0.0744140933730542 0.0627519780786022 0.0297957524993639
0.0732812448149073 -0.0377784928399659 0.029508329481894 0.0784932273630663
0.0913112744067182 0.0373095053549311 -0.0231392151562832 0.0988809776749314
0.0429907945576877 0.106332435511081 -0.0678454097422302 0.0788856328817896
-0.0215969602240243 0.130837106947003 -0.0608432779790632 0.0730867054870451
-0.0379192257908611 0.11609323371293 -0.00708502974368995 0.00776796987310088
0.0189652649882806 0.0970066668101376 0.0602294135242028 -0.0348743315997279
0.0638858820879307 0.0523096823383911 0.00237278834855038 -0.108487948780326
0.0680980396098085 -0.0164660823741138 -0.0880792965308109 -0.0629700329948361
0.0342337177540261 -0.0621054612901554 -0.084461627288973 0.0266249886363831
-0.0115701475596874 -0.066820827656089 -0.034567813074104 0.0560284266500899
-0.0349711279067617 -0.045880807369519 -0.00267371929516533 0.0399370767792534
-0.0418623979669621 -0.0383251866439729 0.0132308849954989 0.0132575813209352
-0.0413239840727628 -0.0446408644302196 0.0210454420255764 -0.00960486108346395
-0.0334763800423016 -0.073463172540304 0.042831032105626 -0.0219728468843416
0.0140924871122032 -0.0898767335144539 0.068941668106712 -0.00582134239391411
0.0750704931470749 -0.057497186626837 0.0565511669861482 0.0553545162140066
0.109846896758743 0.0267578860116623 0.00264361087337858 0.092553261549687
0.0582272380235066 0.116410695387305 -0.0510970431538363 0.0725883830175097
-0.0240103495700215 0.145599713541316 -0.0408628739717704 0.0364929533421839
-0.0567314024280133 0.117716987482956 0.0173601078141343 -0.0382205653894997
0.00432526232865435 0.118046732347447 0.0711831498617855 -0.0520976466622677
0.0677824938809096 0.0774127131813856 0.0261977417531913 -0.116583671804322
0.0861731212784081 -0.00864488012402508 -0.0608878788944236 -0.0846438932503081
0.045635978455947 -0.0671412735762239 -0.0752862313065235 -0.00918702998429677
-0.010128282280863 -0.0757923876975627 -0.0450344414905351 0.0250526330934027
-0.0384855896911549 -0.0515177942774467 -0.0206237791438203 0.0201978035807034
-0.0438447736480246 -0.0390174394327165 -0.00426028102680483 -0.00269050914364875
-0.0422160209051399 -0.0418646352541039 0.00322998781344419 -0.0259140202075148
-0.0353702562912032 -0.0699019372955341 0.0278301117585651 -0.0442628359554289
0.00758061507832421 -0.0887481581161833 0.0664886890669764 -0.0370881110647681
0.0663719588763855 -0.0621946416015989 0.0723247371127572 0.0297468869542479
0.106589277715698 0.0173552298717217 0.0209481634710924 0.0787026145560584
0.058378797211289 0.110014509536692 -0.0394224681738429 0.0606466771384046
-0.025470705096889 0.137131548156367 -0.023676955701999 -0.0022109897618372
-0.0632956915413729 0.0977499335997914 0.0472549253275066 -0.0800306385696645
-0.013420809765429 0.112329097047405 0.0837383101185816 -0.0681359656785152
0.0527905541237295 0.0849323603453241 0.049006946414439 -0.114788126942643
0.0831824962473181 0.00253587545808072 -0.0258334828092737 -0.095295888825164
0.047390091096349 -0.0575693530168816 -0.056121079093983 -0.0439790507521482
-0.00630230594926182 -0.0699292411013145 -0.051345386562006 -0.00824994531112377
-0.0348659368077755 -0.0481091462632394 -0.0379116100055901 -0.00135355187396989
-0.0388788605109451 -0.0337602296243782 -0.0203698047359407 -0.0176658826305297
-0.0377335696042764 -0.0345124968792426 -0.01299341342521 -0.0393492333665616
-0.0300503274099989 -0.0582849217672689 0.0150384655430679 -0.0603609360833942
0.00587841879510669 -0.0749901508793591 0.0606105882434826 -0.0584382748192115
0.0552325819297983 -0.0528388045524246 0.0797100522701814 0.00942780727536499
0.0876063161790373 0.0169734191483348 0.0310518216707914 0.0637115943464495
0.0431669861972756 0.0944030856157689 -0.0300863597705531 0.0477676403651704
-0.028550840912972 0.109580398104462 -0.00850758402846656 -0.0350413091577074
-0.0533007507489285 0.0596031459016785 0.0715892864748737 -0.108345586892307
-0.0229266806388544 0.08073068323662 0.0936560467726529 -0.0797079812758489
0.029068602104463 0.0678385419829079 0.0644382303675705 -0.104769838161075
0.0596360320320131 0.00876733637123475 0.00531131364855566 -0.095459643658149
0.0361230888390595 -0.0385449974268351 -0.0359133668278303 -0.067821732944858
-0.0027919880907174 -0.0503826960260042 -0.053972690151766 -0.0366368211446226
-0.025508655057875 -0.0355899074352285 -0.051282154551607 -0.0196619216445753
-0.0277267773564636 -0.0235371416553124 -0.0332647063796107 -0.0300607996423612
-0.0276087299621667 -0.0234529736226405 -0.0240198475969752 -0.0499066075363825
-0.0214347174883693 -0.0417830964753491 0.00688030434337356 -0.0714028259265689
0.00624993709762777 -0.0551550315298448 0.0565470797441044 -0.0693237427854086
0.0441605582259658 -0.0371583949335879 0.0830655089402204 -0.00116030628946267
0.0623067148342753 0.0208292649326553 0.0363182123554271 0.0534459968562155
0.0203598382242777 0.0735401079192766 -0.0222413290914654 0.0372769138458716
-0.0325555687145278 0.0698045194920986 0.00597594656266164 -0.0582100081135492
-0.0312103219571627 0.0126437836107617 0.0843265385556985 -0.121888237919469
-0.021520602098654 0.0333657707572805 0.0960561340559444 -0.0841431466255948
0.00577883042224063 0.0317081984423016 0.0700617402467858 -0.0949850128610506
0.0234055770462212 0.00715698407611535 0.0216961379399936 -0.0931486750596838
0.0150928708520714 -0.0141187396182348 -0.0246515884894196 -0.0791041530048791
-0.0012938769877674 -0.0216161961869846 -0.0556276787872686 -0.0520836501047138
-0.0121178073096385 -0.0161164075633558 -0.0593853525815899 -0.0308457693876518
-0.01288206704402 -0.0102979843346277 -0.0407079667845072 -0.0372886095075895
-0.0154072629785342 -0.0103463890358551 -0.0290694875339671 -0.0565847014188694
-0.0125755430326653 -0.0213915735598875 0.00508838540305318 -0.0779585415401281
0.00469807136147709 -0.0321124838325749 0.0559754800486138 -0.0733606860916702
0.0304790886070021 -0.020724124886478 0.0869606997517086 -0.00443641656561498
0.0364789604171595 0.0222766082216668 0.0388823116911978 0.0490864527957386
-0.000992142398864822 0.0461440249513869 -0.0163680357283094 0.0303088115135626
-0.0321379873791987 0.0243997992758479 0.0187342609576435 -0.0690882810757838
0.0228613214184616 0.0146244912461086 -0.0231584451021119 0.0946047231810395
0.00833546661351904 -0.0138849068849913 0.0475254929282079 -0.00837682160319774
-0.00950037988738251 -0.00982436987058988 -0.0323178264985864 -0.0645032376242059
-0.00581422988790428 0.00594697122885059 -0.103499575564828 -0.00945147701635344
0.00376206811473471 0.000740157777573653 -0.0709577884952151 0.0794380252295615
0.00281137182903359 -0.00159007586053334 -0.00396036961647983 0.0934797406023322
0.00141919649663005 -0.00373650681606188 0.0295447715777985 0.0698177982924209
-0.00400927378381663 -0.00708056977597479 0.0461218753397568 0.0456485773502513
-0.0056485816501245 -0.00885310639610988 0.0571519446773458 0.0362194162110699
-0.00425438536298208 -0.0138939638640218 0.0572439540137028 0.0492982452983825
0.00893912500547731 -0.0135758950594633 0.0272873808064394 0.079174865965827
0.0186825536970489 -0.00369554304779306 -0.0266256313607914 0.0942491848039559
0.019549033300435 0.00807127566507896 -0.0691449422377579 0.0877006991757962
0.0154094590956094 0.0226831756732321 -0.10745794320736 0.0770021930481638
0.00860763548096307 0.0441126447631289 -0.0979766030499963 0.115748538110636
0.00702165702636707 0.0581686473168022 -0.0276911951245237 0.0801928686671967
0.0190141033097825 0.0211890383420344 0.0487684068619114 -0.00992105396725179
0.016650323474957 0.00387368390896864 -0.0272754465400118 -0.0765554313674383
0.0156078975685672 -0.00540490167061796 -0.106221970191324 -0.0206644680390114
0.0113540497546897 -0.0228369587599233 -0.0782868328654868 0.0719180102059586
-0.00424910589323355 -0.0249999442381986 -0.0117775546972202 0.0905589153044102
-0.01359644756756 -0.0197180857621503 0.0241634588325423 0.0660583328985684
-0.0202381866784991 -0.0219487040774573 0.0406504419123634 0.0396869021332577
-0.021058886733516 -0.0283361134150586 0.0511561809395461 0.0255271235829381
-0.0133716847195265 -0.0454180448922998 0.0590637924724556 0.0314140622651164
0.0221137705390792 -0.0474184520825668 0.0456071836239191 0.0615806890756348
0.0557399538713013 -0.0152244515821154 -0.0030925586714198 0.0924371584149859
0.0568616451693936 0.0352238191447653 -0.0512866521323212 0.0969986081008569
0.0230939165006767 0.0755923100772461 -0.0903523221679179 0.0796600067068962
-0.0137491376308524 0.0961694550109671 -0.0835689054086022 0.101681294987089
-0.0155677226876687 0.0954059632915254 -0.0227656620417896 0.0493164868067265
0.0233487768253315 0.0615325088612375 0.0545666136398902 -0.0187848068416109
0.0439268218938355 0.0259484554173987 -0.0148611534302535 -0.0943370257446718
0.0422613264455962 -0.0138829231777017 -0.103206744257353 -0.0404580874600656
0.0218653051265091 -0.045762133879306 -0.0860154131131639 0.0546419679660525
-0.00965515725772644 -0.0491345351990704 -0.0233242710848581 0.0791504881910542
-0.026405991476002 -0.035108824955243 0.0126568990628965 0.0566466796712517
-0.0339563037208567 -0.0336236455467698 0.0284742260125165 0.0287547384406699
-0.0338116979090436 -0.0415209796384883 0.0384587935421328 0.00916005053608987
-0.0245870154980034 -0.0667645637611232 0.0551126531145074 0.00554551210814792
0.0225414756622946 -0.0755664078477666 0.0626982513300949 0.0308067975009318
0.0757057919905894 -0.0384431085613846 0.0286284234800334 0.0813096745324417
0.0928238348783667 0.0399952538407151 -0.0254883545138638 0.101599462358205
0.0416087534283365 0.109951027473101 -0.0710338937455406 0.0798287918502289
-0.0240266591352502 0.133877653859263 -0.0630262613056242 0.073725251352705
-0.0403468604684625 0.11747994170217 -0.00657795121319268 0.00855541872964266
0.0180002857045701 0.0991094125256092 0.0636936514636355 -0.0327838947606718
0.0641597871612416 0.0545807391217544 0.00470883457617463 -0.110854574954385
0.0702070335173174 -0.0156104671684692 -0.0891109930768735 -0.0661690772025786
0.0353794650743079 -0.0633890623568188 -0.0865123869547141 0.0257042264832507
-0.0115443335325534 -0.0679911597460477 -0.0358482667198738 0.0565479705774898
-0.0353698011596272 -0.0474483087784158 -0.00323735176312819 0.0409813360531764
-0.0421969911221614 -0.0402053946215767 0.0133790255882854 0.0143722149917639
-0.041491660797598 -0.0462545124899805 0.0212456770534288 -0.00910971193368768
-0.0336438835073598 -0.075647581410386 0.0435115440628545 -0.0220348711310786
0.0153415195221343 -0.091892124278467 0.0697346907902338 -0.00574021875764834
0.0776583722086 -0.0581165774256956 0.0565478709940558 0.0583563291908321
0.111969167600645 0.0291790813213411 0.00122808340779811 0.0955475283123834
0.0578097515239326 0.120153461459352 -0.0540360695234346 0.0731155694541416
-0.0265616129560587 0.149086122569373 -0.0420752505715528 0.0366968803204099
-0.0598775032968378 0.118830616456382 0.0194139942594701 -0.0369686376934857
0.0021984781132113 0.120320332886623 0.0752050611140913 -0.0498764895845775
0.0678135618024671 0.0804555098544116 0.0299747322958452 -0.118975628950303
0.0882724619821435 -0.00775177585889349 -0.0599073641629765 -0.0878603968327055
0.0470356829272209 -0.0684479805416761 -0.0767771535344866 -0.0109942826269161
-0.00960230703112789 -0.0767376669018931 -0.046982910387526 0.0254691291945931
-0.0386626470106966 -0.0531001732895241 -0.0212852640645332 0.0203977529397641
-0.0438483657425174 -0.0406194202100553 -0.00450055478302405 -0.00266480591950244
-0.0423358428816523 -0.0436475943391303 0.00321280276323999 -0.025837669885001
-0.0359150196191115 -0.0722661891959268 0.0287821465679355 -0.0448054648774746
0.00834488465645874 -0.0904285988526542 0.06778982980831 -0.0373810468031502
0.0688820234685011 -0.0633909895607413 0.0733214653448064 0.0321864748048119
0.108040133808594 0.0199034042140877 0.0204427885013601 0.0819886272809321
0.0580250668053918 0.113275551342956 -0.0412343006179967 0.0621749419693346
-0.0280693418080945 0.140440824783559 -0.0238688018169391 -0.00278200452613266
-0.0659548479126183 0.0979821722067031 0.0498810711102676 -0.079638120082048
-0.0155985410937371 0.11451167920831 0.087857940332943 -0.0667984089721382
0.0523669799064636 0.0883322785493902 0.0526776378643138 -0.116190749838482
0.084965732319455 0.00367278605337376 -0.0243862397121896 -0.0980004994109173
0.0490664120032428 -0.0587294064037493 -0.0565333320072792 -0.0460981194685639
-0.00586653096948401 -0.0709188236507915 -0.0529594528631362 -0.00870460979851968
-0.0356053231492195 -0.0499377554648911 -0.0386426637572245 -0.00183016260703938
-0.0386097517353472 -0.0351810164723635 -0.0210239045273288 -0.0185089860691345
-0.0373068395090836 -0.0356919037454005 -0.0134383034317748 -0.0399399609972334
-0.0300957705761996 -0.0602733748482951 0.0159931667009333 -0.0616811762495768
0.00641841183271145 -0.0766816734014953 0.0620480817089709 -0.0588452981393938
0.0575497658505173 -0.0532938805327178 0.0814053687956123 0.0120628342702889
0.0890664418904418 0.0194230769868262 0.0310423234979866 0.067212760716944
0.0426528918809071 0.0967456562755212 -0.0308661857534464 0.0483608774697755
-0.0310925405446554 0.112046802054766 -0.00788325563985349 -0.0363830587747093
-0.0554198789177406 0.059745153740088 0.0756555651189226 -0.108800616520561
-0.0245207522203805 0.0818946241908902 0.0975969070960756 -0.0782430304900104
0.0286922097163941 0.0701982046220792 0.0686697921992694 -0.104662768402784
0.0605728275396056 0.00943518077429843 0.00780074178345801 -0.0978909483216413
0.0377525810221244 -0.0388424033861543 -0.0356940521481746 -0.0701456086728749
-0.00287382920124068 -0.0508445149675284 -0.0552536173403622 -0.0376612999330552
-0.0258468122087097 -0.0363612554855983 -0.0525272942388011 -0.0209542814628198
-0.0273083879980793 -0.0246124660550917 -0.0340946480094415 -0.031495747189286
-0.0273817357914149 -0.0243039597527932 -0.0242506366101558 -0.0511870583354522
-0.0214926188022067 -0.0426514088360456 0.00785464467894479 -0.0729727330001626
0.00653738935509933 -0.0561473621776392 0.0587292702103062 -0.0702078938622701
0.0452088444483909 -0.0372699301852001 0.0856799053755765 0.000100284079019273
0.0634211471688722 0.0230649488061345 0.0367752425038938 0.0565500294152442
0.0193545717592538 0.0751563208712913 -0.0228932215478969 0.0378448687306001
-0.0346304492248566 0.0715660536455834 0.00705565511330356 -0.0598701051350482
-0.0318082218500254 0.012136396959002 0.088214083564523 -0.122658313990547
-0.0218998437150447 0.0331235201636077 0.0997381295012388 -0.0835317989333963
0.00533817752221881 0.0327518744084781 0.0736723163222267 -0.0953709030545932
0.0241818705324774 0.00724462491826085 0.0245124317233175 -0.0947099326847661
0.0154713045299273 -0.0147215292426552 -0.02417891947999 -0.0815891776319923
-0.0014687218507222 -0.0215965454735762 -0.0563801257872881 -0.0537393935499223
-0.0122680656337103 -0.0168693271882277 -0.0607968475974683 -0.0325645104805029
-0.0126415519244476 -0.0106050430029956 -0.0414707658591895 -0.0391805915373604
-0.0147636116658357 -0.0105851484923372 -0.0289909538788213 -0.0581278714188224
-0.0122522073674143 -0.0216857966425435 0.00595840795022946 -0.0794262467977665
0.00475859539983159 -0.0328001311828846 0.0582923892756496 -0.0744131291758843
0.031307259709122 -0.0213460767780796 0.0883737411794107 -0.00269479818979422
0.0366673641270259 0.0236034770799123 0.038652718719234 0.0522424331601251
-0.00145366935825175 0.0468824424396947 -0.0173318790764762 0.0307622077151018
-0.0330712974908682 0.0243983168506653 0.0201663412129418 -0.0706608856150869
0.023428895118875 0.0139328071144029 -0.0204802264197364 0.0980647069927299
0.00826278570106941 -0.0142913690210642 0.0505478454002257 -0.00935357710367657
-0.0102033447172155 -0.00968962523274111 -0.0340447961630112 -0.0660745056813002
-0.00582125139072607 0.00632222549275936 -0.107261397536057 -0.00783149229190068
0.00354658794014027 0.00101791289532659 -0.0717090776052776 0.0834204625955845
0.00338433771977444 -0.00221042342145312 -0.00196130971777209 0.0957032602295487
0.00151249184274121 -0.00384631891171277 0.0327170309634396 0.0716855329662286
-0.00426541708745628 -0.00769521898903961 0.0487279978000894 0.0463032088350087
-0.00619407341217692 -0.00927746535724667 0.0604036182207046 0.0366622225843497
-0.00445908720812029 -0.0141023466680403 0.0602137156832896 0.04948887958055
0.00871768384385185 -0.0141922813145545 0.0301255629457641 0.0815286100894076
0.0192210779263269 -0.00416120527685319 -0.0253392627591207 0.0978343984312801
0.0199814809691466 0.00831691364162862 -0.069662747666711 0.0914560255865732
0.016196990824149 0.0240862650657274 -0.110176335104703 0.080908558394011
0.00939277668961293 0.0453768930693863 -0.0987587225216456 0.121669906329377
0.00856918261381097 0.0590050295585515 -0.0259759533010334 0.0831665960670898
0.0198290998066945 0.0214087244821802 0.0522250886218894 -0.0115578475292263
0.0171946745699278 0.00355323756428068 -0.0289732459452532 -0.0786387451223281
0.0160064088357196 -0.00582606202460595 -0.11026232389247 -0.0188975814161611
0.0107750093614522 -0.0241201845503159 -0.0795922242281423 0.076221798733827
-0.00510897492375868 -0.0256357386139967 -0.00969324049515936 0.0932364903805892
-0.0142034476232567 -0.0195631986867501 0.0263309025551075 0.0677626913282743
-0.0218540155321309 -0.0228613487720556 0.0427212010110359 0.0403093532880305
-0.0230034558583131 -0.0286418755787113 0.0534503289337849 0.0257383347840463
-0.0148834637442774 -0.0461636196188668 0.0617105365587385 0.0310343514833198
0.0214738109568993 -0.0493387347941622 0.0480592731120461 0.0627523353350369
0.0573700302191173 -0.0176938780554755 -0.00133425171359489 0.0963618011364309
0.0596533211110582 0.0362077866119733 -0.051100663779258 0.100834655211388
0.0249298076502896 0.0782548079027334 -0.0921713173367929 0.084346128618076
-0.0122777948267772 0.0996051866031983 -0.0829873064062342 0.106446291890775
-0.0137280977064501 0.0980594821218889 -0.0213908425380133 0.0520910071490985
0.0251442181286237 0.0628567852501098 0.0574714067085355 -0.0197379076749387
0.0458988063021993 0.025619611040601 -0.0171152797202772 -0.0975239295979992
0.0432835827792655 -0.0152538358093195 -0.107422671590837 -0.0405855268002733
0.0207603840987528 -0.0481227692658854 -0.087574179938575 0.0581984754310117
-0.0111569717339322 -0.0499396098806896 -0.0221480353088934 0.0820816595687336
-0.0283128483505215 -0.0355602695666413 0.0140912817351848 0.0579166675078469
-0.0356916635917596 -0.0340134196084444 0.0304054319198129 0.0293402225739151
-0.036188279459107 -0.0417441253526562 0.0402001195444797 0.00914196829699379
-0.0278131134728479 -0.0687642640191187 0.0560429153724369 0.00460363934093357
0.0210619708616877 -0.0785378114140712 0.0647485834935262 0.0307501536257337
0.0773007129603176 -0.041019408084915 0.030851360426538 0.0842184876859867
0.096655422951326 0.0394013789269987 -0.0239300800886464 0.105676404023912
0.044835459064815 0.112467112230113 -0.0719294431275586 0.0842866045877053
-0.0220102085570778 0.139312358817579 -0.0625408950515516 0.0775653935957932
-0.0389195269073477 0.12092840600415 -0.00564518551737763 0.0102537307221353
0.0206090277428302 0.101177918029312 0.0669209299393099 -0.0338105903543913
0.0675749229404653 0.0549453137142595 0.00278194852959309 -0.114728775575715
0.0725110829663502 -0.0179978926799721 -0.0931976228455365 -0.0671312990782727
0.034520435850479 -0.0663594249278892 -0.0891185620081465 0.0285910677830771
-0.0138175631541853 -0.0696840103805824 -0.0356517179186473 0.0593654969093481
-0.0379136859768637 -0.0482051344885663 -0.00271379253044821 0.0419530454456216
-0.0441060559607218 -0.0404220272713792 0.0136858371055863 0.0140393502738212
-0.044091596071624 -0.0462609148817751 0.0213787100915632 -0.009023047008424
-0.0373548666720526 -0.0764594293614942 0.0436294498208616 -0.0232247759124028
0.0125490335069328 -0.0950897910186139 0.0706955164447004 -0.00766943254247822
0.0787783030786491 -0.0618924038906887 0.0601023135475812 0.0597083195590131
0.115183736601477 0.0281146712350758 0.00322124428396712 0.0998894221527864
0.0618422007828536 0.122478706218128 -0.0539413816210159 0.0771614488470876
-0.0237812355041684 0.155036876933361 -0.0416312351231484 0.0388003830348429
-0.0592699422315669 0.123135348728899 0.0199664080513946 -0.038047978327859
0.00504823219290128 0.123522836867555 0.0779261884959084 -0.0519986800865699
0.071623841669121 0.0822211594747057 0.0283566078407572 -0.123311486146158
0.0906697240889471 -0.0103324369637419 -0.0635531393438522 -0.0898801225176923
0.0461243844237207 -0.0721886013207789 -0.0796166919004653 -0.00982891158826055
-0.012854015377827 -0.0786263819221798 -0.0474820536239196 0.0275815310703878
-0.0419757267157698 -0.0536113747687296 -0.021841720256617 0.0211520916369013
-0.0459143954947012 -0.0406662126991367 -0.0049359881179888 -0.00248995298584506
-0.0448055610269847 -0.0436117617085533 0.00214103278610863 -0.0258249625874138
-0.0392235090953911 -0.0734059053170681 0.0280380484308909 -0.0470975581604677
0.00572754535176094 -0.0937024284769378 0.067723104882439 -0.0406076683393462
0.0690122244545727 -0.0667283584820128 0.0767236659343631 0.0317467870281735
0.111704564962586 0.0184910426954813 0.0227962185290623 0.0856287683251887
0.0624155972710734 0.115520783426741 -0.0406152657578365 0.0647696714070199
-0.0254454310695743 0.146190615248402 -0.0240947441560025 -0.00232105045624369
-0.0662301669663747 0.101744043777016 0.0502067518951529 -0.0820562611605839
-0.0131873215317451 0.117513959902593 0.0901578283125218 -0.0689626464107956
0.0562133703292227 0.0904394117860891 0.0527451081516709 -0.120635724052625
0.0878911990032392 0.00179536293075024 -0.026033724181593 -0.101518741393081
0.0487215776623106 -0.0619769773321073 -0.0595424771514741 -0.0459314651439602
-0.00889051089038622 -0.0725817388095157 -0.0547749847326122 -0.00751427391936163
-0.0380316714329916 -0.0502507173629648 -0.0401928311985505 -0.00132127980554308
-0.0401353991723311 -0.0356167216215271 -0.0226886577254291 -0.0186846182151925
-0.0395293830766199 -0.0360277302947136 -0.0148712203194917 -0.0407973612457512
-0.0331471625229609 -0.06119249615484 0.0141376125055463 -0.0637036057192324
0.00380480071147451 -0.0796088850803338 0.0612645118742311 -0.0629214832795468
0.0572579597378855 -0.056634139249107 0.0847579753933727 0.0106893584088645
0.0917481115931433 0.0183903939737729 0.03395086306592 0.0699190941004224
0.045681579561251 0.0985933898701729 -0.0305239249792752 0.0512149461497016
-0.0290490146792425 0.116491296884682 -0.00892674680515943 -0.0369049823178948
-0.0555728176265708 0.0623987010560246 0.0757693101720431 -0.113196618620973
-0.023166475847838 0.0844844659855565 0.0996322099193094 -0.0807096458817917
0.0310878830185603 0.0720954859163956 0.0690590995674465 -0.109658574080187
0.0631289661654197 0.00834256883045931 0.00631225870847047 -0.101493872857274
0.0380608186948128 -0.0415304293053192 -0.0382196009918337 -0.0716483527373439
-0.00477896132963402 -0.0517954653885365 -0.0579233355830695 -0.0373492057414518
-0.0283785656743387 -0.0367922266133833 -0.0547805045719853 -0.0203825192125628
-0.0284382111394 -0.0252124621101183 -0.0362625661703727 -0.0317944661622497
-0.0281702432747709 -0.0244356605948305 -0.0266656815298438 -0.0517140630142658
-0.0234334942257083 -0.043709536817521 0.00632028692285356 -0.0751166238223387
0.00522272907031061 -0.0582712389932987 0.0576069503823445 -0.0739885488288461
0.0453801063431092 -0.0398746810222864 0.0883732489787317 -0.00105166226111952
0.0660297508446004 0.0225815318918044 0.0394097101277671 0.0588548193786393
0.0216054132686803 0.0764601318866594 -0.0226023326957259 0.0390857265634798
-0.0334944001081863 0.074255469922475 0.00535748868387187 -0.0614369398806221
-0.032065649518273 0.0125167841249042 0.0882966778646076 -0.12759907256907
-0.0214932294296802 0.0342047063046457 0.101443859611429 -0.0871528548775324
0.00619247414070464 0.0338986507271541 0.0744747360521923 -0.0996663588225921
0.0250108544743795 0.00670760120513084 0.0237300518375399 -0.0985707745176973
0.0154550442955035 -0.0155511376327044 -0.0259916285436873 -0.0839899191051722
-0.00259592841824633 -0.0217579094183139 -0.0603668938882948 -0.053874578027752
-0.0136531052666302 -0.016465166233321 -0.0637879785887623 -0.0319938573456224
-0.0130136419309422 -0.011252899928432 -0.0445002867567998 -0.0399087177032721
-0.0147218355155211 -0.0106695029577415 -0.0319505341546847 -0.0587413148180741
-0.0134502331236696 -0.0221143488806202 0.00399316545880581 -0.0822619013154664
0.00376551926423991 -0.0338218894419704 0.0581213414591501 -0.0782774477914302
0.0315840820479799 -0.0227735645571933 0.0915499044381089 -0.00411167896784251
0.0389392330542907 0.023912037770075 0.0411388651085512 0.0541058578800458
-0.000880439059555425 0.0480292588682979 -0.0170004073903606 0.0321624019086806
-0.0335605213385835 0.0255864182722615 0.0180349878850052 -0.072499476856057
0.0238043710439794 0.0131288835595081 -0.0139401768697454 0.0991583211041899
0.00698987004588023 -0.0148534837002789 0.0519342616208689 -0.0127470677423455
-0.0105765010154316 -0.00943006035288161 -0.0370101265484811 -0.0652741126668873
-0.005346514286688 0.00651659361723199 -0.108955113899983 -0.00219936652490194
0.0033323981107619 0.000419343920936428 -0.0685560867676165 0.0871970861223322
0.00367976572305955 -0.00220395941859467 0.00319808623250393 0.0965881776321426
0.0015687780157602 -0.00439800411052827 0.0366517645229351 0.0703180980824797
-0.0052160310776352 -0.00757830863413602 0.0519114703554922 0.0443139501390818
-0.00691973309506414 -0.0093845753949423 0.062957087367998 0.033586298011222
-0.00518417634589317 -0.0136400060059995 0.0631336213426916 0.0468551008204597
0.00815524074734961 -0.0149751031938345 0.0345936203581631 0.0810466121916252
0.0190500372418056 -0.00480516952899721 -0.0210897794369592 0.100562060508476
0.0203527184224368 0.00788552484847516 -0.0664135066378926 0.095109640836724
0.0171717127171837 0.0238331045235067 -0.107972000105504 0.0862080199624132
0.0114484931902922 0.0449858337003624 -0.0929512975082675 0.126290814375478
0.0112292284807105 0.0583996078115441 -0.0199967859465392 0.0851740519373756
0.0203200996611652 0.0205392957801047 0.0532146927141514 -0.0142116143426403
0.0173237473232247 0.00290505045165048 -0.0326267482352314 -0.0785435948865694
0.0158188777900312 -0.0069978032608482 -0.11213070210493 -0.0141693719968761
0.00887883999287758 -0.0248296092308652 -0.0765549532416471 0.0804121938582931
-0.00666862843999623 -0.0257928967476817 -0.00447117236512907 0.094072664652882
-0.0157200738489383 -0.0190949593461617 0.0302221214141264 0.0671537474741952
-0.0235433748048991 -0.0218304547206014 0.0453105895436535 0.0385059732256972
-0.0247813302052147 -0.0280165686428123 0.0555929726581569 0.0230540266971747
-0.0181815139173856 -0.0454175726111498 0.0633924102329444 0.0280338890703152
0.0191544929259144 -0.0511137038743084 0.0510942876356538 0.0610278549992397
0.0563477654272171 -0.0202865808743898 0.00302320576771487 0.0980694068886828
0.061026880938851 0.033688504238305 -0.0471055231012331 0.104036105048498
0.0287516806501293 0.0773317178296312 -0.0889056612666847 0.0886038651167806
-0.00720303882141036 0.101496326606116 -0.0778039440868856 0.110681199032464
-0.0092682887746329 0.09838506076591 -0.0171309141912731 0.0544726025163687
0.0282454601398259 0.0618086297569478 0.0588824084572355 -0.0218793778582064
0.0471451226084712 0.0237205019517066 -0.0209310666946066 -0.0974210953582495
0.0429290908981501 -0.0178601692938213 -0.109928150989841 -0.0360292606727871
0.0178108401439517 -0.0495456628681458 -0.0851777189084753 0.0626844287920402
-0.0143256510893322 -0.0493306177248215 -0.0178355900103344 0.0832335833437196
-0.029496411023486 -0.0340250332138453 0.0172091588462399 0.0573072660677168
-0.0375362771266829 -0.03250465911183 0.0323880815704259 0.0279340239913336
-0.0387507604189733 -0.0401327742337012 0.0408476315978483 0.00759490461347257
-0.0320267268555378 -0.0670954886740138 0.0564067006688967 0.00204657325615515
0.0168579122476239 -0.0808222471496819 0.0656193934369461 0.0274596410865544
0.0752707338927709 -0.0460060451370541 0.0352506635960061 0.0838244289891592
0.0987223052182802 0.0353624801030844 -0.0193139662235382 0.108233859654351
0.0508873864228341 0.111117049414125 -0.0682837712787683 0.0875705398755474
-0.0149953528746331 0.14149712006084 -0.0587025574750167 0.0798685301937531
-0.0333795400653507 0.122759852972383 -0.00400804891902391 0.0114150064214806
0.0254894520046716 0.10050581217091 0.0678339444554144 -0.0359859082622824
0.0704778068535088 0.0526681014575536 -0.00134927700752568 -0.115404802306395
0.0717702087557101 -0.0218555891643135 -0.0963918659699048 -0.0627740692342382
0.0304656173070592 -0.0685627797778492 -0.0884736875108062 0.0325081212980806
-0.0185386252098164 -0.0687065906187526 -0.0326365446921184 0.0615792368545569
-0.0404102109360204 -0.0464323882289877 -0.000355270950847122 0.0421206763608415
-0.0462956193776281 -0.0386121900118926 0.0144681685862058 0.0142364885938221
-0.0465544992535526 -0.0444154670568031 0.0212407768006251 -0.00944091497776747
-0.0424558049911839 -0.0748529053328186 0.042759471862266 -0.0254443186123831
0.0074875242562376 -0.0963267319977956 0.069662757749547 -0.0114284840728556
0.0754433774173847 -0.0664033876617366 0.0630409916132646 0.0578490226715874
0.117546385766214 0.0235125228877829 0.00893072214548933 0.100749959166561
0.0681819577499168 0.120321790540276 -0.0505827790152355 0.0797636931645077
-0.0160526268336376 0.157690498339033 -0.0391524436864728 0.0404591475264212
-0.0535677451883331 0.125774437704952 0.0191878223484379 -0.0381340592219698
0.0112714235199754 0.123343265449559 0.0777624373199928 -0.0543371610005659
0.0760139376195263 0.0795804917983215 0.0233894449843321 -0.125498476448217
0.0906788358380156 -0.0153965814929926 -0.0678959093127169 -0.0882252281932674
0.0421569272748353 -0.0750829191810242 -0.0805243662708059 -0.00653384404254135
-0.0174139946194678 -0.0778087764280632 -0.0462741353754283 0.0304303655992903
-0.0447716729628504 -0.0510582269070745 -0.0210207320115253 0.0223021089237416
-0.0480261102396351 -0.0389531420538131 -0.00506210176853791 -0.0020289317764099
-0.047049280093554 -0.0415808079252661 0.00120464626765574 -0.0254248092866543
-0.0440596370348889 -0.0716735504717468 0.0253994059363824 -0.0480013069662259
7.72556765791478E-05 -0.094907731576442 0.0647666719271259 -0.044244313299746
0.0660672497094939 -0.0709181086451907 0.079357738888345 0.0290972188951232
0.113119383138666 0.0136806155175584 0.0281283244937593 0.0859879423147354
0.0682655535743749 0.113007117269395 -0.0376184709190168 0.0667490207532677
-0.0177255788343767 0.148309192472765 -0.0239386008938655 -0.00186435321874112
-0.0617823205091745 0.105053624766738 0.0471370297557015 -0.0836925299559686
-0.00711396008317901 0.118408402407133 0.0884194464215342 -0.0720141349476403
0.0610160081109577 0.0887023160870511 0.047870272568045 -0.123883713697611
0.0884781126872197 -0.00325707375474065 -0.0309427675914829 -0.100955541448021
0.0455798811171545 -0.0650911162937211 -0.0625039206711788 -0.0438085886513173
-0.0131998745996369 -0.0718333552218937 -0.05569581341438 -0.00451353419261227
-0.0410681237774245 -0.0480744071560416 -0.041199440584416 0.00128256108853185
-0.0422410607128492 -0.0338166909550201 -0.0238594202449639 -0.0173605945253928
-0.0406905361941355 -0.034084321820375 -0.0173626739343794 -0.0392192169385639
-0.0373077772537432 -0.0595564515744447 0.0102204712066897 -0.064449913513928
-0.00049814429186232 -0.0798023374234058 0.0568570589360801 -0.0662227277929579
0.054494630526084 -0.059915881654244 0.0852344926893272 0.00701182645411943
0.0935183709848202 0.0143852550394696 0.038133307534706 0.069456195208117
0.0507250224423974 0.0966600367445886 -0.0277977932201113 0.0525421180121192
-0.022880943367301 0.118488604557795 -0.0101594113180887 -0.037433416554999
-0.0527267463763433 0.0647840642960641 0.0712295792613641 -0.116760103160682
-0.018722801216711 0.0856876126672532 0.0970840165171563 -0.0851668135078691
0.0350712535536305 0.0714122092147734 0.0645818619109449 -0.113094531431463
0.0640821721373089 0.00492087176831383 0.00220803617717003 -0.102790266542431
0.0354179774992873 -0.0440610774230077 -0.041625196459401 -0.0705623472445546
-0.00792848794998583 -0.0512067943599129 -0.0608951013481165 -0.0342671435317184
-0.0304802894778092 -0.0349905028086372 -0.0566139094596828 -0.0179205019272057
-0.0300893616065174 -0.0241580069648825 -0.0383893195103231 -0.0301300980935728
-0.0290400951353736 -0.0233235819228053 -0.0293053756969909 -0.0498193809963622
-0.0259706205526505 -0.0423601663017504 0.0019360513814294 -0.0756625966393629
0.0017819745048072 -0.0590304804916514 0.0531572990304118 -0.0775563695691834
0.0437612188313849 -0.0424378311188266 0.0883584740966412 -0.00500223947186031
0.0673662156301848 0.0199181016630571 0.042368401804218 0.0578318620114506
0.0256959676439338 0.0755553412111278 -0.0204346355853054 0.0404585024362021
-0.0301860511070434 0.0765189224383298 0.00223459694431708 -0.0621074540238053
-0.0317041358983803 0.0138827988593094 0.0830383152043867 -0.132932254045274
-0.0196776451985806 0.034793152072477 0.0984532284275006 -0.0911223225259919
0.00795730935859925 0.034061191906593 0.0703526724061481 -0.103608579594815
0.0254819238040512 0.00526769880710835 0.0202991987117422 -0.100489043297041
0.0146957860021934 -0.016777237116176 -0.0305109513727606 -0.0833282860336383
-0.003762023375855 -0.0212920804912557 -0.0638595514803526 -0.050819916267346
-0.0146679026409109 -0.0156228221457581 -0.0662273915912138 -0.028481966939028
-0.0130915491654635 -0.0106321898797513 -0.0475143050386966 -0.0376514922100123
-0.0149530500346353 -0.00975155640219225 -0.035412381988253 -0.05758422627136
-0.0141553610029907 -0.0213352898726931 -0.000379209182897363 -0.0828704783673051
0.00207838655015119 -0.0340042264780531 0.0537789971058754 -0.082056901371236
0.0305715081383405 -0.0244003400613141 0.0921039935666881 -0.0085998876671368
0.0403754435906514 0.0221252696590135 0.0440705621924199 0.0533057793865474
0.00188126349370444 0.0480401216283149 -0.0157927480012821 0.0325880467746704
-0.0323177597440941 0.0279069954548427 0.0135868858865942 -0.0739460200744125
0.0232133543883959 0.0112538917082204 -0.00807989010205158 0.0964138056507497
0.00579613814948707 -0.014480960217065 0.0513935132196349 -0.0151390345167901
-0.010849884462187 -0.00881675520955194 -0.037764103988831 -0.0626819069420564
-0.00481298172453089 0.00642254644902186 -0.10566208026073 0.00245339592870133
0.00259179030892711 5.36917848834727E-05 -0.0626737466048586 0.0883816356117719
0.00333241910291733 -0.00287367683190386 0.00803823129261533 0.0930695837092681
0.000756994807317657 -0.00442518307125305 0.040035505117308 0.0671331628568786
-0.0056774774773296 -0.00692447149773293 0.0533670390067603 0.0406868100479006
-0.00746453169066917 -0.00826192624563741 0.0630702676800518 0.0298449907344506
-0.00596169511773995 -0.0130009160802864 0.0637230530431755 0.0426774366487554
0.00747994625560832 -0.0151818371956644 0.0373818827873969 0.0779691349191906
0.018006775691047 -0.00589183870501357 -0.016513001964789 0.0989953759057251
0.0198581341416594 0.00713843738986271 -0.0615414849059676 0.0944240862634135
0.0174107386435142 0.0228832343298661 -0.101891318599477 0.0880769959070617
0.0127593153580692 0.0432270365256552 -0.0846646402146517 0.125877452360214
0.0131425679533905 0.0559428659089047 -0.0141664987472368 0.0829206977711495
0.0207444387712478 0.018972483393166 0.052313875614446 -0.0162655972337984
0.016593835865721 0.00189320859860186 -0.0340408467258996 -0.0753543033595594
0.0146468242480806 -0.00741597116824806 -0.109291340752536 -0.00889383595324969
0.00693724982837238 -0.0245062191427878 -0.0706360340982593 0.0815263875878545
-0.00745085939557815 -0.0245142007199222 -0.000165057054095693 0.0906426299169074
-0.0157739687208182 -0.0179548504566757 0.0327772381633022 0.0634925316696237
-0.023909737125569 -0.0200290522865816 0.0460745184046542 0.0359136616683254
-0.0258805852885033 -0.0256886255592618 0.0550469290021004 0.0200408645736134
-0.0203289544322172 -0.0435551962832912 0.0629319073785463 0.0249145052458747
0.0161843162868088 -0.0504725985314783 0.0524061651654788 0.0569907261606053
0.0538475929313443 -0.0222785962740026 0.00721266052259567 0.0956620853804882
0.0612164341842389 0.0311280380255147 -0.0418438311991896 0.102796454137425
0.030474425410953 0.0749308249598871 -0.0829096269750726 0.0896154645119079
-0.00255978172275911 0.0987816616693826 -0.0704239757424887 0.109619274867926
-0.00493915340822613 0.0950023048642544 -0.0127347216385631 0.0537436414074573
0.0296165513868585 0.0583874737532189 0.0578629195411931 -0.0239006567645748
0.0467277915772454 0.021485389541718 -0.0233971385384813 -0.0940059929012431
0.0403129452339447 -0.0193778855895804 -0.107862828044961 -0.0308385370174837
0.0144574799375706 -0.0488067415652078 -0.0798289410474738 0.0642451456837411
-0.0165654412281082 -0.0472747137826777 -0.0131227472616001 0.0814071046791121
-0.0305585878414606 -0.0314117047221731 0.0192886571069141 0.054875842596441
-0.0381220761939664 -0.0301598063466985 0.0328202034034053 0.0260635525637883
-0.0398841477559746 -0.0371407574327794 0.0402641789252303 0.00571321817990355
-0.0350844282895695 -0.0632692503937507 0.0550378881830357 -0.000575963123672404
0.0125044666578781 -0.0792959707530499 0.0642923086012696 0.0241913010189106
0.0710230289753535 -0.0476313522954535 0.0380448764408714 0.0799909668907502
0.097366112940673 0.0308752895152116 -0.0138925981817757 0.106006241912
0.0535592687709689 0.105864363124725 -0.062803843676236 0.0873378312010672
-0.00801448891788804 0.138078591872798 -0.0523071801635351 0.0795781231254447
-0.0277691224268433 0.119956526421767 -0.00185675313984112 0.0117045518629351
0.0287987617502874 0.0960219339952179 0.065599055847949 -0.0375587004131663
0.0703952517361449 0.048006738722436 -0.00515909364635416 -0.112251798031447
0.0683412470155354 -0.0244185463067349 -0.0956713757820431 -0.0584891195472066
0.0257723165444975 -0.0682433743576912 -0.0838971361555102 0.0347931471626273
-0.0215246451083201 -0.0652316029426444 -0.0287040239461512 0.0608119604779581
-0.0414590268347223 -0.0422608016221105 0.00123981856411821 0.0407025261353483
-0.0469736069120167 -0.0357320142572114 0.0147810117519844 0.0128499777667003
-0.0477254004357889 -0.0409032029651886 0.0206818919632166 -0.00978378877281454
-0.0451388652802017 -0.0705043562914361 0.0401540384216583 -0.0262684091985754
0.0019911900613981 -0.0940972554465356 0.0661692818817781 -0.0137019564845129
0.0698271905433654 -0.0678285856169944 0.063887425256453 0.0533910542026136
0.114967660587166 0.0180884950951621 0.0133747344541545 0.0980907320887239
0.0712895955384363 0.114177278191914 -0.0453737028542643 0.0785640082350054
-0.00799399025188947 0.153907887036608 -0.0358470643190674 0.039925741804928
-0.0472325924711866 0.123748405134161 0.0176760297998072 -0.0370301618789272
0.0161131562763415 0.11873661833022 0.0746357193229497 -0.0545823914390245
0.0776234099831942 0.0738153109244224 0.0182450081603944 -0.122639524740325
0.0873481710905659 -0.0190311961453467 -0.0689961039355565 -0.0833928880783678
0.0368565123627095 -0.0747516185845798 -0.0780054680315809 -0.0028210088853102
-0.0212573871377802 -0.0736423702751934 -0.0436008930833365 0.0314243145386833
-0.0457286165430206 -0.0475084399244919 -0.0195658611508172 0.0224204257520992
-0.0483002490596522 -0.0362471413497214 -0.0054271844918785 -0.00150993361812699
-0.0473312823732541 -0.0380765061057862 7.12103968705534E-06 -0.0244352566422903
-0.0472457037225588 -0.0670627852815725 0.0224000591145015 -0.0474316647169284
-0.00479394467288642 -0.091943109969296 0.0590879258948792 -0.0455842080199627
0.0599717994054441 -0.0715739014831825 0.0779357488260032 0.0250669864439287
0.110416215727249 0.00893041549362857 0.0312481926103889 0.0823570327200954
0.0713189607701653 0.106524656627716 -0.0333345189702287 0.0658658713539424
-0.0103029226992516 0.144744288627142 -0.0226864339679836 -0.00124237783650623
-0.0557791772671457 0.103795774492784 0.0426317498054806 -0.0821793278126025
-0.00190132640837368 0.114814989973453 0.0839931939277292 -0.0725118094869156
0.0631448139459423 0.0840269650406464 0.0413396545421126 -0.121585479014445
0.0858590259136852 -0.00730324486008388 -0.0335310795498245 -0.0974524282525077
0.0407709946054562 -0.0656299613344681 -0.0619379775663638 -0.0403247752167175
-0.0159429447542052 -0.0681802535207458 -0.0543981575314213 -0.00174018675119867
-0.0417912487836274 -0.0438105400300374 -0.0397604964835067 0.00300058150433185
-0.0420061161388305 -0.0316400615426814 -0.0243644535602107 -0.0160596211409904
-0.0404673026970468 -0.0313405757015734 -0.0175946504162087 -0.0366920011684235
-0.0393741321592739 -0.0556579600710947 0.00734496665981292 -0.0629392517725355
-0.00463912135642702 -0.0777598115955039 0.0513241500275241 -0.0667178848090186
0.0497821531732392 -0.0604103975550986 0.0833216008307914 0.00335900212082443
0.0911467413920515 0.00997723510397473 0.0406366838063718 0.0669291783625603
0.0532985921196851 0.091844624693672 -0.0241520767492858 0.0514828906838739
-0.0162551107283093 0.115924694836261 -0.0117648126837235 -0.0361129729789022
-0.0487153009968183 0.0645887023325778 0.0650259726629722 -0.115471927935114
-0.0146513215345001 0.083131843661754 0.0916670883263571 -0.085279880572841
0.0374788740060758 0.0681538902368585 0.0578816793243942 -0.112264843222733
0.0618839852193317 0.00184918581893358 -0.00114305681390253 -0.100223667068571
0.0318029736199509 -0.0442353356753426 -0.0427182646815346 -0.0674301296296833
-0.0100635721137866 -0.0488373547434713 -0.0602250466940027 -0.0303255009775683
-0.0315213339762239 -0.03211272333177 -0.0559793963907003 -0.014873674442746
-0.0300070358959843 -0.0225027266629933 -0.0393862497224341 -0.0275340029772181
-0.0286689743786768 -0.0212083241040188 -0.0303373766674358 -0.0470416711684963
-0.0277056755579093 -0.0395485876838209 -0.00183334590879864 -0.0733896705355682
-0.00214730777933083 -0.0571947029189016 0.0470758593308519 -0.0776123386878955
0.0398216718055962 -0.0427973696140367 0.0857036111893287 -0.00831183479021777
0.0663219832364998 0.016373862405868 0.0444278670711278 0.0552054895949003
0.0277555648029225 0.0720790978223073 -0.0180625626006313 0.0395160815408203
-0.0249708183999198 0.07554654461013 -0.000828145498539968 -0.060490627896117
-0.0295564912995453 0.0143698085155824 0.0756682524538722 -0.13145280900086
-0.0167315872873137 0.0336499066982693 0.0918283747341031 -0.0918883347101934
0.00970143551651143 0.0324695671505996 0.0644309833703292 -0.10258170717696
0.0248174863570915 0.00363192989550472 0.0157745096043527 -0.0990395149541632
0.0129262003062201 -0.0169744891351591 -0.0333122418822848 -0.0802629567848309
-0.00458063487418739 -0.0196941568758026 -0.0639930499446949 -0.0462643854667356
-0.0151155829525395 -0.0141809137135555 -0.0662454007032259 -0.0244349367581489
-0.0135193183753736 -0.0103078283836354 -0.0484185991273075 -0.0344636772426936
-0.0145138132823936 -0.008939200888915 -0.0369636850397555 -0.0538936425833447
-0.0149871284481078 -0.0194639562433053 -0.00467368847597697 -0.0800506673597095
0.00023962500445376 -0.0330233038121664 0.0473406674858762 -0.0814182618534071
0.028512796314107 -0.0251860871436796 0.0888067378295802 -0.0121667638845698
0.0401818560441807 0.0199969404331786 0.0452180610386927 0.0505433556738727
0.00363669642808471 0.0467180876549248 -0.0143958005089495 0.0317691432321025
-0.03005968891105 0.0283168214149148 0.00952867724975506 -0.0715294411915832
0.019683252022933 0.0130181619212117 -0.0176049908845787 0.0902931498241279
0.00712196490735804 -0.0126923232911593 0.0516076326980856 -0.00942857747725646
-0.00890640477039753 -0.00936115107840611 -0.0266534028969683 -0.0641989862641702
-0.00555799955541782 0.00477278583042479 -0.0981157149893616 -0.010357496111616
0.00211865706328668 9.46219767890806E-05 -0.0685812040954202 0.0751651647632497
0.00317982592938079 -0.00271529414182313 -0.0028926203300005 0.0879466528842301
0.00210172764950842 -0.00439705560299362 0.0298373081079629 0.0674326153216831
-0.00447195111061281 -0.0076596987030422 0.0458333816444701 0.0456332457131507
-0.006269684780917 -0.00958619481316446 0.0571984069891775 0.036083017215385
-0.00426394114055711 -0.0135363307020804 0.0554736252369419 0.0491778321713898
0.00893771161850974 -0.0145260786864775 0.0256244683532667 0.0803059781337352
0.0188281604344854 -0.00409306514905092 -0.0286195825672296 0.0944003974726959
0.0202442265176142 0.00935687666350226 -0.0724914746077552 0.0820505515991077
0.0147401124504978 0.0245064734886856 -0.110410693125195 0.0706886575544793
0.00861941111870128 0.0427862220024497 -0.100150534297681 0.110639913464336
0.00459227097456418 0.0529972738009274 -0.024575943494811 0.0780375838058466
0.0160436129214887 0.0206611370942477 0.052485136215692 -0.00846879725846469
0.0150724696728954 0.00432126705629609 -0.0215687425468734 -0.0742271254848627
0.0151471084364799 -0.00498308784425306 -0.0990808150398842 -0.0209756659140167
0.00956583395995191 -0.0223753976425937 -0.0743211246191531 0.0683226243093507
-0.00438197173677652 -0.0249555638889925 -0.00942898864776059 0.0847872078374609
-0.0125211152810431 -0.0194689357231414 0.023530594774543 0.0638180899034115
-0.0205330650755101 -0.0228189003599187 0.0396295179538065 0.0397052967149896
-0.0213883250812555 -0.0282601070683522 0.050985464013509 0.0267987764791597
-0.0141080426874222 -0.0440619366645336 0.0567819477671544 0.0332865436396243
0.0215871709472448 -0.0471340779759545 0.0413873445746378 0.0638255674579397
0.0545749665827772 -0.0158897322209233 -0.00649123265875724 0.0939575742073663
0.0565196063661005 0.0368662701600337 -0.0551534134338523 0.0920391255754357
0.021168436753062 0.0756513309100047 -0.092955617206863 0.0725561031832529
-0.0137144580969246 0.0948806100219018 -0.0840733029065767 0.0940437413690486
-0.0175873658158415 0.0869532947461462 -0.0225425612733906 0.0505456651173815
0.0193305921298754 0.0581407258171442 0.0572318191948704 -0.0130012053151123
0.0401204344990749 0.0264670270390335 -0.0100893156949736 -0.0880160316699102
0.0405531869690492 -0.0124033099966515 -0.0952929684022311 -0.0396510093607214
0.0202429469703736 -0.043930483896279 -0.0803191213981948 0.0517444353849385
-0.00952360397999549 -0.0468166703818365 -0.0200865843214095 0.0734026381817427
-0.0250504854322072 -0.0340420580822833 0.0123054495761804 0.0545399776927522
-0.0328103510077441 -0.0340444447497163 0.0279026671720937 0.0291176265525064
-0.033214889645292 -0.0406674429324398 0.0381264673370597 0.0118646568502911
-0.0260509469496614 -0.0647755689598193 0.052477978628954 0.0088203050577944
0.0214582094391398 -0.0746658560889246 0.0563230889373973 0.0340413611748372
0.0738333596957979 -0.0383711774412908 0.0246918649996983 0.0842348012962783
0.0911933045222011 0.0409972141501348 -0.0297004033773452 0.0980333588876483
0.0391511791206438 0.108553723427612 -0.074338870286729 0.071674986997687
-0.0237384445717757 0.132292114996522 -0.0631834269180091 0.0647053468121648
-0.0416143925528766 0.106534944440443 -0.0102934095446991 0.0128658696298391
0.0129667688217536 0.0925479622372356 0.0647750621458156 -0.0230047766472034
0.0593314644181808 0.0551444576371667 0.00799909450278155 -0.101031523479952
0.0675855093390152 -0.0131735941733995 -0.0805232516352403 -0.0629182671679015
0.0340874523937663 -0.0604312855135862 -0.0798886641536483 0.0243077673528567
-0.0116487149994837 -0.0641625035921425 -0.0314624039116226 0.0528202241201731
-0.0339976765489763 -0.0453730000569619 -0.00322812564835148 0.0386791565462653
-0.0406566351296667 -0.0404001189251692 0.0119764867093905 0.0147044297885528
-0.0403838880814575 -0.0451666760220064 0.0211931388323295 -0.00541704376714622
-0.0350536569217684 -0.0727023981691401 0.0413989799932964 -0.0173371018504961
0.0131996468873373 -0.0897917631864783 0.0627297514257127 -0.00144269488693873
0.0749285276395149 -0.0573990063466052 0.0535927849025057 0.0624895041119641
0.109266213686556 0.0301423265424362 -0.00312982195846417 0.094755288198009
0.0549118613475958 0.118048635591793 -0.0566287591815461 0.0658748813105882
-0.0257367637834219 0.147366890865747 -0.0423772919084711 0.0280038443843032
-0.0597616239415937 0.107769267061151 0.0129629217318771 -0.0312623312087171
-0.00138562912105953 0.111705042506485 0.0731638184170898 -0.0380881576839856
0.062187657918273 0.0801475953942321 0.0301308426810874 -0.10660875014646
0.0846375437137129 -0.00526660802930388 -0.0527725948585367 -0.0820559439349635
0.0457497219869571 -0.0650075322710885 -0.0700729832127224 -0.00978545889276799
-0.00966930862557201 -0.0718067710173041 -0.042098837409557 0.0232923686926757
-0.0375061054939966 -0.0504270052645731 -0.0205255577631944 0.01930047321985
-0.0415400749109666 -0.0406818828614156 -0.00544328829603037 -0.00187017002864513
-0.0401960895959893 -0.0426925707661738 0.00303504949485759 -0.0219103115889618
-0.0368194569148695 -0.0691711721674171 0.0268482619095092 -0.0398169233888973
0.00637611045340841 -0.0886794128989969 0.0607693031934497 -0.033034226583428
0.0654512641977025 -0.061768037659893 0.0708204150008197 0.0360207857307673
0.105585449194804 0.0206078163013898 0.0167326482326259 0.0825103050162158
0.0557796210923183 0.110388938880286 -0.0435244263358248 0.0545823054043624
-0.0263716840066109 0.138173837156761 -0.0247397012070092 -0.010945963105809
-0.0649412444594513 0.0883459537688011 0.0416830051715604 -0.0714519411513673
-0.0176432706145295 0.105505628948563 0.0835958346277213 -0.0544505466747116
0.0476600438332489 0.0870765516727018 0.0502294077029228 -0.103023732746944
0.0814224223394841 0.00582037672248692 -0.0185998096667291 -0.0914993215916567
0.0477165368942597 -0.0555781285991356 -0.0504908377752874 -0.0425173415713181
-0.00575254570344219 -0.0659835016246901 -0.0481498881765924 -0.00904778740334398
-0.0344347745418537 -0.0467238382258004 -0.0374829124752259 -0.00161081220671647
-0.0363763403919789 -0.0358571710705094 -0.0219216830600771 -0.0179039777469324
-0.0346639885613575 -0.0349656080526803 -0.0128004733444084 -0.0359039804728695
-0.0309527603751293 -0.0573546331067456 0.0144853114813212 -0.0572319219112907
0.00439735864503526 -0.074547805021755 0.0559142042960929 -0.0543948424077154
0.0541011255234058 -0.0520884520339666 0.0790547945587513 0.0159869949875956
0.0868049593852329 0.0197521593239002 0.0279833174367848 0.0687098853629452
0.0406946350305187 0.0942389237835109 -0.0330471240637527 0.042279495632324
-0.029141465647078 0.110111059395808 -0.00939731424106896 -0.0424877522977607
-0.05391781783668 0.0527085294089282 0.0686725456940223 -0.100520990097061
-0.0249066497678628 0.0742983747383251 0.0925860425826902 -0.0669621510280699
0.0261273732714776 0.0689602608488352 0.0650584821882001 -0.0935596808184978
0.0578168622451793 0.0106937841409463 0.0113826646792097 -0.0905279888222255
0.0363770891778975 -0.0370630456943708 -0.0307174699448782 -0.0658984194085407
-0.00298694575401442 -0.0460683284659066 -0.0513494665708008 -0.036269829055752
-0.0256532511444418 -0.0337035092720347 -0.0510644302537543 -0.0194760667262301
-0.025976883942536 -0.0255372200050526 -0.0348148422544987 -0.0307091577998362
-0.0241155895815809 -0.0237543739538879 -0.0236890119745322 -0.0474487917682514
-0.0216352945862866 -0.0404592883448208 0.00673797872993084 -0.0684915949053434
0.0047172441409122 -0.0540366075711839 0.0537884579761306 -0.0665272822892282
0.0422368184277401 -0.0365391647797942 0.08308915426266 0.00364801653323385
0.0622774170679086 0.0229236383614343 0.0341071226783808 0.0581011512874078
0.0183731874330249 0.07224242941133 -0.0235588779820976 0.0322805853687449
-0.0327579166015274 0.0699916505981379 0.00479409067430644 -0.0624919864433801
-0.0295545159477596 0.00873320006438727 0.0836523163888304 -0.114807434467396
-0.0201979296542261 0.0285887462686447 0.095021149282623 -0.075171125419929
0.00483967670369051 0.0320189843891329 0.0709123608998017 -0.0866042094486206
0.0231363816899351 0.00712589326268905 0.0268588468990632 -0.0891589631105924
0.0148643466258507 -0.0139599081649449 -0.0202220550422563 -0.0784990944260726
-0.00117458853976889 -0.0179914224987373 -0.0546970941892706 -0.0512700431661603
-0.0124577688547842 -0.0146037684099615 -0.0595382096519536 -0.029994142859444
-0.0114110772203983 -0.0114429413068755 -0.0427517334479869 -0.0384508267856009
-0.0123017598908994 -0.0102466820374817 -0.028952245927244 -0.0555069627037925
-0.0118868284649671 -0.0202863689684403 0.00476195946950074 -0.0764706146623128
0.00368065197011243 -0.0309183979078487 0.0548504408900922 -0.0710752570878657
0.0287788301011812 -0.020738918386098 0.0865939533233638 5.58121943786449E-05
0.0364560789526983 0.0225957800929643 0.036394553070568 0.0539722900338582
-0.00224566863900696 0.044805391383167 -0.018291745087201 0.0267076640163436
-0.0325561970771243 0.0240909843189731 0.0178085965493686 -0.0703102697417246
0.0189149243915025 0.0130161387941103 -0.0177223587120312 0.0872469000251177
0.00703688767990167 -0.0119823560085669 0.0515488908402857 -0.00844505549467299
-0.00867809273822661 -0.00950044075175063 -0.0235949213071515 -0.0638078585656334
-0.00566162575883544 0.00459928167751672 -0.0955016679178416 -0.0124329544836264
0.00191674164191147 0.000399306260030061 -0.0687713795430792 0.0715243507599619
0.00319550445226262 -0.00309444968019844 -0.00431094498270597 0.0855062630589111
0.00184806440380816 -0.00509376780059166 0.0283966700145735 0.067100334674728
-0.00486510529095619 -0.00785251160428254 0.0447365931388706 0.0456742467547257
-0.00656547826450482 -0.00969928082160856 0.0559312893296672 0.0368787123559656
-0.00453741225560301 -0.0135614281129728 0.0533872714720912 0.0494994912821459
0.00861075931883516 -0.0141892611109153 0.0231065890960902 0.0795242808268343
0.0183009210903072 -0.00376061491744601 -0.0307498184513259 0.0914038130293761
0.0193938428537632 0.0099475117105944 -0.07356201533653 0.0772670020124239
0.0138402980831154 0.0245721771957299 -0.109987025437906 0.0663175343470078
0.00675400520597231 0.04185436327536 -0.0999487065278609 0.104891092803283
0.00255331498513603 0.0513530226002212 -0.024270214395137 0.0749478120308495
0.0147476777621775 0.020430962411658 0.0524071364162107 -0.00703593296095821
0.0143662755744839 0.00496630551398671 -0.0186943910474476 -0.0729345356372694
0.0142141546624648 -0.00472201565940054 -0.0964034974659393 -0.0234768734260627
0.00925773659138679 -0.0218345404287578 -0.0740827285334619 0.0648276578486866
-0.00398494527319019 -0.024670115479489 -0.0105370361100419 0.0822706621610207
-0.011647251038868 -0.0193997915265035 0.0220725854705624 0.0626342114396688
-0.0196301897789297 -0.022573235223158 0.0386818283143538 0.0398961619954969
-0.0205543280267832 -0.0278802950729714 0.0496312552231904 0.027325799919318
-0.0132644019345384 -0.0431963863962302 0.0547315216407664 0.0335634764964733
0.021696951992357 -0.0458819986165601 0.0389092648731247 0.0638538935660059
0.0537529009501295 -0.0137856420481899 -0.00887371027259178 0.0921820353034967
0.0544316251601179 0.037841255676719 -0.0561569433574615 0.088160859343695
0.0187980543298777 0.0749251705153228 -0.0928466170415523 0.0683031738347602
-0.0152511893375785 0.0918421920735257 -0.0833582712626423 0.0889360043087583
-0.0195155209038852 0.084034009920958 -0.0219663624124687 0.0488989299801168
0.0169587919799404 0.0568318917298275 0.0575783740525582 -0.0106978775757312
0.0385185145941778 0.0268921894034522 -0.00708076333508532 -0.0861968068971259
0.0395122193479428 -0.0115314668698965 -0.0918002613638559 -0.0414941369497102
0.0204661115180817 -0.0426932635904645 -0.0794045860598131 0.0486931030466092
-0.00871209266362936 -0.045650598268652 -0.0206536068070476 0.0713892194891514
-0.0235411289130668 -0.0338280979636926 0.0111325342884213 0.0529879732879337
-0.0315987010951982 -0.0341541744854285 0.026668105151669 0.0294752999690877
-0.0322512317041655 -0.040551475790715 0.0373640334392089 0.0128757798819807
-0.0246832338530631 -0.0633210918955319 0.0511298520953953 0.00990413557785644
0.0216599864422929 -0.0730465974050517 0.054106480025904 0.0351016423962102
0.0727729309493649 -0.03545672917858 0.0221381846398533 0.0830581053769263
0.0885332656978875 0.0424881903551293 -0.0313498725183711 0.094945642285694
0.0356987093853848 0.107354647150885 -0.0746168732116889 0.0676582319401507
-0.0257877138153809 0.128318618002147 -0.0631489242952321 0.0610989477993415
-0.0433084038807555 0.103210915460656 -0.00942669334405475 0.0127458214631761
0.0104763025524138 0.0903325060625568 0.0650992452599344 -0.0202434826947664
0.0564805641140333 0.0554550864676597 0.0113436391502085 -0.0986296389798963
0.0660866100704745 -0.011425177178416 -0.0767471943525755 -0.0642510137380143
0.0341087758239934 -0.0582877844812834 -0.0783420420553706 0.0214844228889176
-0.0104666998986317 -0.0625675698339979 -0.0314797851535949 0.050911903911282
-0.0323029804376467 -0.0450548118851255 -0.003528719223583 0.0384673213272943
-0.0389489555570928 -0.0406493086435935 0.0111718210237658 0.014570900231972
-0.0386447677682272 -0.0452723804925351 0.0208705067901649 -0.00423942665972413
-0.0334467514011604 -0.0712132719232845 0.0408784575096964 -0.0161262411495689
0.0135380109514639 -0.0875657853330978 0.0606815846641594 0.000628471791784689
0.0740216114287215 -0.0543469114083722 0.0505636496553348 0.0628569490460872
0.10653820643253 0.0316753247076752 -0.00500128244138604 0.0918247009688276
0.0515971486484189 0.116397678875631 -0.0575246358640577 0.0613538844771803
-0.0273106754088584 0.14315967081878 -0.042196024366512 0.0247405951980608
-0.061384619851039 0.103623167091655 0.014061772039215 -0.029654624815048
-0.00457451990661733 0.108684093367268 0.0736285470222448 -0.0344423012270467
0.0588818811015437 0.0797655143163262 0.0326712729998022 -0.102853049568533
0.0826281540744873 -0.00348910753373434 -0.0491823138860373 -0.0817845041036344
0.0450421110506727 -0.0627682219943319 -0.0675315952992096 -0.0117459659009458
-0.00835076152874273 -0.0696993609190242 -0.0411890661606564 0.0216758349562628
-0.0352312208223236 -0.049287677025391 -0.0203519627932448 0.0187082245193237
-0.0399437685095816 -0.0417192385560083 -0.00580382360896668 -0.00183349585506104
-0.0386870920535479 -0.0430538863374472 0.00338815463347557 -0.0208224731281583
-0.0352207648059845 -0.0678079815286651 0.0275321837957055 -0.0382326298674072
0.00679884299273846 -0.0861298719602414 0.0592473830806505 -0.0304275359544177
0.0647828903853628 -0.0590408507327284 0.0685659023755163 0.0375034158399838
0.102986186460546 0.0228292986345836 0.0145628881005091 0.080665695203393
0.0522314560837241 0.109227148906412 -0.044089571267389 0.0518346932815216
-0.0277021590138285 0.134800100409067 -0.0239208043432922 -0.0119220689966211
-0.0658989502902336 0.08453867224175 0.0434186066403304 -0.0682712530746101
-0.0200718788686637 0.10174749909575 0.0836197317162814 -0.0502143240638417
0.0451443206344641 0.0865935554910029 0.0516590898718444 -0.0988318000808138
0.0790955150910609 0.00726597528671746 -0.0153233773630818 -0.0897879565572386
0.0470636555093636 -0.0539202379949537 -0.0483602144588709 -0.043698560583584
-0.00475160315050463 -0.063646575908431 -0.0468483392635233 -0.00955774769338272
-0.0328381619406695 -0.0458649857565226 -0.0367855178485644 -0.00181231297466581
-0.0348638194568437 -0.0362916779218246 -0.0216110372284607 -0.0176006902829418
-0.0325111043666603 -0.0347465624700701 -0.0118132402730442 -0.0348553010490758
-0.0299279139667053 -0.0561801855086856 0.0150857131416553 -0.0548472639631914
0.00459657023525998 -0.0728788499787766 0.0551197987544223 -0.0513852890000387
0.0534545601919725 -0.0496695758340707 0.0769962252952385 0.0170528884987835
0.0843975592883862 0.0213146316259705 0.0264022234799125 0.0673700863668585
0.0377797996552551 0.0926985168587102 -0.0335178401085026 0.0396343072952719
-0.0304561223082526 0.106601063625778 -0.00841393708480608 -0.0422101427119929
-0.0541357339352777 0.0500747531610734 0.0700109840368835 -0.0958911194004575
-0.0260860380662823 0.0715744190290066 0.0920914910952665 -0.0619157290003966
0.0236172553105697 0.0678477870571958 0.0662002567039525 -0.0891327604352208
0.0558938611852839 0.0117138914504804 0.0140380180620076 -0.0882393112720589
0.0356412718251737 -0.0355267821204587 -0.027915758883493 -0.0659991432578835
-0.00156322949246784 -0.0448923386655153 -0.0495031305391511 -0.0360728956971615
-0.0240222918638858 -0.0333266395638866 -0.0497033815318081 -0.0196652554227004
-0.0250771628524451 -0.0262414204916857 -0.0343706677980463 -0.0302721646573121
-0.0228728347052672 -0.0238532816080595 -0.0222615688543167 -0.0468836875249337
-0.0202953863857462 -0.0394101434761405 0.00807850162109118 -0.0662947536036466
0.00526673379714306 -0.0528293608674413 0.0526692746548051 -0.0635554758170302
0.0418518028459674 -0.034667193507669 0.0811229259945993 0.00548102735991045
0.0602022637606388 0.0236246546187635 0.0321277586648827 0.0575627550689722
0.016702004967875 0.07071856970835 -0.0245684994521503 0.0305334226065462
-0.0334116790620453 0.0676458962672854 0.00601942499456613 -0.0613203920304352
-0.0291659954023254 0.00780267102521122 0.084569312566516 -0.109729704219011
-0.0206505521183883 0.0267527847675733 0.0940091213183639 -0.0698084581161307
0.0040201881588778 0.0312116895619691 0.0714766475465762 -0.0820983414696179
0.0218152789643981 0.00777722665463337 0.0291044944306806 -0.0866643431258346
0.0141908684752388 -0.013230838280382 -0.0179024172932822 -0.077953038460407
-0.000731213752711065 -0.0172666061442853 -0.0521448724818436 -0.0507434201265031
-0.0116641108273501 -0.0144654331047918 -0.0578028194507746 -0.0298833603362653
-0.0110130792080823 -0.0118639416920157 -0.0414617937760168 -0.0382269316379419
-0.0112552021723499 -0.0100836617055093 -0.0274362046254753 -0.0542536324660219
-0.0111453652138549 -0.0196383413134589 0.00608678383293071 -0.0736934126961768
0.00362089574480627 -0.0300147993454576 0.0544218503228227 -0.068317943662438
0.028285170729384 -0.0195301279142923 0.0846304348140074 0.0024030626676956
0.0351237380665297 0.0229542460179054 0.0339366566745365 0.0537413676567316
-0.00305218344880426 0.0434937869090383 -0.0193323205883638 0.0254764408052125
-0.0318963379918012 0.0226280635707348 0.018049572324427 -0.0678044929667166
0.0183615920370294 0.0137142909199349 -0.020235862818704 0.0871720660290756
0.00725181691534099 -0.0112386784643022 0.0527651078723141 -0.00760947041662682
-0.00856606720552789 -0.0100511821078253 -0.0213172090462708 -0.066300898989529
-0.00580331974728756 0.00462994137731599 -0.0963037504110019 -0.0159003382303029
0.00128527090347362 0.000295893265669776 -0.0710791060706201 0.0708719610853708
0.00323177710718906 -0.00342998922097579 -0.00694997286714137 0.0863371307508948
0.0016980018905412 -0.00521401762055489 0.0269991612164017 0.068339261599856
-0.00469668086917568 -0.00819089356744817 0.044823302459526 0.0469267386392425
-0.00621376270354671 -0.00998096745244977 0.0561050057997324 0.0386514378903734
-0.00428557443583533 -0.0139272705769995 0.052724956905809 0.0512899156488527
0.00938735267885395 -0.0139282135538139 0.021151874950403 0.0820042993929336
0.0191270617631651 -0.0032821632673397 -0.0338689159844911 0.0921687502605516
0.0191513194846741 0.0110414655087051 -0.0775541672239715 0.0757554210858351
0.01301078470564 0.0259372864356403 -0.113744059202464 0.0629711882200296
0.00546048964654835 0.042926193445599 -0.104377811582642 0.102135195944135
0.000935017139862549 0.0517350294371431 -0.0261129498888004 0.0749224299770077
0.0140529539894521 0.021213156044706 0.0546994116816387 -0.00541373511840394
0.0139372735868662 0.00567060374050269 -0.0154999294526237 -0.0750368534416873
0.0145779237409531 -0.00408710773930317 -0.096325182146171 -0.0270677835302783
0.0097022674835521 -0.0217629823812871 -0.0772567113010456 0.0633482857825817
-0.00307683908450915 -0.0249693876799015 -0.0129707757765687 0.0824968052520326
-0.0113149781569993 -0.0204019652054536 0.0205497416149946 0.0641067541196852
-0.0198580044534452 -0.0236011111838633 0.0391040486573008 0.0417173461345322
-0.0205263891681496 -0.0283061595235653 0.0501230086294883 0.0285357063471259
-0.0128284830689048 -0.0443181375096254 0.0548325276598861 0.0355539309954699
0.0233842479919284 -0.0462327848787439 0.0369918459525617 0.0662103425033226
0.0551966209957652 -0.0129527161795339 -0.0117635033542139 0.0936121051170434
0.054406482893183 0.0403187047193215 -0.0600305064822155 0.0864989513615376
0.0163990830156458 0.0772402950208126 -0.0967273643499555 0.0655287915697226
-0.0184024447854228 0.0923916687795044 -0.0872507104436786 0.0864110642964361
-0.0225016454724199 0.0841047345720895 -0.0226361816737741 0.0485819937942193
0.0149623759396572 0.0583096760368867 0.0596271074890225 -0.00923992416375657
0.0381713351987127 0.0285681669600953 -0.00287303086646009 -0.0879837772505116
0.0400533516270823 -0.010298900023235 -0.0913687395453463 -0.0456626556624863
0.0209383105311932 -0.0427903658909341 -0.082123073109264 0.0463074877695319
-0.00798544809644717 -0.0458403821806492 -0.0224548629275203 0.0714347530270387
-0.0228318475039039 -0.0353418352538987 0.009570856353905 0.0541908053282413
-0.0311549420314598 -0.0357794904523003 0.0266414410216332 0.0307629779158412
-0.0316047188567922 -0.0419222480293989 0.0377656561964042 0.0141587920205681
-0.0242072239038363 -0.0647744611014803 0.0518474895599016 0.0114046753635676
0.0230310454756783 -0.0730299595710342 0.053293628658059 0.0375235314437359
0.074605226387558 -0.0340678891036333 0.019670933189208 0.0855519895675028
0.0887494406735264 0.0461565129559845 -0.0348364842009378 0.0941725896843118
0.0329367034981945 0.110750155589422 -0.0782903623495495 0.0655962484989838
-0.0294845809167293 0.128972330988055 -0.0658822224524727 0.0585190652835541
-0.047317548413974 0.102512530620882 -0.00845645213898758 0.012821029059868
0.00712508361507304 0.0915391649257408 0.0681018164090151 -0.0180236123690818
0.0557980119183331 0.0579496650337764 0.0151162177483892 -0.0985533442822639
0.0669558178899196 -0.00961854016908221 -0.0754809155240311 -0.0676264669150218
0.0351979053625883 -0.0580478269776153 -0.0802953178352166 0.0191561204656516
-0.00939953900790099 -0.0633327733308021 -0.0333438248347773 0.0498861118227424
-0.0310864224147369 -0.0465831066604093 -0.00503257854830739 0.0383796502731348
-0.0381916623034706 -0.0424217922461025 0.0115728346149824 0.0153190012907609
-0.0380503077337024 -0.0466131294054603 0.0215644080555021 -0.00358851340648382
-0.0327688666095702 -0.0725505354033676 0.0417019683234269 -0.014904024676007
0.0154442381894875 -0.0885835067608234 0.0610184393879841 0.00269189767935196
0.0762574688127151 -0.052880423506331 0.0493379017154186 0.064982629706306
0.107336990596931 0.0357562384357422 -0.00754266791832153 0.0928706553045214
0.0487508946623214 0.119494363803326 -0.0606091045928438 0.0593804048921146
-0.0320037379154257 0.143567760637947 -0.0434967535996245 0.0233771767960095
-0.0658253472327493 0.102667472030227 0.0159469108398525 -0.0284817376780412
-0.00811126973240571 0.109406150695461 0.0767051063821587 -0.0315764137526962
0.0576524829176597 0.0827531775618425 0.0366427877559238 -0.102618541508873
0.0835681226220078 -0.000804923114254211 -0.0465545114130009 -0.0849819266609328
0.0469405501225027 -0.062550770537562 -0.0684258427345108 -0.014662630570038
-0.0072844526670131 -0.0703034366400526 -0.0422666354667908 0.0204641888392813
-0.0346930216367784 -0.0509587496758164 -0.0217597678157841 0.0183446599843556
-0.0394200475551195 -0.0431223051473609 -0.00556301365281554 -0.00177090314707492
-0.0378085300674242 -0.0442611906721593 0.00416632247562852 -0.0205042825369931
-0.0347503901776082 -0.069011778436316 0.0287223579145593 -0.0378541583776796
0.00835661515908119 -0.0870922608124712 0.0600315924791373 -0.0284480173618305
0.0667044287519256 -0.0578811150756683 0.0680812627372629 0.040568136003497
0.104173443222963 0.0258856564792559 0.0125530921908112 0.0820414893675987
0.050253547801567 0.112219892025759 -0.0466627847508441 0.0498451460280231
-0.0315826675856581 0.134538712637311 -0.0244734038902684 -0.0132290553065924
-0.0701348852449568 0.0835311902461152 0.0469707267184999 -0.06698632380227
-0.023573110664802 0.102136123366334 0.0866095347912353 -0.0473829429280937
0.0432891771720801 0.088740487909197 0.0561388764680057 -0.0975196177767105
0.0798964333624347 0.00960264449597474 -0.0118340857595872 -0.0920598856984151
0.0488298444999152 -0.0531358333027511 -0.0469913852434438 -0.0463565059283797
-0.0034555742032745 -0.0644147365607616 -0.0468563433545109 -0.0112659266095204
-0.0320388838996444 -0.0470617133021771 -0.0374283392270951 -0.00286261374003822
-0.034633379114721 -0.0382065152755605 -0.0217890258452677 -0.0186401711526623
-0.032246617504614 -0.0364665415891475 -0.0107038857661445 -0.0351900219746187
-0.0292703121876271 -0.057247507051 0.0168011638606949 -0.0547438220443245
0.00571179560745938 -0.0731919542572047 0.0564123974508468 -0.0505368812636211
0.0546436889107774 -0.0487294162937897 0.0774387740398522 0.0203165437448351
0.0851310408385091 0.0240350938036241 0.0248431334580469 0.0689986150676251
0.0357534962134992 0.0950471100771133 -0.0355814483768244 0.0383815500979513
-0.0336821119045917 0.106722125271332 -0.00806570481923228 -0.0431205125833981
-0.0566128947732622 0.048944818662796 0.0744891677098233 -0.0939231484588717
-0.0289787566375326 0.0711169524236534 0.0950490423359567 -0.0586221589462759
0.0221219109344455 0.0694359308821876 0.0697602693557326 -0.087319128234426
0.0563312997370344 0.0132614536544554 0.0177367126079978 -0.0892835224601815
0.0367863941983085 -0.0350761716695642 -0.0264101258493075 -0.0692698252142553
-0.000486132908911912 -0.0450411995913562 -0.0492411365157806 -0.0380151701465239
-0.0239422920634458 -0.0339420734145973 -0.050268981865465 -0.0209528844918658
-0.0247205335692326 -0.0266938645428433 -0.0344857308749542 -0.0322428638287701
-0.0220580113670737 -0.0250404281256278 -0.0211902814729017 -0.0476239724844004
-0.0198752564270557 -0.0401257090221185 0.0098253065411853 -0.0671783752734872
0.00550727820690048 -0.0531535409455969 0.0548127110629321 -0.0620880980136175
0.042517716539634 -0.0332988102621825 0.082180700371199 0.00863026041494615
0.0607194899096954 0.025457031843616 0.0309551016033108 0.0596721669507123
0.01492608304987 0.0720646589549988 -0.0265010013693664 0.0293805999623084
-0.0353020205143034 0.0668214662341113 0.00696045141116529 -0.0612282996558273
-0.0300187555800838 0.00694289484557159 0.0895273471639358 -0.107569372579191
-0.0219436629932588 0.0261545831781691 0.0976119512617974 -0.0665367396179023
0.00326945998324876 0.0315418362407003 0.0755315496849979 -0.079649556044333
0.0217464439435325 0.00829142164005776 0.0329689929318535 -0.0874763257028157
0.0144158133906525 -0.0129054243116901 -0.0153024814328965 -0.0799435328224491
-0.000218152242977139 -0.0172961946407634 -0.0514294780438962 -0.0529603632697602
-0.011440721497647 -0.0146438085645925 -0.0587584471383064 -0.031619642250995
-0.0111041215552344 -0.0125092576761635 -0.0415730122812764 -0.0400601226242001
-0.0107498850041462 -0.010918779894149 -0.0264005764136586 -0.0556160062008923
-0.0104049174699877 -0.0200948116064309 0.00815246582320819 -0.0744484959829582
0.00398541386435181 -0.0301438707942722 0.0569645991792238 -0.0668269268896256
0.0285393715015317 -0.0187505157316405 0.0856414768553463 0.0049886141985171
0.0348933217186543 0.0240604128481627 0.0331522318989633 0.0556397703237569
-0.0044332944694051 0.0438740057967028 -0.0205017407369238 0.0247095229518718
-0.0328479383338288 0.0215882543139284 0.0194672313984463 -0.0676987962359136
