TRXV5
3
4
4
9
string Extension=J
integer IsArchMeasurement=1
integer IsSpherical=1
string Generator=SPM
string GeneratorVersion=1.3.1 Dev
double ArchRadius=0.449999988079071
integer FrequencyAxisIndex=0
integer AzimuthAxisIndex=1
integer ElevationAxisIndex=2
Frequency
5 136 690000000 960000000 LIN
Azimuth
7 8 0 2.74889357189107 LIN
Elevation
7 15 -2.74889357189107 2.74889357189107 LIN
Polar H Real Part
13
Polar H Imaginary Part
14
Polar V Real Part
13
Polar V Imaginary Part
14
Polar H Magnitude (dB)
12 0xC0000002 0 1
Polar H Phase
7 0xC0000003 0 1
Polar V Magnitude (dB)
12 0xC0000002 2 3
Polar V Phase
7 0xC0000003 2 3
-0.0347175598144531 0.0326118469238281 0.0572509765625 0.0237884521484375
0.00745773315429687 0.04217529296875 0.0222415924072266 0.0213775634765625
0.0259838104248047 0.0115947723388672 0.0123920440673828 0.0292339324951172
0.0222549438476563 -0.00576400756835938 0.0333137512207031 0.0364646911621094
0.0144777297973633 -0.0151615142822266 0.0514030456542969 0.0217056274414063
0.00650215148925781 -0.0255146026611328 0.057586669921875 -0.00225448608398438
0.0026702880859375 -0.0238742828369141 0.0508804321289063 -0.00999069213867188
0.00584602355957031 -0.0215396881103516 0.0376663208007812 -0.00646209716796875
0.0151901245117188 -0.0257911682128906 0.0215377807617187 0.00179481506347656
0.0280570983886719 -0.00999832153320313 0.005279541015625 0.00277948379516602
0.0287399291992188 0.0134296417236328 -0.0081939697265625 -0.0164966583251953
0.0139312744140625 0.0291614532470703 0.00496673583984375 -0.0360527038574219
-0.016357421875 0.0321502685546875 0.04864501953125 -0.0417861938476563
-0.0388946533203125 0.0248756408691406 0.0656547546386719 -0.0209236145019531
-0.0527572631835938 0.0114784240722656 0.0379371643066406 -0.00432586669921875
-0.0540313720703125 0.0267906188964844 0.0411224365234375 0.035614013671875
-0.0142669677734375 0.04595947265625 0.0102443695068359 0.0339717864990234
0.0128955841064453 0.0250396728515625 0.008575439453125 0.04132080078125
0.0194339752197266 0.0110588073730469 0.0319442749023438 0.0465965270996094
0.0214767456054688 -0.000728607177734375 0.0496063232421875 0.0308113098144531
0.0216083526611328 -0.0155296325683594 0.0584945678710937 0.00724029541015625
0.0195026397705078 -0.0193634033203125 0.0499458312988281 -0.00164413452148438
0.0194549560546875 -0.0163135528564453 0.0341682434082031 0.00200653076171875
0.0296859741210938 -0.0190582275390625 0.0149202346801758 0.0102996826171875
0.039306640625 -0.00011444091796875 -0.00399589538574218 0.00951671600341797
0.0328426361083984 0.0258007049560547 -0.0193386077880859 -0.0117721557617187
0.0121612548828125 0.0420303344726563 -0.00822830200195313 -0.0345859527587891
-0.0266532897949219 0.0411148071289063 0.0329055786132812 -0.0455207824707031
-0.0537261962890625 0.0264091491699219 0.045379638671875 -0.0215072631835938
-0.0687904357910156 0.00871658325195311 0.0160083770751953 -0.00341224670410156
-0.0666732788085938 0.0140953063964844 0.0171661376953125 0.0432472229003906
-0.037261962890625 0.041412353515625 -0.00980377197265625 0.0454063415527344
-0.0052490234375 0.0353927612304688 -0.000278472900390628 0.0540199279785156
0.011932373046875 0.0295791625976562 0.025726318359375 0.0569076538085937
0.0243511199951172 0.0165843963623047 0.0444679260253906 0.0389900207519531
0.0352439880371094 -0.00149154663085938 0.0538101196289063 0.0157852172851563
0.0334262847900391 -0.0112266540527344 0.0421524047851563 0.00654220581054687
0.0300636291503906 -0.00925636291503906 0.0246753692626953 0.0100879669189453
0.0391197204589844 -0.01043701171875 0.00449943542480469 0.0179920196533203
0.0442161560058594 0.00718307495117187 -0.0158281326293945 0.0156288146972656
0.0335636138916016 0.0312881469726563 -0.0312919616699219 -0.00663375854492188
0.0115928649902344 0.0469627380371094 -0.0212860107421875 -0.0311832427978516
-0.0284996032714844 0.0450782775878906 0.0153617858886719 -0.0444488525390625
-0.0578231811523437 0.0273361206054688 0.0206756591796875 -0.0181770324707031
-0.0741195678710938 0.00528717041015626 -0.00984668731689454 -0.00299644470214844
-0.0687179565429688 -0.00020980834960938 -0.0113258361816406 0.0446624755859375
-0.0534133911132813 0.0294151306152344 -0.0350265502929688 0.0513458251953125
-0.0235023498535156 0.0387496948242188 -0.0141563415527344 0.063201904296875
0.000278472900390629 0.0425300598144531 0.0157203674316406 0.0626678466796875
0.0220737457275391 0.0318222045898438 0.0340957641601563 0.0425300598144531
0.0411262512207031 0.0137367248535156 0.04315185546875 0.0219268798828125
0.0417938232421875 -0.0016632080078125 0.0283241271972656 0.0127239227294922
0.0359649658203125 -0.0011138916015625 0.011256217956543 0.0156650543212891
0.0425071716308594 -0.00136184692382812 -0.00737190246582031 0.0234565734863281
0.04364013671875 0.0132789611816406 -0.0258617401123047 0.0205821990966797
0.0298919677734375 0.0325107574462891 -0.0403594970703125 -0.000232696533203118
0.00959396362304688 0.0454597473144531 -0.0311298370361328 -0.0242042541503906
-0.0262336730957031 0.0421714782714844 0.00027084350585937 -0.0379562377929688
-0.0539779663085937 0.0234756469726563 -0.000524520874023441 -0.0100593566894531
-0.0705413818359375 0.000526428222656236 -0.0335330963134766 -0.00101280212402344
-0.0580520629882813 -0.0138664245605469 -0.0385665893554688 0.0382232666015625
-0.0563163757324219 0.0128746032714844 -0.0603370666503906 0.0489425659179688
-0.03558349609375 0.0319137573242188 -0.0307083129882813 0.0658035278320313
-0.01263427734375 0.044769287109375 0.00369644165039062 0.0623283386230469
0.0142478942871094 0.0394630432128906 0.0216636657714844 0.0396919250488281
0.03851318359375 0.0258369445800781 0.0270156860351563 0.0219154357910156
0.0425834655761719 0.00932693481445313 0.0109090805053711 0.0152816772460938
0.0351409912109375 0.007354736328125 -0.00420188903808593 0.0188522338867188
0.0401382446289063 0.00768661499023437 -0.0203571319580078 0.0263080596923828
0.0386924743652344 0.0192718505859375 -0.03558349609375 0.02264404296875
0.0232105255126953 0.0331535339355469 -0.0458145141601563 0.00323104858398437
0.00294113159179687 0.0410232543945313 -0.0354423522949219 -0.0184745788574219
-0.0271778106689453 0.0331439971923828 -0.0087738037109375 -0.0274734497070312
-0.0469551086425781 0.0133628845214844 -0.0170116424560547 0.00035381317138672
-0.0594902038574219 -0.00942611694335938 -0.0548248291015625 0.000202178955078119
-0.0344905853271484 -0.0219039916992188 -0.0572013854980469 0.0287437438964844
-0.0422935485839844 -0.0042266845703125 -0.0778045654296875 0.0402069091796875
-0.0351333618164063 0.0159778594970703 -0.04290771484375 0.0606956481933594
-0.0207366943359375 0.0333957672119141 -0.00753402709960937 0.05535888671875
0.001983642578125 0.0359420776367188 0.00949668884277344 0.0323009490966797
0.0266151428222656 0.0313873291015625 0.0100860595703125 0.0184555053710938
0.0343914031982422 0.0182018280029297 -0.00602054595947265 0.0143327713012695
0.0294075012207031 0.0141220092773438 -0.0192546844482422 0.0187473297119141
0.0333652496337891 0.0152969360351563 -0.0318584442138672 0.0256595611572266
0.0296821594238281 0.0246562957763672 -0.0428276062011719 0.0202293395996094
0.0139751434326172 0.0329494476318359 -0.0476188659667969 0.00281143188476562
-0.00562667846679688 0.0359764099121094 -0.0347423553466797 -0.0151329040527344
-0.0302677154541016 0.0214443206787109 -0.0136909484863281 -0.0202693939208984
-0.0396881103515625 -0.00159454345703126 -0.0269756317138672 0.00530433654785156
-0.0427284240722656 -0.0224571228027344 -0.0675315856933594 -0.00236511230468749
-0.00509834289550781 -0.0231170654296875 -0.0646324157714844 0.0180473327636719
-0.0155477523803711 -0.0149002075195313 -0.0837020874023438 0.0302963256835937
-0.0209484100341797 -0.00193405151367187 -0.0483512878417969 0.0536766052246094
-0.0211944580078125 0.0120487213134766 -0.0120353698730469 0.0454978942871094
-0.00886726379394531 0.0214309692382813 0.00313758850097656 0.0224475860595703
0.00786972045898438 0.0284633636474609 -0.00275802612304688 0.0103693008422852
0.0196647644042969 0.0238246917724609 -0.0192337036132812 0.009979248046875
0.0185070037841797 0.0186347961425781 -0.0318431854248047 0.0163555145263672
0.0223217010498047 0.0202732086181641 -0.0414581298828125 0.0221214294433594
0.0179805755615234 0.0273323059082031 -0.0498695373535156 0.0150871276855469
0.00441169738769531 0.0315151214599609 -0.0497970581054687 -0.00162887573242188
-0.0137062072753906 0.0301856994628906 -0.0341033935546875 -0.017425537109375
-0.0335159301757813 0.00903892517089843 -0.0146636962890625 -0.0185871124267578
-0.0309410095214844 -0.0173568725585938 -0.0320110321044922 0.00448989868164062
-0.0228042602539063 -0.0354118347167969 -0.0739212036132813 -0.00904083251953125
0.0256061553955078 -0.0211353302001953 -0.0585556030273438 0.0114021301269531
0.0137405395507813 -0.0214290618896484 -0.0768585205078125 0.0244598388671875
-0.000658035278320313 -0.0184783935546875 -0.0452880859375 0.0485038757324219
-0.0151710510253906 -0.0115213394165039 -0.010009765625 0.038848876953125
-0.0182056427001953 0.00258636474609375 0.00304317474365234 0.0148801803588867
-0.0118370056152344 0.0201988220214844 -0.0083003044128418 0.00225639343261719
0.00162315368652344 0.0255107879638672 -0.0265159606933594 0.00367927551269532
0.00449943542480469 0.0207157135009766 -0.0394058227539063 0.0113677978515625
0.0086822509765625 0.0220413208007813 -0.0490646362304688 0.0159149169921875
0.00524711608886718 0.0264911651611328 -0.0549697875976563 0.0069122314453125
-0.00445556640625 0.0257987976074219 -0.0512504577636719 -0.00906753540039061
-0.0191078186035156 0.0217952728271484 -0.0338153839111328 -0.0233497619628906
-0.0325889587402344 -0.00270843505859375 -0.0154590606689453 -0.0225849151611328
-0.0195026397705078 -0.0303630828857422 -0.0329685211181641 -0.00496101379394531
-0.000686645507812495 -0.0439453125 -0.0724563598632813 -0.01995849609375
-0.0321578979492188 0.0419197082519531 0.0672950744628906 0.0260467529296875
0.0158500671386719 0.045684814453125 0.0291957855224609 0.0225906372070313
0.0316352844238281 0.00803375244140625 0.0161323547363281 0.0296955108642578
0.0237369537353516 -0.011444091796875 0.0372467041015625 0.0368118286132813
0.0127792358398437 -0.0207118988037109 0.0562705993652344 0.0208511352539063
0.001068115234375 -0.0302715301513672 0.0626564025878906 -0.00482177734375
-0.00198173522949219 -0.0270233154296875 0.0567092895507813 -0.01361083984375
0.00151252746582031 -0.0251007080078125 0.043212890625 -0.0083770751953125
0.0111045837402344 -0.0317554473876953 0.0269012451171875 0.0025787353515625
0.0295810699462891 -0.0167045593261719 0.00802278518676758 0.00567913055419922
0.0347270965576172 0.00998687744140625 -0.00940608978271484 -0.0133190155029297
0.0211582183837891 0.0300712585449219 0.00130081176757813 -0.0367507934570313
-0.0132637023925781 0.0403099060058594 0.0475654602050781 -0.0493316650390625
-0.0410804748535156 0.03564453125 0.0717086791992188 -0.0266036987304687
-0.0584373474121094 0.0219268798828125 0.0437774658203125 -0.00375747680664062
-0.0551834106445313 0.0349693298339844 0.0506706237792969 0.0409202575683594
-0.00914764404296875 0.0510330200195312 0.0174407958984375 0.0379180908203125
0.0172882080078125 0.0238380432128906 0.0131607055664063 0.0433540344238281
0.0217704772949219 0.00804328918457031 0.0364990234375 0.0486412048339844
0.0208206176757812 -0.00459480285644531 0.056610107421875 0.0311813354492188
0.01995849609375 -0.0196456909179688 0.0652656555175781 0.00528717041015625
0.0172367095947266 -0.0228080749511719 0.0573577880859375 -0.004119873046875
0.0182399749755859 -0.0196342468261719 0.0410537719726563 0.00103378295898437
0.0288181304931641 -0.0243778228759766 0.0213890075683594 0.0123100280761719
0.0421409606933594 -0.00563430786132812 7.15255737304713E-05 0.0145864486694336
0.0390243530273438 0.0240554809570313 -0.0207462310791016 -0.0071563720703125
0.0186271667480469 0.0453376770019531 -0.0125293731689453 -0.0331363677978516
-0.0254592895507812 0.0494766235351563 0.030303955078125 -0.0509757995605469
-0.0589370727539063 0.0361824035644531 0.0490531921386719 -0.0247726440429687
-0.07696533203125 0.0178604125976563 0.0190639495849609 -0.000623703002929686
-0.0723419189453125 0.01983642578125 0.0248527526855469 0.0513801574707031
-0.0372238159179688 0.0469589233398438 -0.00335311889648438 0.052337646484375
-0.00322723388671875 0.0370254516601563 0.00475311279296875 0.0577964782714844
0.0140342712402344 0.0302028656005859 0.0322952270507813 0.0604896545410156
0.0260162353515625 0.0154647827148437 0.0520286560058594 0.0405006408691406
0.0360755920410156 -0.00434112548828125 0.0617942810058594 0.0144577026367187
0.0349349975585937 -0.0143833160400391 0.0500221252441406 0.00522994995117188
0.031524658203125 -0.0115814208984375 0.0318317413330078 0.00990676879882813
0.0411109924316406 -0.0143089294433594 0.0112667083740234 0.0210781097412109
0.0485954284667969 0.00408935546875 -0.0111236572265625 0.0219058990478516
0.0394210815429688 0.0313835144042969 -0.0323352813720703 -0.000444412231445304
0.0172119140625 0.0514564514160156 -0.0262317657470703 -0.0277347564697266
-0.0285110473632813 0.0526237487792969 0.0119056701660156 -0.0470924377441406
-0.064178466796875 0.0352516174316406 0.0224056243896484 -0.0187110900878906
-0.0840682983398438 0.0123748779296875 -0.00919914245605469 0.00252628326416016
-0.076202392578125 0.00219726562500001 -0.00678253173828126 0.0553092956542969
-0.0577926635742188 0.0333290100097656 -0.031280517578125 0.0613822937011719
-0.025054931640625 0.0423049926757813 -0.00913238525390626 0.0693168640136719
0.00122451782226563 0.0470199584960938 0.0222930908203125 0.0677528381347656
0.0246639251708984 0.0338516235351563 0.0411605834960938 0.0446319580078125
0.0455360412597656 0.01300048828125 0.0505752563476563 0.0214500427246094
0.0466423034667969 -0.0034942626953125 0.0356864929199219 0.0123443603515625
0.0398406982421875 -0.00196075439453125 0.0175933837890625 0.016754150390625
0.0468254089355469 -0.003021240234375 -0.00150299072265625 0.0270118713378906
0.049468994140625 0.0126380920410156 -0.0220470428466797 0.0269813537597656
0.0349769592285156 0.0352592468261719 -0.0402679443359375 0.00654983520507812
0.0128059387207031 0.0513534545898438 -0.0350246429443359 -0.0196933746337891
-0.0286064147949219 0.0488967895507813 -0.00345230102539063 -0.0383148193359375
-0.0617446899414062 0.029144287109375 -0.000198841094970707 -0.00743341445922851
-0.0805587768554688 0.00444793701171873 -0.0364913940429688 0.00620651245117187
-0.066650390625 -0.0160903930664062 -0.0389251708984375 0.0495147705078125
-0.0639266967773438 0.0141067504882813 -0.0599899291992187 0.0602760314941406
-0.0406074523925781 0.035858154296875 -0.0265350341796875 0.0740127563476563
-0.0137252807617187 0.0514488220214844 0.00918197631835937 0.0683403015136719
0.0167198181152344 0.0446548461914063 0.02740478515625 0.0422401428222656
0.0449028015136719 0.028228759765625 0.0332298278808594 0.0226325988769531
0.0493736267089844 0.0088653564453125 0.0160541534423828 0.0160589218139648
0.0415420532226563 0.00778961181640625 -0.000116348266601558 0.0211830139160156
0.0466423034667969 0.007781982421875 -0.0157451629638672 0.0305690765380859
0.0449256896972656 0.0211296081542969 -0.0324821472167969 0.0287036895751953
0.0274238586425781 0.0379371643066406 -0.0459671020507812 0.00950241088867188
0.00452804565429688 0.0476760864257813 -0.0381278991699219 -0.01361083984375
-0.0310134887695313 0.0388107299804688 -0.0118389129638672 -0.0264225006103516
-0.0552978515625 0.0158843994140625 -0.0178298950195313 0.00505447387695312
-0.0700454711914063 -0.00919723510742188 -0.0595321655273438 0.00828933715820313
-0.0411796569824219 -0.028076171875 -0.0612373352050781 0.0387535095214844
-0.0505447387695313 -0.00713348388671875 -0.0814666748046875 0.052001953125
-0.0411567687988281 0.0179862976074219 -0.0404090881347656 0.0699615478515625
-0.024627685546875 0.0394287109375 -0.00347518920898438 0.0603256225585938
0.00268936157226562 0.0424880981445313 0.0131549835205078 0.0340499877929688
0.0326156616210938 0.0363731384277344 0.0142078399658203 0.0193023681640625
0.0422019958496094 0.0192680358886719 -0.00371074676513671 0.015620231628418
0.0362968444824219 0.0156745910644531 -0.0178546905517578 0.0222988128662109
0.0411453247070313 0.01708984375 -0.0293998718261719 0.0296840667724609
0.0368385314941406 0.0283737182617188 -0.0412368774414062 0.0254440307617188
0.0178108215332031 0.0392036437988281 -0.0481147766113281 0.00811767578125
-0.00566864013671875 0.0438194274902344 -0.0370063781738281 -0.0116767883300781
-0.035919189453125 0.02655029296875 -0.0155353546142578 -0.0182781219482422
-0.0493431091308594 -0.00180435180664063 -0.0289115905761719 0.0102748870849609
-0.0526962280273437 -0.0263175964355469 -0.0743942260742187 0.00436401367187501
-0.00765228271484375 -0.0324878692626953 -0.0719757080078125 0.0253143310546875
-0.0214614868164063 -0.0221023559570312 -0.089813232421875 0.0405044555664062
-0.0277080535888672 -0.00354194641113281 -0.0475196838378906 0.0628089904785156
-0.0272808074951172 0.0160388946533203 -0.00916290283203126 0.0498619079589844
-0.0107421875 0.0280818939208984 0.00511741638183594 0.0228614807128906
0.0127449035644531 0.0355873107910156 -0.00207710266113281 0.010584831237793
0.0272808074951172 0.0271377563476563 -0.0209274291992188 0.0118560791015625
0.0255279541015625 0.0223293304443359 -0.0332489013671875 0.0199489593505859
0.0299491882324219 0.0235977172851563 -0.0422439575195313 0.0263557434082031
0.0250797271728516 0.0321769714355469 -0.0502586364746094 0.0195350646972656
0.00786209106445313 0.0380516052246094 -0.0518264770507813 0.00196075439453126
-0.0145034790039063 0.038360595703125 -0.0362701416015625 -0.0150337219238281
-0.0401420593261719 0.0139274597167969 -0.0165195465087891 -0.0161943435668945
-0.0407333374023438 -0.0198287963867187 -0.0353050231933594 0.00887680053710938
-0.0319328308105469 -0.0425033569335938 -0.0826950073242187 -0.00418853759765626
0.026275634765625 -0.0313377380371094 -0.0667152404785156 0.0153694152832031
0.0115318298339844 -0.0306053161621094 -0.0833053588867188 0.0322113037109375
-0.00602340698242188 -0.0233612060546875 -0.0446968078613281 0.0561408996582031
-0.0220718383789063 -0.0112934112548828 -0.00744247436523438 0.0413780212402344
-0.0219860076904297 0.00794410705566406 0.00448036193847656 0.0130844116210938
-0.00966835021972656 0.0279655456542969 -0.0100736618041992 0.00133037567138672
0.00761604309082031 0.0303916931152344 -0.0308723449707031 0.00489997863769531
0.0107440948486328 0.0245456695556641 -0.0431900024414063 0.0144920349121094
0.014862060546875 0.0259227752685547 -0.0524864196777344 0.0198440551757812
0.0113201141357422 0.0313358306884766 -0.0578956604003906 0.010040283203125
-0.0013885498046875 0.0325183868408203 -0.0548515319824219 -0.00644683837890626
-0.0204391479492187 0.0291919708251953 -0.0367546081542969 -0.0217323303222656
-0.0397872924804687 0.000926971435546874 -0.0182304382324219 -0.0215415954589844
-0.0287590026855469 -0.0339717864990234 -0.0384140014648438 -0.002288818359375
-0.00781631469726563 -0.0531387329101563 -0.0819473266601563 -0.0186767578125
-0.0266647338867187 0.0498313903808594 0.07769775390625 0.0244140625
0.0252914428710938 0.0459480285644531 0.0358009338378906 0.0207328796386719
0.0355606079101562 0.00262069702148438 0.0189533233642578 0.0287208557128906
0.023040771484375 -0.0174236297607422 0.0405197143554688 0.0363273620605469
0.00919342041015625 -0.0250797271728516 0.060546875 0.0189933776855469
-0.00576400756835938 -0.0327434539794922 0.0662574768066406 -0.00798797607421875
-0.0076141357421875 -0.0275802612304688 0.06134033203125 -0.0179901123046875
-0.00333595275878906 -0.0262241363525391 0.04803466796875 -0.0117340087890625
0.0051422119140625 -0.0356483459472656 0.0325660705566406 0.00122642517089844
0.0273494720458984 -0.0233955383300781 0.0128049850463867 0.0075693130493164
0.0387382507324219 0.00374603271484375 -0.00934886932373047 -0.00951194763183594
0.0283126831054688 0.0279560089111328 -0.00170135498046875 -0.0353622436523438
-0.00685501098632813 0.0459403991699219 0.0445213317871094 -0.0542640686035156
-0.0390434265136719 0.0465888977050781 0.0753326416015625 -0.0332489013671875
-0.0594444274902344 0.0342674255371094 0.0502090454101562 -0.0041046142578125
-0.0537643432617188 0.0423049926757812 0.0617904663085938 0.042694091796875
-0.00305557250976562 0.0527572631835938 0.026123046875 0.0386085510253906
0.0203456878662109 0.0210208892822266 0.0177459716796875 0.0435600280761719
0.0222511291503906 0.0048065185546875 0.0414695739746094 0.0490760803222656
0.0191535949707031 -0.00756645202636719 0.0623016357421875 0.0300559997558594
0.0158119201660156 -0.0224227905273438 0.0712890625 0.00180816650390625
0.0146713256835938 -0.0250186920166016 0.063507080078125 -0.00824356079101563
0.0156154632568359 -0.0218620300292969 0.0479049682617187 -0.00225830078125
0.0257701873779297 -0.0283031463623047 0.0290088653564453 0.0119209289550781
0.0424842834472656 -0.0108680725097656 0.0061483383178711 0.0175199508666992
0.0438575744628906 0.0198974609375 -0.0199012756347656 -0.00151824951171875
0.0254631042480469 0.0455856323242187 -0.0155124664306641 -0.0296669006347656
-0.021514892578125 0.0562553405761719 0.0265388488769531 -0.0536689758300781
-0.0598983764648438 0.0472030639648437 0.0518760681152344 -0.0283126831054687
-0.0808563232421875 0.0293731689453125 0.0243473052978516 0.00284385681152344
-0.0746688842773438 0.026214599609375 0.035491943359375 0.0573272705078125
-0.0355033874511719 0.050689697265625 0.00516891479492188 0.05645751953125
-0.00136184692382812 0.0372657775878906 0.0105667114257812 0.0595016479492188
0.0149078369140625 0.0301647186279297 0.0379676818847656 0.0616912841796875
0.0271511077880859 0.0144424438476563 0.05914306640625 0.0393638610839844
0.0359573364257813 -0.00666046142578125 0.0689315795898438 0.0115089416503906
0.0355110168457031 -0.017059326171875 0.0570297241210938 0.00175094604492187
0.0324420928955078 -0.0139102935791016 0.0395889282226562 0.00786972045898437
0.0416908264160156 -0.0176887512207031 0.0190620422363281 0.0218849182128906
0.0520973205566406 0.000690460205078125 -0.00400924682617187 0.0260372161865234
0.0442237854003906 0.0306663513183594 -0.0305385589599609 0.00635528564453125
0.0229110717773438 0.0540618896484375 -0.0286331176757813 -0.0221881866455078
-0.0267295837402344 0.0595436096191406 0.00775527954101562 -0.0474624633789062
-0.0677680969238281 0.0447235107421875 0.0247573852539063 -0.0187664031982422
-0.0909194946289063 0.0217208862304687 -0.00567150115966797 0.00896453857421875
-0.0833282470703125 0.00516510009765624 0.000995635986328122 0.0642890930175781
-0.0610008239746094 0.0378036499023437 -0.0236892700195313 0.0683822631835938
-0.0258522033691406 0.0456123352050781 -0.00240325927734375 0.0726470947265625
0.0024566650390625 0.0503730773925781 0.0289688110351562 0.0701179504394531
0.0277175903320313 0.0355033874511719 0.0482826232910156 0.0446128845214844
0.0492286682128906 0.0118675231933594 0.0580177307128906 0.0190467834472656
0.0502548217773438 -0.00614547729492188 0.04217529296875 0.010498046875
0.0435371398925781 -0.00371932983398438 0.024200439453125 0.0153999328613281
0.0511436462402344 -0.00595474243164063 0.00595283508300782 0.0284004211425781
0.0546226501464844 0.0110549926757813 -0.0149002075195313 0.0316295623779297
0.0406761169433594 0.0366554260253906 -0.0378570556640625 0.0133399963378906
0.0174598693847656 0.0554428100585938 -0.0361328125 -0.0138626098632812
-0.02886962890625 0.0555458068847656 -0.00651931762695313 -0.0362968444824219
-0.0673904418945313 0.0360260009765625 0.00172901153564453 -0.00486326217651367
-0.0892715454101563 0.0104522705078125 -0.0346031188964844 0.0144672393798828
-0.07568359375 -0.0164260864257813 -0.0344734191894531 0.0603179931640625
-0.0710372924804688 0.0166702270507812 -0.0552520751953125 0.0706558227539063
-0.0443954467773437 0.03997802734375 -0.0203170776367187 0.079376220703125
-0.0133628845214844 0.0581703186035156 0.0157623291015625 0.0709228515625
0.020355224609375 0.0491218566894531 0.0337066650390625 0.0425491333007813
0.0510063171386719 0.0286293029785156 0.0389328002929688 0.0208320617675781
0.0558509826660156 0.00626373291015625 0.0209236145019531 0.0154819488525391
0.0472564697265625 0.00608062744140625 0.00481796264648438 0.0211906433105469
0.0532035827636719 0.00641632080078125 -0.0100955963134766 0.0326614379882812
0.05218505859375 0.0212936401367188 -0.0263881683349609 0.03289794921875
0.0326652526855469 0.0414009094238281 -0.0432624816894531 0.0150680541992187
0.00783157348632813 0.0546493530273438 -0.0379104614257813 -0.00783920288085938
-0.03375244140625 0.0454902648925781 -0.0127410888671875 -0.0237236022949219
-0.0638008117675781 0.0205192565917969 -0.0158357620239258 0.00985527038574219
-0.0799484252929688 -0.00678253173828125 -0.0599441528320313 0.0167999267578125
-0.0508766174316406 -0.0325202941894531 -0.0619583129882813 0.0495109558105469
-0.0599746704101563 -0.00753402709960936 -0.0801544189453125 0.0634613037109375
-0.0479621887207031 0.0219306945800781 -0.0350570678710937 0.0765380859375
-0.0268783569335938 0.0472221374511719 0.00154495239257812 0.0634651184082031
0.00571823120117188 0.0489463806152344 0.0172634124755859 0.0344600677490234
0.0405693054199219 0.0392646789550781 0.0177154541015625 0.0183811187744141
0.0512733459472656 0.0188522338867188 -0.00121593475341797 0.016444206237793
0.0438232421875 0.0155220031738281 -0.0149250030517578 0.0238494873046875
0.0490226745605469 0.0166130065917969 -0.026092529296875 0.0320377349853516
0.0448532104492188 0.0297508239746094 -0.0373802185058594 0.0291671752929688
0.0233802795410156 0.0442466735839844 -0.0464668273925781 0.0123863220214844
-0.00288009643554688 0.0516700744628906 -0.0369758605957031 -0.00741958618164062
-0.040557861328125 0.033233642578125 -0.0158891677856445 -0.0151176452636719
-0.0593490600585938 0.000823974609375005 -0.0279693603515625 0.0159378051757813
-0.0641975402832031 -0.0266571044921875 -0.0774078369140625 0.0129013061523438
-0.0146217346191406 -0.0405654907226562 -0.0761032104492187 0.0343704223632812
-0.0305385589599609 -0.0270099639892578 -0.0917587280273438 0.0515289306640625
-0.0351409912109375 -0.00289916992187499 -0.0431594848632812 0.0692787170410156
-0.0323314666748047 0.0225982666015625 -0.00548934936523438 0.0520362854003906
-0.0106620788574219 0.0356407165527344 0.00670242309570313 0.0221080780029297
0.019927978515625 0.0407600402832031 -0.00149059295654297 0.0102243423461914
0.0359535217285156 0.02825927734375 -0.0215301513671875 0.0137958526611328
0.0331573486328125 0.0224056243896484 -0.0327854156494141 0.0230121612548828
0.0384750366210938 0.0239295959472656 -0.0412139892578125 0.0294303894042969
0.0339374542236328 0.0342273712158203 -0.04925537109375 0.02276611328125
0.0135116577148438 0.04376220703125 -0.0517807006835938 0.005279541015625
-0.0123138427734375 0.0465469360351563 -0.0370101928710938 -0.0123367309570313
-0.0449256896972656 0.0205955505371094 -0.016850471496582 -0.014155387878418
-0.0522499084472656 -0.0186996459960937 -0.0362396240234375 0.0141410827636719
-0.0435028076171875 -0.0458106994628906 -0.0884246826171875 0.00183868408203124
0.0235824584960937 -0.0418319702148438 -0.0722732543945313 0.020782470703125
0.0052947998046875 -0.0395774841308594 -0.0869064331054687 0.040802001953125
-0.0132331848144531 -0.0264911651611328 -0.0407829284667969 0.0616340637207031
-0.0287113189697266 -0.00759315490722656 -0.0042266845703125 0.0417060852050781
-0.0244541168212891 0.0147342681884766 0.00400733947753906 0.0112667083740234
-0.0043182373046875 0.0344295501708984 -0.0125541687011719 0.000514030456542973
0.0155830383300781 0.0326690673828125 -0.0345077514648438 0.00660324096679687
0.0176734924316406 0.0259170532226562 -0.0462684631347656 0.0185203552246094
0.0226840972900391 0.0271759033203125 -0.054718017578125 0.023590087890625
0.0189685821533203 0.034210205078125 -0.0594139099121094 0.0131797790527344
0.00350189208984375 0.0378227233886719 -0.0566825866699219 -0.004058837890625
-0.0187568664550781 0.0370407104492188 -0.03851318359375 -0.0200614929199219
-0.0450172424316406 0.00720214843750001 -0.0197124481201172 -0.0197467803955078
-0.0391120910644531 -0.0340042114257813 -0.0424118041992188 0.00199127197265626
-0.018096923828125 -0.0593605041503906 -0.09075927734375 -0.0154876708984375
-0.0200729370117188 0.054656982421875 0.0863800048828125 0.0217971801757813
0.0327186584472656 0.0436363220214844 0.0420684814453125 0.0176429748535156
0.0374755859375 -0.00304031372070312 0.0207042694091797 0.0274524688720703
0.0212612152099609 -0.0225334167480469 0.0426406860351563 0.0362358093261719
0.00467300415039063 -0.0274639129638672 0.0641059875488281 0.0179901123046875
-0.0123634338378906 -0.0323925018310547 0.0697975158691406 -0.0100555419921875
-0.0127925872802734 -0.0267524719238281 0.0653266906738281 -0.0222930908203125
-0.00824737548828125 -0.0260810852050781 0.0527114868164063 -0.0159950256347656
-0.00140380859375 -0.0368843078613281 0.0381355285644531 -0.000968933105468752
0.0240974426269531 -0.0287666320800781 0.0187263488769531 0.0082244873046875
0.0400276184082031 -0.00237655639648438 -0.00711822509765625 -0.00625467300415039
0.0338630676269531 0.0247993469238281 -0.00290298461914063 -0.0324726104736328
-0.000514984130859372 0.0498390197753906 0.0417861938476562 -0.0568084716796875
-0.0345954895019531 0.0557518005371094 0.0781173706054687 -0.03900146484375
-0.0567779541015625 0.0445175170898438 0.0575332641601562 -0.004974365234375
-0.0509033203125 0.0476531982421875 0.0722427368164063 0.0423965454101563
0.00185012817382813 0.0533218383789063 0.0331153869628906 0.0374298095703125
0.0218620300292969 0.0177078247070313 0.0207595825195312 0.042236328125
0.0209121704101562 0.00231742858886719 0.0451202392578125 0.0491104125976563
0.0170202255249023 -0.00870990753173828 0.0669364929199219 0.0288162231445313
0.0118923187255859 -0.0231304168701172 0.0765380859375 -0.00116729736328125
0.0115394592285156 -0.0253429412841797 0.06939697265625 -0.012847900390625
0.0138511657714844 -0.0223369598388672 0.0536003112792969 -0.0064849853515625
0.0222911834716797 -0.0302715301513672 0.0362663269042969 0.0093994140625
0.0418243408203125 -0.0155677795410156 0.0135898590087891 0.0189037322998047
0.0472984313964844 0.0159263610839844 -0.0162620544433594 0.00305080413818359
0.0314598083496094 0.0451698303222656 -0.0158729553222656 -0.0250492095947266
-0.0164871215820313 0.0621147155761719 0.0234832763671875 -0.0541305541992188
-0.0588722229003906 0.0569038391113281 0.0545387268066406 -0.0307655334472656
-0.0824737548828125 0.039459228515625 0.0312957763671875 0.00518417358398438
-0.076751708984375 0.0308151245117188 0.046173095703125 0.0601234436035156
-0.0341873168945313 0.0532341003417969 0.0136756896972656 0.0573158264160156
-0.0012054443359375 0.0373077392578125 0.0155525207519531 0.0592842102050781
0.0155849456787109 0.030303955078125 0.0428886413574219 0.0619773864746094
0.0270004272460938 0.0144901275634766 0.0649566650390625 0.0381927490234375
0.0354995727539063 -0.00774383544921875 0.0748825073242188 0.00811004638671875
0.0354843139648438 -0.01873779296875 0.0634803771972656 -0.00307464599609375
0.0332202911376953 -0.0151882171630859 0.0456886291503906 0.0037384033203125
0.0415420532226563 -0.0203742980957031 0.0270214080810547 0.0197544097900391
0.053741455078125 -0.00201797485351563 0.00368881225585938 0.0273208618164063
0.0491218566894531 0.0296211242675781 -0.0260009765625 0.0110073089599609
0.0282669067382812 0.0554313659667969 -0.0278453826904297 -0.0169391632080078
-0.02410888671875 0.0657882690429688 0.005767822265625 -0.0462608337402344
-0.0699729919433594 0.0532379150390625 0.0278129577636719 -0.0185756683349609
-0.0953369140625 0.030487060546875 9.63211059570247E-05 0.0133190155029297
-0.0894546508789063 0.00861358642578127 0.00989532470703124 0.069580078125
-0.0640716552734375 0.0416755676269531 -0.0155105590820313 0.0722732543945313
-0.0273361206054687 0.0489692687988281 0.00337982177734375 0.0738372802734375
0.003570556640625 0.0539932250976563 0.0345611572265625 0.0708389282226563
0.030242919921875 0.0372734069824219 0.054443359375 0.0437164306640625
0.0525169372558594 0.0109901428222656 0.0639801025390625 0.015289306640625
0.0535507202148438 -0.00877761840820313 0.0478630065917969 0.00663375854492187
0.0467491149902344 -0.00582122802734375 0.0303688049316406 0.0124549865722656
0.0543708801269531 -0.00782012939453125 0.0132389068603516 0.0267467498779297
0.0589447021484375 0.00943756103515625 -0.00752449035644531 0.0324153900146484
0.045867919921875 0.0378875732421875 -0.0330333709716797 0.0174427032470703
0.0218238830566406 0.0593490600585938 -0.0346164703369141 -0.00858306884765625
-0.0287895202636719 0.0617599487304687 -0.00696182250976563 -0.0337982177734375
-0.0724029541015625 0.04351806640625 0.00537967681884765 -0.0021677017211914
-0.096282958984375 0.0172500610351562 -0.0302906036376953 0.0210113525390625
-0.08489990234375 -0.0151214599609375 -0.028961181640625 0.0682296752929688
-0.0786361694335938 0.0202178955078125 -0.0495452880859375 0.0775680541992187
-0.0478363037109375 0.0450057983398438 -0.0139694213867188 0.0815658569335937
-0.0129051208496094 0.0643348693847656 0.020721435546875 0.0717620849609375
0.0240859985351562 0.0529060363769531 0.0380439758300781 0.0418777465820313
0.0577430725097656 0.0283241271972656 0.0438308715820313 0.0183868408203125
0.0621337890625 0.00368881225585938 0.0253124237060547 0.0134773254394531
0.0527534484863281 0.0043487548828125 0.00944137573242188 0.0198726654052734
0.0595359802246094 0.00403594970703125 -0.00448226928710938 0.0319995880126953
0.0589485168457031 0.0207176208496094 -0.0202579498291016 0.0339546203613281
0.0387725830078125 0.0445518493652344 -0.0388450622558594 0.0186653137207031
0.0121116638183594 0.0601081848144531 -0.0358734130859375 -0.0043487548828125
-0.0352706909179688 0.0522804260253906 -0.0118675231933594 -0.0211162567138672
-0.071197509765625 0.0266952514648438 -0.0122241973876953 0.0136146545410156
-0.08941650390625 -0.00205993652343752 -0.0574378967285156 0.0244865417480469
-0.0607872009277344 -0.0348396301269531 -0.0601692199707031 0.058380126953125
-0.0702285766601562 -0.00645828247070312 -0.0774078369140625 0.071990966796875
-0.0542793273925781 0.0266532897949219 -0.03045654296875 0.0802383422851563
-0.0276870727539063 0.0550079345703125 0.00539398193359376 0.0645027160644531
0.00924682617187501 0.055084228515625 0.0199985504150391 0.0339031219482422
0.0483818054199219 0.0407447814941406 0.0206546783447266 0.0169811248779297
0.0586471557617188 0.0162391662597656 0.000808715820312503 0.0165681838989258
0.0507392883300781 0.0133399963378906 -0.0127067565917969 0.0242786407470703
0.0571441650390625 0.0146064758300781 -0.0229587554931641 0.032928466796875
0.0532035827636719 0.0298690795898438 -0.0340709686279297 0.0303459167480469
0.0299110412597656 0.0483360290527344 -0.0435714721679688 0.014068603515625
0.000888824462890623 0.0587577819824219 -0.03558349609375 -0.00473785400390625
-0.0432853698730469 0.0406532287597656 -0.014195442199707 -0.0131607055664062
-0.0687484741210938 0.00564956665039061 -0.0255680084228516 0.0203876495361328
-0.0750198364257813 -0.0248489379882812 -0.0775680541992188 0.0198135375976562
-0.0237350463867187 -0.0468406677246094 -0.0786514282226563 0.0418243408203125
-0.040985107421875 -0.0294837951660156 -0.0917739868164063 0.0599822998046875
-0.0427703857421875 -0.000728607177734378 -0.039031982421875 0.073150634765625
-0.0353775024414063 0.0298576354980469 -0.00288772583007812 0.05230712890625
-0.0084228515625 0.0425758361816406 0.00698280334472656 0.0210628509521484
0.0280380249023437 0.0440521240234375 -0.0012674331665039 0.00990390777587891
0.0448188781738281 0.0269508361816406 -0.0220108032226562 0.0151138305664063
0.0405540466308594 0.0207977294921875 -0.0327911376953125 0.0251331329345703
0.0469703674316406 0.0222892761230469 -0.0409088134765625 0.0314598083496094
0.0426521301269531 0.0347328186035156 -0.0479316711425781 0.0237922668457031
0.02044677734375 0.0478401184082031 -0.0507354736328125 0.00710678100585939
-0.00803375244140625 0.05364990234375 -0.0363426208496094 -0.0107002258300781
-0.0487899780273438 0.0279960632324219 -0.0157852172851563 -0.012141227722168
-0.0622634887695313 -0.0149650573730469 -0.0357742309570313 0.0186729431152344
-0.0554008483886719 -0.0459060668945313 -0.091827392578125 0.00795745849609376
0.0176620483398437 -0.050506591796875 -0.0777511596679688 0.0262298583984375
-0.00312042236328125 -0.0453033447265625 -0.0888519287109375 0.0479049682617187
-0.0202217102050781 -0.0274410247802734 -0.0373077392578125 0.0646133422851563
-0.0341281890869141 -0.00250244140625 -0.00274658203125 0.0405960083007813
-0.0241336822509766 0.0216274261474609 0.00270843505859375 0.00916385650634766
0.0019683837890625 0.039031982421875 -0.014958381652832 0.000553131103515629
0.0232868194580078 0.0329303741455078 -0.0380744934082031 0.00946807861328125
0.024627685546875 0.0251388549804687 -0.0487174987792969 0.0223922729492188
0.0301589965820312 0.0261936187744141 -0.0563125610351563 0.0272293090820313
0.0275363922119141 0.0345458984375 -0.060821533203125 0.0151901245117188
0.00955963134765625 0.0413475036621094 -0.0580787658691406 -0.00261688232421876
-0.0152015686035156 0.0434761047363281 -0.0395240783691406 -0.0188026428222656
-0.0479736328125 0.0142021179199219 -0.0194778442382813 -0.0178623199462891
-0.0488777160644531 -0.0320892333984375 -0.0447349548339844 0.00675582885742187
-0.0284996032714844 -0.0619316101074219 -0.0977401733398438 -0.0111923217773438
-0.0139884948730469 0.0574798583984375 0.0953521728515625 0.0194244384765625
0.0390968322753906 0.0406379699707031 0.0464973449707031 0.0136871337890625
0.0381126403808594 -0.00871658325195313 0.0212478637695313 0.0262355804443359
0.0186691284179688 -0.0261783599853516 0.0449562072753906 0.0378646850585938
0.000368118286132815 -0.0289554595947266 0.0675582885742188 0.0183792114257812
-0.0177745819091797 -0.0315017700195313 0.0747528076171875 -0.011688232421875
-0.0169887542724609 -0.0253181457519531 0.0703582763671875 -0.0264511108398438
-0.0119647979736328 -0.0244426727294922 0.0574569702148438 -0.0206527709960938
-0.00692367553710938 -0.0375747680664063 0.0437240600585938 -0.0042572021484375
0.0201206207275391 -0.0324230194091797 0.0246257781982422 0.00786590576171875
0.0412216186523437 -0.00836944580078125 -0.00351929664611816 -0.00346708297729492
0.0379409790039063 0.0213623046875 -0.00195693969726562 -0.02960205078125
0.006011962890625 0.0522727966308594 0.0407485961914063 -0.058563232421875
-0.0286941528320312 0.0632781982421875 0.081756591796875 -0.0439910888671875
-0.0532417297363281 0.0533447265625 0.0660057067871094 -0.0072174072265625
-0.0489273071289063 0.0517234802246094 0.0829391479492187 0.0420761108398437
0.00509262084960938 0.0525436401367187 0.0394325256347656 0.0345382690429688
0.0219535827636719 0.0148353576660156 0.0226516723632813 0.0419120788574219
0.0197429656982422 0.000713348388671875 0.0482940673828125 0.0503463745117188
0.0148544311523438 -0.00916862487792969 0.0724411010742188 0.0286483764648437
0.00897216796875 -0.0226669311523437 0.0820465087890625 -0.0040435791015625
0.0101528167724609 -0.0248203277587891 0.0754776000976562 -0.017578125
0.0122718811035156 -0.0223350524902344 0.0592460632324219 -0.0120582580566406
0.0203475952148438 -0.0314998626708984 0.043212890625 0.00636672973632812
0.0410041809082031 -0.0184555053710938 0.0209484100341797 0.0181369781494141
0.0501480102539062 0.0132408142089844 -0.0114898681640625 0.00588893890380859
0.0361099243164063 0.0441093444824219 -0.0141830444335938 -0.0214309692382812
-0.0125732421875 0.0662994384765625 0.0229148864746094 -0.054168701171875
-0.0574417114257813 0.0652351379394531 0.0587997436523438 -0.0340042114257812
-0.0832290649414062 0.048675537109375 0.0397262573242187 0.00581741333007813
-0.0798416137695313 0.0351486206054688 0.056304931640625 0.0615959167480469
-0.0344200134277344 0.0555419921875 0.0205230712890625 0.0567741394042969
-0.00269699096679687 0.0379600524902344 0.0183753967285156 0.0593528747558594
0.0151252746582031 0.0319423675537109 0.0470924377441406 0.0635757446289063
0.027557373046875 0.0154380798339844 0.0704116821289063 0.0375289916992188
0.0359840393066406 -0.00784683227539063 0.0812149047851563 0.00473785400390625
0.0363388061523438 -0.0200080871582031 0.0701026916503906 -0.0074920654296875
0.0346202850341797 -0.0160751342773438 0.0518684387207031 -0.00164031982421875
0.0430488586425781 -0.0217437744140625 0.0338573455810547 0.0164222717285156
0.0562896728515625 -0.00465774536132813 0.0118675231933594 0.0269203186035156
0.0532455444335938 0.0288009643554688 -0.0207195281982422 0.0137462615966797
0.0326690673828125 0.057769775390625 -0.0253257751464844 -0.0129718780517578
-0.0222702026367188 0.0713348388671875 0.0059051513671875 -0.0453987121582031
-0.0724945068359375 0.0617828369140625 0.0321598052978516 -0.0196418762207031
-0.0998458862304688 0.03863525390625 0.00766754150390624 0.0169782638549805
-0.0963821411132813 0.0118865966796875 0.018585205078125 0.073974609375
-0.0689697265625 0.0461311340332031 -0.00949859619140626 0.0744094848632813
-0.0296821594238281 0.0527420043945313 0.006622314453125 0.0745010375976563
0.00437545776367188 0.0585517883300781 0.0386734008789063 0.0722732543945313
0.0330886840820313 0.0403556823730469 0.0594596862792969 0.0433425903320313
0.0564041137695313 0.00979995727539063 0.0697822570800781 0.0125732421875
0.0574569702148438 -0.0110092163085937 0.0535011291503906 0.00328826904296875
0.0515861511230469 -0.00780868530273438 0.0353927612304688 0.00912857055664062
0.0590362548828125 -0.0102653503417969 0.0190563201904297 0.0244483947753906
0.0645599365234375 0.00804901123046875 -0.000667572021484371 0.0318450927734375
0.05120849609375 0.0393180847167969 -0.0279865264892578 0.0194835662841797
0.0266609191894531 0.0634651184082031 -0.031463623046875 -0.0051288604736328
-0.0292778015136719 0.0687484741210938 -0.00596046447753906 -0.0325946807861328
-0.0777206420898437 0.0507888793945313 0.00985622406005859 -0.00176620483398437
-0.104217529296875 0.0239639282226563 -0.0247840881347656 0.0256938934326172
-0.09515380859375 -0.013824462890625 -0.0238189697265625 0.0752639770507813
-0.0868072509765625 0.024658203125 -0.0452346801757813 0.0823440551757812
-0.0527153015136719 0.0505409240722656 -0.010894775390625 0.0833282470703125
-0.01214599609375 0.0716552734375 0.0239410400390625 0.073944091796875
0.0283737182617187 0.0580863952636719 0.0420341491699219 0.0415573120117188
0.0640640258789063 0.0282859802246094 0.0485038757324219 0.015869140625
0.06817626953125 0.000484466552734375 0.0290069580078125 0.0115337371826172
0.0593376159667969 0.00211715698242188 0.0129108428955078 0.0179443359375
0.0665550231933594 0.00160598754882812 -0.00016212463378906 0.0303115844726563
0.0664558410644531 0.020172119140625 -0.0156383514404297 0.0332965850830078
0.0455741882324219 0.0475807189941406 -0.0353660583496094 0.0193939208984375
0.01666259765625 0.0667457580566406 -0.0333995819091797 -0.00205039978027343
-0.0370254516601562 0.0596847534179688 -0.00981330871582031 -0.0200729370117187
-0.07928466796875 0.0334091186523438 -0.00810623168945313 0.0151290893554688
-0.0997161865234375 0.00290679931640625 -0.0540618896484375 0.0299453735351562
-0.0721664428710938 -0.036163330078125 -0.0594558715820313 0.0660972595214844
-0.0809097290039062 -0.00337219238281252 -0.074981689453125 0.0785064697265625
-0.0606727600097656 0.0318679809570312 -0.0269699096679688 0.0826034545898438
-0.0287818908691406 0.0636520385742187 0.00799560546874999 0.0662651062011719
0.0134849548339844 0.0611534118652344 0.0218162536621094 0.0338211059570313
0.0570716857910156 0.0414085388183594 0.0224552154541016 0.0154819488525391
0.0666389465332031 0.0131912231445312 0.00202751159667969 0.0162887573242188
0.0582618713378906 0.0109901428222656 -0.0107936859130859 0.0238170623779297
0.0651435852050781 0.0115699768066406 -0.0215377807617188 0.0325412750244141
0.0622444152832031 0.029205322265625 -0.0318088531494141 0.0296154022216797
0.0372352600097656 0.052093505859375 -0.0420951843261719 0.014251708984375
0.00579071044921875 0.0659217834472656 -0.0334930419921875 -0.00422477722167968
-0.0463600158691406 0.0485267639160156 -0.0118217468261719 -0.0125579833984375
-0.078033447265625 0.0117416381835938 -0.0225448608398438 0.0240516662597656
-0.0867691040039063 -0.0217514038085938 -0.0781478881835938 0.0254058837890625
-0.0336341857910156 -0.0509376525878906 -0.0811996459960938 0.0492477416992187
-0.0514068603515625 -0.0295753479003906 -0.0926284790039063 0.0671768188476562
-0.04998779296875 0.00292205810546875 -0.03668212890625 0.0758514404296875
-0.0382003784179687 0.0375442504882813 -0.00177001953125 0.0530509948730469
-0.00505447387695312 0.0500144958496094 0.00681686401367187 0.0213184356689453
0.0360870361328125 0.0463180541992188 -0.00147628784179687 0.00976085662841797
0.0526008605957031 0.0244598388671875 -0.0228443145751953 0.0164566040039062
0.0480232238769531 0.0188217163085938 -0.033477783203125 0.0270042419433594
0.0549430847167969 0.0201148986816406 -0.0417289733886719 0.0330276489257813
0.0514869689941406 0.0341415405273437 -0.0485343933105469 0.0240211486816406
0.0269966125488281 0.0513496398925781 -0.0503921508789063 0.00671005249023438
-0.00369644165039063 0.0605010986328125 -0.0357398986816406 -0.0103759765625
-0.0520706176757813 0.035736083984375 -0.0138692855834961 -0.0119047164916992
-0.0718536376953125 -0.0101165771484375 -0.0352783203125 0.0228767395019531
-0.0667228698730469 -0.0455245971679688 -0.0957717895507813 0.0125579833984375
0.0107650756835937 -0.0569229125976563 -0.083526611328125 0.031524658203125
-0.01202392578125 -0.0489997863769531 -0.09234619140625 0.0540618896484375
-0.0275688171386719 -0.0270099639892578 -0.0359344482421875 0.0670547485351563
-0.03857421875 0.00351715087890626 -0.00290679931640625 0.0397834777832031
-0.023162841796875 0.0281543731689453 -6.81877136230481E-05 0.0081014633178711
0.0092620849609375 0.0425643920898438 -0.018768310546875 0.000511169433593756
0.0304985046386719 0.0312614440917969 -0.0416908264160156 0.0129852294921875
0.0307483673095703 0.0236911773681641 -0.051544189453125 0.0261955261230469
0.0370979309082031 0.0244979858398438 -0.0590476989746094 0.0301399230957031
0.0349025726318359 0.0335216522216797 -0.0640640258789062 0.0161590576171875
0.0152931213378906 0.04412841796875 -0.060089111328125 -0.00237655639648438
-0.0105552673339844 0.04864501953125 -0.0400772094726563 -0.0197372436523437
-0.0502166748046875 0.0206069946289062 -0.0185375213623047 -0.0173568725585938
-0.0572662353515625 -0.0285987854003906 -0.0465812683105469 0.0112380981445312
-0.0388526916503906 -0.0628395080566406 -0.104515075683594 -0.00767517089843752
-0.008514404296875 0.0603141784667969 0.105140686035156 0.0153350830078125
0.0448799133300781 0.03759765625 0.0513153076171875 0.0098724365234375
0.0386161804199219 -0.0132942199707031 0.0221672058105469 0.0267848968505859
0.0158176422119141 -0.0295886993408203 0.0485458374023438 0.0400009155273438
-0.00365257263183594 -0.0304660797119141 0.0734939575195313 0.0187301635742187
-0.0232295989990234 -0.0295829772949219 0.0808486938476563 -0.0145797729492188
-0.0205554962158203 -0.0233898162841797 0.07635498046875 -0.0323333740234375
-0.0148658752441406 -0.0231132507324219 0.0625114440917969 -0.0267982482910156
-0.011810302734375 -0.0363273620605469 0.04998779296875 -0.008819580078125
0.0161857604980469 -0.0355186462402344 0.0313739776611328 0.00540733337402343
0.0415458679199219 -0.01318359375 0.000962972640991214 -0.00246858596801758
0.0417594909667969 0.017425537109375 -0.000545501708984373 -0.0288581848144531
0.0120773315429688 0.0550460815429688 0.0415458679199219 -0.06072998046875
-0.0230636596679688 0.070404052734375 0.086761474609375 -0.0504226684570312
-0.0503311157226562 0.0612716674804688 0.076080322265625 -0.0107192993164062
-0.0488357543945312 0.0561332702636719 0.0944366455078125 0.0404891967773438
0.00804901123046875 0.0533103942871094 0.0457763671875 0.0317802429199219
0.0214996337890625 0.0133514404296875 0.02459716796875 0.0416793823242188
0.0185985565185547 0.000257492065429688 0.0530281066894531 0.0533828735351563
0.0138511657714844 -0.0091848373413086 0.0788803100585938 0.0287857055664062
0.006683349609375 -0.0217761993408203 0.0899734497070313 -0.007293701171875
0.00906181335449219 -0.0247745513916016 0.0825881958007813 -0.0247573852539062
0.0120773315429688 -0.0224857330322266 0.0658950805664063 -0.0188064575195313
0.0184478759765625 -0.0321483612060547 0.0505790710449219 0.000545501708984373
0.0420379638671875 -0.0211601257324219 0.0282802581787109 0.0165271759033203
0.0528526306152344 0.0102424621582031 -0.00634384155273437 0.00800800323486328
0.0409049987792969 0.0438308715820313 -0.0118961334228516 -0.0195426940917969
-0.00849151611328126 0.071533203125 0.0235404968261719 -0.0550537109375
-0.05596923828125 0.074737548828125 0.0641632080078125 -0.0388336181640625
-0.0846328735351562 0.057647705078125 0.049468994140625 0.00511550903320313
-0.0845489501953125 0.0399017333984375 0.0677642822265625 0.0631752014160156
-0.0360832214355469 0.0600051879882813 0.0272445678710937 0.0562896728515625
-0.0042724609375 0.0404205322265625 0.0213432312011719 0.0600204467773437
0.0158443450927734 0.0349597930908203 0.0521697998046875 0.0662345886230469
0.0292587280273437 0.0172119140625 0.0776290893554688 0.0377731323242188
0.0377540588378906 -0.00825119018554688 0.0891342163085938 0.00055694580078125
0.0387802124023438 -0.0221672058105469 0.0766525268554688 -0.0138320922851563
0.0373573303222656 -0.0178070068359375 0.0573348999023438 -0.00764083862304688
0.0456809997558594 -0.0240554809570313 0.04071044921875 0.0120582580566406
0.059906005859375 -0.00692367553710938 0.0187969207763672 0.0250720977783203
0.0580902099609375 0.0290985107421875 -0.0147571563720703 0.0153274536132813
0.0387306213378906 0.0600509643554688 -0.0222930908203125 -0.0103893280029297
-0.0207061767578125 0.07879638671875 0.00678634643554688 -0.0453300476074219
-0.0750503540039063 0.0720977783203125 0.0378265380859375 -0.0217132568359375
-0.105880737304688 0.0480270385742188 0.0156002044677734 0.01873779296875
-0.106307983398438 0.0162582397460938 0.0276107788085937 0.0783843994140625
-0.0756454467773437 0.052642822265625 -0.0036163330078125 0.0766677856445313
-0.0333518981933594 0.0587539672851563 0.00942230224609374 0.0762481689453125
0.00622177124023437 0.0652809143066406 0.0431671142578125 0.0751724243164062
0.0373306274414062 0.0442581176757813 0.0660362243652344 0.0433540344238281
0.0617866516113281 0.00962066650390625 0.0764999389648438 0.00855255126953125
0.0625343322753906 -0.0146408081054688 0.0599403381347656 -0.00136566162109375
0.0569877624511719 -0.0103569030761719 0.0400505065917969 0.00417327880859375
0.06494140625 -0.0133743286132812 0.0243186950683594 0.0210285186767578
0.0719375610351563 0.0062408447265625 0.00519752502441407 0.0301227569580078
0.058837890625 0.0414466857910156 -0.0235996246337891 0.0203628540039063
0.0326042175292969 0.0693511962890625 -0.0285568237304688 -0.00336456298828124
-0.02972412109375 0.0772933959960938 -0.00439643859863281 -0.0327339172363281
-0.0841751098632812 0.0615081787109375 0.0150671005249023 -0.00172615051269531
-0.1126708984375 0.032379150390625 -0.0187206268310547 0.0293369293212891
-0.107818603515625 -0.0113601684570312 -0.0186920166015625 0.081634521484375
-0.0970230102539063 0.031707763671875 -0.0412368774414063 0.0872039794921875
-0.0577201843261719 0.0590019226074219 -0.00811004638671875 0.0864410400390625
-0.011260986328125 0.0809707641601563 0.0274505615234375 0.076934814453125
0.0347404479980469 0.0631942749023438 0.0463142395019531 0.0422554016113281
0.0727081298828125 0.02801513671875 0.0532341003417969 0.0133628845214844
0.075958251953125 -0.00348663330078125 0.0331497192382813 0.00907516479492188
0.0665817260742188 -0.00127792358398438 0.0158414840698242 0.0155563354492187
0.0748367309570313 -0.00254058837890625 0.00210952758789063 0.0289669036865234
0.0757293701171875 0.0180892944335937 -0.0120639801025391 0.0322647094726563
0.0536384582519531 0.0516242980957031 -0.0323104858398438 0.0194797515869141
0.0225448608398438 0.0733489990234375 -0.0310783386230469 -0.0011768341064453
-0.0394554138183594 0.0694847106933594 -0.00823020935058594 -0.0202522277832031
-0.0881271362304687 0.0429763793945313 -0.0032806396484375 0.0169925689697266
-0.111244201660156 0.00962066650390623 -0.0518112182617188 0.0346145629882813
-0.0852584838867188 -0.036376953125 -0.0588150024414063 0.0743865966796875
-0.0932693481445313 0.00119018554687501 -0.0748825073242187 0.0858001708984375
-0.0679359436035156 0.0391387939453125 -0.0252456665039062 0.0860977172851563
-0.0289077758789063 0.0740509033203125 0.00948333740234374 0.0691146850585938
0.0194892883300781 0.0683059692382813 0.0237903594970703 0.0343894958496094
0.06689453125 0.0420761108398438 0.0246467590332031 0.01422119140625
0.0754165649414063 0.00902557373046875 0.00341606140136719 0.01641845703125
0.0663490295410156 0.00728225708007813 -0.0102901458740234 0.0241603851318359
0.0743942260742188 0.0076446533203125 -0.0212020874023438 0.0331764221191406
0.0718536376953125 0.0274429321289063 -0.0308513641357422 0.0293941497802734
0.0461196899414062 0.0555953979492187 -0.0416755676269531 0.0142593383789062
0.0114059448242187 0.0733718872070313 -0.0326309204101563 -0.00454330444335937
-0.0488510131835937 0.0581550598144531 -0.0100927352905273 -0.0130481719970703
-0.0884475708007813 0.0198822021484375 -0.0196056365966797 0.0265331268310547
-0.0990753173828125 -0.0172195434570313 -0.0788650512695312 0.0310287475585937
-0.0447998046875 -0.0545234680175781 -0.0853500366210937 0.0577468872070313
-0.0641555786132813 -0.0286445617675781 -0.0958251953125 0.074676513671875
-0.0587882995605469 0.00758361816406249 -0.0364761352539063 0.0795364379882812
-0.0400543212890625 0.0469627380371094 -0.00197982788085938 0.0550498962402344
-0.000751495361328131 0.0572357177734375 0.00553703308105469 0.0216751098632813
0.0458869934082031 0.0476837158203125 -0.00282764434814453 0.00969219207763672
0.0616455078125 0.0207633972167969 -0.0247001647949219 0.019134521484375
0.05535888671875 0.0152015686035156 -0.0347709655761719 0.0301036834716797
0.0638198852539063 0.0159149169921875 -0.0445365905761719 0.0358047485351563
0.0609397888183594 0.0324020385742188 -0.0512962341308594 0.02471923828125
0.0355148315429688 0.0548324584960938 -0.0527000427246094 0.00624465942382813
0.00160598754882812 0.0678215026855469 -0.0362281799316406 -0.0111808776855469
-0.0547256469726562 0.0443878173828125 -0.0128183364868164 -0.0128002166748047
-0.0822296142578125 -0.00351715087890626 -0.0341529846191406 0.0266132354736328
-0.0794754028320313 -0.0426483154296875 -0.101081848144531 0.0175399780273437
0.002655029296875 -0.0630989074707031 -0.0912017822265625 0.0385284423828125
-0.0216903686523438 -0.0522537231445313 -0.09649658203125 0.0613250732421875
-0.0348682403564453 -0.025665283203125 -0.0356559753417969 0.0702743530273438
-0.0428466796875 0.00977706909179688 -0.00418853759765625 0.0403518676757813
-0.0208377838134766 0.0346012115478516 -0.00250720977783203 0.00794696807861328
0.0169486999511719 0.0453071594238281 -0.0222053527832031 0.00242233276367187
0.0377311706542969 0.0294723510742187 -0.0455284118652344 0.0175209045410156
0.0367469787597656 0.0210914611816406 -0.05487060546875 0.031463623046875
0.0444679260253906 0.0216064453125 -0.0634803771972656 0.0348129272460938
0.0419883728027344 0.0324211120605469 -0.0685348510742188 0.0181350708007813
0.022003173828125 0.0464897155761719 -0.0637283325195313 -0.00279998779296876
-0.00604629516601563 0.0550727844238281 -0.0417938232421875 -0.0205955505371094
-0.052947998046875 0.02801513671875 -0.0184249877929688 -0.0181121826171875
-0.0665473937988281 -0.0240020751953125 -0.0480613708496094 0.0157928466796875
-0.0492630004882813 -0.0629043579101563 -0.113807678222656 -0.00411987304687499
-0.00274276733398438 0.0632171630859375 0.117546081542969 0.00914764404296875
0.0511970520019531 0.0336761474609375 0.0558815002441406 0.00429153442382813
0.0387649536132813 -0.0185508728027344 0.0232677459716797 0.027099609375
0.0126686096191406 -0.0333423614501953 0.0542221069335938 0.0418968200683594
-0.00799560546875 -0.0308494567871094 0.0817184448242187 0.0176620483398437
-0.0290756225585937 -0.0270118713378906 0.0891342163085938 -0.0197830200195313
-0.024261474609375 -0.0204734802246094 0.08251953125 -0.0419845581054687
-0.0183010101318359 -0.021331787109375 0.0678329467773438 -0.0351905822753906
-0.0175437927246094 -0.0357704162597656 0.0561790466308594 -0.0164222717285156
0.0117149353027344 -0.03875732421875 0.0383377075195313 0.00171279907226562
0.0414886474609375 -0.0195693969726563 0.00587081909179688 -0.00267124176025391
0.0456504821777344 0.0131645202636719 0.00225639343261719 -0.0288829803466797
0.0199394226074219 0.0566596984863281 0.0421333312988281 -0.0647544860839844
-0.0154037475585937 0.0780181884765625 0.0923919677734375 -0.0601119995117187
-0.0452880859375 0.07061767578125 0.0870437622070313 -0.0171966552734375
-0.0483665466308594 0.0612525939941406 0.108230590820312 0.0367507934570313
0.0109329223632812 0.0547103881835938 0.0522193908691406 0.0278434753417969
0.0212268829345703 0.0125293731689453 0.0271949768066406 0.0430030822753906
0.0180225372314453 0.0003662109375 0.0600204467773438 0.0552787780761719
0.0127973556518555 -0.00915050506591797 0.088104248046875 0.02734375
0.00487899780273437 -0.0206012725830078 0.0984725952148438 -0.0136642456054688
0.00870513916015625 -0.0253334045410156 0.0900802612304688 -0.034423828125
0.0120410919189453 -0.0229282379150391 0.0716323852539063 -0.0279159545898437
0.0172405242919922 -0.0341510772705078 0.0573348999023438 -0.006622314453125
0.0417594909667969 -0.0250205993652344 0.0367698669433594 0.0122299194335937
0.0565452575683594 0.00686264038085938 -0.000402927398681638 0.00799036026000977
0.0470466613769531 0.0431938171386719 -0.00891685485839843 -0.0181083679199219
-0.00269317626953125 0.0772628784179688 0.0244064331054687 -0.0585098266601562
-0.0534515380859375 0.0858078002929688 0.0696449279785156 -0.0458259582519531
-0.0851211547851563 0.0693511962890625 0.0609054565429687 0.00110244750976563
-0.0906600952148438 0.0476760864257813 0.0811386108398438 0.06231689453125
-0.0371589660644531 0.0661735534667969 0.0343437194824219 0.0550346374511719
-0.0049896240234375 0.0447425842285156 0.0248260498046875 0.0615501403808594
0.0180168151855469 0.0387687683105469 0.0599365234375 0.0690956115722656
0.0325260162353516 0.0191116333007812 0.086456298828125 0.0365219116210938
0.04046630859375 -0.00928115844726562 0.0980606079101562 -0.00592803955078125
0.041656494140625 -0.0253791809082031 0.08428955078125 -0.02294921875
0.040618896484375 -0.0207481384277344 0.0637054443359375 -0.0157508850097656
0.0487022399902344 -0.0283546447753906 0.0473251342773438 0.00499725341796875
0.0649795532226563 -0.0113983154296875 0.0265312194824219 0.0216293334960938
0.0658073425292969 0.027862548828125 -0.00952625274658203 0.0158147811889648
0.0459327697753906 0.0630111694335938 -0.0190677642822266 -0.00890922546386718
-0.0170974731445313 0.0877685546875 0.00813293457031249 -0.0477714538574219
-0.0768966674804687 0.0850830078125 0.0433616638183594 -0.0265998840332031
-0.111351013183594 0.0606842041015625 0.0254402160644531 0.0183467864990234
-0.117958068847656 0.0251312255859375 0.0386734008789063 0.0818405151367187
-0.081451416015625 0.062469482421875 0.00265502929687499 0.0795669555664063
-0.0356979370117188 0.0669403076171875 0.0136184692382812 0.0793304443359375
0.0100555419921875 0.0734786987304688 0.05029296875 0.0789260864257813
0.0437164306640625 0.047607421875 0.07391357421875 0.0428466796875
0.0687599182128906 0.00761032104492188 0.0838165283203125 0.00266265869140625
0.0684928894042969 -0.0202140808105469 0.0657768249511719 -0.00806427001953125
0.0630874633789063 -0.015045166015625 0.0446891784667969 -0.00230026245117188
0.0713958740234375 -0.01910400390625 0.0290508270263672 0.0164909362792969
0.0801467895507813 0.00197601318359375 0.0112266540527344 0.0276260375976563
0.0681724548339844 0.0423316955566406 -0.0195770263671875 0.0200939178466797
0.0414962768554687 0.0744247436523438 -0.0255031585693359 -0.00253486633300781
-0.0276031494140625 0.0884475708007813 -0.00258255004882813 -0.034393310546875
-0.0894622802734375 0.0755081176757813 0.0205974578857422 -0.00386238098144531
-0.122833251953125 0.0448760986328125 -0.0117397308349609 0.0321502685546875
-0.122314453125 -0.00456237792968751 -0.0113372802734375 0.0891265869140625
-0.107826232910156 0.0424423217773438 -0.0379867553710937 0.09368896484375
-0.0631942749023438 0.0704269409179688 -0.00469970703125001 0.0907745361328125
-0.006927490234375 0.0924148559570313 0.0328521728515625 0.0806884765625
0.0427055358886719 0.0689430236816406 0.0516586303710938 0.0420303344726563
0.0829315185546875 0.0255355834960938 0.0580253601074219 0.00975418090820313
0.0838546752929687 -0.0105133056640625 0.0369224548339844 0.0055694580078125
0.0747528076171875 -0.00722503662109375 0.0181655883789063 0.0128269195556641
0.0839004516601563 -0.00881195068359375 0.00508499145507813 0.0270576477050781
0.086456298828125 0.0136489868164063 -0.00863838195800781 0.0308456420898438
0.0655403137207031 0.052978515625 -0.0306034088134766 0.0195980072021484
0.0323104858398437 0.0808792114257813 -0.0293102264404297 -0.0009613037109375
-0.0391387939453125 0.0817413330078125 -0.00617790222167969 -0.0222492218017578
-0.0966033935546875 0.0564804077148437 0.00154304504394531 0.0178756713867188
-0.123825073242188 0.020416259765625 -0.0484275817871094 0.0398025512695313
-0.100776672363281 -0.0324859619140625 -0.0573959350585938 0.0839309692382813
-0.106361389160156 0.0103302001953125 -0.0743255615234375 0.095672607421875
-0.0752487182617188 0.0503768920898438 -0.0232467651367188 0.0917434692382813
-0.0261611938476563 0.08673095703125 0.0128097534179688 0.0730056762695313
0.0282135009765625 0.075714111328125 0.0262508392333984 0.0350761413574219
0.0783767700195313 0.0399322509765625 0.0265693664550781 0.0127811431884766
0.0841598510742187 0.00215911865234375 0.00490570068359375 0.0166053771972656
0.074798583984375 0.00130462646484375 -0.0100746154785156 0.0250186920166016
0.0844345092773437 0.00103759765625 -0.0208053588867187 0.0344390869140625
0.08392333984375 0.02294921875 -0.0308189392089844 0.0301761627197266
0.0574417114257812 0.05877685546875 -0.0429420471191406 0.0141181945800781
0.0211563110351563 0.0814971923828125 -0.0326690673828125 -0.00460243225097656
-0.0499839782714844 0.0702667236328125 -0.00883007049560547 -0.014958381652832
-0.0984268188476563 0.031951904296875 -0.0160179138183594 0.0294532775878906
-0.113410949707031 -0.00857543945312501 -0.0802993774414063 0.0375900268554687
-0.0584640502929687 -0.0549964904785156 -0.0896377563476562 0.0691452026367188
-0.0772705078125 -0.0243911743164063 -0.0981903076171875 0.0860443115234375
-0.0671272277832031 0.0152397155761719 -0.0348129272460938 0.0849227905273437
-0.040283203125 0.0580635070800781 -0.0012359619140625 0.0582466125488281
0.00608444213867188 0.0646514892578125 0.00529861450195312 0.0223751068115234
0.0568733215332031 0.0474281311035156 -0.0047922134399414 0.0106182098388672
0.0705947875976563 0.0152587890625 -0.0263881683349609 0.02288818359375
0.0633392333984375 0.0103569030761719 -0.0367279052734375 0.0343437194824219
0.0727462768554688 0.010223388671875 -0.0461616516113281 0.039703369140625
0.07147216796875 0.0284652709960938 -0.0541915893554688 0.0273895263671875
0.0456466674804688 0.0576438903808594 -0.0567359924316406 0.00703811645507812
0.00997161865234375 0.0757293701171875 -0.0382575988769531 -0.0129203796386719
-0.0558433532714844 0.0554771423339844 -0.0118074417114258 -0.014348030090332
-0.0928955078125 0.006439208984375 -0.0330085754394531 0.0312328338623047
-0.0931777954101563 -0.0378265380859375 -0.106857299804687 0.025421142578125
-0.00641632080078124 -0.0685081481933594 -0.09942626953125 0.049072265625
-0.0325088500976563 -0.0534286499023438 -0.101554870605469 0.0723037719726563
-0.0436973571777344 -0.0227699279785156 -0.0349197387695313 0.0754928588867188
-0.0458030700683594 0.0178642272949219 -0.00555801391601563 0.0423736572265625
-0.0174446105957031 0.0415267944335938 -0.00600719451904297 0.00848817825317383
0.0256195068359375 0.046051025390625 -0.026641845703125 0.00455474853515626
0.04541015625 0.0261383056640625 -0.0503005981445312 0.0233650207519531
0.04266357421875 0.0175399780273437 -0.0582923889160156 0.0388717651367187
0.05133056640625 0.0172004699707031 -0.0682144165039063 0.0418052673339844
0.0505599975585938 0.0293540954589844 -0.0750045776367188 0.0223617553710937
0.0298728942871094 0.0485076904296875 -0.0701637268066406 -0.00177764892578125
1.14440917968801E-05 0.0610160827636719 -0.0457496643066406 -0.0222702026367187
-0.05462646484375 0.0364646911621094 -0.0186100006103516 -0.0194911956787109
-0.0759124755859375 -0.017669677734375 -0.0493240356445313 0.0217094421386719
-0.0616989135742188 -0.0615158081054687 -0.123863220214844 0.003021240234375
0.00397872924804688 0.0649681091308594 0.128929138183594 -0.0029144287109375
0.0578842163085937 0.0277976989746094 0.0593338012695313 -0.00282669067382812
0.0372810363769531 -0.0243911743164063 0.0257167816162109 0.0275211334228516
0.00807952880859375 -0.0360450744628906 0.0620536804199219 0.0418128967285156
-0.0129051208496094 -0.0305118560791016 0.0912551879882813 0.0130615234375
-0.0340423583984375 -0.0228080749511719 0.0964889526367187 -0.029266357421875
-0.0275173187255859 -0.0168933868408203 0.087188720703125 -0.053741455078125
-0.0213146209716797 -0.0188369750976562 0.0712203979492187 -0.0474090576171875
-0.0232391357421875 -0.0330448150634766 0.0604667663574219 -0.0264778137207031
0.00628280639648438 -0.0412864685058594 0.0440521240234375 -0.00551986694335938
0.0397720336914063 -0.0259971618652344 0.0109596252441406 -0.00420665740966797
0.04931640625 0.00754928588867188 0.00427818298339844 -0.0302810668945312
0.0289840698242188 0.0566673278808594 0.0413970947265625 -0.0707473754882812
-0.00449371337890625 0.0835952758789063 0.0950393676757813 -0.0726470947265625
-0.0376052856445313 0.0799026489257813 0.0970611572265625 -0.0287551879882812
-0.0462722778320313 0.0692520141601563 0.122344970703125 0.0273513793945313
0.0153770446777344 0.0555953979492188 0.0582084655761719 0.0218505859375
0.0210285186767578 0.0116558074951172 0.0312118530273438 0.0428657531738281
0.0177879333496094 -0.000402450561523438 0.0691108703613281 0.0556869506835938
0.0126562118530273 -0.00841999053955078 0.0985183715820313 0.0222549438476563
0.00360298156738281 -0.0203056335449219 0.106651306152344 -0.0245513916015625
0.00741195678710937 -0.0257301330566406 0.0947189331054688 -0.0485153198242188
0.0116386413574219 -0.0246047973632813 0.0749359130859375 -0.0408248901367188
0.01544189453125 -0.0358352661132813 0.0620193481445313 -0.0176925659179688
0.0413475036621094 -0.0298423767089844 0.0441131591796875 0.00634002685546875
0.060211181640625 0.00189590454101563 0.00525665283203125 0.0068202018737793
0.0539512634277344 0.0405082702636719 -0.00586128234863281 -0.0184078216552734
0.00617218017578125 0.0826873779296875 0.0239410400390625 -0.0630378723144531
-0.047088623046875 0.0975265502929688 0.0731201171875 -0.0558242797851562
-0.08349609375 0.0837631225585937 0.0715713500976563 -0.00653076171874999
-0.095245361328125 0.0595169067382813 0.09649658203125 0.0571823120117188
-0.0363006591796875 0.0738906860351563 0.0424461364746094 0.0523338317871094
-0.00449371337890625 0.0499534606933594 0.0289268493652344 0.0621681213378906
0.0218429565429688 0.0424270629882813 0.0701751708984375 0.0699195861816406
0.0361900329589844 0.0201568603515625 0.09735107421875 0.0313034057617188
0.0433120727539062 -0.0115623474121094 0.105606079101563 -0.017364501953125
0.0433425903320313 -0.0308990478515625 0.0896530151367187 -0.0351333618164062
0.0437469482421875 -0.0259780883789063 0.0673370361328125 -0.0277481079101563
0.0508003234863281 -0.0347023010253906 0.0528793334960938 -0.00438690185546875
0.0698623657226563 -0.017578125 0.0336532592773438 0.0152778625488281
0.0747146606445312 0.023681640625 -0.00408077239990234 0.0144882202148438
0.0561676025390625 0.0639114379882813 -0.0161333084106445 -0.00892639160156249
-0.0101165771484375 0.0970535278320313 0.00712203979492187 -0.0507583618164062
-0.0741729736328125 0.101203918457031 0.0479164123535156 -0.0342063903808594
-0.114021301269531 0.078155517578125 0.0356826782226562 0.0150299072265625
-0.128074645996094 0.0382919311523438 0.0522918701171875 0.08282470703125
-0.084564208984375 0.0764541625976563 0.0110015869140625 0.0810623168945313
-0.0355072021484375 0.0784912109375 0.019134521484375 0.082244873046875
0.017730712890625 0.0814666748046875 0.0594482421875 0.0802459716796875
0.0526695251464844 0.049346923828125 0.082855224609375 0.0382537841796875
0.0762481689453125 0.0025177001953125 0.0908432006835938 -0.0061187744140625
0.0731201171875 -0.029144287109375 0.0705337524414063 -0.0181884765625
0.0689773559570313 -0.0234527587890625 0.0476112365722656 -0.0100212097167969
0.0778350830078125 -0.0289764404296875 0.0337562561035156 0.0104465484619141
0.0886383056640625 -0.006439208984375 0.0164775848388672 0.0236988067626953
0.0802536010742188 0.0394210815429688 -0.0154266357421875 0.0200748443603516
0.0541534423828125 0.0781402587890625 -0.0224876403808594 -0.00207328796386718
-0.0213623046875 0.10052490234375 -0.00259780883789062 -0.0365142822265625
-0.0905075073242188 0.0931015014648438 0.0251483917236328 -0.00806236267089843
-0.129867553710938 0.0620956420898437 -0.00346946716308595 0.0337142944335938
-0.13739013671875 0.00840759277343748 -0.00189208984375001 0.0955886840820313
-0.115440368652344 0.0590438842773438 -0.0308380126953125 0.101310729980469
-0.0645980834960938 0.0849533081054688 0.000549316406250001 0.0952835083007813
0.00200653076171876 0.104217529296875 0.0412139892578125 0.0842132568359375
0.0544891357421875 0.072479248046875 0.0586967468261719 0.0401802062988281
0.0943756103515625 0.019622802734375 0.0623550415039063 0.00325775146484375
0.0907669067382813 -0.0210494995117188 0.0409660339355469 0.000122070312499999
0.082305908203125 -0.0164794921875 0.0201816558837891 0.00933265686035156
0.0926971435546875 -0.0202713012695312 0.0079174041748047 0.0246639251708984
0.0976409912109375 0.00489044189453125 -0.00528144836425781 0.0298366546630859
0.0791244506835938 0.0517120361328125 -0.0289402008056641 0.0196399688720703
0.0454940795898438 0.0865097045898438 -0.0284328460693359 -0.000850677490234371
-0.0347442626953125 0.0951614379882813 -0.00567436218261719 -0.0242652893066406
-0.101181030273437 0.0753250122070312 0.00674819946289062 0.0167226791381836
-0.133811950683594 0.036956787109375 -0.0431632995605469 0.0452041625976562
-0.116615295410156 -0.023590087890625 -0.0534591674804687 0.095916748046875
-0.117637634277344 0.025177001953125 -0.0709381103515625 0.107696533203125
-0.0788955688476563 0.0650253295898438 -0.0181961059570313 0.09759521484375
-0.0187606811523438 0.100021362304688 0.0188217163085938 0.0767059326171875
0.0408706665039063 0.0813140869140625 0.0293121337890625 0.0352325439453125
0.0910263061523438 0.0343704223632813 0.02813720703125 0.0104122161865234
0.0928573608398437 -0.00826263427734375 0.00630950927734376 0.0164852142333984
0.0829010009765625 -0.0084075927734375 -0.00935935974121093 0.0265483856201172
0.0940093994140625 -0.01025390625 -0.0210227966308594 0.0364799499511719
0.0957183837890625 0.0139312744140625 -0.0312232971191406 0.0317745208740234
0.0714035034179688 0.0573348999023438 -0.0439300537109375 0.0159072875976562
0.0340499877929688 0.0878677368164063 -0.0333881378173828 -0.00478935241699218
-0.0469436645507812 0.0842361450195313 -0.00846385955810547 -0.0173492431640625
-0.106498718261719 0.04913330078125 -0.0114917755126953 0.031585693359375
-0.126449584960937 0.00560760498046874 -0.0796356201171875 0.04644775390625
-0.0737152099609375 -0.0504150390625 -0.0919036865234375 0.083282470703125
-0.0895233154296875 -0.014617919921875 -0.09796142578125 0.100326538085938
-0.0739593505859375 0.0261688232421875 -0.0311203002929687 0.0915374755859375
-0.0368881225585937 0.0708694458007813 0.00164794921875 0.0622482299804688
0.0158233642578125 0.0714111328125 0.00499725341796875 0.0238571166992188
0.0685539245605469 0.0436439514160156 -0.00543785095214843 0.0120077133178711
0.0790939331054688 0.00595855712890625 -0.0267772674560547 0.0277156829833984
0.0706558227539062 0.001953125 -0.0373725891113281 0.0400848388671875
0.0816726684570313 0.00035858154296875 -0.0468826293945312 0.0460052490234375
0.0825958251953125 0.0206527709960938 -0.0569610595703125 0.0321578979492187
0.0581474304199219 0.05694580078125 -0.0611114501953125 0.00962829589843751
0.020843505859375 0.081146240234375 -0.0414581298828125 -0.0118789672851562
-0.0543975830078125 0.0686607360839844 -0.011479377746582 -0.0161285400390625
-0.101737976074219 0.0213088989257812 -0.0303726196289063 0.0357246398925781
-0.107315063476563 -0.0274276733398437 -0.111648559570313 0.036224365234375
-0.0175552368164063 -0.0713958740234375 -0.105499267578125 0.0636215209960938
-0.0449981689453125 -0.0508689880371094 -0.104415893554687 0.086517333984375
-0.0528144836425781 -0.0173377990722656 -0.0323410034179688 0.0813369750976563
-0.0472526550292969 0.0281028747558594 -0.00559616088867187 0.0452041625976562
-0.0120048522949219 0.0478706359863281 -0.00948715209960938 0.01055908203125
0.0350875854492188 0.0443840026855469 -0.0304298400878906 0.00951766967773437
0.0526161193847656 0.019622802734375 -0.0526084899902344 0.032379150390625
0.0484962463378906 0.0120773315429688 -0.0602340698242187 0.0485038757324219
0.0582618713378906 0.0103950500488281 -0.0706634521484375 0.0511703491210937
0.0589599609375 0.0233535766601563 -0.0797653198242188 0.0303268432617188
0.0391921997070313 0.0481338500976563 -0.0770492553710937 0.00212097167968749
0.0087127685546875 0.0659294128417969 -0.0513763427734375 -0.0217742919921875
-0.0537567138671875 0.0473365783691406 -0.0202255249023438 -0.0209503173828125
-0.0847625732421875 -0.00784301757812498 -0.0496139526367188 0.0289039611816406
-0.074859619140625 -0.0560684204101563 -0.133415222167969 0.015533447265625
0.0128173828125 0.064727783203125 0.134452819824219 -0.0175399780273437
0.0615348815917969 0.0180778503417969 0.0598907470703125 -0.0129852294921875
0.0329856872558594 -0.0300464630126953 0.0280265808105469 0.0267143249511719
0.00297927856445313 -0.03851318359375 0.0690536499023438 0.0384750366210938
-0.0179290771484375 -0.0288314819335938 0.09759521484375 0.005157470703125
-0.0377693176269531 -0.0172958374023438 0.0996017456054687 -0.041748046875
-0.0290489196777344 -0.0124568939208984 0.0852432250976563 -0.0691680908203125
-0.0234737396240234 -0.0160598754882813 0.068328857421875 -0.06085205078125
-0.0275230407714844 -0.028594970703125 0.0603446960449219 -0.0386123657226563
-0.00121688842773438 -0.0418281555175781 0.0475921630859375 -0.012969970703125
0.0359687805175781 -0.0322799682617188 0.0148735046386719 -0.00696849822998047
0.0501136779785156 3.814697265625E-06 0.00656700134277344 -0.0318489074707031
0.0381507873535156 0.0534477233886719 0.0390625 -0.0761260986328125
0.00753021240234375 0.0854034423828125 0.0918350219726562 -0.0861053466796875
-0.0273590087890625 0.08642578125 0.101776123046875 -0.0441513061523437
-0.0417327880859375 0.075958251953125 0.131698608398438 0.013397216796875
0.0188941955566406 0.0548171997070313 0.0605239868164063 0.0120849609375
0.0207424163818359 0.0106124877929688 0.0335197448730469 0.0414466857910156
0.017186164855957 -0.000969886779785156 0.0779647827148438 0.0503463745117188
0.0125732421875 -0.00865936279296875 0.106620788574219 0.0120315551757813
0.00292015075683594 -0.0187740325927734 0.109275817871094 -0.040008544921875
0.00636482238769531 -0.0266075134277344 0.0944442749023438 -0.0645675659179688
0.0116043090820313 -0.0258979797363281 0.0735397338867188 -0.0545730590820313
0.0118942260742188 -0.0382080078125 0.0623779296875 -0.0301856994628906
0.039276123046875 -0.0335845947265625 0.0495262145996094 -0.00432586669921875
0.0625038146972656 -0.00505828857421875 0.0118398666381836 0.00238037109375
0.0606956481933594 0.0355415344238281 -0.00286483764648437 -0.0205574035644531
0.0166091918945313 0.084381103515625 0.0203971862792969 -0.0672073364257813
-0.0356063842773437 0.10614013671875 0.0716171264648438 -0.0691146850585938
-0.073883056640625 0.0966262817382813 0.0800704956054687 -0.0181503295898437
-0.09478759765625 0.07196044921875 0.108467102050781 0.046142578125
-0.0323410034179687 0.0809402465820313 0.0494422912597656 0.0459213256835938
-0.00255966186523437 0.0554580688476562 0.0352897644042969 0.0616302490234375
0.0278778076171875 0.0442619323730469 0.0785369873046875 0.0652389526367188
0.0424957275390625 0.0178871154785156 0.104812622070312 0.0223236083984375
0.0454292297363281 -0.0164260864257813 0.109344482421875 -0.0310745239257813
0.0437698364257813 -0.0352096557617188 0.08978271484375 -0.0497589111328125
0.0452880859375 -0.0321159362792969 0.0658836364746094 -0.0407829284667969
0.0505409240722656 -0.0415840148925781 0.05340576171875 -0.0157203674316406
0.072021484375 -0.0267410278320312 0.0390853881835938 0.00735092163085937
0.0813446044921875 0.016571044921875 0.00158119201660157 0.0114049911499023
0.0665206909179688 0.0602302551269531 -0.0117702484130859 -0.0094461441040039
0.000946044921874994 0.103370666503906 0.00421142578125 -0.0532455444335938
-0.0666580200195312 0.115158081054688 0.0489540100097656 -0.0435523986816406
-0.110282897949219 0.0949935913085938 0.0445060729980469 0.00822448730468751
-0.132957458496094 0.0560226440429687 0.065673828125 0.078765869140625
-0.0816650390625 0.09210205078125 0.0196304321289062 0.0801849365234375
-0.0304489135742188 0.0891189575195313 0.0258407592773438 0.080657958984375
0.02862548828125 0.0861663818359375 0.0709762573242188 0.0760421752929687
0.0632209777832031 0.0476951599121094 0.0900344848632812 0.0311737060546875
0.0807952880859375 -0.0059814453125 0.0929794311523438 -0.018310546875
0.0742263793945313 -0.03955078125 0.0718917846679688 -0.0281906127929688
0.0715789794921875 -0.0334396362304688 0.0469970703125 -0.0191307067871094
0.0786819458007813 -0.0400848388671875 0.0366020202636719 0.00274658203125
0.09356689453125 -0.0178298950195313 0.0208950042724609 0.0167961120605469
0.0914154052734375 0.0322647094726563 -0.0112810134887695 0.0171985626220703
0.0668716430664063 0.0770111083984375 -0.0202484130859375 -0.00210189819335937
-0.0114898681640625 0.109954833984375 -0.00408935546875 -0.0393257141113281
-0.0850448608398438 0.112464904785156 0.0293846130371094 -0.0142097473144531
-0.129203796386719 0.0813980102539063 0.00510787963867187 0.0312099456787109
-0.146072387695313 0.025360107421875 0.00907135009765624 0.0983657836914062
-0.117843627929687 0.0783767700195313 -0.0198211669921875 0.106353759765625
-0.0594100952148438 0.09954833984375 0.00832366943359374 0.0958404541015625
0.016326904296875 0.111763000488281 0.0496978759765625 0.0834884643554688
0.067901611328125 0.0716323852539063 0.0651473999023438 0.0347862243652344
0.101913452148438 0.00800323486328125 0.0632743835449219 -0.00444793701171875
0.0932998657226563 -0.0337448120117188 0.0414505004882813 -0.00603866577148438
0.0858001708984375 -0.0290298461914062 0.0219936370849609 0.00548553466796875
0.0961151123046875 -0.0353240966796875 0.00989151000976563 0.0215740203857422
0.103790283203125 -0.00872039794921875 -0.00240325927734374 0.0269927978515625
0.0933456420898438 0.0445480346679687 -0.0282421112060547 0.0197944641113281
0.060028076171875 0.0853347778320313 -0.0267429351806641 -0.000843048095703123
-0.0252532958984375 0.107131958007812 -0.00670242309570312 -0.0272636413574219
-0.0987167358398437 0.0951766967773437 0.0112924575805664 0.0130481719970703
-0.138420104980469 0.0570449829101563 -0.0361404418945313 0.04864501953125
-0.130020141601563 -0.00837707519531251 -0.0431594848632813 0.105827331542969
-0.123680114746094 0.0435104370117187 -0.0606460571289062 0.116935729980469
-0.0778427124023438 0.0813064575195312 -0.01068115234375 0.101211547851562
-0.00729370117187499 0.1094970703125 0.025787353515625 0.0774459838867188
0.0548477172851563 0.0815963745117188 0.0327091217041016 0.0328121185302734
0.10089111328125 0.0229644775390625 0.0292263031005859 0.00707054138183594
0.0969924926757813 -0.02264404296875 0.00731563568115235 0.0167140960693359
0.0867538452148438 -0.0202789306640625 -0.00737571716308593 0.0284194946289063
0.0972976684570313 -0.0246429443359375 -0.0188941955566406 0.0382232666015625
0.104354858398438 0.00141143798828125 -0.0296783447265625 0.0333175659179687
0.0849609375 0.050933837890625 -0.04510498046875 0.0173606872558594
0.0491943359375 0.088592529296875 -0.0341892242431641 -0.00385093688964843
-0.0391464233398438 0.0973739624023437 -0.008636474609375 -0.0204048156738281
-0.106132507324219 0.0700225830078125 -0.00542068481445313 0.0322628021240234
-0.133590698242188 0.0241241455078125 -0.0751266479492188 0.0549850463867187
-0.08648681640625 -0.0422821044921875 -0.0850296020507813 0.0985031127929687
-0.0990066528320313 -0.00193023681640627 -0.0915908813476562 0.114883422851563
-0.076873779296875 0.0404129028320312 -0.02374267578125 0.0965347290039063
-0.0288162231445313 0.0811691284179688 0.00482559204101562 0.0633926391601563
0.0285110473632813 0.0728073120117188 0.005035400390625 0.0244369506835938
0.0804290771484375 0.0346832275390625 -0.00552272796630859 0.0141534805297852
0.0840835571289063 -0.005126953125 -0.0252170562744141 0.0333061218261719
0.0743255615234375 -0.00939178466796875 -0.0347747802734375 0.0473060607910156
0.0868148803710938 -0.0134353637695313 -0.0455970764160156 0.0537109375
0.0904006958007813 0.00928497314453125 -0.0567741394042969 0.0381965637207031
0.0697364807128906 0.0507392883300781 -0.0647430419921875 0.0137519836425781
0.0350723266601563 0.083465576171875 -0.0441169738769531 -0.0119857788085937
-0.0476608276367187 0.0812606811523438 -0.0135402679443359 -0.0186023712158203
-0.104515075683594 0.0376129150390625 -0.0258979797363281 0.0397148132324219
-0.115562438964844 -0.011627197265625 -0.111083984375 0.0478897094726563
-0.0304718017578125 -0.0702018737792969 -0.104156494140625 0.0802154541015625
-0.0562934875488281 -0.0444984436035156 -0.100242614746094 0.100685119628906
-0.0588531494140625 -0.00901412963867188 -0.02667236328125 0.0856781005859375
-0.0446434020996094 0.0378341674804688 -0.00525283813476563 0.0466842651367188
-0.002777099609375 0.0522727966308594 -0.0125312805175781 0.0134820938110352
0.0449714660644531 0.0388717651367188 -0.0341434478759766 0.0154056549072266
0.0567207336425781 0.0106697082519531 -0.0517158508300781 0.0422515869140625
0.0522994995117188 0.0047149658203125 -0.0570449829101562 0.0590171813964844
0.0615425109863281 0.00057220458984375 -0.0682411193847656 0.0620803833007813
0.0643386840820313 0.014495849609375 -0.0827255249023438 0.0385055541992187
0.0488510131835938 0.0433616638183594 -0.0819931030273438 0.00918579101562501
0.0204238891601563 0.0662384033203125 -0.0558738708496094 -0.0186576843261719
-0.0493736267089844 0.0567970275878906 -0.0221900939941406 -0.0216503143310547
-0.0904464721679688 0.00538635253906251 -0.0464057922363281 0.0365676879882812
-0.0843887329101563 -0.0449447631835938 -0.138282775878906 0.030914306640625
0.0184745788574219 0.0617446899414063 0.13409423828125 -0.0329513549804688
0.0606727600097656 0.0105934143066406 0.05633544921875 -0.0197715759277344
0.0291862487792969 -0.0332965850830078 0.0289440155029297 0.0256748199462891
-0.00260543823242187 -0.0379791259765625 0.0724945068359375 0.033203125
-0.0213451385498047 -0.0261459350585938 0.101737976074219 -0.0048828125
-0.0392074584960938 -0.0105476379394531 0.0984573364257813 -0.053436279296875
-0.0301685333251953 -0.00744628906249999 0.0796127319335937 -0.0802230834960938
-0.0241622924804688 -0.01220703125 0.0629196166992188 -0.0708160400390625
-0.0307407379150391 -0.02392578125 0.0563468933105469 -0.0486335754394531
-0.0053863525390625 -0.0406455993652344 0.0485000610351562 -0.0233078002929688
0.0308418273925781 -0.0355300903320313 0.0180721282958984 -0.0129947662353516
0.0489158630371094 -0.00583648681640625 0.00620269775390625 -0.03350830078125
0.0447616577148437 0.0472335815429688 0.0334854125976562 -0.078948974609375
0.018798828125 0.0828323364257813 0.0857696533203125 -0.0971298217773438
-0.01580810546875 0.0868682861328125 0.1024169921875 -0.0586471557617187
-0.0361480712890625 0.0794677734375 0.1348876953125 -0.00237274169921875
0.0231475830078125 0.0518341064453125 0.0609855651855469 0.00487136840820313
0.0194950103759766 0.0106220245361328 0.0366020202636719 0.0389366149902344
0.016606330871582 -9.5367431640625E-07 0.0833740234375 0.0454559326171875
0.0117092132568359 -0.00880241394042969 0.109832763671875 0.00164794921875
0.0016326904296875 -0.0172395706176758 0.108528137207031 -0.0516433715820313
0.00555419921875 -0.0274887084960937 0.0877456665039063 -0.077545166015625
0.0100746154785156 -0.0269412994384766 0.0672874450683594 -0.0657920837402344
0.0100364685058594 -0.0381546020507813 0.0596084594726563 -0.0410652160644531
0.0350761413574219 -0.037933349609375 0.0499305725097656 -0.014678955078125
0.0614356994628906 -0.0115585327148438 0.0146942138671875 -0.00255680084228516
0.0638771057128906 0.0297927856445313 -0.00057411193847656 -0.0210704803466797
0.0251541137695313 0.08258056640625 0.0177230834960937 -0.0681610107421875
-0.0238723754882812 0.110466003417969 0.0675125122070313 -0.0774993896484375
-0.0645370483398438 0.103851318359375 0.082977294921875 -0.0309829711914062
-0.0903396606445313 0.083221435546875 0.114395141601562 0.0338287353515625
-0.025787353515625 0.0858917236328125 0.0517845153808594 0.0382614135742188
0.00180435180664063 0.057342529296875 0.0387840270996094 0.0581283569335938
0.0330390930175781 0.0437507629394531 0.0860748291015625 0.0592193603515625
0.0450897216796875 0.0154953002929687 0.108352661132813 0.01177978515625
0.0452728271484375 -0.0196990966796875 0.106864929199219 -0.0430984497070313
0.0419120788574219 -0.0411643981933594 0.08428955078125 -0.0624237060546875
0.0438919067382812 -0.0381278991699219 0.0603561401367188 -0.049591064453125
0.0471534729003906 -0.0477218627929688 0.0516395568847656 -0.0255622863769531
0.0702285766601562 -0.0347785949707031 0.0401802062988281 -0.00240707397460938
0.0839996337890625 0.00849151611328125 0.00465631484985352 0.00695228576660156
0.0745697021484375 0.054718017578125 -0.00951576232910156 -0.0106315612792969
0.0114669799804687 0.10552978515625 0.0029144287109375 -0.0547943115234375
-0.054443359375 0.125244140625 0.0475196838378906 -0.0504837036132812
-0.100639343261719 0.107452392578125 0.05035400390625 -0.000652313232421868
-0.13116455078125 0.0714187622070313 0.0744705200195313 0.0703353881835938
-0.0750274658203125 0.102584838867188 0.02685546875 0.0746078491210938
-0.02423095703125 0.0963516235351563 0.0313034057617187 0.0784149169921875
0.0390396118164062 0.0863800048828125 0.0771636962890625 0.0717926025390625
0.0708541870117188 0.0423812866210937 0.0934906005859375 0.0223236083984375
0.0830764770507813 -0.0153656005859375 0.0914154052734375 -0.0287933349609375
0.072509765625 -0.0485076904296875 0.0682907104492188 -0.0391769409179687
0.0696945190429688 -0.0430984497070313 0.0448722839355469 -0.0265312194824219
0.0770111083984375 -0.0512847900390625 0.0342788696289063 -0.00462722778320313
0.0941162109375 -0.0298080444335937 0.0214958190917969 0.0110645294189453
0.09759521484375 0.0232009887695312 -0.00859260559082031 0.0144805908203125
0.077667236328125 0.07080078125 -0.0174245834350586 -0.00374603271484375
-0.000236511230468739 0.11474609375 -0.00508880615234375 -0.0404090881347656
-0.0742263793945312 0.12445068359375 0.0293731689453125 -0.019744873046875
-0.122756958007813 0.0983200073242188 0.0122356414794922 0.0278186798095703
-0.148300170898438 0.0430450439453125 0.0204925537109375 0.0967559814453125
-0.111503601074219 0.09332275390625 -0.011383056640625 0.105140686035156
-0.0521697998046875 0.110893249511719 0.0147018432617188 0.0946578979492187
0.0287933349609375 0.113838195800781 0.0574188232421875 0.0791473388671875
0.0792999267578125 0.0660629272460938 0.0661773681640625 0.0310401916503906
0.105514526367187 -0.00390625 0.0632476806640625 -0.0119743347167969
0.0920257568359375 -0.0457916259765625 0.0413055419921875 -0.0111160278320313
0.084808349609375 -0.0412826538085938 0.0212612152099609 0.00128746032714844
0.094329833984375 -0.0479049682617188 0.0103244781494141 0.0179920196533203
0.106590270996094 -0.0220108032226563 -0.00172042846679687 0.0235462188720703
0.1004638671875 0.0348052978515625 -0.025787353515625 0.0191879272460938
0.0729522705078125 0.0812759399414063 -0.0253372192382812 -0.00144386291503906
-0.0139007568359375 0.114212036132813 -0.0077056884765625 -0.028472900390625
-0.08984375 0.110366821289062 0.0153598785400391 0.0101747512817383
-0.133613586425781 0.0754623413085938 -0.0287094116210938 0.0499191284179688
-0.134483337402344 0.00675201416015627 -0.0337448120117188 0.110305786132813
-0.121170043945313 0.0600662231445313 -0.0509033203125 0.12164306640625
-0.0719757080078125 0.0936203002929687 -0.00380706787109375 0.100692749023438
0.00675201416015626 0.114501953125 0.0308303833007812 0.0757064819335938
0.0666656494140625 0.0766983032226563 0.034027099609375 0.0320053100585938
0.106369018554687 0.0103302001953125 0.0279388427734375 0.00476264953613281
0.0961685180664063 -0.0351028442382813 0.0090789794921875 0.0152425765991211
0.0867080688476562 -0.0328445434570313 -0.00540733337402343 0.0287895202636719
0.0973892211914062 -0.0387191772460937 -0.0168228149414062 0.0395278930664063
0.1068115234375 -0.0132904052734375 -0.0288410186767578 0.034423828125
0.0939178466796875 0.0412521362304688 -0.0438613891601562 0.0196495056152344
0.0612411499023438 0.0847702026367188 -0.0345344543457031 -0.0037994384765625
-0.0285873413085938 0.104530334472656 -0.0101432800292969 -0.0210132598876953
-0.10076904296875 0.0848617553710938 -0.000942230224609379 0.0305404663085938
-0.1328125 0.0422897338867187 -0.067962646484375 0.0609016418457031
-0.0956649780273438 -0.0321121215820312 -0.0775833129882812 0.107307434082031
-0.101249694824219 0.0134429931640625 -0.08062744140625 0.122360229492187
-0.0740585327148438 0.0520172119140625 -0.017852783203125 0.096832275390625
-0.0176010131835937 0.0883712768554688 0.00923919677734374 0.0638999938964844
0.039459228515625 0.0712966918945313 0.00492095947265626 0.0254192352294922
0.0858612060546875 0.0230484008789063 -0.0070505142211914 0.0162668228149414
0.0840225219726562 -0.0176620483398437 -0.0226478576660156 0.0369110107421875
0.0751876831054688 -0.020294189453125 -0.0312118530273437 0.0512542724609375
0.085418701171875 -0.025115966796875 -0.0426292419433594 0.0575599670410156
0.0926284790039062 -0.0037994384765625 -0.05645751953125 0.0426254272460938
0.0789871215820313 0.0433883666992188 -0.0646591186523438 0.0191841125488281
0.0462112426757813 0.0792617797851563 -0.0450248718261719 -0.0091705322265625
-0.0393829345703125 0.0878982543945313 -0.0145378112792969 -0.0192852020263672
-0.101455688476563 0.053802490234375 -0.019775390625 0.0421409606933594
-0.11956787109375 0.00411987304687498 -0.10589599609375 0.0587844848632813
-0.0399856567382813 -0.0656852722167969 -0.0990066528320313 0.092803955078125
-0.0626106262207031 -0.0358772277832031 -0.0913467407226563 0.111663818359375
-0.0605621337890625 0.000183105468749989 -0.0216140747070313 0.0871810913085937
-0.0382423400878906 0.0456619262695313 -0.00365447998046875 0.0491600036621094
0.00529861450195313 0.0533561706542969 -0.0137233734130859 0.0165739059448242
0.0504417419433594 0.0318870544433594 -0.0334606170654297 0.0217571258544922
0.0590705871582031 0.00164794921875 -0.047515869140625 0.05023193359375
0.0530204772949219 -0.00386810302734375 -0.0522651672363281 0.0669136047363281
0.0630149841308594 -0.00833892822265625 -0.0644149780273437 0.0710372924804688
0.0671195983886719 0.00473403930664063 -0.0802383422851563 0.0475616455078125
0.0555000305175781 0.0381011962890625 -0.0829238891601563 0.0162506103515625
0.0284538269042969 0.0639266967773437 -0.0570869445800781 -0.0156364440917969
-0.0422325134277344 0.062835693359375 -0.0233745574951172 -0.0215320587158203
-0.089202880859375 0.0186920166015625 -0.0415534973144531 0.0402069091796875
-0.0906906127929687 -0.0344009399414063 -0.13592529296875 0.0442733764648438
0.0219306945800781 0.0585136413574219 0.131034851074219 -0.0419845581054687
0.05877685546875 0.00566864013671875 0.0522079467773438 -0.0238609313964844
0.0249729156494141 -0.0337047576904297 0.0293006896972656 0.0243415832519531
-0.00597000122070312 -0.0366287231445313 0.07489013671875 0.0293045043945312
-0.0236587524414063 -0.02349853515625 0.101661682128906 -0.0115966796875
-0.0384140014648438 -0.00598907470703125 0.0965042114257813 -0.060546875
-0.0289115905761719 -0.00528717041015625 0.07373046875 -0.0876922607421875
-0.0237197875976563 -0.00971221923828125 0.0565338134765625 -0.0764007568359375
-0.0311527252197266 -0.0195770263671875 0.0518798828125 -0.0551338195800781
-0.00902557373046875 -0.0376205444335938 0.0474891662597656 -0.0300750732421875
0.026123046875 -0.0372962951660156 0.0192317962646484 -0.0168418884277344
0.0471382141113281 -0.0098876953125 0.00781440734863282 -0.034759521484375
0.0474357604980469 0.0419731140136719 0.0307159423828125 -0.0796279907226562
0.025299072265625 0.0780715942382813 0.0805435180664063 -0.102363586425781
-0.00811004638671874 0.084930419921875 0.101005554199219 -0.0677719116210938
-0.0319061279296875 0.0807266235351562 0.133552551269531 -0.012237548828125
0.0243339538574219 0.0496559143066406 0.0585136413574219 -0.000907897949218747
0.0188426971435547 0.0113487243652344 0.0367889404296875 0.0371246337890625
0.0164327621459961 -0.000280380249023438 0.0850067138671875 0.04046630859375
0.0113544464111328 -0.00775527954101563 0.109886169433594 -0.00484466552734375
0.00121307373046875 -0.0161771774291992 0.104934692382813 -0.0597763061523437
0.00462532043457031 -0.0270061492919922 0.0816421508789063 -0.0849609375
0.00920867919921875 -0.0278987884521484 0.0607757568359375 -0.0729217529296875
0.00778579711914063 -0.0376930236816406 0.0550422668457031 -0.0487213134765625
0.0326881408691406 -0.0393524169921875 0.0488510131835938 -0.021759033203125
0.0592918395996094 -0.015838623046875 0.0164031982421875 -0.00715160369873047
0.0647125244140625 0.0247383117675781 0.00174903869628907 -0.0227680206298828
0.03021240234375 0.0800933837890625 0.0154953002929688 -0.0687332153320313
-0.0154037475585938 0.110153198242188 0.0640335083007813 -0.0827102661132813
-0.0559844970703125 0.106452941894531 0.0832138061523438 -0.039886474609375
-0.0857925415039062 0.0901412963867188 0.116378784179688 0.0238265991210938
-0.0217361450195313 0.088104248046875 0.0521965026855469 0.0317955017089844
0.00423812866210938 0.0598335266113281 0.0392990112304687 0.0549125671386719
0.036651611328125 0.0432090759277344 0.088043212890625 0.0535736083984375
0.0472946166992188 0.0135841369628906 0.107933044433594 0.00494384765625
0.0447845458984375 -0.0218658447265625 0.102798461914063 -0.050994873046875
0.039642333984375 -0.045074462890625 0.0785064697265625 -0.070587158203125
0.0418281555175781 -0.0420799255371094 0.0554542541503906 -0.0563468933105469
0.0448646545410156 -0.0510749816894531 0.0478057861328125 -0.0324592590332031
0.0676918029785156 -0.0394248962402344 0.0395164489746094 -0.00925064086914063
0.0851364135742188 0.00189971923828125 0.00668668746948243 0.00211763381958008
0.0786666870117188 0.04931640625 -0.00653553009033203 -0.0132837295532227
0.0186614990234375 0.104881286621094 0.0017852783203125 -0.05517578125
-0.0450973510742188 0.129127502441406 0.0453758239746094 -0.0555953979492187
-0.0922393798828125 0.114227294921875 0.0531463623046875 -0.00866317749023437
-0.127784729003906 0.0820999145507812 0.0792160034179687 0.0627212524414063
-0.0688629150390625 0.109214782714844 0.0300865173339844 0.0695075988769531
-0.0184249877929688 0.100906372070313 0.0332183837890625 0.0753173828125
0.0461654663085938 0.0847549438476563 0.0797576904296875 0.0665206909179688
0.0752639770507813 0.038299560546875 0.0929412841796875 0.0167007446289063
0.0826644897460938 -0.021209716796875 0.087677001953125 -0.0351181030273437
0.0695610046386719 -0.0548095703125 0.0643272399902344 -0.0454978942871094
0.06756591796875 -0.0499038696289062 0.0412139892578125 -0.0314407348632813
0.0739593505859375 -0.0582199096679688 0.0318527221679688 -0.0105113983154297
0.092987060546875 -0.037628173828125 0.0221614837646484 0.00507164001464844
0.100555419921875 0.0154037475585938 -0.00722026824951171 0.0105905532836914
0.0841064453125 0.0655975341796875 -0.0153570175170898 -0.00603103637695312
0.00811004638671874 0.116119384765625 -0.00640106201171875 -0.0414505004882813
-0.0653915405273438 0.13201904296875 0.0299072265625 -0.0237789154052734
-0.115615844726562 0.107803344726563 0.0172882080078125 0.0221385955810547
-0.14703369140625 0.0568084716796875 0.0272750854492187 0.0931854248046875
-0.105110168457031 0.103340148925781 -0.00517272949218751 0.102043151855469
-0.0456695556640625 0.117843627929688 0.0177764892578125 0.0919570922851563
0.0388565063476563 0.113227844238281 0.0597763061523438 0.0750885009765625
0.0852127075195313 0.060272216796875 0.066619873046875 0.0262641906738281
0.105728149414063 -0.0125503540039063 0.0595054626464844 -0.015228271484375
0.0887985229492188 -0.0541763305664063 0.0395584106445313 -0.0145721435546875
0.082550048828125 -0.0496826171875 0.02020263671875 -0.00102996826171875
0.09130859375 -0.0571823120117188 0.00941467285156251 0.0149087905883789
0.106063842773437 -0.032379150390625 -0.00215911865234374 0.0208244323730469
0.1053466796875 0.0260238647460938 -0.024658203125 0.0168819427490234
0.08074951171875 0.075714111328125 -0.0243053436279297 -0.00293540954589844
-0.00521087646484376 0.116981506347656 -0.0090179443359375 -0.0297222137451172
-0.0824966430664062 0.119903564453125 0.0169363021850586 0.00601673126220704
-0.128364562988281 0.087005615234375 -0.0221748352050781 0.0469779968261719
-0.136497497558594 0.0193405151367188 -0.026275634765625 0.1109619140625
-0.117111206054688 0.0711517333984375 -0.0430908203125 0.121589660644531
-0.0661087036132812 0.102134704589844 -0.000358581542968761 0.0989913940429688
0.0169677734375 0.116073608398438 0.0333480834960938 0.0738449096679688
0.0745086669921875 0.0722579956054688 0.0338554382324219 0.0302772521972656
0.107498168945313 0.0008544921875 0.0260601043701172 0.0038299560546875
0.0929107666015625 -0.0443115234375 0.0100603103637695 0.0146408081054687
0.0843582153320313 -0.0414199829101563 -0.00396537780761718 0.02862548828125
0.0943450927734375 -0.048858642578125 -0.0152587890625 0.0394515991210937
0.105850219726563 -0.0237655639648438 -0.0284194946289062 0.0341968536376953
0.0989456176757813 0.03289794921875 -0.0443344116210937 0.0203895568847656
0.0694427490234375 0.0794448852539063 -0.0343666076660156 -0.00425720214843749
-0.0202560424804687 0.108192443847656 -0.0112209320068359 -0.0225105285644531
-0.0940704345703125 0.0957565307617187 0.00229263305664062 0.0282936096191406
-0.129600524902344 0.0540847778320313 -0.062164306640625 0.0620994567871094
-0.0994033813476562 -0.0220184326171875 -0.0708389282226563 0.1119384765625
-0.100662231445312 0.0226898193359375 -0.0731430053710938 0.12530517578125
-0.0714263916015625 0.05999755859375 -0.0144424438476563 0.0964202880859375
-0.009857177734375 0.0912628173828125 0.0104331970214844 0.0640525817871094
0.0471076965332031 0.0685691833496094 0.00448417663574219 0.0271205902099609
0.0877532958984375 0.014617919921875 -0.00747871398925781 0.0178394317626953
0.0820846557617188 -0.0265121459960938 -0.01934814453125 0.0392532348632813
0.0733184814453125 -0.0272598266601563 -0.0270538330078125 0.0541305541992188
0.0839309692382813 -0.0344924926757813 -0.0387496948242187 0.0608711242675781
0.0924606323242188 -0.012969970703125 -0.0549507141113281 0.0453681945800781
0.0834121704101563 0.03558349609375 -0.064697265625 0.0216178894042969
0.0537338256835938 0.0750198364257813 -0.0464591979980469 -0.00854873657226562
-0.0318145751953125 0.0912017822265625 -0.0157623291015625 -0.0202198028564453
-0.0967254638671875 0.06396484375 -0.0155715942382813 0.0411643981933594
-0.118141174316406 0.0153656005859375 -0.100486755371094 0.0637893676757813
-0.0465469360351562 -0.0603103637695313 -0.0938644409179687 0.100265502929688
-0.065887451171875 -0.028472900390625 -0.0843658447265625 0.116447448730469
-0.0609512329101563 0.0072784423828125 -0.0184555053710938 0.08673095703125
-0.0329055786132813 0.0498580932617188 -0.00294494628906251 0.0498046875
0.0113639831542969 0.051849365234375 -0.0147743225097656 0.0196723937988281
0.0532608032226563 0.0252647399902344 -0.0328578948974609 0.0259819030761719
0.0577812194824219 -0.00490188598632813 -0.0427627563476563 0.0551338195800781
0.0521049499511719 -0.00941848754882813 -0.04638671875 0.07135009765625
0.0611915588378906 -0.0157051086425781 -0.0597915649414062 0.0753173828125
0.0674362182617188 -0.002288818359375 -0.0784454345703125 0.0528488159179687
0.0587310791015625 0.0320854187011719 -0.0832672119140625 0.0204620361328125
0.0343093872070313 0.0606422424316406 -0.0591201782226562 -0.0136947631835937
-0.0365180969238281 0.0658683776855469 -0.0242786407470703 -0.0215282440185547
-0.0859527587890625 0.026947021484375 -0.0363426208496094 0.042022705078125
-0.090972900390625 -0.024658203125 -0.131660461425781 0.0521697998046875
0.0237884521484375 0.0569534301757813 0.130836486816406 -0.0463714599609375
0.0572547912597656 0.00313568115234375 0.0500373840332031 -0.0262069702148438
0.0229816436767578 -0.0342273712158203 0.0294437408447266 0.0250720977783203
-0.00783920288085938 -0.0351333618164063 0.076568603515625 0.0285720825195313
-0.0252304077148438 -0.0216579437255859 0.103317260742188 -0.015167236328125
-0.0380058288574219 -0.00297164916992187 0.0965423583984375 -0.0655059814453125
-0.0280876159667969 -0.00370216369628906 0.0708160400390625 -0.0921859741210937
-0.0233230590820313 -0.00845527648925781 0.0529251098632812 -0.0811920166015625
-0.0309295654296875 -0.0166893005371094 0.0487937927246094 -0.0602264404296875
-0.0107688903808594 -0.035736083984375 0.0465965270996094 -0.0355682373046875
0.0231590270996094 -0.03802490234375 0.0209007263183594 -0.0206451416015625
0.0461692810058594 -0.012176513671875 0.0100059509277344 -0.0366325378417969
0.0492973327636719 0.0387916564941406 0.0310745239257813 -0.080291748046875
0.0288848876953125 0.0747833251953125 0.078704833984375 -0.106048583984375
-0.00396728515625001 0.0830841064453125 0.101219177246094 -0.0750198364257813
-0.0301971435546875 0.0823516845703125 0.133407592773438 -0.017913818359375
0.0244789123535156 0.0494194030761719 0.056427001953125 -0.00443267822265625
0.0181770324707031 0.0127124786376953 0.036865234375 0.0369758605957031
0.0170869827270508 0.000654220581054688 0.086761474609375 0.0386962890625
0.01165771484375 -0.00756931304931641 0.110862731933594 -0.009490966796875
0.00258636474609375 -0.0153608322143555 0.104385375976562 -0.0650405883789063
0.00494575500488281 -0.0275688171386719 0.0776138305664063 -0.0903549194335938
0.00917625427246094 -0.0291938781738281 0.056884765625 -0.0775070190429688
0.00791168212890625 -0.0374755859375 0.0521392822265625 -0.0538597106933594
0.0315818786621094 -0.0403938293457031 0.0485687255859375 -0.0280914306640625
0.0586967468261719 -0.0182228088378906 0.0178165435791016 -0.0116786956787109
0.0660133361816406 0.0224685668945313 0.00403785705566407 -0.0253200531005859
0.0332412719726563 0.0790176391601563 0.0155372619628906 -0.0692977905273438
-0.0112686157226562 0.110801696777344 0.0627517700195313 -0.0867080688476562
-0.0519256591796875 0.107383728027344 0.0849990844726563 -0.0467529296875
-0.08465576171875 0.095123291015625 0.117706298828125 0.0190811157226563
-0.0197372436523437 0.090545654296875 0.0511817932128906 0.0283470153808594
0.00577545166015626 0.063262939453125 0.0388641357421875 0.0545768737792969
0.0396080017089844 0.0433731079101563 0.0898590087890625 0.0518417358398438
0.0499763488769531 0.0120429992675781 0.108818054199219 0.0012664794921875
0.045440673828125 -0.0233955383300781 0.101631164550781 -0.0559844970703125
0.0396080017089844 -0.0477104187011719 0.0752716064453125 -0.0758209228515625
0.0413703918457031 -0.0455055236816406 0.0518989562988281 -0.06134033203125
0.0440826416015625 -0.0543785095214844 0.0445594787597656 -0.0375823974609375
0.0674705505371094 -0.0434150695800781 0.0391159057617188 -0.0152053833007813
0.0868759155273438 -0.00225830078125 0.00768661499023438 -0.00214910507202148
0.0816192626953125 0.0471878051757813 -0.00502490997314453 -0.0159530639648437
0.0225601196289063 0.106201171875 0.00194549560546875 -0.0564193725585937
-0.0401687622070312 0.132682800292969 0.0448455810546875 -0.0592460632324219
-0.0884552001953125 0.118179321289062 0.0565681457519531 -0.0145454406738281
-0.127830505371094 0.090057373046875 0.0815811157226562 0.0585708618164063
-0.0662155151367188 0.11468505859375 0.0300979614257812 0.0663414001464844
-0.0152511596679687 0.106071472167969 0.0328445434570313 0.0747756958007812
0.0514144897460938 0.0851974487304688 0.0811691284179688 0.0648345947265625
0.0792465209960937 0.0356979370117188 0.0931777954101563 0.014007568359375
0.0831222534179688 -0.0252609252929688 0.085723876953125 -0.0385284423828125
0.0687179565429688 -0.0596580505371094 0.0619850158691406 -0.0494270324707031
0.0667572021484375 -0.0553550720214844 0.0388374328613281 -0.0346565246582031
0.0724029541015625 -0.0636749267578125 0.0296630859375 -0.014129638671875
0.0931015014648438 -0.0435867309570313 0.0211811065673828 0.00064277648925781
0.103767395019531 0.0100860595703125 -0.00729084014892578 0.00718307495117188
0.0892562866210938 0.062713623046875 -0.0143146514892578 -0.00876235961914062
0.0128326416015625 0.119705200195313 -0.006439208984375 -0.0427742004394531
-0.0608062744140625 0.138565063476563 0.0304470062255859 -0.0279617309570312
-0.112434387207031 0.114616394042969 0.0204925537109375 0.0175838470458984
-0.147933959960938 0.0653076171875 0.030059814453125 0.0912933349609375
-0.102249145507812 0.110481262207031 -0.00325775146484376 0.100639343261719
-0.04156494140625 0.123786926269531 0.0178451538085938 0.09149169921875
0.0458221435546875 0.114311218261719 0.0609283447265625 0.0736465454101563
0.0907135009765625 0.0569915771484375 0.0667800903320313 0.025360107421875
0.106826782226563 -0.0176544189453125 0.0579719543457031 -0.0171012878417969
0.0876541137695313 -0.0607833862304687 0.0385818481445313 -0.0173492431640625
0.0817642211914063 -0.0562591552734375 0.0193386077880859 -0.0027618408203125
0.0901260375976563 -0.0644149780273438 0.0083608627319336 0.0131425857543945
0.105949401855469 -0.0396957397460938 -0.00239181518554687 0.0183238983154297
0.109580993652344 0.020111083984375 -0.0250968933105469 0.0148792266845703
0.0872955322265625 0.073028564453125 -0.0242443084716797 -0.00530433654785155
0.000183105468750001 0.120628356933594 -0.00909423828125 -0.0317020416259766
-0.07763671875 0.127388000488281 0.0185413360595703 0.00320434570312501
-0.126075744628906 0.09478759765625 -0.0192527770996094 0.0449409484863281
-0.1390380859375 0.0275192260742187 -0.023193359375 0.111396789550781
-0.115959167480469 0.078857421875 -0.0402603149414063 0.121513366699219
-0.0633697509765625 0.108802795410156 -0.000205993652343747 0.0984878540039063
0.0235977172851563 0.117439270019531 0.0340652465820313 0.0736236572265625
0.0802459716796875 0.0694122314453125 0.0333156585693359 0.0311431884765625
0.108863830566406 -0.00527191162109375 0.0244655609130859 0.00389671325683594
0.0918350219726563 -0.050445556640625 0.0102672576904297 0.0143938064575195
0.083526611328125 -0.0479278564453125 -0.00340461730957031 0.0287895202636719
0.0930633544921875 -0.056060791015625 -0.0151901245117187 0.0394020080566406
0.106330871582031 -0.031402587890625 -0.0287570953369141 0.0341320037841797
0.103462219238281 0.0276718139648438 -0.0449409484863281 0.0198860168457031
0.0759658813476563 0.0770111083984375 -0.0348300933837891 -0.00576019287109374
-0.0152969360351563 0.112068176269531 -0.0115833282470703 -0.0243129730224609
-0.0901412963867188 0.103805541992187 0.00413131713867187 0.0261611938476563
-0.128173828125 0.0620346069335937 -0.0592613220214844 0.0619087219238281
-0.102928161621094 -0.0155715942382812 -0.0678787231445313 0.115806579589844
-0.101417541503906 0.0298233032226562 -0.069580078125 0.127326965332031
-0.0698471069335937 0.0667037963867188 -0.0137786865234375 0.0963134765625
-0.0036468505859375 0.0939407348632813 0.0105056762695313 0.0645790100097656
0.0528831481933594 0.066070556640625 0.00369453430175781 0.0286445617675781
0.0896072387695312 0.008941650390625 -0.00816535949707031 0.0203304290771484
0.081085205078125 -0.0318527221679688 -0.0171661376953125 0.0410041809082031
0.0729446411132813 -0.0333328247070313 -0.0252265930175781 0.0558204650878906
0.08233642578125 -0.040924072265625 -0.0376205444335937 0.0624313354492188
0.0928802490234375 -0.0200729370117187 -0.0551071166992187 0.0473251342773438
0.0869522094726563 0.0308990478515625 -0.0660896301269531 0.0231857299804688
0.0593414306640625 0.072662353515625 -0.0478363037109375 -0.00885009765624999
-0.0276870727539063 0.0947952270507813 -0.0165386199951172 -0.0218658447265625
-0.09429931640625 0.0708770751953125 -0.0130729675292969 0.040191650390625
-0.117576599121094 0.022674560546875 -0.0980072021484375 0.0657882690429687
-0.0504074096679687 -0.05706787109375 -0.092376708984375 0.105110168457031
-0.0679817199707031 -0.02398681640625 -0.0816421508789063 0.119400024414063
-0.0618362426757812 0.0123558044433594 -0.0178985595703125 0.0864715576171875
-0.0289726257324219 0.0527229309082031 -0.00383377075195313 0.0510063171386719
0.0157699584960938 0.0508918762207031 -0.0158748626708984 0.0228481292724609
0.0546035766601563 0.0207328796386719 -0.0326881408691406 0.0298709869384766
0.057037353515625 -0.00935745239257813 -0.0396270751953125 0.0590286254882813
0.0516700744628906 -0.0134468078613281 -0.0427474975585938 0.0745925903320312
0.0602264404296875 -0.0197067260742187 -0.0575408935546875 0.0791702270507813
0.0672111511230469 -0.00745773315429688 -0.0786514282226563 0.056396484375
0.0615234375 0.0285072326660156 -0.08428955078125 0.0232467651367188
0.0380287170410156 0.0584487915039063 -0.0611305236816406 -0.0131721496582031
-0.0331840515136719 0.0681076049804688 -0.0246562957763672 -0.0227603912353516
-0.0848312377929688 0.0332183837890625 -0.0335922241210938 0.0427017211914063
-0.0912551879882813 -0.0189743041992187 -0.130424499511719 0.0561752319335938
0.0255355834960938 0.0572280883789063 0.134010314941406 -0.05078125
0.0569343566894531 0.00135040283203125 0.0491409301757813 -0.0284309387207031
0.0225772857666016 -0.0347766876220703 0.0300045013427734 0.0262947082519531
-0.00966262817382813 -0.0352935791015625 0.0806427001953125 0.0285797119140625
-0.0261440277099609 -0.0210342407226562 0.108070373535156 -0.0194244384765625
-0.03826904296875 -0.000659942626953128 0.0990676879882813 -0.0726089477539063
-0.0283699035644531 -0.00237464904785156 0.0700531005859375 -0.0992584228515625
-0.0236797332763672 -0.00795936584472656 0.0515289306640625 -0.087005615234375
-0.0310478210449219 -0.0152454376220703 0.048095703125 -0.0656585693359375
-0.0125579833984375 -0.0354423522949219 0.0471763610839844 -0.0420951843261719
0.0213775634765625 -0.0394020080566406 0.0231952667236328 -0.0249519348144531
0.0461387634277344 -0.0139732360839844 0.0125503540039062 -0.0394821166992188
0.0512008666992188 0.0375099182128906 0.032745361328125 -0.0832061767578125
0.0318069458007812 0.0747528076171875 0.0804290771484375 -0.112052917480469
-0.00194549560546874 0.0849533081054688 0.105720520019531 -0.0828094482421875
-0.0300674438476563 0.08660888671875 0.137710571289063 -0.0217971801757812
0.0249290466308594 0.0513801574707031 0.0562896728515625 -0.00670623779296875
0.0189189910888672 0.0149440765380859 0.0372200012207031 0.0386848449707031
0.0181026458740234 0.0013275146484375 0.0906524658203125 0.0393142700195313
0.0128669738769531 -0.00778102874755859 0.115180969238281 -0.0121078491210937
0.00337886810302735 -0.0154018402099609 0.106437683105469 -0.07135009765625
0.0058441162109375 -0.0292320251464844 0.0770339965820313 -0.0973663330078125
0.00927925109863281 -0.031494140625 0.054840087890625 -0.083831787109375
0.00778579711914062 -0.0389823913574219 0.050537109375 -0.0597724914550781
0.0319175720214844 -0.041900634765625 0.0491104125976563 -0.0346183776855469
0.0597343444824219 -0.0203514099121094 0.0196571350097656 -0.0160369873046875
0.0687522888183594 0.0216712951660156 0.00594329833984375 -0.0284385681152344
0.0363693237304687 0.0810775756835937 0.0170440673828125 -0.0720291137695313
-0.00905609130859375 0.114387512207031 0.0641632080078125 -0.0922622680664062
-0.0509262084960938 0.111640930175781 0.0895843505859375 -0.0540008544921875
-0.0867767333984375 0.102287292480469 0.121734619140625 0.0160140991210938
-0.0195083618164062 0.095672607421875 0.0509147644042969 0.0263214111328125
0.00755691528320312 0.0685806274414063 0.0392684936523438 0.0567817687988281
0.0434989929199219 0.0453147888183594 0.0934600830078125 0.0517120361328125
0.0533027648925781 0.0116539001464844 0.112457275390625 -0.000946044921874999
0.0476760864257813 -0.0255813598632813 0.103141784667969 -0.0605697631835938
0.0401802062988281 -0.0520896911621094 0.0743942260742188 -0.0819549560546875
0.0421943664550781 -0.0500564575195313 0.050689697265625 -0.0665969848632813
0.044921875 -0.0583992004394531 0.0432357788085937 -0.0424919128417969
0.06927490234375 -0.0477752685546875 0.039215087890625 -0.0208587646484375
0.0902633666992188 -0.00513458251953125 0.00856876373291016 -0.00587177276611328
0.0870590209960938 0.046539306640625 -0.00357437133789062 -0.0191612243652344
0.0266189575195312 0.110855102539063 0.00307464599609375 -0.0592155456542969
-0.0379104614257813 0.139572143554688 0.0458717346191406 -0.0641441345214844
-0.0888671875 0.125518798828125 0.0599632263183594 -0.0207290649414062
-0.13116455078125 0.09906005859375 0.0850677490234375 0.0575180053710938
-0.0664215087890625 0.122283935546875 0.0305709838867187 0.065887451171875
-0.0130538940429688 0.114128112792969 0.0331573486328125 0.0765914916992188
0.0573959350585938 0.0881195068359375 0.0841293334960937 0.065765380859375
0.0852203369140625 0.0344161987304688 0.0967025756835938 0.0130538940429688
0.0871200561523438 -0.029052734375 0.0862808227539063 -0.0414962768554688
0.0698165893554688 -0.0656661987304688 0.0613441467285156 -0.0540580749511719
0.0677299499511719 -0.0613594055175781 0.037353515625 -0.0383262634277344
0.0736618041992188 -0.0701675415039063 0.0282497406005859 -0.0171546936035156
0.0954971313476562 -0.0498580932617187 0.0207195281982422 -0.00374984741210938
0.109901428222656 0.00608062744140625 -0.00682497024536132 0.00445461273193359
0.0963973999023437 0.0625457763671875 -0.0139741897583008 -0.0115022659301758
0.0177459716796875 0.125564575195313 -0.00614547729492187 -0.0451812744140625
-0.058441162109375 0.147720336914062 0.0316925048828125 -0.0318698883056641
-0.114227294921875 0.122673034667969 0.023834228515625 0.0135993957519531
-0.153793334960937 0.075103759765625 0.0327911376953125 0.0929183959960938
-0.103569030761719 0.120086669921875 -0.00254821777343751 0.101425170898438
-0.0399398803710938 0.133796691894531 0.0174560546875 0.0938186645507813
0.0529098510742188 0.118362426757813 0.0630035400390625 0.0752716064453125
0.098388671875 0.0561599731445313 0.0683975219726563 0.0261268615722656
0.110855102539063 -0.0228042602539063 0.0581741333007813 -0.0175590515136719
0.0894622802734375 -0.067596435546875 0.0387916564941406 -0.0195960998535156
0.0834121704101563 -0.0631942749023438 0.0185794830322266 -0.0044708251953125
0.0911178588867188 -0.0724334716796875 0.00715351104736329 0.012364387512207
0.109443664550781 -0.0471649169921875 -0.00330352783203124 0.0160741806030273
0.116134643554688 0.0157852172851563 -0.0267372131347656 0.013641357421875
0.0949554443359375 0.0726318359375 -0.0247478485107422 -0.00745582580566406
0.004425048828125 0.127723693847656 -0.00966835021972657 -0.0336246490478516
-0.0758590698242187 0.137641906738281 0.0198040008544922 0.000474929809570321
-0.128334045410156 0.103370666503906 -0.0176048278808594 0.043243408203125
-0.144866943359375 0.0356903076171875 -0.0221939086914063 0.115554809570313
-0.118240356445312 0.0873870849609375 -0.039703369140625 0.124893188476563
-0.0628662109375 0.118461608886719 -8.39233398437475E-05 0.101173400878906
0.0300369262695312 0.122047424316406 0.0352554321289063 0.0751266479492188
0.0876388549804688 0.0690078735351563 0.0336856842041016 0.0331668853759766
0.112602233886719 -0.0099945068359375 0.024200439453125 0.00554656982421875
0.0938186645507812 -0.05718994140625 0.0112829208374023 0.0150375366210937
0.085174560546875 -0.0551071166992188 -0.00282669067382812 0.0291690826416016
0.0943603515625 -0.0638961791992188 -0.0164604187011719 0.0410804748535156
0.109375 -0.0385284423828125 -0.030548095703125 0.0351905822753906
0.109603881835938 0.0237960815429688 -0.0479278564453125 0.0205230712890625
0.0831222534179688 0.0768203735351562 -0.0368766784667969 -0.00720596313476561
-0.0113143920898438 0.118949890136719 -0.0124835968017578 -0.0264739990234375
-0.089202880859375 0.113525390625 0.00610351562499999 0.0250301361083984
-0.130897521972656 0.070068359375 -0.0592269897460938 0.0627403259277344
-0.10870361328125 -0.0107574462890625 -0.0691146850585937 0.121162414550781
-0.104690551757813 0.0360260009765625 -0.0697555541992187 0.131576538085938
-0.0711441040039063 0.0744094848632813 -0.0145797729492188 0.0988998413085937
0.00098419189453126 0.0986328125 0.0104217529296875 0.0669975280761719
0.0586166381835938 0.0663833618164063 0.00287628173828125 0.0321865081787109
0.093414306640625 0.00458526611328125 -0.00884056091308593 0.0234031677246094
0.082122802734375 -0.0377655029296875 -0.0162887573242188 0.0444374084472656
0.074676513671875 -0.0389556884765625 -0.0239982604980469 0.0587539672851562
0.0838775634765625 -0.0468902587890625 -0.0384864807128906 0.0659446716308594
0.0951995849609375 -0.0264892578125 -0.0572319030761719 0.0500221252441406
0.0924530029296875 0.0274124145507813 -0.0691757202148438 0.0241928100585938
0.0649795532226563 0.0727920532226563 -0.0504570007324219 -0.0094451904296875
-0.0249176025390625 0.100044250488281 -0.0176143646240234 -0.0234546661376953
-0.0941543579101563 0.0792312622070313 -0.0116233825683594 0.0403327941894531
-0.120262145996094 0.0283355712890625 -0.0999526977539063 0.0688018798828125
-0.0546951293945313 -0.0555648803710938 -0.0945281982421875 0.112236022949219
-0.0713653564453125 -0.0207443237304687 -0.082855224609375 0.124717712402344
-0.0631179809570313 0.0170822143554687 -0.0185775756835938 0.0897216796875
-0.0262336730957031 0.0559196472167969 -0.00496292114257813 0.0538787841796875
0.0200347900390625 0.051300048828125 -0.0176353454589844 0.0264511108398438
0.0576057434082031 0.0179176330566406 -0.0332736968994141 0.0343647003173828
0.0579299926757813 -0.0130767822265625 -0.0380821228027344 0.0638084411621094
0.0525627136230469 -0.0177536010742188 -0.0409927368164062 0.0792236328125
0.0610847473144531 -0.024627685546875 -0.0576324462890625 0.0845565795898437
0.0691680908203125 -0.0121574401855469 -0.08056640625 0.0607757568359375
0.0652351379394531 0.0258827209472656 -0.0884017944335938 0.02606201171875
0.0421905517578125 0.0583419799804687 -0.0639801025390625 -0.0136795043945312
-0.0321044921875 0.0715255737304688 -0.0258731842041016 -0.0242557525634766
-0.0851058959960938 0.0381393432617187 -0.0317764282226563 0.0442886352539062
-0.0936965942382813 -0.0155563354492188 -0.133773803710938 0.060333251953125
0.0288810729980469 0.0587882995605469 0.140869140625 -0.0587615966796875
0.0590896606445313 -0.000621795654296875 0.04913330078125 -0.03125
0.0220527648925781 -0.0368461608886719 0.0318145751953125 0.0285320281982422
-0.0115547180175781 -0.0360107421875 0.0867233276367188 0.02838134765625
-0.0293769836425781 -0.0201835632324219 0.113983154296875 -0.025421142578125
-0.0395278930664063 0.00235366821289063 0.102973937988281 -0.083526611328125
-0.0293827056884766 -0.00068855285644531 0.0694122314453125 -0.109626770019531
-0.0250110626220703 -0.00742912292480468 0.0497512817382812 -0.096221923828125
-0.0326404571533203 -0.0137004852294922 0.0469436645507812 -0.0739593505859375
-0.0145397186279297 -0.0350608825683594 0.0475273132324219 -0.0503044128417969
0.0194320678710937 -0.0419425964355469 0.0250968933105469 -0.0304241180419922
0.0475921630859375 -0.0170211791992188 0.0146560668945313 -0.0438003540039063
0.05609130859375 0.0365676879882813 0.0338592529296875 -0.0890045166015625
0.0364532470703125 0.076812744140625 0.0823974609375 -0.122657775878906
0.00174713134765626 0.0886611938476563 0.111305236816406 -0.095062255859375
-0.0293426513671875 0.094024658203125 0.145614624023437 -0.0287322998046875
0.0269393920898438 0.0546112060546875 0.0570869445800781 -0.00944519042968749
0.0204982757568359 0.0171318054199219 0.039459228515625 0.0410194396972656
0.0201702117919922 0.00149154663085938 0.0977249145507813 0.0388717651367188
0.0139694213867188 -0.00813388824462891 0.121551513671875 -0.0179290771484375
0.00473403930664063 -0.0156402587890625 0.11016845703125 -0.0816802978515625
0.00527191162109375 -0.0313301086425781 0.0766372680664063 -0.108306884765625
0.00898933410644531 -0.0342559814453125 0.0529861450195312 -0.0924072265625
0.007568359375 -0.0416908264160156 0.0490646362304688 -0.06768798828125
0.0323257446289063 -0.0455780029296875 0.0491981506347656 -0.0427474975585938
0.0621604919433594 -0.0238113403320313 0.0211658477783203 -0.0216579437255859
0.0735931396484375 0.0201568603515625 0.00813102722167969 -0.032928466796875
0.04193115234375 0.0847625732421875 0.0179061889648438 -0.077423095703125
-0.00460815429687501 0.121620178222656 0.0652999877929688 -0.101158142089844
-0.0499725341796875 0.120071411132813 0.0955810546875 -0.0647125244140625
-0.0889739990234375 0.113937377929687 0.129463195800781 0.0116958618164063
-0.01776123046875 0.103958129882813 0.0529594421386719 0.0251045227050781
0.0112686157226562 0.0757980346679688 0.0417556762695313 0.0596084594726563
0.0490837097167969 0.0470619201660156 0.0999832153320313 0.0521316528320313
0.0583000183105469 0.00978469848632812 0.119194030761719 -0.00533294677734375
0.0508232116699219 -0.0292701721191406 0.106338500976563 -0.0688018798828125
0.04052734375 -0.0578765869140625 0.0741348266601563 -0.0910873413085938
0.0424461364746094 -0.0567550659179688 0.0486221313476563 -0.07440185546875
0.0455169677734375 -0.0652389526367188 0.0418128967285156 -0.0488357543945313
0.0713119506835938 -0.0543746948242188 0.0392265319824219 -0.0276527404785156
0.0962600708007812 -0.00980377197265625 0.00908184051513672 -0.0105628967285156
0.0950775146484375 0.04571533203125 -0.00279045104980468 -0.0229206085205078
0.03350830078125 0.117774963378906 0.00258255004882813 -0.0637283325195313
-0.0336456298828125 0.1512451171875 0.0469741821289062 -0.0716781616210937
-0.0896453857421875 0.137062072753906 0.0655288696289063 -0.0285797119140625
-0.136581420898438 0.113662719726562 0.0917434692382812 0.0570907592773438
-0.065521240234375 0.134262084960938 0.0330123901367187 0.0666694641113281
-0.00837707519531251 0.125198364257813 0.0355987548828125 0.080902099609375
0.0668869018554688 0.0919647216796875 0.0905609130859375 0.0671005249023438
0.0940780639648438 0.0323104858398438 0.102455139160156 0.0113143920898438
0.0917816162109375 -0.035369873046875 0.089080810546875 -0.046295166015625
0.0714263916015625 -0.0749359130859375 0.0619468688964844 -0.0608673095703125
0.0689315795898437 -0.0708694458007812 0.0368270874023438 -0.0438308715820313
0.0754852294921875 -0.079986572265625 0.0268898010253906 -0.0211410522460938
0.0994033813476563 -0.0593338012695312 0.0201930999755859 -0.00775146484375
0.118186950683594 0.0001220703125 -0.00808286666870116 0.00146961212158203
0.106986999511719 0.0620651245117187 -0.0144376754760742 -0.0142745971679687
0.0258331298828125 0.135238647460938 -0.00712966918945313 -0.0489044189453125
-0.054931640625 0.161911010742188 0.0330734252929688 -0.0369606018066406
-0.116462707519531 0.136421203613281 0.0276336669921875 0.00926780700683595
-0.161178588867188 0.089752197265625 0.0377120971679688 0.0966110229492187
-0.104743957519531 0.134048461914062 -0.00100708007812501 0.105171203613281
-0.03631591796875 0.147293090820313 0.0195770263671875 0.0990219116210938
0.0629119873046875 0.123908996582031 0.0680313110351563 0.0778427124023438
0.109573364257813 0.0545501708984375 0.0724716186523437 0.026519775390625
0.117416381835937 -0.0303497314453125 0.059844970703125 -0.0192070007324219
0.0911712646484375 -0.078094482421875 0.0399742126464844 -0.0230255126953125
0.0844879150390625 -0.0737228393554688 0.0192127227783203 -0.00644874572753907
0.0933914184570312 -0.0835189819335938 0.00572395324707032 0.0117712020874023
0.113876342773437 -0.0579833984375 -0.00442886352539062 0.0156259536743164
0.125877380371094 0.009552001953125 -0.0286350250244141 0.0134048461914063
0.106224060058594 0.0723495483398438 -0.0268096923828125 -0.00956344604492187
0.012176513671875 0.138153076171875 -0.0112266540527344 -0.0370025634765625
-0.073333740234375 0.152679443359375 0.0218048095703125 -0.00292968749999999
-0.132110595703125 0.116950988769531 -0.0153770446777344 0.0434341430664063
-0.1534423828125 0.047210693359375 -0.0203018188476563 0.123390197753906
-0.121726989746094 0.100326538085937 -0.039642333984375 0.131988525390625
-0.0610275268554687 0.132575988769531 0.000862121582031235 0.106712341308594
0.0400161743164062 0.129539489746094 0.0380477905273438 0.0789794921875
0.0985870361328125 0.06829833984375 0.0358390808105469 0.0356521606445313
0.120208740234375 -0.017547607421875 0.0249385833740234 0.00751495361328125
0.09625244140625 -0.0680007934570313 0.0124740600585938 0.0156412124633789
0.0874176025390625 -0.0652618408203125 -0.00165557861328125 0.030914306640625
0.096893310546875 -0.0748519897460938 -0.0168113708496094 0.0442466735839844
0.114288330078125 -0.0490264892578125 -0.0318031311035156 0.0371589660644531
0.119522094726563 0.0179977416992188 -0.0510597229003906 0.0223503112792969
0.0944747924804688 0.0772552490234375 -0.0402336120605469 -0.00789260864257813
-0.00544738769531249 0.129234313964844 -0.0144214630126953 -0.0287761688232422
-0.0883102416992188 0.127609252929688 0.00814437866210937 0.024078369140625
-0.135513305664063 0.0820846557617187 -0.0591468811035156 0.0665283203125
-0.11651611328125 -0.00383758544921876 -0.06982421875 0.132255554199219
-0.109161376953125 0.0448379516601562 -0.07073974609375 0.140762329101563
-0.0720672607421875 0.0852737426757812 -0.0138015747070313 0.104660034179688
0.00735473632812499 0.105857849121094 0.01171875 0.070831298828125
0.0673599243164063 0.0673484802246094 0.00320816040039063 0.0363540649414063
0.0998764038085938 -0.00141143798828125 -0.00921630859374999 0.0282764434814453
0.0848922729492187 -0.0460128784179687 -0.01422119140625 0.048492431640625
0.076690673828125 -0.0472259521484375 -0.0217552185058594 0.0631599426269531
0.086273193359375 -0.0566177368164063 -0.0386505126953125 0.0722808837890625
0.100090026855469 -0.0348663330078125 -0.0593605041503906 0.0557670593261719
0.101165771484375 0.0228729248046875 -0.0741195678710937 0.0289077758789063
0.0740203857421875 0.07318115234375 -0.05450439453125 -0.00971221923828125
-0.0208358764648438 0.109230041503906 -0.0200576782226563 -0.0257015228271484
-0.0948715209960938 0.0905075073242187 -0.00954055786132813 0.0418128967285156
-0.125358581542969 0.0372467041015625 -0.103126525878906 0.0752182006835938
-0.0613021850585937 -0.0544166564941406 -0.0980300903320313 0.124588012695313
-0.0763931274414063 -0.0169448852539062 -0.08428955078125 0.134895324707031
-0.0665283203125 0.0227394104003906 -0.01849365234375 0.0946731567382813
-0.02398681640625 0.06146240234375 -0.00535202026367188 0.0584373474121094
0.0251502990722656 0.052581787109375 -0.0189285278320312 0.0321083068847656
0.0621719360351563 0.0146217346191406 -0.0344009399414063 0.0408096313476562
0.059967041015625 -0.0185012817382813 -0.0357589721679687 0.0706253051757813
0.0543289184570312 -0.022705078125 -0.0384521484375 0.0867691040039063
0.0629081726074219 -0.0308036804199219 -0.0574493408203125 0.0930328369140625
0.0722503662109375 -0.0174713134765625 -0.0839080810546875 0.068634033203125
0.0712127685546875 0.0233383178710938 -0.0940322875976562 0.0313339233398438
0.0483512878417969 0.0591926574707031 -0.0694236755371094 -0.0130691528320312
-0.0301132202148438 0.0778121948242188 -0.0283927917480469 -0.0262374877929688
-0.0873184204101563 0.045806884765625 -0.0304946899414063 0.0470695495605469
-0.0980758666992187 -0.0109024047851563 -0.139732360839844 0.0685958862304688
0.0341148376464844 0.0603370666503906 0.146987915039063 -0.071990966796875
0.0612983703613281 -0.00377273559570312 0.0487632751464844 -0.0359115600585938
0.0205879211425781 -0.0404090881347656 0.035186767578125 0.0293922424316406
-0.0144424438476563 -0.0363731384277344 0.0945205688476562 0.0255279541015625
-0.0328426361083984 -0.0177707672119141 0.119255065917969 -0.035980224609375
-0.0403366088867188 0.00646591186523438 0.103065490722656 -0.098541259765625
-0.0307292938232422 0.00247192382812501 0.0651016235351563 -0.123291015625
-0.0269756317138672 -0.00588607788085937 0.04351806640625 -0.106781005859375
-0.0345478057861328 -0.0112533569335938 0.0425872802734375 -0.0840072631835938
-0.0180778503417969 -0.0350170135498047 0.0452919006347656 -0.0600776672363281
0.0167083740234375 -0.0454444885253906 0.0255470275878906 -0.0372657775878906
0.0485191345214844 -0.021392822265625 0.0152549743652344 -0.049835205078125
0.0617942810058594 0.0343246459960938 0.0322418212890625 -0.0973739624023438
0.0436019897460938 0.077911376953125 0.0800018310546875 -0.136627197265625
0.00766754150390625 0.0923690795898438 0.114395141601562 -0.112556457519531
-0.0257797241210938 0.102485656738281 0.153182983398438 -0.04046630859375
0.03143310546875 0.0574493408203125 0.0579757690429688 -0.0135231018066406
0.0237178802490234 0.0185356140136719 0.0437164306640625 0.0422096252441406
0.0227279663085938 0.00156211853027344 0.106491088867188 0.0354690551757813
0.0147304534912109 -0.00895214080810547 0.12799072265625 -0.02813720703125
0.00467014312744141 -0.0167016983032227 0.111068725585938 -0.095855712890625
0.00337791442871093 -0.0344390869140625 0.0719680786132813 -0.121932983398438
0.00690841674804688 -0.0377464294433594 0.0474090576171875 -0.103347778320312
0.00603485107421875 -0.0452919006347656 0.0448074340820312 -0.0776824951171875
0.0309829711914063 -0.0509529113769531 0.0475044250488281 -0.0530166625976563
0.0639495849609375 -0.0296249389648438 0.0215606689453125 -0.0282440185546875
0.0796890258789063 0.0161361694335938 0.00837326049804688 -0.0380439758300781
0.0507965087890625 0.0877532958984375 0.0158309936523438 -0.0838394165039062
0.00357818603515626 0.129920959472656 0.0633468627929688 -0.11328125
-0.04547119140625 0.130966186523437 0.0989532470703125 -0.0797653198242187
-0.0874252319335937 0.12957763671875 0.13824462890625 0.00373077392578126
-0.0120315551757812 0.114105224609375 0.0553359985351563 0.0226020812988281
0.0183258056640625 0.083251953125 0.0462570190429688 0.0617027282714844
0.0575447082519531 0.0472679138183594 0.109481811523438 0.0498123168945313
0.0642242431640625 0.00571441650390625 0.125404357910156 -0.0140151977539062
0.0528335571289063 -0.0354843139648438 0.107879638671875 -0.0806198120117188
0.03887939453125 -0.0664100646972656 0.0705795288085938 -0.103721618652344
0.0403022766113281 -0.0655021667480469 0.044036865234375 -0.0835113525390625
0.0437469482421875 -0.0740280151367188 0.0380134582519531 -0.0568199157714844
0.0718765258789063 -0.0638504028320313 0.0375823974609375 -0.03662109375
0.102592468261719 -0.0185394287109375 0.0087118148803711 -0.0156440734863281
0.105255126953125 0.0413284301757812 -0.00349617004394531 -0.0271339416503906
0.0450973510742187 0.124481201171875 0.000106811523437505 -0.068603515625
-0.024566650390625 0.16497802734375 0.045684814453125 -0.0812454223632812
-0.0862579345703125 0.1529541015625 0.0696029663085938 -0.038818359375
-0.137680053710937 0.132987976074219 0.100936889648437 0.0541915893554688
-0.0600738525390625 0.150039672851563 0.0369110107421875 0.0675811767578125
0.001434326171875 0.137710571289063 0.0407562255859375 0.0844192504882813
0.0796127319335938 0.0939254760742188 0.0994110107421875 0.06634521484375
0.104270935058594 0.0266036987304688 0.108749389648438 0.0055999755859375
0.0951919555664063 -0.0452499389648438 0.0909194946289063 -0.0548324584960937
0.0692977905273438 -0.0869827270507813 0.0599479675292969 -0.0699653625488281
0.0668411254882813 -0.0828323364257813 0.03399658203125 -0.0506401062011719
0.0733184814453125 -0.09295654296875 0.0244064331054688 -0.0257492065429688
0.101249694824219 -0.0726776123046875 0.0191535949707031 -0.0128917694091797
0.126792907714844 -0.0101165771484375 -0.00936508178710937 -0.000797271728515624
0.120338439941406 0.0574264526367187 -0.0159950256347656 -0.0169916152954101
0.0386505126953125 0.143997192382813 -0.00975418090820312 -0.052764892578125
-0.0460357666015625 0.178543090820313 0.0329132080078125 -0.0435218811035156
-0.1143798828125 0.155197143554688 0.0315628051757812 0.00448989868164063
-0.165725708007813 0.110382080078125 0.0455093383789062 0.100479125976562
-0.101470947265625 0.152999877929688 0.00400543212890625 0.110748291015625
-0.0270233154296875 0.163619995117188 0.0252761840820312 0.103797912597656
0.0787582397460938 0.1287841796875 0.0754241943359375 0.0789260864257813
0.122512817382812 0.0485458374023437 0.0782241821289063 0.0246658325195313
0.123313903808594 -0.0425796508789063 0.0620880126953125 -0.0223045349121094
0.0902938842773438 -0.0922088623046875 0.0399856567382813 -0.0274238586425781
0.08331298828125 -0.0878372192382813 0.0183849334716797 -0.00974082946777344
0.0918502807617188 -0.0984344482421875 0.00573158264160157 0.0117425918579102
0.116508483886719 -0.0728607177734375 -0.00522613525390624 0.0149126052856445
0.136802673339844 -0.00147247314453125 -0.0309619903564453 0.0142440795898437
0.120895385742188 0.0683975219726563 -0.02960205078125 -0.0106010437011719
0.02496337890625 0.148300170898438 -0.0143775939941406 -0.0401687622070313
-0.065643310546875 0.1707763671875 0.0231761932373047 -0.00606727600097655
-0.131446838378906 0.136405944824219 -0.0121841430664063 0.0436935424804688
-0.16058349609375 0.064605712890625 -0.014678955078125 0.133277893066406
-0.121513366699219 0.11749267578125 -0.03436279296875 0.141494750976563
-0.0542449951171875 0.1490478515625 0.005767822265625 0.113273620605469
0.0536422729492188 0.135818481445313 0.043731689453125 0.0817642211914063
0.112091064453125 0.0638046264648437 0.03973388671875 0.0377960205078125
0.127372741699219 -0.0294952392578125 0.0271682739257813 0.00933837890625
0.0962677001953125 -0.0817413330078125 0.0149307250976563 0.015803337097168
0.0869140625 -0.0787506103515625 0.000278472900390628 0.0320072174072266
0.0965652465820313 -0.0899429321289063 -0.0157318115234375 0.0483894348144531
0.116897583007812 -0.06341552734375 -0.0326309204101563 0.0407905578613281
0.130165100097656 0.00814056396484375 -0.0544509887695312 0.0262069702148438
0.108360290527344 0.0739517211914063 -0.044189453125 -0.00724029541015625
0.00531768798828125 0.140434265136719 -0.0176200866699219 -0.0308399200439453
-0.083251953125 0.144882202148438 0.0109539031982422 0.0232009887695313
-0.137359619140625 0.0997238159179687 -0.058013916015625 0.0720901489257813
-0.125175476074219 0.00736999511718752 -0.0667877197265625 0.146469116210938
-0.113227844238281 0.057861328125 -0.06732177734375 0.153244018554688
-0.0699081420898438 0.0998687744140625 -0.0097808837890625 0.111167907714844
0.0177230834960938 0.112678527832031 0.0146865844726563 0.0753021240234375
0.0788726806640625 0.0647964477539063 0.00502777099609375 0.0411186218261719
0.105728149414063 -0.0104827880859375 -0.00702095031738281 0.0339717864990234
0.0858612060546875 -0.0575103759765625 -0.0110130310058594 0.0529861450195313
0.0769119262695313 -0.058197021484375 -0.0182075500488281 0.0689239501953125
0.0865859985351563 -0.0689620971679688 -0.0360336303710937 0.0811920166015625
0.102874755859375 -0.0470352172851563 -0.0603752136230469 0.0636367797851563
0.110404968261719 0.0153274536132813 -0.07830810546875 0.0355682373046875
0.0860137939453125 0.0711517333984375 -0.060150146484375 -0.00742340087890625
-0.012725830078125 0.119346618652344 -0.0232601165771484 -0.0272846221923828
-0.092620849609375 0.105354309082031 -0.00634765625000001 0.0436363220214844
-0.129409790039063 0.0506439208984375 -0.104415893554688 0.0862274169921875
-0.0699005126953125 -0.0517044067382813 -0.097869873046875 0.140762329101563
-0.0825576782226563 -0.0109024047851562 -0.0819854736328125 0.148956298828125
-0.0690231323242187 0.0318984985351562 -0.0156173706054687 0.101295471191406
-0.0186805725097656 0.0680313110351563 -0.00394821166992188 0.06329345703125
0.0323905944824219 0.0528678894042969 -0.0180931091308594 0.0381317138671875
0.0670051574707031 0.00934982299804688 -0.0322608947753906 0.049346923828125
0.0618438720703125 -0.0252456665039062 -0.0310440063476563 0.0782241821289063
0.0554962158203125 -0.0297470092773438 -0.03277587890625 0.0950241088867188
0.0642547607421875 -0.0394020080566406 -0.0540008544921875 0.104179382324219
0.0746307373046875 -0.0257339477539062 -0.08489990234375 0.0802230834960937
0.077728271484375 0.0177001953125 -0.0991668701171875 0.040435791015625
0.0564994812011719 0.0584220886230469 -0.0760269165039063 -0.00977325439453124
-0.0254974365234375 0.0854034423828125 -0.0322475433349609 -0.0274105072021484
-0.0874099731445312 0.0557937622070313 -0.02801513671875 0.0508499145507813
-0.103286743164063 -0.00360870361328124 -0.143951416015625 0.082427978515625
0.0401611328125 0.0595855712890625 0.1475830078125 -0.0876922607421875
0.0624961853027344 -0.00857162475585938 0.0463066101074219 -0.0407485961914063
0.0180397033691406 -0.0425262451171875 0.0382919311523438 0.028961181640625
-0.0182151794433594 -0.0359039306640625 0.101081848144531 0.0196914672851562
-0.0359306335449219 -0.0144004821777344 0.120529174804688 -0.048126220703125
-0.0401420593261719 0.01123046875 0.0972671508789063 -0.112907409667969
-0.0311775207519531 0.005462646484375 0.0545883178710937 -0.135429382324219
-0.0284538269042969 -0.00329208374023438 0.0335159301757813 -0.115753173828125
-0.035858154296875 -0.00783538818359374 0.0342636108398437 -0.0931472778320312
-0.0218143463134766 -0.0334148406982422 0.0394210815429688 -0.0703125
0.0116043090820312 -0.0473251342773437 0.0237922668457031 -0.0448532104492187
0.0475349426269531 -0.0268745422363281 0.0139503479003906 -0.0553169250488281
0.0672798156738281 0.0293998718261719 0.026947021484375 -0.103446960449219
0.0522308349609375 0.0766143798828125 0.072296142578125 -0.1492919921875
0.016357421875 0.0947265625 0.110130310058594 -0.131065368652344
-0.018096923828125 0.110069274902344 0.156661987304688 -0.055267333984375
0.037445068359375 0.0586662292480469 0.0568809509277344 -0.018463134765625
0.0275745391845703 0.0192527770996094 0.0475120544433594 0.0416755676269531
0.0243988037109375 -0.000225067138671875 0.113433837890625 0.0291213989257813
0.0150146484375 -0.0106067657470703 0.130424499511719 -0.0406112670898438
0.00454902648925781 -0.0174713134765625 0.105697631835938 -0.110855102539063
-3.4332275390622E-05 -0.0365829467773438 0.06158447265625 -0.13458251953125
0.00327301025390625 -0.0410270690917969 0.0368804931640625 -0.112831115722656
0.00235748291015625 -0.0480270385742188 0.0369491577148437 -0.0865631103515625
0.0274314880371094 -0.055511474609375 0.0420646667480469 -0.0631790161132813
0.0635528564453125 -0.0368576049804688 0.0198726654052734 -0.03485107421875
0.0845184326171875 0.009552001953125 0.00754165649414063 -0.042999267578125
0.0615234375 0.0869598388671875 0.0105056762695312 -0.0890655517578125
0.0157546997070313 0.135543823242188 0.0567169189453125 -0.124588012695313
-0.0354843139648438 0.1402587890625 0.0978775024414063 -0.0960617065429688
-0.07928466796875 0.144699096679688 0.14453125 -0.00846862792968749
-0.00183105468750001 0.121650695800781 0.0567169189453125 0.01824951171875
0.0279083251953125 0.0871658325195313 0.0518684387207031 0.061248779296875
0.0654945373535156 0.0446739196777344 0.117042541503906 0.0439453125
0.0686569213867188 -0.00043487548828125 0.129196166992188 -0.0248641967773438
0.0526504516601562 -0.0423622131347656 0.104141235351563 -0.0939483642578125
0.0332565307617188 -0.0734481811523438 0.0620651245117188 -0.11492919921875
0.03460693359375 -0.072906494140625 0.035308837890625 -0.091888427734375
0.0381317138671875 -0.082794189453125 0.0318412780761719 -0.0638999938964844
0.0686874389648438 -0.0745773315429688 0.0332221984863281 -0.0450973510742188
0.105110168457031 -0.0300064086914063 0.00689697265625 -0.0206146240234375
0.114555358886719 0.03271484375 -0.00455474853515624 -0.0304908752441406
0.0597457885742188 0.126808166503906 -0.00453948974609375 -0.0722122192382812
-0.00987243652343752 0.175277709960938 0.040863037109375 -0.0901336669921875
-0.0764923095703125 0.168014526367188 0.0705184936523438 -0.051849365234375
-0.131729125976563 0.154052734375 0.109634399414062 0.0480575561523438
-0.048004150390625 0.163803100585938 0.0412979125976563 0.0662384033203125
0.0159912109375 0.14654541015625 0.0472183227539063 0.0846023559570313
0.0933303833007813 0.0909652709960938 0.107078552246094 0.0615997314453125
0.111968994140625 0.0164108276367188 0.113021850585938 -0.0026397705078125
0.0960845947265625 -0.0571517944335938 0.0895156860351563 -0.0640335083007813
0.062744140625 -0.0986480712890625 0.05474853515625 -0.078948974609375
0.0601882934570312 -0.0943603515625 0.0282974243164062 -0.0568428039550781
0.0666732788085938 -0.106559753417969 0.0203838348388672 -0.0294990539550781
0.0977096557617188 -0.0871124267578125 0.0159168243408203 -0.0182819366455078
0.132011413574219 -0.0248565673828125 -0.0111141204833984 -0.00274944305419922
0.132080078125 0.047576904296875 -0.0182418823242187 -0.0188007354736328
0.0552215576171875 0.148452758789063 -0.0141944885253906 -0.0552978515625
-0.029205322265625 0.193389892578125 0.0306472778320312 -0.0504531860351562
-0.105117797851562 0.173660278320313 0.0345516204833984 -0.00302696228027343
-0.162429809570313 0.133346557617188 0.0557785034179688 0.10089111328125
-0.0906219482421875 0.170379638671875 0.0112380981445312 0.113517761230469
-0.0104827880859375 0.176193237304687 0.0327529907226563 0.105728149414063
0.0959396362304687 0.126792907714844 0.0833358764648438 0.0765151977539063
0.133125305175781 0.0372161865234375 0.0826873779296875 0.020294189453125
0.124496459960938 -0.0574417114257813 0.0628776550292969 -0.0269660949707031
0.0839462280273437 -0.106559753417969 0.0385704040527344 -0.0328483581542969
0.077056884765625 -0.101478576660156 0.0171546936035156 -0.0122137069702149
0.084686279296875 -0.114555358886719 0.00499153137207032 0.0116348266601562
0.113433837890625 -0.0891952514648438 -0.00626468658447265 0.013667106628418
0.142898559570313 -0.016693115234375 -0.0325355529785156 0.0157089233398437
0.134063720703125 0.05810546875 -0.0327339172363281 -0.0101070404052734
0.0419464111328125 0.154388427734375 -0.0182456970214844 -0.0411911010742188
-0.050323486328125 0.187469482421875 0.0239410400390625 -0.0105113983154297
-0.1239013671875 0.155746459960938 -0.00758361816406251 0.0430908203125
-0.16168212890625 0.086029052734375 -0.00486755371093752 0.140960693359375
-0.115135192871094 0.136283874511719 -0.0262298583984375 0.14898681640625
-0.041168212890625 0.164215087890625 0.0129318237304687 0.117141723632813
0.0712966918945313 0.13720703125 0.049835205078125 0.0825881958007813
0.124343872070313 0.0536041259765625 0.043975830078125 0.0381813049316406
0.129409790039062 -0.044342041015625 0.0295486450195313 0.0100193023681641
0.0908203125 -0.0956573486328125 0.0172786712646484 0.015233039855957
0.0814666748046875 -0.0923995971679688 0.00288391113281251 0.03302001953125
0.0900421142578125 -0.105323791503906 -0.0126304626464844 0.05267333984375
0.115066528320313 -0.0800704956054688 -0.0314216613769531 0.0445671081542969
0.137451171875 -0.006591796875 -0.0553016662597656 0.0316696166992188
0.1212158203125 0.0650253295898438 -0.0477027893066406 -0.00490951538085938
0.0210723876953125 0.147705078125 -0.0212535858154297 -0.0316638946533203
-0.0710601806640625 0.16156005859375 0.0140151977539062 0.0216560363769531
-0.132820129394531 0.117820739746094 -0.0533294677734375 0.07794189453125
-0.129798889160156 0.0223464965820312 -0.0591583251953125 0.160079956054688
-0.111648559570313 0.0727615356445313 -0.0579986572265625 0.16510009765625
-0.062103271484375 0.113372802734375 -0.00325775146484377 0.115867614746094
0.0314102172851563 0.116073608398438 0.0195541381835937 0.0778961181640625
0.0895843505859375 0.0580825805664063 0.00806045532226563 0.0451736450195313
0.109573364257813 -0.022735595703125 -0.00336456298828125 0.0389976501464844
0.0824050903320312 -0.0698776245117188 -0.00510025024414061 0.0567131042480469
0.072998046875 -0.0700912475585938 -0.0113983154296875 0.0731582641601563
0.082000732421875 -0.0823898315429688 -0.0297470092773438 0.0884552001953125
0.101318359375 -0.0608139038085938 -0.0572967529296875 0.0721511840820313
0.116920471191406 0.0031585693359375 -0.0792236328125 0.04437255859375
0.0973587036132813 0.0648574829101563 -0.0644302368164062 -0.00267791748046876
-0.000411987304687491 0.126808166503906 -0.026947021484375 -0.0266571044921875
-0.0843048095703125 0.120063781738281 -0.00200653076171876 0.044525146484375
-0.128341674804687 0.0659332275390625 -0.101005554199219 0.09765625
-0.07757568359375 -0.0451126098632813 -0.090606689453125 0.1580810546875
-0.0866622924804688 -0.00174713134765625 -0.073028564453125 0.16180419921875
-0.0680274963378906 0.0419044494628906 -0.00970458984374999 0.105880737304688
-0.011505126953125 0.0729904174804688 -0.00131607055664063 0.0678138732910156
0.0402374267578125 0.0505561828613281 -0.015960693359375 0.0447578430175781
0.0701446533203125 0.0018768310546875 -0.0275192260742187 0.0577621459960938
0.0604743957519531 -0.0332260131835938 -0.0231475830078125 0.0854568481445313
0.0540084838867187 -0.0377769470214844 -0.0236968994140625 0.101875305175781
0.061614990234375 -0.0480079650878906 -0.0457992553710937 0.115013122558594
0.0741348266601563 -0.03521728515625 -0.0811996459960938 0.0919647216796875
0.0830612182617188 0.010009765625 -0.100173950195313 0.0517196655273438
0.0650863647460938 0.0541343688964844 -0.0806045532226563 -0.00380706787109376
-0.0183792114257812 0.092193603515625 -0.035614013671875 -0.0266990661621094
-0.0849456787109375 0.067108154296875 -0.0230636596679688 0.0538558959960938
-0.105880737304688 0.00643920898437502 -0.142623901367188 0.0987396240234375
0.044769287109375 0.0570793151855469 0.143661499023438 -0.101058959960938
0.061798095703125 -0.0132331848144531 0.0420761108398438 -0.0438613891601563
0.0147361755371094 -0.0442886352539063 0.0408668518066406 0.0283317565917969
-0.0217342376708984 -0.0347881317138672 0.104774475097656 0.012725830078125
-0.036956787109375 -0.0101776123046875 0.118080139160156 -0.0589447021484375
-0.0384597778320312 0.0161285400390625 0.0878143310546875 -0.123779296875
-0.0306167602539063 0.00877571105957032 0.042083740234375 -0.142257690429688
-0.0292549133300781 -0.000495910644531253 0.0217132568359375 -0.120384216308594
-0.036285400390625 -0.00468444824218751 0.0241470336914062 -0.0985260009765625
-0.0248165130615234 -0.0313549041748047 0.0312118530273438 -0.0764999389648438
0.00697708129882813 -0.0479660034179688 0.0204010009765625 -0.0507926940917969
0.0452423095703125 -0.0305366516113281 0.0117225646972656 -0.0595550537109375
0.0701980590820313 0.023468017578125 0.020965576171875 -0.106849670410156
0.0589752197265625 0.0725631713867188 0.0621795654296875 -0.15802001953125
0.0236358642578125 0.0938262939453125 0.102447509765625 -0.1455078125
-0.00937652587890625 0.113960266113281 0.15484619140625 -0.069244384765625
0.0428276062011719 0.0574226379394531 0.0544509887695312 -0.0227241516113281
0.0306358337402344 0.0187053680419922 0.0502510070800781 0.0401458740234375
0.0258102416992188 -0.00210189819335938 0.117019653320312 0.0213165283203125
0.015040397644043 -0.0117855072021484 0.128089904785156 -0.05169677734375
0.00442886352539063 -0.0180854797363281 0.0964584350585938 -0.121841430664063
-0.00312042236328125 -0.0370635986328125 0.048980712890625 -0.141357421875
-0.00096893310546875 -0.0420722961425781 0.0250015258789062 -0.117340087890625
-0.0013275146484375 -0.0491943359375 0.026885986328125 -0.0916900634765625
0.0233268737792969 -0.0589218139648438 0.0339736938476562 -0.0703659057617188
0.0608406066894531 -0.04266357421875 0.0169181823730469 -0.0406913757324219
0.0865859985351563 0.0023193359375 0.00560379028320313 -0.04638671875
0.0698623657226563 0.0835494995117188 0.00545501708984376 -0.0913162231445312
0.02734375 0.13671875 0.0477676391601563 -0.131660461425781
-0.0254669189453125 0.145034790039063 0.0926284790039063 -0.109527587890625
-0.0687713623046875 0.155593872070312 0.146133422851562 -0.0201263427734375
0.00852203369140626 0.124542236328125 0.0567054748535156 0.0140953063964844
0.0375747680664063 0.0881118774414063 0.0555419921875 0.0589332580566406
0.0719985961914063 0.03973388671875 0.121376037597656 0.0362319946289063
0.0699386596679688 -0.00676727294921875 0.127716064453125 -0.034820556640625
0.0505561828613281 -0.0477256774902344 0.096527099609375 -0.103652954101563
0.0265579223632812 -0.0777435302734375 0.0513076782226563 -0.121536254882812
0.0274734497070313 -0.0778274536132813 0.024932861328125 -0.0960006713867188
0.0308609008789063 -0.088531494140625 0.0239067077636719 -0.0686073303222656
0.062896728515625 -0.0828094482421875 0.0263557434082031 -0.0514488220214844
0.103958129882812 -0.0405807495117187 0.00391197204589844 -0.0248470306396484
0.119598388671875 0.0233383178710938 -0.00687026977539062 -0.0329933166503906
0.0724029541015625 0.124519348144531 -0.00910186767578125 -0.073516845703125
0.00563049316406248 0.180267333984375 0.0340576171875 -0.09576416015625
-0.06396484375 0.177490234375 0.0681877136230469 -0.0627593994140625
-0.120040893554688 0.169540405273438 0.114166259765625 0.03973388671875
-0.033966064453125 0.1719970703125 0.0444602966308594 0.0634117126464844
0.03082275390625 0.149673461914063 0.052032470703125 0.0832672119140625
0.104698181152344 0.0844039916992188 0.112495422363281 0.0545120239257813
0.115386962890625 0.005523681640625 0.113494873046875 -0.01043701171875
0.0925140380859375 -0.06707763671875 0.0854110717773437 -0.07086181640625
0.0536041259765625 -0.106369018554688 0.0474014282226563 -0.0850067138671875
0.0509185791015625 -0.102287292480469 0.0217208862304688 -0.0600318908691406
0.0566482543945313 -0.115058898925781 0.0160999298095703 -0.0325126647949219
0.0904312133789063 -0.0990524291992187 0.0117053985595703 -0.0228195190429688
0.131950378417969 -0.0389785766601562 -0.0128707885742187 -0.0042266845703125
0.13922119140625 0.0357437133789063 -0.020263671875 -0.0197257995605469
0.07080078125 0.147735595703125 -0.01837158203125 -0.0557441711425781
-0.011962890625 0.200424194335938 0.026763916015625 -0.0546684265136719
-0.091705322265625 0.186447143554688 0.03515625 -0.010284423828125
-0.153121948242188 0.151779174804687 0.0641021728515625 0.0985641479492188
-0.0764617919921875 0.18218994140625 0.0178451538085937 0.113517761230469
0.00692749023437501 0.1827392578125 0.0386810302734375 0.104827880859375
0.110527038574219 0.120086669921875 0.0886154174804688 0.0724945068359375
0.139228820800781 0.02459716796875 0.0848159790039063 0.0160903930664063
0.120994567871094 -0.07061767578125 0.0621719360351563 -0.0303764343261719
0.0738143920898437 -0.11663818359375 0.0357475280761719 -0.0364761352539063
0.0670394897460937 -0.110916137695313 0.0145435333251953 -0.0143165588378906
0.0736160278320313 -0.125144958496094 0.00516986846923828 0.011479377746582
0.105712890625 -0.102684020996094 -0.00716686248779296 0.0121345520019531
0.143768310546875 -0.0321044921875 -0.0331478118896484 0.0170822143554687
0.142868041992188 0.0462799072265625 -0.0346183776855469 -0.00893783569335937
0.05792236328125 0.154830932617188 -0.0209770202636719 -0.0414695739746094
-0.0332183837890625 0.196670532226563 0.0236740112304687 -0.0149497985839844
-0.111984252929687 0.170639038085938 -0.00413513183593751 0.0403289794921875
-0.156692504882813 0.103622436523438 0.00505065917968749 0.144989013671875
-0.103927612304688 0.149383544921875 -0.01617431640625 0.15264892578125
-0.02545166015625 0.172454833984375 0.0195999145507813 0.116813659667969
0.08575439453125 0.132957458496094 0.0548477172851563 0.0808944702148438
0.13116455078125 0.0419235229492188 0.0477027893066406 0.0375595092773438
0.126914978027344 -0.0577163696289063 0.0322914123535156 0.0100326538085937
0.0818252563476563 -0.106582641601563 0.0191192626953125 0.0139446258544922
0.0725784301757812 -0.102020263671875 0.00536537170410157 0.0327091217041016
0.079833984375 -0.117156982421875 -0.00820159912109375 0.0546226501464844
0.108253479003906 -0.0932998657226563 -0.0293083190917969 0.0471115112304687
0.13958740234375 -0.021209716796875 -0.0544662475585938 0.036529541015625
0.130302429199219 0.0546112060546875 -0.0498924255371094 -0.00192260742187499
0.0361328125 0.149215698242188 -0.0242691040039063 -0.031280517578125
-0.0559539794921875 0.172286987304688 0.0164604187011719 0.0189228057861328
-0.123764038085938 0.13232421875 -0.04736328125 0.080963134765625
-0.129837036132813 0.036163330078125 -0.04791259765625 0.169448852539063
-0.106719970703125 0.0847854614257813 -0.0472869873046875 0.171310424804688
-0.0519866943359375 0.122901916503906 0.00304412841796874 0.116897583007813
0.043792724609375 0.115470886230469 0.0232391357421875 0.0792312622070313
0.0967330932617188 0.0498580932617188 0.0120582580566406 0.047760009765625
0.108474731445313 -0.0346755981445313 0.00188064575195313 0.0423736572265625
0.0751876831054688 -0.0794677734375 0.000217437744140631 0.0577392578125
0.0659255981445313 -0.078704833984375 -0.00482940673828125 0.0746688842773438
0.0740890502929688 -0.0923614501953125 -0.0221328735351562 0.0928192138671875
0.0961532592773438 -0.072479248046875 -0.0524749755859375 0.0775909423828125
0.11932373046875 -0.0086517333984375 -0.077423095703125 0.051849365234375
0.105232238769531 0.0556259155273438 -0.0669441223144531 0.0018310546875
0.011505126953125 0.129890441894531 -0.0296535491943359 -0.0263385772705078
-0.0735092163085938 0.131103515625 0.00261688232421874 0.0434989929199219
-0.122879028320313 0.0785446166992188 -0.0939483642578125 0.105606079101563
-0.0820846557617188 -0.037567138671875 -0.0808563232421875 0.170562744140625
-0.0873031616210938 0.00714111328124999 -0.06304931640625 0.169815063476562
-0.0641059875488281 0.0503578186035156 -0.00400543212890626 0.107681274414062
-0.00350189208984375 0.075439453125 0.00180816650390626 0.0703887939453125
0.045257568359375 0.0463447570800781 -0.0122795104980469 0.0498466491699219
0.0709686279296875 -0.0059814453125 -0.021087646484375 0.0632896423339844
0.0569877624511719 -0.0402450561523438 -0.0142745971679688 0.0881805419921875
0.0498161315917969 -0.0435562133789063 -0.0137481689453125 0.104866027832031
0.0569496154785156 -0.0552597045898438 -0.0352325439453125 0.120582580566406
0.0714569091796875 -0.0436019897460938 -0.0743637084960938 0.100547790527344
0.0853195190429688 0.00188446044921875 -0.0979995727539063 0.0618820190429688
0.0705413818359375 0.04815673828125 -0.082977294921875 0.00238800048828127
-0.0096588134765625 0.0952682495117188 -0.0386619567871094 -0.0250663757324219
-0.0787506103515625 0.0761642456054687 -0.0176010131835938 0.0552520751953125
-0.104469299316406 0.0155258178710937 -0.13702392578125 0.111297607421875
0.0477256774902344 0.0548782348632813 0.139595031738281 -0.109870910644531
0.0611686706542969 -0.0158576965332031 0.03924560546875 -0.0451431274414063
0.0121192932128906 -0.0450706481933594 0.0422935485839844 0.0279617309570312
-0.0242404937744141 -0.0330867767333984 0.106300354003906 0.0077667236328125
-0.0371971130371094 -0.00713729858398438 0.114479064941406 -0.065521240234375
-0.0356903076171875 0.01849365234375 0.079254150390625 -0.129745483398438
-0.0296268463134766 0.0111160278320312 0.032440185546875 -0.145278930664063
-0.0291767120361328 0.00134468078613281 0.0131378173828125 -0.122184753417969
-0.0362510681152344 -0.00212478637695313 0.0157852172851562 -0.101112365722656
-0.0265960693359375 -0.0290107727050781 0.0239791870117188 -0.0802688598632812
0.0033721923828125 -0.0475654602050781 0.0173225402832031 -0.05511474609375
0.0433120727539063 -0.0332603454589844 0.0103874206542969 -0.0626640319824219
0.0716094970703125 0.0193023681640625 0.0175094604492188 -0.108222961425781
0.0623779296875 0.0689888000488281 0.054534912109375 -0.162490844726563
0.0279388427734375 0.0925750732421875 0.095977783203125 -0.155563354492188
-0.00336456298828126 0.11627197265625 0.152923583984375 -0.0779266357421875
0.0465621948242188 0.0567283630371094 0.051971435546875 -0.0246810913085937
0.0330886840820313 0.0176296234130859 0.0517349243164063 0.0392265319824219
0.0261802673339844 -0.00364112854003906 0.119087219238281 0.0162353515625
0.0146551132202148 -0.0121879577636719 0.124702453613281 -0.0584259033203125
0.00390625 -0.0183467864990234 0.0885467529296875 -0.127403259277344
-0.00574493408203125 -0.0374717712402344 0.0389862060546875 -0.145111083984375
-0.00392532348632812 -0.0423851013183594 0.0156478881835938 -0.118743896484375
-0.00503921508789063 -0.0502853393554688 0.018798828125 -0.0944137573242188
0.0193290710449219 -0.0605697631835938 0.0267333984375 -0.0746688842773438
0.0582504272460938 -0.0465202331542969 0.0136032104492188 -0.0451011657714844
0.0868988037109375 -0.002197265625 0.003997802734375 -0.0495491027832031
0.0754165649414063 0.079681396484375 0.00249481201171876 -0.09210205078125
0.0355148315429687 0.136260986328125 0.0416717529296875 -0.135406494140625
-0.0181732177734375 0.1478271484375 0.0875015258789063 -0.119422912597656
-0.0601348876953125 0.16168212890625 0.14569091796875 -0.0282745361328125
0.0170822143554688 0.12664794921875 0.0557823181152344 0.0120086669921875
0.0450668334960938 0.087890625 0.0571517944335937 0.0581588745117188
0.0758743286132813 0.0354385375976563 0.123268127441406 0.0314483642578125
0.0700798034667969 -0.0112991333007813 0.126045227050781 -0.0409698486328125
0.0488510131835938 -0.0519790649414063 0.090789794921875 -0.109451293945313
0.0209426879882813 -0.0803985595703125 0.042755126953125 -0.125457763671875
0.0219192504882813 -0.080322265625 0.0170135498046875 -0.097259521484375
0.0245819091796875 -0.0916061401367188 0.0173110961914063 -0.0705718994140625
0.05706787109375 -0.08782958984375 0.0193061828613281 -0.0555038452148438
0.102012634277344 -0.0478897094726563 0.00131034851074219 -0.0277900695800781
0.122238159179688 0.015716552734375 -0.00801467895507812 -0.0352783203125
0.0811767578125 0.122016906738281 -0.011749267578125 -0.0737991333007812
0.0173187255859375 0.182693481445313 0.0297088623046875 -0.0994644165039062
-0.0546112060546875 0.183059692382812 0.065216064453125 -0.0712203979492187
-0.111007690429688 0.180191040039063 0.117034912109375 0.0340347290039063
-0.023590087890625 0.175949096679688 0.045928955078125 0.0609855651855469
0.0424957275390625 0.150436401367188 0.0541915893554688 0.0815048217773438
0.111885070800781 0.078216552734375 0.114097595214844 0.0506134033203125
0.1171875 -0.00218963623046875 0.112930297851563 -0.014984130859375
0.0890045166015625 -0.0745849609375 0.081878662109375 -0.0752487182617188
0.0461044311523438 -0.110885620117188 0.0414581298828125 -0.087982177734375
0.0433273315429688 -0.106636047363281 0.0160789489746094 -0.061187744140625
0.0485076904296875 -0.1209716796875 0.0124988555908203 -0.0332927703857422
0.0834884643554687 -0.10675048828125 0.00713729858398438 -0.025360107421875
0.130233764648438 -0.0490264892578125 -0.0150089263916016 -0.00593948364257813
0.143280029296875 0.02679443359375 -0.0217437744140625 -0.0209007263183594
0.081939697265625 0.144866943359375 -0.02081298828125 -0.0558013916015625
0.00193786621093749 0.204238891601563 0.0243301391601563 -0.0579605102539062
-0.0816802978515625 0.193679809570313 0.0344810485839844 -0.0166091918945312
-0.144363403320313 0.163543701171875 0.0690383911132812 0.0966033935546875
-0.065093994140625 0.188613891601563 0.0218734741210937 0.112602233886719
0.0200042724609375 0.185546875 0.0410842895507813 0.103752136230469
0.119758605957031 0.114730834960937 0.0906906127929688 0.0696182250976563
0.141403198242188 0.014923095703125 0.085968017578125 0.0137481689453125
0.117431640625 -0.0797348022460938 0.0623779296875 -0.0331039428710938
0.0654220581054688 -0.122550964355469 0.0333786010742188 -0.0388069152832031
0.0587539672851562 -0.116455078125 0.0128307342529297 -0.0154266357421875
0.0645904541015625 -0.132675170898438 0.00454139709472657 0.0109586715698242
0.0987472534179688 -0.111839294433594 -0.00928783416748046 0.0114736557006836
0.1435546875 -0.0432586669921875 -0.0337104797363281 0.017974853515625
0.1474609375 0.036163330078125 -0.0355491638183594 -0.0082855224609375
0.07025146484375 0.153900146484375 -0.0233879089355469 -0.0407333374023437
-0.019256591796875 0.20159912109375 0.0229854583740234 -0.0175685882568359
-0.10235595703125 0.178375244140625 -0.00184631347656251 0.0373306274414063
-0.150543212890625 0.115753173828125 0.012786865234375 0.146743774414063
-0.09503173828125 0.157485961914063 -0.01031494140625 0.15362548828125
-0.013336181640625 0.177444458007813 0.0228424072265625 0.116493225097656
0.0968856811523438 0.129051208496094 0.0570449829101563 0.0803298950195313
0.134819030761719 0.0329818725585938 0.04949951171875 0.0370864868164063
0.12371826171875 -0.0675811767578125 0.0344982147216797 0.00980186462402343
0.0740203857421875 -0.11309814453125 0.0201091766357422 0.0130786895751953
0.0645523071289063 -0.107894897460938 0.00694847106933595 0.0323333740234375
0.07110595703125 -0.124435424804688 -0.00509643554687499 0.0555419921875
0.101448059082031 -0.1024169921875 -0.028289794921875 0.0483474731445312
0.1392822265625 -0.03179931640625 -0.0541801452636719 0.0392951965332031
0.13525390625 0.0450057983398438 -0.0505294799804687 0.000553131103515631
0.0472564697265625 0.149185180664062 -0.0260810852050781 -0.0308074951171875
-0.04400634765625 0.178619384765625 0.0180587768554687 0.0165119171142578
-0.11578369140625 0.140716552734375 -0.0434494018554687 0.0810012817382813
-0.127754211425781 0.0460128784179687 -0.0400848388671875 0.175445556640625
-0.101638793945313 0.092803955078125 -0.0403594970703125 0.174530029296875
-0.0428390502929688 0.128471374511719 0.00566101074218751 0.117149353027344
0.0530242919921875 0.113800048828125 0.0251998901367188 0.0803070068359375
0.100173950195312 0.0427703857421875 0.0150985717773438 0.0502166748046875
0.106277465820313 -0.042510986328125 0.00637817382812501 0.044586181640625
0.0694656372070313 -0.0852127075195313 0.00503158569335938 0.0578079223632813
0.059967041015625 -0.083831787109375 -6.86645507812474E-05 0.07440185546875
0.0675048828125 -0.0988693237304688 -0.0163345336914063 0.0948104858398438
0.0908889770507813 -0.0802459716796875 -0.0486907958984375 0.0809478759765625
0.119911193847656 -0.01788330078125 -0.0754623413085937 0.0566329956054688
0.10980224609375 0.0484695434570312 -0.0677070617675781 0.00539016723632812
0.0201187133789063 0.130767822265625 -0.0315189361572266 -0.0254611968994141
-0.0646591186523437 0.13751220703125 0.00558090209960937 0.0417556762695313
-0.117424011230469 0.0860977172851563 -0.0889205932617188 0.11016845703125
-0.0843429565429688 -0.0310897827148438 -0.0731658935546875 0.178421020507813
-0.087127685546875 0.0132598876953125 -0.0561065673828125 0.174346923828125
-0.0605659484863281 0.0560722351074219 -0.00144195556640625 0.107872009277344
0.0024566650390625 0.0765762329101563 0.0032806396484375 0.0730361938476562
0.0488166809082031 0.0430526733398438 -0.00914764404296875 0.0537681579589844
0.070281982421875 -0.0115318298339844 -0.0148086547851562 0.0663833618164063
0.0533714294433594 -0.0445060729980469 -0.00793457031249999 0.0893936157226563
0.0463142395019531 -0.0471687316894531 -0.00690460205078124 0.105514526367187
0.0522308349609375 -0.0600013732910156 -0.0271682739257812 0.123977661132812
0.0680427551269531 -0.0487022399902344 -0.0683364868164063 0.105972290039063
0.0858840942382813 -0.004364013671875 -0.095123291015625 0.0683441162109375
0.073699951171875 0.0436325073242187 -0.083953857421875 0.00697326660156249
-0.00416564941406251 0.0966339111328125 -0.0396881103515625 -0.0240478515625
-0.0732650756835937 0.0815505981445313 -0.0137367248535156 0.0550346374511719
-0.102554321289062 0.0207443237304688 -0.1312255859375 0.119232177734375
0.0504837036132813 0.0549278259277344 0.139678955078125 -0.117637634277344
0.0619430541992188 -0.01763916015625 0.0382843017578125 -0.04681396484375
0.0107955932617187 -0.0460700988769531 0.0440025329589844 0.0285453796386719
-0.0258922576904297 -0.0327739715576172 0.108932495117188 0.00530242919921875
-0.0376968383789063 -0.00498580932617188 0.113876342773438 -0.0701522827148438
-0.0345478057861328 0.0201339721679688 0.074737548828125 -0.134933471679688
-0.0292778015136719 0.0128459930419922 0.025848388671875 -0.149002075195313
-0.0297794342041016 0.00304603576660156 0.00646972656249999 -0.124740600585937
-0.036895751953125 -0.000801086425781251 0.00931549072265624 -0.103630065917969
-0.0283355712890625 -0.0276222229003906 0.0187759399414063 -0.084014892578125
0.00103759765625 -0.0475006103515625 0.0149726867675781 -0.0602149963378906
0.0423507690429688 -0.0352287292480469 0.0100212097167969 -0.0667495727539063
0.073638916015625 0.01629638671875 0.0162124633789063 -0.110870361328125
0.0662040710449219 0.0676841735839844 0.0510406494140625 -0.168502807617188
0.0312957763671875 0.0936965942382813 0.0932159423828125 -0.165390014648437
0.000389099121093751 0.11993408203125 0.154327392578125 -0.0857086181640625
0.0496673583984375 0.0568504333496094 0.0513076782226563 -0.0264816284179687
0.0352020263671875 0.0175399780273438 0.0532951354980469 0.0400581359863281
0.0271587371826172 -0.00465774536132813 0.121566772460938 0.0140380859375
0.0153770446777344 -0.0130023956298828 0.124534606933594 -0.0627365112304688
0.0047454833984375 -0.0198574066162109 0.084716796875 -0.133003234863281
-0.00724029541015626 -0.0372657775878906 0.0328521728515625 -0.149139404296875
-0.0063323974609375 -0.0428237915039063 0.00936889648437501 -0.12091064453125
-0.00756454467773437 -0.0513572692871094 0.0130844116210938 -0.0969390869140625
0.0170478820800781 -0.0625076293945313 0.0206832885742188 -0.0788192749023438
0.0568618774414063 -0.0493927001953125 0.0111770629882813 -0.0494041442871094
0.0884780883789063 -0.00612640380859375 0.00386428833007813 -0.0532569885253906
0.0803451538085938 0.0787811279296875 0.00116729736328126 -0.0943679809570313
0.0419921875 0.138343811035156 0.0381927490234375 -0.140373229980469
-0.014251708984375 0.152114868164062 0.0849533081054688 -0.129173278808594
-0.0551910400390625 0.168838500976562 0.148666381835938 -0.034027099609375
0.0224456787109375 0.12945556640625 0.0555877685546875 0.0107688903808594
0.0513381958007813 0.08935546875 0.0581474304199219 0.0589256286621094
0.0800018310546875 0.0333938598632813 0.126144409179688 0.0290908813476563
0.0714263916015625 -0.014923095703125 0.126274108886719 -0.0451583862304687
0.0480842590332031 -0.0558204650878906 0.088165283203125 -0.113822937011719
0.0174713134765625 -0.082977294921875 0.0371170043945312 -0.129203796386719
0.0175628662109375 -0.0832901000976563 0.01165771484375 -0.099456787109375
0.0202560424804688 -0.0953292846679688 0.01263427734375 -0.07281494140625
0.05401611328125 -0.0928497314453125 0.01409912109375 -0.0590248107910156
0.101875305175781 -0.0540237426757813 -0.00155448913574218 -0.0317153930664062
0.125907897949219 0.0110015869140625 -0.00848388671874999 -0.0377998352050781
0.0893020629882813 0.122077941894531 -0.0133438110351562 -0.0751419067382812
0.026123046875 0.186813354492188 0.027130126953125 -0.103401184082031
-0.0494842529296875 0.19012451171875 0.0636978149414063 -0.0794906616210937
-0.106201171875 0.18994140625 0.120498657226562 0.0309371948242188
-0.0159759521484375 0.18170166015625 0.0465965270996094 0.0611801147460938
0.051788330078125 0.153427124023438 0.0554428100585938 0.0829086303710938
0.119163513183594 0.0754165649414063 0.116645812988281 0.0497207641601563
0.119277954101562 -0.007965087890625 0.114372253417969 -0.0177688598632812
0.0881195068359375 -0.080657958984375 0.0809860229492188 -0.0788421630859375
0.0411300659179688 -0.115341186523437 0.0377883911132813 -0.0907135009765625
0.0380401611328125 -0.111312866210938 0.0122718811035156 -0.0627288818359375
0.0421905517578125 -0.126777648925781 0.00942993164062501 -0.0350227355957031
0.0795516967773437 -0.113655090332031 0.00302696228027344 -0.0275802612304688
0.131446838378906 -0.0568161010742188 -0.0173349380493164 -0.00757598876953126
0.148544311523438 0.0202484130859375 -0.0226192474365234 -0.0218830108642578
0.092254638671875 0.145721435546875 -0.02227783203125 -0.0570259094238281
0.01171875 0.210617065429688 0.0229682922363281 -0.0618438720703125
-0.0763092041015625 0.201934814453125 0.0342559814453125 -0.0225372314453125
-0.140579223632812 0.175277709960938 0.0734481811523437 0.0968093872070313
-0.0579986572265625 0.196868896484375 0.0237884521484375 0.113914489746094
0.030303955078125 0.189926147460938 0.0423049926757813 0.105255126953125
0.128852844238281 0.111839294433594 0.0927810668945313 0.0697708129882813
0.144973754882813 0.008087158203125 0.0881576538085938 0.01275634765625
0.116592407226563 -0.0872039794921875 0.0629348754882813 -0.0346565246582031
0.0596084594726563 -0.128128051757812 0.0319938659667969 -0.0407638549804688
0.0528564453125 -0.12237548828125 0.0111513137817383 -0.0159358978271484
0.0583267211914063 -0.138839721679688 0.00421619415283204 0.0108604431152344
0.0946197509765625 -0.120719909667969 -0.0112752914428711 0.0108308792114258
0.144760131835938 -0.052978515625 -0.035614013671875 0.0182418823242188
0.153213500976563 0.0299072265625 -0.0369453430175781 -0.008544921875
0.0804290771484375 0.155380249023438 -0.0251426696777344 -0.0417709350585937
-0.00859069824218749 0.208709716796875 0.0227642059326172 -0.0205917358398437
-0.09716796875 0.186859130859375 -0.00137138366699219 0.0346031188964844
-0.148727416992188 0.126022338867187 0.0171661376953125 0.151275634765625
-0.089996337890625 0.165603637695312 -0.00746154785156251 0.156768798828125
-0.0038909912109375 0.183197021484375 0.0233383178710938 0.118423461914063
0.105903625488281 0.127304077148437 0.0589981079101563 0.0821075439453125
0.139205932617188 0.027130126953125 0.0521354675292969 0.0385360717773438
0.123153686523438 -0.0750579833984375 0.0373458862304688 0.0102348327636719
0.0689010620117188 -0.119491577148438 0.021575927734375 0.0122222900390625
0.0596542358398438 -0.113693237304688 0.00780487060546875 0.0324954986572266
0.0653839111328125 -0.13128662109375 -0.00320816040039062 0.0566329956054687
0.0976104736328125 -0.110572814941406 -0.0286407470703125 0.0497589111328125
0.140899658203125 -0.040771484375 -0.0549812316894531 0.0416908264160156
0.140594482421875 0.0390625 -0.0525093078613281 0.0016632080078125
0.0563201904296875 0.151962280273438 -0.0274543762207031 -0.0311908721923828
-0.0353546142578125 0.185775756835937 0.0192909240722656 0.0143547058105469
-0.11248779296875 0.148712158203125 -0.0423202514648438 0.0822067260742188
-0.127876281738281 0.0534591674804687 -0.0352783203125 0.1826171875
-0.0991134643554687 0.09967041015625 -0.0367279052734375 0.179107666015625
-0.0371322631835937 0.134246826171875 0.00647735595703124 0.118919372558594
0.0605239868164063 0.11456298828125 0.0261688232421875 0.0830917358398438
0.103919982910156 0.0388336181640625 0.0175590515136719 0.0529708862304688
0.106201171875 -0.0490036010742188 0.0101318359375 0.0469818115234375
0.0658721923828125 -0.0902786254882812 0.0081329345703125 0.0584335327148438
0.0563430786132812 -0.088623046875 0.00266265869140626 0.0755844116210938
0.0626144409179688 -0.104942321777344 -0.01190185546875 0.09722900390625
0.08795166015625 -0.0874176025390625 -0.0476150512695313 0.08428955078125
0.121726989746094 -0.0249710083007813 -0.0754165649414062 0.0611724853515625
0.114814758300781 0.0441665649414063 -0.0692367553710938 0.00801467895507814
0.0277175903320312 0.134162902832031 -0.0329399108886719 -0.0254268646240234
-0.05828857421875 0.144073486328125 0.00774765014648437 0.0407485961914063
-0.115745544433594 0.0924301147460937 -0.08734130859375 0.11383056640625
-0.0865936279296875 -0.0275955200195312 -0.06939697265625 0.188018798828125
-0.0877151489257813 0.017822265625 -0.0532379150390625 0.1793212890625
-0.0584297180175781 0.0601654052734375 -0.000961303710937501 0.11004638671875
0.00769805908203125 0.0777664184570313 0.0041656494140625 0.0765151977539063
0.0516777038574219 0.0406227111816406 -0.00670623779296874 0.0576400756835938
0.0705490112304688 -0.0159149169921875 -0.010284423828125 0.0698509216308594
0.0515174865722656 -0.0479316711425781 -0.00240325927734375 0.0912628173828125
0.0445442199707031 -0.0507431030273437 -0.00189971923828124 0.106735229492188
0.0500373840332031 -0.0643959045410156 -0.0211334228515625 0.126815795898437
0.0664787292480469 -0.0533866882324219 -0.0651702880859375 0.110496520996094
0.0873489379882813 -0.00873565673828125 -0.0946578979492188 0.0736923217773437
0.076904296875 0.0413665771484375 -0.0859832763671875 0.010162353515625
0.000221252441406246 0.0995864868164063 -0.0420112609863281 -0.0240898132324219
-0.0700759887695312 0.0866012573242188 -0.0109710693359375 0.0549583435058594
-0.102653503417969 0.0243453979492187 -0.129653930664062 0.125846862792969
0.0544700622558594 0.0561943054199219 0.143585205078125 -0.129150390625
0.0644454956054688 -0.0197868347167969 0.0380706787109375 -0.0500144958496094
0.00944137573242187 -0.048736572265625 0.0462646484375 0.03021240234375
-0.0284881591796875 -0.0333957672119141 0.114822387695312 0.00295257568359375
-0.0392379760742187 -0.00318145751953125 0.116432189941406 -0.076507568359375
-0.0344295501708984 0.0219345092773438 0.0720367431640625 -0.142974853515625
-0.0292625427246094 0.0149040222167969 0.0202484130859375 -0.157272338867187
-0.0314769744873047 0.00485610961914062 0.000724792480468761 -0.129714965820313
-0.0377426147460938 0.000656127929687507 0.00431823730468749 -0.108757019042969
-0.0309200286865234 -0.0270481109619141 0.01397705078125 -0.0892410278320313
-0.00130844116210937 -0.0490036010742188 0.0127182006835938 -0.0662956237792969
0.0425643920898438 -0.0387115478515625 0.01025390625 -0.0731735229492188
0.0772247314453125 0.013946533203125 0.015594482421875 -0.116950988769531
0.0714340209960938 0.0678253173828125 0.0489501953125 -0.177978515625
0.0355300903320313 0.0972824096679687 0.0922393798828125 -0.180068969726563
0.00405120849609375 0.126502990722656 0.1595458984375 -0.0953826904296875
0.0550689697265625 0.0588874816894531 0.0522232055664063 -0.0286674499511719
0.0386962890625 0.0177078247070313 0.0562553405761719 0.0416908264160156
0.0295486450195312 -0.00585556030273437 0.127754211425781 0.0116806030273437
0.0158863067626953 -0.0147066116333008 0.128273010253906 -0.068634033203125
0.00502777099609375 -0.0218639373779297 0.0827178955078125 -0.141433715820313
-0.00914764404296875 -0.0390625 0.02716064453125 -0.156890869140625
-0.0092315673828125 -0.044952392578125 0.00373077392578124 -0.12591552734375
-0.01025390625 -0.0537605285644531 0.00726318359374999 -0.101524353027344
0.0146369934082031 -0.0661468505859375 0.0158157348632812 -0.0843963623046875
0.0576248168945313 -0.0538749694824219 0.00843429565429688 -0.0551071166992188
0.092803955078125 -0.00984954833984375 0.00389862060546876 -0.058197021484375
0.0878829956054688 0.079315185546875 -0.00022125244140625 -0.09893798828125
0.04949951171875 0.143951416015625 0.0364227294921875 -0.14910888671875
-0.0101776123046875 0.161376953125 0.0854034423828125 -0.142227172851563
-0.0515289306640625 0.180145263671875 0.154922485351563 -0.040679931640625
0.0293807983398438 0.135704040527344 0.0570449829101563 0.0100898742675781
0.05914306640625 0.0925369262695312 0.0608062744140625 0.0612602233886719
0.0860595703125 0.0313034057617188 0.132179260253906 0.0277328491210938
0.0743255615234375 -0.0188827514648438 0.130271911621094 -0.0494308471679688
0.0483016967773438 -0.0613670349121094 0.08795166015625 -0.121116638183594
0.01409912109375 -0.0873489379882812 0.0330276489257812 -0.136054992675781
0.0140228271484375 -0.0875473022460938 0.00649261474609374 -0.103523254394531
0.015838623046875 -0.101631164550781 0.00841522216796875 -0.0765838623046875
0.0518798828125 -0.100631713867188 0.00938034057617188 -0.063232421875
0.104408264160156 -0.0616226196289063 -0.00438308715820312 -0.0352134704589844
0.132987976074219 0.005706787109375 -0.00994491577148436 -0.0420036315917969
0.0994338989257813 0.124702453613281 -0.0146408081054687 -0.078948974609375
0.0362091064453125 0.195404052734375 0.0252838134765625 -0.110420227050781
-0.0455780029296875 0.20166015625 0.0634918212890625 -0.0895156860351562
-0.103713989257813 0.204132080078125 0.127731323242188 0.0287628173828125
-0.00891113281250001 0.1915283203125 0.0489501953125 0.0621566772460938
0.06268310546875 0.1597900390625 0.0580215454101563 0.0865631103515625
0.128921508789063 0.0736541748046875 0.122299194335938 0.050018310546875
0.124755859375 -0.0135269165039063 0.118644714355469 -0.0199050903320313
0.089202880859375 -0.0890121459960937 0.0824356079101563 -0.08477783203125
0.0370941162109375 -0.12225341796875 0.0348663330078125 -0.0957717895507813
0.0337753295898438 -0.117874145507813 0.00917053222656249 -0.0652542114257813
0.0373001098632813 -0.135299682617188 0.00699996948242188 -0.0368614196777344
0.0767288208007813 -0.123916625976562 -0.00106430053710937 -0.0301914215087891
0.134719848632813 -0.0664520263671875 -0.0201148986816406 -0.00910758972167969
0.156967163085938 0.0145416259765625 -0.0242691040039062 -0.0243492126464844
0.104110717773437 0.150131225585937 -0.0237159729003906 -0.0594978332519531
0.0231170654296875 0.221405029296875 0.0222969055175781 -0.066986083984375
-0.07305908203125 0.2152099609375 0.0343723297119141 -0.0286960601806641
-0.13995361328125 0.190567016601562 0.0806198120117188 0.100715637207031
-0.0524749755859375 0.2080078125 0.0266189575195313 0.118629455566406
0.04217529296875 0.199539184570313 0.04412841796875 0.110038757324219
0.1417236328125 0.111846923828125 0.0973358154296875 0.0727157592773438
0.152587890625 0.0022735595703125 0.0923004150390625 0.0129165649414063
0.118209838867188 -0.097442626953125 0.066009521484375 -0.0369796752929688
0.0558242797851563 -0.136711120605469 0.0318832397460938 -0.0437812805175781
0.04913330078125 -0.129547119140625 0.010432243347168 -0.0173311233520508
0.053070068359375 -0.149490356445313 0.00370502471923828 0.0110807418823242
0.0917892456054687 -0.131416320800781 -0.0144557952880859 0.0111331939697266
0.148910522460937 -0.0631866455078125 -0.0377922058105469 0.0194892883300781
0.162429809570313 0.0235595703125 -0.0387115478515625 -0.00867843627929687
0.092559814453125 0.160552978515625 -0.0270347595214844 -0.0433769226074219
0.000793457031249982 0.220230102539063 0.0237369537353516 -0.0244293212890625
-0.0949249267578126 0.200210571289063 -0.00110054016113282 0.0324592590332031
-0.150665283203125 0.139083862304687 0.023284912109375 0.160018920898438
-0.0870819091796875 0.177536010742188 -0.00491333007812502 0.164276123046875
0.00450134277343752 0.193328857421875 0.0247650146484375 0.12396240234375
0.117759704589844 0.129310607910156 0.0622024536132813 0.086578369140625
0.14666748046875 0.02227783203125 0.0561637878417969 0.0410346984863281
0.125228881835937 -0.0851974487304688 0.0413780212402344 0.0108528137207031
0.0662078857421875 -0.12811279296875 0.0230503082275391 0.0120506286621094
0.0561904907226562 -0.121917724609375 0.0090484619140625 0.0334701538085937
0.0611572265625 -0.141082763671875 -0.00136947631835937 0.0588417053222656
0.09576416015625 -0.121780395507813 -0.0295639038085937 0.0524749755859375
0.145950317382813 -0.05047607421875 -0.0567474365234375 0.0456008911132813
0.149917602539063 0.034271240234375 -0.0548858642578125 0.00332641601562499
0.06719970703125 0.15814208984375 -0.0295124053955078 -0.0325870513916016
-0.0267791748046875 0.196533203125 0.0207881927490234 0.0125312805175781
-0.111618041992187 0.15997314453125 -0.0419464111328125 0.084869384765625
-0.132049560546875 0.062225341796875 -0.0314483642578125 0.195587158203125
-0.0994873046875 0.108695983886719 -0.034942626953125 0.188690185546875
-0.03228759765625 0.143234252929688 0.0067138671875 0.124610900878906
0.06903076171875 0.117012023925781 0.0277328491210937 0.08831787109375
0.110397338867188 0.0357589721679688 0.0206375122070313 0.0571441650390625
0.108909606933594 -0.056732177734375 0.0143394470214844 0.0496902465820312
0.0637054443359375 -0.09735107421875 0.0119514465332031 0.0611190795898438
0.0537948608398437 -0.09515380859375 0.0063934326171875 0.0785598754882813
0.0591201782226563 -0.113601684570313 -0.00845336914062499 0.101829528808594
0.0869903564453125 -0.0960922241210938 -0.0473098754882813 0.0896072387695312
0.126518249511719 -0.03302001953125 -0.0767898559570312 0.0667343139648438
0.122360229492187 0.0410690307617187 -0.0727996826171875 0.0106201171875
0.035675048828125 0.140167236328125 -0.0349826812744141 -0.026519775390625
-0.05352783203125 0.153976440429688 0.00979614257812499 0.0408859252929688
-0.1171875 0.100906372070312 -0.0885772705078125 0.121101379394531
-0.091552734375 -0.023956298828125 -0.067596435546875 0.202743530273437
-0.0906982421875 0.0225830078125 -0.0517425537109375 0.190185546875
-0.0577507019042969 0.0660247802734375 -0.00130462646484375 0.115425109863281
0.0125808715820312 0.0811843872070313 0.00508117675781251 0.08221435546875
0.0557975769042969 0.0402107238769531 -0.00387954711914062 0.062744140625
0.0728607177734375 -0.0201950073242188 -0.00569152832031249 0.0745010375976563
0.0510597229003906 -0.0523757934570313 0.00188446044921875 0.0954971313476563
0.0434532165527344 -0.0548591613769531 0.00263214111328124 0.110328674316406
0.0488204956054688 -0.0695533752441406 -0.0165863037109375 0.132957458496094
0.0666084289550781 -0.0593414306640625 -0.0641708374023438 0.117988586425781
0.0915985107421875 -0.0135269165039063 -0.0965728759765625 0.0805892944335937
0.08184814453125 0.0395278930664063 -0.0904083251953125 0.0137557983398438
0.00480651855468749 0.105430603027344 -0.0443458557128906 -0.0252037048339844
-0.0691146850585938 0.0931396484375 -0.00925827026367188 0.0561790466308594
-0.105674743652344 0.0281982421875 -0.132095336914063 0.13555908203125
0.0604705810546875 0.0568504333496094 0.146621704101562 -0.147247314453125
0.0677680969238281 -0.0254135131835938 0.0381050109863281 -0.0551681518554688
0.00771713256835938 -0.05181884765625 0.0513877868652344 0.0304603576660156
-0.0332489013671875 -0.0334720611572266 0.123069763183594 -0.0024566650390625
-0.0418205261230469 -0.00101089477539062 0.1197509765625 -0.086456298828125
-0.0344505310058594 0.0248928070068359 0.0677642822265625 -0.155166625976563
-0.0293083190917969 0.0176429748535156 0.0111846923828125 -0.167526245117187
-0.0336990356445313 0.00762748718261719 -0.00827789306640624 -0.137413024902344
-0.040435791015625 0.00319290161132812 -0.0043487548828125 -0.11578369140625
-0.0343055725097656 -0.0263175964355469 0.00747680664062501 -0.09649658203125
-0.00482559204101563 -0.0512962341308594 0.00861358642578125 -0.074249267578125
0.0430526733398438 -0.0436897277832031 0.00787353515625001 -0.0815963745117188
0.082672119140625 0.009765625 0.0128250122070313 -0.125808715820313
0.079742431640625 0.0680465698242188 0.043548583984375 -0.192138671875
0.0423507690429688 0.102729797363281 0.0889739990234375 -0.200775146484375
0.0118255615234375 0.135475158691406 0.16644287109375 -0.111434936523438
0.0631523132324219 0.0596847534179687 0.0539093017578125 -0.0336952209472656
0.0435562133789062 0.0171165466308594 0.0611495971679687 0.0429153442382812
0.0303478240966797 -0.00829124450683594 0.136627197265625 0.00684356689453125
0.0166749954223633 -0.0166492462158203 0.133110046386719 -0.0790176391601563
0.00478553771972656 -0.0248661041259766 0.079620361328125 -0.154388427734375
-0.01177978515625 -0.0415153503417969 0.018951416015625 -0.167526245117188
-0.0128097534179687 -0.0469741821289063 -0.00543212890625 -0.13348388671875
-0.0145492553710938 -0.0570602416992188 0.000106811523437492 -0.108085632324219
0.01129150390625 -0.0713729858398437 0.00833129882812501 -0.0916366577148437
0.0575065612792969 -0.0611419677734375 0.00416946411132813 -0.0616416931152344
0.098480224609375 -0.01593017578125 0.00162887573242187 -0.0654144287109375
0.0985183715820313 0.0793914794921875 -0.00225067138671875 -0.106040954589844
0.061553955078125 0.150238037109375 0.0316925048828125 -0.161468505859375
-0.00216674804687498 0.173263549804688 0.0830078125 -0.160232543945313
-0.0444488525390625 0.196548461914063 0.163589477539063 -0.0528564453125
0.0403900146484375 0.142715454101563 0.0600738525390625 0.00790023803710938
0.0706787109375 0.0949020385742188 0.0663108825683594 0.0641517639160156
0.0948715209960938 0.0277023315429688 0.141387939453125 0.0243988037109375
0.0786209106445313 -0.0254058837890625 0.136116027832031 -0.0579986572265625
0.0485076904296875 -0.0701332092285156 0.0865554809570313 -0.133499145507813
0.00970458984375 -0.0942764282226563 0.02630615234375 -0.145919799804688
0.00817108154296874 -0.0942459106445312 -0.000274658203125004 -0.110305786132813
0.00927734375 -0.109512329101563 0.00208282470703125 -0.0818023681640625
0.047210693359375 -0.111099243164063 0.0028228759765625 -0.0689544677734375
0.107208251953125 -0.0729217529296875 -0.00849151611328124 -0.0395393371582031
0.142684936523438 -0.0025177001953125 -0.0116958618164062 -0.0472068786621094
0.115081787109375 0.12750244140625 -0.0180511474609375 -0.0840377807617187
0.0518798828125 0.206466674804687 0.0213394165039063 -0.120033264160156
-0.0374603271484375 0.218765258789063 0.0615234375 -0.102989196777344
-0.0974884033203125 0.2254638671875 0.138832092285156 0.0239334106445313
0.00305175781250001 0.205413818359375 0.0537109375 0.0640983581542969
0.0786895751953125 0.166763305664062 0.0630416870117188 0.090728759765625
0.14398193359375 0.0706024169921875 0.132049560546875 0.0488433837890625
0.131965637207031 -0.022186279296875 0.125617980957031 -0.0259933471679688
0.089324951171875 -0.102294921875 0.0837936401367187 -0.0938262939453125
0.0311965942382813 -0.132461547851563 0.03082275390625 -0.104194641113281
0.0275344848632813 -0.12811279296875 0.00476837158203126 -0.070037841796875
0.02947998046875 -0.146774291992188 0.00371170043945313 -0.0400619506835938
0.0725173950195312 -0.137771606445313 -0.00616836547851562 -0.0324573516845703
0.139335632324219 -0.0808563232421875 -0.0244255065917969 -0.0102424621582031
0.168960571289063 0.0042877197265625 -0.0262336730957031 -0.0266876220703125
0.122528076171875 0.154037475585938 -0.0269737243652344 -0.0632667541503906
0.0407257080078125 0.2347412109375 0.0203704833984375 -0.07427978515625
-0.065155029296875 0.23480224609375 0.0333824157714844 -0.0353164672851562
-0.137939453125 0.212005615234375 0.0915069580078125 0.103744506835938
-0.042327880859375 0.225189208984375 0.033050537109375 0.124778747558594
0.0591888427734375 0.20989990234375 0.0494384765625 0.116668701171875
0.159393310546875 0.109207153320313 0.106452941894531 0.0745391845703125
0.162765502929688 -0.0077667236328125 0.100013732910156 0.0111083984375
0.119651794433594 -0.1129150390625 0.0695724487304688 -0.042236328125
0.0501708984375 -0.1490478515625 0.0312118530273438 -0.0482139587402344
0.042633056640625 -0.141494750976563 0.00907135009765625 -0.019256591796875
0.045135498046875 -0.163070678710937 0.0040435791015625 0.0110511779785156
0.0871734619140625 -0.147109985351563 -0.0176677703857422 0.0117092132568359
0.154769897460938 -0.07867431640625 -0.0407142639160156 0.0216560363769531
0.175994873046875 0.0132904052734375 -0.0417861938476562 -0.00827789306640625
0.111465454101563 0.16497802734375 -0.0296974182128906 -0.0462226867675781
0.0183563232421875 0.234786987304687 0.0240917205810547 -0.0285243988037109
-0.08953857421875 0.219863891601563 -0.000776290893554692 0.0315017700195313
-0.152023315429687 0.158935546875 0.033538818359375 0.171127319335938
-0.0811614990234375 0.194778442382813 0.00177001953124998 0.175796508789062
0.0182037353515625 0.205734252929687 0.0287017822265625 0.13201904296875
0.135772705078125 0.1295166015625 0.0689544677734375 0.09173583984375
0.158035278320313 0.0138702392578125 0.0627212524414063 0.0429229736328125
0.127700805664063 -0.0997848510742187 0.0463409423828125 0.01043701171875
0.06121826171875 -0.14056396484375 0.0257930755615234 0.0113887786865234
0.05096435546875 -0.13330078125 0.0110702514648438 0.0339241027832031
0.0540618896484375 -0.154861450195312 0.00186538696289062 0.0622825622558594
0.092132568359375 -0.137321472167969 -0.0304908752441406 0.0568504333496094
0.152389526367188 -0.06549072265625 -0.0588951110839844 0.0510597229003906
0.163055419921875 0.025726318359375 -0.0581321716308594 0.00616455078125
0.0842742919921875 0.164199829101563 -0.032388687133789 -0.0341606140136719
-0.013824462890625 0.211883544921875 0.0230121612548828 0.0101718902587891
-0.109344482421875 0.177734375 -0.0414047241210938 0.0910491943359375
-0.136138916015625 0.075836181640625 -0.0228729248046875 0.212417602539063
-0.0991744995117188 0.122413635253906 -0.029266357421875 0.203842163085937
-0.0241241455078125 0.155776977539063 0.0101242065429687 0.134246826171875
0.0832138061523438 0.120025634765625 0.0330657958984375 0.0953216552734375
0.120429992675781 0.0303192138671875 0.0261383056640625 0.0621147155761719
0.112129211425781 -0.0685958862304688 0.0208549499511719 0.0529975891113281
0.0609970092773438 -0.10791015625 0.0172882080078125 0.0642776489257812
0.05029296875 -0.1055908203125 0.0116500854492188 0.081329345703125
0.0549240112304687 -0.124961853027344 -0.00263977050781249 0.107620239257812
0.0849838256835938 -0.109344482421875 -0.0452804565429688 0.0979156494140625
0.132713317871094 -0.0442733764648438 -0.0788192749023437 0.0758514404296875
0.133148193359375 0.0356369018554688 -0.07666015625 0.0153274536132813
0.048828125 0.147781372070313 -0.03857421875 -0.0275001525878906
-0.0454559326171875 0.167678833007813 0.0130462646484375 0.04107666015625
-0.118820190429687 0.113121032714844 -0.088104248046875 0.1331787109375
-0.0974655151367188 -0.0190353393554687 -0.061248779296875 0.222763061523437
-0.095001220703125 0.0304336547851563 -0.046722412109375 0.206771850585938
-0.0567245483398438 0.0749359130859375 0.00120544433593751 0.123870849609375
0.0191268920898438 0.085113525390625 0.0080108642578125 0.0897903442382812
0.062591552734375 0.0389175415039063 -0.000240325927734371 0.0693702697753906
0.076019287109375 -0.0266647338867188 0.000244140624999999 0.0801773071289063
0.0501136779785156 -0.0594978332519531 0.0089569091796875 0.101203918457031
0.0418281555175781 -0.0614585876464844 0.009735107421875 0.116477966308594
0.0468673706054687 -0.0773696899414063 -0.00924682617187501 0.141616821289062
0.0660629272460938 -0.0687675476074219 -0.061370849609375 0.129196166992188
0.096588134765625 -0.0211639404296875 -0.0984039306640625 0.0912551879882813
0.090240478515625 0.0373611450195313 -0.095611572265625 0.0192947387695313
0.01263427734375 0.112403869628906 -0.0485343933105469 -0.0255470275878906
-0.0669708251953125 0.103515625 -0.00564193725585938 0.0591049194335938
-0.110832214355469 0.0347442626953125 -0.13330078125 0.151565551757813
0.0695686340332031 0.05535888671875 0.143539428710938 -0.169998168945313
0.0700759887695312 -0.0326881408691406 0.0347175598144531 -0.0624313354492187
0.00425338745117187 -0.0550575256347656 0.0563621520996094 0.0295791625976562
-0.0382232666015625 -0.0322685241699219 0.13043212890625 -0.011383056640625
-0.0441093444824219 0.00267028808593749 0.120170593261719 -0.1011962890625
-0.0337142944335937 0.0285892486572266 0.057769775390625 -0.169540405273437
-0.0286769866943359 0.0208644866943359 -0.0034942626953125 -0.177871704101562
-0.0346851348876953 0.0120277404785156 -0.021942138671875 -0.143905639648438
-0.04241943359375 0.00716018676757813 -0.0166473388671875 -0.121475219726563
-0.0383224487304688 -0.0245857238769531 -0.00242614746093751 -0.103233337402344
-0.00968551635742188 -0.0531234741210937 0.000984191894531253 -0.0821914672851563
0.0412712097167969 -0.0503921508789063 0.0026702880859375 -0.090576171875
0.0883331298828125 0.00238800048828125 0.0062103271484375 -0.134796142578125
0.0900115966796875 0.0652618408203125 0.0312652587890625 -0.207977294921875
0.0541610717773438 0.105674743652344 0.0770721435546875 -0.224609375
0.02496337890625 0.143524169921875 0.167312622070313 -0.134445190429688
0.0730667114257813 0.05767822265625 0.0535202026367188 -0.0400733947753906
0.0490875244140625 0.0144996643066406 0.0675468444824219 0.0421485900878906
0.0325183868408203 -0.0116539001464844 0.145339965820313 -0.0030517578125
0.0163345336914063 -0.0192489624023438 0.134521484375 -0.0933380126953125
0.00287628173828125 -0.0282306671142578 0.0709381103515625 -0.169662475585938
-0.0160560607910156 -0.0429039001464844 0.0042724609375 -0.178665161132813
-0.0181541442871094 -0.04791259765625 -0.0182723999023438 -0.139854431152344
-0.02142333984375 -0.0588264465332031 -0.0116043090820313 -0.114166259765625
0.00463104248046876 -0.0768890380859375 -0.00188446044921876 -0.0974960327148437
0.0554695129394531 -0.0695266723632813 -0.003143310546875 -0.0682907104492188
0.103385925292969 -0.0264129638671875 -0.00242614746093749 -0.0732650756835938
0.111862182617187 0.0756454467773437 -0.009246826171875 -0.11309814453125
0.079315185546875 0.15435791015625 0.0212249755859375 -0.173675537109375
0.0129241943359375 0.185089111328125 0.07354736328125 -0.181289672851563
-0.029205322265625 0.213394165039063 0.170608520507813 -0.0703887939453125
0.0571441650390625 0.147720336914063 0.0636253356933594 0.00312423706054688
0.0850830078125 0.0946197509765625 0.074493408203125 0.064910888671875
0.104164123535156 0.0204010009765625 0.15167236328125 0.016265869140625
0.0814285278320313 -0.0346527099609375 0.140144348144531 -0.07147216796875
0.04510498046875 -0.08038330078125 0.0806427001953125 -0.147964477539063
0.00109100341796876 -0.100807189941406 0.0136566162109375 -0.1566162109375
-0.000320434570312499 -0.100364685058594 -0.0114517211914063 -0.115562438964844
-0.001251220703125 -0.117149353027344 -0.00674438476562501 -0.0864639282226563
0.0387725830078125 -0.122222900390625 -0.00632476806640625 -0.0732269287109375
0.106170654296875 -0.0875930786132813 -0.0147056579589844 -0.0431175231933594
0.151748657226563 -0.0164947509765625 -0.0152397155761719 -0.052398681640625
0.134765625 0.124351501464844 -0.0236282348632812 -0.0889739990234375
0.0748138427734375 0.214675903320313 0.0139236450195313 -0.129898071289063
-0.021026611328125 0.236984252929688 0.055877685546875 -0.118255615234375
-0.0827484130859375 0.249465942382813 0.150039672851563 0.0134735107421875
0.0235443115234375 0.21661376953125 0.0611076354980469 0.0637626647949219
0.100738525390625 0.1695556640625 0.0719223022460938 0.093414306640625
0.16009521484375 0.0601959228515625 0.1429443359375 0.0435943603515625
0.138656616210937 -0.0371322631835937 0.131790161132812 -0.0360336303710938
0.0847854614257813 -0.117942810058594 0.0815505981445313 -0.105697631835938
0.020477294921875 -0.143585205078125 0.0231552124023437 -0.113082885742188
0.0167312622070312 -0.137504577636719 -0.00211334228515624 -0.0741729736328125
0.0157623291015625 -0.158584594726563 -0.00113296508789063 -0.0425567626953125
0.061767578125 -0.153060913085938 -0.0129470825195312 -0.0342369079589844
0.139289855957031 -0.100563049316406 -0.0283546447753906 -0.0101070404052734
0.180938720703125 -0.0120849609375 -0.0296669006347656 -0.0289516448974609
0.146026611328125 0.151275634765625 -0.0320358276367187 -0.0658798217773437
0.0670166015625 0.244979858398438 0.015655517578125 -0.0814590454101563
-0.048919677734375 0.256149291992187 0.0313301086425781 -0.0445632934570312
-0.1259765625 0.238983154296875 0.107452392578125 0.102973937988281
-0.023529052734375 0.242919921875 0.0441436767578125 0.130050659179688
0.083099365234375 0.217422485351562 0.0590667724609375 0.1214599609375
0.180328369140625 0.100433349609375 0.11737060546875 0.0729522705078125
0.172393798828125 -0.0236663818359375 0.107276916503906 0.00542449951171875
0.115730285644531 -0.132164001464844 0.0719146728515625 -0.0499725341796875
0.038665771484375 -0.162918090820312 0.0286979675292969 -0.0539741516113281
0.0307464599609375 -0.154052734375 0.00656890869140625 -0.0215358734130859
0.0301055908203125 -0.17767333984375 0.00400352478027344 0.0107269287109375
0.0767669677734375 -0.164810180664063 -0.0195426940917969 0.0138912200927734
0.155776977539063 -0.0998077392578125 -0.0429229736328125 0.0255355834960937
0.188552856445313 -0.0029754638671875 -0.0440635681152344 -0.00699996948242188
0.136032104492188 0.164703369140625 -0.0338630676269531 -0.0475578308105469
0.0437164306640625 0.247650146484375 0.023406982421875 -0.0338268280029297
-0.075164794921875 0.242202758789063 0.00032234191894531 0.0313491821289063
-0.1455078125 0.184036254882813 0.0514373779296875 0.180130004882813
-0.0683441162109375 0.213485717773438 0.01495361328125 0.186172485351563
0.040252685546875 0.216583251953125 0.0383453369140625 0.139419555664062
0.157196044921875 0.12408447265625 0.0788040161132813 0.0942001342773438
0.16949462890625 -0.000457763671875 0.0710601806640625 0.0420761108398438
0.126182556152344 -0.1192626953125 0.0528755187988281 0.00732421874999999
0.0507659912109375 -0.155059814453125 0.0285682678222656 0.00950050354003905
0.040435791015625 -0.146209716796875 0.0148983001708984 0.034332275390625
0.04083251953125 -0.16973876953125 0.00722885131835938 0.064910888671875
0.082794189453125 -0.154617309570313 -0.0283737182617187 0.0626258850097656
0.154815673828125 -0.0849609375 -0.0584602355957031 0.0589714050292969
0.17578125 0.011505126953125 -0.0601577758789062 0.0101966857910156
0.106613159179687 0.16680908203125 -0.0364494323730469 -0.0348472595214844
0.0070648193359375 0.225357055664063 0.0257854461669922 0.00679969787597658
-0.100677490234375 0.198211669921875 -0.0371170043945313 0.0980606079101563
-0.136505126953125 0.0942001342773438 -0.0055084228515625 0.230010986328125
-0.093292236328125 0.138969421386719 -0.01593017578125 0.218902587890625
-0.01068115234375 0.166778564453125 0.0184173583984375 0.14276123046875
0.100669860839844 0.118881225585938 0.0411529541015625 0.10162353515625
0.131156921386719 0.0210494995117188 0.0333900451660156 0.0658035278320313
0.11175537109375 -0.0840835571289063 0.0284461975097656 0.05499267578125
0.0540542602539063 -0.120124816894531 0.0247802734375 0.0658683776855469
0.0427398681640625 -0.115997314453125 0.0194778442382813 0.0849075317382812
0.0452423095703125 -0.138153076171875 0.0070343017578125 0.114097595214844
0.0783767700195313 -0.124702453613281 -0.0404205322265625 0.107261657714844
0.136322021484375 -0.0606002807617188 -0.0773239135742187 0.086700439453125
0.1451416015625 0.0247955322265625 -0.0795669555664062 0.0222244262695313
0.0665435791015625 0.152633666992188 -0.0425949096679687 -0.0274085998535156
-0.0312042236328125 0.180816650390625 0.0177879333496094 0.0406455993652344
-0.115875244140625 0.130615234375 -0.082672119140625 0.147918701171875
-0.104194641113281 -0.01068115234375 -0.0452117919921875 0.245574951171875
-0.0969467163085938 0.0412750244140625 -0.0341339111328125 0.224258422851563
-0.052398681640625 0.0847549438476563 0.00829315185546874 0.132652282714844
0.0297088623046875 0.0879287719726563 0.0147171020507813 0.0978240966796875
0.0699043273925781 0.0347175598144531 0.00697326660156251 0.0753250122070313
0.0773544311523438 -0.0370864868164063 0.00991821289062501 0.0854721069335938
0.0469589233398438 -0.0677261352539063 0.0195388793945313 0.105461120605469
0.0377883911132813 -0.0690231323242188 0.0208587646484375 0.121292114257813
0.0416717529296875 -0.0867462158203125 0.003082275390625 0.149856567382813
0.063232421875 -0.0788421630859375 -0.0539703369140625 0.1419677734375
0.100395202636719 -0.0313949584960937 -0.0960693359375 0.105491638183594
0.0990676879882813 0.03082275390625 -0.099822998046875 0.0284194946289063
0.0244903564453125 0.118476867675781 -0.0539627075195312 -0.0244712829589844
-0.060302734375 0.115005493164063 -0.000720977783203135 0.0606613159179688
-0.114418029785156 0.0454788208007812 -0.129150390625 0.172225952148438
0.0768508911132813 0.051177978515625 0.131088256835938 -0.192733764648438
0.0697669982910156 -0.0408935546875 0.028778076171875 -0.0683517456054688
-0.0010223388671875 -0.057403564453125 0.0614356994628906 0.0264892578125
-0.0428390502929688 -0.0284500122070313 0.134674072265625 -0.0240325927734375
-0.0452346801757813 0.00738525390625001 0.114540100097656 -0.11614990234375
-0.0316123962402344 0.0325679779052734 0.0420074462890625 -0.180816650390625
-0.0277004241943359 0.0240592956542969 -0.02288818359375 -0.182769775390625
-0.0342941284179688 0.0169620513916016 -0.0389404296875 -0.145050048828125
-0.0426597595214844 0.0123634338378906 -0.0312652587890625 -0.123695373535156
-0.0421257019042969 -0.0202560424804688 -0.0151824951171875 -0.106285095214844
-0.0165481567382813 -0.0528640747070313 -0.00876617431640625 -0.0873947143554688
0.0371932983398438 -0.0561103820800781 -0.00548553466796875 -0.0978851318359375
0.0912857055664063 -0.00766754150390625 -0.00438690185546874 -0.140419006347656
0.0993194580078125 0.0589370727539063 0.01348876953125 -0.218353271484375
0.066680908203125 0.104804992675781 0.057342529296875 -0.243911743164063
0.03948974609375 0.14678955078125 0.160140991210938 -0.15753173828125
0.08233642578125 0.0520095825195313 0.0510406494140625 -0.0481719970703125
0.0534706115722656 0.00923919677734375 0.0735549926757813 0.0389328002929688
0.0328407287597656 -0.0157527923583984 0.150344848632813 -0.01568603515625
0.0157756805419922 -0.0223770141601563 0.1307373046875 -0.108856201171875
-0.000295639038085938 -0.0303802490234375 0.0567779541015625 -0.181594848632813
-0.0210342407226563 -0.0430374145507813 -0.0149078369140625 -0.184005737304688
-0.02435302734375 -0.0468254089355469 -0.0347900390625 -0.14166259765625
-0.0288009643554688 -0.0590476989746094 -0.0251312255859375 -0.115989685058594
-0.00456237792968751 -0.0792236328125 -0.0143585205078125 -0.100364685058594
0.0494003295898437 -0.077606201171875 -0.01171875 -0.0725936889648438
0.104042053222656 -0.0387344360351563 -0.00924682617187499 -0.0794219970703125
0.123970031738281 0.0659332275390625 -0.0176162719726562 -0.117118835449219
0.098541259765625 0.150772094726563 0.00596618652343749 -0.18365478515625
0.031341552734375 0.191268920898438 0.0567169189453125 -0.199417114257813
-0.00825500488281252 0.224960327148438 0.171096801757812 -0.091217041015625
0.07440185546875 0.146820068359375 0.0650253295898438 -0.00301742553710937
0.0997695922851563 0.0885772705078125 0.0819015502929688 0.0620651245117188
0.110809326171875 0.00887298583984375 0.15869140625 0.004119873046875
0.0806961059570313 -0.0447006225585938 0.13916015625 -0.0868377685546875
0.0370254516601562 -0.0898284912109375 0.06915283203125 -0.160003662109375
-0.0102157592773438 -0.104454040527344 -0.00178527832031249 -0.162841796875
-0.0119781494140625 -0.103233337402344 -0.0245590209960937 -0.117469787597656
-0.0150985717773438 -0.120941162109375 -0.0172576904296875 -0.0883407592773438
0.02581787109375 -0.130195617675781 -0.0174636840820312 -0.0750274658203125
0.100059509277344 -0.10211181640625 -0.0219688415527344 -0.045135498046875
0.155624389648438 -0.03387451171875 -0.0202674865722656 -0.0560531616210937
0.154800415039063 0.113693237304688 -0.030914306640625 -0.0911712646484375
0.101364135742188 0.214202880859375 0.00214385986328127 -0.136947631835938
0.00280761718749999 0.24847412109375 0.0442733764648438 -0.132232666015625
-0.0596466064453125 0.267059326171875 0.15789794921875 -0.00215148925781248
0.04815673828125 0.22113037109375 0.0687255859375 0.0599403381347656
0.123260498046875 0.163864135742188 0.0820388793945313 0.092803955078125
0.1732177734375 0.04376220703125 0.1524658203125 0.0336151123046875
0.139656066894531 -0.0536880493164063 0.133781433105469 -0.0485153198242188
0.0736846923828125 -0.132621765136719 0.0754776000976563 -0.11688232421875
0.00526428222656251 -0.150543212890625 0.0122833251953125 -0.118988037109375
0.00144958496093749 -0.143798828125 -0.0113906860351562 -0.0761184692382813
-0.00277709960937501 -0.165664672851563 -0.00662612915039062 -0.0437660217285156
0.0449371337890625 -0.165664672851563 -0.0197582244873047 -0.0336971282958984
0.132957458496094 -0.11968994140625 -0.0321674346923828 -0.00880050659179689
0.186538696289062 -0.0332794189453125 -0.0326309204101562 -0.0303421020507813
0.169143676757813 0.140533447265625 -0.0374336242675781 -0.06695556640625
0.0972137451171875 0.245208740234375 0.00908660888671876 -0.087554931640625
-0.0238800048828125 0.271560668945313 0.0258102416992188 -0.0524978637695312
-0.1044921875 0.261795043945313 0.1226806640625 0.0964813232421875
0.00178527832031247 0.25262451171875 0.0573883056640625 0.130416870117188
0.110260009765625 0.214141845703125 0.0703811645507813 0.122413635253906
0.198837280273438 0.0833740234375 0.127326965332031 0.0669631958007813
0.175949096679688 -0.043975830078125 0.112251281738281 -0.0028533935546875
0.104263305664063 -0.150558471679688 0.0708999633789063 -0.0589447021484375
0.02166748046875 -0.172821044921875 0.0240631103515625 -0.0589027404785157
0.014984130859375 -0.16253662109375 0.00436782836914063 -0.0229015350341797
0.00999450683593748 -0.187164306640625 0.00455760955810547 0.0104913711547851
0.0594329833984375 -0.179702758789063 -0.0213737487792969 0.0163631439208984
0.150741577148438 -0.121871948242188 -0.0426139831542969 0.0305595397949219
0.195648193359375 -0.024871826171875 -0.0455589294433594 -0.00612258911132812
0.160232543945313 0.154769897460938 -0.0398597717285156 -0.0482215881347656
0.07330322265625 0.250396728515625 0.0204048156738281 -0.0386695861816406
-0.052642822265625 0.259017944335938 0.00194931030273437 0.029745101928711
-0.13006591796875 0.20648193359375 0.07220458984375 0.182708740234375
-0.0470123291015625 0.227310180664063 0.0327911376953125 0.191940307617188
0.06488037109375 0.219833374023438 0.050750732421875 0.142959594726563
0.176223754882812 0.110443115234375 0.0896072387695313 0.0924911499023438
0.175506591796875 -0.0195465087890625 0.0783233642578125 0.0391693115234375
0.115829467773438 -0.137794494628906 0.0572357177734375 0.00252151489257812
0.0353851318359375 -0.165435791015625 0.0317649841308594 0.00661277770996093
0.0257110595703125 -0.155227661132813 0.0178585052490234 0.0330066680908203
0.021942138671875 -0.180282592773438 0.0143280029296875 0.0657234191894531
0.0665283203125 -0.169113159179688 -0.0243301391601562 0.067474365234375
0.1502685546875 -0.106109619140625 -0.0545501708984375 0.0662994384765625
0.183837890625 -0.008148193359375 -0.0606193542480469 0.0149917602539062
0.130355834960938 0.160491943359375 -0.0408897399902344 -0.0342445373535156
0.032928466796875 0.231277465820312 0.0279331207275391 0.00250816345214845
-0.0828399658203125 0.216415405273438 -0.0297698974609375 0.103721618652344
-0.130401611328125 0.112594604492188 0.0186920166015625 0.240753173828125
-0.0809173583984375 0.15325927734375 0.0039825439453125 0.228668212890625
0.00744628906249999 0.174362182617188 0.030029296875 0.148056030273438
0.117103576660156 0.111679077148438 0.0511703491210937 0.104209899902344
0.138656616210937 0.00693511962890625 0.0432281494140625 0.0662117004394531
0.105003356933594 -0.100975036621094 0.03839111328125 0.05364990234375
0.0416717529296875 -0.130516052246094 0.0336380004882813 0.0645065307617187
0.031463623046875 -0.125175476074219 0.0280075073242188 0.0843505859375
0.030181884765625 -0.148529052734375 0.0186309814453125 0.115425109863281
0.0661697387695313 -0.137687683105469 -0.0316085815429687 0.115089416503906
0.134552001953125 -0.0792465209960937 -0.0701751708984375 0.0977096557617188
0.153549194335938 0.0098114013671875 -0.0791168212890625 0.0299835205078125
0.0868072509765625 0.149826049804688 -0.04693603515625 -0.0255813598632812
-0.0120086669921875 0.1890869140625 0.0217132568359375 0.0384979248046875
-0.106536865234375 0.147262573242188 -0.07080078125 0.16082763671875
-0.107673645019531 0.000541687011718769 -0.020294189453125 0.26214599609375
-0.0950775146484375 0.0532913208007812 -0.014251708984375 0.2364501953125
-0.0452194213867188 0.0933761596679688 0.0185623168945312 0.138412475585938
0.0412445068359375 0.086578369140625 0.0238494873046875 0.102783203125
0.0768051147460938 0.0275802612304688 0.0157089233398438 0.079833984375
0.0755844116210938 -0.0473175048828125 0.0219039916992188 0.0873947143554687
0.0405197143554688 -0.075408935546875 0.032745361328125 0.10626220703125
0.031280517578125 -0.0754165649414062 0.0342559814453125 0.121757507324219
0.0329818725585938 -0.0948257446289063 0.019622802734375 0.15399169921875
0.0551071166992187 -0.0882720947265625 -0.0407867431640625 0.152145385742188
0.100440979003906 -0.0451583862304688 -0.088623046875 0.118370056152344
0.10614013671875 0.0224227905273438 -0.10009765625 0.03948974609375
0.0382919311523437 0.120079040527344 -0.0580673217773437 -0.0210838317871094
-0.0500640869140625 0.124008178710938 0.005157470703125 0.06121826171875
-0.11358642578125 0.0584335327148438 -0.115798950195313 0.191497802734375
0.0823516845703125 0.0440521240234375 0.114395141601563 -0.208084106445313
0.0663261413574219 -0.0483551025390625 0.020294189453125 -0.07183837890625
-0.00711822509765625 -0.0564460754394531 0.0638427734375 0.0241928100585937
-0.0449943542480469 -0.0241661071777344 0.135749816894531 -0.0356521606445313
-0.0445098876953125 0.011749267578125 0.104804992675781 -0.125595092773438
-0.0277786254882813 0.0354156494140625 0.0254669189453125 -0.183670043945312
-0.0243644714355469 0.0258102416992188 -0.0412445068359375 -0.1802978515625
-0.0328807830810547 0.0211811065673828 -0.0533294677734375 -0.139801025390625
-0.0416641235351563 0.0175323486328125 -0.0440521240234375 -0.120353698730469
-0.0441856384277344 -0.0160789489746094 -0.0267791748046875 -0.106132507324219
-0.0207786560058594 -0.0507087707519531 -0.0188369750976563 -0.089691162109375
0.0320396423339844 -0.0600814819335938 -0.0145492553710937 -0.101394653320313
0.0899887084960938 -0.0156478881835938 -0.014404296875 -0.14190673828125
0.105308532714844 0.05029296875 -0.00405883789062497 -0.22216796875
0.0772857666015625 0.0997238159179688 0.03369140625 -0.255172729492187
0.0544281005859375 0.14501953125 0.146743774414063 -0.175430297851563
0.086578369140625 0.0448532104492188 0.0444221496582031 -0.0529518127441406
0.0549736022949219 0.005218505859375 0.0773162841796875 0.0350418090820313
0.0316963195800781 -0.0203075408935547 0.151626586914063 -0.0278778076171875
0.0140457153320312 -0.023681640625 0.121849060058594 -0.1197509765625
-0.00383377075195313 -0.0313644409179688 0.0394744873046875 -0.186538696289062
-0.0253791809082031 -0.041015625 -0.032623291015625 -0.182876586914063
-0.0292778015136719 -0.04583740234375 -0.0476837158203125 -0.137344360351563
-0.0365180969238281 -0.0557441711425781 -0.037506103515625 -0.114067077636719
-0.011749267578125 -0.0803604125976563 -0.02630615234375 -0.099090576171875
0.0421600341796875 -0.0836944580078125 -0.0203857421875 -0.0728073120117188
0.101615905761719 -0.0490493774414063 -0.0178756713867187 -0.0831451416015625
0.130752563476563 0.0548171997070313 -0.0265731811523437 -0.117546081542969
0.113021850585938 0.143173217773438 -0.00885009765624997 -0.18511962890625
0.0499420166015625 0.190658569335937 0.0384979248046875 -0.208847045898437
0.0122833251953125 0.228866577148437 0.16400146484375 -0.109451293945312
0.0894393920898438 0.139427185058594 0.0635108947753906 -0.00938415527343749
0.109268188476562 0.079742431640625 0.0878829956054687 0.0574111938476563
0.113677978515625 -0.0026397705078125 0.160537719726562 -0.008392333984375
0.0782470703125 -0.053192138671875 0.133598327636719 -0.0986328125
0.0276947021484375 -0.0949554443359375 0.0556793212890625 -0.166213989257813
-0.0196075439453125 -0.105522155761719 -0.017822265625 -0.162734985351563
-0.0226364135742188 -0.103019714355469 -0.037109375 -0.114120483398438
-0.0275192260742187 -0.119178771972656 -0.0282363891601563 -0.0866851806640625
0.0117645263671875 -0.132682800292969 -0.0275421142578125 -0.0728988647460938
0.08966064453125 -0.113616943359375 -0.028961181640625 -0.0438919067382813
0.154342651367188 -0.049835205078125 -0.0254859924316406 -0.0583229064941406
0.166549682617188 0.100555419921875 -0.0377578735351562 -0.0909347534179688
0.123550415039063 0.204498291015625 -0.00902557373046873 -0.138198852539063
0.0251312255859375 0.251373291015625 0.0308990478515625 -0.139564514160156
-0.03466796875 0.27435302734375 0.159378051757813 -0.01776123046875
0.06878662109375 0.21630859375 0.0723876953125 0.053558349609375
0.140213012695313 0.153427124023437 0.0885009765625 0.08837890625
0.179931640625 0.0264129638671875 0.156539916992188 0.0235443115234375
0.135627746582031 -0.0692367553710938 0.131942749023438 -0.0595474243164063
0.06109619140625 -0.14276123046875 0.0661849975585938 -0.124458312988281
-0.00997924804687501 -0.15216064453125 0.00202941894531249 -0.120521545410156
-0.0128326416015625 -0.145156860351562 -0.0198211669921875 -0.07586669921875
-0.0204925537109375 -0.166458129882813 -0.0116653442382813 -0.0429458618164063
0.02734375 -0.171417236328125 -0.0254859924316406 -0.0312252044677734
0.121513366699219 -0.135307312011719 -0.0341205596923828 -0.00675201416015626
0.18426513671875 -0.0534515380859375 -0.0367012023925781 -0.0319099426269531
0.184249877929687 0.125091552734375 -0.0429496765136718 -0.0661964416503906
0.12353515625 0.236968994140625 0.0021209716796875 -0.0897979736328125
0.000793457031249999 0.277130126953125 0.0191574096679687 -0.0579147338867187
-0.0794525146484375 0.2735595703125 0.133674621582031 0.0847320556640625
0.027374267578125 0.251998901367187 0.0687026977539063 0.12493896484375
0.13275146484375 0.206756591796875 0.0788497924804688 0.120338439941406
0.2093505859375 0.0637664794921875 0.134681701660156 0.05877685546875
0.172119140625 -0.0619964599609375 0.114891052246094 -0.0104751586914063
0.0887603759765625 -0.161895751953125 0.0692100524902344 -0.0655097961425781
0.00375366210937502 -0.17669677734375 0.0189399719238281 -0.0620956420898438
-0.000854492187499997 -0.165557861328125 0.00077056884765625 -0.0244884490966797
-0.010162353515625 -0.18804931640625 0.00462818145751953 0.0101566314697265
0.038909912109375 -0.186050415039063 -0.0219135284423828 0.0196495056152344
0.138763427734375 -0.13848876953125 -0.0421943664550781 0.0333938598632812
0.19482421875 -0.0459747314453125 -0.0471878051757812 -0.00449752807617188
0.177734375 0.1400146484375 -0.0436134338378906 -0.0470657348632813
0.09906005859375 0.244384765625 0.0176200866699219 -0.0424423217773437
-0.029693603515625 0.266616821289063 0.00230789184570312 0.0281238555908203
-0.110321044921875 0.220001220703125 0.09185791015625 0.17755126953125
-0.0249176025390625 0.232894897460938 0.0501708984375 0.19012451171875
0.086669921875 0.215240478515625 0.0609588623046875 0.142990112304688
0.188720703125 0.09307861328125 0.0984115600585938 0.0884017944335938
0.17559814453125 -0.037811279296875 0.0839614868164063 0.0342636108398438
0.1019287109375 -0.151657104492188 0.0604324340820313 -0.00314712524414063
0.018280029296875 -0.170181274414063 0.0331439971923828 0.00231933593749999
0.00923156738281249 -0.15936279296875 0.0207977294921875 0.0310688018798828
0.00311279296874998 -0.184814453125 0.0188484191894531 0.0652503967285156
0.04827880859375 -0.17730712890625 -0.0198211669921875 0.0698966979980469
0.1412353515625 -0.123916625976563 -0.0491943359375 0.0713653564453125
0.185653686523437 -0.0269622802734375 -0.0589408874511719 0.0178413391113281
0.1473388671875 0.1483154296875 -0.0440483093261719 -0.0327568054199219
0.0567169189453125 0.228469848632813 0.0282630920410156 -0.00203514099121092
-0.063201904296875 0.226318359375 -0.0212249755859375 0.106437683105469
-0.119514465332031 0.125709533691406 0.0442657470703125 0.244033813476563
-0.066558837890625 0.162979125976563 0.0239715576171875 0.230758666992188
0.02490234375 0.173583984375 0.0410003662109375 0.148712158203125
0.129966735839844 0.09979248046875 0.0598220825195313 0.104141235351563
0.140899658203125 -0.005767822265625 0.0488510131835938 0.0657234191894531
0.09600830078125 -0.112014770507812 0.0456199645996094 0.0503196716308594
0.028717041015625 -0.136253356933594 0.0400352478027344 0.0607948303222656
0.01824951171875 -0.129615783691406 0.03570556640625 0.0811614990234375
0.0144805908203125 -0.15301513671875 0.0300674438476562 0.114250183105469
0.052459716796875 -0.14569091796875 -0.0216827392578125 0.116363525390625
0.128173828125 -0.0938568115234375 -0.063262939453125 0.104591369628906
0.156692504882812 -0.0062408447265625 -0.077392578125 0.0376434326171875
0.103073120117188 0.14190673828125 -0.0500717163085938 -0.0244293212890625
0.00689697265624999 0.191543579101563 0.02484130859375 0.0339336395263672
-0.0928192138671875 0.156829833984375 -0.057037353515625 0.166763305664063
-0.107002258300781 0.010833740234375 0.0062103271484375 0.26898193359375
-0.0891647338867187 0.0617599487304688 0.00721740722656247 0.241485595703125
-0.0361099243164063 0.0986175537109375 0.0286407470703125 0.138969421386719
0.0508193969726563 0.08282470703125 0.0321502685546875 0.105690002441406
0.0814132690429688 0.0198745727539063 0.0250701904296875 0.0797348022460938
0.0695533752441406 -0.0553207397460938 0.0314178466796875 0.0843048095703125
0.0331268310546875 -0.0796051025390625 0.0429153442382813 0.103691101074219
0.0238723754882812 -0.0802764892578125 0.046234130859375 0.117759704589844
0.02459716796875 -0.0993423461914063 0.0336151123046875 0.15179443359375
0.0453643798828125 -0.0943145751953125 -0.0277252197265625 0.156723022460938
0.098724365234375 -0.054962158203125 -0.0790939331054688 0.127548217773438
0.110313415527344 0.0121307373046875 -0.0967788696289063 0.0464401245117188
0.0513076782226563 0.117546081542969 -0.0605545043945313 -0.0181121826171875
-0.0372238159179688 0.128692626953125 0.0104751586914062 0.0583000183105469
-0.109245300292969 0.0672683715820312 -0.0990295410156251 0.202362060546875
0.084564208984375 0.0397796630859375 0.09912109375 -0.216583251953125
0.062530517578125 -0.0528526306152344 0.013885498046875 -0.0734481811523438
-0.00865936279296876 -0.0572090148925781 0.0653572082519531 0.02099609375
-0.0470809936523437 -0.021453857421875 0.133270263671875 -0.0433349609375
-0.0427780151367188 0.0144195556640625 0.098358154296875 -0.132720947265625
-0.0275459289550781 0.0378684997558594 0.0140228271484375 -0.185043334960938
-0.0233230590820312 0.0285930633544922 -0.0525360107421875 -0.17718505859375
-0.0309658050537109 0.0238990783691406 -0.0627365112304688 -0.136444091796875
-0.0402488708496094 0.02044677734375 -0.0538330078125 -0.117462158203125
-0.0454254150390625 -0.0120315551757812 -0.035858154296875 -0.103416442871094
-0.0241966247558594 -0.048858642578125 -0.0267410278320313 -0.0911331176757813
0.0268592834472656 -0.0631370544433594 -0.0219573974609375 -0.103775024414063
0.0892410278320313 -0.0220794677734375 -0.0200958251953125 -0.142257690429688
0.109138488769531 0.0436019897460937 -0.0169677734375 -0.222869873046875
0.084716796875 0.0957870483398437 0.0176544189453125 -0.260665893554688
0.062957763671875 0.142868041992187 0.134735107421875 -0.1864013671875
0.0911941528320313 0.0373458862304688 0.0402412414550781 -0.0566368103027344
0.0571937561035156 0.0008544921875 0.0785064697265625 0.0329055786132813
0.0316829681396484 -0.0225086212158203 0.151092529296875 -0.0363616943359375
0.0127315521240234 -0.025848388671875 0.116500854492188 -0.128097534179688
-0.00724411010742188 -0.0321903228759766 0.02880859375 -0.18890380859375
-0.02886962890625 -0.0398368835449219 -0.045135498046875 -0.180023193359375
-0.0320167541503906 -0.04156494140625 -0.058868408203125 -0.133186340332031
-0.0399589538574219 -0.0522994995117188 -0.04718017578125 -0.110641479492187
-0.0191497802734375 -0.0777587890625 -0.0356216430664062 -0.0968856811523438
0.0357742309570313 -0.0859375 -0.0271682739257812 -0.0738296508789063
0.0975494384765625 -0.0571746826171875 -0.0228195190429688 -0.08563232421875
0.13494873046875 0.0451202392578125 -0.0311050415039062 -0.117599487304687
0.124549865722656 0.135177612304688 -0.0181732177734375 -0.186325073242187
0.063568115234375 0.189926147460937 0.0227203369140625 -0.215652465820313
0.0298614501953125 0.229034423828125 0.156524658203125 -0.12158203125
0.099609375 0.133125305175781 0.0624847412109375 -0.0141105651855469
0.116828918457031 0.0723953247070312 0.0894699096679688 0.0555572509765625
0.114479064941406 -0.0114593505859375 0.16131591796875 -0.015899658203125
0.0738449096679688 -0.06024169921875 0.127510070800781 -0.105735778808594
0.0193939208984375 -0.0976638793945313 0.0455322265625 -0.169906616210938
-0.0288314819335937 -0.1041259765625 -0.0283966064453125 -0.160659790039063
-0.02996826171875 -0.100395202636719 -0.0455474853515625 -0.111503601074219
-0.0375137329101562 -0.1173095703125 -0.034454345703125 -0.0843048095703125
0.000526428222656257 -0.133499145507813 -0.0348739624023438 -0.07049560546875
0.0822067260742188 -0.120735168457031 -0.0322456359863281 -0.044342041015625
0.150634765625 -0.06256103515625 -0.0296249389648438 -0.0618629455566406
0.173873901367187 0.0872039794921875 -0.04022216796875 -0.090484619140625
0.138275146484375 0.196578979492188 -0.0159759521484375 -0.139846801757813
0.0432586669921875 0.252059936523438 0.0194549560546875 -0.145263671875
-0.0144805908203125 0.2784423828125 0.158920288085938 -0.02886962890625
0.084014892578125 0.210968017578125 0.0752487182617187 0.0479202270507813
0.152664184570313 0.144256591796875 0.0938949584960938 0.085906982421875
0.18231201171875 0.013397216796875 0.158111572265625 0.0154571533203125
0.131256103515625 -0.0791168212890625 0.129127502441406 -0.0658187866210938
0.0489959716796875 -0.147491455078125 0.0596694946289062 -0.129127502441406
-0.0214080810546875 -0.15240478515625 -0.00765991210937501 -0.120658874511719
-0.0242462158203125 -0.143310546875 -0.0263671875 -0.0732955932617188
-0.0340423583984375 -0.16436767578125 -0.0168876647949219 -0.0428352355957031
0.0133514404296875 -0.172439575195313 -0.0305538177490234 -0.0289649963378906
0.110733032226563 -0.1453857421875 -0.0370521545410156 -0.00505828857421875
0.18133544921875 -0.06781005859375 -0.0385932922363281 -0.0327491760253906
0.1949462890625 0.11102294921875 -0.04620361328125 -0.06591796875
0.139968872070313 0.228515625 -0.00266265869140624 -0.0924835205078125
0.019866943359375 0.278366088867188 0.0140113830566406 -0.0613441467285156
-0.0596466064453125 0.279510498046875 0.139472961425781 0.0747909545898438
0.044097900390625 0.249847412109375 0.0747833251953125 0.120162963867188
0.14788818359375 0.19732666015625 0.085174560546875 0.118133544921875
0.214004516601563 0.0474700927734375 0.137351989746094 0.0544052124023438
0.169143676757813 -0.074554443359375 0.114356994628906 -0.0164794921875
0.075408935546875 -0.1708984375 0.065582275390625 -0.0709381103515625
-0.009490966796875 -0.176467895507813 0.0142974853515625 -0.0634231567382813
-0.01483154296875 -0.164352416992188 -0.00275802612304687 -0.0241069793701172
-0.0250396728515625 -0.188690185546875 0.00368070602416992 0.00811386108398436
0.023712158203125 -0.18878173828125 -0.022918701171875 0.0205707550048828
0.12689208984375 -0.150787353515625 -0.0398139953613281 0.0355911254882812
0.191680908203125 -0.061798095703125 -0.0472488403320312 -0.00449752807617188
0.188995361328125 0.126220703125 -0.0455970764160156 -0.0466957092285156
0.118240356445312 0.236465454101563 0.015380859375 -0.0461044311523437
-0.010650634765625 0.271133422851563 0.00319862365722656 0.0253143310546875
-0.093994140625 0.228622436523438 0.104095458984375 0.171951293945313
-0.00865173339843752 0.23382568359375 0.060546875 0.186752319335938
0.10302734375 0.209991455078125 0.0675201416015625 0.14007568359375
0.196914672851562 0.0789642333984375 0.102996826171875 0.085845947265625
0.171783447265625 -0.0508575439453125 0.0868759155273438 0.030059814453125
0.089263916015625 -0.160140991210938 0.0618324279785156 -0.00783538818359376
0.00505065917968749 -0.17242431640625 0.0332088470458984 -2.28881835937606E-05
-0.00225830078125 -0.160125732421875 0.0208168029785156 0.0292434692382812
-0.0123443603515625 -0.1851806640625 0.0230255126953125 0.0617637634277344
0.033905029296875 -0.180435180664063 -0.016754150390625 0.0722274780273437
0.130668640136719 -0.136138916015625 -0.0452117919921875 0.0752029418945312
0.183517456054687 -0.0429534912109375 -0.0589256286621094 0.0196151733398438
0.159912109375 0.137481689453125 -0.0462913513183594 -0.0328216552734375
0.07403564453125 0.223907470703125 0.0280132293701172 -0.00567436218261717
-0.0486297607421875 0.231536865234375 -0.0152740478515625 0.106819152832031
-0.1092529296875 0.135040283203125 0.0602264404296875 0.241165161132812
-0.054229736328125 0.1656494140625 0.0381927490234375 0.229843139648438
0.03662109375 0.173873901367188 0.0477447509765625 0.147994995117188
0.138023376464844 0.0896759033203125 0.06585693359375 0.102699279785156
0.139366149902344 -0.0178756713867188 0.0552864074707031 0.0640220642089844
0.0858306884765625 -0.120742797851563 0.0502395629882813 0.0471534729003906
0.017791748046875 -0.138359069824219 0.0450630187988281 0.0579376220703125
0.00875091552734376 -0.131080627441406 0.0395050048828125 0.0781784057617187
0.00242614746093751 -0.154541015625 0.0373458862304688 0.110809326171875
0.0398101806640625 -0.148757934570312 -0.0151443481445312 0.118583679199219
0.120414733886719 -0.104263305664062 -0.0555801391601563 0.108558654785156
0.15704345703125 -0.0184478759765625 -0.0746841430664063 0.0388870239257812
0.115150451660156 0.135284423828125 -0.0516166687011719 -0.0219459533691406
0.02099609375 0.189300537109375 0.0278110504150391 0.0312938690185547
-0.0832061767578125 0.16448974609375 -0.0461883544921875 0.170608520507813
-0.104660034179687 0.0181350708007812 0.02435302734375 0.27142333984375
-0.0849685668945313 0.0683441162109375 0.0208282470703125 0.242034912109375
-0.0286712646484375 0.101936340332031 0.0349960327148438 0.140426635742188
0.0568618774414063 0.0792236328125 0.0385589599609375 0.105674743652344
0.082244873046875 0.013580322265625 0.0304946899414062 0.07952880859375
0.0653953552246094 -0.0617332458496094 0.0400161743164063 0.0834503173828125
0.0261764526367188 -0.0821304321289063 0.0511016845703125 0.100112915039063
0.0181655883789063 -0.081451416015625 0.0529632568359375 0.11480712890625
0.0165634155273438 -0.101646423339844 0.0431976318359375 0.1492919921875
0.039520263671875 -0.0985107421875 -0.018096923828125 0.157089233398438
0.0938339233398438 -0.0631103515625 -0.0690383911132813 0.132026672363281
0.110862731933594 0.00323486328125 -0.093780517578125 0.0525894165039062
0.0602798461914063 0.113563537597656 -0.0619468688964844 -0.0153160095214844
-0.0290679931640625 0.130844116210938 0.0146141052246094 0.0561180114746094
-0.105140686035156 0.0755462646484375 -0.0853271484375 0.209640502929688
0.08734130859375 0.0368728637695313 0.088714599609375 -0.22491455078125
0.0611610412597656 -0.0571327209472656 0.00785064697265625 -0.0745773315429688
-0.0109176635742188 -0.0571746826171875 0.0672683715820313 0.0214653015136719
-0.0485153198242188 -0.0190582275390625 0.134452819824219 -0.0494461059570313
-0.0429229736328125 0.0178108215332031 0.0947494506835938 -0.138381958007813
-0.0257453918457031 0.0398025512695313 0.00596618652343748 -0.18780517578125
-0.0219841003417969 0.0306186676025391 -0.0623626708984375 -0.175888061523438
-0.0295295715332031 0.0267925262451172 -0.0711593627929688 -0.133659362792969
-0.0395774841308594 0.0247764587402344 -0.0614166259765625 -0.115013122558594
-0.0460472106933594 -0.00857925415039062 -0.0434112548828125 -0.102630615234375
-0.0281028747558594 -0.0475654602050781 -0.0331802368164063 -0.0919570922851563
0.02392578125 -0.0644683837890625 -0.0275344848632813 -0.107154846191406
0.0887451171875 -0.0268173217773438 -0.0241851806640625 -0.145050048828125
0.113288879394531 0.0388946533203125 -0.0255126953125 -0.226547241210938
0.0907211303710938 0.0936355590820313 0.00369262695312502 -0.26885986328125
0.07220458984375 0.143325805664063 0.127395629882813 -0.197250366210938
0.0947341918945313 0.0328750610351563 0.0355873107910156 -0.0591239929199219
0.059814453125 -0.00214767456054688 0.0816497802734375 0.0326766967773437
0.0315380096435547 -0.0253162384033203 0.151870727539063 -0.0424346923828125
0.0108642578125 -0.0273799896240234 0.112640380859375 -0.133926391601563
-0.0105400085449219 -0.032501220703125 0.02044677734375 -0.192184448242188
-0.031890869140625 -0.0392112731933594 -0.054779052734375 -0.1795654296875
-0.0358314514160156 -0.0399551391601563 -0.0666885375976562 -0.130935668945313
-0.0438270568847656 -0.0501937866210938 -0.0549468994140625 -0.109291076660156
-0.0240097045898438 -0.0770111083984375 -0.043426513671875 -0.0960235595703125
0.0312957763671875 -0.08929443359375 -0.033477783203125 -0.0750885009765625
0.0962295532226563 -0.0631484985351563 -0.0277175903320312 -0.08978271484375
0.139152526855469 0.0389862060546875 -0.0338592529296875 -0.119522094726562
0.133811950683594 0.131462097167969 -0.0262298583984375 -0.190444946289063
0.073760986328125 0.1905517578125 0.011566162109375 -0.222976684570312
0.040771484375 0.231796264648437 0.152572631835938 -0.132247924804687
0.10833740234375 0.128974914550781 0.0600013732910156 -0.017822265625
0.123519897460938 0.0677490234375 0.0931015014648438 0.0554885864257813
0.115928649902344 -0.0190353393554688 0.16351318359375 -0.0215606689453125
0.071624755859375 -0.0661239624023438 0.126358032226563 -0.110641479492188
0.0124359130859375 -0.100639343261719 0.0388031005859375 -0.17462158203125
-0.0351409912109375 -0.104293823242188 -0.03778076171875 -0.160873413085938
-0.0363235473632813 -0.0998764038085938 -0.0530929565429687 -0.109367370605469
-0.0463104248046875 -0.116668701171875 -0.0411834716796875 -0.0832901000976563
-0.00785827636718751 -0.134971618652344 -0.0414352416992188 -0.0685234069824219
0.0746307373046875 -0.127670288085938 -0.0369224548339844 -0.0441932678222656
0.14892578125 -0.0720367431640625 -0.034698486328125 -0.0645523071289063
0.181259155273438 0.0803375244140625 -0.0440826416015625 -0.0919036865234375
0.151565551757813 0.192184448242188 -0.0211334228515625 -0.143753051757813
0.0567626953125 0.254623413085938 0.01129150390625 -0.151504516601563
-0.000549316406249996 0.28436279296875 0.159957885742187 -0.038604736328125
0.0970001220703125 0.209182739257813 0.0767059326171875 0.0445404052734375
0.163467407226563 0.13922119140625 0.0969772338867188 0.08624267578125
0.186538696289062 0.00152587890625 0.160903930664063 0.01226806640625
0.128639221191406 -0.0881805419921875 0.128570556640625 -0.0704879760742188
0.0392608642578125 -0.153106689453125 0.0551681518554687 -0.133537292480469
-0.0310211181640625 -0.153533935546875 -0.01416015625 -0.121177673339844
-0.0331878662109375 -0.143585205078125 -0.0316543579101563 -0.0718002319335938
-0.04498291015625 -0.164794921875 -0.0206680297851563 -0.0423698425292969
0.00184631347656249 -0.174713134765625 -0.0349941253662109 -0.0268230438232422
0.1031494140625 -0.15509033203125 -0.0389137268066406 -0.00401687622070313
0.17999267578125 -0.0805206298828125 -0.0426368713378906 -0.0349082946777344
0.204071044921875 0.102157592773438 -0.0487632751464844 -0.0673408508300781
0.15545654296875 0.223236083984375 -0.005859375 -0.0955886840820313
0.0341796875 0.283172607421875 0.0090789794921875 -0.0654258728027344
-0.046051025390625 0.28729248046875 0.146240234375 0.06884765625
0.057708740234375 0.249710083007813 0.0794219970703125 0.117637634277344
0.160781860351563 0.19287109375 0.0889968872070313 0.11846923828125
0.220062255859375 0.035675048828125 0.142196655273438 0.05133056640625
0.167007446289063 -0.085693359375 0.117195129394531 -0.0197219848632813
0.0649261474609375 -0.177032470703125 0.0642547607421875 -0.0750579833984375
-0.0205535888671875 -0.179595947265625 0.0115966796875 -0.0651321411132813
-0.02435302734375 -0.166046142578125 -0.00528526306152344 -0.0228710174560547
-0.037567138671875 -0.18975830078125 0.00287914276123047 0.00785923004150389
0.0116119384765625 -0.191925048828125 -0.0251102447509766 0.023101806640625
0.119522094726563 -0.161117553710938 -0.0399436950683594 0.0384407043457031
0.190582275390625 -0.075469970703125 -0.0500144958496094 -0.00577926635742188
0.199966430664063 0.117965698242188 -0.04827880859375 -0.0473518371582031
0.1326904296875 0.2325439453125 0.0139884948730469 -0.0494880676269531
0.00212097167968747 0.276565551757813 0.00306129455566406 0.024871826171875
-0.08258056640625 0.237030029296875 0.1153564453125 0.169540405273438
0.00317382812500002 0.236434936523438 0.0681304931640625 0.185256958007813
0.115737915039062 0.20819091796875 0.0723724365234375 0.141937255859375
0.20440673828125 0.0680999755859375 0.108001708984375 0.08538818359375
0.172317504882813 -0.0614471435546875 0.090850830078125 0.0291290283203125
0.0797576904296875 -0.168106079101563 0.0636634826660156 -0.0113182067871094
-0.00529479980468749 -0.175430297851563 0.0334892272949219 -0.00226020812988282
-0.0125885009765625 -0.162338256835938 0.0210361480712891 0.0288906097412109
-0.0242462158203125 -0.187286376953125 0.0253944396972656 0.061065673828125
0.0223846435546875 -0.184814453125 -0.0155792236328125 0.07415771484375
0.124496459960938 -0.146957397460938 -0.0422821044921875 0.0779953002929687
0.184494018554688 -0.055267333984375 -0.05975341796875 0.0197868347167969
0.1707763671875 0.129852294921875 -0.0493431091308594 -0.0328254699707031
0.08740234375 0.222198486328125 0.0282020568847656 -0.00838279724121092
-0.0384521484375 0.238571166992187 -0.0113525390625 0.107948303222656
-0.102493286132812 0.14215087890625 0.07470703125 0.2430419921875
-0.0465545654296875 0.169998168945313 0.047943115234375 0.231109619140625
0.0460357666015625 0.1756591796875 0.05255126953125 0.149948120117188
0.14501953125 0.082183837890625 0.0712738037109375 0.104545593261719
0.1414794921875 -0.026214599609375 0.0601730346679688 0.0648422241210938
0.0786514282226563 -0.1273193359375 0.0548591613769531 0.0443992614746094
0.00936889648437499 -0.141525268554687 0.0491447448730469 0.0564842224121094
0.000831604003906262 -0.133880615234375 0.0436630249023438 0.0771255493164062
-0.00732421874999999 -0.158111572265625 0.0429458618164063 0.109893798828125
0.0304107666015625 -0.153549194335938 -0.0108718872070313 0.121635437011719
0.1162109375 -0.114631652832031 -0.0508041381835937 0.112434387207031
0.158432006835938 -0.0281829833984375 -0.0749435424804687 0.0411758422851563
0.124420166015625 0.131187438964844 -0.0541152954101562 -0.0218963623046875
0.0316314697265625 0.19073486328125 0.0300865173339844 0.0289554595947266
-0.0772247314453125 0.171646118164063 -0.0391387939453125 0.175643920898438
-0.103622436523438 0.0232925415039062 0.0397491455078125 0.276016235351563
-0.0821533203125 0.0729293823242188 0.03143310546875 0.245040893554688
-0.0240707397460938 0.10577392578125 0.03973388671875 0.14276123046875
0.062744140625 0.0759811401367188 0.04351806640625 0.108695983886719
0.0840835571289063 0.00868988037109375 0.0362548828125 0.0818099975585938
0.0621681213378906 -0.0665931701660156 0.0456924438476563 0.0815658569335937
0.0212936401367187 -0.0852584838867188 0.0579299926757812 0.0973968505859375
0.01318359375 -0.0842514038085938 0.0593948364257813 0.112770080566406
0.010040283203125 -0.105331420898437 0.05126953125 0.147781372070313
0.0338592529296875 -0.102554321289063 -0.0112152099609375 0.160064697265625
0.0919647216796875 -0.0706863403320313 -0.0634841918945312 0.136962890625
0.1136474609375 -0.00255584716796875 -0.0930404663085937 0.0558853149414062
0.0669021606445312 0.112640380859375 -0.0642929077148438 -0.0151901245117188
-0.0230255126953125 0.132774353027344 0.017578125 0.0555381774902344
-0.103179931640625 0.081939697265625 -0.0756072998046875 0.217041015625
0.09161376953125 0.0354080200195313 0.079803466796875 -0.238540649414063
0.0606307983398437 -0.0631904602050781 0.00259399414062501 -0.0768508911132813
-0.0137557983398437 -0.05975341796875 0.07061767578125 0.0218124389648437
-0.0515975952148438 -0.016998291015625 0.137321472167969 -0.056304931640625
-0.0434226989746094 0.0207748413085937 0.092864990234375 -0.14727783203125
-0.0246162414550781 0.0434684753417969 -0.00222778320312501 -0.193572998046875
-0.0210399627685547 0.0330791473388672 -0.074127197265625 -0.178482055664063
-0.0283069610595703 0.0308914184570313 -0.0801467895507812 -0.133132934570313
-0.0389480590820313 0.0286941528320312 -0.0708694458007812 -0.115005493164062
-0.0484275817871094 -0.00576019287109374 -0.0513381958007813 -0.103439331054687
-0.0315208435058594 -0.0467910766601562 -0.0413665771484375 -0.094818115234375
0.0210762023925781 -0.0676651000976563 -0.034271240234375 -0.112602233886719
0.0904312133789063 -0.0320281982421875 -0.028076171875 -0.151199340820313
0.119354248046875 0.0349349975585938 -0.0355224609375 -0.23541259765625
0.0992050170898438 0.09332275390625 -0.011383056640625 -0.281890869140625
0.0821380615234375 0.14654541015625 0.121200561523437 -0.212142944335938
0.10076904296875 0.0287628173828125 0.0317115783691406 -0.0622329711914062
0.0631523132324219 -0.0057220458984375 0.0858383178710938 0.0330276489257813
0.0311508178710937 -0.0284919738769531 0.156082153320313 -0.049896240234375
0.00938796997070313 -0.0294837951660156 0.112106323242188 -0.142913818359375
-0.0135383605957031 -0.0325641632080078 0.01239013671875 -0.199417114257813
-0.0356674194335937 -0.0387344360351563 -0.066192626953125 -0.181640625
-0.0389404296875 -0.0383415222167969 -0.0761489868164063 -0.130470275878906
-0.0485687255859375 -0.0485954284667969 -0.0640945434570313 -0.109550476074219
-0.029632568359375 -0.0772628784179687 -0.0513916015625 -0.09588623046875
0.0265884399414062 -0.0938568115234375 -0.0401687622070312 -0.0771865844726563
0.0954971313476563 -0.0709457397460938 -0.0346603393554687 -0.0949172973632813
0.146408081054688 0.033782958984375 -0.0380935668945312 -0.124282836914063
0.145919799804688 0.129287719726563 -0.034515380859375 -0.197784423828125
0.0869598388671875 0.195205688476563 -0.0015869140625 -0.234603881835938
0.054412841796875 0.239395141601562 0.150527954101563 -0.146255493164062
0.118598937988281 0.127471923828125 0.0591316223144531 -0.0212020874023437
0.133293151855469 0.0630035400390625 0.0982131958007813 0.0561599731445313
0.119285583496094 -0.0272293090820312 0.16888427734375 -0.028289794921875
0.0698928833007813 -0.0731582641601563 0.126930236816406 -0.119186401367188
0.00569152832031249 -0.105445861816406 0.032440185546875 -0.181854248046875
-0.0428924560546875 -0.105781555175781 -0.0478363037109375 -0.1641845703125
-0.043701171875 -0.100425720214844 -0.0617599487304688 -0.108856201171875
-0.0551223754882813 -0.117057800292969 -0.0485153198242188 -0.0837020874023438
-0.0175704956054688 -0.137321472167969 -0.048797607421875 -0.0677528381347656
0.0696563720703125 -0.137092590332031 -0.0424766540527344 -0.0449028015136719
0.149444580078125 -0.0837554931640625 -0.0413322448730469 -0.0683059692382813
0.191909790039062 0.0731353759765625 -0.0481185913085938 -0.0951995849609375
0.167953491210938 0.191146850585937 -0.0273284912109375 -0.150314331054688
0.071319580078125 0.262954711914063 0.0019073486328125 -0.159774780273437
0.013580322265625 0.2952880859375 0.163436889648438 -0.048828125
0.11077880859375 0.210784912109375 0.0784988403320313 0.0422210693359375
0.177703857421875 0.135498046875 0.10247802734375 0.0888137817382813
0.192855834960937 -0.0101776123046875 0.167724609375 0.00799560546875
0.127662658691406 -0.0988235473632813 0.131935119628906 -0.0770797729492188
0.03009033203125 -0.16046142578125 0.0516815185546875 -0.140762329101562
-0.042022705078125 -0.1573486328125 -0.0211029052734375 -0.1243896484375
-0.0434722900390625 -0.146697998046875 -0.038482666015625 -0.0708847045898438
-0.057861328125 -0.167510986328125 -0.0255661010742188 -0.0426979064941406
-0.00930786132812499 -0.179580688476563 -0.0398330688476563 -0.0250816345214844
0.096405029296875 -0.167327880859375 -0.0419158935546875 -0.00357818603515626
0.181045532226563 -0.0946807861328125 -0.0481452941894531 -0.0370597839355469
0.21722412109375 0.0939483642578125 -0.0526504516601562 -0.0695419311523438
0.173446655273438 0.223159790039063 -0.0101242065429687 -0.100883483886719
0.04937744140625 0.2933349609375 0.00403594970703125 -0.0697441101074219
-0.032562255859375 0.300140380859375 0.154861450195313 0.06329345703125
0.072021484375 0.255081176757813 0.0851516723632812 0.117225646972656
0.1771240234375 0.192535400390625 0.0956039428710938 0.122169494628906
0.229843139648438 0.02276611328125 0.149734497070313 0.0501708984375
0.168014526367188 -0.098724365234375 0.121910095214844 -0.0235061645507813
0.0551300048828125 -0.187362670898438 0.0642166137695312 -0.0817337036132813
-0.03253173828125 -0.18438720703125 0.00783920288085938 -0.0681838989257813
-0.03656005859375 -0.170013427734375 -0.00854110717773438 -0.0229320526123047
-0.0522003173828125 -0.194488525390625 0.00185298919677734 0.00794315338134764
-0.000366210937500005 -0.198562622070313 -0.0273666381835938 0.0259628295898437
0.113265991210938 -0.17578125 -0.0400276184082031 0.04071044921875
0.192977905273438 -0.0897979736328125 -0.0542068481445312 -0.006591796875
0.213821411132812 0.110565185546875 -0.0525321960449219 -0.0487556457519531
0.15020751953125 0.232772827148437 0.0123977661132813 -0.0542030334472656
0.016448974609375 0.287139892578125 0.00279426574707031 0.0238094329833985
-0.0726165771484375 0.249069213867188 0.12841796875 0.16998291015625
0.0148773193359375 0.2435302734375 0.077301025390625 0.188461303710938
0.130416870117188 0.210723876953125 0.078643798828125 0.14666748046875
0.215057373046875 0.05804443359375 0.11578369140625 0.087005615234375
0.174057006835938 -0.0738983154296875 0.0964126586914063 0.0288925170898437
0.071044921875 -0.17803955078125 0.066619873046875 -0.0151023864746094
-0.017181396484375 -0.18072509765625 0.0345325469970703 -0.00472259521484376
-0.023284912109375 -0.1678466796875 0.0220451354980469 0.0291042327880859
-0.0381317138671875 -0.192794799804688 0.0282096862792969 0.0613059997558594
0.010467529296875 -0.1925048828125 -0.0142593383789063 0.077880859375
0.119674682617188 -0.161392211914063 -0.0404434204101563 0.0816116333007812
0.187576293945313 -0.06878662109375 -0.0629196166992187 0.0214385986328125
0.184890747070313 0.124954223632813 -0.0531883239746094 -0.0335502624511719
0.103347778320313 0.22467041015625 0.0287532806396484 -0.0120658874511719
-0.027740478515625 0.249755859375 -0.00768280029296874 0.111434936523438
-0.097991943359375 0.15155029296875 0.09063720703125 0.2489013671875
-0.040496826171875 0.177536010742188 0.0590057373046875 0.236526489257813
0.0565948486328125 0.180099487304687 0.0589447021484375 0.15557861328125
0.154708862304688 0.0769805908203125 0.0787429809570313 0.108406066894531
0.14404296875 -0.0358428955078125 0.0662002563476563 0.0667686462402344
0.0724105834960937 -0.13592529296875 0.0610733032226563 0.0423736572265625
0.000228881835937491 -0.146865844726563 0.054046630859375 0.054473876953125
-0.00792694091796874 -0.13885498046875 0.048248291015625 0.077789306640625
-0.01806640625 -0.16412353515625 0.0485992431640625 0.111083984375
0.0217132568359375 -0.160675048828125 -0.0064544677734375 0.127197265625
0.113502502441406 -0.127128601074219 -0.0470199584960938 0.117874145507812
0.162826538085937 -0.0392913818359375 -0.0765457153320312 0.0444412231445312
0.136344909667969 0.128379821777344 -0.058074951171875 -0.0215187072753906
0.0428619384765625 0.19464111328125 0.0326938629150391 0.0266742706298828
-0.071014404296875 0.18231201171875 -0.0315399169921875 0.183258056640625
-0.105674743652344 0.0281524658203125 0.056793212890625 0.28582763671875
-0.0818939208984375 0.0785980224609375 0.0431060791015625 0.252334594726563
-0.01983642578125 0.11126708984375 0.0457611083984375 0.148956298828125
0.0692825317382813 0.07452392578125 0.0503768920898438 0.113677978515625
0.0871963500976563 0.00366973876953125 0.042572021484375 0.0851669311523438
0.0593338012695313 -0.0726318359375 0.0531997680664063 0.08209228515625
0.0163192749023437 -0.0887985229492188 0.065765380859375 0.0973739624023438
0.00861358642578125 -0.0889205932617188 0.0661392211914062 0.113510131835938
0.0030517578125 -0.110130310058594 0.0607452392578125 0.150054931640625
0.0286331176757813 -0.108497619628906 -0.00445556640624999 0.165847778320313
0.0909347534179688 -0.0793304443359375 -0.058746337890625 0.144577026367188
0.118049621582031 -0.009307861328125 -0.094757080078125 0.0608291625976563
0.07586669921875 0.112953186035156 -0.0689125061035156 -0.0146102905273437
-0.0174407958984375 0.13800048828125 0.0211753845214844 0.0556449890136719
-0.103462219238281 0.0899276733398438 -0.067291259765625 0.228591918945313
0.0987167358398438 0.0324783325195313 0.0662078857421875 -0.256210327148438
0.059234619140625 -0.0714035034179688 -0.00463104248046874 -0.079681396484375
-0.0173988342285156 -0.0625534057617188 0.0764999389648438 0.0212631225585937
-0.0551719665527344 -0.013519287109375 0.141326904296875 -0.06744384765625
-0.0440940856933594 0.0250778198242188 0.08843994140625 -0.160751342773437
-0.0228729248046875 0.0476570129394531 -0.014617919921875 -0.202102661132813
-0.0195655822753906 0.0366783142089844 -0.089996337890625 -0.181686401367188
-0.0263175964355469 0.0353279113769531 -0.0937271118164063 -0.132858276367188
-0.0381965637207031 0.0343055725097656 -0.0836715698242188 -0.114471435546875
-0.0506820678710938 -0.00170898437499999 -0.0618896484375 -0.104995727539062
-0.0369606018066406 -0.0463104248046875 -0.0518264770507813 -0.0982666015625
0.0171432495117188 -0.0721206665039062 -0.0445785522460937 -0.118705749511719
0.0928573608398437 -0.039581298828125 -0.03607177734375 -0.15899658203125
0.128196716308594 0.0282974243164063 -0.0521697998046875 -0.2469482421875
0.111579895019531 0.0921096801757813 -0.033355712890625 -0.298736572265625
0.096221923828125 0.150375366210938 0.111846923828125 -0.231552124023437
0.106903076171875 0.0220184326171875 0.0268363952636719 -0.0673370361328125
0.0677528381347656 -0.0115585327148438 0.0929107666015625 0.03277587890625
0.030548095703125 -0.0331478118896484 0.1612548828125 -0.061065673828125
0.00666046142578125 -0.0321273803710938 0.1097412109375 -0.15667724609375
-0.0181808471679688 -0.0326194763183594 0.000778198242187495 -0.209579467773438
-0.0412826538085937 -0.0378265380859375 -0.0817718505859375 -0.186203002929688
-0.0433998107910156 -0.0360527038574219 -0.0900192260742188 -0.129898071289063
-0.0550537109375 -0.0461311340332031 -0.0763092041015625 -0.109275817871094
-0.0372467041015625 -0.0775680541992188 -0.0620193481445312 -0.0961227416992188
0.0197525024414062 -0.100311279296875 -0.0500411987304688 -0.079681396484375
0.0949859619140625 -0.0811920166015625 -0.0441131591796875 -0.0996322631835937
0.156219482421875 0.0258026123046875 -0.0453643798828125 -0.130622863769531
0.163467407226562 0.12506103515625 -0.048248291015625 -0.207931518554688
0.10498046875 0.20037841796875 -0.0201416015625 -0.249282836914062
0.0736083984375 0.249267578125 0.147369384765625 -0.1641845703125
0.133712768554687 0.124641418457031 0.0576400756835938 -0.0260391235351562
0.145858764648438 0.056427001953125 0.106575012207031 0.0568466186523438
0.122512817382813 -0.0387115478515625 0.176345825195313 -0.037628173828125
0.0669097900390625 -0.0825042724609375 0.127723693847656 -0.132247924804688
-0.00394439697265626 -0.109786987304688 0.0232086181640625 -0.19329833984375
-0.0541305541992188 -0.107421875 -0.0612030029296875 -0.16790771484375
-0.0532989501953125 -0.10107421875 -0.0728912353515625 -0.107948303222656
-0.0677642822265625 -0.117393493652344 -0.05853271484375 -0.0834884643554688
-0.0293731689453125 -0.141998291015625 -0.0577926635742187 -0.0663528442382813
0.06170654296875 -0.148773193359375 -0.0494575500488281 -0.0453414916992188
0.150039672851563 -0.0990447998046875 -0.0500640869140625 -0.0719833374023437
0.20709228515625 0.0634307861328125 -0.054931640625 -0.0997848510742188
0.190567016601562 0.187957763671875 -0.037872314453125 -0.158477783203125
0.0937957763671875 0.273040771484375 -0.011688232421875 -0.170059204101562
0.035186767578125 0.310089111328125 0.167526245117188 -0.0629119873046875
0.130111694335938 0.211669921875 0.0823822021484375 0.0389785766601563
0.197067260742188 0.130157470703125 0.111885070800781 0.0903701782226563
0.201202392578125 -0.0260772705078125 0.177505493164062 0.000244140624999998
0.125801086425781 -0.113983154296875 0.13580322265625 -0.087310791015625
0.0171661376953125 -0.169784545898438 0.04620361328125 -0.151565551757813
-0.0577850341796875 -0.16143798828125 -0.0311279296875 -0.128852844238281
-0.056610107421875 -0.149337768554688 -0.0462226867675781 -0.0700874328613281
-0.0747528076171875 -0.170440673828125 -0.0319480895996094 -0.0425453186035156
-0.0246734619140625 -0.186126708984375 -0.0459671020507813 -0.0219993591308594
0.0863800048828125 -0.183425903320313 -0.0458908081054687 -0.00202941894531252
0.181732177734375 -0.113265991210937 -0.0560684204101563 -0.0385398864746094
0.235076904296875 0.082916259765625 -0.0592422485351562 -0.0721359252929688
0.198287963867188 0.220611572265625 -0.0166549682617187 -0.108085632324219
0.072235107421875 0.306640625 -0.0030975341796875 -0.0752716064453125
-0.013671875 0.317962646484375 0.16650390625 0.0555877685546875
0.0928192138671875 0.260650634765625 0.0940933227539063 0.117218017578125
0.200454711914062 0.189956665039062 0.105384826660156 0.12615966796875
0.24188232421875 0.0059967041015625 0.160614013671875 0.0465240478515625
0.167694091796875 -0.116104125976563 0.128616333007813 -0.0302047729492188
0.041015625 -0.199844360351563 0.0630035400390625 -0.0898513793945313
-0.0496368408203125 -0.190887451171875 0.00325012207031249 -0.0719223022460938
-0.0519256591796875 -0.175338745117188 -0.0123214721679688 -0.0216941833496094
-0.07177734375 -0.199264526367188 0.000564098358154292 0.00811624526977538
-0.017059326171875 -0.207000732421875 -0.0285606384277344 0.0303497314453125
0.102767944335937 -0.194244384765625 -0.0400924682617188 0.044097900390625
0.194732666015625 -0.10980224609375 -0.0602951049804687 -0.00548171997070313
0.232864379882813 0.10003662109375 -0.0587539672851562 -0.0500030517578125
0.175552368164063 0.232162475585937 0.00933074951171876 -0.0604209899902344
0.036712646484375 0.301849365234375 0.00257492065429688 0.0233802795410156
-0.0589752197265625 0.266586303710937 0.146759033203125 0.169662475585938
0.0322418212890625 0.252685546875 0.0911865234375 0.192306518554688
0.152252197265625 0.212997436523438 0.0894927978515625 0.152450561523437
0.229721069335938 0.0433502197265625 0.12744140625 0.0871810913085938
0.176666259765625 -0.090545654296875 0.105911254882813 0.0267333984375
0.0589141845703125 -0.191680908203125 0.0705108642578125 -0.0212020874023438
-0.03277587890625 -0.188156127929688 0.0355987548828125 -0.00743484497070314
-0.038299560546875 -0.173843383789063 0.0234966278076172 0.0300254821777344
-0.0574798583984375 -0.199493408203125 0.0325584411621094 0.0616378784179687
-0.00509643554687499 -0.202301025390625 -0.0112991333007812 0.0836868286132813
0.111160278320312 -0.180068969726562 -0.0373916625976562 0.0875396728515625
0.19091796875 -0.087493896484375 -0.0668563842773437 0.0243301391601563
0.20367431640625 0.117431640625 -0.0593414306640625 -0.0329475402832031
0.124557495117188 0.22747802734375 0.0298633575439453 -0.0168476104736328
-0.012054443359375 0.265625 -0.00156402587890626 0.116104125976563
-0.0916595458984375 0.164947509765625 0.113296508789062 0.255508422851563
-0.030792236328125 0.18841552734375 0.075225830078125 0.244415283203125
0.0725250244140625 0.1864013671875 0.0688323974609375 0.162490844726563
0.167388916015625 0.0679779052734375 0.0893402099609375 0.112335205078125
0.148056030273437 -0.048828125 0.0762252807617188 0.0679550170898438
0.0637969970703125 -0.148284912109375 0.0678787231445313 0.0404548645019531
-0.0121612548828125 -0.154190063476563 0.0609130859375 0.0526924133300781
-0.0199127197265625 -0.144805908203125 0.0549240112304688 0.078216552734375
-0.0347137451171875 -0.1712646484375 0.0582275390625 0.112190246582031
0.00895690917968748 -0.169891357421875 0.000808715820312506 0.134208679199219
0.107940673828125 -0.143539428710938 -0.0412521362304687 0.126312255859375
0.167709350585938 -0.054412841796875 -0.0795974731445312 0.0498580932617188
0.153091430664063 0.125274658203125 -0.063812255859375 -0.0203514099121094
0.05865478515625 0.200180053710938 0.0364875793457031 0.0243568420410156
-0.0618438720703125 0.196929931640625 -0.021026611328125 0.193389892578125
-0.108489990234375 0.036102294921875 0.08099365234375 0.296600341796875
-0.0806427001953125 0.087371826171875 0.0602264404296875 0.263458251953125
-0.0130081176757813 0.1197509765625 0.0551910400390625 0.155899047851563
0.078338623046875 0.0722732543945313 0.060455322265625 0.119308471679688
0.0915069580078125 -0.003326416015625 0.0516433715820313 0.0886154174804688
0.0552597045898438 -0.0806503295898438 0.0623321533203125 0.0816726684570313
0.00981903076171874 -0.0947113037109375 0.0768814086914063 0.0968246459960938
0.00118255615234376 -0.0933990478515625 0.077178955078125 0.11358642578125
-0.007171630859375 -0.117080688476563 0.074066162109375 0.15264892578125
0.0208663940429687 -0.116668701171875 0.0062255859375 0.174819946289063
0.0892181396484375 -0.0914459228515625 -0.051605224609375 0.154373168945313
0.123306274414063 -0.0194015502929688 -0.0964126586914062 0.0689315795898438
0.0872802734375 0.113059997558594 -0.0745315551757813 -0.0121383666992187
-0.00897216796874999 0.14569091796875 0.0265884399414063 0.0556564331054688
-0.102828979492188 0.101211547851563 -0.0543060302734375 0.244094848632812
0.106636047363281 0.0272750854492187 0.0441741943359375 -0.272918701171875
0.0543594360351563 -0.08050537109375 -0.0143508911132812 -0.0807647705078125
-0.023651123046875 -0.0647354125976563 0.0835647583007813 0.0182037353515625
-0.0581207275390625 -0.00918960571289063 0.142166137695313 -0.0819854736328125
-0.0437736511230469 0.0306434631347656 0.0785369873046875 -0.1756591796875
-0.0191421508789062 0.0525054931640625 -0.0328826904296875 -0.208206176757812
-0.0166854858398438 0.0407180786132812 -0.110458374023437 -0.179244995117188
-0.0223922729492187 0.0392341613769531 -0.109344482421875 -0.128349304199219
-0.0347785949707031 0.0408248901367187 -0.099151611328125 -0.110069274902344
-0.0524406433105469 0.00420379638671875 -0.075958251953125 -0.102493286132813
-0.0429954528808594 -0.0432014465332031 -0.065399169921875 -0.098419189453125
0.0110397338867188 -0.07623291015625 -0.058013916015625 -0.121627807617188
0.0930862426757812 -0.0497512817382813 -0.0494384765625 -0.165252685546875
0.136604309082031 0.0168914794921875 -0.075103759765625 -0.253448486328125
0.125175476074219 0.0860061645507813 -0.064971923828125 -0.3094482421875
0.114883422851563 0.149749755859375 0.0927734375 -0.25164794921875
0.113006591796875 0.0118026733398438 0.0191802978515625 -0.0715560913085937
0.0702590942382813 -0.0195426940917969 0.100456237792969 0.0290985107421875
0.0282173156738281 -0.0381126403808594 0.163650512695313 -0.07611083984375
0.00314712524414062 -0.0340862274169922 0.10137939453125 -0.173019409179688
-0.0232753753662109 -0.0309562683105469 -0.0178070068359375 -0.217666625976563
-0.0475921630859375 -0.0345382690429688 -0.1026611328125 -0.1845703125
-0.0477523803710938 -0.0323333740234375 -0.105308532714844 -0.12493896484375
-0.0615997314453125 -0.0409927368164063 -0.0911483764648438 -0.105705261230469
-0.047027587890625 -0.074737548828125 -0.0752792358398437 -0.0936737060546875
0.0100860595703125 -0.105499267578125 -0.061431884765625 -0.0791015625
0.0899734497070313 -0.0936126708984375 -0.0567626953125 -0.103019714355469
0.1651611328125 0.012115478515625 -0.0566787719726562 -0.134788513183594
0.18182373046875 0.114349365234375 -0.0680389404296875 -0.214157104492187
0.128768920898438 0.199661254882813 -0.0471343994140625 -0.259124755859375
0.100738525390625 0.25445556640625 0.137496948242188 -0.185623168945312
0.149856567382813 0.115493774414062 0.0545539855957031 -0.0320625305175781
0.158782958984375 0.0440216064453125 0.116546630859375 0.0539779663085938
0.123085021972656 -0.053375244140625 0.180877685546875 -0.0526275634765625
0.0609054565429688 -0.092041015625 0.123825073242188 -0.148345947265625
-0.0169143676757813 -0.112503051757813 0.0070343017578125 -0.20318603515625
-0.06842041015625 -0.105911254882813 -0.07965087890625 -0.168441772460938
-0.0656280517578125 -0.0985488891601563 -0.0865554809570312 -0.103073120117188
-0.082733154296875 -0.113838195800781 -0.0706939697265625 -0.080352783203125
-0.0453338623046875 -0.142349243164063 -0.0679931640625 -0.0621566772460938
0.0471038818359375 -0.160247802734375 -0.0582008361816406 -0.0437278747558594
0.1455078125 -0.117568969726562 -0.0610885620117188 -0.072784423828125
0.221755981445313 0.046722412109375 -0.0648345947265625 -0.101966857910156
0.216690063476563 0.176895141601563 -0.053802490234375 -0.164566040039062
0.123519897460938 0.2769775390625 -0.0308990478515625 -0.177490234375
0.065185546875 0.32080078125 0.167892456054688 -0.08203125
0.153457641601563 0.206756591796875 0.0858535766601563 0.0336837768554688
0.218658447265625 0.11669921875 0.124458312988281 0.0885772705078125
0.205459594726563 -0.04730224609375 0.186126708984375 -0.0121307373046875
0.118247985839844 -0.13018798828125 0.136283874511719 -0.101661682128906
-0.000671386718750006 -0.17657470703125 0.034881591796875 -0.16162109375
-0.076904296875 -0.1614990234375 -0.0443344116210938 -0.130744934082031
-0.073760986328125 -0.148513793945313 -0.054901123046875 -0.0661544799804688
-0.0965423583984375 -0.168304443359375 -0.0393524169921875 -0.0402717590332031
-0.0455474853515625 -0.1898193359375 -0.0513801574707031 -0.0173187255859375
0.069305419921875 -0.199142456054688 -0.0501594543457031 0.000873565673828119
0.177215576171875 -0.135391235351563 -0.0643730163574218 -0.0371437072753906
0.2529296875 0.064208984375 -0.0676422119140625 -0.0718536376953125
0.227325439453125 0.209640502929688 -0.02703857421875 -0.113861083984375
0.103668212890625 0.313995361328125 -0.0129318237304687 -0.0793533325195312
0.01519775390625 0.331573486328125 0.17828369140625 0.041046142578125
0.1195068359375 0.261306762695312 0.105056762695313 0.113319396972656
0.227279663085938 0.179656982421875 0.120063781738281 0.126190185546875
0.250411987304687 -0.0182342529296875 0.172103881835938 0.0380706787109375
0.16168212890625 -0.136978149414063 0.134590148925781 -0.0406646728515625
0.0209503173828125 -0.21014404296875 0.0590896606445312 -0.100212097167969
-0.0713653564453125 -0.1922607421875 -0.0034637451171875 -0.0752639770507813
-0.0717010498046875 -0.17578125 -0.0157146453857422 -0.0194873809814453
-0.096710205078125 -0.198699951171875 -0.000526428222656255 0.00865268707275389
-0.0400848388671875 -0.212234497070313 -0.0283012390136719 0.0354270935058594
0.0853118896484375 -0.212890625 -0.0393409729003906 0.0479278564453125
0.190353393554688 -0.133956909179688 -0.066192626953125 -0.00199508666992189
0.251861572265625 0.0818328857421875 -0.0659751892089843 -0.0486869812011719
0.2047119140625 0.223846435546875 0.00424575805664064 -0.0667076110839843
0.06646728515625 0.312225341796875 0.00269889831542969 0.0230064392089844
-0.0367431640625 0.28271484375 0.168853759765625 0.162094116210938
0.05560302734375 0.258438110351562 0.1090087890625 0.191619873046875
0.178939819335938 0.208465576171875 0.104949951171875 0.15423583984375
0.241348266601563 0.022308349609375 0.141143798828125 0.08331298828125
0.17364501953125 -0.111343383789062 0.115531921386719 0.0206069946289062
0.0401458740234375 -0.203460693359375 0.0727081298828125 -0.029144287109375
-0.053924560546875 -0.191802978515625 0.03631591796875 -0.0113754272460938
-0.057830810546875 -0.176239013671875 0.0261440277099609 0.0305538177490234
-0.0821075439453125 -0.200881958007813 0.0377464294433594 0.06103515625
-0.0272979736328125 -0.208251953125 -0.00504302978515625 0.0885391235351562
0.0951080322265625 -0.199111938476563 -0.0317459106445312 0.0929794311523437
0.188690185546875 -0.11065673828125 -0.0701103210449219 0.0308113098144531
0.223251342773438 0.102935791015625 -0.0653648376464844 -0.0303497314453125
0.151641845703125 0.22357177734375 0.0293502807617188 -0.0227260589599609
0.0124969482421875 0.278152465820313 0.00799560546875001 0.120018005371094
-0.079986572265625 0.179916381835938 0.14251708984375 0.255416870117188
-0.015350341796875 0.197601318359375 0.0981597900390625 0.248016357421875
0.09307861328125 0.188827514648438 0.0841522216796875 0.166168212890625
0.17999267578125 0.0539093017578125 0.103530883789063 0.112480163574219
0.148468017578125 -0.0652313232421875 0.0879440307617188 0.0660629272460938
0.0505523681640625 -0.159744262695313 0.0760955810546875 0.0349273681640625
-0.0282135009765625 -0.158523559570313 0.068328857421875 0.0486183166503906
-0.0358428955078125 -0.148193359375 0.0635833740234375 0.07666015625
-0.054931640625 -0.174346923828125 0.0698165893554688 0.110313415527344
-0.00930786132812501 -0.177719116210938 0.0126953125 0.139938354492188
0.0966339111328125 -0.161636352539062 -0.0318984985351563 0.133499145507813
0.168197631835938 -0.0735626220703125 -0.080169677734375 0.058502197265625
0.171188354492187 0.116043090820312 -0.0698509216308593 -0.0162010192871094
0.0800018310546875 0.202072143554687 0.0406265258789063 0.0197601318359375
-0.046875 0.211532592773437 -0.00378417968749999 0.202316284179688
-0.109512329101563 0.0463943481445312 0.113250732421875 0.30120849609375
-0.0762405395507813 0.0974273681640625 0.085052490234375 0.26922607421875
-0.00239562988281251 0.126907348632813 0.0692901611328125 0.159164428710938
0.0881118774414062 0.067230224609375 0.0740203857421875 0.121696472167969
0.0939788818359375 -0.0130233764648437 0.0642852783203125 0.0893783569335938
0.0485382080078125 -0.0890884399414063 0.0742263793945312 0.0789031982421875
0.000854492187499995 -0.0990753173828125 0.0896453857421875 0.0920257568359375
-0.00848388671874999 -0.0973892211914063 0.0902175903320313 0.110687255859375
-0.0207061767578125 -0.1214599609375 0.0908355712890625 0.150955200195313
0.00920867919921874 -0.123397827148438 0.0218505859375 0.18060302734375
0.0829696655273438 -0.105117797851563 -0.03985595703125 0.164474487304688
0.126884460449219 -0.0324935913085938 -0.096343994140625 0.0801162719726562
0.10186767578125 0.109848022460938 -0.0797805786132813 -0.00669860839843748
0.00355529785156249 0.152053833007813 0.0332908630371094 0.0536155700683594
-0.098114013671875 0.114616394042969 -0.03375244140625 0.25689697265625
0.112464904785156 0.0194854736328125 0.01666259765625 -0.28167724609375
0.0461959838867188 -0.0874557495117188 -0.0245590209960938 -0.0792083740234375
-0.0306434631347656 -0.0651779174804688 0.0888137817382813 0.0130538940429687
-0.0602264404296875 -0.00378417968749999 0.138252258300781 -0.0961380004882812
-0.0416603088378906 0.0354576110839844 0.0633544921875 -0.186172485351563
-0.0139808654785156 0.0558929443359375 -0.0524444580078125 -0.207351684570312
-0.0125617980957031 0.0437660217285156 -0.129531860351563 -0.1707763671875
-0.0175094604492188 0.0425758361816406 -0.12286376953125 -0.118576049804688
-0.0294189453125 0.0458602905273438 -0.112541198730469 -0.10040283203125
-0.052398681640625 0.0112228393554687 -0.0886459350585937 -0.0963592529296875
-0.0478477478027344 -0.0383186340332031 -0.0784759521484375 -0.0938796997070313
0.00382232666015624 -0.07891845703125 -0.0716629028320312 -0.120773315429688
0.08984375 -0.0597152709960938 -0.06402587890625 -0.166732788085938
0.140869140625 0.0033111572265625 -0.100357055664063 -0.251724243164063
0.136459350585938 0.0755844116210938 -0.098907470703125 -0.309356689453125
0.133453369140625 0.143142700195313 0.06817626953125 -0.265731811523438
0.114875793457031 -6.866455078125E-05 0.00975799560546876 -0.0735626220703125
0.0698356628417969 -0.0280342102050781 0.106712341308594 0.0232467651367188
0.0241737365722656 -0.0425224304199219 0.160812377929688 -0.091644287109375
-0.00122451782226562 -0.0348777770996094 0.08807373046875 -0.185531616210938
-0.0277519226074219 -0.0280418395996094 -0.0384521484375 -0.219329833984375
-0.0528717041015625 -0.02886962890625 -0.122695922851563 -0.177322387695313
-0.0510063171386719 -0.0273933410644531 -0.118484497070312 -0.114707946777344
-0.0663032531738281 -0.0338058471679688 -0.104812622070312 -0.0964813232421875
-0.0556488037109375 -0.0693130493164063 -0.0870513916015625 -0.0867996215820312
-0.00171661376953126 -0.106979370117188 -0.0727691650390625 -0.0751800537109375
0.081817626953125 -0.104080200195313 -0.0693740844726563 -0.101585388183594
0.169754028320313 -0.0043182373046875 -0.0691604614257812 -0.135139465332031
0.197357177734375 0.096832275390625 -0.0900115966796875 -0.213790893554688
0.151473999023438 0.191329956054688 -0.07666015625 -0.260238647460937
0.128448486328125 0.251235961914063 0.120285034179688 -0.202880859375
0.161880493164063 0.101776123046875 0.04949951171875 -0.0370864868164062
0.166763305664063 0.0279083251953125 0.124748229980469 0.047515869140625
0.118431091308594 -0.0677947998046875 0.18109130859375 -0.0684661865234375
0.0508270263671875 -0.099639892578125 0.113601684570313 -0.162506103515625
-0.030029296875 -0.111236572265625 -0.011260986328125 -0.207122802734375
-0.0817794799804688 -0.098785400390625 -0.0978240966796875 -0.162841796875
-0.0763702392578125 -0.0924453735351562 -0.0975799560546875 -0.0941238403320313
-0.0965957641601563 -0.104965209960938 -0.0814590454101563 -0.0731201171875
-0.0616455078125 -0.13787841796875 -0.07720947265625 -0.0552749633789063
0.029266357421875 -0.166778564453125 -0.0658836364746094 -0.0399665832519531
0.135261535644531 -0.134269714355469 -0.0716552734375 -0.07025146484375
0.230987548828125 0.025054931640625 -0.074066162109375 -0.100601196289062
0.238494873046875 0.156646728515625 -0.0702972412109375 -0.164749145507812
0.153945922851562 0.27032470703125 -0.0520782470703125 -0.178268432617187
0.09783935546875 0.32098388671875 0.161758422851563 -0.100784301757812
0.174331665039062 0.193740844726562 0.087371826171875 0.025970458984375
0.235366821289063 0.0961761474609375 0.134971618652344 0.0830307006835938
0.202804565429688 -0.07012939453125 0.189239501953125 -0.027252197265625
0.105438232421875 -0.143936157226563 0.132232666015625 -0.115585327148438
-0.0211639404296875 -0.177230834960938 0.020904541015625 -0.168838500976563
-0.096160888671875 -0.155029296875 -0.0585479736328125 -0.1280517578125
-0.0906524658203125 -0.142013549804688 -0.0624580383300781 -0.0592269897460937
-0.117141723632812 -0.158218383789063 -0.0456428527832031 -0.0360984802246094
-0.0672760009765625 -0.18560791015625 -0.0557365417480469 -0.0111503601074219
0.0471649169921875 -0.209136962890625 -0.0529518127441406 0.00460433959960936
0.16461181640625 -0.156036376953125 -0.0720596313476562 -0.0331573486328125
0.264114379882813 0.0393218994140625 -0.0752105712890625 -0.0696487426757813
0.25311279296875 0.189132690429688 -0.038848876953125 -0.116233825683594
0.1370849609375 0.31048583984375 -0.0240249633789062 -0.0802459716796875
0.0479736328125 0.33740234375 0.184783935546875 0.0237884521484375
0.144973754882813 0.253097534179688 0.114753723144531 0.105674743652344
0.250396728515625 0.160171508789063 0.132965087890625 0.121490478515625
0.251678466796875 -0.0446624755859375 0.180328369140625 0.025604248046875
0.148284912109375 -0.155075073242188 0.136558532714844 -0.0532150268554688
-0.00195312500000002 -0.213470458984375 0.051544189453125 -0.108482360839844
-0.0935211181640625 -0.186996459960938 -0.0113906860351563 -0.0765304565429688
-0.0908660888671875 -0.169784545898438 -0.0184364318847656 -0.0160770416259766
-0.121536254882813 -0.189727783203125 -0.00175857543945313 0.00927829742431639
-0.0648956298828125 -0.209625244140625 -0.0265388488769531 0.0397300720214844
0.062103271484375 -0.224334716796875 -0.0373420715332031 0.051300048828125
0.17816162109375 -0.155715942382813 -0.0697822570800781 0.00332641601562498
0.265472412109375 0.0572967529296875 -0.0720291137695313 -0.0449371337890625
0.230697631835938 0.205764770507813 -0.00276947021484374 -0.0712966918945312
0.0987548828125 0.312896728515625 0.00242996215820313 0.0221691131591797
-0.00982666015625002 0.291046142578125 0.187271118164063 0.148040771484375
0.0802459716796875 0.255874633789062 0.126724243164063 0.184677124023438
0.203811645507812 0.19525146484375 0.119583129882813 0.1514892578125
0.245864868164063 -0.0025482177734375 0.152023315429688 0.0749053955078125
0.164276123046875 -0.13037109375 0.122802734375 0.0113372802734375
0.018402099609375 -0.2091064453125 0.0723037719726563 -0.037872314453125
-0.075775146484375 -0.188186645507812 0.0360298156738281 -0.0160903930664063
-0.0770721435546875 -0.171798706054688 0.0289134979248047 0.0299301147460937
-0.107696533203125 -0.193954467773438 0.042755126953125 0.0580101013183594
-0.0513916015625 -0.20733642578125 0.00252532958984375 0.0914764404296875
0.0734405517578125 -0.21270751953125 -0.0244293212890625 0.0964736938476563
0.179244995117188 -0.1324462890625 -0.070587158203125 0.0371856689453125
0.237899780273438 0.0810546875 -0.0700302124023437 -0.026123046875
0.176177978515625 0.21099853515625 0.0273017883300781 -0.0285930633544922
0.0399169921875 0.282958984375 0.018218994140625 0.120475769042969
-0.064117431640625 0.190048217773438 0.170211791992188 0.245025634765625
0.00283813476562499 0.201095581054688 0.121795654296875 0.243484497070313
0.114471435546875 0.184188842773438 0.0990142822265625 0.164138793945313
0.187255859375 0.036041259765625 0.116455078125 0.107795715332031
0.143692016601563 -0.0812530517578125 0.0987396240234375 0.0603103637695312
0.0334014892578125 -0.1658935546875 0.0822830200195313 0.0271682739257812
-0.0456390380859375 -0.158187866210938 0.074615478515625 0.0414962768554687
-0.0520782470703125 -0.14654541015625 0.0713119506835938 0.0723648071289062
-0.0772705078125 -0.170425415039063 0.0806961059570313 0.104202270507812
-0.0294647216796875 -0.1787109375 0.0259857177734375 0.141036987304688
0.0792999267578125 -0.175186157226563 -0.0199737548828125 0.137367248535156
0.163162231445313 -0.09344482421875 -0.07763671875 0.0667953491210938
0.186614990234375 0.099853515625 -0.072998046875 -0.0106887817382813
0.101150512695313 0.196533203125 0.0430984497070313 0.0137100219726563
-0.0272216796875 0.220169067382812 0.014984130859375 0.20489501953125
-0.106948852539063 0.0570602416992187 0.146026611328125 0.29534912109375
-0.0691680908203125 0.106277465820312 0.11175537109375 0.267547607421875
0.010772705078125 0.131370544433594 0.0837554931640625 0.15887451171875
0.0957412719726563 0.0592803955078125 0.08734130859375 0.119606018066406
0.0939407348632813 -0.0233612060546875 0.07647705078125 0.08648681640625
0.0394515991210938 -0.0951385498046875 0.084716796875 0.0723953247070313
-0.00959014892578124 -0.101356506347656 0.100753784179687 0.0839080810546875
-0.0192184448242188 -0.0981369018554688 0.102165222167969 0.103164672851562
-0.0358505249023437 -0.120941162109375 0.106185913085938 0.14300537109375
-0.00484466552734375 -0.126289367675781 0.039886474609375 0.18157958984375
0.0729598999023438 -0.11663818359375 -0.025146484375 0.170257568359375
0.125839233398438 -0.0464248657226563 -0.0916290283203125 0.0898361206054688
0.114707946777344 0.101387023925781 -0.0827560424804687 -0.000328063964843755
0.0175933837890625 0.153671264648438 0.0401687622070313 0.0492172241210938
-0.0889358520507813 0.126144409179688 -0.00888061523437501 0.263336181640625
0.116470336914063 0.01165771484375 -0.00900268554687499 -0.2828369140625
0.037567138671875 -0.091766357421875 -0.0334930419921875 -0.075225830078125
-0.0369682312011719 -0.064208984375 0.0920867919921875 0.00800323486328125
-0.0605087280273438 0.000862121582031262 0.132377624511719 -0.106460571289063
-0.0390892028808594 0.0392990112304688 0.048736572265625 -0.19122314453125
-0.00940704345703125 0.0578880310058594 -0.068817138671875 -0.202301025390625
-0.0087127685546875 0.045806884765625 -0.14361572265625 -0.159255981445312
-0.0125198364257812 0.0439987182617187 -0.132194519042969 -0.107559204101562
-0.0243148803710937 0.0487098693847656 -0.121505737304688 -0.0892257690429687
-0.0508880615234375 0.0170402526855469 -0.0978927612304688 -0.0886001586914063
-0.0515708923339844 -0.0331993103027344 -0.0881118774414062 -0.0875167846679688
-0.00322723388671876 -0.0797271728515625 -0.0829925537109375 -0.117996215820313
0.085174560546875 -0.0679550170898437 -0.0755157470703125 -0.165206909179688
0.141647338867188 -0.008880615234375 -0.119949340820312 -0.245620727539063
0.143447875976563 0.0646209716796875 -0.126922607421875 -0.301544189453125
0.147811889648438 0.133926391601563 0.044342041015625 -0.271530151367188
0.113296508789063 -0.0102310180664063 0.000755310058593757 -0.0732498168945313
0.0677146911621094 -0.0361404418945313 0.110870361328125 0.0172500610351562
0.0197639465332031 -0.0451545715332031 0.155532836914063 -0.103118896484375
-0.0051116943359375 -0.0342807769775391 0.0739288330078125 -0.192825317382813
-0.0309181213378906 -0.0240249633789062 -0.0556488037109375 -0.21636962890625
-0.0554428100585937 -0.0232925415039062 -0.137283325195312 -0.166656494140625
-0.0525932312011719 -0.022369384765625 -0.127670288085938 -0.103775024414063
-0.0682945251464844 -0.0266914367675781 -0.113716125488281 -0.086090087890625
-0.0615234375 -0.0625228881835938 -0.09600830078125 -0.0781402587890625
-0.0118560791015625 -0.105079650878906 -0.0813446044921875 -0.0697250366210938
0.0723800659179688 -0.11138916015625 -0.0793228149414062 -0.0981903076171875
0.169723510742188 -0.018157958984375 -0.0782546997070312 -0.133720397949219
0.205657958984375 0.080078125 -0.106826782226563 -0.208724975585937
0.168106079101562 0.1796875 -0.10040283203125 -0.25384521484375
0.15087890625 0.242401123046875 0.101837158203125 -0.213821411132812
0.16839599609375 0.0873260498046875 0.0429115295410156 -0.0402030944824219
0.169937133789063 0.012420654296875 0.130088806152344 0.0412979125976563
0.111610412597656 -0.0782012939453125 0.177703857421875 -0.081390380859375
0.0418014526367187 -0.102676391601563 0.102828979492188 -0.171875
-0.04119873046875 -0.106338500976562 -0.02777099609375 -0.207061767578125
-0.0910720825195312 -0.0904006958007813 -0.11163330078125 -0.154098510742188
-0.0836410522460938 -0.0848388671875 -0.104690551757813 -0.0842742919921875
-0.106048583984375 -0.0947494506835938 -0.089141845703125 -0.064727783203125
-0.0741653442382813 -0.130142211914062 -0.0829849243164063 -0.0474472045898438
0.0132598876953125 -0.167770385742188 -0.0716934204101563 -0.03485107421875
0.123077392578125 -0.1455078125 -0.079437255859375 -0.06610107421875
0.23406982421875 0.0057220458984375 -0.0812606811523437 -0.098419189453125
0.25140380859375 0.135757446289063 -0.0836029052734375 -0.161972045898438
0.176895141601563 0.25921630859375 -0.06927490234375 -0.174026489257812
0.12554931640625 0.315399169921875 0.151809692382813 -0.115066528320312
0.1890869140625 0.178466796875 0.085784912109375 0.019439697265625
0.244674682617187 0.0756072998046875 0.142257690429688 0.076202392578125
0.19525146484375 -0.087738037109375 0.189376831054688 -0.03955078125
0.0925445556640625 -0.151885986328125 0.126228332519531 -0.126258850097656
-0.03778076171875 -0.173553466796875 0.00796508789062498 -0.17169189453125
-0.110610961914062 -0.145492553710938 -0.0694198608398437 -0.122764587402344
-0.102546691894531 -0.133018493652344 -0.0669937133789062 -0.0520210266113281
-0.1317138671875 -0.1458740234375 -0.0507164001464844 -0.0308189392089844
-0.08428955078125 -0.177337646484375 -0.0585289001464844 -0.00493621826171876
0.02655029296875 -0.212020874023438 -0.0554275512695312 0.00819396972656248
0.149810791015625 -0.170486450195313 -0.0771713256835938 -0.0288772583007813
0.2684326171875 0.017303466796875 -0.0805587768554687 -0.0665283203125
0.2694091796875 0.166015625 -0.0488662719726563 -0.116050720214844
0.16387939453125 0.300750732421875 -0.03302001953125 -0.078216552734375
0.076202392578125 0.33404541015625 0.185958862304688 0.00810241699218752
0.164215087890625 0.239730834960938 0.119743347167969 0.0967941284179688
0.26507568359375 0.139297485351563 0.142608642578125 0.115432739257813
0.246307373046875 -0.0656280517578125 0.18365478515625 0.0147857666015625
0.135025024414063 -0.1666259765625 0.135589599609375 -0.06304931640625
-0.0218353271484375 -0.21075439453125 0.04302978515625 -0.113937377929688
-0.1114501953125 -0.177444458007812 -0.01806640625 -0.075714111328125
-0.106063842773438 -0.160903930664062 -0.0193080902099609 -0.0125637054443359
-0.139816284179688 -0.175994873046875 -0.00368309020996095 0.0100955963134766
-0.0842437744140625 -0.202041625976563 -0.0249214172363281 0.0426177978515625
0.039215087890625 -0.22955322265625 -0.0354270935058594 0.0535469055175781
0.16339111328125 -0.171401977539063 -0.071990966796875 0.00811004638671875
0.27093505859375 0.0348052978515625 -0.0761489868164062 -0.0417861938476563
0.247879028320312 0.185394287109375 -0.00962066650390624 -0.0734329223632812
0.125579833984375 0.30694580078125 0.00179481506347657 0.021718978881836
0.014495849609375 0.2916259765625 0.1993408203125 0.131866455078125
0.0993804931640625 0.248565673828125 0.137954711914063 0.175033569335938
0.222152709960938 0.179092407226563 0.13043212890625 0.145751953125
0.244537353515625 -0.023345947265625 0.159500122070313 0.0662841796875
0.15216064453125 -0.143417358398438 0.127273559570313 0.00219726562499999
-0.000595092773437495 -0.20904541015625 0.0706710815429688 -0.0455322265625
-0.093414306640625 -0.180984497070312 0.0347995758056641 -0.0192241668701172
-0.0923919677734375 -0.164443969726563 0.0315647125244141 0.0286235809326172
-0.126907348632813 -0.181304931640625 0.0454139709472656 0.0541572570800781
-0.0713043212890625 -0.20166015625 0.00932312011718749 0.0916748046875
0.0521087646484375 -0.218917846679688 -0.0182418823242188 0.0972061157226562
0.1663818359375 -0.1485595703125 -0.0693626403808594 0.0423583984375
0.245376586914063 0.0611114501953125 -0.0726470947265625 -0.022216796875
0.194244384765625 0.194595336914063 0.0244197845458985 -0.0329627990722656
0.0643768310546875 0.281082153320312 0.0266952514648438 0.118698120117188
-0.048583984375 0.195068359375 0.191787719726563 0.23077392578125
0.0174560546875 0.20037841796875 0.139389038085938 0.234100341796875
0.1314697265625 0.175857543945313 0.110809326171875 0.159713745117188
0.189712524414062 0.0203094482421875 0.125694274902344 0.101570129394531
0.136245727539063 -0.0928421020507813 0.106491088867188 0.0535659790039062
0.0178375244140625 -0.168411254882813 0.0858993530273438 0.0187530517578125
-0.06072998046875 -0.153366088867188 0.078643798828125 0.0339508056640625
-0.06512451171875 -0.1416015625 0.0770187377929688 0.0668182373046875
-0.0941314697265625 -0.161529541015625 0.0879669189453125 0.09716796875
-0.046875 -0.175567626953125 0.0369033813476562 0.138603210449219
0.0618438720703125 -0.182022094726563 -0.00965118408203124 0.137519836425781
0.154556274414062 -0.10772705078125 -0.0737152099609375 0.0726776123046875
0.19573974609375 0.084197998046875 -0.074554443359375 -0.00598907470703124
0.1173095703125 0.18743896484375 0.0440521240234375 0.00774383544921876
-0.00839233398437497 0.223068237304687 0.03106689453125 0.20257568359375
-0.102058410644531 0.0653305053710937 0.17218017578125 0.282989501953125
-0.0615081787109375 0.111572265625 0.132736206054688 0.259017944335938
0.0234298706054688 0.132049560546875 0.095245361328125 0.154891967773438
0.100761413574219 0.0508270263671875 0.0978469848632813 0.11627197265625
0.0913619995117188 -0.0306549072265625 0.085479736328125 0.0813446044921875
0.0303497314453125 -0.09832763671875 0.092559814453125 0.0637893676757813
-0.0193023681640625 -0.10052490234375 0.108680725097656 0.0740432739257813
-0.0277633666992187 -0.0965347290039063 0.110313415527344 0.0944976806640625
-0.0486373901367187 -0.116981506347656 0.117385864257813 0.133476257324219
-0.0171737670898438 -0.126480102539063 0.053955078125 0.1778564453125
0.0615386962890625 -0.123779296875 -0.011871337890625 0.170852661132813
0.121826171875 -0.0581207275390625 -0.0851821899414063 0.0969085693359375
0.12371826171875 0.0923080444335938 -0.0838165283203125 0.00527191162109375
0.029571533203125 0.152740478515625 0.0441551208496094 0.0436439514160156
-0.0790634155273437 0.13372802734375 0.012542724609375 0.26312255859375
0.120208740234375 0.00551605224609375 -0.027923583984375 -0.2816162109375
0.0312042236328125 -0.0939865112304688 -0.040771484375 -0.0706329345703125
-0.0421867370605469 -0.0632781982421875 0.0954971313476563 0.00390625
-0.0611724853515625 0.00421905517578126 0.127586364746094 -0.114311218261719
-0.0371894836425781 0.0421257019042969 0.0380859375 -0.194473266601562
-0.00551986694335937 0.0594749450683594 -0.07965087890625 -0.198745727539063
-0.0050201416015625 0.0472526550292969 -0.153793334960938 -0.14990234375
-0.00873184204101563 0.0448760986328125 -0.138526916503906 -0.09906005859375
-0.0189895629882813 0.0504379272460937 -0.127761840820313 -0.0806427001953125
-0.0488929748535156 0.0221672058105469 -0.105018615722656 -0.0819091796875
-0.0534133911132813 -0.0287437438964844 -0.0952224731445313 -0.0827102661132813
-0.00879669189453124 -0.08056640625 -0.0914688110351562 -0.115982055664063
0.0812835693359375 -0.0739288330078125 -0.08428955078125 -0.165176391601563
0.141937255859375 -0.0188751220703125 -0.134506225585938 -0.240753173828125
0.149139404296875 0.0565338134765625 -0.147430419921875 -0.294891357421875
0.159225463867188 0.126251220703125 0.025543212890625 -0.274871826171875
0.112014770507813 -0.0171585083007812 -0.00717163085937499 -0.07135009765625
0.0650291442871094 -0.0420036315917969 0.11444091796875 0.013397216796875
0.01556396484375 -0.0472335815429688 0.151763916015625 -0.112258911132813
-0.00765228271484375 -0.0332489013671875 0.0644073486328125 -0.198196411132813
-0.0333080291748047 -0.0201797485351562 -0.0674591064453125 -0.213409423828125
-0.0575637817382813 -0.0177078247070312 -0.148513793945312 -0.157638549804688
-0.0530624389648438 -0.0187263488769531 -0.133186340332031 -0.0951995849609375
-0.0692291259765625 -0.020782470703125 -0.120010375976563 -0.0779495239257813
-0.0652503967285156 -0.0564956665039062 -0.102386474609375 -0.071075439453125
-0.0193252563476563 -0.103157043457031 -0.0882797241210937 -0.0650253295898438
0.0646133422851563 -0.116378784179687 -0.0872802734375 -0.0962982177734375
0.169586181640625 -0.0297698974609375 -0.0850753784179688 -0.133644104003906
0.21185302734375 0.0661163330078125 -0.119522094726563 -0.205612182617188
0.1807861328125 0.170989990234375 -0.118118286132812 -0.248779296875
0.168548583984375 0.235946655273437 0.08685302734375 -0.220626831054688
0.172607421875 0.0767364501953125 0.0369186401367188 -0.0415458679199219
0.171905517578125 0.00018310546875 0.134552001953125 0.0368881225585937
0.105171203613281 -0.0862579345703125 0.17572021484375 -0.089996337890625
0.03424072265625 -0.105369567871094 0.0956573486328125 -0.178909301757813
-0.04901123046875 -0.101608276367188 -0.0398101806640625 -0.20611572265625
-0.09808349609375 -0.082977294921875 -0.1217041015625 -0.14727783203125
-0.0884170532226563 -0.0794754028320313 -0.109077453613281 -0.076812744140625
-0.111976623535156 -0.0855712890625 -0.0946426391601562 -0.0578460693359375
-0.0827255249023437 -0.123153686523438 -0.0876541137695313 -0.041259765625
0.000595092773437485 -0.167617797851563 -0.07647705078125 -0.0308303833007813
0.113128662109375 -0.154006958007813 -0.085968017578125 -0.0637588500976562
0.236038208007813 -0.009674072265625 -0.0868072509765625 -0.0981369018554688
0.261337280273438 0.11846923828125 -0.0942687988281249 -0.160186767578125
0.194778442382812 0.2506103515625 -0.081695556640625 -0.170181274414063
0.146697998046875 0.310302734375 0.143844604492188 -0.124557495117188
0.198089599609375 0.167190551757812 0.0834808349609375 0.0158767700195313
0.252090454101563 0.0591888427734375 0.148208618164063 0.0723724365234375
0.18890380859375 -0.100967407226563 0.189590454101563 -0.0478668212890625
0.0821075439453125 -0.157608032226563 0.122337341308594 -0.133995056152344
-0.050445556640625 -0.1690673828125 -0.002105712890625 -0.173782348632812
-0.121726989746094 -0.13629150390625 -0.0776138305664063 -0.118804931640625
-0.111076354980469 -0.126716613769531 -0.0694007873535156 -0.0465126037597656
-0.141921997070313 -0.134857177734375 -0.054229736328125 -0.0263671875
-0.097076416015625 -0.16925048828125 -0.0600318908691406 -0.000492095947265624
0.01025390625 -0.2127685546875 -0.0579414367675781 0.0114517211914062
0.138595581054688 -0.18035888671875 -0.0808868408203125 -0.0256729125976563
0.271865844726562 0.00030517578125 -0.0843887329101562 -0.0655364990234375
0.280746459960938 0.148605346679688 -0.0572967529296875 -0.115913391113281
0.184051513671875 0.29364013671875 -0.0398406982421875 -0.07623291015625
0.097930908203125 0.33160400390625 0.185623168945313 -0.00451660156249998
0.176361083984375 0.229965209960938 0.122360229492188 0.0909652709960938
0.276687622070313 0.123214721679688 0.149490356445313 0.111618041992188
0.241653442382813 -0.0819854736328125 0.18682861328125 0.00736999511718749
0.124038696289062 -0.174667358398437 0.136253356933594 -0.0710906982421875
-0.0368499755859375 -0.208023071289063 0.0368881225585938 -0.118537902832031
-0.123916625976563 -0.168991088867188 -0.0227508544921875 -0.0746383666992188
-0.1163330078125 -0.154510498046875 -0.0196685791015625 -0.0100307464599609
-0.152908325195313 -0.1641845703125 -0.0047130584716797 0.0115633010864258
-0.0990142822265625 -0.193984985351563 -0.0236091613769531 0.0455665588378906
0.0211334228515625 -0.231201171875 -0.0343971252441406 0.0548019409179687
0.151748657226563 -0.182876586914063 -0.0734710693359375 0.0111007690429687
0.27520751953125 0.0178070068359375 -0.078765869140625 -0.0400772094726562
0.260879516601563 0.168594360351563 -0.0150070190429687 -0.0759048461914062
0.145965576171875 0.301483154296875 0.00190734863281251 0.0220184326171875
0.0325927734375 0.292205810546875 0.207733154296875 0.119308471679688
0.112518310546875 0.24298095703125 0.146957397460937 0.167617797851563
0.235687255859375 0.166351318359375 0.137863159179688 0.143341064453125
0.243484497070313 -0.0384521484375 0.165481567382813 0.06060791015625
0.1434326171875 -0.152252197265625 0.131599426269531 -0.00455474853515626
-0.015472412109375 -0.20782470703125 0.0688667297363281 -0.051422119140625
-0.106597900390625 -0.174728393554688 0.0331325531005859 -0.0224800109863281
-0.103668212890625 -0.158721923828125 0.0332832336425781 0.0283927917480469
-0.1405029296875 -0.170883178710937 0.0468635559082031 0.0519485473632812
-0.08612060546875 -0.194961547851563 0.0135879516601563 0.0916824340820312
0.034942626953125 -0.222564697265625 -0.0143203735351563 0.0974349975585937
0.156448364257813 -0.160140991210938 -0.0687141418457031 0.0459022521972656
0.251571655273438 0.0450897216796875 -0.0746536254882812 -0.0196075439453125
0.206954956054688 0.182266235351563 0.0219154357910156 -0.0376319885253906
0.082275390625 0.279281616210938 0.0326995849609375 0.117439270019531
-0.0367889404296875 0.1982421875 0.20672607421875 0.218719482421875
0.0280303955078125 0.2000732421875 0.152481079101563 0.227081298828125
0.144622802734375 0.169525146484375 0.118911743164063 0.157699584960938
0.191192626953125 0.008819580078125 0.134254455566406 0.0983123779296875
0.130645751953125 -0.101051330566406 0.114006042480469 0.0479965209960938
0.00677490234374999 -0.168289184570312 0.0886688232421875 0.01220703125
-0.071929931640625 -0.149581909179688 0.0809326171875 0.0279922485351562
-0.074951171875 -0.137931823730469 0.0814208984375 0.0627212524414063
-0.106521606445313 -0.1536865234375 0.0925979614257813 0.09161376953125
-0.059814453125 -0.172012329101563 0.0441741943359375 0.136474609375
0.0481719970703125 -0.18707275390625 -0.0021820068359375 0.137176513671875
0.147750854492188 -0.118621826171875 -0.0703048706054687 0.0766143798828125
0.202590942382813 0.0724945068359375 -0.0759963989257813 -0.00328063964843751
0.129165649414063 0.18060302734375 0.0447616577148438 0.00286102294921876
0.00573730468749998 0.225372314453125 0.0429229736328125 0.201034545898438
-0.0996170043945313 0.0710678100585937 0.191055297851563 0.27215576171875
-0.0563735961914062 0.116607666015625 0.1475830078125 0.2528076171875
0.033233642578125 0.132499694824219 0.10296630859375 0.153762817382812
0.104476928710938 0.0443496704101563 0.106025695800781 0.113914489746094
0.0900650024414063 -0.036407470703125 0.0937652587890625 0.0776138305664063
0.0237274169921875 -0.100425720214844 0.0985031127929688 0.0571365356445312
-0.0264053344726562 -0.100532531738281 0.114143371582031 0.0658493041992188
-0.0346145629882813 -0.09576416015625 0.116485595703125 0.0879440307617188
-0.05731201171875 -0.113143920898438 0.124702453613281 0.12554931640625
-0.0265884399414063 -0.125579833984375 0.064453125 0.17425537109375
0.05291748046875 -0.128898620605469 -0.00231933593749999 0.170486450195313
0.119064331054688 -0.0664749145507813 -0.0802383422851562 0.102012634277344
0.130889892578125 0.085723876953125 -0.0846023559570312 0.00896453857421874
0.0382843017578125 0.151535034179687 0.04730224609375 0.0389556884765625
-0.071441650390625 0.13946533203125 0.0287628173828125 0.261550903320313
0.126853942871094 -0.00017547607421875 -0.04351806640625 -0.2860107421875
0.0265121459960937 -0.0979385375976562 -0.0478248596191406 -0.0668182373046875
-0.0481529235839844 -0.0637626647949219 0.100341796875 0.000473022460937496
-0.06304931640625 0.00726318359374999 0.126724243164063 -0.123481750488281
-0.0362205505371094 0.0456695556640625 0.0294952392578125 -0.201156616210938
-0.00193405151367188 0.0627670288085938 -0.0905914306640625 -0.198867797851563
-0.00162506103515625 0.0495414733886719 -0.164810180664063 -0.14434814453125
-0.0055389404296875 0.0460777282714844 -0.146316528320313 -0.0935211181640625
-0.0149574279785156 0.0528221130371094 -0.135162353515625 -0.0743789672851562
-0.0480155944824219 0.026763916015625 -0.112640380859375 -0.0769195556640625
-0.0562362670898437 -0.0255622863769531 -0.103157043457031 -0.0795974731445313
-0.0140762329101563 -0.082489013671875 -0.100944519042969 -0.116416931152344
0.0795364379882813 -0.0807113647460938 -0.09368896484375 -0.169204711914063
0.144393920898438 -0.0274505615234375 -0.149063110351562 -0.241500854492188
0.157058715820313 0.0508270263671875 -0.16778564453125 -0.2950439453125
0.172897338867188 0.122451782226563 0.011016845703125 -0.281494140625
0.112411499023437 -0.0234451293945313 -0.0142593383789062 -0.0695114135742187
0.0636711120605469 -0.04864501953125 0.120468139648438 0.00992584228515625
0.0121574401855469 -0.0497856140136719 0.151748657226563 -0.122024536132812
-0.0104751586914063 -0.0329608917236328 0.057159423828125 -0.206710815429687
-0.0354270935058594 -0.0166435241699219 -0.0794830322265625 -0.214935302734375
-0.0595054626464844 -0.0132522583007813 -0.15997314453125 -0.152740478515625
-0.0545997619628906 -0.0159530639648438 -0.140220642089844 -0.0893783569335938
-0.0709686279296875 -0.0160903930664063 -0.12750244140625 -0.0713653564453125
-0.0690116882324219 -0.0516777038574219 -0.109817504882813 -0.0658721923828125
-0.02587890625 -0.102813720703125 -0.0955581665039063 -0.0623931884765625
0.059173583984375 -0.122581481933594 -0.0958099365234375 -0.0964813232421875
0.172592163085937 -0.0402679443359375 -0.0931549072265625 -0.137313842773438
0.219589233398438 0.05462646484375 -0.132888793945312 -0.206573486328125
0.19561767578125 0.166900634765625 -0.135726928710938 -0.249053955078125
0.187545776367188 0.233734130859375 0.076171875 -0.229766845703125
0.179244995117188 0.070465087890625 0.0321311950683594 -0.042266845703125
0.17626953125 -0.0103607177734375 0.141448974609375 0.0341644287109375
0.10137939453125 -0.0945816040039063 0.177963256835938 -0.0994110107421875
0.0292587280273437 -0.108978271484375 0.091064453125 -0.189102172851563
-0.0563278198242188 -0.0991363525390625 -0.0507965087890625 -0.210098266601563
-0.105323791503906 -0.07696533203125 -0.132156372070313 -0.143447875976562
-0.0949325561523437 -0.0758056640625 -0.114540100097656 -0.0717849731445313
-0.119026184082031 -0.0793914794921875 -0.100990295410156 -0.0524826049804688
-0.0912857055664063 -0.118598937988281 -0.0932769775390625 -0.0364303588867187
-0.00979614257812501 -0.169509887695313 -0.082733154296875 -0.0278244018554687
0.106201171875 -0.164321899414063 -0.0932769775390625 -0.0632705688476563
0.241973876953125 -0.0233917236328125 -0.0935211181640625 -0.100318908691406
0.274368286132813 0.105621337890625 -0.105316162109375 -0.162124633789063
0.213714599609375 0.248275756835937 -0.0943298339843749 -0.170257568359375
0.16778564453125 0.311431884765625 0.1390380859375 -0.135299682617187
0.209548950195313 0.161697387695313 0.0825729370117188 0.0134124755859375
0.262741088867187 0.04681396484375 0.156600952148438 0.070831298828125
0.186630249023438 -0.11395263671875 0.194793701171875 -0.0558013916015625
0.07562255859375 -0.1650390625 0.121932983398438 -0.144454956054688
-0.0616302490234375 -0.16766357421875 -0.00988769531250002 -0.17864990234375
-0.132743835449219 -0.130813598632813 -0.0863494873046875 -0.116722106933594
-0.120292663574219 -0.122978210449219 -0.0721206665039063 -0.0429229736328125
-0.153182983398438 -0.127471923828125 -0.0583534240722656 -0.0224456787109375
-0.109085083007812 -0.165603637695313 -0.0626029968261719 0.00423431396484373
-0.00280761718750002 -0.216262817382813 -0.0613136291503906 0.0140571594238281
0.130905151367188 -0.192153930664062 -0.0864181518554687 -0.0238800048828125
0.278839111328125 -0.015960693359375 -0.0900039672851562 -0.0669631958007813
0.295135498046875 0.134979248046875 -0.0654296875 -0.1187744140625
0.205108642578125 0.293212890625 -0.0461502075195312 -0.0756683349609375
0.117950439453125 0.33551025390625 0.188888549804688 -0.013946533203125
0.189773559570313 0.227279663085938 0.126419067382813 0.0880355834960938
0.29150390625 0.11053466796875 0.159042358398438 0.112380981445313
0.241546630859375 -0.096466064453125 0.194259643554688 0.00222778320312499
0.117752075195313 -0.184326171875 0.140419006347656 -0.0797348022460938
-0.049774169921875 -0.208145141601563 0.0323715209960938 -0.124671936035156
-0.137527465820313 -0.164749145507812 -0.0280303955078125 -0.0755844116210938
-0.127212524414062 -0.151336669921875 -0.0196056365966797 -0.00766372680664064
-0.166168212890625 -0.156356811523437 -0.00600528717041017 0.013336181640625
-0.11297607421875 -0.190414428710938 -0.0232467651367188 0.0484542846679687
0.0062713623046875 -0.236770629882813 -0.035125732421875 0.057281494140625
0.144546508789063 -0.19561767578125 -0.0761947631835937 0.0139846801757812
0.283782958984375 0.002410888671875 -0.08319091796875 -0.0403213500976563
0.276229858398438 0.157455444335938 -0.0200119018554687 -0.0799484252929687
0.16632080078125 0.30230712890625 0.00174331665039063 0.0226783752441406
0.048370361328125 0.298065185546875 0.217941284179688 0.110260009765625
0.125778198242188 0.243194580078125 0.155914306640625 0.164825439453125
0.252288818359375 0.157867431640625 0.1480712890625 0.1451416015625
0.245925903320313 -0.0527191162109375 0.174880981445313 0.058258056640625
0.139083862304687 -0.162796020507812 0.138519287109375 -0.0114517211914063
-0.027679443359375 -0.209762573242187 0.0688705444335938 -0.0582809448242188
-0.120223999023437 -0.171417236328125 0.0323314666748047 -0.0254688262939453
-0.115005493164063 -0.156463623046875 0.0361747741699219 0.0279045104980469
-0.1541748046875 -0.164154052734375 0.0487899780273437 0.0513763427734375
-0.100265502929688 -0.192947387695313 0.017059326171875 0.0931320190429687
0.020843505859375 -0.22833251953125 -0.0113525390625 0.099456787109375
0.150527954101563 -0.172821044921875 -0.0691184997558594 0.0492782592773438
0.261093139648437 0.032073974609375 -0.0780792236328125 -0.0186080932617187
0.221908569335938 0.174728393554687 0.0200462341308594 -0.0418510437011719
0.099700927734375 0.283111572265625 0.0388107299804688 0.118072509765625
-0.02801513671875 0.204132080078125 0.222274780273438 0.212509155273438
0.036712646484375 0.204132080078125 0.165481567382812 0.224868774414062
0.15875244140625 0.166610717773438 0.128219604492188 0.160552978515625
0.196441650390625 -0.00146484375 0.1444091796875 0.097991943359375
0.128952026367187 -0.109832763671875 0.122665405273438 0.043853759765625
-0.00341796875000002 -0.171539306640625 0.0921478271484375 0.00594329833984374
-0.0830841064453125 -0.149139404296875 0.0841140747070313 0.0231552124023437
-0.0849685668945313 -0.137237548828125 0.0866317749023438 0.0606307983398437
-0.119338989257813 -0.148880004882812 0.0978164672851562 0.0893325805664062
-0.072723388671875 -0.170822143554687 0.05126953125 0.137153625488281
0.036376953125 -0.19378662109375 0.00325012207031249 0.139434814453125
0.144515991210937 -0.1304931640625 -0.0692825317382812 0.0813064575195312
0.212677001953125 0.0635223388671875 -0.0784378051757812 -0.00136566162109375
0.142059326171875 0.177597045898438 0.0457344055175781 -0.00193023681640624
0.01739501953125 0.231094360351563 0.0536651611328125 0.202911376953125
-0.0992507934570313 0.0772323608398437 0.209869384765625 0.26824951171875
-0.05255126953125 0.122627258300781 0.163253784179688 0.251541137695313
0.042999267578125 0.134857177734375 0.111724853515625 0.156097412109375
0.110023498535156 0.0398483276367188 0.115776062011719 0.1151123046875
0.09063720703125 -0.0416107177734375 0.102500915527344 0.0755844116210938
0.0185699462890625 -0.103797912597656 0.105232238769531 0.0518646240234375
-0.0339508056640625 -0.101760864257813 0.12042236328125 0.0597915649414062
-0.0415802001953125 -0.096649169921875 0.123138427734375 0.0836029052734375
-0.066497802734375 -0.111740112304688 0.132469177246094 0.121353149414063
-0.0359954833984375 -0.127151489257813 0.0740814208984375 0.174530029296875
0.0455245971679687 -0.135948181152344 0.00567626953125002 0.173431396484375
0.118537902832031 -0.075469970703125 -0.078033447265625 0.107414245605469
0.13958740234375 0.0817642211914063 -0.086822509765625 0.0126724243164063
0.0468292236328125 0.154464721679688 0.0510978698730469 0.0345687866210938
-0.066314697265625 0.147048950195313 0.0428314208984375 0.265579223632813
0.135726928710938 -0.009124755859375 -0.064788818359375 -0.29425048828125
0.0205078125 -0.103935241699219 -0.056121826171875 -0.0628166198730469
-0.056427001953125 -0.0643501281738281 0.107383728027344 -0.00501251220703125
-0.0664291381835938 0.0111160278320313 0.125747680664063 -0.136528015136719
-0.0351181030273437 0.0508995056152344 0.0191650390625 -0.211624145507813
0.00355148315429687 0.0673179626464844 -0.105667114257813 -0.201797485351562
0.00283050537109376 0.0533638000488281 -0.18145751953125 -0.139572143554688
-0.00128555297851563 0.048797607421875 -0.158294677734375 -0.08782958984375
-0.0100975036621094 0.0561141967773438 -0.146163940429688 -0.06744384765625
-0.0457801818847656 0.0325088500976563 -0.123855590820313 -0.0726470947265625
-0.0605354309082031 -0.0215301513671875 -0.114456176757813 -0.0770492553710938
-0.0214996337890625 -0.0850830078125 -0.115020751953125 -0.118217468261719
0.0775299072265625 -0.0909423828125 -0.108642578125 -0.1751708984375
0.1485595703125 -0.039215087890625 -0.170989990234375 -0.244659423828125
0.16912841796875 0.0436248779296875 -0.196136474609375 -0.297271728515625
0.19219970703125 0.116455078125 -0.00802612304687497 -0.294281005859375
0.114837646484375 -0.03179931640625 -0.0222129821777344 -0.0680160522460938
0.0625991821289063 -0.0565834045410156 0.128936767578125 0.00437164306640625
0.00795364379882812 -0.0536117553710938 0.153045654296875 -0.136444091796875
-0.0137443542480469 -0.0333175659179688 0.0476226806640625 -0.220443725585938
-0.0374755859375 -0.01275634765625 -0.09619140625 -0.219833374023438
-0.0627784729003906 -0.00739669799804688 -0.17718505859375 -0.148208618164062
-0.0573959350585938 -0.0129547119140625 -0.151657104492188 -0.08343505859375
-0.074005126953125 -0.0108642578125 -0.138389587402344 -0.06500244140625
-0.07427978515625 -0.0471572875976563 -0.119903564453125 -0.0608139038085937
-0.034576416015625 -0.103378295898437 -0.105941772460938 -0.0588455200195312
0.05242919921875 -0.132049560546875 -0.10906982421875 -0.0978317260742188
0.178085327148438 -0.0546875 -0.10638427734375 -0.14202880859375
0.233413696289063 0.04052734375 -0.152877807617188 -0.209152221679687
0.216827392578125 0.162689208984375 -0.159469604492188 -0.2513427734375
0.215377807617187 0.232742309570312 0.063568115234375 -0.245346069335937
0.190399169921875 0.0620574951171875 0.0271644592285156 -0.0434074401855469
0.183486938476563 -0.025299072265625 0.152908325195313 0.0300445556640625
0.0979766845703125 -0.106292724609375 0.182418823242188 -0.113784790039063
0.0224838256835937 -0.115242004394531 0.0858306884765625 -0.204177856445313
-0.0655441284179687 -0.0965728759765625 -0.0661773681640625 -0.216827392578125
-0.115287780761719 -0.0713043212890625 -0.148422241210937 -0.140640258789063
-0.103477478027344 -0.0722732543945313 -0.123527526855469 -0.066497802734375
-0.1287841796875 -0.0728836059570313 -0.10986328125 -0.0464630126953125
-0.10308837890625 -0.114883422851563 -0.101127624511719 -0.03057861328125
-0.0226898193359375 -0.174270629882813 -0.0906219482421875 -0.0238494873046875
0.09893798828125 -0.17828369140625 -0.104217529296875 -0.0627822875976563
0.251922607421875 -0.0420379638671875 -0.104454040527344 -0.104049682617188
0.293548583984375 0.09014892578125 -0.12176513671875 -0.164962768554688
0.241439819335938 0.246795654296875 -0.110870361328125 -0.17169189453125
0.197967529296875 0.3155517578125 0.1358642578125 -0.150405883789062
0.22796630859375 0.156295776367188 0.0830001831054688 0.0115432739257813
0.2783203125 0.0294036865234375 0.170364379882813 0.0689849853515625
0.185317993164063 -0.1312255859375 0.20367431640625 -0.068450927734375
0.068115234375 -0.177047729492187 0.121673583984375 -0.160202026367188
-0.07568359375 -0.168289184570313 -0.0221405029296875 -0.1875
-0.148452758789062 -0.125625610351563 -0.0985794067382813 -0.116287231445313
-0.134147644042969 -0.120002746582031 -0.0772705078125 -0.0387039184570313
-0.16815185546875 -0.119735717773438 -0.0638618469238281 -0.0178985595703125
-0.125076293945313 -0.161956787109375 -0.0672836303710938 0.00966644287109373
-0.01947021484375 -0.223648071289062 -0.065887451171875 0.018463134765625
0.122573852539063 -0.210205078125 -0.0941696166992187 -0.0222091674804688
0.292205810546875 -0.03662109375 -0.0990753173828125 -0.0685577392578125
0.31781005859375 0.119354248046875 -0.0772705078125 -0.122879028320312
0.23486328125 0.2943115234375 -0.05450439453125 -0.0759201049804687
0.146514892578125 0.3447265625 0.195541381835938 -0.0270843505859375
0.2113037109375 0.226242065429687 0.133750915527344 0.0851364135742188
0.313690185546875 0.09552001953125 0.173995971679688 0.112884521484375
0.2449951171875 -0.117431640625 0.20733642578125 -0.00683593750000001
0.111724853515625 -0.20050048828125 0.1453857421875 -0.0941009521484375
-0.06610107421875 -0.212066650390625 0.0257644653320313 -0.134346008300781
-0.156021118164062 -0.1607666015625 -0.0351333618164063 -0.077178955078125
-0.14422607421875 -0.149322509765625 -0.0202541351318359 -0.00583267211914063
-0.184539794921875 -0.149124145507813 -0.00717067718505861 0.0161056518554687
-0.132217407226563 -0.188034057617187 -0.0230674743652344 0.0533027648925781
-0.0113067626953125 -0.245437622070312 -0.0352745056152344 0.0620231628417969
0.13629150390625 -0.214462280273437 -0.0813140869140625 0.0176773071289062
0.297882080078125 -0.018280029296875 -0.0901260375976563 -0.0402374267578125
0.29949951171875 0.14398193359375 -0.0273590087890625 -0.0845718383789062
0.19500732421875 0.306671142578125 0.00241851806640626 0.0240192413330078
0.070709228515625 0.309417724609375 0.234146118164063 0.101119995117188
0.144744873046875 0.24688720703125 0.170547485351563 0.163101196289063
0.27581787109375 0.148101806640625 0.164230346679688 0.147750854492188
0.253494262695313 -0.071044921875 0.189666748046875 0.054107666015625
0.13568115234375 -0.179244995117188 0.1483154296875 -0.0213775634765625
-0.0440216064453125 -0.215606689453125 0.0684432983398438 -0.0667228698730469
-0.138626098632813 -0.169235229492188 0.0315284729003906 -0.0290489196777344
-0.131729125976563 -0.155731201171875 0.0404701232910156 0.0280494689941406
-0.173171997070312 -0.158432006835938 0.0525436401367187 0.0519981384277344
-0.11962890625 -0.191787719726563 0.0226058959960937 0.0970001220703125
0.0041961669921875 -0.238967895507813 -0.00762939453124999 0.103973388671875
0.145034790039063 -0.191787719726563 -0.07080078125 0.054290771484375
0.276443481445313 0.01507568359375 -0.0833892822265625 -0.0171051025390625
0.243515014648438 0.166290283203125 0.0175819396972656 -0.0480575561523437
0.123992919921875 0.290802001953125 0.047515869140625 0.1212158203125
-0.016845703125 0.216537475585938 0.245849609375 0.206741333007812
0.0499420166015625 0.21197509765625 0.18499755859375 0.2244873046875
0.17950439453125 0.163925170898438 0.143890380859375 0.165069580078125
0.205032348632813 -0.014373779296875 0.160140991210938 0.097320556640625
0.128883361816406 -0.123023986816406 0.134819030761719 0.0383377075195312
-0.015350341796875 -0.178573608398438 0.097686767578125 -0.00207519531250001
-0.0989227294921875 -0.149307250976563 0.089080810546875 0.0176773071289062
-0.099365234375 -0.137947082519531 0.09478759765625 0.058563232421875
-0.135391235351563 -0.145523071289063 0.106010437011719 0.0875091552734375
-0.0896453857421875 -0.172378540039062 0.0607147216796875 0.140480041503906
0.0234527587890625 -0.204925537109375 0.0104827880859375 0.144119262695312
0.141860961914062 -0.147125244140625 -0.0682754516601562 0.0880889892578125
0.227951049804688 0.0520782470703125 -0.0825424194335937 0.00213623046875
0.160507202148438 0.176055908203125 0.0478096008300781 -0.00814056396484374
0.0342559814453125 0.2413330078125 0.069091796875 0.208404541015625
-0.09942626953125 0.0875930786132813 0.23687744140625 0.265579223632813
-0.04803466796875 0.132949829101563 0.1849365234375 0.25341796875
0.0552291870117188 0.13909912109375 0.125640869140625 0.160354614257813
0.118400573730469 0.0343551635742188 0.131546020507813 0.116767883300781
0.0931243896484375 -0.0499649047851563 0.115066528320312 0.0733566284179688
0.0115814208984375 -0.110115051269531 0.114204406738281 0.04547119140625
-0.0439453125 -0.10516357421875 0.129631042480469 0.05279541015625
-0.0508270263671875 -0.0989456176757813 0.134422302246094 0.0799789428710938
-0.078338623046875 -0.111526489257813 0.145767211914063 0.1182861328125
-0.0477752685546875 -0.129684448242188 0.086883544921875 0.177597045898437
0.037261962890625 -0.146209716796875 0.0156402587890625 0.179656982421875
0.119415283203125 -0.0876617431640625 -0.0761184692382812 0.116325378417969
0.152679443359375 0.077056884765625 -0.0905227661132812 0.017059326171875
0.0595550537109375 0.159317016601563 0.0563468933105469 0.0293464660644531
-0.0599822998046875 0.158554077148438 0.0619049072265625 0.273956298828125
0.145782470703125 -0.024322509765625 -0.09552001953125 -0.30230712890625
0.011199951171875 -0.111274719238281 -0.0657844543457031 -0.0562782287597656
-0.0673370361328125 -0.0625190734863281 0.114799499511719 -0.0140380859375
-0.0700531005859375 0.0180091857910156 0.120574951171875 -0.154312133789063
-0.0329246520996094 0.0579338073730469 0.000915527343750014 -0.22320556640625
0.0121994018554688 0.0716552734375 -0.1282958984375 -0.201690673828125
0.0106430053710938 0.0568389892578125 -0.202346801757813 -0.128662109375
0.0046844482421875 0.0513381958007813 -0.173980712890625 -0.0775604248046875
-0.00324249267578125 0.0592002868652344 -0.159759521484375 -0.0555877685546875
-0.0429229736328125 0.039398193359375 -0.137168884277344 -0.0637969970703125
-0.0651779174804688 -0.0152015686035156 -0.129013061523438 -0.0704574584960937
-0.0320358276367187 -0.087615966796875 -0.134437561035156 -0.116325378417969
0.0716552734375 -0.103996276855469 -0.131011962890625 -0.177886962890625
0.151611328125 -0.0560150146484375 -0.201889038085937 -0.24163818359375
0.184036254882813 0.0302581787109375 -0.236053466796875 -0.293731689453125
0.216323852539063 0.10284423828125 -0.03662109375 -0.30712890625
0.116874694824219 -0.0438308715820312 -0.0320014953613281 -0.0655021667480469
0.0584716796875 -0.0668601989746094 0.13812255859375 -0.0055999755859375
0.000984191894531249 -0.0570068359375 0.149688720703125 -0.156951904296875
-0.0188655853271484 -0.0327186584472656 0.0303802490234375 -0.236663818359375
-0.0396308898925781 -0.007232666015625 -0.12060546875 -0.221450805664063
-0.0649642944335938 0.000259399414062503 -0.199478149414063 -0.137420654296875
-0.0599250793457031 -0.00719833374023436 -0.165664672851562 -0.073516845703125
-0.0765304565429688 -0.00373077392578124 -0.15155029296875 -0.05322265625
-0.0807723999023438 -0.039825439453125 -0.132514953613281 -0.0516891479492188
-0.0465011596679687 -0.102729797363281 -0.118888854980469 -0.0521240234375
0.04119873046875 -0.143844604492187 -0.12628173828125 -0.0954437255859375
0.18157958984375 -0.076629638671875 -0.12542724609375 -0.144012451171875
0.2476806640625 0.0187225341796875 -0.180801391601563 -0.206924438476563
0.2457275390625 0.151382446289063 -0.19287109375 -0.249130249023438
0.251129150390625 0.224411010742188 0.0433807373046875 -0.26318359375
0.204925537109375 0.0483245849609375 0.0215187072753906 -0.0442276000976562
0.190185546875 -0.04571533203125 0.165817260742188 0.0204010009765625
0.0903091430664063 -0.120933532714844 0.18353271484375 -0.134857177734375
0.0120849609375 -0.123207092285156 0.07281494140625 -0.224105834960938
-0.0772628784179688 -0.092010498046875 -0.089202880859375 -0.222427368164063
-0.127372741699219 -0.0609893798828125 -0.16900634765625 -0.133163452148437
-0.115753173828125 -0.0648727416992187 -0.133956909179688 -0.0578231811523438
-0.140792846679688 -0.061859130859375 -0.120086669921875 -0.0364151000976563
-0.117485046386719 -0.107559204101563 -0.109977722167969 -0.0208740234375
-0.041534423828125 -0.17791748046875 -0.0999755859375 -0.0167465209960938
0.085723876953125 -0.196517944335938 -0.11846923828125 -0.05975341796875
0.261245727539062 -0.069976806640625 -0.120742797851562 -0.10430908203125
0.315216064453125 0.064178466796875 -0.1444091796875 -0.16436767578125
0.279205322265625 0.2371826171875 -0.134002685546875 -0.169906616210938
0.2401123046875 0.313720703125 0.127899169921875 -0.170562744140625
0.253082275390625 0.143798828125 0.0847854614257813 0.00702667236328126
0.295623779296875 0.00225830078125 0.188583374023438 0.060791015625
0.181060791015625 -0.15576171875 0.211563110351563 -0.088653564453125
0.054840087890625 -0.192474365234375 0.115707397460938 -0.181594848632812
-0.095489501953125 -0.166366577148438 -0.04095458984375 -0.196197509765625
-0.167892456054688 -0.114593505859375 -0.114585876464844 -0.111785888671875
-0.152587890625 -0.112564086914063 -0.0834197998046875 -0.0325775146484375
-0.18743896484375 -0.106491088867187 -0.0697898864746094 -0.0105934143066406
-0.14630126953125 -0.154861450195313 -0.0712814331054688 0.0183563232421875
-0.0434417724609375 -0.230056762695313 -0.0698623657226563 0.0256919860839844
0.107650756835938 -0.231781005859375 -0.104484558105469 -0.0169143676757813
0.303741455078125 -0.068328857421875 -0.112152099609375 -0.067108154296875
0.3436279296875 0.092437744140625 -0.0941696166992187 -0.124374389648438
0.277374267578125 0.287933349609375 -0.0651702880859375 -0.0746307373046875
0.187835693359375 0.349365234375 0.2020263671875 -0.0466156005859375
0.240707397460938 0.219070434570313 0.144790649414063 0.07977294921875
0.339599609375 0.069244384765625 0.195541381835938 0.107391357421875
0.24517822265625 -0.146896362304687 0.221145629882813 -0.023406982421875
0.0989227294921875 -0.221435546875 0.147811889648438 -0.1148681640625
-0.090423583984375 -0.213821411132812 0.01434326171875 -0.14508056640625
-0.180084228515625 -0.151382446289063 -0.0446853637695313 -0.0774612426757813
-0.166427612304687 -0.142074584960938 -0.0204086303710938 -0.00310134887695314
-0.207855224609375 -0.135650634765625 -0.00739479064941408 0.0197639465332031
-0.156753540039063 -0.181106567382813 -0.021240234375 0.0599861145019531
-0.0374755859375 -0.254364013671875 -0.0342254638671875 0.068328857421875
0.121353149414063 -0.238449096679688 -0.0864486694335937 0.0232772827148437
0.312347412109375 -0.0491943359375 -0.100212097167969 -0.0373611450195312
0.32757568359375 0.120513916015625 -0.0378570556640625 -0.089447021484375
0.235504150390625 0.30535888671875 0.00403594970703126 0.0252475738525391
0.103363037109375 0.319244384765625 0.254791259765625 0.0840911865234375
0.173614501953125 0.248123168945313 0.190170288085938 0.157272338867188
0.305145263671875 0.129119873046875 0.187332153320313 0.145767211914063
0.258743286132813 -0.0986328125 0.209182739257813 0.0426788330078125
0.126693725585938 -0.20123291015625 0.157623291015625 -0.03790283203125
-0.0669097900390625 -0.220245361328125 0.0649261474609375 -0.0785675048828125
-0.1629638671875 -0.162765502929687 0.0297756195068359 -0.0337982177734375
-0.154510498046875 -0.150436401367188 0.0459365844726562 0.0263175964355469
-0.197158813476562 -0.146133422851563 0.0585250854492187 0.0510826110839844
-0.144943237304688 -0.187042236328125 0.0307083129882812 0.101524353027344
-0.0207672119140625 -0.249801635742188 -0.000717163085937496 0.109237670898437
0.132858276367188 -0.215682983398438 -0.0714340209960937 0.0620498657226562
0.2938232421875 -0.011810302734375 -0.0904312133789062 -0.0129241943359375
0.271133422851563 0.14971923828125 0.0131416320800781 -0.0559120178222656
0.158782958984375 0.29461669921875 0.0612716674804688 0.122390747070313
0.002685546875 0.229827880859375 0.27691650390625 0.193679809570313
0.071563720703125 0.219863891601562 0.2125244140625 0.2196044921875
0.20562744140625 0.15606689453125 0.166488647460938 0.165283203125
0.21435546875 -0.0346832275390625 0.181427001953125 0.0906219482421875
0.125289916992188 -0.142044067382813 0.148788452148437 0.02667236328125
-0.0341644287109375 -0.184814453125 0.102027893066406 -0.0134735107421875
-0.119873046875 -0.146102905273437 0.0945358276367187 0.00923156738281249
-0.118988037109375 -0.135185241699219 0.105728149414063 0.0529556274414063
-0.157058715820312 -0.1378173828125 0.117958068847656 0.0828704833984375
-0.111663818359375 -0.17022705078125 0.0749969482421875 0.142425537109375
0.00291442871093751 -0.217239379882813 0.021942138671875 0.149948120117188
0.134536743164063 -0.168594360351563 -0.0655593872070313 0.0973358154296875
0.246139526367187 0.0326385498046875 -0.0869674682617188 0.00756072998046873
0.184829711914063 0.169754028320313 0.0491790771484375 -0.0167198181152344
0.0588226318359375 0.251556396484375 0.092041015625 0.21142578125
-0.0972366333007813 0.101203918457031 0.272811889648438 0.25543212890625
-0.0384368896484375 0.145401000976563 0.216964721679688 0.248428344726563
0.0732574462890625 0.142303466796875 0.146865844726563 0.161102294921875
0.128677368164063 0.0244522094726563 0.152297973632813 0.114059448242188
0.0946578979492187 -0.0619735717773437 0.131370544433594 0.066131591796875
0.00080108642578126 -0.116790771484375 0.124885559082031 0.0345306396484375
-0.0584640502929688 -0.105926513671875 0.14117431640625 0.04180908203125
-0.0643310546875 -0.0995941162109375 0.148681640625 0.071624755859375
-0.0933914184570312 -0.108909606933594 0.162063598632813 0.111282348632813
-0.0642547607421875 -0.13055419921875 0.106826782226562 0.179168701171875
0.02349853515625 -0.157974243164063 0.0312042236328125 0.186477661132813
0.117385864257813 -0.104949951171875 -0.0703353881835938 0.128028869628906
0.170059204101563 0.0671234130859375 -0.0942535400390625 0.0240097045898438
0.07720947265625 0.162933349609375 0.0623664855957031 0.0215339660644531
-0.0477447509765625 0.172805786132813 0.0905303955078125 0.28106689453125
0.149276733398438 -0.0460205078125 -0.13531494140625 -0.299560546875
-0.002593994140625 -0.115814208984375 -0.0749359130859375 -0.0449447631835937
-0.079559326171875 -0.0558853149414063 0.11834716796875 -0.02764892578125
-0.0718002319335938 0.0277328491210938 0.107421875 -0.172698974609375
-0.0274772644042969 0.0652694702148438 -0.02484130859375 -0.229171752929688
0.0236892700195313 0.073150634765625 -0.153945922851563 -0.193099975585937
0.0205535888671875 0.0576362609863281 -0.223388671875 -0.10791015625
0.0129890441894531 0.0513725280761719 -0.187652587890625 -0.0588531494140625
0.00649642944335938 0.0601043701171875 -0.171051025390625 -0.0370635986328125
-0.0368499755859375 0.0468254089355469 -0.149810791015625 -0.04864501953125
-0.0685806274414063 -0.00549697875976562 -0.14288330078125 -0.0580291748046875
-0.0453720092773437 -0.0858154296875 -0.155609130859375 -0.106109619140625
0.0597000122070313 -0.117233276367188 -0.157684326171875 -0.17120361328125
0.148345947265625 -0.07684326171875 -0.236083984375 -0.225616455078125
0.19573974609375 0.0078582763671875 -0.279891967773437 -0.274429321289063
0.238479614257812 0.0770416259765625 -0.075897216796875 -0.31268310546875
0.114158630371094 -0.0589218139648438 -0.0430946350097656 -0.0588951110839844
0.0498046875 -0.0767822265625 0.14471435546875 -0.020782470703125
-0.00836944580078125 -0.0581474304199219 0.13775634765625 -0.178131103515625
-0.0242557525634766 -0.0303878784179688 0.00451660156250002 -0.24755859375
-0.0397109985351563 -0.000305175781249993 -0.149520874023438 -0.214462280273438
-0.0648765563964844 0.00982284545898436 -0.221908569335938 -0.116668701171875
-0.0615005493164063 8.39233398437401E-05 -0.178924560546875 -0.05535888671875
-0.0768203735351563 0.00598144531249999 -0.162399291992187 -0.03509521484375
-0.085601806640625 -0.0301589965820312 -0.142913818359375 -0.0365447998046875
-0.0601730346679688 -0.097869873046875 -0.130592346191406 -0.0398330688476562
0.0235137939453125 -0.152191162109375 -0.144943237304688 -0.08551025390625
0.1763916015625 -0.10260009765625 -0.148651123046875 -0.137451171875
0.255828857421875 -0.012481689453125 -0.210906982421875 -0.193161010742187
0.274429321289063 0.125747680664063 -0.230178833007813 -0.233734130859375
0.289764404296875 0.1986083984375 0.0119476318359375 -0.276535034179687
0.216049194335938 0.02545166015625 0.0139350891113281 -0.044158935546875
0.188919067382813 -0.072052001953125 0.176559448242188 0.0037689208984375
0.0760116577148438 -0.135650634765625 0.176605224609375 -0.1600341796875
-0.00366973876953125 -0.127479553222656 0.04998779296875 -0.24163818359375
-0.0898513793945313 -0.083038330078125 -0.118194580078125 -0.218582153320312
-0.137687683105469 -0.0443954467773438 -0.189529418945313 -0.115631103515625
-0.125930786132813 -0.0522079467773437 -0.143997192382813 -0.042999267578125
-0.15069580078125 -0.044769287109375 -0.128456115722656 -0.0212783813476563
-0.132530212402344 -0.093505859375 -0.117149353027344 -0.00667572021484376
-0.064727783203125 -0.174819946289062 -0.107749938964844 -0.00531005859375001
0.0633087158203125 -0.21240234375 -0.133506774902344 -0.0496368408203125
0.259628295898438 -0.10638427734375 -0.139488220214844 -0.0973892211914063
0.33056640625 0.025360107421875 -0.169998168945312 -0.153594970703125
0.31988525390625 0.2117919921875 -0.159332275390625 -0.158660888671875
0.28948974609375 0.293975830078125 0.1107177734375 -0.191497802734375
0.276443481445313 0.118972778320313 0.0848541259765625 0.000854492187500007
0.30517578125 -0.035736083984375 0.20465087890625 0.04461669921875
0.1650390625 -0.182418823242188 0.211700439453125 -0.114822387695313
0.03277587890625 -0.20526123046875 0.100387573242187 -0.20361328125
-0.1181640625 -0.156600952148437 -0.0660858154296875 -0.197418212890625
-0.187057495117188 -0.0944366455078125 -0.131660461425781 -0.100563049316406
-0.170684814453125 -0.0958709716796875 -0.0881500244140625 -0.0233154296875
-0.204803466796875 -0.0838775634765625 -0.0741348266601563 2.28881835937341E-05
-0.16876220703125 -0.1378173828125 -0.0722579956054688 0.0298385620117187
-0.0735931396484375 -0.228256225585937 -0.0717391967773438 0.0352401733398437
0.0809783935546875 -0.25213623046875 -0.113433837890625 -0.0072479248046875
0.30450439453125 -0.110321044921875 -0.126045227050781 -0.0599594116210938
0.363525390625 0.051025390625 -0.1136474609375 -0.119277954101562
0.323760986328125 0.2642822265625 -0.0772476196289063 -0.0690155029296875
0.238067626953125 0.337127685546875 0.20220947265625 -0.073394775390625
0.273941040039063 0.198455810546875 0.155105590820313 0.067138671875
0.35955810546875 0.02886962890625 0.217849731445313 0.09228515625
0.232986450195312 -0.180435180664063 0.23052978515625 -0.0483551025390625
0.0756988525390625 -0.24114990234375 0.141586303710938 -0.138214111328125
-0.119186401367188 -0.20635986328125 -0.0033416748046875 -0.15228271484375
-0.2042236328125 -0.130783081054688 -0.0554962158203125 -0.07379150390625
-0.189102172851562 -0.12493896484375 -0.0198383331298828 -0.000421524047851566
-0.229827880859375 -0.110824584960937 -0.00608253479003907 0.0235614776611328
-0.183502197265625 -0.164093017578125 -0.0159683227539063 0.0665359497070312
-0.0714263916015625 -0.2550048828125 -0.0296249389648438 0.0746612548828125
0.09466552734375 -0.260726928710938 -0.0895614624023438 0.0332183837890625
0.31591796875 -0.092041015625 -0.109771728515625 -0.030517578125
0.3499755859375 0.082183837890625 -0.0517349243164062 -0.090728759765625
0.28228759765625 0.287353515625 0.0069408416748047 0.0253639221191406
0.146453857421875 0.317169189453125 0.271957397460938 0.05499267578125
0.207626342773438 0.236618041992188 0.211654663085938 0.141265869140625
0.332183837890625 0.09539794921875 0.212432861328125 0.132965087890625
0.254180908203125 -0.1324462890625 0.225265502929688 0.020904541015625
0.106918334960937 -0.223968505859375 0.161773681640625 -0.060333251953125
-0.0962677001953125 -0.216262817382812 0.0565567016601563 -0.0896835327148438
-0.189300537109375 -0.144943237304687 0.0258331298828125 -0.0384559631347656
-0.178390502929687 -0.134994506835938 0.0517768859863281 0.0223159790039062
-0.221099853515625 -0.123336791992188 0.0649948120117187 0.0481452941894531
-0.172821044921875 -0.171035766601563 0.0420989990234375 0.102706909179687
-0.0543365478515625 -0.25250244140625 0.009796142578125 0.113052368164063
0.10888671875 -0.238983154296875 -0.0689010620117188 0.0710678100585937
0.302032470703125 -0.0496826171875 -0.0963058471679688 -0.00593566894531252
0.296478271484375 0.120391845703125 0.00480651855468752 -0.0622596740722656
0.2017822265625 0.28521728515625 0.0773773193359375 0.118545532226563
0.0309295654296875 0.237030029296875 0.308685302734375 0.165008544921875
0.0990447998046875 0.220046997070313 0.2420654296875 0.202072143554688
0.23291015625 0.13641357421875 0.192764282226563 0.155181884765625
0.216766357421875 -0.0615692138671875 0.201644897460938 0.0738372802734375
0.1124267578125 -0.162933349609375 0.160079956054688 0.00808715820312499
-0.058746337890625 -0.184600830078125 0.10272216796875 -0.0273513793945313
-0.1436767578125 -0.134124755859375 0.09783935546875 -0.00245666503906251
-0.140243530273438 -0.124107360839844 0.115936279296875 0.0420303344726562
-0.17974853515625 -0.120346069335938 0.130088806152344 0.0728836059570312
-0.13751220703125 -0.158737182617187 0.0930404663085937 0.139167785644531
-0.02557373046875 -0.223114013671875 0.0382232666015625 0.151580810546875
0.117034912109375 -0.191513061523437 -0.057586669921875 0.107147216796875
0.259628295898438 0.002044677734375 -0.0904922485351563 0.0151214599609375
0.211013793945312 0.151641845703125 0.0470924377441406 -0.0276451110839844
0.0926666259765625 0.2528076171875 0.120254516601563 0.206283569335938
-0.0885238647460938 0.116607666015625 0.31219482421875 0.230010986328125
-0.0220794677734375 0.156143188476563 0.251129150390625 0.230865478515625
0.095703125 0.138160705566406 0.171432495117188 0.152587890625
0.136276245117188 0.00856781005859375 0.174728393554688 0.100418090820313
0.0911331176757813 -0.0762939453125 0.146682739257813 0.051788330078125
-0.0144119262695312 -0.119880676269531 0.132438659667969 0.0192642211914062
-0.0763473510742187 -0.101158142089844 0.149566650390625 0.024627685546875
-0.0806503295898438 -0.095001220703125 0.162399291992188 0.0558319091796875
-0.111526489257812 -0.0994186401367188 0.179763793945313 0.0967254638671875
-0.083831787109375 -0.125801086425781 0.1297607421875 0.172653198242187
0.00413513183593751 -0.166488647460938 0.05194091796875 0.188247680664063
0.1083984375 -0.123832702636719 -0.0588150024414063 0.140083312988281
0.185821533203125 0.0485687255859375 -0.0955886840820312 0.0340194702148437
0.0996551513671875 0.159378051757812 0.0657806396484375 0.0102653503417969
-0.0279083251953125 0.184783935546875 0.127395629882812 0.277542114257813
0.143081665039063 -0.0675048828125 -0.172866821289063 -0.280776977539063
-0.0174789428710938 -0.115013122558594 -0.079986572265625 -0.030303955078125
-0.088653564453125 -0.0449752807617188 0.11700439453125 -0.0412139892578125
-0.0704193115234375 0.0377578735351563 0.0880279541015625 -0.18377685546875
-0.019134521484375 0.0700721740722656 -0.051025390625 -0.22442626953125
0.0357933044433594 0.0697517395019531 -0.174774169921875 -0.174697875976563
0.0303955078125 0.0543937683105469 -0.23419189453125 -0.0798797607421875
0.0204238891601563 0.0478858947753906 -0.193359375 -0.0355072021484375
0.0161705017089844 0.0571670532226563 -0.174102783203125 -0.0145111083984375
-0.0278129577636719 0.0514869689941406 -0.15557861328125 -0.0293731689453125
-0.0677223205566406 0.0051422119140625 -0.151229858398438 -0.040771484375
-0.0573272705078125 -0.0793914794921875 -0.171615600585937 -0.0878143310546875
0.0426712036132813 -0.124656677246094 -0.179107666015625 -0.153488159179688
0.137191772460938 -0.0958404541015625 -0.261383056640625 -0.196136474609375
0.19781494140625 -0.0187225341796875 -0.313873291015625 -0.236785888671875
0.248428344726563 0.0432281494140625 -0.114959716796875 -0.30157470703125
0.105575561523438 -0.0726776123046875 -0.0507545471191406 -0.0481605529785156
0.03778076171875 -0.0830001831054688 0.1441650390625 -0.036712646484375
-0.0182151794433594 -0.0556869506835938 0.117935180664062 -0.193603515625
-0.0282649993896484 -0.0256328582763672 -0.024505615234375 -0.246963500976563
-0.0368881225585938 0.00590515136718749 -0.173538208007813 -0.195602416992188
-0.0602874755859375 0.0192146301269531 -0.233901977539062 -0.0886688232421876
-0.0598602294921875 0.00743484497070314 -0.18377685546875 -0.033294677734375
-0.0734100341796875 0.0152359008789062 -0.165603637695313 -0.013458251953125
-0.085662841796875 -0.0173416137695312 -0.147994995117188 -0.017303466796875
-0.0709075927734375 -0.086669921875 -0.137008666992188 -0.02374267578125
0.0029754638671875 -0.153884887695313 -0.159378051757813 -0.0694580078125
0.160675048828125 -0.12506103515625 -0.167266845703125 -0.121627807617188
0.250137329101563 -0.045440673828125 -0.234024047851562 -0.167312622070312
0.291168212890625 0.089599609375 -0.259384155273438 -0.203018188476562
0.31500244140625 0.159759521484375 -0.0245208740234375 -0.277053833007813
0.217437744140625 -0.0012664794921875 0.00635910034179689 -0.0408248901367188
0.176788330078125 -0.0967864990234375 0.180526733398438 -0.01531982421875
0.056304931640625 -0.143203735351563 0.1602783203125 -0.180587768554688
-0.020233154296875 -0.125823974609375 0.021026611328125 -0.247909545898438
-0.0981674194335937 -0.0684280395507813 -0.144271850585937 -0.20318603515625
-0.140144348144531 -0.02447509765625 -0.202667236328125 -0.0907745361328125
-0.131111145019531 -0.0360870361328125 -0.147430419921875 -0.025177001953125
-0.152969360351563 -0.024383544921875 -0.130378723144531 -0.00283813476562499
-0.141036987304688 -0.073760986328125 -0.117744445800781 0.00926208496093748
-0.0858154296875 -0.162704467773438 -0.109809875488281 0.00822448730468748
0.0350799560546875 -0.218017578125 -0.143325805664063 -0.0348052978515625
0.243331909179688 -0.139328002929688 -0.15350341796875 -0.0836181640625
0.329132080078125 -0.017242431640625 -0.189300537109375 -0.133407592773438
0.34771728515625 0.170135498046875 -0.179656982421875 -0.138473510742188
0.327301025390625 0.254119873046875 0.0846099853515625 -0.2052001953125
0.28955078125 0.084686279296875 0.0813751220703125 -0.00550842285156249
0.29833984375 -0.07476806640625 0.212982177734375 0.0222625732421875
0.139801025390625 -0.201385498046875 0.201339721679688 -0.139297485351563
0.00637817382812502 -0.20855712890625 0.0761566162109375 -0.217697143554688
-0.135589599609375 -0.138320922851562 -0.0901641845703125 -0.18878173828125
-0.1961669921875 -0.0672454833984375 -0.143630981445313 -0.08319091796875
-0.181182861328125 -0.0733489990234375 -0.089141845703125 -0.01251220703125
-0.211944580078125 -0.0554962158203125 -0.0737991333007813 0.0115966796875
-0.183456420898438 -0.11273193359375 -0.0687141418457031 0.0406455993652344
-0.102081298828125 -0.214675903320313 -0.0695381164550781 0.0447502136230468
0.0477752685546875 -0.260208129882813 -0.118301391601563 0.00538635253906251
0.288055419921875 -0.15008544921875 -0.135772705078125 -0.047882080078125
0.365142822265625 0.003875732421875 -0.129905700683594 -0.106407165527344
0.35797119140625 0.222412109375 -0.0860671997070312 -0.0595932006835938
0.280792236328125 0.305023193359375 0.190704345703125 -0.0993499755859375
0.29718017578125 0.1650390625 0.15911865234375 0.0511322021484375
0.36187744140625 -0.01708984375 0.23162841796875 0.0698089599609375
0.208709716796875 -0.207992553710938 0.228546142578125 -0.07574462890625
0.045166015625 -0.250686645507812 0.125930786132813 -0.157806396484375
-0.143539428710938 -0.1873779296875 -0.022674560546875 -0.151443481445312
-0.219985961914063 -0.1014404296875 -0.0644760131835938 -0.0658950805664063
-0.203903198242188 -0.0996246337890625 -0.0181655883789063 0.00226402282714843
-0.2412109375 -0.0777435302734375 -0.00358581542968752 0.0270824432373047
-0.2020263671875 -0.135894775390625 -0.00836944580078126 0.070556640625
-0.103622436523437 -0.241775512695312 -0.0230712890625 0.0787200927734375
0.0602874755859375 -0.270858764648438 -0.08929443359375 0.0426406860351562
0.30255126953125 -0.132568359375 -0.116203308105469 -0.0198135375976563
0.355712890625 0.035980224609375 -0.0651779174804687 -0.0864791870117188
0.319183349609375 0.25115966796875 0.00962638854980471 0.0238094329833985
0.18646240234375 0.297637939453125 0.276702880859375 0.0200042724609375
0.235382080078125 0.211456298828125 0.224090576171875 0.116363525390625
0.344482421875 0.05279541015625 0.231231689453125 0.110733032226562
0.235321044921875 -0.163589477539063 0.231842041015625 -0.00588989257812501
0.0788421630859375 -0.237945556640625 0.155746459960938 -0.0823822021484375
-0.122695922851563 -0.201324462890625 0.044097900390625 -0.0971832275390625
-0.207595825195313 -0.116409301757813 0.0202751159667969 -0.0414772033691406
-0.19500732421875 -0.110885620117188 0.0555839538574219 0.0154914855957031
-0.235031127929688 -0.0917510986328126 0.0702400207519531 0.0419731140136719
-0.19293212890625 -0.144699096679688 0.0533218383789062 0.0993804931640625
-0.0873260498046875 -0.242416381835938 0.02099609375 0.111251831054687
0.0772247314453125 -0.25164794921875 -0.0636978149414063 0.0780487060546875
0.29425048828125 -0.0897216796875 -0.0997467041015625 0.00288391113281249
0.308441162109375 0.081512451171875 -0.00571060180664061 -0.065704345703125
0.238388061523438 0.259979248046875 0.0914230346679688 0.107589721679688
0.060028076171875 0.232452392578125 0.3260498046875 0.125335693359375
0.125457763671875 0.208404541015625 0.263046264648437 0.172088623046875
0.251373291015625 0.106674194335937 0.213302612304688 0.1353759765625
0.2083740234375 -0.0886993408203125 0.21435546875 0.049713134765625
0.092010498046875 -0.17828369140625 0.162506103515625 -0.0133514404296875
-0.0818023681640625 -0.174972534179688 0.097991943359375 -0.0405044555664063
-0.161392211914063 -0.112564086914063 0.0964889526367187 -0.0150604248046875
-0.156646728515625 -0.10528564453125 0.121910095214844 0.027252197265625
-0.194412231445313 -0.094146728515625 0.137474060058594 0.0583343505859375
-0.157318115234375 -0.137420654296875 0.108894348144531 0.128936767578125
-0.0560455322265625 -0.21820068359375 0.054412841796875 0.146652221679688
0.0914306640625 -0.206390380859375 -0.04681396484375 0.11273193359375
0.2598876953125 -0.0324249267578125 -0.09100341796875 0.0239028930664063
0.228042602539063 0.124679565429688 0.0409584045410156 -0.0368499755859375
0.125137329101563 0.240997314453125 0.14495849609375 0.189346313476563
-0.0739517211914063 0.12774658203125 0.3388671875 0.189361572265625
-0.00260925292968749 0.15960693359375 0.2769775390625 0.200042724609375
0.114715576171875 0.126228332519531 0.189956665039063 0.134246826171875
0.137123107910156 -0.0092926025390625 0.190277099609375 0.079925537109375
0.081573486328125 -0.0895156860351563 0.154647827148437 0.0320587158203125
-0.0306625366210938 -0.117095947265625 0.134162902832031 0.00128936767578124
-0.0907669067382813 -0.0894927978515625 0.15155029296875 0.00469970703124999
-0.0944061279296875 -0.083953857421875 0.168777465820313 0.035247802734375
-0.125350952148438 -0.0837936401367187 0.189773559570313 0.075042724609375
-0.101005554199219 -0.1126708984375 0.149856567382813 0.157470703125
-0.0190582275390625 -0.166580200195313 0.0724029541015625 0.180755615234375
0.0915298461914062 -0.138130187988281 -0.043426513671875 0.14581298828125
0.194015502929688 0.0240936279296875 -0.09326171875 0.0426864624023437
0.119598388671875 0.147048950195313 0.0644798278808594 -0.00226593017578124
-0.00428771972656252 0.188186645507813 0.160797119140625 0.259323120117188
0.132682800292969 -0.0838699340820312 -0.197769165039063 -0.255203247070313
-0.0296707153320313 -0.110076904296875 -0.0789031982421875 -0.0164718627929688
-0.0927886962890625 -0.033203125 0.112266540527344 -0.0510330200195313
-0.06597900390625 0.0458412170410156 0.07037353515625 -0.187774658203125
-0.0113143920898437 0.0723037719726562 -0.07025146484375 -0.2130126953125
0.0442237854003906 0.0637435913085938 -0.185806274414062 -0.154571533203125
0.0378570556640625 0.0481338500976563 -0.2353515625 -0.0542449951171875
0.0261726379394531 0.0432243347167969 -0.191864013671875 -0.0160369873046875
0.0228157043457031 0.0516929626464844 -0.170578002929688 0.00433349609374997
-0.018524169921875 0.0521392822265625 -0.15570068359375 -0.0123443603515625
-0.0634384155273438 0.0134620666503906 -0.153656005859375 -0.0254058837890625
-0.0652961730957031 -0.0702247619628906 -0.1795654296875 -0.0695953369140625
0.0268936157226563 -0.125534057617188 -0.190185546875 -0.133560180664063
0.122695922851563 -0.107131958007813 -0.271881103515625 -0.166046142578125
0.192123413085938 -0.0412139892578125 -0.3299560546875 -0.198272705078125
0.247817993164063 0.01324462890625 -0.14453125 -0.281341552734375
0.0948257446289062 -0.081573486328125 -0.0541839599609375 -0.0367546081542969
0.025848388671875 -0.084564208984375 0.140434265136719 -0.0489425659179688
-0.0252151489257813 -0.0502395629882813 0.098388671875 -0.200057983398438
-0.0304470062255859 -0.0206146240234375 -0.047088623046875 -0.238494873046875
-0.0326156616210937 0.0106029510498047 -0.187530517578125 -0.174072265625
-0.0540924072265625 0.0251808166503906 -0.236038208007813 -0.06268310546875
-0.0564422607421875 0.0121269226074219 -0.181777954101563 -0.014801025390625
-0.0675315856933594 0.0211601257324219 -0.162551879882813 0.00462341308593752
-0.0814285278320313 -0.00746154785156251 -0.14617919921875 -0.00097656249999999
-0.0760269165039062 -0.074859619140625 -0.137855529785156 -0.0102767944335937
-0.014068603515625 -0.148910522460938 -0.16650390625 -0.0523834228515625
0.14178466796875 -0.138168334960938 -0.176742553710937 -0.104385375976563
0.236801147460938 -0.0696563720703125 -0.244186401367187 -0.140945434570313
0.294281005859375 0.055694580078125 -0.273529052734375 -0.170761108398437
0.325408935546875 0.119903564453125 -0.0535736083984375 -0.268234252929688
0.211105346679688 -0.0228118896484375 0.000762939453125016 -0.035186767578125
0.161270141601563 -0.113662719726563 0.178207397460938 -0.03125
0.0380096435546875 -0.143783569335938 0.141510009765625 -0.191665649414063
-0.0330276489257812 -0.119613647460938 -0.00286865234375002 -0.245101928710937
-0.100120544433594 -0.0545196533203125 -0.160049438476563 -0.1845703125
-0.136940002441406 -0.00758361816406251 -0.20611572265625 -0.067413330078125
-0.130439758300781 -0.0218353271484375 -0.144821166992188 -0.0103912353515625
-0.148971557617188 -0.00746154785156249 -0.127174377441406 0.0115127563476562
-0.141067504882813 -0.0556640625 -0.114608764648438 0.022705078125
-0.0988616943359375 -0.14654541015625 -0.108657836914063 0.0189208984375
0.010406494140625 -0.21484375 -0.147720336914063 -0.0209503173828125
0.220443725585938 -0.1612548828125 -0.160842895507813 -0.0687255859375
0.31591796875 -0.05047607421875 -0.198150634765625 -0.112823486328125
0.35821533203125 0.12872314453125 -0.189849853515625 -0.11639404296875
0.346435546875 0.2130126953125 0.059814453125 -0.209487915039063
0.290283203125 0.0543212890625 0.076141357421875 -0.00899505615234375
0.282684326171875 -0.105255126953125 0.21453857421875 0.00334167480468749
0.11376953125 -0.209564208984375 0.1864013671875 -0.156723022460938
-0.0156402587890625 -0.203903198242188 0.0534210205078125 -0.221664428710938
-0.1444091796875 -0.118423461914062 -0.106597900390625 -0.175033569335938
-0.196182250976563 -0.0424041748046875 -0.147918701171875 -0.0659027099609375
-0.183364868164063 -0.0528411865234375 -0.086761474609375 -0.00410461425781249
-0.209564208984375 -0.03082275390625 -0.0700454711914063 0.0205001831054687
-0.187103271484375 -0.087921142578125 -0.06329345703125 0.0487518310546875
-0.120712280273438 -0.195281982421875 -0.0656356811523438 0.0508384704589844
0.01873779296875 -0.256973266601563 -0.119743347167969 0.015838623046875
0.263031005859375 -0.175216674804688 -0.141189575195312 -0.03582763671875
0.35321044921875 -0.0338134765625 -0.138839721679687 -0.09283447265625
0.37335205078125 0.17962646484375 -0.0904922485351562 -0.0495986938476562
0.306671142578125 0.267303466796875 0.173843383789063 -0.116378784179687
0.3050537109375 0.132354736328125 0.156631469726563 0.0377960205078125
0.351409912109375 -0.0548095703125 0.237533569335938 0.0477142333984375
0.180572509765625 -0.223312377929687 0.219650268554688 -0.0971527099609375
0.0183868408203125 -0.248825073242188 0.108367919921875 -0.168685913085938
-0.157394409179688 -0.165374755859375 -0.0378265380859375 -0.144973754882813
-0.223617553710937 -0.072479248046875 -0.0691490173339844 -0.0573768615722656
-0.208938598632812 -0.0749053955078125 -0.0158452987670899 0.00336647033691406
-0.241119384765625 -0.04913330078125 -0.000520706176757827 0.0289859771728516
-0.208572387695312 -0.108078002929688 -0.00135803222656252 0.0719680786132813
-0.126632690429688 -0.221420288085938 -0.0168914794921875 0.0798263549804687
0.02899169921875 -0.269439697265625 -0.086822509765625 0.049530029296875
0.279586791992188 -0.16143798828125 -0.119155883789062 -0.0100021362304687
0.3482666015625 -0.001190185546875 -0.0745773315429687 -0.0797119140625
0.339202880859375 0.211151123046875 0.0107135772705078 0.0218276977539063
0.21240234375 0.270675659179688 0.269775390625 -0.00962829589843748
0.249252319335938 0.185043334960938 0.226165771484375 0.0938262939453125
0.34246826171875 0.01593017578125 0.2396240234375 0.0887908935546875
0.212661743164063 -0.182754516601563 0.229766845703125 -0.0290985107421875
0.0519256591796875 -0.241546630859375 0.145233154296875 -0.098297119140625
-0.139389038085937 -0.1806640625 0.0329437255859375 -0.0993270874023438
-0.214035034179688 -0.088531494140625 0.015350341796875 -0.0425186157226563
-0.202301025390625 -0.0869293212890625 0.0569229125976562 0.00890350341796874
-0.237228393554687 -0.06219482421875 0.0723419189453125 0.0365371704101562
-0.202072143554688 -0.11737060546875 0.0616531372070312 0.0935745239257812
-0.110809326171875 -0.224945068359375 0.029571533203125 0.107498168945312
0.0478973388671875 -0.2530517578125 -0.057464599609375 0.0818557739257812
0.27703857421875 -0.118972778320313 -0.100822448730469 0.0106887817382812
0.306793212890625 0.047576904296875 -0.0151863098144531 -0.0660820007324219
0.260406494140625 0.227813720703125 0.0989151000976563 0.0944976806640625
0.082244873046875 0.220748901367188 0.3284912109375 0.08807373046875
0.143035888671875 0.191848754882813 0.269332885742188 0.143402099609375
0.258026123046875 0.0784149169921875 0.22344970703125 0.11383056640625
0.19464111328125 -0.10809326171875 0.217559814453125 0.027252197265625
0.0718536376953125 -0.184356689453125 0.158767700195313 -0.03143310546875
-0.09771728515625 -0.160537719726563 0.0907974243164063 -0.0497894287109375
-0.169967651367188 -0.0894317626953125 0.0916748046875 -0.02471923828125
-0.164932250976563 -0.0851287841796875 0.122184753417969 0.0137786865234375
-0.19921875 -0.06951904296875 0.140045166015625 0.0456161499023437
-0.167526245117188 -0.114898681640625 0.118362426757812 0.116729736328125
-0.07855224609375 -0.20538330078125 0.0656051635742188 0.137855529785156
0.0668487548828125 -0.210952758789063 -0.0372772216796875 0.114166259765625
0.251251220703125 -0.0595703125 -0.0895767211914062 0.0304794311523438
0.234146118164062 0.0987548828125 0.0331192016601563 -0.0432968139648437
0.147842407226563 0.222122192382813 0.159713745117188 0.169082641601563
-0.0597152709960938 0.13311767578125 0.347900390625 0.149444580078125
0.01348876953125 0.1573486328125 0.287078857421875 0.16754150390625
0.127853393554688 0.111526489257812 0.19989013671875 0.115524291992188
0.133506774902344 -0.0241470336914063 0.196517944335938 0.059356689453125
0.0706863403320313 -0.0969314575195313 0.156707763671875 0.014892578125
-0.042938232421875 -0.109840393066406 0.130607604980469 -0.012786865234375
-0.10015869140625 -0.0752792358398437 0.147506713867188 -0.011474609375
-0.102592468261719 -0.0712203979492188 0.168670654296875 0.0169830322265625
-0.131881713867188 -0.066864013671875 0.192367553710938 0.0551910400390625
-0.110511779785156 -0.0976638793945312 0.16119384765625 0.140029907226562
-0.0374603271484375 -0.160186767578125 0.087066650390625 0.169769287109375
0.0745391845703125 -0.14544677734375 -0.0301513671875 0.146530151367188
0.193145751953125 0.0025177001953125 -0.089752197265625 0.04925537109375
0.132492065429688 0.132034301757813 0.0597152709960938 -0.0120773315429687
0.0156707763671875 0.184295654296875 0.1826171875 0.235198974609375
0.122177124023438 -0.0945892333984375 -0.21429443359375 -0.233139038085938
-0.0385971069335937 -0.105224609375 -0.0763320922851563 -0.00654602050781251
-0.0945587158203125 -0.02325439453125 0.108558654785156 -0.0582504272460938
-0.061859130859375 0.0526237487792969 0.057037353515625 -0.188751220703125
-0.00482940673828125 0.073577880859375 -0.0814971923828125 -0.20330810546875
0.0504798889160156 0.0575103759765625 -0.191635131835937 -0.1395263671875
0.0434799194335938 0.0421142578125 -0.23297119140625 -0.035858154296875
0.02960205078125 0.0388031005859375 -0.18841552734375 -0.00210571289062501
0.0272789001464844 0.0464820861816406 -0.166275024414063 0.0170440673828125
-0.0108757019042969 0.0508537292480469 -0.15350341796875 0.000411987304687533
-0.0588951110839844 0.0193710327148437 -0.1549072265625 -0.0132904052734375
-0.0707855224609375 -0.06207275390625 -0.183914184570313 -0.054779052734375
0.0149459838867188 -0.123908996582031 -0.195770263671875 -0.117965698242187
0.110763549804688 -0.114387512207031 -0.275436401367188 -0.143661499023437
0.184600830078125 -0.05718994140625 -0.3372802734375 -0.166778564453125
0.24261474609375 -0.009368896484375 -0.164352416992187 -0.26300048828125
0.0849838256835938 -0.0871124267578125 -0.0547370910644531 -0.0268020629882813
0.01708984375 -0.0835800170898438 0.136863708496094 -0.0579605102539062
-0.0298194885253906 -0.0443611145019531 0.0851593017578125 -0.2037353515625
-0.0312004089355469 -0.0157032012939453 -0.062286376953125 -0.230499267578125
-0.0280303955078125 0.0133037567138672 -0.194915771484375 -0.1573486328125
-0.0470466613769531 0.0283241271972656 -0.234451293945313 -0.04290771484375
-0.0529861450195313 0.0158004760742187 -0.178359985351563 -0.00111389160156254
-0.0623207092285156 0.0251846313476563 -0.157638549804688 0.0177459716796875
-0.07666015625 -0.00138092041015626 -0.1436767578125 0.0111236572265625
-0.0776138305664063 -0.0650482177734375 -0.138236999511719 0.000595092773437473
-0.0258331298828125 -0.142349243164063 -0.1700439453125 -0.039703369140625
0.12542724609375 -0.145156860351563 -0.18157958984375 -0.0904998779296875
0.22369384765625 -0.0857391357421875 -0.247528076171875 -0.1202392578125
0.29144287109375 0.029571533203125 -0.280502319335938 -0.14508056640625
0.326568603515625 0.08917236328125 -0.075469970703125 -0.256866455078125
0.203109741210938 -0.03814697265625 -0.00287246704101562 -0.0291366577148438
0.147430419921875 -0.12359619140625 0.17620849609375 -0.042755126953125
0.0242767333984375 -0.141326904296875 0.1270751953125 -0.199081420898438
-0.0421676635742188 -0.11309814453125 -0.0203399658203125 -0.24041748046875
-0.0988845825195313 -0.0435638427734375 -0.169540405273438 -0.16876220703125
-0.13055419921875 0.00437927246093753 -0.205490112304688 -0.04986572265625
-0.127616882324219 -0.0113143920898437 -0.1412353515625 -0.000335693359374986
-0.143630981445313 0.00424194335937501 -0.122184753417969 0.0224227905273438
-0.138236999511719 -0.0426025390625 -0.1104736328125 0.0321884155273437
-0.1058349609375 -0.133087158203125 -0.107467651367188 0.0271682739257813
-0.00712585449218751 -0.209030151367188 -0.15057373046875 -0.00933837890625
0.200592041015625 -0.174407958984375 -0.164718627929688 -0.0572509765625
0.301177978515625 -0.0732421875 -0.202499389648438 -0.096588134765625
0.36004638671875 0.096405029296875 -0.195159912109375 -0.0985870361328125
0.355255126953125 0.17864990234375 0.03924560546875 -0.209136962890625
0.286529541015625 0.0318603515625 0.0717391967773438 -0.00966644287109375
0.266937255859375 -0.125762939453125 0.214920043945313 -0.011444091796875
0.0931549072265625 -0.211868286132813 0.173965454101563 -0.1676025390625
-0.0320892333984375 -0.19696044921875 0.036590576171875 -0.222488403320313
-0.1473388671875 -0.101654052734375 -0.117294311523437 -0.16302490234375
-0.191741943359375 -0.02386474609375 -0.149032592773438 -0.0529022216796875
-0.182586669921875 -0.0359649658203125 -0.08355712890625 0.001800537109375
-0.204803466796875 -0.01251220703125 -0.0661468505859375 0.0271682739257812
-0.185195922851562 -0.0691680908203125 -0.0583839416503906 0.0537338256835938
-0.131820678710938 -0.178848266601562 -0.0623512268066406 0.0555000305175781
-0.00201416015625003 -0.250991821289063 -0.120689392089844 0.0243301391601563
0.241424560546875 -0.192306518554687 -0.144302368164062 -0.0260162353515625
0.338592529296875 -0.05975341796875 -0.143844604492187 -0.0813140869140625
0.379669189453125 0.1453857421875 -0.0935440063476562 -0.0410995483398438
0.320068359375 0.236724853515625 0.158355712890625 -0.127731323242187
0.30706787109375 0.107025146484375 0.152755737304688 0.0296630859375
0.339447021484375 -0.08306884765625 0.240386962890625 0.03106689453125
0.157867431640625 -0.230941772460937 0.211654663085938 -0.111724853515625
-0.00314331054687499 -0.244918823242188 0.09442138671875 -0.175552368164063
-0.164321899414062 -0.1461181640625 -0.047943115234375 -0.138717651367188
-0.221771240234375 -0.049163818359375 -0.0722198486328125 -0.050689697265625
-0.2095947265625 -0.0554962158203124 -0.0141725540161133 0.0036783218383789
-0.236465454101562 -0.0271148681640624 0.00237655639648436 0.0306358337402344
-0.20855712890625 -0.08587646484375 0.00384521484374998 0.0723724365234375
-0.140182495117188 -0.203292846679688 -0.0128860473632813 0.079498291015625
0.00650024414062498 -0.263702392578125 -0.0858306884765625 0.0549468994140625
0.259201049804688 -0.1800537109375 -0.121185302734375 -0.00215911865234374
0.336395263671875 -0.027801513671875 -0.0816650390625 -0.0737152099609375
0.348785400390625 0.179534912109375 0.0111370086669922 0.0201339721679688
0.22845458984375 0.247650146484375 0.259597778320313 -0.0299835205078125
0.257232666015625 0.16290283203125 0.224258422851563 0.0781097412109375
0.336578369140625 -0.011993408203125 0.24481201171875 0.0717620849609375
0.192916870117188 -0.1944580078125 0.225753784179688 -0.0459747314453125
0.03143310546875 -0.240737915039063 0.135856628417969 -0.109275817871094
-0.14862060546875 -0.162811279296875 0.0244064331054687 -0.099212646484375
-0.214630126953125 -0.0659637451171875 0.0113029479980469 -0.0423736572265625
-0.204376220703125 -0.067108154296875 0.0573539733886719 0.00421905517578125
-0.234832763671875 -0.0395965576171875 0.07391357421875 0.0327072143554688
-0.204116821289063 -0.095306396484375 0.0667724609375 0.0888214111328125
-0.126632690429687 -0.20867919921875 0.0347061157226562 0.102958679199219
0.0259246826171875 -0.249832153320313 -0.0537796020507812 0.0841522216796875
0.261016845703125 -0.137954711914063 -0.101707458496094 0.01739501953125
0.3011474609375 0.023712158203125 -0.0227699279785156 -0.0651741027832031
0.272781372070313 0.202484130859375 0.102882385253906 0.0845413208007813
0.097320556640625 0.210464477539063 0.325897216796875 0.05999755859375
0.154022216796875 0.178756713867187 0.270675659179688 0.121597290039063
0.260757446289063 0.056121826171875 0.228668212890625 0.0970306396484375
0.18145751953125 -0.120819091796875 0.217300415039063 0.0103912353515625
0.055999755859375 -0.187652587890625 0.154800415039062 -0.044464111328125
-0.107254028320313 -0.14764404296875 0.084442138671875 -0.0558547973632813
-0.17327880859375 -0.0701751708984375 0.0867919921875 -0.0318756103515625
-0.1688232421875 -0.068145751953125 0.120948791503906 0.00357818603515625
-0.200042724609375 -0.0497283935546875 0.140274047851563 0.0352020263671875
-0.171615600585938 -0.09600830078125 0.124031066894531 0.107551574707031
-0.09478759765625 -0.193069458007812 0.0723342895507813 0.130149841308594
0.0478363037109375 -0.21112060546875 -0.0313873291015625 0.113960266113281
0.240615844726562 -0.0788421630859375 -0.0892181396484375 0.0356369018554687
0.235458374023437 0.0790252685546875 0.02532958984375 -0.0469284057617187
0.162551879882812 0.205108642578125 0.167800903320313 0.15142822265625
-0.0482559204101563 0.135635375976563 0.348907470703125 0.1182861328125
0.0261993408203125 0.154220581054688 0.289337158203125 0.142333984375
0.136398315429688 0.0983963012695313 0.204788208007812 0.1004638671875
0.128341674804688 -0.0351181030273438 0.198745727539063 0.043701171875
0.0605545043945312 -0.102645874023437 0.15618896484375 0.00138854980468749
-0.0509262084960938 -0.103118896484375 0.125839233398438 -0.0229034423828125
-0.104812622070313 -0.0623626708984375 0.141830444335937 -0.0231170654296875
-0.107452392578125 -0.0596542358398438 0.165740966796875 0.003448486328125
-0.135459899902344 -0.0530548095703125 0.192108154296875 0.0408172607421875
-0.116493225097656 -0.0845489501953125 0.167312622070313 0.126495361328125
-0.05181884765625 -0.15301513671875 0.095733642578125 0.159423828125
0.0606689453125 -0.148895263671875 -0.021209716796875 0.145126342773438
0.190277099609375 -0.0136566162109375 -0.0879974365234375 0.0538787841796875
0.140167236328125 0.119865417480469 0.0539588928222656 -0.0193710327148437
0.029541015625 0.178802490234375 0.19537353515625 0.2139892578125
0.114265441894531 -0.104736328125 -0.228286743164063 -0.216873168945312
-0.0457763671875 -0.101974487304688 -0.0738143920898437 0.00238037109375001
-0.0960006713867187 -0.014862060546875 0.107101440429687 -0.0644912719726563
-0.0578727722167969 0.0591773986816406 0.0485687255859375 -0.192474365234375
0.00170898437500001 0.0751113891601563 -0.09130859375 -0.198150634765625
0.0563774108886719 0.0524940490722656 -0.19854736328125 -0.129135131835937
0.0482444763183594 0.0364151000976563 -0.2337646484375 -0.0218963623046875
0.0329132080078125 0.0353584289550781 -0.187973022460938 0.00941467285156251
0.0305328369140625 0.0424346923828125 -0.164108276367187 0.027862548828125
-0.00545883178710938 0.0490760803222656 -0.153366088867188 0.0104217529296875
-0.0545463562011719 0.0237007141113281 -0.157638549804688 -0.00318908691406248
-0.0751800537109375 -0.0556106567382812 -0.189285278320313 -0.0431976318359375
0.00514984130859375 -0.123458862304688 -0.200912475585938 -0.107406616210937
0.102462768554688 -0.120933532714844 -0.281402587890625 -0.1280517578125
0.179534912109375 -0.070556640625 -0.3453369140625 -0.14398193359375
0.239578247070313 -0.0274658203125 -0.181777954101562 -0.248703002929688
0.0775299072265625 -0.0917510986328125 -0.0545005798339844 -0.01800537109375
0.00982666015625 -0.0828399658203125 0.136436462402344 -0.06689453125
-0.0330581665039063 -0.0390434265136719 0.0746917724609375 -0.208358764648437
-0.0316143035888672 -0.0112037658691406 -0.074554443359375 -0.226364135742188
-0.0237846374511719 0.0148448944091797 -0.202972412109375 -0.146163940429687
-0.0417327880859375 0.0301513671875 -0.235702514648437 -0.028472900390625
-0.0504302978515625 0.0183219909667969 -0.177780151367187 0.00848388671875003
-0.0586929321289063 0.0275993347167969 -0.155746459960938 0.0277862548828125
-0.0725936889648438 0.00275421142578124 -0.142349243164063 0.0208892822265625
-0.0782318115234375 -0.0585784912109375 -0.140640258789063 0.0099945068359375
-0.0353469848632813 -0.138099670410156 -0.175750732421875 -0.0295562744140625
0.113677978515625 -0.151214599609375 -0.186721801757813 -0.0808868408203125
0.214752197265625 -0.0989990234375 -0.252731323242187 -0.106338500976563
0.292022705078125 0.008392333984375 -0.2880859375 -0.125823974609375
0.330780029296875 0.06463623046875 -0.0940399169921875 -0.249282836914063
0.198532104492188 -0.0503692626953125 -0.00452423095703124 -0.0233249664306641
0.136672973632813 -0.132339477539063 0.176788330078125 -0.053131103515625
0.0142135620117188 -0.138992309570313 0.117630004882813 -0.20684814453125
-0.0496902465820313 -0.107772827148438 -0.034210205078125 -0.239532470703125
-0.097747802734375 -0.0363616943359375 -0.178497314453125 -0.158187866210938
-0.125740051269531 0.0133132934570312 -0.2066650390625 -0.0367889404296875
-0.126251220703125 -0.002960205078125 -0.140403747558594 0.00720214843750003
-0.140365600585937 0.01312255859375 -0.11962890625 0.0306015014648438
-0.135955810546875 -0.03302001953125 -0.108146667480469 0.0400238037109375
-0.111297607421875 -0.123756408691406 -0.107955932617188 0.0344696044921875
-0.0205230712890625 -0.206024169921875 -0.154922485351563 -0.000198364257812501
0.186859130859375 -0.1854248046875 -0.1695556640625 -0.048187255859375
0.29156494140625 -0.090240478515625 -0.207122802734375 -0.085235595703125
0.36419677734375 0.07110595703125 -0.200714111328125 -0.0850067138671875
0.365234375 0.152496337890625 0.0228271484375 -0.209548950195313
0.28558349609375 0.014678955078125 0.0694046020507813 -0.00825881958007812
0.25628662109375 -0.14300537109375 0.21783447265625 -0.0238800048828125
0.078460693359375 -0.214157104492188 0.166702270507813 -0.178726196289063
-0.0453033447265625 -0.193130493164063 0.0233612060546875 -0.225662231445312
-0.149871826171875 -0.0895233154296875 -0.126022338867187 -0.155670166015625
-0.188858032226563 -0.00927734374999997 -0.150863647460938 -0.0428924560546875
-0.182952880859375 -0.023895263671875 -0.082427978515625 0.00607299804687499
-0.202117919921875 0.00143432617187503 -0.0634346008300781 0.0330734252929688
-0.184356689453125 -0.05523681640625 -0.0546417236328125 0.0589408874511719
-0.140960693359375 -0.166671752929687 -0.0620040893554688 0.0598564147949219
-0.018402099609375 -0.247787475585938 -0.123313903808594 0.0323638916015625
0.2261962890625 -0.2061767578125 -0.147842407226563 -0.0183868408203125
0.32965087890625 -0.079254150390625 -0.149566650390625 -0.07354736328125
0.38720703125 0.118560791015625 -0.096435546875 -0.034393310546875
0.334075927734375 0.21343994140625 0.146331787109375 -0.137222290039063
0.3106689453125 0.08856201171875 0.150955200195313 0.0248870849609375
0.332183837890625 -0.10504150390625 0.24578857421875 0.01788330078125
0.141265869140625 -0.238189697265625 0.207260131835937 -0.125152587890625
-0.0200958251953125 -0.243362426757813 0.084014892578125 -0.182373046875
-0.170684814453125 -0.132919311523437 -0.0562210083007813 -0.135406494140625
-0.220230102539063 -0.0315093994140625 -0.0752105712890625 -0.0456161499023437
-0.211761474609375 -0.04095458984375 -0.0130805969238281 0.00316143035888672
-0.23504638671875 -0.00991821289062505 0.00530433654785155 0.0322380065917969
-0.20947265625 -0.070098876953125 0.00849151611328123 0.0737533569335938
-0.15264892578125 -0.190338134765625 -0.0104446411132813 0.0808792114257812
-0.01104736328125 -0.261703491210938 -0.0866546630859375 0.0603485107421875
0.2451171875 -0.195632934570313 -0.124137878417969 0.00489807128906249
0.33056640625 -0.047271728515625 -0.0881576538085937 -0.06915283203125
0.358612060546875 0.15533447265625 0.0109710693359375 0.0195655822753906
0.242645263671875 0.231460571289063 0.25396728515625 -0.046905517578125
0.265899658203125 0.14739990234375 0.224365234375 0.0675201416015625
0.334686279296875 -0.035125732421875 0.251800537109375 0.0579376220703125
0.178741455078125 -0.205047607421875 0.224929809570313 -0.0599517822265625
0.0142059326171875 -0.242355346679688 0.129035949707031 -0.118949890136719
-0.156753540039063 -0.1505126953125 0.0176010131835937 -0.1002197265625
-0.215438842773437 -0.0481719970703125 0.00800704956054686 -0.043243408203125
-0.207656860351563 -0.051727294921875 0.0583114624023437 -0.000808715820312503
-0.234634399414062 -0.0222778320312499 0.076263427734375 0.0295181274414063
-0.206344604492188 -0.0788726806640625 0.0721511840820312 0.0865478515625
-0.140533447265625 -0.19586181640625 0.038116455078125 0.101272583007813
0.00888061523437498 -0.2493896484375 -0.0524368286132813 0.0876541137695312
0.250656127929688 -0.15478515625 -0.103630065917969 0.0231170654296875
0.298919677734375 0.004913330078125 -0.0299415588378906 -0.0646934509277344
0.284423828125 0.18280029296875 0.106452941894531 0.0773849487304688
0.11004638671875 0.203399658203125 0.325225830078125 0.038604736328125
0.1644287109375 0.170272827148438 0.272903442382813 0.1077880859375
0.264663696289063 0.0379638671875 0.236328125 0.0850067138671875
0.171539306640625 -0.131744384765625 0.219650268554688 -0.00321960449218751
0.0413818359375 -0.191574096679688 0.152587890625 -0.0553741455078125
-0.115936279296875 -0.138656616210938 0.0804595947265625 -0.0607070922851563
-0.176010131835938 -0.055145263671875 0.0834503173828125 -0.037506103515625
-0.173263549804687 -0.0550384521484375 0.121139526367187 -0.0049591064453125
-0.201522827148438 -0.0337677001953125 0.14263916015625 0.0285186767578125
-0.175689697265625 -0.082244873046875 0.129783630371094 0.100723266601563
-0.108169555664063 -0.183868408203125 0.077362060546875 0.125442504882813
0.0327606201171875 -0.212478637695312 -0.0274276733398438 0.116050720214844
0.235061645507812 -0.0951385498046875 -0.0902481079101562 0.04107666015625
0.238998413085938 0.0643768310546875 0.0187034606933594 -0.0497856140136719
0.174423217773438 0.193344116210938 0.1754150390625 0.139495849609375
-0.0392303466796875 0.139350891113281 0.35284423828125 0.0953369140625
0.0363006591796875 0.152908325195313 0.2930908203125 0.12579345703125
0.144073486328125 0.0880889892578125 0.210556030273438 0.09075927734375
0.124847412109375 -0.0442276000976563 0.20245361328125 0.031097412109375
0.05291748046875 -0.107833862304687 0.157516479492188 -0.00962829589843751
-0.0581741333007812 -0.0987014770507813 0.123420715332031 -0.031402587890625
-0.108963012695313 -0.0522079467773437 0.138717651367188 -0.0329666137695313
-0.11248779296875 -0.05047607421875 0.165817260742187 -0.0078887939453125
-0.138465881347656 -0.0414047241210938 0.194320678710938 0.030181884765625
-0.121749877929688 -0.0741806030273438 0.173904418945313 0.116668701171875
-0.0636749267578125 -0.148269653320313 0.102737426757813 0.153610229492188
0.04986572265625 -0.152572631835937 -0.01483154296875 0.146316528320312
0.190521240234375 -0.02728271484375 -0.0879974365234375 0.0590591430664063
0.148056030273438 0.111328125 0.0485610961914063 -0.0251388549804687
0.040435791015625 0.175796508789063 0.20654296875 0.200042724609375
0.10699462890625 -0.116363525390625 -0.247955322265625 -0.200454711914063
-0.0551223754882813 -0.10009765625 -0.0713348388671875 0.01080322265625
-0.0988922119140625 -0.00646209716796874 0.106674194335938 -0.0738143920898438
-0.05364990234375 0.06671142578125 0.0384674072265625 -0.200042724609375
0.00942230224609374 0.0781173706054687 -0.10418701171875 -0.196334838867187
0.0632743835449219 0.0475921630859375 -0.209564208984375 -0.119049072265625
0.0533332824707031 0.0298118591308594 -0.237884521484375 -0.00567626953125001
0.0362625122070313 0.0317039489746094 -0.19073486328125 0.0232391357421875
0.0345077514648438 0.03857421875 -0.164764404296875 0.0404510498046875
-5.72204589843801E-05 0.0480384826660156 -0.155670166015625 0.022369384765625
-0.0512733459472656 0.0280952453613281 -0.16314697265625 0.00952148437500003
-0.0811996459960937 -0.048797607421875 -0.198104858398438 -0.0303497314453125
-0.00530242919921875 -0.124198913574219 -0.211135864257812 -0.0986785888671876
0.0939102172851563 -0.129539489746094 -0.293060302734375 -0.113250732421875
0.176422119140625 -0.086181640625 -0.359100341796875 -0.119415283203125
0.240005493164062 -0.047760009765625 -0.204483032226563 -0.23699951171875
0.0710830688476563 -0.0979232788085938 -0.0546875 -0.00993728637695312
0.00331878662109374 -0.0834274291992188 0.137313842773438 -0.0781173706054688
-0.0359573364257813 -0.0340576171875 0.063629150390625 -0.218826293945313
-0.0318737030029297 -0.00705528259277344 -0.09014892578125 -0.225418090820312
-0.0201683044433594 0.0161972045898438 -0.215225219726562 -0.13494873046875
-0.0369873046875 0.0314521789550781 -0.240020751953125 -0.012542724609375
-0.0485916137695312 0.0211372375488281 -0.179885864257813 0.02069091796875
-0.05596923828125 0.0309486389160156 -0.15631103515625 0.0399322509765625
-0.0702171325683594 0.00606536865234375 -0.143539428710938 0.0322723388671875
-0.0805892944335938 -0.0529708862304687 -0.145065307617188 0.02056884765625
-0.0464553833007813 -0.136024475097656 -0.184677124023438 -0.01678466796875
0.102645874023438 -0.160049438476563 -0.19561767578125 -0.072357177734375
0.208419799804688 -0.114593505859375 -0.26361083984375 -0.0926361083984375
0.296905517578125 -0.01348876953125 -0.300872802734375 -0.105255126953125
0.33984375 0.038360595703125 -0.115493774414063 -0.244049072265625
0.196395874023438 -0.0643310546875 -0.00545501708984374 -0.01812744140625
0.12799072265625 -0.14373779296875 0.180267333984375 -0.06719970703125
0.00386810302734374 -0.138839721679688 0.10797119140625 -0.219879150390625
-0.057647705078125 -0.103347778320313 -0.050994873046875 -0.242172241210938
-0.0983047485351563 -0.0288619995117188 -0.191635131835938 -0.1480712890625
-0.122390747070312 0.0223464965820312 -0.2122802734375 -0.0223541259765625
-0.127029418945313 0.00589752197265624 -0.142303466796875 0.0161285400390625
-0.139198303222656 0.0230484008789062 -0.119163513183594 0.0407257080078125
-0.136253356933594 -0.024139404296875 -0.106674194335938 0.0499038696289063
-0.118499755859375 -0.115257263183594 -0.109893798828125 0.0438613891601562
-0.035400390625 -0.205429077148438 -0.162246704101563 0.011474609375
0.174530029296875 -0.199783325195313 -0.177032470703125 -0.0389404296875
0.2869873046875 -0.111541748046875 -0.216827392578125 -0.073760986328125
0.375579833984375 0.04425048828125 -0.210128784179687 -0.070556640625
0.38140869140625 0.12542724609375 0.00523376464843751 -0.212570190429688
0.290283203125 -0.00433349609375 0.0691680908203125 -0.0075836181640625
0.248931884765625 -0.164627075195313 0.223861694335938 -0.04010009765625
0.0628662109375 -0.220046997070313 0.159698486328125 -0.194686889648438
-0.061126708984375 -0.191085815429687 0.00845336914062498 -0.232772827148438
-0.155532836914063 -0.078948974609375 -0.138809204101562 -0.148941040039063
-0.187835693359375 0.00537109374999996 -0.155792236328125 -0.0323333740234375
-0.186370849609375 -0.0106201171875 -0.0830001831054688 0.0105514526367187
-0.202301025390625 0.01690673828125 -0.0611801147460938 0.0394134521484375
-0.186859130859375 -0.0423583984375 -0.0510025024414063 0.0654411315917969
-0.152694702148438 -0.156051635742188 -0.0614471435546875 0.0661430358886719
-0.0372772216796875 -0.248764038085938 -0.127975463867188 0.0425949096679687
0.21392822265625 -0.224517822265625 -0.153976440429688 -0.00856018066406255
0.3265380859375 -0.102294921875 -0.1585693359375 -0.06524658203125
0.40252685546875 0.0914306640625 -0.101150512695312 -0.0267791748046875
0.353759765625 0.19073486328125 0.1346435546875 -0.148345947265625
0.32177734375 0.06915283203125 0.15301513671875 0.020294189453125
0.329132080078125 -0.132293701171875 0.255828857421875 0.00100708007812499
0.125228881835938 -0.2498779296875 0.204742431640625 -0.14263916015625
-0.0395660400390625 -0.244918823242188 0.0726776123046875 -0.193283081054688
-0.179290771484375 -0.120651245117187 -0.066680908203125 -0.13299560546875
-0.2220458984375 -0.0142822265625 -0.0796051025390625 -0.0402145385742188
-0.216506958007813 -0.0245513916015625 -0.0126867294311524 0.00297641754150391
-0.236709594726562 0.0085296630859375 0.00873756408691405 0.0342979431152344
-0.2138671875 -0.0545196533203125 0.0142059326171875 0.076385498046875
-0.16748046875 -0.1793212890625 -0.00777435302734377 0.084381103515625
-0.030517578125 -0.263214111328125 -0.0885086059570313 0.0685501098632813
0.2342529296875 -0.215927124023438 -0.128433227539062 0.013580322265625
0.330047607421875 -0.070587158203125 -0.0963363647460937 -0.0653839111328125
0.3753662109375 0.130889892578125 0.0122203826904297 0.0197772979736328
0.263702392578125 0.216873168945313 0.250686645507812 -0.065582275390625
0.2799072265625 0.132583618164063 0.229232788085938 0.057403564453125
0.33843994140625 -0.061248779296875 0.263031005859375 0.0420379638671875
0.165390014648437 -0.219802856445312 0.22674560546875 -0.0779876708984375
-0.00422668457031251 -0.247207641601563 0.123558044433594 -0.1322021484375
-0.168258666992188 -0.13983154296875 0.00995635986328124 -0.102485656738281
-0.218948364257813 -0.030242919921875 0.00430679321289061 -0.0441207885742188
-0.2142333984375 -0.035430908203125 0.0591812133789062 -0.00614166259765625
-0.238250732421875 -0.00292968750000004 0.0808486938476563 0.0263137817382813
-0.21240234375 -0.0632476806640625 0.079620361328125 0.084716796875
-0.15716552734375 -0.185302734375 0.04290771484375 0.101463317871094
-0.009979248046875 -0.252685546875 -0.0513381958007813 0.0936355590820313
0.242019653320313 -0.175750732421875 -0.106735229492187 0.0319290161132813
0.302398681640625 -0.01531982421875 -0.0375709533691406 -0.0646018981933594
0.3021240234375 0.164276123046875 0.112861633300781 0.0711898803710938
0.126998901367187 0.198638916015625 0.329376220703125 0.015228271484375
0.178878784179688 0.161636352539063 0.280532836914063 0.0932464599609375
0.27313232421875 0.0178070068359375 0.248138427734375 0.0721588134765625
0.164718627929688 -0.145965576171875 0.224853515625 -0.01922607421875
0.02685546875 -0.1986083984375 0.1519775390625 -0.0694427490234375
-0.126632690429688 -0.130157470703125 0.0761337280273438 -0.0672225952148438
-0.180877685546875 -0.03948974609375 0.0809783935546875 -0.0438461303710938
-0.180038452148437 -0.0409088134765625 0.123222351074219 -0.0146102905273438
-0.206222534179687 -0.0169525146484375 0.147994995117188 0.0195770263671875
-0.182861328125 -0.06793212890625 0.138763427734375 0.0946807861328125
-0.125396728515625 -0.176132202148438 0.0848617553710937 0.122581481933594
0.016021728515625 -0.218292236328125 -0.0230026245117187 0.120460510253906
0.232086181640625 -0.11480712890625 -0.0919265747070312 0.0491485595703125
0.246917724609375 0.048858642578125 0.0119895935058594 -0.0534439086914063
0.191207885742187 0.183242797851563 0.187026977539063 0.12823486328125
-0.029083251953125 0.14508056640625 0.3612060546875 0.07061767578125
0.04852294921875 0.153411865234375 0.302459716796875 0.109344482421875
0.1549072265625 0.077301025390625 0.220855712890625 0.080078125
0.123176574707031 -0.0543136596679688 0.209793090820313 0.01702880859375
0.0439605712890625 -0.114875793457031 0.16064453125 -0.02288818359375
-0.0669631958007813 -0.094482421875 0.122322082519531 -0.0406265258789063
-0.114227294921875 -0.0413436889648438 0.137168884277344 -0.0440521240234375
-0.118804931640625 -0.0403213500976563 0.167694091796875 -0.0216217041015625
-0.14483642578125 -0.0297393798828125 0.2005615234375 0.0178070068359375
-0.1290283203125 -0.06439208984375 0.184860229492188 0.108230590820313
-0.078125 -0.144699096679688 0.112380981445313 0.149429321289063
0.038116455078125 -0.159408569335938 -0.00697326660156249 0.1505126953125
0.192657470703125 -0.0436248779296875 -0.088531494140625 0.0671768188476563
0.159088134765625 0.102569580078125 0.0440788269042969 -0.03070068359375
0.053619384765625 0.17596435546875 0.222946166992188 0.187286376953125
0.0954666137695313 -0.130569458007813 -0.271026611328125 -0.17742919921875
-0.0670318603515625 -0.0955657958984375 -0.0675811767578125 0.0207405090332031
-0.100967407226563 0.00517272949218748 0.104034423828125 -0.0861892700195313
-0.0465545654296875 0.0749969482421875 0.021881103515625 -0.2088623046875
0.0197906494140625 0.0798263549804688 -0.122726440429688 -0.190750122070313
0.0712661743164063 0.039764404296875 -0.2247314453125 -0.103759765625
0.0580482482910156 0.0210800170898438 -0.242538452148438 0.0161895751953125
0.0406837463378906 0.0269050598144531 -0.193084716796875 0.042144775390625
0.03924560546875 0.0337600708007813 -0.16461181640625 0.0579986572265625
0.00611495971679688 0.0465431213378906 -0.156753540039062 0.038360595703125
-0.0465316772460937 0.0330238342285156 -0.167404174804688 0.026092529296875
-0.0876617431640625 -0.0392532348632812 -0.207305908203125 -0.011199951171875
-0.0187835693359375 -0.124404907226563 -0.224884033203125 -0.0840911865234375
0.081451416015625 -0.141159057617188 -0.30755615234375 -0.0894775390625
0.169998168945313 -0.106292724609375 -0.375335693359375 -0.085113525390625
0.237319946289062 -0.07470703125 -0.231338500976563 -0.21820068359375
0.0615921020507812 -0.105674743652344 -0.0530166625976562 -0.000881195068359391
-0.0052642822265625 -0.0841140747070313 0.135345458984375 -0.0936355590820313
-0.0387954711914063 -0.0284805297851563 0.0468902587890625 -0.230133056640625
-0.0307559967041016 -0.00187110900878907 -0.11199951171875 -0.22247314453125
-0.0154819488525391 0.0170974731445313 -0.231613159179687 -0.118865966796875
-0.0322456359863281 0.03253173828125 -0.244979858398438 0.01055908203125
-0.0458526611328125 0.0242271423339844 -0.1820068359375 0.0388641357421875
-0.0522804260253906 0.0351295471191406 -0.155715942382812 0.056884765625
-0.0679969787597656 0.0109825134277344 -0.14337158203125 0.0476226806640625
-0.0839462280273438 -0.0453262329101563 -0.147857666015625 0.0362396240234375
-0.0599822998046875 -0.131874084472656 -0.193496704101563 0.00170898437500001
0.087677001953125 -0.170867919921875 -0.206802368164062 -0.057891845703125
0.199752807617188 -0.135269165039063 -0.2763671875 -0.0717926025390625
0.300079345703125 -0.043731689453125 -0.315032958984375 -0.07666015625
0.347747802734375 0.003509521484375 -0.142837524414063 -0.234542846679687
0.192733764648438 -0.083404541015625 -0.0050067901611328 -0.011988639831543
0.11492919921875 -0.158676147460938 0.180587768554688 -0.088104248046875
-0.008941650390625 -0.138992309570313 0.0914154052734375 -0.235763549804688
-0.0683059692382813 -0.0970230102539062 -0.074066162109375 -0.243408203125
-0.0989837646484375 -0.0199508666992187 -0.208282470703125 -0.133193969726562
-0.11865234375 0.0331878662109375 -0.217575073242187 -0.00187683105468753
-0.127029418945313 0.01739501953125 -0.143707275390625 0.029754638671875
-0.136802673339844 0.0363998413085938 -0.117355346679688 0.0545120239257813
-0.1370849609375 -0.0127487182617188 -0.103836059570313 0.0625991821289062
-0.128700256347656 -0.104873657226563 -0.110595703125 0.0568466186523438
-0.0556793212890625 -0.204010009765625 -0.1680908203125 0.028656005859375
0.157394409179688 -0.2186279296875 -0.1851806640625 -0.0248260498046875
0.279541015625 -0.139053344726563 -0.228256225585938 -0.0564422607421875
0.386505126953125 0.00732421875 -0.220458984375 -0.050628662109375
0.39825439453125 0.088592529296875 -0.0179443359375 -0.214492797851563
0.2940673828125 -0.031494140625 0.070037841796875 -0.00860977172851563
0.23583984375 -0.192642211914063 0.228225708007813 -0.06427001953125
0.04266357421875 -0.227706909179687 0.146636962890625 -0.214874267578125
-0.0809326171875 -0.186798095703125 -0.0131683349609375 -0.239974975585937
-0.16204833984375 -0.064727783203125 -0.155197143554687 -0.138763427734375
-0.186431884765625 0.023712158203125 -0.162033081054688 -0.017425537109375
-0.188873291015625 0.0079498291015625 -0.0843429565429688 0.0178146362304687
-0.201492309570312 0.0370635986328125 -0.05767822265625 0.0475082397460938
-0.190567016601562 -0.025238037109375 -0.0454025268554688 0.0733489990234375
-0.167648315429688 -0.141815185546875 -0.0588455200195313 0.075164794921875
-0.061767578125 -0.247833251953125 -0.130905151367187 0.0574417114257812
0.195281982421875 -0.248031616210938 -0.15936279296875 0.00491333007812497
0.3201904296875 -0.134185791015625 -0.168685913085937 -0.0529022216796875
0.418487548828125 0.0526123046875 -0.10504150390625 -0.0167160034179688
0.378448486328125 0.157684326171875 0.11956787109375 -0.162506103515625
0.33349609375 0.040802001953125 0.15655517578125 0.011322021484375
0.32147216796875 -0.16741943359375 0.263397216796875 -0.0249481201171875
0.103363037109375 -0.264419555664063 0.19781494140625 -0.166229248046875
-0.0649871826171875 -0.24407958984375 0.055633544921875 -0.205657958984375
-0.19134521484375 -0.103866577148437 -0.0806350708007812 -0.128860473632813
-0.222213745117188 0.00863647460937504 -0.0858078002929688 -0.0325851440429687
-0.221694946289063 -0.00311279296874997 -0.0130882263183594 0.00290393829345703
-0.237625122070312 0.03314208984375 0.0132408142089844 0.03533935546875
-0.21905517578125 -0.033477783203125 0.0220794677734375 0.0782089233398438
-0.185928344726563 -0.163253784179688 -0.00262451171875 0.08868408203125
-0.057098388671875 -0.263580322265625 -0.0882415771484375 0.0806884765625
0.216552734375 -0.24249267578125 -0.131805419921875 0.0264739990234375
0.32733154296875 -0.102203369140625 -0.106941223144531 -0.0584335327148438
0.3953857421875 0.095794677734375 0.0138568878173828 0.0198802947998047
0.289581298828125 0.193939208984375 0.24481201171875 -0.0902557373046875
0.29718017578125 0.1092529296875 0.2362060546875 0.0415802001953125
0.339019775390625 -0.096954345703125 0.274429321289063 0.017181396484375
0.147201538085938 -0.238037109375 0.225723266601563 -0.101943969726563
-0.0309295654296875 -0.250457763671875 0.11328125 -0.148941040039063
-0.1824951171875 -0.1246337890625 0.00042724609374999 -0.104415893554688
-0.221893310546875 -0.00776672363281253 -0.000614166259765642 -0.0447883605957031
-0.220565795898437 -0.0132598876953125 0.0592803955078125 -0.0133934020996094
-0.2403564453125 0.0224609375 0.0862579345703125 0.0201416015625
-0.219451904296875 -0.0419921875 0.08953857421875 0.080047607421875
-0.177459716796875 -0.17059326171875 0.0504608154296875 0.100448608398437
-0.0357818603515625 -0.255294799804688 -0.0471115112304688 0.102027893066406
0.229156494140625 -0.203567504882812 -0.107704162597656 0.0433120727539062
0.305419921875 -0.04388427734375 -0.0480918884277344 -0.0634117126464844
0.32452392578125 0.137481689453125 0.121124267578125 0.0615921020507813
0.148818969726563 0.189651489257813 0.33294677734375 -0.0159912109375
0.198348999023437 0.14971923828125 0.290985107421875 0.072601318359375
0.281494140625 -0.010711669921875 0.2611083984375 0.050537109375
0.152725219726563 -0.164215087890625 0.229278564453125 -0.0412445068359375
0.00531005859375 -0.205520629882813 0.148406982421875 -0.086761474609375
-0.141937255859375 -0.118972778320313 0.070953369140625 -0.0752334594726563
-0.185195922851563 -0.0201416015625 0.076934814453125 -0.0521926879882812
-0.187042236328125 -0.0217132568359375 0.12335205078125 -0.0280075073242187
-0.210906982421875 0.00541687011718746 0.153732299804688 0.0067138671875
-0.1905517578125 -0.0489349365234375 0.151641845703125 0.0852203369140625
-0.145736694335937 -0.16387939453125 0.0955886840820313 0.118598937988281
-0.005859375 -0.22393798828125 -0.0148773193359375 0.125679016113281
0.225540161132813 -0.140625 -0.09100341796875 0.0600433349609375
0.256332397460937 0.02630615234375 0.00352096557617189 -0.0569839477539063
0.212127685546875 0.168472290039063 0.201980590820313 0.112503051757813
-0.0145416259765625 0.15093994140625 0.371185302734375 0.03656005859375
0.0653076171875 0.15191650390625 0.31463623046875 0.0853271484375
0.16729736328125 0.0616455078125 0.233306884765625 0.062744140625
0.119483947753906 -0.06842041015625 0.217056274414063 -0.002471923828125
0.0313262939453125 -0.122734069824219 0.162796020507813 -0.041168212890625
-0.0786285400390625 -0.0891494750976563 0.119499206542969 -0.0526885986328125
-0.118988037109375 -0.0284881591796875 0.13421630859375 -0.0579376220703125
-0.125457763671875 -0.0269851684570313 0.16827392578125 -0.0389251708984375
-0.150711059570312 -0.01251220703125 0.20733642578125 -0.001495361328125
-0.137985229492188 -0.050872802734375 0.199111938476563 0.0938720703125
-0.09619140625 -0.137535095214844 0.12677001953125 0.142929077148438
0.0213165283203125 -0.166641235351563 0.00486755371093752 0.154281616210938
0.192794799804688 -0.0652618408203125 -0.0857925415039063 0.0783157348632812
0.173233032226563 0.088836669921875 0.0380630493164063 -0.0371322631835937
0.07208251953125 0.174514770507813 0.244003295898438 0.1678466796875
0.0779571533203125 -0.143157958984375 -0.290618896484375 -0.142364501953125
-0.0787429809570313 -0.0867156982421875 -0.060638427734375 0.0309371948242187
-0.0998306274414063 0.0182342529296875 0.0963287353515625 -0.09918212890625
-0.0353851318359375 0.0821533203125 -0.00048828124999999 -0.212936401367188
0.0329971313476562 0.0784912109375 -0.14324951171875 -0.177703857421875
0.0778045654296875 0.0283966064453125 -0.237030029296875 -0.0803375244140625
0.0600967407226563 0.0102310180664063 -0.239944458007813 0.04473876953125
0.0441627502441406 0.0196609497070313 -0.188247680664063 0.0657958984375
0.0433769226074219 0.0268211364746094 -0.157424926757813 0.078826904296875
0.0127334594726563 0.0428810119628906 -0.152862548828125 0.05780029296875
-0.03985595703125 0.0378952026367188 -0.165939331054688 0.048004150390625
-0.091766357421875 -0.0263519287109375 -0.210250854492188 0.013885498046875
-0.0343399047851563 -0.12054443359375 -0.23516845703125 -0.06158447265625
0.063751220703125 -0.150039672851563 -0.316925048828125 -0.0562744140625
0.156875610351563 -0.12774658203125 -0.381591796875 -0.039947509765625
0.226119995117188 -0.10443115234375 -0.256088256835937 -0.186798095703125
0.0481109619140625 -0.111686706542969 -0.0491180419921875 0.00931167602539061
-0.0161972045898437 -0.0819320678710938 0.126541137695313 -0.111106872558594
-0.0405197143554688 -0.0210418701171875 0.0222625732421875 -0.236724853515625
-0.0277347564697266 0.00399017333984375 -0.1363525390625 -0.210403442382812
-0.00969219207763672 0.0166015625 -0.24432373046875 -0.0933380126953124
-0.0265293121337891 0.0330429077148437 -0.243118286132813 0.0395660400390625
-0.0421943664550781 0.0274772644042969 -0.178314208984375 0.06060791015625
-0.0469131469726563 0.0392112731933594 -0.148681640625 0.0774688720703125
-0.0637626647949219 0.0162467956542969 -0.138359069824219 0.0656890869140625
-0.0859451293945313 -0.035919189453125 -0.14593505859375 0.0560302734375
-0.074981689453125 -0.122138977050781 -0.1961669921875 0.0259552001953125
0.0667877197265625 -0.178604125976563 -0.214370727539063 -0.0367584228515625
0.181427001953125 -0.156936645507813 -0.28399658203125 -0.04156494140625
0.293853759765625 -0.080780029296875 -0.321868896484375 -0.0379638671875
0.34515380859375 -0.03985595703125 -0.171417236328125 -0.212860107421875
0.181594848632812 -0.104537963867187 -0.00339984893798827 -0.00696516036987305
0.09429931640625 -0.171768188476563 0.172592163085938 -0.111038208007813
-0.0240249633789062 -0.134803771972656 0.0662689208984375 -0.247482299804688
-0.0781707763671875 -0.0865325927734375 -0.10205078125 -0.235504150390625
-0.09686279296875 -0.00956726074218748 -0.223480224609375 -0.110336303710937
-0.11151123046875 0.0442581176757813 -0.217132568359375 0.0241546630859375
-0.123771667480469 0.0311965942382813 -0.140701293945313 0.04681396484375
-0.129890441894531 0.0512771606445313 -0.109992980957031 0.0701065063476563
-0.135215759277344 0.00129699707031252 -0.097015380859375 0.075927734375
-0.137290954589844 -0.0889358520507812 -0.106002807617188 0.0724105834960938
-0.079559326171875 -0.194717407226563 -0.169143676757813 0.0509185791015625
0.130752563476563 -0.234848022460938 -0.189804077148438 -0.00567626953125002
0.261199951171875 -0.169479370117188 -0.234954833984375 -0.03082275390625
0.3858642578125 -0.038818359375 -0.224533081054687 -0.0225067138671875
0.40679931640625 0.038787841796875 -0.0451812744140625 -0.209091186523438
0.289642333984375 -0.064483642578125 0.0709457397460938 -0.0109710693359375
0.210845947265625 -0.22076416015625 0.222854614257812 -0.093170166015625
0.0159912109375 -0.230010986328125 0.124221801757813 -0.233657836914063
-0.103118896484375 -0.174301147460938 -0.041290283203125 -0.238800048828125
-0.166015625 -0.0454559326171875 -0.17083740234375 -0.120285034179687
-0.179534912109375 0.0439453125 -0.16363525390625 0.00227355957031253
-0.18646240234375 0.02972412109375 -0.083221435546875 0.0274887084960938
-0.19390869140625 0.0610504150390625 -0.0510902404785156 0.0558395385742188
-0.18975830078125 -0.00386047363281248 -0.0363082885742188 0.0809249877929688
-0.18157958984375 -0.120132446289063 -0.0523910522460938 0.0848541259765625
-0.0910491943359375 -0.238525390625 -0.128204345703125 0.0753707885742188
0.165191650390625 -0.269180297851562 -0.160842895507812 0.0223846435546875
0.302459716796875 -0.169525146484375 -0.176345825195312 -0.034210205078125
0.424163818359375 0.00262451171875 -0.106132507324219 -0.00305938720703127
0.395660400390625 0.111480712890625 0.0967559814453126 -0.173995971679688
0.337890625 0.003936767578125 0.15789794921875 -0.0010986328125
0.3001708984375 -0.207489013671875 0.261932373046875 -0.0571441650390625
0.07147216796875 -0.273956298828125 0.180465698242188 -0.190322875976563
-0.0942840576171875 -0.234024047851563 0.031219482421875 -0.21392822265625
-0.200119018554688 -0.0808563232421875 -0.0952224731445313 -0.119155883789063
-0.216873168945313 0.03472900390625 -0.0894851684570313 -0.0217971801757812
-0.220733642578125 0.023284912109375 -0.013768196105957 0.00384235382080078
-0.230514526367188 0.0623016357421875 0.0190544128417969 0.0350933074951172
-0.219390869140625 -0.00802612304687505 0.0318222045898437 0.0775299072265625
-0.202682495117188 -0.13775634765625 0.00508880615234373 0.091278076171875
-0.089202880859375 -0.254653930664063 -0.0826950073242187 0.093597412109375
0.187820434570313 -0.267364501953125 -0.130264282226563 0.041534423828125
0.31341552734375 -0.13922119140625 -0.115707397460937 -0.046875
0.407012939453125 0.0478515625 0.0164737701416016 0.0189762115478516
0.31097412109375 0.158294677734375 0.229171752929688 -0.116958618164062
0.309600830078125 0.076690673828125 0.2392578125 0.0200347900390625
0.326812744140625 -0.1387939453125 0.277801513671875 -0.0152740478515625
0.119049072265625 -0.254074096679688 0.21624755859375 -0.1290283203125
-0.06146240234375 -0.245346069335938 0.0953521728515625 -0.163894653320313
-0.19549560546875 -0.102005004882813 -0.0120162963867188 -0.103668212890625
-0.219009399414063 0.01959228515625 -0.00682449340820314 -0.0432891845703125
-0.221359252929688 0.014007568359375 0.0562324523925781 -0.0214004516601563
-0.235260009765625 0.0523223876953125 0.0903244018554688 0.0106735229492188
-0.221099853515625 -0.01483154296875 0.09967041015625 0.0715484619140625
-0.196395874023438 -0.145828247070312 0.0599288940429687 0.0970306396484375
-0.0671844482421875 -0.25048828125 -0.0389785766601563 0.110000610351563
0.20452880859375 -0.230987548828125 -0.103912353515625 0.056365966796875
0.30023193359375 -0.078155517578125 -0.0581398010253906 -0.0585670471191406
0.3406982421875 0.099090576171875 0.127883911132813 0.046905517578125
0.17108154296875 0.171630859375 0.325714111328125 -0.054351806640625
0.216354370117188 0.126922607421875 0.2962646484375 0.042938232421875
0.2806396484375 -0.0464630126953125 0.267303466796875 0.0214385986328125
0.132797241210938 -0.18170166015625 0.22576904296875 -0.0684661865234375
-0.0205535888671875 -0.205215454101562 0.13800048828125 -0.106391906738281
-0.154800415039063 -0.10113525390625 0.0615386962890625 -0.0827713012695312
-0.184417724609375 0.00358581542968747 0.0696907043457031 -0.0606155395507813
-0.189010620117188 0.00294494628906246 0.11846923828125 -0.04345703125
-0.209381103515625 0.03375244140625 0.155731201171875 -0.0111083984375
-0.194915771484375 -0.0244140625 0.1619873046875 0.0688934326171875
-0.165283203125 -0.143234252929688 0.107078552246094 0.109443664550781
-0.0345001220703125 -0.223297119140625 -0.00348663330078125 0.129745483398438
0.208969116210938 -0.169387817382813 -0.08544921875 0.0719146728515625
0.260116577148438 -0.002716064453125 -0.0066566467285156 -0.0576171875
0.232803344726562 0.143295288085938 0.213531494140625 0.08734130859375
0.0034942626953125 0.152252197265625 0.37030029296875 -0.00671386718749999
0.0836029052734375 0.144912719726563 0.3214111328125 0.05322265625
0.176254272460938 0.0388641357421875 0.240753173828125 0.038726806640625
0.110122680664062 -0.0825119018554688 0.2177734375 -0.027252197265625
0.0143661499023438 -0.126632690429688 0.158233642578125 -0.0619964599609375
-0.0896224975585937 -0.0788116455078125 0.11279296875 -0.0658950805664063
-0.12139892578125 -0.011322021484375 0.126129150390625 -0.0734176635742187
-0.128913879394531 -0.00939941406250001 0.162643432617188 -0.06005859375
-0.152175903320313 0.00827026367187501 0.207717895507813 -0.0264434814453125
-0.143508911132813 -0.0320587158203125 0.210952758789063 0.07171630859375
-0.114509582519531 -0.123023986816406 0.142074584960937 0.129714965820313
-0.000396728515624989 -0.169830322265625 0.0206298828125 0.155364990234375
0.185638427734375 -0.0908966064453125 -0.0786209106445313 0.0896453857421875
0.185165405273438 0.0691375732421875 0.0294036865234375 -0.0422477722167969
0.0930328369140625 0.166290283203125 0.2623291015625 0.137374877929688
0.0555267333984375 -0.148117065429688 -0.2952880859375 -0.10089111328125
-0.0868301391601563 -0.0733108520507812 -0.0505447387695313 0.0379257202148438
-0.0937957763671875 0.031005859375 0.08306884765625 -0.107917785644531
-0.0225906372070313 0.0853958129882813 -0.0234222412109375 -0.207473754882813
0.0452728271484375 0.071136474609375 -0.158294677734375 -0.157196044921875
0.0794601440429688 0.014434814453125 -0.239654541015625 -0.0527801513671875
0.0581474304199219 -0.000873565673828125 -0.22601318359375 0.070556640625
0.0443458557128906 0.0111236572265625 -0.173385620117188 0.0870513916015625
0.0446357727050781 0.0182838439941406 -0.141693115234375 0.096435546875
0.0181617736816406 0.0372848510742188 -0.140838623046875 0.0748138427734375
-0.0319633483886719 0.0401077270507813 -0.1561279296875 0.0681610107421875
-0.0905532836914063 -0.01214599609375 -0.20318603515625 0.0394744873046875
-0.0478668212890625 -0.110389709472656 -0.235702514648438 -0.0357513427734375
0.0428314208984375 -0.151641845703125 -0.3121337890625 -0.02032470703125
0.135238647460938 -0.14306640625 -0.369232177734375 0.007080078125
0.202835083007812 -0.128997802734375 -0.26788330078125 -0.147018432617187
0.0326919555664063 -0.112060546875 -0.0418319702148438 0.0169410705566406
-0.02569580078125 -0.0754928588867188 0.110733032226563 -0.123794555664063
-0.0393524169921875 -0.0135955810546875 -0.00382995605468752 -0.233551025390625
-0.0228137969970703 0.00799560546875 -0.155227661132812 -0.188751220703125
-0.00490188598632813 0.0142230987548828 -0.247314453125 -0.0638427734375
-0.0211849212646484 0.0308074951171875 -0.230117797851563 0.0663909912109374
-0.0373497009277344 0.0295791625976563 -0.1649169921875 0.0804901123046875
-0.0397796630859375 0.0411796569824219 -0.133522033691406 0.0941162109375
-0.05828857421875 0.0205574035644531 -0.12628173828125 0.0811233520507812
-0.0840072631835938 -0.0250396728515625 -0.135871887207031 0.0735549926757813
-0.0857391357421875 -0.106452941894531 -0.189224243164063 0.0502777099609375
0.04388427734375 -0.177627563476563 -0.213424682617188 -0.0134735107421875
0.155685424804687 -0.171295166015625 -0.279373168945313 -0.00920104980468745
0.272994995117188 -0.113693237304688 -0.31256103515625 0.00219726562499997
0.325653076171875 -0.08148193359375 -0.189926147460938 -0.182327270507813
0.162506103515625 -0.121017456054687 -0.000369787216186514 -0.00269722938537598
0.069244384765625 -0.176055908203125 0.154632568359375 -0.129074096679688
-0.0379409790039063 -0.1246337890625 0.03790283203125 -0.248886108398438
-0.0830001831054687 -0.0724945068359375 -0.125259399414063 -0.216445922851563
-0.0911941528320313 0.000434875488281231 -0.228500366210938 -0.0815429687500001
-0.100395202636719 0.0530166625976563 -0.206298828125 0.04913330078125
-0.114662170410156 0.0431289672851562 -0.131195068359375 0.0626220703125
-0.117279052734375 0.0636978149414063 -0.0974044799804688 0.082550048828125
-0.127883911132813 0.015045166015625 -0.0847396850585938 0.086700439453125
-0.139739990234375 -0.0700531005859375 -0.0956802368164063 0.084869384765625
-0.099029541015625 -0.177139282226563 -0.161056518554688 0.0715789794921875
0.09869384765625 -0.24053955078125 -0.185821533203125 0.0144805908203124
0.231414794921875 -0.191802978515625 -0.2315673828125 -0.00457763671874997
0.3680419921875 -0.084136962890625 -0.217391967773437 0.00555419921874997
0.394989013671875 -0.012298583984375 -0.070068359375 -0.193008422851563
0.271987915039063 -0.0945587158203125 0.069244384765625 -0.0139122009277344
0.175247192382813 -0.23858642578125 0.205612182617188 -0.117721557617188
-0.0110626220703125 -0.220947265625 0.09539794921875 -0.241424560546875
-0.118194580078125 -0.153640747070313 -0.0676116943359375 -0.227340698242188
-0.162033081054688 -0.024993896484375 -0.17816162109375 -0.096282958984375
-0.165023803710938 0.0617828369140625 -0.15771484375 0.0220489501953125
-0.175704956054688 0.0501708984375 -0.077728271484375 0.0362396240234375
-0.177154541015625 0.0814056396484375 -0.0411911010742188 0.0611839294433594
-0.180191040039063 0.0174713134765625 -0.0254669189453125 0.0842742919921875
-0.185760498046875 -0.0939788818359375 -0.0425643920898438 0.0915145874023438
-0.11572265625 -0.217727661132813 -0.119033813476563 0.0912399291992187
0.128280639648437 -0.278335571289063 -0.154998779296875 0.0382537841796875
0.271438598632813 -0.196548461914062 -0.17620849609375 -0.01361083984375
0.40997314453125 -0.048370361328125 -0.101432800292969 0.0103607177734375
0.392303466796875 0.059051513671875 0.0699005126953125 -0.176162719726563
0.326629638671875 -0.033935546875 0.152984619140625 -0.013702392578125
0.262649536132813 -0.2371826171875 0.247451782226563 -0.0866546630859375
0.037139892578125 -0.27105712890625 0.154678344726563 -0.206756591796875
-0.118408203125 -0.21221923828125 0.00520324707031249 -0.211166381835938
-0.200088500976563 -0.054229736328125 -0.10565185546875 -0.103240966796875
-0.201980590820313 0.0576934814453125 -0.0892257690429688 -0.00915527343750001
-0.209381103515625 0.0489044189453125 -0.0135526657104492 0.00528049468994141
-0.212081909179688 0.0882415771484375 0.0241775512695312 0.0323028564453125
-0.209197998046875 0.017913818359375 0.0408248901367187 0.073211669921875
-0.209396362304688 -0.106887817382812 0.013580322265625 0.0908889770507812
-0.11651611328125 -0.234100341796875 -0.0724945068359375 0.103240966796875
0.148651123046875 -0.279922485351563 -0.123092651367188 0.0542678833007812
0.28497314453125 -0.168975830078125 -0.120147705078125 -0.0320968627929688
0.39801025390625 -0.00189208984375 0.0190162658691406 0.0163707733154297
0.317718505859375 0.11505126953125 0.2039794921875 -0.137252807617188
0.308929443359375 0.0386962890625 0.232650756835938 -0.0029296875
0.298126220703125 -0.174072265625 0.266571044921875 -0.046661376953125
0.084197998046875 -0.257522583007812 0.195709228515625 -0.1507568359375
-0.0894927978515625 -0.227859497070313 0.07275390625 -0.170578002929688
-0.198577880859375 -0.07452392578125 -0.0229568481445313 -0.0982589721679688
-0.205703735351563 0.0443267822265625 -0.0119895935058594 -0.039703369140625
-0.211074829101562 0.040679931640625 0.0510177612304687 -0.0273056030273437
-0.218429565429687 0.08056640625 0.089691162109375 8.39233398437549E-05
-0.212371826171875 0.0123748779296875 0.105735778808594 0.0591583251953125
-0.205429077148438 -0.1143798828125 0.0668182373046875 0.0896987915039063
-0.096343994140625 -0.23199462890625 -0.0281448364257813 0.113632202148437
0.170013427734375 -0.248336791992187 -0.0956878662109375 0.0667877197265625
0.28076171875 -0.109771728515625 -0.0663986206054687 -0.0497322082519531
0.3409423828125 0.05426025390625 0.128616333007813 0.0298233032226563
0.185256958007813 0.14532470703125 0.303619384765625 -0.088592529296875
0.224884033203125 0.0987701416015625 0.289154052734375 0.012969970703125
0.265609741210938 -0.0798797607421875 0.261245727539063 -0.00863647460937501
0.106460571289062 -0.190536499023438 0.21209716796875 -0.09271240234375
-0.0460968017578125 -0.194580078125 0.120857238769531 -0.120620727539063
-0.16082763671875 -0.0781402587890625 0.0503082275390625 -0.0863494873046875
-0.175735473632813 0.0261383056640625 0.05950927734375 -0.0659599304199219
-0.181533813476563 0.0264892578125 0.107742309570312 -0.0567169189453125
-0.19622802734375 0.0597686767578125 0.149703979492188 -0.0291595458984375
-0.189712524414063 0.00117492675781249 0.165740966796875 0.049224853515625
-0.176300048828125 -0.115493774414062 0.114181518554688 0.0956039428710938
-0.0622100830078125 -0.21044921875 0.00881958007812499 0.127708435058594
0.180816650390625 -0.19000244140625 -0.0755386352539062 0.079864501953125
0.25103759765625 -0.0331573486328125 -0.0174522399902344 -0.0548934936523438
0.242477416992188 0.110870361328125 0.215225219726563 0.05828857421875
0.0217437744140625 0.146575927734375 0.352294921875 -0.048828125
0.099029541015625 0.130241394042969 0.3134765625 0.018463134765625
0.175521850585937 0.0139923095703125 0.23828125 0.01275634765625
0.09588623046875 -0.09295654296875 0.208999633789063 -0.051544189453125
-0.00341033935546874 -0.123641967773437 0.144851684570313 -0.0800323486328125
-0.09686279296875 -0.0640029907226562 0.101425170898437 -0.0767440795898437
-0.116935729980469 0.00533294677734375 0.11199951171875 -0.0852279663085937
-0.125404357910156 0.00844573974609377 0.148910522460937 -0.077911376953125
-0.145355224609375 0.029541015625 0.19805908203125 -0.0509796142578125
-0.142227172851563 -0.011383056640625 0.213119506835937 0.0449981689453125
-0.12603759765625 -0.101905822753906 0.150253295898438 0.110504150390625
-0.0233154296875 -0.16424560546875 0.0357208251953125 0.148635864257813
0.168411254882813 -0.112396240234375 -0.0667724609375 0.0968170166015625
0.188705444335938 0.04400634765625 0.0192489624023438 -0.04486083984375
0.110397338867188 0.15020751953125 0.267501831054688 0.1004638671875
0.035736083984375 -0.14532470703125 -0.2872314453125 -0.066741943359375
-0.0897216796875 -0.0605850219726562 -0.0405807495117188 0.0406341552734375
-0.0849990844726563 0.0395050048828125 0.069976806640625 -0.110977172851562
-0.0105972290039063 0.084197998046875 -0.039642333984375 -0.19659423828125
0.0532684326171875 0.0621681213378906 -0.162887573242187 -0.136062622070313
0.07684326171875 0.0021209716796875 -0.233291625976563 -0.0295562744140625
0.0527305603027344 -0.00926971435546875 -0.2078857421875 0.08740234375
0.0421714782714844 0.00466537475585938 -0.155807495117187 0.0989990234375
0.0435142517089844 0.0107650756835937 -0.123878479003906 0.105903625488281
0.0210723876953125 0.0312938690185547 -0.1268310546875 0.0854110717773438
-0.0241928100585937 0.0393867492675781 -0.142227172851563 0.080291748046875
-0.0856399536132813 -0.000610351562500016 -0.189987182617188 0.057464599609375
-0.0559463500976562 -0.0973968505859375 -0.228561401367188 -0.0147552490234375
0.0259857177734375 -0.146820068359375 -0.296539306640625 0.0074462890625
0.113479614257813 -0.149688720703125 -0.34466552734375 0.0409851074218749
0.176177978515625 -0.14208984375 -0.265625 -0.111053466796875
0.019927978515625 -0.107635498046875 -0.0337963104248047 0.0214328765869141
-0.0316734313964844 -0.0674324035644531 0.09429931640625 -0.128890991210937
-0.0363883972167969 -0.00725555419921875 -0.023956298828125 -0.222564697265625
-0.0171499252319336 0.00942897796630859 -0.163406372070313 -0.165695190429688
-0.00158500671386719 0.0104093551635742 -0.241592407226563 -0.0395660400390625
-0.0179176330566406 0.0282878875732422 -0.211380004882813 0.084014892578125
-0.0328025817871094 0.0295963287353516 -0.148788452148438 0.092193603515625
-0.0331497192382812 0.0402793884277344 -0.1163330078125 0.103500366210938
-0.0520095825195313 0.0221900939941406 -0.111671447753906 0.0903701782226563
-0.0788726806640625 -0.0176239013671875 -0.122665405273438 0.0843124389648437
-0.0893478393554688 -0.0909042358398437 -0.177032470703125 0.06707763671875
0.0244903564453125 -0.170562744140625 -0.205474853515625 0.00378417968749995
0.130889892578125 -0.174606323242188 -0.265090942382812 0.0153961181640625
0.24639892578125 -0.134552001953125 -0.291656494140625 0.031341552734375
0.297393798828125 -0.10797119140625 -0.196456909179687 -0.151199340820313
0.142227172851563 -0.128646850585938 0.00282979011535645 0.000910282135009758
0.0475616455078125 -0.170944213867188 0.135360717773438 -0.137664794921875
-0.0459518432617188 -0.112266540527344 0.0144805908203125 -0.2415771484375
-0.081939697265625 -0.0597915649414063 -0.137741088867188 -0.1943359375
-0.0838470458984375 0.00665283203125 -0.223770141601562 -0.0575408935546875
-0.0893020629882813 0.0568466186523437 -0.190811157226563 0.066253662109375
-0.104888916015625 0.0499649047851563 -0.118942260742188 0.0719070434570312
-0.103790283203125 0.0692672729492187 -0.0828704833984375 0.0886077880859375
-0.117271423339844 0.0236053466796875 -0.0718307495117188 0.0918045043945312
-0.135818481445313 -0.053680419921875 -0.084136962890625 0.09234619140625
-0.109024047851563 -0.15643310546875 -0.149002075195313 0.0858306884765625
0.0718536376953125 -0.2347412109375 -0.177291870117188 0.0283660888671875
0.200653076171875 -0.200225830078125 -0.220687866210938 0.0165252685546875
0.339508056640625 -0.114501953125 -0.202346801757812 0.025634765625
0.369476318359375 -0.050048828125 -0.08587646484375 -0.172027587890625
0.2479248046875 -0.1138916015625 0.0669021606445313 -0.0153312683105469
0.1419677734375 -0.240859985351563 0.183929443359375 -0.131240844726563
-0.0301666259765625 -0.205947875976562 0.070098876953125 -0.240020751953125
-0.124839782714844 -0.132194519042969 -0.084564208984375 -0.2095947265625
-0.152099609375 -0.00987243652343752 -0.178070068359375 -0.075775146484375
-0.14837646484375 0.071441650390625 -0.146530151367188 0.0368499755859375
-0.161392211914062 0.06292724609375 -0.070953369140625 0.0424346923828125
-0.158248901367187 0.0922088623046875 -0.0321121215820313 0.06304931640625
-0.166305541992187 0.0309906005859375 -0.015350341796875 0.0839920043945313
-0.181396484375 -0.0710906982421875 -0.0334701538085938 0.0940322875976563
-0.128921508789062 -0.192947387695313 -0.107406616210938 0.101364135742187
0.0948486328125 -0.274703979492188 -0.145843505859375 0.0492706298828125
0.23797607421875 -0.208969116210937 -0.170135498046875 0.00288391113281246
0.382415771484375 -0.084869384765625 -0.0939407348632812 0.0192947387695312
0.37451171875 0.0179443359375 0.047210693359375 -0.169326782226563
0.305999755859375 -0.06158447265625 0.14501953125 -0.0219573974609375
0.224777221679688 -0.248443603515625 0.22637939453125 -0.105667114257813
0.0108489990234375 -0.2578125 0.128921508789063 -0.211257934570313
-0.131607055664063 -0.187652587890625 -0.0149993896484375 -0.202011108398438
-0.191864013671875 -0.03326416015625 -0.108779907226563 -0.088348388671875
-0.18402099609375 0.0718994140625 -0.084991455078125 0.00101470947265626
-0.1934814453125 0.0655364990234375 -0.0134353637695313 0.00672245025634766
-0.190093994140625 0.103103637695313 0.0267963409423828 0.0289134979248047
-0.193313598632813 0.03582763671875 0.0461959838867187 0.0674896240234375
-0.205108642578125 -0.080047607421875 0.0197525024414062 0.0885162353515625
-0.131942749023438 -0.2083740234375 -0.0621337890625 0.108444213867188
0.1143798828125 -0.279403686523438 -0.114242553710937 0.061737060546875
0.253799438476563 -0.184539794921875 -0.11962890625 -0.0193252563476563
0.376373291015625 -0.040008544921875 0.0198631286621094 0.0136222839355469
0.309722900390625 0.078765869140625 0.176406860351563 -0.14495849609375
0.296051025390625 0.009521484375 0.220016479492188 -0.01861572265625
0.264251708984375 -0.193984985351563 0.248626708984375 -0.0674591064453125
0.0558013916015625 -0.250030517578125 0.173309326171875 -0.161575317382813
-0.106536865234375 -0.205764770507813 0.0523223876953125 -0.169296264648438
-0.192977905273438 -0.051513671875 -0.0304412841796875 -0.0903396606445313
-0.188247680664063 0.060699462890625 -0.0153732299804688 -0.0353660583496094
-0.195785522460938 0.058746337890625 0.0443534851074219 -0.0306472778320313
-0.196914672851563 0.098236083984375 0.0857009887695312 -0.00832366943359374
-0.197235107421875 0.0320892333984375 0.107185363769531 0.0476913452148438
-0.203292846679688 -0.08660888671875 0.0699996948242187 0.0820693969726563
-0.11328125 -0.208343505859375 -0.0189666748046875 0.113601684570312
0.13690185546875 -0.25146484375 -0.0866165161132813 0.0713958740234375
0.25482177734375 -0.128829956054688 -0.0709304809570312 -0.0402908325195313
0.327850341796875 0.018890380859375 0.123542785644531 0.0154037475585938
0.188018798828125 0.119796752929688 0.274688720703125 -0.108688354492187
0.222900390625 0.0739898681640625 0.274337768554688 -0.0091552734375
0.243011474609375 -0.102325439453125 0.247299194335938 -0.030059814453125
0.0832366943359375 -0.190093994140625 0.19366455078125 -0.107772827148438
-0.063262939453125 -0.178421020507813 0.102432250976563 -0.126777648925781
-0.159255981445313 -0.0573883056640625 0.0401535034179687 -0.0856475830078125
-0.161651611328125 0.0416259765625 0.0498046875 -0.0666122436523438
-0.169448852539063 0.04345703125 0.0957412719726562 -0.0638427734375
-0.1781005859375 0.0778350830078125 0.139205932617187 -0.0422821044921875
-0.177474975585938 0.02056884765625 0.1629638671875 0.032196044921875
-0.176971435546875 -0.089202880859375 0.114990234375 0.0830230712890625
-0.080230712890625 -0.19146728515625 0.0175399780273438 0.122802734375
0.152572631835938 -0.199081420898438 -0.0654678344726562 0.0824432373046875
0.235015869140625 -0.0552520751953125 -0.0256538391113281 -0.0498733520507812
0.239974975585938 0.0814056396484375 0.207427978515625 0.0340576171875
0.0341033935546875 0.136917114257813 0.324676513671875 -0.076202392578125
0.10650634765625 0.114707946777344 0.2974853515625 -0.00640869140624999
0.167510986328125 -0.005950927734375 0.228103637695312 -0.0067138671875
0.0816879272460938 -0.0971832275390625 0.19476318359375 -0.06817626953125
-0.0169906616210938 -0.115333557128906 0.129615783691406 -0.09039306640625
-0.0981292724609375 -0.0496749877929688 0.0888671875 -0.0817413330078125
-0.108879089355469 0.0175704956054688 0.097442626953125 -0.0912933349609375
-0.1173095703125 0.0219345092773438 0.131996154785156 -0.0882339477539063
-0.133888244628906 0.044769287109375 0.182281494140625 -0.0680694580078125
-0.134796142578125 0.00469207763671872 0.206756591796875 0.02386474609375
-0.129508972167969 -0.0819320678710938 0.151626586914063 0.09344482421875
-0.0401611328125 -0.152557373046875 0.0453414916992187 0.139442443847656
0.147674560546875 -0.125396728515625 -0.0556869506835937 0.0982131958007812
0.184616088867187 0.0229644775390625 0.00965118408203126 -0.0441551208496094
0.1192626953125 0.131568908691406 0.260360717773438 0.0686492919921875
0.0214004516601562 -0.138694763183594 -0.27484130859375 -0.0421447753906251
-0.0902099609375 -0.050384521484375 -0.0329322814941406 0.0411529541015625
-0.0768051147460937 0.0449295043945313 0.0601882934570312 -0.110183715820313
-0.0017547607421875 0.0814437866210938 -0.0497894287109375 -0.186019897460938
0.0576553344726562 0.0529212951660156 -0.162872314453125 -0.12030029296875
0.072174072265625 -0.006591796875 -0.224807739257813 -0.013397216796875
0.0467681884765625 -0.0143280029296875 -0.19158935546875 0.096954345703125
0.0393028259277344 -0.000148773193359375 -0.140731811523438 0.105484008789063
0.0410346984863281 0.00526809692382813 -0.108474731445313 0.109703063964844
0.0221748352050781 0.0257072448730469 -0.113777160644531 0.0903778076171875
-0.0185203552246094 0.0374908447265625 -0.129829406738281 0.0873641967773437
-0.0795669555664063 0.00753021240234374 -0.177734375 0.068756103515625
-0.0592117309570312 -0.0863037109375 -0.219879150390625 -0.00132751464843752
0.0135726928710937 -0.140243530273438 -0.279571533203125 0.0238189697265625
0.0949554443359375 -0.15045166015625 -0.3199462890625 0.060821533203125
0.153976440429688 -0.14532470703125 -0.25701904296875 -0.0852050781250001
0.0106964111328125 -0.102142333984375 -0.0274219512939453 0.0238685607910156
-0.0345382690429687 -0.0600624084472656 0.0815658569335938 -0.129188537597656
-0.0325698852539063 -0.0029754638671875 -0.0362091064453125 -0.2117919921875
-0.0120620727539063 0.00905132293701172 -0.165130615234375 -0.147994995117188
0.000251770019531249 0.00620174407958984 -0.23284912109375 -0.022369384765625
-0.0157489776611328 0.0255508422851562 -0.194625854492187 0.09393310546875
-0.0301609039306641 0.0286102294921875 -0.134788513183594 0.0982818603515625
-0.0285987854003906 0.0382728576660156 -0.101768493652344 0.106773376464844
-0.0465469360351563 0.0220680236816406 -0.0995025634765625 0.0943756103515625
-0.07391357421875 -0.0127487182617188 -0.111343383789063 0.0904998779296875
-0.0887603759765625 -0.0779342651367188 -0.164840698242188 0.078369140625
0.0126800537109375 -0.160995483398438 -0.197189331054688 0.015533447265625
0.111679077148438 -0.172821044921875 -0.249786376953125 0.0306091308593749
0.222946166992188 -0.145248413085938 -0.270736694335938 0.04864501953125
0.270339965820313 -0.123001098632812 -0.19586181640625 -0.126174926757813
0.125007629394531 -0.130126953125 0.00580358505249024 0.00303173065185546
0.032440185546875 -0.1636962890625 0.119468688964844 -0.140274047851563
-0.0492477416992188 -0.101051330566406 -0.00115966796875001 -0.232162475585938
-0.0787887573242188 -0.0506134033203125 -0.142837524414063 -0.1768798828125
-0.0768585205078125 0.008941650390625 -0.217117309570313 -0.0399169921875
-0.08026123046875 0.0570831298828125 -0.17626953125 0.0761566162109375
-0.09637451171875 0.053619384765625 -0.108062744140625 0.0771560668945313
-0.0926589965820312 0.070526123046875 -0.0710220336914063 0.091094970703125
-0.108299255371094 0.028076171875 -0.0609817504882813 0.093658447265625
-0.128883361816406 -0.043121337890625 -0.0746612548828125 0.096038818359375
-0.112190246582031 -0.138420104980469 -0.137168884277344 0.095306396484375
0.0527191162109375 -0.226150512695313 -0.169662475585937 0.036865234375
0.175811767578125 -0.201065063476563 -0.208938598632812 0.0291595458984375
0.31280517578125 -0.13299560546875 -0.187820434570313 0.037445068359375
0.343231201171875 -0.0723876953125 -0.0926666259765625 -0.153305053710938
0.22723388671875 -0.123001098632813 0.0651817321777344 -0.0155067443847656
0.115966796875 -0.2364501953125 0.165664672851563 -0.136611938476563
-0.0411529541015625 -0.190414428710938 0.0515899658203125 -0.234085083007812
-0.124855041503906 -0.115615844726562 -0.09393310546875 -0.194595336914063
-0.14239501953125 -0.0010223388671875 -0.17376708984375 -0.0604705810546875
-0.134498596191406 0.0757598876953125 -0.136215209960937 0.0454483032226563
-0.148773193359375 0.070343017578125 -0.0649337768554688 0.0457382202148438
-0.141647338867187 0.0969085693359375 -0.024932861328125 0.0622711181640625
-0.153045654296875 0.03875732421875 -0.00828552246093751 0.0825347900390625
-0.173919677734375 -0.0555572509765625 -0.0265884399414063 0.0946426391601562
-0.134017944335938 -0.172637939453125 -0.0979156494140625 0.107749938964844
0.071685791015625 -0.265975952148438 -0.138496398925781 0.0546875
0.211029052734375 -0.212295532226563 -0.16314697265625 0.013885498046875
0.355712890625 -0.10760498046875 -0.0861053466796875 0.0242919921875
0.35333251953125 -0.00823974609375 0.031829833984375 -0.159622192382813
0.2860107421875 -0.077728271484375 0.137641906738281 -0.02545166015625
0.194229125976563 -0.2506103515625 0.207672119140625 -0.113723754882813
-0.00660705566406251 -0.243148803710938 0.10980224609375 -0.211273193359375
-0.13641357421875 -0.167373657226563 -0.0279693603515625 -0.191329956054688
-0.181442260742188 -0.0191192626953125 -0.108802795410156 -0.0768203735351563
-0.167282104492188 0.0792083740234375 -0.0800399780273438 0.0076904296875
-0.178878784179688 0.0756988525390625 -0.0132341384887695 0.00808048248291016
-0.171035766601562 0.110107421875 0.0284252166748047 0.0260963439941406
-0.17852783203125 0.0457611083984375 0.0493888854980469 0.062591552734375
-0.197189331054688 -0.061279296875 0.0234375 0.086181640625
-0.138748168945312 -0.186294555664063 -0.0546875 0.111160278320312
0.0891265869140625 -0.272232055664063 -0.107345581054688 0.0653076171875
0.227798461914063 -0.190399169921875 -0.117294311523438 -0.00995635986328124
0.3538818359375 -0.06402587890625 0.0195693969726563 0.0112133026123047
0.29632568359375 0.053497314453125 0.154388427734375 -0.145111083984375
0.281494140625 -0.009490966796875 0.207809448242188 -0.02691650390625
0.2354736328125 -0.201904296875 0.231689453125 -0.079010009765625
0.0366973876953125 -0.239395141601563 0.154510498046875 -0.166061401367188
-0.114089965820312 -0.18597412109375 0.03778076171875 -0.164901733398438
-0.185043334960938 -0.0359344482421875 -0.0343856811523438 -0.0833816528320313
-0.172653198242188 0.0699005126953125 -0.0165290832519531 -0.0309944152832031
-0.181198120117187 0.0700225830078125 0.038665771484375 -0.0314750671386719
-0.176849365234375 0.106826782226563 0.0808334350585937 -0.0135116577148437
-0.18231201171875 0.04412841796875 0.105522155761719 0.039276123046875
-0.1964111328125 -0.0668182373046875 0.070709228515625 0.0769119262695312
-0.122512817382813 -0.187942504882813 -0.0136337280273438 0.112579345703125
0.11175537109375 -0.249252319335937 -0.0800323486328125 0.0729446411132812
0.23223876953125 -0.138824462890625 -0.0729217529296875 -0.032989501953125
0.311737060546875 -0.005157470703125 0.117179870605469 0.006134033203125
0.184738159179688 0.101104736328125 0.24957275390625 -0.11767578125
0.217178344726563 0.0552825927734375 0.25897216796875 -0.02215576171875
0.222625732421875 -0.115280151367188 0.233230590820313 -0.0423583984375
0.0658416748046875 -0.184722900390625 0.177932739257813 -0.115554809570313
-0.072540283203125 -0.164352416992188 0.0879287719726563 -0.127250671386719
-0.154022216796875 -0.042938232421875 0.032928466796875 -0.0841293334960938
-0.148712158203125 0.05108642578125 0.0425300598144531 -0.065826416015625
-0.156982421875 0.0542755126953125 0.08489990234375 -0.06689453125
-0.16094970703125 0.0871124267578125 0.129096984863281 -0.04962158203125
-0.164688110351563 0.0326690673828125 0.157257080078125 0.0203704833984375
-0.173233032226563 -0.070465087890625 0.113563537597656 0.0738143920898438
-0.090911865234375 -0.174697875976563 0.0224685668945312 0.118110656738281
0.12890625 -0.20086669921875 -0.0588912963867188 0.0825119018554688
0.219757080078125 -0.06854248046875 -0.0307998657226562 -0.0450286865234375
0.234054565429688 0.059967041015625 0.196807861328125 0.0178375244140625
0.0409088134765625 0.127456665039063 0.298370361328125 -0.09075927734375
0.109786987304687 0.102081298828125 0.280670166015625 -0.0209808349609375
0.157623291015625 -0.0194091796875 0.217697143554688 -0.0186309814453125
0.0701065063476563 -0.0976943969726563 0.18145751953125 -0.077606201171875
-0.02508544921875 -0.10748291015625 0.116279602050781 -0.0949478149414063
-0.0970687866210937 -0.038665771484375 0.0794830322265625 -0.0833816528320313
-0.101272583007813 0.02569580078125 0.08551025390625 -0.0927200317382813
-0.109275817871094 0.0303268432617187 0.117515563964844 -0.0932464599609375
-0.121849060058594 0.0542984008789062 0.1678466796875 -0.0769500732421875
-0.1263427734375 0.015869140625 0.1988525390625 0.0087432861328125
-0.128448486328125 -0.06573486328125 0.148574829101562 0.081207275390625
-0.0506134033203125 -0.140396118164063 0.050079345703125 0.130867004394531
0.130020141601563 -0.131523132324219 -0.0479049682617188 0.0969772338867187
0.177490234375 0.0079193115234375 0.00248336791992188 -0.042266845703125
0.122772216796875 0.115730285644531 0.248672485351563 0.0470733642578125
0.0111618041992188 -0.132591247558594 -0.263961791992188 -0.025115966796875
-0.090606689453125 -0.0416412353515625 -0.0269241333007813 0.0412406921386719
-0.07061767578125 0.04833984375 0.0536880493164062 -0.109626770019531
0.005889892578125 0.0787811279296875 -0.05792236328125 -0.178268432617187
0.0607833862304688 0.0456962585449219 -0.162689208984375 -0.110214233398437
0.0676231384277344 -0.0136833190917969 -0.219985961914063 -0.00129699707031251
0.0421028137207031 -0.018096923828125 -0.180068969726563 0.10406494140625
0.0368804931640625 -0.00302886962890625 -0.129959106445312 0.109901428222656
0.0383491516113281 0.00133132934570313 -0.0980606079101563 0.11236572265625
0.0226459503173828 0.0212001800537109 -0.104591369628906 0.094268798828125
-0.0150032043457031 0.0350875854492188 -0.120681762695312 0.0927810668945313
-0.0738525390625 0.013214111328125 -0.168487548828125 0.07781982421875
-0.0605316162109375 -0.0781478881835938 -0.214096069335938 0.00856018066406253
0.00467681884765625 -0.135734558105469 -0.267181396484375 0.0348663330078125
0.08099365234375 -0.15045166015625 -0.301300048828125 0.073333740234375
0.137298583984375 -0.146621704101563 -0.250442504882813 -0.066741943359375
0.00423431396484376 -0.0975112915039062 -0.0216903686523438 0.0256500244140625
-0.0362167358398438 -0.0542716979980469 0.0725173950195313 -0.128364562988281
-0.0286674499511719 0.000164031982421879 -0.04547119140625 -0.204666137695313
-0.0083613395690918 0.00800418853759766 -0.166030883789063 -0.135772705078125
0.000321865081787109 0.00273561477661133 -0.227294921875 -0.00959777832031246
-0.0153598785400391 0.0235366821289063 -0.182464599609375 0.102294921875
-0.0282382965087891 0.0286521911621094 -0.124641418457031 0.103317260742187
-0.0259513854980469 0.0363883972167969 -0.0910186767578125 0.109504699707031
-0.0430679321289063 0.0210227966308594 -0.0901641845703125 0.0979995727539062
-0.069732666015625 -0.0105209350585937 -0.103256225585938 0.095245361328125
-0.0875473022460938 -0.0685653686523437 -0.156158447265625 0.0871734619140625
0.00451660156249999 -0.153900146484375 -0.19183349609375 0.02337646484375
0.0977630615234375 -0.170639038085938 -0.2386474609375 0.0407867431640625
0.20526123046875 -0.1524658203125 -0.255569458007813 0.0597381591796875
0.25030517578125 -0.131118774414063 -0.193984985351562 -0.108200073242188
0.112861633300781 -0.130836486816406 0.00914382934570313 0.00492668151855468
0.022003173828125 -0.157424926757813 0.108810424804688 -0.140777587890625
-0.050445556640625 -0.092529296875 -0.013031005859375 -0.225845336914063
-0.0757675170898438 -0.0446548461914062 -0.14605712890625 -0.164260864257813
-0.0724411010742187 0.009857177734375 -0.211517333984375 -0.0278472900390625
-0.0745315551757813 0.0573959350585938 -0.16522216796875 0.08392333984375
-0.0909957885742187 0.055877685546875 -0.100433349609375 0.08135986328125
-0.085174560546875 0.071258544921875 -0.0626754760742188 0.0921859741210937
-0.101333618164063 0.0299301147460938 -0.0531845092773438 0.0949249267578125
-0.124420166015625 -0.0362777709960938 -0.0676727294921875 0.098907470703125
-0.113265991210938 -0.126327514648438 -0.129318237304688 0.103096008300781
0.03955078125 -0.219497680664062 -0.1646728515625 0.043304443359375
0.158218383789063 -0.200927734375 -0.20050048828125 0.038055419921875
0.292724609375 -0.14495849609375 -0.177032470703125 0.045196533203125
0.323333740234375 -0.086578369140625 -0.09747314453125 -0.138542175292969
0.211624145507813 -0.1292724609375 0.0648040771484375 -0.0145378112792969
0.0973052978515625 -0.23309326171875 0.152984619140625 -0.139724731445313
-0.04779052734375 -0.179229736328125 0.03839111328125 -0.2303466796875
-0.124168395996094 -0.104202270507813 -0.101242065429688 -0.183609008789063
-0.135665893554688 0.00456237792968749 -0.170669555664063 -0.049468994140625
-0.125038146972656 0.0785064697265625 -0.128456115722656 0.0527877807617188
-0.140106201171875 0.0758590698242188 -0.0602493286132813 0.0487442016601563
-0.129959106445313 0.0994873046875 -0.0199775695800781 0.0622177124023438
-0.144210815429688 0.0436859130859375 -0.00231933593750002 0.0817413330078125
-0.167922973632813 -0.0447845458984375 -0.0208663940429688 0.09564208984375
-0.136871337890625 -0.157012939453125 -0.0912399291992188 0.113372802734375
0.0547332763671875 -0.259445190429688 -0.134086608886719 0.0597000122070312
0.191726684570313 -0.213638305664062 -0.15728759765625 0.02166748046875
0.33660888671875 -0.123687744140625 -0.0805740356445312 0.0272674560546875
0.336669921875 -0.02532958984375 0.021209716796875 -0.151031494140625
0.27154541015625 -0.0880279541015625 0.132942199707031 -0.0275344848632813
0.172073364257813 -0.250732421875 0.195449829101563 -0.119293212890625
-0.0189056396484375 -0.231887817382813 0.0953216552734375 -0.210983276367188
-0.1390380859375 -0.152740478515625 -0.037017822265625 -0.184249877929688
-0.17413330078125 -0.00993347167968752 -0.108634948730469 -0.0684814453125
-0.156021118164063 0.084197998046875 -0.0763473510742188 0.0132217407226562
-0.167953491210938 0.082977294921875 -0.0128860473632813 0.00923919677734376
-0.156997680664063 0.114669799804687 0.0290718078613281 0.0239200592041016
-0.167160034179688 0.05303955078125 0.0524826049804687 0.0592079162597656
-0.191177368164063 -0.0481719970703125 0.026153564453125 0.0853424072265625
-0.142562866210938 -0.170166015625 -0.0491409301757813 0.115028381347656
0.070587158203125 -0.267593383789063 -0.103324890136719 0.0679702758789062
0.20928955078125 -0.194442749023438 -0.115364074707031 -0.00296783447265628
0.336883544921875 -0.08172607421875 0.0195198059082031 0.00932693481445312
0.28594970703125 0.03704833984375 0.139083862304688 -0.143783569335937
0.271865844726563 -0.023101806640625 0.199600219726563 -0.0321044921875
0.21429443359375 -0.207489013671875 0.220199584960937 -0.0867767333984375
0.0229949951171875 -0.231582641601563 0.141143798828125 -0.169662475585938
-0.120025634765625 -0.1724853515625 0.02728271484375 -0.16143798828125
-0.178497314453125 -0.0250091552734375 -0.0369949340820312 -0.07916259765625
-0.161239624023438 0.076171875 -0.0178318023681641 -0.0279941558837891
-0.170989990234375 0.078338623046875 0.0349674224853515 -0.0319023132324219
-0.16265869140625 0.112991333007812 0.0776443481445312 -0.0173187255859375
-0.170516967773438 0.0517578125 0.105010986328125 0.0336456298828125
-0.190444946289063 -0.05224609375 0.0713958740234375 0.0736846923828125
-0.12786865234375 -0.172409057617188 -0.0095367431640625 0.113433837890625
0.0922698974609375 -0.24652099609375 -0.0766525268554688 0.0746078491210937
0.216796875 -0.145919799804687 -0.0752410888671875 -0.0268707275390625
0.299957275390625 -0.023345947265625 0.112060546875 -0.000267028808593751
0.182205200195313 0.08856201171875 0.230636596679687 -0.122604370117187
0.212875366210938 0.0423583984375 0.248260498046875 -0.0301513671875
0.207046508789062 -0.124099731445313 0.224075317382813 -0.0508880615234375
0.0538177490234375 -0.181137084960937 0.166473388671875 -0.121536254882813
-0.0792694091796875 -0.153884887695313 0.0774688720703125 -0.127494812011719
-0.150039672851563 -0.0324554443359375 0.0278549194335937 -0.082733154296875
-0.139228820800781 0.0579910278320313 0.0368423461914062 -0.0650138854980469
-0.148330688476563 0.0623016357421875 0.0766754150390625 -0.06866455078125
-0.147979736328125 0.0939178466796875 0.121841430664062 -0.0548095703125
-0.15472412109375 0.040740966796875 0.15386962890625 0.0116119384765625
-0.169403076171875 -0.0562744140625 0.112327575683594 0.0680160522460938
-0.0974273681640625 -0.161163330078125 0.0254898071289062 0.116020202636719
0.111984252929688 -0.202484130859375 -0.0550994873046875 0.082794189453125
0.207748413085938 -0.0789337158203125 -0.0357170104980469 -0.0407676696777344
0.228668212890625 0.04425048828125 0.188232421875 0.00665283203125
0.046478271484375 0.121177673339844 0.278732299804688 -0.0991973876953125
0.112068176269531 0.0924530029296875 0.268646240234375 -0.0308380126953125
0.150054931640625 -0.0291748046875 0.211166381835938 -0.027008056640625
0.0615081787109375 -0.0980987548828125 0.172760009765625 -0.0845184326171875
-0.0310745239257813 -0.101936340332031 0.10662841796875 -0.09808349609375
-0.0959243774414063 -0.0305557250976563 0.0727996826171875 -0.0844802856445313
-0.0950546264648438 0.0318069458007813 0.0762939453125 -0.0937652587890625
-0.103996276855469 0.0374908447265625 0.106826782226563 -0.095916748046875
-0.112709045410156 0.061676025390625 0.15704345703125 -0.0837554931640625
-0.119308471679688 0.0235137939453125 0.192535400390625 -0.0023040771484375
-0.126976013183594 -0.0541152954101563 0.146759033203125 0.0724945068359375
-0.0586090087890625 -0.130950927734375 0.0531845092773437 0.125762939453125
0.115676879882812 -0.135856628417969 -0.043487548828125 0.0967788696289063
0.172225952148438 -0.004058837890625 -0.00384140014648436 -0.0396537780761719
0.125015258789063 0.103782653808594 0.2392578125 0.032012939453125
0.0018157958984375 -0.128753662109375 -0.258132934570313 -0.00817871093749997
-0.0921478271484375 -0.033721923828125 -0.0208892822265625 0.0420303344726562
-0.0659408569335938 0.0529289245605469 0.0478286743164063 -0.110870361328125
0.0130233764648437 0.0764923095703125 -0.0664520263671875 -0.173385620117188
0.0644073486328125 0.0384025573730469 -0.166107177734375 -0.101058959960937
0.0631599426269531 -0.0196075439453125 -0.217636108398437 0.0113067626953125
0.038055419921875 -0.0208396911621094 -0.171005249023438 0.113601684570312
0.0348548889160156 -0.00620079040527344 -0.120628356933594 0.117233276367188
0.0364875793457031 -0.00252914428710937 -0.0876617431640625 0.11639404296875
0.0232753753662109 0.0170021057128906 -0.0969467163085938 0.0996246337890625
-0.0115528106689453 0.0338630676269531 -0.113853454589844 0.0998382568359375
-0.0689506530761719 0.0186271667480469 -0.161270141601563 0.087249755859375
-0.0631637573242188 -0.071380615234375 -0.211532592773438 0.0188751220703125
-0.00451660156249999 -0.132423400878906 -0.2593994140625 0.04736328125
0.06817626953125 -0.152069091796875 -0.28839111328125 0.0869140625
0.124420166015625 -0.149810791015625 -0.247482299804688 -0.0485382080078125
-0.00234222412109376 -0.0938339233398437 -0.0165195465087891 0.0269603729248047
-0.0383338928222656 -0.0493659973144531 0.0654678344726563 -0.130561828613281
-0.0250358581542969 0.00247573852539062 -0.0562591552734375 -0.199783325195313
-0.00561285018920898 0.00613975524902344 -0.170928955078125 -0.126724243164063
-0.000422865152359009 -0.00030207633972168 -0.224517822265625 0.00378417968749995
-0.0150833129882813 0.0223445892333984 -0.173065185546875 0.111648559570313
-0.0271282196044922 0.0287036895751953 -0.115692138671875 0.110107421875
-0.0241889953613281 0.0351066589355469 -0.08172607421875 0.113792419433594
-0.0409698486328125 0.0200042724609375 -0.0822601318359375 0.102363586425781
-0.0677337646484375 -0.00811767578125001 -0.0968170166015625 0.102027893066406
-0.0873565673828125 -0.0614547729492188 -0.149063110351563 0.09686279296875
-0.002899169921875 -0.150146484375 -0.190093994140625 0.032257080078125
0.0859375 -0.171493530273438 -0.2322998046875 0.0514984130859375
0.189849853515625 -0.161483764648438 -0.244552612304688 0.0712127685546874
0.235107421875 -0.141128540039062 -0.19512939453125 -0.09210205078125
0.102745056152344 -0.13311767578125 0.0122585296630859 0.00642395019531249
0.0113372802734375 -0.153854370117188 0.0994415283203125 -0.144302368164063
-0.0525665283203125 -0.0861282348632813 -0.025146484375 -0.222930908203125
-0.0744476318359375 -0.0403289794921875 -0.153030395507813 -0.154830932617188
-0.0699043273925781 0.0111732482910156 -0.21026611328125 -0.0152435302734375
-0.0699539184570313 0.0589714050292969 -0.157211303710938 0.093048095703125
-0.0863571166992188 0.0600814819335938 -0.0937576293945313 0.0872421264648438
-0.0795364379882813 0.0729522705078125 -0.055206298828125 0.0954360961914062
-0.0969314575195313 0.0322494506835937 -0.045989990234375 0.0980148315429688
-0.122314453125 -0.0304641723632812 -0.0616683959960938 0.103919982910156
-0.116050720214844 -0.116622924804688 -0.122123718261719 0.11279296875
0.026611328125 -0.216232299804687 -0.162765502929687 0.0506744384765625
0.143722534179687 -0.204421997070313 -0.194931030273438 0.0473785400390625
0.27655029296875 -0.160430908203125 -0.169601440429687 0.05255126953125
0.3092041015625 -0.101959228515625 -0.103225708007813 -0.126556396484375
0.199844360351563 -0.137496948242188 0.0655746459960938 -0.0148239135742188
0.080535888671875 -0.232498168945313 0.142791748046875 -0.144485473632813
-0.055877685546875 -0.171051025390625 0.024658203125 -0.230667114257812
-0.126007080078125 -0.0949325561523438 -0.109085083007812 -0.176284790039063
-0.131202697753906 0.00990295410156249 -0.170547485351563 -0.039398193359375
-0.117332458496094 0.0827560424804688 -0.122169494628906 0.0605010986328125
-0.133934020996094 0.0825271606445312 -0.0568733215332031 0.0521774291992188
-0.121070861816406 0.10400390625 -0.0150413513183594 0.0632362365722656
-0.137054443359375 0.04913330078125 0.00351715087890624 0.081787109375
-0.165008544921875 -0.03546142578125 -0.0156173706054688 0.098541259765625
-0.141525268554687 -0.145751953125 -0.0843582153320313 0.121543884277344
0.038909912109375 -0.257247924804688 -0.132621765136719 0.0658950805664062
0.175704956054688 -0.218765258789062 -0.154708862304688 0.030029296875
0.32183837890625 -0.141357421875 -0.0767669677734375 0.0301513671875
0.326324462890625 -0.042755126953125 0.010955810546875 -0.14471435546875
0.26123046875 -0.101303100585938 0.130744934082031 -0.031036376953125
0.152938842773438 -0.255386352539063 0.185195922851563 -0.126724243164063
-0.030059814453125 -0.224334716796875 0.0820465087890625 -0.2144775390625
-0.144302368164062 -0.141983032226563 -0.046600341796875 -0.17950439453125
-0.16961669921875 -0.00117492675781249 -0.110374450683594 -0.0610580444335937
-0.147186279296875 0.09033203125 -0.07366943359375 0.0189056396484375
-0.160263061523437 0.0925445556640625 -0.0129880905151367 0.0109586715698242
-0.1455078125 0.121139526367188 0.0306434631347656 0.0228061676025391
-0.15936279296875 0.0598297119140625 0.0562629699707031 0.0562667846679688
-0.187759399414063 -0.036590576171875 0.0300674438476562 0.0854568481445313
-0.148895263671875 -0.157577514648438 -0.0433273315429688 0.120811462402344
0.0525665283203125 -0.266159057617188 -0.101356506347656 0.0735931396484375
0.194000244140625 -0.2012939453125 -0.115638732910156 0.0040435791015625
0.32452392578125 -0.10137939453125 0.0197811126708985 0.00737762451171874
0.281143188476562 0.02166748046875 0.1263427734375 -0.14404296875
0.265701293945313 -0.037933349609375 0.195358276367188 -0.03857421875
0.1982421875 -0.216323852539063 0.2122802734375 -0.0955047607421875
0.0101318359375 -0.227630615234375 0.129714965820312 -0.175933837890625
-0.127685546875 -0.16192626953125 0.0175018310546875 -0.160934448242188
-0.17529296875 -0.014434814453125 -0.0404891967773438 -0.07562255859375
-0.152114868164063 0.0838623046875 -0.0188789367675781 -0.025115966796875
-0.1630859375 0.088470458984375 0.0312271118164062 -0.032470703125
-0.151214599609375 0.120697021484375 0.075347900390625 -0.0210800170898437
-0.1627197265625 0.06005859375 0.106552124023437 0.0275039672851563
-0.18780517578125 -0.0394439697265625 0.0736312866210937 0.0717849731445312
-0.135330200195313 -0.15966796875 -0.00423431396484375 0.116744995117187
0.07427978515625 -0.248214721679688 -0.0742645263671875 0.0783538818359375
0.203933715820313 -0.155502319335938 -0.0775909423828125 -0.0213241577148438
0.292266845703125 -0.040863037109375 0.108604431152344 -0.00738525390625
0.182891845703125 0.0774688720703125 0.216201782226563 -0.1287841796875
0.212295532226563 0.0303955078125 0.241973876953125 -0.0390777587890625
0.195159912109375 -0.135223388671875 0.218490600585938 -0.060943603515625
0.042388916015625 -0.180755615234375 0.15753173828125 -0.130126953125
-0.088104248046875 -0.14593505859375 0.0688552856445313 -0.130165100097656
-0.148757934570313 -0.0230865478515625 0.0231704711914062 -0.0829315185546875
-0.132026672363281 0.0653457641601563 0.0322341918945312 -0.0649871826171875
-0.14178466796875 0.0717620849609375 0.0700912475585937 -0.0717391967773437
-0.137748718261719 0.102188110351563 0.116157531738281 -0.0610733032226562
-0.1475830078125 0.049774169921875 0.152664184570313 0.0028076171875
-0.167877197265625 -0.043670654296875 0.11370849609375 0.0635986328125
-0.106033325195313 -0.149826049804688 0.0301284790039063 0.116401672363281
0.0955352783203125 -0.205947875976562 -0.0520248413085937 0.0849456787109375
0.199386596679688 -0.0908203125 -0.0406494140625 -0.0367240905761719
0.226211547851563 0.0290374755859375 0.183517456054687 -0.0042877197265625
0.05255126953125 0.117317199707031 0.264572143554687 -0.10894775390625
0.116348266601563 0.084197998046875 0.261444091796875 -0.041473388671875
0.1451416015625 -0.039947509765625 0.208236694335938 -0.0369720458984375
0.054595947265625 -0.100181579589844 0.166275024414063 -0.0934600830078125
-0.0388412475585938 -0.097869873046875 0.0993423461914063 -0.103271484375
-0.096099853515625 -0.0231475830078125 0.0671463012695312 -0.0878524780273437
-0.090057373046875 0.0379409790039063 0.0685501098632812 -0.09613037109375
-0.0990142822265625 0.0447158813476563 0.0975570678710937 -0.100387573242188
-0.10498046875 0.0684661865234375 0.1485595703125 -0.0916290283203125
-0.11444091796875 0.0317230224609375 0.189849853515625 -0.0137176513671875
-0.127662658691406 -0.0434951782226562 0.147064208984375 0.0649871826171875
-0.0661468505859375 -0.123725891113281 0.0572509765625 0.123863220214844
0.103103637695313 -0.142044067382813 -0.0394821166992187 0.0976943969726562
0.168853759765625 -0.016265869140625 -0.00944900512695312 -0.0376052856445313
0.129058837890625 0.09417724609375 0.234420776367188 0.01763916015625
-0.00801849365234376 -0.124778747558594 -0.25244140625 0.0112457275390625
-0.0931854248046875 -0.0244903564453125 -0.0149192810058594 0.0429496765136719
-0.0598983764648437 0.058563232421875 0.0413818359375 -0.11322021484375
0.0216751098632812 0.0735702514648438 -0.078155517578125 -0.167526245117188
0.0667686462402344 0.0297470092773438 -0.171173095703125 -0.0894927978515625
0.058746337890625 -0.0260963439941406 -0.214065551757813 0.0274200439453125
0.0336151123046875 -0.0237064361572266 -0.159332275390625 0.125
0.0327491760253906 -0.00909614562988281 -0.108650207519531 0.125244140625
0.0339202880859375 -0.00634384155273438 -0.0760421752929687 0.120994567871094
0.0230464935302734 0.0123424530029297 -0.0877151489257812 0.105491638183594
-0.00831031799316406 0.0323009490966797 -0.1046142578125 0.108787536621094
-0.0638084411621094 0.0242881774902344 -0.151962280273438 0.099090576171875
-0.066497802734375 -0.0637092590332031 -0.208770751953125 0.032989501953125
-0.0152816772460937 -0.128639221191406 -0.251449584960938 0.062408447265625
0.053192138671875 -0.153839111328125 -0.273040771484375 0.1043701171875
0.110092163085938 -0.154266357421875 -0.244369506835938 -0.0276641845703126
-0.00972747802734376 -0.0898590087890625 -0.0114688873291016 0.028289794921875
-0.0412254333496094 -0.0435104370117187 0.05596923828125 -0.132949829101563
-0.0210227966308594 0.00444412231445312 -0.070098876953125 -0.193649291992188
-0.00307106971740723 0.00435233116149902 -0.178421020507813 -0.112899780273438
-0.0018150806427002 -0.00228333473205566 -0.22174072265625 0.01983642578125
-0.0146102905273438 0.0219612121582031 -0.161163330078125 0.123931884765625
-0.0257015228271484 0.0299091339111328 -0.104583740234375 0.118949890136719
-0.0221786499023437 0.0351142883300781 -0.0700225830078125 0.118659973144531
-0.0389862060546875 0.019866943359375 -0.0729446411132812 0.108085632324219
-0.0660018920898438 -0.00501632690429688 -0.0880661010742188 0.109764099121094
-0.0876312255859375 -0.05316162109375 -0.139556884765625 0.109092712402344
-0.01300048828125 -0.145858764648438 -0.186935424804688 0.0447845458984375
0.0704193115234375 -0.172760009765625 -0.224411010742187 0.0655364990234375
0.172119140625 -0.17254638671875 -0.23284912109375 0.086029052734375
0.219161987304687 -0.1541748046875 -0.196517944335938 -0.07305908203125
0.0902786254882813 -0.136734008789063 0.016265869140625 0.0073251724243164
-0.000595092773437511 -0.150039672851563 0.0883331298828125 -0.148590087890625
-0.0546340942382813 -0.0797195434570312 -0.0413970947265625 -0.218963623046875
-0.0744781494140625 -0.0352859497070313 -0.162261962890625 -0.143142700195313
-0.0679473876953125 0.0134048461914063 -0.208892822265625 0.00035095214843746
-0.0650711059570313 0.0618743896484375 -0.145858764648437 0.104537963867188
-0.081268310546875 0.065277099609375 -0.0850372314453125 0.0944442749023438
-0.0731887817382813 0.0759658813476562 -0.0457763671875 0.0992050170898438
-0.0926666259765625 0.0362625122070313 -0.03680419921875 0.100967407226562
-0.12139892578125 -0.0225906372070312 -0.0528717041015625 0.110099792480469
-0.120018005371094 -0.105201721191406 -0.112312316894531 0.123802185058594
0.010986328125 -0.213729858398438 -0.159774780273438 0.0619964599609375
0.125823974609375 -0.209564208984375 -0.188888549804687 0.0597686767578125
0.257720947265625 -0.177520751953125 -0.1605224609375 0.06329345703125
0.29486083984375 -0.12152099609375 -0.110038757324219 -0.11279296875
0.18597412109375 -0.149215698242187 0.0662918090820313 -0.0161781311035156
0.0606536865234375 -0.232803344726563 0.131698608398438 -0.1517333984375
-0.06512451171875 -0.162582397460938 0.007232666015625 -0.23040771484375
-0.129318237304688 -0.0840377807617188 -0.1214599609375 -0.167282104492188
-0.127861022949219 0.017364501953125 -0.1715087890625 -0.0260772705078125
-0.108688354492187 0.088897705078125 -0.114479064941406 0.0703125
-0.124992370605469 0.0919418334960938 -0.0519256591796875 0.0575141906738281
-0.111015319824219 0.109779357910156 -0.00916290283203126 0.0644950866699219
-0.130027770996094 0.056121826171875 0.0109100341796875 0.0813446044921875
-0.1630859375 -0.0240936279296875 -0.00866699218750001 0.101959228515625
-0.148086547851563 -0.132186889648438 -0.0740890502929688 0.13116455078125
0.018829345703125 -0.254714965820313 -0.12933349609375 0.0750961303710937
0.156463623046875 -0.225997924804687 -0.151336669921875 0.040557861328125
0.302886962890625 -0.163360595703125 -0.072418212890625 0.0348052978515625
0.316009521484375 -0.064178466796875 -0.00019836425781247 -0.138923645019531
0.249374389648438 -0.118011474609375 0.128555297851563 -0.0362777709960938
0.129592895507812 -0.261581420898438 0.17413330078125 -0.137115478515625
-0.0445098876953125 -0.217422485351563 0.0648956298828125 -0.21868896484375
-0.151199340820313 -0.128402709960938 -0.0601348876953125 -0.174453735351563
-0.166015625 0.00994873046875 -0.113059997558594 -0.0521087646484375
-0.136917114257812 0.0990982055664063 -0.0698318481445313 0.0257835388183594
-0.150436401367188 0.104080200195312 -0.0120763778686524 0.0129070281982422
-0.13299560546875 0.12921142578125 0.0325469970703125 0.0206184387207031
-0.150619506835938 0.06878662109375 0.0608024597167969 0.0520858764648438
-0.185089111328125 -0.0222930908203125 0.0364303588867187 0.0859832763671875
-0.156951904296875 -0.142623901367188 -0.0341873168945313 0.127479553222656
0.0316009521484375 -0.265411376953125 -0.0978851318359375 0.0810089111328125
0.175247192382813 -0.211532592773438 -0.11517333984375 0.0131683349609375
0.309326171875 -0.123870849609375 0.0196971893310547 0.00554466247558593
0.277175903320313 0.0024566650390625 0.111572265625 -0.146469116210938
0.259002685546875 -0.0566253662109375 0.190841674804688 -0.0484161376953125
0.176803588867188 -0.227310180664063 0.203201293945312 -0.108306884765625
-0.00604248046874999 -0.223556518554688 0.114288330078125 -0.183990478515625
-0.137527465820312 -0.1490478515625 0.00492858886718749 -0.160293579101563
-0.1729736328125 -0.00195312499999999 -0.0452880859375 -0.0715255737304687
-0.141632080078125 0.0933837890625 -0.0195674896240234 -0.0220699310302734
-0.153289794921875 0.100723266601562 0.0275001525878906 -0.0332317352294922
-0.137825012207031 0.129661560058594 0.0726089477539062 -0.0261764526367187
-0.1534423828125 0.070404052734375 0.108230590820313 0.020111083984375
-0.185440063476563 -0.02392578125 0.0781173706054688 0.0690994262695313
-0.144058227539063 -0.145401000976563 0.00360107421874999 0.120292663574219
0.0527801513671875 -0.249755859375 -0.0701141357421875 0.0834274291992187
0.18841552734375 -0.167938232421875 -0.0803604125976562 -0.01409912109375
0.2818603515625 -0.062744140625 0.105209350585938 -0.0149154663085938
0.1861572265625 0.0644683837890625 0.201095581054688 -0.137710571289063
0.211654663085938 0.0137786865234375 0.2357177734375 -0.0518341064453125
0.181015014648438 -0.1488037109375 0.21258544921875 -0.074371337890625
0.02850341796875 -0.180999755859375 0.145706176757813 -0.140380859375
-0.098297119140625 -0.136184692382812 0.058074951171875 -0.134010314941406
-0.147369384765625 -0.010498046875 0.0170745849609375 -0.0838165283203125
-0.123023986816406 0.07525634765625 0.026885986328125 -0.06549072265625
-0.133125305175781 0.0834579467773438 0.0620880126953125 -0.0751266479492188
-0.125442504882813 0.111534118652344 0.109199523925781 -0.069061279296875
-0.139503479003906 0.0600357055664063 0.151168823242188 -0.0084228515625
-0.166473388671875 -0.02825927734375 0.116424560546875 0.0575408935546875
-0.115867614746094 -0.137359619140625 0.0372390747070313 0.116043090820313
0.0757904052734375 -0.211181640625 -0.0476913452148437 0.0885543823242188
0.188796997070313 -0.104705810546875 -0.0455513000488281 -0.0320854187011719
0.223434448242188 0.0106353759765625 0.17803955078125 -0.0174102783203125
0.0614089965820313 0.112106323242187 0.248916625976563 -0.121978759765625
0.12158203125 0.0729598999023438 0.253738403320313 -0.0561676025390625
0.138565063476563 -0.0524139404296875 0.204498291015625 -0.04998779296875
0.0453567504882812 -0.103179931640625 0.157440185546875 -0.105697631835937
-0.047149658203125 -0.0921173095703125 0.0904083251953125 -0.109375
-0.0964431762695313 -0.0140533447265625 0.060028076171875 -0.0917892456054688
-0.084136962890625 0.0459060668945313 0.0594329833984375 -0.0987014770507812
-0.093017578125 0.0535888671875 0.0862350463867188 -0.10577392578125
-0.095977783203125 0.0774383544921875 0.138282775878906 -0.101226806640625
-0.108497619628906 0.0408477783203125 0.186294555664063 -0.02783203125
-0.127983093261719 -0.0309906005859375 0.149688720703125 0.05572509765625
-0.0755996704101563 -0.114433288574219 0.0646514892578125 0.120277404785156
0.0879669189453125 -0.14892578125 -0.0333099365234375 0.100021362304687
0.164505004882813 -0.0310821533203125 -0.0154762268066406 -0.0349388122558594
0.133102416992188 0.082305908203125 0.22918701171875 0.000625610351562505
-0.0191879272460938 -0.118217468261719 -0.24078369140625 0.0336761474609375
-0.0920562744140625 -0.0131378173828125 -0.00790786743164063 0.0423049926757813
-0.0514030456542969 0.0630950927734375 0.0320816040039063 -0.113929748535156
0.0295982360839844 0.0671234130859375 -0.089385986328125 -0.156265258789063
0.0677413940429688 0.0198249816894531 -0.174423217773437 -0.073638916015625
0.0519981384277344 -0.0317611694335938 -0.205474853515625 0.0449676513671875
0.0285835266113281 -0.0255622863769531 -0.142791748046875 0.135391235351563
0.0296230316162109 -0.0125274658203125 -0.09259033203125 0.13140869140625
0.0306205749511719 -0.0104122161865234 -0.06085205078125 0.123603820800781
0.0217742919921875 0.00813865661621094 -0.0755844116210938 0.110404968261719
-0.00481605529785156 0.03033447265625 -0.0919036865234375 0.1158447265625
-0.057098388671875 0.0294761657714844 -0.137626647949219 0.109725952148437
-0.0682907104492188 -0.05511474609375 -0.201080322265625 0.0487060546875
-0.0269088745117188 -0.121543884277344 -0.237396240234375 0.07879638671875
0.0359954833984375 -0.15191650390625 -0.251754760742188 0.121124267578125
0.0918121337890625 -0.156936645507813 -0.236190795898438 -0.00413513183593747
-0.01763916015625 -0.08355712890625 -0.00509834289550781 0.0290279388427734
-0.0424575805664062 -0.0363235473632813 0.0449981689453125 -0.133316040039063
-0.0168294906616211 0.00535011291503906 -0.0846710205078125 -0.182525634765625
-0.00159692764282227 0.00216960906982422 -0.18255615234375 -0.0959320068359375
-0.00327825546264648 -0.00424814224243164 -0.2137451171875 0.038970947265625
-0.0132007598876953 0.0217170715332031 -0.144317626953125 0.13470458984375
-0.0232467651367188 0.0306816101074219 -0.0895156860351563 0.125297546386719
-0.0198383331298828 0.0343112945556641 -0.0553817749023438 0.121223449707031
-0.037353515625 0.0197372436523438 -0.0602493286132812 0.111907958984375
-0.0637626647949219 -0.00152587890624999 -0.075439453125 0.116172790527344
-0.0868911743164063 -0.043426513671875 -0.125083923339844 0.119842529296875
-0.0240402221679687 -0.138961791992188 -0.179397583007812 0.05859375
0.0531158447265625 -0.170928955078125 -0.2115478515625 0.080169677734375
0.148849487304688 -0.179824829101563 -0.214645385742188 0.100906372070312
0.19659423828125 -0.165496826171875 -0.193939208984375 -0.051239013671875
0.0747833251953125 -0.138160705566406 0.0196571350097656 0.0072498321533203
-0.0135040283203125 -0.142227172851563 0.074310302734375 -0.151016235351563
-0.056671142578125 -0.072235107421875 -0.058685302734375 -0.20947265625
-0.073333740234375 -0.028717041015625 -0.170791625976563 -0.125457763671875
-0.0654182434082031 0.016632080078125 -0.20245361328125 0.0186614990234375
-0.0577316284179688 0.063934326171875 -0.130783081054688 0.1143798828125
-0.0735244750976562 0.0703048706054688 -0.0733718872070313 0.100334167480469
-0.0647964477539063 0.0782318115234375 -0.0337982177734375 0.100761413574219
-0.0866775512695312 0.0403671264648437 -0.0256423950195312 0.102066040039062
-0.118087768554687 -0.0140151977539063 -0.0413360595703125 0.114082336425781
-0.123489379882813 -0.0912857055664062 -0.0975265502929688 0.133224487304688
-0.00726318359374998 -0.20684814453125 -0.15240478515625 0.0737457275390625
0.103057861328125 -0.211685180664063 -0.178207397460938 0.0724029541015625
0.231048583984375 -0.193435668945313 -0.147857666015625 0.0733795166015625
0.272308349609375 -0.14080810546875 -0.11444091796875 -0.095794677734375
0.166290283203125 -0.1588134765625 0.0657386779785157 -0.0189018249511719
0.0379638671875 -0.227584838867188 0.115325927734375 -0.157363891601563
-0.074188232421875 -0.150466918945313 -0.0135498046875 -0.224899291992188
-0.131263732910156 -0.070587158203125 -0.132598876953125 -0.152313232421875
-0.121665954589844 0.0261611938476563 -0.168533325195313 -0.0101165771484375
-0.097320556640625 0.0939559936523438 -0.102622985839844 0.0783157348632813
-0.113067626953125 0.100204467773437 -0.0450515747070312 0.0616874694824219
-0.0975494384765625 0.114646911621094 -0.00199127197265625 0.0638275146484375
-0.120811462402344 0.0628280639648437 0.0192184448242187 0.0786819458007813
-0.158294677734375 -0.011138916015625 0.000968933105468739 0.1026611328125
-0.15252685546875 -0.114364624023438 -0.0597991943359375 0.137863159179688
-0.00382995605468752 -0.247268676757813 -0.121971130371094 0.084686279296875
0.131317138671875 -0.2298583984375 -0.143875122070313 0.051513671875
0.276458740234375 -0.183624267578125 -0.0661697387695313 0.0386390686035156
0.299224853515625 -0.087738037109375 -0.0118560791015625 -0.129196166992187
0.230575561523438 -0.135238647460938 0.124336242675781 -0.0428695678710938
0.101104736328125 -0.262680053710938 0.1578369140625 -0.146286010742188
-0.0597991943359375 -0.20556640625 0.043487548828125 -0.21820068359375
-0.156707763671875 -0.110687255859375 -0.07440185546875 -0.165176391601563
-0.158843994140625 0.022705078125 -0.114479064941406 -0.0409698486328125
-0.122451782226563 0.106605529785156 -0.0638504028320313 0.031707763671875
-0.135627746582031 0.114952087402344 -0.0105314254760742 0.0147190093994141
-0.116706848144531 0.135833740234375 0.0337638854980469 0.0177764892578125
-0.138420104980469 0.077911376953125 0.0647010803222656 0.0456123352050781
-0.178985595703125 -0.00646972656249998 0.0431137084960937 0.0838699340820313
-0.16229248046875 -0.123748779296875 -0.0213394165039063 0.130752563476562
0.00601196289062501 -0.25860595703125 -0.091339111328125 0.0880889892578125
0.15118408203125 -0.218551635742188 -0.112159729003906 0.0228729248046875
0.286285400390625 -0.14697265625 0.0190315246582031 0.00324821472167968
0.268295288085937 -0.020172119140625 0.09515380859375 -0.146087646484375
0.245849609375 -0.076385498046875 0.18170166015625 -0.058746337890625
0.149459838867188 -0.235031127929688 0.188003540039063 -0.120361328125
-0.024139404296875 -0.2154541015625 0.09454345703125 -0.189208984375
-0.145797729492188 -0.131454467773438 -0.0100250244140625 -0.1568603515625
-0.166717529296875 0.0126190185546875 -0.0499763488769531 -0.0661544799804688
-0.127174377441406 0.102149963378906 -0.0196075439453125 -0.0187015533447266
-0.138092041015625 0.112060546875 0.0233383178710937 -0.033416748046875
-0.1204833984375 0.137596130371094 0.0681343078613281 -0.0310592651367187
-0.140228271484375 0.0801925659179688 0.107345581054687 0.00974273681640626
-0.179519653320313 -0.00704956054687503 0.0819549560546875 0.0632095336914063
-0.151229858398438 -0.126983642578125 0.0148773193359375 0.120536804199219
0.0273590087890625 -0.245529174804688 -0.0638275146484375 0.08843994140625
0.167449951171875 -0.178787231445313 -0.081085205078125 -0.00579071044921875
0.265289306640625 -0.085174560546875 0.0994110107421875 -0.0236968994140625
0.186233520507813 0.0474700927734375 0.180740356445313 -0.14532470703125
0.20648193359375 -0.0058441162109375 0.224227905273438 -0.066680908203125
0.1605224609375 -0.161224365234375 0.200363159179688 -0.0895538330078125
0.0121307373046875 -0.177474975585938 0.128982543945313 -0.14947509765625
-0.107490539550781 -0.121902465820312 0.0447158813476562 -0.135757446289063
-0.143173217773438 0.00317382812499998 0.00966644287109375 -0.0830230712890625
-0.110343933105469 0.0829315185546875 0.0208892822265625 -0.0646095275878906
-0.120262145996094 0.0941238403320313 0.0525741577148437 -0.0770416259765625
-0.109397888183594 0.119468688964844 0.0992965698242188 -0.0760269165039062
-0.127822875976563 0.07012939453125 0.146636962890625 -0.0215301513671875
-0.161834716796875 -0.012176513671875 0.118019104003906 0.0485153198242187
-0.123428344726562 -0.121269226074219 0.0461807250976562 0.113265991210937
0.0517730712890625 -0.210494995117188 -0.040557861328125 0.0911178588867187
0.172149658203125 -0.119094848632813 -0.0493698120117187 -0.0256805419921875
0.214950561523438 -0.009429931640625 0.1685791015625 -0.031768798828125
0.0702438354492188 0.103904724121094 0.22882080078125 -0.134201049804688
0.125083923339844 0.0587158203125 0.240570068359375 -0.071746826171875
0.127883911132813 -0.0650482177734375 0.195892333984375 -0.064910888671875
0.0338287353515625 -0.104141235351563 0.144149780273438 -0.116714477539062
-0.0550613403320313 -0.08380126953125 0.0779800415039063 -0.114936828613281
-0.0938949584960938 -0.00347900390624998 0.0506744384765625 -0.0950088500976563
-0.0748672485351563 0.0527420043945313 0.0488204956054688 -0.100265502929688
-0.0838546752929688 0.0620956420898438 0.0726394653320313 -0.109100341796875
-0.0836181640625 0.084381103515625 0.124183654785156 -0.110610961914063
-0.100120544433594 0.0495376586914063 0.177536010742188 -0.043670654296875
-0.125289916992188 -0.0167999267578125 0.149826049804688 0.0440216064453125
-0.083740234375 -0.102210998535156 0.0727920532226563 0.114006042480469
0.0692138671875 -0.152359008789063 -0.0253753662109375 0.100700378417969
0.155166625976562 -0.04620361328125 -0.0211944580078125 -0.0314598083496094
0.135749816894531 0.0673904418945313 0.219512939453125 -0.018707275390625
-0.0271224975585937 -0.108787536621094 -0.222274780273437 0.05035400390625
-0.0868988037109375 -0.00287628173828126 -0.00181961059570313 0.0395965576171875
-0.041412353515625 0.064849853515625 0.0229415893554687 -0.111160278320312
0.0354232788085937 0.0589485168457031 -0.096282958984375 -0.142044067382812
0.0655097961425781 0.0109062194824219 -0.171218872070313 -0.05767822265625
0.0446891784667969 -0.0347480773925781 -0.19110107421875 0.0588836669921875
0.0231838226318359 -0.0266265869140625 -0.124038696289063 0.139656066894531
0.0252933502197266 -0.0144367218017578 -0.0750503540039063 0.132011413574219
0.0262737274169922 -0.0132007598876953 -0.0463638305664063 0.120697021484375
0.0194969177246094 0.00423049926757813 -0.06243896484375 0.110893249511719
-0.00187873840332031 0.0272274017333984 -0.0770950317382812 0.117973327636719
-0.0490150451660156 0.032379150390625 -0.121505737304688 0.11444091796875
-0.0674972534179688 -0.0455322265625 -0.187240600585937 0.0600738525390625
-0.0360260009765625 -0.110733032226562 -0.218109130859375 0.0902099609375
0.0195159912109375 -0.144058227539063 -0.225479125976563 0.129547119140625
0.0735321044921875 -0.153549194335938 -0.220504760742188 0.0154266357421875
-0.0228424072265625 -0.0754623413085938 0.000516891479492186 0.0277290344238281
-0.0417289733886719 -0.0294647216796875 0.0337677001953125 -0.130195617675781
-0.0127506256103516 0.00473785400390625 -0.0941619873046875 -0.166915893554688
-0.000845909118652344 2.13980674743654E-05 -0.18121337890625 -0.0778656005859375
-0.00480794906616211 -0.00512886047363281 -0.19866943359375 0.0541229248046875
-0.0125694274902344 0.0206050872802734 -0.12396240234375 0.138946533203125
-0.0205478668212891 0.0305137634277344 -0.0731124877929687 0.126182556152344
-0.0176925659179687 0.0330219268798828 -0.0411300659179687 0.118865966796875
-0.0351943969726563 0.0195350646972656 -0.047637939453125 0.111183166503906
-0.0601921081542969 0.00148773193359374 -0.0618209838867188 0.117759704589844
-0.0829086303710938 -0.03436279296875 -0.108642578125 0.124298095703125
-0.03216552734375 -0.128173828125 -0.166824340820313 0.069000244140625
0.0360870361328125 -0.163375854492188 -0.19329833984375 0.089508056640625
0.123992919921875 -0.179351806640625 -0.191986083984375 0.108291625976562
0.171310424804688 -0.17034912109375 -0.1845703125 -0.031341552734375
0.0591888427734375 -0.133941650390625 0.0230159759521484 0.00572776794433593
-0.0234756469726562 -0.130775451660156 0.06048583984375 -0.148468017578125
-0.0564079284667969 -0.0641059875488281 -0.072540283203125 -0.19439697265625
-0.07012939453125 -0.0229110717773437 -0.17193603515625 -0.106292724609375
-0.0605010986328125 0.0193290710449219 -0.190032958984375 0.0338287353515625
-0.050201416015625 0.0636482238769531 -0.11309814453125 0.118843078613281
-0.0641860961914063 0.0723419189453125 -0.05950927734375 0.101707458496094
-0.0558547973632813 0.0777206420898437 -0.0221328735351563 0.0978164672851563
-0.0796356201171875 0.0423049926757813 -0.0150604248046875 0.099151611328125
-0.112144470214844 -0.00596618652343749 -0.0292816162109375 0.113594055175781
-0.121414184570312 -0.076385498046875 -0.08074951171875 0.135993957519531
-0.0228118896484375 -0.193710327148438 -0.141128540039063 0.0816802978515625
0.081268310546875 -0.205413818359375 -0.163299560546875 0.0809173583984375
0.200149536132813 -0.198623657226563 -0.132003784179687 0.0779037475585938
0.244674682617188 -0.15234375 -0.1136474609375 -0.0785446166992188
0.143402099609375 -0.16107177734375 0.0642356872558594 -0.021087646484375
0.0175628662109375 -0.215667724609375 0.0986785888671875 -0.156845092773438
-0.0792922973632813 -0.136009216308594 -0.0306549072265625 -0.212356567382813
-0.127944946289063 -0.0567550659179687 -0.138214111328125 -0.134902954101562
-0.112495422363281 0.03253173828125 -0.160171508789063 0.00370788574218752
-0.0844268798828125 0.0946884155273437 -0.0895843505859375 0.08245849609375
-0.0986328125 0.104103088378906 -0.0363578796386719 0.0628776550292969
-0.0831680297851563 0.114776611328125 0.00478744506835937 0.061309814453125
-0.109130859375 0.0666275024414063 0.025726318359375 0.0730514526367188
-0.14947509765625 0.00036621093750002 0.0102462768554687 0.100189208984375
-0.151138305664063 -0.095947265625 -0.0445098876953125 0.138092041015625
-0.0235748291015625 -0.2322998046875 -0.111602783203125 0.090576171875
0.106033325195313 -0.225570678710938 -0.133430480957031 0.0590896606445312
0.242691040039063 -0.193450927734375 -0.058258056640625 0.0403556823730469
0.27459716796875 -0.104034423828125 -0.0197982788085937 -0.117301940917969
0.206298828125 -0.14422607421875 0.117195129394531 -0.0470504760742188
0.0740509033203125 -0.254501342773438 0.139434814453125 -0.1494140625
-0.0706024169921875 -0.188720703125 0.023773193359375 -0.210311889648438
-0.1556396484375 -0.0922088623046875 -0.0841522216796875 -0.151153564453125
-0.147735595703125 0.03314208984375 -0.111091613769531 -0.029876708984375
-0.106216430664063 0.108451843261719 -0.0558624267578125 0.0350494384765625
-0.118820190429688 0.119667053222656 -0.00859451293945313 0.0163640975952148
-0.0984420776367187 0.136528015136719 0.0343036651611328 0.014984130859375
-0.123855590820312 0.0823440551757813 0.0661125183105469 0.0383567810058594
-0.1680908203125 0.00694274902343748 0.048583984375 0.078826904296875
-0.16131591796875 -0.103652954101563 -0.00856781005859376 0.129524230957031
-0.0155487060546875 -0.243667602539063 -0.0823135375976563 0.091796875
0.125106811523438 -0.216598510742188 -0.105667114257812 0.0309524536132812
0.256027221679688 -0.159942626953125 0.0184421539306641 0.000743865966796865
0.251663208007813 -0.0383758544921875 0.078857421875 -0.1402587890625
0.225204467773437 -0.09112548828125 0.169189453125 -0.0657958984375
0.121292114257813 -0.233810424804687 0.169723510742188 -0.12738037109375
-0.0386810302734375 -0.200836181640625 0.0734405517578125 -0.186325073242188
-0.147567749023438 -0.1116943359375 -0.02276611328125 -0.148284912109375
-0.155471801757812 0.0253448486328125 -0.0523643493652344 -0.0588264465332031
-0.110671997070313 0.105133056640625 -0.0187301635742188 -0.0156517028808594
-0.120574951171875 0.11822509765625 0.0195503234863281 -0.0322322845458984
-0.100845336914062 0.138893127441406 0.0620994567871094 -0.034088134765625
-0.124801635742188 0.0857620239257812 0.103370666503906 0.000656127929687505
-0.168350219726563 0.00724792480468747 0.0839767456054688 0.0562210083007813
-0.15155029296875 -0.106460571289063 0.0239410400390625 0.116783142089844
0.00505065917968751 -0.232467651367188 -0.0558013916015625 0.0895462036132812
0.142425537109375 -0.180892944335938 -0.07916259765625 0.00189208984375
0.242156982421875 -0.100997924804688 0.0908584594726563 -0.0299606323242188
0.179794311523438 0.0308837890625 0.159912109375 -0.146240234375
0.194915771484375 -0.0222625732421875 0.208084106445313 -0.0760498046875
0.136993408203125 -0.165634155273438 0.18414306640625 -0.0985260009765625
-0.00263977050781249 -0.1685791015625 0.109390258789063 -0.151504516601563
-0.11187744140625 -0.105690002441406 0.0307159423828125 -0.132164001464844
-0.133811950683594 0.015167236328125 0.00245666503906249 -0.0798797607421875
-0.0952529907226563 0.0867538452148437 0.0155258178710937 -0.0619926452636719
-0.104316711425781 0.100151062011719 0.0428085327148437 -0.0758514404296875
-0.0911407470703125 0.121795654296875 0.0876235961914063 -0.0789871215820312
-0.113067626953125 0.0756607055664062 0.136940002441406 -0.032379150390625
-0.15185546875 0.00190734863281247 0.116508483886719 0.039642333984375
-0.125411987304688 -0.103126525878906 0.0530471801757812 0.106948852539063
0.030181884765625 -0.202072143554688 -0.0334701538085937 0.0899505615234375
0.151901245117188 -0.125885009765625 -0.0510139465332031 -0.0188026428222656
0.201400756835937 -0.0257568359375 0.154693603515625 -0.042572021484375
0.0764694213867188 0.0926513671875 0.204330444335937 -0.139541625976562
0.122955322265625 0.0443496704101563 0.222503662109375 -0.082855224609375
0.113540649414063 -0.0737075805664063 0.181488037109375 -0.0757598876953125
0.0228729248046875 -0.101852416992187 0.126571655273438 -0.121833801269531
-0.0593109130859375 -0.0735931396484375 0.06402587890625 -0.115577697753906
-0.0882492065429688 0.00569915771484376 0.0397567749023437 -0.0952987670898438
-0.0640068054199219 0.0558509826660156 0.0379104614257812 -0.0976791381835937
-0.0723953247070313 0.0668792724609375 0.0583419799804687 -0.107635498046875
-0.0694961547851563 0.087066650390625 0.107261657714844 -0.113983154296875
-0.0884475708007812 0.0552825927734375 0.163955688476563 -0.0561370849609375
-0.118156433105469 -0.00431060791015627 0.145477294921875 0.031646728515625
-0.0865936279296875 -0.0879592895507813 0.0774993896484375 0.104713439941406
0.0501556396484375 -0.149154663085938 -0.01800537109375 0.0980377197265625
0.141571044921875 -0.058258056640625 -0.0253047943115234 -0.0259075164794922
0.132888793945313 0.0526199340820313 0.203689575195313 -0.033966064453125
-0.0318527221679688 -0.0991668701171875 -0.20306396484375 0.058807373046875
-0.0802688598632813 0.00434112548828125 0.00255203247070312 0.0361518859863281
-0.0330238342285156 0.0635986328125 0.0171966552734375 -0.106109619140625
0.0373916625976563 0.0510482788085938 -0.0979843139648438 -0.128875732421875
0.0613822937011719 0.00429534912109375 -0.163818359375 -0.0458526611328125
0.0375938415527344 -0.0352210998535156 -0.1763916015625 0.06488037109375
0.0182876586914063 -0.0257606506347656 -0.107185363769531 0.137298583984375
0.0218029022216797 -0.0155582427978516 -0.0616302490234375 0.126960754394531
0.0213699340820313 -0.0142917633056641 -0.0354156494140625 0.113861083984375
0.0162286758422852 0.00141143798828125 -0.0521087646484375 0.107231140136719
-0.000360488891601561 0.0242519378662109 -0.0648727416992187 0.115776062011719
-0.0415115356445313 0.0328788757324219 -0.107421875 0.113716125488281
-0.0643653869628906 -0.0381965637207031 -0.173385620117187 0.064422607421875
-0.0400009155273437 -0.0992355346679688 -0.199203491210938 0.09271240234375
0.00986480712890626 -0.133499145507813 -0.20159912109375 0.12799072265625
0.05902099609375 -0.145706176757813 -0.202423095703125 0.0264892578125
-0.0244636535644531 -0.0666999816894531 0.00475120544433594 0.0249786376953125
-0.0386428833007813 -0.023468017578125 0.026214599609375 -0.124267578125
-0.00941181182861328 0.00362968444824219 -0.0970611572265625 -0.151718139648438
-0.000554323196411133 -0.00184488296508789 -0.17462158203125 -0.0638885498046875
-0.00618267059326172 -0.00593471527099609 -0.183242797851562 0.0611724853515625
-0.0118026733398437 0.0196933746337891 -0.107643127441406 0.137199401855469
-0.0182476043701172 0.0292930603027344 -0.0598678588867187 0.122367858886719
-0.0166206359863281 0.0309200286865234 -0.0305404663085937 0.112922668457031
-0.0337028503417969 0.0183448791503906 -0.0381393432617188 0.107162475585938
-0.0563468933105469 0.0030517578125 -0.050872802734375 0.115501403808594
-0.0767593383789063 -0.0280914306640625 -0.0944061279296875 0.122772216796875
-0.03594970703125 -0.117050170898438 -0.154891967773438 0.072174072265625
0.024688720703125 -0.1519775390625 -0.176605224609375 0.0919342041015625
0.104568481445313 -0.171600341796875 -0.171722412109375 0.107635498046875
0.149749755859375 -0.165695190429688 -0.171340942382812 -0.0174713134765625
0.0479965209960938 -0.125762939453125 0.0251598358154297 0.00457000732421874
-0.0277175903320312 -0.119316101074219 0.05029296875 -0.142196655273437
-0.0537757873535156 -0.058013916015625 -0.077972412109375 -0.178482055664063
-0.0658607482910156 -0.0193672180175781 -0.167007446289062 -0.091217041015625
-0.0560836791992188 0.0194549560546875 -0.17626953125 0.042144775390625
-0.0445671081542969 0.060882568359375 -0.0976715087890625 0.11724853515625
-0.0561752319335938 0.0707473754882813 -0.0483627319335938 0.0990142822265625
-0.0488662719726562 0.0747528076171875 -0.0137863159179687 0.0924758911132813
-0.0730361938476563 0.0418319702148438 -0.00796508789062501 0.0939865112304688
-0.105056762695313 -0.00147247314453126 -0.0205841064453125 0.110206604003906
-0.115257263183594 -0.0655364990234375 -0.0671234130859375 0.133514404296875
-0.03057861328125 -0.178848266601562 -0.130348205566406 0.083526611328125
0.0644683837890625 -0.193450927734375 -0.149261474609375 0.082550048828125
0.174270629882813 -0.193862915039062 -0.117523193359375 0.0769577026367187
0.219268798828125 -0.153076171875 -0.107902526855469 -0.0644302368164063
0.12542724609375 -0.156280517578125 0.0626869201660156 -0.0219535827636719
0.00506591796874998 -0.200607299804688 0.0855865478515625 -0.151382446289063
-0.0790252685546875 -0.123016357421875 -0.0401458740234375 -0.197097778320313
-0.121353149414063 -0.0470657348632812 -0.137786865234375 -0.119041442871094
-0.103424072265625 0.0346755981445312 -0.14971923828125 0.012420654296875
-0.07373046875 0.09124755859375 -0.0776519775390625 0.0815505981445313
-0.086029052734375 0.103042602539062 -0.0293006896972656 0.06195068359375
-0.0715866088867188 0.111152648925781 0.00957489013671874 0.0571212768554688
-0.0988082885742188 0.0660552978515625 0.0286903381347656 0.0673675537109375
-0.139350891113281 0.00644683837890623 0.016204833984375 0.0954208374023438
-0.14447021484375 -0.0821380615234375 -0.0330963134765625 0.134925842285156
-0.0335235595703125 -0.21490478515625 -0.101943969726563 0.0916213989257812
0.0865478515625 -0.213775634765625 -0.122764587402344 0.0621337890625
0.214553833007812 -0.192123413085937 -0.0519027709960937 0.0387420654296875
0.25054931640625 -0.11065673828125 -0.0229339599609375 -0.104751586914063
0.184722900390625 -0.144561767578125 0.109916687011719 -0.0475311279296875
0.054779052734375 -0.239288330078125 0.12408447265625 -0.14605712890625
-0.0741424560546875 -0.172164916992188 0.0101165771484375 -0.197891235351563
-0.149368286132813 -0.0779571533203125 -0.087860107421875 -0.137466430664063
-0.135665893554688 0.03704833984375 -0.10552978515625 -0.0215911865234375
-0.09326171875 0.105667114257812 -0.0487823486328125 0.0358543395996094
-0.102920532226563 0.118942260742188 -0.00621604919433594 0.0165014266967773
-0.0835418701171875 0.132270812988281 0.034393310546875 0.0127887725830078
-0.110755920410156 0.0818710327148438 0.0653610229492188 0.032318115234375
-0.155563354492188 0.0141754150390625 0.0511703491210937 0.0738372802734375
-0.154220581054687 -0.0876922607421875 0.00042724609375 0.124931335449219
-0.0276336669921875 -0.225143432617187 -0.0741729736328125 0.0917434692382813
0.104934692382812 -0.206939697265625 -0.0990219116210937 0.0349807739257813
0.228607177734375 -0.161697387695313 0.016789436340332 -0.000924110412597666
0.232681274414063 -0.04913330078125 0.0671310424804688 -0.130882263183594
0.205169677734375 -0.0968170166015625 0.157485961914063 -0.0677337646484375
0.099029541015625 -0.224075317382813 0.153335571289063 -0.126876831054688
-0.045745849609375 -0.185501098632813 0.058197021484375 -0.178009033203125
-0.143951416015625 -0.0957183837890625 -0.0299453735351563 -0.138046264648438
-0.142547607421875 0.031402587890625 -0.0520095825195313 -0.0523529052734375
-0.0966339111328125 0.102821350097656 -0.0168533325195313 -0.0134487152099609
-0.104400634765625 0.117599487304688 0.0167369842529297 -0.0298595428466797
-0.0847091674804687 0.134651184082031 0.0567359924316406 -0.03497314453125
-0.110488891601563 0.0854339599609375 0.09765625 -0.00514984130859374
-0.155319213867188 0.0154876708984375 0.0830001831054687 0.0507736206054688
-0.145599365234375 -0.0907440185546875 0.0305862426757812 0.111373901367188
-0.00933837890624998 -0.216278076171875 -0.0495834350585938 0.0884628295898437
0.122634887695313 -0.17529296875 -0.0758819580078125 0.007171630859375
0.218414306640625 -0.1063232421875 0.0826187133789063 -0.032562255859375
0.170639038085938 0.0186920166015625 0.141494750976563 -0.139801025390625
0.18060302734375 -0.0319061279296875 0.191818237304688 -0.078521728515625
0.116302490234375 -0.16290283203125 0.168228149414062 -0.100830078125
-0.01171875 -0.157470703125 0.0937042236328125 -0.14764404296875
-0.110305786132813 -0.0912704467773438 0.020538330078125 -0.125732421875
-0.123497009277344 0.0220565795898438 -0.00186920166015627 -0.0751419067382813
-0.0825653076171875 0.0853118896484375 0.0114822387695312 -0.0585212707519531
-0.0901107788085937 0.099578857421875 0.0356826782226562 -0.07122802734375
-0.0758514404296875 0.118675231933594 0.0775909423828125 -0.0780258178710938
-0.100082397460938 0.0759353637695313 0.125930786132813 -0.0378494262695312
-0.140098571777344 0.010772705078125 0.112510681152344 0.0333938598632813
-0.12188720703125 -0.0883560180664062 0.0563430786132812 0.0995864868164063
0.014984130859375 -0.189178466796875 -0.0284423828125 0.0873031616210937
0.134254455566406 -0.126251220703125 -0.0509185791015625 -0.0130615234375
0.185699462890625 -0.034698486328125 0.1412353515625 -0.0475311279296875
0.077850341796875 0.0817337036132813 0.18408203125 -0.136077880859375
0.117202758789063 0.0330581665039063 0.20416259765625 -0.0851898193359375
0.0989456176757813 -0.076019287109375 0.167129516601563 -0.0795135498046875
0.0147476196289062 -0.0964202880859375 0.111984252929688 -0.12127685546875
-0.0603294372558594 -0.0637969970703125 0.0533065795898437 -0.112022399902344
-0.0811080932617188 0.011749267578125 0.0320587158203125 -0.0913009643554688
-0.0547103881835937 0.0550003051757813 0.030029296875 -0.0927200317382812
-0.0615158081054688 0.0670890808105469 0.04833984375 -0.102333068847656
-0.05706787109375 0.0853271484375 0.0931243896484375 -0.112014770507812
-0.0776519775390625 0.05633544921875 0.149856567382813 -0.0612945556640625
-0.108833312988281 0.00337982177734377 0.138908386230469 0.0236663818359375
-0.0859375 -0.0755538940429688 0.0783004760742188 0.0960693359375
0.0359344482421875 -0.141433715820313 -0.0131454467773437 0.0936126708984375
0.127395629882813 -0.0628509521484375 -0.0273456573486328 -0.0210895538330078
0.126777648925781 0.0412521362304688 0.186935424804688 -0.041290283203125
-0.033416748046875 -0.0913162231445313 -0.18853759765625 0.0612030029296875
-0.0742263793945313 0.00782012939453126 0.00512313842773437 0.0333271026611328
-0.0271797180175781 0.0608596801757813 0.014434814453125 -0.101966857910156
0.0373764038085937 0.0450248718261719 -0.0958251953125 -0.120201110839844
0.0574073791503906 0.000476837158203125 -0.156890869140625 -0.0396270751953125
0.032806396484375 -0.0347557067871094 -0.1654052734375 0.0673065185546875
0.0147609710693359 -0.0248661041259766 -0.0958938598632813 0.133613586425781
0.0188961029052734 -0.0153560638427734 -0.0524139404296875 0.121589660644531
0.0178794860839844 -0.0143795013427734 -0.0300064086914063 0.107513427734375
0.013397216796875 -0.000171661376953125 -0.0458450317382812 0.103546142578125
0.000244140624999998 0.0213966369628906 -0.0570144653320313 0.112457275390625
-0.0354804992675781 0.0312042236328125 -0.0986480712890625 0.110816955566406
-0.0604209899902344 -0.0330886840820313 -0.163986206054688 0.0648651123046875
-0.0412368774414062 -0.0904693603515625 -0.185638427734375 0.090728759765625
0.00450897216796874 -0.123680114746094 -0.1851806640625 0.121688842773438
0.0511398315429688 -0.136947631835938 -0.18804931640625 0.03070068359375
-0.02484130859375 -0.0604171752929687 0.00796699523925781 0.02276611328125
-0.0355224609375 -0.0203399658203125 0.0224227905273437 -0.119438171386719
-0.00787162780761719 0.00200796127319336 -0.0960845947265625 -0.141632080078125
-7.7724456787109E-05 -0.00354480743408203 -0.167648315429688 -0.0556793212890625
-0.00748109817504883 -0.00637435913085938 -0.1715087890625 0.0634002685546875
-0.0120658874511719 0.0184478759765625 -0.0958938598632813 0.132522583007812
-0.0174903869628906 0.0280208587646484 -0.0506210327148437 0.117385864257813
-0.0161266326904297 0.0290794372558594 -0.0240936279296875 0.106513977050781
-0.0333786010742188 0.0167884826660156 -0.0322799682617188 0.102653503417969
-0.0532913208007813 0.002716064453125 -0.0438156127929688 0.112152099609375
-0.0709686279296875 -0.0253143310546875 -0.0853195190429687 0.120086669921875
-0.036407470703125 -0.108894348144531 -0.146713256835938 0.0722503662109375
0.0192108154296875 -0.141525268554687 -0.164810180664063 0.08984375
0.0916290283203125 -0.162124633789063 -0.157608032226563 0.10174560546875
0.1353759765625 -0.159194946289063 -0.159576416015625 -0.01129150390625
0.0415725708007813 -0.117996215820313 0.0270042419433594 0.00311279296874999
-0.0288619995117188 -0.110244750976563 0.0450973510742187 -0.136054992675781
-0.0502243041992187 -0.0540885925292969 -0.07928466796875 -0.166595458984375
-0.0625190734863281 -0.017333984375 -0.162155151367188 -0.0812225341796875
-0.0533103942871094 0.0182991027832031 -0.165084838867188 0.04547119140625
-0.0414047241210938 0.0577239990234375 -0.0873489379882813 0.113525390625
-0.0512123107910156 0.0685272216796875 -0.04119873046875 0.095458984375
-0.0450363159179688 0.07135009765625 -0.00872802734375 0.087890625
-0.0692024230957031 0.0401077270507812 -0.00396728515625 0.0890274047851563
-0.099029541015625 0.000152587890625019 -0.01519775390625 0.107070922851563
-0.108772277832031 -0.0592880249023437 -0.0589065551757813 0.130081176757812
-0.0335693359375 -0.166915893554687 -0.122909545898438 0.0832366943359375
0.0556182861328125 -0.181747436523437 -0.139373779296875 0.0811767578125
0.156936645507813 -0.184967041015625 -0.108413696289063 0.0725784301757812
0.201461791992188 -0.149078369140625 -0.101242065429687 -0.0558547973632813
0.113082885742187 -0.149154663085938 0.0617790222167969 -0.0217933654785156
-0.0012359619140625 -0.187744140625 0.0781097412109375 -0.14556884765625
-0.0758590698242188 -0.113922119140625 -0.0445556640625 -0.185073852539063
-0.115097045898438 -0.0414276123046875 -0.1351318359375 -0.108627319335938
-0.0965652465820313 0.0340347290039063 -0.141128540039062 0.016510009765625
-0.067169189453125 0.0869216918945313 -0.0687713623046875 0.0794754028320313
-0.07763671875 0.0997314453125 -0.0242996215820313 0.0602531433105469
-0.0644912719726562 0.105827331542969 0.0121192932128906 0.0536460876464844
-0.091766357421875 0.0630950927734375 0.0302619934082031 0.0623588562011719
-0.130867004394531 0.00828552246093748 0.01971435546875 0.0922317504882812
-0.136543273925781 -0.07342529296875 -0.0257339477539062 0.130989074707031
-0.0375823974609375 -0.200531005859375 -0.0965042114257812 0.0907058715820313
0.0759735107421875 -0.202239990234375 -0.115631103515625 0.0618057250976562
0.195693969726563 -0.184600830078125 -0.0474090576171875 0.0356788635253906
0.23211669921875 -0.110443115234375 -0.0228347778320312 -0.0951690673828125
0.168853759765625 -0.140579223632813 0.105735778808594 -0.046661376953125
0.043853759765625 -0.226287841796875 0.114471435546875 -0.141082763671875
-0.07342529296875 -0.160079956054688 0.0030517578125 -0.18701171875
-0.142486572265625 -0.069000244140625 -0.0884552001953125 -0.127479553222656
-0.126441955566406 0.037750244140625 -0.100669860839844 -0.0171585083007813
-0.0841522216796875 0.100936889648438 -0.0439300537109375 0.0350875854492188
-0.0923385620117188 0.115501403808594 -0.00367927551269532 0.0170602798461914
-0.0741729736328125 0.126152038574219 0.0339679718017578 0.0113201141357422
-0.101722717285156 0.0784912109375 0.0632743835449219 0.0282821655273438
-0.1458740234375 0.0165557861328125 0.0523452758789063 0.0706558227539063
-0.14697265625 -0.0785980224609375 0.00618743896484374 0.120803833007813
-0.0337371826171875 -0.210601806640625 -0.06976318359375 0.0901107788085937
0.0929412841796875 -0.196395874023438 -0.0936355590820313 0.0362548828125
0.209564208984375 -0.15728759765625 0.0156803131103516 -0.00237369537353517
0.21820068359375 -0.052276611328125 0.06072998046875 -0.121673583984375
0.191055297851563 -0.09674072265625 0.149017333984375 -0.0658416748046875
0.0859832763671875 -0.213851928710938 0.142868041992188 -0.123428344726563
-0.0479888916015625 -0.173446655273438 0.0500640869140625 -0.169448852539063
-0.138046264648438 -0.0855331420898438 -0.0338287353515625 -0.129730224609375
-0.133018493652344 0.0332260131835937 -0.0506324768066406 -0.0476112365722656
-0.0867385864257812 0.0988082885742188 -0.0149822235107422 -0.0126810073852539
-0.0929183959960938 0.114532470703125 0.015533447265625 -0.0276985168457031
-0.0739517211914062 0.128517150878906 0.0539207458496094 -0.0338096618652344
-0.101036071777344 0.0822067260742188 0.0923919677734375 -0.00787353515624999
-0.144729614257813 0.01849365234375 0.0819549560546875 0.0479965209960938
-0.138717651367188 -0.08074951171875 0.0336685180664063 0.106727600097656
-0.0159912109375 -0.202590942382813 -0.0458602905273437 0.0866470336914063
0.109939575195313 -0.168487548828125 -0.0733108520507812 0.0104141235351563
0.202285766601563 -0.104888916015625 0.0761795043945313 -0.0331344604492188
0.162445068359375 0.012237548828125 0.12994384765625 -0.131668090820313
0.16900634765625 -0.035552978515625 0.180587768554688 -0.0765228271484375
0.103347778320312 -0.156936645507812 0.157272338867188 -0.0987701416015625
-0.01580810546875 -0.148239135742188 0.0842132568359375 -0.141571044921875
-0.107376098632813 -0.0822906494140625 0.0150222778320312 -0.120086669921875
-0.114479064941406 0.0244903564453125 -0.00426483154296875 -0.0713119506835938
-0.0739822387695312 0.0816802978515625 0.0102157592773438 -0.0558624267578125
-0.0795135498046875 0.0971450805664063 0.0318374633789063 -0.0674285888671875
-0.0656509399414063 0.113410949707031 0.0707473754882813 -0.0754852294921875
-0.0902938842773438 0.0738372802734375 0.118118286132813 -0.0393600463867188
-0.129890441894531 0.0141830444335937 0.108535766601562 0.029754638671875
-0.116783142089844 -0.07830810546875 0.057373046875 0.0948715209960938
0.00677490234374999 -0.1776123046875 -0.0260543823242187 0.0848846435546875
0.120941162109375 -0.122909545898438 -0.0503082275390625 -0.00865936279296875
0.17340087890625 -0.0377197265625 0.130699157714844 -0.04779052734375
0.0771026611328125 0.0735702514648438 0.16937255859375 -0.128997802734375
0.110992431640625 0.0264129638671875 0.191757202148438 -0.083251953125
0.0893096923828125 -0.0751800537109375 0.157272338867188 -0.0786590576171875
0.00993347167968749 -0.0908660888671875 0.102592468261719 -0.117713928222656
-0.0591850280761719 -0.0574264526367188 0.0468063354492187 -0.1083984375
-0.0753402709960938 0.0149993896484375 0.0273971557617188 -0.088134765625
-0.0478897094726563 0.0531425476074219 0.02569580078125 -0.088531494140625
-0.0536537170410156 0.0657730102539063 0.0417709350585937 -0.09698486328125
-0.048583984375 0.0822219848632812 0.0838623046875 -0.107810974121094
-0.070098876953125 0.0555992126464844 0.138992309570313 -0.0627670288085938
-0.101432800292969 0.00738525390624999 0.133056640625 0.02032470703125
-0.082763671875 -0.06756591796875 0.0781097412109375 0.0904006958007813
0.027435302734375 -0.133575439453125 -0.0112380981445313 0.0899276733398438
0.11676025390625 -0.0640182495117188 -0.0285568237304687 -0.0167007446289063
0.12060546875 0.0344696044921875 0.1734619140625 -0.043212890625
-0.0337448120117187 -0.0859298706054688 -0.178909301757813 0.062164306640625
-0.0694580078125 0.010345458984375 0.00687217712402343 0.0309524536132813
-0.0232887268066406 0.0597419738769531 0.0131149291992188 -0.100318908691406
0.0371055603027344 0.0407562255859375 -0.0949935913085938 -0.115211486816406
0.0550422668457031 -0.0027923583984375 -0.15362548828125 -0.035614013671875
0.0289535522460938 -0.0341796875 -0.159271240234375 0.06829833984375
0.0123977661132813 -0.0235309600830078 -0.0885467529296875 0.131019592285156
0.0171060562133789 -0.0151643753051758 -0.047210693359375 0.117897033691406
0.0155057907104492 -0.0135097503662109 -0.0266952514648438 0.102851867675781
0.0109033584594727 -0.000496864318847656 -0.042327880859375 0.101348876953125
0.000469207763671876 0.0191135406494141 -0.051727294921875 0.110641479492188
-0.03167724609375 0.0296478271484375 -0.0932998657226563 0.109146118164063
-0.0582656860351563 -0.030303955078125 -0.159011840820313 0.065093994140625
-0.0416183471679687 -0.0833358764648438 -0.17767333984375 0.08819580078125
0.00146484375 -0.117103576660156 -0.17572021484375 0.1151123046875
0.0457992553710938 -0.130966186523438 -0.178619384765625 0.0326690673828125
-0.0237579345703125 -0.0556488037109375 0.0105361938476562 0.0209808349609375
-0.0324573516845703 -0.0182228088378906 0.0207061767578125 -0.116447448730469
-0.00644969940185547 0.000313758850097658 -0.095977783203125 -0.135536193847656
2.38418579101565E-05 -0.00536680221557617 -0.16400146484375 -0.0510406494140625
-0.00909709930419922 -0.00695705413818359 -0.164382934570313 0.064666748046875
-0.01263427734375 0.0177631378173828 -0.0887908935546875 0.12982177734375
-0.0171470642089844 0.0272998809814453 -0.0449142456054688 0.11407470703125
-0.0166416168212891 0.0284461975097656 -0.0205459594726563 0.1026611328125
-0.0329837799072266 0.01593017578125 -0.029327392578125 0.100639343261719
-0.0520248413085938 0.00200271606445313 -0.0388870239257812 0.110977172851562
-0.0663948059082031 -0.0241737365722656 -0.08001708984375 0.118537902832031
-0.0364990234375 -0.1033935546875 -0.142593383789063 0.0720367431640625
0.0156097412109375 -0.134407043457031 -0.157684326171875 0.0869903564453125
0.085723876953125 -0.155746459960938 -0.149978637695312 0.0966949462890625
0.126144409179688 -0.153213500976563 -0.151611328125 -0.00718688964843751
0.038818359375 -0.112174987792969 0.0290298461914063 0.00179100036621093
-0.0282821655273437 -0.104217529296875 0.0421676635742187 -0.133232116699219
-0.0476531982421875 -0.0525779724121094 -0.0799713134765625 -0.159744262695313
-0.0594406127929687 -0.0170173645019531 -0.158660888671875 -0.07598876953125
-0.0518875122070313 0.0172653198242187 -0.158187866210937 0.0472564697265625
-0.0396881103515625 0.0559272766113281 -0.0805435180664063 0.110893249511719
-0.0484657287597656 0.0669212341308594 -0.0357513427734375 0.09307861328125
-0.0430488586425781 0.0691719055175781 -0.0056610107421875 0.0840225219726563
-0.0676841735839844 0.0382957458496094 -0.00174713134765625 0.0867996215820313
-0.0960159301757813 9.9182128906269E-05 -0.0111160278320313 0.10528564453125
-0.104110717773438 -0.0566787719726562 -0.0536956787109375 0.128875732421875
-0.0343780517578125 -0.159408569335938 -0.11981201171875 0.0834426879882813
0.050872802734375 -0.173690795898437 -0.134193420410156 0.0792999267578125
0.148178100585938 -0.178756713867188 -0.102973937988281 0.068695068359375
0.190597534179688 -0.145980834960938 -0.0962982177734375 -0.0506668090820312
0.106521606445313 -0.143783569335938 0.0624961853027344 -0.0222816467285156
-0.00405883789062502 -0.17901611328125 0.07415771484375 -0.142425537109375
-0.0732955932617187 -0.109199523925781 -0.0460968017578125 -0.177703857421875
-0.110420227050781 -0.0385208129882813 -0.133827209472656 -0.102760314941406
-0.0929946899414063 0.0329513549804688 -0.135589599609375 0.0191421508789062
-0.0638809204101563 0.08404541015625 -0.06378173828125 0.0776138305664063
-0.0726318359375 0.0975875854492188 -0.0206794738769531 0.0591163635253906
-0.0604095458984375 0.102630615234375 0.0141067504882813 0.0516166687011719
-0.0881805419921875 0.061126708984375 0.0310516357421875 0.0605316162109375
-0.126190185546875 0.00911712646484376 0.022857666015625 0.09124755859375
-0.131820678710938 -0.0694808959960937 -0.0207443237304687 0.128860473632813
-0.0396881103515625 -0.19195556640625 -0.0935516357421875 0.0905838012695313
0.0704193115234375 -0.193954467773438 -0.111564636230469 0.0614852905273437
0.1846923828125 -0.178726196289063 -0.04534912109375 0.03314208984375
0.221633911132813 -0.109222412109375 -0.021820068359375 -0.0889892578125
0.160369873046875 -0.137191772460938 0.103958129882813 -0.0460052490234375
0.0375823974609375 -0.218185424804688 0.109916687011719 -0.137893676757812
-0.0720062255859375 -0.1534423828125 -0.000274658203125022 -0.180587768554687
-0.137992858886719 -0.0643310546875 -0.0889205932617187 -0.122245788574219
-0.1212158203125 0.0377197265625 -0.0975723266601563 -0.014404296875
-0.0794143676757813 0.0972900390625 -0.0406227111816406 0.0341567993164063
-0.0860748291015625 0.113555908203125 -0.00228118896484375 0.0168514251708984
-0.0683441162109375 0.122352600097656 0.0341472625732422 0.0102291107177734
-0.0966720581054687 0.0756607055664063 0.0620651245117188 0.0264663696289063
-0.139411926269531 0.0175323486328125 0.0533256530761719 0.0695991516113281
-0.141372680664063 -0.0736083984375 0.0102005004882812 0.119094848632813
-0.0361785888671875 -0.201736450195313 -0.0676651000976563 0.0903701782226563
0.086273193359375 -0.189788818359375 -0.0912857055664062 0.0377655029296875
0.198638916015625 -0.153427124023438 0.014378547668457 -0.00355529785156251
0.20953369140625 -0.0540313720703125 0.05780029296875 -0.114761352539063
0.181884765625 -0.096160888671875 0.145050048828125 -0.0641937255859375
0.077392578125 -0.206329345703125 0.137527465820313 -0.120796203613281
-0.0483245849609375 -0.166778564453125 0.045074462890625 -0.164154052734375
-0.13433837890625 -0.0797195434570312 -0.03582763671875 -0.125007629394531
-0.126876831054688 0.03387451171875 -0.0497169494628906 -0.0450782775878906
-0.081573486328125 0.0955352783203125 -0.014225959777832 -0.0118951797485352
-0.0860214233398438 0.1126708984375 0.0154838562011719 -0.0261440277099609
-0.0676651000976563 0.12451171875 0.0521507263183594 -0.0334930419921875
-0.0949859619140625 0.0796737670898438 0.0895004272460937 -0.00924682617187499
-0.13812255859375 0.0201263427734375 0.0816116333007813 0.0468673706054688
-0.134033203125 -0.07550048828125 0.0366668701171875 0.104606628417969
-0.0196075439453125 -0.193771362304688 -0.0447769165039063 0.0863418579101562
0.10205078125 -0.163421630859375 -0.0719146728515625 0.012725830078125
0.193267822265625 -0.10369873046875 0.0719757080078125 -0.033111572265625
0.157638549804688 0.00848388671875 0.123336791992188 -0.125511169433594
0.161895751953125 -0.037628173828125 0.17486572265625 -0.0744476318359375
0.094970703125 -0.152938842773437 0.151901245117188 -0.097259521484375
-0.017913818359375 -0.141998291015625 0.0790557861328125 -0.137771606445312
-0.104881286621094 -0.0760650634765625 0.0115203857421875 -0.116775512695313
-0.109146118164062 0.0261306762695313 -0.00548553466796875 -0.0689353942871094
-0.0690231323242188 0.0794296264648438 0.00913238525390624 -0.054168701171875
-0.072998046875 0.095428466796875 0.0301284790039062 -0.0645027160644531
-0.059112548828125 0.109794616699219 0.0672760009765625 -0.0738449096679688
-0.0847091674804688 0.071929931640625 0.113204956054688 -0.0403594970703125
-0.123725891113281 0.0165023803710938 0.107139587402344 0.028778076171875
-0.112846374511719 -0.0731582641601563 0.0589141845703125 0.09259033203125
0.00221252441406251 -0.170211791992188 -0.0250091552734375 0.0839004516601562
0.113380432128906 -0.121055603027344 -0.0503196716308594 -0.0052947998046875
0.166580200195312 -0.0388031005859375 0.124343872070313 -0.0476455688476562
0.076904296875 0.067626953125 0.161666870117188 -0.123138427734375
0.107307434082031 0.022308349609375 0.185516357421875 -0.080230712890625
0.0817413330078125 -0.0746002197265625 0.152313232421875 -0.0783538818359375
0.00701141357421875 -0.0872039794921875 0.09722900390625 -0.115127563476563
-0.0586166381835937 -0.0523300170898438 0.0427932739257812 -0.105911254882813
-0.0710678100585938 0.0162582397460937 0.0241317749023438 -0.0858688354492188
-0.0439262390136719 0.0515823364257812 0.0234222412109375 -0.0855026245117188
-0.0482139587402344 0.0647087097167969 0.0385208129882813 -0.093048095703125
-0.0428619384765625 0.079833984375 0.0785980224609375 -0.105545043945313
-0.0652313232421875 0.0547676086425781 0.132392883300781 -0.0630950927734375
-0.096405029296875 0.00981903076171876 0.130165100097656 0.0184097290039063
-0.08001708984375 -0.062286376953125 0.0775375366210938 0.0873870849609375
0.0226211547851563 -0.128524780273438 -0.0103912353515625 0.0883102416992187
0.109588623046875 -0.0648040771484375 -0.0290641784667969 -0.0135231018066406
0.117042541503906 0.0309600830078125 0.166015625 -0.044097900390625
-0.0361709594726562 -0.0821990966796875 -0.173294067382813 0.0655670166015625
-0.066650390625 0.0137405395507813 0.00911712646484375 0.0295944213867187
-0.0189590454101562 0.0589561462402344 0.0108566284179687 -0.100669860839844
0.0377731323242188 0.0375556945800781 -0.0971832275390625 -0.11151123046875
0.0535049438476563 -0.00614547729492188 -0.153228759765625 -0.031494140625
0.0254268646240234 -0.0347690582275391 -0.155288696289063 0.071807861328125
0.00989913940429687 -0.0227088928222656 -0.0828781127929688 0.131439208984375
0.0149803161621094 -0.0152435302734375 -0.0415802001953125 0.116920471191406
0.0129146575927734 -0.0136632919311523 -0.0235519409179687 0.101631164550781
0.00901031494140625 -0.000802040100097656 -0.03857421875 0.101997375488281
0.000284194946289062 0.0175180435180664 -0.0470123291015625 0.111648559570313
-0.0280609130859375 0.0283164978027344 -0.0893096923828125 0.110496520996094
-0.0571098327636719 -0.0272369384765625 -0.157241821289063 0.067474365234375
-0.0426483154296875 -0.07843017578125 -0.172607421875 0.088134765625
-0.00178527832031249 -0.113784790039063 -0.170379638671875 0.113143920898438
0.0411911010742188 -0.127998352050781 -0.173263549804688 0.036834716796875
-0.0235061645507812 -0.0522003173828125 0.0123805999755859 0.0189266204833984
-0.0309772491455078 -0.0164031982421875 0.017974853515625 -0.116546630859375
-0.00550460815429688 -0.000823974609375001 -0.09735107421875 -0.1314697265625
0.000108718872070312 -0.00712299346923828 -0.163726806640625 -0.046051025390625
-0.0105409622192383 -0.00721359252929688 -0.160781860351563 0.068756103515625
-0.0137081146240234 0.0182209014892578 -0.0824661254882813 0.130340576171875
-0.0169944763183594 0.0275058746337891 -0.039520263671875 0.113716125488281
-0.0175266265869141 0.0287399291992187 -0.0170135498046875 0.100898742675781
-0.0338516235351563 0.0162143707275391 -0.0254898071289063 0.100547790527344
-0.051513671875 0.00206756591796875 -0.0341415405273438 0.111686706542969
-0.0645179748535156 -0.0238990783691406 -0.0754776000976563 0.120109558105469
-0.0371780395507813 -0.10003662109375 -0.141632080078125 0.0746307373046875
0.0132980346679688 -0.129753112792969 -0.153717041015625 0.087921142578125
0.07977294921875 -0.152984619140625 -0.145736694335938 0.094482421875
0.119659423828125 -0.152053833007813 -0.147186279296875 -0.0028228759765625
0.035675048828125 -0.109375 0.0310268402099609 0.000400543212890618
-0.0297164916992187 -0.100357055664062 0.039306640625 -0.132575988769531
-0.0466117858886719 -0.0516738891601563 -0.082977294921875 -0.155471801757813
-0.0586891174316406 -0.0166587829589844 -0.15985107421875 -0.070770263671875
-0.0517005920410156 0.0169754028320313 -0.154617309570313 0.051239013671875
-0.0391845703125 0.0557403564453125 -0.0749282836914063 0.111396789550781
-0.0461959838867187 0.0675468444824219 -0.0311355590820313 0.0928497314453125
-0.0415878295898437 0.0691795349121094 -0.00202178955078124 0.0828399658203125
-0.0671806335449219 0.0386848449707031 0.00118255615234374 0.0863571166992188
-0.0953521728515625 0.00167083740234375 -0.00680541992187501 0.106048583984375
-0.102088928222656 -0.054473876953125 -0.0481796264648437 0.130134582519531
-0.0367279052734375 -0.155563354492188 -0.118690490722656 0.0861129760742188
0.04656982421875 -0.169952392578125 -0.131034851074219 0.0803070068359375
0.140182495117188 -0.176895141601563 -0.100357055664062 0.0668411254882813
0.182373046875 -0.146499633789063 -0.0940628051757813 -0.04620361328125
0.101348876953125 -0.142074584960938 0.063568115234375 -0.0237693786621094
-0.00856018066406249 -0.174911499023438 0.0709991455078125 -0.14239501953125
-0.0733413696289063 -0.106468200683594 -0.0503082275390625 -0.174224853515625
-0.109207153320313 -0.0359954833984375 -0.13629150390625 -0.0972824096679688
-0.0909957885742188 0.0335922241210937 -0.132949829101563 0.0225753784179687
-0.0611953735351563 0.0837631225585938 -0.05950927734375 0.0781784057617188
-0.0688934326171875 0.0980377197265625 -0.0172195434570312 0.0588188171386719
-0.0570144653320312 0.102104187011719 0.0166511535644531 0.0501937866210938
-0.0859527587890625 0.0606613159179688 0.0326385498046875 0.0590629577636719
-0.124351501464844 0.0115890502929688 0.026336669921875 0.0910110473632813
-0.130294799804688 -0.0664443969726562 -0.0153121948242188 0.129440307617188
-0.0435638427734375 -0.186798095703125 -0.0925979614257813 0.0932846069335937
0.0651092529296875 -0.190567016601563 -0.109886169433594 0.0630111694335938
0.176956176757813 -0.178985595703125 -0.0446281433105469 0.0317344665527344
0.214141845703125 -0.112808227539063 -0.0221633911132812 -0.0848312377929688
0.153656005859375 -0.137298583984375 0.104118347167969 -0.0472640991210938
0.031097412109375 -0.213577270507812 0.1058349609375 -0.13848876953125
-0.0731353759765625 -0.149551391601563 -0.00476074218750002 -0.177871704101563
-0.13690185546875 -0.05987548828125 -0.09246826171875 -0.117721557617187
-0.117904663085938 0.0389938354492187 -0.096160888671875 -0.0115203857421875
-0.0760650634765625 0.097259521484375 -0.037689208984375 0.0343704223632813
-0.08087158203125 0.113853454589844 -0.000403404235839849 0.0170221328735352
-0.0631942749023437 0.121650695800781 0.0352821350097656 0.00904083251953126
-0.0932083129882812 0.0759201049804688 0.062744140625 0.0249481201171875
-0.137130737304688 0.0200576782226562 0.0565567016601562 0.0691757202148437
-0.14031982421875 -0.0692291259765625 0.0152816772460937 0.119041442871094
-0.040435791015625 -0.196380615234375 -0.0662155151367187 0.0926132202148438
0.080230712890625 -0.187240600585938 -0.090362548828125 0.0403594970703125
0.1907958984375 -0.154052734375 0.0134439468383789 -0.00533294677734376
0.204849243164063 -0.0584716796875 0.0552291870117188 -0.111618041992188
0.175872802734375 -0.0987701416015625 0.144180297851563 -0.0654144287109375
0.0693359375 -0.203704833984375 0.133949279785156 -0.121879577636719
-0.0510406494140625 -0.162918090820313 0.0404510498046875 -0.16229248046875
-0.13421630859375 -0.0746231079101563 -0.040008544921875 -0.122116088867188
-0.123748779296875 0.0361099243164063 -0.0503082275390625 -0.0428428649902344
-0.077728271484375 0.0950927734375 -0.013758659362793 -0.0116453170776367
-0.08062744140625 0.112846374511719 0.0151824951171875 -0.0255126953125
-0.0622329711914063 0.123458862304687 0.0515403747558594 -0.0345382690429687
-0.0911483764648437 0.07952880859375 0.0884933471679688 -0.0114364624023437
-0.134567260742187 0.0231857299804688 0.0835494995117187 0.0457534790039063
-0.132377624511719 -0.0708694458007813 0.0408401489257812 0.104629516601562
-0.0247650146484375 -0.189041137695312 -0.0437393188476563 0.0878372192382812
0.096282958984375 -0.162261962890625 -0.0718994140625 0.01605224609375
0.187088012695312 -0.106094360351562 0.069488525390625 -0.0345611572265625
0.155319213867188 0.0035247802734375 0.11932373046875 -0.122261047363281
0.1580810546875 -0.0411224365234375 0.172760009765625 -0.0752716064453125
0.08740234375 -0.152359008789063 0.148849487304688 -0.09906005859375
-0.02130126953125 -0.139549255371094 0.0748367309570313 -0.137550354003906
-0.105201721191406 -0.0711441040039062 0.00724029541015625 -0.1156005859375
-0.105796813964844 0.0287933349609375 -0.00742340087890625 -0.0681190490722656
-0.0648727416992188 0.0790634155273438 0.00799560546874999 -0.0536766052246094
-0.0671844482421875 0.0958633422851563 0.0280723571777344 -0.0635986328125
-0.0530624389648437 0.1087646484375 0.064910888671875 -0.0742416381835938
-0.0805740356445312 0.0719680786132813 0.111137390136719 -0.042694091796875
-0.120109558105469 0.0195159912109375 0.108268737792969 0.0270156860351563
-0.111793518066406 -0.0683212280273438 0.0617523193359375 0.0918502807617187
-0.00332641601562499 -0.16632080078125 -0.0238494873046875 0.0850448608398437
0.107200622558594 -0.121810913085938 -0.0511283874511719 -0.00209426879882813
0.162567138671875 -0.0419158935546875 0.120307922363281 -0.0492630004882813
0.07769775390625 0.062530517578125 0.156234741210937 -0.120849609375
0.105476379394531 0.018524169921875 0.182052612304688 -0.0809478759765625
0.0764389038085938 -0.0753707885742188 0.149398803710938 -0.0804290771484375
0.00395965576171875 -0.0854644775390625 0.093353271484375 -0.116348266601563
-0.058868408203125 -0.0488357543945313 0.0384368896484375 -0.106674194335937
-0.0688705444335938 0.0194473266601563 0.021331787109375 -0.0857086181640625
-0.0406913757324219 0.0513076782226563 0.0203323364257812 -0.085113525390625
-0.0436897277832031 0.06494140625 0.035308837890625 -0.0914077758789063
-0.0379486083984375 0.0786972045898438 0.074432373046875 -0.1055908203125
-0.0613632202148438 0.0552139282226562 0.129074096679688 -0.0655441284179688
-0.0933837890625 0.012939453125 0.130149841308594 0.0159454345703125
-0.0799102783203125 -0.058746337890625 0.0793685913085938 0.0855484008789063
0.016876220703125 -0.125717163085938 -0.009521484375 0.088653564453125
0.103958129882813 -0.0671463012695313 -0.0309886932373047 -0.00990295410156251
0.11614990234375 0.0264739990234375 0.1610107421875 -0.04656982421875
-0.0267346647546219 0.0601339940552591 -0.136177363354869 -0.104363435573924
0.0502871550377962 0.0395413347825518 -0.0151288512594095 0.011534110782216
0.0596993013330371 -0.0105522629284272 0.0885800326594248 -0.0536867895023714
0.0132200126433657 -0.0491110829164279 0.03689919866877 -0.136107816266134
-0.0281451678285194 -0.030568675268631 -0.0574260447264372 -0.148570370790449
-0.0238934338082607 -0.00139331034357205 -0.129248891038856 -0.0989441842209738
-0.0189537213157399 -0.00418838630908039 -0.148424065217231 -0.0258603968496953
-0.0178798945989478 -0.00857159025190752 -0.127760592901235 0.0190503942248699
-0.013706184703652 -0.00853728992221784 -0.101936298062434 0.0219231545057648
-0.00497191661070711 -0.0108728126999995 -0.103805118700744 0.017022636788647
0.0148666018061385 -0.0160382388426253 -0.125662521783815 0.0113587696217781
0.0439844721885558 -0.000188836206988448 -0.142900471543355 -0.0325155741449219
0.0341491823556213 0.0532567535468556 -0.134874872288318 -0.0930679091621236
-0.0217587473200852 0.0708525248805016 -0.148934689741651 -0.0983810529866825
-0.0760844493393167 0.0494274694328705 -0.179711977992169 -0.0527170412796123
-0.101727074677168 0.0263981131231972 -0.113695851748669 -0.106392396793969
-0.0284020189173253 0.047956383175755 0.00112181287512767 0.0251253414750695
0.00537228861817624 0.0446042903833396 0.124994527696061 -0.0496074439587922
0.0110295087095961 0.0153092409105408 0.0687242854192696 -0.152700867093089
0.010309963054379 0.00866240461387268 -0.0486713867201089 -0.174017543695962
0.0185743630456112 0.00939754572690109 -0.130101334745124 -0.111416673254411
0.0283955816892261 -0.0045720934572821 -0.148415138294083 -0.0336274818626946
0.0321876473066292 -0.0125320725560358 -0.125848088000983 0.0152336847309126
0.0383384205916072 -0.00679655146712306 -0.0990226619874136 0.0222516337673572
0.0346337681814861 0.011596062338412 -0.0928936756129084 0.0221489074787944
0.0375785150740043 0.0321832873866146 -0.113069395260368 0.0201249444830011
0.0209335746327316 0.0612324737991286 -0.135269675103777 -0.0115045981994174
-0.0281659337136035 0.0912491789380266 -0.128714893205338 -0.0706704983955275
-0.0931226020560554 0.0597983421278045 -0.143226597144476 -0.0751301728183796
-0.14587561397744 0.00794712475302047 -0.160340328138706 -0.0409299177454957
-0.16339394383093 -0.0176404457244523 -0.0699500096308931 -0.0946850200669409
-0.111396267703224 0.039559639303412 0.0286819606580131 0.0495063061934961
-0.0643678852313462 0.0942831794768948 0.169381662236148 -0.0298993971688101
-0.00377997596301388 0.0866465838772719 0.115079181143528 -0.155939944473308
0.0454816735318913 0.0590207300220457 -0.0215694629901316 -0.191975060609217
0.0608524452523658 0.0268193645968487 -0.112797452638992 -0.120866712213307
0.0732549618882832 -0.00110152939487915 -0.128838201553217 -0.0403397433552872
0.0781808257824635 -0.0158532673730737 -0.104851391702824 0.00938522222752426
0.084201792351961 -0.00902935421528544 -0.0772495433759657 0.0240300226095788
0.0706258422080485 0.0239678765964867 -0.0669017716517378 0.0323765623721429
0.0649598109115106 0.0635276148248468 -0.0905874445508654 0.0385627560321299
0.0174441191648993 0.11115092670233 -0.122782946839577 0.0179846150731975
-0.0654707278009387 0.128945880682744 -0.122220122154017 -0.0418296223288092
-0.142799452687486 0.0587665908940445 -0.128314573371279 -0.0542351727695089
-0.195485129211519 -0.0241185925213573 -0.120210431791024 -0.0197371138909025
-0.197082411997711 -0.0647835504838343 -0.0111684154518875 -0.0663460429843857
-0.180949629441144 0.0116137464894966 0.0630334098310361 0.0823272597517502
-0.138378521089625 0.121861306796466 0.209212418024522 0.00711720497181614
-0.0330899915240465 0.148724874621668 0.1642936173541 -0.136842699098452
0.0666705705651807 0.111132472214745 0.019774708988129 -0.192530207320872
0.0941084212191621 0.0482455165685728 -0.0776705669474439 -0.120505338944517
0.107554778715628 0.00595549128318904 -0.0925473041111204 -0.0433042191142369
0.11281240288219 -0.0172338355429796 -0.0684817960291456 0.00328163516906986
0.118406841047561 -0.0137808081490842 -0.0411397556793647 0.0235787067815218
0.0982419257462495 0.025989955006676 -0.0291184000877915 0.0416059149275157
0.0898518838477033 0.0779825651451862 -0.0587655314902244 0.0578343105341203
0.0226571192477737 0.141904813425733 -0.101794755847544 0.0468112824843591
-0.0829747667299034 0.154432361523782 -0.111157339288736 -0.015225743298747
-0.170325933232342 0.059287717296535 -0.105135450424543 -0.040859353716853
-0.217130214671101 -0.0489420190445128 -0.0659593152151013 0.00167512049625414
-0.194794995335179 -0.101909583848494 0.0532753711310323 -0.0267085260530139
-0.213444906969931 -0.0295402675638075 0.096447386937872 0.116010501162088
-0.195638603856948 0.113804471616972 0.228054094462219 0.0545726775262601
-0.0723992571261219 0.179599686870209 0.200621445887527 -0.0933144969639621
0.0661139995432165 0.150056231937251 0.0660613633834307 -0.168167416725398
0.110818616598262 0.0673006464502232 -0.0306417133721936 -0.107242725415361
0.125508485938283 0.0141653115772169 -0.0440796564857979 -0.0418309450673007
0.130528545415178 -0.0165773867383654 -0.0224212519577101 -0.00242603770993351
0.135702933641441 -0.0172217485763226 0.00290948251675607 0.0215075456706216
0.112752160243627 0.0242896575077833 0.0129078889304008 0.0475978995968229
0.102974405360212 0.0813129260441012 -0.0240355248195963 0.0735180968842952
0.0247573438118124 0.152592671784486 -0.0759958083738811 0.0689511367103387
-0.0924380924757669 0.158691157827577 -0.0960266737374925 0.00650722101230051
-0.177944550855701 0.0473991088420203 -0.0787371649045089 -0.0353939343199879
-0.208398535483886 -0.0694335197728597 -0.00694066228767265 0.0218968495774441
-0.156394847100277 -0.11771043577547 0.111597869228375 0.0175604281231407
-0.199826494793484 -0.0686568256063862 0.122713714743545 0.142329611428892
-0.21365082055313 0.0770008410992526 0.221851794226929 0.0971605453231012
-0.102630343300593 0.169541211862383 0.210878934113845 -0.0382854244375827
0.0496067011795329 0.159689078953835 0.101478194689756 -0.122980598446034
0.107594284285053 0.0748109151734718 0.0176911226386621 -0.0820027608877508
0.123058624153557 0.0185494321656295 0.00722477723702217 -0.0354784638768562
0.12848137526835 -0.013052171422871 0.0254114278509217 -0.00831551305917624
0.134058361834519 -0.0179283491913698 0.0483415044608615 0.0177648355356585
0.113405805634519 0.0218527721966898 0.0545693311855881 0.0514482509351226
0.101536954928299 0.0776716152632563 0.0104187141264145 0.0860806185906295
0.018249365395943 0.147381305160878 -0.050958848532236 0.0854763775296874
-0.0998112482927048 0.143910173842947 -0.0818148629307917 0.0234503116390954
-0.170236057499709 0.0234012916121844 -0.0527337132309348 -0.0326298206550227
-0.172434475640348 -0.0878617528288595 0.0469949550391164 0.0417461702337705
-0.0896145485327527 -0.108121545102296 0.152617319431699 0.0535224006523762
-0.146358125937987 -0.0880180497956077 0.138803467144323 0.154015092128597
-0.184123022344744 0.0315847538334408 0.195114496567466 0.12088892257001
-0.106253116987355 0.127233957077028 0.196754992454884 0.00932680023729144
0.0267776788618044 0.136414426342846 0.120729869994281 -0.0722738217530112
0.0866892631427574 0.0673424936184458 0.05875856216826 -0.0534687621931393
0.101110261239697 0.0181397759438108 0.0530408408885688 -0.0275165613879862
0.107597712523988 -0.00943930468748263 0.0678006622249512 -0.0128333858619247
0.114490627165798 -0.0146572154044064 0.0903165269675937 0.0148479305900981
0.100151724819683 0.0199273456771786 0.0899812844154175 0.0573094862775459
0.0885715647805907 0.0702456409371064 0.0381816770098147 0.100769357172556
0.00695151076084225 0.128573594800416 -0.0322116477069599 0.09958353584333
-0.100600651287553 0.114035254493009 -0.0712080021108419 0.0376488905599145
-0.147631146126965 -0.0069696233170263 -0.0306966443453193 -0.0267432468320856
-0.115928445694731 -0.0987440766859447 0.0897830909983324 0.0650276533578926
-0.00799281763040987 -0.0774429964484683 0.170612347960643 0.0706121035976245
-0.0670149262378532 -0.0824256383345184 0.145443612883879 0.143866613171382
-0.115441594449315 -0.00515754882162405 0.162276776452264 0.121017391432268
-0.0797358954469538 0.0677905226034274 0.171127220676439 0.0357441817477478
0.00746783280536437 0.0872018355173417 0.125707250612668 -0.033029458203948
0.0532649251319982 0.0461062491409579 0.0854313895692576 -0.0307029382100354
0.0635729711243783 0.0125526598976996 0.0859254779141552 -0.0210681580792793
0.0705586031763393 -0.00460222575191888 0.0989292279287685 -0.0163247677564574
0.0786263066573921 -0.00911135940128487 0.122826813011851 0.0143510688780417
0.0747402518081585 0.0166162890378052 0.116693629512185 0.0646129236645692
0.0649183600453549 0.0551854711729701 0.0567076422371428 0.117689409456713
-0.00438607106488461 0.0961867778008294 -0.0235773475657316 0.113856801891045
-0.0890533656129281 0.0722618483820934 -0.0702787667478061 0.0503035400716608
-0.107524405654653 -0.0346716731936094 -0.0160263697267623 -0.0190020482640178
-0.0436892139365311 -0.0971121783251142 0.115890958216002 0.0900813041717342
-0.0214932076458998 0.0594496977039422 -0.138448269498442 -0.0935353120546572
0.0505735373374294 0.0342328366559518 -0.0130205678892267 0.0132368274991622
0.0561954110047801 -0.0143559915918963 0.0845290970297677 -0.0571381572357922
0.00871432692059538 -0.0476953033166625 0.0296719799795782 -0.135585574573644
-0.0297573210779763 -0.0259168174045286 -0.06467074267826 -0.143239336025866
-0.0217687160107493 0.00085493097495103 -0.132874709517105 -0.0899586938753225
-0.0170416584350315 -0.00234680699642353 -0.146059194912363 -0.0164910824456455
-0.017346386729214 -0.00641833320364984 -0.122116637217571 0.0263620645538511
-0.0121201855360681 -0.00694750390640048 -0.098319981828933 0.0265669006896727
-0.00425465437940667 -0.00997913736684557 -0.101020864672315 0.0234245025876042
0.012988300950105 -0.0151499639398543 -0.121668567335674 0.0192007013359504
0.0406971658492509 -0.00216300435946336 -0.141802771974113 -0.0229200390207609
0.0361174505346465 0.0488230533795937 -0.138251566792547 -0.0854966534046572
-0.0167928389143938 0.0678674555812524 -0.149163837930017 -0.0906359510645671
-0.0703942126422776 0.0520650748224646 -0.176415522839415 -0.0453804372192667
-0.0964138736056658 0.0306798825106156 -0.115862182032136 -0.0965075933579994
-0.0249058064692115 0.0459637201737173 0.00375772034969883 0.0253534751506637
0.00692344423471552 0.0418498724173215 0.119867246294248 -0.0554657587351473
0.00981376161649275 0.0149727564345365 0.0596089854784638 -0.153143800207295
0.009832673405298 0.00988524931053064 -0.0574995300990802 -0.168200653657516
0.0195562562955378 0.00967222542630068 -0.134005924194632 -0.101768400812645
0.0285120711886365 -0.00478836752997787 -0.145748993302441 -0.0234684168944791
0.0315086817541068 -0.0139145671168068 -0.120541726844275 0.0232278161727756
0.0381695259743809 -0.00823307328985585 -0.0953731768108279 0.0275058648164988
0.0350947908575962 0.0108048541852915 -0.0903846409998327 0.0279439256761145
0.0387407137198709 0.0303231542329198 -0.109619481868679 0.0280782386491857
0.0218769594686023 0.0593382780550969 -0.133211856042362 -0.0024941331165376
-0.0226349063413349 0.0895526885298125 -0.131657484885246 -0.0633859683786133
-0.0863490859325864 0.0610616917989914 -0.142555267718005 -0.0679152567942089
-0.14072040961402 0.0150723288058629 -0.157313780533323 -0.0337440745986119
-0.158850451318945 -0.00899177925805148 -0.0728705153369554 -0.0871071729171329
-0.10615087012756 0.0428062837965515 0.0326097257281015 0.0479307455046401
-0.0572092104298243 0.0939972865869423 0.164760129549704 -0.0380031740789443
-0.000643462328115249 0.0851991204041678 0.104350626798385 -0.158338965977064
0.0467878726062189 0.0562604819254061 -0.0327655761746686 -0.187068441016565
0.0611609983747375 0.0241311984785318 -0.117431878424665 -0.111486571652506
0.0717109662888306 -0.00366714432391011 -0.127553224480175 -0.0311072827744553
0.0758836125245324 -0.0199017358981801 -0.100855937389804 0.0166992229359781
0.0827715052468167 -0.0130619156075532 -0.0736639668971041 0.0279084970726482
0.0710472940402051 0.0203695069299935 -0.0635686553032041 0.0361910244102283
0.0673013308659084 0.0597335014828283 -0.0867950427461838 0.0457061284478716
0.0209287238065049 0.108103992160066 -0.119835892484903 0.0266782404897898
-0.0572629142757482 0.128685756379729 -0.124435108850552 -0.0360676105282681
-0.136251045855924 0.0635386139689121 -0.128047135698533 -0.047411879587501
-0.190811861850632 -0.0136720553849763 -0.117153953346015 -0.0157162287279549
-0.195087514563035 -0.0528936922479609 -0.0152233053756678 -0.0627305105521607
-0.174817281410712 0.020258542952615 0.0677889531857301 0.0783741975647965
-0.127970815073798 0.125266336357516 0.205512005645509 -0.0039590183184064
-0.0269001570628358 0.146975802610501 0.15355314159096 -0.14204334098424
0.0703254422078748 0.105604666420848 0.00741228840685194 -0.189944992224412
0.0945589211485912 0.0431084496921183 -0.0826930344576728 -0.113014756695774
0.105685861724575 0.000725671742156267 -0.0918266929723576 -0.0361400253960986
0.109234214335399 -0.0234889189819307 -0.0658515570314277 0.00871859196388305
0.115115104642703 -0.0202995133778856 -0.0383255471674955 0.0260622255032723
0.0975421677926781 0.0213821932253167 -0.0259310876896507 0.0437954002316924
0.0916340768177757 0.0721192212804889 -0.0545213956270424 0.06304048671552
0.0287655038425361 0.137756209038764 -0.0973948088385891 0.0541428509067945
-0.072944480809741 0.154674468018612 -0.112947744626582 -0.00910028144318332
-0.162780784500974 0.0651283831708563 -0.10547774876197 -0.0354756945006407
-0.213496797139643 -0.0366931591442421 -0.0641064791567116 0.00332544271241966
-0.195363407909715 -0.0888677463638248 0.0493976853258013 -0.0270765979162494
-0.209416210130198 -0.0186016810571784 0.101309798194489 0.110120064747292
-0.184345747233691 0.121087180666672 0.226810434913946 0.0421196218686115
-0.063028516890847 0.179246265542548 0.191552815313878 -0.101064565042325
0.0729473128171817 0.142996737599656 0.0541552243138156 -0.168969269888023
0.111970813024762 0.0606476626299918 -0.036400669354016 -0.103168183145792
0.123232918843362 0.0074866056494301 -0.0450664530529841 -0.0373828420406295
0.126105853194212 -0.0236982483691853 -0.0213431673062253 0.000147491565392321
0.13109697390174 -0.02515015691782 0.00493061161950521 0.0216619886587196
0.111237470334844 0.0184288174093741 0.0158043039495018 0.0471246304030561
0.104370459240356 0.0741382102886434 -0.0191204672484935 0.0760620046701834
0.0313668633918636 0.147834472061322 -0.0704894370685303 0.0743900888686626
-0.0813187984587871 0.159616020239069 -0.0968713396659164 0.0120827448449675
-0.171143219881807 0.0549307351815358 -0.0804267729137482 -0.0305660347671731
-0.206467507691217 -0.0569175124236211 -0.00545770720283275 0.0205877442747692
-0.158980695474831 -0.106731942891932 0.108359120923815 0.0134512040208608
-0.198459719296686 -0.0570832471201366 0.128056180599631 0.134799247949675
-0.20285703345235 0.0869571788781366 0.222752261095847 0.083187729975831
-0.0920276735995529 0.171110047420772 0.204011601028781 -0.0485205983305093
0.0578361167525875 0.153241207577896 0.0909400705317314 -0.126228824319246
0.109045833389159 0.0671936279110953 0.0126917603684057 -0.0810325921799974
0.120433105684733 0.0116115596474775 0.00559324892859663 -0.0343203029486223
0.123890913076905 -0.0208561027425378 0.0246883518898818 -0.00857642014831772
0.128758039243215 -0.0254603987172787 0.0494216933408579 0.0153781197322453
0.110989929810866 0.0155847498075313 0.0565990340541898 0.0485617204096444
0.102789066323312 0.0702956731537204 0.0155352032595336 0.0871425501703437
0.0250740596820401 0.142825594830616 -0.0449925272501005 0.088811280367709
-0.0886023541288276 0.145416389312493 -0.0815551703000876 0.027869932442392
-0.164275952759247 0.0318253644243287 -0.0551995179995452 -0.0287658259508394
-0.173158838884592 -0.0764573127761323 0.0477680149476169 0.0377940312372623
-0.0950933850800821 -0.100858813650473 0.150185291206635 0.0470076597750766
-0.147775440759897 -0.0783456398839524 0.143471126719229 0.145267235986148
-0.176839478576533 0.0413910403461206 0.197616151184514 0.109017419436676
-0.0963482260818766 0.130560337880536 0.192602379594272 -0.00163037160008865
0.0347910489553558 0.131686602681947 0.113514236001533 -0.0786494194541987
0.0883198627980467 0.0603583805847141 0.0536579549707122 -0.0556401356804078
0.099494346393363 0.0113969847828402 0.0507219139512035 -0.0296613638510847
0.103304141537947 -0.0158283929824124 0.0654054586271681 -0.0156911840328952
0.109610552919814 -0.0214715154839539 0.0893441676221511 0.00971650579697556
0.0980040333106677 0.0135008915975348 0.0917271962838603 0.0512178541075106
0.0897750955221334 0.0623526038342329 0.0436848916982444 0.0988331129106931
0.013654764475273 0.124641194201052 -0.0266980522818604 0.101082469629606
-0.0906145987431789 0.116405512135064 -0.0703662425010287 0.0407125917825719
-0.143579276503531 0.00193322425720867 -0.0336937980363296 -0.024238982250901
-0.119347932105369 -0.0904729928428729 0.09058677153056 0.0585418029932587
-0.0130599383009112 -0.0745127717284757 0.168654461752345 0.0631166499515904
-0.0698336768642229 -0.0763157902671307 0.149109878122582 0.135278012432895
-0.112272138252448 0.00255492385179389 0.166510142154342 0.110302905599691
-0.073202515183194 0.071143252586735 0.169525773018251 0.025725315787817
0.0129067504190415 0.0844819336054926 0.12071196885501 -0.0402718536164415
0.054933149342848 0.0405609827333458 0.0816174328204684 -0.0354080056764596
0.0620113655208261 0.00778428324677628 0.0825747281927306 -0.0258599118021025
0.0673182889325076 -0.00960160309361205 0.0951519875050147 -0.0210381075949538
0.0752415981731433 -0.0143045852466422 0.120712650600708 0.0066456350741212
0.0729208041308388 0.0113982668868016 0.117323979395435 0.0570555544571318
0.0662670670520347 0.0492640090303198 0.0626965842024552 0.114043165244193
0.00111682611401381 0.0937896983508078 -0.0171458779506342 0.114647653231865
-0.0817430336329882 0.0755827092870901 -0.0675765792064408 0.0530514349502146
-0.105784540534713 -0.0267156481134392 -0.0188712879921541 -0.0170987731999723
-0.0492622383264949 -0.091906626667313 0.118229629819921 0.0818351301245929
-0.0167075573831908 0.0575179091905844 -0.13660308072964 -0.0825149744935828
0.049459385787727 0.0290845171876656 -0.0106722270020488 0.0142198096185909
0.0517697161824905 -0.0175135192510754 0.0800336912483973 -0.0589391608320063
0.00494006902428388 -0.0450278858023534 0.0228070131953064 -0.132362575763463
-0.0302400009061708 -0.0209697301372584 -0.0694745107909687 -0.135289755883076
-0.01969856843418 0.00257876717426249 -0.132976984357106 -0.0800760499498754
-0.0156409945716944 -0.0010454853246159 -0.140075439315122 -0.0078475694144771
-0.0164867806817396 -0.00467800122526862 -0.11447388484579 0.0317052411069717
-0.0113828070662242 -0.00537039427016632 -0.0932673107531848 0.0305499286172761
-0.00368575556921324 -0.00836782683058909 -0.0962340644104996 0.0283895837665546
0.0117937291762844 -0.0140819566881261 -0.115538584146585 0.025774817904556
0.03676415306693 -0.00369927883255642 -0.138141932021241 -0.0142861997413371
0.0367641196636286 0.0439917012935356 -0.138359382514511 -0.0767058789793691
-0.0125924386570849 0.064150340330253 -0.146098900267216 -0.082163710524542
-0.0632900394188439 0.0529078885146355 -0.170112126693884 -0.0385622215114193
-0.0898103522701162 0.0329145522675183 -0.115321274911895 -0.0859581956440618
-0.021749498554998 0.0441381909259266 0.00630015011156342 0.0246337451642564
0.00772116494409165 0.0386022839299241 0.113938777539784 -0.0590630214954265
0.00830459436163769 0.0148248826877462 0.0507163062081351 -0.150550887073952
0.0090594163839368 0.0117282403298156 -0.0638613774829994 -0.159189380429825
0.0201861014318988 0.00940467775785117 -0.134353125582824 -0.0908766954517384
0.0281156783006226 -0.0057140795753584 -0.140324687864428 -0.0142965142659339
0.0300897703899229 -0.0146221182907682 -0.112755832918999 0.0292510766509023
0.0371673233529488 -0.00982278792011147 -0.0896970066567854 0.0315654988318414
0.0352713258848759 0.00992199332876705 -0.0852807578810506 0.0323481946402058
0.0384549956609035 0.0285387807070597 -0.103593522405082 0.0343128164584128
0.0219308943327196 0.0567560013966377 -0.128533945267443 0.00546608493396424
-0.0175376627628366 0.085795422802119 -0.131716464191959 -0.0555598424103495
-0.080168415595003 0.0607028269863154 -0.139750558496581 -0.0607747622840028
-0.132851858555103 0.0205192587552972 -0.151490651710322 -0.0286275120107202
-0.15223506639979 -0.00219976156587235 -0.0741799787413487 -0.0786312767006438
-0.099342644292463 0.0448512373837628 0.0351871064584303 0.0449009758569849
-0.0510372086266914 0.0917600567426169 0.15737288103335 -0.044393672766415
0.00171861621578358 0.0822231208971324 0.0929620285912034 -0.15743647542401
0.0470865999479446 0.0529680349456294 -0.0419692132194793 -0.178751901190018
0.0604824262434236 0.0216721681067102 -0.11866019532691 -0.101300303942828
0.0689795791852568 -0.00631625879125572 -0.12323666099208 -0.0222490630456275
0.0718808493944343 -0.0231089672240482 -0.0942419374102314 0.0226735063498715
0.079676486941519 -0.0169621371436508 -0.0686328188166081 0.0312431501801493
0.0700069639272007 0.017874271808074 -0.0591779061797986 0.0394966694959942
0.0675494409719726 0.0552131221182066 -0.0808035548495131 0.0510603666603267
0.0241225492102371 0.10379861200683 -0.113957548185424 0.0332512231707778
-0.0486673274197806 0.125454330314342 -0.124050051227937 -0.0285122815474838
-0.127916406739099 0.0658571593846296 -0.125557141696766 -0.0409477023118684
-0.183143281249238 -0.00428429386034399 -0.112919520390419 -0.0119057640737299
-0.18930132043436 -0.0420196391849399 -0.0177305165876129 -0.0574347920048643
-0.165982566134379 0.0258120463249988 0.070207791698934 0.0731117864459657
-0.116318964204749 0.125486433769598 0.198140835078266 -0.01340233683993
-0.0203949336547445 0.142844925348404 0.140994869794075 -0.143526263135951
0.072550263739536 0.0988006452973604 -0.0040969820382551 -0.182934165317478
0.0934418768169883 0.0383712824603362 -0.0849804140852704 -0.104060142382084
0.101488621212588 -0.00375899059695964 -0.0891696652724437 -0.0290838543729184
0.103689894450736 -0.0286317635969593 -0.0612124898892719 0.0128587106643359
0.109708401743831 -0.0254169578534615 -0.0345251802993925 0.0277563499567647
0.095165333746344 0.0169773718000098 -0.0222704432435736 0.0445675483543001
0.0916054074188854 0.0656835343779102 -0.0486945550608875 0.0667966145593915
0.0329732679265893 0.132034782589676 -0.090950299293066 0.0593376243328581
-0.062462094439543 0.151128744308949 -0.111754713326264 -0.0028581697738465
-0.153856690402916 0.0687298430479465 -0.104264326403316 -0.029589171867959
-0.206724105966244 -0.0254870017640905 -0.061126196514057 0.00462610942604679
-0.19129868627355 -0.0761551405081402 0.04508543303931 -0.0259747310218374
-0.201767429022995 -0.00933451330193416 0.103709548571117 0.1020448174644
-0.169560904304809 0.124564356665299 0.22073212982714 0.0294402098746125
-0.0532339849637423 0.175448611358225 0.179422264246773 -0.106234159006411
0.0772092312014976 0.134052614386887 0.0411634662952445 -0.165417776258677
0.11043600124633 0.0532257374946196 -0.039772341933895 -0.0969767548664863
0.118298066507036 0.00125387812949043 -0.0440682535857082 -0.0330866536808008
0.119414361943393 -0.029676613229677 -0.019581177391034 0.00209756620373407
0.124278576691016 -0.0306766214378956 0.00710047524410465 0.0209417729616639
0.107470523588894 0.0133936570965076 0.0182905093726295 0.0453131357676882
0.103258968052286 0.0662886507553579 -0.0135549653400944 0.0772400035273767
0.0359808828252014 0.141031324350466 -0.064106821372986 0.0773613625256844
-0.0695202639414878 0.157014184478428 -0.095286098982263 0.0166857372214732
-0.161138349559716 0.0603093711989316 -0.0801830380398768 -0.0254607170423008
-0.201036305104247 -0.045503347929271 -0.00454576683980463 0.0186786306071202
-0.158176488572906 -0.0944718303130172 0.103224064173231 0.00999014292100234
-0.192984175849006 -0.0460878474132158 0.129459154319644 0.124823323805729
-0.189946090103851 0.0929385363840579 0.218688018724697 0.0702235695081048
-0.0812868543189821 0.169840737635398 0.194290288424318 -0.0562438647504803
0.0637175122135795 0.143868855918036 0.0797055910123296 -0.126613039116966
0.108067725191029 0.0591531763908214 0.00779273991761294 -0.0785911583555093
0.115857703887015 0.0050091217584392 0.00394449817663333 -0.0328800422692904
0.117428861954326 -0.0268674431471753 0.0239903991587557 -0.00859263282832409
0.121395813978593 -0.031512949449949 0.0489484981919285 0.0121494790568413
0.107075687429446 0.0101213013269233 0.0571136712716712 0.0445519226057386
0.101934008164834 0.0622231111374759 0.0198356337228044 0.0857277813496267
0.0304544607091231 0.136356065956256 -0.0389828129826171 0.0901388086841639
-0.0774187731916708 0.143435452735886 -0.0795939590447004 0.0307808364443399
-0.15544928525006 0.0380772111965443 -0.0565591940571271 -0.0246240199556515
-0.17033743965757 -0.0651731312699486 0.0478773587609848 0.0331512764826094
-0.096855888069297 -0.0921457621721918 0.144277006435249 0.0408558285855076
-0.145119881911573 -0.0682794897080629 0.144235424831243 0.13444566218683
-0.167014553799649 0.0490024440781369 0.195826788913478 0.0955852051045192
-0.0863821013522015 0.130838381132276 0.185733785996431 -0.0110313761879337
0.0409045587267451 0.123838570822489 0.10358438499466 -0.0813572087594082
0.0876334770634865 0.0525088349552385 0.0484609830136979 -0.0554641914449317
0.0950825754117881 0.00614983506437008 0.0476271694893288 -0.0310432880495639
0.0974354699697865 -0.0211346979514148 0.0617897677233128 -0.017952459371463
0.102959469626346 -0.0270357179531472 0.0868518747198288 0.00509213827137862
0.094371696944315 0.00839394823169405 0.0914988194332295 0.0451168335976399
0.0887465263676709 0.0550206006617719 0.0476136425082413 0.0953567808592904
0.0188515460059785 0.118829605690205 -0.0206092999482952 0.100464486230664
-0.0801880509906779 0.116096342648898 -0.0680007098241835 0.043478263296765
-0.136947913972626 0.00913166457130159 -0.0353121137216392 -0.0206167290546559
-0.119249588474643 -0.0809348586083255 0.089986375987307 0.0516432399381183
-0.017516687532808 -0.0701523478976778 0.163227490446935 0.0555095370917869
-0.0715003099118816 -0.0697313764499047 0.149281541190515 0.125204176427069
-0.106364285445004 0.0086704564293039 0.166009352250372 0.098447939703813
-0.066203266998509 0.0720406665136172 0.164732981192127 0.0164496779732512
0.0179364308393186 0.0788782122051776 0.112718864567453 -0.0455093572676504
0.0548065030129186 0.0346023699132691 0.0759323921820114 -0.037977211288079
0.058655340928639 0.00378468221662096 0.0779725429919022 -0.0290060179356586
0.0630632528227023 -0.0134422745062266 0.0898380384802715 -0.0250852375349215
0.0700190621283768 -0.0187793810670911 0.116111017210417 -5.14172080456042E-05
0.0700319519366456 0.00637166864348699 0.116006469270019 0.0488960733958629
0.065234787975539 0.042843469467162 0.0666688900248142 0.107933346075172
0.00576854532770712 0.0895702475061631 -0.0113193836282835 0.112091549459989
-0.072666921528188 0.0764654159964365 -0.0646169201279334 0.0547600112099914
-0.101990399357989 -0.0193894136526653 -0.0209791264987092 -0.0147900964306256
-0.0526235094170723 -0.0854590436696124 0.116795012172386 0.072750447081397
0.0033543294407609 0.0584330788186354 -0.150309880557167 -0.0321058803687659
0.0538432668305335 0.00826880548165568 -0.0065490702194768 0.0177756709050239
0.0387676473948534 -0.0341857057266508 0.0546958344617505 -0.0763256786867424
-0.0121068261570981 -0.041288580201821 -0.0188053220783077 -0.127760644667862
-0.0337289705072439 -0.00768067280924943 -0.105440576202629 -0.102716063660185
-0.0171793507615496 0.00767138136684775 -0.147185232027922 -0.0283272331101924
-0.0149948720742555 0.00423197065059087 -0.127626827020895 0.0400871904813168
-0.0155828663351392 0.00141258494003736 -0.0900760482099442 0.0657943041182781
-0.0106459956616624 -0.00126151316680759 -0.0744482008504174 0.0570004034501859
-0.00464809329727836 -0.00578343944335582 -0.077376869678161 0.0568437898232746
0.00628288094424153 -0.0158326844229601 -0.093727182715796 0.0613966838400407
0.0305932558396095 -0.0143374342604639 -0.128784210612898 0.0306962981043122
0.0461944226947713 0.027247380465373 -0.150629734059673 -0.0271581589782345
0.0100500694152808 0.060802529003927 -0.155880688712142 -0.032566525574067
-0.0391761288757205 0.0666579159996082 -0.161018807325915 0.0125915781771461
-0.0721405513569309 0.0603297577436701 -0.129719939117262 -0.0438924862294185
-0.00507362754617593 0.046665500168804 0.0135107033082877 0.0184025276734158
0.0184794849646516 0.0310478346665252 0.0831498864638767 -0.0906988511210119
0.0116337087734867 0.0108189739506924 -0.00311877899063278 -0.153903224257704
0.0114003985479211 0.00794204039320492 -0.110143095289074 -0.124198413160564
0.0209205695233119 0.00121143155915721 -0.152179612195006 -0.036990115188287
0.0238341434635663 -0.0140532066050303 -0.130797460956478 0.0348157658597358
0.0225456048657036 -0.0221936338819157 -0.0893755937025281 0.0642303585178883
0.0311031738789891 -0.0206168087506011 -0.0702609038600939 0.0579719635114793
0.0363206976842834 -0.00163773967277779 -0.0669790640284022 0.0575362892361851
0.0437967980649026 0.0141113871422985 -0.0817230688248432 0.0657723749141886
0.0362895813524214 0.0452223278451132 -0.114585562014479 0.044632842401055
0.0104638466907943 0.0821131809379272 -0.137129440189004 -0.0100489825206186
-0.0521746851977874 0.0796759393243216 -0.143572928650614 -0.0132152755790339
-0.113360711484031 0.0588115756609874 -0.140893172362759 0.019507000638846
-0.141071858170254 0.0492122437485717 -0.0879768771335075 -0.0508285109070561
-0.075087120460946 0.0735030902362605 0.0483427358428955 0.0245483593735585
-0.015402111205199 0.098449325530675 0.125832274422212 -0.0953333126869685
0.0292964613871988 0.0732015075918747 0.0302852696823534 -0.174966079645674
0.0584434196188808 0.032210396508706 -0.0985056350409618 -0.146910685683059
0.0604954358573684 -0.000257889895824183 -0.14150256241354 -0.0499152419284661
0.0606901600407338 -0.0281575371030582 -0.118924084610241 0.0230569893556192
0.0569230643177497 -0.0428020930105177 -0.0749386199135783 0.0536761919715291
0.0660889619237693 -0.0409046568658508 -0.0511755891540125 0.0517069176728582
0.0700837363274831 -0.00528234162111164 -0.0417367312256967 0.055852836231297
0.0786569250723302 0.0284729869913308 -0.0567149616030573 0.0735385618540801
0.0537880428029988 0.0871748880089484 -0.0923266708472114 0.0653642808483856
-0.00502253240328347 0.127683136073937 -0.121375442838908 0.011814125747875
-0.0937760983347956 0.0992562156560523 -0.124315715428689 0.00152095342235051
-0.167617629187211 0.0509950034793848 -0.101478432135046 0.0253868530867774
-0.188229783057247 0.025160918552983 -0.0279111141725474 -0.0490905872253274
-0.141457452212423 0.0792515897383699 0.0918652009348185 0.0366297108553627
-0.0617073261049539 0.150867004288483 0.17138201258076 -0.0847974761890986
0.0317281891293785 0.13508573956321 0.075044300241768 -0.179763952321152
0.0965525295173625 0.0638279750535708 -0.0682944112392314 -0.162634317503128
0.0951591087972301 0.00327747656630558 -0.11347333450272 -0.0624364511226995
0.0915925208451439 -0.0360593610553982 -0.0918916360935589 0.00562287709656773
0.0831355439614745 -0.0583130238523156 -0.0487540700354539 0.0350132328765213
0.0899579956247387 -0.05818198798542 -0.0208569287300918 0.0374770768897243
0.0922071864530417 -0.0138569942018022 -0.00702764926943 0.0489630304916561
0.103336241691468 0.0296347157874228 -0.0235891245732189 0.0778051031671259
0.0716377803706041 0.109349717615955 -0.0637870038000469 0.0812163405821767
-0.00881387392768774 0.155715717613348 -0.101614486825312 0.0313208799071222
-0.115827608679322 0.111214961716482 -0.101337262709508 0.00663603693866887
-0.195909656446682 0.0396952070419176 -0.050261245618525 0.0260995357609649
-0.202828719044841 -0.00561736163347932 0.0396665837880654 -0.0398904181207471
-0.185145808771832 0.0601653856571394 0.133671821983118 0.0520474114301647
-0.10966970257371 0.16864413325797 0.206934759847956 -0.0559800329392451
0.0141324983633372 0.175752553336364 0.120749232693229 -0.160321740057016
0.113039857254795 0.0933151786869062 -0.0229545145680894 -0.160829271908733
0.115368509957493 0.0113318998197836 -0.0707444869771701 -0.0702276730822431
0.108341805769637 -0.037425699291435 -0.0533171969925961 -0.0129509178609374
0.0965339386059828 -0.0647395705865834 -0.0159746634052045 0.0118222850758198
0.100710665976969 -0.0679202696806298 0.0139093417575913 0.0185159193295639
0.101432369560384 -0.0220565720757974 0.0297318890969383 0.0370564018070508
0.114016246734113 0.0262722541522644 0.0112602039899225 0.0766290373626868
0.0773777490881897 0.116175376041948 -0.0340930071280428 0.0896173603029084
-0.0131641635480204 0.162895416655838 -0.0807257575618438 0.0445234981578359
-0.12560012647436 0.105882909664951 -0.0789319793973091 0.00400999622435155
-0.197334389361188 0.0198184020483123 0.00348994753834272 0.0224125099510308
-0.177587329587555 -0.0335979936637 0.103247151005716 -0.0235968978312345
-0.190455822728413 0.0239488672011654 0.165567483787223 0.0664411211027519
-0.137767314939327 0.147502206250705 0.219981997256544 -0.0185686526819668
-0.0119570764937246 0.180398133478374 0.151031125274433 -0.120312476335487
0.105007889831982 0.106439525078096 0.0232119156171576 -0.13917282509317
0.115954727304109 0.0169252901977579 -0.0221599189464012 -0.0697677595670319
0.107501174805687 -0.0332942917473441 -0.0101766555105471 -0.0295825646768328
0.0953576301665076 -0.0618667374884474 0.0181499902685307 -0.0124966833583724
0.0972342250692135 -0.0675896659773551 0.0486158601490035 -0.0028633732985627
0.099230106035644 -0.0247893950795209 0.0647002268995867 0.0238718301224248
0.110263358378178 0.0229469654209928 0.0445154738941636 0.0730042725403393
0.0706555203436266 0.11296134573974 -0.00774273499564075 0.0928175179052075
-0.0234381815032811 0.153005652576156 -0.0615228255842969 0.0530422023639259
-0.127111468818579 0.0845089758100559 -0.0574145896432982 -0.00185231020876134
-0.176367472546446 -0.00740763951630196 0.0535316536847201 0.0198382302909056
-0.119777813767635 -0.0520053276842166 0.148152317823876 -0.00666514464010213
-0.154605841106292 -0.0124223723557915 0.18147084175671 0.0747126106846169
-0.131592099446047 0.100759550718086 0.209921743472452 0.0139705630904914
-0.0296622011223513 0.147426374547967 0.16102973701105 -0.0761624909945402
0.078810927293234 0.0953048211539723 0.0608281982943109 -0.107022015319579
0.0957374011525383 0.0172449045824135 0.0225180824229514 -0.0633861401265508
0.0880168618852949 -0.0259857430315582 0.0294623636596328 -0.0429081431555004
0.0794168027253312 -0.0506199042878621 0.048781545374805 -0.0343954873081902
0.0821642861430911 -0.0576061412992108 0.0794122804200839 -0.0222392051037935
0.0864066835810722 -0.0231725694003164 0.0953726474310634 0.0132941944593499
0.0962415528685584 0.0206269099202897 0.0720355850920809 0.071964868321993
0.0548093806345535 0.101119932064767 0.0124959215657699 0.0966901825486708
-0.0342547157354605 0.129058844593327 -0.046835526003201 0.0606517814202811
-0.119171075251792 0.0530657266178698 -0.0380748506203758 -0.00455668598729723
-0.134944753304916 -0.0370240440303564 0.0954841061242361 0.023192494286046
-0.0393260475836867 -0.05884719981801 0.16771152291269 0.0027370933211779
-0.0875783693838624 -0.0386286433975954 0.180700200437084 0.0677174084526552
-0.0905559974507788 0.0443897956651285 0.185454485773753 0.0303675460534542
-0.0317996918034851 0.0879628723512435 0.153503240765619 -0.0430699753219796
0.0436739045328906 0.0632578026385221 0.0834728713217148 -0.0779006207631125
0.0601548450503708 0.0114654701689815 0.0535276598652779 -0.0578025706665855
0.0543791130593264 -0.0166035061372789 0.0581405519021181 -0.0518815290608972
0.0507262714405695 -0.0319353295330705 0.0709662079369559 -0.0506171325806197
0.054805993964961 -0.0393207881380452 0.104130013738258 -0.036487948899397
0.0642299127120348 -0.0175182203642762 0.119200162064871 0.00822768310129755
0.0714497442909773 0.0165491573169424 0.0934991725890318 0.0768730902298455
0.0341347471908806 0.0782904343709475 0.0237961336278732 0.104144736806478
-0.0393104331203946 0.0910924382057702 -0.0404421762345233 0.0698621198559073
-0.096688099065339 0.0160572587933146 -0.0238232356343941 -0.00416473762073183
-0.0756337952082298 -0.0611037477145272 0.124827082934373 0.0328311959149981
0.00502442123906477 0.0546818245012929 -0.145231955293377 -0.0277188440468849
0.0508484709291823 0.00591155785247374 -0.00439571186175271 0.0178722404544842
0.035053035698037 -0.0337424696952781 0.0535570467425246 -0.0754557311654162
-0.013438105556163 -0.0380191631631504 -0.0207048764543249 -0.124706648635096
-0.0315308958755652 -0.00504004363245689 -0.10538785794413 -0.0974268369842573
-0.0154539140687375 0.00776139999699942 -0.143720348370151 -0.023908161265525
-0.0135161351167781 0.00417147021819994 -0.121980115556369 0.0416602674088607
-0.0142663029371571 0.00231733201126606 -0.0842284478299249 0.0649668809269579
-0.00949052084021757 -0.00116919016699714 -0.0711398009212758 0.0574882104589667
-0.00389460849235746 -0.00496633442191716 -0.0735335016661981 0.0574336091959371
0.0057258582955333 -0.0143409451837484 -0.0886946569900657 0.0618765406370019
0.0283250780926953 -0.0134060184284623 -0.124256068126725 0.0334442433469668
0.0440085620390866 0.024455337941892 -0.148053752147156 -0.0234999682430225
0.0105159947671808 0.0576689697757412 -0.151714376526357 -0.0311164586624584
-0.0355021575210447 0.064574064114529 -0.155559545078139 0.0123766570635522
-0.0679619052038731 0.0584935810171538 -0.125216260243087 -0.0394497545552117
-0.00531571564288663 0.0437049670746048 0.0151033686303057 0.01763123903578
0.0169493860574903 0.02913128454482 0.0801227069857196 -0.0897374124628554
0.0101010414356291 0.0120302461940491 -0.00529069272510362 -0.149141722466829
0.0118170295717082 0.00949109134917537 -0.109935124177374 -0.117928476077806
0.0210134835510533 0.00135609745020476 -0.148249343750506 -0.0318840897473048
0.0236981925639192 -0.013974644732602 -0.124962797720093 0.0369702946506084
0.021731666242221 -0.0217519125447147 -0.0828858492393005 0.0638709401826624
0.0303471359574448 -0.0208230070866516 -0.0660350178460304 0.0581092160211355
0.0363330376297953 -0.00217945866108017 -0.0629649207047242 0.0580772840166529
0.0431415959089377 0.0135120145578581 -0.0763518931609744 0.0664954119252225
0.0352472186385923 0.0444755828860027 -0.109496636308131 0.0468398987124478
0.0108573869476996 0.0787963710849758 -0.134971224264523 -0.00690856280543822
-0.0500591113513183 0.0767518939411223 -0.139417183846917 -0.0123155026658691
-0.107740660160222 0.0577993668720597 -0.13633033796541 0.0188194066018876
-0.13448343441246 0.0490578821846082 -0.0850920234938246 -0.0465745583675093
-0.0721304874363019 0.0711381203536733 0.0484941448672922 0.0227086366184209
-0.0141876908892916 0.0946574903351574 0.120708574229803 -0.0951843606747304
0.0283915254074245 0.0721191073898663 0.0257301430035396 -0.170204713153515
0.0577588036954491 0.0313313490730997 -0.0995253473286099 -0.14051847360377
0.0593407615376782 -0.000788081998639951 -0.137765508253227 -0.0448520207514265
0.0594062564342744 -0.0282708779633212 -0.112949681211625 0.0249514183878841
0.0543058433263113 -0.0427530256764798 -0.0693629695400586 0.0533805639184498
0.0636548326337981 -0.0413719470180141 -0.0473958813144704 0.0517300375890351
0.0684971189190193 -0.00571917410307733 -0.0379038252936643 0.0560823657829519
0.0766637999306448 0.0266347307404453 -0.0516878298610967 0.0743583198294759
0.0533214437930149 0.0847926775607385 -0.0878186487912046 0.0667164517565957
-0.00295906466445048 0.123143007269993 -0.119512949663027 0.0143697604519331
-0.0896186720460891 0.0968351944024703 -0.12077894058858 0.00260540134651167
-0.160360115888451 0.0517991636060206 -0.0979551810647012 0.0240595631241202
-0.180614969584246 0.0270529060086398 -0.0272970440467965 -0.0450582846775801
-0.136091230744094 0.0781416292670848 0.0906922906469418 0.0335009777628346
-0.057000223347594 0.145951468336254 0.164872126909924 -0.0851622011650367
0.0319017118500723 0.131430617074639 0.0694784687338478 -0.175460225486894
0.0949163713428805 0.0608034254949266 -0.0705205894550512 -0.155396283703537
0.0929215590013231 0.00193565656636975 -0.111187724694825 -0.0577609962846599
0.0882956068132733 -0.0365079791631676 -0.087571971095 0.00787603027842867
0.0791147849459839 -0.058537482614453 -0.0450375768898511 0.0349645049365665
0.0856430597542106 -0.0586121730005745 -0.0182942786357424 0.0371815579821441
0.0896181766325175 -0.0148140702308047 -0.00451747606988232 0.0484380693632077
0.10081330279471 0.0272588035244339 -0.0187666826987437 0.0779217605298734
0.070790124303002 0.105508997286627 -0.059535184872445 0.0820722950148141
-0.00527683403571065 0.150234445234868 -0.100274634217558 0.0336301278204305
-0.110647807219187 0.108765610333229 -0.0988808001003711 0.00818569695776908
-0.188569608835389 0.0413727571747585 -0.0488445373034085 0.0243844032213291
-0.195838563509517 -0.00135529466339258 0.0381438180780355 -0.0363375349068843
-0.178846716354521 0.0602434031878579 0.13103583828089 0.0486688376022737
-0.102388028657947 0.164333709020257 0.199881254522578 -0.0581768902535309
0.0163504261720073 0.170914727811947 0.114473180277888 -0.157313408865636
0.11191453123757 0.088116674618298 -0.0272834267784756 -0.154828123372347
0.112689888827384 0.00850145421319525 -0.0699988720638746 -0.0662139012020049
0.104258823061644 -0.0379183958813309 -0.0510344786918007 -0.0110551335784296
0.0912107087732922 -0.0648630502277449 -0.0135712706712332 0.012393175836298
0.0952279697687788 -0.0684459205544716 0.0148466084963481 0.0178120294645579
0.0986801507388151 -0.0230370429954227 0.0308407300697122 0.0360040968428235
0.110593458436581 0.0237160394956987 0.0149215007542447 0.0757994571034877
0.0771533958743093 0.11198268993798 -0.0301347789164046 0.088910268155588
-0.00908570240788925 0.15774566443089 -0.0790961473618528 0.0463798741052081
-0.119828940514109 0.104254393614759 -0.0771731099766965 0.00564093995141726
-0.190613404063066 0.0229644664339014 0.00353354944086054 0.0207359846287794
-0.17300290265586 -0.0287029478458087 0.0996436152493921 -0.0213141824036673
-0.184165551718824 0.0258276657366246 0.162259490303469 0.0627243008678661
-0.129404780751474 0.14529093751169 0.213334914195313 -0.0222595635057317
-0.0079579547304449 0.175813384353244 0.144892375905999 -0.119604365524981
0.104402071456069 0.100561792997041 0.0184536344262626 -0.134733471914499
0.112227912500117 0.013464133402845 -0.0226585309064517 -0.0662359564267601
0.102713683605526 -0.0344875710145256 -0.00985401343571937 -0.0281035649896779
0.0899068133280782 -0.0618542865961824 0.0182492735347237 -0.0120069101222382
0.0912394711299363 -0.0684637886950515 0.0475680787427324 -0.00403178224818372
0.0956087561285195 -0.0263106904078577 0.064402840926203 0.021764427274356
0.106712921282452 0.019527313995747 0.0464966154261122 0.0712429697238672
0.0706294855714423 0.108537083667665 -0.00483908926020891 0.0918047322390387
-0.0187768114042817 0.148422399735438 -0.0602633528310595 0.0545108035748415
-0.12092240219528 0.0839271309447339 -0.0568243017118917 0.000583584302616473
-0.171383610214593 -0.00344470631999819 0.0517809549901615 0.0177671827616921
-0.117235780810442 -0.0473504603611817 0.143542368286057 -0.00571061255239499
-0.150691272129702 -0.00990988453894063 0.177632698319122 0.0705398975800907
-0.124080502200869 0.0998033521937939 0.203898522861612 0.00936192947466383
-0.0256534300715942 0.143795163487388 0.154809996953529 -0.0774710623074243
0.0786504891530063 0.0898606897660115 0.0552298314133735 -0.104214547677464
0.0925517110710481 0.0135697259471424 0.0203813299082409 -0.0613233013037925
0.0842044850372234 -0.0270295629355439 0.0278551963974525 -0.0417912920051867
0.0746810160852402 -0.0506424881185959 0.0467409365495845 -0.0334890629094402
0.0762670693447279 -0.0577832072318599 0.0767256280937753 -0.0233198819177252
0.0831654610334232 -0.024020193633526 0.0934216219898889 0.0106550475955649
0.0925306281557354 0.0174121689162708 0.0734858509075643 0.0697544204827233
0.0547997975549537 0.0967514399504079 0.0139487958954811 0.0950650095281735
-0.029058877971236 0.12470200271342 -0.0459920795064159 0.0606473094005963
-0.113673199854422 0.0535749257674566 -0.0376510054091609 -0.00235521762069168
-0.13192454385635 -0.0323572036636797 0.0924275160092805 0.0201944140607809
-0.0404059652437668 -0.0552932228878018 0.162094926976544 0.0033979226564598
-0.0859216785262285 -0.0350515399768561 0.176622708295471 0.0643350707662555
-0.0848392460369564 0.0442985200994889 0.180608829121119 0.0250890141460514
-0.0276423999855312 0.0855994825072212 0.1486243070575 -0.0460078354196547
0.0441515678860071 0.0587677053597811 0.0784520839028934 -0.0770419522882712
0.057278680550113 0.0084679705322089 0.0505473132981469 -0.0567031227012194
0.0511818178271373 -0.0176416070774659 0.0549596339269382 -0.051624838007528
0.0474751698333202 -0.0324594128849771 0.066891627915905 -0.0499130367504026
0.0507274433962563 -0.039646021827982 0.098916032368771 -0.0379296260623871
0.0609782882994907 -0.0186419328251372 0.115572287481806 0.00483671471246705
0.0687521954375681 0.013548757038742 0.0934861715885858 0.0727687222951443
0.0348344929641357 0.0745353054792225 0.0256519560322385 0.101994804412792
-0.0350565659431091 0.0882224746964716 -0.0393128997818155 0.0698383581473546
-0.0921141333411197 0.0182558529100978 -0.0238954449638278 -0.00249254654966595
-0.0750535032632326 -0.0568655645847221 0.121287012047312 0.0285057228325937
0.00619112433849817 0.0524229948293942 -0.142944631533325 -0.0246091171630851
0.0492916353093874 0.00398352885911449 -0.00265173228730853 0.0176347302811569
0.0318773074804681 -0.033666609593345 0.0524630697546186 -0.0763014066055719
-0.0146546777570102 -0.0359774796459277 -0.0228193143166229 -0.123578023176706
-0.0300574333915651 -0.00264941693687168 -0.106935126790634 -0.0948309149482571
-0.0144147861120998 0.00820989773799068 -0.142970648893186 -0.0199309473822485
-0.0127621405961152 0.00475589984498476 -0.118238100329134 0.0433712165641308
-0.0132434609946457 0.00259360107333849 -0.0804466467753345 0.0651454974319209
-0.00880047173407428 -0.00104449052029911 -0.0686473843001678 0.0587930837793957
-0.00287138372156075 -0.00509903364817254 -0.0706054185434137 0.0589144855566417
0.00580209575393547 -0.0136016540790936 -0.0849242589472651 0.0632547553817083
0.026047843975973 -0.0127069455428442 -0.121366991682685 0.0362196078624612
0.0425972576476025 0.0226046744838125 -0.147531158025804 -0.0204302557728331
0.0109501997912914 0.0553541904576236 -0.150586209914457 -0.0298808529791666
-0.032991247452795 0.0631837810849023 -0.152957282964723 0.0124801375454024
-0.0656056173035532 0.0578052176555087 -0.123194845093927 -0.0356930502569827
-0.00546288059649184 0.0423114346536095 0.0166774266579185 0.0169504009939178
0.0155333648294119 0.0283746149067598 0.0783023257129615 -0.0905056175043568
0.00956526779451207 0.0128528770834804 -0.00797998922856071 -0.147251661945596
0.0132094077113798 0.0106093317156079 -0.11191777326423 -0.114436922773106
0.0215592656256079 0.00145371176668187 -0.147170689211332 -0.0279403249922807
0.0234874019350392 -0.0141511048324998 -0.121142659893733 0.039689234677529
0.0213519177384174 -0.0219485087122451 -0.0783045269497579 0.0643217975246282
0.0298961970551953 -0.0217533735000612 -0.0635156614865631 0.0594524792544705
0.0367856801274535 -0.00229804056014478 -0.0600328127429889 0.0594522028936637
0.043190323737295 0.0132715516923646 -0.0725760812270795 0.0678157970698992
0.0346901440441845 0.0443130676582268 -0.106566405698767 0.0496957527852492
0.0109945696552515 0.0768653731315992 -0.135208038319618 -0.00346319005029596
-0.048511722759697 0.0752646779592766 -0.137792598851362 -0.0108861588030361
-0.104171388654411 0.0583769203196514 -0.134476269752597 0.0188257841101993
-0.131300841110957 0.0504033586077576 -0.0830748877998988 -0.0430929160625398
-0.0705671665278899 0.0701576562327572 0.0494888920694512 0.0214305159392469
-0.0129142491503129 0.0927991839733991 0.117812581695097 -0.0967500142977475
0.0285310553288829 0.0718666156570351 0.0223368902562849 -0.168406727395072
0.0579624655926741 0.0311905229683479 -0.101952309736883 -0.13583251055269
0.0594266024857234 -0.00173462919762191 -0.137210276094929 -0.0405876315058127
0.0590313937834449 -0.0285926214360897 -0.109869832701265 0.0269318431676752
0.0528886048178336 -0.0437668195392788 -0.064949184918405 0.0542936364825757
0.0615499098557536 -0.0425140547081735 -0.0445686430454776 0.0529251883664159
0.0685442688925692 -0.0070252794746958 -0.035398110748087 0.0574025512147781
0.0769028862974941 0.0249745760043101 -0.0478092322885448 0.0762456987979512
0.0535546838742119 0.083626284766284 -0.0845674623385251 0.0689028434108853
-0.000639930483890215 0.121376309685504 -0.119381636694098 0.0183295728827853
-0.087230253571045 0.0962606311893043 -0.119623144898564 0.00386377642737196
-0.157024802804998 0.0535906056985684 -0.0969052036142068 0.0237989281026412
-0.177468256250322 0.0298699476914949 -0.0265863623855081 -0.0422009356903963
-0.133553461369972 0.078780363245791 0.091461885635093 0.0320927512846654
-0.0536592739384354 0.14380215195995 0.161423588056307 -0.088335016435657
0.0331849448118905 0.130027729720883 0.0657581776324511 -0.174730812034001
0.0951356888328176 0.0583718735258462 -0.0741764992308876 -0.150926585252388
0.0922833740564065 0.000330853106299356 -0.110686642118763 -0.0537809965578085
0.0867371473464484 -0.0372759175916458 -0.0848401499562735 0.0101017894796695
0.0760598962455769 -0.0597100811371044 -0.0411999882937508 0.0357444415556315
0.0822596534398523 -0.0602964722949656 -0.016214877313391 0.037853465471189
0.088899023677545 -0.0163196302855857 -0.00206105534826455 0.0484052850307349
0.100174396121033 0.0246658110042229 -0.0145766015418412 0.0790152982440018
0.0719032999062373 0.103933843364265 -0.055727456126874 0.0838030268425885
-0.00245893222957341 0.148114216058333 -0.100102743887257 0.0372928458211408
-0.107395648374053 0.10863120491389 -0.0980763346208614 0.00952409808666403
-0.185327803533951 0.0445489173859595 -0.0479062205955988 0.0238718026754077
-0.191836323460003 0.00255174685689066 0.0377363467529898 -0.0344211971159613
-0.175719814938971 0.0617401923721164 0.131256594143728 0.0461964029779148
-0.0975025194008588 0.163233714561272 0.196394300693289 -0.0617482902452847
0.0191532294922774 0.169533841017951 0.110538313485255 -0.157842911319249
0.112315825518318 0.0844615211548722 -0.0309373943260538 -0.151280191112789
0.110948369726048 0.00600861396210671 -0.0701006198794067 -0.0629000006911615
0.102764761256662 -0.0393596388080079 -0.0497310401008197 -0.00944037721359928
0.0878697138754226 -0.0665576852367267 -0.011702636709892 0.0125393780838673
0.091438325647523 -0.0702835279008689 0.0160116260068982 0.0173461521807833
0.0967466589325608 -0.0236601268755414 0.0322578592054786 0.0350818384102886
0.108976704721646 0.02053721826572 0.0188942455610712 0.0758145540749011
0.0785000252754746 0.109219088224989 -0.0269545482180418 0.0907547869934245
-0.00579172755283751 0.155196836013688 -0.0788762499200055 0.0496852539534953
-0.11595742559316 0.104454697154585 -0.0766239408379203 0.00785991421033132
-0.188464668945568 0.0268381276712061 0.00295902578368464 0.0197495503385264
-0.170459942645094 -0.0243169158453583 0.0981064375128637 -0.0200609100371529
-0.181743438656253 0.0285917088788785 0.16157753432647 0.0602961212029499
-0.12383890199578 0.144790744044511 0.210324095657649 -0.027098839543752
-0.0046772985521704 0.173937014064528 0.140597790592426 -0.120930760527293
0.10500892519533 0.0960843596010523 0.0141116539525418 -0.132479538215859
0.11072960451725 0.0105927107853041 -0.0231001014623574 -0.0641943579444383
0.100851871695943 -0.0358581026216224 -0.0094329989232498 -0.0273465119432428
0.0865792619497696 -0.0636397018673335 0.019081923617133 -0.011527887555324
0.0873072084329012 -0.0689572268584598 0.0474509199559749 -0.00483392180468955
0.093523662693362 -0.0275542884937585 0.0651325079912694 0.0200982708788483
0.105308297470425 0.0169843054149863 0.0496042035147755 0.0703819007194627
0.0717775352374476 0.105759987322834 -0.00190712752940471 0.0927342062295958
-0.0150610107833382 0.145982844868646 -0.0597655018240556 0.0572071845503553
-0.117065161330582 0.0850180875121719 -0.0563006006327694 0.00265445568907919
-0.169373671310842 0.000978833992755882 0.0508381264253467 0.0160679554160613
-0.116635016541431 -0.0442386132500698 0.141338827769994 -0.00502231066715209
-0.14893645256848 -0.00619689538973301 0.177549183219747 0.0677801460159906
-0.119017757816932 0.100589966487433 0.201735150619839 0.00479576535260321
-0.0219226145902924 0.14279448149368 0.152047259724971 -0.0799684912661336
0.0801293857999715 0.08579261771052 0.0513848789625955 -0.104042023032301
0.0909496590295402 0.0106087902057808 0.0193464513065145 -0.0604121274924795
0.0818386870385581 -0.0283882117842407 0.0267595317637404 -0.0416892351996034
0.0713780389229421 -0.0523720697007308 0.0458877289848427 -0.0335724929042037
0.0724737997418642 -0.0585504853248529 0.0751501180668684 -0.0248844540581891
0.0804646334134324 -0.0258159105678493 0.0930280401525262 0.00852732890789873
0.0906916254963637 0.0142919005425547 0.0755520985632275 0.0676019445707268
0.0564624047508552 0.0942134578083799 0.0168147047517002 0.0951366935183817
-0.0250805359603135 0.122912109992787 -0.0454658931926312 0.0629895740175163
-0.10973654629233 0.0553967505659623 -0.0378791692278723 -0.000290755818670441
-0.131076098977005 -0.028372753619758 0.0908478040481693 0.0177454120097773
-0.0406160677095959 -0.052585011423229 0.160289344136355 0.00303076344873639
-0.085645198822814 -0.0323570005385265 0.1760547224313 0.0624722918443931
-0.0818077130986858 0.0456320993411653 0.179335385713757 0.0214051601341236
-0.0246413803019089 0.0848262972297062 0.145719351470722 -0.0491347337927956
0.0450070345023829 0.055520618358653 0.0746924125490557 -0.0780851155106568
0.0556125027016009 0.00591911941914413 0.0488351060727934 -0.05662810671705
0.0486522825938741 -0.0182250469762435 0.0528483832824895 -0.0517569135658519
0.0448989868893978 -0.0335245341040038 0.0642330606820031 -0.0502756513154982
0.0471730765177311 -0.0403087739256456 0.0960524097406119 -0.0395934125053276
0.058384515466871 -0.0203022702515069 0.114436115532749 0.00201663576985699
0.0671417027651056 0.0112975657714731 0.0954044577586501 0.0702724558456034
0.0363276043549403 0.0721475924145865 0.0278035992700863 0.101391084923119
-0.0313109382589071 0.0868327041673638 -0.0384074042658889 0.0713415676373013
-0.088736662946217 0.0201645756457824 -0.0240685082491205 -0.000542613899260504
-0.0757001558245846 -0.0534854244527323 0.11958614558749 0.0253587898721951
0.00828087208865895 0.0503048358334086 -0.142000055761388 -0.0187894423415857
0.0475015922684042 0.00174898033758645 -0.000670707817836817 0.0175643840362388
0.0287498650966815 -0.0336733058757807 0.0506077591111257 -0.0788947536814952
-0.0159645123884213 -0.0337488241509375 -0.0272901910337387 -0.122734234656533
-0.0280041193359448 -0.000247525840241552 -0.111036251460456 -0.0900481532491479
-0.0130039295406488 0.00868005736259248 -0.143903039775018 -0.0137449242200084
-0.0115796075390922 0.00464648704653821 -0.115576144091119 0.0476955604167775
-0.0120334076823211 0.00367120035588772 -0.076424618375606 0.0665639829264219
-0.00830404179638689 -0.000738595277104548 -0.0652438786773574 0.06188334205638
-0.00231074610251762 -0.00446602829182046 -0.0670094302033072 0.061958054896286
0.00584553837626193 -0.0131438504286995 -0.0810585778370768 0.0667136446463754
0.0246645415093703 -0.0123276797361789 -0.118759610997475 0.0415561822040722
0.0423671572418588 0.0201557010991933 -0.148501632290517 -0.0145589153732954
0.0125142018644688 0.0536347181417327 -0.150599060223062 -0.0261807838131547
-0.0293547826305996 0.0627311751917302 -0.151937733328924 0.0150212881580101
-0.062859486609218 0.0585721508981961 -0.122744684793012 -0.0299689233518605
-0.00529453697080808 0.0411017468608878 0.0185893652104792 0.0166204623311226
0.0151461961169104 0.0278910927344421 0.0754440655106901 -0.0941882147241968
0.0092979342790097 0.0143460697831367 -0.013411834413769 -0.147139097990677
0.0140695049991004 0.0111487536039594 -0.116473132675683 -0.108371000339512
0.0222694589274668 0.00103247321500875 -0.148289743485326 -0.0208761188644249
0.0241119204475937 -0.0152751951629113 -0.117819135306589 0.043744859825496
0.0206888362149944 -0.022334284013455 -0.0738499880657418 0.066439172984085
0.0290287440176046 -0.0225561741542117 -0.0595193122320337 0.062669132183174
0.0377171687947394 -0.003703818532489 -0.0561574236290886 0.0625745002027535
0.0439766985573112 0.0118615603942787 -0.0679034801876442 0.0715667091358111
0.035403131938949 0.0440682751931797 -0.103392071597407 0.0544473547746618
0.0127679116043143 0.075325247279811 -0.136204141568637 0.00214447392979485
-0.0457767747046207 0.0758434685252312 -0.137952580776653 -0.00772418660709105
-0.100889189038716 0.0607580580848319 -0.133322873781304 0.021241468619583
-0.128253105856239 0.0535029155950113 -0.0831220545888726 -0.0386486549428655
-0.0689154593640743 0.0710528148516913 0.0514489914927958 0.0196858255493619
-0.0108039381656618 0.0923263753003029 0.11441842590554 -0.101478928335471
0.0300340156545405 0.0715198742034293 0.0161852293859096 -0.168371178860208
0.0593094630761642 0.0296174000956431 -0.10703128512343 -0.130040185122213
0.059717808228079 -0.00337465047111949 -0.137879502778049 -0.0346357445015531
0.0578891471142781 -0.0308092535683775 -0.10700648635363 0.0312383089701112
0.0511216435598236 -0.0456490614991947 -0.0605737102643065 0.0557108265501155
0.0592659627826321 -0.0449904516440149 -0.0408557096118799 0.0545654901661483
0.0688939086605561 -0.00901475854217616 -0.0311346154446162 0.0591875847238539
0.0779009316292564 0.0222627399902384 -0.0424600910111163 0.0784224295629948
0.0559145653264386 0.0828952109540807 -0.0802155181646301 0.0737223647298426
0.00312519510041097 0.120041062324646 -0.119781560832314 0.024194267081841
-0.083707879395511 0.0979733340428996 -0.119289847648753 0.0068730229654747
-0.153505701600081 0.0583727299326792 -0.0955436743037785 0.0255144439413588
-0.174405591426626 0.0356734848204412 -0.0268374644688484 -0.0390437389183115
-0.130363460054044 0.0818510686919541 0.092571446765631 0.0284005841989347
-0.0484828361631242 0.143962760913895 0.157825028960423 -0.0941033302400332
0.0374591458035367 0.129441265863597 0.0589922290213147 -0.176313096382914
0.0973298638094083 0.0545172790122671 -0.0805198246199783 -0.145755266450759
0.0915896969360248 -0.0030257495797949 -0.111467112249662 -0.0483395177352722
0.0853129385709601 -0.040595753365588 -0.0826248193258498 0.0134593334358352
0.0728814124879804 -0.0627264718387597 -0.037237853675751 0.0372224029346316
0.0786549975549088 -0.0631902142769151 -0.0129772118441509 0.0389322851493504
0.0888991038208483 -0.0193885748287462 0.00138770534239823 0.0489458700276724
0.100475221697358 0.0210244161338688 -0.00898519385580773 0.080113633514669
0.0752084664357118 0.101384902943771 -0.0515392201252571 0.087306907063043
0.00321297730742009 0.14708236157894 -0.0994629373858899 0.0430118084554672
-0.103303876712859 0.111686838067281 -0.0977921014755933 0.012777207900204
-0.18167802374415 0.0508251281791424 -0.047237774393218 0.0238867960847005
-0.190442014636358 0.00927458278402822 0.0372898823931856 -0.0329067491746916
-0.172803727683216 0.0670762982925555 0.132925646541697 0.0417338375367032
-0.0901810330716968 0.164548379215693 0.193300280424754 -0.0687465850116916
0.0251154921706129 0.168295675986767 0.104176066686942 -0.161018979246619
0.114723550348486 0.078910479529742 -0.0381763895780311 -0.147549361131557
0.110520635789137 0.00177554289663647 -0.0714695747094877 -0.0590155886634688
0.10060114744489 -0.0430755518820926 -0.0485714374341708 -0.00698084991955807
0.0840229524695207 -0.0703400143371459 -0.00961540766801938 0.0131255039062005
0.0864073948790523 -0.0734622865944874 0.0177379906158919 0.0170427474233674
0.095833393169089 -0.0273933556650429 0.0349414897867079 0.0336111699582942
0.10870050105735 0.016581270223913 0.0242320151844012 0.0758560978642484
0.0820611090513638 0.106200312206187 -0.0223025124192163 0.0928990615054898
0.000698703901352296 0.153985219932386 -0.077902673904098 0.0549918657638355
-0.111580341798369 0.107970748281572 -0.0764947816865322 0.0111431441140756
-0.18556912603803 0.0340832897132685 0.00345703815081463 0.0186383855607707
-0.169953870916765 -0.0177625556253543 0.097900871490132 -0.0206093335375075
-0.179991316419852 0.035070156005776 0.16421662987023 0.0547453412816466
-0.116781187552043 0.147622207011535 0.207443905422402 -0.0347609100358827
0.00232715655710693 0.173973750107328 0.13578244910118 -0.126285852190826
0.108504560995433 0.089880288825859 0.00755342520638967 -0.131019016716268
0.109786338897327 0.0056497136924492 -0.0247991799555302 -0.062656186164095
0.0986614269581575 -0.0395656619967007 -0.00998059068689551 -0.0263602951030562
0.0824851098828663 -0.0671988923393639 0.0191913302868523 -0.0118585462054623
0.0824611984113804 -0.0724475311205867 0.0475352801804835 -0.00685558107762207
0.0919950335022055 -0.030929195648018 0.0662164702027916 0.0173770111394698
0.104020828680691 0.0124457206111183 0.0545087332943833 0.0689859094751714
0.0754489172492308 0.103045083093845 0.00303690795957839 0.0940524869532616
-0.00838119089248492 0.145240328853323 -0.058341847520273 0.0610977746452025
-0.112869615656317 0.0892757856314876 -0.056391139205584 0.00543610121568538
-0.168411242453515 0.00774712694983901 0.0505896449782604 0.0138041359037457
-0.117555760782103 -0.0385168110488687 0.1413734764477 -0.00712723563616223
-0.149083068236895 -0.00103214503279038 0.17982511028844 0.0621491821319643
-0.113279493707888 0.103865625229839 0.200926768676462 -0.00268560798705597
-0.0158739756617991 0.14268743888335 0.147792415742619 -0.0856459018078894
0.0829638696774788 0.0805332224775851 0.0460843688449439 -0.104305636149
0.089396908691986 0.00609201519593438 0.0173459520261593 -0.0600857197024428
0.0795763663252874 -0.0313785160393696 0.0254896995757709 -0.0419590667049793
0.0677724552566669 -0.055011340006263 0.044039297273448 -0.0347085005395747
0.0677859336808778 -0.0613550336183234 0.0739124970696617 -0.0275091284936029
0.0781414797573465 -0.028696509549286 0.093592323925718 0.00410743675350013
0.090148861332437 0.0100621031952382 0.0796012654847769 0.0650538783647013
0.0597521289405492 0.0914077571839872 0.0215079981884724 0.0954389044858757
-0.0194188463135403 0.122713622937981 -0.043463535835886 0.06648206351054
-0.106403566080119 0.0590272737985844 -0.0377213372226424 0.00179440567027171
-0.131701450381166 -0.0223192439547966 0.0902458478597024 0.0140726295027553
-0.0427598061753743 -0.0500716655501853 0.159844448728143 0.000867825833679136
-0.086332215048524 -0.0283483422764469 0.178601537546107 0.0567477789587931
-0.0777266270653727 0.0482128457267532 0.178904488263474 0.014357081364549
-0.0205814390242447 0.0846485435433613 0.142991844707154 -0.0550655106102146
0.0466368526156274 0.0517491050715517 0.0700625509988037 -0.0802146055707592
0.0539747129757117 0.00263598370155608 0.0466696367350477 -0.0579031318937297
0.0469335860551291 -0.0199732447798208 0.0501422907583676 -0.0533125258668112
0.0423111746016511 -0.0350134205368459 0.0614402959719744 -0.0518071715534581
0.0434730022729795 -0.041168118434127 0.0935655503634131 -0.0431520219547902
0.0560744384652712 -0.0229702340281554 0.113867073678215 -0.00319664225254886
0.0660365123734233 0.00768766000737933 0.0986552434589 0.0660099587426378
0.0390377431752673 0.069660185741132 0.0316738053871687 0.10104426513517
-0.0265643790329 0.0864888926978981 -0.0363155993727917 0.0739520847221197
-0.0860716932983486 0.02385125178915 -0.0243745698666652 0.000946252599977305
-0.0777421896017628 -0.0485433716640873 0.119126526896627 0.0203111871569101
0.0102074287240186 0.0473980397707738 -0.139665398182497 -0.0102395378820463
0.045071622333978 -0.00146605175148841 0.00182808206875783 0.0164657558169921
0.0248198238524088 -0.0335792366619768 0.0471175196259863 -0.0815959381442351
-0.0181425078382146 -0.0307404948105063 -0.033738943070557 -0.119382921309564
-0.0266374330034935 0.00229053900111787 -0.115077165480463 -0.0818548069975923
-0.0111070935690284 0.00961500998267468 -0.142839490375845 -0.00449923608924554
-0.0104777824855455 0.00499174508824308 -0.110460496892469 0.0529944774296664
-0.011095549443181 0.00427433903856822 -0.0703264506153061 0.0687368727636504
-0.00667944259071442 -0.000622601860770098 -0.0601934785227975 0.0647647857244813
-0.00171397179608951 -0.00476575213000967 -0.0620469420677188 0.0649500351295065
0.00496893956015193 -0.0128126821426694 -0.0744980143314171 0.070048267369648
0.0224889361203579 -0.0124362526704881 -0.113029597645203 0.0475675094894062
0.041247968750542 0.0169444656061973 -0.148044129577587 -0.00540778238872207
0.0149452862077916 0.0506599065388098 -0.150149907198263 -0.0196865339560479
-0.0244716156521128 0.0616076812048058 -0.149640834238829 0.0201717465640018
-0.058305748549291 0.0593262304826339 -0.120838226126054 -0.0227760744368324
-0.00457929477734915 0.0399610510578327 0.0202990957691435 0.0143615384332197
0.0146181558681018 0.027038902099746 0.0699176263453706 -0.0970210513407582
0.00945134378322481 0.0151498105416345 -0.0213327685767066 -0.14359211944141
0.0157736703767684 0.0109675457273474 -0.12123901709521 -0.0994098284149089
0.0229873278101217 0.000229801373379038 -0.146799585427017 -0.0117776647550961
0.0238089522293914 -0.0166352510989996 -0.112492633908089 0.0493744470357613
0.0198637702411664 -0.0235261122178603 -0.0672338895763044 0.0680571291161725
0.0277869193441175 -0.0242611583945746 -0.0543687269908344 0.0653250352999912
0.0374331050368554 -0.00514885314823495 -0.0505564171238079 0.0650779471374746
0.0440406908340122 0.00992721564287442 -0.0611997576855064 0.0745063073303762
0.0366823549247941 0.0429108189668048 -0.097760405100172 0.0605555405620312
0.0158058476650134 0.0732426365399402 -0.13498388911015 0.0100992549737534
-0.041886679597638 0.0755215380067409 -0.13679563334262 -0.00174453038331107
-0.0946464434901309 0.0636881692366985 -0.1304154323134 0.0256541454579145
-0.122676234391092 0.0587643183374058 -0.0821072943112307 -0.0325337677147526
-0.0649365809204831 0.0723082180153534 0.052401940627625 0.016173183608848
-0.00706701987278379 0.0906908373967489 0.106816613455025 -0.106103813256639
0.0328733426222497 0.0705787188762885 0.00715496503581377 -0.166269696140507
0.0604474501371705 0.0265207261360851 -0.113113890912182 -0.120247071360474
0.0587520428010076 -0.00583250188011438 -0.136932593965559 -0.0255028321671793
0.0564300428272377 -0.0339910271480455 -0.102150756547527 0.0368002800274035
0.0477032186680064 -0.0481026657505914 -0.0545341985619179 0.0569334483013379
0.0557266111668415 -0.0477761840388572 -0.0358238825885017 0.0566077082760602
0.0683926995733266 -0.0129128439660446 -0.0261015162333042 0.0605858979855713
0.0777493707568629 0.0178122869249201 -0.0355420356443662 0.0800091143275517
0.059615768411142 0.0795346209580918 -0.073929200110932 0.0775244125776673
0.00865016831659586 0.117744237336144 -0.117406477216449 0.0317811334050525
-0.0773169169916331 0.0998539061657932 -0.117572950559076 0.0122810133273992
-0.146640440367948 0.0651155374905594 -0.0929991074808998 0.0285540114047568
-0.16851235314174 0.0439182160801959 -0.0267627196423261 -0.0359437081567889
-0.124114614757133 0.0861904180480639 0.0935101434223129 0.0232333099954891
-0.0404874215289968 0.142956231527516 0.149602203583547 -0.100893322165693
0.0429981724206131 0.125719832758552 0.0487252281306235 -0.176197469058036
0.0985540930317237 0.0482695345379218 -0.087498770355991 -0.136891178883786
0.0903613064842767 -0.00776518171457218 -0.111934278348717 -0.0407604099200546
0.082447338070627 -0.0447313310408344 -0.0794780608458228 0.0177700006455254
0.0675736375108501 -0.0658395352365572 -0.0331847495525666 0.0379554219015704
0.0725758547821477 -0.0671674266277343 -0.00950329650912979 0.0389349874440397
0.0871304648863434 -0.0235864716333554 0.00555851247037426 0.048176334049744
0.0999026956566366 0.0152346300137791 -0.00235993527122203 0.0799279725813876
0.0793339972690943 0.0970699430701528 -0.0444759833527332 0.0901888547651752
0.0110869972169934 0.144042063439859 -0.096356472435517 0.0495754909144779
-0.0959141702303796 0.11468841639652 -0.0955042786278854 0.0172656426705731
-0.175287553314661 0.0602900641661339 -0.0458081047985208 0.0249195511721577
-0.18590979631176 0.0191543733130512 0.0359510902442164 -0.0324949888303872
-0.167170191635399 0.0746964852559139 0.13373982141708 0.034812966838019
-0.0801496986323424 0.165038442567419 0.185375116389991 -0.0780559020219655
0.0333448396329255 0.164951266078159 0.093793727889476 -0.163735621311418
0.116992818267315 0.0705842189897503 -0.0463622632639099 -0.141518747057598
0.108617215008451 -0.00415335439870986 -0.0727656234136832 -0.0539081914840411
0.0970191830800241 -0.0482593960166046 -0.0469593711641674 -0.00409555777922035
0.0775863021259123 -0.0742164486589639 -0.00709434711285954 0.0130384766619317
0.0793268839972139 -0.0772129338081231 0.019563656861281 0.0156628288772299
0.0928971034803092 -0.0320256133405609 0.0374230718896742 0.0312869807528736
0.10712295244132 0.0101802044537618 0.0302775947543819 0.0735184649759523
0.0866217629384442 0.100881726588027 -0.0153994938364177 0.0947237478493987
0.00919994456597757 0.150965914268889 -0.0743277796502668 0.0602408147368879
-0.103793550067393 0.111773659490069 -0.0750108151543389 0.0151520591772113
-0.180042726523385 0.0440530108095924 0.00355066780958882 0.0172432441149909
-0.167303580519057 -0.00795117268471448 0.0960551536984628 -0.0228948038519695
-0.175793911903542 0.0437057600910099 0.165243679466411 0.0462225675962165
-0.106250203600814 0.150251785736728 0.201828213295244 -0.0448645366374223
0.0115639221206284 0.170979228732259 0.126770644149441 -0.131653010491684
0.111031497861142 0.0814894627562858 -0.000763490655078029 -0.127572221286887
0.107395521715257 -0.00090371899417405 -0.0273889984042626 -0.0590445174535408
0.0944748460271819 -0.0445955594158776 -0.0105886700563493 -0.02502355412935
0.0761224452631088 -0.0712207823204611 0.0193648918644763 -0.0128614063483828
0.0751249642613928 -0.075705771298224 0.046861658644008 -0.00927601064231994
0.0882760183347702 -0.0355065988159684 0.0672710611979547 0.0128912622474798
0.102233765680476 0.00646627276327605 0.0592340057589202 0.065216260523106
0.079965782723683 0.0969916905264983 0.0091098110013059 0.0941836193010894
0.000332208515242563 0.14197020963322 -0.0548714574937034 0.0658164848484548
-0.105674112624772 0.0929732299172149 -0.0551496240105682 0.0091508082967188
-0.164321323255612 0.0175449172976126 0.0494620490103541 0.0100504627001917
-0.117608235303461 -0.0315391178530707 0.139596738750692 -0.0115944409429232
-0.14663120709485 0.00792281996885698 0.180726618090388 0.0527182161251424
-0.104611420572534 0.107605816318843 0.196501078017106 -0.0133660187248157
-0.00727635777244208 0.141013556229473 0.140394736278945 -0.0928602966343013
0.085706551569698 0.0727784176494551 0.038519684935946 -0.104097899048369
0.0870282631031916 0.000504807124456892 0.0144837164764448 -0.0599049725328633
0.0759971760783517 -0.0360503532709702 0.0227799249084917 -0.0423652520859034
0.0619789592162625 -0.058370274261964 0.0422125685786104 -0.0357422548179932
0.0610380417441002 -0.0633255058811693 0.0709195728517488 -0.0313458604466328
0.0748068970022579 -0.0329798460175694 0.0924738153189599 -0.00162160477165992
0.0878210422158723 0.00478477041898243 0.0833517991457102 0.0595384015592362
0.0640913278062039 0.0859668972470015 0.0274338581478797 0.0942649769408572
-0.011171765224863 0.119926337711281 -0.0397871499265991 0.0700037236573035
-0.100274289118909 0.0638548435665017 -0.0369623810470127 0.00469377623838698
-0.130359774741128 -0.0131258821521391 0.0889556537983657 0.00816231515977792
-0.0448659195416419 -0.0460686311484947 0.158139237332528 -0.00523260261234738
-0.0868879812670007 -0.0224183500757186 0.180032207902464 0.047692342794776
-0.0732762909944048 0.0513358139629375 0.176471045425597 0.00440450264876457
-0.0149083806227468 0.083780198576501 0.137209803383619 -0.0628059463717144
0.0486702658971928 0.0465548237967247 0.0635487729718688 -0.0821074785221022
0.0519002988003481 -0.00139757453057026 0.0428106481992444 -0.0593422894578853
0.0442004640442873 -0.0223276884598082 0.0461094157856224 -0.054805793449271
0.0381826269511812 -0.0368626085413392 0.0570650461201911 -0.0533941938079913
0.0387689061928255 -0.0424784102024784 0.089178435474471 -0.0478358447390484
0.0530285556027852 -0.0256995208211107 0.11150945646306 -0.0102398339042361
0.0644202555823651 0.00294653368742332 0.101905803336806 0.0593657380948362
0.0422442514354172 0.0662582660600044 0.0383416790805417 0.0985669711681431
-0.0203139510914747 0.0848949965132328 -0.0317317573540748 0.0762711764903411
-0.0820261213623389 0.0278336150781337 -0.02416299821781 0.00284760264967729
-0.0788756699585907 -0.0425870084934741 0.117121221040329 0.0129333055832464
0.0147998638067442 0.0434509692282396 -0.133761972625655 0.0118871642457031
0.0410282799468759 -0.00916317658880584 0.00431378331709015 0.0170462265350584
0.016388382512648 -0.0365105881091554 0.032582411779952 -0.0844972597060595
-0.0234332260318195 -0.0261397346881053 -0.0492219437803945 -0.108410116277928
-0.0260695797433197 0.00637746601915967 -0.122804493666005 -0.06026119141934
-0.0115842085131571 0.0123712584814562 -0.135343715013205 0.0190328962347301
-0.00909285072646526 0.00800011665749712 -0.0951184468253656 0.066889263993225
-0.00861706449473746 0.00701952225079389 -0.0559364953921657 0.0740141765021254
-0.00638362891848113 0.0014476593159185 -0.0473103589037293 0.0703002847542893
-0.00112420394228664 -0.0035587577359389 -0.0502499758155693 0.0712475045793685
0.00397083397509065 -0.0117047004554996 -0.0602409576168064 0.0765263906002621
0.0205733274046627 -0.0128807843850758 -0.101605993342762 0.0599235572870225
0.0415688264341565 0.0119038815732737 -0.144064419497348 0.0134597647210751
0.0218791884643515 0.0461152075286661 -0.146439483170034 -0.00115247646928046
-0.0146616508327752 0.0619709712756034 -0.13847922292031 0.0347528567562675
-0.0473619307440752 0.0664319954675018 -0.116921481204245 -0.00551051349617221
0.00198401365858322 0.0379690065685537 0.0204565335166915 0.00911016174358436
0.0175296822890529 0.0218934928198536 0.0491515873737682 -0.103708205841748
0.0105165984628108 0.0120296424701436 -0.0435089008615383 -0.133183935520699
0.0141921775964054 0.00757881456432908 -0.131886032730631 -0.0736910544347862
0.0189022814540524 -0.00168985287712266 -0.14045049336931 0.0138822262983662
0.019445493929657 -0.0190459844791503 -0.0987886104333925 0.0657395516191451
0.015676245173084 -0.023876563800958 -0.052177474492312 0.0733247840530344
0.0231108498872824 -0.0264500065763958 -0.0412768441711434 0.0700829849278012
0.0367385345833866 -0.0108224082769408 -0.0395364579453011 0.0695998562893683
0.0445676183234506 0.00304489209890471 -0.0478523280117674 0.0797030369103486
0.0431768761703841 0.0372829669748311 -0.0854789905600405 0.0693030311418044
0.0262873609070873 0.068187986909747 -0.128048234395992 0.0266528253230242
-0.0277670507390155 0.0781871678926747 -0.129594864522557 0.0151377772664327
-0.0810109396468011 0.0739964703109578 -0.119005791969878 0.0397287082770383
-0.107294040874719 0.0763463412783103 -0.0801390059675861 -0.0233131099001053
-0.0479278004797608 0.0786020482231127 0.0508000539444909 0.00258690042814215
0.00856726315590445 0.084454193950109 0.0799853131269622 -0.119580916299648
0.0424299634045917 0.059005608830576 -0.0236709101388131 -0.159524441400689
0.058315456126385 0.014084804499293 -0.128471720360373 -0.093211586355649
0.0516963491201826 -0.0133579758619716 -0.132812662825627 0.000273430466800979
0.0480370538528589 -0.0414029919722259 -0.0913873412039519 0.0531328365486614
0.0377788733438517 -0.0513474729375804 -0.0410327601281462 0.0616434881611308
0.045277015237031 -0.0538328434047955 -0.0246080242626981 0.0594208692297401
0.0648329485632259 -0.023082499167335 -0.0167536536117803 0.0624295884661311
0.077735629867946 0.0048858504255648 -0.0222137043446665 0.0813562419805143
0.071523179563263 0.0684398325608613 -0.0612418120452569 0.0825668386448341
0.0263703635522378 0.111666892824151 -0.108296543987332 0.0444981840476044
-0.0586350586782059 0.106654161862859 -0.108546419692672 0.027672776419094
-0.130427938013627 0.0824429435826825 -0.0823168282212936 0.0395501880161009
-0.152504992615891 0.0700464348380833 -0.0269456906365497 -0.0353898008465824
-0.101030764475831 0.102092790403978 0.0912198729390714 0.000589569580632579
-0.0130832624777344 0.138874263950675 0.119240835541888 -0.123834432430647
0.0623198581134074 0.109181381890264 0.011957810521875 -0.176233997777236
0.0976432299536922 0.0275419150194392 -0.108300026453551 -0.11085334002666
0.0812308246671626 -0.0203060404555215 -0.111214384825971 -0.0173787576406853
0.0714561645830718 -0.0574600586110106 -0.0738421876039907 0.0323363664387225
0.0537153674143017 -0.0714968978417572 -0.0230779433902259 0.0409482801794455
0.0582934288368593 -0.0755359176769127 -0.0024426058169357 0.0391471896846391
0.0805487388661037 -0.0365806387702836 0.0121487938289928 0.0462638706739491
0.0981356524313552 -0.000923806711934857 0.0090096551876067 0.0770985131299078
0.0936031134103194 0.0810596040976217 -0.0314336276699449 0.0908124757133279
0.0330299627474147 0.135440761190682 -0.0852112139023984 0.0583626368703339
-0.0735004214032641 0.123047762095356 -0.0863549103486009 0.0307207193289658
-0.15848661876413 0.081975580227327 -0.0373782898415768 0.0315035184502234
-0.171373190463275 0.0494553926882267 0.0345209230136059 -0.0418649947914799
-0.141666531342785 0.0986039924011883 0.132092870992637 0.00339326774726251
-0.0456533756946705 0.165923778077669 0.156348005160327 -0.110059842609164
0.0608996027340774 0.146979510190114 0.0546501875958186 -0.172975992711628
0.119153830419235 0.0447677024639899 -0.0714354132866372 -0.120619807723915
0.0989055250531836 -0.0217313988368806 -0.0769303069844498 -0.0345646617727955
0.0844688570684862 -0.0636123140704528 -0.0470548491262043 0.00675611502907007
0.0618673509274363 -0.0812820888030749 -0.00222154442108217 0.0143803263592985
0.0623270385535079 -0.0866725333741426 0.0219493632966672 0.0127644671534272
0.0844118110492889 -0.0463889579700124 0.0399739002522 0.0253771675662294
0.103597629227111 -0.00761782805006589 0.0390787251100661 0.0668481391020596
0.100558949526502 0.0828828913059479 -0.00341059308238606 0.0910021159546389
0.0329526413870685 0.141318021748324 -0.0624927154904631 0.0659893234125671
-0.0809346447568235 0.122071236071295 -0.0665762179189125 0.0258280849191466
-0.165800972520092 0.0675165856776916 0.00832852000783465 0.0188724503392124
-0.157859779878334 0.0198352664876541 0.092195020784085 -0.0406339083725401
-0.154484060528744 0.070974202396628 0.165047658241857 0.00960316025059994
-0.0720700974317161 0.157283219911255 0.177976635031668 -0.0825534136692567
0.0428890737456459 0.156955123347802 0.0908291892415161 -0.148856389340124
0.116366040159676 0.0550237990529968 -0.025905799426749 -0.115559419301302
0.0987077770324861 -0.0186918878416584 -0.0351579899787276 -0.0478836471282257
0.0831100319151987 -0.0602440104373627 -0.0160550653384553 -0.0192012633557024
0.0602249272141664 -0.0783139396515235 0.0179185371150994 -0.0135553421968496
0.0584447844429132 -0.0845487758084708 0.0447034644082508 -0.0144825063093508
0.0784734678195886 -0.0490495745762277 0.0653022220127075 0.00417011960708909
0.0980968176524362 -0.0107454121721966 0.0654379087975907 0.0546080368899131
0.0940592954031889 0.0795257738776479 0.0199562769360177 0.087692790589899
0.0231771243446211 0.133808393745342 -0.0423596269112336 0.0683665761349475
-0.0853588881859026 0.104266975512309 -0.0485204492671424 0.0181948142274603
-0.154160437473767 0.0405168361495644 0.0504141598777902 0.00702552245788109
-0.114040225795132 -0.0104129146759345 0.134335266596369 -0.0337784456517502
-0.133147307349558 0.0324581557907123 0.182501351343148 0.0158459310384022
-0.0773165464191753 0.11742935583917 0.180031887069874 -0.0506756299441183
0.0202497286866329 0.131870519650144 0.111368481814991 -0.114205432758972
0.091965442992669 0.0512961405079322 0.01566100939259 -0.100938803103513
0.0797598018461316 -0.0151799076530545 0.00404728900096019 -0.0555407983111522
0.0660218090405437 -0.0484258367847072 0.0129495021273002 -0.0410897801119059
0.0489597342703692 -0.0644000896909704 0.0353019648485698 -0.0389413690049198
0.0470216043735955 -0.0713620696482346 0.063879415739675 -0.0389789685039204
0.0650268503086591 -0.0444915543501828 0.087195989578304 -0.0136074506566503
0.0832780743268347 -0.0101671770244684 0.0873038912152645 0.0458195491817496
0.0765496008096325 0.0706632973581583 0.0375559165177915 0.0853347423009385
0.00897028318282595 0.114496072947283 -0.0276648707653694 0.0710293820549399
-0.0843201757783775 0.075132755511747 -0.0332574604320856 0.011788972869428
-0.1263405477497 0.00559355615554161 0.0861039106528801 0.000228293430885589
-0.0484882172020064 -0.0370077523052274 0.151501848489245 -0.0272968330708256
-0.0818452913631086 -0.00654345149899225 0.181232296994606 0.0143848436808682
-0.0562945817916059 0.0589122402058652 0.166521372433745 -0.0278217859495363
0.00365041968924306 0.0795155229889555 0.116297070533648 -0.0847392281490029
0.0534473062460418 0.0324791313967361 0.0443975566087313 -0.0861684001886266
0.0468365557142924 -0.0116530849941315 0.0315601488183313 -0.0604987441149763
0.0376688106557758 -0.0298719735925883 0.0336449024906679 -0.0577544529427645
0.0296169946569065 -0.0413940702001707 0.0460938754673881 -0.057422007467469
0.0286459165001632 -0.0477065165502839 0.0781089930719484 -0.0569075346411072
0.0449001675328776 -0.0347977753747636 0.10441007749063 -0.0241391452415692
0.0606822829986124 -0.00894286587942434 0.104154103530018 0.043162306199258
0.052647574015047 0.0547016341659153 0.0486571669630855 0.0886308078621127
-0.00439777279431972 0.0820874209109907 -0.0193301005302566 0.0765185540119441
-0.0725417392304522 0.0385625309556415 -0.0222360487634531 0.00819216632164249
-0.0815185449509759 -0.0294484666135285 0.111798151207802 0.000215948588844035
0.0145075207525257 0.0394258202264755 -0.124593249663598 0.0160774413935575
0.0369368908633862 -0.0100426928419169 0.00464631856661176 0.0150282894759721
0.0132830511147535 -0.0338197184333939 0.028639509027574 -0.0816193714980241
-0.0227687023205293 -0.0223415452852907 -0.0504442859558612 -0.100587552626316
-0.0224706031102829 0.00721506839858715 -0.118004691119813 -0.0516865890304148
-0.00944165646566513 0.0117855361537638 -0.127246765675666 0.0243899189503899
-0.00834962311493137 0.00724592028320743 -0.0871198425094356 0.0673547267787164
-0.00704762717829717 0.00658074887503846 -0.0500955836704357 0.0708190366761586
-0.00508663978072155 0.00175754533228794 -0.0417557241893769 0.068236127489308
-0.000433699459226006 -0.00310525834031015 -0.0438135522495128 0.0689950437666985
0.00346973801749302 -0.0110176635077839 -0.0533363945339599 0.0740221533557057
0.0182253082387677 -0.0119547126172229 -0.092736335849802 0.0597759318845254
0.0387576689145081 0.0097543233626183 -0.135843323601559 0.0185476946942298
0.021756245316073 0.0413632378058901 -0.139105860900186 0.00243045417774967
-0.0115313378395881 0.0577080624224066 -0.130312974527889 0.0356444913494975
-0.042822827659943 0.0630232024993085 -0.109186396477546 -0.00102513384892154
0.00193387956544073 0.0355800262692335 0.0201174467178398 0.00694808133936501
0.0163315979110049 0.0206594356554564 0.0426195478547853 -0.100277921269569
0.0105131349440236 0.0124908433071216 -0.0455592772520003 -0.124123704262702
0.0149330509243367 0.00714737001363006 -0.127260038739723 -0.0632941620377414
0.0189820237914907 -0.00259378170603215 -0.131216732462713 0.0196163307371653
0.0176848348360072 -0.0190175498064323 -0.0897196713938423 0.0656750057867723
0.0145827708757689 -0.0233796944630436 -0.0458882150354095 0.0699306862060751
0.0211374708003436 -0.0259784137641777 -0.0350333008863649 0.0679128982200567
0.0349037711147634 -0.0117218318729381 -0.0336129449068075 0.067775532130048
0.042532176552104 0.00152541859672055 -0.0407288662554386 0.0767105952048657
0.0422796243300168 0.0348443115489603 -0.0772615408076061 0.0684780810790948
0.0261612462433197 0.0634943312822026 -0.120883421989688 0.0307996123359708
-0.0242563206894655 0.0732978037930433 -0.122905964190676 0.018058384418684
-0.0735452341706724 0.0712987195729256 -0.111894670636593 0.0397710740872691
-0.0982959907166439 0.0747276863752019 -0.0751599561745967 -0.0190172128056698
-0.0433464292125128 0.0756523938926132 0.048122237640483 3.06818035330441E-05
0.00985192159599891 0.0798066118435997 0.0710913041305308 -0.115888816776867
0.0418652283703331 0.0556534153211268 -0.0269987910369805 -0.149356941235809
0.0559138020134507 0.0121213337043301 -0.124300025336688 -0.0814639206649568
0.0489540627844495 -0.0142931182227267 -0.125170927213411 0.00606759677367499
0.0439655174150245 -0.0419843053018431 -0.0835773278072287 0.0534863942123383
0.0337906221602352 -0.0502692860938964 -0.0353175737156475 0.0581918453999499
0.041005640842784 -0.0525481821153692 -0.0197957396521374 0.0567294281177591
0.061257015007272 -0.0245079600907014 -0.0120565397168382 0.0593869983267184
0.073669681673526 0.00212645933321213 -0.0167400526220096 0.0781754200125087
0.0704652013443916 0.0631843018720465 -0.053502467407488 0.0806584589922488
0.0286796286123057 0.103819496822181 -0.100785480754498 0.0467826014199118
-0.0516853586785514 0.101198786555698 -0.102897060935009 0.0290443463463467
-0.119435187060707 0.0815148716997161 -0.0771683395476854 0.038615838875531
-0.140858191349035 0.070339127707399 -0.025175305479023 -0.032020048205557
-0.092615993056641 0.0991932501491083 0.0860647765167526 -0.00312555994280136
-0.00860378636414556 0.131327283660434 0.108242751129516 -0.120930248631371
0.062960256915109 0.102410943302188 0.00525683217048271 -0.167066695982342
0.0925222323784003 0.0226454883714977 -0.105820317495735 -0.0987177357088128
0.0759821394023987 -0.0220402232731239 -0.105204699780897 -0.0117396368764459
0.0651162051071789 -0.0572080456901926 -0.0668993998970444 0.0331797351035028
0.0475917394503272 -0.0694970546169061 -0.019268787114223 0.0378013948496928
0.0516112620314149 -0.0733232263536627 0.000770049996615769 0.0367198701726924
0.0749997061803853 -0.0380000064855122 0.0142281435869257 0.0428376680343148
0.0924038800180581 -0.00434631812769971 0.0134013528047161 0.0725327093598447
0.0918128032490828 0.0742138539420898 -0.0248846547658052 0.0878168803099089
0.0353825032778661 0.12609801865438 -0.0784997086147412 0.0600711322016872
-0.0648836796869816 0.118086908535457 -0.0816348015067078 0.0312232665060242
-0.146201015683751 0.0818979592388855 -0.035148204003116 0.0304249510904763
-0.159377154818799 0.0516316806584249 0.0322463654598895 -0.0394047090842926
-0.130691822041408 0.0973205444398697 0.125300873680945 -0.00159908153302465
-0.0381965316319458 0.157576304729603 0.143503339634662 -0.108668890405967
0.0629909430227674 0.138414862239577 0.045719712466184 -0.165303371080649
0.113336911482534 0.0377295513546385 -0.071030365060431 -0.109169991388554
0.0922587945134176 -0.0234671663901236 -0.0734846344304023 -0.0294903161051842
0.0771496214906739 -0.0638583139691709 -0.0432753275903357 0.00844275168326964
0.0549973047968988 -0.0790681256002003 -0.000818928908598816 0.012802404461479
0.0546630955213029 -0.0830916795670999 0.0222849431358373 0.0110316652503214
0.0777196357195131 -0.0471843996127955 0.0399555379047834 0.0220920020846327
0.0973684256644646 -0.0106262099017339 0.0410720682185349 0.0613399444430363
0.099094960426096 0.0748834144227337 0.00213520678659289 0.0865631284936993
0.0361848533680465 0.131274932334921 -0.0563348301743397 0.0658562709820275
-0.0719609536022047 0.116975833745741 -0.062479931254336 0.0266712718929518
-0.153179574732274 0.069614282042066 0.00805432537054241 0.0172016941469351
-0.147779235961083 0.0245001936318568 0.0868921820499453 -0.0402669930756586
-0.143686304426376 0.0720755287075919 0.156895321309373 0.00356068298316864
-0.0630069481922056 0.149775778712793 0.164796874268016 -0.0833178421463096
0.0464572433629798 0.147595797129639 0.0804269350027077 -0.143914201895414
0.111141098771366 0.04715674121479 -0.0282534149895611 -0.106374665341044
0.0917792749418431 -0.0209711063853572 -0.0346682326966245 -0.0441309120259036
0.0757455893564447 -0.0602220289928224 -0.015068646206049 -0.0174043324762185
0.0530248984497762 -0.0761258328012386 0.0171042949806084 -0.0139442334310604
0.0503908469826303 -0.081323223957608 0.0415766774282655 -0.0157738032011805
0.0722379723230079 -0.0493220014159211 0.0622345948438968 0.000713550908202075
0.0912806570267151 -0.0134330734957229 0.0650192332965845 0.0490194640556234
0.0920961212215291 0.0715842439500914 0.0238320958302598 0.0824799781421701
0.0267043095726316 0.12426271411179 -0.0372464631786697 0.067955106006407
-0.0758364515008599 0.100830460745569 -0.0460222292551534 0.0188875803080633
-0.143434586108115 0.0439621553056226 0.0469463137089254 0.00467228024013233
-0.107972725163138 -0.00564956199505409 0.126709479858883 -0.0349185456677708
-0.124532885290711 0.0362257767890238 0.173240206872691 0.00854064974822495
-0.0692483690526468 0.112848846940804 0.167999055280501 -0.0530696576340619
0.024732744840661 0.124082969333426 0.100709081188939 -0.11199428039235
0.088188217273685 0.044327715875339 0.0106201146046625 -0.0941782897910229
0.073675995249013 -0.0166886162034938 0.00221120099031293 -0.0527050103378592
0.0600575686790344 -0.0484585031281821 0.0113023883956768 -0.0394767414433329
0.0426256645161759 -0.0624030384081378 0.0323712036397479 -0.0378604328852563
0.0401124678204796 -0.0680148858218878 0.0582921881820378 -0.0389956191451789
0.0589526289454817 -0.044400225162707 0.0820287166092119 -0.0162570930339464
0.0772702480139694 -0.0131163209672928 0.0849674170972669 0.0399215154281124
0.0753985674449152 0.0638177514427703 0.0394969691887564 0.0798171621291916
0.0130849936568682 0.106313182834667 -0.0232482190329603 0.0692595470558502
-0.0757197898093591 0.0736243777170213 -0.0312701521760054 0.0124860594230628
-0.117985070902317 0.0102245700347303 0.0806173466125402 -0.00267224512551922
-0.0464040874668998 -0.0330688167045111 0.143185331831878 -0.0290049382596792
-0.0772094503994715 -0.00228090756951405 0.172048599418077 0.00799151721134588
-0.0509979217843194 0.0570099280827571 0.156192412265358 -0.0317094001872348
0.00726994747143254 0.074714594719482 0.105981967487561 -0.0844282080347429
0.0509272076838202 0.0271463323497899 0.0380794768269879 -0.0824484903365898
0.0420347161559626 -0.01251542665435 0.0277226058405475 -0.0588043840156695
0.0333132675971798 -0.0289772628223464 0.0297529255690111 -0.0554320592838341
0.0252431259097455 -0.0395748767264708 0.0417144793649096 -0.0549913824687038
0.0241974294030878 -0.0448065512745537 0.0706718339509473 -0.056571943171954
0.0403608949238361 -0.0339722301644263 0.0968481621543161 -0.0274198789487412
0.0556993995033663 -0.0103719949362439 0.10057404077109 0.0367260951912288
0.0519042899908205 0.0489246596402279 0.0499913350808389 0.0818639940463862
-0.000574414756337685 0.0763123763955206 -0.0155745270769165 0.0741102102924815
-0.0653736640426816 0.0386607561837202 -0.020798964339251 0.00908178872502808
-0.0776530724440691 -0.0242109916030411 0.104648186824031 -0.00402409359051409
0.0139248506860432 0.0363862876356652 -0.116962480274614 0.0165951059941621
0.0336906616567798 -0.00935898624978236 0.00431916778193975 0.0142500866746621
0.011672183645268 -0.0306793306710961 0.0254646310692946 -0.0786067689703383
-0.0213198841123842 -0.0197710566977844 -0.0487498466259885 -0.0957906999096535
-0.0201571178059602 0.0076225886951196 -0.113017154018848 -0.0471074365185504
-0.00741847441246421 0.011451568565057 -0.12007265756465 0.025753688050366
-0.00747898031519981 0.00677307222911043 -0.0818946966062601 0.0653177953588429
-0.00599018558348002 0.00568482209228231 -0.0467050578054959 0.0674818612681995
-0.00376986701468184 0.00132865808910514 -0.0379399260931944 0.0649208705341791
7.00010726221068E-05 -0.00327011591512521 -0.0405282428163559 0.0667352553795949
0.00316597530581087 -0.0102062086409234 -0.0488281248139646 0.0706129407880139
0.017066067871744 -0.0104048125270436 -0.087051113755804 0.0572954547139318
0.0358836090582022 0.00879421352328309 -0.129575856534101 0.0193874060682204
0.0198122428242363 0.037811139764946 -0.132306451524171 0.00257990798276263
-0.0104451710458978 0.0532090465972319 -0.124591763031203 0.0327104260448239
-0.0404334224148524 0.0590598896141168 -0.102189368183524 0.000492410216182334
0.00121936024961669 0.033694162893092 0.018546910224179 0.00648075677649454
0.0150627941761026 0.020403683840896 0.0395729219769892 -0.0960080649648197
0.0103124031049044 0.0131478694083355 -0.0439703823935274 -0.117548655628652
0.0153590753401324 0.00732353505140617 -0.121025657260361 -0.0580554402797146
0.0189224439320233 -0.00223779001493105 -0.123995985889438 0.0209643714143154
0.017120774634165 -0.0189160168181179 -0.0834708235647349 0.0637565128657597
0.0140939590581296 -0.022956189513887 -0.0422759954907671 0.0657107465399172
0.0195157507668482 -0.0250100848145204 -0.0316044352889926 0.0643156260728935
0.0338617077317006 -0.0117237013402937 -0.0305121543202868 0.06456082425939
0.0401352055350345 0.000596011019948929 -0.0367744003776031 0.0725229518926522
0.0407680289491288 0.0337326161809869 -0.0717876258239509 0.0656756881059793
0.02459646532373 0.059815019808739 -0.114504026215878 0.0315853380405901
-0.0234261602721107 0.0686682795626654 -0.116702810322024 0.0172840223774614
-0.0688645134648855 0.0670854372188981 -0.106498833556817 0.0362641030379266
-0.0921823128603169 0.0708001444944682 -0.0701169845940818 -0.016899098199517
-0.0413696038063197 0.0712571883030007 0.0454756484103081 -5.44297850616948E-05
0.00924553237954661 0.0758185217054407 0.0669303924267889 -0.110629307178855
0.04088384986207 0.0542218228740869 -0.0269562210389349 -0.142035771712339
0.053858493799841 0.0113197735348855 -0.118006248921338 -0.0748586995854852
0.0473333012730316 -0.013725907542959 -0.118384614384573 0.00755450671226938
0.0415939973984257 -0.0408749651714083 -0.077040979707408 0.0518027403645495
0.0318790909858139 -0.0483154128986053 -0.0318711967917337 0.0547524036052002
0.0380567020744996 -0.0498415820847678 -0.0166983580320657 0.0533965898167018
0.0587105425835242 -0.0242380271848935 -0.0101956226910473 0.0562020187682543
0.070008251451324 0.0014478370127499 -0.0136294815200355 0.0738789621831896
0.0676725013054431 0.0600570398466474 -0.0489209131788682 0.0779428172687781
0.0269408931622506 0.0982269582149213 -0.0955267829669769 0.0471874028086158
-0.0492036068449313 0.0954059058975469 -0.0983652131189803 0.0279632958237286
-0.112827815900624 0.0773902920934155 -0.0738245664610845 0.0364210743490094
-0.132071681839819 0.0668144317410879 -0.0231237611261628 -0.0299601294718141
-0.0873356180700716 0.0942516747508675 0.0818390473046536 -0.00366174961538318
-0.00821107827672171 0.124355097929174 0.101652749867902 -0.115503096807333
0.0609502165484439 0.0977417145194522 0.00339355326636884 -0.158598152489748
0.0883406949713652 0.0210063505936393 -0.10062838293008 -0.0915283336235795
0.0724272062098163 -0.0215062471501285 -0.099804168580975 -0.00925057578460173
0.0611399894776857 -0.0557671604478561 -0.0621876846891202 0.0321529852325274
0.0445097300868259 -0.0671118611167776 -0.0171332669033528 0.0353274057591242
0.0475801357395597 -0.0688069190297117 0.00252413586280414 0.034202028508651
0.0711519359527249 -0.0373521317422137 0.0147621297616586 0.040593585841394
0.0871669563375274 -0.00505655544121175 0.0145058150693703 0.0688477906290872
0.0884848348532721 0.0695014256564134 -0.0211363711945961 0.0839165199435347
0.0344950360486577 0.118849518768784 -0.07416977394976 0.0589811787267762
-0.0608236635126405 0.111463050756893 -0.0780880848076379 0.030316725644396
-0.13763562959464 0.0782590192551136 -0.0335563654940486 0.0283272917117991
-0.14998044472569 0.0494509633690637 0.0311540619794775 -0.0374440107641447
-0.123448731538215 0.0933046077049991 0.118734908451231 -0.00282550778942367
-0.0352985534279228 0.149393179156945 0.135216165051701 -0.104101731316125
0.0618665321304956 0.130882466216179 0.0414701045384744 -0.157259938248812
0.107676602739063 0.0348618058136757 -0.0682484735125183 -0.101716925297578
0.08719215582392 -0.0232444138921909 -0.0694146621722268 -0.0271270504236703
0.0720760730036638 -0.0624230468185132 -0.0397357316859595 0.00851324058446147
0.050687604207549 -0.0754316437744501 0.000274337965627586 0.0107761375019332
0.0499209605727667 -0.0789682303300376 0.0222600575627214 0.00993771919126285
0.073290119371717 -0.0456516562623784 0.0387725825854451 0.0200502524359586
0.0917943905050677 -0.0108976384838962 0.0413214523355944 0.0575512382323822
0.0953322232740985 0.070228425434526 0.00396897367020728 0.0829989408050917
0.0352338606463485 0.123803194980813 -0.052323747814616 0.0649573725287411
-0.0668997998549404 0.110703364568883 -0.0599916742921966 0.0260239858400206
-0.143666454114337 0.0664107738190876 0.0066149264921739 0.0157900145997095
-0.139326120712467 0.0238982279084725 0.08297781642153 -0.0377611583665694
-0.135808273824723 0.0698351302724916 0.148848496531339 0.00190734212774784
-0.0588017388660121 0.142448027943945 0.155989097455062 -0.0802814501892321
0.0461287552414339 0.139345473769792 0.0746693378604014 -0.137645926715379
0.105152073739171 0.0434263362133067 -0.0276209603948568 -0.0989413315775031
0.0860231134719407 -0.0202926027002854 -0.0323334126562577 -0.0412904356495051
0.0705862251339404 -0.0587072994240262 -0.0138228228845951 -0.0160058923608382
0.0489076565664947 -0.0729529105672294 0.0168828485987949 -0.0142516555830065
0.0459406200186398 -0.0765023170303753 0.0402146514256203 -0.0156925589369205
0.0673029707770789 -0.047402596140009 0.0599560394257088 -0.000789798779390747
0.085777364617655 -0.0139062346875062 0.0638437243504578 0.0456106628735538
0.0884137285746845 0.0671561772262477 0.0250960138391554 0.0790182354397073
0.0266630935655457 0.116779081303365 -0.0343811631241455 0.0661856499555583
-0.0705645331292298 0.0955438960101723 -0.0439583573679566 0.0188891488914044
-0.135185845303668 0.0427642242548508 0.043911996120927 0.00382848759123193
-0.101984245250442 -0.00435484517940499 0.120649294250118 -0.0329683772697779
-0.117295446676872 0.0356456424539908 0.164498021104975 0.00714575468123554
-0.0637835027501705 0.107009226550466 0.159218211136548 -0.0519309827333019
0.0258620343260774 0.117368197332758 0.0940160913152417 -0.107802172355358
0.0832701195435858 0.0400254605960844 0.00919812453882232 -0.0885789698778325
0.0685225705897696 -0.0166095671489017 0.00165152532484299 -0.0501404589426211
0.0554978485786714 -0.0466099135306744 0.0103940607799688 -0.0372739410254163
0.0391201233169184 -0.0599071416659879 0.0310303383117589 -0.0360810208928839
0.0359706216522562 -0.0636206224535046 0.0553468164144421 -0.0379146046379022
0.0548661526944125 -0.0421620557152486 0.077220104371709 -0.0178069352957606
0.0722105785092322 -0.0129693048872391 0.0819379033547202 0.0366951597033442
0.0722513276830195 0.0591547362690833 0.0396073974344912 0.0758815924336455
0.0136065203702703 0.0995801932476877 -0.0208105637745676 0.0671201494309797
-0.0697770048325388 0.0694503658166499 -0.0299246648119378 0.0121949838189731
-0.111614492946206 0.0113488169938405 0.0752299677095478 -0.00358755138819008
-0.0448049156823148 -0.0308015549044829 0.136186009356956 -0.0264055368437222
-0.0730599908421855 -0.00102690571954977 0.163840085519464 0.0064412799599038
-0.0469758501663193 0.0544019156081403 0.147806747822637 -0.0314706999427821
0.00814416975112108 0.0700233091526173 0.0989855484335012 -0.0819384061222945
0.0480067927748682 0.0244040409889693 0.0345006438255172 -0.0772171985429944
0.0386468002020534 -0.0121735503120259 0.0254074116031145 -0.0561586602043508
0.0304827998288977 -0.0275368891619067 0.0276339035766785 -0.052870875256043
0.0227908129675744 -0.0371183338481863 0.0388984386936564 -0.0520098784817792
0.0217171087073754 -0.0419315794706402 0.0662716277199956 -0.0536689367430812
0.0368580514487126 -0.0324604414631777 0.0908248341617696 -0.0271302108380717
0.0518521928885836 -0.0107988267406425 0.0961913860480476 0.033369624175545
0.0495416520753397 0.0450828431917829 0.0486295236042239 0.0775640541375329
0.000415959023238184 0.0713276126440996 -0.0137375552151332 0.0712027144418365
-0.0603161858036202 0.0366017205556791 -0.0200088028372774 0.00887488071371098
-0.0733101444866387 -0.0212240703249696 0.0983078920116753 -0.00474757265088571
0.0126368715181364 0.0349752712107842 -0.111929653444277 0.0151108634824354
0.0317336668542092 -0.00898700369554286 0.00406317642483613 0.0139247544544864
0.0116696534186039 -0.0283154754890653 0.0247368758526226 -0.0766157790539302
-0.0200658158636725 -0.0184159975288576 -0.0464040232473917 -0.0931804192329208
-0.0180185308844932 0.00719926630674035 -0.108848530344788 -0.0453906801827099
-0.00654334141122233 0.0105845840838871 -0.115911402073494 0.0259494071035512
-0.00661235454583265 0.00650997102760355 -0.078544995941995 0.0625185409997526
-0.00517114245277306 0.00518770628722863 -0.0459780341869326 0.0643295008330817
-0.00301513210528868 0.000931673235528675 -0.0368560814530643 0.0624253158499784
0.000528920760397278 -0.00321826131954705 -0.0387699485533885 0.0642898447720058
0.00333670104615175 -0.00928513109415605 -0.0472748484499671 0.0673429472364508
0.0164575333696779 -0.00887942168183046 -0.0841505713363563 0.0543929088354813
0.0333503088755211 0.00900653419991053 -0.125798207799203 0.018839053828771
0.0176702377714741 0.0356132897910741 -0.128455154520141 0.000830567401817264
-0.0107775059346716 0.050723522433327 -0.121708433584516 0.028674307001636
-0.0398124849307805 0.0559883036169181 -0.0978949029194931 -0.000394437039319321
-2.87596252446492E-06 0.0321468979618949 0.0177054984605952 0.00636140895557568
0.0138657432924385 0.0209901833407222 0.0391633472874585 -0.0928509932549502
0.0106207839452937 0.0138549754142436 -0.0418380096497259 -0.114610547376693
0.0158634520851522 0.00748770096580792 -0.116368544772375 -0.056445069703498
0.0196447979478827 -0.00178938354050241 -0.119416578288908 0.0207932480513159
0.01669052480763 -0.0186390591237008 -0.0800925496348118 0.0608776229716466
0.0141721628588211 -0.0226823582509224 -0.0413997200912683 0.0624057773050817
0.0202469934277059 -0.0246409311334455 -0.0299836680342981 0.0617724712959029
0.0334711318710322 -0.0114386211291868 -0.0288227752642305 0.0624214522613494
0.0396232119049613 0.00146810887194968 -0.0349848264647068 0.069974866665779
0.0388845251838531 0.0338975836333542 -0.0693017335831846 0.0629564297728077
0.0225451379088968 0.0582823102300623 -0.112061022170686 0.0302074157782583
-0.0243583118874781 0.0648146603997869 -0.11386552996053 0.0152516298062229
-0.0673243573109574 0.0631076134024662 -0.104035833400154 0.0335706148634513
-0.0894700981222113 0.0664384053486607 -0.0667431363402535 -0.0167093462897456
-0.0412621342448449 0.0687938037816595 0.0438762150807814 0.000317499576035693
0.00814900972526235 0.0736693586836691 0.0659437772232823 -0.106869027419263
0.039616107288135 0.0539505114718256 -0.0250960913697476 -0.138051580766134
0.0526659948716458 0.0115969324763281 -0.113164113501711 -0.0723239282008526
0.0471122187595072 -0.0131209791465353 -0.113993951993735 0.00792055313726248
0.0400884471112448 -0.0398054995803957 -0.0738961741355543 0.0501049474169791
0.0310112083479801 -0.0471865372337407 -0.0309443329956422 0.0511815864251839
0.0370902406376374 -0.048162957436698 -0.0153148168552308 0.0513826016184079
0.0571840173647933 -0.0232648988384264 -0.00894047053922632 0.0545783356756295
0.0678886742422492 0.00171873105109939 -0.0124132580235626 0.0710861072809963
0.0659955453335515 0.0595389710107879 -0.0463251883228265 0.0747696883905535
0.025235707927818 0.0951541708797571 -0.0933265799203267 0.0457321728193571
-0.0488081318159242 0.091154274472766 -0.0959938955702682 0.0256910929831747
-0.109391342621752 0.0728718145940549 -0.0725317797131788 0.0330822273110527
-0.128103289473318 0.0623154052262938 -0.0215294059446143 -0.0288291705475681
-0.0858170520324642 0.0901286514644626 0.0786477186253109 -0.00295631851925572
-0.00961095932451272 0.12004455955653 0.0988994256019533 -0.110821919896298
0.0586210594752023 0.0961303135998034 0.00445795246984944 -0.153768194876416
0.085959966571756 0.0210944509901675 -0.0963794810743353 -0.0878585077387555
0.0708012016782706 -0.0204121661604435 -0.095856555644093 -0.00884087579868374
0.0589010951535409 -0.0542327523085584 -0.05879132497073 0.0313725858229832
0.0432823559288843 -0.0652499377037425 -0.0161741534512495 0.0329857468725956
0.0461290089189877 -0.0662970111654555 0.00307643549024361 0.0326554688541084
0.0694145143927318 -0.0358699617333715 0.01450063034263 0.0388305957672105
0.0847552717738452 -0.0045206371654037 0.015280584466408 0.0661756626591287
0.0862697255421654 0.0685254102949688 -0.019303346250901 0.0814085060867632
0.0323754226175878 0.115134302902125 -0.0720236266364909 0.0578005838893775
-0.0600412391274384 0.106095169823414 -0.0765750584896442 0.0289971570956043
-0.13322393336533 0.0741133278495054 -0.0333362273354511 0.0263406593597754
-0.144544195622264 0.046130677550234 0.0310677845784414 -0.0354369102393148
-0.120299376643151 0.0891317156946531 0.114993009569256 -0.00155204380283087
-0.0357236890225914 0.144482790635881 0.131762488775173 -0.0995096279812449
0.0600026488743234 0.128481640298644 0.0409742191419041 -0.152901104327523
0.104072062668108 0.0342133218996091 -0.0645646786284715 -0.0964706548835091
0.0847830741298719 -0.0210930293969682 -0.0665237547899449 -0.0267577924540699
0.0692921250695847 -0.0602831021965712 -0.0371787813165765 0.00823404894721222
0.0489377530638886 -0.0734741907925035 0.000721808646923682 0.00957959764407637
0.0478826157316557 -0.0752505337444383 0.0221255518759178 0.00900939722717893
0.0718390409113546 -0.0442454182820154 0.0374696870974915 0.0188386439634152
0.0891117159090755 -0.0099378798360416 0.0411546186109752 0.0557652069168508
0.0922816237829109 0.0685277753422674 0.00481913498262397 0.0809549737140772
0.0329796589515924 0.119763871128903 -0.0508934328259674 0.0638933565011544
-0.065528896950804 0.105699580834789 -0.0589489993567172 0.0251166999525256
-0.139300853437264 0.0633389387031738 0.00612328232597224 0.0151432714299871
-0.134665265396131 0.021491377761361 0.0811044775711249 -0.0347765483613945
-0.13167640827662 0.0667030406970014 0.143779229654798 0.00344412234684675
-0.0577938244300009 0.136982224490448 0.151448191247473 -0.0760241991989549
0.0450322500871359 0.135969478275871 0.0727842119236968 -0.133412575290627
0.101281719852068 0.0417707802244798 -0.0256593884816605 -0.0943851938542134
0.0828090887849433 -0.0188298971618206 -0.0306571908837221 -0.0402137263246726
0.0678151675828283 -0.0563729799012957 -0.0122184096433399 -0.0154247112482361
0.0469300388060075 -0.0707914688273218 0.0168057239403276 -0.0143213031524752
0.0437454542044584 -0.0732564113253838 0.0392308053922131 -0.0151523282378892
0.0649393173589195 -0.0458409191175502 0.0572221973571299 -0.000538251100720029
0.0824785696345682 -0.0127145541021627 0.0626936794344776 0.0439301449074818
0.0858216338417536 0.0649877127369007 0.024903767590389 0.0766449139869255
0.02480342488352 0.112526497874755 -0.0334994739048136 0.0652161592273078
-0.0683141378869477 0.0911683561936801 -0.043137800053613 0.0181822922866746
-0.130443127759079 0.0406500764240089 0.041613224958736 0.00370546018599283
-0.0985721437910048 -0.00497544841692744 0.117755704164171 -0.0297554323705881
-0.114094839210867 0.0341893817588614 0.159631825778443 0.00857729268878851
-0.0621913710257378 0.102984669037949 0.154480265219942 -0.0487405759450168
0.0254092351494729 0.113724393306023 0.0910369868578753 -0.104443013097963
0.0802382153026049 0.0384391984609048 0.00931361731864908 -0.0843993916930792
0.0653387117010054 -0.0153031739487933 0.00261733262493927 -0.0487512891911603
0.0534282443073356 -0.0446666402678868 0.010655921858975 -0.0359577657824266
0.0374865297986509 -0.0576659643510907 0.0307303894552648 -0.0349203164341704
0.034672378926585 -0.0607400392968372 0.0536510907211625 -0.0360120572891702
0.0528286110817988 -0.0409751374214375 0.0740234464176112 -0.0166828737945997
0.0691355168094437 -0.0119499726529094 0.0802301890759866 0.0355241104922288
0.0700575050387108 0.0571973288098464 0.0394216008663331 0.0742739216818838
0.0124420196163714 0.0951597405830016 -0.020372490842867 0.0657603276624456
-0.0672883778343804 0.0658504102135527 -0.0297252048089089 0.0124416731023688
-0.10751792165136 0.0105957170946129 0.0722528393604911 -0.00276273063112615
-0.0432531227553785 -0.0296236191637498 0.133038010794436 -0.0233661360683339
-0.0700721208819066 -0.000713768363118841 0.158237555456842 0.00805658988242496
-0.0451724871813662 0.0520010611811139 0.143193024373569 -0.029145399612351
0.00820797257903635 0.0670519585528674 0.0954777606833347 -0.0791361670379409
0.045714093192632 0.023285859928101 0.0335167337854817 -0.0742299554198633
0.0361173034466759 -0.0109570899021906 0.0249977850842052 -0.0540893149025385
0.0290733864551165 -0.0264197176303284 0.0266378439769211 -0.051157480593291
0.0220573181159655 -0.0356986538288859 0.0383705824197401 -0.0498938462582121
0.0204911415118745 -0.0397190120930562 0.0641061148366027 -0.0519166868299024
0.034942754430507 -0.0312141179182839 0.0866186959655569 -0.026313779041577
0.0489516740574772 -0.0102883260595669 0.0931064247384072 0.0326156527657631
0.0480930273613651 0.0428948419998224 0.0472333401423598 0.075997871445086
0.000135003840604993 0.0678273105774325 -0.0136859822797252 0.0697221726136757
-0.057525789168524 0.0341917841297153 -0.0203036609971934 0.00873739241290688
-0.0701488414332791 -0.0202376557155115 0.0948173596643967 -0.00401407665987015
0.0115377073079419 0.0343054222418985 -0.110376411132709 0.0138539843351018
0.0303784174418623 -0.0087907155819308 0.00421001465422805 0.0143246516640753
0.0118378248255407 -0.0273881324674404 0.0250039603325162 -0.0765562422792965
-0.0192663812615231 -0.0171741807315288 -0.0462365096721937 -0.0935739931646721
-0.0164144449116986 0.00715546560190417 -0.108197754267514 -0.0451428807672749
-0.00552886881325231 0.0105254846467435 -0.114542409335696 0.0269490070939211
-0.00620129550521456 0.00635967157595531 -0.0779232924398329 0.0622042258979591
-0.00464301517299861 0.00462990129424294 -0.0458644880139776 0.0634339120944952
-0.00227211854492756 0.000597345378615668 -0.0360137421768034 0.0618112201755077
0.0011322763081167 -0.00294874839908587 -0.0379324465934301 0.0641738945816858
0.00366727971560546 -0.00862232217037791 -0.0463328263526966 0.0662569577747291
0.0162299823831798 -0.00760902943200794 -0.0834149871765506 0.0535434592154355
0.0327057209344823 0.00893032438515512 -0.125325121188116 0.0188283702364069
0.0154797841683883 0.0344494147872986 -0.127671929679925 -0.000770020413282271
-0.0112613206131366 0.0491919235436675 -0.122301353088272 0.0263401369593121
-0.0402096950695974 0.0549233162041522 -0.0964254343807124 -0.00115380654034044
-0.00145766161549437 0.0322948011850169 0.0179106882300036 0.00706870035097252
0.0133186512767818 0.0213293672800933 0.0391145774512871 -0.0924299108819888
0.010645048957681 0.0151325344942763 -0.0411176838250171 -0.114277749719819
0.0169373009325223 0.00733855832879411 -0.114937504675268 -0.0554677884717352
0.020380704913536 -0.00225194472400122 -0.117628475623647 0.0217099957444938
0.0169745125888364 -0.0184829708648303 -0.0785039067996664 0.0605721832572287
0.0139771448575637 -0.023725111383526 -0.0411661334070221 0.0614815414486483
0.0203064382666993 -0.0248651912768021 -0.0291014758818371 0.0614410757769655
0.0338404974971842 -0.0118299729487259 -0.0277742505695148 0.0619977533769371
0.0391512271712131 0.0019795406573914 -0.0342253928382961 0.0690016274332413
0.0393385709648276 0.0347591766992855 -0.0683283463966294 0.0625195448366975
0.0215923615929433 0.0582297584151492 -0.111365518958892 0.0304699167801876
-0.0257154117244597 0.0636992431585513 -0.113921834093979 0.0141474713113401
-0.0679789575702053 0.0613139829084199 -0.104621074749751 0.0311584145460499
-0.0892948504892322 0.0642532322805256 -0.0653614137701049 -0.0170077734393803
-0.0422705972019305 0.0674028189298451 0.0432004951624715 0.000596099923891164
0.00692401268915871 0.0737644890132066 0.0657967741906181 -0.106172239792913
0.0400498735265667 0.055179663428663 -0.0241931281789756 -0.137907035371468
0.0529143645580302 0.0120058943169803 -0.111937782014849 -0.0708000769693193
0.047364318278075 -0.0135370922529098 -0.112023402356415 0.00894223041150574
0.0397184667375069 -0.0396214750116475 -0.0716073826243342 0.0494936737881318
0.0307912599787107 -0.0476849137345357 -0.0307433506007029 0.0503185894174696
0.0371796079625226 -0.0478675676402784 -0.014395328499095 0.0505416184972732
0.0575906642719117 -0.0235519373851919 -0.00837819663256613 0.0541834133275536
0.067682815530845 0.00223715736118549 -0.0108625502423885 0.070574817491358
0.0659628670616534 0.0599756993870799 -0.0455045258454304 0.0739175384955818
0.0243836539483644 0.0947842154314939 -0.0933896409439294 0.0461650754370511
-0.0502776513088737 0.089356837281502 -0.0961392943467359 0.0251450071409706
-0.109532522059181 0.0707026913571703 -0.0730639827949154 0.0312902157735548
-0.127445135007555 0.0604778752130894 -0.0204155210904679 -0.028276322319507
-0.0861281793622727 0.0891014743081048 0.0780248612163881 -0.00233475641282624
-0.0102186811481482 0.119358899326222 0.0991132034164657 -0.10976116817423
0.0590532955152913 0.096856826314702 0.00472118609047999 -0.153582501834052
0.0850115779297625 0.0213854679762015 -0.0942498320374861 -0.0864496809148828
0.0712532599882948 -0.0199923446127361 -0.0943404271264258 -0.00849618565878456
0.0584359553456668 -0.0546264330661566 -0.0568344558700343 0.0313167273847538
0.042482106701624 -0.0652037975478497 -0.0159948249518002 0.0312191598165248
0.045765254722884 -0.0655458416894805 0.00415521930866235 0.0316086462805814
0.0695723718208513 -0.0360886499544762 0.0150480994924932 0.0382931761423339
0.0841834132988209 -0.00389787977264282 0.0167177047352221 0.0656652114845597
0.086137797918881 0.0688818632854572 -0.0183391318568307 0.0812201856532252
0.0314670708640136 0.114261043943624 -0.0721028841456027 0.0588011316848343
-0.0608257381749758 0.104591371297168 -0.0768759916726358 0.0280439861881327
-0.132711893365355 0.0722455788680972 -0.0342516313635461 0.0251490568150119
-0.144163233341806 0.0437864077613734 0.0316601530113645 -0.034100031162443
-0.120240401961028 0.0872746813730591 0.113637612802317 -0.001103444716303
-0.0368401877062486 0.142974025270428 0.131342594941446 -0.0979540248438206
0.0600141478448055 0.128738512113421 0.040449241537016 -0.152282533910753
0.103253228524444 0.0339535975851908 -0.0627688559271383 -0.0949431335875298
0.0841104631941666 -0.0209014594186963 -0.0651242379867488 -0.0264121367444908
0.0687256469995101 -0.0599030736569963 -0.0354510982789015 0.00795477042425143
0.0483051356285337 -0.0733246816976173 0.000839658388108035 0.00857245959626437
0.0473591677711704 -0.0741369179635081 0.0228312629461461 0.00852401329366476
0.0712280945803749 -0.0438862030099438 0.0375437119223811 0.0187305765667085
0.0880129960690214 -0.00974083965691456 0.0425658214495171 0.0551988725369112
0.0924096544657886 0.0686420621423444 0.00654093605014275 0.0804533542709525
0.0324655116736259 0.118484401293971 -0.0503175962688 0.0640884199496613
-0.0657107860542859 0.1039758402756 -0.0590511771553788 0.0249159484499556
-0.138604509407246 0.0618212183534462 0.00519204713695699 0.0142795388123453
-0.133501305667967 0.0199043685520846 0.0813886450183125 -0.0336215828169856
-0.131124002174542 0.0656599141323135 0.142638206472653 0.00436559469707451
-0.0577732387831258 0.136008089168425 0.150628314074719 -0.0749234168401271
0.0453733610965082 0.135551563076273 0.0717775593003982 -0.132522596789592
0.100180220792881 0.0413383695309901 -0.0252872046191934 -0.0927497009918577
0.0823550212551526 -0.0182948681352387 -0.0300876818708102 -0.040249325012594
0.0667966975659576 -0.0559647103369232 -0.0112561700304831 -0.0154879547645329
0.0460069576908143 -0.0703491659874263 0.0170314324532708 -0.0148634194661227
0.0431595803923846 -0.0718669913692045 0.0393406556294804 -0.0156380115076762
0.0646751756447694 -0.0452031978552515 0.0570436859957067 -0.00118520177546074
0.081654983062962 -0.0122029767847792 0.0634494741245852 0.043791480875201
0.085450398187903 0.064645729013604 0.0259471709569687 0.0767541644985656
0.0245415457622351 0.111075987079853 -0.0328588967783386 0.0654276375293316
-0.0677226375534159 0.0889366283253255 -0.0436620125375485 0.0182416553053747
-0.129528635010755 0.0398520294876244 0.040993162116644 0.00340034006826064
-0.0978662670440137 -0.00543768569792631 0.117811762421872 -0.0272368434181412
-0.112834369688067 0.0334736627361138 0.158072289919817 0.009500843915467
-0.0617885066625494 0.101826697907113 0.15382383238519 -0.047601490864325
0.025748668384103 0.112559478930889 0.0902339525415628 -0.10370950240529
0.0787107530301786 0.0375656783268223 0.00935081885282334 -0.0825271155541126
0.0643059504635136 -0.0142405145084193 0.0028456662036432 -0.0488566943928985
0.0523546710118274 -0.0442512618081366 0.0111019193006727 -0.035631023633935
0.0365811702653222 -0.0573077023156419 0.0305690283221733 -0.0348022957996216
0.0333364582822029 -0.0592206706374181 0.0533173457032494 -0.0359938643090017
0.0520102122148386 -0.0404401862779937 0.072819841475777 -0.016442116731795
0.0679390090244299 -0.0117642734008418 0.0800757133815423 0.0352513122727072
0.06931154810504 0.0560827898537065 0.0394670606672971 0.0740542267241072
0.0124857374460465 0.0939020104767369 -0.0200271011903101 0.0659566590243602
-0.0663248003438289 0.0645606309205409 -0.0297946780953999 0.0124143255620755
-0.106209082392205 0.010608626695628 0.0712096482119941 -0.00277273704035028
-0.0434621480657575 -0.0287697497267477 0.133388909330148 -0.0209721754625726
-0.0694996139032664 -0.000188028754512865 0.157752683236392 0.00893710971742684
-0.0442187213996518 0.0515903767668915 0.14283197534362 -0.0281747479417524
0.00891394003629273 0.0660534390107584 0.0937425947898132 -0.0783889976218792
0.0446616869952517 0.022349569635546 0.0330540353936091 -0.0727060519651522
0.0351904242202707 -0.00995281072639545 0.0249453360229716 -0.05450572927281
0.0284111311155453 -0.0259604429696141 0.0266173597423218 -0.050381910434766
0.0212129829974214 -0.0352595953175328 0.0387493928533199 -0.0492435146611352
0.019712471930419 -0.0386038051494454 0.0631509862298084 -0.0511280597194743
0.0339572531344325 -0.0301484674421812 0.0858562113469141 -0.0259018481139432
0.0485021979588357 -0.00994799590819431 0.0931768123074157 0.0325548258415971
0.0477902423594742 0.0424281367137919 0.0479448808239166 0.0755046796409839
-3.41296951849732E-05 0.0665281075309307 -0.0135126450878107 0.0698855494218284
-0.0563602312328223 0.0331997229050345 -0.0205824394317419 0.00882970080203485
-0.069565255779246 -0.0195504353357831 0.0934237739359473 -0.00391812248952926
0.0140827268838948 0.0333930216390417 -0.111474784465195 0.0199977735537747
0.028255976581846 -0.0109319335229871 0.00612963841820894 0.0163648770641528
0.00754833444734974 -0.0282294248636113 0.022651452462217 -0.0770630457086274
-0.0214818225280426 -0.0145589625575602 -0.0508522738145728 -0.0914873227379071
-0.0163842593142507 0.00897562364586259 -0.111711218250559 -0.0379919343031351
-0.00425995262091488 0.0121568862546734 -0.111703835612639 0.0353670998473654
-0.00551810582093281 0.0071757886450093 -0.071867476370787 0.0677208352233044
-0.00338348082947327 0.00489300864542571 -0.0411566872468911 0.0673644308176518
-0.00185041052100941 0.000189960030473973 -0.0319500391931953 0.066005572558791
0.00111085683990927 -0.00411916047087118 -0.0335992393191002 0.068937780560995
0.00230587956471456 -0.00972831716738296 -0.0423472320633877 0.070958220267965
0.0154893166389786 -0.0102155369034478 -0.0830913954846104 0.0614645214578109
0.0329168930505263 0.00384077683806367 -0.129271281203653 0.0289656342649044
0.0181090593487737 0.0318952829506729 -0.13121161534824 0.00504369961453333
-0.00856212494511836 0.0493266718621934 -0.122685146708464 0.0298827861150161
-0.03451719878288 0.0588072676818876 -0.0990706816868865 4.9617515942172E-05
0.00121611062727804 0.0316948515331512 0.0169356473901038 0.00636788300770257
0.0146385612051728 0.0191838807166708 0.0311942913872549 -0.0940388719056753
0.0114772994556563 0.0137123786063311 -0.0502980932488475 -0.111450846115356
0.0159270743737372 0.00673122082856913 -0.118985719185347 -0.0456341106964017
0.0203017740899814 -0.00270447707611862 -0.115341704335626 0.0315955105885127
0.0150201423796133 -0.0203244750835356 -0.0724801299766558 0.0685840756916531
0.0124593674010779 -0.0242331853612315 -0.0354512815319318 0.064446090950166
0.0178167338354981 -0.0268980493093965 -0.0246100864456964 0.0643940119632502
0.0328946232071202 -0.0157134167208594 -0.0238011178877097 0.0666844057325034
0.0383059426122017 -0.0022281382324015 -0.029918046949935 0.0734076208866363
0.0424728644158952 0.0305281414555354 -0.0681326292133602 0.0688494777427659
0.0258517082274174 0.0542576547381865 -0.11445076150353 0.0378679245993431
-0.0226616549888756 0.0642103400903079 -0.11367358633601 0.0197851140853128
-0.0662636078404148 0.0658641925151254 -0.100940915246236 0.0356766824709501
-0.0816008953583804 0.0723007869987483 -0.0694589173482937 -0.0206330057729647
-0.0350921835808067 0.0697823536303911 0.0395223951097829 -0.0044538737758272
0.0136976757482752 0.0712477606123201 0.0521368778708821 -0.110223939582894
0.0451807045837318 0.0495924968467563 -0.0390080417001221 -0.134190052957192
0.051472636819422 0.00724931404776205 -0.116564707387493 -0.0589903917362293
0.0460868512816224 -0.0155646375632933 -0.109727268638294 0.0193433621905822
0.0352233652444319 -0.0438749851254758 -0.0661641652293836 0.0585748365568216
0.0270164635846398 -0.0495647657626376 -0.026031776218577 0.0518632503315929
0.0323608967322512 -0.0513064381657675 -0.0102400793509094 0.0520398113461446
0.054805498884423 -0.0299353215934288 -0.00471627772012125 0.0571462443853439
0.066561846978136 -0.00420147654823057 -0.0065709580762857 0.0739711934742413
0.0714369721762605 0.0524309845073817 -0.0437314527618587 0.079337184911236
0.0316833321515898 0.0911686989287545 -0.0948921764753648 0.0511095734508911
-0.0450200955373809 0.0925960342906625 -0.0925718425829445 0.0294614645611408
-0.10805437982534 0.0790602428512954 -0.0656895801743221 0.0356198145551794
-0.119111599853562 0.0715664700890235 -0.0246847742556906 -0.036635956242077
-0.0757492889348929 0.0944147044175862 0.073150145548012 -0.0121158133959669
0.0014358711083369 0.117511621135303 0.082132482167293 -0.118112733003227
0.0687293655807475 0.0879094881809897 -0.0148916326195346 -0.151167687108516
0.0840158331756725 0.013422626976501 -0.100851982598908 -0.0731991010176238
0.0686375184189146 -0.024275601041826 -0.0932408752658955 0.00173304878957686
0.0518752053690171 -0.0606748128054096 -0.0527268149525289 0.0408599682715924
0.0369379597321997 -0.0680776115827131 -0.0119272161397832 0.0320227146366951
0.0388853034349235 -0.0693850065531566 0.0072012901546964 0.0312177178431005
0.0659282444953441 -0.042981727209817 0.0178836336669764 0.0391835870739574
0.0823903965842189 -0.0115411133747842 0.0220601486553586 0.0669234108986859
0.0923418498731751 0.0591623904895449 -0.0162994391582757 0.0843383767061875
0.0404590381021714 0.110340249079275 -0.0730319627048746 0.06163378040028
-0.0543845327411801 0.109038206928671 -0.0712826807274185 0.0312207711932981
-0.131897902534846 0.0825898617150175 -0.0244604838508481 0.0275299683378697
-0.13650970351491 0.0567077099288398 0.0281763404494184 -0.0457267426165239
-0.109124556311433 0.0960450106522676 0.108649467126696 -0.0146136586417728
-0.0213507485779325 0.143239925819028 0.112654540177456 -0.110716292699725
0.0736479969531035 0.118350821231938 0.018321434199729 -0.152848373373525
0.103016297859069 0.0231924153710774 -0.0710263870281366 -0.0828035729272373
0.0813442133891827 -0.02685476643019 -0.0656450371580606 -0.0173692734379995
0.0614466452192174 -0.0679625515186361 -0.033937643921647 0.0171899660659358
0.0414746766658132 -0.0764466632871856 0.00301601199058507 0.00779298942063143
0.0395106169378437 -0.0777489928010937 0.0243679330970825 0.00598840684298874
0.0666113738624057 -0.0505934673672538 0.03933080543972 0.0177363353052383
0.0851644821924093 -0.0171358164785697 0.0475979144145411 0.0547201904953092
0.0984285725131339 0.0584025858818867 0.00985446080785041 0.0820904057183709
0.0417890132838415 0.114721021092641 -0.0503467672278752 0.0664844813453783
-0.0591549274497781 0.1087321387379 -0.0533009247815581 0.0273614235813758
-0.138541298315384 0.0736714444135764 0.0150796965540677 0.0154353263354137
-0.128684958369941 0.0323113218819756 0.0797670377823745 -0.0458468848654359
-0.121514835653451 0.0753048401845415 0.139573244745059 -0.0121992949729693
-0.0422993306632638 0.138727099739145 0.134492044728016 -0.0907858454134772
0.0607277121405355 0.126390912900556 0.050364501146077 -0.136460125943976
0.100904541176771 0.0302458637783202 -0.0338622123442375 -0.0831462414283524
0.0789403003564007 -0.0244755977337276 -0.0317579202024433 -0.0335476361058146
0.0601099286834534 -0.0639273036627351 -0.0116988892505326 -0.00834624540894612
0.0396386918714757 -0.0735039225775866 0.0172986707172189 -0.0167835260892339
0.0355972534821721 -0.0744531945523985 0.039386280945315 -0.019484287465708
0.059759958298346 -0.0504201896685061 0.0577850504090918 -0.00394455775668071
0.0784729347932937 -0.0186721540771242 0.0684089253301627 0.04118943849258
0.0904710574882448 0.05572218093712 0.0300176093777642 0.0769413466041386
0.033521803195736 0.108035279125481 -0.0318644809443635 0.0661076525536616
-0.0620461099442295 0.0942982739827931 -0.0381945050799331 0.0199756840432284
-0.129998083084983 0.0509649853566729 0.0492317345601745 0.00371087560669436
-0.0964994290582242 0.00371855678969275 0.11834987022883 -0.0386993781668738
-0.106542146603803 0.0423233468337807 0.157490608348144 -0.00631133388477781
-0.0486387125731574 0.104865935050332 0.141992419481697 -0.0638395106137058
0.0391840946391983 0.105819216825641 0.0721444970375808 -0.109706560122723
0.0799017081106689 0.0280580040696758 0.00151875814960019 -0.0767524007611701
0.0617124562815821 -0.0190810987128987 0.000306193749187362 -0.0459520179531395
0.0467687088675881 -0.0503288402631511 0.00889158408650873 -0.0315733608873844
0.0311838118032713 -0.0595948050964298 0.0288772615717716 -0.0376111921860853
0.0272489717579197 -0.0609782932930161 0.0514832786918199 -0.0409195564927816
0.04721138255309 -0.043900268772017 0.0735699078848288 -0.0213330656022192
0.0649114274066107 -0.0165755463195241 0.0850747440975078 0.0311880610245263
0.0732466036572476 0.0491378583116029 0.0440219441343843 0.0728363219712705
0.0198297489394432 0.0916623410247912 -0.017626590895457 0.0661955890528514
-0.0620821152075954 0.0693651843552498 -0.0255560076066048 0.0143518912428954
-0.108525442963372 0.020088410010323 0.0781240342809957 -0.00327368730777205
-0.0452326023997408 -0.0249139883436748 0.13549700355557 -0.0285890960817283
-0.0664685783113809 0.00462255273500603 0.158990059292381 -0.0038815307851765
-0.0371507345823624 0.0533590936985904 0.136284452231167 -0.0413245907740299
0.0166130029762282 0.0614457469215212 0.0819631183506782 -0.0851922149971115
0.0448221521581849 0.0155723530816494 0.0263974536644752 -0.0717958212401043
0.0323773422086901 -0.0135902852040886 0.0214410811002435 -0.0546411576069353
0.0253778283938635 -0.029224010781085 0.0223493575390929 -0.0494143166974009
0.0176209794509979 -0.0365368610383841 0.0356607155414788 -0.0526150214963863
0.0155011911517697 -0.038901406368361 0.0606086887012519 -0.056719153792758
0.0302987530067675 -0.0323680092043974 0.0851604601878836 -0.0315465569964653
0.0451448916009213 -0.0131180592041884 0.0978905598944657 0.0272636397292472
0.0502652265676148 0.0370295384925779 0.053008197287481 0.0741211941777087
0.00526237179900518 0.065331931984365 -0.0100141658791011 0.0701793348701075
-0.0540954785487068 0.0369943775891915 -0.0173868674488539 0.0111981142405047
-0.0723739385484514 -0.0128902637466946 0.0974594345201846 -0.00523925115599442
0.0145273502981896 0.0325507871959705 -0.109470472151142 0.024262868288071
0.0268885555519586 -0.0114517905658482 0.00734182353127644 0.0164347509220392
0.00631098309348671 -0.0278758029934478 0.0190631599475386 -0.0787795490347306
-0.0211258639948895 -0.0129622045707848 -0.0549290687718234 -0.0899036694319289
-0.0151248335789702 0.00956471610860855 -0.112848349983661 -0.0327473172555798
-0.00293167725870387 0.0117440727312078 -0.108544349051101 0.0405336098440375
-0.00458570721654931 0.00747457874465746 -0.0682695092959209 0.0708230483443607
-0.00337031082038318 0.00456890721979979 -0.0379479862801357 0.0685332242729318
-0.00176404183459332 -8.61248238977728E-06 -0.0282887192353293 0.0671337923212353
0.001270989082047 -0.00434851337225718 -0.0298771550398919 0.0700829707631367
0.00208583628456297 -0.00957654249558486 -0.0390093987529953 0.0716593791463298
0.015449349622941 -0.0100750125812719 -0.0803702184026302 0.0648241892485448
0.031992507646272 0.00233724273257559 -0.127675620975405 0.0348919588637131
0.0176753834997175 0.0313041973450193 -0.13105122751924 0.00945813835391495
-0.00675878317350577 0.0488931282382125 -0.12274667333861 0.0333479614731029
-0.0322686447910042 0.0593856436236017 -0.098294931922352 0.00394253380688549
0.00145346120658409 0.0318359227136433 0.0173665897024968 0.00615138694194283
0.0153319137708248 0.0193287986600827 0.0273033376721387 -0.0961248243889469
0.0131296461592016 0.0142282931253899 -0.0549580445723655 -0.109478945423941
0.0168373446931108 0.00603262748089205 -0.120125251074835 -0.0403105630493098
0.0207959474872464 -0.00411671819413315 -0.11243850210713 0.0370070262917623
0.0140514109838734 -0.0210051996956221 -0.0680040207296299 0.0709959340035849
0.0112029674992542 -0.025197765040601 -0.0329191987941796 0.0653255411198369
0.0171648234356614 -0.0278425514550797 -0.020570660067974 0.0646177645729319
0.0324866030145845 -0.017298360952812 -0.0195895679182971 0.0670986584930063
0.0389133188413201 -0.00330386925749836 -0.0256411791946968 0.0735266772551152
0.0449302061475316 0.0289399746394557 -0.0648110508175345 0.0710883227426575
0.0271055070976209 0.0530539073883719 -0.112834827634261 0.0440871230464618
-0.0209085211683594 0.0656048224875693 -0.112743765529505 0.0234772700020103
-0.063409278266957 0.067924727019693 -0.100583716101468 0.0381751652305525
-0.0789563407489646 0.0753436888132776 -0.0695537098599819 -0.0183275903061991
-0.0336522198479638 0.0709122358946266 0.039862021682321 -0.00515316597971273
0.0164180766753923 0.0710556517480238 0.0475279335385205 -0.11281567840119
0.0480375579842216 0.0479787084999407 -0.0448275521079657 -0.132195881275301
0.0523322843547954 0.00530757060616538 -0.117260006669759 -0.0532153499303209
0.0464228873079738 -0.0181102543363871 -0.10787845982862 0.0244123612971155
0.0326179558514963 -0.0456051282645317 -0.0619820824338836 0.0611822031141752
0.0242655368271613 -0.0512368173976895 -0.023391952305445 0.0519663491173376
0.0296973457268689 -0.0528510933942392 -0.00677154330683163 0.051568108355307
0.0542775057091715 -0.0325759825299865 -0.00117452958747875 0.0568376875045972
0.0665110322252432 -0.00711004082094075 -0.00203758789275799 0.0732245373007177
0.0744945271362732 0.0497622844673092 -0.0395761680681111 0.0810896892228088
0.0350782990847233 0.089763268492242 -0.0925842619494253 0.056488357492569
-0.042656258403031 0.0940411130368269 -0.0917024643935833 0.0329124543586311
-0.104485050273185 0.0830394438093837 -0.0650664257644282 0.0374071660239035
-0.11614116651967 0.0753181687750938 -0.0256416198741185 -0.0348361142982264
-0.0725264411356435 0.0965949864472364 0.0720003478048104 -0.0145687767258427
0.00582343337724166 0.117518745443104 0.0770352675190043 -0.121152087749575
0.073910442611433 0.0853478356783376 -0.0216135796785882 -0.1502257754665
0.0844822806632416 0.0100842157956547 -0.102642256378323 -0.067744814292062
0.068212082258785 -0.0272456606149509 -0.0917934287742953 0.00594029691486087
0.0488820231948443 -0.0633613333123781 -0.0494361280016603 0.0422642073258311
0.0332989063292669 -0.070158901115257 -0.0107807378622811 0.0313952419483171
0.0355717825027505 -0.0709908439449963 0.00918096802013596 0.0298844008801221
0.0642345672951052 -0.0457080778912212 0.020765520062651 0.0386579056110021
0.0819916435871203 -0.0150015866858997 0.026360527494678 0.0653261957834703
0.0954850820563983 0.0553931760451948 -0.011308106425757 0.0847213896823643
0.044931569762047 0.108322628695904 -0.0697115122149065 0.0664602647607449
-0.0507465040048901 0.11045814359671 -0.0708296475185372 0.0342285089081386
-0.127774417828236 0.0879310405731002 -0.0244508713653364 0.0280443647467507
-0.134309350447559 0.0612055659706809 0.0268095575371838 -0.0455156466083591
-0.105277005776812 0.0999053021767132 0.107511716945202 -0.0184964013222477
-0.0155144153753687 0.143998905535983 0.108079206237331 -0.114988663584665
0.0795910925726352 0.114481909541226 0.0110184143140195 -0.152721354152976
0.103601783867445 0.0185503401970168 -0.0731124442459575 -0.0789539880623522
0.080280209463358 -0.0303711054743086 -0.0653306851925472 -0.0146708513514294
0.0573980367506408 -0.0706171553967203 -0.0310396517632605 0.0180931906303254
0.0374426699881431 -0.0786324557449881 0.00333429062113712 0.00723301312983728
0.0355023811514925 -0.0789021063273277 0.0252424992379866 0.00410945965384006
0.0638308015158468 -0.053380096275341 0.040695592925247 0.0155373552332534
0.0840470474253344 -0.0206890818208827 0.0508656141039498 0.051949941287294
0.101430674343733 0.054018097678803 0.0146660285872053 0.0814176791544182
0.0467121573838267 0.112500373912982 -0.0474483248799601 0.0693479499643659
-0.0546426794409521 0.11042531575318 -0.0525435097477783 0.0296311207038241
-0.134336009820125 0.0790660411609806 0.0148550438297172 0.0143317324691093
-0.127435548524582 0.0370425700252912 0.0784517503453407 -0.0476605958064681
-0.118560598629038 0.080560795238519 0.138300803439763 -0.0172095775969361
-0.0363032865991183 0.139878189385818 0.130509010203435 -0.0952657844322032
0.0671831795989866 0.123106208307979 0.0432358318619736 -0.137495612475084
0.101240124244913 0.0253956693873938 -0.036382086267545 -0.0805772387542603
0.0777572532029779 -0.0278345020874864 -0.0327817614958933 -0.0325589866970637
0.0566095117959597 -0.0663225275955529 -0.010834915272113 -0.00863324410121004
0.0354125408397193 -0.0751749079461649 0.016619615369904 -0.0178232710861472
0.0315933348757672 -0.0751213143455899 0.0385582046778221 -0.0216937944875508
0.0566014770227963 -0.0532443397673176 0.0573056120469549 -0.00661374631459497
0.0770131428738745 -0.0216890038688957 0.0712192633224612 0.0372614526077803
0.0932612775701624 0.0513365053589575 0.0344569556722431 0.0750083270265682
0.0377957138339299 0.105764311445055 -0.0286306070742993 0.0686597911407434
-0.0583845301464174 0.0958115700424371 -0.0373076956680362 0.022093755108809
-0.127231542871184 0.0570816598771516 0.048854596139491 0.00130152334580748
-0.0961453153308554 0.0072539536367547 0.117102408829857 -0.0416410410673148
-0.10410336411482 0.0469672597816499 0.156141647014858 -0.0126558291697193
-0.0438338613995962 0.106580134927142 0.138885673781532 -0.0688404774572668
0.0441918900284918 0.10259089275501 0.0657854198250531 -0.11205730494809
0.0800664243899745 0.0240900996106078 -0.00120952050789381 -0.0760354321958252
0.0602956393947204 -0.0216407180648239 -0.00188731356005444 -0.0459968254030842
0.0437336729469234 -0.0523403865861696 0.00778850100645064 -0.0318631795066953
0.0279004679505011 -0.06058190155271 0.0274621363162297 -0.0390953367501006
0.0243102962869711 -0.061438681826915 0.0497150481258325 -0.0436867798277323
0.0449746682737403 -0.0457287639456581 0.0718698916196917 -0.024293187624187
0.0634223651630627 -0.0191346269553717 0.0869389083262396 0.027075353342539
0.0757113698096822 0.0455736111332879 0.047901777002264 0.0704990452888915
0.0241876226496635 0.0899324536485475 -0.015040682692858 0.0672571240634427
-0.0587918010340473 0.0708201727199531 -0.0250913021431815 0.0153666787674564
-0.10669782892403 0.0258383077498999 0.0770690843264617 -0.00694126667566874
-0.0461609751790894 -0.0223794553809336 0.1348386349492 -0.0323770242098772
-0.0654368426695871 0.00751814051499255 0.158036133741378 -0.00994593152644578
-0.0334698849181455 0.0543254016345917 0.134310319948011 -0.0468093006553721
0.0199931518167567 0.0597406180338341 0.0768443151088555 -0.0883813880954201
0.0442648166200687 0.0128221394189201 0.0231335111894523 -0.0720687083223226
0.0315754467445424 -0.0138848216509475 0.0190846122352649 -0.0559337887753696
0.0233616881043246 -0.0298211765801641 0.0205886828836036 -0.0503508353285541
0.0153651014806836 -0.0372893720028783 0.0334697763556052 -0.0539749169740511
0.013647897444042 -0.0388236313897137 0.0573445451666496 -0.0592600808686711
0.028182869665938 -0.0330689908032975 0.0830695630719414 -0.0349576604906806
0.0438888396422004 -0.0146848864381301 0.0989985075201743 0.0221731036768322
0.0517003641561922 0.0339489051845953 0.0563946120141025 0.0714650559323865
0.00816865396453626 0.0641858822709346 -0.00699466905331837 0.0712126466391691
-0.0520655550505579 0.0385768112202036 -0.0173588159738977 0.0124783269485986
-0.071680029903303 -0.00884226052500478 0.0960496585024843 -0.0101099645326749
0.0149485893495613 0.0309093430701569 -0.104910368545801 0.0282385687273748
0.0242379010951173 -0.0114618266188555 0.00919647136855365 0.0159674125210303
0.00477298442770166 -0.0267634903781504 0.0150292645694345 -0.0780221109678839
-0.0206201673618666 -0.0109758745897652 -0.0582350090625706 -0.0853530220867383
-0.0128564033976132 0.00938551061531746 -0.111038774782762 -0.0263773070278306
-0.00167734507258875 0.0105206590430763 -0.102348086972712 0.0452886948740804
-0.0034402644257773 0.00660387111136055 -0.0622738350787855 0.0721688879381451
-0.0026081101238076 0.00409007381036818 -0.0334811265541447 0.068449940035695
-0.00142272872105866 -0.000606372566820404 -0.0238907265733893 0.0664103479126564
0.00162803264005124 -0.00466303771522308 -0.0248265576125639 0.069004181739223
0.00185131041783695 -0.00887232905524146 -0.0341680681965245 0.0707748997728436
0.0147531448769655 -0.00985540498692333 -0.0755079244443922 0.066189227723001
0.0301094181818458 0.000877304690372274 -0.121745492595771 0.0409982204371879
0.017516389853866 0.0299883318433134 -0.127327200551316 0.0138708936526144
-0.00468860585662017 0.0469397240794547 -0.119510066836361 0.0369835911515107
-0.0296700799492731 0.0592508098008822 -0.0945711623880625 0.00771076214307862
0.00159249090305635 0.030818279911606 0.01793568576718 0.00532628300519924
0.0155091770183507 0.0186103865738369 0.0226433824873405 -0.0954934489677949
0.0148605282688433 0.013528178255233 -0.0589796536538267 -0.104395932180353
0.0180827853393482 0.00487189880640084 -0.117326070216238 -0.0329834070896501
0.0209971414286287 -0.00570895739530711 -0.105946078643985 0.0412969067424501
0.0126256589219692 -0.0216145500432782 -0.0616689598929616 0.0717416986115096
0.00964215870585811 -0.0256764261538329 -0.0289351427124661 0.0644119556311299
0.0158883171841803 -0.0283673824225861 -0.0163267941168533 0.0634496541772562
0.0309704761849766 -0.0191182520545359 -0.0149138315861768 0.0660871622011022
0.0378291369677985 -0.00518638243462448 -0.0215145699662621 0.0725241961082001
0.0452833295427814 0.0264192670500258 -0.0594297394150382 0.0723182326051542
0.0279234108205959 0.0507824464205552 -0.107039571173389 0.049070729303821
-0.0190048033326658 0.0649285446249661 -0.10891349557804 0.0269777478359494
-0.0589923240107088 0.068580512666726 -0.0973675112512132 0.0407073077667232
-0.0739911213684392 0.0758361795964379 -0.0679033184487722 -0.0140722597017185
-0.0300597971397931 0.0702774363527344 0.0387369913631992 -0.0063592866439641
0.0189760020019569 0.0690019358757388 0.0414431250387499 -0.112346645780126
0.050601926305925 0.0448727657093907 -0.0503113078045239 -0.126625133313457
0.0518789685799728 0.00275312830375558 -0.115852826467715 -0.0461183024367627
0.0447943436303119 -0.0204943487331026 -0.102238803243928 0.0288080285439768
0.0295972096829664 -0.0462417415440652 -0.0560926543117686 0.0614133590852606
0.0202813757896769 -0.0515513499671146 -0.0203958161985529 0.050993966593313
0.0265763825402405 -0.0529970676848926 -0.00357107064192413 0.0496391841106575
0.0514808892722038 -0.0347138850368441 0.0026889300228305 0.0550089742606931
0.064671958662075 -0.00975160710953616 0.00270219120708636 0.0707254502940355
0.0761148575269769 0.0448316576518649 -0.0347186199329653 0.0801269628767606
0.0374241351246838 0.0855970048801033 -0.0872666243562603 0.0605879386569131
-0.0381809174560889 0.0935845684172946 -0.0882796412609276 0.0358402922433825
-0.0978429574840979 0.0853052028740446 -0.0626269514616534 0.0381039331742127
-0.10980796670596 0.0774361899318032 -0.0258408382933233 -0.0325319659903179
-0.0667719442316563 0.0971030762879756 0.0697313940806634 -0.016855256072994
0.0114871426510649 0.11454630099434 0.0697706301295 -0.122249456806103
0.076568159725817 0.0794289669711785 -0.0286050963432085 -0.144785540227745
0.0829389263512087 0.00583842807267103 -0.101303720730319 -0.0606005566567738
0.0654887656528513 -0.0303397257510175 -0.0878639700291919 0.0103877994218617
0.0440109878102754 -0.0640405363335982 -0.0442322548659956 0.0423747822121643
0.0281259577072961 -0.0702751268061683 -0.00876766712850453 0.030284999644057
0.0311966122755738 -0.0706946573239899 0.0110553617323985 0.0276305425425162
0.0601681055955916 -0.0483641462633864 0.0229891086176844 0.0358086688200833
0.0789348569866657 -0.0183604023481149 0.0297057644335039 0.0614158057562127
0.0965998840625 0.0491630917706328 -0.00618643146177553 0.0827082993206708
0.0483814219681845 0.102865286225066 -0.0646987849107586 0.068995217796357
-0.0451885037065184 0.110104031114776 -0.0674879940560504 0.0365535530409469
-0.120152253278818 0.0914704258150257 -0.0232673816372392 0.0275317833965547
-0.128238835427888 0.0650217853593776 0.0248210045498806 -0.0449206703143444
-0.0982515727347367 0.10204483644862 0.103997623398268 -0.0215079453660114
-0.00826336336321297 0.141009757571321 0.0998509495434325 -0.117263424486949
0.0840468588470224 0.107532553770483 0.0029482966946179 -0.148458198951175
0.101311114657371 0.0129455948536237 -0.0737832049706088 -0.0725962069504848
0.0769502738527004 -0.0332544099158346 -0.0637579988038272 -0.0115915350607098
0.0518848772731155 -0.0715506202133349 -0.0286773719048117 0.017785326453037
0.0311429877548167 -0.0782527137379426 0.00389463414931425 0.00606955169924521
0.0311077341862394 -0.0783479688953132 0.0244072770069736 0.00168533772327827
0.0590624078638831 -0.0550890076649942 0.0409805948138875 0.0131443850073296
0.0811926956434652 -0.0242665786857546 0.05271329375046 0.0466981041301776
0.101696799009901 0.0472624823796775 0.0189070969628093 0.0785230994612945
0.0504521656602413 0.106348973578354 -0.0426007006518595 0.0712159327288197
-0.0489768964256581 0.109325988735615 -0.0496467926948272 0.0318006998852968
-0.126867156839881 0.0831764580831843 0.0142604394641629 0.012822942708296
-0.122578847652718 0.0413067282309667 0.0750787285332154 -0.0484951711588112
-0.111681939659035 0.0836180643283339 0.133524683232397 -0.0220777388937564
-0.0285020368938925 0.137431636279269 0.122416308855196 -0.098862883241658
0.071788276668606 0.115921638184024 0.034771250088019 -0.135015191913893
0.0989076082078959 0.0195579529529538 -0.0381571648997336 -0.0760304897213003
0.0747412402192408 -0.0303377924381145 -0.0332374968304223 -0.030379634716426
0.0505190099679201 -0.0675461596959404 -0.00979752898812819 -0.0080852981229088
0.0298032993173319 -0.0748932795333885 0.0153694296751898 -0.0187781296985253
0.0266298936575066 -0.0742866831788586 0.0365299528032386 -0.0235181343410511
0.052338042575841 -0.0544626702763721 0.0554788912845871 -0.00939847449909176
0.0736732662873044 -0.0245729743723287 0.0717328413836139 0.0317152893711613
0.0934529739632 0.04484225559658 0.0378336846850345 0.0709219562664
0.0417312404016969 0.100184354564422 -0.0243197455314914 0.0693137006141685
-0.0526968600199619 0.0953273221820365 -0.0357686829119643 0.0236896352760527
-0.120348070978161 0.0614557360437635 0.0467272813358556 -0.00133424712128885
-0.0931933529630578 0.0119064656668405 0.113473435176143 -0.0447807424407271
-0.0994782480774124 0.0500798419368144 0.151811812590968 -0.018064398420971
-0.0372065028259476 0.105167166176688 0.132000361104397 -0.0725978282516546
0.0485233718829592 0.0975133805982506 0.0579683552998664 -0.111822793075093
0.077884387533584 0.0191971938972971 -0.00434279133655139 -0.0732529469679448
0.057711806817841 -0.0235207423100659 -0.0037003015668956 -0.0450180586693575
0.0393824599306329 -0.0524335055031099 0.0068865645153373 -0.032072077366773
0.0230546488986369 -0.0602763736138378 0.0245515651183715 -0.0392488663446535
0.0205339209050217 -0.0602697841823478 0.0463689383636583 -0.0449256164310793
0.041313784719894 -0.0463393530110861 0.0683396233959211 -0.0269192325995373
0.0601089068369777 -0.0212872436579656 0.0861890358206548 0.0213095942781314
0.0762098808001597 0.0396785812053472 0.0509094619066251 0.066077343134476
0.0274889075985943 0.0853213632597727 -0.0110538226048093 0.0679489170714167
-0.0543059095225637 0.0709368605677051 -0.0237814659950863 0.0166988874894133
-0.101427903822013 0.0303225154970599 0.0737432134805903 -0.0108574847350349
-0.0462871055068127 -0.0186092771484875 0.130957817199978 -0.0362968816923851
-0.0632320714741256 0.0106896386299711 0.153377252088795 -0.016341092561068
-0.0299902088489598 0.0539416953894948 0.128723323109883 -0.05155414265624
0.0226653022914526 0.0564460707177484 0.0695917794360394 -0.0885832643302271
0.0426393320255209 0.0106031541272017 0.0194614388634616 -0.0702686670488263
0.0293434552876707 -0.0145023697198013 0.0158253195038272 -0.0555231153518706
0.0202041442123327 -0.0298267552548311 0.0176802401265667 -0.0497726915081046
0.0125312243394224 -0.03643339314739 0.0300601078619306 -0.0534604583346122
0.0113466026588677 -0.0380015691690777 0.0524073316161733 -0.0604898299831804
0.024894918739957 -0.0334581077129996 0.0783940576849446 -0.0371254316277636
0.041206181859335 -0.0159581360049492 0.0976853513965043 0.0163991274785528
0.0520766845447145 0.0299333584669227 0.058577529211022 0.0666868002420248
0.0112079132069177 0.0609686028949969 -0.00305800766340061 0.0702715484976684
-0.0485103455320294 0.0389834601530707 -0.0169479091243728 0.0134068058237515
-0.0693646619576307 -0.00423425975162083 0.0919368137582117 -0.0138379448634114
0.0144052007337683 0.0294575070413255 -0.0992582785626712 0.0288938804049823
0.0223053370473279 -0.0106036994685612 0.0101702133846489 0.0148047036936502
0.00411400016704255 -0.0246253319574452 0.0121024495527067 -0.0761493760548323
-0.0194257758190049 -0.00936756710454984 -0.0581510368563633 -0.079907524673748
-0.0112469188248329 0.00878778356697393 -0.106537950943642 -0.0217726502850039
-0.000835112766495564 0.00968825853572851 -0.095069148043472 0.0460247015095387
-0.00311178632084761 0.00651938900873426 -0.0564154098346917 0.0705290556514618
-0.00269492381176369 0.00367031802309623 -0.029839419958436 0.0662057007886177
-0.000983244239796338 -0.000889752066439912 -0.0207458516828587 0.0638887167992209
0.00139875946418545 -0.00476877926328548 -0.0212514336918007 0.0666034454938219
0.00147912959119141 -0.00818219030508561 -0.0311580305194628 0.0683667804760907
0.0142993066245571 -0.00944873933591337 -0.0701942207496131 0.065192733050723
0.0279446886672631 0.000314408971835933 -0.114808259331313 0.0428565624450351
0.0165035764199725 0.0287981172935604 -0.121578667435484 0.0154609034592122
-0.00339040808072422 0.0441873007146859 -0.114622350952366 0.0373042473757253
-0.0270739790887845 0.0571373368088008 -0.0899663483262213 0.0101169043344153
0.00182387080524917 0.0303729474591579 0.018045123784696 0.00461465796780701
0.0156498844842323 0.0183674088847953 0.0187511908983563 -0.0919331095963512
0.0156559339323411 0.0130119032983507 -0.0596971338395764 -0.0979251446537247
0.0183172501018762 0.00401167163063204 -0.112466580085582 -0.0288013877044368
0.020546517247689 -0.00668010857816411 -0.0988960959275039 0.042305288807968
0.0117454607725402 -0.0211271091933373 -0.056069621673777 0.0695281571152759
0.0082821354911397 -0.0249302595466284 -0.0258722590040705 0.0618771468636873
0.0139631059810506 -0.0284034778048448 -0.0130455876503026 0.0600568219559354
0.0296018876068565 -0.0193095413812522 -0.0116100554187948 0.062897296912265
0.0365397007738354 -0.00569073558877625 -0.0178723853368363 0.0690993727555831
0.0449424195848912 0.024307172231148 -0.0548113088309719 0.0704650919735441
0.0271455173474228 0.0478889605725289 -0.100067848433138 0.0507718489662038
-0.0173987996052499 0.0626171145678711 -0.104164838196431 0.02800371338533
-0.0544580112222886 0.0661296880030333 -0.0935893856800019 0.0405721020387712
-0.0691487735302879 0.0741803770672944 -0.0648810365714102 -0.0120132014429981
-0.0279413545950058 0.0686324888654626 0.0373616659979183 -0.00678030843515248
0.019962001649153 0.0662678574239879 0.0367591647135142 -0.108998508713837
0.049916201750736 0.0420092630604903 -0.0515585881906541 -0.119924714384362
0.0506641404861567 0.001217102040825 -0.110547609471745 -0.040897705707191
0.0428296586194084 -0.0214728518475676 -0.0958320186163277 0.0301757756881376
0.0268842939444852 -0.0446422776851087 -0.0507201978278871 0.0587063217812826
0.0176295305417414 -0.0502089249504782 -0.01837948658411 0.0491763589754858
0.0237778092640693 -0.0518840977952541 -0.00105228640281187 0.0469436462355153
0.0482570777819816 -0.035172042671189 0.00492640262219796 0.0519003832622554
0.0619928944001484 -0.0109933999060998 0.00461350778542372 0.0664763256296876
0.0748111879144627 0.0408793487724245 -0.0303628342604449 0.0775349280103918
0.0374324566638473 0.0811359767472974 -0.081054559699772 0.0612052910839194
-0.0351739783021824 0.0905021426412091 -0.083498105061765 0.0361196271170566
-0.0913306894018004 0.0832777823744512 -0.0599791050346971 0.0371805018991878
-0.103320654004742 0.0766661804103501 -0.0248181236536333 -0.0299022626364064
-0.0622505683583875 0.0944688040923234 0.0661459379545375 -0.0166630453877573
0.0134656629703226 0.10969661677806 0.0632897988686398 -0.118470122776612
0.0762701801726304 0.0736381251909108 -0.03146803830587 -0.137181213031518
0.0798175635238963 0.00357792766457405 -0.0971333621364821 -0.0561598368540389
0.0620914927684586 -0.0315246939579414 -0.0831028384322056 0.0118773301977777
0.0395713441631942 -0.0621650805220039 -0.0398914505139521 0.0406610659301033
0.0238135352258658 -0.0682412368448423 -0.00769697098767517 0.0288413127710033
0.0274907413327764 -0.068765639999243 0.0119332651227636 0.025121887831863
0.0560938396687929 -0.0479418270835909 0.0234002292252461 0.0331740149758976
0.075402818345681 -0.0195975097990482 0.0308488641157218 0.0568144862758001
0.0945298060264845 0.0438502605047446 -0.00340348303967548 0.0789207412498847
0.0483812971730748 0.0975880008337254 -0.0592375032867403 0.0691685273961057
-0.0416140284069172 0.106081266621019 -0.063994312212296 0.0369320296058827
-0.112516391696608 0.0897488752050847 -0.0229324404756191 0.0264377614061798
-0.121180330471843 0.0650316698664472 0.0234024735732574 -0.0425889568599149
-0.0921953681943829 0.0999552366646942 0.0983198672629165 -0.0229368139840683
-0.00460066701945584 0.135129164779685 0.0924462978387124 -0.114632154136602
0.0840524557296307 0.100435684847101 -0.00196540510787954 -0.141957556000025
0.0968295891342185 0.0100698783367161 -0.0709780559873432 -0.0673516366981806
0.0731358860262613 -0.0346865416470872 -0.0607189248827928 -0.00900267399959329
0.0468392704172961 -0.0695011908791267 -0.0255440377810003 0.0166538640118397
0.0265368385104691 -0.0762615390850177 0.00366002647013977 0.00573314881262465
0.027153737611722 -0.075609546442762 0.0238671734861259 0.000204422955793331
0.0549367816993089 -0.0542812947044814 0.0399304685568382 0.0107454903841007
0.0767131653257383 -0.0253628227226011 0.0530284431069375 0.0421782923340926
0.0993454928924967 0.0421008373041762 0.0208653648568021 0.0737493154506674
0.0511899298522744 0.100604018054141 -0.0379260069140437 0.070198184388053
-0.0446579222779095 0.105670720947408 -0.0472692540407906 0.0320925622075935
-0.118406579148886 0.0829841175316126 0.0128640702030632 0.0113814949487034
-0.116489871465118 0.0427185361532287 0.0711589395647127 -0.0472135171760614
-0.105127598655329 0.0828154536526136 0.126906550892694 -0.0233205739732326
-0.0235019116014607 0.132506747733217 0.114379674521404 -0.0976751674898599
0.0723215812537486 0.108027594379334 0.028948737784463 -0.129455439422137
0.0946734681977688 0.0164162172859653 -0.0374280011496438 -0.0712575766568415
0.0702282395467343 -0.0313793823520034 -0.0324999984821844 -0.0285378527499117
0.045644005141886 -0.065154500676755 -0.00903136213897477 -0.00837673833403356
0.0250225991398787 -0.0722629324785832 0.0141074822018647 -0.018771263703651
0.0237123938717244 -0.0712297854584458 0.0340046734818007 -0.0238272308193895
0.0479297447152568 -0.053394760449111 0.0530413787469314 -0.0105315609699845
0.0695366929849727 -0.0254437039083226 0.0699823373686764 0.0275250244544046
0.0910189462499556 0.0394813208589517 0.0389572613784974 0.0667999055714749
0.0427277951861999 0.0941356925233588 -0.0210609671289437 0.0678909422605194
-0.0478603552993593 0.0916851313263165 -0.0336571976930819 0.0240142551123868
-0.112198609172622 0.0621177613725717 0.0436975182871061 -0.00241918267954105
-0.089025437991844 0.0144458194076187 0.108456798933267 -0.0440987899143854
-0.0938107336325219 0.0507812603018532 0.143835670375795 -0.0206324600996917
-0.0327713780434569 0.101469518643639 0.124551701433776 -0.073160021817212
0.0491448185537905 0.0905618192502751 0.0520825181820912 -0.107081083915816
0.0738559589553163 0.0160563772889363 -0.00530537744867287 -0.0693494887361775
0.0539788060040314 -0.0236758135375814 -0.00517606945823819 -0.0431310461233131
0.0355479103444228 -0.0510998886513867 0.00634033690464065 -0.0309458902492847
0.0194236828716175 -0.0581504760812629 0.0231156576303891 -0.0384640050569757
0.0175525542469498 -0.0576855335255961 0.04189046300831 -0.0443390508009851
0.0372577267724358 -0.0455134537485828 0.0645154266125881 -0.0274364078218891
0.0565444252065382 -0.0216814854045035 0.0834952057477104 0.0169611887991028
0.0741114706056776 0.0346108155073026 0.0507010661008372 0.0619000405630976
0.0287566689302498 0.0802023274377905 -0.00862567764020273 0.0657432272375769
-0.04990662056979 0.0687776066564894 -0.0226953581641516 0.0174813958769025
-0.094751635224225 0.0322043084117361 0.0696343160249488 -0.0114026401338244
-0.0450453034032939 -0.0158593660282396 0.125727538798653 -0.0367034777868322
-0.0597835200174653 0.0125943946433747 0.146373680364876 -0.0191506465435035
-0.0267440497758727 0.0519837800490551 0.12148018388243 -0.0526136231859878
0.0229632512710354 0.0526161542045625 0.0634598350905691 -0.0855294440583558
0.0400916991010654 0.00816243345754789 0.0166038803270214 -0.0666931246021832
0.0271521658137899 -0.014282438174747 0.0130893058034573 -0.0532586874758193
0.0184219051290396 -0.0285097748128718 0.0157536269041792 -0.0475802569530638
0.0106602305515188 -0.0349595938678061 0.0273990462656497 -0.0518628396689551
0.00929844028874431 -0.0361269870179001 0.048219481237885 -0.0591029944393549
0.0230183533902548 -0.0320748753384079 0.0734391261133177 -0.037396279416471
0.0381953988500151 -0.0163728173986731 0.0940807421458434 0.0125452509084778
0.0502723821373024 0.0264159753637832 0.0580199276317866 0.0624330674159301
0.0122035510973595 0.056928391336569 -0.00106539959263783 0.0677577281422
-0.0451278496721407 0.0383645010418351 -0.016056629733102 0.0133479187038528
-0.0652843384325549 -0.00176697146504312 0.0867552529032668 -0.0155714985012232
0.013961411538952 0.0287084476859777 -0.0949070196064247 0.0277706704436578
0.0208651345505332 -0.00945018648542514 0.010423925280918 0.0138439404745654
0.00378076857965729 -0.0232798796334357 0.0112501824037542 -0.0741091155066211
-0.0176990742156604 -0.00881157218766651 -0.0566760214398693 -0.0773162286733307
-0.0103068599981711 0.00749502868804894 -0.102464151041372 -0.0208218287331954
-0.000262995357556327 0.00840608746803864 -0.0905474233396403 0.0441787251444006
-0.00281766229538869 0.00603164852437429 -0.0533435315222498 0.0676333389381058
-0.00238216269051514 0.00333576741667726 -0.0290219601747045 0.0637101220360153
-0.000542371143272042 -0.0014683053908313 -0.0192578429686545 0.0610093186420546
0.00170785421326792 -0.00467426842987869 -0.0198841649130841 0.0635132391883677
0.0020026171939135 -0.00761616816488384 -0.0296950982866735 0.0655481762306613
0.0137414799145406 -0.00877536145672352 -0.067637406711906 0.0633913896096443
0.0257041016011676 0.000728487094923377 -0.109426355664969 0.0417366628743302
0.0149734975740826 0.0279675142981932 -0.117079429510834 0.0136242376763737
-0.00351442294272849 0.0416936183278072 -0.111735188094753 0.0351371688092139
-0.026602431832452 0.05486413997012 -0.0862035895124783 0.00893800846173234
0.00130727877458109 0.0297991839788059 0.0183209840601545 0.00470073822302865
0.0151994310847985 0.0183936609632393 0.0174976068903207 -0.0897142059879718
0.015935039034713 0.0127951773407372 -0.0578869811078949 -0.0947877957946598
0.0183142853955432 0.00310729271582114 -0.107643408494223 -0.0275516141785021
0.0202264235620218 -0.00768999789799759 -0.0937301242970099 0.0406436929552699
0.0110452425193552 -0.0205634388545174 -0.0529715197959036 0.0661508181521095
0.00740750238443231 -0.0245154003756469 -0.0246402316133019 0.0593624624771399
0.0139901723359752 -0.0274257360961307 -0.012089525318851 0.0575704121339447
0.0287051372556228 -0.0189755739336368 -0.0105358552243213 0.0599548863636349
0.0352544922105449 -0.00504989738004734 -0.0169697068952342 0.0659673010498094
0.0440927402339313 0.023215353142216 -0.0529144571275402 0.0681497021164592
0.0255296223234798 0.046288457880787 -0.0956991703094128 0.0493329493799234
-0.0180896238122716 0.0609557940611224 -0.100341953355286 0.0259777757176976
-0.0523916597297679 0.0632927437870295 -0.0910896036270489 0.0382186525309052
-0.0668481300832368 0.0709889057112756 -0.0620043855444587 -0.011653969433918
-0.0274676468118398 0.0660759172616463 0.0365634503827479 -0.00606575439667977
0.0195997625554297 0.0638247517796191 0.0345660895944427 -0.105563212645598
0.0491952585859673 0.0403141381498325 -0.050369865563792 -0.115488141334616
0.0492432579990946 0.0011659353211741 -0.105750536998404 -0.0401011191883584
0.0416910778771517 -0.0216227488587237 -0.0912525000710103 0.0288656693644927
0.0254844373503978 -0.043291535687031 -0.047544453149038 0.0554116466770878
0.0159560940388664 -0.0488690197230723 -0.0173221410598571 0.0466009902495771
0.0231835175684532 -0.0503299342226954 -0.000424226104148176 0.0440745322062246
0.0466530763035088 -0.0345052384481952 0.00566745200323838 0.0491614250180258
0.0599361328922615 -0.0106074631721353 0.00534959375847946 0.0629476789672889
0.072702558982046 0.0389999762106923 -0.0294701490272213 0.0745388191457308
0.0357253250437863 0.0784599445827135 -0.0775138158206922 0.0598747673778784
-0.0344231137805172 0.0875267479499243 -0.0810214349113765 0.0341576792856733
-0.0878816511426309 0.0797164866903566 -0.0590250152266332 0.0351147000634483
-0.0999498922289762 0.0733985792781682 -0.0238322513545555 -0.0286870629025349
-0.0606863998816866 0.0907916672367862 0.0639770405773364 -0.0158249745369901
0.0127572007610289 0.105827900178099 0.0602685844893054 -0.114517031102588
0.0743607965950771 0.0708827067574939 -0.0308971455348162 -0.132352521931584
0.07738327408859 0.00317183264531679 -0.0927764550662113 -0.0540960520933019
0.0603102407346599 -0.0307528005617935 -0.0793845726038009 0.0114413471222928
0.0375738826625107 -0.0600106514312045 -0.0373413804786734 0.0377912567046186
0.0217609653416153 -0.065704445867456 -0.0074560422410134 0.0271549643219102
0.0260127945663188 -0.0659928810637597 0.0115588987909169 0.0236557232163778
0.0538180477046709 -0.0465561440807862 0.0232877788034459 0.0312654119717067
0.0725599082027457 -0.018984046276733 0.0305476740049974 0.0538272893104959
0.0916978182774428 0.0413715492695427 -0.0024702957389106 0.0758574147378946
0.0465627598216641 0.0937931044675394 -0.0562976733627623 0.0676683940510702
-0.0407298150593137 0.102363316960296 -0.0619055933143726 0.0356275962493259
-0.108015633634941 0.0863321678049992 -0.0229043261845582 0.0250924527334922
-0.117185945675446 0.0624671538012998 0.0232705523382391 -0.0406326000910712
-0.0895637144032772 0.0962615319748072 0.095104043548785 -0.0213476991233627
-0.00373886720229438 0.130056696582317 0.0886652417107802 -0.110519980194197
0.0818890687009961 0.0957392316501733 -0.00256432137476456 -0.135794836265719
0.0933603340788935 0.00977371144547946 -0.0676214069622752 -0.0652842525285666
0.0703944530190721 -0.0336948363627778 -0.0581152679200732 -0.00848782193512212
0.0439855357599 -0.0666733155916482 -0.0235961041612363 0.0148898979472969
0.0241962579496197 -0.07360554103426 0.00356338281406567 0.00445332993440781
0.0254551484230471 -0.0725902716533221 0.0227639499491432 -0.000734331916610307
0.0524910235458693 -0.0525878871263272 0.0390896370124608 0.0102363940222815
0.0737286756553877 -0.0241608732435569 0.0516195274063284 0.039543951208614
0.096388041571571 0.0394401931994006 0.0211270243762539 0.0711515227452146
0.0491344171437098 0.0963466105678897 -0.0360267873247077 0.0688118404509822
-0.0434808846513717 0.101596861186251 -0.0460807821925772 0.0310177898931436
-0.11320292510599 0.0796429920621665 0.0117295895873498 0.0109854236758414
-0.112587217422825 0.0408591405831291 0.0698196087194147 -0.0441761631668458
-0.101670335987386 0.0798383642305261 0.122443277381391 -0.0220473864143649
-0.0227013959344086 0.126829398042449 0.110282523847724 -0.0934402438765596
0.0702711684413756 0.103555573625542 0.0270614406890873 -0.123861734121099
0.0910249427130586 0.0156142994183914 -0.0352917138499812 -0.0685848512543963
0.0673723254732468 -0.0303947851787013 -0.0312466369831028 -0.0271550964285715
0.0431153609282045 -0.0624950975565576 -0.00788251443013708 -0.0093378088406004
0.0229382123039401 -0.0698074272807417 0.0139173928068822 -0.017876935053475
0.0222201755663552 -0.0688875901598374 0.0323512402420416 -0.023654893209256
0.045778482216203 -0.0509840999169273 0.0511836895843854 -0.0105869524071991
0.0666739659571819 -0.0242240860874105 0.0682298257322912 0.0252965152073803
0.0877702179060657 0.0368327573502574 0.0380045089759903 0.0639677248805669
0.0409407263395641 0.0901093831995052 -0.0196329911744915 0.0664907102435665
-0.0462953940038249 0.0879484843108532 -0.0327173789932131 0.0235982682854055
-0.107259052725165 0.0599181132825312 0.041457164259228 -0.00238939510809595
-0.0859505692891805 0.0144459566324582 0.105544203758846 -0.0413572771913621
-0.0902689172588818 0.0494647751777192 0.139047745081282 -0.0188429377418756
-0.0313128136747043 0.0978080166265817 0.119554722110505 -0.0698780641631876
0.0477874233372922 0.0866915339251837 0.0488503527034456 -0.102074744623789
0.0706134277977972 0.0153528587130838 -0.00471982940401925 -0.0664632477263917
0.0516468972672401 -0.022623286883231 -0.00520954723102897 -0.0413751529030834
0.0331248752792159 -0.0485553348428591 0.00636349083001802 -0.0306981150744954
0.0174572437489535 -0.0557566613560416 0.0221499478615717 -0.0369078902827173
0.0164592676695655 -0.0553602774890525 0.0403959264299983 -0.0427342733140385
0.0354793599466354 -0.0432143813144543 0.061827797513887 -0.0264600317236423
0.0540809265652178 -0.0207594666349889 0.0808485114624678 0.0153238062772174
0.0714614307615126 0.032561598460967 0.0492444117889153 0.0590634045748163
0.0278176618787288 0.0761112394977642 -0.00808829167029268 0.0644404203351256
-0.0479106533706093 0.0654228426052759 -0.0225227402301014 0.0172561628701114
-0.0907440857277784 0.031128761687152 0.0663691200364997 -0.0110761477445465
-0.0431854564934011 -0.0144830112356686 0.122856727515617 -0.0347093466540354
-0.0573184032717839 0.0130850631941175 0.141018080523116 -0.017961808134881
-0.0256996484812428 0.0494509888248159 0.116904844913087 -0.0498904779691638
0.0219092420782295 0.0497238064197348 0.0603263808815991 -0.0816090912585175
0.0373748262527867 0.00787505554592781 0.0163803348852196 -0.0634643938508605
0.0255972320912646 -0.0126521121664652 0.012143624210026 -0.0515476596322657
0.0172113434616874 -0.0269572665395164 0.0152468663092792 -0.0458286769748235
0.00899439046299213 -0.0335493752254497 0.026382577278507 -0.0498319819944571
0.00880788466491969 -0.0340883948429526 0.0454523218848511 -0.0564982365662928
0.0212238741979325 -0.0306215608657045 0.0700017795439076 -0.0359925066202049
0.0361585287901558 -0.0153116678005985 0.0907742222360711 0.0116105450025383
0.0479940481253892 0.0242088962251513 0.0565672223137616 0.0599121369574284
0.0115603056963894 0.0536604221444399 -0.000841977638213454 0.0659167832360068
-0.0430212873538279 0.0360988394094542 -0.0162236052905261 0.0132661619421047
-0.061837097249302 -0.0011907994575514 0.0830821110719927 -0.0147003573806679
0.0175829437259035 0.0245973735237043 -0.0916029432360065 0.0462079872199328
0.0179847972953213 -0.0119650931977519 0.0144619884869719 0.0123704422470348
-0.000432547902402095 -0.0228367704677409 -0.00124544101031605 -0.0767204727871768
-0.019064712894487 -0.00467639518096381 -0.069360383124949 -0.0685569506437726
-0.00910684066532093 0.00961321350780342 -0.105637395391806 -0.00288921329306665
0.00196252696325692 0.00860894518853399 -0.0811099588242884 0.058993165037087
-0.00103346725021431 0.00661440515451593 -0.0415339123040721 0.0747977731033681
-0.00149508679606013 0.00360489290460106 -0.0171565777138103 0.0667345206303812
-0.000570140175800334 -0.000899466609728404 -0.00823685370822797 0.063615456819661
0.000619502840018931 -0.00443807593419112 -0.00807959218039486 0.067402434072323
2.66784747099684E-05 -0.00627378876234241 -0.0175493548636573 0.0699788095775694
0.0104383450506385 -0.0104891529810731 -0.0550766419232392 0.0763604170346581
0.0220979870726322 -0.00361981069788265 -0.100864155107916 0.0631697461704336
0.0178084388521758 0.0235374167979214 -0.116509332859833 0.0343986001749519
0.00202452039703362 0.0405715660390237 -0.107663950168752 0.0515674334851619
-0.0162333383369077 0.0556324670432412 -0.0890378723814055 0.02522518683978
0.00599765601076018 0.0285200158354322 0.0180697917585941 0.00217469174446002
0.0172615059819843 0.0140130237161449 0.000618747594220108 -0.0905705526749254
0.0162261828382696 0.00868795160438271 -0.0743523599602151 -0.0823548650604019
0.017378326734169 0.000530940004105762 -0.110659892887386 -0.00760035300598446
0.0184791658968136 -0.0101973021082351 -0.0839352019042893 0.0563077271695715
0.00678546591322562 -0.0207592168790566 -0.0386910739908723 0.0727727599093026
0.0028325682506587 -0.0244514542638416 -0.0131592656982511 0.0620106146689085
0.00871994097128748 -0.028399163184998 -0.00184107537531259 0.0590079869148282
0.0239986343861083 -0.0228353755700937 0.000506567687725496 0.0621895286943664
0.0319896647553589 -0.00989357261329002 -0.00462334342640533 0.0688247845092367
0.0444192495192012 0.0148249238923582 -0.0402074032400948 0.0782818898954779
0.0300349299411069 0.0396939168444853 -0.0880563565387202 0.0683000632339212
-0.00801569319222538 0.061536383541819 -0.0972230038607951 0.0415581160825813
-0.0415147858738962 0.0702124280799107 -0.0849930112542864 0.0489488790645669
-0.0517054462855243 0.0769300579475876 -0.0700713816661582 -0.000481997839763238
-0.0151068176379219 0.0674195602643253 0.0324519492728903 -0.0118429001695426
0.0294762082125545 0.056174895347954 0.0121653893564961 -0.106581699093513
0.053198216126641 0.0278464042021342 -0.0713639642661142 -0.100882054128826
0.0463142757349117 -0.00725012566106698 -0.10929656703062 -0.0191574667320472
0.0363910478108754 -0.0271207278776421 -0.0824147671559405 0.0447179816427926
0.0158386678268645 -0.0452153595895554 -0.0331710372870978 0.0623486347213864
0.007083558820169 -0.0486707408471079 -0.00843600963600916 0.0485500054923651
0.0134875185192364 -0.0518252201832063 0.00658935593415661 0.0435877121967235
0.0388128400444873 -0.0404994808653028 0.0146981979029059 0.0488285836752614
0.0547992871113508 -0.0188218690168399 0.0173491632520288 0.0622491773731021
0.0749587702333302 0.0249557872734364 -0.0158044636943269 0.0812038649133521
0.0451087901630669 0.0682016750691748 -0.0691879773625858 0.0757022609094125
-0.0194383934183588 0.0906257237038016 -0.075766196449626 0.0446774030499349
-0.0726132728645782 0.092650375783945 -0.0520928457876982 0.0383969992541842
-0.0818642290081466 0.0849367284726301 -0.0355976622825623 -0.0258034578491521
-0.0419463017587403 0.0968978482470128 0.0564626598359108 -0.0261262125367198
0.0311459264258302 0.0961335571365369 0.0333885758360889 -0.118730910250572
0.0826213349225583 0.0510701262398212 -0.0567816095096655 -0.117764513582952
0.0729621014092921 -0.00982576454554267 -0.0975054562488293 -0.0336502120294585
0.0520797356243021 -0.0392801095323224 -0.0726365128824774 0.0260185812063052
0.0241666678213962 -0.0629732822122331 -0.0248813187017443 0.0434031356697256
0.00963599461400586 -0.0660694420397479 -0.00197480909735064 0.0275972439260312
0.0137465467265168 -0.0672650153751735 0.015157273901739 0.0212899428868435
0.0437790945003533 -0.0531957339777528 0.0288688981814829 0.0281994878673193
0.0653533422521931 -0.0288137280387846 0.0404000754240284 0.0481666042009996
0.0939015497515445 0.024424581336146 0.0104091916691202 0.0776814974163982
0.0585264220567772 0.0807187185935825 -0.047287093561879 0.0794327698716885
-0.0221321278121384 0.105683856028581 -0.0563425619127856 0.0415630633803648
-0.08996936545039 0.10313007068008 -0.0169092726863335 0.0208938841304606
-0.0995799243847649 0.0772159570876456 0.00900140359149471 -0.0471237200510291
-0.0681497821897809 0.106149589283019 0.0856413125637882 -0.03807875457262
0.0199264958732029 0.121795211441858 0.059564859893345 -0.119157440386242
0.0941382856057546 0.0729958150681286 -0.0305043594474583 -0.124423566391192
0.0891643902091409 -0.006712515767145 -0.0746117667066515 -0.0475183217870584
0.061154801812473 -0.0434872685641002 -0.0547028758353599 0.00343998344712047
0.0287648761495769 -0.0703465981124818 -0.0144106271699638 0.0191579020954329
0.0107206693815369 -0.0735626283595481 0.00469523537680352 0.00390977920428491
0.0125527828174713 -0.0732188645337086 0.0217778854654397 -0.00385985531996355
0.0423232653753723 -0.0587293731688651 0.0405249823866264 0.00400823265961113
0.0659079617201198 -0.033905345166447 0.0592424685247473 0.029933416634622
0.0980677767171067 0.0217415585698301 0.0327124233177341 0.0677024277004354
0.0615266815760656 0.0829043508016966 -0.0269154912699059 0.077068387056089
-0.0248640323753183 0.105647177708284 -0.0410151357071288 0.0342609675471962
-0.0959798175715969 0.0971058181850142 0.0151437027393625 0.00155188648263645
-0.0986000284388277 0.0570076702382216 0.0571525502573041 -0.0595450309769617
-0.0820563251960029 0.0929507459211573 0.113407950041869 -0.0446307630002585
0.00174589215009057 0.122272178186992 0.0832829523439913 -0.107579182769888
0.0849844373849067 0.0821898947477652 3.16130370561895E-05 -0.117898250086489
0.0872453660704626 -0.00114750710365009 -0.0430017565707512 -0.0562414365851382
0.0588325176041654 -0.0402133134234252 -0.0316753473934203 -0.0189702234172971
0.0282675046847532 -0.0667597055617764 -0.00322636944243476 -0.00651195653358548
0.00993796190902982 -0.0699069289288755 0.0108806363267629 -0.0199238904341498
0.00956827625215508 -0.0689498814486265 0.0271825843287618 -0.0282911679010214
0.0354582813398687 -0.0561004247229081 0.0492646885246239 -0.0185829753807759
0.0597715895886745 -0.0325728721281763 0.0725094645865324 0.0127601991685859
0.0896294335480898 0.020633808211255 0.0487487001171981 0.0572300418444989
0.0532478506051765 0.0781681604534794 -0.0106340565676268 0.0716087170120452
-0.0297414151584041 0.0927460305374061 -0.0291902681593596 0.0248636970310437
-0.0923330931522195 0.0775040235445439 0.043544338458344 -0.01543337417101
-0.0776781261536183 0.0279965323382891 0.0964407325946043 -0.0634915058622513
-0.0761425673363179 0.0619672550865171 0.131781206794798 -0.0450419668100847
-0.0114785786318374 0.0959474132639123 0.0984168260307275 -0.0875825659718162
0.0613404954546273 0.0704992672993928 0.0260628343848795 -0.102395246219786
0.0682913284968165 0.00219223025196462 -0.0132381863772537 -0.0599589483395904
0.0448848003391393 -0.0301463337094756 -0.00950651960384041 -0.0380979448214591
0.0215655205852129 -0.0520831361201788 0.005997896532531 -0.0297010326930437
0.00699972223505267 -0.0559500691191265 0.0154971762756339 -0.0398939385429141
0.00655546785321263 -0.0552516555597955 0.0314895899292184 -0.0487854169858872
0.0269279352701139 -0.0469769513454358 0.0573412234121141 -0.0364917378306913
0.0482214631232122 -0.0271877483694925 0.0833995093774474 0.000444302712047922
0.0728916136366122 0.0195255217544531 0.0592863126181474 0.0507249501219745
0.0379295466550485 0.0668903987059437 0.00151809345482798 0.0667136745490385
-0.034719793573857 0.0712891278725622 -0.0192569026034041 0.0176676947942195
-0.0807233136542781 0.0465186865129551 0.0669057224891802 -0.026434461792494
-0.0416695017535061 -0.00533115388393691 0.117901112414962 -0.0587498119344519
-0.0513946032785333 0.0212751524735557 0.136725847252216 -0.0439223989671939
-0.0148853018242141 0.0498500848155915 0.102872389774817 -0.0690280011162871
0.0296751098047091 0.0405008086413057 0.042525706276948 -0.0866967824250255
0.0357553240215774 0.00053540847090015 0.0065530857220908 -0.0629572933127665
0.0215649941611543 -0.016403532257858 0.00485133974540022 -0.0517963871842552
0.0106443360426686 -0.0283798403195484 0.0102451787172622 -0.0472850705233413
0.00301587837425657 -0.033237257394725 0.0179198069856472 -0.0531732414846718
0.00271347254734575 -0.0337344732334342 0.0347650327170041 -0.0629923081612046
0.0154347250082349 -0.0323563126767346 0.063653673003526 -0.0476570412296243
0.032319551390367 -0.0194505011252789 0.0921356611186899 -0.00534256059624581
0.049429868272472 0.0154152870839483 0.0666182454424592 0.0495322128738433
0.0193017426104182 0.0482332768545985 0.00923331371381613 0.0663798833031174
-0.0350061704185781 0.0425718128801285 -0.0128453426691037 0.0140775169200426
-0.0582361585340927 0.0103920394390764 0.0828689881177574 -0.030637120116685
0.0176870234726532 0.0249955504001333 -0.0924621565743896 0.0463751483639815
0.0183298659289087 -0.0112349991389445 0.0145582808918593 0.0121024932254011
-0.000216954022454667 -0.0226792819728035 -0.00235013966753507 -0.0772844195792343
-0.0184714660603469 -0.00494723635874786 -0.0707144365678047 -0.0685865690647643
-0.00893680888044813 0.00918841556753768 -0.106871796540216 -0.00259797849815999
0.00209057551540281 0.00737438883032989 -0.0815717811477351 0.0593943489300923
-0.000554116935079229 0.00613986177738106 -0.0412856965389358 0.0751891519629157
-0.00162315823527697 0.00332340449877257 -0.017155771577225 0.0678058632888133
-0.00086546771945913 -0.00165660574790308 -0.0080125054509239 0.064275658271059
0.00099570066262105 -0.00489664386993154 -0.00747431037470064 0.0678500468131014
0.000740135632810364 -0.00600755258601981 -0.0177520141971667 0.0709392098439978
0.010632234197177 -0.0105052201146937 -0.0555058155577523 0.0772678397326393
0.0217053406570301 -0.00311678781956106 -0.101266090008598 0.0636028225564596
0.0175241540683692 0.0244461984837225 -0.118534393330295 0.0341915288022976
0.00213070034094761 0.0407297334275883 -0.111030582085293 0.0519801839351742
-0.0163340527888547 0.0562328292798086 -0.0899703659137678 0.0251732177660311
0.00602204775484903 0.0288923872269054 0.0180387160546345 0.00182595126545748
0.0177121768223599 0.01442985962256 -0.000671397754611389 -0.0909842433705124
0.0175281040964282 0.00886306917388789 -0.0759579429384669 -0.0827942188398335
0.0178811752095311 -2.96769813329404E-05 -0.111831550871439 -0.00789970599134656
0.0189275248579563 -0.0111590797570407 -0.084234388420358 0.0566347511371025
0.00694731227732907 -0.021682944218477 -0.0385297828839904 0.0730839958402325
0.00262369880886012 -0.0247951085686315 -0.0138302671286808 0.0623807215748674
0.00851148920192713 -0.0292106586757937 -0.00193518320789087 0.0586615417580803
0.0248995218222472 -0.0239481258793573 0.00114778706196358 0.0623648715158733
0.0329674457315355 -0.00994256348170996 -0.0042217908459037 0.069126639434259
0.0454209290204429 0.0150514038228299 -0.0404205580046711 0.0796179915665967
0.0300572967602035 0.0406556902818323 -0.0884823885418702 0.0687858675744059
-0.00871619679828591 0.0630161626102125 -0.0990466895915215 0.0413588376189667
-0.0422898654894092 0.0706220464305723 -0.0877200578790053 0.0487870726500812
-0.0523157237454487 0.0776501654607772 -0.0706579636308371 -0.000689842495304559
-0.0155728933388196 0.0684190221164006 0.0328142537467512 -0.0117783846977447
0.0306310720180935 0.0571341495001264 0.0112869920112738 -0.107792102719357
0.054736206457443 0.0280812351496625 -0.0729781562467384 -0.101265288205326
0.0471586808671215 -0.00775248017536801 -0.110909137918219 -0.0192002820441261
0.0367364293363034 -0.0282102425547541 -0.0825590873038447 0.0453104590788205
0.0157754672741147 -0.046442334800645 -0.0333662546083297 0.0615853173641514
0.00642401354091781 -0.0493926390482673 -0.00870880870393894 0.0485351613126775
0.0131621372487559 -0.0526015732838464 0.00637262047509419 0.0434037079266592
0.0394930852287986 -0.0414069960747595 0.0152491538016938 0.0486688676387627
0.0557968429422438 -0.0194852425998199 0.0178008542929419 0.0625670369214542
0.0766485124530547 0.0247554219713596 -0.0163968488352155 0.0824113250647429
0.0454469303282088 0.0694519996434612 -0.0691751851170068 0.0771728372744092
-0.0203390814657203 0.0919318769328486 -0.0775317147184068 0.0451029576218746
-0.0735261975562527 0.0937603028040914 -0.054264873218145 0.038472567769852
-0.0830499479318415 0.0858384553612012 -0.0356406885130277 -0.0262400143061569
-0.0430538058356126 0.0980283947954551 0.0572546568814186 -0.0263647158369012
0.0319660752940264 0.0976458877073159 0.0325438964825949 -0.119352301837711
0.0844907393285836 0.0517895376876482 -0.0578893305835355 -0.118296455557671
0.0740509206654256 -0.0102506282844032 -0.098962667673672 -0.0338809091652779
0.0527680854773044 -0.0400604681353333 -0.0725875796279277 0.0266919384590146
0.0241433522148701 -0.0637887683485143 -0.0248238687352765 0.0424678994398813
0.00872330846977263 -0.0669177475803575 -0.00221309934486927 0.0274412548937719
0.0136723311359224 -0.0679605514862228 0.0154716195493717 0.020840813378273
0.0443003378740979 -0.0545204104073653 0.0294154780532085 0.0275489314343985
0.0666184405670606 -0.0291779108612369 0.0413126858674082 0.0478329576793643
0.0957269454366585 0.0237207160876993 0.0107833712952817 0.0784495196946617
0.0592662693331334 0.0824709753377547 -0.0467380009248879 0.0810585490780948
-0.0229875931376193 0.107502075740948 -0.0575576825800001 0.0418630460144572
-0.0909198306651297 0.103959502073062 -0.0186628838865393 0.0215557018725489
-0.100747439055648 0.0782243576161009 0.0102593484338661 -0.0469335578642562
-0.0689292410297103 0.107553043054651 0.0865108678574373 -0.0382259170880207
0.0203782137592056 0.123242478679386 0.0591077552740206 -0.120243131134383
0.0959254780840427 0.0733411994319945 -0.0314745623558461 -0.124855755776191
0.0901490713310419 -0.00700251673352353 -0.0747078213930921 -0.0481185745011341
0.0617137763743781 -0.044550194613401 -0.0550592363043592 0.0036169922314574
0.028764080753667 -0.0713370705782189 -0.0138952506509093 0.0182718153653987
0.00970495137355333 -0.0741517169995249 0.00506028786977716 0.0033700853346438
0.0118612712781123 -0.0739229769062264 0.0220256231038601 -0.00439111466679928
0.0419644911562984 -0.0594080621107026 0.0411535749889883 0.00341385136666979
0.0669685438304775 -0.0342676502961333 0.0598424887921946 0.0296897242498566
0.0990151921488223 0.0207364039770723 0.0337509637616815 0.0687482494790382
0.0624342129012252 0.0838132709253506 -0.0261278736387284 0.0787870447629801
-0.025424978909244 0.106956235604679 -0.0420672792883567 0.0352890832994673
-0.0964628363668287 0.0982478640715304 0.0153173659574009 0.00166755575476311
-0.0992989568794751 0.0579699532044617 0.0588119365708424 -0.0604131479259939
-0.0827217829192307 0.0945123302667946 0.11431869683915 -0.0449278298644433
0.00259572747836817 0.12379513094381 0.0830760139598135 -0.108544961008212
0.0867223336674019 0.0820169421719461 -0.000520585247214317 -0.1182532453019
0.0887488092507597 -0.000880945403761674 -0.043457297686457 -0.0565727727440071
0.059688487264398 -0.0402749435655653 -0.0319182256195087 -0.0190263113871833
0.028246431310432 -0.0674991917741404 -0.00299592705059577 -0.00790067186492715
0.00905740170346378 -0.0703742720968026 0.011231743118564 -0.0204306460220806
0.0091863764375425 -0.0692209573754691 0.0271559335453539 -0.029261831649975
0.0357797180459886 -0.0567415439828569 0.0498961142603591 -0.0191421639112761
0.0603506337936403 -0.033309352758127 0.0740390964029412 0.0121550987504383
0.090580936237173 0.0197353036313285 0.0496600035149524 0.0582074536974644
0.0538145932557885 0.07858975095109 -0.0099337413615831 0.072977546797138
-0.0304251534820221 0.0941088329406647 -0.0297843057417897 0.0260702005134971
-0.0932841050928581 0.0782492687413349 0.0436985584309979 -0.0155576214724088
-0.0782681700082002 0.0288824219143678 0.0988344011798878 -0.0634152140748016
-0.0770188688403788 0.0633409348562288 0.133236682952795 -0.0457444230460884
-0.0108108238149885 0.0967562550597856 0.0986937820836906 -0.0882917163830639
0.0619518581244509 0.0706725111878281 0.0254711148659773 -0.102217249568065
0.0688339970543037 0.00211277076678518 -0.0132812651463396 -0.0605213989962307
0.0451435405643403 -0.0303484636161335 -0.00956294271214197 -0.0382006770263636
0.0213144851832028 -0.0524670685661334 0.00637065842509853 -0.0307311614216617
0.00638791341186228 -0.0561520369388759 0.0160164381452379 -0.0405494532134738
0.00626172640256145 -0.055723710257877 0.0319037079200291 -0.0493771368393031
0.0269824935380433 -0.047201956914181 0.0575446939966961 -0.0370664837783371
0.048486245257072 -0.0275979787563064 0.0843171998202408 1.71258174976245E-05
0.0734919021335304 0.0188221871411569 0.0604617366984878 0.0510403931540376
0.038346703326514 0.0672477834184219 0.00195806818333706 0.0683567032450834
-0.0352295061353979 0.0715137568364824 -0.0199188270428293 0.0186185255457918
-0.0809828782921382 0.0473080149497823 0.0671957385624282 -0.0266074146515306
-0.0415567280989044 -0.00476718763096336 0.120762921342237 -0.0587450915513977
-0.0511330069303275 0.0220488586526474 0.138381770582224 -0.0442035880179048
-0.0147686186416404 0.0503761149962526 0.104185288881338 -0.0695038342520428
0.0300212781682365 0.0406389691501663 0.0431200101846991 -0.0868647525502381
0.0358112176103224 0.000670860173647975 0.00669629731247357 -0.0632667462889451
0.0216134356509909 -0.0158763680369229 0.0050431065711825 -0.0520956500179306
0.0103312223749818 -0.0283894984721703 0.0108144123603599 -0.0475193602803459
0.00238348726967319 -0.0332882644237602 0.0185885083841943 -0.0539342758291942
0.0025577321795308 -0.0339808835297109 0.0349890213060517 -0.0635204871972339
0.0152774974385842 -0.032324469418333 0.0642740857189034 -0.047967810769926
0.0324238295063147 -0.0192911906426892 0.0934028649669962 -0.0058455505168987
0.0493187836588235 0.0149980025397768 0.0676847243984001 0.0502503008861267
0.019195982109438 0.0481824237998946 0.0098921020218468 0.067710374420898
-0.0354181882030418 0.0424064948236159 -0.0131385852560775 0.0149928060602052
-0.0581285213840164 0.0103435012745501 0.0830325527044248 -0.0311480750715964
0.0190225822603597 0.0245962422728156 -0.0928664756008274 0.0501241920375529
0.0184112086790324 -0.0117085403756066 0.0152324154009542 0.0118821224193172
-0.000867252196081018 -0.0228921970699988 -0.00574080484340643 -0.07847984402259
-0.018393112043588 -0.00424909602930981 -0.0742492023832451 -0.067517859600639
-0.00864117415703869 0.00899297823839762 -0.108677542646838 0.000819136956106521
0.00212186573906177 0.00704963997952449 -0.0803567189180753 0.0627961071254064
5.16982625595463E-05 0.0055847910037877 -0.038866133184579 0.0780952243855191
-0.00130575196434054 0.00328561225930699 -0.0152194492749979 0.0696994659868064
-0.000691765520191683 -0.00229564128887058 -0.00627477406704791 0.0654456902948879
0.000908678178575955 -0.00541556394673485 -0.00525566194582302 0.0686897092457941
0.00121780647909815 -0.00613265409800993 -0.0159760120029508 0.0726904855715696
0.0100870390628042 -0.010681997504949 -0.0530606843007423 0.0814652078522874
0.021225942726428 -0.00303074452733759 -0.100446881798101 0.0674549180716366
0.0184982625697277 0.024539075233229 -0.120609599713004 0.0375640722517788
0.00306538664900844 0.0409770103663591 -0.11319912536157 0.0564527582972293
-0.0146220257605633 0.0577016392271343 -0.0909795731355903 0.0285525913792767
0.00673163343562453 0.0299270948048091 0.01853352984217 0.00157665258862424
0.0190157490546291 0.0139593022955816 -0.00461832613679059 -0.0922952416686136
0.018825820854365 0.00820977422491719 -0.0803380311666645 -0.0813093974353858
0.0185452453734605 -0.00101923003702494 -0.114189164375223 -0.00465302304630265
0.0191631167026678 -0.0129939130746254 -0.0837265255754596 0.0604448549429574
0.00653113373535924 -0.0228552310420116 -0.0369746974391723 0.0751133536963032
0.00165260298903005 -0.0259178521387069 -0.011744523456269 0.063951273437541
0.00734290680299964 -0.0308004322523954 4.32912845956448E-05 0.0593432355431444
0.0243920896374898 -0.0254606286577129 0.00343445758641187 0.0633613100372601
0.0335462460222145 -0.0112679946832003 -0.00228202932864406 0.0704196187874803
0.047225702746948 0.0139085031613687 -0.0382037037223622 0.0832107676762945
0.0311886256283497 0.041524224333053 -0.0869525063926659 0.0729605439248282
-0.00700852149133493 0.064786560872584 -0.10054036355331 0.0442455647481362
-0.0408030178425115 0.0730946500100519 -0.0893238625768751 0.0523596829112039
-0.0507578138763592 0.0807505868054583 -0.0721623503417923 0.000974335905926906
-0.0136864861836562 0.0705431705949872 0.0332851895365003 -0.0129269716191111
0.0333467496134998 0.0573115401673616 0.00693343153033312 -0.109243800289454
0.0577893663970598 0.0262886776513189 -0.0778557943297503 -0.100569018743891
0.0483184553414253 -0.00955988397523587 -0.113493425937875 -0.015955570437163
0.0370266795865763 -0.0308104628364024 -0.0824480937437567 0.048721755005297
0.0145977803082778 -0.0475854620122296 -0.0318970568080859 0.0630426172722247
0.00429118310475438 -0.0507309108698956 -0.00712435679251323 0.0491056821457947
0.0112537990067049 -0.0546617493083829 0.00830982689525489 0.043519372069231
0.0389198798122874 -0.0443028222869656 0.0172743157262972 0.0484470003556176
0.0566231093608191 -0.0218440777259195 0.0200493202621158 0.0617571317813831
0.0790192212606263 0.0220446509060063 -0.0129734714878379 0.0850585949376408
0.0484137499792316 0.0702005091165498 -0.0669180752455465 0.0806777288693054
-0.0183442263502736 0.0947072916038402 -0.078070543171112 0.0481457935928832
-0.0718082036569537 0.0976265550859484 -0.0555439004324555 0.0409958905055877
-0.0818651764458098 0.0898086290875906 -0.0370778430867519 -0.0253871530705546
-0.0407703930382963 0.101567005958413 0.0571617441124107 -0.0285234552467019
0.0361258392397704 0.0979846315155192 0.0283148689741661 -0.122153881344391
0.0880433140456699 0.0494531580906187 -0.0632199741671039 -0.117503596775455
0.0755828884910975 -0.0133103588893831 -0.101502344409645 -0.0313045995694442
0.052507110923749 -0.0433154367418682 -0.0730257181302387 0.0294081861572135
0.0221097893169997 -0.0659668907844345 -0.0240864633700348 0.043095683194309
0.00598750185589335 -0.0679120245285202 -0.00131275162624016 0.0273877911085249
0.0110183219491138 -0.0701279249022634 0.0156913429670164 0.0203318710457361
0.0435983218965172 -0.0575713461823916 0.0310321017390871 0.0266041299892516
0.0670870116278912 -0.032528160045552 0.0434936759065348 0.0466220673348586
0.0984351927026256 0.0202535738450015 0.0139123487503202 0.0798638226355048
0.0630878598070248 0.0826054853562833 -0.044460708522908 0.0844984729315301
-0.0205299841395519 0.110596396073837 -0.05814866317447 0.0449456548854785
-0.0890902570340463 0.108898108967982 -0.0192745340158171 0.0222272134872946
-0.0999138335821417 0.0829457470348176 0.00948050654919093 -0.0484116042207961
-0.0671043762936693 0.11227453369844 0.0863843633515868 -0.041261427794793
0.0252193894182037 0.125407231007963 0.0553914674239628 -0.123858679984301
0.100747949550498 0.0713631830572878 -0.0364181678570619 -0.125163708395869
0.0921191395497582 -0.0100664364321374 -0.0777708840475217 -0.0460810470373617
0.0614993048130064 -0.0477311214408889 -0.0555953406372652 0.00568745203059184
0.0270280145559271 -0.0736331751477835 -0.0140335782936779 0.0177695249882679
0.00646040167816428 -0.0754519055916101 0.00495088033617921 0.0028780590401618
0.00886784978050843 -0.0758717861584828 0.0217424271373135 -0.00546424429253034
0.041133280403258 -0.0621787833692906 0.0420290723564286 0.00162082376097077
0.0672890675894618 -0.0374065655964693 0.0620804723133606 0.0274258739106979
0.102296088264 0.0171477094550309 0.0369366517692729 0.0690186932834707
0.0663817696752225 0.0832600092027194 -0.0236897986729973 0.0817966976595913
-0.0227484563789937 0.109647406243763 -0.0419086659164966 0.0376523271426815
-0.0945574112854196 0.103471126657688 0.0142396313004682 0.00138740297682893
-0.0992649606577086 0.062868682261715 0.0587968685972695 -0.0624949857244414
-0.0812021596480642 0.0993078771319688 0.114306358713322 -0.0488430029596199
0.00726580285897175 0.125799420827522 0.0806132182182496 -0.112347300824631
0.0912623795868345 0.0804292922489941 -0.00487823156916393 -0.118807550696503
0.0903511100584479 -0.0040252044876647 -0.0459988062417714 -0.0557443524677241
0.0591128531397652 -0.0429886467521222 -0.0323388458527108 -0.0179526649357216
0.0259358928799832 -0.0692734194670072 -0.00333865052149382 -0.00886181770456575
0.00567870704466792 -0.071207271025223 0.0106061797373792 -0.0218351290041331
0.00665642494481932 -0.0707288077678556 0.026168147276584 -0.0306533833543745
0.0347638422924374 -0.0589143458255612 0.0500316655402745 -0.0215533670812874
0.0603014605441315 -0.0356311906906864 0.0755993519200539 0.00903098343797806
0.0929982518995787 0.0162347016367419 0.0528546470850369 0.0576445614460404
0.0570745421393807 0.0779051872712055 -0.00656330344645486 0.0755349634189359
-0.0280068849139583 0.0965741900984168 -0.029486044973187 0.0278615689876297
-0.0913736759726807 0.0823630112010494 0.0435168453964773 -0.0172830048018065
-0.078402711196141 0.0324767708549068 0.0994104152652693 -0.067340300239325
-0.0751579125682404 0.0675280929617838 0.133734321711498 -0.0498531849416904
-0.00783182751145701 0.0990061812356687 0.0973268333712971 -0.0916155249621643
0.0658293444426934 0.0695621832526945 0.0229507504472726 -0.10373385153918
0.0701496154462253 -0.000103602302600465 -0.0152443399741966 -0.060677410526535
0.0450245241659054 -0.0322359674486022 -0.0102628824129502 -0.0384749070811304
0.0197400744698026 -0.0535332870259497 0.00546943646549161 -0.0323869831788543
0.00345689880464452 -0.0567122651690844 0.0154011554964294 -0.0420840630350275
0.00404398839241626 -0.0564995861686827 0.0302644075538782 -0.0509900618150951
0.0255857314627317 -0.048544676526841 0.0569980971932851 -0.0396087064120689
0.0482800919845364 -0.0292231313028175 0.0856546560376038 -0.00344381381669721
0.0747807698131623 0.0159269909099473 0.0633599492347226 0.0499408888598844
0.0408415932568236 0.0663635321070547 0.0047561461657888 0.0701639376565855
-0.0334438471806165 0.0737316010381188 -0.0195417840404165 0.0204681025724101
-0.0799280847466969 0.0509065655605832 0.0677282313422195 -0.0293568601542411
-0.0418435079680172 -0.00258813991145669 0.12224117572893 -0.0637205308108593
-0.0506008620704469 0.0249034662929976 0.139335188306425 -0.0492427193865163
-0.0128545111886996 0.0518990272243279 0.103477301274483 -0.0734857622409052
0.0320396118748917 0.0395838560092152 0.0408670101724824 -0.0882698859012156
0.035567488044392 2.43343418590218E-05 0.00541164091942652 -0.0637916411131336
0.0218929181806774 -0.0164125585034249 0.00340446217173072 -0.0528626193633936
0.00971508287787183 -0.0288313531735817 0.00953097058944114 -0.04926561750107
0.000769033604404422 -0.033695944866652 0.017363185350515 -0.0555851519291283
0.00168884477509728 -0.03405268816993 0.0334292993876702 -0.0655510074457059
0.0139135092958639 -0.0329155768590818 0.0639659242122447 -0.0504065863119565
0.0319076210157348 -0.0203514191980845 0.0944413327349662 -0.00984966676199402
0.0502616289565867 0.0132829990592786 0.0707858287698021 0.0489173658350104
0.0209447360305623 0.0478382047258374 0.0128859328937005 0.0696031807215607
-0.0343070076601089 0.0437475492705919 -0.013444944681982 0.0166865011787494
-0.057872964138636 0.0130407573469993 0.083899032611493 -0.0342865216480559
0.0204510395166354 0.0235521030047874 -0.0898698324157376 0.0556455183056211
0.0179945226456939 -0.0119473466383337 0.0161600679269864 0.0115589323379372
-0.0021246178369403 -0.0227602089752939 -0.0100327692546454 -0.0769198843128335
-0.0178724706620736 -0.0030236274793537 -0.0780562408717139 -0.0629404498088962
-0.00784711293761773 0.00924930463261991 -0.107837159395409 0.00728129054829374
0.00251006779285149 0.00605940671538955 -0.0756339215629199 0.0671209295629774
0.000278477800305559 0.00508476852940244 -0.0340477468689973 0.0794909595416493
-0.00100920348826105 0.00271511835518978 -0.0108272668514248 0.0701829310827393
-0.00098589278339721 -0.00266734725548179 -0.00200816378883243 0.0657323262244923
0.000993466117326746 -0.0055683313913192 -0.00121012656647259 0.0681754498462062
0.00112741440904671 -0.00619999417823597 -0.0118527942842504 0.0730573266715038
0.00945458163225728 -0.0106951189481207 -0.0472511982307433 0.0840623165373037
0.0204021237785607 -0.00320581572842248 -0.0958148064246389 0.07216829403559
0.0196863837393381 0.0239565902008378 -0.118325188440266 0.0431151815922682
0.00498062137376251 0.0401043842162647 -0.110886924031441 0.0626041881025948
-0.0114309948928523 0.0576588830082355 -0.089109687781656 0.0334425467618335
0.00841537847531468 0.0297059629958237 0.0188757577603414 0.00101158450393401
0.0202454079888419 0.0129657845561456 -0.00986496046054591 -0.0909245574789942
0.020344775689909 0.00693280970854118 -0.0843438416802695 -0.0761910450205469
0.0185320445259177 -0.00252288528418769 -0.113846914780573 0.00196220236794518
0.0180852633103169 -0.01439319259025 -0.0788531614774241 0.0648578546790272
0.00514554621348843 -0.023415862600948 -0.0319158310244047 0.0760488321086308
-0.000144401882283057 -0.0258100377336779 -0.00862742776304213 0.0639121137610822
0.00500976520423025 -0.0313817585887436 0.00332812142025582 0.05881510201038
0.0228175594330793 -0.0273632143527509 0.00749291404283367 0.0621201000093391
0.033465455140059 -0.0134111265333306 0.00160513481888018 0.0699539550923496
0.0477594206150878 0.0109508215232767 -0.0329259161394922 0.0853054124346418
0.0331469124709416 0.0400666204654192 -0.082128006969061 0.0779184888070628
-0.00389274397213504 0.0650203047224905 -0.097905320135228 0.0496062095395258
-0.0361278205225193 0.0745471262703111 -0.0875399178364085 0.0572031334031056
-0.0455541563866074 0.0827891916453279 -0.071991211902474 0.00545984854317343
-0.0103210754706018 0.0712681746999441 0.0322641990529429 -0.0142709921636984
0.036592480630187 0.0548994527424271 0.00040893448064129 -0.108044699624195
0.0591245689675478 0.0226514537929845 -0.0830458066637254 -0.0948930248349279
0.0480157709163822 -0.0127381830096054 -0.113737883326034 -0.00960406105053475
0.0351659283457735 -0.0334259121750874 -0.0783747165444837 0.0528115323877977
0.0119978629277124 -0.0485542799381915 -0.0281772636920474 0.063418219622692
0.000998436050850592 -0.0504061977693443 -0.00450587031281607 0.0488703159314044
0.00746684477375445 -0.0552507561535516 0.0102262300859477 0.0422806754785839
0.0364414172745777 -0.0468508628258652 0.020531343199226 0.0463329579365164
0.055769977707295 -0.0251722482261587 0.0236686232507374 0.05996398130632
0.0805865910846774 0.0171488564502753 -0.00771712824509911 0.0856307250741914
0.0524845391832716 0.0675346124110711 -0.0619898190154984 0.0842027775739556
-0.0129098642528894 0.0956580146440098 -0.0758025343283552 0.0522126612829811
-0.0657610714355666 0.101072757586036 -0.0541660478812245 0.0439224179424379
-0.0764168269862621 0.0936870938386957 -0.0380425127631007 -0.0232649022062671
-0.0352164918015559 0.103386329260352 0.0552500201544618 -0.0306822668314453
0.0423518291941529 0.0955235787791933 0.0203006778622615 -0.121597420214641
0.0913842144504502 0.0435123768311401 -0.0697047822507212 -0.112318161956121
0.0748216467559544 -0.017966167212655 -0.102925276070183 -0.0251050959050568
0.0498044004142157 -0.0465576551035615 -0.0701007173831155 0.033712529390283
0.0181246025917119 -0.0670628800763219 -0.0219008047303458 0.043127217590322
0.00121222701919194 -0.0676402650093631 -3.2432593999542E-05 0.0270026993620673
0.0063783268825872 -0.0705629835042316 0.0163791519074131 0.0184643352257391
0.039901056516007 -0.0601071834654064 0.0327888919975741 0.0234396838915909
0.0653516171368341 -0.0364514620173419 0.0463588841747635 0.0430356104612563
0.0987525300840138 0.0136103234184529 0.019493281343244 0.079078306494174
0.067918275947896 0.0785941186891043 -0.0389165869096132 0.0867118389084276
-0.0142327976508556 0.111110806504814 -0.0555894232033061 0.0485839232019427
-0.0817907979314799 0.113218993467638 -0.0187737604390472 0.0231275432239116
-0.09501576889977 0.0874848157353084 0.00714453598106999 -0.0479543552082326
-0.0605275247597642 0.115701517299632 0.083140520828024 -0.0451552983408798
0.033186068902787 0.122888511433154 0.0476025518309678 -0.125144341754186
0.104908354719654 0.0647659977749405 -0.043407929870512 -0.121257864529661
0.0914144729591247 -0.0154220210679502 -0.0795536947117978 -0.040812561595092
0.0584367512468163 -0.0508322699594254 -0.05427108756936 0.00911995055996589
0.0222764990857181 -0.0745600764482408 -0.0135924664077106 0.0176604621201643
0.00116713442548319 -0.0744092616905917 0.00493663858422693 0.00209228946421133
0.0037801187742339 -0.0756524507395562 0.0205272961109132 -0.00712890386711818
0.0368669080620285 -0.0644444526148082 0.0417244562505521 -0.00135712212516212
0.0653186908770094 -0.0413078188940362 0.0634383585023129 0.0224357679598379
0.102472754667084 0.010191484645552 0.0414187184685614 0.06666859137533
0.0709665490796307 0.0785966591530802 -0.0178075918958484 0.0834047764348507
-0.0166720178723511 0.110241211011998 -0.0395950645811902 0.0404079661643911
-0.0875836158494244 0.107801282548452 0.0139323559438084 0.00055890120200759
-0.0948232469115536 0.0681550520669596 0.0562107859850533 -0.0650588533415647
-0.0749461686395371 0.103449058233913 0.110848236509974 -0.0544171488572072
0.0152699339814603 0.124546980308225 0.0731365348220669 -0.115374732426013
0.0956671883562025 0.074443367981699 -0.0118229862321719 -0.11708925592044
0.0897481507206555 -0.00928927124015162 -0.0484709450729289 -0.0525255684582386
0.0565326161044512 -0.0460989769203829 -0.0326399374370409 -0.016019624101715
0.0218755893819953 -0.0700032365439658 -0.00385008624781796 -0.00963840323824236
0.000797653033564865 -0.0705862831739013 0.00915849637993162 -0.0227996893098101
0.00188945867386544 -0.0705168457698828 0.0242351084570154 -0.0321977650365428
0.0306854900410438 -0.0603927924452276 0.048353614144417 -0.0246859168022203
0.0581463985410126 -0.0390994778059149 0.0755633143156658 0.00388690684340239
0.0930319260604769 0.0102695033154924 0.0567463404434732 0.0544937872765584
0.0612968039678978 0.0737553232343593 -0.00197226950616414 0.0759522526029936
-0.0227627055472611 0.0971700783450348 -0.0280918915686765 0.0302664609275694
-0.0853834156895318 0.0874996026413869 0.0421708019568272 -0.0195015993590403
-0.0752700619401876 0.0370226494461036 0.0960564866836469 -0.0720678593494983
-0.070367818736298 0.071354554141788 0.130035161507202 -0.0567550832460237
-0.000918266243861146 0.0987184879359549 0.0911841860205303 -0.0963571684718533
0.0692388350160633 0.0650626670702295 0.0174508291987201 -0.103072524953453
0.069493551336989 -0.00376300967273685 -0.0180665678052286 -0.0585876367459911
0.0436531454806531 -0.0340712857280402 -0.0124384215622555 -0.0371737054807301
0.0169715778771118 -0.0535274051298925 0.00376864581849734 -0.033147742060413
-0.000136308735703544 -0.0559655163048987 0.01263899762857 -0.0435015184808438
0.000368614571183271 -0.0561539070619359 0.0271887723854879 -0.0527574220236898
0.0223619816315742 -0.0490735935981214 0.0545778900642725 -0.042918684853299
0.0464081725446717 -0.0319648667898988 0.0851470107570401 -0.00909125882218181
0.0750856214653584 0.0109936175823616 0.066288071280526 0.0460742711894438
0.0443501149458656 0.0631951202090026 0.00934649527986217 0.0697597396767161
-0.0294498604009491 0.0747991622118699 -0.0181832541588534 0.0220144291426003
-0.0753703845136405 0.055265026801339 0.065350107405053 -0.03349593524482
-0.0408759082304932 0.00033542200851191 0.120106257433313 -0.0697999200929516
-0.0474807253882276 0.0277110726802962 0.135427411379594 -0.0557604347221269
-0.00910737734924061 0.051727040940526 0.0984395263154165 -0.0782047661884883
0.0338083814112347 0.0377876349945567 0.0360937327877969 -0.0894990825918318
0.0353430430273163 -0.00166144609466284 0.00236433060625109 -0.0636911956835169
0.0210542783326345 -0.0172809978906828 0.000700264419273723 -0.0526431333241302
0.00772077700653802 -0.0286531971631673 0.00702448601708081 -0.0501629779823759
-0.00143771079031785 -0.0327276044340358 0.0143965118445236 -0.0571065834046562
-0.00113482882906389 -0.0337756140713253 0.0290723315870998 -0.0668250773820423
0.0118550387456638 -0.0329494205271262 0.0607612928868377 -0.0536267191197702
0.0306292155703571 -0.0218739021568323 0.0933588245044812 -0.0156486940929715
0.0501168599772154 0.00977663437459835 0.0733730153673237 0.0441198728863919
0.0231572336493239 0.0459965469747603 0.0175109650656191 0.0679722493905046
-0.0314692923343335 0.0451470191418973 -0.0121715862614581 0.0179783275321827
-0.0564484574070759 0.0162548915436333 0.0812817862594484 -0.039395004871607
0.0212581275827288 0.0208012955356119 -0.0834685306342077 0.0573854072657486
0.0164223452061203 -0.0116514966023668 0.0160899439710133 0.0103186869806823
-0.00306260656048484 -0.0213445099731224 -0.013948829584129 -0.0726951007803441
-0.0171020083053421 -0.00216518997587898 -0.0779941192455128 -0.055986880033196
-0.00690286342989027 0.00857064827609565 -0.103164649931668 0.012402614412853
0.00272071111435172 0.00501047808970809 -0.0686938691018106 0.0680173593768561
0.000841736294492878 0.00416475944823492 -0.0279576634002561 0.0776503159515199
-0.000606644314615181 0.00228194959925434 -0.00705619148077375 0.0673907013942525
-0.00102321862781111 -0.00300247160498099 0.00134337912952829 0.0629694318018524
0.000810147282855344 -0.00592211366071434 0.00245000988210647 0.064897840678966
0.00126151799408718 -0.00593146040762271 -0.00745374558645903 0.0700724913075977
0.00841315675252986 -0.01004989571297 -0.0405263408066455 0.0823666377175211
0.0189098440835056 -0.00308367661609034 -0.0877499075892403 0.0735531884770052
0.0196592162284555 0.0222709678409764 -0.112118859800928 0.0472542381121209
0.00691727943382731 0.0371228161436382 -0.104599268193933 0.0657112857467521
-0.00794335170460705 0.0554999101729976 -0.0840284337281619 0.0363078679097034
0.0091869537923501 0.0283529802317152 0.0182624066605829 0.000574133539073963
0.0199583185196039 0.011335006144738 -0.0143541749384904 -0.0861265549675398
0.0204450499649147 0.00549105767619331 -0.0849862589735409 -0.0687028460149569
0.0180221947230726 -0.0037749628657786 -0.108922250380963 0.00769524281388129
0.0166284594625616 -0.0156548707651355 -0.0717482316865683 0.0656491145890756
0.00377926455245916 -0.0230254980806584 -0.0267096904749482 0.0740341637714789
-0.00162185092550966 -0.02489103081893 -0.00472915284244682 0.061564210190655
0.00335169391420002 -0.0308189215215033 0.00587719427726269 0.0560245249873779
0.0206613947873999 -0.0279046239507015 0.0100572896974067 0.0584274192327504
0.0318331954328108 -0.0147501264480049 0.00476845680334203 0.0662329633416045
0.046733697571381 0.00789685270605788 -0.0262630141078113 0.0833193379484886
0.0337706177145816 0.0376937824062666 -0.0745710894557894 0.0782579694417874
-0.000701950063834259 0.0625090663268552 -0.092394025815705 0.0521774821595092
-0.0309693211794219 0.0726273558986139 -0.0824277136917902 0.0592685165856089
-0.0393197272303472 0.0811659101726174 -0.0689138256157795 0.00881783204576786
-0.00676721887234944 0.0688500921869073 0.030244935255567 -0.0143269902710371
0.038085260318312 0.0505810118093504 -0.00557491007285677 -0.102639649111551
0.0588011538157089 0.0182715914783733 -0.0841936963141952 -0.0861688356438848
0.0456645367965872 -0.0150063324788595 -0.109295721131224 -0.00296558670623063
0.0316078400238127 -0.034305543340609 -0.0714507611449716 0.0545697001368083
0.00892596617675156 -0.0477251141814958 -0.0242635228051296 0.0617156124620197
-0.00213899401350188 -0.047903876088951 -0.00228354357571072 0.0462049991509367
0.00398416799659854 -0.0532192493381828 0.0117116205773282 0.039602029426227
0.0324423088573713 -0.0472586575898886 0.0218279642542149 0.0427138026585569
0.0523434884956854 -0.0273495052712734 0.0256437254292896 0.056099657497983
0.0779250945626545 0.0119982729891657 -0.00177454894361149 0.0827157107296577
0.0536246737306933 0.0626976068274308 -0.0549394516584839 0.0840570281282964
-0.00819693050483939 0.092910061328628 -0.0707651598186727 0.0539608449382733
-0.0576678027610174 0.0993072828728449 -0.0512382834950461 0.0448500455902379
-0.0687913625846712 0.0929884292883903 -0.0373273510906214 -0.02007947023016
-0.028809096291654 0.100803550998728 0.0508405370466892 -0.0313602087943325
0.0453143192280505 0.0893658016377314 0.0130393235000935 -0.116621135562499
0.0906412907191254 0.036800566059815 -0.0719005888875144 -0.103204141670968
0.071141597152439 -0.0211263100633938 -0.0996950961112543 -0.0184971630909166
0.0454638029012363 -0.0476107597955841 -0.0646979520516622 0.0358269368958393
0.0140327295006748 -0.0653004716753702 -0.0188777236112505 0.0414682858168258
-0.00286763667580703 -0.0643237636560103 0.00126413477153189 0.0255468474118786
0.00196559842796491 -0.0675720965773161 0.0165767179460937 0.0167144544233625
0.0351164913100736 -0.0603312372712341 0.0324379990626281 0.0208819202434659
0.0611070613515981 -0.0386348025367447 0.0464616106234272 0.0382941985044442
0.0957266472123429 0.00759082906085571 0.0233649173713599 0.0749826494915401
0.0692040739139918 0.072147229969396 -0.0323118573351969 0.0855708191520225
-0.00829435260285948 0.107512343052228 -0.0516147349148111 0.0495896716064394
-0.0723160764677101 0.111545495605302 -0.017721987206992 0.0229957757095812
-0.0863379782808217 0.0888230487339399 0.0042893355982183 -0.046415156347132
-0.0527106522184072 0.114189803535211 0.0772147960151697 -0.0464440177977335
0.0382212334813681 0.115667441368439 0.0389775450577194 -0.121254850458034
0.104316390432434 0.0559229292632166 -0.0470247951314691 -0.112900308872628
0.0869275945965876 -0.0197114092349787 -0.0780501898470074 -0.0350321798792799
0.0536854106667443 -0.0519793493069411 -0.0508299653403026 0.0113302185601525
0.0173685822741682 -0.0727560139237066 -0.0121688863626032 0.0164660770372581
-0.00297104753519718 -0.0711298235264666 0.00449373410440206 0.00125778254703541
-0.000621750988895476 -0.0723538108024882 0.019249474882552 -0.00823130832599472
0.0322099937537752 -0.064129543714601 0.0401395903775962 -0.00372720817424247
0.0602425823175596 -0.0430190365859835 0.0613736473669612 0.0178166712458432
0.0987587198072693 0.004126270807972 0.0438879837082331 0.0620808062466662
0.0720383070128024 0.0722725150842212 -0.0122708688298618 0.0811449386488729
-0.0103114352200135 0.106986276691109 -0.0367932928548002 0.0410024933273788
-0.0777785178923764 0.107630145395737 0.0123499922243063 -0.000268228023517579
-0.0870827828283026 0.0693967589618675 0.050849084054345 -0.065411150839405
-0.0661384730465153 0.103204077220686 0.103177624864421 -0.0568256811512351
0.0214297181640776 0.118311804811967 0.0637091088786463 -0.112793142208318
0.0961877915378995 0.0662003464668325 -0.0160794021754246 -0.110290894360212
0.0856192655793001 -0.0133412053167978 -0.0482296694392455 -0.0473557380576442
0.0521878237674325 -0.0474248756708542 -0.0314922146211278 -0.0134894156975548
0.0174532586585995 -0.0679745694268471 -0.00448894239819451 -0.00970558026038666
-0.00316563865279185 -0.0667829649065223 0.00746741971484876 -0.0230172811645464
-0.00245925313811588 -0.0670898941836205 0.0215744854714995 -0.03216795245442
0.0266267689102148 -0.0595732744721662 0.0450861374795151 -0.0265632661043127
0.0534547529117711 -0.0402405336250663 0.0726628534451331 -0.000605035946143464
0.0898433706917413 0.00456664314243591 0.0578299372596311 0.0490027380671607
0.0625601594349387 0.0676248458034105 0.00282825834393209 0.0728859420576794
-0.0169221543311087 0.0940657087876554 -0.0252066926184818 0.0309239669126273
-0.0768233030058811 0.0879878191544689 0.0389237309418823 -0.0209592020779865
-0.0697338990976339 0.0397876859356252 0.0896518877249387 -0.0735911146758383
-0.0631761764322411 0.0715282369188515 0.120957598469659 -0.0601292279642382
0.00475959971857781 0.0938828451072893 0.0823185528250345 -0.0957966009478945
0.0701508209666101 0.058415764597947 0.0122386166562569 -0.0990009494366418
0.0666786205593495 -0.00722762824403277 -0.0193485137326924 -0.0556594611353459
0.0399334309061869 -0.0346574425375456 -0.0129769583775718 -0.0354048479868167
0.0131807536938825 -0.0517545235768312 0.0019433072883723 -0.0325859462347278
-0.00319194777368029 -0.0530921770072559 0.0100404756523591 -0.0428850295699839
-0.00271513179631185 -0.0531957478975541 0.0230461402385991 -0.0517197978584787
0.0187867824651095 -0.0479658157006199 0.0497916319405784 -0.0435879997333654
0.0430019086597436 -0.0324871990107733 0.0809805689166481 -0.013730875707592
0.0720117629220507 0.00665868753615238 0.0665800603915725 0.0409069786703556
0.0454506153785899 0.0578734401019461 0.0129043953461391 0.0666844571050598
-0.0244188972965732 0.0728627275110516 -0.0161857792483749 0.0226588530352544
-0.0687613411058602 0.0565828288597053 0.0605469387555046 -0.0351020019114509
-0.0384123774852332 0.00211068506062901 0.112902615273421 -0.0721383824196373
-0.0433656490763457 0.0285833964864154 0.127144489465691 -0.0597569020951244
-0.00562694193078749 0.0498077368239158 0.0902148758158273 -0.079338988457068
0.0342486547649194 0.0345282120512689 0.0308438834680552 -0.0867614153017903
0.0337077031289754 -0.00314294281749806 -5.24265290440114E-06 -0.0611886351344772
0.0194806016202258 -0.0173840272478772 -0.00173620946891089 -0.0512519638877636
0.00634144375969885 -0.0270889405574169 0.00387633966571203 -0.0490077111607186
-0.00359075421624614 -0.030663225181495 0.0108548129229332 -0.0560153615710407
-0.00251797752347009 -0.031911126188403 0.0239605808885089 -0.0653676587296134
0.00957824218481612 -0.0316274270953093 0.0554511271078249 -0.0545286113376548
0.0278749229646628 -0.0224653999064026 0.0882715531492072 -0.020263562331209
0.0477133166055978 0.0064416357550434 0.0732045166769471 0.0387224126165981
0.0238822702099978 0.0419022059099983 0.0203717983676391 0.0652009621168663
-0.028020592867209 0.0443523283267666 -0.0105264857186919 0.0182833218205148
-0.0522790304116305 0.0187363353264559 0.0756677360541732 -0.0420893144517411
0.0212458025549371 0.0183010716173748 -0.0674240485539553 0.0681393210479692
0.0143679926019514 -0.0132336440025625 0.0181795477302355 0.00714341063632209
-0.00680308536714292 -0.0194656966405859 -0.0238219145137449 -0.0671564523876262
-0.0164852733474285 0.00157221754456062 -0.0832755247791368 -0.0417403553447927
-0.00499256253569692 0.0107153730062864 -0.095768383066697 0.0277217908695513
0.00363099590166487 0.0042259526647792 -0.0551564437059083 0.0743354996809796
0.00153247699477789 0.00363048048917497 -0.0154636031949125 0.0783481784561206
-7.23700419545154E-05 0.00233746976938133 0.00322290534271077 0.0650298022273095
-0.00127622456086124 -0.00254402006147522 0.0109713159779497 0.0595613530682666
0.00033979541135583 -0.005296310136088 0.0124050190711019 0.0609790187669532
0.00111634746637026 -0.00546207001537768 0.00382889356353472 0.0672203369859347
0.00656889845466843 -0.00919276322138298 -0.0248674975317366 0.0826384892350892
0.0161819496430111 -0.00400544525835303 -0.0700686000732458 0.0821507255508972
0.0191123589383522 0.0182399539732448 -0.0985549909240475 0.0609125296378547
0.0093290009888694 0.0352660739174263 -0.0901779880504955 0.0758664332000192
-0.00187648427796556 0.0530955708984357 -0.0732251455009341 0.0502150183030113
0.0120327298924249 0.0245798775854337 0.0177403520487687 -0.000791391362935733
0.0179495643783102 0.00796208469413829 -0.0253221650120354 -0.0768643406327992
0.017914101082887 0.00320526437321997 -0.0890718517207802 -0.0507182748031347
0.0159627072651976 -0.0038081710757272 -0.0997665628017174 0.0241571854593053
0.0144553127523121 -0.0166328902103277 -0.0571617520417722 0.0716201362221154
0.000985590499675169 -0.0217252279870073 -0.0143251353874693 0.0733142052059554
-0.00403451259849369 -0.0228016115903671 0.00403534731260339 0.0580404036485088
-0.00102961693291812 -0.0286913103660735 0.0144420424253141 0.052165401173635
0.0161362677702155 -0.0287781825664216 0.0194551298658939 0.0539720037433057
0.0289298037862241 -0.0166329460612155 0.0152761951212761 0.0611487860662838
0.0448689818179336 0.00265328583240077 -0.0120549362309329 0.0813712564562998
0.0343094145547841 0.0322598169910371 -0.0572955293443089 0.085815304026498
0.00578078544360446 0.058927946598461 -0.079668121016578 0.0618249754176547
-0.0217968322066628 0.0727180076276858 -0.0705108851181613 0.0665091182654073
-0.0284428036538744 0.0797906341223201 -0.0652875713236142 0.0231137983008745
0.00257151358603021 0.063885418034659 0.0252998400465931 -0.0152139592401179
0.0397685880076944 0.0407648788582354 -0.019102266396874 -0.0905790452425818
0.0544662900699182 0.00946088384359131 -0.08968102689302 -0.0649281703258051
0.0397197117951764 -0.0174832795702083 -0.0999311215891361 0.0131548399338826
0.0259918101971359 -0.035234938344075 -0.0580524033375086 0.0606168828205563
0.00229415879883582 -0.0446628187651855 -0.0132390067550487 0.059855349561034
-0.00751372605416719 -0.0439793527339589 0.00475165681678406 0.0434106396209634
-0.00309203605222397 -0.0503931529139288 0.0173202164932369 0.0361534148807676
0.0243595622187392 -0.0484450224099649 0.0280888441627222 0.0375979605390063
0.0468114703439927 -0.0308281299437999 0.0326110019200104 0.0483184308717152
0.0747047130047549 0.00227994950366538 0.00938751336138381 0.0778360404724549
0.0560375428878311 0.0531013003642934 -0.0381631333010398 0.088317014641293
0.00283070805935452 0.0877452127299211 -0.0593412915181297 0.0602536041105928
-0.0427163628377665 0.100573347606648 -0.0435556810514134 0.0478053616666922
-0.0534218789609658 0.0930975331049245 -0.0417445032241254 -0.00819016101715757
-0.0140443560426133 0.0955298904298599 0.0409874582196428 -0.0335434899658155
0.0514337943359253 0.0742194547114545 -0.00418275461128387 -0.103516870270618
0.0854374329941786 0.0214816368386768 -0.0794237207969114 -0.0803652435877172
0.062304821065812 -0.0268059174840313 -0.0918339185171112 -0.00312595409038971
0.037059908795114 -0.0493917715769547 -0.053589061739813 0.0407899715609747
0.00419263450758355 -0.061944405176124 -0.0105359974587224 0.0389497808667531
-0.0100293974583508 -0.0590677319347721 0.00496903826682689 0.0228504629292562
-0.00683856648056358 -0.0634030725154478 0.0185534543211831 0.0138860788860744
0.0253020536756582 -0.0612233739920865 0.0348153271717141 0.0149904093242969
0.05324444589477 -0.0426230473760347 0.0494014835025841 0.0287369700792219
0.0913569792210901 -0.0043721199607128 0.0321281866543604 0.066517478362413
0.0716383687909422 0.0599268273964174 -0.0165074370702952 0.087037321173893
0.00480535251130349 0.101573140672155 -0.0419647692683353 0.053295732672324
-0.0548821269618023 0.113769850848551 -0.015341970146812 0.023311860493496
-0.070071767826539 0.0909975230633311 -0.00683866471448784 -0.0396201525007315
-0.0337692342445983 0.109982484041236 0.062818099214694 -0.0512739317967802
0.0483421864740584 0.0988060565329663 0.0187052692074987 -0.109465800942172
0.100860767123348 0.0366370344929483 -0.0567669376120092 -0.091423428567211
0.0765080506751692 -0.0280963464244204 -0.072352214208543 -0.0218631779044377
0.0439089695242333 -0.0547364339355957 -0.0435011009517955 0.0156574224958671
0.00652231670142783 -0.069189421486424 -0.00692651052793509 0.0138297835061868
-0.0113359131977439 -0.0651059699592153 0.00500655100538335 -0.000334834722892947
-0.00998520529243603 -0.0673258635706105 0.0181205182708488 -0.0101029835028036
0.0222758632538764 -0.0645119579691452 0.0383564806888322 -0.00915866564458319
0.0524137813284496 -0.0465240684802533 0.0605081554039616 0.00667187080464685
0.0936181827021413 -0.0081311086915884 0.0490906198028118 0.0516441929247594
0.0744775167351026 0.0592865742429698 0.00130384359133843 0.0794764815331253
0.0029560419569878 0.101317958090829 -0.0293752185693986 0.042735344250164
-0.0599454058180267 0.10965850979823 0.0100299838651867 -0.00315601867530535
-0.0723267875828464 0.0722991859841261 0.0333722412565449 -0.0652675561230278
-0.0480145810480377 0.101082955792514 0.0847292515988746 -0.0648747974470685
0.0333970830059129 0.102766980053069 0.0422140785176234 -0.105940158413078
0.0947451761677685 0.0460858285065394 -0.0279345670950415 -0.0932809646276675
0.0760792326324684 -0.0223008313573838 -0.04644803540953 -0.0373262037306089
0.0429311580534944 -0.0499948634727413 -0.0288650040298507 -0.0108354522246754
0.00705850659443916 -0.0649011106519039 -0.00344557533411974 -0.0122184748178882
-0.0112068084479168 -0.0612248153768517 0.00446535645171949 -0.0237410991659383
-0.0108455882496634 -0.0624370662240616 0.0161299643154893 -0.0326910255302242
0.0172179426792494 -0.0597371720319357 0.0391503508008585 -0.031247429355489
0.0464044998709265 -0.0432448211892789 0.0676908450965129 -0.0125867792973625
0.0847855597510483 -0.00642999138439431 0.0601839679041143 0.0376275173523098
0.0652925116054737 0.0556232668859977 0.0141982245849714 0.0698846648640231
-0.00444474159092154 0.0897090381039086 -0.0195058991027776 0.0316730818248734
-0.0606698285685668 0.0907264895952041 0.0319555089969274 -0.0259322636007049
-0.0587273473612891 0.0420846023626362 0.0689931592024622 -0.0809101690436699
-0.0486064429926848 0.0712857231972927 0.101984360043264 -0.0717035094810012
0.0153616958500617 0.0822711549026179 0.061346814410675 -0.0953613446048837
0.0702671319092141 0.0422575872062381 -0.000421527285804422 -0.0880449189556654
0.0590140434928654 -0.014884016569803 -0.0219005880203584 -0.0491406992606682
0.032879964699581 -0.0369706189309785 -0.015308699520714 -0.0336883319343355
0.00533557216302427 -0.0496350028823692 -0.00102257168958235 -0.0341976971526301
-0.0097472966256919 -0.0482089342484273 0.00370436304877954 -0.0428734339670956
-0.0097138870461542 -0.0487949354862158 0.0150154669281062 -0.0515443597936412
0.0117996753229485 -0.0478953625915511 0.041022760653212 -0.0483564045182031
0.0370457759633912 -0.0352417944848983 0.0733033201545268 -0.025676923183095
0.0681083649118364 -0.00233841083895385 0.0675973653296249 0.028363761569873
0.0479955328629766 0.0487022201652159 0.0228947916624364 0.0615969608584337
-0.0137971438661899 0.0706775169335353 -0.0123197004485439 0.0225315636607398
-0.0564788098649419 0.0599727894448919 0.0504877667027255 -0.0422951345279835
-0.0334681805336301 0.00403132209891483 0.0925721702223467 -0.0854096118687194
-0.0358517520912051 0.0292320446569581 0.107964501342942 -0.0742966616067529
0.000613835568046937 0.0433243268726615 0.0718908498408527 -0.0843375003684679
0.0348619478415389 0.0250127733522471 0.0168966270178704 -0.0822482843248797
0.0292792879764898 -0.00719249517273815 -0.00705277485404625 -0.0571393412705765
0.0154334279220844 -0.0181399377630998 -0.00777741740716909 -0.0492672709252641
0.00166987234373339 -0.0260275450431789 -0.0020124687448757 -0.0491372382533145
-0.00722383153697067 -0.0276771398721327 0.00285250927678744 -0.0553235707773945
-0.00692850415312158 -0.0293821409349934 0.0139377579360376 -0.0648616928489935
0.00502956970562735 -0.0310789087840978 0.0440528014272416 -0.0595959523503953
0.024036552998427 -0.0239073665600058 0.0799941471884529 -0.0329088347740046
0.0457894839029713 0.000192104783616278 0.0736777427069364 0.0252254154654984
0.0263200862873097 0.0363041242112126 0.0293653705933752 0.0585131416157133
-0.020767050326347 0.0448700986631116 -0.00694402726286236 0.0178886630511795
-0.0452149783911429 0.0222942561212957 0.0639755761539251 -0.04992779210024
0.0201558665460561 0.0174090249052901 -0.0660526691613193 0.0638679541848692
0.0139114244315259 -0.012389834528383 0.0174058370882041 0.00727361230793328
-0.00616681847692595 -0.018397625715251 -0.0211313276064256 -0.0640094717551896
-0.0153154020782724 0.00102590112537101 -0.0791771297146793 -0.0411343288068975
-0.00471845800910698 0.00982952195113352 -0.0920693837741059 0.0252581340789314
0.00335614980753796 0.00383588397680402 -0.0533820936520543 0.069777527814644
0.00203646977423489 0.00282187319945635 -0.0156774087194437 0.074034089773596
0.000175317480614455 0.00182208243775505 0.00195187168060364 0.062245369430253
-0.000690580131250229 -0.00286365526198778 0.00901634728779913 0.0571306338369687
0.000647010257840658 -0.00542286428307419 0.0106706998244265 0.058197043314078
0.0016079718008614 -0.00510228360306249 0.00193802371829842 0.0638097413197386
0.00727432967931543 -0.00823411073192246 -0.025305875551967 0.0776786211798272
0.0156152328148465 -0.00266973975020318 -0.0684523594559236 0.0765316213636365
0.0178533077329997 0.0183307591857729 -0.0964941278217125 0.0557377941719579
0.00815242134686151 0.0334182171292004 -0.088751935425041 0.071483222070922
-0.00263215447135044 0.0498752316589784 -0.0709155704527645 0.0468365124571037
0.0110632314471997 0.0240793944825547 0.0172917949089127 -0.000479020782534772
0.0174749391409213 0.00769650948995896 -0.0224904544938978 -0.0733260426618716
0.0176323870395191 0.00298168314183253 -0.0846872073686826 -0.0496288298472187
0.0159470033107693 -0.00364171741025966 -0.0957190487679588 0.0215077274750234
0.0135389720309096 -0.0156589727916272 -0.0553321853796761 0.0669373212049415
0.00095316427279591 -0.0213479084514911 -0.0147881566332911 0.0697994111449846
-0.00380073129009988 -0.0216155756290293 0.00261644552271655 0.0556790597053527
-0.000627501981895306 -0.0277042364030958 0.0127949578256962 0.0501996339139866
0.0161214245021459 -0.0274210898962127 0.0172727709833535 0.0514332116760533
0.0280533318616823 -0.0157447458975162 0.0127691922395015 0.0588457900659958
0.0430728809043535 0.00340854491465816 -0.0126969290153874 0.0769974123008706
0.0325974583344591 0.0321542744947251 -0.0559787921804698 0.0800962128616305
0.00401870402744765 0.0561546987819704 -0.0785385673841065 0.0579685852839493
-0.0222875422179581 0.0680334377893114 -0.0700692974309828 0.062486794478855
-0.0286971862697881 0.0756220284573442 -0.0627217483066666 0.0217097409876635
0.000781156566021832 0.0615450286885287 0.0246129686690059 -0.0133769095489814
0.0371247960978657 0.0395101089015969 -0.0165074352428386 -0.0862125641481901
0.0524562634337084 0.00963569133167602 -0.0839758168845011 -0.0634489356917615
0.0387395599731059 -0.0165965468669844 -0.0960185702177649 0.0110947427152666
0.0254297513845185 -0.0339968171197411 -0.0561020205267536 0.0560668291200372
0.00244027742853765 -0.0430205297404168 -0.0138117844350003 0.0566481803683225
-0.00678065395284336 -0.0420446853560045 0.00323384006371909 0.0415387614963648
-0.0023442466006446 -0.0479818373906272 0.0161046094722294 0.0345797927753484
0.0239983257612298 -0.0463280496855821 0.0260480625003926 0.0360832389231806
0.0455352946764888 -0.0290706406153226 0.0298771394002288 0.0463106993171761
0.0717122718109973 0.00335148908449114 0.00841444977964989 0.0739674625985632
0.0529149336396922 0.0521583112301977 -0.037389851939551 0.0839482102938296
0.000909678502913619 0.0844942555775704 -0.0586655536542964 0.0564487921733922
-0.0429642066046183 0.0944445964128271 -0.0438696704758506 0.0453369174872071
-0.0531307935179219 0.0880136738607694 -0.0398575253308384 -0.00789436037409477
-0.0159189104478877 0.0919349418003056 0.0401889183053166 -0.0300521798342024
0.0479664204991452 0.0720286493819947 -0.00172293659982881 -0.098378288210077
0.0819866486806234 0.0213659220357154 -0.0738751812764227 -0.0782033671270093
0.0605572165597747 -0.0249457506641672 -0.0871255436395632 -0.00465907157021861
0.0361436509738415 -0.047005269255664 -0.0513261370152726 0.0377786541237194
0.00527913414589932 -0.0592748598600056 -0.0113226606402382 0.036352025461016
-0.00895735326463127 -0.0561314067290465 0.00393262313447432 0.0216393122813162
-0.00589993809592896 -0.0607879839349185 0.017372869167398 0.0131662588928755
0.0252141508379047 -0.0584933474463947 0.0328142877052275 0.0143971192652572
0.0521796889663194 -0.0400519611913666 0.04640915688565 0.0278685008639812
0.087557466625519 -0.00294794476861623 0.0307197749866866 0.0638628931611145
0.0676279850398918 0.0586530284769998 -0.0168718025574756 0.0833402152462263
0.00204149152909171 0.0973765590525874 -0.0416535102447244 0.0504804550159858
-0.0544111717049505 0.10682960710298 -0.01644084818644 0.0223096971926547
-0.0683852383905092 0.0855919656419112 -0.00575138257719406 -0.0374583902364998
-0.0347769785014887 0.10475340767647 0.0607919689734268 -0.0464097629164918
0.0445027685662399 0.0949128249347304 0.01999779054197 -0.103472971998641
0.0962745577519736 0.0361412758234246 -0.0521689534843226 -0.088216230896899
0.0739551441614981 -0.0255900676174318 -0.0680120290789517 -0.0218726384813236
0.0426525913334913 -0.0521304272251838 -0.041042522655322 0.0136883296816809
0.00763889261062844 -0.0659366205922187 -0.00752271516788417 0.0120224080056462
-0.00979519644110896 -0.0619950862553796 0.00446620180486061 -0.00111001063765338
-0.00884307928653731 -0.0638361657257931 0.0176117447572689 -0.00965899344481796
0.0222604072429683 -0.0615980836522606 0.0362581955035478 -0.00877756270393796
0.0512596463181355 -0.0441094594963356 0.0573565019116314 0.00715363688228964
0.089622801713951 -0.006306537974231 0.0471760678300819 0.0495698490932616
0.0705100672203079 0.0577339730550944 0.000556873896687949 0.0763099679434815
0.000867454933924813 0.0966896723360188 -0.0287562035190784 0.040545964279406
-0.0589033559968225 0.10316639209203 0.00876742618849036 -0.00254081347108063
-0.0700816268595489 0.0680386204742057 0.0337447199077342 -0.0614384851394423
-0.0473168091232176 0.0959460716854665 0.0823965189499674 -0.0590530084735186
0.030434791290194 0.0983077436866151 0.0429531020381875 -0.100008905493912
0.0900308684072689 0.0451255437213803 -0.0244685322942377 -0.0892679059751813
0.0731054570712123 -0.0203661628355869 -0.0433710387960725 -0.0368152284495192
0.0423360626915572 -0.0473020084451312 -0.0271748703013441 -0.0114474013155664
0.00754196042545025 -0.0616560534406813 -0.00332923208465044 -0.0127158054022707
-0.00955531144780921 -0.0582743831173978 0.00445630789418055 -0.0234393197423602
-0.00985739794765665 -0.0588569437698716 0.0158093886878727 -0.0312284473944038
0.0176372224425588 -0.0567075765328024 0.0380146662026594 -0.0293381883801176
0.0453267534976322 -0.041051476158166 0.0646676371171437 -0.0111580753500664
0.0809671149436824 -0.00467199713062098 0.0572858194491759 0.0368283896189552
0.0613341148910532 0.0539857512760345 0.0129556706833574 0.0671063299940178
-0.00611964141059869 0.085841607246112 -0.01953871642501 0.0299719946045014
-0.0589484172486358 0.0849755269213318 0.0305813088632923 -0.0244770338320518
-0.0568693297783602 0.0391196543153045 0.0687687966795476 -0.0758417764130317
-0.0478236748703173 0.0675287015799301 0.0991062230496918 -0.0655776778560502
0.0138157025576141 0.0782570599034457 0.0608933404707271 -0.0888051427490031
0.0666254946523454 0.0408789691243632 0.00144001616032625 -0.0838222201339513
0.0563702599827869 -0.0130937835370865 -0.0193461336839473 -0.0473760452540316
0.0321606436293613 -0.0346429149478885 -0.0136046941049039 -0.0328130063688203
0.00601494658420096 -0.0470009614626237 -0.000912339224341258 -0.0335188605298258
-0.00866736252362525 -0.0459285962997657 0.00422760693402257 -0.0419368865324191
-0.00835840230234026 -0.0465681691709765 0.0149888076854724 -0.0492932660692592
0.0121862824567362 -0.0450378748491565 0.0400613372926772 -0.0454600180152811
0.0358922952975753 -0.0330230434679083 0.0703047253304954 -0.0236508332375324
0.0651480202740834 -0.0013895814881514 0.0645811725817469 0.0281008374759535
0.0445566045159328 0.047254202380308 0.021342902795678 0.0596598012471812
-0.0142083386748694 0.0675319271408197 -0.0120980682764531 0.0213948290937517
-0.0544934688982721 0.0561221508288603 0.04880117843084 -0.0394823171713703
-0.0316867963731676 0.00324839105244355 0.0914288469482475 -0.0801483798417486
-0.0339278727923572 0.0267916886049016 0.10559075997202 -0.0683244736888154
0.000124440268333636 0.0408280313987901 0.0707472996944706 -0.0787284158927363
0.0331332880434891 0.0236680079475522 0.0180762543845797 -0.0778878188888252
0.0279958951354921 -0.00643502984947101 -0.0049501934399206 -0.0547282831166309
0.0151282625269711 -0.0168088184478078 -0.00667373959861043 -0.0475664351809917
0.00192914205636168 -0.0244846330931 -0.001114769781256 -0.0478683291023711
-0.00656401765268931 -0.0260536714854411 0.00364470758755989 -0.0532989147330356
-0.0061145342370794 -0.0277001511031202 0.0143753786673615 -0.0617313090948034
0.00502393522890782 -0.0290609715970941 0.0433880860845934 -0.0557740591334218
0.0234180464999742 -0.0221924666339911 0.0766082995352831 -0.0301591394150878
0.0435013561407877 0.00146140469509924 0.0699304205588555 0.0255416951101301
0.0242268915332807 0.0350537110867403 0.0275259303001795 0.0563337236302124
-0.0201787512251169 0.0424476289146035 -0.00718911118279405 0.0172286661872884
-0.0424763459759515 0.0205831794984977 0.0615602884215476 -0.0472550339290043
0.0193493731159404 0.016932937533613 -0.0680752642636952 0.0613334363823618
0.0139229431168279 -0.0117023357997444 0.0178153875133579 0.00797868235451949
-0.00577971852497365 -0.0177803395575857 -0.018441056191566 -0.0638309702656948
-0.0149434362046695 0.0001412082010439 -0.0771607045814665 -0.0433408343944193
-0.00459454638549131 0.00916268991441634 -0.091944518516114 0.0219145903785627
0.0028954292580936 0.00350914476902807 -0.0545164146010377 0.0668062045630591
0.00134539784123457 0.00294610321929573 -0.017383467673951 0.0729000451048685
-0.000140315590093407 0.00149791876565457 -0.000527317333213606 0.0616763998161066
-0.000847098557327491 -0.00299011781339297 0.0070071544010281 0.0569016285145698
0.000910805593727952 -0.00555170477044518 0.00842153362128138 0.0579667454283979
0.00198024294458383 -0.00496487176495855 -0.000382184270321622 0.0633171437507336
0.00777096753309488 -0.00780010140337878 -0.0277908178341428 0.0755704792212352
0.0153440163497258 -0.00150423618923889 -0.0696987862696683 0.0732701400230583
0.0165846639774241 0.0191932820492814 -0.0979820137876354 0.0512936643424931
0.00678714826510859 0.0326889338263598 -0.0914880150900522 0.067822822904782
-0.00447761388567041 0.0489237732777755 -0.0718354643898625 0.0447524006409752
0.010004416252167 0.0247864707592355 0.0175223016360139 0.00103261541837405
0.0169966053409957 0.00836681786453236 -0.0194321173257148 -0.0727776425002475
0.017815231605518 0.00322338720531311 -0.0821453952436806 -0.0514138719195574
0.0164745507943437 -0.0038164106532437 -0.0956369094633378 0.017646397574926
0.0138500797856535 -0.0157232111459875 -0.0569636785493596 0.0643493077279819
0.00160143172320314 -0.021059509664261 -0.0172184620962293 0.0680246699271751
-0.00314063574431755 -0.0215931812462197 0.000563714841719473 0.0552133595661743
0.000366300304745345 -0.0274755039277281 0.0106993839216327 0.0498466097180048
0.0167104136689438 -0.0271103941232218 0.015297524412815 0.0513701098512982
0.0284742770858924 -0.0149407070247553 0.0109465950544526 0.0581247855756183
0.0428370120075049 0.00486840109807322 -0.0145799212953928 0.0755074647589963
0.031288410605732 0.0334590289254652 -0.0580103729036148 0.0777354163222184
0.00127682284765538 0.0567467962842528 -0.0798641245090128 0.054592684202613
-0.0244378655835868 0.0662666812949775 -0.0727744526090203 0.059967427383122
-0.0311455530566996 0.0735438725360318 -0.0631857536025445 0.0198286753831049
-0.00158208871464664 0.0612789670418364 0.0252813480858634 -0.0116967513243219
0.0355008311828863 0.0400559237665436 -0.0128942058841522 -0.0850296969914505
0.0523101769517956 0.0106905482733683 -0.0809196214677499 -0.0650752604797723
0.0393531132184862 -0.0156101584315998 -0.0948891791574933 0.0073132000179639
0.026081813853559 -0.0331823107744099 -0.0566825582440064 0.0535048281908062
0.00374852267202122 -0.0427732825235191 -0.0156429172081829 0.0550053339698147
-0.00516737306470993 -0.0418433525752276 0.00151277699951726 0.0410233449417627
-0.000961542853964253 -0.0474112458953371 0.014377142548514 0.0345084956466898
0.0256623264091335 -0.0455439668239223 0.0240776629535625 0.0361117783081646
0.0459010703499998 -0.0276005731330429 0.0277011118254013 0.0467286779394603
0.0712672981378533 0.0054484959309696 0.00645524770831071 0.0728251388149791
0.0512625357952198 0.0537369910943825 -0.0400252393988331 0.0821140722197308
-0.00265775536682239 0.0837713363745341 -0.0603162403407964 0.0544614339473934
-0.0459979278569409 0.0915349962207128 -0.0460380600172358 0.0441973141776414
-0.0555363870383437 0.0851578445990171 -0.0391299872342639 -0.00874309668149303
-0.0186511652030278 0.0903628876450153 0.0410073776608429 -0.0274998440434155
0.0452460117214012 0.0727043017754129 0.0020211000045058 -0.096357846315795
0.0809648279277023 0.0234797413429253 -0.0701754429003802 -0.0791092963646837
0.061272341198406 -0.0229838681240811 -0.0857759501125633 -0.00760842535778809
0.0376850659820669 -0.0459529338436309 -0.0518053064370699 0.0349887028650523
0.00693295776660172 -0.0584266048121658 -0.0124075847605917 0.0348347269035299
-0.00724516564755439 -0.0553383729206957 0.00309118024466309 0.0213522420067912
-0.00439400899888116 -0.0596106540756277 0.0164244388665079 0.0135734895727577
0.0269902390138591 -0.057524000020764 0.031746589002316 0.0151416184732894
0.0529244535380179 -0.0386372792278675 0.044808270183409 0.0284075668881552
0.0870486116855975 -0.000108627601583652 0.0289820502690847 0.0639444260131593
0.0657658706310958 0.0601761077993832 -0.0192607244373029 0.0821902733082818
-0.00122899087641044 0.0972057067375832 -0.0429326016957606 0.0484026948985085
-0.0573382004734276 0.103487193807069 -0.0178318826592588 0.0217627903114586
-0.0705739601705304 0.082231277682899 -0.00388777046621823 -0.0362950508326095
-0.0381554876953226 0.103057669285556 0.0620249497138005 -0.0426727168417282
0.0410275629914053 0.0950107318000385 0.0236018159721681 -0.100923389146988
0.0945374343418807 0.038486082628918 -0.0482777026007097 -0.0880102626334723
0.0746263909374063 -0.022838456214113 -0.0664052977191373 -0.0243780505826413
0.0446393554551181 -0.0505395947426679 -0.0410007230281389 0.0112574066067487
0.00963320896580402 -0.0649810100002574 -0.0084599501408936 0.0110259557899047
-0.00824386346077226 -0.0612914073172287 0.00400549238940335 -0.00166384388143523
-0.00679628543133176 -0.0632571677095103 0.0172374176084954 -0.00933280246140315
0.0238134832979475 -0.0603575911303344 0.0361429443759345 -0.00781508917851325
0.0520454760045059 -0.0421674887686473 0.0562972273430239 0.00824785290256115
0.088853509647848 -0.00350757302040217 0.0457452410863428 0.0499792731687211
0.0679575604646545 0.0596344648870518 -0.00148949187878921 0.0756533892926741
-0.00282701604065511 0.096106141541193 -0.0302205082512736 0.0394890626733572
-0.0615225097472789 0.0994202220100682 0.0079607771784997 -0.00201306131594864
-0.0714152102216967 0.0650137115184471 0.0364666415116753 -0.0591431646665165
-0.0503109464164715 0.0934038340022968 0.0836904213607368 -0.0545064766762839
0.0268444904733584 0.0976255651374216 0.0456931865363383 -0.0965815347351398
0.0888220901247074 0.0470688641643794 -0.0205730141917841 -0.0888762536260576
0.0738347801385572 -0.017865568657046 -0.0410236311415292 -0.0381794884560394
0.0434237428583272 -0.0456284303080347 -0.0259974583338325 -0.0126691141037634
0.00954109647750259 -0.0609969999377377 -0.00353840029062824 -0.0136307618029112
-0.00791387463311383 -0.057801859096602 0.00464571140722265 -0.0236602640115151
-0.00779613701752407 -0.0584682041244107 0.0166887555565145 -0.0307569427024788
0.0192216006041324 -0.0553273934914336 0.0380396290099458 -0.0282267863637016
0.046115679789623 -0.039122383977901 0.0641671297870991 -0.00937771552192931
0.0804057284774684 -0.00241395575931843 0.056167861839797 0.037617038642151
0.0588921748407441 0.0554657722068741 0.011093600947103 0.067146998935398
-0.00895929983732227 0.0848408243263977 -0.0200237956408564 0.0293185442878947
-0.0610451153525992 0.081523077987298 0.0306951637025541 -0.0228986211212884
-0.057277125020348 0.0368994719285532 0.0716251650664162 -0.0728512723970221
-0.0491836839806463 0.065161573252235 0.101143945903653 -0.0606142291770894
0.0109408398126434 0.0773208575134171 0.0638624814556396 -0.0856185799696654
0.0651416853707462 0.0418960951302878 0.00465800553445928 -0.082588912056764
0.0564026743826184 -0.0113486132942061 -0.0170657778458483 -0.0479487226900182
0.0329419579579674 -0.0334999719054335 -0.0122817156722907 -0.0336548200636531
0.0071313870157302 -0.0459114921183878 -0.000143662119989528 -0.0341438029549129
-0.00715758389521792 -0.0450889514386526 0.00527848452477119 -0.0419610860791524
-0.00701076946247154 -0.0462022064910969 0.0164546906333558 -0.0486664739746525
0.0132755695414755 -0.044006351393614 0.0412160293481167 -0.0439778906604966
0.0367182567302165 -0.031524987977462 0.0701032835103922 -0.0214579526769415
0.0646757312246054 0.000866567586319543 0.0635329459916424 0.0290396593522903
0.0424586597272733 0.0477062465168281 0.0197560825629221 0.0598835879253061
-0.0164146653842658 0.0663978441259074 -0.0122211339475824 0.0211883286846966
-0.0550889399181604 0.053170161649643 0.0491577169101422 -0.0375819598100185
-0.030996446884702 0.00245357070996201 0.0946368126659486 -0.0766408332101314
-0.0339960191757379 0.0251229076281072 0.107411906916475 -0.0629225411903055
-0.0008328654641286 0.039785312650366 0.0728025270466865 -0.0755637916832894
0.0322410358976245 0.0242668955374508 0.0206267258866515 -0.0765287790631639
0.0279839809192172 -0.00547015208783063 -0.00309080917050852 -0.0543646368320109
0.0158235278215727 -0.0159707816497573 -0.00493042278529696 -0.0475733237808024
0.00257931845516918 -0.0237993136789855 0.00048320423129051 -0.0482051690420151
-0.00584071068924566 -0.0256297989549531 0.0049494603869511 -0.0539500251226798
-0.00550734980239921 -0.0274790110080474 0.0160579408056887 -0.0606569170851208
0.00588204099870572 -0.0282126722236094 0.0451025672209269 -0.0540274754343931
0.0239060900981821 -0.0211999895663046 0.0766601763366125 -0.027418609114379
0.0425295310748754 0.00265839073756512 0.0686847717581631 0.0276976657040233
0.0226141440738952 0.0354113386698283 0.025849697856668 0.0568939416618425
-0.0211851520498252 0.0410290528868071 -0.00751038084984246 0.0168220283108108
-0.0418366012856749 0.0188988099070016 0.06253849541346 -0.0449262268215842
0.0193183403873259 0.0173059914865132 -0.071029338402045 0.0622088445369464
0.0149981725781011 -0.0113763013289597 0.0187477161447871 0.00894241281974646
-0.0055981463575907 -0.0179808635137658 -0.0176528753959567 -0.0659404430194204
-0.0148447534821333 -0.000602633116318898 -0.0781732013758557 -0.0454762494730789
-0.00455669506891718 0.00869722906622868 -0.0951331741313116 0.0206133323908761
0.0026968264875753 0.00308987559687358 -0.0576609404669598 0.0668409411696984
0.00120216605198323 0.00257616089038539 -0.0190947101540388 0.0738097659661179
-0.00046518830793952 0.00162163038116512 -0.00157219260986593 0.0637902742456423
-0.000841614234969419 -0.00365905395344503 0.00613015614614804 0.0587836752605537
0.000886423135005977 -0.00575846675209332 0.00741501480979802 0.0594244263603684
0.00216778400486261 -0.00522246289425017 -0.00214024186650998 0.0647147992014083
0.00848536270734308 -0.00810112792424995 -0.0304904209758704 0.0765663697225662
0.016040295841273 -0.000311254054419614 -0.0734989718746369 0.0726636234263028
0.0167169047389949 0.0203874059509587 -0.102664063350774 0.049998343329702
0.00547720305884235 0.0331749929471322 -0.0968476286399735 0.0681339916525842
-0.00569650783363558 0.0495765730892029 -0.075251583249475 0.0449607314408763
0.00963116473209278 0.025797047329383 0.0187233060075586 0.00159313873173867
0.0173589473069174 0.00907018788726024 -0.0183367237946642 -0.0745835043245499
0.018709299535126 0.00346302232818392 -0.0829741423587882 -0.0549623740262087
0.0173893751811688 -0.00411857449119683 -0.0983458407407291 0.0161449427765878
0.0144426354280816 -0.0159673188505072 -0.0596543295342263 0.0640350094848611
0.00212545620553431 -0.0226009858312915 -0.0187459953357741 0.0687733131904542
-0.0025375106479649 -0.022240119057903 -0.000709658895012057 0.056962400571069
0.000832882609144684 -0.0288838625997264 0.00976842243920925 0.0514489078759497
0.0180110795234858 -0.0279075002673731 0.0140357106117291 0.0531170590705538
0.029909824499615 -0.0147196536737129 0.00950090905610229 0.0601585455745493
0.0445182658086237 0.00590210630819581 -0.0165077262165167 0.0765242998970164
0.0319378083497485 0.0356467685926043 -0.0611147918092862 0.0777423933114436
6.74110258022881E-05 0.0585396062505043 -0.0839159454409721 0.0538383337903312
-0.027092313223497 0.0666123165458427 -0.0774052082759694 0.060081189972353
-0.0340041214272963 0.0741847175505183 -0.0650881601415269 0.0196619896396593
-0.00319146347942531 0.0634649713118921 0.0265634830904317 -0.0107803517888149
0.0354241395054981 0.0424335794245153 -0.0108497655792655 -0.0872521103465934
0.0541972313132863 0.0118931788782785 -0.0818088117875845 -0.068408084087431
0.0414283832649941 -0.0156511217954739 -0.0978196676700565 0.00497242565266383
0.0276780191878084 -0.033713098979686 -0.059219331466314 0.0527384595507052
0.00478029492137939 -0.0443081742350543 -0.017387176745996 0.0554493482542021
-0.00490631723054347 -0.0428898321741868 0.000510171964714049 0.0421011885444794
-0.000301512652013189 -0.0483735613964437 0.0137622517777117 0.0352899288596212
0.0268275892869367 -0.046647102652741 0.0238101735252022 0.0371181104463511
0.0481443690951568 -0.0276161955485894 0.0270990676124651 0.0481121420630981
0.073308644287368 0.00686881268968527 0.00538184885591023 0.0748434835062301
0.0515804863587572 0.056472302299674 -0.0424053522710225 0.0836370625100692
-0.00492363049598129 0.0866120208031794 -0.0636840401217122 0.054523942769023
-0.0494156771411837 0.0923502018479 -0.0496835843881684 0.0449189799143858
-0.0592817238087133 0.085882342525098 -0.0396725155831162 -0.00902568028618093
-0.021608328505176 0.0932147074740756 0.0430369853510038 -0.0263028035623776
0.0448191027232605 0.0756159356820035 0.00475666126924273 -0.0983853376911778
0.0836776857486621 0.0251403643374683 -0.070100389588023 -0.0829393812712339
0.0637510765993144 -0.0224872811774472 -0.0879427883509039 -0.0102110127065031
0.0396704270652205 -0.0470475198449851 -0.0535691139212403 0.0340934435033975
0.00814718636539588 -0.0601895117588897 -0.0139257715495351 0.034803351871038
-0.00651692667782313 -0.057113572889136 0.00207561886258003 0.0215912999194262
-0.00324671953211528 -0.0609950576022485 0.0162969897572438 0.0134336880237427
0.0285596843169296 -0.0588068550192321 0.0318615049942868 0.0161311793720711
0.055295368915127 -0.0386091684674911 0.0451388882617283 0.0296301320934481
0.0898079607249057 0.00138623627117132 0.0287715711526259 0.0657363297212216
0.0663326437584325 0.0634898593270844 -0.0211985841755939 0.0842285677398241
-0.00378620407847788 0.0997470607047557 -0.0457381955754755 0.0489669169503523
-0.0608462833222097 0.10408712235051 -0.0194278833817354 0.0221147833099347
-0.0746458701822764 0.082520885447647 -0.00233258174641551 -0.0370709117415733
-0.04157292594041 0.105488928127438 0.0650722385850286 -0.0412152190114591
0.0402503642429979 0.098625109786633 0.0274641213546502 -0.102430653657705
0.0973003331628934 0.0410418929339261 -0.0472415892812835 -0.0914684413986612
0.0777465129926273 -0.0226627907933269 -0.0674641303398792 -0.0267262798200328
0.0470877885053919 -0.0514117869602656 -0.0418361568737996 0.0103554413707113
0.0106303713783634 -0.0665855185418999 -0.00939622269639986 0.010266481405832
-0.00746585501626119 -0.0627159071375253 0.00359756784268889 -0.00204631530588592
-0.00576419100388371 -0.0647920961714722 0.0174189984007806 -0.0097010162494307
0.0256867605374852 -0.0617074622130614 0.0367782699950482 -0.0076765314291711
0.0544302741780996 -0.0426070211093415 0.0574836969120566 0.00915237948977255
0.0915944308614286 -0.00185969160395361 0.0465823811541953 0.0518930868972261
0.06872176877303 0.0626100545748854 -0.00285223868414117 0.0779828600278863
-0.00533467755119601 0.0986742614170872 -0.0318549818457101 0.0399488745678791
-0.0657463129447701 0.100561703993306 0.00753975745326513 -0.00172583677292905
-0.0745742753959721 0.064658074699024 0.0398993212141227 -0.0599043824880262
-0.0540999875153873 0.0947704119172492 0.0886116022120809 -0.0532252079012338
0.0255084925900346 0.100217961824129 0.0497308913467701 -0.0973454244460191
0.0902795852377932 0.0497154462334129 -0.0190109392157488 -0.0913514295150281
0.0763453566135252 -0.0170720484170918 -0.041033612132645 -0.0397990332563483
0.0458397554225608 -0.0462642088889038 -0.0261399387428254 -0.0142300687568189
0.0110937912185093 -0.0621421811687758 -0.00403972899058839 -0.0147926419889715
-0.00737887070817786 -0.0590046324365612 0.00498195126453461 -0.0248940571249633
-0.00702104311254608 -0.0595428101295136 0.0178268892815684 -0.0318027349316824
0.0209368655690955 -0.0566366612816534 0.0396116069795115 -0.028107816842643
0.0480657917958286 -0.039249769668576 0.0659242237599132 -0.00898335484650816
0.0826051899063734 -0.000863177253366969 0.0579593969492529 0.0388664738893546
0.0590676444981328 0.0580286283247963 0.0107377111505247 0.0693362127910689
-0.0112743082759668 0.0868801890482952 -0.0214273384172454 0.0298772672938421
-0.0640811430703507 0.0821542479728459 0.0316045531249954 -0.0228955558715671
-0.0589802861432573 0.0365545934843282 0.0770610769670693 -0.0731753999061382
-0.0517279607662435 0.0660440062457169 0.106424155393336 -0.0590554021621417
0.00961761363956608 0.0791700524510734 0.0673476286052467 -0.0858654368450876
0.0665891132984763 0.0440137411594384 0.00636786816640929 -0.0841512694301557
0.0584425727163801 -0.0103788615531677 -0.015739572618215 -0.0495458784269986
0.0351478420915916 -0.0339505406760558 -0.0115930849442793 -0.0353797421154713
0.00798938375120896 -0.047154607016622 0.000223849854724807 -0.035696016111052
-0.00661863660729974 -0.0459823259124677 0.00574080901162323 -0.0438642933889096
-0.0064684221201114 -0.0468244136086047 0.0178655066947891 -0.050145366267819
0.0143843233401484 -0.0448871107077524 0.0432216280758527 -0.0443451374896862
0.0385726460425382 -0.0315059426875645 0.0725447692725779 -0.0208071925502485
0.0660525582504456 0.00250711421334317 0.0647917277870674 0.0314569005565578
0.0421534187918246 0.0497295485175764 0.0193018532298303 0.062339621832755
-0.0183519697126708 0.0673959587645533 -0.0130993863901768 0.0216870262126215
-0.057508527532118 0.0531025556423619 0.0511175615717687 -0.0376979398733495
-0.0314234430601984 0.00157014614187602 0.100115093401652 -0.0764299066636386
-0.0352544824353955 0.0249503530998679 0.113207656378123 -0.0616488908896852
-0.00200688276465549 0.0402648121420535 0.0768060499404527 -0.0754543158605828
0.0328106976300077 0.024832120671567 0.023344952638123 -0.0775050300509447
0.0284524081993173 -0.00491406303354228 -0.00156346919407373 -0.0559351638991009
0.0166400374338559 -0.0159661543083541 -0.00429515801320509 -0.0494544550568519
0.00350663810261447 -0.0244229687915491 0.00100707149100265 -0.0501822961457416
-0.00550564137139428 -0.0257940053243686 0.00581512236747117 -0.0557559998702112
-0.00501407350236241 -0.0278467688319426 0.0178940124416194 -0.0622051628880722
0.00640479962796903 -0.0290650584431136 0.0474310598309072 -0.0541989451849864
0.0249830705722639 -0.0212589514638952 0.0785786956805407 -0.0266892701561942
0.0435159645107076 0.00362102980154774 0.0703563105004157 0.0295985910380332
0.0215509837536972 0.0364679638425 0.0255635293401158 0.0591296211230462
-0.0225033956593487 0.0414872531383396 -0.0080009847620227 0.0174618812626846
-0.0427818175391958 0.0180606625026901 0.0643916219918118 -0.044923745804963
0.0199042603348781 0.0168800453484677 -0.0733428178859595 0.0670500242706472
0.0154505433141273 -0.011908642377332 0.0206897902617376 0.00926848171066599
-0.00600209622866244 -0.0186590722177129 -0.0187931270231185 -0.0687283271797505
-0.0150867553032595 -0.000198031249783447 -0.082247726150437 -0.0461861009248268
-0.00478378663400944 0.00910884595417988 -0.0992428193945797 0.0230854259316227
0.00259006812581149 0.00290527653451818 -0.0593712335701284 0.0705692781738458
0.0013572755193072 0.00228193995165891 -0.0183373035559028 0.0775272378579633
0.00020264239939811 0.0013750773204879 -0.000442554357962476 0.0672301333753257
-0.000773305474447644 -0.00378806471581035 0.0068614529174622 0.0616663328980649
0.00116127020284625 -0.00652041801311347 0.00870137379737422 0.0624281077520636
0.00260513229322834 -0.00497758452595684 -0.00177556054075851 0.0676615729896477
0.00911718719664947 -0.00802172477692645 -0.0309081498219678 0.0796076568577033
0.0167316951859792 -0.000121797500818246 -0.0756432755134916 0.076617380614128
0.0176372993278204 0.0215378311885258 -0.107336003414613 0.0542002754244796
0.00596101382168374 0.0340124883531968 -0.101409694219291 0.0732880159927703
-0.00563576881923715 0.0515984754913073 -0.0777469268085003 0.0494050716116693
0.0102520431813268 0.0272800904403388 0.0203478085485779 0.00179933612457071
0.018123273904984 0.00973562147516805 -0.0197392177832335 -0.0777659204090362
0.0204346709318142 0.00288028738354799 -0.0874343590763899 -0.0561283147637722
0.0185099597567856 -0.00518167947567434 -0.102957444936398 0.0178562558395485
0.0144593866254883 -0.0178636028021265 -0.0614114122967666 0.0677102471598644
0.00136331060937986 -0.0234894693463841 -0.0186268257967427 0.0718641985703467
-0.00292373374389793 -0.0233201309082593 5.32117664436559E-06 0.059706375059957
0.000283436148083452 -0.0301597979407775 0.0108507199039057 0.0540887418055892
0.0182950300094419 -0.0295001646260791 0.0156947587848157 0.0547125646066667
0.031471518247861 -0.015737971943962 0.0100286856332053 0.0622339085085477
0.0470130742387185 0.00561549177137672 -0.0163011963939553 0.0802094971676495
0.0343170596666082 0.0370469283371456 -0.0627394699692243 0.08236652818195
0.000382403061959634 0.0621603379193365 -0.0881211423238579 0.0578632519343041
-0.0280262873828552 0.0698988266592751 -0.0810834838828745 0.0650673072973122
-0.0345214460372669 0.0780726447707919 -0.0677784843332834 0.0228306444156903
-0.0021049606028156 0.0670907294324719 0.0283262878249735 -0.0110253237297842
0.0381610965881442 0.043822776520546 -0.0121257332397226 -0.0903824648201099
0.0575904340414494 0.0108867256707482 -0.0863464074341806 -0.0701332533652295
0.0439065139820281 -0.0178170009466287 -0.102152816336238 0.00687014045530852
0.0281021625651124 -0.0368392556549128 -0.0608856916323662 0.0557698419236453
0.00381922254249103 -0.0464538783688064 -0.0177015098041812 0.0573526276500692
-0.00601599718579888 -0.044541838345024 0.000624108782428979 0.0441679969273792
-0.000719676652562668 -0.0512507316794947 0.0143703442675643 0.0366587225485333
0.0273425656211736 -0.0499491851954074 0.0249835011357622 0.0383813909109001
0.0499829809634069 -0.0301219476040687 0.0290026260543754 0.0495468298674008
0.0774385861738331 0.00595722240821329 0.00767050927187713 0.0775002732322836
0.0554571603091759 0.0587321927051721 -0.0428009519488748 0.0882903439460359
-0.00408749397302829 0.0913944498145023 -0.0660567298114818 0.0580541939022065
-0.0505423143556727 0.096964009974114 -0.0521560980064463 0.0482197248956015
-0.0605115576316858 0.0905599473036564 -0.0411362815595128 -0.00801818004929713
-0.0216609913642124 0.0986993537098165 0.0458309447448603 -0.0270737382139247
0.0485211935318891 0.0782129652525124 0.00403144374493761 -0.102051784784386
0.0885783318225197 0.0245603136818211 -0.0742538704850235 -0.0853584319152948
0.0673317872484807 -0.0254932333900477 -0.0921111355089797 -0.00978633245520423
0.0407652557667987 -0.0504184742548158 -0.0554773800608334 0.0359671048987992
0.00706635875129307 -0.0633547139474208 -0.0148585586006136 0.0358670267629321
-0.00826854898580375 -0.0596115787108468 0.0021286273892863 0.0220847111063881
-0.00422904730465521 -0.0634379547864505 0.0169838756273452 0.0138229020075088
0.0288922361536011 -0.06236228160596 0.0339824071323492 0.0157599246831429
0.0575507401968342 -0.0417672020164609 0.0473415242829291 0.0299428292304588
0.0946720159360799 -0.00039524425535982 0.0315702804209314 0.0674367075951024
0.0709745710014142 0.0655514496410634 -0.0203291883217009 0.0882318474298763
-0.00285538033621244 0.105724254198731 -0.047074360959763 0.0522195747646466
-0.0624950145355645 0.110168295946819 -0.0213028096688772 0.0241133777867928
-0.0767470102360216 0.0870697581152374 -0.0020812442510795 -0.038220974818034
-0.0422991490414029 0.111807452837333 0.0687695256686875 -0.0437531502997553
0.0440612049346459 0.102157050364447 0.027205549930096 -0.106535745618637
0.10345590181936 0.0407776464660982 -0.051034785354672 -0.0947404673422939
0.0817030621900926 -0.0255248300334319 -0.0707146851051547 -0.0269872872936484
0.0484802322006628 -0.0549788109524886 -0.0436020314221463 0.0107414209988068
0.00991677346602255 -0.0701348348806349 -0.0104374340986456 0.0103245096762394
-0.00925610173465238 -0.0654181391084742 0.00318607530652836 -0.00266350556277057
-0.00713142308603582 -0.0671848129106302 0.0179590037384214 -0.0109118634675248
0.0259018637759152 -0.065170468625544 0.0385358411812593 -0.00859147204793962
0.0563104429643967 -0.0457927918531442 0.0602707512737278 0.00842075293186859
0.096296583043816 -0.00423153717174458 0.0499989576375392 0.0528827661398129
0.0731802959724647 0.063845324803561 -0.00122718685134915 0.0823205302046851
-0.00444808955621888 0.103837567749031 -0.0324582079279256 0.042702096511864
-0.0664997468615898 0.10582918470271 0.00734480927985646 -0.00176692823699093
-0.0768874442601762 0.06889703226533 0.0421529438226117 -0.0630334262403169
-0.0550233866230236 0.100635507026666 0.0926614933665806 -0.0560948524059695
0.0283934020280476 0.104314691099693 0.0507742617658897 -0.101738494572545
0.0961285388762102 0.0496755203850391 -0.0211258083885725 -0.0947345210820823
0.0802148416226172 -0.0195730220093962 -0.0431365702715866 -0.0415717073455524
0.0473674846031704 -0.0497453256987202 -0.0274016453716878 -0.0149058118596761
0.0104312767746146 -0.0651229565709659 -0.00502794089945518 -0.0162335613077317
-0.00897239005069778 -0.0612902808551544 0.00414507861196194 -0.02692536273265
-0.00864814025764663 -0.0617792077471439 0.0178734028893364 -0.0341615262986126
0.0202676683399127 -0.0594554505930341 0.0415166194818652 -0.0303625523540331
0.0494186629811099 -0.0422379258939517 0.0688358690161383 -0.0103828451742324
0.0868655606884625 -0.0025816420785325 0.0617917074257225 0.0396417734173154
0.0629737466884188 0.0592832410385175 0.0129501355429124 0.0730010342160434
-0.0104961075171736 0.0911601820883219 -0.0216454159375012 0.0317585901302263
-0.0655656494590344 0.0864807703032889 0.0320018197647445 -0.0245345439059254
-0.0607575590589152 0.0389631682881093 0.0804525467252369 -0.0781211740352682
-0.0528423218688601 0.0699768664288166 0.111516998516168 -0.0627402543408224
0.0111256561809165 0.0822289472313269 0.0692949702375239 -0.0901846220370933
0.0712443821947046 0.0442157155955619 0.00563698753422377 -0.0874694809984553
0.0613847842639955 -0.0120034350385576 -0.017307785348027 -0.0509313175109419
0.0362771685649901 -0.036229011046376 -0.012488212792556 -0.036923948114667
0.00749949245292477 -0.0492421247581133 -0.00105208872656026 -0.0385300935547911
-0.00824830730466394 -0.0476163363402839 0.00467280913929563 -0.0468745645252055
-0.00757391503739737 -0.0486342887106512 0.0177897015346227 -0.0531240331816863
0.014227961166646 -0.0471994776940849 0.0446617735796852 -0.0476612291449588
0.0392204781971313 -0.033463278185843 0.0754022116004399 -0.0231089366885101
0.0692354973603515 0.000907484933857549 0.0686899981258221 0.0310509029200946
0.0446329051581455 0.0506656559305149 0.0223809145681193 0.0652849470999989
-0.018330019564462 0.0706731167353549 -0.0133161304609653 0.023020709514298
-0.0583165626885081 0.0560002386206354 0.0526363392550627 -0.0407411591073534
-0.0321081906510263 0.00217772619822991 0.105301546041965 -0.0822706448937198
-0.0360097675710968 0.0262905227885379 0.118333109072111 -0.0660387946017717
-0.00146537993713389 0.0414758709538809 0.0795518354771824 -0.079615284782568
0.0350289751937118 0.0248771003306634 0.0239916504718442 -0.0810041496232749
0.0301491732224457 -0.00516464440562558 -0.00191830165645943 -0.0585607493587074
0.017243425003884 -0.016841900594866 -0.00437630663674577 -0.05213726046189
0.0029714347352508 -0.0255058923665124 -0.000184908548557822 -0.0526661231827505
-0.00625638018753784 -0.0268408108628288 0.00444164191998074 -0.0592543360235189
-0.00573199640854681 -0.0289977978454664 0.0176347307300842 -0.0652686443469915
0.0061238708251125 -0.0296188294488181 0.0491016161241634 -0.0576610819611761
0.0256419076209286 -0.0225753818957493 0.0821974343225347 -0.029204482679181
0.0453245470114597 0.0031716942893967 0.0745513709636471 0.0297282361292829
0.0229554580726736 0.0373608400475635 0.0282447611455466 0.0622197177853928
-0.0226371559662571 0.043446280551343 -0.00850108228258271 0.0184245375474777
-0.0433767775696035 0.0192628013645209 0.0666354275348826 -0.0482503957656246
0.0168529929919087 0.0218392837217552 -0.0841931131237824 0.0565956510027324
0.0175792957767904 -0.00959355473894223 0.0207565262454838 0.0120982790017511
-0.00315325685166252 -0.019578765391524 -0.00830755811652527 -0.0742392820115111
-0.0160332694396548 -0.00154669279594439 -0.0773207897120564 -0.0613131985948514
-0.00629361966639526 0.0095714297989573 -0.105467329209728 0.00836568625125634
0.00203658668528407 0.0042048043307869 -0.0722122625008211 0.0633760311469073
0.000821485421565427 0.00229861664957817 -0.0313600075577128 0.0764772804882568
0.000346205612883215 0.00188032444547615 -0.0113082524822534 0.0696419760189577
-0.000445701617426795 -0.00468233225525271 -0.0023021446103541 0.0655113033865987
0.0029332728618271 -0.00590226257464553 -0.0010671192945286 0.0654695425380066
0.00398978441858394 -0.00398256805964883 -0.0127719964132622 0.0689786009155952
0.00996608650972444 -0.00575482340558655 -0.0452850708237461 0.0766764284981509
0.0156180268544341 0.00447011981607471 -0.0892341734371898 0.0654819142634454
0.0124257782564491 0.0261580887718467 -0.119134604901173 0.0347004704881682
-0.00162258736757826 0.0377570758323827 -0.118190377169961 0.0549509844989029
-0.0158168919419296 0.0519392112881608 -0.0872350995212517 0.0390794410565701
0.00562236357120757 0.0288333984125569 0.0208093497888007 0.00652111665465841
0.0154415382953847 0.013036850482277 -0.00599137563948784 -0.0815605582583267
0.0188076009098136 0.00731444689140088 -0.0792417393844876 -0.070733211441533
0.019577068377668 -0.000106434501570102 -0.107661877535343 0.00212929295740458
0.0181681108973272 -0.0150593365636334 -0.0732946374072412 0.0588421492587854
0.00534471239659374 -0.023308660588465 -0.0302635040694164 0.0704751724895492
0.00181873541045107 -0.0240587214648461 -0.00990483719988568 0.0617964666351214
0.00601697522364969 -0.0308993471993933 0.0027105526746252 0.0577732243248445
0.0246929796512237 -0.0270960571331657 0.00762517963545278 0.0595371740266067
0.0356100203550252 -0.00938307027031662 -0.000494871123475499 0.0657752483261603
0.0470173713513897 0.0149605323156328 -0.0327064673041483 0.0790123173388918
0.0263257018228698 0.0456420827163327 -0.0777137560188775 0.0728708406117323
-0.0134218607253884 0.0644528934154348 -0.0988619541759308 0.0411128448691069
-0.0437623595973761 0.0684550983059171 -0.0932906704758008 0.0494938193243875
-0.0498405974651423 0.0720598204394025 -0.0737533065865953 0.0152359830084324
-0.0142474234354521 0.0665245474553374 0.0314187388511106 -0.00390357206186324
0.0295029294383937 0.0502908560675118 0.00522216813763479 -0.090702601695734
0.0545279324450818 0.0209381650129482 -0.0736294049727043 -0.0841169843352623
0.0469540632810261 -0.00866643564452855 -0.103659561714976 -0.0106841894664898
0.0354994113951426 -0.0320978093751113 -0.0702242714234337 0.046693946712246
0.0118499762881235 -0.0462124110530155 -0.0268824905383391 0.0553863674761331
0.00292111274385183 -0.0461614249174337 -0.00651280588711494 0.0456214827135908
0.00812959819206863 -0.05270806508527 0.00939131753341053 0.0408647786938995
0.0374822875010062 -0.0461900241098713 0.0203729387159045 0.0447501581324274
0.0582841044722979 -0.0204024327856869 0.0198827537923863 0.0559992370469584
0.0787084896868842 0.0205381348110931 -0.00976766615891879 0.0806725214298388
0.0438670156244833 0.0721858076021056 -0.0582793120101809 0.0818052581709252
-0.0232480224367404 0.093999891673576 -0.0763806018766317 0.0438781491828029
-0.0734152366924149 0.0925565047947891 -0.0582715266097874 0.0364217575869782
-0.0784206271269947 0.0794668031974933 -0.0426323475373323 -0.0109562521128925
-0.0390345041947 0.0946407335716609 0.0509073476873269 -0.0170722716824108
0.0330328168087539 0.0860711600195257 0.0237775186866753 -0.0979715868247475
0.0834206609648059 0.0393075696778107 -0.0571898648286839 -0.0955524783049433
0.0719550145960637 -0.0125494569764765 -0.0893592369952711 -0.0261691078735108
0.0505888704735388 -0.0440159432716299 -0.0612043416660799 0.0267794203667822
0.0180336041363867 -0.0627758938411843 -0.0199601292881767 0.0329313057445153
0.00338305426280358 -0.0619512078139455 -0.00160595966652238 0.0229566419942133
0.00678775366696767 -0.0657969851188755 0.0157352166717522 0.0178553765318679
0.0413626628670429 -0.0583708793290061 0.0324369235348461 0.022747274501601
0.0684889936910742 -0.0308801942105251 0.0412916175191992 0.0389611825830508
0.0974101952837399 0.0166618387422755 0.0163038066998587 0.0752561911062672
0.0584597272366676 0.0825197384038225 -0.035416428361727 0.0856437531243227
-0.0248934053219501 0.108294272589526 -0.0556831556088384 0.0405074040231
-0.0880038918960012 0.102967947723072 -0.0217137248898926 0.0167776683003951
-0.0939665504983688 0.0727569854132653 0.00189145054761804 -0.0359619485683239
-0.0616271846307317 0.103287967780696 0.0761294577776767 -0.029772043948731
0.0242485693615445 0.108716747939883 0.0480180904432442 -0.0970916416548835
0.0949882597404381 0.0568778405221161 -0.0303700166055021 -0.099737649879943
0.0860425970044321 -0.0102244761612354 -0.0636930983441292 -0.0415328029086751
0.0592412994476672 -0.0472375502679329 -0.0445791497963441 0.00229068529762778
0.0225001372132128 -0.0690787973977487 -0.0110149191233447 0.00687046184476836
0.00315780818620451 -0.0678416451048489 0.00310269333185611 -0.00270027393503276
0.00487254196183238 -0.0695902084591101 0.0204045424005152 -0.00770950393908608
0.0382748270811503 -0.0624501862470901 0.0412402233518752 -0.00132168016003685
0.0681726076569924 -0.0355038232822402 0.0575196753416677 0.0187367749848419
0.100692005165429 0.0134825170227949 0.0378133666759332 0.0636707257882834
0.0610698949233403 0.0811024229009278 -0.0147003628295846 0.0824992092301036
-0.0257931781644429 0.106303741660789 -0.0395253365434912 0.033480567751499
-0.0915012729419325 0.0976563822823851 0.0130624733022204 -0.00455073588709987
-0.0905250387218015 0.0526952958030405 0.050372534697029 -0.0540126356983936
-0.0728250501755089 0.0890665378437158 0.102350218736414 -0.0386024372223314
0.0086110755910587 0.10763679022398 0.0700145656121534 -0.0885025316157391
0.086642351084637 0.0642478379689789 -0.000520005465840417 -0.0946293281643667
0.0833271140749347 -0.0055493038653842 -0.0326832750081779 -0.0509712101824107
0.0570836736520911 -0.0425713214610155 -0.0238764379670895 -0.0214066902043226
0.0213864315930497 -0.0643258162750877 -0.0012944962259345 -0.0196773444467866
0.00238371223802522 -0.0639722521842213 0.00797316727586904 -0.0276078663987039
0.00271906340179504 -0.0639211830939172 0.0241571230522243 -0.0320988459835065
0.0322055050894065 -0.0573940731063736 0.0481205480595228 -0.0233989566980089
0.0604037934496318 -0.0330212928490849 0.0694568734383208 0.000854232617896072
0.0903207341032261 0.0130017886546931 0.052034145519874 0.0520930488492406
0.0511753079971143 0.0742840030241074 0.00132343826893733 0.0752421007125954
-0.0292540225077558 0.0918525232601013 -0.0259420168425522 0.0250823832672215
-0.0854777006977697 0.0770958740250679 0.0420153057206792 -0.0223949313103916
-0.0678671982320643 0.0251149403190066 0.0928368466883912 -0.0643121359314462
-0.0653506236756023 0.0580593527192459 0.122204840115045 -0.0441706706286321
-0.00463920695252927 0.0820970927197426 0.0862595415723713 -0.0747380915972328
0.0620958709388596 0.0540484975022607 0.0240800169601888 -0.083432060351745
0.0627188470438565 -0.00105599743740434 -0.00593652116620333 -0.0561020195693953
0.0431039339514952 -0.0307360616829406 -0.00569343924558949 -0.0416080926181784
0.0161932581479545 -0.0483385093030341 0.00627930109283792 -0.0412243814722632
0.000542427871425587 -0.0502495844960528 0.011711719554536 -0.0483462376018003
0.00105644807873768 -0.050462491830395 0.0270688818339939 -0.0513920046250091
0.023452183206504 -0.0454101901504653 0.054237416450897 -0.040869440748286
0.0481854045638512 -0.0265826052212021 0.0784622471105171 -0.0111275534988269
0.0717799960867496 0.0137345453486489 0.0616877899446767 0.0440368327683104
0.0342370761350035 0.0617907527843233 0.0122160677050388 0.0689863707105814
-0.0327348586763732 0.0693369367380512 -0.0162093572773091 0.0183614471584577
-0.0715465336692909 0.0465067311406624 0.0649336084177972 -0.034062908888462
-0.0321551477438423 -0.00680301848668663 0.120163060905868 -0.065806991544329
-0.0405253965488476 0.017909027104323 0.130509170771024 -0.0473278913613687
-0.0092486401959336 0.0392778437416055 0.0937681977234209 -0.0645667006019259
0.0296980354411446 0.0284831147127712 0.0398333771130238 -0.0760088123301908
0.0298382690020254 -0.000264837727412161 0.00963573223116329 -0.0607010205168317
0.0204189496443683 -0.0143521205034069 0.00403777290206283 -0.0545652182421135
0.00733804564342521 -0.0248872772284591 0.00884470243413214 -0.0558633192203154
-0.00195177481831851 -0.0282922707252285 0.0136417271951138 -0.0614973044820057
-0.000616771759772349 -0.0301247682763402 0.0292491770794639 -0.0648644218530297
0.0119278004504095 -0.0295200383029928 0.0605308057560299 -0.0510272855835797
0.0314722285593749 -0.0183632111941078 0.0868536620490139 -0.0160591254587206
0.0463173707614114 0.0112742303124589 0.068476049916202 0.043266491066205
0.0151038293664065 0.0432783371570007 0.019177049885469 0.0666374257713094
-0.0313803812804027 0.0400071778680799 -0.0102809993497048 0.0156658750899084
-0.0483671761362114 0.0104350472330337 0.0787370296062767 -0.0383662710805092
0.0176385162001953 0.0197355796078615 -0.0783407718717569 0.0629745869885364
0.0164862526803216 -0.0107993194945573 0.0215662990766879 0.0105309885484735
-0.00444340886967669 -0.0184563770111108 -0.0132569343950798 -0.0724904116455327
-0.0152459627490448 -0.000575540314762488 -0.0811414322583567 -0.0544064168447792
-0.00533726570899471 0.0095522097881722 -0.103955081065235 0.0161448723014712
0.00251893946847225 0.00337966665118523 -0.0667304857440271 0.0681058011982057
0.00102501438673857 0.00168641595254366 -0.0246541274455358 0.0779287230322357
0.000407199677106 0.00122183289239127 -0.0061608660942444 0.0701665026561624
-0.000642072034227743 -0.00483824063833709 0.00287791568668892 0.0654201224630991
0.00244738930013671 -0.00683724379479158 0.00367497465300391 0.0652245758709316
0.00396671030899954 -0.0046513967430568 -0.00797248844557938 0.0692068320643764
0.00990158239513414 -0.00612780692512468 -0.0396441020468986 0.0786570895331468
0.0161237290934047 0.00387181006719328 -0.0835859160687037 0.0703159107121304
0.0142641238755016 0.0250389305866922 -0.116359954306505 0.043055316542885
0.000970495813740922 0.036499700321134 -0.113721116012577 0.063678389650887
-0.0117200203378537 0.0518941054974749 -0.082670733003525 0.0462576233962621
0.00790486784845209 0.0287970705574204 0.0217973456066448 0.00493190182235897
0.0166985434828502 0.0121826661640477 -0.0116307620848845 -0.0799278948458669
0.0198870058002292 0.00518018106428042 -0.0832504432173155 -0.0635126175356698
0.0195382832866927 -0.00252129764957201 -0.106448114678027 0.00984560641040495
0.0168015769908234 -0.0171964069415149 -0.0677896010914629 0.0637884208653952
0.00364755962044738 -0.0237805245694224 -0.0242655673827753 0.0715658493698681
-0.000229009154090654 -0.0240299717094579 -0.00529673269334297 0.0625275555535113
0.00350355338296343 -0.0317711309417005 0.00711836623180686 0.0574936304107513
0.0222159120137737 -0.0291466034693396 0.0117371587205873 0.0584705900148936
0.035067435850825 -0.0120755465196532 0.00377128204272022 0.0646786652610887
0.048097033712569 0.0110226456655299 -0.0263486060841454 0.080334342498417
0.029507217647554 0.0438562514168123 -0.0712780525428205 0.0774377555167987
-0.00823196306222635 0.0657391475822322 -0.0949903445755998 0.0473108143584083
-0.0389094988686707 0.0703390895799114 -0.0900073229505924 0.0565034397652338
-0.0443559994191691 0.075054047443138 -0.0712737946133593 0.0214167830999722
-0.00910521013386122 0.0673965970160494 0.03068364628434 -0.00587978271392021
0.0333291530798642 0.0475516284567465 -0.0010684807030438 -0.0895354677608632
0.0564447040079909 0.0155456681512259 -0.078981470376173 -0.0771199777736765
0.0464890941422627 -0.0128753296857734 -0.103441354706928 -0.00288245518704541
0.0320444847766223 -0.0353065203582528 -0.0661028803125591 0.0506878034673327
0.00793401663214128 -0.0471799599895288 -0.0224067691763909 0.0563699502556952
-0.000815663635159578 -0.0456287478046576 -0.00350329783903071 0.0461918745853061
0.00387744875771107 -0.0527355231495018 0.0122018922757481 0.0400088589218084
0.0337174797099759 -0.0487034326845035 0.0232148244368352 0.0423876010687
0.0564748878229441 -0.0248204880686696 0.0232038374829979 0.0539393564542934
0.0799580615149836 0.0142084510250626 -0.00305052622457686 0.0800349260418486
0.0490627314391014 0.0682086534948589 -0.0512393217900984 0.0853352913187808
-0.0166340974342904 0.0953046920144911 -0.0722848588209796 0.0489376946403681
-0.0657533510994495 0.0960873359349544 -0.0564334413967316 0.041170930346829
-0.0719980488789286 0.0844442757581676 -0.042210755554874 -0.00742601543042393
-0.0314297511055559 0.0969214719643435 0.0495681650494862 -0.0199108844432193
0.0396662479955447 0.082272807560112 0.0167746046430383 -0.097647722714413
0.0861309902274548 0.0316248012080073 -0.0631585669343609 -0.0895245968748766
0.0710568303258906 -0.0187585619613227 -0.0902535380183623 -0.0197673628195955
0.0465299076190644 -0.0480141196442421 -0.0583875816225165 0.030376455377686
0.0129941834550829 -0.0637170561151461 -0.018215305520514 0.0334832290583004
-0.00185972109524846 -0.0613890154300062 -0.000705171249132894 0.0228393866545709
0.0018777621503157 -0.0658099896656124 0.0163042112496911 0.016366691176052
0.0363373046884057 -0.0615941587617125 0.0336119782906211 0.0197388227800447
0.0652775726750912 -0.0362177674966982 0.0432339237512468 0.0351503365054676
0.0980156310102028 0.00869797968157406 0.0218456956071033 0.0727337616624272
0.0643600890470852 0.0769169683610885 -0.0279410476538398 0.0875009411344529
-0.0166192748076967 0.109588384156553 -0.0522058137901126 0.0444784864097674
-0.0790524020027563 0.108140740048848 -0.0206499689511198 0.0184677286727038
-0.0877403461746307 0.0785009549590064 -0.000114464100278918 -0.0353965145472678
-0.0537068723739561 0.107133449228408 0.0738358300050529 -0.0344245250859496
0.0323521372399804 0.105197409129532 0.0404242288182399 -0.0983011205362469
0.0987865425903055 0.0480307112863123 -0.0370346854106303 -0.0956916906950582
0.0849313788954915 -0.0172733618565346 -0.0656555625015063 -0.0360446852556665
0.0552958543843696 -0.0523109842981793 -0.0440665396316972 0.00510544258938131
0.0164509091022102 -0.070421232091251 -0.0111493969069779 0.00692897397555588
-0.0024359085100675 -0.0670922326652917 0.00242472739848567 -0.00302422718239988
-0.000563184223398473 -0.068897907632408 0.019143728713261 -0.00962670240908048
0.0334419623684513 -0.0646382118312452 0.0410129528828512 -0.00516381498649811
0.0641903759920849 -0.0405241335431394 0.0585042061326199 0.0139259798572559
0.100807701141028 0.00486131249101661 0.0424035586834752 0.0594075525328423
0.066489168868006 0.0752327614028296 -0.00714160075121263 0.0828910520461112
-0.0178000849847588 0.107767248292499 -0.0365364800830633 0.036178485048557
-0.0826443010811682 0.102866549268703 0.0116370104321816 -0.00515078356899836
-0.0852703760690418 0.0587019199650224 0.0467801330194265 -0.0572145384048927
-0.0650190129822159 0.094410539465159 0.0991780690468916 -0.0452852962424128
0.016762846519595 0.105886322467642 0.063306261199269 -0.0910902377272304
0.0907598928788886 0.0559635400193514 -0.00718644303065649 -0.0926249670860226
0.081903927619531 -0.0122848007824359 -0.0356415204182223 -0.0481916482761784
0.0531677066560024 -0.0470643604357108 -0.0250775321690122 -0.0198770497910883
0.0163647712162938 -0.0650863178316375 -0.00335664622816338 -0.0196813534563692
-0.00309827851909836 -0.0630649109219952 0.00471966961091459 -0.0283550837886694
-0.00232319926776048 -0.0634141480992547 0.0206128284007621 -0.0337700530497227
0.0272528307063644 -0.0589299939320231 0.0458250329959513 -0.0270513129340363
0.0571129589569647 -0.0375476204916438 0.0684877964583613 -0.00478447131314749
0.0908540906004306 0.00527939030419723 0.0557111755166849 0.0468761976979153
0.0564136212754813 0.0691182673406182 0.00794208893884654 0.0743763477934135
-0.0223974682284175 0.0938674062249246 -0.0236940499860985 0.0266442102466455
-0.0781929900727027 0.0825531685684053 0.0391550460690395 -0.0255327600638794
-0.0651739622347113 0.0298540238932948 0.087604920566102 -0.0704118320967976
-0.0598704261034326 0.06247211296954 0.118330286025082 -0.0522388781976241
0.00222507694619427 0.0813519799754619 0.0796331982621479 -0.0791903525876114
0.0658101822815606 0.0476107106042692 0.0185580256288793 -0.0839983478276776
0.0621812955698291 -0.00625893040392942 -0.00872098551003383 -0.0556200021003077
0.0404435668548667 -0.0340763393641557 -0.00831869524131564 -0.0409078759079117
0.0124338369751054 -0.0493737615830814 0.00245950329432902 -0.0424529071602916
-0.00401503131936284 -0.0489887542875386 0.00728455136505087 -0.0485496037743301
-0.00285914041719261 -0.0500861992645535 0.0224462372781148 -0.0533530314236506
0.019193419105788 -0.0468333312804454 0.0510089628981249 -0.0448903783372852
0.0453389423832906 -0.029937742024436 0.0765588874892562 -0.0173848301960512
0.0722439645745428 0.00745699790053047 0.0648920107909294 0.0384873066944246
0.0380951616439669 0.0583347465637572 0.0182616006266009 0.0674444640739425
-0.0272447763758611 0.0706161664475135 -0.0146599009107512 0.0194265442040678
-0.0664133968102234 0.05087041855276 0.061083388908827 -0.0391780727322107
-0.0321726377020151 -0.00474308070345001 0.114152354971813 -0.075036502696496
-0.0386416110583442 0.0205325866164355 0.126010074141622 -0.0564665073180822
-0.00628911703896789 0.0388388969580214 0.0881418059210922 -0.0701148798824532
0.0316114222942417 0.0253250802051151 0.0339855811548744 -0.0774393028722613
0.0294943397132489 -0.00259840859843425 0.00577109708375042 -0.0605059978078236
0.0193607992936385 -0.0160067493385303 0.000207604024478104 -0.0548064958337176
0.00526873483169916 -0.025037399509484 0.0039974798569329 -0.0567405117587775
-0.00422189460007156 -0.0273909804300985 0.00748360844164055 -0.0618344143278806
-0.00350585296085834 -0.0293976368106988 0.0234508610704053 -0.0663558295491835
0.0094165038888012 -0.0295198225871056 0.0558267283339296 -0.0555114606728854
0.0297419301945233 -0.0205843908269909 0.0847670240679289 -0.0225253395834914
0.0467102545659949 0.00746309929377817 0.0715303572623563 0.0377197842618666
0.0174456083824844 0.0413465128442208 0.0244561699267771 0.0648477890668918
-0.027992469050876 0.0414535889809502 -0.00931670963461652 0.0162401893568111
-0.0461610914102371 0.0132702312348417 0.0742485241513145 -0.0440207227785988
0.0172868789128301 0.0173560520262112 -0.0708376043172989 0.0644203339036801
0.0153782811937093 -0.0107743438216754 0.0216028509780672 0.00883176311499617
-0.00515562947161532 -0.0168506817453564 -0.0161116200355825 -0.0687355394512872
-0.01434021142187 0.000317512341892198 -0.0799083587292883 -0.0475637161488789
-0.0042103563759661 0.00922407906986476 -0.0980797358097093 0.0212589478419427
0.00223889311594928 0.00268237214508254 -0.0605230704841125 0.067873823954394
0.000922832968083366 0.0013863509766106 -0.0191388797732662 0.0750054164553409
0.000957116305194881 0.000911979674766161 -0.00191671254522612 0.0675719370155131
-0.000961984997532545 -0.00501893533683257 0.00655286379173798 0.0626337628223929
0.00224877705039201 -0.00671734918336077 0.00673432615716419 0.0618235540965075
0.00371428207847191 -0.00436018242030892 -0.00401035628208123 0.0666464338843469
0.00903595374548464 -0.00636410037184898 -0.0332559637913693 0.0770542029045945
0.0157835909517572 0.00329014100535347 -0.0761299657445312 0.0706262659907696
0.0152705045782344 0.0239536376018228 -0.109395379635931 0.046823033870651
0.00215008759638124 0.0337372614466959 -0.106089180797109 0.0675228603233724
-0.00955607001289783 0.0493229547757007 -0.0758156823078526 0.0491673326569099
0.00854091903457001 0.0270046092693711 0.0215762445097223 0.00411495291610992
0.0168384779224243 0.0104663897581007 -0.0145168270809799 -0.0752359797038465
0.0198586539899138 0.00338352988716587 -0.0825555103127843 -0.0560628406205456
0.0188718116604864 -0.00395465515662752 -0.101011396016101 0.0145681094328172
0.0145192606129907 -0.0174182843125734 -0.0615186794917503 0.0638299056612532
0.00245620771855727 -0.0232654213848979 -0.0195529880331528 0.069236103503537
-0.00127462383495235 -0.0229009182544637 -0.00180972274376487 0.0599498063327259
0.00111076963784027 -0.0306185016618589 0.00983979104152946 0.0545345770341053
0.0199900798440313 -0.0292216528081734 0.0136726709454053 0.0550590623859095
0.0331051715867971 -0.0138316769653968 0.0065023086794572 0.0619847218942053
0.046761377923904 0.00784096090601525 -0.0207437171887903 0.0773470767616411
0.0306646509028288 0.0405939160786981 -0.0634825189689666 0.0771246293464988
-0.0042813073416466 0.0632050513225759 -0.0891002159972186 0.0501954121965994
-0.0335118152620181 0.0682827148133281 -0.0838013291929743 0.0592043352225819
-0.0385721362000281 0.0733824112822737 -0.0657679137865812 0.0245205190312587
-0.00515120848242102 0.0651181861536919 0.0298973112590219 -0.00635358822149727
0.0341351520109559 0.0437075405154398 -0.00536922622438932 -0.0847851541122994
0.0554234128811848 0.0110447884959677 -0.0784962615143569 -0.0689487992475228
0.0441246217963213 -0.0154412056598902 -0.0985032581740166 0.00208587159790273
0.0286696196216496 -0.036190171159132 -0.0604759576929384 0.0513193529292035
0.00494068417098682 -0.0456822487976118 -0.0185167647605556 0.0547799931433266
-0.00367010392029357 -0.0438182252492923 -0.00104627975719156 0.0441733876672037
0.000396277015661704 -0.0505945078650353 0.0135018730203411 0.0380380895493486
0.0294219092841805 -0.049033978158371 0.024178033729176 0.0395808613333541
0.0526291623793103 -0.0269760119052772 0.0248544880243095 0.0503473658478981
0.0771924949778854 0.00859397786849911 0.000990800958654383 0.0763920137303014
0.0505422711676243 0.0625960453144861 -0.0435463821124844 0.0838443657107653
-0.011064780080281 0.0924648845697486 -0.0673395885302993 0.0501619178788709
-0.0577423018737802 0.094425795569911 -0.0526302931590682 0.0423968314904283
-0.0645332306531662 0.0835957129634602 -0.0396843207500543 -0.00406040455566378
-0.025140910267342 0.0946588510770137 0.0469197811729783 -0.0207631434876539
0.0419911551345545 0.0765460922168251 0.0115391300770161 -0.0930418525164503
0.0845729291526941 0.0244891744188318 -0.0643086753748154 -0.0818802259254151
0.0668735824661435 -0.0225500911998531 -0.0869963149576733 -0.0143257499657285
0.041366541607876 -0.0489055291395211 -0.0536591765842387 0.0315943735381337
0.00877324965335214 -0.0621545055942094 -0.0156327296989923 0.0331052431163044
-0.00561323714364986 -0.0580732215512089 0.00036526921160078 0.0220409044924203
-0.00239599303656986 -0.0629660277890453 0.0160225103182968 0.0144169334231083
0.0314844614863701 -0.0611849194662387 0.032647216811305 0.0168341920572455
0.0604037775989597 -0.0382426182184448 0.0426040378219683 0.0310215724113974
0.0943368288120859 0.0024225800796432 0.0252522774407059 0.067759953206153
0.0654004684355411 0.0699645375606466 -0.0213888305507912 0.0848958376468964
-0.0106438713767847 0.105773891785618 -0.0473334418856884 0.0453429698429879
-0.0696526438753353 0.106623362346692 -0.0196881411240478 0.0190438566333864
-0.0797634136203982 0.0790070364488114 -0.00115600133498654 -0.0334982871825999
-0.0453228005435839 0.105424372668285 0.0689935398452489 -0.0359432730722791
0.0366596255720753 0.0984759811502291 0.0343312192018507 -0.0949736857380092
0.0973904914787117 0.0395587512671266 -0.0393867865553436 -0.0891560804760151
0.0803033699741099 -0.0224179694575931 -0.0639680001029451 -0.0317031128028736
0.0492371801732291 -0.0531861734922211 -0.0419505640320218 0.00647539009039042
0.0117827822895019 -0.0682620623707943 -0.0105104311424894 0.00682466395695897
-0.0065364292591666 -0.063441870788993 0.00129762479243224 -0.00292836491430198
-0.00477807197623117 -0.0661173767737333 0.0174012849050079 -0.00964028267324275
0.0282515261254696 -0.0639974545020639 0.0386836622244119 -0.00711107769294127
0.0593832377450853 -0.0422168219665551 0.0557714566956495 0.0101731779890005
0.0965960676288763 -0.00167613594170214 0.0437180946697941 0.0538329025366232
0.0672162035777547 0.0681914446032129 -0.00171022305870047 0.0795819479437163
-0.0114747130849394 0.104111835180426 -0.032409572403087 0.0361450497442945
-0.0731024774448639 0.101899027073447 0.0103851297916573 -0.00566226991775008
-0.0782042598275446 0.0602819865302902 0.0425646405706979 -0.0573418266633057
-0.0572483085480765 0.0932258183862058 0.0923066253623665 -0.0477126106132585
0.0216171326373018 0.0990582979663232 0.0561924750973273 -0.0894284900265614
0.0894087152033867 0.0475482033539027 -0.0104178214919596 -0.0867617241498076
0.0778355449036445 -0.0164669445745096 -0.0359764178297599 -0.0442986203528131
0.0479891986188052 -0.047873837139335 -0.0250766425546689 -0.0185339028320613
0.0117601854795331 -0.0632250776583994 -0.00468972706861131 -0.0190175538542827
-0.00680127717929166 -0.0593103208562989 0.00298605888212951 -0.0267931577481878
-0.00595205563601187 -0.060411547725034 0.0178946237172091 -0.0333053012602518
0.022938913972976 -0.0580431799196718 0.0422365036865283 -0.0291743089080401
0.0525815676830443 -0.0389342102220359 0.0648410365120535 -0.00822401609587627
0.0870852391380248 -0.000145517297596961 0.0558254328107566 0.0409345791450465
0.0566062476067736 0.062807084793316 0.0125901175466473 0.0708615909751651
-0.0167112928393564 0.0903356386432664 -0.02117937956133 0.0268226733586628
-0.0696400845101853 0.0818415613326178 0.0352915627714375 -0.0265408505814059
-0.0603993454278989 0.031432202829292 0.0808848488906006 -0.0722754418537893
-0.0537653806804476 0.0627423290475582 0.110285393179438 -0.0559963827819478
0.00643851635750903 0.0768122908566647 0.0728987576120137 -0.078831753166831
0.0653341116493267 0.0408904374212812 0.0138985740884903 -0.0804480649621836
0.0589554173692641 -0.00998930105130438 -0.0109843150625769 -0.052659871648562
0.0364198681077449 -0.0350215295088563 -0.00976003515502711 -0.039269673284914
0.00908837164141302 -0.0479891259099826 -0.000139803035910981 -0.0409761382007254
-0.00667040430014573 -0.0460110040873768 0.00337646996483563 -0.0468822977160947
-0.00596368467461332 -0.0470309857515959 0.0182542237115419 -0.052474046664984
0.0159622015479951 -0.0454306343308506 0.0458707747889045 -0.0457878872289845
0.0420474135717142 -0.0313946062920764 0.072473780834375 -0.0203099122183695
0.06895482627784 0.00267666038833743 0.0638186532816071 0.0331379054045218
0.0389353351568797 0.0535161760998559 0.0213885758931691 0.0634981188520312
-0.022446615670509 0.0688991510531748 -0.0122936759473285 0.0192849083901825
-0.0600199428655089 0.0510115940216651 0.0553098175677156 -0.0406456273671164
-0.0305478617510194 -0.002586285229812 0.105752786259925 -0.077577171731296
-0.03536203368987 0.0211875301864774 0.11759760850639 -0.0604097922860002
-0.00395946086796717 0.0370166830088481 0.0811144019320576 -0.070938430701899
0.0310298642718282 0.0213843437912013 0.0290755550585124 -0.0754374932752614
0.0280271624825005 -0.00421524064129638 0.00315705476713491 -0.0584133096224227
0.0170981968721624 -0.0165723578453791 -0.00284425785494905 -0.0528879515234943
0.00349856549934105 -0.0241520945535351 0.000772382847047042 -0.0545916105498728
-0.00557640014253773 -0.0257119435412307 0.00328562553949635 -0.0596025707351556
-0.00539126028834636 -0.0275300282425111 0.0186633745223037 -0.0643789804027336
0.00742607485350164 -0.0282703762595914 0.0504418358752204 -0.0564593679680267
0.0269588500456199 -0.0209123048271863 0.0796785740518896 -0.0262935586834906
0.0444160670238314 0.00460856808151144 0.0706598524209781 0.0320538099506107
0.0181145022472541 0.0385947715163505 0.0272659719741623 0.0605136190602155
-0.0241406292781939 0.0406598867153537 -0.0081344637990696 0.016037946892772
-0.0425545446865624 0.0142975156387071 0.0676067122815619 -0.0460752563614473
0.0160027631415423 0.0160188456497315 -0.0658659399108085 0.0624135566842216
0.0142609067768549 -0.0103996851084657 0.0213312654570192 0.0080318655905636
-0.00490396427745087 -0.0157333578582812 -0.0156657125304612 -0.064883636279304
-0.0132725621266076 0.000157369799766669 -0.075712841326623 -0.0444036747897183
-0.00376226029224575 0.00805142736447917 -0.0929507036315625 0.021146739628259
0.00227240051772107 0.00245008821407058 -0.0559170000096304 0.0649426527525174
0.000409826525751325 0.000935801889598084 -0.0169361644780206 0.0713891720023636
0.000916839929397676 0.000229352253044159 0.000100530127550784 0.0640738758044572
-0.001059054505431 -0.00493883845386687 0.00723105545861094 0.0597063789818639
0.0022717748555773 -0.00677664840963766 0.0068772793364609 0.0591111025419477
0.00379202052742943 -0.00458806753573959 -0.0030491149686115 0.0637135349583749
0.00905205017694078 -0.00607636770300332 -0.0304957015400647 0.0732522345584784
0.01537311932471 0.00314289761202086 -0.0712302947590041 0.066982407067879
0.0147632076677622 0.0219276825011523 -0.103521001655194 0.0452940820017876
0.00249603652615859 0.0318661079808109 -0.100368696881689 0.0658706447586468
-0.00882387656229089 0.0461302080597863 -0.0706786156496662 0.0481063621254419
0.0088517788876843 0.025814273148881 0.0212034926737437 0.00408040814077673
0.0164353610579874 0.00987724929486911 -0.0139618713355694 -0.0712343957982871
0.0189360458571664 0.00227944851182633 -0.0780135077791294 -0.0519182121754079
0.0179871909310246 -0.00483519262219238 -0.0952523142088618 0.0151101571147891
0.0132859761732374 -0.0169394354114447 -0.0573930049037023 0.0609753874725443
0.00125022306891292 -0.0227826377569159 -0.0175706532183081 0.0656629483893094
-0.00202710757951611 -0.0217147573837339 -0.000177906989165537 0.0570235483424318
0.000426015532105722 -0.0292574051325689 0.010440761918476 0.0520820316817651
0.0188737870465543 -0.0286260135342954 0.0134253224014502 0.0522392857531949
0.0313999454391474 -0.0136509673941071 0.00703308507038872 0.0586337521397802
0.0445176580376493 0.00613005175330838 -0.0189440772510909 0.0737073519763613
0.0300271338730495 0.0379545816202904 -0.0591240179816209 0.073387020547653
-0.00363329900709107 0.0603737073286983 -0.0838988745508644 0.0486972679679925
-0.0312055499439036 0.0644616277796189 -0.0791170967422739 0.0579893119131227
-0.0363443158993712 0.069973131259798 -0.0613039881055822 0.024354484305381
-0.0040652272429446 0.0623431801356395 0.0289066237976828 -0.0059361349317627
0.0335362805197511 0.0406241667296345 -0.00529716345385058 -0.0799620110800773
0.0529119478003986 0.00905350129644567 -0.0748912584429241 -0.0640085628079049
0.0417031964461175 -0.0160756999934489 -0.0931697018076835 0.00317715849047467
0.0265473720598902 -0.0347418413424989 -0.056727656136491 0.049076551723274
0.00364136247158645 -0.0434310393127322 -0.0171942193320236 0.0520155564182281
-0.00404337669674047 -0.0410452635568511 -0.000282495596897622 0.0424779083273188
-0.000500855420397902 -0.0481285032785349 0.0134935012103243 0.0356515290623122
0.0275336069231744 -0.0474432559855894 0.0231438262995692 0.0368048169607833
0.0500459717679342 -0.0265982327035592 0.0238183109514063 0.0474171479422964
0.0734301576079405 0.00654817265435585 0.00250160620390937 0.0715680759876253
0.0490964520098213 0.0588397921478857 -0.0398775439530944 0.0795680061451112
-0.00923331008810832 0.0881200788001272 -0.063284635925544 0.0481575161106779
-0.0536169867308462 0.089690322327106 -0.0497505954413432 0.0415769597104013
-0.0605538907076175 0.0800529438011676 -0.0369023527607649 -0.00316065786970334
-0.0222195067653758 0.0904008405316182 0.0444105772321677 -0.0197133592412802
0.0412245520965712 0.0715287110558283 0.0106092572650153 -0.0878681220650734
0.080373554515138 0.020937739561542 -0.06110837691001 -0.0760998229295483
0.0634166917802138 -0.0230475841644433 -0.0828154782331544 -0.0127327256680701
0.0383898565095222 -0.047448503863928 -0.0506364466306196 0.0303253215363501
0.00659608666385171 -0.0590966219862979 -0.0148892850337182 0.0314488324884796
-0.0062137201448373 -0.0545310991319723 0.000334505559122904 0.0208195998148288
-0.0034908913326687 -0.0598558326255426 0.0154430025148402 0.0139965472739413
0.0287813349496305 -0.0588453956679171 0.031279221715644 0.0152759851476645
0.0568932309119873 -0.0371858644276369 0.0407457256902165 0.029046508839084
0.0900363621264112 0.000210726505973917 0.0250556586153211 0.0630315100895371
0.0630629565575063 0.0648895068183531 -0.0185044476070692 0.0807944877358843
-0.00848298494041795 0.101396269545092 -0.0444320589007914 0.0430846875039206
-0.0643618119648854 0.101360682530193 -0.0191024571464868 0.0184010086952485
-0.075026743649227 0.0759326863688656 -0.000901164074396028 -0.0316666119628637
-0.0418884827992692 0.100837180097248 0.0654303022685549 -0.0334804573883924
0.0361755978939723 0.0925160697274643 0.0319458243477753 -0.0896179842570514
0.0929752419400345 0.034961612516518 -0.0378168055408704 -0.0832396470448757
0.0758440692204293 -0.0227895572626411 -0.060797297417302 -0.0295513696223994
0.0459598753173049 -0.0517155495668851 -0.0396336713764163 0.00652999656135137
0.00965127615048285 -0.0652837013375703 -0.0108753413887419 0.0065939273658019
-0.00786224491263899 -0.0599023945023508 0.00115595770668365 -0.00300919702920046
-0.00609644889658302 -0.0626357557485647 0.0158346828967796 -0.0093598331272803
0.0260041309276531 -0.0611461479386206 0.0364342506436234 -0.00758003243974757
0.0555605579317268 -0.0413078927840839 0.0529991826202753 0.00874454731552951
0.0919123148359097 -0.0035465442472053 0.0423293095831921 0.049665780961059
0.0646582649829257 0.0635927769961896 0.000415389027546705 0.0750732890102699
-0.00943316554455385 0.0992696651298513 -0.0303495881535705 0.0344058635938336
-0.0675652804328232 0.0968803486745815 0.00917815056628061 -0.00559073725863754
-0.0736425823078151 0.0582630749110556 0.040108161516371 -0.0546610815547191
-0.0531003130332137 0.0897737493055627 0.0876382697303661 -0.0462639802277091
0.0218634982041155 0.0933096244528708 0.0525106481835342 -0.0850798332051572
0.0854191823605306 0.0425556256266972 -0.0104218484978853 -0.0820990993248416
0.0739888540517753 -0.0174255746682046 -0.0343133993482617 -0.0418355950671624
0.0448507639183848 -0.0466499354499177 -0.0243106275279111 -0.0175895332233935
0.00980117935459858 -0.0606789265865901 -0.00525868559770689 -0.0183822056845104
-0.00790375391784195 -0.0555946350656017 0.00154527908395978 -0.0259078999213583
-0.00706125986759248 -0.0566580072652746 0.0161661228038102 -0.0317634349126905
0.0205494900019537 -0.0557709519462667 0.0394836393493254 -0.0282066845979218
0.0492480753711606 -0.0379135142937072 0.0610680288152259 -0.00879496378713216
0.0828142988246772 -0.00244846696011312 0.053466580693184 0.0377033161013381
0.0545512963186876 0.0587950521400008 0.013432903289937 0.0670139020099809
-0.014481682960675 0.0863927216653465 -0.0193930216342475 0.0254293095320162
-0.0643966529825649 0.0778497343851991 0.0324475829491314 -0.0259537408482881
-0.0571200766281176 0.0306612745223462 0.0763630114568357 -0.0700901423740334
-0.0497864698417565 0.0601048390182764 0.10446158723346 -0.054306289269284
0.00705614165012902 0.0721534850593404 0.0686253339977705 -0.0753097150793305
0.062227643973421 0.036894671102149 0.0127456804395715 -0.0760212192227597
0.0557723018269134 -0.0106483029534338 -0.010822823975541 -0.0501678373966873
0.0338671624079965 -0.0339121102310943 -0.010484587923745 -0.0374893495908867
0.00729847111572357 -0.0458268224521133 -0.00134190287234343 -0.0395328117530997
-0.00747944060314078 -0.0430995568368734 0.00192618979997851 -0.0449501508532651
-0.00668133314675457 -0.0442237835817864 0.0162299130750249 -0.0499426626688887
0.0143890522251542 -0.0430426528340397 0.0428855631608196 -0.0445499997087024
0.0389948711171852 -0.0302308024383908 0.0683231435641362 -0.019963983465665
0.0653460563889315 0.000826662777395406 0.0609924218925137 0.0302265798623672
0.0374880188306759 0.050132727529388 0.0218153285324114 0.0595889318665227
-0.0199476624344252 0.0655303311003319 -0.0121556318722805 0.0181919705611246
-0.055619440866737 0.0485809959700402 0.0511078010115711 -0.0393393445474957
-0.0287048138423858 -0.00197044653227646 0.0991668532398823 -0.0755789895250596
-0.0329136937760194 0.02065695144218 0.110832896765706 -0.058772139338697
-0.00306246696992473 0.0345379520180794 0.0761279860969874 -0.0682675583083639
0.0293323531623616 0.0192155188947339 0.0270835871055453 -0.0717310215088172
0.0263140656010249 -0.00433180360746916 0.00270791969269366 -0.0555352175252091
0.0164004131066933 -0.0158353892864524 -0.00328667283479228 -0.0509300166290629
0.00285069190819888 -0.0224812909984714 -0.000858508976249036 -0.0524330602527772
-0.0060212882601155 -0.0234718723817066 0.00217554993999227 -0.056856794011011
-0.00577799900599058 -0.0257972007290255 0.016542207025085 -0.0619280350677351
0.0065221270336971 -0.0266719443202424 0.0468590513374513 -0.0543895199519808
0.0249635405591832 -0.0204078779698629 0.0749510305576914 -0.0254020228304405
0.0423394583148275 0.00346130867004783 0.0672961860581729 0.0290434763098593
0.0175742770573586 0.0364021170583949 0.027283332764332 0.0565803332005507
-0.0222268661779527 0.0381916988690364 -0.00768699420469651 0.0155623499213464
-0.0395268980409758 0.0135098305387106 0.0625780669011275 -0.0448636894405841
0.0145848769904998 0.0152239013971791 -0.063815935385126 0.0601081960122383
0.0138458633219283 -0.00993663038427811 0.0210023783299054 0.00805121817345998
-0.00460359659426209 -0.0147353111707322 -0.014375110730645 -0.0635913478168775
-0.0125606437367778 -0.000162314250217488 -0.0726783135216256 -0.0436127795921344
-0.00377108416229181 0.00743639601635379 -0.0903468538918545 0.0191447396962277
0.00164426040993813 0.00245118190345899 -0.0550445596998005 0.062247011273696
6.09912855746692E-05 0.000497922841623463 -0.0170689602073597 0.0685129960292662
0.000958048158466051 0.000385544159302669 -0.000160833166347264 0.0621920537782457
-0.00104575812567576 -0.00507883794928363 0.00661897405109078 0.0585101477504337
0.00267032414297386 -0.00716625786565835 0.00549465208977732 0.0577132902891268
0.00388935112191243 -0.00404268838279488 -0.00385649348802585 0.0613864124056021
0.00861655681485008 -0.0058542703327878 -0.0307717514293182 0.070207941488219
0.0152098518919125 0.00359849555709022 -0.0704412779108546 0.0635317108816659
0.0140940133051251 0.0218485061456497 -0.101758065373002 0.0424613966705535
0.00138855768608753 0.030216405861217 -0.0988015667059062 0.0634074389038858
-0.00959904418974001 0.0448751917412449 -0.0681507741033086 0.0461760299539125
0.0080422646320185 0.0254332135103567 0.0210251092121143 0.00421263351239836
0.0155915831922859 0.0097760043941144 -0.0124463656277931 -0.069148703505031
0.0191020639418488 0.00197380120036643 -0.0744414659249513 -0.0515564826138769
0.0180008417328775 -0.0047763135783337 -0.0927687275269092 0.0136202187412505
0.0128780749552834 -0.0163151169691354 -0.0561774596953983 0.0584143795790308
0.00113743618817776 -0.0217669858632209 -0.0175686672493 0.0635033758015204
-0.00166806569820324 -0.0215815199900207 -0.000417970894904204 0.0555189058309548
0.000418201631106992 -0.0284655429392767 0.0095269335181631 0.0509561557313815
0.0183264660660293 -0.028054906871547 0.0122176082020301 0.0510418969264332
0.0309989345790475 -0.0130081828395592 0.00577642114876328 0.0575513669683609
0.0433158489457599 0.00688156711059018 -0.0185276694107652 0.0708480013564285
0.0288620394019888 0.0374811328949666 -0.0576882869084034 0.0699222290358912
-0.00416109439624104 0.0585336622492115 -0.0826969375099912 0.0455442676406816
-0.0314033934803757 0.0615070443008926 -0.0781795346268993 0.056159809841952
-0.0363247771750613 0.0670478319908185 -0.0593796922116289 0.0234357952289991
-0.00476412595074917 0.060516808357317 0.0290711017916406 -0.00491760226200049
0.0321919583806226 0.0397063173942074 -0.00358195890099198 -0.0775858394762693
0.0511661864661567 0.00846660586627775 -0.0709713778166614 -0.0629900097415348
0.0410577519947458 -0.0160665208953548 -0.0912224935948699 0.00172504404614158
0.0254376034480996 -0.0338929423688939 -0.0556580398112236 0.0469335491080405
0.00341758731805356 -0.0425082948457655 -0.0173162864384054 0.0504293541347161
-0.0039545615638367 -0.0399747625511244 -0.00046326408673996 0.0411667952896894
-0.000363345954883831 -0.0468839411464969 0.0128969032951234 0.0350881338582986
0.0272430048642627 -0.0462172738499878 0.0220258581367554 0.0361540758582814
0.0486711369897319 -0.0255595126753699 0.0223527083533509 0.0466926515060985
0.0717454478200495 0.00686356693083853 0.00168145701148432 0.0692089327926
0.0471842265175341 0.0579180020780664 -0.0393235465769572 0.0765734548458017
-0.0100240951171205 0.0859840951485289 -0.06212908924001 0.0457394687526125
-0.0534208254375795 0.0858813105855143 -0.0494516376595223 0.0402654489196867
-0.0601883507017353 0.077272951240526 -0.0351512065709708 -0.00343425688142287
-0.0228047615771594 0.0877051859400065 0.044075181790279 -0.0178294795833518
0.0395259126057492 0.0695670927134264 0.0121654546914564 -0.0849646695357517
0.0782280051602389 0.0196721188700677 -0.0580036973800556 -0.0746140739529374
0.0617656906118082 -0.02269557052937 -0.0802886394992229 -0.013492541671024
0.0375261735590781 -0.0459444658879693 -0.049816633584938 0.0284904258816846
0.0061402365556389 -0.0577025450452359 -0.0147640125937985 0.0301563626477808
-0.00601587051506938 -0.052756656499185 0.00026815163099936 0.0203398601905977
-0.00316185671667619 -0.0576818939011649 0.014690638232284 0.0139397409735
0.0284891771316328 -0.0574156182680624 0.0296432982102439 0.0150870441378187
0.0555965326252403 -0.0359561126171312 0.0392945704219897 0.0287545601616712
0.0874334149309095 0.000521738984989211 0.0232377958950196 0.0607556353250385
0.0606928007170445 0.0638994574354997 -0.0182156927162345 0.0780197965091881
-0.00932864017057855 0.0987600808287203 -0.0440607226546001 0.0406625897544032
-0.063827121998447 0.0969053393502862 -0.0194207686169918 0.018011645777787
-0.0737209746903078 0.0724834093729663 -0.00019225584996531 -0.0305817845019537
-0.0415758604479604 0.0978199531308551 0.06432202490663 -0.0318346514506642
0.0340794797809319 0.0900875792828911 0.0332124318368163 -0.0863049688769423
0.0901458175401119 0.0336664641028949 -0.0349970309465017 -0.0812492547513461
0.0740800688237241 -0.0221324379229309 -0.0593630464055627 -0.0296404706263036
0.0449985698047101 -0.0499425643070418 -0.0382103371976843 0.00549351671378257
0.00939707003514341 -0.0631116638587525 -0.0105929599792223 0.00610327018434788
-0.00729027210187327 -0.0576701061130072 0.000761994809519292 -0.00263134614650665
-0.00536415687197174 -0.0604069667967533 0.0153382731389733 -0.00902184022241807
0.025395122198659 -0.059487686569743 0.0348584115398466 -0.00704366891664967
0.0542942456895456 -0.0397348132082824 0.0511438479234776 0.00927764018495428
0.0892056450777391 -0.00338610349146813 0.0403072893446238 0.0479131340147788
0.0619550813527198 0.0623617296036509 0.000358383950455741 0.0728394459453747
-0.0104946197362775 0.0965455009362323 -0.0296724086717662 0.0331389180343618
-0.0663410465584179 0.0925213954493253 0.00801771277539899 -0.00512382282470763
-0.072273364688583 0.0555681390089276 0.039834285730267 -0.0526541354567687
-0.0527207361916553 0.0862681933596906 0.085729593772124 -0.0437717092277678
0.0203281207282567 0.0903521053498967 0.0523176250631798 -0.0811254194777712
0.0824325496469964 0.0410047607102042 -0.00825957089582427 -0.0795415162184051
0.0718767402950176 -0.0170421383540783 -0.0326681616369967 -0.0415462853612797
0.0437040041264142 -0.0453622851755463 -0.0233876979082241 -0.0179644131661394
0.0100521183113774 -0.0585259460398098 -0.00532002781860723 -0.0183911237534566
-0.0074326211679288 -0.0534639379583252 0.0015671537784953 -0.0255367857135812
-0.00676542831486571 -0.0551049242196577 0.0157084398775133 -0.0307297285650143
0.0208229090353262 -0.0535345188484791 0.0383708126367498 -0.0276298232303526
0.0481506208220316 -0.0367818448907087 0.0589608385513725 -0.00765829476199909
0.080038312942561 -0.00218552335770029 0.0516065268304769 0.0363311778153587
0.0519954472262036 0.0573580992308039 0.0127544253162551 0.0648553614586417
-0.0149555384264395 0.083833605501436 -0.0194415377523322 0.0240005236220511
-0.0631778081495216 0.0741212187265466 0.0313813853000104 -0.0250560402379031
-0.0561192301000004 0.0293252231345148 0.0749744709119647 -0.0673841394170361
-0.0490083018231062 0.0579246444588914 0.102047446859807 -0.0514192529615861
0.00592975666593552 0.0695587953110713 0.0675366587107719 -0.0717798244197643
0.059716410021994 0.0352949162347512 0.0139160756412711 -0.0736592270404658
0.0543127165423709 -0.00989337777490411 -0.00954644828985778 -0.0491160735381977
0.0331958344321954 -0.0326380523111958 -0.00958359457890745 -0.036994558660552
0.00719704499351108 -0.0441050706239215 -0.00118090748896938 -0.0386017380979846
-0.00675688444614149 -0.0411304032829847 0.00217254359980015 -0.0438023718893841
-0.00639335877730334 -0.0428792436722952 0.0157603171524149 -0.0482676167527031
0.0144148300492136 -0.0414216062798455 0.0418745606260332 -0.0431936437992664
0.0382409205318193 -0.0291120366541379 0.0655323622451985 -0.0188478683318786
0.0632903935202797 0.00120949543138265 0.0588048598522408 0.0295096053672658
0.0353760149280371 0.0493677943049976 0.0213484209184541 0.0575290882883638
-0.020284850241359 0.0629981648852227 -0.0121617445464344 0.0173777118273582
-0.0540555824576141 0.0454850648604679 0.0496218013356488 -0.0381154794157741
-0.0277648073265954 -0.00211726387756097 0.0978030723418648 -0.0727046507239093
-0.03168885924593 0.0192078079905828 0.108351867984434 -0.0558967439713431
-0.00349437455612778 0.0332922574862027 0.0748465639597344 -0.0645339125023836
0.0280621383024912 0.018034287098093 0.0272735648139129 -0.0691214223757426
0.0256532878120311 -0.00403505089885086 0.00342478130184324 -0.0541003690430414
0.0161066302615172 -0.0150992539297328 -0.00262088675741188 -0.0497318529858961
0.00315870421479823 -0.0219675402355921 -0.000850863904643133 -0.0515964987240962
-0.00559540444167219 -0.0224073277069818 0.00171146052939438 -0.0554182258355769
-0.00567751681243619 -0.0245445744247748 0.0166468714952447 -0.0596713432941794
0.00676592021879426 -0.0254236374789783 0.0462741613831653 -0.0528875715155251
0.0242686366973068 -0.019623522332622 0.0731014328095684 -0.0239111380295347
0.0404090574944311 0.0035852386302776 0.0650431958073312 0.0284362707693773
0.0165041747384835 0.0357343185777246 0.0255594374671439 0.0545944316113317
-0.0219502199486534 0.036485801576704 -0.0076706640472151 0.0149866556088031
-0.0382789646302924 0.0121473160665399 0.0607771887964089 -0.0430665335848154
0.0202237233211887 0.00833623385748487 -0.0324590343035523 0.0804436387038545
0.0084798580464793 -0.0138353498436003 0.0227726721580108 -0.00216258571903739
-0.00977744906573111 -0.0108030096585437 -0.039720990007186 -0.0517794582192439
-0.0109877683585239 0.00585699365928249 -0.0844846491496869 -0.00975305917914767
0.00101664229358631 0.00870135034971862 -0.0736489193352841 0.0558069185125069
0.00298158476064672 0.00137206085488538 -0.0239939294570836 0.0797906531252882
0.000387697584455397 0.000559004729576755 0.0133645009466777 0.0696121049644551
0.000873918662647565 -0.00087911243017321 0.0264053428832346 0.0568214463684769
-0.003232841315741 -0.00433536949101509 0.0313377997411329 0.0505527714331864
-0.00038912060530956 -0.00753390357121701 0.0299660115556601 0.0502172335543187
0.0023874063277764 -0.00534404014243242 0.0218861907121699 0.0572317211461716
0.00544321393962169 -0.00774942845064873 0.00102712389287897 0.0763639565758248
0.0145173493700756 -0.00222585211109511 -0.0373743161764005 0.0862134688838833
0.0208485108776544 0.014302976751989 -0.0770112983094587 0.0802299727243766
0.0131863821516856 0.0280024574414416 -0.0668967157445818 0.098809961226886
0.00917734941931202 0.044873021337392 -0.0418024134683815 0.070685437986438
0.0169331464567581 0.0199800130036812 0.0223971007010416 -0.00511067114292021
0.0176246888238489 0.00359431054891757 -0.0385463910519954 -0.0585182298743947
0.0175790354119978 -0.00481776875255677 -0.0883843809092418 -0.0171888199574549
0.0149371445109182 -0.0109728052139793 -0.0790187639467599 0.0504697130324203
0.00570423790291385 -0.0203839489908684 -0.0272270155843942 0.0759689933897629
-0.00817290170043402 -0.0204054218284208 0.0101879149232553 0.0642877377607069
-0.00998646684771741 -0.0195872613362591 0.0237840132660596 0.0509141278358753
-0.0116021753271728 -0.0267787681269677 0.0311210873749714 0.0420166029794752
0.00582596703748639 -0.0336101504313625 0.0341111066437556 0.0412728938655988
0.0238790578632359 -0.0247375192722633 0.0301855751053722 0.0508734686240216
0.0420697256708309 -0.0110110372162109 0.0128510645528474 0.0746350322988031
0.0415885993001277 0.0239495903052039 -0.0249899156635249 0.0878190425324837
0.019524622934238 0.0566496457199472 -0.0605335224977124 0.0747413152937012
-0.00364280491018209 0.0716398129564432 -0.0525100524423398 0.0812090031341795
-0.00714035305698764 0.0759382193957422 -0.0423964631764338 0.047816395553274
0.0188757402608836 0.0566789926038689 0.0265269616185691 -0.0159376411361281
0.0441672940730259 0.0242891083500197 -0.0322180441893923 -0.0696232014273714
0.0488006955510928 -0.0118803625450273 -0.0887235871503813 -0.0296578722988151
0.0312860698432022 -0.0303309734811748 -0.0823475234361882 0.0382730803161086
0.0103963297901847 -0.0410088724921061 -0.0310608119333112 0.0642969558202011
-0.0143613818061192 -0.0397359042696926 0.0045821948686928 0.0515599368434207
-0.0193668858042419 -0.0356041488821693 0.0174780131666912 0.0369192714449286
-0.0196664903432451 -0.0429976094398031 0.0275777867006443 0.0261853240737414
0.00647708577725575 -0.0539987985756912 0.0367137291314215 0.0236087001185421
0.0354099837764421 -0.0441375544650329 0.0410787272350102 0.0347841756527642
0.0680151886287552 -0.0228450105523753 0.0318271646456029 0.0663750570826905
0.0667343514468791 0.035369120977338 -0.00564380912311033 0.0868067325603542
0.0258171392196685 0.0843099198623668 -0.0430405235821806 0.0665198637054297
-0.0127781215857213 0.103871261879109 -0.0331806653392086 0.0531426876458774
-0.0256699795939055 0.0938076935641505 -0.0316272007209184 0.0146807248117893
0.0126210573710837 0.0881929754397429 0.0355711981581691 -0.0334126655411856
0.0615886542565317 0.0487087666619618 -0.0192304408931038 -0.0823939742594792
0.0768250822446915 -0.01213380499368 -0.0801888952425977 -0.0469044714822631
0.0474390116749592 -0.0442444347349074 -0.0787201825363892 0.0186299525314164
0.0157717079772682 -0.0571249490119433 -0.0336647075682869 0.0446510448982184
-0.0172405678083467 -0.0548478968845179 -0.00194892695353735 0.03176856771593
-0.0267464350300652 -0.046646654226379 0.00915144756149952 0.0179749444830454
-0.026546949570315 -0.0517446480132597 0.020610297464574 0.00629026263407264
0.00323319545163593 -0.064881068240921 0.0354164284705306 0.000843224091702851
0.0375488017679232 -0.056583488660953 0.0493831921066586 0.0120916688161577
0.0800200328075533 -0.0354146938867042 0.0491728828274184 0.0507964026988434
0.0819170936232892 0.0357901733054555 0.0140890163263981 0.0802148317862547
0.0317301795468597 0.0957088435935655 -0.0283011382727927 0.0546664244519533
-0.0176274423269638 0.118500366261639 -0.0154161499197305 0.0195120784316564
-0.0403255914511737 0.0951550399576372 -0.0109818239649665 -0.0243122282763262
-0.00101062176137569 0.104328630314136 0.048173296895166 -0.0540947346246965
0.0640080000082228 0.0687778902377234 -0.000643065906280034 -0.0918478065071603
0.0926856431312584 -0.00466465107520921 -0.0612514995452566 -0.0618119669887363
0.0581757332180069 -0.0487034444478229 -0.0662070922476405 -0.00521740059520413
0.0208681767610537 -0.0639924419402164 -0.0329881233636341 0.0191740731626605
-0.0173073866049223 -0.0609077044967169 -0.00826006805046058 0.00755503170445312
-0.0294328487568934 -0.0505526456512315 -0.000232143384573057 -0.00368311696764029
-0.0296826802629946 -0.0532306642879043 0.0108681895360034 -0.0152102622497649
-0.000166350240470029 -0.0658945892405855 0.0301598864342483 -0.0218372603756837
0.0348794420695541 -0.0599332880733026 0.0519180893791276 -0.0103818492350388
0.0800237193434996 -0.0400168443826939 0.059307932025849 0.0320968523461614
0.0828077030225622 0.0336968874126634 0.0289879875913379 0.06797690657866
0.0301153668457369 0.0938543872366026 -0.019104875843149 0.0414339960235248
-0.0217268557853643 0.115193157037084 0.000695221529289579 -0.0128274775554025
-0.0461676965374094 0.0785499975543888 0.0158924508659192 -0.0611903557934794
-0.015685612555431 0.0982596074823759 0.0619562276862473 -0.072988656782214
0.05167787327023 0.0742218423099053 0.0195829805099211 -0.0944509552490244
0.0884880803610202 0.00456474985067274 -0.0363613027339838 -0.0709647553516244
0.0581909796548954 -0.0429034886790548 -0.0468381273530828 -0.0273192376506581
0.0219144765652164 -0.0585364034215842 -0.0288397130726449 -0.00853445348016099
-0.0145629531576577 -0.0568231445692099 -0.0142250808049425 -0.017093073233238
-0.0280911799597539 -0.0461634752193429 -0.00947094988123921 -0.0241193157701369
-0.0285096262986403 -0.0478436040998324 0.00185657885575711 -0.0346402662502342
-0.00287449522986636 -0.0581825111598523 0.0240265536921445 -0.0415201159890297
0.0299829757925745 -0.0541853717943554 0.0525265564160321 -0.0294537878660051
0.0726103824990288 -0.0354581463214088 0.0644170022281514 0.0162007225427014
0.0720767418339903 0.0330311862225923 0.0369535095615111 0.0550950076770068
0.0207045532635121 0.0835502707363796 -0.0123179618442738 0.0294964247141857
-0.0263576598068238 0.0963448481692269 0.0144996124084779 -0.0403682317763747
-0.0412453536621493 0.0475525203208149 0.0418587158209147 -0.0896029620384249
-0.0238077727409427 0.0705596066045342 0.073093283041074 -0.0867530130808265
0.0307095381827703 0.0606821540439523 0.0355712588192489 -0.0918229284639638
0.0656668950799991 0.00812008031544163 -0.0143840319450394 -0.0735859689044744
0.0446567211011268 -0.0300664905454596 -0.0289528017449475 -0.0429644154645081
0.0170487588854135 -0.0430885062874164 -0.0246056078353193 -0.0311900334306477
-0.0108220193289562 -0.0424741410154915 -0.0189573691298871 -0.0368563396085568
-0.0228581099522345 -0.034719148016653 -0.0171423678111833 -0.0408878328791915
-0.0235396348974405 -0.0361914953896031 -0.00553872983508503 -0.0508593137952795
-0.00372009461375311 -0.0441385257729426 0.0207456553857504 -0.0575056462155071
0.02368872180395 -0.0429838300111627 0.0531348185522282 -0.0427573981214594
0.0580435296312867 -0.0250727506355611 0.0677816371976423 0.00624703820846272
0.0531389435745114 0.0321140851827034 0.0411868313259414 0.044811755851447
0.00752262105214216 0.066562868843474 -0.00713014279861796 0.0197135566216556
-0.0304948470879271 0.065862558248316 0.0276103155957543 -0.0582627446904619
-0.02812845917952 0.00787443916860317 0.0595337688699173 -0.105254882300396
-0.0236619575715643 0.0291494408672398 0.0756297144386317 -0.0945690228780413
0.0080195722982589 0.0312609813501102 0.0431361208001207 -0.0879608270362977
0.0304741648315781 0.00501942566311089 -0.00181232791052615 -0.0743453334877653
0.0211004712868004 -0.0135309476212052 -0.0191411294394974 -0.0518272862597873
0.00844805360414044 -0.0200783614970093 -0.0234141461255573 -0.0448934178160034
-0.00578561499738127 -0.0208266346755068 -0.0236242756551621 -0.0485419223260489
-0.0140356590783415 -0.0177299285622698 -0.0226358471525838 -0.0513482727459979
-0.0147448431224551 -0.0200239421678713 -0.0100555415471091 -0.0619456225189053
-0.0042919772154221 -0.0264603991587995 0.0196747400038504 -0.0680878241863878
0.0145121394371156 -0.0285330671420157 0.0571406736757804 -0.0508565049757852
0.0387161449067948 -0.0137300205556555 0.0719199487061094 0.00180417277475477
0.0297395895839682 0.0274370733394335 0.0447027190593055 0.039632719002003
-0.00518576035514535 0.0425179438119245 -0.00278551170985714 0.015451644610673
-0.0301874756958207 0.0270442920123337 0.0372846764156045 -0.0663165034763247
0.020236428177594 0.00826743836161154 -0.0319390199787062 0.0819545037387463
0.00847153268901595 -0.0143788282527024 0.0235114441730514 -0.0027512432869715
-0.00978776314711133 -0.0108491146688106 -0.0405923349100817 -0.0526338819632431
-0.010810473235069 0.00600321857162543 -0.0864362738094831 -0.00976769294645541
0.00117914022333437 0.00843270442773363 -0.0749278702602625 0.0575655705480224
0.00254425864401 0.0013077138378165 -0.0237812936935003 0.0814136014161735
0.000248956632539734 0.000848679923247945 0.0144213616519512 0.0700845641650849
0.000866712694627788 -0.00110825474663029 0.027940152746775 0.0576663389050038
-0.00336876297256487 -0.00431048118104917 0.0332968679091244 0.050512066127196
-0.000778156496980813 -0.00812942119619114 0.0313435833198895 0.0511313628330039
0.00253566249577484 -0.00512010444150579 0.0226866206094971 0.0579079943430858
0.00602083193489936 -0.00758090782413402 0.00143728343695084 0.0773818013265665
0.0153626805380211 -0.00274182503893775 -0.0378321996332675 0.0877826073113178
0.0211182388944061 0.0141604300238605 -0.0781859976513013 0.0826531389717004
0.0129752237786802 0.0286236219337242 -0.0667109595153195 0.101889595409543
0.00950664032756717 0.0456570619585744 -0.0408845840497956 0.0726439618616171
0.0176426191666418 0.0207152005545259 0.0232166282926124 -0.00564024908256716
0.0183003423955859 0.00391030647595703 -0.0396541073358406 -0.0594024976195005
0.0177315921056879 -0.00539868605854006 -0.0901586764949133 -0.0169410776803665
0.0149447258198123 -0.0119411613292541 -0.0801275685492281 0.0524674089735755
0.0053842602860935 -0.0210925460239105 -0.0267110856475027 0.077594298828864
-0.00901877216893181 -0.0204760583028303 0.0110538298579593 0.0648012413319325
-0.0107520741982769 -0.0199636453166854 0.0250302644015065 0.0509786357110236
-0.0122180748994565 -0.0267455635680253 0.0327872797743785 0.042598472331161
0.00539185718720272 -0.0352659268562789 0.0350892548452247 0.0418621796422225
0.0244372814019593 -0.0257635752708967 0.0306828071865791 0.0513948668839821
0.0430617581259168 -0.0116359901555942 0.013696619938672 0.0755563674362211
0.0428106323558946 0.0241328321758276 -0.0239865489380452 0.0890631413885811
0.0206487993343801 0.057220587738071 -0.061163741356605 0.0766199851573797
-0.00327434237249115 0.0727765791542903 -0.0523792704868131 0.0837375105111471
-0.00680793989650835 0.0772630143307195 -0.0421723563586736 0.0491473499663202
0.0198896010562736 0.0575982509730728 0.0275592063752952 -0.0166817682643992
0.0448984365858383 0.0241386459809483 -0.0331242423769466 -0.070962941518204
0.049034846060932 -0.0134750623769294 -0.0903755775616857 -0.0301191693893301
0.0309825826629629 -0.0314686176809387 -0.0839448815050452 0.0399037764595972
0.00959089953167474 -0.0420694398075072 -0.0313981579505205 0.0660790715383243
-0.0155956575688364 -0.0400307960356049 0.00513544229323113 0.0518834010740371
-0.0202456826369473 -0.0360424561402013 0.0184272480111223 0.0377145332953777
-0.0211249449582697 -0.0433011275354376 0.0287063841197854 0.0267480510438584
0.00554140116147874 -0.0556946783023846 0.0376766012384021 0.0235769801005591
0.0351907345151919 -0.0454029870479605 0.0422680990914994 0.0355278947225853
0.0689712486327105 -0.0249588510610631 0.0331753062802564 0.0669566355839679
0.0683290471325175 0.0351228658769916 -0.00438279476943685 0.0877824862694833
0.0272941871475651 0.0856399453242905 -0.0434756615312718 0.0680873646130859
-0.012367210338932 0.105177274222099 -0.0338752091781769 0.0552906143503331
-0.0249863693534605 0.0957936820170932 -0.0313333316207217 0.015283538934635
0.0139447913709372 0.0896917212068983 0.0366587891506467 -0.0344308793604928
0.0633294862702283 0.0483731421686053 -0.0198741536688852 -0.0838011792265389
0.0777625053361801 -0.0139509445892534 -0.0817349550179364 -0.0466968517463961
0.0474799514453804 -0.0465013547549681 -0.0804248771150456 0.0200219126681653
0.0154385513293145 -0.0584377953903353 -0.0340961023032374 0.0460542199340428
-0.018772363372733 -0.0552046864237998 -0.00195043988454109 0.0317253656351527
-0.027853121960764 -0.0465582687148326 0.00916557443277783 0.0183918903983699
-0.0279844290927939 -0.0522422320444323 0.0207601450523549 0.00603291030873067
0.00196959638351004 -0.0668493104357071 0.0355854485423787 0.000465226276130678
0.0373278032260982 -0.0583687659971835 0.0500676700528159 0.0120483306088892
0.0804755455941796 -0.0378673695805301 0.0504830872993936 0.0508629788718523
0.0839804436369357 0.0355788493092233 0.0158264196946827 0.0808634497519419
0.0335236244048658 0.0974800326366642 -0.0290273656253683 0.0558166115758873
-0.016778048620834 0.120257107671829 -0.0158557863811538 0.0207392696483264
-0.0400407831323878 0.0974810201766526 -0.0110594653900531 -0.0245633801481454
0.000326960196471173 0.106351000797466 0.0494499228641322 -0.0552496792395676
0.066009371833205 0.0686424891109433 -0.000785309586918487 -0.0930547778167179
0.093037481617402 -0.006822220165986 -0.0621816396181126 -0.0621130187685473
0.0581132486469636 -0.0508295915004163 -0.0678518890674357 -0.00437258156253538
0.0201357304170059 -0.0658181891262869 -0.0335482028045737 0.0190034779838295
-0.0185630038119893 -0.0619214798696713 -0.00886912974829024 0.00722744391227844
-0.0308682678491236 -0.0500232636220714 -0.00051879195374245 -0.00381980162836833
-0.0315397461935531 -0.0536897893395176 0.0113585643071072 -0.0153825083038961
-0.00129241164136233 -0.0674132568183631 0.0303061537352121 -0.0223803387330287
0.0345841332711978 -0.0616348145303721 0.0531140772490299 -0.0112155799843328
0.0806891470886755 -0.042687953608723 0.0603825377243562 0.03191359818155
0.0848264218024329 0.0334741914333653 0.0304400004656002 0.0678762264652772
0.0314531850808763 0.0953363092264859 -0.0191474517942184 0.0430922005879615
-0.0213491256152765 0.116649799278614 0.000145822975826679 -0.0125695521623941
-0.0460105525828094 0.0806373025594461 0.0158675142422087 -0.0624130605795323
-0.0144850737391873 0.100194484495918 0.062939902113985 -0.0745602120416096
0.0532002160918112 0.074412284437294 0.0195903097745541 -0.0962206833905964
0.0893209282889837 0.00269920530348396 -0.0375223123533475 -0.0717643728826433
0.0584156839011008 -0.0447307878498011 -0.0485386208101242 -0.0271837792117474
0.0211729871713276 -0.0604340071892335 -0.0295462821850399 -0.00878109415545918
-0.0159045894517368 -0.0575009950361831 -0.0149010090441749 -0.0175363555131274
-0.0292846159052531 -0.0459106932212279 -0.0104998209108232 -0.0244109115780412
-0.030028010912213 -0.0477453384474759 0.00126360116307851 -0.0354040244858024
-0.00382402355660405 -0.0594561020894605 0.0237398294739513 -0.0429634893849836
0.0296607632750407 -0.0555581773620665 0.0527581298732845 -0.0305229591086247
0.072594934521969 -0.0374936464851087 0.0654954588078512 0.0158800902444842
0.07355782639135 0.0332212869451307 0.0385614131016559 0.0547219074649208
0.0221308572264613 0.0849677161699705 -0.0125144579898816 0.02993506534589
-0.0259995018865851 0.09758893607006 0.0133722913241235 -0.0410337689564252
-0.041300543882337 0.048947209976526 0.041580849460341 -0.0918339102335257
-0.0234798554663285 0.0720762333425255 0.073182877199696 -0.0889974690280824
0.031321505153947 0.0606992624825338 0.035815959094269 -0.0930623197561303
0.0662021725879404 0.00723150769655036 -0.0150102427732114 -0.0745343262886223
0.0449308209988634 -0.0315180362706975 -0.030011621991008 -0.0438113904406784
0.0168621811319243 -0.0443898410663497 -0.0257965646732572 -0.0323799558064172
-0.0120728381098431 -0.0432425086143838 -0.0209153273896962 -0.0375659231546115
-0.0233441077520754 -0.0344925629312476 -0.0188931246551817 -0.041548355420851
-0.0244180124495314 -0.036268909928687 -0.00660219307498851 -0.0518218452320266
-0.00414879521928953 -0.0453706435369403 0.0197723173630016 -0.058557416729565
0.023502185161411 -0.0435180906015358 0.0539925345639371 -0.0445901909925194
0.0588967293896877 -0.0267362330141557 0.0683725103165989 0.0057564041801755
0.0543191330049256 0.0323331729303644 0.042985825435978 0.0445225836791532
0.00807128464872209 0.0671061376781532 -0.00724735117410644 0.0202747953716491
-0.0306310557806137 0.0666139075940648 0.0265554551216234 -0.0596015643566217
-0.0280834383214413 0.00852077957593799 0.0595327042748754 -0.107993475413183
-0.0230063269754324 0.0295478321634787 0.0755369411322393 -0.0967352909423039
0.0080722766862804 0.0312411064005752 0.0431000242138782 -0.089937156240813
0.030375323492724 0.00493659566325597 -0.00201852919283629 -0.0758144163483827
0.0212692604127021 -0.0139378357937704 -0.020095946541949 -0.0530867242589828
0.00817975476903274 -0.0205667020944544 -0.0244583962564888 -0.0459193740886461
-0.00618479798111841 -0.0211405250770663 -0.0255893183899946 -0.0491354164339802
-0.0143635379368152 -0.0172522364546908 -0.0243015738612099 -0.0520418538493524
-0.0152205331638364 -0.0197075030288657 -0.0115921853091479 -0.0628091148263249
-0.00437904229703535 -0.0267910332217384 0.0190697479969028 -0.0691837663542357
0.0143122686461995 -0.0287989715384329 0.0578223331837994 -0.0525098626046715
0.0385254954848916 -0.0144615621355922 0.0728564277818501 0.000704089362309724
0.030708195248858 0.0277524837394386 0.0455484951380556 0.0395242107860034
-0.0047920907370732 0.0425796935740518 -0.00315307147766169 0.0158538614934432
-0.0304400067878165 0.0274823298864894 0.036027554303258 -0.0679146471668051
0.0197434371654584 0.00778266839133413 -0.028407965697642 0.0834817569053144
0.00819527662441381 -0.0140470814512193 0.0239617336943115 -0.00383614954903269
-0.0101264848842039 -0.0105564505049836 -0.0429870259151129 -0.0516701839414748
-0.0112507243556462 0.00646414533224595 -0.0877319016858028 -0.00711138378240572
0.00124228800831665 0.00810153023589238 -0.073482602117124 0.0613128413538224
0.0024447705609806 0.000893567741596561 -0.0209464741378209 0.0832950755784899
1.47800962557738E-05 0.00073542651182576 0.0166203738463821 0.069780816604173
0.000550849850161194 -0.00157254479087932 0.0307563628880686 0.0568673730912078
-0.00380034771497238 -0.00405796480981617 0.036098730629115 0.0504251168261815
-0.00125075973228815 -0.00849535246518224 0.0336241155872877 0.0507647317412736
0.0027752241820556 -0.00563258629216397 0.0245809766590142 0.0576510455525252
0.00592544035826877 -0.00764134886934617 0.00440445199753495 0.0781313114299556
0.0154416862281827 -0.00310007200226543 -0.035054650848269 0.0886092829298136
0.0220384056577414 0.0135359408363939 -0.0765327774347619 0.0862386496694791
0.0135795308216379 0.0282592475236494 -0.0636133884161355 0.105748574667614
0.0109083993143278 0.0460497354835551 -0.037834849198179 0.0744178205697183
0.0182806910938353 0.0204646212480978 0.0238832448719794 -0.00648129113341436
0.0190463448398762 0.00286390479945465 -0.0416752451696724 -0.0586117192507069
0.0171336588289842 -0.00637216245129423 -0.091656856248897 -0.0140107011145639
0.0144183204932797 -0.013219994298572 -0.0794062742573971 0.0565342461617023
0.00420580313563735 -0.0215617860071173 -0.0244689357326509 0.0793200418516212
-0.0101259410047332 -0.0201612065797391 0.0134700581845127 0.0646709125835705
-0.0115373885877249 -0.0199096149290417 0.0278776614733566 0.0503673671098745
-0.0137308979388187 -0.0263844892923663 0.0353953774266473 0.0414321005315627
0.00394000417911159 -0.0362065660693253 0.0372900077686095 0.0413166204379474
0.0235783001801705 -0.0271490481933315 0.0326730615635701 0.0510948375882114
0.0430899486435106 -0.0134045482685143 0.0163087388984047 0.0754053653881381
0.044001975704032 0.0229766666502107 -0.0213333666617828 0.0898451131480441
0.022799885754818 0.0574891890795791 -0.0591605626419498 0.0798613867024796
-0.00114149174680621 0.0731685218443725 -0.0498049064481372 0.087002968002449
-0.00386827050330783 0.0783197112464995 -0.0400286548528866 0.0510058014107819
0.0222727142500995 0.0575955254541237 0.0274659543459305 -0.017958576960604
0.0464422957533642 0.0223309140615918 -0.0356167398119499 -0.0706100436486749
0.048644041089207 -0.0158872539728143 -0.0922100037404293 -0.0271541368416723
0.0301332937456701 -0.0339183113117728 -0.0832485807946824 0.0437556454032609
0.00797029013030874 -0.0431192034496423 -0.0290551541854937 0.0675180121157677
-0.0179294733214321 -0.0397238950811931 0.00726459147316413 0.0520317819613512
-0.0223675786774605 -0.0352067899449716 0.0202341613424591 0.0370066501272477
-0.0230978187938 -0.0425951020980833 0.0307082288365505 0.0257907201043841
0.0027794695642456 -0.057089542275775 0.0389187119393226 0.0226378982423382
0.0342750082036241 -0.0473363792384114 0.0440452108503004 0.0338729479024384
0.0688280301469292 -0.0280616943050313 0.0355704547552272 0.0662182558356423
0.0702813600522731 0.0326574231710018 -0.00101432155763803 0.0885532919219031
0.0307316197305745 0.0855870338073277 -0.04193970715262 0.0703470118905704
-0.00897618087406513 0.106332622882606 -0.0324505738739571 0.0574337151395323
-0.0217784885643278 0.0977826865571753 -0.0307062909191478 0.0162830719261519
0.0174836484699385 0.0902237965459881 0.0361077906126468 -0.0357406993931411
0.0656315718582358 0.0459542570386162 -0.0226411051740383 -0.0841436893671281
0.0767514692778354 -0.0178488137908311 -0.0841711077880547 -0.0444917126672911
0.0454687054316915 -0.0489911214452337 -0.0807391784571454 0.0235526899755246
0.0130426758941371 -0.0603393980683924 -0.03284890347555 0.0471194631946088
-0.0214801623913559 -0.0549325266599141 -0.000642274901110763 0.0319439301655657
-0.0299056255522881 -0.0456732567180692 0.0101433939639947 0.0178345006187309
-0.0308233936385495 -0.0511027774499304 0.0214204382410669 0.00530465189179297
-0.00108775337528191 -0.068155086134117 0.0362668421824128 -0.000668278342562302
0.0352911698231918 -0.0605599456645604 0.0515387531430238 0.0105739249827013
0.0796187276086628 -0.0417948565325424 0.0520360063106196 0.0490190447785279
0.0861963508819782 0.0325840672266452 0.0192310977878921 0.0802563526746717
0.0375130556694073 0.0970496022772999 -0.0275238988167166 0.0577965299919516
-0.0131538076481169 0.120887323961976 -0.0157243816733505 0.0220069185277633
-0.0364937517523525 0.0998203667713975 -0.0115108292826301 -0.0243007617547976
0.00437252645297235 0.107481105707175 0.0481448080019953 -0.056538308217354
0.0690683653268202 0.0665288249644338 -0.00323787318929442 -0.0936546071268105
0.0932309978438864 -0.011134738268803 -0.0646395701552847 -0.0606398516989581
0.0566147348352174 -0.0541182701624542 -0.0694318475398492 -0.00148905435114466
0.0175073987768045 -0.0675000950021266 -0.0335290156047754 0.0203574238660984
-0.0216184132556539 -0.0614150407102944 -0.00904306565514437 0.00744053759771025
-0.0327937769915172 -0.0491610166805216 -0.00135307588143393 -0.00361997991731869
-0.0340615078194911 -0.0523176426610555 0.0104367574552436 -0.016321422686407
-0.0046013459280008 -0.0682649653720206 0.0293789376118318 -0.023560794370463
0.0320708657250364 -0.0637799929028225 0.0530999597756996 -0.012830539728604
0.0792196295221112 -0.0466986070985381 0.0617189930723633 0.0296061220326942
0.0869460896814314 0.030392096000702 0.0338211753070021 0.0666667524240503
0.0357437786408908 0.0953078995150841 -0.0177383958548017 0.0438644601376128
-0.017155806179866 0.118062562632087 -0.00152503681514352 -0.0128013526365856
-0.0430394364361814 0.0831510739576891 0.0140557487108454 -0.0635059145030759
-0.0112497628294223 0.101740827935463 0.0608461538968343 -0.0771641265952293
0.0556270689085903 0.072685143737842 0.0164572325278615 -0.0968345229018681
0.0894062177185074 -0.00106552318145525 -0.0398082755654893 -0.0707525584949649
0.0572246584434995 -0.0481482001129857 -0.050512208169881 -0.0255730658198835
0.0187932287394734 -0.0627859598942374 -0.0304430933424486 -0.00831979206069328
-0.0185556775878826 -0.0573837989915208 -0.01638852446394 -0.0172887739967674
-0.0309775738477426 -0.0447877845511216 -0.0120096483915225 -0.0241268537268647
-0.0324158061859696 -0.0459819072683653 -4.23265446391288E-05 -0.0360241376734516
-0.00641219401776097 -0.060013037048999 0.0223629373905464 -0.0438342521925549
0.0275812736477767 -0.057420106853875 0.0522959719255892 -0.032439365459762
0.0712856129743381 -0.0414127774494551 0.0659965911278032 0.0133378539749275
0.0757273850345369 0.0306094113370429 0.0413502892187585 0.0530926447474327
0.025407819720063 0.0844461833475583 -0.0115835076626502 0.0306815648011893
-0.0231856032073805 0.0986690752036639 0.0113715351232315 -0.0415093949207029
-0.0396235043500075 0.0510181558927079 0.0387032763111177 -0.0934873318349718
-0.0208000303144706 0.0734688133674267 0.070641802551844 -0.0916676635938323
0.0335383772947114 0.0599855441240978 0.032929695445469 -0.0944011770435411
0.0664577230744732 0.00448385541629854 -0.0174004677653067 -0.07453663534895
0.0440937909178119 -0.0336108148835299 -0.0318615367243918 -0.0430158131405179
0.014880114544252 -0.0459850034662566 -0.0273472542141997 -0.0319919367630223
-0.0137083959424332 -0.0429641021613361 -0.0231826563366397 -0.0376501108295569
-0.0249726335838896 -0.0333192244201942 -0.0214586035472837 -0.0411154529983613
-0.0258852902684329 -0.0347942879201816 -0.00892423620847346 -0.0522505086985675
-0.00613225843333315 -0.045510398670261 0.0172679213198679 -0.0596531605150458
0.0216517718280785 -0.0454669321695616 0.0529789989428845 -0.0462466338700489
0.0576223322700371 -0.0296378526268093 0.0687666444354307 0.00289676631784378
0.0560512479997158 0.0303759610255913 0.0451769058014842 0.0431800025713296
0.0106988255367849 0.0674879358602075 -0.00646840627343306 0.0206620403760939
-0.028510253444811 0.0680617567514307 0.0235130425660655 -0.0612048855564221
-0.0278132223491598 0.00919084407510667 0.0557145893323997 -0.11097879121248
-0.0218334521857319 0.0303091777226633 0.0719741392069379 -0.0996476380307158
0.00935157331748561 0.030986414308548 0.0407190289400509 -0.0916165654578816
0.0300608320869082 0.0036651614525849 -0.00490392454139487 -0.0760415717843546
0.0209013409398379 -0.0148950453428551 -0.0222458855556705 -0.0529326393332821
0.00733092715732896 -0.0212696146652936 -0.0272370699374694 -0.0458722217613494
-0.00693526071379666 -0.0204732919027638 -0.028357935899667 -0.0488878935916606
-0.0146952713358847 -0.016161490590382 -0.0272410634190929 -0.0507936847062434
-0.0160632250102724 -0.0183532539327794 -0.0146410802481677 -0.062948045603361
-0.005504021073595 -0.0265392521046667 0.0161562063064689 -0.070522608576569
0.0130968370548145 -0.0293260838803329 0.0566159700949467 -0.0552939824571215
0.03823509997121 -0.0158148408618856 0.0734856600624581 -0.0016889147050559
0.0323261620261601 0.026764546539155 0.047107624877219 0.0381176757264121
-0.0038162041382454 0.0428428266188233 -0.00257695082668034 0.0161929034863786
-0.0294224400157902 0.0287268901283899 0.0330349491491431 -0.0698965688193384
0.0189543697412731 0.00699019448535034 -0.02388056504734 0.0823482980129264
0.00715272836765195 -0.0140590188118035 0.0238348604274469 -0.00457570119971512
-0.00984573723841135 -0.00987925938987897 -0.0440965679087811 -0.0492109967971101
-0.0102583344524626 0.0069927825905247 -0.0864677896706372 -0.00364240708523625
0.000901629699957584 0.00773010426021612 -0.0698667575718902 0.0636854958689703
0.00235109351612897 0.000920135189135285 -0.0171081494445706 0.0832908663490818
-0.000147401624115386 0.000559465438067019 0.0194963237807372 0.0675256933553965
0.000399132011102953 -0.00143919386253164 0.0337207743844473 0.0539485748439491
-0.00420128809114391 -0.00371428224158425 0.0378283170069995 0.0476021787629375
-0.00193693101955821 -0.00880279200437515 0.0355068277774376 0.0484078674364476
0.00285965196985834 -0.00553010920141415 0.0262838097437066 0.0555361303394119
0.00553050768841175 -0.00802268823000096 0.00766135552144256 0.0757301285842069
0.0146616230647651 -0.0031668798478078 -0.0314392935724493 0.0876672930295101
0.0223171287609112 0.0127198856130645 -0.0719997359961889 0.0875997278984014
0.0134133596935141 0.0269638710300861 -0.0578399351653999 0.107186977657733
0.0120654043018161 0.0443743723347333 -0.0335302373694716 0.0740648859015546
0.0190495314786833 0.0190297169151787 0.0235155976889425 -0.00790298838981278
0.0186665468188962 0.00167287000237924 -0.0434227853152714 -0.0558468385595327
0.01645097568188 -0.0073186220942673 -0.0904200901845609 -0.0101044992939547
0.0132454917686869 -0.0137468679185933 -0.0754400435839483 0.0595513268824373
0.00267576534016669 -0.0217916236418665 -0.0204248825243597 0.0790694739123496
-0.010642766057741 -0.0193000683564773 0.0160541189673017 0.0628982297560696
-0.0124387641634398 -0.0187161271383283 0.0296269219125594 0.0482877055994022
-0.014904853590539 -0.0251449156563777 0.0366930210981809 0.0390359589927413
0.00179089871770165 -0.0361381619031076 0.0385160119752863 0.0392669357613982
0.0221686525930562 -0.0277992344169934 0.0344521888262426 0.0487814080723214
0.0419957683743089 -0.0155149026192724 0.0187894601758926 0.0729875342697092
0.0441419949254726 0.0204476645330817 -0.0172731190713601 0.0884465088811021
0.0249031200264965 0.0555502372708198 -0.0553651947580122 0.0809212924676207
0.0010989004189681 0.0717648949640192 -0.0448278247839959 0.0881039411759045
-0.000610032508309603 0.0767540487124976 -0.0364953640119123 0.0516193119156183
0.0245566909328776 0.0558607428415226 0.0271199219948357 -0.0187005589996992
0.0466396769066088 0.0194670618818852 -0.0375238330669305 -0.0679934315636606
0.0462547989506679 -0.0177905561840815 -0.0913700854790487 -0.0235079940627679
0.0272550826398528 -0.0346633994032586 -0.0804463709734201 0.0475730967659187
0.00536494804133761 -0.0432279719335451 -0.0262402642770047 0.0679376625482369
-0.0195955744578556 -0.0378552561847973 0.00897655905314459 0.0509152158559978
-0.0235534531674923 -0.0334234643701489 0.0215269942705564 0.035260351851053
-0.0251277579472082 -0.0407153752907754 0.0315071484038928 0.0237381905693146
-2.32810124119743E-05 -0.0566932606238713 0.0392765491355207 0.0209662828309102
0.0313379515144485 -0.0479621895357159 0.0446188475138596 0.03165154608681
0.0659638598997903 -0.03086153847978 0.0371213396286496 0.0630308738985734
0.0706682219851951 0.0294883227875361 0.00258929015683594 0.0857579913274064
0.0335062768905908 0.0832463287267889 -0.0385443802651609 0.0710145309905675
-0.00474240022945996 0.103931773560145 -0.0295103453924643 0.0584864049492626
-0.0166125322866484 0.0965672867820963 -0.0288429200156373 0.0174937423383284
0.0213589266123928 0.0880328106241371 0.0344567289018612 -0.0364413917744637
0.0662746716599368 0.041811953994593 -0.0251195053087501 -0.0814432163253269
0.0743334475430523 -0.0213823316780901 -0.084038290892435 -0.0401377304946726
0.0421205340765837 -0.0509769533855442 -0.0788969837182437 0.0272798206449071
0.00979318776508447 -0.0604313361743429 -0.0301132860101149 0.0480813983137163
-0.024064150698088 -0.0525317840629975 0.000378267331192595 0.0314481524321309
-0.0312749892538517 -0.0432715521170651 0.0105164544515072 0.0169232414403245
-0.0329872209592574 -0.048337073651194 0.0215182547715261 0.00385477794464675
-0.00449005123447182 -0.0673086874746992 0.0352556968464322 -0.0021312381623492
0.0321201554376988 -0.0615662118423256 0.0510028273362762 0.00827963108581417
0.0757398313876324 -0.0453647511921381 0.0530459670016412 0.046195928856102
0.0861233181511762 0.0285853862624686 0.022355900935526 0.0770327703763825
0.0411653639264678 0.0940825062098654 -0.0248254948137131 0.0577794813620425
-0.00843465987621202 0.119064652874912 -0.0149855324770019 0.0227997528415665
-0.031469522523804 0.0991580943015387 -0.0126412958342969 -0.0234288281231939
0.0089912761460213 0.105577045594767 0.0448292697898013 -0.0574000374462396
0.0700653833347271 0.0616562315109877 -0.00683672455361111 -0.0917554226457047
0.0901574585788519 -0.0154120057084084 -0.0653687444335987 -0.0567038641221573
0.0529838060714365 -0.0564901677180966 -0.0682853287742085 0.00195821805769429
0.0140783066872143 -0.0677968857758948 -0.0322081348540558 0.0213537781037289
-0.0244697491948895 -0.0592205365307607 -0.00911041005049327 0.00773026356686501
-0.0341060484097029 -0.0463718843973285 -0.00183808266871527 -0.00318590817510563
-0.0360200461383215 -0.0491608192266026 0.00973859351754994 -0.0161833351338926
-0.00826908451701514 -0.067211529328754 0.027627471700467 -0.0244780272880516
0.0287690073257964 -0.0641453876985527 0.0517884002678641 -0.0154638265339056
0.0752252246088389 -0.0501883194720139 0.0616405462870637 0.0261010720948491
0.0871709923578514 0.0258903842833054 0.0358502276263473 0.0629702685002202
0.0391306745320113 0.0923260553144858 -0.0160744493316227 0.0439454002162779
-0.0124407523538703 0.115513828048485 -0.0028551761969943 -0.011927389825592
-0.0384563828221755 0.083130955718172 0.0111273552166528 -0.0627736067558742
-0.00637698043498096 0.100358673811072 0.056135249339266 -0.0775345902136015
0.0574590327981873 0.0686379276544967 0.0127544074344267 -0.095155927935055
0.0869146172031316 -0.00548637200367517 -0.0415072407681933 -0.0677307088862069
0.0535975959581775 -0.0500819304065323 -0.0505239308128171 -0.0223611115847156
0.0155457196077427 -0.0625873076947519 -0.0305315181923186 -0.00711715904554357
-0.0212544480077536 -0.0554213034162093 -0.0177241775089453 -0.0163791177777806
-0.0324144614383806 -0.0422913605552814 -0.0138250851736456 -0.0231327567216696
-0.033975086230093 -0.0434044101557723 -0.00217578250541804 -0.0354967782028386
-0.00966818306462309 -0.0589067128668497 0.0193344449760256 -0.0439786658277732
0.0247466798288049 -0.057541978137037 0.0500704610562668 -0.0343970998151406
0.0675582135560655 -0.0440682129597531 0.065205917583304 0.0105796485263064
0.0755064737648622 0.0265755061664092 0.0427940306305294 0.0500845557505494
0.0286265932273995 0.08186565694899 -0.0103080917144146 0.0307223850670325
-0.0184449177512517 0.0976295652550265 0.0082945353989939 -0.0410590893163579
-0.0362780827051176 0.0512441986929602 0.0344337898769119 -0.0933569414062301
-0.0170682456142544 0.0730917371415378 0.0650539625398748 -0.0920151446765406
0.0354383375951519 0.0571629849505332 0.0289755487151772 -0.0935322316241086
0.0645168702609178 0.00144455100208002 -0.0196428373667893 -0.07243810102663
0.0413131865969007 -0.0355698942236328 -0.0332610643350064 -0.0407003191446353
0.0127862535229043 -0.0460780340018658 -0.0284829148758957 -0.0306359665548105
-0.0154464059788817 -0.0411273659011128 -0.0252604546975099 -0.0359676920997252
-0.0253583950101425 -0.0310730173534927 -0.0238957131001413 -0.0392164977128421
-0.0266175723001282 -0.0322909485507502 -0.0118358269618685 -0.0507760742441713
-0.00830657362985906 -0.0444908947824414 0.0142458565733855 -0.0593392426086092
0.0191215659721079 -0.0453813791820348 0.0501360288903846 -0.047809964727442
0.0549038318093619 -0.0317471529788508 0.0673542360722416 0.000102986839012401
0.0566889462394708 0.0272066554303511 0.0458354532401408 0.0397621371519856
0.0131396158062568 0.0655488529695497 -0.0058626984808578 0.0210187366930774
-0.0249143066218888 0.0676372805475654 0.0196007309227732 -0.060953784877336
-0.0263141067439705 0.0105758135058162 0.0502340838547766 -0.111201883108811
-0.0198636775919221 0.0306739361541066 0.0663841659016827 -0.100123070042999
0.0104623655660917 0.0301613892196993 0.0369728582463248 -0.0906642390564595
0.0290239447065196 0.00204339384567285 -0.00731038858577494 -0.0739274343434519
0.0197512549344937 -0.0158881427013803 -0.023912480566511 -0.0513360207845764
0.00608914155306202 -0.0210723338547518 -0.0285968343634571 -0.0443540992089249
-0.00764702312425072 -0.019767890258236 -0.0311018708569881 -0.0469630688447999
-0.0148306877031969 -0.0148973191848067 -0.0300238312960349 -0.0483976378518165
-0.0159972611199784 -0.0169452024001779 -0.0177688150673464 -0.0611168355316184
-0.00670827067603596 -0.0259131630512377 0.012338068089234 -0.0699311326492813
0.0114533290155802 -0.0290686461400965 0.0530346192364795 -0.056670604563406
0.0364254358548495 -0.0173833887911144 0.071687160733297 -0.00478494980114133
0.0327680316505431 0.024776492228083 0.0478592922648189 0.0350980157297224
-0.00204109066964882 0.0421950206066239 -0.00229855215633917 0.0160879926781485
-0.0277386564609768 0.0293271147418488 0.0284830412683351 -0.0696609419245871
0.0181622493976262 0.00652469784171107 -0.0208056613752259 0.0794164244244225
0.00652577578202836 -0.013713331977388 0.0230095228498049 -0.00522621182395902
-0.00941950476128609 -0.00939492954913302 -0.0435743440167149 -0.0465754272650348
-0.0100631482479762 0.00700526170689625 -0.0835896516186598 -0.0019291028657681
0.00084618629958604 0.00714241430377591 -0.0656345354456246 0.0634939351097983
0.00167663789109619 0.000677968944903388 -0.0144914178507646 0.0809505112336485
4.45650089093783E-05 0.000455016147783608 0.0202666942944636 0.0649391102617679
-0.000139172701440767 -0.00177765950768289 0.0339554257444874 0.0515906358432405
-0.00427780946411438 -0.00402268268732252 0.0384764216611093 0.0451283831938082
-0.00204589177141625 -0.00852640272384932 0.0358268168678024 0.0459978389196491
0.00308004177986476 -0.00566023359764543 0.0261983139165585 0.0528279998130231
0.00559441895730568 -0.00755239404449995 0.00872644752411154 0.0727476176947163
0.014111316414923 -0.00304218472301359 -0.0290209250175907 0.0843390662373238
0.0214973560868834 0.0112639366700419 -0.0677584421939133 0.0859538965145082
0.0127999218721325 0.0254843926292982 -0.0529790888267283 0.104619617528977
0.0123886220212276 0.0426873503561656 -0.0300548092521726 0.0719684981844224
0.0189448674520446 0.0182286903713422 0.023374361030274 -0.00779234591497261
0.0182356205781975 0.000926555518495789 -0.0428078338869223 -0.0531534145918042
0.0154820894544016 -0.00747814754862615 -0.0875378193079349 -0.00808753390247873
0.0119790660672857 -0.0141251990674872 -0.0718207916589457 0.0595428110412696
0.0016284749730842 -0.0212331673562465 -0.0179030254590412 0.0773083860512976
-0.0112421534828394 -0.0179473897642397 0.0166793594198763 0.0600536608426648
-0.0126697929894037 -0.017950666883961 0.0300068650646896 0.0459485788111211
-0.0158862049963959 -0.0237913032064096 0.0368220488071799 0.0366190638441681
0.000229355764331287 -0.034791624175078 0.037908778366603 0.0371776344277311
0.0208821239455671 -0.0274526284631646 0.0340202092927103 0.0463146381814868
0.0400305564113732 -0.0156458216061937 0.0195877346147846 0.0696769623491687
0.043053177008978 0.019490059756711 -0.0149623860119069 0.0846915386526516
0.0249874045592692 0.0529697704793612 -0.0521154323959092 0.0789233836567639
0.00202157375336317 0.0687329274205662 -0.0411600983471097 0.0863514014251498
0.00113101959420366 0.0738174590527414 -0.0335744047432322 0.0503597967430537
0.0254364950967405 0.0532012677305833 0.0259011754429165 -0.0182306135808752
0.0450745333846432 0.0171839250170564 -0.0371585357001953 -0.0645238121251129
0.0437120303801984 -0.0188546790608703 -0.0884096723779161 -0.0204733791790392
0.0250802695136292 -0.0346031024343852 -0.0760680580578818 0.0485514415467703
0.00359648699106031 -0.0422533462994878 -0.0233118688066532 0.0662751896119292
-0.0197932025485163 -0.0359554078732875 0.00943726661886414 0.0484081144297327
-0.0232907493845219 -0.0317148393822777 0.0215414626011751 0.0333984430614054
-0.0256570607373387 -0.0381740247231126 0.0308375409767194 0.0219047277992747
-0.00218976902656773 -0.0550149815685911 0.0385381937648453 0.019413373822119
0.0294905425419093 -0.0474706491138962 0.0437731647520943 0.0291779520312129
0.0627321326248696 -0.0315363697916187 0.0365662615810104 0.0596582628871699
0.0687008747728356 0.0270098817864312 0.00430471500606673 0.081550361674797
0.0344341669477116 0.0794079963415846 -0.0355357882590854 0.069475233730565
-0.00333387802884986 0.0997968789541431 -0.0272495617083454 0.0572530471708641
-0.013543081918829 0.0931313126045169 -0.027116237909905 0.0176063955407301
0.0224296068678612 0.084251585749347 0.0327066497156741 -0.0350597101518685
0.0641551646163203 0.0381828901561695 -0.0256783621823522 -0.0773233904319247
0.070295035055552 -0.0224726696448786 -0.0812425812512049 -0.0367765918565248
0.0385053989972369 -0.0507498980011495 -0.0746994114574997 0.0293218697134574
0.0072805581707124 -0.0589677441564201 -0.0280623327899706 0.0471659559353155
-0.0246692337923047 -0.0497388170221504 0.000663922427001256 0.0301886848237513
-0.0312766165668136 -0.0404940467350912 0.0100555156014217 0.0162244055436146
-0.0333809385306299 -0.0454149496857982 0.0210119069610186 0.00298469228188415
-0.00681708100361449 -0.0648609423210587 0.0341564235173186 -0.00256722954634422
0.0295105395784377 -0.0601656142030431 0.0494945778766973 0.00634040475958352
0.0718258996448519 -0.0458368704433337 0.0517065975205555 0.0429102835363893
0.0838658683312308 0.0254742043824987 0.0230818679758121 0.0723996055505635
0.0420751868532416 0.0894388361836123 -0.022822926124149 0.0562860436293266
-0.00572882302633915 0.114398676894779 -0.0142698335004673 0.0227949078110109
-0.0275041370327691 0.0957360843859519 -0.0123200981618931 -0.0221372938584394
0.0108074112283948 0.10152619888617 0.0418616221529134 -0.0549759499450485
0.068839434357166 0.0575396153870441 -0.00828470300962004 -0.0878372175016981
0.085517953982363 -0.0171883857137664 -0.0643121573568251 -0.0531531661510319
0.0492100354760101 -0.0562819906787417 -0.0653313707266944 0.00427133060982
0.0113823356848858 -0.0663621439147625 -0.030473509099412 0.0210689013722245
-0.0253286542716124 -0.0561901868140258 -0.00922521563960465 0.00763042914978193
-0.0341420338870083 -0.0435027293795238 -0.00244457369704151 -0.00300453707614562
-0.0360188022932741 -0.0455937095680963 0.00907147295025209 -0.0160848748387351
-0.0102276109476728 -0.0646100801164156 0.0259095822874059 -0.023761638093318
0.0262346373161178 -0.0627557949784786 0.0496167447423776 -0.015753003842886
0.0705844154764479 -0.0503468124307655 0.0594841130428939 0.0241109038099316
0.0842435498596843 0.0226069135973354 0.0361278127613973 0.0592520339243045
0.0399162158505856 0.0878369684321042 -0.0145446524747718 0.0426914480176697
-0.00988765208509258 0.111299111761315 -0.00318260064587055 -0.0105559150860915
-0.034943675592981 0.0802673601499506 0.00956527186606134 -0.0602775610144056
-0.00336212916494195 0.096895427766182 0.0524768448948279 -0.0749424335704118
0.0568029453718368 0.0645122362346574 0.010721245852525 -0.0912647959153491
0.0829507944036341 -0.00743724628415474 -0.0407394012608374 -0.0639828407387924
0.0500969037116273 -0.0503035547251003 -0.0491996552614498 -0.0199984038974172
0.0128550886610075 -0.0614125253818125 -0.0296956055656181 -0.00602707475345851
-0.0217376694193274 -0.052753433921818 -0.0184785220944064 -0.0155997182052825
-0.0316708803109539 -0.0395239769201252 -0.014534631878568 -0.0216335029158874
-0.0334043788698953 -0.0403380589040786 -0.00353363772932694 -0.0338859886278849
-0.0107598044092579 -0.0566109794332149 0.0176095469345972 -0.0424128686164942
0.022291572911119 -0.0561668977233954 0.0476666755976415 -0.0343020296411543
0.0634678817726578 -0.0443707546371805 0.0631815982128693 0.00883676813337767
0.0739484735645484 0.0236804121259976 0.042259487845428 0.0464935430025042
0.0292206240661049 0.0784050077997817 -0.00894387184916906 0.0299664673258087
-0.0161354400319427 0.0939177552068303 0.0063514507601046 -0.0391818543407853
-0.0336286309832803 0.049866847078406 0.0307699819833643 -0.09092297297017
-0.0145062825435379 0.0706847426211149 0.0607167936653499 -0.0893975872117842
0.0351335080007307 0.0538131278054151 0.0266779259146603 -0.0902460236757899
0.061324894338202 -0.000736483832289273 -0.0198724088336964 -0.0691473685212884
0.0387642719819192 -0.0356659121648152 -0.0328535826949992 -0.0385203918377547
0.0103816748917597 -0.0452805991197633 -0.0281847755290107 -0.0293965610638684
-0.0159297489410728 -0.0393120787272235 -0.0263054030283141 -0.0343256165916749
-0.0248618165596021 -0.0291628474927876 -0.0244970451087306 -0.0370160732843117
-0.0261991819786182 -0.029643407631657 -0.0129634060133686 -0.0486047660768387
-0.00920353357470011 -0.0424339487166542 0.0119411590130597 -0.0571946685478072
0.0173468540368159 -0.043785781422944 0.0471170920121105 -0.0475263444319677
0.0515958498248467 -0.0317312894327842 0.0649608926147262 -0.00143215735053631
0.0555472118385977 0.0249384783495008 0.0450134130075987 0.0367446703601879
0.014012130692921 0.0626348132618916 -0.00510740365114144 0.0200570052070227
-0.0227057477918747 0.0650489576689418 0.0162659541242964 -0.0590521980970801
-0.0249946078316261 0.0107168726950382 0.0458220575491148 -0.107666569267896
-0.0184844421080321 0.0292658792992438 0.0618942715518369 -0.0971686294758731
0.0105919668464456 0.0284440662345218 0.0339226166397138 -0.0881680781069043
0.0275549231858782 0.00159298317209027 -0.00832425663211431 -0.0706077922188135
0.01857013957483 -0.0158882659985068 -0.0244978989437985 -0.048954195043555
0.00526947474871368 -0.0206069502884883 -0.0290479103429462 -0.0425340395497098
-0.00766811408623161 -0.0187491176005351 -0.0320850815449592 -0.0447165247058113
-0.0137965483257424 -0.0134808678743533 -0.0306901971258978 -0.0459123073771723
-0.0157054930035693 -0.0154196951151041 -0.0191994487958253 -0.0576439699442685
-0.00689611878560301 -0.0242417327295801 0.00976952937911632 -0.0672996825600232
0.0104174673407549 -0.0283992770522415 0.049661327045518 -0.0560141524785628
0.0342702870944781 -0.0173821369150393 0.0691723280871566 -0.00602435565605766
0.0320973048960441 0.023152917622104 0.0468131340110095 0.0326153670513324
-0.00149742744111844 0.0404677967228838 -0.00171290697886289 0.0159029769768873
-0.0257194995006799 0.028609418777293 0.0246163111139112 -0.067465806660705
0.0175843797449991 0.00791161126542147 -0.0239556696608767 0.0746484488364363
0.00731054901408121 -0.0129253049059406 0.022670983524237 -0.00376111375923316
-0.00879136245069529 -0.00911366990854885 -0.0389251755017605 -0.0471770430322872
-0.00934723766716968 0.00681767654330762 -0.0804134110435632 -0.00640498272160311
0.00112940260646145 0.00744330605101699 -0.0653932738829042 0.0578074670768985
0.00172615476700473 0.000928545373064543 -0.0173012275375787 0.0766259191339203
-0.000169765481905951 0.00116824617866006 0.0168305099421204 0.0632397905334157
0.00023543160246267 -0.0016242441739114 0.0313160102172402 0.0504047017078058
-0.00381815273662105 -0.00357084336539418 0.0360733765931654 0.0446215064291237
-0.00183280511434713 -0.00838342333846136 0.0330739782994348 0.0457270499011505
0.00418141706188585 -0.00515740867665155 0.0226704416150059 0.0522010524600224
0.00646135082346686 -0.0059042976983674 0.00464435735052447 0.0696118141781576
0.0132172846495999 -0.000685374084681556 -0.0327009775855512 0.0788424031566938
0.0189017354197936 0.0130397078149082 -0.0705243160951689 0.0789018134495621
0.0111281008244795 0.0262733219776438 -0.0579701164745893 0.0972139427431183
0.00986304218776937 0.0426603504375533 -0.0316649976857605 0.0676623599881295
0.0166088442676586 0.0191205078046377 0.0237680445364944 -0.00703350179397159
0.0171265308081405 0.00261718045737648 -0.0375290287677142 -0.0544335428341529
0.0155090927663436 -0.00528523608828662 -0.0834227572248685 -0.0139906095390094
0.0128817168369022 -0.012305961918757 -0.0712340235797377 0.0535469475189087
0.00271836222071712 -0.0203233120594818 -0.02150710047811 0.0725755433689877
-0.00993151858828426 -0.0174149011329474 0.0128397813709483 0.0584706367065061
-0.0116309646403473 -0.0183462225701061 0.0274338360852971 0.0448738011529118
-0.0140027160475552 -0.023588058482397 0.0351305970145524 0.0364683455027007
0.00165856280883498 -0.0348602147544961 0.0362014022009272 0.0370528217481115
0.0230825320994133 -0.0262708845920321 0.0314883190500765 0.0464035330363146
0.040039330074625 -0.0126508498703603 0.0169467419188956 0.0682382861260812
0.0404692323915396 0.0224625830437425 -0.0195365273221236 0.0808952921577584
0.02091374349656 0.0535553142684372 -0.0561427503397567 0.0738168499494749
-0.0010763082765052 0.0675361677933327 -0.0468669010191701 0.0803470956918966
-0.00380606104841228 0.0724380465700138 -0.0320971464732113 0.0473662938556111
0.0205009419208845 0.0530280079550377 0.0280849469146088 -0.01673527507468
0.0418602373790583 0.0202276011495741 -0.0304814111307457 -0.065606231794154
0.0430238538352177 -0.0144975383332433 -0.0832611098202623 -0.0264610476454914
0.0268222613362325 -0.031881102159555 -0.0754616351151745 0.041440432465176
0.0058985758161562 -0.0408124590383448 -0.0267209046048493 0.0613710071770272
-0.0176049474061865 -0.0355156051475017 0.00602623643616833 0.0465303557516266
-0.0212731816765199 -0.0324359788950312 0.0192884035587851 0.032748572397141
-0.0231692082646385 -0.038478320472806 0.0297973079429829 0.0216177517988105
-0.000117266472856133 -0.0544788081027093 0.0373265585779016 0.0194586904180571
0.0317410453200111 -0.045614038516722 0.0431105437944566 0.0310216424216119
0.0624925625442889 -0.0268620624863773 0.0351925043941096 0.0600508527715125
0.0656145599485376 0.0309244706346525 -0.000329310670987965 0.0797794201404294
0.02917391765268 0.0798883028777425 -0.0405406291412761 0.0658534496146543
-0.00704805188835609 0.0973709679672436 -0.0325594680449815 0.0539614053414907
-0.0201742423000481 0.089776651331102 -0.0235011969637525 0.0169614552898782
0.0154136870608124 0.0831292951315536 0.0365191983366233 -0.0321785242369496
0.0590232017381224 0.0419816872397717 -0.0175986018169841 -0.0780348714363662
0.0677242184104846 -0.0165766108085511 -0.0749709169720933 -0.0425346346722121
0.0403885687804961 -0.0461232681546849 -0.0737940763074253 0.0224895769632518
0.0101899455359435 -0.0570703649764595 -0.0302721890307884 0.0424306386911275
-0.0209831453090797 -0.0493504101758352 -0.00264536806553981 0.0287078346749604
-0.0284196360541738 -0.0415058451071841 0.00868276040527865 0.0160386624974627
-0.0303967199624627 -0.0456356898466348 0.0204890885895977 0.0032370742449808
-0.00432990575459468 -0.0643535997967765 0.0339124374867711 -0.00196409375366021
0.0324669194940975 -0.0583137510169215 0.0499323784556559 0.00896219720529507
0.0716795938182149 -0.0410050463121083 0.0512224675207399 0.0444728525083414
0.0806064268285873 0.0300015019580178 0.0186161140889195 0.0729070568129481
0.0358459954699698 0.0900935764141371 -0.0277481263660536 0.0544686877029173
-0.0102139378004803 0.110610064702895 -0.0187697667754649 0.0219653611665583
-0.0342600990691809 0.0917256056711659 -0.00700544189910569 -0.0192858860420041
0.00309517512510124 0.0994590159261933 0.0469696701989588 -0.0507487231282705
0.0614972958850777 0.0609876629676306 0.000958701903631519 -0.0862207275516128
0.0820335773273922 -0.0104853456920388 -0.0565828971366495 -0.0578726354461358
0.0506601622060596 -0.0507728910838582 -0.0634712744769255 -0.00185939072429846
0.0141206322669631 -0.0639123705558422 -0.0318209231715616 0.0172939559947725
-0.0213440229480604 -0.0558622389947944 -0.0115265868030153 0.00637363563309158
-0.0311928468035394 -0.0446238551732526 -0.0029922271209276 -0.00310656791938047
-0.0333379228039153 -0.046029602501109 0.00939162783149744 -0.0159388939447684
-0.00772521053909427 -0.0646816695942594 0.0271311029813857 -0.0228102451057994
0.0290729991467469 -0.0607906756142668 0.0511856173459173 -0.0131604645999308
0.0710340843047733 -0.0460434654593382 0.05984280997165 0.0268326928406842
0.0815329023532351 0.0275322624077502 0.031892035936671 0.060838034007373
0.0344115407448774 0.0882531439043879 -0.0186841082636097 0.0415683577918033
-0.0132958889925572 0.107326311648769 -0.00649006492215969 -0.00991004963965209
-0.0407751542317918 0.0762468414110705 0.0161156778388121 -0.0549218491456747
-0.0111149953867982 0.0940790785824712 0.0582063944870217 -0.0686798533356535
0.0494827891053139 0.0666586877835289 0.0192893230412446 -0.0881729842635821
0.0784779932510984 -0.00153962081227692 -0.0336041281060318 -0.0662228925893553
0.0505326042179567 -0.0450639802929895 -0.0464047229128717 -0.0241193581545537
0.0155793143491326 -0.0589522015749063 -0.0293818739520073 -0.00899494742845508
-0.018388682758 -0.0526733555590071 -0.0190578006222771 -0.0163766433625876
-0.028836599249863 -0.0403892679168056 -0.0142179046198756 -0.0217168191850199
-0.0309578883259597 -0.0405639156756205 -0.00158371020548641 -0.0334865982804148
-0.00858323928771364 -0.0563327979327007 0.0192968037466491 -0.0409922120200361
0.0245917295145945 -0.0548047380673229 0.0496981444316745 -0.0308457526537418
0.0639982627192154 -0.0405895631813613 0.0632248844546039 0.0121907672690641
0.0710365582631465 0.0273836175693509 0.0387375582481109 0.0485587617162696
0.0246394021844376 0.0779877254746125 -0.0126869993589727 0.0296032363007531
-0.0186193288183178 0.089892772685261 0.00531011251247458 -0.036654864017501
-0.0377587048014948 0.0463832804971841 0.0372357790584668 -0.0834398320342627
-0.0204220795258941 0.0673864309562322 0.0659877328415953 -0.0813078966505096
0.0289537019932183 0.0550020024681529 0.0340082979119127 -0.0852647445120829
0.0578378916353302 0.00399120741915137 -0.0135801473862802 -0.0688731327732481
0.0393122210433158 -0.0316474860291172 -0.0299654140815372 -0.040347934113341
0.0122771136212557 -0.0429935184997475 -0.0266113942728461 -0.0306544703602001
-0.0134393802063529 -0.0393038895749549 -0.0257236210443804 -0.0346803446163513
-0.0223158653189981 -0.0300775568481595 -0.0230970880703832 -0.0360784308845518
-0.024353333750858 -0.0301328596161825 -0.0110105192651096 -0.0477167103963209
-0.00763932774561518 -0.0424275382498813 0.0137881460433358 -0.0552386392926763
0.0190309853701053 -0.0429738320048076 0.0492819469715796 -0.0435245474941799
0.0515458795616734 -0.028910379467117 0.0652824636439637 0.00289384316472874
0.052819156132317 0.0271009845716333 0.041022158279616 0.0396076087737229
0.010542847469381 0.0618210476659421 -0.00800466059209519 0.0196655535508144
-0.0241646747248641 0.0612855178998712 0.0165271895000974 -0.0550856788436631
-0.0265370753962956 0.00823922869592478 0.0515201582857631 -0.0995596243981145
-0.0214629536251292 0.0273120274344381 0.0661495468395145 -0.0887416961273625
0.00692717964491279 0.0280205577309679 0.0399501926969286 -0.0819365443318761
0.024884478107227 0.00344634058725177 -0.0031620297716163 -0.0691965491206126
0.0182306302664537 -0.0139121076634205 -0.0205700471986488 -0.0494028771745627
0.00568369541932872 -0.0195615299260848 -0.026341334359247 -0.0429208372582227
-0.00623476096752167 -0.019008259786413 -0.0307693092248206 -0.0443913708660994
-0.0125323441968625 -0.0142635211898737 -0.0292319651326952 -0.0444402328450252
-0.0142733419386564 -0.0156390694576753 -0.0165443279087131 -0.05667220997846
-0.00605410735847478 -0.0241884134981142 0.0121726309983796 -0.0648941870010752
0.0113714459547448 -0.0276331386746621 0.0511800643382445 -0.0516620892033268
0.0348933753216758 -0.0158208136090941 0.0682990067095518 -0.00189628405476899
0.0307132131425284 0.0244648074375136 0.0427691849857983 0.0349206825687497
-0.00321467688083632 0.039118407687996 -0.00401588370206668 0.0149131054607774
-0.0257098202062417 0.0259549124516696 0.0260328447263887 -0.0634045245091125
0.0170213002125052 0.0084685315925912 -0.025474772594633 0.0734576265487326
0.00758687061589047 -0.0122651163810495 0.0230410316012242 -0.00324393791047811
-0.00857912753627528 -0.00958089874400844 -0.0376362834310838 -0.0478388373953238
-0.00930211477602998 0.00644105491136975 -0.0796493360745781 -0.00811553184502609
0.00119773257986625 0.00746168372885867 -0.0661097964549535 0.0564514975093872
0.00164986918886175 0.000965199224231825 -0.0186314674202989 0.0763358616324949
-0.000436533859550736 0.00152183821986448 0.0158252419411929 0.063124412355812
-0.000252812468433496 -0.00163000731872314 0.030806164973237 0.0505089317631362
-0.00413488843592171 -0.00383592494094573 0.0356124712934528 0.0449732935384422
-0.00182696342871972 -0.00867165573409981 0.0320148686210089 0.0464251411023151
0.00453817928460445 -0.00562199797496817 0.0211029373947038 0.0531410316609503
0.00665476531700841 -0.00585589106743 0.00303744887588571 0.0686275882492758
0.0132322160993238 -0.000116367061667901 -0.0348372715395327 0.0767165522990707
0.0184908650388726 0.0132329298913392 -0.0719572793507894 0.0766638105346359
0.00969394691311308 0.0266914696153124 -0.0591916663462161 0.0952266470608212
0.00843831846344138 0.0425296212880098 -0.0320658570365758 0.0660067333250504
0.0165766063082615 0.0192486263457281 0.0245781529378225 -0.00648894056421389
0.016883372198798 0.00233425178296012 -0.0356478833721649 -0.0546100788051986
0.0155556132644985 -0.00515169727555726 -0.0828286189616015 -0.0158333218585193
0.0128243458686311 -0.0121588875533827 -0.0713310518515488 0.0518723531127911
0.00246472937053676 -0.0201397217041335 -0.0226031372228372 0.071986077548158
-0.00991459871754125 -0.0174046686620062 0.0118814429796615 0.0586843102084648
-0.0112952201407772 -0.018471575245337 0.0266687426490141 0.0450208477666068
-0.0135734608075391 -0.0237709963253167 0.0343645955998306 0.0367518545401355
0.00183980701924938 -0.034718648933589 0.0355589140678269 0.0378316932931127
0.0235703761340708 -0.0260323996666931 0.0303471979414328 0.0472205083950437
0.0396495385360312 -0.0117763766767031 0.0149530007941266 0.0678505740170083
0.039810223947089 0.0234295812698184 -0.0215697687656884 0.0792587905691963
0.0193232567657681 0.0536893382106762 -0.0571678694489102 0.0718423201319967
-0.00323022718540729 0.0669821361588521 -0.0483575325364974 0.0789431595326581
-0.00541488888935322 0.0711549124700611 -0.0329436254058245 0.0461744669165314
0.0190329012329919 0.0534680259583746 0.02936625802509 -0.0156377206776058
0.0408991607322133 0.0205804826752755 -0.0283716452127233 -0.0657874993885982
0.0423436702514104 -0.0138425287681246 -0.0817365350074533 -0.0281772903570735
0.026531390997046 -0.0312803410112025 -0.0752247515465653 0.0401007105470905
0.00563091985032461 -0.0410219717710467 -0.0275537222355955 0.0603846441673715
-0.016884433125147 -0.0352019050330179 0.00476604775721365 0.0466578574928306
-0.0210304563417647 -0.0324699106629037 0.0184534522709395 0.0329724800017558
-0.0225163995219151 -0.0380042450552008 0.029578081001483 0.0218483210729513
0.000412891424809392 -0.0543757257192828 0.0369796257220839 0.0206107680409939
0.0325048009294923 -0.0453916974313992 0.041899893339358 0.0311934788385142
0.0623850433600072 -0.0255127594568156 0.0333065874024185 0.0603868505020395
0.0647122024969692 0.0322587646629086 -0.00253364401746928 0.0785992195197055
0.0269183152075717 0.0800687138564414 -0.0415768132453147 0.0642860546614979
-0.00943921497673069 0.096138451547239 -0.0340131610032669 0.0529855579825489
-0.0219289040440576 0.0880378027691614 -0.0230704597091121 0.0167467128020584
0.013650454536137 0.0836140472723719 0.037395069920356 -0.0304318174355729
0.0573775641992051 0.0421112530671533 -0.0154574288386424 -0.0774441646579632
0.067387204965488 -0.015440637819817 -0.0727372957730957 -0.0439156076004056
0.040465025696997 -0.0453160473177041 -0.07313094756131 0.0209904644379606
0.0103048727431581 -0.0568550952995751 -0.0311917635773333 0.0417048232021398
-0.0204706387893943 -0.0493701848310843 -0.00328792557606584 0.0286741448289246
-0.0273420676000369 -0.0415485507463007 0.00784837225529384 0.016163504734359
-0.0292519262660069 -0.0454185610450301 0.020297589309284 0.00302517634387088
-0.00403944027054388 -0.0643243306773532 0.0337731464204884 -0.000931375989138643
0.0329266580530383 -0.0577118655683413 0.0496782826136691 0.00944163902275039
0.07195971896601 -0.0395976507690012 0.0494714711048369 0.0453130735948785
0.0795630493115588 0.0311037716860616 0.01681509611866 0.0722972079471546
0.0338337022737662 0.0902230587160498 -0.0288195297136126 0.0532631337308167
-0.0126142727508238 0.109083698461406 -0.0191493592114404 0.02153196314933
-0.0358155027725919 0.0892418389183199 -0.00591054714307259 -0.0187311388235768
0.00101278654594659 0.0990295596717278 0.0482227180945071 -0.0488216837473733
0.0595461838148667 0.0610728962460335 0.00305910539163715 -0.0853450834934565
0.0811284325789561 -0.00921474340975387 -0.0540205574695261 -0.0582790869980784
0.0504911331727953 -0.0501141531607283 -0.0627516369683963 -0.00242227278888337
0.0148214308699491 -0.0634080920678551 -0.0316764744342509 0.016759581379673
-0.0205682430745301 -0.0557574020053413 -0.011970578847655 0.00663911614341821
-0.0299835391563488 -0.0444936019920845 -0.00308236901028333 -0.00291080591612004
-0.0321146535425971 -0.0459920372021193 0.00948866662456544 -0.0156062084019205
-0.00692549085570916 -0.0643433346196529 0.0272530773645448 -0.0219109682899141
0.0300752107788762 -0.0602886258518498 0.0514172650938782 -0.0119031881650396
0.0709386281466039 -0.0444440886803123 0.0586948343991877 0.0282637100664004
0.080692638823819 0.0289349759874212 0.0301223434454331 0.0603041080970537
0.0322255579457199 0.0881414899159408 -0.0196525718284671 0.0407015336521176
-0.0160813130255318 0.105451100117372 -0.00650230981743175 -0.00954093805002069
-0.0419624557427339 0.0740019816895663 0.0174094459539926 -0.0539536825104495
-0.0133909701802948 0.093217892281468 0.0594218460921597 -0.0661759684144027
0.0473237265104889 0.0668719187905188 0.02204663126154 -0.0866723056142555
0.0776276938350967 -0.000112666238241649 -0.0309752865820362 -0.0663086527420193
0.0508407825344647 -0.0442322789121951 -0.0452286182564722 -0.0243233414228553
0.0154284155329955 -0.0586839303529832 -0.0292147309793086 -0.00964798172192775
-0.017737622711246 -0.0525119771327486 -0.0194557110462766 -0.0166785188186834
-0.0279756647170316 -0.0406017116610958 -0.0143961184382011 -0.0209746123596114
-0.0296271669730577 -0.0405591682650576 -0.00144033717818877 -0.0329685613731079
-0.00817391858072568 -0.0563302633636404 0.0199614418158503 -0.040005082783598
0.0254538808709941 -0.0542133661631196 0.0497949066771435 -0.0297784454090177
0.063216216869986 -0.0391789193865686 0.0626127172160507 0.0134286323649651
0.0700374146391888 0.0277937283737753 0.0369206035712044 0.0485970414567191
0.0227134637792528 0.0778845525069151 -0.0133900039332698 0.0287372293583659
-0.0205115864767995 0.0880464526050166 0.00524917833381664 -0.035980656590133
-0.0380342789730021 0.044442970083758 0.0391280505590196 -0.0811997525763742
-0.0215402998689413 0.0663498549722689 0.0669698713789393 -0.0781529236990986
0.0276422475560838 0.0550332338226812 0.035771859147242 -0.0831533246938818
0.0567164932271785 0.0051475259128485 -0.0112523583006721 -0.0685038695679981
0.0387657105778193 -0.0309356206885628 -0.0288542121268514 -0.0406123826265751
0.0125971077420194 -0.0430266275486983 -0.0264996018645849 -0.0315360695485546
-0.0127115176739789 -0.0395123765573583 -0.0256694839553919 -0.0344874407012787
-0.0212943889303816 -0.0298480011563918 -0.0229513672288114 -0.0359121673599714
-0.0233396721837027 -0.0302292420529986 -0.0106614510585353 -0.0471723061526915
-0.00701371630886438 -0.0421073054583102 0.0149124737388761 -0.0543973633718867
0.0195735704170683 -0.0423241949235255 0.0501061591443869 -0.0425607206911782
0.0514395962101615 -0.0282070890267634 0.0649543555502226 0.00422429532324101
0.0520142230256648 0.0277614231807611 0.0395878088120642 0.0398377804501471
0.00908053670087904 0.0615650868502782 -0.00856593954375824 0.0192406977463644
-0.0249367694264423 0.0598012767211915 0.0167161154348022 -0.0540130644169819
-0.026276134383671 0.00763531421014043 0.0530931058418019 -0.0975230417575854
-0.0215956768507163 0.026015926173804 0.0676295310360237 -0.0859572323915457
0.00618699820954698 0.0279484559823602 0.0418541849946295 -0.0801390344303447
0.0241269868915973 0.00386144678103084 -0.00123108154318663 -0.0683883955259105
0.0180060923180079 -0.0135393936043739 -0.019618471473969 -0.0491085868198172
0.00569256416580323 -0.0190859682477228 -0.0260909407618903 -0.0436158733761189
-0.00628790719976618 -0.0190444952978943 -0.0306979115122548 -0.0445222800396341
-0.0117813348849222 -0.0144182445943461 -0.0283761714445483 -0.0444062748123445
-0.0133940466733468 -0.015864103228165 -0.0159813009017856 -0.0563025530792975
-0.00554929241865006 -0.0239290496083694 0.0135728258916345 -0.0641409196278428
0.0119431020114535 -0.0270858155897274 0.0524585956058408 -0.0506631486642096
0.0343521457142484 -0.0147479909835186 0.0680532892956064 -0.0003564803569547
0.029950244578303 0.0248853410841321 0.0414873853609097 0.0353323008305645
-0.00441047909029533 0.0387862593056989 -0.00428774948709337 0.0147756869805441
-0.0258223884178529 0.0247662332171705 0.0264469991055422 -0.061913683034152
0.0167573393570494 0.00908881777565274 -0.0267627502873125 0.0740263278939259
0.00824869814296263 -0.0124015618382582 0.0240856764646182 -0.00345501976364123
-0.008796257215022 -0.00964331554718567 -0.0372688420532217 -0.0495237425637427
-0.00917852727956779 0.00657202652315922 -0.0819451715242582 -0.010192299853063
0.000756133630335213 0.00751809650536312 -0.0682138359370957 0.0568265439825031
0.00120077103638013 0.0015742605757193 -0.0196875768550587 0.0779934035123171
-0.000620384685664152 0.00149612916585249 0.0155585852042226 0.0649312650408539
-0.000298429582019184 -0.00215720616444896 0.0315171631012542 0.0515122039381613
-0.00414461147061109 -0.00418790443879422 0.0364709746358322 0.0463731759841127
-0.00185217262301279 -0.00862438368632961 0.0324993103783844 0.0485632072755156
0.0048535518701603 -0.00575012222830451 0.0206883015940262 0.0543466019080176
0.00702820423892936 -0.00592588729357787 0.00174510477901528 0.0696949349021902
0.0135421202779041 0.000366635757901175 -0.0377023095495484 0.0766149606996063
0.0182215360092188 0.0140049823832478 -0.0745400193844827 0.0770990060917339
0.00919175292863091 0.0274579957652486 -0.0620529912529015 0.0959372787709185
0.00742891045297321 0.0431738519378049 -0.0332310568002654 0.0666003625886004
0.0162324823730583 0.0199104939881751 0.0254203229211557 -0.00624645173271243
0.0171573263350535 0.00264413326786516 -0.0357464843688302 -0.0561262905999519
0.0154580991716547 -0.00493029505181859 -0.0842030583750193 -0.0176667708081982
0.0130542681548895 -0.0123766715651682 -0.0730873489772988 0.0521610400055828
0.00222184535473674 -0.0205970988889799 -0.0236271874539631 0.0732395248018305
-0.00979084252068524 -0.0177704424324123 0.011105569908544 0.0599980504890199
-0.0113799473440991 -0.0191221537631175 0.0271586702672716 0.0460143505404763
-0.0138692595417326 -0.0241663519622061 0.0355675281478039 0.037861230932857
0.0019112142684309 -0.035626198721243 0.0358886114504584 0.0393091056596684
0.024505640678753 -0.0268398895928671 0.0301861520546947 0.0484236773198578
0.0410891300269028 -0.0117534228189614 0.0140265261851737 0.0695069249995843
0.040306250674962 0.0244429089981446 -0.0242015224295812 0.0796286291758891
0.0188707241437584 0.0552160566266924 -0.0601009593642175 0.0722978443867204
-0.0048952296777079 0.0683724843528082 -0.0504813898452822 0.0802421597118552
-0.00677203007303797 0.0717992617852859 -0.0331234601170441 0.0467118178568071
0.0189158064052179 0.0551382970238385 0.0304213169327285 -0.014980190627045
0.0411216614924266 0.0209419768715858 -0.0276705145463408 -0.0671625416601122
0.0430902689200951 -0.0138760614084651 -0.0825842897349251 -0.0302052709117428
0.0269720851603501 -0.0314188068570816 -0.0772643419746901 0.0403537325828751
0.00569930738551453 -0.0418183896919336 -0.0289686940130191 0.0614535170759898
-0.0170057133981486 -0.036479496728758 0.00410571865249708 0.0474786307588974
-0.0208900158988481 -0.0332491651577279 0.0189878233028049 0.0342942413268059
-0.0227622621460221 -0.0390040751399263 0.0303548703687882 0.0225810629427895
0.000415929299380744 -0.055885824213238 0.0378405974328107 0.0215397598760435
0.0339442029686596 -0.046065586219795 0.042079567413972 0.0330662910663442
0.0638222978791465 -0.0260808359500181 0.0329108364585695 0.0619129591080873
0.0656127088545309 0.0340218784371983 -0.0039077997962249 0.079360202845563
0.0262300044411772 0.0820624839344014 -0.044026985503682 0.0653274372365706
-0.0117007039059325 0.0977767057475198 -0.0351745973608796 0.053876864838166
-0.0238746147219276 0.088323940991858 -0.0234037646041493 0.0168914343855765
0.0129554611267844 0.085393180786008 0.039737966021745 -0.0301648928429797
0.0573232491332624 0.043883592840247 -0.0138534048998497 -0.0784602328575807
0.0683125398601872 -0.015224441275392 -0.073182495675164 -0.0465099796222056
0.0415041952766215 -0.0458186762936215 -0.074362460923525 0.0213475071113816
0.0105235565283678 -0.0580796302990666 -0.0322484659471406 0.0418577214416554
-0.0204152203361745 -0.0509090555529361 -0.00411359159770748 0.0289296151932168
-0.0272123101251964 -0.0426158108074579 0.00830594458510457 0.0170960299154748
-0.0294584435550635 -0.04647137258057 0.0207564579372007 0.0036090385672012
-0.00394228552469735 -0.0659033361825343 0.0347055098993457 -0.00042293644640448
0.0346200782878195 -0.0589824182667324 0.0504088535291081 0.010586347538212
0.0737738891737048 -0.0399011497507654 0.0493624113849481 0.0468393013611124
0.0805273135772976 0.0330452873913966 0.0152443364555207 0.0729558454281885
0.0330036824854086 0.0929635656262224 -0.030356723984892 0.0543494828701514
-0.014975727033432 0.110482333849532 -0.0206706703998832 0.0222206778041027
-0.0382738191059818 0.089640781604694 -0.00505616028137669 -0.0193587372775028
-0.000326913089678194 0.101298553365722 0.0504910189136408 -0.0478879604921617
0.0593434647512898 0.0629225992827352 0.00540362365958823 -0.0859939098355272
0.0824220458910872 -0.00849598029913539 -0.0541650168865385 -0.060288782823202
0.0514840597838612 -0.0505586635602854 -0.0636023082326713 -0.00263583649214098
0.0150066552676921 -0.0651540403247831 -0.0329635631631701 0.0167167993337086
-0.0206439552761899 -0.0574171015379448 -0.012478725879074 0.00629630982036934
-0.0300641739646093 -0.0456655816053084 -0.00369580598999999 -0.00229412650841958
-0.0320834798603601 -0.0471330926713457 0.00972154536306582 -0.0159169336151037
-0.00647360676215689 -0.0659024345469792 0.0281534381266077 -0.0214301570258304
0.0315002104587798 -0.061774420914539 0.0528054699156491 -0.0114248901852826
0.0722078482948559 -0.0449089678581646 0.0594763480288896 0.0293204079442835
0.0818994576014994 0.0299918388349508 0.0295034527744944 0.0616538240977397
0.0316547712249309 0.0908136073500444 -0.0207556678280407 0.0414591508654848
-0.0182463070465107 0.106792553400799 -0.00745945827626279 -0.0091986629371523
-0.0438993893841498 0.0740582287702569 0.018795104433626 -0.054017044614122
-0.0147815148443313 0.0950237837635714 0.0620023307749362 -0.0651568487144263
0.04689420820722 0.0686689744947461 0.0245657729485474 -0.0875825344895673
0.07891042407856 0.00115206705192903 -0.030114198903303 -0.0680926618613942
0.0518674089095526 -0.0444265746246911 -0.0455567395892211 -0.0246288840694707
0.016152514555346 -0.0598350190943821 -0.030076930112762 -0.0104963192136889
-0.0177728237856611 -0.0541226946023499 -0.020373687614589 -0.0169095689335383
-0.027702295094955 -0.041699955039475 -0.0148239051716436 -0.021358053500449
-0.0296790616142692 -0.0412443454743855 -0.0015867036515538 -0.0336993061093282
-0.00787301935720712 -0.0572891797317208 0.0206535189520229 -0.0405486095882827
0.0266704817525263 -0.0549958961556959 0.0513125320910479 -0.0300601222473472
0.0651336471915676 -0.0397951670339686 0.0633440288780036 0.0149636133850171
0.071135519712846 0.029264235401769 0.0370428567772666 0.0493279590198291
0.0219429876564715 0.0798158140503423 -0.0143843609503278 0.0290172680203305
-0.0225285946891339 0.0893441172012203 0.00487932077289365 -0.0361396624739641
-0.0392764168028148 0.0443623071547364 0.0412230168731083 -0.0820045735757448
-0.0226912445677139 0.0674255455022526 0.0695837949411139 -0.0779169737401826
0.0270241574924802 0.0560242377955859 0.0389021763709242 -0.084060326543631
0.0573107579421132 0.00587725169775701 -0.00959714178255782 -0.0697662954424723
0.039686650151772 -0.0308988861519848 -0.0283476082154888 -0.0412983330702854
0.0129179181514363 -0.0436214463399254 -0.0268503996133593 -0.0327914887137176
-0.0131402322451325 -0.0406019622054348 -0.0269714742129822 -0.0355861239774635
-0.0215761809272965 -0.0306862863921332 -0.0238514521372315 -0.0365979379879492
-0.0229823105933848 -0.0307841665336791 -0.0104650931861801 -0.0476313407500943
-0.00673686209986596 -0.0427365485638189 0.0157622090922205 -0.0555870503609568
0.0207747461354398 -0.0431352958225714 0.0514439292097214 -0.0428733827204848
0.0521999293636201 -0.0280459497885366 0.0657004648249454 0.005295328263668
0.0527513518378536 0.0289043002861508 0.0397200710502525 0.0409007431206317
0.00820310636867604 0.0628920712582113 -0.00885919838296484 0.0193900678475089
-0.0266431334489031 0.0605037081859741 0.0166633114091976 -0.0545112592166336
-0.0268071214500145 0.00680010348562213 0.0563230984705829 -0.0981552928594007
-0.0224653289362557 0.026255524352656 0.0704417943827248 -0.085539709682077
0.00562099473596839 0.0286389995144031 0.0446561155623792 -0.0809710725143666
0.0243933763765307 0.00476182606088281 0.000204874954377668 -0.0691866976830819
0.0181416869338787 -0.0135961392827226 -0.0192465298095868 -0.0504257999653918
0.0062695482812471 -0.0194026865194581 -0.0263941083424598 -0.0452817051204524
-0.00609115358157285 -0.019642442898378 -0.0315133474099524 -0.0454635220229102
-0.0114756990919657 -0.0146010389562673 -0.0292091659360458 -0.045473836511656
-0.0132025671852439 -0.0160204624166984 -0.0162451894387715 -0.0572919673229871
-0.00518718890938971 -0.0241204827508052 0.014231733809986 -0.065243330487091
0.0126064510224851 -0.0275067537709751 0.0539442926721169 -0.0509876161965973
0.0345949802136554 -0.0144417273224333 0.0694617194228049 0.00104268484801078
0.0299365331648886 0.0256797478681235 0.0417739159750697 0.0367164067735659
-0.00539699288595264 0.0391649866688757 -0.00532804398867901 0.0149034162605027
-0.02627902728484 0.0243946447096401 0.026564255334579 -0.0625211801457328
0.0164798298136061 0.00960482498901316 -0.026941494392258 0.0764934275067859
0.00821864115014399 -0.0129121325725922 0.0256287447354363 -0.0037945111521195
-0.00900202415647866 -0.00998720444465879 -0.0392670722049762 -0.0515560584552853
-0.0095254880506739 0.00679907153859407 -0.0855692888742094 -0.00970050602468459
0.00114581439565615 0.00790503986238449 -0.0697236437352817 0.0601551112401789
0.00130319465123491 0.00151349148476123 -0.0191542815853005 0.0815682553735615
-0.000401089835182357 0.00155756810167564 0.017231584164299 0.067146127249274
-0.000232883737761831 -0.0020202444547149 0.0341236357431205 0.0529136688134718
-0.00449642883462206 -0.00427773360684935 0.039146460431991 0.0470718929958871
-0.00193629028732641 -0.00935905608324663 0.0342766154924961 0.0501281349126096
0.00547465235417884 -0.00649994829575815 0.0215717577611703 0.0565414213593987
0.00772295082123329 -0.00605307093353193 0.00183975783897282 0.0717587505399887
0.0143135796825152 0.000676707371863725 -0.0395870482689898 0.0794726815238476
0.0190814697652124 0.0146997093643182 -0.0772406898797341 0.0803722141186177
0.00913976836420384 0.0287022667624876 -0.0630550419862936 0.100886949940651
0.00768512888366898 0.0444756057774604 -0.0335384720792626 0.0690382249114982
0.0174351936563278 0.0206590618229938 0.0268789520885341 -0.00664217536550747
0.0174052143162496 0.00236754914610918 -0.0373880918765003 -0.058423699172184
0.016328454394617 -0.00616482603767873 -0.0880809184065821 -0.0177156928230761
0.0132742262526105 -0.0129062655327646 -0.0755315380412332 0.055138838380264
0.00210532976118997 -0.0212123839154712 -0.0233686440965232 0.0768620145030312
-0.0106242477757916 -0.0185834330178203 0.0124814359735189 0.0619964347325917
-0.012115091470468 -0.0197926437054884 0.0293637003656551 0.0469812329448112
-0.0147972424023145 -0.024737869590624 0.0373533477159334 0.0387071823434806
0.000998398779512134 -0.0374649207888512 0.038455822914791 0.0407325052537316
0.0256596860777698 -0.0284450271272922 0.0316995510286319 0.0506193498277854
0.042505131529045 -0.0127357772727236 0.0149121633173592 0.0715008834672437
0.0425526476056012 0.0253837532763761 -0.025047206110484 0.0825910365365479
0.0199037786837027 0.0574310788583484 -0.0618471795390589 0.0760056324491662
-0.00499970220984294 0.0710280277391975 -0.0518794843183153 0.0838662119187431
-0.00700927472196632 0.0740846374545091 -0.0337213845442237 0.0488631555686137
0.0205683745657847 0.0571209528731883 0.032124884500819 -0.0156199981183411
0.0423748354108328 0.021029610606932 -0.0289459004100226 -0.069340737028639
0.0446534330005559 -0.0150133381332647 -0.0863374032273424 -0.0309297394622241
0.0270967384543669 -0.0333601235955832 -0.0790549331760802 0.0427104739666792
0.00493445905310493 -0.0433584528085419 -0.0290557856002018 0.0645623610569476
-0.0182139631842438 -0.0372617858267349 0.00468854822455312 0.0496238507227416
-0.0223687141237705 -0.0341190225958386 0.0207954189402944 0.035052630577299
-0.0240792507053272 -0.0402047001478194 0.0314070883953606 0.0231297890362454
-0.000809958340678745 -0.0583287757966734 0.0396264540909219 0.022648248627142
0.0347337818485797 -0.0491071950275928 0.0440037566145 0.0338380628941034
0.0656764811616931 -0.0279168506065215 0.0343484811760393 0.0641007069966665
0.0685420042046988 0.0343841354695796 -0.0041106253507656 0.0816819872101489
0.0282937433762413 0.0854125062713064 -0.0450187538435377 0.0680319507375766
-0.01192145010276 0.10127904887511 -0.0364811184706456 0.0565426764303897
-0.0247405413987217 0.0911536885140303 -0.0238403521886322 0.0181546107426881
0.0142249304054311 0.0889177494186444 0.0414989019410346 -0.0312043998046174
0.0595287407926284 0.0445376138412152 -0.0140509902876431 -0.0813173928724324
0.0706917021129434 -0.0163122150375211 -0.0761300589329789 -0.0475771193442999
0.0418928412168111 -0.0483203243758171 -0.0767610118986639 0.0235714781260679
0.00952326912777998 -0.0605550491759882 -0.0330082472370844 0.0437902340442165
-0.0223957747155502 -0.0524890783177011 -0.00404391905480217 0.0301892888248335
-0.0293807516376568 -0.0438715262228424 0.00863439988323384 0.0178429445855947
-0.0309781049995105 -0.0474672250947906 0.021789564760817 0.00319979141539644
-0.00529968650897033 -0.0687785123322115 0.0363908359887803 -0.00022478299880843
0.0352457151865538 -0.0625558116503452 0.0522986297637667 0.010564461832502
0.0756348164110318 -0.0424734871609507 0.0515289147245419 0.0485565168147625
0.0843489207471952 0.0331604098387338 0.0165827226900801 0.0749856631160676
0.0352406944659384 0.096736640763845 -0.0311874576009625 0.0563726094023364
-0.0154326344844882 0.114975000521154 -0.0216521274209526 0.023543364609995
-0.0391509969222278 0.0926755560839943 -0.00473527700929151 -0.0193374566969559
0.000581404592181489 0.105412862707361 0.0524662845234729 -0.0495706873344534
0.0618906450447243 0.0643770997673483 0.00509830354572437 -0.0892235098978363
0.0853632734994825 -0.00981781884885587 -0.0559836245931621 -0.0624133423992627
0.0523879094896268 -0.0533219181711587 -0.0653219797082493 -0.00138775677526052
0.0139117507516868 -0.0681008970378026 -0.034113579627872 0.0174264107821921
-0.0229483345595978 -0.0594399045743913 -0.0138463131237217 0.0066913533874399
-0.0316771592523934 -0.0467634013836558 -0.00400601767189392 -0.00137331718098816
-0.0335608007129613 -0.0483213137076915 0.00952683077328955 -0.0165599151356017
-0.00859122328111627 -0.0678995736711328 0.0288367240424383 -0.0224358796758407
0.0320291214493962 -0.0647892738470047 0.0547179415847579 -0.0130453269216903
0.0739213633311557 -0.0479829724248757 0.0618170477286564 0.0303644276192308
0.0856275245953858 0.0298915327184289 0.0307549047336954 0.0637268428960937
0.0339806480383058 0.094202228056294 -0.0214010890441873 0.0432493934335359
-0.0183741774270316 0.110966754852376 -0.00819858346951698 -0.00929135933121626
-0.0449468363771903 0.0765626536076432 0.0199356488953606 -0.0557651192792114
-0.0144329265036918 0.0986460753626451 0.0641410970461767 -0.0674002746847118
0.0492312481898749 0.0707766153635033 0.0253342605261542 -0.0902725749439936
0.081472076835095 1.19594503570665E-05 -0.0314575300311887 -0.0701927069268861
0.0525595769214029 -0.0468918675401302 -0.0470319093901083 -0.0246649489459924
0.0155317747248806 -0.0627564229107345 -0.0316031685760416 -0.0109307508210885
-0.0198888599908049 -0.0561550526362289 -0.0220278257797004 -0.0171363347269349
-0.0294960123411592 -0.0425754761716931 -0.0160434726983374 -0.0210143631680971
-0.031069003278088 -0.0420093784464629 -0.00253751828093347 -0.0348470213118413
-0.00931310028766695 -0.0595484135915187 0.0212424704329855 -0.0423503369332688
0.0269514662115843 -0.0578578295061722 0.0531385092688094 -0.0318082865312671
0.0660887719439594 -0.0422919854580695 0.0661500551829168 0.0151901094273861
0.0740092993669739 0.0292844568006537 0.0383276734841809 0.0509098475950099
0.0237652717485663 0.0829441964697045 -0.0145222280229802 0.0301683161372939
-0.0229927322049826 0.0925322738947417 0.00368378359901991 -0.0372217055273308
-0.0407960333433487 0.0461218147484686 0.0429876812062183 -0.0847696381483788
-0.023398707291698 0.0704891722502731 0.0721013262803793 -0.0803575981059061
0.0285661320456969 0.0579851671337799 0.0402266147819216 -0.0869509251432654
0.0592564855732943 0.00556930748495017 -0.0101712557911004 -0.0717598945025682
0.0402853784056311 -0.0328822337073101 -0.0297787567697216 -0.0420969069766606
0.0124366355888927 -0.0456550709420458 -0.0287250771864937 -0.0340327767376878
-0.0145598123825276 -0.0418649818686456 -0.0288901403940524 -0.0363290219515256
-0.0225323256022258 -0.0313492031124245 -0.0254640242460919 -0.0367508066408382
-0.0237528749913461 -0.0314134011373053 -0.0118232866834556 -0.0493353119044815
-0.00761636349925906 -0.043988567279848 0.0156556738835883 -0.0574875851794987
0.0206706870133962 -0.0448915158790256 0.0529647216934002 -0.0453511545968018
0.0537305437538072 -0.0300094789790602 0.0686384349411528 0.00576911468242416
0.0552352416471219 0.0294333491765997 0.041674582098199 0.0423156170221144
0.00942695208925946 0.0650565938138776 -0.0098415632645796 0.0203145752282152
-0.0269329196920013 0.0622122129786278 0.0155627644965343 -0.0563605058092572
-0.0277998207186392 0.00727320041705684 0.0578366018310062 -0.102168534435558
-0.022952775747568 0.0273383610983902 0.0721457144572507 -0.0887778516281371
0.00645359354008808 0.0292670747346096 0.0458309497299342 -0.0839232242667583
0.0252546283693895 0.00476520856744357 0.000514243760232846 -0.0714134579900261
0.018280705785672 -0.0148390844115183 -0.0198948965089876 -0.0521253445539156
0.00578274813204623 -0.0202968601384481 -0.0286289396858928 -0.0472249763891364
-0.00683517487482894 -0.0202096025186525 -0.0341027977129551 -0.0469602528574664
-0.0119119717505025 -0.0150904402116588 -0.0310326121630138 -0.0461782869017051
-0.0132785404992947 -0.0162445500486426 -0.0179706101002487 -0.0589002756547111
-0.00578061529813873 -0.0248041021307411 0.0137021649255552 -0.067610138948954
0.0121277793200023 -0.0282221472037947 0.0550363816686663 -0.0537760067464598
0.0351400527841897 -0.01567134599407 0.072337521591357 0.00078378325232734
0.0314681357506889 0.0261022401879405 0.0438239927057944 0.0377943935091284
-0.00491325970059117 0.040565276640629 -0.00583653591887424 0.0154889446152587
-0.0271478874959762 0.0251066371599068 0.0256197451251128 -0.0647400418403272
0.0167503930198747 0.00941687787199111 -0.024210800437045 0.0794643084978263
0.00769688659895331 -0.013553134471069 0.0263252605888835 -0.00492117408132879
-0.00972913099213681 -0.00974713563283551 -0.0432615202519423 -0.0513152806562082
-0.00894087547364007 0.00726330831573008 -0.0889150217719724 -0.00643683608284675
0.00137369391648245 0.00818005759701736 -0.0687504291299339 0.0650000480306929
0.00159785481002936 0.00203202970873231 -0.0154906403573762 0.0852469275894788
-0.000552611322339466 0.00196432426345467 0.0210246433384943 0.0684909371094171
-0.00089008650804064 -0.00228831742407593 0.037904265295211 0.0525152382612716
-0.00518099875717541 -0.00433387086762413 0.0430721464018104 0.0470351539695068
-0.0029465731675616 -0.00956907527098662 0.0384822096958039 0.0505666877246677
0.00509506629520304 -0.0074159384373112 0.0244536836168962 0.0580647386342313
0.00787896123461388 -0.00649528697742146 0.00440674119824912 0.0738871467696981
0.0147300015093486 0.000175453336619547 -0.0386793156989437 0.0833895253688074
0.0203200697112199 0.0139904452869495 -0.0771651851628599 0.0864346680546792
0.0101770796152536 0.0292912337732002 -0.0609401634286613 0.106434527655058
0.00881217287864721 0.0452512477972508 -0.031640662188459 0.0725891748958832
0.0189986229178972 0.0206977281545379 0.0280766749652165 -0.00804522633938636
0.0179545711136886 0.00159952834437089 -0.0409426900669855 -0.0585274673859705
0.0166398602628224 -0.00725614248860595 -0.0917585716513808 -0.01410405505228
0.01270687833498 -0.0143502429919405 -0.0749445312093467 0.060350831690248
0.000787349624318986 -0.0220667030487284 -0.0200854550753809 0.0807186656159262
-0.0118439824350354 -0.0187154931153593 0.0158897664303217 0.0633515486802372
-0.0137874023205918 -0.0197225789178036 0.0326815165908037 0.0472352578771066
-0.0166280184567317 -0.0253254444820941 0.0406511666590766 0.038033668176323
-0.00108923082098868 -0.0388182156992182 0.0418247803321406 0.0405794825200343
0.0253923509377251 -0.0310704805233137 0.0348321860764357 0.0512078715023345
0.0436801488510033 -0.0152631341031295 0.0174657966960881 0.0733211297659843
0.0447553050747541 0.0248821614343687 -0.023225325160489 0.0852864497316416
0.0230375072528594 0.0587066751046376 -0.0611731778886896 0.0810805795539194
-0.00255832281442612 0.0734422249333674 -0.0500515293320534 0.088767461050153
-0.00490084959519186 0.0761125003827109 -0.0321745975738046 0.0516359675447789
0.0237818333219388 0.0581760283461335 0.0335979885924077 -0.0175663811264464
0.0441739064677169 0.0194844964051213 -0.0323739551444423 -0.0709085544668106
0.0454275422694514 -0.0179435338866007 -0.0906766510867964 -0.0284208957136904
0.0266584399099505 -0.0355405728974571 -0.079497338566514 0.0482265803893566
0.00250219165989965 -0.0451458141076704 -0.0269196756227437 0.0681901149555167
-0.0209559410338956 -0.037870560401026 0.00734354075410289 0.0510308451897893
-0.0247221352321839 -0.0341486318923207 0.0229689984366079 0.0351984049218551
-0.0270596056351899 -0.0401387110271835 0.0339063906186172 0.0221474454210061
-0.00426761733809384 -0.0602951364994806 0.0426104362659815 0.0216375555807152
0.0341245724357972 -0.0524079312761799 0.0469700738595875 0.0333324919530001
0.0669389282902132 -0.0323229601670677 0.0382337237370099 0.0651008718828469
0.0723823462157981 0.0328045356355732 -0.00177540927625507 0.0844464629584679
0.0328500215132094 0.0876334516063293 -0.0443052295197643 0.0721398573270958
-0.00828046941668909 0.105192607990607 -0.0359599126154176 0.0602713959912713
-0.0221749730026787 0.0946872573853313 -0.023051290329848 0.0198142093058856
0.0187291426233563 0.0909343073414721 0.0422050989006078 -0.0332104325265894
0.0628220891906376 0.0433399685286693 -0.0172770542664864 -0.0829198270747495
0.071992414124187 -0.0207330544805593 -0.0801782035880857 -0.0455993073472249
0.0408113808674845 -0.0520355206637481 -0.0772962694868097 0.0282417173306921
0.00597669979085601 -0.0635405857547394 -0.032057778303989 0.0471338542930794
-0.0262006255542504 -0.0533381684293046 -0.00303198301225598 0.0313217521555253
-0.0323873958170663 -0.0438625830789301 0.00999045862104547 0.0183467180515295
-0.0345937081355084 -0.0476401501367484 0.0224737516450036 0.00266272826638505
-0.00927908349516804 -0.0709013028002273 0.0377084302598363 -0.00180599815504273
0.0339698878039617 -0.0662705054559308 0.0547477723926174 0.00852296634128109
0.0759204639049341 -0.048082489517683 0.0554492825258162 0.048107406430841
0.0886203080886167 0.0303391316770156 0.0195267401597651 0.0765644979664356
0.0403578905453189 0.0986422338662477 -0.0297023198168266 0.0596697580478201
-0.01165436910258 0.119290448287128 -0.0218487086367708 0.0257367274840123
-0.0373046282067982 0.0967396694289806 -0.00489697590485761 -0.0195163454487164
0.00508090618111335 0.108752215014619 0.0528105039153637 -0.0525698250880287
0.0661286601732999 0.0636782500982681 0.00286561040898694 -0.0918065050572433
0.0873237605509264 -0.0142913280576486 -0.0598104749118044 -0.0618092133825964
0.0514664144455487 -0.0575941644279282 -0.0667021084833619 0.00194967206432226
0.0107382743212414 -0.0710353638147915 -0.0344204709341137 0.0192498168071633
-0.0271737938484353 -0.0603006006408712 -0.0144791621420381 0.00769815499311102
-0.0350935949174725 -0.0468697381197827 -0.00391845332703149 -0.00114219145095404
-0.036858166967563 -0.047917483561571 0.00898186292783064 -0.0176535538185639
-0.0123974466339692 -0.0701935146290526 0.0291735548347615 -0.0247421864835435
0.0299767181512784 -0.0688990496280359 0.0555973420193367 -0.0155983953591327
0.0737900973234223 -0.0533848076227907 0.0652374070860031 0.0291677639845134
0.0896343600852115 0.0270041899080012 0.034367264093943 0.0634706886848354
0.0393093890338354 0.0965014148159575 -0.020423067290661 0.0452599139511088
-0.0145563587925099 0.115459931546628 -0.00970506001605461 -0.00873811549796932
-0.0439791088521219 0.0801863274132425 0.0188265489169338 -0.0584423066903399
-0.0108294214560458 0.102836736430384 0.0641006182889981 -0.0712400203848651
0.0533942220912819 0.070565189863614 0.0231807034714392 -0.0940856181977551
0.0836118764268943 -0.00336362080034674 -0.0347381046847544 -0.0709930806553391
0.0520504199604393 -0.0512908843906563 -0.0486120563411717 -0.022727182179665
0.0120445017337442 -0.0654587064575563 -0.0336733367774063 -0.00990649062842837
-0.0240622425183185 -0.0564850528018629 -0.0242127352343917 -0.0165747957786967
-0.0322753500177299 -0.0426051016237831 -0.0173005062011551 -0.0207134618799783
-0.0338806493507081 -0.0418517185998858 -0.00435430252145251 -0.0354118643908557
-0.0128825303253786 -0.0607019260494159 0.0199526154681205 -0.0443081591903152
0.0250289116227376 -0.0611103092974978 0.0536713896203517 -0.0355709060426809
0.0655403951416853 -0.0471065185224326 0.0694389207975948 0.0134866680546554
0.0777045615110589 0.0270003931908194 0.0415802455693244 0.0504148068182638
0.0280959506482213 0.0847914918397394 -0.0142547495859469 0.0315407052343792
-0.0198239892467929 0.0957521547819189 0.000829183965393022 -0.0381575526661647
-0.0404351608948354 0.0492492289872919 0.0413041402750373 -0.0893378647945663
-0.0208412299979343 0.0738281172499841 0.0713027776666167 -0.0854502734334445
0.0314326748545778 0.0584613872256034 0.0386193113415052 -0.0910553475762743
0.0607309048846433 0.00304097083230433 -0.0130690339033299 -0.0734607096924525
0.039880919019674 -0.0360014353744826 -0.0318625680179711 -0.0421040474055742
0.0101795955480781 -0.0475815608028755 -0.0314983433046448 -0.0336761253700617
-0.0173937163612047 -0.0425638514545328 -0.0326333497990056 -0.0359289751113285
-0.024560439397457 -0.0315504070330416 -0.0284343467398702 -0.0358421832743875
-0.0262446285752885 -0.0309834866710262 -0.0146837168140258 -0.0500214762158932
-0.0100327119657263 -0.0449160027861363 0.0136399275319858 -0.0600349738682392
0.0192272575495162 -0.0475126911486222 0.0527788680466757 -0.049439869033295
0.053390437220485 -0.0338289097232087 0.0713063744940595 0.00289674130143375
0.0579205692240522 0.0278678578492145 0.0449231922750803 0.0413556634154865
0.0122618561201557 0.066837109979407 -0.00939259932211872 0.0210897242244611
-0.025151758149204 0.0650962957076028 0.0123295493824212 -0.0581329013246992
-0.0282920293996716 0.00868806180680872 0.0559622274525915 -0.107640411961527
-0.0224902426080526 0.0287815726351674 0.0712320976829531 -0.0934468406677783
0.00758939222961766 0.0297694416087151 0.0445118513691525 -0.0878641046569429
0.0261460762505623 0.0037943932504408 -0.00192197038780305 -0.0734885367890342
0.0177012043864398 -0.0157250990916371 -0.0224172497211643 -0.0525678553981083
0.00495626098313631 -0.0210564330538242 -0.0321316278194189 -0.0476486674253771
-0.00829946423347922 -0.0199606144600355 -0.0384757140253339 -0.0461321340187626
-0.0128253026193147 -0.0151772180554967 -0.0350067284746983 -0.0451383834092236
-0.0143988885281756 -0.0158736534849859 -0.0209738870018669 -0.0591548628499928
-0.00664085628221603 -0.0252508257525666 0.0109315830034011 -0.0702298110813371
0.0111079707964081 -0.0296308230215803 0.0547849395498965 -0.0579411039546904
0.0358151088939324 -0.0179059498198816 0.0749713375709639 -0.00234108945229997
0.0337951515732089 0.0252705385124852 0.0463687063088796 0.0372456417181541
-0.00353075943002443 0.0417420658929236 -0.00592680365974172 0.0165474810179426
-0.0269987087461743 0.0264273259478577 0.0227157688012511 -0.0671471590682918
0.0117886688896767 0.0162438578412766 -0.0575092162669956 0.0613254475813786
0.0129022127487281 -0.00891919644474955 0.0260914350997122 0.0076064357802884
-0.00465663087368999 -0.0121915154515535 -0.0165790945029901 -0.0652286463909574
-0.0103601157184484 0.00329997241887799 -0.0784788149245364 -0.0446859383353814
-0.0010782918186619 0.00813933179297362 -0.090732937925152 0.0288930116624232
0.00148856593299855 0.00270207474642193 -0.0513345874748148 0.0708240576541898
-0.00089235427798125 0.00164629674135929 -0.0109111150033792 0.0712159233018357
0.00055212414639759 -0.00262170002607198 0.0121691461011546 0.062998591941626
-0.00285772138406811 -0.00648687590094674 0.0193753057289711 0.0607302047879921
0.00153738110519567 -0.0100985404411823 0.013072323344853 0.0621049953193165
0.00857231305215304 -0.00454385420117459 -0.00360600043949302 0.0632696270647432
0.0100971882074737 -0.00145973145067816 -0.028951309791661 0.0681450631972913
0.0129406140403711 0.00799922457530699 -0.0732604923100335 0.0579055750563338
0.0108089518084304 0.0226287086352163 -0.110836775248041 0.0439513628358831
-0.00348711355841653 0.0312672665121287 -0.106181543469904 0.0669759592020875
-0.0117211719395771 0.0451608913555129 -0.0599680980031053 0.0514692312405647
0.00818555776927555 0.0273498107715442 0.0293101197354463 0.00477190006913669
0.0153535251720376 0.0101713463501238 -0.0109910482061664 -0.0714220614840026
0.0187200323556645 0.00124576584171274 -0.0778898317848051 -0.0539775987384271
0.0189732119487188 -0.00657442430300183 -0.0947822314746681 0.0217846749923264
0.0108861797520545 -0.0194192943786667 -0.0547226126723713 0.0640886793274617
-0.00303320742728323 -0.0216550250071968 -0.0137067209592854 0.0642371814185787
-0.00360575884214787 -0.0242492048772817 0.00956164443359523 0.0562407486313374
-0.00446517170848505 -0.0302180384035925 0.0215994260174411 0.0517031092613666
0.0155696524160172 -0.0361318170618606 0.0208862554150331 0.0544200856121578
0.0369196678075993 -0.0174970223709116 0.0100145085481404 0.0623332352750872
0.0463483923898867 0.00588634218049252 -0.0150911804938987 0.0743739275703301
0.0294210375818276 0.0434932733332404 -0.0605250775202291 0.0677147118544802
-0.00611864358903066 0.064530881704801 -0.0950696488267784 0.0456436446057759
-0.0343496363185366 0.0654181324756829 -0.0886547533935906 0.0559317448178555
-0.0382073534334969 0.0665419329570566 -0.0503023959192797 0.0332130824218004
-0.0048798872537194 0.0634201367445228 0.0388677185620055 -0.00231938808560362
0.0309553325952109 0.0384648871518575 0.00184717534715102 -0.0796805139328911
0.0487489794293946 0.00411619576350123 -0.0701542162169512 -0.0669302755949865
0.0406145538394957 -0.0199897321345925 -0.0944046331371928 0.00816751285520251
0.0222625158593614 -0.0398917191102839 -0.0557769572120877 0.0496942752857165
-0.0030624090796099 -0.0434027568611701 -0.016026274528466 0.0490590563936772
-0.00755652796943133 -0.0422858742609496 0.00577246473278745 0.0414052422626577
-0.00749777624825951 -0.0480269934472267 0.0219688935124934 0.0343960210566546
0.0219821123910311 -0.0573258147596638 0.030145076898449 0.0379415163063874
0.0543524036480554 -0.0338326627886285 0.0294170857671928 0.0513551799797515
0.0749910931132956 0.000407923269474254 0.00698655081060005 0.0762840674843222
0.050888776176595 0.063231544292059 -0.0404038163162688 0.077202597812507
-0.00947830727476425 0.0947460812200802 -0.0761206637489106 0.0452534714369876
-0.0541433623219454 0.0911800586288632 -0.062629791554198 0.0368175800283378
-0.0626474914274313 0.0758260487193637 -0.0271749171830331 0.00880261624508209
-0.0234043194692253 0.0918622198600353 0.055128272154408 -0.0134739285681695
0.0375182802333524 0.0677637275461558 0.0217449790124767 -0.0847917231556593
0.0737519656144242 0.0131533591903583 -0.0533651156244771 -0.0787698426738275
0.0603511143005397 -0.0284442897638942 -0.0840975591052218 -0.0100242617277516
0.0329136059863897 -0.054940729923264 -0.0517744644679266 0.0289075287216336
-0.0014121940189346 -0.0596754373452567 -0.0177504318282713 0.0270705485078617
-0.0102894429033415 -0.0543888551740759 0.00105697421334429 0.0209848166951119
-0.0109565156630024 -0.0577643054988511 0.0198241151480198 0.0114605392755558
0.0214001639352208 -0.0691522735939407 0.0357582664498124 0.0146764352634799
0.0599894675635195 -0.0470268981802279 0.047786397594608 0.031802913625533
0.0896423347494819 -0.0109514777637301 0.0308882074026473 0.0692235615083273
0.0669606159028184 0.0684252877742053 -0.0170354313200553 0.0797737196499349
-0.00691049570713095 0.108574442279102 -0.0578411725628366 0.0403067452609953
-0.062558567422056 0.102926184061784 -0.0341045642175317 0.0117592008396098
-0.0775602347797374 0.0710796704227836 0.00738111938882477 -0.0188057503834393
-0.0444701443797432 0.10240062619182 0.0738182168683826 -0.0259305592979624
0.0308314241996617 0.0883748896969641 0.0444089707136116 -0.0840056483080118
0.0846798562575488 0.0262565418508552 -0.0274842931016252 -0.0850813416310483
0.0723442002101193 -0.0290588239058487 -0.0633510742748769 -0.0294257670242712
0.0399837182125321 -0.0602136634631963 -0.0415387090597941 0.0022211805306465
0.000684683562421964 -0.0671803441534654 -0.0174907538621085 0.000704120486725102
-0.0114447010499208 -0.0586761423035901 -0.00351021958164014 -0.00247886792712043
-0.0130493159819919 -0.0593635737557247 0.0161806924317291 -0.011699303301762
0.0175942673035065 -0.0697588381968588 0.0381611558688852 -0.010189228954992
0.0572720113454011 -0.0510340169191933 0.0593396466396218 0.00999861313172111
0.0901571664050966 -0.0167177788202511 0.0485467664144133 0.0562759836579632
0.0695102110851835 0.0652972675085615 0.00238490526655898 0.0749319858986474
-0.00670865881986444 0.10517024679091 -0.0424056857094926 0.0313910825382943
-0.0634976329755951 0.0980163999157787 -0.00718944960164211 -0.0135769180952262
-0.0768886924565041 0.0532144954104833 0.0460597141314723 -0.043244736454554
-0.056631660876764 0.0898780867159969 0.0916403266294586 -0.038050620899935
0.0157907591404597 0.0890552199909327 0.0642100385839783 -0.0763700477138941
0.0761824387313944 0.0341749513038136 0.000224215881031251 -0.0818880119109196
0.0693732587212113 -0.0226271889736052 -0.0354683925238004 -0.0440006843614146
0.0392972696114552 -0.0544790005416925 -0.0276364070461595 -0.0241919974964261
0.00202018260377645 -0.0620687842323476 -0.0164411480821061 -0.0256083988337291
-0.0110234321813056 -0.0536676559548894 -0.00796149873853706 -0.0253931054322506
-0.0129604072169288 -0.0526632737605967 0.0115713859357171 -0.0338515992091648
0.0136195914656901 -0.0611992494910136 0.0374203280306644 -0.0316215003445468
0.0492050474268191 -0.0459820916633125 0.0655633473144182 -0.00896497883901109
0.0795611021490324 -0.0148248467838154 0.0589147821205635 0.0439190355307505
0.0587447672678843 0.059383183254651 0.0149110080106228 0.0661043573026447
-0.0118310558377951 0.0900612680374497 -0.0301722923714058 0.0216410341942979
-0.0599658614357179 0.0779618445357813 0.0173168870212626 -0.0347487485762778
-0.0599797918646108 0.0269267531048431 0.0796186447894176 -0.0616783935447383
-0.053162494015966 0.0585382658833511 0.104919651736188 -0.0463381839871532
0.00138728066517023 0.0682351180114946 0.0770229306798079 -0.0660263367483371
0.0523621260691708 0.0301574366824838 0.0218304408120458 -0.0736823637906018
0.0512594207981972 -0.0143324451733653 -0.0111098156640751 -0.0533610245400632
0.0290846169166605 -0.0391621303686789 -0.0151284584511711 -0.0454620851474698
0.00152983094047063 -0.0460079947810069 -0.0153127568649822 -0.0467229499731932
-0.00861678296369183 -0.0396915657984303 -0.0109685836336732 -0.0443313422100586
-0.0106779591861985 -0.0389455575367494 0.00764449960020806 -0.0509907604331029
0.00970668776856305 -0.0457102246779277 0.0376942550375028 -0.0484150776655136
0.0380272617017528 -0.0355375799473024 0.0704558063714984 -0.0221829943453144
0.0626924841687389 -0.0078891433386552 0.0656467028808058 0.0351631694066249
0.0406907650226667 0.0511193043612469 0.0218258820545294 0.0590549840456501
-0.0179276819435408 0.0658284703536237 -0.0207496381659823 0.0145516461626867
-0.0510712853023759 0.0475423929664213 0.0372815939961718 -0.0476218834698299
-0.031292845245678 -0.0046723041282949 0.100305860902074 -0.0727199427905116
-0.0349868378163018 0.0166244465453523 0.107083978421809 -0.0528708453859814
-0.00765867690096173 0.0311896824676354 0.0808510848596513 -0.0603828562761617
0.0202464506317781 0.0155166484739796 0.0316786987988959 -0.0679117974256147
0.0224395231194456 -0.00597449390569406 0.00241545062905115 -0.0585122352782405
0.013301384241342 -0.0168163610933856 -0.00900265430303667 -0.0579302266970007
0.000487811121402446 -0.0218811175766301 -0.0158181822742845 -0.0587924826439645
-0.00499455510350942 -0.0196217276913005 -0.0130030056301881 -0.0550128083761338
-0.0060167002485728 -0.0207421746044043 0.00553038204916113 -0.062242411769923
0.00413678464211169 -0.0260250666527051 0.039801724586009 -0.0587204076193062
0.0231288049860348 -0.0227690110297254 0.0755618816111123 -0.0287850402434591
0.0404569110830019 -0.000983974123254418 0.069769954543879 0.0318334019602116
0.0193864006939529 0.0381039498266507 0.0254208388004712 0.0554742042600631
-0.0212796777228052 0.0364498253518413 -0.0143791758053667 0.0115138653897314
-0.036089710715111 0.0116226050712864 0.0512425416898478 -0.050274111392899
0.0117272530507102 0.0156595457235698 -0.052970854165537 0.0630907260806547
0.0121494290913871 -0.00915553009236278 0.0262172330606076 0.00629138428212275
-0.00515205438507931 -0.0112702725291776 -0.0197584177078792 -0.0627901767575991
-0.00937334216000952 0.0035484103632608 -0.0799227645730495 -0.0394886660621191
-0.000166983108215216 0.00834353067266995 -0.0872436752151842 0.0334659045156972
0.0016520315512934 0.00259872950682937 -0.0458550722017994 0.0727167952226041
-0.000657011119098147 0.00172176568288776 -0.00641023887721501 0.070420494794532
0.000482610118803469 -0.00288895184247289 0.0157267471526507 0.0610412602069349
-0.00300076389012628 -0.0060599453173469 0.0233266444239939 0.058542616990476
0.00129958232190828 -0.0103026755227022 0.0168064668727154 0.0609929991941101
0.00841704642008055 -0.00482867582738598 -0.000463530136824526 0.0627425090271198
0.010420822897559 -0.00181830201526017 -0.0252303907504837 0.067745154200087
0.0133826208503918 0.00763233847795285 -0.069681878545866 0.0600870527236114
0.0119125777583693 0.0214289249532618 -0.106773191713257 0.0482581009868594
-0.00236848160173812 0.0311934417097857 -0.100602624501896 0.0717236734318515
-0.0097100075084352 0.0449880739063296 -0.0556685919591105 0.0541931915750282
0.00940624257270294 0.0265417484506625 0.0293815722050755 0.00368937552907187
0.0153095726166489 0.00932971522263591 -0.0145998356056226 -0.0695294450458574
0.018560374237762 -0.000106879656223418 -0.0795489620532035 -0.0485840985811831
0.0185982665085445 -0.00772212028037346 -0.0918079840651605 0.0266440411569001
0.00965468663273472 -0.0195615678322366 -0.0498809451649854 0.0666029609555438
-0.00398456438476229 -0.0210625552234031 -0.00942379640986623 0.0635415865501856
-0.00499517329166147 -0.0235533300334922 0.0127343733792079 0.0543049035412746
-0.00622414607160605 -0.0292259612268978 0.0241490718425704 0.0495419387209209
0.0131102611808478 -0.0367580000785153 0.024251046115025 0.0529803025957697
0.0355859190123751 -0.0199250154918578 0.012877674423138 0.0609843813648965
0.0459692191566326 0.00300411546807301 -0.0114044709727325 0.0736211244932216
0.0311002336111119 0.0414285007257719 -0.0565711442911135 0.0689835135163678
-0.00258957573075325 0.0640358428212716 -0.0917339905978589 0.0495740270700041
-0.0309971667122494 0.0658068258459088 -0.0840675122498813 0.0599540572102117
-0.0347421514125349 0.0670729744800576 -0.0465875450309146 0.0353011744378043
-0.000925684965161609 0.062633699035043 0.0386814371682313 -0.0036421782103836
0.0322960418214533 0.0361777959756235 -0.00208443732710503 -0.0776768359811102
0.0478680147892875 0.000781254104099108 -0.0725154507158988 -0.0619737404960862
0.0389965651323438 -0.0224701231872158 -0.0915022674910604 0.0132730588690831
0.0190597389985043 -0.0403606355218879 -0.0516112769194696 0.0523453616267358
-0.00542609489228053 -0.0422101008133393 -0.0131182968000507 0.0489831807566958
-0.010049614612228 -0.0410220365449748 0.00805453700354839 0.0403041488402184
-0.0102329670584356 -0.0464575285754782 0.0234728934251784 0.0324567159249052
0.0176984456303852 -0.0576857994382589 0.031958719168371 0.0356952881942385
0.0518103391646733 -0.0371346449078479 0.0320289079059804 0.0492792603014725
0.073509012748957 -0.00409419570588128 0.0110440354767638 0.0742281365457555
0.0533657904833535 0.0596977339129406 -0.0361773531742973 0.0768664102841627
-0.00425787245075672 0.0944743511762184 -0.0725752254422131 0.0483744228913672
-0.0485935043855864 0.0922238254356565 -0.0599448798645161 0.0396613455269672
-0.0578475486850051 0.0771222672438654 -0.0251106044560391 0.0103939818320564
-0.0180493078554333 0.0919777589038002 0.0537690099175967 -0.0150061386523696
0.0399079458182054 0.0645871796186888 0.0172062051700207 -0.084038639504075
0.0728710509180662 0.00841509484050133 -0.0560617683649587 -0.0747058100934464
0.0576151501603753 -0.0315971701396677 -0.0823539836668794 -0.0046349415349006
0.028836479914792 -0.0560955591169405 -0.0490769526232264 0.0308285539710662
-0.00540234030835637 -0.0583016392189559 -0.016037065063603 0.0272840311917609
-0.0137177717984622 -0.0527139291156959 0.00222415327654958 0.0203369694551336
-0.0142373304157733 -0.0560621845117276 0.01981465008606 0.0103112541848194
0.0164240278322794 -0.0695539401568319 0.0365295859314462 0.0125615801039168
0.0565666772364007 -0.0499942211192703 0.0487663459245863 0.0287493106900997
0.0871933943882729 -0.0159462875825881 0.0340541232320774 0.0667756229026747
0.0696075067475279 0.0636078791474142 -0.0129018472414989 0.0785389282824364
-0.00106507290846592 0.107491466698108 -0.0548624001849574 0.0423449054615964
-0.0560574226161418 0.103930757476233 -0.0335497853541049 0.013509773418698
-0.0731605343764184 0.0731371535900933 0.00690715072436006 -0.0182560615974435
-0.0380142207950461 0.103218099558695 0.0715340482059613 -0.0284839174546982
0.0345672965744373 0.0852369033221127 0.0400447925494695 -0.0839557155138102
0.084173205328863 0.0203722369434293 -0.0304030531085558 -0.0818867984248374
0.0690040199694856 -0.0328385713505986 -0.0621442714065685 -0.0249240634736729
0.0351656609410024 -0.0617456842885604 -0.040550279514455 0.00460262362630311
-0.00420228392246972 -0.0653573759675033 -0.0176070905944944 0.00155487118474656
-0.0150654273193921 -0.056517454944169 -0.00341330080027841 -0.00203894692131884
-0.0167312527745006 -0.0568098958770046 0.0151580049188572 -0.0128127203279438
0.0132625301085395 -0.0697325100037114 0.0370111305730828 -0.0115826612760656
0.0533514532461271 -0.0534446130043416 0.0591474214689461 0.0067105263623113
0.0869663572336366 -0.022362066692712 0.0510625235966701 0.0527838865445358
0.0717981688242662 0.0603309156381073 0.00614437053051691 0.0727097733719001
-0.000975004925837375 0.104323696046727 -0.0405027768943578 0.0330954764098546
-0.0575350896462737 0.0993072191327576 -0.00828787042357223 -0.0125787285804107
-0.0732051006611746 0.0558918966353412 0.0438308162403696 -0.044742054346654
-0.0503511680508157 0.0917476309926023 0.0887763533414786 -0.0411509833583363
0.0200833179603027 0.0862105755656028 0.0600690476229413 -0.0775012124116976
0.0763514630662696 0.02860010260239 -0.00291296489037565 -0.0801086410914773
0.0665094808020434 -0.0268291486675266 -0.0362889531418676 -0.0402850639785672
0.0344139753153076 -0.0557487439981056 -0.0284665622478508 -0.0222418582049687
-0.00270098140821775 -0.0610464523718605 -0.0178518045179841 -0.024111572290124
-0.0142868764543633 -0.0514647160645563 -0.00898588336822551 -0.0239757352729426
-0.0159253309824537 -0.0503698120442057 0.00927832543782415 -0.0336828408536826
0.00975544822000876 -0.060797759009001 0.0351014488905255 -0.0331010685776885
0.045819609506057 -0.0482481991999921 0.0641312511541687 -0.0127557194424503
0.0774171672453884 -0.0192856752445148 0.0607430439772862 0.0399141817410752
0.0614926785661819 0.0548247853826587 0.0184684319583568 0.0638906165598535
-0.00652555726810709 0.0888290211736899 -0.0284954387279875 0.0228864510497296
-0.0544999380265713 0.079539385669995 0.0138013111629322 -0.0344870940186773
-0.0577681491233607 0.0291765589937835 0.0757420480058561 -0.0645553174685806
-0.0490482097370183 0.0608704782362477 0.100534519385837 -0.0498871250583299
0.00480464256711777 0.0661339400339863 0.0730776317006076 -0.0683008739404183
0.053028438898173 0.026534933580441 0.0175907839859931 -0.0728433240129812
0.0492143555299754 -0.0171512779489245 -0.0125078430595369 -0.0512493622233495
0.025939530953389 -0.0398634567939847 -0.0171283033869507 -0.0441509187871127
-0.00141094783815412 -0.0453511677343699 -0.0186324392791621 -0.0450511811572413
-0.0112105479773971 -0.0384537921298357 -0.0137359708470106 -0.041984495516741
-0.0124966618486654 -0.0375735242126264 0.00469275614832352 -0.0504626930135725
0.00677605144835135 -0.0451874685704496 0.0341633673045364 -0.0495461577800748
0.0350723175714591 -0.0369509431657605 0.0683658435755632 -0.0250584613252651
0.0605749889845446 -0.0116296486239757 0.0664621780479265 0.0314955457441051
0.0426175535778566 0.0474129105405509 0.0247398455278221 0.0566142334388054
-0.01467005220501 0.0657182126754792 -0.0198645440102786 0.0154083241413565
-0.047717481523214 0.0488610869436892 0.032598621596701 -0.0481536814682172
-0.0307089702689587 -0.00284510595384801 0.0947054962394539 -0.0760388130338776
-0.0335609031864477 0.0185640047276431 0.102804677891814 -0.0563882443445057
-0.00577792623460687 0.0304539374664045 0.0767216901268814 -0.0626875424819582
0.0208271558712663 0.0139326087442779 0.0280904187495974 -0.067794618840832
0.0213978904372999 -0.00710121807749005 -0.000135351035424748 -0.0569080398321556
0.0113945683025069 -0.0169990929317192 -0.0119109270432413 -0.0566674138582132
-0.00106831649967942 -0.0212831438867187 -0.0193444534861775 -0.0566779428916914
-0.00576501060915091 -0.0187420649015954 -0.0161561110136457 -0.0525917106891023
-0.00699102436768689 -0.0196336166673829 0.00235929298213005 -0.0607249789623734
0.00301683418355948 -0.0253513268492798 0.0357243495018677 -0.0601743397534472
0.0211377702931299 -0.0234957800102039 0.0732067823707087 -0.0325444023963201
0.0395682149937683 -0.00356529844266418 0.0701110364496873 0.0277246091876693
0.0213730764782795 0.0361372446203933 0.027732916421018 0.0529706343085922
-0.0192362032478758 0.0363723728164393 -0.0142793703141594 0.0120313689198077
-0.0347473160287931 0.0129193960502119 0.0461727879812222 -0.0516605437563273
0.0115976750399222 0.0150923350088719 -0.0492032605550646 0.0634060837571898
0.0117485777457994 -0.00941641907237739 0.0266125956364865 0.00578941102730723
-0.00524606453890791 -0.0107850910244355 -0.0208535024989992 -0.059881379010318
-0.0092167086446636 0.00349712708663546 -0.0791031741781874 -0.0354424311295895
0.000162109448240266 0.00787296548319936 -0.0835952611401598 0.0357908945888419
0.00186711754566809 0.00272065836496712 -0.0412410983459831 0.0721246313304145
4.18303674536292E-05 0.00179128667460691 -0.00334786469675973 0.0682502860655871
0.000117160499244008 -0.00266939511968654 0.0180036988637949 0.0583274254009426
-0.00322281214389822 -0.00521695462050767 0.0252181534257455 0.0555628910502026
0.000649849611169241 -0.0100154295074748 0.0190336607273742 0.0587989909895272
0.00830493331291995 -0.00557636267554207 0.0013786464547123 0.061908979898879
0.0104895463436023 -0.00194652683377733 -0.0226048298708856 0.0663759709680374
0.0134125190743146 0.00717297868985473 -0.0667484479205056 0.0601817820150012
0.0118733907525319 0.0201748279806748 -0.1019514522154 0.0508229919262024
-0.0012672972669371 0.0298505500909844 -0.0954404527302087 0.0727955947833641
-0.0084895422635877 0.043867630856191 -0.0517522035108952 0.0547653978803177
0.00983449769607933 0.0257838720812397 0.0297724613489644 0.00322712439686241
0.0152745776356449 0.00844507056803296 -0.0163814212313141 -0.0660831390779519
0.0179446132457025 -0.000987845050321145 -0.0788513786519403 -0.0446447130917774
0.017580640462442 -0.0084018337556125 -0.0877461551838155 0.0295926495499484
0.00867955611481027 -0.0195825563505079 -0.0451407565564314 0.0666278210022102
-0.00503620936087567 -0.0199327186292266 -0.00695749064984208 0.0621550357136759
-0.00604925487578358 -0.0227749992874955 0.014910783733233 0.0521338819213514
-0.0076402948391531 -0.0280180954868665 0.0258489915150015 0.0470315338288994
0.0109298520773042 -0.036141727200997 0.0256225165375189 0.0512095472731358
0.0345612437565166 -0.0211488401426135 0.0144622643254694 0.0591660761360092
0.0449955227526299 0.00146660122769357 -0.00879143886783135 0.0714399604723316
0.0320429170260695 0.0398829162052103 -0.0532497115492761 0.0681846693778046
-0.000236187647863486 0.0624696266704743 -0.0866902004637181 0.0511704376708228
-0.0278016779148943 0.0649097164595136 -0.0796228466832966 0.0607654108466294
-0.0318095620000533 0.0664121119282362 -0.0437915753897084 0.035946869713874
0.0016883866377082 0.0615221056718736 0.0382131805272731 -0.00411226210360111
0.0323722427313229 0.0338783180801181 -0.0042695136821016 -0.0747337250974065
0.0463838752796011 -0.00149768050280741 -0.0725783973105311 -0.0573429857326688
0.0365406738540182 -0.0234473305731916 -0.0875698333862041 0.0166808081322864
0.0167802446208675 -0.0399982611407637 -0.047890062335747 0.0533339842724966
-0.00757240408059462 -0.0407335099242313 -0.0110763769257054 0.0477279947410531
-0.0111984534182242 -0.0391489232236591 0.00960336755232824 0.0388610536628687
-0.0122405327472281 -0.044611736077403 0.0245379932775082 0.0302117671116827
0.0142639643792489 -0.0569797194790937 0.0330236382713973 0.0340143456616441
0.0489769518616127 -0.0385470453918895 0.0325831333681411 0.0466794770953488
0.0712989476599584 -0.00699653364660528 0.0131280381687723 0.0721335786752184
0.0547639435709747 0.056144525303581 -0.0332335035003639 0.0752578729671679
-0.000984408871246536 0.0921101444580726 -0.068910533303476 0.0495067473772591
-0.0441167727125337 0.0909859001826453 -0.0573464218964359 0.04084308023761
-0.0543152542145579 0.076434297605448 -0.0236075660710126 0.0111869484556176
-0.0143846027821006 0.0900156666976613 0.0520556786405209 -0.0155816670300709
0.0404051546286656 0.0612783016455792 0.0142399770797975 -0.0815274583437794
0.0706090038266871 0.00505745402301299 -0.0568405367417325 -0.0705332125853999
0.0544021642914098 -0.0333236961663997 -0.0790524078767076 -0.00106577852418681
0.0249456719873475 -0.0552138086967599 -0.0457706153183025 0.0322709901532919
-0.0080176862446667 -0.0561234554615518 -0.0147732435286377 0.0274141839710879
-0.0155130827312113 -0.0503716998303726 0.00350329987804709 0.0200559391139668
-0.0164332312012842 -0.0534090316137329 0.019600866657505 0.00933351646107831
0.0125684861889264 -0.0680790346606753 0.0364169535650829 0.0109347325279814
0.0528971462032301 -0.0515803012850041 0.0486334660223098 0.0263929980706205
0.0834839156550803 -0.0192090352504504 0.0354252633543344 0.0636042873147706
0.0699213413375323 0.0591848325421693 -0.0100928111021085 0.07633757642899
0.00288723982716944 0.104701624550633 -0.051893925347202 0.0431941415797942
-0.0515721275923946 0.102827083544633 -0.0326271370570192 0.0152461156287765
-0.0690445688736843 0.0731025084929345 0.00637557645119847 -0.0178716857773805
-0.0329904372614786 0.1016638856758 0.0688291789688619 -0.0288259795898929
0.0360971657903986 0.0811475442068466 0.0364509790601365 -0.0824024317798774
0.0822261984541354 0.0163260666881687 -0.032171128612607 -0.0780304008880193
0.0652604352167025 -0.0347352173494021 -0.0602755860947361 -0.0212806316083023
0.0312631573231059 -0.0613834971588198 -0.0388908144439814 0.00589187826838053
-0.00709523804517041 -0.0633047715635102 -0.0177391262802194 0.00183561871315064
-0.0170576347495929 -0.0541579072360482 -0.00353900346152414 -0.00184939800584443
-0.0185397012446579 -0.0544893242831525 0.0140163427036334 -0.0126630422630738
0.00943617123599515 -0.0683331346068885 0.035905055613729 -0.0124566638136143
0.0500372847007755 -0.0543509979725635 0.0574542664454778 0.00409315446705789
0.082921167175037 -0.0250616320780413 0.0518529050253652 0.0501089812913219
0.0722571059918446 0.0557395131832576 0.00839063973933643 0.069976212812774
0.00306157698440812 0.101389227831821 -0.0382239716906724 0.0336145644447792
-0.0523914151104584 0.0979581622165318 -0.00931885384442752 -0.0114593645900984
-0.069734841509782 0.0564145456380425 0.0411137419444248 -0.0445480905171933
-0.0457399046465499 0.0912186677159365 0.0850787068412024 -0.0417416730749401
0.022078064906452 0.0832017144078509 0.0562200559675742 -0.0768254490992998
0.0748738957756625 0.0249450924942774 -0.00509518847172463 -0.0773725780404131
0.0631648816500398 -0.0287448997543663 -0.0351051877212847 -0.0375990145099206
0.0305844318238644 -0.0555302354581311 -0.0278741428128342 -0.0209352083923094
-0.00546482871242057 -0.0587229145844894 -0.0191394080213536 -0.0229126653427808
-0.0159311217049043 -0.0490492118299554 -0.0100075362356905 -0.022605869786002
-0.0174757338549991 -0.048020239256549 0.0075394817538773 -0.0329256206484723
0.00653678401325679 -0.0595901710606599 0.0330416938969563 -0.0329466568733301
0.0427857772404528 -0.0490690685787566 0.0621372233401833 -0.0143578287645196
0.0738040384837593 -0.0223427691566693 0.0608821613211531 0.036617839661901
0.0616722543438144 0.0505778656842734 0.0197409191070604 0.0607486895808274
-0.00281946329824393 0.0867603040578827 -0.0271007844823681 0.0233987730254508
-0.0502182447620722 0.0788235188780941 0.01138209405586 -0.0337368240872885
-0.0552537496857748 0.0299470214998799 0.0716469995942557 -0.0648741515430779
-0.0451016959187921 0.0606290062740213 0.0961649021787084 -0.0508488285227849
0.00668392445522647 0.0643827120166213 0.0688865333514796 -0.0682005799793636
0.052416911709217 0.0233861254740659 0.0157624467327965 -0.0712782874370699
0.0468522632636866 -0.0188994466068305 -0.012794644858696 -0.0488227171181655
0.0232353644753842 -0.0396310999055637 -0.0183812398761699 -0.0425452012428619
-0.00380296894606647 -0.0431486716927436 -0.0204189945558571 -0.0429620025515733
-0.0127856570547425 -0.0368215182333902 -0.0151410775208282 -0.0397636437035629
-0.0136873965250923 -0.0354361728744011 0.00251196701278205 -0.0487851256313826
0.0046560174801027 -0.0441913969522614 0.0315536802017977 -0.0490115579471667
0.0323931451193091 -0.0374903327481422 0.0655355866728732 -0.0273578854469801
0.0579020339401635 -0.0141679088978418 0.0660870966265877 0.0283672611441508
0.0433862955119809 0.0443535964641269 0.0261240275184067 0.0537520816617667
-0.0116654256340389 0.0647663167592409 -0.0191473691115149 0.0155446581579839
-0.0447410932281682 0.0489310753625018 0.0291303719357268 -0.0475647196945147
-0.0298046880886096 -0.00162304436688973 0.0898762138223088 -0.0769427054424698
-0.0317225585769197 0.0191784386004646 0.0978311777511621 -0.0572221121815686
-0.00462831559199534 0.0295117889261022 0.0730079817061248 -0.0629143952495343
0.020383792312247 0.0128720845598387 0.0255628395195197 -0.0664007536585183
0.0202374200975399 -0.00800378139490265 -0.00120507034858955 -0.0550581451226371
0.010820912274877 -0.0170737882029948 -0.0138063039881047 -0.0550841152357086
-0.00178587028706506 -0.0200429006023668 -0.0219329972673396 -0.0537290749638179
-0.00636843097477565 -0.0179415919530391 -0.0180930755712076 -0.0495671816180261
-0.00753251844138858 -0.0186919948164227 -0.000534176669285608 -0.0583683535106983
0.0020986804375044 -0.0245416072742768 0.032094728664033 -0.059110791678405
0.0193649864957698 -0.023597683239544 0.0695891529423806 -0.0343706689583639
0.0377397636724922 -0.00511871904158644 0.0699609549212106 0.024578167520006
0.0216824446942406 0.0339608149749103 0.0288162342534139 0.0498445424980368
-0.0173041529995792 0.0358064389573867 -0.0135774705042792 0.012430882014737
-0.0332236895439081 0.0134492275715358 0.0423680204337319 -0.0515250787742031
0.0117954689941185 0.0153973551575299 -0.0465518241083833 0.0626053453069213
0.0112107141557768 -0.00925051787823409 0.0267545566345688 0.00539446581021009
-0.00524295341807687 -0.0102996919781221 -0.0216403526622486 -0.0579032976105039
-0.00873080189852481 0.00345611989748545 -0.0779196028891724 -0.0329411051255991
0.000701180365741813 0.00772546931569533 -0.0806231306454973 0.0365264071754229
0.00230361068616214 0.00270912959435239 -0.0379361941916951 0.0712777033601983
0.000165855334247443 0.00165325909715549 -0.00122858638323635 0.0665306917896559
0.000464587094282883 -0.00269233101564802 0.0190656443365919 0.0556086838637467
-0.00318946388451604 -0.00508350637076754 0.0265974538870327 0.0537387413428304
0.000514781000052402 -0.0098303655209065 0.0205683015591195 0.0575523129114975
0.00836334440185334 -0.00595434469327677 0.00268746058685016 0.0606354194729059
0.0102136162516683 -0.00198263722588664 -0.0214265152726535 0.0644375715203983
0.0131647707645194 0.0072640574966675 -0.0647174947730366 0.0594914280340707
0.0122714952489084 0.0194782867997511 -0.0978900243626514 0.0512575503495458
-0.00107139733476797 0.0288989911247241 -0.0907504491365572 0.0730838789202871
-0.00743994806391471 0.0432547512764225 -0.0493608858235053 0.0543381640414333
0.0107583839441443 0.0247946259446428 0.0296951488954506 0.00302632303887762
0.0150602978604681 0.00782112808686091 -0.0172973518559448 -0.0636328993996745
0.0174326470851557 -0.00197688344868704 -0.0772916011150084 -0.0414212683057035
0.0169469314540463 -0.00878890607403943 -0.0846452747596228 0.0305725627581899
0.00783848181162627 -0.019137034118926 -0.0416413236113664 0.065912873706041
-0.00494446764124058 -0.0194634408534501 -0.00499357890067814 0.0607682620857631
-0.00647393006667413 -0.0216686266356819 0.0160153624828175 0.0497392157442887
-0.00811598252417792 -0.0269322292184255 0.0272097630382549 0.0450777100798799
0.00947338846224524 -0.0357976734389268 0.0272865315045812 0.0495786763390565
0.0333405460700262 -0.0219540090943497 0.015625251048449 0.0575463150116136
0.0442027882793754 0.000115011506526728 -0.00776621065513707 0.0697084192272239
0.0323841606928344 0.0379224078922693 -0.0513297247957407 0.067330449829017
0.00106019889095238 0.0609049102459044 -0.0835116232946935 0.0515623592041692
-0.0260089388078364 0.0635087838045568 -0.0765748779661768 0.0614848865615254
-0.0302615762533096 0.0649179746984678 -0.0416594915732625 0.0359862332959499
0.00302018310147311 0.0598748306661762 0.0380261202318739 -0.00439050277815635
0.0320035223968961 0.0320608948498229 -0.00561155724448196 -0.0721137096656782
0.0446224864047639 -0.00283801891508191 -0.0716332771254738 -0.054693432346736
0.0350484608586124 -0.0235029556415982 -0.0845196271795068 0.0184251870584884
0.0149295913463466 -0.0394496876736504 -0.0443629591624 0.0527433760661119
-0.00866625123582433 -0.0390074106673244 -0.00984237705093684 0.0469507157153544
-0.0121880974083761 -0.0378079528884245 0.0106739916407398 0.0371956483727329
-0.0129113409847836 -0.0427684544422983 0.024428228977859 0.0290377126716427
0.0120933182007647 -0.0560144546613436 0.0333608740958349 0.0328297703553985
0.0470379455794506 -0.0393496826520798 0.0331198527193101 0.0450216211892516
0.069312997780665 -0.00876947267837708 0.0142642355682808 0.0698468513065329
0.0548334494579943 0.0535676211781296 -0.031489418892689 0.073679419462515
0.00122849575219775 0.0895529072586542 -0.0661505477816521 0.0497662253162776
-0.0416121353792482 0.0892798979495397 -0.0551484606408599 0.0415019084238563
-0.0518931653639666 0.0755641631819597 -0.0223729900920102 0.0116876096432683
-0.0118642134067767 0.0883367350097325 0.0517300663154445 -0.0156562820364301
0.0402328475733865 0.0585742496874729 0.0127770240124487 -0.0792221419523142
0.0682718521130737 0.00303336652350835 -0.0562363223161274 -0.0674567728911734
0.0520281838093802 -0.0337359699666027 -0.0760747626685611 0.0010493103665092
0.0228315020898375 -0.0546965009989987 -0.0428777068424394 0.0321092761598422
-0.00974641415775815 -0.0543057767539334 -0.014396344321155 0.0267616780862333
-0.0164913000342501 -0.0487658150892579 0.00372008013472679 0.0192055184696206
-0.0177378722098021 -0.0514101051934515 0.019876135766907 0.00854774620286605
0.0100232463765619 -0.0669361875498376 0.0363085955051147 0.00985592050303267
0.0505363916460928 -0.0519950350763279 0.0479383962387236 0.0248866194511395
0.080691668116798 -0.0209732235458046 0.0368096239176032 0.0616483240141475
0.0700394692399579 0.0560080571048137 -0.00916792781747841 0.073982954321264
0.00551534403319671 0.102422625352539 -0.0499457016162833 0.0429777831753781
-0.0480538710977702 0.101075069924602 -0.0324001463520094 0.0158114086300052
-0.0658645027911304 0.0728349482176048 0.00630728899220233 -0.0172502381095282
-0.0294332355337414 0.100304887294409 0.067391317315249 -0.0285246170992986
0.0367058448060927 0.0782339146757218 0.0346339285417921 -0.0805497050366688
0.0799084632564643 0.013635720707504 -0.0326379903430843 -0.075567540842423
0.0623177769679141 -0.0360571234281247 -0.0580728652963552 -0.0189525922143554
0.0284891014745767 -0.0605658578073653 -0.0372833623775889 0.00615027103653665
-0.00900788255324881 -0.0606229876550565 -0.0173379714437468 0.00273988991634841
-0.0182931808843663 -0.0516154016886499 -0.00344105742256114 -0.00116060315569875
-0.0197721620330779 -0.051983837158591 0.0133663883205108 -0.0126737222687012
0.00660275731920482 -0.0666574127979067 0.0348922721000672 -0.0129972268662143
0.0468934142483599 -0.0553807876989909 0.0564290500457688 0.00290140532915292
0.0798852694391084 -0.0269634326707665 0.0520056584722126 0.0475984330562915
0.0720799987845881 0.0521873635784293 0.00920722749843509 0.0674205295711007
0.00518013536936021 0.099162235342806 -0.0361254966986655 0.0336462923550842
-0.0490612372282943 0.0964426417177096 -0.0101670846744992 -0.0103291129604507
-0.0668493257646688 0.0565881341006019 0.0398000635770403 -0.0437896715890561
-0.0422481489319268 0.0899193754534526 0.0826628321674135 -0.0415313180588988
0.0231470903083203 0.0806449117648621 0.0537833225738537 -0.0753125299350368
0.0732701439093798 0.0223185970087725 -0.00598858032789375 -0.0749851271126139
0.0604748835975729 -0.0295965131914042 -0.0339073947847669 -0.035893072679402
0.0281595549544404 -0.0548223951763607 -0.0276794536254745 -0.0199015239321404
-0.00742939710605326 -0.0565882623936056 -0.0201499475917636 -0.021891751378158
-0.0170014918111368 -0.0471152752990707 -0.0104708240677452 -0.0212012474669536
-0.0184773201573884 -0.0457216974345756 0.00633400171599755 -0.0321487376422811
0.00470914210690706 -0.0577164383091467 0.0313792021459624 -0.0330542554845017
0.0400730356286862 -0.0491336433061327 0.0605463795619007 -0.0153681750881919
0.0700271740463471 -0.0237836524217139 0.0606336585106497 0.0346813661834138
0.0612522406941491 0.0476510800709712 0.0205693301947883 0.0580867444758441
-0.000936531633284179 0.0847873039932263 -0.0264208768645207 0.0232169987468231
-0.0469383730211061 0.0773324918288615 0.00925176860408556 -0.0327207704302692
-0.0534442019355949 0.0304548574516587 0.0685776247300632 -0.0647539505585468
-0.0425881768935595 0.0605001353399468 0.0930146065502364 -0.0504872856889426
0.00765670858723967 0.0622385344964446 0.0664690363588832 -0.0674577743195745
0.0511208255226379 0.0216547526724932 0.0145117343804809 -0.0694538546221595
0.0446619984161509 -0.0197140764738625 -0.0126225548609738 -0.0472376197467844
0.0211363717511835 -0.0391835526444086 -0.0187146043273976 -0.0416439339950189
-0.00511854218358958 -0.0417186270187917 -0.0215944225292682 -0.0411375163781854
-0.0130186515628943 -0.0349814490352197 -0.0158732703271278 -0.0374041210637543
-0.0139583941079744 -0.0339262479712396 0.00115249623060021 -0.0475809945125687
0.00338125326729236 -0.0427736764239049 0.0296150988436338 -0.0482795344618713
0.0307521487422015 -0.0377903694314913 0.0634557525121101 -0.0281482450105686
0.0558773450668635 -0.0154382074595628 0.0651650730419238 0.0258215813520062
0.043170774418568 0.0420112072643499 0.0263381331830942 0.0512009501173247
-0.0101373536619519 0.063110018176919 -0.018656308181434 0.01595545959503
-0.0425620503413762 0.0481891971882627 0.0263201360156819 -0.0464259809034251
-0.0290533254964204 -0.000517042623206 0.0858416123692362 -0.0763936645964573
-0.0305212375302558 0.0189086669398227 0.0943763612493195 -0.0570506293950626
-0.00413525169964512 0.0288733300562304 0.0705429572121467 -0.0627207155551808
0.0200825063823332 0.0118508507739999 0.0238222084150546 -0.0649321109413865
0.0192444869139863 -0.00822391032194559 -0.00131677698122462 -0.0542464196264461
0.00969097154081435 -0.0165649079842139 -0.0155582048494219 -0.0539011957615711
-0.00217260244116876 -0.0196959225269024 -0.0231730092943789 -0.0517010267178745
-0.00647450394756673 -0.0172682557423814 -0.0190990792553649 -0.0470616781331531
-0.00779520070079006 -0.0177978258513964 -0.00146606378513389 -0.0562676800771249
0.00182648676925555 -0.024095751869578 0.0299038510913732 -0.0585541928043495
0.0177741284829071 -0.023116886157027 0.0673833338440669 -0.0352202149434022
0.0361634568842916 -0.0059666168380715 0.0689059562068184 0.0221654281561478
0.0221579123856789 0.0323054602401063 0.0289898806382883 0.0482952355353875
-0.016421459384449 0.0353086214876881 -0.0134256036317482 0.0124168865791275
-0.0319980584254852 0.0133179836574292 0.0390086926369879 -0.0506749786759169
0.0116302167208335 0.0151785766603251 -0.0442046369476309 0.0624159036828941
0.0111252905639597 -0.00919957449676957 0.0274288080070148 0.0051293301201192
-0.00514221617186539 -0.0098157321232455 -0.0220479934890889 -0.0555771915950655
-0.00845348434384436 0.00308335600847938 -0.0773058782306267 -0.0307478672315874
0.00085173944252357 0.00743517128093961 -0.0781941835558243 0.0367604344367958
0.00239434620867158 0.00210349075255631 -0.0352973316538758 0.0711250291697547
0.000376369868378625 0.00104324588185598 0.000730985084099818 0.0655326487748005
0.000511412648857261 -0.00301131146519799 0.0203408513216685 0.0543063777599367
-0.00337235667139626 -0.00478537006331164 0.0278446657671454 0.0516665185653264
1.46974947565731E-05 -0.00942868777178587 0.0218642527471688 0.0563646400726183
0.00839869395373365 -0.00576686851134884 0.0033926903440843 0.0602313226865832
0.0102313711176062 -0.00257423495822026 -0.0201344861432396 0.0634236647965232
0.0135554709265364 0.00699835975837467 -0.0630653991118093 0.0590663309915912
0.0122633301462428 0.0188527216805387 -0.0951692580990056 0.0517957914470915
-0.000348492801826339 0.0284040250445972 -0.087809325966557 0.0729415333314799
-0.0071176597345295 0.0430955740428202 -0.0468698200580881 0.0542311850902069
0.0109251399853472 0.0243872373919917 0.0300353901854887 0.00299027386030612
0.0148539739734286 0.00744030786605954 -0.0174746359403899 -0.0620697334504323
0.0169305727419866 -0.0022726591901678 -0.0767866588939085 -0.0391544111658443
0.0164941283305944 -0.0095479499396832 -0.0821545117561315 0.0312850451026083
0.00709540158784823 -0.0187425170921769 -0.0391184973443954 0.0652670632305544
-0.00594300937530786 -0.0190522388425954 -0.00277530184746801 0.0598914937510373
-0.00657192522358781 -0.0217209962025584 0.0169111259528344 0.0483208680392801
-0.00876100846052297 -0.0256080235785261 0.027832292423805 0.0436193551838088
0.00832075384358981 -0.0356685176903575 0.0283345408121983 0.0482515615264486
0.0322081123865726 -0.0224908435569734 0.0164379361510031 0.0569383037096386
0.0435605772304567 -0.000904947265356316 -0.0067922181725877 0.06825997941365
0.0331848082118535 0.0367232102403841 -0.0505206522487313 0.0661365197796241
0.00252250081744239 0.0600295256054811 -0.0806123936605226 0.0516932331773458
-0.0246193198302028 0.0621168928119649 -0.0739593721818715 0.0615443297254461
-0.0292030009230534 0.0642535351278238 -0.039893085117705 0.0363239521526531
0.00443796265387709 0.0586261550196205 0.038428758778265 -0.00436423186246731
0.0315731070339535 0.0311432910443938 -0.0058318864234292 -0.0703204556444994
0.0428464641796868 -0.00405801492462888 -0.0706554861161291 -0.0521645122341657
0.0338014044560902 -0.024454643862065 -0.0817224002415062 0.0193828268705588
0.0139031136689418 -0.0390664634952615 -0.0419259823307401 0.0523412425916165
-0.00967588316184321 -0.0378535705832853 -0.00889221006253876 0.0464129144369966
-0.0124564139781051 -0.0370785942551057 0.0114698505151308 0.0362956322867809
-0.0134946529833297 -0.0412862122501637 0.0253498793750213 0.0273984824368668
0.0100086522920123 -0.0558407411893393 0.0343050086628976 0.0315324473161461
0.0455789077711436 -0.0401205272042413 0.0335598686895388 0.0439194980745173
0.0678060183508202 -0.0105383344403326 0.0149976949350173 0.0683111288121146
0.0546252968433986 0.0517092535900777 -0.03021456713281 0.0728783544658559
0.00277866302853609 0.0884572790397682 -0.0637577159841084 0.0498265363803757
-0.0394657517276377 0.0877737503809745 -0.05393207985001 0.0420791244196794
-0.0501709010800482 0.0743221644082973 -0.0208596412094631 0.0116934860786187
-0.00965866071233062 0.0870223546351258 0.051796430211723 -0.0152871035373692
0.0402248182107632 0.0565451185291836 0.0120977779995101 -0.0772546071121623
0.0664258426376711 0.00133689523655825 -0.0561756583959614 -0.0648798979381646
0.0500275921153745 -0.0347311659126553 -0.0733349730497934 0.00244488509320058
0.0209941719169594 -0.0544439694483817 -0.0412134654843826 0.0316009709196349
-0.0115763946394889 -0.0527280684468843 -0.0134230352162292 0.0263330916008644
-0.0170179527678992 -0.0470050314085065 0.0041508193014866 0.0188905593620001
-0.0185025690315181 -0.0496546713132048 0.0197303218776566 0.00806373022199863
0.00774752984866308 -0.0660018237478967 0.0365980107425686 0.00927854667027003
0.0486734760521419 -0.0528771955579778 0.047817134998203 0.0237843223119648
0.0785117887561492 -0.0226676835688811 0.037153110570175 0.0592795536438564
0.070013846431006 0.0533857422969432 -0.00827531301133947 0.072387482311394
0.0074267031268517 0.100560157926439 -0.048074167629867 0.0432178892882929
-0.0453700092706152 0.0996366735092242 -0.0317697438474745 0.0162280856682991
-0.0640994269732694 0.0723654799781817 0.0062310916278535 -0.0164610047443693
-0.0266562418226193 0.0993478147902828 0.0667434841666991 -0.0281055892026446
0.0368751711648248 0.0762563084569259 0.0336819291895827 -0.0786580640701051
0.0781706618740334 0.0116967960152755 -0.0324157970768637 -0.0735372093763363
0.060236807567333 -0.0363758858540136 -0.0556980491371682 -0.0175678936594879
0.0259535045534841 -0.0600239154731101 -0.0360147606348779 0.00619420511611615
-0.0110209346713838 -0.0587357764280899 -0.0177020533226778 0.002784026018934
-0.0189648570439453 -0.0504286365638851 -0.00308754997832549 -0.000796117233861749
-0.0206249539568299 -0.0501749620589212 0.012569094927952 -0.0130086350506302
0.00493492238526769 -0.0656678209867124 0.0347786757805161 -0.0134594790488278
0.0447928687952129 -0.0554639076521921 0.0557788567799681 0.00183664314069078
0.0770687128235309 -0.0287316921271299 0.0517782706874746 0.0454466127616214
0.0719683519582595 0.0497466552796651 0.00957306854326553 0.0659218192541479
0.00701777345104393 0.0978945054320576 -0.0353907450305793 0.0333215259778626
-0.0466772927138292 0.0951532399108712 -0.010958151875309 -0.00957151460878693
-0.0651295960219887 0.0561680904065066 0.0389492602210185 -0.0436124112549276
-0.0391816427795123 0.0892107361145886 0.0807674917059406 -0.0412912496978184
0.0234413813600308 0.0784524139548132 0.05232002899938 -0.0747132202947501
0.0718494764206745 0.0200685285747746 -0.00670302234430144 -0.073521900271866
0.058218048796384 -0.0307820889529031 -0.0326833045915811 -0.0345161107816831
0.0257890913503441 -0.0543658926342782 -0.0271013839476266 -0.0196431311450104
-0.00914786724310743 -0.0544209905115771 -0.0208887754129598 -0.0209225467017451
-0.0176055792216171 -0.0455405896366463 -0.0101130307205376 -0.0201955325522901
-0.019229496056999 -0.0441962234773358 0.00526123347997055 -0.0315625066175791
0.00294994024568978 -0.0567451800833089 0.0307836829504004 -0.0329290263893305
0.0379197391408162 -0.0493493218771052 0.0597961223393165 -0.0166799745315083
0.0680175123094089 -0.0253539611320011 0.0607212095781479 0.0328284597233827
0.0610511313691766 0.0453267463915711 0.0210030563069126 0.0563399472710342
0.000747119038022068 0.0834332304533789 -0.0252130076492084 0.0230854313742005
-0.0450514562716149 0.0764073461827312 0.00752137473287585 -0.0314258732838795
-0.0518708984047059 0.0306049137287222 0.0662443709389499 -0.0640975252010195
-0.040339590568417 0.0599064147439884 0.0912214373710919 -0.0508330079967833
0.00822147642830045 0.060687758225704 0.0647875327519362 -0.0669570084386288
0.050373829265422 0.0203381334999704 0.0131836199241545 -0.0680462130179832
0.0432612300506152 -0.0202783299443491 -0.0118383515599348 -0.0463765512670406
0.0192314860658168 -0.0387275707311421 -0.019273261749789 -0.040977827411793
-0.00624939191071898 -0.0406150037879731 -0.0230398788204371 -0.0396765592980725
-0.0135832497959013 -0.0338021058742963 -0.0166102360328917 -0.0362880138683593
-0.0147962179862863 -0.0327435206334101 -0.000121112552027637 -0.0465065742214766
0.00254063393236001 -0.0417083739581644 0.0281427548537832 -0.0477417058257968
0.0287535924843085 -0.037565396279946 0.0614490696702795 -0.029442648541425
0.053473074334174 -0.0169970968221488 0.064979158719157 0.0241222464424027
0.0431800757077187 0.0400245315360089 0.0268549925584098 0.0492767347143096
-0.00837635578559451 0.0616394734993616 -0.018512062901422 0.0158445190369701
-0.0402796324408474 0.0473991519879287 0.0241051210295226 -0.0455921234486394
-0.0282172583251753 -0.000906676729679098 0.0832238518761163 -0.0763648132910537
-0.0293290863996053 0.0188125304150564 0.0923641036355066 -0.0570994437182104
-0.00372276366057664 0.0283830909377946 0.0690128764878728 -0.0626100902312561
0.0196891014049511 0.0112204684844613 0.0228879303175438 -0.0637980415229038
0.0185621457040531 -0.00852062606482936 -0.00152824015092766 -0.0534992662188728
0.00894089756321321 -0.0160832477399426 -0.0161481237465081 -0.0530731115208112
-0.00257129455301247 -0.0186277223117026 -0.024726519228341 -0.0502049717662032
-0.00674610308631231 -0.0170156114161725 -0.019730124434053 -0.0456314093743883
-0.00781976638399304 -0.017323083626513 -0.00271225248125087 -0.0549489114247358
0.000771099269785235 -0.023619601263748 0.0283363653587867 -0.0575349765994932
0.0171028944029546 -0.0233565921685962 0.065679870380941 -0.0359172015248585
0.0350442310455564 -0.00694342121254235 0.0682095565768273 0.0205519569831074
0.0221419275236072 0.0311030332647374 0.0294332375821455 0.0462311376748744
-0.0152064325610622 0.0346783137132126 -0.0135541889883901 0.0127905726072029
-0.0314229280362169 0.0133963476876539 0.0364638731513977 -0.0499834021041959
0.0078495316428352 0.0160348173954283 -0.0547058799709494 0.0525678958494431
0.0119970900015531 -0.00640761820338737 0.0263499280258726 0.0105194744870734
-0.00166207389287055 -0.010220902093008 -0.00962249677858726 -0.0574718406172163
-0.00749731910261522 0.00104499180976833 -0.0686244691778954 -0.0438436501525729
0.000376338613511758 0.00600197743071111 -0.0819360498583176 0.0212114333844171
0.00250298509872581 0.00214184378553398 -0.0468678092484233 0.0618090035059427
0.000465743082886194 0.00125238245176466 -0.012056156313294 0.0639159164685484
0.000965230226631135 -0.00344717092284456 0.00890825319667335 0.0552306257602198
-0.00223683500170791 -0.00518686261658465 0.0175339966450522 0.055395596728987
0.00198017770259723 -0.009428826360905 0.0103816387383047 0.058440452280236
0.00913494463824874 -0.00480655754147739 -0.00813617728272288 0.0586754227548624
0.0107273193932597 0.000626954649586827 -0.0328217330596862 0.0562525760645441
0.0117764333307367 0.0101688616488559 -0.0736015707373225 0.0448819619138214
0.00794189652268019 0.021431369036116 -0.103749725482253 0.0321197811374441
-0.00692578285573204 0.0267766243459028 -0.10246692120747 0.0539325834928501
-0.0155185938680062 0.038236854571585 -0.0558226442191469 0.044430820133653
0.00604137881585135 0.0253896312241339 0.0286386490110079 0.00848152575052842
0.0135202751763561 0.0102277746985721 -0.00453841789877199 -0.0618252834751626
0.0167711131074537 0.000158926192314737 -0.0662776954922401 -0.0520334445353126
0.0182927499697654 -0.00665799526455176 -0.084589018495423 0.0154742212827136
0.0108726467948641 -0.0172865184080515 -0.0494470094455764 0.0561601904347663
-0.00190126363325477 -0.0193495881987736 -0.0145951288813539 0.0571908372628869
-0.00212617180455298 -0.0222719977335615 0.00680505291471264 0.0495723771644228
-0.00286837043575858 -0.0266626000777669 0.0188196443819345 0.0469111739578817
0.0144900837488448 -0.0324652008367223 0.0178707424504762 0.0519776122296408
0.0358456607992964 -0.0156677799836456 0.0056309981563485 0.0573117509136712
0.0418032250735442 0.00830568702547489 -0.0195380043624199 0.0642683040924674
0.0239207452525613 0.0434944455824698 -0.0617527685287061 0.0552591285378689
-0.0100984159140992 0.0587605611609179 -0.0907398796132664 0.0353950218937653
-0.0372442772777659 0.054190502366089 -0.0869204185328874 0.0455795911790259
-0.0401209493175915 0.0543062757061787 -0.0450757059342482 0.0284015841552171
-0.00637292892536039 0.0564688561087761 0.0364669045901907 0.0033300585016273
0.0246693557255203 0.0353448710885859 0.0070763617577489 -0.0673388898257015
0.0418520877462199 0.00414752524227595 -0.0581487426674486 -0.0623071026254223
0.0375961885919688 -0.0176934739121052 -0.0821067579677205 0.00422765988914334
0.0204263963657287 -0.0351692281787164 -0.0499604305433495 0.0432141488099695
-0.00207158435085592 -0.038076175043653 -0.0171984335088007 0.0434205556321664
-0.00476792768547191 -0.0383082925534893 0.00407386907306961 0.0368446017074165
-0.00513583023325058 -0.0424510247507614 0.0189135025246242 0.0313271970796581
0.0202211661881004 -0.0512796889421495 0.0279783039546544 0.0363047075941868
0.0517328544428091 -0.0300325422070413 0.0251460972857491 0.0477480664238384
0.0667385742092801 0.00419769585974422 0.00267554360291944 0.0682512995916984
0.0419084243359218 0.062258429994646 -0.0425448278072986 0.0655941398278242
-0.0158086366056071 0.086592271681131 -0.0740039541831981 0.0370407363403886
-0.0564245700381451 0.0757021663884284 -0.0625233090475436 0.0306419678253216
-0.0620936226537412 0.0603869517649363 -0.0235010599781304 0.00877392159535498
-0.0244037625798937 0.0811085595961717 0.0503844102618676 -0.00535824355982199
0.0281121301747654 0.0619113600117797 0.024986074057515 -0.0697991716964223
0.0625134504376442 0.0133801854404848 -0.0415099443645582 -0.0718083594176894
0.0548347491180502 -0.024181880615992 -0.071011225585155 -0.0103748027398198
0.0297646922094434 -0.0481864728508941 -0.0448637378016014 0.0238602868138623
-0.00171238893050476 -0.0521607956049061 -0.0181858055494353 0.022885390877048
-0.00761786925494804 -0.0490121785781721 0.000738933734531962 0.0190305782199286
-0.00718543634443263 -0.0508300697090414 0.0175399364697824 0.0110936546776354
0.0199384236328154 -0.061631104563418 0.0341942837572094 0.0152683338371678
0.0572419659762599 -0.0412328788658004 0.0431272366626628 0.0304774786283394
0.0794875413274453 -0.00592524112519144 0.0261602645736591 0.0639882958203948
0.0562990638273816 0.0675539047958194 -0.0197900903398721 0.0702462550565457
-0.013687960113604 0.0994017621587821 -0.0570725840292801 0.0335828420961599
-0.0645197391091338 0.0861927548930344 -0.0352064362854474 0.0103524509529259
-0.0748952201676873 0.0554688967102129 0.00853890578211018 -0.0138456020419706
-0.0425863418690305 0.0898849210366509 0.0667884123489674 -0.0161882454113259
0.0212583701440594 0.0799500049844499 0.0453990533110503 -0.0675987626918303
0.0709339117200733 0.0256104450860287 -0.0175679692718967 -0.0751495803519054
0.0647590621620876 -0.0236444839590912 -0.0506543124793736 -0.0265571739217065
0.0359156682782577 -0.0526130826568798 -0.0353011690706768 -0.000261898159045443
0.000135882089581416 -0.057888611264806 -0.0179615115100549 -0.000846523448576276
-0.00888367339578111 -0.0524916468544455 -0.00271845550635371 -0.00162651011043582
-0.00970890780169878 -0.0516336446340948 0.0150551950955558 -0.0101352970733997
0.0171485330947138 -0.0616054258038161 0.0367149689161677 -0.00653435396663503
0.0541211701428997 -0.0449449094378574 0.0549217587676008 0.010879966337882
0.079207122956434 -0.0117601482996054 0.0441073024630465 0.0538027000605032
0.0586384591359548 0.063766536703205 -0.00123984796555283 0.0666701862404824
-0.0127109647407688 0.0958594405157948 -0.0430570447175439 0.0267165834150988
-0.0647089717527092 0.0820489683084591 -0.00906444422437971 -0.011095694350523
-0.0724744332062135 0.0409591431207719 0.0448499612444156 -0.0341872606041361
-0.0527773336802487 0.0787275116428008 0.0833126036568453 -0.0263603243094935
0.0081572360929324 0.0804056361981758 0.0624077914628506 -0.0605651495815841
0.0636446931466442 0.0322978146582546 0.00711519633962012 -0.0699110436710745
0.0614212185440691 -0.0179138706128852 -0.0248713198575108 -0.0382871806751338
0.0347467223017161 -0.0468607286693684 -0.021949501122098 -0.0240639303111643
0.000927032688945178 -0.0532154846267387 -0.0159733577154674 -0.0246512408039658
-0.00861279382179723 -0.0476601120156395 -0.00585733390836712 -0.0210004497845154
-0.00973884484985296 -0.045555531474837 0.011646368494731 -0.0293595992606353
0.0136928070045929 -0.0533696864103165 0.03678764285003 -0.025841928259831
0.0459758447136153 -0.0403691269462294 0.0614563986702419 -0.00607771899173115
0.0692313559770098 -0.0104669510256358 0.0544511259395147 0.0430977296193471
0.049296859197937 0.0572477509055409 0.011293307859885 0.0596321032179466
-0.0162040615511448 0.080697645121271 -0.0310778138367515 0.0188473782355459
-0.0595812915793202 0.0635221032421973 0.0136715061353154 -0.0285405881265639
-0.0551481023765779 0.0200325337837697 0.0753846211620831 -0.0490422548558413
-0.0490135422533512 0.0513010809115074 0.0957072973936168 -0.0331657195441903
-0.0034797705024563 0.0603622671368771 0.0732740435637861 -0.051028165737942
0.0433526801501481 0.028868753224921 0.0256203637666295 -0.0613280623751818
0.0447269419422551 -0.01085369522182 -0.00271100345959046 -0.0463920218322658
0.025771671996649 -0.0328648449650517 -0.0109923559948939 -0.0436106422019303
0.00117764199395366 -0.038904720689264 -0.0147281204493153 -0.0429722233804147
-0.00672327744415921 -0.0351699883471494 -0.0084737728981203 -0.0366163628897992
-0.00718101045081641 -0.0336251890344408 0.00955172240271801 -0.0446918531335608
0.0100188976993044 -0.0396335007197096 0.0368879982646969 -0.040600711344415
0.0347903748005335 -0.0305321282063459 0.0660082970090755 -0.0172458682409511
0.0539770147642063 -0.00491041483421001 0.0598810386757366 0.0359330996300412
0.0330885284395823 0.0478383907360817 0.018041644985708 0.0537576555773218
-0.0209827792865951 0.0577336430969482 -0.0226907758960006 0.0126793849402083
-0.049297194582578 0.0370643112493873 0.0326749069574778 -0.0389286312273103
-0.0264312957253909 -0.00424845628377362 0.0945585104365884 -0.0583518178648575
-0.031038349649753 0.0144278757794989 0.0987527342521751 -0.0384046095280339
-0.00863061302095494 0.0274940805120538 0.0768988823414151 -0.0468295852085603
0.0163665392987187 0.0155203601080681 0.0336858850413391 -0.056025286900585
0.019096492664849 -0.0039076943160622 0.00849663065858352 -0.0510653669642999
0.0116898125118161 -0.0133911312488695 -0.00587134191827887 -0.0545828438128729
0.000589030026579824 -0.0184990625998402 -0.0143202434095329 -0.0531356343349091
-0.00362928102539361 -0.0176405863246303 -0.010122408217231 -0.0469263505345435
-0.00358853510017006 -0.0176563886396655 0.00825659843955166 -0.0532838451923504
0.00503311589850102 -0.0218927371411474 0.0382324137514175 -0.0494793627729961
0.0206223712682399 -0.0183474421648278 0.0705684986697077 -0.0230043723641224
0.0341976896312055 0.000325281911117358 0.0631429993956606 0.0335278874351863
0.0148494271796785 0.0353388854627837 0.0201652424249906 0.0511891930456855
-0.0224391501282878 0.0300423237034638 -0.0163864766286456 0.0101064523087238
-0.0334756650581007 0.00626218821935615 0.0459549354930578 -0.0408613553051763
0.00800337264364951 0.0156490495755252 -0.0516764200937985 0.0522282992000672
0.0118690829628667 -0.00667602791409706 0.026463354071327 0.0104706259263588
-0.00187260545264691 -0.00959241853894939 -0.00987412136728756 -0.0558152262485377
-0.00715748536858354 0.000881913968260193 -0.0670638719451514 -0.0419437148310518
0.000800055582816177 0.005459966990637 -0.0799454246096147 0.0213607025007729
0.00235317586534255 0.00162430585742215 -0.0442806898245239 0.060812249542359
0.000722623714788754 0.000996835024712671 -0.01021957299722 0.0621747335390919
0.00102118470770163 -0.0035024955105678 0.0101583126515164 0.0536864939152106
-0.00219989286767208 -0.00533389463662137 0.0184249979111734 0.0533312427830869
0.00132868183126904 -0.00926441114064294 0.0113825106300813 0.0568612163365658
0.00913770652516571 -0.00411802284197446 -0.00721260162591461 0.057080638688981
0.0107969555625999 -3.06853343786513E-05 -0.03186287747458 0.054645134482542
0.0114852302199532 0.0104419402195399 -0.071293564283954 0.0443589912341538
0.00767413334505495 0.0202619538130155 -0.100144325945654 0.031722183120816
-0.00662826952505792 0.0260725373211701 -0.0986810597063063 0.0531181968061876
-0.0145641045624786 0.0372459560991519 -0.0535025992603622 0.0442306648491166
0.00627106240082864 0.024281526017024 0.029027781593291 0.00832406173527073
0.0134406032203905 0.00943275210824981 -0.00476520133630572 -0.0597069774594488
0.0163464566059984 -0.000158991959083509 -0.0649502297413049 -0.049389153813847
0.017897310263497 -0.00731400562936194 -0.0823155354338528 0.0161277007600595
0.0103814861818654 -0.0173985845529108 -0.0467608663044019 0.0552248965312913
-0.00200259109207082 -0.0187874872165161 -0.0126970534345771 0.0559245128577905
-0.00258106713375464 -0.0221457880927536 0.00751127876796497 0.0483026573420592
-0.00344544446701635 -0.0256527344567576 0.0196043560846633 0.0454948476947831
0.0132286847102487 -0.0320160352854812 0.0191726555641579 0.0498665541201865
0.0343880667303841 -0.016254792727947 0.00656385553171471 0.0564522206511882
0.0413504790159746 0.00708353814408843 -0.0178821422683433 0.0627679488119281
0.0237487760090386 0.0420559389748869 -0.059881417932247 0.0544683272969178
-0.00934331367915986 0.0575554895535736 -0.0873598743655715 0.0354023681261454
-0.0355111276627582 0.0527868724472436 -0.0836962899797551 0.0460807235125842
-0.038776694078612 0.0532125623371083 -0.0432984897692177 0.0284715482342497
-0.00527535589238226 0.055236686363631 0.0369441781540073 0.00283994504049535
0.0246486211083462 0.0340539645183232 0.00661893380875835 -0.0654973979209117
0.0405076184065529 0.00292571123382115 -0.0571258921350964 -0.060286242992878
0.0359589510795701 -0.0181749452820501 -0.0791538928113204 0.00572263157360974
0.0192931388436184 -0.0349315295516825 -0.0469236915880554 0.0425254969802265
-0.00307001480792459 -0.0372301165857519 -0.0158128431431508 0.0425045451446598
-0.00589732999305141 -0.0375180934895942 0.00487490587911003 0.0357278930140758
-0.00559363392279243 -0.0409069117281603 0.0196113158551512 0.0301166479620937
0.0178509867957152 -0.0502460140401932 0.0281218242708611 0.0350568001882435
0.049921986996094 -0.0304786033162406 0.0258099361119529 0.0463833121133049
0.065250139792909 0.0030583275386413 0.00380027676060652 0.0667023085428463
0.0423113973615869 0.0602076136680099 -0.0407673156289524 0.0642942106551992
-0.0140876527710793 0.0850840880962454 -0.0709566752088065 0.0367536005918054
-0.0541609183697685 0.0739862139042435 -0.0603597793453104 0.031232153538188
-0.059779076716553 0.0594619892948786 -0.022354694234158 0.00864010580344343
-0.0223526225360251 0.0795883025056848 0.0499009786301649 -0.00561283834038684
0.0282170719175355 0.0600943882205946 0.0238780884762405 -0.0682712372286204
0.0607952572026025 0.0115512855039467 -0.0403003746570552 -0.0693298061690967
0.0524853583815333 -0.0247353059639139 -0.0685457346375103 -0.00952724117553478
0.0277051321355734 -0.0477171228928452 -0.0429140840088795 0.0236045944231788
-0.00242928307729134 -0.0506173640829309 -0.017348908242813 0.0224185976774488
-0.00844445150506391 -0.0476768818992809 0.00121486224584981 0.0185177677137631
-0.00888844335601125 -0.0494086703750477 0.0176875775519139 0.0101576731216964
0.0177145448403277 -0.0600276707101981 0.0341213615877785 0.0145821801546137
0.054397543431651 -0.0421326608782823 0.0430531372428168 0.0293973097205179
0.0771062160122813 -0.00707811937777472 0.026881896643962 0.0617123176314594
0.056139370593363 0.0647637180579633 -0.0191015793076359 0.0680118578317651
-0.0119300325652672 0.097155236893831 -0.054886079182217 0.0334584524280238
-0.0617844672131413 0.0838486737514476 -0.034495577325932 0.0111072547330333
-0.0724664168048934 0.0551860353791122 0.00887864032867034 -0.0136556731223941
-0.0404971431351262 0.0886674858568711 0.0659325729884261 -0.016177551015422
0.0215213083032025 0.0781333594746797 0.0434152881922319 -0.0661953788603768
0.0694700090582047 0.0234740800740412 -0.0174540112544448 -0.0723080644396191
0.0620851852423609 -0.0242162321335811 -0.0484417967515282 -0.0251663568740773
0.0338211067699319 -0.0518425405762103 -0.0341210228628248 -0.000320987956031349
-0.00164219308611665 -0.0554573653738547 -0.0172569306420494 -0.000529169402495988
-0.010135520114067 -0.0505314172972706 -0.00210787595168472 -0.000918646117806331
-0.0105045403262718 -0.049845297782069 0.0142028055237424 -0.00979370969812657
0.0147313851238762 -0.0605270672572936 0.0363686247731503 -0.00732328250892493
0.0520038540932383 -0.04556298771631 0.0537606845949561 0.00965118283052969
0.076228497341988 -0.0130249056976769 0.044028280541251 0.05164723215563
0.0585641696547698 0.0610964342102057 -0.000507075408632328 0.0641077998922484
-0.011119383749471 0.0938332590677886 -0.0412732650101663 0.0265883356643868
-0.0618899675959357 0.0795958232092242 -0.00977849416449154 -0.00969631200695685
-0.0702004752942635 0.0410819580673784 0.043573855038926 -0.0334737426913261
-0.0503224582136581 0.0777717253121299 0.0816175262131759 -0.0258272620631885
0.00894034809455613 0.0781217237272057 0.0602239482711564 -0.0585951210704346
0.0623487268500234 0.0308334818059381 0.00656996750740947 -0.0675695576440357
0.0590550168465249 -0.0185536288062569 -0.0233873747282682 -0.0376443868497566
0.0321761402690432 -0.0461528408760688 -0.0220430995845571 -0.0238688781827354
-0.000667714434123989 -0.0514033267616378 -0.0164451983808701 -0.023821701801085
-0.00902321440430578 -0.0461059233598467 -0.00576248322803896 -0.0204111551512107
-0.0100625121362235 -0.0436711507353704 0.0108063348043031 -0.0288322780611188
0.0117848648859129 -0.0522673851305502 0.0357068892946482 -0.0260245986321614
0.0438561367159074 -0.0400685879480204 0.059740763017924 -0.00712170374783585
0.0664581576302956 -0.011623417395695 0.0541805428643359 0.0413312399907724
0.0488765537286356 0.0544679406249593 0.0117497589820097 0.0575499120147053
-0.0149795561190602 0.0783512489308903 -0.0303488994760116 0.0183873176893418
-0.057043517663302 0.0623542035718999 0.0119450025945016 -0.0272846765224963
-0.0533376742851651 0.0199367188624798 0.0731515191238388 -0.0484169730642104
-0.0462372743214933 0.0506540261633807 0.0918117987310995 -0.0326472904371356
-0.00252714005164413 0.0594503380619645 0.0706540274589387 -0.0507626340134318
0.0426287756956496 0.0272833333902838 0.0245715494447707 -0.0593831936151595
0.0433746127392501 -0.0114045855916149 -0.00231788411900421 -0.0451138314624196
0.0243116403858057 -0.0322939451236246 -0.0118058747448928 -0.042715022817061
0.00017109924758654 -0.0381956910771365 -0.0160457761085814 -0.0419469551923009
-0.00722180554873082 -0.0344461979256691 -0.00882019666547566 -0.0353718407809538
-0.00753583962590936 -0.031969290597848 0.00788471280954836 -0.0432616457537697
0.00865841890649671 -0.038611704491792 0.0355179746916128 -0.0403646689668528
0.0338144666298878 -0.0302559055947328 0.0641793180271315 -0.018101937994129
0.0513070596534833 -0.00599896777397619 0.0592194310331163 0.0336791898133534
0.0332367876471716 0.0455817842480847 0.0181632007813531 0.0517216304281651
-0.0193452500041923 0.0564357506150778 -0.022113874944333 0.0128130122670096
-0.0479010334621815 0.0361765071124365 0.0297802349350985 -0.0380354006096474
-0.0258234482301859 -0.00409745545576814 0.0915690589537127 -0.0575018036674551
-0.0300088790297892 0.0146525584177515 0.0957985102550928 -0.0383508833014632
-0.00820251206724422 0.0275506549521888 0.0745137971929401 -0.0466146592013524
0.0163156640314766 0.0146097934707485 0.0329852882206586 -0.0546586203924695
0.0181307841876779 -0.00399822311766363 0.00821765162167444 -0.049531494916512
0.0108389098502446 -0.0128403867109156 -0.00733776564789425 -0.0539443737010152
0.000465346576765271 -0.0171170091541841 -0.016048609830408 -0.0516712525390714
-0.00378990418532171 -0.0168579301877612 -0.0102034876527699 -0.0448029884352984
-0.00378704856491609 -0.0169792076258709 0.00722269257323775 -0.0516601795171176
0.00487627486003488 -0.0216473031996705 0.0364837089213607 -0.0487728888441195
0.0195638142321209 -0.018531839899863 0.0683890563544819 -0.02410698388396
0.0326201695262609 -0.000297583088886258 0.0626630491431496 0.0312954048515756
0.0147803876747934 0.0333119874089833 0.0203082563231086 0.0497598601589911
-0.0215194752488686 0.0293309845810965 -0.016304301773604 0.0108674158606224
-0.0323280312781261 0.00611341079505916 0.0429286014550736 -0.0404009252702466
0.00773035089764881 0.0154214431990517 -0.0504153176542746 0.0511473790924671
0.0114064564645271 -0.0064092252233577 0.0270525700634007 0.0100721663664513
-0.00165039224377418 -0.00995236923454004 -0.00880838621320428 -0.0544373918735302
-0.00717319580170628 0.00121496140078333 -0.0657105236397795 -0.040571397204847
0.000792591474776929 0.0048438431799384 -0.0776230625386284 0.0207125528287229
0.00293199315484113 0.0012158629068234 -0.0424578607625392 0.0592720595137871
0.000815870322084433 0.0007279214722032 -0.00848861108148163 0.0604626554366941
0.000776137846908876 -0.00376100538432053 0.0100195144086373 0.0519736245659316
-0.00179750491167463 -0.00493683883527302 0.0188857266915047 0.0514755377126084
0.00129272747936535 -0.00876169422998117 0.0118668144907988 0.0555900433277255
0.00900641802484215 -0.00445250237361837 -0.00740339749415831 0.0562840631949615
0.0104596912382817 -0.000144372418833405 -0.0309866408818124 0.0532484584875911
0.0116585862777883 0.0100995879018822 -0.070289601734695 0.042969251804702
0.00758210727568758 0.0198235584078797 -0.0971152099201405 0.0308605518201918
-0.00697315860459697 0.0248642775085401 -0.0957983787308133 0.0520184870347521
-0.0139871026272892 0.0365709909666579 -0.0516678980678323 0.0429532848743126
0.00648223993058039 0.0234292377918269 0.0291585634549136 0.00863732710581453
0.012911051234996 0.00923039592518232 -0.00395503447943548 -0.0578445529666328
0.0154778696964889 -0.000466392911171863 -0.0635417441643771 -0.0477931043278407
0.0169660872904571 -0.00728982619096968 -0.079862216191459 0.0158626622483133
0.00984054446538043 -0.017649710903344 -0.0451454529060757 0.0535553796547524
-0.00167774911939069 -0.0185978967792518 -0.0114974785672517 0.0545246193717544
-0.0026856343401728 -0.0219123819469117 0.00820694064879044 0.0468407089376993
-0.00317846151464058 -0.0252589922593635 0.0196506678606059 0.044157495220165
0.012655596493339 -0.0314937405454463 0.0196909833561718 0.0492801487514312
0.0338716800557514 -0.0164126170965985 0.00640685257392863 0.0552556179042511
0.0399085351449321 0.00695252608400522 -0.0175673797266092 0.0606359104983602
0.0233207463508824 0.040991358377 -0.0584375579296504 0.0524138310269925
-0.00889795427377409 0.0557592491536882 -0.0850953013293531 0.0341347177987275
-0.0351190841545175 0.0506435407806391 -0.0812898207666452 0.0445804064941484
-0.0380966136768679 0.051834176952882 -0.0418056604583006 0.027792743802317
-0.00485808948617793 0.0540169409749305 0.0369929627423832 0.00273081872585246
0.0236870960527281 0.0331806307181666 0.00703735400377208 -0.06241259545903
0.0393514268653355 0.0026353264178367 -0.0558138128215263 -0.0583380700773264
0.0346101573392427 -0.0179703126062516 -0.0765293081955715 0.00496508016018789
0.0182867950037073 -0.034131821545234 -0.0455255418038714 0.0413633547725534
-0.00324382973256111 -0.0354633094670748 -0.0152452874384484 0.0414996581095751
-0.00555645798036061 -0.0365290565314764 0.00515464270447133 0.0344576879886857
-0.00574025043334225 -0.0398497104353466 0.0193906147454846 0.0291568149869215
0.0169149945961584 -0.0492535124057221 0.0283723224919809 0.0337450914862742
0.0487469284560464 -0.0303089644971404 0.0250551711967082 0.0454222341018392
0.0629435613293807 0.00190917546551304 0.00416119715455281 0.0648559646095439
0.0412734006387744 0.0583639498737226 -0.0403262733012799 0.0620484628327143
-0.0132673665481124 0.0827883783217647 -0.0693447207456459 0.0355039731258495
-0.0528553464295795 0.0713707206331255 -0.0592252517009961 0.0307565554506053
-0.0588602965219195 0.0575887931286186 -0.0207610615005382 0.00859539463071066
-0.0214241134923219 0.077645291786853 0.0497807114787513 -0.00488331407612426
0.0269647078289039 0.0585548300780126 0.0240156540373218 -0.0655700602647258
0.0588320071908547 0.0110274705374746 -0.0394122773583907 -0.0669698441884652
0.0510533746363006 -0.024606985151959 -0.065423214560985 -0.00912409849414119
0.0265493193994677 -0.0463942085386495 -0.0414012645096083 0.0223997543856423
-0.0029029041301868 -0.0486747878604348 -0.0165098600388351 0.0221613445597984
-0.00860235769384798 -0.0464412527205205 0.00158655145767766 0.0180105377508708
-0.00853637545773275 -0.0475817715135784 0.0174833110638167 0.0102040369476721
0.0164369637998915 -0.0587505937492673 0.0338822025553136 0.0137248379514408
0.0529687826458386 -0.0414162763863495 0.0418065241910908 0.0287079390015595
0.0744800175536574 -0.00809914058271046 0.0266188712610069 0.0603646132566877
0.0550727373592117 0.0629426467296707 -0.0183455313497333 0.0657236384902426
-0.0111001078539819 0.0945995257707105 -0.0537013169797669 0.032485581885367
-0.0598373962748651 0.0815074140248105 -0.0342807000914743 0.0108881749841437
-0.0712973133491464 0.0538445434693546 0.00929273734051818 -0.0129710634740522
-0.0383886707562251 0.0865916456962301 0.0647398053135161 -0.0152004082784644
0.0211649417464666 0.0761920193142307 0.0427474106189528 -0.0639050840338768
0.0672668366330332 0.0226923775372278 -0.0162332282233634 -0.0704544018453946
0.0600716742971146 -0.0245454631636148 -0.0461309144244585 -0.0243427368342799
0.0321722571666813 -0.0505150858031024 -0.0330455974625935 -0.000992470843354542
-0.00163500286051232 -0.0540199938401374 -0.0170657656459641 -0.000712617677356754
-0.00982041584828695 -0.049458344395664 -0.00239101248261249 -0.00139012935423297
-0.010302455419088 -0.048104626153227 0.014138065673174 -0.00964801287629793
0.0137131935854552 -0.0588805463553715 0.0358926613568532 -0.0072678772324157
0.0500763878820703 -0.0447960123002006 0.0523472588658596 0.0092115618831163
0.0735893719881818 -0.0134862658153694 0.0434776783953976 0.0499648348906796
0.0577642398640064 0.0593431349498667 -0.000774081997818356 0.0618966208491319
-0.0106905494795542 0.0914315633818977 -0.0401930706181312 0.0257941507173973
-0.0599700714476787 0.0764959768273006 -0.0100354836374244 -0.00910469186570568
-0.0685925299532529 0.0401532853992611 0.0430620367180885 -0.032398358561016
-0.0483228240005046 0.0758703608401366 0.0795872289852708 -0.0245434171755849
0.00846194542550546 0.0760192457819573 0.0587544324575531 -0.0564575963931541
0.060309398280284 0.0296021964509855 0.00723583571923072 -0.065585990695762
0.0572308461218282 -0.0182850305474147 -0.0221824975249315 -0.036464465982373
0.0311212769011196 -0.0449123132552484 -0.0218118816045537 -0.0238987446061641
-0.000750667034769679 -0.0496577544304195 -0.0166253596497501 -0.0230127007760804
-0.00970304726650273 -0.0448453356945074 -0.00589171056344971 -0.0193441522777781
-0.0100139830792976 -0.0421246455052807 0.00989404937178599 -0.0280242587864009
0.0107203759233356 -0.0506572052537476 0.0353111618520998 -0.0256869409652151
0.0420322521888341 -0.039685100039233 0.0584619965949959 -0.00708484095192749
0.0638265083367152 -0.0120688569609703 0.0533200551429039 0.0395935950534874
0.0477066182094384 0.0524313437018318 0.0108308530234464 0.0555831561520309
-0.0139846075338928 0.0765602182782844 -0.0294437773868302 0.0184443090553977
-0.0554483240658842 0.0602057137857086 0.0112261712426231 -0.0261998264486089
-0.0522902938783137 0.0192509311697946 0.0718274346023507 -0.0473406493723149
-0.0446735456829758 0.0495850708074321 0.0905361976230727 -0.0314640904937047
-0.00192087719757764 0.0579974228367271 0.0690807460941141 -0.0482651569081414
0.0412317461718962 0.0263950091280443 0.0245391776265061 -0.0571911463497453
0.0416195384963824 -0.0114189192815886 -0.00146822997667887 -0.0444332966599874
0.0235204126254184 -0.0315497424710408 -0.0118399121770275 -0.0418079557278706
-2.26819004707536E-05 -0.0365340183772655 -0.0163401608656885 -0.0405313317080619
-0.00726503805809752 -0.0333418223225094 -0.00884612814121013 -0.0347278847404632
-0.0074175614224839 -0.0313402992603996 0.00753657004328235 -0.0420922500788182
0.00812411906857025 -0.0373405265161876 0.0345443463207605 -0.0389425169562484
0.0319701574396051 -0.0296312689496739 0.0621201087548423 -0.0178434989274602
0.0495607568843641 -0.00633795512895332 0.058152197998436 0.0326597374742527
0.0318453409887249 0.0444934155581571 0.0172680130941435 0.0499810022516121
-0.0188768413737965 0.0548339086827931 -0.0219532273750351 0.0123825345900025
-0.0463188062725263 0.0349197091159572 0.0287394623430626 -0.0366894192830976
-0.0252646845377287 -0.00376669774647295 0.0895762768969197 -0.055549749388898
-0.0291753354227357 0.0149339654751379 0.0931465073272707 -0.0367597957484847
-0.00755298168427218 0.0266746349414844 0.0722287449116994 -0.0445022592360629
0.0158095483893542 0.0140221211835156 0.0325614821545683 -0.0524825479058687
0.0173376597708967 -0.00393239963093367 0.00889707645437285 -0.0490124466280692
0.0106255585468945 -0.012623045220627 -0.00796784172951586 -0.0531514179274434
7.71635520496181E-05 -0.0165463602203256 -0.0162004171651349 -0.0500208127446958
-0.00345857588739879 -0.0166278840019901 -0.0103946035397434 -0.04370226280759
-0.00389094882425041 -0.0159156640445724 0.00641814043805725 -0.0499985355218135
0.00444147967814181 -0.0210645818912954 0.035381484922379 -0.0475675993990296
0.0187837510818251 -0.0179559697893936 0.0658622204238316 -0.0234432743110666
0.0313979781870584 -0.0005749291445819 0.0611717381045238 0.0299019745895556
0.0143880582925046 0.0321799320004686 0.0192041362161694 0.0472917701399954
-0.020883379331537 0.0283808727370062 -0.0162474579074342 0.0102935233294769
-0.0321618971227788 0.00601757831590411 0.0413656166205279 -0.0392486331372076
0.00740206152117558 0.0156012698119701 -0.0497077385888309 0.0499015487488648
0.0109616464540026 -0.00628031860665142 0.0273164497796162 0.0105647745494683
-0.00124859192269025 -0.0100872439655562 -0.00807038763412428 -0.0532044156943123
-0.00692946967594042 0.000779421413074701 -0.0641839151082975 -0.0405714208600011
0.00103437610549298 0.00477590927733185 -0.0768480105082904 0.019957772102929
0.00244763505959722 0.000916978475161251 -0.0422230314457415 0.0575628487781743
0.000835808448976298 0.000546866389806533 -0.00844366119237419 0.0587067592094348
0.000551684756512815 -0.00374128411392249 0.00976696178678329 0.0513654932258315
-0.00153790022619219 -0.0054032576331911 0.0186044759002469 0.0505348488434407
0.00136766190491613 -0.00870784501894653 0.0117756932239045 0.054840659098522
0.00910406210499711 -0.00470309976015926 -0.00771236131139728 0.0556888274297116
0.0101027250981669 0.000202008000867934 -0.0315832078287794 0.0515233791704356
0.0113303419218471 0.0101375570458035 -0.0699448622762028 0.0405773719034608
0.0073185151255436 0.019145673933671 -0.0958977886103946 0.0285725228628926
-0.00737856411629524 0.0240062650800796 -0.0948339317954741 0.0492855254877028
-0.014408583990979 0.0357107083136003 -0.0508369544893809 0.04199189739406
0.0058431094747408 0.0230899197206497 0.0296553151280159 0.00861795835571275
0.012443649718467 0.00901789084368958 -0.00310431403147742 -0.0567161553903232
0.0146843715909487 -0.000318229391567354 -0.0619110839416561 -0.0476985535671776
0.0167438138814838 -0.00725047787855918 -0.0784022470490593 0.0140490770262549
0.00963562818565186 -0.0173280921102454 -0.0444878883596847 0.0518251171439943
-0.00208343244848971 -0.01801101571787 -0.0117337494117447 0.0531706675080511
-0.00274971283076059 -0.0217433926048778 0.00803737760176016 0.0460666294652466
-0.00331673656438776 -0.0247823710689095 0.0194634246649437 0.0435189140454885
0.0124394003249566 -0.0313186393180483 0.0195970738052427 0.0482520214400888
0.033547982827449 -0.0165548216159823 0.00573331897271929 0.0546945507808343
0.039098727525957 0.00682843090895128 -0.017775711625703 0.059142810347131
0.0231875367984866 0.04084380285634 -0.0592677611526355 0.0501671922993024
-0.00956133298406615 0.0546979196339472 -0.0838460853676089 0.0322849765616013
-0.0354386130304572 0.0491544376469262 -0.0806110478146592 0.0428210527642985
-0.0382978824620602 0.0506752727632629 -0.0408638453612912 0.0267976316927408
-0.0050497971204174 0.0526320116386284 0.0371330372548691 0.00409899190763626
0.0228578638780777 0.0330600680599525 0.00845263801274351 -0.0612148229707519
0.0377369117589435 0.00264708467552924 -0.0534361059536385 -0.0577783268480828
0.0342356296826083 -0.0177233880094131 -0.0747906096450887 0.00388354119498781
0.0179123891949662 -0.0336830978362973 -0.0448002827029244 0.0397078124323823
-0.00304518420445644 -0.0347296035143058 -0.0148065071296212 0.0403887935741183
-0.00557466896699137 -0.0359674132275453 0.00497346903683001 0.0342094457014136
-0.00559240471658871 -0.0388174506293382 0.0194830008951523 0.0292302740366792
0.0170926142885872 -0.0481377587580229 0.0284697333115279 0.0333818846715594
0.0481215436395599 -0.030409187599727 0.0240318318603053 0.0457107297732705
0.0616500473967824 0.00237139557635908 0.00288169576551486 0.0632310355939049
0.0397467180795782 0.058159538293542 -0.0411599507472156 0.0604367724951798
-0.0141008960471401 0.0809574297196965 -0.068646331281661 0.0333861641523968
-0.0536600451733201 0.0687885323371963 -0.0584591952529157 0.0296277510598185
-0.0589463021813501 0.0559884001427517 -0.019962774747008 0.00794604390425733
-0.0212947389452892 0.07599230044959 0.0495965638522895 -0.00425851784453701
0.0258285796247505 0.0578970580233331 0.0253280650743055 -0.0635356407880274
0.0570490994917825 0.0113511265523646 -0.0373996918954659 -0.0665166183681038
0.0499251914046134 -0.0236706772473004 -0.0634335597422816 -0.010009291465875
0.0261532414316299 -0.0460005543723152 -0.0410973070721549 0.0212807198452297
-0.00239570199461813 -0.0474967108293266 -0.0169554176925062 0.0211052699788288
-0.00812697212222761 -0.0458210169207769 0.00140657074520204 0.0173398556183275
-0.00844929168159352 -0.0466145414565174 0.017169286289989 0.0106156802427428
0.0163435145982308 -0.0579651479415842 0.0342499534406233 0.01374787086955
0.052491266204577 -0.0411755334982433 0.0408801717761427 0.0286547011196108
0.0731080754947658 -0.00741997649066033 0.0258130840511182 0.0588859133388691
0.0535089182477874 0.062438421952202 -0.0195364434130358 0.0643654270005404
-0.0117608811375147 0.0931843256047107 -0.0527572452333111 0.0307638010830281
-0.0604646581810092 0.0781929915438887 -0.0339591168079136 0.0110353292066046
-0.07118232956175 0.051540310592543 0.00959757491884754 -0.0123674545182147
-0.0384180659536054 0.0846836688450376 0.0642671066854691 -0.0140365845878357
0.0194968896414644 0.0748268048591109 0.0434819140203241 -0.0611773643219171
0.0657026793721054 0.0230948171307764 -0.0143836923771397 -0.0692881006076781
0.0589559896960368 -0.023216477193716 -0.0437968869039117 -0.0248961988708849
0.0316868637832739 -0.0494977904982138 -0.0327791964024173 -0.00140915388720492
-0.00155547868657784 -0.0526622366486578 -0.0173800336566935 -0.00108562274367559
-0.0100075697737507 -0.048678590704529 -0.00226898468588514 -0.00129759767943261
-0.00987107411896077 -0.0471001256108262 0.0139452723256077 -0.00899745463589749
0.0139029431806334 -0.057738361050217 0.0358839275786969 -0.00731263966103618
0.0490830993732177 -0.0440461209434558 0.0516480858100406 0.00957505880449935
0.0718010844571358 -0.0127326278262543 0.0426741957049098 0.0499313885086383
0.055911374525661 0.0582499401177462 -0.00195156457559631 0.0605574666802369
-0.011583236063652 0.0898155839354715 -0.0398587955155252 0.0245700170233475
-0.0606655702988453 0.0742236926430851 -0.0101614213469117 -0.00844976479166889
-0.0682306207169535 0.0378640824514449 0.043187271954502 -0.030963380253462
-0.0480150825985504 0.0742971388994968 0.0792835544963424 -0.0226345392189012
0.00750081472415685 0.075437570989447 0.0594413750913595 -0.0539859348704179
0.0590891384389923 0.0296434697077554 0.00847458711463483 -0.0639278992185663
0.0560097838221186 -0.0178576394157367 -0.0200434522455226 -0.0365256148183036
0.0306212504040978 -0.0438983206971207 -0.0219559934437782 -0.0241717265023663
-0.00046877653989322 -0.0487901912750477 -0.0171757044369003 -0.0229524487450657
-0.00969844428813599 -0.0440610362721838 -0.00524084225709921 -0.019205370779006
-0.00973469592113351 -0.0413249853676473 0.0103160216744899 -0.0270577429838866
0.0111898313224411 -0.0494935752532592 0.0348185250379591 -0.025055232841241
0.0415944269774942 -0.0390083514263909 0.0569826071720194 -0.00646347548885346
0.0624498026465154 -0.0114950101558514 0.0520615239477916 0.0394061320672886
0.0462417729632486 0.0519698911308034 0.00977675141785016 0.054286312607023
-0.0146586249878125 0.0748643779931045 -0.0293966957148892 0.0172674272569619
-0.0552583161995541 0.0578580698758747 0.0104158928056944 -0.0246853970720222
-0.0518170506791542 0.0180222894448436 0.0717523685845392 -0.045210258703151
-0.0447759844263106 0.0485634653747296 0.0895040287046237 -0.0287708125463532
-0.00266983722131731 0.0571101988088851 0.0687262431999682 -0.0459971575110428
0.0403141261112544 0.0262517139213518 0.0256060785689777 -0.05562642641442
0.0411780069868976 -0.0107618461222992 0.000106306243675855 -0.0437020779752367
0.0232840899435469 -0.0304752286816759 -0.0120265235135794 -0.0416707582561638
7.08400834222264E-05 -0.0353922052251466 -0.0163581446986724 -0.03978342071025
-0.0071957483403336 -0.0324967647411736 -0.00795584250282305 -0.0337531221487051
-0.00714974113416528 -0.0303572663027522 0.00738069578385236 -0.0410493607638126
0.00805171705130782 -0.0363341736004794 0.0342871573921204 -0.0386304293323732
0.0313635252731399 -0.0290790072662979 0.0611121903206966 -0.0172237403851376
0.0480152129392134 -0.00599975715134532 0.0569581428943229 0.0329674439490737
0.0308143274810039 0.0436130760477899 0.0162114633454619 0.0488168505085878
-0.0195751221971748 0.0535359260444435 -0.021240514006577 0.0121788636376722
-0.0461759964286323 0.0335246725795492 0.0276343028895951 -0.034937825993306
-0.0250207027905361 -0.00421761711704466 0.0891032177989613 -0.0528023430406338
-0.0288209139949632 0.0141732175246852 0.0917761498644618 -0.034357421677386
-0.00746704610445649 0.0258082714047017 0.0721074165189695 -0.0420498380254077
0.0152423447790334 0.0141999967664489 0.0333265245176939 -0.050313408620941
0.0170346617928251 -0.00403646613488159 0.0094566485810221 -0.048332984766727
0.0104924856092847 -0.0116992285268215 -0.00795250762639016 -0.0521178410057773
0.00053758134103593 -0.0160771634897637 -0.0167118983623763 -0.0494803428379594
-0.00356384342509615 -0.0162857069052442 -0.00981878840204798 -0.0428526456220355
-0.00360279275798096 -0.0160821327578672 0.00651335758746511 -0.0492584281572399
0.00459928363296423 -0.0202615607977764 0.0355335917884856 -0.0460710610813517
0.0181813282659284 -0.0167217277008337 0.06497534651583 -0.0224758598524421
0.0302943352243774 -4.06214314487398E-05 0.0599474473407129 0.0297456923792107
0.0138378571387796 0.0317028069739329 0.0180440508219349 0.0467845475887755
-0.0210587542985438 0.0278617201980997 -0.0166467971387602 0.010100869148648
-0.0312101742837258 0.00551954915647284 0.039934044597427 -0.0374851438423455
0.00738943381549747 0.0159281635134468 -0.0505601689045501 0.0494100363763856
0.0110165347116046 -0.0065956667958596 0.0285875892971776 0.0106944082756077
-0.00125449942944785 -0.0102094262579033 -0.00659451029249105 -0.0537969960689714
-0.00684871496133453 0.000721159550041807 -0.0632753265873018 -0.0418130775747705
0.000758172903189591 0.00471000828194491 -0.0779129740200679 0.0191567434970269
0.00256312661235045 0.00052908751143464 -0.0432782986003509 0.0569683105425298
0.000727527373533376 -8.25611237079303E-05 -0.00822313123014755 0.0585170431888753
0.000990817073179245 -0.00414807630763543 0.00978155829297082 0.0513523645418082
-0.0013236311513274 -0.00540572797717281 0.0185284902456102 0.0510857407774431
0.00214472799161212 -0.00863150192904809 0.0111809618144723 0.0550655633805542
0.00940185814769776 -0.00471121385496237 -0.00863009503154878 0.0560864187205784
0.00979426747828191 0.000563273630730772 -0.0331634565492314 0.0506804402696434
0.0114159905330732 0.0105948241247828 -0.0718903243390888 0.0394537881161067
0.00682027831224828 0.0190904931514399 -0.0964830286149202 0.0266642697640328
-0.00824050902506483 0.0238368425097302 -0.0959095387017911 0.0473551214291779
-0.015488888575488 0.0356197520747589 -0.0514896743433937 0.0414413315031634
0.00578858576970427 0.0230763555310009 0.0307038388721302 0.00918959985576323
0.0119956814020652 0.00954389265284875 -0.00133747261176452 -0.0562914756102005
0.0147711807678189 -0.000563000752580471 -0.0612094371685493 -0.0489986733677574
0.0167835398868784 -0.00734463385146568 -0.0786858395340881 0.0133876887009042
0.00985586260971576 -0.0174239936967612 -0.0453360445764258 0.051500192461904
-0.00152490395789423 -0.0182747595267118 -0.0119332016896585 0.0532971852342053
-0.00272893757712593 -0.0222042900252361 0.00796284990311584 0.046443793284926
-0.00261644361291903 -0.0249800521973329 0.0197376180374911 0.0442901548689922
0.0127755618931599 -0.0310797707192205 0.0193843759933438 0.0485317255177897
0.0337054344573939 -0.0163451589608579 0.00513264283995776 0.0556522974105738
0.0391742597881145 0.00749431997759631 -0.0196179709873483 0.0582166044499312
0.0223335866910102 0.0412922695589713 -0.0607525043134497 0.0492456028456438
-0.0103697376028792 0.0545093830873804 -0.0845356335703573 0.0307245280026968
-0.0373774096163632 0.0480906843768983 -0.0810427851443097 0.0411924555330731
-0.039681545764506 0.0498885602774514 -0.0412510341331102 0.0263433171236125
-0.00588938058860261 0.052927537702025 0.0382320005840116 0.00447746389384902
0.0217414483296947 0.0336843345176143 0.00987446971383931 -0.0608010136324933
0.0375981040601283 0.00304374663425796 -0.0523507951340693 -0.0592641977796494
0.0347998298917021 -0.0177842380633496 -0.0750658052446881 0.00292119935548722
0.0183747258229726 -0.0335578658017751 -0.0457695251067954 0.0389661525788965
-0.00226471298355764 -0.0350405964215712 -0.0156385087376493 0.0401068651692506
-0.00530346116230012 -0.0366030390476188 0.00454165865781367 0.0343094731588847
-0.00479486084122777 -0.0395111867729823 0.0193761356173634 0.0297352287139115
0.0173145666886689 -0.0482851125049147 0.0286246814660618 0.0336578854499887
0.0488301975561597 -0.0306527627536487 0.0236422680603024 0.0462816185463973
0.0619690687330326 0.00294299212343181 0.00229863580369562 0.0634746358278707
0.0394259464413665 0.0588997709996035 -0.0426845351421604 0.0593942228563713
-0.015402887431626 0.0811998712012517 -0.0692586212788166 0.0320771078975751
-0.0555459981018674 0.0673115443563352 -0.0593106834528484 0.0288755712565041
-0.0610317296595863 0.0550010323574246 -0.0200870942465513 0.00819439941588526
-0.0223041856394089 0.0759500825894661 0.0508936702126763 -0.00300481138154998
0.0248379950636754 0.0584015835491638 0.0268234037300656 -0.0624984019060789
0.0569431539981095 0.0117829795662352 -0.0361337962258937 -0.0674590174068776
0.050370785416695 -0.0232597910108751 -0.063346280260749 -0.0112251952518327
0.0265577928178485 -0.0459942822034522 -0.0413866785122917 0.0200677282452217
-0.00239834080751337 -0.0475308710554724 -0.0175162905215502 0.0210394706805091
-0.00814918757197516 -0.0460292908858603 0.00206821356359788 0.0176584447260452
-0.00754209398678812 -0.0470187385010951 0.0170915056903909 0.0107886252127827
0.0170520992415375 -0.057500428812114 0.0344532136654636 0.013557154807727
0.0528820040656919 -0.0413676146153851 0.0409673173889452 0.0298049052540043
0.0730405946141355 -0.00666693613026003 0.0252919669326529 0.0598279851841367
0.0530368967566358 0.0629005250209505 -0.0215696911998624 0.0633760226897043
-0.0134415750592006 0.0933589507852217 -0.0537193271121717 0.0296428546046375
-0.0630173523092042 0.0766625786467232 -0.0344651418656026 0.0110810501211671
-0.0728708461597813 0.0501341060673384 0.0106951719488443 -0.0122862321879599
-0.0393817879474586 0.084543935277246 0.0658777692016626 -0.0124016617128683
0.0183825325367002 0.0761403260432186 0.0454994497987001 -0.059565332306576
0.0651961756258376 0.0237466170478533 -0.0130493262558314 -0.0694696414815134
0.0595797534491309 -0.0226856801029575 -0.0428889509917974 -0.0261737769473255
0.032005914354304 -0.0498059244918438 -0.0330842212007976 -0.00256914390729571
-0.00165296712522 -0.052438298844703 -0.0180641131271134 -0.000693012188699417
-0.00962638474268921 -0.0489408088490551 -0.00165932289017051 -0.00137441752131062
-0.00935910436133977 -0.0473175725527012 0.0142472786558691 -0.00842824356906258
0.0144881143353935 -0.0575010896846826 0.0363716156475987 -0.00707370873096639
0.0499529366615472 -0.0439806659462323 0.0515427745953892 0.0105150251998326
0.0714168122206427 -0.0124085248189226 0.0423258058642519 0.0501143013920301
0.0555046224228369 0.0593752555746932 -0.00327996819597613 0.0602065649447209
-0.0126494641623793 0.0903598997144056 -0.0404384238819932 0.0235276797923008
-0.0622950042723966 0.0728039621931538 -0.0104655888940602 -0.00816085555337634
-0.0697468607074355 0.0366515326231112 0.0450381843472506 -0.0304497264794341
-0.0489740439613442 0.0738632425752376 0.0802745653312454 -0.0212739952016689
0.00661379413068916 0.0756233751675447 0.0608270632923399 -0.0523298392203101
0.0588846253348333 0.0306791605609972 0.0101429647641525 -0.0640562975615926
0.0566745030082032 -0.0173635105297364 -0.0190732835951282 -0.0373112505550441
0.0316942157531839 -0.0439301522530673 -0.0215696015637634 -0.02482744592537
-0.000161190384029074 -0.0484518551775791 -0.0176854442135752 -0.0228902403170524
-0.00912417424801337 -0.0442095279239245 -0.00512020339179383 -0.0197328691574532
-0.00896311174747439 -0.0414263002686547 0.0107708934484383 -0.0271742368559333
0.0117415022935795 -0.0492291017451684 0.0355531533092449 -0.0247940084790591
0.0419894131342057 -0.0386588133210759 0.0572856108822301 -0.00608015585195695
0.0622525842080569 -0.0106392652575664 0.0522057860504949 0.0402118204150667
0.0459661695753628 0.0523773188257364 0.00828373347650656 0.0540863908795838
-0.0158266430041354 0.0750298064484389 -0.0296992627146807 0.0169972991399381
-0.0567960117259058 0.0565394611270075 0.0103152040164586 -0.0245691583547787
-0.0526299504312073 0.0173963372584375 0.0729614581044076 -0.0434010366700653
-0.0452786156044197 0.047385129654048 0.0904507569728909 -0.0272437927976644
-0.00355456187247686 0.0570880304159441 0.0705039124093446 -0.0443253749238199
0.040009257248718 0.0268588375077382 0.0272442874175637 -0.0546724863405262
0.0414285154703765 -0.0102044619174135 0.00161197942690627 -0.0441858835557943
0.023918908987531 -0.0306929877185549 -0.0117834450717888 -0.0424446973970016
0.00061986371154134 -0.0357342023258807 -0.0167029124081819 -0.0399536540250482
-0.0071881315817541 -0.0326414291591812 -0.00805142045921842 -0.0340524627318111
-0.00674354058475543 -0.0304954238145987 0.00788239160105768 -0.0409740294406812
0.00882771448985235 -0.0365998935395326 0.0350196548696444 -0.0378718673345956
0.0312534370412607 -0.0285303898644591 0.061507438010512 -0.0161326427175462
0.0478038363142948 -0.00527620727088127 0.0571296637430707 0.0333675855004214
0.030666387111544 0.0436694133172002 0.0147778738613673 0.0488228952975511
-0.0202338615921371 0.0534579855215585 -0.021732528747663 0.011621644223226
-0.046694776525067 0.0323611880250624 0.0276329622493655 -0.0341991321151542
-0.0245624946838708 -0.0045441650814446 0.091263691439844 -0.0512218504641641
-0.0287923682839032 0.0135409591223247 0.0929898806157493 -0.0320027806200183
-0.00760702212903403 0.0258651400679437 0.0734753740373423 -0.0403956879981612
0.0153634529930643 0.0141643784577319 0.0352180671655381 -0.0493051779943307
0.0170455357047233 -0.0034063950026471 0.011663700231058 -0.0487265965143356
0.0109793519484707 -0.0119660882564621 -0.00793417577300453 -0.0523140583378656
0.000632923849757032 -0.0161740681346958 -0.0166831805053196 -0.0498098474688473
-0.00387910871758768 -0.0160371584829748 -0.00955025191546319 -0.0429704811679763
-0.00325160845037153 -0.0162826569692409 0.00733604677154998 -0.0491776312035454
0.00520039210690958 -0.020118925118201 0.0355318194657229 -0.0458595654646385
0.0181615988905292 -0.0168366218693661 0.0652545790802048 -0.0216465545810099
0.0300222984771162 0.000176970420846975 0.0599464513770509 0.0304059165479584
0.0133335762218038 0.0316770585658679 0.0172611419964159 0.0468677212992146
-0.0217150685330266 0.0273852189931007 -0.0170985291341291 0.00966852041451835
-0.0312769155105981 0.00546288998214902 0.0400081529087261 -0.0363496716746776
0.0149253220772734 0.00931024863157017 -0.0100973732964196 0.0699265187253474
0.00540616773173695 -0.0117704461251139 0.0302972807321083 -0.00914592927790294
-0.00744128960850976 -0.00739802209255587 -0.0375945499473452 -0.0409679865459837
-0.00557104377276562 0.00476541897482181 -0.0779519433675831 0.00409003214880907
0.00305793111193819 0.00341934802368925 -0.052246027338873 0.0622022869313249
0.00214116169356296 -0.000873626343245188 -0.00031559651984234 0.0721624114120171
0.00101583630811535 -0.000628030177508627 0.0289494692368757 0.0530000351703336
-0.00220393481666192 -0.00386016125923711 0.0393683504737814 0.0360101047831771
-0.00429187154511988 -0.00391324285329259 0.0469852795394122 0.0301990025399837
-0.00343386889622371 -0.00845129123416549 0.043211409639396 0.0388415118580515
0.00525913345674746 -0.00909225899345234 0.0272937929344684 0.0516853153198051
0.00919997896169231 -0.00532900505722276 0.0026499505441894 0.0617447094216182
0.0159305594757699 0.00290666786016792 -0.0350384858959844 0.0765840117316582
0.016503348112616 0.0124948152535223 -0.0632851439326108 0.0825260132338127
0.00620075030978946 0.0264948406935274 -0.0509758987287075 0.0978710893793449
0.00678908075585873 0.0390217191041442 -0.0141525632358707 0.0659467495942063
0.0179344881644048 0.0153280901701353 0.0323099670131994 -0.0112016734731123
0.0147000142112709 0.000414438326766595 -0.0339910121713889 -0.0465499671983752
0.0111624202652772 -0.0083363577757562 -0.0797652390233538 -0.00408481123457232
0.0094205937796675 -0.0159449199918689 -0.0562683749932906 0.0576599125980489
-0.00245472412544592 -0.0195834203297649 -0.00542461257727774 0.0684680021820006
-0.0121609211089781 -0.0138822106879243 0.0226354951574012 0.0506288779199406
-0.0157559870394313 -0.0169874709268808 0.0344036396121283 0.0326330351515108
-0.017415661250834 -0.0189584920889299 0.0434723567551044 0.0236195004771392
-0.00823598924370414 -0.0336333321831259 0.0467090900227423 0.028343581466457
0.0181135767725025 -0.0345328550855231 0.0377952111492521 0.0426511028200045
0.0376854063373628 -0.0172420383424862 0.0191880745355172 0.0603733299612965
0.0453768299628169 0.0223625140779493 -0.0200960553427665 0.0775710928541862
0.0243832658815194 0.0535095440477942 -0.0516750272659071 0.0781328248140725
-0.00318780559838573 0.0651436516659362 -0.0427962494676456 0.0828665148376222
-0.00612055205360837 0.0646872820845013 -0.0133695888289639 0.0490050401009548
0.0249920822137153 0.0458621318744784 0.0367754162116476 -0.0177763638217173
0.0369363224780057 0.0147171419244489 -0.025374841224882 -0.0567113510019976
0.0313781553727653 -0.0185065897648191 -0.0779571372114717 -0.0183107645909792
0.0180502070458892 -0.0341245483962957 -0.0598192925288551 0.0460115261950501
-0.00491060335624249 -0.0384456534909629 -0.0133471748793732 0.058003044199935
-0.0227394035185705 -0.0266980323342036 0.0111639761317758 0.0422337808493004
-0.0270631003508779 -0.0268531823940471 0.0253103043184502 0.0248167127414008
-0.0283417965682704 -0.0293432555998392 0.0346397582449425 0.012391012774669
-0.0155866330319194 -0.0508247993266034 0.0449304646818236 0.0101705596592989
0.0216466886550519 -0.0560197879863066 0.0473367631006476 0.0236162018888645
0.0542800003253257 -0.0348609799584225 0.0397931838493636 0.0510071130732088
0.0714418551514201 0.0267128781013986 0.00046032338636036 0.0744129408241331
0.0377756700481981 0.0795129315968863 -0.0391100976160895 0.0694970299781949
-0.00590979927562675 0.0930810711469136 -0.0327436644252614 0.0575600284935431
-0.0210157254161962 0.0808623524822596 -0.00684739875523816 0.0221294231114579
0.0248558358839874 0.073978836746702 0.0422602426016701 -0.0304331432244172
0.0536214274878561 0.03372077806407 -0.0109287355312139 -0.067615244119574
0.0521386424178765 -0.0218289043217131 -0.0680240161126378 -0.0356598742814962
0.0273904958347495 -0.0479919136806644 -0.0582443501329025 0.0271396314739145
-0.00514730264520006 -0.052998211863955 -0.0218186213746839 0.0401498354124091
-0.03036311246937 -0.0368512039913684 -0.00212403913408892 0.027867223656519
-0.034807601837709 -0.0328315781836877 0.0125519847933896 0.0131609972160998
-0.0351644825569916 -0.0343803555257606 0.0221033543511665 -0.00195610617035353
-0.021976841962392 -0.0584453006647472 0.0376046551222137 -0.00966569769431306
0.0187435176738143 -0.0679810846575052 0.0506931071985946 -0.000660073085423669
0.0576366744961727 -0.0500773524730187 0.0567880980445226 0.0339292752335974
0.0858074799148283 0.0215311892400936 0.0202856339081672 0.0649485662568861
0.0474597177223649 0.088647147696336 -0.0284206339230886 0.0578989754464188
-0.00620163358385751 0.104930890517008 -0.0229980269674889 0.0265044271406202
-0.0334765372635513 0.0828439445583129 0.00544020685282451 -0.0124219350284474
0.0157609259721506 0.0901135314400302 0.0482094161551328 -0.0459697241849115
0.0582800514863519 0.0508509383128682 0.00639160643473508 -0.0752597858526237
0.0659412412485448 -0.0170867248661161 -0.0497913384441241 -0.0517113178190462
0.0352257624207818 -0.0528520834952613 -0.0501088306239508 0.00197196595231147
-0.00294644012973091 -0.0591855234299562 -0.0285187618059216 0.0162662508445152
-0.0324627223287745 -0.0411328368389626 -0.0170456926117499 0.0103262064040332
-0.0377546108355207 -0.0341104319253035 -0.00200517734097706 -6.43320433147708E-05
-0.0367607372518366 -0.0332104461802362 0.00727055550015705 -0.0160362425413744
-0.0239999971888456 -0.0564402655762617 0.0263885083015014 -0.0283084230481131
0.0141447718655165 -0.068115253990058 0.0479680237698936 -0.0231264362104128
0.053401372245279 -0.0536324179886149 0.0650376043072327 0.015047913237866
0.0854979140503208 0.0164952319351996 0.0330429532685102 0.0510901087510216
0.0459002727108636 0.0842596733836002 -0.0214283179530677 0.0452123545859979
-0.00801887392911253 0.100822089640486 -0.0153001858672991 -0.00403775509127908
-0.0383274757132605 0.0698227962767863 0.0214390053374574 -0.0476854382607722
0.00167924382589259 0.0868031996308135 0.0545902913238515 -0.061845015325928
0.0491689989009561 0.0583415423256241 0.0237737432556956 -0.077691150023414
0.0646336672971741 -0.00830743817258367 -0.0265390950064833 -0.060533267574302
0.0359670572824384 -0.0470609039173712 -0.0367545573412685 -0.0210985542161151
-0.00022821481021388 -0.0541843761530822 -0.0330439174485258 -0.00843705731152927
-0.0286429300931799 -0.0385676699038178 -0.0296348253983152 -0.00756400323656403
-0.0346618618627962 -0.0303268969083541 -0.0160524569466187 -0.0130069300587808
-0.0328737746289239 -0.0285686129733626 -0.00691103638000071 -0.0284316943770451
-0.0211709044406519 -0.048104589195784 0.014446787052346 -0.0427054624642757
0.0109027659132784 -0.0587056400889368 0.0431593538360501 -0.0394363669719353
0.0459631085325498 -0.046536128334464 0.0668853813853933 0.000740069051323119
0.0731685258901559 0.0163717719228106 0.0392216968393373 0.0386548793129964
0.0340311577671493 0.0736412144947118 -0.0163412087711307 0.0322843978834245
-0.0119917150564829 0.0836219011658014 -0.00802810170878908 -0.0298584898810739
-0.0347074955182061 0.0439369582846044 0.035764638788454 -0.0764295001447285
-0.00927629186540775 0.0634165263920392 0.0582263631834469 -0.0736895815760252
0.0303225812491552 0.0478675376584035 0.0350850667159989 -0.0764649514956497
0.0476370067358126 -0.000898670626881585 -0.00774537033755545 -0.0630428604253957
0.0270957369563912 -0.0321693489440976 -0.024539911455348 -0.0386794812954781
0.00136991273382271 -0.0388855682583599 -0.0360344210444472 -0.0282406671476579
-0.0210234723733315 -0.0287654814385357 -0.0395446806834418 -0.0222007170407187
-0.0261166070274457 -0.0220870659344811 -0.0271490284404549 -0.0229155963048949
-0.0241940500626341 -0.02149017021748 -0.0178938622910215 -0.0379611062524138
-0.0149436499343502 -0.035538221226696 0.00618353885272577 -0.0529739945774729
0.00873943029394267 -0.0439158773987549 0.0398954858041793 -0.0507139999159002
0.0369757492761725 -0.0336410866324632 0.0671112300953919 -0.0072209392557874
0.0543763373562529 0.0183389758053873 0.0414081706107971 0.0304773835623862
0.0161420807620618 0.0579108457064839 -0.0122934163630584 0.0235250161017893
-0.0188341714771019 0.0571145570813893 0.00134037802133268 -0.0480434942885619
-0.0235801053527068 0.00955633684006619 0.0437939129007844 -0.0948780088030406
-0.015502361076882 0.026534148000593 0.0565121209015608 -0.0805283593965072
0.00923453564277094 0.0246734374547089 0.0380827214149979 -0.0763047947785122
0.020120768045687 0.00235553180789579 0.00109642731304621 -0.0625140773657642
0.0118262428137052 -0.0129662448372418 -0.0192932458034128 -0.0473444724724214
0.00194321090161043 -0.0161732900668639 -0.0387794430685011 -0.0385894261539022
-0.00914515135009649 -0.0133434914192371 -0.0451116036685532 -0.0299097662599603
-0.0130415345180932 -0.0110409446554072 -0.0333160981954735 -0.0292479648513295
-0.0128197544991869 -0.0118066605876554 -0.0238030841919667 -0.0445260578068873
-0.00848153029820396 -0.0199498796155493 0.00152880682615769 -0.0598924095213266
0.00529218383449076 -0.0254792567829171 0.0398591272013743 -0.0573180707020391
0.0257289080995988 -0.0180381566389945 0.0678926427364909 -0.0116207363239982
0.0322060059162552 0.0186865234167915 0.0422811973722071 0.0269640980690735
-0.0011826023371077 0.037012012519817 -0.00882212072091363 0.0184990886537765
-0.0229547116357768 0.0235626135734953 0.0102541468996125 -0.0564218944288144
0.0156242789039072 0.00938172951289688 -0.00867717351544005 0.0724661701160755
0.00506736000846868 -0.0119428522269399 0.0318816538202121 -0.0111010304062632
-0.0077869674423823 -0.00777389011644081 -0.039119319568947 -0.0411737242320567
-0.00573379734947953 0.00516943723915445 -0.080426354141988 0.00606975425803468
0.00297499879485992 0.00373616265381623 -0.0528816472295424 0.0660808445609651
0.00229522145291298 -0.00101028328579124 0.00155445678466163 0.0747252501864476
0.00135085327169835 -0.000829851971509114 0.0311276077801267 0.0536097712066191
-0.00261760630271118 -0.00410035294568202 0.0412682514417653 0.0357262639369292
-0.00492882016810122 -0.0039577562583272 0.0491616827908797 0.0292093137091566
-0.00417918970621959 -0.00850911701256564 0.0461981455796354 0.0388761223218207
0.00531338984476131 -0.00970838991492501 0.0293948959615926 0.0529871190582592
0.00957941006410361 -0.00528228113322056 0.00353822009082544 0.0639310003579999
0.0169115104950391 0.00245184579952058 -0.0352247347987209 0.0800739652190334
0.0166227774564661 0.0127828554381184 -0.0639079179787478 0.0858496418425273
0.00633321987346479 0.0278822522357413 -0.051146859535339 0.101568626300186
0.00762832684985169 0.0405035257886916 -0.0132595195279578 0.0676486605663851
0.0181126619037326 0.0149801385170323 0.0336882791748435 -0.0125400406382887
0.0148989973668366 0.00049148122264442 -0.0348942718148193 -0.0472832246868661
0.0111195869581884 -0.00831450568659621 -0.0822720646330671 -0.00249667136015335
0.00927510435373213 -0.0165251753062012 -0.057279887628362 0.0611098820481777
-0.00281614644243503 -0.0203793183152101 -0.00458921704040125 0.0706396550491873
-0.0130361231130706 -0.0139291895748843 0.0246367544045105 0.0512472407164009
-0.01685953334176 -0.0167263541444619 0.0365689107250865 0.0323877248203133
-0.0187426981936119 -0.0189337868158658 0.0461837789294907 0.0228315542404421
-0.00977454919485248 -0.0344695452270931 0.0491972203205097 0.0277960389488091
0.0181067781598998 -0.0367549341975519 0.0405533513203327 0.0433046052546761
0.0383829710548938 -0.0184917660790216 0.0204281570715774 0.0615835536254542
0.0473462420756967 0.0218976985482327 -0.020278317765747 0.0811151939209686
0.026675871564892 0.0549007360920309 -0.0524631710183086 0.0805725714051891
-0.00307164501031743 0.0678224636129685 -0.0423981943405422 0.0860136621828694
-0.00545506060659945 0.0671349502815582 -0.0129505439225877 0.050123622750505
0.0271918062183422 0.0467676825334505 0.03791267358288 -0.0201931917176185
0.0379256705138539 0.0150093479706452 -0.0259027691037972 -0.0577592913940944
0.0319791713826556 -0.0193262049565791 -0.0803685450947113 -0.0177373290630927
0.0172452440651332 -0.0357781681481677 -0.0605897545318452 0.0486994158751834
-0.00638103601397013 -0.0391749935978057 -0.0128841874518565 0.0600449259479703
-0.0244415278376599 -0.0266777489358672 0.0128422151988964 0.0431368168958638
-0.0290922855113086 -0.0263783064970223 0.0270549101683431 0.0246598421317926
-0.0297645967246227 -0.0297427759331304 0.0369121898986239 0.0111090712716856
-0.0176066006322103 -0.0520468372340036 0.0465770459518463 0.00878487078406708
0.0208609478359949 -0.0583280893093625 0.0501158904168611 0.0232295914595318
0.0549018255690331 -0.0376103155911987 0.0419756307587968 0.0513711146124475
0.0745000672009098 0.0256647447093342 0.00134349646546511 0.0774434466029319
0.0409269107500532 0.0815798678085938 -0.0389446261608785 0.0723359360574297
-0.00558662835635897 0.0959179655492677 -0.0326598184472783 0.0604088403739136
-0.0207436978137212 0.0839557531011615 -0.00610866505067818 0.0223353699950432
0.0271954378094582 0.0755115416113838 0.0437569088340507 -0.0325794639074904
0.0561476489896019 0.0336838440214777 -0.0114529036695319 -0.0688956198597976
0.0535439010733441 -0.0237356444228556 -0.0710184738018164 -0.0357141328423479
0.0269636947220872 -0.0507188978790548 -0.0594967766805188 0.0282443210781222
-0.00725346020445955 -0.0543835943005962 -0.0218742691279306 0.041759123227837
-0.0322110407066339 -0.0366363395339336 -0.00180515809205983 0.0294392210417446
-0.0370477845466868 -0.0326860605167655 0.0134899920470642 0.0127532864319396
-0.036975590083614 -0.033700639118807 0.0231286412219604 -0.0030623334466552
-0.0238341265089623 -0.0596795030549556 0.0387482403189865 -0.0116954316345559
0.0169443444859351 -0.0705621331137998 0.0530601444537387 -0.00148829590807837
0.0576436312963651 -0.0528578493138712 0.0586211497244654 0.0331005827398393
0.0892555538495402 0.0202287803885497 0.0214365678781544 0.0668386031623794
0.0509523490065013 0.090113676252596 -0.0284244639488805 0.0602907053895019
-0.00523895229209805 0.108244235828365 -0.0232964482649809 0.0283143317427068
-0.0335308043982874 0.0867078085196473 0.00578384239395309 -0.0128430072863011
0.0181690392268183 0.0924435808272231 0.0499732499616735 -0.0485097585385347
0.0613735085206648 0.0518288087428945 0.00626190648575181 -0.0774681451125452
0.0673162477243135 -0.0194457100186834 -0.0516251369485751 -0.0528216365324328
0.0348440522217898 -0.0554199167967003 -0.0517494535817598 0.00252014758576658
-0.00459140108229513 -0.0609826777070867 -0.0295151423648772 0.0172170990902008
-0.0343220047937446 -0.0415959367246313 -0.0174133528461663 0.0121628063210156
-0.0395943209197554 -0.033698737041361 -0.00222707367118859 -0.000218211698681178
-0.0384625387505261 -0.0331221264228271 0.00773692186600224 -0.0167684556397528
-0.026083560460645 -0.0579057044849003 0.026530352541391 -0.0301398391392015
0.0124270803226041 -0.0706451175106693 0.0493455966237595 -0.0244599519078975
0.0536329042055287 -0.0566915396384552 0.0670057811808193 0.0135422823787092
0.0885841506376993 0.0147738321153465 0.0345841029728821 0.052082038879536
0.0497612781944661 0.0863800431966899 -0.0215192236424734 0.0463841039617352
-0.00713337509131156 0.104233209912401 -0.0160239990480452 -0.00310974971438538
-0.0386736763498065 0.073005977646461 0.0221803334735366 -0.0498611495908572
0.00388337141911156 0.0894091497102222 0.0551378079579711 -0.0651075128952947
0.0518064945677013 0.0588140828648581 0.0234663759969167 -0.0805145399080657
0.0661030602668536 -0.0101075359875311 -0.0277438643889576 -0.0624170665617152
0.0357252153139729 -0.0494405126786401 -0.0388193943736324 -0.0222101046870367
-0.00172042552693102 -0.0560525582625648 -0.0347732232598315 -0.00819757948578005
-0.0307523263562798 -0.0386123690639411 -0.0314049103993037 -0.00651133642624452
-0.0367112873088055 -0.0300207650402587 -0.0168285311628219 -0.0128244333747219
-0.034301739076676 -0.0281295466141648 -0.00751365116650512 -0.0291021128692389
-0.0227135012176843 -0.0491640117783558 0.0139899556318975 -0.0448589303535473
0.00984667613627375 -0.0608472189444239 0.0438353319855347 -0.0417715634375648
0.0457244698587204 -0.049029887674391 0.0687950766519103 -0.00102533897185231
0.0758664974121628 0.0144403503354844 0.0407531252414654 0.0391218978360406
0.0364260783898515 0.0755096102929526 -0.0169200500545827 0.0335849116188676
-0.0119943254948777 0.0860389598569228 -0.00883018260573366 -0.029913841947402
-0.0352841102304516 0.0459497250297672 0.0357296422935696 -0.0798359928819377
-0.00827872032172114 0.0653092590982514 0.0589696680328689 -0.0769494896493706
0.0324834160618645 0.0487974689732031 0.0351681578443023 -0.0796323936439362
0.0487933407267045 -0.00231522064742049 -0.00779838481022592 -0.0649121482431144
0.026942427893989 -0.0342638004393799 -0.0257475509690188 -0.040431492918076
0.000582624981992276 -0.040264782952975 -0.0378566695593278 -0.0283660594215535
-0.0223286870224529 -0.0284155259721665 -0.0415847679962271 -0.0208513215635809
-0.0271698071397305 -0.0219975380757542 -0.0286446387866986 -0.0229150734635771
-0.0253140567632614 -0.0210642004350083 -0.0188660876975851 -0.038610882034164
-0.0167818229708655 -0.0365132746927999 0.0046867726105012 -0.0548736959460224
0.00756553968407067 -0.045032756938761 0.0399872399229098 -0.0531850117173425
0.0372612155702413 -0.0351171954487247 0.0688157266642536 -0.00956060879342106
0.0559570453531464 0.0176951248082092 0.0427226014163394 0.0302825399809353
0.0179988083050911 0.0594867175619694 -0.0126167650525699 0.0240385900146151
-0.0187898925452969 0.0592591600496595 -0.00031741201699954 -0.0484806371271232
-0.0240505498275472 0.0104616383327721 0.0445972868086621 -0.0990718481201739
-0.0153841208095049 0.0274327600460072 0.057010034220313 -0.0836420058882337
0.0100198990005115 0.025241754200411 0.0383642183623404 -0.0792629495773791
0.0208069370504713 0.00166549612066148 0.000828675994356184 -0.0650311901904649
0.0113163673223105 -0.0134849584547392 -0.0208738592227727 -0.049235150346298
0.00193832255625929 -0.0167637159152329 -0.0414058396637821 -0.0383468554855129
-0.00969603160808446 -0.013408884254048 -0.0473638702043749 -0.0290579629904718
-0.0137217407828106 -0.0106894839777453 -0.035734822338942 -0.0293051401223934
-0.0129082291128221 -0.0117618293581004 -0.0253469544334123 -0.0450910407855946
-0.00925716685154253 -0.0207130709543289 0.00023739068231596 -0.061238153562769
0.00510220438821554 -0.0260997719106777 0.0395741413963521 -0.0598856637768123
0.0259028119245005 -0.0187989870529222 0.0693043768730896 -0.0130530731786642
0.0329331533381196 0.0182794442796186 0.0437388113218564 0.0274730379337579
-0.000670053368803194 0.0383298623435358 -0.00876539318690869 0.0191311906438092
-0.022909052009784 0.024857696944694 0.00910580111841902 -0.0574015192515496
0.0162421243294824 0.00877761382785891 -0.00486850080892351 0.074173717109312
0.0043375307983717 -0.0123751806153085 0.0325943034303874 -0.0132155605720618
-0.00842520928212264 -0.00758708070651854 -0.0410768279149836 -0.0405880268835455
-0.00577990979831683 0.00581916776067725 -0.0808612993234163 0.00967130821807052
0.00317531389968177 0.00358262200441734 -0.0510442884551431 0.070236011675249
0.00180774341999101 -0.00127779054761621 0.0048465830768817 0.0751020437563341
0.000592614003511936 -0.00110799505254484 0.0340425689258271 0.0521221429683642
-0.00283607502094904 -0.00407669107503537 0.0439118941748523 0.0342167774213029
-0.00504999505577958 -0.00365223910114256 0.0514056455612453 0.0267078422073452
-0.00486601657915268 -0.00878613115525349 0.0489348288466245 0.0372634065650243
0.00463573266544159 -0.0108259948315493 0.0324842075692927 0.05302639439674
0.00937540652156856 -0.00577907728624984 0.0050281400544396 0.0649609223748406
0.0167135542795154 0.00179736865160862 -0.033706507177847 0.0836566490377868
0.0171712487896592 0.0124726701026855 -0.0615580547506074 0.0889368000053545
0.00732795812711197 0.0280870494764909 -0.0479866117218938 0.105157487014461
0.00955537493691966 0.0404473371141035 -0.00944414117183093 0.069131902030039
0.0193228284320583 0.0147708071626776 0.0344987686651756 -0.0151411115953905
0.0151348988754101 -9.66282561595362E-05 -0.036553032292901 -0.046678557022968
0.0109548237202001 -0.00911246556969247 -0.083706496721116 0.00121449102870631
0.00860078621330824 -0.0169048916940091 -0.0555274127894141 0.0645878701783858
-0.00447848493927038 -0.0206163504572708 -0.00152185891530833 0.0713978627275505
-0.013416722767657 -0.0132896779703653 0.0269269627289195 0.050747283180264
-0.0183509455479182 -0.0158835240779844 0.0391774210738746 0.0307810444515276
-0.0197479297691735 -0.0183261122256438 0.0479077996299811 0.0201762793204423
-0.0116242842118524 -0.0344304064478089 0.051180732021834 0.0255857418062602
0.0162039516895164 -0.0382782088456529 0.043356221238487 0.0423342994285325
0.0383082462381512 -0.0205930294398707 0.022454880351938 0.0615000799938479
0.0489467302691301 0.0200385106151026 -0.017482059301429 0.0838622635258731
0.028771638560219 0.0550980254602592 -0.0495604305913315 0.0838544623971293
-0.000865093038011347 0.0695943120580346 -0.0395909538080665 0.0890957449502741
-0.00269095800424058 0.0684363592515871 -0.0106645495231289 0.051523743700543
0.029379085048472 0.0462748493318785 0.0378069200010623 -0.0227756108402515
0.0393456974149364 0.0133703642540924 -0.0282437884981492 -0.0573279056321235
0.0313554693766633 -0.0210381490704888 -0.0823619382406243 -0.0150491837971881
0.0156277143216393 -0.0374098048439436 -0.05971472549307 0.0518678319064243
-0.00872171331396403 -0.0395267529764368 -0.0103567108451036 0.0615846813304149
-0.0259443056977858 -0.0259600250996721 0.014865057421775 0.0432465347608159
-0.0306737008775147 -0.025336434767556 0.0283818722130479 0.0231549269145346
-0.0318848329207507 -0.02796289285457 0.0382566482720776 0.00893666702503228
-0.0207655133933125 -0.052319729629505 0.0479270915400848 0.00636284545037367
0.0182050342683862 -0.0606909938341721 0.0525245372269555 0.0213665373632163
0.0539778373834686 -0.0403230159831978 0.0442718943375682 0.0497425161442342
0.0769915250472718 0.0230472771669043 0.00371190102588403 0.0790230996045103
0.0451196774513436 0.0808377634037728 -0.0368306830312039 0.0747167444722606
-0.00279418816311522 0.0986301710660473 -0.0305070045160074 0.0621530649944179
-0.0175141525665052 0.0866475899692562 -0.00558454132594048 0.0229727927260545
0.0310620564625551 0.0755171062318932 0.0431421705497876 -0.0360013459286683
0.0586153966627177 0.0321535280192039 -0.0132520761901364 -0.0699399221490672
0.0528980794769354 -0.026436768595377 -0.0734276555396314 -0.0335581854361924
0.0247606428108772 -0.0526238133044987 -0.0591698473254162 0.0314169952060112
-0.010319259281355 -0.0550725103678969 -0.0206714505711779 0.0438837634899524
-0.0343630300918594 -0.0353946159498011 -0.000226267296411643 0.0303605085364387
-0.0392804093747294 -0.0310996559167185 0.0133797003842714 0.0121812753159414
-0.0392089424584862 -0.032736376866286 0.0237198969412219 -0.00443681430318491
-0.0274773233430218 -0.0595965853698444 0.0384257881532482 -0.014421867146284
0.0134477515470187 -0.0729103420254241 0.0547720726806422 -0.00415657298592515
0.0562900240452425 -0.0555878585740514 0.0609126535525191 0.0306993768823139
0.0915888310772983 0.0161255070099979 0.0241107265737468 0.067182984636667
0.0560417135850605 0.0897001009688411 -0.0266914142524078 0.0620124923199285
-0.00154122987753456 0.11089313208694 -0.0225272741425653 0.0297315033969885
-0.0305929344363018 0.0905286530036394 0.00572307627564028 -0.0138553539124492
0.022532969363176 0.0929060707627971 0.0484458447752047 -0.0521057548101147
0.0652572351077828 0.0501984944381099 0.00439141297810948 -0.0792631452431167
0.0673264151644044 -0.0227926300759082 -0.054235271639216 -0.0517154654969896
0.0327872544980402 -0.0581902988646081 -0.0521246597738881 0.0043609964091195
-0.00771699819849009 -0.0622070205531525 -0.0298873344423295 0.0188465797029207
-0.0369518780104817 -0.0400149370839879 -0.017127461398713 0.0133805407662435
-0.0422778462253757 -0.0318085329840293 -0.00239477423987128 -0.000405067298128538
-0.0405675242854287 -0.0315942834410127 0.00729556962456916 -0.0182410751684939
-0.0295630741153198 -0.0573052083396028 0.0252205816409703 -0.0327795877488361
0.00869356744443485 -0.072280434548029 0.0496336457196333 -0.0271219987778234
0.0507269485377772 -0.0595214061664376 0.0686328254420926 0.0109369689275642
0.090466098652729 0.0108439154381804 0.036703242567809 0.051863802279749
0.0542191661774751 0.0859384882269525 -0.020457290768378 0.0477616866717509
-0.00342486226681346 0.106254374914582 -0.0160351815652416 -0.00220529465770738
-0.0368299673637989 0.0762850425845677 0.0203514987086175 -0.0519240795375153
0.00813759230625674 0.0907386852634137 0.053465554547139 -0.0681515244379471
0.0552286498975887 0.0577504514680205 0.0214296917685983 -0.0824937133870223
0.0665861322824434 -0.0135545365273542 -0.030037826273137 -0.062500317135918
0.0336158054183369 -0.051915394501208 -0.0396442044628417 -0.0217215467174334
-0.00454343635638663 -0.0570780263668344 -0.0360715368053948 -0.00646048637461934
-0.0327882637084426 -0.0374224562106812 -0.0320854250149897 -0.00397516326692981
-0.0385127328762629 -0.028200625467352 -0.0179236651098516 -0.0124881649384928
-0.035716399644032 -0.0271210633687707 -0.00913790417043851 -0.0295849170886393
-0.0260957410004022 -0.0485309302010629 0.0117277101101227 -0.0466170897407593
0.00667749609139961 -0.0624175446626202 0.0426360165796633 -0.0441159844732151
0.0438783456389982 -0.0511369265841269 0.0701148562762138 -0.00441056003521246
0.0774226597354821 0.011443130896341 0.0422692783274981 0.0382461524945873
0.0406900175717888 0.0753484090209818 -0.0159969680101941 0.0348318983884365
-0.00934592076227899 0.0883564822533262 -0.00974444397883029 -0.0292815699170158
-0.0341781777516995 0.0486334751693956 0.0337273283037343 -0.0829189939259242
-0.0055601978014148 0.0667484379677467 0.0562408623525257 -0.0798975349004648
0.035226533033965 0.0475761745444071 0.0334537026928533 -0.0820302453221769
0.049538451671356 -0.00474020152543423 -0.00960042115393151 -0.0661077391170719
0.0256045393990422 -0.0360321449371546 -0.027673199469051 -0.0408254368372785
-0.00141689527288822 -0.0409996103137729 -0.0403497859731252 -0.0269916544938861
-0.0237514214592831 -0.0278992099442506 -0.042817551579588 -0.0182369101570658
-0.0286574536190641 -0.0206839326543649 -0.0301726106225374 -0.0217313562896252
-0.0263909552783279 -0.0201831417329774 -0.0209425829725484 -0.0390842455902715
-0.0188456623577162 -0.0361148795485737 0.00225704309361309 -0.0561725486249448
0.00578106905865417 -0.0460359483342042 0.0383337235632765 -0.0555621563215952
0.0359127906618544 -0.0367497149077061 0.0699290207343273 -0.0130248096044171
0.0575248314354639 0.0153826523341887 0.0444118040882436 0.029015449612817
0.0207858065778248 0.0597151396735527 -0.0123321598860372 0.0250812610276113
-0.0172843087179873 0.0605847989500754 -0.00220878902021226 -0.0485900535045231
-0.023717527000978 0.011722497473361 0.0412224789492754 -0.102869657547138
-0.0143567159835862 0.0286530792313871 0.0539717398479247 -0.0864164809497309
0.0112979745641444 0.0244965318887687 0.0361574693373343 -0.0818101615648307
0.0209612049496268 0.00052588113288572 -0.00062542448209558 -0.0661829284768638
0.0104133508900221 -0.0141818777615773 -0.0230580298189399 -0.050124880134797
0.00106181309561023 -0.017456743798322 -0.0439881004351398 -0.0368741954399891
-0.0100244109876481 -0.0128835867336426 -0.0497745964822265 -0.0257406738297126
-0.014455271169967 -0.00994831982844576 -0.0377145426178162 -0.0279034389365426
-0.0137502289970163 -0.0113090802342136 -0.027859573066126 -0.044658508653649
-0.010573886425917 -0.0205102281990621 -0.00258551480505465 -0.0621769457893349
0.00417625735941785 -0.0266933783350174 0.0376321352397876 -0.0625161785780833
0.0254498301942683 -0.0203701045351471 0.0696196607335969 -0.0160820235023805
0.0345423735645639 0.0174588258491399 0.0450362288693506 0.0259391436413048
0.00106824893059671 0.0389490248808678 -0.00898982454520052 0.0202438447677059
-0.0221686009934432 0.0264360599503976 0.00654112936496423 -0.0579376198616854
0.0164053020978195 0.00799304979676805 -0.00112465964990841 0.0737448928599194
0.00353958534779569 -0.0123223176178496 0.0319516710881054 -0.0159104867474282
-0.00864301607879424 -0.00698558390988243 -0.0422664733788718 -0.0388935857352755
-0.00551292783862771 0.0058410499860832 -0.0795700697609896 0.0128794379548152
0.00309228736542746 0.00351707865149847 -0.0469664713084882 0.0721977388947022
0.0019299010039013 -0.00145844217614402 0.00856920201232931 0.0738969822503798
0.000936623929736939 -0.00123605738220354 0.035758699066936 0.0493865356498972
-0.00351560919641144 -0.00393858364471414 0.0449501159302255 0.0308597088478521
-0.00526036096294876 -0.00341870525660701 0.0526536949258659 0.0234462601578006
-0.00525112678966042 -0.00842676106376887 0.0513158474504736 0.0341876756692265
0.00408454271444011 -0.0108931272941923 0.0350606627644047 0.0514898023223281
0.00934082677339985 -0.00647212516909996 0.00704092993096196 0.064772153970505
0.0172704209842648 0.000703220963111073 -0.0297105065172594 0.0850730387458501
0.0171107574572128 0.0117108485762986 -0.0571704560001832 0.0908536792677997
0.00825904813471559 0.0287428032887792 -0.0435763095024774 0.106175020967908
0.0111021005461882 0.0403858012337884 -0.00572717101448904 0.0690263029557198
0.019696134939868 0.0139069019658172 0.0337548604813806 -0.0176189602040303
0.0151283551891014 -0.000762321968021144 -0.0381544303716867 -0.045180585035992
0.0103124732062741 -0.00936253122040339 -0.0822503370589467 0.00437040246394916
0.0075463552164054 -0.0177075360390185 -0.0519489710996827 0.0673144231823974
-0.00557185251276636 -0.0204476309749139 0.00188773709480769 0.07118794277596
-0.0143074300355303 -0.0129957470147091 0.0295815642290001 0.0481324322142632
-0.019467793702179 -0.0147891035970309 0.0403212743375976 0.0278457840399775
-0.020801991188531 -0.0170713868970061 0.0489001014382127 0.016539862335513
-0.0133792778342069 -0.0337369566321611 0.0527536355946513 0.0226955900577309
0.0137855110554051 -0.0388042988172367 0.0457629952055161 0.0404169264567045
0.0369582998711096 -0.0221481201452332 0.024284856435093 0.0602272627918657
0.0498533420241399 0.0177954650237482 -0.0145976166729988 0.0845428727895475
0.0304470268363138 0.0531260981724481 -0.0459012545275455 0.0847509320487587
0.00123733099651651 0.0700206915564975 -0.03592864309877 0.0901663240084359
-5.92727304280393E-05 0.068812187716003 -0.00782240405572467 0.0511175503316653
0.0310317968410869 0.044419524637578 0.0374673416361175 -0.0251581512717761
0.0400099385191242 0.0115776946445873 -0.0291909351597285 -0.0565107803846924
0.0302225304490695 -0.0219513327047653 -0.08253656117224 -0.0108597097649775
0.0135956301329323 -0.0375657877326954 -0.0566356544166837 0.0543476610666641
-0.0110539208430544 -0.0386967988981821 -0.00806953878875503 0.0616619857359431
-0.0266723568033458 -0.0235690779121533 0.0174558803489522 0.0421767691789237
-0.0320533283145875 -0.0229931970356342 0.029550642388528 0.0211414533487147
-0.0326524965676211 -0.0263024757376312 0.038386836277821 0.00586251518912714
-0.0233860511716609 -0.0504818457131127 0.0483264648659782 0.00373236329373725
0.0152413335134104 -0.0611306997067094 0.0541837035924475 0.0191907505939601
0.0511749805422549 -0.0423849254024472 0.0456610322109 0.0472991209693639
0.0772408696323486 0.0187625522586145 0.00688769253186264 0.0787225776520059
0.0483083254945631 0.0786165164596434 -0.0335216511050766 0.0752751871226605
0.000707707100429597 0.0985034880225225 -0.0274168893623446 0.0634802982593748
-0.0138993460786754 0.0875423708882106 -0.00403639337092921 0.0224033932496908
0.0345275181084501 0.0736067834355738 0.0414632189008041 -0.0377823208971373
0.059865395165017 0.0297797370680167 -0.0151216331170552 -0.069177127110976
0.050991870171712 -0.0286450006461016 -0.0739380630769742 -0.0307543313764465
0.0216410988115007 -0.0537281312292505 -0.0570148616067942 0.0332082615690966
-0.0133784296079697 -0.0539831569330566 -0.0186463603064097 0.044044130427614
-0.0355270393719065 -0.0329757108034458 0.00135671854966893 0.0305570796639147
-0.0404937755416543 -0.0283154806518354 0.014055449929333 0.0110198467939551
-0.0404478384303185 -0.0296123033497411 0.0237274254379702 -0.00685858255172564
-0.0304276090324694 -0.0578618941739033 0.0378187208786218 -0.0170472495331165
0.00947166015773784 -0.072908017929873 0.0547251719522466 -0.00656049975356497
0.0527044264198898 -0.0577610741675415 0.0615344422728837 0.0273404343114252
0.0918696807107222 0.011282507390721 0.0261880703752075 0.0657245759971863
0.0601871823991937 0.0863862274241939 -0.0245008631661743 0.0618616523747469
0.00240680812664151 0.11109751736636 -0.0206988194109056 0.0308893343733666
-0.0266349786931503 0.0917082257953438 0.00496809450476979 -0.0142646861062882
0.0270277271947473 0.0913939302939096 0.0461017510021586 -0.0536574620855599
0.0669176612638835 0.0471912894115006 0.00240601680594207 -0.0788213658449796
0.0659534980544155 -0.0257131372496428 -0.0560719657679014 -0.0490254474105468
0.0287881457204884 -0.0597354075535633 -0.0513403172346069 0.0062349693197743
-0.011509580376472 -0.0614201593001829 -0.0287376681373793 0.020284942171081
-0.038094069430201 -0.0374593678392204 -0.0154300584035234 0.0150032875420763
-0.0433054514279049 -0.0289333672216983 -0.00277470861827067 -0.00041549851347918
-0.0412390547210623 -0.028773482737245 0.00600289080448578 -0.0189844902897072
-0.0324084663544304 -0.0553045482316293 0.0232004139682103 -0.034009691206395
0.00491043102299216 -0.0723538581040103 0.0483127130920683 -0.0295809817474995
0.0473351005321051 -0.0611036943338669 0.0687650704098448 0.00709448948431316
0.0900843628472258 0.00595713163789435 0.0379936461522331 0.0498775687095478
0.0582718949350681 0.0824328033200494 -0.0185928990087217 0.0483143766361518
0.00042534217399794 0.10612421437291 -0.016324877871646 -0.00126113851745728
-0.0330068183537004 0.0781642836637186 0.0181805160180961 -0.0525793696086083
0.0123088055730627 0.0892358789155776 0.0501198394175507 -0.0694791029497848
0.0574230198711629 0.0544313876580854 0.0192247054987987 -0.0831981965838034
0.0654817661038588 -0.0165080661207704 -0.0322529343124926 -0.06124391252838
0.0304561079762315 -0.053238020570255 -0.0404673404001628 -0.0204168155451774
-0.00799616644331537 -0.0565762734039555 -0.0365339303766401 -0.00504062361800408
-0.0343511807441501 -0.0350881107696888 -0.0314741978678838 -0.00153119527462504
-0.0394876428038931 -0.0256111668877505 -0.0181902360585638 -0.0111669638957505
-0.0364557849768574 -0.0247566171524524 -0.0101440753900324 -0.0291877602671293
-0.0276809747311258 -0.04696564887934 0.0090292617865512 -0.0469850457222716
0.00329658684834293 -0.0615092551481058 0.0410118111790796 -0.0459865971725649
0.0409223562714345 -0.052916011281295 0.0695549715186118 -0.00776745598383771
0.0769881006175733 0.00759862823165856 0.0433141230043746 0.0358990799004794
0.0439206923542753 0.0725447168908306 -0.0149806125999905 0.0352725836204977
-0.00537491559389089 0.0880561152518017 -0.0112582111741371 -0.0282138805482018
-0.0315771823135898 0.0504239180854617 0.0300828402464778 -0.0836112505302992
-0.00224486159992545 0.0662216632977139 0.0526107211110043 -0.0818908895947203
0.0368060133222652 0.0457760956683656 0.0302106065009904 -0.0831807684457021
0.0484911676155952 -0.00728624480168432 -0.0118889987451928 -0.0654838177075613
0.0234840541945739 -0.0369243657296806 -0.029182164437104 -0.0397201187756146
-0.0043546469883705 -0.0408535890224825 -0.0418356390275468 -0.0249896717172737
-0.0244590116368708 -0.0259343491222425 -0.0436853747295603 -0.0154052347237218
-0.0294846418287081 -0.0188786819743737 -0.0311507566270572 -0.0198839196763925
-0.0268792662005688 -0.018727461807277 -0.0223903928343754 -0.0376058423953368
-0.0201840646251094 -0.0350233747453414 -0.000317822953072422 -0.0559495897569496
0.00361279139818192 -0.0459287436595652 0.0361315712934514 -0.0568399760847256
0.0334847116674849 -0.0379873802809993 0.0687479821283579 -0.0166476874304224
0.0571652614281214 0.0120021900313386 0.0448153482062938 0.0273208889693676
0.0236091857004145 0.0584282328626226 -0.0116157571025504 0.0258617741928492
-0.0144625356128762 0.0610085138869662 -0.00402959935997332 -0.0472631011188305
-0.0230666673809022 0.0132966578857399 0.0365723021419396 -0.104142914846939
-0.0128022748471186 0.0288418140986243 0.0502099517007692 -0.087362825144439
0.0122900533358427 0.0232283353529911 0.0328982603589783 -0.082916263278381
0.020444010563493 -0.000694850506313849 -0.00294256962059681 -0.0662871041362596
0.00974641175060655 -0.014593627380797 -0.0247480063894191 -0.049328870713264
-7.10751593791259E-05 -0.0170778043847832 -0.0460521624713407 -0.0342360049051202
-0.010569640267814 -0.0124647757759215 -0.05037370808168 -0.0226157530830167
-0.0145825511240078 -0.00940955618577552 -0.0389740400010557 -0.0252815454353867
-0.0143715982200824 -0.0105984533318594 -0.0299460702787552 -0.0431550605903234
-0.0115242305590636 -0.0198558985447887 -0.00540015752978908 -0.0619077390716345
0.00279881855394878 -0.0268811573861503 0.0345603432679615 -0.0636257704707947
0.023774158083714 -0.0209323211187179 0.068322805779679 -0.0194926182324253
0.0346106385218649 0.0154011683970244 0.0456611546567827 0.0238117175962531
0.00270319885492348 0.0384622566761969 -0.00809795939813253 0.0209338605392492
-0.0208763072254182 0.0271761744855954 0.00371728182577652 -0.0570749400653913
0.0163235890627319 0.00727720137098735 0.00171367963151128 0.0716162311605373
0.00266842308557199 -0.0120343446806707 0.0308283936170461 -0.0176806478914002
-0.00831263660077893 -0.0059662727952413 -0.0419025863365503 -0.03701510075279
-0.00482951333262194 0.0062050141710554 -0.077311750839694 0.0153082574919103
0.00334769233752274 0.00330457496104847 -0.04349046239062 0.0729166388064486
0.00176283059097227 -0.00147600589278927 0.0108521923021015 0.0718703971298924
0.000628027355246222 -0.00160332365437342 0.0366922883292929 0.0466095590351931
-0.00390086996011905 -0.00345638373277239 0.0453767497695388 0.0282217114636461
-0.00528969318794612 -0.00355038295873586 0.052511744178801 0.0206387634310571
-0.00517166445727685 -0.00846726448644772 0.0517993496725722 0.0316735699038561
0.00377176583691201 -0.0109686076101402 0.0361042125630865 0.0495030498400997
0.00916760694134121 -0.00648882659317218 0.00741946573197829 0.0634648076634193
0.0165281594483869 0.00025303208665833 -0.0268900476015293 0.0844361864367784
0.0167366639344458 0.0113578979044656 -0.0537669634601012 0.0892334583236207
0.00891856933788585 0.0277734318006181 -0.0399652214638634 0.104843638557271
0.0116894029576025 0.0394510533593409 -0.00359553282238894 0.0671203480773988
0.0193679341891223 0.0127465665271626 0.032884950518941 -0.0189905534390556
0.0149707689146969 -0.00117637261197833 -0.0376702725225176 -0.0437522465791715
0.00962498200111499 -0.00932449514199938 -0.0806794523437962 0.007164262432233
0.00651066785177322 -0.017662862780075 -0.0485606816751796 0.0674702178615124
-0.00620496979778998 -0.019346086289811 0.00428611744304939 0.0695998441207451
-0.0140016461574391 -0.0120764326031499 0.0305509588461399 0.0460193246091517
-0.0194616160722316 -0.0136856454121167 0.0399997011222343 0.0257140551557909
-0.0209262418331201 -0.0160447792595144 0.0482044502822938 0.0145131934404224
-0.0147606665849403 -0.0323080365312321 0.0526702834620318 0.0197355279548585
0.012243501791513 -0.0388813417062023 0.0463682773790784 0.0379231496287049
0.0353711606360726 -0.0224949052031505 0.0243495960603036 0.058402097080491
0.0494654676831017 0.0156376620032756 -0.0119090083395084 0.0831071101364217
0.0316231331493707 0.0512788701234063 -0.0425647857380796 0.0834486154549764
0.00313218013561266 0.0691164279343011 -0.033161593564765 0.0886929191743748
0.0020444209386711 0.0682403312103752 -0.00638265497599061 0.0498666246842353
0.0319722895186979 0.0424181186508205 0.035512472064663 -0.0264606871174726
0.0394805709469051 0.0101155046925174 -0.028928887519039 -0.0551534115807171
0.0287399326684039 -0.0224897154989929 -0.0803363591922272 -0.00832693221852998
0.011775384265008 -0.0375555994024324 -0.0533072941047734 0.0548349464888793
-0.0124046103981154 -0.0375961246294864 -0.00580742124620633 0.0605466300127549
-0.0268649297590016 -0.0223707364877714 0.0183899203239898 0.0404356621684949
-0.0324055631269567 -0.0214374459310331 0.029094215660565 0.0197873918023547
-0.0327696641182366 -0.0243684396871161 0.0374956040854285 0.00376946257155944
-0.0246251593462618 -0.048761308363677 0.0472076344761406 0.00165209068772741
0.0120846518681289 -0.0609364310280301 0.0539480924001047 0.0163943322949872
0.0487559816366582 -0.0431133556019629 0.0450935069397538 0.0453044259330702
0.076507073708474 0.0159214216791855 0.00821211996958072 0.0769995011964798
0.0497523492047799 0.0754604923801242 -0.0307104072984675 0.0740529728459223
0.00269307971136076 0.0973800428195401 -0.0253701569215734 0.0626397962662639
-0.0113886741857297 0.0867994516258431 -0.00342118791921526 0.0219562893984299
0.0356604457477087 0.0704347750567966 0.0400306416911767 -0.0382256742669936
0.0598932738468539 0.0272309870531158 -0.0159011014851742 -0.0677604298586765
0.0488520249817606 -0.0295399897923129 -0.0732027198388221 -0.027675090484831
0.01914220389955 -0.0528543349459428 -0.0544425357074253 0.0343357624417351
-0.0150547524002855 -0.0522023621451646 -0.0169037239814205 0.0437219695131447
-0.0355416464452607 -0.0306298642259834 0.00251300861432058 0.0298636966275925
-0.0408026273051061 -0.0261563945640029 0.0140690690319387 0.0099252381665837
-0.0401210870420663 -0.0273041312213693 0.0223073247824049 -0.00814191641778164
-0.0321589681231946 -0.0548615768177556 0.0360878126364906 -0.0180513124609816
0.0064417503516395 -0.0719700696373392 0.0536941775532023 -0.00864068980710835
0.0493914784281172 -0.0582592173769161 0.0606714084972267 0.0248320105678544
0.0904469218304217 0.0079865164695948 0.0269350051491373 0.0636749767741278
0.0612511400555471 0.0825543299048622 -0.0222275532543617 0.0613019240716317
0.00486584047163692 0.10876413945609 -0.0197023161336549 0.0308756055147254
-0.023395573703014 0.0909181694958583 0.00442300528426674 -0.0142859918540388
0.0288789616059407 0.088507731473726 0.0435310535289849 -0.053749802316121
0.0668895368175833 0.0439213893693613 0.000774759371187021 -0.0773674463166758
0.0634834413136414 -0.0270701384567346 -0.055521620666785 -0.0465738807902431
0.0256416517365055 -0.0591476539987393 -0.0499773884947085 0.00725141176747154
-0.0138316094786403 -0.0590096002449376 -0.0281691325062127 0.0208530042461445
-0.0384371988929251 -0.0350960093156904 -0.0148847951107904 0.0155589949560658
-0.0433724657388628 -0.0268826919957895 -0.00259820325113637 7.74705076269081E-05
-0.0408757791319191 -0.0264045124919526 0.00498829987715941 -0.0192035189292054
-0.0335742383162338 -0.0526138357820492 0.020985423970767 -0.0347180649675966
0.00270418162259001 -0.0708955150971121 0.0470176492623794 -0.0307918885387547
0.0439222054074423 -0.0609017279096916 0.0673203659006833 0.0043964996066739
0.0887150927249805 0.00295238306566073 0.0376624785361151 0.0480546439705158
0.0594406111424192 0.0791360175045064 -0.0171633272929809 0.047480597167469
0.00293290621579266 0.104091140912551 -0.0154990744617082 -0.000207650238174935
-0.0302347485034565 0.0779088730329477 0.0161072452013837 -0.0520695909971914
0.0149927830599891 0.0871016548160026 0.0471108183943934 -0.0690234252529237
0.0580500491947506 0.0513356928882054 0.0174506027442633 -0.0822662633617986
0.0631304834139993 -0.0182183764318733 -0.0331399604054597 -0.0596271179850345
0.0277570143636144 -0.0530468594453087 -0.0396331067958788 -0.019542160761581
-0.0104358013843559 -0.0551230277846616 -0.0363720345235825 -0.00338417379125665
-0.0343881029187984 -0.0327804674032365 -0.0302184304824103 1.11603620227457E-06
-0.0394429841626928 -0.0234217517377369 -0.0184072997997464 -0.0105731703696904
-0.0357325739199526 -0.0229122070680299 -0.0110165434067793 -0.0285152024922042
-0.0288505239050947 -0.0446051567686152 0.00692145202077409 -0.0464072032183015
0.00102814175795791 -0.0606755831768222 0.0389040523234892 -0.0465271523562599
0.037923198321343 -0.0524814398674377 0.0672892886634244 -0.0102467167179751
0.0753671701848849 0.00478908612594674 0.0426053824722753 0.0344169227205881
0.0454442620268452 0.0698809280181124 -0.0141990763174539 0.0346045773330359
-0.00381936679697549 0.0869327041456899 -0.0113146994047625 -0.0267353910933747
-0.0291630601209341 0.0504321136866188 0.0270779378275355 -0.0830717355026968
0.000304463363560696 0.0646947054072586 0.0493298528613945 -0.0804061642776178
0.037346244254751 0.0435452496377417 0.0281398039524842 -0.0821305671355987
0.0472050902007037 -0.00840972067446606 -0.0129316250325319 -0.0641974972061532
0.0211837880219317 -0.0368497242066036 -0.0297801480998796 -0.0393049466709254
-0.00563866584766537 -0.0395187020340876 -0.0419770431163065 -0.0228087387421083
-0.0250151683778726 -0.0246540082830246 -0.0432426755147509 -0.0127350199303392
-0.0293307961273693 -0.0166674543133389 -0.0307637706986528 -0.018397789637823
-0.0269130809414005 -0.0168423332496747 -0.0234748294443772 -0.0362196090250594
-0.0211051610457245 -0.0334568215816772 -0.00310957929431184 -0.0544520791562079
0.00157653722211886 -0.0448174274831496 0.0337169192323193 -0.0568913178314659
0.0316123734352152 -0.0374824376475237 0.0660411823337018 -0.0184334961589704
0.0565614338859638 0.00972067143919331 0.0439470456668584 0.0250769693909356
0.0246945614306411 0.0567445859564825 -0.010981174050443 0.0259997429344155
-0.0124738070423759 0.0602481735264872 -0.00510940437587124 -0.045872259610879
-0.0219913194420405 0.0137266768022448 0.03273281602289 -0.102917931725261
-0.0112832986699113 0.0283434804821404 0.0467869699571955 -0.0865791968851378
0.0123424626897417 0.022338161445721 0.0302286249584078 -0.08220222221627
0.0197426613114448 -0.00182745211342058 -0.00378138686325004 -0.0655021433388789
0.00861249869775557 -0.0146184726256276 -0.0259854038578836 -0.0485477007107506
-0.000834908617277765 -0.0171877352897456 -0.0463007524425395 -0.0317438182347902
-0.0107773535438747 -0.011682924465687 -0.0495693715789774 -0.0201444390437562
-0.0146960472602743 -0.00791610104405865 -0.0385737464680232 -0.0234733085725607
-0.0138637983294171 -0.0100515144379786 -0.0308293834323335 -0.0412107705908296
-0.0116749962933859 -0.0188473423829559 -0.00753723454250492 -0.0598264104046246
0.00213176219614523 -0.0258469298081413 0.0322472360611752 -0.063360241503179
0.0229192096397832 -0.0210443403219275 0.0663636992215332 -0.0210967449155509
0.0342014732475642 0.0137880688649925 0.0446046676175421 0.0224483027161804
0.0033533621069602 0.0380569592258167 -0.00752140146042638 0.021178804096383
-0.0196570297507032 0.0267934401864434 0.00221362682166081 -0.0553988743989579
0.011344175804202 0.014265094560987 -0.0271012338725626 0.062818366775591
0.00749194504108775 -0.00874379831575068 0.0347791860355785 -0.00384987099188292
-0.00467093025571125 -0.00936457723045435 -0.0221778013024802 -0.050906197876264
-0.00625628956153868 0.00339558142009795 -0.0760261604465359 -0.0177429187929742
0.0021523815736471 0.00399889309256457 -0.0687640194297868 0.047003047008177
0.00220216917195856 -0.000755144502859903 -0.019980875173563 0.0683994437208885
0.000961650351724367 -0.00142024057166528 0.0138984402387455 0.0557423967723403
-0.00197709669001513 -0.00485112566830463 0.0290657350105436 0.0431653932561643
-0.00304749298575721 -0.0051223614103633 0.0382955232578911 0.0388145100192758
-0.00107724981850227 -0.0100044741812281 0.0341693918096706 0.0491511936042131
0.00869987863598764 -0.00899978497945834 0.011900768630247 0.0587093643872257
0.0116820126753525 -0.00181737668045143 -0.0204887454447101 0.0599885908858306
0.0158436563040467 0.00784358396575006 -0.0590446459760315 0.0641631826904536
0.0106220394200263 0.0185915284387401 -0.0841983266093716 0.0582622869252554
-0.00248412864923428 0.0309097791610484 -0.0813360303579782 0.0775466424203306
-0.00738440889626553 0.0413615318705325 -0.0266059775996868 0.0565550994870266
0.0111574994592399 0.0195475471530483 0.0380849938791578 -0.00533141722688913
0.0137518697948648 0.00544052483744511 -0.0146301195716278 -0.0563020652101092
0.0127470318288545 -0.00373807942502773 -0.0766668846986573 -0.0279698247152034
0.0133786416663398 -0.0126629962579611 -0.0718921502192019 0.0400787648289593
0.00253324544978078 -0.0199126884906038 -0.0255979735108006 0.0632831178325939
-0.0078338261278474 -0.0163535719943951 0.00846999418479068 0.053328592303562
-0.0121855402267713 -0.0197262244131352 0.0251011355050238 0.0389302649018578
-0.0121816928426905 -0.0224881994917194 0.0376785690416144 0.0311425411198737
-0.000239590976586715 -0.03557637814058 0.0399561023370983 0.0389194408204548
0.0268193098167026 -0.0306881721617707 0.0261874714863137 0.0524459029695575
0.0416654414197258 -0.00622423287748401 -0.0024711896185797 0.0628578337605032
0.0397357295963251 0.0344295321017298 -0.0453437915144961 0.0699963644721888
0.00906658006245573 0.0598091118342509 -0.0738732897372821 0.059141520420164
-0.0232257539086346 0.0663905297517486 -0.0695364205490809 0.0646634816680379
-0.0293888153445703 0.0631789055328625 -0.0183265079808895 0.0409557030155287
0.00972664190732158 0.0508968587689465 0.0453755060539969 -0.0111904931926519
0.0307411278697407 0.0264550597077185 -0.00108843552977011 -0.0647283285156499
0.0347251147756881 -0.00699638843982748 -0.0699918540626984 -0.0427785966948246
0.0264705917218796 -0.0284063541608804 -0.0718520771939083 0.0263581323874866
0.00432075775533493 -0.0383719150716268 -0.031577328035209 0.0508994831534816
-0.0140763483959167 -0.0305030083055989 -0.000868678102585337 0.0434600581230987
-0.0203826011353669 -0.0318955465456276 0.0179827769006871 0.0291020035426977
-0.0196496989232314 -0.034469833132189 0.0325726520401729 0.0172554187348626
-0.00361615596785287 -0.0539767852436418 0.0430256593440688 0.0198122354159455
0.0348557881472331 -0.050586299158306 0.0421488704214199 0.0364610831594771
0.0614526504499884 -0.0196910106732592 0.0221908064115931 0.0588035910597342
0.0648688692700969 0.044280960702092 -0.0247465604927251 0.0735410967327899
0.0168093996325002 0.0887336831816109 -0.0603558641607056 0.0562242818237805
-0.0338908890788753 0.0917476276960248 -0.0530135454612639 0.0445782420065051
-0.0501796419910385 0.0744307784908775 -0.00224301336431225 0.0174399484935757
0.000802159442433749 0.0777548506452986 0.0559776657049171 -0.0205477621159752
0.0412883969070659 0.0497459103830868 0.0175960954894477 -0.0717603354965894
0.0555857118957525 -0.00413592438155071 -0.0550911337945805 -0.0587379278228804
0.0397091677547306 -0.0387382784932079 -0.065358973615637 0.00591541323832123
0.00777420255267001 -0.0526004363696135 -0.0356446322683613 0.0310662014570148
-0.0184472507907612 -0.0416370148369732 -0.0102480222742253 0.0280586728872045
-0.0265578285369385 -0.0391659484248301 0.00828720542062175 0.0147803029245776
-0.0249407952708708 -0.040589129134661 0.0238446592044068 7.63475490780284E-05
-0.0076816008568603 -0.0622612847492433 0.0407888565381791 -0.00279056550934104
0.0338006647438906 -0.0632008025242369 0.0519580239804376 0.0140741295025028
0.0672385606344453 -0.0331510802370588 0.0446671438651432 0.0468465556586996
0.0809906381338017 0.0419910371201687 -0.00237334266216246 0.0694174320863142
0.0248398427461802 0.0991000037303029 -0.0480985635405828 0.0495416108288002
-0.0368528030191971 0.102529266663906 -0.0360909868816958 0.0181024477564247
-0.0629675516933925 0.0723819654076014 0.0207224039481465 -0.0106685392470577
-0.0126525102077405 0.0904461263213335 0.06626716793384 -0.0315842322499486
0.0407795034474938 0.0678913817767777 0.0382320726770575 -0.0736385956701363
0.0669230428646583 0.00387178066809781 -0.0311222371134836 -0.0695977510836441
0.0481680691966137 -0.0413243389262792 -0.0504232105427991 -0.0173637049037722
0.0121404659447524 -0.0584095466901115 -0.0359759491068574 0.00583930515269601
-0.0189606485147738 -0.0460949638930643 -0.020390918114707 0.00804478977189291
-0.0282157914498697 -0.0409575924310523 -0.00236436626748846 -0.00154046238835152
-0.0255981533962058 -0.0399098978016751 0.01292370557073 -0.0164318991512097
-0.0098846778914411 -0.0604612722192577 0.0339503545397701 -0.0236760374024007
0.0291842745948563 -0.0638120051272029 0.0552932367611025 -0.0084665610303792
0.0637550571228211 -0.038260373496839 0.0589275479651673 0.0310471533989054
0.081105241383371 0.0360403116149369 0.0139870314603727 0.0596832719041186
0.0244050507935043 0.0946505541263192 -0.0381330399678383 0.0391462167662472
-0.0371248287001066 0.0970834075708282 -0.0190862358674711 -0.00826829700352095
-0.062856270005645 0.0576050495394251 0.0452998317401395 -0.038696059327901
-0.0248694466504417 0.0830723581783222 0.0760636023609401 -0.042648490953611
0.0296802402127697 0.0704368224167892 0.0553298678500299 -0.0696799550224132
0.0626747447119808 0.0114015738521694 -0.00463348852162118 -0.0713144350996597
0.0467730175774533 -0.0347804975697899 -0.0290576570146625 -0.0368264370028394
0.0134421523443917 -0.0527886452530381 -0.0330218860894425 -0.0192227894019986
-0.0166391316038655 -0.0428329423533033 -0.0279447858253993 -0.0123175267936944
-0.0261988731874832 -0.0364241224948955 -0.0126508359136469 -0.016670298621053
-0.0234510515904417 -0.0348106921285688 0.00225206389721654 -0.0313608867594107
-0.00901663211152894 -0.0514695935923862 0.0259888487521648 -0.0394400869704667
0.0240576962028578 -0.0546323022625612 0.0544919925735725 -0.0255823262739737
0.0545803051220091 -0.032964457148812 0.0650742948199267 0.01834065942033
0.0683538353106926 0.0326655802019065 0.0230185202506945 0.0490746311739225
0.0151115810305255 0.0806933226891882 -0.0301443517646546 0.0284561877655044
-0.0363145035648353 0.0778417993328943 -0.00364183839483993 -0.0300128633332057
-0.0497656701725742 0.0328029340910645 0.0649489569504052 -0.0611243674450994
-0.0284182586394331 0.0568362440782955 0.0812643144891745 -0.0503278317945631
0.014668958483859 0.0541774153701427 0.0637195014757695 -0.0640680431372495
0.0442915938179305 0.012760488467042 0.0156236887441137 -0.0666711602489112
0.0342198596451847 -0.0230920761411031 -0.0113547644778656 -0.049515377865749
0.0108348793442097 -0.037495325445794 -0.029642266851933 -0.0384779338322546
-0.0116687921812359 -0.031749822969252 -0.0339113038388872 -0.0283774317763566
-0.0196822021909562 -0.0266885161150433 -0.0205344996310054 -0.0285279977607267
-0.0171556923508512 -0.0256565911420292 -0.00609910710181016 -0.042752121944141
-0.00655195347913934 -0.0381330478811029 0.0205082932484924 -0.0506514528190672
0.0182773129338005 -0.040066635442728 0.053791022400376 -0.0372741734838336
0.0429104718534258 -0.0223668602685681 0.0677515533877295 0.011085585450624
0.0486097486301505 0.029692385609175 0.0278683502985831 0.0416088758269037
0.00134507238877548 0.0613379505086912 -0.0229337009381109 0.0205417180987709
-0.0345500960889407 0.0499875326345574 0.0112614978754277 -0.0442546531176821
-0.0261805468804746 0.00252223357118717 0.0743482235711369 -0.0762577189962665
-0.0227580593686044 0.0202417169237226 0.0796080532724104 -0.0558930937834047
0.00118198521363601 0.0245016578423579 0.0635464861682277 -0.0614418088407566
0.0173614503214255 0.00716869659177933 0.0247569708883598 -0.0624467190234115
0.0135722583760466 -0.00858130390447204 -0.0031275143026966 -0.0555325699807642
0.00598067523963816 -0.015448995689554 -0.028671435329242 -0.0478706244989738
-0.00467782435591086 -0.014589299194381 -0.0368070771547345 -0.0376955081312461
-0.00986080541914602 -0.012856677149324 -0.0252444087970127 -0.0360108466009198
-0.00906453855318606 -0.0142506251829893 -0.0107293833492406 -0.0492458768824612
-0.00351899119585803 -0.0213859921743815 0.0178794927919359 -0.0569954792542308
0.0115340524791957 -0.0231934488503257 0.0547081657378443 -0.042859726411107
0.0290893431109551 -0.0107427490765606 0.0685402963514332 0.00857324490725135
0.0266260727181019 0.0251744256342936 0.0297800234433585 0.0387235666120837
-0.0109111263146677 0.0363233787140976 -0.0176363732418041 0.0166244244967634
-0.0284167777592956 0.0166230952501757 0.0234297804664785 -0.0496411479112189
0.0112323625561502 0.014004850029937 -0.0263865683928845 0.0625698655344124
0.00724306259423587 -0.00902175189410734 0.034621671612583 -0.00536988077955986
-0.00509427207767657 -0.00953060581517174 -0.0223660432721818 -0.0510744567056339
-0.00611562690680469 0.00376755783352161 -0.0755582094615619 -0.0174330310192581
0.00212673454760364 0.00392290243258709 -0.0683025673329531 0.0482377918264957
0.00219069878935305 -0.000831453599769711 -0.0188907188433286 0.0687339567734623
0.000981978388247699 -0.00148224579320825 0.0140866933357482 0.0552600523892383
-0.00229323633399231 -0.00469328849060819 0.0295958451557104 0.0421885623881524
-0.00320853383626591 -0.00540774575916933 0.0394013125706616 0.0375408149830025
-0.00101139807406992 -0.00987722696895641 0.0354395807855243 0.0484018765744829
0.00811575494551777 -0.00889201237026968 0.0126567977752732 0.0588779428197662
0.0117834726930707 -0.00164810875206095 -0.0208340304406388 0.0608482044541117
0.0158948928051409 0.00771307498647003 -0.0588020565482568 0.0649103336612825
0.0106590451869211 0.0182995284516468 -0.083798990696249 0.0579530189919438
-0.0021537494805163 0.0316739075443321 -0.0806400566497064 0.0781767381189142
-0.00716881425143837 0.0418569761097556 -0.0262106324526233 0.0564017486465342
0.0114260304240378 0.0202103873841607 0.0384424752793044 -0.00656410601236261
0.013801282779212 0.00515232312146869 -0.0145227664260203 -0.0567049600545249
0.0126649158220194 -0.00379931833715357 -0.0757573921013242 -0.0272659631923036
0.0133349392368696 -0.0128599512897485 -0.0708339795367607 0.0411425406024667
0.00169134386000037 -0.0199811745245469 -0.0242253247543102 0.063657102820588
-0.00795201648691266 -0.0167793412434622 0.00911538696730176 0.0525387063320071
-0.012617778167098 -0.0193978343247224 0.0260614132655055 0.0378530821800012
-0.012299942434497 -0.0222338574789467 0.0386306027770392 0.0295676888306088
-0.000933416773062456 -0.0357978199403633 0.0415330766459124 0.0380464804431448
0.0261426013134517 -0.0316252382875401 0.0271765300242717 0.0526914539072016
0.0414609719610347 -0.00654713912949159 -0.0027757680384517 0.0627726257129091
0.0402956825403427 0.0340420241942579 -0.0452205690581112 0.07069832064437
0.00948385344900272 0.0600560867394356 -0.0736271331010586 0.0588332904836373
-0.0230270439932771 0.0672855842961967 -0.0694685972356808 0.0652623928904806
-0.0287780724017425 0.0642410270141105 -0.0181080548124846 0.0406576883788011
0.0102530848322038 0.0509568625464559 0.0458612264714002 -0.0119694003500475
0.0308686284985519 0.0255976558986437 -0.000429296083833789 -0.0651199801813353
0.0346483235726009 -0.00736146654995329 -0.0701154540810481 -0.0418957335621358
0.0258641987741745 -0.0286234612323135 -0.0715962924176739 0.0264694150185526
0.00343504909903302 -0.038349709270835 -0.0307523709622172 0.0513793873528327
-0.0146912894974572 -0.0306601676560334 0.000477708747569803 0.043212645023306
-0.0215125542368021 -0.031426723301331 0.0185995004212892 0.0288348191932269
-0.0199956144730316 -0.0344123845310394 0.0331528347205969 0.0162514146925691
-0.00465196641838998 -0.0539912131811316 0.0436011187015787 0.0185438239082946
0.0337704057788784 -0.0518585337160287 0.0433745204888475 0.0360353623995615
0.0611578245802929 -0.0197599707172594 0.0220731031486551 0.058608087703638
0.0657322296014691 0.0437780224310997 -0.0245413503889003 0.0739825523013858
0.0177601875984975 0.0881787125270631 -0.0607437192861411 0.0559976950416051
-0.0339894766897831 0.0928749402095306 -0.0532490117176373 0.0448162573385876
-0.0492246182898924 0.075742916450184 -0.00191154322748137 0.0176779159950943
0.0015745649832787 0.077497483544129 0.0556553887518047 -0.0207369141031998
0.0421514337480641 0.049292502038731 0.018455176515414 -0.0722830295291142
0.0553730108553222 -0.00451586669891297 -0.0552032639490404 -0.0586312447079838
0.0388943458269401 -0.0396598516857905 -0.064668102986103 0.00646342846197499
0.00666790057835301 -0.0528281847730028 -0.0349558873060651 0.0314603577190895
-0.0187735051622902 -0.0412175049845046 -0.00998589579039188 0.0284473810595892
-0.0269783970192943 -0.0388488941623558 0.0085134391540484 0.0142890208004286
-0.0251616337851218 -0.0400629056331359 0.0241528038367021 -0.000679321691859983
-0.00898053162118 -0.0619360917192881 0.0407920578262106 -0.00355365253858196
0.0326012959847664 -0.0641386370548243 0.053134856729775 0.0130818598744312
0.0672555731315344 -0.0339451550993474 0.0447960787691481 0.0460569320594489
0.0813280505370699 0.0412670534397703 -0.00275301751411747 0.0695069642001036
0.0258078333453202 0.0988962141686914 -0.0483785606902816 0.0486905649196732
-0.0368977183866102 0.103633224261718 -0.035979967415914 0.0182806123740209
-0.0622399627294722 0.0737324055609657 0.020279569462437 -0.0110532598544886
-0.0117206245362921 0.090659770906886 0.0663081685658106 -0.0319227218456994
0.0417859937393166 0.0676618222682796 0.038785938238978 -0.0739792688375951
0.0667516404484687 0.00311311995569769 -0.0310844290568807 -0.069303035293834
0.0472196062064824 -0.0419003737163493 -0.0496378694812733 -0.0171810630700751
0.0105017474483717 -0.0585983532055624 -0.0360647359861375 0.00658316293890302
-0.0194987197659009 -0.0462678656768455 -0.0199119945136958 0.00849722644181015
-0.0288736594681419 -0.0397817643996241 -0.00254903672124121 -0.001500058965683
-0.0259295058474278 -0.0395013728510309 0.0125536804044611 -0.017525374496252
-0.0111385505579281 -0.0604884679565937 0.0335257108881884 -0.0239622110223499
0.0279996181638122 -0.064705346283179 0.0560731453121723 -0.00929144184518527
0.063184881792672 -0.0387294427846561 0.0589911293553513 0.0301107472355449
0.0814687862263216 0.0349362350578503 0.0139152169856615 0.0598613134536762
0.0256740715444985 0.0948724151966026 -0.0384769044252519 0.039175898319122
-0.0371650516360416 0.0978705508412278 -0.018994713405401 -0.00795246711438315
-0.0626078985783868 0.0586462106412339 0.0450919627613684 -0.0390067003003723
-0.0237114145375467 0.0828421247873876 0.0753223860032591 -0.0421783899932351
0.0303884603397155 0.07025295604505 0.054974904512753 -0.0703980221958802
0.0629576691533907 0.0105267658474935 -0.0045354142443236 -0.0713035413525564
0.046212354524539 -0.0354828409896939 -0.0291307680180854 -0.0371828338887927
0.0122572675644525 -0.0531149369875989 -0.0335758831729704 -0.018736099955175
-0.0172764589401056 -0.0425970787861012 -0.027910332242396 -0.0113527087819515
-0.0264593844527375 -0.0353772065685615 -0.0126883259201909 -0.0163421589163571
-0.0232981303798212 -0.0343501237225514 0.00149773481733084 -0.0317003449609158
-0.0103024552475323 -0.0512870464596059 0.0250669317818172 -0.0403976288236744
0.0230860834010445 -0.0549164943276572 0.0550701652282988 -0.0267463817095339
0.0536620304933874 -0.0330942720365525 0.0653643083897328 0.0171653598744583
0.0686936815143466 0.0313702435705871 0.022768498090104 0.049136449803299
0.015969557844645 0.0807295286607619 -0.0304691044327956 0.0286653015091251
-0.0357366407649841 0.0789058739357152 -0.00399137256648517 -0.0296100940913234
-0.0495743274800896 0.0337552649991545 0.0643662855232663 -0.0619923544688562
-0.0276878682006474 0.056890092417011 0.0808973831610228 -0.050355736564935
0.0151539950314423 0.0541884122770348 0.0642185277771472 -0.0646436783433825
0.0442690012823226 0.0119116367437055 0.0162717004300492 -0.0670818735591576
0.03368753092586 -0.023761265799946 -0.0112209957650832 -0.0508794881536928
0.00997447336899419 -0.0378230759075052 -0.0304013569124557 -0.0382297544248055
-0.012155767377939 -0.0315665312947355 -0.0342692467206374 -0.0274899973076778
-0.0203345066968618 -0.0256988327855416 -0.0207668695357302 -0.0283274914120512
-0.0176270960011526 -0.0259050850154485 -0.00704426986810972 -0.0423186245754943
-0.00719461906763584 -0.0381346043395858 0.0195395497998066 -0.0507016244945526
0.0178470533672888 -0.0403111160577539 0.0541693530354337 -0.0382577095506595
0.0425210844767702 -0.0224857196695746 0.067570523374758 0.00982764389992284
0.0487870315363285 0.0290818516690183 0.0278686582357257 0.0413140692041505
0.00183621006652431 0.0612715066804356 -0.0232931713470176 0.0209861568066923
-0.0340628641075731 0.0503222298521163 0.0105997025566847 -0.0438617260676034
-0.0262476076052412 0.00279663844809099 0.0742174902356522 -0.0768300173623299
-0.0223020355681533 0.0199496185562909 0.078846361119505 -0.0552198997240505
0.00148512075630041 0.0240506367894381 0.0635922671615629 -0.0617736763776885
0.0172006179201248 0.00673583955598503 0.0250474409449277 -0.0630549335578676
0.013368726576922 -0.00860439866422914 -0.00353362977367634 -0.0568550846678125
0.00536041825284914 -0.0154478842345764 -0.0298849449002517 -0.0477202743372902
-0.00498130573494163 -0.0144495509084323 -0.0374375249109647 -0.0365589808360109
-0.0102879734217871 -0.0123943198516487 -0.0257124185521954 -0.0353512769071623
-0.00920161195321233 -0.0144274593695485 -0.0115440854614589 -0.0489450756586064
-0.00404312906469475 -0.0216832141738027 0.0173572957563203 -0.0572788896614949
0.0107607414774356 -0.0233240361343093 0.0547466427334109 -0.0441989072646826
0.0286288652680885 -0.0109731745861341 0.0684707227794023 0.00788256755888985
0.0268496467341756 0.0248132113827724 0.0297408638113447 0.0391814788298179
-0.0102928460334547 0.0369101234574979 -0.0180058289046239 0.0174988138593013
-0.0275749758784032 0.016769093237026 0.0225281101904341 -0.0494893374062269
0.0117441786958574 0.0142052792575825 -0.0245742806444339 0.063653334701893
0.00717145725890767 -0.00948026242040617 0.0343833842006471 -0.00691086278184889
-0.00549675338759445 -0.00936613801062007 -0.023533301187541 -0.0509424057696889
-0.00618967033425133 0.00347146715406937 -0.0763158843998308 -0.0157531362984781
0.00278920601582181 0.0037530019144347 -0.0668946966431411 0.0508538850625218
0.00227423032713129 -0.000873420024319003 -0.0168631776317461 0.0698129452692187
0.000748616868620407 -0.00183774800856704 0.0158907891973181 0.0544733677533937
-0.00231790768993565 -0.00442851168061561 0.0311348754638979 0.0417735934362214
-0.0036636471004796 -0.00533150662330878 0.0408250276748215 0.0361023415500368
-0.00147867756088496 -0.00999555980498389 0.0380227075242418 0.047632595496931
0.00862131049334063 -0.00984675978876944 0.0145554058672798 0.0590930141751758
0.0116272612093181 -0.00191737643285948 -0.020377253270432 0.0623893252999088
0.0159026607903412 0.00731166350372436 -0.0578825844976947 0.067441087747051
0.0107773999653998 0.0187696269190252 -0.0835529493110599 0.0598235395151467
-0.00131161614879844 0.0322007065505393 -0.080464470257969 0.08035204284979
-0.00615566995240105 0.0429698020724686 -0.0248817286864884 0.057504571183287
0.0119913662770849 0.0199068409770723 0.038139035522365 -0.00834632445812137
0.0139271654855211 0.00492471290832497 -0.0153364160982217 -0.0572632621502682
0.0124620816676628 -0.00410203635560793 -0.0764172655795981 -0.0261606254312509
0.0131007240785546 -0.0138264658601468 -0.0702538789787148 0.0438363501732978
0.000931820413545333 -0.0202485576593087 -0.0223392792627702 0.0650122303228901
-0.00883918911508523 -0.016249470533102 0.0106812436984599 0.0522246963248885
-0.0134894649192705 -0.0191102758601187 0.0276137692067947 0.0373059035535958
-0.0131573722741925 -0.0225451530658371 0.0397714373690234 0.0280965521127498
-0.00217275777927446 -0.0359250302046589 0.0429606646192983 0.0367587431279239
0.02528568135815 -0.0327032131165053 0.0295162797258835 0.0524685502142422
0.0418357893630542 -0.00778439799545871 -0.00180798314401954 0.0635838868646448
0.0420359091300176 0.0331297331768356 -0.0443291129292182 0.0729277227279599
0.0106828952111038 0.0608209204706156 -0.0730644830067366 0.0603070953006735
-0.0224392209208585 0.0692350151660265 -0.0684089316010776 0.0678428320669693
-0.0277371080293774 0.0657598144175125 -0.0174970761038311 0.0412317855025292
0.0113331270781244 0.0513005052532775 0.0457226946568414 -0.012956266938916
0.0320644878675571 0.0253298758164948 -0.00143561112329702 -0.0661074652173574
0.0343567264344592 -0.00820884211522852 -0.0712814647491119 -0.0412157717809848
0.02529019173368 -0.0296587787369912 -0.0709580778333681 0.0289575885154818
0.0020106381910989 -0.0386759665340078 -0.0295244531458627 0.0525969778172467
-0.0159244984837062 -0.0306267372139725 0.00172972247769008 0.0436840457858675
-0.0223173640586002 -0.0313901070749904 0.019739821357069 0.028013597268192
-0.0209971352894008 -0.0340050600124219 0.0340284753176248 0.0145874731034464
-0.00644499757130149 -0.054488090625671 0.0450759850896722 0.0173540037323306
0.0321298395759187 -0.0537039047185681 0.0451691792315917 0.0355375674461911
0.0611847781631384 -0.021817024957539 0.0228292571978303 0.0582948931309069
0.0678028438394654 0.0424869887696754 -0.0232567632412241 0.0756639125906567
0.0201500119050041 0.0891977476752072 -0.0604188059652861 0.0571308626198509
-0.0326205798270901 0.0956718311302 -0.0525274095671359 0.0463257150466881
-0.0481208402518497 0.0782335801525924 -0.00187454104451861 0.0174127134731403
0.00400707660838934 0.0783983797226022 0.0555932608839348 -0.0224088755255027
0.0440472327104792 0.0489992512079294 0.0181561727915176 -0.0740263811514299
0.0558991663414663 -0.006112863207917 -0.0564716594881544 -0.0581105123713109
0.0382429368407038 -0.0411749974525717 -0.0648684881747291 0.0077823710652118
0.0048882548298998 -0.0536535524288647 -0.0345458101089595 0.0329205775948484
-0.0200746944153447 -0.0408901061528801 -0.00901969948681241 0.0284468964321859
-0.0285640642989248 -0.037854515245112 0.00899775179304314 0.0139063604541126
-0.0262978995307832 -0.0396359507747271 0.0236998904735416 -0.00233036190667506
-0.0113849379369624 -0.0623665865048865 0.0412055706913688 -0.00547383843417394
0.030950975315198 -0.0660582007472199 0.0547492637548315 0.0114080777464899
0.0668845906582604 -0.0358301874681777 0.0457650609194108 0.0453335730112264
0.0835636090611126 0.0389877818716976 -0.00176148537157019 0.0706343909649261
0.0288369710448823 0.0997010130371316 -0.0480498500177 0.0500194077795024
-0.0356661015052867 0.106584901191376 -0.0357498333964679 0.0196178258121976
-0.0610085328805605 0.0769960437391315 0.0201604806654416 -0.0112425313657684
-0.00939385512836005 0.0915446457616252 0.0658260873033505 -0.0334993372817771
0.0439990377266771 0.0672247260185946 0.0382634262912613 -0.0762035298585986
0.0673790119638844 0.00113149075666334 -0.0325940553945376 -0.069291113332675
0.046565603746119 -0.0438198853188057 -0.0500197356317396 -0.0165966008810483
0.00875904483665886 -0.0594570499992949 -0.0361708271905977 0.00742612001724878
-0.0211133748025917 -0.0455048232669408 -0.0196564360234961 0.00951475005936114
-0.0301034440472564 -0.0394331741680924 -0.00258867052112039 -0.00130657058112234
-0.0270431147751757 -0.0388600837395353 0.0116774804585573 -0.0184062476940978
-0.0134417756097651 -0.0605178469901407 0.0331451155477565 -0.0258517882920956
0.0262388987618931 -0.0662445279782305 0.0573435838759671 -0.0112729879616763
0.0621649435764758 -0.0405369789256896 0.0599042087557383 0.0287963115755977
0.0835176117347052 0.0328721236802921 0.014590503193113 0.0599298000550354
0.0283476933713453 0.0952446740922094 -0.0389418914276965 0.0404818967375104
-0.0355989895609187 0.101030439157281 -0.0195724569385835 -0.00721512792910493
-0.061052005607312 0.0613386596088419 0.0445472900567862 -0.0403994638856385
-0.021933738510672 0.0844838489152731 0.0751156197392626 -0.0435333181267673
0.0325756799925009 0.0705662084273071 0.0557354109033515 -0.072635617533543
0.0638219221830956 0.00890208361152063 -0.00556469739210932 -0.072580074440797
0.0454182334399612 -0.0371518032236285 -0.0304103887761166 -0.0374106866787809
0.0101803861064485 -0.0536576413063952 -0.0349791947274606 -0.0180944392494293
-0.0186569854901271 -0.0425409943684455 -0.0287709623551453 -0.0104565160568705
-0.0276955808740812 -0.0345353467399558 -0.0136361073999575 -0.015992013237072
-0.0240456660161723 -0.0336544647872666 8.08309265824604E-05 -0.0321825263939256
-0.0120950486305603 -0.0514712319196188 0.0244980441916614 -0.0415432923658953
0.0214868446214547 -0.0567731379486557 0.0557005719941379 -0.0289124657274155
0.0535713129142961 -0.034717439156965 0.0657762046678919 0.0153675540104243
0.069947330563501 0.0295656901884454 0.0232107130762669 0.0493174475360505
0.0182440759092163 0.0812573102245717 -0.0308354383091304 0.0300335901184102
-0.0353433151464926 0.0809988301651396 -0.00437314980730585 -0.0299974760036049
-0.0490807626201211 0.0355334017435928 0.0640219148628631 -0.0635458073917453
-0.026644393938833 0.0583056062635136 0.0803322603455696 -0.0521470682939949
0.0168061753694715 0.0541224862391777 0.0639407741154862 -0.0665243005349173
0.0448149064780397 0.0108462783544851 0.0156216107942469 -0.0680961744875154
0.0332076661191698 -0.0245974081678403 -0.0127268043526817 -0.0517131125607844
0.0090508927268484 -0.0378863064784451 -0.0317411723980098 -0.0378761746806015
-0.0130009658090145 -0.0311918726013916 -0.0351633562934002 -0.0264858669806639
-0.0206434383670203 -0.0249812756351675 -0.0217524249493312 -0.027713764771779
-0.0179951587644652 -0.0248903164888885 -0.00874822220088852 -0.04251184468298
-0.0082811882839934 -0.0378482091260541 0.0183605855899129 -0.0522580820618819
0.0165213658359699 -0.0410464349758167 0.0538727462230554 -0.0399033945602824
0.0418273722554426 -0.0236519362287927 0.0683584989714354 0.00789562788703251
0.0499171218682637 0.0279693964560258 0.0282044000206286 0.0417042772221371
0.00390802583923671 0.0621469053401127 -0.023595389238822 0.0223446404007802
-0.0333021605956503 0.0521442266557289 0.00956695330178124 -0.0444977377251096
-0.0260050380036642 0.00399679211525012 0.0731916938233389 -0.079441290060015
-0.0220371204475186 0.0210354242418033 0.0791450910804459 -0.0568106542844871
0.00164608280025147 0.0243142628404226 0.0637446350600664 -0.0633446406667997
0.0169967226992782 0.00651113306910921 0.0244455701835524 -0.0644619444801268
0.0132486262598195 -0.00905953347660381 -0.00430953741962509 -0.0583749195510632
0.00514083504920855 -0.0154421623115174 -0.0311796417396971 -0.0469356218810827
-0.00560844910664267 -0.0147564840805112 -0.0390848032785697 -0.035980839481061
-0.0103205598652118 -0.0117564089200093 -0.0264065364724473 -0.0345230598689238
-0.00991902001978556 -0.0141176459942524 -0.013167381723342 -0.049184683764738
-0.00491158399975228 -0.0215585319983485 0.0164245064779477 -0.0578865440929565
0.0103367496652808 -0.0233022210483698 0.0545893097896106 -0.0461275928537786
0.0284281852464381 -0.0115203237288182 0.0694775313752929 0.00594925761365385
0.0273529666360026 0.0240138751216507 0.0300769181938952 0.038583570199666
-0.00967845340237204 0.0374445614589995 -0.0177579976890634 0.0183561459023597
-0.0273520845643127 0.0177398026003369 0.0215310314451796 -0.0500851826533654
0.0122207941100833 0.013563996680423 -0.0215136700495459 0.0643841872852367
0.00615488206089349 -0.00915217170130169 0.0338555062603056 -0.00885723149532893
-0.005987884542869 -0.00915784203474291 -0.0256964156722654 -0.0506497374789117
-0.00611597956624209 0.00397900999602256 -0.0765035676697093 -0.0125149671824294
0.00298959449230283 0.00367918182640452 -0.0638832476787092 0.0543275256287524
0.00183421417912271 -0.00108602977551151 -0.0132014345013212 0.0703526016799078
8.14060882163409E-05 -0.00156690492869171 0.0182069983341757 0.0530618600463216
-0.00262335628529267 -0.0048806108063618 0.0329112936925049 0.0396467594183265
-0.00357327772035276 -0.00520407820589548 0.0428753711001236 0.033492641957201
-0.00187120618694512 -0.0100603532184237 0.040425084503783 0.0453440615135112
0.00759606310634044 -0.010105724469124 0.017607177305937 0.0594286364685145
0.0117771156076957 -0.00231348789067519 -0.0185028595023752 0.0638682509503395
0.0159270607426827 0.00616038246678817 -0.0548916736090909 0.0701468308057143
0.0116089044067441 0.0179750385318323 -0.0810828209279662 0.062882053870154
0.000238494916412439 0.0327750341858573 -0.0770357002069403 0.0839918359281873
-0.00404033023261015 0.0434487102429835 -0.0222408995664283 0.0583949357109636
0.0130126551246997 0.018761235819006 0.0376314221746468 -0.0105109815905274
0.0141069357252076 0.00421324335535555 -0.0178123363935365 -0.0570252952968174
0.0122074789639564 -0.00503670114559306 -0.0774678327386795 -0.0225706431151983
0.0119182614735401 -0.0143811067676923 -0.06760539855318 0.0467998800971828
-0.000393357995218597 -0.0201297854649079 -0.0188630874808853 0.0656741084847986
-0.00971622926671733 -0.016085813658951 0.0131883633457426 0.0514712704491303
-0.014286672145481 -0.0187190730640602 0.0291536442220725 0.0353341934426531
-0.0141125579329155 -0.0215006821665187 0.0412984854565444 0.0251097971846667
-0.00450175662454706 -0.0359143263827165 0.0454872615232865 0.033437218610802
0.0236191259637299 -0.0342544079378444 0.0321581949894243 0.0509967874991357
0.0414071819706385 -0.00961418028701548 6.47735693527556E-05 0.0641087832714299
0.0430500604790002 0.0314867376566725 -0.0410313458653757 0.0752631276202476
0.0136025715229803 0.0606963570233804 -0.0706350035895342 0.0628961908695232
-0.0192873851371309 0.0707549105281074 -0.0661253003844016 0.0705846190573987
-0.024432492037192 0.0675427851015833 -0.0158605470385964 0.0416531114579538
0.0140541175076888 0.0505385723939418 0.0445438867809867 -0.0155440784571831
0.0334962553010471 0.0232855590461391 -0.00361588301692935 -0.0666319400024562
0.0337432574772677 -0.0102391727210633 -0.0726874408186858 -0.0376363402487496
0.0234003729327593 -0.0313508677351684 -0.069092234688703 0.0320334652822214
-0.000350585257331018 -0.0388280764281981 -0.0263696472217545 0.0538333886350027
-0.017625053275398 -0.0296806850230447 0.00421859354031305 0.0431159433722013
-0.0237627474175303 -0.0295155128541919 0.020905614919398 0.0265678518825074
-0.0228648765822804 -0.0329193534447988 0.0344364707658826 0.0118738421288466
-0.00923414723828785 -0.0538702327082802 0.0457498702482935 0.0140397885275701
0.029214847856048 -0.0553848259726206 0.0474302316982596 0.0329879533501795
0.0603584754597409 -0.025296597443652 0.0254079977428896 0.0578201588322374
0.0697979592376133 0.0391201865562791 -0.0205099499507677 0.0767266634572658
0.0243550672275444 0.0889771776962504 -0.0580935896634176 0.059504425338708
-0.0287201393577868 0.0978175005684367 -0.050920506809202 0.0487145259734395
-0.0443578062975375 0.0811885876066787 -0.00126529977482881 0.0177661365506712
0.00781284167461258 0.077712175300377 0.0541709604571627 -0.0245542407967548
0.0465300061858395 0.0466492354094733 0.0153845363831375 -0.0752066004246622
0.0552559303880588 -0.00896943270142332 -0.0585889352526792 -0.0548404104443108
0.03526442526089 -0.0432012487264846 -0.0637770343387163 0.0103236846265693
0.00163711315053198 -0.0535292688319221 -0.0327560927858864 0.0341581492204935
-0.0223669086993303 -0.0397404031850581 -0.00681346306681188 0.0283072457830334
-0.0302026656504596 -0.036128006728563 0.00953755154046348 0.0132431108230845
-0.0278555140537157 -0.0381048613261194 0.0232495128411848 -0.0036151152023311
-0.0147197583349094 -0.0615530232805487 0.0410152599168933 -0.00824253121992591
0.0272720646933826 -0.0676937928841148 0.0561902610494803 0.00845353131866309
0.0649146789940285 -0.0393921833735243 0.0472565062441321 0.04310466909013
0.0855544235078148 0.0349163584522866 0.000968490709992322 0.0712943188894832
0.0336103116380674 0.0986066575742939 -0.0468079857255434 0.0523924082544316
-0.0311408246014481 0.109258019629628 -0.0350807273945449 0.0215573506653498
-0.0572512739441969 0.0800223335054733 0.0192478214913948 -0.0122213255877651
-0.00467528425266804 0.0917433452815092 0.0644584287901875 -0.0361328841397968
0.0474571762588097 0.0647879972016055 0.0362681072070995 -0.0783369120158196
0.0673117863473589 -0.00219523300177023 -0.0355159961004794 -0.0683188424673046
0.0440939809111465 -0.0465897345359665 -0.0505216619346669 -0.0150525614136933
0.00483714431724975 -0.0595288789433669 -0.0358677507179564 0.00928309772637308
-0.0233943457494889 -0.0446236876361093 -0.0189487442397674 0.010404898605988
-0.0324521818840096 -0.0369346550535714 -0.00280008641737949 -0.000826592249064919
-0.0292929040233694 -0.0374404760472852 0.0105040227772291 -0.0188269336159831
-0.0168605061390127 -0.0599910764547344 0.031895681618896 -0.0278965594249308
0.022558368548701 -0.0677075464455703 0.056856623031198 -0.0146153205217624
0.0602568480161524 -0.0437950014993271 0.0606500529834985 0.0255426519370475
0.0851314738816782 0.0285072608210699 0.0168468502216085 0.0599757234831933
0.0331692872192273 0.0942011528401037 -0.0374965916054569 0.0418095283606471
-0.031389096218254 0.103231905272496 -0.0197720634802843 -0.00564123639942662
-0.0582547275239146 0.0647156689788435 0.0428639003701467 -0.0422203677592315
-0.0177115142869315 0.0852020774153349 0.0729007001820883 -0.0470779103816573
0.0362624627433474 0.0686351931247875 0.0529602518674732 -0.0756601210872886
0.0638521894858883 0.0058897787758072 -0.00824535963743653 -0.0719204450843068
0.0433145261451302 -0.0397466249031153 -0.0315863587544247 -0.0371637511849433
0.00701150935868134 -0.0541990755668226 -0.0352844951990829 -0.0165879178876466
-0.0207707077031877 -0.0416545879283666 -0.0288836799227068 -0.00854109842113133
-0.0296905894576945 -0.0325043332271654 -0.0144289686152004 -0.0151747888029097
-0.0259256108654762 -0.032204316679092 -0.00147083061558387 -0.0323624912221945
-0.0147270670245981 -0.0509475498401466 0.0226724696353283 -0.0428391519205525
0.0187393124407499 -0.0574281151767553 0.0545445970566309 -0.0323765500166248
0.0512359902387327 -0.0371481573415057 0.0662646214869774 0.0117914067574514
0.071539192271358 0.0261579056352597 0.0253783788810671 0.0482146095096904
0.0224003236851517 0.0805253595694518 -0.0297133512639388 0.0313883373414708
-0.0314848700840399 0.0833325594065744 -0.00589668153363543 -0.0290202058109784
-0.0466064114489045 0.0385478573860367 0.0612047960926915 -0.0667667659955215
-0.023630729689713 0.0594523259812468 0.0781317700708784 -0.0550022531065854
0.0195200849896326 0.0531087976472108 0.0614102648083657 -0.0693388756903142
0.0449498887568367 0.00868635167598765 0.0131793149973812 -0.0689607077396982
0.0317717966584051 -0.0263991838814454 -0.0144785368211104 -0.0520266195150792
0.00680112728809722 -0.0384986757546073 -0.0339500235219094 -0.0360706973106611
-0.0149370449617152 -0.0307693841544131 -0.0363220921240366 -0.0243411503870903
-0.0217776401129696 -0.0232469288831282 -0.0236204020184705 -0.026174127586727
-0.0190157337100804 -0.0244651911425438 -0.0110724013744631 -0.0422646011524608
-0.0108578873372762 -0.0373419199544261 0.0158141124500057 -0.0524826102975153
0.0146510620459619 -0.041874073592922 0.0526773153944692 -0.0432773142883452
0.0403248028080235 -0.0256341862432429 0.0684845834002809 0.004128054626653
0.0512178118975675 0.0251364745844301 0.0296825248610045 0.0404491357365953
0.00693197412650043 0.062188432827063 -0.0229103876001251 0.0238380469776314
-0.0310327329291117 0.0538958200268943 0.00753518932433159 -0.0447346307561862
-0.0258348790311098 0.00534430830306692 0.0700210748694437 -0.0821596528866969
-0.0210418928114224 0.0222763309907578 0.0770333641273481 -0.0599034896455361
0.0031986944354908 0.0241050603816571 0.0606709659233391 -0.0664167674096435
0.0171954534457009 0.00550361479154668 0.022235098674086 -0.0657492320347919
0.0125813373668854 -0.00944511994587858 -0.00707395481206931 -0.0584811277656764
0.00431544524331281 -0.0157877959836801 -0.0341221963488444 -0.0454300226970381
-0.00609490629290386 -0.0141659652136849 -0.0406742692000198 -0.0327280469562059
-0.0111902466485542 -0.0110106346387434 -0.0285785733779962 -0.0330718334244331
-0.0104055624375872 -0.0133400222807975 -0.0157270225896329 -0.048160648168925
-0.00655038895101385 -0.0211065535715507 0.0130805636713349 -0.0586912116250168
0.00909083333369716 -0.0239574032730303 0.0522948747780151 -0.049256462314478
0.0277062345820405 -0.012967986695274 0.0693659953345894 0.00283424881890939
0.0284424870523344 0.0224333514034688 0.0312029557465474 0.0371669160291566
-0.00706611510303082 0.038508022902607 -0.0175066946839745 0.019757837016762
-0.0268237813366611 0.0191787404402794 0.0190983087747068 -0.0506843378710793
0.0127536434998238 0.0123581345907698 -0.0178542854888359 0.0633999683888194
0.00581449613280885 -0.0089403238587605 0.0320407096476252 -0.0109053396062249
-0.00662722577103603 -0.00841573047954682 -0.027281113199112 -0.047705448657424
-0.00551909387374307 0.00420116242935694 -0.07471919197575 -0.00909821097165298
0.0032123106488612 0.00327302026481151 -0.0586499528930965 0.0563474770519593
0.00143005709924799 -0.00132522436937642 -0.00937681080865908 0.0686529453790367
-0.000302345566932417 -0.00172992523247402 0.0203274838273177 0.0501970439264695
-0.00303932181011655 -0.00447992248964845 0.0342737879883643 0.0363604043762573
-0.00432955532005744 -0.00571914171424282 0.0433050133999517 0.0300425515068171
-0.00223318735866764 -0.009363844877132 0.0420189591190274 0.0409838216487138
0.00706917957819551 -0.0104090091929423 0.0203681636623251 0.056820222737884
0.0113515024125578 -0.00293773247124593 -0.0152783035123815 0.0635691313587092
0.0157366671445999 0.00564240956638364 -0.0497397390650658 0.0704782860247969
0.011975699458263 0.0174457499404559 -0.0766142554089878 0.0640951070989778
0.00116834953871909 0.0320342197798021 -0.0709032538162701 0.0852067662426182
-0.00183953777897736 0.042723184392589 -0.0186862003698925 0.0575796690156966
0.0137074143500308 0.0181782641260382 0.0356144425333972 -0.0126138777828242
0.013641298306239 0.00348199852638919 -0.019184625398697 -0.0551608385760756
0.011446157989801 -0.00493808719459804 -0.0757220798627719 -0.0184915093662813
0.0108127311325224 -0.0147076742647903 -0.063165322815829 0.0488546249062562
-0.00142508306587219 -0.0192413422695066 -0.0148570438654209 0.0645210940642172
-0.0107062496181004 -0.0150347597262395 0.0153014763234131 0.048378394037486
-0.0151035798058971 -0.0171329737789665 0.030108029077658 0.0323941232989039
-0.0149650815375295 -0.0200744509069501 0.040938634471674 0.0217907499872586
-0.00629405969844631 -0.034436534251246 0.0460908760332182 0.0300672463875276
0.0205364983045931 -0.0347778676506812 0.0341480509469451 0.0479907818370688
0.039919867096874 -0.0114479930189538 0.00282165789442385 0.0626165524340049
0.0437897276425461 0.0276917834323711 -0.0365968337130892 0.0748189784342883
0.0158338343217983 0.0586815837916662 -0.0660182406881938 0.0636109224014366
-0.0152232493441299 0.0697716238611568 -0.0604913790077504 0.0720109290676002
-0.0201485138352523 0.0671776256171703 -0.013760261296715 0.0416627186243731
0.0163177912625662 0.0478951370153713 0.0422951108872987 -0.0178458275139182
0.0337103759174337 0.0213918991394279 -0.00628484207289865 -0.0652905847931473
0.0321038062754895 -0.0113034256611152 -0.0717178744410818 -0.0335985234383841
0.0208991564625934 -0.0314406462073605 -0.0651062296274683 0.0342508146271268
-0.00261683795492814 -0.0371606497951361 -0.022796034791249 0.0531935983989233
-0.0190291398492307 -0.0277575515279456 0.00621277591682299 0.0410362951648144
-0.0248414482037718 -0.0270891958659061 0.0218446648074403 0.0245197258904972
-0.0236750084028864 -0.030659087036591 0.0335472284226529 0.00936773551228445
-0.0126769305918225 -0.0517527721434869 0.0457791851277129 0.0108102087143509
0.0252436340808544 -0.0554157137168451 0.0481139010676651 0.0292285897472902
0.0567878270176679 -0.0273704092377239 0.0267629917293708 0.0553678622277049
0.0696702755650003 0.0336648746102402 -0.0165443095526217 0.0760218781287089
0.0279011550290319 0.0852584801436449 -0.0542111268501544 0.0599202587665168
-0.0236500507855013 0.0971026570959382 -0.0471003631554822 0.0501507757938032
-0.0384100607474299 0.0813360654810692 -0.000549266606800577 0.0175193746275341
0.011599882309035 0.0747633333841996 0.0518783787963374 -0.0262559204374969
0.0479115170998147 0.0428300719299096 0.0121266987117308 -0.0743557455584621
0.0530721969291354 -0.0119632172897283 -0.0594348812859805 -0.0505569333075413
0.0320070872396212 -0.0442249093409892 -0.0608686640901614 0.0127822388225761
-0.00169051011195988 -0.0519729608407312 -0.0295255307715494 0.0347634780302638
-0.0240903678674708 -0.0376787182357638 -0.00505494422117616 0.0282291155999972
-0.0315050423374846 -0.033115314936208 0.0100093365136806 0.0127237600546684
-0.0288883550995957 -0.0355925932032983 0.0223972510832798 -0.00587087967523858
-0.01810869547198 -0.0592021517141341 0.0394436816873276 -0.0105049889556294
0.0222620685759241 -0.0673350924828098 0.0555623273509343 0.00493404817620222
0.0606384144721626 -0.0417094398188431 0.0472373772673099 0.0397243531597472
0.0849503695709894 0.0291820157718392 0.00373573821639161 0.0693710911523407
0.0380312740521862 0.094472685265549 -0.0434061273419074 0.0529706651755544
-0.0251901532742781 0.107825770818475 -0.0330590896677106 0.0228131975659082
-0.0512689136706209 0.0807510237940707 0.0181221928420179 -0.0124105238751092
-3.32134348335111E-05 0.0889925470987458 0.0607964601980319 -0.0380152649140866
0.049476395315731 0.0604276578856068 0.0318583599290476 -0.0785280860614987
0.0654335227753582 -0.00547949208185412 -0.036702467050992 -0.0641329766233584
0.0400563195136834 -0.0476711643731936 -0.0493622750370885 -0.0129133651500384
0.00120952355302399 -0.0578001158753623 -0.0343426102047993 0.0105192615091681
-0.0253877191291776 -0.0419754919116333 -0.0176664774132953 0.0113648695116372
-0.0334702907665462 -0.0337007047683301 -0.00277840717692393 -0.000616520306541361
-0.0300210450368386 -0.0345590621869473 0.00853494449708267 -0.0196631016431512
-0.0201475057311426 -0.0574938269712068 0.0294339316651533 -0.028700065570264
0.0174215461606136 -0.0671244120882735 0.0550470105523922 -0.0177818625028002
0.0558276293547774 -0.0453892162010516 0.0599433469376522 0.0216639612417645
0.0839758339701226 0.0234674897896076 0.0182473474412865 0.0576427693334064
0.0372005376297499 0.0902352394391183 -0.0348796028485199 0.042685783524554
-0.0255521094862734 0.102458528504225 -0.0195206960979065 -0.00486700604340209
-0.0533205539528451 0.0658695473739341 0.0392336127684823 -0.0426827730451745
-0.0129642911243195 0.0834756173446537 0.068693382220245 -0.0487966713155978
0.0384425461644074 0.0644599983084358 0.0483036679708057 -0.0759447263357125
0.0623776562040228 0.00255789640845248 -0.0107059773035235 -0.0693697019718767
0.039831013419077 -0.0407490194686492 -0.0321833495165305 -0.0354989927155369
0.0035794713419336 -0.0532234274208589 -0.035608350048604 -0.0143777580618208
-0.0225772155444749 -0.0389573071794419 -0.0284788084604409 -0.00702942400400869
-0.0299587403201239 -0.0294941622231424 -0.0150042915620779 -0.0136938551001819
-0.0264586595744566 -0.029957950943843 -0.00385671241612694 -0.0315250849438386
-0.0169665462255685 -0.0482919284700812 0.0195601018485782 -0.0431424512315505
0.014556447901965 -0.0569046794000963 0.0517144297250257 -0.0346890881214515
0.0475653770093598 -0.0388489578715639 0.0648892157071113 0.00805513866942192
0.0704484839366639 0.0212724358553688 0.0258421987327847 0.0459791814105901
0.0259557241187626 0.0773198171039718 -0.0277738280947508 0.0330074453247992
-0.0265710493275213 0.0826810544304823 -0.0066821133995801 -0.0275616571713522
-0.043238912845488 0.0394972667852414 0.0562171866450549 -0.067542158474476
-0.0201977453822112 0.0584832235431637 0.073693923270694 -0.0566247889568607
0.0210346941741392 0.0507681223047761 0.0575612847563817 -0.0701332759262263
0.0436154159094146 0.00622963872700752 0.0101999210040472 -0.0678682014279074
0.0293978427496858 -0.0271902128991023 -0.0168143134608429 -0.0506593487951659
0.0043786400872808 -0.0376475940393844 -0.0355021555783646 -0.0335525711672574
-0.0160103403083388 -0.0289223394312726 -0.0362544639707091 -0.0215805970999873
-0.0226169082294354 -0.0209878617534637 -0.0236591283535629 -0.0240576624450842
-0.0197231229290754 -0.0222094918924156 -0.0129716499873134 -0.0399674357716601
-0.0124445849649439 -0.0353767072987711 0.0127561198356401 -0.0521731379065725
0.0118598257099051 -0.0413941638339273 0.048561868982973 -0.0446077416185883
0.0379776382139566 -0.026735895276729 0.0662647707336092 0.000823086623811826
0.0504019083131219 0.0215267058216433 0.0300193553640194 0.038208319500647
0.0102582777358455 0.0598936038736494 -0.0213164022032437 0.024744417460129
-0.0274056360015697 0.053939148142756 0.00513458789260792 -0.0434801468112474
-0.0242335881735132 0.00646891977316188 0.0645822760484748 -0.0832916796510341
-0.0188540828410624 0.0226898739802069 0.0722503976981195 -0.0609202777981103
0.00385881848228381 0.0230526124920329 0.0563823161781809 -0.0671301871336868
0.0163925380352712 0.00466371642113107 0.0191525073915873 -0.0651563834371537
0.0115308742146473 -0.00971238549370026 -0.00965235092253477 -0.0575063549326133
0.00304884046498024 -0.0154653187161631 -0.0357248782302216 -0.0423195493800616
-0.00683244187766354 -0.0136940339086758 -0.0415850916998753 -0.0292517917101424
-0.0109578761957807 -0.00969165665486323 -0.0293929432946276 -0.0301272850472747
-0.0107574005285767 -0.012106950414178 -0.0180727144757662 -0.0454275820278146
-0.00739082265035396 -0.0198664755498388 0.0101237023966092 -0.0576764692839886
0.00806301647357347 -0.0233842709979566 0.0476931594795579 -0.0506123110870121
0.0259722429541695 -0.0141301482227873 0.067306735345511 -0.00116697116164264
0.0284559295771098 0.0200506565035399 0.0316677217251828 0.0352035535190021
-0.00465778057977439 0.0373534887829611 -0.0164798423407638 0.020240073637354
-0.0248192678690661 0.0199985546208279 0.0159517296100173 -0.0502177742096791
0.0143291651479806 0.0115134181197131 -0.0105240488528429 0.0610884604404665
0.00443580593634686 -0.00946740277517804 0.0287486498832558 -0.0135440628988493
-0.00755998412421634 -0.00718783528823196 -0.0311001360486885 -0.041814411888991
-0.00526171062298914 0.00441819223565272 -0.0714220530104525 0.00100680518645518
0.00286703683594335 0.00237801857022041 -0.0480368851620146 0.0605815339069788
0.00113334033977295 -0.00138820864656254 -0.000628177690694496 0.0658462309725901
-0.000249790439506282 -0.00134705789496789 0.0240484047853753 0.0450798966511608
-0.0037778834819862 -0.003975644844505 0.0363614356077945 0.0296904834738146
-0.00428704357010037 -0.00473447854965606 0.0441855321161969 0.0221503956907965
-0.00357264079871917 -0.00917120185441089 0.0447470870023633 0.0330230466235852
0.00513296788937435 -0.0109012547930051 0.0255236905577007 0.0509898611608056
0.0112465026382392 -0.00394322679582332 -0.00769675860588038 0.0626196372370111
0.0162124124946297 0.00337124307917214 -0.0384745394140033 0.0722748692417289
0.0138248808322149 0.0153953130898518 -0.0636306845258106 0.0692646609769321
0.00648511864866016 0.0300815261494429 -0.0573708566973095 0.0906066610616884
0.00400532680301863 0.0425384033128758 -0.0109847324529169 0.0532075091025278
0.014872789154136 0.0151875887089371 0.0312574640789015 -0.0162722814646811
0.0133217271498975 0.00144213234373204 -0.0255843830870634 -0.0500518454967321
0.00983603798916058 -0.00597477434116211 -0.074264893384391 -0.00763231112146173
0.00834191283346042 -0.0150873533234727 -0.0536964518265634 0.0545339960378571
-0.00348398898428191 -0.0180562045275288 -0.0067393394705129 0.0632038413396181
-0.0113506275319855 -0.0127235744792068 0.02001333084121 0.044213200537872
-0.0163354817510518 -0.0136848572321341 0.0320900869863893 0.0267737507070658
-0.0163331755958096 -0.0170938141487312 0.0403395099778241 0.0151279946624939
-0.0104234180065758 -0.0317896702231039 0.0464913652743686 0.0212207298741969
0.0144623904313551 -0.0358322023729495 0.0373719589966582 0.0404040094655442
0.0364621343237482 -0.0151165501128493 0.00955428658982675 0.0589041927574944
0.0447397100124976 0.0205023547290178 -0.0244488361933094 0.07458919950012
0.0228910282782803 0.0524496632276294 -0.0530542914195451 0.0691325196956329
-0.00451942118101631 0.0672723189558862 -0.0500067093389546 0.0773909375509006
-0.010307519572132 0.0682197724221119 -0.0075431842299266 0.035661566522715
0.0209104904082551 0.0431249223271077 0.0373517534993978 -0.0230472186287483
0.033869200932644 0.0157910129962535 -0.0151030985231173 -0.0628169342264512
0.0287208656288155 -0.0142354446351509 -0.0733487457855242 -0.0225280254211105
0.0157105876471928 -0.0325001386524343 -0.0582941379882994 0.0410353213201601
-0.00691835183849031 -0.0347636104586946 -0.0161438708012492 0.0539899166216821
-0.0203058076964482 -0.0235729072395711 0.00989129855179951 0.0382988044259027
-0.0262902692122873 -0.022484232475154 0.0225461180504757 0.0198347697814417
-0.0258841047784745 -0.0259785427530249 0.0317281774784514 0.0037789073890259
-0.0186959671679152 -0.0468769567614325 0.0431580023878055 0.00362536540888617
0.0159188800852386 -0.0556153895633675 0.0478132427853688 0.0210082210688626
0.0501012856239189 -0.0324737451390787 0.0313703191149815 0.0478298940995497
0.0700881175812133 0.0225726839362879 -0.00455544267723498 0.0728580514453891
0.0368230668807696 0.0760827482712533 -0.0409050721825461 0.0654809897503621
-0.00866793193765345 0.0929890190688116 -0.0401577838071865 0.0558091492446843
-0.0266822808135984 0.0838116506088279 0.00313434699748595 0.00956684676635719
0.0189287169319813 0.0690982607109907 0.0447971764130217 -0.0333389549795728
0.0496538339304352 0.0344112234346303 0.000794843372990371 -0.0742199457298286
0.0483277240834722 -0.0166006370766842 -0.0640113527796558 -0.0407328779976298
0.0244029243421297 -0.0450649776385565 -0.0581923417977772 0.020354291358783
-0.00771382299090826 -0.0482295655099462 -0.0252622870904957 0.0372660889618222
-0.0267573646369395 -0.0322310728650324 -0.00297936536453052 0.0278184481365787
-0.0333675198688648 -0.0269802987320268 0.0107499515939209 0.0102781611183911
-0.0312150045708703 -0.0298269260057587 0.0188534594049685 -0.00823615389749645
-0.0246618006128259 -0.0529075911652767 0.0343181827027033 -0.0159260781792125
0.0112252145547218 -0.0662639369703432 0.0513805291877225 -0.00307409644491739
0.0516810029857209 -0.0458596636341342 0.0491027155083807 0.0302692111576628
0.0832338225462883 0.0151320525859652 0.0135454493912757 0.0641025159047394
0.047003756430732 0.0828012889247237 -0.0310918934603907 0.0579757971747053
-0.00887831247497268 0.104226752069349 -0.0296962348091686 0.028735246587599
-0.0388420842714315 0.0850027515379406 0.018380175819407 -0.021464088220755
0.009397373579821 0.0836411083470913 0.0528576390244255 -0.0451851690504999
0.0542200301106658 0.0508278555019465 0.019618233867643 -0.0817909208976203
0.0604957030739882 -0.0123157958833301 -0.0444281895245039 -0.0573071834916927
0.0317000064188297 -0.0494626134065413 -0.050567417778636 -0.00578909036235901
-0.00569321214138695 -0.0546587308295564 -0.0332880443251901 0.0153262980428216
-0.0285411862332788 -0.0362897870219308 -0.0166450208243456 0.0132603005381424
-0.0350112699451193 -0.0276314826677384 -0.00297942671325662 -0.000645372658894633
-0.0324388200172651 -0.02892627445068 0.00487758914737913 -0.0194981387172597
-0.0258153471442502 -0.0503692371517437 0.0224069080217335 -0.0319516254859589
0.00738553441780337 -0.0648087454862844 0.048490034377888 -0.0248113673530766
0.0460609910517359 -0.0492665001659727 0.0585282357247306 0.0115085595579979
0.0813632793604138 0.00977851415904418 0.025561357181137 0.0510915233938578
0.0457457083998222 0.0787308708604468 -0.0242823877257431 0.0473563403115178
-0.0105087099482924 0.0979786036393264 -0.0204431320994416 0.000954544322433162
-0.0428418249372937 0.0702031075418352 0.0358725226272631 -0.0511841013248441
-0.00319742901399518 0.0795296979342254 0.0593482238841174 -0.0564116551768873
0.0436705170907781 0.055609753596373 0.0358001801702203 -0.0813274170023673
0.0584059535440295 -0.00420724966030024 -0.0204720447009407 -0.0656403668844922
0.0323872109278454 -0.0431156579983262 -0.0373172890711638 -0.0294788278875868
-0.00293539577393246 -0.0499397961075023 -0.0372843335861426 -0.0080604572903345
-0.0257123216325478 -0.0339969950443508 -0.0290858749596818 -0.00264251466401374
-0.0316191494846655 -0.0239579491402791 -0.0156961378397353 -0.0111366724820975
-0.0287498819457878 -0.0249808060032756 -0.00866732704316118 -0.0292667224883605
-0.0220842663099107 -0.0426325221678437 0.0115654492560528 -0.0434469808726793
0.00551442388454388 -0.0550850514521908 0.0434735196349735 -0.0397615457584797
0.0391935294973068 -0.0419708184440865 0.062239174808743 -0.00148452577033865
0.0680302579754197 0.00989299668581466 0.0318169388754679 0.0393190277018162
0.0338096113279409 0.0683386066952221 -0.0195676643502746 0.0368879913075816
-0.014276669669735 0.0802322703284893 -0.0110500509075834 -0.0231834185671833
-0.0362769192347399 0.0430181799727236 0.0485404356940809 -0.0746084517196654
-0.0125581771239428 0.0570224353166628 0.0636968816704233 -0.0637111840106049
0.0256031866842431 0.0445207265530438 0.0452812369902361 -0.0760707427728734
0.0418292521259362 0.00116136409366743 1.98977645763337E-05 -0.0667669572226097
0.024401311099791 -0.0288795987205105 -0.0232942703757301 -0.0465679513130898
-0.00056231198341276 -0.0355150566613106 -0.0388538777630287 -0.0266809418510389
-0.0186305112472637 -0.0253949924734119 -0.0384703874587116 -0.0154313844696587
-0.0231795135105491 -0.0167396851503888 -0.0249426813503284 -0.0192236268661814
-0.0218076467456799 -0.0184037144205759 -0.0176832597819679 -0.0360128005568513
-0.016103623588734 -0.0308698339859714 0.0045688393647741 -0.0512983716031403
0.00537280629616247 -0.0402260443263904 0.0399301205526705 -0.0491215973641249
0.0312700860250454 -0.0296778473406957 0.0626021273457113 -0.00806364833532426
0.049729670239479 0.0127052268939228 0.0340258402840415 0.0321203682577911
0.0171833248122477 0.053871395170017 -0.0150583764969896 0.0283890563131848
-0.0184636064483145 0.0535185993991582 -0.000832812106040209 -0.0400884603823181
-0.0221106893051485 0.00842358918009641 0.0532389288559135 -0.0870682043922377
-0.015181341010661 0.0230033606754545 0.0616550802346596 -0.0659818817671165
0.00634969810166983 0.020750191799279 0.0459020807019995 -0.0717145209368164
0.0158601953946902 0.00274588602567329 0.00974490781166949 -0.0648789873873076
0.00971788712848801 -0.0104252931606677 -0.0177206525867345 -0.0535805285669878
0.00100873634277539 -0.0148412013779498 -0.0394318148657656 -0.0355868840497986
-0.00827279666100572 -0.0116794905613376 -0.0428946717674295 -0.0226667598309754
-0.0112404527287364 -0.00802896784544875 -0.0312808253292423 -0.0249288404172734
-0.0117808262550761 -0.009966800159323 -0.0226817708315284 -0.0404839081981066
-0.00993934534573561 -0.0168457653040834 0.00177960628121276 -0.0558530573355058
0.00350574365481873 -0.0229710761298489 0.0384699373790305 -0.0539317970026184
0.0218051050201605 -0.0164064872761194 0.0635999964269844 -0.00973563699961274
0.0289353322106299 0.0142614646294817 0.0349864161288734 0.0294738889295739
0.000605513618399409 0.0353381264835214 -0.0118696434279627 0.0235258077833629
-0.0205612625447027 0.0215057000536236 0.00855653147805646 -0.048258226026084
0.0137677120381347 0.0108093038647528 -0.0105320077287767 0.0582641939215767
0.00452022935542128 -0.00863547789186308 0.0269141171656893 -0.0125459070048855
-0.00742422112766321 -0.00697231047928096 -0.0286068317878701 -0.0398820845541412
-0.00497377964676546 0.0043722031894885 -0.0680821855489211 -0.000368092273850987
0.00306044397947865 0.00229090102383562 -0.0463222725887268 0.0570196848926294
0.00126311317023899 -0.00103868660297672 -0.000736012548652579 0.0620815299129732
-0.000471407887010452 -0.00131855490334553 0.0223402331786503 0.0435200389666795
-0.0033207480371297 -0.00353345100261457 0.0338349507086469 0.0279573841650627
-0.00412749914948752 -0.00453068329921815 0.0411386478806593 0.0213780617056336
-0.00303381050077461 -0.00865997427665099 0.0422816924989994 0.031070454050463
0.004825759448767 -0.0111973625549897 0.0239002935664161 0.0490687926494334
0.0109273185637489 -0.00392527671261818 -0.00785986871469282 0.0598035356399259
0.0146921343323666 0.00331057472407524 -0.0372917542780702 0.0683648962909644
0.0130999150362706 0.0147244243857418 -0.0615062577902964 0.0645975790252893
0.00594924690665501 0.0288560247996338 -0.0557203061477392 0.0852101540795095
0.00351057542777318 0.0401219852325974 -0.0113407170317217 0.0509646735711201
0.0142592365350323 0.0145534865035512 0.0298333771533051 -0.0147207100741867
0.0119375270485812 0.00133720515571014 -0.0235876610740606 -0.047950433073392
0.00928882212544608 -0.00552173926075102 -0.0701896324225408 -0.00847867170819169
0.00799288077811078 -0.0145717364337238 -0.0511611325291867 0.0509451686048286
-0.00345034187661228 -0.0170330623480656 -0.0071306372032901 0.0593192856043798
-0.0108544617349063 -0.0117118471924994 0.0179656370385002 0.041920796655513
-0.0152459822373945 -0.0131692093380678 0.0301988355213649 0.0249523432992939
-0.0155315609022356 -0.0166611522706659 0.0382522313757478 0.0138478312930004
-0.00967357008283012 -0.0302224934010088 0.0441445337271972 0.0200452857434843
0.0138686591708763 -0.0341208900572816 0.0356937450728372 0.0388498230477877
0.0351867204219148 -0.0140982433012472 0.00777712226186765 0.0563148688999624
0.0417739567457534 0.0200338623221668 -0.0240026089651132 0.0709147449310121
0.0212769610289324 0.050386120843406 -0.0513900629551066 0.0650122228173099
-0.00474111927191903 0.0639889741049098 -0.0485761136831632 0.0733460104977016
-0.0102529370958069 0.0649963239092267 -0.00714476995917942 0.0341904909592272
0.0191923085567203 0.0410617560918637 0.0353707921440951 -0.0214713688137201
0.0317699363135289 0.0151302230559259 -0.0132626910339553 -0.0600514650725119
0.0272469312895927 -0.0131542382327478 -0.0691037347828548 -0.022195361958343
0.0149055844787312 -0.0309165711792136 -0.0553956430330802 0.0384086933312128
-0.00628958584024124 -0.0327208554713747 -0.0158373661639754 0.0511805809060581
-0.0197032996034251 -0.0222083418304701 0.00891995958611331 0.0363521306330834
-0.0249051821700954 -0.0208450949523187 0.0218916584480999 0.0189040748906252
-0.0243773999725103 -0.0250616124446556 0.0297250587327611 0.00384380895321306
-0.0172376297029099 -0.0445930227552462 0.0410615732199481 0.00281246691676563
0.015322600524784 -0.0534435962351516 0.0457573741112093 0.0197872361458667
0.048066488891872 -0.0303778025681597 0.0289572365770077 0.0465977622328099
0.0665395620587338 0.0220293623044749 -0.00588372456166506 0.0694009250592492
0.0345762488535361 0.0727055725268265 -0.0403813232763116 0.0615667220749199
-0.00878312131745697 0.0891719790959089 -0.0388675640460357 0.053215603558423
-0.0255551995075619 0.0792580837747467 0.00287295177226256 0.00967835103207562
0.0175607973522573 0.0657796687182883 0.0420672887296355 -0.0309034432220088
0.0467575969170356 0.0324135695278168 0.00211647053595452 -0.0713740719756186
0.0453552841056737 -0.0155696280114837 -0.0595235015260167 -0.039361818896229
0.0233937640922182 -0.0429870005929472 -0.0548587986454067 0.0180261604939443
-0.00760694286562593 -0.0459511763190149 -0.0243328040264475 0.0354726747247055
-0.0255242360175202 -0.0309721593118019 -0.00271488618506835 0.0264858221684453
-0.031321057791193 -0.0257027650926046 0.00990174095686934 0.00979174446456298
-0.0295255040414441 -0.0288514562769268 0.0176176039855175 -0.00781990065787644
-0.0231738408108978 -0.0499596274175874 0.0327705179159844 -0.0156553974509067
0.010648275064595 -0.0630247707595608 0.0492637468021922 -0.00315592387171731
0.0490852446511951 -0.0432490776012007 0.0456286330113513 0.0291136845743924
0.0789289004921084 0.0152635009209472 0.0118700418873602 0.0613356130894535
0.0444483085135723 0.0791431107868227 -0.0305013005896205 0.0550266092812408
-0.00931760748915441 0.0990511440496475 -0.0283889700844813 0.0269993318698872
-0.0379316240302668 0.0800336654381692 0.0176471227975889 -0.0195817902826256
0.00813982683552292 0.0794080659901331 0.050574376566435 -0.0418838493708604
0.0506894525658019 0.0487563516637838 0.0200462154621497 -0.0779750793941525
0.0574731533749483 -0.0111666649891251 -0.0411611538532975 -0.0552465446846708
0.0300237354194521 -0.0467793934435651 -0.0482121978872987 -0.00646628115058227
-0.00565305802615124 -0.051449008564538 -0.0316362207957551 0.0140719890295551
-0.027124755930103 -0.0347392520624104 -0.0160169308975602 0.0125565980528483
-0.0332529761235624 -0.0257183737978156 -0.00245199550934606 -0.000345423817266441
-0.0301074326765607 -0.0276108434691679 0.00436751413163206 -0.0188485696068793
-0.0243568297301419 -0.047843556255889 0.0216351380835506 -0.0307807171980192
0.00719462868697668 -0.0620947521242133 0.0464218637804578 -0.0238475575080291
0.0442192810353426 -0.0464458461483488 0.0550844063960513 0.0119816404993681
0.0767800338761871 0.00926072949162227 0.023581757928736 0.04891782254332
0.0431508786819229 0.0753530027625492 -0.0238277968842499 0.0448937722932139
-0.0104107684800883 0.0937677558597073 -0.0190920348145963 0.000949995797368245
-0.0413402635898007 0.0662871275355075 0.0344485076801448 -0.0479666921300247
-0.00369804128858503 0.0758067273995489 0.0571658256991417 -0.0523751264956572
0.041104276526722 0.0529734382592677 0.0356908711182627 -0.0775753838493251
0.0554347924455683 -0.00372774362844826 -0.0177595685222249 -0.0630600442449841
0.0307805192144311 -0.0408259512464169 -0.0351139634058483 -0.0291972993010309
-0.00300114923221048 -0.0473245652451904 -0.0353186158703934 -0.00834782675229497
-0.0243009432955939 -0.0322393392480532 -0.0275373515304218 -0.00205928222143122
-0.0297912409887886 -0.0224829080192235 -0.0147050094820662 -0.0106344001368223
-0.0270360735805742 -0.0237103516626509 -0.00782993906792415 -0.0275732680660072
-0.0206980013465606 -0.0403698408410052 0.0112041128786571 -0.0414981629902693
0.00558926913671013 -0.052360963456486 0.0417362988630278 -0.0379322194220255
0.0370879553417519 -0.0396021130100665 0.0581288520305472 -0.000787235772152038
0.0642732616505483 0.00942967036810107 0.0295160341753391 0.0381697533913649
0.0323735766251531 0.0651890513664099 -0.0190512852105653 0.0352319102102176
-0.0139440036767834 0.076279813346561 -0.0104691974352967 -0.0217266017358449
-0.0350676394060355 0.0400323679354435 0.0473589029058252 -0.0702566120546823
-0.0122772155412842 0.0541652008649504 0.0611334679768675 -0.0591873243630111
0.0242787339570057 0.0422352099797921 0.0441930020463489 -0.0720405961260226
0.0393735486939857 0.00162942867631354 0.0014437920988804 -0.0639713662664971
0.0229468302434073 -0.0275290290864486 -0.0221415242764683 -0.0454696780763126
-0.000997621800988393 -0.0338021671627566 -0.0370707425950048 -0.0255379882972626
-0.0174808344581433 -0.0236387889335815 -0.03657162818558 -0.0148955565595318
-0.0214029039287309 -0.0159915784957484 -0.0242552862718322 -0.0186956495923399
-0.0203646153352951 -0.0172551061578209 -0.0166659438332226 -0.0341924065751456
-0.0153981111709315 -0.0289541165523559 0.00461466512190407 -0.0488872915703538
0.00538572774823496 -0.0380562671161267 0.0383578626436666 -0.0469944160199665
0.0296560755544546 -0.0278040396069748 0.0594472311416268 -0.00691113959971847
0.046362291963989 0.0120828814922597 0.0310881179349352 0.0312627749929009
0.0163207057229803 0.0512132627586229 -0.0149605257185078 0.027013568443753
-0.017622912551603 0.0506540605291145 -0.00104816331230621 -0.038161436922486
-0.0210973099499689 0.00784060746555132 0.0521674530078848 -0.0825676793793712
-0.014398599933403 0.0216218291683934 0.0600171150842068 -0.0620149793481284
0.00562313971662393 0.0194560083388277 0.0446288947200909 -0.0672736778113616
0.0149551327600629 0.0024791022082793 0.0104612035220692 -0.0621617676719989
0.00933625421327413 -0.0100506223658235 -0.0166631867936565 -0.0518118131075217
0.000857747575833537 -0.0141420271941249 -0.0374017048958693 -0.0339802777787165
-0.00769138672074782 -0.0104353160106591 -0.0411919870650529 -0.0214323254419544
-0.0105971046687045 -0.00696856541330631 -0.0293351618837575 -0.0237089154499712
-0.0115005660001772 -0.00918780432706278 -0.0214695996832981 -0.0378748253884496
-0.00890497091254169 -0.0156453227497142 0.00217771104880322 -0.0534559334350981
0.0038485179688897 -0.0217818419016678 0.0371486567552408 -0.0511924256254695
0.0207645973794158 -0.0148409315955294 0.0603725115561213 -0.00848413255440983
0.0271164290571671 0.0137462712607243 0.0323821590393062 0.0290870510214817
0.000248020252260792 0.0330793343499863 -0.0112351319255098 0.0223027503118826
-0.0194121534233732 0.0201137567078354 0.0082701462515724 -0.0459499343152414
0.0130650507177069 0.0111636453269993 -0.0123159551043022 0.0561849357918877
0.00478485432901493 -0.00823207751865722 0.0268160747677666 -0.0107862725544235
-0.00686285992172614 -0.00659116102068755 -0.0266996327647587 -0.0397854667290712
-0.00489360287744396 0.00405291521839476 -0.0668035150568417 -0.00319771194621776
0.00309073166777203 0.00200502902485963 -0.0469005756408857 0.0540470250110038
0.00129541441230533 -0.00131132167333222 -0.00291032016398005 0.0605113147485295
-0.000219451302532496 -0.00114962160129073 0.0201458576422374 0.0422201635249181
-0.00322663140385278 -0.00350392853138184 0.0321975858089712 0.0281197436555943
-0.00396238697107447 -0.00464460400266131 0.0392716919959964 0.0212865978991021
-0.00291909264548032 -0.00872571507228759 0.0403465771241847 0.0312072299666804
0.00519530037181874 -0.0106525614742723 0.0222678189358993 0.0488537455563082
0.0110021174311275 -0.0031103758055258 -0.00994760318872262 0.0589031936448332
0.0141413087549131 0.00354231249626475 -0.0390856042829686 0.0649235935170505
0.0122209953509869 0.0146946615635145 -0.0625705131897505 0.0599831639848148
0.00504372182112409 0.028003442667791 -0.0571835049761184 0.081071518480706
0.00288906423547321 0.0395809747436974 -0.0128336040337411 0.0495102882070265
0.0133322105586416 0.0145003924863124 0.0296901695011734 -0.0131573378710424
0.0114653381608677 0.00164311059089435 -0.0208628231928253 -0.047720905816736
0.00891935115737262 -0.0051975597465469 -0.0683024761602119 -0.0106626499684692
0.00808363433762635 -0.0140186348094991 -0.0514564149633978 0.0476848097049321
-0.00297608644638778 -0.0166279802880046 -0.00865638482569912 0.0577712091378847
-0.0100982130456667 -0.0120175404558134 0.0158472412031802 0.041106861098701
-0.0143942328745138 -0.0133870554068504 0.0285982495247916 0.0246498163525532
-0.014355168631436 -0.0170167136225025 0.0361315401442384 0.0147467682997661
-0.00877397545606786 -0.0300311460402494 0.0424576935428214 0.0197811494473732
0.0145010322452352 -0.0330005538210875 0.0334486607023876 0.0384875735738129
0.0347025581921343 -0.0124952905190482 0.00609774950950766 0.0564354244436439
0.040415502444289 0.0207065805228615 -0.0262952783797701 0.068413273923639
0.019085432545774 0.0499320315839407 -0.0530555853956374 0.0606793377072977
-0.00685174053375887 0.0627972124939444 -0.0500356940733245 0.0696858107276184
-0.0116655259828675 0.0631448340628534 -0.00793937346494566 0.033238936723274
0.0174190034172848 0.0405938916048776 0.0350430970836718 -0.0188112455725897
0.0305478408431457 0.0156129614793962 -0.0102986823520868 -0.0589199895642243
0.0264438897794239 -0.011464954011111 -0.0663550170199573 -0.0243912208356962
0.0151310642042742 -0.0295237171079028 -0.0554065372688756 0.0346624108774954
-0.0054441609755324 -0.0323249755279297 -0.0171696813568846 0.0490932087388609
-0.018170499112272 -0.0222467996539692 0.00737823193870157 0.0357496672845929
-0.0236473633981797 -0.0212090336279193 0.0205374345069792 0.0189329504065315
-0.022860105603819 -0.0251610625686172 0.0281077447004354 0.00423248537374903
-0.0154714358005291 -0.0441772230388456 0.0394235203399072 0.0036417598638097
0.0159997439035636 -0.0519250699285385 0.0441221579577772 0.0203019999133361
0.0476628914968392 -0.0281285715596008 0.0260494157191653 0.0467013873227293
0.0636513001835663 0.023251993317999 -0.00835219938614458 0.0682052734723682
0.0314433477134081 0.0722963765402066 -0.0419901614710368 0.0586501508193974
-0.0117899030582011 0.0871880396295975 -0.0395779423356542 0.0502943091473882
-0.0275571021376961 0.0768232128983479 0.00237036881817567 0.00998882671479981
0.014658052076373 0.0644671722955501 0.0426290315832371 -0.0278140713487541
0.0448129418928371 0.0334863395253285 0.00476666668504258 -0.0697225082797047
0.0449179857994785 -0.0134761413369113 -0.056321403269874 -0.0415865389651726
0.0236977425814266 -0.0413654329684313 -0.05437328145475 0.0153157929147337
-0.00619365016805791 -0.0445676525699661 -0.0250088817858447 0.0335118023501076
-0.0237906884417639 -0.0305798913963853 -0.00361291547778452 0.0251961180357386
-0.029742310510596 -0.0257598976649129 0.00958109149530794 0.00970213673026205
-0.0278159602865957 -0.0287267003820065 0.0169911706857706 -0.00777173539368575
-0.0214117005792962 -0.0495691056173328 0.0318122323013036 -0.0145628040453325
0.0116316471345983 -0.0613167394014803 0.0482020087183851 -0.00222827499788309
0.0494755423375161 -0.0410476118927515 0.0433928831626759 0.0305591394650743
0.0764194439914669 0.0171576383062937 0.00895804740416108 0.0609422118857995
0.0408946926813974 0.0789524739603973 -0.0327011283244667 0.0524574784195767
-0.0126391935299654 0.0968497270177785 -0.0289212559511267 0.0253138534722535
-0.0391994794681078 0.0767375359752213 0.0177937807116445 -0.0180502426002537
0.00556913575436217 0.0775385705430158 0.0501838292063022 -0.0386786717309961
0.0478646750936735 0.048896096637848 0.0225229033277489 -0.0750679325816872
0.0562172420301802 -0.00937669521025093 -0.037440449643742 -0.0551653468399466
0.030605859450915 -0.0447997605683032 -0.0462612628146016 -0.00852739845941391
-0.00391728060293346 -0.0503837468154961 -0.0314564151201974 0.0128401377010871
-0.0254893403328937 -0.0342735001675036 -0.015524349332168 0.0117656147318109
-0.0312255613187974 -0.0261179180529479 -0.00214222363633255 -0.000881445171754907
-0.0289285584729288 -0.0284462564190151 0.0044092497612446 -0.0182111848887461
-0.0226133210329505 -0.0476183955083895 0.0214096698119744 -0.0294256730929417
0.00813513540656452 -0.0602484941247118 0.046209570758845 -0.0222755511192058
0.0441269019381582 -0.043695758557781 0.0530678319793484 0.0135460135309249
0.07454148005948 0.0116857606469609 0.020410054105886 0.049887204538175
0.0400404733191698 0.0752937136272842 -0.0251672306646257 0.0434739103585901
-0.0137688278021939 0.0918104324176696 -0.0191741937265375 0.000430624407011029
-0.0427029032595028 0.063424292901953 0.0352726677812442 -0.0454260330590086
-0.00618575771995189 0.0736264653056935 0.0576818762571432 -0.0484350255550188
0.0384846121084234 0.0528817960370919 0.0376125357700356 -0.0744372070320535
0.0541586119637252 -0.00176376637854137 -0.0142913080557576 -0.0624560816150569
0.0310684010053882 -0.03906442241378 -0.0331647678612495 -0.0307471302295264
-0.00158086917141582 -0.0461760482583146 -0.0344254059202168 -0.00876438582503816
-0.0227440447590782 -0.0318504538128441 -0.0262189223819747 -0.0031136014218675
-0.0278570852211441 -0.0225049669810306 -0.0139268588413357 -0.010858941326039
-0.0257116391904589 -0.0238288318082942 -0.00743853859491991 -0.0270643549734431
-0.0192680851108796 -0.0396223654305497 0.0119282426422293 -0.0401510540884032
0.00656800544388632 -0.0511423655112848 0.0420095315443286 -0.0368002894366794
0.0372720958153825 -0.0372718425792418 0.0567287279182889 0.00116917791033592
0.0621179458718116 0.0108344353375868 0.0262764652046306 0.0390275780648354
0.0293504706834022 0.0645443486340617 -0.019901645373898 0.0339945447378923
-0.0160729968770066 0.0744609816652212 -0.00976145913162172 -0.0212701902520266
-0.0358110529841147 0.0380904001951728 0.0488341431583017 -0.0665133949562807
-0.0135595431243489 0.0525743536791395 0.0618223551944199 -0.0547213311072551
0.0218091795352833 0.0414603913564145 0.0457559697419249 -0.0684439415902413
0.0379853144815578 0.00248127180551897 0.00432054529260493 -0.0624850002558251
0.0231700797083592 -0.0259503784347627 -0.02031826560485 -0.0458005626865635
-0.000101503953846755 -0.0330155374349594 -0.035164884299216 -0.02607712993627
-0.0165586435675179 -0.0234369568117691 -0.0344527735826415 -0.0150129236550272
-0.0206093675756596 -0.0159390260503932 -0.0226191823738868 -0.0193591791031709
-0.0185597009375425 -0.0172023006152542 -0.0154667406850531 -0.0339064177977683
-0.0138337811947289 -0.0287714574113008 0.0058608533909987 -0.0476491572807392
0.0061678329841043 -0.0367576338180799 0.0387957148288633 -0.0448891773130918
0.029790602137239 -0.0257090431128078 0.0578823522074166 -0.00529286364696501
0.0451688932577598 0.0131903302583598 0.0289895215395316 0.0320122138230726
0.0141091971013704 0.0508619003549529 -0.0155841279725157 0.0259384694427885
-0.0188617115716367 0.04893606381504 0.000450334253165724 -0.0368502409446352
-0.021087737608755 0.00709673766488192 0.0538243252769206 -0.0791216196150632
-0.0145985291573235 0.0209793510245075 0.0608544112952779 -0.0578733879217141
0.0047131460498169 0.0191865842956721 0.0464599194122581 -0.0643645151214544
0.0141102325840745 0.0029664960828236 0.012607710346159 -0.0608203979679141
0.00922852976810495 -0.00934055414435131 -0.0149586624127137 -0.0516943947838352
0.00150920695003796 -0.0138008078461415 -0.0359090244686152 -0.0339975709336547
-0.00733066423703916 -0.0105147850659653 -0.0392270039125584 -0.02186655551027
-0.009764087595024 -0.00688046211948676 -0.0278884293124509 -0.0242502619498026
-0.0106236394510155 -0.00909244847457177 -0.019639326939069 -0.0382766242902455
-0.0082778711232738 -0.0153896222543986 0.00408762070199595 -0.0519937611160094
0.004177507345904 -0.0210185873386059 0.0377138559561908 -0.0489796078705973
0.0208044850557649 -0.0142984887706986 0.0588242555243069 -0.0061664766489513
0.0258719256017716 0.0142514771819427 0.0298124830822674 0.0295653045031632
-0.000664280124615519 0.0323777174644377 -0.0119896321207465 0.0215125784376527
-0.0197733335378755 0.0191149859757577 0.00928503581380658 -0.0444108886296433
0.0133032773306888 0.0117696979959586 -0.0149027773408882 0.0566754987665101
0.0049820911711582 -0.00784307129476751 0.0274556456905509 -0.00941422220165806
-0.00697769359198488 -0.00677826603545816 -0.0250295187139788 -0.0413187092751338
-0.00490410739054767 0.0041023190167938 -0.0674896914554316 -0.0060361155510996
0.00273301121731967 0.00204094066658612 -0.0491558943416883 0.0525856643901748
0.00109150917977941 -0.00127679996219108 -0.00505518983361029 0.060883958577708
-0.000113217466975914 -0.0015883608230177 0.0181030508872633 0.043773885534433
-0.00327030078812542 -0.0039616877193791 0.031183222034308 0.0288659003269098
-0.00392978051791875 -0.00483331116309173 0.0386482123118608 0.0229518516394729
-0.00305572263180556 -0.0090028396677996 0.0394718472129037 0.0325471317601052
0.00531743138794477 -0.0104769650647908 0.0207222698581094 0.0501708679314504
0.0115043230960678 -0.00277677503457384 -0.0126457385552229 0.0595892218716953
0.0139805240059431 0.00460224678659715 -0.0419461509693001 0.0637764309535866
0.0113103270562577 0.0151393309686869 -0.0665903423772364 0.0579250113984824
0.00373418471997695 0.0285834440826706 -0.0614434548045549 0.0798457777002345
0.00159126665510374 0.0399176861844551 -0.0146904121531071 0.0496567649611812
0.0128341366585115 0.0153738506082562 0.0303190943936138 -0.0113330677160976
0.0111732721632091 0.00213896861917021 -0.0191101627210603 -0.0493601178485997
0.00926853602924929 -0.00452352142607479 -0.0687910316677577 -0.0143739509335887
0.00854871060596492 -0.0141979737322031 -0.0536357270733369 0.0462350039351243
-0.0025556915342896 -0.0170334765389058 -0.0106144430743914 0.0581967347577319
-0.00984177639929717 -0.0120849678965484 0.0141206536867551 0.0418274230469545
-0.0146819544196952 -0.0140476458228192 0.0275427613949568 0.0258593704751797
-0.0139177723650279 -0.0177311351769019 0.0354284413362875 0.0155422502873212
-0.00793359316033749 -0.0307878822709247 0.041668065237896 0.0216489089972754
0.0154115765408437 -0.0331050402009577 0.0331729073317876 0.0407189577983139
0.0354303010291809 -0.0116664035447678 0.00336539049415871 0.0574017927775176
0.0402763141596343 0.0228330679290642 -0.0298266974904295 0.0679654705087097
0.0173554590241329 0.0511281371957959 -0.0564918143995717 0.0591087790067191
-0.0095420985493941 0.0632066647965076 -0.0533335356463378 0.0687129247529755
-0.0138749159773358 0.0635566211484778 -0.00940378666033641 0.0337135369623468
0.0162915216881463 0.0417435838102377 0.0357885630538989 -0.0170622704672782
0.0301183384118273 0.0166921734953752 -0.0082318050040793 -0.0604623284070037
0.0270989665572977 -0.0110773086262334 -0.065796639134774 -0.0276960382867909
0.0161960058623832 -0.0296646324976547 -0.0570499941892436 0.033391232643277
-0.00472147761208671 -0.0328456271169377 -0.0187131893480654 0.0490140469195767
-0.0179493305344125 -0.0233061683459255 0.00652653350695888 0.0356636209962844
-0.0234626613643785 -0.0221362688137074 0.020049125955733 0.0192988712218088
-0.0223667194611054 -0.0267278512715978 0.0281212148490068 0.00502789450667936
-0.0149667164126353 -0.045059342962201 0.0397841897346702 0.00443146129025243
0.0172135534653529 -0.0516536826607452 0.0440787273788015 0.0215322549297454
0.0490539801377324 -0.0270321107002061 0.0246357774126439 0.0481748645642107
0.0638309893485879 0.026052648153183 -0.0118221231048096 0.0685754776004992
0.0295784891659809 0.0741397200579527 -0.0451801178184686 0.0576215778366643
-0.0148789641757557 0.0880779448082281 -0.0423991884448101 0.049341883033628
-0.0303947404896181 0.0768810336361446 0.00204212839226497 0.0107550728129429
0.012762313618126 0.065702023372816 0.0436468125626551 -0.0259910156233071
0.0437903449657787 0.0350273338646162 0.00774989697671615 -0.0705453614619675
0.0455146028876056 -0.0117534715214755 -0.0547986643994628 -0.0442204438728519
0.0248759572456321 -0.0410374799185887 -0.0555864046404386 0.0129497364054904
-0.00482277609876549 -0.0451862587937433 -0.0267132512734111 0.0331704707819123
-0.0233652682203212 -0.0316779888638766 -0.00433481521221782 0.0254396900606647
-0.0294835582968321 -0.0265468454650762 0.00948752490063538 0.00965967341670684
-0.027351235621037 -0.0306336896561084 0.0167498431556467 -0.00726604011689873
-0.0202948450112923 -0.0507636815596317 0.0325852016934295 -0.0139210867190172
0.0133412439672059 -0.0621587751668979 0.0491313498449036 -0.00116446350195835
0.0510619539424641 -0.040125910499566 0.0423984047907265 0.032571442011672
0.076366791108001 0.0201886502927938 0.00649274713970988 0.0620300164304337
0.0391607945371101 0.0817643113274861 -0.0353670648878487 0.0520916052095314
-0.0159059413795436 0.0978720639044718 -0.0306166137965088 0.0251423434887769
-0.0425721992733896 0.0765065510561432 0.0191021774534882 -0.016724582619289
0.00269973788015554 0.0789573638924586 0.0525755739146046 -0.0365447500510674
0.0467423380791554 0.0508813849633681 0.02588586631508 -0.0759895298248775
0.0567841845849703 -0.00752039667615411 -0.0350286021348438 -0.0579811039612047
0.0320920665994403 -0.0443846903781914 -0.0469625218556622 -0.011463957461989
-0.00290839937811608 -0.0511965607335522 -0.0324051091898561 0.0116585271348064
-0.0249353300740674 -0.0356990036235813 -0.0166093511913692 0.0116022712751983
-0.0303556780357911 -0.0270575522088878 -0.00312039324725915 -0.000952425933642393
-0.0280908864244252 -0.0295410488992441 0.00480370045457052 -0.0184205857620457
-0.0209732795223646 -0.0485811220045626 0.0225092183934489 -0.029858049797807
0.00943634092657393 -0.0614077496893845 0.0475738688736531 -0.0217710522816758
0.0459855045326287 -0.0428755133001958 0.0526110436313014 0.0154507465415481
0.0748448552691481 0.0138801174997596 0.0184732311397298 0.0512129094322331
0.0382619967971248 0.077645866197097 -0.0270279091460819 0.0432753092393613
-0.0168051923939742 0.0929023468915723 -0.0196254066127897 -0.00012280754928556
-0.0452977507318175 0.0624357896076296 0.0375363142946522 -0.0439929882011686
-0.00869466935332191 0.0742810174183271 0.0597160227096256 -0.0458414202834552
0.0365011003522087 0.0549550492978546 0.0410276733452468 -0.0742449995340308
0.0541704585364559 0.000235483704578906 -0.0117601888015556 -0.0644162136075257
0.0321121995160467 -0.0385634864031977 -0.0325760059892086 -0.0329531813969395
-0.000189579960174699 -0.0468343574642036 -0.0346759964112331 -0.0101039690402254
-0.0221623057131025 -0.0329636384600393 -0.0265413008015241 -0.00363889658972472
-0.0272815493995885 -0.0232882177143138 -0.0138654985213135 -0.0117143203175895
-0.025118865131403 -0.0250210495141401 -0.00657229472896882 -0.0277022528993885
-0.0182576305461027 -0.0407291938001468 0.0131822792893903 -0.0403827280325251
0.00791751584339406 -0.0514381971023769 0.0437932003569229 -0.0359814902972181
0.0387466428626296 -0.0364179501905204 0.0570375141527038 0.00344655757289846
0.0621900101659745 0.0134046913527679 0.024902542640239 0.0412708770738424
0.028160615176658 0.0663264762761608 -0.0218857904482066 0.0343950303423104
-0.0188528781854789 0.0753688933360313 -0.00892249571175421 -0.0219749578998212
-0.0372126316718875 0.0374771968513388 0.0522998868941204 -0.0655497259121055
-0.0157720149180129 0.0521827173401285 0.0644874277880911 -0.0521357544064994
0.0204741675671815 0.0429923402791392 0.0492470453986084 -0.0680353119795355
0.0381141608912121 0.00412608490882049 0.00726993494338299 -0.06373824355536
0.02424157784603 -0.0252899796910985 -0.0194847735703265 -0.0478044871788431
0.0014458160699123 -0.0337871025493559 -0.0350901531587421 -0.027568158602862
-0.0155948999737427 -0.0241152952230608 -0.0344558039462528 -0.0161434104790862
-0.0197714502717877 -0.0164332446730454 -0.0222811545797442 -0.019920602912103
-0.018277579545565 -0.01824712769419 -0.0144191739026042 -0.0344834959856076
-0.0131195836955298 -0.0294192555055042 0.00759671193217374 -0.048080067749031
0.00738656897171923 -0.0369337825415223 0.0407102048290564 -0.0442816344535617
0.0304537323623442 -0.0248653132051774 0.0588209788897587 -0.00276334171660677
0.0445988584572896 0.0147974389930915 0.0278399259215199 0.0348181805383968
0.0128128344067194 0.0513884707232761 -0.0166687893569924 0.0264839552263018
-0.0207216643449792 0.0490525830664317 0.00141338396185526 -0.0373058282089256
-0.0218241534955521 0.00649328103701411 0.0580141569899535 -0.0778001124557833
-0.0155187119971046 0.0202933966260027 0.0645958556508072 -0.0556169043766148
0.00420969274119037 0.0191963342986794 0.0493706692154879 -0.0634838153371309
0.0142145475782627 0.00352955869952968 0.015744713416941 -0.061501830391769
0.00930889867568457 -0.00903274974287543 -0.012788531901731 -0.05356949213389
0.00183962400641351 -0.014066556401835 -0.0348860628650306 -0.0362085291788006
-0.00676249801706884 -0.0110908979499168 -0.0391060298009572 -0.0232507696726991
-0.00969803281564674 -0.00701668866187121 -0.0272582417180802 -0.0248021554342095
-0.0101290950628292 -0.00950862366701888 -0.0182283908721537 -0.0386980300536434
-0.00805352026541094 -0.0160603505801504 0.00568796943502743 -0.0523525247829242
0.00533619475509416 -0.0209255023121786 0.0400927734144926 -0.0483546660831034
0.0212968826308354 -0.0130984522065291 0.0601661237021155 -0.00405086169187046
0.0251282158918448 0.0153447663177363 0.0288084665024354 0.0315036491776462
-0.00163308610394102 0.0327881672358336 -0.0124002851057924 0.0219285087408195
-0.0201904716396988 0.0184738405121201 0.0102905560208054 -0.0444554898118521
0.013461462329498 0.0123390886800132 -0.0156516549408977 0.0594913715752449
0.00569368504028183 -0.00798051687189286 0.0290807484221722 -0.00924351733731075
-0.00695457823910894 -0.00702583577625413 -0.0253102576726364 -0.0437039648870187
-0.00512853735759553 0.0044398357188647 -0.0704826062835292 -0.00763681088425931
0.00316707481274685 0.0018211641818595 -0.0516352539339112 0.0543031671543627
0.00121049389956 -0.0012099590385004 -0.00578733201860735 0.0636124095095499
-0.000266126035690596 -0.0012066064806975 0.0179149538798087 0.0453401973770017
-0.0037400422047457 -0.00428765882983973 0.0327166585701894 0.0305245062580186
-0.0041381970283163 -0.00564144563934393 0.0402128381257172 0.024152088387138
-0.00232995601311058 -0.00978076543798678 0.0408846657633255 0.0340746179230048
0.00574584171675452 -0.0109733968338923 0.0211018084859942 0.052744351687549
0.0121278115608422 -0.00290134207691572 -0.0147023493220152 0.0627047624525998
0.0145101747198241 0.00497448692883793 -0.0448191205479052 0.0662287425202111
0.0117991000376691 0.0159662759981924 -0.0708874971021074 0.059113367065434
0.00356117949305999 0.0299455255552792 -0.0656649656312598 0.082642036057807
0.00165680883640169 0.0415415222739844 -0.0162931792297222 0.0527594759650125
0.0132785234743155 0.0161375973052782 0.0317567176438287 -0.0109461296633914
0.0120681323851468 0.00248361965186986 -0.0191241743361406 -0.0522992881803497
0.0095451882618915 -0.00437475045369423 -0.071419881326963 -0.0160767630322875
0.00873954790159725 -0.0147701282253579 -0.0565034574789536 0.0475190121099686
-0.00272155796383081 -0.0177018712261022 -0.0118187272741602 0.0600090923956113
-0.0102143620030117 -0.0132472898321766 0.0136454276029452 0.0435788743212416
-0.0147874810551097 -0.0147113779728829 0.0283408940079523 0.0266704915430042
-0.0143272426584211 -0.0188255354323369 0.0361392756844101 0.0167787562555663
-0.0081721975948219 -0.0321706866592145 0.0435149856434979 0.022379179957038
0.0161044571453363 -0.0343430060219387 0.0340093086715996 0.0422008840783635
0.0371249293687651 -0.0116306005389006 0.00235311808194408 0.0601762256414759
0.0413774426020373 0.0242515770034559 -0.0317074682972873 0.0705874530955364
0.0176918275087136 0.0538843725561688 -0.0603979342190207 0.0610048175601756
-0.0108090214902552 0.0662942884846681 -0.057168835621884 0.0710203427354532
-0.0149146751441377 0.0661345200790818 -0.0103598735581095 0.0357166448511012
0.0160958951575298 0.0437819068199952 0.0376553262645822 -0.0167091471733664
0.0311587311003963 0.0177964810729493 -0.00746013229130918 -0.0637503049136723
0.02828527698386 -0.0110034658859476 -0.0678537622088113 -0.0307023498840952
0.0169731014198445 -0.030661295651079 -0.0598896109683644 0.0335744412492814
-0.00509506549403209 -0.0341475602661659 -0.0201457808050459 0.0509821246958511
-0.0186481959609645 -0.0244068942529098 0.00577134257999294 0.0375515453223243
-0.0242634424941305 -0.0229879994370297 0.0205932481638128 0.0201518083563919
-0.0232868254122782 -0.0280806969691276 0.028511973769016 0.00526002236559265
-0.0153161332371292 -0.0471670514117054 0.0413380730392603 0.00451346594576897
0.0183411374900475 -0.0542116018858405 0.0463417524403374 0.0224353885173688
0.0516224803815409 -0.027626356914196 0.0248772089912963 0.0514834556908093
0.0665049704631054 0.0278339381861259 -0.0132778949634992 0.0715149635282675
0.0298816478019979 0.0779891565755559 -0.0491068834612435 0.0596006179954736
-0.0173733620138929 0.0922980338744341 -0.0449331334896089 0.0520106324434145
-0.0324248129419588 0.0798935624166179 0.00230276112096632 0.0119037466836061
0.0125451049288038 0.0689533909849326 0.0460872653933655 -0.0255548881360085
0.0457837095277751 0.0371124857588187 0.00966562149764051 -0.0746998332389121
0.0471253982141101 -0.0117192957886534 -0.0565815513366236 -0.0473833685506958
0.026247429948034 -0.0427984696588593 -0.0579276866747075 0.0124430869180071
-0.00516233431079009 -0.0475690327165674 -0.0277831685573807 0.0341544453691753
-0.024263426958456 -0.0328916560366728 -0.00491173641580396 0.0263207034764521
-0.0301318191866691 -0.0279154363913604 0.00942805476792719 0.00972823379246145
-0.0282872437423168 -0.0321085778522971 0.0172838861590322 -0.00755175625101755
-0.0212310415109846 -0.0534380711527471 0.0339105251914295 -0.0148586357100423
0.0140567794189035 -0.064601777051162 0.0514115645011941 -0.00118507023062206
0.0538523285054297 -0.0411312678185028 0.0440169786122154 0.0349558839277858
0.0799012550424039 0.0214270329992077 0.00508349785992662 0.0657904366724626
0.0397936717138735 0.0856982905456503 -0.0383632497070246 0.0544197489183754
-0.0180814210266941 0.10263480743762 -0.0323958598199223 0.0261866185986946
-0.0449526690198202 0.0800569439295017 0.0201031104300322 -0.0171862098076715
0.00205008968410716 0.0825416787439786 0.0550540545519902 -0.0360057875262139
0.0475812854693751 0.0537144500716793 0.0284265063708878 -0.0792770822610375
0.0595550145581679 -0.00692217595515001 -0.0356808529698589 -0.0618068472637306
0.0336189395666485 -0.0463760465932053 -0.0492465338920834 -0.0129478624153425
-0.00260249885244741 -0.0533874853399508 -0.033787398346781 0.0114985479387434
-0.0251664736129245 -0.0372453393033614 -0.0167429582692168 0.0117477941943872
-0.0316426823982435 -0.0281800951516084 -0.00293603111528749 -0.00138889879022301
-0.0291447559136187 -0.0312221034914661 0.00453162642103443 -0.0190822641507236
-0.0222624408537466 -0.0508540897502523 0.0235195983769943 -0.0310089510003964
0.0101238282280866 -0.0637975467724963 0.0501962087442563 -0.0225971239878811
0.0482194235749784 -0.0441157108538535 0.0544976721627645 0.0180422224403005
0.0777421599664026 0.015306513360482 0.0184899971044411 0.0547572769368758
0.0397013810896796 0.0815979513653098 -0.0295027602665227 0.0452221038657467
-0.018646830632039 0.0971757574726543 -0.020307547569525 6.23245903078299E-06
-0.0480882095602467 0.0651366242518975 0.0398890489552391 -0.0456718924956721
-0.00989935486135345 0.0776794230812594 0.0632219324553376 -0.0463167395245535
0.0376167324971318 0.0575162324152795 0.0442056227513364 -0.0768021003644755
0.0566881721192986 0.000391433983350836 -0.0105059408006873 -0.0681989160996813
0.034209905306645 -0.0399170863130878 -0.0338362340672403 -0.0358405768266481
-0.000227834391230776 -0.0489940397322736 -0.0365892179716137 -0.0117916851811225
-0.0228344725650815 -0.0347783122722581 -0.0278324158273927 -0.00423707550845502
-0.0279377985260981 -0.0245587096764897 -0.0143661999918919 -0.0125222651062947
-0.0252427910491845 -0.0264860120441234 -0.00699252853833996 -0.0285790862324582
-0.0185278714793215 -0.0427475649504539 0.0138263968017321 -0.0426243921429148
0.00849027433657546 -0.0536664670019616 0.046090665601746 -0.0378943980359213
0.0408303519170883 -0.0373680340180489 0.0594384205586213 0.00443392315133681
0.0644046070976873 0.0143971334386438 0.0254676089870884 0.0443338197804539
0.0289194260877519 0.0694118671299923 -0.0238698019163603 0.0355109121497046
-0.02061860644661 0.0783553667232037 -0.00912569548600322 -0.0224115213845544
-0.0396204423155044 0.0389676986597187 0.0552648950711724 -0.0677590135958028
-0.0163188070724275 0.0546791301960319 0.0684060814493011 -0.0528788306800485
0.0210169586944012 0.0452166661470992 0.052690678079219 -0.0700793023091776
0.0397461875459517 0.00497460164609673 0.00900790992417939 -0.0671329792043328
0.0250608145126459 -0.026393079507225 -0.0196017731242969 -0.0506242900274851
0.00120569415508465 -0.035303529576335 -0.0365453036463527 -0.0294548425143615
-0.01633278241649 -0.025195446101899 -0.03564833848614 -0.0171401288879089
-0.0203074674513085 -0.0172925070172959 -0.0234886442966817 -0.0214364532649073
-0.0195187190175837 -0.0188513242343361 -0.0145976946756133 -0.0360677477548257
-0.0133939106769456 -0.0304365591618674 0.008335605487787 -0.0504413098767094
0.00758037823312249 -0.0390110083023466 0.0428417072423203 -0.0461942548110486
0.0321029509828438 -0.0252406418041666 0.0611368111780308 -0.00193005548375765
0.0456768492162179 0.016228866387023 0.0285571245660654 0.0367729611810416
0.0130431571736148 0.0534677963246288 -0.018074899755884 0.0274061827640731
-0.0217613343004739 0.0508352229671127 0.0013819114514336 -0.0385668150970246
-0.0220389638230197 0.00651654397617688 0.0614598925920128 -0.0805513472055809
-0.0157462357270552 0.0208745654335908 0.0685981421561565 -0.056702219942471
0.0040613841008917 0.0196980270671127 0.0526546778945514 -0.0654524881802308
0.0146778890532924 0.00453943925413145 0.0179724825046344 -0.0647268717206113
0.00999074552045775 -0.00920644473822556 -0.0135225201602341 -0.0567115804628413
0.00165093972338625 -0.0146271407143125 -0.0363104444010412 -0.0379149371167916
-0.00703298994245434 -0.011344560522696 -0.0401289864850467 -0.0243557157878786
-0.00971901617373601 -0.00772858467829166 -0.028441399187625 -0.0261541231832818
-0.0107351308504227 -0.00958376317398923 -0.0187816893140599 -0.0410193185257397
-0.00777319214112896 -0.0162246156369494 0.00614755227025156 -0.0542990768214356
0.00559086277195102 -0.0218514064314043 0.0420651279469733 -0.0501603031386221
0.0218318295906074 -0.013235316228622 0.0626597563518524 -0.00366508558073174
0.0256304440690105 0.0158481437052826 0.0293662779514988 0.0340783026393148
-0.00159849336045987 0.0333717134326362 -0.0137268297751733 0.02233627712844
-0.0209416628398499 0.0183276551205646 0.0113869550623984 -0.0459553072636884
0.0161132364185112 0.00996608227131749 -0.00830270416035515 0.0654309061070151
0.00525751882075642 -0.00903630156368504 0.0295024589540644 -0.0133537765706281
-0.00790513551833197 -0.00624889844211429 -0.0323925514183755 -0.0418029841791981
-0.00386114798234527 0.00451060122338049 -0.0750656452037205 0.00338257415178193
0.0028230251288152 0.00056396727833014 -0.0449544122227709 0.0646803594562991
0.000383546725620098 -0.00204720299610074 0.00337820285873552 0.0676899898129359
-0.000411264581097677 -0.0015685703731632 0.0261216046665484 0.0454976892012722
-0.00437276724723739 -0.00381004398346255 0.037915731419685 0.0267026353469081
-0.00533372970027416 -0.00513213040886887 0.0449894903936683 0.0191967471796008
-0.00499797309772171 -0.0096317111486561 0.0472848775964454 0.029072073610491
0.00379965587834146 -0.0120612054671836 0.0298311022519503 0.0522968714970382
0.0125607738239945 -0.00484487073395697 -0.00661585633663931 0.0682199602795157
0.0159266783598285 0.00308552617727216 -0.0373320019335683 0.0747870590222004
0.0147852770885961 0.0146975145021646 -0.0652355789078742 0.0708615876686684
0.00869054917849465 0.0297268463122146 -0.057448719880785 0.0956411125330676
0.00819504556226718 0.0434954651442762 -0.0108300655840896 0.0554002952065588
0.0160470368029035 0.0150803377870165 0.0313638079747526 -0.0159606463197341
0.0132174763367711 0.00118331320392856 -0.0279815134307965 -0.0515372657986756
0.00992124194682716 -0.00643177942524908 -0.0775175572000677 -0.00506170421915362
0.00688023052135071 -0.0176228957787659 -0.0515393714354258 0.059207305573714
-0.00548863255068515 -0.0181844390834072 -0.00269786518458773 0.0654481371150759
-0.0124570966345775 -0.0120842709141627 0.0220203295325244 0.0447471414282704
-0.0177945765824406 -0.0128241968850051 0.0333147681079832 0.0237672748678216
-0.0182786711654555 -0.0171921495838088 0.0403562325610361 0.0116952450650018
-0.0141826418590521 -0.0318043101393244 0.0476522636828718 0.0164504770030887
0.0106588675522115 -0.0377943485563471 0.0416092455219024 0.0395849394778616
0.0369719676866023 -0.0177633536314435 0.0105995102197989 0.063225640861084
0.0464709801446218 0.0184177059297975 -0.0236976327637231 0.0778219429348645
0.0260365409650573 0.0526666091801658 -0.0538711326420718 0.0711686477827874
-0.000586316123316108 0.0692505040593303 -0.049950136878481 0.0831305872804142
-0.00519460873209379 0.0720412581437264 -0.00778316521217664 0.0346699465526928
0.0233843134702233 0.0438938463321902 0.035870303236096 -0.0243392691453232
0.035125311709762 0.0148401851743719 -0.0191798177350857 -0.0665701780497888
0.0286564571677905 -0.0151762318860665 -0.076894452685945 -0.020569158846642
0.0127644671921066 -0.0350427014805912 -0.0571296003319108 0.0463883531382729
-0.0102297950573231 -0.0353805682894746 -0.0124010579971474 0.0578257821411572
-0.0230659009939134 -0.0225027957334208 0.0126044589869718 0.0392616401792734
-0.028501223705161 -0.0204391451764679 0.0237725022124533 0.0175528870734389
-0.0282918005678223 -0.0252721704637206 0.0302014206278185 0.000975454845699438
-0.0231532010784728 -0.0460649475209695 0.0427508928044603 -0.00189245253333521
0.00980342444548844 -0.0581387679769515 0.0513242642361601 0.0174495391371967
0.0493880666677323 -0.0357995140710632 0.0314654155271476 0.0509012070980687
0.0728143360359359 0.0187127459385423 -0.00366405018686271 0.0759889901686286
0.0426269854872804 0.0758206605128909 -0.0407183734142439 0.0685074012332324
-0.00344665824267025 0.0972550974970526 -0.0398638706021849 0.0609979816306298
-0.0209661485106437 0.0903479907383349 0.00152975829452437 0.00490625197886458
0.0232083740948863 0.0710884706934243 0.0427859621834584 -0.0354627236489735
0.0530315939204013 0.0327644847359402 -0.00458615753851012 -0.080420119397166
0.0485274973869167 -0.0191169770974682 -0.068446108219507 -0.0399555596729199
0.0207889722391285 -0.0487610728786383 -0.0596243068893056 0.0244322038577204
-0.0124937991935247 -0.0488243016714384 -0.023230310619925 0.0423965289543755
-0.0299048125078537 -0.0312836625488376 -0.000919388902466422 0.0295524219118773
-0.0352993167476367 -0.0243039924518195 0.0110416658787027 0.00929757258533529
-0.034036716866975 -0.0289229212588882 0.0162797011717246 -0.0106071221555336
-0.029801487636628 -0.0515076990500792 0.0317732715641449 -0.0203861645855882
0.00412575988667316 -0.0677170331186038 0.0531637611990836 -0.00935265232561367
0.0493932428552156 -0.0496922447728427 0.0491805622300713 0.031115806207302
0.085222824292668 0.00943578063149381 0.0145909240511517 0.0667069101481765
0.0542860152947194 0.0819001164670376 -0.0303600226544889 0.0609770299836993
-0.00332405147010192 0.108488399345445 -0.0304262426979266 0.0326629973829655
-0.0347857875138228 0.0927350529437614 0.0165469881152708 -0.0288333712105967
0.0140837885682203 0.0870256274279108 0.0501802288987428 -0.0489397142836008
0.0581835140448813 0.0494254488892346 0.0135939626847953 -0.0894038313814454
0.061752742745209 -0.0153606814477794 -0.0497950927725784 -0.0586875011705553
0.0282512098651865 -0.0534172093893758 -0.0549129704314944 -0.00362687439883948
-0.0108869901897224 -0.0553778567406688 -0.0336650704691459 0.0200337875166468
-0.0316949359655405 -0.0348388058338835 -0.0154175751226883 0.0162786292031868
-0.0365872229170878 -0.0249119704082677 -0.00314002578777061 -0.00131454029919157
-0.0345513770379155 -0.0276045614278435 0.00171174295353119 -0.0204392388847497
-0.0305563765597335 -0.0487230113292499 0.0191562107526801 -0.035911610835674
0.000325941739577723 -0.0666399216887556 0.0484954809962268 -0.0309326205781689
0.0435909058536666 -0.0519140484795769 0.0583192848894906 0.0109321296842339
0.0818304035155725 0.00367271680717207 0.0263219233097548 0.0538651165781421
0.0529627048887373 0.0771845040046777 -0.0225901042310471 0.0510103992037
-0.00454578083539999 0.102377541826909 -0.0216635113539349 0.00338559039021896
-0.0401634318378148 0.0782457680758224 0.0339189948749177 -0.0613643998937059
0.000269724657616328 0.083702669209725 0.058239435811891 -0.0606962193104611
0.0475405712767946 0.0555326543008429 0.0308270844099451 -0.089633687756431
0.0597024886532267 -0.00674917853746495 -0.0252875997825594 -0.0693520239360767
0.0299459410515442 -0.0460166349654277 -0.043340857948706 -0.0303695356745362
-0.00749548752423966 -0.0510420699183563 -0.0397440925978812 -0.00402818049461677
-0.0284948713862006 -0.0325469757034311 -0.0293319507855049 0.00178847086247466
-0.0321909285562589 -0.021500506330496 -0.0165711738398004 -0.0105951910967297
-0.0301920687602585 -0.0233653079305145 -0.0118189171482957 -0.0290646565092252
-0.0251318109661614 -0.0409457125630129 0.0076424948706492 -0.0462321188682297
0.000673166735237987 -0.0560116657748832 0.0421065820205664 -0.0460358569641865
0.0362081682555563 -0.0436756865629824 0.06157795739869 -0.00365425809878508
0.0676564904419651 0.00477288960199483 0.0324482817256837 0.0416765738418447
0.0402075388060889 0.0668996105300347 -0.0178753135746604 0.0400411736724034
-0.00910954295480164 0.0832345498859325 -0.0129501257353749 -0.0219604135156166
-0.0352241052064565 0.0489550917488286 0.0479137780467336 -0.0852013377617644
-0.00967960357565163 0.0607265769010743 0.0634683224562742 -0.0677668309297575
0.0282176643766283 0.045096016769667 0.0422587469669924 -0.083849165040661
0.0426489954206659 0.00019647980335967 -0.00370013664360885 -0.0717591792120406
0.0226346999888559 -0.0308399224190762 -0.0304808480158923 -0.0491126297250998
-0.00342520210788556 -0.0370570067415306 -0.0429339883853476 -0.0237717477997596
-0.0201042777311873 -0.0236797879734061 -0.0404315241316369 -0.0112731518461108
-0.0230415417503076 -0.0151152140104665 -0.02688587856045 -0.0180478390499369
-0.0223963407582976 -0.0163462889978875 -0.021138054061299 -0.0357231479463525
-0.0178093622333906 -0.0290904599654541 0.000242269509243199 -0.0533867265949885
0.00208476297488163 -0.0403620519284801 0.0376771107054074 -0.0550724573147369
0.0290411008559987 -0.0298972931626519 0.0625917513838619 -0.01086451904812
0.0488380619617967 0.00959287722379076 0.034481522821641 0.033832983869909
0.0213152515670295 0.0528823979002881 -0.0136253652506503 0.0312745533488357
-0.0150301793485601 0.0554416998598219 -0.00384127520063433 -0.0405158308153974
-0.0219898696669486 0.0119183971486015 0.0531692062646412 -0.0968842818294102
-0.013620373636166 0.0252644402233504 0.0639637871900598 -0.0711974139811088
0.00701595568671604 0.0211715615133216 0.0442398431422084 -0.0778468221339529
0.0164765524318711 0.00295813140803739 0.00708382213183277 -0.0705324796906514
0.00970468565669469 -0.0109936083586874 -0.0240337412590339 -0.0568738700770275
-0.000168344103302428 -0.0162119522463917 -0.0442815967635262 -0.0335646787593437
-0.00897006930260458 -0.0108110194258162 -0.0459981042290767 -0.0184867305238682
-0.0102598862948055 -0.00656382704427606 -0.0332817244456501 -0.0231680763129804
-0.012307170995113 -0.00826309496888644 -0.0260280146189642 -0.0397695073476994
-0.00985966375743996 -0.015075608115709 -0.00195680191217147 -0.0576928306884916
0.00258161030948917 -0.0228049138979454 0.0362642795295898 -0.0584677510518082
0.0207898983312061 -0.0166879564558775 0.0643614940823806 -0.0126075091235026
0.0287725617662219 0.0125849968233019 0.0357637890757024 0.0310732849662102
0.0031293152891086 0.0341788655224001 -0.0104252952060006 0.0254576773366072
-0.0184653835286797 0.0221193503265477 0.00496476193716222 -0.0492255089226155
0.0174378399352405 0.00853951154802256 -0.00367239186923625 0.067174914278999
0.00451729115435946 -0.00986388115270516 0.0296505530975628 -0.0151754994955791
-0.00810965004945948 -0.00523917161738387 -0.0354685668826925 -0.0409141209139435
-0.00351290665691282 0.00523903026823956 -0.0756144732096968 0.00817551623904233
0.00299451813009391 -7.15695966698314E-05 -0.040419754705437 0.0683288992214497
-3.09158250442064E-05 -0.00189772145157487 0.00867365894238352 0.0680047638578962
-0.000548661247315982 -0.00170319121439428 0.029987484910585 0.0445918118781043
-0.00487375010392895 -0.00354508955083966 0.0396255814336676 0.0244019060798038
-0.00593688175639972 -0.00495807496864117 0.0460795547248409 0.0160259296676364
-0.0061733031115241 -0.0095536261751192 0.0500606868698 0.025900628018932
0.00290791728745386 -0.0129787278841131 0.0338062786753057 0.050907782359098
0.012470175442753 -0.00630162486471431 -0.00148455662862702 0.0700700122016956
0.0161930312558692 0.00160725118984816 -0.032891377747868 0.0790500828575696
0.0155415173880357 0.0135171856600731 -0.0618475482177954 0.0762084838967863
0.0112205090305246 0.0298755891624748 -0.0515132417763971 0.101080646094044
0.0124015234088887 0.042747955103958 -0.00665477108470315 0.0571856802506325
0.0174128573158644 0.0141999959017093 0.0306000908682204 -0.0181209002116837
0.0131842763801766 0.000777591580436508 -0.0318709952850107 -0.0507021526522053
0.0099099032891037 -0.00689001523460589 -0.0790457919064032 0.000303730861841549
0.00559330016707641 -0.0183653573264607 -0.0474482163808149 0.0635117658674272
-0.00714252423942903 -0.017976111780864 0.00207745528904106 0.0669856569876587
-0.0133276626756055 -0.0110553018587899 0.0252145698916511 0.0434196546468555
-0.0190141861870025 -0.0118200555446942 0.0348775567162047 0.0212152761968259
-0.0196256696434795 -0.016518951349762 0.0411318003891078 0.00886503790394326
-0.0163594653970419 -0.031068243691512 0.0493550418038291 0.0126525263793871
0.0078244159776922 -0.0391528257042617 0.0447245371632041 0.0365298299488425
0.0365010646893112 -0.0204614895070805 0.0150316480531042 0.0641955802267615
0.0481966613224596 0.0148716241630505 -0.0183512483856898 0.0805664564310585
0.0300215951926647 0.0511363992132889 -0.0500129216237049 0.0761610281760402
0.00471558413104402 0.0705260086421191 -0.044514146602473 0.0881753873739649
0.00023381678093041 0.0734481940999855 -0.00474424576327748 0.036181947351272
0.027234681184745 0.0427395447634132 0.0346650335848637 -0.0261219786500289
0.0368893825606237 0.0120281195739627 -0.0241517452390437 -0.0660070689298974
0.027854244989143 -0.0172605180867638 -0.0799459718609374 -0.0155893372110696
0.0102199713173678 -0.0363676931968742 -0.0550293682571861 0.0505348641590863
-0.0133411533474506 -0.0343634479701866 -0.00849669234704692 0.0591471776040938
-0.0241053917241556 -0.0213486399769439 0.0151055239489752 0.0387159477613746
-0.0303871077227919 -0.0183706018699496 0.0250205225344543 0.0157273263555527
-0.0304208342312886 -0.023774427734995 0.0301928422614459 -0.00114448300662858
-0.0275146394150456 -0.0450656047307552 0.0429789219188655 -0.00525436977572684
0.00498504823309543 -0.0593397625790702 0.0529537428734598 0.0126594513898087
0.0475721680795708 -0.0400603247415897 0.0358359022276667 0.0498564174715951
0.074739588694507 0.0132991240612419 0.00140253815796031 0.0778903528136096
0.0487945898447333 0.072878474735198 -0.0368095515816207 0.0717551494138668
0.00355713307297901 0.0986812968924592 -0.036076051549858 0.065140432794309
-0.0144661795967113 0.0928057722214144 0.00226751289844798 0.00570955629214316
0.0285113723591855 0.0698144326918203 0.0413514419395038 -0.03767128790716
0.0559152392355843 0.0292020600082435 -0.0103295779952127 -0.0814555992648561
0.0478798690434283 -0.0226307055047735 -0.0724292565201564 -0.0360837072513637
0.0174362037219687 -0.0513150782135391 -0.058487944443573 0.0285469991758501
-0.0165120973771237 -0.0485377825718183 -0.0204394884057979 0.0441424623055719
-0.0318120559422522 -0.0290487505058767 0.00151478518922305 0.0297205537249099
-0.0375085999766371 -0.0218920988113539 0.0113557992295758 0.00780908289549974
-0.036861382666142 -0.0263423260588485 0.015476576574599 -0.0116244045276804
-0.0345928851920377 -0.0494404188955034 0.0307484203875602 -0.0239162917170461
-0.00133926387036285 -0.0692773959721861 0.0531046517541732 -0.0139338485167308
0.0464427235128439 -0.0539249272469862 0.0521869746841401 0.0279679788763196
0.086825339695207 0.00292668414965435 0.0196526371928557 0.0674442882714938
0.0617067050245704 0.0784901236187954 -0.0267586001308577 0.0644112531373963
0.00483499651969524 0.110179888344562 -0.0279682514802108 0.0359528543448758
-0.0276905612765248 0.0967293922776977 0.0148793245760553 -0.030423930993516
0.0207344448442514 0.0869173008928465 0.0476212904497873 -0.0520870266911064
0.0621724897115 0.0459530327819596 0.00727212237777756 -0.0917442151826436
0.0610979946103835 -0.0198752450796677 -0.0545788039997188 -0.0560757845899098
0.0243328959569795 -0.056102831996672 -0.0562332800601569 -0.000368314693813309
-0.0157408987185228 -0.0551981902544025 -0.0324143234153529 0.0225888280631344
-0.0348823754648626 -0.0327954153219376 -0.014481684942223 0.0178547957908874
-0.0385729807028088 -0.0217340660832252 -0.00347441135341244 -0.000585412300490094
-0.037564678661791 -0.025193085478583 -0.000450856396494631 -0.0214318382608744
-0.0350055488347725 -0.0468486205790166 0.0156695319610518 -0.0380435121493813
-0.00536359014100113 -0.0673657043842084 0.0466017652602826 -0.0358750532240433
0.0395556088224948 -0.0558035498129822 0.0598076208321197 0.0067810547639216
0.0830504489325202 -0.00273380666637382 0.0306070922810161 0.0533191605614842
0.0598865710060074 0.0741422494358831 -0.0203508922476219 0.0533761608629157
0.00304390929820978 0.104504621157297 -0.0212663218891207 0.00582968071849189
-0.0342018564725933 0.0820677185919852 0.0304294007013012 -0.0643898209377756
0.00684817942012603 0.084758590697464 0.0546018061265151 -0.0647675971737555
0.0518205701534199 0.053268197909171 0.0252092846413857 -0.0933167356708716
0.0596664536061073 -0.0111387721429455 -0.0301654400115362 -0.0690070970987403
0.026636632053151 -0.0492641641058047 -0.0465946750103914 -0.0277728898272083
-0.0120938050783304 -0.0511114814031747 -0.0406261892625656 -0.00115746110877264
-0.0312194295916621 -0.0301373237876973 -0.0296509475981082 0.00379057388793669
-0.0341209033245757 -0.0191822077828883 -0.0176865011317226 -0.00952349998701396
-0.0323493095383153 -0.0209488065154009 -0.014595904602761 -0.0285472880712933
-0.0293993148073738 -0.0389531455773522 0.003786829013722 -0.047491550780699
-0.00428347666606825 -0.0564989479030415 0.0388265711778931 -0.051084190384258
0.0334458607699428 -0.0464780274128416 0.0620075040834619 -0.00812273845303291
0.0683210397662185 -0.000128488503966556 0.0353911852353495 0.0408026038471813
0.0456989242514912 0.0642626818812099 -0.0154247902158549 0.042552211203818
-0.00292707361389502 0.0850311187288283 -0.0145085582078951 -0.0208769618792465
-0.031600813072776 0.0524357184228997 0.0422655916753722 -0.0900405882492442
-0.00509007391298264 0.0621527723270632 0.0598090243831586 -0.0728698275591498
0.0315414088672278 0.0438352988755176 0.0370066692229877 -0.08834498618844
0.0434318611131433 -0.0026533298233864 -0.00866413993574477 -0.073265936390082
0.0206998844750759 -0.032691795769214 -0.0354386429441755 -0.047700742052395
-0.00748933267055886 -0.0369351619495432 -0.0452047040479096 -0.020515146777672
-0.0222837790338744 -0.0226750063442565 -0.0414368825236613 -0.00784101470968634
-0.023862243082507 -0.0132915541234138 -0.0288485241278814 -0.0164731588138146
-0.0238831134517512 -0.0144518727517886 -0.0243937956891423 -0.0337363982396076
-0.0205938257816817 -0.0280522487102119 -0.00353725945014288 -0.0542676654955549
-0.000854194326856956 -0.0410681763461516 0.0338808723343644 -0.0586487698997481
0.0273439875022856 -0.0324510052062245 0.0627383387659207 -0.0157843210006112
0.0495452338033438 0.00596423079792151 0.0373890704116605 0.0327420800266971
0.0259155259623039 0.0518133447183879 -0.0119514281665667 0.0325170430520462
-0.0109852471582961 0.0568729202233672 -0.00700545096937709 -0.0400652757575505
-0.021414301732295 0.0139065004006488 0.0472774854754413 -0.101998824837115
-0.0114097962164041 0.0265468028626203 0.0592798478011824 -0.0763301511808418
0.00862821419069243 0.020949397308054 0.0394571022503019 -0.0817374339134505
0.0168549026810643 0.00213425985842524 0.00179245436639952 -0.0725176867034158
0.00863955403980214 -0.0115750345780316 -0.028754365112356 -0.0561758894001722
-0.00157773962884973 -0.0161752906938393 -0.0477536683960914 -0.0307387095149402
-0.00954399752429778 -0.0103770575887627 -0.0477831322622967 -0.0148603547289134
-0.0104375283467452 -0.00600206433764703 -0.0354393848427832 -0.0206697867090244
-0.0125825617561778 -0.00691954306488853 -0.0291851471017576 -0.0382573405990184
-0.0110796217966288 -0.0141918339669411 -0.00656275430486662 -0.0582621233920198
0.000699387621034329 -0.0233714363151674 0.0331755293051342 -0.0620780862930448
0.0195475855407828 -0.0181834399368513 0.0643361847032324 -0.0171100853675479
0.0295951931125569 0.0107092145712305 0.0380840900918897 0.0293636858480056
0.00597460981077579 0.0345228097382024 -0.00881696144839409 0.026481005493765
-0.0174478231334288 0.0236717483859679 0.00152153140014456 -0.0502136415524561
0.0173746440769602 0.00718766124697498 0.00127751662401062 0.0657108441172581
0.003559759102117 -0.00994223383559584 0.0282636479661355 -0.0165268252536219
-0.0079522009258372 -0.00449115171979615 -0.036316334370463 -0.0374360422099412
-0.00266231828301104 0.00525278090271583 -0.0729943881981418 0.012873804633768
0.00248193707113409 9.32732909187575E-05 -0.0342295820921446 0.069081237528568
0.000176944231276499 -0.00175269272504082 0.0135820399952332 0.0651833120436835
-0.000470011867820351 -0.00153363977576148 0.0316563520232342 0.0410353016526671
-0.00523276012846218 -0.00261736080288148 0.0399463867174613 0.0209309490549714
-0.00606470857518978 -0.00428526664903447 0.0454880663856245 0.0123940872657197
-0.00653733110712504 -0.0091496004986699 0.0495354587086962 0.0216243010492877
0.00195701659879302 -0.0122691365846149 0.0359538945663174 0.0470182722634434
0.0120183350664941 -0.00672290847463517 0.00258109076032438 0.0680314138425206
0.0155206249108466 0.000844622744556813 -0.0272275721045517 0.0773093426405385
0.0154952589210833 0.0122295707694229 -0.0550575103608575 0.0768823561247091
0.0127348816463192 0.0277622628234094 -0.0431891876993317 0.100663186354457
0.0145375802842682 0.0401364799710492 -0.00221027622530476 0.0563417575168444
0.0177178878673826 0.0122958404179744 0.0291023977529026 -0.0189836596324917
0.0128718465387204 -0.000587763754430275 -0.0337759278472329 -0.0476719312240611
0.00943427822799977 -0.00721134563838886 -0.0760182678904661 0.00435647330083269
0.00387707528856189 -0.017780001905531 -0.0413543396200734 0.0637279863167029
-0.00837936311849539 -0.0163866653109249 0.00634019329081376 0.0638734031802309
-0.0132963161352263 -0.00995937354777366 0.0270100571517772 0.0401143098806556
-0.0194409185589208 -0.0101088418932229 0.0348217085862201 0.0183044897786957
-0.0203934460679672 -0.0144500603704435 0.0397094054413928 0.0059323307134709
-0.0183329456410604 -0.0288131858183538 0.0481273728144603 0.00866069430579757
0.00526132977294997 -0.0380863106166013 0.0456161701425674 0.0319133109643443
0.0341053641118089 -0.0224986100339815 0.0188391313022293 0.0615483336105307
0.0477247443596524 0.0117586551014182 -0.0127656062914249 0.078750196650114
0.0320529328574109 0.0472787994975143 -0.0442167377554551 0.0763089131610888
0.00856790323970895 0.0675649147394928 -0.0376342884304374 0.0874583734428517
0.00573503889723364 0.07047031866805 -0.00257637428581172 0.0357223284854943
0.02847124571699 0.0391186697787532 0.0321809863829518 -0.0265019383862218
0.0362250293435894 0.00909103638841468 -0.0266131296161317 -0.0623803767768154
0.025805508838598 -0.0182327073867585 -0.0780677924976958 -0.0103166425846642
0.00713096446003691 -0.0359353073542055 -0.0497449525925345 0.0519802881295
-0.0156760742977058 -0.0323114047192646 -0.00448466964916734 0.0574122507930026
-0.0250435741170569 -0.018234740925975 0.0171028512738785 0.0361340124277333
-0.030021893153836 -0.0156834682422464 0.025153794991124 0.013456577926304
-0.0312413901734498 -0.0207969540447935 0.0286342149994428 -0.00316429820249515
-0.0295004375339366 -0.0409195654793642 0.0402503459029867 -0.00825475044726477
0.000639764871640136 -0.0574533870296443 0.0518263035105047 0.00861069744183987
0.0433807507061034 -0.0414041417803283 0.037700208656289 0.0464279211512687
0.0725831143629126 0.00769843969082049 0.00634086136240552 0.0748980322548495
0.0520702748197526 0.0668324457072117 -0.0315124692514796 0.0716275721231078
0.0100131777338495 0.0951770884339497 -0.0306365596730511 0.065563348753106
-0.00704404302091815 0.0904147129503389 0.00287960531105981 0.00612323706572108
0.0320978692316762 0.0654071618957647 0.0376942789432395 -0.0383300229523888
0.0555814761329944 0.0245362945765703 -0.0144937416570254 -0.0780198135800222
0.0446296349498085 -0.0248823572937637 -0.0719204546436265 -0.0310701686816691
0.012932253320634 -0.0500247987265646 -0.0554518056131053 0.0305089232004718
-0.0198400369041247 -0.0454448450232009 -0.0171547903725134 0.0438835759280256
-0.032990579731583 -0.0256044605849514 0.00342229208379702 0.0284454553997044
-0.0369811333393447 -0.0185829207572411 0.0113697573697158 0.00700556129829159
-0.0372966640200993 -0.022743533930467 0.0132392453156724 -0.0120955248271914
-0.0368475482260633 -0.0452205853422377 0.0274712152098913 -0.0248431953595913
-0.006810926884401 -0.0666209853120413 0.0499495273139057 -0.0180333390148186
0.0411069801237093 -0.0547449488861944 0.051827022682446 0.0246832911438462
0.0837818843357617 -0.00296313172397384 0.0228076229019004 0.0641250702842932
0.0645274304826373 0.0713819365899527 -0.0220710559341285 0.0644379886568355
0.012129869955744 0.106313688803524 -0.0243964467720358 0.0365614215109294
-0.0199757971012996 0.0951187930947621 0.0125294099007535 -0.0295021683024748
0.0258001403318515 0.0823146321785415 0.043322328868383 -0.0525591848933675
0.062773210505007 0.040813691551722 0.0021338025190539 -0.0891072202070648
0.057766166570277 -0.0233471764191082 -0.0560496017574187 -0.0516491236421246
0.0195518663438275 -0.0556143060846592 -0.0548279577269255 0.00298094053076874
-0.0194397278475158 -0.0514486859236092 -0.0298505841779426 0.0233557802278567
-0.0355496814495638 -0.028595417240455 -0.0128894495169221 0.0177803805124074
-0.0384524164961272 -0.0182732716627201 -0.00374996668226452 -0.000692115105885764
-0.0375182973182995 -0.022096014439376 -0.00229996490212659 -0.019666631693812
-0.0372147259941776 -0.0427322547465417 0.0122197871669461 -0.037780791634435
-0.0101409831280528 -0.0644174720134645 0.0419319370836623 -0.0385967018770225
0.0343231546098573 -0.0563025735784107 0.0575542492108735 0.00337278842831226
0.0789375758412102 -0.00792827753756686 0.0326592878735607 0.049803913411076
0.0631713249453256 0.0672006059818851 -0.0159783083074764 0.053233004930052
0.00999170079596358 0.100565848757265 -0.0200528893044768 0.00676911309362088
-0.0276905928671388 0.0814232116324609 0.0245351403828943 -0.0636330613304519
0.0122857133958031 0.0812043590441784 0.0488685225463353 -0.0648596339605958
0.053397928868749 0.0478579171518033 0.0184027367247473 -0.0915537090969881
0.0572977374040157 -0.0146575715079519 -0.033496384591956 -0.0652712570212321
0.0219842811930319 -0.0488599374239633 -0.0470628072893031 -0.0246668228247315
-0.0155507773593224 -0.0483234735711383 -0.0396056148218684 0.00144284965662758
-0.032224445535253 -0.0272511130189128 -0.0284259755874551 0.00510540385931861
-0.0334526584172741 -0.0158775806406761 -0.0180727138228783 -0.0081321022243105
-0.0325950460453712 -0.0179870360750051 -0.0165601203121807 -0.0261253138087749
-0.030693368951583 -0.035430678922794 0.000228574395426645 -0.0462336034918405
-0.00795095861925796 -0.0542317060142866 0.0338362922322937 -0.0521185269804193
0.0288818968799133 -0.0470044559595241 0.0590079263533678 -0.0115153268331185
0.0653920127834939 -0.00457280038494559 0.0373035969615339 0.0376065247354777
0.0487522477573597 0.058508418847113 -0.0126549501914456 0.0422506877773971
0.00300879924152362 0.0818580900058222 -0.0151467967675549 -0.0191394083395886
-0.0269937388122779 0.0524690523540347 0.0349276408349863 -0.0890617298243554
-0.00104797297532508 0.0599794120086001 0.0530019644024696 -0.073472557897771
0.0331000532094407 0.0403346022780383 0.0300430720156916 -0.0869559244129298
0.0415733409676854 -0.00551298000694954 -0.012092830471756 -0.0707167956084643
0.017883016859231 -0.0329545656942633 -0.0374403453927733 -0.043952567548214
-0.00964781275015502 -0.0349457668226421 -0.0460167412942659 -0.0170623817791152
-0.023283967929801 -0.0200811617107281 -0.0404423050473575 -0.00524204559113158
-0.0237432429849635 -0.0110415662712579 -0.0288194565129641 -0.0139771623635414
-0.0238349892088637 -0.0124731076188066 -0.0258704048025174 -0.0308613569951872
-0.0216691483599502 -0.0253094958787471 -0.00731481687712814 -0.0520421539611325
-0.00398759961872684 -0.0394639209076457 0.0285731164701576 -0.0595150192655611
0.0244759473013829 -0.0331725701633602 0.0596469186701637 -0.0188622288293756
0.0478684315884817 0.00280928979014566 0.038019059574519 0.0292874293240332
0.0285760984501074 0.0477599607798483 -0.009292970856846 0.0326256528181696
-0.00689329242889426 0.0552250337871455 -0.00891065761383177 -0.0378724910773359
-0.0193764731348759 0.0139886188024508 0.038667052802786 -0.100992616874613
-0.00923215874114808 0.0261444973643562 0.0531115274922211 -0.0771159510922267
0.00903807557736363 0.0195895819814983 0.0335196919162513 -0.0808022202998583
0.0162704021641212 0.000521437050134442 -0.00203743248387226 -0.0705621907090826
0.00750678439609251 -0.0116630979222499 -0.0317957757967803 -0.052505941146795
-0.00308004097849871 -0.0146961150737744 -0.0482531222559825 -0.0267061446090366
-0.00985036930187883 -0.00916942308364901 -0.0474446033087196 -0.0115104256129777
-0.0104777842153092 -0.00483916994454669 -0.0352738975114154 -0.0182712106355957
-0.0123621009180463 -0.00541560445991756 -0.0306456892372835 -0.034762245556171
-0.0117794908742651 -0.0126849811748042 -0.010135427707378 -0.0557684013733863
-0.000549942057348938 -0.0227541986065401 0.0270116313988105 -0.0628206219425683
0.0179033501054286 -0.0184920272125761 0.0607464274003538 -0.0203630162360479
0.0285528434047284 0.00873174670097694 0.0385254953446734 0.0261963655174803
0.00811793869986889 0.0325149803752733 -0.00631453359716521 0.0265613485911767
-0.0151676251990121 0.0235982829627444 -0.00176676154320583 -0.0485537419400114
0.0164759370675345 0.00592370420416176 0.00317973058392052 0.0615211427210911
0.00331633434916924 -0.00959227432141614 0.0269610489131239 -0.0162949597631756
-0.00797711593660739 -0.00401088356152981 -0.0345141920124026 -0.0347412511156531
-0.00218453243216485 0.0050897277901994 -0.0688071519318872 0.0132458749768795
0.00224081786446136 -0.000684949762608203 -0.0310471069400163 0.0652823852481229
0.000173562699784559 -0.00154411013336268 0.0141085073316275 0.0609774675047668
-0.000762319099802933 -0.00182574382823349 0.0306170610192607 0.0387908428533119
-0.00505849422817044 -0.00265949823240113 0.038033837902473 0.0191153986516058
-0.00643203151067899 -0.00421546209894118 0.0432951945929806 0.01043933968843
-0.00650062418544687 -0.00858535146406371 0.0472282834794494 0.0186653096488672
0.00126223657996204 -0.0115669393307563 0.034781073011897 0.0433451992248078
0.0109963683172679 -0.00667735082001508 0.00430371123934991 0.0639037859491131
0.0146579837798811 0.000860834906061539 -0.0237750977312103 0.0733918246376446
0.0145199540496663 0.0111781381681236 -0.0506642809332733 0.0732206525482983
0.0124633328850236 0.0259470391628475 -0.0382496581465803 0.0953007420991444
0.0144694732753295 0.0372759196596403 -0.000222761819330862 0.0536580745182936
0.016574570593801 0.0110619203770412 0.0280988505975205 -0.0182412035173514
0.0121443938146765 -0.000638313352528561 -0.0323158186559294 -0.0441199967203736
0.00888446011501315 -0.00691169777996277 -0.0714883780226955 0.00594903088902582
0.00320369965395623 -0.0171683885944361 -0.0372569610822087 0.0606317735119628
-0.00821026962883793 -0.0153184402018426 0.00779852363105348 0.0595113071707346
-0.0130091701440721 -0.00908330852773183 0.0261886021612121 0.037367511408771
-0.0179731972463234 -0.00907329770962925 0.032814024862706 0.0162962064492016
-0.0198087694130235 -0.0132133627473932 0.0374962300300164 0.00465999604809346
-0.0185612052690712 -0.0263491319892768 0.0451096792869559 0.00674735046735466
0.00342919785464247 -0.0356570692024685 0.0432583600332422 0.0286816558991209
0.0317482004337195 -0.0220638815110292 0.0189472031877676 0.0583741521316584
0.0452261562903629 0.00987708894245346 -0.0102322806470314 0.0744072846120056
0.0310667261267204 0.0436951340387641 -0.0403010447860994 0.0724663386799015
0.0098482567138908 0.0632051608231847 -0.0331609823889921 0.0833257571773098
0.00770389427027079 0.0660107530407771 -0.000770542110323575 0.0343282142692045
0.027827516418365 0.0359948690347507 0.0308619236720974 -0.0254049985009965
0.0339546634127164 0.0077526046212627 -0.0262435785710432 -0.0584757094311949
0.024007879707176 -0.0176434857536949 -0.0738353514412419 -0.00889444487603936
0.00567221603903756 -0.034215854665397 -0.0458870030461856 0.0495932367069662
-0.0159434728691205 -0.029629347291009 -0.0024508635669761 0.0537403967553808
-0.023921965992738 -0.0168042229935534 0.0166620688066274 0.0336705048514673
-0.0287115098294668 -0.013900870874496 0.0236270918983729 0.0121322256985617
-0.0305434359026833 -0.0186134498072846 0.0262341990963042 -0.00314039234082186
-0.0292242693714178 -0.0378481707672269 0.0372414126359732 -0.00888628477724846
-0.00152469279541092 -0.0539333551203013 0.0485709514718925 0.00641245661742097
0.0396371310858533 -0.0401792778703595 0.036380441728446 0.0429988789529594
0.068543742332904 0.00519270055992759 0.00737690239677695 0.0709101939778956
0.0508661770593313 0.061874945953978 -0.0283068614087637 0.0688555687478884
0.0118673417128109 0.0896110724222754 -0.0271506046419184 0.0626058595175804
-0.00412959113496734 0.0847754674749588 0.00321340879538654 0.00619095232577162
0.0314438605579011 0.0604618804148086 0.0353884346385918 -0.0358297709524133
0.0528192633537056 0.0217926874672674 -0.0153673921356518 -0.0736472797153634
0.0411949159749229 -0.0244443650991081 -0.0685199439729929 -0.0278922942076014
0.0107032064804195 -0.0474936829553192 -0.0510854429912135 0.0300116193155702
-0.0199789175134872 -0.0419460546473516 -0.0149057783599474 0.0418833885264907
-0.0318900272381054 -0.0231440352788008 0.00372596232469929 0.0268753889825905
-0.0351998428647458 -0.01653190972855 0.0110026147218828 0.00679831188950204
-0.036234010891276 -0.0208400713877022 0.0120021192599191 -0.0115380026844098
-0.0364319554018646 -0.0413317869976021 0.0247292597192813 -0.0242048619955189
-0.00843859391441517 -0.0622224489590935 0.0456289406877371 -0.0186171648739702
0.0371964483745095 -0.0528855643266634 0.0495818407354792 0.0223019860417891
0.0783971159127784 -0.00476582817963151 0.023146194186671 0.0603687397134652
0.0621972626121266 0.0655861976507004 -0.0193919012047205 0.0613724401974029
0.0138098340910278 0.0997517551740977 -0.021695109294227 0.0352304848801904
-0.016301073763283 0.0895364485531202 0.0111520707724613 -0.0276587958654889
0.0260787721466819 0.0765815554792424 0.0402608100338605 -0.0491179465219248
0.0596749912371036 0.0367715196905818 0.000123934721984314 -0.0844458193224396
0.0538278423574646 -0.0231623750577142 -0.053765515325441 -0.0479958920258164
0.0165125796583987 -0.0527824084430813 -0.0518210308148337 0.00389074126277068
-0.0201317225864707 -0.0480959674084378 -0.0278501020367371 0.0230373133128255
-0.0341179142091084 -0.0262792593637523 -0.0115456808850398 0.0167614958568371
-0.0361749955879669 -0.0161873363672783 -0.00395522857928102 -0.000420950307608535
-0.0358084639943978 -0.0190326650416249 -0.00313691677605039 -0.0183331478337824
-0.0361305186665564 -0.0388751400335169 0.0100740209706648 -0.0355169533622114
-0.0117710823962423 -0.0601553616252902 0.0378081147868672 -0.0383184711314835
0.0307432265079911 -0.0541626347015208 0.0545401309756951 0.00198636029647247
0.0737779459381401 -0.00968764403640983 0.0318704464737817 0.0471025118905651
0.0609479059559874 0.0607238837479814 -0.0141554797127917 0.0510308029736665
0.0119121533764171 0.0944953215891057 -0.0182082428596111 0.00710964678386194
-0.023327216178447 0.0768944859528466 0.0221548810617136 -0.0596257987469026
0.0135911403880645 0.0759311092050785 0.0450365972220224 -0.0612191945496107
0.0507866680787751 0.0438607075894349 0.0155966634713698 -0.0862736358983434
0.0536816903094455 -0.0150514723844086 -0.0324526755370599 -0.0614680344882868
0.0192540931811829 -0.0467459266853539 -0.0455712913496133 -0.0219111305376064
-0.0166013563087326 -0.0449259631091431 -0.0377176250770208 0.002564198621349
-0.0309963975459038 -0.0245439623219698 -0.0261475260852486 0.00552650409010886
-0.0315915681882671 -0.0143913848811051 -0.0172316153385348 -0.007279784802911
-0.0308305934327311 -0.0154165588934214 -0.0160263999104398 -0.0238416635360008
-0.0303179952913177 -0.0327323266593225 -0.00142301661832034 -0.0436610251511587
-0.00928171205164328 -0.050804922829512 0.0296195168318928 -0.0499872098091832
0.0262984112438274 -0.0445613820591115 0.0553663900881396 -0.011913871045928
0.0609194912518569 -0.00558555698186363 0.0355524668456156 0.0350837905784877
0.0469674866666457 0.0536986091170657 -0.0106683259579005 0.0405194164368067
0.00446716957183911 0.0767803783214732 -0.0145401646865907 -0.0177848908520235
-0.0233530312332108 0.0492819625707889 0.0305532399984704 -0.0842438170960158
0.000848817934038349 0.0564688928637713 0.0489512875704233 -0.0693805767213541
0.0317050840986949 0.0372287667797104 0.0267341228414681 -0.0821359125333866
0.0386380746111383 -0.00564982142970119 -0.0131601583039185 -0.0666437447570994
0.0158910574219471 -0.0313482244837732 -0.036581944872438 -0.0405325885806051
-0.0108677372059432 -0.0323099385178628 -0.0437834951870832 -0.0150783092256492
-0.0222682504185462 -0.0182918905943394 -0.038050848995258 -0.00396234200505211
-0.02201676979484 -0.00985165671589327 -0.0276520942308498 -0.0124828488058558
-0.0221734278348607 -0.0110120660082686 -0.0253908945261036 -0.0282208298556046
-0.0208931733449342 -0.0236232445717831 -0.00841790287885925 -0.0489489829694695
-0.00500331138323013 -0.0372640992614495 0.0248665709324222 -0.056632591216071
0.022254401820423 -0.0313546783429723 0.0553223757254388 -0.0188026407029963
0.0447060132042533 0.00206552285581959 0.0361269766634914 0.0277550937185191
0.0277535447975528 0.0438692416222135 -0.00778883018660798 0.0318069535190221
-0.00521219583982596 0.0519881444491583 -0.00984113180028999 -0.0355772109425304
-0.0175807676255587 0.0137982494646721 0.0343814831641371 -0.0961226855815352
-0.00790044273676139 0.0244922999191416 0.0487185862926056 -0.0732628585447594
0.00881914714152501 0.0187463265128093 0.0299239028455103 -0.0769633685443417
0.0156183011179485 0.000182498182953635 -0.00334289696495063 -0.0668971919979125
0.00698040635642839 -0.0109221651159751 -0.0315496682476797 -0.0487365637834304
-0.00366315477593847 -0.0139163502022986 -0.0465913260190067 -0.0239936853340702
-0.00971345191872081 -0.00846569122373759 -0.0451411424656833 -0.00987602050970242
-0.00993599139236646 -0.00411051686074607 -0.0333785733701219 -0.0159197644266633
-0.0112174639207911 -0.00461616355205032 -0.0297643572414818 -0.0317912478323101
-0.0114308433609169 -0.0119165557407572 -0.0108935866346114 -0.0523460348497389
-0.00136172549008476 -0.021240616011189 0.0239222049303044 -0.0593131827961646
0.0162260227734596 -0.0178385818764453 0.056813072415103 -0.020127715694095
0.0269208697460381 0.007730545350923 0.0365673341366583 0.0248269931754285
0.0083397259340681 0.0303521940722931 -0.00537538554242287 0.0255973937533891
-0.0139077501056691 0.0225538868486501 -0.00326300138514684 -0.0457633851597774
0.015649301231498 0.00593198820410011 0.00282625333177929 0.0591996539030351
0.00296758739336598 -0.00908273791568779 0.027043971712248 -0.014540050851345
-0.00742286738610061 -0.00378819819659461 -0.0320999132943074 -0.0345485806976071
-0.00239896223016909 0.00456632116053339 -0.0664021959520884 0.0119296221280949
0.00216562816110325 -0.000279345466314079 -0.0305785372535557 0.0621678666432164
0.00023102079297571 -0.00141198600075301 0.0122674687543885 0.0580857555196569
-0.000454395877529145 -0.00163479902726645 0.028701330403266 0.0376676580809377
-0.00495306800817184 -0.00285108036386261 0.0358353995547567 0.0192890327268212
-0.00613881784643788 -0.00369261928318179 0.0409365666887514 0.0111707631567465
-0.00583199081358923 -0.0079779473455406 0.0447500530533726 0.0183367721056047
0.00166489720982716 -0.0111204487468076 0.0330399556289202 0.0422079648528424
0.0111338181069762 -0.00631609097963082 0.00258267957710884 0.0622134400093263
0.0140202919016348 0.00120051901617498 -0.0245353412255821 0.0690358587810508
0.0134705904592357 0.0115687867019788 -0.0506634301382271 0.068794177694468
0.0114804908546687 0.0250420334465621 -0.0384520765125306 0.090401045243786
0.0134697158170805 0.0358654062970521 -3.25622015796266E-05 0.0516935666023251
0.0158225936789823 0.0103387656929366 0.0282631564691949 -0.0166080515909238
0.0114107321484675 -0.000437143448276108 -0.029603145455044 -0.0435231135232016
0.00851059340480054 -0.00627238337049026 -0.0692756476347317 0.00403181966911554
0.00301166137914633 -0.0165975619454163 -0.0370179578361167 0.0572297330586554
-0.00799487158623092 -0.0146488049555188 0.00666324072392926 0.0570520853524092
-0.0122224350956132 -0.00916706812118632 0.0246090549971547 0.0364743025542918
-0.0170488074442705 -0.00943630759740071 0.0309801175681467 0.0163425290310868
-0.0188639748936089 -0.0130455032477213 0.0353140038904126 0.00513791724739048
-0.0177408917593582 -0.0256845471941415 0.0425464826325333 0.00745611767796293
0.00368987265973147 -0.0345604769176861 0.0408239763075399 0.027848187612775
0.0308181702520356 -0.0204954261978608 0.0164343456459205 0.0566724061224532
0.0423563435061688 0.0105727930270759 -0.0122393217210652 0.0706212919536337
0.0287187066174331 0.0424483554504374 -0.04058526330897 0.0686175618736181
0.00810974889600073 0.0615990016190938 -0.0332729369449475 0.0794355828549508
0.00597415715444887 0.0626187601844977 -0.000612233655466709 0.0332659242252499
0.0255956274159648 0.034495141618679 0.0312188210448616 -0.0230078844252752
0.0323840434530789 0.00849571023773726 -0.0240214016080926 -0.0571650283127885
0.0235884852979408 -0.016735687950048 -0.0703562100358405 -0.0099210979214181
0.00546178514696412 -0.0324073547912103 -0.044470473087274 0.0467708196306301
-0.0143049125241501 -0.0289242710185329 -0.00349382798349547 0.0514375883469447
-0.0227598110167405 -0.016695014342079 0.0157610979675018 0.0324828784994779
-0.0271688658581977 -0.0135353176196907 0.022481746860339 0.0123987976873989
-0.0287434076381429 -0.0184935985617201 0.025170321556505 -0.00249266939612888
-0.0277782554282548 -0.0364608343130378 0.0352375628954762 -0.0077665934255286
-0.000950545302420636 -0.0519473391283324 0.0460250296473397 0.00685084359691964
0.0387881552646233 -0.0378743823723359 0.0344347877442137 0.0424508378039405
0.065183401995562 0.00652994214843077 0.00546563934081296 0.0683886820425578
0.0468236598942147 0.0597876131305772 -0.0288828302477199 0.0656867392600404
0.00922696326011859 0.0860465017446526 -0.0268839279196947 0.0594730772813979
-0.00523274430229877 0.0803852652419285 0.00329575539551068 0.00666450487511558
0.0292249697002364 0.058124955423291 0.0352722969829935 -0.0326632291469184
0.0498030999769035 0.0219364943026533 -0.0128234140893494 -0.0710581809536076
0.0399585026336085 -0.022630639008219 -0.0652136110521125 -0.0284782827984404
0.0105594483238995 -0.0457477816919965 -0.0499047259232168 0.0274797946746878
-0.019093941287787 -0.0399784620424111 -0.0150966274918846 0.0394097558632142
-0.0300439805839462 -0.0224729366813701 0.00290789773019577 0.0255923881655473
-0.0332637430266427 -0.0162485640095429 0.00988504890470039 0.00642480767615072
-0.0342826280693323 -0.0201644978016132 0.0115570825234318 -0.0101105175783527
-0.0341950089993815 -0.0400459248208269 0.0234188386170885 -0.0228817249270615
-0.0076992995351097 -0.0595289521956563 0.0438945124795605 -0.0169672681382265
0.0362653392185202 -0.0501001194144057 0.0467779931560902 0.023097113723493
0.0747509530173154 -0.00288420369152492 0.0208466590898352 0.0589482322529343
0.0585463647236474 0.0633984874528349 -0.0198337530825326 0.0586339844925223
0.0116373292614958 0.0960115886106666 -0.021300544157769 0.0332095287737538
-0.0167237466974714 0.0850280177410662 0.0118471026738845 -0.0252366270075004
0.0239074278588457 0.0734726405178516 0.0401647674786794 -0.0450304138941909
0.0560974324870021 0.0360352432821106 0.00185133306965733 -0.0803873813119645
0.0519883911495549 -0.0209103822740126 -0.0503986941690358 -0.0473761483578605
0.0162807781067271 -0.0502567200169195 -0.0498993194805111 0.00279993127922935
-0.0195143835273968 -0.0457142156752047 -0.0274150578347817 0.0217373266631162
-0.0326410684740102 -0.0255031076509701 -0.0112880469035654 0.0160984041132764
-0.0343275469766012 -0.0165081113022541 -0.00362931064368116 -9.04961099770558E-05
-0.0339233836891127 -0.0191086814348498 -0.00317566506226593 -0.0171266992730193
-0.0343700732411447 -0.0378986816576057 0.00992253530670833 -0.0338469474358404
-0.0108517955741351 -0.0576715690563467 0.0359182202897006 -0.0360578696258356
0.0303800344920469 -0.0506561207396994 0.0522233723944816 0.00336872666492602
0.0704541650463492 -0.00766184465342159 0.0297249725329976 0.0467407575211989
0.0570794602546957 0.0589634185840862 -0.0143269423906672 0.0488393371818808
0.00920921195272727 0.0909885236001715 -0.0174873384367186 0.00656274669636792
-0.0235605933782108 0.0727211837585198 0.0224026461761031 -0.0562218553344217
0.0117313824222418 0.072495861890067 0.0448918583202983 -0.0564251341645359
0.0479776717520865 0.0433413150127681 0.0165071183469322 -0.0821421442178394
0.0517408162783033 -0.0134598951905975 -0.0296672253587562 -0.0597157981789539
0.0192255490082576 -0.0444286826493193 -0.0435339848051706 -0.0216226519644823
-0.015452475527613 -0.0427187651953264 -0.0368280633838326 0.00220122911614405
-0.0294651847196315 -0.0239138510120472 -0.0253724245435237 0.00496048454973822
-0.0295879646760965 -0.0142037090039807 -0.0165636242609649 -0.00663155794829671
-0.0293382741107769 -0.0158786738725804 -0.0153733089911331 -0.0226346076790319
-0.0283382637770941 -0.0315302816217575 -0.00107284238281872 -0.0413588309508892
-0.00854132689356119 -0.0486413628146172 0.0287678233497772 -0.0482201965675399
0.0258446709983089 -0.0421463227264312 0.0530764975793437 -0.0100303248532941
0.0578565250902491 -0.00418413580973076 0.0330982095809497 0.0353303985308978
0.0441761283022382 0.0517878197817063 -0.0112013321062961 0.0395750828302114
0.00255878711140694 0.0737641793911583 -0.0135273038225686 -0.0170675413121823
-0.0233680987420483 0.0472762805798588 0.0312170345399146 -0.0793421948324874
-1.84479011674705E-05 0.0539938409518439 0.0485322714249624 -0.0647240040860852
0.0296546824461641 0.0363581422320711 0.0271770508245341 -0.0783274379807186
0.037871222657594 -0.00505849310932915 -0.0105118754907347 -0.0644057027527928
0.0155093185983853 -0.0295199357385491 -0.0346234349924461 -0.0398267487213696
-0.010052240910981 -0.0310252019594029 -0.0418945831563689 -0.0145386445474885
-0.0210600078893085 -0.0179373634419143 -0.0367678829860847 -0.0045331294594411
-0.0207732669614326 -0.0097406089211443 -0.0263969321343201 -0.0126228541385186
-0.0208035996688059 -0.0106612291814146 -0.0241178884361184 -0.0271912380427549
-0.0197153226538599 -0.0226649089247092 -0.00737226771480411 -0.046611919885675
-0.00440470310586897 -0.0354642845680077 0.0242295882336841 -0.0540827411381309
0.0214870942631975 -0.0297259027364824 0.0532367762411083 -0.0166454755307047
0.0424312792053179 0.00295146207054652 0.0342362088069937 0.0277038978985401
0.0256802026173246 0.0422880405732435 -0.00767679991504955 0.0299059827469068
-0.00634486311584523 0.0494225433685261 -0.00830094479120072 -0.0343146011593445
-0.0166025062052867 0.0126436650085033 0.0348386862521364 -0.0913689361815836
-0.00742973285978825 0.0234525927792741 0.0481493077301903 -0.0690743729306312
0.00791190463084948 0.0176447295543575 0.0304759883420907 -0.0728543696267369
0.01452367845372 0.0008449400338833 -0.00168270740743192 -0.0642138967075156
0.00682377555428841 -0.010432296639788 -0.0299207995038031 -0.0475851680449849
-0.0037779414122921 -0.0130509574864912 -0.0446128584667656 -0.0235138216958944
-0.00919231490778097 -0.00849183907408626 -0.0426993021000505 -0.00977491125295482
-0.00905879317293281 -0.00439677082259635 -0.0319791487080218 -0.0160633924879836
-0.0107101430613652 -0.00462708391523894 -0.0280426641311292 -0.0308771437641658
-0.010513085496737 -0.0116974413709613 -0.00961535165316302 -0.0503389864218674
-0.00106285809834414 -0.0202800980900868 0.0237718719612276 -0.0567581349244427
0.015942394384278 -0.0169489533873593 0.0550893190734378 -0.0183032669639598
0.0253847757251715 0.00801154727459435 0.0346491028353861 0.0247467027584973
0.00747035033622452 0.0286496248843411 -0.00580918102976586 0.0241965541886882
-0.013903400475587 0.0209379967701943 -0.00218188374785897 -0.043122741094346
0.0142196293069116 0.00774178113707125 -0.00660103074076292 0.0600210120550138
0.00423714276184571 -0.00835793127754955 0.0299519935021766 -0.0099489132080857
-0.00623711500615401 -0.00481290158954088 -0.0255846775442551 -0.0397108727595607
-0.00252234813035501 0.0034208440560061 -0.0672118820177014 0.000967760095508342
0.00164320730090295 -0.000225391156473278 -0.040068081938639 0.0554357541974965
0.000855484013654353 -0.00162355704595777 0.00315010036713685 0.0596789296898731
7.45588581284434E-05 -0.001973701960865 0.0227289780089425 0.0418658273054047
-0.00374473660215679 -0.00381673925634207 0.0315292169875581 0.0250945899807492
-0.00494783270004407 -0.00504575471652823 0.0387225031985976 0.0180490613922891
-0.00440208194500684 -0.00947256856821546 0.0405367581418742 0.0262145879570266
0.00437870571713471 -0.0103713528253135 0.0241318552071062 0.0474110345680641
0.0126782297425195 -0.00433034594720842 -0.0091618577714665 0.062308793528894
0.0142335486455425 0.00491394621534308 -0.0373437246107903 0.0626482595768368
0.0110636331731439 0.014540332317896 -0.0633119754074906 0.0575709567794249
0.00711937268705422 0.0271024853921492 -0.0553946444062331 0.0822073921452543
0.00766253865066706 0.0366066927551578 -0.0102742219735111 0.0504908139944389
0.0131130935369449 0.0130913017716789 0.0302376636964469 -0.0114946399154014
0.0115271590973946 0.00173794669287182 -0.0226285305991567 -0.0477724644626447
0.0101571697948593 -0.00493252384586899 -0.0684203752913327 -0.0064016512248927
0.00550955989309451 -0.0156988956048061 -0.0453818033273999 0.0505376126942111
-0.00510329892411011 -0.0160290324652347 -0.00243403740100753 0.0580733807406327
-0.0104322580777859 -0.0113340287631884 0.0188348352944381 0.0402176430732597
-0.0152564418714292 -0.0118850712851233 0.0274924921400156 0.0220719463294307
-0.015915209497028 -0.0161045568983621 0.0336998167693681 0.0118751959601866
-0.0123142806480729 -0.0278681412674395 0.0400749782509741 0.0148489166581153
0.0102580409823556 -0.032275644346954 0.0341296874522017 0.0350150905957369
0.034462940777068 -0.0143586877020434 0.00547810428022151 0.0591368719724943
0.0402108677489675 0.0187438886382833 -0.0250702463075386 0.0667940845211624
0.0200816793805068 0.0473490430557489 -0.0521455875936939 0.0587336089456265
-0.00252318950441621 0.0619118802234973 -0.0472834615417238 0.0718789831482351
-0.0035516528393345 0.061466534501791 -0.00942176129082478 0.0311028890287716
0.0190241398528348 0.0378817770884236 0.0327387661013574 -0.0169697766191568
0.030104945804787 0.0140409468081217 -0.0154965170582766 -0.0592460524816169
0.0261353223150815 -0.0122258260505681 -0.0678387922311057 -0.0195240709553332
0.0109396375602264 -0.0308504838410432 -0.0510353885277299 0.0396298699683542
-0.0094822762158141 -0.0304806971284379 -0.0103634317102964 0.0509535524187069
-0.0190081739450318 -0.0203546268275066 0.0105846594699808 0.035194319511367
-0.0235767518078375 -0.0184670397020657 0.0193110900012177 0.0161994589309079
-0.0245960748973573 -0.0233911708166596 0.0243611946086125 0.00248577195113091
-0.0204449532603024 -0.0402858054403754 0.0350082901775882 -0.000885285708101309
0.00878224353150404 -0.0502000075626375 0.0425430876797102 0.0142279177138171
0.0455446210312975 -0.0299197513561337 0.0249940940925062 0.0489229936573504
0.0630017761451221 0.0185153011790422 -0.00769130019182375 0.0671331067535087
0.0347101860479413 0.0672370761901485 -0.0398076266076869 0.0572380600408562
-0.00585241404880828 0.0865082380133375 -0.0370252666193497 0.0531905608195381
-0.0170269296731651 0.0775986227986347 -0.00190286020690899 0.00410011618253936
0.0186555628298594 0.0619590204421071 0.0375961418517827 -0.0264429974298161
0.0448706989039427 0.0300372711152799 -0.00360110840277709 -0.0704320464197345
0.0431605545587526 -0.0150570115460012 -0.0602584459865981 -0.0363726603125795
0.0181523625228522 -0.0424991883625022 -0.0531786522000281 0.0207437375919734
-0.0117923890356668 -0.0421756731951648 -0.0202147098404795 0.0372569234578919
-0.0256143290280459 -0.0272628516426485 -0.000492333216765453 0.0259985190182493
-0.0296487259621426 -0.0220918988934156 0.00828949952334759 0.00813027099338882
-0.0297244809199771 -0.0257385291701394 0.0122346711358454 -0.00752265341346846
-0.0266965049968044 -0.0450534656441195 0.0259153379377934 -0.0173552974001714
0.00274462093377192 -0.059034152347257 0.044771283522407 -0.00919815359338062
0.044860963488474 -0.0425008318680687 0.0409245572132879 0.0312793903944731
0.0733203084529145 0.0104283132514525 0.00893117439765626 0.0608302180790683
0.0457362389877524 0.0724491649347467 -0.0289988360397196 0.0518395922815424
-0.00661713386675686 0.0964698391426096 -0.0258938218237928 0.0276638601684806
-0.0292179359411277 0.0796263633104171 0.0113158559139551 -0.0270201638184671
0.0106055818772314 0.0758411932312883 0.0437880881050256 -0.0384916466363157
0.0490285862419396 0.0452923506150701 0.0113703606464715 -0.077263838186385
0.0543658844743777 -0.0110426578343701 -0.0432743633071368 -0.0524164908451601
0.0244094193407993 -0.0461555883935645 -0.0499463739403079 -0.00277115819054248
-0.0108596344192544 -0.047893784060739 -0.0290608968807036 0.0182928260830491
-0.0275147436485312 -0.0302897190079014 -0.0132079826735565 0.014682395272487
-0.0301588044177843 -0.0222388479484019 -0.00409919879450946 -0.00113676017408707
-0.0299187341934625 -0.0245027931990561 -0.000370529976911162 -0.0165549601381484
-0.0268571954528789 -0.0429361235703017 0.0149865779544405 -0.0306483741506529
-0.000689941242779994 -0.0579836834564577 0.0401764577524548 -0.0290195968095236
0.0396226572449123 -0.0449843373235739 0.0495507226309087 0.0140904323905768
0.0702300795844657 0.00465415011086601 0.0199899872545781 0.0505444116888104
0.0448317447329962 0.0680750723525697 -0.0217431194253499 0.0437659181185826
-0.00729590720161463 0.0903966396207477 -0.0173099020873588 0.00211274271113436
-0.0339790504114905 0.0671780004927643 0.0275256240293548 -0.055544723888528
-0.000766928669873132 0.0728047840939376 0.0505543521730839 -0.0495128446597079
0.0394272633561948 0.0503895995985275 0.0263240518731039 -0.0769946161278002
0.0528489542487458 -0.00391005533501841 -0.021227508649639 -0.0613473471442517
0.026444398378373 -0.0396130244471927 -0.0394531249882302 -0.025939690840835
-0.00831855158639163 -0.0439509232381649 -0.0347000314854752 -0.00243636374258691
-0.0250736820614588 -0.0285031084874139 -0.025315826746801 0.00198876764953296
-0.026549898133171 -0.0193500503264436 -0.0149457666645706 -0.0095551205127453
-0.025658672026105 -0.0199701657241445 -0.0114129300691558 -0.023880253198537
-0.0222870239347862 -0.0355716846408816 0.00536190586695493 -0.0399890319572725
-0.000441771817637049 -0.0486795715035184 0.0349234620188031 -0.0421360498966823
0.0326029475867589 -0.0373812876873967 0.0534900894919234 0.00037664387502936
0.057130793766878 0.00568511767531572 0.0253393225613961 0.0404093369553728
0.0334585413999771 0.0581728188049743 -0.0165502781308609 0.0350926484283774
-0.01126309765709 0.0726167021900351 -0.00946416494316483 -0.0204213038225174
-0.0299408262867283 0.0424226743183799 0.0413633648921166 -0.0767412100147182
-0.00890634132777522 0.053050794156962 0.0562121264138364 -0.0571780372203357
0.0226704100886277 0.0407828950980837 0.0372019819142893 -0.0719730968146802
0.0376391455191033 0.00186985767527176 -0.00183688454631747 -0.0631736420185521
0.0207792405828307 -0.0260945348950279 -0.0282410323027346 -0.0425644149470953
-0.00472197509180333 -0.0313229099298046 -0.0383787539757194 -0.0206777923139368
-0.0183060699428051 -0.0210086338900849 -0.0351619490007754 -0.00912939237301358
-0.0188610714382907 -0.0136207952713773 -0.0236570214500372 -0.0172102139351704
-0.0184799232016203 -0.0138017844213893 -0.0186637758910092 -0.030719535205364
-0.0154557969626178 -0.025742171582128 8.53288470818391E-05 -0.0465013338833555
0.00155462134692788 -0.0357186212928268 0.0324299525867531 -0.0493275554965531
0.02625457192748 -0.0258352042623414 0.0552273887402368 -0.0068092883903174
0.0413296687770394 0.0101034154809722 0.0283593585245219 0.0333996957059923
0.0173887731123845 0.0454236460602817 -0.0121650724558317 0.0275921203542067
-0.0161127208635475 0.0467372036704839 -0.00173421545914309 -0.0363296863886259
-0.0180244970854096 0.00989693536449689 0.0485053191368503 -0.0860377466732999
-0.0108391652495451 0.021571138384759 0.0578957071557462 -0.0606707911140605
0.00500134689193906 0.018819846469596 0.0406943208781563 -0.0666832921513925
0.0144727272853866 0.00319723575932465 0.00815612556772682 -0.062948056661956
0.00861354315779163 -0.00903218275976402 -0.0218064231161064 -0.0506906345888398
-0.00156567368988626 -0.0129328808595187 -0.0401556432568571 -0.0301053033421359
-0.00791910084029864 -0.00960751046380764 -0.0408517308118627 -0.0158835414523126
-0.00824100731844871 -0.00603283475360821 -0.0288969748583183 -0.0212954531545832
-0.00945374583660017 -0.00605187796057792 -0.0224303466391764 -0.0347197676187381
-0.00851677821128452 -0.0127997537968372 -0.00113243838484706 -0.0502817194882128
0.0015441364356749 -0.0203819343804559 0.0324207052191581 -0.0513590554079229
0.0188037477787658 -0.0146240381897433 0.0574576609396183 -0.00809827476584826
0.0239289446570672 0.0121233135766214 0.0292492291967062 0.0305781361915456
0.00208656169166262 0.0292915289092082 -0.00930485245744684 0.0225112035155913
-0.0184361785843575 0.0173983888191212 0.00594735127192213 -0.0434084658809768
0.014469898871891 0.00788764115923036 -0.00714231298296296 0.061824075388612
0.00433241896509901 -0.00864623183315797 0.0317314749270661 -0.00973975040130622
-0.00625383757754209 -0.0054821356821683 -0.025119291991063 -0.0412713500429573
-0.00288192383116798 0.00311351603082391 -0.0692096004966424 -6.30011140324685E-05
0.00206946937780118 -0.00060203847446018 -0.0419572998886038 0.056135172847087
0.000932140751868416 -0.00151727913905332 0.00281046418028564 0.0609587111243776
9.01340968183433E-05 -0.00233329656753075 0.0228228477958025 0.0439081062403535
-0.00419290095673444 -0.00392223510072423 0.0326155622360426 0.0265540384025318
-0.00525180995664805 -0.00553197539623858 0.039353157542239 0.0198349171030903
-0.00441611679973503 -0.00969568916956857 0.0405086450138238 0.027818204469964
0.00439544860131425 -0.0106100736801768 0.0241760668348406 0.0495503650318522
0.0132851083270252 -0.0039146820018938 -0.0109054444867079 0.0640892539357023
0.0144492503317066 0.0057363294097393 -0.0403632129113288 0.0628763659002908
0.0109401378861989 0.0154464130418098 -0.0664502522521305 0.0575354952076433
0.00713130658255151 0.0280256147461103 -0.0585177817171255 0.0828266083612156
0.00743463312217231 0.0370095225788636 -0.0108167008726811 0.0523770958544742
0.0135647070586284 0.0138502289924097 0.0321554208698288 -0.0106679022971326
0.0116815929963323 0.00235156678839335 -0.0221579930631192 -0.0495289668570684
0.0104083823113416 -0.00498817071655924 -0.0705976803504478 -0.00788968995391594
0.00544630656595922 -0.0160967981832565 -0.0474305454197867 0.0512880967087169
-0.0047141569756159 -0.0163076080964684 -0.00299184947707938 0.0591796735612221
-0.0105803222312006 -0.0120347679619311 0.0185555612935329 0.0414236634361354
-0.0153592008943896 -0.0126686600137959 0.0279328099397546 0.0230737961294702
-0.0163662238155665 -0.0168787227375882 0.0343632481603053 0.0131250735546086
-0.012449443392915 -0.0287736060765104 0.0402346953053095 0.0159240032590145
0.0112458238952045 -0.0336309546982418 0.0345101545036329 0.0366760838798835
0.036057429793725 -0.0142242097190053 0.00513246784751929 0.0610590064437906
0.0407015221231172 0.0204565032732757 -0.0273207407882621 0.0677212351545259
0.0196703568706181 0.0493284043601708 -0.0551616518207403 0.0591999893053102
-0.00418073569289385 0.0635776798324382 -0.0494974464428586 0.0727387212339395
-0.00473928599610674 0.0625676704731508 -0.00931261940949794 0.0323522649582583
0.0188214987700082 0.039250098903593 0.0352379053539317 -0.0161021268463851
0.0305279474757536 0.0147421592316976 -0.0142851809165065 -0.0613454671834772
0.0270749442904135 -0.0120687538080761 -0.0691591956610315 -0.0219997757942203
0.0112534464949997 -0.0316815641917779 -0.0531469731543905 0.0399135013517524
-0.00945906150263298 -0.0313574753545458 -0.0118847507163949 0.0522090019686641
-0.0195010828454777 -0.0212534816784078 0.0101795044360039 0.0359719755826935
-0.0244399170844897 -0.0194541675160168 0.0195607029633676 0.0171462331847493
-0.024808468003985 -0.0242503534882636 0.0249167488957261 0.0033376242811796
-0.0206464533045593 -0.0423388767115662 0.0357289514343123 -0.000353204756749808
0.00923400778608145 -0.0515929815806118 0.0429554523525092 0.0152936684787738
0.047094080073861 -0.0308747033581799 0.0251467370901493 0.050985332732355
0.0643629993993951 0.0206020397741121 -0.00936030020435906 0.0690875004000925
0.0346181506587113 0.0696607588123071 -0.0421892283785843 0.0581660413130534
-0.00820137468066006 0.0889238955534974 -0.0383706081017632 0.0542415863730224
-0.0189427218742382 0.0785923589804541 -0.00137190987303071 0.00509832128624345
0.0178339335067785 0.0633903431537679 0.0402134674530648 -0.0254360105327944
0.0457012683578374 0.0317012552549643 -0.00188090379579769 -0.0731294271770538
0.0447792007605026 -0.0146579582252291 -0.0607631978596086 -0.0388274349431368
0.0187184089054863 -0.0431753929696326 -0.0552284601036336 0.0205749244959342
-0.0116068148754937 -0.0434668837314763 -0.0211624019158489 0.0381703041023176
-0.0260560421190752 -0.0282029494443632 -0.000982591189157009 0.0266850337080108
-0.0299213212681637 -0.0229968718226299 0.00845575952188413 0.00840158198862467
-0.0301694991391695 -0.0272446884635306 0.0123165415192664 -0.00713084530130397
-0.0271687933471557 -0.0466188643113128 0.0264099942221209 -0.0171012767250162
0.00359001203771739 -0.0607344554619572 0.0451151504741401 -0.00895402805323964
0.0472215354901851 -0.0430970727111766 0.0416099250250438 0.0339076126920642
0.0750615743013133 0.011956184963478 0.00791554822573865 0.0634334749483946
0.045570308799363 0.0753232349972865 -0.0312227681601267 0.0531233903974731
-0.00792607889366228 0.098774089294249 -0.0270069054455592 0.0284072026779825
-0.0314758322556927 0.0812247822000045 0.0124528875657354 -0.0270036733169002
0.00967260130611976 0.0777667326290762 0.0464348321594191 -0.0369986434049565
0.0493006356473486 0.0475877088175667 0.0134162243618066 -0.079415160759323
0.055976840081555 -0.0110917724791064 -0.0432815951126485 -0.0548777753463144
0.0258361826819814 -0.0470712456856011 -0.0515277639936741 -0.00384087185668292
-0.0110211291162395 -0.0487644666526994 -0.0303187772811469 0.0186670158891023
-0.0280803807866505 -0.0313925049809227 -0.0135490385079383 0.0148221275267116
-0.0305416460031874 -0.0234064089135094 -0.00338722867872034 -0.000999358731118079
-0.0299580214005343 -0.0253350508149496 -0.000482617528805615 -0.0164437303443799
-0.0274344220018086 -0.0445695003952754 0.0150403110500747 -0.031077949815113
-9.69891929851083E-05 -0.0594854032647162 0.0414004517064449 -0.0301052922573015
0.0411183443893891 -0.0452115026735623 0.0508966730866512 0.0151157495954267
0.0718650121701902 0.00635483088372736 0.0196039078460932 0.0528932411211865
0.0445645775081274 0.0699499242501211 -0.0231693293449139 0.044565083722542
-0.00912784033866065 0.0932032941453854 -0.0174739355713664 0.00155294230173115
-0.0360106227032251 0.0678841223780766 0.0297657312968407 -0.0562767452393666
-0.00228304181065856 0.0743652334973674 0.0533658347415735 -0.0486418969203685
0.0393789639839147 0.0532554714198978 0.0290403157719251 -0.0785520784547747
0.0546043378922188 -0.00301492790975424 -0.020666129453526 -0.063964365775912
0.0277666411771656 -0.0404605168496017 -0.0402379181451041 -0.0272197146009802
-0.00852823100383517 -0.0450160020971178 -0.0359699675712608 -0.00321864365874391
-0.0254964956869562 -0.0296697521807575 -0.0261754389405834 0.00100601749907616
-0.0268994864022896 -0.0203012262958555 -0.0152312423490333 -0.0102336264455567
-0.0258546016327669 -0.0209094862872448 -0.0116480487294826 -0.0247351087041129
-0.0227729381829099 -0.0371986183691347 0.00607872123570332 -0.0407164933669128
0.000135074683963827 -0.050383387651982 0.0364554866814031 -0.0431815503812188
0.0345142987292672 -0.0383206975833569 0.0549757312470928 0.0015280455643827
0.0587992523151698 0.00743983511484302 0.0258624467508293 0.0425582408375259
0.0336770656620351 0.0602246437788089 -0.0174461333152694 0.0353878521778907
-0.0123853896280902 0.0744143584027522 -0.00945966304422344 -0.020958839732903
-0.0312894478801164 0.0422171597648964 0.0439779595564329 -0.0770196768994692
-0.00998085546091074 0.0534290761756228 0.0596114601980744 -0.0564167270536852
0.0220234640333723 0.0425571576627454 0.0395816466142562 -0.0731085291420725
0.0386698910751002 0.00262925126722864 -0.000480579742880182 -0.0658151800580241
0.0213965339451978 -0.0268649293058469 -0.0279611956128148 -0.0446305236023035
-0.00476473593351241 -0.0320445275155817 -0.0392677868357183 -0.0212076890118913
-0.0184028147043977 -0.022024694551581 -0.0360351563871515 -0.0097015296373924
-0.0184359578472811 -0.0141423905319997 -0.0243884841288165 -0.0178753752244058
-0.0184757703690246 -0.0147701645566733 -0.018984784246826 -0.0314057916786512
-0.0154433384816143 -0.0264329480248092 0.000814509079132703 -0.0476576236399508
0.00168802972068227 -0.036411134883412 0.0336838332166644 -0.0500266944033703
0.0271206910691854 -0.0261758345075355 0.0568587097748737 -0.00553981014809988
0.042211332606123 0.0113591750590255 0.0284410096620176 0.0354713940641027
0.0171571321905357 0.0468036257203545 -0.0128346681072275 0.0280862881704584
-0.0172558689452994 0.0477050931179222 -0.00104159849603933 -0.0365830075115661
-0.0183183593072201 0.00982333750470021 0.0514794087807673 -0.0869525151855641
-0.0113368869539533 0.0214103592066279 0.0611807962694216 -0.0604619040642404
0.00434769658122984 0.0196743667377819 0.0434124373024965 -0.0676128787930138
0.0148537712779219 0.00367424088831011 0.00978214447940441 -0.0646344791307981
0.00915498357986944 -0.00930774777507354 -0.0218727458153376 -0.0524284364054363
-0.0020025141555455 -0.0129722149555521 -0.0406955000535669 -0.0314704454565405
-0.00786545969147526 -0.00976068112083641 -0.0414966762331794 -0.0167918595628621
-0.00770784840284001 -0.00652799068044572 -0.0291539976269885 -0.0224935172083863
-0.00925564246211679 -0.00605565116297029 -0.0225561947886397 -0.0359029882313672
-0.0083173447355313 -0.0129580470343466 -0.000663659296392221 -0.0520580803270836
0.00203850278040422 -0.0210237689000694 0.0340797422186516 -0.0523404836329654
0.0195210990673498 -0.0147016582686919 0.0589450270312733 -0.0070975348902193
0.0241900286323656 0.0133225680227099 0.0292657202385827 0.0327179987204313
0.00142815513798592 0.0296090969207776 -0.0100532700081907 0.0230020115527256
-0.0190269515045245 0.0179415417185014 0.00594946883791453 -0.0446768566879847
0.0149291562541116 0.00779309988336598 -0.00518549268312566 0.0631837340018395
0.00424849831326685 -0.00868820727992069 0.0339268029916402 -0.010794569608407
-0.00619630803744603 -0.00554068870882343 -0.0264686587605449 -0.0423899418993049
-0.00266742695006706 0.00312138191116562 -0.0719433187066186 0.00120753808121744
0.00159250191736406 -0.000798988368057482 -0.0430328508926631 0.0589363245553279
0.00110356777358588 -0.001914793400941 0.00394002924128457 0.0631246673479694
-0.000240976241374976 -0.00242106115677136 0.0249425446671823 0.0449304402991411
-0.00451154031744678 -0.00442214790051684 0.0342010918662837 0.0270485340417735
-0.00560199806418704 -0.00534090185942037 0.0415849499110694 0.0197572763588395
-0.00466982992092006 -0.00971111916977875 0.0428847243410833 0.0279174227475226
0.00490344876178209 -0.0111566225583665 0.0258662295172183 0.0517177629597423
0.0136384846170668 -0.00454917007990025 -0.00973177207825783 0.0671571349773343
0.0148728944066941 0.0058222727527703 -0.0405610539469956 0.0661401218516114
0.0112564519230602 0.0165022605629501 -0.0685777341483215 0.0601434231494666
0.00751035354960981 0.0287097474027283 -0.0589783231532801 0.0867636473517584
0.00842111616214078 0.0379905530887945 -0.00893485792056289 0.0543759651463636
0.0138637853318859 0.0139564987753488 0.0346691419131646 -0.0116888545637307
0.0120606825078265 0.00200961415714736 -0.0231780723793939 -0.0511182863693689
0.0104834573619442 -0.00551189537269281 -0.0736854462850303 -0.00724924389282033
0.00493173862353045 -0.017602215256905 -0.0481999603682233 0.0542799085166228
-0.00538146365598579 -0.0169443584583879 -0.00159595845242344 0.061220441703009
-0.0114571449766958 -0.0120969872904515 0.0200777615894218 0.0428109807350895
-0.0163582140991796 -0.0128114914526989 0.0295205530240381 0.0235392643494036
-0.0170067186502702 -0.0165632992025576 0.0358416912642493 0.0130356397447355
-0.0138305496006013 -0.0298119731555574 0.0424005370361094 0.0159668001673888
0.0105653376707272 -0.034733447243508 0.0361854902495904 0.037538815335166
0.0371201566740327 -0.0157363778716323 0.00611035459626245 0.063487185158756
0.042662336072163 0.0205394261856098 -0.027248965809081 0.0706975837909549
0.0214812885640868 0.051217534283451 -0.0563429956840732 0.0623273553959924
-0.00280827804115567 0.0661965155413977 -0.049601208156 0.0765360684972352
-0.0038244966239623 0.0643005159132134 -0.00807136374937718 0.0342159186707751
0.0198901737333299 0.0400264948253238 0.0373798733128958 -0.0169838296126282
0.031560039209757 0.0146062756699142 -0.0159127119005368 -0.0633601597115872
0.0278715133131461 -0.0129453819509693 -0.0726251661010309 -0.0219029675963171
0.0103475671031325 -0.0330179334342837 -0.0544408900689652 0.0423050129812287
-0.0108064027124062 -0.0316824487679295 -0.0106841915378738 0.0540253518717751
-0.0207539066717228 -0.0213303799344766 0.0116361077090618 0.0372989168012535
-0.0257819041173446 -0.0198588760982603 0.020840500380564 0.0173724105426474
-0.0265839958180377 -0.0244953543665925 0.0258539736998779 0.00372554552622424
-0.0231815273106385 -0.0427409989986427 0.0367483515279759 -0.000910544160865729
0.00825212647570744 -0.0534792522943583 0.0442702253814839 0.0150456620450445
0.0484430757695926 -0.0331860802905689 0.0272081930148994 0.0528444065285309
0.0668563513154929 0.0203744359790169 -0.00822758472126545 0.072127871827872
0.0367093463412267 0.072008032604916 -0.0426221570767015 0.0611263156432041
-0.00623025409551314 0.0924389736824035 -0.0383668953882631 0.0563882927346417
-0.0180079041167827 0.0813866961365968 -0.000505889282939016 0.00558690712702313
0.0195839144451374 0.0651099442760612 0.0430123863600442 -0.026344013615113
0.0475435483252626 0.032089469686421 -0.00324316183219015 -0.0750465470730259
0.0460811354616281 -0.0165146239276214 -0.0639684737856816 -0.0393643467636335
0.0177955367193332 -0.0454272719728988 -0.0566398035679387 0.0222141956523271
-0.0139408471119148 -0.0441730151649938 -0.0210301123028413 0.0401145820476045
-0.0274814253828854 -0.02869459871932 -0.000705758369230557 0.0277027054223213
-0.0314880441786744 -0.0232900130791728 0.0087837069032326 0.00871339214708767
-0.0318493402635552 -0.0273897316364246 0.0128408705959619 -0.00727071643294741
-0.0296128560571266 -0.0473842030125509 0.0268589378800896 -0.0182988576410481
0.0017906149283369 -0.0631784683884549 0.0454222055252824 -0.0103819201868782
0.0472483121726411 -0.0460564080810581 0.0440693660375556 0.0345654492462166
0.077794889103383 0.0113402001285386 0.00999359856956039 0.0660235821478994
0.0485557956149685 0.0765126381758767 -0.0307940245171921 0.0557292483698656
-0.00615676586696574 0.102924391638447 -0.0266399266406998 0.0302884689111951
-0.0308276532948146 0.0837136586993781 0.0126790014329892 -0.0271564826835439
0.011366862349298 0.0798840325199192 0.0485799312284934 -0.0382047672129043
0.0517467278875365 0.0484463137774177 0.0127923333637659 -0.0824395247316601
0.0576750582430177 -0.0126381389726011 -0.0455122072523655 -0.0562841162964401
0.025385538553138 -0.0491303261274255 -0.0531149465134078 -0.00336299718860941
-0.0131568290396707 -0.0495825786036667 -0.0304964941083196 0.0204348858920164
-0.0300345845062472 -0.0321513648524788 -0.0142981841907087 0.0151130929898024
-0.0319827149392107 -0.0235919392467936 -0.00397610642568362 -0.000769653447246147
-0.0317390817881176 -0.0256845082697627 -0.000890977823404484 -0.0168150601794038
-0.0299690415171761 -0.0452611753355922 0.0147761067750141 -0.0318381036638681
-0.00206561712334714 -0.0612169608004398 0.0410653547975324 -0.0316541828831217
0.0408663516897673 -0.0482595750130512 0.053418034304625 0.015555291105324
0.0743120567467117 0.00518481693784186 0.0219705884927297 0.0557300818913249
0.0478452110733748 0.0718363279551307 -0.022386620314407 0.0469222745860916
-0.00710382372819133 0.0970888033890396 -0.0180070526418205 0.00209076225605323
-0.0361630924173887 0.0707763186048462 0.029627338484289 -0.0581774256474508
-0.000340627764635969 0.0773719074314166 0.0552321958590205 -0.0502825365658693
0.0419431777444045 0.054302617038981 0.0285536741973316 -0.0816479840430989
0.0562729624423054 -0.00441534804749206 -0.0223577275392919 -0.0658570409501961
0.027446929259064 -0.0427873483140925 -0.0423140375616636 -0.027895627998852
-0.0100598527164261 -0.0456464894859597 -0.0375682477072396 -0.00220260903909213
-0.0271806637803925 -0.0296321273333555 -0.0275950407560515 0.00214555204205454
-0.0277329784741867 -0.0208050667058026 -0.0162235737427153 -0.0100930774719861
-0.0270154555603557 -0.0211645746810051 -0.0125979025721134 -0.0248866221345908
-0.0249064287553764 -0.0381533835006215 0.00481897834885989 -0.0425004283976807
-0.00174894598463537 -0.0519306064077386 0.0361817747478571 -0.0457361272346747
0.0343870163922973 -0.040048955191824 0.0569750941662161 0.00105125269898431
0.0607536390846494 0.00694410896778194 0.0276617164209562 0.0446731869943183
0.036100258768292 0.0614636306703467 -0.0169194852758641 0.0371402315997461
-0.0114866349915902 0.0777360493560606 -0.0096199289386828 -0.0213605963741651
-0.0314896281709079 0.0438061664052418 0.0447052160031233 -0.0800539272221293
-0.00887868047626189 0.0555961886794993 0.0610241874652512 -0.0589802238675375
0.0241738068454188 0.0439269521180954 0.0399378010676999 -0.0762181810538715
0.0405681288338383 0.00134002284369148 -0.00115266413156509 -0.068331192215391
0.0215514049454115 -0.0283060138009208 -0.030013281256802 -0.045505549315199
-0.00626081011957452 -0.0324914552851912 -0.0411554216758616 -0.0209979927891205
-0.0193437748773532 -0.0220848724397927 -0.0381566174156423 -0.00936377581633397
-0.0195684549036931 -0.0147444704258956 -0.0258305330482033 -0.0177974509300583
-0.0188702135554816 -0.0145336676369867 -0.0205339158158018 -0.031709511799272
-0.0167253122740748 -0.0268348122655927 -0.000583156423877758 -0.0494723665268428
0.000341009484017764 -0.0377874555996304 0.0333740302864743 -0.0527056158415301
0.0276747549265154 -0.027932778460283 0.0586870511495423 -0.00678482108240084
0.0437433768944961 0.011197955757825 0.0301465397736233 0.0373309232985966
0.0187740177115511 0.0476082450988762 -0.0123215179976702 0.0292839025147034
-0.0167526548364584 0.050408766799606 -0.0023050681286854 -0.0382316056377007
-0.0191032993105773 0.0101274301035518 0.0518044073311017 -0.0905673903288861
-0.0111466057670518 0.021925013793086 0.0623321376812046 -0.0632020159139286
0.00545210409166201 0.0204613439282479 0.0436530835945302 -0.0709874719039162
0.015378183097455 0.00344788530219087 0.00947124948704709 -0.06754347684392
0.0087664375852474 -0.0101567825841483 -0.0233603416288457 -0.0538893231497974
-0.00225629080111445 -0.0131932975706114 -0.0435454758786308 -0.0312394798661279
-0.00863475625225523 -0.00998915195122983 -0.0435745812263637 -0.0166922178605267
-0.00800259897839315 -0.00674762922832495 -0.0311272605290644 -0.0223101325666107
-0.00957576000379651 -0.00626916601473002 -0.0242255910190861 -0.0361313811712877
-0.00923735042091569 -0.0133039249876574 -0.00206550579138367 -0.0538427516931163
0.00157045016890951 -0.0219191947507722 0.0335882535809301 -0.0553118057923856
0.0190964138711892 -0.0156573348216581 0.0608450512039017 -0.00849184029408569
0.025893598881797 0.0134385283036003 0.0308016098193166 0.0342905472588701
0.00208831949703492 0.0305645501261957 -0.00949780695887394 0.0235911691861949
-0.0197600428533353 0.0186137799657996 0.00496584817735256 -0.0466093277698314
0.0152915297301707 0.00670977229054429 -0.0016470488827035 0.0646321897614507
0.00364942536063553 -0.00878228369823807 0.0342934155679803 -0.0127345332989534
-0.00626483542329687 -0.00527330260205224 -0.0284894065839568 -0.0426389570124731
-0.00271865237036572 0.00340420060702912 -0.072499554619086 0.00458983979528874
0.00159431035879578 -0.000855068965485808 -0.0405393105264749 0.0620953097746595
0.00104566766949625 -0.00213109852546742 0.00743337384896004 0.0630379476318822
-0.000491468806068378 -0.00243488995806288 0.0278741716396395 0.0439960321594664
-0.00491690237413872 -0.00406109072194087 0.0367858474470233 0.0259515870654364
-0.00612701350793526 -0.00543128460183714 0.0432339727906138 0.0177890544712417
-0.00574670898647956 -0.00925256108417166 0.0445947986359793 0.0263405951810249
0.00419279668277262 -0.0116223480844148 0.0286269676362997 0.0510019263762498
0.0137576678227436 -0.00542970601163127 -0.00674366854063438 0.06802270921872
0.0154505925447135 0.00503103218713119 -0.0380791705055731 0.0683260537797194
0.0120455630713941 0.0159843913273781 -0.06703561234433 0.0641664764726284
0.00900855348574005 0.0289358801031955 -0.0556845018354761 0.0899816647318138
0.010094562152014 0.0378630231958013 -0.00572883917167442 0.0554180197963335
0.0144401275564168 0.0133268384411794 0.0350981098456807 -0.0137915008796261
0.0122870484122467 0.00133011151727844 -0.0251917130734807 -0.0507995540781637
0.0104069721655049 -0.00603112948205958 -0.07473700100284 -0.00404775205144329
0.00395791040092425 -0.0176521524007913 -0.0464348079042328 0.056933640838956
-0.00668371456731793 -0.0166813282923024 0.00154545504259745 0.0620189596438733
-0.0118732510928139 -0.011633691583411 0.0225721354958919 0.0420759025712672
-0.0174124568062874 -0.0121542378564621 0.0314066840891947 0.0225797223419066
-0.0189379139871407 -0.0165509467076185 0.03722861435771 0.0113860843178116
-0.0158456797157885 -0.0289559465335958 0.0433167699960187 0.0142014911155254
0.00904570821591694 -0.0359530892528184 0.0383493310161147 0.0361382533347941
0.0364817113423759 -0.0182188401849039 0.00898616382001912 0.0645028992900689
0.044413150379491 0.019006482584527 -0.0242355962183534 0.0727868279166004
0.0237097999010403 0.0508100011689235 -0.054497445968277 0.065100009276249
0.000106136408847498 0.0670423507300903 -0.0462613422021052 0.07882939982546
-0.000771225173694841 0.0647197583115592 -0.00556664124181919 0.0355752769257166
0.0220910430636488 0.0391813738219368 0.0384649668189297 -0.0185815090852851
0.0325664159606374 0.0137822026620209 -0.0183300923843568 -0.0634796888222404
0.0271065999981651 -0.0147065358868438 -0.0739118721579316 -0.0184084617107476
0.00841521706835004 -0.0337184025139846 -0.0527086070670901 0.0449168836318871
-0.012622400841581 -0.0316008233174552 -0.00807528643451176 0.0549330286835303
-0.0220909422300817 -0.0202139549338299 0.0129378639209193 0.0367603129521761
-0.0269892933242461 -0.0189220597377926 0.0215142809513563 0.0167987106779454
-0.0284996499903374 -0.023394178617317 0.0265155517191155 0.00256512809343264
-0.025845726122271 -0.041776179956729 0.0368364484311815 -0.00279036978867351
0.00577369478902243 -0.0548053292639787 0.0449401431762803 0.0129359898591287
0.0467597452958327 -0.0360049555430656 0.0295919723956756 0.0527297884905853
0.0680556648980831 0.0173071378024916 -0.00490023663544557 0.0739068034256788
0.0406939486511082 0.0710251419969676 -0.0405359866301331 0.0633614654292401
-0.00178230771750538 0.0938390139774325 -0.0352023228981094 0.0579843514999537
-0.0146691058446293 0.0825166667348101 0.000183055765747077 0.00623356974296533
0.0224564058100522 0.064353972047636 0.0431652432481249 -0.027541396520623
0.0494121995778733 0.0306218289851442 -0.00606973368641773 -0.0762988762969778
0.0450761256884435 -0.0187313105171968 -0.0660029771583687 -0.0370573973026881
0.0156528643536634 -0.0463608846189663 -0.0564509952943218 0.0251322301945578
-0.0161781110567249 -0.0434998076323774 -0.0192484653572489 0.0416037815696243
-0.029240886450711 -0.0275433949091361 0.000956645134621918 0.0278999492082594
-0.0327436850560635 -0.0223415874921259 0.00936316578727437 0.00842611383586261
-0.0335568538144387 -0.0258864223567711 0.0126052086733713 -0.00743498514516761
-0.0330959139043264 -0.0461127377714052 0.0255708250586841 -0.019427768314178
-0.0015830887843853 -0.0637244142050528 0.0450198530207502 -0.0126869279029516
0.0455360216787578 -0.0490874577191648 0.0457366780320673 0.0333676958120857
0.0793994471505414 0.00798282203100385 0.0133264215509577 0.0667229706915436
0.0525178999345545 0.0752325341243589 -0.028533523931881 0.0576516499006988
-0.000839983972172274 0.104496974232139 -0.0250054295515841 0.0310155582032537
-0.0273900542548396 0.0856827633927705 0.0122426235959331 -0.0279269929728437
0.0153903733757882 0.08021017164293 0.048598921451618 -0.0400973904340594
0.0550133193693694 0.0467971716109376 0.00920464524664793 -0.0837911908467101
0.0580876786184233 -0.0156233205014939 -0.0488417369494011 -0.0549562994543591
0.0228480096385978 -0.0509324576555244 -0.053596720206129 -0.000967077988869993
-0.0159558070099469 -0.0494997162337815 -0.0301448218350318 0.0217508873435792
-0.0318694152383512 -0.0309134282744361 -0.0138997067736565 0.0162386757931869
-0.0332791453199968 -0.0221818343437015 -0.00417559561964843 -0.000383047815250892
-0.0326270475842944 -0.0241479044173309 -0.00178081901938731 -0.0163897073261189
-0.0331180105924222 -0.0441333271872627 0.0132986562577059 -0.0332057218995415
-0.00568667440049579 -0.0622796567034821 0.0394699733666685 -0.0337937154035473
0.0385798689545906 -0.0506329018059553 0.0547047942864898 0.0130762565687266
0.0756397121149138 0.00139044510012499 0.0250039173724326 0.054847480923089
0.0518278399670223 0.0704098057114079 -0.020287299215637 0.0478700544168189
-0.00203240556062243 0.0984102669232676 -0.0181150682146794 0.00242265596689452
-0.0332086198427502 0.07235648512196 0.0278681215062234 -0.0592223339206451
0.00353623336843728 0.077233847154684 0.0544364064838271 -0.0523802037574968
0.0453082338925133 0.0529393712668863 0.0256443048282479 -0.0836800194081211
0.0567085012753417 -0.0076904672462494 -0.025330081034653 -0.065945051468592
0.0250862107303101 -0.0445295269644752 -0.0437670051330497 -0.0264282062252561
-0.0127135618565484 -0.0451692101776596 -0.0379814470982476 0.000241627477702088
-0.0292408699861609 -0.0285984885997006 -0.0278457437888667 0.00393312907849993
-0.0289260095194384 -0.0196815328463924 -0.0174402958681934 -0.00947899937336319
-0.0280886172449561 -0.0198110963707394 -0.0141900757372022 -0.0239266643662637
-0.0275884716129357 -0.0367637976004613 0.00273145615189554 -0.043069316619321
-0.00450927376952387 -0.0522436246124038 0.0332285509396207 -0.0476221301106565
0.0324382928936171 -0.0422940146046822 0.0576672475179966 -0.00151576059966693
0.0617922214675162 0.00426728422969618 0.0307706951426628 0.044192752075428
0.0389894572450457 0.0601193082269044 -0.0150694688005264 0.0385076742792943
-0.00736504915437943 0.0790179420979778 -0.0112076684318852 -0.0219836687629968
-0.0296875205697975 0.0458255907983372 0.0413369932613252 -0.0822739061446678
-0.00649682244651788 0.0558899925623206 0.0593722599781557 -0.061299594279236
0.026692881161527 0.0432742341665046 0.0370876936395759 -0.0782600910594887
0.0404766175363412 -0.000658270391899554 -0.00400989614328099 -0.0687793581750921
0.0198804958723351 -0.0300232528878547 -0.0321884178837005 -0.044801242212814
-0.00814994167323133 -0.0321253300371299 -0.042996124435006 -0.018817642129712
-0.0212390914020671 -0.0208102892091218 -0.0390323686038839 -0.00747278770380617
-0.0201062343538179 -0.0143854884292826 -0.0272905357613943 -0.0168245378225352
-0.0196541495549583 -0.0138058001721837 -0.0223195433362923 -0.0309985619976882
-0.0188463333021719 -0.0261334123531527 -0.00287416021071051 -0.0499731103175523
-0.00164375197894895 -0.038028767220589 0.0303847957246848 -0.0546921014226765
0.0265642314250531 -0.0294562337188843 0.0593701846823207 -0.00953643502162131
0.0447219085893558 0.00942623138270595 0.0329751781442867 0.0368983336882029
0.0213516317460265 0.0475538627683329 -0.0105261178785633 0.0299331714063895
-0.0141414206619825 0.0516990802174092 -0.00461731704513187 -0.0383749277112089
-0.0187968648376528 0.0107917798479022 0.0482214191701983 -0.0936810874102969
-0.0102320011901084 0.0224756051741313 0.0605936321569332 -0.0663100678856783
0.00633686723487618 0.0204406007878196 0.0413529876632515 -0.0727994986821267
0.015748448259809 0.00198133139749433 0.00707554612577164 -0.068692143716873
0.0083373441551348 -0.0106099249850335 -0.0261971186013541 -0.0536721314831424
-0.00302240232244565 -0.0128165416710887 -0.0457304470674258 -0.0291153931732933
-0.00966840651880805 -0.00925829634885042 -0.0454928755251501 -0.0136437078541947
-0.00852560263274913 -0.00663646062514622 -0.0335222913024273 -0.0212000343962014
-0.00936693248345241 -0.00585293409521074 -0.026258198267744 -0.0353827540897794
-0.00961774975100364 -0.013171836372076 -0.00457415020061274 -0.0543451200535264
0.000268773170609428 -0.0219730903955044 0.0308068540107658 -0.0574815989821273
0.0184820190227706 -0.0166039654663137 0.0612087616125503 -0.0117172657985796
0.0266680718222266 0.0121285562261591 0.0332622800205901 0.0334827688437556
0.00368757871969439 0.0304558657447623 -0.00888326290324535 0.0243502697759155
-0.0182145591352587 0.019685954071955 0.00201604852670562 -0.0469102225032384
0.0150777389538651 0.00591614366863934 0.00236127756864331 0.0621693809798756
0.00281678741697717 -0.00885504507095333 0.0336568599257534 -0.0147028460369698
-0.0067536989102956 -0.00480292595073532 -0.0287967830990274 -0.0398586230962026
-0.00229058392831225 0.0037458187863334 -0.0706637841481126 0.00759678498667147
0.00126969708414894 -0.000978335014397156 -0.0368488729314608 0.0621165267398092
0.00134110140078733 -0.00210576580459418 0.00982126833180868 0.0608761427083774
-0.000211296929138093 -0.00287427762986346 0.0287054235504251 0.0415430307942857
-0.00489678950065028 -0.00389235768375297 0.0372675160907805 0.0236905557741238
-0.0064749954560903 -0.00483760497737221 0.0431217005883224 0.0152216174402051
-0.00569832316975629 -0.00908970299067498 0.04467585587055 0.0241330846194232
0.00369288245283456 -0.0118854632462597 0.0298670240369555 0.0487549159471008
0.0132798640749526 -0.00554027537948676 -0.00412005439685637 0.0673252508257696
0.0147101905068438 0.00516837559981048 -0.0350477455342233 0.0676798052090393
0.0123362940057712 0.0156833017939314 -0.0632513368850945 0.0650679088675408
0.00973461499065519 0.027592203539924 -0.0498794458855746 0.0895958828700299
0.0111416287631008 0.0361852896949934 -0.00224270155932065 0.0538027656164754
0.0143144258232202 0.0119571704618688 0.0346208088657659 -0.0148997743640326
0.0121120591373868 0.00112346984956973 -0.0265593688590019 -0.0491295706964118
0.00968340452959626 -0.00667712502352575 -0.0731315479514467 -0.000576169034501969
0.0026948736135656 -0.0173586411440236 -0.0424804682449614 0.0573095960659305
-0.00714133872412361 -0.0161159721568377 0.00408490569368547 0.0598377482323366
-0.0118381616214523 -0.01052486065904 0.0242096569813805 0.0403361580732983
-0.0173685784740205 -0.0112989862080081 0.0317987463277144 0.0207848936439903
-0.0190727631004859 -0.0149680370341512 0.0371828720939257 0.0102795154644045
-0.0168059427376688 -0.0278507683982953 0.0425938522584558 0.0120527944975996
0.00661871694684321 -0.0354038415519199 0.0383695584510016 0.0336137776380278
0.0349051145372506 -0.019534844496352 0.0114945233722393 0.0632837313499843
0.0439841834569917 0.017323957144688 -0.0209562070663407 0.0716724952230103
0.0247836630165607 0.0489946132177725 -0.0506456797201024 0.0658432536306325
0.00309303878441006 0.0654128576169875 -0.0414089240267274 0.0784542750313049
0.0015260657380905 0.0627364249212748 -0.00273850248536165 0.0346422062987205
0.0228066278138402 0.0371652968858836 0.0378100132475105 -0.0196778029450607
0.032293853314551 0.0114038892467031 -0.0202420396487289 -0.0615545890458327
0.0256754684485261 -0.0155956985307276 -0.0731526992254452 -0.0153803372295508
0.00622573876073988 -0.0330778386508183 -0.0497300115940445 0.0459905509434119
-0.0138777694581513 -0.0298526991359538 -0.00515937291611867 0.0537876633244458
-0.0224110925775621 -0.0185462261630085 0.0148455456377156 0.0352306936378249
-0.0274112521194635 -0.0170265783303502 0.0220429744368316 0.0155125906241742
-0.0289742307915109 -0.0214982486383899 0.0262750612411122 0.00141911974847025
-0.0275308361979005 -0.0395231097125376 0.0357186076852729 -0.00427661636214453
0.00222093138497033 -0.0538012771754387 0.0437995462590895 0.0112058217065252
0.0440286827614023 -0.0369011341271748 0.0311319048473049 0.0500005104770899
0.0675776414161472 0.0147491013278581 -0.00155562879845613 0.0717438476582127
0.0422004367608379 0.0678768013616566 -0.0365461754488592 0.0630562761855261
0.00264587978803051 0.0917189545676425 -0.0315535477774218 0.0576900129296581
-0.0113164208887508 0.0803779721321461 0.00197026491483909 0.00659984359967738
0.0246383921775765 0.061794338368807 0.0420032655498685 -0.0288716218027624
0.049520697129196 0.027620070825389 -0.00865216952922247 -0.0737316371555598
0.043347991438008 -0.0201126450750928 -0.0654270784553187 -0.0342786529676007
0.0124955851696277 -0.0462394770576345 -0.0534546024812016 0.0266509066696117
-0.0183075639159273 -0.0412556235892413 -0.0164326515643845 0.0410926543768102
-0.0292041284560402 -0.0250755098017867 0.00224743926188816 0.0272566742737856
-0.0323895475801977 -0.0204417472613456 0.00930134551335609 0.00791334215297887
-0.0336782961977267 -0.023913551427898 0.0120339968650342 -0.00727950096875472
-0.0344843783917877 -0.0435533937121992 0.0243864952400983 -0.0198879688012222
-0.00496604157521262 -0.0622778383391702 0.0422559656959903 -0.0142353149298251
0.0419211484321365 -0.0497624950923335 0.0465455601286612 0.0307081740243806
0.0776170745322288 0.00456276549331593 0.016024433038061 0.0650012155627747
0.0541725427121502 0.0714105918843629 -0.0252396534420462 0.0567198585778792
0.00399162860228046 0.102112513503883 -0.0227278295061112 0.0307190510791693
-0.0232906839986016 0.0842957018902027 0.0115116433017603 -0.0266443135781766
0.0180301907516756 0.0770170937969237 0.0464706435887805 -0.0400531580201066
0.055510239919685 0.0434466120024592 0.00628119728503838 -0.0820908692839582
0.0554952859724549 -0.0179157608160437 -0.0491653970306993 -0.0524958375413919
0.0193034944005363 -0.0508542972926856 -0.0517546672121521 0.00103132137877997
-0.0180097591602107 -0.0463895924660162 -0.0277164731571103 0.0225619050186269
-0.0325774593569275 -0.0280258694649861 -0.0124828253861996 0.0164182821683493
-0.0336161090510628 -0.0203646588127128 -0.00451627419304473 -0.000172163361572997
-0.033182793961411 -0.0224344396007115 -0.00223553714344319 -0.0154651515539775
-0.0349558676603988 -0.040855651735998 0.0114327742852761 -0.0327232847980863
-0.0085067598849704 -0.0601037049421641 0.0357501576986362 -0.0343789128162044
0.0352878335272983 -0.0509074582228511 0.0535790910857999 0.0110556114520008
0.0735795050553625 -0.000864660020154906 0.0274878854466318 0.052846351533758
0.0536711082127365 0.0662759897889258 -0.0183013143651871 0.0473820615178062
0.00220486241390831 0.0958845662255104 -0.0167667281784542 0.00238059932436622
-0.0294698208975369 0.0719082005972113 0.0252055553711298 -0.0583447989940889
0.00642192068308882 0.0748431046377103 0.0516147593361919 -0.0526803220403894
0.0464126351357507 0.0499648028166071 0.021818615612995 -0.0825092507924417
0.0547778731822778 -0.0101831711794413 -0.0270284264385743 -0.0632819029715394
0.0220776999660566 -0.04491201008066 -0.0436696512264605 -0.0241975650038674
-0.0142715648415569 -0.0428424885585692 -0.0369566376434568 0.0019711837021895
-0.0295325219928921 -0.0259185428244303 -0.0271836814066298 0.0046329197324723
-0.0291030073884893 -0.0182456398109453 -0.0177613681474935 -0.00815251803678041
-0.027545067453429 -0.0183240788399876 -0.0143627764476248 -0.0229196948567418
-0.0286565939031545 -0.0343079338226231 0.000379291797755232 -0.0418731322626465
-0.00726038897553415 -0.0505221672625655 0.0297796690169449 -0.0476833490041283
0.0291596338219185 -0.0421519237404583 0.0561659521785334 -0.00378267446268778
0.0606737338258562 0.00162591474685677 0.0321405146362565 0.0421399754149078
0.0406615542659668 0.0567778745572854 -0.0129952851443056 0.0373834082416544
-0.00340285777746694 0.0772441218018199 -0.011982167900498 -0.0210848908071408
-0.027180981814697 0.0453670563942932 0.0375341697480304 -0.0811127629629509
-0.00352996606499455 0.0541489303310959 0.0559358584684695 -0.0613011380705271
0.0278967783680861 0.0412603699766018 0.0331457856648823 -0.0776902812401677
0.0394057365484636 -0.00249883910300106 -0.00608420798857625 -0.0671433787731798
0.0178744399170614 -0.0301596439876611 -0.0331535821252816 -0.0431127950177246
-0.00913220000460617 -0.0302830952939434 -0.042330192562889 -0.0160861099768178
-0.0215421263295493 -0.0191303637330138 -0.0384554501500116 -0.00579984898913469
-0.0203914964738727 -0.0134241676262533 -0.0275575722924854 -0.0152575921320291
-0.019362458765265 -0.0129409392048373 -0.0231762403412298 -0.0290904210276626
-0.0194336932218588 -0.0244081672345752 -0.0058537345772293 -0.0485466736351825
-0.00336161276860715 -0.0368722752649959 0.0265713665354683 -0.0544365282349682
0.0241128435036847 -0.0295373077014632 0.0574404616937141 -0.0112503918258141
0.0442032391186988 0.00726843076691215 0.0339725589072743 0.0348439472695648
0.0223699480434668 0.0449705228591569 -0.00959988875125641 0.0287617357228643
-0.0110275095228753 0.0507809561959313 -0.00621783133749556 -0.0373122625167436
-0.0176645346115859 0.0109986680025915 0.0429518649199637 -0.0926975237732433
-0.00865395856399277 0.0216022004192905 0.0559755328939038 -0.0665134059730512
0.00750205906271364 0.0193346779844349 0.0375549232416883 -0.0726455702415382
0.0152087149279512 0.0015017400883514 0.00409167006183891 -0.067656898324809
0.00753919580826267 -0.0106685373791705 -0.0275063970128766 -0.0517864006033727
-0.00320846185568008 -0.0115339214350527 -0.0458390935085914 -0.026137107686578
-0.00966022834897624 -0.00867926001124547 -0.0455801369147985 -0.0111889835478294
-0.00842635043641787 -0.00595825891759733 -0.0337094696784826 -0.0191596417176881
-0.00922322878777067 -0.00564949100643067 -0.0273278794822158 -0.0326665019882804
-0.0102895371730183 -0.0124824215048226 -0.00749097079316153 -0.0524464173907214
-0.000886470306567757 -0.0214737286905089 0.0271301873168753 -0.0568927013961796
0.0168380557867446 -0.0175200533972791 0.059022566547686 -0.0130648862435198
0.0267831489102854 0.0110320149682991 0.0337899228231891 0.0316324303778541
0.00483821321693432 0.0296142689057099 -0.00799327387854461 0.0240457647156287
-0.0173153629109018 0.0200488288346482 -0.000428014706407241 -0.0451154742444011
0.01285500552437 0.00707512244953867 -0.004323649871715 0.0589460049038615
0.00396570303675132 -0.00764065123213726 0.0347578843018054 -0.0107507085379731
-0.00567819415053725 -0.00559348030813622 -0.0215859282296292 -0.0426394397391563
-0.00306369390793514 0.00278752498862174 -0.0665353576724682 -0.00132644246285838
0.000892197696416706 -0.00112126762652403 -0.0417060125730061 0.0538196956444081
0.000967227362311508 -0.00260427053852072 0.00259426297947692 0.0584676210512603
-0.00011951656732013 -0.00302281756081794 0.0228548290794791 0.0427011621344004
-0.00460857038373757 -0.00467306804375467 0.0325973809573831 0.0273256716229305
-0.00543866723800704 -0.00584948263730525 0.0396468399312041 0.0201373798856691
-0.00452314646053954 -0.0090986979704371 0.0398053791145602 0.0282074931538919
0.00511864417982649 -0.0113985097077736 0.0223181247803205 0.0516430377203047
0.013898732141313 -0.00460573600486964 -0.0127714567310878 0.0649315945396906
0.0152339057687441 0.0063304150720047 -0.0439085060891415 0.0598662338136533
0.0106548274712385 0.0169472511873518 -0.0704114780374448 0.0541161542158029
0.00640536474835836 0.0278210687366887 -0.0613544884198926 0.080012519743765
0.00500188143970396 0.0342258183457613 -0.00934965635962098 0.0515511726370137
0.0114700123833231 0.013520003706404 0.0354228976775652 -0.00922693852812975
0.010660177106815 0.00278067653531968 -0.0179698970119343 -0.0484695251339691
0.00991255726597732 -0.00473618072623065 -0.0672668638494137 -0.00959098749540062
0.00480549218406835 -0.0159468429951034 -0.0460564664117603 0.0487378667026942
-0.00484708828038325 -0.0163089674038305 -0.00241727508911458 0.0560469554468606
-0.00978483393378555 -0.0123780222008754 0.0186760003134263 0.0406772115581976
-0.0153905936377473 -0.013162652910781 0.0279225027468652 0.0237870156928404
-0.0163875602867814 -0.017423086840296 0.0342795957494515 0.0146795045642469
-0.0126923961612522 -0.0283887084267529 0.0394449655902242 0.0177519591323375
0.0110318265411447 -0.0337542617062013 0.0316531384445437 0.0393049397590046
0.0365297029097589 -0.0149464585793694 0.00187221063211236 0.0629713446765108
0.0412547520653303 0.0217565535208062 -0.0313036313419583 0.065485093718964
0.0184291497514029 0.0503209695411565 -0.0589535169669462 0.0546570509100494
-0.00392237190554418 0.0635536496019698 -0.0518538387401626 0.0684527880928542
-0.00722347365603675 0.0581969861406364 -0.00973514722967767 0.0335293927696974
0.0158015617577864 0.0377028581427695 0.03781761855598 -0.0120228373965863
0.0286262883482008 0.0157763196906823 -0.0109359532969997 -0.0581136486023938
0.0262418938641474 -0.0107176675623495 -0.0651279158187357 -0.0219797363557219
0.0108740818761963 -0.0308598804800316 -0.0506242094327616 0.0377942768923665
-0.00933899236343728 -0.0302609399998444 -0.0102281075264419 0.0489382874039195
-0.0187880510518777 -0.0209961655023142 0.00996272749595615 0.0352100751140898
-0.0241730448280884 -0.0200854143133062 0.0192462729919598 0.017890299526174
-0.0248427908441196 -0.02437500891245 0.025208387863114 0.00523438464054253
-0.021827815743092 -0.0408525810316905 0.0349293533004306 0.00192441909497805
0.00898557690252119 -0.0512326756884139 0.0396730289282369 0.0183076016310647
0.0470090329558624 -0.0309054348042592 0.0224052814812599 0.0542022844606021
0.0640743685768498 0.0216257693351209 -0.0128990046068047 0.0679370071537859
0.032865966837585 0.0702015343665495 -0.0456553471609118 0.0535380756857663
-0.00799446529263995 0.089200349698795 -0.0399286415547069 0.0483211297188685
-0.0212603582988796 0.0730710129575852 -0.003767089252043 0.00796380890716963
0.0141062811427871 0.0605944669818624 0.0421770612570381 -0.0192082915209243
0.0421406893730172 0.0327904687488768 0.000505345184747132 -0.0676201141894233
0.0438611031444017 -0.0132637438236249 -0.0557737882471715 -0.0379994184341236
0.0184201567378682 -0.0415050787035608 -0.0513779157877044 0.0193470367052321
-0.0116974337911118 -0.0414544544282354 -0.0188883177993197 0.0359208616764984
-0.0248946962807412 -0.0273955579898995 -0.00068946409500381 0.0257446896290611
-0.0288362717866217 -0.0238104979038014 0.00798924672089897 0.00879325805172256
-0.0294350732102251 -0.0268891243033902 0.0129185398160341 -0.0046915908594662
-0.0277299034123862 -0.0455715940118993 0.0257605310759116 -0.0145211393907689
0.00289234731149756 -0.0602766629972991 0.0411282402308058 -0.00554778728470406
0.0465085291306826 -0.0430254127631656 0.0403917467769921 0.0376239609251292
0.0748312820781121 0.0131200173656038 0.00506488045372964 0.0635774299044646
0.0437158316940103 0.0748992326952743 -0.0339176923627191 0.0487025253246676
-0.00789957335007814 0.0990688427092476 -0.0284109120773972 0.0230175007949023
-0.0328093470796638 0.0751007682966865 0.00836107162943029 -0.0228769995106332
0.00582020460278095 0.0739246191147604 0.047072686461925 -0.0292337310434231
0.0460370365907574 0.0485067714470072 0.0148192654239653 -0.0720357812162083
0.0548615650806186 -0.00879604650151933 -0.0384256372113118 -0.0517127363662743
0.0259644684787166 -0.0451351457437475 -0.0467587643202406 -0.00381203406313369
-0.0108930288017356 -0.0463270600177063 -0.0275423278814013 0.0168929621376447
-0.0274200367201818 -0.0306242722304375 -0.013549464265008 0.0140558084752259
-0.0297342881205932 -0.0241225169789962 -0.00486895902742491 -0.000580998655996162
-0.0283907395108044 -0.0255462833170331 -0.000149204272931599 -0.0142001737114393
-0.0281992789938967 -0.0429798495044827 0.0147199803503521 -0.0282299267596641
-0.00104423325620196 -0.0588294527314668 0.0373983472607612 -0.0261090357434656
0.0395462102784683 -0.0451565154643731 0.0499921166109991 0.0190460848959616
0.0714628401468376 0.00730317577650171 0.0176988836442662 0.0539554801008686
0.0437073465977527 0.0697572816775491 -0.0254993675514992 0.0410291958267568
-0.00837876793069408 0.0931646364722564 -0.0194444503523692 -0.00359753922323319
-0.0367834218073607 0.0623523255312541 0.0253546430898497 -0.0510189990145799
-0.00461628534432084 0.0701720299709598 0.0528547133732376 -0.0407296199897226
0.0365526211130612 0.0538946396703521 0.0288887317927611 -0.0708257129805625
0.0532251948699259 -0.00121410521164814 -0.0164750555470405 -0.0604849802376406
0.0274615361705103 -0.0391968685094405 -0.0365340629734201 -0.026783908085839
-0.00758467812395447 -0.0418670849168958 -0.0335055145426805 -0.00367392266208183
-0.0249867940279715 -0.028154635868796 -0.0260312951788176 0.0016145816699389
-0.0256161675960836 -0.0215603813840706 -0.0159043860697336 -0.0101354005706259
-0.0239959798915421 -0.0212888080569686 -0.0112884210156572 -0.0231468197010445
-0.0235077034106053 -0.036012216721377 0.00565016897931359 -0.0385663261830517
-0.00147099797700527 -0.0490376079767424 0.0335010814861913 -0.0399345293582624
0.0326198582674026 -0.0373542140098904 0.0542376796663064 0.00477076537410839
0.0584373422559824 0.00768561327865412 0.0240374074112532 0.0446505962660281
0.032489208694103 0.0593807615499834 -0.0191022550289241 0.031857498587284
-0.0121951892040097 0.0743246265166582 -0.0106223140195912 -0.0252330832035863
-0.0314889090983164 0.0386408750241711 0.0407194079556903 -0.0720883185555956
-0.0110583162645849 0.0496961880006907 0.0579674799874306 -0.0491910140176761
0.0205897356914788 0.0425171931487181 0.0391236232392952 -0.0658679797340957
0.0376321059436491 0.00361573162459534 0.00265157577476028 -0.0617102892687878
0.0214425849309191 -0.0261052084296882 -0.024904290769177 -0.0429658424088051
-0.00446335507431091 -0.0293988769207795 -0.0375557558298082 -0.0208495605090366
-0.0181390829460939 -0.0199812414573668 -0.0355536132833462 -0.00940035686210191
-0.0178783443389709 -0.0154422683047206 -0.0251619428034497 -0.0179014494013121
-0.0166625186560542 -0.014323661541945 -0.0189101317966081 -0.0298550739026225
-0.0155277557549146 -0.0253958467503683 0.000247505668572535 -0.0451426504975082
0.000752858517639582 -0.0356319622549493 0.0317944065038513 -0.0476909116948769
0.0260113133358109 -0.0256535936275226 0.0560795181037392 -0.00297452779248831
0.0419381108615761 0.0120651989820098 0.0273278663148561 0.037668772758593
0.0167850025781479 0.0457671044699455 -0.0141119611751777 0.0251052720445719
-0.0169546994671895 0.0478317825040483 -0.00301635991348776 -0.039554723968332
-0.0177754259702387 0.00778146266684618 0.049575249206001 -0.0822233060731387
-0.0111220738659233 0.0185999432894402 0.0599918673012392 -0.0550740745943263
0.00411489794070313 0.0195787787751467 0.0433483476261324 -0.062543688198798
0.0143176837284778 0.0040785929376094 0.0123576583538437 -0.0616643704155942
0.00854310013071392 -0.00917799240872424 -0.0190889090824661 -0.0510395766363853
-0.00124218814839532 -0.0112496473122443 -0.039920131272527 -0.0302049500324653
-0.00796841635856494 -0.00876432503477637 -0.0417543777540692 -0.0158644008826003
-0.00738333171108675 -0.0074139825482555 -0.0301858262493376 -0.0223328468093622
-0.00762783162692936 -0.00634860988854326 -0.0221840857984787 -0.0348488064281886
-0.00796604907151617 -0.0121254527035437 -0.000386210163210831 -0.0506632023932538
0.00158779283480128 -0.0201256435120561 0.0326884382503801 -0.0505219408669383
0.0176193032012634 -0.0140553162157618 0.0586424630922864 -0.00496844102858301
0.0243513496986106 0.0129158746618795 0.0280946280156212 0.0349922817789066
0.00146775603158015 0.0286171174025495 -0.01113938415503 0.020913975299891
-0.0190019664872441 0.0172716679105529 0.00503253892957402 -0.045633094591558
0.0117416276964039 0.00729370158054405 -0.00440762630052936 0.0573528186054407
0.00398109807781886 -0.00735830750668246 0.0348192493380398 -0.00987405111784841
-0.00563167021769779 -0.00533777727935677 -0.0197018135361033 -0.0423940889678456
-0.00255277824101542 0.00249736531343255 -0.0653084619059704 -0.00331708194268117
0.000662184309594238 -0.000885862635437746 -0.0417441108622342 0.0520543918996737
0.00087732360259972 -0.00268533374931138 0.00127419814011111 0.0568805107241782
7.82882847385626E-05 -0.00318863264969862 0.0219101315795668 0.0421627986746777
-0.00446081904345687 -0.00468878509451136 0.0320278289852807 0.0275214992120445
-0.00578315636233087 -0.0059955105960659 0.0390277886492341 0.0206566038774036
-0.00453699237874715 -0.00962770664847852 0.0386250169809986 0.0285142448481322
0.00536300951242942 -0.0112788347386771 0.0207944791314135 0.0512667482815146
0.013331493648104 -0.0043425264081083 -0.0140169467129304 0.0636671367207793
0.0146484497242867 0.00721461634482975 -0.0444743372216811 0.0570016348279732
0.00991272473040201 0.0168520871267602 -0.0704831480930623 0.0507858909300875
0.0058739372980322 0.0271237200109552 -0.0614767075135951 0.0765357733622224
0.00417291256902218 0.0339354878721948 -0.00958209880869101 0.0498351793130659
0.010628761905076 0.0134401303944388 0.0355606595367889 -0.00884908958696095
0.0102493091787488 0.00311472535410221 -0.0163492396009821 -0.0485883299021408
0.00959573581491133 -0.00442804433109272 -0.0656716788091125 -0.0108222063851991
0.00487474770830805 -0.0154450895203334 -0.0458033978926425 0.0466056506772023
-0.00461777441953604 -0.0159829180380418 -0.00305505088668498 0.054698771952069
-0.00924923061366923 -0.0120096525917538 0.0175722037862432 0.0402284616260731
-0.0152471739456061 -0.0131478362217248 0.0270294256848402 0.0238255973441107
-0.0161110478817 -0.0169615847085819 0.0339935991058717 0.0146396725897536
-0.0125237851374191 -0.0279632317877952 0.0385720272556184 0.0181140273498144
0.0116025044725294 -0.0329552506601553 0.0303188921105326 0.039121865046814
0.0360176669763652 -0.013718551737982 0.000765834307472886 0.0619593877653526
0.0396013882904721 0.0223456240912218 -0.0323093556400318 0.0629366959779274
0.0166175213264457 0.0500267595770497 -0.0591670161615404 0.0517000491524514
-0.00545170959720325 0.0619173119027413 -0.0524704821512585 0.064778552777071
-0.00839236948668219 0.0566130978625262 -0.00930489907784889 0.0328817321323256
0.0140859897176368 0.0373186012111279 0.0386078951122636 -0.0109417349298521
0.027385597311176 0.0160343969482585 -0.00899265782716774 -0.0576313595191614
0.0258935059118741 -0.00993922449668245 -0.063075604420022 -0.0234537553277619
0.0106196610967927 -0.0299198548035283 -0.0502677952446567 0.0354929078260573
-0.00877375163078264 -0.0297295044200693 -0.0105689898354853 0.0476185898661421
-0.0179843885417432 -0.0208768328573804 0.00939864154810701 0.0347047228044513
-0.0230645284590238 -0.0201344893788425 0.0191390790281478 0.0182013630588207
-0.0241075252660846 -0.0245038636748118 0.0246671242208842 0.00651038837994142
-0.021051535691019 -0.0405683811148795 0.0345494631483089 0.00332527975107015
0.00967651084330788 -0.0504495914260389 0.038522072343455 0.0192198431545831
0.0466600974861857 -0.0291937912303081 0.0208876434675697 0.0540935960975655
0.062621936456061 0.0233464357543757 -0.0145918602726481 0.0663513774726273
0.0307819926944046 0.0700168428940655 -0.0462774990571861 0.0508651146822493
-0.00980949982829966 0.0871778839280057 -0.040255149775554 0.0457200959074124
-0.0226176696154075 0.0708122258488004 -0.00311866457056295 0.00788741455981482
0.0123673836489447 0.0594047623154263 0.0425330529903418 -0.0169181100581059
0.0407159632057625 0.0332623916813315 0.00292871303647207 -0.065919642650614
0.0427696532742764 -0.0118678878373241 -0.0539515839115248 -0.0388965803696866
0.0183577048763939 -0.0402954559536146 -0.05110862799694 0.0175192771590681
-0.0108935702971211 -0.0401807798178816 -0.0189720975849585 0.0346864268324394
-0.0240550396689135 -0.0272880962399076 -0.0013259168191119 0.0257494284309304
-0.0278108284448424 -0.0244201963806799 0.0076501257953896 0.00898620952356369
-0.0282322344175973 -0.0270848617652095 0.0127030468198432 -0.00441082078572158
-0.0271747791464089 -0.045053182728429 0.0257928893540182 -0.0133120777339742
0.00348180904985026 -0.0593670464870559 0.0401022876756854 -0.0043944548060797
0.045749916792947 -0.0410126575477714 0.0387755194379417 0.0373898309283982
0.0732441998169604 0.0149330381729407 0.00341779049984647 0.0625938628295776
0.0413462482626916 0.0749689064584155 -0.0348110349784707 0.0458701377129635
-0.0095160904848528 0.0965391818002886 -0.0285853245647662 0.0212071556133301
-0.0341640928147364 0.0722165958796959 0.0100689137155579 -0.0216454699967665
0.00407335885725097 0.0720166182237581 0.0476599373493397 -0.0267534311452858
0.0439635036790388 0.0488706660958314 0.0166606736891681 -0.070193376135443
0.0535759917269972 -0.00735055554191771 -0.0362464285152961 -0.0524184547211608
0.0262065819025686 -0.043724516688389 -0.0455778965587922 -0.00572366267782632
-0.00975452911596183 -0.0448467973725836 -0.0271172232310143 0.0157917919938197
-0.0260968341899369 -0.0303701385639673 -0.0134405419513562 0.0136759074721259
-0.0286181835634919 -0.0248894829985389 -0.00483007289187595 -0.000630466211080572
-0.0276070113858421 -0.0256570639737707 0.000350490901446071 -0.0134450256252986
-0.0271742974506239 -0.0420885657776673 0.0152147430155322 -0.0269951534455813
-0.000923862354139954 -0.0576134519794794 0.0373512626862843 -0.0246265531108899
0.0395046392233546 -0.0430448974073561 0.0487074474428855 0.0197794448176681
0.0698486537826107 0.00864559828639599 0.0157407217014316 0.0537678610616468
0.0417073182794056 0.0692048677182059 -0.0264753914333935 0.0388289745110339
-0.0103599352933787 0.0907581996175738 -0.0190364312470192 -0.0044521826672549
-0.038073641913587 0.0600340837626187 0.0269916695804966 -0.0489163544956687
-0.00639600371561619 0.0678933126193643 0.0531051652697677 -0.0375111299945225
0.0348462607998238 0.053044358378772 0.0306528254893336 -0.0680912114235012
0.0520592465072727 -0.000434123912075485 -0.0142144239635482 -0.0594252361838244
0.0275345618638405 -0.0376434911166161 -0.0350895672929841 -0.0273279846043942
-0.0069197983511417 -0.040589384776583 -0.032669767923696 -0.00446945875685678
-0.0235643993492832 -0.0276711448218105 -0.0260884568708202 0.00103773061680722
-0.0247843679636623 -0.0219258500205011 -0.016024489716999 -0.00994662499814958
-0.0230650057084848 -0.0213451642639924 -0.00999569933723786 -0.0226037042625671
-0.0223966367815563 -0.0354601480647554 0.00644724846623555 -0.037583436644057
-0.000582477618762071 -0.0478387547607456 0.0329297729977288 -0.038060755162322
0.0322851837740954 -0.0360674460025118 0.0531595382658296 0.00608487372908174
0.0570181914065115 0.00941106661770728 0.0228475446898978 0.0441269819734867
0.0303734316728041 0.0589754481248173 -0.0200910861924458 0.0301465136331918
-0.0138796141430526 0.0720681847777178 -0.0108734887969649 -0.0256664055102871
-0.0321831063269791 0.0371165554445905 0.0424284787832507 -0.0692739191354641
-0.0122861611196162 0.0480327958272073 0.0583161479674459 -0.0461298330936291
0.0193745543255832 0.0420410307473313 0.0407541457030886 -0.0629787524422177
0.0367665530496914 0.00408875424206152 0.00467083460997169 -0.060739824777056
0.0210587977408981 -0.0249946726901296 -0.023061340776279 -0.0433035937265284
-0.00353640738362655 -0.0282592777947273 -0.0359300859820901 -0.0211194983414787
-0.0173838755838494 -0.0198170375439905 -0.0350637908210468 -0.00949079288872657
-0.0173873626501925 -0.016069561385638 -0.0247998490849314 -0.0179596822158916
-0.0155939008438722 -0.0145354360590013 -0.0173126276249377 -0.0293024506970666
-0.0147511156700011 -0.0247554086640549 0.00163457304459516 -0.0445519350716099
0.000880136211205579 -0.0346309211756267 0.031394617124409 -0.0454166104353586
0.0259117444918439 -0.0245558793574394 0.0553477932788871 -0.00136018744928847
0.0407944848647131 0.0123501646055347 0.0259264061991058 0.0377804644122964
0.015239086904512 0.0454854785336353 -0.0146435329784334 0.0235539232005411
-0.0173716787212939 0.0462211700968868 -0.00222385032969593 -0.0390628211779549
-0.0177541773136364 0.00715362205460196 0.0514386296266751 -0.0787307327614021
-0.0113710599828024 0.0179183022722522 0.0594551016392838 -0.0521601856722907
0.00381889499306997 0.0188152969318283 0.0438326750034727 -0.0594879931997595
0.0138567299960722 0.00381933820552376 0.0143725194390312 -0.0605302610718515
0.00825271325185445 -0.00884455315812382 -0.0176013758212366 -0.0511948251884557
-0.000950685873613734 -0.0105897699702651 -0.0383650767829581 -0.0299849532932974
-0.00769300874539196 -0.00853664916800305 -0.0406611764273826 -0.0158032585565606
-0.0069812222341354 -0.00721475378459312 -0.0297775558030562 -0.0224771948559215
-0.00734402451778714 -0.00657895483412899 -0.0211466264712147 -0.0342044913082665
-0.00730306483837131 -0.0127011114669315 0.000288395864920108 -0.0493759249257888
0.00184767412610848 -0.0192117622872605 0.0324834550798651 -0.0488254400710974
0.0169161458586611 -0.0138416561877144 0.057219681754004 -0.00375246860078974
0.0235524852485168 0.0132488238693114 0.0266293052052362 0.0349778036199907
0.000464537112952681 0.0283721650921965 -0.0117938611683219 0.0197659491683235
-0.018758866205551 0.0167363622869667 0.00544245461184704 -0.0440625149339012
0.0116933734482404 0.0076452473798293 -0.0061918201828042 0.0576268732606647
0.00369217838873141 -0.00698406922101879 0.0359405292730169 -0.00927951407760378
-0.00549022308663269 -0.00542254074509235 -0.0181599864240585 -0.0442321517327593
-0.00315009349947052 0.00259364642872639 -0.0657292875905861 -0.00553829553709697
0.000362900973609989 -0.000984047161631925 -0.0440063095343479 0.0513727089789336
0.000842049854001129 -0.00285214746051423 -6.94897274373556E-05 0.0574858302930757
0.000298148250801326 -0.00350332666665374 0.0207803862115185 0.0437443317178483
-0.00480448033685103 -0.00508703943541855 0.0323088354968397 0.0289014124645525
-0.00536490470244597 -0.00608400370729043 0.0389333525721524 0.0220481446386918
-0.00445358434114647 -0.00985344758949253 0.0387928561145006 0.0301937620764905
0.00541432884545699 -0.0116249050626077 0.0196472932008953 0.0531578911647483
0.0141904363953872 -0.00378461078532147 -0.0168937899192027 0.0642472192990902
0.0147436958113765 0.0076198738894863 -0.0479976460026593 0.0562124161147724
0.009490965748153 0.0180378699272417 -0.0735690354792048 0.048989230809795
0.00481982106386277 0.0273540621290037 -0.0651928810820753 0.074834562992104
0.0025543720110723 0.0340390911277858 -0.0104494596649879 0.0495527986572593
0.0101960167219264 0.0142136290075253 0.037116419418318 -0.00800378395531688
0.0103338559339266 0.00326743925092097 -0.0135348322505537 -0.0499589000972932
0.010000241434 -0.00383180456438098 -0.065980333917918 -0.0135314305680333
0.00527350593812747 -0.0154662199752275 -0.0478289810448928 0.0457180944142276
-0.00402277621906566 -0.0167563751552417 -0.00489474919431113 0.0553300559416265
-0.00922848964014464 -0.0129376520771207 0.0167366263363193 0.0412252373425276
-0.0148349531262954 -0.0143379754455875 0.0273711791338198 0.0249131554515408
-0.016199439871239 -0.0177737771212501 0.0340545605905613 0.0159829009571599
-0.0120787581910712 -0.0291309747254562 0.0389540971785017 0.0195583163973024
0.0121538192136655 -0.0331854250168287 0.0294110977119231 0.0415513306144307
0.0365625045073807 -0.0133720994971813 -0.00169987898662199 0.0635881997064808
0.0402407834071407 0.0243463546956004 -0.0349593817768913 0.0628529167312716
0.0152503119320341 0.0520355148863279 -0.0617255551493431 0.0502932526847809
-0.00766671501826238 0.0625001855235346 -0.0551342986582086 0.063717864799962
-0.010512162415168 0.0568486384058693 -0.0100296593631675 0.0329858694223107
0.0127705818871373 0.0383543736596498 0.0404657097129064 -0.0100902197607469
0.0272225219530379 0.0171736756894103 -0.00635718461655348 -0.0586641871371196
0.0262812972334236 -0.00918626530530426 -0.0628371424393316 -0.0263983723694217
0.0113082115524254 -0.0298017835147206 -0.0521134572337078 0.0343495930290938
-0.008304701174374 -0.0300643581372331 -0.0119663288923316 0.047721202161886
-0.0174733865674482 -0.0215162421364372 0.00820086351097574 0.0352602690262541
-0.0233363166012696 -0.0215434785501355 0.0189217091136225 0.0189127203323851
-0.0235977279765742 -0.0255461797505173 0.0250070044465025 0.00680971248372924
-0.0207059388174801 -0.0409246258021973 0.0348749174520722 0.00362868830591726
0.0105254287496324 -0.0506137338420953 0.0375812652571405 0.0208333649866901
0.0480366790173692 -0.0283006053699137 0.0201599639522444 0.05579505909407
0.0629837010183702 0.0256152902916084 -0.0169271234282133 0.0662343377905819
0.0291006054064051 0.0722369415000927 -0.0486847624451349 0.0501775319131186
-0.0122112746474391 0.0876386890527707 -0.0424634094679193 0.0443359796566066
-0.0254462108365966 0.0706967772935632 -0.00249168828162629 0.00811546325747822
0.0101363773392289 0.0606669041232128 0.0445425088105101 -0.0153976944463763
0.0402052678130641 0.0349359029517849 0.00581872835364404 -0.0668144599869324
0.0437113973432206 -0.0104046481558683 -0.0531735452282191 -0.0413139325062093
0.0197578994254385 -0.0407370146396869 -0.0521464830694921 0.0159116340350221
-0.0099133761793303 -0.0408096897500702 -0.020141133505377 0.0342544663142766
-0.0230593331212845 -0.0282690640085578 -0.0020228460706239 0.0258658769558101
-0.0275849710936722 -0.0258098262181115 0.00766736627452224 0.00953980074383624
-0.0280749393385251 -0.028141806690171 0.013295515787334 -0.00350578353043695
-0.0266990758520968 -0.0459156945236882 0.0261631948843359 -0.0127398703114165
0.00460460907126056 -0.0598184173798134 0.0406925764542397 -0.00274527751373263
0.0477644648435593 -0.0405932394927416 0.0378115238452483 0.0402111685483519
0.0742027273685669 0.0176124653298953 0.00169095656458093 0.0634716245237982
0.0400843181269341 0.0772644992649977 -0.0375270400668144 0.0451983016390609
-0.0118030704569334 0.0980959126059629 -0.0298675850019814 0.0195445971449207
-0.037204999605576 0.0717626431901271 0.0111411392382875 -0.0212797059424647
0.001129468949355 0.0730834166415569 0.0494249593386277 -0.0251651945116657
0.0431888833759848 0.0511098413762943 0.0200579605807048 -0.0699436535342289
0.0547226193628334 -0.0059924708347068 -0.0345903525716192 -0.0548439059743233
0.0266313947502414 -0.0435798327982932 -0.0460811082349097 -0.00759726828409426
-0.00885665859115363 -0.045475674621934 -0.0278692704803067 0.0152667659646286
-0.0253830605401318 -0.0317440627136665 -0.0146315007348194 0.0132181400974319
-0.0284550148822272 -0.0263744972364613 -0.00466300622142096 -0.000502607409688539
-0.0269182905093277 -0.0268840529624426 0.000777301742514831 -0.0135654483909253
-0.0271200682232276 -0.0432768420332827 0.0164467616104297 -0.026700770483411
0.000102298785466425 -0.0583958828853856 0.0380156897990917 -0.0235024866400386
0.0409243948041153 -0.0424019278823589 0.0486929752476961 0.022052641501318
0.0709758031620079 0.0110191002939983 0.0146738347680882 0.0550214035808073
0.0402093357876536 0.0715600438967521 -0.0283513330064334 0.0376812916060819
-0.0131462807714374 0.091660570943209 -0.018581687421133 -0.00568129025167634
-0.0407738361252724 0.0593231587118418 0.0295644058164118 -0.0480681518827042
-0.00873599466065156 0.0685215493850322 0.0551831442568338 -0.0357727665561971
0.0341205464200532 0.0550264604623946 0.0334750058813914 -0.0675944315968703
0.0524816216404352 0.00115564413202678 -0.0120633445500808 -0.0613537076644612
0.0284747882271624 -0.0373559001782827 -0.0340780381947703 -0.0296910800231976
-0.00599510788703514 -0.0412629591068789 -0.0329749425396755 -0.00541366299837261
-0.0231449351699405 -0.0282490700399447 -0.026166566881689 0.000550757418836301
-0.0242634019857914 -0.0231637024920988 -0.0163093037925625 -0.0106112911606182
-0.0225284568594086 -0.0222478828517838 -0.00965129470351605 -0.0229133165661084
-0.0220582993586313 -0.0358891522775362 0.00732897752634186 -0.0373711629381805
0.000321339034014551 -0.0491623928189339 0.034205038883567 -0.0375990495640582
0.0338623935910997 -0.0350919703258205 0.0534853000453455 0.00809100865904011
0.0579558793562722 0.010791335709335 0.0221609744516394 0.0458552096789714
0.029643559768911 0.0607720222851861 -0.0216086171595464 0.0291464689786057
-0.0157295690060715 0.0722823049711771 -0.01001098815128 -0.0264769035896774
-0.0340539841874181 0.0362007798528451 0.045634216757149 -0.0678233193800749
-0.0136995229808737 0.048135632269759 0.0609024413834161 -0.0444821619412357
0.0185580421237637 0.0432765027068575 0.0429746278678914 -0.0621264173034932
0.0371079156135337 0.00549168391126066 0.00784586502526055 -0.0627612186175247
0.0216502008253208 -0.0247044921644967 -0.0217524445524144 -0.045734723450269
-0.00270185865837896 -0.0285002074166609 -0.0361527353027091 -0.022271029998573
-0.0169195546038862 -0.0206497207274441 -0.0350472301903035 -0.0103425100801168
-0.017267861880252 -0.0169578225428089 -0.0252657685909424 -0.0191171726700728
-0.0149357012359391 -0.0154778552127239 -0.0167480813947044 -0.0299589970808802
-0.014479334095781 -0.0254349721803339 0.00240301188263575 -0.0454053572732751
0.00160621031785519 -0.0348257753320943 0.0329270860665145 -0.0454178429253141
0.0262943005935511 -0.0241546606228416 0.0563238846976558 0.000252277556504683
0.040443413803604 0.0135212691218232 0.0251262429263955 0.039120595029259
0.013799358126966 0.04601908744534 -0.016283105605591 0.0232297610393244
-0.0192420811781626 0.0460147395952541 -0.00150022506838294 -0.0393704914054972
-0.0186689918175717 0.00664568351543868 0.0548946419041564 -0.0779197380660218
-0.0122191317733659 0.0174027508883506 0.0625593099278552 -0.0506703106917414
0.0032316997309385 0.0192408663712964 0.0472341889355846 -0.0583618613504625
0.014028122230822 0.00439708770140992 0.0169077716435942 -0.0620286484737557
0.00826050675229258 -0.00842979073231838 -0.0158717048104692 -0.0530754982984329
-0.000350007334163064 -0.0105661583357947 -0.0382451766119133 -0.031609988861629
-0.00750508290231799 -0.00912455531564611 -0.0409845009809195 -0.0166639534437142
-0.00670978900876064 -0.00819384358987419 -0.0299552932707636 -0.0232242617583245
-0.00685385917524142 -0.00651849547846458 -0.0206223161244877 -0.0357404808471713
-0.0071176036506949 -0.0125034291034308 0.00161399722711101 -0.049745898857456
0.00229490407811076 -0.0195214541529278 0.0348074863329409 -0.0479885597007325
0.0176101301049197 -0.0132192963482129 0.0584431586627947 -0.00171845567282041
0.0239454968390645 0.0141476767199114 0.0257816779300812 0.0365574070861402
1.22500023538019E-05 0.0287340288195684 -0.0134571719600984 0.019448241903248
-0.0197002642929822 0.0165460396805715 0.00666803981777653 -0.0445263933697402
