TRXV5
1
1
0
19
string SatEnvReleaseNumberAtCreationDateTime=2.0.1.3
string SatEnvBuildNumberID=23
string Extension=J
integer IsArchMeasurement=1
integer IsSpherical=1
double ArchRadius=0.449999988079071
double FirstProbeAngle=-2.74889357189107
double AngleBetweenProbes=0.392699081698724
integer ProbesUsed#=15
integer Probes#=15
string Generator.Name=SPM
string Generator.Version=1.3.1 Dev
string GenerationTimeUTC=2016-02-17T14:41:55
string MeasurementTimeUTC=2016-02-17T14:39:40
string MeasurementDuration=00:00:49.2492865
string MeasurementDuration.Text=49 seconds
string TimeZone.Name=Romance Standard Time
double TimeZone.UTCOffset_hours=1
string SignalDirection=Transmit through probes
Frequency
5	79	2280000000	2670000000	LIN
Efficiency
0
0.869313387962173	
0.873559572626491	
0.877662480671428	
0.877664473056218	
0.8776801985938	
0.877601072184326	
0.877637203581537	
0.877766566381007	
0.877921724931872	
0.884016161059019	
0.888073405755285	
0.888009179528931	
0.888077843620309	
0.88808417789578	
0.888262173158362	
0.888370345282141	
0.88847029985333	
0.888299609061705	
0.888130536310193	
0.89405877702505	
0.898020975753115	
0.897980261188995	
0.897934842605269	
0.897912389447484	
0.897789743065383	
0.897805034614556	
0.89788433005342	
0.897991973312871	
0.897980136320683	
0.898036276130392	
0.897947114038012	
0.897864599798659	
0.897673139298715	
0.903738218198046	
0.907755964843098	
0.907786073158687	
0.907818983820055	
0.907969871857033	
0.908091974623677	
0.90829911173311	
0.908507168930106	
0.908642557675258	
0.908760572155877	
0.904514683791105	
0.898312679415413	
0.898057269182197	
0.897954143175952	
0.903970267583893	
0.908141853421436	
0.903832344449522	
0.897609526697496	
0.89765558856706	
0.897825405400215	
0.898040365824523	
0.898194319104501	
0.898293479672765	
0.898386300471971	
0.898407788261004	
0.898363764495161	
0.898398429381677	
0.898378014154417	
0.898420310191584	
0.898471115099863	
0.894372702667579	
0.888193409333767	
0.89443959319659	
0.898626198327802	
0.894529851787104	
0.888413686889571	
0.888462265009782	
0.888471311417649	
0.888536445243645	
0.888461281823074	
0.888513795752821	
0.888528666673862	
0.88873783310142	
0.888922087272625	
0.884974402823326	
0.878987820155004	
