TRXV5
2
4
0
19
string SatEnvReleaseNumberAtCreationDateTime=2.0.1.3
string SatEnvBuildNumberID=23
string Extension=J
integer IsArchMeasurement=1
integer IsSpherical=1
double ArchRadius=0.449999988079071
double FirstProbeAngle=-2.74889357189107
double AngleBetweenProbes=0.392699081698724
integer ProbesUsed#=15
integer Probes#=15
string Generator.Name=SPM
string Generator.Version=1.3.1 Dev
string GenerationTimeUTC=2016-02-17T14:41:55
string MeasurementTimeUTC=2016-02-17T14:39:40
string MeasurementDuration=00:00:49.2492865
string MeasurementDuration.Text=49 seconds
string TimeZone.Name=Romance Standard Time
double TimeZone.UTCOffset_hours=1
string SignalDirection=Transmit through probes
Azimuth
7	8	0	2.74889357189107	LIN
Probe
666	15	1	15	LIN
Polar 1 Real Part
13
Polar 1 Imaginary Part
14
Polar 2 Real Part
13
Polar 2 Imaginary Part
14
-0.0406601056456566	-0.0406582169234753	0.011012764647603	-0.134205743670464	
0.172117695212364	-0.0147230383008718	0.108843974769115	-0.0811178162693977	
0.049242053180933	0.249806791543961	0.0470199212431908	0.272826641798019	
-0.334260642528534	0.0805435180664063	-0.315568536520004	0.104700550436974	
-0.288540005683899	-0.338768422603607	-0.291113138198853	-0.354362457990646	
0.0349709875881672	-0.396952778100967	0.0254823993891478	-0.380407005548477	
0.0679226517677307	-0.218338921666145	0.0596619322896004	-0.170832648873329	
0.00472360756248236	-0.00245507503859699	0.0148243671283126	0.0247160289436579	
0.159855335950851	0.158594533801079	0.190646335482597	0.163950026035309	
0.354371517896652	-0.0715230330824852	0.37279936671257	-0.100538030266762	
0.0399854108691216	-0.376295387744904	0.050586111843586	-0.388695359230042	
-0.322065711021423	-0.13479395210743	-0.342111021280289	-0.166977867484093	
-0.212814167141914	0.174296393990517	-0.147567555308342	0.188350200653076	
0.0388889163732529	0.180730670690536	-0.0323286801576614	0.166979849338531	
0.141899839043617	0.0669477358460426	0.168913751840591	0.0203888118267059	
-0.0697812661528587	-0.0407392047345638	0.00234078429639339	-0.126681268215179	
0.176759138703346	-0.0424527712166309	0.101987384259701	-0.108277954161167	
0.119285747408867	0.208815798163414	0.146705001592636	0.239307448267937	
-0.271612286567688	0.20864437520504	-0.253292292356491	0.213445171713829	
-0.382181644439697	-0.20749332010746	-0.386640042066574	-0.213204503059387	
-0.0872829407453537	-0.400663822889328	-0.0834885165095329	-0.356323838233948	
0.0261957868933678	-0.245251804590225	0.0321814082562923	-0.170460984110832	
-0.00277281063608825	-0.0226231105625629	0.0181515924632549	0.0286935586482286	
0.118233479559422	0.16217340528965	0.17424151301384	0.192327424883842	
0.348225384950638	0.0284307394176722	0.396132916212082	0.00371441920287907	
0.176212936639786	-0.348446011543274	0.185060754418373	-0.358267098665237	
-0.258428961038589	-0.227855771780014	-0.266698122024536	-0.268020689487457	
-0.272072285413742	0.0862886756658554	-0.218835890293121	0.132449865341187	
0.0255260486155748	0.195984750986099	-0.0547978244721889	0.134935349225998	
0.109731830656528	0.0917665213346481	0.17061410844326	0.0488843210041523	
-0.0985978022217751	-0.0385318286716938	-0.0181387215852737	-0.114218942821026	
0.167972952127457	-0.0881743431091309	0.0834189876914024	-0.145224511623383	
0.179043143987656	0.130497172474861	0.236209258437157	0.151973441243172	
-0.119355633854866	0.324469357728958	-0.114757493138313	0.312337815761566	
-0.423841089010239	-0.00331346737220883	-0.421281903982162	0.000740636198315769	
-0.238479778170586	-0.340639680624008	-0.210487946867943	-0.287672519683838	
-0.0386265851557255	-0.26060277223587	-0.00950742699205875	-0.172819957137108	
-0.00986920390278101	-0.0404840111732483	0.0169368237257004	0.0243261270225048	
0.0679049864411354	0.160326659679413	0.132434651255608	0.219743460416794	
0.307097315788269	0.148930281400681	0.373916178941727	0.15127868950367	
0.331116139888763	-0.23997338116169	0.343339741230011	-0.246891796588898	
-0.131193950772285	-0.315314084291458	-0.119298569858074	-0.34959751367569	
-0.290827989578247	-0.0432902276515961	-0.271428912878036	0.0101861013099551	
-0.0197127666324377	0.204449042677879	-0.0719568282365799	0.106776893138885	
0.0711582154035568	0.105360142886639	0.154276877641678	0.0809240415692329	
-0.123776361346245	-0.0375801958143711	-0.0472027137875557	-0.0944555178284645	
0.138681337237358	-0.133441761136055	0.0539532788097858	-0.180355027318001	
0.197709143161774	0.0306053515523672	0.26821380853653	0.0327088609337807	
0.0792438536882401	0.343581020832062	0.0636884570121765	0.3274145424366	
-0.360779911279678	0.203976288437843	-0.345550507307053	0.213000491261482	
-0.357957810163498	-0.210397958755493	-0.309001266956329	-0.168293565511703	
-0.10675410181284	-0.25200417637825	-0.0580923222005367	-0.171578094363213	
-0.0174749121069908	-0.0533422343432903	0.0128968264907598	0.0151252662763	
0.0174690466374159	0.151279702782631	0.0743263512849808	0.234057426452637	
0.216418042778969	0.256056725978851	0.282698452472687	0.293693959712982	
0.424673527479172	-0.0485618337988853	0.435753911733627	-0.0456029027700424	
0.0471286252140999	-0.333216607570648	0.0714151114225388	-0.351135849952698	
-0.24183788895607	-0.169710919260979	-0.244090616703033	-0.133876979351044	
-0.0843448042869568	0.185787692666054	-0.0860486850142479	0.0867955982685089	
0.0320744328200817	0.106436736881733	0.120485872030258	0.106612384319305	
-0.142903134226799	-0.0347748957574368	-0.0770427137613297	-0.0685457214713097	
0.0927361398935318	-0.161480844020844	0.0212042611092329	-0.201463490724564	
0.179619863629341	-0.0648255422711372	0.23721419274807	-0.0748342201113701	
0.24375382065773	0.268251687288284	0.214575082063675	0.255005389451981	
-0.222967073321342	0.337973535060883	-0.199007645249367	0.351731449365616	
-0.403488904237747	-0.057283703237772	-0.351846814155579	-0.0322936587035656	
-0.165476262569427	-0.225402250885963	-0.107369780540466	-0.164638295769691	
-0.0230383202433586	-0.0598760657012463	0.00675117550417781	-0.00191008986439556	
-0.0228046365082264	0.139466196298599	0.0150682348757982	0.228965982794762	
0.0959975942969322	0.316995054483414	0.144100964069366	0.377359092235565	
0.413897335529327	0.157004162669182	0.41559436917305	0.171260386705399	
0.208716556429863	-0.254248887300491	0.235334873199463	-0.258006125688553	
-0.144859537482262	-0.252464890480042	-0.148838758468628	-0.240646332502365	
-0.140569180250168	0.132379084825516	-0.100511610507965	0.0711272209882736	
0.00501559861004353	0.0939136445522308	0.0748303830623627	0.121819719672203	
-0.153306305408478	-0.0358285084366798	-0.105989620089531	-0.0478973761200905	
0.049132913351059	-0.168749958276749	0.00154188252054155	-0.205752894282341	
0.146670609712601	-0.137974590063095	0.174700483679771	-0.142113655805588	
0.32585197687149	0.169278636574745	0.297559857368469	0.1597710698843	
-0.0897961780428886	0.383198142051697	-0.0631324797868729	0.401638329029083	
-0.39105811715126	0.0612075701355934	-0.34818497300148	0.0781833976507187	
-0.201693624258041	-0.193096771836281	-0.151104465126991	-0.157305002212524	
-0.0256467517465353	-0.0605760812759399	-0.000908112793695182	-0.0215236619114876	
-0.0520977787673473	0.132990181446075	-0.0298555158078671	0.209517493844032	
-0.0119409151375294	0.335947453975677	0.0170767921954393	0.398172229528427	
0.33222308754921	0.303300619125366	0.319758325815201	0.322268754243851	
0.302281945943832	-0.133851557970047	0.325074404478073	-0.134603321552277	
-0.0535807684063911	-0.279920995235443	-0.0426803715527058	-0.28258553147316	
-0.169883981347084	0.0709070339798927	-0.11261747777462	0.0569653883576393	
-0.00556873017922044	0.0761355310678482	0.0281406138092279	0.128203064203262	
-0.156120896339417	-0.0444433055818081	-0.131492957472801	-0.0348998047411442	
0.011777114123106	-0.162981852889061	7.237060344778E-5	-0.193512126803398	
0.132463276386261	-0.18415679037571	0.124316863715649	-0.17773711681366	
0.345131427049637	0.105429641902447	0.331833034753799	0.101019099354744	
-0.013264718465507	0.382631123065948	0.0130665097385645	0.405456870794296	
-0.365220010280609	0.12306422740221	-0.340472787618637	0.145476594567299	
-0.212822377681732	-0.166549280285835	-0.183888420462608	-0.154087007045746	
-0.0237487778067589	-0.0538086593151093	-0.00798701215535402	-0.0405051596462727	
-0.0692202970385551	0.137430772185326	-0.0550842396914959	0.181680127978325	
-0.0773896425962448	0.339305073022842	-0.0557310543954372	0.384018361568451	
0.265052855014801	0.368366420269012	0.239917278289795	0.386221408843994	
0.334783375263214	-0.0444327630102634	0.352814763784409	-0.0482620671391487	
-0.0064011593349278	-0.282645732164383	0.0197135452181101	-0.290181308984756	
-0.179453819990158	0.0231416057795286	-0.118611223995686	0.0469937734305859	
-0.00161258166190237	0.0614058561623096	-0.0100949238985777	0.128994598984718	
-0.148902922868729	-0.0590206384658813	-0.15190789103508	-0.0339281186461449	
-0.0140562197193503	-0.159335225820541	0.0117064993828535	-0.170526787638664	
0.15570542216301	-0.197439283132553	0.112876787781715	-0.194196209311485	
0.334243178367615	0.100148759782314	0.340181559324265	0.10287019610405	
-0.00552019011229277	0.377250373363495	0.0195829216390848	0.403072118759155	
-0.353448450565338	0.12500387430191	-0.351603269577026	0.156545221805573	
-0.201911225914955	-0.155244007706642	-0.200961709022522	-0.164310038089752	
-0.0211859568953514	-0.0398518480360508	-0.0134700955823064	-0.057065661996603	
-0.0719484686851501	0.15616911649704	-0.0591559074819088	0.161371618509293	
-0.0845011994242668	0.355879366397858	-0.0612104311585426	0.367381811141968	
0.260679215192795	0.372035950422287	0.231083109974861	0.387425810098648	
0.346273601055145	-0.0296398550271988	0.356791704893112	-0.0337552204728127	
-0.0153185641393065	-0.27632400393486	0.0179703384637833	-0.29261577129364	
-0.181731417775154	0.00119172711856663	-0.119980655610561	0.0464681908488274	
0.0172967500984669	0.0520953834056854	-0.0342293307185173	0.127571001648903	
