TRXV5
2
4
0
19
string SatEnvReleaseNumberAtCreationDateTime=2.0.1.3
string SatEnvBuildNumberID=23
string Extension=J
integer IsArchMeasurement=1
integer IsSpherical=1
double ArchRadius=0.449999988079071
double FirstProbeAngle=-2.74889357189107
double AngleBetweenProbes=0.392699081698724
integer ProbesUsed#=15
integer Probes#=15
string Generator.Name=SPM
string Generator.Version=1.3.1 Dev
string GenerationTimeUTC=2016-02-17T14:41:55
string MeasurementTimeUTC=2016-02-17T14:39:40
string MeasurementDuration=00:00:49.2492865
string MeasurementDuration.Text=49 seconds
string TimeZone.Name=Romance Standard Time
double TimeZone.UTCOffset_hours=1
string SignalDirection=Transmit through probes
Azimuth
7	8	0	2.74889357189107	LIN
Probe
666	15	1	15	LIN
Polar 1 Real Part
13
Polar 1 Imaginary Part
14
Polar 2 Real Part
13
Polar 2 Imaginary Part
14
-0.0691533535718918	-0.0225519854575396	-0.0695827156305313	-0.103948928415775	
0.0986079052090645	-0.1449234187603	0.0249242540448904	-0.144758284091949	
0.229388877749443	0.133679732680321	0.23390831053257	0.135857090353966	
-0.16948190331459	0.339701324701309	-0.115837708115578	0.30739426612854	
-0.434212148189545	-0.0274184681475163	-0.403349727392197	-0.0161277130246162	
-0.24559885263443	-0.277134388685226	-0.208805352449417	-0.263026535511017	
-0.0699357390403748	-0.165547311306	-0.0497760325670242	-0.15234711766243	
-0.0023355521261692	-0.000483460142277181	0.0166493188589811	0.0184990130364895	
0.190066486597061	0.0107086151838303	0.192604064941406	-0.00530805997550488	
0.152589201927185	-0.358084917068481	0.14970089495182	-0.34234157204628	
-0.313904315233231	-0.278283029794693	-0.30015429854393	-0.278967589139938	
-0.299096465110779	0.223281666636467	-0.306974112987518	0.222122639417648	
0.0616079494357109	0.296350628137589	0.105294860899448	0.236283451318741	
0.182861566543579	0.0620215833187103	0.127967432141304	0.132339805364609	
0.141818314790726	-0.0708310008049011	0.139101639389992	-0.116109073162079	
-0.0887071564793587	0.00540236290544271	-0.0689646527171135	-0.0897120237350464	
0.0695574507117271	-0.173106908798218	-0.0118393264710903	-0.152116328477859	
0.240271255373955	0.0390459075570107	0.264877736568451	0.0311610195785761	
-0.0092888418585062	0.37742680311203	0.0116545436903834	0.329612702131271	
-0.403143882751465	0.148479908704758	-0.362341046333313	0.154771372675896	
-0.330377638339996	-0.186735764145851	-0.269504517316818	-0.176755622029305	
-0.107213787734509	-0.159394919872284	-0.0720190778374672	-0.140092208981514	
-0.0105492770671844	-0.0103295436128974	0.0178640130907297	0.0165162049233913	
0.172252714633942	0.0468888059258461	0.193066790699959	0.0265921521931887	
0.238912418484688	-0.280422687530518	0.245894834399223	-0.289640128612518	
-0.204287022352219	-0.377503007650375	-0.189538598060608	-0.370430916547775	
-0.353117495775223	0.0964751243591309	-0.362858384847641	0.0886209607124329	
-0.049821499735117	0.301223158836365	0.0190518274903297	0.26592344045639	
0.191686794161797	0.0974313616752625	0.0835850760340691	0.144708648324013	
0.134483382105827	-0.0322585515677929	0.158360555768013	-0.0931413546204567	
-0.104463912546635	0.0368755720555782	-0.0704766288399696	-0.0611920058727264	
0.0201732106506824	-0.202575623989105	-0.0620042718946934	-0.15422497689724	
0.213140219449997	-0.0737456530332565	0.243101358413696	-0.103351801633835	
0.191367790102959	0.314458936452866	0.173216968774796	0.280168175697327	
-0.272863209247589	0.337362110614777	-0.226170867681503	0.323571890592575	
-0.38229712843895	-0.0279449485242367	-0.30782425403595	-0.0395960137248039	
-0.154595881700516	-0.133494272828102	-0.101579561829567	-0.118744298815727	
-0.0198887344449759	-0.0220418199896812	0.0176675971597433	0.0121435979381204	
0.144540056586266	0.0869190320372581	0.180585265159607	0.069320522248745	
0.314537584781647	-0.147258967161179	0.341551274061203	-0.168396472930908	
-0.00814473628997803	-0.436120301485062	0.00423404760658741	-0.420983582735062	
-0.348838865756989	-0.0925703272223473	-0.350094169378281	-0.104206949472427	
-0.180666252970695	0.23432132601738	-0.117594070732594	0.235331207513809	
0.170028120279312	0.15674364566803	0.0442751124501228	0.150719359517097	
0.12026458978653	0.0091390386223793	0.168719276785851	-0.050612535327673	
-0.117546319961548	0.0682312995195389	-0.0738750696182251	-0.0236362032592297	
-0.0376764796674252	-0.21267569065094	-0.112230494618416	-0.148603036999702	
0.134526982903481	-0.167278066277504	0.151783093810081	-0.207468420267105	
0.328612625598907	0.140819162130356	0.290962696075439	0.140688568353653	
-0.0590426176786423	0.430108934640884	-0.0220159776508808	0.400139898061752	
-0.354441165924072	0.147530674934387	-0.288254678249359	0.11082349717617	
-0.193221747875214	-0.0904016941785812	-0.13105696439743	-0.0873481407761574	
-0.0258258022367954	-0.0294577591121197	0.0127434795722365	0.00396253494545817	
0.112140133976936	0.118182353675365	0.152869492769241	0.109060883522034	
0.341659337282181	0.0164129082113504	0.385633260011673	0.00131600326858461	
0.222306847572327	-0.374736130237579	0.229263409972191	-0.353409081697464	
-0.236306101083755	-0.279604017734528	-0.227095425128937	-0.282802164554596	
-0.27119642496109	0.0976255014538765	-0.235587388277054	0.115387581288815	
0.109069332480431	0.209538012742996	0.012651558034122	0.156218528747559	
0.100590392947197	0.0442479699850082	0.166285797953606	0.00212339358404279	
-0.129515871405602	0.0900166481733322	-0.0760877653956413	0.0174471605569124	
-0.0890641063451767	-0.188617363572121	-0.152556166052818	-0.131187602877617	
0.0335226245224476	-0.213831007480621	0.0366011261940002	-0.240653082728386	
0.348943769931793	-0.0611360147595406	0.312223106622696	-0.0299844685941935	
0.14508056640625	0.396608501672745	0.167026460170746	0.36424395442009	
-0.259135097265244	0.280131727457047	-0.216591164469719	0.234895184636116	
-0.213481590151787	-0.0387430749833584	-0.157722249627113	-0.0465249940752983	
-0.0292349848896265	-0.0330579094588757	0.0038567129522562	-0.00229510478675365	
0.0799658074975014	0.136939227581024	0.115867279469967	0.133394807577133	
0.304648399353027	0.164980798959732	0.348792761564255	0.161687090992928	
0.384390741586685	-0.203183829784393	0.387815028429031	-0.174728125333786	
-0.0434184148907661	-0.374425828456879	-0.0363143570721149	-0.365095853805542	
-0.288669556379318	-0.0547428913414478	-0.275510907173157	-0.0404190346598625	
0.0253049470484257	0.226241424679756	-0.0181876495480537	0.162907272577286	
0.0807803794741631	0.0667755231261253	0.149142429232597	0.058911170810461	
-0.140580743551254	0.099217988550663	-0.0832817554473877	0.055337380617857	
-0.11942832916975	-0.146443277597427	-0.170820102095604	-0.115122973918915	
-0.0516866110265255	-0.222542300820351	-0.0543601214885712	-0.218561038374901	
0.296001642942429	-0.202860563993454	0.268116623163223	-0.159003362059593	
0.269870579242706	0.29975226521492	0.277573019266129	0.27306941151619	
-0.153967425227165	0.341791749000549	-0.132797718048096	0.30984553694725	
-0.21541041135788	0.00343867111951113	-0.176002904772758	-0.00716289086267352	
-0.028087580576539	-0.0310126785188913	-0.00727940164506435	-0.0114026768133044	
0.0549914538860321	0.147318929433823	0.0808812826871872	0.141850113868713	
0.238443344831467	0.264831572771072	0.271276652812958	0.262375831604004	
0.442213416099548	-0.0192654989659786	0.436729580163956	0.0169094149023294	
0.134222656488419	-0.364548832178116	0.130015447735786	-0.345605999231339	
-0.260393112897873	-0.161896526813507	-0.248378455638885	-0.161951795220375	
-0.0503999255597591	0.208171471953392	-0.0483646057546139	0.162294089794159	
0.0659274086356163	0.0738189071416855	0.120571978390217	0.106987304985523	
-0.148717552423477	0.0949759408831596	-0.0922175049781799	0.085266225039959	
-0.136031985282898	-0.103279635310173	-0.16400933265686	-0.106702029705048	
-0.0986116230487823	-0.227751284837723	-0.10478051751852	-0.185054019093513	
0.246473670005798	-0.264459192752838	0.227532029151917	-0.228693589568138	
0.317074745893478	0.227868854999542	0.319625467061996	0.206491842865944	
-0.0909261181950569	0.353471159934998	-0.0803999081254005	0.344279378652573	
-0.208890125155449	0.0251208730041981	-0.189726203680038	0.0197744891047478	
-0.0258157160133123	-0.0252393670380116	-0.0193141233175993	-0.0188143402338028	
0.040199238806963	0.15440171957016	0.056959617882967	0.137909933924675	
0.19256803393364	0.310494661331177	0.207752510905266	0.296917200088501	
0.440809398889542	0.0948142781853676	0.426599323749542	0.131424278020859	
0.23392328619957	-0.324816405773163	0.217507809400558	-0.302484780550003	
-0.234232693910599	-0.208121791481972	-0.215418010950089	-0.22346356511116	
-0.0937656983733177	0.17887245118618	-0.0650461763143539	0.155403554439545	
0.0635921582579613	0.0683354362845421	0.0948936939239502	0.139463663101196	
-0.15300627052784	0.0769734159111977	-0.10526767373085	0.10124671459198	
-0.151060864329338	-0.0756790190935135	-0.140843108296394	-0.110389567911625	
-0.098422609269619	-0.249306857585907	-0.118621625006199	-0.177362158894539	
0.239024460315704	-0.263887643814087	0.231618657708168	-0.242130413651466	
0.319047451019287	0.218627393245697	0.320291638374329	0.201133757829666	
-0.0847645476460457	0.342112690210342	-0.0781889334321022	0.357890456914902	
-0.197933986783028	0.023908719420433	-0.200528860092163	0.0258404146879911	
-0.0209931656718254	-0.017038106918335	-0.0290587097406387	-0.0256648492068052	
0.0423285476863384	0.16275018453598	0.0488592498004436	0.13136713206768	
0.198524579405785	0.320981562137604	0.190407037734985	0.290380924940109	
0.442371636629105	0.105859078466892	0.423792511224747	0.139642685651779	
0.248148635029793	-0.324826419353485	0.228115916252136	-0.291473746299744	
-0.237297892570496	-0.196149915456772	-0.219735443592072	-0.225504249334335	
-0.107178695499897	0.164849162101746	-0.0646546706557274	0.149935811758041	
0.0736571103334427	0.0524675585329533	0.0806682407855988	0.155549183487892	
