TRXV5
3
4
4
9
string Extension=J
integer IsArchMeasurement=1
integer IsSpherical=1
string Generator=SPM
string GeneratorVersion=1.3.1 Dev
double ArchRadius=0.449999988079071
integer FrequencyAxisIndex=0
integer AzimuthAxisIndex=1
integer ElevationAxisIndex=2
Frequency
5 136 690000000 960000000 LIN
Azimuth
7 8 0 2.74889357189107 LIN
Elevation
7 15 -2.74889357189107 2.74889357189107 LIN
Polar H Real Part
13
Polar H Imaginary Part
14
Polar V Real Part
13
Polar V Imaginary Part
14
Polar H Magnitude (dB)
12 0xC0000002 0 1
Polar H Phase
7 0xC0000003 0 1
Polar V Magnitude (dB)
12 0xC0000002 2 3
Polar V Phase
7 0xC0000003 2 3
-0.00204098224639893 0.00172805786132812 -0.0110359191894531 -0.052947998046875
-0.00276017189025879 -0.00328302383422851 -0.00326347351074219 -0.0227012634277344
-0.00738620758056641 0.000641822814941405 0.0110139846801758 0.00284099578857422
-0.00358009338378906 0.00613498687744141 0.031494140625 0.00225067138671875
0.00167655944824219 0.00448894500732422 0.0367698669433594 -0.00868606567382813
0.00278663635253906 0.00143289566040039 0.0360183715820312 -0.0245437622070313
0.00353074073791504 -0.00248265266418457 0.0267238616943359 -0.0333290100097656
0.00204336643218994 -0.00200271606445313 0.0154819488525391 -0.0305309295654297
0.00262045860290527 -0.00206613540649414 0.00763893127441406 -0.0234699249267578
0.00493621826171875 -0.000582218170166016 0.0018606185913086 -0.0163793563842773
0.00408840179443359 0.00294995307922363 -0.00977420806884765 -0.0129280090332031
-0.00140380859375 0.00512409210205078 -0.0147037506103516 -0.0122652053833008
-0.00608730316162109 -0.00108766555786133 -0.0191555023193359 -0.0164699554443359
-0.000751495361328125 -0.00463724136352539 -0.0274467468261719 -0.0200729370117188
-0.00136339664459229 -0.00185215473175049 -0.0241432189941406 -0.0170269012451172
0.00330734252929688 0.0190925598144531 -0.00692749023437499 -0.0486907958984375
0.00447463989257813 0.0121831893920898 0.00184059143066406 -0.0179424285888672
0.00103378295898438 0.0119132995605469 0.0146389007568359 0.00345897674560547
0.00737953186035156 0.0138607025146484 0.0331954956054688 0.00188064575195313
0.0128917694091797 0.00748825073242187 0.0363693237304687 -0.00896835327148437
0.0155344009399414 -0.00216007232666016 0.0350494384765625 -0.0240230560302734
0.0137777328491211 -0.0107765197753906 0.0242996215820313 -0.0307197570800781
0.0116758346557617 -0.00989723205566406 0.0114231109619141 -0.0272979736328125
0.0122776031494141 -0.0118646621704102 0.00368118286132812 -0.0202770233154297
0.0163297653198242 -0.00908374786376953 -0.00184345245361328 -0.0149059295654297
0.0172719955444336 -0.00134181976318359 -0.0128078460693359 -0.0117597579956055
0.0131254196166992 0.00484180450439453 -0.0154905319213867 -0.0120096206665039
0.00705099105834961 0.00687074661254883 -0.0187129974365234 -0.0163650512695313
0.00996112823486328 0.00759410858154297 -0.0247116088867188 -0.0167999267578125
0.00866317749023438 0.012455940246582 -0.0221195220947266 -0.0125274658203125
0.00757598876953125 0.0339164733886719 -0.00249481201171875 -0.0391616821289063
0.0111808776855469 0.027679443359375 0.00675868988037109 -0.00890922546386719
0.0104732513427734 0.0228290557861328 0.0186595916748047 0.00569534301757813
0.0182170867919922 0.0207538604736328 0.0347099304199219 0.00259208679199219
0.0242099761962891 0.00951766967773438 0.0350780487060547 -0.00848197937011719
0.0265445709228516 -0.00600051879882813 0.0308570861816406 -0.0226116180419922
0.0220603942871094 -0.0170669555664063 0.0182094573974609 -0.0249156951904297
0.0191707611083984 -0.0159835815429688 0.00605392456054688 -0.0198173522949219
0.0194053649902344 -0.0198211669921875 -0.00128650665283203 -0.0121278762817383
0.0251941680908203 -0.017242431640625 -0.00719308853149414 -0.00858879089355469
0.0278396606445312 -0.00597572326660156 -0.0173377990722656 -0.00768756866455078
0.025726318359375 0.00338554382324219 -0.0176258087158203 -0.0105972290039063
0.0194339752197266 0.0121059417724609 -0.0180912017822266 -0.0157070159912109
0.0200824737548828 0.0180473327636719 -0.0190715789794922 -0.011444091796875
0.0155982971191406 0.0247077941894531 -0.0168905258178711 -0.0035552978515625
0.0121307373046875 0.0446052551269531 0.00323295593261719 -0.0256996154785156
0.0188140869140625 0.0394744873046875 0.0119667053222656 0.00250434875488282
0.0206108093261719 0.0304298400878906 0.0216445922851563 0.00987434387207031
0.0288600921630859 0.0230846405029297 0.0337047576904297 0.00311851501464844
0.0327053070068359 0.00835609436035156 0.029754638671875 -0.00771331787109375
0.0337543487548828 -0.010650634765625 0.0233840942382813 -0.0189704895019531
0.0261592864990234 -0.0217247009277344 0.00993633270263672 -0.0165910720825195
0.022857666015625 -0.0199851989746094 -0.000597000122070311 -0.00887393951416016
0.0238494873046875 -0.0240802764892578 -0.00661325454711914 -0.00145244598388672
0.0299110412597656 -0.02191162109375 -0.0123672485351562 -0.00037956237792969
0.0338840484619141 -0.00919914245605469 -0.0215358734130859 -0.00147628784179687
0.0338935852050781 0.0015716552734375 -0.0194473266601562 -0.00815010070800781
0.0289115905761719 0.0153579711914062 -0.0160942077636719 -0.0149660110473633
0.0271644592285156 0.0261573791503906 -0.0106134414672852 -0.00517940521240234
0.0205802917480469 0.0340709686279297 -0.00886058807373047 0.0084686279296875
0.0145111083984375 0.0471992492675781 0.0103912353515625 -0.0109224319458008
0.0242805480957031 0.0448989868164063 0.018035888671875 0.0129661560058594
0.0284328460693359 0.0318107604980469 0.0234794616699219 0.0122947692871094
0.0356369018554688 0.0209999084472656 0.0298366546630859 0.00440025329589844
0.0370292663574219 0.00467681884765625 0.0229721069335938 -0.00555801391601563
0.0350475311279297 -0.0148601531982422 0.0139169692993164 -0.0127534866333008
0.0257129669189453 -0.0236454010009766 0.00112199783325195 -0.00546932220458985
0.0228805541992188 -0.0208396911621094 -0.00720167160034179 0.00260400772094726
0.0244655609130859 -0.0246105194091797 -0.0124454498291016 0.00946903228759765
0.0303726196289063 -0.0222835540771484 -0.0188159942626953 0.00812721252441406
0.0349769592285156 -0.00870132446289063 -0.0254421234130859 0.00424003601074219
0.036041259765625 0.00207901000976563 -0.0207004547119141 -0.00511550903320312
0.0316982269287109 0.0181026458740234 -0.0132198333740234 -0.0121593475341797
0.0291080474853516 0.0316963195800781 -0.00189614295959473 0.0023336410522461
0.020050048828125 0.0390434265136719 -0.00145912170410156 0.0216827392578125
0.0142364501953125 0.0437507629394531 0.0169763565063477 0.00256729125976563
0.0269241333007813 0.0415000915527344 0.0238132476806641 0.0207557678222656
0.0308723449707031 0.0267906188964844 0.0236167907714844 0.0138130187988281
0.0357551574707031 0.0145034790039062 0.0237159729003906 0.0055694580078125
0.0334854125976563 -0.000696182250976562 0.0147342681884766 -0.00155925750732422
0.0297145843505859 -0.0172042846679687 0.00397586822509766 -0.00460004806518555
0.0208911895751953 -0.0219402313232422 -0.00644826889038086 0.00632095336914062
0.0193843841552734 -0.0183277130126953 -0.0125789642333984 0.0144166946411133
0.0213260650634766 -0.0213584899902344 -0.0178585052490234 0.0201473236083984
0.0260543823242188 -0.0183258056640625 -0.0242748260498047 0.0160617828369141
0.0310630798339844 -0.00629043579101563 -0.0288810729980469 0.00941085815429688
0.0338115692138672 0.00383758544921875 -0.0219993591308594 -0.00222015380859375
0.0293636322021484 0.0199108123779297 -0.00962448120117187 -0.00951194763183594
0.0255050659179688 0.0325241088867188 0.00600814819335938 0.0102310180664063
0.0157279968261719 0.0391273498535156 0.00453567504882813 0.0358772277832031
0.011016845703125 0.0325965881347656 0.0230236053466797 0.0117588043212891
0.0242214202880859 0.0318145751953125 0.0279006958007813 0.0238037109375
0.0270156860351563 0.017669677734375 0.0228195190429688 0.0132980346679688
0.0287132263183594 0.00664901733398437 0.0178508758544922 0.00755691528320313
0.0247936248779297 -0.00480461120605469 0.00779914855957032 0.00330400466918945
0.0187225341796875 -0.01611328125 -0.00226926803588867 0.0045623779296875
0.0125446319580078 -0.016261100769043 -0.0110931396484375 0.0164127349853516
0.012176513671875 -0.0125570297241211 -0.0162868499755859 0.0234851837158203
0.0140514373779297 -0.0153970718383789 -0.0223503112792969 0.0271682739257812
0.0188617706298828 -0.0133018493652344 -0.0301399230957031 0.0204639434814453
0.0234546661376953 -0.00361061096191406 -0.0323162078857422 0.0114631652832031
0.0257339477539063 0.0048370361328125 -0.0236759185791016 -0.000865936279296876
0.0223274230957031 0.0181465148925781 -0.00878286361694336 -0.00504064559936524
0.0186882019042969 0.0287322998046875 0.0095977783203125 0.0188846588134766
0.00880622863769531 0.0330162048339844 0.00695419311523437 0.0485191345214844
0.004913330078125 0.0176944732666016 0.0266437530517578 0.0157051086425781
0.0168781280517578 0.0183334350585938 0.0297775268554687 0.0221958160400391
0.0171022415161133 0.00654792785644531 0.0206565856933594 0.0123863220214844
0.0158205032348633 -0.000691413879394531 0.0134344100952148 0.00951099395751953
0.0113563537597656 -0.00691413879394531 0.00491237640380859 0.0076441764831543
0.00545215606689453 -0.0112390518188477 -0.00527477264404297 0.0116729736328125
0.00277042388916015 -0.00741958618164062 -0.0121307373046875 0.023406982421875
0.00321578979492187 -0.00565958023071289 -0.0175933837890625 0.0295333862304688
0.00479698181152344 -0.00747251510620117 -0.02581787109375 0.0307235717773438
0.00785732269287109 -0.00777101516723633 -0.0343074798583984 0.0217704772949219
0.0122823715209961 -0.00290107727050781 -0.0347862243652344 0.0117645263671875
0.015406608581543 0.00218868255615234 -0.0256023406982422 0.000198364257812499
0.0139408111572266 0.0122766494750977 -0.00994586944580078 -0.00194358825683594
0.0102653503417969 0.0194740295410156 0.00885009765625 0.0251731872558594
0.00115966796875 0.0215396881103516 0.00654220581054688 0.0568084716796875
-0.00166606903076172 0.0024559497833252 -0.0142326354980469 -0.0524826049804688
-0.00319695472717285 -0.00319552421569824 -0.00439262390136719 -0.0227012634277344
-0.00698423385620117 0.00164508819580078 0.0119113922119141 0.00245285034179688
-0.00288772583007813 0.00664377212524414 0.0317230224609375 4.57763671875004E-05
0.00264978408813477 0.00451040267944336 0.0368576049804688 -0.0116043090820313
0.0034027099609375 0.000962495803833008 0.035247802734375 -0.0268020629882813
0.00389862060546875 -0.00279974937438965 0.0246620178222656 -0.0353164672851563
0.00243735313415527 -0.00239801406860352 0.0129451751708984 -0.0325450897216797
0.00281953811645508 -0.00240492820739746 0.0056915283203125 -0.0245323181152344
0.00516033172607422 -0.000787734985351562 0.000981330871582033 -0.0172939300537109
0.00459766387939453 0.00269365310668945 -0.0108165740966797 -0.0129184722900391
-0.000706195831298828 0.00515413284301758 -0.015716552734375 -0.0118627548217773
-0.00619888305664063 -0.000397682189941406 -0.0202255249023438 -0.0166053771972656
-0.00166654586791992 -0.00463199615478516 -0.0293827056884766 -0.0194168090820312
-0.00138890743255615 -0.00164496898651123 -0.0265064239501953 -0.0160980224609375
0.00522994995117188 0.0194244384765625 -0.00990676879882813 -0.0486373901367188
0.00562000274658203 0.0125198364257812 0.000705718994140623 -0.0179882049560547
0.00168800354003906 0.0120162963867188 0.0153493881225586 0.00268459320068359
0.00836563110351562 0.0134067535400391 0.0338211059570312 -0.000120162963867187
0.0135631561279297 0.00619316101074219 0.0368690490722656 -0.0112495422363281
0.0157546997070313 -0.00363349914550781 0.03375244140625 -0.0264225006103516
0.0134220123291016 -0.0121135711669922 0.0219936370849609 -0.0326900482177734
0.0114507675170898 -0.0110788345336914 0.00960159301757813 -0.0283012390136719
0.0118989944458008 -0.0128116607666016 0.00210952758789063 -0.0205707550048828
0.0160617828369141 -0.0104293823242188 -0.00271034240722656 -0.0152645111083984
0.0176982879638672 -0.00243377685546875 -0.0141515731811523 -0.0110807418823242
0.0139732360839844 0.00372886657714844 -0.0166616439819336 -0.0115423202514648
0.00731134414672852 0.00637197494506836 -0.0205745697021484 -0.0159530639648438
0.0102310180664063 0.00738239288330078 -0.0270271301269531 -0.0158920288085938
0.00948715209960938 0.0125045776367188 -0.0237617492675781 -0.0114498138427734
0.010894775390625 0.0346851348876953 -0.0045623779296875 -0.038909912109375
0.0132884979248047 0.0272159576416016 0.00626659393310547 -0.00916385650634765
0.0117721557617188 0.0227375030517578 0.0195636749267578 0.00569343566894531
0.0198631286621094 0.0197029113769531 0.0347957611083984 0.000543594360351564
0.0247344970703125 0.00792694091796875 0.0350131988525391 -0.0107650756835938
0.0263080596923828 -0.00855064392089844 0.0298004150390625 -0.024871826171875
0.0212421417236328 -0.0187835693359375 0.0160636901855469 -0.0261707305908203
0.0181255340576172 -0.0176963806152344 0.00431060791015625 -0.020233154296875
0.0188808441162109 -0.0214462280273438 -0.00251102447509765 -0.0118370056152344
0.0244731903076172 -0.0189800262451172 -0.0079660415649414 -0.00885391235351563
0.0279178619384766 -0.00772285461425781 -0.0185585021972656 -0.00660324096679687
0.0267467498779297 0.00172233581542969 -0.0187454223632813 -0.00975608825683594
0.0208339691162109 0.0113334655761719 -0.0195026397705078 -0.0152549743652344
0.0214118957519531 0.0174274444580078 -0.02020263671875 -0.0107936859130859
0.0177707672119141 0.0242824554443359 -0.0178318023681641 -0.00276374816894531
0.01605224609375 0.0441017150878906 0.00202369689941407 -0.0256729125976562
0.0214309692382813 0.0385055541992188 0.01251220703125 0.00231170654296875
0.0227508544921875 0.0292472839355469 0.0225200653076172 0.00920867919921875
0.0311927795410156 0.0214881896972656 0.0341815948486328 0.00163841247558594
0.0333957672119141 0.00617027282714844 0.029541015625 -0.00989341735839844
0.0332183837890625 -0.0129795074462891 0.0217742919921875 -0.0206756591796875
0.0246143341064453 -0.0238437652587891 0.00884056091308594 -0.0166292190551758
0.0219154357910156 -0.0217380523681641 -0.00152587890625 -0.00895786285400391
0.0227375030517578 -0.0269069671630859 -0.00716924667358398 -0.000788211822509766
0.0287513732910156 -0.0246162414550781 -0.0134115219116211 7.05718994140606E-05
0.0335750579833984 -0.0117912292480469 -0.0222682952880859 -0.000295639038085935
0.0347175598144531 -0.000562667846679688 -0.0209445953369141 -0.00704765319824219
0.0298442840576172 0.0140495300292969 -0.0179462432861328 -0.0138797760009766
0.0284194946289063 0.0250892639160156 -0.0114879608154297 -0.004913330078125
0.0226650238037109 0.0335960388183594 -0.0088338851928711 0.0087890625
0.0182151794433594 0.0471115112304688 0.00970458984375 -0.0112180709838867
0.0275917053222656 0.0433425903320313 0.0188694000244141 0.0125904083251953
0.0308818817138672 0.0301609039306641 0.0244083404541016 0.0118064880371094
0.0374107360839844 0.0186004638671875 0.0302467346191406 0.00335884094238281
0.0371131896972656 0.0018768310546875 0.0229282379150391 -0.00674057006835937
0.0339260101318359 -0.0169925689697266 0.0127925872802734 -0.0137233734130859
0.0239677429199219 -0.0255870819091797 0.000751018524169923 -0.00554275512695313
0.0220222473144531 -0.0228385925292969 -0.00711822509765625 0.00343179702758789
0.02276611328125 -0.0271987915039063 -0.0122480392456055 0.0112228393554687
0.02874755859375 -0.0248508453369141 -0.0187301635742187 0.00911521911621094
0.0347995758056641 -0.0114307403564453 -0.0257167816162109 0.0062408447265625
0.0370407104492188 -0.000873565673828125 -0.0216884613037109 -0.003936767578125
0.0333080291748047 0.0167369842529297 -0.0146541595458984 -0.0117263793945313
0.0311279296875 0.0295619964599609 -0.00242519378662109 0.00193929672241211
0.0233497619628906 0.0381965637207031 -0.000144958496093748 0.0223331451416016
0.0178031921386719 0.0430221557617188 0.0177154541015625 0.00216293334960938
0.0298614501953125 0.0398979187011719 0.0253829956054688 0.0198593139648438
0.0330619812011719 0.0257320404052734 0.0249614715576172 0.0129127502441406
0.0375251770019531 0.0123748779296875 0.0246391296386719 0.00517654418945313
0.0341224670410156 -0.0029296875 0.0143356323242188 -0.00219440460205078
0.0283584594726562 -0.0193557739257813 0.00387144088745117 -0.00481891632080078
0.0195274353027344 -0.0231876373291016 -0.00602149963378906 0.0067439079284668
0.018341064453125 -0.0198631286621094 -0.0121040344238281 0.0158100128173828
0.0199489593505859 -0.0232143402099609 -0.0169219970703125 0.0217647552490234
0.0249614715576172 -0.0206775665283203 -0.0239830017089844 0.0175418853759766
0.0314159393310547 -0.00892829895019531 -0.0292797088623047 0.0115947723388672
0.0340309143066406 0.00128364562988281 -0.0228958129882812 -0.00108146667480469
0.0306110382080078 0.0180683135986328 -0.0112581253051758 -0.0086212158203125
0.0279178619384766 0.0312881469726563 0.00608921051025391 0.00995349884033203
0.0188713073730469 0.0384521484375 0.0064239501953125 0.0356559753417969
0.0136089324951172 0.0317401885986328 0.0245628356933594 0.0105648040771484
0.0266571044921875 0.0300960540771484 0.0303707122802734 0.0231533050537109
0.0285053253173828 0.0162906646728516 0.0234279632568359 0.0125484466552734
0.0294265747070313 0.00436973571777344 0.0180568695068359 0.0069580078125
0.0244235992431641 -0.00690841674804688 0.00837850570678711 0.00340652465820313
0.0176906585693359 -0.0173683166503906 -0.00220584869384766 0.00539493560791016
0.0113458633422852 -0.0170421600341797 -0.00969982147216797 0.0172586441040039
0.0115747451782227 -0.0139331817626953 -0.0142612457275391 0.0253582000732422
0.013092041015625 -0.0162315368652344 -0.0210380554199219 0.0289669036865234
0.0177936553955078 -0.0146217346191406 -0.0290298461914063 0.0225028991699219
0.0235271453857422 -0.00567817687988281 -0.0321178436279297 0.0138683319091797
0.0264492034912109 0.00292778015136719 -0.0245342254638672 0.000822067260742191
0.0237483978271484 0.0167808532714844 -0.00983810424804687 -0.00537681579589844
0.020294189453125 0.0274467468261719 0.0103530883789063 0.0180644989013672
0.0113716125488281 0.0325469970703125 0.0101318359375 0.0478401184082031
0.00619602203369141 0.0171995162963867 0.0291824340820313 0.0144481658935547
0.0183315277099609 0.0169315338134766 0.0318031311035156 0.0218219757080078
0.0182571411132813 0.00549888610839844 0.0215930938720703 0.0118694305419922
0.0159416198730469 -0.00158596038818359 0.0140600204467773 0.00948905944824219
0.0107183456420898 -0.00783538818359375 0.00552511215209961 0.00753688812255859
0.00458335876464844 -0.011357307434082 -0.0048675537109375 0.0118722915649414
0.00192165374755859 -0.00746059417724609 -0.0103721618652344 0.0244045257568359
0.00313854217529297 -0.00573062896728516 -0.0158233642578125 0.0309047698974609
0.00384140014648437 -0.00796365737915039 -0.0238208770751953 0.0328845977783203
0.00682497024536133 -0.00794887542724609 -0.033477783203125 0.0249271392822266
0.0121908187866211 -0.00392818450927734 -0.0349102020263672 0.0144004821777344
0.0156259536743164 0.00113677978515625 -0.0256481170654297 0.00224876403808594
0.0143909454345703 0.0110101699829102 -0.0104427337646484 -0.00141334533691406
0.0122356414794922 0.0184993743896484 0.00988197326660156 0.0243587493896484
0.00287246704101562 0.0210723876953125 0.00951004028320313 0.0563583374023438
-0.00108194351196289 0.00294804573059082 -0.01593017578125 -0.0506782531738281
-0.00294256210327148 -0.00281524658203125 -0.00527191162109375 -0.0216789245605469
-0.00675249099731445 0.00174522399902344 0.0119209289550781 0.00157546997070313
-0.00146150588989258 0.00626802444458008 0.0309467315673828 -0.00165939331054687
0.00243282318115234 0.00400590896606445 0.03594970703125 -0.0133438110351563
0.00352954864501953 0.000320911407470703 0.0328960418701172 -0.0286941528320312
0.00392794609069824 -0.00347065925598145 0.0217552185058594 -0.0360832214355469
0.00294947624206543 -0.00246071815490723 0.0103530883789063 -0.03216552734375
0.00288677215576172 -0.00258588790893555 0.00403213500976562 -0.0243949890136719
0.00581884384155273 -0.00124073028564453 -0.000395774841308594 -0.0173158645629883
0.00508832931518555 0.00257587432861328 -0.0110158920288086 -0.0116977691650391
-0.000426292419433593 0.00525808334350586 -0.016118049621582 -0.0108642578125
-0.00615072250366211 0.00056314468383789 -0.020477294921875 -0.0154571533203125
-0.00153565406799316 -0.00425481796264648 -0.0300254821777344 -0.0178947448730469
-0.00152015686035156 -0.00120198726654053 -0.0272922515869141 -0.0144996643066406
0.00673866271972656 0.0192127227783203 -0.011260986328125 -0.04644775390625
0.0064849853515625 0.0119400024414063 0.000244140625000001 -0.0171842575073242
0.00280570983886719 0.0120420455932617 0.0153789520263672 0.00189685821533203
0.00913906097412109 0.0124683380126953 0.0329799652099609 -0.00165748596191406
0.0140085220336914 0.00516033172607422 0.0356636047363281 -0.0128402709960938
0.0153493881225586 -0.00477790832519531 0.0318336486816406 -0.0280380249023438
0.0127162933349609 -0.0129737854003906 0.0194072723388672 -0.0332126617431641
0.0108203887939453 -0.0120210647583008 0.00742912292480469 -0.0278797149658203
0.0110931396484375 -0.0136041641235352 0.000562667846679688 -0.0203285217285156
0.0155096054077148 -0.0112133026123047 -0.00390529632568359 -0.0149202346801758
0.0178337097167969 -0.00342369079589844 -0.0147056579589844 -0.0101299285888672
0.014674186706543 0.00350856781005859 -0.0170459747314453 -0.0106315612792969
0.00806713104248047 0.00625991821289063 -0.0207595825195313 -0.0150356292724609
0.0100688934326172 0.00681877136230469 -0.0275058746337891 -0.0142478942871094
0.00963497161865234 0.0119075775146484 -0.0242500305175781 -0.00978660583496093
0.0131149291992188 0.0330486297607422 -0.00566864013671875 -0.0372772216796875
0.0145359039306641 0.0258960723876953 0.00603103637695313 -0.00845241546630859
0.013092041015625 0.0216884613037109 0.01947021484375 0.00500297546386719
0.0213584899902344 0.0178451538085938 0.0343723297119141 -0.00102043151855469
0.0248928070068359 0.00627899169921875 0.0334682464599609 -0.0127239227294922
0.0254478454589844 -0.00982475280761719 0.0278663635253906 -0.0257148742675781
0.0195903778076172 -0.0200786590576172 0.0144462585449219 -0.0266494750976563
0.0168724060058594 -0.0188674926757813 0.00279617309570313 -0.0194797515869141
0.0171470642089844 -0.0220851898193359 -0.003173828125 -0.0113563537597656
0.0230064392089844 -0.0202960968017578 -0.00870561599731445 -0.00850439071655273
0.0269317626953125 -0.00960731506347656 -0.0191764831542969 -0.00563621520996094
0.0265827178955078 0.000356674194335937 -0.0192222595214844 -0.00902366638183594
0.0206413269042969 0.0100479125976563 -0.0204181671142578 -0.0138740539550781
0.0216331481933594 0.0163307189941406 -0.0211544036865234 -0.00969505310058594
0.0188522338867188 0.0228061676025391 -0.0177936553955078 -0.00152587890625
0.0178565979003906 0.0424118041992188 0.0013885498046875 -0.0244712829589844
0.0230369567871094 0.0361824035644531 0.0124797821044922 0.00231170654296875
0.0237045288085938 0.0276374816894531 0.0226287841796875 0.00815391540527344
0.0319232940673828 0.0191211700439453 0.0339927673339844 0.000270843505859376
0.0334835052490234 0.00407600402832031 0.0286827087402344 -0.0108680725097656
0.0315437316894531 -0.0150051116943359 0.0200595855712891 -0.0214080810546875
0.0225963592529297 -0.0250911712646484 0.00743293762207031 -0.0163297653198242
0.0208225250244141 -0.0233020782470703 -0.00175905227661133 -0.00798273086547852
0.0206108093261719 -0.0273666381835938 -0.00704002380371094 0.000237464904785155
0.026519775390625 -0.0258655548095703 -0.01318359375 0.000691413879394527
0.0327358245849609 -0.0134296417236328 -0.0224723815917969 0.00138664245605468
0.0339469909667969 -0.00262832641601563 -0.0207672119140625 -0.00622749328613281
0.0295791625976563 0.0121192932128906 -0.0187244415283203 -0.0124549865722656
0.0292453765869141 0.0232143402099609 -0.0123748779296875 -0.00464153289794922
0.0242977142333984 0.0315055847167969 -0.0087594985961914 0.00914859771728516
0.0207252502441406 0.0449066162109375 0.00929450988769532 -0.0107002258300781
0.0288925170898438 0.0403976440429688 0.0194664001464844 0.0119857788085938
0.0317611694335937 0.0281982421875 0.0242557525634766 0.0113620758056641
0.0384368896484375 0.0164566040039063 0.0298442840576172 0.00234603881835938
0.036163330078125 0.000179290771484375 0.0218544006347656 -0.00735282897949219
0.0319766998291016 -0.018463134765625 0.0115394592285156 -0.0138225555419922
0.0215835571289063 -0.0260047912597656 0.000249385833740236 -0.00500345230102539
0.0201568603515625 -0.0241546630859375 -0.00686502456665039 0.00466442108154297
0.0208091735839844 -0.0279121398925781 -0.0114593505859375 0.0120277404785156
0.0268135070800781 -0.0258560180664063 -0.0181598663330078 0.00996780395507812
0.0333919525146484 -0.0133209228515625 -0.0251903533935547 0.00774192810058594
0.0368003845214844 -0.003021240234375 -0.0217723846435547 -0.00258064270019531
0.0334262847900391 0.0143642425537109 -0.0154485702514648 -0.0104942321777344
0.0318508148193359 0.0279083251953125 -0.00259757041931152 0.00221848487854004
0.0253715515136719 0.0361366271972656 6.10351562500007E-05 0.0217628479003906
0.0205307006835938 0.0407562255859375 0.0179901123046875 0.00149154663085938
0.03179931640625 0.0373725891113281 0.0261077880859375 0.0190410614013672
0.03363037109375 0.023101806640625 0.0247440338134766 0.0122852325439453
0.0371170043945313 0.010040283203125 0.0239295959472656 0.004364013671875
0.0334892272949219 -0.00498580932617187 0.0141410827636719 -0.00256156921386719
0.0261173248291016 -0.0202465057373047 0.00338220596313477 -0.00431418418884277
0.0169124603271484 -0.0240364074707031 -0.00535774230957031 0.0072021484375
0.0168075561523438 -0.0204944610595703 -0.0107641220092773 0.0161018371582031
0.0175399780273438 -0.0237960815429688 -0.0152797698974609 0.0224456787109375
0.0233821868896484 -0.0215301513671875 -0.0229911804199219 0.0186595916748047
0.0299949645996094 -0.0107650756835937 -0.0287437438964844 0.0126895904541016
0.0336952209472656 -0.00130271911621094 -0.0224246978759766 0.000209808349609374
0.03082275390625 0.0160770416259766 -0.0128545761108398 -0.00763511657714844
0.0289020538330078 0.0292682647705078 0.00641822814941406 0.0091094970703125
0.0211601257324219 0.0364608764648438 0.00733566284179688 0.0345630645751953
0.0157661437988281 0.0296840667724609 0.0253963470458984 0.0100421905517578
0.0279254913330078 0.0273971557617187 0.0310993194580078 0.0209426879882813
0.0289592742919922 0.0144424438476563 0.0237045288085938 0.0116806030273438
0.0289573669433594 0.00250625610351563 0.0183658599853516 0.00644302368164063
0.0232486724853516 -0.00826263427734375 0.00837421417236328 0.00269269943237305
0.0158576965332031 -0.0179729461669922 -0.0020899772644043 0.00496721267700195
0.0099334716796875 -0.0165815353393555 -0.00828933715820312 0.0176200866699219
0.0105571746826172 -0.0143394470214844 -0.0127220153808594 0.0260753631591797
0.0123453140258789 -0.0162506103515625 -0.0188941955566406 0.0301456451416016
0.0161399841308594 -0.0148086547851563 -0.0281448364257813 0.0237026214599609
0.0228958129882813 -0.00647735595703125 -0.0312900543212891 0.0151729583740234
0.0259990692138672 0.000829696655273437 -0.0237483978271484 0.00252914428710938
0.024169921875 0.0151767730712891 -0.0104150772094727 -0.00380897521972656
0.0210018157958984 0.0257701873779297 0.010528564453125 0.0166530609130859
0.0135307312011719 0.0314197540283203 0.0117454528808594 0.0464363098144531
0.00750541687011719 0.0153751373291016 0.0289134979248047 0.012603759765625
0.018585205078125 0.0149421691894531 0.0332012176513672 0.0203323364257813
0.0179710388183594 0.00420570373535156 0.0215606689453125 0.0111846923828125
0.0152072906494141 -0.00324821472167969 0.0143518447875977 0.00914573669433594
0.00963497161865234 -0.00829982757568359 0.0056605339050293 0.00764942169189453
0.00315189361572266 -0.0114078521728516 -0.00378131866455078 0.0123023986816406
0.00128746032714844 -0.00704622268676758 -0.00833511352539063 0.0245838165283203
0.00274944305419922 -0.00545501708984375 -0.0130596160888672 0.0311546325683594
0.00351381301879883 -0.00731801986694336 -0.0212173461914063 0.0335845947265625
0.00555610656738281 -0.00792074203491211 -0.0317096710205078 0.0255813598632813
0.0113821029663086 -0.00429725646972656 -0.0336723327636719 0.0163154602050781
0.0151891708374023 -5.81741333007813E-05 -0.0252227783203125 0.00396156311035157
0.014592170715332 0.00959587097167969 -0.0111799240112305 -0.00043010711669922
0.0128097534179687 0.0174093246459961 0.0106792449951172 0.0230770111083984
0.00421142578125 0.0204105377197266 0.0119285583496094 0.0550765991210938
-0.000863313674926758 0.00280499458312988 -0.0156707763671875 -0.0481529235839844
-0.00271964073181152 -0.00245976448059082 -0.00489616394042969 -0.0203990936279297
-0.00611352920532227 0.00212669372558594 0.012171745300293 0.00112342834472656
-0.00106668472290039 0.00631904602050781 0.0307521820068359 -0.00261878967285156
0.00260710716247559 0.00324010848999023 0.0345821380615234 -0.0137481689453125
0.003509521484375 -2.19345092773437E-05 0.0313606262207031 -0.0283737182617188
0.00417280197143555 -0.00423312187194824 0.0196151733398438 -0.035308837890625
0.00318193435668945 -0.0022437572479248 0.00864028930664063 -0.0310001373291016
0.00330305099487305 -0.00275444984436035 0.00299835205078125 -0.02410888671875
0.00580024719238281 -0.00164699554443359 -0.000598907470703126 -0.0172414779663086
0.00538301467895508 0.0021214485168457 -0.0110921859741211 -0.0114059448242187
-4.29153442382872E-06 0.00543451309204102 -0.0158271789550781 -0.0100507736206055
-0.00549888610839844 0.00114965438842773 -0.0201339721679687 -0.015045166015625
-0.00208044052124023 -0.00395846366882324 -0.0297946929931641 -0.0164909362792969
-0.00150513648986816 -0.000990152359008789 -0.0268268585205078 -0.0135726928710938
0.00710868835449219 0.0184535980224609 -0.0113906860351562 -0.0440902709960938
0.00616455078125 0.0114107131958008 -0.000126838684082032 -0.0163707733154297
0.00340652465820312 0.0116481781005859 0.015040397644043 0.0015411376953125
0.00996303558349609 0.011897087097168 0.0321731567382813 -0.00246047973632812
0.0140762329101563 0.00472640991210938 0.0344276428222656 -0.0135135650634766
0.014613151550293 -0.00526046752929688 0.0300159454345703 -0.0276870727539062
0.0119094848632813 -0.0129117965698242 0.0175991058349609 -0.0319385528564453
0.0104694366455078 -0.0115194320678711 0.00612258911132813 -0.0266933441162109
0.0109920501708984 -0.0134096145629883 -0.00040435791015625 -0.0196628570556641
0.0153093338012695 -0.0115995407104492 -0.00447845458984375 -0.0148525238037109
0.0176639556884766 -0.00369834899902344 -0.0140113830566406 -0.00967597961425781
0.0145187377929688 0.00328254699707031 -0.0168924331665039 -0.00995635986328125
0.00772237777709961 0.00612592697143555 -0.0205974578857422 -0.0140151977539063
0.0101699829101563 0.00668048858642578 -0.0270175933837891 -0.0135002136230469
0.00958824157714844 0.0113925933837891 -0.0239448547363281 -0.00886917114257813
0.0134048461914062 0.0317039489746094 -0.0057830810546875 -0.0357284545898438
0.0152931213378906 0.0245723724365234 0.00568056106567383 -0.00788545608520508
0.0136165618896484 0.0207157135009766 0.0186367034912109 0.00456619262695313
0.0214977264404297 0.0167808532714844 0.0333232879638672 -0.00117301940917969
0.0244483947753906 0.00533294677734375 0.0325717926025391 -0.0123176574707031
0.0243625640869141 -0.0098114013671875 0.0257053375244141 -0.0256214141845703
0.0182704925537109 -0.0201740264892578 0.0129013061523438 -0.0251750946044922
0.0163612365722656 -0.0186443328857422 0.00208854675292969 -0.0182971954345703
0.0162506103515625 -0.0221004486083984 -0.00367355346679687 -0.0104656219482422
0.02203369140625 -0.0206546783447266 -0.00961971282958984 -0.00798130035400391
0.0264549255371094 -0.0100383758544922 -0.018829345703125 -0.00479888916015625
0.0260143280029297 -0.000219345092773438 -0.0186233520507813 -0.00806236267089844
0.0200824737548828 0.00953102111816406 -0.0203018188476562 -0.0131797790527344
0.0206108093261719 0.01544189453125 -0.0208988189697266 -0.00881576538085938
0.0188846588134766 0.0218372344970703 -0.0173521041870117 -0.00123214721679688
0.0188026428222656 0.0404586791992188 0.00133514404296875 -0.0231571197509766
0.0233173370361328 0.0343189239501953 0.0122270584106445 0.002197265625
0.023468017578125 0.02587890625 0.0222282409667969 0.00847816467285156
0.0317325592041016 0.0180511474609375 0.0324268341064453 0.000488281250000001
0.0324573516845703 0.00317192077636719 0.0273933410644531 -0.0110530853271484
0.0300254821777344 -0.0150184631347656 0.0185737609863281 -0.0208816528320313
0.0213222503662109 -0.0244388580322266 0.00695037841796875 -0.0158262252807617
0.0193653106689453 -0.022918701171875 -0.00246477127075195 -0.00696563720703125
0.0189018249511719 -0.0273189544677734 -0.00725221633911133 -9.7751617431643E-05
0.0250186920166016 -0.0255107879638672 -0.0131139755249023 0.00117111206054687
0.0313224792480469 -0.0141353607177734 -0.0218448638916016 0.00156784057617188
0.0335159301757812 -0.00348281860351562 -0.0200271606445312 -0.0053558349609375
0.0289115905761719 0.0117263793945313 -0.0188484191894531 -0.0117683410644531
0.028839111328125 0.0222492218017578 -0.0123205184936523 -0.00413417816162109
0.0244407653808594 0.02996826171875 -0.00881481170654297 0.00879955291748047
0.0215797424316406 0.0428085327148438 0.00946235656738281 -0.0102443695068359
0.0291671752929688 0.0382308959960938 0.0186233520507813 0.0119800567626953
0.0308036804199219 0.0269203186035156 0.0240650177001953 0.0110244750976563
0.0374946594238281 0.0149154663085938 0.0290622711181641 0.00264167785644531
0.0352783203125 -0.00123977661132813 0.0206699371337891 -0.00678634643554688
0.0298099517822266 -0.01849365234375 0.0104236602783203 -0.0136823654174805
0.0206642150878906 -0.0255775451660156 0.000571489334106447 -0.00423002243041992
0.0190505981445313 -0.02301025390625 -0.0065927505493164 0.00511932373046875
0.0191020965576172 -0.0272483825683594 -0.0110788345336914 0.0120458602905273
0.0250511169433594 -0.0255050659179688 -0.0179424285888672 0.0100154876708984
0.03216552734375 -0.0138931274414062 -0.0247440338134766 0.00784111022949219
0.0354576110839844 -0.00381851196289063 -0.0210609436035156 -0.00211715698242188
0.0324916839599609 0.0137176513671875 -0.0162296295166016 -0.00925445556640625
0.0315113067626953 0.0263423919677734 -0.00250363349914551 0.00176239013671875
0.0256805419921875 0.0341548919677734 0.000110626220703127 0.0211219787597656
0.0208320617675781 0.0383186340332031 0.0176486968994141 0.00187110900878906
0.0309772491455078 0.0345211029052734 0.0257434844970703 0.0182113647460938
0.0326557159423828 0.0216178894042969 0.0241260528564453 0.0122470855712891
0.0366172790527344 0.00871658325195313 0.0234165191650391 0.00466537475585938
0.0318126678466797 -0.00549697875976563 0.0135068893432617 -0.00233554840087891
0.024505615234375 -0.0197563171386719 0.00282764434814453 -0.00417137145996094
0.0158176422119141 -0.0231380462646484 -0.00488042831420898 0.00785398483276367
0.0153751373291016 -0.0201396942138672 -0.00974559783935547 0.0167760848999023
0.0163097381591797 -0.0231246948242187 -0.01373291015625 0.0224399566650391
0.0212936401367188 -0.0210914611816406 -0.0220775604248047 0.0185050964355469
0.0285453796386719 -0.0112228393554688 -0.0276088714599609 0.0132789611816406
0.0326690673828125 -0.00203514099121094 -0.0223789215087891 0.00114250183105469
0.0299568176269531 0.0150260925292969 -0.0127992630004883 -0.00664234161376953
0.0285549163818359 0.0278205871582031 0.005218505859375 0.0084981918334961
0.0217247009277344 0.0348033905029297 0.00772476196289063 0.0333404541015625
0.0161228179931641 0.0282344818115234 0.0247344970703125 0.00905799865722656
0.0272769927978516 0.0253620147705078 0.0303916931152344 0.0203590393066406
0.0282115936279297 0.0128993988037109 0.0235977172851563 0.0115871429443359
0.0279960632324219 0.0013427734375 0.0181159973144531 0.006988525390625
0.0221290588378906 -0.00847816467285156 0.00778579711914063 0.00342178344726562
0.0146389007568359 -0.01702880859375 -0.00218343734741211 0.0049748420715332
0.00886154174804688 -0.0160312652587891 -0.00751876831054687 0.017542839050293
0.0101556777954102 -0.0135097503662109 -0.0115165710449219 0.0257091522216797
0.0110940933227539 -0.0156078338623047 -0.0171375274658203 0.0297203063964844
0.0151643753051758 -0.0146265029907227 -0.0262794494628906 0.0237865447998047
0.0210418701171875 -0.00687980651855469 -0.029937744140625 0.0158977508544922
0.0251026153564453 -0.000150680541992188 -0.0231609344482422 0.00301361083984375
0.0229682922363281 0.0141677856445312 -0.010716438293457 -0.00353431701660156
0.0212593078613281 0.0242519378662109 0.0103378295898438 0.0155963897705078
0.0137557983398437 0.0292434692382812 0.0117149353027344 0.0440444946289063
0.00775909423828125 0.0144472122192383 0.0286216735839844 0.0124034881591797
0.0182456970214844 0.0134849548339844 0.0325202941894531 0.0186729431152344
0.0175876617431641 0.00349044799804688 0.0219039916992188 0.0105724334716797
0.0144863128662109 -0.00362396240234375 0.0140705108642578 0.00912666320800781
0.00854969024658203 -0.00815582275390625 0.00565195083618164 0.00803232192993164
0.00259971618652344 -0.0104770660400391 -0.00350093841552734 0.0124893188476563
0.000949382781982422 -0.00653457641601563 -0.00724220275878906 0.0243129730224609
0.00237512588500977 -0.00523710250854492 -0.0113945007324219 0.030914306640625
0.0028834342956543 -0.00673770904541016 -0.0195903778076172 0.0332527160644531
0.00515270233154297 -0.00777769088745117 -0.0297832489013672 0.0260238647460937
0.0109853744506836 -0.00450420379638672 -0.0321788787841797 0.0167751312255859
0.0143146514892578 -0.000870704650878906 -0.0250453948974609 0.00415802001953125
0.0143032073974609 0.00920772552490235 -0.0104961395263672 -0.00016307830810547
0.0126466751098633 0.0165033340454102 0.0105476379394531 0.0215396881103516
0.00510025024414063 0.0191230773925781 0.0126380920410156 0.0519294738769531
-0.000716924667358398 0.00317478179931641 -0.0142745971679688 -0.0467720031738281
-0.00199747085571289 -0.0022270679473877 -0.00432205200195312 -0.0201969146728516
-0.0055079460144043 0.00202512741088867 0.012019157409668 0.00126361846923828
-0.000979423522949219 0.00561714172363281 0.0297431945800781 -0.00181198120117187
0.00265955924987793 0.00297307968139649 0.0341243743896484 -0.0134639739990234
0.00405240058898926 -0.000197649002075195 0.0308647155761719 -0.0281162261962891
0.00447463989257813 -0.00428438186645508 0.0194892883300781 -0.0345592498779297
0.00337481498718262 -0.0030057430267334 0.00901985168457031 -0.0298042297363281
0.00368690490722656 -0.00265669822692871 0.00298690795898437 -0.0233192443847656
0.00621604919433594 -0.00137758255004883 -0.000435829162597657 -0.0169878005981445
0.00565862655639648 0.00215435028076172 -0.0105791091918945 -0.011347770690918
0.000252246856689453 0.00579261779785156 -0.0147218704223633 -0.0101222991943359
-0.00580453872680664 0.00111675262451172 -0.0192127227783203 -0.0156745910644531
-0.00211906433105469 -0.00317788124084473 -0.0289382934570312 -0.0173702239990234
-0.00144374370574951 -0.000337362289428711 -0.0260868072509766 -0.0136470794677734
0.00695037841796875 0.0184230804443359 -0.00995254516601562 -0.042999267578125
0.00623130798339844 0.0108346939086914 3.05175781250014E-05 -0.0157194137573242
0.00378799438476562 0.0114164352416992 0.0150642395019531 0.00239372253417969
0.0101766586303711 0.0113258361816406 0.03173828125 -0.00157546997070312
0.0135288238525391 0.00442123413085938 0.0335845947265625 -0.0126838684082031
0.0147113800048828 -0.00488948822021484 0.0298557281494141 -0.0265083312988281
0.011906623840332 -0.0127773284912109 0.0177574157714844 -0.0309772491455078
0.0108880996704102 -0.0120391845703125 0.00582695007324219 -0.0253143310546875
0.0108375549316406 -0.0134735107421875 -0.000387191772460935 -0.0186805725097656
0.0152521133422852 -0.0115728378295898 -0.00460052490234375 -0.0148124694824219
0.0175056457519531 -0.00366592407226563 -0.0141677856445312 -0.00944137573242188
0.0141544342041016 0.00341033935546875 -0.0162868499755859 -0.0106191635131836
0.00732898712158203 0.00675010681152344 -0.0206985473632812 -0.0146293640136719
0.0086970329284668 0.00711345672607422 -0.0266284942626953 -0.0138149261474609
0.00953102111816406 0.0112762451171875 -0.023590087890625 -0.00963211059570312
0.0133552551269531 0.0309944152832031 -0.00506782531738281 -0.0340061187744141
0.014617919921875 0.0241050720214844 0.00597095489501953 -0.00697803497314453
0.0133113861083984 0.0208244323730469 0.0188865661621094 0.00589179992675781
0.0207958221435547 0.0164432525634766 0.0326080322265625 -0.000528335571289062
0.0242080688476563 0.00537490844726563 0.0315036773681641 -0.0116386413574219
0.0234565734863281 -0.00945663452148438 0.0249500274658203 -0.0244522094726563
0.0181369781494141 -0.0192928314208984 0.0127182006835938 -0.0243434906005859
0.0163860321044922 -0.0185775756835938 0.00196647644042969 -0.016993522644043
0.0167312622070313 -0.0217628479003906 -0.00399971008300781 -0.0101089477539063
0.0215740203857422 -0.0204410552978516 -0.009521484375 -0.00836753845214844
0.0262985229492187 -0.00964927673339844 -0.0183944702148438 -0.00471115112304687
0.0254383087158203 0.000421524047851563 -0.0181655883789063 -0.00822639465332031
0.0191612243652344 0.0104198455810547 -0.0197010040283203 -0.0136337280273437
0.019866943359375 0.0158290863037109 -0.0206165313720703 -0.00936126708984375
0.0182437896728516 0.0220355987548828 -0.0176067352294922 -0.00133895874023438
0.0181961059570313 0.03961181640625 0.00214767456054688 -0.0223197937011719
0.02203369140625 0.0339851379394531 0.0120706558227539 0.00302982330322266
0.0231151580810547 0.0261974334716797 0.0209712982177734 0.0091552734375
0.0313587188720703 0.0172901153564453 0.0310039520263672 0.00150299072265625
0.0316886901855469 0.003173828125 0.0272426605224609 -0.00974464416503906
0.0288314819335937 -0.0139904022216797 0.018402099609375 -0.0195484161376953
0.0210762023925781 -0.0237865447998047 0.00679969787597656 -0.0151100158691406
0.0198078155517578 -0.0222339630126953 -0.00223541259765625 -0.00621843338012695
0.0190639495849609 -0.0263214111328125 -0.00728273391723633 0.00102424621582031
0.0244693756103516 -0.0247993469238281 -0.0139398574829102 0.00102329254150391
0.0311660766601563 -0.0133800506591797 -0.0214157104492187 0.00163841247558594
0.0330219268798828 -0.00275611877441406 -0.0201168060302734 -0.00558280944824219
0.0282039642333984 0.0124759674072266 -0.0189266204833984 -0.0112094879150391
0.0274887084960938 0.0223941802978516 -0.0123167037963867 -0.00320339202880859
0.0239238739013672 0.0295028686523438 -0.00909709930419922 0.0084218978881836
0.0213127136230469 0.0417633056640625 0.0104093551635742 -0.00921821594238281
0.0284690856933594 0.0369758605957031 0.0185985565185547 0.0126380920410156
0.0304393768310547 0.0260810852050781 0.0230312347412109 0.0114860534667969
0.0365142822265625 0.0148429870605469 0.0283584594726563 0.00321006774902344
0.0343570709228516 -0.000658035278320313 0.0207061767578125 -0.00672340393066406
0.0294952392578125 -0.0179653167724609 0.00996589660644531 -0.0131921768188477
0.0198383331298828 -0.0246639251708984 0.000792503356933595 -0.00400614738464356
0.0191535949707031 -0.0227012634277344 -0.00642251968383789 0.00567340850830078
0.0192813873291016 -0.0266189575195312 -0.0110912322998047 0.0123510360717773
0.0246658325195312 -0.0247325897216797 -0.0177974700927734 0.00994491577148438
0.0312538146972656 -0.0137996673583984 -0.0243988037109375 0.00733375549316406
0.0351219177246094 -0.00333595275878906 -0.0214786529541016 -0.00234413146972656
0.0316104888916016 0.0135250091552734 -0.0162067413330078 -0.00892734527587891
0.0306472778320313 0.0263690948486328 -0.0033426284790039 0.00199127197265625
0.0246372222900391 0.0340499877929687 -0.000318527221679685 0.020111083984375
0.0203514099121094 0.0379905700683594 0.0178775787353516 0.00216293334960938
0.0297966003417969 0.0339775085449219 0.0249481201171875 0.0189628601074219
0.0313301086425781 0.0214653015136719 0.0239410400390625 0.0123920440673828
0.0353546142578125 0.00864791870117188 0.0232048034667969 0.00523185729980469
0.0307750701904297 -0.00526809692382813 0.0132522583007813 -0.00164318084716797
0.0243282318115234 -0.0186672210693359 0.00287771224975586 -0.00357604026794434
0.0154571533203125 -0.0218830108642578 -0.00435113906860351 0.00761699676513672
0.0159091949462891 -0.0190639495849609 -0.00933265686035156 0.0170860290527344
0.0162639617919922 -0.0224514007568359 -0.0138397216796875 0.0219173431396484
0.0211048126220703 -0.0202121734619141 -0.0218696594238281 0.0181903839111328
0.0278282165527344 -0.0108146667480469 -0.0269832611083984 0.0127677917480469
0.0321731567382813 -0.00179100036621094 -0.0219230651855469 0.000675201416015623
0.0294952392578125 0.0150394439697266 -0.0128917694091797 -0.00679397583007812
0.0275344848632813 0.0273303985595703 0.00526571273803711 0.00848817825317383
0.0207138061523437 0.0341243743896484 0.00699234008789063 0.0323867797851563
0.0160846710205078 0.0267295837402344 0.0236740112304688 0.00961494445800782
0.0265674591064453 0.0253868103027344 0.0296173095703125 0.0210647583007813
0.0270442962646484 0.0132026672363281 0.0223350524902344 0.0122718811035156
0.0274982452392578 0.00174522399902344 0.0174655914306641 0.00798892974853516
0.02178955078125 -0.00778579711914062 0.00726318359375 0.00343656539916992
0.0141315460205078 -0.0162897109985352 -0.00206661224365234 0.00528907775878906
0.00894832611083984 -0.0153617858886719 -0.0075387954711914 0.0174312591552734
0.00991916656494141 -0.0128030776977539 -0.010986328125 0.0255546569824219
0.0113983154296875 -0.0147562026977539 -0.0170497894287109 0.0289745330810547
0.014918327331543 -0.0137767791748047 -0.0262508392333984 0.0231590270996094
0.0206871032714844 -0.00702476501464844 -0.0294532775878906 0.0161342620849609
0.0243301391601562 -2.47955322265625E-05 -0.0229034423828125 0.00282669067382813
0.0226554870605469 0.0135459899902344 -0.0106277465820312 -0.00327396392822266
0.0202922821044922 0.0238914489746094 0.00954627990722656 0.0156478881835938
0.0132808685302734 0.0285129547119141 0.010284423828125 0.04327392578125
0.00751018524169922 0.013519287109375 0.0282611846923828 0.0130062103271484
0.0182361602783203 0.012939453125 0.0311985015869141 0.0195236206054688
0.016963005065918 0.00340461730957031 0.0214481353759766 0.0110569000244141
0.0143489837646484 -0.00362014770507813 0.0138797760009766 0.00936412811279297
0.008819580078125 -0.00792980194091797 0.00580310821533203 0.00817251205444336
0.00260639190673828 -0.00975608825683594 -0.00295543670654297 0.0125513076782227
0.000651359558105468 -0.00514030456542969 -0.00715255737304688 0.0235939025878906
0.00272893905639648 -0.00498437881469726 -0.0107975006103516 0.0300350189208984
0.00293397903442383 -0.00618171691894531 -0.0194911956787109 0.0327835083007813
0.00494909286499023 -0.00709867477416992 -0.0299873352050781 0.0255355834960938
0.0104398727416992 -0.00444507598876953 -0.0317478179931641 0.015869140625
0.0145368576049805 -0.000664710998535156 -0.0242118835449219 0.00397300720214844
0.0138177871704102 0.00902557373046875 -0.0104846954345703 -0.000402450561523435
0.0121040344238281 0.0157957077026367 0.00983238220214844 0.0205173492431641
0.00504112243652344 0.0182723999023438 0.0108604431152344 0.0512123107910156
-0.000384092330932617 0.00331830978393555 -0.0125274658203125 -0.0481491088867188
-0.00280356407165527 -0.00207853317260742 -0.00422096252441406 -0.01971435546875
-0.00575637817382813 0.00207376480102539 0.0117454528808594 0.00198268890380859
-0.000322818756103515 0.00571489334106445 0.0302886962890625 -0.00101852416992187
0.00307726860046387 0.00346922874450684 0.0346050262451172 -0.0125350952148438
0.00391340255737305 -0.000145673751831055 0.0318679809570313 -0.0275535583496094
0.00423288345336914 -0.00467777252197266 0.0205783843994141 -0.0342426300048828
0.00429630279541016 -0.0037686824798584 0.0087890625 -0.029510498046875
0.00420427322387695 -0.00308609008789063 0.00283432006835938 -0.0234470367431641
0.00621795654296875 -0.00164222717285156 -0.000882148742675782 -0.0175685882568359
0.00665140151977539 0.00212240219116211 -0.010432243347168 -0.0123119354248047
0.00032806396484375 0.00613212585449219 -0.0143651962280273 -0.011958122253418
-0.00564002990722656 0.00162029266357422 -0.0201530456542969 -0.0166683197021484
-0.00242757797241211 -0.00320982933044434 -0.0290412902832031 -0.0185489654541016
-0.00116539001464844 -0.000312685966491699 -0.0266017913818359 -0.0140800476074219
0.00693321228027344 0.0188770294189453 -0.00839614868164063 -0.0435066223144531
0.00576591491699219 0.0118551254272461 0.000754356384277344 -0.0154552459716797
0.00313091278076172 0.011927604675293 0.0150556564331055 0.00283145904541016
0.00998020172119141 0.0114402770996094 0.0319442749023438 -0.000719070434570312
0.0139627456665039 0.00487709045410156 0.0342693328857422 -0.0118179321289062
0.0149755477905273 -0.00470256805419922 0.0308036804199219 -0.0264434814453125
0.0128898620605469 -0.0129728317260742 0.0183296203613281 -0.0301589965820313
0.0115013122558594 -0.0119590759277344 0.00638198852539063 -0.0252132415771484
0.012089729309082 -0.0138082504272461 -0.000379562377929687 -0.0193214416503906
0.0156564712524414 -0.0114307403564453 -0.00478553771972656 -0.0149593353271484
0.0178565979003906 -0.00328445434570313 -0.0143642425537109 -0.0102376937866211
0.0150508880615234 0.00365543365478516 -0.0166254043579102 -0.0112810134887695
0.00740766525268555 0.00780868530273438 -0.0207366943359375 -0.0152969360351563
0.00916767120361328 0.00793743133544922 -0.0269527435302734 -0.0144462585449219
0.00898361206054687 0.0122346878051758 -0.0244846343994141 -0.0100574493408203
0.0137577056884766 0.0316295623779297 -0.00322914123535156 -0.0345458984375
0.0138263702392578 0.0248661041259766 0.00646305084228516 -0.00665998458862304
0.0123920440673828 0.0219326019287109 0.0188179016113281 0.00634574890136719
0.0207691192626953 0.0165920257568359 0.0333232879638672 0.000877380371093751
0.0244274139404297 0.00621604919433594 0.0323104858398438 -0.0106792449951172
0.0242691040039063 -0.00944328308105469 0.0258922576904297 -0.0241603851318359
0.0192184448242188 -0.01959228515625 0.0137443542480469 -0.0238895416259766
0.0166778564453125 -0.0187931060791016 0.00261688232421875 -0.0164308547973633
0.0169658660888672 -0.0221996307373047 -0.00435352325439453 -0.0100030899047852
0.0225276947021484 -0.0201206207275391 -0.0099191665649414 -0.00862979888916016
0.0269889831542969 -0.00902557373046875 -0.0189876556396484 -0.00520706176757813
0.0267295837402344 0.00055694580078125 -0.0189476013183594 -0.00918769836425781
0.019287109375 0.0108242034912109 -0.0203762054443359 -0.0139007568359375
0.0195941925048828 0.0172023773193359 -0.0209617614746094 -0.00921058654785156
0.0177936553955078 0.0225410461425781 -0.0181255340576172 -0.00202751159667968
0.0182113647460938 0.041015625 0.00352668762207032 -0.0218257904052734
0.0223026275634766 0.0345382690429688 0.012049674987793 0.00440311431884766
0.022857666015625 0.0271739959716797 0.0218124389648438 0.0102806091308594
0.0310497283935547 0.018402099609375 0.0320644378662109 0.00297355651855469
0.0320358276367188 0.00415611267089844 0.0273876190185547 -0.00941276550292969
0.0300865173339844 -0.0133800506591797 0.018829345703125 -0.0194339752197266
0.0216484069824219 -0.0234622955322266 0.00712490081787109 -0.0144929885864258
0.0205211639404297 -0.0222301483154297 -0.00163698196411133 -0.00566291809082032
0.0197525024414063 -0.0269222259521484 -0.00774812698364258 0.00121831893920898
0.0254917144775391 -0.02471923828125 -0.0145730972290039 0.000771522521972657
0.0318775177001953 -0.0132999420166016 -0.0223293304443359 0.001800537109375
0.0332908630371094 -0.00230216979980469 -0.0204315185546875 -0.00606918334960938
0.0282554626464844 0.0133609771728516 -0.0190601348876953 -0.0118484497070312
0.0271797180175781 0.0237693786621094 -0.0129547119140625 -0.00423908233642578
0.0236282348632813 0.0305919647216797 -0.0101652145385742 0.00870227813720703
0.0205421447753906 0.0423431396484375 0.0110464096069336 -0.00861930847167969
0.0276451110839844 0.0383224487304688 0.0184230804443359 0.0133819580078125
0.0295276641845703 0.0278244018554688 0.0232315063476563 0.0137100219726563
0.0366630554199219 0.0156822204589844 0.0287857055664063 0.00460624694824219
0.0348148345947266 0.000329971313476563 0.0208358764648438 -0.00548744201660156
0.0298824310302734 -0.0165996551513672 0.0103158950805664 -0.0117578506469727
0.0214710235595703 -0.0249176025390625 0.000571489334106446 -0.00324821472167969
0.0197868347167969 -0.0225353240966797 -0.0061345100402832 0.00614786148071289
0.0197677612304688 -0.0265617370605469 -0.0111303329467773 0.0122299194335937
0.0250740051269531 -0.0247516632080078 -0.0189228057861328 0.0103225708007813
0.0323638916015625 -0.0129737854003906 -0.0248489379882812 0.00747489929199219
0.0351448059082031 -0.00298690795898438 -0.0217914581298828 -0.00288772583007813
0.0318031311035156 0.0145778656005859 -0.015960693359375 -0.0088348388671875
0.0307216644287109 0.0281906127929687 -0.00391173362731933 0.00178909301757813
0.0241680145263672 0.0345649719238281 -0.00174713134765625 0.0206203460693359
0.0200576782226563 0.0383453369140625 0.0186176300048828 0.00258064270019531
0.0300540924072266 0.0343494415283203 0.0251007080078125 0.0197963714599609
0.0314579010009766 0.0229568481445313 0.0238132476806641 0.0141849517822266
0.0358314514160156 0.009490966796875 0.0229949951171875 0.00691032409667969
0.0312767028808594 -0.00450706481933594 0.0131235122680664 -0.000711441040039063
0.0250988006591797 -0.0178108215332031 0.00183677673339844 -0.00284075736999512
0.0168552398681641 -0.0218029022216797 -0.00476694107055664 0.00772380828857422
0.0162429809570313 -0.0191650390625 -0.00942897796630859 0.0170745849609375
0.0170269012451172 -0.0218791961669922 -0.0146656036376953 0.0225887298583984
0.0216922760009766 -0.0202312469482422 -0.0235195159912109 0.0186939239501953
0.0285568237304688 -0.0103473663330078 -0.02801513671875 0.0128593444824219
0.0324726104736328 -0.00134849548339844 -0.0221710205078125 0.000135421752929684
0.0291557312011719 0.0163993835449219 -0.0128822326660156 -0.00607109069824218
0.0275821685791016 0.0290489196777344 0.0043020248413086 0.00905609130859375
0.0203990936279297 0.0342807769775391 0.00552558898925781 0.0332717895507813
0.0157871246337891 0.0271224975585938 0.0244979858398438 0.0108261108398438
0.0263004302978516 0.0252552032470703 0.0300197601318359 0.0221347808837891
0.0271797180175781 0.0142230987548828 0.0230922698974609 0.0142421722412109
0.0276813507080078 0.00238990783691406 0.017791748046875 0.00915336608886719
0.0217056274414062 -0.0083465576171875 0.00784492492675781 0.00486469268798828
0.0143728256225586 -0.0152692794799805 -0.00218057632446289 0.00610780715942383
0.00895977020263672 -0.0154523849487305 -0.00720787048339843 0.0181465148925781
0.0101995468139648 -0.0130863189697266 -0.011566162109375 0.0256729125976563
0.0111331939697266 -0.0143117904663086 -0.0174274444580078 0.0283737182617187
0.0145273208618164 -0.0131559371948242 -0.0268707275390625 0.0234909057617187
0.0204296112060547 -0.00689315795898437 -0.0307292938232422 0.0152606964111328
0.0242443084716797 0.000934600830078125 -0.0231170654296875 0.00223922729492188
0.0225067138671875 0.0148563385009766 -0.0112171173095703 -0.00324535369873047
0.0206584930419922 0.0244197845458984 0.0090475082397461 0.0154075622558594
0.0129852294921875 0.0289955139160156 0.00887298583984375 0.0440177917480469
0.00735855102539063 0.0129270553588867 0.0287227630615234 0.0134563446044922
0.0175647735595703 0.0127325057983398 0.0320777893066406 0.0199394226074219
0.0171365737915039 0.00409317016601563 0.0216560363769531 0.0126132965087891
0.0146722793579102 -0.0036468505859375 0.0136537551879883 0.0104207992553711
0.00844335556030273 -0.00745439529418945 0.0061483383178711 0.00882625579833984
0.00198078155517578 -0.00911903381347656 -0.00336170196533203 0.0130405426025391
0.00124216079711914 -0.00547504425048828 -0.00651741027832031 0.0239295959472656
0.00292682647705078 -0.00452756881713867 -0.0107650756835937 0.0300235748291016
0.00287675857543945 -0.00535869598388672 -0.019744873046875 0.0321636199951172
0.00478315353393555 -0.00616550445556641 -0.0310077667236328 0.0246601104736328
0.0100603103637695 -0.00406932830810547 -0.0323715209960938 0.0153903961181641
0.0138235092163086 -0.00110816955566406 -0.0254344940185547 0.00345420837402344
0.0131254196166992 0.00884342193603516 -0.0115852355957031 -0.000520706176757813
0.0120372772216797 0.0158061981201172 0.00970077514648437 0.0212230682373047
0.00462722778320312 0.0184917449951172 0.00965118408203126 0.052001953125
-0.000932216644287109 0.00369882583618164 -0.0122909545898438 -0.0497856140136719
-0.00274038314819336 -0.00217962265014648 -0.00400543212890625 -0.0205497741699219
-0.00542688369750977 0.00215291976928711 0.0123805999755859 0.00210285186767578
-0.000567913055419922 0.00608253479003906 0.0310840606689453 -0.000823974609375
0.00327372550964355 0.00334858894348145 0.0363731384277344 -0.0123291015625
0.00480127334594727 -0.000291347503662109 0.0330791473388672 -0.0285663604736328
0.00489711761474609 -0.00559759140014648 0.021697998046875 -0.0353279113769531
0.00465583801269531 -0.00388240814208984 0.00967788696289062 -0.0301837921142578
0.00498342514038086 -0.00358676910400391 0.00263595581054688 -0.0241012573242187
0.00674629211425781 -0.00200796127319336 -0.000959396362304687 -0.0184230804443359
0.00638437271118164 0.00240373611450195 -0.0112123489379883 -0.0124645233154297
0.00105667114257813 0.0066227912902832 -0.0155248641967773 -0.0124292373657227
-0.00553178787231445 0.00186681747436523 -0.0204677581787109 -0.0182342529296875
-0.00320076942443848 -0.00312495231628418 -0.0301361083984375 -0.0195846557617188
-0.00204551219940186 -0.000192761421203613 -0.0272483825683594 -0.0156936645507813
0.00708389282226562 0.02001953125 -0.00777435302734375 -0.0447769165039063
0.00619697570800781 0.0125827789306641 0.000530242919921876 -0.015324592590332
0.00315666198730469 0.0127363204956055 0.0158100128173828 0.00366783142089844
0.0105838775634766 0.0121746063232422 0.0327301025390625 1.33514404296882E-05
0.0149765014648437 0.00517940521240234 0.035491943359375 -0.01153564453125
0.0159721374511719 -0.00497150421142578 0.0313472747802734 -0.0268955230712891
0.0129909515380859 -0.0140600204467773 0.0194950103759766 -0.031585693359375
0.0119857788085938 -0.0129404067993164 0.00691604614257813 -0.025390625
0.0126857757568359 -0.0143938064575195 -0.000730514526367188 -0.019287109375
0.0169687271118164 -0.0122890472412109 -0.00560760498046875 -0.0155954360961914
0.0193824768066406 -0.00354385375976563 -0.0153884887695313 -0.0109949111938477
0.0155420303344727 0.00468826293945313 -0.0174283981323242 -0.0121488571166992
0.00769186019897461 0.00850534439086914 -0.021453857421875 -0.016632080078125
0.00872659683227539 0.00864267349243164 -0.0280265808105469 -0.0156822204589844
0.00922203063964844 0.0132598876953125 -0.0249042510986328 -0.0106487274169922
0.0130958557128906 0.0340442657470703 -0.00250244140625 -0.0356712341308594
0.0138931274414062 0.0261211395263672 0.00694131851196289 -0.00612640380859375
0.0133399963378906 0.0227432250976562 0.0197067260742188 0.00707054138183594
0.0221195220947266 0.0177459716796875 0.0347862243652344 0.00151824951171875
0.025390625 0.00623703002929688 0.0331611633300781 -0.0108356475830078
0.0250129699707031 -0.00934028625488281 0.0265083312988281 -0.0243072509765625
0.0198974609375 -0.0204811096191406 0.0140457153320313 -0.0247325897216797
0.01800537109375 -0.0200271606445313 0.00219535827636719 -0.0165081024169922
0.0181159973144531 -0.0228710174560547 -0.00472831726074219 -0.0102214813232422
0.0237617492675781 -0.0207691192626953 -0.0104579925537109 -0.00874519348144532
0.028350830078125 -0.00905990600585938 -0.0197620391845703 -0.0058746337890625
0.0278167724609375 0.00106239318847656 -0.0197772979736328 -0.0097198486328125
0.0204315185546875 0.0126800537109375 -0.0219383239746094 -0.0141754150390625
0.0201034545898438 0.0181846618652344 -0.0222511291503906 -0.00987815856933594
0.0185565948486328 0.0245208740234375 -0.0194377899169922 -0.00182342529296875
0.01806640625 0.0419044494628906 0.00426864624023437 -0.0220108032226562
0.0220718383789063 0.0359230041503906 0.0127096176147461 0.00483798980712891
0.0227336883544922 0.0291614532470703 0.0227088928222656 0.0113029479980469
0.0325908660888672 0.0191135406494141 0.0337009429931641 0.00403976440429688
0.0332393646240234 0.00478172302246094 0.0281887054443359 -0.00821685791015625
0.0312175750732422 -0.0136623382568359 0.0189342498779297 -0.0196323394775391
0.0228843688964844 -0.0245819091796875 0.00764560699462891 -0.0144481658935547
0.0213527679443359 -0.0234661102294922 -0.00189542770385742 -0.00527667999267578
0.0206317901611328 -0.0277690887451172 -0.00843715667724609 0.00142812728881836
0.026611328125 -0.0260066986083984 -0.015599250793457 0.00100040435791016
0.0333003997802734 -0.01336669921875 -0.0235118865966797 0.00126838684082031
0.0352210998535156 -0.0021209716796875 -0.0216636657714844 -0.00616073608398438
0.0294914245605469 0.0150184631347656 -0.0204620361328125 -0.0117568969726563
0.0284290313720703 0.0249366760253906 -0.0137538909912109 -0.00423908233642578
0.0243854522705078 0.0324249267578125 -0.011199951171875 0.00937175750732422
0.0206184387207031 0.0442695617675781 0.0122089385986328 -0.00839424133300781
0.0275344848632813 0.0398826599121094 0.0193080902099609 0.01483154296875
0.0307178497314453 0.0294208526611328 0.0239677429199219 0.0151615142822266
0.0379829406738281 0.0164299011230469 0.0300083160400391 0.00623512268066406
0.0363578796386719 0.00072479248046875 0.0214786529541016 -0.00489997863769531
0.031402587890625 -0.0169944763183594 0.00987911224365235 -0.0114288330078125
0.0216865539550781 -0.0248050689697266 0.000692844390869142 -0.00341844558715821
0.0211143493652344 -0.0229854583740234 -0.00612020492553711 0.00703573226928711
0.020751953125 -0.0273799896240234 -0.0122051239013672 0.013178825378418
0.0260028839111328 -0.0254173278808594 -0.0199413299560547 0.0105514526367188
0.0337982177734375 -0.0140476226806641 -0.0268135070800781 0.00767898559570312
0.0371131896972656 -0.00306320190429687 -0.0229377746582031 -0.00289726257324218
0.03253173828125 0.0159721374511719 -0.0173635482788086 -0.00952434539794922
0.0314807891845703 0.0292873382568359 -0.00406837463378906 0.00178813934326172
0.0252876281738281 0.0362892150878906 -0.00234222412109375 0.0216865539550781
0.0201339721679687 0.03912353515625 0.0196304321289062 0.00315093994140625
0.0299644470214844 0.0362129211425781 0.0258979797363281 0.0216007232666016
0.0324382781982422 0.0247306823730469 0.0241432189941406 0.0157318115234375
0.0372390747070313 0.010162353515625 0.0242729187011719 0.00809478759765625
0.0322341918945313 -0.00437164306640625 0.0135774612426758 0.000207901000976562
0.0252361297607422 -0.0183868408203125 0.0019376277923584 -0.00250387191772461
0.0172557830810547 -0.0217323303222656 -0.0047149658203125 0.00903701782226562
0.0170345306396484 -0.0200119018554687 -0.0101108551025391 0.0178604125976563
0.0174465179443359 -0.0227870941162109 -0.0152168273925781 0.0233612060546875
0.0221805572509766 -0.0206794738769531 -0.0246028900146484 0.0194892883300781
0.0295162200927734 -0.0105800628662109 -0.0299453735351562 0.0131435394287109
0.0332965850830078 -0.00119400024414062 -0.0236263275146484 0.00044822692871094
0.0300312042236328 0.0168991088867188 -0.0138397216796875 -0.00627708435058594
0.0282993316650391 0.0296192169189453 0.00432682037353516 0.0092926025390625
0.0214576721191406 0.0357208251953125 0.00438117980957031 0.0349407196044922
0.0157413482666016 0.0286197662353516 0.0262184143066406 0.0110511779785156
0.0264301300048828 0.0260086059570313 0.0307140350341797 0.0235023498535156
0.0278491973876953 0.0148715972900391 0.0240383148193359 0.0152359008789063
0.0283222198486328 0.00272750854492187 0.0183620452880859 0.0102024078369141
0.0223751068115234 -0.00780296325683594 0.00810480117797852 0.00590705871582031
0.0144643783569336 -0.0156946182250977 -0.0030970573425293 0.00686120986938477
0.00965785980224609 -0.0149030685424805 -0.00724029541015625 0.0186786651611328
0.0104656219482422 -0.0129032135009766 -0.0113792419433594 0.0265445709228516
0.0114841461181641 -0.014948844909668 -0.0183238983154297 0.0303020477294922
0.0146999359130859 -0.0138092041015625 -0.0289707183837891 0.0235824584960937
0.0215530395507813 -0.00679397583007813 -0.0321388244628906 0.0159835815429687
0.0253009796142578 0.000255584716796875 -0.0243549346923828 0.00224685668945313
0.0226631164550781 0.0154647827148438 -0.012019157409668 -0.00301647186279297
0.0206489562988281 0.0257415771484375 0.00842094421386719 0.016200065612793
0.0141925811767578 0.0292301177978516 0.00864791870117188 0.0458908081054687
0.00744152069091797 0.0135259628295898 0.0303192138671875 0.0146617889404297
0.0181427001953125 0.013519287109375 0.0323848724365234 0.0221157073974609
0.0177936553955078 0.00421905517578125 0.0220413208007813 0.0137233734130859
0.0144624710083008 -0.00352096557617188 0.0150985717773438 0.0118217468261719
0.00840520858764648 -0.00813961029052735 0.00592422485351563 0.00982475280761719
0.00200557708740234 -0.00893878936767578 -0.00400257110595703 0.0137481689453125
0.00116729736328125 -0.00502681732177734 -0.00735092163085937 0.0249271392822266
0.00300478935241699 -0.00398898124694824 -0.0120468139648438 0.0310249328613281
0.00324201583862305 -0.00583267211914062 -0.0206336975097656 0.0332565307617188
0.0045170783996582 -0.00618553161621094 -0.0320568084716797 0.0258769989013672
0.0103616714477539 -0.00450420379638672 -0.0340328216552734 0.0160331726074219
0.0142097473144531 -0.000477790832519531 -0.0261554718017578 0.00299835205078125
0.0142269134521484 0.0098876953125 -0.0118036270141602 -0.000410079956054685
0.0117826461791992 0.0161342620849609 0.0091552734375 0.0220069885253906
0.00522994995117188 0.0182533264160156 0.00887298583984375 0.0537910461425781
-0.00116109848022461 0.0050053596496582 -0.0137519836425781 -0.051483154296875
-0.00288224220275879 -0.0016334056854248 -0.00469589233398438 -0.0211620330810547
-0.00555610656738281 0.00327539443969727 0.0136232376098633 0.00254440307617188
-4.05311584472659E-05 0.00533294677734375 0.0331039428710938 -0.00227546691894531
0.00394487380981445 0.003173828125 0.0373573303222656 -0.0137367248535156
0.00524997711181641 -0.000741958618164063 0.0335178375244141 -0.0313606262207031
0.00463008880615234 -0.00622272491455078 0.02142333984375 -0.0367889404296875
0.00504875183105469 -0.00466108322143555 0.0102100372314453 -0.0321712493896484
0.00593280792236328 -0.00462007522583008 0.00143241882324219 -0.0254268646240234
0.0076289176940918 -0.00168657302856445 -0.00177955627441406 -0.0194263458251953
0.00689363479614258 0.00139427185058594 -0.01177978515625 -0.0138053894042969
0.00137567520141602 0.00740861892700195 -0.0163478851318359 -0.0130062103271484
-0.00616025924682617 0.00234079360961914 -0.0224075317382812 -0.0196514129638672
-0.00361895561218262 -0.00233149528503418 -0.0327796936035156 -0.02001953125
-0.002128005027771 0.000758171081542968 -0.0292186737060547 -0.0158729553222656
0.00764656066894531 0.0211353302001953 -0.0077667236328125 -0.046600341796875
0.00679779052734375 0.0131444931030273 0.000732421875 -0.0153713226318359
0.00378513336181641 0.0128850936889648 0.0170049667358398 0.00379657745361328
0.0116806030273437 0.0122098922729492 0.03460693359375 -0.000883102416992187
0.0154829025268555 0.00501441955566406 0.0373344421386719 -0.0120582580566406
0.016444206237793 -0.00579738616943359 0.0327701568603516 -0.0290164947509766
0.0136919021606445 -0.0154209136962891 0.0196609497070313 -0.0330410003662109
0.0130996704101562 -0.014556884765625 0.00634002685546875 -0.0259532928466797
0.0132455825805664 -0.0160694122314453 -0.00210189819335938 -0.0201988220214844
0.0172567367553711 -0.0133485794067383 -0.00692176818847656 -0.0164928436279297
0.0207061767578125 -0.00465965270996094 -0.0162458419799805 -0.0111026763916016
0.0171794891357422 0.00464344024658203 -0.0188617706298828 -0.0132656097412109
0.00849151611328125 0.00957775115966797 -0.0235271453857422 -0.0167160034179687
0.00942325592041016 0.00991630554199219 -0.0298118591308594 -0.0158367156982422
0.00982856750488281 0.0141363143920898 -0.0269260406494141 -0.0108470916748047
0.01495361328125 0.0352897644042969 -0.00246810913085938 -0.0371208190917969
0.014923095703125 0.0269870758056641 0.00737190246582031 -0.00622224807739258
0.0141716003417969 0.0240993499755859 0.0205802917480469 0.00830459594726563
0.0240974426269531 0.0184192657470703 0.036590576171875 0.0016021728515625
0.0271873474121094 0.00579643249511719 0.0346450805664063 -0.0115375518798828
0.0267333984375 -0.0102729797363281 0.0272407531738281 -0.0255355834960938
0.02069091796875 -0.0231399536132812 0.0137405395507813 -0.0254688262939453
0.018585205078125 -0.0210952758789063 0.00174140930175781 -0.0166378021240234
0.0185813903808594 -0.02520751953125 -0.00452136993408203 -0.00960540771484375
0.0239105224609375 -0.0226020812988281 -0.0127630233764648 -0.00955581665039063
0.0301570892333984 -0.0112209320068359 -0.0213298797607422 -0.00507164001464844
0.0291271209716797 0.0005950927734375 -0.0211563110351562 -0.00981330871582031
0.0217361450195313 0.0132694244384766 -0.0226726531982422 -0.014739990234375
0.0217838287353516 0.0195198059082031 -0.0241107940673828 -0.0100421905517578
0.0195274353027344 0.02557373046875 -0.0204677581787109 -0.0016326904296875
0.0209617614746094 0.0440292358398437 0.00521278381347656 -0.0227737426757812
0.0240135192871094 0.0364570617675781 0.0136308670043945 0.0055084228515625
0.0255069732666016 0.0294971466064453 0.0231552124023438 0.0124893188476563
0.0347518920898438 0.0198993682861328 0.0363235473632812 0.003692626953125
0.0355949401855469 0.00329208374023438 0.0295848846435547 -0.00922775268554688
0.0323600769042969 -0.0156841278076172 0.01873779296875 -0.0198554992675781
0.023773193359375 -0.0260829925537109 0.00784206390380859 -0.0152225494384766
0.021759033203125 -0.0255813598632813 -0.00159454345703125 -0.00439119338989258
0.0216484069824219 -0.0299205780029297 -0.00839853286743164 0.00214481353759766
0.0272579193115234 -0.0285015106201172 -0.0166301727294922 0.00211524963378906
0.0339336395263672 -0.0152301788330078 -0.0259361267089844 0.00208854675292969
0.0366859436035156 -0.0027008056640625 -0.0236015319824219 -0.0069427490234375
0.0312137603759766 0.0155982971191406 -0.0221023559570312 -0.0118350982666016
0.0307731628417969 0.0256328582763672 -0.0141582489013672 -0.00411796569824219
0.0262126922607422 0.0328578948974609 -0.0124979019165039 0.0101861953735352
0.0228805541992188 0.0459785461425781 0.0132598876953125 -0.00933456420898437
0.0308609008789063 0.041534423828125 0.0210399627685547 0.0158634185791016
0.0326881408691406 0.0309524536132813 0.0260200500488281 0.0166950225830078
0.0407142639160156 0.0163421630859375 0.0318374633789063 0.00623321533203125
0.0386695861816406 -0.000606536865234375 0.0221176147460938 -0.00489616394042969
0.0324153900146484 -0.0184040069580078 0.0102005004882813 -0.0116891860961914
0.0227241516113281 -0.02691650390625 0.00128412246704102 -0.00293397903442383
0.0211181640625 -0.0255985260009766 -0.00632095336914062 0.00770807266235351
0.0202178955078125 -0.0291042327880859 -0.0121955871582031 0.014561653137207
0.0269756317138672 -0.0280418395996094 -0.0212421417236328 0.0120372772216797
0.0350093841552734 -0.0153541564941406 -0.0285301208496094 0.00926399230957032
0.038421630859375 -0.0049591064453125 -0.0247344970703125 -0.00303649902343751
0.0341529846191406 0.0165424346923828 -0.0186939239501953 -0.00924491882324219
0.0326461791992188 0.0300159454345703 -0.00439143180847168 0.00209379196166992
0.027008056640625 0.0366020202636719 -0.002532958984375 0.0235462188720703
0.0214424133300781 0.0404205322265625 0.0203838348388672 0.00374031066894532
0.0325660705566406 0.0358085632324219 0.0274276733398438 0.0229854583740234
0.0340118408203125 0.0252590179443359 0.0264015197753906 0.0173416137695313
0.0386962890625 0.009613037109375 0.0256538391113281 0.00900077819824219
0.0337352752685547 -0.00493812561035156 0.0136499404907227 0.0003509521484375
0.0256271362304688 -0.0199775695800781 0.0012362003326416 -0.00142967700958252
0.0175724029541016 -0.0239429473876953 -0.00437545776367187 0.0100488662719727
0.0172328948974609 -0.0211048126220703 -0.00917816162109374 0.0193309783935547
0.0176353454589844 -0.0233230590820313 -0.0147743225097656 0.025482177734375
0.0217571258544922 -0.0221118927001953 -0.0256786346435547 0.02093505859375
0.0300045013427734 -0.0120983123779297 -0.0307064056396484 0.0152492523193359
0.0349864959716797 -0.00225067138671875 -0.0253486633300781 0.000804901123046874
0.0317306518554688 0.0179252624511719 -0.0159244537353516 -0.00550556182861328
0.0306930541992188 0.0303745269775391 0.00473308563232422 0.0102720260620117
0.0228996276855469 0.037322998046875 0.0047760009765625 0.0369071960449219
0.0174694061279297 0.028472900390625 0.0285072326660156 0.010589599609375
0.0284080505371094 0.0262699127197266 0.0328464508056641 0.0250167846679688
0.0303974151611328 0.0146751403808594 0.0252285003662109 0.0146961212158203
0.0299224853515625 0.00198173522949219 0.0198841094970703 0.0104656219482422
0.0241889953613281 -0.0094451904296875 0.00866889953613281 0.00734329223632812
0.0147008895874023 -0.0167903900146484 -0.00298547744750976 0.00869369506835937
0.00966548919677734 -0.0161886215209961 -0.00751113891601562 0.0192375183105469
0.0113258361816406 -0.0132284164428711 -0.0105571746826172 0.0288753509521484
0.0122079849243164 -0.0149469375610352 -0.0179443359375 0.0322055816650391
0.0147800445556641 -0.0141191482543945 -0.0302639007568359 0.0265941619873047
0.0225067138671875 -0.0074462890625 -0.0340862274169922 0.0175666809082031
0.0252285003662109 0.000253677368164063 -0.0262622833251953 0.00276184082031249
0.0240879058837891 0.0156822204589844 -0.0125112533569336 -0.00324916839599609
0.0219993591308594 0.0267200469970703 0.00962543487548828 0.017364501953125
0.0148563385009766 0.0298480987548828 0.00962448120117188 0.0479049682617188
0.0087890625 0.0138778686523438 0.0322170257568359 0.0142631530761719
0.0191326141357422 0.0128955841064453 0.035125732421875 0.0227947235107422
0.0187759399414063 0.00351524353027344 0.0231533050537109 0.0137138366699219
0.0151710510253906 -0.00437259674072266 0.0163002014160156 0.0128335952758789
0.00866222381591797 -0.00871038436889648 0.00726604461669922 0.0106487274169922
0.00208568572998047 -0.00889301300048828 -0.00368595123291015 0.0161714553833008
0.000710725784301758 -0.00393772125244141 -0.00685501098632813 0.0258598327636719
0.00240397453308106 -0.00436019897460938 -0.0116119384765625 0.032684326171875
0.00286722183227539 -0.00553703308105469 -0.0211296081542969 0.0349540710449219
0.00533676147460938 -0.00716543197631836 -0.0335369110107422 0.028961181640625
0.0107059478759766 -0.00449943542480469 -0.0355148315429688 0.0172462463378906
0.014369010925293 -0.00121879577636719 -0.0277748107910156 0.00483894348144531
0.0147848129272461 0.00971698760986328 -0.0130043029785156 -0.00143337249755859
0.0127849578857422 0.0157394409179688 0.00913047790527344 0.0220508575439453
0.00618934631347656 0.0182018280029297 0.0105476379394531 0.0571212768554688
-0.00128746032714844 0.00490236282348633 -0.0172386169433594 -0.0519447326660156
-0.00274038314819336 -0.000147581100463868 -0.0057525634765625 -0.0209827423095703
-0.00447845458984375 0.00394535064697266 0.0137796401977539 0.00139331817626953
0.00174903869628906 0.00642299652099609 0.0343551635742188 -0.00429344177246094
0.00454950332641602 0.00345420837402344 0.0380592346191406 -0.0145187377929688
0.00551033020019531 -0.0015106201171875 0.0337963104248047 -0.0349521636962891
0.00499629974365234 -0.00858211517333984 0.0198516845703125 -0.0390815734863281
0.00570821762084961 -0.0059361457824707 0.007659912109375 -0.0330600738525391
0.00530004501342774 -0.00498247146606445 0.000900268554687503 -0.0255527496337891
0.0092630386352539 -0.00287723541259766 -0.00524139404296875 -0.0184402465820313
0.00806617736816406 0.00190830230712891 -0.0129680633544922 -0.0133724212646484
0.00173091888427734 0.00767374038696289 -0.0182590484619141 -0.0130500793457031
-0.00611305236816406 0.00360441207885742 -0.0242137908935547 -0.019256591796875
-0.00429391860961914 -0.00219130516052246 -0.0355949401855469 -0.0195770263671875
-0.00214755535125732 0.000718235969543457 -0.0315341949462891 -0.0145320892333984
0.00946617126464844 0.0213508605957031 -0.00996017456054688 -0.0473594665527344
0.00620651245117188 0.0143489837646484 0.000506401062011718 -0.014857292175293
0.00497150421142578 0.0138216018676758 0.0174846649169922 0.00395679473876953
0.0138254165649414 0.0128812789916992 0.0362701416015625 -0.00203323364257812
0.0167331695556641 0.00396442413330078 0.0383644104003906 -0.01507568359375
0.0164623260498047 -0.00737667083740234 0.0318984985351563 -0.0315093994140625
0.0125598907470703 -0.0168619155883789 0.0192642211914063 -0.0345859527587891
0.0124578475952148 -0.0156831741333008 0.00566482543945313 -0.0273189544677734
0.0126972198486328 -0.0181560516357422 -0.00235557556152343 -0.020172119140625
0.0179004669189453 -0.0141792297363281 -0.0090951919555664 -0.0171566009521484
0.0203037261962891 -0.00532341003417969 -0.0173816680908203 -0.0115022659301758
0.0175952911376953 0.003936767578125 -0.0204696655273438 -0.0121135711669922
0.00930976867675781 0.00979137420654297 -0.0252723693847656 -0.0164966583251953
0.0107030868530273 0.00954151153564453 -0.0323638916015625 -0.0151519775390625
0.0101985931396484 0.015101432800293 -0.0296211242675781 -0.0102653503417969
0.0150489807128906 0.0354042053222656 -0.00414657592773438 -0.0379981994628906
0.0158157348632813 0.029022216796875 0.00879287719726563 -0.00632381439208984
0.0169410705566406 0.0259895324707031 0.0223808288574219 0.00894546508789063
0.0261192321777344 0.0172920227050781 0.0370979309082031 -0.000854492187499999
0.0291595458984375 0.00344276428222656 0.0354461669921875 -0.0126838684082031
0.0272712707519531 -0.0124645233154297 0.0261096954345703 -0.0264072418212891
0.0198554992675781 -0.0255985260009766 0.0139217376708984 -0.0276679992675781
0.0179901123046875 -0.0232639312744141 0.00221347808837891 -0.0165462493896484
0.0185756683349609 -0.0264968872070313 -0.00610733032226563 -0.0105886459350586
0.0231399536132812 -0.0244655609130859 -0.0144166946411133 -0.006927490234375
0.031097412109375 -0.0124740600585937 -0.0222759246826172 -0.0043182373046875
0.0313720703125 -0.00106620788574219 -0.0224189758300781 -0.0101413726806641
0.0237369537353516 0.0127830505371094 -0.0261402130126953 -0.0136394500732422
0.0226078033447266 0.0189037322998047 -0.0257453918457031 -0.00868034362792969
0.0216274261474609 0.0253314971923828 -0.0217399597167969 0.00141716003417969
0.0221176147460937 0.0440826416015625 0.00290870666503906 -0.0238151550292969
0.0258750915527344 0.0367507934570313 0.0146093368530273 0.00589084625244141
0.0263938903808594 0.0323009490966797 0.0248470306396484 0.0137786865234375
0.0366172790527344 0.0196113586425781 0.0369911193847656 0.00275802612304688
0.0367393493652344 0.00295639038085938 0.0272541046142578 -0.0103225708007813
0.0318202972412109 -0.0182380676269531 0.0177345275878906 -0.0202732086181641
0.0218181610107422 -0.0283832550048828 0.00622272491455078 -0.014958381652832
0.0223884582519531 -0.0284500122070313 -0.00132584571838379 -0.00431632995605469
0.02142333984375 -0.0318870544433594 -0.00955581665039063 0.00285148620605468
0.0266742706298828 -0.0297679901123047 -0.0184402465820312 0.00368690490722656
0.0338859558105469 -0.0183486938476563 -0.0266399383544922 0.00280570983886719
0.0385322570800781 -0.0056304931640625 -0.0273532867431641 -0.00658607482910156
0.0334930419921875 0.0154399871826172 -0.0236740112304688 -0.0105266571044922
0.0313091278076172 0.0260791778564453 -0.0167341232299805 -0.00174903869628906
0.0284404754638672 0.0335845947265625 -0.0128078460693359 0.0125236511230469
0.0260734558105469 0.0462265014648437 0.0122289657592773 -0.00968647003173828
0.034393310546875 0.0394821166992188 0.023651123046875 0.0161266326904297
0.0351085662841797 0.0302886962890625 0.0270671844482422 0.0170249938964844
0.0441627502441406 0.0155868530273438 0.0350322723388672 0.00625801086425781
0.0401535034179688 -0.00213241577148438 0.0221481323242188 -0.00473785400390625
0.0332012176513672 -0.0208473205566406 0.0100469589233398 -0.0110177993774414
0.0222873687744141 -0.0299777984619141 0.000719785690307619 -0.00250840187072754
0.0209293365478516 -0.0260658264160156 -0.00534629821777344 0.00981330871582031
0.0202445983886719 -0.0316505432128906 -0.0123538970947266 0.0159435272216797
0.0265388488769531 -0.0283432006835938 -0.0221633911132813 0.0144519805908203
0.0336894989013672 -0.0178089141845703 -0.0296802520751953 0.0111713409423828
0.0394058227539062 -0.00603103637695312 -0.0267448425292969 -0.00199317932128906
0.0354728698730469 0.0168075561523438 -0.0222625732421875 -0.00677299499511718
0.0352439880371094 0.0285224914550781 -0.00521469116210937 0.00331974029541016
0.0298728942871094 0.0358428955078125 -0.00277328491210937 0.0243854522705078
0.0229721069335938 0.0381546020507813 0.0224456787109375 0.00312042236328125
0.0343246459960938 0.0364646911621094 0.0298061370849609 0.0235939025878906
0.0358009338378906 0.0245475769042969 0.0279960632324219 0.0172405242919922
0.040679931640625 0.0074615478515625 0.0274219512939453 0.0071868896484375
0.0342121124267578 -0.00722312927246094 0.0138978958129883 0.000204086303710937
0.0258083343505859 -0.0224819183349609 0.00198984146118164 -0.000972032546997072
0.0178012847900391 -0.0246047973632813 -0.00507164001464844 0.00962352752685547
0.0161418914794922 -0.0215606689453125 -0.00850677490234375 0.0203800201416016
0.0155982971191406 -0.0256900787353516 -0.0155162811279297 0.0271759033203125
0.0204334259033203 -0.0246620178222656 -0.025482177734375 0.0220394134521484
0.0303955078125 -0.0138912200927734 -0.0321540832519531 0.0164623260498047
0.0371131896972656 -0.004241943359375 -0.0268115997314453 0.00286674499511718
0.03515625 0.0160331726074219 -0.0165624618530273 -0.00668716430664062
0.0336456298828125 0.0298900604248047 0.00472164154052734 0.0106563568115234
0.0267829895019531 0.0364494323730469 0.00703048706054688 0.0388870239257812
0.0197067260742188 0.0277462005615234 0.029205322265625 0.0107841491699219
0.0313701629638672 0.0253753662109375 0.0343170166015625 0.0256462097167969
0.0314502716064453 0.015350341796875 0.0264148712158203 0.01385498046875
0.0314559936523438 0.0008087158203125 0.0211448669433594 0.0115203857421875
0.0222816467285156 -0.00925636291503906 0.00943756103515625 0.00712013244628906
0.0144147872924805 -0.0170745849609375 -0.00467491149902344 0.0104589462280273
0.0103731155395508 -0.0149078369140625 -0.00629043579101562 0.0199337005615234
0.0112648010253906 -0.0123977661132813 -0.0105266571044922 0.0295906066894531
0.0116586685180664 -0.0156211853027344 -0.0179042816162109 0.0344200134277344
0.0143871307373047 -0.0154895782470703 -0.0301704406738281 0.0275096893310547
0.0216503143310547 -0.00856971740722656 -0.0352210998535156 0.0184860229492188
0.026123046875 -0.00266265869140625 -0.0267410278320313 0.00408554077148437
0.0260543823242188 0.0145320892333984 -0.0139684677124023 -0.00346183776855469
0.0244102478027344 0.0255756378173828 0.0100975036621094 0.0168027877807617
0.0169849395751953 0.0303401947021484 0.011993408203125 0.0482406616210937
0.0077056884765625 0.0115194320678711 0.0347080230712891 0.0139617919921875
0.0202770233154297 0.0114898681640625 0.0364799499511719 0.0216598510742188
0.0192298889160156 0.00188636779785156 0.0243072509765625 0.0149765014648438
0.0151691436767578 -0.00644493103027344 0.0166873931884766 0.0131034851074219
0.00710821151733398 -0.00872516632080078 0.00754356384277344 0.0123043060302734
0.000339508056640624 -0.00883102416992188 -0.00148582458496094 0.0173521041870117
-0.000309944152832031 -0.00477123260498047 -0.0052947998046875 0.0274581909179687
0.0018162727355957 -0.00563335418701172 -0.0100555419921875 0.0331935882568359
0.00367593765258789 -0.00534677505493164 -0.02069091796875 0.0356903076171875
0.00436925888061523 -0.00788164138793945 -0.0329322814941406 0.0316219329833984
0.0094156265258789 -0.00615310668945312 -0.0363960266113281 0.0202713012695312
0.0147314071655273 -0.00293636322021484 -0.0286197662353516 0.00426483154296875
0.0156736373901367 0.00878620147705078 -0.0150661468505859 0.000444412231445314
0.0138721466064453 0.0144081115722656 0.0115547180175781 0.0225563049316406
0.00749588012695313 0.0181045532226563 0.0132293701171875 0.0563926696777344
-0.000631332397460938 0.00687837600708008 -0.0172004699707031 -0.0524749755859375
-0.00294876098632813 0.000428915023803711 -0.00657463073730469 -0.0199966430664063
-0.00438642501831055 0.00432276725769043 0.0141019821166992 0.00112342834472656
0.00134897232055664 0.00581216812133789 0.0344142913818359 -0.004791259765625
0.00467967987060547 0.00238752365112305 0.0371971130371094 -0.0182914733886719
0.00580596923828125 -0.00291299819946289 0.0315895080566406 -0.0352516174316406
0.00440597534179688 -0.00898838043212891 0.0183486938476563 -0.0408706665039063
0.0048069953918457 -0.00775909423828125 0.00608253479003906 -0.0332546234130859
0.00593852996826172 -0.00646352767944336 -0.00149345397949219 -0.0259475708007813
0.00849676132202148 -0.00400114059448242 -0.00547981262207031 -0.0202522277832031
0.008941650390625 0.00129222869873047 -0.0146865844726562 -0.0142660140991211
0.00329732894897461 0.0076761245727539 -0.0187473297119141 -0.0128097534179688
-0.00546360015869141 0.00429534912109375 -0.0255355834960938 -0.0190143585205078
-0.00472784042358398 -0.000687122344970704 -0.0363006591796875 -0.0179977416992188
-0.00238895416259766 0.00217437744140625 -0.0325756072998047 -0.0134124755859375
0.009521484375 0.0226173400878906 -0.0127716064453125 -0.0471763610839844
0.00851821899414063 0.0131149291992188 0.000371932983398438 -0.0146760940551758
0.0067901611328125 0.0142145156860352 0.0184650421142578 0.00343894958496094
0.0141839981079102 0.0105705261230469 0.0357322692871094 -0.00401687622070312
0.0175065994262695 0.00247383117675781 0.0366706848144531 -0.0167160034179688
0.0169572830200195 -0.00843715667724609 0.0294666290283203 -0.0326862335205078
0.0120048522949219 -0.0184059143066406 0.0159950256347656 -0.0354423522949219
0.0119171142578125 -0.0181026458740234 0.00427055358886719 -0.0270462036132813
0.0121517181396484 -0.0193653106689453 -0.00449180603027344 -0.0191230773925781
0.0175666809082031 -0.0166606903076172 -0.0098562240600586 -0.015263557434082
0.02105712890625 -0.00708389282226562 -0.019317626953125 -0.0101337432861328
0.0187702178955078 0.00388717651367188 -0.0218887329101562 -0.0114917755126953
0.00942325592041016 0.00998497009277344 -0.026092529296875 -0.0161170959472656
0.00961399078369141 0.0102758407592773 -0.0336017608642578 -0.0131092071533203
0.0116500854492188 0.014765739440918 -0.0290946960449219 -0.00832939147949218
0.018280029296875 0.0357666015625 -0.0052947998046875 -0.0369377136230469
0.0185165405273438 0.0274562835693359 0.0067448616027832 -0.00517511367797851
0.0172061920166016 0.0244483947753906 0.0226192474365234 0.00757598876953125
0.0266017913818359 0.0160045623779297 0.0377388000488281 -0.000785827636718749
0.0294265747070313 0.00279808044433594 0.0350608825683594 -0.0148468017578125
0.0267486572265625 -0.0140857696533203 0.0247306823730469 -0.0279884338378906
0.0188980102539062 -0.0264682769775391 0.0117607116699219 -0.0265617370605469
0.0167255401611328 -0.0251274108886719 0.00125408172607422 -0.0160722732543945
0.0174884796142578 -0.0279464721679688 -0.00679492950439453 -0.0092153549194336
0.0232429504394531 -0.0267353057861328 -0.0152187347412109 -0.00679206848144532
0.0300178527832031 -0.0144729614257813 -0.0239143371582031 -0.00339889526367187
0.0311717987060547 -0.00229263305664063 -0.0243721008300781 -0.00827789306640625
0.0238037109375 0.0123348236083984 -0.0259628295898438 -0.0127372741699219
0.0234870910644531 0.0188159942626953 -0.0265159606933594 -0.00781440734863282
0.0220470428466797 0.0241966247558594 -0.0226230621337891 0.000637054443359377
0.0252418518066406 0.0436668395996094 0.00345993041992188 -0.0239810943603516
0.0282020568847656 0.0361213684082031 0.0151901245117188 0.00562000274658203
0.028778076171875 0.0294513702392578 0.0264377593994141 0.012542724609375
0.0377197265625 0.0161285400390625 0.0377159118652344 0.00194931030273438
0.03668212890625 0.000530242919921875 0.0297775268554688 -0.0106754302978516
0.0325336456298828 -0.0185298919677734 0.0173778533935547 -0.0215930938720703
0.0223197937011719 -0.0299701690673828 0.00586032867431641 -0.0146141052246094
0.0202369689941406 -0.0296077728271484 -0.0017096996307373 -0.00354218482971192
0.0189590454101563 -0.0335464477539063 -0.00929069519042969 0.00448322296142578
0.0245418548583984 -0.0316963195800781 -0.0186443328857422 0.00504493713378906
0.0345382690429688 -0.0203876495361328 -0.0272617340087891 0.00482940673828124
0.0377616882324219 -0.00716018676757813 -0.0261478424072266 -0.0037994384765625
0.0333118438720703 0.0132865905761719 -0.0240230560302734 -0.008697509765625
0.0322895050048828 0.0246295928955078 -0.0162353515625 -0.00192737579345703
0.0301151275634766 0.0312919616699219 -0.0121622085571289 0.0121040344238281
0.0272712707519531 0.0444488525390625 0.0123538970947266 -0.00963020324707031
0.03375244140625 0.0388565063476563 0.0231342315673828 0.0161075592041016
0.0366287231445313 0.0306205749511719 0.0280628204345703 0.0153636932373047
0.0432624816894531 0.0127906799316406 0.0342254638671875 0.00459098815917969
0.0398292541503906 -0.00413131713867188 0.0218315124511719 -0.00569915771484375
0.0320262908935547 -0.022491455078125 0.00872993469238281 -0.0106420516967773
0.0208396911621094 -0.0297412872314453 0.00079786777496338 -0.00178635120391846
0.0189781188964844 -0.0287933349609375 -0.00521469116210937 0.00964069366455078
0.0186500549316406 -0.0320663452148437 -0.0121164321899414 0.0172157287597656
0.0236072540283203 -0.0311183929443359 -0.0224151611328125 0.0159149169921875
0.0338630676269531 -0.0195636749267578 -0.029693603515625 0.0128097534179688
0.03936767578125 -0.00783538818359375 -0.0263233184814453 -0.000114440917968748
0.0371360778808594 0.0144615173339844 -0.0211524963378906 -0.006683349609375
0.0368156433105469 0.0278396606445313 -0.00641679763793945 0.00310659408569336
0.0313034057617188 0.0347156524658203 -0.00134468078613281 0.0251255035400391
0.0263671875 0.03857421875 0.0220699310302734 0.00185203552246094
0.0365257263183594 0.033935546875 0.0301666259765625 0.0215282440185547
0.0377120971679688 0.0227127075195313 0.0288505554199219 0.0172500610351563
0.0405960083007813 0.0057525634765625 0.0272655487060547 0.00725173950195312
0.0335464477539063 -0.00863075256347656 0.0150833129882813 0.00127792358398437
0.0245876312255859 -0.0217933654785156 0.00118708610534668 -5.36441802978649E-06
0.0156879425048828 -0.026336669921875 -0.00330066680908203 0.0108013153076172
0.0160198211669922 -0.0240516662597656 -0.0073089599609375 0.0206241607666016
0.0150432586669922 -0.0262432098388672 -0.0137672424316406 0.027557373046875
0.0208034515380859 -0.0244255065917969 -0.0255031585693359 0.0248928070068359
0.0291271209716797 -0.0156898498535156 -0.0313377380371094 0.0185089111328125
0.0361480712890625 -0.00601959228515625 -0.027923583984375 0.00385475158691406
0.0343990325927734 0.01458740234375 -0.0175075531005859 -0.0045919418334961
0.0329532623291016 0.0280189514160156 0.00516414642333985 0.0101146697998047
0.0271377563476563 0.0340232849121094 0.0079345703125 0.0375022888183594
0.0210990905761719 0.0261478424072266 0.0301475524902344 0.00896453857421875
0.0309219360351562 0.02337646484375 0.0351524353027344 0.0232048034667969
0.03106689453125 0.0126857757568359 0.0273303985595703 0.0142726898193359
0.0304813385009766 -0.00135421752929688 0.0218734741210938 0.0110797882080078
0.0226345062255859 -0.0117111206054688 0.00955295562744141 0.00717735290527344
0.0129489898681641 -0.0176429748535156 -0.00219154357910156 0.0109138488769531
0.00899982452392578 -0.0166568756103516 -0.00553321838378906 0.0223350524902344
0.00993156433105469 -0.0150003433227539 -0.00850105285644531 0.0295448303222656
0.01007080078125 -0.0159711837768555 -0.0164966583251953 0.0348339080810547
0.0131845474243164 -0.015411376953125 -0.0299472808837891 0.0299968719482422
0.0207958221435547 -0.00941658020019531 -0.0333480834960938 0.0223541259765625
0.025970458984375 -0.00356864929199219 -0.0271587371826172 0.00595855712890625
0.0254249572753906 0.0137958526611328 -0.0139064788818359 -0.00109100341796875
0.0248394012451172 0.0241565704345703 0.010258674621582 0.0157804489135742
0.0191764831542969 0.0280513763427734 0.0133476257324219 0.0491065979003906
0.00987625122070313 0.0109968185424805 0.0349578857421875 0.0119476318359375
0.0201663970947266 0.00899505615234375 0.038665771484375 0.0203590393066406
0.0198249816894531 0.00161361694335938 0.0254688262939453 0.0135974884033203
0.0151910781860352 -0.00646877288818359 0.0183677673339844 0.0125942230224609
0.00622749328613281 -0.00987434387207031 0.00861549377441406 0.0109767913818359
8.20159912109376E-05 -0.00837182998657226 -0.000738143920898439 0.0171079635620117
0.000115394592285156 -0.00503253936767578 -0.00383377075195313 0.027801513671875
0.00267982482910156 -0.00465250015258789 -0.00819778442382812 0.0341434478759766
0.00278472900390625 -0.00485038757324219 -0.0184822082519531 0.03741455078125
0.00267124176025391 -0.00619363784790039 -0.0324974060058594 0.0316867828369141
0.00880050659179688 -0.00495338439941406 -0.035400390625 0.0222015380859375
0.013453483581543 -0.00216388702392578 -0.0286216735839844 0.00676536560058593
0.0156965255737305 0.00817394256591797 -0.013336181640625 0.000306129455566405
0.0136814117431641 0.0150146484375 0.0100650787353516 0.0205078125
0.00861930847167969 0.0163125991821289 0.0144767761230469 0.0564079284667969
0.000211238861083984 0.00735807418823242 -0.017913818359375 -0.0507850646972656
-0.00253677368164063 0.000470876693725586 -0.00664138793945313 -0.0192661285400391
-0.0039675235748291 0.00387167930603027 0.0146694183349609 0.00148200988769531
0.00181293487548828 0.00532007217407227 0.0334358215332031 -0.00493049621582031
0.00556230545043945 0.0014491081237793 0.0364494323730469 -0.0187950134277344
0.00577306747436523 -0.0033268928527832 0.0306777954101563 -0.0357894897460938
0.00400829315185547 -0.00943470001220703 0.0169830322265625 -0.0405998229980469
0.00426864624023438 -0.00792932510375977 0.00587272644042969 -0.0327682495117188
0.00590419769287109 -0.00731563568115234 -0.002044677734375 -0.0251007080078125
0.00933551788330078 -0.00498676300048828 -0.00626754760742188 -0.0197544097900391
0.00948905944824219 0.000933647155761719 -0.0155191421508789 -0.013300895690918
0.00423812866210937 0.00727176666259766 -0.0192718505859375 -0.0127506256103516
-0.00492382049560547 0.00482463836669922 -0.0258922576904297 -0.0189495086669922
-0.00494146347045898 0.000115871429443359 -0.0359153747558594 -0.0174674987792969
-0.00190901756286621 0.00316286087036133 -0.0321140289306641 -0.0128993988037109
0.0106220245361328 0.022918701171875 -0.012664794921875 -0.0459976196289062
0.00843143463134765 0.0137748718261719 0.000409126281738283 -0.0143041610717773
0.00700569152832031 0.0145750045776367 0.0182113647460938 0.00313758850097656
0.0144634246826172 0.0102748870849609 0.0353240966796875 -0.00426483154296875
0.0176353454589844 0.00171470642089844 0.0357322692871094 -0.0167007446289063
0.0170307159423828 -0.00946235656738281 0.0285892486572266 -0.0324211120605469
0.0118770599365234 -0.0193080902099609 0.0155448913574219 -0.0352935791015625
0.0109119415283203 -0.0186653137207031 0.00307464599609375 -0.0263919830322266
0.0119533538818359 -0.02032470703125 -0.00500679016113281 -0.0184059143066406
0.0171213150024414 -0.0172576904296875 -0.0107221603393555 -0.0150442123413086
0.0214385986328125 -0.007415771484375 -0.0198478698730469 -0.009796142578125
0.0196285247802734 0.00295257568359375 -0.0219459533691406 -0.0115871429443359
0.0100088119506836 0.0106897354125977 -0.0267429351806641 -0.0152988433837891
0.00936603546142578 0.0111484527587891 -0.0333347320556641 -0.0125370025634766
0.0114068984985352 0.0147781372070313 -0.0291805267333984 -0.00697898864746094
0.0187797546386719 0.03558349609375 -0.00534439086914062 -0.0365409851074219
0.0186367034912109 0.0262336730957031 0.00800323486328125 -0.00456714630126953
0.0187950134277344 0.0240936279296875 0.0223808288574219 0.00722503662109375
0.0268421173095703 0.0150318145751953 0.0376663208007813 -0.0014190673828125
0.0291328430175781 0.00176239013671875 0.0338554382324219 -0.0140609741210938
0.026611328125 -0.0152606964111328 0.0240745544433594 -0.0275058746337891
0.0178089141845703 -0.026641845703125 0.0111675262451172 -0.0259914398193359
0.0161914825439453 -0.0263843536376953 0.00122928619384766 -0.0153388977050781
0.0161533355712891 -0.0294647216796875 -0.00727510452270508 -0.00792312622070313
0.0224800109863281 -0.0272769927978516 -0.0151309967041016 -0.00556087493896484
0.0303306579589844 -0.0151443481445312 -0.0244312286376953 -0.00279235839843751
0.0315341949462891 -0.00304603576660156 -0.0246849060058594 -0.0077056884765625
0.0239067077636719 0.0126876831054688 -0.0267009735107422 -0.011474609375
0.0230617523193359 0.0186023712158203 -0.0267105102539062 -0.00672340393066407
0.0225620269775391 0.0242691040039063 -0.0220756530761719 0.00214004516601563
0.0258445739746094 0.0430030822753906 0.003631591796875 -0.0229415893554687
0.0281944274902344 0.0347385406494141 0.0157918930053711 0.00603294372558594
0.0296001434326172 0.0296211242675781 0.0260105133056641 0.0124912261962891
0.0382461547851563 0.0155601501464844 0.0367813110351563 0.00149917602539063
0.0366287231445313 -0.00130844116210938 0.0288982391357422 -0.0108242034912109
0.0315284729003906 -0.0198001861572266 0.0161972045898438 -0.0204257965087891
0.0205936431884766 -0.0302658081054687 0.00642013549804688 -0.0142326354980469
0.0187091827392578 -0.0297489166259766 -0.00206613540649414 -0.00264763832092285
0.0178852081298828 -0.0334892272949219 -0.00946044921875 0.00521659851074219
0.024169921875 -0.0319938659667969 -0.019012451171875 0.00608444213867187
0.0337886810302734 -0.0204200744628906 -0.027435302734375 0.00645637512207032
0.0383148193359375 -0.00782012939453125 -0.0264644622802734 -0.00287628173828125
0.0341281890869141 0.0130653381347656 -0.0249042510986328 -0.00852203369140625
0.0329513549804688 0.0236301422119141 -0.0167989730834961 -0.00120735168457031
0.0298423767089844 0.0306224822998047 -0.0120840072631836 0.0128774642944336
0.0286102294921875 0.0434722900390625 0.0130453109741211 -0.00982570648193359
0.0344276428222656 0.0371017456054688 0.0235805511474609 0.0152931213378906
0.0369606018066406 0.0288734436035156 0.0282459259033203 0.0158023834228516
0.0431480407714844 0.0115547180175781 0.0336532592773438 0.00475120544433594
0.0388145446777344 -0.00614166259765625 0.0221900939941406 -0.00536155700683594
0.0306282043457031 -0.0228195190429688 0.00882816314697266 -0.0099334716796875
0.0197277069091797 -0.0303211212158203 0.000351309776306154 -0.00117385387420654
0.0182933807373047 -0.0294322967529297 -0.00426006317138672 0.0100955963134766
0.017608642578125 -0.0325126647949219 -0.0116539001464844 0.0182361602783203
0.0228042602539063 -0.0305824279785156 -0.0217380523681641 0.0174808502197266
0.0331802368164063 -0.0201148986816406 -0.029266357421875 0.0137233734130859
0.0387115478515625 -0.0089111328125 -0.0268955230712891 0.00136184692382813
0.0369110107421875 0.0133743286132813 -0.0212631225585937 -0.00542640686035156
0.0369415283203125 0.0262832641601563 -0.00592947006225586 0.00426244735717774
0.0314579010009766 0.0339679718017578 -0.00125694274902343 0.0250568389892578
0.0267219543457031 0.0370445251464844 0.0220832824707031 0.00174331665039063
0.0355949401855469 0.0317268371582031 0.0305423736572266 0.0214977264404297
0.0382156372070313 0.0221176147460938 0.0287551879882813 0.0166378021240234
0.0410003662109375 0.00484466552734375 0.0278511047363281 0.00771903991699219
0.0332393646240234 -0.00979804992675781 0.0146570205688477 0.00151348114013672
0.0230712890625 -0.0220603942871094 0.00218451023101807 0.000854134559631346
0.0148468017578125 -0.0249214172363281 -0.00279617309570312 0.0114831924438477
0.0143089294433594 -0.0236454010009766 -0.00628089904785156 0.0215110778808594
0.0141181945800781 -0.0255393981933594 -0.0134716033935547 0.0287036895751953
0.0182704925537109 -0.0244712829589844 -0.0246353149414063 0.0263080596923828
0.0283336639404297 -0.0158138275146484 -0.0308914184570313 0.0199089050292969
0.0346183776855469 -0.00734901428222656 -0.0268096923828125 0.00493812561035156
0.033843994140625 0.0137748718261719 -0.017155647277832 -0.00309371948242187
0.0334815979003906 0.0262184143066406 0.00439834594726563 0.0104532241821289
0.0280418395996094 0.0322456359863281 0.0080108642578125 0.0371894836425781
0.0207538604736328 0.0257110595703125 0.0294227600097656 0.008697509765625
0.0305690765380859 0.0206680297851563 0.036102294921875 0.0224533081054688
0.0313377380371094 0.011627197265625 0.0273914337158203 0.0156421661376953
0.0300254821777344 -0.00200843811035156 0.0218105316162109 0.0109958648681641
0.0207557678222656 -0.01190185546875 0.0102777481079102 0.00732517242431641
0.0114421844482422 -0.0172815322875977 -0.00109195709228516 0.0112104415893555
0.00763988494873047 -0.0158939361572266 -0.00458335876464843 0.0215816497802734
0.00886821746826172 -0.0145807266235352 -0.00740623474121093 0.0292148590087891
0.00942134857177735 -0.0155296325683594 -0.0149497985839844 0.0357131958007813
0.01190185546875 -0.0148096084594727 -0.0279159545898438 0.0313892364501953
0.0199909210205078 -0.00960922241210938 -0.0329818725585938 0.0225067138671875
0.0249004364013672 -0.00397872924804687 -0.0269775390625 0.0059814453125
0.0256328582763672 0.0123920440673828 -0.0146102905273437 -0.000519752502441408
0.0250701904296875 0.0225105285644531 0.00983142852783203 0.0155916213989258
0.0188350677490234 0.0259590148925781 0.013641357421875 0.0480117797851563
0.0102176666259766 0.0114259719848633 0.0343093872070313 0.0109710693359375
0.0199337005615234 0.00854110717773438 0.0377922058105469 0.0198173522949219
0.0189189910888672 0.000158309936523438 0.0258312225341797 0.0143013000488281
0.0130081176757813 -0.00755500793457031 0.0188694000244141 0.0129070281982422
0.00555038452148438 -0.0100040435791016 0.00954627990722656 0.0115823745727539
-0.000933647155761719 -0.008148193359375 0.000185012817382813 0.0176544189453125
0.000425100326538086 -0.0040736198425293 -0.00250053405761719 0.0267372131347656
0.00211358070373535 -0.00368189811706543 -0.00702095031738281 0.033294677734375
0.00228333473205566 -0.00399923324584961 -0.017333984375 0.0378646850585938
0.00244474411010742 -0.00500679016113281 -0.0312004089355469 0.0327816009521484
0.00810956954956055 -0.00479650497436523 -0.0346050262451172 0.0221481323242188
0.0129852294921875 -0.00269222259521484 -0.0277004241943359 0.00761032104492187
0.0148859024047852 0.00677776336669922 -0.0143136978149414 0.000978469848632814
0.0138063430786133 0.0128679275512695 0.0110359191894531 0.0205917358398438
0.00752449035644531 0.0153589248657227 0.0152511596679687 0.0553970336914062
0.000641822814941406 0.00811862945556641 -0.0169792175292969 -0.0510673522949219
-0.00189673900604248 0.000732660293579101 -0.00574684143066406 -0.0184135437011719
-0.00275182723999024 0.00429749488830566 0.0149421691894531 0.00196647644042969
0.00264215469360352 0.00504732131958008 0.0332393646240234 -0.00494766235351563
0.00578880310058594 0.00133609771728516 0.0362586975097656 -0.0186614990234375
0.00590705871582031 -0.00419139862060547 0.0303535461425781 -0.0351905822753906
0.00382614135742188 -0.0100612640380859 0.0168190002441406 -0.0403556823730469
0.00499248504638672 -0.00911998748779297 0.00570487976074219 -0.03253173828125
0.00619220733642578 -0.00838327407836914 -0.00217628479003906 -0.0241146087646484
0.00985908508300781 -0.00555038452148438 -0.00620269775390625 -0.0197315216064453
0.00988101959228515 0.000924110412597656 -0.0156526565551758 -0.0135002136230469
0.00482511520385742 0.00764274597167969 -0.0197219848632812 -0.0134391784667969
-0.00502777099609375 0.00589942932128906 -0.026031494140625 -0.0188369750976562
-0.00504255294799805 0.00128507614135742 -0.0355682373046875 -0.0178031921386719
-0.00188183784484863 0.00366544723510742 -0.0318813323974609 -0.0126209259033203
0.0107326507568359 0.0236492156982422 -0.0117607116699219 -0.0453262329101563
0.00887870788574219 0.0140142440795898 0.000998497009277344 -0.0133895874023437
0.0077667236328125 0.0145416259765625 0.0191860198974609 0.00380706787109375
0.0151052474975586 0.0101728439331055 0.0357017517089844 -0.00369644165039063
0.0177459716796875 0.00150299072265625 0.0358047485351563 -0.0161170959472656
0.0171308517456055 -0.0102634429931641 0.0285491943359375 -0.0316734313964844
0.0118255615234375 -0.0197467803955078 0.0154132843017578 -0.0348300933837891
0.0107040405273438 -0.0195770263671875 0.00364112854003906 -0.0258083343505859
0.0124263763427734 -0.0209407806396484 -0.00525665283203125 -0.0180587768554688
0.0179920196533203 -0.0178489685058594 -0.0110960006713867 -0.014369010925293
0.022247314453125 -0.00764846801757812 -0.0202102661132812 -0.00970077514648438
0.0201034545898438 0.00300979614257812 -0.0221576690673828 -0.0113773345947266
0.0102605819702148 0.0113000869750977 -0.0272045135498047 -0.0155410766601563
0.00911712646484375 0.0114870071411133 -0.0332202911376953 -0.0126876831054688
0.0110073089599609 0.0158882141113281 -0.0290718078613281 -0.00711250305175781
0.0195121765136719 0.0354385375976563 -0.00461196899414062 -0.0358085632324219
0.0191669464111328 0.0263652801513672 0.00818538665771485 -0.00446176528930664
0.0194683074951172 0.0242900848388672 0.0230369567871094 0.00839424133300781
0.0274791717529297 0.0150222778320313 0.0378036499023438 -0.000389099121093749
0.0289363861083984 0.0016326904296875 0.0340957641601563 -0.0137577056884766
0.0268230438232422 -0.0155220031738281 0.0237045288085938 -0.0264644622802734
0.0173130035400391 -0.0267047882080078 0.0112781524658203 -0.0255393981933594
0.0161666870117188 -0.0269813537597656 0.00113868713378906 -0.0149240493774414
0.0164699554443359 -0.0300407409667969 -0.00735282897949219 -0.00677013397216797
0.0224761962890625 -0.0279502868652344 -0.0156030654907227 -0.00519180297851563
0.0304641723632813 -0.0153598785400391 -0.0249099731445312 -0.00238227844238281
0.0317211151123047 -0.00274467468261719 -0.0249443054199219 -0.00742149353027343
0.0237102508544922 0.0137310028076172 -0.026641845703125 -0.0111923217773438
0.0229511260986328 0.0194778442382813 -0.0265846252441406 -0.00616836547851563
0.0221710205078125 0.0248908996582031 -0.0218620300292969 0.002471923828125
0.0252723693847656 0.0428848266601563 0.00391006469726563 -0.0226802825927734
0.0281867980957031 0.0347423553466797 0.0165061950683594 0.00724029541015625
0.0296421051025391 0.0299072265625 0.0263881683349609 0.0133914947509766
0.0378761291503906 0.0155601501464844 0.0373611450195313 0.00194549560546875
0.0369873046875 -0.00115966796875 0.0289173126220703 -0.0099029541015625
0.0311527252197266 -0.019866943359375 0.0168056488037109 -0.0187625885009766
0.0208282470703125 -0.0306472778320313 0.00623321533203125 -0.0134992599487305
0.0185775756835938 -0.0300788879394531 -0.00138473510742187 -0.00228071212768555
0.0180263519287109 -0.0339813232421875 -0.00926494598388672 0.00619697570800781
0.0243186950683594 -0.0324592590332031 -0.0192527770996094 0.00679206848144531
0.0343894958496094 -0.0204753875732422 -0.0276966094970703 0.00684356689453125
0.0380096435546875 -0.00809478759765625 -0.0269737243652344 -0.00309181213378906
0.0340118408203125 0.0134162902832031 -0.0246334075927734 -0.00816726684570312
0.0331878662109375 0.0244102478027344 -0.0170192718505859 -0.00107860565185547
0.0296916961669922 0.0312232971191406 -0.0122947692871094 0.0132875442504883
0.0280914306640625 0.0434341430664063 0.0132808685302734 -0.00946331024169922
0.0338058471679687 0.0367202758789063 0.0241165161132813 0.0161628723144531
0.0372428894042969 0.0293540954589844 0.0286235809326172 0.0168590545654297
0.0431404113769531 0.0116539001464844 0.0340003967285156 0.00539207458496094
0.0381507873535156 -0.00572586059570313 0.0225334167480469 -0.00422096252441406
0.0305500030517578 -0.0225811004638672 0.00905513763427734 -0.009033203125
0.0195884704589844 -0.0300979614257813 0.00120449066162109 -0.000444531440734865
0.0174980163574219 -0.0291194915771484 -0.00387287139892578 0.00992393493652344
0.0174312591552734 -0.0318508148193359 -0.0110988616943359 0.0187129974365234
0.0223960876464844 -0.0305881500244141 -0.0220298767089844 0.0176315307617187
0.0329570770263672 -0.0207786560058594 -0.0296478271484375 0.0147075653076172
0.0386734008789063 -0.0096282958984375 -0.0273361206054687 0.00213050842285156
0.0371665954589844 0.0138664245605469 -0.0215244293212891 -0.00523757934570313
0.0362663269042969 0.026519775390625 -0.0059666633605957 0.00476169586181641
0.0311489105224609 0.0336513519287109 -0.00163078308105469 0.0253810882568359
0.0264549255371094 0.0370407104492188 0.0215835571289063 0.00167083740234375
0.0350914001464844 0.0316524505615234 0.0306739807128906 0.0220508575439453
0.0380897521972656 0.0223274230957031 0.0286388397216797 0.0179405212402344
0.0401420593261719 0.00532150268554688 0.0283565521240234 0.00895500183105469
0.0329303741455078 -0.009307861328125 0.015589714050293 0.00203132629394531
0.0229873657226563 -0.0218734741210938 0.00259208679199219 0.00203442573547363
0.0146102905273438 -0.0249290466308594 -0.00232791900634766 0.0114002227783203
0.0141239166259766 -0.0234565734863281 -0.00604438781738281 0.0212745666503906
0.0143508911132813 -0.02520751953125 -0.0129928588867187 0.0293064117431641
0.0185222625732422 -0.0240039825439453 -0.0247001647949219 0.0268974304199219
0.0279216766357422 -0.0159168243408203 -0.0312423706054688 0.0204868316650391
0.0336399078369141 -0.00752067565917969 -0.0274391174316406 0.00530242919921874
0.0337371826171875 0.0135841369628906 -0.0170707702636719 -0.00350475311279297
0.0331935882568359 0.0259952545166016 0.00389480590820313 0.0101909637451172
0.0271224975585938 0.0322914123535156 0.00744247436523438 0.0378532409667969
0.0207042694091797 0.0244846343994141 0.0292301177978516 0.00903892517089844
0.0299472808837891 0.0198249816894531 0.0361709594726563 0.0227088928222656
0.0316810607910156 0.0110073089599609 0.0278358459472656 0.0168647766113281
0.0292453765869141 -0.00262832641601563 0.0226325988769531 0.0116729736328125
0.0207328796386719 -0.0115528106689453 0.0107593536376953 0.00732707977294922
0.011204719543457 -0.0162429809570313 -0.000467300415039061 0.0122051239013672
0.00776004791259766 -0.0155105590820313 -0.00343704223632813 0.0213203430175781
0.00857734680175781 -0.0141658782958984 -0.00681495666503906 0.0296669006347656
0.00939559936523438 -0.0154228210449219 -0.0152969360351563 0.0357704162597656
0.011474609375 -0.0145444869995117 -0.0277976989746094 0.0317115783691406
0.0189971923828125 -0.00956153869628906 -0.0326709747314453 0.0230007171630859
0.0245094299316406 -0.00419998168945313 -0.0276126861572266 0.00638198852539063
0.0253047943115234 0.0118751525878906 -0.0143108367919922 -0.000539779663085938
0.0248126983642578 0.02154541015625 0.0101690292358398 0.0157442092895508
0.0186500549316406 0.0255413055419922 0.0124320983886719 0.04815673828125
0.010258674621582 0.00990486145019531 0.0336856842041016 0.0107917785644531
0.0194549560546875 0.00807952880859375 0.0376739501953125 0.0202903747558594
0.0191497802734375 -6.29425048828125E-05 0.0259017944335938 0.0150527954101563
0.0131025314331055 -0.00800037384033203 0.0188751220703125 0.0135765075683594
0.00492954254150391 -0.00998020172119141 0.0100288391113281 0.012089729309082
-0.00130033493041992 -0.00692415237426758 0.000993728637695311 0.0182285308837891
-0.000201940536499023 -0.00271868705749512 -0.00230216979980469 0.0263118743896484
0.00187492370605469 -0.00280046463012695 -0.00665473937988281 0.0326023101806641
0.00223064422607422 -0.00374174118041992 -0.0174331665039063 0.0385360717773438
0.00266361236572266 -0.00437211990356445 -0.031402587890625 0.0330734252929688
0.00712347030639648 -0.00446844100952148 -0.0345573425292969 0.0221843719482422
0.0124549865722656 -0.00273418426513672 -0.0283241271972656 0.00754165649414062
0.0140600204467773 0.00686168670654297 -0.0143394470214844 0.00093841552734375
0.0130510330200195 0.0123977661132813 0.0108394622802734 0.0203990936279297
0.00771331787109375 0.0145101547241211 0.013916015625 0.0554962158203125
0.000921249389648437 0.00938510894775391 -0.0161361694335938 -0.0517654418945312
-0.0012592077255249 0.00119888782501221 -0.00471878051757813 -0.0188083648681641
-0.00237607955932617 0.00473260879516601 0.0158281326293945 0.00210952758789063
0.00320243835449219 0.00506114959716797 0.0341911315917969 -0.00501632690429688
0.00659751892089844 0.001007080078125 0.0373382568359375 -0.0182609558105469
0.00673627853393555 -0.00515842437744141 0.0312576293945313 -0.0361709594726563
0.00419712066650391 -0.0114622116088867 0.017669677734375 -0.0408248901367188
0.00463962554931641 -0.0103111267089844 0.00597381591796875 -0.0326881408691406
0.00699329376220703 -0.0102119445800781 -0.00206375122070313 -0.0247764587402344
0.0107717514038086 -0.00651264190673828 -0.00682640075683594 -0.0196361541748047
0.0109682083129883 0.000645637512207031 -0.0159730911254883 -0.0140514373779297
0.00619316101074219 0.00781488418579101 -0.0201396942138672 -0.0140666961669922
-0.00468111038208008 0.00654697418212891 -0.0267162322998047 -0.0203533172607422
-0.00519037246704102 0.00246763229370117 -0.0368843078613281 -0.0187911987304687
-0.00215911865234375 0.0047917366027832 -0.0322475433349609 -0.0132923126220703
0.0110874176025391 0.0252857208251953 -0.0105133056640625 -0.0460891723632813
0.00981807708740234 0.015223503112793 0.00178623199462891 -0.0129623413085937
0.00877475738525391 0.0150594711303711 0.0201377868652344 0.00454521179199219
0.0164508819580078 0.0104780197143555 0.0369224548339844 -0.00326919555664062
0.0186748504638672 0.00117111206054687 0.0369148254394531 -0.0158767700195313
0.0177574157714844 -0.0111141204833984 0.0294628143310547 -0.0315303802490234
0.0120315551757812 -0.0215473175048828 0.0158824920654297 -0.0346622467041016
0.0111598968505859 -0.0209369659423828 0.00398635864257813 -0.0256786346435547
0.0132484436035156 -0.0225772857666016 -0.00506591796875 -0.0176601409912109
0.0187568664550781 -0.0189399719238281 -0.0119161605834961 -0.0143270492553711
0.0235519409179688 -0.00790214538574219 -0.0208587646484375 -0.00952911376953125
0.0215492248535156 0.00357437133789062 -0.0229339599609375 -0.0122356414794922
0.01129150390625 0.012934684753418 -0.02789306640625 -0.0159072875976562
0.00952339172363281 0.0135211944580078 -0.0338287353515625 -0.0127429962158203
0.0111055374145508 0.017420768737793 -0.0293388366699219 -0.00685691833496094
0.0196914672851563 0.0372657775878906 -0.00371551513671875 -0.0363540649414063
0.0195026397705078 0.0272407531738281 0.00897216796875 -0.00356864929199219
0.0202808380126953 0.0251083374023437 0.0242786407470703 0.00937271118164063
0.0287628173828125 0.0150279998779297 0.0385589599609375 -0.000305175781249999
0.0298442840576172 0.000949859619140625 0.0350704193115234 -0.0124320983886719
0.0277252197265625 -0.0161190032958984 0.0245552062988281 -0.0259246826171875
0.0182838439941406 -0.0279788970947266 0.0117244720458984 -0.0248146057128906
0.0165748596191406 -0.0284233093261719 0.00192737579345703 -0.0148611068725586
0.0169601440429688 -0.0311965942382813 -0.00695180892944336 -0.00560998916625977
0.0234279632568359 -0.0285091400146484 -0.0163154602050781 -0.00422954559326172
0.0319442749023438 -0.0157508850097656 -0.0256061553955078 -0.00177192687988282
0.0333671569824219 -0.00230598449707031 -0.0262088775634766 -0.00767326354980469
0.0246810913085938 0.0148372650146484 -0.0274810791015625 -0.0118770599365234
0.0235538482666016 0.02142333984375 -0.0271091461181641 -0.00663375854492188
0.0220756530761719 0.0263385772705078 -0.022979736328125 0.00266838073730469
0.0251007080078125 0.0447540283203125 0.00489997863769531 -0.0218467712402344
0.0275077819824219 0.0354804992675781 0.0171394348144531 0.00780200958251953
0.0309658050537109 0.0308380126953125 0.0272159576416016 0.0149345397949219
0.0395088195800781 0.0160408020019531 0.0389213562011719 0.0035400390625
0.0379638671875 -0.00136566162109375 0.0302963256835937 -0.00896263122558594
0.0325069427490234 -0.0203685760498047 0.0174293518066406 -0.0175743103027344
0.0213489532470703 -0.0316925048828125 0.00745010375976563 -0.0126810073852539
0.0183448791503906 -0.0314254760742188 -0.00102591514587402 -0.00199174880981445
0.0187301635742187 -0.0351753234863281 -0.00907325744628906 0.00750446319580078
0.0246772766113281 -0.0332889556884766 -0.0199413299560547 0.00781059265136719
0.0348243713378906 -0.0207138061523438 -0.0284805297851562 0.00771522521972657
0.0391426086425781 -0.00819015502929688 -0.0278110504150391 -0.00244140625
0.0348091125488281 0.0149745941162109 -0.0254878997802734 -0.00774765014648437
0.0330829620361328 0.0254402160644531 -0.0173091888427734 0.000174522399902343
0.0298328399658203 0.0331687927246094 -0.012669563293457 0.0142354965209961
0.0280799865722656 0.0442085266113281 0.0138874053955078 -0.0087594985961914
0.0338020324707031 0.0376510620117188 0.0245189666748047 0.0177631378173828
0.0381660461425781 0.0304412841796875 0.0299911499023438 0.0188770294189453
0.0443992614746094 0.0120773315429687 0.0350704193115234 0.00696182250976563
0.0394172668457031 -0.00548934936523438 0.02313232421875 -0.00304985046386719
0.0312843322753906 -0.0223026275634766 0.0100393295288086 -0.00790214538574219
0.0198478698730469 -0.0303363800048828 0.00159525871276856 2.82526016235333E-05
0.0177326202392578 -0.0292453765869141 -0.00375556945800781 0.0109071731567383
0.0179405212402344 -0.0323429107666016 -0.0117206573486328 0.0205764770507812
0.0230522155761719 -0.0308475494384766 -0.0230445861816406 0.0191764831542969
0.0340003967285156 -0.0201263427734375 -0.0304756164550781 0.0159263610839844
0.0392494201660156 -0.00940322875976563 -0.0282077789306641 0.00191116333007812
0.038177490234375 0.014984130859375 -0.0220451354980469 -0.00483894348144531
0.0366973876953125 0.0273818969726563 -0.00654077529907226 0.00564670562744141
0.0312652587890625 0.0343132019042969 -0.00283432006835937 0.0268077850341797
0.0262870788574219 0.0371971130371094 0.0224761962890625 0.00304603576660156
0.0342559814453125 0.0318317413330078 0.0313072204589844 0.0236835479736328
0.038909912109375 0.0231208801269531 0.0296401977539063 0.0197067260742188
0.04095458984375 0.005218505859375 0.0293254852294922 0.0102519989013672
0.0328617095947266 -0.0100307464599609 0.016510009765625 0.00307750701904297
0.0238475799560547 -0.0214862823486328 0.00330901145935059 0.00335955619812012
0.0146751403808594 -0.0251541137695313 -0.00211811065673828 0.0127544403076172
0.0145053863525391 -0.0233097076416016 -0.0062103271484375 0.0224285125732422
0.0146999359130859 -0.0256633758544922 -0.0132427215576172 0.0308723449707031
0.0184345245361328 -0.0237712860107422 -0.0257740020751953 0.0279216766357422
0.0280990600585937 -0.0154953002929687 -0.0325355529785156 0.0215358734130859
0.0350284576416016 -0.00698661804199219 -0.0286521911621094 0.00580978393554688
0.0340919494628906 0.0143051147460938 -0.0178871154785156 -0.00208282470703125
0.0334796905517578 0.0263881683349609 0.00374126434326172 0.0110197067260742
0.0274295806884766 0.0326480865478516 0.00668716430664063 0.0394325256347656
0.0202770233154297 0.0240402221679688 0.0293483734130859 0.00998115539550781
0.0298404693603516 0.0208492279052734 0.0360336303710938 0.024993896484375
0.0320091247558594 0.0114517211914062 0.0285015106201172 0.0183868408203125
0.0292701721191406 -0.00272369384765625 0.0234851837158203 0.0129261016845703
0.0202617645263672 -0.0118293762207031 0.0113706588745117 0.00916671752929688
0.0112829208374023 -0.0159378051757813 0.000623703002929689 0.0127706527709961
0.00744247436523437 -0.0152788162231445 -0.00277328491210938 0.0224590301513672
0.00909996032714844 -0.0142240524291992 -0.00687408447265625 0.0300922393798828
0.00958538055419922 -0.0142230987548828 -0.0162200927734375 0.0373420715332031
0.0121316909790039 -0.0134353637695313 -0.0289859771728516 0.0323925018310547
0.0188865661621094 -0.00899696350097656 -0.0340309143066406 0.0236186981201172
0.0248699188232422 -0.00421333312988281 -0.0281581878662109 0.00720596313476563
0.0253887176513672 0.0121536254882813 -0.0148687362670898 0.000143051147460936
0.0241432189941406 0.0214881896972656 0.00969505310058594 0.0167512893676758
0.0186691284179688 0.0253486633300781 0.0119895935058594 0.0500030517578125
0.0107288360595703 0.00943279266357422 0.0335960388183594 0.0114402770996094
0.0189952850341797 0.00772476196289062 0.0382537841796875 0.0219497680664063
0.0188999176025391 -0.000722885131835937 0.0267219543457031 0.0159225463867188
0.0127077102661133 -0.00808620452880859 0.0197715759277344 0.0146408081054688
0.00451087951660156 -0.00992679595947266 0.0107030868530273 0.0123434066772461
-0.002197265625 -0.0059971809387207 0.00194549560546875 0.0182971954345703
-0.000289678573608398 -0.00180387496948242 -0.00232124328613281 0.0265769958496094
0.00156378746032715 -0.00220561027526855 -0.00722122192382813 0.0335655212402344
0.00206196308135986 -0.00202822685241699 -0.0180816650390625 0.0394859313964844
0.00274324417114258 -0.0035855770111084 -0.03228759765625 0.0335216522216797
0.00634288787841797 -0.00413799285888672 -0.0357742309570313 0.0228385925292969
0.0120677947998047 -0.0029296875 -0.0293407440185547 0.00753402709960938
0.0136508941650391 0.00734329223632813 -0.0150737762451172 0.000999450683593752
0.0128669738769531 0.0121088027954102 0.0102710723876953 0.0207138061523438
0.00725650787353515 0.013636589050293 0.0132026672363281 0.0569000244140625
0.00185298919677734 0.0114841461181641 -0.0162773132324219 -0.0545005798339844
-0.000526666641235351 0.00240373611450195 -0.0044403076171875 -0.0191516876220703
-0.000771999359130859 0.00496864318847656 0.0175056457519531 0.00237751007080078
0.00451755523681641 0.0048213005065918 0.0364761352539063 -0.00519943237304687
0.00740766525268555 0.0001983642578125 0.0385856628417969 -0.0195655822753906
0.0073542594909668 -0.00655412673950195 0.031829833984375 -0.0374794006347656
0.00439834594726562 -0.012603759765625 0.0176467895507813 -0.0426750183105469
0.00480556488037109 -0.0115222930908203 0.00579452514648438 -0.0336971282958984
0.00742244720458984 -0.0117607116699219 -0.0022430419921875 -0.0250778198242188
0.0117225646972656 -0.00804328918457031 -0.00806999206542969 -0.0208034515380859
0.0125303268432617 -3.814697265625E-06 -0.0175361633300781 -0.0139617919921875
0.00759315490722656 0.00845527648925781 -0.0215702056884766 -0.0149669647216797
-0.0043034553527832 0.00851345062255859 -0.0285415649414062 -0.0213584899902344
-0.00534391403198242 0.00453615188598633 -0.0382499694824219 -0.0196189880371094
-0.00195503234863281 0.00632524490356445 -0.0333499908447266 -0.0139446258544922
0.0127315521240234 0.0271644592285156 -0.010833740234375 -0.0475311279296875
0.0108356475830078 0.0160512924194336 0.00289440155029297 -0.0132379531860352
0.010645866394043 0.0159721374511719 0.0220623016357422 0.00508880615234375
0.0174636840820313 0.0102319717407227 0.0388107299804688 -0.00298690795898438
0.0203723907470703 0.000246047973632813 0.0383224487304688 -0.0163002014160156
0.0191669464111328 -0.0133228302001953 0.0303459167480469 -0.0325736999511719
0.0123004913330078 -0.0230484008789062 0.0159378051757813 -0.0354537963867188
0.0113162994384766 -0.0227088928222656 0.00415420532226563 -0.0260429382324219
0.0131359100341797 -0.0248355865478516 -0.00564002990722656 -0.0172367095947266
0.0200595855712891 -0.0207958221435547 -0.0126256942749023 -0.0142431259155273
0.0252799987792969 -0.00871086120605469 -0.0226154327392578 -0.00916481018066406
0.0240554809570313 0.00352096557617188 -0.0244712829589844 -0.0117034912109375
0.0123329162597656 0.0143327713012695 -0.0290927886962891 -0.0163745880126953
0.0100669860839844 0.015742301940918 -0.0347862243652344 -0.0133628845214844
0.0115795135498047 0.0192985534667969 -0.0308074951171875 -0.00638198852539062
0.0209465026855469 0.0396347045898438 -0.00286483764648438 -0.0370864868164063
0.0200252532958984 0.0289955139160156 0.0106287002563477 -0.00304794311523437
0.0216274261474609 0.0265331268310547 0.0262298583984375 0.0103664398193359
0.0302944183349609 0.0149440765380859 0.0414543151855469 0.000228881835937501
0.0319671630859375 0.000509262084960938 0.0362548828125 -0.0127792358398438
0.0288047790527344 -0.01800537109375 0.0256862640380859 -0.0261554718017578
0.0186977386474609 -0.0301513671875 0.01263427734375 -0.0251636505126953
0.0161533355712891 -0.03021240234375 0.00180625915527344 -0.0145540237426758
0.0175132751464844 -0.0336036682128906 -0.00812196731567383 -0.00491571426391602
0.0244178771972656 -0.0306835174560547 -0.0173311233520508 -0.00307369232177735
0.033721923828125 -0.0171871185302734 -0.02740478515625 -0.000543594360351565
0.0354499816894531 -0.00326156616210937 -0.0276355743408203 -0.00730514526367187
0.0268592834472656 0.0165176391601562 -0.0288848876953125 -0.0119209289550781
0.0243568420410156 0.0230808258056641 -0.0278606414794922 -0.0059356689453125
0.0233154296875 0.0284023284912109 -0.0232295989990234 0.00362777709960938
0.0275230407714844 0.0463447570800781 0.00525665283203125 -0.0222587585449219
0.0291633605957031 0.0375862121582031 0.0186576843261719 0.00905036926269531
0.0332870483398438 0.0321502685546875 0.029937744140625 0.0162277221679688
0.0409011840820312 0.0161170959472656 0.041229248046875 0.00384140014648438
0.0395164489746094 -0.00188827514648438 0.0319480895996094 -0.00841712951660156
0.0336151123046875 -0.0218887329101563 0.0187149047851563 -0.0172100067138672
0.0218544006347656 -0.0330753326416016 0.00784969329833985 -0.0125627517700195
0.0186920166015625 -0.0331707000732422 -0.000905632972717284 -0.00123047828674317
0.0192642211914063 -0.037200927734375 -0.00988483428955078 0.00924396514892578
0.0256595611572266 -0.0350379943847656 -0.0214385986328125 0.00975418090820312
0.0368194580078125 -0.0221824645996094 -0.0306415557861328 0.00949478149414062
0.04156494140625 -0.00872039794921875 -0.0295047760009766 -0.00165176391601562
0.0370712280273438 0.0157356262207031 -0.0268878936767578 -0.00772285461425781
0.0349540710449219 0.0271778106689453 -0.017974853515625 0.000415802001953129
0.0312099456787109 0.0342369079589844 -0.0133190155029297 0.0161428451538086
0.0291099548339844 0.046173095703125 0.0144691467285156 -0.00844287872314453
0.0345382690429688 0.0389823913574219 0.02642822265625 0.0197219848632813
0.0400505065917969 0.0316658020019531 0.0318584442138672 0.020477294921875
0.0459060668945313 0.0123634338378906 0.037353515625 0.00782394409179688
0.0409202575683594 -0.00600051879882813 0.0249881744384766 -0.00249290466308594
0.0320396423339844 -0.0234394073486328 0.0112066268920898 -0.00695228576660156
0.0202693939208984 -0.0315952301025391 0.0024113655090332 0.000997781753540037
0.0182266235351562 -0.0309066772460938 -0.00359249114990234 0.0125522613525391
0.0181045532226563 -0.0341110229492188 -0.0114555358886719 0.0229530334472656
0.0234355926513672 -0.0324592590332031 -0.0239028930664063 0.0215911865234375
0.03521728515625 -0.0214271545410156 -0.0323524475097656 0.0180435180664062
0.0413169860839844 -0.0101661682128906 -0.0302524566650391 0.00343513488769531
0.0397567749023438 0.0152053833007813 -0.0229911804199219 -0.00440406799316407
0.0387191772460938 0.0288047790527344 -0.00624656677246093 0.00592136383056641
0.0325813293457031 0.0357933044433594 -0.00221061706542969 0.0293598175048828
0.0274085998535156 0.0378379821777344 0.0230236053466797 0.00364875793457031
0.0356025695800781 0.0325584411621094 0.0332565307617188 0.0253772735595703
0.0407142639160156 0.023712158203125 0.0321178436279297 0.0214748382568359
0.0422821044921875 0.00448989868164062 0.0314502716064453 0.0105972290039063
0.0341262817382813 -0.0106372833251953 0.0174150466918945 0.0040130615234375
0.0244407653808594 -0.0218791961669922 0.00435066223144531 0.00436305999755859
0.0156764984130859 -0.0255260467529297 -0.001251220703125 0.0138149261474609
0.0149402618408203 -0.0243148803710937 -0.00572967529296875 0.0240802764892578
0.0155677795410156 -0.0259017944335938 -0.0134925842285156 0.0331306457519531
0.0192508697509766 -0.0242576599121094 -0.0266551971435547 0.0302715301513672
0.0288257598876953 -0.0160903930664063 -0.0333728790283203 0.0237979888916016
0.0350990295410156 -0.00808525085449219 -0.0297393798828125 0.00672721862792969
0.0353622436523438 0.0148162841796875 -0.0183773040771484 -0.00200462341308593
0.0347328186035156 0.0271892547607422 0.00428009033203125 0.0120477676391602
0.0282917022705078 0.0331325531005859 0.00681304931640625 0.0421142578125
0.0212306976318359 0.0244617462158203 0.0298824310302734 0.0110130310058594
0.0305652618408203 0.0204353332519531 0.0375595092773437 0.0267829895019531
0.0335006713867188 0.0111751556396484 0.0302448272705078 0.0203514099121094
0.0296001434326172 -0.00306129455566406 0.0250301361083984 0.0136699676513672
0.0197734832763672 -0.0123634338378906 0.0127239227294922 0.00963020324707031
0.0114355087280273 -0.0155448913574219 0.00103855133056641 0.0139636993408203
0.00778388977050781 -0.0147218704223633 -0.00281715393066406 0.0236873626708984
0.00866031646728516 -0.0134782791137695 -0.00678062438964844 0.0320549011230469
0.0102701187133789 -0.0145502090454102 -0.0158767700195313 0.0397834777832031
0.0116472244262695 -0.0126781463623047 -0.0298309326171875 0.0353965759277344
0.0188007354736328 -0.00906944274902344 -0.0349540710449219 0.0258941650390625
0.0245628356933594 -0.00430488586425781 -0.0297489166259766 0.00849533081054688
0.0253715515136719 0.0128402709960938 -0.0160245895385742 0.000479698181152342
0.0247745513916016 0.0216217041015625 0.0102691650390625 0.0176315307617187
0.0189647674560547 0.02520751953125 0.0122146606445312 0.0527114868164063
0.0104789733886719 0.00900650024414062 0.0349521636962891 0.0121536254882813
0.0189056396484375 0.00635337829589844 0.0396919250488281 0.022674560546875
0.0194797515869141 -0.00170707702636719 0.0284271240234375 0.0168952941894531
0.0119104385375977 -0.00887870788574219 0.0218124389648437 0.0157318115234375
0.00288867950439453 -0.0102357864379883 0.0121660232543945 0.0127534866333008
-0.00246953964233398 -0.00489711761474609 0.00257110595703125 0.0187644958496094
-0.000161647796630859 -0.00117027759552002 -0.00177383422851562 0.0273494720458984
0.00161170959472656 -0.00143039226531982 -0.0066680908203125 0.0348873138427734
0.00252747535705566 -0.00120043754577637 -0.0181388854980469 0.0418167114257813
0.00258135795593262 -0.00229239463806152 -0.0338668823242188 0.0356101989746094
0.00611591339111328 -0.00379371643066406 -0.03680419921875 0.0248260498046875
0.0112752914428711 -0.00285530090332031 -0.0304508209228516 0.0086669921875
0.0132322311401367 0.0065765380859375 -0.0161018371582031 0.00133132934570312
0.0126485824584961 0.0111789703369141 0.0103340148925781 0.0213451385498047
0.00753593444824219 0.0126562118530273 0.0136833190917969 0.0597991943359375
0.00337409973144531 0.0129327774047852 -0.0174407958984375 -0.0556144714355469
0.000869274139404297 0.00352048873901367 -0.00412178039550781 -0.0196800231933594
0.000444412231445313 0.00531101226806641 0.0188407897949219 0.0017547607421875
0.00594329833984375 0.00416660308837891 0.0377273559570313 -0.00673675537109375
0.00856781005859375 -0.000553607940673828 0.0392303466796875 -0.0213546752929688
0.00741100311279297 -0.00841760635375977 0.0316085815429688 -0.0400924682617188
0.00320625305175781 -0.0146703720092773 0.0168800354003906 -0.0444107055664063
0.00432777404785156 -0.0139102935791016 0.00500106811523437 -0.0346107482910156
0.00699520111083984 -0.0141696929931641 -0.003448486328125 -0.0255298614501953
0.0124111175537109 -0.0100202560424805 -0.00998878479003907 -0.0203075408935547
0.0142583847045898 -0.000777244567871094 -0.0191383361816406 -0.0136089324951172
0.00965404510498047 0.00848674774169922 -0.0234203338623047 -0.0149612426757813
-0.00306606292724609 0.0101346969604492 -0.0312519073486328 -0.0213718414306641
-0.00460386276245117 0.00655269622802734 -0.0403900146484375 -0.0194282531738281
-0.00143527984619141 0.00854301452636719 -0.0346317291259766 -0.0131130218505859
0.0150127410888672 0.0290412902832031 -0.0114936828613281 -0.049163818359375
0.0128421783447266 0.0167903900146484 0.00354194641113281 -0.0133571624755859
0.0128107070922852 0.0163488388061523 0.0236797332763672 0.00514984130859375
0.0196456909179688 0.00951957702636719 0.0406036376953125 -0.00412750244140625
0.0215835571289062 -0.000936508178710937 0.0394401550292969 -0.0174598693847656
0.0193710327148437 -0.0155029296875 0.0302524566650391 -0.0341529846191406
0.0109939575195313 -0.0253658294677734 0.0159072875976563 -0.0366783142089844
0.0103874206542969 -0.0248394012451172 0.0038909912109375 -0.0265884399414063
0.0130081176757812 -0.0279636383056641 -0.00611972808837891 -0.016850471496582
0.0202083587646484 -0.0232162475585938 -0.0145635604858398 -0.0135936737060547
0.0276088714599609 -0.0109291076660156 -0.0244407653808594 -0.00814437866210937
0.0262088775634766 0.0027923583984375 -0.0264949798583984 -0.0110206604003906
0.0142850875854492 0.0158910751342773 -0.0315628051757812 -0.0161552429199219
0.0117530822753906 0.0178508758544922 -0.0369720458984375 -0.012420654296875
0.0125904083251953 0.0214099884033203 -0.0316410064697266 -0.00500297546386719
0.0233726501464844 0.0414772033691406 -0.00350570678710937 -0.0374374389648438
0.0226364135742188 0.0299549102783203 0.0120525360107422 -0.00278663635253906
0.024627685546875 0.0269069671630859 0.0291652679443359 0.0106163024902344
0.0331211090087891 0.0143489837646484 0.0436935424804688 -0.000823974609374999
0.0332965850830078 -0.00136184692382812 0.0379409790039063 -0.013702392578125
0.0294647216796875 -0.0200729370117188 0.0262870788574219 -0.0270805358886719
0.0178146362304688 -0.0329017639160156 0.0129203796386719 -0.0259227752685547
0.0154094696044922 -0.0325813293457031 0.00194168090820313 -0.0139923095703125
0.0168495178222656 -0.0366783142089844 -0.00780725479125976 -0.00302171707153321
0.0244083404541016 -0.0336437225341797 -0.0190086364746094 -0.001068115234375
0.0352401733398438 -0.01953125 -0.0292873382568359 0.00159263610839844
0.0379867553710938 -0.00435256958007813 -0.0298748016357422 -0.005615234375
0.0291404724121094 0.0170249938964844 -0.0309791564941406 -0.0104446411132812
0.0265750885009766 0.0249080657958984 -0.0291652679443359 -0.00454139709472656
0.0250301361083984 0.0298824310302734 -0.0233974456787109 0.00555229187011719
0.0290451049804688 0.0478553771972656 0.0055694580078125 -0.0224227905273437
0.0316925048828125 0.0379219055175781 0.0205268859863281 0.00960922241210938
0.0362548828125 0.0327644348144531 0.0329799652099609 0.0169506072998047
0.0436325073242188 0.0148086547851563 0.0435371398925781 0.00351333618164063
0.040985107421875 -0.003692626953125 0.032928466796875 -0.00863075256347656
0.0344600677490234 -0.0242023468017578 0.0196132659912109 -0.0175094604492187
0.0211219787597656 -0.0358085632324219 0.00819873809814453 -0.0122566223144531
0.0180759429931641 -0.0351085662841797 0.00020962953567505 0.000671565532684324
0.0179023742675781 -0.0398292541503906 -0.009033203125 0.0115365982055664
0.0253868103027344 -0.0373611450195313 -0.0219078063964844 0.0127735137939453
0.0377922058105469 -0.0242843627929688 -0.0314922332763672 0.0124359130859375
0.043548583984375 -0.0106773376464844 -0.0316028594970703 -2.6702880859376E-05
0.0390357971191406 0.0162391662597656 -0.0286598205566406 -0.00663185119628906
0.0373573303222656 0.0277557373046875 -0.0182323455810547 0.00153350830078125
0.0335311889648438 0.0350551605224609 -0.0131912231445313 0.0187129974365234
0.0313873291015625 0.0468482971191406 0.014958381652832 -0.0080413818359375
0.0373611450195313 0.0392532348632813 0.0286197662353516 0.0205059051513672
0.0433425903320313 0.0318412780761719 0.0349769592285156 0.021484375
0.0485877990722656 0.0114364624023437 0.0399246215820313 0.00780105590820313
0.0420570373535156 -0.00763702392578125 0.0262184143066406 -0.00233650207519531
0.0332393646240234 -0.0250244140625 0.0120067596435547 -0.00615882873535156
0.0199909210205078 -0.0336818695068359 0.00332903861999512 0.00206685066223144
0.0177078247070313 -0.0320034027099609 -0.00268745422363281 0.0140676498413086
0.017578125 -0.0359458923339844 -0.0101947784423828 0.0258769989013672
0.0227756500244141 -0.034027099609375 -0.0238990783691406 0.0250205993652344
0.0354957580566406 -0.0234413146972656 -0.0331192016601563 0.0214500427246094
0.04241943359375 -0.0120506286621094 -0.0316143035888672 0.00568962097167969
0.0418167114257813 0.0147705078125 -0.0242443084716797 -0.00256156921386719
0.0409164428710937 0.02874755859375 -0.00622510910034179 0.00745201110839844
0.0342216491699219 0.03680419921875 -0.00157737731933593 0.0318546295166016
0.029266357421875 0.03839111328125 0.0240116119384766 0.00415992736816406
0.037109375 0.0321388244628906 0.0356864929199219 0.0269699096679688
0.0432777404785156 0.0231208801269531 0.0350818634033203 0.0226268768310547
0.043670654296875 0.00360107421875 0.0335922241210938 0.0117301940917969
0.0340824127197266 -0.01123046875 0.0191917419433594 0.00445365905761719
0.0242958068847656 -0.0224227905273438 0.00600576400756836 0.00539875030517578
0.0149936676025391 -0.0260524749755859 -0.000234603881835938 0.0151863098144531
0.0140285491943359 -0.0244655609130859 -0.00456619262695313 0.0258865356445313
0.0148983001708984 -0.0270118713378906 -0.0123100280761719 0.0370025634765625
0.0188522338867188 -0.0249233245849609 -0.0261745452880859 0.0348072052001953
0.0286140441894531 -0.0172939300537109 -0.0340461730957031 0.0275230407714844
0.0354957580566406 -0.00923538208007813 -0.0314445495605469 0.0093994140625
0.0368576049804688 0.01434326171875 -0.0193901062011719 -8.01086425781279E-05
0.0361366271972656 0.0264625549316406 0.00485324859619141 0.0130033493041992
0.0302085876464844 0.0326805114746094 0.00839996337890626 0.0448112487792969
0.0225677490234375 0.0242767333984375 0.0311622619628906 0.0114593505859375
0.0309906005859375 0.0191726684570313 0.0402450561523438 0.0266189575195313
0.0344390869140625 0.00983810424804688 0.0332851409912109 0.0212116241455078
0.0299797058105469 -0.00436592102050781 0.0278434753417969 0.0146465301513672
0.0191364288330078 -0.0123805999755859 0.014500617980957 0.0102529525756836
0.0113668441772461 -0.0150165557861328 0.00266265869140625 0.0149812698364258
0.00772571563720703 -0.014094352722168 -0.00205612182617188 0.0244674682617188
0.009033203125 -0.0133161544799805 -0.00558280944824219 0.0332450866699219
0.0104837417602539 -0.0140085220336914 -0.0142898559570313 0.0429611206054688
0.0117120742797852 -0.0130319595336914 -0.029144287109375 0.0389251708984375
0.0186500549316406 -0.00895309448242188 -0.0357666015625 0.0294380187988281
0.0246410369873047 -0.00519371032714844 -0.0309352874755859 0.0106945037841797
0.0258712768554688 0.0117530822753906 -0.017146110534668 0.00165557861328125
0.0255126953125 0.0209693908691406 0.0112857818603516 0.0182571411132813
0.0199432373046875 0.0247154235839844 0.0143241882324219 0.0557937622070313
0.0108451843261719 0.00728225708007813 0.0360527038574219 0.0121002197265625
0.0189266204833984 0.00470352172851563 0.0417823791503906 0.0235404968261719
0.0196609497070313 -0.00356483459472656 0.0308666229248047 0.0180091857910156
0.0112876892089844 -0.00989055633544922 0.0238189697265625 0.0163173675537109
0.00142574310302734 -0.00991916656494141 0.0137233734130859 0.0133962631225586
-0.00270915031433105 -0.003814697265625 0.00464248657226562 0.0195808410644531
-0.000100493431091309 0.000493764877319336 -0.000425338745117189 0.0281639099121094
0.00210583209991455 -0.00036168098449707 -0.00594329833984375 0.0360870361328125
0.00385165214538574 0.000159263610839844 -0.0166549682617188 0.0443229675292969
0.00263571739196777 -0.000502586364746094 -0.0333938598632813 0.0392684936523438
0.00536918640136719 -0.00261163711547852 -0.0374374389648438 0.027679443359375
0.0106601715087891 -0.00289058685302734 -0.0319175720214844 0.010711669921875
0.0132055282592773 0.0057373046875 -0.0171031951904297 0.00249671936035156
0.0120716094970703 0.0106935501098633 0.0112400054931641 0.0216064453125
0.00765609741210938 0.0118980407714844 0.0154685974121094 0.0627098083496094
0.00557327270507813 0.0148591995239258 -0.0199127197265625 -0.0557708740234375
0.00247788429260254 0.00404071807861328 -0.00412559509277344 -0.019622802734375
0.00217103958129883 0.00541067123413086 0.0204658508300781 0.00102806091308594
0.00708293914794922 0.00303030014038086 0.0382194519042969 -0.00893783569335937
0.00876998901367188 -0.00204038619995117 0.0389938354492188 -0.0234222412109375
0.00669956207275391 -0.0106258392333984 0.0297584533691406 -0.0417137145996094
0.00177669525146484 -0.0163402557373047 0.0149002075195313 -0.0453834533691406
0.00260639190673828 -0.0150823593139648 0.00356674194335937 -0.0349159240722656
0.00567913055419922 -0.0165538787841797 -0.00501823425292969 -0.0247592926025391
0.0124092102050781 -0.0121698379516602 -0.0116291046142578 -0.0192241668701172
0.0159893035888672 -0.00254535675048828 -0.0210018157958984 -0.0118770599365234
0.0119104385375977 0.00783634185791016 -0.0252685546875 -0.0135955810546875
-0.000973701477050781 0.0117340087890625 -0.0330963134765625 -0.0203590393066406
-0.00371170043945313 0.00893688201904297 -0.0417823791503906 -0.0179824829101563
-0.000146865844726562 0.0108327865600586 -0.0352439880371094 -0.0117874145507813
0.0176868438720703 0.0301971435546875 -0.0128669738769531 -0.0485343933105469
0.0152063369750977 0.0172529220581055 0.00434684753417969 -0.0129480361938477
0.015228271484375 0.0158176422119141 0.025421142578125 0.00407791137695313
0.0213356018066406 0.00763511657714844 0.04156494140625 -0.00614166259765625
0.021759033203125 -0.00303840637207031 0.0394973754882813 -0.0193367004394531
0.0186252593994141 -0.0176239013671875 0.029571533203125 -0.03515625
0.00907516479492188 -0.0273761749267578 0.0147895812988281 -0.0373077392578125
0.00838661193847656 -0.0267906188964844 0.0031890869140625 -0.0258655548095703
0.0108318328857422 -0.0300731658935547 -0.00626277923583984 -0.01507568359375
0.0196819305419922 -0.0261993408203125 -0.0156135559082031 -0.0111665725708008
0.0280380249023438 -0.0129680633544922 -0.0259780883789062 -0.00577735900878906
0.0280590057373047 0.00121116638183594 -0.0281448364257812 -0.00935935974121094
0.0163936614990234 0.0166997909545898 -0.0330619812011719 -0.0142917633056641
0.0138072967529297 0.0196208953857422 -0.0374984741210938 -0.0102996826171875
0.0142173767089844 0.0225582122802734 -0.0315876007080078 -0.00304222106933594
0.0269737243652344 0.0415496826171875 -0.004364013671875 -0.037628173828125
0.0251426696777344 0.0292510986328125 0.013279914855957 -0.00298786163330078
0.0274887084960938 0.0262737274169922 0.0310325622558594 0.00978469848632813
0.0346698760986328 0.0123176574707031 0.0449409484863281 -0.0025634765625
0.0338821411132813 -0.00361061096191406 0.0380096435546875 -0.015289306640625
0.028228759765625 -0.0232143402099609 0.0259361267089844 -0.0270462036132813
0.0156764984130859 -0.0350704193115234 0.0126361846923828 -0.0257282257080078
0.0135631561279297 -0.0345706939697266 0.00231552124023437 -0.0133085250854492
0.0146560668945313 -0.0389480590820313 -0.00735235214233398 -0.00103425979614258
0.0232124328613281 -0.03619384765625 -0.0193309783935547 0.00177383422851563
0.0357933044433594 -0.0216140747070313 -0.0297622680664062 0.00475311279296875
0.0394248962402344 -0.006072998046875 -0.0313549041748047 -0.00334548950195312
0.0316295623779297 0.0173988342285156 -0.0324821472167969 -0.00824165344238282
0.0286521911621094 0.0256366729736328 -0.0295619964599609 -0.0025177001953125
0.02716064453125 0.0306224822998047 -0.0232677459716797 0.00860977172851563
0.0325431823730469 0.0474662780761719 0.00566673278808594 -0.0226898193359375
0.0337638854980469 0.03704833984375 0.0227394104003906 0.00974655151367188
0.0393714904785156 0.0317573547363281 0.0356559753417969 0.0159568786621094
0.0456809997558594 0.0125885009765625 0.04534912109375 0.00201416015625
0.0411453247070313 -0.006256103515625 0.0341014862060547 -0.00951385498046875
0.033782958984375 -0.0263824462890625 0.01983642578125 -0.0172328948974609
0.0186500549316406 -0.0374298095703125 0.00858402252197266 -0.0118265151977539
0.0157356262207031 -0.0362510681152344 0.00110113620758057 0.0014728307723999
0.0161018371582031 -0.0417137145996094 -0.00714969635009766 0.0140361785888672
0.0234794616699219 -0.0391159057617188 -0.0209083557128906 0.0156631469726562
0.0373687744140625 -0.0272178649902344 -0.0316562652587891 0.0159168243408203
0.04376220703125 -0.0130805969238281 -0.0323848724365234 0.00345802307128906
0.0412635803222656 0.015106201171875 -0.0293693542480469 -0.00419235229492187
0.0395469665527344 0.0278053283691406 -0.0180091857910156 0.003631591796875
0.0348281860351563 0.0348567962646484 -0.0119400024414062 0.0208950042724609
0.0341758728027344 0.0461845397949219 0.0154323577880859 -0.00740432739257812
0.0389175415039063 0.03778076171875 0.0314483642578125 0.0201568603515625
0.045440673828125 0.030120849609375 0.0377960205078125 0.0203399658203125
0.0491943359375 0.00896835327148438 0.0415992736816406 0.00663375854492188
0.0413970947265625 -0.00951385498046875 0.0277576446533203 -0.00261306762695313
0.0323944091796875 -0.0270328521728516 0.0132360458374023 -0.00602912902832032
0.0185699462890625 -0.0343170166015625 0.00438499450683594 0.00295853614807129
0.0158882141113281 -0.0329494476318359 -0.000723838806152341 0.0158824920654297
0.0160865783691406 -0.0374832153320313 -0.00765419006347656 0.0285758972167969
0.0213165283203125 -0.035308837890625 -0.0225429534912109 0.0291099548339844
0.0349006652832031 -0.0252723693847656 -0.0321559906005859 0.0254421234130859
0.0425033569335938 -0.0141372680664062 -0.0319747924804688 0.00883293151855469
0.04327392578125 0.0133514404296875 -0.0249691009521484 -0.000532150268554688
0.0424118041992188 0.0276107788085938 -0.00524330139160156 0.0087890625
0.0362739562988281 0.0351219177246094 0.000831604003906249 0.0343666076660156
0.0309677124023437 0.0371322631835938 0.0246067047119141 0.00477027893066407
0.0381126403808594 0.0304412841796875 0.038299560546875 0.0262641906738281
0.0445327758789063 0.0209426879882813 0.0377883911132813 0.0222282409667969
0.0436134338378906 0.00241851806640625 0.03619384765625 0.0107078552246094
0.0328559875488281 -0.012786865234375 0.0208358764648438 0.00394630432128906
0.0239448547363281 -0.0235767364501953 0.00743389129638672 0.00616455078125
0.0147075653076172 -0.0259685516357422 0.00119495391845703 0.0161266326904297
0.0132484436035156 -0.0248031616210938 -0.00231170654296875 0.0277748107910156
0.0141448974609375 -0.0272617340087891 -0.00889968872070312 0.0395584106445312
0.0175647735595703 -0.025299072265625 -0.0243644714355469 0.0384445190429688
0.0281105041503906 -0.0181560516357422 -0.0330352783203125 0.0317592620849609
0.0350131988525391 -0.0106964111328125 -0.0312290191650391 0.0124931335449219
0.0373077392578125 0.0125541687011719 -0.0205574035644531 0.00137710571289063
0.0370864868164062 0.0249519348144531 0.00603485107421875 0.013401985168457
0.0305538177490234 0.0312232971191406 0.0107765197753906 0.0464820861816406
0.0233516693115234 0.0221767425537109 0.0321884155273438 0.0113658905029297
0.0311241149902344 0.0175209045410156 0.0423049926757813 0.0265159606933594
0.0346584320068359 0.00787162780761719 0.0353622436523438 0.0205955505371094
0.0291194915771484 -0.00548934936523438 0.0296535491943359 0.0138721466064453
0.0177154541015625 -0.0131626129150391 0.0162868499755859 0.00975513458251953
0.0111093521118164 -0.0144758224487305 0.00474452972412109 0.0150699615478516
0.00724411010742188 -0.0132541656494141 -0.000169754028320313 0.0250701904296875
0.0082855224609375 -0.0119791030883789 -0.00313949584960937 0.0351982116699219
0.0101728439331055 -0.0135936737060547 -0.0106773376464844 0.0455703735351563
0.0112400054931641 -0.0119094848632813 -0.0275459289550781 0.0430183410644531
0.0179443359375 -0.00894737243652344 -0.0344791412353516 0.0329189300537109
0.0231552124023438 -0.00545310974121094 -0.0307521820068359 0.0139789581298828
0.0256900787353516 0.010772705078125 -0.0174674987792969 0.00334072113037109
0.025543212890625 0.0192184448242188 0.0117053985595703 0.018157958984375
0.0202274322509766 0.0224971771240234 0.0170669555664063 0.0571327209472656
0.0105676651000977 0.00538825988769531 0.037017822265625 0.0113258361816406
0.0184898376464844 0.00296211242675781 0.0435791015625 0.0222625732421875
0.0184040069580078 -0.005096435546875 0.0325813293457031 0.0170173645019531
0.00949859619140625 -0.0100994110107422 0.0262603759765625 0.0159282684326172
-0.0004425048828125 -0.00904178619384765 0.0157585144042969 0.0125093460083008
-0.00342726707458496 -0.00205111503601074 0.0062103271484375 0.0190258026123047
0.000567436218261719 0.00236821174621582 0.00108528137207032 0.0281105041503906
0.00229048728942871 0.00175380706787109 -0.00417327880859375 0.0368080139160156
0.00424289703369141 0.00204563140869141 -0.0145378112792969 0.0457649230957031
0.00264549255371094 0.00124502182006836 -0.0313835144042969 0.0425338745117188
0.00485038757324219 -0.00113582611083984 -0.0363883972167969 0.0314407348632813
0.00937557220458984 -0.00241374969482422 -0.0320720672607422 0.0130481719970703
0.0120611190795898 0.0054779052734375 -0.01763916015625 0.00339889526367188
0.0114603042602539 0.00959300994873047 0.0116424560546875 0.0215034484863281
0.00701427459716797 0.0100641250610352 0.0187263488769531 0.0633125305175781
0.00769615173339844 0.0158271789550781 -0.0206108093261719 -0.0546188354492188
0.0039360523223877 0.00407147407531738 -0.00417327880859375 -0.0194797515869141
0.00376987457275391 0.00446319580078125 0.0208606719970703 -0.000341415405273437
0.00839614868164063 0.00157976150512695 0.037506103515625 -0.01043701171875
0.00890636444091797 -0.00406932830810547 0.0372352600097656 -0.0244216918945313
0.00566864013671875 -0.0122489929199219 0.0274810791015625 -0.0415763854980469
-8.10623168945294E-05 -0.0174427032470703 0.0127677917480469 -0.044830322265625
0.000955581665039063 -0.0163793563842773 0.00247573852539063 -0.0333766937255859
0.0037994384765625 -0.0183181762695313 -0.00557327270507812 -0.0231246948242187
0.0115251541137695 -0.0144977569580078 -0.0123043060302734 -0.0172672271728516
0.0164089202880859 -0.00400733947753906 -0.0216770172119141 -0.0101680755615234
0.0135831832885742 0.00681877136230469 -0.0260753631591797 -0.0121002197265625
0.00113868713378906 0.0126562118530273 -0.0336952209472656 -0.0185337066650391
-0.00169658660888672 0.0109825134277344 -0.0418663024902344 -0.0166587829589844
0.00107288360595703 0.0123805999755859 -0.0343608856201172 -0.0103569030761719
0.0200786590576172 0.0300102233886719 -0.0132064819335937 -0.0473365783691406
0.0167064666748047 0.016322135925293 0.00471687316894531 -0.0132122039794922
0.0168704986572266 0.0145597457885742 0.0263328552246094 0.00259590148925781
0.02203369140625 0.00582504272460938 0.0411415100097656 -0.00795745849609375
0.0213375091552734 -0.00512886047363281 0.037994384765625 -0.0204429626464844
0.0169506072998047 -0.0198783874511719 0.0282268524169922 -0.0347862243652344
0.00675773620605469 -0.0283145904541016 0.0136337280273438 -0.0367584228515625
0.0063018798828125 -0.0277004241943359 0.00272369384765625 -0.0244960784912109
0.00829887390136719 -0.0319328308105469 -0.00623893737792969 -0.0133037567138672
0.0182647705078125 -0.0280857086181641 -0.0158634185791016 -0.00869369506835937
0.0284042358398437 -0.0150585174560547 -0.0259323120117188 -0.00312042236328125
0.0291900634765625 -9.34600830078125E-05 -0.0287952423095703 -0.00717544555664062
0.0184440612792969 0.0174331665039063 -0.0333099365234375 -0.0128040313720703
0.0152702331542969 0.0208015441894531 -0.0370025634765625 -0.00885772705078126
0.0156536102294922 0.0237960815429688 -0.0301628112792969 -0.0010833740234375
0.028594970703125 0.0408706665039063 -0.00417327880859375 -0.0358734130859375
0.0265293121337891 0.0286006927490234 0.0145683288574219 -0.003021240234375
0.02880859375 0.0239944458007812 0.0326766967773438 0.008270263671875
0.0348701477050781 0.00988197326660156 0.0449142456054688 -0.0039825439453125
0.0325946807861328 -0.00585365295410156 0.0381660461425781 -0.0156517028808594
0.0263690948486328 -0.0246906280517578 0.0259590148925781 -0.02691650390625
0.0133285522460937 -0.03515625 0.0128612518310547 -0.0251102447509766
0.0111637115478516 -0.0349063873291016 0.00292015075683594 -0.0115928649902344
0.0122413635253906 -0.0400962829589844 -0.00561618804931641 0.00112247467041016
0.0214118957519531 -0.0375900268554688 -0.0181427001953125 0.00423049926757812
0.0348320007324219 -0.0237884521484375 -0.0291290283203125 0.00798416137695312
0.0394935607910156 -0.00847625732421875 -0.0310821533203125 -0.000574111938476556
0.0329704284667969 0.0169315338134766 -0.0323143005371094 -0.00630187988281249
0.0303974151611328 0.0256538391113281 -0.0284614562988281 -0.000988006591796871
0.0280551910400391 0.0304489135742188 -0.0212211608886719 0.0101242065429688
0.0335006713867188 0.0464248657226562 0.00577926635742188 -0.0208473205566406
0.0344924926757813 0.035736083984375 0.0240230560302734 0.00925445556640625
0.0402450561523437 0.0294952392578125 0.0376396179199219 0.014801025390625
0.0453376770019531 0.0103950500488281 0.0454139709472656 0.000331878662109376
0.0399513244628906 -0.00766372680664062 0.0345172882080078 -0.00982093811035156
0.0313205718994141 -0.0278263092041016 0.020294189453125 -0.0167751312255859
0.0170822143554687 -0.0373916625976563 0.00967788696289063 -0.0109310150146484
0.0142288208007813 -0.0362167358398438 0.00243186950683594 0.00280237197875976
0.0138626098632813 -0.0420989990234375 -0.00453472137451172 0.0161294937133789
0.0215835571289062 -0.0398712158203125 -0.0189990997314453 0.0185413360595703
0.0359649658203125 -0.0285720825195313 -0.0300045013427734 0.0189342498779297
0.0432395935058594 -0.0146865844726562 -0.0319461822509766 0.00638008117675781
0.0420722961425781 0.0141410827636719 -0.0293998718261719 -0.00167655944824219
0.0400466918945313 0.0272407531738281 -0.0166530609130859 0.00497531890869141
0.0355110168457031 0.0340461730957031 -0.00931549072265625 0.0225543975830078
0.0345535278320313 0.0439071655273438 0.0161066055297852 -0.00633144378662109
0.0384521484375 0.0358200073242188 0.0325279235839844 0.0200252532958984
0.0458450317382813 0.0278282165527344 0.0399055480957031 0.0192527770996094
0.0489006042480469 0.00706100463867188 0.0426445007324219 0.005706787109375
0.0399208068847656 -0.0105476379394531 0.0282974243164063 -0.00310897827148438
0.0303897857666016 -0.0275344848632813 0.0141201019287109 -0.00522899627685547
0.0169448852539063 -0.0340557098388672 0.00556230545043945 0.00340890884399414
0.0147533416748047 -0.0324649810791016 0.00121212005615234 0.0170326232910156
0.0143203735351562 -0.0367088317871094 -0.00458908081054688 0.0295791625976562
0.0192699432373047 -0.0350265502929687 -0.0198402404785156 0.0319099426269531
0.0327358245849609 -0.0259513854980469 -0.030364990234375 0.0285072326660156
0.0407600402832031 -0.0151252746582031 -0.0307254791259766 0.0119533538818359
0.0425033569335938 0.0120429992675781 -0.0246639251708984 0.00201034545898438
0.0419845581054687 0.0259666442871094 -0.00431537628173828 0.00979709625244141
0.0360870361328125 0.0334663391113281 0.00290679931640625 0.0352210998535156
0.0312061309814453 0.0348148345947266 0.0249481201171875 0.00497627258300781
0.036712646484375 0.0280990600585938 0.0392189025878906 0.0263175964355469
0.0433769226074219 0.0194320678710937 0.0395698547363281 0.0205841064453125
0.042236328125 0.00070953369140625 0.036865234375 0.00976943969726563
0.0315418243408203 -0.0128688812255859 0.0213050842285156 0.003692626953125
0.0222625732421875 -0.0232353210449219 0.00845098495483399 0.00634670257568359
0.0135021209716797 -0.0250225067138672 0.00251007080078125 0.0165090560913086
0.0125217437744141 -0.0236587524414063 -8.20159912109391E-05 0.0279636383056641
0.0136013031005859 -0.0262107849121094 -0.00532913208007813 0.0399208068847656
0.0166645050048828 -0.0240306854248047 -0.0211334228515625 0.0408363342285156
0.0262699127197266 -0.0177021026611328 -0.0308132171630859 0.0336799621582031
0.0331764221191406 -0.0110893249511719 -0.0301132202148437 0.0153999328613281
0.0360794067382813 0.0113677978515625 -0.019561767578125 0.00325775146484375
0.0360298156738281 0.0234870910644531 0.00603866577148438 0.0142574310302734
0.0301036834716797 0.0294342041015625 0.0132484436035156 0.0474014282226563
0.0225849151611328 0.0201206207275391 0.0312366485595703 0.0109958648681641
0.0294551849365234 0.0152130126953125 0.0431022644042969 0.0263137817382813
0.0327987670898438 0.00629615783691406 0.0365943908691406 0.0194969177246094
0.0271186828613281 -0.00613212585449219 0.0308113098144531 0.0130500793457031
0.0164165496826172 -0.0119075775146484 0.0171689987182617 0.00907325744628906
0.0104846954345703 -0.0135326385498047 0.0063323974609375 0.0148410797119141
0.00764846801757812 -0.0118169784545898 0.00162696838378906 0.0251426696777344
0.00850772857666016 -0.0109214782714844 -0.00145721435546875 0.0345802307128906
0.00992393493652344 -0.0120716094970703 -0.00827407836914063 0.0454483032226562
0.0117626190185547 -0.0105686187744141 -0.0245819091796875 0.0442695617675781
0.016789436340332 -0.00805091857910156 -0.0317058563232422 0.0351161956787109
0.0219268798828125 -0.00527191162109375 -0.0297966003417969 0.0158500671386719
0.0246639251708984 0.00995826721191406 -0.0168247222900391 0.00507831573486328
0.0238380432128906 0.0177135467529297 0.0122241973876953 0.0182933807373047
0.0191478729248047 0.0209293365478516 0.0190544128417969 0.0570564270019531
0.00948619842529297 0.00363826751708984 0.0352134704589844 0.0107574462890625
0.0165338516235352 0.00144863128662109 0.0439567565917969 0.0216598510742187
0.0161161422729492 -0.006805419921875 0.0336971282958984 0.0161705017089844
0.0070648193359375 -0.0103759765625 0.0272426605224609 0.0145473480224609
-0.0019679069519043 -0.00719976425170898 0.0164995193481445 0.011317253112793
-0.00267457962036133 0.000231742858886718 0.00748062133789063 0.0177059173583984
0.00205659866333008 0.00419449806213379 0.00233840942382813 0.0274276733398438
0.00331211090087891 0.00350832939147949 -0.0019683837890625 0.0368118286132813
0.00525808334350586 0.00301313400268555 -0.0118751525878906 0.0464286804199219
0.00333738327026367 0.00275540351867676 -0.0284996032714844 0.0437736511230469
0.00382041931152344 0.000631570816040039 -0.0343914031982422 0.0329818725585937
0.00769472122192383 -0.0014796257019043 -0.0309543609619141 0.0152149200439453
0.0108861923217773 0.00537586212158203 -0.0171346664428711 0.00492382049560547
0.00973129272460938 0.00791835784912109 0.0117626190185547 0.0210494995117188
0.00547695159912109 0.00830650329589844 0.0199356079101563 0.0627250671386719
0.0102014541625977 0.0164594650268555 -0.0191574096679688 -0.0534782409667969
0.00612974166870117 0.00421905517578125 -0.00273895263671875 -0.0193347930908203
0.00525856018066406 0.00346231460571289 0.0210628509521484 -0.00137138366699219
0.00847387313842773 0.000139236450195312 0.0364761352539062 -0.0110588073730469
0.00878572463989258 -0.00553131103515625 0.0358047485351563 -0.0237770080566406
0.0041952133178711 -0.0139837265014648 0.0265922546386719 -0.0401496887207031
-0.00165748596191406 -0.0183296203613281 0.0120582580566406 -0.0434684753417969
-0.00064373016357422 -0.0170249938964844 0.00246620178222656 -0.0321140289306641
0.00191879272460938 -0.0198993682861328 -0.00489234924316406 -0.0216045379638672
0.0105772018432617 -0.0162038803100586 -0.0122909545898438 -0.0158710479736328
0.0169610977172852 -0.00656414031982422 -0.0213794708251953 -0.00880813598632812
0.0150241851806641 0.00550270080566406 -0.0261039733886719 -0.0113258361816406
0.00326156616210937 0.0134725570678711 -0.0335636138916016 -0.0179386138916016
0.000358581542968751 0.0126943588256836 -0.0409698486328125 -0.0167732238769531
0.00249290466308594 0.0142812728881836 -0.0325927734375 -0.0104770660400391
0.0215358734130859 0.0303955078125 -0.0110511779785156 -0.0465660095214844
0.0173273086547852 0.0158796310424805 0.00635623931884766 -0.0132570266723633
0.0173397064208984 0.0133686065673828 0.0267772674560547 0.00193595886230469
0.0216026306152344 0.004058837890625 0.0405693054199219 -0.00828933715820313
0.0203952789306641 -0.0064544677734375 0.0374221801757813 -0.0194892883300781
0.0151176452636719 -0.0206718444824219 0.0279197692871094 -0.0335750579833984
0.00506782531738281 -0.0283946990966797 0.0136871337890625 -0.0352935791015625
0.00444412231445313 -0.0278759002685547 0.00376319885253906 -0.0233860015869141
0.00667381286621094 -0.0322151184082031 -0.00496387481689453 -0.0115556716918945
0.01702880859375 -0.0294361114501953 -0.0147562026977539 -0.0066518783569336
0.0284042358398438 -0.0164928436279297 -0.0249900817871094 -0.0012969970703125
0.0298557281494141 -0.00102996826171875 -0.0282382965087891 -0.00599479675292968
0.0203857421875 0.0179023742675781 -0.0331764221191406 -0.0113964080810547
0.0164546966552734 0.0218849182128906 -0.0360908508300781 -0.00822830200195312
0.0165023803710938 0.0248565673828125 -0.027679443359375 -0.00099945068359375
0.0292243957519531 0.0409355163574219 -0.00242233276367188 -0.0343971252441406
0.0261745452880859 0.02783203125 0.0163135528564453 -0.00263595581054687
0.0289936065673828 0.0229530334472656 0.0331592559814453 0.00767898559570313
0.0347404479980469 0.00887680053710938 0.0444488525390625 -0.00412368774414062
0.0319576263427734 -0.0064239501953125 0.0374565124511719 -0.0147438049316406
0.0251178741455078 -0.025177001953125 0.0261669158935547 -0.0249843597412109
0.0118865966796875 -0.0351448059082031 0.0131187438964844 -0.0237751007080078
0.00939750671386719 -0.0344791412353516 0.00433158874511719 -0.0102643966674805
0.0102958679199219 -0.0403823852539062 -0.00343251228332519 0.00206971168518066
0.0202407836914063 -0.0380668640136719 -0.0170421600341797 0.00634765624999999
0.0344390869140625 -0.0246047973632813 -0.0276317596435547 0.00985908508300781
0.039764404296875 -0.00878524780273438 -0.0306301116943359 0.000902175903320318
0.0336647033691406 0.0172100067138672 -0.0314388275146484 -0.00499534606933594
0.0305385589599609 0.0267143249511719 -0.0269584655761719 -0.000350952148437499
0.0278739929199219 0.0317897796630859 -0.0186862945556641 0.0106906890869141
0.0330314636230469 0.0453948974609375 0.00720024108886719 -0.0196666717529297
0.0335922241210938 0.0348300933837891 0.0254783630371094 0.00954246520996094
0.0392684936523438 0.0283851623535156 0.0378036499023437 0.0141830444335937
0.0442276000976563 0.0100746154785156 0.0458793640136719 0.000499725341796876
0.0387496948242188 -0.00766372680664063 0.034271240234375 -0.00964736938476562
0.0304698944091797 -0.0276546478271484 0.0213432312011719 -0.0155982971191406
0.0159759521484375 -0.0365371704101563 0.0104780197143555 -0.00965499877929688
0.013092041015625 -0.0357933044433594 0.00413656234741211 0.00346279144287109
0.0127372741699219 -0.0412979125976563 -0.00280666351318359 0.0171432495117187
0.0208282470703125 -0.0390777587890625 -0.0170707702636719 0.0206871032714844
0.035125732421875 -0.0275688171386719 -0.0283279418945313 0.0214004516601563
0.0425300598144531 -0.0139541625976562 -0.0302791595458984 0.00839424133300781
0.041534423828125 0.0146217346191406 -0.0280418395996094 -3.81469726562453E-05
0.0395088195800781 0.0267562866210937 -0.0157146453857422 0.00580692291259765
0.0341854095458984 0.0343589782714844 -0.00767707824707031 0.0231189727783203
0.0330734252929688 0.0429725646972656 0.0162563323974609 -0.00534725189208984
0.0365638732910156 0.0346870422363281 0.0336761474609375 0.0198173522949219
0.0445137023925781 0.0272216796875 0.0399208068847656 0.0191001892089844
0.0468521118164063 0.00745391845703125 0.0428047180175781 0.00527572631835938
0.0385017395019531 -0.00978469848632813 0.0287952423095703 -0.00282096862792969
0.0300350189208984 -0.0264492034912109 0.0151901245117188 -0.00451278686523438
0.0169258117675781 -0.0326442718505859 0.00719499588012695 0.003997802734375
0.01416015625 -0.0308704376220703 0.00272369384765625 0.0168304443359375
0.0138740539550781 -0.0353736877441406 -0.00186729431152344 0.030487060546875
0.0190620422363281 -0.0336189270019531 -0.0173530578613281 0.032958984375
0.0318603515625 -0.0245571136474609 -0.0282230377197266 0.0300788879394531
0.0389442443847656 -0.0140953063964844 -0.0296134948730469 0.0136585235595703
0.0412750244140625 0.0127906799316406 -0.0231285095214844 0.00342559814453125
0.0404472351074219 0.0260658264160156 -0.00357818603515625 0.0104265213012695
0.0345554351806641 0.0329360961914063 0.0043182373046875 0.0357170104980469
0.0293083190917969 0.0336494445800781 0.0247707366943359 0.00664901733398438
0.0346813201904297 0.0272426605224609 0.0396232604980469 0.0258255004882813
0.0416908264160156 0.0186920166015625 0.0394248962402344 0.0206413269042969
0.0403213500976563 0.000995635986328125 0.0372657775878906 0.00992584228515625
0.0300750732421875 -0.0111198425292969 0.0217113494873047 0.00360107421875
0.0227241516113281 -0.0213184356689453 0.010066032409668 0.00613594055175781
0.0139179229736328 -0.0235500335693359 0.00374507904052734 0.0164060592651367
0.0128002166748047 -0.0217647552490234 0.00150299072265625 0.0272960662841797
0.0136051177978516 -0.0244216918945313 -0.00274658203125 0.0401496887207031
0.0167617797851563 -0.0223007202148438 -0.0190658569335938 0.0415191650390625
0.0256214141845703 -0.0158653259277344 -0.0283699035644531 0.0348491668701172
0.0315074920654297 -0.00999832153320313 -0.0286178588867188 0.0166530609130859
0.0341606140136719 0.0118618011474609 -0.0188446044921875 0.00478744506835937
0.0340862274169922 0.0225276947021484 0.00698280334472656 0.0148210525512695
0.0280799865722656 0.0286598205566406 0.0137138366699219 0.0474052429199219
0.0204601287841797 0.0182952880859375 0.0307693481445313 0.0125465393066406
0.0268039703369141 0.0143642425537109 0.042755126953125 0.0264778137207031
0.0305271148681641 0.005706787109375 0.0363235473632813 0.0199661254882813
0.0252437591552734 -0.00467491149902344 0.0314407348632813 0.0127906799316406
0.015101432800293 -0.00960540771484375 0.0176887512207031 0.0081939697265625
0.0105419158935547 -0.0113821029663086 0.00734901428222656 0.0140161514282227
0.00911808013916015 -0.0100727081298828 0.00232887268066406 0.0244960784912109
0.00972175598144531 -0.00935268402099609 -0.000312805175781251 0.0339508056640625
0.0112533569335938 -0.0105648040771484 -0.0064849853515625 0.0446548461914062
0.0119457244873047 -0.00840950012207031 -0.0224189758300781 0.0445518493652344
0.0160303115844727 -0.00564002990722656 -0.0301933288574219 0.03564453125
0.0195808410644531 -0.00348854064941406 -0.028167724609375 0.0167808532714844
0.0218219757080078 0.0103015899658203 -0.0164871215820313 0.00557327270507813
0.0213890075683594 0.0170650482177734 0.0120525360107422 0.0183982849121094
0.0165367126464844 0.0195808410644531 0.0191497802734375 0.0572280883789063
0.0078887939453125 0.00223731994628906 0.0338726043701172 0.0112934112548828
0.013911247253418 0.00051116943359375 0.0426864624023437 0.0219650268554687
0.0135412216186523 -0.00681495666503906 0.0341529846191406 0.0163002014160156
0.00523281097412109 -0.00867271423339844 0.0279808044433594 0.0139961242675781
-0.00229263305664063 -0.00498390197753906 0.016789436340332 0.0102653503417969
-0.00223660469055176 0.00222063064575195 0.00720024108886719 0.0165767669677734
0.00314188003540039 0.00582075119018555 0.001922607421875 0.0260658264160156
0.00515317916870117 0.00453615188598633 -0.00221633911132812 0.0351715087890625
0.00656843185424805 0.00469541549682617 -0.0107269287109375 0.04473876953125
0.00452470779418945 0.00496482849121094 -0.026641845703125 0.043731689453125
0.00402951240539551 0.0024411678314209 -0.0323295593261719 0.0329856872558594
0.00628232955932617 0.000406265258789063 -0.0295677185058594 0.0156154632568359
0.00831317901611328 0.00524330139160156 -0.0169954299926758 0.00599002838134766
0.00674533843994141 0.00768661499023437 0.0109157562255859 0.0211601257324219
0.00292825698852539 0.00696706771850586 0.019866943359375 0.0615882873535156
0.0122604370117188 0.0174331665039063 -0.0166053771972656 -0.0545082092285156
0.00766420364379883 0.0038762092590332 -0.00130653381347656 -0.0201606750488281
0.00657320022583008 0.0021967887878418 0.0209102630615234 -0.00182342529296875
0.00930500030517578 -0.00180149078369141 0.0361518859863281 -0.0105628967285156
0.00814104080200195 -0.00727224349975586 0.0359458923339844 -0.02239990234375
0.00299739837646485 -0.015202522277832 0.0274810791015625 -0.03814697265625
-0.00341224670410156 -0.0193672180175781 0.0131874084472656 -0.0424003601074219
-0.00224113464355469 -0.0181446075439453 0.004150390625 -0.0314292907714844
3.24249267578136E-05 -0.02130126953125 -0.00344276428222656 -0.0207767486572266
0.0100860595703125 -0.0183773040771484 -0.0111722946166992 -0.014317512512207
0.0174322128295898 -0.00814056396484375 -0.0212326049804688 -0.00793266296386718
0.0163478851318359 0.00420188903808594 -0.0263156890869141 -0.0112400054931641
0.00543594360351563 0.0140380859375 -0.0336132049560547 -0.0183906555175781
0.00272369384765625 0.0138263702392578 -0.0401687622070313 -0.0184593200683594
0.00444412231445313 0.0156879425048828 -0.0307884216308594 -0.0120525360107422
0.0225772857666016 0.0313930511474609 -0.00849533081054687 -0.0463905334472656
0.0184040069580078 0.0162448883056641 0.00828361511230469 -0.0139341354370117
0.0186023712158203 0.0125617980957031 0.0276241302490234 0.0018157958984375
0.0223312377929687 0.00292778015136719 0.0406913757324219 -0.00737762451171875
0.0204639434814453 -0.0073699951171875 0.0378074645996094 -0.0179786682128906
0.0144081115722656 -0.0218868255615234 0.0293045043945313 -0.0319080352783203
0.00387001037597656 -0.0291004180908203 0.0153903961181641 -0.0337142944335938
0.00394439697265625 -0.0285015106201172 0.00583076477050781 -0.0222663879394531
0.00564765930175781 -0.0332984924316406 -0.00225067138671875 -0.0107259750366211
0.0166816711425781 -0.0304527282714844 -0.0136537551879883 -0.00542449951171875
0.0286655426025391 -0.01715087890625 -0.0244255065917969 0.000379562377929685
0.0312538146972656 -0.00149345397949219 -0.0281887054443359 -0.0057220458984375
0.02203369140625 0.0188579559326172 -0.0327339172363281 -0.0117359161376953
0.0180912017822266 0.024017333984375 -0.0348606109619141 -0.00963783264160156
0.0172977447509766 0.02734375 -0.0258502960205078 -0.00147628784179688
0.0286674499511719 0.042205810546875 0.000133514404296875 -0.034210205078125
0.0259132385253906 0.0278434753417969 0.0180339813232422 -0.00275230407714844
0.0292129516601563 0.0228557586669922 0.0338325500488281 0.00799179077148438
0.0341968536376953 0.00839424133300781 0.0450019836425781 -0.00323867797851563
0.0312690734863281 -0.00650215148925781 0.0381431579589844 -0.0132293701171875
0.0246143341064453 -0.0253505706787109 0.0278511047363281 -0.0237865447998047
0.0112781524658203 -0.0350055694580078 0.0155181884765625 -0.0227584838867188
0.00945472717285156 -0.0343666076660156 0.00684738159179688 -0.00974178314208985
0.0100440979003906 -0.0402908325195313 -0.00142502784729004 0.00342750549316406
0.0201606750488281 -0.0386009216308594 -0.0153179168701172 0.00799942016601562
0.03533935546875 -0.0249137878417969 -0.0267887115478516 0.0113124847412109
0.0409736633300781 -0.00819778442382813 -0.0295238494873047 0.00190353393554688
0.0349388122558594 0.0190334320068359 -0.0306301116943359 -0.00469207763671874
0.0314826965332031 0.0288619995117187 -0.0261917114257812 -0.001068115234375
0.0276031494140625 0.0341110229492187 -0.0171422958374023 0.0108432769775391
0.0319557189941406 0.0467567443847656 0.00953102111816406 -0.0184612274169922
0.0319099426269531 0.0358123779296875 0.0268630981445313 0.00993537902832031
0.0390052795410156 0.0294914245605469 0.0388641357421875 0.0147514343261719
0.0435791015625 0.0108375549316406 0.0463104248046875 0.0012054443359375
0.0381202697753906 -0.00654983520507813 0.0357208251953125 -0.00786972045898438
0.0307445526123047 -0.0268077850341797 0.0228862762451172 -0.0143318176269531
0.0167007446289063 -0.0362777709960938 0.0130519866943359 -0.00896739959716797
0.0137939453125 -0.0346508026123047 0.00614786148071289 0.00415182113647461
0.0130615234375 -0.0411720275878906 -4.95910644531247E-05 0.0176734924316406
0.0208168029785156 -0.0394096374511719 -0.0154285430908203 0.0221595764160156
0.0361671447753906 -0.0276412963867188 -0.0272483825683594 0.02239990234375
0.0431709289550781 -0.0129470825195312 -0.0296363830566406 0.00864601135253906
0.0416336059570313 0.0164833068847656 -0.0271034240722656 0.000541687011718748
0.0390815734863281 0.0293197631835938 -0.0141277313232422 0.00546455383300781
0.0332794189453125 0.0362434387207031 -0.00597572326660156 0.0239009857177734
0.0310440063476563 0.0438804626464844 0.0176486968994141 -0.00349235534667969
0.0338096618652344 0.035736083984375 0.0343036651611328 0.020965576171875
0.04290771484375 0.0285110473632813 0.0407142639160156 0.0198554992675781
0.0460624694824219 0.00909042358398438 0.0436553955078125 0.0065460205078125
0.0379142761230469 -0.00780487060546875 0.0296363830566406 -0.00173759460449219
0.0303573608398438 -0.0251655578613281 0.0172338485717774 -0.00358009338378906
0.0181369781494141 -0.0314235687255859 0.00816822052001953 0.00474357604980469
0.0152835845947266 -0.0294570922851563 0.00438499450683594 0.0167427062988281
0.0150318145751953 -0.0346889495849609 -0.000263214111328127 0.030792236328125
0.0203571319580078 -0.0326404571533203 -0.0161476135253906 0.0337333679199219
0.0327033996582031 -0.0225505828857422 -0.0269451141357422 0.0311660766601563
0.0395431518554688 -0.0124015808105469 -0.0289211273193359 0.0145626068115234
0.0403556823730469 0.0142173767089844 -0.0227565765380859 0.00371170043945312
0.0387954711914063 0.0272865295410156 -0.00202846527099609 0.0109987258911133
0.0318889617919922 0.0342884063720703 0.00521087646484375 0.0372543334960938
0.0256156921386719 0.0335235595703125 0.0248203277587891 0.00832939147949219
0.0316696166992188 0.0283660888671875 0.0396537780761719 0.0276603698730469
0.039215087890625 0.0200424194335938 0.0400962829589844 0.0218658447265625
0.039215087890625 0.003265380859375 0.0383224487304688 0.010986328125
0.0298118591308594 -0.00885009765625 0.0228729248046875 0.00402450561523437
0.0236072540283203 -0.0192127227783203 0.0107784271240234 0.00626659393310547
0.0157642364501953 -0.0219783782958984 0.00471305847167969 0.0170412063598633
0.0144157409667969 -0.0203952789306641 0.00250053405761719 0.0278091430664062
0.0155467987060547 -0.0231380462646484 -0.00205612182617187 0.0397186279296875
0.0175437927246094 -0.0205001831054688 -0.0177955627441406 0.0419158935546875
0.0256023406982422 -0.0135326385498047 -0.0273513793945312 0.0355262756347656
0.0307884216308594 -0.00697135925292969 -0.0281333923339844 0.0169296264648438
0.0322647094726563 0.0138435363769531 -0.0182094573974609 0.00538825988769532
0.0310535430908203 0.0239181518554688 0.00734043121337891 0.0154218673706055
0.0245189666748047 0.0287380218505859 0.0136985778808594 0.0490913391113281
0.0175876617431641 0.0182819366455078 0.0298309326171875 0.0145893096923828
0.0237770080566406 0.014984130859375 0.0420684814453125 0.0283126831054688
0.0279121398925781 0.00639152526855469 0.0372467041015625 0.0205345153808594
0.0233039855957031 -0.00278663635253906 0.0321025848388672 0.0134544372558594
0.0146999359130859 -0.00734233856201172 0.0179882049560547 0.00832557678222656
0.0119590759277344 -0.00943946838378906 0.00734710693359375 0.0131092071533203
0.0110740661621094 -0.00815486907958984 0.00196456909179687 0.0242671966552734
0.0114221572875977 -0.00756931304931641 -0.000303268432617184 0.0334987640380859
0.013270378112793 -0.008575439453125 -0.00593185424804688 0.0445518493652344
0.0129480361938477 -0.0063323974609375 -0.0210914611816406 0.0448226928710938
0.0162258148193359 -0.00303840637207031 -0.0292510986328125 0.0356559753417969
0.01922607421875 -0.00110054016113281 -0.0282077789306641 0.0171337127685547
0.0198974609375 0.0118007659912109 -0.0163774490356445 0.00605678558349609
0.0186195373535156 0.0177345275878906 0.0111751556396484 0.0190467834472656
0.0129947662353516 0.0191535949707031 0.0181121826171875 0.0582313537597656
0.00556230545043945 0.00115966796875 0.03253173828125 0.0137062072753906
0.0108528137207031 2.6702880859375E-05 0.0414924621582031 0.0238151550292969
0.0108757019042969 -0.00654315948486328 0.0340671539306641 0.0170059204101563
0.00352954864501953 -0.00712966918945313 0.0283775329589844 0.0140666961669922
-0.0033259391784668 -0.00273418426513672 0.0170249938964844 0.00945758819580078
-0.00146150588989258 0.00444364547729492 0.00721263885498047 0.0156564712524414
0.00520086288452148 0.00692844390869141 0.000875473022460938 0.0260047912597656
0.00629615783691406 0.00586366653442383 -0.00297737121582031 0.0342693328857422
0.00865650177001953 0.00638008117675781 -0.0103645324707031 0.0441703796386719
0.00586748123168945 0.00679445266723633 -0.026519775390625 0.0431175231933594
0.00418996810913086 0.00519418716430664 -0.0318927764892578 0.0325050354003906
0.00543689727783203 0.00247430801391602 -0.0295982360839844 0.0156650543212891
0.00580501556396484 0.0069584846496582 -0.0179538726806641 0.00600433349609375
0.00357246398925781 0.00821828842163086 0.00940513610839844 0.0215091705322266
0.000300407409667968 0.00639533996582031 0.0175094604492188 0.0631866455078125
0.0154743194580078 0.0187282562255859 -0.01373291015625 -0.0576667785644531
0.0102472305297852 0.00334072113037109 0.000902175903320312 -0.0217704772949219
0.00842046737670898 0.000965118408203125 0.021881103515625 -0.00194358825683594
0.009765625 -0.00411605834960938 0.0366172790527344 -0.00998687744140625
0.00805091857910156 -0.00967216491699219 0.0377273559570313 -0.0218276977539062
0.00140762329101562 -0.0181694030761719 0.0295982360839844 -0.0384445190429688
-0.00586128234863281 -0.0206394195556641 0.0157089233398437 -0.0422630310058594
-0.00418853759765625 -0.0200901031494141 0.00639152526855469 -0.0318794250488281
-0.00161361694335937 -0.0231647491455078 -0.00149154663085938 -0.0208110809326172
0.00913810729980469 -0.0209255218505859 -0.0101470947265625 -0.0143728256225586
0.0183086395263672 -0.0102081298828125 -0.0210208892822266 -0.00762367248535156
0.01824951171875 0.00329399108886719 -0.0262451171875 -0.0113964080810547
0.00819492340087891 0.0144033432006836 -0.0345554351806641 -0.0206527709960937
0.00489234924316406 0.0152425765991211 -0.0409507751464844 -0.0208854675292969
0.00655746459960938 0.0179462432861328 -0.0298500061035156 -0.0147438049316406
0.0244312286376953 0.0336341857910156 -0.00521469116210937 -0.0485458374023437
0.0201091766357422 0.0164642333984375 0.0106821060180664 -0.0148420333862305
0.0195636749267578 0.0121269226074219 0.029144287109375 0.00165939331054688
0.0222854614257813 0.00206947326660156 0.0420646667480469 -0.00651168823242188
0.0206699371337891 -0.00836753845214844 0.0402908325195313 -0.0168037414550781
0.0136680603027344 -0.023345947265625 0.0320777893066406 -0.0311527252197266
0.00309181213378906 -0.0301074981689453 0.0185184478759766 -0.0335865020751953
0.00278282165527344 -0.0293502807617188 0.00846099853515625 -0.0220375061035156
0.00476837158203125 -0.0349769592285156 -8.77380371093751E-05 -0.0103759765625
0.0168991088867188 -0.0330924987792969 -0.0121049880981445 -0.00434398651123047
0.0305881500244141 -0.0192947387695312 -0.0238151550292969 0.000898361206054689
0.0342502593994141 -0.00212860107421875 -0.0282211303710937 -0.00549697875976562
0.025054931640625 0.0200595855712891 -0.0328502655029297 -0.0122795104980469
0.0203742980957031 0.0271530151367187 -0.0346584320068359 -0.0113487243652344
0.0192394256591797 0.0304985046386719 -0.0240650177001953 -0.00321197509765625
0.028778076171875 0.0450630187988281 0.00383377075195313 -0.0351715087890625
0.0258617401123047 0.0296211242675781 0.0206489562988281 -0.00356864929199219
0.0298023223876953 0.0239696502685547 0.0353927612304688 0.00836563110351563
0.0344715118408203 0.00853729248046875 0.0469017028808594 -0.00201416015625
0.0313186645507812 -0.00655937194824219 0.0406951904296875 -0.0119361877441406
0.0249252319335938 -0.0262603759765625 0.0309810638427734 -0.0225715637207031
0.0119285583496094 -0.036285400390625 0.0189075469970703 -0.0215282440185547
0.0100135803222656 -0.0351676940917969 0.00982189178466797 -0.00867557525634766
0.0106124877929687 -0.0416297912597656 0.00128817558288574 0.00426006317138672
0.0215415954589844 -0.0399856567382813 -0.0131635665893555 0.00908565521240235
0.0377616882324219 -0.0257720947265625 -0.0259685516357422 0.0123023986816406
0.0436820983886719 -0.00838088989257813 -0.0296115875244141 0.00250053405761718
0.0374641418457031 0.0213546752929687 -0.0310802459716797 -0.00474739074707031
0.0330467224121094 0.0325756072998047 -0.0249881744384766 -0.00225067138671874
0.0277481079101563 0.0380477905273438 -0.0151042938232422 0.0104026794433594
0.0307083129882813 0.049560546875 0.0128974914550781 -0.0179805755615234
0.0314712524414063 0.0376739501953125 0.030029296875 0.0108928680419922
0.0384559631347656 0.0312690734863281 0.0408134460449219 0.0154457092285156
0.0444145202636719 0.01251220703125 0.0485038757324219 0.00333786010742188
0.0390357971191406 -0.00589370727539063 0.0378952026367187 -0.0068817138671875
0.0317420959472656 -0.0267715454101563 0.0262527465820313 -0.0138015747070313
0.0181350708007812 -0.035797119140625 0.0152778625488281 -0.00854778289794922
0.014984130859375 -0.0346775054931641 0.00867128372192383 0.0041351318359375
0.0147743225097656 -0.0417709350585938 0.00289726257324219 0.0186481475830078
0.0231285095214844 -0.0400047302246094 -0.0141792297363281 0.0235481262207031
0.0382881164550781 -0.0274238586425781 -0.0261898040771484 0.0241737365722656
0.0458106994628906 -0.0119857788085938 -0.0297985076904297 0.010223388671875
0.0433502197265625 0.0189704895019531 -0.0273952484130859 0.000858306884765631
0.0396804809570313 0.0323867797851563 -0.0126495361328125 0.00603008270263672
0.0323219299316406 0.0401382446289063 -0.00394821166992188 0.0254497528076172
0.0284690856933594 0.0466728210449219 0.0201797485351563 -0.00170516967773437
0.0316429138183594 0.0392341613769531 0.0360488891601563 0.0229988098144531
0.0421371459960938 0.0312118530273437 0.0426254272460938 0.0211677551269531
0.0472221374511719 0.0114402770996094 0.0461311340332031 0.00819778442382813
0.0391654968261719 -0.00535202026367187 0.0316371917724609 -0.00140380859375
0.0325641632080078 -0.0239486694335938 0.0197906494140625 -0.00329208374023438
0.0200328826904297 -0.0312881469726563 0.0105743408203125 0.00498676300048828
0.0173931121826172 -0.0295944213867188 0.00619220733642578 0.0174589157104492
0.0172405242919922 -0.0348167419433594 0.00151252746582032 0.0319004058837891
0.0226249694824219 -0.0320987701416016 -0.0146102905273437 0.0357208251953125
0.0352210998535156 -0.0219383239746094 -0.0263347625732422 0.0322208404541016
0.0412178039550781 -0.0105552673339844 -0.0284900665283203 0.0159759521484375
0.0404739379882813 0.0174789428710938 -0.0221385955810547 0.00441551208496094
0.0379600524902344 0.0307846069335937 -0.00108242034912109 0.0118551254272461
0.0301284790039063 0.037506103515625 0.00682830810546875 0.0396499633789063
0.0234413146972656 0.0358734130859375 0.0261821746826172 0.0114574432373047
0.0285930633544922 0.0314788818359375 0.0411262512207031 0.0307731628417969
0.0380630493164062 0.0230293273925781 0.0419807434082031 0.0241546630859375
0.0397796630859375 0.0064239501953125 0.0398979187011719 0.0119781494140625
0.0306549072265625 -0.00597000122070313 0.0244846343994141 0.004730224609375
0.0257244110107422 -0.0177421569824219 0.0124368667602539 0.0065011978149414
0.0186424255371094 -0.0214710235595703 0.00521659851074219 0.0172615051269531
0.0169410705566406 -0.0193519592285156 0.00329780578613281 0.0282230377197266
0.0181179046630859 -0.0222511291503906 -0.000873565673828121 0.0410041809082031
0.0199012756347656 -0.0190219879150391 -0.0168228149414063 0.0435295104980469
0.0272808074951172 -0.0113639831542969 -0.0270309448242188 0.0369796752929687
0.0314445495605469 -0.00425338745117187 -0.0277118682861328 0.0178756713867188
0.0311088562011719 0.0169944763183594 -0.0181388854980469 0.00624275207519532
0.0291938781738281 0.0263481140136719 0.00844955444335938 0.0161600112915039
0.02197265625 0.0307292938232422 0.0142478942871094 0.0522079467773437
0.0146770477294922 0.0186004638671875 0.0306148529052734 0.0188465118408203
0.0207424163818359 0.0167140960693359 0.0430374145507813 0.0317611694335938
0.0259799957275391 0.00869369506835938 0.038665771484375 0.0229225158691406
0.0223369598388672 -0.000713348388671875 0.0338611602783203 0.0142536163330078
0.0155315399169922 -0.00463485717773438 0.0193195343017578 0.00886917114257813
0.0142049789428711 -0.00743675231933594 0.00783920288085938 0.0134496688842773
0.0134344100952148 -0.00783920288085938 0.00157546997070313 0.0246086120605469
0.0139093399047852 -0.00614166259765625 -0.000953674316406249 0.0345001220703125
0.0158805847167969 -0.00725650787353516 -0.00569915771484375 0.0447959899902344
0.0154905319213867 -0.00437068939208984 -0.0213699340820313 0.0454940795898438
0.0176601409912109 0.000339508056640625 -0.0290260314941406 0.0361824035644531
0.0191764831542969 0.00120925903320313 -0.0282135009765625 0.0177764892578125
0.0178871154785156 0.0139179229736328 -0.0164690017700195 0.00706577301025391
0.0154399871826172 0.0197849273681641 0.0119514465332031 0.0211830139160156
0.00998497009277344 0.0198879241943359 0.017425537109375 0.0616798400878906
0.00263237953186035 0.000335693359375 0.0314731597900391 0.0178775787353516
0.0083765983581543 0.00052642822265625 0.0423049926757813 0.0271682739257812
0.00812244415283203 -0.00581455230712891 0.0354957580566406 0.0189704895019531
0.00219440460205078 -0.00538396835327148 0.0293140411376953 0.0148792266845703
-0.00378084182739258 -0.000281095504760742 0.0170764923095703 0.00897979736328125
-0.000442981719970704 0.00668191909790039 0.00638294219970703 0.0149440765380859
0.00725317001342773 0.00797605514526367 -0.000383377075195315 0.0265007019042969
0.0086064338684082 0.00736427307128906 -0.00450325012207031 0.0345611572265625
0.0115594863891602 0.00778007507324219 -0.0117340087890625 0.0443763732910156
0.00804567337036133 0.008636474609375 -0.0275192260742188 0.0442543029785156
0.00534582138061523 0.00862550735473633 -0.0325355529785156 0.0322666168212891
0.00502920150756836 0.00546360015869141 -0.0301303863525391 0.0156898498535156
0.00361442565917969 0.0085453987121582 -0.0184402465820313 0.00669670104980469
6.67572021484325E-06 0.00956249237060547 0.00858306884765625 0.023162841796875
-0.00372076034545898 0.00632953643798828 0.0160179138183594 0.0662384033203125
0.0195045471191406 0.0197334289550781 -0.0126609802246094 -0.0629463195800781
0.0131425857543945 0.00209808349609375 0.00153350830078125 -0.0251731872558594
0.00982856750488281 -0.00171566009521484 0.0238895416259766 -0.00317955017089844
0.0100879669189453 -0.00694751739501953 0.0392570495605469 -0.0105972290039063
0.00707721710205078 -0.0118408203125 0.0403518676757813 -0.0215034484863281
-0.00125503540039063 -0.0201587677001953 0.0322151184082031 -0.0390243530273438
-0.00798797607421875 -0.0224819183349609 0.0176506042480469 -0.0443572998046875
-0.00696372985839844 -0.0217189788818359 0.00855064392089844 -0.0331249237060547
-0.00428009033203125 -0.0255699157714844 0.000448226928710939 -0.0211429595947266
0.00819969177246094 -0.024078369140625 -0.00893211364746094 -0.0137977600097656
0.0188503265380859 -0.0137863159179688 -0.0208930969238281 -0.00685691833496094
0.0216312408447266 0.000581741333007813 -0.0280590057373047 -0.0119094848632812
0.0117282867431641 0.0146665573120117 -0.03704833984375 -0.021484375
0.00884819030761719 0.017512321472168 -0.0429115295410156 -0.024078369140625
0.0110073089599609 0.0208549499511719 -0.0298652648925781 -0.0175724029541016
0.0274314880371094 0.0366859436035156 -0.00251388549804688 -0.0527076721191406
0.0219993591308594 0.0170059204101563 0.0127201080322266 -0.0174217224121094
0.0215988159179688 0.0119342803955078 0.0313529968261719 0.00168800354003906
0.0237388610839844 0.000690460205078125 0.0446243286132813 -0.00654220581054688
0.0202846527099609 -0.00978279113769531 0.043243408203125 -0.0165214538574219
0.0126628875732422 -0.0255050659179688 0.035369873046875 -0.03143310546875
0.00147247314453125 -0.0321617126464844 0.0219497680664063 -0.0347690582275391
0.0017852783203125 -0.0315208435058594 0.0116786956787109 -0.023101806640625
0.00341796875 -0.0381965637207031 0.00260353088378906 -0.0107011795043945
0.0171546936035156 -0.0363960266113281 -0.0101823806762695 -0.00353240966796875
0.0331459045410156 -0.0221977233886719 -0.0231094360351562 0.00196647644042969
0.03790283203125 -0.003662109375 -0.0287704467773437 -0.0048980712890625
0.0287609100341797 0.0220870971679687 -0.034759521484375 -0.0130252838134766
0.0243968963623047 0.0300502777099609 -0.0357398986816406 -0.0135879516601563
0.0219917297363281 0.0349178314208984 -0.0233936309814453 -0.00537490844726563
0.0315093994140625 0.0489234924316406 0.00721359252929688 -0.0385093688964844
0.027740478515625 0.0315608978271484 0.0239200592041016 -0.00439453125
0.0309391021728516 0.024627685546875 0.0384750366210938 0.00813674926757813
0.0361671447753906 0.00921249389648438 0.0503768920898438 -0.00172042846679687
0.0325050354003906 -0.00683021545410156 0.0439109802246094 -0.0118217468261719
0.0252971649169922 -0.0277996063232422 0.0348644256591797 -0.0232582092285156
0.0121192932128906 -0.0376358032226563 0.0217685699462891 -0.0226631164550781
0.0101051330566406 -0.0370140075683594 0.0130882263183594 -0.0101127624511719
0.01055908203125 -0.0445671081542969 0.00493812561035156 0.00404882431030273
0.0226058959960938 -0.0431365966796875 -0.0112218856811523 0.0109481811523437
0.0404052734375 -0.0280799865722656 -0.0248489379882813 0.0142726898193359
0.0476188659667969 -0.00897979736328125 -0.0297088623046875 0.00364303588867187
0.0418968200683594 0.0237922668457031 -0.0317478179931641 -0.00482368469238282
0.0368614196777344 0.036224365234375 -0.0250988006591797 -0.0029754638671875
0.0304107666015625 0.0423851013183594 -0.013096809387207 0.0104236602783203
0.0309066772460938 0.0541534423828125 0.0165653228759766 -0.0186557769775391
0.0316047668457031 0.0417022705078125 0.0329208374023438 0.0108852386474609
0.0401496887207031 0.0334510803222656 0.0440673828125 0.0167045593261719
0.04644775390625 0.0141563415527344 0.0522880554199219 0.00347137451171875
0.0408363342285156 -0.00446701049804688 0.0412559509277344 -0.00674819946289063
0.0342330932617188 -0.0279197692871094 0.0304393768310547 -0.0141868591308594
0.0195770263671875 -0.0372695922851563 0.0188446044921875 -0.00918960571289063
0.0160255432128906 -0.0369491577148438 0.0121068954467773 0.00442123413085937
0.0162391662597656 -0.0445594787597656 0.00572776794433594 0.01953125
0.0245704650878906 -0.0421791076660156 -0.0108661651611328 0.0257968902587891
0.0416679382324219 -0.0288734436035156 -0.0253829956054688 0.026315689086914
0.0501441955566406 -0.0121002197265625 -0.0294094085693359 0.0114631652832031
0.0468864440917969 0.0224647521972656 -0.0273799896240234 0.00168037414550781
0.0429763793945313 0.0373687744140625 -0.0119104385375977 0.00522708892822266
0.0333366394042969 0.0447158813476563 -0.00155448913574219 0.0269660949707031
0.0280532836914062 0.0511703491210937 0.0238132476806641 -0.000307083129882809
0.0319557189941406 0.0431747436523437 0.0405044555664063 0.0246963500976563
0.0433120727539063 0.0349464416503906 0.0463180541992188 0.0225257873535156
0.0495452880859375 0.0140724182128906 0.0500335693359375 0.00888824462890625
0.0420188903808594 -0.0042572021484375 0.0351638793945313 -0.000865936279296875
0.0355415344238281 -0.0240211486816406 0.0230941772460938 -0.00321578979492188
0.0231857299804688 -0.0329303741455078 0.0135869979858398 0.00548648834228515
0.0204830169677734 -0.0306682586669922 0.0088043212890625 0.0182647705078125
0.0205574035644531 -0.036376953125 0.00446891784667969 0.0330390930175781
0.0252017974853516 -0.0329818725585938 -0.0122528076171875 0.0375251770019531
0.038299560546875 -0.0211601257324219 -0.0252246856689453 0.0349674224853516
0.0447196960449219 -0.00915908813476563 -0.028472900390625 0.0176582336425781
0.0436286926269531 0.0212173461914063 -0.0218715667724609 0.00562858581542969
0.0393524169921875 0.0353431701660156 0.000243186950683596 0.0122919082641602
0.0295791625976563 0.0422744750976563 0.00954055786132812 0.0426750183105469
0.0216407775878906 0.0391578674316406 0.0290870666503906 0.0141105651855469
0.0272579193115234 0.0343017578125 0.0452346801757813 0.0335884094238281
0.0378570556640625 0.0264968872070312 0.0453910827636719 0.0257492065429688
0.0416450500488281 0.009735107421875 0.0438613891601563 0.0119895935058594
0.0334186553955078 -0.00324058532714844 0.0268650054931641 0.00438880920410156
0.0293254852294922 -0.0168285369873047 0.0142478942871094 0.00614070892333984
0.022369384765625 -0.0217113494873047 0.00669097900390625 0.0183067321777344
0.0214805603027344 -0.0198135375976563 0.00485038757324219 0.0289325714111328
0.022491455078125 -0.0231208801269531 0.000900268554687501 0.0421562194824219
0.0242233276367188 -0.0189361572265625 -0.0152397155761719 0.0455322265625
0.0309181213378906 -0.00937461853027344 -0.0263442993164063 0.0391654968261719
0.0342082977294922 -0.00126457214355469 -0.0278091430664062 0.0201663970947266
0.0316009521484375 0.0200119018554687 -0.0176239013671875 0.00700759887695312
0.0277671813964844 0.0306930541992188 0.00966072082519531 0.0184230804443359
0.0202484130859375 0.03436279296875 0.016815185546875 0.05670166015625
0.0120449066162109 0.0203056335449219 0.0328006744384766 0.0222721099853516
0.0184745788574219 0.0189552307128906 0.0456809997558594 0.036285400390625
0.0243988037109375 0.0115108489990234 0.04180908203125 0.023895263671875
0.0238857269287109 0.00294685363769531 0.0363502502441406 0.015106201171875
0.0160551071166992 -0.00189495086669922 0.0201835632324219 0.00791740417480469
0.0169830322265625 -0.00521469116210938 0.00811290740966797 0.0133390426635742
0.0176792144775391 -0.00717353820800781 0.00175094604492187 0.0260848999023438
0.0173940658569336 -0.00560379028320313 -0.000854492187499998 0.0354347229003906
0.0208034515380859 -0.00721359252929687 -0.00593185424804687 0.046630859375
0.0192031860351563 -0.00287818908691406 -0.021026611328125 0.0467681884765625
0.0200309753417969 0.00279808044433594 -0.0298500061035156 0.0385398864746094
0.0201873779296875 0.00568962097167969 -0.0282669067382813 0.0194931030273438
0.0164127349853516 0.0181465148925781 -0.0165996551513672 0.00813961029052734
0.0123062133789063 0.0232696533203125 0.0122051239013672 0.0232162475585938
0.00640869140625 0.0217609405517578 0.0185050964355469 0.0670433044433594
-0.000509500503540039 0.000878214836120605 0.0328273773193359 0.0212688446044922
0.00554180145263672 0.00151586532592773 0.0441246032714844 0.0304450988769531
0.00600242614746094 -0.00453805923461914 0.0381202697753906 0.020721435546875
0.000492572784423828 -0.00287032127380371 0.0316734313964844 0.0146598815917969
-0.00291347503662109 0.00212621688842773 0.0171031951904297 0.00892829895019531
0.00221443176269531 0.00883197784423828 0.00553131103515625 0.0147800445556641
0.0105066299438477 0.00999069213867188 -0.00166893005371094 0.0276107788085937
0.0119857788085938 0.00881767272949219 -0.00566482543945312 0.0362319946289063
0.0146427154541016 0.00904941558837891 -0.0131607055664062 0.0460662841796875
0.0109958648681641 0.0109996795654297 -0.0285911560058594 0.0445632934570312
0.00680732727050781 0.0116281509399414 -0.0339336395263672 0.033172607421875
0.0045018196105957 0.00847816467285156 -0.0311412811279297 0.0169734954833984
0.00122451782226563 0.0116920471191406 -0.0195713043212891 0.0070953369140625
-0.00319671630859375 0.0107364654541016 0.00825309753417969 0.0257301330566406
-0.00681257247924805 0.0067296028137207 0.0156402587890625 0.0723648071289062
0.0250225067138672 0.0194644927978516 -0.0131111145019531 -0.0687789916992188
0.0162239074707031 -3.52859497070313E-05 0.00196266174316406 -0.0288238525390625
0.0115728378295898 -0.00475788116455078 0.0247020721435547 -0.00445938110351563
0.0102596282958984 -0.0105524063110352 0.0402145385742188 -0.0119094848632813
0.00529956817626953 -0.0147724151611328 0.0420455932617188 -0.023345947265625
-0.00526809692382812 -0.0220584869384766 0.0346412658691406 -0.04168701171875
-0.0123291015625 -0.0230770111083984 0.0197639465332031 -0.0465087890625
-0.0103931427001953 -0.0222892761230469 0.0103530883789063 -0.035675048828125
-0.00872802734375 -0.0275859832763672 0.0027313232421875 -0.0237064361572266
0.00500869750976563 -0.0275707244873047 -0.00768852233886719 -0.0137033462524414
0.0190715789794922 -0.0178546905517578 -0.0210037231445313 -0.0062408447265625
0.0231761932373047 -0.00294113159179688 -0.0293388366699219 -0.0115032196044922
0.0166568756103516 0.013859748840332 -0.0392723083496094 -0.0222702026367187
0.0141716003417969 0.0176963806152344 -0.0458221435546875 -0.0263900756835938
0.0155506134033203 0.0229740142822266 -0.0298690795898438 -0.0214576721191406
0.032684326171875 0.0378494262695313 -0.00118637084960937 -0.0581855773925781
0.0256233215332031 0.0160465240478516 0.0150146484375 -0.0205326080322266
0.0233268737792969 0.00993537902832031 0.0330028533935547 -0.000530242919921874
0.0240192413330078 -0.00197410583496094 0.0477638244628906 -0.00810623168945313
0.0195827484130859 -0.011932373046875 0.0464439392089844 -0.0178184509277344
0.00997543334960937 -0.0278434753417969 0.0391731262207031 -0.0339088439941406
-0.000986099243164064 -0.0339527130126953 0.0250930786132813 -0.0377082824707031
-0.00105476379394531 -0.0335407257080078 0.0147724151611328 -0.0261554718017578
0.000183105468749999 -0.0406646728515625 0.00588703155517578 -0.0121803283691406
0.0149002075195313 -0.0405540466308594 -0.00821113586425781 -0.0030975341796875
0.0341281890869141 -0.0268993377685547 -0.022125244140625 0.00389289855957031
0.0413246154785156 -0.00734710693359375 -0.0290126800537109 -0.00394248962402344
0.0350551605224609 0.0223350524902344 -0.03656005859375 -0.0128555297851562
0.0305156707763672 0.0316410064697266 -0.0373077392578125 -0.0153961181640625
0.0275726318359375 0.0383834838867187 -0.0220012664794922 -0.0081634521484375
0.0348701477050781 0.0521202087402344 0.0106735229492187 -0.04168701171875
0.0307331085205078 0.0328083038330078 0.0274410247802734 -0.00733566284179687
0.0339317321777344 0.025482177734375 0.0418777465820312 0.00687408447265625
0.0382804870605469 0.00795364379882813 0.0538787841796875 -0.00346755981445312
0.0340118408203125 -0.00768089294433594 0.0483436584472656 -0.0132179260253906
0.0249347686767578 -0.0301551818847656 0.0389671325683594 -0.0257797241210938
0.0111045837402344 -0.0397148132324219 0.0266036987304687 -0.0254421234130859
0.00931167602539062 -0.0394134521484375 0.0166778564453125 -0.0125408172607422
0.00881195068359375 -0.0481376647949219 0.0091848373413086 0.00330257415771484
0.0222206115722656 -0.047393798828125 -0.00786399841308594 0.0114212036132812
0.0427970886230469 -0.0325965881347656 -0.0231094360351562 0.0166702270507813
0.0521507263183594 -0.0116004943847656 -0.0290660858154297 0.00515937805175781
0.0479507446289063 0.0248184204101563 -0.0322818756103516 -0.00394248962402343
0.0424957275390625 0.0395164489746094 -0.0247344970703125 -0.00400543212890625
0.0349617004394531 0.0472221374511719 -0.0103006362915039 0.00888252258300782
0.0336570739746094 0.05914306640625 0.0209503173828125 -0.0211238861083984
0.0337448120117188 0.0448265075683594 0.0377655029296875 0.0094757080078125
0.0429306030273438 0.0367240905761719 0.0482597351074219 0.0155029296875
0.0497970581054688 0.0143814086914063 0.0567474365234375 0.00213623046875
0.0440177917480469 -0.00511932373046875 0.0451812744140625 -0.0082550048828125
0.0359458923339844 -0.0296859741210938 0.0345535278320313 -0.0156803131103516
0.0206680297851562 -0.0407180786132813 0.0234756469726562 -0.0106315612792969
0.0177268981933594 -0.0390510559082031 0.015869140625 0.00280380249023437
0.0167007446289062 -0.0472640991210938 0.0104103088378906 0.0193729400634766
0.0265693664550781 -0.04608154296875 -0.00735092163085937 0.0273838043212891
0.0452308654785156 -0.0316619873046875 -0.0220565795898437 0.0292949676513672
0.0541038513183594 -0.0135002136230469 -0.0280895233154297 0.0140323638916016
0.0525665283203125 0.0243148803710937 -0.0268173217773437 0.00300979614257813
0.0475044250488281 0.0414314270019531 -0.0103492736816406 0.00462055206298828
0.0366744995117188 0.0502586364746094 0.00288581848144532 0.027130126953125
0.028900146484375 0.05609130859375 0.0283470153808594 -0.000410079956054684
0.0330657958984375 0.0475387573242188 0.0457763671875 0.0250778198242188
0.0456466674804688 0.038330078125 0.0510520935058594 0.0227928161621094
0.052703857421875 0.0162239074707031 0.0542373657226563 0.00725173950195313
0.0452766418457031 -0.0032806396484375 0.0383186340332031 -0.00180435180664063
0.0389747619628906 -0.0259132385253906 0.0260467529296875 -0.00469398498535156
0.0264377593994141 -0.0346260070800781 0.0169658660888672 0.00468349456787109
0.0236835479736328 -0.0326747894287109 0.0123252868652344 0.0179519653320312
0.0228996276855469 -0.038665771484375 0.00922203063964844 0.0335788726806641
0.028594970703125 -0.035614013671875 -0.00831985473632812 0.0400733947753906
0.0423622131347656 -0.0226249694824219 -0.0224151611328125 0.0375595092773438
0.0491447448730469 -0.00926589965820313 -0.0268707275390625 0.019775390625
0.04730224609375 0.0241889953613281 -0.0207538604736328 0.00713920593261719
0.0419845581054688 0.0399322509765625 0.00286197662353516 0.0129404067993164
0.0309181213378906 0.0469627380371094 0.0142860412597656 0.045318603515625
0.020599365234375 0.0434837341308594 0.0333042144775391 0.0168514251708984
0.0273857116699219 0.03900146484375 0.0499916076660156 0.0359878540039063
0.0399246215820313 0.03045654296875 0.0499649047851563 0.0263328552246094
0.0444107055664063 0.01214599609375 0.0476646423339844 0.0117263793945313
0.0371894836425781 -0.00211715698242188 0.0288238525390625 0.00393295288085938
0.0337028503417969 -0.0174121856689453 0.0163507461547852 0.00613689422607422
0.0260543823242187 -0.0238571166992187 0.00918006896972656 0.0183238983154297
0.0248661041259766 -0.0210094451904297 0.00689125061035157 0.0301342010498047
0.0265293121337891 -0.0250511169433594 0.004425048828125 0.0438613891601563
0.0273780822753906 -0.0198192596435547 -0.0121688842773438 0.0477447509765625
0.035614013671875 -0.00893783569335938 -0.0246391296386719 0.04205322265625
0.0375213623046875 0.000179290771484375 -0.0266075134277344 0.0218868255615234
0.033050537109375 0.0245647430419922 -0.0166187286376953 0.0087270736694336
0.0283470153808594 0.0350303649902344 0.0123672485351563 0.0192203521728516
0.0187797546386719 0.0391921997070313 0.021697998046875 0.0605049133300781
0.00985527038574219 0.023284912109375 0.0359992980957031 0.0260200500488281
0.0170497894287109 0.0221996307373047 0.0507659912109375 0.038818359375
0.0244216918945313 0.0149135589599609 0.0461921691894531 0.0254859924316406
0.0247802734375 0.00609397888183594 0.0400047302246094 0.0142097473144531
0.0189628601074219 0.000371932983398438 0.0221538543701172 0.00775337219238281
0.0215625762939453 -0.00489234924316406 0.00890254974365235 0.0133161544799805
0.0214805603027344 -0.00782394409179688 0.00299263000488282 0.0268306732177734
0.0228080749511719 -0.00691032409667969 0.00072860717773438 0.0370445251464844
0.0256977081298828 -0.00777816772460938 -0.00378036499023437 0.0486564636230469
0.0241508483886719 -0.00255584716796875 -0.0194206237792969 0.0494499206542969
0.02459716796875 0.00521659851074219 -0.0284156799316406 0.0407066345214844
0.0220527648925781 0.00875663757324219 -0.0281639099121094 0.0212821960449219
0.0160942077636719 0.022430419921875 -0.0159502029418945 0.00946331024169922
0.0103359222412109 0.0273513793945312 0.0147781372070312 0.0250282287597656
0.00378799438476562 0.0256004333496094 0.0225830078125 0.0727462768554688
-0.00405526161193848 0.000552415847778321 0.0349273681640625 0.0255966186523437
0.00278925895690918 0.00266361236572266 0.0480422973632813 0.0348587036132813
0.00335001945495605 -0.00179457664489746 0.0417137145996094 0.0212059020996094
0.00025668740272522 0.000193774700164795 0.0344352722167969 0.0147342681884766
-0.00219154357910156 0.00555706024169922 0.0182895660400391 0.00791549682617188
0.00642108917236328 0.0115871429443359 0.00479507446289062 0.0155429840087891
0.0150108337402344 0.0100383758544922 -0.00259208679199219 0.0291900634765625
0.0171194076538086 0.00903701782226563 -0.00643539428710938 0.0384330749511719
0.0208301544189453 0.00907707214355469 -0.01348876953125 0.0486259460449219
0.0162563323974609 0.0120573043823242 -0.0280838012695312 0.0466194152832031
0.0106477737426758 0.0147542953491211 -0.0341072082519531 0.0354232788085937
0.0062255859375 0.0130538940429688 -0.0324840545654297 0.0185604095458984
-4.95910644531262E-05 0.0161161422729492 -0.0197715759277344 0.00941085815429688
-0.00695514678955078 0.0147972106933594 0.00893211364746094 0.0285930633544922
-0.0116033554077148 0.00840377807617188 0.0183486938476562 0.0781326293945312
0.0311279296875 0.0176124572753906 -0.0156707763671875 -0.0747451782226563
0.0191287994384766 -0.00368118286132812 0.00136375427246094 -0.0327796936035156
0.0126962661743164 -0.00838470458984375 0.0251026153564453 -0.00676727294921875
0.00837516784667969 -0.0135660171508789 0.0414237976074219 -0.0135498046875
0.00270843505859375 -0.0178813934326172 0.04425048828125 -0.0252456665039063
-0.00955963134765625 -0.0231113433837891 0.03631591796875 -0.0446891784667969
-0.0168895721435547 -0.0234394073486328 0.0209579467773438 -0.0489120483398438
-0.0144424438476562 -0.0225143432617188 0.0115928649902344 -0.0390472412109375
-0.0138072967529297 -0.0273799896240234 0.00444602966308593 -0.0262947082519531
-2.86102294921903E-05 -0.0294609069824219 -0.00621509552001953 -0.0148954391479492
0.0178050994873047 -0.0228137969970703 -0.0189304351806641 -0.00547218322753907
0.0234508514404297 -0.00816917419433594 -0.0304813385009766 -0.0111122131347656
0.02105712890625 0.0115013122558594 -0.0424385070800781 -0.0214042663574219
0.0199565887451172 0.0165348052978516 -0.049713134765625 -0.0279159545898438
0.0223007202148438 0.0229091644287109 -0.0317707061767578 -0.0256595611572266
0.0388412475585938 0.0377540588378906 -0.000686645507812492 -0.0650367736816406
0.0274810791015625 0.0139560699462891 0.0155086517333984 -0.0256175994873047
0.0246162414550781 0.00735092163085938 0.0347881317138672 -0.00275802612304687
0.0235767364501953 -0.00521469116210938 0.0496292114257813 -0.0108108520507813
0.0189208984375 -0.0142745971679688 0.0484199523925781 -0.020111083984375
0.00696372985839843 -0.0288543701171875 0.0411911010742188 -0.0372200012207031
-0.00371742248535156 -0.034027099609375 0.0278129577636719 -0.0413131713867188
-0.00366973876953125 -0.0347480773925781 0.0171298980712891 -0.0296440124511719
-0.00334548950195313 -0.0418243408203125 0.0095376968383789 -0.0149421691894531
0.0120429992675781 -0.044036865234375 -0.00501775741577148 -0.00428152084350586
0.0335769653320312 -0.0323047637939453 -0.0195751190185547 0.00484085083007813
0.0440254211425781 -0.0122184753417969 -0.0286331176757813 -0.00230789184570312
0.0405197143554688 0.019866943359375 -0.0377349853515625 -0.0119781494140625
0.0381927490234375 0.0326347351074219 -0.0391807556152344 -0.0164794921875
0.0340003967285156 0.0400924682617188 -0.0210762023925781 -0.0107383728027344
0.0407333374023438 0.0537109375 0.0122032165527344 -0.0468940734863281
0.0337924957275391 0.0336589813232422 0.0302982330322266 -0.0114002227783203
0.0367698669433594 0.024932861328125 0.0441513061523438 0.00461578369140625
0.0406723022460938 0.00585174560546875 0.0576133728027344 -0.0062408447265625
0.0329914093017578 -0.00944137573242188 0.050445556640625 -0.015838623046875
0.0238075256347656 -0.0317325592041016 0.0427055358886719 -0.02911376953125
0.0096435546875 -0.0414237976074219 0.0295391082763672 -0.028656005859375
0.00796127319335938 -0.0414657592773438 0.0205211639404297 -0.0155582427978516
0.00682449340820313 -0.0505104064941406 0.0131692886352539 0.000811576843261716
0.0198783874511719 -0.0515518188476563 -0.00375747680664062 0.0108098983764648
0.0443229675292969 -0.0375862121582031 -0.0196361541748047 0.0183448791503906
0.0554389953613281 -0.0161323547363281 -0.0282344818115234 0.007293701171875
0.054779052734375 0.0243644714355469 -0.0322132110595703 -0.00320625305175781
0.0504570007324219 0.0409698486328125 -0.0249881744384766 -0.00616645812988281
0.041259765625 0.0502090454101563 -0.00696420669555664 0.00671529769897461
0.0372123718261719 0.0618095397949219 0.0249614715576172 -0.0239830017089844
0.0359268188476563 0.0475196838378906 0.041961669921875 0.0066375732421875
0.0466194152832031 0.0379600524902344 0.0512847900390625 0.0130271911621094
0.0539665222167969 0.0149078369140625 0.0610313415527344 -0.00142669677734375
0.0454063415527344 -0.0057525634765625 0.0489158630371094 -0.0107612609863281
0.03656005859375 -0.0329208374023438 0.0376625061035156 -0.0185127258300781
0.0214004516601563 -0.0435714721679688 0.0260486602783203 -0.0132179260253906
0.0176811218261719 -0.0419883728027344 0.0192050933837891 -0.000337600708007815
0.0171661376953125 -0.0510330200195312 0.0163354873657227 0.0169296264648437
0.0264167785644531 -0.0499763488769531 -0.00282478332519531 0.0273246765136719
0.0468063354492188 -0.0362968444824219 -0.0179729461669922 0.0310020446777344
0.058685302734375 -0.0172767639160156 -0.0249958038330078 0.0157108306884766
0.0593643188476563 0.0242080688476563 -0.0251216888427734 0.00426292419433594
0.0528373718261719 0.0423431396484375 -0.009033203125 0.00472450256347657
0.0416069030761719 0.0553245544433594 0.00746726989746094 0.0261421203613281
0.0313987731933594 0.0604057312011719 0.0328502655029297 -0.001617431640625
0.0354270935058594 0.0512619018554688 0.0512504577636719 0.0235252380371094
0.0490264892578125 0.0423126220703125 0.0554237365722656 0.0211143493652344
0.0580024719238281 0.0169448852539063 0.0583457946777344 0.00446319580078125
0.0500068664550781 -0.003936767578125 0.0405387878417969 -0.00432205200195313
0.0415573120117187 -0.0285301208496094 0.0292434692382813 -0.007843017578125
0.0289230346679687 -0.03875732421875 0.0198650360107422 0.00249481201171875
0.0251655578613281 -0.0357246398925781 0.0167922973632813 0.0158367156982422
0.0248641967773438 -0.0422935485839844 0.0134792327880859 0.032318115234375
0.0306358337402344 -0.0390777587890625 -0.00362396240234374 0.0402145385742188
0.0468025207519531 -0.0250396728515625 -0.0181884765625 0.0399436950683594
0.0530281066894531 -0.0108566284179688 -0.0236473083496094 0.0216541290283203
0.0520820617675781 0.0264167785644531 -0.0186920166015625 0.00827980041503906
0.0469474792480469 0.0432891845703125 0.00597858428955078 0.0123443603515625
0.0335693359375 0.0524444580078125 0.020355224609375 0.0457611083984375
0.0202751159667969 0.0478248596191406 0.0385055541992188 0.0182533264160156
0.0272026062011719 0.043548583984375 0.0564346313476563 0.0356292724609375
0.0420188903808594 0.0352287292480469 0.0549468994140625 0.0253715515136719
0.0487289428710938 0.0133094787597656 0.0516738891601562 0.00988388061523438
0.0403785705566406 -0.00183486938476563 0.0308818817138672 0.00157356262207031
0.0382843017578125 -0.0187950134277344 0.0182132720947266 0.00437164306640625
0.0299568176269531 -0.026947021484375 0.0119838714599609 0.0168037414550781
0.0283870697021484 -0.0249061584472656 0.00862312316894532 0.0296230316162109
0.0299320220947266 -0.0280323028564453 0.0077972412109375 0.0439987182617188
0.0326156616210938 -0.0231189727783203 -0.00689315795898437 0.048675537109375
0.0405387878417969 -0.00952529907226563 -0.0211219787597656 0.0435752868652344
0.0418968200683594 0.00135040283203125 -0.0246486663818359 0.0243396759033203
0.0369033813476562 0.0284309387207031 -0.014552116394043 0.0109853744506836
0.03033447265625 0.0397109985351563 0.0170097351074219 0.0197181701660156
0.0195808410644531 0.0442047119140625 0.0279426574707031 0.0628547668457031
0.00762367248535156 0.0273246765136719 0.0409317016601563 0.0294876098632813
0.016815185546875 0.0256309509277344 0.0570945739746094 0.0406455993652344
0.0256061553955078 0.0183944702148438 0.051025390625 0.0249252319335938
0.0276412963867188 0.00924301147460937 0.042999267578125 0.0122413635253906
0.0227108001708984 0.00234794616699219 0.0220241546630859 0.00685691833496094
0.0248050689697266 -0.00529098510742187 0.00945758819580078 0.012944221496582
0.0266513824462891 -0.0108242034912109 0.00369453430175781 0.0280494689941406
0.0270595550537109 -0.00888633728027344 0.0018463134765625 0.0380859375
0.0305671691894531 -0.0113601684570313 -0.00205230712890625 0.0492515563964844
0.0291996002197266 -0.00285148620605469 -0.01690673828125 0.0507087707519531
0.02911376953125 0.00681495666503906 -0.0255279541015625 0.0419998168945313
0.0268173217773438 0.011871337890625 -0.0258617401123047 0.0234508514404297
0.0172004699707031 0.0270061492919922 -0.0142841339111328 0.0118274688720703
0.0105991363525391 0.0327739715576172 0.0178432464599609 0.0263843536376953
0.0008544921875 0.0301685333251953 0.0286331176757813 0.0765533447265625
-0.0084381103515625 0.00292253494262695 0.0376319885253906 0.0302009582519531
-0.000585079193115234 0.00545549392700195 0.0533714294433594 0.03692626953125
0.000981688499450684 0.00144314765930176 0.0451774597167969 0.020355224609375
-0.000403881072998047 0.00414133071899414 0.0359382629394531 0.0124473571777344
-0.000873565673828125 0.00932693481445313 0.0175819396972656 0.00720977783203125
0.0108242034912109 0.0127382278442383 0.00421142578125 0.0156946182250977
0.0198783874511719 0.00895500183105469 -0.00346755981445312 0.0321712493896484
0.0213775634765625 0.00815963745117188 -0.00617599487304687 0.0402069091796875
0.0260448455810547 0.00738716125488281 -0.01318359375 0.0496788024902344
0.0217113494873047 0.0114383697509766 -0.0268821716308594 0.0492477416992187
0.0146093368530273 0.0173158645629883 -0.0325584411621094 0.0375289916992187
0.00920391082763672 0.016815185546875 -0.03125 0.02154541015625
-0.000989913940429689 0.0201873779296875 -0.0192985534667969 0.0114231109619141
-0.0093536376953125 0.0197563171386719 0.0114326477050781 0.0321731567382813
-0.0152912139892578 0.0119791030883789 0.0230636596679687 0.0822830200195313
0.0351676940917969 0.0139694213867188 -0.0192718505859375 -0.0782241821289063
0.0201511383056641 -0.00716972351074219 -0.00104522705078125 -0.0360908508300781
0.0108652114868164 -0.0133190155029297 0.0254383087158203 -0.00882720947265625
0.00504112243652344 -0.0176963806152344 0.0440902709960937 -0.0156669616699219
9.15527343749998E-05 -0.0188751220703125 0.0436248779296875 -0.0268898010253906
-0.0153789520263672 -0.0216388702392578 0.0359992980957031 -0.0461616516113281
-0.022003173828125 -0.0199298858642578 0.0214271545410156 -0.05316162109375
-0.0183925628662109 -0.0211830139160156 0.012603759765625 -0.0422592163085938
-0.0177955627441406 -0.0264549255371094 0.00636863708496093 -0.0288829803466797
-0.00457763671875 -0.0295505523681641 -0.00528430938720703 -0.0164899826049805
0.0151653289794922 -0.0258808135986328 -0.0169477462768555 -0.00536441802978516
0.0241413116455078 -0.0111103057861328 -0.0304431915283203 -0.00987434387207031
0.0239200592041016 0.00744247436523438 -0.0442581176757813 -0.0207099914550781
0.024322509765625 0.0135326385498047 -0.0526924133300781 -0.0286331176757813
0.027496337890625 0.0199794769287109 -0.0337734222412109 -0.0289039611816406
0.0430374145507813 0.0358924865722656 -0.00288009643554688 -0.0702629089355469
0.0305347442626953 0.0110988616943359 0.0146427154541016 -0.0294971466064453
0.0253181457519531 0.00470733642578125 0.0348033905029297 -0.00576591491699219
0.0227699279785156 -0.0069732666015625 0.050872802734375 -0.0132522583007813
0.0167379379272461 -0.0141410827636719 0.0508651733398438 -0.0221481323242187
0.00292015075683594 -0.0275936126708984 0.0430717468261719 -0.0410957336425781
-0.008209228515625 -0.0342025756835938 0.0299148559570313 -0.043975830078125
-0.00798988342285156 -0.0348720550537109 0.0187168121337891 -0.03363037109375
-0.00699996948242187 -0.0423545837402344 0.0131282806396484 -0.0184230804443359
0.00814437866210938 -0.0467071533203125 -0.00257158279418945 -0.00460100173950196
0.0307655334472656 -0.0360450744628906 -0.0167160034179687 0.00531387329101562
0.0452308654785156 -0.0167236328125 -0.0274429321289062 -0.00180435180664063
0.0466766357421875 0.017425537109375 -0.0391426086425781 -0.0107688903808594
0.0452728271484375 0.0300254821777344 -0.0407676696777344 -0.0167007446289062
0.0409202575683594 0.0405807495117188 -0.0201492309570312 -0.0150337219238281
0.0453453063964844 0.056640625 0.0130462646484375 -0.0504035949707031
0.0366058349609375 0.03240966796875 0.0323238372802734 -0.0161666870117187
0.0380706787109375 0.0222816467285156 0.046173095703125 0.000171661376953126
0.0412445068359375 0.00423431396484375 0.0586929321289063 -0.0075531005859375
0.0337257385253906 -0.0106163024902344 0.0540809631347656 -0.0192375183105469
0.0216503143310547 -0.0326347351074219 0.0442314147949219 -0.0330657958984375
0.00880432128906249 -0.0428009033203125 0.0329093933105469 -0.033660888671875
0.00539016723632812 -0.042236328125 0.0221481323242188 -0.0200653076171875
0.00368118286132813 -0.0518379211425781 0.0165281295776367 -0.00213050842285157
0.0176239013671875 -0.0544853210449219 0.000249862670898438 0.00910186767578124
0.0426750183105469 -0.0418128967285156 -0.0145893096923828 0.0176887512207031
0.0574684143066406 -0.0219573974609375 -0.0239639282226562 0.00789260864257813
0.0600509643554687 0.0212211608886719 -0.0310611724853516 -0.00176811218261719
0.0572471618652344 0.0396728515625 -0.0232372283935547 -0.00688552856445313
0.04638671875 0.0512580871582031 -0.00539684295654297 0.00230455398559571
0.0435676574707031 0.0641250610351563 0.0280380249023438 -0.028076171875
0.0393218994140625 0.0499382019042969 0.0440673828125 0.000762939453125003
0.0493736267089844 0.0381660461425781 0.0531158447265625 0.0102081298828125
0.0555801391601563 0.0125236511230469 0.0630683898925781 -0.0043182373046875
0.0472831726074219 -0.00792312622070313 0.0512771606445313 -0.0144004821777344
0.0382881164550781 -0.0338973999023438 0.0384750366210937 -0.0220222473144531
0.021392822265625 -0.0456657409667969 0.0287532806396484 -0.0171527862548828
0.0172119140625 -0.0445137023925781 0.0233516693115234 -0.003082275390625
0.0159988403320313 -0.0553474426269531 0.0202350616455078 0.0148887634277344
0.0243072509765625 -0.053497314453125 0.00111579895019531 0.0251007080078125
0.0496253967285156 -0.0381889343261719 -0.0135269165039062 0.0306911468505859
0.061553955078125 -0.0208702087402344 -0.0211067199707031 0.0157432556152344
0.0630149841308594 0.0232887268066406 -0.0244178771972656 0.00313377380371094
0.0596237182617187 0.04425048828125 -0.00740385055541992 0.0022120475769043
0.0458602905273437 0.056732177734375 0.0123500823974609 0.0230731964111328
0.0344352722167969 0.0642623901367188 0.0372810363769531 -0.00457763671875
0.0385627746582031 0.0539436340332031 0.0548515319824219 0.0199127197265625
0.0541648864746094 0.04400634765625 0.0568504333496094 0.0179786682128906
0.0626602172851563 0.0165443420410156 0.0594902038574219 0.00116348266601563
0.0541343688964844 -0.00496292114257813 0.0418853759765625 -0.00536727905273438
0.043365478515625 -0.0317344665527344 0.0302963256835938 -0.008453369140625
0.0314483642578125 -0.041900634765625 0.0228252410888672 0.000303268432617185
0.0272598266601562 -0.0383262634277344 0.0188808441162109 0.0126609802246094
0.0264472961425781 -0.0470771789550781 0.0176811218261719 0.0287952423095703
0.0318946838378906 -0.0435333251953125 0.0014495849609375 0.03765869140625
0.0492935180664063 -0.0279273986816406 -0.0142288208007812 0.0418663024902344
0.0588226318359375 -0.0121040344238281 -0.0206203460693359 0.0217742919921875
0.05682373046875 0.0270118713378906 -0.0171737670898438 0.00966835021972657
0.0512657165527344 0.0465126037597656 0.0106077194213867 0.0102806091308594
0.0372848510742188 0.0566940307617188 0.0260467529296875 0.042999267578125
0.0218544006347656 0.0531539916992188 0.0414352416992188 0.0173416137695313
0.0292167663574219 0.0481605529785156 0.0622215270996094 0.035308837890625
0.0443992614746094 0.037628173828125 0.0586509704589844 0.0227127075195313
0.0531501770019531 0.0157432556152344 0.0551910400390625 0.00727462768554688
0.0452003479003906 -0.00292205810546875 0.0307044982910156 0.0002288818359375
0.0411529541015625 -0.0225486755371094 0.0206737518310547 0.00223350524902344
0.0318489074707031 -0.0311813354492188 0.0123462677001953 0.0177841186523437
0.0294075012207031 -0.0276203155517578 0.011138916015625 0.028045654296875
0.0330543518066406 -0.0323905944824219 0.0102577209472656 0.0416755676269531
0.0365066528320313 -0.0266342163085938 -0.0017852783203125 0.046051025390625
0.0442008972167969 -0.0103988647460938 -0.0161361694335937 0.0434951782226562
0.0475044250488281 0.00155258178710938 -0.0216770172119141 0.0232906341552734
0.0409317016601563 0.03155517578125 -0.0110130310058594 0.0110597610473633
0.0323448181152344 0.0440216064453125 0.0194892883300781 0.0177879333496094
0.018951416015625 0.0482521057128906 0.0343742370605469 0.0622634887695312
0.0055999755859375 0.0328006744384766 0.0462570190429688 0.0317802429199219
0.0141448974609375 0.0305538177490234 0.0631523132324219 0.039520263671875
0.0255107879638672 0.0231761932373047 0.0544662475585937 0.0241928100585937
0.0300235748291016 0.0102329254150391 0.0452651977539063 0.0100784301757813
0.0276374816894531 0.0023956298828125 0.0221900939941406 0.00500297546386719
0.0319499969482422 -0.00638389587402344 0.00938224792480469 0.0132732391357422
0.0307502746582031 -0.0139255523681641 0.005706787109375 0.0296459197998047
0.0310153961181641 -0.0129032135009766 0.00149917602539063 0.0382347106933594
0.0346851348876953 -0.0155258178710937 0.00150299072265625 0.0495681762695312
0.0343151092529297 -0.00624465942382813 -0.0134925842285156 0.0504531860351563
0.0356903076171875 0.0044708251953125 -0.0246696472167969 0.0431594848632813
0.0331077575683594 0.0143241882324219 -0.0248603820800781 0.0252151489257813
0.0191745758056641 0.0305328369140625 -0.0126743316650391 0.012476921081543
0.0109939575195313 0.0378265380859375 0.0205898284912109 0.0265598297119141
0.00079345703125 0.03558349609375 0.0359420776367187 0.078155517578125
-0.0108461380004883 0.00720787048339844 0.042327880859375 0.0322723388671875
-0.00238990783691406 0.00933361053466797 0.0582313537597656 0.0376014709472656
0.00137901306152344 0.00734996795654297 0.0485000610351562 0.0181770324707031
0.00273799896240234 0.00882530212402344 0.0374984741210938 0.0124359130859375
0.00378513336181641 0.0111055374145508 0.0176429748535156 0.00576972961425781
0.0144176483154297 0.0132713317871094 0.00315475463867188 0.0157327651977539
0.0246410369873047 0.00639152526855469 -0.00280380249023438 0.0331001281738281
0.0270404815673828 0.00394248962402344 -0.00428009033203124 0.0432357788085938
0.0306777954101563 0.00372123718261719 -0.0130844116210937 0.0527801513671875
0.0288181304931641 0.0106868743896484 -0.0258903503417969 0.04833984375
0.0201339721679688 0.0177478790283203 -0.0330543518066406 0.0384521484375
0.0129013061523438 0.0194015502929688 -0.0284976959228516 0.0222530364990234
0.000156402587890626 0.0243091583251953 -0.017521858215332 0.0115251541137695
-0.00958442687988282 0.0255813598632813 0.0156269073486328 0.0319786071777344
-0.0174884796142578 0.0165386199951172 0.0284194946289063 0.08447265625
0.0384292602539063 0.0093536376953125 -0.0220108032226563 -0.0833816528320313
0.0207252502441406 -0.0123443603515625 -0.0032501220703125 -0.0396461486816406
0.0103416442871094 -0.0158395767211914 0.0235614776611328 -0.0094757080078125
0.00145721435546875 -0.0197200775146484 0.042083740234375 -0.0156593322753906
-0.00430679321289063 -0.0180625915527344 0.0462379455566406 -0.0277862548828125
-0.0187892913818359 -0.0195655822753906 0.0364570617675781 -0.04791259765625
-0.0239353179931641 -0.0172767639160156 0.0222053527832031 -0.0564498901367188
-0.0210342407226563 -0.0181713104248047 0.0126762390136719 -0.0452423095703125
-0.0224342346191406 -0.0234565734863281 0.00647163391113281 -0.0324230194091797
-0.00835227966308594 -0.0300636291503906 -0.00252723693847656 -0.0183238983154297
0.0101318359375 -0.0283432006835938 -0.0162477493286133 -0.00554561614990235
0.0222301483154297 -0.0164470672607422 -0.03021240234375 -0.00952911376953125
0.0265827178955078 0.00223541259765625 -0.0460853576660156 -0.0192184448242188
0.0285396575927734 0.00962448120117188 -0.0563774108886719 -0.0294876098632812
0.0329093933105469 0.0178775787353516 -0.0351428985595703 -0.0334434509277344
0.047027587890625 0.0343246459960938 -0.00370025634765625 -0.0747528076171875
0.0313739776611328 0.00925636291503906 0.0141086578369141 -0.0342464447021484
0.0256690979003906 0.00322723388671875 0.0348281860351563 -0.00716209411621094
0.0210895538330078 -0.00862312316894531 0.051849365234375 -0.0144577026367188
0.0147371292114258 -0.0151472091674805 0.0521202087402344 -0.0241241455078125
0.000434875488281247 -0.0274562835693359 0.0446052551269531 -0.0429801940917969
-0.00885963439941406 -0.0321311950683594 0.0306472778320312 -0.0493392944335937
-0.00918006896972656 -0.0328845977783203 0.0202827453613281 -0.0373802185058594
-0.0103034973144531 -0.0417518615722656 0.0135078430175781 -0.0232944488525391
0.00394439697265625 -0.0460014343261719 0.000607490539550781 -0.00802803039550782
0.0293197631835938 -0.0396080017089844 -0.0142354965209961 0.00351905822753906
0.0447769165039063 -0.0218391418457031 -0.0270347595214844 -0.00242996215820312
0.0498123168945313 0.0132064819335937 -0.0382308959960938 -0.0103721618652344
0.0497932434082031 0.0274276733398438 -0.0419654846191406 -0.0198173522949219
0.047088623046875 0.0383682250976563 -0.0216903686523438 -0.0203914642333984
0.049591064453125 0.0554542541503906 0.0139274597167969 -0.05767822265625
0.0387840270996094 0.0326156616210938 0.0316333770751953 -0.0208549499511719
0.0396499633789062 0.0241737365722656 0.0463676452636719 -0.000598907470703123
0.0409965515136719 0.0040130615234375 0.0601272583007813 -0.0115890502929688
0.03466796875 -0.0108108520507813 0.0544776916503906 -0.0211753845214844
0.0212135314941406 -0.0326347351074219 0.0467720031738281 -0.035675048828125
0.0066986083984375 -0.0430717468261719 0.0340042114257813 -0.0381622314453125
0.0044097900390625 -0.0431594848632813 0.0239238739013672 -0.0247402191162109
0.00203323364257813 -0.0532989501953125 0.0198936462402344 -0.00799369812011719
0.0148429870605469 -0.0556373596191406 0.00341796875 0.00674104690551757
0.0425224304199219 -0.0463981628417969 -0.0131464004516602 0.016596794128418
0.0595321655273438 -0.0265998840332031 -0.0229358673095703 0.00625991821289063
0.0651092529296875 0.0182151794433594 -0.0307769775390625 -0.00257110595703125
0.0637702941894531 0.0393905639648438 -0.0245342254638672 -0.00876617431640624
0.0538330078125 0.0531997680664063 -0.0034794807434082 -0.00213980674743652
0.0461006164550781 0.0689201354980469 0.0300407409667969 -0.0339736938476562
0.042633056640625 0.0508842468261719 0.0462989807128906 -0.00336837768554687
0.052459716796875 0.0390815734863281 0.05560302734375 0.00681686401367188
0.058868408203125 0.0130424499511719 0.064697265625 -0.00697708129882812
0.0499267578125 -0.008056640625 0.0514984130859375 -0.0164260864257812
0.0382537841796875 -0.0358238220214844 0.0419349670410156 -0.0258674621582031
0.0212745666503906 -0.0487327575683594 0.0315532684326172 -0.0221099853515625
0.0174751281738281 -0.0470161437988281 0.0248298645019531 -0.00823211669921875
0.0160331726074219 -0.0571212768554688 0.0221214294433594 0.00943374633789062
0.0242385864257813 -0.0562171936035156 0.00564193725585938 0.0218334197998047
0.0504302978515625 -0.0435867309570313 -0.00988769531249999 0.0294666290283203
0.0646591186523438 -0.0245704650878906 -0.0201835632324219 0.0149993896484375
0.06976318359375 0.0218925476074219 -0.0217399597167969 0.00393486022949219
0.0648727416992188 0.0446014404296875 -0.00553846359252929 0.000169277191162111
0.0518760681152344 0.0606498718261719 0.0148334503173828 0.0187778472900391
0.0373344421386719 0.0697097778320312 0.0413970947265625 -0.00704193115234374
0.0409889221191406 0.0587425231933594 0.0586280822753906 0.0174179077148438
0.0573158264160156 0.0468177795410156 0.0610733032226563 0.0157546997070313
0.0660552978515625 0.0179061889648438 0.0621376037597656 -0.00141525268554687
0.056854248046875 -0.00510787963867188 0.04339599609375 -0.00922393798828125
0.0468559265136719 -0.033599853515625 0.0323314666748047 -0.0119094848632813
0.0315017700195313 -0.0451316833496094 0.0242652893066406 -0.00332260131835938
0.02789306640625 -0.0430870056152344 0.0201644897460938 0.0101680755615234
0.0274276733398438 -0.0504417419433594 0.0205478668212891 0.0259037017822266
0.0326919555664063 -0.0466461181640625 0.0041046142578125 0.0359916687011719
0.0529556274414063 -0.0311393737792969 -0.010589599609375 0.0387992858886719
0.0622749328613281 -0.0140609741210938 -0.016845703125 0.0204257965087891
0.06268310546875 0.0288543701171875 -0.0137052536010742 0.00772094726562501
0.0553398132324219 0.0490989685058594 0.0112314224243164 0.00874614715576172
0.0408210754394531 0.0612335205078125 0.03045654296875 0.0402946472167969
0.0243453979492187 0.0589561462402344 0.0483055114746094 0.0167312622070313
0.0326156616210938 0.0531349182128906 0.066314697265625 0.0321617126464844
0.0499114990234375 0.0410690307617188 0.0613555908203125 0.0199928283691406
0.058074951171875 0.0160484313964844 0.0552215576171875 0.00362014770507813
0.0501785278320312 -0.00243759155273437 0.0330410003662109 -0.00043487548828125
0.0456428527832031 -0.0258865356445313 0.0211391448974609 0.00195121765136719
0.0367317199707031 -0.0359954833984375 0.0154819488525391 0.0157546997070312
0.0338687896728516 -0.0320682525634766 0.0127449035644531 0.0273418426513672
0.0358047485351563 -0.0378036499023438 0.0139274597167969 0.0394401550292969
0.0385627746582031 -0.0291366577148438 -0.00124740600585937 0.0455665588378906
0.0502433776855469 -0.0138168334960937 -0.014495849609375 0.0420722961425781
0.0526161193847656 0.00152206420898437 -0.0180683135986328 0.0233402252197266
0.0452766418457031 0.0347404479980469 -0.010772705078125 0.0103225708007813
0.0360755920410156 0.0491447448730469 0.0229434967041016 0.01715087890625
0.0221328735351563 0.05523681640625 0.0399322509765625 0.0619544982910156
0.00600051879882813 0.0356979370117188 0.0513877868652344 0.0325546264648437
0.0170669555664062 0.0358467102050781 0.068389892578125 0.0402488708496094
0.0284099578857422 0.0274715423583984 0.0578804016113281 0.0210227966308594
0.0358810424804688 0.0132560729980469 0.0461387634277344 0.00802230834960938
0.0314617156982422 0.00331497192382812 0.0219612121582031 0.00445556640625
0.03558349609375 -0.0101966857910156 0.0096282958984375 0.0132331848144531
0.0344753265380859 -0.0181312561035156 0.00517654418945313 0.0285758972167969
0.0344886779785156 -0.0169200897216797 0.00407791137695312 0.0390090942382813
0.0384178161621094 -0.0200080871582031 0.00243759155273438 0.0503921508789063
0.0379104614257813 -0.00994873046875 -0.0122566223144531 0.0493545532226563
0.0403861999511719 0.00537872314453125 -0.0222663879394531 0.0420989990234375
0.0372886657714844 0.0156326293945313 -0.0217704772949219 0.0230865478515625
0.0235977172851562 0.0370903015136719 -0.0104532241821289 0.0120153427124023
0.0129051208496094 0.0444564819335937 0.0244617462158203 0.0267181396484375
-0.000762939453125004 0.0423927307128906 0.0394287109375 0.0782012939453125
-0.0139560699462891 0.0106039047241211 0.0472297668457031 0.0373649597167969
-0.0047760009765625 0.0136861801147461 0.0631027221679688 0.038818359375
0.00124549865722656 0.00961780548095703 0.0504341125488281 0.0175895690917969
0.00467967987060547 0.0121097564697266 0.0373649597167969 0.00933456420898437
0.00804328918457031 0.0124568939208984 0.016047477722168 0.00565147399902344
0.0204792022705078 0.00961112976074219 0.00147247314453125 0.0179347991943359
0.0286579132080078 0.002838134765625 -0.00241470336914063 0.0360107421875
0.0301151275634766 0.00123214721679688 -0.00560379028320313 0.0446853637695313
0.0351238250732422 -0.000295639038085938 -0.0116615295410156 0.0533638000488281
0.0311088562011719 0.0057373046875 -0.0259971618652344 0.0496368408203125
0.0261688232421875 0.0165443420410156 -0.0315322875976563 0.0381927490234375
0.0175876617431641 0.0217990875244141 -0.0289173126220703 0.0235996246337891
0.00347709655761719 0.0306034088134766 -0.0172662734985352 0.0141029357910156
-0.00984954833984375 0.0314006805419922 0.0160655975341797 0.0346469879150391
-0.0203514099121094 0.0214939117431641 0.0313644409179687 0.0888214111328125
0.0411224365234375 0.00515365600585938 -0.0249862670898437 -0.089202880859375
0.0201950073242188 -0.0161228179931641 -0.00656509399414063 -0.0423851013183594
0.00810813903808594 -0.0192356109619141 0.0232696533203125 -0.0102214813232422
-0.00238990783691406 -0.0206794738769531 0.0427703857421875 -0.01593017578125
-0.00786781311035156 -0.0174360275268555 0.0482292175292969 -0.0288009643554688
-0.0217151641845703 -0.0159969329833984 0.0395355224609375 -0.0507278442382813
-0.0264091491699219 -0.0149345397949219 0.0237922668457031 -0.0599098205566406
-0.0237827301025391 -0.0154628753662109 0.0138282775878906 -0.0492820739746094
-0.0254154205322266 -0.0207614898681641 0.00742721557617187 -0.0368919372558594
-0.0120887756347656 -0.0283870697021484 -0.000940322875976564 -0.0205955505371094
0.0066375732421875 -0.0301132202148438 -0.0154962539672852 -0.00763702392578125
0.0198535919189453 -0.0198459625244141 -0.0300979614257813 -0.0105514526367188
0.0278034210205078 -0.00144195556640625 -0.0470924377441406 -0.0195579528808594
0.0324859619140625 0.00590705871582031 -0.0602989196777344 -0.0312881469726563
0.0370101928710938 0.0146331787109375 -0.0395088195800781 -0.0389442443847656
0.0510063171386719 0.0328445434570313 -0.00521087646484376 -0.0819015502929688
0.03240966796875 0.00784492492675781 0.0124855041503906 -0.0378303527832031
0.0248241424560547 0.00192070007324219 0.0354156494140625 -0.00871658325195313
0.0192642211914062 -0.00951957702636719 0.0530357360839844 -0.0154647827148438
0.0128669738769531 -0.0146903991699219 0.0547218322753906 -0.0255126953125
-0.000902175903320311 -0.0260734558105469 0.0473136901855469 -0.046356201171875
-0.0106449127197266 -0.0316753387451172 0.0329360961914063 -0.0543174743652344
-0.0105056762695313 -0.0327892303466797 0.0210647583007812 -0.0426979064941406
-0.0130538940429688 -0.0413284301757813 0.0147953033447266 -0.0277462005615234
0.00116348266601562 -0.0472869873046875 0.00224113464355469 -0.0109663009643555
0.0272979736328125 -0.0429840087890625 -0.0122995376586914 0.00168609619140625
0.0447349548339844 -0.0265350341796875 -0.0262889862060547 -0.00377464294433594
0.0534629821777344 0.0090789794921875 -0.0388603210449219 -0.0115432739257813
0.0543975830078125 0.02484130859375 -0.0450515747070313 -0.0217514038085938
0.0527572631835938 0.0378570556640625 -0.0236911773681641 -0.0260601043701172
0.0540084838867188 0.0568161010742188 0.0137977600097656 -0.0650749206542969
0.0412940979003906 0.033843994140625 0.0309123992919922 -0.0255126953125
0.0414352416992188 0.0246543884277344 0.0471611022949219 -0.00241851806640625
0.0421562194824219 0.00365066528320313 0.0621681213378906 -0.013092041015625
0.0352554321289063 -0.0104255676269531 0.0572395324707031 -0.0232925415039063
0.0212306976318359 -0.033660888671875 0.0491142272949219 -0.0392646789550781
0.00666427612304687 -0.0446586608886719 0.0358047485351563 -0.0431251525878906
0.00432586669921875 -0.0449104309082031 0.0248470306396484 -0.0295467376708984
0.000671386718750003 -0.0556259155273437 0.0210514068603516 -0.0133495330810547
0.0133399963378906 -0.0587234497070313 0.00590229034423828 0.00279712677001953
0.0425224304199219 -0.0506172180175781 -0.0100936889648437 0.0142412185668945
0.0612373352050781 -0.0309982299804687 -0.0219707489013672 0.00453376770019531
0.0703506469726563 0.0156173706054688 -0.0298957824707031 -0.00326728820800781
0.0691871643066406 0.0378684997558594 -0.0257244110107422 -0.0122661590576172
0.060516357421875 0.054840087890625 -0.00382280349731445 -0.0076603889465332
0.0507583618164062 0.0724258422851562 0.0314559936523438 -0.0390129089355469
0.0460624694824219 0.0542640686035156 0.0477333068847656 -0.00629043579101562
0.056488037109375 0.04254150390625 0.0568389892578125 0.00564956665039063
0.0627517700195313 0.0136566162109375 0.066864013671875 -0.00918960571289063
0.0532379150390625 -0.00832366943359375 0.0533256530761719 -0.0184555053710938
0.0395355224609375 -0.038543701171875 0.0436134338378906 -0.0291557312011719
0.022308349609375 -0.05157470703125 0.0331516265869141 -0.0268573760986328
0.0179367065429687 -0.0502166748046875 0.0252628326416016 -0.0119724273681641
0.0147171020507812 -0.0605583190917969 0.0233325958251953 0.00398635864257812
0.0242576599121094 -0.0600471496582031 0.0077362060546875 0.01922607421875
0.0520591735839844 -0.0489349365234375 -0.00809669494628906 0.0273513793945312
0.0685691833496094 -0.02886962890625 -0.0185298919677734 0.0124893188476562
0.07568359375 0.0211944580078125 -0.0205478668212891 0.00207901000976562
0.0727386474609375 0.0464859008789063 -0.00503778457641601 -0.00324106216430664
0.05828857421875 0.0645713806152344 0.0170154571533203 0.0138349533081055
0.0416717529296875 0.07562255859375 0.0454216003417969 -0.0108680725097656
0.0451164245605469 0.063385009765625 0.0613861083984375 0.0135879516601563
0.0629844665527344 0.0509796142578125 0.0627174377441406 0.0135955810546875
0.0725479125976563 0.0178375244140625 0.0643043518066406 -0.00342941284179687
0.0615234375 -0.00601577758789063 0.0452041625976563 -0.0105514526367188
0.0491485595703125 -0.0374069213867188 0.0337066650390625 -0.0152034759521484
0.0333404541015625 -0.0507469177246094 0.0255088806152344 -0.00645065307617188
0.0292243957519531 -0.0476608276367188 0.0205078125 0.00740432739257812
0.0283699035644531 -0.0564117431640625 0.0222091674804688 0.0227584838867187
0.0344772338867188 -0.0509262084960938 0.00607872009277344 0.0331268310546875
0.0567169189453125 -0.035919189453125 -0.00906753540039062 0.0361785888671875
0.06768798828125 -0.0171852111816406 -0.0163135528564453 0.0190563201904297
0.0688323974609375 0.0298576354980469 -0.0123271942138672 0.00582599639892578
0.0617866516113281 0.0522308349609375 0.0134849548339844 0.00522518157958985
0.0455131530761719 0.0666999816894531 0.0342636108398438 0.0375709533691406
0.0275115966796875 0.0653915405273438 0.0538787841796875 0.0159225463867188
0.0359687805175781 0.0579719543457031 0.0700836181640625 0.0306587219238281
0.0550956726074219 0.0457229614257813 0.0639839172363281 0.019439697265625
0.0649261474609375 0.0171890258789063 0.0566291809082031 0.00226593017578125
0.0554389953613281 -0.00291061401367188 0.03271484375 -0.00251197814941406
0.0492324829101563 -0.029693603515625 0.0212993621826172 0.000694274902343748
0.03826904296875 -0.0411949157714844 0.0161495208740234 0.0142993927001953
0.0365982055664063 -0.0379104614257812 0.0134696960449219 0.0260429382324219
0.0378189086914063 -0.0436935424804688 0.0148811340332031 0.0386505126953125
0.041534423828125 -0.0342445373535156 -0.000522613525390623 0.0434303283691406
0.0553016662597656 -0.016357421875 -0.0132293701171875 0.0412025451660156
0.0587844848632813 -0.00022125244140625 -0.0163745880126953 0.0223236083984375
0.0512847900390625 0.038665771484375 -0.00788116455078125 0.00899124145507813
0.0410690307617187 0.0548744201660156 0.0250339508056641 0.0148754119873047
0.0248756408691406 0.0617141723632813 0.0439262390136719 0.0604476928710938
0.00716781616210938 0.0423469543457031 0.05682373046875 0.033966064453125
0.0185356140136719 0.0410575866699219 0.0727386474609375 0.0399551391601563
0.0331611633300781 0.0320568084716797 0.0601997375488281 0.0206642150878906
0.0414543151855469 0.0146980285644531 0.047027587890625 0.00725555419921875
0.0362091064453125 0.00361251831054687 0.0221633911132813 0.00444412231445313
0.0401420593261719 -0.0138931274414063 0.00972652435302735 0.0137786865234375
0.0374794006347656 -0.0235443115234375 0.006134033203125 0.030517578125
0.0372467041015625 -0.0225028991699219 0.00399017333984375 0.0397987365722656
0.0419807434082031 -0.0255851745605469 0.00233078002929687 0.050048828125
0.0424003601074219 -0.0146903991699219 -0.0129280090332031 0.0489997863769531
0.0473251342773438 0.00293350219726563 -0.0220794677734375 0.0415763854980469
0.0433921813964844 0.0153961181640625 -0.021209716796875 0.0228919982910156
0.0282440185546875 0.042022705078125 -0.00893974304199219 0.0117998123168945
0.0150299072265625 0.0509414672851563 0.0275440216064453 0.0264339447021484
0.00132369995117187 0.0490379333496094 0.0445556640625 0.0797805786132813
-0.015045166015625 0.0149517059326172 0.0532150268554688 0.0404930114746094
-0.00450325012207031 0.0183067321777344 0.0680007934570313 0.0403556823730469
0.00301933288574219 0.0154752731323242 0.0530815124511719 0.017791748046875
0.00944995880126953 0.0141544342041016 0.0380897521972656 0.00844573974609375
0.011749267578125 0.0137748718261719 0.0147695541381836 0.00660324096679688
0.0252666473388672 0.0072174072265625 0.00125694274902344 0.0205364227294922
0.0313968658447266 -0.00112533569335938 -0.00276565551757812 0.0395393371582031
0.0326671600341797 -0.00331497192382813 -0.006195068359375 0.048065185546875
0.0382575988769531 -0.00522232055664063 -0.0121345520019531 0.0560150146484375
0.0355720520019531 0.00308609008789063 -0.0267143249511719 0.0500106811523438
0.0320777893066406 0.0161876678466797 -0.0326042175292969 0.0382041931152344
0.0239810943603516 0.0228786468505859 -0.02850341796875 0.0225067138671875
0.00592422485351562 0.0356636047363281 -0.0159816741943359 0.0144243240356445
-0.008514404296875 0.0373764038085938 0.019439697265625 0.0357627868652344
-0.0208892822265625 0.0279083251953125 0.0353546142578125 0.0927200317382813
0.0432052612304688 0.0007171630859375 -0.0303726196289062 -0.09613037109375
0.0197162628173828 -0.0201854705810547 -0.009796142578125 -0.0456161499023437
0.00509262084960938 -0.0221157073974609 0.0230922698974609 -0.0107345581054688
-0.00619125366210937 -0.0214614868164063 0.0448112487792969 -0.0171165466308594
-0.0111589431762695 -0.016291618347168 0.0507316589355469 -0.0312347412109375
-0.0246143341064453 -0.012603759765625 0.0415191650390625 -0.0547523498535156
-0.0285530090332031 -0.0118427276611328 0.0248794555664062 -0.06597900390625
-0.0260448455810547 -0.0127086639404297 0.0134010314941406 -0.0546379089355469
-0.028564453125 -0.0173873901367188 0.00696563720703125 -0.0414810180664063
-0.0156230926513672 -0.027252197265625 -0.000478744506835937 -0.0241909027099609
0.00310325622558594 -0.0312976837158203 -0.0147647857666016 -0.00999927520751953
0.0174636840820313 -0.0229816436767578 -0.0312080383300781 -0.0111865997314453
0.0285873413085938 -0.00594139099121094 -0.0499916076660156 -0.0197639465332031
0.0351715087890625 0.00135421752929687 -0.0661048889160156 -0.0332603454589844
0.0413818359375 0.010284423828125 -0.0460090637207031 -0.0439987182617187
0.0553169250488281 0.0319366455078125 -0.00886535644531251 -0.090728759765625
0.0337657928466797 0.00569534301757813 0.00977325439453125 -0.0429420471191406
0.0249958038330078 0.000843048095703125 0.0356903076171875 -0.00969696044921875
0.0180606842041016 -0.0101757049560547 0.0554275512695313 -0.0175628662109375
0.0122261047363281 -0.0145883560180664 0.0579261779785156 -0.0286674499511719
-0.00218582153320312 -0.0250873565673828 0.0501937866210938 -0.0515556335449219
-0.0123462677001953 -0.0309982299804688 0.0338325500488281 -0.0615043640136719
-0.0124435424804688 -0.0321636199951172 0.0209312438964844 -0.0486869812011719
-0.0161819458007813 -0.0410804748535156 0.0149097442626953 -0.0340499877929688
-0.00169754028320313 -0.0481643676757813 0.00325775146484375 -0.0152273178100586
0.0249290466308594 -0.0465507507324219 -0.0112762451171875 -0.000935554504394532
0.04449462890625 -0.03125 -0.0266342163085937 -0.00544548034667969
0.0570297241210937 0.00515365600585938 -0.0408210754394531 -0.0116310119628906
0.0608367919921875 0.021453857421875 -0.0494117736816406 -0.0241317749023438
0.0592803955078125 0.036773681640625 -0.0284290313720703 -0.0322780609130859
0.059722900390625 0.0586662292480469 0.0123291015625 -0.0728836059570313
0.044464111328125 0.0346107482910156 0.0300712585449219 -0.0304813385009766
0.0440177917480469 0.0256271362304688 0.0477867126464844 -0.00437164306640625
0.0443382263183594 0.00349807739257813 0.0645370483398438 -0.0157089233398438
0.0369987487792969 -0.0112113952636719 0.0603523254394531 -0.0260810852050781
0.0218925476074219 -0.0347213745117188 0.0521240234375 -0.0448989868164063
0.0061798095703125 -0.0468711853027344 0.0368270874023438 -0.0500831604003906
0.00312042236328125 -0.0464973449707031 0.024810791015625 -0.0356101989746094
-0.0016632080078125 -0.0581321716308594 0.0212917327880859 -0.0193862915039063
0.0114898681640625 -0.0623054504394531 0.00739288330078125 -0.00110054016113282
0.0423583984375 -0.0555648803710937 -0.00858402252197265 0.011713981628418
0.0632286071777344 -0.0369224548339844 -0.0219326019287109 0.00265312194824219
0.0763397216796875 0.0120849609375 -0.0307121276855469 -0.00424385070800782
0.077362060546875 0.0361862182617188 -0.0281696319580078 -0.0148754119873047
0.06829833984375 0.0559463500976563 -0.00605583190917968 -0.0135478973388672
0.0577011108398438 0.0776138305664063 0.0323333740234375 -0.0458221435546875
0.0512428283691406 0.0574417114257813 0.0489349365234375 -0.0110435485839844
0.0627899169921875 0.04486083984375 0.059173583984375 0.00371551513671875
0.0678482055664062 0.0122528076171875 0.0690269470214844 -0.0120964050292969
0.05706787109375 -0.00951004028320313 0.0557899475097656 -0.0212287902832031
0.0419349670410156 -0.0409431457519531 0.0458831787109375 -0.0336799621582031
0.0225944519042969 -0.056182861328125 0.0339908599853516 -0.031951904296875
0.0182838439941406 -0.0544700622558594 0.0242156982421875 -0.0165233612060547
0.0136566162109375 -0.06597900390625 0.0252628326416016 -0.000587463378906254
0.0235404968261719 -0.0656509399414063 0.00944232940673828 0.0153617858886719
0.0537605285644531 -0.0549697875976563 -0.00709915161132812 0.0247764587402344
0.072601318359375 -0.0350189208984375 -0.0179023742675781 0.0110149383544922
0.0827789306640625 0.0194854736328125 -0.0203933715820313 0.000415802001953123
0.0812149047851563 0.046417236328125 -0.00514078140258788 -0.00675868988037109
0.0666427612304688 0.0679893493652344 0.0174398422241211 0.00897407531738282
0.0483322143554688 0.0824508666992187 0.0487594604492187 -0.0151023864746094
0.0511703491210937 0.0684013366699219 0.06439208984375 0.0107574462890625
0.0703964233398438 0.0538787841796875 0.0657005310058594 0.0120506286621094
0.079833984375 0.0165328979492188 0.0666694641113281 -0.00635910034179687
0.0667686462402344 -0.00861358642578125 0.04693603515625 -0.012542724609375
0.0527763366699219 -0.0430068969726563 0.0354843139648438 -0.0179214477539063
0.0347709655761719 -0.0570182800292969 0.0268440246582031 -0.00973129272460938
0.0305595397949219 -0.0539436340332031 0.0208740234375 0.00453758239746093
0.0282249450683594 -0.0630950927734375 0.0233898162841797 0.0193538665771484
0.0357856750488281 -0.0571823120117187 0.00700950622558594 0.0309085845947266
0.0605850219726563 -0.0418014526367188 -0.00742530822753906 0.0350341796875
0.0735855102539063 -0.022003173828125 -0.0152587890625 0.0171070098876953
0.0770111083984375 0.0302581787109375 -0.0117816925048828 0.00388336181640625
0.0705108642578125 0.0557327270507813 0.0145130157470703 0.00211906433105469
0.0531997680664063 0.0729522705078125 0.0371437072753906 0.0347862243652344
0.0316238403320313 0.0725250244140625 0.0595321655273437 0.0140876770019531
0.0415306091308594 0.0643272399902344 0.0760040283203125 0.0292129516601563
0.0623817443847656 0.049346923828125 0.0674209594726563 0.0177078247070313
0.0726318359375 0.0165939331054688 0.0590019226074219 0.000347137451171876
0.0614166259765625 -0.0052032470703125 0.0339756011962891 -0.00255584716796875
0.0538291931152344 -0.0354766845703125 0.0220623016357422 0.000255584716796873
0.0400390625 -0.0481109619140625 0.017242431640625 0.0135869979858398
0.0384674072265625 -0.0443878173828125 0.0137519836425781 0.0259666442871094
0.0393638610839844 -0.0512466430664063 0.0158195495605469 0.0376167297363281
0.044097900390625 -0.0408210754394531 -0.000694274902343748 0.0430526733398437
0.0611000061035156 -0.0215225219726563 -0.0127372741699219 0.0411300659179687
0.0657463073730469 -0.00250244140625 -0.0160293579101563 0.0205707550048828
0.0592575073242187 0.0410118103027344 -0.00704288482666015 0.00753641128540039
0.0482444763183594 0.0601348876953125 0.028411865234375 0.0134735107421875
0.0302162170410156 0.0697441101074219 0.0494003295898438 0.0599174499511719
0.0096282958984375 0.0495147705078125 0.0646858215332031 0.03460693359375
0.0222625732421875 0.04718017578125 0.0795516967773438 0.039947509765625
0.0382499694824219 0.0363006591796875 0.0635414123535156 0.019500732421875
0.0480766296386719 0.0155296325683594 0.0486869812011719 0.00577163696289063
0.0422248840332031 0.00186538696289062 0.0225334167480469 0.00551223754882813
0.0438766479492187 -0.0192642211914062 0.0102100372314453 0.0150423049926758
0.0396842956542969 -0.0300140380859375 0.00680732727050781 0.0324306488037109
0.0395622253417969 -0.0284919738769531 0.00444793701171875 0.0418205261230469
0.0448532104492188 -0.0327796936035156 0.00275039672851562 0.0518722534179688
0.0456619262695312 -0.0200881958007812 -0.0136337280273437 0.0500106811523437
0.0533218383789063 -0.00087738037109375 -0.0226554870605469 0.0424041748046875
0.0505294799804688 0.0144271850585938 -0.0207691192626953 0.0223922729492188
0.0349769592285156 0.0461006164550781 -0.00771331787109375 0.0107765197753906
0.01971435546875 0.0575485229492188 0.0309600830078125 0.0262622833251953
0.00348281860351562 0.05694580078125 0.050384521484375 0.08294677734375
-0.0156269073486328 0.0203113555908203 0.0612945556640625 0.0438079833984375
-0.00363540649414063 0.0233478546142578 0.0750961303710938 0.0418243408203125
0.00543403625488281 0.0193309783935547 0.0566635131835938 0.0168380737304688
0.0140399932861328 0.0164318084716797 0.0394058227539062 0.00868988037109375
0.0159263610839844 0.0133438110351563 0.0135574340820313 0.00824356079101563
0.0295639038085938 0.00399589538574219 0.00183486938476562 0.0237083435058594
0.0341415405273438 -0.00582504272460937 -0.00216293334960937 0.044036865234375
0.0353965759277344 -0.00848007202148438 -0.00555801391601563 0.0514945983886719
0.0412483215332031 -0.0112228393554687 -0.0127372741699219 0.0599899291992188
0.0391159057617188 -0.00136947631835938 -0.0287933349609375 0.0526618957519531
0.0377426147460938 0.0136222839355469 -0.0340423583984375 0.0399551391601562
0.0308742523193359 0.0232830047607422 -0.0291042327880859 0.0225486755371094
0.0111312866210938 0.0405349731445313 -0.0148468017578125 0.0142602920532227
-0.00641632080078125 0.0441474914550781 0.0231552124023437 0.0377616882324219
-0.0214347839355469 0.0350093841552734 0.0417709350585938 0.0978164672851562
0.0454444885253906 -0.0045013427734375 -0.0394821166992187 -0.10260009765625
0.0173492431640625 -0.0246334075927734 -0.0152053833007813 -0.0487632751464844
0.00217437744140625 -0.0248947143554688 0.02325439453125 -0.0120792388916016
-0.0103626251220703 -0.0212726593017578 0.0466232299804688 -0.0194015502929688
-0.0138483047485352 -0.0151224136352539 0.0535049438476562 -0.0346641540527344
-0.026641845703125 -0.00916481018066407 0.0431327819824219 -0.0603981018066406
-0.0305061340332031 -0.0077362060546875 0.0238876342773437 -0.0736007690429688
-0.0281257629394531 -0.00930976867675782 0.0118141174316406 -0.0617294311523438
-0.0311927795410156 -0.0131626129150391 0.00489044189453125 -0.0475006103515625
-0.0193386077880859 -0.025665283203125 -0.00129127502441406 -0.0284290313720703
-0.00171661376953125 -0.0319538116455078 -0.0153121948242187 -0.0120000839233398
0.0143470764160156 -0.0257244110107422 -0.0334014892578125 -0.0117359161376953
0.0287094116210938 -0.0119552612304688 -0.0533599853515625 -0.0186882019042969
0.0373725891113281 -0.00436019897460938 -0.073974609375 -0.0324020385742188
0.0455360412597656 0.0051422119140625 -0.0546112060546875 -0.0481452941894531
0.0608367919921875 0.0292015075683594 -0.015838623046875 -0.0990753173828125
0.0348796844482422 0.00331687927246094 0.00570297241210938 -0.0470428466796875
0.0247325897216797 -0.000600814819335938 0.03594970703125 -0.0120658874511719
0.0166358947753906 -0.0105352401733398 0.0577201843261719 -0.0205841064453125
0.0114002227783203 -0.0144519805908203 0.0607376098632813 -0.0332069396972656
-0.00389671325683594 -0.0240669250488281 0.0518074035644531 -0.0578536987304688
-0.0142135620117187 -0.0306682586669922 0.0331153869628906 -0.0699958801269531
-0.0143890380859375 -0.0320034027099609 0.0189208984375 -0.0561294555664063
-0.0195770263671875 -0.0409889221191406 0.0130462646484375 -0.0406875610351563
-0.00564193725585937 -0.0494728088378906 0.00319862365722656 -0.0200634002685547
0.0215682983398438 -0.0505790710449219 -0.0114927291870117 -0.0030660629272461
0.0437240600585937 -0.0369758605957031 -0.0278606414794922 -0.00635910034179688
0.060638427734375 -0.000885009765625 -0.0427932739257813 -0.0111961364746094
0.0665283203125 0.016815185546875 -0.0559120178222656 -0.0256271362304687
0.0670433044433594 0.0331268310546875 -0.0353736877441406 -0.0371742248535156
0.0683975219726563 0.0598373413085938 0.00792694091796875 -0.081939697265625
0.0488815307617188 0.0352401733398437 0.0272636413574219 -0.0360527038574219
0.0493049621582031 0.0259780883789062 0.0494346618652344 -0.00730514526367187
0.047027587890625 0.00184249877929688 0.0672187805175781 -0.0198402404785156
0.0391769409179688 -0.0127525329589844 0.0634002685546875 -0.0308570861816406
0.0216331481933594 -0.0368995666503906 0.0538291931152344 -0.0519599914550781
0.00460052490234375 -0.0503463745117188 0.0368270874023437 -0.0583305358886719
0.00162887573242187 -0.0500679016113281 0.0237007141113281 -0.0424156188964844
-0.00496292114257813 -0.0619239807128906 0.0205173492431641 -0.0256805419921875
0.00821685791015624 -0.0664138793945313 0.00711250305175781 -0.00565910339355469
0.0402488708496094 -0.0629920959472656 -0.0079803466796875 0.00899219512939453
0.0642318725585938 -0.0448570251464844 -0.0226688385009766 0.00124931335449218
0.0825424194335938 0.0071258544921875 -0.0319366455078125 -0.0052032470703125
0.0863189697265625 0.0322647094726563 -0.031890869140625 -0.0172863006591797
0.0782470703125 0.0552291870117188 -0.00999450683593749 -0.0192203521728516
0.0670623779296875 0.0809097290039063 0.0311050415039063 -0.0543861389160156
0.0586128234863281 0.0601234436035156 0.0489997863769531 -0.0164794921875
0.0709304809570313 0.0466690063476563 0.0615081787109375 0.000442504882812503
0.07421875 0.0095367431640625 0.0718536376953125 -0.0166168212890625
0.0621566772460938 -0.0130386352539063 0.0584182739257813 -0.0251884460449219
0.042816162109375 -0.047027587890625 0.0475311279296875 -0.0402259826660156
0.0211563110351562 -0.06280517578125 0.0345458984375 -0.0389366149902344
0.0165634155273438 -0.0601997375488281 0.0237674713134766 -0.0220375061035156
0.0103683471679687 -0.07275390625 0.0250568389892578 -0.00594139099121094
0.0213851928710938 -0.0716094970703125 0.00981616973876953 0.0118827819824219
0.0536994934082031 -0.0633583068847656 -0.00594520568847656 0.0228023529052734
0.0760955810546875 -0.0434341430664063 -0.0183067321777344 0.00850105285644531
0.0923995971679688 0.0150299072265625 -0.0207710266113281 -0.000709533691406246
0.09222412109375 0.045196533203125 -0.00695705413818359 -0.0102615356445312
0.0779037475585937 0.0702972412109375 0.0168237686157227 0.00438880920410157
0.0577850341796875 0.0880203247070313 0.0511093139648438 -0.0218009948730469
0.0605850219726563 0.0731430053710938 0.0680961608886719 0.00627899169921875
0.080963134765625 0.0554656982421875 0.0687217712402344 0.00864791870117188
0.0875396728515625 0.0132980346679688 0.0695915222167969 -0.0100212097167969
0.0730743408203125 -0.01324462890625 0.0481109619140625 -0.0155754089355469
0.0544624328613281 -0.0501976013183594 0.0364646911621094 -0.0226554870605469
0.0340499877929688 -0.0652084350585938 0.0269737243652344 -0.0145416259765625
0.0299263000488281 -0.0610733032226563 0.0208091735839844 0.00168800354003906
0.0263519287109375 -0.07177734375 0.0238761901855469 0.0163478851318359
0.0346412658691406 -0.0650177001953125 0.00771141052246094 0.0286960601806641
0.063140869140625 -0.0511894226074219 -0.00593566894531249 0.0336856842041016
0.079345703125 -0.0295028686523437 -0.0154628753662109 0.0151691436767578
0.0869598388671875 0.0279006958007813 -0.0113143920898437 0.00212955474853516
0.0813980102539062 0.0562057495117188 0.0158758163452148 -0.001556396484375
0.0633926391601563 0.0774993896484375 0.0404853820800781 0.0306472778320313
0.040069580078125 0.07891845703125 0.0664253234863281 0.010162353515625
0.05010986328125 0.0691986083984375 0.08221435546875 0.0256805419921875
0.0731582641601563 0.0519943237304688 0.0718765258789062 0.014892578125
0.081695556640625 0.0133743286132813 0.0613441467285156 -0.00273513793945312
0.0680732727050781 -0.0101661682128906 0.0346527099609375 -0.00427627563476563
0.0560226440429688 -0.0438652038574219 0.0230369567871094 -0.00168037414550782
0.0396080017089844 -0.0568466186523438 0.0179061889648438 0.0123100280761719
0.0376358032226563 -0.0528907775878906 0.0142974853515625 0.0255184173583984
0.0391082763671875 -0.0611953735351563 0.0171661376953125 0.0371246337890625
0.04510498046875 -0.0486335754394531 0.000247955322265631 0.0429153442382813
0.0659141540527344 -0.0297393798828125 -0.0124740600585938 0.041351318359375
0.0736846923828125 -0.0092010498046875 -0.0159759521484375 0.0195446014404297
0.0691108703613281 0.0423126220703125 -0.00667858123779296 0.00559186935424805
0.0577125549316406 0.064208984375 0.0317039489746094 0.0103225708007813
0.0385208129882813 0.0766067504882813 0.0554389953613281 0.0586090087890625
0.0148582458496094 0.05560302734375 0.07366943359375 0.0338592529296875
0.0284423828125 0.0520553588867188 0.0875473022460937 0.037506103515625
0.0463714599609375 0.0389404296875 0.0686073303222656 0.0168533325195313
0.0554084777832031 0.0133514404296875 0.0505828857421875 0.00400543212890625
0.0479736328125 -0.0018463134765625 0.0229053497314453 0.00587272644042969
0.0467872619628906 -0.0263710021972656 0.0114374160766602 0.0162696838378906
0.0400543212890625 -0.0379829406738281 0.00869369506835938 0.0349617004394531
0.0404586791992188 -0.0362052917480469 0.00600814819335938 0.0450973510742188
0.0449905395507813 -0.0422744750976563 0.00473022460937501 0.0539512634277344
0.0484161376953125 -0.0278854370117188 -0.0140380859375 0.0519981384277344
0.0594711303710937 -0.00733184814453125 -0.0229835510253906 0.0437660217285156
0.0582618713378906 0.0113372802734375 -0.0210781097412109 0.0225505828857422
0.0432510375976563 0.0496978759765625 -0.00724220275878906 0.0102338790893555
0.0274467468261719 0.0639266967773438 0.0358695983886719 0.0249137878417969
0.00861740112304688 0.0647087097167969 0.0596542358398437 0.0838623046875
-0.0149726867675781 0.0259933471679688 0.0711669921875 0.0448532104492188
-0.00212287902832031 0.0296306610107422 0.0848159790039063 0.0406646728515625
0.00940895080566406 0.0236892700195313 0.0608100891113281 0.0145187377929687
0.0191612243652344 0.0167140960693359 0.0404739379882813 0.008026123046875
0.0211677551269531 0.0119438171386719 0.0145578384399414 0.00963973999023437
0.032745361328125 -0.000902175903320312 0.00253868103027344 0.0274257659912109
0.035858154296875 -0.0121879577636719 -5.34057617187436E-05 0.0482826232910156
0.0365486145019531 -0.0143470764160156 -0.00374984741210937 0.0569877624511719
0.0428733825683594 -0.0182914733886719 -0.0107879638671875 0.0650672912597656
0.0422286987304688 -0.00780105590820313 -0.0294837951660156 0.0563507080078125
0.04376220703125 0.0100479125976562 -0.0354232788085938 0.0426559448242188
0.0371475219726563 0.021148681640625 -0.0292320251464844 0.0238246917724609
0.0175247192382812 0.0446510314941406 -0.0140190124511719 0.0152053833007813
-0.00156402587890625 0.050933837890625 0.0279083251953125 0.0386123657226563
-0.0196266174316406 0.0424270629882813 0.05059814453125 0.102836608886719
0.0457839965820313 -0.01080322265625 -0.0514907836914063 -0.105964660644531
0.0138034820556641 -0.0289840698242188 -0.0223731994628906 -0.0494766235351562
-0.00215530395507812 -0.0264072418212891 0.0230522155761719 -0.0132884979248047
-0.0153141021728516 -0.0192737579345703 0.0477180480957031 -0.0230255126953125
-0.0168161392211914 -0.0127086639404297 0.0546455383300781 -0.0403213500976562
-0.0281734466552734 -0.00431251525878907 0.0415153503417969 -0.0674476623535156
-0.0310592651367187 -0.00340270996093751 0.0189743041992187 -0.0813674926757813
-0.0291671752929688 -0.00527763366699218 0.00681686401367187 -0.06781005859375
-0.0330181121826172 -0.00864410400390625 0.000114440917968742 -0.0536537170410156
-0.0225448608398438 -0.0219783782958984 -0.00369071960449219 -0.0322551727294922
-0.00675392150878906 -0.0317134857177734 -0.0172786712646484 -0.013737678527832
0.00993728637695313 -0.0287418365478516 -0.0354537963867188 -0.0106239318847656
0.0274715423583984 -0.0169429779052734 -0.0575180053710938 -0.0163650512695312
0.0376167297363281 -0.0109710693359375 -0.082122802734375 -0.0293502807617188
0.0480995178222656 -0.00159072875976563 -0.0657539367675781 -0.0488243103027344
0.0656890869140625 0.0248069763183594 -0.0271682739257812 -0.105308532714844
0.0353126525878906 0.000244140625 -0.000858306884765624 -0.0509262084960937
0.0248584747314453 -0.0026702880859375 0.0360221862792969 -0.0148086547851563
0.0155458450317383 -0.0110311508178711 0.0587081909179687 -0.024871826171875
0.0108804702758789 -0.014256477355957 0.0619087219238281 -0.0392913818359375
-0.00494194030761719 -0.0227508544921875 0.0511589050292969 -0.0658912658691406
-0.0163478851318359 -0.0301589965820313 0.0284271240234375 -0.0787200927734375
-0.0170326232910156 -0.0308208465576172 0.0141067504882813 -0.0630340576171875
-0.0233650207519531 -0.0393943786621094 0.00887298583984375 -0.0472488403320313
-0.0102996826171875 -0.0491409301757813 0.0010223388671875 -0.0246143341064453
0.0169105529785156 -0.0537605285644531 -0.0129423141479492 -0.0058135986328125
0.0404701232910156 -0.0435333251953125 -0.0297298431396484 -0.0063018798828125
0.06231689453125 -0.0079345703125 -0.0455207824707031 -0.0101089477539062
0.0719833374023438 0.009063720703125 -0.0623321533203125 -0.0234870910644531
0.0741424560546875 0.027557373046875 -0.0450973510742187 -0.0396842956542969
0.0766830444335938 0.05712890625 -0.000610351562500003 -0.0896453857421875
0.0535240173339844 0.0335273742675781 0.0228652954101563 -0.0412750244140625
0.0538558959960938 0.0238265991210938 0.0497207641601562 -0.0108222961425781
0.0492706298828125 -0.00078582763671875 0.0682792663574219 -0.0254364013671875
0.0405960083007813 -0.01483154296875 0.0642852783203125 -0.0367393493652344
0.0205879211425781 -0.0400352478027344 0.0529556274414063 -0.0600013732910156
0.000896453857421878 -0.0528678894042969 0.0321273803710938 -0.0670623779296875
-0.00225448608398438 -0.0521507263183594 0.0191383361816406 -0.0484580993652344
-0.010772705078125 -0.0640068054199219 0.0174655914306641 -0.0321559906005859
0.00240325927734375 -0.0696258544921875 0.00580787658691406 -0.0101890563964844
0.035400390625 -0.0690536499023438 -0.00849199295043945 0.00693988800048828
0.0622711181640625 -0.0533485412597656 -0.0243167877197266 -5.7220458984416E-06
0.08770751953125 -0.00138092041015625 -0.0334205627441406 -0.00535011291503906
0.0948410034179688 0.0243606567382812 -0.0365829467773437 -0.0179519653320312
0.0890350341796875 0.0506210327148437 -0.0164508819580078 -0.0231094360351562
0.0791244506835938 0.080902099609375 0.0267906188964844 -0.0625953674316406
0.0673561096191406 0.0593719482421875 0.0472450256347656 -0.0225868225097656
0.0799636840820313 0.0443572998046875 0.0624313354492188 -0.00362014770507812
0.0792770385742188 0.004302978515625 0.0727615356445313 -0.022674560546875
0.0654945373535156 -0.0181655883789063 0.0595245361328125 -0.0307044982910156
0.0414695739746094 -0.0531959533691406 0.0469284057617188 -0.0470771789550781
0.0170059204101563 -0.068695068359375 0.0312385559082031 -0.0458602905273438
0.012725830078125 -0.0654754638671875 0.0213966369628906 -0.0267753601074219
0.0045623779296875 -0.0781021118164063 0.0232830047607422 -0.0114917755126953
0.015869140625 -0.0775375366210937 0.00958728790283203 0.00799369812011718
0.05072021484375 -0.0723876953125 -0.00478744506835937 0.0205879211425781
0.0759124755859375 -0.0538711547851563 -0.019317626953125 0.00719451904296875
0.0998382568359375 0.0070648193359375 -0.0222511291503906 -0.00199127197265625
0.102577209472656 0.0380859375 -0.00970077514648437 -0.0129785537719727
0.0904083251953125 0.0680465698242188 0.0144691467285156 -0.0012969970703125
0.0706405639648438 0.0896072387695313 0.0519447326660156 -0.0286445617675781
0.0710601806640625 0.0734481811523438 0.0697593688964844 -0.000244140624999995
0.0924453735351563 0.0532302856445312 0.0713729858398438 0.0040283203125
0.0953903198242188 0.0059814453125 0.0703964233398438 -0.0157546997070313
0.0771484375 -0.0203704833984375 0.0488510131835938 -0.0191459655761719
0.0536575317382813 -0.0588264465332031 0.0362586975097656 -0.0271644592285156
0.0299072265625 -0.0735092163085938 0.0254306793212891 -0.0187053680419922
0.0258445739746094 -0.068634033203125 0.01959228515625 -0.000591278076171879
0.0207977294921875 -0.0801467895507813 0.0240116119384766 0.0127277374267578
0.03082275390625 -0.0727157592773438 0.00814628601074219 0.0264892578125
0.0625991821289063 -0.0613632202148437 -0.00503921508789062 0.0328140258789062
0.0815582275390625 -0.0405426025390625 -0.0161495208740234 0.0136222839355469
0.0963668823242188 0.0217056274414063 -0.0117053985595703 0.00038433074951172
0.0940475463867188 0.0529098510742188 0.0159034729003906 -0.00628089904785156
0.0766372680664063 0.0785369873046875 0.042449951171875 0.0255355834960938
0.050933837890625 0.082183837890625 0.0718841552734375 0.00380706787109375
0.0607757568359375 0.0711135864257813 0.0873870849609375 0.0193328857421875
0.084381103515625 0.050079345703125 0.074859619140625 0.0099945068359375
0.0891189575195313 0.005615234375 0.0626792907714844 -0.006927490234375
0.073150634765625 -0.01788330078125 0.0358619689941406 -0.00600433349609375
0.0548515319824219 -0.0532150268554688 0.0235061645507813 -0.00366020202636719
0.036376953125 -0.0664939880371094 0.01861572265625 0.010955810546875
0.0348014831542969 -0.0616989135742188 0.0155773162841797 0.0255832672119141
0.034088134765625 -0.0707321166992188 0.01861572265625 0.036163330078125
0.0431365966796875 -0.0576095581054688 0.000743865966796876 0.0426254272460938
0.0682144165039063 -0.0401496887207031 -0.0109100341796875 0.0412254333496094
0.0790328979492188 -0.01776123046875 -0.0162734985351563 0.0183658599853516
0.0796279907226563 0.0390548706054688 -0.00616645812988281 0.00366735458374024
0.0700912475585938 0.0645942687988281 0.0336074829101563 0.00498008728027344
0.0502853393554688 0.0806732177734375 0.0622444152832031 0.0539474487304688
0.0218734741210937 0.0608978271484375 0.0827178955078125 0.02899169921875
0.0361480712890625 0.0554389953613281 0.0959243774414063 0.031829833984375
0.0555152893066406 0.0390701293945313 0.0720367431640625 0.0118408203125
0.0627212524414063 0.00799179077148438 0.0519447326660156 0.000888824462890626
0.0526542663574219 -0.0074005126953125 0.0234031677246094 0.00554466247558594
0.0470085144042969 -0.0349807739257812 0.012812614440918 0.0171308517456055
0.038330078125 -0.0470428466796875 0.0120048522949219 0.0361976623535156
0.0382461547851563 -0.0447311401367188 0.00858306884765625 0.0475730895996094
0.0420951843261719 -0.052001953125 0.00737762451171876 0.0561141967773437
0.0481681823730469 -0.0369834899902344 -0.0128288269042969 0.0542411804199219
0.0635604858398438 -0.0159759521484375 -0.0218696594238281 0.0453414916992188
0.0652542114257813 0.00454330444335938 -0.0208683013916016 0.0222263336181641
0.053375244140625 0.0496253967285156 -0.006378173828125 0.00941753387451172
0.0377006530761719 0.0667877197265625 0.0402069091796875 0.0211563110351563
0.0175323486328125 0.0706253051757813 0.0691680908203125 0.0818405151367187
-0.0117912292480469 0.0318317413330078 0.0818634033203125 0.0421218872070313
0.00252151489257813 0.0336837768554688 0.0938491821289062 0.0366668701171875
0.0149402618408203 0.0263252258300781 0.0644950866699219 0.0107803344726563
0.0247383117675781 0.0145893096923828 0.0421714782714844 0.00602340698242188
0.0253200531005859 0.00945854187011719 0.0151071548461914 0.0112791061401367
0.0342025756835938 -0.00712776184082031 0.004638671875 0.0302524566650391
0.0361976623535156 -0.0192642211914063 0.00491714477539063 0.053131103515625
0.0357742309570313 -0.021575927734375 0.00061798095703125 0.0617485046386719
0.0419998168945313 -0.0274162292480469 -0.0070648193359375 0.0701828002929688
0.0427818298339844 -0.0155029296875 -0.0286216735839844 0.0610198974609375
0.0479240417480469 0.00286102294921875 -0.0352592468261719 0.046112060546875
0.0433807373046875 0.0175628662109375 -0.0291919708251953 0.0247879028320313
0.0254249572753906 0.0463409423828125 -0.0127487182617188 0.0160064697265625
0.00523757934570313 0.0555572509765625 0.0339088439941406 0.0374526977539063
-0.0150642395019531 0.0491790771484375 0.0623703002929687 0.103240966796875
0.0444297790527344 -0.0172348022460938 -0.063690185546875 -0.104331970214844
0.00919151306152344 -0.0312061309814453 -0.0292892456054687 -0.0478973388671875
-0.00688934326171875 -0.0266742706298828 0.0215415954589844 -0.0144691467285156
-0.0188713073730469 -0.0168247222900391 0.0471076965332031 -0.0259780883789063
-0.0185909271240234 -0.00959205627441406 0.0533370971679688 -0.0455245971679687
-0.0279788970947266 0.000301361083984379 0.0382537841796875 -0.0729827880859375
-0.0303440093994141 0.000911712646484381 0.0119705200195313 -0.0862045288085938
-0.0280570983886719 -0.00046920776367188 0.000236511230468751 -0.0716781616210938
-0.0331325531005859 -0.003631591796875 -0.00582885742187501 -0.0566215515136719
-0.0249290466308594 -0.0178623199462891 -0.00687789916992188 -0.0349197387695313
-0.0106277465820312 -0.0290317535400391 -0.0186882019042969 -0.0146808624267578
0.004974365234375 -0.0290908813476562 -0.0365638732910156 -0.00925445556640625
0.0241146087646484 -0.0217437744140625 -0.0591926574707031 -0.012939453125
0.035797119140625 -0.0171661376953125 -0.0882492065429688 -0.02325439453125
0.0479698181152344 -0.00856781005859375 -0.076171875 -0.0456924438476563
0.0685310363769531 0.018463134765625 -0.0399169921875 -0.106269836425781
0.0349006652832031 -0.00325584411621094 -0.00783538818359375 -0.0520706176757812
0.0246753692626953 -0.00438690185546875 0.0343990325927734 -0.0169734954833984
0.0141220092773438 -0.0111637115478516 0.0577888488769531 -0.0300254821777344
0.0102624893188477 -0.0141878128051758 0.0603866577148437 -0.0450668334960938
-0.00583457946777344 -0.0210666656494141 0.0467453002929688 -0.0729751586914062
-0.0185680389404297 -0.0282497406005859 0.0212554931640625 -0.0849227905273438
-0.0187416076660156 -0.0289974212646484 0.00740432739257813 -0.067626953125
-0.0266036987304688 -0.0367279052734375 0.00250244140624999 -0.0519866943359375
-0.0148544311523437 -0.0479660034179688 -0.00227737426757813 -0.0281944274902344
0.0105972290039063 -0.0548439025878906 -0.0143222808837891 -0.00717449188232422
0.0353584289550781 -0.0475273132324219 -0.0310401916503906 -0.00620079040527344
0.0620956420898438 -0.0156211853027344 -0.0470123291015625 -0.008331298828125
0.073638916015625 0.0001220703125 -0.0675735473632813 -0.0208320617675781
0.0785675048828125 0.0190811157226563 -0.0538063049316406 -0.0391082763671875
0.0841751098632812 0.0518264770507813 -0.0110855102539062 -0.093231201171875
0.0572700500488281 0.0293197631835937 0.0168724060058594 -0.0446090698242187
0.0574951171875 0.0207061767578125 0.048492431640625 -0.0144500732421875
0.0502166748046875 -0.00469970703125 0.0669898986816406 -0.0310211181640625
0.0412521362304688 -0.0183029174804687 0.0627098083496094 -0.0425224304199219
0.0180130004882813 -0.0418014526367188 0.0482826232910156 -0.0670280456542969
-0.00324630737304687 -0.0542335510253906 0.0256118774414062 -0.0734024047851563
-0.00648117065429687 -0.0531005859375 0.0132942199707031 -0.0526809692382813
-0.0164299011230469 -0.0639533996582031 0.0119552612304688 -0.0372657775878906
-0.00416183471679688 -0.0697975158691406 0.00343513488769531 -0.0137186050415039
0.0289840698242187 -0.0736312866210938 -0.00905323028564453 0.00472259521484375
0.057525634765625 -0.0610198974609375 -0.0254631042480469 2.86102294921827E-05
0.0895156860351563 -0.0108413696289063 -0.0347366333007812 -0.00447845458984375
0.0994110107421875 0.0144271850585938 -0.0413131713867187 -0.0172882080078125
0.0971527099609375 0.042510986328125 -0.0234813690185547 -0.0249423980712891
0.0890960693359375 0.07684326171875 0.0197410583496094 -0.06805419921875
0.0751953125 0.0557632446289063 0.0436515808105469 -0.0277748107910156
0.0875015258789063 0.0387649536132813 0.0619621276855469 -0.0082550048828125
0.0820770263671875 -0.00251007080078125 0.0711746215820313 -0.0283279418945312
0.0661659240722656 -0.024810791015625 0.0574874877929688 -0.0356178283691406
0.0384902954101563 -0.05828857421875 0.0430831909179688 -0.0531501770019531
0.0113296508789063 -0.0728759765625 0.0257606506347656 -0.0517463684082031
0.00689697265625 -0.0687789916992188 0.0171165466308594 -0.0299072265625
-0.00330352783203125 -0.0809249877929688 0.0196590423583984 -0.0159759521484375
0.00878143310546875 -0.0805435180664063 0.00791311264038086 0.00475072860717773
0.0443267822265625 -0.0794219970703125 -0.00441169738769531 0.0181045532226562
0.0718994140625 -0.0627365112304688 -0.0203495025634766 0.00670814514160156
0.103401184082031 -0.00293731689453125 -0.0225887298583984 -0.00299835205078125
0.109970092773438 0.0289306640625 -0.0125207901000977 -0.015233039855957
0.100624084472656 0.0611953735351562 0.0106649398803711 -0.00570487976074218
0.0819473266601562 0.0873794555664063 0.0492324829101563 -0.0356674194335937
0.0812454223632813 0.07000732421875 0.0690498352050781 -0.00718307495117187
0.102203369140625 0.0465850830078125 0.0714187622070313 -0.00121307373046875
0.0993118286132813 -0.0032806396484375 0.0689277648925781 -0.0213394165039063
0.07916259765625 -0.0285110473632812 0.0480728149414063 -0.0228843688964844
0.049774169921875 -0.0662765502929688 0.0340652465820313 -0.0315227508544922
0.0228729248046875 -0.079681396484375 0.0230464935302734 -0.0220794677734375
0.01953125 -0.0743789672851563 0.0177764892578125 -0.00279998779296876
0.0119857788085938 -0.0857772827148438 0.0230331420898438 0.00874328613281249
0.0237274169921875 -0.0784378051757813 0.00867843627929687 0.0242900848388672
0.05804443359375 -0.0704879760742187 -0.004150390625 0.0306873321533203
0.0802764892578125 -0.05078125 -0.0164604187011719 0.0127534866333008
0.103004455566406 0.0130996704101563 -0.0126333236694336 -0.0014657974243164
0.103103637695313 0.0455856323242188 0.0138568878173828 -0.0105466842651367
0.0884857177734375 0.0743637084960938 0.0426368713378906 0.0193901062011719
0.0620346069335937 0.0814208984375 0.07391357421875 -0.00366973876953125
0.070526123046875 0.0683517456054687 0.0900039672851562 0.01190185546875
0.0936660766601562 0.0438003540039062 0.0757827758789063 0.00402069091796875
0.093505859375 -0.00377655029296875 0.0618171691894531 -0.0114059448242188
0.0744094848632812 -0.026214599609375 0.0355262756347656 -0.00784683227539063
0.0507736206054688 -0.0613479614257813 0.0232563018798828 -0.00574493408203125
0.029632568359375 -0.0735931396484375 0.0190029144287109 0.00950431823730468
0.0283851623535156 -0.0683441162109375 0.0165252685546875 0.0245189666748047
0.0264434814453125 -0.0777130126953125 0.0199489593505859 0.0340290069580078
0.0374908447265625 -0.06512451171875 0.00220489501953126 0.0417098999023437
0.065826416015625 -0.0494384765625 -0.00939941406249999 0.0406074523925781
0.0801010131835938 -0.02801513671875 -0.0165767669677734 0.0178413391113281
0.087860107421875 0.03253173828125 -0.00612449645996093 0.00163555145263672
0.080596923828125 0.0599517822265625 0.034322738647461 0.000125885009765629
0.0619583129882813 0.0795745849609375 0.0662765502929688 0.0474967956542969
0.0305747985839844 0.0625572204589844 0.0887298583984375 0.0214614868164063
0.0443801879882813 0.0551834106445313 0.100898742675781 0.0239105224609375
0.0634765625 0.0361099243164063 0.0733489990234375 0.006317138671875
0.066864013671875 0.00113677978515625 0.0520706176757813 -0.002288818359375
0.0547256469726562 -0.0140800476074219 0.0242767333984375 0.0050506591796875
0.0444145202636719 -0.0425949096679688 0.0141115188598633 0.0170536041259766
0.0329475402832031 -0.0547561645507812 0.0150337219238281 0.0365943908691406
0.0335807800292969 -0.0514450073242188 0.0125236511230469 0.0484046936035156
0.0363693237304687 -0.0601730346679688 0.0107841491699219 0.0562858581542969
0.0446205139160156 -0.0446968078613281 -0.0106735229492187 0.0559730529785156
0.064056396484375 -0.0248947143554688 -0.0205459594726562 0.0462989807128906
0.0684394836425781 -0.00426101684570313 -0.0206985473632812 0.0224571228027344
0.0624046325683594 0.0459327697753906 -0.00549077987670898 0.00827550888061524
0.0477981567382813 0.0658836364746094 0.0430259704589844 0.0156364440917969
0.0270614624023438 0.0732574462890625 0.0769882202148438 0.0757064819335938
-0.00698089599609375 0.0361366271972656 0.0904617309570313 0.0359039306640625
0.00789642333984375 0.0367355346679688 0.100090026855469 0.0287704467773438
0.0207996368408203 0.0272369384765625 0.0656623840332031 0.00571060180664063
0.0292682647705078 0.0118732452392578 0.0424690246582031 0.00408554077148438
0.0280284881591797 0.00559425354003906 0.0155544281005859 0.0122003555297852
0.0344963073730469 -0.0132656097412109 0.00789642333984375 0.0319309234619141
0.0336856842041016 -0.0261325836181641 0.0101814270019531 0.0546531677246094
0.0331630706787109 -0.0274505615234375 0.00651931762695313 0.0638160705566406
0.0378799438476562 -0.0345115661621094 -0.00230407714843749 0.0723648071289063
0.0411148071289063 -0.0221214294433594 -0.0261650085449219 0.0647621154785156
0.0503768920898438 -0.00421524047851563 -0.0333824157714844 0.0487136840820313
0.0474205017089844 0.0111312866210937 -0.0283718109130859 0.0261402130126953
0.0331840515136719 0.0452194213867188 -0.0111064910888672 0.0160427093505859
0.0132713317871094 0.0578765869140625 0.0386085510253906 0.0339927673339844
-0.00813674926757812 0.0538597106933594 0.0735931396484375 0.0993270874023438
0.0416412353515625 -0.0214500427246094 -0.0720596313476562 -0.0997848510742188
0.0049285888671875 -0.0316238403320313 -0.0342369079589844 -0.0448188781738281
-0.0108318328857422 -0.0256710052490234 0.0200099945068359 -0.0145702362060547
-0.0210952758789063 -0.0139713287353516 0.0457725524902344 -0.0282516479492188
-0.0192527770996094 -0.00656890869140625 0.0512619018554688 -0.048797607421875
-0.0264434814453125 0.00400161743164063 0.0342559814453125 -0.0760498046875
-0.0288505554199219 0.00408554077148438 0.00563812255859374 -0.0882110595703125
-0.0265331268310547 0.00226402282714844 -0.0061187744140625 -0.0731735229492187
-0.0313053131103516 0.000694274902343756 -0.0115547180175781 -0.0579452514648438
-0.0252571105957031 -0.01422119140625 -0.00968170166015625 -0.0366439819335938
-0.0137405395507812 -0.0259857177734375 -0.0203590393066406 -0.0154018402099609
0.00103950500488281 -0.0284786224365234 -0.0368804931640625 -0.00848770141601562
0.0206165313720703 -0.02471923828125 -0.0592002868652344 -0.0103340148925781
0.0330848693847656 -0.0219707489013672 -0.0911941528320312 -0.0176162719726563
0.046173095703125 -0.0142021179199219 -0.0827178955078125 -0.0409011840820313
0.0693855285644531 0.0128097534179687 -0.0491180419921875 -0.104026794433594
0.0330066680908203 -0.00547599792480469 -0.01416015625 -0.0508079528808594
0.0237293243408203 -0.00592422485351563 0.0324268341064453 -0.0177345275878906
0.0126247406005859 -0.0108461380004883 0.0556640625 -0.0326919555664063
0.00968360900878906 -0.0136651992797852 0.0577011108398438 -0.0482559204101563
-0.00618553161621093 -0.0198516845703125 0.042449951171875 -0.0767440795898438
-0.0191173553466797 -0.0265598297119141 0.0145034790039063 -0.0877609252929688
-0.0195159912109375 -0.0270290374755859 0.000823974609375003 -0.0688018798828125
-0.0281772613525391 -0.0336036682128906 -0.003326416015625 -0.0537834167480469
-0.017852783203125 -0.0449714660644531 -0.00575637817382813 -0.0304203033447266
0.00592422485351563 -0.05426025390625 -0.0156545639038086 -0.00875091552734376
0.0298652648925781 -0.0497169494628906 -0.0318870544433594 -0.00570869445800782
0.0594520568847656 -0.0214042663574219 -0.0474662780761719 -0.00672912597656249
0.0725631713867188 -0.0074920654296875 -0.0708847045898437 -0.016845703125
0.0798873901367188 0.0118255615234375 -0.0612106323242187 -0.03631591796875
0.08837890625 0.0458984375 -0.0195846557617187 -0.0937423706054687
0.0592803955078125 0.0255699157714844 0.0107345581054687 -0.0455665588378906
0.0594215393066406 0.0168571472167969 0.0462417602539063 -0.0162811279296875
0.0499534606933594 -0.00751495361328125 0.0641937255859375 -0.0342216491699219
0.0409355163574219 -0.0204658508300781 0.0600700378417969 -0.0461883544921875
0.0163345336914063 -0.0424919128417969 0.04388427734375 -0.0708694458007813
-0.00684356689453124 -0.0541534423828125 0.0188064575195312 -0.0763397216796875
-0.00930404663085937 -0.052703857421875 0.00732803344726562 -0.05450439453125
-0.0208549499511719 -0.0623207092285156 0.00623703002929688 -0.0400772094726563
-0.00912094116210938 -0.0690765380859375 0.000185012817382812 -0.0166301727294922
0.0226211547851563 -0.0750656127929688 -0.0103635787963867 0.00252819061279296
0.0514793395996094 -0.0650672912597656 -0.0265636444091797 -0.000333786010742194
0.0881423950195313 -0.0188064575195313 -0.0345573425292969 -0.00465202331542969
0.100822448730469 0.00574493408203125 -0.0448455810546875 -0.0164146423339844
0.101272583007812 0.0343399047851563 -0.0300407409667969 -0.0251960754394531
0.0957107543945313 0.0708847045898438 0.0130538940429688 -0.0705184936523438
0.0797958374023438 0.0509567260742188 0.0386161804199219 -0.0308265686035156
0.091949462890625 0.0325164794921875 0.0598869323730469 -0.0109443664550781
0.0829925537109375 -0.00848388671875 0.0682525634765625 -0.0323600769042969
0.0662574768066406 -0.0292739868164062 0.0554237365722656 -0.038787841796875
0.0343666076660156 -0.0613784790039063 0.0393600463867188 -0.0566215515136719
0.00519561767578125 -0.0744094848632813 0.0204277038574219 -0.0536613464355469
0.00254058837890625 -0.0699386596679688 0.0127468109130859 -0.0314064025878906
-0.0103759765625 -0.0809173583984375 0.0155563354492188 -0.0190944671630859
0.00264739990234375 -0.0811767578125 0.00574445724487305 0.00199079513549804
0.037841796875 -0.0831527709960938 -0.0052652359008789 0.0156822204589844
0.06622314453125 -0.0692901611328125 -0.0209712982177734 0.00587272644042969
0.103904724121094 -0.0115509033203125 -0.0234489440917969 -0.00385093688964844
0.113388061523438 0.0197677612304688 -0.0163106918334961 -0.0162210464477539
0.107086181640625 0.0541458129882813 0.00631237030029298 -0.00803375244140625
0.0903396606445313 0.0819091796875 0.0459403991699219 -0.0404510498046875
0.08758544921875 0.0643692016601563 0.0658760070800781 -0.012176513671875
0.108039855957031 0.0396041870117188 0.0698051452636719 -0.00474929809570312
0.09979248046875 -0.011199951171875 0.0661964416503906 -0.024139404296875
0.07843017578125 -0.0345687866210938 0.0459365844726563 -0.0253143310546875
0.0448989868164062 -0.0704727172851563 0.0310878753662109 -0.0338497161865235
0.0157699584960938 -0.0833282470703125 0.0200729370117187 -0.0242443084716797
0.013702392578125 -0.0764694213867188 0.0160636901855469 -0.00378799438476563
0.004608154296875 -0.088043212890625 0.0207996368408203 0.00589561462402343
0.01763916015625 -0.0811614990234375 0.00735855102539063 0.0216102600097656
0.0519638061523437 -0.0762100219726562 -0.00380134582519531 0.0285415649414063
0.0766754150390625 -0.0585556030273438 -0.0173377990722656 0.0119791030883789
0.10595703125 0.00460052490234375 -0.0133934020996094 -0.00319576263427734
0.108619689941406 0.0375289916992188 0.0113801956176758 -0.013728141784668
0.096221923828125 0.0686721801757813 0.0405731201171875 0.0144424438476563
0.070343017578125 0.0781631469726563 0.07354736328125 -0.010223388671875
0.077728271484375 0.0645599365234375 0.0893630981445313 0.00470733642578125
0.0999526977539063 0.0375747680664063 0.0748443603515625 0.000114440917968752
0.09429931640625 -0.0117721557617188 0.0596961975097656 -0.0142745971679688
0.0738067626953125 -0.032501220703125 0.0346755981445313 -0.00894737243652344
0.0458717346191406 -0.0665321350097656 0.0224285125732422 -0.00714683532714844
0.0224609375 -0.07757568359375 0.0186519622802734 0.00785064697265624
0.0228424072265625 -0.0719985961914063 0.0172672271728516 0.0241947174072266
0.0186691284179688 -0.0817337036132813 0.0200424194335937 0.0318069458007812
0.0318183898925781 -0.0692367553710938 0.00210189819335938 0.04071044921875
0.0614051818847656 -0.0567741394042969 -0.00896072387695313 0.0394744873046875
0.0785751342773438 -0.0362319946289063 -0.0171136856079102 0.0173320770263672
0.0928573608398438 0.0255889892578125 -0.00693988800048828 2.86102294921879E-06
0.0876922607421875 0.0540618896484375 0.0329856872558594 -0.0048065185546875
0.0702285766601563 0.07623291015625 0.0671310424804688 0.0409774780273438
0.03778076171875 0.06182861328125 0.09185791015625 0.014801025390625
0.0504379272460937 0.0530166625976562 0.1026611328125 0.0163421630859375
0.0694694519042969 0.0317153930664062 0.0726776123046875 0.00205230712890625
0.0687026977539063 -0.00490951538085938 0.0510940551757813 -0.004302978515625
0.0550651550292969 -0.0199928283691406 0.0238685607910156 0.00541496276855469
0.0402336120605469 -0.0479545593261719 0.0158119201660156 0.0175352096557617
0.0270538330078125 -0.058685302734375 0.0179557800292969 0.0360107421875
0.0282516479492187 -0.0560111999511719 0.0154151916503906 0.0482711791992187
0.0294265747070313 -0.0648994445800781 0.0135841369628906 0.0551528930664062
0.0393180847167969 -0.0499000549316406 -0.00886154174804687 0.0563011169433594
0.061798095703125 -0.0326995849609375 -0.018798828125 0.0463714599609375
0.0695762634277344 -0.0120277404785156 -0.0206813812255859 0.0218524932861328
0.0684318542480469 0.0410537719726563 -0.00530385971069336 0.0070791244506836
0.0556564331054688 0.0632591247558594 0.0439033508300781 0.0111541748046875
0.0356521606445313 0.0723800659179687 0.0810089111328125 0.0690765380859375
-0.0024871826171875 0.0378189086914063 0.096405029296875 0.0292739868164063
0.0128631591796875 0.0374794006347656 0.103279113769531 0.0214462280273438
0.0258121490478516 0.0262222290039063 0.0655860900878906 0.00218963623046875
0.0320301055908203 0.00822830200195313 0.0424041748046875 0.00302505493164063
0.0293960571289063 0.00146484375 0.016688346862793 0.0126495361328125
0.0322208404541016 -0.0180091857910156 0.0107975006103516 0.0327568054199219
0.0301055908203125 -0.0304527282714844 0.0151214599609375 0.0550956726074219
0.0294322967529297 -0.0314865112304688 0.01129150390625 0.0644950866699219
0.032806396484375 -0.0391464233398437 0.00292205810546875 0.0726852416992188
0.0382423400878906 -0.0273323059082031 -0.0233612060546875 0.0668830871582031
0.0495414733886719 -0.0108375549316406 -0.031768798828125 0.0500221252441406
0.0496330261230469 0.00545120239257813 -0.0277805328369141 0.0262565612792969
0.0387191772460937 0.0425834655761719 -0.0102548599243164 0.0151920318603516
0.0203514099121094 0.0572967529296875 0.0416030883789063 0.0300369262695313
-0.00209045410156251 0.0554656982421875 0.0804519653320313 0.092926025390625
0.0385208129882813 -0.0242652893066406 -0.078033447265625 -0.0962371826171875
0.00142478942871094 -0.0318698883056641 -0.0377044677734375 -0.0422019958496094
-0.0131435394287109 -0.0246562957763672 0.0193920135498047 -0.0142879486083984
-0.0220680236816406 -0.0109844207763672 0.0449104309082031 -0.0295486450195313
-0.0194263458251953 -0.00436592102050781 0.0495758056640625 -0.0507621765136719
-0.0249786376953125 0.00624656677246094 0.031585693359375 -0.0777206420898438
-0.0270519256591797 0.00691413879394531 0.00122833251953125 -0.0895767211914062
-0.0250205993652344 0.00408935546875 -0.0106201171875 -0.0737075805664063
-0.0294628143310547 0.00290107727050781 -0.01593017578125 -0.0582733154296875
-0.0247478485107422 -0.0111408233642578 -0.0126075744628906 -0.0383720397949219
-0.0149288177490234 -0.0236110687255859 -0.0212612152099609 -0.0163764953613281
-0.00176620483398438 -0.0275516510009766 -0.0376205444335938 -0.00820541381835937
0.0170402526855469 -0.0262966156005859 -0.0592880249023437 -0.00917816162109376
0.0301246643066406 -0.0250816345214844 -0.09271240234375 -0.0137100219726562
0.0441741943359375 -0.0180130004882813 -0.087921142578125 -0.0373306274414062
0.0692787170410156 0.00919342041015625 -0.0558319091796875 -0.102035522460937
0.0316333770751953 -0.00621223449707031 -0.0185775756835937 -0.0495109558105469
0.0225601196289063 -0.00631904602050781 0.0310420989990234 -0.0181980133056641
0.0118341445922852 -0.0101909637451172 0.0538482666015625 -0.033721923828125
0.00981330871582031 -0.013148307800293 0.0562820434570313 -0.0507354736328125
-0.00567054748535156 -0.0184879302978516 0.03900146484375 -0.0792312622070313
-0.0198154449462891 -0.0249290466308594 0.00900268554687499 -0.0895843505859375
-0.0193386077880859 -0.0262680053710938 -0.00364303588867187 -0.0696182250976563
-0.0283336639404297 -0.0316162109375 -0.00844955444335938 -0.0545921325683594
-0.0192604064941406 -0.042816162109375 -0.00852775573730469 -0.0323200225830078
0.00289154052734374 -0.052978515625 -0.0169696807861328 -0.0106115341186523
0.0261383056640625 -0.0503273010253906 -0.0323104858398437 -0.0059642791748047
0.0572929382324219 -0.0249519348144531 -0.0473785400390625 -0.00663375854492187
0.070831298828125 -0.0125579833984375 -0.0734939575195313 -0.0143661499023437
0.0798873901367188 0.00652313232421875 -0.0668373107910156 -0.034149169921875
0.0903472900390625 0.041229248046875 -0.0258407592773437 -0.092926025390625
0.0603790283203125 0.0234756469726563 0.00593566894531251 -0.0455474853515625
0.0612030029296875 0.0139617919921875 0.044769287109375 -0.0168228149414063
0.0496826171875 -0.00924301147460938 0.0623130798339844 -0.0357208251953125
0.0410003662109375 -0.0223922729492188 0.0581321716308594 -0.0484199523925781
0.0150299072265625 -0.0432281494140625 0.040283203125 -0.0735855102539063
-0.00921630859375 -0.053985595703125 0.014068603515625 -0.0778961181640625
-0.0111579895019531 -0.0526008605957031 0.00322341918945312 -0.0549354553222656
-0.0236587524414062 -0.061065673828125 0.00152206420898437 -0.0410118103027344
-0.0121726989746094 -0.0675125122070313 -0.00246429443359375 -0.0182914733886719
0.0185089111328125 -0.0751419067382813 -0.0119361877441406 0.000710487365722649
0.0469894409179688 -0.0675430297851563 -0.0271968841552734 -0.00148582458496094
0.0869064331054688 -0.0238723754882813 -0.0356712341308594 -0.00516891479492187
0.100601196289063 -0.00118255615234375 -0.0478019714355469 -0.015289306640625
0.103141784667969 0.0284957885742188 -0.0351791381835937 -0.0246009826660156
0.1007080078125 0.0665817260742188 0.00773620605468751 -0.0711822509765625
0.0831527709960938 0.047882080078125 0.0341072082519531 -0.03192138671875
0.0948104858398438 0.02874755859375 0.0573844909667969 -0.0119400024414062
0.082550048828125 -0.0126724243164063 0.0662879943847656 -0.0333328247070313
0.0660820007324219 -0.0326194763183594 0.053741455078125 -0.0403327941894531
0.0321197509765625 -0.0631752014160156 0.0365333557128906 -0.0584983825683594
0.00115966796875001 -0.0750885009765625 0.0160942077636719 -0.0553359985351563
-0.001068115234375 -0.070892333984375 0.00951576232910156 -0.0321273803710938
-0.0148391723632812 -0.0809097290039063 0.0114555358886719 -0.0209293365478516
-0.001800537109375 -0.0813980102539063 0.00368928909301758 -4.91142272949269E-05
0.0324630737304688 -0.0849685668945312 -0.00665092468261718 0.0142440795898437
0.0626678466796875 -0.07293701171875 -0.0225372314453125 0.00493812561035156
0.104110717773438 -0.0179901123046875 -0.0238914489746094 -0.0047454833984375
0.115287780761719 0.0124740600585937 -0.0192356109619141 -0.0172386169433594
0.111045837402344 0.0482940673828125 0.00165843963623048 -0.00912857055664062
0.096282958984375 0.0780105590820313 0.04241943359375 -0.0432052612304687
0.0921401977539062 0.060638427734375 0.0632667541503906 -0.0151824951171875
0.111587524414062 0.0341110229492187 0.0680580139160156 -0.00632858276367187
0.100074768066406 -0.0173263549804688 0.0643653869628906 -0.0256156921386719
0.0780181884765625 -0.039520263671875 0.0451164245605469 -0.0257377624511719
0.0408401489257813 -0.0739212036132813 0.0290679931640625 -0.0350227355957031
0.010772705078125 -0.0846328735351563 0.0171051025390625 -0.0255241394042969
0.00939178466796875 -0.0786590576171875 0.0144071578979492 -0.00426387786865235
-0.00142669677734376 -0.0887908935546875 0.0184612274169922 0.00417518615722656
0.0124435424804687 -0.0824661254882813 0.00577163696289062 0.0203857421875
0.0475234985351563 -0.0798721313476562 -0.00485992431640625 0.0269966125488281
0.0729217529296875 -0.0636520385742188 -0.0182456970214844 0.0107307434082031
0.107757568359375 -0.0015106201171875 -0.0141839981079101 -0.00414180755615234
0.11212158203125 0.0306930541992188 0.00895023345947266 -0.0161113739013672
0.101631164550781 0.064544677734375 0.0380973815917969 0.0116386413574219
0.0763473510742188 0.0753097534179688 0.0728378295898438 -0.0139236450195312
0.08209228515625 0.060882568359375 0.087860107421875 0.000495910644531254
0.104133605957031 0.032989501953125 0.0733413696289063 -0.00214385986328125
0.095062255859375 -0.0175094604492188 0.0583229064941406 -0.0148429870605469
0.0736007690429688 -0.0376205444335938 0.0346717834472656 -0.00884056091308594
0.04217529296875 -0.0702629089355469 0.0215358734130859 -0.00769233703613282
0.0166702270507813 -0.0802841186523438 0.0182285308837891 0.00752639770507812
0.0180282592773438 -0.0740509033203125 0.0176601409912109 0.0237960815429687
0.012237548828125 -0.0836181640625 0.0195999145507812 0.0308704376220703
0.0268402099609375 -0.0716476440429688 0.00185012817382813 0.0397148132324219
0.0578231811523438 -0.0619163513183594 -0.00889968872070312 0.0383148193359375
0.076873779296875 -0.0421600341796875 -0.0177593231201172 0.0164165496826172
0.096588134765625 0.0198440551757813 -0.00687646865844726 -0.00142955780029297
0.0933456420898438 0.0493850708007813 0.0312709808349609 -0.00806808471679687
0.0767440795898438 0.0734024047851563 0.0665016174316406 0.0368194580078125
0.0427055358886719 0.0607833862304688 0.0935821533203125 0.00955963134765626
0.054962158203125 0.051116943359375 0.102874755859375 0.0116500854492188
0.0733108520507813 0.0282135009765625 0.072052001953125 -1.52587890624983E-05
0.0694236755371094 -0.00970840454101563 0.04998779296875 -0.0047149658203125
0.0549697875976562 -0.0241584777832031 0.0245819091796875 0.00554275512695312
0.0373878479003906 -0.0517463684082031 0.0167427062988281 0.0169925689697266
0.0221633911132813 -0.0616569519042969 0.0193290710449219 0.0358924865722656
0.0236434936523438 -0.0583686828613281 0.0178642272949219 0.0483436584472656
0.0236549377441406 -0.0672264099121094 0.0146598815917969 0.0547447204589844
0.0357208251953125 -0.0528564453125 -0.00893783569335937 0.0563697814941406
0.0591087341308594 -0.0382614135742188 -0.0185050964355469 0.0461006164550781
0.0689544677734375 -0.0171165466308594 -0.0210342407226562 0.0214328765869141
0.0731964111328125 0.0366744995117188 -0.00519371032714843 0.00552082061767578
0.0617561340332031 0.0602989196777344 0.0431938171386719 0.00727081298828125
0.0417861938476562 0.071441650390625 0.0823974609375 0.064239501953125
0.00162887573242188 0.0385322570800781 0.10003662109375 0.024139404296875
0.0166702270507813 0.0376968383789062 0.105567932128906 0.0167083740234375
0.0292110443115234 0.0250415802001953 0.0647506713867187 -0.000205993652343748
0.0337619781494141 0.00522994995117187 0.0420494079589844 0.00243377685546875
0.0307216644287109 -0.00153923034667969 0.0174922943115234 0.0141754150390625
0.0309009552001953 -0.0212078094482422 0.0130176544189453 0.0332889556884766
0.0263347625732422 -0.0334739685058594 0.0185089111328125 0.0552978515625
0.0258960723876953 -0.0342540740966797 0.0148696899414063 0.0643348693847656
0.02850341796875 -0.0419120788574219 0.00547027587890624 0.07354736328125
0.0349044799804688 -0.0309257507324219 -0.0218467712402344 0.0683860778808594
0.0482635498046875 -0.0157241821289063 -0.0307731628417969 0.0505638122558594
0.0500373840332031 0.0009765625 -0.0277690887451172 0.0258827209472656
0.0428352355957031 0.0402069091796875 -0.00938415527343749 0.0143718719482422
0.0252304077148437 0.0567398071289063 0.0431251525878906 0.0264320373535156
0.00268936157226563 0.0566978454589844 0.0843353271484375 0.0889434814453125
0.0368576049804688 -0.0258903503417969 -0.0829925537109375 -0.0946884155273437
-0.000911712646484374 -0.0316905975341797 -0.0407485961914063 -0.0403289794921875
-0.0155963897705078 -0.0239830017089844 0.0196247100830078 -0.0142650604248047
-0.0227928161621094 -0.00841331481933593 0.0452537536621094 -0.0301475524902344
-0.0192070007324219 -0.00298500061035156 0.0498313903808594 -0.0524482727050781
-0.0236930847167969 0.00788116455078125 0.03045654296875 -0.0801925659179688
-0.0258464813232422 0.00817108154296876 -0.0020751953125 -0.0912017822265625
-0.0238513946533203 0.00513076782226562 -0.0135955810546875 -0.0749893188476563
-0.0273857116699219 0.00449562072753906 -0.0193443298339844 -0.0595893859863281
-0.024017333984375 -0.00964927673339844 -0.0149993896484375 -0.0397758483886719
-0.0158100128173828 -0.0216712951660156 -0.0228462219238281 -0.0176715850830078
-0.00392341613769531 -0.0269947052001953 -0.0385322570800781 -0.0088958740234375
0.0150432586669922 -0.0277824401855469 -0.0606498718261719 -0.00937271118164062
0.0282421112060547 -0.0274829864501953 -0.0956954956054687 -0.0116653442382812
0.0435142517089844 -0.0212669372558594 -0.0937042236328125 -0.0353164672851562
0.0695877075195313 0.00713348388671875 -0.0612564086914063 -0.101081848144531
0.0311241149902344 -0.00651359558105469 -0.0222816467285156 -0.0483818054199219
0.0223388671875 -0.00626373291015625 0.0309600830078125 -0.0179233551025391
0.0116500854492188 -0.00969982147216797 0.0542831420898438 -0.0349807739257813
0.0101861953735352 -0.0129776000976562 0.0558700561523438 -0.0525703430175781
-0.00528717041015625 -0.0182170867919922 0.0373001098632812 -0.0819778442382813
-0.0203647613525391 -0.0244789123535156 0.0047760009765625 -0.0914382934570313
-0.0193748474121094 -0.0258293151855469 -0.00742340087890626 -0.0712661743164062
-0.0288467407226563 -0.0304508209228516 -0.0121917724609375 -0.0559196472167969
-0.0201072692871094 -0.0415611267089844 -0.0109272003173828 -0.0339622497558594
0.0009765625 -0.0524749755859375 -0.0185298919677734 -0.0116062164306641
0.023712158203125 -0.0513191223144531 -0.0338916778564453 -0.00695037841796876
0.0559730529785156 -0.0281715393066406 -0.0486564636230469 -0.00734710693359374
0.0705032348632813 -0.016754150390625 -0.07696533203125 -0.0127334594726563
0.0812225341796875 0.0029296875 -0.072418212890625 -0.0325851440429688
0.0934906005859375 0.0396041870117188 -0.031829833984375 -0.0931854248046875
0.0618209838867188 0.0225143432617188 0.00231170654296875 -0.0454330444335937
0.0628547668457031 0.0124702453613281 0.0443954467773438 -0.0169334411621094
0.0503044128417969 -0.0108566284179688 0.06195068359375 -0.0370025634765625
0.0416488647460938 -0.0236587524414063 0.0580253601074219 -0.049713134765625
0.0150413513183594 -0.0441665649414063 0.0387649536132813 -0.076019287109375
-0.0110740661621094 -0.0547103881835937 0.00994873046875 -0.0801773071289063
-0.0121383666992187 -0.0531463623046875 -2.28881835937538E-05 -0.0562019348144531
-0.0258827209472656 -0.0611991882324219 -0.00201797485351563 -0.0427436828613281
-0.0142784118652344 -0.0675849914550781 -0.00502395629882813 -0.0198955535888672
0.015716552734375 -0.0760574340820312 -0.0132408142089844 -0.000322341918945315
0.0445289611816406 -0.0698509216308594 -0.0285224914550781 -0.00218009948730469
0.08721923828125 -0.0280532836914063 -0.0367889404296875 -0.006439208984375
0.102157592773438 -0.00624847412109375 -0.0509490966796875 -0.0151863098144531
0.106765747070313 0.0252685546875 -0.0402755737304687 -0.0241889953613281
0.105735778808594 0.0644683837890625 0.00381469726562501 -0.0728378295898438
0.0862045288085938 0.045867919921875 0.0312290191650391 -0.0330944061279297
0.0982818603515625 0.0255813598632813 0.0578193664550781 -0.0122413635253906
0.0837860107421875 -0.0160293579101563 0.0655364990234375 -0.0339012145996094
0.0673599243164062 -0.036102294921875 0.054107666015625 -0.0416297912597656
0.0309371948242187 -0.0657882690429688 0.0341796875 -0.0607490539550781
-0.00161743164062499 -0.0769882202148438 0.0124244689941406 -0.056610107421875
-0.00323486328125 -0.0728225708007813 0.00757217407226563 -0.0327243804931641
-0.018524169921875 -0.0814590454101563 0.00867843627929687 -0.0217781066894531
-0.0048675537109375 -0.0823516845703125 0.00107824802398682 -0.00117099285125733
0.029815673828125 -0.0875167846679688 -0.00835323333740234 0.0131759643554687
0.0604019165039063 -0.0771942138671875 -0.0237751007080078 0.00368690490722656
0.106002807617188 -0.0222930908203125 -0.0254802703857422 -0.00615119934082031
0.118392944335938 0.00704193115234375 -0.0222244262695312 -0.0181407928466797
0.11553955078125 0.045013427734375 -0.00209712982177734 -0.00986003875732422
0.102203369140625 0.0766372680664063 0.0408973693847656 -0.04522705078125
0.0961227416992187 0.0590133666992188 0.0614166259765625 -0.0168914794921875
0.116676330566406 0.0307464599609375 0.0681228637695313 -0.00667572021484375
0.101119995117188 -0.0215911865234375 0.0643234252929688 -0.0259666442871094
0.0794143676757812 -0.0439834594726562 0.0453224182128906 -0.0266075134277344
0.0394134521484375 -0.0775146484375 0.0279006958007813 -0.0367355346679688
0.00669860839843749 -0.0870819091796875 0.0155067443847656 -0.0254764556884766
0.00620269775390625 -0.0811767578125 0.0136327743530273 -0.00419616699218751
-0.00581359863281251 -0.0905838012695313 0.0160350799560547 0.0036783218383789
0.00914764404296874 -0.0842437744140625 0.00432205200195312 0.0198383331298828
0.0446243286132813 -0.08331298828125 -0.00620841979980469 0.0262908935546875
0.0720977783203125 -0.068267822265625 -0.0194454193115234 0.00985527038574218
0.110885620117188 -0.00629425048828125 -0.0151700973510742 -0.00582408905029297
0.116584777832031 0.0262680053710938 0.00643920898437501 -0.0181369781494141
0.107650756835938 0.06231689453125 0.0358772277832031 0.0100440979003906
0.08197021484375 0.0746231079101563 0.0729904174804687 -0.0169143676757812
0.0872955322265625 0.0591278076171875 0.0878982543945312 -0.00206756591796875
0.109375 0.0290985107421875 0.0730514526367188 -0.0027618408203125
0.0962142944335937 -0.0222702026367188 0.0583992004394531 -0.015350341796875
0.0740509033203125 -0.0423965454101563 0.0355300903320313 -0.00878143310546875
0.0396270751953125 -0.07391357421875 0.0219650268554688 -0.00828170776367188
0.0129470825195313 -0.0828704833984375 0.0181922912597656 0.00735664367675781
0.0145645141601562 -0.0768661499023438 0.0179252624511719 0.0245304107666016
0.00765991210937499 -0.08612060546875 0.0188674926757813 0.0308551788330078
0.0239028930664063 -0.0745925903320313 0.000755310058593752 0.040313720703125
0.0557899475097656 -0.0658760070800781 -0.00963211059570313 0.0379981994628906
0.076324462890625 -0.0468902587890625 -0.0191993713378906 0.0157527923583984
0.100624084472656 0.0158233642578125 -0.00797319412231445 -0.00290966033935547
0.098114013671875 0.04583740234375 0.0302448272705078 -0.0107860565185547
0.0828475952148438 0.0724029541015625 0.0665740966796875 0.0350074768066406
0.0473060607910156 0.0603408813476563 0.0958786010742188 0.00640869140625
0.0592041015625 0.0500755310058594 0.104248046875 0.00799560546875
0.0777511596679688 0.0257186889648438 0.0720672607421875 -0.0011749267578125
0.0711898803710938 -0.0137100219726563 0.050445556640625 -0.0047760009765625
0.0558815002441406 -0.0278778076171875 0.02593994140625 0.00648307800292968
0.0353050231933594 -0.0551071166992188 0.0170412063598633 0.0175323486328125
0.0183143615722656 -0.064788818359375 0.0213432312011719 0.0366020202636719
0.0205802917480469 -0.0612525939941406 0.0192413330078125 0.0494155883789062
0.0192337036132813 -0.0699348449707031 0.0157012939453125 0.0559425354003906
0.0330810546875 -0.0559654235839844 -0.00876235961914062 0.0579719543457031
0.0581855773925781 -0.0421409606933594 -0.0189552307128906 0.046539306640625
0.0700340270996094 -0.0211944580078125 -0.0215549468994141 0.0211772918701172
0.0778274536132813 0.0340423583984375 -0.00484800338745117 0.00449848175048828
0.0668487548828125 0.0585403442382812 0.04400634765625 0.00466537475585938
0.046783447265625 0.0716400146484375 0.0846328735351563 0.0618057250976563
0.00469207763671875 0.0394706726074219 0.1044921875 0.0207672119140625
0.0199813842773438 0.0380363464355469 0.108375549316406 0.0129547119140625
0.0331439971923828 0.0237770080566406 0.0654449462890625 -0.0010986328125
0.0354843139648438 0.00266265869140625 0.0426063537597656 0.00272750854492187
0.0316810607910156 -0.00410270690917969 0.0186481475830078 0.0160980224609375
0.0293483734130859 -0.0243816375732422 0.0152378082275391 0.0345897674560547
0.0237274169921875 -0.0362014770507813 0.0218620300292969 0.055938720703125
0.0233917236328125 -0.0364723205566406 0.0183143615722656 0.0659027099609375
0.0254592895507812 -0.0443496704101562 0.00772094726562499 0.0746917724609375
0.0328121185302734 -0.0333175659179688 -0.0213851928710937 0.0699653625488281
0.0474052429199219 -0.0190925598144531 -0.030731201171875 0.0516853332519531
0.0511322021484375 -0.0022125244140625 -0.0282917022705078 0.0266952514648437
0.0469093322753906 0.0388298034667969 -0.00903797149658203 0.0135459899902344
0.0297775268554688 0.0562591552734375 0.0449905395507812 0.0238456726074219
0.00692367553710938 0.0578460693359375 0.087615966796875 0.08709716796875
0.03594970703125 -0.0284042358398437 -0.09002685546875 -0.0938262939453125
-0.00314521789550781 -0.0319156646728516 -0.0446090698242187 -0.0385169982910156
-0.0182933807373047 -0.0232505798339844 0.020172119140625 -0.0142440795898438
-0.0243320465087891 -0.00679588317871093 0.0464820861816406 -0.0322685241699219
-0.0197257995605469 -0.00133514404296875 0.0504493713378906 -0.0556449890136719
-0.0228443145751953 0.0102062225341797 0.0294876098632812 -0.0846633911132812
-0.0247974395751953 0.0102443695068359 -0.0064697265625 -0.0950927734375
-0.0227298736572266 0.00642967224121093 -0.018035888671875 -0.0780181884765625
-0.0264854431152344 0.0061187744140625 -0.0240058898925781 -0.0610618591308594
-0.0238933563232422 -0.00769615173339844 -0.0178794860839844 -0.0424346923828125
-0.0168609619140625 -0.0205478668212891 -0.0245513916015625 -0.0189876556396484
-0.00598716735839843 -0.02606201171875 -0.0404624938964844 -0.00883865356445313
0.0125083923339844 -0.0296592712402344 -0.06317138671875 -0.00798034667968749
0.0265769958496094 -0.0304546356201172 -0.100738525390625 -0.00820159912109376
0.0428237915039063 -0.0245170593261719 -0.101242065429688 -0.0326385498046875
0.0721206665039062 0.0053558349609375 -0.0684280395507813 -0.101806640625
0.0315704345703125 -0.007415771484375 -0.0270500183105469 -0.0479583740234375
0.0227127075195313 -0.00738525390625 0.0310726165771484 -0.0185680389404297
0.012080192565918 -0.00951671600341797 0.0548629760742188 -0.0371856689453125
0.0109319686889648 -0.0132818222045898 0.05712890625 -0.0558357238769531
-0.00506782531738281 -0.0181484222412109 0.036376953125 -0.0866928100585938
-0.0207843780517578 -0.0243549346923828 0.000465393066406254 -0.0956039428710938
-0.0204067230224609 -0.0259475708007813 -0.011688232421875 -0.0737991333007812
-0.0298080444335938 -0.0303497314453125 -0.0170440673828125 -0.0577239990234375
-0.0211944580078125 -0.0415687561035156 -0.0143280029296875 -0.0362930297851563
-0.0010223388671875 -0.0532608032226563 -0.0207538604736328 -0.012969970703125
0.0212326049804688 -0.0530548095703125 -0.0354156494140625 -0.007476806640625
0.0557098388671875 -0.0319709777832031 -0.0509452819824219 -0.00745010375976562
0.0713958740234375 -0.0214920043945313 -0.0818939208984375 -0.0107192993164063
0.08380126953125 -0.001251220703125 -0.07965087890625 -0.0308914184570313
0.098602294921875 0.0373916625976563 -0.037750244140625 -0.0949554443359375
0.06488037109375 0.0215835571289063 -0.00204467773437499 -0.0455093383789063
0.066253662109375 0.0111274719238281 0.0444831848144531 -0.0172882080078125
0.052093505859375 -0.0124053955078125 0.062957763671875 -0.0391654968261719
0.0437660217285156 -0.0263786315917969 0.0588264465332031 -0.0532112121582031
0.0142250061035156 -0.0463981628417969 0.0371780395507813 -0.0807037353515625
-0.0136375427246094 -0.056182861328125 0.00569915771484375 -0.0831222534179688
-0.0145339965820313 -0.0554924011230469 -0.003265380859375 -0.0580253601074219
-0.029022216796875 -0.0622444152832031 -0.00625991821289063 -0.0442886352539063
-0.0172500610351563 -0.0683746337890625 -0.00792503356933594 -0.0218315124511719
0.0128173828125 -0.078582763671875 -0.0152502059936523 -0.00127029418945313
0.0425186157226562 -0.0736923217773437 -0.0307025909423828 -0.00251770019531251
0.0890045166015625 -0.0334701538085938 -0.0390968322753906 -0.00715255737304687
0.105056762695313 -0.0120010375976563 -0.0557174682617187 -0.0144805908203125
0.112197875976563 0.0209884643554688 -0.0455970764160156 -0.0231895446777344
0.112960815429688 0.0628433227539063 -0.000480651855468743 -0.0754013061523438
0.0918502807617188 0.0446014404296875 0.0288295745849609 -0.0340232849121094
0.104576110839844 0.0223159790039063 0.05841064453125 -0.0125656127929687
0.0859527587890625 -0.0199432373046875 0.0664215087890625 -0.0359382629394531
0.0690422058105469 -0.0404586791992188 0.0554275512695313 -0.0444183349609375
0.0293502807617187 -0.0697746276855469 0.0326309204101563 -0.0645637512207031
-0.00589752197265625 -0.0794830322265625 0.00997161865234375 -0.0588493347167969
-0.00660705566406251 -0.0759201049804688 0.00549697875976562 -0.0339813232421875
-0.023284912109375 -0.0840072631835937 0.00564002990722656 -0.0226306915283203
-0.00843811035156249 -0.0846328735351563 -0.00110995769500732 -0.00211477279663086
0.0265884399414063 -0.09173583984375 -0.00987625122070313 0.0128040313720703
0.0584869384765625 -0.08258056640625 -0.0257530212402344 0.00345230102539062
0.109474182128906 -0.027984619140625 -0.0271320343017578 -0.00728034973144531
0.122932434082031 0.00115966796875 -0.0263023376464844 -0.0190925598144531
0.123184204101563 0.0417022705078125 -0.00588226318359374 -0.00967597961425781
0.109992980957031 0.075592041015625 0.0392608642578125 -0.0482025146484375
0.103286743164062 0.0573806762695313 0.0605316162109375 -0.0186729431152344
0.123825073242187 0.0266571044921875 0.069061279296875 -0.00754928588867187
0.104164123535156 -0.0269088745117187 0.06536865234375 -0.02777099609375
0.0812606811523437 -0.049530029296875 0.0471000671386719 -0.02752685546875
0.03759765625 -0.082275390625 0.0269279479980469 -0.0384521484375
0.001861572265625 -0.0910110473632813 0.0139884948730469 -0.0269279479980469
0.00276947021484374 -0.0852737426757813 0.0131387710571289 -0.00399398803710938
-0.01129150390625 -0.09381103515625 0.0145502090454102 0.00362491607666015
0.00553131103515624 -0.0874786376953125 0.00304412841796875 0.0201148986816406
0.0417556762695312 -0.0883712768554688 -0.0075225830078125 0.0263557434082031
0.0713043212890625 -0.0743026733398438 -0.0216655731201172 0.00945281982421874
0.115898132324219 -0.012115478515625 -0.0171413421630859 -0.007537841796875
0.122955322265625 0.0208053588867188 0.00389289855957032 -0.0201454162597656
0.115669250488281 0.0604934692382813 0.0350379943847656 0.00898170471191407
0.0895919799804688 0.0732955932617188 0.0747756958007812 -0.020294189453125
0.0932846069335937 0.0576400756835938 0.0893630981445313 -0.00502777099609375
0.116363525390625 0.0249176025390625 0.074737548828125 -0.00402069091796875
0.0992050170898438 -0.02813720703125 0.059906005859375 -0.0159263610839844
0.07611083984375 -0.0482559204101563 0.0369606018066406 -0.00901412963867188
0.0373687744140625 -0.0791854858398438 0.0213031768798828 -0.00908660888671876
0.00759124755859374 -0.0871124267578125 0.0190238952636719 0.00781440734863281
0.0108261108398437 -0.081451416015625 0.0199012756347656 0.025604248046875
0.00226593017578125 -0.0894088745117188 0.0191097259521484 0.0316143035888672
0.0205307006835937 -0.07855224609375 0.000511169433593754 0.0417213439941406
0.054595947265625 -0.0718536376953125 -0.0106887817382812 0.0389671325683594
0.0768966674804688 -0.0528030395507813 -0.0202884674072266 0.0156345367431641
0.106956481933594 0.0113677978515625 -0.00893783569335937 -0.00430679321289062
0.105331420898438 0.0425949096679688 0.0295200347900391 -0.0140438079833984
0.0907058715820312 0.071533203125 0.0682106018066406 0.0332183837890625
0.0535011291503906 0.0606193542480469 0.100967407226563 0.002044677734375
0.0652046203613281 0.0494270324707031 0.108001708984375 0.00418853759765625
0.083953857421875 0.0230636596679688 0.07391357421875 -0.0024566650390625
0.0734939575195313 -0.0184783935546875 0.0521278381347656 -0.00458908081054688
0.0578193664550781 -0.0328025817871094 0.0276317596435547 0.00742149353027343
0.0329818725585937 -0.0597305297851562 0.0188083648681641 0.0181922912597656
0.0143661499023437 -0.0685310363769531 0.0234184265136719 0.0372886657714844
0.0170249938964844 -0.0653152465820313 0.022613525390625 0.0506782531738281
0.0148849487304688 -0.0734329223632813 0.01727294921875 0.0573158264160156
0.0305366516113281 -0.0596923828125 -0.00856399536132813 0.0605125427246094
0.0572509765625 -0.0475921630859375 -0.0199050903320313 0.0483245849609375
0.0711593627929687 -0.026611328125 -0.0228843688964844 0.0216312408447266
0.0838775634765625 0.0308837890625 -0.005462646484375 0.00315713882446289
0.0735702514648438 0.0570144653320313 0.0451507568359375 0.002105712890625
0.0537948608398438 0.0727005004882813 0.0889892578125 0.0608139038085938
0.00772476196289063 0.0410346984863281 0.110572814941406 0.0168380737304688
0.0238571166992187 0.0387306213378906 0.11309814453125 0.00897979736328125
0.0375633239746094 0.0233497619628906 0.0669288635253906 -0.00231170654296875
0.0380630493164063 -0.0003814697265625 0.0448989868164063 0.00283050537109375
0.0333080291748047 -0.00675010681152344 0.0211982727050781 0.0170326232910156
0.0284481048583984 -0.0279197692871094 0.0180168151855469 0.0360832214355469
0.0209083557128906 -0.0388336181640625 0.0264816284179688 0.05780029296875
0.0212631225585938 -0.0393714904785156 0.022186279296875 0.0681648254394531
0.0226364135742187 -0.0474319458007813 0.0103683471679687 0.077423095703125
0.0306205749511719 -0.0366439819335937 -0.0207901000976562 0.0742034912109375
0.047119140625 -0.0234146118164062 -0.0321311950683594 0.0540695190429688
0.052581787109375 -0.00577163696289063 -0.02935791015625 0.0277385711669922
0.0514869689941406 0.0371246337890625 -0.00885009765625 0.0133657455444336
0.0347518920898438 0.0565948486328125 0.0476188659667969 0.0221786499023438
0.0112113952636719 0.0601615905761719 0.0941009521484375 0.08660888671875
0.0347900390625 -0.0318794250488281 -0.099822998046875 -0.091705322265625
-0.00624656677246094 -0.0320568084716797 -0.0494575500488281 -0.035736083984375
-0.0216293334960938 -0.0223293304443359 0.0202274322509766 -0.0153636932373047
-0.0252971649169922 -0.00460433959960937 0.0467185974121094 -0.0351905822753906
-0.0204849243164063 0.000928878784179688 0.0498161315917969 -0.06011962890625
-0.0214862823486328 0.0125408172607422 0.026824951171875 -0.0900726318359375
-0.0234794616699219 0.0126781463623047 -0.0131454467773438 -0.0988922119140625
-0.0218925476074219 0.00815010070800781 -0.0250701904296875 -0.0800704956054687
-0.0254650115966797 0.00782012939453125 -0.0300025939941406 -0.0629348754882812
-0.0240993499755859 -0.00586318969726563 -0.0223617553710938 -0.0444602966308594
-0.0182838439941406 -0.0185928344726562 -0.0274887084960937 -0.0194721221923828
-0.00855827331542969 -0.0260353088378906 -0.0430450439453125 -0.00825119018554687
0.00928306579589843 -0.0314960479736328 -0.0664939880371094 -0.00609207153320312
0.0236759185791016 -0.0338096618652344 -0.106338500976563 -0.00244903564453125
0.0414924621582031 -0.0291366577148438 -0.110618591308594 -0.0271682739257812
0.0749282836914063 0.00045013427734375 -0.0786590576171875 -0.100906372070313
0.0319957733154297 -0.00868797302246094 -0.0326995849609375 -0.0459976196289062
0.0229377746582031 -0.00843429565429688 0.0314159393310547 -0.019744873046875
0.0118865966796875 -0.0101051330566406 0.0552902221679687 -0.0407829284667969
0.0110969543457031 -0.0139646530151367 0.0567169189453125 -0.0610275268554688
-0.00530815124511719 -0.0183982849121094 0.0327987670898437 -0.0925827026367188
-0.0223388671875 -0.0236053466796875 -0.00605773925781251 -0.0994415283203125
-0.0217685699462891 -0.0260295867919922 -0.01776123046875 -0.0760879516601562
-0.0316677093505859 -0.0296840667724609 -0.022857666015625 -0.05963134765625
-0.0240898132324219 -0.0408439636230469 -0.0185585021972656 -0.0379791259765625
-0.00422286987304688 -0.0541305541992188 -0.0234432220458984 -0.0134105682373047
0.0179634094238281 -0.0554924011230469 -0.0387039184570313 -0.00701141357421875
0.0546875 -0.03729248046875 -0.0541839599609375 -0.00644302368164062
0.071319580078125 -0.0279617309570313 -0.0872726440429688 -0.00638580322265625
0.0869598388671875 -0.0075836181640625 -0.0879592895507813 -0.0266265869140625
0.10528564453125 0.0329513549804688 -0.0463714599609375 -0.0956497192382813
0.0687942504882812 0.0192604064941406 -0.00675201416015625 -0.0451316833496094
0.0701713562011719 0.00718307495117188 0.0456123352050781 -0.0189476013183594
0.0532188415527344 -0.0154533386230469 0.06298828125 -0.0431594848632813
0.0447235107421875 -0.0307197570800781 0.0591583251953125 -0.0581436157226563
0.0129241943359375 -0.0486640930175781 0.0334701538085938 -0.0863037109375
-0.0178871154785156 -0.0572853088378906 -0.000289916992187497 -0.0863571166992188
-0.0184822082519531 -0.0570068359375 -0.00836563110351563 -0.0599517822265625
-0.0340385437011719 -0.0628852844238281 -0.0113296508789063 -0.0455474853515625
-0.0215110778808594 -0.0699577331542969 -0.0111637115478516 -0.0230789184570313
0.00803375244140625 -0.0821762084960937 -0.0176620483398438 -0.00180816650390626
0.0387954711914062 -0.0788650512695312 -0.0334873199462891 -0.00256538391113282
0.08978271484375 -0.0413131713867188 -0.0422134399414062 -0.00666046142578126
0.107109069824219 -0.0206298828125 -0.0612869262695312 -0.0118942260742188
0.118637084960938 0.0143508911132813 -0.0524826049804687 -0.0211906433105469
0.121971130371094 0.0589141845703125 -0.005950927734375 -0.0771636962890625
0.0985183715820312 0.041748046875 0.0250663757324219 -0.0350532531738281
0.111747741699219 0.0166168212890625 0.0597572326660156 -0.0143280029296875
0.0891036987304687 -0.0262680053710938 0.0672721862792969 -0.0396614074707031
0.0708236694335938 -0.0475006103515625 0.055633544921875 -0.0484733581542969
0.0261764526367187 -0.0744781494140625 0.0298690795898437 -0.0687522888183594
-0.01165771484375 -0.0825576782226563 0.00510025024414062 -0.0615234375
-0.0121078491210938 -0.0789718627929688 0.00270271301269531 -0.03448486328125
-0.0300445556640625 -0.0858917236328125 0.00221443176269531 -0.0235939025878906
-0.01446533203125 -0.0865631103515625 -0.00295448303222656 -0.00230169296264649
0.02203369140625 -0.0966796875 -0.0113115310668945 0.0124568939208984
0.0550765991210938 -0.0894851684570313 -0.0278663635253906 0.00404739379882812
0.112373352050781 -0.0379409790039062 -0.0304794311523437 -0.00814056396484375
0.127960205078125 -0.00800323486328125 -0.0306510925292969 -0.0188255310058594
0.132278442382813 0.0356826782226563 -0.00955677032470702 -0.00976848602294922
0.120155334472656 0.071929931640625 0.0369873046875 -0.0518875122070312
0.111488342285156 0.0533905029296875 0.0593032836914063 -0.0220222473144531
0.132217407226562 0.0191574096679688 0.0713348388671875 -0.0095672607421875
0.107376098632813 -0.0351333618164063 0.0665397644042969 -0.0303535461425781
0.0822525024414063 -0.0579299926757813 0.0478134155273438 -0.03094482421875
0.0330657958984375 -0.0881805419921875 0.0253944396972656 -0.041229248046875
-0.00534820556640625 -0.0944442749023438 0.0121097564697266 -0.0280342102050781
-0.00385284423828125 -0.08935546875 0.0129451751708984 -0.00404357910156251
-0.0190887451171875 -0.09619140625 0.0138559341430664 0.00331497192382812
-0.000373840332031251 -0.0914764404296875 0.00247383117675781 0.0208396911621094
0.0374298095703125 -0.095245361328125 -0.0078277587890625 0.0275192260742187
0.0687026977539063 -0.0824050903320313 -0.0234413146972656 0.0103664398193359
0.12103271484375 -0.02130126953125 -0.0195503234863281 -0.00848197937011719
0.129669189453125 0.0124969482421875 0.000553131103515632 -0.021820068359375
0.125816345214844 0.0551834106445313 0.0343894958496094 0.00720024108886719
0.0995712280273438 0.0714263916015625 0.0766372680664062 -0.0256423950195312
0.101966857910156 0.0544357299804687 0.0907974243164063 -0.0099639892578125
0.124404907226563 0.0183029174804687 0.077392578125 -0.0061798095703125
0.101188659667969 -0.0358505249023438 0.0614967346191406 -0.0186500549316406
0.0769119262695313 -0.0561981201171875 0.038848876953125 -0.0105781555175781
0.0325546264648438 -0.0853347778320313 0.0216445922851563 -0.00949668884277344
0.00099182128906251 -0.0907363891601563 0.0200138092041016 0.00780868530273437
0.00464630126953125 -0.0856704711914063 0.0219364166259766 0.0259246826171875
-0.0052490234375 -0.0926971435546875 0.0203056335449219 0.0317134857177734
0.0147171020507813 -0.0827255249023438 0.00138473510742187 0.0440864562988281
0.0508651733398438 -0.0790863037109375 -0.0105857849121094 0.0406303405761719
0.0765914916992188 -0.06060791015625 -0.021636962890625 0.0166301727294922
0.113746643066406 0.00360870361328125 -0.0102043151855469 -0.00536251068115234
0.113197326660156 0.0363006591796875 0.0278854370117188 -0.0172595977783203
0.101272583007813 0.0694808959960938 0.0712356567382813 0.0300827026367188
0.0610008239746094 0.0597572326660156 0.105270385742188 -0.00370025634765625
0.0718994140625 0.0482101440429687 0.111648559570313 -0.00174713134765625
0.0907211303710938 0.0176010131835938 0.0759201049804688 -0.00508880615234375
0.0758132934570313 -0.0250091552734375 0.0546493530273438 -0.00658416748046875
0.058319091796875 -0.0399513244628906 0.0301456451416016 0.0071563720703125
0.0294990539550781 -0.0650444030761719 0.0209808349609375 0.0184078216552734
0.0084381103515625 -0.0720977783203125 0.0273628234863281 0.038055419921875
0.0122489929199219 -0.0687789916992187 0.0271949768066406 0.0518150329589844
0.0086212158203125 -0.0772018432617187 0.0205574035644531 0.0593070983886719
0.0261039733886719 -0.0647163391113281 -0.00627136230468749 0.0642585754394531
0.055755615234375 -0.0540657043457031 -0.0192985534667969 0.0511550903320313
0.0718154907226563 -0.033233642578125 -0.0233078002929687 0.0232505798339844
0.090972900390625 0.0255508422851563 -0.00572967529296874 0.00188112258911133
0.0817108154296875 0.053863525390625 0.045928955078125 -0.00197219848632812
0.062774658203125 0.0725936889648438 0.09515380859375 0.0572128295898438
0.0119590759277344 0.0425224304199219 0.117607116699219 0.0102691650390625
0.0287437438964844 0.0391387939453125 0.118782043457031 0.0019683837890625
0.0422630310058594 0.0215492248535156 0.0697555541992188 -0.00487899780273437
0.0400543212890625 -0.00398635864257813 0.0474205017089844 0.00236129760742187
0.0344333648681641 -0.0106143951416016 0.0239753723144531 0.0176353454589844
0.0264682769775391 -0.0320510864257813 0.021392822265625 0.036895751953125
0.0174217224121094 -0.0422401428222656 0.0324630737304687 0.0585975646972656
0.0180740356445313 -0.0423393249511719 0.0284385681152344 0.0701980590820312
0.0181808471679688 -0.0508193969726562 0.0155029296875 0.080535888671875
0.0280189514160156 -0.0400314331054688 -0.01812744140625 0.0789413452148438
0.0467681884765625 -0.0281333923339844 -0.0312576293945313 0.0574951171875
0.0543365478515625 -0.0107879638671875 -0.0294265747070312 0.0295581817626953
0.0576133728027344 0.0348930358886719 -0.00779056549072266 0.0130624771118164
0.04107666015625 0.05633544921875 0.0507926940917969 0.0185203552246094
0.0170974731445313 0.0618324279785156 0.103073120117188 0.0838088989257813
0.0316696166992188 -0.0354804992675781 -0.10992431640625 -0.0846023559570313
-0.00918388366699219 -0.0316753387451172 -0.0541152954101563 -0.0307121276855469
-0.025054931640625 -0.0198650360107422 0.0197601318359375 -0.0165576934814453
-0.0264663696289063 -0.00120925903320312 0.0451202392578125 -0.0388755798339844
-0.0201587677001953 0.00347137451171875 0.0470314025878906 -0.06494140625
-0.0193309783935547 0.0152473449707031 0.0210723876953125 -0.0944442749023437
-0.0215587615966797 0.0150051116943359 -0.0217132568359375 -0.1005859375
-0.0205821990966797 0.00982856750488282 -0.0332870483398438 -0.080078125
-0.0237102508544922 0.00983428955078125 -0.0371513366699219 -0.06195068359375
-0.0231513977050781 -0.00347137451171875 -0.0277214050292969 -0.0446739196777344
-0.0195884704589844 -0.0158901214599609 -0.0303382873535156 -0.0188770294189453
-0.0110054016113281 -0.0245990753173828 -0.0454483032226563 -0.00618743896484376
0.00556182861328125 -0.0325222015380859 -0.0691261291503906 -0.00181961059570314
0.0202102661132813 -0.0366020202636719 -0.109596252441406 0.00666809082031249
0.0392112731933594 -0.0337409973144531 -0.117500305175781 -0.0181350708007812
0.0764236450195312 -0.00586700439453125 -0.0894622802734375 -0.0957260131835938
0.0319290161132813 -0.0108623504638672 -0.0381927490234375 -0.0422172546386719
0.0229434967041016 -0.00970649719238281 0.0307521820068359 -0.0217666625976563
0.0113687515258789 -0.0104570388793945 0.0536422729492188 -0.0449295043945313
0.0108022689819336 -0.0153598785400391 0.0539894104003906 -0.0663261413574219
-0.00567245483398438 -0.0180835723876953 0.0265426635742188 -0.0978240966796875
-0.0238628387451172 -0.0216007232666016 -0.0155105590820312 -0.101036071777344
-0.0243377685546875 -0.0255146026611328 -0.025726318359375 -0.0760955810546875
-0.0342903137207031 -0.0278549194335938 -0.0300369262695313 -0.0587081909179688
-0.02667236328125 -0.0390853881835938 -0.0233535766601563 -0.0382232666015625
-0.00822067260742187 -0.0539360046386719 -0.0260906219482422 -0.0130329132080078
0.0135726928710938 -0.0575637817382813 -0.0410728454589844 -0.00530242919921876
0.0517082214355469 -0.0428352355957031 -0.0571708679199219 -0.003326416015625
0.068939208984375 -0.0350074768066406 -0.0914230346679688 0.00094604492187498
0.0875320434570313 -0.0154495239257813 -0.0952987670898438 -0.0191726684570313
0.110862731933594 0.02520751953125 -0.0562286376953125 -0.0932388305664062
0.07232666015625 0.0145797729492188 -0.0125465393066406 -0.0433158874511719
0.0732574462890625 0.00205230712890625 0.0450859069824219 -0.0211563110351563
0.0533790588378906 -0.0203056335449219 0.0614433288574219 -0.0478630065917969
0.0436668395996094 -0.0352020263671875 0.0565719604492188 -0.0634651184082031
0.00925064086914062 -0.0509681701660156 0.027435302734375 -0.091064453125
-0.0228500366210938 -0.0569725036621094 -0.00852203369140626 -0.0879440307617188
-0.0238227844238281 -0.0568618774414063 -0.0143356323242188 -0.0601654052734375
-0.0401344299316406 -0.0612220764160156 -0.017303466796875 -0.0453834533691406
-0.0272293090820312 -0.0685806274414062 -0.0153903961181641 -0.0227069854736328
0.00141143798828124 -0.0838775634765625 -0.0195846557617188 -0.00128364562988282
0.0325469970703125 -0.0833892822265625 -0.0353431701660156 -0.000892639160156262
0.0881500244140625 -0.05078125 -0.0452690124511719 -0.00506591796875001
0.107131958007813 -0.0312042236328125 -0.0653610229492188 -0.00697708129882814
0.12286376953125 0.004302978515625 -0.0580825805664062 -0.0162582397460938
0.130844116210938 0.050262451171875 -0.0133438110351562 -0.0777053833007813
0.104301452636719 0.0348892211914062 0.0207061767578125 -0.0359611511230469
0.116683959960937 0.0072784423828125 0.0600929260253906 -0.0175704956054688
0.0894012451171875 -0.034027099609375 0.0664138793945312 -0.0443763732910156
0.0690269470214844 -0.0553932189941406 0.0537033081054688 -0.0532379150390625
0.0205230712890625 -0.0788803100585938 0.0248260498046875 -0.0727081298828125
-0.0192642211914063 -0.0829315185546875 -0.000518798828125003 -0.0625228881835938
-0.0196380615234375 -0.0806884765625 -0.000762939453125 -0.0352134704589844
-0.0385208129882812 -0.0850448608398437 -0.00128936767578125 -0.0241928100585938
-0.0216293334960938 -0.0875167846679688 -0.00511646270751953 -0.00266265869140625
0.0133895874023438 -0.100784301757812 -0.0119333267211914 0.0126762390136719
0.0483169555664063 -0.0960845947265625 -0.0296916961669922 0.00498580932617187
0.112052917480469 -0.0496978759765625 -0.0331764221191406 -0.00704574584960939
0.129554748535156 -0.0206680297851563 -0.035064697265625 -0.0167427062988281
0.139251708984375 0.024688720703125 -0.0133934020996094 -0.00851631164550781
0.13067626953125 0.06378173828125 0.0327301025390625 -0.0558929443359375
0.118766784667969 0.0460357666015625 0.0570220947265625 -0.0257530212402344
0.1383056640625 0.00771331787109375 0.0722427368164063 -0.0127944946289063
0.106986999511719 -0.0448837280273437 0.0661354064941406 -0.0346450805664063
0.079986572265625 -0.06768798828125 0.0472297668457031 -0.0348777770996094
0.0259475708007813 -0.0933074951171875 0.0219230651855469 -0.0437240600585938
-0.0145416259765625 -0.0959854125976562 0.00948715209960937 -0.0286426544189453
-0.0121383666992188 -0.0912704467773438 0.0128192901611328 -0.00499916076660157
-0.0290145874023437 -0.0967330932617188 0.0129537582397461 0.00277328491210937
-0.00829315185546876 -0.0927505493164063 0.00209236145019531 0.0214328765869141
0.0291748046875 -0.100555419921875 -0.00776863098144531 0.0283775329589844
0.062469482421875 -0.0908660888671875 -0.0243797302246094 0.0113258361816406
0.122215270996094 -0.033721923828125 -0.0218620300292969 -0.00844764709472656
0.133934020996094 0.00067138671875 -0.00343132019042968 -0.0229015350341797
0.135322570800781 0.045928955078125 0.0335044860839844 0.00531387329101563
0.109161376953125 0.065338134765625 0.0764236450195313 -0.0323257446289062
0.109954833984375 0.047271728515625 0.0909957885742188 -0.0163650512695312
0.130378723144531 0.00732421875 0.078857421875 -0.0103988647460937
0.100517272949219 -0.0460205078125 0.0622367858886719 -0.0221138000488281
0.073699951171875 -0.0656356811523438 0.0397148132324219 -0.0130081176757813
0.0252532958984375 -0.0904922485351563 0.0214271545410156 -0.0110054016113281
-0.00852966308593749 -0.0931015014648438 0.020965576171875 0.00686454772949218
-0.00365447998046875 -0.088165283203125 0.0251312255859375 0.0252113342285156
-0.0146560668945312 -0.094573974609375 0.0224723815917969 0.0321140289306641
0.0073699951171875 -0.0858993530273438 0.00334930419921875 0.04559326171875
0.0444412231445313 -0.0853500366210938 -0.00887680053710937 0.0423774719238281
0.0725173950195313 -0.0694732666015625 -0.0217170715332031 0.0177288055419922
0.117424011230469 -0.00760650634765625 -0.0120887756347656 -0.00619125366210938
0.119941711425781 0.0263748168945313 0.0251655578613281 -0.0205974578857422
0.111846923828125 0.0623550415039063 0.0735321044921875 0.0251693725585938
0.0686912536621094 0.0564002990722656 0.108001708984375 -0.0131072998046875
0.0784149169921875 0.0427780151367188 0.11309814453125 -0.0109939575195312
0.0959014892578125 0.0101089477539063 0.0778045654296875 -0.00931549072265625
0.0754928588867187 -0.032806396484375 0.0562477111816406 -0.00981521606445313
0.0565567016601563 -0.047149658203125 0.0326461791992187 0.00559234619140625
0.0233802795410156 -0.0692253112792969 0.0233688354492188 0.0177593231201172
0.000328063964843755 -0.0741424560546875 0.0319252014160156 0.0370941162109375
0.00535583496093751 -0.0717620849609375 0.0331840515136719 0.0514678955078125
0.000572204589843744 -0.0794677734375 0.0255775451660156 0.0595016479492187
0.0203895568847656 -0.0681266784667969 -0.00273132324218751 0.0673446655273438
0.0510749816894531 -0.0606727600097656 -0.0172920227050781 0.0540504455566406
0.0706405639648437 -0.0409622192382812 -0.0232200622558594 0.0247859954833984
0.0964889526367188 0.0174179077148438 -0.00651264190673828 0.00100851058959961
0.0890731811523438 0.0470428466796875 0.0454750061035156 -0.0068511962890625
0.0721282958984375 0.069122314453125 0.100997924804688 0.050994873046875
0.0173149108886719 0.04229736328125 0.122451782226563 -0.000221252441406247
0.0337181091308594 0.037109375 0.121292114257813 -0.00839996337890625
0.0466995239257812 0.0174369812011719 0.0709686279296875 -0.00930023193359375
0.0410308837890625 -0.00832366943359375 0.04949951171875 -0.000152587890625001
0.0343551635742188 -0.0154476165771484 0.0268898010253906 0.0170555114746094
0.0224876403808594 -0.0355720520019531 0.0260162353515625 0.0366363525390625
0.0121650695800781 -0.0443305969238281 0.0390129089355469 0.057586669921875
0.01324462890625 -0.0454673767089844 0.0354804992675781 0.0699501037597656
0.0126876831054687 -0.0530128479003906 0.0225906372070312 0.0817718505859375
0.0235481262207031 -0.0432853698730469 -0.0131454467773437 0.08306884765625
0.044464111328125 -0.0343132019042969 -0.0287399291992187 0.0616302490234375
0.0536727905273438 -0.0163345336914063 -0.0289478302001953 0.0316963195800781
0.0629081726074219 0.0301322937011719 -0.00740623474121093 0.0126562118530273
0.0476608276367188 0.0537185668945312 0.0529327392578125 0.0133171081542969
0.0249176025390625 0.0611305236816406 0.111740112304688 0.0766448974609375
0.0273590087890625 -0.037384033203125 -0.115432739257813 -0.0744400024414063
-0.0118961334228516 -0.0298080444335938 -0.0556182861328125 -0.0241584777832031
-0.0261898040771484 -0.0163898468017578 0.018096923828125 -0.0173320770263672
-0.0262966156005859 0.00179672241210938 0.0420684814453125 -0.0412178039550781
-0.019439697265625 0.00583839416503906 0.0419960021972656 -0.0678901672363281
-0.0165548324584961 0.016575813293457 0.014007568359375 -0.0955734252929688
-0.0186328887939453 0.0164794921875 -0.0307235717773438 -0.0978317260742188
-0.018341064453125 0.0107021331787109 -0.0405349731445312 -0.0767364501953125
-0.02142333984375 0.0115032196044922 -0.0433006286621094 -0.0582389831542969
-0.0217418670654297 -0.000881195068359371 -0.0322341918945313 -0.0432929992675781
-0.0203933715820313 -0.0135612487792969 -0.0320701599121094 -0.0170536041259766
-0.0137500762939453 -0.0223655700683594 -0.04632568359375 -0.00330352783203125
0.00122833251953125 -0.0322608947753906 -0.0691299438476563 0.00329589843749998
0.0153465270996094 -0.0383338928222656 -0.108421325683594 0.0152435302734375
0.0344200134277344 -0.0373382568359375 -0.120285034179687 -0.0074920654296875
0.0751113891601563 -0.0118637084960937 -0.0967559814453125 -0.0864486694335938
0.0309944152832031 -0.0122871398925781 -0.0419845581054688 -0.0367622375488281
0.0215282440185547 -0.0111007690429688 0.0291061401367188 -0.0229263305664063
0.0105981826782227 -0.0103216171264648 0.0497665405273437 -0.047576904296875
0.0100746154785156 -0.0157041549682617 0.0492172241210937 -0.0699844360351563
-0.00639915466308594 -0.0172405242919922 0.0185928344726563 -0.0991897583007813
-0.0245685577392578 -0.0197639465332031 -0.0243301391601563 -0.098480224609375
-0.0256385803222656 -0.0233688354492188 -0.0323333740234375 -0.0732345581054688
-0.0357398986816406 -0.0248489379882813 -0.0363693237304687 -0.0551376342773438
-0.0282363891601562 -0.0361824035644531 -0.0281715393066406 -0.0366630554199219
-0.0125236511230469 -0.0515098571777344 -0.0281162261962891 -0.0118789672851563
0.00819015502929688 -0.0571136474609375 -0.0420494079589844 -0.00322341918945313
0.046600341796875 -0.0467147827148438 -0.0578994750976563 0.000511169433593753
0.0641212463378906 -0.0407981872558594 -0.0920944213867187 0.00909423828125002
0.0851898193359375 -0.0229873657226563 -0.0983963012695313 -0.0103530883789062
0.112800598144531 0.0159225463867187 -0.0645599365234375 -0.0868682861328125
0.0730667114257813 0.00909423828125 -0.0172882080078125 -0.0393180847167969
0.0732192993164062 -0.00431060791015625 0.0436592102050781 -0.0235099792480469
0.0517501831054688 -0.02423095703125 0.0575828552246094 -0.0509605407714844
0.0411491394042969 -0.03863525390625 0.05157470703125 -0.0668983459472656
0.00567245483398437 -0.0515251159667969 0.0195770263671875 -0.092071533203125
-0.0267715454101563 -0.0538444519042969 -0.0166397094726563 -0.08612060546875
-0.0281410217285156 -0.0552101135253906 -0.0203170776367188 -0.0582122802734375
-0.0446662902832031 -0.05731201171875 -0.0222434997558594 -0.0427513122558594
-0.032012939453125 -0.0651893615722656 -0.0189952850341797 -0.0218353271484375
-0.00544738769531251 -0.0825424194335938 -0.0209522247314453 -0.000385284423828128
0.025238037109375 -0.085205078125 -0.0363883972167969 0.000991821289062491
0.082061767578125 -0.0577392578125 -0.0465965270996094 -0.00217437744140625
0.101814270019531 -0.0404052734375 -0.0675430297851563 -0.00118255615234375
0.122283935546875 -0.0063018798828125 -0.0619163513183594 -0.01025390625
0.134162902832031 0.0392990112304688 -0.0204620361328125 -0.0753021240234375
0.106727600097656 0.026336669921875 0.0157508850097656 -0.0351047515869141
0.117179870605469 -0.00293731689453125 0.0588340759277344 -0.0203285217285156
0.0854110717773437 -0.041107177734375 0.0622787475585938 -0.0481185913085938
0.0639762878417969 -0.0612754821777344 0.0495376586914063 -0.0565261840820313
0.0143280029296875 -0.0795135498046875 0.0183181762695312 -0.0732421875
-0.0267105102539063 -0.0798492431640625 -0.00628662109375001 -0.0606346130371094
-0.0261459350585937 -0.0784759521484375 -0.00372314453125 -0.0343494415283203
-0.0455245971679688 -0.0807723999023438 -0.00507736206054688 -0.0231227874755859
-0.02880859375 -0.0837478637695313 -0.00738763809204102 -0.00209522247314453
0.00444793701171875 -0.10015869140625 -0.0124311447143555 0.0133571624755859
0.0394363403320313 -0.0991973876953125 -0.0305004119873047 0.00655937194824218
0.106452941894531 -0.058990478515625 -0.0354881286621094 -0.0053863525390625
0.125434875488281 -0.031951904296875 -0.0381317138671875 -0.0135078430175781
0.141220092773437 0.0128021240234375 -0.016357421875 -0.006500244140625
0.136146545410156 0.0526885986328125 0.0274009704589844 -0.05694580078125
0.121963500976563 0.0363540649414063 0.053009033203125 -0.0280838012695312
0.138931274414063 -0.00417327880859375 0.0710067749023438 -0.0169906616210937
0.101997375488281 -0.0537948608398438 0.063720703125 -0.0381050109863281
0.0735092163085938 -0.074981689453125 0.0448455810546875 -0.0376701354980469
0.0176849365234375 -0.0947036743164063 0.0178031921386719 -0.0443077087402344
-0.023406982421875 -0.0928421020507813 0.00654983520507812 -0.0281410217285156
-0.020721435546875 -0.0894546508789063 0.0126199722290039 -0.0054779052734375
-0.0376129150390625 -0.0930023193359375 0.0116300582885742 0.00258827209472656
-0.0169296264648438 -0.0910186767578125 0.0023345947265625 0.0216693878173828
0.01983642578125 -0.102210998535156 -0.00634384155273437 0.0282630920410156
0.0541000366210938 -0.0955810546875 -0.0249080657958984 0.01226806640625
0.118927001953125 -0.0449142456054688 -0.0239219665527344 -0.00777244567871094
0.132530212402344 -0.0114517211914063 -0.00761032104492187 -0.0222682952880859
0.139640808105469 0.0336456298828125 0.03118896484375 0.0029754638671875
0.114646911621094 0.0551300048828125 0.0720901489257813 -0.0379409790039063
0.112770080566406 0.0384597778320313 0.08740234375 -0.0216445922851562
0.131027221679687 -0.0042877197265625 0.07769775390625 -0.0147552490234375
0.0956878662109375 -0.054229736328125 0.0605278015136719 -0.0258255004882813
0.0681915283203125 -0.0730133056640625 0.0388298034667969 -0.0157661437988281
0.0164718627929688 -0.0915298461914062 0.0199069976806641 -0.0113449096679688
-0.017608642578125 -0.0905838012695312 0.0212993621826172 0.00594329833984374
-0.0121917724609375 -0.0868682861328125 0.0271778106689453 0.0235595703125
-0.0236892700195313 -0.0914306640625 0.0246429443359375 0.0301856994628906
-0.000610351562499992 -0.08544921875 0.005859375 0.0458183288574219
0.036224365234375 -0.0886001586914063 -0.00686264038085937 0.0426826477050781
0.0653915405273438 -0.0754241943359375 -0.0214996337890625 0.0191593170166016
0.116294860839844 -0.0183563232421875 -0.0138359069824219 -0.00631999969482422
0.120880126953125 0.0149078369140625 0.0218067169189453 -0.0226230621337891
0.116920471191406 0.0522689819335938 0.07293701171875 0.0191802978515625
0.0741806030273438 0.050018310546875 0.106086730957031 -0.0216751098632812
0.0819854736328125 0.0363311767578125 0.110885620117188 -0.0194320678710937
0.0968704223632813 0.00101470947265625 0.0770721435546875 -0.0140609741210937
0.0717315673828125 -0.0392303466796875 0.055633544921875 -0.0131759643554688
0.0519981384277344 -0.0523452758789063 0.0332469940185547 0.00354385375976562
0.0159454345703125 -0.0710906982421875 0.0242481231689453 0.0170059204101562
-0.00735473632812499 -0.0727005004882813 0.0346965789794922 0.0346717834472656
-0.0020599365234375 -0.0712203979492188 0.0379219055175781 0.0484504699707031
-0.00756072998046876 -0.0774688720703125 0.0300102233886719 0.0575790405273437
0.0130844116210938 -0.0684738159179688 0.00175094604492188 0.0676460266113281
0.0444984436035156 -0.0651359558105469 -0.0138359069824219 0.0548667907714844
0.0658950805664063 -0.0472221374511719 -0.0224514007568359 0.0260219573974609
0.097930908203125 0.008331298828125 -0.0074315071105957 0.000618934631347657
0.0924224853515625 0.0381698608398438 0.0435752868652344 -0.0116386413574219
0.07904052734375 0.0623397827148438 0.102706909179687 0.0420913696289063
0.0212860107421875 0.0411567687988281 0.122154235839844 -0.0107269287109375
0.037506103515625 0.0336952209472656 0.11932373046875 -0.0183334350585937
0.0493354797363281 0.0129776000976563 0.0700492858886719 -0.0135498046875
0.0396461486816406 -0.0125083923339844 0.0497093200683594 -0.00362777709960938
0.0327835083007813 -0.0198307037353516 0.0289058685302734 0.0156497955322266
0.018218994140625 -0.0373268127441406 0.0291919708251953 0.0348415374755859
0.0063323974609375 -0.0451889038085938 0.0438156127929688 0.0536727905273438
0.00846099853515625 -0.0455169677734375 0.0416641235351563 0.0662040710449219
0.00698089599609375 -0.0526046752929687 0.0293960571289062 0.0797119140625
0.0187454223632813 -0.0443458557128906 -0.00667572021484374 0.0847854614257813
0.0399627685546875 -0.0377693176269531 -0.0247611999511719 0.0634918212890625
0.0516891479492188 -0.0218467712402344 -0.0268783569335938 0.0331516265869141
0.0659065246582031 0.0237617492675781 -0.00696849822998046 0.011601448059082
0.052581787109375 0.048065185546875 0.0528945922851563 0.00763320922851563
0.0306472778320312 0.0584373474121094 0.116249084472656 0.0667877197265625
0.0237541198730469 -0.0378379821777344 -0.116439819335938 -0.065338134765625
-0.0136032104492188 -0.0275230407714844 -0.055755615234375 -0.018707275390625
-0.0267829895019531 -0.0136222839355469 0.0170526504516602 -0.0171012878417969
-0.0252132415771484 0.00462913513183594 0.03955078125 -0.0412521362304688
-0.0178089141845703 0.00739288330078125 0.0382156372070312 -0.0677947998046875
-0.0141162872314453 0.0171394348144531 0.00917816162109374 -0.0944290161132812
-0.0160980224609375 0.0167255401611328 -0.035491943359375 -0.093475341796875
-0.0172433853149414 0.0110940933227539 -0.0444869995117187 -0.072479248046875
-0.0193080902099609 0.0115718841552734 -0.0466651916503906 -0.0541610717773438
-0.0199623107910156 -3.24249267578163E-05 -0.035003662109375 -0.04095458984375
-0.0198173522949219 -0.0108604431152344 -0.0336475372314453 -0.0165901184082031
-0.0148448944091797 -0.0201625823974609 -0.0461463928222656 -0.00148773193359374
-0.00147247314453125 -0.0307998657226563 -0.0674972534179688 0.00656890869140624
0.011627197265625 -0.0373764038085938 -0.1055908203125 0.021240234375
0.0303878784179688 -0.0380058288574219 -0.118698120117188 0.00050354003906248
0.0716476440429688 -0.0156021118164063 -0.099273681640625 -0.077423095703125
0.0294666290283203 -0.0135173797607422 -0.0436325073242188 -0.0309982299804687
0.0212669372558594 -0.0115165710449219 0.0273513793945313 -0.0230045318603516
0.0104217529296875 -0.00965785980224609 0.0465316772460938 -0.0481643676757813
0.00930309295654297 -0.0157270431518555 0.0443344116210938 -0.070404052734375
-0.0061798095703125 -0.0163946151733398 0.0129547119140625 -0.09765625
-0.0238666534423828 -0.0177078247070313 -0.0298690795898438 -0.0940322875976563
-0.0256614685058594 -0.0217227935791016 -0.0367851257324219 -0.0691452026367188
-0.0355796813964844 -0.0223541259765625 -0.0394248962402344 -0.0516319274902344
-0.0287952423095703 -0.0336437225341797 -0.0307292938232422 -0.0346431732177734
-0.0146560668945312 -0.0487480163574219 -0.0289077758789063 -0.0112762451171875
0.00477218627929688 -0.0554313659667969 -0.0423088073730469 -0.00125885009765626
0.0416793823242188 -0.0476837158203125 -0.0572853088378906 0.00313186645507813
0.0582008361816406 -0.0432853698730469 -0.08978271484375 0.014251708984375
0.0808334350585938 -0.0268478393554688 -0.0982742309570312 -0.00321197509765627
0.110710144042969 0.00917816162109375 -0.0680465698242187 -0.0797119140625
0.0719451904296875 0.00511932373046875 -0.0197925567626953 -0.0346393585205078
0.0717391967773438 -0.00829315185546875 0.0415115356445313 -0.0236282348632813
0.0488128662109375 -0.026153564453125 0.05364990234375 -0.0509300231933594
0.0379791259765625 -0.0404930114746094 0.04742431640625 -0.0677642822265625
0.00319290161132812 -0.0508384704589844 0.0139846801757812 -0.0904006958007813
-0.028900146484375 -0.050445556640625 -0.0216140747070313 -0.0822525024414063
-0.0304222106933594 -0.0523529052734375 -0.0230979919433594 -0.0551719665527344
-0.0468063354492188 -0.0532073974609375 -0.0254974365234375 -0.0401992797851563
-0.0340309143066406 -0.0611991882324219 -0.0207920074462891 -0.0207290649414063
-0.00994873046875 -0.079071044921875 -0.0215282440185547 -0.000135421752929692
0.0191116333007812 -0.08319091796875 -0.0372276306152344 0.00254058837890624
0.075775146484375 -0.061279296875 -0.0468025207519531 1.14440917968664E-05
0.0954971313476563 -0.045318603515625 -0.0670166015625 0.00330734252929688
0.118522644042969 -0.013641357421875 -0.06256103515625 -0.00560379028320312
0.134025573730469 0.0303115844726563 -0.0248947143554688 -0.0713882446289063
0.105873107910156 0.0203094482421875 0.0122089385986328 -0.0323619842529297
0.115127563476563 -0.0100631713867188 0.056549072265625 -0.0212821960449219
0.0813446044921875 -0.0450973510742188 0.0584831237792969 -0.0487289428710938
0.0592842102050781 -0.0640525817871094 0.045684814453125 -0.0571136474609375
0.0092620849609375 -0.0785293579101562 0.0136795043945313 -0.071380615234375
-0.0305252075195313 -0.0754470825195313 -0.00985336303710938 -0.0578498840332031
-0.0305633544921875 -0.0749282836914063 -0.00575447082519531 -0.0327720642089844
-0.0495223999023438 -0.0753936767578125 -0.0072479248046875 -0.0216579437255859
-0.0326919555664063 -0.079345703125 -0.00803518295288086 -0.00144052505493165
-0.001434326171875 -0.0978927612304688 -0.0124979019165039 0.0133371353149414
0.0323944091796875 -0.0981597900390625 -0.0304508209228516 0.00700187683105468
0.0996780395507812 -0.0641632080078125 -0.036224365234375 -0.00401687622070312
0.119247436523438 -0.0386734008789063 -0.039886474609375 -0.0102386474609375
0.138702392578125 0.0038604736328125 -0.0186538696289062 -0.00453948974609375
0.136085510253906 0.0438308715820313 0.0228958129882813 -0.0562057495117188
0.121696472167969 0.0288314819335938 0.0490913391113281 -0.0278358459472656
0.135894775390625 -0.0128402709960938 0.0687179565429688 -0.0185585021972656
0.0959854125976563 -0.0582962036132813 0.0598602294921875 -0.03973388671875
0.0673141479492187 -0.077972412109375 0.0425033569335938 -0.0384063720703125
0.0111618041992187 -0.0930252075195313 0.0143775939941406 -0.0429039001464844
-0.02886962890625 -0.0886688232421875 0.0048370361328125 -0.0267276763916016
-0.0259628295898437 -0.0858688354492188 0.0120830535888672 -0.00575923919677735
-0.0428390502929688 -0.0874710083007813 0.0110740661621094 0.00280189514160156
-0.02203369140625 -0.0867767333984375 0.0025177001953125 0.0214939117431641
0.01300048828125 -0.100105285644531 -0.00614738464355469 0.0279254913330078
0.0473098754882813 -0.0961990356445313 -0.0246181488037109 0.0129127502441406
0.112869262695313 -0.0511245727539063 -0.0255241394042969 -0.00710678100585938
0.12725830078125 -0.0193939208984375 -0.0100326538085937 -0.0210914611816406
0.138519287109375 0.0246200561523437 0.0285701751708984 0.00168037414550781
0.1158447265625 0.0471420288085938 0.0683059692382813 -0.039886474609375
0.112525939941406 0.031463623046875 0.0826797485351563 -0.0248489379882813
0.128280639648438 -0.0127182006835938 0.0758743286132813 -0.017120361328125
0.089996337890625 -0.058441162109375 0.05780029296875 -0.0276298522949219
0.061676025390625 -0.0754470825195313 0.0369834899902344 -0.0165481567382813
0.0105361938476562 -0.0897979736328125 0.0186595916748047 -0.0110740661621094
-0.023468017578125 -0.0857696533203125 0.0214309692382813 0.00547409057617187
-0.0176467895507812 -0.0836410522460938 0.0280590057373047 0.0214977264404297
-0.0295639038085938 -0.0868453979492187 0.0246162414550781 0.0289936065673828
-0.00575256347656249 -0.0818862915039063 0.00732803344726563 0.04510498046875
0.0286483764648437 -0.0888214111328125 -0.00551223754882812 0.04193115234375
0.0591583251953125 -0.077545166015625 -0.0212135314941406 0.0189590454101563
0.112785339355469 -0.0255813598632813 -0.0155048370361328 -0.00648593902587891
0.118171691894531 0.0068359375 0.0179805755615234 -0.0234699249267578
0.118499755859375 0.043731689453125 0.0701179504394532 0.0151519775390625
0.0758438110351563 0.0442733764648438 0.101654052734375 -0.0267715454101562
0.082550048828125 0.0301971435546875 0.105743408203125 -0.0242538452148437
0.095916748046875 -0.00522613525390625 0.07476806640625 -0.0169525146484375
0.0677604675292969 -0.0429191589355469 0.0537452697753906 -0.0153884887695313
0.0471878051757813 -0.0552558898925781 0.0331192016601563 0.00236129760742187
0.0103950500488281 -0.0696220397949219 0.0249347686767578 0.0158710479736328
-0.0131034851074219 -0.0693473815917969 0.0367889404296875 0.0320320129394531
-0.00725173950195313 -0.0689010620117188 0.0398292541503906 0.0449485778808594
-0.012420654296875 -0.074462890625 0.0322303771972656 0.0550422668457031
0.008209228515625 -0.0665702819824219 0.005035400390625 0.0664901733398438
0.0385475158691406 -0.0657386779785156 -0.0116348266601562 0.0543556213378906
0.0607414245605469 -0.0500946044921875 -0.0214080810546875 0.0257110595703125
0.0963821411132813 0.00107574462890625 -0.00792312622070312 -0.000579357147216795
0.0922012329101563 0.0310592651367188 0.04022216796875 -0.0141372680664063
0.0816650390625 0.0558013916015625 0.10089111328125 0.0353469848632813
0.0240745544433594 0.038330078125 0.118766784667969 -0.0173721313476562
0.0391998291015625 0.0307693481445313 0.114845275878906 -0.0239639282226562
0.049591064453125 0.00872802734375 0.0679969787597656 -0.0158729553222656
0.0377044677734375 -0.0154609680175781 0.0488166809082031 -0.00555419921875
0.0298366546630859 -0.0220699310302734 0.0298099517822266 0.0145149230957031
0.0142974853515625 -0.03692626953125 0.0307731628417969 0.0329170227050781
0.00228500366210937 -0.042999267578125 0.0470848083496094 0.050079345703125
0.00395965576171875 -0.0446968078613281 0.0455055236816406 0.0614891052246094
0.00224685668945312 -0.0510215759277344 0.0330352783203125 0.07635498046875
0.0143203735351562 -0.0438461303710938 -0.00193786621093749 0.0832901000976563
0.036041259765625 -0.0394554138183594 -0.0215415954589844 0.0634841918945313
0.0484619140625 -0.0241165161132813 -0.0252590179443359 0.0327777862548828
0.0659751892089844 0.0182304382324219 -0.00633907318115234 0.0101394653320313
0.0542945861816406 0.0427703857421875 0.0509605407714844 0.00339126586914063
0.0344963073730469 0.0547409057617187 0.115867614746094 0.058258056640625
0.0213088989257813 -0.0371475219726563 -0.114990234375 -0.06011962890625
-0.0141048431396484 -0.02587890625 -0.0542793273925781 -0.0152473449707031
-0.0266304016113281 -0.0119762420654297 0.0159387588500977 -0.0160408020019531
-0.0239810943603516 0.00579833984375 0.0382499694824219 -0.0407791137695313
-0.0173196792602539 0.00828742980957031 0.0370445251464844 -0.0671768188476563
-0.0121784210205078 0.0165576934814453 0.00660705566406251 -0.0928573608398438
-0.0137357711791992 0.0161657333374023 -0.0378265380859375 -0.09014892578125
-0.0159788131713867 0.0109663009643555 -0.0460319519042969 -0.0694656372070312
-0.0179843902587891 0.0112571716308594 -0.0479469299316406 -0.0516891479492188
-0.0183696746826172 0.000473022460937504 -0.036376953125 -0.0401153564453125
-0.0186042785644531 -0.00937843322753906 -0.0341606140136719 -0.0165004730224609
-0.0150337219238281 -0.0185527801513672 -0.0458984375 -0.00124359130859374
-0.00339126586914062 -0.0295848846435547 -0.0662040710449219 0.00746917724609376
0.00943756103515624 -0.0367279052734375 -0.102798461914063 0.0240478515625
0.0278854370117188 -0.0379600524902344 -0.11737060546875 0.00463104248046874
0.0694580078125 -0.0168418884277344 -0.0996017456054688 -0.0723724365234375
0.0280628204345703 -0.0131683349609375 -0.0430717468261719 -0.0269927978515625
0.0206298828125 -0.0115795135498047 0.0263118743896484 -0.0218887329101563
0.0100193023681641 -0.00934123992919922 0.0447273254394531 -0.0472221374511719
0.00903892517089844 -0.015350341796875 0.0427818298339844 -0.0692710876464844
-0.00545787811279297 -0.0164651870727539 0.0104904174804687 -0.0958786010742188
-0.0231704711914062 -0.0167465209960938 -0.0322036743164063 -0.0907669067382812
-0.0254554748535156 -0.0212287902832031 -0.0385017395019531 -0.0660820007324219
-0.0353279113769531 -0.0214004516601563 -0.0413818359375 -0.0490570068359375
-0.027984619140625 -0.0320396423339844 -0.0324306488037109 -0.0336036682128906
-0.0149002075195313 -0.0463027954101563 -0.0298118591308594 -0.0106544494628906
0.00271224975585937 -0.0528945922851563 -0.0421295166015625 -0.000808715820312499
0.0383834838867188 -0.0475387573242188 -0.0565719604492187 0.00435638427734376
0.054595947265625 -0.0438880920410156 -0.0884017944335938 0.0165252685546875
0.0777664184570313 -0.0287933349609375 -0.0982284545898438 3.05175781250165E-05
0.108978271484375 0.006072998046875 -0.0693511962890625 -0.0747451782226563
0.0705490112304688 0.00368499755859375 -0.0211315155029297 -0.0311164855957031
0.070587158203125 -0.010498046875 0.0404014587402344 -0.0228118896484375
0.0472450256347656 -0.0265998840332031 0.0513191223144531 -0.05047607421875
0.0364456176757813 -0.0412330627441406 0.0451889038085938 -0.0669441223144531
0.00240325927734375 -0.0498008728027344 0.0114669799804687 -0.0883407592773438
-0.0291709899902344 -0.0487518310546875 -0.0237045288085938 -0.0793685913085938
-0.0310134887695312 -0.0507698059082031 -0.0244140625 -0.0527191162109375
-0.0471687316894531 -0.0505447387695313 -0.0271987915039063 -0.037994384765625
-0.0343360900878906 -0.0589103698730469 -0.0226039886474609 -0.0196819305419922
-0.01165771484375 -0.0763931274414063 -0.0224113464355469 -0.000530242919921877
0.0160446166992188 -0.0811538696289063 -0.0373458862304688 0.00247573852539062
0.0717544555664063 -0.0618362426757813 -0.0469169616699219 0.000644683837890629
0.0910873413085938 -0.04693603515625 -0.0668373107910156 0.00533676147460938
0.115943908691406 -0.0164718627929688 -0.0632743835449219 -0.00269699096679689
0.132537841796875 0.0262451171875 -0.0266838073730469 -0.0673446655273438
0.104537963867188 0.0174407958984375 0.0100612640380859 -0.0292320251464844
0.112983703613281 -0.013763427734375 0.0550003051757813 -0.021240234375
0.0781936645507813 -0.0461959838867188 0.0560684204101563 -0.0478782653808594
0.0563316345214844 -0.0649528503417969 0.0441474914550781 -0.0563850402832031
0.00737762451171876 -0.0767822265625 0.0112113952636719 -0.0690040588378906
-0.0317535400390625 -0.0725860595703125 -0.0110893249511719 -0.0555267333984375
-0.0327682495117188 -0.0730209350585938 -0.00672340393066406 -0.0313835144042969
-0.0513076782226563 -0.071929931640625 -0.00893783569335938 -0.0205116271972656
-0.0337066650390625 -0.076324462890625 -0.00965309143066407 -0.000849723815917972
-0.00421905517578125 -0.0945968627929687 -0.0129680633544922 0.0125484466552734
0.0281295776367188 -0.097015380859375 -0.0311450958251953 0.00685882568359374
0.0955123901367188 -0.0660400390625 -0.0369224548339844 -0.00319290161132813
0.114730834960938 -0.0412521362304688 -0.0408973693847656 -0.00860977172851563
0.136474609375 -0.00014495849609375 -0.0203514099121094 -0.00313758850097656
0.135414123535156 0.038421630859375 0.0206985473632813 -0.0543441772460938
0.119827270507813 0.0248336791992188 0.045928955078125 -0.0263671875
0.133857727050781 -0.0173110961914062 0.0676155090332031 -0.0187339782714844
0.09246826171875 -0.0600204467773437 0.0577049255371094 -0.0388908386230469
0.0635223388671875 -0.0795745849609375 0.0412559509277344 -0.0380096435546875
0.00854492187500001 -0.0912628173828125 0.0131454467773437 -0.0412673950195313
-0.03106689453125 -0.0850677490234375 0.00435447692871094 -0.02557373046875
-0.0283889770507812 -0.083587646484375 0.0116567611694336 -0.00582218170166016
-0.0454483032226563 -0.0836944580078125 0.00958251953125 0.00273513793945312
-0.0235977172851563 -0.083831787109375 0.00212669372558593 0.0215988159179687
0.00944519042968751 -0.0984268188476563 -0.005950927734375 0.0269012451171875
0.0429153442382813 -0.09564208984375 -0.0252017974853516 0.0123538970947266
0.108779907226562 -0.0537643432617188 -0.0264720916748047 -0.00658035278320313
0.123451232910156 -0.0234298706054687 -0.0120506286621094 -0.0200881958007813
0.137107849121094 0.019775390625 0.0257110595703125 0.00193595886230469
0.115646362304687 0.0429763793945312 0.0651283264160156 -0.0399398803710938
0.111244201660156 0.0270233154296875 0.0791091918945312 -0.024505615234375
0.126274108886719 -0.0168228149414063 0.07415771484375 -0.017578125
0.0866165161132812 -0.06024169921875 0.0564231872558594 -0.0273094177246094
0.0578689575195313 -0.0767364501953125 0.036956787109375 -0.0163383483886719
0.00706481933593751 -0.0880813598632813 0.0181159973144531 -0.010345458984375
-0.0261993408203125 -0.0822219848632813 0.0218639373779297 0.00544929504394531
-0.0210113525390625 -0.0814285278320313 0.0289058685302734 0.0203666687011719
-0.0318145751953125 -0.0831756591796875 0.0243549346923828 0.0285663604736328
-0.00814056396484375 -0.079681396484375 0.00790786743164062 0.0443534851074219
0.0254440307617187 -0.087127685546875 -0.00505447387695312 0.0411109924316406
0.0550003051757813 -0.0776519775390625 -0.0215930938720703 0.01824951171875
0.109291076660156 -0.0291671752929688 -0.0169029235839844 -0.00668621063232422
0.115554809570313 0.0030975341796875 0.0155582427978516 -0.0231838226318359
0.118339538574219 0.0391616821289062 0.0678329467773438 0.0133514404296875
0.0763092041015625 0.0408706665039062 0.0991134643554687 -0.028167724609375
0.0818023681640625 0.0277633666992188 0.102096557617187 -0.0251235961914062
0.0946502685546875 -0.0086822509765625 0.0729141235351563 -0.0171737670898438
0.0646858215332031 -0.0443115234375 0.05267333984375 -0.0153999328613281
0.0440101623535156 -0.05621337890625 0.0335044860839844 0.00233078002929687
0.00731658935546875 -0.0682220458984375 0.0251579284667969 0.0158634185791016
-0.0157089233398437 -0.0666885375976563 0.0373649597167969 0.0309410095214844
-0.00988006591796876 -0.0670852661132813 0.040740966796875 0.0427207946777344
-0.0156173706054687 -0.07159423828125 0.0326805114746094 0.0532646179199219
0.00564956665039062 -0.0646858215332031 0.006256103515625 0.0659255981445313
0.0349311828613281 -0.0656356811523437 -0.0105819702148437 0.0536079406738281
0.057342529296875 -0.050933837890625 -0.0213832855224609 0.0250511169433594
0.0945968627929688 -0.0023193359375 -0.0093393325805664 -0.00109481811523438
0.0909347534179688 0.0272903442382813 0.0377044677734375 -0.0153465270996094
0.0821075439453125 0.0514755249023438 0.0982742309570313 0.0316925048828125
0.0252342224121094 0.0364303588867187 0.116584777832031 -0.0203704833984375
0.0396842956542969 0.0282821655273438 0.110794067382813 -0.026275634765625
0.0498046875 0.00658416748046875 0.0664901733398438 -0.0163726806640625
0.036407470703125 -0.0167770385742188 0.0484619140625 -0.00591659545898438
0.0280246734619141 -0.0232810974121094 0.0301475524902344 0.0141067504882812
0.0118484497070312 -0.0364646911621094 0.0313396453857422 0.0323238372802734
-0.00048065185546875 -0.0414543151855469 0.048004150390625 0.0473594665527344
0.001953125 -0.0429306030273437 0.0465507507324219 0.0586051940917969
-0.000148773193359377 -0.0493850708007813 0.034423828125 0.074066162109375
0.0123825073242188 -0.0426063537597656 -0.000419616699218757 0.082427978515625
0.03271484375 -0.0391159057617188 -0.0197639465332031 0.0622787475585938
0.0461196899414063 -0.0253562927246094 -0.0247001647949219 0.0326328277587891
0.0655288696289063 0.0149726867675781 -0.006927490234375 0.00907993316650391
0.0545578002929688 0.0400886535644531 0.0488052368164063 0.000801086425781253
0.0354156494140625 0.0518226623535156 0.113990783691406 0.0536651611328125
0.0203094482421875 -0.0367622375488281 -0.115371704101562 -0.05841064453125
-0.0141658782958984 -0.0254344940185547 -0.053741455078125 -0.0135307312011719
-0.0267086029052734 -0.0112838745117187 0.0162754058837891 -0.0157079696655273
-0.0237331390380859 0.00693321228027344 0.038116455078125 -0.0402908325195313
-0.016693115234375 0.0089874267578125 0.0372390747070312 -0.0668792724609375
-0.010894775390625 0.0163297653198242 0.00675201416015625 -0.0937042236328125
-0.0124912261962891 0.0155096054077148 -0.0387039184570313 -0.0898513793945312
-0.0150585174560547 0.0103635787963867 -0.0477409362792969 -0.0687446594238281
-0.0174894332885742 0.0104074478149414 -0.0491294860839844 -0.0514030456542969
-0.01739501953125 1.43051147460966E-05 -0.0380134582519531 -0.0409393310546875
-0.0180339813232422 -0.00894927978515625 -0.0358123779296875 -0.017181396484375
-0.0154170989990234 -0.0171852111816406 -0.0464859008789062 -0.00138092041015625
-0.00413322448730469 -0.0289115905761719 -0.0658111572265625 0.00728225708007814
0.00802230834960938 -0.036224365234375 -0.102424621582031 0.0243682861328125
0.0266189575195313 -0.0377426147460938 -0.118965148925781 0.00639343261718748
0.0691604614257812 -0.0173187255859375 -0.100082397460938 -0.0707626342773438
0.0285453796386719 -0.0133743286132812 -0.0432090759277344 -0.0245208740234375
0.0204620361328125 -0.0116291046142578 0.0263328552246094 -0.0213031768798828
0.0102148056030273 -0.00869560241699219 0.0450477600097656 -0.0465850830078125
0.00913143157958984 -0.0156335830688477 0.0428504943847656 -0.0694503784179688
-0.00468635559082031 -0.0164909362792969 0.00999450683593751 -0.0960464477539063
-0.0221691131591797 -0.0169925689697266 -0.0333633422851562 -0.0901718139648438
-0.0254020690917969 -0.0215816497802734 -0.0394973754882813 -0.0657844543457031
-0.0350666046142578 -0.0210990905761719 -0.0428504943847656 -0.0486602783203125
-0.0274581909179688 -0.0315208435058594 -0.0338649749755859 -0.0343341827392578
-0.0147895812988281 -0.0454673767089844 -0.0310344696044922 -0.0116176605224609
0.0019683837890625 -0.0524864196777344 -0.0433082580566406 -0.00142669677734375
0.0373573303222656 -0.0472908020019531 -0.0565071105957031 0.00404739379882811
0.0530052185058594 -0.0440597534179688 -0.0889129638671875 0.0175933837890625
0.0772323608398438 -0.0297012329101563 -0.0996322631835938 0.00202941894531248
0.109161376953125 0.00562286376953125 -0.0696868896484375 -0.072967529296875
0.0709762573242188 0.003326416015625 -0.0213947296142578 -0.0283088684082031
0.0712509155273438 -0.0118865966796875 0.0406608581542969 -0.0220718383789062
0.0477371215820313 -0.0267677307128906 0.0512657165527344 -0.0496826171875
0.0360183715820313 -0.0418357849121094 0.0454978942871094 -0.0674324035644531
0.00221633911132812 -0.0498313903808594 0.0107269287109375 -0.08807373046875
-0.0292701721191406 -0.0481147766113281 -0.0242919921875 -0.0780181884765625
-0.0319557189941406 -0.0509681701660156 -0.0252952575683594 -0.0527267456054688
-0.0476760864257812 -0.0496635437011719 -0.0289573669433594 -0.0377311706542969
-0.0344085693359375 -0.0580825805664063 -0.0240287780761719 -0.019927978515625
-0.012298583984375 -0.07562255859375 -0.0235424041748047 -0.000970840454101569
0.0149002075195313 -0.0810928344726563 -0.0386962890625 0.00191116333007812
0.0704345703125 -0.062591552734375 -0.0477981567382813 0.000816345214843741
0.0892715454101562 -0.047821044921875 -0.0675849914550781 0.00678634643554688
0.115570068359375 -0.0175094604492188 -0.0653152465820312 -0.00085830688476564
0.133285522460938 0.0250625610351563 -0.0275611877441406 -0.0658073425292969
0.104621887207031 0.016632080078125 0.00925254821777344 -0.0266895294189453
0.113212585449219 -0.0154037475585937 0.0558433532714844 -0.0203971862792969
0.0774307250976563 -0.0471038818359375 0.0562324523925781 -0.0470466613769531
0.0548095703125 -0.0666007995605469 0.0442085266113281 -0.0564155578613281
0.0063934326171875 -0.0769119262695313 0.010772705078125 -0.068450927734375
-0.0325469970703125 -0.0723037719726563 -0.0112953186035156 -0.054718017578125
-0.033477783203125 -0.0727310180664063 -0.00726699829101562 -0.0313320159912109
-0.0516586303710938 -0.0713882446289063 -0.0102252960205078 -0.0195484161376953
-0.0339813232421875 -0.0756988525390625 -0.0105915069580078 -0.000696182250976566
-0.00545501708984376 -0.0947036743164063 -0.0139493942260742 0.0122480392456055
0.027069091796875 -0.0971221923828125 -0.0324840545654297 0.00698471069335936
0.0943603515625 -0.06689453125 -0.0379981994628906 -0.00339508056640625
0.11334228515625 -0.0420684814453125 -0.0421562194824219 -0.00758743286132813
0.137435913085938 -0.00142669677734375 -0.0221900939941406 -0.00160408020019531
0.1365966796875 0.0370559692382813 0.0200386047363281 -0.0534477233886719
0.120391845703125 0.0243682861328125 0.0446662902832031 -0.0243568420410156
0.134246826171875 -0.0202484130859375 0.0681838989257813 -0.0182075500488281
0.0919876098632813 -0.0607681274414063 0.0576248168945313 -0.0386466979980469
0.0628128051757813 -0.0811767578125 0.0410614013671875 -0.0377731323242188
0.00714111328125 -0.0910568237304688 0.0130729675292969 -0.0398483276367188
-0.032135009765625 -0.0840377807617188 0.00443458557128906 -0.0247611999511719
-0.029632568359375 -0.0831527709960938 0.0120458602905273 -0.00515460968017579
-0.0461959838867188 -0.0825576782226563 0.00901222229003906 0.00327682495117187
-0.0240554809570312 -0.08294677734375 0.00131034851074218 0.0212936401367187
0.0081634521484375 -0.0980300903320313 -0.00695991516113281 0.0263767242431641
0.0414962768554688 -0.0961151123046875 -0.0265407562255859 0.0122261047363281
0.108749389648438 -0.0558013916015625 -0.0280609130859375 -0.00686836242675782
0.122909545898438 -0.02423095703125 -0.0138282775878906 -0.0194530487060547
0.138809204101563 0.0182952880859375 0.0243282318115234 0.00260353088378906
0.116935729980469 0.0419845581054688 0.0650558471679688 -0.0396919250488281
0.111465454101563 0.0265884399414063 0.0782623291015625 -0.0235443115234375
0.126235961914063 -0.0188140869140625 0.0744705200195313 -0.01739501953125
0.085723876953125 -0.0611343383789062 0.0562477111816406 -0.0268211364746094
0.0567855834960938 -0.0779266357421875 0.0369606018066406 -0.0156669616699219
0.005615234375 -0.0875396728515625 0.0183429718017578 -0.00864410400390625
-0.027984619140625 -0.080902099609375 0.0220756530761719 0.00515556335449218
-0.0226287841796875 -0.0807266235351563 0.0299472808837891 0.0197563171386719
-0.033721923828125 -0.0825576782226563 0.0239524841308594 0.0286178588867187
-0.00879669189453125 -0.0788192749023438 0.00732421875 0.0452194213867187
0.0235671997070313 -0.0874862670898438 -0.0052947998046875 0.040863037109375
0.0540618896484375 -0.078399658203125 -0.0226802825927734 0.0181369781494141
0.109413146972656 -0.0308303833007812 -0.0177345275878906 -0.00709915161132812
0.11529541015625 0.00179290771484375 0.0137977600097656 -0.0235233306884766
0.119522094726563 0.0375442504882813 0.0661964416503906 0.0136489868164063
0.0774917602539063 0.0407562255859375 0.0992431640625 -0.0287094116210937
0.0824127197265625 0.0266265869140625 0.101119995117188 -0.0246124267578125
0.0950469970703125 -0.0109786987304688 0.0731582641601563 -0.0174102783203125
0.0638389587402344 -0.0452194213867188 0.0526924133300781 -0.0150032043457031
0.043182373046875 -0.0577354431152344 0.0337257385253906 0.00292587280273437
0.00611114501953125 -0.067535400390625 0.0257472991943359 0.0171413421630859
-0.0173759460449219 -0.0655288696289063 0.0382804870605469 0.030792236328125
-0.0118331909179687 -0.0663986206054688 0.0421295166015625 0.0418357849121094
-0.0172882080078125 -0.0708084106445313 0.0331230163574219 0.0533981323242188
0.00453567504882813 -0.0643730163574219 0.00679779052734375 0.0662574768066406
0.0332183837890625 -0.0659866333007813 -0.0109710693359375 0.053680419921875
0.0568695068359375 -0.0517463684082031 -0.0221023559570312 0.0247745513916016
0.0946502685546875 -0.00377655029296875 -0.0102558135986328 -0.0015726089477539
0.0912628173828125 0.0260696411132812 0.0361557006835938 -0.0159187316894531
0.0841903686523437 0.05035400390625 0.0975265502929688 0.0315017700195313
0.0264816284179688 0.0364036560058594 0.117111206054688 -0.0209808349609375
0.0401535034179688 0.0279541015625 0.110160827636719 -0.0267333984375
0.0505104064941406 0.00490570068359375 0.0664215087890625 -0.0161323547363281
0.0360260009765625 -0.0179595947265625 0.0487174987792969 -0.00570297241210938
0.0274715423583984 -0.0243415832519531 0.0308132171630859 0.01513671875
0.0106086730957031 -0.0365219116210938 0.0322647094726563 0.0329685211181641
-0.0016326904296875 -0.04034423828125 0.0491447448730469 0.0468788146972656
2.59268389271324E-18 -0.0423431396484375 0.0478668212890625 0.0578231811523438
-0.00182723999023438 -0.0485763549804688 0.0352859497070312 0.0735855102539063
0.0112762451171875 -0.0419082641601563 0.000366210937499995 0.0830764770507813
0.0313377380371094 -0.0400390625 -0.0202369689941406 0.0624885559082031
0.0456924438476563 -0.0259971618652344 -0.0252037048339844 0.0319576263427734
0.0655136108398437 0.0137672424316406 -0.00808668136596679 0.00792980194091797
0.0549659729003906 0.0391311645507813 0.0476493835449219 -4.95910644531226E-05
0.0365219116210938 0.0512733459472656 0.112899780273438 0.0524215698242188
0.0201797485351562 -0.0377998352050781 -0.118484497070313 -0.0574111938476563
-0.0149345397949219 -0.0256519317626953 -0.0545616149902344 -0.0111274719238281
-0.0272693634033203 -0.0101318359375 0.016636848449707 -0.0150661468505859
-0.0233402252197266 0.00773048400878906 0.0394554138183594 -0.0411949157714844
-0.0161418914794922 0.00981998443603515 0.03790283203125 -0.0694770812988281
-0.0098724365234375 0.0165081024169922 0.00627899169921875 -0.0967788696289063
-0.0115938186645508 0.014892578125 -0.0412826538085938 -0.0914535522460938
-0.0149593353271484 0.0105085372924805 -0.050811767578125 -0.0693855285644531
-0.0172271728515625 0.0106954574584961 -0.0523757934570312 -0.0520401000976563
-0.0170764923095703 -0.000291824340820313 -0.0409202575683594 -0.0417060852050781
-0.0176410675048828 -0.00848579406738281 -0.03765869140625 -0.0176925659179688
-0.0155754089355469 -0.0170450210571289 -0.0477218627929688 -0.00162887573242188
-0.00531578063964844 -0.0291233062744141 -0.0671882629394531 0.00745010375976562
0.00699234008789062 -0.0369911193847656 -0.104827880859375 0.02630615234375
0.0262069702148438 -0.0389213562011719 -0.123085021972656 0.008331298828125
0.070831298828125 -0.01837158203125 -0.10321044921875 -0.0703277587890625
0.0290279388427734 -0.0135498046875 -0.0442123413085938 -0.0228385925292969
0.0214748382568359 -0.0123291015625 0.0269088745117187 -0.0209083557128906
0.0106010437011719 -0.00867748260498047 0.0454216003417969 -0.0475654602050781
0.009674072265625 -0.0159387588500977 0.0438919067382813 -0.0718307495117188
-0.00446605682373047 -0.0170154571533203 0.00910949707031251 -0.0987625122070313
-0.0223522186279297 -0.017974853515625 -0.0357589721679688 -0.091583251953125
-0.0260028839111328 -0.0223731994628906 -0.0424308776855469 -0.0662765502929688
-0.0361251831054688 -0.02142333984375 -0.0460243225097656 -0.0489730834960938
-0.0276451110839844 -0.0325946807861328 -0.0365180969238281 -0.0348777770996094
-0.0152015686035156 -0.0461959838867188 -0.0330886840820313 -0.0125980377197266
0.00177383422851563 -0.0537757873535156 -0.0452804565429687 -0.00126647949218751
0.037353515625 -0.0486259460449219 -0.0586509704589844 0.00447082519531248
0.0529670715332031 -0.0451316833496094 -0.0912017822265625 0.0200576782226562
0.0786285400390625 -0.0313568115234375 -0.103988647460938 0.00459289550781252
0.112319946289063 0.00390625 -0.0725021362304687 -0.0727767944335938
0.0730667114257813 0.0026702880859375 -0.0219554901123047 -0.0266265869140625
0.0735626220703125 -0.0138473510742188 0.0420150756835938 -0.0226287841796875
0.0484428405761719 -0.0279045104980469 0.0524406433105469 -0.0506401062011719
0.0366172790527344 -0.0436859130859375 0.0462722778320313 -0.0691070556640625
0.00226593017578125 -0.0513038635253906 0.0104904174804687 -0.0901260375976562
-0.0295600891113281 -0.049224853515625 -0.0265731811523438 -0.0788192749023438
-0.0332984924316406 -0.0517692565917969 -0.027191162109375 -0.0532264709472656
-0.0499610900878906 -0.0505447387695312 -0.0312118530273438 -0.0378036499023438
-0.0354652404785156 -0.0593719482421875 -0.0261478424072266 -0.0204830169677734
-0.0134124755859375 -0.07708740234375 -0.0253753662109375 -0.00153541564941406
0.014129638671875 -0.0830764770507813 -0.0403289794921875 0.00198745727539061
0.0708847045898438 -0.0651702880859375 -0.0494728088378906 0.001007080078125
0.0900726318359375 -0.0494766235351563 -0.0699348449707031 0.00833892822265623
0.118827819824219 -0.0200881958007813 -0.0690727233886719 0.00103759765624999
0.138008117675781 0.0240097045898437 -0.0289649963378906 -0.0657577514648438
0.108451843261719 0.01605224609375 0.00906562805175782 -0.0251235961914063
0.117073059082031 -0.0185623168945312 0.0580368041992188 -0.0208244323730469
0.079315185546875 -0.049407958984375 0.0574760437011719 -0.0476036071777344
0.0560226440429688 -0.0699806213378906 0.0452690124511719 -0.0576515197753906
0.00604248046875 -0.078948974609375 0.0106620788574219 -0.0696220397949219
-0.0344467163085937 -0.0731124877929688 -0.0124282836914063 -0.0555038452148438
-0.0356979370117188 -0.074371337890625 -0.00741958618164063 -0.0320281982421875
-0.0546112060546875 -0.0718154907226563 -0.0114459991455078 -0.0192642211914063
-0.0353851318359375 -0.0771942138671875 -0.0120925903320313 -0.00084304809570313
-0.0068206787109375 -0.0964736938476563 -0.0153474807739258 0.0118618011474609
0.0264816284179688 -0.100044250488281 -0.0343036651611328 0.00713729858398437
0.0956954956054688 -0.0703048706054688 -0.0397300720214844 -0.00281906127929687
0.114791870117188 -0.04412841796875 -0.0440559387207031 -0.006805419921875
0.141830444335938 -0.0037689208984375 -0.0245761871337891 -0.000270843505859371
0.141098022460938 0.035919189453125 0.0196533203125 -0.0537834167480469
0.124565124511719 0.0233154296875 0.0456085205078125 -0.0231781005859375
0.137985229492188 -0.0234298706054687 0.0702781677246094 -0.0189895629882813
0.0933837890625 -0.0640029907226563 0.0593147277832031 -0.0387611389160156
0.0628433227539063 -0.0847091674804688 0.0425071716308594 -0.0383186340332031
0.00605773925781249 -0.09356689453125 0.0134086608886719 -0.0401115417480469
-0.0342941284179688 -0.0850830078125 0.004547119140625 -0.0248088836669922
-0.0323562622070313 -0.0850830078125 0.0123453140258789 -0.00658607482910157
-0.0495147705078125 -0.0834884643554688 0.00807905197143554 0.00366020202636718
-0.0256881713867188 -0.0844268798828125 0.000780105590820312 0.0224399566650391
0.00653076171874999 -0.100852966308594 -0.00789451599121094 0.0262851715087891
0.0410232543945312 -0.0992813110351562 -0.0281696319580078 0.0120563507080078
0.110740661621094 -0.0591659545898438 -0.0296955108642578 -0.00644111633300782
0.125221252441406 -0.0267410278320313 -0.0155353546142578 -0.0189571380615234
0.143936157226563 0.01605224609375 0.0236625671386719 0.00339698791503906
0.121238708496094 0.0411148071289062 0.0664749145507813 -0.0402183532714844
0.115676879882812 0.025909423828125 0.0791015625 -0.0230789184570313
0.130241394042969 -0.022735595703125 0.0774002075195313 -0.0178985595703125
0.0869598388671875 -0.0639877319335938 0.0578880310058594 -0.0268898010253906
0.0567626953125 -0.08209228515625 0.0387001037597656 -0.0159416198730469
0.00446319580078125 -0.0894851684570313 0.0192680358886719 -0.00827789306640626
-0.0296859741210937 -0.0817108154296875 0.0235176086425781 0.0055694580078125
-0.0249786376953125 -0.082611083984375 0.030670166015625 0.0196075439453125
-0.0362777709960938 -0.083740234375 0.0249214172363281 0.0297489166259766
-0.010406494140625 -0.0803680419921875 0.00811004638671875 0.0461273193359375
0.0223236083984375 -0.0895767211914063 -0.00618743896484375 0.041656494140625
0.0537033081054688 -0.08221435546875 -0.0240650177001953 0.0181617736816406
0.11212158203125 -0.0343017578125 -0.0194892883300781 -0.00649070739746094
0.11798095703125 4.57763671875E-05 0.0128173828125 -0.0236663818359375
0.124443054199219 0.0370635986328125 0.0671043395996094 0.0140380859375
0.0807113647460938 0.040252685546875 0.102134704589844 -0.0296249389648437
0.0852890014648438 0.0266799926757813 0.102447509765625 -0.0251541137695313
0.0973281860351563 -0.0131759643554688 0.0754318237304687 -0.0177078247070312
0.0644798278808594 -0.0479278564453125 0.0543212890625 -0.0151596069335938
0.042816162109375 -0.0605735778808594 0.0352554321289063 0.0030975341796875
0.00494384765625 -0.068695068359375 0.0272369384765625 0.0184955596923828
-0.0192031860351563 -0.0658035278320313 0.0407867431640625 0.031280517578125
-0.0140342712402344 -0.0675621032714844 0.0445022583007813 0.0420036315917969
-0.01947021484375 -0.0716629028320313 0.0345230102539063 0.054534912109375
0.00352096557617188 -0.0652542114257812 0.00750350952148437 0.0684585571289063
0.032379150390625 -0.0676345825195313 -0.0116386413574219 0.0543327331542969
0.0571975708007813 -0.0544891357421875 -0.0233993530273437 0.0250968933105469
0.0974502563476563 -0.00569915771484375 -0.0115699768066406 -0.00195789337158203
0.0935745239257813 0.02496337890625 0.03546142578125 -0.0166740417480469
0.087615966796875 0.050140380859375 0.0993423461914063 0.0315093994140625
0.0279045104980469 0.0363693237304687 0.120010375976563 -0.0230560302734375
0.0421791076660156 0.0280303955078125 0.112663269042969 -0.0285263061523438
0.0525131225585937 0.003814697265625 0.0682449340820312 -0.0168228149414062
0.0362396240234375 -0.0195159912109375 0.0499763488769531 -0.0058441162109375
0.0274543762207031 -0.0261306762695313 0.0328292846679688 0.0154933929443359
0.00977706909179688 -0.0368843078613281 0.0340766906738281 0.0339813232421875
-0.00331878662109375 -0.0403785705566406 0.0522422790527344 0.0473518371582031
-0.00112533569335937 -0.0430908203125 0.0507965087890625 0.0578994750976563
-0.00290298461914062 -0.0491218566894531 0.0374984741210938 0.0752182006835937
0.0102310180664063 -0.0430412292480469 0.00146484375 0.0855560302734375
0.0307502746582031 -0.0412330627441406 -0.0206069946289062 0.0642509460449219
0.046142578125 -0.0278205871582031 -0.0263023376464844 0.0325984954833984
0.0675888061523438 0.0128288269042969 -0.00884914398193359 0.00779438018798828
0.0570755004882813 0.0389556884765625 0.0478668212890625 -0.00124740600585937
0.0391273498535156 0.0517539978027344 0.116081237792969 0.052642822265625
0.0185966491699219 -0.0396461486816406 -0.124053955078125 -0.0546875
-0.0163555145263672 -0.0257835388183594 -0.0561027526855469 -0.00876617431640626
-0.0280227661132813 -0.00934982299804687 0.0172042846679687 -0.0155563354492187
-0.0233955383300781 0.00958061218261719 0.0398216247558594 -0.0430259704589844
-0.0158138275146484 0.0112590789794922 0.0372314453125 -0.0732269287109375
-0.00877571105957031 0.0166425704956055 0.003265380859375 -0.101158142089844
-0.0108575820922852 0.0148420333862305 -0.0471954345703125 -0.0929489135742188
-0.0147409439086914 0.0111026763916016 -0.0559158325195313 -0.0696640014648438
-0.0172328948974609 0.0112476348876953 -0.0575942993164063 -0.0521812438964844
-0.0170965194702148 -0.000395774841308591 -0.0454063415527344 -0.0425949096679688
-0.0174856185913086 -0.00800037384033203 -0.0405349731445313 -0.0173072814941406
-0.0172233581542969 -0.0164289474487305 -0.0506439208984375 -0.000507354736328131
-0.00730514526367188 -0.0292453765869141 -0.06903076171875 0.009521484375
0.00589370727539063 -0.0381927490234375 -0.107742309570313 0.0310516357421875
0.0252494812011719 -0.0413055419921875 -0.129035949707031 0.014129638671875
0.072509765625 -0.0215682983398438 -0.109451293945313 -0.0680160522460938
0.0301017761230469 -0.0146617889404297 -0.045745849609375 -0.0198402404785156
0.0221195220947266 -0.0139312744140625 0.0279121398925781 -0.0221023559570313
0.0114278793334961 -0.00892066955566406 0.0462455749511719 -0.049468994140625
0.00998878479003906 -0.0172691345214844 0.0433731079101563 -0.0756912231445312
-0.004486083984375 -0.0182170867919922 0.0062408447265625 -0.102989196777344
-0.023284912109375 -0.0182342529296875 -0.0405044555664063 -0.0930252075195313
-0.0276374816894531 -0.0223751068115234 -0.0473861694335938 -0.0667190551757813
-0.0380859375 -0.0208587646484375 -0.0508155822753906 -0.0491523742675781
-0.0292186737060547 -0.0333175659179688 -0.0407218933105469 -0.0355262756347656
-0.01690673828125 -0.0471115112304687 -0.0358085632324219 -0.0125198364257813
-0.000297546386718755 -0.0551643371582031 -0.0479049682617188 -0.00035095214843751
0.0366554260253906 -0.0512466430664063 -0.0604515075683594 0.00644302368164062
0.0523643493652344 -0.0481796264648438 -0.094085693359375 0.0243606567382813
0.0801849365234375 -0.035491943359375 -0.109222412109375 0.00936889648437502
0.117050170898438 -0.00030517578125 -0.0775985717773437 -0.0717697143554688
0.0766448974609375 0.00060272216796875 -0.0237712860107422 -0.0243473052978516
0.075836181640625 -0.0176162719726563 0.0434684753417969 -0.0243415832519531
0.0499267578125 -0.0308380126953125 0.0530052185058594 -0.0528755187988281
0.036376953125 -0.0476150512695313 0.04583740234375 -0.0727157592773438
0.00110626220703125 -0.0536918640136719 0.00762176513671876 -0.0935440063476563
-0.0322799682617187 -0.0497169494628906 -0.0306320190429688 -0.0807113647460938
-0.0366630554199219 -0.0534133911132813 -0.0305671691894531 -0.0538597106933594
-0.0532989501953125 -0.0499610900878906 -0.0352058410644531 -0.0374488830566406
-0.0379104614257813 -0.0603103637695313 -0.0290489196777344 -0.0206851959228516
-0.0159988403320313 -0.0790634155273438 -0.0273818969726563 -0.00151062011718751
0.01123046875 -0.0868606567382813 -0.0433273315429688 0.00294494628906249
0.071136474609375 -0.0697708129882813 -0.0510330200195313 0.00282287597656249
0.0908203125 -0.0541534423828125 -0.0730743408203125 0.011993408203125
0.122947692871094 -0.02520751953125 -0.0732345581054688 0.00520324707031248
0.145156860351563 0.0186767578125 -0.0326881408691406 -0.0659637451171875
0.113861083984375 0.0132217407226563 0.00842094421386719 -0.0241069793701172
0.121299743652344 -0.0251541137695313 0.0595474243164063 -0.0233154296875
0.0804901123046875 -0.0542449951171875 0.058380126953125 -0.0499114990234375
0.05523681640625 -0.07513427734375 0.0452079772949219 -0.060821533203125
0.00339508056640624 -0.0822372436523438 0.0091705322265625 -0.0721054077148438
-0.0377731323242188 -0.074310302734375 -0.0151939392089844 -0.0564842224121094
-0.0398788452148438 -0.075927734375 -0.00930023193359376 -0.0331516265869141
-0.0597305297851563 -0.0716552734375 -0.0136566162109375 -0.0186595916748047
-0.0384063720703125 -0.0781784057617188 -0.0131826400756836 -0.000511169433593752
-0.0107955932617187 -0.0992660522460937 -0.0164546966552734 0.0119457244873047
0.0228118896484375 -0.10479736328125 -0.03717041015625 0.00795745849609375
0.0966339111328125 -0.0772323608398438 -0.0422210693359375 -0.00159835815429688
0.117385864257812 -0.0499496459960937 -0.0467071533203125 -0.00399017333984375
0.148040771484375 -0.009490966796875 -0.0266513824462891 0.00200271606445312
0.149154663085937 0.031890869140625 0.0184440612792969 -0.0554695129394531
0.130958557128906 0.0199737548828125 0.0461463928222656 -0.0234756469726563
0.142715454101563 -0.0309906005859375 0.0727462768554688 -0.0215606689453125
0.0945968627929688 -0.0695724487304688 0.0606727600097656 -0.0407447814941406
0.0615921020507812 -0.0915374755859375 0.0433425903320313 -0.0404891967773438
0.00287628173828124 -0.0970458984375 0.0131187438964844 -0.0411109924316406
-0.038665771484375 -0.0863189697265625 0.00432395935058593 -0.0257396697998047
-0.0373382568359375 -0.08709716796875 0.0127964019775391 -0.00725269317626954
-0.054718017578125 -0.084197998046875 0.00794363021850586 0.00413322448730468
-0.0295791625976562 -0.0863189697265625 0.00101661682128906 0.0232734680175781
0.00270843505859375 -0.104621887207031 -0.00793266296386719 0.0274257659912109
0.0380172729492187 -0.104827880859375 -0.0303573608398438 0.0135345458984375
0.113288879394531 -0.0660858154296875 -0.0314807891845703 -0.00565338134765625
0.128349304199219 -0.0322799682617188 -0.0172805786132812 -0.0183544158935547
0.1514892578125 0.0111541748046875 0.0232601165771484 0.0039520263671875
0.128883361816406 0.0374221801757813 0.0676422119140625 -0.0436439514160156
0.12152099609375 0.0227890014648437 0.0808563232421875 -0.0247573852539062
0.134292602539063 -0.0292892456054688 0.0795211791992188 -0.0210647583007813
0.086883544921875 -0.0699386596679688 0.0590744018554688 -0.0289802551269531
0.0551223754882813 -0.0880279541015625 0.0401191711425781 -0.0173988342285156
0.0015411376953125 -0.0922927856445312 0.02032470703125 -0.00790405273437501
-0.0337905883789062 -0.0829010009765625 0.0251789093017578 0.00538825988769531
-0.029693603515625 -0.0847320556640625 0.0330600738525391 0.0186138153076172
-0.0414886474609375 -0.084259033203125 0.0264377593994141 0.0305557250976563
-0.0136947631835938 -0.0823974609375 0.00980758666992187 0.0480499267578125
0.0190887451171875 -0.0936355590820313 -0.00568389892578124 0.0429191589355469
0.0526199340820312 -0.087371826171875 -0.0257472991943359 0.0194759368896484
0.116096496582031 -0.0401535034179687 -0.0209465026855469 -0.00587654113769532
0.122352600097656 -0.00473785400390625 0.0114345550537109 -0.0242824554443359
0.132118225097656 0.032501220703125 0.0691719055175781 0.0129661560058594
0.0862350463867188 0.0383377075195313 0.105415344238281 -0.0345077514648438
0.0897979736328125 0.02423095703125 0.105445861816406 -0.028961181640625
0.100639343261719 -0.0184707641601563 0.07818603515625 -0.0204544067382813
0.0648002624511719 -0.05181884765625 0.0562171936035156 -0.0167427062988281
0.0415382385253906 -0.0647468566894531 0.0378341674804688 0.00283432006835937
0.0020751953125 -0.0710372924804688 0.0297679901123047 0.0190582275390625
-0.0229721069335938 -0.066070556640625 0.0440483093261719 0.0309066772460937
-0.0176200866699219 -0.0690765380859375 0.0484123229980469 0.0410690307617187
-0.02362060546875 -0.0729522705078125 0.0383987426757813 0.0559959411621094
0.00115585327148438 -0.0673599243164063 0.00998687744140626 0.0712509155273438
0.030364990234375 -0.0713882446289063 -0.0109214782714844 0.0566253662109375
0.0570945739746094 -0.0590286254882813 -0.0244998931884766 0.0263538360595703
0.101295471191406 -0.0103836059570312 -0.0129365921020508 -0.00128364562988281
0.098175048828125 0.0225296020507813 0.0352058410644531 -0.0187721252441406
0.093658447265625 0.0482635498046875 0.102928161621094 0.0294570922851563
0.0311622619628906 0.0364570617675781 0.125175476074219 -0.0284347534179687
0.0450592041015625 0.0271148681640625 0.115333557128906 -0.032928466796875
0.0548782348632813 0.00118255615234375 0.0702629089355469 -0.0194740295410156
0.0363349914550781 -0.0218544006347656 0.0515823364257813 -0.00775527954101563
0.0273265838623047 -0.028167724609375 0.0350780487060547 0.0155162811279297
0.00760269165039063 -0.0386466979980469 0.0373191833496094 0.0346298217773438
-0.00571060180664062 -0.0401840209960938 0.0569953918457031 0.0465583801269531
-0.0031585693359375 -0.0435829162597656 0.0552406311035156 0.0569038391113281
-0.00586318969726563 -0.0503883361816406 0.042236328125 0.0769805908203125
0.00916671752929688 -0.0441246032714844 0.00470733642578126 0.0892562866210938
0.0291671752929688 -0.044036865234375 -0.0199661254882813 0.0672492980957031
0.0463790893554687 -0.0312690734863281 -0.0267295837402344 0.0340843200683594
0.0712661743164063 0.0101394653320313 -0.00954151153564453 0.00808143615722656
0.0609169006347656 0.0377769470214844 0.0488052368164063 -0.00360488891601562
0.0425567626953125 0.051483154296875 0.121116638183594 0.050445556640625
0.0167350769042969 -0.0413818359375 -0.129585266113281 -0.0488662719726562
-0.0179634094238281 -0.0247955322265625 -0.0567855834960938 -0.00475311279296875
-0.0293312072753906 -0.00757026672363282 0.0168571472167969 -0.0159912109375
-0.0226078033447266 0.0118198394775391 0.038726806640625 -0.0453414916992188
-0.0150890350341797 0.0128746032714844 0.0349197387695312 -0.0767135620117188
-0.0075225830078125 0.0168256759643555 -0.002197265625 -0.104225158691406
-0.00984668731689453 0.0145673751831055 -0.0540695190429688 -0.0919876098632812
-0.0140810012817383 0.0115776062011719 -0.0623130798339844 -0.0675735473632813
-0.0166177749633789 0.0120792388916016 -0.0634880065917969 -0.0495643615722656
-0.0171318054199219 -0.000149726867675783 -0.0506324768066406 -0.04119873046875
-0.0176753997802734 -0.00734329223632812 -0.0437126159667969 -0.0163040161132812
-0.0181789398193359 -0.0152606964111328 -0.0521812438964844 0.00204086303710938
-0.009124755859375 -0.0288486480712891 -0.0703811645507812 0.0122222900390625
0.00323867797851562 -0.0389404296875 -0.10870361328125 0.037811279296875
0.0229721069335938 -0.0436668395996094 -0.132835388183594 0.0232696533203125
0.0729141235351563 -0.0265731811523438 -0.115234375 -0.0621871948242188
0.0304450988769531 -0.0163402557373047 -0.0471343994140625 -0.0161247253417969
0.0222206115722656 -0.0153942108154297 0.0275135040283203 -0.0235118865966797
0.0117979049682617 -0.00957489013671875 0.0449028015136719 -0.0527420043945312
0.00966835021972656 -0.0181980133056641 0.0408706665039063 -0.0795669555664063
-0.00498199462890625 -0.0189056396484375 0.000999450683593752 -0.106147766113281
-0.0240669250488281 -0.0180530548095703 -0.0477371215820312 -0.092681884765625
-0.0295753479003906 -0.0217781066894531 -0.0529441833496094 -0.0650596618652344
-0.0396919250488281 -0.0195236206054688 -0.0564079284667969 -0.046630859375
-0.0311050415039063 -0.0327854156494141 -0.0454025268554687 -0.0338058471679688
-0.0192527770996094 -0.0470008850097656 -0.0384483337402344 -0.0113677978515625
-0.00400543212890626 -0.05560302734375 -0.0494766235351563 0.00209426879882812
0.0340614318847656 -0.0544281005859375 -0.0614433288574219 0.009185791015625
0.0508308410644531 -0.0518722534179688 -0.0952987670898438 0.030487060546875
0.0801925659179688 -0.0406494140625 -0.113372802734375 0.0178451538085938
0.120681762695313 -0.00730133056640625 -0.0838088989257812 -0.0671844482421875
0.0788497924804688 -0.00322723388671875 -0.0252857208251953 -0.0214099884033203
0.0771408081054688 -0.0228500366210938 0.0432014465332031 -0.0270423889160156
0.0496788024902344 -0.0342521667480469 0.0516853332519531 -0.0558395385742187
0.0344810485839844 -0.0510711669921875 0.0438232421875 -0.0765457153320313
-0.00185775756835938 -0.0555686950683594 0.00308227539062501 -0.0959930419921875
-0.0357513427734375 -0.0495491027832031 -0.0361709594726563 -0.0804672241210938
-0.0410919189453125 -0.0528144836425781 -0.0348739624023437 -0.0532608032226563
-0.0576858520507812 -0.0477066040039063 -0.0394248962402344 -0.0355300903320313
-0.0417671203613281 -0.0596351623535156 -0.0324115753173828 -0.0194034576416016
-0.0204238891601563 -0.0797500610351563 -0.0293865203857422 -0.000570297241210947
0.00652313232421875 -0.0890426635742188 -0.0453300476074219 0.00532150268554688
0.068878173828125 -0.076263427734375 -0.0528030395507813 0.00522232055664062
0.0895614624023438 -0.0604400634765625 -0.0743560791015625 0.017059326171875
0.125740051269531 -0.033782958984375 -0.076416015625 0.0111083984375
0.150253295898438 0.010589599609375 -0.0378494262695313 -0.0639076232910156
0.118141174316406 0.00690460205078125 0.00736999511718751 -0.0226192474365234
0.123161315917969 -0.0336761474609375 0.060089111328125 -0.0268745422363281
0.079864501953125 -0.0604019165039063 0.0575218200683594 -0.0532112121582031
0.0519180297851563 -0.0814743041992188 0.0440177917480469 -0.0643959045410156
-0.00112152099609374 -0.0849380493164063 0.00541687011718749 -0.0733489990234375
-0.0429840087890625 -0.07415771484375 -0.0185699462890625 -0.0564842224121094
-0.0462493896484375 -0.0762786865234375 -0.0118446350097656 -0.0333709716796875
-0.0657958984375 -0.0697021484375 -0.0160408020019531 -0.0183067321777344
-0.0440139770507813 -0.0782394409179687 -0.0148286819458008 0.000541687011718747
-0.0166168212890625 -0.100868225097656 -0.017608642578125 0.0127620697021484
0.01708984375 -0.108757019042969 -0.0386848449707031 0.00970840454101561
0.0950088500976563 -0.0851898193359375 -0.0429801940917969 0.00105667114257812
0.117012023925781 -0.0578842163085938 -0.0489082336425781 -0.000907897949218749
0.152542114257813 -0.01922607421875 -0.0288200378417969 0.00522804260253906
0.155975341796875 0.0236053466796875 0.0162239074707031 -0.0562248229980469
0.13568115234375 0.0131378173828125 0.0456809997558594 -0.023590087890625
0.14434814453125 -0.04150390625 0.0730133056640625 -0.0260162353515625
0.0925445556640625 -0.0768890380859375 0.0599822998046875 -0.0442352294921875
0.0576095581054688 -0.0981903076171875 0.0428848266601563 -0.0435943603515625
-0.00257110595703126 -0.0997085571289062 0.0115089416503906 -0.041748046875
-0.0443649291992188 -0.0856246948242188 0.00338172912597656 -0.0261516571044922
-0.04412841796875 -0.0872421264648437 0.012446403503418 -0.00860309600830078
-0.06231689453125 -0.0826568603515625 0.00835418701171875 0.00428628921508789
-0.0351104736328125 -0.0866317749023437 0.00198936462402344 0.0239467620849609
-0.003875732421875 -0.106552124023438 -0.0081939697265625 0.0278396606445312
0.0326156616210937 -0.110099792480469 -0.0314369201660156 0.0151023864746094
0.11260986328125 -0.0751953125 -0.0326557159423828 -0.00374984741210939
0.129920959472656 -0.0402297973632813 -0.0196762084960937 -0.0174655914306641
0.157470703125 0.0016021728515625 0.0230388641357422 0.00382041931152344
0.135520935058594 0.0304489135742188 0.0674171447753906 -0.0476150512695313
0.126502990722656 0.0165252685546875 0.0813064575195313 -0.0277328491210938
0.136192321777344 -0.0393753051757812 0.0800704956054688 -0.0258941650390625
0.0847396850585938 -0.07684326171875 0.0595359802246094 -0.0318984985351563
0.0506591796875 -0.0943603515625 0.0416107177734375 -0.0194892883300781
-0.00472259521484376 -0.0950241088867188 0.0212287902832031 -0.00802803039550782
-0.0397796630859375 -0.082122802734375 0.0271186828613281 0.00451469421386718
-0.0357742309570313 -0.08489990234375 0.03472900390625 0.0163078308105469
-0.0483245849609375 -0.0835342407226562 0.0294666290283203 0.029876708984375
-0.01898193359375 -0.0832138061523438 0.0123748779296875 0.0489311218261719
0.0135650634765625 -0.0970535278320313 -0.00471496582031249 0.0440101623535156
0.0477142333984375 -0.0930404663085938 -0.0262737274169922 0.0210113525390625
0.117156982421875 -0.0490264892578125 -0.021881103515625 -0.00536727905273438
0.125343322753906 -0.0115509033203125 0.00973701477050782 -0.0258235931396484
0.138275146484375 0.0252609252929687 0.0705184936523438 0.0099945068359375
0.0916366577148438 0.03375244140625 0.106819152832031 -0.0410690307617188
0.0936279296875 0.0195770263671875 0.106239318847656 -0.0342330932617188
0.102523803710938 -0.025726318359375 0.0783309936523438 -0.0255203247070312
0.0629501342773438 -0.0572662353515625 0.0566139221191406 -0.0193634033203125
0.0380477905273438 -0.0693893432617188 0.0390129089355469 0.00123214721679687
-0.00279235839843751 -0.072479248046875 0.0323696136474609 0.0191478729248047
-0.0272178649902344 -0.0653076171875 0.0476646423339844 0.0289154052734375
-0.0226554870605469 -0.0692787170410156 0.0516128540039063 0.03857421875
-0.0294418334960937 -0.07281494140625 0.0427169799804688 0.0552635192871094
-0.00289535522460938 -0.0687026977539063 0.0144805908203125 0.072845458984375
0.0264205932617187 -0.0744171142578125 -0.00886154174804688 0.0586318969726562
0.0539321899414063 -0.0646171569824219 -0.0248336791992187 0.0280075073242188
0.104034423828125 -0.0174026489257813 -0.0135726928710937 -0.00120735168457031
0.102394104003906 0.0170516967773438 0.0341606140136719 -0.0215625762939453
0.0997238159179688 0.0434188842773438 0.106643676757813 0.0243072509765625
0.0347442626953125 0.0352516174316406 0.127281188964844 -0.035980224609375
0.0477561950683594 0.02508544921875 0.1160888671875 -0.039337158203125
0.0565338134765625 -0.00286865234375 0.0711746215820312 -0.023345947265625
0.0354347229003906 -0.0244636535644531 0.0531845092773437 -0.00941848754882813
0.02508544921875 -0.0307693481445313 0.037628173828125 0.0148544311523438
0.00592422485351562 -0.0394058227539063 0.0417289733886719 0.0349388122558594
-0.00806045532226563 -0.0401229858398438 0.0621604919433594 0.0439987182617188
-0.00626373291015625 -0.0440216064453125 0.0604515075683594 0.0544967651367187
-0.00978469848632813 -0.0503578186035156 0.048553466796875 0.0757904052734375
0.00666427612304687 -0.044952392578125 0.00980377197265625 0.0915756225585938
0.0266342163085938 -0.0457725524902344 -0.0182228088378906 0.0698394775390625
0.0453071594238281 -0.03472900390625 -0.0271377563476563 0.0358963012695312
0.0740432739257813 0.00543975830078125 -0.0100317001342773 0.00774765014648438
0.0644950866699219 0.03509521484375 0.0486412048339844 -0.0071868896484375
0.0474700927734375 0.0499343872070313 0.126434326171875 0.0445327758789062
0.0140228271484375 -0.0421066284179687 -0.131523132324219 -0.0399856567382812
-0.0189456939697266 -0.0233364105224609 -0.05560302734375 -0.00103759765625
-0.0290679931640625 -0.005828857421875 0.0165367126464844 -0.0161800384521484
-0.0214023590087891 0.0133438110351562 0.0367851257324219 -0.0469589233398438
-0.0132379531860352 0.0137863159179687 0.0311508178710938 -0.0785598754882813
-0.00537109375 0.0167922973632812 -0.00794219970703125 -0.104408264160156
-0.00844860076904297 0.0144748687744141 -0.0597686767578125 -0.0881500244140625
-0.013392448425293 0.0119190216064453 -0.0664634704589844 -0.062713623046875
-0.0157070159912109 0.0127553939819336 -0.0677871704101562 -0.0452232360839844
-0.0169248580932617 0.000377655029296872 -0.0542716979980469 -0.0385398864746094
-0.0177268981933594 -0.0063018798828125 -0.0455131530761719 -0.0143890380859375
-0.0185813903808594 -0.0137805938720703 -0.0525588989257812 0.00441741943359376
-0.0109844207763672 -0.0278530120849609 -0.0698699951171875 0.0155868530273437
0.00045013427734375 -0.0385169982910156 -0.106803894042969 0.0443878173828125
0.0201034545898438 -0.0441856384277344 -0.132514953613281 0.0322647094726563
0.07122802734375 -0.0305938720703125 -0.118255615234375 -0.0542984008789063
0.0299949645996094 -0.018035888671875 -0.0468101501464844 -0.0118980407714844
0.0215969085693359 -0.0172405242919922 0.0263938903808594 -0.0243434906005859
0.0120410919189453 -0.00999736785888672 0.0423469543457031 -0.0539474487304688
0.00848770141601562 -0.0186862945556641 0.0365676879882813 -0.0816497802734375
-0.00578498840332031 -0.0192184448242188 -0.00501251220703126 -0.105941772460938
-0.0250167846679688 -0.0172843933105469 -0.0538177490234375 -0.0891342163085937
-0.0309505462646484 -0.0204963684082031 -0.0574836730957031 -0.0607490539550781
-0.0407142639160156 -0.0169410705566406 -0.0605201721191406 -0.0418930053710938
-0.0327243804931641 -0.0311565399169922 -0.0486221313476563 -0.0315933227539063
-0.021392822265625 -0.0456504821777344 -0.0400810241699219 -0.00956344604492189
-0.00722122192382813 -0.0548782348632812 -0.0500946044921875 0.00430297851562499
0.0307159423828125 -0.0558319091796875 -0.0609626770019531 0.0120086669921875
0.0471343994140625 -0.0541152954101562 -0.0935134887695313 0.0370101928710938
0.078125 -0.0457992553710937 -0.11279296875 0.0261306762695313
0.120246887207031 -0.015167236328125 -0.0870513916015625 -0.0607147216796875
0.0793533325195313 -0.00778961181640625 -0.0257453918457031 -0.0177783966064453
0.0755538940429688 -0.0285263061523438 0.0417976379394531 -0.0287704467773438
0.0480728149414063 -0.037200927734375 0.0491714477539063 -0.0577392578125
0.0313377380371094 -0.0536460876464844 0.039947509765625 -0.0782699584960938
-0.00510025024414063 -0.0555381774902344 -0.0024261474609375 -0.0955963134765625
-0.0383186340332031 -0.0478172302246094 -0.0410842895507813 -0.0774993896484375
-0.044708251953125 -0.0504150390625 -0.0388374328613281 -0.05010986328125
-0.0604133605957031 -0.0438461303710938 -0.0423774719238281 -0.0322494506835937
-0.0450515747070313 -0.057098388671875 -0.0347652435302734 -0.0175552368164062
-0.024932861328125 -0.0781936645507813 -0.0302562713623047 0.000377655029296872
0.000633239746093757 -0.0888900756835938 -0.0457191467285156 0.00769424438476561
0.0639801025390625 -0.0801544189453125 -0.0520668029785156 0.00789260864257811
0.0854721069335938 -0.0650177001953125 -0.073516845703125 0.0223312377929688
0.1240234375 -0.0419235229492188 -0.0769119262695312 0.0172576904296875
0.15167236328125 0.00079345703125 -0.0411643981933594 -0.0604019165039063
0.118576049804687 -0.00037384033203125 0.00650787353515625 -0.0204658508300781
0.120903015136719 -0.0423202514648438 0.0580711364746094 -0.0296249389648438
0.0760955810546875 -0.0651016235351563 0.0550689697265625 -0.0553932189941406
0.0464553833007812 -0.0852508544921875 0.0406532287597656 -0.066192626953125
-0.00626373291015624 -0.0853958129882813 0.0016326904296875 -0.07257080078125
-0.0474090576171875 -0.0714187622070313 -0.0218467712402344 -0.0548133850097656
-0.0515060424804688 -0.0731582641601562 -0.0144500732421875 -0.0325660705566406
-0.0702171325683594 -0.0649795532226563 -0.0178661346435547 -0.0165348052978516
-0.048126220703125 -0.0756607055664063 -0.015899658203125 0.00140666961669921
-0.0227203369140625 -0.099700927734375 -0.0180950164794922 0.0130386352539062
0.00944519042968751 -0.109580993652344 -0.0389328002929688 0.0120697021484375
0.0901870727539062 -0.0912246704101562 -0.0428428649902344 0.00296783447265625
0.11309814453125 -0.064483642578125 -0.0490074157714844 0.00294876098632811
0.152572631835938 -0.0295257568359375 -0.0294780731201172 0.00842857360839844
0.158218383789063 0.013031005859375 0.0133056640625 -0.0556869506835938
0.137283325195313 0.00487518310546875 0.0441398620605469 -0.0238533020019531
0.141983032226563 -0.0512847900390625 0.0714263916015625 -0.0299911499023438
0.08758544921875 -0.0825119018554687 0.0577964782714844 -0.0461578369140625
0.05023193359375 -0.102149963378906 0.04144287109375 -0.0451889038085938
-0.00901794433593749 -0.0995330810546875 0.00999832153320313 -0.0409011840820313
-0.04986572265625 -0.082305908203125 0.00218009948730469 -0.0259475708007813
-0.0505294799804687 -0.084564208984375 0.0120067596435547 -0.0095968246459961
-0.06744384765625 -0.0778732299804687 0.00839567184448242 0.00414466857910156
-0.0400619506835937 -0.0845260620117188 0.00263595581054687 0.0238704681396484
-0.01068115234375 -0.105789184570312 -0.0078125 0.027801513671875
0.0247039794921875 -0.112129211425781 -0.0316333770751953 0.0166816711425781
0.108016967773438 -0.0827484130859375 -0.0327777862548828 -0.0022106170654297
0.127532958984375 -0.0479965209960937 -0.0213737487792969 -0.0153999328613281
0.158187866210938 -0.0087432861328125 0.0224628448486328 0.00378227233886719
0.1376953125 0.0215835571289063 0.0650787353515625 -0.0505485534667969
0.127609252929687 0.008819580078125 0.0797805786132813 -0.0307235717773438
0.133399963378906 -0.04852294921875 0.0779342651367188 -0.0299758911132813
0.0801162719726562 -0.0816497802734375 0.0579681396484375 -0.0343666076660156
0.0442886352539063 -0.0977096557617188 0.0403480529785156 -0.0211410522460938
-0.0105056762695312 -0.0945510864257813 0.0220775604248047 -0.00763893127441407
-0.0450210571289062 -0.078948974609375 0.0277633666992187 0.00301551818847656
-0.041900634765625 -0.0824966430664063 0.0360336303710938 0.0136032104492187
-0.05352783203125 -0.079437255859375 0.0315971374511719 0.0279006958007812
-0.0242767333984375 -0.082366943359375 0.01544189453125 0.0482711791992188
0.00714111328125 -0.0974578857421875 -0.0033721923828125 0.0438652038574219
0.0416412353515625 -0.0962371826171875 -0.0260257720947266 0.0223903656005859
0.114242553710938 -0.0571060180664063 -0.0222568511962891 -0.0042572021484375
0.124908447265625 -0.0195465087890625 0.00762176513671876 -0.0256938934326172
0.14111328125 0.0155792236328125 0.0703659057617188 0.00641632080078125
0.0942535400390625 0.0270919799804688 0.104957580566406 -0.0467987060546875
0.0952072143554688 0.0139541625976563 0.103874206542969 -0.0388946533203125
0.100387573242188 -0.0327987670898438 0.0767822265625 -0.0294647216796875
0.0592079162597656 -0.0612144470214844 0.0557518005371094 -0.0220985412597656
0.0330657958984375 -0.0722122192382813 0.0402069091796875 -0.000255584716796879
-0.007049560546875 -0.0725860595703125 0.03460693359375 0.0182075500488281
-0.031402587890625 -0.0628814697265625 0.0506019592285156 0.0259857177734375
-0.0276031494140625 -0.067626953125 0.0537490844726563 0.0346908569335937
-0.0344009399414063 -0.0701675415039063 0.0467567443847656 0.0518302917480469
-0.00683975219726562 -0.06854248046875 0.0189056396484375 0.0718841552734375
0.0214462280273438 -0.07574462890625 -0.00652694702148437 0.0587501525878906
0.0492515563964844 -0.067596435546875 -0.0241260528564453 0.0291004180908203
0.102737426757813 -0.024627685546875 -0.0136137008666992 -0.000432014465332031
0.103057861328125 0.010711669921875 0.0319347381591797 -0.0234756469726563
0.103050231933594 0.0366592407226563 0.107337951660156 0.0181732177734375
0.0375709533691406 0.0324821472167969 0.1258544921875 -0.0442352294921875
0.0491905212402344 0.0225486755371094 0.114051818847656 -0.0453414916992188
0.0559959411621094 -0.00643157958984375 0.0694808959960938 -0.0269126892089844
0.0334377288818359 -0.0269775390625 0.0526199340820312 -0.0125808715820313
0.0228633880615234 -0.0327033996582031 0.0392112731933594 0.0130996704101562
0.00259017944335937 -0.0396804809570312 0.0450782775878906 0.0329780578613281
-0.0107803344726562 -0.0386772155761719 0.0653190612792969 0.0399017333984375
-0.00963211059570313 -0.0428009033203125 0.0641021728515625 0.0502662658691406
-0.0135841369628906 -0.0487709045410156 0.0537338256835938 0.0723342895507813
0.00350189208984375 -0.0446586608886719 0.015777587890625 0.0914154052734375
0.0235061645507812 -0.0470542907714844 -0.0149765014648438 0.0712661743164063
0.0427093505859375 -0.0374298095703125 -0.0254669189453125 0.0373306274414063
0.0745086669921875 0.00045013427734375 -0.0100183486938476 0.00799179077148438
0.0664749145507813 0.0310821533203125 0.0473747253417969 -0.0104866027832031
0.0506668090820313 0.046783447265625 0.127853393554688 0.0363235473632813
0.0116539001464844 -0.0411148071289063 -0.129928588867188 -0.0343475341796875
-0.0192012786865234 -0.0222091674804687 -0.0540008544921875 0.00160598754882812
-0.0286483764648437 -0.00429916381835938 0.0156974792480469 -0.0153512954711914
-0.0200672149658203 0.0143146514892578 0.0349044799804687 -0.0464248657226563
-0.0120258331298828 0.0144462585449219 0.0281982421875 -0.0775375366210938
-0.00449752807617188 0.0158071517944336 -0.011505126953125 -0.103073120117188
-0.00790691375732422 0.0138664245605469 -0.062591552734375 -0.08453369140625
-0.0124111175537109 0.0119152069091797 -0.06854248046875 -0.0584564208984375
-0.0147438049316406 0.0128612518310547 -0.0694313049316406 -0.0409355163574219
-0.0164451599121094 0.000601768493652341 -0.0565681457519531 -0.0359039306640625
-0.0167579650878906 -0.0056915283203125 -0.0460700988769531 -0.0128707885742187
-0.0184421539306641 -0.0124759674072266 -0.0520095825195313 0.00566482543945313
-0.0116634368896484 -0.0261249542236328 -0.068145751953125 0.0169830322265625
-0.00161361694335938 -0.0370635986328125 -0.103775024414062 0.0476303100585938
0.0178375244140625 -0.0443344116210937 -0.130081176757813 0.0379180908203125
0.0690345764160156 -0.0328140258789063 -0.1180419921875 -0.0474014282226562
0.0294933319091797 -0.0184097290039063 -0.0455284118652344 -0.00879287719726562
0.0208454132080078 -0.0181636810302734 0.0252761840820313 -0.0243320465087891
0.0116252899169922 -0.0104541778564453 0.0404891967773437 -0.053436279296875
0.00819015502929688 -0.0190982818603516 0.0339584350585937 -0.0810775756835938
-0.00609588623046875 -0.0191707611083984 -0.0087738037109375 -0.103912353515625
-0.0253677368164063 -0.0166053771972656 -0.0567169189453125 -0.0852127075195313
-0.0317420959472656 -0.0194110870361328 -0.0590744018554688 -0.0573158264160156
-0.040435791015625 -0.0148773193359375 -0.0621490478515625 -0.038238525390625
-0.0332241058349609 -0.0294647216796875 -0.0507354736328125 -0.0290946960449219
-0.0219192504882812 -0.0443382263183594 -0.0409469604492187 -0.00837707519531251
-0.00874710083007812 -0.0531044006347656 -0.050079345703125 0.00588989257812499
0.0278854370117188 -0.055877685546875 -0.0596923828125 0.013397216796875
0.0443267822265625 -0.054656982421875 -0.0908737182617188 0.0399551391601563
0.0748138427734375 -0.048736572265625 -0.11126708984375 0.0315170288085937
0.117874145507813 -0.019378662109375 -0.0878753662109375 -0.0545730590820312
0.0787124633789063 -0.0104446411132813 -0.0251197814941406 -0.0149784088134766
0.073516845703125 -0.0321044921875 0.039825439453125 -0.0290870666503906
0.0461769104003906 -0.0384101867675781 0.0469436645507813 -0.0574989318847656
0.0280647277832031 -0.0542373657226563 0.0374984741210937 -0.0783462524414063
-0.00704193115234375 -0.0553398132324219 -0.00542449951171876 -0.0932998657226563
-0.0398368835449219 -0.0460968017578125 -0.043701171875 -0.0738906860351562
-0.0467071533203125 -0.0486030578613281 -0.0410385131835937 -0.0478019714355469
-0.0613632202148438 -0.040283203125 -0.0437812805175781 -0.0293769836425781
-0.0461769104003906 -0.0549201965332031 -0.0363540649414063 -0.0157585144042969
-0.0272445678710937 -0.0764617919921875 -0.0311603546142578 0.00153350830078124
-0.00270843505859374 -0.0873489379882813 -0.0455322265625 0.00920104980468749
0.0598602294921875 -0.0811386108398438 -0.0511512756347656 0.00900650024414063
0.0815353393554688 -0.067169189453125 -0.0716171264648437 0.025115966796875
0.12127685546875 -0.046600341796875 -0.0756683349609375 0.0211334228515625
0.149765014648438 -0.0055694580078125 -0.04180908203125 -0.055572509765625
0.117691040039063 -0.00466156005859375 0.00624465942382813 -0.0183773040771484
0.117523193359375 -0.0475997924804688 0.0552635192871094 -0.0307197570800781
0.0727462768554688 -0.066802978515625 0.0532684326171875 -0.0545387268066406
0.0418472290039062 -0.0860137939453125 0.0385627746582031 -0.0657539367675781
-0.00968170166015625 -0.0835800170898438 -0.000320434570312493 -0.0707931518554688
-0.0495529174804688 -0.0683174133300781 -0.0235252380371094 -0.0523796081542969
-0.0541763305664062 -0.070404052734375 -0.0159626007080078 -0.0315380096435547
-0.0718231201171875 -0.060638427734375 -0.0187282562255859 -0.0150833129882813
-0.0502853393554687 -0.0728302001953125 -0.0164604187011719 0.00192832946777343
-0.0262908935546875 -0.0969085693359375 -0.0186119079589844 0.0133132934570312
0.00482940673828124 -0.108009338378906 -0.0390167236328125 0.0132865905761719
0.0850830078125 -0.0939712524414063 -0.0422592163085937 0.00359344482421875
0.108970642089844 -0.0677566528320313 -0.0482749938964844 0.00521469116210937
0.149627685546875 -0.0360260009765625 -0.0295925140380859 0.0110549926757812
0.156570434570313 0.0063018798828125 0.0116615295410156 -0.0539283752441406
0.135665893554688 -0.00037384033203125 0.04339599609375 -0.0232505798339844
0.13775634765625 -0.0568389892578125 0.0682220458984375 -0.0312538146972656
0.0830001831054687 -0.0850143432617187 0.0559806823730469 -0.0466728210449219
0.045135498046875 -0.103103637695313 0.0396614074707031 -0.0456314086914063
-0.0129470825195313 -0.0972213745117187 0.0095977783203125 -0.0399246215820313
-0.0522994995117188 -0.0787734985351563 0.00133895874023437 -0.0253486633300781
-0.053955078125 -0.081024169921875 0.0107765197753906 -0.0103206634521484
-0.0698089599609375 -0.073028564453125 0.00843381881713867 0.00417518615722656
-0.042816162109375 -0.0814208984375 0.00289344787597656 0.0233612060546875
-0.0146102905273437 -0.103981018066406 -0.00785064697265625 0.0275726318359375
0.0194473266601563 -0.111129760742187 -0.031707763671875 0.0177326202392578
0.103240966796875 -0.08673095703125 -0.0326175689697266 -0.0016918182373047
0.123443603515625 -0.0520782470703125 -0.0220584869384766 -0.0143337249755859
0.156463623046875 -0.0162353515625 0.0210342407226563 0.00378990173339844
0.1370849609375 0.0146942138671875 0.0630149841308594 -0.0509414672851563
0.126396179199219 0.0040283203125 0.0774307250976563 -0.031585693359375
0.12921142578125 -0.0535888671875 0.07452392578125 -0.03173828125
0.0755233764648438 -0.0832138061523437 0.056304931640625 -0.0351600646972656
0.0386886596679687 -0.0988235473632813 0.0400009155273437 -0.0216407775878906
-0.0144805908203125 -0.092254638671875 0.0225925445556641 -0.00752067565917969
-0.0474624633789062 -0.075469970703125 0.028350830078125 0.00175857543945312
-0.0457687377929688 -0.0790176391601562 0.0358390808105469 0.0118217468261719
-0.056915283203125 -0.0754318237304688 0.031707763671875 0.0264434814453125
-0.0266876220703125 -0.0794754028320313 0.0165138244628906 0.0471000671386719
0.0029296875 -0.095794677734375 -0.00277328491210938 0.0427780151367187
0.0366439819335937 -0.0959854125976562 -0.0257377624511719 0.0228710174560547
0.110580444335938 -0.0620498657226563 -0.0221824645996094 -0.00393867492675782
0.122268676757812 -0.0238418579101563 0.00575447082519532 -0.0252113342285156
0.1407470703125 0.0087432861328125 0.068328857421875 0.00450515747070313
0.094879150390625 0.02252197265625 0.1019287109375 -0.049896240234375
0.094696044921875 0.0103912353515625 0.101020812988281 -0.0403976440429688
0.0978622436523437 -0.0366058349609375 0.0736541748046875 -0.030609130859375
0.0555229187011719 -0.0621452331542969 0.054718017578125 -0.0226020812988281
0.028778076171875 -0.071990966796875 0.0402603149414063 -0.00120162963867188
-0.0104217529296875 -0.0706100463867188 0.0364761352539063 0.0175552368164063
-0.0334739685058594 -0.0598945617675781 0.0515251159667969 0.0236587524414062
-0.03045654296875 -0.0649337768554688 0.0544815063476563 0.0314292907714844
-0.0370597839355469 -0.066802978515625 0.0481834411621094 0.0491905212402344
-0.00967788696289062 -0.0663948059082031 0.0215377807617188 0.070343017578125
0.0175247192382812 -0.0745773315429688 -0.00513458251953125 0.0579605102539062
0.0458335876464844 -0.0683937072753906 -0.0235958099365234 0.0293922424316406
0.100875854492187 -0.0291748046875 -0.0138101577758789 -0.000639915466308596
0.1021728515625 0.00655364990234375 0.0299301147460938 -0.0241813659667969
0.103744506835937 0.0312881469726563 0.105148315429688 0.014007568359375
0.0384979248046875 0.0300369262695313 0.122856140136719 -0.048004150390625
0.0499000549316406 0.0201568603515625 0.110008239746094 -0.0474777221679688
0.0548210144042969 -0.00949859619140625 0.0669021606445313 -0.0279197692871094
0.0317153930664063 -0.0276622772216797 0.0515403747558594 -0.0130844116210937
0.0208663940429688 -0.0335979461669922 0.03973388671875 0.0118789672851562
0.000370025634765621 -0.0388717651367188 0.0465431213378906 0.0316505432128906
-0.0119895935058594 -0.0366897583007813 0.0667724609375 0.0362815856933594
-0.011688232421875 -0.0417098999023438 0.0648765563964844 0.0457687377929688
-0.0159187316894531 -0.0470657348632813 0.0557479858398437 0.068145751953125
0.001800537109375 -0.04412841796875 0.01910400390625 0.0892333984375
0.0207138061523438 -0.046600341796875 -0.0126419067382813 0.0707778930664063
0.0401382446289063 -0.0385017395019531 -0.024810791015625 0.0368728637695312
0.0734710693359375 -0.003326416015625 -0.0095977783203125 0.00778579711914063
0.0666313171386719 0.0278511047363281 0.044891357421875 -0.0125083923339844
0.0521392822265625 0.0433692932128906 0.126380920410156 0.0310897827148438
0.0102882385253906 -0.0399246215820312 -0.128662109375 -0.0319061279296875
-0.0191230773925781 -0.0218868255615234 -0.0528106689453125 0.00258255004882813
-0.0282840728759766 -0.00365829467773438 0.015660285949707 -0.0147314071655273
-0.0186290740966797 0.0147304534912109 0.03460693359375 -0.045379638671875
-0.0109357833862305 0.014592170715332 0.02813720703125 -0.0769882202148438
-0.00367259979248047 0.0149297714233398 -0.0128021240234375 -0.10260009765625
-0.00790882110595703 0.0132055282592773 -0.0640411376953125 -0.0821304321289063
-0.0124492645263672 0.0117177963256836 -0.0692405700683594 -0.0560798645019531
-0.0140247344970703 0.0125017166137695 -0.0699348449707031 -0.038543701171875
-0.0161600112915039 0.000452041625976564 -0.0581130981445313 -0.0347137451171875
-0.0164079666137695 -0.00567722320556641 -0.0466156005859375 -0.0122261047363281
-0.0183029174804688 -0.0115261077880859 -0.0520401000976563 0.00605010986328124
-0.0125751495361328 -0.0255260467529297 -0.0680084228515625 0.0171279907226563
-0.00179290771484375 -0.0366897583007813 -0.10186767578125 0.0485382080078125
0.0164833068847656 -0.0439453125 -0.129371643066406 0.0405731201171875
0.0678482055664063 -0.0328788757324219 -0.116615295410156 -0.0446319580078125
0.0293369293212891 -0.0186195373535156 -0.0447998046875 -0.00739288330078124
0.0203361511230469 -0.0183544158935547 0.0246505737304688 -0.0231723785400391
0.011876106262207 -0.0103816986083984 0.0400276184082031 -0.0526542663574219
0.00777435302734375 -0.0189552307128906 0.033660888671875 -0.0803146362304688
-0.00588035583496094 -0.0195827484130859 -0.0095977783203125 -0.102882385253906
-0.0256137847900391 -0.0168323516845703 -0.0576248168945313 -0.0824737548828125
-0.0320568084716797 -0.0188865661621094 -0.0601119995117187 -0.055145263671875
-0.0404243469238281 -0.0145759582519531 -0.0630950927734375 -0.0360603332519531
-0.0330982208251953 -0.0294952392578125 -0.0520706176757813 -0.0283546447753906
-0.0221748352050781 -0.0439262390136719 -0.0414962768554687 -0.00818252563476562
-0.00949478149414062 -0.0520896911621094 -0.050140380859375 0.00582504272460938
0.02667236328125 -0.0558929443359375 -0.0595588684082031 0.0130424499511719
0.0429458618164063 -0.0544281005859375 -0.0895538330078125 0.0416183471679688
0.07373046875 -0.0496368408203125 -0.1104736328125 0.0341796875
0.11676025390625 -0.0211639404296875 -0.0867843627929688 -0.0517578125
0.0785751342773438 -0.011627197265625 -0.0244865417480469 -0.0126781463623047
0.0727081298828125 -0.0336456298828125 0.038604736328125 -0.02789306640625
0.0452384948730469 -0.0385856628417969 0.0467872619628906 -0.0568351745605469
0.0270957946777344 -0.0546035766601562 0.036834716796875 -0.0774002075195313
-0.00804138183593751 -0.05462646484375 -0.00609588623046876 -0.09234619140625
-0.04052734375 -0.0453605651855469 -0.0444183349609375 -0.0720901489257813
-0.0479011535644531 -0.047210693359375 -0.0415229797363281 -0.0462417602539063
-0.0613861083984375 -0.0391464233398438 -0.0448379516601563 -0.0270843505859375
-0.0465774536132813 -0.0539703369140625 -0.0374565124511719 -0.0152626037597656
-0.0279006958007812 -0.075225830078125 -0.0320072174072266 0.00144195556640624
-0.00441741943359375 -0.0858001708984375 -0.0461235046386719 0.00909805297851563
0.058197021484375 -0.08209228515625 -0.051025390625 0.008392333984375
0.0801010131835938 -0.0673980712890625 -0.07098388671875 0.0265121459960937
0.119720458984375 -0.0487289428710938 -0.0760345458984375 0.0236358642578125
0.148361206054687 -0.008148193359375 -0.0417823791503906 -0.0537490844726563
0.11724853515625 -0.0062255859375 0.00659561157226563 -0.0161838531494141
0.115638732910156 -0.0501327514648437 0.0537643432617188 -0.0295333862304688
0.07086181640625 -0.067840576171875 0.0524787902832031 -0.0541954040527344
0.0395050048828125 -0.08624267578125 0.03863525390625 -0.0654373168945313
-0.0107650756835938 -0.0826492309570313 -0.000671386718750002 -0.0695304870605469
-0.0504951477050781 -0.0670013427734375 -0.0244903564453125 -0.0511131286621094
-0.0560951232910156 -0.0687522888183594 -0.0172176361083984 -0.0302371978759766
-0.0727157592773437 -0.058258056640625 -0.0196704864501953 -0.0138378143310547
-0.0504837036132812 -0.0711593627929688 -0.0174102783203125 0.00254058837890624
-0.0274429321289062 -0.0954742431640625 -0.0197982788085938 0.0130596160888672
0.0025634765625 -0.107063293457031 -0.0400238037109375 0.0133857727050781
0.0829544067382813 -0.0951309204101563 -0.0419883728027344 0.00325393676757812
0.106658935546875 -0.0686492919921875 -0.0482711791992188 0.00626754760742186
0.148651123046875 -0.0390777587890625 -0.029916763305664 0.012542724609375
0.15582275390625 0.00323486328125 0.0118560791015625 -0.0523300170898438
0.135200500488281 -0.0020751953125 0.0435562133789063 -0.0214576721191406
0.135543823242188 -0.05975341796875 0.0665473937988281 -0.030426025390625
0.0810775756835938 -0.0854110717773438 0.0557632446289063 -0.045867919921875
0.0421142578125 -0.103652954101563 0.0396575927734375 -0.0448760986328125
-0.0145111083984375 -0.0961837768554688 0.0103225708007813 -0.0384941101074219
-0.0530776977539062 -0.0771255493164063 0.00139808654785156 -0.0247516632080078
-0.0558319091796875 -0.0794906616210937 0.010197639465332 -0.0102500915527344
-0.0710296630859375 -0.071075439453125 0.0077524185180664 0.00407695770263671
-0.0438613891601562 -0.0801773071289063 0.00239181518554687 0.0231571197509766
-0.0163421630859375 -0.102691650390625 -0.00895500183105469 0.0268325805664062
0.0168914794921875 -0.110588073730469 -0.0322360992431641 0.017852783203125
0.101463317871094 -0.0888595581054688 -0.0325202941894531 -0.00222396850585939
0.121284484863281 -0.0533828735351563 -0.0224552154541016 -0.0132179260253906
0.156463623046875 -0.0193939208984375 0.0201549530029297 0.00449180603027344
0.136001586914063 0.0116119384765625 0.062652587890625 -0.0510673522949219
0.126121520996094 0.00229644775390625 0.0768661499023438 -0.0301132202148438
0.127616882324219 -0.05548095703125 0.073028564453125 -0.0308303833007813
0.07373046875 -0.083740234375 0.0559844970703125 -0.034332275390625
0.036102294921875 -0.0984039306640625 0.0400505065917969 -0.0216331481933594
-0.0159149169921875 -0.0915298461914063 0.0242786407470703 -0.00664329528808594
-0.0482101440429687 -0.0735397338867188 0.0288925170898437 0.00126266479492187
-0.0474319458007813 -0.0776519775390625 0.0350723266601563 0.0106983184814453
-0.0583724975585938 -0.0727081298828125 0.0313625335693359 0.0252246856689453
-0.0277252197265625 -0.0790786743164063 0.0169754028320313 0.0464096069335937
0.000907897949218756 -0.0948638916015625 -0.00324249267578125 0.0426712036132812
0.0340576171875 -0.095458984375 -0.0263118743896484 0.0227279663085937
0.1087646484375 -0.0640335083007813 -0.0222492218017578 -0.00447654724121095
0.120903015136719 -0.0256729125976563 0.00470161437988282 -0.0249729156494141
0.140373229980469 0.00592803955078125 0.0671005249023438 0.004058837890625
0.093719482421875 0.0202560424804688 0.101364135742188 -0.050445556640625
0.0938262939453125 0.00879669189453125 0.100051879882813 -0.0399627685546875
0.0961761474609375 -0.038238525390625 0.0723419189453125 -0.0301437377929688
0.0539932250976563 -0.0623283386230469 0.0539779663085938 -0.0225448608398438
0.0270538330078125 -0.0722274780273438 0.0408096313476563 -0.00164794921875
-0.0116653442382813 -0.0695304870605469 0.0379714965820313 0.0176277160644531
-0.0341529846191406 -0.0586967468261719 0.052520751953125 0.0219039916992188
-0.0319900512695312 -0.0637054443359375 0.0544929504394531 0.0294685363769531
-0.0385971069335938 -0.06463623046875 0.0482635498046875 0.0468482971191406
-0.01043701171875 -0.0659408569335938 0.0227584838867187 0.0698280334472656
0.0160751342773438 -0.0739898681640625 -0.00519180297851563 0.0579910278320312
0.04388427734375 -0.0684242248535156 -0.0235557556152344 0.0289936065673828
0.0999984741210938 -0.0317535400390625 -0.0136594772338867 -0.00158882141113282
0.10174560546875 0.0051422119140625 0.0283451080322266 -0.0244255065917969
0.104339599609375 0.028717041015625 0.103645324707031 0.0128021240234375
0.038665771484375 0.0287017822265625 0.122085571289063 -0.0497360229492188
0.0491180419921875 0.0194511413574219 0.108673095703125 -0.0478897094726563
0.0544281005859375 -0.0103340148925781 0.0659599304199219 -0.0276336669921875
0.0304756164550781 -0.0279922485351563 0.0515365600585938 -0.0127067565917969
0.0196247100830078 -0.0334377288818359 0.0400390625 0.0113372802734375
-0.00023651123046875 -0.0383186340332031 0.0480804443359375 0.0311775207519531
-0.0125885009765625 -0.0356254577636719 0.0676498413085937 0.0344085693359375
-0.0121040344238281 -0.0402984619140625 0.0648384094238281 0.0434951782226563
-0.0167350769042969 -0.045562744140625 0.0566253662109375 0.0662384033203125
0.000949859619140625 -0.0436248779296875 0.0205612182617188 0.0885238647460938
0.0193328857421875 -0.0461654663085938 -0.0125961303710938 0.07037353515625
0.0386581420898438 -0.038330078125 -0.0246620178222656 0.036224365234375
0.0727920532226562 -0.00565338134765625 -0.0101327896118164 0.00664043426513672
0.0664024353027344 0.0264625549316406 0.0436592102050781 -0.0131912231445313
0.0528640747070313 0.0417556762695313 0.124832153320313 0.0289459228515625
0.01019287109375 -0.0400657653808594 -0.129920959472656 -0.0315170288085938
-0.0194454193115234 -0.0221958160400391 -0.0532417297363281 0.0034637451171875
-0.0282325744628906 -0.00399017333984375 0.0158052444458008 -0.0137014389038086
-0.0179405212402344 0.0150051116943359 0.0357208251953125 -0.0450553894042969
-0.0107803344726563 0.0147781372070312 0.02960205078125 -0.0775375366210937
-0.00351524353027344 0.0143861770629883 -0.0131378173828125 -0.104194641113281
-0.00836849212646484 0.0125951766967773 -0.0654144287109375 -0.0821533203125
-0.0129032135009766 0.0118865966796875 -0.0708694458007813 -0.0559158325195312
-0.0140342712402344 0.0126285552978516 -0.0724334716796875 -0.0377044677734375
-0.0160350799560547 5.14984130859358E-05 -0.0603561401367188 -0.0354194641113281
-0.016448974609375 -0.00605297088623047 -0.0480270385742188 -0.0132026672363281
-0.0185031890869141 -0.0115432739257812 -0.0533676147460938 0.00575256347656249
-0.0125350952148438 -0.02508544921875 -0.0689125061035156 0.0168571472167969
-0.00177001953125 -0.0367698669433594 -0.103233337402344 0.0495223999023437
0.0166091918945312 -0.0452804565429688 -0.131996154785156 0.0425872802734375
0.0685615539550781 -0.0332984924316406 -0.117378234863281 -0.0444488525390625
0.0301399230957031 -0.0186748504638672 -0.0445022583007813 -0.00643157958984375
0.0205726623535156 -0.0193805694580078 0.0251541137695313 -0.0225067138671875
0.0127744674682617 -0.0104541778564453 0.0412330627441406 -0.0524711608886719
0.00802803039550781 -0.0193042755126953 0.035064697265625 -0.0811767578125
-0.00609016418457031 -0.0202369689941406 -0.01007080078125 -0.104637145996094
-0.0263614654541016 -0.0170764923095703 -0.0593719482421875 -0.0830154418945312
-0.0333786010742188 -0.0193424224853516 -0.0617256164550781 -0.0547714233398437
-0.0408668518066406 -0.0146560668945313 -0.0646629333496094 -0.03515625
-0.0334186553955078 -0.0301933288574219 -0.0544395446777344 -0.0284652709960938
-0.0222282409667969 -0.0444717407226562 -0.0433425903320313 -0.008880615234375
-0.00960922241210937 -0.0525550842285156 -0.05206298828125 0.00618362426757813
0.0270233154296875 -0.0567779541015625 -0.060546875 0.01263427734375
0.0435066223144531 -0.0548629760742188 -0.0907211303710938 0.0425033569335938
0.0744400024414063 -0.05047607421875 -0.113014221191406 0.0362548828125
0.1182861328125 -0.021942138671875 -0.0872268676757812 -0.0514297485351563
0.0799713134765625 -0.0120391845703125 -0.0241336822509766 -0.0112991333007812
0.0732498168945313 -0.0349655151367188 0.0389022827148438 -0.0268592834472656
0.0460548400878906 -0.0399246215820313 0.0478935241699219 -0.0565032958984375
0.0269660949707031 -0.0554580688476563 0.0383377075195313 -0.077972412109375
-0.00751876831054687 -0.0554008483886719 -0.0057373046875 -0.0932464599609375
-0.0413055419921875 -0.0457649230957031 -0.0461273193359375 -0.0717697143554688
-0.0493927001953125 -0.0473556518554688 -0.0433387756347656 -0.0459823608398438
-0.0627822875976562 -0.0391769409179688 -0.0466156005859375 -0.02691650390625
-0.0471572875976563 -0.0548210144042969 -0.0396537780761719 -0.015289306640625
-0.02880859375 -0.07568359375 -0.0339183807373047 0.000677108764648427
-0.004974365234375 -0.0870285034179687 -0.0482101440429688 0.00913238525390625
0.059295654296875 -0.08380126953125 -0.05224609375 0.00805664062499999
0.0804443359375 -0.0679473876953125 -0.0717926025390625 0.0277099609375
0.12176513671875 -0.0506591796875 -0.0772705078125 0.0261383056640625
0.150527954101563 -0.009063720703125 -0.0413970947265625 -0.05291748046875
0.120208740234375 -0.0064239501953125 0.00774765014648438 -0.0146913528442383
0.117012023925781 -0.0519866943359375 0.0543594360351563 -0.0289764404296875
0.0716705322265625 -0.0694580078125 0.0533905029296875 -0.0537796020507813
0.0394134521484375 -0.0878677368164063 0.0396614074707031 -0.0658683776855469
-0.0116653442382813 -0.0841445922851562 0.000591278076171881 -0.0699539184570313
-0.0509719848632812 -0.0675315856933594 -0.0250434875488281 -0.050750732421875
-0.0585708618164063 -0.0693206787109375 -0.0180168151855469 -0.0302543640136719
-0.0741500854492188 -0.058135986328125 -0.0207977294921875 -0.0134811401367188
-0.0516281127929687 -0.071990966796875 -0.0183906555175781 0.00272369384765625
-0.0284347534179688 -0.0964889526367187 -0.0213966369628906 0.0131340026855469
0.00195312500000001 -0.108200073242188 -0.0415077209472656 0.0132637023925781
0.084075927734375 -0.0985641479492188 -0.0435600280761719 0.00217056274414062
0.10784912109375 -0.0698013305664063 -0.0491981506347656 0.00735092163085937
0.151046752929687 -0.041015625 -0.0308971405029297 0.0144424438476562
0.157516479492187 0.0016937255859375 0.0126953125 -0.0519828796386719
0.137969970703125 -0.00283050537109375 0.044586181640625 -0.0203933715820313
0.136558532714844 -0.0618133544921875 0.0667839050292969 -0.029632568359375
0.0815887451171875 -0.0871200561523438 0.0568580627441406 -0.0455970764160156
0.0412445068359375 -0.105377197265625 0.0415306091308594 -0.0450973510742188
-0.0154876708984375 -0.0970840454101563 0.0117607116699219 -0.038421630859375
-0.0544052124023437 -0.0778121948242188 0.00188636779785156 -0.024658203125
-0.0585098266601562 -0.0801849365234375 0.00995540618896484 -0.01031494140625
-0.07275390625 -0.0704269409179688 0.00699567794799804 0.00405073165893554
-0.0444183349609375 -0.0812149047851562 0.00161933898925781 0.0237083435058594
-0.0175857543945312 -0.103622436523438 -0.0101261138916016 0.0268974304199219
0.0164718627929687 -0.112007141113281 -0.0343151092529297 0.017852783203125
0.102241516113281 -0.0919647216796875 -0.0333995819091797 -0.00336837768554688
0.123146057128906 -0.055206298828125 -0.0231666564941406 -0.0130329132080078
0.15899658203125 -0.0215301513671875 0.0201816558837891 0.00538444519042969
0.138053894042969 0.0109939575195313 0.0643119812011719 -0.0513763427734375
0.128128051757812 0.00213623046875 0.0790557861328125 -0.0294876098632813
0.128547668457031 -0.0575408935546875 0.0732879638671875 -0.029876708984375
0.0739898681640625 -0.0854644775390625 0.057037353515625 -0.0341110229492188
0.03594970703125 -0.100143432617188 0.0417137145996094 -0.0214500427246094
-0.0170059204101563 -0.0920867919921875 0.0260219573974609 -0.00624465942382813
-0.0494461059570312 -0.0742263793945313 0.0294895172119141 0.00119590759277343
-0.0497207641601563 -0.0782699584960938 0.0352706909179688 0.010284423828125
-0.0600051879882813 -0.0731658935546875 0.0315475463867187 0.0251293182373047
-0.0285186767578125 -0.0796127319335938 0.0172920227050781 0.0470962524414062
0.00018310546874999 -0.0959854125976563 -0.00460433959960938 0.0428466796875
0.0335311889648437 -0.097015380859375 -0.0283546447753906 0.0228233337402344
0.110137939453125 -0.0670013427734375 -0.0229969024658203 -0.00558662414550782
0.122413635253906 -0.02679443359375 0.00371932983398438 -0.0253810882568359
0.14312744140625 0.003936767578125 0.0671730041503906 0.00422286987304688
0.0954513549804688 0.0196914672851563 0.103424072265625 -0.0511245727539063
0.0956649780273438 0.0086822509765625 0.102256774902344 -0.0400466918945313
0.0975875854492188 -0.0394210815429688 0.0731124877929688 -0.0292129516601563
0.0539207458496094 -0.0632095336914063 0.0548896789550781 -0.0220756530761719
0.0265350341796875 -0.0739212036132813 0.0418663024902344 -0.000953674316406255
-0.0125389099121094 -0.0702705383300781 0.0399246215820313 0.0180854797363281
-0.0348587036132813 -0.0589332580566406 0.0540657043457031 0.0221672058105469
-0.0336685180664062 -0.0645217895507813 0.0553245544433594 0.0292396545410156
-0.0404167175292969 -0.0646018981933594 0.0489616394042969 0.0472488403320313
-0.0112342834472656 -0.066253662109375 0.023101806640625 0.0707244873046875
0.0162811279296875 -0.075347900390625 -0.00663375854492188 0.0584602355957031
0.0436935424804687 -0.06976318359375 -0.0252876281738281 0.0289077758789062
0.100883483886719 -0.0338897705078125 -0.0142278671264648 -0.00277042388916016
0.102912902832031 0.004180908203125 0.0277137756347656 -0.0252513885498047
0.1060791015625 0.0278091430664063 0.104011535644531 0.0132369995117188
0.0390281677246094 0.0281753540039062 0.124641418457031 -0.0506973266601563
0.0503273010253906 0.0192031860351563 0.110244750976563 -0.0488128662109375
0.0553016662597656 -0.0108642578125 0.066925048828125 -0.0268402099609375
0.0306816101074219 -0.0278186798095703 0.0524864196777344 -0.0122756958007813
0.019500732421875 -0.0345268249511719 0.0411720275878906 0.0121078491210937
-0.000919342041015628 -0.0387229919433594 0.0502128601074219 0.0321083068847656
-0.0131454467773438 -0.0354194641113281 0.0695304870605469 0.0339202880859375
-0.0133895874023437 -0.0409965515136719 0.0661697387695313 0.0432891845703125
-0.0178070068359375 -0.04534912109375 0.0574073791503906 0.0666542053222656
0.000610351562499997 -0.0438194274902344 0.0216293334960937 0.0899276733398437
0.0199508666992188 -0.0462074279785156 -0.0134201049804687 0.0718307495117188
0.0385894775390625 -0.0392227172851563 -0.0262603759765625 0.0370216369628906
0.07354736328125 -0.00621795654296875 -0.0105657577514648 0.00618553161621094
0.0674552917480469 0.0263938903808594 0.0427513122558594 -0.0137825012207031
0.0538902282714844 0.04150390625 0.125175476074219 0.0290374755859375
0.0103912353515625 -0.041229248046875 -0.134956359863281 -0.0307540893554688
-0.0199127197265625 -0.0226993560791016 -0.0552253723144531 0.00465774536132813
-0.02960205078125 -0.00376319885253907 0.0167617797851563 -0.0134744644165039
-0.0181617736816406 0.0154170989990234 0.0373306274414063 -0.0463371276855469
-0.0107316970825195 0.0155048370361328 0.0307083129882813 -0.0813369750976563
-0.00338840484619141 0.013981819152832 -0.015350341796875 -0.108665466308594
-0.00916004180908203 0.0126981735229492 -0.0692367553710938 -0.0837478637695313
-0.0132637023925781 0.0123729705810547 -0.0749740600585938 -0.0559463500976562
-0.0141420364379883 0.0129776000976562 -0.0767593383789063 -0.0376052856445313
-0.0167989730834961 -0.000186920166015625 -0.0650978088378906 -0.0360183715820313
-0.0168533325195313 -0.0066680908203125 -0.0507278442382813 -0.0139389038085937
-0.0191593170166016 -0.0110206604003906 -0.0559616088867187 0.00627899169921874
-0.0133323669433594 -0.0257759094238281 -0.071929931640625 0.017974853515625
-0.00242996215820313 -0.0382652282714844 -0.106513977050781 0.0531845092773437
0.015838623046875 -0.0468254089355469 -0.13824462890625 0.0472869873046875
0.0708465576171875 -0.0352401733398438 -0.122344970703125 -0.0434188842773438
0.0315628051757812 -0.0202617645263672 -0.0464096069335938 -0.00462722778320312
0.021209716796875 -0.0209884643554688 0.0259685516357422 -0.0223903656005859
0.0136823654174805 -0.0111837387084961 0.0430259704589844 -0.0535354614257813
0.00825691223144531 -0.0200977325439453 0.0367050170898438 -0.0846710205078125
-0.00640106201171875 -0.0217208862304688 -0.0116119384765625 -0.108734130859375
-0.0277843475341797 -0.017852783203125 -0.063140869140625 -0.0840225219726563
-0.0354499816894531 -0.0194129943847656 -0.0657577514648438 -0.054962158203125
-0.0428199768066406 -0.0144577026367188 -0.0688438415527344 -0.0346260070800781
-0.0350131988525391 -0.0314254760742188 -0.0586509704589844 -0.0284347534179688
-0.0237274169921875 -0.04608154296875 -0.0460433959960938 -0.00925827026367189
-0.0107269287109375 -0.05401611328125 -0.05438232421875 0.0065765380859375
0.0277290344238281 -0.0594635009765625 -0.0633659362792969 0.0132484436035156
0.0441513061523438 -0.057373046875 -0.0936355590820313 0.0458602905273437
0.0768203735351563 -0.0540618896484375 -0.118370056152344 0.04052734375
0.122764587402344 -0.02435302734375 -0.0906143188476562 -0.0506210327148438
0.0841751098632813 -0.0139083862304688 -0.0247211456298828 -0.00989913940429688
0.0758285522460938 -0.0383377075195313 0.03997802734375 -0.0267257690429688
0.0480003356933594 -0.0423736572265625 0.0496063232421875 -0.0575981140136719
0.027374267578125 -0.0586433410644531 0.0401840209960938 -0.081817626953125
-0.00945663452148437 -0.0579261779785156 -0.00679016113281249 -0.0969924926757812
-0.043853759765625 -0.047393798828125 -0.0489883422851563 -0.072845458984375
-0.0530319213867187 -0.04864501953125 -0.04620361328125 -0.0464820861816406
-0.0657424926757813 -0.0394783020019531 -0.0495681762695313 -0.0262184143066406
-0.0497970581054687 -0.056243896484375 -0.0430946350097656 -0.0150222778320313
-0.03076171875 -0.07867431640625 -0.0362777709960938 0.000335693359374999
-0.00642395019531249 -0.0898971557617187 -0.0509185791015625 0.0102691650390625
0.0601806640625 -0.0888519287109375 -0.0550193786621094 0.00777053833007811
0.08282470703125 -0.0714797973632813 -0.0743255615234375 0.0298919677734375
0.125877380371094 -0.0550384521484375 -0.0809326171875 0.0288314819335937
0.156753540039063 -0.0114898681640625 -0.0428810119628906 -0.0538253784179688
0.125404357910156 -0.00891876220703125 0.00815391540527344 -0.0131053924560547
0.120361328125 -0.0566253662109375 0.0552482604980469 -0.0292625427246094
0.0736770629882813 -0.0733184814453125 0.0552291870117188 -0.0551719665527344
0.0389785766601563 -0.0928573608398438 0.0414657592773437 -0.068756103515625
-0.0135269165039063 -0.0869827270507813 0.0010528564453125 -0.0723800659179688
-0.0548782348632813 -0.0693511962890625 -0.0262298583984375 -0.051727294921875
-0.0633926391601563 -0.07037353515625 -0.0190105438232422 -0.0305881500244141
-0.0779037475585938 -0.0586471557617188 -0.0222702026367188 -0.0129890441894531
-0.054962158203125 -0.0746078491210938 -0.0203495025634766 0.00293350219726562
-0.0316085815429687 -0.100006103515625 -0.0233974456787109 0.0133438110351562
7.62939453125305E-06 -0.11248779296875 -0.0440521240234375 0.01446533203125
0.0856094360351563 -0.104438781738281 -0.0455436706542969 0.00157928466796875
0.1112060546875 -0.0743789672851563 -0.051025390625 0.00824737548828126
0.157012939453125 -0.046051025390625 -0.0324974060058594 0.0165233612060547
0.1640625 -0.0003509521484375 0.0137214660644531 -0.0531196594238281
0.14385986328125 -0.005279541015625 0.0465431213378906 -0.0199623107910156
0.141357421875 -0.0678558349609375 0.0686187744140625 -0.0295257568359375
0.0832748413085938 -0.091644287109375 0.0586280822753906 -0.0472259521484375
0.041290283203125 -0.110321044921875 0.0430030822753906 -0.0471572875976563
-0.0174713134765625 -0.100799560546875 0.0130653381347656 -0.0397186279296875
-0.0583267211914063 -0.0800399780273437 0.00199127197265625 -0.0254325866699219
-0.0635604858398438 -0.0820236206054688 0.00994014739990234 -0.0110683441162109
-0.0773162841796875 -0.0718841552734375 0.00678157806396484 0.00472450256347656
-0.0474166870117188 -0.083770751953125 0.00152015686035156 0.0246410369873047
-0.0200881958007813 -0.107566833496094 -0.0116977691650391 0.0277614593505859
0.014678955078125 -0.115898132324219 -0.0369834899902344 0.0185890197753906
0.10479736328125 -0.0986328125 -0.0352516174316406 -0.00436782836914064
0.127090454101563 -0.0590438842773438 -0.0249595642089844 -0.0126380920410156
0.165771484375 -0.02618408203125 0.0202751159667969 0.00654029846191406
0.144210815429688 0.0095367431640625 0.067108154296875 -0.0533790588378906
0.134330749511719 0.0002593994140625 0.082733154296875 -0.0304718017578125
0.132942199707031 -0.0629806518554688 0.0756149291992188 -0.0301132202148438
0.0754928588867188 -0.0896530151367188 0.0593452453613281 -0.0350914001464844
0.0353927612304687 -0.104850769042969 0.0436058044433594 -0.0225563049316406
-0.0186309814453125 -0.0955657958984375 0.0283336639404297 -0.00700759887695313
-0.052520751953125 -0.0758285522460938 0.03155517578125 0.00074386596679687
-0.054290771484375 -0.0801010131835938 0.0368232727050781 0.00987243652343749
-0.0643234252929688 -0.0740203857421875 0.032989501953125 0.0251884460449219
-0.0308074951171875 -0.0828475952148438 0.0181427001953125 0.0486183166503906
-0.00108337402343751 -0.099853515625 -0.00511550903320313 0.0446853637695312
0.0333404541015625 -0.10150146484375 -0.0305576324462891 0.0235385894775391
0.11358642578125 -0.0726852416992188 -0.0246353149414062 -0.00680160522460938
0.126625061035156 -0.0292816162109375 0.00330162048339844 -0.0258331298828125
0.149505615234375 0.0007781982421875 0.0693016052246094 0.00384521484375
0.0997772216796875 0.01849365234375 0.107887268066406 -0.0540542602539063
0.100509643554688 0.007720947265625 0.106117248535156 -0.0417709350585938
0.100967407226563 -0.042755126953125 0.0757904052734375 -0.02996826171875
0.0551071166992188 -0.0663299560546875 0.0572090148925781 -0.0230522155761719
0.025634765625 -0.0774307250976562 0.0440483093261719 -0.000808715820312505
-0.0137481689453125 -0.0727996826171875 0.0437393188476563 0.0189857482910156
-0.0373649597167969 -0.05987548828125 0.0570793151855469 0.02093505859375
-0.0365676879882812 -0.066009521484375 0.0573387145996094 0.0284347534179688
-0.0432586669921875 -0.0658416748046875 0.0513076782226562 0.0476493835449219
-0.0124359130859375 -0.0691108703613281 0.0256805419921875 0.072998046875
0.0151214599609375 -0.0780105590820313 -0.00696563720703124 0.0611343383789063
0.0441436767578125 -0.0731964111328125 -0.0274600982666016 0.0298042297363281
0.104103088378906 -0.0380172729492188 -0.0158224105834961 -0.00367164611816407
0.10736083984375 0.00322723388671875 0.0279254913330078 -0.0264625549316406
0.111259460449219 0.0263442993164062 0.108238220214844 0.0122299194335938
0.040924072265625 0.0292510986328125 0.129531860351563 -0.0550155639648437
0.0521621704101562 0.0196189880371094 0.114479064941406 -0.0514984130859375
0.0574417114257813 -0.0125846862792969 0.069427490234375 -0.02752685546875
0.0313167572021484 -0.0296592712402344 0.0543861389160156 -0.0133590698242188
0.0191497802734375 -0.0361061096191406 0.043853759765625 0.0128440856933594
-0.00178146362304687 -0.0398101806640625 0.05389404296875 0.0329017639160156
-0.0138931274414063 -0.0359916687011719 0.0736083984375 0.0334091186523438
-0.0154266357421875 -0.0417633056640625 0.0692558288574219 0.04266357421875
-0.0200424194335937 -0.0465545654296875 0.0606307983398438 0.0670852661132813
-8.77380371093794E-05 -0.0449256896972656 0.0237960815429687 0.092681884765625
0.02008056640625 -0.04833984375 -0.0138702392578125 0.0749893188476563
0.039276123046875 -0.0409507751464844 -0.0281562805175781 0.0374107360839844
0.0762405395507812 -0.00832366943359375 -0.0115499496459961 0.00536155700683594
0.0702552795410156 0.0263862609863281 0.0435829162597656 -0.0152473449707031
0.0569877624511719 0.0417900085449219 0.129608154296875 0.0284423828125
0.00924301147460937 -0.0427665710449219 -0.142105102539063 -0.0264892578125
-0.0218296051025391 -0.0232143402099609 -0.0570487976074219 0.00775909423828124
-0.0313549041748047 -0.00364494323730468 0.0177898406982422 -0.0134010314941406
-0.0176525115966797 0.0167903900146484 0.0384559631347656 -0.0487632751464844
-0.0100851058959961 0.0166959762573242 0.0301437377929688 -0.0865859985351563
-0.00331592559814453 0.0143423080444336 -0.0201797485351563 -0.113739013671875
-0.008880615234375 0.0135374069213867 -0.0766677856445312 -0.0835723876953125
-0.013676643371582 0.0135107040405273 -0.0815277099609375 -0.054351806640625
-0.0144939422607422 0.0136804580688477 -0.082366943359375 -0.03497314453125
-0.0177497863769531 8.39233398437522E-05 -0.0714263916015625 -0.0347747802734375
-0.0176410675048828 -0.00621795654296875 -0.0548286437988281 -0.013275146484375
-0.0204029083251953 -0.0110321044921875 -0.05853271484375 0.00818634033203124
-0.0146522521972656 -0.0262069702148438 -0.0743255615234375 0.0206222534179687
-0.0039520263671875 -0.0396652221679688 -0.109458923339844 0.0595932006835937
0.0145454406738281 -0.049560546875 -0.143356323242187 0.0561981201171875
0.07305908203125 -0.0389556884765625 -0.128532409667969 -0.03961181640625
0.0328693389892578 -0.0225543975830078 -0.0482978820800781 -0.002105712890625
0.021270751953125 -0.0238056182861328 0.0265178680419922 -0.0232124328613281
0.0140552520751953 -0.0127267837524414 0.043701171875 -0.0569267272949219
0.00791168212890625 -0.0216579437255859 0.0357742309570312 -0.0903167724609375
-0.00759696960449219 -0.0230064392089844 -0.0161514282226563 -0.113761901855469
-0.0304508209228516 -0.0176925659179687 -0.0696945190429687 -0.0840835571289063
-0.0388031005859375 -0.0188179016113281 -0.0715560913085938 -0.0537948608398437
-0.0453109741210938 -0.0135040283203125 -0.0745773315429688 -0.0326080322265625
-0.0379371643066406 -0.0315055847167969 -0.0643272399902344 -0.0275306701660156
-0.0262718200683594 -0.0474052429199219 -0.05010986328125 -0.00866699218750001
-0.0132102966308594 -0.0557785034179688 -0.0574302673339844 0.00886917114257812
0.0265121459960938 -0.0636215209960938 -0.0657691955566406 0.0155525207519531
0.0438232421875 -0.0613021850585938 -0.0959548950195312 0.051971435546875
0.078155517578125 -0.0602645874023438 -0.122810363769531 0.0490264892578125
0.127899169921875 -0.0300979614257813 -0.0960464477539062 -0.0483779907226563
0.0878219604492188 -0.0179901123046875 -0.0256252288818359 -0.00758552551269531
0.077056884765625 -0.0444564819335938 0.0404205322265625 -0.0282249450683594
0.0481338500976563 -0.0465164184570313 0.0501861572265625 -0.0613288879394531
0.0260848999023437 -0.0622596740722656 0.0391998291015625 -0.087158203125
-0.0116844177246094 -0.06060791015625 -0.0102462768554688 -0.101295471191406
-0.0483016967773437 -0.0478668212890625 -0.0537643432617188 -0.0734176635742188
-0.0584030151367188 -0.0481529235839844 -0.0508232116699219 -0.0453414916992188
-0.0707626342773438 -0.0380859375 -0.054046630859375 -0.0244827270507812
-0.0544548034667969 -0.0572090148925781 -0.0471992492675781 -0.013641357421875
-0.0356292724609375 -0.0814895629882812 -0.0402641296386719 0.00129699707031249
-0.0105972290039062 -0.0937271118164063 -0.0540199279785156 0.0125770568847656
0.0587692260742188 -0.0965728759765625 -0.0579071044921875 0.00929641723632811
0.08392333984375 -0.0781021118164063 -0.076812744140625 0.0348358154296875
0.129547119140625 -0.0638580322265625 -0.0843429565429687 0.0356063842773438
0.163787841796875 -0.0186920166015625 -0.0456657409667969 -0.0530357360839844
0.13189697265625 -0.0151214599609375 0.00890445709228516 -0.0127954483032227
0.123924255371094 -0.0654449462890625 0.0565643310546875 -0.0301704406738281
0.0738067626953125 -0.08056640625 0.0561714172363281 -0.0588493347167969
0.0362396240234375 -0.098419189453125 0.0419158935546875 -0.0738067626953125
-0.017303466796875 -0.09112548828125 -0.00140380859375 -0.076263427734375
-0.0604705810546875 -0.0705947875976562 -0.0291252136230469 -0.0524978637695313
-0.0706100463867188 -0.0708084106445313 -0.0222511291503906 -0.0306320190429688
-0.08465576171875 -0.0572967529296875 -0.0248851776123047 -0.0126781463623047
-0.0605621337890625 -0.0763931274414063 -0.0224018096923828 0.00423812866210938
-0.0372695922851563 -0.103584289550781 -0.0260696411132813 0.0149497985839844
-0.00485229492187499 -0.117439270019531 -0.0475234985351563 0.0169448852539063
0.0850372314453125 -0.113983154296875 -0.0487823486328125 0.00223922729492187
0.113426208496094 -0.08233642578125 -0.0537033081054687 0.0112075805664063
0.162872314453125 -0.0562591552734375 -0.0343723297119141 0.0197067260742187
0.172515869140625 -0.00732421875 0.0127754211425781 -0.055450439453125
0.15155029296875 -0.011871337890625 0.0492820739746094 -0.0212478637695313
0.145248413085938 -0.0776214599609375 0.0705490112304688 -0.0316848754882813
0.0832443237304688 -0.0998764038085938 0.0600547790527344 -0.05023193359375
0.0377273559570313 -0.11761474609375 0.0442085266113281 -0.0510139465332031
-0.0228958129882813 -0.105628967285156 0.0135879516601562 -0.0423622131347656
-0.06427001953125 -0.0808792114257813 0.00153732299804687 -0.0261974334716797
-0.07135009765625 -0.0822906494140625 0.00922966003417968 -0.0119667053222656
-0.0845870971679688 -0.07025146484375 0.00659942626953124 0.0043487548828125
-0.053558349609375 -0.0859298706054688 0.00174713134765625 0.0254497528076172
-0.0258331298828125 -0.111846923828125 -0.0123023986816406 0.0295524597167969
0.0100173950195312 -0.122421264648437 -0.039306640625 0.0209884643554687
0.104965209960938 -0.108985900878906 -0.0381393432617187 -0.00442886352539064
0.130859375 -0.067047119140625 -0.0270900726318359 -0.0125236511230469
0.172760009765625 -0.0358734130859375 0.0200424194335938 0.00630760192871093
0.151397705078125 0.0031585693359375 0.0695533752441406 -0.05810546875
0.141204833984375 -0.0060272216796875 0.085784912109375 -0.0335922241210937
0.136558532714844 -0.0723953247070313 0.0781021118164063 -0.0330047607421875
0.074859619140625 -0.0966415405273438 0.0608253479003906 -0.0378036499023438
0.0310287475585938 -0.111763000488281 0.0458030700683594 -0.0250015258789063
-0.023773193359375 -0.0992660522460938 0.0313072204589844 -0.00819206237792969
-0.0586166381835938 -0.0771026611328125 0.0335445404052734 -0.000288009643554692
-0.0614547729492188 -0.0806732177734375 0.038238525390625 0.00850296020507812
-0.07098388671875 -0.0740737915039063 0.0344009399414062 0.0250492095947266
-0.0354080200195312 -0.08544921875 0.0208969116210937 0.049407958984375
-0.00577545166015625 -0.104087829589844 -0.00528717041015625 0.0467453002929687
0.0303802490234375 -0.107147216796875 -0.0323295593261719 0.0252132415771484
0.115402221679688 -0.0823898315429688 -0.0269889831542969 -0.00776863098144532
0.131423950195313 -0.0364227294921875 0.00160980224609376 -0.0278034210205078
0.157058715820313 -0.006744384765625 0.0717697143554688 0.00157928466796875
0.105300903320313 0.0154647827148438 0.111801147460938 -0.0612106323242188
0.105842590332031 0.0038604736328125 0.109786987304687 -0.0478744506835937
0.104339599609375 -0.0496444702148438 0.077911376953125 -0.0332107543945313
0.0550079345703125 -0.0713653564453125 0.0589714050292969 -0.0255584716796875
0.023590087890625 -0.0828628540039063 0.0465812683105469 -0.00211715698242188
-0.0177383422851562 -0.0753936767578125 0.0482521057128906 0.0181922912597656
-0.0413017272949219 -0.0612449645996094 0.0612068176269531 0.0196380615234375
-0.0425796508789063 -0.0669784545898438 0.0605964660644531 0.0273284912109375
-0.0487289428710937 -0.0660820007324219 0.055023193359375 0.0470504760742187
-0.0163955688476563 -0.072021484375 0.02947998046875 0.0745620727539063
0.012542724609375 -0.0817947387695313 -0.00563430786132812 0.0643157958984375
0.0431289672851563 -0.0779037475585938 -0.0290336608886719 0.0320663452148437
0.1072998046875 -0.0449066162109375 -0.0173768997192383 -0.00464439392089844
0.112236022949219 -0.00118255615234375 0.0273075103759766 -0.0289478302001953
0.117767333984375 0.0217208862304687 0.112205505371094 0.0086212158203125
0.0439109802246094 0.0285263061523437 0.134437561035156 -0.0631484985351563
0.0557174682617188 0.0184402465820313 0.118209838867187 -0.0584182739257812
0.0602149963378906 -0.0159873962402344 0.0716705322265625 -0.030792236328125
0.0316104888916016 -0.0321140289306641 0.0565681457519531 -0.0156059265136719
0.018096923828125 -0.0394363403320313 0.0471038818359375 0.0122642517089844
-0.00378799438476563 -0.0413551330566406 0.0597763061523438 0.0322380065917969
-0.0159034729003906 -0.0372962951660156 0.0792083740234375 0.03094482421875
-0.0177879333496094 -0.0424041748046875 0.0743789672851563 0.0410385131835938
-0.0234794616699219 -0.0464324951171875 0.0658760070800781 0.0672721862792969
-0.00207138061523438 -0.0473899841308594 0.0294113159179687 0.095489501953125
0.0189247131347656 -0.0514450073242187 -0.0127182006835937 0.0786056518554688
0.039306640625 -0.0441131591796875 -0.0294914245605469 0.0399932861328125
0.0794830322265625 -0.0122909545898437 -0.0128564834594727 0.00470447540283203
0.0748214721679688 0.0240631103515625 0.0439720153808594 -0.0182533264160156
0.0611381530761719 0.04071044921875 0.136558532714844 0.02410888671875
0.00660324096679687 -0.0436172485351563 -0.147674560546875 -0.0177459716796875
-0.0240764617919922 -0.0227909088134766 -0.0583381652832031 0.0126380920410156
-0.0328712463378906 -0.00211715698242188 0.0177345275878906 -0.0141410827636719
-0.0169010162353516 0.0181617736816406 0.0379486083984375 -0.0515060424804687
-0.00877952575683594 0.0176200866699219 0.0267105102539063 -0.0918655395507813
-0.00302791595458984 0.0144424438476563 -0.028289794921875 -0.116409301757812
-0.00862407684326172 0.0139789581298828 -0.0840988159179688 -0.0806045532226562
-0.0128850936889648 0.0144500732421875 -0.0874252319335937 -0.049957275390625
-0.0138921737670898 0.0145349502563477 -0.0880661010742188 -0.02960205078125
-0.0184135437011719 0.000677108764648435 -0.0775527954101562 -0.031341552734375
-0.0183658599853516 -0.00560569763183594 -0.0587692260742188 -0.0106887817382813
-0.0215473175048828 -0.00962638854980469 -0.0605545043945313 0.01202392578125
-0.01666259765625 -0.0265884399414063 -0.07568359375 0.025177001953125
-0.00672531127929688 -0.0407028198242187 -0.108955383300781 0.0683441162109375
0.0110282897949219 -0.0518074035644531 -0.145309448242188 0.0690765380859375
0.0732650756835937 -0.0445327758789062 -0.134140014648438 -0.0318832397460937
0.0326213836669922 -0.0259685516357422 -0.0490379333496094 0.00200271606445313
0.0200977325439453 -0.0264186859130859 0.0264987945556641 -0.0243053436279297
0.0138349533081055 -0.0147151947021484 0.0429954528808594 -0.0602149963378906
0.0073089599609375 -0.0229682922363281 0.0321884155273438 -0.0954360961914062
-0.00941658020019531 -0.0236625671386719 -0.0239105224609375 -0.116950988769531
-0.0326805114746094 -0.0167312622070313 -0.0770187377929688 -0.08184814453125
-0.04119873046875 -0.016571044921875 -0.07708740234375 -0.04949951171875
-0.04791259765625 -0.0113639831542969 -0.0796279907226563 -0.0277023315429687
-0.041046142578125 -0.0304908752441406 -0.0701637268066406 -0.0237617492675781
-0.0302467346191406 -0.0479316711425781 -0.0538825988769531 -0.00621032714843751
-0.0172691345214844 -0.05670166015625 -0.0590286254882813 0.0128288269042969
0.023345947265625 -0.0679969787597656 -0.0676536560058594 0.0195388793945312
0.0418167114257813 -0.0662612915039063 -0.0954437255859375 0.0596237182617188
0.0765228271484375 -0.0672683715820313 -0.123641967773438 0.0600128173828125
0.130477905273438 -0.0393218994140625 -0.101066589355469 -0.0427093505859375
0.0903701782226563 -0.024871826171875 -0.0257415771484375 -0.00510978698730469
0.076385498046875 -0.0514450073242188 0.040557861328125 -0.0300064086914063
0.0464401245117188 -0.0512428283691406 0.0492973327636719 -0.0652923583984375
0.0228080749511719 -0.0663528442382812 0.0359420776367187 -0.0922393798828125
-0.016082763671875 -0.0625419616699219 -0.0167007446289063 -0.104446411132813
-0.0533065795898438 -0.0465621948242188 -0.0594558715820313 -0.0709686279296875
-0.0644073486328125 -0.0454673767089844 -0.0551490783691406 -0.0427055358886719
-0.0757522583007813 -0.0344924926757812 -0.0580406188964844 -0.0209579467773437
-0.0597000122070313 -0.0557899475097656 -0.0511054992675781 -0.0106697082519531
-0.0417633056640625 -0.08172607421875 -0.0430259704589844 0.00411987304687499
-0.0171585083007813 -0.0957717895507813 -0.055877685546875 0.0162391662597656
0.0543060302734375 -0.104019165039063 -0.0600242614746094 0.0122642517089844
0.0816192626953125 -0.0861129760742188 -0.0767593383789063 0.0415267944335938
0.129463195800781 -0.0756683349609375 -0.0850830078125 0.0439682006835937
0.168975830078125 -0.0299835205078125 -0.0497512817382812 -0.0502586364746094
0.136039733886719 -0.0244979858398437 0.00923156738281251 -0.0122261047363281
0.122711181640625 -0.0770034790039063 0.0570640563964844 -0.0325469970703125
0.0705108642578125 -0.08758544921875 0.0552444458007813 -0.0629043579101563
0.03076171875 -0.104522705078125 0.0393218994140625 -0.0787506103515625
-0.0241241455078125 -0.0927810668945312 -0.00492095947265625 -0.0788040161132812
-0.0671539306640625 -0.0691337585449219 -0.0328445434570313 -0.051483154296875
-0.0781631469726563 -0.0674896240234375 -0.0251312255859375 -0.0295753479003906
-0.091827392578125 -0.05377197265625 -0.0281085968017578 -0.00992202758789063
-0.067169189453125 -0.0749740600585938 -0.0242805480957031 0.00593948364257812
-0.0449447631835938 -0.104530334472656 -0.0273399353027344 0.0162487030029297
-0.0127029418945312 -0.120529174804688 -0.0490226745605469 0.0206108093261719
0.0792617797851563 -0.12457275390625 -0.0511436462402344 0.00408172607421874
0.112159729003906 -0.0919723510742188 -0.0547294616699219 0.0151023864746094
0.164443969726562 -0.0699310302734375 -0.0346412658691406 0.0240116119384766
0.178268432617188 -0.0195159912109375 0.0111198425292969 -0.0569267272949219
0.156539916992188 -0.022705078125 0.0498542785644531 -0.0235671997070312
0.144317626953125 -0.09039306640625 0.0710601806640625 -0.0353851318359375
0.079132080078125 -0.108146667480469 0.0595550537109375 -0.0540733337402344
0.0302352905273438 -0.124015808105469 0.0429267883300781 -0.0552940368652344
-0.0301055908203125 -0.107658386230469 0.0126152038574219 -0.0447921752929688
-0.0721282958984375 -0.0795135498046875 0.000654220581054684 -0.0270271301269531
-0.0799179077148438 -0.0789947509765625 0.00837230682373046 -0.0122480392456055
-0.0923538208007813 -0.066192626953125 0.00579404830932617 0.00460720062255859
-0.0605850219726562 -0.0854263305664062 0.00299835205078124 0.0263328552246094
-0.0342483520507812 -0.113731384277344 -0.0128192901611328 0.0312080383300781
0.00213623046875001 -0.126350402832031 -0.0409278869628906 0.0242805480957031
0.100318908691406 -0.120811462402344 -0.0412864685058594 -0.00407791137695313
0.131202697753906 -0.0778045654296875 -0.0289497375488281 -0.0111122131347656
0.175827026367188 -0.05010986328125 0.0206508636474609 0.00673103332519531
0.156951904296875 -0.006744384765625 0.068023681640625 -0.0635452270507813
0.14581298828125 -0.015716552734375 0.086822509765625 -0.0393295288085938
0.136474609375 -0.084228515625 0.0786590576171875 -0.0371627807617188
0.0708999633789062 -0.104072570800781 0.060699462890625 -0.0416755676269531
0.0244903564453125 -0.11767578125 0.04632568359375 -0.0284881591796875
-0.0308609008789063 -0.10107421875 0.0328865051269531 -0.0105342864990234
-0.0653915405273438 -0.07562255859375 0.0352363586425781 -0.0033111572265625
-0.0695343017578125 -0.0783233642578125 0.0393943786621094 0.00607681274414062
-0.0784988403320313 -0.0705184936523438 0.0363273620605469 0.0231704711914062
-0.0426025390625 -0.0855941772460938 0.0241127014160156 0.0494384765625
-0.0128250122070313 -0.107200622558594 -0.0036468505859375 0.0485153198242187
0.0237960815429687 -0.112442016601563 -0.0332202911376953 0.0285663604736328
0.112937927246094 -0.0937271118164063 -0.0296401977539062 -0.00714683532714844
0.133247375488281 -0.0456008911132813 -0.000476837158203114 -0.0282402038574219
0.161895751953125 -0.018798828125 0.0732879638671875 -0.00180816650390625
0.109512329101563 0.00811767578125 0.112068176269531 -0.070404052734375
0.109718322753906 -0.00328826904296875 0.110511779785156 -0.0555801391601563
0.104660034179688 -0.058807373046875 0.0788955688476563 -0.0372238159179688
0.0518798828125 -0.0770034790039063 0.0592155456542969 -0.0288047790527344
0.0180511474609375 -0.0865020751953125 0.0484771728515625 -0.00522232055664063
-0.02362060546875 -0.0766143798828125 0.0523796081542969 0.0158424377441406
-0.0464630126953125 -0.0601768493652344 0.065155029296875 0.01507568359375
-0.0489921569824219 -0.0652542114257813 0.0642433166503906 0.023284912109375
-0.0553245544433594 -0.0642051696777344 0.0587959289550781 0.0446319580078125
-0.0210723876953125 -0.0729522705078125 0.0348358154296875 0.0745086669921875
0.00780487060546874 -0.0856781005859375 -0.00307083129882812 0.0668373107910156
0.0391693115234375 -0.0830917358398437 -0.0289688110351562 0.0346965789794922
0.10699462890625 -0.0545501708984375 -0.0191726684570312 -0.00460624694824219
0.115577697753906 -0.00879669189453125 0.0253868103027344 -0.0321121215820313
0.123207092285156 0.0134201049804687 0.114990234375 0.002166748046875
0.0464973449707031 0.0261116027832031 0.135017395019531 -0.0740814208984375
0.0589065551757812 0.0150489807128906 0.118682861328125 -0.0675582885742188
0.0611763000488281 -0.0209732055664063 0.0726318359375 -0.0350570678710938
0.0308551788330078 -0.0344715118408203 0.0576629638671875 -0.0187416076660156
0.0151710510253906 -0.0420608520507813 0.0501022338867187 0.0102348327636719
-0.00685882568359375 -0.0424690246582031 0.0655746459960938 0.0295944213867187
-0.0190467834472656 -0.0366897583007813 0.0842742919921875 0.0254898071289063
-0.0218696594238281 -0.0425796508789062 0.07867431640625 0.0364837646484375
-0.0276527404785156 -0.0460433959960938 0.0718765258789063 0.06414794921875
-0.005035400390625 -0.0485191345214844 0.0364608764648438 0.0957870483398438
0.0158500671386719 -0.0539169311523438 -0.00843048095703126 0.0826187133789063
0.0378189086914063 -0.0476837158203125 -0.0294151306152344 0.0428276062011719
0.0803298950195313 -0.0186767578125 -0.0138101577758789 0.0046539306640625
0.0784225463867187 0.0196456909179687 0.0432243347167969 -0.0220718383789062
0.0657081604003906 0.0369873046875 0.140945434570313 0.01629638671875
0.00476074218749999 -0.0441169738769531 -0.148269653320313 -0.00735473632812501
-0.0259246826171875 -0.0216007232666016 -0.0569953918457031 0.017181396484375
-0.0338363647460938 0.000141143798828119 0.0179977416992188 -0.0142784118652344
-0.0150012969970703 0.01861572265625 0.0361709594726563 -0.0534210205078125
-0.00687217712402344 0.0178470611572266 0.0220718383789062 -0.0939254760742188
-0.00193309783935547 0.0145578384399414 -0.0365066528320313 -0.115798950195313
-0.00856781005859375 0.0147428512573242 -0.0895538330078125 -0.0745086669921875
-0.0121936798095703 0.0152387619018555 -0.0909042358398438 -0.04315185546875
-0.0130147933959961 0.014765739440918 -0.0904464721679687 -0.0231552124023438
-0.0183315277099609 0.00157737731933594 -0.0816726684570313 -0.0258255004882812
-0.0190677642822266 -0.00487899780273437 -0.0615043640136719 -0.00731277465820312
-0.0221710205078125 -0.00813674926757812 -0.0602607727050781 0.0153160095214844
-0.0181236267089844 -0.0260009765625 -0.074371337890625 0.0295257568359375
-0.0093536376953125 -0.0408134460449219 -0.105087280273438 0.0757980346679687
0.0073089599609375 -0.0522804260253906 -0.141616821289062 0.0796966552734375
0.0716323852539063 -0.0496673583984375 -0.135719299316406 -0.0226669311523437
0.0314693450927734 -0.0281600952148438 -0.0482521057128906 0.00652694702148436
0.0177841186523438 -0.0281524658203125 0.0258121490478516 -0.0242214202880859
0.0130510330200195 -0.0160017013549805 0.0404396057128906 -0.0625038146972656
0.00584030151367188 -0.0238418579101563 0.02740478515625 -0.0986480712890625
-0.0113601684570312 -0.0237884521484375 -0.0316390991210938 -0.1163330078125
-0.0343494415283203 -0.0150260925292969 -0.0822296142578125 -0.0759124755859375
-0.0427131652832031 -0.0136642456054688 -0.0808944702148438 -0.0432052612304687
-0.048858642578125 -0.00847625732421875 -0.0821075439453125 -0.0211715698242187
-0.043670654296875 -0.0288505554199219 -0.0736465454101563 -0.0188674926757812
-0.0337257385253906 -0.0465774536132813 -0.0562248229980469 -0.00308990478515625
-0.0210075378417969 -0.05584716796875 -0.0592308044433594 0.0160789489746094
0.0181961059570313 -0.0703811645507813 -0.0670433044433594 0.0229721069335937
0.0378036499023438 -0.0690040588378906 -0.0923004150390625 0.0667266845703125
0.0720291137695313 -0.072967529296875 -0.120872497558594 0.0697174072265625
0.129669189453125 -0.0481719970703125 -0.102508544921875 -0.0353317260742187
0.0895462036132813 -0.0317611694335938 -0.0249462127685547 -0.00221633911132812
0.0728530883789063 -0.0577316284179688 0.039947509765625 -0.0310173034667969
0.0431785583496094 -0.0549659729003906 0.0461769104003906 -0.0671234130859375
0.0181388854980469 -0.0685844421386719 0.0317840576171875 -0.0955123901367188
-0.0201530456542969 -0.0624008178710938 -0.023162841796875 -0.103797912597656
-0.0568046569824219 -0.0434455871582031 -0.064605712890625 -0.0667953491210937
-0.06829833984375 -0.0408897399902344 -0.0582847595214844 -0.0380859375
-0.0787277221679688 -0.0294189453125 -0.0603904724121094 -0.0157279968261719
-0.0638999938964844 -0.0526924133300781 -0.0532455444335938 -0.00674057006835939
-0.0476303100585938 -0.079620361328125 -0.044219970703125 0.00660324096679688
-0.023162841796875 -0.0944671630859375 -0.0555953979492188 0.0200691223144531
0.0471115112304688 -0.109107971191406 -0.0601348876953125 0.01507568359375
0.0761260986328125 -0.0912094116210938 -0.0738601684570313 0.0465545654296875
0.12493896484375 -0.0852813720703125 -0.0830154418945312 0.050933837890625
0.168624877929688 -0.041748046875 -0.0514755249023437 -0.0464134216308594
0.135520935058594 -0.0347061157226563 0.00946807861328126 -0.0114879608154297
0.118034362792969 -0.0865554809570313 0.055877685546875 -0.0345611572265625
0.0652008056640625 -0.0928497314453125 0.0523605346679688 -0.0655937194824219
0.0232162475585938 -0.107086181640625 0.0353317260742187 -0.0816497802734375
-0.0304183959960938 -0.0927886962890625 -0.00934600830078126 -0.0790634155273438
-0.0724411010742188 -0.0653305053710938 -0.0358810424804688 -0.0492973327636719
-0.083740234375 -0.0619354248046875 -0.0276298522949219 -0.0274028778076172
-0.096099853515625 -0.0468902587890625 -0.0294246673583984 -0.00730133056640626
-0.07275390625 -0.0705108642578125 -0.0250396728515625 0.00793266296386718
-0.0522689819335937 -0.102310180664062 -0.0283832550048828 0.0178108215332031
-0.0206832885742188 -0.120002746582031 -0.0492515563964844 0.0242538452148437
0.0701904296875 -0.131797790527344 -0.0527267456054687 0.00647735595703124
0.106620788574219 -0.0994873046875 -0.0537757873535156 0.0191574096679687
0.160614013671875 -0.08251953125 -0.0335979461669922 0.0273876190185547
0.178421020507813 -0.0319976806640625 0.00867843627929688 -0.057373046875
0.15625 -0.033172607421875 0.049560546875 -0.0260848999023438
0.138290405273438 -0.101638793945313 0.0694122314453125 -0.0380897521972656
0.072174072265625 -0.113906860351563 0.0571441650390625 -0.0567703247070313
0.0213088989257813 -0.126724243164063 0.0406036376953125 -0.0577201843261719
-0.0375823974609375 -0.106758117675781 0.0102996826171875 -0.0462570190429688
-0.0776901245117188 -0.0757293701171875 -0.000577926635742192 -0.0273361206054688
-0.0863418579101563 -0.0733642578125 0.00718498229980468 -0.0131101608276367
-0.0973739624023438 -0.05950927734375 0.00532817840576171 0.00500631332397461
-0.06689453125 -0.0817489624023438 0.00367546081542968 0.0256900787353516
-0.0418701171875 -0.111785888671875 -0.0127944946289063 0.0320587158203125
-0.00628662109375001 -0.127281188964844 -0.0404014587402344 0.0274276733398437
0.0921630859375 -0.129547119140625 -0.0431022644042969 -0.00190734863281251
0.12713623046875 -0.0867080688476563 -0.0300388336181641 -0.00886726379394532
0.17327880859375 -0.062835693359375 0.0205039978027344 0.00647735595703125
0.157791137695313 -0.017852783203125 0.066070556640625 -0.0679206848144531
0.145919799804688 -0.025970458984375 0.0856475830078125 -0.0443267822265625
0.131088256835937 -0.0946273803710938 0.0770645141601563 -0.0405807495117188
0.0645675659179688 -0.109420776367188 0.0591316223144531 -0.0446853637695313
0.01654052734375 -0.119468688964844 0.045379638671875 -0.0313072204589844
-0.038482666015625 -0.10003662109375 0.0342521667480469 -0.0132274627685547
-0.0706939697265625 -0.0720291137695313 0.0364303588867187 -0.00645065307617188
-0.075653076171875 -0.0732040405273437 0.0398521423339844 0.0030670166015625
-0.0838470458984375 -0.0648956298828125 0.0372352600097656 0.0211372375488281
-0.048797607421875 -0.0835342407226563 0.0271949768066406 0.0480232238769531
-0.0199432373046875 -0.106773376464844 -0.00214767456054687 0.0492668151855469
0.01629638671875 -0.114418029785156 -0.0331287384033203 0.0309906005859375
0.106254577636719 -0.10235595703125 -0.0316963195800781 -0.00681304931640625
0.131523132324219 -0.054931640625 -0.00319671630859374 -0.0285415649414063
0.161056518554688 -0.0307464599609375 0.0722198486328125 -0.006256103515625
0.11114501953125 0.0011749267578125 0.109588623046875 -0.07781982421875
0.110565185546875 -0.0110321044921875 0.107940673828125 -0.0627593994140625
0.101249694824219 -0.0666580200195313 0.0771484375 -0.0416412353515625
0.04736328125 -0.0807037353515625 0.0584487915039062 -0.031951904296875
0.0119857788085938 -0.0886993408203125 0.0492134094238281 -0.00706100463867188
-0.0290374755859375 -0.0757217407226563 0.0551795959472656 0.0118751525878906
-0.051055908203125 -0.0569534301757813 0.0671005249023438 0.0100250244140625
-0.0540008544921875 -0.0616531372070313 0.0654144287109375 0.0188064575195312
-0.0598068237304688 -0.0597343444824219 0.0616035461425781 0.0407829284667969
-0.0263137817382813 -0.0721664428710938 0.03961181640625 0.0714645385742188
0.00203704833984376 -0.0865249633789063 0.000129699707031253 0.0674285888671875
0.0338973999023438 -0.0855712890625 -0.0287742614746094 0.0367584228515625
0.103691101074219 -0.062469482421875 -0.0212459564208984 -0.00466156005859376
0.11578369140625 -0.016693115234375 0.0224800109863281 -0.03399658203125
0.124595642089844 0.00439453125 0.114547729492188 -0.00492095947265625
0.048553466796875 0.023162841796875 0.131172180175781 -0.0838394165039063
0.0607833862304688 0.0111618041992188 0.114730834960938 -0.0755462646484375
0.0603256225585938 -0.0259208679199219 0.0712051391601563 -0.0390701293945313
0.0289573669433594 -0.0371475219726563 0.0569343566894531 -0.0218315124511719
0.0124855041503906 -0.0432052612304688 0.05145263671875 0.00767898559570312
-0.0103721618652344 -0.0420455932617188 0.0696372985839844 0.0251884460449219
-0.0211257934570313 -0.0355644226074219 0.0869979858398438 0.0190200805664063
-0.0254325866699219 -0.0405998229980469 0.0808029174804688 0.0305404663085937
-0.0308685302734375 -0.043487548828125 0.0759124755859375 0.0588302612304688
-0.00790023803710938 -0.0483436584472656 0.0424575805664063 0.0929489135742188
0.0126495361328125 -0.0551681518554688 -0.00450897216796875 0.0838623046875
0.0349960327148438 -0.0503311157226562 -0.0277557373046875 0.0445671081542969
0.0791015625 -0.0243911743164063 -0.0150794982910156 0.00439071655273437
0.0802230834960938 0.0148849487304688 0.0407447814941406 -0.0255813598632813
0.0684547424316406 0.0324211120605469 0.14093017578125 0.0072479248046875
0.00311279296875 -0.0434036254882813 -0.146041870117188 -0.000991821289062522
-0.0264835357666016 -0.0200271606445313 -0.0548667907714844 0.0204200744628906
-0.0337085723876953 0.00197601318359375 0.0179424285888672 -0.0139522552490234
-0.0143051147460937 0.0184612274169922 0.0351142883300781 -0.0542984008789062
-0.00605392456054688 0.0177631378173828 0.0186386108398438 -0.09521484375
-0.00156593322753906 0.0143728256225586 -0.0418853759765625 -0.113410949707031
-0.00767326354980469 0.0146932601928711 -0.0924453735351563 -0.0688705444335938
-0.0111722946166992 0.0155267715454102 -0.0919647216796875 -0.0368423461914062
-0.0125617980957031 0.0150041580200195 -0.0910110473632812 -0.0172195434570312
-0.0186538696289063 0.00175285339355469 -0.083343505859375 -0.0207748413085938
-0.0190811157226563 -0.00418853759765625 -0.0623893737792969 -0.00503540039062499
-0.0217380523681641 -0.00703048706054687 -0.0590934753417969 0.0173568725585938
-0.0190868377685547 -0.0249214172363281 -0.072296142578125 0.0319671630859375
-0.0112152099609375 -0.0396652221679687 -0.100212097167969 0.0803375244140625
0.00453948974609374 -0.0517005920410156 -0.136444091796875 0.0863037109375
0.0692710876464844 -0.0522270202636719 -0.134635925292969 -0.0157852172851562
0.0301666259765625 -0.0298576354980469 -0.0464134216308594 0.009429931640625
0.0162334442138672 -0.0289573669433594 0.025421142578125 -0.0241909027099609
0.0122432708740234 -0.0165510177612305 0.0391311645507813 -0.0630531311035156
0.00482940673828125 -0.0239715576171875 0.023162841796875 -0.099334716796875
-0.0125160217285156 -0.0233993530273438 -0.036773681640625 -0.113990783691406
-0.035308837890625 -0.0132522583007812 -0.0851593017578125 -0.0701675415039063
-0.0433006286621094 -0.0113487243652344 -0.0821304321289063 -0.0380477905273437
-0.0496139526367187 -0.00618362426757812 -0.0827102661132812 -0.0159454345703125
-0.0445785522460938 -0.0268402099609375 -0.0747833251953125 -0.0141677856445313
-0.0357170104980469 -0.0447540283203125 -0.0574951171875 -0.000553131103515624
-0.0234222412109375 -0.0540962219238281 -0.0584602355957031 0.0183372497558594
0.0148086547851562 -0.0709686279296875 -0.0659675598144531 0.0249481201171875
0.0344161987304687 -0.0701637268066406 -0.0875015258789062 0.0702896118164063
0.0680770874023438 -0.075653076171875 -0.116310119628906 0.0757522583007813
0.127143859863281 -0.0543060302734375 -0.1015625 -0.0296249389648438
0.0877838134765625 -0.0362319946289062 -0.0243415832519531 0.000745773315429684
0.069091796875 -0.0613250732421875 0.0389213562011719 -0.0308380126953125
0.0406608581542969 -0.0564346313476563 0.0443038940429687 -0.0675773620605469
0.0148277282714844 -0.0685501098632813 0.0280685424804688 -0.0962677001953125
-0.0233039855957031 -0.061279296875 -0.0278167724609375 -0.102119445800781
-0.058929443359375 -0.0406646728515625 -0.0661354064941406 -0.0627899169921875
-0.0701141357421875 -0.0366554260253906 -0.0593223571777344 -0.0340690612792969
-0.0797119140625 -0.0252304077148438 -0.0611419677734375 -0.0112190246582031
-0.0662269592285156 -0.0495948791503906 -0.0544013977050781 -0.00378036499023439
-0.0516433715820313 -0.077056884765625 -0.0459060668945313 0.00825119018554686
-0.0275192260742187 -0.0927200317382812 -0.0548896789550781 0.0228424072265625
0.04058837890625 -0.110435485839844 -0.0604209899902344 0.0169754028320312
0.0719375610351563 -0.094451904296875 -0.070770263671875 0.0496368408203125
0.11944580078125 -0.0904769897460938 -0.0796051025390625 0.0557861328125
0.165237426757813 -0.05059814453125 -0.0515785217285156 -0.0426826477050781
0.133148193359375 -0.041046142578125 0.0101604461669922 -0.010284423828125
0.111541748046875 -0.091949462890625 0.054595947265625 -0.0345993041992188
0.0601272583007813 -0.094940185546875 0.0501060485839844 -0.0658721923828125
0.0175933837890625 -0.107147216796875 0.0325469970703125 -0.0819931030273438
-0.0346603393554688 -0.0902633666992188 -0.012451171875 -0.0778427124023438
-0.0755386352539062 -0.0614852905273438 -0.0372314453125 -0.0470466613769531
-0.0866241455078125 -0.0561065673828125 -0.0283432006835938 -0.0249729156494141
-0.09771728515625 -0.0410614013671875 -0.0299320220947266 -0.00440216064453125
-0.0752487182617188 -0.0664596557617188 -0.0261745452880859 0.00925445556640624
-0.0572357177734375 -0.09881591796875 -0.0298252105712891 0.0191497802734375
-0.0265274047851563 -0.117454528808594 -0.0484237670898438 0.026763916015625
0.0621566772460938 -0.134567260742188 -0.0535392761230469 0.00790023803710937
0.101287841796875 -0.103561401367188 -0.0524330139160156 0.0212936401367187
0.154342651367188 -0.0909271240234375 -0.0321903228759766 0.0300712585449219
0.175827026367188 -0.0411224365234375 0.00761413574218752 -0.0566482543945313
0.153549194335938 -0.04229736328125 0.0485305786132813 -0.0272026062011719
0.13177490234375 -0.1085205078125 0.0678367614746094 -0.0390129089355469
0.0657806396484375 -0.116050720214844 0.0546035766601563 -0.0576286315917969
0.01531982421875 -0.126869201660156 0.0387153625488281 -0.0589523315429688
-0.0427780151367187 -0.104736328125 0.00943756103515625 -0.046356201171875
-0.0813064575195312 -0.0711593627929688 -0.000963211059570319 -0.0275917053222656
-0.089630126953125 -0.0674514770507813 0.00592899322509765 -0.0125093460083008
-0.0997543334960937 -0.0535125732421875 0.00457096099853515 0.00576496124267578
-0.0700531005859375 -0.0782623291015625 0.00367927551269531 0.0255947113037109
-0.0475234985351562 -0.108955383300781 -0.0128059387207031 0.0323085784912109
-0.0122146606445312 -0.125160217285156 -0.0400199890136719 0.0296478271484375
0.0833282470703125 -0.133346557617187 -0.0441932678222656 -0.000782012939453127
0.121650695800781 -0.0920639038085937 -0.0303192138671875 -0.00739669799804688
0.16790771484375 -0.0724639892578125 0.0201206207275391 0.00605201721191406
0.156356811523437 -0.0261688232421875 0.0636367797851563 -0.0701026916503906
0.144119262695313 -0.0338134765625 0.0829010009765625 -0.0470657348632812
0.125129699707031 -0.101394653320313 0.0748062133789063 -0.0422134399414063
0.0592269897460938 -0.111228942871094 0.0569610595703125 -0.0455894470214844
0.00916290283203126 -0.119804382324219 0.0444183349609375 -0.0319747924804688
-0.0430984497070312 -0.0972976684570313 0.0342388153076172 -0.0151729583740234
-0.0741653442382813 -0.0683212280273438 0.0359268188476563 -0.00828552246093751
-0.0789108276367188 -0.0677032470703125 0.0396728515625 0.0015716552734375
-0.0865249633789063 -0.0588302612304688 0.0370330810546875 0.0198020935058594
-0.052581787109375 -0.0802078247070313 0.0282440185546875 0.045867919921875
-0.0252685546875 -0.105293273925781 -0.00128936767578126 0.0488853454589844
0.0105438232421875 -0.113716125488281 -0.0326442718505859 0.0324840545654297
0.0991058349609375 -0.107421875 -0.0334396362304687 -0.00661087036132814
0.127662658691406 -0.0612106323242188 -0.00480651855468749 -0.0286216735839844
0.157379150390625 -0.0396881103515625 0.0709304809570313 -0.008544921875
0.11065673828125 -0.0047607421875 0.105705261230469 -0.08203125
0.109291076660156 -0.0165252685546875 0.104118347167969 -0.066375732421875
0.0967025756835938 -0.0721817016601562 0.07470703125 -0.043304443359375
0.043304443359375 -0.0813217163085938 0.0569419860839844 -0.033294677734375
0.00657653808593749 -0.0881271362304688 0.0494728088378906 -0.00874710083007813
-0.0328826904296875 -0.0737152099609375 0.0566787719726563 0.00928497314453125
-0.0536613464355469 -0.054473876953125 0.0671310424804688 0.00531387329101562
-0.0572357177734375 -0.0575790405273438 0.0651473999023438 0.0152168273925781
-0.0623512268066406 -0.0552902221679687 0.0620918273925781 0.0372848510742188
-0.0297164916992188 -0.070556640625 0.0423316955566406 0.0685539245605469
-0.00232696533203124 -0.0858383178710938 0.00251007080078125 0.0667915344238281
0.029449462890625 -0.0863418579101563 -0.0281333923339844 0.038421630859375
0.0988616943359375 -0.067596435546875 -0.0227184295654297 -0.00433540344238282
0.113479614257812 -0.0222625732421875 0.0197944641113281 -0.0351982116699219
0.123268127441406 -0.00257110595703125 0.112373352050781 -0.00972747802734375
0.0497817993164063 0.0201416015625 0.127082824707031 -0.0888748168945313
0.0608062744140625 0.00796127319335938 0.110618591308594 -0.080047607421875
0.0584716796875 -0.029449462890625 0.0691566467285156 -0.0411911010742188
0.0265235900878906 -0.0375213623046875 0.0560340881347656 -0.0230178833007813
0.00945663452148438 -0.0432815551757813 0.0519447326660156 0.00623321533203125
-0.0127105712890625 -0.0412559509277344 0.071441650390625 0.0214691162109375
-0.0227794647216797 -0.0346336364746094 0.0872421264648438 0.0135040283203125
-0.0274658203125 -0.0385932922363281 0.080780029296875 0.0260772705078125
-0.0326385498046875 -0.0409660339355469 0.0773239135742188 0.0539627075195313
-0.0103530883789062 -0.0479011535644531 0.0468368530273438 0.0892562866210938
0.0099334716796875 -0.0549468994140625 -0.00148010253906251 0.08367919921875
0.0322418212890625 -0.0514144897460938 -0.0271224975585937 0.0453338623046875
0.07708740234375 -0.0278244018554688 -0.0160493850708008 0.00393295288085937
0.0799484252929688 0.010589599609375 0.0379714965820313 -0.0275955200195313
0.0689353942871094 0.028228759765625 0.138816833496094 0.0014190673828125
0.0025634765625 -0.0432662963867188 -0.144515991210937 0.003936767578125
-0.0265426635742187 -0.0189914703369141 -0.0537033081054688 0.0228271484375
-0.03338623046875 0.00276947021484375 0.0189628601074219 -0.0134754180908203
-0.0135898590087891 0.0184345245361328 0.0350151062011719 -0.0545234680175781
-0.0048828125 0.0181465148925781 0.0167694091796875 -0.0959320068359375
-0.00124263763427734 0.0141220092773438 -0.0449066162109375 -0.112258911132813
-0.00755882263183593 0.0149621963500977 -0.093475341796875 -0.0648574829101563
-0.0109405517578125 0.0157918930053711 -0.0923385620117188 -0.0331954956054688
-0.0123662948608398 0.0149593353271484 -0.0911941528320312 -0.0140457153320313
-0.0186042785644531 0.00198173522949219 -0.0849838256835938 -0.0174026489257812
-0.0195293426513672 -0.00382614135742188 -0.063873291015625 -0.0035247802734375
-0.0218715667724609 -0.00652503967285156 -0.058837890625 0.0184249877929687
-0.0198211669921875 -0.0245723724365234 -0.0713424682617188 0.0325393676757813
-0.01220703125 -0.0395431518554688 -0.0973052978515625 0.082183837890625
0.00337982177734375 -0.0512657165527344 -0.133369445800781 0.0914382934570312
0.0684089660644531 -0.0543708801269531 -0.132675170898438 -0.0110321044921875
0.0295791625976563 -0.0309238433837891 -0.0453147888183594 0.0115852355957031
0.0147037506103516 -0.0296077728271484 0.0259933471679688 -0.0237483978271484
0.0120124816894531 -0.017425537109375 0.0378570556640625 -0.0629692077636719
0.00433731079101562 -0.0243854522705078 0.021484375 -0.0999603271484375
-0.0131187438964844 -0.0234775543212891 -0.0401611328125 -0.113090515136719
-0.0358200073242188 -0.0122756958007813 -0.08624267578125 -0.0669403076171875
-0.0438003540039063 -0.0100021362304688 -0.0822982788085937 -0.034332275390625
-0.0494956970214844 -0.00438690185546875 -0.0828323364257813 -0.0121002197265625
-0.0455551147460938 -0.0255203247070312 -0.0762252807617187 -0.0111465454101563
-0.0373954772949219 -0.0434646606445313 -0.0586166381835938 0.000953674316406256
-0.0245399475097656 -0.0532722473144531 -0.057952880859375 0.0195236206054687
0.01202392578125 -0.0713119506835937 -0.0656471252441406 0.0259742736816406
0.0322723388671875 -0.0710220336914063 -0.08447265625 0.0729446411132812
0.0655670166015625 -0.0771865844726563 -0.113510131835937 0.0805130004882813
0.126022338867188 -0.0585784912109375 -0.0999069213867187 -0.025299072265625
0.0863571166992187 -0.0392684936523438 -0.0229740142822266 0.00267791748046875
0.0664558410644531 -0.0636672973632813 0.0388450622558594 -0.0303993225097656
0.0389595031738281 -0.0577926635742188 0.0436058044433594 -0.0680351257324219
0.0122871398925781 -0.0690498352050781 0.0261917114257813 -0.0970535278320313
-0.025421142578125 -0.0607185363769531 -0.03106689453125 -0.10089111328125
-0.0605735778808594 -0.0383186340332031 -0.0672760009765625 -0.0602188110351563
-0.071502685546875 -0.033416748046875 -0.0599746704101563 -0.0306663513183594
-0.0804290771484375 -0.0219573974609375 -0.0613822937011719 -0.00821685791015626
-0.0674934387207031 -0.0478858947753906 -0.0555648803710938 -0.00107955932617187
-0.0537185668945313 -0.0752105712890625 -0.0472373962402344 0.00981521606445312
-0.0302200317382813 -0.0910415649414063 -0.0548095703125 0.0241317749023437
0.036468505859375 -0.112022399902344 -0.0606460571289063 0.0181770324707031
0.0690994262695313 -0.0960311889648438 -0.069061279296875 0.051910400390625
0.116127014160156 -0.0945663452148437 -0.077606201171875 0.0589065551757812
0.164031982421875 -0.055938720703125 -0.0504264831542969 -0.040313720703125
0.131568908691406 -0.0461959838867188 0.0103607177734375 -0.00873851776123047
0.107856750488281 -0.0960235595703125 0.0537910461425781 -0.0345840454101563
0.057281494140625 -0.0958633422851563 0.04986572265625 -0.0656547546386719
0.0136489868164063 -0.107452392578125 0.0305709838867187 -0.0831298828125
-0.037811279296875 -0.0900726318359375 -0.014434814453125 -0.0770721435546875
-0.077911376953125 -0.058319091796875 -0.0379371643066406 -0.0454444885253906
-0.0887298583984375 -0.05255126953125 -0.0291786193847656 -0.0235347747802734
-0.0986404418945313 -0.0369796752929687 -0.0299243927001953 -0.00224494934082032
-0.0772628784179688 -0.064453125 -0.0266914367675781 0.0104846954345703
-0.0603866577148438 -0.0966720581054687 -0.0306987762451172 0.0204830169677734
-0.0297317504882812 -0.115913391113281 -0.0481452941894531 0.0283241271972656
0.0569839477539063 -0.136184692382813 -0.054290771484375 0.00856399536132811
0.0981903076171875 -0.106666564941406 -0.0512466430664062 0.0234222412109375
0.15045166015625 -0.095550537109375 -0.0314750671386719 0.0319881439208984
0.1746826171875 -0.0469512939453125 0.00780487060546876 -0.0560874938964844
0.15203857421875 -0.047027587890625 0.0481300354003906 -0.0265007019042969
0.127822875976563 -0.112968444824219 0.0672187805175781 -0.0386199951171875
0.0631103515625 -0.117424011230469 0.0541648864746094 -0.0574226379394531
0.00995635986328126 -0.127059936523438 0.037750244140625 -0.0599174499511719
-0.0464401245117187 -0.103050231933594 0.00922775268554688 -0.0464668273925781
-0.0838165283203125 -0.0680160522460938 -0.00131607055664063 -0.0276565551757813
-0.09228515625 -0.0635604858398437 0.00555992126464843 -0.0122098922729492
-0.100944519042969 -0.0488433837890625 0.00425148010253906 0.00640678405761718
-0.072235107421875 -0.0756912231445313 0.00332832336425781 0.0254096984863281
-0.0505142211914063 -0.107337951660156 -0.0138530731201172 0.0334205627441406
-0.0157546997070312 -0.124038696289063 -0.0401039123535156 0.0307121276855469
0.0785064697265625 -0.13555908203125 -0.0459251403808594 6.1035156249992E-05
0.118820190429688 -0.0955123901367188 -0.03082275390625 -0.00617599487304688
0.164840698242187 -0.0773773193359375 0.0198154449462891 0.00644302368164062
0.155548095703125 -0.0314483642578125 0.0625152587890625 -0.0715866088867188
0.142410278320312 -0.0384063720703125 0.0813446044921875 -0.0481643676757813
0.120742797851562 -0.105979919433594 0.0739669799804688 -0.042266845703125
0.0560455322265625 -0.11224365234375 0.0562095642089844 -0.0456733703613281
0.0051727294921875 -0.11956787109375 0.0446052551269531 -0.0333137512207031
-0.0463409423828125 -0.0958938598632812 0.0353927612304688 -0.0157814025878906
-0.076202392578125 -0.0654525756835938 0.036407470703125 -0.0103569030761719
-0.0814132690429688 -0.064453125 0.0388565063476563 0.000530242919921871
-0.0875320434570313 -0.05487060546875 0.0365066528320312 0.0194664001464844
-0.0544052124023437 -0.0788726806640625 0.0281486511230469 0.0443115234375
-0.0285720825195313 -0.103927612304688 -0.00123977661132813 0.0490493774414062
0.00788879394531251 -0.113548278808594 -0.0324821472167969 0.0338420867919922
0.0949859619140625 -0.110977172851562 -0.0346870422363281 -0.0061779022216797
0.125831604003906 -0.0651016235351563 -0.00632286071777343 -0.0283851623535156
0.1551513671875 -0.044921875 0.0693130493164063 -0.00947189331054688
0.11029052734375 -0.0088958740234375 0.103851318359375 -0.0851364135742188
0.108505249023438 -0.0202407836914063 0.102134704589844 -0.0685806274414063
0.0936660766601563 -0.0754928588867187 0.07379150390625 -0.0439071655273438
0.0417556762695313 -0.082305908203125 0.0560188293457031 -0.0334014892578125
0.0031585693359375 -0.0879287719726563 0.0499763488769531 -0.0096588134765625
-0.035675048828125 -0.0724029541015625 0.0578384399414062 0.00731277465820312
-0.0553779602050781 -0.0522422790527344 0.0672340393066406 0.0025177001953125
-0.0588302612304688 -0.0548820495605469 0.0647964477539063 0.0126686096191406
-0.0639495849609375 -0.0517349243164062 0.0617752075195312 0.0352325439453125
-0.0317802429199219 -0.0692634582519531 0.0429191589355469 0.0665206909179688
-0.00517272949218749 -0.08587646484375 0.00316619873046875 0.0673179626464844
0.0271759033203125 -0.086944580078125 -0.0281791687011719 0.0390281677246094
0.0954360961914063 -0.0705642700195313 -0.0238742828369141 -0.00481414794921876
0.11309814453125 -0.0255126953125 0.017791748046875 -0.0354347229003906
0.122161865234375 -0.0067291259765625 0.110549926757813 -0.0116500854492188
0.0501976013183594 0.0187835693359375 0.124710083007813 -0.09326171875
0.0608329772949219 0.00571441650390625 0.107337951660156 -0.08245849609375
0.0570335388183594 -0.0311050415039062 0.0682258605957031 -0.0421638488769531
0.0258865356445313 -0.0379104614257813 0.0553092956542969 -0.02349853515625
0.0075531005859375 -0.0436897277832031 0.0533561706542969 0.005889892578125
-0.0143089294433594 -0.0404014587402344 0.0733413696289063 0.0188980102539063
-0.0241069793701172 -0.0334892272949219 0.0872116088867188 0.00937652587890625
-0.0284805297851562 -0.0369071960449219 0.0805435180664063 0.022857666015625
-0.0335426330566406 -0.0387611389160156 0.0776748657226563 0.0509490966796875
-0.0117225646972656 -0.047210693359375 0.0481033325195312 0.08758544921875
0.00837707519531249 -0.0556793212890625 0.00040435791015625 0.08355712890625
0.0310745239257813 -0.0517845153808594 -0.0269317626953125 0.0459442138671875
0.0752944946289063 -0.030181884765625 -0.0169086456298828 0.00357341766357422
0.0797500610351563 0.00888824462890625 0.035888671875 -0.0285835266113281
0.0688858032226563 0.0258712768554688 0.137397766113281 -0.00186920166015625
0.00218963623046875 -0.0439834594726563 -0.145217895507813 0.00715637207031247
-0.0272731781005859 -0.0186729431152344 -0.0529022216796875 0.024993896484375
-0.0337142944335938 0.00415229797363282 0.0196056365966797 -0.01324462890625
-0.0133266448974609 0.0185871124267578 0.0356674194335937 -0.0557594299316406
-0.00420379638671875 0.0176887512207031 0.0155563354492187 -0.0981216430664063
-0.000889778137207031 0.0140657424926758 -0.0486907958984375 -0.112937927246094
-0.00736522674560547 0.015446662902832 -0.0953521728515625 -0.0628280639648437
-0.0106439590454102 0.0163354873657227 -0.0931930541992188 -0.0304031372070313
-0.0122280120849609 0.015498161315918 -0.0927047729492187 -0.0111618041992188
-0.0190753936767578 0.00206756591796875 -0.0872879028320313 -0.0150146484375
-0.0197944641113281 -0.00335884094238281 -0.0658378601074219 -0.00201034545898437
-0.0220603942871094 -0.00613594055175781 -0.0596694946289063 0.0184898376464844
-0.0205612182617187 -0.0248508453369141 -0.0713653564453125 0.033355712890625
-0.0133438110351563 -0.0394554138183594 -0.096221923828125 0.0855560302734375
0.0028076171875 -0.0516319274902344 -0.133148193359375 0.0960159301757813
0.06842041015625 -0.0571975708007813 -0.132835388183594 -0.008392333984375
0.0294532775878906 -0.0326251983642578 -0.0449638366699219 0.0140724182128906
0.0141220092773438 -0.0307674407958984 0.0269222259521484 -0.0231151580810547
0.01165771484375 -0.0179100036621094 0.0388145446777344 -0.063873291015625
0.00391197204589844 -0.0248146057128906 0.02044677734375 -0.102561950683594
-0.0139656066894531 -0.0238227844238281 -0.043487548828125 -0.113204956054688
-0.0367813110351563 -0.0114936828613281 -0.0882110595703125 -0.0650100708007812
-0.0448722839355469 -0.00815200805664063 -0.0835037231445313 -0.0315170288085938
-0.0505256652832031 -0.0032501220703125 -0.0844345092773438 -0.00923919677734374
-0.04730224609375 -0.0251197814941406 -0.0788650512695312 -0.00901031494140624
-0.0387687683105469 -0.0435256958007813 -0.060821533203125 0.00252151489257813
-0.0254058837890625 -0.0534400939941406 -0.0590438842773437 0.0206336975097656
0.00999450683593749 -0.0727767944335938 -0.0665931701660156 0.0266265869140625
0.0309906005859375 -0.0720291137695313 -0.0836639404296875 0.0754776000976563
0.0642929077148438 -0.0798416137695313 -0.112953186035156 0.0847396850585938
0.126869201660156 -0.0624237060546875 -0.100471496582031 -0.0231552124023437
0.0871353149414063 -0.0422897338867188 -0.0219459533691406 0.004638671875
0.0652809143066406 -0.0670127868652344 0.0399093627929688 -0.0298843383789063
0.0380096435546875 -0.0593986511230469 0.0440292358398438 -0.0682296752929688
0.0108261108398437 -0.0703125 0.02520751953125 -0.0991439819335938
-0.0270576477050781 -0.0616073608398438 -0.0332717895507813 -0.101310729980469
-0.0625495910644531 -0.0373649597167969 -0.0689964294433594 -0.0588340759277344
-0.073577880859375 -0.0314788818359375 -0.0610237121582031 -0.0292434692382813
-0.082061767578125 -0.0196151733398438 -0.0621719360351563 -0.00523757934570314
-0.0694770812988281 -0.047027587890625 -0.0577659606933594 0.000961303710937489
-0.0564346313476562 -0.0747604370117188 -0.0489578247070313 0.0113868713378906
-0.0323715209960938 -0.0918121337890625 -0.055877685546875 0.0253105163574219
0.0333633422851563 -0.114250183105469 -0.0617828369140625 0.0191307067871094
0.067779541015625 -0.0985183715820313 -0.0678558349609375 0.0541114807128906
0.115371704101563 -0.098541259765625 -0.0771331787109375 0.0625381469726563
0.165451049804688 -0.0612945556640625 -0.0500259399414063 -0.0394744873046875
0.132339477539063 -0.0505294799804688 0.0113430023193359 -0.00764083862304688
0.106437683105469 -0.100234985351562 0.0553703308105469 -0.0342521667480469
0.0559234619140625 -0.0985260009765625 0.0496673583984375 -0.0664749145507813
0.0111923217773438 -0.109207153320312 0.030609130859375 -0.0849609375
-0.0407867431640625 -0.090606689453125 -0.0156936645507813 -0.0781631469726563
-0.080841064453125 -0.0570907592773437 -0.0390586853027344 -0.0453567504882813
-0.0910110473632813 -0.0501174926757813 -0.029754638671875 -0.0217628479003906
-0.100555419921875 -0.0344467163085938 -0.0307559967041016 -0.000217437744140633
-0.0800628662109375 -0.063629150390625 -0.0283565521240234 0.0119819641113281
-0.0639190673828125 -0.096527099609375 -0.0322933197021484 0.0220355987548828
-0.0317153930664063 -0.116462707519531 -0.0486793518066406 0.0298194885253906
0.0536422729492187 -0.139930725097656 -0.0562095642089844 0.00963211059570312
0.0969696044921875 -0.110000610351563 -0.0514488220214844 0.0253334045410156
0.150115966796875 -0.100784301757813 -0.0310382843017578 0.0340995788574219
0.17633056640625 -0.05255126953125 0.00836944580078127 -0.0567245483398438
0.152725219726563 -0.051971435546875 0.0487518310546875 -0.0263023376464844
0.12548828125 -0.117965698242187 0.0679473876953125 -0.038421630859375
0.0616378784179688 -0.119865417480469 0.0545158386230469 -0.0576820373535156
0.00685882568359376 -0.128936767578125 0.0383529663085938 -0.0612640380859375
-0.049560546875 -0.103294372558594 0.00922393798828125 -0.0474433898925781
-0.0869903564453125 -0.0668411254882812 -0.00168418884277344 -0.0283756256103516
-0.0954437255859375 -0.0608901977539063 0.00542640686035156 -0.0119714736938477
-0.103370666503906 -0.0459060668945312 0.00413084030151367 0.00743913650512695
-0.0752410888671875 -0.07513427734375 0.0028076171875 0.0261802673339844
-0.0543441772460938 -0.107009887695313 -0.0144977569580078 0.0349102020263672
-0.01837158203125 -0.125289916992188 -0.0401039123535156 0.0327720642089844
0.075286865234375 -0.139762878417969 -0.0481719970703125 0.000320434570312491
0.118110656738281 -0.0993194580078125 -0.0315589904785156 -0.00564384460449219
0.164627075195313 -0.083251953125 0.0201148986816406 0.00728797912597656
0.156692504882813 -0.0361480712890625 0.0631942749023438 -0.0735549926757813
0.14306640625 -0.04290771484375 0.0824813842773438 -0.0491867065429688
0.119132995605469 -0.110176086425781 0.074951171875 -0.0424423217773438
0.0545501708984375 -0.1143798828125 0.057342529296875 -0.0456008911132813
0.001800537109375 -0.121322631835938 0.0457992553710938 -0.0340194702148438
-0.049468994140625 -0.0959854125976563 0.03692626953125 -0.0167579650878906
-0.0796966552734375 -0.0639495849609375 0.0365066528320312 -0.0122261047363281
-0.0844192504882812 -0.0619430541992188 0.0389175415039063 0.000156402587890621
-0.0903091430664062 -0.0523452758789063 0.0373687744140625 0.0196037292480469
-0.0570297241210937 -0.0782318115234375 0.0286979675292969 0.0440902709960937
-0.03167724609375 -0.104606628417969 -0.00150680541992188 0.0503387451171875
0.00563049316406251 -0.114852905273438 -0.0330581665039062 0.0357398986816406
0.0924453735351562 -0.114585876464844 -0.0373268127441406 -0.00563812255859375
0.126144409179688 -0.0686111450195313 -0.00780868530273436 -0.0280609130859375
0.15643310546875 -0.0493316650390625 0.0699005126953125 -0.0102424621582031
0.111885070800781 -0.0121307373046875 0.104270935058594 -0.088531494140625
0.108749389648438 -0.0230026245117188 0.101898193359375 -0.0701751708984375
0.0924072265625 -0.0790176391601563 0.0746078491210938 -0.044281005859375
0.040496826171875 -0.0838394165039062 0.0570716857910156 -0.0338287353515625
0.00112152099609376 -0.089508056640625 0.051605224609375 -0.0101432800292969
-0.0380783081054687 -0.0725784301757813 0.0610237121582031 0.00572586059570312
-0.0575180053710937 -0.0514335632324219 0.0684356689453125 -2.67028808593781E-05
-0.0611000061035156 -0.0531005859375 0.0653915405273438 0.0113601684570312
-0.0653839111328125 -0.050048828125 0.063201904296875 0.0345001220703125
-0.0338249206542969 -0.0696792602539063 0.0445632934570313 0.06597900390625
-0.00702667236328126 -0.0869598388671875 0.00336456298828125 0.0684280395507813
0.0259246826171875 -0.0884857177734375 -0.0286636352539063 0.0401649475097656
0.094818115234375 -0.0737228393554688 -0.0262718200683594 -0.00501251220703126
0.114044189453125 -0.0282058715820312 0.0165214538574219 -0.035980224609375
0.123489379882813 -0.010040283203125 0.110794067382813 -0.0132522583007813
0.05133056640625 0.0172653198242187 0.124954223632812 -0.097412109375
0.0615005493164063 0.00432205200195313 0.106765747070313 -0.0852890014648438
0.0566940307617188 -0.0333824157714844 0.0688018798828125 -0.0421409606933594
0.02532958984375 -0.0384941101074219 0.0558395385742188 -0.0237388610839844
0.0057830810546875 -0.0444412231445313 0.0555686950683594 0.005584716796875
-0.0155830383300781 -0.0399284362792969 0.0763931274414063 0.0170135498046875
-0.0248908996582031 -0.0329113006591797 0.0888900756835938 0.006378173828125
-0.0293312072753906 -0.0363655090332031 0.0814132690429688 0.02081298828125
-0.0344085693359375 -0.0375633239746094 0.0789871215820313 0.0500717163085938
-0.0133552551269531 -0.0479240417480469 0.0505218505859375 0.0864715576171875
0.00684356689453125 -0.05657958984375 0.00142669677734376 0.0851058959960938
0.0308189392089844 -0.0532646179199219 -0.0278854370117188 0.0476799011230469
0.0751800537109375 -0.0323333740234375 -0.0185031890869141 0.00316238403320312
0.080810546875 0.0066680908203125 0.0343952178955078 -0.0300617218017578
0.0699920654296875 0.0246963500976563 0.13812255859375 -0.00414276123046875
0.00201416015625 -0.0452384948730469 -0.147720336914063 0.0118255615234375
-0.0282402038574219 -0.0183773040771484 -0.0531654357910156 0.0284042358398437
-0.0345630645751953 0.00514602661132813 0.021087646484375 -0.0136566162109375
-0.0131778717041016 0.0191631317138672 0.0362777709960937 -0.0581016540527344
-0.00275230407714844 0.0182304382324219 0.0128936767578125 -0.102210998535156
-0.000914573669433594 0.0139789581298828 -0.0541763305664062 -0.114097595214844
-0.00745868682861328 0.0161228179931641 -0.099456787109375 -0.0604324340820313
-0.0102815628051758 0.0171747207641602 -0.0957794189453125 -0.0270538330078125
-0.0125617980957031 0.0162696838378906 -0.0958175659179688 -0.00737762451171874
-0.020416259765625 0.0028839111328125 -0.0915145874023438 -0.011688232421875
-0.0207881927490234 -0.00298881530761718 -0.069000244140625 0.000167846679687508
-0.0225811004638672 -0.00543785095214844 -0.0615653991699219 0.0203018188476562
-0.0219573974609375 -0.0247688293457031 -0.0728607177734375 0.0353546142578125
-0.01507568359375 -0.03997802734375 -0.0945892333984375 0.0901412963867188
0.00139999389648438 -0.0525245666503906 -0.133743286132813 0.103500366210937
0.0694313049316406 -0.0613479614257813 -0.135200500488281 -0.00374603271484375
0.0295658111572266 -0.0344638824462891 -0.0440292358398437 0.0167884826660156
0.0133399963378906 -0.0324611663818359 0.0278339385986328 -0.0239620208740234
0.0114231109619141 -0.0193347930908203 0.0392265319824219 -0.0665779113769531
0.00332450866699219 -0.0258007049560547 0.0181808471679687 -0.106246948242188
-0.0153045654296875 -0.0244598388671875 -0.0485610961914062 -0.115119934082031
-0.0388565063476563 -0.0100669860839844 -0.0921783447265625 -0.0633544921875
-0.0471534729003906 -0.00621032714843751 -0.0857391357421875 -0.0284423828125
-0.0524406433105469 -0.0014190673828125 -0.0864639282226563 -0.00552368164062499
-0.0495376586914063 -0.0248603820800781 -0.0825424194335938 -0.00520324707031249
-0.041412353515625 -0.0429611206054687 -0.0638771057128906 0.00445556640624998
-0.02777099609375 -0.0540313720703125 -0.0605354309082031 0.0225296020507812
0.00751495361328125 -0.0753402709960938 -0.068206787109375 0.0286712646484375
0.029998779296875 -0.0753250122070313 -0.0826034545898438 0.0794448852539063
0.0641098022460938 -0.0839462280273438 -0.11334228515625 0.09130859375
0.128555297851563 -0.0693740844726563 -0.102081298828125 -0.020721435546875
0.0881805419921875 -0.0469284057617188 -0.0211906433105469 0.00661087036132813
0.06402587890625 -0.0715408325195313 0.04071044921875 -0.0304985046386719
0.0369606018066406 -0.0624122619628906 0.0443191528320313 -0.0704193115234375
0.00846099853515626 -0.0728378295898438 0.0230178833007813 -0.103172302246094
-0.0306587219238281 -0.0629043579101563 -0.037261962890625 -0.102706909179688
-0.0659751892089844 -0.0359649658203125 -0.0724029541015625 -0.0573883056640625
-0.0771713256835938 -0.0289382934570312 -0.0629844665527344 -0.0264930725097656
-0.0852813720703125 -0.01708984375 -0.0636520385742188 -0.00183486938476564
-0.073028564453125 -0.0454788208007812 -0.0601119995117188 0.00408554077148438
-0.06085205078125 -0.0746231079101563 -0.0518379211425781 0.0135726928710937
-0.0360565185546875 -0.0936126708984375 -0.0565338134765625 0.0275459289550781
0.02984619140625 -0.118919372558594 -0.0636482238769531 0.0208816528320312
0.067108154296875 -0.103424072265625 -0.0677680969238281 0.05792236328125
0.115081787109375 -0.104972839355469 -0.0768966674804687 0.0669479370117188
0.168060302734375 -0.0697021484375 -0.0509300231933594 -0.0387420654296875
0.133888244628906 -0.0569534301757813 0.0127124786376953 -0.00701045989990235
0.104782104492188 -0.107559204101563 0.0564727783203125 -0.0348854064941406
0.0549850463867187 -0.103080749511719 0.0510025024414063 -0.0681953430175781
0.00730895996093751 -0.113067626953125 0.0294570922851563 -0.0886688232421875
-0.0452041625976563 -0.0919113159179687 -0.0180435180664062 -0.079376220703125
-0.0857391357421875 -0.0550613403320313 -0.0411872863769531 -0.045013427734375
-0.0962600708007813 -0.04736328125 -0.0308036804199219 -0.0207042694091797
-0.104873657226562 -0.0303421020507813 -0.0314655303955078 0.00209617614746094
-0.0842132568359375 -0.0630264282226563 -0.0296478271484375 0.0137577056884766
-0.0692672729492188 -0.096221923828125 -0.0341720581054688 0.0240840911865234
-0.0372238159179688 -0.119422912597656 -0.0498085021972656 0.0320816040039063
0.0489654541015625 -0.145233154296875 -0.0584831237792969 0.0116386413574219
0.096527099609375 -0.116287231445313 -0.0515899658203125 0.0271530151367187
0.150848388671875 -0.108673095703125 -0.0307273864746094 0.0366287231445312
0.17938232421875 -0.060577392578125 0.00876998901367189 -0.0581245422363281
0.154449462890625 -0.059234619140625 0.0506248474121094 -0.0273971557617188
0.1234130859375 -0.126373291015625 0.0695343017578125 -0.03973388671875
0.0599594116210937 -0.1256103515625 0.056182861328125 -0.0596809387207031
0.00181579589843751 -0.132484436035156 0.0386276245117188 -0.0642127990722656
-0.0551071166992188 -0.104110717773438 0.00902175903320312 -0.04876708984375
-0.092529296875 -0.0649337768554687 -0.00269699096679688 -0.0292549133300781
-0.100395202636719 -0.0578994750976563 0.00523567199707031 -0.0117616653442383
-0.107933044433594 -0.0429000854492188 0.00452995300292968 0.00881385803222656
-0.0799560546875 -0.0746536254882812 0.00228691101074218 0.0270977020263672
-0.0600128173828125 -0.107894897460938 -0.0152931213378906 0.0368690490722656
-0.0230560302734375 -0.128509521484375 -0.0413742065429688 0.0348625183105469
0.071258544921875 -0.146331787109375 -0.0507164001464844 0.00179290771484374
0.118789672851563 -0.106414794921875 -0.0326461791992188 -0.0040416717529297
0.16668701171875 -0.0914306640625 0.0204334259033203 0.00774955749511718
0.160232543945313 -0.04339599609375 0.0634765625 -0.077392578125
0.1448974609375 -0.0489044189453125 0.0838699340820313 -0.051849365234375
0.117111206054688 -0.117347717285156 0.0763626098632813 -0.0440216064453125
0.0523529052734375 -0.119392395019531 0.0587882995605469 -0.0473556518554688
-0.00308227539062501 -0.124526977539063 0.0468902587890625 -0.0361328125
-0.0545425415039062 -0.0963592529296875 0.0389747619628906 -0.0189476013183594
-0.0849609375 -0.0620574951171875 0.0372543334960937 -0.0141944885253906
-0.089569091796875 -0.0598526000976563 0.0400199890136719 -0.00146102905273438
-0.0944137573242187 -0.0497283935546875 0.0389747619628906 0.0190925598144531
-0.061981201171875 -0.078887939453125 0.0297927856445312 0.0445480346679687
-0.0367813110351563 -0.106224060058594 -0.00104522705078126 0.0524444580078125
0.001800537109375 -0.119224548339844 -0.0337409973144531 0.0375518798828125
0.0896835327148438 -0.121200561523438 -0.0397682189941406 -0.00507354736328126
0.127593994140625 -0.0750656127929688 -0.00923156738281249 -0.0281906127929688
0.158279418945313 -0.056732177734375 0.070831298828125 -0.0116195678710938
0.114166259765625 -0.0165863037109375 0.105461120605469 -0.093963623046875
0.110374450683594 -0.0276870727539063 0.103034973144531 -0.0749588012695313
0.0914459228515625 -0.0847702026367188 0.0756378173828125 -0.046356201171875
0.038970947265625 -0.0876541137695313 0.0584983825683594 -0.0352020263671875
-0.00298309326171875 -0.0914382934570313 0.0537033081054688 -0.0118026733398438
-0.0416793823242188 -0.0726776123046875 0.0645103454589844 0.00379562377929687
-0.0615158081054688 -0.0503349304199219 0.07012939453125 -0.00304794311523438
-0.0651397705078125 -0.0518302917480469 0.0671119689941406 0.009735107421875
-0.0690727233886719 -0.0486335754394531 0.0654563903808594 0.0335006713867188
-0.0368576049804688 -0.0704727172851563 0.0468826293945313 0.0663261413574219
-0.0104217529296875 -0.0888900756835938 0.00530242919921875 0.070770263671875
0.0239791870117187 -0.0919418334960938 -0.0292892456054688 0.0427093505859375
0.0939407348632812 -0.0792388916015625 -0.0283317565917969 -0.00515365600585938
0.116424560546875 -0.0331573486328125 0.0149497985839844 -0.0372238159179688
0.125526428222656 -0.014923095703125 0.112876892089844 -0.0162811279296875
0.0531387329101563 0.015411376953125 0.125450134277344 -0.103775024414063
0.0625152587890625 0.00252151489257813 0.106513977050781 -0.09039306640625
0.0566940307617187 -0.0362663269042969 0.0694503784179688 -0.0444908142089844
0.0253448486328125 -0.0405921936035156 0.0576057434082031 -0.0252876281738281
0.00441741943359375 -0.0452499389648438 0.0585823059082031 0.00424575805664062
-0.017547607421875 -0.0400276184082031 0.080474853515625 0.0147781372070312
-0.0271930694580078 -0.0328559875488281 0.0916519165039063 0.0028533935546875
-0.0317573547363281 -0.0359687805175781 0.0839157104492187 0.0189208984375
-0.0364913940429688 -0.0375785827636719 0.0823822021484375 0.0477828979492188
-0.0148773193359375 -0.0488319396972656 0.0538787841796875 0.08660888671875
0.00566864013671875 -0.0586318969726562 0.0038299560546875 0.0879287719726562
0.0309906005859375 -0.0554542541503906 -0.0276718139648438 0.0497055053710938
0.0758743286132813 -0.0359573364257813 -0.0203647613525391 0.00371742248535156
0.083221435546875 0.00463104248046875 0.0327301025390625 -0.0314846038818359
0.0720596313476563 0.0227813720703125 0.140914916992187 -0.0075225830078125
-0.021476778190598 0.0189350147141279 -0.0901352409688725 -0.114954411990596
0.00731629570856571 0.0308028363550794 -0.0476519263331982 -0.0362306004924894
0.0235545030245465 0.0276981622961714 0.0270955690372535 0.00536594487903321
0.0237737676988614 0.00311057352580944 0.0683617825671929 -0.00133921835364548
0.0153089976520964 -0.00109538976145034 0.0997264282768007 -0.0484084248514236
0.0150364232315052 0.00431271745935856 0.0756690682760005 -0.103240251053199
0.0244307765559766 0.00151504161639989 0.0197288127082089 -0.11910761401257
0.0264568318728693 -0.00285625186329037 -0.0225752693816413 -0.106932751302241
0.0282304344001036 0.00357687616490085 -0.0353011073970583 -0.0952507559450532
0.021238478798273 0.0131725175165076 -0.0342716484498657 -0.0864896219824182
0.0157111228223865 0.0177004275735026 -0.0329639943211171 -0.0671856494695047
0.0133737769512291 0.0222933104730605 -0.0466526273433149 -0.0495540526252908
0.00559962244573695 0.0329031001655353 -0.0661038310457995 -0.041067498115571
-0.0155076824961639 0.0310482576094272 -0.122873996906211 -0.0329069089524433
-0.0357115352724163 0.0193390867661092 -0.161117128143311 -0.0333113302639182
-0.0732713929074812 -0.024849040271782 -0.07240938180284 -0.102473041521267
-0.0444477629588217 -0.00449690588445538 -0.0379148132653524 -0.0220894623477105
-0.0371391808038705 0.0126260915388292 0.0438551258021676 0.0211080911682299
-0.0275001813210972 0.0106604344504781 0.0846306312464844 0.00803717008998286
-0.0217789486003058 0.0283875367167916 0.114276844709884 -0.043699837358105
-0.00549363368682753 0.0406604541568355 0.0852920256979523 -0.0983224448996072
0.0179069869335776 0.0442991478388046 0.0318943158934205 -0.112775093343733
0.0324958675590887 0.0389303065634225 -0.0123887389363043 -0.10009430220055
0.0366815458827756 0.048208751375912 -0.0283358157375179 -0.0878596118028739
0.01849345098832 0.054393855250022 -0.0292451649866236 -0.0752913478847556
0.000511700639739908 0.0612278733680946 -0.0289814958701531 -0.0583199750906365
-0.0251541004192895 0.0569126831039186 -0.0424576482164225 -0.0417060280435897
-0.0502369066303383 0.049983365804904 -0.0568574311526784 -0.035166507088306
-0.0701737466326334 0.0193408789777621 -0.110457167759661 -0.0211882266944966
-0.0929418566703013 -0.0124295734012655 -0.145786556701003 -0.0217979348776205
-0.115368449563614 -0.0660722664056502 -0.0428696124521994 -0.0751576071712877
-0.0946284301222402 -0.0421872193229399 -0.0215529031194372 0.0053154501959201
-0.101935051594839 -0.00483270348315556 0.0606153075627913 0.0463641520409558
-0.084290218216872 0.0200287383033019 0.0996621910572262 0.0232712757189524
-0.0599154443642579 0.0594388661783393 0.120602670579743 -0.0348742350507613
-0.0256931701510467 0.0754667310203989 0.0865859034626399 -0.0812687280220316
0.00941457351478044 0.0826349274188573 0.0400819715964254 -0.0921139813585555
0.0347795403295983 0.0759150056863128 -1.50824364000784E-06 -0.0788438711585231
0.0412682750418904 0.0850234560383839 -0.0180340025074123 -0.065957733604983
0.0162926256331193 0.0871222798526654 -0.0219226503146755 -0.0519119763571465
-0.00950778666317838 0.0968923027956938 -0.0266273084757126 -0.041060428164692
-0.0543802942776131 0.0888727829322289 -0.039810020727836 -0.0315113524513799
-0.095540504073542 0.068021771065402 -0.0466522409124103 -0.0316282679411904
-0.114885379588564 0.00926870811513739 -0.0862994657600414 -0.0147390100142359
-0.137500781507706 -0.039587799408592 -0.111153704582513 -0.00600429027284386
-0.142481388674579 -0.0948032565019069 -0.000980636254490767 -0.0367832658876786
-0.136007574809267 -0.0705890881737629 0.00405875582583729 0.039168803002561
-0.158189841714585 -0.0160855575029298 0.076853674941138 0.072350541009582
-0.133156809161142 0.0343610312542478 0.109045129405231 0.0403181136512379
-0.0891287839776129 0.0895006856401129 0.117527790567365 -0.019254340756344
-0.040205039626978 0.10327215249586 0.0800974117286503 -0.0531029632854873
0.00104513384649488 0.109799887269563 0.0445868029880626 -0.0575105102231043
0.0320664956362805 0.10137381922757 0.0129601673879572 -0.045930463456831
0.0388585362310849 0.108976163751449 -0.00459954827922253 -0.0342362836736233
0.00833828467853185 0.107541081698682 -0.0121835051688099 -0.019722495745096
-0.0206327146934677 0.11781208347883 -0.0246844284913987 -0.0172722961629189
-0.0761934094632622 0.106100391500191 -0.0379249588417037 -0.0195092768080246
-0.128160133994066 0.0756476679878483 -0.035332822804884 -0.0292247794097781
-0.144127661234226 -0.00344384095838792 -0.0538839266076494 -0.0135858879977794
-0.160232973097968 -0.0635610121176575 -0.0633669593174623 0.0111923444715493
-0.148216499356636 -0.104966205501026 0.0481743332373665 0.00362339186509209
-0.154592776076982 -0.0832523682432554 0.0401420440114045 0.0681705316745001
-0.186133901687965 -0.0196241253143433 0.09088052456679 0.0886951994014908
-0.15598473461653 0.0451177637494353 0.108668407185758 0.053643607664337
-0.100032290267799 0.106013483179986 0.103090421163658 0.00295943213639447
-0.045624311831186 0.115175452066425 0.068085313509622 -0.0147923761863727
-0.00609229405382261 0.120601018092868 0.0457305306069873 -0.0146646592969791
0.0246872102922999 0.111425611730797 0.0235304467165104 -0.00683455230232857
0.028386112809327 0.117460529213649 0.00553845510072838 0.00329135655711359
-0.00630375954721467 0.111543464539022 -0.00681846022974487 0.0157367849126431
-0.0360094583844486 0.117793915540499 -0.0270303795551245 0.00865596425539568
-0.0934677074309833 0.0995049659927933 -0.0368783546263009 -0.00797055151053666
-0.145813836952378 0.0617925162345934 -0.0242228303615819 -0.0266757046244872
-0.150996475607556 -0.0238456852053804 -0.019512061139966 -0.0134491400054532
-0.156932862596658 -0.0824904911705204 -0.0112550074769174 0.0311069027001773
-0.128573325723699 -0.0952915547049375 0.0962791067608389 0.0357888570270951
-0.142214485008942 -0.0785083686077559 0.0796756681871501 0.0838091982494373
-0.175653677734679 -0.0196151169269374 0.0975330484535095 0.0901672287931912
-0.145955695310352 0.0456869576900431 0.0977517373222306 0.0590718577699982
-0.0917052407686507 0.100368663170376 0.0811891539596494 0.0270525183883892
-0.0430131065416855 0.106145128144542 0.0535740715586728 0.0255865498846497
-0.0106911601258605 0.110909947635156 0.0449854570314344 0.0291044166253406
0.0141963361981532 0.103910544079735 0.029819874451392 0.0325431953368483
0.0118445595565524 0.108855739242127 0.0104053959669013 0.0412016150083655
-0.0232569318443827 0.0996264036976258 -0.00953523660260733 0.0503010349412437
-0.0517602634590673 0.0986153012903154 -0.0366520024692916 0.0326179924303292
-0.101590505001374 0.0716216921683242 -0.0401465713581623 0.00223946059439327
-0.14374574189339 0.030903097782391 -0.0158911591803961 -0.0220834591100699
-0.133610622139462 -0.0484774050926401 0.0103640708242987 -0.00853006360064898
-0.128082984998526 -0.0925103434444891 0.0348616929374067 0.0539389039704383
-0.0868031573615188 -0.0704119083388955 0.134849467040364 0.0530451364739573
-0.103035337725332 -0.0621741212257859 0.112502987517414 0.0811470211420511
-0.132400934487893 -0.0180298694024896 0.0946917793326203 0.0781954029428673
-0.108397038731843 0.0334292160759319 0.0797939934995098 0.0575407857849727
-0.0689291545498988 0.0729796106751006 0.057102420715321 0.0473900609177565
-0.0346974269233215 0.0782030983264455 0.0413846098958451 0.0589959601150272
-0.0150042351841402 0.08300982793969 0.0427444841278966 0.0654804767743289
0.00111220230975708 0.081110706483702 0.0313081492826408 0.0660584890628503
-0.00360675955916053 0.0846397325075317 0.00651442267853686 0.0738651594910692
-0.0345938853864788 0.0734179364989401 -0.0230205550895888 0.0763798581147267
-0.0575570047080409 0.0666208906501374 -0.0547164562556863 0.0479919630931839
-0.093121594587928 0.0349437119767584 -0.0480944005282057 0.00803023061028456
-0.119554629927937 -0.00356054750307183 -0.0132729559733485 -0.0145968756413324
-0.0962771366544672 -0.0651034940247253 0.0286794637863421 0.00242655166350136
-0.0811055261776761 -0.0875995905452136 0.0674179030645639 0.0790883362142963
-0.0284964220142148 -0.0377322128919695 0.156334445739371 0.0537193243352229
-0.0469364064184034 -0.0417925416337007 0.130497540044663 0.0648299241963025
-0.0696928576121911 -0.0188825725119472 0.0824799455586288 0.0595643946347974
-0.0582145958347864 0.0103877226205753 0.0600455847412144 0.0523567943598724
-0.0415280718226709 0.031978853045952 0.0375356659933793 0.0602267746459324
-0.0269150557275267 0.0371298112308856 0.0330391336117567 0.0805380120192236
-0.0200527668195938 0.0421020462438121 0.0386390011710627 0.0892972033406316
-0.010596484526947 0.0457444469502036 0.0277963318184586 0.0884618308294537
-0.0145843052153715 0.048603710034489 -0.00283640752304018 0.0975766336182353
-0.0330464580269901 0.0403962726288029 -0.0415135702561233 0.0920013478933067
-0.0467243190488668 0.0329847952555943 -0.0756579686934257 0.0542415664485897
-0.0659023626550034 0.00564878374864239 -0.0589728103347826 0.00908629867721414
-0.0773660856204263 -0.0244168646576105 -0.0173983267324257 -0.00808165363387173
-0.0490701711899284 -0.0640594784303919 0.0349418246679924 0.0158294475172755
-0.0255349335120388 -0.0658803255075646 0.083187668046162 0.101008642533932
-0.0212524395442677 0.0205699848373141 -0.0970486402610251 -0.109484072788668
0.00867245215305728 0.0302241141567207 -0.0510548456302174 -0.0323214315060625
0.0253856046436314 0.0265520746770009 0.0272277228423601 0.00483641031861708
0.0241863374305676 0.00250848627669427 0.0699455901934192 -0.00444763849134162
0.0147790817449001 -0.00165995728856442 0.0982913296595217 -0.0554473640449224
0.0156821550717319 0.00370322088602551 0.0691206568388514 -0.109896852609154
0.0251479785487735 -0.000157827088091042 0.0121503158589663 -0.120424027457632
0.0266862475426234 -0.00466066164123329 -0.0298384395531068 -0.104851153455078
0.0290687115485866 0.00179872153931769 -0.0424846852862363 -0.094019704568211
0.0226887589633242 0.012214571557015 -0.041471329978001 -0.0858593945499658
0.0171533504526288 0.0172670239022611 -0.0384049852772513 -0.0670864627512968
0.0146797425093557 0.02136026767996 -0.0503053258540064 -0.0479683153186084
0.00788598520737683 0.0335038030627383 -0.0685188659116644 -0.0387808418458659
-0.0137118617392101 0.0320839722239366 -0.124796804730759 -0.0256705699189517
-0.0346819963051511 0.0212418953035977 -0.165056750539827 -0.0234748936295419
-0.0762381119884291 -0.0200050084493585 -0.0784097353204768 -0.098023785772248
-0.0454177185337628 -0.00161802720816249 -0.0390666965546426 -0.0181229459747309
-0.0367540604523189 0.0153607399273833 0.0450872999016109 0.0201929426680666
-0.0277154891195105 0.0125911323062047 0.0860619514541201 0.00470056683808575
-0.0208339627269886 0.0298514721906489 0.112642621803801 -0.0517614122432291
-0.00307901315782564 0.0416259825270769 0.0795143048807305 -0.104544373122588
0.0216340405767316 0.0437253932317841 0.0244291847048937 -0.114986679220684
0.0358847094463999 0.0371950787727 -0.0192589347881479 -0.0985992935557798
0.0406757602109959 0.0463428034499998 -0.0354462867529468 -0.0862155510970572
0.0224824626963446 0.0539062589442532 -0.0359868597252849 -0.0746639073354588
0.00465046138431735 0.0616627501330598 -0.0341619491142403 -0.0580922875165561
-0.0222155470788098 0.059513778748397 -0.0453165609740977 -0.0405104231000901
-0.0471981583112974 0.0542629923326075 -0.0592731125691027 -0.03319075659372
-0.0700393049362809 0.0234790803337887 -0.111784886383806 -0.0141601026822149
-0.0951149410688721 -0.00668905597046588 -0.149000515508179 -0.0125433027775069
-0.121841330531767 -0.0580216833139233 -0.0462261251408525 -0.0713643531222739
-0.0987096203354104 -0.036659843540789 -0.0216024230912215 0.00896536894026144
-0.102928673474825 0.00214101068271336 0.0633805247005324 0.0447115501159476
-0.0843166765554625 0.025578916233904 0.101921889601049 0.0195276181760639
-0.0569260629787866 0.0643438059908948 0.120190171126392 -0.043061403805526
-0.0217298167404913 0.0787476678456527 0.0821487237671865 -0.087469026799239
0.015101625329566 0.0830777996323449 0.0341920271580194 -0.0945902297316582
0.0407167660080629 0.0737101470012636 -0.00484274106294319 -0.0780796706239688
0.047983520497703 0.082478767382016 -0.0233496157252065 -0.0646866504780198
0.0217593284586789 0.0876292233497713 -0.0265356182017951 -0.0512474073598606
-0.0026179721198182 0.0980733004168272 -0.0309921701348574 -0.0410112139637727
-0.0488175584084543 0.0931619116966076 -0.0423647821727024 -0.0304435010701235
-0.0918416733632714 0.0755720638737841 -0.0486251972965385 -0.0301222522685672
-0.115918229471125 0.0167597250761409 -0.0870414751568343 -0.0088576181381188
-0.141724688099724 -0.0315334902130821 -0.112933394155109 0.00113509104715508
-0.150703962893223 -0.0859320847258439 -0.00214031878768664 -0.0356052632693531
-0.142146260343503 -0.0624958902981989 0.00651799563045 0.0415938512557649
-0.160077860310859 -0.0054627839495871 0.0813668957361252 0.070043230767947
-0.132550189010136 0.0432188798753477 0.112208588943912 0.0358048388040882
-0.0837218720061421 0.0962711523384747 0.117682534163572 -0.0267258801646081
-0.0340626475910603 0.107433568511004 0.077319443946234 -0.0578471887006621
0.00916071620283012 0.11083844327506 0.0406912560953531 -0.0606991197558731
0.040281481200492 0.0993808459998464 0.00986985328516037 -0.0458786259385934
0.0474179483124538 0.107099313359154 -0.00781896802127131 -0.0335909452232569
0.0153761676018034 0.108092029658872 -0.0149045591220951 -0.0197176743845248
-0.0123536317721683 0.119785992219279 -0.0275780645634653 -0.0168311691686204
-0.07040410006057 0.112068597760359 -0.0400473260914185 -0.0185283099597063
-0.123485160563919 0.0847601751257993 -0.0379663957445927 -0.0287006744045606
-0.14601709592875 0.00556967676053318 -0.0553385809981458 -0.0101708481488474
-0.166366599454915 -0.0533053829488402 -0.0638542110714337 0.0159121735522687
-0.157109983616344 -0.0955186860567858 0.049942233118222 0.00163597320309836
-0.161003865690132 -0.0739398551641309 0.0446463651313845 0.0679404585580481
-0.188324487754147 -0.00710017623400886 0.0960731392446941 0.0860567557934936
-0.15522035282138 0.0558770096810747 0.112697874858973 0.048857596159879
-0.0935946252665733 0.11328988778757 0.104753449218435 -0.00340550042071595
-0.0386866903249974 0.119361458625255 0.0682079331578023 -0.0182617986598468
0.00327401848735897 0.121593667374035 0.0450837065457902 -0.0180158036257846
0.03322501104135 0.110079006534958 0.0232983823405356 -0.00803802443519613
0.0373087964448613 0.11597238100259 0.0051744860742023 0.00344825524497207
0.00102481556181865 0.113135620495162 -0.00659673706586705 0.0159882410466514
-0.0283140399819064 0.121485838669098 -0.0276887473164224 0.00962598773576963
-0.0884447477867458 0.10688252832452 -0.0380491284505994 -0.00628803002587421
-0.14255971731815 0.0724680977534495 -0.0272010679445509 -0.0268032382553386
-0.154202668933932 -0.0149017259148139 -0.0208854289863231 -0.0122281392295212
-0.164066946354877 -0.0723657781887219 -0.0102735436353165 0.0326248766091385
-0.136905278395989 -0.0873317698215889 0.100586001362778 0.0306131950547135
-0.148257953217643 -0.0699467282418659 0.0850905120026915 0.0801684769111706
-0.177637754434768 -0.00745034181451643 0.103388030994051 0.0863018160940646
-0.144967038196203 0.0551184777522597 0.102503196213041 0.0555928176614327
-0.0853697321702761 0.106634562218158 0.0835560969727181 0.0227930298547214
-0.0357351142429416 0.110001981647714 0.0569706454751138 0.0229073194200699
-0.00230455154203956 0.112689153299218 0.0472502657857211 0.0255814578842686
0.0218934143887325 0.103439247649222 0.0319486690651068 0.0310963146742936
0.0199220133478676 0.108471184257802 0.0123350079734334 0.0406074678990321
-0.0172758362111138 0.102225608880423 -0.00759257370351719 0.0504120437042161
-0.0455828634976464 0.102676638226811 -0.036368140802167 0.0342174548627213
-0.098445496586469 0.0788478229171013 -0.040605666876861 0.00382358805777387
-0.142860532179849 0.0408663817401798 -0.0184337284097809 -0.0222371107136821
-0.138482036747133 -0.0405284357125857 0.00899505499300039 -0.00941381768878378
-0.135386769597582 -0.0845897845889663 0.0374538021204499 0.0526352727782171
-0.0927198019210212 -0.0648423902661375 0.13989717887376 0.0457446533899139
-0.107123766692444 -0.0561826586284728 0.117870719990228 0.0753666168317299
-0.13390379195181 -0.00981600871402217 0.0990538271749146 0.0745494107010085
-0.108580270328847 0.0399122363836538 0.0839885254962059 0.0551575727319795
-0.0646243665993795 0.0782545049121596 0.0608573054096526 0.045335613346801
-0.0295637358111159 0.0806129494577417 0.0463692060886111 0.0575609940641618
-0.00882134709430477 0.0845470049943059 0.047085693938879 0.0622178665433381
0.00764978770993581 0.0813763365955435 0.0354650419620817 0.0641859883969984
0.00157540261323122 0.085037553295054 0.0109245858850829 0.0743134938770945
-0.0300131368057576 0.0768924013703925 -0.0188353751310185 0.0781149508208989
-0.0537903561350001 0.0708660583289226 -0.0531843652591957 0.0518398418677301
-0.0924156829643329 0.0410385232632116 -0.0482600090828737 0.0100785367797004
-0.119928401860065 0.00455033356735051 -0.0152963450731782 -0.0157054619840176
-0.101736455757524 -0.0598310270442674 0.0289796039038661 0.000449161545023717
-0.0874837965711599 -0.0830772903718049 0.0719377519377579 0.0753436417213722
-0.0315125166545695 -0.035635381716708 0.161559772781102 0.0447273846737806
-0.0497445312069497 -0.0387131391007111 0.135125000821828 0.0571601696441637
-0.0714023677692666 -0.0142781677641834 0.0860401406655878 0.0564308170414844
-0.0588150405945673 0.0136119638424233 0.0630419229078384 0.0505947210269836
-0.0396905195653386 0.0345251309302686 0.0421107547174039 0.0598567860687665
-0.0244498414471015 0.0382518079332571 0.0395852313801823 0.0801679264016156
-0.016860583599714 0.0437990791250421 0.045669970146633 0.0865440289149576
-0.00678097122661068 0.0464316702845893 0.0340586683293239 0.0864285993497741
-0.0113236663847449 0.0494380516665825 0.00267365807622286 0.0979458081827631
-0.0308204180818267 0.0433020022383805 -0.0358616711540261 0.0951395442976871
-0.0450431668066474 0.036135853471839 -0.0740579419234763 0.0594661490515641
-0.0670714208555903 0.0098044052616414 -0.0598168393174119 0.0116718208223571
-0.0793931411905992 -0.0193155837300058 -0.0185526384271685 -0.00831507157347676
-0.0533150827156218 -0.0607789145873054 0.0356971602881861 0.0129277397846511
-0.0302236825056526 -0.06406099756005 0.0893182655090777 0.096445909216403
-0.0202288690199901 0.0217207835019963 -0.100979299559499 -0.101656421140898
0.00963423816335997 0.0295893940058853 -0.0525157639564852 -0.0276184088312324
0.0265643228613777 0.0255386955341653 0.0269911473139907 0.00458687145468975
0.0241286089149897 0.00123102085902887 0.0694302489395168 -0.0070919865478922
0.0137660136497476 -0.00221987947299038 0.094304869090753 -0.0595954678473351
0.0155776633224975 0.003285425107516 0.0617172632028251 -0.112348179063621
0.0246453607077338 -0.001326033684985 0.00527711100841154 -0.118309728578109
0.0257079268711762 -0.00626673030378113 -0.034592216078555 -0.100998093971057
0.0290561883933561 0.000284616506956071 -0.0482690993322131 -0.0898093552564528
0.023625242025806 0.0109847373260283 -0.0470257450041957 -0.0827672635650442
0.0176353388834176 0.0160176517032207 -0.0418489016129169 -0.0650321439838011
0.0158240696858881 0.0208289404164198 -0.0515466804339585 -0.0457802717440263
0.00969939502438572 0.0328992931639434 -0.0691722766604363 -0.035965511060523
-0.0120922777127081 0.0321261366532413 -0.123396257218988 -0.0187539087629563
-0.0334917822325959 0.0230230270199197 -0.165306546278335 -0.0143897691729221
-0.0768477650686779 -0.0152485488316804 -0.0816667106169571 -0.0910481465583761
-0.0456661223620753 0.00132344696892666 -0.0398053955731803 -0.0141183676792101
-0.035121878346675 0.0180336842693437 0.0456222154252119 0.0189189666074475
-0.0270233129303827 0.0143946720707546 0.0859677607349082 0.00157653486855355
-0.0191381476865444 0.0313892814136133 0.108626622469443 -0.0569177956698938
-0.000369585816293116 0.0420058494346439 0.0720336652892741 -0.107469486671164
0.0241224896394665 0.0418556623945082 0.0174477826744168 -0.114197807354146
0.0377272199455546 0.0340738905131101 -0.0239887856694526 -0.094904974606768
0.0432096360586918 0.0427473645717593 -0.0408429365778776 -0.082607823274879
0.0258222534900343 0.0522509450257003 -0.0410667027315145 -0.0719598818164218
0.00867382271514718 0.0606194225743592 -0.0380330751182381 -0.0568056069669879
-0.0184364431561548 0.0601745814531828 -0.0467783685933705 -0.0384618231421403
-0.0430280241498332 0.0568931047606128 -0.0598889995135523 -0.0309603236492001
-0.0682072971080423 0.0270722661331862 -0.109970387366552 -0.00777002513698168
-0.0945821021391488 -0.00111881933575991 -0.148401532103164 -0.00415514561946458
-0.124731329681203 -0.0504046441721548 -0.0485557451762461 -0.0669303870439364
-0.0996596495631181 -0.0300541408469974 -0.0208283526560496 0.011407899632157
-0.101195367143188 0.00903372518890344 0.0646577251801224 0.0427412655305026
-0.0824509887296386 0.0302300720654602 0.101869459269962 0.0153195144877001
-0.052389871259307 0.0667352863416261 0.116251717459643 -0.04892511989432
-0.016624320404247 0.0794689586425648 0.076251022659906 -0.0907080645080838
0.0203882207899814 0.0812000103309335 0.0277527642928983 -0.0947065772155158
0.044772129139386 0.0693712449002643 -0.00923000809263907 -0.0756690797248251
0.0531123003903399 0.0781651870093859 -0.027288721158958 -0.0616837052178309
0.0264319599624066 0.0853153608028279 -0.030622668265061 -0.0491848413155372
0.00329445500275878 0.0968710553025474 -0.0341179872859338 -0.0391974052392736
-0.0434410952097345 0.095349384412973 -0.0436988439302439 -0.0283912792872096
-0.0856854577464212 0.0800424916991813 -0.0504803412236968 -0.0284368208552322
-0.113782325457251 0.0227941420693509 -0.0854953054822576 -0.00393266255634741
-0.142014022091725 -0.0228073651396327 -0.112104079913834 0.00774238037286105
-0.154896004237376 -0.0756001458338326 -0.00255295219101734 -0.0338261245850236
-0.143632469528886 -0.0535235312198469 0.00855434194591949 0.0420225957700736
-0.15794893508573 0.0049666107800272 0.0835456298487797 0.0668282173758068
-0.129329174955186 0.0501365740294455 0.113136404036403 0.0311938285391175
-0.0772396305536649 0.100081021546096 0.114624344157459 -0.0332365966116036
-0.0273471366513876 0.108259731313909 0.0741835312117603 -0.0611136646634834
0.0160744336265496 0.109088845547648 0.0362469240992503 -0.0619100094730366
0.0457919352222226 0.0948626333353331 0.00671606864582389 -0.0454614928451287
0.0542434012168914 0.101746818249086 -0.0102674774095225 -0.0324130448208044
0.0210684668207054 0.106024372317946 -0.0171595145754052 -0.0188600548003933
-0.00479791303668801 0.119117105610352 -0.0300774259455953 -0.0161315722727867
-0.0629755389959695 0.114557149091191 -0.040390719481933 -0.0168528399293857
-0.117006041170814 0.0908194089929545 -0.0396781360120205 -0.0271771393730684
-0.144238288708345 0.0137874381985214 -0.0545681505401942 -0.00651185238299436
-0.167657293546798 -0.0431153264720136 -0.0624856651859155 0.019648264628583
-0.161424564645893 -0.0844115200988444 0.0506609670479563 -2.27002791699547E-06
-0.163227018211064 -0.0636591594983748 0.0477159158810939 0.0663845709021476
-0.185975334780126 0.00449600134617863 0.0987305589192705 0.0815248459299917
-0.1510974287601 0.0638743030766723 0.113663746843354 0.0449439245488316
-0.0857630068212196 0.117403188832676 0.103107462805839 -0.00847359072673923
-0.0310894544324546 0.120633140259099 0.0671756949265138 -0.0216172796247716
0.0111159439222524 0.119981746143117 0.0428824187939416 -0.0204102180416387
0.0407995004636484 0.105439454933187 0.0217630046261294 -0.00835808346775834
0.0441724555868263 0.111161320401571 0.00469886289168077 0.00345474666413253
0.0075933297911669 0.111996978813683 -0.00683870132034979 0.015962720621296
-0.0205577934465051 0.12159079372294 -0.0283285600123067 0.0101613310051686
-0.0811311281444462 0.11109387581566 -0.0385156114148759 -0.00553292430096855
-0.135667536293779 0.0799699412874988 -0.0288138575655608 -0.0263358421996773
-0.153493673280969 -0.00579127799112779 -0.0211211365263898 -0.0106460620948045
-0.166657448657884 -0.0619171314240722 -0.00908367067591537 0.0330685744092103
-0.141082961949591 -0.0778098992719424 0.102095756745138 0.0258687962801207
-0.150032346724506 -0.061128314079094 0.0879660704707673 0.0758652555244706
-0.175517058853143 0.00336651100942879 0.105588501523391 0.0818274550853
-0.140750167323276 0.0625745112442984 0.103542072833991 0.0515590946535465
-0.0778223275251102 0.110528236747944 0.0843075923356155 0.018386336115168
-0.0288962112634075 0.110976249048868 0.0589087635449862 0.0199893866238112
0.00494091624108608 0.111316240714358 0.0474815892388433 0.0226792445772022
0.0286425856436378 0.100013068070024 0.0327910993375158 0.0287266457920267
0.0270487989747399 0.104549463200755 0.0140092720885365 0.0396969145428473
-0.0108716152490204 0.102207835591814 -0.00542516179460616 0.0498759266117323
-0.0385788160951915 0.104227418436708 -0.0351871545487039 0.0352074344712401
-0.0929403388318963 0.0837302941258837 -0.0406238635745947 0.00490937330036856
-0.137889816876452 0.0490333997521481 -0.0203539779003041 -0.0222788667646615
-0.138941236459395 -0.0322146435154449 0.00850740248418725 -0.01022384716171
-0.138973919180791 -0.0755982272612216 0.0391024780102627 0.0508353093992978
-0.095606689092876 -0.0582559229914301 0.141604269733654 0.0377207609782763
-0.10872736003712 -0.0494897524598831 0.120020455505933 0.0687573760912529
-0.132609667657536 -0.00127372533950321 0.101521239247258 0.0698524364976006
-0.105287368757158 0.0452140712421485 0.0849928663524884 0.0520473655709551
-0.059092282888112 0.0805762446267052 0.0634128842537708 0.0420682563912394
-0.0249087720070893 0.0812217323679909 0.0505339223493935 0.0552914415187268
-0.00324076626661305 0.0840239009841887 0.0503688330563496 0.0585379954629335
0.0127533916838136 0.0791675585955021 0.0385755870579413 0.0609111179371019
0.00769063469874755 0.0834382105655733 0.0145888118378212 0.0721132313021266
-0.0249473650101747 0.0782070815271149 -0.0145692515709798 0.0777062227827134
-0.0487662667725525 0.0731484888316706 -0.0501526312322142 0.0532546015143074
-0.0891206290979605 0.0456876289130002 -0.0476711702811075 0.0110212662871511
-0.117874388660408 0.0116582824102057 -0.0162580424315637 -0.0156955864575514
-0.103436421288948 -0.0532140052721344 0.0280992121333423 -0.00162221365417937
-0.0910534015403022 -0.0765935541157387 0.074320775662224 0.0708684869362076
-0.0333548879870151 -0.032546090449172 0.162946910716972 0.0355616945801213
-0.050711880014755 -0.0356877091663005 0.135562057254852 0.0498885229666765
-0.0713885601201436 -0.0101105535843375 0.0873312185306535 0.0520181810002625
-0.0573023490221974 0.016175903934148 0.0649497053746089 0.0482202228754202
-0.0365754620429517 0.0359641357172557 0.0455180701553839 0.0573937970959681
-0.0219761073953794 0.0391481932347181 0.044991128143656 0.0774858508753535
-0.0136221982824083 0.0439250252423072 0.0499302043389485 0.0818009975321654
-0.00415345669456473 0.0459697624166746 0.0382241526028593 0.0831135440631536
-0.00756230441105944 0.0493942338541362 0.00769048424828488 0.095767892908389
-0.0276406771637651 0.0445272491602331 -0.0301790484743543 0.0950642417259564
-0.0426899211958818 0.0383966707198407 -0.0698417341819217 0.0626710965035213
-0.066592009900197 0.0133500731687304 -0.058653717045703 0.0137089631108702
-0.0789073423250618 -0.0147794729916391 -0.0192375958524519 -0.0085891108330372
-0.055918572702919 -0.0572252431046395 0.0350498441252336 0.0103522545716011
-0.0331125865263437 -0.0615436132011588 0.0923817090408866 0.0904391082232869
-0.0131515467116858 0.0283377949866873 -0.126824990428425 -0.0617664105013961
0.0187143422037448 0.0247811371809682 -0.0582912150192808 -0.00766186474491814
0.0339660002738521 0.014121218727241 0.025251875526244 -0.00264044533821282
0.0225820403800727 -0.00717832286423998 0.0625810945410513 -0.0271892974610319
0.0120263746714888 -0.00666673693486145 0.0681973974118363 -0.0854850038581981
0.0162055485891193 -0.00340036450982309 0.0179201980477704 -0.123366940798878
0.0231348621640527 -0.0106247779945641 -0.03668304267528 -0.110019305117264
0.020892560747578 -0.0146527983802271 -0.0654468899675311 -0.0791120856172296
0.0265474897494543 -0.00979117161347732 -0.0747784794410627 -0.0660023783130681
0.0256493507816217 0.00278457128834555 -0.0722134894716173 -0.0607396159632549
0.0220473772764063 0.00901910964711807 -0.0612127159244109 -0.0463162035843158
0.0217073972415544 0.0140385404205266 -0.0628332014109956 -0.0272748070786282
0.0201736760614655 0.0277418806145425 -0.0753739711400831 -0.0130338470949381
0.000337903303513746 0.034019655991542 -0.118612976539528 0.0214021715470451
-0.0231288021348091 0.0316421114325749 -0.155630224983724 0.0382268147570217
-0.0800703145087537 0.0140504915738757 -0.102327314540441 -0.0594820567345507
-0.0431627991684788 0.0177281354380914 -0.039651597179997 -0.000705617634651
-0.0256107565644014 0.0293477290938707 0.0482377024905269 0.00134997865547155
-0.0192209507603032 0.0233162383752346 0.0810511220477999 -0.0274813474286435
-0.00653381200286136 0.0350992105873915 0.0814078553521992 -0.0894953721525344
0.0145143652958343 0.0376862361274385 0.0284853663917979 -0.123613799264499
0.0374319136581556 0.029882053446936 -0.0247321413055031 -0.111565376702337
0.0452021192799939 0.0180999282740791 -0.0547563294343467 -0.0775894027243926
0.0536204651008235 0.0239350817935795 -0.065730256617929 -0.0610544085330737
0.0408838762276866 0.0399070386582996 -0.0637150820205662 -0.0533319225714622
0.0283171595935999 0.0526595051709627 -0.0560869398954522 -0.040960896793158
0.00349793692975605 0.0618413853429706 -0.0560312776071535 -0.0228504629120286
-0.0203613667536386 0.0668312158022665 -0.0641064387882917 -0.0112053667879682
-0.0535324797883283 0.0476584129083619 -0.102055394449351 0.0279116419039222
-0.0888973424909026 0.0288063077535659 -0.136092948023983 0.0446957853682676
-0.136699558441901 -0.00263175451719291 -0.0605260109050792 -0.0485949577928341
-0.10453865181692 0.00813940774056491 -0.0110729592744868 0.0157116663937226
-0.089475994470168 0.0444472378535511 0.0758609567778583 0.0141433382457084
-0.0641765497702214 0.0582466457819262 0.10136059293778 -0.0229594664684962
-0.0247563102846983 0.0791667421017781 0.0903951633976408 -0.0864883841175392
0.0123242929453105 0.0778540460763225 0.0374286636729931 -0.110084057529685
0.0474508708817784 0.067824995574448 -0.0089184169660724 -0.0985484737170977
0.063764149935637 0.0477225352597135 -0.0352927650727957 -0.0646043830396759
0.0744989003803959 0.0530512943771986 -0.0473075077351154 -0.0466440584254209
0.0528848219371629 0.0705570962422248 -0.0468073566007187 -0.0364363625834869
0.0352921094315717 0.0878015853943707 -0.0474589847200306 -0.0270870564872223
-0.00867111628502853 0.102445667156558 -0.0495156479076845 -0.0156362659720008
-0.051950843996571 0.101758133990264 -0.0538422654495965 -0.0116347903479819
-0.0977904870866 0.0590164556927768 -0.0781083092867729 0.0248213257737845
-0.139866388093144 0.0240572318835369 -0.09850206955058 0.0464058007273034
-0.173537691138452 -0.0153415941629585 -0.00578663434149894 -0.0331331547234545
-0.153225819683644 0.00209837735119621 0.0285477710348864 0.0334527218929125
-0.143152433261317 0.0607236308098825 0.102856176544318 0.0276231579313952
-0.0995512310650358 0.0934894864148638 0.115897256754485 -0.0144985748259254
-0.0353058615899636 0.117789854862778 0.0930053485962049 -0.0726424838967913
0.0118702438938241 0.108083317620745 0.0444754070367083 -0.0828787353603215
0.0528796978523371 0.0955873727549698 0.00962924779884526 -0.0719148210726571
0.0730516531054234 0.0699742779263245 -0.01092068640676 -0.0427571818728127
0.083683627024364 0.0741478207229455 -0.0218088589725138 -0.0249598947806292
0.0549005736274293 0.0912999846053267 -0.0253536254818989 -0.0128513378703029
0.0354435340671194 0.110163970649433 -0.036130760714891 -0.00735388313991843
-0.0200698500592135 0.127117915196909 -0.0429701064911416 -0.00646503726469906
-0.0772588945905244 0.122172705871231 -0.0434295521264949 -0.0140965940199226
-0.128577281749454 0.0614129117845349 -0.0499364612665768 0.0129897011845339
-0.170528657162694 0.0138324646004889 -0.0493792400375549 0.0426141146685549
-0.182470909713884 -0.0211595736871771 0.0553952485075922 -0.0198141076846349
-0.174239296172684 -0.000546826947131578 0.0737217398088444 0.0419441690754609
-0.168861930721886 0.0701222904843318 0.121823708275897 0.034580719110438
-0.115156720903705 0.113856675325502 0.120748135232141 -0.00353625195847828
-0.03734567183138 0.136766118527848 0.0895376589518751 -0.0464503322954395
0.0127188375120232 0.120982031722573 0.0513614437110468 -0.0452050272338675
0.0521247582317986 0.107941551833486 0.0302976442312765 -0.036559902334233
0.0719662274968671 0.0819649897245344 0.0145948417153194 -0.0146909855055939
0.0778700531296607 0.0859577280144687 0.00359295594100704 0.00218866450049656
0.0444334583324844 0.101473693438771 -0.00380477944670372 0.0149739385840867
0.0222047135199927 0.117884526681289 -0.026022436075164 0.0161354224111536
-0.0382051259083681 0.12970383888832 -0.0367486811612979 0.00401120079857988
-0.0980442490447065 0.118592227403638 -0.0328485666057752 -0.0161077049652947
-0.143988008040306 0.0461247986657619 -0.0212138406331249 -0.000523087927385223
-0.175672074574508 -0.0044383973684802 0.00334824007871146 0.0388952733261643
-0.159981628624167 -0.0225828678383673 0.110233516847314 -0.0121160429143983
-0.160581752589837 -0.00330191102018487 0.113798978612654 0.0380534866295462
-0.160108444202313 0.0647624528322248 0.127897798618202 0.0331323889549341
-0.106356438320906 0.108515852550128 0.113291432599214 0.00670978441943419
-0.0326711076505201 0.127214293437125 0.08111022242944 -0.0149028106405981
0.0115345532016886 0.111604149580082 0.0584337966743772 -0.00384405373231419
0.0434623805069135 0.101880131596779 0.0500770888383737 0.000775537760296282
0.0593580148905185 0.0810219015297137 0.0376289478144609 0.0147709499692751
0.0602886541768766 0.086084710644524 0.024154013577907 0.032001006105999
0.0243578212494755 0.0978847075676649 0.00891039172392105 0.0453346682921315
-0.000510887567395724 0.107796428991717 -0.0228168923815082 0.0410754061966539
-0.0588058696898976 0.10881875482512 -0.0353165899158718 0.0143689457657383
-0.110174151851306 0.0906500016498266 -0.0233142009572083 -0.0150007168068625
-0.139508338504452 0.0174800778627382 0.00553805464401413 -0.00913814048722775
-0.154377169395986 -0.0260719209985362 0.0518925729818554 0.0394765578712236
-0.110133778245489 -0.0210188276517957 0.149405092534385 -0.0125704310446173
-0.11805843658724 -0.00793668785856124 0.139295276036924 0.0221625986918395
-0.121777595900912 0.0450709630884013 0.119846751561987 0.0253472285291663
-0.0800089380015092 0.0796185681761185 0.0960760302010739 0.01527166442105
-0.0257198521361296 0.093838909455345 0.0704661165074013 0.0150209743921127
0.00563675418054267 0.0833055074126445 0.064065568952043 0.0313922004013435
0.0265784232302188 0.079832251970542 0.0655556422286596 0.0332852771744914
0.0385163353190918 0.0674350985685629 0.053822710751365 0.0421345244905175
0.0351173282287812 0.0728269621489429 0.035577409941425 0.0609883677427773
0.00338020753885774 0.0808295531884283 0.0110483681168536 0.0741266492731046
-0.0201488244463178 0.0837004949774137 -0.0298111328859197 0.0629852991461114
-0.0677551436912467 0.0727270324266674 -0.0399443308294127 0.0230349752577468
-0.104038048119481 0.0493281661650704 -0.0185610031406914 -0.0096165390592943
-0.113518664979611 -0.0145252986683868 0.0250880496662885 -0.00825656515180606
-0.110235134593263 -0.0426550957924568 0.0894628342705117 0.0463366532768416
-0.0423260602481932 -0.0197307761548618 0.165136809690087 -0.02100402902059
-0.0586196540969881 -0.0164134691093341 0.145206649164711 0.000927466694310747
-0.0688990559245565 0.0152533552706363 0.100441531539575 0.0171973320729125
-0.0467686523394133 0.0360720656330988 0.076665782527986 0.0215046759748982
-0.0208735094183567 0.0457858863435546 0.0611590026157277 0.0372448162000189
-0.00663458770358128 0.0437344049733988 0.0677016441151855 0.0550416336362277
0.00299591846186134 0.046372824057767 0.0746362286268879 0.0560253594427627
0.012131831501259 0.0431748213286277 0.0617253865015001 0.0620142943470994
0.00947243369830923 0.0470973425107073 0.0375822011133172 0.0844854586911662
-0.0101887477856977 0.0502075671419927 0.00246426442034847 0.0960610002277334
-0.0262995954961657 0.0494457896845076 -0.0434656184423848 0.0786492809555595
-0.0571753485545495 0.0347656302165291 -0.0495335127921991 0.0295808962972111
-0.0773332133404121 0.0121397154746092 -0.0200456501208545 -0.00172217895591324
-0.0705408069011859 -0.0340839249887511 0.0351440697935339 -0.000873026127586392
-0.0511870749560539 -0.0472608020371468 0.11116266739245 0.056838656171739
-0.0126717266353482 0.0286990290747013 -0.124892509375111 -0.0584451285093482
0.0179183818690397 0.0243694240374219 -0.0573368650674033 -0.00448925795864529
0.0335955911864762 0.0134584154763053 0.0256626257815289 -0.0022526792910256
0.0221452030684185 -0.00755972198761812 0.062337985014708 -0.0272389918111469
0.0112905256905876 -0.005967827706162 0.0664801408438527 -0.0858052268888163
0.0160803232160381 -0.00333264768666571 0.0150425059713253 -0.122031392632234
0.022277869486027 -0.0114745726350011 -0.0378400707566529 -0.107371418571187
0.0201384553377665 -0.01476673014365 -0.0654076996830916 -0.0764225362284901
0.0259513095122384 -0.010579481633183 -0.0756846162880045 -0.063091147849347
0.0256724918675717 0.00207583231216409 -0.0738411183439256 -0.0584203370991023
0.0221096297297345 0.00886636836428824 -0.0629162505764929 -0.0455900535233425
0.0213870086031147 0.0138920531788367 -0.063014722823015 -0.0264271100668006
0.020726489586016 0.0276476934142852 -0.075158976269737 -0.0129696947793609
0.000106686150813556 0.0341385545036172 -0.1164136959061 0.02269921896667
-0.0225952825871469 0.0319188015312971 -0.153796287996951 0.0409371395298888
-0.0795878389583898 0.015940819819589 -0.100809610476512 -0.0560483801203718
-0.043322905654809 0.0190877491796077 -0.0385014260125831 0.0016857780163731
-0.0247728380588458 0.0300240188403883 0.0485879887155366 0.00188990269302619
-0.0188999259246843 0.0240455232456 0.0811228720051162 -0.0275163068240321
-0.00575039630757113 0.0354047012371547 0.0789867154369807 -0.0900913119515318
0.0153466989298696 0.0374715259878228 0.0258882890804128 -0.122556717621673
0.0379442508696679 0.028540875952956 -0.0262630255729768 -0.108975814698877
0.0450795653689963 0.0163486315689386 -0.0548240926301594 -0.074865042155303
0.0539053095257493 0.0224198578211903 -0.0665417027274276 -0.0584461136220182
0.0417008335600665 0.0388248848044265 -0.0652892709688433 -0.0507966725048574
0.0291750859516506 0.051859279143856 -0.0574442264556206 -0.0396026958964258
0.00413999098233891 0.0616799426683954 -0.0559014997251039 -0.0228049889077394
-0.0182666796981507 0.067288992131563 -0.0644425324930328 -0.0110666852952447
-0.0530095036358656 0.0482431940138491 -0.0998794254144306 0.0294835209130148
-0.0875506722884411 0.0306532606124355 -0.134616246887604 0.0473877376254605
-0.136036691804848 0.0011671524430886 -0.0592970006173553 -0.0461987927572834
-0.104047752968036 0.00995352502032106 -0.00976684146234065 0.0176842672586383
-0.0874382764677804 0.0461811205555623 0.0760005831194913 0.0142338460032788
-0.0629960207427622 0.0593987827859495 0.100732312522909 -0.0230819102553087
-0.0230787445540541 0.0796124893147808 0.0878368623175717 -0.0869430935382711
0.0141235742844119 0.0773850364910691 0.0349398040438746 -0.109522350749992
0.048767997384854 0.0657418967752692 -0.0106653281123512 -0.0960591794472005
0.0640416813593376 0.0453718112151477 -0.0356882881818329 -0.0628133557654155
0.0753363854736711 0.0497862576119913 -0.0478739704952474 -0.0443702627239895
0.0537534606419713 0.0688786094591344 -0.048297828642714 -0.0343385613074014
0.0372985803944896 0.0858632603420565 -0.0495048541470339 -0.0261579092806323
-0.00583176825445866 0.101836657444859 -0.0503823869739445 -0.0155954739587452
-0.0488340185465489 0.102336549230943 -0.0540271191708862 -0.011459337638267
-0.0963532419801386 0.0608665738330618 -0.0760442165063347 0.0260384741485369
-0.139073311354681 0.0271300546424577 -0.0970755321965917 0.0477871908620587
-0.172779225273594 -0.0102727774153206 -0.00460487595019188 -0.0321569042643245
-0.152287443676261 0.00510903495334791 0.0289770373737268 0.0341734669383444
-0.139802710842138 0.063753888609066 0.102532141612325 0.0275388656976324
-0.0972619606784453 0.0952274106387371 0.1158087650226 -0.0142303131922423
-0.0325157831572327 0.117463589602045 0.0909861779088338 -0.0734057744992865
0.0144581455763071 0.107826375595009 0.0432893875871644 -0.0830389063960546
0.0553797481335471 0.0931038330833278 0.00814842490914626 -0.0704521750729367
0.0743126552809114 0.0670499512958496 -0.0110503105875633 -0.041559469314195
0.0846566424166666 0.0704659902103854 -0.022785611792557 -0.0234090753408779
0.0569231741174249 0.0894650847045289 -0.026358516264261 -0.0123189034695243
0.0376687398974595 0.108400977074686 -0.0374786469018901 -0.00666455700194241
-0.017321299314987 0.126819705834942 -0.0434208816769398 -0.00633219191001176
-0.0726466676390989 0.122957404815919 -0.0438259868240239 -0.0140797705166434
-0.126823326139147 0.0635293297059684 -0.0485320356041348 0.0138164273749646
-0.169694711322005 0.0179231738927934 -0.048526489690964 0.0440096186145715
-0.181775254469051 -0.0161709848300472 0.0558843125477829 -0.0199829622127996
-0.173051143917876 0.00283260439667927 0.073978713393698 0.041644757511462
-0.165273833709427 0.0731497282740446 0.121815120639904 0.0343554728440282
-0.112311841509146 0.115488971185565 0.120753502318185 -0.00314012170132234
-0.0339735703330302 0.135911118801254 0.0881059683462578 -0.047185380510577
0.0157359077217966 0.120349294755732 0.0515546193895327 -0.0451776096568576
0.0547557306054614 0.105112561067414 0.0291412662655394 -0.0357644123546267
0.0729795119436735 0.0784580249463749 0.0144895547886234 -0.0143154551178998
0.0795057506458044 0.0823382324751533 0.00334734112770322 0.00251357934074619
0.0466201268852841 0.0994512460858382 -0.004445580678139 0.0149928300437941
0.0248606767381321 0.115689614004946 -0.0267178246042466 0.0165172860780302
-0.0350902000886469 0.130157843723944 -0.0373154676058877 0.00326481077547601
-0.0939452798178422 0.119562584162909 -0.0335022226151859 -0.0158895022058018
-0.142391779842706 0.0488147235215711 -0.0205793943684028 -0.000518041273436444
-0.175090006238461 9.80992709740388E-05 0.00377974464015869 0.0390928417735858
-0.159615150142534 -0.0175855184093776 0.110412262880264 -0.0139174045986683
-0.159706870031451 -0.000323368005441166 0.113556377177098 0.037021321679443
-0.156622193334412 0.0676206962072588 0.128103738104032 0.0327418467389658
-0.103845861021613 0.110177829509226 0.113238484100466 0.00674323261201764
-0.0296256711871647 0.126591159199986 0.0807601909081714 -0.0156953585146086
0.013966659382949 0.110680222164764 0.0586789142817266 -0.00471672823738637
0.0462653652402593 0.0995867741720953 0.0497176257329651 0.000507597410789614
0.0610149968489177 0.077883154161976 0.0374178877647602 0.0144013584958772
0.0615715872863873 0.0826500867521799 0.0243558872020809 0.0313306139276221
0.0271405774701737 0.0973920017261674 0.00937575777564366 0.0444881339065662
0.00175223094423794 0.106627304408174 -0.0224885862731587 0.0410403160539642
-0.0558516466903764 0.109774482920081 -0.0353964600339257 0.0136877714259313
-0.106786912566833 0.0917820464664159 -0.024482887510528 -0.015080419761936
-0.138050574127636 0.0196443826313148 0.0054936330903236 -0.00923510146278047
-0.154075274422186 -0.0220929216395008 0.0518307458543438 0.0387732787334051
-0.109439809792435 -0.0172783128374703 0.149223077067563 -0.015293121859533
-0.117589063492078 -0.00540125486321341 0.138633882148248 0.0205136873908887
-0.119779388467842 0.0475236063964296 0.119644168570406 0.0250340787276064
-0.0782590611418152 0.0805336073858953 0.0966040305266283 0.0149348229382174
-0.0231722079524802 0.0929588185709696 0.07084786366328 0.0143163535790036
0.00733675900705407 0.0824435360859779 0.0655991858160358 0.030868955331965
0.0285119856811396 0.0776278915891568 0.0654639621485287 0.0317065121682674
0.0396954647787842 0.0648786966822027 0.0538068563691414 0.0404626958178231
0.036564067819667 0.0705215975829065 0.0367820368315328 0.0597255061095544
0.0052895460205053 0.0802352115710335 0.0118195601388538 0.0728020979059889
-0.0183204600421303 0.0828723097214021 -0.0283368393314355 0.0626815465263819
-0.066198639558908 0.0739752601685025 -0.0399427286489416 0.0229665449117366
-0.101984817586218 0.0510689843215374 -0.0194719069553509 -0.00945422077367316
-0.112827688185806 -0.0123103424006048 0.0249745065898991 -0.00826619789218991
-0.110327180067332 -0.039665936598519 0.08935660155773 0.0443598696926751
-0.0423105118764884 -0.0179619111211703 0.164046716915953 -0.0235289351745036
-0.0582927032328581 -0.0155862789964729 0.143993600046341 -0.00106760148854997
-0.0678246446596605 0.0165991196347525 0.100385057430943 0.0166975394400703
-0.0456863566728163 0.036799874072811 0.0772450055084623 0.0216629352939504
-0.0199080135427236 0.0452598525444078 0.0623429128266786 0.0367442937781343
-0.00556456126930173 0.0431323700108409 0.0698576978743356 0.0532460201074172
0.00407928986276281 0.0458587012719124 0.0749953322460992 0.0530004627443164
0.0128501927809606 0.0420866165091514 0.0621714708994675 0.0594666533967936
0.0105865460560354 0.046274767372321 0.0386675533060515 0.082782243424536
-0.00860904155964384 0.050226289963995 0.00420530292246149 0.0942524759431437
-0.024596460145385 0.0496216544668882 -0.0420711450726508 0.0783659001529713
-0.0563676196778276 0.0358734254424833 -0.0494699326990238 0.0297136648622596
-0.076121019217716 0.0135338893287714 -0.020685624876405 -0.00209702685379838
-0.0705344424682774 -0.0328312862464202 0.033945364161735 -0.00139497199350965
-0.0518781543989494 -0.0452949743524868 0.110605357232363 0.0541828965314254
-0.0123243573064594 0.0291619532185445 -0.126381911629611 -0.0566825989248793
0.0179295159950392 0.0248663677541947 -0.0568790965734344 -0.00297982396757111
0.0339976576070491 0.0132761474879768 0.0262959706596752 -0.00121762042353764
0.0222559942962978 -0.00742338475884891 0.0636626664978865 -0.0275343327969328
0.0112284172667165 -0.00543118050434854 0.0656770542484458 -0.0871497249342085
0.0159250148425646 -0.00364307979638555 0.0128597619257177 -0.123060772142049
0.0223088865388415 -0.0122043632330838 -0.0393771315151556 -0.107204195739253
0.019499683780783 -0.0153910095560264 -0.0663129032439715 -0.0759660573385918
0.0257773462314414 -0.0110145041962815 -0.078064062049524 -0.0616826908466625
0.0263086818845983 0.0014720042374489 -0.0769627806548128 -0.0575785991624291
0.0226101203558945 0.00860333931549866 -0.0650780395861406 -0.0456901427516731
0.0218372856278701 0.013332621026582 -0.0645963509069203 -0.026500902639077
0.0218804168347169 0.0276539535944999 -0.0758002771090663 -0.0131782066600681
-0.000131313802436004 0.0349146099786295 -0.116307665456378 0.0239187737673758
-0.0222864293651115 0.0329529509539924 -0.155656821961741 0.0442406852370894
-0.0799870322304238 0.0181819125429131 -0.100631224538027 -0.0547700729400703
-0.0437911484764864 0.0203810386514811 -0.0378233424596179 0.0036884520796964
-0.0241655434069013 0.0307392448378037 0.0494485599252684 0.00271447633711264
-0.01902141339731 0.0251646028345735 0.0823073205959396 -0.0276225044145318
-0.00542540048494932 0.0366941269174733 0.0783784013334899 -0.0917296506886824
0.0163712719345445 0.0381196291945266 0.0238061676242092 -0.124279321829497
0.0392006577487853 0.028324114222196 -0.0283017940940589 -0.108896988649168
0.0456638737670823 0.0154746994795454 -0.0555458463359361 -0.0739547122848
0.0545339549577321 0.0208466243013748 -0.0685153661995437 -0.0568737223584906
0.043098366492477 0.0387773268894097 -0.0675190359557418 -0.049593241664839
0.0306231293927389 0.0514065392973284 -0.0597841964490321 -0.0397853690686919
0.00553040034926598 0.0622611457131738 -0.0572711297208711 -0.0231144585420501
-0.0166179388133988 0.0684018988642999 -0.0651446789759436 -0.0112341009234236
-0.0536088307681134 0.0501223561579849 -0.0991452066343992 0.0307273428360201
-0.0882614623572414 0.0328149223838239 -0.136091236176526 0.0504500384713033
-0.137938180816062 0.00493958633785292 -0.0585237663351245 -0.04531692059731
-0.105414530832126 0.0125223645886897 -0.00847936923361939 0.019264393445055
-0.0871512811712629 0.0483575230752201 0.0773584805479425 0.0150770295909686
-0.0628024123718803 0.0614127835916888 0.102194528830534 -0.0227699334996161
-0.0216921646946874 0.0813550454988502 0.0871343444546181 -0.0885822329833498
0.0159241397130768 0.078085910635036 0.0337152507533528 -0.110732356557436
0.0513519414938206 0.0653769031347191 -0.0119299003244719 -0.0960423727096617
0.0656881618625048 0.0436951921972535 -0.0357781365543426 -0.061705628038057
0.0771778711408421 0.0478492212436528 -0.0492715654888627 -0.0432243898614009
0.0562136569383225 0.0688171777926005 -0.0505918765390877 -0.033461216616125
0.0392722269584374 0.0857201904495864 -0.051668407288783 -0.0254771340677589
-0.00440545748727892 0.103625542364745 -0.0515048207591528 -0.0158138521532605
-0.0466288589050981 0.104463050013353 -0.0551006931797664 -0.0117836857291852
-0.0969922934512233 0.0636728976213325 -0.0750253708934669 0.0273445324247537
-0.140378186201468 0.0306069323564827 -0.0981871973656536 0.0505684346267034
-0.174573833401503 -0.00600060389321723 -0.00323154425417918 -0.0319244172421854
-0.153941140702081 0.00773040782028275 0.0307150860612079 0.0355903835938312
-0.139831303773299 0.0668474463642069 0.104221586612639 0.0287934261304822
-0.097805029883328 0.0984208731415968 0.118046747609271 -0.0142039012647209
-0.0305209786988794 0.119459849725477 0.090371531488838 -0.0743466505375912
0.0176186840141298 0.108746912623729 0.0422715633868899 -0.0842140544758197
0.0583955087150043 0.0926715996096171 0.00701164014130914 -0.0701942685135607
0.0761426117075338 0.0651466109367392 -0.0112716748449916 -0.0410866184947258
0.0866561879071231 0.0684712527305982 -0.0231538314723092 -0.0222383019453711
0.0594448323931118 0.0897921776667984 -0.0275973872719088 -0.0117947937150338
0.0402612736598535 0.107930507915189 -0.0394801284998323 -0.00593397437306838
-0.0148373741833126 0.12879634363374 -0.0447194743961237 -0.00681787116963236
-0.0711001840156271 0.125888325245727 -0.0449109663264525 -0.0137731347804561
-0.127751094543912 0.066465614360027 -0.0480295834113338 0.0147984193086486
-0.171493262659809 0.0214277204655193 -0.0487921071704922 0.0457641052466217
-0.183585558344537 -0.011603858994329 0.0573583678749963 -0.0205013944065139
-0.174825076835725 0.00554844691263944 0.0754788297783524 0.0424949828155608
-0.164622680980726 0.077445698934049 0.12375540842865 0.0348129756267948
-0.11164059249607 0.118784823921357 0.122886136790483 -0.00299470568249584
-0.0312904347085372 0.13777437188884 0.0882022450902931 -0.0478348000121698
0.0187281620055472 0.121166745309667 0.0519833874303237 -0.0463170312674762
0.0580192950976748 0.104359915975934 0.0288499073027668 -0.0360234640929874
0.0751000451598576 0.0764729142252791 0.0149013699047177 -0.013963038037366
0.0816626012117527 0.0801142537119553 0.00322005419869871 0.00296836800311787
0.0497076277277028 0.100300284418819 -0.0054279361347767 0.015038011212956
0.0272761384543953 0.115959065559077 -0.0279653988972564 0.0170737422831469
-0.0333303012987331 0.131953570270914 -0.0385622970757958 0.00308744627559901
-0.0922923462771486 0.122940725187176 -0.0350737400569907 -0.0166590596658019
-0.143551880499843 0.0525069485053452 -0.0199343688678989 -3.80505785696509E-06
-0.177184924573502 0.00389756656515722 0.00397008723153153 0.0399832121415067
-0.161171248775922 -0.0142409876677251 0.11264167279335 -0.0151597103932178
-0.161137834713745 0.00247464631731232 0.115805876166181 0.0366644301554076
-0.156012756073418 0.0711537185519399 0.13013156350199 0.0328023062558732
-0.103414431449193 0.113458697020882 0.116049418994833 0.00693465584296265
-0.0273650966138211 0.128374586672397 0.0820430465174193 -0.0165695579437779
0.0167880075289944 0.111528281474978 0.0609666537860353 -0.00541492305688623
0.0491420737719939 0.0993244225239663 0.0499169708252192 -3.20348834802804E-06
0.0631220052303988 0.0761013440724092 0.0388346397514485 0.0142029496268074
0.0639916015145932 0.0812319584028338 0.0253106460500248 0.0312368607198342
0.0295334807038056 0.0982024879279211 0.00970697848085942 0.044334095453849
0.00424507098293336 0.107766653007805 -0.0231405069178408 0.0415526114467365
-0.0543281473323884 0.112014336138328 -0.0369683181769566 0.0136286076066196
-0.106079262973985 0.095157208616835 -0.0259577536352185 -0.0151652926660518
-0.139574573549804 0.0225056367299013 0.00603165280865026 -0.00934654147758397
-0.156611334888521 -0.0184199645122087 0.0529079034043737 0.0387096299296534
-0.11085031822788 -0.0146255526629721 0.151125553371545 -0.0176331459246434
-0.118107362119069 -0.00398246391502393 0.14001393189586 0.0192572392377999
-0.118841485807405 0.0495475551748593 0.121470128490901 0.0245684585077834
-0.0785788346458924 0.082719595478352 0.0987726741265181 0.0161805193159636
-0.0218930513079282 0.0942599002768253 0.0726136668083824 0.0142842538043258
0.00895514125889101 0.0834329445440531 0.0678392325539614 0.0296344330452125
0.0306866249703067 0.0775925414660592 0.0668763419973749 0.0313976611811926
0.0416350342208691 0.0637532895451294 0.0548400369909725 0.0398621229361339
0.0384882849349292 0.0696533073645179 0.0373946596619488 0.0589163800329676
0.00751217670183371 0.0808444785871155 0.0124248351378665 0.0729297321146126
-0.0168286369580403 0.0837868137082313 -0.028372144535711 0.0637985152059829
-0.0656491121133368 0.076210105057855 -0.0415219719857969 0.0228947998344631
-0.101600048845089 0.0531727190030593 -0.020733352310209 -0.0102520918354291
-0.114722516236126 -0.0105914984280496 0.0249107574875184 -0.00917589000215372
-0.112500590043369 -0.0375136542374476 0.0907295316036851 0.0442751084821697
-0.0425085435692747 -0.0167268946725738 0.166127813564578 -0.0262147742507253
-0.0588884747916774 -0.0142929482615437 0.144976993964875 -0.00289591925458414
-0.0676891610625615 0.0174730239525132 0.101577150665826 0.0163986094170691
-0.045935179156966 0.0374516089514388 0.0788860867379688 0.0215565210075673
-0.0189907842712186 0.0462228407368888 0.064369681167288 0.0366182858724056
-0.00408160307383236 0.0435227746769498 0.0721850179388391 0.0526193184765534
0.00535246421310862 0.0458755337415658 0.0767141339872091 0.0521517726694038
0.0139027999683412 0.0415355712211376 0.0634910262631856 0.0592896932560536
0.0117915799582868 0.0455165446988429 0.0405227391087752 0.0823466169508693
-0.00746206401336451 0.0507941924790185 0.00572684957738151 0.0939621411111412
-0.0238191014526359 0.0507658520641217 -0.0418190463001495 0.0789935499870913
-0.0565981757826148 0.0376618066356839 -0.0505279826057663 0.029748596363996
-0.0767054252206298 0.0143293051168116 -0.0219263288716916 -0.00265987146136908
-0.0712615526165653 -0.0321174431994682 0.0341069365120173 -0.00245821918942746
-0.0530954600505343 -0.0446555849539339 0.112450422884799 0.0534608308499523
-0.0124347576778667 0.0301409095413226 -0.129079419152324 -0.0532808914274548
0.0181793415700079 0.0249243985403456 -0.0572325770848006 0.000269079626248373
0.0345473697665587 0.01254257666452 0.0269641240156773 -0.000254809451994715
0.0223794131366887 -0.00743610716491664 0.0648882861984925 -0.0285977954280808
0.0115499721552028 -0.00501587200059233 0.0646095275684895 -0.0905797865613599
0.0165032912311092 -0.00387516399477242 0.00887029205468145 -0.125516868146018
0.0221230519369651 -0.0132882866465605 -0.0431427381285063 -0.106924485481733
0.0188856377215305 -0.0164040818807996 -0.0691360225025342 -0.0747861431261425
0.0254337202143547 -0.0123907896570974 -0.0825240225839049 -0.0593917192892947
0.0267947760381335 0.000703311437178257 -0.0808144244929252 -0.0552426685624132
0.0237943759486226 0.00795949214175229 -0.0687938706689742 -0.0449818019886217
0.0230813347477719 0.0132707446577389 -0.0665244302365735 -0.0261174712848593
0.0237654914759739 0.0273563383807985 -0.0779370957880999 -0.012076326732971
0.000800649204605466 0.0361648221275489 -0.116391696114276 0.0274114164556726
-0.021838506290793 0.0344877971526784 -0.158128894245129 0.0508414701504147
-0.0817926465739632 0.0217479017780126 -0.10271539282035 -0.0521737875483832
-0.0449231240985199 0.0224304233011355 -0.037442552560542 0.00634077380632096
-0.0238460212733455 0.0328151411443288 0.0510974734258562 0.00308245823143805
-0.0185989487517724 0.0266194626054649 0.0841676625693351 -0.0289272289133667
-0.00433561518533752 0.0384737540350234 0.0775215884168959 -0.0955225196913818
0.0183102061428022 0.0390569565491723 0.0206251182667352 -0.126558389211445
0.0407729311843326 0.0265820055197417 -0.0316724459845565 -0.108862832504542
0.046592622399074 0.0135207383657858 -0.0580083687120362 -0.0729389200513183
0.0566544976987632 0.0187934670323321 -0.0724189624276578 -0.0547851633351807
0.0453462266766226 0.0378183873667824 -0.0719239339930943 -0.0475288997040698
0.0330736644242788 0.0514688207259513 -0.0633427473382351 -0.0389422335434308
0.00778331652650201 0.0637777667195925 -0.0595729539391259 -0.0220298895129334
-0.0141659185138895 0.0702335604143323 -0.067092062133641 -0.00997754215629289
-0.0537506425304445 0.0537968375629173 -0.0988590907679298 0.0340332315921801
-0.0888701176965185 0.0370184717025179 -0.137733372357231 0.0567878165020722
-0.140608596607372 0.0107280124895408 -0.0590268724596194 -0.0441449831759739
-0.107635116030018 0.0168876150626254 -0.0072610606312428 0.0210681872484123
-0.0871114770766283 0.0525337095855298 0.0800039364534945 0.0152247497059616
-0.0622297171085434 0.0657368753048698 0.105153133800688 -0.0245459559988466
-0.0187153453435476 0.0840658086452761 0.0861575470101091 -0.0928651909331556
0.0196444286821269 0.0801226161567479 0.0311412188955668 -0.113561053558484
0.0549412247106079 0.0641892795236751 -0.0152132662887079 -0.0963099153183768
0.0679098243185094 0.0407838988315909 -0.0378717904305253 -0.061183665494836
0.0793346306644919 0.045239349880008 -0.0519224473765117 -0.0408818424023226
0.0600452886422171 0.0683823381585394 -0.0536894014737673 -0.0314804502575593
0.0429541418544467 0.0859693819748213 -0.0546545986313697 -0.024398832129391
-0.000803674182616947 0.105807975059547 -0.0538417621960386 -0.0153146620082386
-0.0437739182870021 0.108060051456474 -0.0571075107708435 -0.0105589076416678
-0.0979476848941648 0.0688436454930484 -0.0744612274085048 0.0299425361016829
-0.142492192105084 0.0369937514004374 -0.0982364361540141 0.0560548892702676
-0.178469675482897 0.00107153136303397 -0.00232630755241829 -0.0318705949395697
-0.157367685478061 0.0129920853463758 0.032709787699212 0.0369622042086798
-0.139549968442468 0.0729979572282494 0.108012879720189 0.0281876197667582
-0.0970275436077596 0.103817564812072 0.121462944391855 -0.0155204134335592
-0.0271007645111269 0.122885269864679 0.089755678061726 -0.0776638544966944
0.022388074492217 0.110716980807562 0.0414207582347631 -0.0868930754039192
0.0633864498512888 0.0912944069499684 0.00542907088458793 -0.0707779986661179
0.0799849170007484 0.0621967892283299 -0.0116446260381261 -0.0406985634703168
0.0904682543725953 0.0656706804601622 -0.0245581570595298 -0.021326400493809
0.064129563614279 0.0894059926414569 -0.0295181206755321 -0.0101146041318364
0.0443153873933096 0.108122429820198 -0.0419471905131325 -0.00449379383114303
-0.0105547204096103 0.132343221219051 -0.0467323536535026 -0.0065548449989794
-0.0670825832426677 0.131118062528677 -0.0470196479340615 -0.0137285159252462
-0.12890905640145 0.072644149720863 -0.0472879716617024 0.0160250475215732
-0.174805991962822 0.028723559347117 -0.0484423619730423 0.0490986512132439
-0.187532387356261 -0.00414463070411767 0.0603695460280936 -0.0226194236699459
-0.178432797923915 0.0113126702201413 0.0786368506942502 0.0427409384179508
-0.164809256303801 0.0841431153630077 0.127199625581172 0.0340964626042778
-0.11112958406954 0.125434983784896 0.127076883293564 -0.00486044576273973
-0.0272502123626913 0.141345595352023 0.0887955018729204 -0.0507413762285072
0.0237103281064651 0.123223578312348 0.0523905200679728 -0.048378959542036
0.0637718024752057 0.104291390299146 0.0286032626816544 -0.0366743883967188
0.0793836121804225 0.0741313699814545 0.0155678583416797 -0.0141889398896245
0.0861217462185904 0.0769560166212842 0.00310003320131414 0.00366666247234654
0.0545967752938034 0.100743024132685 -0.00579351009603515 0.0161242906079612
0.0318835735909043 0.117116912937357 -0.0291625732871109 0.018263781539989
-0.0292537051513763 0.136159535408793 -0.0408966997430097 0.00331384887448217
-0.0889562550894104 0.12857105666336 -0.0366585886324101 -0.0164100349708123
-0.145294822104471 0.0588709734227295 -0.0191641483919808 0.000575437360691124
-0.181355938518877 0.01117099356037 0.00548335742126347 0.0414195835514612
-0.164032777366922 -0.00700865250443804 0.11562724272642 -0.0187594266037049
-0.164128198144326 0.00737308416506196 0.118578039630586 0.0349477463610322
-0.155970635179943 0.0773094648383566 0.133743281482942 0.031446938106214
-0.102636754711189 0.118733299572067 0.119394782498075 0.00571363335548904
-0.023356009339022 0.131042084895174 0.0829113058554812 -0.0183361536887292
0.021306533278369 0.113112804625959 0.0628921833326759 -0.0070424543168284
0.0543008146336494 0.0985527234466649 0.0509014869026662 -0.00135593517943145
0.0671244795372474 0.0737779458254968 0.0398711597424322 0.0135467088250305
0.0678683449329628 0.0787937462456019 0.0262318015766588 0.0314728934223783
0.0337938115105607 0.0992637147697717 0.0109362866488164 0.0453143907290196
0.00787202244659719 0.109299204032951 -0.0232625690907149 0.0432375144432757
-0.0519888946734399 0.117388804750622 -0.0386899087625457 0.0145348551886002
-0.104210656130134 0.100358043773998 -0.0271307063627377 -0.0151081584911944
-0.14229913171515 0.0279274300428805 0.00638124180512019 -0.0097485702151018
-0.160276769765015 -0.012397051059718 0.0549115685191918 0.0378901573179005
-0.11313173503412 -0.00996921829130321 0.154827254746174 -0.0224911118953955
-0.120679121310046 -0.000610444304661607 0.142830317653998 0.0162490895042415
-0.119070778192568 0.054124000761118 0.124600244862055 0.0226205502145909
-0.0781815653363811 0.0868949242728464 0.102351367351957 0.0143669803236619
-0.0189880987636437 0.0959678263418512 0.0747918477647768 0.0130745532760757
0.0125112195477173 0.084082590468325 0.0714785244940531 0.0284294427906081
0.0346343278591285 0.0775190286930526 0.0690639235548773 0.0295478133623052
0.044531125536608 0.0627218653564268 0.0572882822870623 0.0393246258775463
0.0419357767481722 0.06853247238609 0.0397152020333374 0.0587610427274201
0.0110350249832234 0.0823111711758754 0.0150428676619752 0.0730768309366181
-0.0140740959147337 0.0861019398633562 -0.0279085982661332 0.0655333595204308
-0.0646756350420974 0.0805561679313352 -0.0424892512648031 0.0241922481031293
-0.102035790515406 0.0576262712105181 -0.0221633845877198 -0.0101026442466847
-0.117232498842909 -0.00692225740286356 0.0250827021318914 -0.0102135988553858
-0.116087880878967 -0.0337874167061391 0.093169173914141 0.0418526119583334
-0.0437631793106818 -0.0150547715076917 0.170108224236445 -0.0320238170572915
-0.0605520093205756 -0.0133805235104261 0.147020068851882 -0.00648658745386097
-0.0678217824278331 0.0199135249067615 0.104291911876996 0.0143861033776347
-0.0465454993896902 0.0391032059124372 0.081620929943624 0.021280657794895
-0.0174032632289804 0.0468679630517135 0.0680292551746015 0.0362980912349052
-0.00273614583435428 0.0442445905193164 0.0770131107343789 0.0509864335914879
0.00725888129050143 0.0461183066169546 0.0797526172749583 0.050729698046798
0.0157858598308355 0.0409306812272725 0.0655209148915535 0.057763501456751
0.0139254591176654 0.0452544148260036 0.0435654301021503 0.0820810721971469
-0.00544468212285068 0.0526701309864903 0.00854113490170006 0.0950484392893078
-0.0224441275494012 0.0525558978981089 -0.0405340877932639 0.0812251866461896
-0.056996391563775 0.0405962493168376 -0.0520405653116762 0.0316386155160442
-0.0773931784422241 0.0168433946447751 -0.0233358375337964 -0.0025070061996042
-0.0739785073036218 -0.030411796917164 0.0339611059926041 -0.0037351461995879
-0.0554734874312499 -0.0434813762230703 0.116119266073602 0.0507646248097839
-0.0114586143180793 0.0312632061447778 -0.131833263070758 -0.0475523013052395
0.0188400996208168 0.0249005870374462 -0.0567582487185011 0.00408504226365613
0.0357878575642261 0.0114962236218774 0.0280733625503646 -0.000262458769800736
0.0226309683418726 -0.00868880024557731 0.0650905989748538 -0.0306109311322746
0.0112100648754352 -0.0048931368136771 0.0613482426058275 -0.0942079725905873
0.0161730802337917 -0.00454270341794137 0.00276792678508841 -0.126599327584565
0.0215693677630654 -0.0148559465777807 -0.0484083306154243 -0.10553301682482
0.0181858319710897 -0.0173308061851578 -0.0723758744783853 -0.0723937400616543
0.024759708208922 -0.0138435299507799 -0.0866370947221981 -0.0545788830870361
0.027274457848324 -0.00116594646626867 -0.0854127974672702 -0.0515886230939382
0.0248365457462449 0.00681940545466552 -0.0726009190093408 -0.0425903709134151
0.0244303686672851 0.0124765913131095 -0.0685554517404813 -0.0236496706755717
0.0254985221557307 0.0266397811724737 -0.0791571983971758 -0.00985003499690087
0.00253448416136595 0.03726959317526 -0.115672046797122 0.0322583999102813
-0.0202152458133146 0.0356480596300778 -0.15829617348379 0.0600907564723991
-0.0819038511762606 0.0269410059697801 -0.104943417635374 -0.0478032725415793
-0.0454004267947255 0.0257378399438546 -0.0364843334025912 0.00952877163666103
-0.0225640627038607 0.0344203900602259 0.0527481949166276 0.00275038279042762
-0.0175399495611788 0.028298733584134 0.0852693691639329 -0.0316793903671408
-0.00217573736217113 0.0394926555880834 0.0737953490438867 -0.0992097485559018
0.0205043571533145 0.0390370907457961 0.0144690696101409 -0.128302606352776
0.0433594860074503 0.0239694620969339 -0.03722615016925 -0.107559585088241
0.0472808345506391 0.0111871865610273 -0.0607784975773421 -0.0706774131417776
0.0575013082311857 0.0156283311955748 -0.0756574819274053 -0.0505992584996636
0.0481736632014222 0.035963826804207 -0.0758111025358418 -0.0440102208634374
0.0364234380140212 0.0502870609615225 -0.0673281051303967 -0.0363232720003017
0.0108578486137224 0.0642594523001141 -0.0619244790851035 -0.020405184663908
-0.0106039285392756 0.0712335548972787 -0.0679693816862429 -0.00799703734198377
-0.0519967507129101 0.0577192491813109 -0.0971711026278097 0.0381206724059837
-0.0881671612148125 0.0424731013930792 -0.136511765314812 0.0650354554846575
-0.141305436627489 0.0190492194272481 -0.0601138126462499 -0.0416861439208653
-0.109024769303713 0.0226642627356488 -0.00506066266170031 0.0236955161432751
-0.0846597380442283 0.0576258393746419 0.0824797610503665 0.0134543256872543
-0.0604178659207481 0.0703667118956169 0.106894314582999 -0.0276684188640197
-0.0145985720444248 0.0863543576050048 0.0832152425911458 -0.0961887477822163
0.0241459257581582 0.0802813109021672 0.0266758468679777 -0.115949570975022
0.0595613439684659 0.0612394944967624 -0.0196680924051401 -0.0954040898422217
0.0708484800768582 0.0377226417888914 -0.0399622507432921 -0.0599641955536736
0.0824382510000494 0.0406763000556029 -0.0541825525376458 -0.0376557892170557
0.0647003610376182 0.0660685959441998 -0.0565735816030588 -0.0286142680949037
0.0477486725168719 0.0845423940112804 -0.0576999979780681 -0.0222464805473784
0.0046383754212617 0.107396081759531 -0.0556622518798516 -0.0134945113083987
-0.0379984039561263 0.111490084597457 -0.0581633902329732 -0.00907501229287967
-0.0957572493776388 0.075264727898146 -0.0722700832953345 0.0327333078251153
-0.142579374587141 0.0451546276251436 -0.0971456776946732 0.0627282099075248
-0.180215496879891 0.0110711463328827 -0.00189439459555423 -0.0317014560145931
-0.159324325519834 0.021249718586939 0.0361509365547421 0.0371283152524113
-0.136995311325425 0.0807366842989602 0.111422371481482 0.0256481040402967
-0.0934299778058753 0.110190312591435 0.12410621527983 -0.0190438571394513
-0.021364246681179 0.1256269037035 0.0876983816110323 -0.0813710245582639
0.0280469366884051 0.111033810940456 0.0385033096268037 -0.0890319552141465
0.0694360967893602 0.0882572118396905 0.00256260698289684 -0.0707931226573655
0.0831831254863376 0.0580319452344819 -0.0125719575291806 -0.0401754904971938
0.094828176693805 0.0599820294357274 -0.0258921123196913 -0.0196386138849085
0.0704845608937543 0.0879284863454415 -0.0309642757804644 -0.00826238453730798
0.0502600625447067 0.107336828694114 -0.0437218148712495 -0.00233070128566412
-0.00335493767378676 0.134238028465368 -0.0489930596243422 -0.00501150581969699
-0.0612224368928128 0.135991099391734 -0.0483555845370892 -0.0119399911543521
-0.127468574907064 0.0812073346569887 -0.0458724504896056 0.0181014132345516
-0.175084485853683 0.0388642100034248 -0.0466567710068228 0.0528450473090614
-0.189436625878304 0.00629399589463989 0.0615955103013245 -0.025106401292326
-0.180130714013926 0.0203010608830289 0.0819188307497097 0.0403225278595965
-0.16200525276488 0.0923919236455531 0.131072451736464 0.0310606977824592
-0.10739615622122 0.132567895059184 0.129773994078078 -0.00830114458535719
-0.0207811309322362 0.143765348191211 0.0881267321944184 -0.0541615572085254
0.0307472779139055 0.123233254534541 0.0515933575813163 -0.0514383170444855
0.0702109289448011 0.100884399115241 0.0269346783538884 -0.0375660824341445
0.0838221081545742 0.0693296686040477 0.0159287549765239 -0.0149211093953161
0.0908289119995747 0.0722288911525489 0.00356693378407989 0.00384414806282978
0.0612399047334958 0.0989522977051851 -0.00562858025687785 0.0167947293622515
0.0379301970505363 0.116359745977955 -0.0300197201039505 0.0201263181634206
-0.0227826684015554 0.13981546462344 -0.042276981471274 0.00513605293818599
-0.0831327860009095 0.134594639350069 -0.0382042614849627 -0.0152373012407231
-0.144450372522944 0.0670174950527464 -0.0185263149911308 0.000860015855834934
-0.182666822605479 0.0215927664198687 0.00738106423905353 0.0421832371096463
-0.166217111121876 0.00169695564535986 0.117748925196645 -0.0241500565455596
-0.165873741002983 0.0148604768594888 0.121996382449889 0.0312632097810777
-0.153399770521052 0.0856496098901381 0.137286094007399 0.0276067764681617
-0.0992165340772494 0.125688886596541 0.12262108416994 0.00197097052292321
-0.0175436465662611 0.13315320391178 0.0835077892716486 -0.0208932072276505
0.0273667354489123 0.112625362692304 0.0647833889702163 -0.00983841890800834
0.0605372086555783 0.0958367478950556 0.0514605821000029 -0.00281331657003425
0.0717861554399385 0.0701734322127966 0.0412863222839794 0.0117020363354583
0.0727592323208454 0.0754126655899989 0.0275562949668456 0.0304637468276886
0.040250925157488 0.0988855079307407 0.0127117189781423 0.0448287470897157
0.0135363433612118 0.109973338613421 -0.0228461086568568 0.0448613584874639
-0.0467868539452782 0.121444111806321 -0.0395010787013602 0.0157199544280587
-0.0995677735391078 0.106439357647295 -0.0295983924246106 -0.0149003505117289
-0.142797216041034 0.0355290679957313 0.00641980711065971 -0.0102483961144456
-0.163015496784133 -0.0033122169265753 0.0575016355816477 0.0362543877425264
-0.114389207291361 -0.003661536619923 0.156485014580652 -0.0298893741662147
-0.121894718343574 0.00481534053933365 0.145782897007515 0.0104943273108631
-0.117642195765822 0.0595718564439947 0.127070489944003 0.0192684389636735
-0.0757201465141751 0.090919561424251 0.105303173727882 0.0116314660670639
-0.0151837840656214 0.0974485804104228 0.07731258357504 0.0111062860255961
0.0165974722473097 0.0843652833246693 0.0753584608751755 0.0256012216490434
0.0394443220967566 0.0758129775693882 0.071518408520031 0.0268394364774248
0.0480418088935656 0.059897184126992 0.0598721702194168 0.0366633878738628
0.0457047234231834 0.066183538734875 0.0422203145509987 0.0575236438300934
0.015642170352053 0.0828558866392661 0.0184781310104379 0.0728236954902084
-0.00974962896910066 0.0880209639884134 -0.0260249200242786 0.0672885121548972
-0.0619205251549614 0.0850034805160782 -0.0430593120877171 0.0261604493844138
-0.0993044362745736 0.0632639785039892 -0.0235952950508408 -0.00978169639142944
-0.119042650272392 -0.000914397183180114 0.0250023553160988 -0.0116475522282884
-0.119194708636335 -0.0274680700663247 0.0961489257611031 0.0379118009468131
-0.0441643555692553 -0.0123776135656788 0.17098162196219 -0.0400917106204372
-0.061059057971826 -0.0112467119570509 0.148324169016887 -0.0131996961277975
-0.0673797372955335 0.0229673323007688 0.106244165735979 0.0111349847393858
-0.0460324781078464 0.0415034717754682 0.0846267287337986 0.0192282984307596
-0.0159886319638017 0.0475566435973766 0.070737264079402 0.0341538600572323
-0.000971166205774891 0.0441191112372322 0.0818430838172392 0.0486773824931806
0.0100214593099562 0.0457255214371866 0.0837051755068239 0.0468505586435452
0.0184033956101324 0.0399700671090125 0.0689225571543868 0.0559042390954981
0.016227529804673 0.0445978180329286 0.0477345919581488 0.0803913385708677
-0.00244130255460036 0.0533895099508437 0.0131862624645057 0.0949616210298125
-0.0203023932096458 0.0544766122113047 -0.0379259563973454 0.0839629767986102
-0.0561654738959752 0.0443388778574406 -0.0520973839153191 0.0336288351963432
-0.0773665671855515 0.0204913033783715 -0.0246090121141153 -0.00190485503833261
-0.0761735625501757 -0.027302033430805 0.0339297154088239 -0.0053858480745868
-0.0577410143136959 -0.0409316320366541 0.11898964315097 0.0456845454830483
-0.00901002594820804 0.034118759452834 -0.13450990994825 -0.0278957029177305
0.0216430413881494 0.0228513751503086 -0.0551827060610122 0.0131900777920686
0.0372824838238568 0.00514817476245777 0.026634053352794 -0.0015202774381473
0.0218837911040999 -0.0133260142790927 0.0607743223221079 -0.0374397758572529
0.0108257776828089 -0.0087960584249352 0.0467941902767559 -0.100552819333216
0.0138902469911473 -0.00959923488738894 -0.0170644974727758 -0.121714043793275
0.0170055238732919 -0.019830719583015 -0.0636960345982781 -0.0946398561035829
0.0130438195386629 -0.0191317881064993 -0.0803368016125747 -0.0595954704470706
0.0207346274373036 -0.0173071019875507 -0.0924649031832032 -0.0417825707049052
0.0259687554426621 -0.00462604994674559 -0.0921454509898191 -0.0393663158460206
0.024820743345109 0.00328819049694148 -0.078314509798059 -0.0327588135695443
0.0263175733682636 0.00953928040036261 -0.0714097546790408 -0.0161015470151379
0.0293727560705159 0.0235289585566297 -0.0803935651912538 -0.00184482852481856
0.00923728551661041 0.0372468442134143 -0.10930007954275 0.0453934817389731
-0.0140392470703992 0.0393198331054022 -0.146974015860354 0.0787070483177348
-0.0776280718039753 0.0419094615829684 -0.106305988878605 -0.0340887700194829
-0.0409207235968875 0.034649927984934 -0.0334281617555197 0.0132576893963889
-0.015094363412087 0.037846697689248 0.0518760000649985 -0.00571584096272355
-0.0111081596203043 0.030302304954635 0.0798900134780788 -0.0441230772014022
0.00523250432550936 0.0366445889333672 0.0563488830274277 -0.1082486846753
0.0251178372051555 0.0318615301037848 -0.00712068895761543 -0.126011002190358
0.0455743976743506 0.0150545568917644 -0.0544463771484118 -0.0994412204181265
0.0457667959201429 0.00372912273050057 -0.0688129545793417 -0.0595034672660597
0.0576039220048128 0.00627022119348202 -0.0814187018152155 -0.0384260695502932
0.0528195286168871 0.0286962128198059 -0.0821418955163148 -0.0335648270525666
0.0429791950973123 0.0436698875947313 -0.0727286052285091 -0.0275532329523979
0.0212821584640735 0.0625123493097444 -0.0644973712001095 -0.0149620070973597
0.00101529118308554 0.0725575191497886 -0.0676959012653037 -0.00179093053969885
-0.0415015123492242 0.065330114366978 -0.0888058246950379 0.0501394708009529
-0.0802641769941233 0.0557414802510366 -0.124392744395322 0.0825737928500568
-0.136102924668251 0.0443534569095222 -0.060258740775602 -0.037518455670824
-0.102622441751914 0.0428569432267979 0.000610740763206735 0.0190718887103059
-0.0715488364081807 0.0707707985738005 0.0826453860842058 -0.00326854149407155
-0.044948383068494 0.0786077695603661 0.100972939042828 -0.046462308505193
0.000372937039289502 0.0838652282296064 0.0641949428102443 -0.107836113050372
0.035454260961389 0.0718174866492633 0.00531456783447132 -0.115840349636023
0.0688401038336752 0.0487931136377758 -0.0361620777172254 -0.0910880748046162
0.0721660950821345 0.0256342062258189 -0.0469346088090651 -0.0515108882106579
0.0868175724262509 0.0265333138974072 -0.0585457460285505 -0.0287574312052181
0.0746754536052802 0.0557839136937846 -0.0616154868815538 -0.0207817741282778
0.059101958812867 0.0751777494653088 -0.0620114149180583 -0.0146768401993493
0.0221018448823298 0.106711645899467 -0.0577426220120073 -0.010027811291119
-0.0198500317118399 0.116035428315329 -0.0571049897849076 -0.00471500149811756
-0.0823293082968006 0.089283924965981 -0.0640119530724263 0.042591131471216
-0.133262635497069 0.0661485661075652 -0.0847684055602528 0.0763281756483179
-0.173848884403122 0.0432647520795513 -0.000839452348816924 -0.0381732114916765
-0.150185728643228 0.049571397039083 0.0433099111803849 0.0247238787067326
-0.117715695292425 0.101903430901816 0.111820290148969 0.00117307468124961
-0.0698355947336876 0.124111862102493 0.118123964365677 -0.0436509125423738
0.000973630174220154 0.123159753961331 0.0692528927824126 -0.0949392222488172
0.0449077857369754 0.100973608179615 0.0205264331860167 -0.0921610231342393
0.084194517034408 0.0740109173554199 -0.0117314097652841 -0.0709992992285575
0.088130244698339 0.0431400258107862 -0.0184937030454853 -0.0360171088791959
0.101934326536274 0.0432113183256686 -0.0280832859383865 -0.0145804266673484
0.0840577317818074 0.0753017408718015 -0.0340908934495009 -0.00491012666723046
0.0655681393719629 0.0967262935319906 -0.045973401252347 0.00254708764713052
0.0181747020632877 0.135201418132531 -0.0501548182630998 -0.00307967520027223
-0.0386681183787915 0.142555224513884 -0.0470874303415891 -0.00900796196029472
-0.11290223542469 0.0992841927981706 -0.0394090463464384 0.0255129703458696
-0.166690878303838 0.0642293022856068 -0.0362757126660934 0.0617802984020536
-0.18243563432619 0.0397160114532716 0.0619044058527073 -0.041327022498848
-0.169689614849306 0.0513003756579618 0.0893780602885766 0.0203647416396994
-0.139743610375727 0.117120802556326 0.132545963711138 0.00199556757615594
-0.0794419731267869 0.147520076650379 0.124503213538144 -0.035305872118572
0.00412451323632747 0.141348577057453 0.072601057434324 -0.0682275168109112
0.0494407115742374 0.113018632315867 0.0391228248904556 -0.0575097682839206
0.0871855381101992 0.0861071946840965 0.0171228600504547 -0.0430972913623992
0.0906110906500044 0.0540865109956189 0.0126084597840076 -0.0156319542578367
0.100640220426248 0.0556602329069381 0.003592239262467 0.00446803455812575
0.0771644508406582 0.0884295550625683 -0.00585201515122208 0.0161016125473704
0.0551849253405686 0.10790187020617 -0.0291976981395908 0.0227771740934622
0.000723554760971325 0.1435448064546 -0.0420687164495415 0.00601133516044799
-0.0603489770929767 0.144559901800219 -0.0365987877291658 -0.0132261448403524
-0.131737398053445 0.0880653980611737 -0.0147926270148967 0.00572306212056189
-0.176811916360829 0.0479512963257592 0.014774440741156 0.045678889870499
-0.15909880374365 0.0302056923872534 0.116100499201263 -0.0481109795533918
-0.156290440128238 0.0426762995623562 0.1266078414852 0.00532698300208289
-0.132717444239405 0.10825071930455 0.137788886804569 -0.00186778498978244
-0.0729866850131649 0.139799203653105 0.1189730556319 -0.0231400462116102
0.00578586456588571 0.13133673520239 0.0743594075167183 -0.0346127062387288
0.0456167208599252 0.103765615831542 0.0586655518471163 -0.0197484865083672
0.0776912553406583 0.0830638339021369 0.0468304398001892 -0.0129263901391533
0.0794015521189348 0.0566944003633076 0.0417505694361609 0.00702501477261752
0.0841458395903283 0.0612152567258194 0.0306981965380714 0.0270375279004762
0.0566864025970562 0.0905452710254729 0.0158527713282794 0.0415028588192345
0.0309035552541752 0.105397809317585 -0.0188629822191501 0.0459742053142468
-0.0257963300965904 0.129220776373789 -0.037547541514415 0.0164579289109991
-0.081018396673014 0.119887041595128 -0.0277913934911111 -0.0129930653831839
-0.135217121634784 0.0565936344248066 0.00796636520103813 -0.00859955282830121
-0.161001826278103 0.0194987350485155 0.0623737150752815 0.0333652345761356
-0.109221111678484 0.0146151035925174 0.151745316519054 -0.0574374773477116
-0.114984236995535 0.0240020142627826 0.145873932136604 -0.0163043732071159
-0.102794235094526 0.0766368807961259 0.126834442382547 -0.00582534168149234
-0.0567375527734126 0.102187479668164 0.103387502405273 -0.00965057883692055
0.00214401010981302 0.0965022652375995 0.0739804305554254 -0.00175228521299039
0.0312232731507517 0.0778392715215226 0.0750785103543719 0.0126054314568944
0.0537174595001204 0.0673672504704061 0.0719198257457163 0.0137524603638167
0.0559545219758178 0.0502603834436111 0.0628351162468658 0.0283410875718614
0.0565028606837898 0.0568337154879679 0.0488527803595682 0.0511656379214959
0.030423866634383 0.079301244938103 0.0255257679697244 0.0681766926564229
0.00512348085765929 0.0873218207341158 -0.0189535822835842 0.0683032211061044
-0.046848747910828 0.0957564376412327 -0.0395439959423567 0.0280605858314742
-0.0875214594107167 0.0766595634688673 -0.0219485370779022 -0.00783265986586356
-0.117443691696921 0.0166467590230637 0.0246413020089725 -0.0114370167093121
-0.120837705377992 -0.0107919000295687 0.0993958170690762 0.0297332436544872
-0.0423363728719041 -0.00674283166881258 0.162280276261995 -0.0663277526770102
-0.059077146922903 -0.00357092533438775 0.144053647646717 -0.0369525462458414
-0.0603381554157003 0.0320068604765023 0.105503202806152 -0.00785649862999157
-0.0368184005748341 0.0485839201893351 0.085711625769844 0.0032776828108497
-0.00627787646831357 0.0492458752074994 0.0740688087693184 0.0219363987238433
0.00882790948699995 0.0428418064730359 0.0863641998897658 0.0338207788152547
0.0190103104613221 0.0428867400115118 0.087789578883216 0.0317241534589267
0.0246372633951321 0.0360152748917736 0.0746572293658972 0.0443465030014321
0.024163330121258 0.0408115163063039 0.0567317632845408 0.0730841474115812
0.00788324805038004 0.0529824587808832 0.0239673288164385 0.0909148551427223
-0.0100776927253361 0.0564801763924247 -0.0275167892457641 0.0860683103454866
-0.0479656221299715 0.0539809069982685 -0.0474291923092044 0.0382362002437977
-0.072872539074711 0.0320470012757182 -0.022933107303677 0.00100993183487863
-0.0790772442151898 -0.0163123303946823 0.0324674009882555 -0.00779088613581058
-0.0625305791233249 -0.0335973776450415 0.121186379155164 0.0328903475388414
-0.00739366357651312 0.0333219333546261 -0.131312678207958 -0.022839837968377
0.0217583612274393 0.02276043654383 -0.0527848283487438 0.0151082260414781
0.0362030921497548 0.00444822813638903 0.0272149807879444 -0.000874906334938463
0.0210920559851289 -0.0134987945753745 0.0600828169752937 -0.0371479547815195
0.0109720823199566 -0.00828182285555443 0.0433058061961445 -0.0990024945596174
0.013113458608235 -0.00910534522377041 -0.0206049067202825 -0.11739180484231
0.015335678135342 -0.0200881125057803 -0.0653724705488213 -0.0896110223207552
0.0120618660807117 -0.018820305458314 -0.079957017210693 -0.0558152750580025
0.0195765102088578 -0.0171271272052158 -0.0913209262211313 -0.0367706742868918
0.0255136877070512 -0.00545754826355542 -0.092180960294259 -0.0345892051988171
0.0246717969223034 0.00239518524372098 -0.0783677745872673 -0.0297528203398067
0.0259269032695032 0.00819982361476777 -0.0704132084996644 -0.0144247860743782
0.0294672684656072 0.0221134421427784 -0.078536704298968 -0.000612087165331444
0.0103041029604977 0.0362692231824879 -0.104892585740968 0.0466678471256877
-0.0123677262193113 0.0384967502064991 -0.141355192985028 0.0820658478698589
-0.0740069103442649 0.0439845150823494 -0.103779955486042 -0.0310960571285461
-0.0387557858630843 0.0360808585646401 -0.0309110291385905 0.0142879608279045
-0.0133967506685866 0.0378845847072612 0.0514610904677157 -0.00585349561887141
-0.00945356215548481 0.0305152603748632 0.0787515563930489 -0.0444974464915217
0.00678063949087683 0.0356676474266078 0.052514198443947 -0.107146314141721
0.0260135596166403 0.0306939301702421 -0.010658415714959 -0.121745569244927
0.0448852891147385 0.0126181360055787 -0.0556266725846815 -0.0941037308800108
0.0448710278733085 0.00203612465760875 -0.0684591928337571 -0.0566646280301008
0.0565426996842532 0.00382572747261904 -0.0801946566204101 -0.0339966222228612
0.0529112978657678 0.0263796582682296 -0.0819944148489372 -0.029036476774215
0.0431219803194477 0.0413284414523814 -0.0724196895851215 -0.024686385419431
0.0229867615950124 0.060744710181726 -0.0634372329676944 -0.0135294103739377
0.00370038761467598 0.0708578448201257 -0.0661362919676672 -0.00126705778081334
-0.0379472808741087 0.0660244479449983 -0.0847183903976602 0.0506937735249755
-0.0763859427413653 0.0568747727643438 -0.119039886773521 0.0857640161442531
-0.130828843784845 0.0488069642917049 -0.0582352561052172 -0.0349301578845873
-0.0988672761740132 0.045803509581991 0.00199296768747739 0.0196261718208162
-0.0671691754887896 0.071504350918013 0.0815584902643134 -0.00383789008057516
-0.041509964829027 0.0794758419172891 0.0995810681977857 -0.047582492348465
0.00366603132471172 0.0823329494818891 0.0601400625551064 -0.106471464693197
0.0375280745264742 0.0689481858399152 0.0015295453335965 -0.112894130645337
0.0686931321705616 0.044274364857638 -0.0382167326032266 -0.0864192553135289
0.0712304543722701 0.0223544872334448 -0.04680604628516 -0.0494551120412633
0.0850873744291846 0.0221467712966199 -0.0577089480241442 -0.0257695144535183
0.0749168302756855 0.0516703345773476 -0.0614486773010056 -0.0178935068927578
0.0607516667053319 0.0713211827226774 -0.0622078003312446 -0.0122596896105285
0.0257552542562919 0.103536364543611 -0.0574819462870938 -0.00865515273659263
-0.0155669437894235 0.113600295621977 -0.0563803036965791 -0.00342645999511242
-0.0777681197004376 0.0904560537562826 -0.0608353975074198 0.0428168138939451
-0.127961186637263 0.0693830139551925 -0.0803472997111678 0.078337230531971
-0.167344596745177 0.0494084107329224 -0.000498894767222615 -0.0379493548494253
-0.145689771092367 0.0538481833946716 0.0439763965146247 0.0234938052414775
-0.111361224034657 0.103383149324467 0.11113685438165 0.000609945473175258
-0.0644046588876787 0.124887202017816 0.117041152126849 -0.0451565081749849
0.00500826961224931 0.120763302293894 0.0659130708229653 -0.0936985408513481
0.047708721388729 0.0978449963855803 0.0177123301294289 -0.0904016279717584
0.0846553559431857 0.0681250571201885 -0.0135698489399114 -0.0680481206804813
0.0870880633845385 0.0386543042232454 -0.017943009830232 -0.0351720042926124
0.100084037876387 0.0376932835910063 -0.0273925115031866 -0.0124828456407884
0.085056103557867 0.0708203136462076 -0.0340039996225699 -0.00286620646705681
0.0671676094650142 0.0922336805525309 -0.0463142437594286 0.00461140230127939
0.0223982195960383 0.13141445403373 -0.0503248938755717 -0.00162594729291774
-0.0325254918933343 0.140254604084084 -0.04663770441098 -0.00781389007567244
-0.10668250188462 0.101407873066654 -0.036733907164239 0.0249456680055498
-0.160907286504224 0.0689539867845726 -0.0336622293093861 0.0627850864100229
-0.175863205520238 0.0457817014514129 0.0609165395580561 -0.0429124741739953
-0.164451525254677 0.0560714961166119 0.0884848353213827 0.0180943742525173
-0.132897973296061 0.118845186276136 0.130746824689873 0.000604018062644348
-0.0734029361528501 0.148294199321199 0.123319620976673 -0.0367302105247878
0.00845834511914506 0.138198102983122 0.0701701802097997 -0.0673892894635105
0.0524676704416564 0.108700734656693 0.0372000473207123 -0.0575143388862921
0.088543434636113 0.079716034748744 0.0156891222127828 -0.0415139030721213
0.0900111047204534 0.0492765375727289 0.0127571999907314 -0.0156621854097503
0.0990189303657023 0.0495293249072932 0.00344813527026584 0.00449788806981291
0.0791855254954789 0.0830194287751746 -0.0058470009610995 0.0162543408432842
0.0572648297396823 0.103061509357531 -0.029517348341947 0.0234147462673164
0.00609016309212518 0.140395463467103 -0.0425262583067791 0.00673299376701481
-0.0539033105300097 0.142641405922075 -0.0371318029750345 -0.0123884961798963
-0.126014135362321 0.090940702138943 -0.0136445884737738 0.00510899299675419
-0.170502537146628 0.0535787803245011 0.0162473413658512 0.0442890376263588
-0.15343359508165 0.035542767357601 0.113594801561457 -0.0510340703016316
-0.151632281538591 0.0464252339009887 0.124611221860906 0.00272280706918591
-0.126190979227938 0.109127577900723 0.135392254279332 -0.00378965738895357
-0.0677008395358535 0.140213990096844 0.117902210925323 -0.0250215258544416
0.00918542691508326 0.128292787693295 0.0729577588211643 -0.0349183708556219
0.0480553984814211 0.100474811524134 0.0580327481992993 -0.0214164409924417
0.0791520154722515 0.0774383416861938 0.0456597776479883 -0.0133153229284275
0.0789041186512408 0.0514391714797551 0.0413554565707901 0.00522396401028448
0.0832065616147185 0.0555641773720838 0.0305245572539972 0.0256142257835088
0.0592770589660733 0.0865497407846082 0.0163906340938518 0.0396584844769615
0.0335645144999402 0.101629062659656 -0.0184058287438216 0.0454602401912147
-0.0207319793121529 0.127418027897941 -0.0379361914560518 0.0172767023623583
-0.0747317676308725 0.119167762799328 -0.0276126513028674 -0.0125605303475308
-0.130075920410428 0.0609395060351609 0.00788867314983098 -0.00914837035140114
-0.155956649964314 0.0253093604762313 0.0616245173858395 0.0312538833439307
-0.104552484283226 0.0185746960677958 0.14747906955853 -0.0610179769634691
-0.111749917967429 0.0263811072011968 0.141888697686347 -0.0193605377666876
-0.0981526606973078 0.0776502429386349 0.124373728017838 -0.00780493365990851
-0.0527104112830543 0.102359163411401 0.102296298224735 -0.0113484628605142
0.00479799059090813 0.0942467548736653 0.073296513854846 -0.00337167793204924
0.0326708582157063 0.0744680954909876 0.0751938749456285 0.0100015072775113
0.0552846544905083 0.0629606298218544 0.0708813048196972 0.0107906308639358
0.0556964196315627 0.0467619348079624 0.0626605040224126 0.0255185822040404
0.0566740593182942 0.0522763146044856 0.0488541668016818 0.0487057478897859
0.0336375572111048 0.0754757377406761 0.0268335552679654 0.0652561550021522
0.00806188165911419 0.0853399731207039 -0.0171018146676518 0.0671426127105458
-0.0420414964335142 0.0958167976717039 -0.0388986521029807 0.028849358265012
-0.0830005130743883 0.0773901150734631 -0.0222783003228213 -0.00744704541227932
-0.114123614904242 0.0201638808667128 0.0237466970438759 -0.0129261402681605
-0.117662726847232 -0.00614598585405889 0.0975997381176246 0.0264548446188242
-0.0403604745655795 -0.00518811485134288 0.157063940406972 -0.0703841160794379
-0.0577917419436242 -0.0017780952369125 0.139716114371717 -0.0399808000745749
-0.0582270015118867 0.0323909395700165 0.103157086355873 -0.00934643220229981
-0.0350956785267703 0.0492596444653677 0.0851322079948816 0.00199984272396547
-0.00543487544581767 0.047933617737173 0.0744270569216336 0.0201805441605049
0.00921316107033187 0.040766148150878 0.0869523688329144 0.0297973301014904
0.0207344912172329 0.0411108764578523 0.087097920224075 0.0274122088781953
0.0246792638954215 0.0336201897760098 0.0741082453640934 0.0416339387567808
0.0244933341763033 0.038104304891488 0.0566823624457248 0.0689414702090606
0.00991127518598951 0.0511704066307242 0.0256291568218013 0.0869603266879204
-0.00755050739627152 0.0558973018367802 -0.0251497303326156 0.0848050497477834
-0.0447495294903535 0.0552952596687539 -0.0464664547362206 0.038298583580282
-0.0702705257391149 0.0332671701531128 -0.0229916846045404 0.00110567002603082
-0.0775941845365407 -0.0132658027875003 0.0312386869827974 -0.00859649477144335
-0.0613756773292698 -0.0306154831503548 0.11907474819774 0.028246536244157
-0.00707704815360613 0.0328229168811751 -0.128634931085686 -0.0215583090254684
0.0215163446083778 0.0231100630733219 -0.0514459632037063 0.015838337631879
0.0361342972634139 0.00474333590287265 0.0281520576746333 -6.83680922036933E-05
0.0209693771385674 -0.0134189870290982 0.0608563624585844 -0.0366584997326686
0.0116504723425029 -0.00786937569941894 0.0427293511454893 -0.0971746586651205
0.0131706494507414 -0.00881322516338757 -0.0210448976271445 -0.114433875297007
0.0145897181545358 -0.0201080564301315 -0.0642190725493386 -0.087159241596867
0.0115343790353178 -0.0186900090739588 -0.078736504402856 -0.0547248840670967
0.0190304796681606 -0.0171119966930719 -0.0899558056415327 -0.0351075830959957
0.0250495646477243 -0.00589010315810178 -0.0915546139751681 -0.0327675023357586
0.0240612902626324 0.00186530787097766 -0.0784750177511977 -0.028697824929762
0.0259291305319291 0.00841608210598376 -0.0696537555913644 -0.0153938571522617
0.0299553910106051 0.0215770617047589 -0.0781229426297387 -0.00189290283072579
0.0105884920683112 0.0355913491334505 -0.103137270974903 0.0455817208170885
-0.0117588604783565 0.037469505488099 -0.138750834070432 0.0828063991703744
-0.0722786258144747 0.044509665638407 -0.101177009247825 -0.0303082900894091
-0.0379056800220939 0.0368987637571532 -0.0302028921256563 0.0146120357180249
-0.0126610240051796 0.0379310722173066 0.0520605592035553 -0.00464452541501363
-0.00883404577079977 0.0307233077458363 0.0795872024617112 -0.0436513803497132
0.0076355783080187 0.0358981376734038 0.0516645077332766 -0.105244679357161
0.0266668950295031 0.0304333112470602 -0.0113341884808113 -0.119378960832548
0.0437150382915333 0.0114565870541631 -0.0550376565235102 -0.0911841101874812
0.0442223174436688 0.00138011843706858 -0.0673190433954651 -0.0558085908986449
0.0551823968338401 0.0027600877275438 -0.0786194130699833 -0.0325982439227748
0.0523117606302829 0.0249562262569499 -0.0816926502555102 -0.0275614180997908
0.04308687222155 0.0399077741557738 -0.0727888257740378 -0.0238329334802762
0.0236105427919469 0.0595446712914941 -0.0632454595454033 -0.0138478035996645
0.00469936360781033 0.0697879809451072 -0.0659076209356825 -0.00214868540208422
-0.0371784886703025 0.0653188651226796 -0.0826835096281122 0.0494867699969485
-0.0744700561873357 0.0565897879282539 -0.116522545607193 0.0859815663541819
-0.127446910667468 0.0496133307284423 -0.0562711395926684 -0.0351052679962149
-0.0973711584593642 0.0472814535757239 0.00264634004925683 0.0196675425237547
-0.0656599811935252 0.0713805905948819 0.0822194240281596 -0.0019866728710297
-0.0402493501188997 0.0791900505048962 0.10054821085046 -0.0465542947870507
0.00445653886420966 0.0813051740771267 0.0593473192902978 -0.104487027035158
0.0382869692126948 0.0679322863941064 0.00141826495631047 -0.110656574212494
0.0680204694249796 0.0419462378040164 -0.0380490031074787 -0.0837581904844194
0.0701420408465729 0.0208356994770685 -0.0459251677159716 -0.0486932182176765
0.083381177557296 0.0208028291929498 -0.056481822397268 -0.0242150314028854
0.0745746961640037 0.0494636804091374 -0.0614982322469473 -0.0167983434580829
0.0600260419791742 0.0692730811537565 -0.0622416586856044 -0.0112345064561731
0.0266274801847347 0.101920076140208 -0.0576304388752687 -0.0089344304139172
-0.0137693963258514 0.111717567021358 -0.0556928456618105 -0.00457243640265389
-0.0756055256357255 0.0906458427383094 -0.059108441169533 0.0412929822427131
-0.124938557779987 0.0699134479058085 -0.0784012577563619 0.0786196946958181
-0.163269384055355 0.0505706222375655 0.000683418214616604 -0.0381168909303491
-0.143379815208722 0.0550076363913436 0.0440644618405479 0.0235168256136052
-0.108994327868315 0.102693402434625 0.110729616858906 0.00179673976403009
-0.0623186486908392 0.124877086214434 0.117027669808347 -0.0444027028330674
0.00631410745671474 0.119464877538654 0.0657786252105733 -0.0912473180171605
0.0487713266337153 0.0958943407620701 0.0172104106380126 -0.0887741316640555
0.084131454786475 0.0647713580689453 -0.0135421665724178 -0.0653898691214439
0.0859836738378407 0.0368385040638671 -0.0175967029176658 -0.0349680688084815
0.0982580178688528 0.0349003983472421 -0.0271268419478434 -0.0117601834479989
0.0853111789013133 0.0684313341015878 -0.0341504327952419 -0.00215994998209281
0.0671553070076685 0.090143135593894 -0.0467950840215002 0.00512383239237612
0.0245110275681851 0.130095868701185 -0.0505517779281261 -0.00167870573516535
-0.0300486468786018 0.138037283825022 -0.0461205693156685 -0.00877359133851533
-0.104306890245481 0.101323450573179 -0.0357061193851302 0.023824020557892
-0.156614312532465 0.0702731641700357 -0.032246413653099 0.0622249515868751
-0.170648775982621 0.0475041787522937 0.060964968740129 -0.0438027888692853
-0.161937948126509 0.0571212122096244 0.0882694203851547 0.0180942732687516
-0.130060754303783 0.117520786526098 0.130264314306938 0.00217912608709204
-0.0712013182404228 0.1484400380774 0.123624637847211 -0.036170828977573
0.009592586577945 0.136518922644481 0.0701148634777273 -0.0656279751077525
0.0532233956762061 0.106803982934788 0.0370979260441475 -0.0571144467935535
0.088248577189286 0.076264027157299 0.0157191757744667 -0.0399280872227678
0.0886707514901887 0.0468521924169032 0.0134430774711612 -0.0163594296565021
0.0971851105554678 0.047062072896197 0.00355281066674267 0.0046988732666667
0.0796560065315853 0.0808841102365993 -0.00588765112565355 0.0160890196243416
0.0574092025341007 0.101202652815171 -0.0298752903052993 0.023600804209997
0.00789945928961008 0.138320521421367 -0.0430078093673885 0.00681279618886293
-0.0517119834150216 0.140637957213395 -0.0368316824158623 -0.013224932275154
-0.122997173723854 0.0915603993550037 -0.0129364509594523 0.0039965885997082
-0.166611382530275 0.0548525726633801 0.0165565871163683 0.0443323797642134
-0.149499034589526 0.0369234812829798 0.112969486937265 -0.0515509666790776
-0.149020646707473 0.0470831769619848 0.123024887026817 0.00253303187039053
-0.124165823036401 0.107866051517657 0.134626108901113 -0.00173538934129112
-0.0660522924310962 0.139592484458668 0.118128014156837 -0.0242710446031843
0.0105432831769173 0.126536797866558 0.0726609301328344 -0.0339750035566697
0.0482351369347982 0.0979299225695997 0.0580281607719483 -0.0217167824415178
0.078610468881053 0.0738944467128291 0.0450649840909328 -0.0128704271308302
0.0782283734102816 0.0496572684939151 0.0413996041641931 0.0045589267920032
0.0818332456560494 0.0531029650984912 0.0303504797595523 0.0253572838167972
0.0601505966581268 0.0838283837280824 0.0156867444133854 0.038434242822203
0.0339325714831657 0.100036861366651 -0.018675840713106 0.0448956279325515
-0.0184720889353386 0.126293692797196 -0.0382493236194422 0.0171020093459587
-0.0725165828505474 0.117851249260989 -0.0277544097820669 -0.0133082697080397
-0.127400780145201 0.0609586856185728 0.00780267493106981 -0.0099768750246207
-0.152415559009406 0.0267425736417183 0.0611730847888023 0.0307576117467577
-0.101514411414242 0.0196909742346095 0.145346476398191 -0.0621150410318075
-0.110643550068048 0.026816684660347 0.140002943077993 -0.0189737081226816
-0.0964143931228934 0.0764415435379203 0.123514015141197 -0.00657200614763775
-0.0512865175761991 0.102417495686826 0.102486128817224 -0.0110865156224498
0.0055324400095058 0.0925677720447295 0.073515028193141 -0.00242526405848312
0.0328201456430166 0.0731889851950051 0.0755433834934326 0.00849776305868094
0.0552083565065499 0.0603592482646689 0.0698888155929544 0.0102245852720459
0.0555314357943797 0.044661573953606 0.0620791274311472 0.0241949670857069
0.0556013029140981 0.0502391837000968 0.0479611577254461 0.0478445647155785
0.0341498808117896 0.0738780364676867 0.0257809190777063 0.063372136519293
0.0088313673533374 0.0838074208253746 -0.0174435122491343 0.0663573865509129
-0.0402649827905609 0.0950887887564378 -0.0398141201844066 0.0283113825139204
-0.0806952125786511 0.0760158359473254 -0.0222649209273026 -0.00767470008668445
-0.111811877634028 0.0215807979532681 0.0238772707186302 -0.0136460653536741
-0.115150123303114 -0.00441031695089519 0.0960578436132293 0.0251286226659247
-0.0391431027731258 -0.00470432138530974 0.154826419401076 -0.0710424569115176
-0.0576812114795962 -0.00224389782065577 0.137300976279827 -0.0398578685048734
-0.0580449020748298 0.0316325874068712 0.101987516551218 -0.00858346801311963
-0.0345597106475576 0.0487084383222825 0.0845680272249189 0.00254424950897573
-0.00471698542878011 0.0475747913264575 0.0739441809151375 0.0199330103470154
0.00890171827293919 0.0397359952451548 0.0875290166776279 0.0280109644839133
0.0207277013091989 0.0395380078190848 0.0860083696921101 0.0264666875932281
0.0247539821556568 0.0323766788512464 0.0734017958189027 0.0404535152362666
0.0241584686674949 0.0366961982688293 0.0558796711185245 0.0675822000522403
0.0109472434891505 0.0501308996274348 0.0251652811136655 0.0847117087701283
-0.00683711230920902 0.055142325466231 -0.0250576363573157 0.0836377252648969
-0.04366821894227 0.055407654252839 -0.0468238659022604 0.0382184029968405
-0.0689355974694599 0.0324426466538146 -0.023450344119795 0.000756687047334826
-0.0760530585302012 -0.0124387539247084 0.0304016196393314 -0.00924977086108194
-0.0602580010687525 -0.0291191219604094 0.116977914323974 0.0272516010592129
-0.00732581862713122 0.0328314293038256 -0.128037613447376 -0.0225640870914707
0.0221049869623177 0.024344955233188 -0.0514931484802961 0.015915184801193
0.0370517595217958 0.00583199635073591 0.0293431933119969 0.0012353338348056
0.0215641284414243 -0.0130580732135633 0.0635581769789356 -0.0360215277752875
0.011653697071864 -0.00755969735672617 0.0442868179467596 -0.0975277975851359
0.0137836152964006 -0.00834120801689931 -0.0205924015445744 -0.113889110280596
0.0137124781380095 -0.0199516729357883 -0.063720012910973 -0.0869549714069098
0.0116704581314918 -0.0185421396749889 -0.0792754463391597 -0.0560078970648019
0.0192156813523555 -0.0170885865442522 -0.0903825847956085 -0.0352336934253476
0.0250519816225592 -0.00593286319838889 -0.092697478499696 -0.032600802898607
0.0246952862280409 0.00164584606417304 -0.0791832780291354 -0.0301626083695236
0.0260334295046007 0.00849911448641603 -0.0699841374875127 -0.0171893788208256
0.0305627816287923 0.0220951353707128 -0.0796645842793768 -0.00357848057090547
0.0106950660499656 0.0357488693018064 -0.10399995356695 0.0447084629921706
-0.0119880304348309 0.0372280307628349 -0.140158699688393 0.0831386169720007
-0.0724766156363895 0.0448097787219107 -0.100511335248194 -0.0309206360071367
-0.0381334681079788 0.038052334668626 -0.0302385506839129 0.0151757444925934
-0.0120397081612951 0.038654984010395 0.0539387372755393 -0.00315669661269458
-0.00854610280058427 0.0316729037249549 0.0824737210818666 -0.0435769093671483
0.00765391881952672 0.0366556255342097 0.0533458423785413 -0.104861882945844
0.0276471256888135 0.0307651976070415 -0.0110027743584989 -0.118592748004271
0.0433607927420633 0.0109385367280716 -0.0549177221730588 -0.0910941741310631
0.044255491624522 0.00112406779513693 -0.0670244874267635 -0.0572933890046304
0.0551602874275271 0.00279172362324616 -0.0788367874332311 -0.0325725368324907
0.0533052128579437 0.0251863442108067 -0.0822835632231164 -0.0273178373917168
0.0432868017334272 0.0401308911396613 -0.074075601394098 -0.0245603825565213
0.0247618963281266 0.0600414288355682 -0.0638950499890779 -0.0157858370483953
0.00492005769046674 0.0704144583760764 -0.0669628136313904 -0.00360682360440911
-0.0372660169199943 0.0660539004076639 -0.0829869958574541 0.0488700637619372
-0.0753747899942464 0.0567501261945405 -0.117410765975898 0.0864786346207803
-0.127528973201041 0.0502726311675436 -0.0553108154145889 -0.0364756732573217
-0.0980369578984189 0.0478733231293743 0.00286647853566084 0.0210449047455763
-0.0658611732283039 0.0722067331657061 0.0845879694200316 -2.42592261758666E-05
-0.0403628688773622 0.0810333084416238 0.104127876983748 -0.0464705791257515
0.00474650949900358 0.0830854818918843 0.0613717996355956 -0.104114215219584
0.0397595564433532 0.0689477991614499 0.00178273927276474 -0.110579956593194
0.0678936215201186 0.0413194141759302 -0.0372442117401445 -0.0827627065888076
0.0704483013278611 0.0207019223356907 -0.0453593965356366 -0.0497264790359467
0.0831873594607231 0.0205408844002551 -0.0564583824303304 -0.0242800396900978
0.0756756477779042 0.050351638750203 -0.0622014168890582 -0.0162773848060702
0.0605148179238297 0.0697970117996934 -0.0637929568164499 -0.0120043996424419
0.0270161902715336 0.102580620382135 -0.0586038294753602 -0.0103468168963704
-0.01357630547127 0.112289277910026 -0.0570493168523816 -0.00602329811750056
-0.0760647802341271 0.0915332301029678 -0.0592070228266475 0.0403100446202628
-0.125482790211848 0.070409049589418 -0.0789019030950124 0.0793085415142318
-0.162832687791515 0.0515966757724903 0.00185592596343296 -0.0395159383278632
-0.144563018637001 0.0559392800746077 0.0445743706292901 0.0252420279916154
-0.110578180468057 0.103056227974612 0.113582889368803 0.00456269897666659
-0.0624857715611888 0.127208560845723 0.120897783119751 -0.0439439727263209
0.00673038947936948 0.121088050713007 0.0672894321883782 -0.0912080484389652
0.0496639388572489 0.0967058917666534 0.0185175515213987 -0.089489496238013
0.0842499322021876 0.0643005998635108 -0.0126681357080352 -0.0642038640614443
0.0862549950002801 0.0364530458910296 -0.0166691872186587 -0.0358187614186959
0.0982214147478518 0.0349193659625837 -0.0271797620739472 -0.0118250385055429
0.0863269972503899 0.068625989641477 -0.0352873090079348 -0.00228695553282255
0.0673298395237152 0.0908796863965519 -0.0481568298836851 0.00506453622573766
0.0246774572849398 0.130951867765198 -0.0516635614461288 -0.00267210461590847
-0.0305635385038163 0.138869341284886 -0.0469482265683502 -0.0105047040068071
-0.104752373099633 0.103018473221692 -0.0357678863158881 0.0224590164724244
-0.157055659282586 0.0708507600393089 -0.032391429000508 0.0633355319771677
-0.170570783572705 0.0475108785792424 0.0625660470811479 -0.0448172064148606
-0.163156924026215 0.0571803665278395 0.0887186853857216 0.0193070122468519
-0.131404065170397 0.118497189540359 0.133037463804123 0.00493718330157218
-0.0718154134592896 0.150533998333771 0.127238123566915 -0.0354485440535398
0.00977515073980151 0.137999729582192 0.0725450759504929 -0.0648644920744811
0.053948722230797 0.107775367419279 0.0384191544712065 -0.0576866138531887
0.0883141724027163 0.0756812102807755 0.0167165888336887 -0.0386997828424714
0.0894535794264287 0.0464533327748499 0.0140779476179147 -0.0171880464861481
0.0971543703743145 0.0467130371652587 0.00372057583877342 0.00476193060049964
0.0808424631694257 0.0810904085172896 -0.00714530239751054 0.0160496179260607
0.057673847306582 0.101854081740147 -0.0312037577472264 0.0241346994580687
0.00853418150357498 0.14003127764442 -0.0442534997189026 0.00623959721820093
-0.0516452621487846 0.141823038738181 -0.0372788222974301 -0.0144248960442848
-0.123435494253957 0.0922203910909842 -0.0125679016774623 0.00272993061048453
-0.166652080365853 0.0550370084252089 0.0166762813650166 0.0449663648330193
-0.148678138754858 0.0373485145009959 0.114163173031813 -0.0527784185854672
-0.150076109137746 0.0476079013043794 0.124371252641412 0.00384985852383447
-0.125395528323508 0.108353417672681 0.137150527594916 0.000703551950677707
-0.0667676241763166 0.14135191490799 0.121361631756267 -0.0235168950998708
0.00976770571804771 0.127688665751438 0.074777982385512 -0.032633586516637
0.0484824756970807 0.0987376184218203 0.0596121896082382 -0.0217872070042156
0.0789494766333272 0.0733793517888816 0.0465595134908999 -0.011745292764028
0.0785234552865722 0.0494066121943591 0.0423422124225572 0.0044823763719634
0.0815192355315241 0.052479542584132 0.0300123633602303 0.0255979745168137
0.0607906993262387 0.0838953440693975 0.0147574703012334 0.0384178362118285
0.0338690348133227 0.10081447699072 -0.0198614203655917 0.0456946540876345
-0.0184787568624354 0.127451901359163 -0.0401626644460061 0.0167246860048392
-0.0725219711453408 0.118076136119188 -0.028399895900544 -0.0149282689265217
-0.127825068313131 0.0615010708476266 0.00794088297085784 -0.0110552342937374
-0.15291065877143 0.0271990665315733 0.0617034743123554 0.0313683095504666
-0.101132361926491 0.019380008959826 0.147678166461146 -0.0623551019736482
-0.110942107820812 0.0267070656158717 0.141541080819609 -0.0180883714643432
-0.0977176537353011 0.0763739765994957 0.125679114953448 -0.00438243953657808
-0.0522556351852175 0.103373357052428 0.104787506210026 -0.0101403793699295
0.00551149691757461 0.0934752300887648 0.075949789982449 -0.00179968701878095
0.0329127339476507 0.0737581077789931 0.0773707065171209 0.00818505036335326
0.0554851363668704 0.0598313281519113 0.0708841824735147 0.0115987616663639
0.0556953055732377 0.0444282307436325 0.0631112727353106 0.024958050161191
0.0553763811052783 0.0499024213419668 0.0479051756231756 0.0480314766135277
0.034889039222799 0.0742136419822032 0.0249670500268501 0.0629255257948523
0.00883667117059459 0.0844086981690922 -0.0191338013144032 0.0670595605961587
-0.0403307074581226 0.0956874635712966 -0.0414114220634408 0.0281004015100659
-0.0816875824177369 0.0763630636849817 -0.0229326733458344 -0.00945450290001382
-0.112043432149869 0.0210828898228174 0.023878025728389 -0.0143733497505669
-0.114802115291434 -0.00495157248563366 0.096220487243969 0.0262304667666347
-0.0381181113817376 -0.00498721761348629 0.156298724556203 -0.0709264620003928
-0.0576571454817157 -0.00294713909938864 0.138048172554454 -0.0389716228288348
-0.0587740849613139 0.0312415511930606 0.103136258115395 -0.00597401714478131
-0.0355973224487738 0.0496593046009433 0.0863472237417564 0.00356477337551656
-0.00480655887951357 0.047701063175448 0.0758593370377088 0.0206048586164527
0.00813716659588686 0.0398293466132455 0.0886500908458338 0.0279177625601994
0.0210175216584901 0.0391564939135577 0.0861182480944197 0.0267113688449311
0.0248162697068762 0.0325409404065782 0.0739715836917387 0.0405040549030334
0.0242308281627101 0.0363240728047962 0.0554575461263572 0.0681512946000395
0.0110578739098345 0.0499945696176455 0.0238642727128984 0.0846639555425595
-0.00696951081026175 0.0550300947338368 -0.0266179897609534 0.0841425638035126
-0.0436027714572003 0.0559828261353765 -0.0483412761535922 0.0378543607882799
-0.0698444040590312 0.0322160837141375 -0.0235739027789911 -0.000384009089328979
-0.0756630168702424 -0.0128014669381165 0.0305494745427087 -0.00982355887120078
-0.0600863958310626 -0.029653069631143 0.117058874715792 0.0287131150315415
-0.007932980232544 0.034013868745911 -0.131304193796566 -0.0227690915994485
0.022762995302244 0.0252460810530169 -0.0530955860942617 0.0178473051065869
0.0387682322828415 0.00639074830440882 0.0317206205399318 0.00217788676438296
0.0226551217797026 -0.0133771511889023 0.0666975573250699 -0.0373657730339198
0.0129844270523491 -0.00758551948418463 0.046153358392311 -0.100633118326114
0.0148300707829153 -0.00870076362421743 -0.021477502023182 -0.116884060091514
0.0136227678387405 -0.0204316837896053 -0.065732577734602 -0.0888287063083276
0.0117656340784305 -0.0191980533842677 -0.0820175955157393 -0.057762381273594
0.0198057386291299 -0.0172728579887818 -0.0934921712152995 -0.0356780592601807
0.0257601197875959 -0.00602437636797052 -0.0963256490931138 -0.0329493252067761
0.025842701396681 0.0012123287298379 -0.0829232427480792 -0.0313027704057091
0.0273422836478479 0.00902303673619803 -0.072940703503111 -0.0189016804107875
0.0323857650785478 0.0229416928232102 -0.0837897924402302 -0.00473975053768675
0.0109778187452246 0.0368152223395011 -0.106791439609412 0.0459323785872091
-0.0127688175138615 0.0383819355296227 -0.144952208059289 0.0870922881388469
-0.0740276489005222 0.0469790970620697 -0.102487799183112 -0.0323424985216883
-0.039155603266594 0.0403143008626302 -0.030440007973829 0.0172302090986607
-0.011783412628461 0.0407990265385392 0.0570158479589646 -0.0023601864328667
-0.00802182151921493 0.0339689092869019 0.0870489071602764 -0.0453040476143034
0.00908312766588189 0.0382548395768868 0.0552456599102336 -0.108686188941546
0.029666244886764 0.0316934788894878 -0.0118144752294859 -0.122076387326082
0.0447033287813831 0.0106769756945696 -0.0558227680979913 -0.092353737947951
0.0455737848710111 0.000819712095698031 -0.0701753310155276 -0.0590876585818253
0.0565626749188243 0.00263995756074748 -0.0814503501827736 -0.0328656943402583
0.0555397283041724 0.0254661081586411 -0.085853891893738 -0.0274934794621569
0.0448372473862603 0.0408913740902477 -0.0776290890805467 -0.0249569199516992
0.0254905523308415 0.0619045126329371 -0.0665654321115978 -0.0174824309084521
0.00609233737168675 0.0724342575119674 -0.0700499117081779 -0.00477570863156793
-0.0383260136375274 0.0686560730993378 -0.0853519452094313 0.0495858066450798
-0.0770709649845999 0.0592685780464838 -0.120773894814989 0.0906145666897212
-0.13077391517017 0.0528701333531039 -0.0561977903328733 -0.0382105169898697
-0.100388249876422 0.0507372880904761 0.00283807363822401 0.0226841878887823
-0.0673392082717772 0.0756372604297248 0.0891080957286799 0.000954166142903902
-0.0404937231029565 0.0854034440113033 0.109845114326131 -0.0483699127552324
0.00620029598549859 0.0860015420475086 0.064380287740056 -0.10732659935739
0.0421350824646608 0.0712465806725486 0.00239547449852637 -0.113477193156603
0.0702370804155451 0.0413492704749277 -0.0377751676435115 -0.0838433007188519
0.0729570767032314 0.0202826080384873 -0.0471832847327183 -0.0522713205071871
0.0855902562418487 0.020303390015849 -0.058245609934334 -0.0248669035707172
0.0792213246587996 0.0508524490132796 -0.0649402292782388 -0.0159427249352278
0.062701551904479 0.0714586920321109 -0.0667800469407281 -0.0116613520658596
0.0289586183499283 0.106396212141617 -0.0613662261747156 -0.0111253018708491
-0.0128720828240615 0.115912265399633 -0.0594730404109127 -0.00778827862749101
-0.07785222585923 0.0953440794649112 -0.0608148928072133 0.0407788698712237
-0.129049252590187 0.0737760257620501 -0.0808832248924715 0.0830822259408948
-0.166735677183403 0.0541702518697325 0.00269103094709764 -0.0419121754082119
-0.148890098684916 0.0590064076337352 0.0465142100954663 0.0269291131183551
-0.113411375846739 0.108122150945601 0.119531319948435 0.00592960460474298
-0.063758865666734 0.133593541487695 0.127467271728492 -0.0454421120658161
0.00824428638156068 0.125307750496601 0.0709121303217193 -0.0940230976476048
0.0530914711888897 0.100121649993678 0.0194468702315979 -0.0919491199269303
0.0872638446420825 0.0647667904450877 -0.0122026914591126 -0.0645197980967876
0.089700801661694 0.0360053245791507 -0.0178001282427584 -0.0382545084595368
0.100826651444211 0.0352039828650252 -0.0275549215235269 -0.0122817238109757
0.0903525937705936 0.0698712259919084 -0.0375770371425983 -0.00159803662206938
0.0696462769617126 0.0935482928550037 -0.0506980944365026 0.00584648905140204
0.0272687180064931 0.135040702874454 -0.0545904182000785 -0.003312763324656
-0.0299402985698345 0.143696171952608 -0.0493895256340966 -0.0120833752218638
-0.107752910218233 0.107158147377451 -0.0362732675211607 0.022456392703643
-0.16177394109864 0.0742509990963954 -0.0326026639635739 0.0659422754723152
-0.174217473299494 0.0503782958145846 0.0645823146417706 -0.0476090460084343
-0.167882429907603 0.0607040946294866 0.0912621857045252 0.0203947877190901
-0.135482982179581 0.123473829278454 0.139815572152929 0.00663276264397665
-0.0724243351334601 0.157438592273244 0.133751457684699 -0.0370662785235531
0.0116405333299909 0.142846043181618 0.0764273021835774 -0.0669662455232666
0.0569751669032604 0.111750206217666 0.0407275688876424 -0.0596189492744783
0.0918241573508338 0.0761863566650119 0.0182584505302499 -0.0385018100708749
0.0923132196238475 0.0469538415412017 0.0148696433749072 -0.0185115711524484
0.099833781232913 0.0469195609986068 0.00373003426002868 0.00495550854339246
0.0843952750792686 0.0820414110378194 -0.00818086376390721 0.017064234923852
0.0602320813467327 0.104850551521222 -0.0334830687368729 0.0253714670166647
0.0101576913415229 0.144433467144511 -0.0472452520391875 0.00635919249476998
-0.0521871971464163 0.146404252833692 -0.0394470559479766 -0.016348974659799
-0.126367830683599 0.0967581158514321 -0.0126495760139623 0.00134228902675172
-0.171750594492961 0.0585342108889243 0.0179415747118927 0.0473362846507203
-0.151467820868506 0.0396252575147808 0.118052986210349 -0.0564767047710253
-0.154888622935692 0.0496579765344206 0.128267841735609 0.00403614816084465
-0.129659681751215 0.112955339070418 0.143654785916548 0.00195866721512512
-0.0683432382876369 0.147967595032084 0.127120067365254 -0.0241071881044184
0.0116078368690211 0.131974347096453 0.0790621926731636 -0.0334752613790651
0.0509969632498822 0.101869625226433 0.0623528745516152 -0.0234871251705036
0.082152433549348 0.0737976834505255 0.0486718072274 -0.0108743335234264
0.0814331402727258 0.0499950927462729 0.0436685312482735 0.00321390742036346
0.0837051630688714 0.0535993984185711 0.0308882720005543 0.026337171430534
0.0641768217026858 0.0858640168572611 0.0142001919026347 0.0394104611291101
0.036191478731654 0.103682627226188 -0.0215501661479504 0.0476002729168413
-0.0176693508746704 0.132175166633508 -0.0423330345625982 0.0173240257848158
-0.0747156211990574 0.122362499699738 -0.0300930020250025 -0.0166904093557981
-0.131169942506131 0.0645648543897546 0.00882051176970232 -0.0126518549334773
-0.157062600810718 0.0289980666579161 0.0638127595897039 0.0326800305354097
-0.102804932546787 0.0208165880968656 0.152787048497475 -0.0657280996046003
-0.114857412026331 0.0276022574960344 0.145419956722258 -0.0189451308150269
-0.101154155620317 0.0793851432106432 0.130688420405715 -0.00290061643592331
-0.0536584222846504 0.108117744459558 0.110126913846462 -0.0102199000678157
0.00562421572161156 0.0967855255557312 0.0795078867239295 -0.00168355913781149
0.0343636112828509 0.0763226898140427 0.0811563226983449 0.00748788762176177
0.0575502674331101 0.0605216968468331 0.0738321061464607 0.0121557286037446
0.0580478049391142 0.045283172678785 0.0655687893899742 0.0244535423261615
0.056723991046972 0.0506197150832035 0.0489479646910493 0.0492161272168273
0.0373905359264765 0.0760943820211511 0.0248198610789125 0.0643426851640186
0.00995785125592431 0.087164026214396 -0.0205036385801479 0.0693595512765791
-0.0405913816902668 0.0997788171700524 -0.0435520763403722 0.0292773010809048
-0.0843414333579967 0.0794480356133773 -0.0239474092553033 -0.0109402849554533
-0.11519414850722 0.0224451892489789 0.0246308955415585 -0.0162929973125838
-0.118197237854812 -0.00406736597036357 0.0994675310010458 0.0266061985169453
-0.0385844216539338 -0.00496874949222272 0.161342632991226 -0.0747480107684869
-0.0598031662215092 -0.00287251430395108 0.142243129311026 -0.0408841353961129
-0.061408079521198 0.0325634944067559 0.107449243391607 -0.00494285187155172
-0.0369962916537326 0.0519800358993525 0.0906380487682584 0.00377160759215856
-0.00508277343477468 0.048662746586137 0.0796218764503786 0.0217700469032051
0.00816758650041976 0.0413333022822769 0.0930119255819078 0.0279893267509574
0.022623254453408 0.0397421484090801 0.0892492776175033 0.0274683753823955
0.0258048422388521 0.0332499995489357 0.0768120511331895 0.0415730894922237
0.0250668510478755 0.037237109897316 0.0570318092401129 0.0700332071799901
0.0125010028584027 0.0513121743197305 0.0239146114202463 0.0862332020451454
-0.00646680916733748 0.0573494503419293 -0.0283197925234911 0.0871055789273092
-0.0450168509948854 0.0585510427330243 -0.0513260873953659 0.0393740222060902
-0.0718940941659148 0.0335844931619363 -0.0248732501703542 -0.00153936180904416
-0.0779129721029655 -0.0133400313290307 0.0314065920341423 -0.0116165277350404
-0.0614060388950024 -0.0305565340558094 0.120581868416336 0.028640828672988
-0.00516879847476376 0.037008436264399 -0.139063873627031 -0.0159678551769183
0.0263380009260462 0.0246369723483338 -0.0546772955749841 0.0247126286413533
0.0414037746174641 0.00169894965185414 0.0335657658532332 0.00360083715099989
0.0222851162317697 -0.0171987963375108 0.0686816964377346 -0.0419381864389734
0.0124929853353306 -0.0113236131670685 0.04043207966489 -0.106827057272435
0.0132683696730993 -0.0111057179124209 -0.0309539050834051 -0.117353320146466
0.0104390351417308 -0.0229818678337577 -0.0752155368422892 -0.0839855704460675
0.00986164424138709 -0.0204092277811017 -0.0907280177786524 -0.0531026302337599
0.0183802674445911 -0.0200074714569103 -0.102064085628155 -0.0294115106924414
0.0264983914410049 -0.0101737231927603 -0.106923581364788 -0.0259041440239041
0.0270176304112308 -0.00262606648078435 -0.0929002395979581 -0.026158666318405
0.0309025961669388 0.00513559626448696 -0.0817183614482813 -0.0156606698506009
0.0370258778804152 0.0190865807904563 -0.092238373573489 -4.58752686957571E-05
0.015098369990179 0.0360046258961682 -0.108995165336499 0.0548265204440551
-0.0116883837804705 0.0397540479704644 -0.144758048398199 0.101432818566031
-0.070309238387939 0.0581718321039893 -0.11070973544979 -0.0327563364713009
-0.034682974783415 0.0469652657690166 -0.0323437638739053 0.0183979633190991
-0.00629512684608186 0.0430876564567223 0.0571536875104256 -0.00738017381179849
-0.00216047936026715 0.0349455198707095 0.0856376924581794 -0.0555517176964673
0.0137046974623395 0.0365470816110762 0.0470771387544534 -0.116404039132165
0.032899094882414 0.029020200847034 -0.0231807067333094 -0.122808609731056
0.046776252992123 0.00509318027286856 -0.068004685960709 -0.0879458628759063
0.045973895273132 -0.00329358812946561 -0.0779998179046266 -0.0545030393081834
0.059040462816826 -0.00401798509133974 -0.0892277709066465 -0.027169290222189
0.0607966611745064 0.0196215967680673 -0.0959740238951154 -0.0208718017928313
0.0510829408845679 0.0361159238006768 -0.0876572606727172 -0.0204802719338281
0.0351374448409644 0.0606613977388691 -0.0759084252014232 -0.0156367091067922
0.0146956724094433 0.0734955760418901 -0.0769956365811441 -0.00349838269646838
-0.0344325024880378 0.0744487591262351 -0.0819368889159346 0.0575391784719918
-0.0784905267551521 0.0680806043444517 -0.114183561214355 0.10492216956217
-0.125872924447626 0.0716232502108386 -0.0631248957793701 -0.0464843336004514
-0.0959838459301836 0.0647094281681281 0.00282345932791644 0.0184569940463658
-0.0584114017874876 0.0858647057595556 0.0884874848930473 -0.0116966756909405
-0.0281927204148193 0.0921912306018998 0.105177408135198 -0.0640275865664269
0.0159581509388058 0.0846678259302636 0.0526699748800072 -0.115892518196643
0.0501749350978545 0.0678082923496598 -0.00988722040461132 -0.115374356399525
0.0775531075542384 0.032909712107913 -0.0515664013213561 -0.0809651678817355
0.0757131334282835 0.0139867601616403 -0.0534279464543279 -0.0492409335662451
0.0903689728210168 0.0103287239081731 -0.0636961070933775 -0.0212635353574073
0.0882882093801763 0.0426545766952701 -0.0736161209903002 -0.0110862738806372
0.0728537603233561 0.0659465841601505 -0.0757695337369861 -0.00725253624444462
0.0435421966697371 0.105515997812977 -0.0711348613193554 -0.01081457684866
-0.00034398040841759 0.120630651814365 -0.0655662859367324 -0.00979696388757596
-0.073198160044954 0.106926687822356 -0.0539152495598507 0.0451124539234929
-0.132265635447117 0.088533302182106 -0.0696580623946493 0.0947124144825347
-0.161074278191321 0.0759116052147937 -0.00248464527494522 -0.0571618636738525
-0.143527456896239 0.0779723574628269 0.0476720336747756 0.0163102643403742
-0.10144018499682 0.124429332416357 0.118123387272831 -0.0130801843699759
-0.0449764726670908 0.144578908206751 0.120409675343154 -0.0654160766589902
0.0228853608662196 0.125177662978565 0.0583227466670913 -0.102345758359664
0.0649392939399114 0.0963827079442375 0.0081317908775853 -0.0946968884066002
0.098077340792328 0.0545727545399279 -0.0247351763091928 -0.0631693512699467
0.0942161784915288 0.0287006472210396 -0.0213748950267575 -0.0372823271871559
0.107429262534608 0.0234569157775633 -0.0303505322130219 -0.0103872808193275
0.102053188229766 0.0611210859836192 -0.0433021893823384 0.00175963345307265
0.0823809019251191 0.0874368985573688 -0.0573290361741727 0.0101596826347857
0.0452624223711395 0.136026787359237 -0.0635735614707545 -0.00324569771944277
-0.014985519205073 0.151593412901229 -0.0554983365894274 -0.0169202075981601
-0.102552707396456 0.123551201411139 -0.0271747004088164 0.0232249292293348
-0.166150078326145 0.0935274659151746 -0.0178335982623432 0.0747581411525939
-0.169277537005767 0.0718228380804653 0.0617938680801218 -0.0679699898253163
-0.163420449404618 0.0807434150601425 0.0939593130503387 0.0051653025049839
-0.122317163399495 0.142413706532047 0.137316376934431 -0.0165370925576304
-0.0517841728773616 0.170419757435012 0.12592739120273 -0.0582585361601184
0.0287868870342515 0.143296014055528 0.0652895547303987 -0.0751003863835421
0.0707228448768277 0.107542242818566 0.0322425764557369 -0.0628819688764677
0.104682444474161 0.0658153352245818 0.00835635849938152 -0.0395184456233875
0.0985299112178607 0.0383302635862694 0.0134767253509561 -0.0198073335481632
0.107497543398141 0.0362626219875243 0.00436172031997871 0.00425517508032398
0.0974913518801479 0.0749676443334801 -0.0112407612509618 0.0176342879026694
0.0731840069089859 0.10042030389042 -0.0371876869031447 0.0295824563502148
0.0280292936947507 0.147917491417109 -0.0540983647027903 0.00588257040510489
-0.0379444639509687 0.157241622911489 -0.0437377717484115 -0.0229692177260716
-0.12354506846403 0.114754573825059 -0.00373019687879845 0.000240325434800525
-0.177997733993351 0.0781391079039582 0.0338901769727266 0.051965641875782
-0.147609574781728 0.0569178678948169 0.117448065448329 -0.0781912540754472
-0.150630388463743 0.0669107232387831 0.130959516374803 -0.0143640665513723
-0.11805961650284 0.130595985573409 0.141651441627166 -0.0205353771955205
-0.0482485616289661 0.159252623779497 0.120916660835672 -0.0441477671479192
0.0273531447869591 0.132101793209099 0.0713628528495701 -0.0405523211594999
0.0640452275444695 0.0987953455190683 0.0581589430767089 -0.0279061391729672
0.0944892308970228 0.0650553287747586 0.0425250679592356 -0.0143209220285714
0.087769225070995 0.0427159548525586 0.0463488487254512 0.000151099751623484
0.0919704516502198 0.0443579502720554 0.0351383938830835 0.0245179839506211
0.077025711851379 0.0810008839169533 0.0153245432822603 0.0400035398821659
0.0483720807356692 0.102332537039401 -0.0224326910221399 0.0518710923486969
-0.00244842638619203 0.138336956363715 -0.0474914877544432 0.0173592816125981
-0.063636310833875 0.134631233202469 -0.0327365652273464 -0.0231901795203293
-0.131270318143454 0.0813717509460392 0.0172939169256647 -0.0156495134360347
-0.164608332467455 0.0460860772240761 0.0795828982200517 0.0341210176671077
-0.100864617970643 0.0309564093347401 0.153357295379847 -0.0870055452703715
-0.11217667346989 0.0390563184348691 0.148079420432205 -0.0379785166414759
-0.0936492353206511 0.0926198592053034 0.130584547864665 -0.0227465924867537
-0.0401273909761264 0.116579070847155 0.106859873767107 -0.0255590549848309
0.0180777153147162 0.0969482370565308 0.0770952854178875 -0.0076257403025035
0.0438943551354244 0.0739933564010046 0.0813884234074356 0.0019071589749612
0.0677273751831917 0.0536627198094381 0.0726066718418432 0.00662336344833812
0.0637687640015473 0.0403528641733476 0.0704274266526652 0.0204754795558535
0.0642929695635583 0.0451590357790793 0.0563788532586077 0.0473389843574505
0.0468762009802645 0.0731390589894619 0.029020465991108 0.0654599003802349
0.0192778268635379 0.0876297064558862 -0.0182357502743102 0.0749211597800798
-0.0308364401077489 0.107892012855179 -0.0460680222381366 0.0311730912376527
-0.078341104731821 0.0916078154510795 -0.0244586404759789 -0.0158851833034002
-0.118588927537185 0.0353869328875038 0.0318460426791899 -0.0179598252603572
-0.126211367194147 0.00765601704563362 0.113603392795546 0.0259619353802839
-0.039613951579388 -0.00360062980937317 0.163499760476177 -0.091940532441251
-0.0606434080873659 0.000841779765633113 0.14485441655724 -0.0564870724764301
-0.0584326153550637 0.0393511347511748 0.109163554504759 -0.0188467876207569
-0.0296117856780357 0.0567503132589233 0.0912273491532343 -0.00714592091399441
0.00181860581308302 0.0494070577493169 0.0822810733348908 0.0157827793999753
0.0136916692621573 0.0410539636103611 0.0979734865536701 0.0205275383907147
0.0290489397672152 0.0375507717229245 0.0923467246386506 0.0194951878005236
0.0303181614141768 0.0308358803876913 0.0839786868038274 0.0362139021075228
0.029295325976651 0.0350106617306134 0.0663130249190165 0.0691326638019645
0.0181125050093549 0.0510666458410962 0.0309499706216782 0.0889569433194612
-0.0008593160366832 0.0583565497716204 -0.0242776781702696 0.0945135192047329
-0.0394807297786462 0.064934035965529 -0.0525611947473625 0.0434422059093888
-0.0719575475274561 0.042310634479188 -0.0245312269493483 -0.00332118853961363
-0.0831588058240359 -0.00602966605167483 0.0357902798183428 -0.012554334275133
-0.0680607710776081 -0.0253806658378534 0.13126873662217 0.0262519782168013
-0.00376738634149254 0.0389713705612865 -0.14286558709795 -0.00824007663985193
0.0285012161294628 0.0247468810920526 -0.0538892091313357 0.0302845655420315
0.043515854156527 -0.000462695427705797 0.0358618584523896 0.00222735138082699
0.0231935114597008 -0.0192581522026765 0.0693939166519911 -0.0477833057783784
0.0129270274955339 -0.0119299618026999 0.0363600349112679 -0.112211181823043
0.0132554208299845 -0.0130747115356779 -0.0383319195808476 -0.117621923070193
0.00911149617580356 -0.0239106240675286 -0.0817731764260892 -0.0818284781081842
0.00829060232172467 -0.0214034500041418 -0.0971966361629523 -0.0490030687421817
0.017852793029735 -0.0215520026993714 -0.107186704021452 -0.0233003100118046
0.0268242043912997 -0.0124833187760882 -0.111864847501014 -0.0197901525800144
0.0279097609030805 -0.00452499270870053 -0.0983819068996444 -0.0221492546622937
0.0325996847914635 0.00338310880512566 -0.0863425363046348 -0.0126215025141513
0.039975048121831 0.0170399816224944 -0.0964851626448485 0.0053432802993546
0.0169846467961486 0.0369073740157644 -0.108286852346559 0.0628526847934322
-0.00961937716429898 0.0416566241898236 -0.142481077344365 0.114190980883004
-0.0686701493697799 0.0643822753843979 -0.114511023994404 -0.0277445589609896
-0.032346203183859 0.0514877403179923 -0.0309545637952134 0.0221992713801402
-0.00291775533490825 0.0453205130221542 0.0603904214193394 -0.0110283093717312
0.0011509881854697 0.0365610911492801 0.086924441481216 -0.062873060796458
0.0171920765362762 0.0367476845501915 0.0424702952357522 -0.122305113141209
0.0365539014509391 0.0270928760577345 -0.0303578687334849 -0.12419646494075
0.0474927051246992 0.00224588655617863 -0.0741726285223549 -0.085638205252882
0.0468803551048269 -0.00708734775196089 -0.0838963659328084 -0.0515061300173677
0.0600489594683647 -0.00857465610251166 -0.0941501748165998 -0.0225905066856778
0.0643170085785764 0.0159006351455792 -0.100703985809506 -0.0147087080699887
0.0547501103504517 0.033803970029398 -0.0927675818495493 -0.0160498301773476
0.0405232859612467 0.0600662123746746 -0.0809722880418235 -0.0128083023204794
0.021000758664763 0.0746137564449151 -0.080930404026607 0.000325730025296772
-0.0307319439022448 0.0800401799859371 -0.0799581083965599 0.0627968530989028
-0.0764983350124235 0.0755020022967272 -0.110993305359922 0.115819161431935
-0.124527259395998 0.0810946889956196 -0.066982424266657 -0.0444521040815607
-0.0951845223765327 0.0730458563757797 0.00485501390861704 0.0203696265643611
-0.0544855489037144 0.0928656794818921 0.0921569050746745 -0.0165533117579763
-0.0218597225267016 0.0976830885656059 0.106183866543831 -0.0729820367401969
0.0233311719731825 0.0873840057659155 0.0487534520394698 -0.12205162509478
0.0574582645758149 0.0661033561006149 -0.0169500908639022 -0.117640026288659
0.0809408367006922 0.0285253990026816 -0.0554475547813367 -0.0794755632573503
0.0784452576831223 0.00857123646285405 -0.058704894043026 -0.0480961693377997
0.0936799665035718 0.0047412673687222 -0.0672750117411123 -0.0175893169285186
0.0940856333247343 0.0382958660500011 -0.0772876110865573 -0.00612412437683328
0.0790395140763088 0.063448076081901 -0.0794647559370162 -0.00238684462799731
0.0524255358642833 0.106228243094076 -0.0750040665241753 -0.00788039514486204
0.00845809537983073 0.124444070525358 -0.0696835554204573 -0.00694984001696413
-0.0685768362714453 0.115780485642534 -0.0523574291835005 0.0489713600082426
-0.1298473522771 0.100342444250351 -0.0654795816118138 0.102588373382513
-0.160514823110571 0.0879344246260457 -0.00516070229003852 -0.0599710737718721
-0.143081963105149 0.0896242260471703 0.0503447657154919 0.0155590194150986
-0.0961059598059295 0.135081262264722 0.123451525120726 -0.0197054916303874
-0.0357362137852224 0.152653648617745 0.122072217319712 -0.0756304345731732
0.0322674025962468 0.128152489851708 0.0559282986182421 -0.10847769066749
0.0740765955075345 0.0944611849809316 0.00329831199372628 -0.0977302727647978
0.103426948717045 0.0489069801882444 -0.0269971489357147 -0.0627656162714157
0.0986134153713468 0.0221583719178139 -0.0250085443298775 -0.0376598544932052
0.111683835360154 0.0174212949528999 -0.0319713588355435 -0.00935710262195258
0.10898959385571 0.0555893887022091 -0.0450937086940593 0.00505774853545208
0.0904712106950911 0.0845321578196833 -0.059686549803405 0.0143126053775898
0.055798207076403 0.137290978782129 -0.0670138660409546 -0.000671153568907375
-0.00538897182322338 0.157363422517654 -0.0596447971875555 -0.0153107723062813
-0.0982132642422352 0.134443856071272 -0.0265887905183719 0.0245132364788245
-0.164916224727387 0.107116161922229 -0.0135798589478319 0.0782369845597782
-0.168448515860858 0.0840763816329909 0.0600747789524628 -0.0744649605646387
-0.162904650391608 0.0937758526983892 0.0974429462582775 0.000605058147600705
-0.116845014916369 0.15507079377102 0.142782286563574 -0.0242025976528962
-0.0413242842952043 0.179858750040511 0.128429140310365 -0.0679688611479731
0.0390154992955662 0.146122349415023 0.0648189652409289 -0.0806534155981391
0.0805787646820745 0.105453873635014 0.0299341673367404 -0.0667901876317626
0.111362001023668 0.0598017627845473 0.00812958594837806 -0.0400577785877894
0.103679628243924 0.0322394481599795 0.0126877467875425 -0.0219226673819928
0.113074931981609 0.0295830854057294 0.00450826948413851 0.00407503013050839
0.105728376382297 0.0697149851023382 -0.0113604197277966 0.0199928717474883
0.0824704786976885 0.0989047281483263 -0.0374393301923997 0.0328140384318829
0.0396106312302202 0.151398818839782 -0.0570485036117926 0.00848936511649907
-0.028257781301072 0.164607740505733 -0.0485790352932571 -0.0226274300741678
-0.119759527059175 0.126211585899327 -0.00390432418270283 -0.00109889497308011
-0.177847767653662 0.0924074047751989 0.0384816589481262 0.0513746457042199
-0.147228985785984 0.0673050805726548 0.116565482029026 -0.0883476808636744
-0.150622227015713 0.0784658873339963 0.133334811337839 -0.0217730552899639
-0.113268371002306 0.142459562192158 0.146814650400237 -0.0284274811267171
-0.0392411924234576 0.168537642956942 0.123319515890293 -0.0526957422438994
0.0366487402157711 0.134351952837554 0.0728395222835171 -0.0459604435133318
0.0726565346825261 0.0970978933274405 0.0596277230660884 -0.0330663985907685
0.100695717824284 0.0594427612620535 0.0454037632521186 -0.0168788768023866
0.0926586141694779 0.037095182446367 0.047282600990119 -0.00303414255846382
0.0975633087454075 0.0394849562667336 0.0375353488227988 0.0226385914096215
0.0846836017306995 0.0772490831582062 0.016831755852246 0.040601271785696
0.0562687140949863 0.10237430310629 -0.0202460876887949 0.05505376259124
0.00731894925981055 0.143097927855045 -0.0489903466272559 0.0201146565571139
-0.0567815411433397 0.143072006023171 -0.0364738330543152 -0.0233519782881931
-0.12967030992292 0.0921534250176969 0.0165879800912859 -0.0177244336886908
-0.166379300426302 0.0587014273605277 0.0844484656094983 0.0304598712818144
-0.100323576830948 0.0374739233517025 0.153021160935792 -0.0992582661152577
-0.113438048618346 0.0466799346714658 0.149840690724057 -0.0470740273536265
-0.0907766013810732 0.10128062181618 0.134671741357252 -0.0298224096101226
-0.0332654679587695 0.123663488474976 0.109582263226281 -0.0327807176648875
0.0241445320690299 0.0991816951420532 0.0804248216077491 -0.0124852917313695
0.0500957108783367 0.0733496608750465 0.0851113691401302 -0.00381388082712218
0.0728596409598959 0.0500846583399764 0.0762403180366677 0.00224032453482451
0.0682770434588635 0.0364651720628215 0.0740786057269796 0.015919532398209
0.0690527134326409 0.041646893705118 0.0606517263865475 0.045172259855049
0.0535788895167806 0.0719319626957499 0.0326401906807701 0.0654413149178698
0.0253326820021455 0.0889704056716489 -0.0151550649462915 0.0782766136897561
-0.0242332635958753 0.113683580492813 -0.0463262975608431 0.0344276853078682
-0.0752993858687689 0.0992213990845017 -0.0276448693211368 -0.0161503948637862
-0.119727863650377 0.0436401852978669 0.0310997215541705 -0.0217756737887075
-0.128932649136647 0.0161591334799336 0.118585277274222 0.0194664205997495
-0.0396899470769277 -0.00179979674868025 0.162755707727022 -0.104610367116646
-0.0631579757634709 0.00379208347137618 0.144440648200174 -0.0660510225181341
-0.058480327707696 0.0445451195946995 0.112531431269946 -0.0244210415432808
-0.0278131331847318 0.0616197835072371 0.0945284838525544 -0.0123731542122696
0.00410930837542624 0.0510109708005337 0.0873749806418805 0.0110544841937929
0.0164113023581921 0.041315642283893 0.102582413473535 0.0143691159325156
0.0315735589411003 0.0359326316582465 0.0969952043852164 0.0145087404373822
0.0330540731363385 0.0293522331299306 0.0891972272915102 0.0316289693265778
0.0325222265557213 0.0339716158879815 0.0728536369582927 0.066844800077962
0.0221451111923109 0.0508327394043918 0.035714455469276 0.089655853802552
0.00290659721224226 0.0599570660732812 -0.020283065676179 0.0990312369052091
-0.0369632117947815 0.0702733782865188 -0.0519995323772296 0.0480802802977019
-0.0712376886370096 0.0481912423050018 -0.0269729959024602 -0.00319193255137804
-0.0859867621253555 -0.00203374667644036 0.035093980403489 -0.0162925446896135
-0.0713089283985441 -0.021913392437198 0.136425227388207 0.018339537248443
-0.00202149950303359 0.0398542763492083 -0.141529623499319 0.000685068838999254
0.0308137472679777 0.0238324301293682 -0.0502551316348412 0.0353661313391924
0.0440394981246815 -0.00377041359130164 0.0373669156814784 0.000515923889580438
0.0225166529756124 -0.020845926846961 0.0675555014742328 -0.0528293239239803
0.0132816822605434 -0.0131084590322523 0.0298229335076162 -0.115014341121132
0.0128564891040814 -0.0137497456164372 -0.0451654476636312 -0.114135990196221
0.00681524485704469 -0.0241854321809405 -0.0865141326760752 -0.0764416833136303
0.00667084594787345 -0.0217349928696538 -0.100395691805015 -0.0422201488361207
0.0158926516797457 -0.0230880346322633 -0.108711663466878 -0.015272735705198
0.0256732117930309 -0.0139423017966419 -0.113581187681101 -0.0113449065415672
0.0278143674736199 -0.00684339294919675 -0.101716708451591 -0.01590835147146
0.0334855209287413 0.00116423021583563 -0.0886366888679573 -0.00783286461369353
0.0415553519064356 0.0137231117241327 -0.0971945272795461 0.0115679148520519
0.0189860142791932 0.0365543880830142 -0.103173552950965 0.0692809898937683
-0.00711107058636422 0.0420467953660413 -0.134784451072828 0.124358227322501
-0.0639504772269331 0.0699762785964595 -0.115098560423422 -0.0209875795394345
-0.0284107248399748 0.0547047024036372 -0.0280955363872839 0.0258278824493292
0.00102604911957415 0.0462497457531416 0.0607409988384224 -0.014580652543466
0.004839846876078 0.0363379410294701 0.0840924627125026 -0.0692197752454752
0.0206990782934043 0.0356261482203103 0.035810796388369 -0.125273144783004
0.0397340098416953 0.0239655317835152 -0.0382386457369 -0.121294184668304
0.0474089265257408 -0.00158675262735493 -0.0784302828030914 -0.0806449173621393
0.0457405329872294 -0.0101403480676115 -0.0874225662369842 -0.0459703731980479
0.0592085867165781 -0.0128528722315809 -0.0958334840302517 -0.0154567848237332
0.0654378198859965 0.0112937813808863 -0.101684745057935 -0.00745193561932613
0.0575115106973588 0.0298737739521475 -0.0954226025704557 -0.00984518832112095
0.0459676364677501 0.057131253995816 -0.0828509708617111 -0.0087409194723132
0.0262905048490081 0.072573325304808 -0.0823416471642909 0.0055633019470273
-0.0257552485839707 0.0824424564633409 -0.0753687282793435 0.0676211151337408
-0.0712152331809127 0.0811044915589627 -0.102400839953283 0.123754622766734
-0.118097839215865 0.0899755431334519 -0.0692266149992435 -0.0408205806649578
-0.089657114354919 0.0804740153980721 0.00737607039193178 0.0213070644639894
-0.0471598004864065 0.0978448667685599 0.0929861562399832 -0.0222436214234367
-0.012722420091271 0.099259569927813 0.102976745629989 -0.0804984556934286
0.0302082384929321 0.085591334016043 0.0423486242661698 -0.125790266794849
0.063235913359731 0.0608677410609914 -0.02424105220247 -0.115951160622495
0.0823079014875442 0.022557536307481 -0.0582326166824484 -0.0753699491900372
0.0784161862638892 0.00257017531080623 -0.0618434379795801 -0.0439751395601962
0.09336092682248 -0.00242708076636143 -0.0688637737544164 -0.0129201108103287
0.0969217694732196 0.0305521438740485 -0.0779634964383664 -0.000276618600906005
0.0832155323516067 0.0575158428348513 -0.0814901924237692 0.00257857198357892
0.0611530245757434 0.102087165905183 -0.0770783176429773 -0.00398968935020265
0.0176428084565619 0.123218081671238 -0.0717798178353869 -0.00292454113377242
-0.0602650980453772 0.121397434908178 -0.0485046813966875 0.0512496671874419
-0.122579359092105 0.110210913856563 -0.0568743444217192 0.1072377160812
-0.152698881021801 0.0990318526254254 -0.00911197498920603 -0.060206221821286
-0.136445667092924 0.0998987178602368 0.052369048882931 0.0134375649441885
-0.0861418919351445 0.142920434003112 0.124232200537576 -0.0269373951789491
-0.0234394548816217 0.156124503599743 0.118671493388777 -0.0841379430592894
0.0421388864175337 0.125623617147205 0.0503973403743486 -0.112522323787497
0.0821614594323005 0.0886221366565972 -0.0026068011244408 -0.0980902936948237
0.106314225759205 0.0408699695545068 -0.028636244268064 -0.0604503869997789
0.0988578615378748 0.0144997676846655 -0.0271226310548534 -0.0364204379064866
0.112193718838195 0.00830097262077223 -0.0327554781954283 -0.00681200444738204
0.113472292339107 0.0472580875633049 -0.045356401384523 0.00884131533080803
0.0965878328844835 0.0783795407965063 -0.059399777872102 0.0182274468891296
0.0663252670985963 0.133405766137655 -0.0687016528228515 0.00328649739368771
0.00663881761714643 0.157512109506685 -0.0624291165343449 -0.0123306536046248
-0.0881230431719209 0.141818805128488 -0.0252384883098233 0.0252763825720039
-0.156625422407205 0.1202021130399 -0.00709135267694081 0.0791767939061572
-0.160818626174633 0.0951815168239066 0.0552577167386443 -0.0791491655748958
-0.155937677083152 0.105115405026271 0.0977569003809141 -0.0037083087551166
-0.105073176679184 0.164396625246926 0.143773384737392 -0.0326394359132909
-0.0273023255495002 0.183814240998716 0.125735551954524 -0.0772411736643896
0.0493478287987228 0.143190357545421 0.0613825244249804 -0.0851681619901601
0.0891342946613947 0.09929377381523 0.0262097441101223 -0.0693194317887565
0.114518384000772 0.0506615945873762 0.00859706599634569 -0.0406329505704321
0.104926959994396 0.0236443367483979 0.0106126747754169 -0.0235118616417256
0.114160663525724 0.0208421637059568 0.00518798590498055 0.00335491210448246
0.111323176267683 0.0611730390363125 -0.0107198445809515 0.021344551218248
0.0892011360317568 0.0928170999341082 -0.0359553414144454 0.0353565285345651
0.0513860471112916 0.148100466457297 -0.0585876826055204 0.0118714146945819
-0.0158913093951107 0.166704438911913 -0.0517271434065196 -0.0203960240069402
-0.110122823495524 0.134582826258777 -0.00419330089219345 -0.00211794198224778
-0.17079714338692 0.10573690765065 0.0427308972811957 0.0483122886566079
-0.140662215290028 0.0767669048670342 0.110212073124867 -0.0964779904314211
-0.14519101214591 0.0883388940427247 0.131497191455476 -0.0295560766584292
-0.103221487251435 0.151046305630605 0.147160518136639 -0.0375104410289213
-0.0263722222705615 0.171937707574355 0.121547692397595 -0.0610960914837713
0.0456086908372952 0.131853146658539 0.071637937674138 -0.0510892639728503
0.0796864887102525 0.091639478995372 0.0581662534581672 -0.0377923227223907
0.103875216863911 0.0510111595327164 0.0467617176781857 -0.0200859702443279
0.0950059555760881 0.0292582004777999 0.0470064636804701 -0.0071872009008323
0.0995743320525501 0.0316855428649298 0.0384108997694366 0.0201596310621037
0.0902222222532825 0.070068434406743 0.0184172135221596 0.0398043367523941
0.0642826335940813 0.0981446497324708 -0.0173181598475143 0.056300536803567
0.0185762154694762 0.142749884443266 -0.0493177794897616 0.0229872734222826
-0.0463362008709685 0.146722650443748 -0.0400034955459627 -0.022170143251968
-0.122576988613707 0.101242051584095 0.0147702240893713 -0.0206795066112936
-0.160759053999626 0.0711566078366313 0.0868550318418235 0.0243305130360181
-0.0968819223041932 0.0432824827821337 0.145978323435768 -0.109853825685714
-0.110261240743396 0.0538791298243418 0.146462078041441 -0.0557487283339831
-0.0841061092120507 0.108277367046303 0.134324510258857 -0.0370374272058015
-0.0251914175607371 0.126335559221175 0.108881659735122 -0.0396700707978523
0.0306278062977395 0.0977122360418136 0.0813807483254954 -0.0181349904216666
0.0551486185084869 0.0697648582679404 0.0854012778725056 -0.0105874735344651
0.075542470656278 0.0443643706782598 0.0784734038000515 -0.00286014295183498
0.0700652674883083 0.0304807396589691 0.0751751152342306 0.0101083214215073
0.0716340279928272 0.0361159911292064 0.0635378761331189 0.0408271117192459
0.0592321433806661 0.0672641989454578 0.0358983379670389 0.0635794612043105
0.0318158510934231 0.0873246942732053 -0.0103192410372275 0.0795686728785242
-0.0150980334779303 0.116027568375399 -0.0456569464847945 0.0369946300574668
-0.0681417423287305 0.104767812646311 -0.030585225741925 -0.0155525181631014
-0.116273992870611 0.0514034421505082 0.0287731518357186 -0.0251883652472835
-0.126993342877359 0.025517041532007 0.119586107499806 0.0114195746726335
-0.0389480467900758 -0.000223021653091522 0.15571628428217 -0.115629725469051
-0.0628184073374896 0.00740945105831109 0.139149753080661 -0.0751265346001594
-0.0556790117251971 0.0485039773928476 0.112006702597939 -0.0308809406239696
-0.0238050334020445 0.0637063558030233 0.0945225391850651 -0.0188143045247715
0.00706129388570597 0.0510788982852812 0.0896948087791804 0.00530065519364851
0.0194864050631871 0.0403026798304504 0.104687230233204 0.00593596372859815
0.0336557209917508 0.0330507035725622 0.0984899367014992 0.00763604787689415
0.034949483030609 0.0266209934211424 0.0908598579107559 0.0251083710807081
0.0346972725020801 0.031285504685208 0.0769391542256319 0.0612626618734039
0.0261479700063241 0.0489059565672208 0.0406335530184904 0.0873497196239014
0.00734252330075933 0.0600879648631305 -0.0143051670400661 0.100650123266936
-0.0314602011840682 0.0735558780546738 -0.0500576634239505 0.0516157787195903
-0.0682270022360139 0.0532558867574746 -0.0286888126071614 -0.00279694429084525
-0.085895646054702 0.00359087802810831 0.0334688327674911 -0.0196956210516266
-0.072186135239303 -0.017308272349237 0.136879336507636 0.0089566748057504
-0.000660684843502846 0.040272365380004 -0.137171039335676 0.00632557924544965
0.0307989653454008 0.0226586737775105 -0.0459338375225931 0.0376504925804575
0.0437108296118042 -0.00508692768519525 0.0374185968944749 -0.000991702506969513
0.0217196416084999 -0.0222227180980187 0.0650793860383454 -0.0553035407085289
0.0130105437127825 -0.013866133621342 0.0245998925503972 -0.113171027708856
0.0122652982524564 -0.0143079232625793 -0.0484870196076836 -0.10836815156432
0.00505115313034601 -0.0237032992924405 -0.0877003237012103 -0.0702190448359643
0.00501856293702619 -0.0209832324362756 -0.100426158240841 -0.0360839821657218
0.0147026451713772 -0.0235752174415216 -0.107061032820183 -0.00926648933520735
0.0244351300849359 -0.0149064133367719 -0.112230725058308 -0.00465407178210337
0.0267909762791989 -0.00811194685374814 -0.101969068370995 -0.0106925141853692
0.0334493919396305 -0.00100843171832764 -0.0883542964195036 -0.00465821926172352
0.0417141879230116 0.0113138059067534 -0.0948794564184608 0.0157519509602205
0.0203775055386227 0.035556807637005 -0.0964842562419362 0.0713504008127902
-0.00553805169120385 0.0410845624703181 -0.124498754132991 0.128653881457757
-0.0592418598703844 0.0720556986427029 -0.112598930273288 -0.0159379448678203
-0.0253749143603899 0.0556454893674898 -0.0249153940322055 0.0278362691177112
0.00439557876427356 0.0458230170253689 0.0603445021156837 -0.0168170596840174
0.00815491756256011 0.0353313349662177 0.0798202802913818 -0.0721902694045496
0.0231154387831135 0.0331306127842527 0.0303016597542689 -0.123838805224142
0.0402885584861486 0.0205437325602862 -0.0420604980819959 -0.116069267376974
0.0455485450773321 -0.00414938163557655 -0.0791754467386178 -0.0750196467328878
0.04361826552191 -0.0123778218144083 -0.0882324615103947 -0.0406173451215878
0.056968340191595 -0.0157889677393149 -0.0937301202216754 -0.00996292648361467
0.0645655782942638 0.00736859047737322 -0.100485215107959 -0.0011789747139994
0.0578531561089344 0.0262155913275809 -0.0949027641652717 -0.00519737280958913
0.0483369953096937 0.0533802497762293 -0.0829631100429945 -0.00553461172648563
0.0294394525858892 0.0691156080646646 -0.0806236385803868 0.0090424813593214
-0.0208774913474327 0.0826674795618211 -0.0696652365438726 0.0685081320618298
-0.0653614743622154 0.082973281270429 -0.0931810591063899 0.125845518089625
-0.109779563887093 0.0938126446904548 -0.0687434816989765 -0.0380802826448816
-0.0835568808400402 0.0837612915056391 0.00958907634098679 0.021794626945046
-0.0400074756448259 0.0984038081333102 0.0917947987932639 -0.0258283320393832
-0.00607789475009742 0.0980579826779261 0.0985410563144826 -0.0841283502091273
0.0345004195855178 0.0820432865161544 0.0370024342718871 -0.124726995891166
0.0660372164508358 0.0559703237410136 -0.0284471523384123 -0.112147813515326
0.0804339410548004 0.0171933710797112 -0.0587915707259663 -0.0711813127129322
0.0757159524406153 -0.00204947977516906 -0.0629098897250122 -0.0398119607994891
0.0904316334193096 -0.00798809746473523 -0.0674233978912048 -0.00870399788179927
0.0966504316913621 0.0243034104620013 -0.0769654166167191 0.00437385834582345
0.0845101676811207 0.0519977199309927 -0.0805040696881722 0.00664949851147262
0.0655066492967503 0.0966418257015042 -0.0774757831354185 -0.000873736925098551
0.0233674507377982 0.119139697711218 -0.0710874981491763 0.000364255584983717
-0.0527623373723513 0.121883694919044 -0.0440187803797794 0.0511966417649663
-0.113720241519144 0.114136340052433 -0.0496993483772126 0.107294480692069
-0.14346517615563 0.10419449542706 -0.0107098010640706 -0.0592328456148339
-0.128246836322109 0.105032032610527 0.052934711073532 0.0128723063882751
-0.0759391778634543 0.145135956572422 0.121778163345362 -0.0324927791160259
-0.0136433565842072 0.153698935355762 0.113838111020261 -0.0882869306475471
0.0483296300253485 0.120873215034483 0.0456899282684799 -0.113229046927527
0.085809129519892 0.0815303886937469 -0.00684828653591229 -0.0954607301497018
0.105244658524007 0.0333340567280112 -0.0282839215633068 -0.0584018070969266
0.0967229379029657 0.00831107315944962 -0.02917803281432 -0.0342376370472328
0.109496892374591 0.00114947138936447 -0.032796782889718 -0.0047258342766284
0.113292392103622 0.0389512733685822 -0.0445903256881851 0.0116942031705071
0.0986822571908539 0.071690689857287 -0.0588162891785925 0.0207877114308853
0.0729331893385905 0.126661197087345 -0.069237933414492 0.00606789293719065
0.0144604025207272 0.153561117078822 -0.0626866385715803 -0.00960168258281244
-0.078494986766955 0.143150596405778 -0.0229273443107518 0.0240178872343311
-0.146638972378804 0.125559646755198 -0.00249824282829839 0.0775416865941
-0.151296282402184 0.0999441249228695 0.050384119670305 -0.0800248436402779
-0.146960104980887 0.110228320286304 0.0956844964208875 -0.00677458235887727
-0.0939409575897365 0.166857887108023 0.141441882883059 -0.0386108502422349
-0.0162809647186417 0.180935006948447 0.121011325426885 -0.0816307166652313
0.055978579286407 0.137903755740259 0.0574075612804781 -0.0867676991154297
0.093057489101112 0.0917369201595571 0.0230768814686683 -0.0699572626827269
0.113304549951319 0.0427457328797599 0.00908095910667461 -0.0408474335842673
0.102812414645756 0.0167037932912263 0.00905998518651846 -0.0236417196193701
0.112244175602988 0.0135746181292541 0.00436551891740021 0.00284131888863687
0.111386865887034 0.0527855440280259 -0.0103091078807836 0.0219095265126006
0.0925751097129981 0.0864508538194144 -0.0343025803421609 0.0362110849544446
0.0593760937945762 0.141751179212571 -0.0582429208423396 0.0141653923488415
-0.00674597772464002 0.16333858624448 -0.0529913179789159 -0.0179361876307095
-0.100782599147822 0.137793154826262 -0.00429046945012462 -0.00327351247301091
-0.159763939304888 0.112637717500321 0.0446674322730598 0.0450315810401329
-0.132179592269327 0.0807996255491162 0.103457835982095 -0.100147249358031
-0.138059894351771 0.0939037103504884 0.128094305913679 -0.0332829572097706
-0.0924716929844842 0.152826308795714 0.143848452256086 -0.0429869803915032
-0.0169155790993895 0.169815947721683 0.11704549952184 -0.0662698337835722
0.051920797773781 0.127099653062255 0.0693533309357783 -0.0540081710900509
0.0835816287385784 0.0848485292650601 0.0553052852250571 -0.0406523688406055
0.103028488336007 0.0432946236418256 0.0467648504654846 -0.0223003012309169
0.092975929395048 0.022498961761248 0.0448830755897139 -0.00966220133133632
0.098278906992282 0.0250090194346991 0.038619470105613 0.0176283280439969
0.0922761903112431 0.063144283645938 0.0192206279816096 0.0384262668527258
0.0681132229878349 0.0928617280635773 -0.0151946792200888 0.055843931656545
0.0267481587530405 0.139150562194305 -0.0482737895297503 0.0240667964038693
-0.0371887762457112 0.145916044246797 -0.0419936528527736 -0.0203911741880883
-0.114825795968259 0.105008369727288 0.0125354212990856 -0.0215479514167674
-0.152411977415414 0.0775532147164954 0.0854924239017081 0.0193379800079765
-0.091371256104237 0.0464726588055586 0.137557055155444 -0.114388610267907
-0.105844291072038 0.0580816140303532 0.14060461321217 -0.059965795395113
-0.0764749990859204 0.110068134097601 0.131178371770009 -0.0420509517163761
-0.0180072711607887 0.12503638326027 0.105467115853082 -0.0445629209297556
0.0342861061334631 0.0939781418760047 0.0805138904285579 -0.0215713669675332
0.0578093096066805 0.0652137774842769 0.0838423930273067 -0.0152528425051202
0.0746979183682863 0.0383453373349925 0.0781221198120244 -0.00687170729982001
0.0694571418905911 0.0253685333561331 0.0737872030475304 0.00557831614025708
0.0714225288311061 0.0310827782747855 0.0636278735377107 0.0362786944244014
0.0616619450211045 0.0617349135827351 0.0374011235983045 0.0608292260040119
0.0361021229329157 0.0838334735611283 -0.00694462100280213 0.0785384432917165
-0.0082457184669808 0.114614616580641 -0.0446871232740303 0.037763247195115
-0.0610410345505428 0.105996758754899 -0.0322280167688984 -0.0148573234214058
-0.111255938639385 0.0563287873716631 0.0266003596032264 -0.0272889824836617
-0.12177211584886 0.031471521366911 0.116743358619981 0.0046499064034912
-0.0380773164402365 0.000511406687124943 0.1467701075445 -0.120236257638135
-0.0615041833697473 0.00998621158812327 0.131468815495972 -0.0786924219066902
-0.0526722173428898 0.0502159926523812 0.10939121419598 -0.0340566239249463
-0.0204761576693696 0.0635011244850286 0.0926758170469027 -0.0222125454071348
0.0090327619334556 0.0493958966750732 0.0890571493157852 0.000795249048580487
0.020474004668884 0.0387323460115087 0.103100474660328 7.13163716249664E-06
0.0343452707396229 0.0298252096098911 0.0978675847560232 0.00306232606080676
0.0353632583270352 0.0236948182796714 0.0898968324375714 0.019452738882894
0.0357756908988991 0.0280454062220951 0.0778536735087529 0.0557569641820601
0.0282515230379842 0.0451805990074713 0.0433448518538454 0.0835200097471528
0.0104220292215374 0.0580863390376385 -0.00953404901429603 0.0988154426878844
-0.0261376017167996 0.0739707985902648 -0.0477690994323682 0.0523629389042989
-0.0637124428166103 0.0557507479442942 -0.0294578814888122 -0.00190482301108266
-0.083711731875528 0.00691537096490775 0.0305046383062638 -0.0218388040939005
-0.0708974131859964 -0.0133289164986013 0.133222938249662 0.00168842160144361
-0.000276116261907451 0.0400963868778019 -0.13351114156119 0.00801478448633747
0.0312923568409708 0.0224026517084028 -0.0426508473166369 0.0381737985874253
0.0435913178087056 -0.00589846525651757 0.0377451617752802 -0.00121573704882667
0.0213821700098226 -0.022762113825581 0.063453306471729 -0.0554451160069917
0.013010468055073 -0.0144725711043842 0.022835108577056 -0.111715605620727
0.0120922478581927 -0.0149487579010762 -0.0485901297910651 -0.104337523801209
0.00412206226499462 -0.0229164100165763 -0.0871968339243821 -0.0662437418324028
0.00420673445335954 -0.020635426499068 -0.0993439176008937 -0.0326474133334984
0.013328219780823 -0.0236409735989572 -0.105187399765478 -0.00589052777281071
0.0236563541313612 -0.0155247648982637 -0.110519342736547 -0.00150451315915337
0.0259303322473003 -0.00912836399716681 -0.101504898844566 -0.00797068100917108
0.0330869950416764 -0.00209100810739979 -0.088327083655357 -0.00352559243598994
0.0411628178347841 0.0096223486870002 -0.0928032667986637 0.0172669441256732
0.0205193382843288 0.0352260172867671 -0.091879480062849 0.0706227896223202
-0.00504988023665026 0.0405275606148032 -0.118697472891022 0.128826656971654
-0.0557229178690559 0.0727235062109934 -0.109665135506813 -0.0145230355317168
-0.0232538380048811 0.0558347919369216 -0.0223099140095763 0.0281584943853825
0.0066050681161769 0.0450228833923315 0.0599698776820955 -0.0174204276293656
0.00954897951396741 0.0340365115488595 0.0776398645480447 -0.07278726471777
0.024527656707623 0.0314536991910562 0.0279724693419868 -0.122692812733364
0.0409100220176747 0.0188369625275813 -0.0429410806637804 -0.112163901053355
0.0444475431445894 -0.00482040117476116 -0.078345844191137 -0.0719219677009077
0.041865844419957 -0.0133595220384767 -0.0874714931135232 -0.0375419867215323
0.0550481567745259 -0.0178758333561299 -0.091773648186486 -0.00730426661220178
0.0632415460739531 0.00506937466069728 -0.0987318172367892 0.00149006180281464
0.0573615232276913 0.0238896581002592 -0.0948495549718847 -0.00281252343057723
0.0490763044040522 0.0504151273450075 -0.0832414829385176 -0.00443212312155547
0.0305639538676504 0.0666646435693081 -0.079406325529832 0.0104784323362041
-0.0182875584279163 0.08184324827069 -0.0662676361801484 0.0670239336999718
-0.0623306164254992 0.0827289813671817 -0.0875510864206917 0.125534989120167
-0.104473384168254 0.0944958160881159 -0.0679007215767264 -0.0366186035501886
-0.0789542535335013 0.0845108889861362 0.0111706145704224 0.0225513029836153
-0.0354564752326184 0.0981261976087242 0.0910651575930488 -0.0276161507742638
-0.00203671316137747 0.0963896612814117 0.0959651585547849 -0.0853728325520476
0.0373103217078068 0.0787852504679727 0.0347763926952178 -0.123709811201815
0.0668364648827469 0.051690217659374 -0.0299890788529786 -0.108585106297544
0.0784429056825259 0.0145031359951056 -0.0579515495925162 -0.0691094042060003
0.0733239021839427 -0.00404962723233987 -0.0628467803385848 -0.0379107091763067
0.0875278181485588 -0.0110760648259216 -0.0662729770457919 -0.00704228253336624
0.0948688472186666 0.0205577641345972 -0.0751123717768684 0.00732322283628267
0.084669441063674 0.0485319731921004 -0.0799347091130049 0.00868844483475892
0.0675988035179875 0.0918574184475482 -0.0782355338881219 -0.00016459689393637
0.0261890488041487 0.115590105651878 -0.0705706751197656 0.00144009153721765
-0.0484369116704582 0.121250571511845 -0.0419088654942904 0.0495598030451112
-0.108381694309776 0.11477756948804 -0.0450626000544375 0.105919875417352
-0.136723604158911 0.104236073185546 -0.0115016338138889 -0.0584406179673503
-0.122612125501728 0.10623964595871 0.0531917009735655 0.012807155999716
-0.0696400736395713 0.144548087687115 0.120748186761128 -0.034048025271546
-0.00778302681157665 0.151076835186589 0.111327864168463 -0.0898282076401491
0.0515308880044255 0.117425839600129 0.0431968772131098 -0.112310872753383
0.0870587099968532 0.0762954775535527 -0.00824430024464796 -0.0936186623146631
0.10288253704322 0.0295518228157896 -0.0267139048636835 -0.057694311057041
0.0938489118368228 0.00445202016139895 -0.0293414312407984 -0.0329023508787592
0.106265073609387 -0.0023058895516109 -0.0324486144992404 -0.00388504195957596
0.112057007420255 0.0345567917282708 -0.0443866084102284 0.0129946018500421
0.0989517020824367 0.0678422412587519 -0.0581894194705928 0.0217427457052994
0.0759373099837398 0.121849004446388 -0.0695950623659584 0.00658191793373678
0.0189994326200521 0.149389611403911 -0.0631491757219699 -0.00808886005327068
-0.0729523543405785 0.142348849193543 -0.0223007540304738 0.0231974655279147
-0.139585659664626 0.127241718132136 0.00015825874253783 0.0755790454800994
-0.144546674353864 0.100468572329025 0.0479664590942797 -0.0802122606638372
-0.141609156651662 0.112203968592715 0.0949852961840903 -0.00723984266146279
-0.0869478466428135 0.165767112599541 0.139433177557837 -0.0403933749465097
-0.00955366663580893 0.177576572679919 0.117948594182881 -0.0832915193399978
0.0591158919004517 0.133917159067962 0.0558597058805652 -0.0873553088118852
0.0938664283010228 0.0864010362799672 0.0213277536166249 -0.0692857139257194
0.111038968030257 0.0381332820479367 0.0099103992874025 -0.0413183614204196
0.0998449392076004 0.0128118884117539 0.00841600807656601 -0.0233568389051275
0.108940089619349 0.00927382387914977 0.00428955992761961 0.00351998415907585
0.110363792473391 0.0481073741639236 -0.0102542391834746 0.0221701359263445
0.0934419945873076 0.0820024531402415 -0.0340867022225474 0.0366301909158923
0.0627606765178981 0.137025810313204 -0.0586377531296611 0.0144767769904421
-0.00178464309966697 0.159753642759223 -0.0541180543119643 -0.0169022263007168
-0.0948259889127283 0.137233149327599 -0.00501736925250758 -0.00424832815297769
-0.152884164896528 0.114497945589546 0.0446045603411312 0.0425057741123879
-0.126747580994687 0.0808020418676661 0.0993534442552255 -0.100285479906364
-0.132835187273974 0.0946387674447713 0.125356957040605 -0.0340344914857702
-0.0865377358445437 0.152736981176147 0.141968243106678 -0.045028779190416
-0.011263824139209 0.166394157533215 0.114387875973055 -0.0674369238523675
0.0541012507118782 0.124093576173684 0.0678606048271063 -0.0547450984304363
0.0844893495795637 0.0805554234631217 0.0532105677730864 -0.0415559385667049
0.101069801591772 0.0392760809587297 0.0474352343878947 -0.0239747883022168
0.0905065412495303 0.0191504087003197 0.044175290528597 -0.0109735629366584
0.0961307868093704 0.0205579147689362 0.0372525588659104 0.0163152459370568
0.0915650478732605 0.0578242289028598 0.0188826064827657 0.0377611209118685
0.0693563265912109 0.0889065326268562 -0.0149260728231868 0.0551274823709529
0.0309803148543591 0.134821625484514 -0.0489064989743663 0.0248928182371829
-0.0324147393109264 0.143786043301287 -0.0430967795559666 -0.0194710685862575
-0.109147413626117 0.105409300174643 0.0110684647194971 -0.0232726707287562
-0.146161970284662 0.0799763688140135 0.0840370165290715 0.0160511734352089
-0.0877934435817941 0.046188338842515 0.132684082031357 -0.114952600536223
-0.102752029501627 0.0585633750374097 0.136853658438337 -0.0606024842537511
-0.0727764581719326 0.109683374821608 0.128869601713749 -0.0439407353800321
-0.0146442188763023 0.124107377763138 0.103144063040619 -0.0458540435840405
0.0358765599319141 0.0915729254229988 0.0789055745871487 -0.0231902804008608
0.0584174426341901 0.0620531297921827 0.0823159475629257 -0.0176875451146899
0.0733114303891262 0.034989688813696 0.0779729418747725 -0.00958406387609753
0.0679854038504617 0.0220447695595849 0.0722373182707898 0.00396360176266668
0.0699175904058335 0.0275795829264222 0.0625625934154856 0.0342686671135835
0.0619239571794302 0.0578919719078305 0.0369697089414735 0.0586572356939964
0.0378980797218082 0.0810100972200801 -0.00578107263387841 0.0767819811886291
-0.00421668430550001 0.112494572687129 -0.044351841793586 0.0377564007787912
-0.0569099015743781 0.104918730317949 -0.0337715599148119 -0.0144374212232325
-0.106906919193455 0.0568147153709613 0.0240328247004206 -0.0282144279021441
-0.117553530135637 0.0336528456814159 0.113770916920295 0.00215097354695786
-0.0367201057627957 0.000487046595735988 0.141750955133025 -0.120622083610368
-0.0610996531774343 0.010388386333407 0.127781098137156 -0.0786082986116217
-0.0509442483175721 0.0504527211800077 0.107860461796015 -0.0347660949296792
-0.0186972746479039 0.0633886845404235 0.0912890741935017 -0.023286753621329
0.00965262032447594 0.0484507117814783 0.0882337852629289 -0.000705250595604367
0.020928369910827 0.0376562459924724 0.101495781182821 -0.00302154911187138
0.0334554949653029 0.0283387024181755 0.0971327016906961 -0.000106951392690174
0.0351619134188132 0.0215260639792225 0.0884445318745609 0.0166616055774801
0.0351582162997438 0.0266714240668061 0.0770995960685042 0.0523191497260109
0.028980983086094 0.0429473361545642 0.0429644954903719 0.0811234365499212
0.0116393287935118 0.0564938596725602 -0.00760073951494029 0.097324156726612
-0.0232773408023297 0.0735178756854764 -0.0473529760331448 0.0521779286985692
-0.0610888803823309 0.0559505268377858 -0.0305514620213108 -0.00238487066470734
-0.0817818244419188 0.00801362282859603 0.0283474551196599 -0.0227930139054684
-0.0689499480815152 -0.011738894815183 0.129541604112377 -0.000831858109477235
0.00717762805816666 0.0388145372553997 -0.135143267379613 0.0359814158402782
0.0355893670419077 0.0160215364656667 -0.0343800469952197 0.04895377598224
0.0414440968955814 -0.0148472178011794 0.0406960894551736 -0.00597703281729431
0.0155324058644114 -0.0278398700652262 0.0564461402736876 -0.0671980409554503
0.00891003304138325 -0.0184555615877236 0.00306937423882297 -0.116227584208217
0.0076095166952694 -0.016361282711626 -0.0657295976062507 -0.093598632730009
-0.0016633335839358 -0.0216079923819252 -0.0959656164282559 -0.0492083140725589
-5.06008086929792E-05 -0.0202424242612033 -0.103935340080332 -0.0126805596764641
0.007254044015828 -0.0251079939825257 -0.105937801956099 0.0158313003238226
0.0194291621121561 -0.0196511879986647 -0.112153726602269 0.0227134435839129
0.0217631090684161 -0.0145586594004451 -0.104897664472533 0.0143193200057351
0.0307438961375524 -0.0101272621290646 -0.0914402113769197 0.0158973252968067
0.0399771824726884 0.000234738336743561 -0.0913236781078902 0.0384865022067582
0.0258938648108026 0.0301415769794868 -0.0790723645838598 0.0882612334726524
0.000788157365196726 0.0418569956081921 -0.0937141184700699 0.150323371364191
-0.038564964951897 0.0791603792279014 -0.119740736887803 0.00704598189367864
-0.00932671285520338 0.0591818241786586 -0.0185506012641252 0.0342492360088908
0.0167876508680292 0.0408876862766096 0.0548541847540705 -0.0262926005808375
0.0171613075491259 0.028088154409856 0.0624944475596973 -0.0865826952137816
0.0290600647189639 0.0232421320458278 0.00424938104824613 -0.125047471098477
0.0415980584793291 0.00947232302637257 -0.0627128334984882 -0.100258858305662
0.039670406057195 -0.0135348866101768 -0.0887121094700637 -0.053600763826516
0.0370236025516829 -0.0197793785394664 -0.0934184560480775 -0.0197640933230535
0.0480024767575175 -0.0275561897011966 -0.0941161973949918 0.0116028789286439
0.061222906947305 -0.00789229537820484 -0.100334708629496 0.0235888106311232
0.0573834131032275 0.0117801145058783 -0.0979922620213999 0.0191436737379207
0.0564659169515329 0.0369178459945451 -0.0877656439738637 0.0136864696261595
0.0415119285230527 0.0566122992097072 -0.0814058214772681 0.0272752446059978
-0.0018180279614747 0.0840653311869653 -0.0528929530017256 0.0760517904299369
-0.0462522699483632 0.0955958595571153 -0.0615739211724943 0.136575129558155
-0.0807144465189278 0.108230915262534 -0.0840886029603659 -0.0248761611862316
-0.0577156995955176 0.0973945953453709 0.0121397258022071 0.0206653352684817
-0.011833912776356 0.0996566738074647 0.0789354371466153 -0.0426314490661736
0.0199614459834335 0.0888172659679775 0.0729867040930163 -0.101792161726563
0.0505677350906602 0.0661524635275257 0.00852573799162688 -0.125298286591408
0.0727618016218446 0.0355986525256533 -0.0496933919696645 -0.097123706567409
0.076507808183629 -0.00326134882313235 -0.0685059478417598 -0.0515776344017647
0.0686833367162658 -0.0172931307722369 -0.069330147267322 -0.0247085118745098
0.08055164938383 -0.0276598364896554 -0.0692708241766975 0.00669172066388883
0.0946748014671212 0.000834112160950752 -0.0770034216838473 0.0246940546664866
0.0881058447303341 0.0301007163258731 -0.0811074904589306 0.0271003995712526
0.0820352299085744 0.0736064985331895 -0.0826891284125513 0.0174316032717166
0.0470396226891938 0.104091360844828 -0.076715954956534 0.0160953780091793
-0.0223500887411799 0.128215290666901 -0.0330056810011697 0.0501373735388269
-0.0837618133306474 0.135918633554012 -0.0221023500746181 0.105613115714479
-0.108489967783813 0.122878264951265 -0.0337050882598732 -0.0590120621159145
-0.0945679198944224 0.1265962863124 0.0501114100504245 0.00140629171859677
-0.0339683780466896 0.150426437291174 0.102727405275039 -0.054881152194455
0.026973179947596 0.142106923060429 0.0837412906746702 -0.107282631119634
0.0726409403145444 0.100011670677448 0.0183148315632825 -0.113611806724729
0.0972082789336857 0.0552304639207794 -0.0259151140299809 -0.0846319792527869
0.10304804987888 0.00573466234137362 -0.0366259460007712 -0.0442262886158348
0.0895342139205896 -0.0123918777466859 -0.0353652639591463 -0.025839811839552
0.100293453611526 -0.0227005620451301 -0.0351615137298694 0.00260840896742369
0.113821580781628 0.0110439004160371 -0.0451678599907143 0.0246200939481648
0.105202366051857 0.0452869212984042 -0.0566603066186803 0.0360494708177549
0.095644896998562 0.10053033577933 -0.0744449132332021 0.0224095698731366
0.0464185721494808 0.136915452196626 -0.0733938987634607 0.0037361768030882
-0.0414666174680345 0.153480265378125 -0.0187609722010396 0.0176559122452892
-0.110416365731732 0.15380974634731 0.0179469828055572 0.0645119102879345
-0.116808489273158 0.12001963085702 0.0221492838150577 -0.0936158841994976
-0.112158252089364 0.13442573179312 0.0872724176566353 -0.0269431059713729
-0.0469921722869741 0.174001646058637 0.117905368862162 -0.0651620640550912
0.0304695825390493 0.168279274571023 0.0895687440225063 -0.101532484308656
0.0836548894344675 0.114584262651103 0.0350513922666234 -0.0892575247851076
0.106786079249678 0.0630029839736454 0.00734428206112448 -0.0655276550050132
0.112793068214733 0.0117519823565918 0.00275914859343571 -0.0347326637662168
0.0972424401223295 -0.0053973392040678 0.00353897649216643 -0.0239684025513617
0.10496022989555 -0.0123758894772939 0.00277609677910818 0.0024792951981184
0.115083352644388 0.0242276284355506 -0.0097932688329453 0.0264970135366805
0.102873819567748 0.0607045593717998 -0.029635924364573 0.045656327028047
0.0865906796449668 0.118009388258325 -0.0625296932367569 0.027289190088395
0.029344955471187 0.151257041734495 -0.0667928916690806 -0.00726698274182666
-0.0627882462583777 0.152781092794808 -0.00657102627357975 -0.0143013600603902
-0.125183730980889 0.14399464719385 0.0569527580574683 0.0230408310677247
-0.103025867448469 0.0983860831966762 0.0716780124718594 -0.12479880245067
-0.107689668635443 0.116190315649215 0.113429507270983 -0.0607663665187732
-0.0498086501498139 0.161010317864935 0.120709361500212 -0.0706544263678568
0.0265961728815972 0.158537691542847 0.0896674101742212 -0.0851504134137107
0.0770875862860031 0.106210918109946 0.0540813400451022 -0.0602901117174613
0.0962991462248242 0.0596482761745238 0.0449146562793355 -0.0451776495108676
0.103440109484039 0.0148981865233366 0.0427183425642328 -0.0256955441106855
0.0900740158458929 0.00146310595034662 0.0406958327533347 -0.0187044499822765
0.0951210007846686 0.00124215791635122 0.0386054415458499 0.0082983677147905
0.0992493112071747 0.0378033968197154 0.022834715418796 0.0350381269162724
0.081896899743822 0.0720337035799556 -0.00595207462560297 0.0597171456599364
0.0553266413519656 0.122656988313688 -0.0496820881818681 0.0348465708689491
-0.0027001436101205 0.142035722408485 -0.0554172330554137 -0.0143122137317644
-0.0836065758814274 0.125138547121786 0.00661217443225083 -0.0354864829616646
-0.124898029501062 0.108678183484681 0.091785884702794 -0.00915061228348772
-0.0734965766732114 0.0586300931523691 0.106243677785187 -0.145640047449409
-0.0863974932358195 0.0750287044289538 0.121445116154686 -0.090268411821837
-0.0460292382253326 0.117864520216647 0.111859933227291 -0.0684989912658223
0.0136577918710037 0.11900808781223 0.0855550364698257 -0.0629600919428345
0.053665746225712 0.0797359047693747 0.0716945877472955 -0.0326818066754691
0.0678152900255236 0.0468861189423464 0.0775791494116558 -0.0292769198074158
0.0764073821762168 0.0170516204748234 0.075963551455835 -0.0188678384211064
0.0689352833251675 0.00858142218128957 0.0715711314736895 -0.0105274193886305
0.0720154306503149 0.0128330882948352 0.0679528052389204 0.0209449864372383
0.0706329703116545 0.043362706177927 0.0463783642154512 0.0524409285495352
0.050387416361195 0.0703956584268386 0.00780811444408705 0.0790839797643363
0.0178097516080569 0.108023470169035 -0.0412610750551769 0.0463101013170703
-0.0338534900667286 0.110074768238975 -0.0428450791137825 -0.0118559081318721
-0.0918849217635152 0.0770849783648909 0.0196064881215668 -0.0404801536027357
-0.105728901930094 0.0571173023342162 0.118751937652157 -0.0260583912012188
-0.0337479316410242 0.00616369224379748 0.118170101284326 -0.153159743001407
-0.0575828068309884 0.021057724571005 0.112078732778535 -0.106239974294511
-0.0386487938295504 0.0568842655404863 0.0967143411802556 -0.0566921895240123
-0.00410176294298028 0.0634071124167767 0.0821381391337016 -0.0396818414942702
0.019420991934934 0.0440506062919487 0.0866233913525645 -0.015401710973354
0.0274732932682181 0.0313100014441774 0.099930345278144 -0.0210939612903162
0.0380074660527073 0.0189532621996403 0.0951940753286663 -0.0155183830585914
0.037692780210326 0.0140527276740344 0.0903300727347064 -0.000968261949001356
0.0383376173472386 0.018364507067029 0.0863206724039083 0.0364036854492218
0.0358102103509687 0.0357640223637294 0.0577662023287669 0.0726190953192543
0.0207997449818337 0.0524381776497935 0.0109540652355426 0.0994968766173924
-0.0086153130564561 0.0751038888391252 -0.0392782905559179 0.061186462394385
-0.0475532110392837 0.0646021758986707 -0.0349017267815604 0.000721306954958773
-0.0773996129376451 0.0242856455679999 0.0252381004193148 -0.0323259103628974
-0.0673189561053481 0.00299064591819503 0.132297786803328 -0.0280632753213009
0.0084774757820974 0.0402353216856409 -0.13710622166381 0.037677571080027
0.0371032216746251 0.016366420647645 -0.0327938011167313 0.0509262509041789
0.0433511069442034 -0.0163871537186296 0.0419803459461993 -0.00623836683992184
0.0155189484716209 -0.0292994543099028 0.0566789245470209 -0.0696564206816123
0.00878312199593794 -0.0199575248696437 0.00225247313177976 -0.11890993517248
0.00761750178124425 -0.017431099142571 -0.0677528644645969 -0.094317323580997
-0.00198339225359381 -0.021521773175821 -0.0986098559239954 -0.0478745056088337
-0.000349453595485563 -0.0199507950716608 -0.106789379138718 -0.0108227291793404
0.00684319225446887 -0.0257932139392813 -0.108239384436482 0.0184692970642852
0.0192628982070335 -0.020911270275482 -0.113978690751934 0.0259287370220643
0.0216685464941162 -0.0151881133148572 -0.107865153232045 0.0170792402459248
0.0316578584488641 -0.0120255384672972 -0.0940804489134766 0.017998881441948
0.040996694315677 -0.000792519630222129 -0.0923867646316592 0.0404938637636391
0.027344611868624 0.0311171173535796 -0.0784244893077979 0.0893600498454961
0.000991156075928393 0.0430127572829162 -0.0922537046919245 0.154750773495641
-0.037079870084702 0.0816662019153918 -0.121694702625395 0.00828309451010538
-0.00767053229122537 0.0606586760148731 -0.0166305142728599 0.0356891999343549
0.0196451272673747 0.0411223003206563 0.0562675955760562 -0.0277421190794017
0.0187113207699367 0.0270941410029494 0.0627687295223863 -0.0888602299379414
0.0306358043945338 0.022319867645558 0.00283584095466459 -0.12841921963387
0.0426217401688949 0.00762598453249041 -0.0642299602675407 -0.10027634164317
0.0400603021620551 -0.0145498962637546 -0.090806966009056 -0.0529856431727664
0.0368214771941904 -0.0211512443684055 -0.0963533306477806 -0.0182141886310824
0.0475709447314859 -0.0291363782238579 -0.0960161292821516 0.0137499276789849
0.062109034992375 -0.00980691932717353 -0.102484905016376 0.026734044063657
0.0586636181160793 0.0100781104479473 -0.101091471541 0.0217247725823192
0.0586577117598051 0.0352108151864807 -0.0914713516029059 0.015620980635574
0.0434206585777333 0.0561930702293493 -0.0833546879879886 0.0285960782836566
0.000752136588055803 0.0861934044909096 -0.0525724733935018 0.0762121751159403
-0.0447461132999028 0.0987842918661748 -0.0595026652229058 0.13991762677446
-0.0789139220843817 0.111238469219964 -0.0866481715798384 -0.0249757340593498
-0.0554952861904536 0.101094156409188 0.0142976341212965 0.0212833087028992
-0.00789746819721994 0.101386535182416 0.0804525043655632 -0.0446721164022933
0.0234726377180366 0.0891970746791085 0.0731677681627864 -0.105437626060255
0.0543915962003188 0.0656464579724359 0.00674745807671181 -0.128434443346907
0.0751060794848482 0.0333136900413562 -0.0516754443418256 -0.0974550583583834
0.0778903966438269 -0.00536996726117374 -0.0703689240589797 -0.0520245588685485
0.0687326100214083 -0.0190817491602648 -0.0713140329998977 -0.0232387538137232
0.0803458403230884 -0.030631384297089 -0.0706840841817014 0.008608536050904
0.0967096554355998 -0.0020384860466048 -0.0784129376716528 0.0275901829394717
0.0902583049252709 0.0283706450152466 -0.0837369855587666 0.0301348845184591
0.085775274558924 0.0716971049758004 -0.0869249145084315 0.0196907413131034
0.0503653222920339 0.104829324989049 -0.0789477585513803 0.0170664498221991
-0.0193232612320773 0.131421094428308 -0.0325246022292362 0.0498896149115553
-0.0817818040826069 0.140802950398145 -0.020249795471621 0.107579327055679
-0.107442923856498 0.12617655706174 -0.0353603983296469 -0.0601000565988128
-0.0933707652609001 0.130776298037662 0.0529041737784575 0.00113771809027255
-0.0297342777955586 0.153771377339546 0.104843075436707 -0.0581099272755118
0.0320377172933907 0.143395727937507 0.0841821589161136 -0.111464327990556
0.0771440222198272 0.0998331103575482 0.0169142323276939 -0.116327423369542
0.100429669195497 0.0527718036648908 -0.0277066281143726 -0.0856146330907783
0.104095492497246 0.00347731940067272 -0.0372747011583387 -0.0461677850581572
0.0902265980639261 -0.0147770540843294 -0.0365205045548285 -0.0258999681776516
0.0999480971851581 -0.0262030477264151 -0.0361992159180684 0.00389612828496126
0.115762392254557 0.00733625192412117 -0.0458151856873008 0.0267611393653719
0.108531690613819 0.0429497348754699 -0.0592659406775402 0.0387104715746847
0.100571496719698 0.09896871327228 -0.0776998883537921 0.0249409791066754
0.0508698915012965 0.138740705873677 -0.0760282759093777 0.00494917952276409
-0.037592051710558 0.15785247615013 -0.0196011355286225 0.0165699679292656
-0.107889082687803 0.159505078301755 0.0200663946765892 0.0645804855549529
-0.115843821864588 0.123123183232376 0.020958748384411 -0.0968032503961545
-0.110759776723442 0.139784070596593 0.0902364813090032 -0.0287838212505714
-0.0424714421512802 0.178176516018308 0.120492758808032 -0.068966891613996
0.0360739775455781 0.170041728450564 0.0903957613203405 -0.105631166765592
0.0886312982231989 0.114261984456468 0.0348463838717632 -0.0925174352561611
0.110071390032324 0.0607701311404091 0.00637842174541727 -0.0667672171718517
0.113588145826034 0.00909475796823121 0.00314865644589734 -0.0374851427098301
0.0976372278163702 -0.0081537622247807 0.00312536539270332 -0.0245770528673455
0.105377899550852 -0.0156323311715965 0.00194440130559538 0.00281549937867758
0.117637458958015 0.021191180314795 -0.009633668841714 0.0277981033556006
0.106500600743263 0.0583520035855232 -0.031294253302168 0.0477498548028547
0.0917773929104509 0.117390283092398 -0.0657692749648928 0.0301570372603963
0.0334700114774556 0.152858796597662 -0.0695275236850412 -0.00623801796262457
-0.0602694731935718 0.156992044614808 -0.00830417881971804 -0.0153224811653643
-0.12243978482806 0.149546587457265 0.0583936862950896 0.0217239600082854
-0.103078993372266 0.100804947266123 0.0710709677960265 -0.128901068711694
-0.107065838054331 0.120899713452233 0.115790098299831 -0.063875507011344
-0.0466606035878229 0.165371014639177 0.123214810297021 -0.074466425678846
0.0310909918611532 0.160702981177041 0.0907620534519455 -0.0887482685769406
0.0814776253346799 0.106834485586617 0.0546369985246812 -0.0628555666351261
0.0991821633347853 0.0579526394015046 0.0451886776420094 -0.0470624721675928
0.104840761901273 0.0128928390339926 0.0438539151333106 -0.0288875576596769
0.0908023631894783 -0.000610904448264968 0.0411117557082628 -0.0203195294737566
0.0953732233629966 -0.00171550172326063 0.0386281404308261 0.00811077296942462
0.101458344318199 0.0351425875506316 0.0231108913749532 0.0359508529344021
0.0854332515695596 0.0706796121348981 -0.00679096081907538 0.0612434802919998
0.0600834418032308 0.122917634330632 -0.0528457731509245 0.0370441382264623
0.00101825697516503 0.144623554982481 -0.0590497665810889 -0.0138269185223067
-0.0816875389789986 0.128483029993682 0.00456221927923354 -0.0369455473352064
-0.123562674102346 0.113084648668274 0.0927107443019094 -0.0111039219894319
-0.0732509995976921 0.060024412044578 0.105944366136933 -0.151036636069083
-0.0869600415791534 0.0780120764470277 0.122588915208187 -0.0934974887928218
-0.0445997188455389 0.121146055804799 0.113850752363772 -0.0719209360696204
0.0166737257424797 0.121073762515849 0.0868647697045065 -0.0656373457305298
0.0563034110641453 0.0808046250676039 0.0738632041849403 -0.0353109829704746
0.0699650189235445 0.0463013698091517 0.0787275507819905 -0.0316402519791545
0.077349404554891 0.0154392333543109 0.0777435869242705 -0.0222663840052079
0.0696779605893205 0.00675963264810102 0.0729960969129695 -0.0124294403445513
0.0726974584949255 0.0109799983896335 0.0689451704657569 0.0199995987111421
0.0724289683015679 0.0418574695800247 0.0470527476966961 0.0528004946702088
0.0532992471680186 0.0703917754304072 0.00788292906378532 0.0802367338788211
0.0213762863113961 0.109416112255718 -0.0432064381557811 0.0487362941881488
-0.0318957030076926 0.112449116365146 -0.045652112339838 -0.0112208118485035
-0.0913409944217185 0.0796855861719388 0.0173464840162081 -0.0421997778852776
-0.105563384601731 0.0602050730009916 0.119481718340786 -0.0282623489320535
-0.0346327983462482 0.00638096082528569 0.117831206379617 -0.157856336751899
-0.058478148880568 0.0225211335923625 0.111526536578916 -0.109508244214908
-0.0385482395891912 0.0589826611473044 0.0979507569225249 -0.059295163136881
-0.00325636469490574 0.0651970988814421 0.0838581633191077 -0.0415127142359592
0.0204654432499699 0.044855890811135 0.0891974015346861 -0.017520596333627
0.0282076107233897 0.0310207212794536 0.101879364768789 -0.0240303673936489
0.0383564855318121 0.0181257391602713 0.097858674076618 -0.018438230435028
0.0380193871917968 0.0131782559885157 0.0923009983564656 -0.00297226019276022
0.0394373790115643 0.0176373291146373 0.0883278123906324 0.0352681655168902
0.0374356499291585 0.0352572169169168 0.0591698405042933 0.0732420047878725
0.022828230710628 0.0526705725934026 0.0121083172545143 0.100635957756637
-0.00622527494488888 0.0768990342480526 -0.0405832781256064 0.0632003489732668
-0.0471953836924318 0.06635239602696 -0.0372923676867511 0.00105207287946135
-0.0780832017326465 0.0258594330568905 0.0239762144686844 -0.0337487919749632
-0.0682546225788517 0.00352405362366884 0.133738644298155 -0.0303614974282982
0.0117321226943417 0.041602756304164 -0.138426850835859 0.0442399858872134
0.0398718231216817 0.015152312828556 -0.0304264314094589 0.0534510171818708
0.0443031436657062 -0.0196381253545557 0.0438147795224692 -0.00731063089739891
0.0146243142996546 -0.0313021773022178 0.0559092265952842 -0.0739007538602397
0.00825857468037926 -0.0214450287457642 -0.00203625286017388 -0.122201365017524
0.00715181111066277 -0.0189603237077229 -0.0718958771838317 -0.0931100074624037
-0.00253873988745829 -0.0213450640341489 -0.103126308030285 -0.0438324124602632
-0.00126672321535164 -0.0199748996525505 -0.110191474346081 -0.00561413543272824
0.00554420943251335 -0.0268109146465866 -0.109916609318761 0.0240615061496771
0.0187064920060665 -0.0221987014065884 -0.115742130468406 0.0322940877039553
0.0209390919917829 -0.0167416450364099 -0.110404659126935 0.0237213729020814
0.0317301847169282 -0.0144088848624995 -0.0973453960727184 0.0229383175013388
0.0420668907621384 -0.00297128113230075 -0.0931899587681043 0.0450691481320338
0.0300169831302621 0.0313062436270762 -0.0759082721450333 0.0927476777304242
0.00322838327051397 0.0446089918739428 -0.0865597813752863 0.162061530188833
-0.0333631443868413 0.0848336983297625 -0.124191774556094 0.0132383093611514
-0.00380462454680825 0.0626609794881741 -0.013725751873229 0.0371720370467687
0.0237985525947799 0.0403456301197133 0.0570469852070768 -0.0299836492931151
0.0213893819035204 0.0259082817638919 0.0609469143513568 -0.0947109652077472
0.0332545628538567 0.0202538018515381 -0.00295389598355931 -0.131556224971613
0.0444602297122617 0.004636181776893 -0.0693347033988556 -0.0992548614754738
0.0401510780620677 -0.0162206337309851 -0.0950363620861719 -0.0500441502917335
0.0364140583675141 -0.0229433987897299 -0.0994816884687201 -0.0136394005765396
0.0461306186135348 -0.0323803116011913 -0.0974955734098088 0.0189908421856145
0.0629396743272526 -0.0139788501848572 -0.103577031595373 0.0323120107338188
0.0603636150438101 0.00703026431948424 -0.103552511434499 0.027724139648322
0.0617313267673372 0.0324364753213294 -0.0949187408432973 0.0207306801579582
0.047329446453311 0.0553114625393087 -0.0839569862579657 0.0326476137067265
0.00537118291548112 0.0891567022310116 -0.0500511569970483 0.0777856271647916
-0.0403156462474529 0.103173074106188 -0.0542931225184741 0.144636219963146
-0.0746605941069983 0.116980497965184 -0.0898306648388348 -0.0225451428954847
-0.0508407377265981 0.105911097842451 0.0170229214983949 0.0214517654321035
-0.00113200847883756 0.103540070071986 0.0811049388492369 -0.0489553320884372
0.0294781527023681 0.0888103018212137 0.0708650673646076 -0.111051794074102
0.0595767593778709 0.0633549427771452 0.00171870344987092 -0.132281278793009
0.0787673840096098 0.0289440914869793 -0.0568456000677613 -0.0971447196440254
0.0789727133305047 -0.00863898965723225 -0.0734580428324644 -0.0509995844259688
0.0687029860809803 -0.022776168164588 -0.0742660863439334 -0.0206963178487505
0.0794949251348622 -0.0354689028465974 -0.071931041427798 0.0124922296248855
0.098350477213249 -0.00735430774471755 -0.0794110754506318 0.0323629625347123
0.093927360978892 0.0241136775928975 -0.0861682868360317 0.0354928704176278
0.091412708706204 0.0679232335289696 -0.090428013303408 0.024759953484009
0.0569534649440158 0.104206349760995 -0.0806208641750798 0.0203723890281689
-0.0125024481358846 0.136170130197059 -0.0315502473722836 0.0507902216443616
-0.075027988926607 0.14762768429201 -0.0157991096509447 0.109814913764989
-0.103328895902857 0.133235374119497 -0.0387133588275319 -0.0611679180385014
-0.0876240057355903 0.138633164601573 0.0557796821202681 -0.0010143537239417
-0.0212072248070544 0.157680914614284 0.105772509478548 -0.0635849839722212
0.0409555786588381 0.143480071746906 0.0816341385057621 -0.117995862048482
0.0847869629337515 0.0967815115906117 0.0123508141883259 -0.119907931558398
0.105418402440917 0.0472772756784425 -0.0321366753644948 -0.0856382017691231
0.105749338229604 -0.00192124301509539 -0.0399789474241622 -0.0467868011588524
0.0908162318967422 -0.0192544150884128 -0.0388084317402233 -0.0251173439087393
0.0993777551868701 -0.0320273083366956 -0.0373889020256597 0.00597017722457639
0.118605636601527 0.000979025407307469 -0.0460027766153095 0.0299306998751669
0.113561941378817 0.0384592131554342 -0.0605523758009444 0.0432538794315161
0.108096548133239 0.0940551545773593 -0.0814386350974878 0.0306643529799845
0.0595797975092926 0.138560600535068 -0.0790033134701016 0.00812150446429843
-0.0300502160557685 0.163134884729828 -0.0201943767863519 0.015962614215283
-0.100647410996712 0.167915593381714 0.0231320588257814 0.0642673996881817
-0.112325450231846 0.129967105510312 0.0170063399703804 -0.100584003817267
-0.105646947118143 0.147830375102234 0.0920634716422181 -0.0333893914381537
-0.0326393986621575 0.183685041325983 0.121081885383164 -0.0758089767328628
0.0463824908981983 0.170713061647019 0.0887537243885799 -0.112203568691213
0.0976494375305863 0.112047516339382 0.0312976064693022 -0.0965952720064194
0.115245162375487 0.0558844200144369 0.00429125467821217 -0.068498360079675
0.116008637506685 0.00439183666953444 0.0019096909483011 -0.0400528589717566
0.0982127019213878 -0.0133076228307289 0.0016455975589398 -0.0259652119976132
0.105869575551522 -0.0219043880758159 0.00148906994916737 0.00257686298063198
0.120895461434597 0.0145272816641821 -0.0094752535955049 0.0295761216378746
0.112585898277136 0.0539363714262038 -0.0316499588988527 0.0508863661811509
0.100086372628311 0.114317522308963 -0.0683259830150584 0.0350619973934629
0.0426012485034436 0.154170621633302 -0.0735498809006785 -0.00390092663038464
-0.0525627359716556 0.163034653280283 -0.01077165860358 -0.0169191360619588
-0.116111688261721 0.158356836173057 0.0602531316732706 0.0186651589392806
-0.100679319163647 0.10647919534767 0.0668115748715725 -0.135333184196133
-0.103360107890527 0.127937056649709 0.115672991793883 -0.0701685623294164
-0.038431397137306 0.170820588080462 0.123247328457847 -0.0819325811715836
0.0403216493033134 0.162306617791304 0.089761189603922 -0.0951209649131768
0.089550585214322 0.104918007593426 0.0535753315779564 -0.0668010038437384
0.104328504910497 0.0536699224056846 0.0443617350732072 -0.0499542233801544
0.1065742518426 0.00764394145566523 0.0443722079100028 -0.033439802054397
0.0909783763524996 -0.00526636607601214 0.0411631812185048 -0.0230472028801417
0.09639427308688 -0.0070316292860254 0.039321060611773 0.00628996275836128
0.105021379494759 0.0296326222006233 0.0243018060102007 0.0364568397571734
0.0909798909439817 0.0673177828107121 -0.00607924713198771 0.063407463523145
0.0684774104011068 0.121650862436033 -0.054489752147561 0.0416775372452685
0.00840928267292237 0.147273460838226 -0.0630110320992361 -0.0118678462423916
-0.0766813383231771 0.134741551521921 0.00161794861786806 -0.0386628489900592
-0.118713351518831 0.120888448351511 0.0936806431858266 -0.0160730487051341
-0.0728021356400971 0.0635886593924274 0.100955357511267 -0.15980997219518
-0.0849814852453232 0.0837628494953159 0.121029764718874 -0.100888661547711
-0.0397479951904672 0.126154755644599 0.113712045056005 -0.0785682417293811
0.0229376799649811 0.122562788573958 0.0866482665171146 -0.0711349275210282
0.0615589949354247 0.0795708726382389 0.0746884349037426 -0.0393951812615583
0.0736832607450034 0.0439186890482113 0.0798048068508034 -0.0359687587481712
0.0791420305436892 0.0119014485624157 0.0789955346091066 -0.0281985880089393
0.0702863741770471 0.00318185551986027 0.0732312386642747 -0.0167948003801817
0.0736521045365149 0.0076098218244273 0.07083760170933 0.0172550939029224
0.0754730727512484 0.0385642321308541 0.0495515504840859 0.0521459015202235
0.0580325269994142 0.0687763342202899 0.0110791065471024 0.0821508546312651
0.028244336637028 0.109580707400932 -0.0444316164773065 0.0525778493940094
-0.0268114723619892 0.116612809497511 -0.0492539743172228 -0.00967098241780611
-0.08946914889993 0.0853450511754868 0.0138037771776335 -0.0441483478903988
-0.103894732781798 0.0658286037086391 0.120448477176738 -0.0344900677340576
-0.0355106415643486 0.00707504562595776 0.113660395266396 -0.167127964522608
-0.059347382486916 0.0255951739715537 0.108930907920962 -0.116851505611752
-0.0370255503868438 0.0627541663907671 0.0988568301139523 -0.0648149513962753
2.77637892220246E-05 0.0673538694489774 0.0842837346368025 -0.0457619094769338
0.0233672428455048 0.045348838147152 0.0915661844772737 -0.0217245757944221
0.0307504399961248 0.0307982475414026 0.103288948815701 -0.0298672864104414
0.039516610936797 0.0168073844047249 0.0993713978795685 -0.0250128730934987
0.0389008636718392 0.010950243724215 0.0939082419704536 -0.00808227476652775
0.0405727093062749 0.0156135727227595 0.0907592627360056 0.0312109677977035
0.0397357035678083 0.0333926810322906 0.0629044017506818 0.0726420423977131
0.0259099240188884 0.0522385383956633 0.0160095806745161 0.102733154246307
-0.00204141637983353 0.0782938727661049 -0.0406958830740155 0.0675271446662707
-0.0449522405263819 0.0703904837353616 -0.0400121328274355 0.00228433763593575
-0.0787988302891616 0.0290851694690635 0.0210801661923341 -0.035425594110785
-0.068735432159506 0.00616846364436789 0.13443234944912 -0.0369050756527443
0.0149584828534934 0.0412823693599971 -0.134924294208233 0.0515360284292997
0.0414655705506461 0.0128258774035439 -0.0256594792088224 0.0548357236044595
0.0440262340331439 -0.0235845078678206 0.0443453244825456 -0.00922402928185374
0.0126375285368311 -0.0335846366443502 0.0522533826456699 -0.0768420467727804
0.0065463356265043 -0.0227547645343162 -0.00942799171191351 -0.121998699543951
0.0060931959542572 -0.0200422227268445 -0.0759237158168509 -0.0879749201702371
-0.00368771206888784 -0.0208687654700009 -0.104667276368619 -0.0363647962017059
-0.00240971417842215 -0.0198096491052607 -0.109756983927695 0.00224464466687336
0.00342981536630851 -0.0268690645298208 -0.107799583228218 0.0314700074194049
0.0167759440339601 -0.0239768954609349 -0.114046723417734 0.0404257961996178
0.0196639610376493 -0.0183371779895045 -0.110492448184329 0.0317058710707812
0.030833639797976 -0.0174217856870385 -0.0967443525158057 0.0292661437256415
0.0418463000565701 -0.00597496986922692 -0.0909032277983648 0.0499175666680755
0.0328635447024046 0.0298070220701203 -0.0694621909658919 0.0951395352128634
0.00596080010292299 0.0444942690698694 -0.0758200305429524 0.165981976326733
-0.0265706349052165 0.0866252507005361 -0.122691603563147 0.0198511228257391
0.00138996456757563 0.0623429301261282 -0.0103023415898632 0.0374133050829552
0.0279461242408734 0.0371965415992128 0.0559428234205265 -0.0325616013744059
0.0236198616084809 0.0232619426069323 0.0555575857966325 -0.0978119725435565
0.0342218139693199 0.017139056722958 -0.0102163738956095 -0.131207379955149
0.0441145664567348 0.000656394637130227 -0.0745425297286259 -0.0940226295177094
0.0390304408430176 -0.0188676821695391 -0.0976356612070438 -0.0437777694846094
0.0345384240608657 -0.0247378295132994 -0.100268040075554 -0.00690065596494194
0.0429948353235704 -0.035318792755514 -0.0961702605684755 0.0254703445121227
0.0617114550225161 -0.0186099111368239 -0.10154694695107 0.0395075333308804
0.060390161923167 0.00272911791113816 -0.102435598150034 0.0352644183867262
0.0633959958336107 0.0266770526148683 -0.0952027912513015 0.0277816365610904
0.051035858814592 0.0514817545463746 -0.0824709669606336 0.0368006717498643
0.0125802476167611 0.088058371269528 -0.045334155235604 0.0788826046644037
-0.0322913013195966 0.105743594931424 -0.0444855289339456 0.146765716213441
-0.0660977743297682 0.120595054139226 -0.0909377897705079 -0.0172496455009025
-0.0427051551104033 0.108456647187366 0.0197104870523129 0.0196149206796441
0.00759823722733416 0.101664243897133 0.0787800453835262 -0.0531500459571725
0.0367328059216324 0.0852674055795614 0.0643321203928943 -0.11543988283357
0.0643195272073425 0.0581117934570224 -0.00647087065729837 -0.13197325358502
0.0801801837129875 0.0226356029913845 -0.0621002269632784 -0.0921289289764568
0.0773473120243611 -0.014061199713303 -0.076610984761791 -0.0463057067264156
0.0662259901625892 -0.0265801073373005 -0.0758096030330739 -0.015592207713279
0.0751890807967554 -0.040792418737127 -0.0712879563468763 0.0171912894609022
0.0971151944869023 -0.0148146888574148 -0.0773757309195188 0.0372477187243768
0.0953537725721722 0.0172900296559031 -0.0850453753054603 0.0420864408516514
0.0952991092629727 0.0605698768315195 -0.0900413452335613 0.0322801023648681
0.0639223913155759 0.099229916222721 -0.0804792941088982 0.0248457877340715
-0.00186568200432786 0.135685263477309 -0.0295509604310229 0.0502001484826981
-0.062724199903581 0.152109325482659 -0.00894083447453277 0.109211252590244
-0.0934344256062553 0.138167458570071 -0.0436143740437804 -0.0593224133461008
-0.0770152469996829 0.14327919205662 0.0568360339828292 -0.0049375135238408
-0.00848172771147109 0.157773049704154 0.10220134293583 -0.0701579780882702
0.0515318010715008 0.13903955305111 0.0743812094539134 -0.123448943871056
0.0921933518699773 0.089992287985611 0.00524824071848831 -0.120674639683052
0.108254671825802 0.0389845711379693 -0.0368696401884478 -0.0822620310252382
0.104793589977561 -0.00907215634846825 -0.0426435274054335 -0.0449915697290588
0.087692832552766 -0.0250019205307954 -0.0406537161917568 -0.022840472034421
0.0950948147386788 -0.0390335089902792 -0.0372810065551543 0.00872707418583153
0.117887399095572 -0.00774446287499029 -0.0444588221546064 0.0331431545440961
0.115297829386462 0.0297634887772074 -0.0590680860465856 0.0480390812708409
0.11400339870468 0.0853381905928083 -0.0807338987359465 0.0371973605046223
0.0692757375589685 0.132985003303138 -0.079443096742522 0.0126661006674883
-0.0174003892072915 0.164332344520312 -0.0200539914482027 0.0154486986595162
-0.0866874426749279 0.173843836463974 0.0268905718172923 0.0616256525958852
-0.102931938197926 0.135358338820575 0.0101206175294894 -0.102447857086045
-0.0941577256534131 0.15361260584492 0.0897780320407315 -0.0394218698823551
-0.018611244203836 0.184318275249988 0.116688526355076 -0.0830493302971096
0.0592594018563984 0.166251682010002 0.0815269900671216 -0.117776803586094
0.105771615290329 0.103602460037409 0.0256097797939613 -0.0985128669590395
0.118276991021616 0.046696817402194 8.10952447371733E-05 -0.0678680080019917
0.114671181740005 -0.00366621492009357 -0.000528248353624241 -0.0420502222544395
0.0955115617649352 -0.0192851775001105 -0.00070364742986041 -0.0265021605905153
0.101893567130277 -0.0290078270607303 0.0015636033056118 0.00288395609504407
0.120620209752069 0.00542543465135012 -0.00807864306080035 0.0302580196093326
0.115501375058553 0.0454632136510232 -0.0302047542467721 0.0538939903112454
0.10747259254816 0.104682989871849 -0.0680389143817881 0.0411618504145373
0.0535699133369726 0.150039344147971 -0.075699205180249 0.000311363260263947
-0.0406136675407284 0.165286478837679 -0.0131343217111902 -0.017277247376884
-0.102389589887005 0.164508668072758 0.0605381257988819 0.0141490343550412
-0.0930900073392649 0.111981402358425 0.0573322621185187 -0.14023230428545
-0.094001233717151 0.134020994359052 0.11071089342939 -0.0771157711399673
-0.0257371161661652 0.172467923569418 0.118035215326376 -0.0893554988760503
0.0516550914743302 0.158524540580907 0.0836156031367507 -0.100799951015346
0.09684332359183 0.0981151125426278 0.0498325894328382 -0.0703740456713146
0.107185754416735 0.0456921373377037 0.0410820458184037 -0.05216385460682
0.105471618862902 0.000880985719023417 0.0421863530740783 -0.0379327188042827
0.089382674749525 -0.011543114201833 0.0389285707008115 -0.0266721565617816
0.0942897671712648 -0.0135426851043196 0.0390890684558814 0.00387300926165614
0.105868727315658 0.0217626310008125 0.0257524980204278 0.035005048263209
0.095121994535248 0.0604443871469289 -0.00300385053843812 0.0638763511909982
0.0771565055772656 0.115219713584396 -0.0535610642343458 0.0465156724667509
0.0194594374566809 0.14511863490491 -0.0660882670101744 -0.00771299063109387
-0.0666394441741728 0.138869560725077 -0.00298089021392607 -0.0395229621374533
-0.108106033902793 0.127629583840722 0.0920628368833422 -0.0228748092588113
-0.0678986020709174 0.0672947757724157 0.0905040313361602 -0.166199789308856
-0.0794954735391044 0.0891434988444158 0.113565312738922 -0.108221947302514
-0.030362363232797 0.128115966633998 0.108822630978683 -0.0854219558954209
0.0313728499793282 0.121615177687373 0.0830000621480562 -0.0766204904158232
0.0677162952993702 0.0751951394039716 0.0726315789233157 -0.0446755416927011
0.076052475854655 0.0382525698506408 0.07754189766214 -0.0412505184843813
0.0788755238155979 0.00693800076215667 0.0772880440703965 -0.0351687778126969
0.0695535421357761 -0.00138650389421418 0.072064527845798 -0.0222796912717434
0.0728719154658597 0.00198703907566058 0.0713323106303832 0.0122180264187529
0.0776009006829202 0.0321813050869362 0.0518849827821935 0.0489431415234053
0.0630025935791038 0.0638904944950742 0.0142694945411769 0.0816203944331225
0.0360240126426272 0.106615075050418 -0.0429281606913061 0.057172643944113
-0.0185059864367772 0.117346976904466 -0.0521660944380429 -0.00669090427456178
-0.0829866152043968 0.0904162855737664 0.00982436053784107 -0.0450639937178434
-0.0973150031758955 0.0718606582792754 0.116941010171247 -0.0421273129409569
-0.0352088023223817 0.00877341026338897 0.102273809818542 -0.174383469540239
-0.05799843948093 0.0293675601813762 0.100234104284336 -0.122460344199955
-0.0328568848688351 0.065332421232557 0.0946513951216636 -0.0704971386660212
0.00405206325974207 0.0684699664162357 0.0823285552602255 -0.0510332859808687
0.02669992598707 0.0443209503888167 0.091160912530007 -0.0278907554448533
0.0323868258447977 0.0287784731990031 0.101611746044681 -0.0371350710563873
0.0402880661314064 0.0143059099839301 0.098304880758491 -0.0330031582646423
0.0387663845925957 0.00810297005270359 0.0931045848777966 -0.0147359571164528
0.0408129249033639 0.0125736589808656 0.0918042215327379 0.0251718263830515
0.041002125366512 0.0300828922369161 0.0663287128295133 0.0681485931723467
0.0291984113077224 0.0502740754962818 0.0212743851430805 0.101553533271602
0.00379610020889306 0.0775745483074002 -0.037974033096375 0.0703349798754351
-0.0401013611695365 0.072763057319483 -0.0420325045511274 0.00448940721535896
-0.0767003873354153 0.033385825526182 0.0168405904701695 -0.0364384379897125
-0.0676187079120337 0.0106991245850825 0.130915639156942 -0.0452351648417426
0.0173947814039015 0.0396711387683718 -0.126356585966483 0.0557103655278647
0.0412327677549946 0.0100323238289307 -0.0209144038730842 0.0542255855187309
0.0413796378812402 -0.025841753676768 0.0429319659099876 -0.0102497353193576
0.00992406869891283 -0.0330686956404512 0.0476703730571324 -0.0763048682439453
0.00416221570833381 -0.0229400158788189 -0.0144100798530085 -0.116768966589308
0.00440364269139515 -0.0199071375773247 -0.0765653791728462 -0.0807130899604386
-0.00418766449879311 -0.0191223596144891 -0.101620599634619 -0.0290822411564086
-0.00304601104251984 -0.0182342724412701 -0.105848150402886 0.00837802020756192
0.00139017154019418 -0.0255644148048912 -0.101829603233976 0.0366854351813195
0.0150649218917829 -0.0237599836529725 -0.107643721497947 0.044643946073921
0.0177244458410702 -0.0192711957418521 -0.104766217606754 0.0371423729682592
0.0283363564236116 -0.0191106926151642 -0.0919852156922028 0.0337039157994882
0.0394733150544448 -0.00793179581384307 -0.084789428057404 0.0519521876946545
0.0342282501305189 0.0273373992237402 -0.0625840051549348 0.0922477548426277
0.00836932059720291 0.0424979493144462 -0.0640458215945381 0.163380221228817
-0.0202946507122848 0.0844625008568228 -0.117024734529756 0.0246807273306536
0.00527004287665455 0.0598169748898745 -0.00679506028696794 0.0364603409764357
0.0297317733743283 0.0329824690123523 0.0529743843911787 -0.0338664104431989
0.0246592498631425 0.0198913878297732 0.049154331395198 -0.0968900967338944
0.0339792121702623 0.0136077665921583 -0.0159859075189398 -0.125503896249277
0.0425816871746997 -0.00260777831588384 -0.0753039567037247 -0.0862238998610317
0.0367584880189826 -0.0202416444024786 -0.095758399865535 -0.0369700439141371
0.0317386802882642 -0.0253301940232734 -0.0970226027461712 -0.00100906283983342
0.0383273333125826 -0.0358402258230326 -0.0911624996791566 0.0301095173932849
0.0580220001907942 -0.0214306995342938 -0.0960141194472845 0.0437910978059569
0.0579794935147892 -0.000967371436346129 -0.0977639359113631 0.0404679908267393
0.0622798467734759 0.0212644541568879 -0.0905949137144845 0.0323118379354273
0.0519732087681157 0.046544419991733 -0.0782343293377988 0.0387270062034291
0.0177630837677116 0.0844235201154702 -0.0404141405103899 0.0757486797889608
-0.0240339112774319 0.102815524836069 -0.0356731385837119 0.142226213796231
-0.0563796572458831 0.118809479961188 -0.0885989463995419 -0.0131304266115731
-0.0345891583353972 0.105963213923056 0.0212059510232687 0.0181791264540903
0.0143233536711638 0.0955330280871898 0.0737780956913535 -0.0546882485118062
0.0406262648380866 0.0786372173860989 0.0570952566019973 -0.11480377788172
0.0655937411761652 0.0510473294500113 -0.0129298191761418 -0.126668706623925
0.0782910488428299 0.016119531810789 -0.0629880797493707 -0.0846780044008605
0.0733946243351974 -0.017938073366718 -0.0754209443873181 -0.0411768121650342
0.0619282872077749 -0.0290396896852272 -0.0741447145165971 -0.0107238858657352
0.0684133140150803 -0.0426384878863954 -0.0674568319150706 0.0208619251818691
0.0917355807509407 -0.0202901284231301 -0.0726980942677279 0.0404680483424267
0.0919455971008167 0.0107214732393852 -0.0810436421347269 0.0459571270103699
0.0946157786861734 0.0513619001159602 -0.0863070521427662 0.0367264859656279
0.0673790424574275 0.0912490062151123 -0.0770812310482742 0.0272470986306421
0.00690004423932591 0.130522816613202 -0.0263212306780745 0.0481175988789282
-0.05061847108577 0.148723405171479 -0.00331724823509749 0.104761708166532
-0.0822526173836019 0.136885935867519 -0.0448944566403559 -0.0556542677902175
-0.0656115672060693 0.141232478860227 0.0549572941170517 -0.00736164183168874
0.00222328454344679 0.150416051004418 0.0956539359722945 -0.0720889285904643
0.0581956038758938 0.129473012951979 0.0661443088933403 -0.122732753082597
0.0943282532716769 0.0795634078911681 -0.000775389734801786 -0.115931061175063
0.105798291133484 0.0302292375862913 -0.0385337998053369 -0.076257020898568
0.0992379243240966 -0.0146404523087214 -0.0427559111665609 -0.041965116758899
0.0822776386402289 -0.0281947830158462 -0.0408310831849995 -0.019704674326784
0.0876432258642618 -0.0425077739508994 -0.035267100396139 0.010801088307115
0.111719984538155 -0.0147941257096239 -0.0417072146781422 0.03469509464481
0.112395930179641 0.0218503115342642 -0.0560813634121579 0.050488315784789
0.113486670028367 0.0735519557838892 -0.077237459099203 0.0416577389353282
0.0742774876246933 0.123323253541716 -0.0773815140221413 0.0156186894352669
-0.00654126617230886 0.157835787891026 -0.0203306888848513 0.0143805984204081
-0.0712944827349822 0.170166774116366 0.0285208002319071 0.0566003190218354
-0.0912324147347872 0.135466882414794 0.0033419943007584 -0.0997408589246396
-0.0818828450448108 0.152140921733903 0.0846292035985568 -0.0424142780051009
-0.00644756692078513 0.17697060300731 0.108396706322588 -0.0853996644759155
0.0668618439601218 0.155598192670481 0.0728663946816864 -0.118091547831726
0.108045480734263 0.0927905169455934 0.0203651056296629 -0.0960774678601423
0.11602017633655 0.0372031028948501 -0.00240304041136216 -0.0645953983813452
0.10904640575757 -0.0101228132134084 -0.00262469366831058 -0.0417944602210713
0.0900005732223035 -0.0231342086589637 -0.00246860117236191 -0.0257681089484876
0.0943096226054652 -0.0334060505173787 0.00122455444509797 0.00355152339083692
0.1153289017955 -0.00254692518529636 -0.00742495871784342 0.0302136054763325
0.113523139166407 0.0366001191707897 -0.0277840045760155 0.0545961130757028
0.109605941472843 0.0933904799923241 -0.0649313076161586 0.0446388712582425
0.0608701484439828 0.140428819391576 -0.0748790301777393 0.00404422979956741
-0.0288100799300557 0.160068527767535 -0.0154037335459376 -0.016978708918793
-0.0874933698706098 0.162584445344567 0.0582573325065459 0.0094921720546483
-0.0837912555482687 0.11180555867181 0.0470228701320817 -0.138376868398395
-0.0831114590714399 0.132906506546664 0.101998358847432 -0.0796038592165311
-0.0141037145774999 0.165754928403371 0.108938294480462 -0.0921289578512392
0.0587501163850638 0.149360949500375 0.0764275306813291 -0.10187237130766
0.0989293664358992 0.0881056977130546 0.0448390452248979 -0.0706005546058485
0.105371181222039 0.0374879327322087 0.0375996101274109 -0.0528195647758602
0.100501834406802 -0.00499130047900383 0.0382010850469066 -0.0409929840278539
0.0842870021220391 -0.0154271493331185 0.0357879906064902 -0.0279304086450042
0.0879093007044691 -0.0184484187099775 0.0372251751464153 0.00192562900434101
0.101819865024773 0.0139520667398536 0.0256686488132344 0.0329273030669652
0.0950954068037039 0.051966626290132 -0.00153008413779081 0.0625516650864078
0.0804584837184406 0.104971970340456 -0.0510248890297762 0.049350099949496
0.0274219546387008 0.137483925135538 -0.066431168081 -0.00430177701324973
-0.0558554545013163 0.135936028591235 -0.00649059632384079 -0.0380344295455172
-0.0952025452800482 0.127051214460033 0.0864367060553738 -0.0269151012041919
-0.0619939843020013 0.0674350899420157 0.0777018822617197 -0.16494742578977
-0.0714724915823637 0.0897154223213542 0.102746025043096 -0.109078521850855
-0.0212372045355334 0.12428895806479 0.100316753840068 -0.0870666333833462
0.0374838652475435 0.11523384195764 0.0761420039780317 -0.0777731989849352
0.0697508172828445 0.0690386130163344 0.0685126245613237 -0.0466287120059757
0.0754419058841563 0.0326422559182687 0.0729632307661161 -0.0442565337357475
0.0750239826409556 0.00242088984786183 0.071893241079177 -0.0399031560526694
0.065566844374203 -0.00481550672530532 0.0677447923432488 -0.0260560812136527
0.0689274567439937 -0.00269677928628687 0.0679133194715902 0.00773714377520309
0.0754970184634523 0.0255828728103019 0.0510863516135948 0.0447345927755189
0.0638183841874863 0.0576009203273302 0.0165314871333243 0.0781974060534934
0.0410908488006103 0.0993683733115462 -0.040184074158817 0.0573690839306691
-0.0107785587132726 0.113069700237769 -0.0525948293287397 -0.00394038474026633
-0.0746260983934435 0.0901811712083967 0.00536738230573989 -0.0440189808515532
-0.0881185644269277 0.0734171702104786 0.109383565292957 -0.0468678818680062
-0.0341032726564904 0.0100117624577842 0.088621758335516 -0.173076206643846
-0.0541674081837727 0.0314938569072086 0.0889108754612451 -0.121879628345423
-0.0279668766911274 0.0647454322609576 0.088153366118836 -0.0724443017206607
0.00811323136557894 0.0661694981507826 0.077469145447406 -0.0533784892734685
0.0285676651744218 0.0412079621032473 0.0870812888496878 -0.0319165559852249
0.0330639955527746 0.0262093902592335 0.095837218379027 -0.0416950814764848
0.0389859879990617 0.011815368149203 0.0924568516195833 -0.0386984638841067
0.0369767834410887 0.00582627514649038 0.088129286294199 -0.0197849688377577
0.0396337574697749 0.00973736738633759 0.0885079117007913 0.0189153318889117
0.0402331448428276 0.0258687241468766 0.0663309743493606 0.062741741818234
0.0308135532914757 0.0463867368018399 0.0249284308506186 0.0966491973426566
0.00844432764148246 0.0741387916359742 -0.0341242252275667 0.0701980714230476
-0.0345074193714863 0.0720069222287211 -0.0421385721532006 0.00641203921436155
-0.0723987606242019 0.0357973341512371 0.0134626379945966 -0.0354557688343928
-0.0642652457123929 0.013304329703869 0.122704780612456 -0.0497834530925796
0.0201929220513932 0.0372652044298401 -0.108877295363021 0.0730385848060664
0.0410840313482294 0.00488343481134041 -0.00863855818496821 0.0544662781239545
0.0347341036208446 -0.030665588616645 0.0441054062403904 -0.0161603935858702
0.00321826752965433 -0.0337475051264425 0.0369320515070316 -0.0814832232981876
-0.00142596531701477 -0.022303214602879 -0.0297654244989119 -0.110376944021719
0.000630908101764498 -0.0188124788708712 -0.0829734552722848 -0.0672830894749719
-0.00601896557453513 -0.0163027979453322 -0.100189924914764 -0.014788476824736
-0.00455447370974764 -0.0159868036470132 -0.0986484887718297 0.0235910147269783
-0.00132343316712863 -0.022723576772674 -0.0912749906702024 0.050762394403638
0.0104993430994232 -0.0235924918738802 -0.0948966723586388 0.0609166316828638
0.0138685000161399 -0.0190800431926033 -0.0940676149610576 0.0521572931878841
0.0230594753407419 -0.0213874898063342 -0.0827333099669532 0.0458944350389951
0.0353287557138341 -0.0114111748472749 -0.0719317523140705 0.0615652769771892
0.0346795166818619 0.0219875297932863 -0.0459966714776066 0.0945155234565613
0.0126927088175515 0.0420493103882357 -0.0384043912585437 0.160640812187595
-0.0099722106359504 0.0821725818515928 -0.106886953975089 0.0446310445595212
0.013827382789964 0.0547848176541993 8.13725278776406E-05 0.0375137105705993
0.031962764439958 0.0240937533162224 0.0478512761474902 -0.0363053080277993
0.0237448361728411 0.0118427947128367 0.0339161152617262 -0.0973422392036199
0.0305350610685769 0.00688870738486385 -0.0315737358047745 -0.115142391727972
0.0375417756874698 -0.00715653665061832 -0.0807157149095191 -0.0715487204273032
0.0308892652740204 -0.0228379536070833 -0.0941413848563325 -0.0224283930724199
0.0264027129194072 -0.0262324234166619 -0.0910144290248946 0.0131965310604866
0.0309843735397524 -0.0373929019687705 -0.0825781421891686 0.0435442058325494
0.0508185323428822 -0.0272077568892072 -0.0846177047725828 0.0588024680046917
0.0535910675635843 -0.00637002187826366 -0.0875943141313595 0.0543941870636276
0.0591330312456482 0.0120770185332259 -0.0824010630652044 0.044349706890745
0.0526654398484335 0.0371686082637404 -0.0684671164722064 0.0488664388933784
0.0275050748023036 0.0768277298207465 -0.0284570165985223 0.074341591517386
-0.00985875143977839 0.101138457820054 -0.0152292872860516 0.136685159139616
-0.0396383899438107 0.11653847354752 -0.0886888953899829 0.0061906742669543
-0.0170513438065864 0.101213898462199 0.021206743742099 0.0173606789777348
0.0253213404524934 0.0827254080323901 0.0618148185606941 -0.0558016524044776
0.0463469241469748 0.0629111071644772 0.0374768457200771 -0.110862075373872
0.0641405591238886 0.0369970345102336 -0.0265916874762967 -0.113984593969196
0.073741534486929 0.00557470462017301 -0.0672823418082044 -0.0707831558108548
0.0648030660576672 -0.0255081196786436 -0.074176121253225 -0.0287645383020979
0.0540292367490554 -0.0328419015175252 -0.0711889683827487 0.000581579942090496
0.0576447552862189 -0.0469248693159377 -0.0615492972681966 0.031961086012292
0.0830549014757586 -0.0303728195506601 -0.0636712375486618 0.0526405373005807
0.086559003814758 0.000805550310812854 -0.0709413674452967 0.0576472463883169
0.0938116105674363 0.0362449709772205 -0.0784577452417428 0.0481211380061538
0.0718429328414509 0.076859255251364 -0.0703077499735392 0.038689309563324
0.0235987749951498 0.120289543194669 -0.0212778100291159 0.0457859094050109
-0.029370218247658 0.146364750455067 0.00965276745187485 0.0961614628403149
-0.0616823530851803 0.135188790644328 -0.0561666096690947 -0.0393934971044287
-0.0418471516063158 0.136837137904355 0.0474598073924141 -0.0107326567363381
0.0214512660694445 0.133694142113349 0.0774243126145632 -0.0721251147910849
0.069678362250798 0.106636768420082 0.0432659165396527 -0.116602256337186
0.0945510072965864 0.0594275029006842 -0.0124843666103477 -0.10417579123655
0.10081437802366 0.0146392857101708 -0.0418444176782669 -0.0659442901583554
0.088948480272733 -0.02609624700054 -0.0421545226394545 -0.0333743237313966
0.0729458067209812 -0.0349120895520275 -0.0407630260331241 -0.0121913822864796
0.0753142188897523 -0.0493733386986446 -0.0329526012895341 0.0173014921288925
0.102131435907264 -0.0275063773068626 -0.0352416896786403 0.0427255675575611
0.106861012065116 0.0086096577915511 -0.0466595687899446 0.0584543623526669
0.114898524509613 0.054937128049775 -0.0700354530895911 0.0514581357445601
0.081620495252938 0.10540405975192 -0.0733522591405832 0.0288141719630687
0.0147326134263752 0.146932083766013 -0.0210790609214652 0.0137044513388618
-0.0457484380256891 0.167893375069524 0.032202421893421 0.0472436469137492
-0.070494440767189 0.133402595587519 -0.0184985586098287 -0.0880249195831178
-0.0553833574154947 0.14852094707162 0.0688039932970751 -0.0476990893133525
0.0167991214671769 0.158584420719174 0.0865303171239972 -0.0847075972284317
0.0813776265591694 0.128934312652822 0.050361753845501 -0.11082971830037
0.109840227711629 0.069439100675182 0.0114049857181382 -0.0872919676901201
0.111966721602872 0.0199909711343643 -0.00527431480860167 -0.0598034189986627
0.0984706036133 -0.0236192229660533 -0.00356828173874442 -0.0387354764548295
0.08054311986558 -0.0317651860998136 -0.00562541186514571 -0.0238976673302057
0.0825572646949232 -0.0421201541936025 0.000317868332430937 0.00508517753588727
0.10708943290611 -0.0167847297871181 -0.00398403023291941 0.0332752036165599
0.109591506702123 0.0223394107958248 -0.0196869938370043 0.0571153737874626
0.113105784605763 0.0733597634679471 -0.0579786271561259 0.0524516219907312
0.0710312016680175 0.122162251586932 -0.0732592492356675 0.0173502435745654
-0.00538707628528028 0.151506702209825 -0.0207922315571763 -0.0164658601987931
-0.0616702785354701 0.161645333464932 0.0540856185148957 -0.000768382911251372
-0.0658203639170179 0.109391506734792 0.0163845026060263 -0.131751666348869
-0.0598104010340907 0.130579839850104 0.0794019434514689 -0.0860254232303406
0.00766153454228065 0.150088458037741 0.0858254171060449 -0.0920065639913002
0.0736652430478725 0.124898031715359 0.0552605621931997 -0.0964906872045694
0.101591019204401 0.0664515530396523 0.0382621987145741 -0.0669829840026834
0.102037686294024 0.0208735822047846 0.0337768225616644 -0.0543276776413293
0.090960471271559 -0.0178849447299575 0.0352085426162524 -0.043651476354723
0.0758554779864068 -0.0235470783702943 0.0299402270205584 -0.0315199863396557
0.0789432289103369 -0.0279800262649214 0.0340026929844192 -0.0019582006722429
0.0970296994896677 -0.000448091031721568 0.0269120829100116 0.0295947787661693
0.0945451852065484 0.0385730446158205 0.00628585886023447 0.0608811938862101
0.0878497588113984 0.0881866195142201 -0.0439606158490037 0.0539435508703191
0.0397166221584629 0.123171949510235 -0.0667008125680053 0.00826161271426086
-0.0340517176277473 0.132137268757866 -0.0151112199805327 -0.0372945616096818
-0.073070746095481 0.128563879217178 0.0754327786738835 -0.0384416961840625
-0.0512999803139645 0.0658348511125424 0.0422705799838298 -0.163518737068654
-0.0551760068664879 0.0890741852542231 0.0760039063913227 -0.115194300131231
-0.00425897883791282 0.113793659898035 0.0781787259074719 -0.089309899436332
0.0492482950160201 0.0984442640453671 0.0591525486783735 -0.0766786189228016
0.0725314389964749 0.0524587174041643 0.0623201127394804 -0.0499051243790542
0.073821900326069 0.0203111453820348 0.0665871744452002 -0.0519905816186048
0.069112109854206 -0.00825933643968448 0.0664003226717795 -0.0474224579259193
0.0602973432150738 -0.0125776598826676 0.0603485556234096 -0.034011291780906
0.0633435207588369 -0.0108094737508933 0.0643536625873712 -0.00172458978969605
0.0738951841386608 0.0143472092602344 0.0533853064768328 0.0365544404020412
0.0660808766404171 0.0472865506999948 0.0258161148000691 0.0719278266582304
0.050177467095788 0.0881451463622444 -0.0315733108310741 0.0595843021736383
0.00207699938036362 0.105316022604143 -0.054340905422637 0.00561372339938395
-0.057745929783124 0.0925636945015651 -0.0040191322611463 -0.0440084586675625
-0.0730536363797371 0.0774589139155439 0.094817236959917 -0.0595112352640256
-0.0311031692732263 0.0092817572463047 0.0538080076124337 -0.175734981556361
-0.0475873441500507 0.0340700413118207 0.0617048875139031 -0.127198510360178
-0.0175508725624703 0.0609466022676991 0.0689840626918125 -0.0771491230233574
0.0167123985589799 0.0583566314991078 0.0642967724137704 -0.0575006187992083
0.0312653974114287 0.0328993278293337 0.0802221445472094 -0.0411398504944269
0.0334074705029154 0.0196016502401437 0.0872494992270354 -0.0531152862810688
0.0366356522055067 0.00524920500207379 0.085150139604136 -0.0492352644480801
0.0348451536439228 0.000813548374391501 0.0805406229945399 -0.0315422708224163
0.038050148076405 0.0035990665123945 0.0856953852762466 0.00517964540340442
0.0416159644220494 0.0189471343762176 0.0709187607797001 0.0498648101060795
0.0349612203261852 0.0408449143877811 0.0372652613663841 0.0875925360541688
0.0165262856418971 0.0689851013116713 -0.0237596113894757 0.0710896262072523
-0.0246507517703171 0.0701434383025906 -0.0419797807079186 0.0131451188294603
-0.0626691952108298 0.0420912072367601 0.00600969463877835 -0.0367843216877002
-0.0571212793449126 0.0181258344406042 0.107781408572362 -0.0635059955577977
0.019489350292557 0.0364007618204048 -0.106432969768363 0.0662160492325385
0.0397507942208042 0.00572959153193916 -0.00937239393934302 0.0524381219385714
0.0343825872282185 -0.029502328619548 0.0446478981625637 -0.0136478821960481
0.00371153709103183 -0.0331118352732427 0.0390248372955845 -0.0776543431187231
-0.00147691035480324 -0.0215527513259294 -0.0248967260408283 -0.107562937811917
0.000516213214347729 -0.01827643511065 -0.0766128540032539 -0.0674030554440207
-0.00470262179854554 -0.0159566644366026 -0.0955386633253833 -0.0163645363736208
-0.00386317617482223 -0.0147949835125125 -0.0952166816584446 0.0206241389062015
-0.000910873995775348 -0.0213480333189308 -0.0891845601531494 0.0467782500074403
0.0107300462025398 -0.0225503444910466 -0.0936136442929576 0.0568794605641908
0.0132400930335008 -0.0179582325363533 -0.091931199420843 0.0486604831484181
0.0218054268021819 -0.020204818473519 -0.0811381787398049 0.0415617269360606
0.0346145005122687 -0.00967438055772007 -0.0715785392746912 0.0564334975907782
0.0334052681795707 0.0223249201993318 -0.0473237635030782 0.0883336347009653
0.0108993114824019 0.0404505028619523 -0.0411624012723607 0.153335206491073
-0.0104453238352759 0.0788483185282756 -0.104928933467627 0.0390367514734899
0.012578071595033 0.052849138493666 0.000255139704588267 0.035459313084623
0.0302092539940297 0.0226524210228518 0.0486124482338824 -0.0335499485365526
0.0224907562159977 0.0111888694433409 0.036694970711256 -0.093041835910902
0.0287745864354027 0.00686411800455415 -0.0264515616052269 -0.112458762586772
0.0360611095890003 -0.00703975551690772 -0.0741773980806398 -0.0710925060867343
0.0305013494910247 -0.0210726557818182 -0.0893141237209629 -0.023603647907859
0.0261500271148257 -0.0242836342192579 -0.0883269652675415 0.0109409687084515
0.0308432000821866 -0.0343890416597907 -0.0804447084457095 0.0399994228146398
0.0494093487633074 -0.0247826343924965 -0.083322583181304 0.0548929449799866
0.051300830101375 -0.00490266324806751 -0.0862792478679702 0.0510454919843776
0.0564370473677503 0.0124080596680109 -0.0816255198496359 0.0409443036961575
0.0506267403264812 0.0368758371094224 -0.0686250075720086 0.0442565498969558
0.0255049177405502 0.0740564374440907 -0.0309059905695928 0.0695350882615642
-0.0118590260546251 0.0967075676575225 -0.0183031924209461 0.130458633083727
-0.040537625033613 0.110916202092392 -0.0862779551159373 0.00305720411868178
-0.0180366175285354 0.0968739296840406 0.0211626984038307 0.0170035017684382
0.0234928076208715 0.0792509630743674 0.0623325356853921 -0.0517532971213023
0.0435601861242664 0.0603815619485465 0.0394771157238256 -0.106543803209564
0.0612238496564601 0.0362913525176768 -0.0214801017624958 -0.110901753036352
0.0700643556064006 0.00644598907473845 -0.0612432097213072 -0.069714186589818
0.0623821256296699 -0.0229362213907926 -0.0704929491174736 -0.0298967991687237
0.05246453646293 -0.0299164847395318 -0.0688753217911826 -0.000794369300282272
0.0558573624946747 -0.043210474539276 -0.0604769501128198 0.0293776693108522
0.0794216395585412 -0.0275650309194949 -0.0630008430017954 0.0499836309819692
0.082843261474032 0.0028576025010176 -0.0704263710321868 0.054850359628732
0.0888762341290017 0.0359229834507401 -0.0775192256617841 0.044905768009456
0.0675596287704433 0.0749984213907296 -0.0702032908732831 0.0351720140471967
0.0207917545632878 0.115314063103684 -0.0227386059870147 0.0421410225989848
-0.0309049481395967 0.138719804107176 0.00632961461084696 0.092196785509101
-0.0619994790552667 0.127807162155248 -0.0544109237397745 -0.0390613983481824
-0.0428100409320764 0.130609389435978 0.046586028195131 -0.00908242613604356
0.0183340323429769 0.127833829418979 0.0780528824632415 -0.0671033782453589
0.0648429139590532 0.10277453890816 0.0457763419865011 -0.111614293226
0.0902113136143041 0.0587019555585136 -0.00845984854344625 -0.101205220870991
0.0964771263885937 0.0156166806363902 -0.0365030118776191 -0.0645542984753342
0.08531519681808 -0.0229945983183111 -0.0395453479593754 -0.0342910861581708
0.0703328395632597 -0.0316160167528953 -0.039468739207767 -0.0131139354433299
0.0726161581966376 -0.044770996113465 -0.0326517305911025 0.0160699110080042
0.0981452543375071 -0.0247873651179912 -0.0358742251772095 0.0409665739600753
0.102344338047052 0.0103442699855208 -0.047535248086583 0.0563970097290615
0.108665074640497 0.0543508359247924 -0.0691539617916265 0.0489033931986463
0.0767272335010008 0.102323997411652 -0.0734757770604457 0.0258498830818532
0.0114674242304835 0.140613943080638 -0.0218068402463552 0.0115653554943325
-0.0469312215081904 0.158832131235768 0.0292630642533295 0.0457252026999426
-0.0707797719403997 0.12574716176259 -0.0164788370833367 -0.0852265010602862
-0.0566446736293874 0.14112543809623 0.0675801965956467 -0.0434486623355184
0.0132034405601578 0.151884833986156 0.086396776784775 -0.0793784957215161
0.0752673763622839 0.125041037215078 0.052080695134256 -0.105732509885579
0.104391331553197 0.0683572735288919 0.0142773889824375 -0.083983341926392
0.106693104751936 0.0210420169130064 -0.00212414419400167 -0.0580616253127719
0.0940485364498886 -0.0201210032918213 -0.00263968933758072 -0.0387616118749757
0.0775667705551787 -0.0282489114871486 -0.00527002268672126 -0.0236059526319737
0.0792538727201194 -0.0378753236911212 -0.000266011731921118 0.00456552851060352
0.102298067411338 -0.0142686260345792 -0.00561052300758627 0.0326225947089837
0.104894898782826 0.0230645979504603 -0.0217726095330321 0.0559648694577516
0.106367079829817 0.0721107704983481 -0.0581327909780349 0.0504771488256668
0.0659625695343672 0.118220378733906 -0.0731496934608549 0.0153831729879639
-0.00848462653936439 0.144170306943031 -0.0214787452344609 -0.0164931714317981
-0.0618480746747095 0.151887607263582 0.0512274906361329 0.000109959218359259
-0.0659493052986435 0.103165580614528 0.0181028404088156 -0.126411656418047
-0.0601491813352087 0.123981217487635 0.0788067039848209 -0.0797930710830058
0.00473045989481508 0.143274876784934 0.0855464192028282 -0.0857265587799856
0.0682909942886674 0.121475121997903 0.0565298381434693 -0.0919324210007084
0.096774712466217 0.0655197322457924 0.0397445525391088 -0.0643541015402857
0.0978045863856273 0.0219002789444322 0.0349130727582983 -0.0519971263767892
0.0868392170729432 -0.0146784524026626 0.0346600044285477 -0.0428303149507172
0.0732392521619222 -0.0208488883818779 0.0289818494259576 -0.0302380759244307
0.0749502734604234 -0.024308556876087 0.0323980523554627 -0.00155820013349877
0.0926187111885715 0.0016965274121085 0.0239664287715897 0.0302987265961288
0.0895781402164298 0.0386048320023617 0.00274692603915482 0.0599949268162802
0.0823584208723833 0.0857281869341693 -0.0449125143675308 0.0527063805262189
0.0358757842211065 0.118842052136942 -0.0668485831314275 0.00711715767494892
-0.035757379131382 0.125727482483818 -0.015375230418654 -0.0364021041464045
-0.0722651826342803 0.12036014522291 0.0724595978271316 -0.0352325322742103
-0.0507382847493388 0.0617879039238795 0.0441993401710345 -0.156031458782678
-0.0558961224378885 0.0842674893201774 0.0754497293771662 -0.107727425844821
-0.00665966682383983 0.108673727582268 0.0778441681295308 -0.0837822397043717
0.0455995806083125 0.0955988313943095 0.0590337033298703 -0.0725869715148584
0.0690557211398125 0.0518243056053184 0.0628905751973132 -0.0470550775708719
0.0708010566311031 0.0212957979656429 0.0666229032863952 -0.0486178578497635
0.0658459708766605 -0.00580282107669832 0.0649075304445335 -0.0457793277885943
0.0577182588569257 -0.0102692726171194 0.0582837270823174 -0.0320274700436832
0.0603249520422762 -0.00883607155277614 0.0614830730245753 -0.000233104300939066
0.0697438707689315 0.0151938748202578 0.0493676631312017 0.0368193549095248
0.0631553666251068 0.0468419997070836 0.021937843053797 0.07012328079928
0.0463778110205708 0.0856074629872741 -0.0328367460372716 0.0580526084221003
-2.11702108072951E-05 0.100767396512693 -0.0546545862919093 0.00450101237176661
-0.0578127730735427 0.0871132857599671 -0.00335476495388754 -0.0426443612919944
-0.0713661335917921 0.071173264411029 0.0923169289153338 -0.0551931723521064
-0.0307473650538678 0.008285934692579 0.0554424189661599 -0.167210145317119
-0.0467751963371114 0.0318099813528596 0.0625326976945347 -0.119144824688201
-0.0180840402842287 0.0585901082403622 0.0687501365771793 -0.0718952322073854
0.015331698332064 0.0570486137210132 0.0643371895647637 -0.0538122675988493
0.030147263190228 0.0325537914634267 0.0793666398816298 -0.0380505519046975
0.0321228524623222 0.0194439015805716 0.0857074498065974 -0.0495774315293397
0.0349422006427683 0.00610596022710312 0.0825291137836344 -0.046746235183183
0.0332786006990907 0.00127507054686173 0.077980063941502 -0.0288883031228454
0.0356402021940536 0.0046394629992548 0.0819822424710525 0.00656788810361822
0.0389857244481469 0.0190906275297195 0.0655388619222409 0.050208255922894
0.0323405365726251 0.0394380049074314 0.0325778746132655 0.0855025003745551
0.0144878926946247 0.0664485487430943 -0.0257544309182633 0.0682412300950601
-0.0249462066276782 0.0667476785472703 -0.0430977208984658 0.0117457454940854
-0.0620145700967626 0.0384141195614248 0.00601678402466764 -0.0345188351605689
-0.0552099713399278 0.0155318702620248 0.104516628278745 -0.0584920175558434
0.0189743951922163 0.0373513733418374 -0.110091463236352 0.0610772664071284
0.0404774146255676 0.00798553892570652 -0.010227308078798 0.0518262539975253
0.0352630346136555 -0.0286425891616929 0.0471957331206421 -0.0115025396396244
0.00470929139220137 -0.0331187065225898 0.0441596041537857 -0.0769291939041834
-0.000642174405514625 -0.0219531797993972 -0.0191921694591446 -0.109540794468608
0.00133473258857006 -0.0187308862418006 -0.0721954100602696 -0.0712363240166249
-0.00363890257008184 -0.0161689106929721 -0.0935008492401633 -0.0200383578675618
-0.00322707085661328 -0.0144659715909907 -0.0962068397857623 0.0172267584426316
0.000281839220365705 -0.020968432987316 -0.0916976208026847 0.0429632189433875
0.011499756505525 -0.0219093515440939 -0.0963426949599605 0.0534866091509996
0.0139864536232062 -0.0173661991054608 -0.0946827712754141 0.0451304107430202
0.022794010848117 -0.0199731017275196 -0.0845952706092658 0.0378988875427437
0.0354888691183275 -0.0080536396461066 -0.0746484125937108 0.0518751684889139
0.0329465692511117 0.0237894599306391 -0.0517855342686314 0.0845934191369128
0.00900962669060444 0.041521915420476 -0.0478843663212804 0.151045425279122
-0.0132966376639759 0.0780204834026449 -0.107189393544266 0.033872953088565
0.0111328475253787 0.0538563868056085 -0.000835588765308558 0.0355834318213055
0.0300423568849014 0.0231767771003025 0.0518109440890078 -0.030674494122113
0.0222357487183666 0.0113660306905704 0.0419349562151708 -0.0920858396578489
0.0286281407690168 0.00761631881773917 -0.020843564430206 -0.114403962902371
0.0357192830815222 -0.00573324515580954 -0.0692077843359901 -0.0746631563922498
0.0310268581119553 -0.0196976444407178 -0.0873260996995021 -0.0278592192176872
0.0270333361039492 -0.0227139205197412 -0.0889098067330648 0.00747864853662403
0.0314507672482525 -0.0318462000967863 -0.0822464591849463 0.0368422968154559
0.0499626586306992 -0.0229110539964225 -0.08662076841448 0.0521158999156663
0.0511732029391094 -0.00349505399339123 -0.0894259621758252 0.0483454751377195
0.0556620994053234 0.0145467919308934 -0.0842674785278948 0.0367690217479083
0.04907680129649 0.0388372862960753 -0.0715500160290198 0.0407182143437488
0.022714591486807 0.0743446610743708 -0.0343087339478413 0.066266795545943
-0.0160835769356075 0.0956877799265404 -0.0240124410205415 0.128668228379418
-0.0445907917458336 0.108831522892401 -0.0870442973517826 -0.000832761810007557
-0.0219698090702268 0.0964916012629034 0.0207974669651365 0.0175671116104314
0.0209703865421299 0.0786281482719651 0.0666117440164248 -0.0487115682490585
0.0414984167725994 0.0610987420203444 0.0449803172200037 -0.105186829233761
0.0599176427330058 0.0381252762308068 -0.0163254375775437 -0.112489920299077
0.0694303605266187 0.00801540990052553 -0.0568901442964784 -0.073112232486679
0.0627968975532251 -0.0207112052251304 -0.0679424483633483 -0.033296654025886
0.0534214800541361 -0.0273429880162332 -0.0688997153336098 -0.00413192512652366
0.0568103326833155 -0.0399339498518554 -0.0620123547471769 0.0267545687660027
0.0804256389629151 -0.0243953749946524 -0.0659651683091837 0.0479287606373151
0.0822167522793346 0.0055505730589347 -0.0741101006387039 0.0529318582471996
0.0864167060850998 0.039217020478788 -0.0803184883546218 0.0418284400410388
0.0656359593821395 0.0775524012327323 -0.0735554187831728 0.0310931750155903
0.0161573880435749 0.11541654537713 -0.0259039413975934 0.0403952327671869
-0.0362452556376669 0.13651965891663 0.00167562365786294 0.0918197230061088
-0.0669750332895689 0.124751940786375 -0.0532650964897541 -0.0416497378996944
-0.0479172672352625 0.128698980395438 0.0474747999715609 -0.00672827919486902
0.0139024705820008 0.12710980040976 0.0823450434655429 -0.0631112750183872
0.0616632214474695 0.103966761211107 0.0516796727857346 -0.110053896337883
0.0878481422951576 0.0608738779045347 -0.00292788532265171 -0.102251135731057
0.0950450656975528 0.0187411214295901 -0.0325041447391732 -0.0666704377768089
0.0855911308071537 -0.0192217438878907 -0.0376882088429312 -0.0371571590239794
0.0714834822575092 -0.0281872498539221 -0.0393166572997347 -0.0151569076095062
0.0734077665308663 -0.0402883648054232 -0.0335574233923155 0.014322859486144
0.0983127970374836 -0.0211212211280426 -0.0389636713874708 0.0400331074824211
0.101647779674333 0.0140463367174833 -0.0510261534098493 0.0559239540544283
0.105474435626428 0.0585763829545343 -0.0726280613422591 0.0465625361713799
0.072976372705096 0.104764686233788 -0.07640049166294 0.0224707913037404
0.00574368020302336 0.139874351285594 -0.0238222451114607 0.0105157412160049
-0.0534636667406994 0.155421108934618 0.0268492829075249 0.0461279030644785
-0.075856647376437 0.122491419656773 -0.0135592929608702 -0.0853903300605358
-0.0628072013298389 0.138771507078382 0.0697916109972115 -0.0397656927364912
0.00721842227683821 0.150348159247676 0.0913855382437342 -0.0748873579305493
0.070819835318814 0.12688607372976 0.0577006838016886 -0.104331751068216
0.101406739490525 0.0717363154569192 0.0192652152044571 -0.0839671821542024
0.105770818839317 0.024250798446574 0.00189577416328028 -0.0587909031582431
0.0944566689076133 -0.0163822920176572 -0.00144143919449709 -0.0400559929272525
0.0784992861454564 -0.0242666982795338 -0.00476175976251804 -0.0245814533801572
0.0794878298324491 -0.0336573587919792 -0.000834165675508911 0.00467348483362019
0.102503181340135 -0.0098944941423836 -0.00800631311383426 0.0331006802546388
0.103341321461501 0.0270087237493315 -0.0252734556146675 0.0570881089277155
0.103114931517513 0.0762405273767453 -0.060564261711629 0.0489329299531531
0.0612408117762757 0.120175356085301 -0.0761969570670695 0.0129034441123023
-0.0143891411067226 0.142780193641768 -0.0220202256025468 -0.0181366365341419
-0.0676316144020475 0.14792230410468 0.0506310018053676 0.00191503073707975
-0.0701803337575591 0.100254197751185 0.0233560176692979 -0.125343029580661
-0.0653216522467226 0.121457903828106 0.0812459184634968 -0.0747122648961994
-0.00079423687513322 0.142725808747967 0.0907590932983831 -0.0813108322501799
0.0640828352868383 0.123330411894547 0.0611381150039044 -0.0897297492360868
0.0942525558774009 0.0691583649313556 0.0434670088369643 -0.063308293166434
0.09655941830066 0.0257875670346135 0.0383458624999276 -0.0514960620922441
0.0870556969765184 -0.0107936871662606 0.03617141342577 -0.0426739503733535
0.0732215380676129 -0.0175572587479262 0.0298812247381481 -0.0298984913855998
0.0750790603395254 -0.0206106702075631 0.0317654532234401 -0.000204171846761641
0.0915289469581457 0.00545211630016706 0.0218075949968458 0.0321021853580315
0.0883457669151546 0.041816377769464 -0.000837968827929863 0.0611551582466397
0.0781577814708395 0.0888070471987383 -0.0478825862813851 0.0519206150230033
0.0311657312978782 0.11993977366399 -0.0691686242458917 0.0039754213414864
-0.0407160109760296 0.122940639063741 -0.0151320303312247 -0.0372410522398434
-0.0763031979594099 0.11586484098829 0.0736206383815118 -0.0322523917603128
-0.0530501587667644 0.059926811404913 0.0509598293442277 -0.153482179130967
-0.0596877640727201 0.0815541730303315 0.0798212984064655 -0.102577540303505
-0.0107799857415963 0.107754737365583 0.0822809714446756 -0.0794176185200166
0.0423297828578555 0.0976842402642197 0.0632360641462209 -0.0697765017752272
0.0672310385003528 0.0545732029776898 0.0659632705401597 -0.0448663382327319
0.0700166749406853 0.0238821785668017 0.069647732590062 -0.0469325180237022
0.065513397526328 -0.00247303348900826 0.0663524993734039 -0.0447324122502018
0.0573834956804191 -0.00792627690980966 0.0595675812664477 -0.030974663456432
0.0597686093677546 -0.00588144797114737 0.0607155497741591 0.0023484609232944
0.0685407603769385 0.0179392191398884 0.0468647506393668 0.0402626989972283
0.0612040587040563 0.0488862456405593 0.0175931753713243 0.0722542947701455
0.0428242009927106 0.0874895538404442 -0.0367516059480243 0.0581879870219638
-0.00407303564446665 0.100536851288822 -0.057181801017204 0.00293112317846022
-0.0619016153159503 0.083445475462623 -0.0031159961297582 -0.0421665305483435
-0.0736272558720508 0.0674594358947567 0.0938429024553436 -0.05112911650988
-0.0308199507583646 0.00689050390395741 0.0631549543800028 -0.165327602162029
-0.0484465025230787 0.0302227931403393 0.0667777131732408 -0.114440780189429
-0.0205228461379382 0.0577429921928737 0.0725415544052402 -0.068348720008156
0.0131138063778574 0.0585453398904041 0.0675783487116165 -0.0507651422239281
0.0293290912648691 0.0339781494535301 0.0820592453552934 -0.035368881079787
0.0315953865010474 0.0208410331677877 0.0886130660558998 -0.0472097705405728
0.0344389431913102 0.00786019649308856 0.0845824697638896 -0.0446491529708643
0.0326998779040831 0.00294706191465626 0.0790853788424549 -0.0270769274403886
0.0348683271046588 0.00629177195195306 0.0806535262324872 0.00992865660772064
0.0378301339088407 0.0209164183133804 0.062589368503457 0.0534940617950344
0.0314374701837857 0.0407986069577185 0.027567341892677 0.0875232741689235
0.0119785598916698 0.067113346719463 -0.0294426777766176 0.0680348020864532
-0.0280227942854908 0.0654220285366912 -0.0454999170792379 0.0107949974611259
-0.0637754292995929 0.0353372775393574 0.0059854594063941 -0.034405820746337
-0.0552903701774488 0.0128960972325828 0.106773450613594 -0.0535425137049896
0.0195350706011806 0.0391925632440883 -0.117312074933011 0.0592109558193836
0.0426394686035207 0.00970933378323854 -0.0114018183401836 0.0537319281804691
0.0384385882428414 -0.029520076137542 0.0515183769550244 -0.0100478693150546
0.00581174719882404 -0.0346070882644652 0.0500545851598361 -0.078776761444297
-0.000233193262640494 -0.0227460592028797 -0.0156787562928869 -0.115611596593202
0.00134564404003927 -0.0195760982345551 -0.0710373279614209 -0.0780751521404819
-0.00316793940318914 -0.0169941193329106 -0.0956687160888337 -0.0242478788223948
-0.0023332975752918 -0.0150613809382379 -0.100442063796443 0.0153964150264112
0.000975382945672167 -0.0212044546847698 -0.0974672226614738 0.0424030187531715
0.0126678857502654 -0.0224462107011662 -0.102927249358445 0.0533103507112587
0.01432002329377 -0.0179594433153456 -0.101132607774762 0.0443592537600584
0.0243225311103994 -0.019914691153876 -0.0906427112823927 0.0356051687850467
0.0381277998153112 -0.00742394254446895 -0.0800653224145258 0.0507967368165351
0.0336834632449593 0.0262551381797295 -0.0573571768528585 0.0841234117400393
0.00787148510256833 0.0439211519343743 -0.0552451145955946 0.15536094336783
-0.015353311877765 0.0804678834914764 -0.113996863655626 0.0311947481216641
0.0105592331434552 0.056552039741229 -0.001196068318216 0.0366813702937681
0.0310347406509685 0.0241938724951349 0.0572450017428479 -0.0304389616765728
0.0226752609777062 0.0119587590309917 0.0483242693537106 -0.0951117576833114
0.0294918805135436 0.00842941223697023 -0.0167676373825519 -0.12070055440239
0.0371289159033121 -0.00562601361859527 -0.0683250999621831 -0.081114523476296
0.0330200469539956 -0.0197445399741859 -0.0891589393319228 -0.0318642223844875
0.029150812318815 -0.0225303659539393 -0.0926301885195498 0.00519593669063138
0.0338236727637992 -0.031563223844625 -0.0876530471675888 0.036015456254173
0.052284654585316 -0.0221612718703984 -0.0926135084023429 0.0518239418473596
0.0525912354062717 -0.00196785511854128 -0.0959500223448241 0.0479073682207863
0.0567526216949029 0.0168549499326643 -0.0901489172987567 0.0352130321975684
0.050818452763648 0.0417167379975823 -0.0774958064040782 0.0387967156215773
0.0215160937103189 0.0783513188570735 -0.0391266864714634 0.0662607621654089
-0.0200174535050559 0.0994062869203829 -0.0297027876212261 0.133232349143781
-0.0488323029762565 0.111405873011096 -0.0911514659669584 -0.00391150860979448
-0.0253141502350975 0.100113541593906 0.0221057642157017 0.0190968222629525
0.0198935395345966 0.0813737541320769 0.0730699092284578 -0.0480594228727359
0.0415491276175543 0.0641054031479788 0.0517354706696464 -0.108232073128058
0.0610463160340548 0.0404765447586933 -0.0119119134031868 -0.118445438507762
0.0713899075270345 0.00958142312001515 -0.0548703403750054 -0.0788304653928144
0.0659269849228315 -0.0192615118271719 -0.0695449694738415 -0.0374744863114404
0.0562891191759306 -0.0265179529904128 -0.071647756123561 -0.00591646779720199
0.0600853026087153 -0.0385657284340434 -0.0659324983457869 0.026197938123131
0.0842199293859121 -0.0227176491727832 -0.0715716244617545 0.0484730629098144
0.0850668411159695 0.00825335738541871 -0.0797715320245385 0.0539769467478915
0.0876617989245486 0.0435286005234137 -0.0863637342263235 0.0414851010372538
0.0654808178119984 0.0820935126835631 -0.0792320106561201 0.0298482258880371
0.0130425710368868 0.119580354930614 -0.0295462740823253 0.0400277320279157
-0.0419022493348066 0.140138978242846 -0.00177841440287521 0.0949118028662859
-0.0731456079227534 0.127353615457229 -0.054803856848082 -0.044993660228392
-0.0541946642623795 0.132811855225965 0.0503306218822752 -0.00469350869770972
0.0109702468871924 0.131212312191825 0.0896040993184226 -0.0625194226019311
0.0609594522685973 0.108961528631708 0.0585478368622421 -0.113450373425103
0.0896380697738787 0.0646574820115112 0.0016829193206655 -0.107515633687574
0.0980628607310599 0.0215817420402772 -0.0299197304164717 -0.0716310525574866
0.0890813848627031 -0.0172360339388179 -0.038331427647141 -0.0411404842427215
0.0750501963828712 -0.026619254097663 -0.0409370706065727 -0.0170054700432027
0.0770600124913776 -0.0391667147250138 -0.0363428576073654 0.0141790382217692
0.102621671605882 -0.0184177491247863 -0.0425956984100104 0.0414774011001942
0.104264649877373 0.0173036666808457 -0.0565309422926853 0.0581946673921653
0.107955730173026 0.064322697674937 -0.0781695355297846 0.046532843598759
0.073333586460857 0.110795904678132 -0.0825636504852755 0.020860756661667
0.00138195643258392 0.144732100798361 -0.0262262387359 0.00906235360656127
-0.0600662532754725 0.159266058178435 0.0256937094766701 0.0486068072853355
-0.0823620986673532 0.124841960565679 -0.0120293315709435 -0.08911402916362
-0.0697125616869725 0.142623528181396 0.0745518456644132 -0.0374692660007641
0.00394867044710477 0.156085428161969 0.0986882667339803 -0.0743037848275339
0.0702526251613622 0.133447671216945 0.0649228848292114 -0.107078986592153
0.104112091365507 0.0769384488731964 0.0237009076178017 -0.0881320837547462
0.108342782271706 0.0279778543259021 0.00550619192142317 -0.0618452569489389
0.0977545069138813 -0.0133626256743219 0.000128674122795886 -0.0432246554358692
0.0816348089531073 -0.0225812533251881 -0.00478807492723833 -0.0260583635726861
0.0829906146892626 -0.0311288220807864 -0.0016031785791765 0.0045439323603469
0.106236704775901 -0.00728910769158594 -0.0105426648181367 0.0354991360767571
0.107027064999126 0.0308394451659009 -0.0296141090451155 0.0604882386925032
0.104449425856917 0.0826279829504097 -0.0655078059775834 0.0495485067873952
0.0605304290089834 0.125996593246217 -0.0820512297644755 0.0109490580805896
-0.0201276650859844 0.14714327623566 -0.0236190469107301 -0.0199976244302088
-0.0749374189194958 0.150795552292112 0.0518597213379612 0.00346021201744906
-0.0759368966246224 0.101735255984039 0.027911035657296 -0.129224476607247
-0.0723172741809251 0.124236765523173 0.0878812882811696 -0.0739249964074853
-0.00546282561677021 0.147727924905676 0.098296242360919 -0.0810694102285915
0.0627082587011132 0.130517524735658 0.067437372595417 -0.0919394535370877
0.0960152258541291 0.0737973330076691 0.0487381476408206 -0.0647972238159003
0.0996194232866299 0.0292522897692205 0.0433970102385321 -0.0532491861180324
0.0901444727217195 -0.00819571230846304 0.0384910029273485 -0.0447285925662986
0.0760715546621766 -0.015446201109893 0.0312943874214878 -0.0309661259826435
0.0779916177110027 -0.0177918639485809 0.0328448721899979 0.000579469958384468
0.0946632387631432 0.00853108730696198 0.0205930308856124 0.0352884561576296
0.0902449174953535 0.0455950509915755 -0.00402995057928072 0.0656476243807358
0.0790322847997725 0.0947796049461964 -0.0527913952522364 0.0528313902427572
0.0288190707220206 0.125105675938529 -0.0748078382305623 0.0031997282789378
-0.0471726659879282 0.125697724249762 -0.0157263447637781 -0.0390814305495912
-0.0829796593473484 0.117650126045221 0.0772438843190246 -0.0316785778721121
-0.0573156776423204 0.0600204301895864 0.0580090033788901 -0.15813948923444
-0.0647101909596893 0.0832451965410089 0.0868968158271415 -0.10187825837204
-0.0148459230827307 0.111051491749305 0.0896034193379596 -0.0791313678618056
0.041484859415413 0.103216947656848 0.0692010073360036 -0.0706680640375209
0.0687982720195985 0.058518995930055 0.0713995143634359 -0.0451275309559706
0.0720761134664067 0.026409749031898 0.0752140260774338 -0.0473190539554049
0.0671943854832681 -3.79432118749435E-05 0.0701755292609459 -0.0455971179119033
0.0593338142397744 -0.00638333969572303 0.0620108617208216 -0.0312668531589504
0.0612867681348215 -0.00338089655893432 0.0627696864013377 0.00428295412356699
0.0704419212014667 0.0210253715789033 0.0464341241821526 0.0441014401793886
0.0621849866077234 0.0523831841661852 0.0148810833525836 0.0770830092451486
0.0417578734309741 0.0922946453846222 -0.0408665178557224 0.0599346655190355
-0.0075342169565519 0.104417481905988 -0.0621814617487676 0.00148408121752737
-0.0676806102631915 0.0848496033481654 -0.00318576991748272 -0.0439386014471352
-0.0785018166138959 0.0668637766868801 0.0990529773170303 -0.0504029475178147
-0.0319826378085901 0.00569416322577887 0.0718080266626935 -0.169661411377044
-0.051679954910883 0.0294272867534636 0.0736481853334191 -0.114617921816273
-0.0235111846600935 0.0598209786404663 0.0782075719499365 -0.0675193381811824
0.012676696664197 0.0619947015148189 0.0730131256748117 -0.0509452364200133
0.0296905879141923 0.036263122941742 0.0887419250714919 -0.0338923164698769
0.0322777250677933 0.023500673167946 0.0948272187278568 -0.0471347328401598
0.0354708416217059 0.00955951698988125 0.089234973005524 -0.0455516595491845
0.0331401637846802 0.00414210637098438 0.0826511327107571 -0.0269271341417274
0.0356604130926002 0.00801344246498783 0.0827954973064603 0.013090709799465
0.0378147889032756 0.0232215340759562 0.0625891445751568 0.0586657425037722
0.0313519333779598 0.0430722470561015 0.0244016019393718 0.0927592317554604
0.0105409195212364 0.0702493378352877 -0.0345600088255985 0.0708776645177171
-0.0319917062016196 0.0674067791240219 -0.0502949560905082 0.00990132536204686
-0.0684334956602626 0.0346475669907755 0.00661604814268325 -0.035172822931238
-0.0581341322077999 0.0108793502003805 0.112897157914759 -0.051924744879858
0.0221617803098275 0.041285401362401 -0.125890345441004 0.0634010684842282
0.0459296262845957 0.0105856624491959 -0.0111864845563279 0.056887094778741
0.0403991129888413 -0.0321312453250935 0.0584262411495678 -0.0107749070030197
0.005814034030846 -0.0377074695689302 0.0552948874454731 -0.0849832870189306
-0.000524156898043146 -0.0244337295517515 -0.0159533506385635 -0.124104463099425
0.000670836724509263 -0.0213926751829663 -0.0756795535737785 -0.0843698189857714
-0.00324382128480065 -0.0181653082329205 -0.100748969799535 -0.0254957076855855
-0.00204033454730125 -0.0158882247870142 -0.106918588227286 0.0171997752236581
0.00162551877528467 -0.0225631602454552 -0.104879370100436 0.04655503584003
0.0133550566142734 -0.0242631648852683 -0.11048978446272 0.0576542447984614
0.0151058702496501 -0.0189142776760633 -0.108270380355525 0.0476810132924368
0.0256932237873198 -0.022149901369381 -0.0983010994081769 0.0374890763789545
0.0413541924331222 -0.00867394609273994 -0.0867730000315493 0.0537546581302868
0.0364962371698919 0.0285470398050781 -0.0621585245293124 0.0882417057279264
0.00845472073933806 0.0476417333528481 -0.0589583634373327 0.165069959227752
-0.0151880179931085 0.0854904957035076 -0.122176434306026 0.0336385683376078
0.0119897864505696 0.0611771560980664 0.00032504708791786 0.0387218896904772
0.0334866432115788 0.02414977514169 0.0632759477023791 -0.0323997543991113
0.0243285163083367 0.0115458963328978 0.0526949650153319 -0.10235260921235
0.0317407114649363 0.00834220211795275 -0.0173661141855751 -0.129684463827546
0.0386371691292258 -0.00635724229725509 -0.0721122477785889 -0.0877636154596964
0.0348292300230832 -0.0210314567043061 -0.0944379481844543 -0.0340572262491541
0.0310912679470336 -0.0236139234901014 -0.099574482848451 0.00650958906291389
0.0361634319028358 -0.0335917292102432 -0.0941856396180452 0.039351744469837
0.0558745840712923 -0.0241988027075398 -0.0995875622723305 0.0569884170845789
0.0556690137940901 -0.00208519011413466 -0.103023187710853 0.0524922139162261
0.0600796644656758 0.0171867660863957 -0.0976821977874201 0.037800428885091
0.0548324182857932 0.0434944659222694 -0.0838598288886189 0.0408792113063838
0.0234931423149005 0.083339837824102 -0.0425686652771505 0.0696303632150657
-0.0206433628086401 0.106399881440625 -0.0315127268762798 0.141550817406775
-0.0512102640874024 0.118480147078482 -0.09858048005375 -0.00364250649090591
-0.0254130648184444 0.107300520285416 0.0244797171295288 0.0202730056947842
0.0223152125260943 0.085591913815459 0.0801780445699679 -0.0515933915839426
0.0448921317047692 0.0668131996453096 0.0567954684343249 -0.116645460971737
0.0660647902058652 0.0419156268568089 -0.0122367722686965 -0.127808880076416
0.075497619840308 0.00895229146323339 -0.0571671920772089 -0.0850474992299514
0.0699336710953949 -0.0209384147344838 -0.0739490870276311 -0.0405847184980219
0.0600221348055142 -0.0283353765409637 -0.0778932143317055 -0.00575470170931039
0.0638432812585621 -0.0403946012461793 -0.0710384016401212 0.0284393053153203
0.0893837585717718 -0.0248867608431555 -0.0767454918821587 0.0536093046010883
0.0904620658750963 0.00782105764164045 -0.0863546517636344 0.0594195114290627
0.0936705216820899 0.0454563192026187 -0.0939828839028509 0.0443488700148412
0.0714938084897228 0.0864196799511657 -0.0861902100781861 0.0319202923467185
0.0146370407180691 0.127372581152548 -0.0320164394152374 0.041549244553431
-0.0440255081410871 0.149750795869996 -0.00177580419214647 0.101122130737015
-0.0771336309063335 0.135510642248196 -0.0591318093120604 -0.0473574502593862
-0.0560638833186703 0.141886095035969 0.0546427248733129 -0.00473350002806649
0.0133052814779485 0.138635253082604 0.0974090905993691 -0.0670168184384216
0.0661773810738536 0.114571437350365 0.0635620155879005 -0.122429896012948
0.096591680689398 0.0675230831714625 0.00237366031256037 -0.115681249238854
0.103995005558489 0.0214698204601563 -0.030221138094313 -0.0771320655938367
0.0945111762552826 -0.0190269907866697 -0.0410800684383069 -0.0447402205124616
0.0794669953782151 -0.0286070239771269 -0.0447319317945268 -0.0181637285031294
0.0814080553731413 -0.0407183231048866 -0.0388468932023908 0.0153137411243812
0.108770651228877 -0.020615035807141 -0.0463948672609956 0.0465757967231329
0.111385701016214 0.0175748429857646 -0.0609874468099197 0.0641064100996226
0.114382849618443 0.0674978445904637 -0.0843912780159447 0.0512017632640438
0.0793932740599298 0.117012418790883 -0.0900298808272208 0.023168959233837
0.00178352705706391 0.15378710807157 -0.0291840032757821 0.00916135727424524
-0.0635057046906081 0.169144614890425 0.0271331583206267 0.0513886267666836
-0.0872008358618838 0.132743667111823 -0.0133616868560565 -0.0946168119129223
-0.072776504424388 0.152578421724549 0.0800917703174077 -0.0391876491854419
0.00510176236389709 0.16486289173478 0.10700804530517 -0.0787714272206855
0.0764658222477699 0.140785499801022 0.0699263620267602 -0.115181341943186
0.111678040621026 0.0798886973913427 0.0261729373623429 -0.0950954593345398
0.115934523470017 0.0283389848925798 0.00729642594824286 -0.0679091624170764
0.103867263992596 -0.0144905862455955 -0.000198550712644658 -0.0476174584042462
0.0869107895641162 -0.0244033354617136 -0.00616953139740069 -0.0283478266393698
0.0877864962562204 -0.0326328635567472 -0.00248888786554351 0.00473924397647939
0.11265905330198 -0.0088537734175318 -0.0124389473328993 0.0395575528689675
0.113742629405468 0.0317824492879112 -0.0326298914380258 0.0663347973120348
0.111806378298119 0.0873372260252866 -0.071556770814981 0.0544520498586045
0.0657262875774045 0.13343894295871 -0.0898155468598412 0.0128413120196798
-0.0210653133483694 0.156224645883624 -0.0267863716399629 -0.021253559687896
-0.0788714874913601 0.160081813777796 0.0550235434780877 0.00283216437586007
-0.0802751421214558 0.108274424739149 0.0293960966194625 -0.138027645828851
-0.0763689898717591 0.132904567493962 0.0939079257275108 -0.0768654982069424
-0.00430571443110001 0.156176995183818 0.106136993618569 -0.085706213518212
0.0680715761724411 0.137921918845329 0.0726556221584299 -0.0985392755427332
0.103544400363633 0.077264554753934 0.0533577117011439 -0.0705904731369421
0.106250625443488 0.0295544133117159 0.0472482087026637 -0.0586976488688541
0.0956743129628979 -0.00848224093582739 0.0404556215836858 -0.0495909498790267
0.0808644162141095 -0.0169081570420762 0.0322356738050269 -0.0345244787659329
0.0824176076545089 -0.0186964003861283 0.034120956438245 0.000725668989723619
0.100083141507762 0.00795134556545073 0.0211084804860794 0.0393209746747896
0.0965873867358786 0.0471482196099791 -0.00523810413602639 0.071793382868503
0.0846146286337005 0.100438348797809 -0.0573280505008322 0.0583957771111097
0.0317265435943572 0.132593120729822 -0.0825782110949791 0.00468910202827906
-0.0501798689966605 0.133870698060283 -0.0187201729219276 -0.0416397051565989
-0.087357125174586 0.124414266764423 0.0817674592013009 -0.0344224327046013
-0.0608587005704138 0.0642436578467935 0.0613764646964187 -0.169155864606547
-0.0687356044534444 0.089210117871903 0.0927669711873852 -0.106704809325896
-0.0149510278536922 0.11812231096788 0.0965130255316571 -0.0833420900013498
0.0447176723369552 0.109782616465836 0.0742672839676271 -0.0761971786249178
0.0741765987417152 0.0622532925983369 0.0781287053331664 -0.049278129294816
0.0772698219136424 0.0276044072008249 0.081695987344128 -0.0526944610779444
0.0718351156968974 7.13150534490314E-05 0.0742504083612322 -0.0509170345288189
0.0625262743126055 -0.0067705304401296 0.0652467157417554 -0.0348879322690042
0.0651783146793299 -0.00364019559854952 0.0657401583416851 0.00371499153907496
0.0740060751663954 0.0214213748427153 0.0488552288636053 0.0485992292535334
0.0668139043034162 0.0548497807524864 0.0147021944856531 0.0837277889290028
0.0451530312115932 0.0979313083714964 -0.0444775742992383 0.0647085057053974
-0.00715000863818609 0.110641736419477 -0.0685944370776674 0.00320673493005371
-0.0726669092938511 0.0898807525926207 -0.00441330142046894 -0.046645227144683
-0.0833075368405103 0.0708347510068982 0.10565542251925 -0.0540041877977527
-0.0343025799393194 0.00629579075483345 0.0760263864228155 -0.181553604166092
-0.0550938999144767 0.0317081175498194 0.0783443100260839 -0.120135283037518
-0.024854579120378 0.0638561232636484 0.0852858530471847 -0.0714066968635176
0.0145303302239211 0.0669956700383003 0.0785977021498624 -0.0544240657307094
0.0316734190003459 0.0391407462708886 0.0963601892045015 -0.0373679539515064
0.0350590749532382 0.024453526073507 0.101621398261866 -0.0517236597984668
0.037253235587341 0.0107658977061085 0.0951135085782847 -0.0502371311711158
0.0347605408366215 0.00440717245600939 0.0873152106207844 -0.0308415109324778
0.0379732236874135 0.00835595352244875 0.0874467821172371 0.012874959666949
0.0400452257281355 0.0238857430146015 0.0667926932174608 0.0635418358656956
0.0337527173233092 0.0454966600552087 0.0251375646406141 0.099621523945435
0.0118199261182581 0.0752344247456419 -0.0377814159095087 0.0765887425806745
-0.0333191680553807 0.0720579543313922 -0.0554168398930023 0.0118322948791179
-0.0734783147308881 0.0367903734974545 0.0055006948311804 -0.0370823078375775
-0.0616061015987275 0.0118047061151716 0.119384421484051 -0.0562038388435022
0.0143021770500102 0.0490263417952701 -0.141414100497999 0.0431955878944489
0.0472611673898492 0.0198186300805116 -0.0192438817302756 0.0576511770023578
0.0480604625054368 -0.0267583407009904 0.0678410515856415 -0.00267495873824804
0.0112296382821733 -0.039075835087935 0.0771145299809001 -0.0822149434834318
0.00119018634239828 -0.0263736285165464 0.00525207518722367 -0.136025617088122
0.00278660854029228 -0.0219307197420667 -0.0633918698797279 -0.103265811963245
7.79763577759132E-05 -0.0190560591310408 -0.100546284403533 -0.0453505723744087
0.00109121685785927 -0.0160696474931747 -0.115458324849712 0.000186194575036201
0.00663535190254708 -0.0226125018325227 -0.118993750729914 0.0326519341667286
0.0181314849550077 -0.0224085737368978 -0.126555685245036 0.0441038361803027
0.0183541084603515 -0.0164999881195568 -0.123020323238318 0.0328314103999242
0.0295808098146831 -0.0190272758106978 -0.112369847181286 0.0229648785401813
0.04479621845011 -0.000467190914809792 -0.102145088949581 0.0399894430995622
0.0311350277118581 0.0387639842246681 -0.0821292793718485 0.0769883345328103
-0.00134265866588611 0.0562817218878668 -0.0934662233324589 0.158324612271557
-0.0326831708307376 0.086301097863906 -0.133595450052687 0.0155085484443089
0.00303641647023795 0.0646340978934757 -0.00574819189902229 0.0426077767568664
0.0299810756888398 0.0293604812673715 0.0764872426129427 -0.0206365923163533
0.0215184784024587 0.0135030600709368 0.0767930284211383 -0.0973292587226066
0.0282819382821611 0.0131616033882524 0.00654695899457742 -0.139537841773444
0.0394978399460155 0.000278579496027725 -0.0581108959135511 -0.105793359445825
0.039168530049371 -0.0156478467095577 -0.0912743123548379 -0.0530065981947905
0.0372394968428826 -0.0169545290063939 -0.105742767141035 -0.00998204839345089
0.0440140243434138 -0.0269392587449326 -0.107484022801592 0.0270742563601907
0.062247468845102 -0.0136699238638503 -0.11634577785487 0.0457609322938606
0.0573177482255079 0.00987138582012079 -0.120194546794637 0.0378042430006328
0.058122750823338 0.0286110028299656 -0.114566803147051 0.0217402797413089
0.0475520153708558 0.0565803978046124 -0.0974575050455131 0.026610933215716
0.00660280795740715 0.0930116759540984 -0.0576171441688444 0.0587786166880579
-0.0449878650162576 0.112208707415502 -0.0574458262451581 0.136243553331568
-0.0761972236688306 0.111731912826801 -0.103979693723703 -0.0172983187958523
-0.0444068761569399 0.10473766180626 0.0221733654085771 0.0290347453900226
0.00663642419619804 0.0891867340945163 0.0960352357939365 -0.0335931919067997
0.0327826617177666 0.0726918170403914 0.0834504279732517 -0.108086416312873
0.057389048485218 0.0534427907430602 0.0137580504153256 -0.135324431400457
0.0746425098938174 0.0228879943050239 -0.0420685637044605 -0.0999117442696154
0.0747879079253759 -0.00917192017436891 -0.068328681610295 -0.0556603857102976
0.0677774290084263 -0.0156674845976523 -0.0803904297562884 -0.0196517148278327
0.0738115882614833 -0.0288972496271612 -0.0814076126799374 0.0198855460067534
0.0967214656980366 -0.00859972362970997 -0.0919344592546972 0.0466204371003289
0.0913615116796482 0.0287308887946283 -0.105045500255361 0.0482978854073337
0.0878180090158899 0.0650606041931248 -0.113505836992441 0.0287804884258296
0.0553767244385147 0.104780431169098 -0.0989884991102505 0.0150892107766433
-0.0118756763842895 0.136901229186397 -0.0416862362473429 0.0296777456738249
-0.0791065152556847 0.153226873055015 -0.0159297437192975 0.0978571536390778
-0.106303919211383 0.123054894553046 -0.0573386490178265 -0.0546789729458879
-0.0828618638482759 0.133802416679825 0.0567991114202637 0.0102741770670666
-0.0131335722756325 0.140742686352771 0.115795483779512 -0.0426612817042037
0.045618201831804 0.125010448297166 0.091094060243589 -0.108663699443671
0.0843341799223704 0.0853558891940414 0.0292126780828382 -0.119147986089254
0.102135407071412 0.0409305610497074 -0.0142050908980522 -0.0869036832926183
0.0998870193850671 -0.00211522027735262 -0.032196826563212 -0.0535120650911816
0.0879672977176857 -0.0122146803111744 -0.0440942358703678 -0.027214458078647
0.091489085580859 -0.0256502419366496 -0.0454674805883549 0.0117239618283898
0.117154343432257 0.000142536354338756 -0.0593231297744146 0.0442482053398957
0.112217111456082 0.043075611561102 -0.0804804446045584 0.0575207798983598
0.105906746516093 0.0918698312166041 -0.106923127621321 0.0369799470647911
0.056947351804144 0.138115998997918 -0.102055087829278 0.00487635283503637
-0.0302349827227758 0.161004042448196 -0.0326601742329017 -0.0034656409295068
-0.103284334127923 0.168055042408731 0.025490643823065 0.0510493477193901
-0.116528764325164 0.117154667331111 -0.00114142083944066 -0.0949732628474404
-0.102118272796651 0.140665221923093 0.0888547026204956 -0.0207120553328175
-0.0262543728037386 0.165570981826107 0.127492683925279 -0.0520590712814415
0.051367685067345 0.153343249504403 0.0962504195911974 -0.0983827592370611
0.098006706162277 0.101232523886917 0.0521712708427851 -0.0928772438926192
0.113689118877846 0.049990974785902 0.0240558402476555 -0.0702087939758854
0.108785393701156 0.00423211291483858 0.0106966531282767 -0.0497689862672706
0.0942628610573709 -0.00692690567271269 -0.00236035541007068 -0.031164429604364
0.0970805105603496 -0.0159569190163422 -0.0059760012438844 0.00628455405924079
0.118285604768829 0.0128675179337342 -0.022368997308939 0.043172157813782
0.111486938715085 0.0581218224033089 -0.0508326260838727 0.0642759857102578
0.0991949530878247 0.1121229778525 -0.0942307722731362 0.0425068712716904
0.0388393002814294 0.152164661098958 -0.0997209612591027 -0.00485115521813951
-0.0543644256180148 0.15886792185263 -0.0234790712477172 -0.0344449810614131
-0.118441872835943 0.154430886855108 0.0643857735050722 0.00672245978992296
-0.105010565672299 0.0926783454667224 0.0516620392406936 -0.132413205547564
-0.103094156476258 0.11919275766968 0.109597348161213 -0.0579904624206999
-0.0353633285189057 0.15505627757759 0.126571935753417 -0.0598746024288941
0.0444679037393544 0.149563578399659 0.096026237552313 -0.0806046738720015
0.0906035572997142 0.0966538103106106 0.0757303153918192 -0.0627663875490223
0.103746165235547 0.0499335439282159 0.064407828814111 -0.053433053615101
0.0998848790351063 0.00891623222962917 0.0544577073921587 -0.0448114073937047
0.0869270005712555 2.70363682745582E-05 0.0390461898656344 -0.0312707709432423
0.0884492905115064 -0.00217200485658734 0.0332594897868244 0.00702554790950435
0.102850045668168 0.028154657171946 0.0123304286406314 0.0481904818814463
0.0907662534234693 0.0714127270745975 -0.0226164849987055 0.0735165648796527
0.0692117867302886 0.121511511022969 -0.0785192922290907 0.0470435019857401
0.00358262810377696 0.143992439353491 -0.0898364434684117 -0.0120502836385152
-0.0806509581451243 0.128821052121441 -0.0100736241227237 -0.0523722266351442
-0.119487214042764 0.113608644507092 0.0987504879563786 -0.0248966925269892
-0.0764707193809751 0.0493959337244602 0.0907779137737467 -0.16070249709199
-0.0875283336940363 0.0761512128891953 0.113662960625559 -0.0903624936198893
-0.0389296163238241 0.114966852733312 0.114818669853097 -0.0612556710804706
0.0263845989516572 0.118009686951927 0.0927283807320979 -0.0586493589383103
0.0638659830275929 0.0752331681173669 0.0964859713864709 -0.0366461943604164
0.0744856434375376 0.042130422949214 0.0978463121614456 -0.0415044672595003
0.0737701220647619 0.0132170828833269 0.0892421222960987 -0.04040702731084
0.0661309906446641 0.00634850483270997 0.0736716614193846 -0.0260923214529165
0.0675675285725099 0.00946667412204277 0.0660281366743856 0.0159133543762958
0.0729371482461694 0.0370441771955975 0.0403506689332927 0.0611509983666725
0.0579058838944669 0.0723417641420066 -0.00262209839575709 0.0886562219428361
0.0287015574769796 0.112106377195753 -0.0645489082188425 0.0560092796136034
-0.0326851034046347 0.113284378629255 -0.073864744919979 -0.0107618053414677
-0.0947385892479198 0.0785170583407495 0.00612325499802853 -0.0529252750083974
-0.103675642864294 0.0567617579847241 0.125712466556064 -0.0376230495346053
-0.038099312817989 -0.00498203978172686 0.110211191000852 -0.172761088139615
-0.0636321170966935 0.0200240367709806 0.101571511346456 -0.107851325040577
-0.0385089687726332 0.0587453373087729 0.100762163168577 -0.0538393527444915
0.00304262840738932 0.0690684951277282 0.0922873951981563 -0.0382840084299666
0.025692021386839 0.0441128824556999 0.111449679026752 -0.0218401321157872
0.0319802574130926 0.0304748536736132 0.118401555298843 -0.0373870518930568
0.0371890760341231 0.0179740629529852 0.109360150579777 -0.0372079280507959
0.0348987182659023 0.0115106529633781 0.0962005416589392 -0.0178930430556496
0.0370747454525738 0.0159200129419081 0.0882052102893815 0.0292246063062114
0.0366724733483223 0.0327935263823201 0.0571143513859573 0.0790490946332737
0.0254679389801625 0.0559723132827614 0.00698450571030861 0.107760547557533
-0.002342430673178 0.0819020098572514 -0.0570279125245589 0.0697977497143028
-0.0522228630246849 0.0673590996788291 -0.0610770042566487 0.00210142449658401
-0.0850972814573382 0.0227925195923603 0.0151369631527126 -0.038382874724125
-0.067307487274538 -0.00215187648324802 0.138911260178841 -0.0341428548370383
0.0184209852420989 0.0484340147781031 -0.140453926221846 0.0544235937653774
0.0506320538470748 0.0171388756630624 -0.0145931703475581 0.0602371183583143
0.0471770612344474 -0.031473323262174 0.0715942241161434 -0.00770480048857774
0.00833753847834077 -0.0411633623902073 0.0741315114046746 -0.0898816398055109
-0.00075415924025216 -0.0268527410434762 -0.0032426520472397 -0.139452229540169
0.000435357056063302 -0.0224480465414469 -0.0708867825695374 -0.102591619932009
-0.00141986035727208 -0.0196489003932547 -0.104141817889103 -0.0392109056202469
0.000425671562365236 -0.0162576614958408 -0.116881041787247 0.00888747527538703
0.00537089892577148 -0.0235074717689546 -0.119198692340438 0.0429936428102368
0.0167272281425804 -0.0241154042937518 -0.12585553497951 0.0552972991930452
0.0169066041883695 -0.0179899077919117 -0.124660984368571 0.0424295539268083
0.0285244165301312 -0.0224477138951258 -0.114773258794152 0.0312599175430202
0.0460579409501595 -0.00410303030009983 -0.101704770170525 0.046876230300608
0.0353862057588711 0.0380771595458888 -0.0788322898508111 0.081287993299723
0.0028070222272704 0.0575569172574178 -0.0838785133063659 0.166976909543242
-0.02686256422961 0.0892821350865293 -0.13524752940635 0.0258076281349301
0.00822853861451296 0.0659679143802037 -0.00151634900115819 0.0436194153589084
0.032659725308577 0.0266058746515094 0.0788192327134487 -0.0270888692923773
0.0225123220363453 0.0108390607924642 0.0731547722707832 -0.105128662191675
0.029158337220232 0.0102452645014454 -0.00248965525140963 -0.143588030031531
0.0394264426356358 -0.00332457530478747 -0.065694940094345 -0.105001303363622
0.0388836618270127 -0.0187405217693693 -0.0961804948232228 -0.0475736288176922
0.0364319244563642 -0.0197638597110863 -0.107936791042744 -0.00167500974242611
0.0427992720384821 -0.0302702393511761 -0.107994740679851 0.0364946759776045
0.0616815942292374 -0.0185846162942757 -0.1154503919611 0.0561542883674113
0.058835834932782 0.00630614180983589 -0.12090062716639 0.048214725454097
0.060571407733971 0.0241207281548175 -0.117027851464591 0.0301437599697599
0.052857558869885 0.0532603358092412 -0.0980190611273488 0.0327975001062655
0.01353648419855 0.0945211271943595 -0.0550279392061565 0.0612025716633116
-0.0367386545782256 0.117314658808225 -0.0493142765668489 0.141391038026629
-0.0691609463798481 0.11836574733623 -0.107555804829996 -0.0098713859878024
-0.0368412001197892 0.109767258167536 0.0258403990654328 0.0283265954144246
0.0137065030280302 0.0886209019856315 0.0980647890054647 -0.041050616982568
0.0384787342273266 0.0700234553813218 0.0782069585468958 -0.116559191045434
0.0621629283548532 0.0486680877206457 0.00494205392560207 -0.139517314559481
0.0766073067914082 0.0170847844440764 -0.0481671838168154 -0.100195044164259
0.075262053999432 -0.0144085180290379 -0.0731508883328991 -0.0515783692445961
0.0675032065070208 -0.0208433971773542 -0.0838079408004166 -0.0135701458784081
0.0727645709703692 -0.0342895344314507 -0.0824666756246657 0.0270932151557313
0.0976444857324523 -0.0157900088424464 -0.09110326310923 0.0556214986405427
0.094475520684653 0.0220553334224323 -0.105090623684798 0.0581299679320693
0.0936865724371255 0.0594886541123434 -0.115364589442798 0.0378809722493452
0.0641809592251144 0.101194141434951 -0.10165426804369 0.0220868998814247
-0.00187534858207207 0.139591417525279 -0.0412095808642845 0.0315118788345974
-0.0680609323119691 0.160607834140144 -0.00967026736129544 0.0994956299366534
-0.0985483890248352 0.131853286724288 -0.0620374721396588 -0.050863025548622
-0.0733612876683882 0.141806618568141 0.0592614637116715 0.00704895762879387
-0.00213640851628782 0.142355728313493 0.117689288110711 -0.0517682739220262
0.0557680261262205 0.12229830403512 0.0862919309778169 -0.117583635305164
0.0918197705537763 0.0789188256185993 0.0220555620626504 -0.124625325317248
0.106200888186095 0.0330672340358666 -0.019033854469152 -0.088615874231191
0.100658707841851 -0.0094293107556277 -0.0370384651846698 -0.0531112402212518
0.0882669543536637 -0.0185109200196137 -0.047741378173284 -0.0238774423553095
0.0912781806178218 -0.0320165773452816 -0.0475258692007149 0.0161496592838329
0.117976694023328 -0.00892636745105359 -0.0579310908865351 0.0515397126967008
0.116388752757506 0.035507413111816 -0.0795944201981771 0.066323005597476
0.114125030631304 0.0855575747209625 -0.107948662689115 0.0454565086113839
0.0683663584255201 0.134485631805006 -0.105482271055223 0.0130560041048475
-0.0195920284360338 0.16500972549129 -0.0342977783977522 -0.0029165475239744
-0.0913986740486898 0.177792942462452 0.0283870013270798 0.0492213105474112
-0.109344246197228 0.126089526724968 -0.0079982425931374 -0.0957570264573582
-0.0932850859249895 0.149880890581673 0.0897987481465013 -0.0263362553572222
-0.014469033664503 0.169173610467074 0.128267565573967 -0.0613398211676074
0.0631455790774497 0.150550824176631 0.091811364295339 -0.106964086018933
0.106956516495044 0.0940645069998221 0.0473569602551144 -0.0996736931738138
0.118395999547037 0.0412563527361344 0.0208356707268851 -0.0745006821698238
0.110629467986262 -0.0035525431001246 0.00693345297445525 -0.052434966994199
0.0947613442962282 -0.0133058281312586 -0.00604801191206623 -0.0314240830860469
0.0969521099603183 -0.0228291324783485 -0.00692166646011148 0.00772885178801799
0.120729463841976 0.00421361869485255 -0.0208271408780618 0.0478940012116003
0.116993783185275 0.050778659731003 -0.0483844863777785 0.0713444016895664
0.109749664366071 0.10586134923934 -0.0950795705879145 0.0506804437214665
0.0508961017379295 0.150245024057361 -0.104650719829292 0.00306580326190084
-0.0444680484352942 0.163919335472533 -0.0279614553936834 -0.0338960183519977
-0.107685020609701 0.164373788437089 0.0652549489093972 0.00154624141729878
-0.0998378031293468 0.100440182647049 0.0427515899921127 -0.137594059589157
-0.0956260446078989 0.128314461634778 0.10873603678361 -0.064685796244993
-0.0242867721973978 0.158891658402 0.126761762505197 -0.0691852291388165
0.0563817122966689 0.147995827700964 0.0927069249031136 -0.0890287411789445
0.0991311762856693 0.0904072583006586 0.073829776127563 -0.0708923359890157
0.108928176879436 0.0418566661756311 0.0628617059354748 -0.0605921317748708
0.101847848442153 0.00202978494976563 0.0505433395870856 -0.0504111874203866
0.0874065594822735 -0.00605266773205112 0.035897733969703 -0.0344010856424687
0.0893474449603243 -0.00892501084624374 0.0328814059271284 0.00580975501725993
0.105403402608737 0.0203210134515732 0.0152447050906809 0.049844072948093
0.0968882691240773 0.0652741475684335 -0.0195860596481044 0.0786114746739054
0.0792753624614431 0.118011082727864 -0.0786665927909879 0.0545531481367974
0.0142338887383826 0.145096419215903 -0.0943299681238543 -0.0047148714274363
-0.0730184748416914 0.136055657061718 -0.0146232071413869 -0.0530542093165071
-0.111978668747689 0.122967444521923 0.0983361617967951 -0.0328544889758496
-0.0733971000606126 0.0550434846769076 0.0812268902030045 -0.169767712581959
-0.0838857878961873 0.0827215830103565 0.110118845276009 -0.0976606432733455
-0.031311303625568 0.119097937412071 0.114745055666665 -0.069579551961357
0.0358105613787842 0.118030869671413 0.0908766366208637 -0.0663508184153727
0.0705228526905041 0.071227272164803 0.096776842331995 -0.0451735002169332
0.078417176672904 0.0365440537926577 0.0984232818246855 -0.0513164501299507
0.0760855473743889 0.00836940810576798 0.0870975723645879 -0.0489963156301678
0.067148948278088 0.00158184002546343 0.0711186632074095 -0.0325938290256119
0.0691789359135398 0.00517371178513971 0.0675569602271822 0.011610440589474
0.076280535862148 0.0320935550557503 0.0443380054918413 0.0612232142982003
0.0640977588009647 0.0688701866070694 0.00192788443231136 0.091946309858583
0.0376486522228016 0.110970327863139 -0.0638001647636495 0.0626411730486411
-0.025123132644383 0.116452355782344 -0.0782693428658914 -0.00406045687186282
-0.0915292105348538 0.086165810496339 0.00146009408135714 -0.0543093881500204
-0.0999575327707622 0.0643009690600403 0.124522929366389 -0.0475631650608572
-0.039312475409797 -0.00293989175316593 0.0999205078213303 -0.18309301775135
-0.0636967965250373 0.0247057026945195 0.096629877173873 -0.114200453898799
-0.0352094685527116 0.0623673007846075 0.100101364283689 -0.0607096417349954
0.00948805829243528 0.0704489601222549 0.0922414083573495 -0.0451592852104804
0.029597060339939 0.0426546090850362 0.113475022160678 -0.0315024377366098
0.0349092157459874 0.028616396382503 0.118999318216016 -0.0484356880326184
0.0391706068348319 0.0154050544425861 0.108579455633219 -0.0468405446755403
0.0361880617767872 0.00910228694634415 0.0949049348598594 -0.0261813954921428
0.0386569674709965 0.0140601711268588 0.0903660059376231 0.0229508100920863
0.0392384447633372 0.0306822709949951 0.0622495880666843 0.0778889404329759
0.0305764253207066 0.0545593340150654 0.0130364963329535 0.109939329765441
0.00418481877751395 0.0830455090536329 -0.0548740619704196 0.0760963649746162
-0.0485908999348312 0.0721342041480025 -0.0641434481208698 0.00730690813898712
-0.0855214424861709 0.0294902148335869 0.0120213416070024 -0.0397376848861584
-0.0675274530888658 0.00217009808070863 0.137996965652075 -0.0445414890144741
0.0209456681450092 0.046224866672771 -0.135362594473844 0.0608476825125393
0.0513952384562608 0.0145963909572493 -0.0100607411656711 0.0593825896760645
0.0445505927004326 -0.033641300034473 0.0724187036951451 -0.0121641342103561
0.00580428589897971 -0.0412409545100127 0.0704160350824875 -0.0933735966380163
-0.00313100053102189 -0.0267210702677131 -0.00991987355885145 -0.137947465751466
-0.00131428737391833 -0.0220561117536017 -0.0743888141513549 -0.0981782110844968
-0.00248318657107832 -0.0192343357236586 -0.102893471522918 -0.0333861672631042
4.53803955249813E-05 -0.0156982811784174 -0.113545612442654 0.0161964293605058
0.00438866976309027 -0.0231603470838907 -0.115242880117366 0.0502893157563318
0.0151653473268636 -0.0246977732447628 -0.121327208525801 0.0621907157411563
0.0156930121710413 -0.0182854695581973 -0.121406533913564 0.0486347082181057
0.0264930910894741 -0.0239899349629753 -0.113249839456174 0.0363856163384302
0.0454496797230947 -0.00715521231249183 -0.0984351703273285 0.0498796828719097
0.0374324404608498 0.0364761317304949 -0.07430784531663 0.0813719074766347
0.00672048887477245 0.0568416021546362 -0.0740068955331083 0.167601350061123
-0.02174467023645 0.0885574799469007 -0.131293632024519 0.0324225325234511
0.0128107121698387 0.0643213438173615 0.00196253570840552 0.0424174315993546
0.0341564528890026 0.0231877374391164 0.0787403849763149 -0.0309844989001511
0.0225529328642254 0.00899047729032953 0.0677460984524873 -0.107817173076207
0.0291502838989829 0.00796904515651068 -0.00918639966351952 -0.141741453324153
0.0376455444571858 -0.0052443586550313 -0.0690413684832024 -0.100695879620089
0.0367642098141333 -0.0203609911578956 -0.095872337761455 -0.0420230127181784
0.0352226574466115 -0.0209470717227402 -0.105829472855306 0.00510969898308192
0.0411699856331122 -0.0320268877247645 -0.104775854323225 0.043029260056168
0.0595869488594627 -0.0220301252572008 -0.11067883915315 0.0627432108963869
0.0572988605501512 0.00303689708770595 -0.118090173902064 0.0546188743463521
0.0601922199060974 0.0200673423293632 -0.115761404028286 0.0359462615408251
0.0551914838653015 0.0481938785626304 -0.0965830642676095 0.0364109432063881
0.0188139700840895 0.0923387570091871 -0.0521206389704307 0.0606033895233936
-0.0291821259517704 0.11687758798186 -0.0412775664340174 0.140831450090993
-0.0614145119899026 0.118732481079464 -0.106130770901582 -0.00365227829417199
-0.0293807880011213 0.109504431297793 0.0275131405752288 0.0268065221457103
0.0192859709920063 0.0844568873983852 0.0962549895395604 -0.0460065385228004
0.041322355824398 0.0651180016671086 0.072414822201682 -0.119204990444825
0.063489387672726 0.043155349424877 -0.00179655088033634 -0.138651247500971
0.0746642038567792 0.0122368088530221 -0.0518973957526715 -0.0968876043247642
0.0723636018025084 -0.0184223648819099 -0.0740371767848825 -0.0476249740305384
0.0650095587558601 -0.023352972610818 -0.0828636034350623 -0.00787936103671582
0.0693478994507466 -0.0372925362016192 -0.0801395230836189 0.0325588058603655
0.0942696557595558 -0.020906719487051 -0.0873145707934042 0.0611317038140412
0.0934321720236373 0.0170867953520289 -0.101812303243371 0.0643126249783963
0.0943425824813241 0.0530928451262521 -0.113616537388087 0.0434424468335534
0.0688329605601155 0.0944555207164781 -0.100601807259283 0.027042142685752
0.0053796946774878 0.136714438283549 -0.0393103533575005 0.0312957313018183
-0.0574258740769836 0.160020282919921 -0.00521879322454464 0.0970581679600619
-0.0896523226091754 0.133274561915045 -0.0631080061377307 -0.0462309770332571
-0.063508548613922 0.142920483503451 0.0601602302729748 0.00420374187130694
0.00611125670948388 0.138401251623221 0.114910900127464 -0.0570559945347119
0.0609959265961565 0.115414284201959 0.0799181379174947 -0.120197402833273
0.0940376604936983 0.0709888710607803 0.0153822103105739 -0.124242276906751
0.104450491440255 0.0253983751094241 -0.0222949157750582 -0.0881522801064383
0.0977682431167998 -0.0146889552659583 -0.0390664799791981 -0.0510358214108215
0.0847345628912025 -0.0225957353433789 -0.0487458910601796 -0.0202647854507237
0.0870017191992587 -0.0360822543321629 -0.0464791690934201 0.0198156881049896
0.114848859661316 -0.0153283469379999 -0.0548708233937333 0.0556796772281021
0.115266250952156 0.0287258406384873 -0.075925159456723 0.0715000800674495
0.116111461713188 0.0766834505309462 -0.105770567142761 0.051104095587389
0.0739773238322851 0.12668664663134 -0.105131838014862 0.0186466889433131
-0.0105597718582019 0.162332307728507 -0.0346008126411897 -0.00202478876611277
-0.079418404423227 0.178141246696856 0.0300838289762959 0.0458472657224608
-0.100395604272093 0.129018086597336 -0.0126855072234731 -0.0927085813418478
-0.0827570570509856 0.151570193102803 0.08804419359631 -0.0288783012231208
-0.00450227164717293 0.165156907041613 0.125520849910987 -0.0665276150301655
0.0706924384682699 0.143266820782806 0.0855964296921447 -0.110087674094728
0.109412307316057 0.0850085999321882 0.0416332107186218 -0.101549649966807
0.117491113645542 0.0335627571786754 0.0176835281942569 -0.0759903729744282
0.107976317919599 -0.00888342237470856 0.00344403951114762 -0.0526650062821662
0.0917855803519978 -0.0175502361239742 -0.0087765309323001 -0.0299136185536605
0.0934276243927608 -0.0267414192868331 -0.0080120137455001 0.00904659624146735
0.117810001501525 -0.00238128138379181 -0.0184401270503516 0.0499580148365111
0.117020165816681 0.0431813584370173 -0.045466551127764 0.0752192541051967
0.113015189533554 0.0978461074828294 -0.0923466486457757 0.0555861361092223
0.0584030261520384 0.143144711982938 -0.104591936671518 0.0091425726087867
-0.0351923660631893 0.162879580082194 -0.0301483864837349 -0.0323053574961272
-0.095720760031769 0.16564498322622 0.0630940122319789 -0.00246806302740302
-0.0924668417632796 0.102774440418965 0.0350449307934372 -0.137411484528218
-0.086733668739326 0.130271934450239 0.104665936768875 -0.0676269568863049
-0.0153290849674619 0.155622058442288 0.123043995627325 -0.0737715246093099
0.0635490826051797 0.141451066056085 0.0869460773280392 -0.0917582486354497
0.101641719544796 0.0820325116566566 0.0695424478952958 -0.0744791022835128
0.108125137477217 0.0347708274314901 0.0595644248797082 -0.065408091805798
0.0996497451212255 -0.00361187415549547 0.0463206840556218 -0.0533892232922567
0.0845960609216043 -0.0103315514868715 0.0315955280974446 -0.0354036899668153
0.0866053972489369 -0.0133191921096147 0.0308064479323075 0.00477053367027123
0.103894415071298 0.0145453103591401 0.0167619672679443 0.0500816563863112
0.0984115348620626 0.0581514231287101 -0.0169847248406297 0.0806484387173516
0.0842193330553152 0.11120950874978 -0.0763135553772075 0.0593033431453122
0.0217214851327446 0.140074732330325 -0.0947196864259088 0.00199482835872081
-0.0653159272787268 0.136653567715983 -0.0180907071930085 -0.0513203363936333
-0.102058338851218 0.124897643643795 0.0936907196534083 -0.0375746530035781
-0.0694477635747138 0.057209071345218 0.0717212966571186 -0.170387781070009
-0.0782656123037175 0.0852910351425351 0.104541327706288 -0.0990329749634349
-0.0246619596965593 0.117991414435169 0.110814219907371 -0.0730606722026773
0.0418861368557084 0.113263907000081 0.0865061960324722 -0.069528641423878
0.073430237438887 0.0658191531885436 0.0936547817280348 -0.0507861539700385
0.0790261091722771 0.0308625607785589 0.0946116472701984 -0.0572653905649784
0.0754026825301907 0.00420914065559747 0.0818805644282282 -0.0541176054856607
0.0650957672958563 -0.00189218908839332 0.0660208084189598 -0.0356727131487053
0.0676749904148813 0.00122012903046976 0.0646487525576888 0.00886793834222866
0.0758815910258388 0.0269282211689141 0.0459955292644255 0.0588974190084414
0.0666096320180335 0.0636749288633419 0.00486170149815701 0.0919663612804
0.0436171373371363 0.106360726245102 -0.0616717716930855 0.0656458778626338
-0.0186609874872041 0.115041627859289 -0.0792121161680101 0.00113293373951557
-0.0857446065884813 0.0890370142232234 -0.00193848579730257 -0.0532899416109133
-0.0937113073344675 0.0673174461964705 0.119059662113711 -0.0537170808252163
-0.0387896823904768 -0.00104785774570296 0.0885902926910287 -0.185649125741223
-0.0614987600553538 0.0270610352167456 0.0900852376815232 -0.114977720971297
-0.0315459282153524 0.0630548689709473 0.097052282115997 -0.0628035966598303
0.0135510920825527 0.0685671472665363 0.0890773337940608 -0.0482523365189622
0.0314388348959692 0.040202312088716 0.111186281736522 -0.0381300545089841
0.0357470252834656 0.0261044775338172 0.114821359917615 -0.0558674838074048
0.0394171835877074 0.0131684437689976 0.10366573725227 -0.0531351589753502
0.0351473960934093 0.0070988055703167 0.0901082589988981 -0.0312992609632723
0.038615163417405 0.0109758178468399 0.088242658420062 0.0186064677105363
0.0397408247208935 0.0278993025385833 0.0651702625243607 0.0739563084372449
0.0332981973082054 0.0517849993122872 0.017032588314215 0.108253613134842
0.00914192104195161 0.0814829982761975 -0.0521110949438196 0.0785119643014301
-0.0442015989731678 0.0728566381165331 -0.0646044556037871 0.0117768519907792
-0.083378181960119 0.0327282123485995 0.00898450670537107 -0.0391880052945232
-0.0655908810608058 0.00485331076532198 0.132398043802551 -0.0508973936191581
0.0211214606748738 0.0442205892092997 -0.131214870753847 0.0615114396487105
0.0514929848742049 0.0136670433270883 -0.00789383333699168 0.0582724419835394
0.0427712009170505 -0.0343867248135694 0.0731784280272345 -0.0137060424909165
0.00461811639620893 -0.0408478847726926 0.06936881495531 -0.0934786002102431
-0.00357192443115601 -0.0256009670402881 -0.0115713821039343 -0.134976657433654
-0.00198408288935471 -0.0212575910157166 -0.0739292767836096 -0.0960218399862754
-0.00221447863654209 -0.0191018674475491 -0.100262950144028 -0.0311003215854074
0.000510034449739714 -0.0153958689211599 -0.109990757822415 0.0182962188341095
0.00414544812290341 -0.0224139373121032 -0.111216626148074 0.0524908257451252
0.0143126049428534 -0.0241789933438572 -0.118105787825613 0.0637755950350698
0.0144435790804728 -0.0179285761285613 -0.119371284147982 0.0504386775535911
0.024977078231704 -0.0247591303631389 -0.111925520473397 0.0376182657856844
0.0450858264472583 -0.00859567840517704 -0.0967283696592822 0.049153701751618
0.0383302690074471 0.0356332290536687 -0.072021905793762 0.0781032473166251
0.00782031158548234 0.0556575630874563 -0.0700975801418088 0.164143860418295
-0.0195333455761539 0.0860489865700415 -0.127678607094884 0.0339195200534218
0.0148108920193033 0.0627634633472268 0.00309431345317885 0.0414031571854192
0.0338667711413498 0.021228494523065 0.0785193824207034 -0.0324840530076444
0.0216948012159015 0.00654755275921822 0.0661829259084161 -0.106662188017512
0.0278496124585211 0.00621128954950063 -0.0106737961362325 -0.139224555054462
0.0356806269538712 -0.00608395978644934 -0.0681198330467589 -0.0988631274657193
0.0355049305829713 -0.020530297356629 -0.0940638895806683 -0.0395411624975815
0.0341133908379385 -0.0210615573370352 -0.103007684386141 0.00765759922887273
0.0388277767125602 -0.0315980255109663 -0.101316790481154 0.0455418566074274
0.0572951795561519 -0.022175106173651 -0.107787375820964 0.0644878398141333
0.0557112727204204 0.00233668828754319 -0.115790322309183 0.0572456074946754
0.0585905530880392 0.0177301187855229 -0.114316295946539 0.0375277257834315
0.0548228481099731 0.0447914011717932 -0.0948370303775779 0.0364603057904979
0.0204302929812905 0.0898670797918348 -0.0507611477249152 0.0581988695545196
-0.02595198723003 0.114287041557983 -0.0387274472014938 0.13772088256792
-0.0580759154476359 0.116046430083403 -0.103323787602379 -0.00137822359947094
-0.025875889350476 0.107281308274114 0.0285361346089842 0.026012588360614
0.0204829617807694 0.0810995056157135 0.0960908532810559 -0.0468723930010895
0.0415481086794847 0.0612170487652208 0.0698046226980447 -0.117385006395381
0.0619544591031072 0.0398471062515472 -0.00400526764777166 -0.135501293202184
0.0723472407108975 0.0100927329798323 -0.0513001721918998 -0.0951507727309524
0.0698369269227147 -0.0193719575830909 -0.0729019838361248 -0.0457276476701554
0.0628090475706373 -0.0237447267618602 -0.0811262865713581 -0.00536715079147748
0.0665371881503059 -0.0372979489841224 -0.0782745249846024 0.0345761854417748
0.091370779814322 -0.0218985362684788 -0.0843741802420139 0.0630437145353058
0.0911820027787367 0.0151057974657078 -0.0998232946421225 0.066929446726576
0.0923551889544567 0.0492796991780857 -0.111953453868072 0.0456805662677199
0.0685917493779841 0.0893546661674654 -0.0994803648828436 0.0280441400682103
0.00749171573366119 0.133009945706011 -0.0391179154876684 0.0296475795766179
-0.0523386390815334 0.156689015594544 -0.00416853229893798 0.0944019904966239
-0.0853892274626041 0.131256337137046 -0.06259067314933 -0.0433783079034601
-0.0587871953493318 0.140177231450787 0.0594453996232526 0.00401510599487236
0.00931772228599241 0.132908428157839 0.114236369960975 -0.0578139990088173
0.0617458628183675 0.109521071658162 0.0776749366037666 -0.119084772609393
0.0931652207947562 0.06613228845056 0.0132168793829281 -0.122839072092
0.101568571249623 0.0227545309506198 -0.0220355609121988 -0.0867820435331416
0.0946091829296433 -0.0163699879152401 -0.0392173942425798 -0.0491950903444844
0.0822106715734903 -0.0229512600201245 -0.0480942087206818 -0.0182852938741405
0.0841334028181788 -0.0362958101838602 -0.0458451555829109 0.0219016104269211
0.111012470919978 -0.0170459751705188 -0.0528281473275076 0.0576172870566718
0.112848200309692 0.0254793176320754 -0.0739375457067983 0.0740469972520519
0.114205947645426 0.0728194230854671 -0.104517608516037 0.0530841714172788
0.0742797008398253 0.120598535021907 -0.104239700784132 0.0209915000976778
-0.0079669988107811 0.158239766216327 -0.035251587640482 -0.00262202920191588
-0.073803797151 0.173116844683249 0.0292520900857072 0.0432588902795256
-0.095819725228126 0.12669940045152 -0.01389560350539 -0.0898957264823892
-0.0775068808882477 0.14877877580018 0.0869355063253366 -0.0286530683534048
-0.00116207418008699 0.159252418185337 0.124147953516742 -0.0669454408173944
0.0720028064596114 0.136733607477823 0.0827912194660001 -0.108933319225837
0.10803751337264 0.0792715009163626 0.0392746849663419 -0.101052044127347
0.114418311159009 0.0297999027905283 0.0164054809942581 -0.0767186961171827
0.104432442096273 -0.0110845837977745 0.00224533471600055 -0.0522521581208801
0.0887412351667663 -0.0184773073561343 -0.00946132587577499 -0.0283479321728609
0.0899750856931053 -0.0274132075240886 -0.00864995001090579 0.0109370960919214
0.114011117295244 -0.00480141368126034 -0.0173298865677626 0.051137276604287
0.114685005584592 0.0395442106519574 -0.0442895874962241 0.0770402732641741
0.112282564975386 0.0926735320955122 -0.0913966178994419 0.0574316838614401
0.0592269733104527 0.137292876605732 -0.104065978194083 0.0122541258378115
-0.0325411288543409 0.159426741657809 -0.0304916048809449 -0.031649689546374
-0.0893590046362291 0.1615187222852 0.0607009339502097 -0.00405704731761052
-0.0881484599253712 0.101444954919412 0.0319039231824423 -0.134131772289191
-0.0827053572675901 0.127677786183676 0.102120293846715 -0.0667451633272023
-0.0121242437389507 0.151270795828614 0.12137752500498 -0.0738832436744106
0.0646737850594401 0.135494678503379 0.0847487928326391 -0.0907079863525636
0.100496826338338 0.0777263501542843 0.0671079114933993 -0.0753094796048625
0.105506340610534 0.0312419819694577 0.0576915781386164 -0.0665607355118446
0.0969965952112206 -0.0055222753047375 0.0436931147767182 -0.0542152195857803
0.0820919107782425 -0.0115518957162761 0.0290159182958918 -0.0345483433865669
0.0833299204668841 -0.0142393455837265 0.0290855456259801 0.00572973417327785
0.100883826226387 0.0120816291477568 0.0170945830602946 0.050383875786365
0.0968170342605545 0.0544264937397868 -0.016023366051808 0.0818321099619741
0.0847405184456281 0.106010900965978 -0.0755125385665925 0.0602152144975692
0.0234864161683896 0.134968447399954 -0.0952574850331666 0.00493400361969556
-0.0620545697541458 0.134212731269919 -0.0194883255009856 -0.0497965949028006
-0.096758034674897 0.12250428351752 0.0903566910145204 -0.038746387659891
-0.0667674802827504 0.0560940649149432 0.066204011060838 -0.167935561218417
-0.0751757004225443 0.083856839886863 0.102256264017285 -0.0973578676082687
-0.0221238787247863 0.114773681047753 0.109023904563483 -0.0725569713838527
0.0433427316242904 0.109387663119548 0.0842859602951324 -0.0683982175358465
0.0722959058932917 0.0623682395126754 0.0912861337746876 -0.0526206757410668
0.0773022011305022 0.0291781540943092 0.0919233935813133 -0.0598002859336182
0.0735287055668458 0.00275507487965741 0.0788056250942249 -0.0550823039010292
0.0627249304482128 -0.00253654243783876 0.0629399610813852 -0.0361452537959215
0.0653458474550322 -0.000236460007156603 0.0620769237579735 0.00826899638205855
0.0739287338355807 0.024968658880441 0.0457616128022912 0.0582555785052364
0.0665465880298689 0.0602370996313335 0.00463461947256725 0.0921277443154366
0.0454477060651355 0.102634161199712 -0.0607407492849297 0.0671087140535999
-0.0166293637179725 0.112083692372631 -0.0797307850881789 0.00405097706189616
-0.0828321755268213 0.0879828273671911 -0.00388885929247419 -0.0516141506760956
-0.0892027180895074 0.0658534870902592 0.114962143699533 -0.0550029618814482
-0.038247702126957 -0.000712157250469464 0.0836889663162746 -0.183025922724753
-0.0601203920614143 0.0277545638186961 0.0879917725221673 -0.111726052376761
-0.0299898379246593 0.0619898377194198 0.0956080804824097 -0.0624428669244763
0.0153720670841063 0.0667747655406291 0.0875749595850065 -0.0487377550591061
0.031680684530969 0.0386562705934077 0.108702756535657 -0.0405144600541845
0.0357481383364747 0.0245482220687483 0.111474649929659 -0.0584963682084245
0.0386454325354076 0.0122766999698348 0.0994467416952422 -0.0555164944585439
0.033511196715261 0.0066263313531294 0.0856716684437358 -0.0317555185370184
0.0372151439715201 0.0105660321443811 0.0850649632747089 0.0174181432046593
0.0385723065719183 0.0266629829680402 0.0643313309350386 0.0724173832255303
0.0335516867305942 0.0488775108729425 0.0170998267399145 0.106843759850487
0.0112820231870513 0.0791898024545938 -0.0511266682026152 0.0789532783752398
-0.042086418453509 0.0719752445353996 -0.0650548183848534 0.0131610892977152
-0.0810551122203145 0.0332969384503791 0.00721779072613501 -0.038125681434628
-0.0629907596274518 0.00470675573468312 0.12762592283606 -0.0520101276778849
0.0209922573449628 0.0443561611029059 -0.131351439771521 0.0612837550060817
0.0522111577780487 0.0138609395852066 -0.00757084385544148 0.0576188918125413
0.0427361883459965 -0.0342380115683229 0.075053633631275 -0.0145403015130155
0.004062318108876 -0.0414816195246381 0.0713643024178139 -0.09387661744669
-0.00419159386771955 -0.0257026397982996 -0.0107591781894109 -0.135837965415157
-0.0021937264139371 -0.020353278410261 -0.0725420627472747 -0.0970800350717577
-0.00227026534328708 -0.0191849952231683 -0.0983212199946319 -0.0318915750804934
0.000840683641977299 -0.0150708323112247 -0.108846563789124 0.0188453245615778
0.00474478911415197 -0.0227043034658993 -0.111123167073841 0.0537444069709339
0.0139468466687171 -0.0243201652997541 -0.118261439358916 0.0650313184165913
0.0144609952977063 -0.0177037140660311 -0.120365713718391 0.0504440571020285
0.0244295221357674 -0.0249077751135834 -0.114026593362564 0.0374922507734479
0.0454219732641186 -0.00943932308952608 -0.0974812740385021 0.0477342382265187
0.0393495428486514 0.036236466394958 -0.073937832293853 0.074961519250358
0.00836046736127301 0.055708280296972 -0.0714157587761564 0.16307145004631
-0.0200525316986146 0.0854605818028132 -0.127877075276516 0.0337095668325437
0.0155976355521731 0.0626990618353692 0.00387822877622392 0.0414325087821338
0.0339750247043116 0.0201882770622105 0.0809096608241824 -0.0332402278753194
0.0210678864779023 0.00574277875555167 0.0679913811489281 -0.107702935126417
0.027150498270674 0.00585795009675449 -0.0096293529981599 -0.139402871679749
0.0349951704986052 -0.00545006073392371 -0.0664805088875822 -0.100061461582754
0.0349763657287012 -0.0205193331500646 -0.092553705846667 -0.0404628207966655
0.0342684494200817 -0.0204064155790093 -0.101916966094927 0.00756470517671134
0.0390686318665906 -0.0312037646910796 -0.101478577203427 0.0464095464082895
0.0567614718307162 -0.0221229335085014 -0.107413985583759 0.0653526750020617
0.0550563640102359 0.002966373998923 -0.116954211325658 0.0581203270293228
0.0575339580421455 0.0178733826417883 -0.116326295904279 0.0380351090649597
0.0544442388674887 0.0437619614158838 -0.0965681526227634 0.0351236110290695
0.020660297177254 0.0898219384160711 -0.0524356312887139 0.055230542573719
-0.0255579410553078 0.113061961200147 -0.0399649880636255 0.136291102012939
-0.0584092751390671 0.115357090069 -0.103162410516364 -0.00171362279080461
-0.0254272967486966 0.107114955281297 0.0293031180902552 0.0266578501927715
0.0202902145605143 0.0797126556578848 0.0982250329028528 -0.0469893064590711
0.0407828328965263 0.0597922615761334 0.0718580998894873 -0.118044137002792
0.0612853734754374 0.0387354181785933 -0.00278825207247493 -0.1362835107192
0.071304712768642 0.0102760843794951 -0.0501646833101214 -0.096413833559231
0.0689831891454521 -0.0188641985393456 -0.0719497606162403 -0.0460734907861491
0.0629367702779795 -0.0230363134142236 -0.0804423704832098 -0.0046578936004195
0.0662461384363737 -0.0364509818314845 -0.0782390403720317 0.0364023367306724
0.0907542238636297 -0.0214659187952461 -0.0847018819311897 0.0639261845238309
0.0901809473000812 0.0152285045045584 -0.100652155481967 0.0688558244325116
0.0916616432207402 0.0490834236910286 -0.114614419257634 0.0459670073963272
0.0677842066225873 0.0878529520626898 -0.101051514441615 0.0274608704356665
0.00693802511376889 0.132852930412626 -0.0404653157300739 0.027112499212568
-0.0521242004778888 0.154943031791591 -0.00565110256073073 0.0929767411880415
-0.0859390299621593 0.129600147254069 -0.0617296305722803 -0.0434317617331887
-0.0583416642279691 0.139142556790869 0.0608465989816876 0.00529597366078894
0.00894756557677734 0.131051297449112 0.116423431766567 -0.0573876666465088
0.0607106006782383 0.107473252093647 0.0792798190869808 -0.118890088564178
0.0912056728023469 0.0646053344927232 0.0140325810617408 -0.123251670429744
0.100300939661407 0.0220232239613359 -0.0212852744967398 -0.0882542075165611
0.0938544263481732 -0.0160776629765435 -0.0390228994731962 -0.0498271445847646
0.0817995024429123 -0.0221012211159712 -0.0482144645658948 -0.0170205098579886
0.0831374394366566 -0.0352833666571818 -0.0462190036314669 0.0234241147297355
0.110404536100741 -0.0167864385552215 -0.0532335003488921 0.0587004862182613
0.111921222876708 0.0257627315476466 -0.0746501685350576 0.0758792529579433
0.113784276315825 0.0721361979075532 -0.10655772568795 0.0545905320471096
0.0730966122081357 0.118984214970295 -0.106000395378487 0.0214046305017615
-0.0086910980247334 0.157735414989436 -0.0360070357499435 -0.00435695621081328
-0.0737971834005068 0.171334506176297 0.0277682202200546 0.0425524476708175
-0.0961655012551293 0.125474013353546 -0.0129453566089363 -0.0898900682283961
-0.0776190881011499 0.147247605044339 0.0879218719977831 -0.0270390976989553
-0.001612005282277 0.157520227754637 0.126708902946524 -0.0663460272142498
0.0709401539663492 0.134994355858818 0.0851157334231016 -0.108160714118272
0.106611882653944 0.0780521550370036 0.0399834153617098 -0.101745338008684
0.113279710692514 0.0296310000662523 0.0173382621310071 -0.0780046020768957
0.104121414885158 -0.0111911159458937 0.0019813669596792 -0.0525810815801065
0.0882735803738587 -0.0176725351241115 -0.00973679032658367 -0.0277525699057154
0.0889951348618797 -0.0271003882638177 -0.00914704968069265 0.0128771236284957
0.113367643961781 -0.00416223655824311 -0.0175264533582128 0.052884408243308
0.113889953089637 0.0393884504879915 -0.0452714810647102 0.0796109452724003
0.111166514762572 0.0921148897353793 -0.0934724817129345 0.0584524600468482
0.0573455676840688 0.135081458030723 -0.105760020755619 0.0132157501612571
-0.0334849432866963 0.158217600960302 -0.0314986949704567 -0.033030307160999
-0.0894006219906288 0.158846166229598 0.0598643446077948 -0.00473641678064712
-0.0883062420356992 0.0996117976716441 0.0323917439142692 -0.133544430673111
-0.0829431278981369 0.126422467423363 0.104199778864202 -0.0640828639082155
-0.0130317799483297 0.149472678152339 0.123544731240616 -0.0723551070003927
0.0635762480400344 0.134178544558376 0.0863846674624849 -0.0898047410601122
0.0998713472442885 0.0769950481777536 0.0677722923997272 -0.076107824055615
0.104699267343944 0.0312075184083409 0.0579203034460018 -0.0678933094974458
0.0966003508417255 -0.00495382435703883 0.0435226462607526 -0.0543989518216192
0.0812864522885007 -0.0107748984488176 0.0283383346707744 -0.0340326121188405
0.0825039100245887 -0.0140178311114478 0.0278870252128199 0.00746251552949865
0.0998697831724999 0.0126902367349851 0.0168010028783028 0.0519897329519221
0.096588189561449 0.0541133212983613 -0.0176069432610118 0.0840982591139913
0.0846102493684686 0.105099537026582 -0.0776303011826465 0.0619561717070296
0.0226650305389162 0.133773249793368 -0.0967390407795064 0.00599287216446515
-0.0629626093570487 0.133508950732582 -0.0199190023303029 -0.0504825542636924
-0.0966834102777876 0.120097497669602 0.0896216145810454 -0.0390908110787777
-0.0668250195553008 0.0555205025184035 0.0668912096887207 -0.167172638537456
-0.0754156393097672 0.0827366434701247 0.103374211661996 -0.0946099387793068
-0.0232525897243732 0.113910579031421 0.111022303748197 -0.0716115895367246
0.0430929572931488 0.108611302067618 0.0855632282040233 -0.0676436071710581
0.0718086685715079 0.0618165930437262 0.0919242722767955 -0.0532141133295479
0.0765786710808911 0.028574287757219 0.0920708378056124 -0.0609494674343766
0.0732671821314058 0.00299710017201218 0.078004140675261 -0.0559765058681496
0.0620994492849431 -0.00195984784640372 0.0616721296429894 -0.0355363565767598
0.06453441385208 -0.000158860887014929 0.0603722054199312 0.00982033250219626
0.0731409163816641 0.0252782993354066 0.0448351851127161 0.0596269482456768
0.0662036883686914 0.0596210226448303 0.00334459775043921 0.0939122185806563
0.045329100935418 0.101998764688317 -0.0629671834405343 0.0683344302711096
-0.0173330753277198 0.111013062203848 -0.0813341460986655 0.00492468172011072
-0.0840841924842093 0.0875354642274745 -0.00396547787900783 -0.0517495531774395
-0.0887429131213612 0.0637403580737893 0.114324226686167 -0.0542923315339477
-0.0379551551235084 -0.00127196544718623 0.0840588519286255 -0.182212282626652
-0.0607642787758268 0.027033866348078 0.0893857075096376 -0.109530850312433
-0.0302520192792943 0.0617999044454789 0.0972555930312929 -0.0612137511219319
0.0160020090405067 0.0666668706077245 0.0886612041822921 -0.0470360041086198
0.0321148704319258 0.0387253450491781 0.109387287188089 -0.0411018966577374
0.0353207585922376 0.0247368833630835 0.1118366608143 -0.059663488558162
0.0387744657563154 0.0118143141236198 0.099032530827823 -0.0556405271501238
0.0336889698666666 0.00685857591723045 0.0840974420968161 -0.0319567083239201
0.0371596372380772 0.0103562777296391 0.0832437267722679 0.0179999819247416
0.0384568003399015 0.0275073194795567 0.0628031643429572 0.0730803219830339
0.0336949385171706 0.0483514953421051 0.0149694771824652 0.108496160051773
0.0114558007121207 0.0783562123825586 -0.0531990599444813 0.0796367036379435
-0.0431725766185434 0.0717796927206046 -0.0668633203499024 0.0144566795949794
-0.0817483110291885 0.0325338186807076 0.00708156706042683 -0.0379544243274934
-0.0620541368975069 0.00361616236341992 0.126862237752073 -0.051048948245674
0.0400374470373144 0.033814362123724 -0.095232581793179 0.113207098923751
0.0557823910686595 -0.00984761259099027 0.0199539697617327 0.0550364380132138
0.0245407138226411 -0.0503425777286079 0.0635662578705029 -0.0507832736492132
-0.0159197478727563 -0.0393264632933044 0.0252395126323739 -0.122684382703162
-0.0162374206927477 -0.0199018070458592 -0.0705705402777144 -0.122631360692116
-0.0112842663434531 -0.0164959653423855 -0.110591860264354 -0.0598344300233224
-0.0102861888051598 -0.0169665899682475 -0.105602692572363 0.0115936982823707
-0.0044325838689098 -0.0148297398433466 -0.0916329814895368 0.0653811579419596
-0.00549457170348231 -0.0233660982081743 -0.077850895279599 0.100187475181397
0.00283267038562062 -0.0283729892496611 -0.0801686693290391 0.11346385311606
0.00562883038278802 -0.0216898079552504 -0.0890720962109748 0.100795885832174
0.00941475763374715 -0.0329707173591255 -0.0881351680953268 0.0860520303956882
0.0377188649227042 -0.0287539639461006 -0.0697468813014491 0.0871098536597961
0.0529336445660431 0.0177387757491215 -0.0409739214152078 0.101762081349713
0.0335335912577074 0.0506710729849634 -0.00169067929259656 0.182820734014668
0.0175870290313545 0.0889353440686173 -0.102617654694967 0.0877958547170864
0.0412725757979774 0.0502669135541063 0.0242707989460212 0.0361847724979448
0.0383237633362871 0.0036147663158885 0.0630627506599068 -0.0685921306440204
0.0186552609575686 -0.00371216788483099 0.0187978619874086 -0.132313279691941
0.0255911641333449 -0.00416815299589202 -0.069480276368917 -0.126398310602805
0.0294991092949272 -0.0186859832889866 -0.104914764884227 -0.0653248791400698
0.0233278405438455 -0.0334339702284403 -0.102194341704071 0.000919400087969841
0.0249873183619858 -0.0336281024812771 -0.0894020772764767 0.0525529610629984
0.0231824920337173 -0.0457846390297648 -0.0712933552915584 0.0901763979049042
0.0440731904197282 -0.0441912369867715 -0.0689788151610134 0.110665971336733
0.0533995885786646 -0.0200631783311995 -0.08304222598366 0.109243471899613
0.0584750891141916 -0.00785928843029147 -0.0919890742564931 0.0911666280725135
0.0683792990762083 0.0173364625659401 -0.0761581547066773 0.0767281853562531
0.05810438909658 0.0760598158855001 -0.032150396274545 0.0734508506461135
0.0277373059655434 0.120172455290596 0.0130694978836444 0.14170033233209
-0.00729548370252213 0.132418770601701 -0.0938129384806474 0.0465685626572318
0.0207747822242438 0.107290860426678 0.0427339012883322 0.0126384580191286
0.0495538148007209 0.063738547865862 0.0762788647864094 -0.087650029809368
0.0586156093987052 0.0373036981888369 0.019923767646077 -0.142252691962427
0.0694678722203327 0.0110861571370064 -0.0598205930837941 -0.127206609987523
0.0692843055417848 -0.0196766825892942 -0.0865885132397237 -0.0701166372532126
0.0554828261428267 -0.0465865023870495 -0.0851880204466194 -0.0136699517231646
0.0507521463017723 -0.0477022565545209 -0.0754206708903894 0.0317011818370021
0.0468448280230049 -0.0617121023029336 -0.0545499236002035 0.0708240692120213
0.0762061330085242 -0.0579451443552854 -0.0472932353256067 0.100502659358531
0.0922889736827976 -0.023134431222737 -0.0631841785329364 0.114546490626799
0.10361786091464 0.00678408384257282 -0.0874134045915668 0.101565811479629
0.0992004550818286 0.0535861189239175 -0.085553995375382 0.0733491635015379
0.063651809328166 0.122223532943005 -0.0351222632978565 0.0419739230065814
0.0213367914321296 0.171143891591782 0.0250261110083166 0.0847626785382113
-0.0287878839033724 0.156708372034467 -0.0729976824409798 -0.00865990844220947
0.0016795891415796 0.150310804989868 0.0637327631200378 -0.0197060101794222
0.0586079891288203 0.115946908849709 0.0914783028332622 -0.103963769229002
0.0965991825760133 0.0721040173477349 0.0291337323376465 -0.14531180870228
0.108234775330998 0.0221792715293937 -0.0374803850150419 -0.123655853014035
0.100926763858798 -0.0209480801406172 -0.0559285507816292 -0.0757434720336895
0.0794473313971408 -0.0539239582376887 -0.0554326243545232 -0.0319654529608628
0.0690061361669576 -0.054212490490023 -0.0510660122057601 0.00653349013063655
0.0630227730984306 -0.06742330764021 -0.0304595421277866 0.0452243279872502
0.0963272626558902 -0.0620720070879584 -0.0200627366483262 0.0823849478502112
0.116900189878579 -0.0227882125431738 -0.0358612965928594 0.111533742880202
0.134497728990906 0.0184137067258501 -0.0773946429737675 0.108269008462986
0.117583407741557 0.0808163835082831 -0.0941838701751128 0.0710437603984238
0.0599281296371994 0.151447136505508 -0.045689642813377 0.0106887666240852
0.00880212162486124 0.196177965809613 0.0342090110888015 0.0217205659776612
-0.041622145386637 0.155730593448381 -0.0473673959138895 -0.0720879781001378
-0.0133845547103398 0.166611978051367 0.0756288785262496 -0.0602713562869226
0.0592776822449273 0.144398253351185 0.0980682231447369 -0.115294982998659
0.116688200880989 0.093122095400691 0.0404631374448459 -0.137664830361369
0.127728803019509 0.0281245975785199 -0.00338943863934937 -0.115504085333224
0.115779402348136 -0.0200103748366353 -0.0157072951216883 -0.083518025217726
0.0909341318155603 -0.0534533599818284 -0.0182340964297499 -0.0528914821075424
0.0766136888424662 -0.0526373484022888 -0.0205680201320414 -0.0204187882803097
0.0719925628281331 -0.0617215661038356 -0.00144538151395295 0.0191506849219862
0.104009267132307 -0.0515441866250788 0.0097947017735088 0.0616188486259079
0.124768920969421 -0.0106768473076353 -0.00719249214598503 0.101623362266635
0.141288268671903 0.0373238075748497 -0.0643281171460281 0.10779377847783
0.110025581845005 0.102849089536466 -0.0977085315662715 0.0636535678254665
0.0366694969407032 0.162822055613346 -0.0531074948843927 -0.0186525155257303
-0.011992275700175 0.191302993157617 0.045038733284958 -0.0367408448558361
-0.045441476011528 0.128878643653725 -0.0235061458120932 -0.133487059346112
-0.0278778284920957 0.149535214494354 0.0733344411613285 -0.101838924150107
0.0458348724331287 0.142517572644939 0.0920354458160967 -0.118522788333141
0.111148833693956 0.0951492517331465 0.0492512247757555 -0.120238315677319
0.120532379914249 0.0293900514375484 0.0331757344361704 -0.104017130434754
0.108946172745316 -0.0150993742475708 0.0255102375711934 -0.0920618005989781
0.086973723841137 -0.0448696912593558 0.0193248497049536 -0.0724095809441072
0.0725360258683564 -0.0431787406527297 0.0117455016119108 -0.042875553096998
0.0717203901347006 -0.0469309662717813 0.029956891976032 -0.00246166538456074
0.0993211979253991 -0.0307811738902146 0.040434337050112 0.0453668962851021
0.114344043169774 0.00977590601342381 0.0197163113559383 0.0930225229369
0.122736630097445 0.0609846101089955 -0.0498399466021255 0.102888773263814
0.0763363617841643 0.116534047578902 -0.0927967868135255 0.0519420012495189
-0.00162583733104775 0.152022836688608 -0.0486737996453969 -0.0415069252781924
-0.0364284993258828 0.157102039042926 0.060453090006995 -0.0809431409496639
-0.0435636290135125 0.079296059236684 -0.00694909105369238 -0.180983946831168
-0.0394118056682959 0.10688055222551 0.0588192675889884 -0.130630897873039
0.0220411591872702 0.114353159307935 0.0786766591230923 -0.111613606353211
0.0827691532348569 0.0805633721226637 0.0572036902014043 -0.0985681115963613
0.0896276144134365 0.0268780977232899 0.0652163423538293 -0.093145327302231
0.0819763734001409 -0.006518719058905 0.0593655316048634 -0.0997874004982059
0.0686384296853659 -0.0281689289208936 0.0497186209686061 -0.0884268175847528
0.0572629206291089 -0.0266986958444729 0.0410000270669927 -0.0589486082478964
0.0607251272393586 -0.0266902168738595 0.0608341012878062 -0.0155742324135167
0.0796035267595754 -0.00689101663680314 0.0689070095567942 0.0391450969531076
0.0879498096625969 0.0281560862576443 0.0417560141014566 0.0917787147842106
0.0853585092860671 0.0752451331977121 -0.03494048509938 0.0993044136602785
0.029188370461149 0.112432454796331 -0.0784377675939439 0.0420319967687452
-0.041144525109662 0.1182268545918 -0.0315485674398449 -0.0503889674301219
-0.0550663286347859 0.0996908409620301 0.0804778827554326 -0.10475117254874
-0.0396766971610992 0.0146957993369782 0.000972012143645021 -0.204579552717432
-0.0481039743151319 0.0506396052389546 0.0382817972532327 -0.1387174920078
-0.00562683756284209 0.0696261896943874 0.0679343831365087 -0.0962137849316018
0.0408650106804412 0.0533307721729468 0.0663219312165812 -0.0815872095780522
0.0439018583457968 0.0217117943741908 0.0859507299511282 -0.0888093389459213
0.0425886850133447 0.00706073286604827 0.0775324229292956 -0.106475367622229
0.0408369532525469 -0.00520898477620337 0.0684949523206912 -0.096740743728129
0.0338085444827947 -0.00671778300976704 0.0631000091238395 -0.0663058453550178
0.0388673246590635 -0.00548178693838193 0.0851389442949134 -0.0180752636475517
0.0479521516123633 0.00978995778502834 0.0902428610051691 0.0420716074809351
0.0527286901099305 0.0311990879029535 0.0589428041416677 0.097995414893285
0.044499532618033 0.0685386748129553 -0.0207507157085237 0.102779569653499
-0.0112970922092224 0.0871575380835356 -0.0598491395273925 0.042726302500275
-0.0632195031458037 0.066535105319303 -0.0120606576242836 -0.0424200877547134
-0.057579570012193 0.0300246864576958 0.0978824929574124 -0.10467711142223
0.0424879376836845 0.0344287489290837 -0.0957621946966515 0.120198195779051
0.0588826412998127 -0.0123455429861947 0.0228979682867958 0.0564545638857289
0.0241004944733665 -0.0537785239887544 0.0660992978494797 -0.0561990563504324
-0.0185829621694838 -0.0405259319622047 0.0240227366103595 -0.130586169386818
-0.0174084662185632 -0.0205061302501269 -0.0755944724496257 -0.126680281470566
-0.0119227793810324 -0.016662000292619 -0.116544090718865 -0.0608226291934786
-0.0115330769631035 -0.0171655017286322 -0.108854713817079 0.0134047261121166
-0.00444044161579193 -0.0159406796109604 -0.0926033254867279 0.0706512418303272
-0.00666019881095242 -0.0239687529186723 -0.0771586877768732 0.107317793555255
0.00189727309130208 -0.0294995143400991 -0.0801928710180055 0.121783771430685
0.00469054044840389 -0.0223477207119447 -0.0911607514015534 0.109092987687822
0.00766868596394404 -0.0347982172344818 -0.0907390508845822 0.092861917824669
0.0374862419995189 -0.0320181746792396 -0.0720951912034204 0.0923958177855685
0.0565536023275062 0.0164634437782416 -0.0426378694374568 0.105863456883947
0.036694973498015 0.0518728010530074 0.00230811003215736 0.190398982424088
0.0207600247206677 0.0921699260214393 -0.104108119216193 0.0942122585891761
0.0453939294472065 0.0507275110262136 0.0275355727929225 0.0367543452508104
0.0398503768087668 0.00154250537237209 0.0651004698065699 -0.0749355067576826
0.0180866316779771 -0.00486007292373951 0.0168645039041125 -0.140128807477378
0.025395883889539 -0.00538541939178211 -0.0758056987660146 -0.130673406127783
0.0298017940500152 -0.0202828929103636 -0.111051543628414 -0.0667781024352924
0.0230744548463127 -0.0350102743760698 -0.105782706917482 0.00285591931368712
0.0251413182942545 -0.0359036401780703 -0.0908554384010401 0.0570378638574836
0.0228072136869157 -0.0476219233615462 -0.0704434126785722 0.09686512836698
0.0444495986371864 -0.0472742844932138 -0.0686479941791561 0.118669324353705
0.0547192292441006 -0.0216427546019522 -0.0836791804936126 0.117871459384583
0.059675000605985 -0.00950050723189627 -0.0946032441070654 0.0990270970966493
0.0703895680219143 0.0152493810015331 -0.0791477153847594 0.0818270627901103
0.0632406616973909 0.0775241098581373 -0.0341540723078305 0.0757376855004597
0.0318794981472784 0.123823944442842 0.0162084549873784 0.147104173140937
-0.00431281281313574 0.137193168534394 -0.0964545614443658 0.051022056243742
0.0250370452399036 0.110505036532674 0.0459123379911519 0.0117279851613424
0.0526585061995624 0.0631152557204247 0.0783854508829438 -0.0946535006928913
0.0601635606575225 0.0362242280525734 0.0187956619224613 -0.149566179088232
0.0713875774325114 0.00934007655129662 -0.0653913572646841 -0.131559727334774
0.0710451418801136 -0.0221283546153517 -0.0922822302761221 -0.0723539222648814
0.0557862140808879 -0.0495324024996833 -0.0881409501505836 -0.0129170274982446
0.051699245398234 -0.0505314163103123 -0.0768259315445977 0.0348346098369408
0.0467318813124912 -0.0645783855230534 -0.0533243761089982 0.0767199341705209
0.0777731318682878 -0.0625027105587045 -0.0461497219955828 0.107780123212503
0.0949783311033689 -0.0257437384346384 -0.0621570876752207 0.123153081374541
0.10708003468282 0.00409251804491859 -0.0897745804975248 0.110229827430915
0.10324331973755 0.0522089164293772 -0.0885428160430178 0.0792594688609005
0.0698031109728074 0.125069530171841 -0.0378927038623643 0.0434845199608623
0.0263112032865011 0.176807258861079 0.0269370670293862 0.0871927049327348
-0.0253974460332254 0.162620151524318 -0.075944978738261 -0.00676165962743198
0.00648249199732139 0.155806234042602 0.0673185559784896 -0.0217939698798563
0.0642785581809445 0.117565872849741 0.0945029283949766 -0.111682297910894
0.100852869106365 0.0716286894348841 0.0277618917911192 -0.153108079455245
0.111618614765588 0.0194151675302804 -0.0420971152004913 -0.128366175247898
0.103490267486097 -0.0243835217389102 -0.0605498006308386 -0.0789551618658657
0.0808949724060158 -0.0577627264389376 -0.058195445182053 -0.0323946378924976
0.0703286854496337 -0.0577916845452117 -0.0528089836103269 0.00816182597746298
0.0634199702282264 -0.0711876909697292 -0.0290753604729298 0.0494969043715783
0.0981928734910821 -0.0669042910226689 -0.017795622845157 0.088138207607643
0.12070712396519 -0.0264503086707097 -0.0333478386971344 0.119741134595523
0.139282912583316 0.015197657759078 -0.078641677655506 0.117673899450145
0.122753712957105 0.0802165074692575 -0.0969473559137569 0.0775956217518508
0.065728044822357 0.156681783264255 -0.0495046871889334 0.0115746829394862
0.0138292299991531 0.20219307564505 0.0347781610860532 0.0215309043348472
-0.038565105080639 0.162703855723123 -0.0511716130593764 -0.0733713287634328
-0.00996718626643623 0.172435736971979 0.0785620029604544 -0.0647479493004085
0.0647926089769664 0.147117475854963 0.101124608459102 -0.123836302025914
0.122975572505249 0.0924732510650314 0.039960268349846 -0.144723337143052
0.132381756748575 0.0252758900002416 -0.00658453301220025 -0.121099645906468
0.119043534792214 -0.0236208761228517 -0.0188622858010593 -0.0879029705026525
0.0926201417684257 -0.0578355739336025 -0.0206529579605869 -0.0547944815766354
0.0778536282014787 -0.0563710758424136 -0.0218150161090405 -0.0199719636851099
0.0724886527343812 -0.0654994781985986 0.000152238678689278 0.0214313067164222
0.107017381428163 -0.0565896348435332 0.0127176778796961 0.0654851159767995
0.128699130360556 -0.0147685194659089 -0.00395025764909375 0.109104605395988
0.147801882652929 0.0344857579442421 -0.0650752056394373 0.116455212038985
0.115771280961334 0.103437410020925 -0.100907284673039 0.0708465802865858
0.0422216749490463 0.168528109505239 -0.0580360777726423 -0.0183149347385991
-0.00864649156852839 0.197119474112307 0.0445410485370521 -0.0394781444636413
-0.0437789203745101 0.134811588700825 -0.0282465383400101 -0.137653029661025
-0.0258150909419132 0.155868838061643 0.0755589239649954 -0.107481832956303
0.0500655905214139 0.146263601154881 0.0948858353399134 -0.126522232263814
0.116962445437902 0.0957027714521762 0.0499081854128873 -0.127122695249289
0.125609481008044 0.0268034588480962 0.031947938414636 -0.11000395988931
0.112063218964377 -0.0188796956154179 0.0239852062404704 -0.0978493828494318
0.0887637990537346 -0.0489898239364818 0.0176535717447861 -0.0762158688498629
0.0741724299115353 -0.0458184403674911 0.0106077242091343 -0.0444767415521941
0.0725838337726568 -0.0500806612195136 0.0319703731723885 -0.00144016873663915
0.102309998281545 -0.0341266473511369 0.0439916556970571 0.0480144633363911
0.118755866088528 0.00712122204920564 0.023252103362084 0.0995870401841917
0.129165744482169 0.0591428358108953 -0.0504238802168687 0.110857270891295
0.0811009776170629 0.118773973941722 -0.0958628794940966 0.0588056392915249
0.00100342636808605 0.158497834578356 -0.0530446230598937 -0.0416242812543758
-0.0345917810972944 0.161689936994356 0.0597652222146125 -0.086140032264618
-0.0433248149009558 0.0827022722448131 -0.0118064385379005 -0.187764008055088
-0.0385718080972567 0.11274568377663 0.0600474929456362 -0.137118345769647
0.0252831869889848 0.117975651740007 0.0811842985755538 -0.119289835568536
0.0874430536277486 0.0810413628799924 0.0585107207212435 -0.104484199210661
0.0938466435443491 0.0255844437730225 0.0657628914243057 -0.0996902221369119
0.0850691206770559 -0.00843859223648766 0.058602581526671 -0.106725029072786
0.0704405963926273 -0.0312381370057197 0.0488440089885392 -0.0940597027705889
0.0589477832755176 -0.0286937496435996 0.0404460542905753 -0.0622075291607598
0.0617543327163622 -0.0290076499784451 0.0628960286838085 -0.0159502906471495
0.0826553856428815 -0.00957900881818933 0.0726082604795812 0.0403172393707833
0.0918378246940859 0.0259167074517428 0.0463025517386645 0.0972809837556913
0.0908388180069883 0.0753448122832169 -0.034773168836436 0.107029915438549
0.0329294119798997 0.116385874470464 -0.0813443801760248 0.0480979550117229
-0.0404059576035033 0.124178611059636 -0.0352195228895982 -0.0516301549370576
-0.0550668345104507 0.103325037076997 0.0798590326579749 -0.111302746760475
-0.0411152246091306 0.0157655541994232 -0.00433920513206512 -0.212604872753566
-0.0491130058033045 0.0539929692317488 0.0375204754122803 -0.145282296705961
-0.0039734288957774 0.0728820867257675 0.0703633340586171 -0.101993317908082
0.0446572581183694 0.0538912021525788 0.0688941382916292 -0.087216153328055
0.0462967874016967 0.0212049074124987 0.0873213311160223 -0.0962466769914345
0.0442861790820792 0.00619054740717748 0.0774889831978493 -0.114032825498953
0.0419366898334627 -0.00686069929972197 0.0679030367781386 -0.103097880819946
0.0346811888334445 -0.00737930503794925 0.0627954498042199 -0.0693603157577243
0.0394946158188022 -0.0061536417361393 0.0877624427658075 -0.0196949071118587
0.0504665904610169 0.00879899063682555 0.0946625939679292 0.0430351449015763
0.0555133600273183 0.0305910326046003 0.0634152742597663 0.102900710211427
0.0484330997764775 0.0697896379948651 -0.0192699992172174 0.109520070232448
-0.0098956313398843 0.0916741861049842 -0.0622924698617761 0.0477078396920208
-0.0645913618126705 0.0709510420843015 -0.0145190795181048 -0.0439324564373232
-0.059438470896052 0.0313630919923181 0.0981558482669624 -0.1113967111322
0.046000473300154 0.0328322608784076 -0.0912071514683284 0.128368239994992
0.060883881983869 -0.0167907992602618 0.0277592493860877 0.0558879025934449
0.0219075680484015 -0.0574307257654205 0.0660162926449917 -0.062350899373346
-0.0223635284285101 -0.0403303744509374 0.019123889420882 -0.13781386283334
-0.0195210850459841 -0.0200043781423262 -0.0836465198323826 -0.12699470535454
-0.013160920381988 -0.0163661343496977 -0.123230868432601 -0.0576079727304253
-0.0129519459303884 -0.0167883720065126 -0.110099011590284 0.0181068329244261
-0.00551497713974405 -0.0164762745292545 -0.0904737334899626 0.0767123687301861
-0.00793105518281695 -0.0243550555364953 -0.0716383783511027 0.114801187914649
0.000409977011220622 -0.0307308278618021 -0.0751589306071509 0.13027805457869
0.00369163977000111 -0.0229866946575452 -0.0880343953459332 0.118215538814309
0.00488429196032691 -0.0362200468099841 -0.0888045528660694 0.101671122556559
0.0361879798257573 -0.0357794584738294 -0.0706686257564274 0.0979972930732085
0.0602933523968669 0.0130520233830513 -0.0415135491128155 0.109192804745542
0.0404944995199713 0.0509761906386385 0.0118500229347278 0.195633530814254
0.0261603085669995 0.0926015251662242 -0.101509662532991 0.102162649212671
0.0499933569255181 0.0484969800244502 0.0306770154286628 0.0355909669368954
0.0407474274572077 -0.00207600146941025 0.0639959475259948 -0.0817185511887977
0.0172898538490597 -0.00617213545662741 0.0112501610638326 -0.146484402342028
0.0249871314662587 -0.00760029093267979 -0.0838343097888665 -0.130688074666695
0.0290959581093794 -0.0218036443920325 -0.1173627977163 -0.0641497786345357
0.0208948445753933 -0.0370854777251098 -0.107678770024291 0.0072781804866686
0.0242391871142984 -0.0379573034015725 -0.0888808282387813 0.0636780207866349
0.0207074033581859 -0.0497639204199421 -0.0654409281105082 0.103716569883098
0.0429336027050779 -0.0510960640163014 -0.0632732617371033 0.127209153073794
0.0546178967043846 -0.0246579658806928 -0.079572388638285 0.127523078763179
0.0598037815966971 -0.0131082598194343 -0.0930781808193244 0.107847883430192
0.0717587571605074 0.0112500940522128 -0.0780227696461855 0.0880488533154552
0.069300054258802 0.0755194671151634 -0.0337710034780851 0.0791496117732296
0.0394028022043236 0.124422133304481 0.0235278400361929 0.149984723420319
0.00322432916451939 0.140463927040158 -0.0954056655213577 0.0573892905232466
0.0323943220540735 0.111324119851767 0.0488770763690169 0.0093785337505846
0.0574235720850262 0.060246743041285 0.0769897385336845 -0.103238599037014
0.0621212970317816 0.0330225917686264 0.0120444444253307 -0.156551859617842
0.0725040661497588 0.00539765365937826 -0.0738459190597624 -0.131645422468322
0.0708614744372246 -0.0265557306782045 -0.0984775835601533 -0.0707122277532857
0.0537372731445099 -0.0535175826658115 -0.0906874199835914 -0.00927622875188062
0.0506116315493504 -0.0549214568051298 -0.0758375729111352 0.0402128499632455
0.0442738418580224 -0.0680828485152507 -0.0488607851084724 0.0828732878009759
0.0757313925274371 -0.0682849307869806 -0.0405323155283465 0.114434782843537
0.0956787387457626 -0.0313690127799916 -0.0565207236014539 0.132770739334684
0.108861083287098 -0.00145107810181361 -0.0869997104191712 0.119792539147577
0.106671272369492 0.0475068596327093 -0.0876230017068122 0.0871225617065879
0.0779947995772906 0.124000198819796 -0.0388722204466082 0.046181848157816
0.0359396621724883 0.178244635602815 0.031057783038293 0.0881261369318789
-0.0175031548330645 0.167754375224743 -0.0777914572348846 -0.00291667515945679
0.0149899074043092 0.158154714292594 0.0691542733375417 -0.0263362382465999
0.0714831121455809 0.115147700228321 0.09258406870985 -0.121472041825842
0.106011274972168 0.0666207797716166 0.0219515873333012 -0.159917055133403
0.114185032978986 0.0134157165417504 -0.0499135357080622 -0.129770030199367
0.104007713527452 -0.0305583170042072 -0.066225382487255 -0.0794292730723487
0.0787316404543337 -0.0635008296288885 -0.0613939162835668 -0.0307319414565287
0.0688625341901936 -0.0630518012981011 -0.0527870055683874 0.0112021086281573
0.0613349086265931 -0.0752354597500547 -0.02589580058484 0.0538164323393536
0.0964673489478072 -0.0739815381413867 -0.0121707789245408 0.0932582227673681
0.121886378556751 -0.0331298291017475 -0.0264361484057332 0.127226053140911
0.143061806633081 0.00826417569490218 -0.0752405660149165 0.127460093398004
0.128659318351542 0.0750585433795715 -0.0959926847548507 0.0866879511117511
0.0750813811117493 0.156881641257688 -0.0519256652990155 0.0147762099166107
0.0245191420362297 0.204626317641114 0.0351840891620572 0.020569662049776
-0.0307354452923696 0.168001285478259 -0.0554981286045369 -0.0723837281989444
-0.00116816160145236 0.176520343619086 0.0794833697773548 -0.0704554085066199
0.0732798632707735 0.145838194490081 0.0992178341061774 -0.133787894950012
0.129788965229918 0.0877379024592718 0.0348132763803543 -0.151813076923309
0.135889948844128 0.0184362808856246 -0.013136602364972 -0.124553888924237
0.120094811811055 -0.0310356742797051 -0.0246276597600317 -0.0905421297179671
0.0907736683937598 -0.064167734299688 -0.0241502554117951 -0.0554191162161582
0.0770747123766809 -0.0615318111020266 -0.023489408554727 -0.0189712951973725
0.0706236345415149 -0.0700545214670872 0.00253160571754966 0.0237843143100154
0.105979052883077 -0.0637752705218512 0.0175624137753998 0.0685802409277589
0.130872395654256 -0.0220982086529165 0.00313409969380704 0.115197979370337
0.15229793838457 0.0268105844335143 -0.0611771023183792 0.126248326197028
0.122531738699176 0.0997106315695299 -0.0998327558405804 0.0803466821254371
0.0514279425809341 0.170441342115212 -0.0619153842934441 -0.0153943953145581
0.00127743151231903 0.200340089685016 0.041811051398297 -0.0425742209642833
-0.0378349397487195 0.139748057297277 -0.0354090995890702 -0.13913675800603
-0.0187442568968336 0.160750592381917 0.0742755541020678 -0.114109380743476
0.0582998635863315 0.145460097106783 0.092251326346243 -0.136487693019185
0.124228870492965 0.0908259727207612 0.0459185532393252 -0.134114889782756
0.129530694395761 0.0215469831284376 0.0269169038996359 -0.115570603811825
0.11353274025892 -0.0251071701568857 0.0192189225861869 -0.10257499210451
0.0877284314231983 -0.0551239809725474 0.0134729165388884 -0.079795941869436
0.0735190588196803 -0.0504687366278738 0.00793131940011238 -0.0458448610795848
0.0708809112532537 -0.0544135223805783 0.0333760223092422 -0.00147724905271752
0.102380285940048 -0.0411939362895151 0.0485541039822874 0.0491232599011973
0.121411817139361 0.000483812985014175 0.0303398425731609 0.104093623750038
0.134931464090932 0.0527351043187633 -0.046280606159699 0.119856978692859
0.0885715741772039 0.117400292440078 -0.0955892267896687 0.0674244145331198
0.00888179917686195 0.162575758129249 -0.0579275898244041 -0.0395168064262513
-0.0279482045921709 0.166280239834768 0.0554642584885186 -0.0911447254668404
-0.0400159221766317 0.0864227594643284 -0.0217244182938841 -0.191611928657386
-0.034529957344452 0.117564753538745 0.0558353003340154 -0.143397151545795
0.0312631403427474 0.119178231524829 0.0787502296652299 -0.127445042735278
0.0937036034311857 0.0776906623156745 0.055805425031227 -0.111322558034182
0.0978281408248197 0.0207227721884711 0.0620804508615263 -0.10693219684122
0.0860262839411364 -0.0134618207260611 0.0538329401872064 -0.114048546415359
0.0700723132656518 -0.035937677162261 0.0439885005395651 -0.0996417679621836
0.0590802998681019 -0.0320060523044658 0.0372817327300418 -0.064908499821967
0.0608482315749744 -0.0323991659522178 0.0642113423236511 -0.0178320377702441
0.083736883183759 -0.0142631242857734 0.0770958021554271 0.0392756766234892
0.0946072912875359 0.0213511065286486 0.053679202198217 0.100323250604828
0.0970114600290131 0.0713092749337993 -0.0304273780295634 0.114121858869695
0.0393987519256272 0.117852419601708 -0.0812337397402487 0.0558508571099572
-0.0355321084202951 0.129515418647175 -0.039776504329906 -0.0504524572237615
-0.0517156386589129 0.107420394372696 0.0751462840164334 -0.118191254163437
-0.0410808118346765 0.018247572473742 -0.0152385794202874 -0.217671194322857
-0.0478273534514476 0.0585700644965038 0.03357366647786 -0.150363501976597
-0.000557656901603084 0.074945328029595 0.0690411175089758 -0.109165638214293
0.0491781137625097 0.0522301927978059 0.0673796932444391 -0.0937023858385996
0.0492450210088578 0.0189871311470244 0.0847501622479287 -0.105080731290692
0.0457207675216031 0.00393276462790238 0.0726621604885279 -0.122293454995366
0.0421331738085961 -0.00970889996499408 0.0626697328051932 -0.110537776011472
0.0351679216427712 -0.00896242844621423 0.0595213323258563 -0.0745806540678113
0.0393819547136383 -0.00844695732587903 0.0887788721570347 -0.0233043554865251
0.051996386480782 0.00600015050197344 0.0991523417771354 0.0406624010041953
0.0578001348028301 0.0277866733734216 0.071285948720907 0.104239788822111
0.0538209093489731 0.0682092310876455 -0.0152155369242 0.115434989375898
-0.00528326290265595 0.0949284184957584 -0.0617210480417379 0.0549283141188263
-0.0627458357137584 0.0762850836846968 -0.0181083225144071 -0.0436843811961413
-0.0602868880025173 0.0341678943698508 0.0943081595887979 -0.119126567901765
0.0475527173865728 0.0295407994696868 -0.0827737383126214 0.132079775813242
0.0601471158692676 -0.0214825885358744 0.0313916275130944 0.0532984690535083
0.018017308768645 -0.0588006808551561 0.063220535902921 -0.0672930243544858
-0.0258018815048454 -0.0385485896854439 0.0117704509708201 -0.140225220531942
-0.0212503617162093 -0.0187739649588558 -0.0904585903842648 -0.122901607502645
-0.0139485474907076 -0.0156309330272132 -0.125892107436231 -0.0514856178466987
-0.0141476587380153 -0.015584717336473 -0.107908945437525 0.0229653710051649
-0.00658342487665388 -0.0162777002081153 -0.0842825483255993 0.0813215105172359
-0.00937174433521416 -0.0238205476094982 -0.0631663856375606 0.118850897386137
-0.0015049473792883 -0.0306372895066053 -0.066305956149986 0.135419604444326
0.00183583227533804 -0.0223036676971795 -0.0808367285699041 0.124518973034621
0.00171282604066177 -0.0360600862728715 -0.0834002298679973 0.107219009050451
0.033203784564592 -0.0384084377495951 -0.0667817979968263 0.101090457637536
0.0616646530976388 0.00892895608245265 -0.0376502074815635 0.11078405258511
0.0430937090311568 0.0480940176304197 0.0224127478555816 0.194064485970106
0.0319964393942064 0.0897918093522315 -0.0939263721101874 0.107392976586001
0.053149308408184 0.0440585948693899 0.0335824325042178 0.0331128801509899
0.0399044404595981 -0.00562036743709292 0.0602590808346731 -0.0860971578035326
0.0151498093713762 -0.00722101001189847 0.00374328904908956 -0.148693817713592
0.0233259717200652 -0.0090410727226527 -0.089890784985818 -0.125710594323012
0.0272874415307389 -0.0235100250915331 -0.120238007609603 -0.0582784684337408
0.018238881701463 -0.0380104190540528 -0.106339527497549 0.0122967993076534
0.0217196525176577 -0.0395875262789347 -0.0837966831371486 0.0674418655169468
0.0176565350486599 -0.050421021845824 -0.0572800935216662 0.107615909526321
0.0391739047478183 -0.0530749054441835 -0.0544501876057171 0.131475090921719
0.0527952791905656 -0.026753772558174 -0.0710520480188017 0.13388822281878
0.0569462401940351 -0.0158396968630803 -0.0870419042966033 0.114137767031501
0.0706349945193024 0.00661901639445752 -0.0740710761838504 0.0920834997571533
0.0737985533265164 0.0704995018926593 -0.0316606855790993 0.0794039190929023
0.0456488439659849 0.120190516792061 0.0310013159183337 0.148620016033572
0.0116281738877429 0.138402564394292 -0.0909144541196743 0.0628003385561135
0.0390170697929732 0.107433127237569 0.0506942718132703 0.00595104127759121
0.0600660549132338 0.0545648342762545 0.0721569026196433 -0.108659203776493
0.0626399995353238 0.0288262748170709 0.00434332593810069 -0.158124150066075
0.0707741323779569 0.000658974449966659 -0.0800894438003429 -0.127066246154063
0.068302755394462 -0.0307567441582851 -0.101694817307408 -0.0659626957509682
0.0496684191691394 -0.0558606290774023 -0.0903226078981656 -0.00483218866436903
0.046814306895749 -0.0574544753934247 -0.0723240696504073 0.044062753791735
0.039752972160981 -0.0696738925459948 -0.042157338992022 0.0853557335013373
0.0704975715586401 -0.0723008177547143 -0.032031408210761 0.117819943715828
0.0929712871709169 -0.0355380252991179 -0.0471686879122403 0.137338505519183
0.107073230755977 -0.00736421432159 -0.0805346836696091 0.126484701915227
0.107552170370226 0.0410025318704928 -0.0830593883821979 0.0919320407236515
0.0844543728128238 0.118913442341709 -0.0383778970112111 0.0482401279387467
0.0450021435523473 0.174078673502843 0.0348141029035357 0.0859639167893453
-0.00732414331630155 0.16645143956218 -0.0768326197829334 0.00189803030713379
0.0242020619996464 0.155402374111762 0.0690672864460778 -0.0300244568804263
0.076478595772226 0.108023518359889 0.0863901285324219 -0.127896432975594
0.107641212751038 0.0598955404866061 0.0136648352212157 -0.161683516173118
0.112586878270198 0.0062745562400508 -0.0566549314546843 -0.126349832726802
0.101128117203094 -0.0365535340620515 -0.0708926103681623 -0.0761940093672709
0.0736881301591204 -0.0675116342758285 -0.0622337382496315 -0.0274530484291547
0.0651408251852111 -0.0664896620404783 -0.0517723792601662 0.014368029772513
0.0560396245412764 -0.0778404939355423 -0.0206874108894864 0.0560730384683015
0.0912714213943529 -0.0792316102767821 -0.00556207162100359 0.0953378173598451
0.118431930688547 -0.0393668859804062 -0.0174763933922315 0.130633608475787
0.141408972154646 -0.0008044465563031 -0.0680430453598495 0.133692178966725
0.130227689905417 0.067243193392839 -0.0911940322910138 0.0923210329721991
0.0835256027022238 0.151018176411439 -0.0526740461579962 0.0173975921925566
0.0349907381116557 0.200353884103073 0.0343097708061442 0.0188961998929053
-0.0208785614011729 0.167643418648896 -0.0591170489466014 -0.0677993325685354
0.00839671314921527 0.174627285342458 0.0762226340386706 -0.0744638892591356
0.0800010122495274 0.138608235044114 0.0922564952035757 -0.140742480895356
0.132122082916576 0.0786242430981529 0.0272305294946526 -0.154889770211146
0.134422574278416 0.0100498417723386 -0.0205567502019988 -0.123687926289643
0.117006785144355 -0.0376140338312062 -0.0296537623960888 -0.0905409631659741
0.0855154148927107 -0.0690275204431446 -0.0275345819144331 -0.0542000792173991
0.0731534083029331 -0.065119071865007 -0.024421587063461 -0.0171092860940416
0.0656197732884155 -0.0730912131959931 0.00535777299614197 0.0248809799465127
0.100594090881891 -0.0696582111446735 0.0231095429534171 0.0691096207005731
0.128240938481456 -0.0289529484470105 0.012088600960878 0.117561787816316
0.152350303790697 0.0172788107087092 -0.0539380226570939 0.131856903883543
0.126442933117011 0.0922267437407773 -0.0950659422692327 0.0870074804871622
0.06029636576641 0.166289117480508 -0.0641576934386566 -0.011359872137395
0.011626047952988 0.197385721322722 0.0374645103102049 -0.0438066096543334
-0.0292257495582453 0.140038672468451 -0.0431082032823965 -0.136243529812786
-0.010097600264346 0.160229268630937 0.0684802602388567 -0.117349311719955
0.0650754065569173 0.140306136198013 0.0853836941356763 -0.142076507034124
0.127694630625524 0.0825362058358709 0.0392645990196635 -0.136935502048056
0.129069162460885 0.0130096645149584 0.0197972471722994 -0.117104839470825
0.110791851303869 -0.031895384967836 0.012225601656356 -0.104794321633279
0.0832299426509575 -0.0596305979882587 0.00833346062279989 -0.0809959992767822
0.0701424444035618 -0.054208391095739 0.00500286220708333 -0.0453044625501032
0.0667429697813411 -0.0573012756150658 0.0344811753146974 -0.00167858408782787
0.0986726295608056 -0.0466857722375949 0.0519705704259235 0.0471685606870339
0.119961710330699 -0.00621816699468591 0.0383213328660967 0.104771723311215
0.136282584051406 0.0436737719524071 -0.0398168372435192 0.124767777557123
0.0936200355537092 0.111442397545313 -0.0910849916640517 0.0746954119702526
0.0176584715971052 0.160858331379518 -0.0613297112709711 -0.0354506994583484
-0.0196581050198594 0.164807794365476 0.0481355935697355 -0.0929615508350327
-0.034816386316199 0.0873321550562151 -0.0330400347154478 -0.18841310378425
-0.0281958592115736 0.11877278681716 0.04900983007551 -0.145989811333439
0.0365675539823451 0.116116826199899 0.072584412426212 -0.132222781344548
0.0975728235490547 0.071484857428613 0.0505156428619179 -0.114754993230381
0.0980467794082885 0.0148721617664676 0.0553374673280592 -0.111085114375806
0.0851044109137196 -0.0185572300826882 0.0462566566526386 -0.117759374600942
0.0666680577540967 -0.0398999363520783 0.0374543772937866 -0.102193804633883
0.0564882109431289 -0.0346437263120463 0.0322554200994469 -0.0660146546722705
0.0577404686580923 -0.0348495583250946 0.0632228429421008 -0.0197379028546625
0.0822591358953738 -0.0194292302596508 0.0793622315603983 0.0362203235948164
0.0944642352784761 0.0153695373085633 0.0603402275256935 0.0994502803494742
0.100479158899026 0.0638466054275767 -0.024081320430948 0.118159354581264
0.0455585433088545 0.114999100490592 -0.0777935218324945 0.0623947348454965
-0.0285413935215027 0.130962570976631 -0.0437784272696804 -0.0476208575282681
-0.0466402928248513 0.108146259345708 0.0666134321763776 -0.120347459309397
-0.0401382756921532 0.0199644366006741 -0.0276799055084933 -0.215609632076093
-0.044561875398476 0.061312786153807 0.0261347496651867 -0.151497878220418
0.00353107353473954 0.07481222726335 0.0639515589457649 -0.112754393240497
0.0518724194776087 0.0480093103074519 0.0626903665035316 -0.097533414147146
0.0504807331488174 0.0157840647713262 0.0780332616308144 -0.11098051163852
0.0460635295624455 0.00104721432669802 0.0645347348962833 -0.127026595903905
0.0409599220490347 -0.0118754194151416 0.0546209286501006 -0.114329242334679
0.0342656857543937 -0.0103348946681044 0.0537545228043729 -0.0765778414576983
0.0381260107758451 -0.010193015484349 0.0867814315543456 -0.0271317311237746
0.0520620197608459 0.0028077793935464 0.100918247303603 0.0360047602536917
0.0584979236267606 0.0239833906557794 0.0770057142266167 0.10222257401692
0.0576184913205528 0.0635117324548122 -0.00887818199694916 0.118811923164757
0.000548198125941469 0.0952153977798727 -0.0588439341408252 0.0602256516523381
-0.0585994726208108 0.0796741001164584 -0.0211552668351457 -0.0418519731360899
-0.058957297426344 0.0366179848996354 0.0861447153709149 -0.123376945083575
0.0469082031949998 0.0265240422076969 -0.0751498412759209 0.130716481893185
0.0582593433788217 -0.0241557724587676 0.0328909455833517 0.0503532129412684
0.0151536148576613 -0.0589383176958781 0.060422847967342 -0.0693141297086922
-0.0273746552556617 -0.0365418539505206 0.00746867060186763 -0.139377889056503
-0.0225219921188809 -0.0173175054735623 -0.0907239994801835 -0.117730062352687
-0.0146397127103375 -0.0147899558826371 -0.12471364900732 -0.0469835553988536
-0.0142087688552746 -0.0143671306939697 -0.104495711510262 0.0248517473811822
-0.00688037175896018 -0.0160388769862963 -0.0776178111232236 0.0814477619444716
-0.0103481242096793 -0.0229825434206193 -0.0555447401102654 0.118167365570742
-0.0028247979819679 -0.029922961745899 -0.058959705892045 0.13514545344221
0.00116196258116483 -0.021366081133111 -0.0740135961933034 0.12528274294901
-0.00100848176702645 -0.0349416428937603 -0.0784296824026714 0.107744720290278
0.0300023456677836 -0.0387353001571234 -0.0628328174881418 0.10023238511082
0.0610537984729783 0.00594127715815769 -0.0350618378604868 0.108651745707682
0.0431912246023339 0.0449499892260038 0.0289795123807026 0.188485582217817
0.0342363161939932 0.0852527901722633 -0.0869812435832117 0.106891025799201
0.0536851215938861 0.0394418123795319 0.0343054401763397 0.0302202296957683
0.0384461816167839 -0.00854977064325386 0.0564359703758694 -0.0879362818719828
0.0132394304382706 -0.00707455812131906 -0.0010841089881142 -0.146448935175372
0.0208630772729712 -0.00935623981774732 -0.0911091289631041 -0.119685482816546
0.0249513558464095 -0.0242105713881955 -0.119170168494656 -0.0532054724884362
0.0162446275226543 -0.0369340350133978 -0.10222066998701 0.0150123675242169
0.019811679399264 -0.0392437568654704 -0.0780825766767098 0.0687225160308563
0.015250393866518 -0.0491432918556797 -0.0501026414687136 0.10696510156267
0.0356048771984438 -0.0534296056053637 -0.0475708154819598 0.131022097742872
0.0502774382761147 -0.0273704525065012 -0.0636603414622556 0.134310265929217
0.0540306128399696 -0.0169194751353053 -0.0815135582224733 0.115563319370172
0.0675673497484279 0.00359257987507202 -0.0703637073427087 0.0920460311826947
0.0745095135223279 0.0651738653950807 -0.0306329716426438 0.0781595698074197
0.0477036586944662 0.115060462180161 0.0348512092463815 0.14355673596406
0.016467378052974 0.133300060569869 -0.0855293825682056 0.0637040031506717
0.0415489714357073 0.101609936836 0.0501824996361524 0.00348140424594376
0.0592432337895898 0.0487919698410352 0.0667835595896446 -0.109788373777695
0.0599799572599068 0.0252027851983158 -0.000474739538892225 -0.155504380979557
0.0670669726546393 -0.00201030412325398 -0.0814680623643628 -0.121122430254571
0.064237270183896 -0.0323773396639388 -0.101305588425861 -0.0616356386035124
0.0456818613376986 -0.0557774840966131 -0.0876582530321267 -0.002464850200273
0.0433259670806581 -0.0575991212453526 -0.0681337433179557 0.0457096197484981
0.0364022908290221 -0.068403223679742 -0.0362086953291092 0.0850512018593669
0.0652762432136246 -0.0726460108723132 -0.0257376505830494 0.117164701958415
0.0890521503369527 -0.037565296543384 -0.0397109430904369 0.137464205920239
0.102806166611876 -0.010558065299641 -0.0741659430182473 0.128150094004161
0.104180577778913 0.0355962404607928 -0.0788826359243535 0.0927735974699421
0.0861075593398518 0.111662778244509 -0.0379832123704241 0.0476030462984609
0.048940480782394 0.166426753198725 0.0357947201302529 0.0830135352162402
-0.000849668706166633 0.160696709094511 -0.0740092440103659 0.00447790737216984
0.0288723037458834 0.148946810084644 0.0672249540423927 -0.0326153494845193
0.0768921906281765 0.100183207252595 0.081091868457666 -0.129595773768613
0.104780137948068 0.0536338393229915 0.0084152074445089 -0.159247863020232
0.107675977754424 0.00197429859983577 -0.0590869647511529 -0.121301587040335
0.0955926880238072 -0.0395398586584779 -0.0711670612839667 -0.0727900570402358
0.0684925472203424 -0.0674881980196148 -0.0614586512201369 -0.0253939071593637
0.0608368683312196 -0.0669607745729959 -0.0497645500970562 0.0160261263459863
0.0516568693999111 -0.0766048356018656 -0.0161930709567335 0.0559556241513824
0.0847983913599871 -0.0802151963424363 -0.000298918989368317 0.0943675961430711
0.113537175351727 -0.0422726127743238 -0.0100665520155351 0.130672682384797
0.136641498095512 -0.00549879062891761 -0.0617082190234582 0.134860442164137
0.127149907658473 0.0605436601713973 -0.0853468412086137 0.0944663378178034
0.0860898348064842 0.143197697973005 -0.0530883345378737 0.0192384766526504
0.0394786868914956 0.191729890073116 0.0331617242789165 0.0176881791944978
-0.0141543235575167 0.162311909161804 -0.0591950000171085 -0.0640619502336535
0.0140024360221509 0.168495548962551 0.0726562496744948 -0.0755978538738093
0.080789759245511 0.129783471804073 0.0857236929782913 -0.141411676922431
0.129803409077484 0.0710662218073206 0.0216648504319705 -0.152455917535078
0.129642398156764 0.00459635260601454 -0.0237680922113615 -0.119556226362623
0.111578606530208 -0.041003577137957 -0.0326834311325589 -0.0877564244689232
0.0801098558541887 -0.0697698178936643 -0.028584360303573 -0.0528100787438655
0.0687639275921291 -0.0657941530902186 -0.0245591453685624 -0.0150466524594482
0.0611060370792333 -0.0720235645610245 0.00776823336142007 0.0249937941897437
0.0949809582408341 -0.0710121471626939 0.0261812815456153 0.0681325792984353
0.122951909633375 -0.0322572431218728 0.0180680293402341 0.116097857900691
0.147601654962407 0.0104080712053103 -0.0481720233973829 0.133190790999344
0.124375464611021 0.0848417947828503 -0.0890523079551952 0.0891362969616403
0.0633676119163352 0.159282556817798 -0.06388268268968 -0.00844852918013068
0.0167346056098858 0.189547873779204 0.0336306211514514 -0.0432634504605664
-0.0234273744112044 0.135604583975303 -0.046459401720689 -0.130291560833883
-0.00502456432794856 0.155953783186818 0.0638322130936898 -0.116605016264205
0.0668042863762148 0.13315725385356 0.0792277434542468 -0.142566435861625
0.125665442225503 0.0753477085798933 0.0341715585637762 -0.135499921949178
0.124989110770494 0.00763579501166297 0.0145301853550596 -0.114903471017493
0.105957232876499 -0.035252723398743 0.00785823050976582 -0.103717101249347
0.0778530105434059 -0.0602941154898066 0.00465126410124734 -0.0798511821449757
0.066050142143175 -0.0549091219879151 0.00238662528167886 -0.0431236186745411
0.0624670645707716 -0.0572942045995525 0.0344243091340928 -0.0019298311287908
0.093316131449958 -0.0490428150309207 0.0532423752170574 0.0460586284524787
0.115625197132493 -0.010308885021186 0.0422125281327409 0.102678451880438
0.13398222506707 0.0366495297364634 -0.0347478325308645 0.125053104837196
0.0940763718233579 0.104895180360531 -0.085914160325163 0.0771678400246628
0.0222043015087445 0.155788238331097 -0.0623391056741475 -0.0319197747890385
-0.0145702181745232 0.159493253320778 0.0428384716346876 -0.0911931391847668
-0.0310411892480172 0.0851353854990305 -0.0381530645419324 -0.181674955481078
-0.0236784018942651 0.116294850175457 0.0438195323895138 -0.143289893401102
0.0388308682979945 0.111870295969217 0.0674320151550345 -0.132199973169806
0.0964992870919391 0.0656134435178221 0.0458260381993854 -0.11412026091998
0.0958668242534037 0.0107672574033493 0.0495034290915231 -0.110788154351659
0.0814682851976319 -0.0214389486898983 0.0402653898667532 -0.117339766867102
0.0629184449743688 -0.0406674033001921 0.0318811556100884 -0.10188062809528
0.0534941998551583 -0.0355357768146719 0.0285416765681548 -0.064183254432546
0.0542002564935798 -0.0357753074228712 0.0613083614683936 -0.0204345018944008
0.0780396459968216 -0.0216092999156031 0.0790467018670344 0.0343455522515516
0.0918313961436047 0.0115412018700731 0.0632382531301364 0.0970243408520953
0.0994911479163077 0.0577762802149508 -0.0202600714039749 0.118653164845284
0.0480408160737049 0.110378613380906 -0.073542962764487 0.0650315442153099
-0.0236129641809771 0.128551352365804 -0.0449625642427075 -0.0441926773213418
-0.0425143112394187 0.105295367683572 0.0596329663331593 -0.118475720718646
-0.0385346108783728 0.0201745987410557 -0.0346841764840083 -0.207832611468636
-0.0417779092324926 0.0608271804824988 0.0216875218695711 -0.147376237465641
0.00570528464471242 0.073225339894946 0.060335000128983 -0.112755824527753
0.0521297136310812 0.0445063003910749 0.0590150512025539 -0.098255706316941
0.0498681956899343 0.0126433031429946 0.0716315291182327 -0.111878970070308
0.0447574836862805 -0.00126245000813734 0.0575266363335205 -0.127658823626898
0.0390082085216361 -0.0130624240658542 0.0480324509281584 -0.113872862211866
0.033086222793576 -0.0108923330254537 0.0487596098002226 -0.0750755232983389
0.0361951182421329 -0.0106995911780423 0.083383849469143 -0.0284422634497154
0.0501865377836701 0.000735921693920987 0.0991974754447659 0.0332508004474467
0.057126746002879 0.0207511672733522 0.0795535507751689 0.0987102605502342
0.0585620557613505 0.0592047184905027 -0.0053215782561368 0.117595169079042
0.00408560587451865 0.0929508721080348 -0.0553045539973458 0.0622998221128633
-0.0550745886308428 0.080167737820097 -0.02294999994753 -0.0394120120013054
-0.0570479870006223 0.0369388711166292 0.0787396088340863 -0.122031046794654
0.0464602608238588 0.0291141784743059 -0.0784168360747702 0.120718096352029
0.0586787100343461 -0.021690673121044 0.0287020287106141 0.0482116138441798
0.0168524705344206 -0.0587867946554501 0.0604948121150543 -0.0657305524133273
-0.0266286895227163 -0.0352322550558417 0.0125771597858027 -0.137042641592773
-0.0222486484913898 -0.0155275076398989 -0.0829454643481543 -0.117399867763362
-0.0139778747903662 -0.0141938681121984 -0.118489543947572 -0.0508304886982091
-0.0137350093438958 -0.0142062676804555 -0.102584820886264 0.0194477616312135
-0.00656111136424509 -0.0161398757044145 -0.0767198574981005 0.0760410946788886
-0.00991125351476934 -0.0221179450089165 -0.0555889909972365 0.113198316457487
-0.00221782695559983 -0.0284384809354546 -0.0599553978699916 0.130100108211507
0.00182304067557206 -0.0200556855235435 -0.0757889891840039 0.119853916351826
-0.00126814221563416 -0.0307776297012179 -0.0797121420135268 0.101189509568567
0.0292059196538296 -0.0361868981406936 -0.0653886553405619 0.0931645995611976
0.0593306567669717 0.00866734032883646 -0.04196694312118 0.104320953170796
0.0419554069208961 0.0466808544416499 0.0154532845130359 0.183927598376992
0.0295946169522636 0.086303985121866 -0.0863488654744409 0.0983614848929135
0.0502899952388952 0.0400833901841458 0.0330983334887524 0.0289264134016366
0.0356866016183092 -0.0081597609744232 0.0594820920668579 -0.0844279025289609
0.0106663715037156 -0.00611353205641322 0.00699743001665262 -0.144239773724375
0.0184733832488951 -0.00571622186981586 -0.0814472659755516 -0.12114884650491
0.0246618821468941 -0.0210788467927868 -0.112198823900449 -0.0583343329059484
0.0167373277201931 -0.0347295232773865 -0.100065069903016 0.00827268983371722
0.0215324616190928 -0.0381679984213745 -0.0765515150978903 0.0638666518903759
0.0162941296212805 -0.0468408750332555 -0.0496599026481202 0.10298467924608
0.0368945443290381 -0.050503935932726 -0.0472598165400142 0.127341172791712
0.0508726383130194 -0.023546852732011 -0.0640703901891031 0.130605352237533
0.0510236834612149 -0.0110724991379197 -0.0821526321818431 0.110719278907717
0.0635484424582254 0.0073807529366157 -0.0723799209912636 0.0870314283779782
0.0699891246499967 0.0672447969222558 -0.0376569507806727 0.0756627613351137
0.0444685827031026 0.113693772317669 0.0215088923536001 0.142071165756677
0.00839273058016892 0.132028259395071 -0.0807926756119281 0.0581976307005651
0.0341767254565872 0.100264731525152 0.0520501147899791 0.00333508220830769
0.0524883229578639 0.0495051971801696 0.0731475685261804 -0.106292911227485
0.0536895484005669 0.0279687028175753 0.0098506269313306 -0.153606339194929
0.0626271658230821 0.00373381814230271 -0.0718005614376397 -0.123727776836297
0.0626864855889103 -0.0273952166118104 -0.094556232525732 -0.0668588992951273
0.0464122608362065 -0.0515159009151327 -0.0849956849778809 -0.00849356925217558
0.0458377897716758 -0.0547163149874444 -0.0666013271271479 0.0417032188599763
0.038162564789395 -0.0648538092123895 -0.0351779988951753 0.0826063473234578
0.0667822911604227 -0.0685535239190046 -0.0253916615176375 0.115126409953146
0.0895170920036642 -0.0321181584423392 -0.0395895133362314 0.135868722723433
0.0985091927260727 -0.00352206469619509 -0.0742300259167146 0.125567242586648
0.0977320048751265 0.0407485774810684 -0.0804239614553619 0.0896294881166672
0.0793093837530943 0.112518270874732 -0.0442506314246489 0.046703555818592
0.0437639053993206 0.163050177962279 0.0245991744397098 0.085139821028024
-0.0112718181812004 0.157854239463983 -0.0655111674557361 0.00241713300302274
0.0173479983323643 0.145876654648033 0.0719976970934806 -0.0301503135347913
0.0658780161200173 0.100425331135393 0.0900343544147061 -0.124584347279145
0.0950805821691224 0.0572067152045689 0.0209186761034959 -0.15721648440587
0.101583514026441 0.00952645441722384 -0.0487644540426269 -0.124126736446665
0.0936650768971468 -0.0330106527954957 -0.0651519295025261 -0.0777075926612693
0.069119368569285 -0.062055621985757 -0.0583059440110266 -0.0307437282426384
0.0636024150610656 -0.0632367391407787 -0.0475334418948597 0.0138461942511379
0.0539639579440727 -0.0719214481600005 -0.0152097876029288 0.0550173392974792
0.0858559049847833 -0.0750684604345364 0.000709756521309316 0.0938639118095376
0.114310847533302 -0.0360274546200566 -0.00986691266054083 0.130938212590566
0.131145874582573 0.00258374272035504 -0.0608757668050388 0.134564205633533
0.119518744975029 0.0661773895577102 -0.0872747755261519 0.0921793207141038
0.0770111280980143 0.143424746231047 -0.0576628695303137 0.0190494726278256
0.0333198173571562 0.186619043907118 0.0243980939185882 0.0221119105307575
-0.0253639671403067 0.158787733002509 -0.0476167021491215 -0.0625968336011645
0.00125151368109018 0.16458278763735 0.0801841957162682 -0.070765890525713
0.0677319243955053 0.130727994294934 0.0965351566040738 -0.135998113494663
0.118349900914858 0.0758806023000656 0.0344994490388784 -0.15051262019559
0.122846185732982 0.0127975621762026 -0.0148560812955858 -0.121854015213407
0.108481000355844 -0.0338636192463387 -0.0272871936476041 -0.0907015286201682
0.0811941517797676 -0.0637483480712547 -0.0256672346970436 -0.0557665356343334
0.0713587722202384 -0.0617348079547556 -0.0229779783883451 -0.0152908726146885
0.0631979099533087 -0.0676049858513558 0.00916529930138838 0.0259555845371038
0.095807831741056 -0.066465088983752 0.0265418521584936 0.0693700170963257
0.123110316690763 -0.0261983662123066 0.017605637678824 0.118701722165572
0.141708025306045 0.0183265105135012 -0.0475310290912882 0.134820878791138
0.116004841089498 0.0894044774923735 -0.0904633154778374 0.0880626588318305
0.0546322924631157 0.157720900406767 -0.0674134708573975 -0.00861810193123591
0.0107959601584673 0.18343032250905 0.0286312271777509 -0.0372889629715711
-0.0339198758216446 0.132504256172354 -0.0325966953882223 -0.125998960258854
-0.0164366007484602 0.151337568056319 0.0734765212392047 -0.1107921622182
0.0537052312656591 0.133539868681484 0.0900305538276151 -0.136869620910919
0.114474072198443 0.0795429852534037 0.0455322489139154 -0.132555403808295
0.118553549449143 0.0151316515572975 0.0218311815148124 -0.115563420107446
0.10330372402265 -0.0289334279530796 0.0119170846393805 -0.103863551402268
0.0787556116600658 -0.0554603307282088 0.00714856213416072 -0.0810182825304004
0.068472549328458 -0.0508799583233767 0.00402778893117283 -0.0415864765262178
0.0638292853344569 -0.0531426778192973 0.0357751588199261 0.000704332017443575
0.0934637581467105 -0.044797038767337 0.0530645988781397 0.0489545891477733
0.114770043371394 -0.00513838429261727 0.0411928196211366 0.106992357685714
0.127199308655507 0.0423582690503098 -0.0353832210371399 0.128915327833981
0.0858569547863743 0.107957134107352 -0.0878343667803954 0.076460581520391
0.0146405662034318 0.152462235409364 -0.0642937046281719 -0.0324453225306929
-0.0190104526223556 0.152665394505175 0.0406438338048553 -0.0838672151334577
-0.0380820949683734 0.0821539316214516 -0.0242362084551691 -0.176223178889147
-0.0331577690014563 0.112409123507484 0.0539647357529404 -0.136407358142123
0.0283731438676587 0.111326280073734 0.0777514026224509 -0.125537475634108
0.0880141582923881 0.0683666032639705 0.0550424111245598 -0.110301714187096
0.0901907772838988 0.015747624544822 0.0541829653801838 -0.108813241051963
0.0793649159896641 -0.0170456845141293 0.0437951351694872 -0.115001420626464
0.0632899131430603 -0.0371677589943253 0.0338571243882118 -0.0999189474743212
0.0550959893944025 -0.0322221361520093 0.0290885294517322 -0.0604495843946665
0.0553396539427227 -0.0318629918875016 0.0614970202410517 -0.0162197014390774
0.0781664079491542 -0.0188146758408649 0.0776366175473634 0.0382240013446954
0.0905372859730715 0.0154566708868795 0.0597360736396009 0.101766055319094
0.0945877234199386 0.060929304030139 -0.023024073809583 0.122294774542187
0.0411377136191269 0.110907001438045 -0.0762724540760751 0.064293108560768
-0.0290191839808555 0.124761564949829 -0.0461966849826259 -0.0450105523002181
-0.0451213190613552 0.099429432320284 0.0602627752654572 -0.110758867254236
-0.0415750497398393 0.0182168199671087 -0.0218102929630377 -0.202155525347162
-0.0469405900505886 0.0582580098785176 0.0311471581177427 -0.140476872859271
-0.00097183395011904 0.0719743437668809 0.0680407238975042 -0.106062563630263
0.0469303669567299 0.0451772354268701 0.065315364921533 -0.0931162227300572
0.0461342764490972 0.01468717692819 0.0745096116458518 -0.107551538097513
0.0423985854169802 0.000556768057403451 0.0605346797902744 -0.1228705130294
0.0391886379726597 -0.0113011131572967 0.0499692410498784 -0.110370548337328
0.0337971807244721 -0.0093222720873269 0.0485383701600289 -0.0702372205867752
0.0365585998449802 -0.00887939206870935 0.0822016246699959 -0.0233495116894997
0.0502028827147934 0.00241210915759412 0.0962276079927825 0.0375566465936245
0.0561277674643954 0.0229213020230542 0.0734975309275151 0.102825157896554
0.0549687163597782 0.0608364706829687 -0.0105018024635938 0.120410933147984
-0.00074014052894463 0.0923622882851949 -0.0591158759323802 0.0611610134425334
-0.0573874862041003 0.0756060563259182 -0.0236644716144072 -0.0402662752304405
-0.0573577078760508 0.0326782205632399 0.080812628717291 -0.113515571471804
0.0454852829911676 0.0291596720189005 -0.0795461900051466 0.118734944289493
0.0590710592326067 -0.021830377538789 0.0279438291571203 0.0482123910531943
0.0169646099728326 -0.0591783350234122 0.0626759924744088 -0.0662948910729029
-0.0268395479038957 -0.0355193150365494 0.0149905857336068 -0.138673315095763
-0.0227825979241693 -0.0151467054256539 -0.0798507635200415 -0.120211357512063
-0.0145286002945616 -0.0135141315545021 -0.1173215708552 -0.0536582204925057
-0.0135424245619598 -0.0141781958263098 -0.10245269444357 0.0163328842611525
-0.00585137289934878 -0.0161990837615846 -0.0770411847335286 0.0739115023235452
-0.00937750242484353 -0.0222495253489574 -0.0563629044655884 0.111729366210144
-0.00241049175463288 -0.0281264327311529 -0.0610656212361672 0.129899901441252
0.00200287691383135 -0.0188903424943054 -0.0768856560329599 0.11989107411588
-0.00197843384733271 -0.0300986137584139 -0.0819678463520264 0.10037842148786
0.0287524023184546 -0.0359319635585182 -0.0684485059790263 0.0918947421998678
0.0597504847593398 0.00877095383130498 -0.0462967237355166 0.10227730339465
0.0413861885168264 0.0476284091666214 0.0122585023594323 0.183514339094994
0.0280779807134561 0.085632437445527 -0.0872499838003231 0.0961460031167261
0.0497312611864078 0.0398290965802713 0.0329853404012476 0.0285810352224311
0.0346884858136056 -0.0093260765995903 0.0617816335927717 -0.0848953865372449
0.00976732520341032 -0.00565777606608069 0.00929272967498906 -0.14544120240404
0.0175457436213932 -0.00459367253418898 -0.0783466553990534 -0.123115283007851
0.0240067173226128 -0.020461457219487 -0.11117856748913 -0.0611111090428626
0.0173150125930726 -0.0337644448421232 -0.0996752238096868 0.0057252435907965
0.0216953123085801 -0.0374719206473509 -0.076386930635999 0.0620508579787396
0.0169279840556407 -0.0457991822852498 -0.0497557518891065 0.102343689139289
0.0371215480419735 -0.0493012257706663 -0.048218323843743 0.127679873416029
0.0510023740240576 -0.021972965368577 -0.065617494577303 0.130830799641242
0.0502044149538366 -0.00951941051410016 -0.0846673260500102 0.111032722213622
0.06217249968356 0.00828654798637196 -0.0753565597701449 0.0854888753335802
0.068533904198706 0.0669425836740649 -0.0410539643837791 0.074612827515135
0.0419419872248374 0.113880198921719 0.0186519290294012 0.142411694922691
0.00604614985451318 0.130514312021771 -0.0810015470141543 0.0560072157920748
0.0322321318732774 0.0995369403863599 0.0523184527370054 0.00386286333291637
0.0502940419338616 0.0477977552686003 0.0752090509420234 -0.106257253759181
0.0517829208051721 0.028605005738535 0.0126271469054801 -0.154405002641302
0.0609340143726603 0.00508270261436423 -0.0679038483862114 -0.125227695177519
0.0619333699602833 -0.0261077364749322 -0.0934369933025314 -0.069694406788311
0.0465892362637343 -0.0499853825793963 -0.0840057078808749 -0.0110960646561659
0.0464318615184176 -0.0537340522685125 -0.0663794837143734 0.0405960933783888
0.0387927297410045 -0.0631085938510566 -0.0348716362387372 0.0818904603537525
0.0668899803421921 -0.0670864237072253 -0.0258728536844687 0.115518640203079
0.0899111495943947 -0.0297630202133181 -0.0400435868630687 0.136694537020732
0.0972812217195466 -0.0012872326677754 -0.0768198066737829 0.126054560748806
0.0954923903710907 0.0420819550871604 -0.0830441985913929 0.0882142615715042
0.0769640154002162 0.113148802949968 -0.047170290378071 0.0452387573753169
0.0399275282261536 0.162172009154147 0.0220588159087796 0.0854684923832141
-0.0141134649884211 0.155500612720344 -0.06476158430616 0.00144705341266797
0.0147345882747709 0.144680825460783 0.0728294985873841 -0.0287555639834299
0.0624592006751282 0.0993397951610793 0.0921606751210962 -0.124222041706132
0.0926247111898219 0.0580775831241817 0.0240238221127105 -0.15849041886185
0.0996317845334709 0.0111231222751457 -0.0461639376708574 -0.124707541938728
0.0926553406932651 -0.0315665012527874 -0.0640590775953111 -0.07978130347091
0.0690958403069912 -0.060001142282577 -0.0575394132126145 -0.0321924597346549
0.0641880743811592 -0.0612269037009642 -0.0471270570097847 0.0134223975690422
0.0549188064967736 -0.0699560249830807 -0.0144321207668489 0.0550237732871942
0.0866115799958679 -0.0738305561015404 0.000656928278419884 0.0949891746388856
0.114850971082815 -0.0333402578699591 -0.0104079139421433 0.132607485985055
0.129963819658666 0.00422080923661715 -0.063367834314812 0.13629875552485
0.116658304621793 0.0676971600626173 -0.0894631053201155 0.0908564797731636
0.0742113654097121 0.14361085808833 -0.0599564488007077 0.0177120007132261
0.0288667109043832 0.185504242843041 0.0233477101003911 0.0228754544713341
-0.027813042575383 0.155947160939216 -0.0459843219406179 -0.0627741354634196
-0.0022321775166716 0.163112503101883 0.0816448300263405 -0.0689923053308398
0.0640706882362158 0.12955040448835 0.0989853489036185 -0.135616894831665
0.115189439292405 0.0770903067190983 0.0375166913951061 -0.150363151450155
0.120660734056333 0.0148582775149171 -0.0130168568089333 -0.12177108914153
0.107640390396297 -0.0325552997748869 -0.0263955224704573 -0.0922259593407144
0.0810669531723675 -0.0618326998722514 -0.0253322797717635 -0.0574432783102912
0.0720148157358505 -0.0594763364016271 -0.0226712151911006 -0.0146258424774654
0.0634851401351002 -0.0652580865175306 0.0103189056653786 0.0266210297769347
0.0955165060934952 -0.0647255801304763 0.026926561858679 0.0710244617072228
0.123006243281308 -0.0239837656969959 0.0176543591621344 0.1208310026735
0.140022673229663 0.0193276242457022 -0.0497251251955745 0.137100888428583
0.112828452109563 0.0907779638711212 -0.0923096782916601 0.0872486099993373
0.0514016615270577 0.157879641204787 -0.0688117650499866 -0.00931239921323486
0.00627018406699324 0.181741584487644 0.0284095703382198 -0.0357810805103671
-0.0355932363884584 0.129209703869295 -0.0304576665541292 -0.125750950572157
-0.0200474074255575 0.150517351863378 0.0756336138388771 -0.108531613775092
0.049514099143582 0.132958834282055 0.092833964485529 -0.13617769341627
0.112145826233865 0.0808343033775726 0.0484978390085479 -0.132530998465792
0.116870337317775 0.0169102274500214 0.0234104741156267 -0.114600956337499
0.102444504271595 -0.02739350168238 0.0124616866306422 -0.104957461966886
0.0783249952130261 -0.0541747054267325 0.00730816481191743 -0.0814418145089129
0.0689027080626447 -0.049196093399117 0.00418646413914437 -0.0399416293514419
0.0642149629625522 -0.0504970447932035 0.0364123785377516 0.00274061550669999
0.0934749435669466 -0.0433163053525093 0.0532307194675668 0.0513155223036414
0.11377675969257 -0.00267830146101201 0.0407097835312779 0.109416994440835
0.12562962372765 0.0435365130824546 -0.0376930876064203 0.130980113196225
0.0830044768108641 0.108684756032917 -0.0891147859049425 0.0761161086196419
0.0111977257471609 0.152483114731059 -0.064678569846173 -0.0329825973949748
-0.0229133035617946 0.150541592186535 0.0411986969548488 -0.0822382828184891
-0.0395077610391027 0.0800668070445159 -0.0209321613483869 -0.17489346272228
-0.0354647512132744 0.111502377463213 0.0567041008614768 -0.134254146565197
0.0249105466930863 0.111119348051617 0.0802855519169121 -0.124601827670819
0.0855693804164214 0.0694037661618624 0.0574078469405426 -0.109860246149625
0.0893726696353844 0.0166515889804519 0.0554114568878756 -0.10762060595872
0.0786262429615566 -0.016231994587484 0.0443653761736137 -0.11543641791702
0.0630022424322942 -0.0359423870428247 0.0337891361192545 -0.100356097960505
0.0555134310287811 -0.0312452868237484 0.0294751049143688 -0.0586408936448782
0.0550918914642303 -0.0303773209198322 0.0621567597493998 -0.0140045182426936
0.0774016089110982 -0.0176637197042284 0.0772966271586391 0.041417950088773
0.0896397909937698 0.0166492196794359 0.0594207952696887 0.104311425408918
0.0928844597465187 0.0616865430107108 -0.0251342373330573 0.124629892069722
0.0388099062580027 0.110865700819575 -0.0776132517082684 0.0642574291407593
-0.0313132162434871 0.123679957040105 -0.0462004934521084 -0.0448775776743782
-0.0477426939958783 0.097356092282593 0.0610762932884842 -0.108829210489898
-0.0418726545492014 0.0168067341835218 -0.0188274978782263 -0.200525962370273
-0.0481126569951927 0.0574886976953636 0.0339542101437163 -0.13879501733221
-0.00215184737994777 0.0722427587052685 0.0711784391153932 -0.10493321712992
0.0462455953187796 0.0457245373107908 0.0677112405497662 -0.0923108377432928
0.0457319853815098 0.0147076413909214 0.0752537064623562 -0.106780461757044
0.041987240764617 0.000632626904521239 0.0609504283988536 -0.122694983825057
0.0387079956028239 -0.0109880982092736 0.0499104547091439 -0.110486918029888
0.0338540252122389 -0.00809449173216767 0.0483355576121624 -0.0681294611883475
0.0365012886423318 -0.00769021098398403 0.0822031142872189 -0.020540028333529
0.0497925552991531 0.00320183131600837 0.0951943331214408 0.0403970097894556
0.0552812278352808 0.0236966260750346 0.0724223593199614 0.105323115376271
0.0540323623406251 0.0606076582628512 -0.0131094227919201 0.122771291582913
-0.00156515092455979 0.0922155423393528 -0.0602591548365239 0.0611905468453443
-0.0590656672585787 0.074799069014438 -0.0237801235519499 -0.0401075515828387
-0.0580334824492027 0.031195127737405 0.0817117384532644 -0.111586398946874
0.0459338213586629 0.0306851799996075 -0.0835328662564262 0.118711155214022
0.06139230234871 -0.0220506044906457 0.0285876269512608 0.0491220360696631
0.0171188440840143 -0.0613951192527355 0.066533862591085 -0.0689286453030563
-0.0279101682646989 -0.0360314452971478 0.0176952013205079 -0.144799871934874
-0.0234969465649613 -0.0148935195047829 -0.0793306109049627 -0.126494327697456
-0.0149579072451479 -0.0138985427745823 -0.119764664384796 -0.0576948955802232
-0.0137791944112824 -0.0145040559110363 -0.10565017413379 0.014244386853198
-0.00564725299924719 -0.0164810857145183 -0.0785792320079865 0.0743667818231225
-0.00964483877773592 -0.0226690004997233 -0.057924928080586 0.113674914301274
-0.00261379980332246 -0.0288463792041443 -0.0638505539667591 0.133364017325649
0.00252128627735146 -0.0192082998655013 -0.0807444057413538 0.122765918201674
-0.00263275078731697 -0.0304938947273792 -0.0865601381323917 0.102579744736822
0.0296653837501533 -0.0367379716694181 -0.0735619695520473 0.0917554207220944
0.0616600336539825 0.00938102049275351 -0.0520384893118898 0.103952736267594
0.0418590500378485 0.0498282271147605 0.00898384866006092 0.188586275296112
0.0271641762269279 0.0872658493534869 -0.0906452659309429 0.0965365805539517
0.0504208581375315 0.0404994408512474 0.0336712343546898 0.0297304502961228
0.0347647521497888 -0.0102247763557957 0.0656984478783653 -0.0876576264425833
0.00893705818577077 -0.00541487958697034 0.012621915186123 -0.151610853291427
0.0171283692888379 -0.00398162799166318 -0.0771955843112875 -0.128713294783154
0.0240694221309386 -0.0199868552140346 -0.112723232523274 -0.0657271407578333
0.0177829740591657 -0.03404980719074 -0.10227272823509 0.00335417340529724
0.0229711893552197 -0.0381299772598 -0.0784236892312357 0.0619598939963237
0.0181363104265491 -0.0462041882481311 -0.0510903003000227 0.103833574031085
0.0378110439055638 -0.0498629453910168 -0.0505285175539682 0.131317931538942
0.0528878826861382 -0.0208999458400097 -0.0686917946252461 0.134820808610024
0.050339617584567 -0.00832726202796072 -0.0894325266095803 0.114334886178011
0.062098418536211 0.00938724994478248 -0.0806032327216473 0.0861003682657926
0.0695585544642491 0.0694791792980251 -0.0461077983045221 0.0750497556773359
0.0410118534853392 0.117417116021414 0.0167296455382988 0.146399921184429
0.00388157915978053 0.13226223270993 -0.0835279492234206 0.0561099358098786
0.0320021688727097 0.101281882299656 0.0536754729147768 0.00456862853783165
0.0490507170509665 0.0478590280735563 0.0796487663527672 -0.109375154341314
0.0512575998123266 0.0297674330014642 0.0163089210218824 -0.160478973128416
0.0611169562915616 0.00679907106211331 -0.0670804816149766 -0.130022713273317
0.0627294582300863 -0.0258645282505293 -0.095172260944761 -0.0737044064020007
0.0482597143431395 -0.0501452887548217 -0.0859500865123055 -0.0136256702054364
0.0482998020609293 -0.054414614519154 -0.0678203804720859 0.0406090839264894
0.0411479522358 -0.0631512213683671 -0.0353212938585534 0.0838131024250317
0.0689162853134824 -0.0673424658631927 -0.0270780882091427 0.119429534463855
0.092642545872025 -0.0285371488109714 -0.0425823086676314 0.141205837504458
0.0989130172357975 0.000967281242798366 -0.0817588300817486 0.130642319846324
0.0958608264741924 0.0446517501310619 -0.0880512796041975 0.0890941415865047
0.0764646146010025 0.116909445032055 -0.0514940700368886 0.0453406670200404
0.0377430080171967 0.166692342396314 0.0207608330349915 0.0882262786866907
-0.0166222025922568 0.157313420103372 -0.065957417648752 3.46041938573336E-05
0.012884103863802 0.147376239472789 0.0753013830920778 -0.0283868183267073
0.0606486185529067 0.100587738911622 0.0971961197261203 -0.127437782296511
0.0925808893806381 0.0604110415501803 0.0281400791277845 -0.16346960544407
0.10077878281325 0.0136252862592154 -0.0450396978857679 -0.129344915496322
0.0940094264901307 -0.0310755316248884 -0.0653968536995831 -0.0840146059258946
0.0714626449999988 -0.0603544050288722 -0.0588572110608913 -0.0356358617233411
0.067130209821856 -0.0621722070354829 -0.0484186501722951 0.0134105479697672
0.0572136263644615 -0.0696590600303857 -0.0139849356223088 0.0563253679251031
0.0893363278135406 -0.0737849505577585 0.000936358640734067 0.0992877275112423
0.118046220461739 -0.0316194836265294 -0.010512338622757 0.137488342128003
0.132179478588206 0.00688781299016285 -0.067578208932276 0.141790297563645
0.117338226268184 0.0715638187140705 -0.0941835718940981 0.092670971836682
0.0731829851586617 0.14824602244929 -0.0638015163411724 0.0172308062596589
0.0256403473266227 0.190281234541018 0.022779313598812 0.024251198126209
-0.0315574826112278 0.157265783325696 -0.0457322097272935 -0.0653263943797751
-0.00538890741261763 0.1669517977452 0.085527927512631 -0.0696801154919048
0.0615178798381803 0.132157373164814 0.104398452548445 -0.138185802860914
0.116005422609509 0.0802770283357457 0.041794462850991 -0.154833563951145
0.122688238137598 0.0173513943537785 -0.0112110278745126 -0.125331488047341
0.109899613004981 -0.0314718380676837 -0.0267368156669722 -0.0962276736060187
0.083290087349765 -0.061942527835233 -0.0255871225688491 -0.0606624386562428
0.0749257040594053 -0.0604110822012867 -0.0227720417215076 -0.0147515401800962
0.0662844053182474 -0.0647477757126041 0.0112551631679841 0.0281509923793599
0.0979359408105545 -0.0644204180202857 0.028178260468447 0.0752764922458029
0.126076600030107 -0.0218824602639568 0.0177664674001036 0.12574312435728
0.142128105355136 0.0219729206875921 -0.0536054499778284 0.143342022338783
0.113398893464148 0.0949828380554524 -0.0971067599085981 0.0887072349082718
0.0495828566876825 0.162510630112287 -0.0722533024793317 -0.0103807334221499
0.00238043771506124 0.185327357579784 0.0287361324442842 -0.0361381711751317
-0.0393528152329996 0.130270411463255 -0.0289207367937649 -0.128336675467424
-0.0243550055000918 0.153858242095491 0.0793147102645966 -0.108891624381898
0.0468345453319533 0.13618782594233 0.0978749659595702 -0.138526969587316
0.112838957915628 0.0845690357154221 0.0525032181026829 -0.135562019544049
0.119116136493856 0.019375174561265 0.0251856075101287 -0.116813917554963
0.10456175937157 -0.0269046640194659 0.0132303708620627 -0.108848439769919
0.0807907976865066 -0.0539957609160444 0.00754841553392257 -0.0845679967868921
0.0713911232497026 -0.0494538964395195 0.00493844680552926 -0.0397709118554868
0.0665198044169953 -0.0501844750814696 0.0382800176024983 0.00373608085532007
0.0956089290195627 -0.0428795640606021 0.0551715158924963 0.0554689744721739
0.116588069402494 -0.00112353387634914 0.0418377822220625 0.114808055841047
0.127319899155872 0.0455603144059399 -0.040797095265128 0.137354276970833
0.0824863784592799 0.112467910955941 -0.0933530734427783 0.0777131250389422
0.00865829721184692 0.156466611212715 -0.0673105971868712 -0.0343378261987474
-0.0269036058792391 0.1529085812865 0.0424997638400327 -0.0832347020263404
-0.0425617380056365 0.0797339051515526 -0.0186605368155402 -0.178754453092268
-0.0395074964450543 0.114271823076371 0.0611013960911505 -0.136213284896322
0.0233261068917804 0.114397683713872 0.0855047879070135 -0.126597548616363
0.0868123891027282 0.0722411956886111 0.0614876096047964 -0.1116424839514
0.0915474591331822 0.0183212009504201 0.057973845103469 -0.109221968904475
0.0803802600346376 -0.0153023710146189 0.0455167590999344 -0.118894917020222
0.0647731959828016 -0.0357961579759657 0.0348821569950296 -0.103497579511872
0.0571646084863418 -0.0305776151214332 0.0307708544474279 -0.0579734891832907
0.0572800501024889 -0.0294365022338917 0.0641504388990942 -0.0123721725186245
0.0790593623567835 -0.0169241503624907 0.0793884134473404 0.0453432117656469
0.0912827800165447 0.0183584064070153 0.0604816791915639 0.109562863382902
0.0941727632615308 0.0633484575797165 -0.0284088140339852 0.130649713976706
0.0377854806521867 0.114473294213406 -0.0813341348511078 0.0664069185014171
-0.0345817939620255 0.126781690436354 -0.0479939007217355 -0.0465784352390917
-0.0512382576492587 0.0980294583049784 0.0633123780506654 -0.109968448108334
-0.043788438034601 0.0155344481471592 -0.0159315085191215 -0.204869895604051
-0.050579394612783 0.0588709975379128 0.0382983658290859 -0.140273562609877
-0.00364149932233879 0.0742625422217134 0.0758200731526468 -0.106731623915992
0.0469146200536573 0.046845337060642 0.0718774871657337 -0.0942204506815104
0.0470254829726477 0.0149933549898422 0.0787575567320432 -0.108720865665419
0.0427490097104596 0.000981888629503005 0.062843791930632 -0.126258749268792
0.0396385537180755 -0.010155377090204 0.0507839691837339 -0.113628275263269
0.0347346909535409 -0.00797593828676099 0.0503674931118478 -0.0678228310292849
0.0370031426267122 -0.00674472347045572 0.0848065319638262 -0.0181723425767543
0.0504323331672252 0.00366912918902893 0.0972794418767066 0.0450388543086029
0.0559410408495475 0.0248528934668165 0.0730781142993789 0.111082761259864
0.0548563862760114 0.0622437935414032 -0.0156571389992566 0.128568300925609
-0.00297685542329034 0.0950424426481373 -0.0630620512756425 0.0631128697443
-0.0623014978470081 0.0767155250056027 -0.0242416076651028 -0.0412192362216936
-0.0606189413490328 0.0300776200543478 0.084804871177244 -0.112421445669563
0.0476878307625021 0.0319717574197775 -0.0867578239109414 0.123715627361783
0.0641050847746136 -0.0240765002508249 0.0303292970020788 0.0511022829114239
0.0161860397734704 -0.0649919009438538 0.0699415655677134 -0.0745717747919436
-0.0297266534498521 -0.0367704774380415 0.0180492005835057 -0.154219982641627
-0.0246904135680661 -0.0142413656265244 -0.0827502876535061 -0.133986935482991
-0.0159282478270712 -0.0135995773750829 -0.125687926556463 -0.0612236912928019
-0.0141850013930001 -0.0147760817280042 -0.110485487934601 0.0144299529896576
-0.00581858255356157 -0.0174605965673918 -0.0805875320256391 0.0768177626944981
-0.00995031552131955 -0.0230921628666717 -0.0580389285505123 0.119336284835613
-0.00325293825915317 -0.0296696005777051 -0.0651157353181077 0.140659834215085
0.00277495564188224 -0.0192622257980021 -0.0838608713394723 0.130049448369271
-0.00372045706782571 -0.0309919901822974 -0.0906752786998562 0.10894560798647
0.0297306597955376 -0.0391053581233527 -0.0785844912381516 0.0957500210305909
0.0654335548003685 0.00874788985983567 -0.0562751159217359 0.108376881566012
0.0444758940599294 0.0523356886524416 0.0108466906085308 0.1966875191323
0.0281491713730071 0.0907023645433206 -0.0941000704606202 0.0997132324570007
0.052726974713266 0.0414435870861295 0.0352338007216078 0.0306732338357083
0.0343180120747721 -0.0124112213712579 0.0685806517342163 -0.0939869971210364
0.00833972067022748 -0.00533244574318574 0.0127375670698825 -0.160795920656685
0.0172187352989516 -0.00302358978385836 -0.0803821331344285 -0.135990816541175
0.0245482455031827 -0.0205064551358706 -0.118616630943341 -0.0692495856836859
0.0183404698316234 -0.035440805844833 -0.106529570268249 0.0031758631208763
0.0240568324134472 -0.03991257754375 -0.0803376645303311 0.0645495546438439
0.0187786978069004 -0.0477678438696193 -0.0509735207411212 0.108677787576041
0.0388090026778705 -0.0519294263144083 -0.0509814199384143 0.13901604261993
0.055593048000154 -0.0215985773412254 -0.0706676434009311 0.142820857745602
0.0522393909184747 -0.00811195121534118 -0.0939781371585728 0.121270620183121
0.0636110184302051 0.00966474368657377 -0.0860137049616783 0.0901613659960242
0.0731278985740131 0.0712549368592671 -0.0508339176867296 0.0782707092150165
0.043220265324766 0.122395717192134 0.0177652599767614 0.152837025806305
0.00420938014648482 0.136675404446702 -0.0868894977003468 0.0580305125360159
0.0335811527351673 0.104771605695071 0.0563291539411055 0.00403781026178944
0.049318569143978 0.0480775180048225 0.083462086608727 -0.116219054359008
0.053017693847796 0.0307226290371515 0.016661153702875 -0.169849644865639
0.063106471640865 0.00783287642887954 -0.070018268932141 -0.136751045292485
0.064604687400454 -0.0265438273695857 -0.0999909006679311 -0.0779852401147273
0.0494492031384348 -0.052047259914977 -0.0898002280748365 -0.0153118147138764
0.0504528867033443 -0.0569612069057808 -0.0692284489305741 0.0426521505426168
0.0429546291026543 -0.0653125740006002 -0.0344129721668166 0.0876145676628846
0.07145697090686 -0.0703457563222321 -0.0257710464180991 0.126622782471778
0.09760437233698 -0.0297222862410069 -0.0428790981885283 0.149718600581372
0.102534823072286 0.00116238901858516 -0.0852322385429268 0.139888166146313
0.0989648092356807 0.0469023520985389 -0.0937701126855413 0.0936253701989839
0.0801136946918894 0.121527418800357 -0.05651075433844 0.0476644698812527
0.0395010212612509 0.173413494692152 0.0212673643546001 0.0923295986923046
-0.0174504172035424 0.162508851281083 -0.0690945841394521 0.000166729804988672
0.0136926007081478 0.153221192990984 0.0791586287736914 -0.0300732522579579
0.0613346211793934 0.103125254697663 0.101758814405187 -0.135060618485311
0.096056932988753 0.0625741560569209 0.0286495804306711 -0.173025979575213
0.104027903734162 0.0142985266574782 -0.0470949438811859 -0.135876825248581
0.0970995884966522 -0.0319846082142494 -0.0692475634737497 -0.0889799434302145
0.0736533225700829 -0.0628067526575433 -0.0625649215499584 -0.0381562778047784
0.0693379504331931 -0.0655980568690494 -0.0498628028329373 0.0148457876350461
0.0597509967177471 -0.0723860580250321 -0.0126202862714025 0.0594744909694073
0.0918977159432442 -0.0769549741383393 0.00270549166146866 0.105126353290178
0.12321923011609 -0.0330719982757235 -0.00908614577539471 0.146037957057881
0.137168007786017 0.00702753085178255 -0.0706886345458821 0.15209566614564
0.121371178006444 0.0742774834405069 -0.0999773980760438 0.0977225319193182
0.0760205832041654 0.154613038488427 -0.0686801047329197 0.0183770726812762
0.0259836852003623 0.197449910182643 0.0229551928979767 0.0257456402076482
-0.0329990422853849 0.161697464577034 -0.0473181109264057 -0.0673698649350417
-0.00591654862255719 0.17408807341498 0.0899385222273977 -0.0717662215201146
0.0620281005747533 0.136497704694266 0.109786748644966 -0.146086982943638
0.120512446757714 0.0834239002019213 0.0436315333628234 -0.163892639986231
0.127167122536897 0.0181262236462142 -0.0120732445508275 -0.130619443930852
0.112968829117503 -0.0336290690102551 -0.0295374695574077 -0.10168772489578
0.0859283690388812 -0.0644043167772072 -0.0283498201204246 -0.0647850973280613
0.0776976838948621 -0.0635967691447494 -0.0235890014980422 -0.0142562885087218
0.0694886386197075 -0.0670906800946608 0.013232018360297 0.029775480901213
0.101586158478635 -0.0671968793518899 0.0314220020045918 0.0800889202534587
0.131691806103095 -0.0236039076377148 0.0213509982580477 0.133540725327046
0.147497433755734 0.0222630632414288 -0.0555670615826667 0.153663841794349
0.117377394178685 0.0989975473235976 -0.102276018997777 0.0944391077226331
0.0518401555147085 0.170257016382798 -0.0770815390521373 -0.0106927076771818
0.00206190209742524 0.192570589901203 0.0288121311662168 -0.0374154766336843
-0.0410422276758388 0.134055785585781 -0.0303548980516206 -0.133897998845419
-0.0251594328971456 0.160884244700091 0.0832709226960923 -0.11357409490989
0.0473288624845574 0.141634507246081 0.102845097778261 -0.146129731924249
0.117438524535552 0.0879845694128539 0.0550086556121758 -0.143700714819869
0.124090267085911 0.0200305743929197 0.026062356817712 -0.122518759668521
0.107994234167442 -0.0285918967970704 0.011800713261211 -0.114298271659962
0.0832503595899285 -0.0561980119472384 0.00550940597343558 -0.0895713767643757
0.0742471752305352 -0.0517175886130468 0.00468341944545556 -0.0405006390488161
0.0697258388394082 -0.0519404259778251 0.0413972340862797 0.00493019599747115
0.098221938742202 -0.0449195605402046 0.0596119657967055 0.0592095910346912
0.121767230784437 -0.00186066517018218 0.0460959864879967 0.122059102730138
0.133077797574177 0.0464697312693549 -0.0420333398825113 0.147546228267498
0.086184829789731 0.117035149539427 -0.0980716780076318 0.0832798764836403
0.00919075299765155 0.163787260510651 -0.0721087905769347 -0.035547509423496
-0.028721747367831 0.158959682871751 0.0428958142887494 -0.0867237765559176
-0.0444051976945779 0.0818533471563407 -0.0199507091863603 -0.186196725502176
-0.0415742666420656 0.120016687002528 0.0636167943612544 -0.14138262211436
0.0230747110427563 0.120056907464669 0.0892914590951785 -0.133053118306776
0.0908020585277167 0.0750580513930436 0.0648188536107637 -0.117865719225859
0.0956286051119941 0.0185773981826351 0.0603072001228699 -0.11483173963225
0.0830143745452916 -0.016497692056405 0.0456760449777802 -0.125223935849307
0.0671613336651715 -0.0375651249414526 0.0337423668272072 -0.109276536004606
0.0598761285841479 -0.0326081906024686 0.0314512289885707 -0.0601010821818624
0.0593143473425679 -0.0299820330042268 0.0676634659485318 -0.0117781348635324
0.0819928804269202 -0.0181301970399011 0.083897710421932 0.0489085396527864
0.0952921023131038 0.0186505460482474 0.0649333909886441 0.11665775543403
0.0980130372667716 0.0646169580769027 -0.0292031448606235 0.140284492039537
0.0397714287484152 0.119426822156812 -0.0854950322403461 0.0712048520995589
-0.0364364444670278 0.132814472488881 -0.0517409359847917 -0.0483972371685518
-0.0536873752096278 0.101574506016121 0.0647486366108714 -0.114899976034709
-0.0464386669688292 0.0154468074684658 -0.0168021182384451 -0.213042154939175
-0.0534444203667389 0.0622880183989899 0.0403156203894878 -0.145507089818016
-0.0035668668295179 0.0783515619054385 0.0802120052551538 -0.112147495811962
0.0494140314735764 0.0482352367413352 0.0759274508587357 -0.0990213658428121
0.049147612674852 0.0148652577782933 0.0818627759143891 -0.114409834635705
0.0439783549118585 0.000265895636844533 0.0636711365438703 -0.133514241253919
0.0408077475990768 -0.0111524384112284 0.049979029086842 -0.119605569974843
0.036470312898006 -0.00828610154468183 0.0515953381174928 -0.0696029844421629
0.038882948034709 -0.00694310321361557 0.0884676632105535 -0.0182205949125903
0.0521005795395999 0.00334259901519139 0.102493970353053 0.048678456315484
0.0581175602185835 0.0254761674718696 0.0780168183762409 0.117794166492608
0.0574821341412412 0.0641719775281354 -0.0154552569762736 0.137554694509698
-0.00223026884425546 0.0992260673800108 -0.0669459915940572 0.0681738511645558
-0.0651032151096941 0.0806546811270216 -0.0268333589045804 -0.0428789383323254
-0.0638951904732488 0.031189183098612 0.0873426681716627 -0.117716801350612
0.0507683688549982 0.0317471010637498 -0.0864269619855615 0.131000317289532
0.0666946777532252 -0.028242186665904 0.0331478278682084 0.0520855816408763
0.0129397734545341 -0.0687614532353775 0.0706544134864055 -0.082470673553391
-0.032829525704074 -0.0367721074834124 0.0130127418043098 -0.164314710291727
-0.0266156044499701 -0.0131023278497401 -0.089921293610931 -0.139245498741217
-0.0169639882770212 -0.0127354004374291 -0.133427313342211 -0.060531450515263
-0.0149037302493638 -0.0144852957357758 -0.1146753414153 0.0175229844944027
-0.00654821463717108 -0.0182343067026712 -0.0806450918796427 0.0815629852535516
-0.0112581953661278 -0.0233082346431184 -0.0554657260108826 0.125787335081073
-0.00493020181131988 -0.0304766436169237 -0.0623457199867448 0.150399842571939
0.00232842598028596 -0.0196162396099238 -0.0834445141122262 0.139552845810417
-0.00591574321932477 -0.0315382589856799 -0.0915986520784717 0.117136992866563
0.0290819534078041 -0.042070743376084 -0.0813111745582979 0.102289871283545
0.0693400663102011 0.00535597055702598 -0.0579411503739704 0.114430307777956
0.0485564962021838 0.0535187829974996 0.0178797141479325 0.204175118019222
0.0323733906017551 0.0927346648440106 -0.09497413949985 0.106627609486564
0.0571355118512774 0.040615166298438 0.0382216004610906 0.0303158960436523
0.0332980410637192 -0.0154718368470278 0.0685547974182371 -0.102226547107679
0.00785852129176576 -0.00582316250345827 0.00765400400417455 -0.170525371980079
0.0174628505261325 -0.00256011221863324 -0.0876493880954917 -0.14125842493242
0.0243404978688231 -0.0212903695495447 -0.126553116048834 -0.069523648290085
0.0176882735241837 -0.0366307082684188 -0.111409605509059 0.00516548157606465
0.0238694862334734 -0.0422284869236025 -0.0805691440979898 0.0692316759554007
0.0181313552994126 -0.0498772713347307 -0.0482204913974863 0.115141184899673
0.0384840759695468 -0.0546851896675094 -0.047072473007876 0.147842824507124
0.0579050732560703 -0.0233318417127961 -0.068284269362725 0.153371232024999
0.0528597629949482 -0.00904231421766503 -0.0945012153950397 0.131669640987353
0.0657923561262679 0.00822731615996222 -0.0890331839044826 0.0965588736315822
0.0789272928682336 0.0715982019104165 -0.0531420623932137 0.0830211095483822
0.0493693358859066 0.126235771088506 0.0234696334884993 0.158328701239038
0.00855049838153349 0.140971536175666 -0.0884369571808766 0.0627198263831235
0.0390004696326199 0.107554746819365 0.0592761368571851 0.00238078785748871
0.0509296934422278 0.0470806429193226 0.0831593245524699 -0.125840373891656
0.0553770776912266 0.0297297604423074 0.0119191662225998 -0.179902080006807
0.0649672399219477 0.0067136052213913 -0.0771573680135954 -0.141695652515382
0.0651658255679994 -0.0292334080993082 -0.10757252744858 -0.079612635997701
0.0493103966960591 -0.0552138587713132 -0.0944612389213823 -0.0140961070746264
0.0507246942138575 -0.0608584185077686 -0.0700297620604862 0.0463628239989653
0.0430761038181997 -0.0690162281299251 -0.0318693980015972 0.0924148065206937
0.0712974557206067 -0.0754251923364896 -0.0211741143970689 0.134430603663849
0.101050263777803 -0.0330238845225074 -0.0379360657485162 0.159342917645628
0.105921317665854 -0.00136722294565315 -0.0844521410646083 0.151442696018413
0.103284363300131 0.0455681818939592 -0.0970456760179622 0.101071970508596
0.0876011120967625 0.123607064893178 -0.0601811469253546 0.0516022527127512
0.0463981695589744 0.179078476380588 0.0249008467628895 0.0953828155004275
-0.0138241866056326 0.168376511197084 -0.0716785714244961 0.00197179586965305
0.0190347789015074 0.159309162527809 0.0816936259873126 -0.03313746378528
0.0649170115741078 0.104232187338935 0.101584253298184 -0.146015707693945
0.101313038351304 0.0616283905142789 0.0249629584763768 -0.183431613918307
0.108297059176454 0.0119809931409299 -0.0532669713287729 -0.140480440765784
0.0985616791247899 -0.0359239032240802 -0.076508319457693 -0.0910611271416099
0.0735225159957082 -0.067321931471527 -0.0668801326436991 -0.0392049648899797
0.0699686266927331 -0.0702795137942464 -0.0508763140251898 0.0171784489302145
0.0608574372391355 -0.0764315273137268 -0.00941448734774664 0.0623822726542971
0.0922481038945342 -0.0831163460027683 0.00877844125721505 0.11124060758009
0.127966340459491 -0.0380400423583323 -0.0031953691039541 0.154266792787012
0.142264819706104 0.00277448048169378 -0.0676946758213355 0.164708972471584
0.128185788052395 0.0740546925455959 -0.102441705752927 0.105961970578816
0.0841441546395973 0.158867477814218 -0.0737254292417167 0.0217855310795846
0.0333141957239964 0.204118068691973 0.0240730557042548 0.0260867790700014
-0.0300027165162118 0.167828473305888 -0.0516317762878708 -0.0687011801594938
-0.000955273429304351 0.181582374772729 0.0920245642080939 -0.0775328263559645
0.0667191199707739 0.13998843362471 0.109317434280255 -0.157427618027814
0.127548462093287 0.0824629369523521 0.0405377222278122 -0.174431318038086
0.132232794917264 0.0147513665616835 -0.0170780635030759 -0.136537464234486
0.115873450362375 -0.0383266502526978 -0.0352402957902527 -0.105761811032453
0.0862584001732416 -0.0700136976092336 -0.0334615831348372 -0.0672459021131105
0.0784093725235402 -0.0683219303291544 -0.0248277804146402 -0.0133799586148637
0.0706700021087818 -0.0715335977321975 0.0166285850555242 0.0310795418878937
0.102494316477264 -0.0736562543543694 0.0379880724318897 0.0840940777682071
0.136881212887849 -0.0286625404286653 0.0288795807191172 0.14061749019349
0.153557367364621 0.0180227283475879 -0.0521159104337876 0.166356876913829
0.124790957873742 0.0991837592147257 -0.104534161330994 0.103312921666764
0.059276597497364 0.175926179193215 -0.0829634056803658 -0.00787979739127844
0.00716332493927157 0.199709579467555 0.0279925511230618 -0.0393362884434331
-0.0398322299105538 0.139135918036044 -0.03519500065996 -0.138032524788928
-0.0216855324452083 0.169130487129642 0.0835855679791381 -0.120305900024215
0.0520640875433353 0.146184191198592 0.103133117610644 -0.15680900351733
0.125011359931793 0.0872706223990352 0.0528902534099523 -0.152706041327669
0.129511000449301 0.0166139921316414 0.023120380435382 -0.128167853285697
0.110765232565964 -0.0332455579488404 0.00699812985075667 -0.120364905327932
0.0837521508190174 -0.0612996983431171 0.00064972122759633 -0.0944172538846234
0.0753455744556561 -0.0563799091709189 0.00343070172687373 -0.0413840137430754
0.0712153941653952 -0.0554888409695404 0.0446055394068908 0.0046385806611043
0.100685314340528 -0.0496187139246227 0.0655410938469646 0.0615743914440682
0.127117331304574 -0.00590065432945165 0.0544904486854549 0.127892984584927
0.138884498508688 0.0436979399442998 -0.038045524229992 0.15966663593248
0.0928942145952724 0.119334348994478 -0.100273738998651 0.0917373530469781
0.0151352260311853 0.170610295026028 -0.0782855784467439 -0.0342522388884349
-0.0255438230137835 0.165897646062557 0.0410564883853517 -0.0912142703926278
-0.0449173466407938 0.0855702593126781 -0.0263715144994481 -0.192543317827557
-0.0398369596646672 0.12711875402158 0.0625154641220687 -0.148042281494955
0.0272460479696481 0.124415222003857 0.0895390924234672 -0.14282396944306
0.0974877473133385 0.0750582665836621 0.0647045779458504 -0.126042504540734
0.100018658544527 0.0159325060662603 0.058727215287606 -0.121187332315566
0.0850948957666614 -0.0205833512910927 0.0421445685377459 -0.133010168892494
0.0680029785633506 -0.0414404955254403 0.0289108642477405 -0.115567459582238
0.0609057507491563 -0.0359315918753277 0.0303709978305876 -0.06211582191232
0.0605591843115868 -0.0329225358482877 0.0710944156123302 -0.0137420622826263
0.0837513458073881 -0.0210123521445103 0.0904265719998404 0.0498221949864019
0.0998974947621286 0.016027296589124 0.0734295290499047 0.121221383216507
0.104227951824656 0.0634901653545921 -0.0249208638110323 0.151363004563134
0.0452700466412185 0.123554933677267 -0.0868429238338425 0.0786103962313149
-0.0335910320303606 0.140407041472074 -0.05706691888835 -0.0483520530272675
-0.0537297839511523 0.106856186705603 0.0625134515695561 -0.12174091325317
-0.0486804096345285 0.0165437895254044 -0.0251949758748925 -0.220430810050598
-0.0541797991297101 0.0671556508806153 0.0378554325122976 -0.151985239469393
-0.00146372966548571 0.0828949735172564 0.0814683745660616 -0.120095623476137
0.0532066289165077 0.048128975156754 0.0772156405064986 -0.107044323872579
0.0515317160612219 0.0132560744672553 0.0813250793634862 -0.121679946031364
0.0452449398418559 -0.00111437965741685 0.0599962048994172 -0.141967748637722
0.0416038985379082 -0.0129739101321352 0.0456928709033587 -0.126138910565268
0.0376039762259614 -0.00987665992589028 0.0508481721656114 -0.0728683451155575
0.0400998965847924 -0.00839748237386958 0.0918631143899253 -0.0207367374611218
0.0540873141868777 0.00161801940675067 0.10904487407187 0.049520395835928
0.0610407211123521 0.024085022818912 0.0863833827123138 0.122828324757115
0.0626526610590777 0.0636077783759175 -0.0115374359229929 0.147342294179712
0.00107197890065353 0.103763224280231 -0.0675222390856275 0.0751819091397621
-0.0652981258903675 0.0871635218428494 -0.0307917394658716 -0.0439234466454693
-0.066953253031517 0.0339616618417111 0.0859977407186155 -0.125328795275794
0.034012595156209 0.0528545457676072 -0.139537637083593 0.0785417567832754
0.0749161896811988 0.00341977653315091 0.00434565031366448 0.0626100483356671
0.0406256585573504 -0.0581623028454599 0.100860283538487 -0.0432324103794859
-0.0150397785358111 -0.0465179347573313 0.0865485540081936 -0.146952037464693
-0.0196041345287482 -0.0206322910582259 -0.0179920662767221 -0.170334405554313
-0.0106329937312561 -0.017532335723732 -0.0936712409458593 -0.117874332196004
-0.00783357708404108 -0.0193580328421834 -0.112674464355367 -0.0372187375866317
0.00219430142718334 -0.0195996896977243 -0.108527257283493 0.0369077632013751
0.000619952213890699 -0.0250179346170797 -0.105325864582478 0.0904598523636452
0.00908863878467538 -0.0282970886423224 -0.121976961789571 0.109774947306856
0.0112396354801506 -0.0153149788761525 -0.138993820742203 0.0911414348732128
0.00699865195682937 -0.0282387643949101 -0.138455306244261 0.064032257922871
0.044096521424045 -0.0246660172426884 -0.123330430183342 0.0546069795553184
0.0614268479874541 0.0378039497789037 -0.111913282186978 0.0776472085757017
0.0219250645859649 0.0719407960322487 -0.0853815600721921 0.19395413149089
-0.0114712670417486 0.0997948062436181 -0.13425752511707 0.0525498108409155
0.0348545199367972 0.0622246593341092 0.0201390186909276 0.0434995914161855
0.034811192082392 -0.000135189117811229 0.109475490702796 -0.0643730569591388
0.00712341037674212 -0.000393174171285276 0.0854380117180627 -0.156381495945375
0.015131836362755 0.00841138240943807 -0.0144962398102554 -0.171689551271068
0.030354548341603 -0.00664870316875674 -0.0839623019421116 -0.124238997998322
0.0313930792086853 -0.0250876638772411 -0.103723341376728 -0.0476919671523462
0.042085219909746 -0.0275105289614727 -0.103107000415451 0.0256286399826609
0.0395692918890432 -0.0355508011408255 -0.0930720841380583 0.0837075491057107
0.0600326199159215 -0.0316257489924302 -0.106738416376789 0.115279517117023
0.0642680421915428 0.00611144842992567 -0.129848395462407 0.111677357505921
0.0501144338469843 0.0193982998386715 -0.146524163081241 0.0783232694096518
0.0538685534902983 0.0383579865770957 -0.128998167834043 0.0468536766214782
0.0394449111844855 0.101940685871559 -0.0936668046138986 0.0501463898074504
-0.0108039533457719 0.138104501551065 -0.0587934331038382 0.154948185117325
-0.0563730842378924 0.132507888119764 -0.106487476385522 0.015587392620072
-0.013511929292364 0.115863118304771 0.054770136305021 0.0269884755247649
0.0215211549399853 0.0652588526070547 0.135018762593536 -0.0804077338108165
0.0337989112214604 0.0532083165114824 0.094834345874905 -0.164094306275111
0.0536136112446225 0.0388944081206768 -0.00388705442273728 -0.169095251323096
0.0708714205659337 0.00444376745930449 -0.0615792022975113 -0.125208835599018
0.0689326945868884 -0.0275613969919506 -0.0797750399075713 -0.0582002162224205
0.0750572685994426 -0.0323693474553276 -0.0839553897917355 0.00936781349949231
0.0706079984576843 -0.0424114041220428 -0.0681422780533404 0.0704055227295961
0.0986400719569807 -0.0362918450162328 -0.0757301846571834 0.115036750215699
0.108746233239062 0.0168409766372456 -0.103840361209254 0.132539528049702
0.0950031399055175 0.0499532173498942 -0.145876411541774 0.104101504561431
0.0701831369540082 0.0907273689839873 -0.138971803098484 0.04935746264871
0.0227275238625802 0.153540341156508 -0.0860125706710456 0.0178326756890886
-0.0387822953164036 0.184610020552894 -0.0277871528076882 0.097374845667179
-0.0896140851855945 0.146371931270108 -0.0620605055916663 -0.0315489508939232
-0.0557760418684517 0.154466555027501 0.0933888254931133 0.00358789602864949
0.00706887100387226 0.124664945870132 0.162924977002696 -0.0916848518159942
0.0609105057806471 0.10198809004724 0.109245139539521 -0.161654623568814
0.0905764230381194 0.0623647429258215 0.0174698315677373 -0.158633968368387
0.10500765793307 0.0131450085817866 -0.0288346758175395 -0.122604838004231
0.0969934507635514 -0.0285893666037946 -0.0442181881516579 -0.0689346697902891
0.0970190247536396 -0.0322492377410434 -0.0531227722212196 -0.00797892161371857
0.0908869135107774 -0.0416940886059662 -0.0344014944170223 0.0532192856193563
0.121665814107443 -0.0340727665536855 -0.0388300318220755 0.107668206901478
0.136205698207317 0.0240656044770975 -0.068580846099507 0.144391491156087
0.126138055332346 0.0699879884458105 -0.135643006935543 0.125116075967615
0.0796115985093493 0.127698139834912 -0.146344589816771 0.0525825800175882
0.00320474951484392 0.183682721090392 -0.0848833101073343 -0.0164621039000642
-0.0623684378060528 0.201172912974633 0.00561712232463095 0.0331600635883578
-0.105866903213675 0.139667229172921 -0.0111368039076412 -0.0859215117694453
-0.0859837237623181 0.1663176409903 0.12382287520536 -0.0324427403936456
-0.00802789220429103 0.159452219443613 0.175774933182162 -0.0987902429952804
0.0748754841489163 0.133247127827331 0.120124822671414 -0.146334808029198
0.111226970748828 0.0758852426558178 0.0491545682138346 -0.139116910335062
0.120988527748618 0.0180493345176958 0.014772483915618 -0.116935485595077
0.109758516520215 -0.0248717306718847 -0.000652610848687312 -0.0795966109509091
0.104363574783159 -0.0272215681461085 -0.0162628587188352 -0.0233418756751484
0.0966952812181445 -0.0325693973974756 0.00325243994162432 0.0367870632207243
0.126485857623717 -0.0213608823605583 -0.000118985169886705 0.0967378649740299
0.139435074648881 0.0359307551041395 -0.0332487014353487 0.147316439756425
0.130350846648825 0.088006571025571 -0.121280899656126 0.135321256021253
0.0656528432183538 0.149714990379455 -0.14737690944027 0.0498906724261294
-0.0274898787879965 0.1876613479535 -0.0793862092102428 -0.0481741330739879
-0.0847687141746347 0.185106064230103 0.0414239727412017 -0.0243892615317013
-0.102890277447632 0.10869555685947 0.0350218272856729 -0.142045828799132
-0.100089755170182 0.14644965199642 0.136708976030134 -0.0742352543551572
-0.0245184107146063 0.159173599789944 0.170665510812913 -0.10073677522849
0.0711172056018128 0.137052902658567 0.122449023829345 -0.121540097233811
0.108284886076717 0.0754052302440803 0.0817612049773119 -0.112314399871564
0.11410460930681 0.0202244123935757 0.0600421582579792 -0.109967218903059
0.103808121669727 -0.0185667931910083 0.0417499716269754 -0.0883252511180983
0.0954881218400235 -0.0174948257777599 0.0217930579716181 -0.0354094396291613
0.0900141966867878 -0.0189400603444656 0.0397247974109506 0.0252233783171622
0.114147243324833 -0.000911976844885513 0.0345381908751608 0.088565702581964
0.120349901537811 0.0521766562261636 -0.00522010389258791 0.146824373159847
0.10634617094566 0.103503436140136 -0.106777722777189 0.136147395728301
0.0275672131069721 0.152863088478205 -0.13790361075774 0.0411199542665671
-0.0655327763329346 0.162840466211606 -0.0614718957783293 -0.0706561873529538
-0.0990771343650393 0.138449625014612 0.0788719756925675 -0.0650026724592046
-0.0833486387188901 0.0574224071080125 0.0669306261126488 -0.187675272468638
-0.0980201304767192 0.100129143335234 0.128987087629778 -0.107810111738717
-0.0369846529640504 0.128606303745521 0.152102866201556 -0.0923465849740407
0.052557969297236 0.112880892438223 0.120049616967253 -0.0898640109746569
0.0812168315050323 0.0605484944083411 0.111637839096504 -0.0885772511982898
0.0850599148333308 0.0194776682280299 0.097999847195356 -0.104719586164245
0.0802334278018015 -0.00820462309137392 0.076983621065949 -0.0944587165584504
0.0726546124170985 -0.00494740455963969 0.0550210278622772 -0.0421681138650916
0.0703675213813291 -0.00268925959424234 0.0712365088815904 0.0205929336621616
0.086569832537317 0.0172581041044951 0.06102201990258 0.0883062590269223
0.0852290152749205 0.0592411133789012 0.0134183672210803 0.149046169692805
0.0660598992721042 0.105529305174339 -0.0924201368210991 0.133751366386814
-0.0163522143264285 0.134417349236713 -0.120378495767071 0.034525092381333
-0.0955417327370772 0.112813484480362 -0.0335189196063085 -0.0749413989921558
-0.0988485973470281 0.0721493632448876 0.114517800152393 -0.0820647771828237
-0.0554514331922487 -0.00640923414486434 0.0801565668058745 -0.213165751750814
-0.0835208055753741 0.0393427079771835 0.108188207676823 -0.12130352504493
-0.0419652135808719 0.0767020026859718 0.133366929580595 -0.0727714451920265
0.0248609979756105 0.0675506651487504 0.122508728328066 -0.0654690515034754
0.0388864271814342 0.0350669888824583 0.132006720472183 -0.0773427738664345
0.0401342502187583 0.0182776925678669 0.119140286543853 -0.104039904536974
0.0437302657243558 0.00592213048156799 0.096854134995193 -0.0953269391531531
0.0388347426676108 0.00823607251033974 0.0775963763484554 -0.0428512935106048
0.0407417102370589 0.00980989676191011 0.0925127872577922 0.0233437303579439
0.049465619585696 0.0246807944642297 0.0772079414303497 0.0957632395319928
0.0461229145262838 0.049499276753951 0.0236793148221621 0.154803171109854
0.0291135086879495 0.0871626513634816 -0.0797832821549262 0.134531148759318
-0.0479235875172509 0.096771158017629 -0.100622803368727 0.039628854284556
-0.100665864164504 0.0498373248546172 -0.009971465793886 -0.0577484148305593
-0.0768701684195928 0.000460840776172077 0.139483994228453 -0.0724936965612423
0.0359679561691929 0.0516728007768582 -0.136996210414915 0.0830263565531555
0.0766068999785271 -0.000786539989515022 0.00690852350438448 0.0632926003942136
0.0371306736278882 -0.0602204852924322 0.0995273765306788 -0.0491424790571481
-0.0181525197929366 -0.0455292236928196 0.0803975669331683 -0.153405258944094
-0.0204438019312865 -0.0189806115981737 -0.0245412739065059 -0.17248196175604
-0.011331810886843 -0.016217790417843 -0.0984180996823212 -0.115854425996982
-0.00871491867262191 -0.0184735423084701 -0.114423164170583 -0.0343641518483919
0.001792641398772 -0.019136625143164 -0.106975913870519 0.0401601386536948
-0.000259889696652096 -0.0247195754018093 -0.100226628396854 0.0948617866151313
0.00727036781213141 -0.0285894966432566 -0.117116426760743 0.116790295430384
0.0108498577585152 -0.015424460776188 -0.135684652385769 0.0980445592882812
0.00437507993650278 -0.0270406173157782 -0.136590727445293 0.0701666189054828
0.0421315445413204 -0.026646520277821 -0.123408696039465 0.0583606642053624
0.0638386227556989 0.0340607871491497 -0.111098419576552 0.0813070280220834
0.0256068690732232 0.0715939879073274 -0.0772085647532275 0.197614722741998
-0.00733821608608914 0.100161863471874 -0.132737281994125 0.0575826303457395
0.0386936863031974 0.0604539179482104 0.021893550996233 0.0433317658672544
0.0329454740107403 -0.00235278606804635 0.106860900827453 -0.0703843930397913
0.00615925034213145 -0.00106495501197782 0.0793423357045501 -0.162149343109222
0.0150287584595783 0.00874657618837826 -0.0206558789291102 -0.173460041235121
0.0296839292628014 -0.00730924624013197 -0.0889052322500202 -0.122069420571435
0.0303829733516403 -0.025571607764435 -0.105770814648615 -0.0447317294655419
0.0406897123065602 -0.0293839314528026 -0.100889759907002 0.0289002908276134
0.0383229071156499 -0.036659346403848 -0.088456375702372 0.0873805903831898
0.0577752939884362 -0.0338993854520096 -0.10090304041493 0.121445751136298
0.0651701395057039 0.00418038048972331 -0.125430043606191 0.119307592111953
0.0500084396104914 0.0187146790567973 -0.144931929048361 0.0867208285820459
0.0539936744753944 0.0360772520140199 -0.129725540167613 0.0512762641625695
0.0437124973046779 0.0997907526409774 -0.0943795524540707 0.0529449531180913
-0.00521143799718707 0.138824796463245 -0.0528585062694536 0.156174389901949
-0.0509254637856717 0.133595268630663 -0.106304263742791 0.0196367132534884
-0.00778710389917845 0.115618883017993 0.0555899397009978 0.0249826517834841
0.0222002673952104 0.0629090486985086 0.132360508952688 -0.0877190626165096
0.0348306485128436 0.0506772760744431 0.0884865891920072 -0.169724988769231
0.0547549993895568 0.0369045756011651 -0.00963810206558519 -0.170696444468092
0.0702081297298744 0.00195247324375426 -0.0675123366932859 -0.124045423989189
0.0671653907601764 -0.0301050274632365 -0.0825362276215504 -0.0569003273423258
0.0735283239205768 -0.0354756404190651 -0.0822186578108475 0.0127747366147414
0.0691526308519506 -0.0444057882903518 -0.0633031735805752 0.0736529553445641
0.0970909336249084 -0.0401547330378276 -0.0699425716903185 0.120281329620242
0.110232442745752 0.0129579130355795 -0.0975709832087297 0.139123279181376
0.0961173592607502 0.0472766609303699 -0.142493928004434 0.112283103753441
0.0729132528004546 0.0878863018040963 -0.139219772528425 0.0546773528920595
0.0286887571063255 0.151992388942254 -0.0882045704804279 0.0206102026246013
-0.0310292157678291 0.185705657205551 -0.0245015912514967 0.0982789709243714
-0.0847159801097409 0.148669215002989 -0.0633544620168838 -0.0286634246064613
-0.0496230324427094 0.1565359426647 0.0939680199131327 0.000440497489197957
0.00988473395776479 0.122996004463552 0.160267652541631 -0.0993563370756229
0.0640442473934683 0.0987955970442113 0.103613274158861 -0.168758425735856
0.0920453244499678 0.059407710413503 0.012487693358484 -0.160812071084653
0.103855001582412 0.00894641356387615 -0.0340988826602541 -0.122383143104594
0.0947957812289851 -0.0314580678030607 -0.0476085763371762 -0.06916801947743
0.0951595290708757 -0.0362566144230704 -0.0529168434602791 -0.0054405933490502
0.0889946550948536 -0.0447004098068277 -0.0306847231048075 0.0554088240662214
0.119455716980031 -0.0387547510925298 -0.0323327359069168 0.111415058257381
0.137355303505355 0.0186188607392363 -0.0610158505488837 0.150537295167129
0.12843517393912 0.0648996868965148 -0.130863701804654 0.134634809296194
0.0838226013746049 0.124787360130284 -0.146055353710316 0.0589327056244821
0.0101521092049318 0.183713325569657 -0.0882442100684306 -0.0135659685189061
-0.0549035996012388 0.203489927087664 0.00615826026668364 0.0329424514114017
-0.101335932575888 0.141484367085693 -0.0144423469622508 -0.0857705548748727
-0.0793883271656363 0.169396613738718 0.123018895070841 -0.036192864277645
-0.00372301082551172 0.158281849796477 0.172663177214738 -0.107047549492568
0.0794364359928961 0.129555429645797 0.115154076918429 -0.153902257075941
0.113523565475252 0.0717694001634567 0.0441766934548045 -0.141285460374748
0.120473185066955 0.013471268960577 0.00934394452726411 -0.118519919385859
0.107881123700676 -0.0288357111013502 -0.00533383835990141 -0.080737171522592
0.10275451139913 -0.0307954367780877 -0.0172203807681908 -0.0220024031900744
0.0952715154951247 -0.0361753836826039 0.00573188147118795 0.0372352427690036
0.124606146828395 -0.0262083378611566 0.00547576097088822 0.0988850900939379
0.141049547408234 0.0304423705136681 -0.0252971015446503 0.151567508369212
0.133460578562927 0.0824938344086521 -0.116489735290057 0.14525173178155
0.0705849776269456 0.146987494245021 -0.146523477092143 0.0566349831516374
-0.0203381491461633 0.189144844510487 -0.0834966396612487 -0.0455747117212313
-0.077852346695566 0.187578414231201 0.0392252221159425 -0.0264516234702697
-0.0997120393975204 0.110647069323747 0.0296001762254289 -0.143127497908733
-0.0950936076718968 0.150629927081058 0.134013076772582 -0.0782562040328426
-0.0199950388963946 0.160043348922678 0.166670049890147 -0.108275461679139
0.0759656384564531 0.133871050603348 0.118394145580244 -0.127846827595381
0.1105766263379 0.0712703606329839 0.0783305407917636 -0.116416173106166
0.113725685204172 0.0157574578292404 0.0549223844426469 -0.113543186229897
0.102234988576879 -0.0226709942717373 0.0369032160137467 -0.0910384607184645
0.0942044188331837 -0.0211331795156198 0.0198970682026031 -0.0352317886049117
0.0890954729738934 -0.0216898125739643 0.0421226691009144 0.024244163999384
0.112974604790573 -0.00541347279115973 0.0395753296768617 0.0894575768712156
0.12256128734592 0.046587542152653 0.00196644998230594 0.150203548124649
0.110113418167655 0.0981943711305307 -0.101718782440873 0.145376692084596
0.0332077939618519 0.152031414050944 -0.137915548992597 0.0479663548814908
-0.0592729474878675 0.165425674792727 -0.0665707601855924 -0.0687384400526704
-0.0943278925066512 0.141721841926865 0.0752099623369819 -0.0684568776430208
-0.0825649133743694 0.0592815377539281 0.0596663591126572 -0.189781514316658
-0.0945414513158243 0.104743297903827 0.125548626443353 -0.11112071591909
-0.0329579244595791 0.130319737262428 0.14919261643051 -0.0984476211352474
0.0570238030213536 0.11098320219373 0.118137473994146 -0.0955542142369599
0.0839254129147772 0.056943381436351 0.108469588638411 -0.093252150405418
0.0850213562962661 0.0162520285528753 0.093047297363552 -0.110287340485649
0.0789735221338987 -0.0114572409615162 0.0707820865491677 -0.0977329567683273
0.0719655153574491 -0.00799391238337343 0.0523011861240147 -0.0430070394942245
0.070288487489131 -0.0057848008210313 0.0725860041090555 0.0187737726577164
0.0865255144457096 0.0138968392729842 0.0654329785790893 0.0883446400898183
0.0875544318717438 0.0555547233095924 0.0207370355213701 0.151624438106104
0.0705661779500835 0.101673271061539 -0.0873268946465204 0.141981006623729
-0.0118411603413907 0.135576722453747 -0.119617719595811 0.0416874999323625
-0.0913416385578805 0.117632536422777 -0.0385068447093019 -0.0738361697360797
-0.0963420498067316 0.0752666545287143 0.109989438425713 -0.0860599281589729
-0.0566273573075144 -0.00556687913435447 0.0715213194761055 -0.215013044809475
-0.0819606344650361 0.0432309634583244 0.103456343570417 -0.122992088851827
-0.0391098658303269 0.0793695373770091 0.132432607549181 -0.0788439248644229
0.0276918875650625 0.066545099542005 0.121481049238153 -0.0706950156414742
0.0401823615717029 0.0324641294074076 0.128724433907461 -0.0827666880066375
0.0400005285313149 0.0168420960307366 0.114420238471226 -0.109875741221488
0.0429898404806092 0.00347809590442597 0.0911665245231257 -0.100001137596847
0.0389273695930881 0.00639825946797755 0.0749934034297917 -0.0444098934302843
0.0403118994718279 0.00839312553472609 0.0936869676500161 0.0211903732144244
0.0498282510186665 0.0228031362659115 0.0814479671321235 0.0947663716104529
0.0481383491449551 0.0470096936967679 0.030438865614292 0.15640113673105
0.0334799694144178 0.0847764038184739 -0.0744011844204605 0.141982565502108
-0.0433311248714549 0.0992800178889887 -0.100132251465443 0.0458565021686783
-0.0990580191835007 0.0549966167167712 -0.0140587555361912 -0.0577733211558685
-0.0774871165995538 0.00186874411146493 0.134426478349847 -0.0783276828006338
0.037220603320601 0.0512193375767444 -0.134479089827213 0.0851649041268571
0.0775140497411602 -0.00343406646652823 0.00841629990706518 0.0642942662568378
0.0342007153980396 -0.061123379188363 0.0982546116706025 -0.0526076479613405
-0.0197241041406327 -0.0448457944212872 0.0762925264501999 -0.156935393453002
-0.0209409217911427 -0.017003475842747 -0.0275721621933687 -0.173549485656304
-0.0113910584122531 -0.0148252345690907 -0.10116171206385 -0.11420602223959
-0.00859298576875913 -0.0175241812524149 -0.114716071619039 -0.0320893849816361
0.00216563973740913 -0.0190145900237029 -0.104393542259785 0.0413683015589097
-0.000814592229759119 -0.0237177641182396 -0.0964691261347144 0.0969840570226338
0.0066386400805972 -0.0279557516901587 -0.112723933343455 0.120371708308799
0.0107315090863775 -0.0149067979681783 -0.132932731111989 0.102757778700133
0.00299001882552973 -0.0262562654648567 -0.13562422116724 0.0741340869732006
0.040447374287415 -0.028370402333085 -0.124364475094316 0.0599012515101237
0.0653745560391186 0.0315355993984753 -0.111532352610418 0.0823619938232284
0.0282042861147288 0.0708798701059088 -0.0714105490368628 0.196893122563215
-0.0049616369666168 0.0989067554188492 -0.130771129511542 0.0594285841523527
0.040990198989466 0.0581323807246928 0.0229340202920461 0.0435972566082396
0.0309893661481763 -0.00418131291190091 0.104589756883149 -0.0738474620338813
0.00489410712402084 -0.00129316425104986 0.0751012042828605 -0.165047022385407
0.01516145425476 0.00927479826645562 -0.0242823436800394 -0.174068411744855
0.0291741794455518 -0.00681742740934316 -0.0914144680362837 -0.120811850416877
0.0292816898048335 -0.0259567513715514 -0.106575866557204 -0.0431219758461486
0.0397782705546419 -0.0299484087142844 -0.0991597828877598 0.0304553802886308
0.0372221016751726 -0.0369729427750654 -0.0846788739173923 0.0894387090130025
0.0566873087739401 -0.0347350925720225 -0.0957589500767492 0.125272541228248
0.0651182582039956 0.00325174797886109 -0.121371896646813 0.123810894076731
0.0489953049929729 0.0183275009966906 -0.143105324191836 0.0913477615963328
0.0535859668786881 0.0347882928598943 -0.130567471397691 0.0530509838432581
0.0463861293467482 0.0974108464999965 -0.0953682923741861 0.053705509422909
-0.000980576388097471 0.137983689130424 -0.049066464998199 0.156625312195653
-0.0477406562263674 0.133066063649385 -0.10541815369183 0.0213828712762623
-0.00411532414501117 0.114010252373598 0.0565322858602684 0.0249007284174958
0.0217274106203807 0.0612200548428247 0.129318643954605 -0.0918759521435028
0.0346639236645841 0.049269573415884 0.0837896105235127 -0.173523906731608
0.0551867581617977 0.0359996876873881 -0.0129006555457027 -0.17097439787141
0.0687846316978975 0.00120259335794636 -0.0702252714894072 -0.122583102278454
0.065258909307675 -0.0305399456243373 -0.0838607279167371 -0.0555371877758507
0.0720705427779617 -0.037020172638385 -0.0809211746273938 0.014422437581618
0.0679993051871702 -0.0453050255085968 -0.0603504263378873 0.0749151491727882
0.094658765922813 -0.0413512103428456 -0.0649100142273272 0.123639324281833
0.110777816764 0.0107294189345059 -0.0925650411499428 0.143390220048553
0.0962421547721241 0.0458767086044277 -0.139419498622113 0.118479768473064
0.0730727711310034 0.0861958049667988 -0.13964673377743 0.0572261963634301
0.0322499406421787 0.150240197853682 -0.090070569401378 0.0214868349206504
-0.0262883552017626 0.184926918070252 -0.0224309151681918 0.0980678025665489
-0.0814282738733639 0.147771766239123 -0.0638005099263234 -0.0276726613254495
-0.0450985748762074 0.155770356174456 0.0937453238402438 -0.000242422529868778
0.0103761655964854 0.121119033422877 0.156630176302948 -0.1040310803739
0.0645997909843806 0.095993104300813 0.0991116116780165 -0.172306669199506
0.0920442961297067 0.0567172081683961 0.00916157959280674 -0.160891295440022
0.102392603466824 0.00686539675337968 -0.0368255361007903 -0.12180654367697
0.0922883356507001 -0.0329215213643601 -0.0497681649851877 -0.0683404474351951
0.0934935341004505 -0.0378284056488586 -0.0523895089457993 -0.00369313776017488
0.0871242028818303 -0.045722102051338 -0.0276195279750222 0.056127197219737
0.117412328445673 -0.0404379551261009 -0.0272060861408407 0.114029767217672
0.137668222477657 0.0152437652661652 -0.0553650550072027 0.154211082618712
0.128171696303262 0.0622447708757416 -0.127262228082767 0.140810885950639
0.0852686193403705 0.122596679819402 -0.146076634303983 0.062467102607086
0.0140916735708804 0.182715849500202 -0.0905116095188109 -0.0120075496793276
-0.050257551957634 0.202966991708152 0.00595237526269899 0.0321885193963107
-0.0986144431084752 0.141092932390717 -0.0163101299353156 -0.0849175202710762
-0.0749910814066117 0.170394525208152 0.12169681958757 -0.0374637747162532
-0.00255020951802762 0.157350557194889 0.169415605490776 -0.111516539192557
0.0806459992657115 0.126447974805173 0.111158056895445 -0.157405484182585
0.114128261885121 0.0688131859892783 0.0417179965130352 -0.141451807483251
0.118883586786979 0.011433289004961 0.00644990281052319 -0.118984933102341
0.104777307664512 -0.0306278174995046 -0.00859483271373138 -0.0813373632745081
0.100864196610091 -0.0332240256906568 -0.0168997477852119 -0.020998048584824
0.0940547100877001 -0.0376876803700519 0.00796571803480089 0.0371071527878849
0.123234077691559 -0.0285643831204074 0.0100547901355952 0.100096508238909
0.141839162131307 0.0268334665328693 -0.019802263939293 0.154570749544919
0.133710816119503 0.0785784629341181 -0.112232001141577 0.15110302341758
0.0733327118633383 0.144643060930439 -0.145987337716455 0.0610194403208174
-0.0163095192315387 0.189272176248894 -0.0866776361409589 -0.0437594461126653
-0.0733089388957319 0.187756732485009 0.0371726373485813 -0.0268289186993843
-0.0976381620239317 0.11068710495986 0.026371402812062 -0.142449900309442
-0.0914769044480175 0.151932897709261 0.131928224244994 -0.0788449344586206
-0.0184188621907001 0.159845530577558 0.164325222456128 -0.112152884270853
0.0782766758675483 0.131417612477528 0.114668941735685 -0.131137310169713
0.111480631508132 0.0682849195128849 0.0760029552996754 -0.117256439650701
0.112127822727394 0.0131720425998498 0.0516291606479228 -0.115216878777411
0.0997128009673859 -0.0242679475127255 0.0323657876239657 -0.0920010898581496
0.0928565478671045 -0.0230373945691471 0.0190231860710666 -0.034672492196675
0.0876361160080092 -0.0234281739740933 0.0429656270096529 0.0243779599441946
0.111780098675771 -0.00812710348748468 0.0433397798930208 0.0902691922435411
0.122878420969566 0.0432388924213475 0.00733726969403072 0.152245961159136
0.110760912782683 0.0944530785882474 -0.0970115537142193 0.15118295914165
0.0364605143031234 0.150514305164066 -0.137727476127048 0.0522386908560605
-0.0558164810580057 0.166884443421109 -0.070005972672268 -0.0667543881159904
-0.090811823950937 0.142109511189286 0.0717522557235791 -0.0695455618548347
-0.0823149444375538 0.0591503521969115 0.0553578149613466 -0.1892374327065
-0.0927860751235575 0.106723880966314 0.12275207470005 -0.110819478933163
-0.0313746665516389 0.131703256294623 0.14723349624319 -0.101599271833827
0.0586788207941052 0.109137733161005 0.115299809295593 -0.0988319955189253
0.0846487030843598 0.0541500166323343 0.106734610139019 -0.0949087051453929
0.0840869212741614 0.0144560092224662 0.0895031607584395 -0.112316405760412
0.0770537840963383 -0.0127024780822035 0.0663408611080309 -0.0993738739917343
0.0708499595276915 -0.00908622663321553 0.0506922171957331 -0.0421813584556218
0.0686965360132151 -0.00703664445447769 0.072968037459854 0.0186524366683797
0.0853380180712683 0.012026649791235 0.0687770652676216 0.088722155268516
0.0884010264296724 0.0521717092016516 0.0258397597152707 0.153295660339124
0.0725114835108477 0.0983028708474905 -0.0831813981741119 0.147405446566398
-0.00866940564296905 0.135524084300541 -0.118953552813879 0.0457693590099045
-0.0884109116273689 0.119381909924373 -0.0424496878834671 -0.072507996474093
-0.0944062823255494 0.0757702336712057 0.105668823744987 -0.0875870216628735
-0.0577578418251611 -0.00520626290856427 0.065636937318088 -0.214372248511405
-0.0813665543276536 0.0457845889634736 0.101128721899342 -0.122001246231317
-0.0376285959367579 0.080844643277208 0.131869721680705 -0.0813664026934674
0.0298830508246235 0.0651667556756353 0.119865405066011 -0.073965018350365
0.040390183724246 0.0311156231335433 0.127126886527937 -0.0861427856547675
0.0393981734695251 0.0160777438593684 0.11066616018965 -0.113422477303303
0.0425546379916135 0.00261750997367674 0.0861810465122655 -0.101740354360622
0.0385393009652018 0.00609220103847592 0.0727519023442862 -0.0443371013746275
0.0397760643964967 0.00735875322161214 0.0935798876128574 0.0206362498693346
0.0494345944850006 0.0214116158549544 0.0842122831817494 0.0946896031410193
0.0487360622738426 0.0447361269560837 0.0353222247172315 0.156994512086429
0.035689413644268 0.082472187271639 -0.0709680610659411 0.146258752642281
-0.0403276270794925 0.100469507633457 -0.0990142982753537 0.0494669117163426
-0.0970734541824207 0.0576449319620853 -0.0171460033985078 -0.0574377100315893
-0.0774250026959603 0.00338148057293085 0.130836471816788 -0.0802793872390373
0.0385643871247405 0.0510088135980976 -0.134121054855021 0.0865317280350734
0.0789274763020044 -0.00564500123679397 0.00983557006672992 0.0655044816087356
0.0327638060891809 -0.0615545725411363 0.0983670989269375 -0.0542631085558126
-0.0215524668112089 -0.0439302298802885 0.0743410631187188 -0.160653591219099
-0.0208420501221115 -0.0159854527675002 -0.0297192484320693 -0.17683995492099
-0.0112272176610572 -0.013694405241637 -0.102982772317104 -0.114423126808379
-0.00871602250454279 -0.0170545429590779 -0.115657280365584 -0.0310575340751727
0.00227249887536491 -0.0190537560378874 -0.104065295516689 0.0412175619073255
-0.000722691998340982 -0.0233247995174801 -0.0943360840195291 0.0987584433414296
0.00579560155366148 -0.0278768275102219 -0.110630675360469 0.123951126373973
0.0104442313161276 -0.0147737045935817 -0.132094371602189 0.106097469827792
0.00180866517736885 -0.0253882322516633 -0.136039091683079 0.0766283817857194
0.0391689439962777 -0.0292021956518371 -0.126404775547435 0.0607400938828576
0.067486987036168 0.0302058862643334 -0.112801971741714 0.0827876723957821
0.0305256686118567 0.0711532839551176 -0.0686789318139246 0.197691903053475
-0.00377256816319259 0.0989695723234604 -0.130417972127788 0.060235552355494
0.0427660704857992 0.0565368487950739 0.0244721279862372 0.0448958813058652
0.0297101775444553 -0.00510094820661689 0.103853483045813 -0.0753897703926263
0.00348194898077236 -0.00153195402782828 0.0725184204400604 -0.168339834083446
0.0152497445081462 0.00999583005221511 -0.0257480535853312 -0.176626692076133
0.0290412819484954 -0.0060893729765518 -0.093107359959221 -0.120903265444766
0.0292347223747426 -0.0251342971179192 -0.107904595668392 -0.0426739138824964
0.0401782555884883 -0.0306039161253245 -0.0984504989186437 0.0311368616828218
0.0375296441931478 -0.0365564245406412 -0.0824346306723669 0.0910321085867597
0.0559940530844584 -0.0346600663452191 -0.0933905746999409 0.128271749629099
0.066018229775371 0.00286616173320699 -0.119897899206452 0.127812806120685
0.0487431728713023 0.0192983562057417 -0.14306474727951 0.0951071190737914
0.0529058348313508 0.0337498542432487 -0.133237218091151 0.0547372970086298
0.0484329950672542 0.0965735556228582 -0.0976691349244293 0.054044366250709
0.00158128333723965 0.138246086073466 -0.0475878067731792 0.156245403496827
-0.0471746557077783 0.132524579543562 -0.105433631386297 0.022021979769096
-0.00160894878472368 0.113573083635246 0.0572303105916027 0.0256670587964909
0.020535914068617 0.0599584070459857 0.128685497345952 -0.0941087358173997
0.0339500028113193 0.0482775529947165 0.0815801915640443 -0.176392387356798
0.0549608815525089 0.035867973938373 -0.0145674413428254 -0.172830361702891
0.0687002649699483 0.00133582281289295 -0.0720654462218545 -0.123519567979303
0.0641840031810254 -0.0307013960993698 -0.0857164499833759 -0.0554747662303188
0.0720731212825485 -0.0373072912046895 -0.0803484112042787 0.01468030870756
0.0679534161552585 -0.045428639448076 -0.0579872476539371 0.07606564466804
0.0943955248840396 -0.0419728050372647 -0.0615279528758376 0.126405551994011
0.111721309893448 0.00955588719935117 -0.09027733398341 0.147669995560761
0.0965147778801148 0.045825826749152 -0.138837212956345 0.123347743392503
0.0733418360529234 0.085483040330923 -0.142759219315169 0.059174355890815
0.0345890472806096 0.150174236068961 -0.0923367608668442 0.022022904931453
-0.02372193400636 0.185475530565656 -0.0221056538566356 0.0978219499850512
-0.0807727743425182 0.148287805362645 -0.0642148815760581 -0.0271779332977084
-0.0430507545790212 0.156228883398959 0.0949243336200965 0.000421324792367121
0.0104317714922781 0.120600957952328 0.155624327729856 -0.107155431779872
0.0646935387543349 0.0949208014077662 0.0968279212543774 -0.176205949459612
0.092931383535216 0.0563100882636574 0.00803379406139309 -0.161910213431877
0.101547660809651 0.00716851910256597 -0.0388111289654978 -0.122604597982641
0.0911717004368482 -0.0330170256601641 -0.0516554304582315 -0.0689179852096949
0.0930561943843821 -0.0386933012534814 -0.0518368429493729 -0.00289560327701641
0.0870410890923261 -0.0462706000926196 -0.0257471393446315 0.0566052273402876
0.117155173428556 -0.0419126189575957 -0.023283636626817 0.116406598714968
0.139164191146566 0.0134312434868893 -0.0515390621385572 0.157668656189521
0.128762226075634 0.0619951592069998 -0.125197350276951 0.147154245494596
0.086016998345007 0.122368869458983 -0.148141150339405 0.0650324488736568
0.0156138563260976 0.183401214726214 -0.0928174841428292 -0.0115595066103303
-0.0476758163750628 0.203419124845298 0.00514285682680168 0.0323167246223509
-0.0986911627094172 0.141058808156429 -0.0172715604255951 -0.0850503114709541
-0.0738347428184186 0.171352885106318 0.122983638731301 -0.0368645015276694
-0.00278563477256746 0.157095344142453 0.168788816235463 -0.114252283415781
0.0819450100026518 0.125767472242088 0.109306030736798 -0.160779936626865
0.114966752712379 0.0675270223251164 0.0405553850842155 -0.14342112857375
0.118213421055252 0.0106629548789682 0.00482306702281338 -0.120199357697461
0.103768234449438 -0.0311404912243587 -0.0110843775542045 -0.0822843996264603
0.100023995268616 -0.0338107534305681 -0.0168742757373649 -0.0199644959548869
0.0939856571534349 -0.0386033204449186 0.00971058448885225 0.0381427906086527
0.121867778968866 -0.0292994708681793 0.0142392821294839 0.102346700795679
0.142604913677002 0.0246735306493553 -0.0155445768272687 0.157849122677797
0.133985444280033 0.0770893875185258 -0.109269947894793 0.157379056651343
0.0744700443741094 0.144538742184523 -0.14777101823788 0.063910840860755
-0.0147684384793634 0.190306466890367 -0.0895541972100204 -0.04300360265389
-0.0710978777497532 0.187882189973791 0.0353788608018412 -0.0273874072951111
-0.0983093899799686 0.110792415289424 0.0246479725799473 -0.142396926549491
-0.09114185960042 0.153415211494794 0.132902998117913 -0.078330326822249
-0.0187792372009036 0.160607060301703 0.164062101940539 -0.114694783450711
0.0787410527967077 0.130929610694923 0.11382947920764 -0.133862780975061
0.11200517755718 0.0668238139783362 0.0754834750675456 -0.118231261572897
0.111796401687139 0.0125879867935405 0.0501712770393872 -0.116949004547836
0.0983468883557189 -0.0249163987391782 0.0297760837722107 -0.0934261507384774
0.0923853783893307 -0.0238124877103793 0.0191292598445415 -0.033532143513301
0.0867510199280008 -0.0241480054948049 0.0444542308458202 0.0245275951840417
0.110960598117444 -0.00888013516268503 0.0466076820672834 0.0919421264507287
0.123533227462317 0.041392752468375 0.0121834323920315 0.15541953468454
0.112232710242395 0.0926079209676591 -0.0946085194851402 0.157919593639737
0.0379127365090054 0.150781979984822 -0.138279588519252 0.0556035080229158
-0.0542643777179297 0.168600500304204 -0.0729891924033623 -0.0661810448345143
-0.0899020300275004 0.142348653368334 0.0694707901437524 -0.0703815917928968
-0.0832121982199539 0.0591554342976421 0.052623241208256 -0.189807731481883
-0.09238874482488 0.108805697558162 0.122921144283348 -0.109951850390487
-0.031078623889602 0.13301325748246 0.146988425110907 -0.103579493804118
0.0605019461623141 0.108845267937797 0.114883536914023 -0.101084186569453
0.0856300261109428 0.0529029079452208 0.106849830115145 -0.0968112236079493
0.0838287345151997 0.0141192457505712 0.0884249329648053 -0.114786329270864
0.0760331421401945 -0.0128235800647832 0.0631300681013897 -0.10060241213209
0.0706483394011599 -0.00949384541882161 0.050371781871579 -0.0416796881052467
0.0683244467525633 -0.00739011365415465 0.0744149037322653 0.0189431467801049
0.085437271867024 0.010863883498215 0.0716305093996284 0.0900255778259516
0.0888416177678202 0.0506908091748028 0.0296103052488138 0.155343028688263
0.0733628777345885 0.0966632125366947 -0.0811533558740211 0.153766180465296
-0.00635424682358397 0.136404273876467 -0.120303340684379 0.0485067098685241
-0.0871578224245588 0.121685686895187 -0.0456326831283724 -0.0720923943861846
-0.094035834502404 0.0761039380385744 0.103692714870298 -0.0882926818741254
-0.0595583871607403 -0.00467567270285481 0.0635490697218508 -0.21443139782463
-0.0813968114655072 0.0477772081096192 0.101564451674969 -0.120960835473379
-0.0370056759692072 0.0825369474371456 0.132691813617826 -0.0832956883575492
0.030630377580151 0.0651112627099382 0.11995398462753 -0.0766700576589566
0.0410181730610353 0.0299360275978849 0.128339701487758 -0.0880481321602667
0.0394513890529643 0.0159734394566668 0.10976723660775 -0.115759587563143
0.041628225422789 0.00234074642623606 0.0829990497859351 -0.102843915380569
0.0386505279225138 0.00636504251015899 0.0720934374034921 -0.0433999228953917
0.0395604023091709 0.00743538207343678 0.0941269776412716 0.0211460857724093
0.0497561988447537 0.0206358006537004 0.0863558099410864 0.0952170886642064
0.0490454249973919 0.0433883805977403 0.0385582044430435 0.159278645976817
0.0374697682784853 0.0807783643501833 -0.0681932540621804 0.15149898431778
-0.0391343255657659 0.101628882270605 -0.0989799842046715 0.0519873435015137
-0.096826112945704 0.0595349443185398 -0.0196927539953907 -0.0571438630501559
-0.0785714770511775 0.00306263731806018 0.129377910720541 -0.0814668620926464
0.0399315879099972 0.0515720229907683 -0.135781581537476 0.0884378255228492
0.0811944025107341 -0.00764093023441232 0.0117239068278762 0.0675519659807305
0.031741715232375 -0.0628424934911406 0.0999885482699179 -0.0569360507648423
-0.0229789329882485 -0.0432922992981461 0.0731037040042915 -0.165520282060343
-0.0209849821981629 -0.0149034141306311 -0.032858993710779 -0.18191542050184
-0.0108379913340485 -0.0127013692997625 -0.105931674174083 -0.115787219045978
-0.00820290640171654 -0.0164953631451829 -0.117555540364685 -0.030624949376177
0.00261329607394976 -0.0190566387113507 -0.1049803826752 0.0420499735082302
-0.000584483698865541 -0.0229313072189057 -0.0936251250950736 0.101151028161177
0.00543681957424562 -0.0279086280053842 -0.108708397392467 0.128550763142175
0.0108376988596322 -0.0146532537973033 -0.132555897172237 0.110592466435888
0.000893374597773432 -0.0243408318496914 -0.13814320998587 0.0795455012414928
0.0386107977562831 -0.0307903091973162 -0.130394573969968 0.062561704604801
0.0695258214038667 0.0280755558108621 -0.116298602161154 0.0841706596311057
0.0334783496615391 0.0710465356718346 -0.0675188005216994 0.200046451248122
-0.00249051261248609 0.100207126399516 -0.132117505513389 0.0617761820882968
0.0458471254368137 0.055245129187475 0.0258227765070171 0.0463318780929395
0.0288624245954432 -0.00647582160571819 0.104397393838859 -0.0783742161197226
0.00285223749324592 -0.00136041379173611 0.07060137748129 -0.172885880637228
0.01575068942992 0.0104981798108169 -0.0279014140929507 -0.180630964614946
0.0295046160840864 -0.00546668285960922 -0.0956224151004854 -0.122406442500812
0.0291163782715803 -0.0249229868115333 -0.109671122913639 -0.0427324938110535
0.0407498080687586 -0.0310775773776938 -0.0994803391779575 0.0317494718320012
0.03864885212617 -0.036737584703899 -0.0813004596773279 0.0932169180302615
0.0562253307657595 -0.0351399705529115 -0.0913988852043304 0.132989028728434
0.0676507668524409 0.00255570384945532 -0.120050077679111 0.133064578936133
0.0492847109668999 0.0204197817617995 -0.144685429882957 0.100146547468025
0.052728523142037 0.0341000800379528 -0.137773080032506 0.0565971338693153
0.0505063692806601 0.0967232189074101 -0.100929753356841 0.0545349212636437
0.00461972343959204 0.139478491012927 -0.0466278070808323 0.158562467418785
-0.0469067114967233 0.133965703719651 -0.107129894844334 0.0232810996489234
0.000855092561829041 0.113782957433265 0.0596111313483097 0.0265438319868411
0.0201100832677665 0.0599100440820808 0.12911198920389 -0.0974744641619986
0.033452742854509 0.0481502237142725 0.0801572625040361 -0.18170533198747
0.0559993941350672 0.0362598248643411 -0.0161670878923183 -0.175975050961533
0.0690956631205518 0.00170532288920578 -0.0743398651209334 -0.124824483614168
0.0646207246038337 -0.0308744619839224 -0.0880832282915484 -0.0559351658139697
0.0728661391931633 -0.0386541470102714 -0.0811486342332612 0.0153422800978766
0.0689566238434889 -0.0457102004876321 -0.0568073118527304 0.0781059485329324
0.0948269294778714 -0.0428950540535644 -0.0585542251144048 0.130592993440466
0.114248336248596 0.00839003454523465 -0.0879045838289538 0.153276462669074
0.0982153182152846 0.0466609577844716 -0.139468965455481 0.129635735387106
0.0741166383179807 0.0862532168664374 -0.14696749457082 0.0619692374416228
0.0362884523099802 0.152015529904361 -0.0962020945561234 0.0225553781981461
-0.0206653732759503 0.187293393232458 -0.0220207930962006 0.0986205129432699
-0.0811711343990703 0.149164809626679 -0.0659341112214223 -0.0268749144209117
-0.0419864896272659 0.157601731730742 0.0980328042166985 0.000738545615383057
0.0101024907661487 0.121591798211165 0.156383464422236 -0.110737725370986
0.0649019309770017 0.0951157267774742 0.0953984512245683 -0.180208760222409
0.0939333229597675 0.0559235974501826 0.00753056069939681 -0.165227335676238
0.101804735557041 0.00667548677369125 -0.0406839252273521 -0.125067480299022
0.0913506474995645 -0.0335750079599616 -0.0543381696032357 -0.0704091755466105
0.093735274706004 -0.0399569379499094 -0.0520375366707425 -0.00276293415768078
0.0880990458205812 -0.0469640522671473 -0.0241256583758382 0.0582313098963307
0.117347528825241 -0.0432116030483304 -0.0196528406057441 0.119562227485347
0.141800120979494 0.0115246017771375 -0.0482855107850454 0.162890948731974
0.131215628933741 0.0617485764291637 -0.124851255929412 0.154264297244642
0.0876582661202204 0.1233370746783 -0.152142020056923 0.0684173846010677
0.0187126266964481 0.186070807030085 -0.0971277385992757 -0.0109868600634872
-0.0456861084823522 0.205693700461523 0.00455629639176947 0.0328223136841521
-0.100310414674504 0.142334122064635 -0.0185859778799649 -0.0856662926663211
-0.0733128136781419 0.174032362205723 0.125712765718268 -0.0369712497475845
-0.00311008000704447 0.159930092539998 0.17029653948985 -0.118766073490356
0.0834435941662344 0.126149592735937 0.10830927860002 -0.165462670095935
0.116909395657755 0.0675939843755164 0.040574493437283 -0.145829400910977
0.118714208463157 0.0105601598323103 0.00345726667590199 -0.122836346414478
0.103185238651405 -0.0316540066549218 -0.0138600741034192 -0.083915198276994
0.100816866547008 -0.0349639264814968 -0.0166905779189957 -0.0196691134049711
0.0942783195222079 -0.0386118779446575 0.0114815874275341 0.0393600838416025
0.122868125211553 -0.0307559794350614 0.0183052723314852 0.105455684459513
0.144816527961761 0.0231420998415028 -0.0113666008011489 0.162901594529261
0.136676172553446 0.076870703212579 -0.107807874456789 0.165184973055048
0.0767994867164372 0.145790694695207 -0.151334256529861 0.0675766029091539
-0.013068223443476 0.19379529353844 -0.093142683141932 -0.0423996974811607
-0.0704087082424398 0.190236340742429 0.034785988396634 -0.0280042440773839
-0.100125707170389 0.11182124297681 0.0231908576466792 -0.144199423345546
-0.0909814364903856 0.156510721616615 0.135196373818408 -0.0781264631936041
-0.0188333114252395 0.163883256238146 0.165001297762171 -0.118468987101178
0.0807925703003264 0.131583123016013 0.113245530620617 -0.137701426080393
0.114293680760936 0.0666820232150041 0.0764473236448479 -0.121179445463735
0.112858128407858 0.0123706074920786 0.0497480460798356 -0.120055950979371
0.0981842560432004 -0.0253477529150143 0.0271080206652836 -0.0949891786098246
0.0934499204387406 -0.0245417194469033 0.0192241279561566 -0.0331420058480335
0.0873797466697895 -0.0247610364628596 0.0465669436263931 0.025288105204284
0.111662987239546 -0.0101901638953079 0.0508025938270997 0.0944176872222239
0.125703414479146 0.039166509277857 0.0167378562610934 0.158967415171185
0.114133657451624 0.0922147518973408 -0.0924345183729375 0.165462749172455
0.0400332406669629 0.152850816972911 -0.141491061315709 0.0592687809919791
-0.0533295909102094 0.171852022545068 -0.0765418595792333 -0.066042314059344
-0.0895926905069288 0.143575195495998 0.068654146191056 -0.0711191654794457
-0.0852432866307416 0.060036744350033 0.0510282793072135 -0.19170863246406
-0.0928017861818144 0.111844079387096 0.125197559189603 -0.110518808112427
-0.0308013157563463 0.136277266926703 0.148922292309521 -0.107295679699966
0.0624645806789024 0.110036603194754 0.115179245158162 -0.104727194136297
0.0872086528458012 0.0525421568485261 0.108519614508148 -0.0997679187624984
0.0843223781217175 0.0141119716628029 0.0878947400290992 -0.118644672855891
0.0760687331482926 -0.0137228262360487 0.0612367738314971 -0.102783018295334
0.0712579696311881 -0.00994705535099123 0.0504693981680221 -0.0413176699937999
0.068308371423508 -0.0079579819472669 0.0761843714621617 0.0198307125435541
0.0856824267621446 0.0105333280296674 0.0752963629666796 0.0920706794852305
0.0899649957876937 0.0496523605533314 0.0341173222860832 0.159354203160711
0.0755158692488119 0.0959203581489158 -0.0790095209661279 0.160112365527022
-0.00491111985564811 0.13792012415424 -0.121687925317246 0.051919845550154
-0.0868921519627058 0.125102333249355 -0.0491968279983454 -0.0722159301023869
-0.0949615225394645 0.0769993309736695 0.102878292960162 -0.0897668654974475
-0.0612373851552961 -0.0045107288217768 0.0617292898457324 -0.216935185249789
-0.0825202147692368 0.0501271707325535 0.103308813490706 -0.120789924107032
-0.0362601390480655 0.0854410513568121 0.134995053020922 -0.0857398697095792
0.0324905649251254 0.0650918439401686 0.121532286830417 -0.0793261744624606
0.0417069927835027 0.0294546300203113 0.129706569446255 -0.0912006175229323
0.0392931376802537 0.0159957921225752 0.108870079370622 -0.11957343303225
0.0415825499440207 0.00254253083277432 0.0811728603219133 -0.105058071578643
0.0396469995241498 0.00596744102632812 0.072662260903846 -0.0432189790679878
0.0391754830232767 0.0071008082736141 0.0965111034857282 0.0219552945454336
0.0498660256614434 0.0202485600723342 0.0898242067478277 0.0971849576006898
0.0498822882048097 0.0425677763690106 0.0417281960324127 0.163612994612648
0.0387999539289567 0.0801884056905062 -0.0666307985799495 0.15812949698267
-0.0375149433694295 0.104181104630967 -0.100391893390789 0.0557129199987916
-0.097823751295894 0.0624083580167265 -0.0219717421486951 -0.0575372371418804
-0.0800672766918066 0.00291294937246973 0.129088906465583 -0.0829654614430673
0.0297870984895439 0.0564499024789421 -0.153664723170553 0.0628765237217449
0.0816002013733444 0.00504271097028705 -2.92364514547299E-05 0.0748214473011377
0.0425907603550323 -0.0548186347284046 0.11270051602103 -0.0347449940550297
-0.0145939680292537 -0.0433406803602326 0.105446749682366 -0.152096945459676
-0.0155998900283724 -0.0161533244767446 0.00298321954921588 -0.189818626289365
-0.00662397481080561 -0.0126664915326068 -0.0822151517405895 -0.138506083644359
-0.00433330571584037 -0.0164618902902004 -0.111616468692634 -0.0565221072106997
0.00741448229983306 -0.0188648168674315 -0.112640513638705 0.0191090944051542
0.00587439674273072 -0.0223825036013714 -0.112164243409152 0.0816905937871971
0.0113082134023089 -0.0255431198719913 -0.133107721775271 0.104698235714499
0.0140817417026858 -0.012179278864135 -0.154804819304885 0.0835118610394481
0.00599862540724395 -0.0213820847867851 -0.156143252841649 0.0494968759912785
0.0438411999862757 -0.0218595035475834 -0.145789656148179 0.0338811605968343
0.0646776387303439 0.0434479339354821 -0.138097737185257 0.0606688446277467
0.0194402342149268 0.0771752647515431 -0.113718253959683 0.18911979908428
-0.0217070288024807 0.094705756033611 -0.145907165664932 0.0369952035075428
0.0352541174740974 0.0605063568336547 0.0159807610903026 0.0540900666517991
0.0286837472092019 -7.17316697411614E-06 0.119502095064997 -0.0560755711816925
0.00209260086536881 0.00207006802028161 0.104281746726544 -0.159776753282044
0.0145048912996582 0.0161620516576449 0.00720112972720289 -0.187725155986496
0.0309593861332274 0.00249614187412012 -0.0707052213698106 -0.142328071626241
0.0341717224292885 -0.0174105936517298 -0.100480994126615 -0.066664938862298
0.0484698636340755 -0.0230810491587669 -0.1050243594715 0.0100379534971122
0.0465966368609715 -0.0277457690113068 -0.0983889981315217 0.0765149458763843
0.0631429558289467 -0.022977872977464 -0.11537586163766 0.11341033882906
0.0669806781241792 0.0174072849764082 -0.143030982309318 0.108554002963675
0.0439088598910754 0.0339983352856571 -0.165009278718669 0.0705920764554656
0.0428250241724312 0.0468057889979336 -0.151754334980905 0.0289672813070689
0.0294157881935318 0.10754257121948 -0.118119955157134 0.034662752666842
-0.0246642029865976 0.139296122646713 -0.0835893396707107 0.151859028766588
-0.0721541334512348 0.119027842559748 -0.113558143891325 0.0027542776062769
-0.0200344702242765 0.11013612126373 0.0514929511669484 0.038637962809915
0.00673827920569782 0.0636178424191569 0.145018527855708 -0.0704326690824555
0.0223142169168222 0.055361265040275 0.114069046386239 -0.165212336182281
0.048400900858672 0.0488692744163118 0.0178978104913781 -0.181018267613311
0.0680421565310468 0.0175225733102823 -0.0495642733111134 -0.139867581881925
0.0693188789526608 -0.0164259062251328 -0.0758658009971148 -0.0752566802529892
0.0817308194877291 -0.0237426658112669 -0.0833963638733409 -0.00140588963745494
0.0785646425575796 -0.0300706853444465 -0.0706930619244659 0.0667305388441954
0.10236493366394 -0.0218863239452186 -0.0814870660061286 0.118333836797932
0.112115957067719 0.0328786291012752 -0.114228927021566 0.136468101561144
0.0856600892490667 0.0701750684154403 -0.163754812195891 0.10356380960102
0.0520881947901281 0.104935453644576 -0.16151384317093 0.0348040294025866
0.00265212986900422 0.159279658531335 -0.10679946166255 0.00325698242189021
-0.0609401192941302 0.181245987890749 -0.0452916605151023 0.0963352168020709
-0.109886188515599 0.127239358501811 -0.0633649644006529 -0.0383041673507614
-0.070475369099069 0.146311667816785 0.0932890781085003 0.0185937478643998
-0.0155042089230233 0.122872132538733 0.173501658319985 -0.0795277340871567
0.043573139234375 0.10656759855415 0.128276499317984 -0.161247892679626
0.081402743651842 0.0761778752071445 0.0387713736427072 -0.164887184147586
0.0988684519966461 0.0291372994100883 -0.0160259594794258 -0.132190562982937
0.0956110642883758 -0.0137490636113479 -0.0400318674670558 -0.0818481402142147
0.102954809768195 -0.0203222756375809 -0.0509629790916924 -0.0129112741960447
0.0975828949684714 -0.0270880379984042 -0.0343934801552219 0.0541971030648793
0.124589559506411 -0.0182398857977807 -0.0400974169550321 0.115675381944401
0.13891648927095 0.0427411881766434 -0.0749420455789135 0.155014699422232
0.114724335596161 0.0914935767684341 -0.152932882754226 0.132617781457406
0.056987747156794 0.144888269809304 -0.166733220052142 0.0421644895378408
-0.0236673243037664 0.190130556232582 -0.101702972053435 -0.0296275958232807
-0.0895916103626806 0.193803913884295 -0.00346364009603153 0.0354273941413148
-0.126596494188539 0.118287689946429 -0.00471808290190742 -0.0881504558374398
-0.104898584282726 0.157602421239896 0.12740004649684 -0.0145858050114443
-0.0362216230432939 0.158734212939939 0.187208907316411 -0.0845074006274889
0.0552228124913724 0.139887231133311 0.137205278650806 -0.142677541516768
0.100892757102891 0.0918804636380512 0.0676595272990455 -0.138903945868591
0.114221806879464 0.0354309304042714 0.0270052400799698 -0.120763654635576
0.107207400473565 -0.0108356865791122 0.00349439090191891 -0.0866376117414517
0.108684347113448 -0.0137734892827328 -0.0125738165624658 -0.0217826395559845
0.101101036481816 -0.0177840251421829 0.00514124688706657 0.0426572394666104
0.127334128324282 -0.00493138757121186 0.000295444127748506 0.110122895960956
0.138913276243359 0.0537700098378474 -0.0378702958724013 0.162594329641529
0.117274209388792 0.106647858718503 -0.137684780300772 0.148523312223199
0.0411973562574849 0.165055605100715 -0.16586622314355 0.0423717815484453
-0.0562739425439089 0.190650939578926 -0.0912266696300053 -0.0615858105615193
-0.111828928435978 0.172829274038187 0.0411395293762081 -0.0200551089660142
-0.120494066291076 0.0890057381542526 0.0484022657499584 -0.137968072212685
-0.118502366372598 0.138493766824593 0.145871642361262 -0.0541852448261058
-0.0518850345653236 0.161353982085805 0.182169840317968 -0.0852464823752014
0.0521769777951175 0.145407636670333 0.136583322145139 -0.113677772809313
0.0978851579232106 0.0896983517879682 0.0988406292514465 -0.107448813450972
0.1080355726112 0.0366702988378616 0.072360331622357 -0.109398281854867
0.100850201658933 -0.00559854489483825 0.0466470396843887 -0.0894020595947711
0.0986309231922504 -0.0052563109885593 0.025952688222582 -0.0273915089042647
0.0911861941783375 -0.00479812040992422 0.0424464546050503 0.0363486177908288
0.111958803294339 0.0133611392409574 0.0342534697163313 0.106807289235517
0.115690746186214 0.0655819802860362 -0.0106379961392569 0.165726229571581
0.0921372611439645 0.115627541793007 -0.12256515563878 0.152238033161152
0.00389575176410132 0.162861663520898 -0.154195957035804 0.036370499922085
-0.0911965105387401 0.159994117190853 -0.0699971220097275 -0.0824792605230458
-0.121414518645794 0.122349309314784 0.085823555970517 -0.0561613889706768
-0.0951584952565751 0.042721476698112 0.0857398167742939 -0.180689242800476
-0.112106715277434 0.09487575379287 0.144724166808209 -0.0878406454556483
-0.0576034766762819 0.131505825725156 0.165837991989494 -0.0775958301302396
0.0390752340713521 0.120158166462495 0.132595245055761 -0.0802513410774574
0.074071082977041 0.0707208460270078 0.126852589656129 -0.0799325532941569
0.0789571181610344 0.0326858295184685 0.110824636658971 -0.100798920699158
0.0764572781662034 0.00153210136506461 0.0820127537604608 -0.0898020244970317
0.0737750158875851 0.00471989643532709 0.0584023560738388 -0.0290160125246486
0.0681409645133994 0.00758006991422067 0.0727293637294022 0.0378176366868279
0.0820111276758914 0.0275400426133166 0.0576605861294316 0.1093062256024
0.0783892941760003 0.0674955518049973 0.00475679124238019 0.169442582542388
0.0537399138227958 0.110542679180603 -0.109930152871133 0.150521318275669
-0.0372597567008148 0.137764066108769 -0.1348536997238 0.0330694130181377
-0.114954667919075 0.105623147130902 -0.0398579191581089 -0.0837695051701893
-0.112289237551708 0.0541499262108471 0.124795774179131 -0.0675113098114279
-0.058544488773297 -0.0144357816017622 0.10241982709843 -0.204585313218245
-0.0893811338756269 0.0363189300103117 0.126754585651815 -0.101440607368349
-0.0523521736415021 0.0798802829734 0.150313871792341 -0.0595520442400979
0.0183603383315463 0.0712504678276176 0.1348763623264 -0.054787548797665
0.0334001024504409 0.03852383575235 0.147455507788817 -0.0671983576352171
0.0344164258730353 0.025598071775621 0.13242924923406 -0.0989496200139777
0.0389594353034293 0.0109846941500129 0.102735515823325 -0.0879618266303723
0.0384451284877571 0.0138652853538133 0.0806110541075239 -0.0258560526323259
0.0367098866145542 0.0156623214300303 0.0918443261323936 0.0439671758211129
0.0453284318693464 0.0294262324324444 0.0695553023516302 0.117750928891148
0.0401007564693599 0.0519913080952098 0.0103428161485503 0.174047898193174
0.0218425689783626 0.0872279674094335 -0.097952030029689 0.149737446714046
-0.0611034979698818 0.0965100094132134 -0.114453234018532 0.0393921424556972
-0.111586328424485 0.0414987814012863 -0.0147775001137567 -0.0642402170179618
-0.081415048309887 -0.0157648172524385 0.150143926728366 -0.0554832544828935
0.0319456679876357 0.0566355231806823 -0.155219711319678 0.0653677235444007
0.0833172425608691 0.00136012692796123 0.00248189950419041 0.0765096514810321
0.0411238727846886 -0.0571524565827833 0.114360382539367 -0.0376451358583226
-0.0159614620735886 -0.0432605986162634 0.103229075035162 -0.157442609603745
-0.0154295416479306 -0.0148908073772538 -0.000759593848109618 -0.194524984805001
-0.00616858327711769 -0.0120027722408427 -0.0851228103511388 -0.140375767356919
-0.00442840949463859 -0.0159552417983518 -0.113344258809088 -0.0552263413188419
0.0084816277462038 -0.0192220963216286 -0.113271466658996 0.020642343808944
0.00600101620624865 -0.0218303366607391 -0.110551304879073 0.0849300319594247
0.0111022231114476 -0.0251827969210493 -0.131360332351767 0.108809481676619
0.0138736656498732 -0.0122171015247414 -0.154726486457802 0.0883845326637206
0.00497539835925268 -0.0209869335336065 -0.158125301161398 0.0532645376349934
0.0426390654589597 -0.0230856139972597 -0.149258218284034 0.0364934547090421
0.0674786312074546 0.0416012448733659 -0.141072353008623 0.0611697763997737
0.0222415710172427 0.0765957918529499 -0.111259584250547 0.191772746392725
-0.0197771810914707 0.0953961136352789 -0.147404921852134 0.0391682148794762
0.0373916190348167 0.0583939214402742 0.0178615353692111 0.0553985937248391
0.0279088848031463 -0.0011980848294971 0.120363009031571 -0.0587566752240746
0.00138755134875645 0.0019518094292643 0.101776958595032 -0.163887691771421
0.0149897111271267 0.0168419179272207 0.00381807738920263 -0.191705002392845
0.0318288339583888 0.00293249328967556 -0.0736840505642866 -0.143958082066014
0.0343162619350044 -0.0171878714189661 -0.102967613007249 -0.0658807970383337
0.0486993230755569 -0.0239541439279002 -0.105615954688487 0.0114849008039474
0.0469462873263024 -0.0279056996005882 -0.0960733054991136 0.0794062247733549
0.0633058811672512 -0.0233356223844819 -0.11282679475948 0.11794165443386
0.0683446470153042 0.0169878380653403 -0.142415711508414 0.114552075715444
0.0441420122873286 0.0342969415457549 -0.166271754002748 0.076462335263227
0.0425235514821736 0.0465065987474236 -0.156107948885633 0.0315965605112453
0.0325077661210195 0.107003995033166 -0.121211491696083 0.0352495065560982
-0.0210747503919271 0.139105402276284 -0.0818510773897842 0.153420837790489
-0.071054203294995 0.120040787598391 -0.115182227363295 0.00461603958164441
-0.0182175261694332 0.109694236830162 0.0539082308014477 0.0401271600467548
0.00694575941860257 0.0630620658632551 0.145551692678038 -0.0735670891595835
0.0224641300738848 0.0548844099331979 0.11197715521432 -0.169686816285777
0.0492554840567633 0.0488125705295379 0.0148798742411625 -0.183976394892865
0.0690020825165188 0.0174335033111623 -0.0519861452064942 -0.141872812173683
0.0694546008546372 -0.0164101334084645 -0.0787842867679277 -0.0751279488139798
0.0823186896469965 -0.0249511636206733 -0.0837976097828761 -0.000278090236180391
0.0790956518830466 -0.0312390657288551 -0.0680891915027498 0.0693309812539783
0.102786186465135 -0.0238759310336806 -0.077803033652031 0.122156843787473
0.114005608994011 0.0314788136042805 -0.111557143928061 0.14220080723441
0.0873780163534782 0.070376606502972 -0.163698051343636 0.110369348327044
0.0533924543492093 0.105011152280843 -0.165533078241386 0.0382176267238907
0.00559196575293558 0.161034568616948 -0.110579726934296 0.00393068598562221
-0.0572842873919459 0.182424285439033 -0.0448314389708503 0.0974240451627836
-0.109444963574352 0.128969495197788 -0.064701651945858 -0.0381790746852728
-0.068293009963165 0.147603436896801 0.0958961013686597 0.0188208586150253
-0.0152362381771046 0.123636362175662 0.173064952543343 -0.0832353742461577
0.0443591288151998 0.106167503993437 0.126180683148183 -0.165200274321435
0.0829267587203221 0.0751621049482413 0.0369681875412461 -0.1684672887769
0.100204700936393 0.028795045603141 -0.0181925852278716 -0.134593842207652
0.0952270332320885 -0.014060333876397 -0.0425741961021432 -0.0821645873774431
0.10372975801931 -0.0223481534940114 -0.0508514811156527 -0.0120490381275723
0.0976886392740972 -0.028220577083469 -0.0317881151193957 0.0561335319952972
0.124981842914639 -0.0199500110866458 -0.0356049875685273 0.119206523260758
0.140570818650113 0.0401813059475687 -0.0706454414255437 0.159934933836605
0.117063006263979 0.0907840917773673 -0.150763099329617 0.140054039540787
0.0591184762039831 0.145790716639563 -0.17048007003634 0.0463870835178937
-0.0205698390003229 0.191989822486808 -0.105234926358319 -0.0289817425289329
-0.0865677846033977 0.195215847401364 -0.00360343202592846 0.0359770581032127
-0.126749639852903 0.119545149655791 -0.00688550927986879 -0.0881096989971051
-0.103416024633711 0.160843752431409 0.13020895053019 -0.0141524114933555
-0.0353923723544567 0.160638383836833 0.188043665592294 -0.0884851352740363
0.0568172369027096 0.139789709968675 0.135884212943851 -0.14707883004527
0.102427436070854 0.0907460516816878 0.0672678494795492 -0.141917938384782
0.11538281332316 0.0352219347300905 0.0255802064744189 -0.124040902961429
0.107238547258935 -0.0112930256060494 0.000486492564551555 -0.087798665992678
0.10936997913291 -0.0157697482982341 -0.012424620505435 -0.0210144156089791
0.101957164668795 -0.0184838773003476 0.00759102178040836 0.0441419657663871
0.127380550814851 -0.00640372974557165 0.0050657068296188 0.112825614837844
0.141468173434845 0.0515301702132369 -0.0328898495970705 0.16753071283135
0.119490267894793 0.10542080716665 -0.135281688677781 0.156802388323501
0.0440841935329218 0.165283164599128 -0.168610842899659 0.0467316722742468
-0.0531325217157127 0.193391614324261 -0.0955254675566386 -0.0608184424652211
-0.109405443787615 0.174258970677866 0.0398763527271433 -0.0203743948934398
-0.121312624798138 0.0909196051359338 0.046083585347022 -0.139402357118863
-0.1176159301414 0.142373793939648 0.14786795074135 -0.0551829110879498
-0.0509334434707786 0.16396479524203 0.182652029721623 -0.0894308204319953
0.0546238502121598 0.145956179607535 0.135557077206189 -0.117018846441265
0.100135168699511 0.0889667085777594 0.0989875136730157 -0.110937622623238
0.109029569028232 0.0360929585877916 0.0716822677922965 -0.113760552105118
0.100466941444494 -0.00638992093378066 0.0437791890490183 -0.0912001104612182
0.0992936304716932 -0.00671605181656926 0.0264697353283475 -0.0272661788424837
0.0911682548745981 -0.00561886974511074 0.0451224541417311 0.0372853321179184
0.112116477538134 0.0119317700209966 0.0389722234137219 0.109004558833519
0.117925542598806 0.0635509686701074 -0.00518986794036806 0.169439469351019
0.0941219071340613 0.114115170329944 -0.119680716955386 0.160002080100299
0.00615247759804476 0.164298984132592 -0.156748937813877 0.0411976435845277
-0.0892496487287155 0.162835034417649 -0.07427331954606 -0.0818081578480643
-0.120819754805286 0.12381337863099 0.0846905452265169 -0.0578622790814161
-0.0964119861672261 0.0435790586518758 0.0834181086206004 -0.182052525210225
-0.112178904885806 0.0985428647755868 0.145765100448653 -0.0880383453757527
-0.0567038654453085 0.135724422592004 0.165867504078905 -0.0812605335947376
0.0415203686517556 0.120669473417494 0.132075244350094 -0.0830514855793137
0.0760880126218039 0.0697115960856443 0.127931911872981 -0.0828651799072709
0.0798377901734024 0.0324880147664714 0.11038436057109 -0.105520356516066
0.0766775395283029 0.00129225071804244 0.0790272480682982 -0.0920270461262127
0.0742743185391507 0.00331933913310544 0.0596162258467114 -0.0287294875342882
0.0683328841614418 0.00763869088261139 0.0746782833480147 0.0381764896411651
0.0820295813216586 0.0261265368435161 0.061831102135671 0.111129629835032
0.079838046698038 0.0659842630643345 0.00961426928570517 0.173905528236327
0.0562555982362124 0.108846932976726 -0.1070010637161 0.157519757695025
-0.0347486326619318 0.139887698037975 -0.136610072572937 0.0368841563732167
-0.11356711739556 0.108948344151673 -0.0433639081221234 -0.0836177740318282
-0.113363415241751 0.0552126455633859 0.123704958441417 -0.0703512240703114
-0.0601699980360832 -0.0145111076023112 0.0990288600533224 -0.205996187963066
-0.0900985942919379 0.039041079535308 0.128288910918274 -0.101177088829788
-0.0516324258574956 0.0832072377912433 0.151703935570974 -0.0620987274278626
0.0208372406178957 0.0713335421996426 0.135497978784946 -0.0577678997552879
0.0345835884772812 0.0379420936590154 0.148774064954838 -0.0715880919281616
0.0349931656650539 0.0257863060905612 0.131336095091899 -0.104423409994778
0.039109506261803 0.0107387631077695 0.100161204608389 -0.0902332207142766
0.0391910543229555 0.0137989376143936 0.0811134077257336 -0.0257833179900229
0.0366050916692769 0.0160177384219161 0.093497169805369 0.0443446992556876
0.0451870879935111 0.0288865506647041 0.072941739131579 0.119269047183753
0.0405898321583802 0.0504845397017946 0.0143528549096385 0.177371814284385
0.0238971853884189 0.0857120575751665 -0.0961166962875961 0.155964391482643
-0.0595112660844183 0.0993223418844283 -0.114945744806924 0.0431523290373811
-0.112011050121594 0.044431228215687 -0.0182277095800721 -0.0642480650225715
-0.0837501345148066 -0.0155717823527534 0.150089245995511 -0.0582462883508268
0.0333292943792663 0.0565926982018248 -0.156860626806623 0.0662123354264462
0.0848941622995611 -0.00173496804868657 0.00502263901164905 0.0779780137967573
0.039888817004234 -0.0583011265091094 0.116707857073116 -0.0400001789233177
-0.0173874757928978 -0.0423987899258001 0.102469235864735 -0.160784819517091
-0.0155148886213852 -0.0145635700259666 -0.00356094406100572 -0.199061537589185
-0.00510246472668976 -0.0115760878467504 -0.0875936374659846 -0.142752733270892
-0.00338539481021437 -0.015295728071895 -0.114170933303208 -0.0549436796288261
0.00886865887227125 -0.0196925723287365 -0.114190863576898 0.0212947676541714
0.00679514665465297 -0.0224669818676482 -0.109014804883305 0.0867243108031368
0.010441807549512 -0.0253671025553311 -0.130023195571568 0.111847741383845
0.0138020324331324 -0.0118662326136565 -0.1561590441343 0.0915189558157867
0.00436728851266601 -0.0201718022560381 -0.159607544020875 0.0560808634885021
0.041987624342837 -0.0237449751627097 -0.153188191666747 0.0367320359627645
0.0694630062849658 0.0395065981830936 -0.144962358642256 0.0614799508481375
0.0249304399835073 0.075997921846938 -0.110195131496381 0.192147918786179
-0.018987427336137 0.0955213771412663 -0.149378022331902 0.0401663523537924
0.0394995310257006 0.0561637729624144 0.0204999424559615 0.0570501389907021
0.0268615136339064 -0.0026924630625437 0.121584212769448 -0.0598692072736904
1.81375661875051E-05 0.00212224499610262 0.101857119250518 -0.166904358019422
0.0152408354883731 0.0169880613136546 0.00243626201232501 -0.195256969538548
0.0331668866444717 0.00296837006744213 -0.0761885976067297 -0.146829777911706
0.0347914942055908 -0.0166554826856822 -0.103673757949033 -0.0657492275220466
0.0497838348011587 -0.0247121168892555 -0.106420588446173 0.0120019476419055
0.048245685858903 -0.0282926192613644 -0.0946179411345178 0.0809910439852556
0.0629463882282244 -0.0235203842187607 -0.110130333045031 0.120377496088707
0.0693362251684711 0.0164520451740837 -0.142766270402435 0.118527646535869
0.0446813576296979 0.0355936929316302 -0.167824380962128 0.0801008258187678
0.0419378335457483 0.0469811338527502 -0.159934714159187 0.0327840101589176
0.0344183154499554 0.107254828281091 -0.124918544010719 0.0351583265731942
-0.0186524833753597 0.138909165961507 -0.0815593942912585 0.15405478341569
-0.071066142366925 0.120345475094515 -0.117253111939315 0.00502446334047466
-0.0164507325936081 0.109176544721613 0.0567154088478478 0.0405064859428284
0.00639661110394486 0.0623513634721886 0.146355208874442 -0.0758126131327655
0.02099125003724 0.0546754220726509 0.111569150221699 -0.173019658661941
0.0499017298472083 0.0491067814409315 0.0146949643372337 -0.187293824994251
0.070015805158313 0.017714541065159 -0.0533350520090821 -0.14391519935141
0.0697290872929578 -0.0159027492055787 -0.0796532633109468 -0.0752209423779415
0.0831452841509912 -0.0258966368807285 -0.0842359322274883 0.000511420939196356
0.0803384024681926 -0.0314971796830923 -0.066478523578444 0.0705023893106162
0.10303905550349 -0.023745556560477 -0.0745241716300374 0.125385640407932
0.11561851686033 0.0315818131980488 -0.109729454847107 0.146680974420968
0.0884702178373531 0.0710793641459773 -0.163904929616137 0.115691726547963
0.0527917091765867 0.105757348851358 -0.168819763346646 0.0402023033182093
0.00726906683828007 0.161651592610116 -0.114931039383916 0.00368431619062081
-0.0556771503237975 0.181586130569327 -0.0449979125039919 0.0984617060006748
-0.109935682098388 0.129451263836224 -0.066682072143501 -0.0378690488299966
-0.0665549092587404 0.148791470858827 0.0986732377527882 0.0200260899743446
-0.016099002569716 0.124073555831276 0.174255968630023 -0.0846249040178048
0.0439651368308028 0.106281304491374 0.125866893993327 -0.168487125123865
0.0835117094522857 0.0755835791927796 0.0368264999667455 -0.171319779214411
0.100517400278319 0.0287921913846333 -0.019268334805521 -0.137329454664075
0.0957378548820784 -0.0139700027273395 -0.0438368703524839 -0.0829631541673976
0.104228995202243 -0.0237970398972168 -0.051073924203464 -0.010869729255355
0.0992530489355751 -0.0285858507334537 -0.0299623514290934 0.0578147361205317
0.12496529630456 -0.020424188983998 -0.0317249287899271 0.122303447601901
0.142391511813541 0.0390961576740147 -0.0682774410575766 0.164050004218746
0.118798673069238 0.0906102750380384 -0.149131060401061 0.146706015443222
0.0596660268399143 0.146291623369958 -0.173991929676489 0.0493157511240207
-0.0195381061329677 0.193780596566564 -0.109011728501288 -0.0293623200157979
-0.0853734014433193 0.194999369760417 -0.00453230396324675 0.0355917108128551
-0.128087896071459 0.120029907955798 -0.00816312850652047 -0.0884467436087061
-0.102842582208884 0.162013741458355 0.133630603241498 -0.0133888646413291
-0.0360714085838601 0.162359940492735 0.188514861729361 -0.0906902406254185
0.0575993507469333 0.140479190265573 0.135788449422657 -0.149413381304731
0.103757413412201 0.0907715293614506 0.0679034886149048 -0.144976248003122
0.116542990952374 0.0351668993651461 0.0248808993736904 -0.127560441313067
0.107117706076959 -0.010778259738282 -0.00116282795465315 -0.0890518558628314
0.110332018613706 -0.016748533751927 -0.011690438718871 -0.0203353152525106
0.102379390490551 -0.0189246369304354 0.00966083827352715 0.0457055649595201
0.127539716606772 -0.00746874695105432 0.00893614676996066 0.115226012627885
0.14334021714455 0.049991659638363 -0.0291032567947653 0.17157397557379
0.121186378518475 0.104677405859639 -0.132637341059271 0.163108372313863
0.0449172912478486 0.166884392157338 -0.170843042912739 0.0500043700638769
-0.0516964575066768 0.196194559588497 -0.0986893832811012 -0.0611299950117719
-0.108854830897857 0.173858459173446 0.039475497049818 -0.0204920906349606
-0.123234351215506 0.0908843976094064 0.0446948354398536 -0.140143789398755
-0.118136115299255 0.144269328387925 0.151323700255043 -0.0539415742329337
-0.0512555773461991 0.166871746875154 0.183821669436208 -0.0912336654219602
0.0557306641003589 0.14724020203658 0.13576881506518 -0.11895204568501
0.101308648041443 0.0890526374810224 0.0999108199939836 -0.112989590543748
0.110148642310143 0.0363458963820069 0.0711658107365204 -0.117031370695533
0.100357059466864 -0.00575220394679203 0.041868603728457 -0.0925003022325332
0.0996523783946805 -0.00780598027889537 0.0272857374492492 -0.0265852503352089
0.0917997071739232 -0.00541284297235315 0.0471818858531601 0.0386680128680327
0.112063433528955 0.0113419961052906 0.0429475631867604 0.110978878085467
0.118719638258275 0.0624045963580256 -0.00136679404812735 0.174000128106545
0.0953962902651723 0.113354375251214 -0.117938165739129 0.166540198536056
0.00728362617813286 0.165399715713417 -0.158803059361172 0.0442103578299073
-0.0887333632507261 0.165878594516839 -0.0774449682903299 -0.0818658115634155
-0.120766257904097 0.123418276644378 0.0836122791125405 -0.0591585041991895
-0.0983341462557896 0.0437730496635501 0.0817545322452405 -0.183233876289103
-0.112866904302242 0.10117913749173 0.148678442483254 -0.0871479177867528
-0.0563989173396618 0.138375909723172 0.167402845715283 -0.0829215916454825
0.0426976225394037 0.121334693417522 0.13243440842522 -0.0847015955330635
0.0767314424481408 0.0693486268656065 0.12893228148583 -0.0854855162228605
0.0806841750125482 0.0326654689781224 0.109693315057655 -0.109395923861362
0.0767109919413291 0.00189617578309103 0.0777003438809472 -0.093938101753306
0.0746495305319148 0.00274396726757446 0.0599115562436468 -0.0283119907536284
0.0686258860915383 0.00754356804775244 0.0771470318105026 0.0389469030452424
0.0826198622074302 0.0259735893593005 0.0650706146740159 0.112926876706164
0.0804879036920221 0.0654466365158482 0.01249975811984 0.176640441838913
0.0570957097922147 0.108104308048334 -0.104917959007281 0.163695206927344
-0.0335997513348951 0.141445158716532 -0.137996193013105 0.0395383761685859
-0.114018805042368 0.111063501896738 -0.0464235144076522 -0.0836798672887565
-0.114735191017124 0.054939511457865 0.123507602464612 -0.0712415600909138
-0.0617148469514548 -0.0148367393992485 0.0980097844968599 -0.206638514350944
-0.0908182687027105 0.0406598827329455 0.130729467032712 -0.100757607792726
-0.0512593037321979 0.0860761998657135 0.153481383425287 -0.0638090145338353
0.0220492403600554 0.0715418427505059 0.136756314729377 -0.0594109318340791
0.0349412590294794 0.0371898274975203 0.149788232923601 -0.0742101531094246
0.0356602645922833 0.0264567044229903 0.130630923330676 -0.108211267901585
0.0392184870102155 0.0108752558181204 0.098208668946412 -0.0924253801509198
0.0392784505914468 0.0130740835444773 0.0822285547423117 -0.0253994171422859
0.0365397119158073 0.0159594095201147 0.0958064399666831 0.0455726836865047
0.0449788886307689 0.0286916846793719 0.0755571441569402 0.121408175209592
0.040837384255553 0.0500667606169857 0.0176048826883716 0.181006405351518
0.0257490263708172 0.0846748883867003 -0.0942654254920471 0.161343486491996
-0.0586183297797039 0.100906915576677 -0.11628696419511 0.0458747222184202
-0.112693127153417 0.0465944845917045 -0.0203593160987922 -0.0644848175690361
-0.085327905292474 -0.0157369027608266 0.150349577036176 -0.0596954120371076
0.0345426526785577 0.0575347165019609 -0.160709222831747 0.0673010757865745
0.0869305611035292 -0.0037819566502201 0.00658522058020915 0.0801636354662281
0.0393862176768186 -0.0597755030720291 0.120563043663017 -0.0412713353190537
-0.018164995017334 -0.0422889617194729 0.104737359999782 -0.164650049628701
-0.0152454442787861 -0.01398194124343 -0.00376185230510483 -0.204669272075751
-0.00402104655470207 -0.0117579585043655 -0.0892243849997929 -0.147105173824968
-0.00223597782647015 -0.0150878729913588 -0.115257519700322 -0.0570520875093446
0.00969638344353902 -0.0204793265049901 -0.116365468967056 0.0207514617910901
0.0077322373260299 -0.0221628676919156 -0.109054334026407 0.0875033933986289
0.0107259356237374 -0.0244994261299128 -0.130971882145113 0.114332014524564
0.0136985283299226 -0.0113203961620706 -0.158773487840256 0.0941147731578017
0.00379224902854743 -0.0190453682980624 -0.163546952766653 0.0570835708528583
0.0413115527826804 -0.0242878899265012 -0.157965668999992 0.0369062079841095
0.0714315727738066 0.0391508994047372 -0.150326211088151 0.060093133348637
0.0259857246429112 0.0753914350384017 -0.11252255244803 0.19383335945365
-0.0192393289726384 0.096697952887458 -0.153182953245922 0.040762649640171
0.0406614884043429 0.0548602189541555 0.0225775324101663 0.0592416645235118
0.0261136615071959 -0.00391778188197612 0.124718803389726 -0.0615354126292104
-0.00106529595613559 0.00234415688337892 0.103404919006175 -0.17038086126745
0.0154495539056627 0.0180955879897446 0.00251028723555424 -0.200478176716614
0.0341530316139491 0.00368708878838162 -0.0768517316790229 -0.150389852677036
0.0360118368745053 -0.0158958857177673 -0.105252457489607 -0.067676984662498
0.0508155646356197 -0.02568916326249 -0.107764073459666 0.0119465592892261
0.049799702393746 -0.0286855858134735 -0.0941400955130065 0.0823901107385765
0.064024791303474 -0.0229143988008825 -0.110628074111858 0.123713900014167
0.0709629184405331 0.0175184701489819 -0.144327634279914 0.122295492004842
0.0447504347109195 0.037518102771739 -0.171098965506014 0.0829526896653767
0.0410252470423622 0.0482909215069179 -0.165160781424872 0.0331135693889465
0.0349940822674736 0.108011288820603 -0.131028203135523 0.033812147854971
-0.0190065362422832 0.13880284958654 -0.0831464962478036 0.155785011490647
-0.0726361013653169 0.121175407737892 -0.119784299467798 0.00451817561359855
-0.0163128990073886 0.109000263356012 0.0593980443029321 0.0424981888677601
0.00441059066200807 0.0622168290423546 0.150026655223436 -0.0764980679771308
0.0197320748545478 0.0553451910302745 0.114176700104984 -0.175988840097155
0.0502741125969733 0.0504919502893848 0.015596742800769 -0.191737998676568
0.0715671297671521 0.0189148465070628 -0.0538684828281993 -0.148496094971053
0.0714627608207971 -0.0146061479276666 -0.0812928848056425 -0.0772268908214918
0.0851543445662105 -0.0265498080206345 -0.0847410415498298 0.000372987982392233
0.0822494022198685 -0.0314679643585345 -0.0657808129832573 0.0723108086543197
0.104694434695699 -0.0233415115860766 -0.0730747670812674 0.128255668517776
0.118657331432587 0.0318553872306187 -0.110770739501289 0.150811017324953
0.0898938577199885 0.0733919170290594 -0.165949933178365 0.120129972927504
0.0529177514708711 0.108405277545638 -0.174608776669718 0.0408325923798554
0.00719159184118056 0.164081160900833 -0.119949691809522 0.00206827762959243
-0.0567250007967285 0.182547338251967 -0.0458991245740774 0.0994356556367688
-0.112894198843813 0.129639291096556 -0.0681071379574794 -0.0382269263707149
-0.0682006412983606 0.149818412653554 0.102592407401132 0.0217906906511953
-0.0179245972215836 0.12501671421912 0.177189487921608 -0.0859138809848532
0.0433427125427006 0.108161771567715 0.128591765851089 -0.171604193070212
0.0843656396664111 0.0770223164525936 0.0388515210518482 -0.175174976205346
0.102776496618387 0.0302069413454711 -0.019203659988661 -0.141389082983863
0.0972229680380153 -0.0125468974348323 -0.0454401444590851 -0.0852525936608384
0.106001893819332 -0.0237745749813905 -0.0507267362228146 -0.011323238180196
0.100922958264867 -0.0280833717669974 -0.028265919178086 0.0587502696060844
0.126927103766436 -0.0190702378482287 -0.0292625118593809 0.125604135452409
0.14542304527644 0.0399678468296266 -0.0670135090199594 0.168904127936483
0.120310634948098 0.0928783571148038 -0.151166927329084 0.152147340088891
0.0597816191606678 0.149592832297724 -0.178798150871201 0.0510961059324432
-0.0195368550206905 0.197607605283177 -0.113206660333468 -0.0313826825226298
-0.0873330726184677 0.195335828764048 -0.00476605039394482 0.0358748628133845
-0.131702247720557 0.120178340411048 -0.0088549164565659 -0.0889089565959946
-0.104824247256184 0.164620070402555 0.138078238579471 -0.0117221511355307
-0.0384926221520065 0.165705581761855 0.191813384283257 -0.0909941977923108
0.0569548644480719 0.142860198593354 0.138396491303688 -0.15247869543109
0.1048275166102 0.0920993608555952 0.0700367808482326 -0.148053228478012
0.118893331466191 0.0369248581848357 0.0256124003461221 -0.131426830034937
0.108935166834735 -0.00915594270774467 -0.00255489042794974 -0.0907024026144504
0.111709502599988 -0.0165535835394743 -0.0109266798834292 -0.0203216980318105
0.104734165194408 -0.0181195197295049 0.0114551053776446 0.0466482907768242
0.129145933187972 -0.00639162034046911 0.0121632501460449 0.118079972731467
0.145439592164332 0.050867768045643 -0.0272414849118988 0.176168795646846
0.122619732708348 0.106682832606563 -0.133196956522384 0.169497321155926
0.0445023393237709 0.170475265743613 -0.176154997706339 0.0520860984863935
-0.0533967106290384 0.199383842051543 -0.102928997060002 -0.0621070266660556
-0.111706968131538 0.174285467171417 0.0393097674478421 -0.020921516324314
-0.126117662672499 0.0909799699315328 0.0452834487962041 -0.140818498518661
-0.12112626759262 0.147067696377393 0.156181272435225 -0.0525924111981662
-0.0529679152347683 0.170998084338437 0.187100328552642 -0.0913694464102621
0.0562391668949028 0.149425643217723 0.138448501035101 -0.12080179463013
0.102680876362405 0.090635127376563 0.10269054586648 -0.115830068580137
0.111637381434144 0.0378508084407908 0.0719498730913715 -0.120820236358304
0.102358762958303 -0.00418716899155665 0.0407681716412615 -0.0941718523104883
0.100857810808074 -0.00775102460663521 0.0288124639382397 -0.025815232612912
0.0933402142849255 -0.00433482018886343 0.0496001969856455 0.0402829597864359
0.112983890669485 0.0121435455479392 0.0456967507468747 0.113767696188666
0.120371822932642 0.06300197339989 0.000270592494477615 0.178393186163907
0.0965158601126644 0.114376699935507 -0.117402197021518 0.172878328060309
0.00747352085650883 0.168546342451284 -0.163197839207891 0.0458628470642808
-0.0906817934607756 0.16836879469542 -0.0806555680118175 -0.0830159698999725
-0.124246609924267 0.12314018524328 0.0846049132347715 -0.0592224095483846
-0.101403469979675 0.0431115030099044 0.0834339511941598 -0.183641627810863
-0.115781597233117 0.103291566722201 0.154037999400105 -0.0860244714865921
-0.057641987740077 0.142533494223426 0.170531319936597 -0.0834400463497185
0.0439127972954807 0.123674852215219 0.135175975037492 -0.0855579657083269
0.0782214177248562 0.0705690128698936 0.132085710370179 -0.0878980150568832
0.0827141035188518 0.0340691428513676 0.110499566370469 -0.112926261513516
0.0777071046520591 0.00296862471136247 0.0771050330861781 -0.0946994558518608
0.0757151758531239 0.00281950651468188 0.061791271763279 -0.0274179312590903
0.0692256783713971 0.00878443902769944 0.0794637951227194 0.0415514366940309
0.082723374474932 0.0271647302920952 0.0681350651464257 0.117110760889375
0.080275468126093 0.0658777874144316 0.0146478077724838 0.181774516180061
0.05759939676193 0.108634326557014 -0.104690112920454 0.16945292020646
-0.0342140957500147 0.143692754605817 -0.14156687083317 0.0410159121160195
-0.11579879149517 0.113138312505748 -0.0488503049560223 -0.0848646552864951
-0.117906917849072 0.0539485283151527 0.124780003639821 -0.0720412406140592
-0.064250482973908 -0.0155786398717082 0.100204762657161 -0.207072863003439
-0.0926517508180685 0.0426691111398806 0.136129522586591 -0.0996013597529737
-0.0514740229850409 0.0888328795402563 0.157805373307076 -0.0647030666429109
0.0226707837409701 0.0721966590914067 0.139380718297112 -0.0596159382715888
0.0355398844871112 0.0376339880057692 0.15306230486581 -0.0763267583583517
0.0362571878805894 0.0275892797688613 0.131763168067592 -0.111921617518435
0.0395606981119425 0.0123678524494052 0.098861533285062 -0.0931980380633184
0.0400532308041296 0.013312519764216 0.0844427111199626 -0.0247340173029006
0.0367155228743205 0.0172225768892094 0.0986819916413158 0.0482009498153185
0.0449593670760801 0.0290440554000036 0.07813609931597 0.125645272515721
0.0400125174927257 0.0504481905254406 0.0178495043090907 0.185768748333254
0.0253588272113108 0.0843925884268329 -0.0943615073379264 0.166842017257495
-0.0590225910823932 0.102907463938443 -0.118827984415968 0.0471179045627073
-0.114480917362642 0.0474061869706405 -0.0222013830227321 -0.0647509236424959
-0.0882652965169702 -0.0170102321239275 0.152155309014086 -0.0598898917031727
0.0357622717770693 0.0593726605023288 -0.167895024354431 0.0692885760817784
0.0900332639921338 -0.0061526890314502 0.00907886461869019 0.0843786093925186
0.0395805206160026 -0.0623327998506668 0.126706072512159 -0.0436270662206016
-0.0201551117840317 -0.0427431539065761 0.109111413903521 -0.171822769364929
-0.0154277891865117 -0.0141920246859918 -0.00439652814019385 -0.214514933691486
-0.00343422199358256 -0.0125479474890913 -0.0927228905333534 -0.154374882519009
-0.00114836212670719 -0.0153438845801904 -0.118128691158291 -0.0601476082832189
0.0102718364218545 -0.0215264089714179 -0.120165469921235 0.0209255774431
0.00909052153031736 -0.0234826326111391 -0.111830306695675 0.0902794734916141
0.0113050705253602 -0.0245027968227794 -0.134630174760786 0.119054639548874
0.0138024006545686 -0.0107933545273787 -0.164491285986486 0.0990734194222749
0.00318098741834735 -0.0187624162252369 -0.17050937065451 0.0594242082188971
0.0418533917664176 -0.0244844588103182 -0.166845782621426 0.0364468241036711
0.0753593848783865 0.038573914625571 -0.16029885384738 0.0605230401996529
0.0270159272803895 0.0765990733599789 -0.116392127778988 0.198750169271217
-0.0202660109407658 0.0992513849785998 -0.159769375814976 0.0417863689376699
0.0420385584450497 0.054854335119973 0.0251278049804208 0.0615755415159594
0.0251747969056666 -0.00490512479333127 0.130775592412699 -0.0634781726469494
-0.00296322975987373 0.00279623053944767 0.108190030844914 -0.177559422351531
0.0161964210457276 0.0190214133269311 0.00297258211751476 -0.209905992513338
0.035667890493881 0.00386617639872228 -0.0794850421399328 -0.157848164832355
0.0385800174059772 -0.0155050865553294 -0.10778822002273 -0.0714585374322172
0.0534884549274307 -0.0263786857556826 -0.110850016546576 0.0116975936805449
0.0525929928119786 -0.0293949553296096 -0.0956736440769243 0.0847358712127805
0.0666781597216855 -0.0228042558175531 -0.113044740879753 0.128456588605369
0.073644640983025 0.0191674539382279 -0.149009717209844 0.128269207849527
0.0464600030713527 0.0397995236339161 -0.177644850829398 0.0872282265830997
0.0414310842905179 0.0504653314647919 -0.174449290522508 0.0334053872273348
0.0366589288643942 0.110593683770454 -0.139390090032303 0.0335437373895629
-0.0199193988133121 0.141930022346969 -0.0866907798037976 0.159485825418917
-0.0763808331624268 0.12409999397245 -0.125415397258081 0.00450277529776248
-0.0168800719815945 0.110589029118378 0.0634417391320746 0.0449697694160828
0.00256887270327633 0.0635262150356256 0.156139424067435 -0.0786987057068299
0.0189922842802967 0.0574310384617859 0.119070799182411 -0.183004040340055
0.0517190160225217 0.0524685764342776 0.0168098006717825 -0.200326306059494
0.0744653014677876 0.0200076288298568 -0.0558204967652595 -0.155242101328924
0.0746314537670354 -0.0136388623676449 -0.0836721738854123 -0.081034797051512
0.0882598462485856 -0.027528787906162 -0.0871692816549479 -5.61001765413697E-05
0.0859103366618031 -0.0322824455568272 -0.066250620740295 0.0743402513208804
0.108891643363243 -0.0230399258281381 -0.0736452229497636 0.133681357366676
0.123185981305984 0.0336434386504415 -0.11315788068492 0.158026979579148
0.0929967177673037 0.0774280361178211 -0.172030747401036 0.12628721345634
0.0533252692266964 0.113387168898457 -0.183941242679084 0.0431631575716036
0.00695707737935232 0.169677527891257 -0.127746155532794 0.000999357135322825
-0.0595968301800118 0.185924295360233 -0.0482209611789532 0.101892690047823
-0.118377117187869 0.132986883291899 -0.0713524730360515 -0.039164086696343
-0.070915495399033 0.153317669537455 0.108340715253394 0.0241370828242282
-0.0205417381589863 0.128913483469235 0.185476291443016 -0.0876909265104989
0.0425877395657981 0.111720406492309 0.133575879998375 -0.178418837979139
0.0865683577713036 0.0799811042665014 0.0408319529617259 -0.183326758551895
0.1067441633142 0.032324214343259 -0.019875164436525 -0.148565754019305
0.100997628504997 -0.0115714707180904 -0.0473841155687178 -0.08879172868557
0.110149708764249 -0.0241352145298811 -0.0518338071195784 -0.0115146544691671
0.105545798992449 -0.0283836670445622 -0.0274272021173948 0.0613007528380973
0.131162841451032 -0.018834747193555 -0.0274785610080834 0.13021264064391
0.151020287642877 0.042019078461735 -0.0678209831829185 0.177039822158606
0.124264657040624 0.0970940963830988 -0.154847515016759 0.159704845308069
0.0606027427903956 0.156105349745153 -0.187907914921776 0.0532363553925263
-0.020781184097896 0.204583827495151 -0.120406032100023 -0.0333410355231236
-0.091554086715663 0.199365488819593 -0.00591249833577845 0.0369165267614624
-0.138691285033023 0.122535205716615 -0.0091160598469707 -0.0914392300445982
-0.109376733715988 0.169263866916284 0.146198460821265 -0.0100868955495919
-0.0413463485872257 0.171416049384265 0.19926306508675 -0.0934761265434538
0.0576104921473197 0.148329045604139 0.143883341802041 -0.158055485049001
0.10814088947774 0.0960630602570786 0.0733242216176417 -0.154902151278628
0.122752985743061 0.0390256518850431 0.0260716638778595 -0.138016619445063
0.112637122279546 -0.0081548247523445 -0.00343041094305835 -0.0940385592798875
0.115813056652023 -0.0170928529623791 -0.0099666032277941 -0.020796241430578
0.108161247055022 -0.0173693505967712 0.0144747449361196 0.0493337927957787
0.133586833658922 -0.00517274226287672 0.015799280135631 0.122961279443367
0.149993478135115 0.0527647665611117 -0.0257270510933055 0.183922104773047
0.125584977172453 0.110437342933354 -0.13559012070249 0.178124660426128
0.0453658629920573 0.176639313886404 -0.184373057438599 0.0544420639008121
-0.055470220930241 0.206302052843566 -0.108721603825178 -0.0650735545893444
-0.117010593462324 0.177677431801958 0.0402798774169091 -0.0216113470021579
-0.133391322926284 0.0919997554786714 0.0474805318124115 -0.143928327009729
-0.125893550493268 0.151963035733217 0.165153637677288 -0.0517182336345947
-0.0568785939881836 0.177526484321831 0.194319980736492 -0.0936156152916596
0.057317489892683 0.155267992030055 0.14387538703115 -0.124770158829218
0.106423418742892 0.093829525623855 0.107521741514947 -0.121237874416317
0.116272954753174 0.0404539071242663 0.0736552170134329 -0.127025130358358
0.105472282646201 -0.00265419589013913 0.0411839671508965 -0.097053549662968
0.104371530109128 -0.00757187632602439 0.0307342343841987 -0.0262433351018368
0.0960178537316079 -0.00364822608097972 0.0531097549609712 0.0431712608312483
0.117059410548646 0.0134112040501373 0.0501325812200493 0.119479803936098
0.123908940234728 0.0651891853538834 0.00253631030161354 0.186806310268142
0.0986130711350354 0.117931826292729 -0.119941781925162 0.182150499148038
0.00682620397631828 0.174718365432668 -0.170399644549214 0.0478896240651406
-0.0941806752506542 0.174575380523101 -0.0852278442475869 -0.0866802092676113
-0.130334763211236 0.125213249966823 0.0868355750499444 -0.0607013043444339
-0.10710376797373 0.0436306588171396 0.0871326676190872 -0.187614510451375
-0.120635488807396 0.107375988299433 0.163307203807699 -0.0862391487726877
-0.0600874664094069 0.148621783055613 0.177720983983184 -0.0845708095971889
0.0454567316987727 0.128660093153188 0.140371898142714 -0.0872046456101941
0.0809864703117024 0.0732164494815391 0.137674035900694 -0.0920177223580104
0.0860835524304668 0.03598512727775 0.113535710347847 -0.118907077826036
0.080051558478877 0.00413480841015329 0.078752668656216 -0.0979608405402952
0.077820376439333 0.00338013675970059 0.0653192523181518 -0.0269657018587871
0.0711054116165047 0.00961650858259685 0.0843609035081579 0.0442973701843989
0.0852301600928138 0.0289065442469008 0.0726163643185722 0.122482523014726
0.0819338451080598 0.0674976615544168 0.0168114028017585 0.190256678889808
0.0583340276182796 0.110999081904324 -0.107167529278724 0.179135662382587
-0.0350198162103506 0.148828901828934 -0.147788570744217 0.0437694925754345
-0.120576213133162 0.117540773356187 -0.052159950285249 -0.0875516220505515
-0.123576334528802 0.0541808115746267 0.128334577812531 -0.073661712116851
-0.0675600192598413 -0.0168832784131023 0.104508258337092 -0.21160156753022
-0.0964690600231404 0.0446425524292989 0.144269151611566 -0.0999564322896717
-0.0524031066701833 0.0933595051909651 0.164655465933021 -0.0661547667316536
0.0241194458216336 0.0746295717168774 0.144902264309381 -0.0603310190980148
0.0366844256683998 0.0388173588779375 0.159308866335671 -0.0800798270619165
0.0379211301421255 0.029111333333201 0.135105614347649 -0.117714136160641
0.0413259568060931 0.012823348139453 0.100878473252722 -0.0962125641865898
0.0412242955285288 0.0136571644135544 0.0884244952632823 -0.0240769752635287
0.037820690838406 0.0182341290326565 0.10289914209538 0.0514435768357528
0.0458324573474641 0.0303652112422167 0.0822516170920771 0.1316628150738
0.0407543106213592 0.0513365437056133 0.0199625354868394 0.194304812215787
0.0257957349267889 0.0861220013217089 -0.0961214165893097 0.17497722196309
-0.0598374295757503 0.106827748158498 -0.123623745344195 0.0495969613485055
-0.118581416077901 0.0493645924286183 -0.0246816507169758 -0.0671210258329011
-0.0928165939772306 -0.0189477732150812 0.157554043720531 -0.0614950335091023
0.0658249719528856 0.0300105425697128 -0.0922035391077436 0.16210664214734
0.0690766709142934 -0.0598483087150448 0.0649424233314556 0.0602507984730092
-0.00614324637795503 -0.0760943871381367 0.0778776572046188 -0.120481539671702
-0.042146444203782 -0.0232545864044513 -0.020648434699351 -0.215497791563265
-0.021231722062756 -0.00114776097730584 -0.141627205926273 -0.175859367595916
-0.00996574921190298 -0.00771655839498171 -0.177197232314699 -0.0703053351533001
-0.00919279840301779 -0.0119037110912257 -0.138094783623287 0.0239149841476773
-0.00440401216464087 -0.0257149762407556 -0.0869251312544806 0.0932568694964312
-0.00706646075002462 -0.0248895494773581 -0.0339870386078575 0.145225333675117
-0.00546978935419965 -0.0268127628787696 -0.0364996011646535 0.185562505590192
0.00558569755006522 -0.0156677071438226 -0.0727645452352364 0.188358951876763
-0.00876296962593696 -0.0148881617964447 -0.104678344174715 0.160681409988302
0.0183338871653174 -0.0458278242678125 -0.117879815857422 0.140059384365042
0.0885620657261679 -0.0170805665014455 -0.0980631924917706 0.16117834808312
0.0717847638218336 0.0498159226427545 0.0288095129710915 0.2426548818022
0.0399670902818473 0.0967656528193079 -0.0994970734663343 0.136420003079942
0.0658176220772361 0.0186256777716219 0.0649112905502481 0.035281704523293
0.0162128333986485 -0.0196288322131883 0.0706694987748641 -0.137020143482532
-0.002257182312912 0.00433964650504662 -0.0220787020923005 -0.219228281859083
0.0244750530685472 0.00736784016933944 -0.1312743082786 -0.177123442612274
0.032179078099945 -0.0184786767606281 -0.166715836291174 -0.0821580574481835
0.0231899287370869 -0.0362862161626027 -0.136448487289553 0.00769828190636178
0.0283081383297316 -0.0564479993160117 -0.0853480480184733 0.0799364885602328
0.0263676577483804 -0.0579767631703855 -0.0240358644913753 0.131319857841919
0.0428558143805944 -0.0606698441695078 -0.0117062330382985 0.180322521526485
0.0757217079997171 -0.0293969789492619 -0.0400932473900977 0.202514032067085
0.0662035347603586 0.00849384041951773 -0.0920968187893551 0.187674980304138
0.0674972845958441 0.020537673450553 -0.125925991503625 0.142977885784435
0.102917709303609 0.0710336533823839 -0.10115146336252 0.123563760370615
0.0746761482386705 0.136086095411388 0.0266401644412819 0.187159096689394
0.00629705128347512 0.150439761802403 -0.0921009046618569 0.0880820189033767
0.0510065849316473 0.0993655109530907 0.0869299329664765 0.000483211948578373
0.0387841594363432 0.0512271436548313 0.0849825240919486 -0.162765627689035
0.0475442861984863 0.0363007109038122 -0.0141302008993372 -0.229640711763873
0.0741606913935907 0.0132852632206929 -0.112189632127785 -0.179179488674155
0.0739283086661564 -0.0283068746771812 -0.143987877996987 -0.0953587844472549
0.0539946205600664 -0.0563365535994411 -0.122451516547949 -0.0161396702798957
0.0567469425345704 -0.0791928276827692 -0.0721252368545693 0.0546616567415473
0.053090180407864 -0.0816463192929494 -0.00599254080070426 0.103958488950514
0.0783272148268441 -0.0877490322107412 0.0256788407095296 0.158368343934991
0.12774914628671 -0.0495259479460359 0.00888500206361439 0.202286530617566
0.130406686619403 0.0101463449948546 -0.0615292494211715 0.216847321767247
0.120040465274503 0.0680632935761555 -0.127746764639481 0.15653807622756
0.116572915920475 0.140977032190601 -0.113999638743639 0.0882959182624053
0.0702447865332759 0.199385252391955 0.0189573630817381 0.110674549241972
-0.025986695051798 0.182602943754822 -0.0741007923262887 0.0201440871259249
0.0322546862670787 0.167031267250436 0.110605384249022 -0.0427418346919255
0.0591872079709173 0.119920722409852 0.106046771712993 -0.185330405243692
0.0995237375913965 0.0670018505917874 0.00459415006697858 -0.234530966768718
0.119345191333078 0.0152480055952561 -0.0799433327771832 -0.179772082542655
0.108296040043017 -0.0379426795982022 -0.108448693026099 -0.112080326207618
0.0770035136085688 -0.070862519916621 -0.0968727496671453 -0.0461515376460439
0.0767305789960579 -0.0903652322588385 -0.0500078482372785 0.0225955287590335
0.0719831503825296 -0.0901750731435154 0.0187579761352836 0.0687785852417099
0.0999034589035086 -0.0993398565291748 0.0619136784567277 0.126191366244718
0.156620837085958 -0.0607560716033221 0.0593636014497249 0.188040300828756
0.16953570779283 0.006764754949102 -0.0250168414084061 0.233721368157021
0.154282410196374 0.100064140366455 -0.123991687053623 0.167559919197047
0.115403416622186 0.189041536577337 -0.132136802327554 0.0545622921893926
0.0519450059468763 0.232056134314732 0.012439431102111 0.0258648579248009
-0.0488719471098865 0.185716161644966 -0.0550066352301152 -0.0604100665469875
0.00962048401233858 0.20346636387462 0.119610435021519 -0.0929109687838425
0.0678458330714447 0.168051818887567 0.115894339388324 -0.197146203931084
0.13352315244985 0.0882718784170022 0.0282134309557904 -0.222814042787054
0.147067043324064 0.0151825126192598 -0.0343075978667892 -0.177281440891228
0.126454872787621 -0.0427830607487138 -0.0634813162646787 -0.13299417009361
0.0883230752749801 -0.0749184781868463 -0.0637711427875766 -0.0781963196555429
0.085985344846616 -0.087633190039236 -0.0209467060263796 -0.0110919340814925
0.0813987944916189 -0.0832903812884182 0.0456415269062555 0.0319985550750342
0.110697618902105 -0.0893727614020715 0.0939146514621991 0.0924140146012186
0.162747079279211 -0.0510875178726573 0.0989234442062402 0.167560854969228
0.179306819610246 0.0169416694958018 0.00356780876966246 0.236939647932994
0.155224063553944 0.128150529435751 -0.119411975984533 0.165672202397499
0.0873934527188626 0.21362274138332 -0.143042094124457 0.0185748343092144
0.0152636785846399 0.229503599138009 0.0138683788495138 -0.0538512847122472
-0.0629488244088542 0.156118876411117 -0.0425427216013763 -0.139570391588884
-0.0142408574726881 0.199862002462594 0.109051201215694 -0.139751872306332
0.0599647872461377 0.182542569876713 0.112076535125227 -0.19288671280845
0.1387136745304 0.0938893309371948 0.0497338163708386 -0.193938079941917
0.144587076863265 0.0142724712606851 0.0161118010109733 -0.17016397598906
0.121785105748729 -0.0377695697077141 -0.0178170103456077 -0.153000200430674
0.0854921288193403 -0.0669151695547194 -0.028443897170099 -0.108843505344509
0.0825961923800053 -0.0722921647069841 0.00972504903257362 -0.0413821728095366
0.080267226892062 -0.063682779844099 0.0744962847027167 0.00254760274965676
0.108056459037806 -0.0627624184566657 0.120601142099795 0.0671566023444443
0.148257071055683 -0.0236226998055674 0.124306447560073 0.151457161697936
0.160134341606064 0.0398440879793214 0.0196838740867282 0.230012008461178
0.120267910649963 0.15040066945175 -0.110772480661399 0.150732175998772
0.0331410039007847 0.211440524793658 -0.136099405900744 -0.0158265683580754
-0.0305027143129714 0.192592978789786 0.0299838712513384 -0.117076842375547
-0.0684449883674236 0.0998426124425028 -0.0400514588725302 -0.202140172713452
-0.0358016367659088 0.159811911640289 0.0849285894803932 -0.168246945348064
0.0408286053543221 0.160255523316148 0.102321424293679 -0.176151942053032
0.113704815720974 0.0779776194928798 0.0695844654415053 -0.161029801174799
0.110506839097512 0.0112287187550228 0.058754230612847 -0.164798424080557
0.0934474318675448 -0.0229418540897458 0.0200524223802423 -0.171188810370346
0.0684414192646716 -0.0456048741861253 0.00247692261116842 -0.132447570635974
0.0674960163973659 -0.046345591097381 0.0381994541532303 -0.063866484975883
0.0674959626405901 -0.0364995050226685 0.101070870912179 -0.0167664384929863
0.0907135206683361 -0.0300809675645492 0.140874457672523 0.0569840212825924
0.114488571894346 0.00553643628334931 0.137919285764405 0.145603510269768
0.120663735448899 0.0588244585448445 0.0283508958088453 0.218629856507462
0.0676331810914903 0.15553540438328 -0.0948321601542939 0.132056097486073
-0.0263986776644659 0.17938163373602 -0.107299306157083 -0.0399537265055662
-0.070755169428515 0.127762228939827 0.0602164498826329 -0.154059213075368
-0.0696977830447282 0.0246872897771746 -0.0456962615888873 -0.234679471987766
-0.0529965038652017 0.0940924732534159 0.0590230561501061 -0.170758500675343
0.015143044728241 0.109320424723322 0.101300921018309 -0.154658687863761
0.0642828642237701 0.0455950085625003 0.0880923906940824 -0.14174147075081
0.0530643248078165 0.00952256190927837 0.0824195750578467 -0.168111957978415
0.0490533266782816 0.000622826851659077 0.0364846351788211 -0.182657249193142
0.0414169692346786 -0.0137607049834631 0.0226121731987737 -0.144787123515167
0.0426911651794272 -0.0145578650837249 0.0591722386006689 -0.0757887357178743
0.044566906574388 -0.00853343249161263 0.121020232851814 -0.0229032297656697
0.0588994366028578 -0.00378473889495626 0.154572371332843 0.0588795354437531
0.0679945445191525 0.0191269375453565 0.142071890164801 0.148039735058783
0.0768948099374231 0.0581544685366387 0.0343040715404132 0.208147587569834
0.0189008851345854 0.13402728338048 -0.0704422076754879 0.121599219317549
-0.0691782327773309 0.12069257448862 -0.0680303434773763 -0.0413407995372099
-0.0917895017138602 0.0456065734420196 0.0950720411985844 -0.159249280513742
0.0714085388589532 0.0283628886542579 -0.0914410733304943 0.176247527955329
0.0687508761651089 -0.0672295913014589 0.0730347299151309 0.0599552674345222
-0.0107961996296046 -0.0787468282705042 0.0774576609274169 -0.132304411983951
-0.0455877833442178 -0.0212329955202849 -0.0313892602875993 -0.227950858464138
-0.022230958632321 -0.000274125881108263 -0.159074520099145 -0.181538342967479
-0.0108649251669772 -0.00787845051103101 -0.191672674312642 -0.0681805529286615
-0.00930967589167013 -0.0135094842792272 -0.145327801232685 0.0291107579295897
-0.00552064388143058 -0.0279759875218655 -0.0891356728749479 0.101234107676743
-0.00767150987425856 -0.027033878665794 -0.0296881560676578 0.152960337692708
-0.00632519903135216 -0.0270996905692011 -0.0294339878288236 0.197478828922433
0.00633576847796311 -0.0160183043669665 -0.0686092898368563 0.202677280329748
-0.0096176161914418 -0.0138979712626537 -0.104316127408037 0.174087607122492
0.0164340513549065 -0.0482289658090206 -0.122111158530664 0.154349413304605
0.0912802207894623 -0.0236433023085595 -0.101122586187782 0.176852018403476
0.0766391779889032 0.0489875535847198 0.0386295291891211 0.253271431209912
0.0453114088259014 0.0999609658342294 -0.100993652955947 0.149388090050684
0.0685080337721813 0.0156030163635902 0.072354914779182 0.0332997526574901
0.0139874126948077 -0.0201963238951293 0.0699163376202773 -0.148197513070559
-0.00278444569212168 0.00597001364776975 -0.0330228913606515 -0.230970723203447
0.0264627640991733 0.00696336087166574 -0.14727067654239 -0.18324763367612
0.0340133565583976 -0.0206802315261761 -0.18055171871767 -0.0814046818941273
0.0242135593958343 -0.0394537095140233 -0.144528988916144 0.0124118496714525
0.0276234991995852 -0.0613073735362839 -0.0867843534983417 0.0866108333582751
0.0261056682253584 -0.0625151733313511 -0.0193143386254642 0.137219135493231
0.0438204213409924 -0.0657578251672493 -0.00296643910020935 0.189576348979434
0.0801265614254414 -0.0335415476108973 -0.0329712878800975 0.21585270539311
0.071100124023543 0.00736439921927898 -0.0893406790756691 0.20239960536905
0.071482300682264 0.0207283397850416 -0.130683994639526 0.157611320053839
0.110877317268699 0.0691354969054399 -0.105718785741101 0.137127531340253
0.082064682848541 0.139671616408385 0.0342761359634019 0.194825134432897
0.0106357818118646 0.15833276529751 -0.094141954211142 0.0976704624079325
0.0567631313535551 0.10160066354219 0.0934262234480504 -0.00385832623294762
0.040419547333942 0.0530418711347644 0.0835036134430286 -0.175040427880168
0.050595239437678 0.0382948828074597 -0.0250548205110157 -0.242702443046967
0.0784605928776247 0.0122006349786161 -0.1273442784569 -0.185706049133664
0.0775214896400558 -0.0324693895753045 -0.157206361775623 -0.096443629501922
0.0562769983882383 -0.0620220025587064 -0.130544898233898 -0.0130431740364629
0.0565470044711301 -0.0864456679356615 -0.0743552010258047 0.0594074636528544
0.0538041678668019 -0.088150723968542 -0.000824228043121227 0.107876850637194
0.0800994230293792 -0.0955828910567263 0.0349037577598171 0.165077613694265
0.134139385850425 -0.0573116995213833 0.0202292949945845 0.213690702480527
0.138777235791039 0.00643050493504166 -0.0540305010233624 0.231758855869061
0.12891901585301 0.0686710181852909 -0.131047329298836 0.172571830404115
0.128272925506545 0.143253036419821 -0.120587177071781 0.100064167635563
0.0793209639624817 0.207168113472099 0.0237294385991607 0.115479389974266
-0.0224113199907115 0.194014677969163 -0.0774747373535234 0.025649823936479
0.039133446123182 0.173844067038354 0.117466228286908 -0.0504782168474033
0.0651664582955128 0.125499668156151 0.105400586023368 -0.19936366470839
0.106082732364735 0.0680952997473976 -0.00467192791942779 -0.248430204788931
0.126642928285339 0.0119048235452185 -0.0926268972548783 -0.188081261820244
0.113307309914895 -0.0444844572560931 -0.12082997418279 -0.115202604583858
0.080087436878239 -0.0768191432473652 -0.104823561523969 -0.0444325359422242
0.0780555299166715 -0.098031506284179 -0.0516177702213464 0.0248976093828397
0.0734184186244245 -0.0979565501834101 0.0237895609894028 0.0695914875144836
0.102706645565797 -0.108781832433194 0.0728414385239312 0.128533611275396
0.163747949547345 -0.0697564995047895 0.0732836776578139 0.196572557155003
0.179567829804631 0.00156191291538742 -0.0133282556234764 0.248528638935785
0.166739530122826 0.100509394535763 -0.126026708724787 0.184231982281114
0.129697630110337 0.19552968922032 -0.140262709797104 0.0645146842604502
0.0603879834253744 0.241792520211125 0.0135140029685757 0.0264400945806494
-0.0476251165419768 0.198606390139126 -0.0593312316499853 -0.0600152590481052
0.0172592943490941 0.214003925835632 0.12564784130668 -0.104058104513893
0.0771046917239496 0.175895757901279 0.116611170458442 -0.211708633743143
0.144048684706477 0.0894382831848655 0.0204738450126029 -0.236462644650302
0.155668264123851 0.0104769065797683 -0.04394604931628 -0.186501976295469
0.13243773250467 -0.0499366793548217 -0.074457864879003 -0.138445640857993
0.0915917924551387 -0.0818350271084107 -0.0715629483685812 -0.0793369807217681
0.0876667343128105 -0.095510841695251 -0.021945127900779 -0.0119490483445165
0.0838277370011831 -0.0909206626939521 0.0518161638405387 0.0301927106911468
0.113805472414924 -0.0982463418499427 0.10572631719071 0.091654171527561
0.169904992456365 -0.0601060751618233 0.114025662212568 0.172621792961264
0.189170763491793 0.0114562266976467 0.0167968936539465 0.250574129708129
0.168812391206347 0.129403284237714 -0.120194602327907 0.182358626505965
0.100617644909057 0.222284010499521 -0.153289644451215 0.0272984644384519
0.0223553940215748 0.240781393548942 0.0118430317198221 -0.057616662586359
-0.0635716725372926 0.168697777494168 -0.0487581832512954 -0.144289371696416
-0.00734137703750241 0.211748041262014 0.112524448107626 -0.153441159632542
0.0707842632050068 0.191295227407279 0.112495809111943 -0.207507761528791
0.150311652741787 0.0941309615777534 0.044767045459418 -0.206848405192134
0.153420979185589 0.00860469266385093 0.00952890571965129 -0.181236852296138
0.127715412800162 -0.0451314133780638 -0.0264076205390463 -0.161554095218946
0.0890187377221498 -0.0730708280214078 -0.0353508239651645 -0.112027507575735
0.0845398461326308 -0.0790043610963197 0.00971852719030931 -0.0449064487275067
0.0831751616621397 -0.0692164366733551 0.0808465561414502 -0.00163701934506515
0.111789728667144 -0.0699346625132595 0.132019090720757 0.0651064145628353
0.155589897510558 -0.0298505700657627 0.140060142434943 0.15499356770886
0.16921243846725 0.0358092885147838 0.0341734124574231 0.242484324631652
0.133434860922256 0.154328350232448 -0.111776893411614 0.166132026111332
0.0433301945757085 0.222328722022941 -0.146349124496523 -0.00959772840073283
-0.0271162278319678 0.204197232237799 0.0270932441320041 -0.124429422969797
-0.0708466456178365 0.108253630469563 -0.0481503854482467 -0.210515032336764
-0.0310847433525204 0.170803311184765 0.0867740407384249 -0.182453935279286
0.0503488241873357 0.168402627154137 0.103337594837097 -0.18946459605212
0.123529433214363 0.0774389982972903 0.0681873598655849 -0.172279474190386
0.117329877586482 0.00701232264043746 0.0549732351044815 -0.176830360213831
0.0987200990520919 -0.0285160351737316 0.0125646779409042 -0.181490401846627
0.0713802816345284 -0.0498676519469651 -0.00366581064051588 -0.138423787041351
0.069676274161129 -0.0511409191769132 0.0392497113667823 -0.0693177893492889
0.0703042506086857 -0.0404433229108731 0.108399772479409 -0.0222423479498231
0.0948835768283227 -0.035209753692468 0.153637800811426 0.0539398481470329
0.120088432129453 0.00215047138076065 0.154642903642734 0.149333867725386
0.128254295878059 0.0575604113858462 0.0423788365220514 0.230447804890897
0.0778560379768362 0.160630763811775 -0.0947988557766528 0.145215438655477
-0.0208701138902835 0.190311296085096 -0.116271142159366 -0.0360086351704899
-0.0722274651049836 0.137474922358369 0.0574432501163887 -0.163886836694548
-0.0741529945833209 0.0293101634382742 -0.0543005556832771 -0.244080296257977
-0.0513231518640026 0.101961303126207 0.0595905610206853 -0.184170750349971
0.0220795951446236 0.114371032901175 0.1024320582434 -0.167368507759394
0.0701507506868636 0.044653022191966 0.0882245961063657 -0.153057307048975
0.0558747907146476 0.00757169945713587 0.080573186910833 -0.181311079017697
0.0523333258615079 -0.00162307197780513 0.0288840276600504 -0.193863244143669
0.0431087801773382 -0.0153917252125815 0.0168964640899067 -0.152332869591292
0.0444245305440357 -0.0167036532616691 0.0611484751339608 -0.0819621946514311
0.0464886280311248 -0.00953275033738341 0.129402136514898 -0.0289166493262665
0.0612735210544632 -0.00614509871687729 0.167589811813028 0.055955521586971
0.0718398136603488 0.0181192276110751 0.158349686761883 0.151562208939831
0.0820341463915811 0.0570938734907475 0.0473943041738409 0.219449225586704
0.0263760064206637 0.1404382998856 -0.0703815008716042 0.131693502597119
-0.0681173315609903 0.129680145169272 -0.0741838808134381 -0.0399151660699433
-0.0965847814347578 0.0520726361105705 0.0939114286847481 -0.171693955667745
0.075297126701991 0.0244850373245374 -0.0838840548427446 0.1894848780547
0.0654560133180679 -0.0750529569850912 0.0818768586224684 0.0562986006003755
-0.0169016937483693 -0.0792640755779071 0.0718938105574068 -0.14392391547787
-0.0479736835803499 -0.017721514282564 -0.0479241008920584 -0.234494255930994
-0.0225132463695395 0.00126714036361201 -0.178347575446935 -0.178710597529465
-0.0115355206064455 -0.00845168246227565 -0.204512883420983 -0.0596684772298842
-0.00927677803193889 -0.0144175591384752 -0.149203496309655 0.0372695714303648
-0.00808827745592778 -0.0295918869321096 -0.0865001691538295 0.109794906625031
-0.0096344920367502 -0.028172594729045 -0.0209635066267047 0.158224120274154
-0.0070354923239501 -0.0270645279612342 -0.0167882861892547 0.205793346686005
0.00670644683567868 -0.0165847946973032 -0.0571942458632986 0.215786955361021
-0.0101320678200941 -0.0125353300943346 -0.0986721775332387 0.186813810320122
0.0134875610216548 -0.0502052444465202 -0.120858393638087 0.170239435875101
0.0918621121162247 -0.0327409703901509 -0.0970185665664738 0.19206868811962
0.0808319886924873 0.0451287675177731 0.0540287750432152 0.257087866504943
0.0522202158207366 0.100283572665917 -0.0955369857495399 0.162807511976219
0.0699477778850702 0.0103599027913615 0.0791673653457899 0.0285415284094562
0.0115492329930294 -0.0199026247463243 0.0634808868552871 -0.158750673679926
-0.00285497271155127 0.00822132895547718 -0.0493473991823045 -0.238184056447103
0.0285002231078361 0.00635354217950557 -0.165678809647295 -0.181386606316487
0.0342294156421639 -0.0235272844441197 -0.19454455184494 -0.0745582733135051
0.0236351448029685 -0.0432562669633404 -0.149845252572057 0.0204099843929996
0.0247879059053146 -0.0658607999144874 -0.084949152380682 0.0937904494352981
0.0241716521147737 -0.0669416955862225 -0.0107507888068089 0.14123637275561
0.0424625567356174 -0.0699962539364937 0.0103522631213765 0.194829169646299
0.0823252522008795 -0.0392274496479866 -0.0191599225471309 0.226337535026125
0.0750550111532846 0.00477354260986637 -0.0794812262764159 0.216237017025632
0.0751603983345217 0.0186733108408134 -0.129158336514849 0.174501703909222
0.117706805266422 0.0633471199375306 -0.103754105457053 0.151537307720226
0.090923345968378 0.138711613889006 0.0460310882547642 0.197740276566482
0.0189498088723455 0.16379399373378 -0.0916984888648054 0.108803161439218
0.0630294588094774 0.10024815565187 0.0982376542663753 -0.0116302647337212
0.0428219307621379 0.0537959373460301 0.0767171038927767 -0.186697121656498
0.0537398758783006 0.0380624702950245 -0.0416728387017759 -0.25009371068974
0.0819396830856906 0.00827507133319321 -0.144879455719431 -0.186121857689491
0.0789751421791616 -0.0382567507447726 -0.171097069545426 -0.0919255158639136
0.0554417201749413 -0.0673947407557829 -0.1369025826108 -0.00602017798838784
0.0540156013737477 -0.0931552697402456 -0.0736757122697178 0.064939200514521
0.0510316220024596 -0.0948539270569183 0.00722505041424643 0.109348067170328
0.0778051014057397 -0.103576868858136 0.0486374111383808 0.167092415817248
0.13675224304136 -0.0672533049866661 0.0371750748952953 0.220420512699316
0.144672155272816 -0.000102245205922289 -0.0394351679055122 0.243823598802975
0.137455078673282 0.064733102132001 -0.1283022232384 0.190429535342253
0.140977186364372 0.1403381368551 -0.121987503724294 0.114228221027975
0.0917233907741335 0.208812465597742 0.0314369617545646 0.116636683551424
-0.014225885893524 0.20265328421023 -0.0786337479922979 0.0324849722722831
0.0498456764003249 0.177445137853779 0.12063833482448 -0.061684751749634
0.0735989155253727 0.127452802256339 0.0984654051879917 -0.212782699746233
0.113583575009759 0.0653471946087777 -0.0213235382722888 -0.256796173565047
0.131747577074315 0.00499481235044412 -0.109242654692877 -0.190359647628543
0.115123610094364 -0.0526610177312653 -0.134316986059773 -0.11368281084562
0.0795766231183548 -0.0842703022340319 -0.112362729429783 -0.0391846550547008
0.0754337165101753 -0.106802530139958 -0.0519635892568403 0.0275059966816036
0.0706282829798237 -0.106028307668846 0.0306331917680364 0.0681009049148841
0.100566130576153 -0.117877826676629 0.0856518738768845 0.126349519074185
0.166432720852058 -0.0826165728323184 0.0909822756994172 0.198909516005089
0.186227977733438 -0.0085615530058652 0.00397409573820821 0.258365131930512
0.179323837823141 0.0956721275536137 -0.121225188842589 0.201646033024569
0.145900549175705 0.194163204625874 -0.143953801827384 0.0775180787247032
0.0736713185441733 0.24616972986189 0.0147059681896451 0.0264011969346617
-0.0401460457605326 0.209547694399949 -0.0652970116278739 -0.0578634719007203
0.0306243750558743 0.221032397072013 0.125919137360662 -0.117839730179977
0.0896755649907014 0.179543740405649 0.109542243869883 -0.226021257586238
0.154183253706304 0.0846118033637179 0.00592654146771435 -0.246246308184474
0.16165654121396 0.00123009683460703 -0.0587337517118798 -0.191809126992269
0.134439933758827 -0.059578949146213 -0.0872535364842757 -0.139882042052273
0.0910928026762653 -0.0892864486200891 -0.0797264430944532 -0.0760948001785989
0.0858062553156984 -0.104094202265409 -0.0237285309722642 -0.0116830493879327
0.0819473102238958 -0.0978221845675031 0.0575830605137098 0.0261819316823769
0.112990603079192 -0.108087250160956 0.116999280694121 0.0862366082107705
0.172968812730607 -0.072645353833433 0.132044647825891 0.171053271246642
0.195857784755665 0.000967891919030153 0.0363978020517923 0.258694708342205
0.182732662423763 0.124774132331554 -0.114592170369902 0.19857349499471
0.117595140285771 0.224216876809384 -0.159035009135647 0.0398980347547784
0.03371525958213 0.247751540314958 0.00804566308446965 -0.0599373558781102
-0.0583262166014211 0.179287412252961 -0.0578141962989074 -0.145725001056938
0.00512330276704845 0.220613457975392 0.110169947623723 -0.167840363515165
0.0849658853970681 0.19599424057769 0.105416961159803 -0.22114472646986
0.16120554338243 0.0888840594999666 0.0344851652808443 -0.216322423894701
0.159680576895962 -1.7505874554246E-05 -0.00171128045275025 -0.188093474885747
0.130316863603979 -0.0544246037680754 -0.0388346500666941 -0.165738464323195
0.088321440782842 -0.0804110405307172 -0.0442735306077653 -0.112532104292645
0.0834893057664643 -0.086592865244799 0.00849447814355224 -0.0474284872333329
0.082386762611478 -0.0757713452135103 0.0862406057147878 -0.00857653768985654
0.112083602183731 -0.0780899255373917 0.143476127572804 0.0575477624789076
0.158930145409951 -0.0401016002262634 0.158287019228758 0.151923990108091
0.175940960691084 0.027843994767207 0.0543898849142145 0.248508238044711
0.147552786884187 0.152037642979866 -0.10649524827152 0.181021113213862
0.0585267591193538 0.227215644389604 -0.154265681863203 0.000613416767105246
-0.0185641677204405 0.213275646170178 0.0198200155038637 -0.130068277744106
-0.0692472761543306 0.118537098417381 -0.0604251254431999 -0.213787529168894
-0.021803848569305 0.179990301141109 0.0815502666477075 -0.196350509484068
0.0641920681469029 0.1723181787792 0.09722386019953 -0.202458203030043
0.13291031112935 0.071977239004781 0.0607753005508377 -0.181982638570508
0.121673283665164 -0.000101974502638128 0.0470250239001488 -0.186724197003924
0.101026835958699 -0.0356782929024259 -0.000323313004243536 -0.188003384072861
0.0718511543221882 -0.055620780471998 -0.0125974338400048 -0.140855976899208
0.0690033636405704 -0.0567594499708785 0.0380512198935164 -0.0741851308613975
0.0707267497318991 -0.0448200522485845 0.113792740945775 -0.0305320305850785
0.0959376077641737 -0.0406880028508542 0.164868849394881 0.0449946088187749
0.124284154130619 -0.00427209327814776 0.172381895902075 0.145296519478743
0.134803176880403 0.0516513454344455 0.0613155262432286 0.235909972064101
0.0907071352932053 0.160972462356047 -0.0900511671943873 0.15789509845254
-0.00968747353226374 0.19879225882282 -0.12403129476471 -0.0286644142658427
-0.0686891759106069 0.147644890227296 0.0494068404903717 -0.172622892644801
-0.0772468519770409 0.0371415167947681 -0.0675301569695579 -0.248972700751103
-0.0461534774781609 0.109614580234214 0.0541388919681215 -0.196107331352628
0.0318706191902633 0.117452740330731 0.0975771160336715 -0.180635871453949
0.0755030855319536 0.0403835204376128 0.0841980699822185 -0.163465467309654
0.0576413715288345 0.00396721830500832 0.0713503810940992 -0.193506495389134
0.0548087410461786 -0.00498638355058154 0.017024890714456 -0.202066093537321
0.044589258976319 -0.0189889963896869 0.00811668015439863 -0.156592716276624
0.04453115526596 -0.019608921683221 0.0602048293609812 -0.0886739800330195
0.0478620672340961 -0.0123449401993203 0.134650296002054 -0.0388496294719701
0.0625619956769258 -0.00972692722917505 0.179403284896878 0.0477028285941876
0.0748462989537592 0.0151769031668673 0.175321039525884 0.148092893685767
0.086474575085101 0.0534984539208805 0.0648572188698604 0.224554356886539
0.0367287604245798 0.142846900588678 -0.0646361789085421 0.142594367612529
-0.0622430675812319 0.138578360391555 -0.0808047351302464 -0.0354660750284572
-0.0981270529473421 0.0613662016848244 0.086509993953001 -0.182936887169625
0.0775630965181761 0.0191131604117585 -0.0723610169404802 0.198757918126514
0.0589407519196253 -0.08059099087173 0.0882510883071447 0.0493441663675452
-0.0223748912099081 -0.0775226870125597 0.0633810436491066 -0.15070958653828
-0.048992389958383 -0.0139634130304151 -0.0635456996368177 -0.234296178607828
-0.0218926431175783 0.00314640766923732 -0.193836115115617 -0.170072775069209
-0.0121202496319718 -0.00788096599272595 -0.213241379652019 -0.0474859904756216
-0.0098298169283775 -0.015232700551585 -0.149823364002492 0.0453639993551835
-0.0103827822904029 -0.0302149712813936 -0.0815968348211511 0.115770141212803
-0.0106887033716525 -0.0288463096803092 -0.0116034487249335 0.159156021593227
-0.00760718843884086 -0.0270173168894277 -0.00371098023565102 0.208364516480685
0.00728411837733922 -0.0168362843754765 -0.0440436032034177 0.22149092568904
-0.0099613799413355 -0.0102742299957708 -0.0896793190298372 0.195120128613889
0.0103443886011623 -0.0504691126098846 -0.11511634172822 0.181685305155882
0.0880690334379749 -0.0410314486629587 -0.0886428421108462 0.202358748659563
0.0829892628864333 0.0404775493644855 0.0677796381393106 0.254005722571297
0.0577501200175554 0.0975474868996604 -0.0866134090307922 0.171545307292935
0.0694595600172352 0.00522401569538045 0.0832600231405362 0.0216662811318981
0.009786292862872 -0.0193135493261282 0.0549026327422252 -0.165219877354108
-0.0020903651254811 0.0103279977718307 -0.0657227234141055 -0.237370058920502
0.0290005618059036 0.0051436865254235 -0.180539483059006 -0.173470667145762
0.032888602803982 -0.026042017170935 -0.202904504637082 -0.0643882205120896
0.022137333456656 -0.0459240371479945 -0.150635464859908 0.0281280003238831
0.021094461278548 -0.0690379909583373 -0.0814314812171714 0.0995648830627674
0.0204999438344434 -0.0697347469173459 -0.0026520541404759 0.141321778609967
0.0398777886202826 -0.0730417677825936 0.0236410075598703 0.195540767213825
0.0829372869616015 -0.0447611930946326 -0.00288298415941887 0.229898958584733
0.0775473558650065 0.00140655899264776 -0.0670653355503163 0.223238948319919
0.0771398812582857 0.015687533939203 -0.122595841719882 0.187998755981116
0.120637247247614 0.055467962674503 -0.0983538043189975 0.162346883056087
0.0980751103567613 0.133842131084592 0.0567487419655674 0.195011497227982
0.0269698748658963 0.164171431548714 -0.0864219760060581 0.116091111589039
0.0677896969909725 0.0967457791561774 0.100809340511464 -0.0197891573635491
0.0455096016721062 0.0535304664969825 0.067762656549737 -0.193526641753469
0.0559751378805393 0.0368461670745037 -0.0583220303761276 -0.249890539341358
0.0835910604836757 0.00376498899485094 -0.159164112166543 -0.179037752358288
0.0778205035605829 -0.0437061191671604 -0.180484650853838 -0.0832341366107062
0.0532172370619124 -0.071717992433173 -0.139113391597627 0.00143550845041459
0.0492044731246679 -0.0980465226492072 -0.0712234878571334 0.0689520405401637
0.0471175753523668 -0.0988616216208751 0.0141452540624651 0.107150717428862
0.0739443799461814 -0.109107037604353 0.0606522324670512 0.163669883014689
0.136104660344335 -0.0766159820490314 0.0532736775711918 0.220040642690999
0.147453234960166 -0.00785860548788283 -0.0235198422141684 0.248395130178639
0.143334329483104 0.0591682463330666 -0.119578782086356 0.203304882015269
0.149760368659085 0.132830359773322 -0.118646306335513 0.12474239177024
0.102039759099863 0.204887601337703 0.0368155234170766 0.114498601412999
-0.00452753347048981 0.206754400067319 -0.0770111338006686 0.0390624541749645
0.0605331550861867 0.175029049001489 0.119622125466511 -0.0716222396084871
0.0809685399163967 0.125887489584617 0.0877349318475505 -0.220830834682302
0.117971420534098 0.0610380832023906 -0.0375577688052751 -0.258230439507685
0.133543727193811 -0.00212179589905149 -0.122839030614372 -0.185764170029511
0.11356934762444 -0.0603423924313403 -0.144757692895474 -0.107182751422874
0.0768902889795221 -0.0893501269320072 -0.116875602731502 -0.032298387786983
0.0698431381204032 -0.112695333903072 -0.0510310201857382 0.0300787278019079
0.0665920177343172 -0.110269220062112 0.0356211299877156 0.0637899342984161
0.0958555839296267 -0.124864119744158 0.0957232900835906 0.119988241972845
0.164165148565426 -0.0930738299298361 0.10720453015415 0.193766893219983
0.187508564841126 -0.018499402155877 0.0226952338332359 0.260458884191685
0.18742533197581 0.0875745854433719 -0.111150912091313 0.215086663986922
0.158330285042498 0.187249845822205 -0.143278267222578 0.0898991953762535
0.0860193379273478 0.243567680510148 0.0152782651178914 0.024988605748771
-0.0301219157588955 0.215845445977981 -0.0680576214392239 -0.0534880183588264
0.0434062709356927 0.220964103587221 0.121680898342489 -0.128233218077329
0.10083722485779 0.177925163565552 0.0992004368606296 -0.234739359901604
0.160638303908161 0.0770903352517046 -0.00900548711163842 -0.248172049601916
0.163725785141502 -0.00814912396950154 -0.0708281584576592 -0.189956965101373
0.133044234797587 -0.0689136583052948 -0.0989913029847862 -0.136158608420984
0.0885922882870771 -0.0953522300191019 -0.085513841727084 -0.0715180198750569
0.0807656495487706 -0.110226211691924 -0.0237310169526924 -0.0116372107812999
0.0783315455914597 -0.103030160891708 0.0610077752691939 0.0195997885979695
0.108373096089811 -0.115234693432739 0.12560418373711 0.0777702488295283
0.171091902734116 -0.0833633861989005 0.147824151563872 0.164146978929205
0.197246138853023 -0.00999201477267312 0.0567316553853023 0.258095379505479
0.192884922112285 0.115862552832266 -0.104698494103148 0.210847197089471
0.132333417697966 0.219083998163469 -0.160406587861659 0.0525373653051028
0.0463294616493038 0.24786017075308 0.00414502108006168 -0.0614870325052331
-0.0507650713958084 0.186551296648935 -0.0659373773227292 -0.142594546432828
0.0187495317930015 0.222250379171166 0.102784933650253 -0.177914172010816
0.0984037244789646 0.193990450493 0.0955114354546135 -0.229676661448259
0.168067608429656 0.0799662011091389 0.0220115955372137 -0.219922965793136
0.160666079941545 -0.0098329077007955 -0.0132848493844895 -0.190265086853786
0.128717670011403 -0.0634684369895786 -0.0513809343048186 -0.164901279084555
0.0860034045893019 -0.085983907179391 -0.051841849145402 -0.108887221938656
0.0792367552736076 -0.0925303975050742 0.00660085283526112 -0.0489420605790576
0.0803759800766442 -0.0800562010546282 0.0885388448412875 -0.0167676875523685
0.109405283829258 -0.0854739756752215 0.150265221827911 0.0476463637567055
0.158035907193814 -0.0493703504540864 0.172317749869283 0.14327243178462
0.177960821802494 0.018093157723262 0.0742630930801593 0.24733489568501
0.158831656204872 0.14467033838281 -0.0971211873721487 0.191525660571898
0.0726498117185636 0.225980193167796 -0.15765999961995 0.0128355684584471
-0.00906300594742316 0.217012386433673 0.0116975026411356 -0.132739505298578
-0.0653831315510488 0.125394260318847 -0.0706250919730792 -0.211647350052409
-0.0103367404398985 0.183441003933841 0.0724915318054198 -0.205014111862227
0.0760123797154334 0.170793445381865 0.0886800208333598 -0.210513894606776
0.13846947870204 0.0645444976949424 0.0521858175455004 -0.185625664656796
0.122668880982153 -0.00814071254342052 0.035925207781541 -0.191532865747247
0.100155009602217 -0.0424505877021805 -0.0132202754992667 -0.189858177111278
0.0700967477144787 -0.0598572327510987 -0.0212682479474667 -0.139708829841837
0.0662832283819995 -0.0613420467788304 0.0351700711322387 -0.0775626702885072
0.070260360266464 -0.0485187255907453 0.114964259980268 -0.040237775385674
0.0947870903354399 -0.0465398212587793 0.170924865053556 0.0348045013763197
0.124680983536674 -0.0113088439908572 0.186098498539831 0.136663311466019
0.137038761100619 0.0442400933525981 0.0803601529035321 0.234428920183051
0.101507999732494 0.156591718302532 -0.0816711057937774 0.166688594781603
0.00189236039367484 0.200859217617972 -0.128308242504994 -0.0197883364379694
-0.0629788818980317 0.153544306564135 0.0390534365350895 -0.176821959256019
-0.0772923069697505 0.0435594474648465 -0.0799150652924876 -0.246516856985378
-0.0395498747966726 0.113988786123929 0.0455232204235306 -0.20296054852481
0.041073245580873 0.115366033720588 0.0895983597516717 -0.18855028276502
0.0787439003043036 0.0344409522570678 0.0774118948504657 -0.169769222290926
0.0573649753384661 -0.000173290072152562 0.0609871649852374 -0.200032011759174
0.0552194062192014 -0.00862130890424747 0.00362974053291274 -0.203409529152331
0.0441366322759746 -0.0207560464358905 -0.00175982570086497 -0.156865944683866
0.0441165221026791 -0.0224157368826044 0.0571775682181976 -0.0932672267692724
0.0481860627418696 -0.0146975670614971 0.136278677724983 -0.0482089709288588
0.0624399912434327 -0.0130083173431972 0.186232373814604 0.0370272041236814
0.0755312150743849 0.0115088754366111 0.188447176918904 0.139920205464414
0.088801497906926 0.0484477224027775 0.0820705774700022 0.222526128465145
0.0469666333885279 0.140744195437125 -0.0567570513143015 0.149289344815294
-0.0542832823376898 0.14435958952142 -0.0850437332616079 -0.0291729361056131
-0.0973181634714312 0.0680898381062292 0.0758204790151424 -0.189618713691902
0.0775304334597532 0.0150148696578208 -0.0629045452228076 0.201235410967179
0.0527476185291207 -0.0828668353544943 0.0909881664774401 0.0425085752262682
-0.0255532108932053 -0.0745638901443549 0.0565178263412834 -0.153431930046788
-0.0480595510105295 -0.0105797047674061 -0.0736151480732193 -0.229852978300865
-0.0208887385874033 0.00415573103910046 -0.201798729550056 -0.159957627700815
-0.0123506259386227 -0.00751873264059734 -0.216796354562786 -0.0385660451545866
-0.0101995546202958 -0.0163221985262415 -0.148428865812594 0.0495366493912215
-0.0119137137552101 -0.0305221073003646 -0.0772337207369109 0.117734915731074
-0.0115647976858471 -0.0289741617271634 -0.0057473851506051 0.157440262044841
-0.00741601799349484 -0.0264275456742081 0.00617125542778783 0.206493880453606
0.00830678446148037 -0.017125373875958 -0.0329814232623885 0.223580073409496
-0.00940866312515828 -0.00846265573336185 -0.0817213674021002 0.198979691911912
0.00755700849779657 -0.0492876255669498 -0.108296325366452 0.189138105571573
0.0834015110426031 -0.0459705939960554 -0.0812903315984908 0.20744857701744
0.0828303162160729 0.0361992838531047 0.0749123434908899 0.246840844302352
0.0606813689294664 0.0947689933486426 -0.0776956023219225 0.174914714656471
0.0670430577319813 0.00144925296490553 0.0847231380128975 0.0159094567262936
0.00788796415864875 -0.0175846793996901 0.0482054758254518 -0.166907015621993
-0.00168886896194079 0.011807307012921 -0.07519384840709 -0.233068561508502
0.0298125405486086 0.00444109456827757 -0.188612821767706 -0.165004766178283
0.0322786762468719 -0.0275114918498934 -0.207174457592859 -0.0550104161793295
0.0211239195267179 -0.0479790823810382 -0.149987117138903 0.0326688974952464
0.0176517082087125 -0.0703156101023903 -0.0773296619534476 0.101818169902113
0.0186142264898514 -0.0706003896567655 0.00254251654068549 0.138242664645755
0.0379085934808547 -0.0740054432291547 0.0330729099447565 0.192167273842671
0.0824337917720723 -0.0486117561420001 0.00847924863180082 0.228409201077506
0.0784524939310846 -0.00019843454560798 -0.0575482268366011 0.225270625736743
0.0773871263094987 0.0142224381448465 -0.115660002961626 0.195848501556352
0.120209807688839 0.0488329114760923 -0.092582278830167 0.167881152649879
0.100278329612928 0.129135451181065 0.0618576271014836 0.189058252093934
0.0326184583841551 0.162761909811383 -0.0808018247745667 0.120373903284998
0.0700582673907141 0.092064784172846 0.0997323335228328 -0.0262893283507335
0.046290362893554 0.0533117746284371 0.0595610855778132 -0.195925565012409
0.0569100423488061 0.0360556191876542 -0.0682288396882095 -0.245262129633259
0.0839697508753429 0.00109794576150985 -0.166726187296202 -0.171211379463283
0.0757000975878314 -0.0462578007351179 -0.185026485304379 -0.0758477704132272
0.0513933369236213 -0.0740629994566709 -0.139311931260259 0.0063667040502913
0.0446615143271957 -0.0997997666044613 -0.0682460187943971 0.0712685749087617
0.0435127222783327 -0.0998594295366075 0.0183606859939548 0.103102240612578
0.0702803866122087 -0.111582243669922 0.0688738397221046 0.15789789560598
0.133194049352336 -0.0824129451168685 0.0646714020658669 0.215987386872078
0.147637473731648 -0.0125040202156277 -0.0120199463344799 0.248293075859643
0.145044973680855 0.0547004193447797 -0.111752718724069 0.211066253862111
0.153114610951001 0.12486615522298 -0.114442218185654 0.131587449943028
0.106932710668637 0.199151842331656 0.0392378519449021 0.111415002816544
0.00264147793014519 0.206631200866259 -0.0750583640831868 0.043011497101293
0.0656312620341789 0.170715606427704 0.116587653585394 -0.0779931976878803
0.0852367243499809 0.124078090674805 0.0795242316071492 -0.223621124967092
0.118937500510783 0.0572652469362851 -0.0487564059715376 -0.253707986172284
0.133073682432422 -0.00703145065556813 -0.130350663681445 -0.179058006121211
0.111089651924475 -0.0647196257158066 -0.150755738308838 -0.100101234166511
0.0744398397711117 -0.0921395959304987 -0.117917593057996 -0.0267698280370854
0.0651431283985355 -0.114886276622911 -0.0499349192402011 0.0317860348029487
0.0630755829701893 -0.112317266411877 0.0384098458798225 0.0586721432833758
0.091336851074288 -0.127851921377269 0.101687143357306 0.112621588612291
0.160907446008962 -0.100554816906015 0.118139080815397 0.186897330016675
0.186439151109189 -0.0254758894781157 0.0354539246325208 0.256807739058758
0.190170078874033 0.0798494000057383 -0.102399025511952 0.221672360218954
0.164977442290776 0.178991214507523 -0.14084579816596 0.0977223023005222
0.0923265741319297 0.239142111133731 0.0144887387818157 0.0232508220024537
-0.0232258793511786 0.217223106437615 -0.069184137449601 -0.0491368723725629
0.0519559210064451 0.217270884865789 0.116866427724341 -0.134660121202588
0.107941469482856 0.173766686313568 0.0903139562988887 -0.237882356984009
0.162691304841343 0.071219490089974 -0.0190060124706983 -0.245385269483188
0.162496074236752 -0.0145757575874205 -0.0790281067417109 -0.185263266907358
0.129511616494971 -0.0745990217620683 -0.105891083634642 -0.130972810613147
0.0862215926567867 -0.0983865703646815 -0.0883685466811558 -0.0659180589327351
0.0762979197236286 -0.113084583956741 -0.0240814398383781 -0.0107093353745351
0.0753592762800921 -0.10502758311477 0.0619458006903104 0.0140787658835822
0.103969866083075 -0.11818548464632 0.129471375072973 0.0693557663176223
0.167416010715384 -0.089986887203895 0.156853522378027 0.155234472444633
0.195406665029289 -0.0164242992924728 0.0704858568444043 0.253164221638375
0.196886415519507 0.107625570173166 -0.0953615654795782 0.216879944783206
0.139997889809926 0.212033059230209 -0.159242259524084 0.0609023884506461
0.0522116866946467 0.245048000300056 -9.70444617274613E-05 -0.061542225577598
-0.0447276232945381 0.190147470343572 -0.069523709425427 -0.13776319636548
0.0277835511783954 0.220603484155123 0.0963114111501666 -0.182819310221115
0.106830429284858 0.189773881853785 0.0875970734319798 -0.232588740961897
0.170540498434574 0.0730774972199127 0.013409187272244 -0.218253641549682
0.158974580209353 -0.0166738765047984 -0.0204733181908439 -0.188175477108455
0.125728663084869 -0.0690617707267112 -0.0593892982563626 -0.16184917775915
0.083686109783002 -0.0889872156737921 -0.0553786591222258 -0.104626846997805
0.075265886054229 -0.0948937958218158 0.0051818248243767 -0.0498945671863772
0.0783601737732457 -0.0821969300370124 0.0882612653686634 -0.0232352659984215
0.1056813450375 -0.088500789534777 0.152886783661413 0.0387673276678946
0.155563205487391 -0.0556955028467723 0.181083230249981 0.13407968651153
0.176293925108031 0.0118276294730898 0.0867269692508402 0.242045185893775
0.163703139340103 0.136586175303049 -0.0885369000924088 0.197744053826286
0.0814702357528359 0.221517022657678 -0.157726824146806 0.0210342304182801
-0.00309220401896165 0.216046531884029 0.00549269804536675 -0.131569975064294
-0.0610656942957389 0.129538804041715 -0.076927600406631 -0.206630111234889
-0.00213330902500093 0.183112815791048 0.0651485150081982 -0.208054182748567
0.0845383540616222 0.166765995541313 0.0817011018105838 -0.214108073516719
0.140420496062884 0.0573951408783017 0.0458274699295163 -0.1861745043724
0.121410645005292 -0.0135763319919204 0.0288749014820128 -0.192445234000656
0.098527904627061 -0.0473327265150427 -0.0227687869814922 -0.187600320228284
0.0685727215042572 -0.0622041407884892 -0.0265001300753819 -0.135573369424799
0.0631403704305759 -0.0635778946669262 0.0328180490155385 -0.0790238425820124
0.0687864905941872 -0.050445977948948 0.114044143296987 -0.0466214019463916
0.0920773154603473 -0.0498809060326521 0.173500575633458 0.0262267132097285
0.123510116838862 -0.0160272911745694 0.193981536130272 0.128285983577709
0.136726060338247 0.0388574698979722 0.091988121263851 0.228920867660894
0.107657953754674 0.150689447303909 -0.0744074135867955 0.170864273107114
0.0102149371082697 0.200046569597342 -0.130092772424931 -0.012060596162076
-0.0582507974721538 0.155871166069678 0.0309182572699604 -0.176701721777181
-0.0757179282915609 0.0482301916319103 -0.0862167444798492 -0.241514354017452
-0.0337075052437352 0.114912297160686 0.0381933865856281 -0.204836652703908
0.0473541040812395 0.111847393169216 0.083183564110324 -0.192536670173375
0.0787252182761497 0.0297760689397686 0.0715924548853925 -0.171289205433113
0.0560005866233179 -0.00328938503894712 0.0525894576988395 -0.202093607957999
0.054642781969245 -0.0119172435626426 -0.00598083131070487 -0.20193675158902
0.0440948508839804 -0.0224931385499876 -0.00751839737263654 -0.153755409941056
0.0418399070617463 -0.0236866996715433 0.0541506596429044 -0.0952900244511507
0.0476834090818025 -0.0153875173692016 0.135036207100278 -0.0553192880153218
0.061118842822445 -0.0146163137622913 0.188446499942181 0.029086689929118
0.0752755077640916 0.00825971077281721 0.197190074143455 0.131576671541703
0.0884585179209536 0.0449611087842178 0.092902332954299 0.217624339950557
0.0529412490032815 0.136672564725388 -0.0502272425731335 0.152063010483
-0.0477038661374767 0.145671329734864 -0.0869367844193717 -0.0234508804931748
-0.0944910441898635 0.073266664787276 0.0668133493904049 -0.19081928160298
0.0650019307676948 0.0485542960918423 -0.139790994469437 0.150064110878225
0.0816322664394235 -0.0522794841107553 0.0627411995920154 0.0709567386126829
0.00811414937901402 -0.0778252376626356 0.111502067999068 -0.117586681451522
-0.0384794413932829 -0.027684458020128 0.0250417443857774 -0.241317824205543
-0.0182580010846418 -0.00204101366785612 -0.119232364906926 -0.230072157049274
-0.00640851858865331 -0.0119980077050272 -0.183220978781443 -0.125296572368455
-0.00211418780996227 -0.0204325742049133 -0.158030428423927 -0.0184969989519764
0.000800537665243958 -0.0337376321572267 -0.11931762318458 0.0752789071090528
0.0019568343657733 -0.0312942041811242 -0.0689078136430681 0.13860441807978
0.00618858202802413 -0.0265922229145032 -0.0770025436671212 0.191348081556576
0.0178329346509408 -0.01078435922354 -0.120388964484696 0.188237979084929
-0.00294454335298371 -0.00772024202814168 -0.158581229634571 0.146817130047982
0.0263901052320818 -0.0392281727259057 -0.177525465575814 0.129157142523203
0.0924923129746012 -0.0102808476448268 -0.156142362736 0.162027748250059
0.0644639609656526 0.0669713406338312 -0.038204916343406 0.257297899811476
0.0122322547163159 0.114939434374256 -0.134188097641278 0.120066586522119
0.0575483380626186 0.0292427794803088 0.073206357165471 0.0435856442558904
0.0134091120686995 -0.0123488133108741 0.113986817414469 -0.134732440765983
-0.00711369768703054 0.0126186605365628 0.0270661512018877 -0.246050142526405
0.0271961602660831 0.0195267496398226 -0.103621167066918 -0.231082563168567
0.0414458584720466 -0.0108365046722119 -0.167347930418007 -0.138746699817473
0.0398193671970287 -0.0353184690557665 -0.151722233027802 -0.034887844580699
0.0447059092267903 -0.0575963299996461 -0.112933794787221 0.0598010391807761
0.046718023139818 -0.0568158965926075 -0.0526528147697824 0.124914732033433
0.0665495955181569 -0.0519289776609668 -0.0456820658844198 0.189271505548252
0.0981325330873495 -0.0114176109380273 -0.0838606233351558 0.210583590633113
0.0754214345301718 0.034345141247719 -0.145392776192689 0.182822808325986
0.0677317634432987 0.0480598649772591 -0.186790531907832 0.134065308737832
0.0910828341278666 0.0915789111626654 -0.154903120896468 0.124323481961051
0.0454438307295942 0.159593816651774 -0.031045428012874 0.198455666132636
-0.0452699245338026 0.166036025074279 -0.106166240621786 0.0709752491952773
0.020583735100603 0.11206369217916 0.109321905367408 0.0124902427658445
0.0180322372920601 0.0686495684818907 0.141884828084263 -0.157245267245121
0.0337603009362334 0.0589231403520562 0.0411851922117726 -0.257728280837704
0.0760409446138866 0.0394364858708021 -0.080292610590545 -0.230544818784473
0.088498345178164 -0.0101291881297127 -0.138399693719143 -0.150001966087321
0.0782736630798238 -0.0458149102541377 -0.130848392332578 -0.0545742353916569
0.081741001600138 -0.0738836416997384 -0.092014236127956 0.0360991409002542
0.0823394912102707 -0.0737550638173957 -0.0232833520441232 0.0992405844253953
0.110575933791413 -0.074174117645828 0.0022300115587862 0.17249518078598
0.158855530272109 -0.0235525544198723 -0.0255829865906541 0.221018761463903
0.143735354994296 0.0499269677829966 -0.111214638222719 0.222496416288693
0.116494824654779 0.111071049930926 -0.190012241069547 0.151646950157466
0.093246763192824 0.174389587401118 -0.164331964118505 0.0850867522918285
0.0244198379989139 0.226417822300724 -0.0228950863131108 0.117031318004543
-0.0938499421809695 0.194020153517783 -0.0629597182848465 0.00485573711201646
-0.0168405310025885 0.18125938993198 0.150942223241265 -0.0269303143699354
0.0234138866423173 0.149076076531878 0.177385419830999 -0.176750956662192
0.0797581487744265 0.104384693373543 0.0652199829423614 -0.260483854011211
0.123279744286944 0.0526411366759595 -0.0428474867933564 -0.22523643626325
0.127107319522296 -0.0110096700457691 -0.0963970149207565 -0.16066887885887
0.106439239754313 -0.0522252006118255 -0.0968766401058081 -0.0756290393662011
0.106496210917702 -0.0791160852933587 -0.0589372520810828 0.007628285720167
0.104996285767552 -0.0766015900621305 0.0136339409830281 0.0673198210299172
0.135767271622823 -0.0808820020888045 0.05127337069259 0.144609895141331
0.190605886258133 -0.0301071634237671 0.0342724573511833 0.217441363334251
0.184464185990865 0.0538200606581796 -0.069746001239499 0.251375446782185
0.149420744413476 0.152581056236392 -0.184920838487513 0.16605296416775
0.0835472330009314 0.228659406505659 -0.1770945502987 0.0450130178961526
-0.00488140012939355 0.257200919282686 -0.0112763417960176 0.0255657866009599
-0.123464337210862 0.192064318490197 -0.018249501080811 -0.0743253385779109
-0.0491639574988654 0.217706193631183 0.176633621864339 -0.0772506210298713
0.0231132532674093 0.2051557530866 0.196956128802326 -0.186083962359933
0.113164693693466 0.134863118906728 0.0907622540936891 -0.241990705423691
0.152056059941829 0.0580597641706279 0.00750445048609258 -0.210489555179628
0.148712217908305 -0.0118080544597169 -0.0424594559581366 -0.169661528038578
0.119786864392581 -0.0528712618657881 -0.0528676621986324 -0.0986301923599469
0.116016430532616 -0.0725128679020996 -0.0175390089282056 -0.0206108502852005
0.113631235587038 -0.0651157164533692 0.0538217019824438 0.0364681325601082
0.143152961475483 -0.0679393045969411 0.0942105022190953 0.116328797119535
0.192402019452465 -0.018175277645943 0.082800100853416 0.205160827665588
0.188779193097697 0.0638827604179486 -0.036371180992359 0.261737234133909
0.145004970828978 0.179750480575036 -0.177138894962103 0.164858098438099
0.0479924291792057 0.250070222567451 -0.180752742365756 0.00293373811149037
-0.0448055457803216 0.246711501863419 0.011135352173736 -0.0592304590620011
-0.130353099974749 0.157653397681578 0.0171236619259657 -0.152645839651283
-0.0726886750347625 0.210592362799932 0.177723354773539 -0.128627769363492
0.0155820985814643 0.218752055069854 0.193646201701718 -0.182524026434991
0.119757270380154 0.139304738305014 0.110797555875933 -0.203340592293679
0.149456112947916 0.0543190986354193 0.0620323451554142 -0.18865020694432
0.142214142555233 -0.00911106286959662 0.0121848167430554 -0.177484604365549
0.113632502082758 -0.0451886414777827 -0.00686956554112452 -0.119087871256871
0.108226019471554 -0.0561881052331976 0.0253225222385498 -0.0434151321652318
0.1063929326314 -0.0431288128181207 0.0930251345051901 0.0134374527184704
0.132483548965897 -0.0398651555371219 0.128030867925606 0.0990433079694726
0.167802112995804 0.00892484291748693 0.11315141012664 0.19577465559533
0.159568532271603 0.0818866072122164 -0.01655361739025 0.258829761291425
0.102530497456967 0.193567151727143 -0.163062088861705 0.148812556157974
-0.00940773556260181 0.235687543291585 -0.164236967750196 -0.0355457248195937
-0.0864551390167755 0.198898516679013 0.0475939545304378 -0.123231727636059
-0.118246241261786 0.0942484482348046 0.0332586756201949 -0.215240204508225
-0.0823507467770379 0.164192271025011 0.158589068163639 -0.162928043951659
0.00652927293512374 0.186990117955257 0.178383889289647 -0.16651160824233
0.0996514560176496 0.111263722374079 0.12811211347664 -0.15979751838813
0.112934522321293 0.0404088192892677 0.108586350997064 -0.170122295863725
0.108068247238607 -0.00147064048358304 0.0571415170556391 -0.183855636325517
0.0886977397315468 -0.0273909277859099 0.0329020412076584 -0.13461256250281
0.0839656808085197 -0.0325020315032341 0.0637411420105757 -0.0591053670633518
0.0842412733649189 -0.0179856504703312 0.125629008611852 0.00317700452710703
0.104583275063868 -0.00978133815450764 0.150991832728849 0.0966208058011992
0.121622908843179 0.0323272450585472 0.126931161417146 0.19576544416157
0.111376558306946 0.0899672186690017 -0.00770327821314792 0.249100330269817
0.0457246844313808 0.183958149002507 -0.140431970168111 0.129503143624584
-0.067020168301946 0.189162036563285 -0.125946520821471 -0.0587128509083224
-0.114757420643531 0.12180585002852 0.0940169620369349 -0.154983466391973
-0.0935669941370825 0.0118013370011943 0.0306977992221272 -0.247447168730839
-0.0806877195298953 0.0892017369671752 0.129445384369724 -0.169325485447299
-0.00343747906611178 0.120213753993602 0.16759878589219 -0.143950892191659
0.0565069961695943 0.0594951823426301 0.142685763720028 -0.132874476891437
0.0496805093173714 0.0223631041508195 0.134142432220853 -0.166510761913688
0.0539781344740723 0.0120774262442885 0.0774577992025895 -0.187600500782913
0.0498642182534946 -0.00160613847914304 0.057509103829609 -0.142677825292721
0.0474798417281595 -0.00453235290133788 0.0900481315046515 -0.064629460251277
0.0509821882051174 0.00447709367490339 0.1477176593077 0.00446616256743539
0.0616856076987421 0.00918722358249086 0.163282446649297 0.105851901861213
0.0678620708027658 0.0358004310277947 0.12715569611027 0.201358478865166
0.0656395018109285 0.075544191680692 -0.00350555968600653 0.238815945908052
-2.58208710813938E-05 0.149065528384871 -0.111214099578829 0.120561653305277
-0.10017758302935 0.11761024948812 -0.0790495897933365 -0.0552343586804371
-0.116696600438701 0.0307286251652787 0.137883635573468 -0.153126492431583
0.0666890658967385 0.0478550232086008 -0.139236280166591 0.155277965992861
0.0805755141747869 -0.0555293363482158 0.0657525213373346 0.0690568753777496
0.00657481004367742 -0.0787204553183449 0.111913670160963 -0.122717942676368
-0.0390518595024238 -0.0260222802068786 0.0226655777271961 -0.24627456828805
-0.0177666572573592 -0.00163382417464658 -0.126629429867667 -0.23218621664309
-0.00643003264204462 -0.012326280646567 -0.191491624180384 -0.123783493620178
-0.00224448008249431 -0.0222218331959487 -0.162210042108164 -0.0183621676566993
-0.00026005003822864 -0.0355404675733082 -0.121464522653605 0.0784043993426262
0.00175198572732668 -0.0328223399735926 -0.0687693286116733 0.14089266681575
0.00727100533665229 -0.0268494801587924 -0.0744009433213498 0.196163200338626
0.0189007116992301 -0.011265732908038 -0.118999760516308 0.194643330071755
-0.00233997833524094 -0.00617388986723162 -0.160757608555332 0.151982486063222
0.0253706143923628 -0.0396153206169874 -0.181806633777629 0.137141456949963
0.0914230189572415 -0.0134008868133024 -0.158526091061086 0.168645788613565
0.0650918560573086 0.0671612066289194 -0.0379903412855887 0.258973330753677
0.0137846923994512 0.116316449754589 -0.134361966338662 0.124962560569819
0.0573720174371442 0.027658188380287 0.0755969079283471 0.0410846187743375
0.0129457496393946 -0.0117508474810174 0.114736306634308 -0.139152866322617
-0.0076093730104691 0.0139562293019499 0.0243980892943027 -0.250813319963354
0.0282690123688625 0.0199830234243026 -0.110129067525599 -0.233961037162334
0.0426707515381459 -0.0116003644061586 -0.175172284150218 -0.138486107134425
0.0406646184495179 -0.0377973260401667 -0.155650254259136 -0.0348516921146405
0.0445813669171621 -0.0600515045063083 -0.115115855554973 0.0617209251230577
0.0474760246735336 -0.0591496021670424 -0.0522417715118829 0.125774090346492
0.068485509435711 -0.0542479517526869 -0.0417611922776239 0.192363137312641
0.101525886401393 -0.0138894592235054 -0.0806853750633045 0.216103724431258
0.077976940578323 0.0353445031463493 -0.145689663769328 0.188520498153942
0.0691934254776439 0.048918527552743 -0.190933802830058 0.142256902772697
0.0919317649580701 0.0907629055879079 -0.158302647104269 0.130012931517341
0.0457436780946263 0.161312947240507 -0.0307052658799918 0.200146481071387
-0.0445369918873906 0.170166561552239 -0.106787987538904 0.0745681202790165
0.0218555009806395 0.112396527571763 0.111977151205165 0.00874417395965243
0.0185580766511457 0.0706211994649977 0.143566952931397 -0.162808891108607
0.0345895587545633 0.0610303040509833 0.0385230197721657 -0.262530991193018
0.0787571555900268 0.0396503599986777 -0.0855337658052919 -0.234150728475936
0.0907341176915205 -0.0113105202519722 -0.146056584999979 -0.150804735179072
0.0803582124634186 -0.0486923441984604 -0.135160626708911 -0.0546976051443148
0.082198363606637 -0.0768512132522949 -0.0942708733999232 0.0373601187441128
0.0839993344933605 -0.0764717618221902 -0.0224168623735153 0.0989199660283935
0.112982065210704 -0.0767905712114458 0.00668017222963486 0.173751338554687
0.163511478496724 -0.0271222193279102 -0.0210340208716381 0.225708767811723
0.148290737894614 0.0501484917258187 -0.10939771750912 0.228753226478111
0.121017004684618 0.113279083698475 -0.193068383491446 0.160862446132868
0.0955339748757351 0.175309433676204 -0.168382348472921 0.0907469388783034
0.0251615465114566 0.229729036671447 -0.0237391352276062 0.117039336271754
-0.0944265091066412 0.200142799471634 -0.0633862313796763 0.00697851437762249
-0.0153891564324488 0.183745289223581 0.154182310279557 -0.0324168896464511
0.0257121809487138 0.153285016507212 0.179631670371252 -0.183250292602679
0.0821651608651098 0.106133650514462 0.0628431887727766 -0.265391823745455
0.126502997626739 0.0521009466796177 -0.0477305221061264 -0.228514127612633
0.130508958497309 -0.0135666616430405 -0.10240833311021 -0.162296320969349
0.109188746124856 -0.0550146091860881 -0.0999694560873966 -0.0767512949772025
0.107519655670654 -0.0822263892484543 -0.0599057521924623 0.00718177596759056
0.107841955270619 -0.0792648483532024 0.0155124266608248 0.065348086051853
0.138341397462161 -0.0845565067302914 0.0562358750618177 0.144572163835274
0.195235299274747 -0.0340447739694913 0.0418678073736178 0.220178583060466
0.189616396876638 0.0529369122795998 -0.0644760194868843 0.25635335751327
0.154514107641002 0.153785772187745 -0.18752496672755 0.175295140969556
0.0874316843101977 0.231058471375207 -0.182571672396858 0.0497512338481024
-0.00490970376836144 0.261162155363309 -0.0127525335322689 0.0248683601444981
-0.124322710740098 0.199091584868471 -0.0180642808578626 -0.0743911204250108
-0.0475410299998734 0.22187592562196 0.179316304493004 -0.082829483402238
0.0271156854941493 0.209612581050529 0.199361025253407 -0.193589288683585
0.116517282183996 0.136628287652564 0.0899792731354108 -0.246574818889309
0.155893492070371 0.0572024376665017 0.00461954125380184 -0.21462030721394
0.151454172667596 -0.0149319098314741 -0.0483798019416408 -0.172609683485141
0.12257810130916 -0.0559847410062882 -0.0556276356441904 -0.0992728693138425
0.117520344883952 -0.0755044487470087 -0.0182723684166985 -0.0208318848605639
0.116605253563209 -0.0673959518106271 0.0559018732957074 0.0332247288354962
0.14582682964168 -0.0710383858748833 0.0998934888280535 0.115810323928389
0.196869513559811 -0.0217856754532047 0.0912400656966684 0.206769182377302
0.193005096670483 0.0632919558608721 -0.0302553172396201 0.266864413249934
0.150937722206104 0.1815647761046 -0.178718661433882 0.173128602376492
0.0528147198390933 0.253083493146739 -0.18728686459626 0.00752903906613438
-0.0452967849734874 0.251844702853992 0.00869998629435741 -0.0613768429172429
-0.132044801534341 0.164304591465063 0.0163242948403729 -0.154143625794621
-0.0708933323383648 0.21532315585929 0.180273316594575 -0.135119314992938
0.0204742953370997 0.223027438725673 0.196637965102851 -0.189129801321069
0.124064508611196 0.140377235689246 0.111037562444586 -0.207414705723416
0.15290083186892 0.053392649188738 0.0610853946475341 -0.192957908984503
0.145185258011847 -0.0120589975882754 0.00763177160470591 -0.181356447066794
0.116316987854044 -0.047584336824845 -0.00882415490120125 -0.12080117190693
0.108870701360984 -0.0586208432581132 0.0261625007241706 -0.0455205184840386
0.109667286703834 -0.0451732204205149 0.0954588597509888 0.00976826217626279
0.135066634669399 -0.0419774243978709 0.134173332510788 0.0979142303705478
0.170775096693315 0.00647668268584546 0.122098916630416 0.197618861253178
0.163174030163024 0.0816222644023889 -0.00992373338312148 0.263835487896511
0.108436456785131 0.194941835911678 -0.164830616506679 0.156730705618238
-0.00648702549749277 0.240211379950788 -0.170499602132687 -0.0320586419296872
-0.0879324777620597 0.203827998028658 0.0459844276462857 -0.12620056034533
-0.120117702669505 0.0997935964016013 0.0334456921263041 -0.218313863810447
-0.080956098731092 0.168543906377755 0.160600776957765 -0.169079083730637
0.0112755745037924 0.190508837142068 0.181368988551324 -0.172451701587016
0.103188609858419 0.111401737256553 0.129484662993321 -0.163298677921746
0.114471612605086 0.0391906753865662 0.108835840810798 -0.175624996534056
0.110549476326683 -0.00386781369880314 0.0534925039976032 -0.188101208817318
0.0912923177363544 -0.0299762887170806 0.0317780914506387 -0.136924363206014
0.0848976692422351 -0.033688491552781 0.0647341549645783 -0.0610969839977731
0.0872250414501769 -0.0186214765649826 0.129355905448266 -0.00116092808889271
0.106563758642986 -0.0111750663100246 0.158051343464658 0.0957860794306993
0.12401319650815 0.0308283644706827 0.135735080714563 0.197782363258323
0.113525747818889 0.0906944264211674 -0.00100359048177633 0.253660481329407
0.0499465018588887 0.185979005416998 -0.142105085183951 0.136348724957943
-0.0657146111762422 0.193521194370213 -0.131406952142736 -0.0558261758098689
-0.117191436064666 0.12615354194122 0.0926104479607178 -0.15948002298397
-0.096375117931204 0.0155314492904945 0.0311969994091852 -0.251006010594442
-0.0796655709297677 0.0925146825304175 0.130819584666146 -0.174737134188856
0.000123218214046653 0.121724123907873 0.169847462553132 -0.150427481654699
0.0578579905866104 0.0580978377455044 0.145398890143042 -0.136300001457774
0.0499177047603935 0.0215295624389124 0.134599333729044 -0.172091744895653
0.0557787189226366 0.0116058918270612 0.0742664094310976 -0.191535527723667
0.0518202096510392 -0.00255859429238118 0.0568501758520079 -0.145318249903192
0.047805402716561 -0.00447551754452132 0.0921297579762125 -0.0675689355164714
0.051924271590425 0.00439509476229904 0.152477861291239 -5.79696744169649E-05
0.0629599058430391 0.00842316520807956 0.170112108257418 0.105477297758746
0.0687110353776367 0.0357617826321096 0.135706001982148 0.203764810478245
0.0668149035466402 0.0754576488613521 0.00220050422131394 0.243170968446561
0.00339030292039194 0.150747166569919 -0.111548615517469 0.125492817361025
-0.100376890952646 0.121425892756774 -0.0835237341625566 -0.0533542526624692
-0.12029307973862 0.0350519838616426 0.137151627904413 -0.157698869463973
0.0701478563019304 0.0465197884694779 -0.138677569805728 0.164003974754507
0.0801188303557673 -0.0601010626362615 0.06978128377537 0.0669906029891022
0.00460915506511845 -0.0806535533401687 0.111623499801486 -0.130444253386897
-0.0406758529122946 -0.0251101053434633 0.0167655024995831 -0.255641639423611
-0.0171447724455955 -0.000832911244773628 -0.13917136026034 -0.236198435540774
-0.00619435160493349 -0.0127490162730541 -0.202807030067025 -0.121477042040069
-0.00274901529703148 -0.0241650849434258 -0.170337770428026 -0.015956152752295
-0.00114836714049983 -0.0369032152239715 -0.123734491284986 0.0832893336609197
0.000897917297243291 -0.03465883072433 -0.0671019257157339 0.145852017911943
0.0077845699379654 -0.0279685326363906 -0.0693005487518111 0.20369781941435
0.0203575388198774 -0.0121821831591618 -0.116467882732561 0.204576751301689
-0.0014589281903249 -0.00507695046195556 -0.163059362003822 0.162215701782453
0.0248477861017576 -0.0407712467258543 -0.185549439377945 0.149497716880251
0.0908850874544207 -0.017686178373819 -0.160395129993339 0.179532622681407
0.0673955000770127 0.0677876697285154 -0.034615927228174 0.264971859579387
0.0169422136910801 0.119414005811169 -0.13502686192071 0.132912408475947
0.0585038552028372 0.0258510980543708 0.0790465434620455 0.0382622558336467
0.0123450525041856 -0.011303691331999 0.114804143538366 -0.148130027574647
-0.00723655045037868 0.0162622313592102 0.0182134627515 -0.260232636165114
0.0307906449019209 0.0201017833211845 -0.121584869165748 -0.238276131338387
0.0441800087265492 -0.0131009278568564 -0.185961649571964 -0.137433605331189
0.0415881950987169 -0.0413930409946568 -0.163541920625857 -0.0332424251068979
0.0441798922482896 -0.0642508531079457 -0.117446892867554 0.0665997483798467
0.0482677910264422 -0.0633074175747322 -0.0504077900997758 0.129723476174793
0.0704602336728954 -0.0581899797338425 -0.0359048188758363 0.198437155815323
0.105836890428031 -0.0178217410908371 -0.0745321865404005 0.225228240126346
0.0834176816500972 0.0361334804598591 -0.145403231142548 0.199582130856731
0.0734157674709956 0.0496693501430137 -0.195290285868375 0.156316038874815
0.0947668466667401 0.0902953691191078 -0.161523994322999 0.140215459914397
0.0496983703046913 0.165220901720514 -0.0292045991983026 0.204262648247216
-0.0418360294319241 0.176893971869237 -0.108249902200499 0.0803270150706545
0.0245174377849639 0.113635867279254 0.115413870386373 0.00336315201982257
0.02057327875221 0.0734763985256607 0.144965176958157 -0.1725372339028
0.0370863386796817 0.0635840964252131 0.0327746004959349 -0.271646292010761
0.0825983179760613 0.0389065119744238 -0.0956265992920303 -0.239191737565676
0.0938234860998018 -0.0142550188741844 -0.156451530217658 -0.151412195832276
0.0820323429616913 -0.0536679157312151 -0.141960053936836 -0.0540612217031879
0.082649053393346 -0.0819557568175839 -0.0965842337919402 0.0402519313694634
0.0863767366899252 -0.0817804106624546 -0.0205625699872908 0.100458598232915
0.116054375646537 -0.0828864490140837 0.0140837625258004 0.177270815751684
0.169165167354884 -0.0337761478865627 -0.0119054562663897 0.23336340634223
0.1562951137273 0.0486768116504489 -0.105166743596641 0.239198963226406
0.128409719485263 0.114062079239706 -0.196328489806363 0.175171572894478
0.101962682184616 0.178180430093798 -0.174184704102404 0.0990935376203336
0.0293618488882569 0.236868704599325 -0.0240868364858062 0.119381455736331
-0.0920270412212451 0.209966933356777 -0.0652573378016776 0.0095340758828654
-0.0113192018362723 0.188594841815091 0.157790282104954 -0.0391488962096037
0.0301103190577106 0.158288520628729 0.18088531012805 -0.194301643931522
0.0873544657501041 0.108539559243662 0.0579751719307362 -0.274350475740932
0.132100783193622 0.0501742988853737 -0.0549707680640812 -0.234542758341726
0.134862870571153 -0.0178456972156707 -0.113230411619638 -0.164108137296758
0.112433596090848 -0.0612588849341235 -0.106987824211843 -0.0765016224921723
0.109098067887258 -0.0883629570762011 -0.0619273246061388 0.00885143808203371
0.110864997792871 -0.0857033959519009 0.0177331003356207 0.0645865806567535
0.142007562619662 -0.0906737352350854 0.0643360153619752 0.145665829460034
0.201594539285553 -0.0420501946769371 0.0529216381783271 0.22463890477419
0.198732945005794 0.0505319877443588 -0.057993163727192 0.266404774348097
0.164863337563686 0.155414734798146 -0.18959688709122 0.189542822243727
0.0957250363343156 0.235598595179271 -0.189704392874789 0.0584563823504516
-0.00158314249405103 0.270132773772418 -0.0146373967476119 0.0249359223614992
-0.123125246847719 0.210953349928367 -0.0203636788809233 -0.074954614479707
-0.0429365008335695 0.229468990980707 0.182691753129793 -0.0923296436251725
0.0340063721693038 0.216588309683512 0.20273186964735 -0.205420420330543
0.124082671796576 0.138695914736644 0.086390697319928 -0.256103041799453
0.1626573468868 0.0544485652445843 -0.000869778775725836 -0.221664021167298
0.156021833176533 -0.0201574270138674 -0.0569218641649494 -0.17597250834753
0.126639360150871 -0.062145709857388 -0.06106074824506 -0.101050496425679
0.119352865212424 -0.0813854883004029 -0.019510152922243 -0.0221389792038012
0.120777660745619 -0.0732749672984004 0.0592773618604845 0.0299770388910104
0.149645672653335 -0.0769111143242472 0.108247297512913 0.114607398270094
0.202960514372673 -0.0289029620597019 0.103784453672362 0.209006300124649
0.202277860567017 0.0611188683004586 -0.0206115893381427 0.275351459628138
0.161371397445893 0.182578311781356 -0.180659841294483 0.186554359089446
0.0605108491335338 0.260123932190036 -0.195666992216176 0.0149379019635394
-0.0440624523907344 0.26175000725631 0.00554387770477732 -0.063622082879527
-0.132459508152095 0.174905707927432 0.0136618444484859 -0.158661117209861
-0.0664849447485556 0.224295184360616 0.182966801058732 -0.145703463948681
0.028552679595097 0.230151167194848 0.199254457111664 -0.201064135836926
0.132024916534145 0.141084857172584 0.110556123272075 -0.216309832624783
0.15887954515984 0.0502747407255099 0.0589553082441111 -0.200751101268532
0.149634651551325 -0.0170386540593061 0.000760691437237073 -0.187076660204334
0.120706076650468 -0.053193543301097 -0.012275582924643 -0.124046238554713
0.110834491146972 -0.06325019371333 0.0260846554404283 -0.0481638292115893
0.114559492740064 -0.0493776105496125 0.0996645441270945 0.00485066939397958
0.138832973405682 -0.0467516917592547 0.143451905699961 0.095473962506605
0.176900390742122 0.0015142865392772 0.135671277869207 0.198881371301038
0.170261962852385 0.0806776469912902 0.000162138242075805 0.271582694929193
0.117166237205422 0.19805063514818 -0.1666888959158 0.169137793939656
-0.000695900097405599 0.248357180221978 -0.179640850628541 -0.0259535694495181
-0.0884694542342996 0.213031531104829 0.0423630810170476 -0.131421507176842
-0.121597769565463 0.108737011112758 0.0304858264951402 -0.225014296126227
-0.0784042233594137 0.176450458778023 0.161888892126791 -0.179115363715151
0.0186020864042183 0.196204216251205 0.183335047862164 -0.18439127766716
0.10944345162168 0.111121096105698 0.130394980482044 -0.171320882050333
0.1190859147713 0.037130401211858 0.108466416041113 -0.184357447955291
0.114443173263432 -0.00805561881629942 0.0479385564518094 -0.19517658244775
0.0944535811732122 -0.0339529374467802 0.0291521997531611 -0.141624755638155
0.0859122315973608 -0.0363005655917613 0.0663104151670618 -0.0658374231014884
0.0903555384075229 -0.0217243763976159 0.134366199276676 -0.00672776388728749
0.109408536452575 -0.0142197803757088 0.167755375949127 0.0936526783673453
0.128769599256478 0.0287891835940058 0.149262413037452 0.199463875102232
0.119215025723663 0.0903995101702325 0.00902179009550116 0.261510288238329
0.0572984079920391 0.188602037455525 -0.142551544110228 0.146842584031548
-0.062583164966254 0.201666963738927 -0.138494949300857 -0.0513240738226059
-0.120546318459042 0.135155644078335 0.0906206731991999 -0.166970449903288
-0.0997624650101187 0.0208674045818626 0.0289263469986161 -0.258128210537261
-0.0795267450899227 0.0978071021991089 0.132614726805194 -0.184245950900864
0.00557771769007019 0.124395362988637 0.172847396212048 -0.16142761040944
0.0605577136644704 0.0573405473436391 0.148362746999646 -0.144595063856342
0.0507195574331073 0.0208783854522721 0.135111229861019 -0.182274409770735
0.0578612071014217 0.00928619853370971 0.0701251791638074 -0.199404204182857
0.0542861562935749 -0.00506334690915051 0.0550039773025335 -0.150653878015683
0.0487337394108469 -0.0053204105088819 0.0944583893504719 -0.0734060386800843
0.0540178987826365 0.00379268343346902 0.158626577198282 -0.00549377297880027
0.0648613425671772 0.00749241151469679 0.180945187609467 0.10376490313678
0.071596531631268 0.0350832180077532 0.149304340873055 0.206095125803553
0.0699443116042016 0.075486108116162 0.0108703398978635 0.250629502456571
0.00932376265821598 0.153160354352237 -0.112284554545225 0.134449845912689
-0.0997733559824526 0.128659258771917 -0.0890449527492995 -0.0502844512864897
-0.124193312557858 0.0409278242308338 0.136509579756359 -0.166513843671306
0.0735346221430819 0.0435698857569077 -0.133192257077829 0.175169445628745
0.0767303812893754 -0.0658027992876769 0.0740903787519476 0.0635097236647029
0.000307324833504319 -0.0821027936438285 0.107583044202986 -0.139817083117997
-0.0427229868492151 -0.0216564033291631 0.00464126367414123 -0.263050902764574
-0.0162549747020364 6.63657517702672E-05 -0.156488659721277 -0.234730838430852
-0.00633739291290382 -0.012968500407822 -0.215370091072871 -0.113261907562921
-0.00481908120956912 -0.0259077095381651 -0.177376602401947 -0.00882005367377622
-0.00412199890255983 -0.0387168128647326 -0.123507436391383 0.0912537551367422
-0.000496297118261278 -0.0366924221056074 -0.0619129659581488 0.151846744636008
0.0079892348648484 -0.0293531598464236 -0.0594906520324634 0.211913125922017
0.0214817365333015 -0.0139454947893169 -0.107635744193085 0.21567300972346
-0.000453202251334129 -0.00342391387279167 -0.160791482524227 0.175212991420868
0.0222544020543286 -0.042022879977547 -0.183395332305157 0.165782518864588
0.0889454855442481 -0.0232028673706005 -0.157112365384517 0.192322952812127
0.071314288172704 0.0661179110555909 -0.025983994535161 0.270278090615144
0.0228749049207923 0.121039835757687 -0.131519625135355 0.142633673461327
0.0594658576993391 0.0221912054523734 0.0811610585033221 0.0335591085854775
0.0116451766347304 -0.0116194359573899 0.111127541341614 -0.157369521916903
-0.00681902840893023 0.0184298288047341 0.00724362281866052 -0.266696519295462
0.033430040936431 0.0193922238760884 -0.13757039823254 -0.238225508675007
0.0451050522956463 -0.0162201530843689 -0.198766666496516 -0.13101893963109
0.0398168682502915 -0.0458191155735223 -0.171302073336038 -0.0267196762654117
0.0420165580701338 -0.0683062019626416 -0.118074970205986 0.07378633638098
0.0470487563498201 -0.0678137799952728 -0.0458136652867287 0.13346615905743
0.0707173194220016 -0.0634911674579401 -0.0245964911086214 0.203563872475197
0.108297899669561 -0.0250052594266712 -0.0637149385161229 0.234125496578459
0.0895686497491325 0.0341112242588262 -0.139805051080564 0.211867891726431
0.076895838480009 0.0486737949600168 -0.192376161550821 0.173155744817853
0.0990095131679338 0.0874958837000078 -0.160797195013754 0.152440639584499
0.0564509798812457 0.167071193301649 -0.0234201637781016 0.208178742834089
-0.0346144563780704 0.182744304751147 -0.107162339977711 0.0882847844778378
0.0294419348304466 0.1139353722463 0.117405854476423 -0.00358836853122332
0.0246083831083562 0.0745371912525348 0.140144729148021 -0.18393460852716
0.0409057208285673 0.0646413708601048 0.0206428820318104 -0.278586020285895
0.0870841797893808 0.0352495968276616 -0.110399625883154 -0.240055374244214
0.0959047977247807 -0.0200243786976745 -0.169324863936881 -0.146775682074859
0.0822306213211011 -0.0600619703791529 -0.150133979487672 -0.0488530704375589
0.0808286893145846 -0.0889353130240559 -0.0976131731344212 0.045963784266731
0.0853876408950275 -0.0891649960586753 -0.0169973881401284 0.101818300553434
0.116359139974287 -0.0907857785776085 0.0247399441043979 0.178626180023083
0.172859272849622 -0.0444844640109459 0.00163133782734858 0.238904847941542
0.164610919700955 0.0431544209284732 -0.0951999514172461 0.25020633731112
0.137283851440019 0.111575842750389 -0.192971673949486 0.19311157449773
0.111433890701673 0.177346557002411 -0.17577080603768 0.112148746284705
0.0383162755992426 0.241835517765562 -0.0217024241947426 0.121707860587948
-0.084467213747121 0.22002374230406 -0.0669801081823806 0.0138473112959273
-0.0029674208594658 0.192381144058811 0.158180279808806 -0.0497179125413583
0.0393953159625864 0.161081019263526 0.177289985023899 -0.208618046782802
0.0941935272984641 0.108733621761639 0.046614729651781 -0.282693613013055
0.137779819286433 0.0449294590431904 -0.0687868688579886 -0.23750539624071
0.13723534181953 -0.02553315686859 -0.124893961580819 -0.162101949794878
0.113287237400108 -0.0690790815320497 -0.114496873406059 -0.0738835463632597
0.107813246663971 -0.0957764787518422 -0.0636980886198523 0.0119591618801801
0.11189862487739 -0.0940530543883481 0.020171523669383 0.0624429341082464
0.142069803614598 -0.100465337243844 0.0746297845119953 0.143263916228637
0.205148507880415 -0.0543300908523086 0.0680773704500742 0.226020577775737
0.207045276543344 0.0421980020356858 -0.0449435481309026 0.274757557974432
0.177099688056537 0.150858056264858 -0.18524891896254 0.207000234474687
0.108588327191915 0.23662760825774 -0.193870709955082 0.0713102100887291
0.00843603672360768 0.277129543036614 -0.0167174629041965 0.024873369577557
-0.116702154032445 0.22313939813038 -0.0242775022119559 -0.0750674057331715
-0.0330265598903055 0.236233936112515 0.182304827427165 -0.104490880155657
0.0464225940348753 0.220295128397781 0.198087244406253 -0.220751149689073
0.133376799288397 0.136647727966785 0.0771670219450225 -0.264927934122426
0.168647958370134 0.0474581587534823 -0.01127340814373 -0.227252607209392
0.159773061939457 -0.0287079193420864 -0.0687851674181231 -0.177729391520596
0.127667482987512 -0.0709820403168485 -0.0677875134964041 -0.100764150034885
0.118172233256753 -0.0887592832029984 -0.0206380765800269 -0.0222662081213929
0.122281452463696 -0.081199473905713 0.0614328255407994 0.024967923297957
0.150344311433056 -0.0860329503468321 0.118270011501328 0.109295959330821
0.20712651102118 -0.0405775907370181 0.120187440708734 0.207364711253941
0.211028720251483 0.0536820809541819 -0.00506442185074545 0.281888847938381
0.17456665131904 0.178869136922716 -0.175705485663702 0.203719607102606
0.0740721314371741 0.262721086280579 -0.201960794520328 0.0277506455633504
-0.0349213265143006 0.271064124706973 0.000356801491509151 -0.066470233873063
-0.127369272563731 0.187343557746159 0.00755124339212764 -0.162194131954811
-0.0570607643709653 0.232626036127275 0.180381460166516 -0.158579707060847
0.0420088588982023 0.234823378995306 0.195713127390912 -0.216802057619994
0.142327233446268 0.138319296393754 0.103876368635393 -0.225325537458025
0.165274848538547 0.0434893917567758 0.0517084079367942 -0.209844425361712
0.152902443674588 -0.0265031959003798 -0.010364043917018 -0.190778449783651
0.121700378475521 -0.0616973834664082 -0.0190140673303582 -0.125760666374135
0.110836287281378 -0.069990958239758 0.0246078040549865 -0.0510977578840435
0.116237005978652 -0.0567547286999255 0.102223434932814 -0.00260467175120371
0.140860257389389 -0.0548579712855689 0.153820207977701 0.0886572086508911
0.181078087217503 -0.00750539987489846 0.152023121721767 0.195374651566551
0.178548194593869 0.0744587686481702 0.016767996960858 0.277141214252944
0.130712402931345 0.195443430625284 -0.162848555002683 0.184452594022639
0.0109467643110209 0.254425926723617 -0.186702051451037 -0.0152902164938571
-0.0831834306948732 0.2238989994567 0.0356146845677022 -0.137311754114279
-0.11938009103045 0.11915961085706 0.0227132903084272 -0.23089347845316
-0.0709185133081489 0.1844385153466 0.158169855331812 -0.191962077677886
0.0305681987536237 0.199714276439295 0.180259925739011 -0.198432563350599
0.117405855959488 0.107665352151925 0.127689165690282 -0.180191281361944
0.123444450119753 0.032111728483416 0.103920835809724 -0.195471444909163
0.116229998457082 -0.0141837637600469 0.0381107274751443 -0.20127707261285
0.0958108358375685 -0.0404245300920118 0.0230302620461209 -0.14598972574967
0.0862639224383066 -0.0408312718291272 0.0652506902213153 -0.0710064822420181
0.0927407704068881 -0.0261228897058502 0.137678189229015 -0.015862404877996
0.111513543855302 -0.0194996826075746 0.179155889954374 0.0863558596123695
0.132720979083554 0.0230431211890991 0.166528102085484 0.195913492746832
0.125679025546766 0.0862927502354319 0.0242104231117192 0.266906941859302
0.0687945757189603 0.188566397838686 -0.139781878528721 0.15945546350534
-0.0539280985269042 0.210026986233659 -0.146362277789647 -0.0433806572024767
-0.11858501846969 0.146041435080146 0.0835243668846757 -0.175411659254822
-0.101153902086027 0.0281737938450679 0.0199231785968364 -0.264976810410897
-0.0753415426765657 0.104163147332019 0.1285658258521 -0.19532472799874
0.0126455720522617 0.12564373911673 0.169705387421077 -0.174661544955748
0.0643193051031775 0.0541450379836153 0.147829468162817 -0.154922270360965
0.0521639532209552 0.0190165208709612 0.129673470369458 -0.194223298231651
0.0597134392590886 0.00630855276608466 0.0605940440498122 -0.206533152364958
0.0556665223368204 -0.00841518883286854 0.0491982381353303 -0.156490289182796
0.0489957292313635 -0.00707151023074552 0.0939586076143628 -0.0802005378468443
0.0564522892621631 0.00133994857190352 0.162641387296021 -0.0151572185041085
0.0658942668737918 0.00437566339501873 0.192939935777241 0.0969734378628135
0.0739150507551771 0.0328307840685493 0.165314401038214 0.202841936187345
0.074222282373773 0.0732612772351638 0.0254171037384311 0.255829719584045
0.0174814798414351 0.154624483180515 -0.108768780756722 0.144827691604011
-0.0955677348894086 0.137526003418677 -0.095197087383279 -0.0445193053622941
-0.125927251049426 0.0499067897481178 0.129996276879551 -0.177291538528176
0.0750824741405399 0.038919976280942 -0.124362506769342 0.18198819583347
0.0711010714054376 -0.0703771430476655 0.0761362353066233 0.0594416105643451
-0.00475796398920539 -0.0809150643702405 0.100393663742315 -0.146094669568006
-0.042362822729433 -0.0184274011417297 -0.0080699318813138 -0.26334405289911
-0.015114476453826 0.000642452460124351 -0.169881341709647 -0.225370757193865
-0.00687449046495889 -0.0130318380963114 -0.221656762884424 -0.100298986721897
-0.00688613754721872 -0.0268644605389172 -0.179951077867431 0.000488714025703167
-0.00675767651989629 -0.0390961007475519 -0.119567085884955 0.0976216525438188
-0.00236645389902406 -0.0366844978491554 -0.0543385678380938 0.153487766028398
0.00725556025463174 -0.0303623082549414 -0.0463129862606723 0.212498950187493
0.0213572923170227 -0.0157230218513532 -0.0953112946937557 0.221359887247356
0.000761053194861097 -0.002139049331793 -0.15222268074621 0.18426746303592
0.0193109978464526 -0.0419901626790183 -0.174840102428248 0.177787287120447
0.0847965399882783 -0.0276967995994213 -0.148598842583732 0.200706078752941
0.0737808631279883 0.0630104500291961 -0.01544682354493 0.26876579750447
0.0281953791282853 0.119395410667504 -0.124312853135743 0.14974188807439
0.0585885367092978 0.0175507409034572 0.0818436084071245 0.0286542673643855
0.010654293960023 -0.0113995966522548 0.10263785577889 -0.163541472070096
-0.00520385145331703 0.0204639449803187 -0.00687902963084578 -0.266714566729931
0.0349938072542864 0.0172384339117126 -0.151252802134983 -0.230305903156286
0.044730432963284 -0.0190369587733185 -0.206542162592365 -0.119674888451851
0.0369809132709051 -0.0484354518480557 -0.174871570423102 -0.017937383067423
0.0375922840661413 -0.0715978840958698 -0.115258666440165 0.0797402822207357
0.0439957542503006 -0.07092808924103 -0.0401033818508072 0.133803374027699
0.0681266679278366 -0.0677076597984881 -0.0127597882700618 0.202214804318229
0.10847983572278 -0.031537899287455 -0.0496751069379706 0.236954533340919
0.0926278507837125 0.0301941217619007 -0.129192426115406 0.219886302808645
0.0787094631122194 0.0457023281448682 -0.184003155790372 0.186479027128936
0.101007819723716 0.0822597991310404 -0.154702862897307 0.161117082367801
0.0632109877109195 0.1642447860503 -0.015594727437975 0.207353595332989
-0.025946488723819 0.184377320179209 -0.102804837799288 0.0948577517609899
0.0335743713885673 0.110332569605965 0.115661214144247 -0.0101391178484162
0.0282423679585499 0.0740429128579045 0.131017186062237 -0.191704923611667
0.0439062624184103 0.0640730228324197 0.00773322058441933 -0.278606458451175
0.0888021886698266 0.0308541170517892 -0.123378183654578 -0.233175253975236
0.0946814195746056 -0.0255979725637848 -0.177720390332719 -0.137025839051521
0.078602445655929 -0.0652164501393208 -0.154052044789055 -0.0411902454998272
0.0759783092653561 -0.0932836244168915 -0.095865469886754 0.0505834989928083
0.0821109527644141 -0.0945673669333829 -0.0123908757652928 0.100347744767739
0.112119503160003 -0.0974673349734715 0.0352944029712115 0.174919079195649
0.170535807825707 -0.0543386883915937 0.0169746609911982 0.237190825829535
0.168374369910155 0.0345252670396263 -0.0815545189258537 0.255255854651969
0.14336120721432 0.104813683395189 -0.182959879148844 0.20561693120705
0.118381157986153 0.171017631856154 -0.171676821799769 0.121967133300787
0.0482070326371849 0.23942423044355 -0.0190335302533838 0.12140120024383
-0.0737273179682053 0.224133871378587 -0.0664545210789955 0.0181303428007054
0.00563216195943899 0.19027886210811 0.153959544981127 -0.0577101104113858
0.0475571205626509 0.158327393769397 0.166878036029521 -0.217966932702467
0.10039300729749 0.104206404363878 0.0333837982923003 -0.284164755440396
0.140127683692177 0.0377406378714496 -0.0812849768296691 -0.233997795739495
0.135469741965035 -0.0333190790996222 -0.135067400692145 -0.154842628553794
0.110099181742234 -0.0763762240082668 -0.118930241736122 -0.0675549691491235
0.102568048857522 -0.101679272049172 -0.0632804506106453 0.0148813244258617
0.108057652456801 -0.100418538106431 0.0225931960220719 0.0594964326135468
0.137996858398502 -0.108045955314932 0.0831741185608742 0.135984919195266
0.20274281303729 -0.0664936600688247 0.0830898635537441 0.220391383451897
0.210835788778084 0.0317790013782539 -0.0286150259032011 0.276388511080091
0.18456098511611 0.141547845912635 -0.173940090860316 0.219371584256176
0.11898398856566 0.230496115168128 -0.191875754563144 0.0833254644714586
0.0194367335436104 0.277271695803657 -0.0181943022386384 0.025170842831159
-0.104937483403006 0.229583076973987 -0.0287079848149992 -0.0721959005288138
-0.0215051548809254 0.236065942470349 0.175192169267079 -0.114615391046137
0.0588886629448288 0.217600433954985 0.187131641487578 -0.231823259751508
0.140546644915798 0.130060545213563 0.0650304717613238 -0.267744555225934
0.1708283099571 0.038874190023454 -0.023087076568387 -0.227283709109931
0.157120339007902 -0.0378053846206532 -0.0793096243752484 -0.172725259167686
0.124085171925152 -0.0788350005489253 -0.0737995254419061 -0.0964671829457276
0.113875184013674 -0.0949469504940537 -0.0221112266805516 -0.0211378756632793
0.11959730687285 -0.0883134567442868 0.0617388847815531 0.0197116769290147
0.146925492674605 -0.09371444819336 0.125291974954877 0.100165716781008
0.205111294248906 -0.0521440099811644 0.133960231621285 0.198913743862359
0.214173918961277 0.0422781725273535 0.0115106276076374 0.280661730718039
0.183184966616134 0.168781450118904 -0.165038169168065 0.215431779531202
0.0864463722027159 0.258402657853775 -0.201843432404253 0.0404899607569741
-0.0237329959227589 0.274047707318931 -0.00531390220690853 -0.0667581250172817
-0.117645443468612 0.195043775126673 -4.5011336514911E-05 -0.160375895760564
-0.0452345782326097 0.234780587182177 0.171296040115217 -0.168267635287094
0.0555390621848382 0.231630946769833 0.184904021085462 -0.227250278053905
0.149220037983206 0.130637632864397 0.0945900890475441 -0.229358109949729
0.166734484993314 0.0344011096360555 0.0405406538139668 -0.212936267009033
0.150794216163043 -0.034369969319465 -0.0215027144656944 -0.189362742074394
0.118494037462331 -0.0692366713254883 -0.0259144478743479 -0.124166513691709
0.107382088663136 -0.075076131100552 0.0225214911012456 -0.053138877666874
0.114889606032043 -0.0626706524622264 0.101570623431293 -0.0106155269586391
0.138643372799407 -0.0616821760317554 0.160500083424828 0.0781366255472237
0.180198072553265 -0.0171804072889593 0.165911582150886 0.185970072612924
0.182521329611737 0.0655410535332818 0.0325836035455508 0.274721726195966
0.140256226823711 0.187237498446611 -0.152516767951329 0.194984526246004
0.0241189767526267 0.25371758318899 -0.188534270458603 -0.00311635717991374
-0.0739428580070428 0.229750706536769 0.0260467582133897 -0.138762567553053
-0.114054429442332 0.126678562934827 0.0125979062674312 -0.230194818511701
-0.0608221252629587 0.187622819016602 0.148207172288421 -0.200920229936499
0.0417443772232289 0.196632961569851 0.170753410855777 -0.208204621197733
0.122624743875878 0.100775571205948 0.120590178464679 -0.185885516407372
0.124322310488678 0.0253977243979634 0.0941078803894626 -0.202092707268996
0.115560806667974 -0.0209160497675882 0.02618255790685 -0.202107163255565
0.094091757133377 -0.0462226387896495 0.0158454778142293 -0.146318937074823
0.0841192377374775 -0.0437890807844787 0.0622259765421041 -0.076008172088754
0.0931760679422008 -0.0314399173784335 0.137019942727314 -0.0253320439872622
0.110509316301531 -0.0248492237940205 0.185295370767447 0.0753388557427212
0.13340821886699 0.0161127081089373 0.179780125368011 0.185140743141579
0.12935652676121 0.0802326662212117 0.0401129086026644 0.263798295819037
0.0780227195598346 0.182329759900388 -0.130320160637342 0.168613527265668
-0.0423037184088081 0.212350296521585 -0.149217136824552 -0.0330821279734063
-0.112497610443796 0.153565771807932 0.0723201270850397 -0.178903406214385
-0.0990087448842524 0.0356257482959048 0.00928358948837007 -0.264459780531542
-0.0691041767201767 0.107849013966868 0.119503342368447 -0.201414586542785
0.02065224042926 0.123247189632134 0.161877281660038 -0.18433690554898
0.0659814578690933 0.0497633888059906 0.141905006875688 -0.162297793737273
0.0522604787232636 0.01651050226368 0.119302684053537 -0.202222672235878
0.0599904023677603 0.00290653971465597 0.0487737238722812 -0.2080181124639
0.0550104157054289 -0.0124460507663162 0.0414850381631696 -0.157419695221048
0.0483059051528016 -0.00824421870166288 0.0904290892544357 -0.0855764132836553
0.056778764165544 -0.0013955055777573 0.162207748965179 -0.0256802336619029
0.0653802574680077 0.00175353199315523 0.200382732503181 0.085734080646251
0.074893531210367 0.0300586043679698 0.178750199388003 0.19316641575073
0.0768776946980334 0.0696051403653392 0.039766171595343 0.253653216163832
0.0263840798412027 0.151440864382007 -0.100167829769318 0.151226090206795
-0.0871695601176897 0.143258834506831 -0.0982144433992522 -0.0375701157444007
-0.123034644897081 0.0585937442978977 0.119736973082849 -0.183609144679601
0.0798857369693441 0.029819213213391 -0.105147365016436 0.191560771192615
0.0595134083141287 -0.0765474352911256 0.0792743842349911 0.0509988563770911
-0.0146639044196145 -0.0785425309573194 0.0791754772240168 -0.152405968333734
-0.0418316114110037 -0.0129032054038166 -0.0448959736480544 -0.255471292328189
-0.013264924608309 0.000956098132571274 -0.197294204568231 -0.196404151742776
-0.00838051922641747 -0.0117942519619567 -0.230872016863032 -0.0696898111997224
-0.01173935293474 -0.0249707326569426 -0.181302677383491 0.0226590236859159
-0.0117964457793606 -0.0370722598649985 -0.104467974796417 0.10968859101881
-0.00692330887906606 -0.036717688325085 -0.0364870387742478 0.154226132026535
0.00525401848847817 -0.0314440571849618 -0.0170141486762567 0.211129977616219
0.0207473175687182 -0.0196808313879076 -0.0654033411793792 0.226631145964765
0.00430657062698443 -0.00156170818485873 -0.12816512603075 0.20116591189026
0.0146784122546478 -0.0417461918249915 -0.150015992818177 0.196041250391585
0.0781264931969582 -0.0354313350200181 -0.117456999875202 0.21170293398791
0.0811092248310882 0.050573772881255 0.016633935222174 0.266331415694372
0.0437885268861276 0.116595796701686 -0.107072009407925 0.153003116765694
0.0570667661180434 0.00994165920821293 0.080553332445554 0.0177088135044757
0.00800306981140142 -0.0128722912071688 0.0789585587551655 -0.172833992736614
-0.00233914200668527 0.0211543898189374 -0.0433648562944905 -0.260446672763002
0.0372662601491813 0.0113448229175564 -0.180410659974652 -0.205395198720833
0.0406962711678942 -0.023968441364866 -0.219717082937707 -0.0920724981332627
0.0292822963858605 -0.0513276813965022 -0.178144514933849 0.00206616276872791
0.0276312401838649 -0.073691337980563 -0.102775648079071 0.0909455432177129
0.0346526188197983 -0.0760409666553384 -0.0238781827506463 0.132299156553597
0.0586297336537435 -0.075181181145672 0.015019280472581 0.193775878851459
0.102645683086116 -0.0464913947248132 -0.0189535909149423 0.233305087905107
0.0971428372029597 0.0175534004822154 -0.0981732287976054 0.230504687981676
0.0850022280567259 0.0346999865187119 -0.15392040606003 0.206005713786212
0.10654836788854 0.0677859124461173 -0.125250883728953 0.178905558425149
0.0830347396259708 0.148753456807938 0.007814027762237 0.208932483773713
-0.00164519197446762 0.189045194993159 -0.0896073842012351 0.089672319877487
0.0438343261521634 0.102497198502939 0.108283303494813 -0.0281091102445834
0.0350252541981387 0.0669211622248251 0.103199747208 -0.208286775093915
0.0499185066143995 0.0579746036419412 -0.0311775885254675 -0.275717280912787
0.0909931988319424 0.0190177469272227 -0.155356498731777 -0.21400420979198
0.0885637285719357 -0.0357519838220013 -0.195460460404946 -0.113863537188262
0.0673526050369285 -0.072489246177028 -0.16072013747192 -0.0245316956686683
0.0626669813354453 -0.0999237640635979 -0.0874343582855354 0.0602189472235876
0.0687601550592361 -0.10310629106628 -0.00166334189530528 0.0951071904223951
0.0970927442317601 -0.109045064529241 0.0580091953002422 0.158963817960681
0.158705382922436 -0.0776645352116458 0.0461122932530859 0.222690249099063
0.170321800295416 0.0120303863719897 -0.044897909587496 0.256737334477679
0.154738974347977 0.0828392821650368 -0.146772210244038 0.22512401892874
0.13494019807095 0.150390091622853 -0.143675810454473 0.147184618570476
0.07672904845249 0.222134326142243 -0.00586018934210632 0.128206063192362
-0.0431222288213832 0.234863310115825 -0.0599705002435544 0.00653223017608385
0.0259512295245183 0.182930631621008 0.140523410225056 -0.0821852024367878
0.0647206339463924 0.14658712854597 0.134546364672528 -0.24278829902803
0.108221159255263 0.0908831491505499 -0.00805464945102941 -0.286114379208038
0.14067195812259 0.0195901665698015 -0.114834586396497 -0.222382302076336
0.126509851257386 -0.0484791269461389 -0.156693030294001 -0.13759209003554
0.0959846340088791 -0.0869610980414505 -0.129243646810393 -0.0552654697035296
0.0876921890467479 -0.111482267785136 -0.0596716169043247 0.0215749780277716
0.094079532288455 -0.112251954168602 0.0278775419609075 0.0502387173247924
0.119928828894817 -0.121961885104556 0.100230646223631 0.114470363698169
0.187464446608249 -0.0931578087122006 0.108942281109708 0.197102521463161
0.210282263114292 0.00379085817095323 0.010673981279107 0.269244264603536
0.199490182868241 0.111704889864592 -0.13493325907776 0.236549665038859
0.142212910206691 0.206948054198297 -0.166532592631785 0.115102821393324
0.0538007579349539 0.262021594020146 -0.0184392025158989 0.0358278849565904
-0.0743228084368087 0.243989769252666 -0.0306160792203483 -0.0872007574414727
0.00513761632623749 0.230652549064666 0.155367353606112 -0.141364262075716
0.0827162817434505 0.202580853407781 0.152497813407866 -0.26126578806152
0.150662288700984 0.110830927811894 0.0249489529281707 -0.276855445326491
0.170983170074798 0.0177794333383846 -0.0575378756632321 -0.224305342247625
0.147673556923547 -0.0551279052289063 -0.105266573377017 -0.162401862534023
0.110182933600099 -0.0910004280319081 -0.0875362612927616 -0.0900759740857443
0.0994569647427531 -0.106028281622375 -0.0236466929281678 -0.0189071050452614
0.106429833034241 -0.102548188772252 0.0620085916237828 0.00655894395608325
0.129907299039133 -0.10941291622873 0.137128629483374 0.0743106113709697
0.190783126265352 -0.0789373759500534 0.156919723644598 0.169467700417804
0.213578399367655 0.0134628300681029 0.0517554058141085 0.268310607411061
0.201341823940413 0.137602477885869 -0.126345225508102 0.232054280852236
0.115214708254376 0.237934262615468 -0.181932035009959 0.0767447991735031
0.0106035311099243 0.264653176026272 -0.0173450328920407 -0.0561970854009603
-0.0920358408278623 0.211287392456375 -0.0113297001682508 -0.174953429766758
-0.0180693781357162 0.231752573913038 0.145450617582812 -0.193545813875366
0.0819118473353271 0.216961675542633 0.1509420880584 -0.257244603113329
0.159019673446899 0.110258424135021 0.0595575815585023 -0.243938056981916
0.16618672068884 0.0144967075530357 0.00656995634101923 -0.219775921079175
0.142339510137153 -0.051325874115791 -0.0503029869963951 -0.185722823485467
0.106283014561579 -0.0816088591373878 -0.0428808025920348 -0.12361297250351
0.0961798842528418 -0.0858254140144897 0.0156235720923771 -0.0558136323853785
0.104905872035846 -0.07639475439524 0.0977259486449345 -0.0268837571161239
0.125463502612984 -0.0775316332748656 0.168015419292378 0.0497844077885702
0.171413128149534 -0.0415395722726706 0.18724528643159 0.153983651133419
0.184893947247436 0.0396371359099505 0.0722107315292664 0.260210461035665
0.161910012430204 0.16016123891462 -0.116546595063159 0.2120360214146
0.0549244057021114 0.239951764135323 -0.177141077962763 0.0351144906038405
-0.0426330124410372 0.229901885624012 0.00437545230901658 -0.132741798483327
-0.0966383321457679 0.141944755885126 -0.00674700734646551 -0.238256222464668
-0.0378781915656991 0.188754330594538 0.121330070898327 -0.220456358951054
0.0649904265235466 0.18397033532945 0.140882840135588 -0.235507472076513
0.129686010551426 0.0830316247827265 0.0918262162436436 -0.204202742750968
0.124181184458239 0.0105463229715185 0.0615901688719857 -0.215091390098975
0.109202820828978 -0.0341300959329265 -0.00347161900189665 -0.203061470306044
0.0846464265067193 -0.0570632948365288 -0.00338325807451256 -0.149736307223873
0.076783120029012 -0.0523887427289837 0.0517823582748559 -0.0826622404896776
0.0869683132395754 -0.0423591313105334 0.130357084162286 -0.0448092392637164
0.102670571140216 -0.0377265171782149 0.193748586125455 0.0445713291373602
0.129908327625187 -0.00251655701725456 0.201305874029451 0.153886796389458
0.135080873622622 0.0599715398038793 0.0774438989155838 0.250906292015887
0.100976705784954 0.163757581990275 -0.100280468410367 0.183992267558034
-0.0134982267366131 0.21019642458225 -0.145892350338058 9.34383304090454E-06
-0.0883680163050376 0.161845982094537 0.043742335082306 -0.180243024229464
-0.0945580057503056 0.048781467334856 -0.0126781104637627 -0.2633952478169
-0.0546429533612038 0.111600310338113 0.094720508066467 -0.215756453298033
0.0351321851024816 0.114290964357681 0.135386893886912 -0.207054262629216
0.0688032424447217 0.0401507739231765 0.116500528963352 -0.18263660020153
0.0532167280200313 0.0103460714769836 0.0880675937941456 -0.217252679471895
0.0579820146247326 -0.00497312382896286 0.0201615146665103 -0.21054574542095
0.0509478969138349 -0.0194309007400514 0.0214583073058255 -0.162764008143396
0.0461387107682314 -0.0128281795943555 0.0784965245182229 -0.0957097707174798
0.0551365297941379 -0.00825629421839657 0.155385866589865 -0.047405642657899
0.0614712158354965 -0.00725272388672857 0.209179335308886 0.0547822213661345
0.0748264676799515 0.0174561933022748 0.200059087720746 0.163496270435473
0.0824702809868614 0.0553369437664925 0.0740649446891861 0.242631560440609
0.0469170180308306 0.140082523536279 -0.0749560000065957 0.164000870612356
-0.0642110548116275 0.148659508294788 -0.10026415822052 -0.0132679290178852
-0.111216312811841 0.0724119587441332 0.0892510174813124 -0.193038590718593
0.0778058079305415 0.0296389476362504 -0.104112421745537 0.189426854975005
0.0564962894258712 -0.0748734972080252 0.0784068008783268 0.0512862358462372
-0.0151818653878553 -0.0763703810267155 0.079070956705874 -0.1499116485177
-0.0399939162234278 -0.0118412131853405 -0.0428774784696859 -0.252850928219847
-0.0123414486444122 0.000866486231387908 -0.195065617817683 -0.192745721979719
-0.00809634462582418 -0.0119925610471515 -0.227713898465527 -0.0689089286009474
-0.0121728708831036 -0.0250402750581829 -0.180853811078528 0.0219441456110211
-0.012322798625725 -0.0368590490957568 -0.104541350909833 0.107273982071214
-0.0065969911156699 -0.0372929505137644 -0.0378345010726784 0.150205093217795
0.00591945807632584 -0.0318014365318751 -0.0169976279512045 0.205850206075443
0.021625833291266 -0.0197177927794387 -0.0647203105918751 0.223007770420983
0.00573742924237407 -0.000790054457119818 -0.127951073207607 0.199241634635904
0.0138222943864076 -0.0396647213951585 -0.148264467255703 0.194631183311909
0.0749950056828692 -0.0337163293226922 -0.118042505784908 0.208172140487731
0.0786034373534411 0.0512425179988365 0.0107448087936861 0.260582531910795
0.0419011331701838 0.114895344600285 -0.106388777884968 0.151192545886453
0.0537859689077082 0.00948400084992799 0.0786154902848416 0.0184227656896027
0.00744616916622858 -0.0125123004503987 0.0789926162769861 -0.169575929166249
-0.00119716636276522 0.0218953707888759 -0.0405011294906088 -0.257057475420291
0.037132827024989 0.0116257820206221 -0.177115119609245 -0.201906424643974
0.0405111108082278 -0.0234801977010889 -0.216728261002634 -0.090633759660841
0.0280257441518385 -0.0511314964905833 -0.177505868993959 0.00201528410423184
0.0266677792389115 -0.0730577364329712 -0.102204776028362 0.0896343175361814
0.0348764744590035 -0.076205972346202 -0.0263623530609395 0.128832108528755
0.0590232105860662 -0.0750017552544487 0.0142055708440445 0.188805785925296
0.101538515719522 -0.0467639403881898 -0.0173878565392432 0.229073176377378
0.0973338752258456 0.0178492801544148 -0.0975773741738697 0.227818477265526
0.0831761434174002 0.0353436080073126 -0.152047741310838 0.205045163894446
0.102940273726225 0.0682376518813327 -0.126600795161163 0.176618293324494
0.0791096465585859 0.148152636967206 0.00258648244257445 0.205056145323657
-0.00262956917348901 0.185933613035562 -0.0886962003623424 0.0897789462869392
0.0400101870000739 0.0999876043416625 0.105674997803779 -0.0255672267832675
0.0334541591809589 0.0656276545913841 0.102718425543182 -0.204363115680565
0.0493204230745503 0.0580530529546565 -0.0286928097973418 -0.272155133774102
0.0896306272464909 0.019251500905473 -0.152527565335489 -0.211141066816994
0.0876623711424228 -0.035763053846797 -0.193068843857524 -0.112212942388589
0.0663957318950946 -0.0720616478198 -0.159811384614517 -0.0239186474783511
0.0616209256975387 -0.0993785371187666 -0.0863812507057296 0.0592081284769758
0.0693092623140951 -0.103071009546439 -0.00377871150772838 0.092734094580631
0.0977911468475054 -0.108220971905282 0.0566778148989846 0.154546518434197
0.157591971528693 -0.0771285507721924 0.0466623551856417 0.218277295892365
0.169425414004557 0.0123770888807806 -0.0447694311522111 0.25258083279877
0.152071274182111 0.0831007584165517 -0.145332791784144 0.2240408549601
0.130376055945554 0.149282753279732 -0.144166500071968 0.14637793945505
0.0721007941906219 0.220660008732562 -0.0102944411483041 0.126563635969964
-0.044489779088292 0.231167541574049 -0.0590260083436185 0.00870902095288889
0.0223735672867491 0.179189952532867 0.137511050895062 -0.0791242367679836
0.0625349893045301 0.143952250268648 0.134154174931082 -0.238086424490996
0.106466877488075 0.0905416762569724 -0.00524047419636713 -0.281967055487596
0.138096205099711 0.0200200950665496 -0.112754671206389 -0.218675401187425
0.125283660074889 -0.0475976432987849 -0.155461609446443 -0.135235203579146
0.0951410789090704 -0.0865252778605939 -0.128401786653833 -0.0544578804294719
0.0865765236712749 -0.109859023816292 -0.0591475618858631 0.0208810166812624
0.0940132219625842 -0.11158830649542 0.0255550202036747 0.0481576627385384
0.120157790993534 -0.121232547072389 0.0982163763513196 0.110532202673204
0.185427509708618 -0.091997805031606 0.10883013422684 0.193100341223388
0.20836721850478 0.00459620918278757 0.0104297653091843 0.264197804941508
0.196237721462843 0.111234252804417 -0.133241490761142 0.235659267929015
0.138273846414754 0.205007256893998 -0.16655616638659 0.114871395963649
0.0490112419294904 0.260099205362454 -0.0212791643935274 0.035445092285106
-0.074846913763382 0.240842811203953 -0.0295405183584855 -0.0839292852903425
0.00256785205725045 0.226661438206955 0.151598875875291 -0.1378705717838
0.0803972144959388 0.19903477995239 0.15175467245878 -0.256769300500923
0.147960759735187 0.110252764989669 0.0282847900367368 -0.271520783474801
0.16783372593644 0.0185664804361081 -0.055929619550662 -0.221086330015911
0.14509834998117 -0.0545314870020632 -0.105085289282237 -0.159544154337318
0.108660363176219 -0.090379223182055 -0.0871311653889184 -0.0886377504255783
0.0988317334714588 -0.104308602473411 -0.0229429084218135 -0.0194209845750211
0.10651246325423 -0.101726065748333 0.0594704428518907 0.00566680963079236
0.129975886404588 -0.108240654546674 0.134805044429061 0.0707230402175121
0.188755037517941 -0.0782234734979313 0.156538904926266 0.164603883886572
0.211638061810013 0.0144264720125375 0.0516338715852673 0.263260230151651
0.197705472845644 0.135999214423471 -0.124173160623389 0.230996040663783
0.111941285591295 0.234953103683808 -0.180941356731905 0.0777824101160328
0.00712661615103956 0.262790546025684 -0.019041882294687 -0.0545507711873605
-0.0914542696880564 0.208524123951553 -0.00946739496702941 -0.170451610247647
-0.0193801294518411 0.227830613814137 0.142985924148923 -0.189136716703791
0.0806135951769668 0.212628007512084 0.150460117387325 -0.253303458017025
0.156315790405158 0.10862046036677 0.0624855690620394 -0.239499396430056
0.163586648136847 0.0150507378383065 0.00780973141148439 -0.21707918534577
0.139988769915236 -0.0507584548398717 -0.0502536278466725 -0.182363198570318
0.104724824547699 -0.0809532169662918 -0.0418462459589659 -0.120928498050196
0.0955774652973975 -0.0835108080962787 0.0166468690734039 -0.0555450691490587
0.104732818797989 -0.075766542147341 0.0957958274917655 -0.0274453754704835
0.124666739550187 -0.0758434023933436 0.167016667919162 0.0462286722155423
0.168447713151717 -0.0412455467262747 0.185876736014392 0.149552830301492
0.181794637418438 0.0396692406266202 0.0714513998135206 0.255869007146021
0.158086393514212 0.157324513416794 -0.115159061730284 0.210116798888255
0.0534508257253042 0.236919410089799 -0.175477275411449 0.0365682196963232
-0.0437956791501326 0.22811853284265 0.0028000582656888 -0.129835973025368
-0.095490916600346 0.140749655750878 -0.0031692805975953 -0.233767249025316
-0.038386793509355 0.185720142271195 0.120158825390039 -0.216339474477272
0.0644096305536798 0.179751659317443 0.140029897496637 -0.231796929969534
0.126807633464004 0.0816695793594255 0.094663963000617 -0.201752419846182
0.121927040428173 0.011614245611365 0.0615187893691866 -0.213132918261547
0.107427051770034 -0.0335284476721489 -0.00375083918625561 -0.19855496542898
0.0834167355937108 -0.0564873311520309 -0.00330235476015118 -0.147556843951726
0.0768517117410043 -0.0504323367875106 0.0521727983372901 -0.0822626933281603
0.086321800073597 -0.0423125279244505 0.128307448561165 -0.0449665674996138
0.10132349943812 -0.036964793119115 0.191986820478025 0.042046370706176
0.127821597232428 -0.00218508161863224 0.199942626516187 0.150533459451658
0.131777228428141 0.0594586489252803 0.0766939935433446 0.246764219636915
0.0981555491822099 0.160522979957604 -0.0994264909717859 0.183232116976656
-0.0139530223438206 0.206645868608505 -0.144123015533414 0.00194182260530528
-0.0885972320513828 0.161065568589933 0.0424587445824835 -0.176944080336824
-0.0927121607792476 0.0487327378112321 -0.00799106645106092 -0.259021781735223
-0.0544401932995241 0.109993120618991 0.0956623559222586 -0.212835085109892
0.0347613649662479 0.111161309321267 0.135166918806526 -0.204803044334918
0.0662781723524499 0.0387906332390126 0.118495735718635 -0.180526165775459
0.0516269985456644 0.0108787984583447 0.0876544770369371 -0.215284365259307
0.0570559407757495 -0.00484756236041472 0.0196471452454495 -0.206396361912423
0.0496205822990433 -0.0194042923826907 0.0223573286042108 -0.160170396843918
0.0464231066688954 -0.0113666958660383 0.0780942027814404 -0.0953776317926781
0.0549409135154817 -0.00796171190087863 0.153458063900935 -0.0474939721284651
0.0606577221494109 -0.00596951049591151 0.20766548674267 0.0524841253049397
0.0740618539423106 0.017861554800746 0.199251893525183 0.15987980796463
0.0802166339712985 0.0548635861155739 0.0731939054752564 0.238618870523631
0.0454595476432535 0.136181619602615 -0.0750062463373944 0.162206824532241
-0.0620399765949689 0.146759043895844 -0.0987344380980861 -0.0114211652187636
-0.109547354082526 0.0725150992271364 0.0877448308074144 -0.18953320160217
0.0774608751038182 0.0318397614822608 -0.109858261202019 0.189752025998609
0.0571366525927168 -0.0737770911598266 0.0781492332193134 0.0548187926098343
-0.0135986727966885 -0.0772972812561892 0.0843691144155204 -0.1502308359449
-0.0392947719547441 -0.0119800512487477 -0.0366469289993257 -0.259143531886365
-0.0115948321196839 0.000558581641359004 -0.193471986568651 -0.19906449785526
-0.00719140234476207 -0.0129167404160031 -0.230617700436309 -0.0743818549159035
-0.0126109137707045 -0.0259522440566095 -0.185844089164286 0.0185542911064827
-0.0125821549035778 -0.0377285956909886 -0.109848469047594 0.106686215264158
-0.00592183989168409 -0.0383583440968238 -0.0433963611840001 0.15099693218332
0.00748222108648045 -0.0332060351602007 -0.0219369967953055 0.206489103635783
0.0227780481862037 -0.0195930129587532 -0.0699594991520109 0.223881673735263
0.00755529977255265 4.76810577807749E-05 -0.135595988715979 0.200104185312049
0.0144118371582519 -0.0387108208747678 -0.155114365954158 0.194926006675267
0.075438044394351 -0.0315235310844498 -0.127845004514029 0.209210101239198
0.0785617144051946 0.0542091751913227 -0.000249622973528031 0.26348993994593
0.0391680913681711 0.117199119015419 -0.111888865641197 0.151461502822045
0.0520105254301089 0.0110317833997224 0.0790538779258215 0.0216190586071974
0.00641249577824763 -0.0127332954220682 0.0847945327766989 -0.170364529893636
-0.00123938607166991 0.0229049426828371 -0.0331906033864572 -0.262745314182918
0.0379174434964734 0.0131301548471258 -0.175394430985774 -0.208198158823194
0.0420440758213896 -0.0235786107350587 -0.218980173044684 -0.0961972802384353
0.0293676587942343 -0.0510181601566866 -0.181839263042942 -0.00167775223682221
0.0283809372154119 -0.0743106002253349 -0.106988830334053 0.0885254742409556
0.0372934994217997 -0.077169457389981 -0.0312905925972122 0.12983633960932
0.0632578821883516 -0.0755206428132904 0.00928589286515119 0.189361698624362
0.104586416084543 -0.0455947887717772 -0.0220381319603425 0.231537017806821
0.0997226603348678 0.0206603220563719 -0.104646610666359 0.229672661473107
0.0833593351336737 0.0393727232962156 -0.159376045934605 0.206676273901075
0.101176393444094 0.0726319615664901 -0.135573518323918 0.17782136565031
0.0757695035308241 0.152753917283521 -0.0071671178352161 0.207480371046712
-0.00847476034138984 0.188496226114275 -0.0924832883607273 0.0904894924813572
0.0359403759371736 0.10173672891568 0.106792241775446 -0.0222978676562563
0.0313736768682052 0.0667309638742168 0.110430364383214 -0.204542259917911
0.0488541637570047 0.0608113016212816 -0.0209325563610331 -0.276528942860615
0.0905669001354346 0.0218937607272527 -0.149749534525747 -0.217328897659293
0.0895565263706327 -0.0340719633796408 -0.194748022084563 -0.117657581678149
0.068826733130582 -0.0719275011148812 -0.163012313042603 -0.027862354180624
0.064659855501083 -0.0997647521799682 -0.0898956714227852 0.0576542761666941
0.0737983771720015 -0.103922358187409 -0.0078185717149814 0.0930989126951668
0.102652885718792 -0.108362157227459 0.0537563714612376 0.154954769609564
0.161776785624606 -0.0757402396951617 0.0438817669317524 0.220840210142265
0.17279230655973 0.0165035970897564 -0.0514522145588911 0.255426583765746
0.152294151859081 0.0888620388041004 -0.15331051499895 0.226096685032017
0.126983805030434 0.15575770038416 -0.152818618276676 0.146807757040317
0.0661474566937175 0.227096868865625 -0.0175734588703756 0.127755892831059
-0.0521136392297696 0.233868902308286 -0.060461735348314 0.00915471097199376
0.0160957611875672 0.181783325493283 0.139460143716141 -0.074945534793528
0.0589371371937688 0.146454497608653 0.142417957308881 -0.237715769131728
0.105743622589967 0.0948320043084216 0.00449680028583559 -0.285595365139113
0.139962901998493 0.0250242604295406 -0.108096579287158 -0.224161519058838
0.128496566290187 -0.0453627864211459 -0.156010014316322 -0.139836024415275
0.0982335469604935 -0.085705857492067 -0.129806607178654 -0.0582494010522732
0.0915121147362937 -0.110076132048932 -0.0608318536938693 0.0194309374967333
0.0985706567127154 -0.112952009170689 0.0235636088772019 0.0484084939386422
0.125981687741836 -0.121008564728386 0.0967852083764726 0.11174387186538
0.190362800714543 -0.0897628399721614 0.107648065130939 0.195880594102963
0.21184995190513 0.00904244398458406 0.00453519034483541 0.268197665415033
0.195482397315987 0.118261666210679 -0.14078942366758 0.238187837691456
0.134667602307343 0.211880306962519 -0.173897908657353 0.115567740539157
0.041144508020586 0.267186750868285 -0.0259284801731928 0.0358512976977639
-0.0827594869733118 0.242889703884547 -0.0266460675758518 -0.0834301329205103
-0.00525699300987669 0.229343945137434 0.156031159208373 -0.133789166209248
0.0766675807905028 0.203168208716661 0.160678188375834 -0.256561335984883
0.147372810430955 0.115946021098279 0.0378828644323041 -0.274359518347717
0.170203644421582 0.0234859503436387 -0.0511882588403725 -0.22603792514008
0.148651600805632 -0.0516631231387893 -0.103904720494797 -0.162783697304149
0.11261460813656 -0.0896650260494167 -0.0865866551249481 -0.0909294417200231
0.103751038117672 -0.103669087927172 -0.0223221518201213 -0.0209954616850208
0.111667680677085 -0.101784277057444 0.0595211504135698 0.00568434098702258
0.13549764158689 -0.107256918438649 0.135864712437887 0.0722550371964947
0.193740611410486 -0.0758258439873956 0.15704597047922 0.168583800987997
0.213967524035027 0.019449452871839 0.046629843013517 0.267524713236127
0.196261681960664 0.143107135476757 -0.131596134826933 0.233740572431599
0.106820267181409 0.242180669385712 -0.187158602861209 0.0775499073729069
-0.001155449865686 0.268928321607339 -0.0201757023596403 -0.0551643243108566
-0.0984474041492056 0.210139120865676 -0.00348807079451599 -0.171130165321711
-0.0264389353074558 0.230586506699789 0.149483908338552 -0.186221394851112
0.0762581823264256 0.216552915169118 0.16015105116969 -0.252732230553158
0.155513004666767 0.114021616282642 0.072287375234279 -0.241242069307314
0.165525162436038 0.0201827233404302 0.0132773424298472 -0.221026480618545
0.143225981758539 -0.0485028702672347 -0.0479098482075357 -0.184185207349388
0.107521647524851 -0.0799749918676787 -0.0401459120375731 -0.122805331137816
0.0994823339299394 -0.0825288803014159 0.0188036957531104 -0.0573881695198939
0.109316120953108 -0.0752393744841498 0.0970759099068062 -0.0272236496519321
0.129246766071361 -0.074095025892984 0.168491440443827 0.0489140470770724
0.172672852134959 -0.0384620247376619 0.188027786507882 0.153630442228214
0.182918505709762 0.043812117782809 0.0679400819314718 0.260433502895105
0.15515028563718 0.162747316401828 -0.121716956003795 0.212907330716147
0.0475434159833694 0.241927120741607 -0.180105527120926 0.0356245808310549
-0.0518676494429308 0.231848883084841 0.00447534622943802 -0.130918733520782
-0.10077300646576 0.141430954460956 0.00595110445456321 -0.236365307463272
-0.0436853893190679 0.187531932797716 0.12747464965952 -0.215473948365635
0.0609767406419455 0.182066046018359 0.148592783634239 -0.231406775202067
0.126413890832184 0.0856399939644734 0.104224858977262 -0.202449364353491
0.122844297768328 0.0149197519338439 0.0672344118991413 -0.215744015885761
0.109660677532481 -0.0318613361197714 -0.000266873842060203 -0.200481908103909
0.0851525200459099 -0.0552556092281886 0.000143049390475944 -0.148639902495351
0.0800883881049415 -0.0489139333355459 0.0563798047826438 -0.0835570906832961
0.0900951717359254 -0.0408125516560942 0.131561444368062 -0.0439948465889692
0.103590642469793 -0.034965201303256 0.195204959077643 0.045268226633985
0.13006406335583 0.000369092078883036 0.200973819712912 0.154968603233039
0.131431189642828 0.0636836539370417 0.0727051428057593 0.251091686952274
0.094510473064895 0.163735172064388 -0.105636680689924 0.184655671238572
-0.0187282462437194 0.209276712017564 -0.146909431039466 0.0015074638613026
-0.0941883089577276 0.162629210147878 0.0463485943632241 -0.177757589836139
-0.0947350555643187 0.048496604510356 0.00205221035973742 -0.262845881188081
-0.0570888946125718 0.110282322399513 0.103173497786282 -0.213008212355163
0.0331348263995101 0.111633801916832 0.143120846288528 -0.204954887941781
0.0651037508431737 0.0402526158000905 0.127514998968276 -0.181849455236529
0.0519317613289612 0.0130152913501014 0.0930554264216493 -0.217600445399214
0.0579376566158454 -0.00423438270076362 0.0248722080094824 -0.207139816196513
0.0503036504870319 -0.0180065863014318 0.0268257237880614 -0.161325092651444
0.0480937927086162 -0.00918172951040242 0.082571603116055 -0.0963342370305006
0.0561172324791029 -0.00689939627869308 0.156716132902745 -0.045730404399304
0.0613219282346009 -0.00377521560992753 0.210378065896561 0.0566313696985494
0.0745907608592918 0.0205185522073026 0.199945727450313 0.166066173284559
0.0787749214160903 0.0573029147314111 0.0697429993987935 0.24337399950558
0.0421476775239022 0.137247779614962 -0.0802022488049642 0.163011436906401
-0.0660512352554323 0.146923975994758 -0.100620043653052 -0.0121319038918701
-0.111607153232286 0.0721790948895335 0.092625418499924 -0.189943889361685
0.0809207360962101 0.0354330748308961 -0.120182150662283 0.198296036924878
0.0595962109742465 -0.0755421420971174 0.082756093278782 0.0604138833018611
-0.0135416282221927 -0.0815083735869732 0.0921978944713522 -0.156571420909909
-0.0392651345867957 -0.0128569107874898 -0.0325346611401889 -0.275648987624638
-0.0105920736843249 0.000676260271289052 -0.200475717869116 -0.212568792160439
-0.0071448105758053 -0.0143130194067708 -0.243049759842628 -0.0819002933461298
-0.0129889182002937 -0.0273605738370602 -0.198464808379089 0.0159505755696358
-0.0129741817931683 -0.0403999274438304 -0.119511289916672 0.110835573500524
-0.00550331646187225 -0.0413492553716081 -0.0511136323282971 0.157850244277748
0.00999504860112087 -0.0360204315373317 -0.0282534802896521 0.214832032218242
0.0254134599490961 -0.0204856532329257 -0.0779530176938015 0.234002867340644
0.00907848888103991 0.00081358471848008 -0.148075095027868 0.20972829042999
0.0158754220696396 -0.0390137022878198 -0.168007376394499 0.20327043227823
0.077792331774569 -0.03091516799653 -0.142002323239714 0.218943883239858
0.0814542484577873 0.0595574951123801 -0.0111005034841242 0.277376428889143
0.0376448833662058 0.124635474041319 -0.121704294353714 0.158546538878738
0.051833585879755 0.0130365125651408 0.0828420054839486 0.0264191026714529
0.00608471548469553 -0.0129018701030274 0.0937086811082854 -0.177599507023295
-0.000765214382251641 0.0247942643237931 -0.0280518959501262 -0.278950689179964
0.0406960867491142 0.0145786553460434 -0.180020589132855 -0.222734948411127
0.045214033030021 -0.0242449224396545 -0.230616273487363 -0.105190592090442
0.031684990637799 -0.0538140474106072 -0.193847946169431 -0.00504135086144752
0.0314668946417345 -0.0778108957369914 -0.115872412943306 0.0912100585879954
0.0413357674787279 -0.0816151253922333 -0.0374890633217686 0.135460996544129
0.069050375537653 -0.0798314770471451 0.00579762444702728 0.197758372033784
0.111691227419905 -0.047192064431281 -0.026644581542493 0.241740712271402
0.106114203329824 0.0239099268767318 -0.115718525115616 0.240839312303075
0.0866988946313622 0.0447968029984581 -0.172118920481516 0.216784130493712
0.103993797959525 0.0799565344573662 -0.149264668778149 0.185601653137216
0.0750828588488675 0.163501326718791 -0.0171978905188936 0.218722146990463
-0.0140942854279308 0.198619766484312 -0.0998977129825819 0.0949130584350314
0.0326032092311009 0.107421136150634 0.112391571252268 -0.0182949405601428
0.0300423940854894 0.070782625023523 0.121123880081849 -0.213013222987704
0.0508054000261486 0.0659609108365039 -0.0136040921175793 -0.292908897547795
0.0955424182996581 0.0256744109410918 -0.151706582184992 -0.230909175089934
0.0954299225954762 -0.03419551569234 -0.204112415963407 -0.127324893272873
0.0740207076654506 -0.0745982447455414 -0.172974092045368 -0.0318015457501059
0.0706487737952826 -0.103947601030013 -0.0971549692179398 0.0585464705556803
0.0804775872486823 -0.109390251835125 -0.0121842321475505 0.0969003260959984
0.111800800536699 -0.11423013726865 0.0524844494020009 0.162608285864366
0.172540255388236 -0.0777168803724737 0.043707264962201 0.231814132523478
0.183305721600054 0.0208562333379722 -0.0600317988511837 0.268865299283839
0.158402001611219 0.0982510196228809 -0.165377868501723 0.23747268060441
0.129429831696668 0.167772198539285 -0.166635422280928 0.153936963675972
0.0620795799981062 0.242134094236426 -0.0261284464947522 0.134761621912382
-0.0599284595269916 0.245367424597486 -0.063395647244559 0.0115717691021433
0.0107205214815447 0.191635266337402 0.148170920958788 -0.073338474749167
0.0573366575022793 0.154890694297594 0.15569843868931 -0.247119173875109
0.109318936467523 0.102893192739659 0.0136644774330457 -0.30156046851008
0.146991929711377 0.0293708217015327 -0.109043785381132 -0.238393805460371
0.135894486517016 -0.0453079944968759 -0.162704692112465 -0.149206679921276
0.105105126195818 -0.0891022897804605 -0.136925548384075 -0.0628835744526675
0.0988946360547654 -0.114188890407748 -0.0643500628757085 0.0186481523566197
0.107791386144904 -0.118509911730442 0.0223052416631872 0.0509438732402649
0.137089221192094 -0.126033366544562 0.0994615580079041 0.117041365350963
0.202585962683361 -0.0923056845528327 0.111995203764863 0.206840798021902
0.224514186670334 0.0141884207688984 0.000912484662616245 0.282631648077282
0.203368988194454 0.129487120796026 -0.152992212913498 0.250734294684017
0.135949690161688 0.227443197602559 -0.186980026654736 0.120383820175321
0.035879812377687 0.284629257223922 -0.0315598254377832 0.0383372144491277
-0.0930062121060443 0.254488056293015 -0.0256182972478655 -0.0862823156413119
-0.0117982968936519 0.240913452216756 0.166712866654023 -0.134745556147133
0.0748980096827396 0.214261246173294 0.175449367437019 -0.26630859256467
0.152607778779141 0.125354307434378 0.04868788221142 -0.289215421027023
0.178772180004704 0.0289581598023003 -0.0482526225608056 -0.23969816678104
0.158006230405171 -0.0518529224820015 -0.10764923187374 -0.171964993923167
0.120483385966083 -0.0929671313736643 -0.0899605553914875 -0.0963833133331844
0.112346679052262 -0.107566848643683 -0.0229595523991177 -0.0236977582467222
0.121452060079223 -0.106856450866643 0.0615263255874754 0.00613877365583099
0.146291095102702 -0.111236221692785 0.141501911591425 0.0765741236938153
0.205010397072829 -0.0768652561629698 0.164249564706568 0.177801589411084
0.225224326965434 0.0244243310439808 0.0441263391711087 0.281626307627359
0.203155819791316 0.154445062659825 -0.142786567417866 0.245810092144235
0.106717980459958 0.258488808416312 -0.200234519367706 0.0803401121900111
-0.0091130343000255 0.285300943041732 -0.0233861973908623 -0.0570993613587617
-0.108713631227545 0.220210827867741 0.00228982914336479 -0.178261375545788
-0.0335882402457431 0.242827743256865 0.160850448470502 -0.190570558096173
0.074916621790608 0.228100395954657 0.174459673877483 -0.263090827978239
0.161119650748979 0.123271012031776 0.084713730453636 -0.253876839954055
0.174183420326994 0.024858664389494 0.0186548086117912 -0.233187029764761
0.152171566659969 -0.048017414376347 -0.0475958580537468 -0.193205327266529
0.114998597952935 -0.0822579294343628 -0.0399245753861336 -0.129800506884234
0.107996413841024 -0.0849709754635029 0.021408885166239 -0.0615464048727385
0.117989838069581 -0.0781238707185783 0.102262630215334 -0.0280652998703248
0.138448009664968 -0.076048662369861 0.177349569123402 0.0519907159754074
0.18235704049725 -0.0376715428593028 0.196916716206768 0.16309581474046
0.191657584253292 0.0508666127461381 0.066784915042056 0.275465401497998
0.159004245527469 0.175391973203258 -0.132360342230669 0.223652863336915
0.0446044925321242 0.257110570830419 -0.190825022347981 0.036408030556283
-0.0608547647500702 0.245760979526811 0.00559782741299902 -0.137393820508294
-0.10910987528879 0.148133698222073 0.014588444840507 -0.24788418046947
-0.0502621102439921 0.197169920740981 0.139060508828197 -0.222231372623263
0.0600603194834125 0.192044532895033 0.163008117103743 -0.240972529928656
0.130454614314337 0.0923770105933237 0.117175721650552 -0.212875362590048
0.128767012778054 0.0187463531430642 0.075321398840205 -0.22696640759487
0.116715313863895 -0.0318083841614717 0.00368010032090364 -0.209507831579031
0.0908503639887324 -0.0568421046800515 0.00349434235948542 -0.156341752965891
0.0868373621781311 -0.0492803700751426 0.0612520846322716 -0.0888101027414935
0.0965198658988053 -0.0417802525443275 0.139622648378093 -0.0449565459169119
0.110655827146115 -0.0341721689460795 0.205127209679634 0.0492094722032394
0.136684951071745 0.00330069828155824 0.211227048380074 0.164849030611669
0.136201839431057 0.0701750974219745 0.0728141568096262 0.265466204735448
0.0947515008603941 0.173228073601692 -0.115346009952282 0.193916549148555
-0.023696491529776 0.220368281920683 -0.155150461265037 0.000745386467074119
-0.102864433160684 0.171561261966347 0.0507239295907435 -0.185934514752957
-0.100223435039555 0.0500553177722001 0.0116311373514296 -0.277545892179672
-0.062162881110722 0.11557833723408 0.115037702685929 -0.221794809086926
0.0327934724514496 0.116068332539044 0.155862227321141 -0.213807236556517
0.0667436829798116 0.0431553029499872 0.141365145388608 -0.190126595706355
0.0540768809480873 0.0151477667421345 0.102294689878413 -0.228566220005786
0.061329272884467 -0.00351866489744632 0.0301929876429752 -0.216677930215065
0.0531056941872597 -0.0183581288167859 0.031332083101566 -0.169547881501104
0.0515574538678598 -0.00792333260529368 0.0897412045051915 -0.101115755075676
0.059172261090231 -0.00599345010870675 0.166260680017657 -0.0462370116491427
0.0644076467905073 -0.00200016596203334 0.222021370947418 0.0619077978805826
0.0779155441514181 0.0227565150730494 0.208763521251357 0.177441697516652
0.0803942039386093 0.0618549984272498 0.0687857260537308 0.257711294975762
0.0406302509056291 0.143566209277817 -0.0884025244761022 0.172146898576421
-0.0714768652704567 0.153199020143682 -0.105688884428619 -0.012269254863079
-0.118142308910746 0.0751297941450834 0.100468652120753 -0.197366496424
0.0879078038849952 0.0383187332963863 -0.129059599583856 0.217497347243125
0.0622026787647385 -0.0811673384604226 0.0924673086169994 0.0655426644772299
-0.0160839909488623 -0.0866846585912015 0.0998215881235348 -0.171985002427821
-0.0412504237165219 -0.0129862479271783 -0.0378763586871687 -0.302117446667654
-0.0101580958113021 0.000581900854142386 -0.219402331465083 -0.228828282415835
-0.00788980649041349 -0.0162202828140671 -0.266004793716995 -0.0854636281522523
-0.0151886035280264 -0.0299127247670423 -0.218084073252537 0.0211285608316552
-0.0153655621235542 -0.0437336430488279 -0.130197886479558 0.122161427352512
-0.00724012360715179 -0.0462483726903974 -0.055982109142963 0.171763549154199
0.0109781408422938 -0.0402610385410888 -0.0288091906790613 0.232613839410788
0.0284050475998401 -0.0232426398170669 -0.082122011712658 0.254636162469894
0.0117648338054884 0.00161141041994677 -0.159588535651111 0.230587499377899
0.0165038695731524 -0.0406249592612503 -0.180800707637646 0.224066588156362
0.0827830859691557 -0.0337440659974487 -0.154705433428797 0.239692189853022
0.0891110086034253 0.0650329354153135 -0.0149035802195858 0.301040732367615
0.0420640598545651 0.135264142484901 -0.13166973295028 0.176222792245676
0.0542698584325872 0.0142723880844838 0.0913040164856761 0.0295740268568133
0.00500547620530946 -0.0134002366445766 0.101705608118092 -0.193758056838476
0.000611808699267463 0.0279084638589111 -0.0322996784100279 -0.304025726353939
0.046006257955209 0.0153815398582773 -0.197573215758361 -0.239185727721268
0.0488273941813177 -0.0274333175116925 -0.252464642076974 -0.110533196379161
0.0335643313451589 -0.058951910811452 -0.213078341472897 -0.0027733968378484
0.0329063975365846 -0.0851874313035167 -0.12623365914441 0.1003663702233
0.0446366616038067 -0.0905294726736843 -0.0421259540647824 0.147258102521721
0.07525620591491 -0.08941182807009 0.00748349317428787 0.212492541794107
0.121434696138738 -0.0529796448897002 -0.0254174222449327 0.261219915876132
0.117524690589886 0.024987182650864 -0.123695375598226 0.263104415920093
0.094929515900803 0.0493711967116514 -0.18541587703418 0.239358154821796
0.111585679557706 0.0868524909346065 -0.164158335264958 0.205309447460035
0.0822309870159692 0.178370947711004 -0.0219448174501377 0.237971246541095
-0.0134092438304081 0.216110699232983 -0.107657736480534 0.107148201360467
0.0333837674781275 0.116688758853873 0.122106031266822 -0.0186058580626428
0.0315190036849998 0.0764166556830237 0.13063714098857 -0.231810295328902
0.0556639289111347 0.072126077046859 -0.0156207002811764 -0.319535464804767
0.105325261568854 0.0270652913031509 -0.167135552051299 -0.249440787058152
0.103458841593819 -0.0388564304081516 -0.224077545162634 -0.134572136274118
0.0794933826248496 -0.0824375964817118 -0.189827193595287 -0.032101829646736
0.0758324354985705 -0.114155321031673 -0.106241205598988 0.0643936140185779
0.0872285504921323 -0.122051252655255 -0.0144999521674517 0.105052005081018
0.121233160152679 -0.126531850173532 0.0579747293465222 0.17345980021307
0.187280297702253 -0.0873925899074766 0.0511746334452583 0.248672825156184
0.200790175406909 0.0208301188877819 -0.062300105056283 0.292759148685166
0.173184241083346 0.106617692268887 -0.177770484146086 0.262645944615575
0.141542029550884 0.182279226278708 -0.182446902490007 0.17188128316276
0.0686351291587954 0.264043898957594 -0.0318027089948951 0.147539097848891
-0.0638963488612283 0.268568547947225 -0.0680573940061586 0.0155160010799992
0.0106795197526437 0.207676742191932 0.159909662207369 -0.0775421315034622
0.0613995600902866 0.16710188809095 0.168075187684693 -0.269535810618249
0.119808326596923 0.111375476553165 0.0137062693032029 -0.329328877760447
0.160785001712474 0.0311094688218632 -0.119665411238016 -0.258078033231093
0.147860664801252 -0.051213880095393 -0.179540121508029 -0.158406995513813
0.113504080985819 -0.0984917730696743 -0.150604898353229 -0.0654870732383793
0.106302969560115 -0.126040253563822 -0.0706555448596433 0.0196294160468998
0.1170771067298 -0.132140157738559 0.0228992109013582 0.0542227574370972
0.148380852588974 -0.140249326165019 0.109055452343977 0.124275429776187
0.219491752820702 -0.103714047697512 0.1255840110736 0.218971271974596
0.244819382346456 0.0124466681728477 0.00318192170364561 0.30673894715977
0.222227523623404 0.139178867327001 -0.164145540697758 0.277100440246768
0.149002953127643 0.247124203154167 -0.20561246762482 0.135688349657147
0.0387508189841171 0.311101807341329 -0.0370458725012212 0.0433215884397144
-0.0993219536211389 0.278630913251028 -0.0275716287773151 -0.0908474764663618
-0.0128715273748041 0.262603506103385 0.17890691931419 -0.144678981832052
0.0820659697353001 0.23152320317817 0.189187591539469 -0.290357493252051
0.166696009116114 0.135156623690894 0.0531380407255017 -0.316379271345338
0.194783520834503 0.0304104388476607 -0.0538693519040622 -0.260271703820697
0.171560909102979 -0.058608382877938 -0.119441680323548 -0.184408623687844
0.129931012937719 -0.102484243915298 -0.0992065988156568 -0.103015102705817
0.121793934689182 -0.118237772072802 -0.0258063311146753 -0.0267531558517985
0.131564332026112 -0.119492279904784 0.0654584905202039 0.00458119806638843
0.159329187432008 -0.123638749075764 0.1543841589013 0.0783268042337757
0.222330451870524 -0.0871817039676354 0.182259880556472 0.188678583474853
0.245478786414575 0.0246243521449509 0.0518651922077672 0.304836147377931
0.221527850330042 0.166477950386435 -0.152704442623482 0.271523082113713
0.117521674060622 0.2805809860211 -0.217906189056333 0.0929113823244409
-0.0092728547027855 0.31220565602346 -0.028669724987968 -0.0603809540080698
-0.116331632687471 0.241176208720901 0.00292971009007234 -0.191846679373671
-0.0359989610383542 0.264604423049522 0.173337994689004 -0.204929692062441
0.0830989139190972 0.246774086281567 0.188280084423661 -0.287435608217713
0.175510001578361 0.132757470986129 0.0921947039565481 -0.278650285272362
0.189536799746704 0.0260263226283443 0.0190654815114814 -0.254284314491694
0.164623615060843 -0.0545613013397446 -0.0536016916700533 -0.207540372113306
0.124252008285957 -0.0906383179828068 -0.0445259050688136 -0.139934185942091
0.117198316591664 -0.0929226563546175 0.0225405262057164 -0.0686728246885726
0.128750125486502 -0.0875921067885034 0.110238667784455 -0.0327241300651758
0.150674389537709 -0.0843833247411548 0.193005744662604 0.0518089077311352
0.198107312613989 -0.0432845933628501 0.216951964836382 0.17155795976916
0.208381249609546 0.0535741114127396 0.0768427093391394 0.297040868915327
0.1729688803027 0.188033355322361 -0.141894310213691 0.247298813728472
0.0513715562081117 0.278866948560392 -0.208069591460172 0.0446961141912115
-0.0643687141429599 0.269368580402569 0.00251613368471467 -0.147976475345608
-0.117152009668658 0.163528486952596 0.0153455965563687 -0.268813703575583
-0.0530308644945503 0.215488438702875 0.150181696555958 -0.240471754110791
0.0666408614370232 0.206206445918515 0.1758900111648 -0.264165450866489
0.141767162475512 0.0987227555263479 0.12880706280908 -0.235155399712078
0.140602441562442 0.019530122875506 0.0796536402953601 -0.248729008590806
0.126782955147645 -0.0367507801156239 0.00232389369311237 -0.226076554447892
0.097622984271718 -0.062119915097658 0.00312744846248919 -0.169026040940884
0.0947010551101712 -0.0539617893287963 0.0656338067712516 -0.0988308255498653
0.10540875385809 -0.0469866288124858 0.150653764279509 -0.0531705897153353
0.120343286726465 -0.0383505847561729 0.223882889826759 0.0491000759946739
0.14846344778876 0.00193874631891235 0.233011293041011 0.174813733389503
0.147027061027189 0.07487582768686 0.0820648856274618 0.288065969979782
0.103271238286184 0.187031795103293 -0.12349863002492 0.214705376527226
-0.0231745852498825 0.239662605737051 -0.16933252650083 0.00467640829329827
-0.109678771469578 0.188870002848379 0.0524498436785915 -0.201302514788111
-0.107537220029457 0.0564823123695236 0.0141593258549448 -0.301608633145682
-0.0659740510046786 0.126191388291935 0.124791229712527 -0.240588070198006
0.0362206021482884 0.123820708861461 0.168234230119087 -0.235052355931853
0.07097788694624 0.0463200887577799 0.154391063678331 -0.21074556564919
0.0583253960551142 0.0166382311110501 0.108022689486315 -0.249673630572721
0.0666521145298949 -0.0053611379488387 0.0313051442707318 -0.234970078124215
0.056930831853941 -0.01944964134929 0.0327311834692765 -0.18420201246376
0.0571628425205439 -0.0084760661695467 0.0973657791901709 -0.112800856740648
0.0651620684999116 -0.00696662027695887 0.180218417036205 -0.0540934057060639
0.0695911062288992 -0.00189100773076456 0.242401623187302 0.0629923870290588
0.0847876668296399 0.0244699726159839 0.230235524169394 0.188641189148169
0.0866837547220878 0.0666796951496452 0.0779008818832527 0.27888084641464
0.0444610549051026 0.153886261158132 -0.0954161823436068 0.188331183290003
-0.0748009823282807 0.166845400293973 -0.115141677819755 -0.0106461392731471
-0.126029151814747 0.0837357543722362 0.106711522663999 -0.215099458966283
0.102659769762241 0.022249318302978 -0.106107617151268 0.266589518060886
0.0512108000019105 -0.0965516441493189 0.114493513087115 0.0578562528199736
-0.0330564365968685 -0.0880763547535874 0.0801296787177667 -0.202482819589416
-0.0416710638003273 -0.00600246399967126 -0.101987751436928 -0.318181439296056
-0.00561022091604943 -0.00156115761749035 -0.281914297489565 -0.202912724809445
-0.00926263852081702 -0.0177108080529078 -0.303856597817101 -0.0402787744136738
-0.0212055026352512 -0.0298140364556649 -0.23667971628318 0.0692247382568751
-0.0252837290811277 -0.0450357291766703 -0.119322540257093 0.155961320498145
-0.0176868741084004 -0.049050940243093 -0.0322563313201982 0.196818902985226
0.00297493686998774 -0.0472911826310026 0.00956781485315429 0.253748293955006
0.0243601064679197 -0.0320144413130746 -0.044863486819932 0.289078220666595
0.0158692140628483 -0.00137872012789221 -0.132663715636009 0.280129223515062
0.0103959886877705 -0.0449296940037485 -0.155792877060868 0.276786686893598
0.0817457345093026 -0.0504782201964075 -0.127196982461817 0.285716445224584
0.106951154406867 0.0518229635184386 0.030437964703006 0.329666110206221
0.0720477394410396 0.137598887063723 -0.1200783518426 0.212417054235711
0.0584802975836045 0.00862388572276803 0.103851305193356 0.0165407676626705
0.00187087337625574 -0.0120066193193644 0.0747946759867821 -0.229314070653521
0.00957982351758039 0.0322729292016236 -0.0972557335275274 -0.324120638065487
0.0568625183340709 0.00567130040910529 -0.262881117421224 -0.219623397909098
0.0504839674187599 -0.0394342188909977 -0.296255185101917 -0.0693967662792578
0.0270974555979314 -0.0696325551756402 -0.237276859496302 0.0416202323319313
0.0197623482057777 -0.0988275499026927 -0.119167592688931 0.131638822761103
0.0297427983421829 -0.106594068356621 -0.0214528704042399 0.167165456415228
0.0637526397726548 -0.110525996103001 0.0447015741322019 0.225697236224918
0.117856648855198 -0.0811922775284376 0.0166916046863353 0.285615190510014
0.132853503535195 0.00500116340023404 -0.088788168315059 0.30781613334498
0.110596151011724 0.0359763097264412 -0.156725916423137 0.292429271532278
0.133706097038491 0.0727999056939222 -0.140301409364182 0.249850418922485
0.118848727877002 0.174845198123705 0.0123860763657682 0.263711426979185
0.0269868072769706 0.238242986449091 -0.109653797242379 0.125126242414752
0.0541151128231819 0.123160549690498 0.125577252082338 -0.0451456723716702
0.0457100049170109 0.0813774267800481 0.0950625378907261 -0.280133617055776
0.0762045787305264 0.0711847598720447 -0.0852138428450359 -0.345087829064226
0.122068010547374 0.00864239109293753 -0.234827768078116 -0.236883678477604
0.107013698680391 -0.0610296840382091 -0.273610902405502 -0.0989890201102067
0.0721756552758658 -0.102009224323138 -0.219259798896383 0.00554629640419034
0.0612570271499569 -0.137568882462832 -0.103845552331056 0.0892294880677232
0.0702876110886796 -0.148149068068351 0.000582997977701308 0.116565275386507
0.106415910588078 -0.158173156074529 0.0913197019001691 0.173133801521276
0.180995458112225 -0.128267641026147 0.0969980910591517 0.257647893917158
0.220111990094884 -0.0143513981454965 -0.0176751741352251 0.327023649932049
0.204745278542729 0.0821490001074569 -0.144028461208084 0.314782993955088
0.182684781193814 0.17014600648547 -0.163567061849524 0.217171425975676
0.118133712344841 0.268712713333184 -0.0124047081923981 0.169159304085675
-0.0168947070619375 0.306274107354453 -0.0834094718827375 0.0111540724393377
0.0444924759265341 0.226662821293277 0.153292855327019 -0.119464597408295
0.0940452243314146 0.174719503618415 0.123433614085338 -0.33203373962866
0.150688840426282 0.104019316743456 -0.0568339401598625 -0.363313411245996
0.18196274927676 0.00498269311964967 -0.188462837425734 -0.255685671986545
0.152361033788848 -0.0810921124042651 -0.231273944430829 -0.133360066911266
0.106636358081243 -0.125183284419338 -0.182755668458759 -0.0392115981550445
0.0931172495043701 -0.155289571953366 -0.0738286460490511 0.0349088554661011
0.101282668651645 -0.164581164015047 0.0315862797651115 0.0537185063494568
0.133834005193335 -0.177086463982532 0.136807498996167 0.109705062023292
0.212001347118637 -0.150858127542624 0.171834832446378 0.211736169575863
0.264859446043418 -0.030081839815983 0.0555310599960754 0.32873811911254
0.262307873288703 0.107719048718776 -0.12578619725425 0.327270608384205
0.20299467728753 0.236847235710863 -0.192377185242905 0.183169506854434
0.0949377138960451 0.324352762718693 -0.0357536472981871 0.0570215628667726
-0.0529864744656699 0.326682125413436 -0.0567512579285122 -0.11640527305424
0.0295619162289711 0.291664879381042 0.161053246623575 -0.198344864692938
0.127570347345401 0.240696436711583 0.139845651161422 -0.362361462708344
0.204648904662942 0.121661510049208 -0.0150608321672332 -0.358637609182219
0.218432176531211 -0.00077055574068386 -0.119759594444289 -0.270088932836036
0.176060780309483 -0.0928169321185762 -0.171826316700003 -0.17090019522263
0.123487221158301 -0.132168308643685 -0.134563388801185 -0.0906943532026937
0.111112217375502 -0.149398855693381 -0.0341049325849272 -0.0237031573004539
0.119383246741209 -0.152993957087962 0.0695171566534307 -0.008100872343665
0.14761485247151 -0.160031240235482 0.177503127316026 0.0526583434875588
0.21827658754067 -0.132206294002997 0.228621117527499 0.167477361928952
0.26626710556908 -0.0167842109156637 0.108005391775344 0.318261243072628
0.265665870951395 0.136520633735297 -0.114414491022912 0.319127922499837
0.175752098532951 0.277494143332801 -0.212166229193326 0.13911789592973
0.0449148159985286 0.335113003130757 -0.0439439804089783 -0.0574446453907027
-0.0780481694483643 0.290837193746703 -0.0397195934159869 -0.231602287925438
0.00660714425691728 0.298911322792772 0.145087918250352 -0.264283960736334
0.132323706098 0.255781987983528 0.138090166430778 -0.358880214746483
0.213899265773264 0.117196887670726 0.0349138766403783 -0.326286973058839
0.211748685624073 -0.00339662152118993 -0.0405285999603442 -0.279068812872066
0.169259028909036 -0.0869415847946822 -0.104913590476753 -0.209150002182746
0.119844077950337 -0.118428422096061 -0.081316325227564 -0.142611120588838
0.11163305043094 -0.120723553347628 0.0108037764912338 -0.0782233596499378
0.121937486945131 -0.11785840965189 0.111241594736362 -0.0573626965995277
0.145834236911839 -0.116038116390621 0.216015652620717 0.0170413011386038
0.199924603720434 -0.0808270564228415 0.264088819326309 0.142847445029409
0.230938282204663 0.0207616271158927 0.1345376772457 0.304362691462358
0.217622169770716 0.16706333653997 -0.106186862237625 0.29139564264035
0.104551698479289 0.28741449385403 -0.208847146636034 0.0868697766022533
-0.0224251091121414 0.299137303231138 -0.025121005758901 -0.157453750637643
-0.0926771554236192 0.205532466959665 -0.0343296133328642 -0.313936583026605
-0.019707478138742 0.246987324176067 0.116637252325294 -0.29711523443058
0.108342482582257 0.213872010853279 0.130604077254268 -0.329754453402161
0.170274756449765 0.0861330547542271 0.0841133668873905 -0.285694429398681
0.157675158380831 -0.000349368853031273 0.0280799934488768 -0.285108150674214
0.131189109194896 -0.0610285531445069 -0.0453826415505751 -0.241005269479776
0.0959644732221646 -0.0821916663550877 -0.034317522546045 -0.184929458986855
0.0946605862292687 -0.0740466454341409 0.0516002423302605 -0.119038363714196
0.105125383509352 -0.0686611306297189 0.151954571915346 -0.0865612777421931
0.121087959463285 -0.0599277883646872 0.249490554690816 0.00811781907461228
0.155239099208153 -0.0233879406906328 0.282448944353793 0.143344212894336
0.168816049866368 0.0543655623977113 0.140388516934885 0.29286690343329
0.142292800980039 0.178569230304921 -0.0920075760581427 0.252664652050794
0.0188159934446602 0.258179172251151 -0.174763871378103 0.0382409112715332
-0.0829183688594327 0.220987800016943 0.0203415870123182 -0.225719736211944
-0.10279044305072 0.0871718620541164 -0.0366090645664929 -0.343532225859555
-0.0469383712811968 0.151750191644284 0.0926503756754812 -0.291763192937082
0.0603441235182621 0.129647078086137 0.132075937041742 -0.293317761531309
0.084934328146455 0.0408837563340862 0.120173207177532 -0.263370908728408
0.0683812577053258 0.0109157332869773 0.0624612824051346 -0.292555405167255
0.0713935052673733 -0.0163702628628087 -0.0125459944393634 -0.257941607147699
0.0586397547560964 -0.0296352015241973 -0.0021356978756393 -0.208172137825946
0.062200366593657 -0.017562583295909 0.083399328555713 -0.139728215554198
0.0688865849371811 -0.0178393930266663 0.184905601194277 -0.0929794184826743
0.0735193447068602 -0.0117426885158271 0.273081328713871 0.0209439196671514
0.0909068498945821 0.0126209562696102 0.282786718791025 0.160103950524768
0.101688804584523 0.0555966484142856 0.134246579563277 0.285921541054067
0.0741696102710873 0.153806055954856 -0.0670900677549178 0.220692600082595
-0.048416224760584 0.190096273676603 -0.121141049343987 0.0130801120626217
-0.118723762815018 0.112088899275432 0.0763086224867487 -0.250071975916005
0.110358301677332 0.012454614643997 -0.081557321353713 0.292622036883362
0.0419948755693472 -0.104419083540903 0.127814880290403 0.0475719930119113
-0.0444153489558787 -0.0864156334708983 0.0628103019732476 -0.222028217657135
-0.0422699261938918 -0.0018203731538825 -0.141733903304404 -0.324530312229128
-0.00459616557553956 -0.00248758149306757 -0.317358962750596 -0.181123770320555
-0.0113684884221299 -0.0178840643299003 -0.322693613486263 -0.00736970518179492
-0.0252475340089249 -0.0287902494490941 -0.242349540993571 0.0999073716614861
-0.0317232426462939 -0.0441839103434942 -0.109474556529174 0.17778347351326
-0.0250174750959873 -0.0501065123493249 -0.0144060563062727 0.211375907025666
-0.00223762558337092 -0.051586695205658 0.0356731874407853 0.263820119167678
0.0227513262879647 -0.0370126992296859 -0.0160556569236575 0.30631626220575
0.0189671027307804 -0.00346312099030469 -0.109925511528686 0.308579082046413
0.00673918676227958 -0.0468413968953291 -0.133549842541546 0.306769633588842
0.0777343056104542 -0.0600291930578473 -0.104832741265662 0.314659524045171
0.117221779613294 0.0431550031078865 0.0619878271585107 0.343266381595254
0.0902082164141184 0.137102622990209 -0.101883915427902 0.238704200761316
0.0602198813986293 0.00402255195620853 0.112390079823292 0.00688466813548167
-0.000547285896898866 -0.0106815492498473 0.0550249816063123 -0.248584995077506
0.0148828366067038 0.0335431546122282 -0.136818440076967 -0.33034810400557
0.06111837117209 -0.00111123837874362 -0.298472115040655 -0.200983782141275
0.0481664871066945 -0.0473883555011588 -0.31919505862317 -0.0389736762431994
0.0205160663792483 -0.0756035017035436 -0.245478167241371 0.0713650089100758
0.00987949414943735 -0.105411076265293 -0.112573997745835 0.151730563705686
0.0188705603049427 -0.116325036821521 -0.0067541775049926 0.178805295545017
0.0549197269442231 -0.124419947227205 0.0689462915811339 0.229405246720832
0.115147004740292 -0.0982130615047571 0.0481425452165274 0.29538220745588
0.141394651101658 -0.00963000908242816 -0.0605416276757525 0.332221331639051
0.120776164753192 0.027642537300377 -0.132705030550511 0.324922227984227
0.146274704556221 0.0635715709898381 -0.122215067601988 0.279321518453126
0.141795091965645 0.171102699610242 0.0363043804086846 0.277399113437292
0.054311363252269 0.247259220763259 -0.0999385077154287 0.146143197232412
0.0670509123661671 0.124417747891298 0.128351201796462 -0.0589650660725381
0.0541004972831137 0.081681247040186 0.0701971423442844 -0.304135796209897
0.0880512050811135 0.0676626444982014 -0.124953832381919 -0.354037225881987
0.129661070737671 -0.00393713262788978 -0.270267377534388 -0.222946763211504
0.105231659948316 -0.0753324748340339 -0.296923533752985 -0.0732183253062439
0.0648065342858321 -0.115130260942522 -0.230027050209632 0.0312136288820367
0.0493102184653902 -0.150755692478829 -0.100986163989062 0.105132210828271
0.0575899153067411 -0.164745019045412 0.0106606417591464 0.122675593492471
0.0952113166186498 -0.179060110379306 0.111692879354366 0.169741577176058
0.175054126513732 -0.154653994688676 0.12866449573476 0.255418280311497
0.230665119885472 -0.0396584601295454 0.0168523182508905 0.344098141076208
0.223879601416913 0.0651044433578285 -0.115891432488788 0.347366424346595
0.208392933337179 0.159275844921795 -0.150050072196552 0.248516239041054
0.151233784525991 0.270927621481898 0.000623129662606087 0.181245586608799
0.0146176456815894 0.32270244954644 -0.0844700998140943 0.0236422734677036
0.0688735242699653 0.234114818449964 0.149368964631822 -0.138091203580312
0.114454258537087 0.173973993812737 0.0950669286838042 -0.361271891786793
0.169240762574066 0.0936006152226184 -0.098228205176992 -0.375815112886079
0.192221788485661 -0.0143306867201862 -0.223879134846383 -0.247695554206777
0.150282177683087 -0.102121012718929 -0.255936239279196 -0.113194690543437
0.0983529034812917 -0.142566410737262 -0.196192553824595 -0.0202659483450378
0.0810999042354618 -0.172667873307665 -0.0747225836684313 0.0451015167979504
0.088207649580363 -0.18504922907049 0.0366054949300665 0.0528497978400291
0.121075563804714 -0.202275556134835 0.152247455717501 0.0981441237563596
0.205629269390192 -0.182216107314641 0.202885759013011 0.198804598776586
0.274839640666457 -0.0600354446289506 0.0931751747940367 0.337775069039887
0.28669972064591 0.0858713578717506 -0.0955076469287692 0.358704397317297
0.237526512077832 0.22729951480078 -0.181955584994068 0.216085957178017
0.13307324892979 0.331190306953342 -0.0345966565219114 0.0666024368537655
-0.0209703890342122 0.347904443573034 -0.0694830679969658 -0.112023912899409
0.060424914857626 0.303204974072047 0.150387344043345 -0.220388257538804
0.157583821932991 0.23889357037732 0.10829155759129 -0.393286625184661
0.226770480846679 0.106183365730985 -0.0528883099714868 -0.376335169332702
0.228807511748649 -0.0237386825998553 -0.154343638967767 -0.271064526020388
0.173869034842003 -0.116798099266837 -0.197171171447157 -0.159053931848039
0.11564604883301 -0.152377422915693 -0.150735288711163 -0.0794888157054165
0.101384894122306 -0.169282802263119 -0.039411915066608 -0.0215208820639348
0.108532899356998 -0.175086928162973 0.0700293468858609 -0.0167053709694738
0.138465460005963 -0.1859647473135 0.189901821351642 0.0337452435806582
0.213390980388043 -0.163084659456193 0.256617992316459 0.146555392804272
0.277278101328172 -0.0460905967849663 0.148139201255311 0.320213669557052
0.292048738251437 0.114873070543252 -0.0840842125267158 0.349500265297536
0.213413862631314 0.272008346087723 -0.206951742770733 0.172605259426574
0.0810169907671085 0.347861293518888 -0.0537661947684374 -0.0529407450163968
-0.050205136380765 0.314233227170571 -0.062946369430649 -0.236767187414305
0.0382678231670708 0.312630684017976 0.126768828931638 -0.288396880251143
0.163787688706824 0.25361230676827 0.107237303043692 -0.390342063835191
0.235768785113069 0.10062225595317 0.00287461903533711 -0.347852733414937
0.221965992402953 -0.025599757022559 -0.0731315844342914 -0.289306106240703
0.167442600511364 -0.110548068501104 -0.131269279207907 -0.206420666554582
0.112734520652084 -0.137181563185849 -0.100520225800052 -0.139951977993991
0.105359293562555 -0.13913600061043 0.00162068617338443 -0.0836955744142436
0.114942724808579 -0.138079513699711 0.107963346669582 -0.0735015601421512
0.141076176054271 -0.138203143736955 0.226216677908798 -0.00808238739303246
0.200448065445431 -0.106423138614861 0.292007770253937 0.116226203971738
0.243375855967499 -0.00176727958464378 0.174191467859858 0.303104507430018
0.244127482027602 0.151906002800079 -0.0780537489666682 0.318666733251236
0.140594352811126 0.289291577236484 -0.208692045121236 0.116790635704492
0.00972319318785217 0.316639791372349 -0.0438365144312938 -0.160432807638903
-0.0743710526112685 0.226596297352061 -0.0656189098691906 -0.324242046236207
0.00724854568869447 0.260860181600315 0.0935893630629011 -0.32196099188658
0.134803781118306 0.211604447407955 0.102068857612454 -0.359236962926512
0.186017049698463 0.0722762083504775 0.0584411521995355 -0.310420030636181
0.165315825135047 -0.0165397306660733 -0.00204920770454797 -0.30223822228234
0.130251034579647 -0.0784150925781783 -0.0719672235412683 -0.246928979247833
0.0921419760409811 -0.0972025826060454 -0.0555332813829969 -0.190478130060755
0.0927101740979807 -0.0880462137891344 0.0412740399402199 -0.131243107164543
0.103157140035957 -0.0837445124891888 0.147980774546194 -0.109068469668345
0.120792042261806 -0.0757662094025397 0.261554815553984 -0.0211289638872232
0.159681111739038 -0.0408192219993347 0.311091281752842 0.115705064796531
0.182066889855081 0.0397337305010065 0.179060073352867 0.290515961504881
0.166351782582014 0.171283502402702 -0.0687898451041618 0.276141765700628
0.0477356844096571 0.268025268370947 -0.1778813502253 0.0617364836680909
-0.0621479920598793 0.240606267839745 -0.00441763923617754 -0.236657266013206
-0.096425550347292 0.103062095629909 -0.0705740173985666 -0.35739192285971
-0.031754425105571 0.164126529646386 0.0697721716476956 -0.314396323980177
0.0754851145181099 0.12745338397268 0.10777567058629 -0.320915210115441
0.0920735151636268 0.0343359682529467 0.0977217269613498 -0.291991327274913
0.0730631966579704 0.00492555917044174 0.0335388833647484 -0.313763478972615
0.0718712964712863 -0.0258246427916448 -0.039679304353297 -0.268347708739378
0.0591707692858508 -0.0370079089815829 -0.0237755558464756 -0.217909332876518
0.0648261452651585 -0.0245475568357471 0.0718598033258875 -0.156732778446636
0.0707511191833061 -0.0253783057310166 0.181952344753268 -0.119196283881732
0.0760429162547409 -0.0190113482344646 0.287339328083043 -0.0106054021037877
0.0967557965342084 0.00428725099160758 0.313730213019306 0.134050696408155
0.11189164928491 0.0487299542865068 0.17117202106972 0.284593575458054
0.0929519341812258 0.151117432299527 -0.046775955648427 0.23985113695512
-0.0292132382095968 0.202140270181144 -0.124456169665168 0.0286065382796884
-0.110690782238649 0.129946974769695 0.052266679467011 -0.269163479953707
0.111225943192632 0.00142858917018776 -0.0508172914687063 0.300348025227768
0.0310771367482469 -0.105448931923879 0.133540639048256 0.0329835803957944
-0.0521284113481671 -0.0789416994840438 0.0407261487118594 -0.227703693216551
-0.0398962777908647 0.00244963771875162 -0.174402828579542 -0.308988338841332
-0.00399180577869542 -0.00325856928886646 -0.33282616155543 -0.14724048045088
-0.013157280715293 -0.0171065507601621 -0.321751905022422 0.0273234301906323
-0.0281822381770761 -0.0258164561763281 -0.231658525775982 0.126453289549287
-0.0365290607136574 -0.0401447046863483 -0.0921039227857215 0.18927118829476
-0.0308391178865647 -0.0476023399261819 0.00460105169570797 0.212354413845126
-0.00807735976009931 -0.0524812820584485 0.060165311749218 0.257100433046957
0.0197713981830365 -0.0392663757664733 0.0129014834969128 0.304427779115383
0.0203997043727258 -0.00582564638746957 -0.0792650905299419 0.317801624877734
0.00383189421239547 -0.04531277718271 -0.101786031040795 0.317823481015332
0.0696855531298197 -0.0658168469172423 -0.0754574892229181 0.324170897990366
0.12059785134427 0.0311432674214999 0.0899788927644385 0.33557405398282
0.10248625222755 0.126603354708859 -0.0759102863200616 0.249557590429619
0.0585607859293842 0.000210679808398214 0.113351479669475 -0.0036356774995752
-0.00182499688248926 -0.0083536251573532 0.0308783903741446 -0.25332287392673
0.0197293347220953 0.032272943303562 -0.169809824505381 -0.315622476054421
0.0619456445769821 -0.00844476545476035 -0.316334628078195 -0.169978632533716
0.042654429040091 -0.0519542756058281 -0.320306831941407 -0.00532927138665239
0.0130702437538222 -0.0769940970683904 -0.237665135475308 0.0978294477020245
-0.000774504573558409 -0.105595317671156 -0.09778628752464 0.163847492456463
0.00640490943199985 -0.118273428723042 0.00866038056344568 0.17901028715426
0.0415010470357364 -0.13068260456519 0.087974018463902 0.219649124686155
0.104612653071442 -0.109756180057253 0.0762691598145639 0.285753241475359
0.141362167754717 -0.0247219243290558 -0.0274091057493363 0.336493147040978
0.124149761953817 0.016842375670158 -0.0983782167634445 0.336157894656809
0.150032196943022 0.0505305710897303 -0.0952674420401343 0.292444961712076
0.156608365199674 0.157722340884366 0.0589439728757508 0.273783637369688
0.0779290933156082 0.239218100010534 -0.0818745876454446 0.15771242279513
0.0769801926769181 0.118729080058483 0.123563533246818 -0.0687650833690796
0.0604050503444494 0.0782294340748833 0.0411678382792 -0.309075609396016
0.095144638190781 0.0597174222691217 -0.159292895547623 -0.341086311103569
0.129195011905758 -0.0174622884137984 -0.289757420333595 -0.194791885098697
0.0967794417161738 -0.0860430489363238 -0.302234215076138 -0.0409886665191008
0.0526937262702014 -0.120564168579868 -0.226059702985316 0.0555780424024357
0.0344503051898903 -0.155189590920278 -0.0913175196071486 0.115470419394041
0.0397169653330384 -0.170655768679211 0.0198875343875637 0.121869223534171
0.0765666088837635 -0.189548962543675 0.124651203173491 0.155156259550871
0.15895296846749 -0.172989588867271 0.15171936859776 0.23767290673231
0.225921915181327 -0.0630110071508642 0.0509173283142216 0.340091989700082
0.229654388593704 0.0443721630848396 -0.0792717365090415 0.358152312524784
0.221812175331132 0.138756771885674 -0.124466804604215 0.264944036353248
0.175562166733686 0.255801813614431 0.0151822275714556 0.182941115921076
0.046403326884027 0.319568758318966 -0.0785230877997298 0.0354823617282345
0.0896418422026253 0.225812708672572 0.13729681881161 -0.148911478427617
0.128558688217951 0.162902587605806 0.0602001448610662 -0.36654354766332
0.177316486948995 0.0774453246093873 -0.133761687861667 -0.365226165952517
0.189822864362187 -0.0335509984463319 -0.246367736608818 -0.224025233796617
0.137975539891906 -0.116049473671084 -0.264653199738417 -0.084631288689276
0.0837583906220154 -0.151392378241328 -0.197531100492855 0.00107979572795779
0.0639741598814092 -0.180718757587778 -0.0716050447171835 0.0524418381645647
0.0681232697906513 -0.194847236340808 0.0393803872765796 0.0494308286230026
0.100644948374373 -0.214603227471424 0.157619111907708 0.0807303563318937
0.185789770193024 -0.201063549744536 0.218453211189398 0.173609518989602
0.267375336800043 -0.087781055969851 0.125543637744399 0.325354909202525
0.293091131872878 0.0582787689486235 -0.0573960666800381 0.367425298145572
0.257209429714992 0.202777292227865 -0.15958922231761 0.236652622556698
0.163112903646659 0.318659123695018 -0.0297535598569829 0.0730767473074124
0.0141342073352934 0.347869912684707 -0.0772550390515829 -0.102192088780426
0.088835639466528 0.295909000708374 0.130487056122825 -0.229579393478514
0.177613636251183 0.222657536015243 0.0708273684393926 -0.40051930302738
0.236091623755172 0.0841251267234965 -0.0891459339212335 -0.370125517839752
0.225949871158196 -0.0462817411373966 -0.179840658817796 -0.253916486499349
0.160366983056887 -0.133784761073048 -0.211347678153506 -0.136580028384623
0.0995073170095007 -0.162814810406305 -0.157721895001939 -0.0629486873702621
0.0843184407884291 -0.178876894906557 -0.0424161182339972 -0.0179510077575222
0.0899995768757727 -0.186459378055457 0.0647430913489444 -0.0236395868549042
0.118757589464947 -0.199990071512452 0.189349414853555 0.0125317881106923
0.195075694996762 -0.184310601902445 0.267466753845053 0.114908749380619
0.271302281983289 -0.0733593319408261 0.178284648597396 0.301605222704046
0.300450043934441 0.0862638266857605 -0.0464013846229799 0.35689308684465
0.238105894803474 0.249070641794113 -0.187081305398 0.19537667112673
0.11442174913615 0.338933850906462 -0.0594010936493184 -0.0441500586177989
-0.0183398730169394 0.317129650721713 -0.0822022807111366 -0.22732323877323
0.0685230825765516 0.306938337203019 0.101316691415465 -0.295211695648037
0.185993158466104 0.236347783611044 0.0692536529043639 -0.397060649872341
0.24322608706422 0.0769003317028248 -0.0315181910861956 -0.347013915898042
0.218909888851582 -0.0474624161604112 -0.101770847734836 -0.279213181719144
0.154783267808262 -0.12707902478777 -0.150112940114431 -0.191331016761761
0.0979842537825624 -0.147243507333858 -0.113577051719835 -0.128453104955842
0.0914185866652717 -0.149102715095679 -0.00751367405900791 -0.0843461963605139
0.100833184774755 -0.149178764782057 0.0975353840620767 -0.0846511501617029
0.126230550122897 -0.152396545598822 0.221855820221632 -0.0325059622703975
0.187884613270629 -0.125967864883771 0.300377323718563 0.0821342859631135
0.241375164109905 -0.0258601156513968 0.203177133089992 0.282563881594203
0.255522588651853 0.12773143296902 -0.0447683764967555 0.325169133890673
0.167203325683285 0.272828195070707 -0.194478136239413 0.139743404482854
0.0401286056688071 0.313984033114475 -0.0607160960391076 -0.152585009846854
-0.050112439371557 0.233201584176906 -0.0931541881770794 -0.316020554229031
0.0329524992792056 0.258295766762736 0.0658223338912231 -0.326868654485399
0.153069699207201 0.195961387838083 0.0678886382799839 -0.366186159378203
0.191435890718598 0.0543901469145064 0.0272810911908978 -0.315809220342607
0.163118032032966 -0.0323821330292616 -0.0329474924008686 -0.299554603420019
0.12022275891672 -0.0915936385672505 -0.0958501739281775 -0.236761475178437
0.0821586955249009 -0.105998080297924 -0.073362020071891 -0.183474066727099
0.0847542123552345 -0.0969085816838526 0.0274934938871525 -0.135810706989098
0.0937874308859774 -0.0936834993787873 0.134368146306138 -0.123576311185408
0.113272167142203 -0.08728473436941 0.256128274077803 -0.04861765374301
0.153718121264464 -0.0564033819599758 0.319411948807884 0.0797356613482677
0.184006423145057 0.0226205220460513 0.206060019052078 0.2692982679461
0.179703753450517 0.153248936473204 -0.0393825984448171 0.28215182021262
0.0743511558201298 0.259770954222855 -0.168790708645104 0.081001081990546
-0.0375931741721176 0.244948574848468 -0.0283953535317468 -0.233238822531691
-0.0835810724343935 0.112560349498259 -0.101889565818742 -0.349643843612434
-0.01418578199558 0.165385101213376 0.0424189773920549 -0.319434189893252
0.0860234689957175 0.117802522201501 0.0759543463878468 -0.32991407115751
0.0935901942539373 0.0257167096873419 0.0677503265758887 -0.301628094328559
0.0728725807236098 -0.00148642986206267 3.08574649955403E-06 -0.313015161321317
0.0677014580511856 -0.0333267250830707 -0.0653760896956436 -0.2623050603005
0.0555312676926284 -0.0428968425310339 -0.0456497551258991 -0.214301783805908
0.0638695369288169 -0.0304154902541218 0.0551270072846606 -0.164359041645065
0.0676451576186049 -0.0318635913586829 0.166680146779397 -0.137716861844969
0.0742959416873605 -0.0254575594685682 0.284171768164112 -0.0409237223421129
0.0957717627409787 -0.00524958608653617 0.324367424957421 0.0992545889536757
0.115341779270993 0.0376381740229095 0.19840755031603 0.264629788829973
0.104693030751947 0.13995103695153 -0.0222100645149576 0.243311661643173
-0.00863066963832784 0.202264570959781 -0.119869123419788 0.04240336998263
-0.0954992773701356 0.139080828923965 0.024009034400329 -0.271255751897661
0.10748013201039 -0.00541753295694241 -0.0292110062404166 0.294709429800872
0.0238484882316277 -0.101731642963733 0.13210064323701 0.0229406047390689
-0.0536577259516363 -0.0711704674860823 0.0262640672632414 -0.223252308185826
-0.0367559081885346 0.00382120952824765 -0.187890886825009 -0.288792191623894
-0.00363821425984029 -0.00452852161025787 -0.329482887887094 -0.122947377667616
-0.0138304338121228 -0.0159927959981591 -0.308336240605316 0.0472549820769663
-0.0288543726379603 -0.0228134736339026 -0.217241919009658 0.139014511526175
-0.0373837450454037 -0.0359454714816325 -0.0792654010093926 0.190206880441247
-0.033541752171866 -0.0438830702369902 0.0155092728544986 0.206241601575299
-0.0115066403505478 -0.0515875021851779 0.069889028000033 0.244200150494276
0.0177998275613485 -0.0400608933110503 0.02865017401304 0.293686945049451
0.0208324442673708 -0.00765968811476763 -0.0587757774486088 0.313160270015066
0.00198741421090708 -0.0428518463518736 -0.0807246458573655 0.312710334600314
0.0625060635312651 -0.0653674020778529 -0.0557551090325106 0.319372986106726
0.118067106518493 0.0236196314561251 0.100775084013586 0.321998367206887
0.106623102442357 0.116326409142025 -0.0567121102958844 0.247287233429385
0.0556325298647128 -0.00116830058885312 0.111462546498699 -0.0102952672789293
-0.00255154364614577 -0.00519193107599053 0.0156605947560368 -0.247103421280981
0.022631623494157 0.0303003616209161 -0.182331991971503 -0.296536917376002
0.0597651913003545 -0.0129933596023054 -0.313656308116506 -0.146152113230528
0.0386842274586676 -0.0533698154603746 -0.309605259414106 0.0156209190732994
0.00836664540703631 -0.0749721763648827 -0.225393253796304 0.110529605137931
-0.00718101964617642 -0.101521465020256 -0.0861903203600726 0.165595812178966
-0.00169837468324649 -0.115474426736834 0.0169179755566728 0.17428315366973
0.0317672684093316 -0.130087770353851 0.0953770421594152 0.206577338613326
0.0958737714547579 -0.112764560879933 0.0883135924917555 0.270504972974792
0.136606512545429 -0.0328394733374677 -0.00744610353210073 0.32715925059657
0.121901214872866 0.0106919648833258 -0.075478949737455 0.331515528287617
0.146463005326292 0.0421606106738706 -0.0768553063818238 0.290696852907993
0.15965042966724 0.144692441372427 0.0683892776501622 0.26538680380699
0.0886069630911293 0.226229576452901 -0.0675866010797107 0.16003938052045
0.0800040588208194 0.111376535891674 0.117788311011554 -0.0718357228643813
0.061688047245124 0.074262877081037 0.0232407870826411 -0.300990975470515
0.0960972342983153 0.0522332660329322 -0.172987827850071 -0.320710378461537
0.124288901669593 -0.0252704634075668 -0.290076198475384 -0.172233655768175
0.0880786724934661 -0.0882888758911062 -0.293820514960946 -0.0204894122179264
0.0440443265040134 -0.119652535924305 -0.215408858692173 0.0686622457381908
0.0244228517901617 -0.152576109068627 -0.0825643661180931 0.118552921676336
0.0276465085955204 -0.168167006894958 0.024522255194283 0.117283322693279
0.0624565217526663 -0.189095170239607 0.126757915351391 0.142612583898327
0.143839773439884 -0.176993487910071 0.158891513532359 0.218389729886867
0.215946012416596 -0.0742764399922647 0.0675637143921697 0.325524031654765
0.225632007801096 0.0301594974691565 -0.0544654957112512 0.351487528063921
0.221015054177271 0.123294437371351 -0.105686127563966 0.266368043103579
0.182813460109841 0.240785956581069 0.0223283174773628 0.179449722880929
0.0631503017651195 0.305299528354222 -0.0697810745430016 0.0409927650749575
0.0974871254354256 0.21458043195149 0.127370317950549 -0.147940131014496
0.131753985027479 0.152466791969562 0.0385975052265871 -0.358159170112636
0.176798796783454 0.0656571153576905 -0.150118846204724 -0.346724429298143
0.182092433949189 -0.0438303448285333 -0.250352643161047 -0.202363240658687
0.126350660986422 -0.120723891301374 -0.260795379036462 -0.0654335874768329
0.0721857662527369 -0.151227633858851 -0.191008051088903 0.0143434917908466
0.0520551335016686 -0.179188503750034 -0.0671682387205105 0.0559316202839348
0.053992733469907 -0.193412607414913 0.0393533056423056 0.0459620433545153
0.083886493642699 -0.215035815399808 0.154701493755542 0.0675093063192117
0.167714806155313 -0.206854369470808 0.219261436328369 0.151204081417891
0.254103737652199 -0.0997878319248113 0.13992442403198 0.305809034866679
0.287127737192749 0.0396916023325096 -0.0323872429771945 0.35921035008536
0.258810654648727 0.18266564594857 -0.140126379840757 0.241113712457189
0.17431924994906 0.300725716325915 -0.0252614954192709 0.0756876576057842
0.0337692304138442 0.334735171592098 -0.0760888558827877 -0.0920487141068791
0.10138316481153 0.281725554058315 0.116826382791115 -0.226617157756817
0.18257051884093 0.206759176168175 0.0471384314018474 -0.390640705510163
0.232890181186698 0.0690158062854894 -0.107793769307985 -0.353073034795982
0.216997833264719 -0.0583368191556285 -0.188808321912459 -0.235118741909455
0.145480947560819 -0.138585934148642 -0.211218080222606 -0.118374805048566
0.0868973282754609 -0.163139001009517 -0.155969090125743 -0.050974885299464
0.07226293383876 -0.178750173056693 -0.0428611771078322 -0.0144922254363338
0.0760553347371445 -0.186788493397851 0.0591019485389833 -0.0264025961315143
0.103432908759181 -0.201972148011543 0.180575870841436 0.000297929697053715
0.177713644889865 -0.189747551744832 0.263120632655292 0.0912254738924477
0.257709882698218 -0.0857701106708381 0.189680112972487 0.280726375796467
0.294689394617891 0.0670878435335741 -0.0224922903550588 0.349492420879262
0.243710129520482 0.227259919859052 -0.168573515885472 0.202823826820877
0.128297571834565 0.323288021614179 -0.0602060660865731 -0.0360053346336441
0.00205852701463783 0.307459816819697 -0.0882102792202399 -0.213750991322557
0.0834132969904666 0.293055266503825 0.0851211903777847 -0.289082698450415
0.191793772326932 0.218725468653365 0.0454149763274344 -0.386981150231062
0.239268792502689 0.0612060261214135 -0.0500123766637124 -0.334927125091269
0.208888464330985 -0.0583003292535991 -0.114513758490941 -0.263392319288069
0.14036566874334 -0.131935251864907 -0.155279241807955 -0.17413297259696
0.0865539077597786 -0.149406793789939 -0.117040524090591 -0.117218614412554
0.0807320642238435 -0.15046477533697 -0.0126259546196923 -0.0815375276721791
0.08886690007727 -0.150704448072408 0.0871867327347962 -0.0880867326987222
0.113281921679605 -0.155333836823696 0.210375811726934 -0.0457400608880069
0.173540477304357 -0.133269178375018 0.2921149038918 0.0582621096362815
0.231675850741561 -0.0383221590496145 0.211840710075072 0.259226606404151
0.252739326177707 0.109313896743838 -0.0231502191850887 0.318966286001421
0.176976429294199 0.253857480198741 -0.177231921798115 0.148900803448362
0.0553533306751864 0.303075621087604 -0.0674489521791986 -0.14202682640359
-0.0333543756657821 0.228218573576934 -0.104133559194875 -0.300382146901321
0.047568299338809 0.248220178034565 0.0487728377951943 -0.318777987935489
0.15763172892569 0.180950566634618 0.0457650987425921 -0.358000143012422
0.187476173384897 0.0420913993767302 0.00841398714844306 -0.30809001038591
0.156343995666319 -0.040509636296079 -0.0497161000607992 -0.287185328952218
0.109135129089006 -0.0961175179191189 -0.106044136788706 -0.222998717003549
0.0731256263222026 -0.107500154431796 -0.0816445066480499 -0.172959990358269
0.077503444091938 -0.0990144527542625 0.0172852799577438 -0.134014040056199
0.0856799017606231 -0.0960310300240134 0.120343924664083 -0.127987732530037
0.104487765430185 -0.0911301435362634 0.242998268885739 -0.0638177949779902
0.144831468273038 -0.0633511196504408 0.311560210465026 0.0549565418022479
0.178732435832444 0.0118181127951993 0.214194380699985 0.24778031984506
0.17998757386266 0.137630819558443 -0.0216140420044772 0.276158585872958
0.0860486303954703 0.246147727562547 -0.156693002496541 0.0896364238825935
-0.0228120626141618 0.239297630633565 -0.04201376274407 -0.222284475054019
-0.0722831140619259 0.112821158726507 -0.114345893953981 -0.3333393316055
-0.00337426721441954 0.160616897548633 0.0260383555439559 -0.312718093975789
0.0882206187135326 0.10778458727654 0.0556373011904475 -0.323136757199515
0.0912623960132859 0.0205303507359458 0.0472640126821862 -0.296945898813584
0.0714601766257354 -0.00471109296871795 -0.0187644656390295 -0.30152106264981
0.0623859505927436 -0.0361014074838732 -0.0771805656176452 -0.248679532152736
0.0513674540178791 -0.0447930120222711 -0.0559401692571867 -0.204651091567945
0.0622076773079237 -0.0333241475052432 0.0438608213096834 -0.163805561173208
0.0641862171275046 -0.0338381071439457 0.151879098834143 -0.143612239498287
0.0708970387380493 -0.0282323261169053 0.271261572897727 -0.0574204156431869
0.0925643480575747 -0.0102166358145973 0.31816053741187 0.0739049715055593
0.112608610061628 0.0310317851029232 0.206287995868178 0.243560768472706
0.106991643055389 0.128985753607375 -0.0084671262219139 0.237411677181575
0.00399080511920738 0.19395856110255 -0.111928953434436 0.0493790733014634
-0.0844110762105016 0.139057483549797 0.00662515516711539 -0.262314751243223
0.105284367877208 -0.00779679769210127 -0.0210732889069817 0.289689379579683
0.0217477858812595 -0.0976076219456054 0.131000858177671 0.0189781451329523
-0.05194151888929 -0.0669154716802098 0.0219113420995425 -0.219420130002601
-0.0345999060232226 0.00365880419208977 -0.190583722163622 -0.280495435463151
-0.00291138769734995 -0.00594265450751799 -0.323861549639882 -0.1145838511619
-0.013643049591993 -0.0155732526649701 -0.299554590979472 0.0540226818841024
-0.0285088295044665 -0.02217616135941 -0.209589201911184 0.14276644785449
-0.0366908596554488 -0.0339994396300123 -0.0751988973478463 0.189937135134445
-0.0346442252961433 -0.0424141432405287 0.0173635607545138 0.204119047508443
-0.0127577201367734 -0.0506045876669162 0.070330582234918 0.238272896013655
0.0179531876753947 -0.0400138547674217 0.031932655942374 0.286741114583263
0.0223653527005213 -0.00827953716882091 -0.0526825758112352 0.309554221586731
0.00240208209085972 -0.0404990198754902 -0.0734774183005487 0.307426728185158
0.0589487042749221 -0.0623899907825625 -0.0518695422932382 0.314886991604586
0.115569714842734 0.02221317847461 0.0994717479862103 0.31715465241501
0.106258140583854 0.111267092623916 -0.0479349474213387 0.244795975742768
0.0535751174732792 0.000291772178827309 0.1109142958552 -0.0111193798958813
-0.00219715623767078 -0.00283691405420549 0.0123556329923177 -0.242339443460427
0.0237636627620525 0.0288378749556185 -0.184059419293675 -0.288528854177858
0.059057629081543 -0.0149705651983355 -0.308363983662794 -0.137985590125028
0.0366699209331695 -0.0526927983076805 -0.301902074299448 0.0226433298740629
0.00717647022835117 -0.0737165076142113 -0.218203945984112 0.115818282846584
-0.00799111078995414 -0.100036001255147 -0.0829601225394442 0.165668836862631
-0.00438716844132143 -0.113857584064018 0.0177945736595249 0.172669475267372
0.0286845721859064 -0.129249881368247 0.0945140489353103 0.2009967303112
0.0926287010866172 -0.112915919178709 0.0894085466165593 0.262400136375597
0.134542674452554 -0.0348678551490154 -0.00212081592224202 0.322141465208287
0.120983367275896 0.00998729323568629 -0.0678879585230239 0.326786245440132
0.143484712488627 0.0408888072556729 -0.0713471187150955 0.288989267406051
0.157067539146386 0.141004483761035 0.067561402680602 0.261778233115935
0.0903191837852756 0.219397013641983 -0.059759484128536 0.15996477459765
0.0784941922710939 0.109872870844604 0.116449505056934 -0.0700665278503003
0.0607615893264997 0.0741922555585462 0.0199413342328218 -0.295675536889468
0.0960769686980541 0.0503251096018527 -0.174825119254846 -0.313090823132751
0.122095521587159 -0.0275592107110251 -0.286669088067331 -0.164650632191142
0.0843419093586201 -0.0881684108587242 -0.287131467581869 -0.0136671404217055
0.0416142436831226 -0.118377412988865 -0.210176907970799 0.0729344268028587
0.0217422012556354 -0.149804370879668 -0.0802667298743711 0.118952441206539
0.023870386621493 -0.166643730592019 0.0246885332948574 0.116001184983226
0.0572262819758622 -0.188417343934872 0.123903461437128 0.137857639684703
0.138242596484464 -0.176259595203521 0.157380671004879 0.208200351890549
0.211693174894106 -0.0768886355172988 0.0713867732889202 0.318457607295243
0.221867067845226 0.0272690488857606 -0.0462088882387161 0.346822454577571
0.217617784704663 0.119138106920734 -0.09947506777148 0.266013818181577
0.181471058002206 0.235222926765604 0.0230688573753451 0.179493524084002
0.0660692915983705 0.297197270954826 -0.0637440774947157 0.0437404936602283
0.0975167531740961 0.210095295318538 0.125996809960821 -0.145280164600049
0.129920939714403 0.149481968594167 0.034515556670669 -0.351244982616996
0.1749023805248 0.0622628746765704 -0.152903183240792 -0.337872085867533
0.178630665935029 -0.0460813206976255 -0.247721583660446 -0.194158348094036
0.120968279113702 -0.120345735477275 -0.255668347706674 -0.0580127895853074
0.0684399102691132 -0.149930530436288 -0.186917298409208 0.0186104237196175
0.0483137979392282 -0.177491843856016 -0.066356707318952 0.0564822464858582
0.0489752263913369 -0.191415248000412 0.0369718946610999 0.0454231412170489
0.0787594372556604 -0.21410275994785 0.149413613958506 0.063500846512248
0.160715885462339 -0.20643591981986 0.214880216444496 0.140670780671504
0.248631313161551 -0.10267712310018 0.14213381612815 0.297805368632711
0.281395081916813 0.0361340649560596 -0.0250019538916282 0.354167961476491
0.255923473928616 0.176273828552431 -0.131970953146169 0.241678636713658
0.174356220331068 0.294996107198351 -0.0250084791126433 0.0779212396905504
0.0392019227409433 0.326903260807912 -0.0713360094573413 -0.0874285147821641
0.102959250049036 0.274880712186238 0.114820777568937 -0.221274998814519
0.179841500502219 0.201550968369605 0.0412150817103819 -0.383072867152219
0.230477917825295 0.0645310705468856 -0.110188330212228 -0.344760965170318
0.211893825431175 -0.0607534858262766 -0.189149497153296 -0.227283615033039
0.139938164464193 -0.137970601079803 -0.208300133454852 -0.111363680128879
0.0824642176203307 -0.161764265229655 -0.153242194431503 -0.0461171377001065
0.0686953747871028 -0.177624247202646 -0.0433347069956485 -0.0135617659079487
0.0712306970721825 -0.184630364042722 0.0558705050477664 -0.0270170535683123
0.0972371155271359 -0.20156927758465 0.174298996595611 -0.00310590822431683
0.170770533131911 -0.189856071893775 0.256284352888782 0.0822297400633694
0.25190569897011 -0.0884871667682217 0.190000076393872 0.270679220217271
0.289553163776933 0.06232663805246 -0.0154383894199039 0.344411638485258
0.241475895752259 0.219470596324687 -0.159552289866679 0.204619621071122
0.129974626620201 0.317947814690462 -0.0603853213050561 -0.032186980697948
0.00727885996952346 0.301206116686885 -0.0849735516816602 -0.20758421696335
0.0860815287314687 0.286357645722073 0.0829452074235532 -0.283205894334678
0.189798140348044 0.212253802387411 0.040464588590087 -0.379856508198656
0.236190286515352 0.0568559144621107 -0.0537018214481967 -0.327909966716041
0.204565355914921 -0.0608417246267097 -0.11643190022044 -0.255289145768452
0.134237582706386 -0.131425967448763 -0.154674806796741 -0.167433052245477
0.0818824817066879 -0.148176906144495 -0.116708696151768 -0.111843334686392
0.0780681527386968 -0.150564561236508 -0.0150696630352901 -0.0801777826144691
0.0841593887477831 -0.149955356356485 0.0820855829239238 -0.0878829769610651
0.108212893394167 -0.155931214272712 0.203513106417409 -0.0491429932606235
0.167148349909182 -0.133615461277644 0.285311549295695 0.0489041702573246
0.226090237043449 -0.0400458665985735 0.211936131266463 0.250635409263262
0.247839370809147 0.104199825990215 -0.0163458560948883 0.314041256864795
0.176402197704614 0.245505511154528 -0.16921429075352 0.151011142848954
0.0589757013857037 0.297139111279097 -0.0692426883249147 -0.135769439117623
-0.0284309689898208 0.223942131354922 -0.101729262133775 -0.293277896291732
0.0513706523393741 0.242100705389995 0.0462872046901034 -0.314157974380994
0.155532796802639 0.174357996762254 0.0404377905350245 -0.350968167684274
0.184606262399414 0.038783535179947 0.00330299883690147 -0.303787896890835
0.153172099834719 -0.042436826561486 -0.0536441658136541 -0.278524228378377
0.104134917549187 -0.0957836439034105 -0.106406649109497 -0.215318720933229
0.0701091277630396 -0.107150667838176 -0.0831159230718814 -0.167551623745211
0.0761849081492087 -0.0996128154869971 0.0139686910135321 -0.133631599412358
0.083002690565881 -0.0953373768860392 0.11401910798741 -0.128387690662623
0.101199043507902 -0.0915953470020971 0.235997021245579 -0.0684324939042521
0.140659363058759 -0.0641021438318918 0.304980247131696 0.0458833021551074
0.174652421446072 0.00910556680797112 0.21449908195359 0.23911606328737
0.176677737949972 0.132916454759136 -0.0164613732735147 0.272514019069274
0.0876165719166048 0.238551993436202 -0.14991775334877 0.0931966811953937
-0.0189176010934607 0.234725399194979 -0.0456377041073052 -0.215404577771039
-0.0674772143469145 0.111971447689325 -0.112476067626858 -0.327794340346138
0.000104549171111857 0.156168027837555 0.0228284177052239 -0.309105444482074
0.0863767219462548 0.103974068306988 0.0506321508004942 -0.318094749121679
0.0892650483649635 0.0191517645225487 0.0420774827902029 -0.292861736882931
0.0704728740238044 -0.00543140481947897 -0.0239352288799453 -0.294270606449313
0.0589835568838919 -0.0362640679003928 -0.0788028607225298 -0.242590121002229
0.0489656795538274 -0.045331056288308 -0.0581714380130913 -0.20058196460557
0.0619284168072294 -0.0344673296447221 0.0396796803241339 -0.163283653567831
0.0630764313445223 -0.0340328934203041 0.144891242409345 -0.144052928751817
0.0694501397531699 -0.0284765023770883 0.263548043306083 -0.0626851959563839
0.0901129618099569 -0.0108769362399066 0.31205121674833 0.0648776075574085
0.110168259316898 0.0283806249904759 0.205801163195309 0.235959120589491
0.104188278159211 0.124530776534273 -0.00485160030026746 0.233653089679533
0.00605382065629885 0.188694774972714 -0.107295040887984 0.0510454357395121
-0.0794460680685881 0.136642756013963 0.000982808135456712 -0.256893086662142
0.106204303993072 0.00355438513267745 -0.0578461441814551 0.298722008333342
0.0352216188160336 -0.092635762010199 0.134807800990265 0.0389885919441253
-0.0406988305624024 -0.071709951346132 0.055353666560555 -0.219822033997654
-0.0321842370649662 -0.00300901006108312 -0.155680892601734 -0.303847267006469
-0.0014609945931111 -0.00983188074976541 -0.308574940297961 -0.155497250583071
-0.00904887920822306 -0.0170568389208567 -0.306475985519605 0.0158835341988958
-0.0255203682486814 -0.0250000093060688 -0.229057745539341 0.121846750129812
-0.032020878278106 -0.038454233784908 -0.103244135882445 0.182337951906883
-0.0271422970174663 -0.04512562566975 -0.0136650465539841 0.210051844621628
-0.00440259476951075 -0.0515359944613978 0.0333874221163707 0.249673506778688
0.0271593673668902 -0.0358979007340074 -0.0121652782033194 0.29313188862666
0.029000935875465 -0.00355850809159731 -0.100258547483842 0.30564911278698
0.0146264046001516 -0.0341389165384147 -0.122184140787018 0.298497712966309
0.0706897020846934 -0.0487304460984121 -0.103550431981859 0.309930930324226
0.11605992802827 0.0402949379869591 0.0454647843685471 0.339906514378522
0.0924611928807041 0.122843195474782 -0.0867158517695747 0.245964887782944
0.0529015096523 0.00929593828779381 0.11397260270031 0.00552879303079999
-0.000758706870536509 -0.000470643924438341 0.0438651784367242 -0.243603435683167
0.0214918897128701 0.0319073482664728 -0.150492773374229 -0.31172077358259
0.0609777568099369 -0.00828685272024246 -0.293837980639588 -0.176260790399724
0.0460376251312527 -0.0468057617626863 -0.305863827067663 -0.0134530069415269
0.0179913995179566 -0.0724037804147813 -0.235135603929936 0.0940245816695627
0.00677868526741672 -0.100508265973974 -0.107862912633224 0.156031714044433
0.0132819234513797 -0.11239841840773 -0.00916833819977395 0.17820062746797
0.0482569312249276 -0.12421683199816 0.0605288641959626 0.215232715160611
0.112519376260123 -0.0985431197791639 0.0468635328141665 0.275243877453916
0.146093740136113 -0.0137585093097631 -0.0519739389160597 0.326099845982219
0.125173119484518 0.0325116434256874 -0.118263095796732 0.31645815951492
0.138068762973052 0.0670470809831266 -0.117517774217208 0.278075086324821
0.137467328533 0.167014748299199 0.023826883556788 0.277918352564974
0.0630576417802786 0.229833640387753 -0.0940584969426183 0.153279509317961
0.0617588092752071 0.122861338409958 0.122731281105699 -0.0544266384248417
0.0502414406360607 0.0856638138419734 0.0528810838447872 -0.295053310849306
0.089693826501881 0.0652089194652799 -0.141924996805121 -0.333732998001478
0.125268407653214 -0.0108854982859944 -0.269954712949642 -0.197746604599467
0.097752409042641 -0.0751347473703627 -0.287131573406844 -0.0446392603666348
0.0595228258917414 -0.11183692873444 -0.223207156700075 0.0528671505813401
0.0443321666361318 -0.14738824368828 -0.0977700671425482 0.109218692418161
0.0486012011093623 -0.161587723700833 0.00492901347656214 0.121787716801434
0.0854095510021786 -0.179827779248982 0.0978792916762614 0.155263082571628
0.166292189897604 -0.155477742281018 0.120824696794061 0.229813032734442
0.229020317892498 -0.04455061733777 0.0212932173760173 0.332121871581632
0.223061841416328 0.0651630812284359 -0.0993384231158722 0.339601437294763
0.200254352697837 0.155634742384113 -0.139320741489353 0.248838839343282
0.145428003900127 0.265599958778701 -0.00771672198050446 0.185182302721872
0.0297830067404431 0.30541788012 -0.0882458349712715 0.0309305404031243
0.0668537405077903 0.225566841087051 0.13724890843909 -0.129760445706616
0.108764663816378 0.171046942604562 0.0684635292815951 -0.348546045173259
0.16606381297617 0.0890774253047226 -0.119615764879472 -0.354945520790673
0.184099062560259 -0.0200377285176307 -0.230440128997163 -0.221045068383807
0.138345673757584 -0.10085209669237 -0.250157316650349 -0.0836683722539447
0.0910121182119103 -0.140545158131246 -0.193551485035753 0.000497091266255072
0.0754579989616461 -0.171567224967442 -0.0746444709202074 0.0478859550544655
0.0772412566297474 -0.183903099248084 0.0272636571705744 0.0520155954679143
0.109337460990487 -0.203844971763645 0.134317116354011 0.0845357895207829
0.193028344212387 -0.181838726136783 0.187978394643415 0.16981336627184
0.268676904623597 -0.0650340353641469 0.0951259332242723 0.321377239430652
0.280391107921261 0.082798390062989 -0.0783251212352495 0.349147695680132
0.229270528522362 0.218006254168544 -0.166383084191174 0.217659317601122
0.127525191473039 0.324743297878286 -0.0384700244619803 0.0737156896221807
-0.00119343868218278 0.332159744609517 -0.0799235184169915 -0.105643851441696
0.0635443020119599 0.291326675120819 0.133906498244099 -0.210983523217335
0.151189600798687 0.22951500839709 0.0754503444747948 -0.378873276486171
0.219949055130061 0.0999609628813916 -0.0787774060984168 -0.354402125288036
0.220313220715303 -0.0286677319487342 -0.167516178480233 -0.244622519787833
0.159120236300123 -0.116052415855859 -0.195461402660005 -0.129588432340208
0.106192895430919 -0.150465677962174 -0.152383848268756 -0.0610317079656221
0.0961480065860293 -0.169547878688412 -0.0416644920809392 -0.020084047557495
0.0977666201659605 -0.174793557328825 0.0567033134178513 -0.0187531569344792
0.12671902357735 -0.188797917256975 0.170818312571913 0.0195734388541141
0.198952914522312 -0.165059131419908 0.239403550088215 0.114740242914183
0.269989539889352 -0.0510524089674656 0.147360062145712 0.300686267680083
0.283800376160209 0.108949447839591 -0.0670936715865237 0.339650048527965
0.20751185800006 0.258525261432868 -0.186962567018611 0.175922468253239
0.0788644834924353 0.339649781731357 -0.0559545862630353 -0.0436411191170758
-0.029803636236237 0.303159016936261 -0.0751007710781036 -0.231318153326748
0.0463601165646862 0.300160571167401 0.109896767669839 -0.27989525287525
0.159395452812867 0.240980540054795 0.0737102082017522 -0.375357111849449
0.22702336021287 0.0932597048828378 -0.0244681426997135 -0.330640550811363
0.214170686846658 -0.0295324084923373 -0.0921451756342111 -0.26386004674013
0.151517375424719 -0.109821768127631 -0.133523278602466 -0.17966587353238
0.103843712789805 -0.137359171113189 -0.107192415284763 -0.123845981893405
0.101526556663523 -0.14103460803032 -0.00374842667615442 -0.0839787856309409
0.106160645613548 -0.13850855532708 0.0927673633054769 -0.0774064678688175
0.130478238686262 -0.14168027600367 0.207036174315606 -0.0228222296824036
0.187195628022018 -0.110450285296404 0.274777804862155 0.086044821741884
0.236866357890717 -0.0075006693973721 0.17314908404503 0.2826520805472
0.23563683672784 0.144644905780713 -0.0625836809601685 0.310085665159045
0.13863703778941 0.273373998841896 -0.186889075083711 0.121542771504422
0.00998652492777685 0.307257116661382 -0.0478106318698247 -0.150654243388443
-0.0545884018995868 0.221992983506687 -0.0757111273314446 -0.320510575575491
0.0177118947759811 0.250115226033857 0.07989741870685 -0.317518059333493
0.130278138926533 0.197518466419246 0.0726427035819992 -0.347269052278352
0.178227418528569 0.0673807513526184 0.0318946823455375 -0.300165122967763
0.160257526582231 -0.0191262494794028 -0.0244594373454075 -0.280363862743278
0.115731346204954 -0.0788308493491161 -0.078593423979358 -0.224879433352462
0.0849830033318631 -0.0979054845225497 -0.0652254197711776 -0.177434798583348
0.092428905034902 -0.0907488934594887 0.0327565387011497 -0.132380266406452
0.0966899858842157 -0.0844094377540008 0.131773429391794 -0.114487140114452
0.114486222851589 -0.0781805735678313 0.243663188331631 -0.0371032686923445
0.150621945355157 -0.0452988324147486 0.296680437825999 0.0873325352818357
0.176788780332093 0.0346538730656598 0.178418836895878 0.271029348980418
0.15883051221323 0.161720958700789 -0.0554650743689797 0.269242995289183
0.0510023951330622 0.251137848517543 -0.158024880463869 0.066725734622325
-0.0588647523797281 0.230721712135662 -0.0115389879758992 -0.227337540121795
-0.0792717967122459 0.104600308945857 -0.0739512311594011 -0.355774402472943
-0.0199492829975153 0.156700382841638 0.0595583254544832 -0.317221867828869
0.0711801631007226 0.116771309263458 0.0840222807707985 -0.313886740581732
0.0859877257892433 0.033446440232479 0.0730964066565258 -0.286454429211565
0.0725510368979755 0.00506865736217232 0.0106475301229677 -0.294616532724975
0.0621381655396686 -0.0261328383267425 -0.0466837210724693 -0.251767843106524
0.0549764291955398 -0.0388000966858088 -0.035809101891814 -0.209592107722101
0.0687576910177615 -0.0267860220656362 0.0626992591178493 -0.159321882223182
0.0683276043788185 -0.0259653943379097 0.165265837344299 -0.126255497807203
0.0747479192806794 -0.019747704076988 0.27237255899846 -0.0275072366177501
0.0929901522327394 -0.000154217708266916 0.302875689669345 0.108281103374047
0.108968513931714 0.0433839152463883 0.172132585929218 0.266863157649687
0.0875636392712717 0.141231206484034 -0.0382328358120444 0.23327400692097
-0.0220467042263376 0.188512081778578 -0.109622854418798 0.0345583333326088
-0.104314503481139 0.121793711416653 0.0415822163073483 -0.260545982374634
0.110794798666415 0.00164927889001297 -0.0520183225209399 0.313027007229583
0.0361935118472322 -0.0956335709416036 0.142291845562598 0.0380123934974074
-0.0419229638483051 -0.0731803754986487 0.0555832448397664 -0.229622676209919
-0.0328811198365881 -0.00328752650746118 -0.168143223633655 -0.315478114017829
-0.00163232253974943 -0.0118774952430842 -0.323953802137593 -0.157905255380293
-0.00968085615718437 -0.018519398898646 -0.316707167899428 0.0227878528131797
-0.0269693660309381 -0.0252772890537152 -0.235342831594993 0.133854742028907
-0.0337395621905713 -0.0395174179643187 -0.105125593111902 0.194975077091874
-0.0300079444510306 -0.0466590989097194 -0.0115797056126674 0.221214642258689
-0.0063519160957085 -0.0543297754821139 0.0372647939367459 0.260412592524394
0.028704508615317 -0.0396803150791636 -0.00929357357981553 0.306074583470114
0.0320532623994153 -0.0053117673082596 -0.0999437439707498 0.322017846304725
0.0149325236548963 -0.0346569576833539 -0.123620964778231 0.31362178049144
0.0729941557346736 -0.0498814586570694 -0.105984204932411 0.325331984181839
0.121479641227518 0.040776953159253 0.0478879581484469 0.355624619540463
0.0972865327604347 0.126411006510957 -0.0821655353118965 0.259241547430895
0.055025785702341 0.0107351478794506 0.120661615932473 0.00443255333983207
-1.17607518202358E-05 0.000991593173191177 0.0437120660778945 -0.255139798368818
0.0237534586850124 0.0328167021245383 -0.162464411070786 -0.322486664292877
0.0635537439278732 -0.0115456928019492 -0.307303809416281 -0.180299856160987
0.0472238415654855 -0.0497232850377363 -0.317145737323959 -0.0073195867999559
0.0176066172064565 -0.0751073873996525 -0.24320379301918 0.10466231912033
0.00550531693685643 -0.105261683433622 -0.110162337865469 0.167991369258597
0.0112570670407878 -0.117913007806785 -0.00785995096848568 0.1884358555467
0.047392426625587 -0.131787607166625 0.0647660532072752 0.223716101557953
0.11609653624142 -0.105882738481128 0.0521954342237366 0.285456211982714
0.153445455646062 -0.0175804307107002 -0.0495981325816029 0.341385061509821
0.131756672378282 0.0342285986867766 -0.117837517170841 0.333238055609141
0.145181524040594 0.0704630780516408 -0.119307449852527 0.29437022003311
0.145977983102961 0.174456610128069 0.0263513054001696 0.293422848767715
0.0684540070256632 0.237735305363411 -0.0919460112870326 0.163001933181399
0.0650083518504723 0.127949428751663 0.130353091219149 -0.056458366273682
0.0532479530334332 0.090647271847842 0.0527232561720249 -0.308848732121525
0.0951108331615585 0.066938132598973 -0.152509283948985 -0.345933343420863
0.130629023035346 -0.0143880728465359 -0.283328536256264 -0.202341296377866
0.100682764950125 -0.0800432039097002 -0.29839257532815 -0.0407615675447454
0.0603772857372963 -0.117658822733388 -0.231138287798328 0.0619433249659718
0.044185557700585 -0.156154326495069 -0.100750717722131 0.118496518323598
0.0478109286983258 -0.170780695667922 0.00633749479905913 0.128880201964068
0.0851122504264092 -0.191864992543612 0.102853736288161 0.16128102500288
0.17151302407818 -0.166421584425172 0.127361198505865 0.236978285539617
0.239640518150723 -0.051315415557771 0.0272442390073802 0.34716689097919
0.234976649223821 0.065952513558401 -0.0965403245849308 0.357825285766402
0.210789251101468 0.162350521464993 -0.141759541820516 0.264981391489706
0.155753775836081 0.278574815059727 -0.00672505349784669 0.197099055266715
0.034671658780766 0.317141471486182 -0.0862995531207551 0.034425906387334
0.0724507362137983 0.235256099206835 0.145108192348818 -0.135563832643897
0.11467599096656 0.178790344867303 0.0681614871218828 -0.363224864407642
0.174567852838441 0.0909773649560137 -0.129006049711115 -0.368387069149162
0.192123398535716 -0.0247341684838392 -0.241738511179807 -0.227234145691046
0.142283005129604 -0.107902931859251 -0.259825873152881 -0.0809776501418149
0.0922472527929082 -0.14775877926941 -0.201069998379797 0.00567875047293873
0.0764654318017146 -0.18196875158901 -0.0777289902370811 0.0529576596501122
0.0774984897707199 -0.19439521550719 0.0281412233718217 0.0551758079247446
0.110126981294119 -0.21689091312383 0.1394887655704 0.0864461147002054
0.19781507544371 -0.194970379907672 0.196305794221388 0.172542019439756
0.281196737422319 -0.0732288875019059 0.104057176990255 0.333579689735691
0.294757975334492 0.0833466159887761 -0.0740042812482397 0.368463083336836
0.242126283564599 0.225954625281331 -0.168638434846064 0.232406403261012
0.137329385309304 0.340853912095068 -0.0388336595160943 0.080660116093204
0.00251921534831754 0.346170244013927 -0.0800513617019543 -0.1086779185219
0.0698386942418633 0.304314657275424 0.140638569481017 -0.219919518920792
0.160573891185872 0.239265959775532 0.0751607804331133 -0.396588037896584
0.23169099510768 0.101400323368291 -0.0862351147912723 -0.369039256449165
0.229835984445514 -0.0342109027034296 -0.177327314417923 -0.251929413170525
0.162780900971268 -0.12352113818561 -0.203937641255147 -0.130577808879215
0.108680658332503 -0.159362994287631 -0.159108260859136 -0.0589913016559364
0.0974725507956277 -0.180011103613354 -0.0449384236887718 -0.0193420455630732
0.0994300070947673 -0.185083822952769 0.0581688225884953 -0.0201911378247691
0.127825104316545 -0.201116638219726 0.176153997700453 0.0180128690584198
0.204194559065176 -0.176912435768921 0.248255856737295 0.113810646993495
0.281944974415621 -0.0580741010312168 0.1587908034499 0.311499418560116
0.297339330240437 0.111653651662196 -0.0622132850497069 0.358167790635202
0.220148481268959 0.267588537720233 -0.190783767220581 0.188673508953111
0.087472063295093 0.356159420388246 -0.059465983989124 -0.0430898147283231
-0.0266235932078906 0.31613655804538 -0.0773976570168052 -0.240645361627344
0.0528813130023117 0.312943355675499 0.114843960909216 -0.291781742383872
0.168661322607168 0.250075931479953 0.0721049033071723 -0.392781111596088
0.238619150686954 0.0935277875886331 -0.0296030003478389 -0.344453201504716
0.222886451864778 -0.0351453702653837 -0.0993042245045923 -0.272382203439522
0.155096841691658 -0.116779100964758 -0.140629459274813 -0.184263703259913
0.105020081995469 -0.144992120251575 -0.113162796817169 -0.12595734585003
0.104902188168397 -0.150693755300553 -0.00648608571046112 -0.087428887739213
0.108802301675875 -0.146845587939695 0.0944499308449091 -0.0824632969473607
0.133352586706614 -0.151148965364686 0.214140544142774 -0.0280641984211659
0.192764418015178 -0.118594970897747 0.285010612183611 0.0830942922683016
0.246446604802121 -0.0113018776891931 0.185362528765419 0.291813805069805
0.246523071929678 0.148989997391179 -0.0587625265757364 0.327713772038054
0.147898136790381 0.283481558188075 -0.190320586458393 0.132282981364501
0.0140944175650408 0.32250676154705 -0.0526579045049138 -0.154510956934165
-0.0528046176218466 0.231245422308005 -0.0800046776115301 -0.335448884363583
0.0232290437975108 0.261048329727867 0.0819114307169158 -0.33225805558565
0.138131129078711 0.205049648520377 0.072043320174389 -0.363001256798009
0.186957750841221 0.0672691602442697 0.0293673931411836 -0.31313330866835
0.16726344407763 -0.0230284036118585 -0.0289252721793489 -0.291021103904035
0.118317883240698 -0.0835031967901026 -0.0841813885982242 -0.232726571508938
0.0861146658963011 -0.104060791580932 -0.0706643293053923 -0.183558573897236
0.0966819308366123 -0.0977474525719173 0.0315148487927374 -0.140092855537147
0.100446371851874 -0.0903309067640179 0.133512474476637 -0.122033346055212
0.118366422773417 -0.0841246742951632 0.252322832440165 -0.0441087167223786
0.155772239933865 -0.0499595289364698 0.30929086245902 0.0836535314302707
0.184389510539812 0.0325820022338906 0.191302346625601 0.280015164307696
0.166050492272711 0.167553042626035 -0.0532201034718177 0.284619271945277
0.0555031843849609 0.261013121775268 -0.161217201324339 0.073885365888112
-0.0584286655712704 0.243025299043159 -0.0164004844183228 -0.235477764040483
-0.0797896543752827 0.110041760913557 -0.0784649221338411 -0.373768389808293
-0.0182287762536104 0.16337063413301 0.0601944222501597 -0.333532135216267
0.0744597291389547 0.120117731795974 0.0837603994670337 -0.329100135005886
0.0899130692629614 0.0338727450072189 0.0722222879572082 -0.300577382381576
0.0765057866664089 0.00396262277025618 0.00731226096619248 -0.306471290993969
0.0623871368272433 -0.0276723513526941 -0.0519759982550703 -0.261967934227343
0.0555646382477365 -0.0417334643747988 -0.0403954971387956 -0.218034439685808
0.0727071596950888 -0.0304352904483682 0.062356083109524 -0.168924493383242
0.0716402880536523 -0.027950443535176 0.169177418870888 -0.135484922577051
0.0779640185294076 -0.0213011681403486 0.282173569522305 -0.0347622660764212
0.0965525783253409 -0.00125522646873267 0.315816369433032 0.106441744324448
0.113723715658473 0.0436283043584137 0.183883204775008 0.276041212881613
0.0915949184505463 0.146548660546141 -0.03722829211471 0.245773519751802
-0.0215682240322369 0.195568565969861 -0.112394511325304 0.0386967887319277
-0.107023300070529 0.128956694957985 0.037454064446905 -0.272066174141286
0.116128055367184 -0.00430441518235356 -0.0340347110334097 0.330065107529631
0.0330246516039033 -0.101319094077007 0.153071163201244 0.0317475991517401
-0.0465101904409237 -0.0742768964402682 0.0476988289641177 -0.244196235040135
-0.0336394841966211 -0.00224333519113306 -0.193707075911332 -0.321481554486611
-0.00286277433974633 -0.0141207399110909 -0.347974780050922 -0.14826631524056
-0.0111618586939277 -0.0198980563863967 -0.327883397705182 0.0403672192538478
-0.0296357340248859 -0.0248525615996469 -0.237437372635921 0.155924465652292
-0.0371933973971646 -0.03937233594122 -0.0988357896968274 0.214634216552505
-0.0347712947127085 -0.0469618527486705 -0.000215059201426143 0.236150538525836
-0.0107719890874882 -0.0567989332460069 0.0510595266810159 0.272186973745347
0.0288388414992609 -0.0440735058896759 0.00531072585788401 0.322628012259131
0.034548329600763 -0.00826326371655718 -0.0888139454821634 0.344409283116108
0.0149638798031042 -0.0363836747092948 -0.113443522096992 0.334910047525643
0.0726732411830963 -0.0540784649734386 -0.095920355600183 0.34948973790236
0.129579335227461 0.0373031727185878 0.0650081966517861 0.375158326796606
0.107761102212209 0.126295901195461 -0.0685572684770331 0.27681282560611
0.0575824800917791 0.00894067709588818 0.129768417356927 -0.00125289167974992
0.000367270896720823 0.00232364229959688 0.0342074804146127 -0.270040371741163
0.0274761658669795 0.0329039730597038 -0.187092308108292 -0.330823170972072
0.0654455565381433 -0.0170239559419947 -0.331211872983493 -0.173262413180952
0.0466920310287006 -0.0559473609332676 -0.329598423802271 0.00983365861734394
0.0150971571837732 -0.0799431396080954 -0.247312114373125 0.125221113256016
0.000360980981164007 -0.112305533249264 -0.106517535995163 0.185875392845617
0.00437643302825083 -0.125058288661034 0.00179902058362792 0.200873528864702
0.0414366457371928 -0.141945808556681 0.0785895912622502 0.23330106049325
0.116197645042409 -0.11906440947812 0.0675439918149092 0.296164775106291
0.161705401495941 -0.0282009170767653 -0.0337980034640036 0.361939848300158
0.141445442855615 0.0300162262199164 -0.104658272775258 0.358103321174721
0.155352098221814 0.0688589452897079 -0.110422475994559 0.316693757641567
0.162634629726777 0.176867179694909 0.0392489367582538 0.310734049491451
0.0829078054476378 0.244788817478866 -0.0825956567840928 0.176982033973703
0.0742037456990607 0.131450605400871 0.137265378929117 -0.0647519635794422
0.0604728308885054 0.0942875235287461 0.0406547119519077 -0.326833863719766
0.104166021996614 0.0657559203556091 -0.177707781629677 -0.355689881878896
0.135886850045008 -0.0231288240992303 -0.307440442967156 -0.19794322477277
0.101151294628996 -0.0894363958250253 -0.312258296336672 -0.0258278506177346
0.0573344997795003 -0.126973576674105 -0.236826220159206 0.0789828102545776
0.0380310123231947 -0.167381566028856 -0.0994880380290905 0.13260457582149
0.0396096930905598 -0.182796864537854 0.0126235191915789 0.137862077771094
0.0772615343104713 -0.207072945018448 0.11494270816129 0.164900416512811
0.170976839823349 -0.186014124934198 0.142937699164209 0.24033081317255
0.249991168865726 -0.0675997008870686 0.0477331620267213 0.36329097106469
0.251570700994936 0.0587781211909915 -0.0807858153923057 0.381996751913072
0.228963366857704 0.160835688581386 -0.133955411655105 0.287914012601102
0.178814392019861 0.287003800110048 0.00213256496433894 0.21060770413101
0.0515940696283179 0.329623711184964 -0.0837973198685546 0.0419874892808926
0.0874693020819269 0.243806910572708 0.149341086290936 -0.147628312260857
0.129067425935821 0.184359269120595 0.0542036202754373 -0.386043918887015
0.188492773692832 0.0868635203444324 -0.154238770251551 -0.380347965985137
0.199994038814962 -0.0371634318190676 -0.265268917790609 -0.225833846421738
0.143039753030166 -0.12028105860718 -0.275277340756752 -0.0708842740346288
0.0894228722176089 -0.160813002765919 -0.209380753337204 0.0186989596617341
0.0705809724376435 -0.197163760208801 -0.0795210668726497 0.0617329270165958
0.0701805632101253 -0.210260083617767 0.0318359757869029 0.0578459110409555
0.10195372101883 -0.235530416981559 0.149995559357407 0.0842122549717463
0.19693072341095 -0.218082242803752 0.21137417846953 0.168956627075694
0.291693612423059 -0.0929947364465886 0.126651808136022 0.34466933407804
0.315510604148506 0.0733181034947594 -0.055902370158592 0.392634491934667
0.265192618676986 0.226702014159924 -0.163331356610324 0.254924063192843
0.163135241864 0.35371848869759 -0.0370221481448473 0.0890768717985084
0.0193783239135049 0.362189787303328 -0.0849252185565327 -0.109275954746262
0.0897093268523676 0.315779498137356 0.140514534245239 -0.235821523485056
0.179957693087166 0.245418123527793 0.0597031275225953 -0.419812856466121
0.249075533186688 0.0945893823877578 -0.109468810595496 -0.382140133464951
0.239039263120646 -0.0495616851027274 -0.197848277249195 -0.254763180769728
0.163997383794987 -0.13709090405205 -0.218972245965889 -0.125793381858136
0.10547693077508 -0.173334761911865 -0.169155355312349 -0.0521026392652796
0.093851787273731 -0.19667126460662 -0.0486716372654265 -0.0173556417670301
0.0942067139064994 -0.201457215937225 0.0582518540886177 -0.0235420503813309
0.121502691117107 -0.22008557132091 0.184312662688938 0.0104032681966422
0.205061990783154 -0.198388342760113 0.263168634036674 0.104793411512413
0.292761160239126 -0.076453605738569 0.18339174385148 0.317577950265457
0.318062536813055 0.103724580392151 -0.0432285986410902 0.381138914997182
0.244204020938731 0.270627551332114 -0.186606837581615 0.210064704210033
0.11064744345451 0.371799194329295 -0.0646235686783271 -0.0401346120956194
-0.0109075214723986 0.331990450575209 -0.0899052931530766 -0.248608875502301
0.0726087135256474 0.325949664728118 0.109438234363343 -0.311170315741964
0.189149190951014 0.255692051311803 0.0567414601226291 -0.416677513026757
0.25540481396787 0.0852560519920969 -0.0486548206908108 -0.359571982747757
0.232230234489074 -0.0501139235708682 -0.116628240335653 -0.279764840662353
0.155573419740497 -0.129371189402374 -0.15479419497185 -0.185183237426438
0.10209145886642 -0.158336003145364 -0.124699294903651 -0.125326452729376
0.103430992955188 -0.166447602250243 -0.0121178495388392 -0.0919829838590515
0.106768840072571 -0.160986772714879 0.0932527265929166 -0.0917377345031413
0.130636764227859 -0.16796095874675 0.221817145265744 -0.0409219155134432
0.194709351861305 -0.136171605633281 0.30047778324256 0.0699481912727564
0.258245667711342 -0.0254710582106265 0.210936419492308 0.296301242637893
0.266386621862384 0.144843096604686 -0.042321861173772 0.350021033905535
0.169258207689501 0.291057651482882 -0.189763893643443 0.149798653515615
0.0327994704230367 0.339952371915635 -0.0635300769157681 -0.15846777564636
-0.0421301272093638 0.245629242024513 -0.098153633120673 -0.349641509730945
0.0392247981031725 0.272444395987378 0.0713962993752973 -0.352952465656394
0.154751202278863 0.208726548159828 0.0579818582896541 -0.386063162802993
0.19986482247454 0.0603847906625156 0.0151763412124162 -0.329632088748077
0.174854721568187 -0.0346987244454539 -0.0442055953800127 -0.301779570214545
0.118436940498298 -0.0928637977085889 -0.0984339349830592 -0.2393190512418
0.0842461299346571 -0.113843225938105 -0.0843519339469205 -0.188075122543556
0.0973436096890588 -0.109681672442701 0.0251167846770245 -0.149847537179352
0.101515576898405 -0.100680989128541 0.132117955174735 -0.135445580320389
0.119076250688584 -0.0955915286849571 0.261245160706953 -0.0610299549676516
0.16060819797258 -0.0610307187227921 0.325867117923606 0.0689286846099731
0.194884955340204 0.0247039888582166 0.215475977009866 0.284028396143312
0.182610947851624 0.168599384360231 -0.0396862350978341 0.304358865559719
0.0709561232527433 0.271267083606607 -0.162344212229615 0.0865564739826485
-0.0481275016246009 0.259140758996917 -0.0311626422282729 -0.245078843008752
-0.0764611215341796 0.119032292559647 -0.0998934386155642 -0.391039257755726
-0.00866502893881784 0.171075992814441 0.0480241349010621 -0.354500566313322
0.0830685694605402 0.122524298398589 0.0721438313215781 -0.350576006550616
0.0951873195030355 0.0306168155220787 0.0599320489162071 -0.319098157732023
0.0808104980846618 -0.000714987997480596 -0.00797021062489035 -0.320231948568982
0.0628219780643678 -0.0314934765395975 -0.0663961239983714 -0.272439921115612
0.0553450394280959 -0.0465522651063578 -0.0542528826386438 -0.226680750487365
0.0763945842212092 -0.037346239266456 0.0556410085195102 -0.182153259979344
0.0748532968794993 -0.032744268003648 0.168403876290278 -0.151056151674611
0.0808822446884854 -0.0266013987647717 0.293933930344022 -0.0524929305335889
0.100764129964921 -0.00571272998698931 0.33525684577568 0.0922057178883334
0.120144981551265 0.0398548098693138 0.207828633430005 0.280240512010166
0.102389654730637 0.149859506790268 -0.0261279017196673 0.262723807633485
-0.0120907649822125 0.205716184858748 -0.114010643393231 0.0470502913722234
-0.105381410197818 0.140965105588666 0.0234883910031572 -0.286064403381771
0.117659779501195 -0.0150105306252258 -0.00523048610568674 0.339203460689776
0.0256279276316696 -0.105142056804225 0.160872303997129 0.0196586742292948
-0.0522524505507929 -0.0722385186146789 0.0306762846810598 -0.253550433720943
-0.0340210031330457 9.15541901559567E-05 -0.223297296152249 -0.312946083757452
-0.00514829309866503 -0.0154453558953047 -0.366822093470197 -0.124825221269093
-0.0128490816427006 -0.0205620434981429 -0.328590137884995 0.0669491654075344
-0.0319965001581056 -0.0229792863990883 -0.228195435709891 0.179252927428433
-0.0412109345879998 -0.0378188480652343 -0.0822161534141962 0.229708054030451
-0.0396376258558845 -0.044593743722178 0.0189601936659722 0.243992390426208
-0.0161638132010155 -0.0569755473399567 0.0732497851412017 0.275021865356203
0.0259989052271313 -0.049241707154947 0.0295545862211418 0.328962972127764
0.0354252142114655 -0.0116567335350745 -0.0627748810479547 0.359723884049079
0.0135889673365995 -0.0376410770266675 -0.0906958735401059 0.351721600290481
0.0695099518872549 -0.0586052866099515 -0.0726381203724954 0.366268059417948
0.135005070862531 0.0283277343915376 0.0915354236012972 0.382027114904666
0.118924753895824 0.119627404358842 -0.0440131602709909 0.287104836833296
0.0582797271549141 0.00554386902310259 0.135978290087406 -0.0108771699959582
0.000560850539991181 0.00342635777995901 0.0157745865134996 -0.27943835249095
0.0311374137622406 0.0315904421708731 -0.216734076354246 -0.323769451247155
0.064339625058395 -0.0236367977556776 -0.351149974093901 -0.151919434724706
0.0427622406406485 -0.0616310253239143 -0.333141955005345 0.0348296088132835
0.00952274209063133 -0.0828312144307177 -0.239786001398722 0.149532958135284
-0.00906403094798828 -0.115091371297948 -0.0923994511072477 0.201859100359698
-0.00646856332450276 -0.12866650433354 0.0179582033388866 0.207798553022891
0.029984555931994 -0.148644012171965 0.097592283737968 0.233188572570473
0.109392201342279 -0.13327939483644 0.0904731664980208 0.298162117927204
0.162858669957595 -0.0425737191949469 -0.00553435966740424 0.373118961109506
0.148545651530554 0.0202913630846822 -0.0789048445440328 0.374018816687599
0.163295774508561 0.060582623749617 -0.0887064409462383 0.334595213679462
0.179938000912366 0.170048521296782 0.0631399858045314 0.317875607201546
0.101417561742949 0.243376668837099 -0.0662641398646474 0.186516620976262
0.0848588151550647 0.129298963046553 0.139886514082526 -0.0754448743928016
0.0679412847479311 0.0937365105463614 0.0184486061931937 -0.338159885051081
0.111835122686922 0.0593223039881095 -0.20828860426594 -0.35107570440439
0.136173361928792 -0.0350078379563712 -0.327794164949206 -0.179962926121213
0.0957656617536675 -0.0993246821779736 -0.318499674048956 -0.00227750942074778
0.0490367070530339 -0.134390979405816 -0.234477674938016 0.101667524277931
0.025317070429706 -0.175223789164985 -0.0904670984042756 0.146684881720436
0.0253498115848065 -0.191207593906789 0.0236738532477444 0.141829156781336
0.0605828128079744 -0.218524731655243 0.129522509678023 0.161602337778585
0.159734887528108 -0.20570854520347 0.16280208990548 0.234589416697238
0.249740460165503 -0.0895876693943691 0.07684326806901 0.367542390300363
0.263250178209438 0.0419249235050021 -0.0506382840697218 0.397285163203058
0.246657903384075 0.149534191156656 -0.113991294375782 0.306517480970938
0.205164304649652 0.281309197842244 0.0184041239782996 0.218177714984502
0.0760091412619941 0.332817293155342 -0.0773099204409363 0.048982135355703
0.106928052304277 0.242412146876399 0.146355070539472 -0.160018977157541
0.145525438347768 0.180887796176868 0.0275102940700478 -0.399092740075301
0.199636059816881 0.0751239975660864 -0.185766095873514 -0.376959749464942
0.20113169462373 -0.05436890821809 -0.286627901303321 -0.210027510404393
0.135824306987151 -0.133446067929966 -0.284007447255907 -0.050371174881589
0.0786054128912705 -0.171269193726926 -0.20970252760703 0.0374572191366694
0.0565381932432522 -0.208861194460257 -0.0761564520730842 0.0712208626582252
0.054270802256537 -0.221357207814333 0.0363380735958989 0.0585289635744528
0.0836686667002352 -0.250029978208163 0.158567886848399 0.0752216481615878
0.183489739517939 -0.239938774655715 0.225670438181788 0.155411865076907
0.290465969359399 -0.118850465250742 0.157400171579117 0.341820238690123
0.328834982419541 0.0522088292648978 -0.0215508735780575 0.406122460030242
0.288125793259942 0.213977364538779 -0.143713164501356 0.274378951556367
0.195370523763989 0.35155366347755 -0.0308914672040272 0.0956195344984821
0.0473297281577796 0.368819325773185 -0.0907230130560438 -0.105593342576355
0.114519020368005 0.315784489884847 0.130560099290839 -0.250379492073874
0.201751469963938 0.239140862185763 0.0302494787906666 -0.434946780674329
0.26119829399936 0.0777071341175157 -0.139959962256623 -0.382399956188549
0.239858256893636 -0.070348013632387 -0.220147025286812 -0.24386325486369
0.156478225180231 -0.152215068002659 -0.231099494773714 -0.110741872383754
0.0930616568142648 -0.18536426663053 -0.175097631988832 -0.0385007170395942
0.0801208412461679 -0.210542489268374 -0.0517082361546026 -0.0123297885223972
0.0802283932149812 -0.215015214152908 0.0572180383062489 -0.0275671146634463
0.104231902172954 -0.23516991137684 0.1876962179974 -0.0038816049488858
0.192879115535285 -0.219714326814499 0.272773558487824 0.0859544208051395
0.292796837701127 -0.101819412890579 0.212483791220367 0.310298440601424
0.333556340100373 0.0825678157139336 -0.0106327736273009 0.39479059031672
0.270178856402106 0.259843640231574 -0.17125003501324 0.229363254523471
0.143490408635417 0.374194433039873 -0.0693370686607486 -0.0348699663060526
0.0144122389404848 0.339431695451607 -0.107595906699462 -0.247968313197721
0.0994697084868669 0.327482171561082 0.0916084238139212 -0.325660103998067
0.213138579356409 0.248073175367665 0.0270592275907726 -0.429865197791396
0.266967163954677 0.0679087385850721 -0.0753055902553963 -0.363409173332347
0.233339103353865 -0.0712846012837231 -0.138889148768871 -0.275904217475491
0.148981064481419 -0.143247162827716 -0.170956792935161 -0.177227314350158
0.0915747832812013 -0.169813482679259 -0.136099639716264 -0.117412762337661
0.0927457681494325 -0.180836887266051 -0.0209644947633093 -0.092706191908569
0.0968438398679786 -0.174285184510291 0.0863815375905706 -0.101021033466658
0.117976075654333 -0.182292482650421 0.222362925918995 -0.0594319358143689
0.187751816277971 -0.15512492038045 0.308936803146007 0.0466491428900599
0.260992531564738 -0.0460883148852102 0.238693180985047 0.285222885341812
0.28254358596079 0.129969936533245 -0.0119312179365421 0.36214377809179
0.194634850763006 0.285376085447742 -0.179008668287082 0.167298011187727
0.0603339950238355 0.345847148422247 -0.0778673429354898 -0.154771049850333
-0.0237904791177918 0.253442648386224 -0.123587143804525 -0.351662760671022
0.0612902731772817 0.274037150111968 0.0496956130941197 -0.366413092334393
0.173062151199013 0.202311301814331 0.0304145877186649 -0.398999118605149
0.207654812998965 0.0464255338168279 -0.00873698048341629 -0.337545873509395
0.176241050867079 -0.0503375552858426 -0.0660877302445533 -0.30359480765209
0.113438533222873 -0.102438664422663 -0.118431631715905 -0.236747610575769
0.0762708134289391 -0.122735061634344 -0.0997507085109887 -0.185095217426125
0.0914868464253938 -0.122769923389252 0.0120616209122733 -0.156262630309974
0.0966108418750616 -0.111714663847613 0.122605471992632 -0.148904836843628
0.113324825200906 -0.107912647391748 0.260828841392973 -0.0837372364248316
0.158456030247739 -0.0750493730399697 0.335368648687107 0.0439728247061244
0.20029236884523 0.0102916356203069 0.243039331065332 0.272104164267703
0.198771904296073 0.160150983124866 -0.0141476083557684 0.316002384689259
0.0931317911782976 0.271302693764415 -0.156684960849898 0.102071283495027
-0.0293325866222905 0.269336628349981 -0.051441814979031 -0.245923353626556
-0.0678261494456512 0.126048013123649 -0.130123350242135 -0.395069029695923
0.00515426233047009 0.173258414565913 0.0234672331244829 -0.367454698092897
0.0929861640728208 0.118831646847399 0.0463844033245289 -0.364409801528154
0.0983687685980405 0.0238555586824366 0.0388857988049079 -0.330418659859799
0.0827230608470986 -0.00809771662519455 -0.0307441118833352 -0.325204732190372
0.0613802939224672 -0.0350007100096603 -0.0884973303856933 -0.273434378619771
0.0525658129639697 -0.0515377453899318 -0.0731304903761116 -0.227215491227198
0.0764724164380609 -0.0469422242352355 0.0406784067025896 -0.192802640864719
0.0753350802508234 -0.0387419713359019 0.15860289170613 -0.168211089732246
0.0799074311110745 -0.0337407230855256 0.293970247499084 -0.0782082546680859
0.102054504674003 -0.0143889520603537 0.347868629750653 0.066933912781216
0.12446265351084 0.0316211916709471 0.234837088512232 0.269531033344171
0.114628777863134 0.145930970671081 -0.00551067521383038 0.272642510520234
0.00272147362284682 0.209993300244418 -0.110886799329187 0.056926085638603
-0.0963521591818089 0.152224966014877 0.000158213403508277 -0.291182482549033
0.114005442279905 -0.0235189647171756 0.0214275128034894 0.331942017017081
0.0176868382418144 -0.104023877997038 0.16201479741415 0.00731825802499412
-0.0562060444455189 -0.0672721289635971 0.0144375587172389 -0.251772081529246
-0.0328848700857007 0.0025391530427383 -0.240773936823298 -0.292636096464614
-0.00704434317376715 -0.0159874751598183 -0.36879892325374 -0.0974562125883306
-0.015155201996006 -0.0209101820761499 -0.316236551786143 0.0877673764381104
-0.0318519318642762 -0.0203193261527102 -0.209290400160301 0.193158898684461
-0.0434982891685305 -0.0347878916887775 -0.0623081775261228 0.235011911345113
-0.0428799099054 -0.0405501702797366 0.0361181451184122 0.240829726785777
-0.0200849718489382 -0.0544635863225714 0.0903682907211745 0.267332441752224
0.0221636720538059 -0.0518218363789427 0.05099261017939 0.322994548694488
0.0344536558572363 -0.0148614128841865 -0.0372314278326874 0.359225886534455
0.0119600062656226 -0.036973367273745 -0.0653888900422655 0.352221387597872
0.0641211059033058 -0.0599953703207492 -0.049786026395871 0.367100791846918
0.135216475800311 0.0192860326762645 0.113524651361362 0.374535139965157
0.123955095235432 0.10934994276246 -0.0197153748609292 0.284278971981622
0.0567572452753903 0.00260113161090585 0.136399170533938 -0.0201617569191642
0.000999272810654526 0.00476773622545287 -0.002256821417979 -0.275824867990407
0.0333399997299588 0.0290710644992921 -0.234811351366538 -0.304259583777639
0.0608830956439543 -0.0284884158850976 -0.355288839122959 -0.125611295220804
0.037187302725919 -0.0643754936443252 -0.323405566944282 0.0572016276759348
0.00432134642514234 -0.0823091782894841 -0.223665375882632 0.164561671014892
-0.0171872809981522 -0.113710008044988 -0.074978659494399 0.208233880285863
-0.015878739788296 -0.126181463124824 0.0323740698612777 0.205538154704423
0.0177839044888824 -0.149070098846732 0.111949214534104 0.224451099942349
0.0977783808190105 -0.14076365747308 0.10785853456722 0.288104161510999
0.158587357629936 -0.053388059550005 0.0203024114416932 0.367874043067823
0.149297130689401 0.0112150951454411 -0.0491119590285252 0.374434696327403
0.165648831879481 0.0516761509149459 -0.0656664279962744 0.337385683191326
0.189761006801448 0.156497080405121 0.0817756950826833 0.312880854316822
0.115234274994983 0.231558939287809 -0.0472757571700373 0.18706096592259
0.0907277463863964 0.122548752706356 0.136936872183485 -0.0829235187330594
0.0730884819614137 0.090070590152944 -0.00372977622246882 -0.334206174560583
0.114398189408558 0.0513260904325057 -0.228921923575783 -0.330982456550865
0.130453754352448 -0.044623883140999 -0.333872920987627 -0.154518776553957
0.0869464728775206 -0.105102076495474 -0.311182294750796 0.0188731444952748
0.0393994645536625 -0.135781040927858 -0.220979173518776 0.117333163053665
0.0120996029779431 -0.175874789820487 -0.0770717054915004 0.153263231658434
0.010708606241684 -0.190628451715894 0.0336062746096667 0.140048840302148
0.0427923853851154 -0.220373259306593 0.138177877195527 0.151151446587601
0.141327504123306 -0.216096932101246 0.173951425263658 0.219819432218016
0.240557359757742 -0.106510727884342 0.101749190306279 0.355909698373065
0.263217711003516 0.0241858892268637 -0.0194472139164695 0.394530746629525
0.253200916299116 0.133261810243332 -0.0901624595322023 0.310041413007684
0.222409424193184 0.264268321348658 0.032781139230772 0.216177977183031
0.0967325141476965 0.322354906696681 -0.0686026605658415 0.0531309887243898
0.120086026981959 0.232510482074438 0.138149082374641 -0.167129111973858
0.155376203611444 0.170326563058661 0.000918124681412987 -0.394994821996891
0.201726360992593 0.0603076855645275 -0.207657899461222 -0.359011374154751
0.193680454009048 -0.0677869440930291 -0.29489048385176 -0.188281843989135
0.124704748530895 -0.140586017506702 -0.280792298334382 -0.0307862729135903
0.0657852655552409 -0.174002429507121 -0.20290778741582 0.0520254453597552
0.0400960900204121 -0.211540183492865 -0.0686100227068084 0.0777908809285448
0.0375397056789777 -0.223397313915013 0.0400972396235586 0.0566917774162978
0.062533376895284 -0.252684743805836 0.16107580371905 0.0642995909781652
0.162297378580268 -0.25155651994661 0.229816668403343 0.137794355459383
0.277714703269965 -0.137929726554366 0.178041206147466 0.325794507939413
0.329047132251723 0.0298446573523259 0.00979742021931121 0.401015239871958
0.299183681082553 0.193129837919347 -0.121100675821806 0.280224206085811
0.217476199060684 0.334732192023575 -0.0244863252227193 0.0983501222733739
0.0704190198810941 0.358996404177338 -0.0921184198680362 -0.0981296164978775
0.133564055757409 0.303249293555495 0.117178112590087 -0.254431592959571
0.215447608926605 0.223947567470262 0.00134315744478312 -0.429836392899084
0.262401151462209 0.0583072968307196 -0.161871238392902 -0.367345046777876
0.231025115034589 -0.0863176810830401 -0.23008654839085 -0.225713658253302
0.143268241277415 -0.159935752753536 -0.233413205379196 -0.0934362284836604
0.078743958841367 -0.189071244028511 -0.17411817576752 -0.0250836200678856
0.063946535449794 -0.216070506769333 -0.0512255485454583 -0.00794402522350683
0.0639808471237786 -0.219087260053157 0.0533248210240949 -0.0294544573911321
0.0841843613747891 -0.239927401609519 0.184434272842668 -0.0162742689977639
0.172758943048494 -0.231940014507941 0.271448571097034 0.0655295641064543
0.280740353955268 -0.120906039323694 0.231046688397665 0.290315236174912
0.335399209743678 0.0603350402536594 0.0214040498223213 0.389179726499894
0.284352124134516 0.239001969848734 -0.151269914648484 0.237542927634375
0.167421032702951 0.359791343971392 -0.0699401565624456 -0.0281244385637396
0.0360084848261914 0.333369669013596 -0.118762988444428 -0.238402201070389
0.119981205660536 0.314856143284894 0.0728082651463009 -0.326489117090041
0.22677276256002 0.231861510639175 -0.00195722102952095 -0.425758164280775
0.267759601822165 0.048499915719003 -0.0969255476270376 -0.352607025281477
0.224852334064075 -0.0871401871502604 -0.152395975386764 -0.262438773312462
0.136737797632748 -0.15081356018773 -0.178978267504915 -0.162198447821208
0.0781018396195082 -0.172948126026751 -0.141161126045984 -0.1058231617182
0.0785403632821928 -0.187569018519742 -0.0280520051059873 -0.0901489967006989
0.0839526764427292 -0.180469885818594 0.0768244329966592 -0.104158390037238
0.10179009726329 -0.188602773725605 0.213209268074327 -0.0739552309961979
0.172782541564477 -0.166847258559312 0.303127184629212 0.024688712403451
0.253143313207747 -0.0637155783134028 0.254952797201329 0.264211968130171
0.288282194964237 0.110162691192871 0.0170673801761863 0.358277051890956
0.210812809543632 0.268109018075419 -0.162777831564674 0.176427077102996
0.0838824153095317 0.33718306956168 -0.0874005164381254 -0.145909508872748
-0.00660061442483843 0.249703236083166 -0.142745204611977 -0.339800210414473
0.0796715634164227 0.264241487471954 0.0260722588345656 -0.364980718074184
0.183844246979004 0.188134548655558 0.0028617120209238 -0.394870435498975
0.206473173596983 0.0308777094239031 -0.0288690869953008 -0.331716339580721
0.169579514431978 -0.0630713132501724 -0.0832433150639611 -0.294775390352443
0.104581039610074 -0.107662976638811 -0.131351325539881 -0.22489100578196
0.0665551961228021 -0.12556803343147 -0.110710179055552 -0.175524579764968
0.0813894987830227 -0.129916147415166 -0.000754938876287885 -0.155544891580627
0.0880205936976681 -0.118095528915108 0.108505685208716 -0.154659614914432
0.102819685056185 -0.114103165774381 0.249575512477148 -0.100278043815947
0.149585800850285 -0.0856082263164353 0.330722589896121 0.018895044443608
0.19700745406931 -0.00316917177497121 0.258460506881285 0.250473684391317
0.206706860078246 0.145688457448453 0.0114804827534138 0.313089763007779
0.109541578707001 0.261101620894595 -0.144508701716168 0.110068322481473
-0.00942276949496457 0.2676178979525 -0.0681124446114707 -0.236688590891446
-0.0576396771537001 0.127264803792892 -0.152951016382008 -0.382893700412478
0.0175628496763478 0.168748491969794 -0.000920440427383161 -0.364963327534197
0.0985844569326061 0.110886364128446 0.0211754393447129 -0.361617768750001
0.0973854591551944 0.0168194871823755 0.0165058999141571 -0.328246429205241
0.0806923838657707 -0.0145401049550723 -0.0499639204957601 -0.317348437586443
0.0576980403943316 -0.0375851511408209 -0.10630418044887 -0.264194575455033
0.0477112525327601 -0.0533602952641705 -0.0879386802873286 -0.219289608433927
0.0723149340902133 -0.0540343854137725 0.0247003707477691 -0.194724479546354
0.0730140507514564 -0.0439473597475873 0.142791218154763 -0.177348644221402
0.076291926266922 -0.0386106917447346 0.282702809483162 -0.0981081880828673
0.098828498303509 -0.0211237059287675 0.344576232830621 0.0405187268034856
0.123622965724223 0.0225556891488674 0.250131660206424 0.249113608615327
0.122204117353082 0.136352600608514 0.0158829454897802 0.270264673435702
0.016361594400029 0.206287964089657 -0.104045850024812 0.0623660408802734
-0.0838867989672513 0.156640351036799 -0.0217807744333823 -0.285236094940589
0.108605398411816 -0.0107759236053904 -0.00218527279239811 0.321823088423277
0.0279833942464454 -0.0948897875229601 0.161742897268353 0.0181771890574961
-0.044320873884374 -0.0689752803626389 0.0418960976386995 -0.24371342576232
-0.0296820615789113 -0.0034263742622568 -0.198702947203952 -0.300129846919094
-0.00420996031135959 -0.0180225714963392 -0.339282141631285 -0.127856944928155
-0.0106044602085056 -0.0246536512733189 -0.308534090088354 0.0517326925337327
-0.0264587388862348 -0.0233588398236139 -0.217153278709784 0.16749611846756
-0.0385361963496849 -0.0385063550078837 -0.0826862141884694 0.223729076539176
-0.0365442648579506 -0.044158711439288 0.0120087840729855 0.242301446958824
-0.0138196698977117 -0.0564272494067374 0.0597521305586633 0.271329150462917
0.0280088769736837 -0.0512850632778754 0.0143989335850626 0.323377010001556
0.0389690773113149 -0.016240808997077 -0.073681260081529 0.351361925924572
0.021544337796123 -0.0373198905801443 -0.103972907623008 0.340547741829937
0.0705247006791448 -0.0512883325631036 -0.0895773717027833 0.361586192384119
0.132076184161366 0.0296818424343735 0.0665480545360587 0.390447107240745
0.103707422051299 0.115500281250729 -0.0441184355741 0.277825270016598
0.0522015271994144 0.0103918173741255 0.137427461523701 -0.00457705390831329
0.000309907373906955 0.00660864801225602 0.0255022397922123 -0.263485007067477
0.0299287285810547 0.0312371277633675 -0.192055803595109 -0.30797320783573
0.0619944481977329 -0.020637566079134 -0.324195321632938 -0.150963820949331
0.0451080492900889 -0.0597512767690803 -0.310145416423477 0.0235591190698634
0.01497474413457 -0.0798164853157513 -0.228898867274887 0.139200812633077
-0.00465796984222784 -0.113578052642612 -0.0921552642731757 0.196462381987837
-0.00155898534487221 -0.125159085516298 0.0103115421902265 0.208131801166245
0.0328611646409562 -0.1434925723175 0.0831332073139979 0.234589385507878
0.110332766365784 -0.129592423085927 0.0691474519952013 0.297288502358757
0.163229854287397 -0.041704387792711 -0.0216505791562289 0.366942130857816
0.15097015968241 0.0226082798191265 -0.0933134345865417 0.3606277750905
0.158173826174298 0.0674730812803188 -0.10666574834822 0.325715334118144
0.172001560208943 0.171749692399618 0.0386043226046893 0.321281904399576
0.0824344721942863 0.230635959520829 -0.0696655182154603 0.186868048926807
0.0694832980228848 0.127393789050778 0.140722334626987 -0.0598960690930743
0.0593005190357582 0.0963881984997848 0.027077462788358 -0.312419193124287
0.10435785593112 0.063019575750944 -0.183856570334201 -0.329978985801683
0.131648273233703 -0.026297092142308 -0.301466145595081 -0.17373005926615
0.0978204983056268 -0.0920336534350726 -0.292839175015139 -0.00997123818987694
0.0543370545514041 -0.128272255762788 -0.221615773430767 0.095012534286943
0.0300810479718248 -0.171953769324871 -0.0894503081081158 0.141681855982798
0.0311156290006147 -0.185956924612677 0.0169064691260454 0.144305242295444
0.0638480561741053 -0.210042271452488 0.11484332474105 0.167494494667109
0.160180189747633 -0.198321757529572 0.137201229391112 0.240431345079157
0.248200984054391 -0.0849119573237333 0.0575266208763096 0.364623144654991
0.261004249815049 0.0460993680789789 -0.0673039356748353 0.382478031342032
0.236183610819973 0.156432300730239 -0.13123523401849 0.293424603547065
0.194748233886873 0.281760177078096 -0.00466098664577924 0.216225583036315
0.0550951439282783 0.313970556498658 -0.0829365984933972 0.0593279247753376
0.0849013201492645 0.234218187537283 0.146982404259124 -0.134847845961844
0.126967809146522 0.182908628341721 0.0355046147279789 -0.363984146121582
0.185802199564085 0.0834021305926735 -0.162010431983856 -0.350085351443162
0.194765438864707 -0.04062602805918 -0.259779060223319 -0.198303298052059
0.138073854084893 -0.120910541361812 -0.257535100878378 -0.0528138752496254
0.0832392929407288 -0.161558221772961 -0.197407432213233 0.0346714827151139
0.0607370341872605 -0.20433750733465 -0.0749605353222901 0.0684528813560737
0.0599056947429026 -0.215070651201598 0.0301157232295816 0.0629902470557986
0.0858856519355669 -0.239265703327219 0.144852842470848 0.0859171458286527
0.183399416539994 -0.230054406881522 0.198628805430148 0.166200826204798
0.28695126147642 -0.110906227721304 0.135181731302034 0.343667291221796
0.3247867926321 0.0585429442507682 -0.0406716738096943 0.391064940865984
0.275102865942135 0.218759614925514 -0.160342423934751 0.258277755335653
0.182706355748911 0.351287476400641 -0.0497495136171624 0.0900270571117505
0.0276901567033169 0.346381021315042 -0.0946592801041781 -0.0873543585048069
0.0906246944317085 0.302518672191341 0.131166349016435 -0.218087226165101
0.178135982336101 0.240647063488996 0.0362161888938361 -0.391065392373282
0.244018684373512 0.0897461815568426 -0.117607668981694 -0.349890772893498
0.233958179805963 -0.0532737470321046 -0.195393502143623 -0.225858818341739
0.158062583608004 -0.135904756683698 -0.205183900335691 -0.107120650238099
0.0969027170153383 -0.174596122333252 -0.163143162399237 -0.0369434525805249
0.0846704490518417 -0.206903315189015 -0.0507007015853777 -0.0137245350948627
0.0854618627801825 -0.207734045574135 0.0506586551525947 -0.020597132856432
0.104886099103035 -0.224035209568906 0.174720311420642 0.00789443192153166
0.189997814391514 -0.209343396750356 0.247103095951648 0.0985490673240016
0.286496826632444 -0.0940754926090077 0.190092869721203 0.312722213646884
0.327864269917477 0.0879760516651032 -0.0282959896049944 0.379968784665144
0.256654951116123 0.262239131554472 -0.183775754752496 0.209934288924383
0.13081184622706 0.372240663818393 -0.0818460993674112 -0.0433595144578336
-0.00184526814480753 0.318422646565605 -0.107204794743175 -0.226437105841621
0.0760369762053285 0.311051304616826 0.0938287111428498 -0.291733800049395
0.188163315876818 0.248750294826063 0.0322971712628804 -0.386786356838972
0.249490036650843 0.0804889445523814 -0.0577141071219379 -0.329563995048699
0.227030948572104 -0.0539871306429287 -0.11651151421931 -0.253153612807503
0.150431431249211 -0.126604020891091 -0.147696647696344 -0.168627374270843
0.0944689837568175 -0.158936650394001 -0.125082227723644 -0.111788505794872
0.0953270372808992 -0.177876509527231 -0.019828884235909 -0.0912593046566808
0.10051848436651 -0.168165822070597 0.0813521253889625 -0.0924120673086296
0.116277764286775 -0.171822318331331 0.208767843667538 -0.0473237353068427
0.183242735904332 -0.145541340293123 0.283367757319369 0.0590677327039702
0.252675656383605 -0.0399608949280805 0.218227837945266 0.287606216027296
0.27580206592442 0.13231534279722 -0.0271746363079447 0.347902817695228
0.18037456185341 0.283113872664224 -0.18582233442851 0.146689909948705
0.0496625028788161 0.341660461525291 -0.0836865063771639 -0.163102201173593
-0.0327779641307021 0.23462048348768 -0.11737916604917 -0.330765467182597
0.0438304751092265 0.257781270573972 0.0523623119052804 -0.33689242317737
0.15255563629773 0.201535398645461 0.0350583001717985 -0.360782265686995
0.193070706765901 0.0564124745809286 0.00494705617621741 -0.306940664012891
0.171161628270027 -0.038666489929439 -0.0478287510197143 -0.27991962243469
0.11460908122559 -0.0886443111461396 -0.099086705698275 -0.225298599270727
0.0773408196162238 -0.113825655422302 -0.089661259556823 -0.1765382509821
0.0929974906985108 -0.121810919460669 0.0130896263787556 -0.152693790957408
0.0985430572006975 -0.106714518644692 0.118061572465598 -0.139971248411032
0.108946328645481 -0.0993577348849669 0.24774359493525 -0.0716477157900176
0.151892006134016 -0.0684475704274078 0.312084818659027 0.0536043575078241
0.189442364887725 0.0134604677085758 0.224407886570905 0.273747245108948
0.19155447698123 0.15937703959875 -0.0257268092858836 0.303444370608348
0.0816881308892414 0.266250482288114 -0.157605560419456 0.0817628800099353
-0.0355736291192646 0.264184913089042 -0.0503275233267501 -0.250984239702131
-0.0675361499186804 0.112783087392591 -0.118150335395211 -0.379645390151576
-0.00299210795932192 0.159719465173354 0.0265366911071731 -0.345585948292351
0.0799945918850497 0.11813116141499 0.0511629662829846 -0.333944182170151
0.0913141693638592 0.0287317641547521 0.0485319028503187 -0.30388669771119
0.0796498879779742 -0.00435872399262698 -0.0141931469245596 -0.302044112202699
0.0613159293855459 -0.0263256031523023 -0.074070808022664 -0.260943592172828
0.0513398510695025 -0.0455685952546413 -0.065137570256142 -0.218279705082624
0.0759067269564217 -0.0478284887737256 0.0417214928264741 -0.187787499829045
0.0758356679295172 -0.0358748312732385 0.153968405094099 -0.159085661467313
0.0766712841823102 -0.0290926077695823 0.281115908607309 -0.0682579686902351
0.095591030438637 -0.0111950867434995 0.326405522773899 0.0748135784483754
0.114760490651337 0.0311155780557106 0.217627471354906 0.27001945078913
0.108670095643513 0.142738242403367 -0.0146406437794453 0.263173976201534
-0.00363425803862543 0.201900914256542 -0.10946079475911 0.0421996885866498
-0.0980898228781711 0.146917438640819 0.00562131345485152 -0.292219976686255
0.106559942485035 -0.0118469081884701 0.000283421238352274 0.318578417573715
0.0272400311278238 -0.0926126706330999 0.162378936770794 0.016682089093202
-0.0435774636731376 -0.0676683821672501 0.0431797483287053 -0.242115207768382
-0.0291716424805761 -0.00342352662744689 -0.195974891337784 -0.29789062745057
-0.00490815145953702 -0.0184456354745861 -0.336089916697157 -0.126215312731695
-0.0114654904246306 -0.0245912558484668 -0.303658922791529 0.0496888816338489
-0.0256220406910625 -0.0242806812597047 -0.213646282263228 0.167249168219964
-0.03841720878558 -0.0386741216863125 -0.078020476327883 0.224955246649215
-0.0366063622333843 -0.0431898340788505 0.0131786369142592 0.241406351530989
-0.0138777671047143 -0.0561373275808409 0.0588965569573174 0.269826636578777
0.027258668905294 -0.0528362067023064 0.0137159019027381 0.32184788892008
0.0393207802347437 -0.0164010253198907 -0.0736799227317341 0.349752833149791
0.0220204576953874 -0.0366457611113843 -0.104041849682342 0.336808663357449
0.0705357301207037 -0.0487462202531888 -0.0908697075711367 0.360728416585052
0.131327288061939 0.0294004551808517 0.0647216060632897 0.391150012882854
0.100502154362749 0.114112960438154 -0.0405809276265892 0.274517192503293
0.0505865986175253 0.012219970202669 0.139370072893218 -0.00526343863972734
0.000918293474192991 0.00807682246819704 0.0269613881586148 -0.261290120587347
0.0300535513302594 0.0311021487555319 -0.190458994927683 -0.305878523300665
0.0618625840410079 -0.0210645079220545 -0.320585157036554 -0.150416606953634
0.043629958320451 -0.059485385591533 -0.305351649596774 0.0222095286387107
0.0151078224143273 -0.0803735270629823 -0.224393907147931 0.140100145989346
-0.00533040339591243 -0.113764490458467 -0.0887649131242666 0.197440324025747
-0.0020592722531408 -0.124723579402133 0.0116266037640573 0.208421340118273
0.0313674697032393 -0.143462224505986 0.0824473088365532 0.233498234004387
0.108378369347122 -0.130840777052085 0.0679541057993957 0.296090570854483
0.162854966863237 -0.0416860463422017 -0.0213018666252795 0.364697534386852
0.151252622516197 0.0229398520844158 -0.09180863195408 0.35698616758432
0.15808170509702 0.0697212823718498 -0.10640800887801 0.325205857256677
0.171846362044929 0.17064705351936 0.0368013077877271 0.322605963319033
0.0802551765503335 0.228449973846279 -0.0648864926964221 0.18434859813314
0.0671672372891357 0.127748007849957 0.143592976206354 -0.0588023810133413
0.0583470556405818 0.0981380228695306 0.0282098078907342 -0.309392540201005
0.103681841353816 0.0630887426138117 -0.181676457025162 -0.327683346092488
0.130309191290959 -0.0264984897329069 -0.2976369348924 -0.172980246117312
0.0960496384517056 -0.0916363992454455 -0.288672629330651 -0.00961385022350777
0.0547819195913159 -0.127996025432573 -0.218386748064519 0.0959997141515351
0.0288767948150465 -0.171889912032044 -0.0865467027166428 0.142876423377907
0.0294674147933468 -0.18578629967086 0.0174429474684256 0.144839678533618
0.0618961021314398 -0.2093941437632 0.11433629980609 0.166336015779506
0.156655260029088 -0.1991691499348 0.135047279551378 0.239336479999842
0.246575084163617 -0.084732081432359 0.0568749116347566 0.362103867956468
0.261427438245433 0.0458584432842126 -0.0655861420809819 0.378877232418912
0.235962934663428 0.157797864112913 -0.130520405015831 0.292704669231009
0.193595842158703 0.280992389588434 -0.005263774992858 0.216435435220283
0.0534248145301086 0.311021077662578 -0.0785180998084333 0.0583413195133282
0.0826666279119765 0.23288390546282 0.149201353342672 -0.132911136839621
0.126637091807177 0.184112688663124 0.0351612414273454 -0.359684282236997
0.18482077299594 0.0831362453428815 -0.159611131303096 -0.347788288605256
0.193133414040181 -0.0407704834563511 -0.256299609761704 -0.19778620717773
0.136311037918484 -0.120312559015108 -0.253538140553758 -0.0523183728464688
0.0829583213457268 -0.161816702598375 -0.195238912609465 0.0359249206518447
0.0591832271881504 -0.205537700135905 -0.0732196053092901 0.0697181784761938
0.0587327256846768 -0.214598433863713 0.0299827736848924 0.0636230436666383
0.0828513529518608 -0.237969398931896 0.14365541747132 0.0851219728329
0.179004405373471 -0.231002923373426 0.195291158317127 0.166411823493028
0.284619170268496 -0.110612715069008 0.133921224958091 0.340572888955148
0.323880485287391 0.0582493641584605 -0.0382534986165164 0.387375346583714
0.274600652473356 0.219427841777923 -0.158952156979896 0.255247686118834
0.181742901049083 0.348574660325997 -0.0500077398597597 0.0903789743419481
0.0254010453491484 0.342974259943497 -0.0901038999476704 -0.0878211844858946
0.0879178312417188 0.300601266406432 0.134165766264205 -0.215600552262119
0.17686334943717 0.241722421234131 0.0372688904890107 -0.386910289505594
0.242061076263077 0.0894820661486732 -0.115129061930675 -0.348314901626523
0.231654748594669 -0.0535070888586748 -0.191662155062165 -0.224984433356553
0.156222158192835 -0.134869726953832 -0.202239943886574 -0.106825007476763
0.0970943782547584 -0.174316354797582 -0.161397136414165 -0.0356186657906687
0.0823004676524625 -0.207795845012696 -0.0497817016541081 -0.0126332049601895
0.0838428867619527 -0.208235146316702 0.0496305210938752 -0.0200491286524068
0.101932788889104 -0.222621702789257 0.17289458822568 0.0079474981389044
0.186126699417621 -0.20973100652718 0.242417928840245 0.098991929051296
0.283567423910073 -0.0938407043280144 0.189143092691197 0.309798215871897
0.326679976106742 0.0882823142833118 -0.0248888796607851 0.376157524601176
0.255012054153528 0.261445331643348 -0.181887718029561 0.206943622044037
0.13050830316204 0.369457354791645 -0.082092488424826 -0.0419736365980402
-0.0034376148314501 0.315369911070773 -0.102670392350047 -0.22624223105013
0.0752346721305547 0.308338496494935 0.0959917233571866 -0.288965755942948
0.186695917681265 0.248352485576946 0.0325989477230629 -0.38173728504495
0.246954692300997 0.0799662007181629 -0.0544471650861176 -0.327467493124943
0.225376461468693 -0.0553212343536215 -0.113330393096648 -0.252328473981184
0.149217270955186 -0.125657225352929 -0.144686073534074 -0.167121471769061
0.0937588911789241 -0.158240227998011 -0.12372660137462 -0.11028566712524
0.0936314778266934 -0.179565612860926 -0.0207333156672923 -0.0902252397393326
0.0997208409742771 -0.169614246648122 0.0787974658640562 -0.0914574407041592
0.114301470052156 -0.1699773330412 0.207123469228907 -0.0475031435179115
0.178931599756621 -0.145245473904768 0.278633532281123 0.0592741534150776
0.249622872758004 -0.0403565050066327 0.216845385609281 0.284555479324323
0.275125626315912 0.132388005623153 -0.0232514499523522 0.344486370365683
0.180069755373793 0.282171818424954 -0.183601080329179 0.143928491600765
0.0499918367518873 0.339828005047685 -0.0840742777581976 -0.16143414051407
-0.0335137890829387 0.231839193262114 -0.1129108072322 -0.329910195663075
0.044050394806951 0.255273748081741 0.0544225885200478 -0.334676602464812
0.151356899826886 0.201027873765076 0.0353372373547417 -0.355554066155165
0.190235970572316 0.0560548650735974 0.00807692926223096 -0.305543263475213
0.168756743680669 -0.0399205556167631 -0.0448333129427494 -0.278221865226317
0.114018581944602 -0.0873928643872376 -0.0969258066898433 -0.223635350029731
0.0765301446032196 -0.112944136208131 -0.0898169565022256 -0.175088875899828
0.0916596440508527 -0.123519937219639 0.0104334765216935 -0.152737312230503
0.0983631915899945 -0.108316912190188 0.11460954989813 -0.138204213969297
0.107734666663482 -0.0981309012558672 0.244016893467509 -0.0723289887066148
0.149046283955062 -0.0683278936533656 0.307348349639546 0.0535373137481876
0.187514930298245 0.0130170192969678 0.222990129097942 0.271730671034153
0.190194813293593 0.158830400414149 -0.022661908618066 0.301953413625831
0.0820407120416511 0.263959484312834 -0.155856300540386 0.0803193078189532
-0.034677655342637 0.262065705302986 -0.0520643382081942 -0.247940807345568
-0.067260230894601 0.110371218995617 -0.11480951303659 -0.379351266618289
-0.00318500487690058 0.157492785123744 0.0279763754396916 -0.343159711030363
0.0790985725187757 0.11773861088868 0.0514657950408028 -0.330181315526323
0.0890568683030447 0.0288362486113638 0.0505032801062008 -0.302214512472364
0.078285358218814 -0.00467364199953811 -0.0117933364929608 -0.300755782510818
0.0612526127815573 -0.0249262371662385 -0.0728849948505182 -0.259453239617407
0.0505694077804374 -0.0450516497273272 -0.0659795994094308 -0.216519009636954
0.0751399811434726 -0.0497842700451779 0.0393635622778948 -0.188286793980548
0.0758361538242288 -0.0370801943536086 0.151101392765507 -0.158112684662394
0.0752870499292854 -0.0282154696872283 0.276897019152292 -0.0682818653009914
0.094231702549737 -0.0112021713194107 0.321719948019168 0.0733740797127381
0.112781165815586 0.0311446464245097 0.215627663161703 0.267373943099374
0.108230483410575 0.142198832494822 -0.0128782419588993 0.262176315042922
-0.00437610764079864 0.200443655968036 -0.108011170678673 0.0404542161347569
-0.097133337529038 0.145809098138588 0.00390244053568245 -0.287782890241009
0.108134404495888 -0.0117304427078338 0.000234291431861481 0.325250224688826
0.0285854579750293 -0.0931568085168401 0.169003442163002 0.0165630764197634
-0.0433222567450704 -0.0690924989766655 0.0486234135003107 -0.248866809970074
-0.0288966209555208 -0.00405111491826385 -0.200193012015001 -0.308439100879945
-0.00533508224388589 -0.0196209841763019 -0.345314477523579 -0.132934438936567
-0.0127818041873098 -0.0255954084718053 -0.311729530310259 0.0469799057061565
-0.0257747747297519 -0.0260219415549897 -0.219127741410386 0.172546916019541
-0.0397798608967021 -0.0404510332230881 -0.0778284106535192 0.232335672125256
-0.0378008796841748 -0.0436200696432214 0.0130613576046426 0.251184919803919
-0.0141082002202326 -0.0578397458032214 0.0585813921333806 0.278614051949047
0.0275180907666395 -0.0548931075248363 0.0114578009971846 0.331916573734197
0.0419036770271751 -0.0169531647153999 -0.0790318167543806 0.360539735939668
0.0241781624376635 -0.0367278018127218 -0.110991207965768 0.346945529112501
0.0731355717684954 -0.0476275594147993 -0.0983309155952104 0.373676071431525
0.134621521629118 0.0315605198783238 0.0627942336521013 0.406878184480753
0.101225533604151 0.118026374073614 -0.0404954033580347 0.280618928375647
0.0510868691105304 0.0146007911961957 0.146884986291168 -0.00559440280792821
0.00152957516190802 0.0104789924279376 0.0321683050437288 -0.269099541767683
0.0314288296938774 0.0329119316021543 -0.193151417881321 -0.31708100051251
0.0630139949104209 -0.0217673952330807 -0.329006021207949 -0.157595439896161
0.0445828068019873 -0.0613444325370447 -0.312948028337252 0.0187227374509251
0.0171120108583086 -0.0840450272783734 -0.229872673903131 0.144144301882841
-0.00524800804000901 -0.118423360654505 -0.0883595700137583 0.205095452898406
-0.00197014518134786 -0.128294136185763 0.0111978371212662 0.216458504103696
0.0326231917219642 -0.148240809375406 0.0840139205147593 0.240725978971625
0.110943032325543 -0.13569452316563 0.0669537594227188 0.306504013401772
0.16888602856253 -0.0428084808603798 -0.0254751955637484 0.375334223976887
0.157401672144659 0.0252789002357423 -0.0976634449265704 0.366589115629972
0.163208724823588 0.0755862246030741 -0.113869108105566 0.336569439113438
0.176064267490234 0.177433089293222 0.0345982481796886 0.335120921657914
0.0790193245537259 0.235337889134869 -0.0649530851407154 0.188063514777913
0.067088621808724 0.133989913117846 0.152454461226889 -0.0598383031768119
0.0600891227265928 0.104142065716321 0.0334464772422798 -0.318110274593219
0.106680030001621 0.0667745800217603 -0.184112997700655 -0.339531256877891
0.134556222119749 -0.0269839276869012 -0.303953676391685 -0.181451289646634
0.0992089407273609 -0.0937383015703595 -0.29586211172486 -0.0136928663587928
0.0579385987225087 -0.133739879627424 -0.223398996616927 0.0982967233995571
0.0301110716496443 -0.179769290335622 -0.0866559207552167 0.149081332861758
0.0313198784587969 -0.19216998126842 0.0172913987392682 0.151712059722052
0.0632792171705897 -0.215899033510494 0.117153115740186 0.172777371552428
0.160417557353473 -0.206020587245043 0.136388137698243 0.249462942746422
0.255371510788909 -0.0866508872533162 0.0550562330100869 0.372556618056884
0.271169741587883 0.0496949325603148 -0.0689032203214334 0.388672483368868
0.2433748715953 0.165984696311848 -0.13740513362503 0.301042635931257
0.198005358161417 0.291577807679517 -0.00776546148538784 0.224600769400294
0.0505137543354533 0.320095894133306 -0.0770602871040197 0.0579228896058748
0.0814191222775106 0.242145266917068 0.159629918896129 -0.135234878084799
0.129358560320285 0.193411966243995 0.0413996896727746 -0.368733833168731
0.189940870845534 0.0884598057011283 -0.160155049790193 -0.359345815437971
0.19939132356099 -0.0414206119325775 -0.260885424061448 -0.207380983961484
0.141293210054187 -0.122504979688975 -0.259199834486124 -0.0563038027850289
0.0872621048075451 -0.16797000049995 -0.199477844557062 0.0364624662882885
0.06098700265109 -0.214052145184543 -0.0739109432609038 0.0731332615593686
0.0610050569764726 -0.222471326155983 0.0303239568274196 0.0672818213451179
0.0851524178290188 -0.245104113281821 0.148083376216987 0.0880774291247349
0.183066740718056 -0.238512859908654 0.19844532253587 0.173745202316466
0.293705987145943 -0.112958488333173 0.135515443208975 0.351436453145388
0.335943159964673 0.0626910764108623 -0.0401060886517049 0.397331264374549
0.283102241260011 0.22918915090117 -0.16567947855915 0.262815857669236
0.186372110782589 0.361259125160321 -0.0530625093130048 0.0936523540761525
0.0219062869377288 0.353692399508812 -0.0881289465336343 -0.0917335023745546
0.0871270420420578 0.311212307627036 0.14419249134896 -0.219561635266671
0.182024514078738 0.252384748730939 0.0415117303647055 -0.396240290436194
0.248478631454461 0.0946749382589415 -0.11359497763893 -0.359489613252612
0.239306978433314 -0.0546764883734601 -0.193250085618686 -0.235010234239588
0.162445080875774 -0.137884248692603 -0.205575602692793 -0.111401675686195
0.101087984731428 -0.18001063990693 -0.164514309355999 -0.036693363699636
0.0841698582058135 -0.216743952280901 -0.0514210575300976 -0.0119794027012985
0.0872701489346726 -0.216268094916686 0.0503056122140337 -0.0196331379171033
0.104705710658671 -0.228844396630779 0.177949330027211 0.00856368332244372
0.190310504406443 -0.215521468508546 0.247049352036468 0.105273138242027
0.292560883322363 -0.0952144726979262 0.191221204463947 0.319874402980911
0.337966995522228 0.0931553718599233 -0.0264326904415491 0.385787236739253
0.262110155350606 0.272040223390874 -0.188667882090397 0.211360496657892
0.132337494528217 0.382078134387377 -0.0862228050883519 -0.0425964134891886
-0.00730344011456491 0.324176642867476 -0.0999635923490105 -0.234420739670812
0.0742104325842476 0.318053312243876 0.104953693935934 -0.295844902720495
0.192241743575006 0.259207894412802 0.0383392415635199 -0.390784337176671
0.253173391604171 0.0846896837177493 -0.0512703419690297 -0.338442309629629
0.231627005735055 -0.0565771396699435 -0.112077144024856 -0.262564681329044
0.154787729780441 -0.128284814439087 -0.146418627896822 -0.172793449906566
0.0976120433212616 -0.163078237254717 -0.126288737078421 -0.113176273229914
0.096015141169711 -0.187227641106864 -0.022116063430228 -0.0930748158788543
0.103076744710179 -0.176272477921936 0.0803880696710496 -0.0933831605735954
0.11709082856651 -0.174463599274988 0.212288859057798 -0.0484438237850306
0.183252748877162 -0.149393247834349 0.284676936977636 0.0645217195482895
0.256701616443068 -0.0392877111235328 0.220696636372279 0.293995887110409
0.28296166921876 0.139221681430332 -0.0249692705979693 0.35394482020242
0.184060810310988 0.29300305493181 -0.189552566479723 0.145636987913017
0.04961146193594 0.350622003457428 -0.0871785157426983 -0.165442698063212
-0.0370539195569827 0.238383778330407 -0.111201852499737 -0.342267112970378
0.0428496150812259 0.262602262756025 0.060660473325663 -0.342653915574557
0.154941326479504 0.209895618470864 0.0403484588415716 -0.364214420521795
0.19567371610955 0.0597290337335867 0.0133975091107161 -0.315723872275684
0.173577823784722 -0.0402852194492672 -0.0413793441617922 -0.289005223128049
0.118126436925557 -0.0889808115143551 -0.0974217096578864 -0.230834339207764
0.080102994314497 -0.116058755512083 -0.0919787880062685 -0.180113960910081
0.0938607832483687 -0.129913527856145 0.00990772033339887 -0.157256861871615
0.101866128545608 -0.112571019513048 0.117450234004667 -0.142694969422856
0.110616668204813 -0.10019918760069 0.250503908429467 -0.0737927248386321
0.152152609444788 -0.0698958069426384 0.313911342861996 0.0585184407691577
0.191536882376618 0.0157771765607095 0.227172898658214 0.279565771873612
0.195516157509734 0.165146437411891 -0.0238194099309179 0.310202704817682
0.0815708845670223 0.27288951067963 -0.160478616242614 0.080078055644978
-0.0372326958988628 0.269589181149069 -0.0537344259743505 -0.253833920685451
-0.0705702006385372 0.112555215605371 -0.113044452928802 -0.394608813919433
-0.00443953190998616 0.160728221160089 0.0317977552176644 -0.352563033867264
0.0807816110678518 0.122594822500385 0.0565855607999948 -0.338539373187195
0.0911999370999788 0.030983670452232 0.0566769170971055 -0.313349200224953
0.0800418498261535 -0.00452872326494929 -0.00794886310241845 -0.311567327163359
0.0631959471466769 -0.0245646877737833 -0.072965242778193 -0.26741674927729
0.0528479046414347 -0.0457392506188716 -0.0671764237540176 -0.223587692417309
0.0768838166050375 -0.0535413218138001 0.0378345893709714 -0.194619899122927
0.0800090223497612 -0.0392698890826188 0.15349371990688 -0.161659239618212
0.0786789302278133 -0.0284638130542949 0.28340225422692 -0.0693168541574618
0.0961267169301717 -0.0110449358526192 0.328828317537541 0.0781201917082407
0.114592698488602 0.0342171481292499 0.219841586784812 0.276113586511198
0.110548190756108 0.14647246638174 -0.0146819190101145 0.270901720596607
-0.00646257600347672 0.205851903791842 -0.111105759821836 0.0400821691930659
-0.100213874963604 0.149752343864382 0.00379927865386872 -0.29521245637978
